INFO - a1 f7 08 40 57 00 00 02
INFO - a1 f7 48 40 57 00 00 02
INFO - a1 f7 88 40 57 00 00 02
INFO - a1 f7 c8 40 57 00 00 02
INFO - a1 f7 08 40 57 00 00 02
INFO - a2 f1 08 40 57 00 00 02
INFO - a2 f1 48 40 57 00 00 02
INFO - a2 f1 88 40 57 00 00 02
INFO - a2 f1 c8 40 57 00 00 02
INFO - a3 be 88 40 57 00 00 02
INFO - a3 be c8 40 57 00 00 02
INFO - a3 be 08 40 57 00 00 02
INFO - a3 be 48 40 57 00 00 02
INFO - a9 4e c8 40 57 00 00 02
INFO - a9 4e 08 40 57 00 00 02
INFO - a9 4e 48 40 57 00 00 02
INFO - a9 4e 88 40 57 00 00 02
INFO - 8f ac 48 08 40 29 1e 40
INFO - 8f ac 88 20 40 28 0e 05
INFO - 8f ac c8 40 40 20 00 80
INFO - 8f ae c8 08 40 29 02 35
INFO - 8f ae 08 20 40 28 16 05
INFO - 8f ae 48 40 40 22 00 01
INFO - 8f b0 48 08 40 28 d6 2c
INFO - 8f b0 88 20 40 28 16 07
INFO - 8f b0 c8 40 40 20 04 fc
INFO - 8f b2 c8 08 40 28 b2 26
INFO - 8f b2 08 20 40 28 1e 07
INFO - 8f b2 48 40 40 23 f0 00
INFO - 8f b4 48 08 40 28 9a 20
INFO - 8f b4 88 20 40 28 1e 09
INFO - 8f b4 c8 40 40 20 00 00
INFO - 8f b6 c8 08 40 28 82 1c
INFO - 8f b6 08 20 40 28 26 09
INFO - 8f b6 48 40 40 20 00 00
INFO - 8f b8 48 08 40 28 72 19
INFO - 8f b8 88 20 40 28 26 0b
INFO - 8f b8 c8 40 40 20 00 00
INFO - 8f ba c8 08 40 28 66 16
INFO - 8f ba 08 20 40 28 2e 0b
INFO - 8f ba 48 40 40 20 00 01
INFO - 8f bc 48 08 40 28 5a 14
INFO - 8f bc 88 20 40 28 2e 0b
INFO - 8f bc c8 40 40 20 04 fc
INFO - 8f be c8 08 40 28 52 12
INFO - 8f be 08 20 40 28 2e 0b
INFO - 8f be 48 40 40 23 f0 00
INFO - 8f c0 48 08 40 28 4a 11
INFO - 8f c0 88 20 40 28 2e 0d
INFO - 8f c0 c8 40 40 20 00 00
INFO - 8f c2 c8 08 40 28 46 10
INFO - 8f c2 08 20 40 28 36 0d
INFO - 8f c2 48 40 40 20 00 00
INFO - 8f c4 48 08 40 28 42 0f
INFO - 8f c4 88 20 40 28 36 0d
INFO - 8f c4 c8 40 40 20 00 00
INFO - 8f c6 c8 08 40 28 3e 0e
INFO - 8f c6 08 20 40 28 36 0d
INFO - 8f c6 48 40 40 20 00 00
INFO - 8f c8 48 08 40 28 3a 0d
INFO - 8f c8 88 20 40 28 36 0d
INFO - 8f c8 c8 40 40 20 00 00
INFO - 8f ca c8 08 40 28 36 0c
INFO - 8f ca 08 20 40 28 36 0d
INFO - 8f ca 48 40 40 20 00 fe
INFO - 8f cc 48 08 40 28 32 0c
INFO - 8f cc 88 20 40 28 36 0d
INFO - 8f cc c8 40 40 23 f8 00
INFO - 8f ce c8 08 40 28 32 0b
INFO - 8f ce 08 20 40 28 36 0d
INFO - 8f ce 48 40 40 20 00 00
INFO - 8f d0 48 08 40 28 2e 0b
INFO - 8f d0 88 20 40 28 36 0f
INFO - 8f d0 c8 40 40 20 00 00
INFO - 8f d2 c8 08 40 28 2e 0b
INFO - 8f d2 08 20 40 28 3e 0f
INFO - 8f d2 48 40 40 20 00 00
INFO - 8f d4 48 08 40 28 2e 0b
INFO - 8f d4 88 20 40 28 3e 0f
INFO - 8f d4 c8 40 40 20 00 00
INFO - 8f d6 c8 08 40 28 2e 0b
INFO - 8f d6 08 20 40 28 3e 0f
INFO - 8f d6 48 40 40 20 00 00
INFO - 8f d8 48 08 40 28 2e 0b
INFO - 8f d8 88 20 40 28 3e 0f
INFO - 8f d8 c8 40 40 20 00 00
INFO - 8f da c8 08 40 28 2e 0b
INFO - 8f da 08 20 40 28 3e 0f
INFO - 8f da 48 40 40 20 00 00
INFO - 8f dc 48 08 40 28 2e 0b
INFO - 8f dc 88 20 40 28 3e 0f
INFO - 8f dc c8 40 40 20 00 fc
INFO - 8f de c8 08 40 28 2e 0b
INFO - 8f de 08 20 40 28 3e 0f
INFO - 8f de 48 40 40 23 f0 01
INFO - 8f e0 48 08 40 28 2e 0b
INFO - 8f e0 88 20 40 28 3e 0f
INFO - 8f e0 c8 40 40 20 04 00
INFO - 8f e2 c8 08 40 28 2e 0c
INFO - 8f e2 08 20 40 28 3e 0f
INFO - 8f e2 48 40 40 20 00 00
INFO - 8f e4 48 08 40 28 32 0c
INFO - 8f e4 88 20 40 28 3e 0d
INFO - 8f e4 c8 40 40 20 00 00
INFO - 8f e6 c8 08 40 28 32 0d
INFO - 8f e6 08 20 40 28 36 0d
INFO - 8f e6 48 40 40 20 00 00
INFO - 8f e8 48 08 40 28 36 0e
INFO - 8f e8 88 20 40 28 36 0d
INFO - 8f e8 c8 40 40 20 00 00
INFO - 8f ea c8 08 40 28 3a 0e
INFO - 8f ea 08 20 40 28 36 0d
INFO - 8f ea 48 40 40 20 00 00
INFO - 8f ec 48 08 40 28 3a 0f
INFO - 8f ec 88 20 40 28 36 0d
INFO - 8f ec c8 40 40 20 00 fc
INFO - 8f ee c8 08 40 28 3e 10
INFO - 8f ee 08 20 40 28 36 0d
INFO - 8f ee 48 40 40 23 f0 01
INFO - 8f f0 48 08 40 28 42 11
INFO - 8f f0 88 20 40 28 36 0d
INFO - 8f f0 c8 40 40 20 04 00
INFO - 8f f2 c8 08 40 28 46 13
INFO - 8f f2 08 20 40 28 36 0d
INFO - 8f f2 48 40 40 20 00 00
INFO - 8f f4 48 08 40 28 4e 15
INFO - 8f f4 88 20 40 28 36 0b
INFO - 8f f4 c8 40 40 20 00 00
INFO - 8f f6 c8 08 40 28 56 17
INFO - 8f f6 08 20 40 28 2e 0b
INFO - 8f f6 48 40 40 20 00 fc
INFO - 8f f8 48 08 40 28 5e 1a
INFO - 8f f8 88 20 40 28 2e 0b
INFO - 8f f8 c8 40 40 23 f0 01
INFO - 8f fa c8 08 40 28 6a 1d
INFO - 8f fa 08 20 40 28 2e 0b
INFO - 8f fa 48 40 40 20 04 00
INFO - 8f fc 48 08 40 28 76 20
INFO - 8f fc 88 20 40 28 2e 09
INFO - 8f fc c8 40 40 20 00 fc
INFO - 8f fe c8 08 40 28 82 25
INFO - 8f fe 08 20 40 28 26 09
INFO - 8f fe 48 40 40 23 f0 01
INFO - 90 00 48 08 40 28 96 2a
INFO - 90 00 88 20 40 28 26 09
INFO - 90 00 c8 40 40 20 04 00
INFO - 90 02 c8 08 40 28 aa 31
INFO - 90 02 08 20 40 28 26 07
INFO - 90 02 48 40 40 20 00 00
INFO - 90 04 48 08 40 28 c6 35
INFO - 90 04 88 20 40 28 1e 07
INFO - 90 04 c8 40 40 20 00 fc
INFO - 90 06 c8 08 40 28 d6 3f
INFO - 90 06 08 20 40 28 1e 05
INFO - 90 06 48 40 40 23 f0 01
INFO - 90 08 48 08 40 28 fe 45
INFO - 90 08 88 20 40 28 16 05
INFO - 90 08 c8 40 40 20 04 fc
INFO - 90 0a c8 08 40 29 16 4e
INFO - 90 0a 08 20 40 28 16 03
INFO - 90 0a 48 40 40 23 f0 01
INFO - 90 0c 48 08 40 29 3a 59
INFO - 90 0c 88 20 40 28 0e 01
INFO - 90 0c c8 40 40 20 04 00
INFO - b0 0d 08 40 57 00 00 02
INFO - b0 0d 48 40 57 00 00 02
INFO - b0 0d 88 40 57 00 00 02
INFO - b0 0d c8 40 57 00 00 02
INFO - 90 0e c8 08 40 29 66 69
INFO - 90 0e 08 20 40 28 05 ff
INFO - 90 0e 48 40 40 20 00 fc
INFO - 90 10 48 08 40 29 a6 73
INFO - 90 10 88 20 40 27 fd ff
INFO - 90 10 c8 40 40 23 f0 01
INFO - 90 12 c8 08 40 09 ce 73
INFO - 90 12 08 20 40 07 fd ff
INFO - 90 12 48 40 40 00 04 bd
