INFO - 40 00 48 00 f9 41 00 24
INFO - 41 0b 88 00 f9 41 00 24
INFO - 41 8d c8 00 f9 41 00 24
INFO - 42 27 08 00 f9 51 00 20
INFO - 42 39 48 00 f9 51 00 20
INFO - 42 4a 88 00 f9 41 00 23
INFO - 42 cb c8 00 f9 41 00 23
INFO - 43 62 08 00 f9 51 00 20
INFO - 43 b9 48 00 f9 41 00 24
INFO - 44 6e 88 00 f9 51 00 20
INFO - 44 7e c8 00 f9 51 00 20
INFO - 44 8c 08 00 f9 41 00 23
INFO - 45 05 48 00 f9 41 00 23
INFO - 45 75 88 00 f9 41 00 23
INFO - 47 5f c8 00 f9 41 00 23
INFO - 47 c0 08 00 f9 41 00 23
INFO - 48 24 48 00 f9 51 00 20
INFO - 48 34 88 00 f9 51 00 20
INFO - 48 46 c8 00 f9 41 00 24
INFO - 48 a9 08 00 f9 51 00 20
INFO - 48 f4 48 00 f9 41 00 23
INFO - 49 5d 88 00 f9 41 00 23
INFO - 4b 51 c8 00 f9 41 00 23
INFO - 4d 46 08 00 f9 41 00 23
INFO - 4f 3a 48 00 f9 41 00 23
INFO - 50 35 88 00 f9 51 00 20
INFO - 50 78 c8 00 fb 59 00 00
INFO - 50 a7 08 00 fb 49 00 03
