INFO - 20 00 0a 3c 00 0a 40 00
INFO - 20 06 4a 3c 00 0b 3b 00
INFO - 20 15 8a 3c 00 0a 97 00
INFO - 20 15 ca 3c 00 0a 97 00
INFO - 20 15 0a 3c 00 0a 97 00
INFO - 20 1e 4a 3c 00 0a e3 00
INFO - 20 1e 8a 3c 00 0a e3 00
INFO - 20 22 ca 3c 00 0a 9a 00
INFO - 20 24 0a 3c 00 0a 97 00
INFO - 20 24 4a 3c 00 0a 97 00
INFO - 20 25 8a 3c 00 0a 6b 00
INFO - 20 2a ca 3c 00 0b 1f 00
INFO - 20 2c 0a 3c 00 0a b4 00
INFO - 20 2e 4a 3c 00 0a 7d 00
INFO - 20 30 8a 3c 00 0a cb 00
INFO - 20 30 ca 3c 00 0a cb 00
INFO - 20 34 0a 3c 00 0a 9f 00
INFO - 20 36 4a 3c 00 0a a8 00
INFO - 20 37 8a 3c 00 0a 77 00
INFO - 20 3a ca 3c 00 0a c9 00
INFO - 20 3a 0a 3c 00 0a c9 00
INFO - 20 3e 4a 3c 00 0a 9f 00
INFO - 20 40 8a 3c 00 0a 9e 00
INFO - 20 40 ca 3c 00 0a 9e 00
INFO - 20 46 0a 3c 00 0a cd 00
INFO - 20 46 4a 3c 00 0a cd 00
INFO - 20 46 8a 3c 00 0a cd 00
INFO - 20 46 ca 3c 00 0a cd 00
INFO - 20 4f 0a 3c 00 0a b1 00
INFO - 20 4f 4a 3c 00 0a b1 00
INFO - 20 53 8a 3c 00 0a b9 00
INFO - 20 55 ca 3c 00 0a 8a 00
INFO - 20 57 0a 3c 00 0a bb 00
INFO - 20 5a 4a 3c 00 0a ac 00
INFO - 20 5b 8a 3c 00 0a 9c 00
INFO - 20 5e ca 3c 00 0a ac 00
INFO - 20 5f 0a 3c 00 0a 94 00
INFO - 20 61 4a 3c 00 0a 9d 00
INFO - 20 63 8a 3c 00 0a 96 00
INFO - 20 65 ca 3c 00 0a 94 00
INFO - 20 66 0a 3c 00 0a 9f 00
INFO - 20 68 4a 3c 00 0a 92 00
INFO - 20 69 8a 3c 00 0a 81 00
INFO - 20 6c ca 3c 00 0a b4 00
INFO - 20 6e 0a 3c 00 0a 9d 00
INFO - 20 71 4a 3c 00 0a d6 00
INFO - 20 73 8a 3c 00 0a 9c 00
INFO - 20 75 ca 3c 00 0a b6 00
INFO - 20 77 0a 3c 00 0a bd 00
INFO - 20 7d 4a 3c 00 0b 5d 00
INFO - 20 7f 8a 3c 00 0a ac 00
INFO - 20 81 ca 3c 00 0a aa 00
INFO - 20 83 0a 3c 00 0a 9d 00
INFO - 20 85 4a 3c 00 0a 97 00
INFO - 20 88 8a 3c 00 0a bc 00
INFO - 20 8a ca 3c 00 0a b7 00
INFO - 20 8c 0a 3c 00 0a 9f 00
INFO - 20 8e 4a 3c 00 0a a9 00
INFO - 20 90 8a 3c 00 0a 97 00
INFO - 20 92 ca 3c 00 0a ab 00
INFO - 20 94 0a 3c 00 0a a8 00
INFO - 20 96 4a 3c 00 0a 6c 00
INFO - 20 98 8a 3c 00 0a c0 00
INFO - 20 9b ca 3c 00 0a d6 00
INFO - 20 9e 0a 3c 00 0a aa 00
INFO - 20 9f 4a 3c 00 0a 8d 00
INFO - 20 a1 8a 3c 00 0a a2 00
INFO - 20 a3 ca 3c 00 0a aa 00
INFO - 20 a6 0a 3c 00 0a cf 00
INFO - 20 a8 4a 3c 00 0a b7 00
INFO - 20 ab 8a 3c 00 0a b8 00
INFO - 20 ad ca 3c 00 0a b6 00
INFO - 20 b1 0a 3c 00 0a f2 00
INFO - 20 b4 4a 3c 00 0a e2 00
INFO - 20 b7 8a 3c 00 0a d1 00
INFO - 20 ba ca 3c 00 0a c2 00
INFO - 20 bc 0a 3c 00 0a b1 00
INFO - 20 be 4a 3c 00 0a a2 00
INFO - 20 c0 8a 3c 00 0a 99 00
INFO - 20 c3 ca 3c 00 0a b0 00
INFO - 20 c6 0a 3c 00 0a de 00
INFO - 20 c8 4a 3c 00 0a 9a 00
INFO - 20 cb 8a 3c 00 0a ae 00
INFO - 20 cc ca 3c 00 0a 86 00
INFO - 20 ce 0a 3c 00 0a b9 00
INFO - 20 d0 4a 3c 00 0a 9d 00
INFO - 20 d2 8a 3c 00 0a 9b 00
INFO - 20 d5 ca 3c 00 0a bb 00
INFO - 20 d6 0a 3c 00 0a 92 00
INFO - 20 d8 4a 3c 00 0a a7 00
INFO - 20 da 8a 3c 00 0a 9a 00
INFO - 20 dc ca 3c 00 0a b5 00
INFO - 20 df 0a 3c 00 0a bf 00
INFO - 20 e3 4a 3c 00 0a 97 00
INFO - 20 e5 8a 3c 00 0a c0 00
INFO - 20 e7 ca 3c 00 0a a7 00
INFO - 20 e9 0a 3c 00 0a a0 00
INFO - 20 ec 4a 3c 00 0a cc 00
INFO - 20 ee 8a 3c 00 0a 9c 00
INFO - 20 f0 ca 3c 00 0a c3 00
INFO - 20 f3 0a 3c 00 0a ab 00
INFO - 20 f6 4a 3c 00 0a e6 00
INFO - 20 f8 8a 3c 00 0a b7 00
INFO - 20 fa ca 3c 00 0a ab 00
INFO - 20 fe 0a 3c 00 0a dc 00
INFO - 21 00 4a 3c 00 0a ac 00
INFO - 21 02 8a 3c 00 0a b8 00
INFO - 21 04 ca 3c 00 0a ad 00
INFO - 21 07 0a 3c 00 0a ad 00
INFO - 21 08 4a 3c 00 0a 96 00
INFO - 21 0c 8a 3c 00 0a ea 00
INFO - 21 0f ca 3c 00 0a f7 00
INFO - 21 12 0a 3c 00 0a d4 00
INFO - 21 16 4a 3c 00 0b 03 00
INFO - 21 19 8a 3c 00 0a b2 00
INFO - 21 1b ca 3c 00 0a c6 00
INFO - 21 1e 0a 3c 00 0a cb 00
INFO - 21 20 4a 3c 00 0a a2 00
INFO - 21 23 8a 3c 00 0a d8 00
INFO - 21 25 ca 3c 00 0a af 00
INFO - 21 28 0a 3c 00 0a c0 00
INFO - 21 2a 4a 3c 00 0a af 00
INFO - 21 2d 8a 3c 00 0a b3 00
INFO - 21 30 ca 3c 00 0a ee 00
INFO - 21 32 0a 3c 00 0a b3 00
INFO - 21 34 4a 3c 00 0a a3 00
INFO - 21 37 8a 3c 00 0a c0 00
INFO - 21 3a ca 3c 00 0a c8 00
INFO - 21 3c 0a 3c 00 0a 83 00
INFO - 21 3f 4a 3c 00 0a d7 00
INFO - 21 41 8a 3c 00 0a a4 00
INFO - 21 43 ca 3c 00 0a a7 00
INFO - 21 45 0a 3c 00 0a bf 00
INFO - 21 48 4a 3c 00 0a a6 00
INFO - 21 4a 8a 3c 00 0a ca 00
INFO - 21 4d ca 3c 00 0a c2 00
INFO - 21 50 0a 3c 00 0a c0 00
INFO - 21 53 4a 3c 00 0a da 00
INFO - 21 54 8a 3c 00 0a 8b 00
INFO - 21 57 ca 3c 00 0a c2 00
INFO - 21 5a 0a 3c 00 0a e5 00
INFO - 21 5c 4a 3c 00 0a a9 00
INFO - 21 60 8a 3c 00 0a e5 00
INFO - 21 62 ca 3c 00 0a a9 00
INFO - 21 65 0a 3c 00 0a f2 00
INFO - 21 67 4a 3c 00 0a a9 00
INFO - 21 6b 8a 3c 00 0a e6 00
INFO - 21 6d ca 3c 00 0a c2 00
INFO - 21 70 0a 3c 00 0a cc 00
INFO - 21 73 4a 3c 00 0a ce 00
INFO - 21 76 8a 3c 00 0a c0 00
INFO - 21 78 ca 3c 00 0a cd 00
INFO - 21 7b 0a 3c 00 0a bf 00
INFO - 21 7d 4a 3c 00 0a b4 00
INFO - 21 80 8a 3c 00 0a cb 00
INFO - 21 82 ca 3c 00 0a b5 00
INFO - 21 85 0a 3c 00 0a a5 00
INFO - 21 86 4a 3c 00 0a 9b 00
INFO - 21 89 8a 3c 00 0a c0 00
INFO - 21 8b ca 3c 00 0a b2 00
INFO - 21 8e 0a 3c 00 0a b3 00
INFO - 21 90 4a 3c 00 0a a7 00
INFO - 21 92 8a 3c 00 0a c1 00
INFO - 21 95 ca 3c 00 0a be 00
INFO - 21 97 0a 3c 00 0a b5 00
INFO - 21 99 4a 3c 00 0a 6d 00
INFO - 21 9c 8a 3c 00 0a c0 00
INFO - 21 9e ca 3c 00 0a c0 00
INFO - 21 a1 0a 3c 00 0a cc 00
INFO - 21 a4 4a 3c 00 0a ce 00
INFO - 21 a7 8a 3c 00 0a dc 00
INFO - 21 aa ca 3c 00 0a c0 00
INFO - 21 ae 0a 3c 00 0b 2a 00
INFO - 21 b3 4a 3c 00 0b 28 00
INFO - 21 b5 8a 3c 00 0a c0 00
INFO - 21 b8 ca 3c 00 0a c3 00
INFO - 21 ba 0a 3c 00 0a b3 00
INFO - 21 bd 4a 3c 00 0a b7 00
INFO - 21 c2 8a 3c 00 0b 36 00
INFO - 21 c5 ca 3c 00 0a da 00
INFO - 21 c7 0a 3c 00 0a a9 00
INFO - 21 c9 4a 3c 00 0a b6 00
INFO - 21 cb 8a 3c 00 0a a8 00
INFO - 21 cd ca 3c 00 0a 9b 00
INFO - 21 d1 0a 3c 00 0a e9 00
INFO - 21 d3 4a 3c 00 0a a7 00
INFO - 21 d6 8a 3c 00 0a cf 00
INFO - 21 d9 ca 3c 00 0a d9 00
INFO - 21 dc 0a 3c 00 0a d0 00
INFO - 21 de 4a 3c 00 0a a6 00
INFO - 21 e1 8a 3c 00 0a d0 00
INFO - 21 e2 ca 3c 00 0a 9b 00
INFO - 21 e6 0a 3c 00 0b 01 00
INFO - 21 e9 4a 3c 00 0a cc 00
INFO - 21 ec 8a 3c 00 0a b6 00
INFO - 21 ee ca 3c 00 0a bf 00
INFO - 21 f1 0a 3c 00 0a b5 00
INFO - 21 f3 4a 3c 00 0a cc 00
INFO - 21 f6 8a 3c 00 0a c3 00
INFO - 21 fa ca 3c 00 0b 01 00
INFO - 21 fd 0a 3c 00 0a cb 00
INFO - 22 00 4a 3c 00 0a cf 00
INFO - 22 02 8a 3c 00 0a b2 00
INFO - 22 04 ca 3c 00 0a b5 00
INFO - 22 06 0a 3c 00 0a 73 00
INFO - 22 09 4a 3c 00 0a bd 00
INFO - 22 0b 8a 3c 00 0a 9c 00
INFO - 22 0e ca 3c 00 0a e6 00
INFO - 22 10 0a 3c 00 0a 99 00
INFO - 22 13 4a 3c 00 0a d7 00
INFO - 22 15 8a 3c 00 0a a8 00
INFO - 22 19 ca 3c 00 0b 1a 00
INFO - 22 1c 0a 3c 00 0a b1 00
INFO - 22 20 4a 3c 00 0b 0f 00
INFO - 22 22 8a 3c 00 0a bf 00
INFO - 22 25 ca 3c 00 0a a8 00
INFO - 22 27 0a 3c 00 0a cc 00
INFO - 22 29 4a 3c 00 0a a9 00
INFO - 22 2b 8a 3c 00 0a a6 00
INFO - 22 2f ca 3c 00 0a ea 00
INFO - 22 32 0a 3c 00 0a e8 00
INFO - 22 35 4a 3c 00 0a b2 00
INFO - 22 37 8a 3c 00 0a c4 00
INFO - 22 3a ca 3c 00 0a cc 00
INFO - 22 3d 0a 3c 00 0a c4 00
INFO - 22 40 4a 3c 00 0a cc 00
INFO - 22 43 8a 3c 00 0a eb 00
INFO - 22 45 ca 3c 00 0a b2 00
INFO - 22 48 0a 3c 00 0a c1 00
INFO - 22 4b 4a 3c 00 0a bf 00
INFO - 22 4e 8a 3c 00 0a cf 00
INFO - 22 50 ca 3c 00 0a c5 00
INFO - 22 53 0a 3c 00 0a cf 00
INFO - 22 57 4a 3c 00 0a ea 00
INFO - 22 59 8a 3c 00 0a 9b 00
INFO - 22 5b ca 3c 00 0a cd 00
INFO - 22 5f 0a 3c 00 0a dd 00
INFO - 22 63 4a 3c 00 0b 04 00
INFO - 22 66 8a 3c 00 0a d3 00
INFO - 22 67 ca 3c 00 0a 9b 00
INFO - 22 6a 0a 3c 00 0a cf 00
INFO - 22 6d 4a 3c 00 0a dc 00
INFO - 22 6f 8a 3c 00 0a 99 00
INFO - 22 73 ca 3c 00 0a e9 00
INFO - 22 75 0a 3c 00 0a 76 00
INFO - 22 78 4a 3c 00 0a e8 00
INFO - 22 7b 8a 3c 00 0a de 00
INFO - 22 7e ca 3c 00 0a c2 00
INFO - 22 82 0a 3c 00 0a f6 00
INFO - 22 84 4a 3c 00 0a c0 00
INFO - 22 87 8a 3c 00 0a d1 00
INFO - 22 8a ca 3c 00 0a b5 00
INFO - 22 8c 0a 3c 00 0a c2 00
INFO - 22 8e 4a 3c 00 0a a6 00
INFO - 22 91 8a 3c 00 0a b7 00
INFO - 22 93 ca 3c 00 0a c2 00
INFO - 22 96 0a 3c 00 0a c2 00
INFO - 22 98 4a 3c 00 0a a8 00
INFO - 22 9c 8a 3c 00 0a f3 00
INFO - 22 9d ca 3c 00 0a 9b 00
INFO - 22 a0 0a 3c 00 0a b5 00
INFO - 22 a2 4a 3c 00 0a ab 00
INFO - 22 a4 8a 3c 00 0a b5 00
INFO - 22 a7 ca 3c 00 0a cf 00
INFO - 22 a9 0a 3c 00 0a a6 00
INFO - 22 ad 4a 3c 00 0a ec 00
INFO - 22 af 8a 3c 00 0a a7 00
INFO - 22 b2 ca 3c 00 0a df 00
INFO - 22 b5 0a 3c 00 0a dd 00
INFO - 22 b8 4a 3c 00 0a dd 00
INFO - 22 bb 8a 3c 00 0a b6 00
INFO - 22 be ca 3c 00 0a d0 00
INFO - 22 c1 0a 3c 00 0a dd 00
INFO - 22 c3 4a 3c 00 0a a7 00
INFO - 22 c6 8a 3c 00 0a df 00
INFO - 22 c8 ca 3c 00 0a 73 00
INFO - 22 cb 0a 3c 00 0a df 00
INFO - 22 cf 4a 3c 00 0a da 00
INFO - 22 d1 8a 3c 00 0a aa 00
INFO - 22 d3 ca 3c 00 0a c2 00
INFO - 22 d6 0a 3c 00 0a cf 00
INFO - 22 d8 4a 3c 00 0a 9b 00
INFO - 22 db 8a 3c 00 0a d9 00
INFO - 22 dd ca 3c 00 0a 9d 00
INFO - 22 e0 0a 3c 00 0a cd 00
INFO - 22 e3 4a 3c 00 0a dc 00
INFO - 22 e5 8a 3c 00 0a 9b 00
INFO - 22 e7 ca 3c 00 0a be 00
INFO - 22 eb 0a 3c 00 0a f7 00
INFO - 22 ee 4a 3c 00 0a c0 00
INFO - 22 f0 8a 3c 00 0a c0 00
INFO - 22 f3 ca 3c 00 0a b1 00
INFO - 22 f5 0a 3c 00 0a b5 00
INFO - 22 f8 4a 3c 00 0a d9 00
INFO - 22 fb 8a 3c 00 0a cd 00
INFO - 22 fd ca 3c 00 0a bd 00
INFO - 23 02 0a 3c 00 0b 32 00
INFO - 23 05 4a 3c 00 0a b3 00
INFO - 23 07 8a 3c 00 0a b6 00
INFO - 23 09 ca 3c 00 0a bf 00
INFO - 23 0c 0a 3c 00 0a be 00
INFO - 23 0f 4a 3c 00 0a db 00
INFO - 23 11 8a 3c 00 0a a5 00
INFO - 23 14 ca 3c 00 0a dc 00
INFO - 23 16 0a 3c 00 0a 97 00
INFO - 23 18 4a 3c 00 0a 7b 00
INFO - 23 1e 8a 3c 00 0b 41 00
INFO - 23 1f ca 3c 00 0a 99 00
INFO - 23 22 0a 3c 00 0a cd 00
INFO - 23 24 4a 3c 00 0a 9b 00
INFO - 23 27 8a 3c 00 0a be 00
INFO - 23 2a ca 3c 00 0a df 00
INFO - 23 2c 0a 3c 00 0a b1 00
INFO - 23 2f 4a 3c 00 0a d1 00
INFO - 23 33 8a 3c 00 0a f5 00
INFO - 23 34 ca 3c 00 0a 8e 00
INFO - 23 37 0a 3c 00 0a d7 00
INFO - 23 3a 4a 3c 00 0a ba 00
INFO - 23 3d 8a 3c 00 0a d4 00
INFO - 23 40 ca 3c 00 0a b9 00
INFO - 23 42 0a 3c 00 0a c3 00
INFO - 23 45 4a 3c 00 0a b6 00
INFO - 23 48 8a 3c 00 0a d8 00
INFO - 23 4a ca 3c 00 0a ac 00
INFO - 23 4d 0a 3c 00 0a e0 00
INFO - 23 50 4a 3c 00 0a cc 00
INFO - 23 53 8a 3c 00 0a ba 00
INFO - 23 55 ca 3c 00 0a a4 00
INFO - 23 58 0a 3c 00 0a d5 00
INFO - 23 59 4a 3c 00 0a 9d 00
INFO - 23 5c 8a 3c 00 0a b0 00
INFO - 23 5f ca 3c 00 0a d1 00
INFO - 23 61 0a 3c 00 0a b0 00
INFO - 23 65 4a 3c 00 0a ff 00
INFO - 23 67 8a 3c 00 0a b0 00
INFO - 23 6a ca 3c 00 0a de 00
INFO - 23 6d 0a 3c 00 0a d1 00
INFO - 23 6f 4a 3c 00 0a 97 00
INFO - 23 72 8a 3c 00 0a e2 00
INFO - 23 76 ca 3c 00 0a ef 00
INFO - 23 78 0a 3c 00 0a aa 00
INFO - 23 7b 4a 3c 00 0a d2 00
INFO - 23 7d 8a 3c 00 0a cd 00
INFO - 23 81 ca 3c 00 0a e5 00
INFO - 23 84 0a 3c 00 0a ed 00
INFO - 23 87 4a 3c 00 0a cd 00
INFO - 23 8a 8a 3c 00 0a be 00
INFO - 23 8c ca 3c 00 0a c8 00
INFO - 23 8f 0a 3c 00 0a b3 00
INFO - 23 91 4a 3c 00 0a 9d 00
INFO - 23 94 8a 3c 00 0a da 00
INFO - 23 97 ca 3c 00 0a e1 00
INFO - 23 9a 0a 3c 00 0a be 00
INFO - 23 9c 4a 3c 00 0a c0 00
INFO - 23 9f 8a 3c 00 0a bf 00
INFO - 23 a1 ca 3c 00 0a 75 00
INFO - 23 a3 0a 3c 00 0a a5 00
INFO - 23 a5 4a 3c 00 0a b1 00
INFO - 23 a7 8a 3c 00 0a b3 00
INFO - 23 aa ca 3c 00 0a be 00
INFO - 23 ac 0a 3c 00 0a 9e 00
INFO - 23 b0 4a 3c 00 0b 09 00
INFO - 23 b4 8a 3c 00 0b 0a 00
INFO - 23 b8 ca 3c 00 0a f3 00
INFO - 23 bb 0a 3c 00 0a e8 00
INFO - 23 be 4a 3c 00 0a bd 00
INFO - 23 c0 8a 3c 00 0a bf 00
INFO - 23 c4 ca 3c 00 0a f4 00
INFO - 23 c9 0a 3c 00 0b 2e 00
INFO - 23 cb 4a 3c 00 0a cd 00
INFO - 23 cf 8a 3c 00 0a ec 00
INFO - 23 d2 ca 3c 00 0a c3 00
INFO - 23 d5 0a 3c 00 0a ec 00
INFO - 23 d7 4a 3c 00 0a a3 00
INFO - 23 da 8a 3c 00 0a ca 00
INFO - 23 dc ca 3c 00 0a aa 00
INFO - 23 de 0a 3c 00 0a b6 00
INFO - 23 e0 4a 3c 00 0a a3 00
INFO - 23 e3 8a 3c 00 0a bd 00
INFO - 23 e6 ca 3c 00 0a c5 00
INFO - 23 e7 0a 3c 00 0a a1 00
INFO - 23 ea 4a 3c 00 0a bf 00
INFO - 23 ec 8a 3c 00 0a 9b 00
INFO - 23 ef ca 3c 00 0a eb 00
INFO - 23 f2 0a 3c 00 0a cc 00
INFO - 23 f4 4a 3c 00 0a 8b 00
INFO - 23 f7 8a 3c 00 0a eb 00
INFO - 23 fb ca 3c 00 0a f3 00
INFO - 23 fd 0a 3c 00 0a a1 00
INFO - 23 ff 4a 3c 00 0a bf 00
INFO - 24 02 8a 3c 00 0a 8b 00
INFO - 24 05 ca 3c 00 0a cc 00
INFO - 24 09 0a 3c 00 0b 06 00
INFO - 24 0b 4a 3c 00 0a b6 00
INFO - 24 0e 8a 3c 00 0a b0 00
INFO - 24 10 ca 3c 00 0a bd 00
INFO - 24 12 0a 3c 00 0a a1 00
INFO - 24 15 4a 3c 00 0a cd 00
INFO - 24 18 8a 3c 00 0a c9 00
INFO - 24 1b ca 3c 00 0a cc 00
INFO - 24 1e 0a 3c 00 0a e6 00
INFO - 24 21 4a 3c 00 0a bf 00
INFO - 24 23 8a 3c 00 0a bc 00
INFO - 24 26 ca 3c 00 0a c0 00
INFO - 24 29 0a 3c 00 0a d2 00
INFO - 24 2a 4a 3c 00 0a 9d 00
INFO - 24 2d 8a 3c 00 0a d7 00
INFO - 24 30 ca 3c 00 0a b4 00
INFO - 24 34 0a 3c 00 0a d9 00
INFO - 24 36 4a 3c 00 0a c2 00
INFO - 24 3b 8a 3c 00 0b 19 00
INFO - 24 3d ca 3c 00 0a cb 00
INFO - 24 40 0a 3c 00 0a d3 00
INFO - 24 43 4a 3c 00 0a d9 00
INFO - 24 48 8a 3c 00 0a a3 00
INFO - 24 4a ca 3c 00 0a b7 00
INFO - 24 4d 0a 3c 00 0a c6 00
INFO - 24 50 4a 3c 00 0a e2 00
INFO - 24 53 8a 3c 00 0a d3 00
INFO - 24 55 ca 3c 00 0a b0 00
INFO - 24 59 0a 3c 00 0a e8 00
INFO - 24 5b 4a 3c 00 0a 98 00
INFO - 24 5d 8a 3c 00 0a bf 00
INFO - 24 5f ca 3c 00 0a a5 00
INFO - 24 61 0a 3c 00 0a b2 00
INFO - 24 64 4a 3c 00 0a c7 00
INFO - 24 66 8a 3c 00 0a ac 00
INFO - 24 69 ca 3c 00 0a b8 00
INFO - 24 6b 0a 3c 00 0a a4 00
INFO - 24 6f 4a 3c 00 0a fc 00
INFO - 24 71 8a 3c 00 0a a6 00
INFO - 24 74 ca 3c 00 0a e0 00
INFO - 24 77 0a 3c 00 0a c6 00
INFO - 24 79 4a 3c 00 0a c6 00
INFO - 24 7d 8a 3c 00 0a 98 00
INFO - 24 80 ca 3c 00 0a d7 00
INFO - 24 87 0a 3c 00 0b ae 00
INFO - 24 8a 4a 3c 00 0a e0 00
INFO - 24 8d 8a 3c 00 0a b8 00
INFO - 24 8f ca 3c 00 0a bb 00
INFO - 24 92 0a 3c 00 0a be 00
INFO - 24 95 4a 3c 00 0a ca 00
INFO - 24 97 8a 3c 00 0a b2 00
INFO - 24 9a ca 3c 00 0a d0 00
INFO - 24 9c 0a 3c 00 0a a3 00
INFO - 24 9f 4a 3c 00 0a d8 00
INFO - 24 a1 8a 3c 00 0a 93 00
INFO - 24 a4 ca 3c 00 0a f7 00
INFO - 24 a7 0a 3c 00 0a d8 00
INFO - 24 aa 4a 3c 00 0a c1 00
INFO - 24 ad 8a 3c 00 0a cf 00
INFO - 24 af ca 3c 00 0a a9 00
INFO - 24 b1 0a 3c 00 0a ac 00
INFO - 24 b4 4a 3c 00 0a cb 00
INFO - 24 b6 8a 3c 00 0a a7 00
INFO - 24 b8 ca 3c 00 0a b4 00
INFO - 24 bb 0a 3c 00 0a c8 00
INFO - 24 bf 4a 3c 00 0a fd 00
INFO - 24 c1 8a 3c 00 0a ad 00
INFO - 24 c5 ca 3c 00 0a f0 00
INFO - 24 c8 0a 3c 00 0a d3 00
INFO - 24 ca 4a 3c 00 0a ba 00
INFO - 24 ce 8a 3c 00 0a 97 00
INFO - 24 d0 ca 3c 00 0a be 00
INFO - 24 d3 0a 3c 00 0a b8 00
INFO - 24 d5 4a 3c 00 0a c9 00
INFO - 24 d8 8a 3c 00 0a d7 00
INFO - 24 db ca 3c 00 0a ad 00
INFO - 24 de 0a 3c 00 0a ed 00
INFO - 24 e1 4a 3c 00 0a bc 00
INFO - 24 e4 8a 3c 00 0a c4 00
INFO - 24 e6 ca 3c 00 0a b4 00
INFO - 24 e9 0a 3c 00 0a c3 00
INFO - 24 eb 4a 3c 00 0a c4 00
INFO - 24 ef 8a 3c 00 0a f7 00
INFO - 24 f2 ca 3c 00 0a cf 00
INFO - 24 f5 0a 3c 00 0a de 00
INFO - 24 f8 4a 3c 00 0a d4 00
INFO - 24 fa 8a 3c 00 0a bb 00
INFO - 24 fd ca 3c 00 0a bc 00
INFO - 24 ff 0a 3c 00 0a a3 00
INFO - 25 01 4a 3c 00 0a a4 00
INFO - 25 05 8a 3c 00 0a f2 00
INFO - 25 08 ca 3c 00 0a d7 00
INFO - 25 09 0a 3c 00 0a 96 00
INFO - 25 0e 4a 3c 00 0b 20 00
INFO - 25 10 8a 3c 00 0a bd 00
INFO - 25 14 ca 3c 00 0a e4 00
INFO - 25 16 0a 3c 00 0a bd 00
INFO - 25 19 4a 3c 00 0a b1 00
INFO - 25 1b 8a 3c 00 0a af 00
INFO - 25 1e ca 3c 00 0a cb 00
INFO - 25 20 0a 3c 00 0a bd 00
INFO - 25 23 4a 3c 00 0a d6 00
INFO - 25 26 8a 3c 00 0a cb 00
INFO - 25 2a ca 3c 00 0a ff 00
INFO - 25 2c 0a 3c 00 0a af 00
INFO - 25 30 4a 3c 00 0b 00 00
INFO - 25 32 8a 3c 00 0a b6 00
INFO - 25 36 ca 3c 00 0a a0 00
INFO - 25 38 0a 3c 00 0a b1 00
INFO - 25 3c 4a 3c 00 0a f0 00
INFO - 25 3e 8a 3c 00 0a be 00
INFO - 25 41 ca 3c 00 0a bd 00
INFO - 25 44 0a 3c 00 0a d8 00
INFO - 25 48 4a 3c 00 0a f2 00
INFO - 25 4a 8a 3c 00 0a a3 00
INFO - 25 4c ca 3c 00 0a ca 00
INFO - 25 4f 0a 3c 00 0a b2 00
INFO - 25 52 4a 3c 00 0a e4 00
INFO - 25 55 8a 3c 00 0a cc 00
INFO - 25 58 ca 3c 00 0a df 00
INFO - 25 5a 0a 3c 00 0a b0 00
INFO - 25 5e 4a 3c 00 0a eb 00
INFO - 25 60 8a 3c 00 0a c4 00
INFO - 25 63 ca 3c 00 0a c4 00
INFO - 25 67 0a 3c 00 0a ec 00
INFO - 25 69 4a 3c 00 0a c1 00
INFO - 25 6b 8a 3c 00 0a a2 00
INFO - 25 6e ca 3c 00 0a b6 00
INFO - 25 70 0a 3c 00 0a b3 00
INFO - 25 74 4a 3c 00 0b 06 00
INFO - 25 76 8a 3c 00 0a bc 00
INFO - 25 79 ca 3c 00 0a bf 00
INFO - 25 7b 0a 3c 00 0a a1 00
INFO - 25 7d 4a 3c 00 0a b6 00
INFO - 25 80 8a 3c 00 0a c0 00
INFO - 25 83 ca 3c 00 0a de 00
INFO - 25 85 0a 3c 00 0a ac 00
INFO - 25 88 4a 3c 00 0a b7 00
INFO - 25 8b 8a 3c 00 0a d0 00
INFO - 25 8d ca 3c 00 0a b5 00
INFO - 25 90 0a 3c 00 0a eb 00
INFO - 25 95 4a 3c 00 0b 12 00
INFO - 25 97 8a 3c 00 0a c3 00
INFO - 25 99 ca 3c 00 0a 99 00
INFO - 25 9b 0a 3c 00 0a 9e 00
INFO - 25 9e 4a 3c 00 0a cf 00
INFO - 25 a0 8a 3c 00 0a a6 00
INFO - 25 a4 ca 3c 00 0a 9c 00
INFO - 25 a5 0a 3c 00 0a 9e 00
INFO - 25 a7 4a 3c 00 0a 9c 00
INFO - 25 aa 8a 3c 00 0a b3 00
INFO - 25 ac ca 3c 00 0a b9 00
INFO - 25 ae 0a 3c 00 0a b3 00
INFO - 25 b0 4a 3c 00 0a 9e 00
INFO - 25 b3 8a 3c 00 0a c3 00
INFO - 25 b5 ca 3c 00 0a 99 00
INFO - 25 b7 0a 3c 00 0a b9 00
INFO - 25 b9 4a 3c 00 0a a6 00
INFO - 25 bb 8a 3c 00 0a ac 00
INFO - 25 bd ca 3c 00 0a a9 00
INFO - 25 bf 0a 3c 00 0a 9a 00
INFO - 25 c4 4a 3c 00 0b 15 00
INFO - 25 c7 8a 3c 00 0a eb 00
INFO - 25 ca ca 3c 00 0a c3 00
INFO - 25 cd 0a 3c 00 0a d2 00
INFO - 25 d0 4a 3c 00 0a f9 00
INFO - 25 d5 8a 3c 00 0b 2b 00
INFO - 25 d8 ca 3c 00 0a b9 00
INFO - 25 da 0a 3c 00 0a ab 00
INFO - 25 dd 4a 3c 00 0a d1 00
INFO - 25 df 8a 3c 00 0a c3 00
INFO - 25 e4 ca 3c 00 0b 3b 00
INFO - 25 e6 0a 3c 00 0a ac 00
INFO - 25 e9 4a 3c 00 0a c2 00
INFO - 25 eb 8a 3c 00 0a ad 00
INFO - 25 ee ca 3c 00 0a d0 00
INFO - 25 f1 0a 3c 00 0a e2 00
INFO - 25 f4 4a 3c 00 0a a8 00
INFO - 25 f7 8a 3c 00 0a e2 00
INFO - 25 fa ca 3c 00 0a d1 00
INFO - 25 fc 0a 3c 00 0a ac 00
INFO - 25 ff 4a 3c 00 0a de 00
INFO - 26 02 8a 3c 00 0a 84 00
INFO - 26 05 ca 3c 00 0a e0 00
INFO - 26 08 0a 3c 00 0a d2 00
INFO - 26 0a 4a 3c 00 0a ab 00
INFO - 26 0d 8a 3c 00 0a d3 00
INFO - 26 11 ca 3c 00 0a ee 00
INFO - 26 13 0a 3c 00 0a a9 00
INFO - 26 16 4a 3c 00 0a c8 00
INFO - 26 19 8a 3c 00 0a df 00
INFO - 26 1b ca 3c 00 0a ad 00
INFO - 26 1f 0a 3c 00 0b 16 00
INFO - 26 23 4a 3c 00 0a e3 00
INFO - 26 25 8a 3c 00 0a b7 00
INFO - 26 28 ca 3c 00 0a d6 00
INFO - 26 2a 0a 3c 00 0a b9 00
INFO - 26 2d 4a 3c 00 0a d4 00
INFO - 26 30 8a 3c 00 0a bb 00
INFO - 26 33 ca 3c 00 0a e1 00
INFO - 26 37 0a 3c 00 0a e4 00
INFO - 26 39 4a 3c 00 0a b9 00
INFO - 26 3b 8a 3c 00 0a bc 00
INFO - 26 3e ca 3c 00 0a bb 00
INFO - 26 42 0a 3c 00 0a f1 00
INFO - 26 46 4a 3c 00 0b 0d 00
INFO - 26 49 8a 3c 00 0a d5 00
INFO - 26 4a ca 3c 00 0a 93 00
INFO - 26 4e 0a 3c 00 0a fe 00
INFO - 26 51 4a 3c 00 0a cb 00
INFO - 26 54 8a 3c 00 0a c9 00
INFO - 26 56 ca 3c 00 0a a0 00
INFO - 26 59 0a 3c 00 0a f2 00
INFO - 26 5c 4a 3c 00 0a 8c 00
INFO - 26 60 8a 3c 00 0a f1 00
INFO - 26 63 ca 3c 00 0a d9 00
INFO - 26 66 0a 3c 00 0a d5 00
INFO - 26 68 4a 3c 00 0a b0 00
INFO - 26 6c 8a 3c 00 0a e4 00
INFO - 26 6f ca 3c 00 0a da 00
INFO - 26 71 0a 3c 00 0a bb 00
INFO - 26 74 4a 3c 00 0a be 00
INFO - 26 77 8a 3c 00 0a cb 00
INFO - 26 79 ca 3c 00 0a ca 00
INFO - 26 7c 0a 3c 00 0a ad 00
INFO - 26 7e 4a 3c 00 0a cd 00
INFO - 26 81 8a 3c 00 0a d7 00
INFO - 26 84 ca 3c 00 0a b1 00
INFO - 26 87 0a 3c 00 0a e7 00
INFO - 26 89 4a 3c 00 0a a2 00
INFO - 26 8c 8a 3c 00 0a bb 00
INFO - 26 8f ca 3c 00 0a db 00
INFO - 26 92 0a 3c 00 0a de 00
INFO - 26 95 4a 3c 00 0a cd 00
INFO - 26 98 8a 3c 00 0a f5 00
INFO - 26 9b ca 3c 00 0a bd 00
INFO - 26 9d 0a 3c 00 0a bb 00
INFO - 26 a1 4a 3c 00 0a f6 00
INFO - 26 a5 8a 3c 00 0a f5 00
INFO - 26 a7 ca 3c 00 0a ad 00
INFO - 26 aa 0a 3c 00 0a cd 00
INFO - 26 ad 4a 3c 00 0a f2 00
INFO - 26 b0 8a 3c 00 0a bf 00
INFO - 26 b3 ca 3c 00 0a 8d 00
INFO - 26 b6 0a 3c 00 0a bd 00
INFO - 26 b9 4a 3c 00 0a f5 00
INFO - 26 bd 8a 3c 00 0a e5 00
INFO - 26 c0 ca 3c 00 0a f4 00
INFO - 26 c3 0a 3c 00 0a ba 00
INFO - 26 c6 4a 3c 00 0a d9 00
INFO - 26 c9 8a 3c 00 0a d8 00
INFO - 26 cb ca 3c 00 0a ad 00
INFO - 26 cf 0a 3c 00 0b 04 00
INFO - 26 d1 4a 3c 00 0a ae 00
INFO - 26 d5 8a 3c 00 0b 05 00
INFO - 26 d9 ca 3c 00 0a e7 00
INFO - 26 de 0a 3c 00 0b 2c 00
INFO - 26 e1 4a 3c 00 0a e6 00
INFO - 26 e4 8a 3c 00 0a db 00
INFO - 26 e7 ca 3c 00 0a e8 00
INFO - 26 e9 0a 3c 00 0a 92 00
INFO - 26 eb 4a 3c 00 0a b0 00
INFO - 26 ef 8a 3c 00 0a e8 00
INFO - 26 f1 ca 3c 00 0a cb 00
INFO - 26 f4 0a 3c 00 0a bf 00
INFO - 26 f7 4a 3c 00 0a be 00
INFO - 26 fc 8a 3c 00 0a ce 00
INFO - 26 fe ca 3c 00 0a bd 00
INFO - 27 01 0a 3c 00 0a cd 00
INFO - 27 03 4a 3c 00 0a a2 00
INFO - 27 05 8a 3c 00 0a af 00
INFO - 27 08 ca 3c 00 0a cb 00
INFO - 27 0b 0a 3c 00 0a da 00
INFO - 27 0e 4a 3c 00 0a cb 00
INFO - 27 12 8a 3c 00 0a f4 00
INFO - 27 14 ca 3c 00 0a af 00
INFO - 27 16 0a 3c 00 0a 93 00
INFO - 27 18 4a 3c 00 0a bd 00
INFO - 27 1a 8a 3c 00 0a af 00
INFO - 27 1e ca 3c 00 0a 93 00
INFO - 27 20 0a 3c 00 0a af 00
INFO - 27 23 4a 3c 00 0a ca 00
INFO - 27 25 8a 3c 00 0a a0 00
INFO - 27 27 ca 3c 00 0a b6 00
INFO - 27 2c 0a 3c 00 0a f6 00
INFO - 27 2f 4a 3c 00 0a d9 00
INFO - 27 31 8a 3c 00 0a ae 00
INFO - 27 33 ca 3c 00 0a a1 00
INFO - 27 36 0a 3c 00 0a c9 00
INFO - 27 38 4a 3c 00 0a af 00
INFO - 27 3a 8a 3c 00 0a a2 00
INFO - 27 3c ca 3c 00 0a ad 00
INFO - 27 40 0a 3c 00 0a f5 00
INFO - 27 43 4a 3c 00 0a e6 00
INFO - 27 47 8a 3c 00 0a f1 00
INFO - 27 4b ca 3c 00 0b 0f 00
INFO - 27 4e 0a 3c 00 0a e8 00
INFO - 27 57 4a 3c 00 0b f7 00
INFO - 27 59 8a 3c 00 0a ae 00
INFO - 27 5c ca 3c 00 0a 87 00
INFO - 27 5f 0a 3c 00 0a e3 00
INFO - 27 61 4a 3c 00 0a a3 00
INFO - 27 64 8a 3c 00 0a d5 00
INFO - 27 67 ca 3c 00 0a bf 00
INFO - 27 69 0a 3c 00 0a 9e 00
INFO - 27 6c 4a 3c 00 0a da 00
INFO - 27 6e 8a 3c 00 0a 9e 00
INFO - 27 71 ca 3c 00 0a e8 00
INFO - 27 75 0a 3c 00 0a e5 00
INFO - 27 78 4a 3c 00 0a d5 00
INFO - 27 7b 8a 3c 00 0a da 00
INFO - 27 7d ca 3c 00 0a ac 00
INFO - 27 80 0a 3c 00 0a d9 00
INFO - 27 83 4a 3c 00 0a c7 00
INFO - 27 85 8a 3c 00 0a bf 00
INFO - 27 88 ca 3c 00 0a d5 00
INFO - 27 8b 0a 3c 00 0a da 00
INFO - 27 8e 4a 3c 00 0a c7 00
INFO - 27 91 8a 3c 00 0a bf 00
INFO - 27 93 ca 3c 00 0a c7 00
INFO - 27 96 0a 3c 00 0a bf 00
INFO - 27 99 4a 3c 00 0a d4 00
INFO - 27 9d 8a 3c 00 0b 01 00
INFO - 27 9f ca 3c 00 0a bd 00
INFO - 27 a3 0a 3c 00 0a e5 00
INFO - 27 a5 4a 3c 00 0a b1 00
INFO - 27 a7 8a 3c 00 0a 9e 00
INFO - 27 a9 ca 3c 00 0a bc 00
INFO - 27 ad 0a 3c 00 0b 0f 00
INFO - 27 b0 4a 3c 00 0a ca 00
INFO - 27 b2 8a 3c 00 0a ae 00
INFO - 27 b5 ca 3c 00 0a be 00
INFO - 27 b9 0a 3c 00 0a f3 00
INFO - 27 bb 4a 3c 00 0a c7 00
INFO - 27 be 8a 3c 00 0a c9 00
INFO - 27 c1 ca 3c 00 0a d7 00
INFO - 27 c4 0a 3c 00 0a bb 00
INFO - 27 c6 4a 3c 00 0a a2 00
INFO - 27 c8 8a 3c 00 0a bd 00
INFO - 27 cb ca 3c 00 0a b8 00
INFO - 27 cd 0a 3c 00 0a bb 00
INFO - 27 d0 4a 3c 00 0a d6 00
INFO - 27 d3 8a 3c 00 0a be 00
INFO - 27 d6 ca 3c 00 0a d3 00
INFO - 27 d8 0a 3c 00 0a ac 00
INFO - 27 db 4a 3c 00 0a e3 00
INFO - 27 de 8a 3c 00 0a cb 00
INFO - 27 e1 ca 3c 00 0a d3 00
INFO - 27 e4 0a 3c 00 0a bd 00
INFO - 27 e7 4a 3c 00 0a d5 00
INFO - 27 e8 8a 3c 00 0a 9c 00
INFO - 27 ec ca 3c 00 0a f1 00
INFO - 27 ef 0a 3c 00 0a e3 00
INFO - 27 f2 4a 3c 00 0a d5 00
INFO - 27 f5 8a 3c 00 0a e3 00
INFO - 27 f8 ca 3c 00 0a bc 00
INFO - 27 fa 0a 3c 00 0a b7 00
INFO - 27 fd 4a 3c 00 0a bd 00
INFO - 28 00 8a 3c 00 0a d1 00
INFO - 28 03 ca 3c 00 0a d5 00
INFO - 28 04 0a 3c 00 0a 91 00
INFO - 28 08 4a 3c 00 0a e5 00
INFO - 28 0b 8a 3c 00 0a ef 00
INFO - 28 0f ca 3c 00 0a ec 00
INFO - 28 12 0a 3c 00 0a d6 00
INFO - 28 15 4a 3c 00 0a ec 00
INFO - 28 18 8a 3c 00 0a af 00
INFO - 28 1b ca 3c 00 0a ef 00
INFO - 28 1d 0a 3c 00 0a a8 00
INFO - 28 20 4a 3c 00 0a b9 00
INFO - 28 22 8a 3c 00 0a c6 00
INFO - 28 26 ca 3c 00 0b 09 00
INFO - 28 28 0a 3c 00 0a ab 00
INFO - 28 2c 4a 3c 00 0a d6 00
INFO - 28 2e 8a 3c 00 0a a8 00
INFO - 28 30 ca 3c 00 0a b9 00
INFO - 28 32 0a 3c 00 0a b8 00
INFO - 28 36 4a 3c 00 0a ee 00
INFO - 28 38 8a 3c 00 0a a1 00
INFO - 28 3b ca 3c 00 0a dd 00
INFO - 28 3e 0a 3c 00 0a bb 00
INFO - 28 41 4a 3c 00 0a f7 00
INFO - 28 43 8a 3c 00 0a 94 00
INFO - 28 45 ca 3c 00 0a b4 00
INFO - 28 49 0a 3c 00 0a e1 00
INFO - 28 4c 4a 3c 00 0a ed 00
INFO - 28 4e 8a 3c 00 0a ae 00
INFO - 28 51 ca 3c 00 0a c2 00
INFO - 28 53 0a 3c 00 0a bb 00
INFO - 28 56 4a 3c 00 0a c1 00
INFO - 28 59 8a 3c 00 0a c8 00
INFO - 28 5e ca 3c 00 0a 98 00
INFO - 28 60 0a 3c 00 0a ad 00
INFO - 28 62 4a 3c 00 0a a8 00
INFO - 28 65 8a 3c 00 0a c5 00
INFO - 28 67 ca 3c 00 0a a9 00
INFO - 28 69 0a 3c 00 0a a1 00
INFO - 28 6b 4a 3c 00 0a b4 00
INFO - 28 6e 8a 3c 00 0a e0 00
INFO - 28 71 ca 3c 00 0a de 00
INFO - 28 74 0a 3c 00 0a ae 00
INFO - 28 77 4a 3c 00 0a f6 00
INFO - 28 7a 8a 3c 00 0a bb 00
INFO - 28 7d ca 3c 00 0a ce 00
INFO - 28 80 0a 3c 00 0a e2 00
INFO - 28 83 4a 3c 00 0a e9 00
INFO - 28 87 8a 3c 00 0a df 00
INFO - 28 8a ca 3c 00 0a df 00
INFO - 28 8c 0a 3c 00 0a b7 00
INFO - 28 8e 4a 3c 00 0a a0 00
INFO - 28 90 8a 3c 00 0a a7 00
INFO - 28 93 ca 3c 00 0a df 00
INFO - 28 96 0a 3c 00 0a d3 00
INFO - 28 98 4a 3c 00 0a a0 00
INFO - 28 9a 8a 3c 00 0a a8 00
INFO - 28 9c ca 3c 00 0a aa 00
INFO - 28 9f 0a 3c 00 0a b8 00
INFO - 28 a1 4a 3c 00 0a ad 00
INFO - 28 a3 8a 3c 00 0a 9a 00
INFO - 28 a5 ca 3c 00 0a aa 00
INFO - 28 a7 0a 3c 00 0a bc 00
INFO - 28 a9 4a 3c 00 0a 99 00
INFO - 28 ad 8a 3c 00 0a fa 00
INFO - 28 b0 ca 3c 00 0a c5 00
INFO - 28 b2 0a 3c 00 0a bb 00
INFO - 28 b4 4a 3c 00 0a b5 00
INFO - 28 bc 8a 3c 00 0b aa 00
INFO - 28 bf ca 3c 00 0a cf 00
INFO - 28 c2 0a 3c 00 0a d5 00
INFO - 28 c5 4a 3c 00 0a eb 00
INFO - 28 c8 8a 3c 00 0a ce 00
INFO - 28 ca ca 3c 00 0a a4 00
INFO - 28 cd 0a 3c 00 0a d2 00
INFO - 28 d0 4a 3c 00 0a c5 00
INFO - 28 d2 8a 3c 00 0a ad 00
INFO - 28 d4 ca 3c 00 0a a8 00
INFO - 28 d7 0a 3c 00 0a c4 00
INFO - 28 d9 4a 3c 00 0a 9c 00
INFO - 28 db 8a 3c 00 0a c7 00
INFO - 28 de ca 3c 00 0a c1 00
INFO - 28 e0 0a 3c 00 0a 9e 00
INFO - 28 e4 4a 3c 00 0b 06 00
INFO - 28 e7 8a 3c 00 0a de 00
INFO - 28 e9 ca 3c 00 0a a9 00
INFO - 28 eb 0a 3c 00 0a 9c 00
INFO - 28 ed 4a 3c 00 0a b7 00
INFO - 28 f0 8a 3c 00 0a c4 00
INFO - 28 f3 ca 3c 00 0a de 00
INFO - 28 f6 0a 3c 00 0a c3 00
INFO - 28 f8 4a 3c 00 0a b6 00
INFO - 28 fa 8a 3c 00 0a aa 00
INFO - 28 fe ca 3c 00 0b 05 00
INFO - 29 02 0a 3c 00 0a f8 00
INFO - 29 04 4a 3c 00 0a aa 00
INFO - 29 06 8a 3c 00 0a a9 00
INFO - 29 08 ca 3c 00 0a a8 00
INFO - 29 0c 0a 3c 00 0a e0 00
INFO - 29 0e 4a 3c 00 0a ce 00
INFO - 29 11 8a 3c 00 0a b8 00
INFO - 29 13 ca 3c 00 0a c1 00
INFO - 29 16 0a 3c 00 0a c2 00
INFO - 29 19 4a 3c 00 0a d0 00
INFO - 29 1c 8a 3c 00 0a c5 00
INFO - 29 1e ca 3c 00 0a c0 00
INFO - 29 20 0a 3c 00 0a ab 00
INFO - 29 23 4a 3c 00 0a c0 00
INFO - 29 26 8a 3c 00 0a df 00
INFO - 29 29 ca 3c 00 0a bf 00
INFO - 29 2b 0a 3c 00 0a c3 00
INFO - 29 2d 4a 3c 00 0a 9e 00
INFO - 29 31 8a 3c 00 0b 10 00
INFO - 29 34 ca 3c 00 0a cc 00
INFO - 29 37 0a 3c 00 0a d2 00
INFO - 29 3a 4a 3c 00 0a b2 00
INFO - 29 3c 8a 3c 00 0a c5 00
INFO - 29 3e ca 3c 00 0a a5 00
INFO - 29 41 0a 3c 00 0a d3 00
INFO - 29 43 4a 3c 00 0a 98 00
INFO - 29 46 8a 3c 00 0a ed 00
INFO - 29 49 ca 3c 00 0a b2 00
INFO - 29 4c 0a 3c 00 0a f8 00
INFO - 29 4e 4a 3c 00 0a 8f 00
INFO - 29 51 8a 3c 00 0a d1 00
INFO - 29 54 ca 3c 00 0a d0 00
INFO - 29 56 0a 3c 00 0a ad 00
INFO - 29 59 4a 3c 00 0a c4 00
INFO - 29 5b 8a 3c 00 0a b3 00
INFO - 29 5d ca 3c 00 0a a0 00
INFO - 29 5f 0a 3c 00 0a a6 00
INFO - 29 61 4a 3c 00 0a b8 00
INFO - 29 64 8a 3c 00 0a ac 00
INFO - 29 67 ca 3c 00 0a de 00
INFO - 29 69 0a 3c 00 0a b4 00
INFO - 29 6c 4a 3c 00 0a c4 00
INFO - 29 6e 8a 3c 00 0a c4 00
INFO - 29 72 ca 3c 00 0a e2 00
INFO - 29 74 0a 3c 00 0a cd 00
INFO - 29 77 4a 3c 00 0a c7 00
INFO - 29 7a 8a 3c 00 0a b4 00
INFO - 29 7d ca 3c 00 0a e1 00
INFO - 29 80 0a 3c 00 0a e7 00
INFO - 29 83 4a 3c 00 0a ba 00
INFO - 29 86 8a 3c 00 0a e8 00
INFO - 29 89 ca 3c 00 0a ee 00
INFO - 29 8c 0a 3c 00 0a ce 00
INFO - 29 8f 4a 3c 00 0a b9 00
INFO - 29 92 8a 3c 00 0a e9 00
INFO - 29 94 ca 3c 00 0a 8d 00
INFO - 29 98 0a 3c 00 0a ab 00
INFO - 29 9b 4a 3c 00 0a db 00
INFO - 29 9e 8a 3c 00 0a b8 00
INFO - 29 a0 ca 3c 00 0a b3 00
INFO - 29 a2 0a 3c 00 0a b8 00
INFO - 29 a5 4a 3c 00 0a da 00
INFO - 29 a7 8a 3c 00 0a 9e 00
INFO - 29 aa ca 3c 00 0a c1 00
INFO - 29 ac 0a 3c 00 0a a8 00
INFO - 29 b0 4a 3c 00 0a f7 00
INFO - 29 b2 8a 3c 00 0a b8 00
INFO - 29 b5 ca 3c 00 0a c0 00
INFO - 29 b8 0a 3c 00 0a f7 00
INFO - 29 bb 4a 3c 00 0a c5 00
INFO - 29 bd 8a 3c 00 0a 99 00
INFO - 29 c0 ca 3c 00 0a cf 00
INFO - 29 c2 0a 3c 00 0a ac 00
INFO - 29 c4 4a 3c 00 0a b2 00
INFO - 29 c7 8a 3c 00 0a c2 00
INFO - 29 c9 ca 3c 00 0a b6 00
INFO - 29 cc 0a 3c 00 0a dc 00
INFO - 29 d1 4a 3c 00 0b 14 00
INFO - 29 d3 8a 3c 00 0a a5 00
INFO - 29 d6 ca 3c 00 0a dd 00
INFO - 29 d9 0a 3c 00 0a e8 00
INFO - 29 db 4a 3c 00 0a 9d 00
INFO - 29 dd 8a 3c 00 0a 98 00
INFO - 29 df ca 3c 00 0a c1 00
INFO - 29 e1 0a 3c 00 0a 91 00
INFO - 29 e4 4a 3c 00 0a cb 00
INFO - 29 e6 8a 3c 00 0a 9a 00
INFO - 29 ea ca 3c 00 0b 01 00
INFO - 29 ec 0a 3c 00 0a d0 00
INFO - 29 ef 4a 3c 00 0a cb 00
INFO - 29 f1 8a 3c 00 0a a9 00
INFO - 29 f4 ca 3c 00 0a ca 00
INFO - 29 f6 0a 3c 00 0a 99 00
INFO - 29 f9 4a 3c 00 0a cc 00
INFO - 29 fb 8a 3c 00 0a 9a 00
INFO - 29 fd ca 3c 00 0a ce 00
INFO - 29 ff 0a 3c 00 0a a3 00
INFO - 2a 01 4a 3c 00 0a 8e 00
INFO - 2a 04 8a 3c 00 0a bc 00
INFO - 2a 06 ca 3c 00 0a ce 00
INFO - 2a 0a 0a 3c 00 0a ed 00
INFO - 2a 0d 4a 3c 00 0a d9 00
INFO - 2a 0f 8a 3c 00 0a af 00
INFO - 2a 11 ca 3c 00 0a a6 00
INFO - 2a 13 0a 3c 00 0a 95 00
INFO - 2a 15 4a 3c 00 0a b1 00
INFO - 2a 17 8a 3c 00 0a a0 00
INFO - 2a 19 ca 3c 00 0a aa 00
INFO - 2a 21 0a 3c 00 0b ca 00
INFO - 2a 23 4a 3c 00 0a 97 00
INFO - 2a 26 8a 3c 00 0a d4 00
INFO - 2a 2a ca 3c 00 0a f0 00
INFO - 2a 2b 0a 3c 00 0a 94 00
INFO - 2a 2d 4a 3c 00 0a ae 00
INFO - 2a 30 8a 3c 00 0a b2 00
INFO - 2a 33 ca 3c 00 0a e8 00
INFO - 2a 37 0a 3c 00 0a f8 00
INFO - 2a 3a 4a 3c 00 0a c9 00
INFO - 2a 3b 8a 3c 00 0a 92 00
INFO - 2a 3e ca 3c 00 0a b1 00
INFO - 2a 40 0a 3c 00 0a 75 00
INFO - 2a 42 4a 3c 00 0a a1 00
INFO - 2a 44 8a 3c 00 0a b0 00
INFO - 2a 46 ca 3c 00 0a aa 00
INFO - 2a 49 0a 3c 00 0a c5 00
INFO - 2a 4b 4a 3c 00 0a bb 00
INFO - 2a 4d 8a 3c 00 0a ac 00
INFO - 2a 50 ca 3c 00 0a c2 00
INFO - 2a 52 0a 3c 00 0a ab 00
INFO - 2a 56 4a 3c 00 0b 17 00
INFO - 2a 59 8a 3c 00 0a b8 00
INFO - 2a 5b ca 3c 00 0a 96 00
INFO - 2a 5d 0a 3c 00 0a c1 00
INFO - 2a 60 4a 3c 00 0a da 00
INFO - 2a 63 8a 3c 00 0a dd 00
INFO - 2a 66 ca 3c 00 0a cc 00
INFO - 2a 68 0a 3c 00 0a aa 00
INFO - 2a 6b 4a 3c 00 0a cf 00
INFO - 2a 6d 8a 3c 00 0a 9f 00
INFO - 2a 6f ca 3c 00 0a 96 00
INFO - 2a 71 0a 3c 00 0a b5 00
INFO - 2a 73 4a 3c 00 0a 93 00
INFO - 2a 76 8a 3c 00 0a db 00
INFO - 2a 78 ca 3c 00 0a b8 00
INFO - 2a 7a 0a 3c 00 0a a2 00
INFO - 2a 7c 4a 3c 00 0a 91 00
INFO - 2a 7f 8a 3c 00 0a c6 00
INFO - 2a 81 ca 3c 00 0a a9 00
INFO - 2a 84 0a 3c 00 0a df 00
INFO - 2a 88 4a 3c 00 0a fe 00
INFO - 2a 8a 8a 3c 00 0a af 00
INFO - 2a 8d ca 3c 00 0a ce 00
INFO - 2a 8f 0a 3c 00 0a 97 00
INFO - 2a 91 4a 3c 00 0a c2 00
INFO - 2a 94 8a 3c 00 0a af 00
INFO - 2a 96 ca 3c 00 0a c3 00
INFO - 2a 99 0a 3c 00 0a d1 00
INFO - 2a 9b 4a 3c 00 0a ad 00
INFO - 2a 9d 8a 3c 00 0a 95 00
INFO - 2a a0 ca 3c 00 0a bc 00
INFO - 2a a1 0a 3c 00 0a 9e 00
INFO - 2a a5 4a 3c 00 0a df 00
INFO - 2a a8 8a 3c 00 0a da 00
INFO - 2a aa ca 3c 00 0a a4 00
INFO - 2a ac 0a 3c 00 0a 9d 00
INFO - 2a ae 4a 3c 00 0a c5 00
INFO - 2a b1 8a 3c 00 0a bb 00
INFO - 2a b3 ca 3c 00 0a b6 00
INFO - 2a b5 0a 3c 00 0a ad 00
INFO - 2a b8 4a 3c 00 0a cf 00
INFO - 2a bb 8a 3c 00 0a c6 00
INFO - 2a bd ca 3c 00 0a c1 00
INFO - 2a bf 0a 3c 00 0a a3 00
INFO - 2a c2 4a 3c 00 0a a8 00
INFO - 2a c6 8a 3c 00 0a e8 00
INFO - 2a c8 ca 3c 00 0a b8 00
INFO - 2a cb 0a 3c 00 0a d2 00
INFO - 2a cd 4a 3c 00 0a aa 00
INFO - 2a cf 8a 3c 00 0a ae 00
INFO - 2a d1 ca 3c 00 0a a9 00
INFO - 2a d4 0a 3c 00 0a d2 00
INFO - 2a d6 4a 3c 00 0a 91 00
INFO - 2a d9 8a 3c 00 0a c3 00
INFO - 2a db ca 3c 00 0a ba 00
INFO - 2a de 0a 3c 00 0a c1 00
INFO - 2a e0 4a 3c 00 0a b9 00
INFO - 2a e3 8a 3c 00 0a b4 00
INFO - 2a e5 ca 3c 00 0a a2 00
INFO - 2a e8 0a 3c 00 0a e4 00
INFO - 2a ea 4a 3c 00 0a ba 00
INFO - 2a ed 8a 3c 00 0a bf 00
INFO - 2a ef ca 3c 00 0a 9f 00
INFO - 2a f1 0a 3c 00 0a b9 00
INFO - 2a f3 4a 3c 00 0a a7 00
INFO - 2a f5 8a 3c 00 0a 8a 00
INFO - 2a f8 ca 3c 00 0a d7 00
INFO - 2a fb 0a 3c 00 0a f2 00
INFO - 2a fd 4a 3c 00 0a 9c 00
INFO - 2b 00 8a 3c 00 0a b5 00
INFO - 2b 01 ca 3c 00 0a 6f 00
INFO - 2b 05 0a 3c 00 0a f1 00
INFO - 2b 07 4a 3c 00 0a 99 00
INFO - 2b 0a 8a 3c 00 0a c9 00
INFO - 2b 0b ca 3c 00 0a 94 00
INFO - 2b 0e 0a 3c 00 0a cb 00
INFO - 2b 11 4a 3c 00 0a bf 00
INFO - 2b 13 8a 3c 00 0a b3 00
INFO - 2b 15 ca 3c 00 0a b3 00
INFO - 2b 18 0a 3c 00 0a b3 00
INFO - 2b 19 4a 3c 00 0a 9c 00
INFO - 2b 1c 8a 3c 00 0a d5 00
INFO - 2b 1f ca 3c 00 0a b3 00
INFO - 2b 21 0a 3c 00 0a a7 00
INFO - 2b 23 4a 3c 00 0a a7 00
INFO - 2b 26 8a 3c 00 0a d4 00
INFO - 2b 29 ca 3c 00 0a d4 00
INFO - 2b 2b 0a 3c 00 0a a6 00
INFO - 2b 2e 4a 3c 00 0a ea 00
INFO - 2b 30 8a 3c 00 0a a6 00
INFO - 2b 33 ca 3c 00 0a b1 00
INFO - 2b 35 0a 3c 00 0a a5 00
INFO - 2b 37 4a 3c 00 0a a6 00
INFO - 2b 38 8a 3c 00 0a 9a 00
INFO - 2b 3b ca 3c 00 0a d2 00
INFO - 2b 3d 0a 3c 00 0a 8e 00
INFO - 2b 40 4a 3c 00 0a c6 00
INFO - 2b 41 8a 3c 00 0a 8d 00
INFO - 2b 43 ca 3c 00 0a 96 00
INFO - 2b 45 0a 3c 00 0a ba 00
INFO - 2b 47 4a 3c 00 0a 8e 00
INFO - 2b 49 8a 3c 00 0a a4 00
INFO - 2b 4b ca 3c 00 0a a3 00
INFO - 2b 4d 0a 3c 00 0a a3 00
INFO - 2b 4f 4a 3c 00 0a 8d 00
INFO - 2b 50 8a 3c 00 0a 8d 00
INFO - 2b 52 ca 3c 00 0a ae 00
INFO - 2b 54 0a 3c 00 0a a3 00
INFO - 2b 57 4a 3c 00 0a b8 00
INFO - 2b 58 8a 3c 00 0a 8c 00
INFO - 2b 5b ca 3c 00 0a b0 00
INFO - 2b 5f 0a 3c 00 0b 0f 00
INFO - 2b 60 4a 3c 00 0a 94 00
INFO - 2b 63 8a 3c 00 0a b8 00
INFO - 2b 64 ca 3c 00 0a 8e 00
INFO - 2b 67 0a 3c 00 0a b4 00
INFO - 2b 6a 4a 3c 00 0a d8 00
INFO - 2b 6c 8a 3c 00 0a c2 00
INFO - 2b 6f ca 3c 00 0a db 00
INFO - 2b 73 0a 3c 00 0a ee 00
INFO - 2b 76 4a 3c 00 0a c0 00
INFO - 2b 78 8a 3c 00 0a b0 00
INFO - 2b 7b ca 3c 00 0a e0 00
INFO - 2b 7f 0a 3c 00 0a f0 00
INFO - 2b 81 4a 3c 00 0a a2 00
INFO - 2b 83 8a 3c 00 0a b1 00
INFO - 2b 84 ca 3c 00 0a 95 00
INFO - 2b 86 0a 3c 00 0a 9a 00
INFO - 2b 89 4a 3c 00 0a b6 00
INFO - 2b 8a 8a 3c 00 0a 98 00
INFO - 2b 8d ca 3c 00 0a b2 00
INFO - 2b 8f 0a 3c 00 0a aa 00
INFO - 2b 91 4a 3c 00 0a 9b 00
INFO - 2b 93 8a 3c 00 0a a0 00
INFO - 2b 95 ca 3c 00 0a b1 00
INFO - 2b 98 0a 3c 00 0a cb 00
INFO - 2b 9a 4a 3c 00 0a c8 00
INFO - 2b 9d 8a 3c 00 0a b5 00
INFO - 2b 9f ca 3c 00 0a 9b 00
INFO - 2b a0 0a 3c 00 0a 95 00
INFO - 2b a2 4a 3c 00 0a a5 00
INFO - 2b a5 8a 3c 00 0a b6 00
INFO - 2b a8 ca 3c 00 0a d3 00
INFO - 2b aa 0a 3c 00 0a 7b 00
INFO - 2b ac 4a 3c 00 0a 9b 00
INFO - 2b ae 8a 3c 00 0a c1 00
INFO - 2b b0 ca 3c 00 0a 9b 00
INFO - 2b b2 0a 3c 00 0a a0 00
INFO - 2b b5 4a 3c 00 0a d9 00
INFO - 2b b7 8a 3c 00 0a a6 00
INFO - 2b b9 ca 3c 00 0a 94 00
INFO - 2b bb 0a 3c 00 0a b2 00
INFO - 2b bd 4a 3c 00 0a a0 00
INFO - 2b bf 8a 3c 00 0a a3 00
INFO - 2b c2 ca 3c 00 0a c4 00
INFO - 2b c5 0a 3c 00 0a c4 00
INFO - 2b c7 4a 3c 00 0a b1 00
INFO - 2b c9 8a 3c 00 0a b5 00
INFO - 2b cb ca 3c 00 0a af 00
INFO - 2b ce 0a 3c 00 0a b9 00
INFO - 2b d1 4a 3c 00 0a da 00
INFO - 2b d3 8a 3c 00 0a 90 00
INFO - 2b d4 ca 3c 00 0a 95 00
INFO - 2b d6 0a 3c 00 0a a3 00
INFO - 2b d8 4a 3c 00 0a 9c 00
INFO - 2b db 8a 3c 00 0a d6 00
INFO - 2b dd ca 3c 00 0a 96 00
INFO - 2b df 0a 3c 00 0a ae 00
INFO - 2b e1 4a 3c 00 0a a3 00
INFO - 2b e3 8a 3c 00 0a a3 00
INFO - 2b e5 ca 3c 00 0a 98 00
INFO - 2b e7 0a 3c 00 0a a3 00
INFO - 2b e9 4a 3c 00 0a 98 00
INFO - 2b eb 8a 3c 00 0a ae 00
INFO - 2b ed ca 3c 00 0a af 00
INFO - 2b ef 0a 3c 00 0a 8d 00
INFO - 2b f1 4a 3c 00 0a ae 00
INFO - 2b f3 8a 3c 00 0a af 00
INFO - 2b f6 ca 3c 00 0a af 00
INFO - 2b f8 0a 3c 00 0a ba 00
INFO - 2b fb 4a 3c 00 0a c6 00
INFO - 2b fd 8a 3c 00 0a a3 00
INFO - 2b ff ca 3c 00 0a bc 00
INFO - 2c 04 0a 3c 00 0a f3 00
INFO - 2c 07 4a 3c 00 0a ca 00
INFO - 2c 08 8a 3c 00 0a 81 00
INFO - 2c 0b ca 3c 00 0a dc 00
INFO - 2c 0e 0a 3c 00 0a ca 00
INFO - 2c 11 4a 3c 00 0a d1 00
INFO - 2c 13 8a 3c 00 0a 9d 00
INFO - 2c 16 ca 3c 00 0a e0 00
INFO - 2c 19 0a 3c 00 0a d1 00
INFO - 2c 1a 4a 3c 00 0a 8f 00
INFO - 2c 1e 8a 3c 00 0a df 00
INFO - 2c 20 ca 3c 00 0a b2 00
INFO - 2c 22 0a 3c 00 0a 9d 00
INFO - 2c 24 4a 3c 00 0a a4 00
INFO - 2c 26 8a 3c 00 0a 9b 00
INFO - 2c 28 ca 3c 00 0a cb 00
INFO - 2c 2a 0a 3c 00 0a 8e 00
INFO - 2c 2c 4a 3c 00 0a a6 00
INFO - 2c 2f 8a 3c 00 0a e0 00
INFO - 2c 32 ca 3c 00 0a c0 00
INFO - 2c 34 0a 3c 00 0a a4 00
INFO - 2c 37 4a 3c 00 0a cb 00
INFO - 2c 39 8a 3c 00 0a b0 00
INFO - 2c 3b ca 3c 00 0a a7 00
INFO - 2c 3e 0a 3c 00 0a cc 00
INFO - 2c 3f 4a 3c 00 0a 8d 00
INFO - 2c 42 8a 3c 00 0a b3 00
INFO - 2c 44 ca 3c 00 0a cb 00
INFO - 2c 47 0a 3c 00 0a 83 00
INFO - 2c 49 4a 3c 00 0a 9e 00
INFO - 2c 4c 8a 3c 00 0a c6 00
INFO - 2c 4d ca 3c 00 0a 91 00
INFO - 2c 50 0a 3c 00 0a cb 00
INFO - 2c 53 4a 3c 00 0a c7 00
INFO - 2c 55 8a 3c 00 0a b5 00
INFO - 2c 57 ca 3c 00 0a 99 00
INFO - 2c 5a 0a 3c 00 0a cc 00
INFO - 2c 5b 4a 3c 00 0a 8d 00
INFO - 2c 5d 8a 3c 00 0a 9f 00
INFO - 2c 5f ca 3c 00 0a b0 00
INFO - 2c 62 0a 3c 00 0a a8 00
INFO - 2c 64 4a 3c 00 0a b5 00
INFO - 2c 66 8a 3c 00 0a 9a 00
INFO - 2c 68 ca 3c 00 0a b3 00
INFO - 2c 6a 0a 3c 00 0a 9f 00
INFO - 2c 6c 4a 3c 00 0a b0 00
INFO - 2c 6e 8a 3c 00 0a aa 00
INFO - 2c 71 ca 3c 00 0a d3 00
INFO - 2c 73 0a 3c 00 0a 9f 00
INFO - 2c 75 4a 3c 00 0a a5 00
INFO - 2c 77 8a 3c 00 0a 9d 00
INFO - 2c 7a ca 3c 00 0a b7 00
INFO - 2c 7b 0a 3c 00 0a 9b 00
INFO - 2c 7e 4a 3c 00 0a b6 00
INFO - 2c 80 8a 3c 00 0a a5 00
INFO - 2c 83 ca 3c 00 0a bf 00
INFO - 2c 85 0a 3c 00 0a a6 00
INFO - 2c 87 4a 3c 00 0a a1 00
INFO - 2c 8c 8a 3c 00 0b 40 00
INFO - 2c 8e ca 3c 00 0a bd 00
INFO - 2c 91 0a 3c 00 0a cf 00
INFO - 2c 94 4a 3c 00 0a c9 00
INFO - 2c 97 8a 3c 00 0a c1 00
INFO - 2c 98 ca 3c 00 0a 9e 00
INFO - 2c 9b 0a 3c 00 0a b8 00
INFO - 2c 9d 4a 3c 00 0a b2 00
INFO - 2c 9f 8a 3c 00 0a a1 00
INFO - 2c a1 ca 3c 00 0a b2 00
INFO - 2c a5 0a 3c 00 0b 00 00
INFO - 2c a9 4a 3c 00 0a e2 00
INFO - 2c ab 8a 3c 00 0a ad 00
INFO - 2c ae ca 3c 00 0a e3 00
INFO - 2c b1 0a 3c 00 0a e5 00
INFO - 2c b4 4a 3c 00 0a c2 00
INFO - 2c b6 8a 3c 00 0a 9f 00
INFO - 2c b8 ca 3c 00 0a ab 00
INFO - 2c ba 0a 3c 00 0a b6 00
INFO - 2c bd 4a 3c 00 0a cf 00
INFO - 2c c0 8a 3c 00 0a cf 00
INFO - 2c c2 ca 3c 00 0a 94 00
INFO - 2c c6 0a 3c 00 0a ff 00
INFO - 2c c8 4a 3c 00 0a ab 00
INFO - 2c cb 8a 3c 00 0a c5 00
INFO - 2c cc ca 3c 00 0a 9d 00
INFO - 2c cf 0a 3c 00 0a b8 00
INFO - 2c d1 4a 3c 00 0a ae 00
INFO - 2c d4 8a 3c 00 0a c1 00
INFO - 2c d6 ca 3c 00 0a c4 00
INFO - 2c d9 0a 3c 00 0a ac 00
INFO - 2c db 4a 3c 00 0a bb 00
INFO - 2c dd 8a 3c 00 0a a9 00
INFO - 2c df ca 3c 00 0a 97 00
INFO - 2c e1 0a 3c 00 0a aa 00
INFO - 2c e3 4a 3c 00 0a b9 00
INFO - 2c e6 8a 3c 00 0a b9 00
INFO - 2c e8 ca 3c 00 0a a3 00
INFO - 2c ea 0a 3c 00 0a 95 00
INFO - 2c ec 4a 3c 00 0a aa 00
INFO - 2c ee 8a 3c 00 0a bc 00
INFO - 2c f0 ca 3c 00 0a 92 00
INFO - 2c f2 0a 3c 00 0a bb 00
INFO - 2c f4 4a 3c 00 0a aa 00
INFO - 2c f8 8a 3c 00 0a dd 00
INFO - 2c fa ca 3c 00 0a c5 00
INFO - 2c fc 0a 3c 00 0a 95 00
INFO - 2d 00 4a 3c 00 0a ed 00
INFO - 2d 03 8a 3c 00 0a de 00
INFO - 2d 06 ca 3c 00 0a e7 00
INFO - 2d 08 0a 3c 00 0a 98 00
INFO - 2d 0a 4a 3c 00 0a ab 00
INFO - 2d 0d 8a 3c 00 0a c8 00
INFO - 2d 0f ca 3c 00 0a c2 00
INFO - 2d 13 0a 3c 00 0a e1 00
INFO - 2d 14 4a 3c 00 0a 9d 00
INFO - 2d 16 8a 3c 00 0a 89 00
INFO - 2d 19 ca 3c 00 0a ad 00
INFO - 2d 1b 0a 3c 00 0a 9e 00
INFO - 2d 1e 4a 3c 00 0a c5 00
INFO - 2d 20 8a 3c 00 0a a4 00
INFO - 2d 22 ca 3c 00 0a a9 00
INFO - 2d 23 0a 3c 00 0a 8c 00
INFO - 2d 25 4a 3c 00 0a a9 00
INFO - 2d 28 8a 3c 00 0a c9 00
INFO - 2d 2a ca 3c 00 0a 93 00
INFO - 2d 2c 0a 3c 00 0a c3 00
INFO - 2d 30 4a 3c 00 0b 02 00
INFO - 2d 33 8a 3c 00 0a b0 00
INFO - 2d 35 ca 3c 00 0a aa 00
INFO - 2d 38 0a 3c 00 0a f9 00
INFO - 2d 3b 4a 3c 00 0a b5 00
INFO - 2d 3e 8a 3c 00 0a fa 00
INFO - 2d 42 ca 3c 00 0a e6 00
INFO - 2d 44 0a 3c 00 0a a5 00
INFO - 2d 46 4a 3c 00 0a c2 00
INFO - 2d 49 8a 3c 00 0a c9 00
INFO - 2d 4c ca 3c 00 0a b6 00
INFO - 2d 4f 0a 3c 00 0a d6 00
INFO - 2d 51 4a 3c 00 0a 81 00
INFO - 2d 54 8a 3c 00 0a d2 00
INFO - 2d 56 ca 3c 00 0a a1 00
INFO - 2d 58 0a 3c 00 0a a4 00
INFO - 2d 5a 4a 3c 00 0a 9d 00
INFO - 2d 5d 8a 3c 00 0a de 00
INFO - 2d 5f ca 3c 00 0a a3 00
INFO - 2d 61 0a 3c 00 0a aa 00
INFO - 2d 64 4a 3c 00 0a c4 00
INFO - 2d 67 8a 3c 00 0a d0 00
INFO - 2d 69 ca 3c 00 0a bb 00
INFO - 2d 6c 0a 3c 00 0a b5 00
INFO - 2d 6e 4a 3c 00 0a a0 00
INFO - 2d 70 8a 3c 00 0a b5 00
INFO - 2d 73 ca 3c 00 0a ba 00
INFO - 2d 75 0a 3c 00 0a c0 00
INFO - 2d 77 4a 3c 00 0a 9f 00
INFO - 2d 7a 8a 3c 00 0a bb 00
INFO - 2d 7c ca 3c 00 0a b7 00
INFO - 2d 7f 0a 3c 00 0a ee 00
INFO - 2d 83 4a 3c 00 0a da 00
INFO - 2d 85 8a 3c 00 0a ba 00
INFO - 2d 87 ca 3c 00 0a a7 00
INFO - 2d 8a 0a 3c 00 0a ba 00
INFO - 2d 8c 4a 3c 00 0a b2 00
INFO - 2d 8e 8a 3c 00 0a b9 00
INFO - 2d 91 ca 3c 00 0a bf 00
INFO - 2d 94 0a 3c 00 0a c4 00
INFO - 2d 96 4a 3c 00 0a cb 00
INFO - 2d 98 8a 3c 00 0a ad 00
INFO - 2d 9a ca 3c 00 0a 9b 00
INFO - 2d 9d 0a 3c 00 0a b5 00
INFO - 2d a0 4a 3c 00 0a db 00
INFO - 2d a1 8a 3c 00 0a 83 00
INFO - 2d a4 ca 3c 00 0a b9 00
INFO - 2d a5 0a 3c 00 0a 8e 00
INFO - 2d a7 4a 3c 00 0a 9e 00
INFO - 2d a9 8a 3c 00 0a a1 00
INFO - 2d ab ca 3c 00 0a 99 00
INFO - 2d ae 0a 3c 00 0a d0 00
INFO - 2d af 4a 3c 00 0a 8e 00
INFO - 2d b2 8a 3c 00 0a c3 00
INFO - 2d b4 ca 3c 00 0a 9c 00
INFO - 2d b7 0a 3c 00 0a d8 00
INFO - 2d b8 4a 3c 00 0a 8d 00
INFO - 2d bb 8a 3c 00 0a cb 00
INFO - 2d bd ca 3c 00 0a 9f 00
INFO - 2d bf 0a 3c 00 0a a5 00
INFO - 2d c1 4a 3c 00 0a 6e 00
INFO - 2d c5 8a 3c 00 0a f9 00
INFO - 2d c7 ca 3c 00 0a b6 00
INFO - 2d cd 0a 3c 00 0b 52 00
INFO - 2d ce 4a 3c 00 0a 98 00
INFO - 2d d1 8a 3c 00 0a bf 00
INFO - 2d d4 ca 3c 00 0a c0 00
INFO - 2d d5 0a 3c 00 0a 81 00
INFO - 2d d7 4a 3c 00 0a b5 00
INFO - 2d da 8a 3c 00 0a c5 00
INFO - 2d dd ca 3c 00 0a d6 00
INFO - 2d df 0a 3c 00 0a 96 00
INFO - 2d e2 4a 3c 00 0a d3 00
INFO - 2d e5 8a 3c 00 0a d1 00
INFO - 2d e7 ca 3c 00 0a c9 00
INFO - 2d ea 0a 3c 00 0a cd 00
INFO - 2d ec 4a 3c 00 0a 8e 00
INFO - 2d ee 8a 3c 00 0a a7 00
INFO - 2d f0 ca 3c 00 0a 95 00
INFO - 2d f2 0a 3c 00 0a bd 00
INFO - 2d f5 4a 3c 00 0a c1 00
INFO - 2d f7 8a 3c 00 0a 9b 00
INFO - 2d f9 ca 3c 00 0a b5 00
INFO - 2d fb 0a 3c 00 0a ac 00
INFO - 2d fd 4a 3c 00 0a a5 00
INFO - 2d ff 8a 3c 00 0a a9 00
INFO - 2e 01 ca 3c 00 0a 99 00
INFO - 2e 03 0a 3c 00 0a a8 00
INFO - 2e 05 4a 3c 00 0a ab 00
INFO - 2e 07 8a 3c 00 0a 8d 00
INFO - 2e 09 ca 3c 00 0a 9c 00
INFO - 2e 0a 0a 3c 00 0a 94 00
INFO - 2e 0c 4a 3c 00 0a a2 00
INFO - 2e 0e 8a 3c 00 0a 9a 00
INFO - 2e 11 ca 3c 00 0a c0 00
INFO - 2e 12 0a 3c 00 0a 84 00
INFO - 2e 15 4a 3c 00 0a ca 00
INFO - 2e 17 8a 3c 00 0a 98 00
INFO - 2e 19 ca 3c 00 0a b5 00
INFO - 2e 1d 0a 3c 00 0a f4 00
INFO - 2e 1f 4a 3c 00 0a be 00
INFO - 2e 22 8a 3c 00 0a 8d 00
INFO - 2e 27 ca 3c 00 0b 14 00
INFO - 2e 2a 0a 3c 00 0a d8 00
INFO - 2e 2d 4a 3c 00 0a bd 00
INFO - 2e 2f 8a 3c 00 0a 6c 00
INFO - 2e 30 ca 3c 00 0a 9b 00
INFO - 2e 33 0a 3c 00 0a d1 00
INFO - 2e 37 4a 3c 00 0a e1 00
INFO - 2e 38 8a 3c 00 0a 8e 00
INFO - 2e 3a ca 3c 00 0a a5 00
INFO - 2e 3c 0a 3c 00 0a 87 00
INFO - 2e 3d 4a 3c 00 0a 8a 00
INFO - 2e 3f 8a 3c 00 0a 98 00
INFO - 2e 41 ca 3c 00 0a ae 00
INFO - 2e 43 0a 3c 00 0a 92 00
INFO - 2e 45 4a 3c 00 0a ac 00
INFO - 2e 47 8a 3c 00 0a 95 00
INFO - 2e 49 ca 3c 00 0a b7 00
INFO - 2e 4b 0a 3c 00 0a 9b 00
INFO - 2e 4d 4a 3c 00 0a 9f 00
INFO - 2e 50 8a 3c 00 0a c1 00
INFO - 2e 52 ca 3c 00 0a c8 00
INFO - 2e 54 0a 3c 00 0a 8e 00
INFO - 2e 56 4a 3c 00 0a a6 00
INFO - 2e 58 8a 3c 00 0a 9b 00
INFO - 2e 5b ca 3c 00 0a c5 00
INFO - 2e 5d 0a 3c 00 0a c4 00
INFO - 2e 5f 4a 3c 00 0a 95 00
INFO - 2e 61 8a 3c 00 0a 90 00
INFO - 2e 62 ca 3c 00 0a 9c 00
INFO - 2e 64 0a 3c 00 0a a0 00
INFO - 2e 66 4a 3c 00 0a 9a 00
INFO - 2e 68 8a 3c 00 0a 9f 00
INFO - 2e 6a ca 3c 00 0a 9a 00
INFO - 2e 6c 0a 3c 00 0a b2 00
INFO - 2e 6e 4a 3c 00 0a a0 00
INFO - 2e 70 8a 3c 00 0a a4 00
INFO - 2e 72 ca 3c 00 0a a0 00
INFO - 2e 74 0a 3c 00 0a b9 00
INFO - 2e 76 4a 3c 00 0a 7e 00
INFO - 2e 78 8a 3c 00 0a c9 00
INFO - 2e 7b ca 3c 00 0a af 00
INFO - 2e 7d 0a 3c 00 0a b1 00
INFO - 2e 7f 4a 3c 00 0a bd 00
INFO - 2e 82 8a 3c 00 0a bc 00
INFO - 2e 84 ca 3c 00 0a ab 00
INFO - 2e 85 0a 3c 00 0a 85 00
INFO - 2e 88 4a 3c 00 0a ca 00
INFO - 2e 8a 8a 3c 00 0a ae 00
INFO - 2e 8d ca 3c 00 0a b2 00
INFO - 2e 8e 0a 3c 00 0a 8a 00
INFO - 2e 90 4a 3c 00 0a 92 00
INFO - 2e 92 8a 3c 00 0a a8 00
INFO - 2e 94 ca 3c 00 0a b2 00
INFO - 2e 96 0a 3c 00 0a 88 00
INFO - 2e 99 4a 3c 00 0a dc 00
INFO - 2e 9b 8a 3c 00 0a 9d 00
INFO - 2e 9d ca 3c 00 0a a7 00
INFO - 2e 9e 0a 3c 00 0a 93 00
INFO - 2e a1 4a 3c 00 0a b2 00
INFO - 2e a3 8a 3c 00 0a b2 00
INFO - 2e a5 ca 3c 00 0a 9d 00
INFO - 2e a7 0a 3c 00 0a a8 00
INFO - 2e a9 4a 3c 00 0a 9d 00
INFO - 2e ab 8a 3c 00 0a 9d 00
INFO - 2e ad ca 3c 00 0a b2 00
INFO - 2e af 0a 3c 00 0a b2 00
INFO - 2e b1 4a 3c 00 0a 93 00
INFO - 2e b3 8a 3c 00 0a a8 00
INFO - 2e b5 ca 3c 00 0a 93 00
INFO - 2e b8 0a 3c 00 0a db 00
INFO - 2e ba 4a 3c 00 0a 9d 00
INFO - 2e be 8a 3c 00 0a 9a 00
INFO - 2e bf ca 3c 00 0a 88 00
INFO - 2e c0 0a 3c 00 0a 7e 00
INFO - 2e c3 4a 3c 00 0a bc 00
INFO - 2e c5 8a 3c 00 0a 93 00
INFO - 2e c7 ca 3c 00 0a b1 00
INFO - 2e c8 0a 3c 00 0a 88 00
INFO - 2e ca 4a 3c 00 0a a7 00
INFO - 2e cc 8a 3c 00 0a 93 00
INFO - 2e ce ca 3c 00 0a 95 00
INFO - 2e cf 0a 3c 00 0a 91 00
INFO - 2e d2 4a 3c 00 0a b2 00
INFO - 2e d4 8a 3c 00 0a bc 00
INFO - 2e d6 ca 3c 00 0a a6 00
INFO - 2e d9 0a 3c 00 0a bc 00
INFO - 2e db 4a 3c 00 0a a7 00
INFO - 2e dc 8a 3c 00 0a 96 00
INFO - 2e de ca 3c 00 0a 9b 00
INFO - 2e e0 0a 3c 00 0a 9c 00
INFO - 2e e3 4a 3c 00 0a ca 00
INFO - 2e e6 8a 3c 00 0a d9 00
INFO - 2e e8 ca 3c 00 0a a8 00
INFO - 2e ea 0a 3c 00 0a 8c 00
INFO - 2e ec 4a 3c 00 0a c4 00
INFO - 2e ee 8a 3c 00 0a a9 00
INFO - 2e f1 ca 3c 00 0a bc 00
INFO - 2e f3 0a 3c 00 0a 96 00
INFO - 2e f6 4a 3c 00 0a ee 00
INFO - 2e f8 8a 3c 00 0a b2 00
INFO - 2e fa ca 3c 00 0a a2 00
INFO - 2e fc 0a 3c 00 0a 9a 00
INFO - 2e fe 4a 3c 00 0a 9f 00
INFO - 2f 00 8a 3c 00 0a 94 00
INFO - 2f 03 ca 3c 00 0a e7 00
INFO - 2f 06 0a 3c 00 0a b6 00
INFO - 2f 08 4a 3c 00 0a bb 00
INFO - 2f 0a 8a 3c 00 0a a1 00
INFO - 2f 0d ca 3c 00 0a c5 00
INFO - 2f 0e 0a 3c 00 0a 97 00
INFO - 2f 11 4a 3c 00 0a b0 00
INFO - 2f 13 8a 3c 00 0a bd 00
INFO - 2f 16 ca 3c 00 0a cb 00
INFO - 2f 18 0a 3c 00 0a 90 00
INFO - 2f 1a 4a 3c 00 0a b6 00
INFO - 2f 1c 8a 3c 00 0a 90 00
INFO - 2f 1d ca 3c 00 0a 93 00
INFO - 2f 20 0a 3c 00 0a b6 00
INFO - 2f 22 4a 3c 00 0a a4 00
INFO - 2f 24 8a 3c 00 0a a8 00
INFO - 2f 26 ca 3c 00 0a a1 00
INFO - 2f 28 0a 3c 00 0a a4 00
INFO - 2f 29 4a 3c 00 0a 93 00
INFO - 2f 2c 8a 3c 00 0a ad 00
INFO - 2f 2e ca 3c 00 0a a5 00
INFO - 2f 30 0a 3c 00 0a b1 00
INFO - 2f 32 4a 3c 00 0a 9d 00
INFO - 2f 34 8a 3c 00 0a 9d 00
INFO - 2f 36 ca 3c 00 0a aa 00
INFO - 2f 38 0a 3c 00 0a 9a 00
INFO - 2f 3a 4a 3c 00 0a a0 00
INFO - 2f 3c 8a 3c 00 0a a3 00
INFO - 2f 3e ca 3c 00 0a bf 00
INFO - 2f 41 0a 3c 00 0a b8 00
INFO - 2f 44 4a 3c 00 0a c9 00
INFO - 2f 46 8a 3c 00 0a a3 00
INFO - 2f 48 ca 3c 00 0a bc 00
INFO - 2f 4a 0a 3c 00 0a b0 00
INFO - 2f 4d 4a 3c 00 0a d1 00
INFO - 2f 4f 8a 3c 00 0a a9 00
INFO - 2f 52 ca 3c 00 0a d0 00
INFO - 2f 54 0a 3c 00 0a 99 00
INFO - 2f 56 4a 3c 00 0a a9 00
INFO - 2f 59 8a 3c 00 0a ae 00
INFO - 2f 5b ca 3c 00 0a 83 00
INFO - 2f 5e 0a 3c 00 0a b4 00
INFO - 2f 5f 4a 3c 00 0a 85 00
INFO - 2f 61 8a 3c 00 0a 9c 00
INFO - 2f 63 ca 3c 00 0a b4 00
INFO - 2f 65 0a 3c 00 0a 98 00
INFO - 2f 67 4a 3c 00 0a aa 00
INFO - 2f 69 8a 3c 00 0a b7 00
INFO - 2f 6b ca 3c 00 0a a5 00
INFO - 2f 6e 0a 3c 00 0a a9 00
INFO - 2f 6f 4a 3c 00 0a 83 00
INFO - 2f 71 8a 3c 00 0a b3 00
INFO - 2f 73 ca 3c 00 0a a1 00
INFO - 2f 75 0a 3c 00 0a b0 00
INFO - 2f 77 4a 3c 00 0a 9d 00
INFO - 2f 79 8a 3c 00 0a 98 00
INFO - 2f 7b ca 3c 00 0a a8 00
INFO - 2f 7d 0a 3c 00 0a a2 00
INFO - 2f 7f 4a 3c 00 0a a5 00
INFO - 2f 81 8a 3c 00 0a 9d 00
INFO - 2f 82 ca 3c 00 0a 84 00
INFO - 2f 84 0a 3c 00 0a 91 00
INFO - 2f 86 4a 3c 00 0a 9d 00
INFO - 2f 87 8a 3c 00 0a 83 00
INFO - 2f 89 ca 3c 00 0a 9b 00
INFO - 2f 8b 0a 3c 00 0a 94 00
INFO - 2f 8d 4a 3c 00 0a 98 00
INFO - 2f 8f 8a 3c 00 0a b2 00
INFO - 2f 91 ca 3c 00 0a a2 00
INFO - 2f 94 0a 3c 00 0a c5 00
INFO - 2f 96 4a 3c 00 0a b2 00
INFO - 2f 98 8a 3c 00 0a 98 00
INFO - 2f 9b ca 3c 00 0a e5 00
INFO - 2f 9d 0a 3c 00 0a b7 00
INFO - 2f a0 4a 3c 00 0a c5 00
INFO - 2f a2 8a 3c 00 0a 9f 00
INFO - 2f a4 ca 3c 00 0a 99 00
INFO - 2f a6 0a 3c 00 0a c8 00
INFO - 2f a9 4a 3c 00 0a b9 00
INFO - 2f ab 8a 3c 00 0a 9f 00
INFO - 2f ac ca 3c 00 0a 85 00
INFO - 2f ae 0a 3c 00 0a 9c 00
INFO - 2f b0 4a 3c 00 0a 9c 00
INFO - 2f b2 8a 3c 00 0a bb 00
INFO - 2f b4 ca 3c 00 0a 7d 00
INFO - 2f b5 0a 3c 00 0a 94 00
INFO - 2f b7 4a 3c 00 0a 99 00
INFO - 2f b9 8a 3c 00 0a 9b 00
INFO - 2f bc ca 3c 00 0a c8 00
INFO - 2f bd 0a 3c 00 0a 8f 00
INFO - 2f c0 4a 3c 00 0a bc 00
INFO - 2f c2 8a 3c 00 0a c1 00
INFO - 2f c6 ca 3c 00 0a db 00
INFO - 2f c7 0a 3c 00 0a 98 00
INFO - 2f ca 4a 3c 00 0a 7d 00
INFO - 2f cd 8a 3c 00 0a cd 00
INFO - 2f cf ca 3c 00 0a c5 00
INFO - 2f d1 0a 3c 00 0a 8e 00
INFO - 2f d3 4a 3c 00 0a a4 00
INFO - 2f d5 8a 3c 00 0a 94 00
INFO - 2f d7 ca 3c 00 0a a1 00
INFO - 2f d9 0a 3c 00 0a a4 00
INFO - 2f da 4a 3c 00 0a 8f 00
INFO - 2f dd 8a 3c 00 0a b8 00
INFO - 2f de ca 3c 00 0a 86 00
INFO - 2f e0 0a 3c 00 0a ad 00
INFO - 2f e2 4a 3c 00 0a 88 00
INFO - 2f e4 8a 3c 00 0a c1 00
INFO - 2f e6 ca 3c 00 0a ab 00
INFO - 2f e9 0a 3c 00 0a ac 00
INFO - 2f ea 4a 3c 00 0a 85 00
INFO - 2f ec 8a 3c 00 0a a5 00
INFO - 2f ed ca 3c 00 0a 82 00
INFO - 2f ef 0a 3c 00 0a a3 00
INFO - 2f f1 4a 3c 00 0a a5 00
INFO - 2f f4 8a 3c 00 0a bd 00
INFO - 2f f8 ca 3c 00 0a f9 00
INFO - 2f f9 0a 3c 00 0a 8e 00
INFO - 2f fb 4a 3c 00 0a a5 00
INFO - 2f fd 8a 3c 00 0a 9e 00
INFO - 2f ff ca 3c 00 0a ac 00
INFO - 30 02 0a 3c 00 0a ae 00
INFO - 30 03 4a 3c 00 0a 95 00
INFO - 30 05 8a 3c 00 0a 9a 00
INFO - 30 07 ca 3c 00 0a 8c 00
INFO - 30 08 0a 3c 00 0a 8e 00
INFO - 30 0a 4a 3c 00 0a ae 00
INFO - 30 0c 8a 3c 00 0a 98 00
INFO - 30 0e ca 3c 00 0a 95 00
INFO - 30 10 0a 3c 00 0a ab 00
INFO - 30 12 4a 3c 00 0a 92 00
INFO - 30 14 8a 3c 00 0a 9f 00
INFO - 30 16 ca 3c 00 0a a6 00
INFO - 30 18 0a 3c 00 0a be 00
INFO - 30 1a 4a 3c 00 0a a7 00
INFO - 30 1c 8a 3c 00 0a aa 00
INFO - 30 1f ca 3c 00 0a d0 00
INFO - 30 21 0a 3c 00 0a 98 00
INFO - 30 23 4a 3c 00 0a 9c 00
INFO - 30 26 8a 3c 00 0a 7f 00
INFO - 30 28 ca 3c 00 0a be 00
INFO - 30 2c 0a 3c 00 0a a6 00
INFO - 30 2e 4a 3c 00 0a 97 00
INFO - 30 31 8a 3c 00 0a c4 00
INFO - 30 34 ca 3c 00 0a d3 00
INFO - 30 36 0a 3c 00 0a a2 00
INFO - 30 38 4a 3c 00 0a b3 00
INFO - 30 3a 8a 3c 00 0a a7 00
INFO - 30 3d ca 3c 00 0a b4 00
INFO - 30 3f 0a 3c 00 0a b8 00
INFO - 30 41 4a 3c 00 0a 9d 00
INFO - 30 43 8a 3c 00 0a c1 00
INFO - 30 46 ca 3c 00 0a c3 00
INFO - 30 48 0a 3c 00 0a 95 00
INFO - 30 4a 4a 3c 00 0a ac 00
INFO - 30 4d 8a 3c 00 0a e3 00
INFO - 30 4f ca 3c 00 0a a6 00
INFO - 30 52 0a 3c 00 0a b5 00
INFO - 30 53 4a 3c 00 0a 98 00
INFO - 30 56 8a 3c 00 0a bc 00
INFO - 30 58 ca 3c 00 0a 96 00
INFO - 30 5a 0a 3c 00 0a bd 00
INFO - 30 5c 4a 3c 00 0a ac 00
INFO - 30 5f 8a 3c 00 0a d0 00
INFO - 30 61 ca 3c 00 0a 92 00
INFO - 30 63 0a 3c 00 0a a2 00
INFO - 30 66 4a 3c 00 0a c9 00
INFO - 30 68 8a 3c 00 0a a3 00
INFO - 30 69 ca 3c 00 0a 83 00
INFO - 30 6c 0a 3c 00 0a df 00
INFO - 30 6e 4a 3c 00 0a b1 00
INFO - 30 70 8a 3c 00 0a 90 00
INFO - 30 73 ca 3c 00 0a ca 00
INFO - 30 75 0a 3c 00 0a 93 00
INFO - 30 78 4a 3c 00 0a de 00
INFO - 30 7a 8a 3c 00 0a a7 00
INFO - 30 7c ca 3c 00 0a bf 00
INFO - 30 7f 0a 3c 00 0a cf 00
INFO - 30 81 4a 3c 00 0a a4 00
INFO - 30 83 8a 3c 00 0a 9e 00
INFO - 30 86 ca 3c 00 0a b7 00
INFO - 30 87 0a 3c 00 0a 8f 00
INFO - 30 89 4a 3c 00 0a a9 00
INFO - 30 8b 8a 3c 00 0a ae 00
INFO - 30 8f ca 3c 00 0a e1 00
INFO - 30 91 0a 3c 00 0a af 00
INFO - 30 93 4a 3c 00 0a be 00
INFO - 30 97 8a 3c 00 0a e8 00
INFO - 30 9a ca 3c 00 0a db 00
INFO - 30 9d 0a 3c 00 0a d0 00
INFO - 30 9f 4a 3c 00 0a b8 00
INFO - 30 a2 8a 3c 00 0a b9 00
INFO - 30 a4 ca 3c 00 0a b9 00
INFO - 30 a7 0a 3c 00 0a b9 00
INFO - 30 a8 4a 3c 00 0a 95 00
INFO - 30 ab 8a 3c 00 0a d1 00
INFO - 30 b0 ca 3c 00 0b 27 00
INFO - 30 b2 0a 3c 00 0a a0 00
INFO - 30 b4 4a 3c 00 0a b1 00
INFO - 30 b6 8a 3c 00 0a 85 00
INFO - 30 b8 ca 3c 00 0a be 00
INFO - 30 bb 0a 3c 00 0a ce 00
INFO - 30 bd 4a 3c 00 0a bd 00
INFO - 30 bf 8a 3c 00 0a 9e 00
INFO - 30 c1 ca 3c 00 0a a0 00
INFO - 30 c5 0a 3c 00 0a f9 00
INFO - 30 c6 4a 3c 00 0a 86 00
INFO - 30 c9 8a 3c 00 0a b0 00
INFO - 30 cc ca 3c 00 0a c8 00
INFO - 30 cf 0a 3c 00 0a d4 00
INFO - 30 d1 4a 3c 00 0a 9d 00
INFO - 30 d3 8a 3c 00 0a a0 00
INFO - 30 d4 ca 3c 00 0a 97 00
INFO - 30 d8 0a 3c 00 0b 01 00
INFO - 30 db 4a 3c 00 0a c0 00
INFO - 30 dd 8a 3c 00 0a ad 00
INFO - 30 df ca 3c 00 0a 97 00
INFO - 30 e1 0a 3c 00 0a a9 00
INFO - 30 e3 4a 3c 00 0a a3 00
INFO - 30 e5 8a 3c 00 0a c0 00
INFO - 30 e7 ca 3c 00 0a 94 00
INFO - 30 ea 0a 3c 00 0a bb 00
INFO - 30 eb 4a 3c 00 0a 93 00
INFO - 30 ee 8a 3c 00 0a c4 00
INFO - 30 f1 ca 3c 00 0a 80 00
INFO - 30 f3 0a 3c 00 0a c2 00
INFO - 30 f6 4a 3c 00 0a c2 00
INFO - 30 fa 8a 3c 00 0b 0d 00
INFO - 30 fc ca 3c 00 0a 90 00
INFO - 30 fe 0a 3c 00 0a ad 00
INFO - 31 00 4a 3c 00 0a 9b 00
INFO - 31 02 8a 3c 00 0a ab 00
INFO - 31 05 ca 3c 00 0a dc 00
INFO - 31 08 0a 3c 00 0a ec 00
INFO - 31 0a 4a 3c 00 0a 97 00
INFO - 31 0c 8a 3c 00 0a a5 00
INFO - 31 0f ca 3c 00 0a cd 00
INFO - 31 13 0a 3c 00 0a ed 00
INFO - 31 15 4a 3c 00 0a ad 00
INFO - 31 17 8a 3c 00 0a b2 00
INFO - 31 19 ca 3c 00 0a 9d 00
INFO - 31 1b 0a 3c 00 0a 95 00
INFO - 31 1d 4a 3c 00 0a 99 00
INFO - 31 20 8a 3c 00 0a da 00
INFO - 31 22 ca 3c 00 0a a4 00
INFO - 31 24 0a 3c 00 0a a8 00
INFO - 31 28 4a 3c 00 0b 25 00
INFO - 31 2b 8a 3c 00 0a c9 00
INFO - 31 2d ca 3c 00 0a aa 00
INFO - 31 2f 0a 3c 00 0a 99 00
INFO - 31 31 4a 3c 00 0a 9e 00
INFO - 31 34 8a 3c 00 0a bb 00
INFO - 31 36 ca 3c 00 0a cb 00
INFO - 31 38 0a 3c 00 0a 81 00
INFO - 31 3b 4a 3c 00 0a d3 00
INFO - 31 3d 8a 3c 00 0a aa 00
INFO - 31 3f ca 3c 00 0a b9 00
INFO - 31 41 0a 3c 00 0a a6 00
INFO - 31 45 4a 3c 00 0a f4 00
INFO - 31 47 8a 3c 00 0a be 00
INFO - 31 4a ca 3c 00 0a ad 00
INFO - 31 4c 0a 3c 00 0a ca 00
INFO - 31 4f 4a 3c 00 0a b8 00
INFO - 31 51 8a 3c 00 0a a4 00
INFO - 31 54 ca 3c 00 0a c6 00
INFO - 31 57 0a 3c 00 0a d5 00
INFO - 31 58 4a 3c 00 0a 71 00
INFO - 31 5b 8a 3c 00 0a c7 00
INFO - 31 5d ca 3c 00 0a b0 00
INFO - 31 60 0a 3c 00 0a c6 00
INFO - 31 63 4a 3c 00 0a b3 00
INFO - 31 65 8a 3c 00 0a c4 00
INFO - 31 68 ca 3c 00 0a bb 00
INFO - 31 6a 0a 3c 00 0a a4 00
INFO - 31 6c 4a 3c 00 0a 9d 00
INFO - 31 6e 8a 3c 00 0a c3 00
INFO - 31 71 ca 3c 00 0a d2 00
INFO - 31 73 0a 3c 00 0a 86 00
INFO - 31 75 4a 3c 00 0a c3 00
INFO - 31 77 8a 3c 00 0a a6 00
INFO - 31 7a ca 3c 00 0a b8 00
INFO - 31 7c 0a 3c 00 0a 9d 00
INFO - 31 7e 4a 3c 00 0a b9 00
INFO - 31 81 8a 3c 00 0a bc 00
INFO - 31 82 ca 3c 00 0a 92 00
INFO - 31 85 0a 3c 00 0a cf 00
INFO - 31 88 4a 3c 00 0a ca 00
INFO - 31 8a 8a 3c 00 0a 96 00
INFO - 31 8c ca 3c 00 0a c0 00
INFO - 31 8e 0a 3c 00 0a ad 00
INFO - 31 91 4a 3c 00 0a b1 00
INFO - 31 93 8a 3c 00 0a be 00
INFO - 31 95 ca 3c 00 0a a3 00
INFO - 31 98 0a 3c 00 0a d5 00
INFO - 31 9a 4a 3c 00 0a ae 00
INFO - 31 9d 8a 3c 00 0a be 00
INFO - 31 9f ca 3c 00 0a b9 00
INFO - 31 a2 0a 3c 00 0a ca 00
INFO - 31 a4 4a 3c 00 0a 96 00
INFO - 31 a7 8a 3c 00 0a 94 00
INFO - 31 a9 ca 3c 00 0a a8 00
INFO - 31 ac 0a 3c 00 0a ad 00
INFO - 31 ae 4a 3c 00 0a bd 00
INFO - 31 b0 8a 3c 00 0a a2 00
INFO - 31 b2 ca 3c 00 0a 91 00
INFO - 31 b4 0a 3c 00 0a b8 00
INFO - 31 b6 4a 3c 00 0a a4 00
INFO - 31 b9 8a 3c 00 0a b2 00
INFO - 31 ba ca 3c 00 0a 96 00
INFO - 31 bd 0a 3c 00 0a d1 00
INFO - 31 bf 4a 3c 00 0a a6 00
INFO - 31 c1 8a 3c 00 0a a2 00
INFO - 31 c3 ca 3c 00 0a af 00
INFO - 31 c6 0a 3c 00 0a b9 00
INFO - 31 c9 4a 3c 00 0a d4 00
INFO - 31 cb 8a 3c 00 0a 96 00
INFO - 31 cd ca 3c 00 0a a5 00
INFO - 31 cf 0a 3c 00 0a a7 00
INFO - 31 d1 4a 3c 00 0a 96 00
INFO - 31 d4 8a 3c 00 0a dc 00
INFO - 31 d6 ca 3c 00 0a ba 00
INFO - 31 d8 0a 3c 00 0a b3 00
INFO - 31 da 4a 3c 00 0a 96 00
INFO - 31 dd 8a 3c 00 0a b1 00
INFO - 31 df ca 3c 00 0a bd 00
INFO - 31 e2 0a 3c 00 0a c6 00
INFO - 31 e4 4a 3c 00 0a b8 00
INFO - 31 e7 8a 3c 00 0a c6 00
INFO - 31 ea ca 3c 00 0a dd 00
INFO - 31 ed 0a 3c 00 0a b0 00
INFO - 31 ef 4a 3c 00 0a bd 00
INFO - 31 f1 8a 3c 00 0a a2 00
INFO - 31 f4 ca 3c 00 0a bb 00
INFO - 31 f6 0a 3c 00 0a c6 00
INFO - 31 f9 4a 3c 00 0a 8a 00
INFO - 31 fb 8a 3c 00 0a a1 00
INFO - 32 01 ca 3c 00 0a ca 00
INFO - 32 04 0a 3c 00 0a dd 00
INFO - 32 07 4a 3c 00 0a ba 00
INFO - 32 0a 8a 3c 00 0a d1 00
INFO - 32 0b ca 3c 00 0a 9a 00
INFO - 32 0d 0a 3c 00 0a 8e 00
INFO - 32 0f 4a 3c 00 0a ba 00
INFO - 32 12 8a 3c 00 0a a7 00
INFO - 32 14 ca 3c 00 0a cd 00
INFO - 32 18 0a 3c 00 0a e9 00
INFO - 32 1a 4a 3c 00 0a a0 00
INFO - 32 1c 8a 3c 00 0a 99 00
INFO - 32 1d ca 3c 00 0a 99 00
INFO - 32 1f 0a 3c 00 0a 90 00
INFO - 32 22 4a 3c 00 0a c4 00
INFO - 32 24 8a 3c 00 0a aa 00
INFO - 32 26 ca 3c 00 0a a3 00
INFO - 32 29 0a 3c 00 0a c7 00
INFO - 32 2b 4a 3c 00 0a aa 00
INFO - 32 2c 8a 3c 00 0a 8d 00
INFO - 32 2e ca 3c 00 0a b0 00
INFO - 32 31 0a 3c 00 0a a9 00
INFO - 32 32 4a 3c 00 0a 98 00
INFO - 32 34 8a 3c 00 0a a5 00
INFO - 32 36 ca 3c 00 0a 9e 00
INFO - 32 38 0a 3c 00 0a 8c 00
INFO - 32 3a 4a 3c 00 0a a4 00
INFO - 32 3c 8a 3c 00 0a b3 00
INFO - 32 3f ca 3c 00 0a 81 00
INFO - 32 41 0a 3c 00 0a af 00
INFO - 32 43 4a 3c 00 0a a8 00
INFO - 32 44 8a 3c 00 0a 80 00
INFO - 32 46 ca 3c 00 0a 99 00
INFO - 32 48 0a 3c 00 0a 9c 00
INFO - 32 4a 4a 3c 00 0a 98 00
INFO - 32 4c 8a 3c 00 0a 9d 00
INFO - 32 4e ca 3c 00 0a 95 00
INFO - 32 52 0a 3c 00 0b 29 00
INFO - 32 54 4a 3c 00 0a a3 00
INFO - 32 57 8a 3c 00 0a b2 00
INFO - 32 59 ca 3c 00 0a cc 00
INFO - 32 5c 0a 3c 00 0a b1 00
INFO - 32 5e 4a 3c 00 0a ab 00
INFO - 32 60 8a 3c 00 0a ac 00
INFO - 32 63 ca 3c 00 0a d2 00
INFO - 32 66 0a 3c 00 0a d2 00
INFO - 32 69 4a 3c 00 0a b5 00
INFO - 32 6a 8a 3c 00 0a 9a 00
INFO - 32 6d ca 3c 00 0a b2 00
INFO - 32 6f 0a 3c 00 0a ab 00
INFO - 32 70 4a 3c 00 0a 8f 00
INFO - 32 73 8a 3c 00 0a d1 00
INFO - 32 75 ca 3c 00 0a 95 00
INFO - 32 78 0a 3c 00 0a bb 00
INFO - 32 7a 4a 3c 00 0a ae 00
INFO - 32 7c 8a 3c 00 0a 9c 00
INFO - 32 7e ca 3c 00 0a a9 00
INFO - 32 81 0a 3c 00 0a d6 00
INFO - 32 83 4a 3c 00 0a 78 00
INFO - 32 85 8a 3c 00 0a a9 00
INFO - 32 87 ca 3c 00 0a 99 00
INFO - 32 89 0a 3c 00 0a 9a 00
INFO - 32 8b 4a 3c 00 0a b3 00
INFO - 32 8d 8a 3c 00 0a 8d 00
INFO - 32 8f ca 3c 00 0a bb 00
INFO - 32 91 0a 3c 00 0a a5 00
INFO - 32 93 4a 3c 00 0a 91 00
INFO - 32 95 8a 3c 00 0a c3 00
INFO - 32 98 ca 3c 00 0a b9 00
INFO - 32 99 0a 3c 00 0a 86 00
INFO - 32 9c 4a 3c 00 0a b9 00
INFO - 32 9f 8a 3c 00 0a cc 00
INFO - 32 a0 ca 3c 00 0a 9a 00
INFO - 32 a2 0a 3c 00 0a 9a 00
INFO - 32 a5 4a 3c 00 0a b7 00
INFO - 32 a6 8a 3c 00 0a 7d 00
INFO - 32 a9 ca 3c 00 0a c6 00
INFO - 32 af 0a 3c 00 0a bc 00
INFO - 32 b1 4a 3c 00 0a 8f 00
INFO - 32 b3 8a 3c 00 0a a0 00
INFO - 32 b5 ca 3c 00 0a ac 00
INFO - 32 b6 0a 3c 00 0a 85 00
INFO - 32 b9 4a 3c 00 0a cd 00
INFO - 32 bc 8a 3c 00 0a bd 00
INFO - 32 bd ca 3c 00 0a 88 00
INFO - 32 c0 0a 3c 00 0a bd 00
INFO - 32 c1 4a 3c 00 0a 97 00
INFO - 32 c4 8a 3c 00 0a ba 00
INFO - 32 c6 ca 3c 00 0a 9e 00
INFO - 32 c8 0a 3c 00 0a a6 00
INFO - 32 c9 4a 3c 00 0a 95 00
INFO - 32 cb 8a 3c 00 0a a2 00
INFO - 32 ce ca 3c 00 0a b0 00
INFO - 32 d0 0a 3c 00 0a a8 00
INFO - 32 d2 4a 3c 00 0a b0 00
INFO - 32 d4 8a 3c 00 0a 8b 00
INFO - 32 d5 ca 3c 00 0a 8f 00
INFO - 32 d8 0a 3c 00 0a c3 00
INFO - 32 d9 4a 3c 00 0a 95 00
INFO - 32 db 8a 3c 00 0a 8f 00
INFO - 32 dd ca 3c 00 0a a6 00
INFO - 32 df 0a 3c 00 0a a9 00
INFO - 32 e1 4a 3c 00 0a 9c 00
INFO - 32 e3 8a 3c 00 0a a8 00
INFO - 32 e5 ca 3c 00 0a 85 00
INFO - 32 e7 0a 3c 00 0a b9 00
INFO - 32 e9 4a 3c 00 0a 98 00
INFO - 32 ea 8a 3c 00 0a 8c 00
INFO - 32 ed ca 3c 00 0a 81 00
INFO - 32 ef 0a 3c 00 0a 98 00
INFO - 32 f0 4a 3c 00 0a 8c 00
INFO - 32 f3 8a 3c 00 0a b8 00
INFO - 32 f5 ca 3c 00 0a bb 00
INFO - 32 f7 0a 3c 00 0a af 00
INFO - 32 f9 4a 3c 00 0a a7 00
INFO - 32 fb 8a 3c 00 0a a5 00
INFO - 32 fe ca 3c 00 0a b0 00
INFO - 32 ff 0a 3c 00 0a 8e 00
INFO - 33 01 4a 3c 00 0a ae 00
INFO - 33 03 8a 3c 00 0a 9e 00
INFO - 33 06 ca 3c 00 0a b5 00
INFO - 33 08 0a 3c 00 0a 9b 00
INFO - 33 09 4a 3c 00 0a 9d 00
INFO - 33 0c 8a 3c 00 0a b9 00
INFO - 33 0e ca 3c 00 0a 94 00
INFO - 33 10 0a 3c 00 0a ab 00
INFO - 33 12 4a 3c 00 0a 9b 00
INFO - 33 17 8a 3c 00 0a a9 00
INFO - 33 19 ca 3c 00 0a 8b 00
INFO - 33 1b 0a 3c 00 0a b0 00
INFO - 33 1d 4a 3c 00 0a a0 00
INFO - 33 1f 8a 3c 00 0a c1 00
INFO - 33 22 ca 3c 00 0a c6 00
INFO - 33 24 0a 3c 00 0a b4 00
INFO - 33 26 4a 3c 00 0a a5 00
INFO - 33 29 8a 3c 00 0a d6 00
INFO - 33 2b ca 3c 00 0a a7 00
INFO - 33 2e 0a 3c 00 0a bf 00
INFO - 33 30 4a 3c 00 0a 9a 00
INFO - 33 32 8a 3c 00 0a 9d 00
INFO - 33 33 ca 3c 00 0a 83 00
INFO - 33 35 0a 3c 00 0a 9d 00
INFO - 33 38 4a 3c 00 0a d4 00
INFO - 33 3a 8a 3c 00 0a ae 00
INFO - 33 3c ca 3c 00 0a 93 00
INFO - 33 3d 0a 3c 00 0a 84 00
INFO - 33 3f 4a 3c 00 0a 93 00
INFO - 33 40 8a 3c 00 0a 86 00
INFO - 33 42 ca 3c 00 0a 8e 00
INFO - 33 43 0a 3c 00 0a 90 00
INFO - 33 45 4a 3c 00 0a 9e 00
INFO - 33 47 8a 3c 00 0a 83 00
INFO - 33 48 ca 3c 00 0a 90 00
INFO - 33 4a 0a 3c 00 0a a7 00
INFO - 33 4c 4a 3c 00 0a 8d 00
INFO - 33 4e 8a 3c 00 0a a8 00
INFO - 33 50 ca 3c 00 0a a0 00
INFO - 33 52 0a 3c 00 0a b1 00
INFO - 33 54 4a 3c 00 0a 82 00
INFO - 33 55 8a 3c 00 0a 93 00
INFO - 33 57 ca 3c 00 0a aa 00
INFO - 33 5a 0a 3c 00 0a ba 00
INFO - 33 5c 4a 3c 00 0a b3 00
INFO - 33 5e 8a 3c 00 0a a6 00
INFO - 33 60 ca 3c 00 0a a9 00
INFO - 33 65 0a 3c 00 0b 2e 00
INFO - 33 67 4a 3c 00 0a a6 00
INFO - 33 69 8a 3c 00 0a b4 00
INFO - 33 6b ca 3c 00 0a 9c 00
INFO - 33 6d 0a 3c 00 0a 61 00
INFO - 33 6e 4a 3c 00 0a 8f 00
INFO - 33 70 8a 3c 00 0a a6 00
INFO - 33 72 ca 3c 00 0a a3 00
INFO - 33 74 0a 3c 00 0a a9 00
INFO - 33 76 4a 3c 00 0a a6 00
INFO - 33 78 8a 3c 00 0a 8e 00
INFO - 33 7a ca 3c 00 0a 9f 00
INFO - 33 7c 0a 3c 00 0a 91 00
INFO - 33 7e 4a 3c 00 0a ca 00
INFO - 33 81 8a 3c 00 0a bf 00
INFO - 33 83 ca 3c 00 0a 95 00
INFO - 33 84 0a 3c 00 0a 8e 00
INFO - 33 86 4a 3c 00 0a a5 00
INFO - 33 88 8a 3c 00 0a 99 00
INFO - 33 8a ca 3c 00 0a a1 00
INFO - 33 8c 0a 3c 00 0a a9 00
INFO - 33 8f 4a 3c 00 0a c2 00
INFO - 33 90 8a 3c 00 0a 99 00
INFO - 33 93 ca 3c 00 0a ab 00
INFO - 33 95 0a 3c 00 0a b4 00
INFO - 33 97 4a 3c 00 0a a6 00
INFO - 33 9a 8a 3c 00 0a c1 00
INFO - 33 9b ca 3c 00 0a 99 00
INFO - 33 9d 0a 3c 00 0a a3 00
INFO - 33 a0 4a 3c 00 0a aa 00
INFO - 33 a1 8a 3c 00 0a 89 00
INFO - 33 a3 ca 3c 00 0a b8 00
INFO - 33 a6 0a 3c 00 0a c2 00
INFO - 33 a8 4a 3c 00 0a a4 00
INFO - 33 a9 8a 3c 00 0a 88 00
INFO - 33 ac ca 3c 00 0a b5 00
INFO - 33 ae 0a 3c 00 0a 96 00
INFO - 33 af 4a 3c 00 0a 94 00
INFO - 33 b1 8a 3c 00 0a ad 00
INFO - 33 b3 ca 3c 00 0a a4 00
INFO - 33 b6 0a 3c 00 0a ca 00
INFO - 33 b8 4a 3c 00 0a 9a 00
INFO - 33 ba 8a 3c 00 0a a3 00
INFO - 33 bc ca 3c 00 0a 9c 00
INFO - 33 bd 0a 3c 00 0a 8b 00
INFO - 33 bf 4a 3c 00 0a 9e 00
INFO - 33 c1 8a 3c 00 0a a9 00
INFO - 33 c3 ca 3c 00 0a a2 00
INFO - 33 c6 0a 3c 00 0a b7 00
INFO - 33 c7 4a 3c 00 0a 8e 00
INFO - 33 c9 8a 3c 00 0a a2 00
INFO - 33 cb ca 3c 00 0a a4 00
INFO - 33 cd 0a 3c 00 0a af 00
INFO - 33 cf 4a 3c 00 0a a0 00
INFO - 33 d1 8a 3c 00 0a a7 00
INFO - 33 d3 ca 3c 00 0a 95 00
INFO - 33 d5 0a 3c 00 0a a3 00
INFO - 33 d7 4a 3c 00 0a 85 00
INFO - 33 d9 8a 3c 00 0a b7 00
INFO - 33 da ca 3c 00 0a 7b 00
INFO - 33 dc 0a 3c 00 0a b0 00
INFO - 33 de 4a 3c 00 0a 96 00
INFO - 33 e1 8a 3c 00 0a bb 00
INFO - 33 e3 ca 3c 00 0a aa 00
INFO - 33 e4 0a 3c 00 0a 80 00
INFO - 33 e6 4a 3c 00 0a a9 00
INFO - 33 e9 8a 3c 00 0a d6 00
INFO - 33 eb ca 3c 00 0a 86 00
INFO - 33 ed 0a 3c 00 0a a8 00
INFO - 33 ef 4a 3c 00 0a ae 00
INFO - 33 f1 8a 3c 00 0a b8 00
INFO - 33 f3 ca 3c 00 0a a0 00
INFO - 33 f5 0a 3c 00 0a a8 00
INFO - 33 f8 4a 3c 00 0a ae 00
INFO - 33 f9 8a 3c 00 0a 90 00
INFO - 33 fb ca 3c 00 0a ab 00
