INFO - 20 00 8a 3c 00 0a 40 00
INFO - 20 04 ca 3c 00 0a e6 00
INFO - 20 0b 0a 3c 00 0a 76 00
INFO - 20 0e 4a 3c 00 0a d8 00
INFO - 20 0f 8a 3c 00 0a 6f 00
INFO - 20 0f ca 3c 00 0a 6f 00
INFO - 20 0f 0a 3c 00 0a 6f 00
INFO - 20 0f 4a 3c 00 0a 6f 00
INFO - 20 13 8a 3c 00 0a 79 00
INFO - 20 1a ca 3c 00 0b 92 00
INFO - 20 1c 0a 3c 00 0a a2 00
INFO - 20 1e 4a 3c 00 0a bd 00
INFO - 20 22 8a 3c 00 0a d8 00
INFO - 20 22 ca 3c 00 0a d8 00
INFO - 20 26 0a 3c 00 0a ba 00
INFO - 20 26 4a 3c 00 0a ba 00
INFO - 20 2a 8a 3c 00 0a 96 00
INFO - 20 2e ca 3c 00 0a f5 00
INFO - 20 2e 0a 3c 00 0a f5 00
INFO - 20 32 4a 3c 00 0a a4 00
INFO - 20 32 8a 3c 00 0a a4 00
INFO - 20 32 ca 3c 00 0a a4 00
INFO - 20 3b 0a 3c 00 0a dd 00
INFO - 20 3b 4a 3c 00 0a dd 00
INFO - 20 3e 8a 3c 00 0a 81 00
INFO - 20 3e ca 3c 00 0a 81 00
INFO - 20 3f 0a 3c 00 0a 55 00
INFO - 20 45 4a 3c 00 0b 93 00
INFO - 20 45 8a 3c 00 0b 93 00
INFO - 20 49 ca 3c 00 0a 9f 00
INFO - 20 49 0a 3c 00 0a 9f 00
INFO - 20 4d 4a 3c 00 0a 94 00
INFO - 20 50 8a 3c 00 0a dc 00
INFO - 20 52 ca 3c 00 0a ac 00
INFO - 20 54 0a 3c 00 0a b1 00
INFO - 20 56 4a 3c 00 0a a1 00
INFO - 20 58 8a 3c 00 0a 8a 00
INFO - 20 5a ca 3c 00 0a b2 00
INFO - 20 5c 0a 3c 00 0a 9c 00
INFO - 20 5e 4a 3c 00 0a c0 00
INFO - 20 61 8a 3c 00 0a db 00
INFO - 20 64 ca 3c 00 0a ab 00
INFO - 20 66 0a 3c 00 0a a6 00
INFO - 20 67 4a 3c 00 0a 96 00
INFO - 20 69 8a 3c 00 0a 94 00
INFO - 20 6b ca 3c 00 0a b1 00
INFO - 20 6d 0a 3c 00 0a 8b 00
INFO - 20 6f 4a 3c 00 0a aa 00
INFO - 20 71 8a 3c 00 0a 9c 00
INFO - 20 73 ca 3c 00 0a b7 00
INFO - 20 75 0a 3c 00 0a 9b 00
