INFO - a0 00 ca 08 b3 01 55 0b
INFO - a0 00 0a 10 47 a7 e1 99
INFO - a0 00 4a 18 00 01 86 a0
INFO - a0 00 8a 08 b3 01 54 e2
INFO - a0 00 ca 10 47 a7 e1 9f
INFO - a0 00 0a 18 00 01 86 a0
INFO - a0 02 4a 08 b3 01 54 18
INFO - a0 02 8a 10 47 a7 e1 ba
INFO - a0 02 ca 18 00 01 86 a0
INFO - a0 04 0a 08 b3 01 53 49
INFO - a0 04 4a 10 47 a7 e1 dc
INFO - a0 04 8a 18 00 01 86 a0
INFO - a0 06 ca 08 b3 01 52 7f
INFO - a0 06 0a 10 47 a7 e1 f7
INFO - a0 06 4a 18 00 01 86 a0
INFO - a0 08 8a 08 b3 01 51 af
INFO - a0 08 ca 10 47 a7 e2 18
INFO - a0 08 0a 18 00 01 86 a0
INFO - a0 0a 4a 08 b3 01 50 e0
INFO - a0 0a 8a 10 47 a7 e2 3a
INFO - a0 0a ca 18 00 01 86 a0
INFO - a0 0c 0a 08 b3 01 50 16
INFO - a0 0c 4a 10 47 a7 e2 54
INFO - a0 0c 8a 18 00 01 86 a0
INFO - a0 0e ca 08 b3 01 4f 47
INFO - a0 0e 0a 10 47 a7 e2 76
INFO - a0 0e 4a 18 00 01 86 a0
INFO - a0 10 8a 08 b3 01 4e 7d
INFO - a0 10 ca 10 47 a7 e2 91
INFO - a0 10 0a 18 00 01 86 a0
INFO - a0 12 4a 08 b3 01 4d ae
INFO - a0 12 8a 10 47 a7 e2 b2
INFO - a0 12 ca 18 00 01 86 a0
INFO - a0 14 0a 08 b3 01 4c e4
INFO - a0 14 4a 10 47 a7 e2 d4
INFO - a0 14 8a 18 00 01 86 a0
INFO - a0 16 ca 08 b3 01 4c 1b
INFO - a0 16 0a 10 47 a7 e2 ef
INFO - a0 16 4a 18 00 01 86 a0
INFO - a0 18 8a 08 b3 01 4b 4b
INFO - a0 18 ca 10 47 a7 e3 10
INFO - a0 18 0a 18 00 01 86 a0
INFO - a0 1a 4a 08 b3 01 4a 7b
INFO - a0 1a 8a 10 47 a7 e3 32
INFO - a0 1a ca 18 00 01 86 a0
INFO - a0 1c 0a 08 b3 01 49 b2
INFO - a0 1c 4a 10 47 a7 e3 4c
INFO - a0 1c 8a 18 00 01 86 a0
INFO - a0 1e ca 08 b3 01 48 e9
INFO - a0 1e 0a 10 47 a7 e3 6e
INFO - a0 1e 4a 18 00 01 86 a0
INFO - a0 20 8a 08 b3 01 48 19
INFO - a0 20 ca 10 47 a7 e3 89
INFO - a0 20 0a 18 00 01 86 a0
INFO - a0 22 4a 08 b3 01 47 50
INFO - a0 22 8a 10 47 a7 e3 aa
INFO - a0 22 ca 18 00 01 86 a0
INFO - a0 24 0a 08 b3 01 46 80
INFO - a0 24 4a 10 47 a7 e3 cc
INFO - a0 24 8a 18 00 01 86 a0
INFO - a0 26 ca 08 b3 01 45 b7
INFO - a0 26 0a 10 47 a7 e3 e7
INFO - a0 26 4a 18 00 01 86 a0
INFO - a0 28 8a 08 b3 01 44 e7
INFO - a0 28 ca 10 47 a7 e4 08
INFO - a0 28 0a 18 00 01 86 a0
INFO - a0 2a 4a 08 b3 01 44 17
INFO - a0 2a 8a 10 47 a7 e4 2a
INFO - a0 2a ca 18 00 01 86 a0
INFO - a0 2c 0a 08 b3 01 43 4e
INFO - a0 2c 4a 10 47 a7 e4 45
INFO - a0 2c 8a 18 00 01 86 a0
INFO - a0 2e ca 08 b3 01 42 7e
INFO - a0 2e 0a 10 47 a7 e4 66
INFO - a0 2e 4a 18 00 01 86 a0
INFO - a0 30 8a 08 b3 01 41 b5
INFO - a0 30 ca 10 47 a7 e4 88
INFO - a0 30 0a 18 00 01 86 a0
INFO - a0 32 4a 08 b3 01 40 e5
INFO - a0 32 8a 10 47 a7 e4 a2
INFO - a0 32 ca 18 00 01 86 a0
INFO - a0 34 0a 08 b3 01 40 1c
INFO - a0 34 4a 10 47 a7 e4 c4
INFO - a0 34 8a 18 00 01 86 a0
INFO - a0 36 ca 08 b3 01 3f 4c
INFO - a0 36 0a 10 47 a7 e4 e6
INFO - a0 36 4a 18 00 01 86 a0
INFO - a0 38 8a 08 b3 01 3e 83
INFO - a0 38 ca 10 47 a7 e5 00
INFO - a0 38 0a 18 00 01 86 a0
INFO - a0 3a 4a 08 b3 01 3d b3
INFO - a0 3a 8a 10 47 a7 e5 22
INFO - a0 3a ca 18 00 01 86 a0
INFO - a0 3c 0a 08 b3 01 3c ea
INFO - a0 3c 4a 10 47 a7 e5 3d
INFO - a0 3c 8a 18 00 01 86 a0
INFO - a0 3e ca 08 b3 01 3c 1a
INFO - a0 3e 0a 10 47 a7 e5 5e
INFO - a0 3e 4a 18 00 01 86 a0
INFO - a0 40 8a 08 b3 01 3b 51
INFO - a0 40 ca 10 47 a7 e5 80
INFO - a0 40 0a 18 00 01 86 a0
INFO - a0 42 4a 08 b3 01 3a 81
INFO - a0 42 8a 10 47 a7 e5 9b
INFO - a0 42 ca 18 00 01 86 a0
INFO - a0 44 0a 40 57 00 00 02
INFO - a0 44 4a 40 57 00 00 02
INFO - a0 44 8a 40 57 00 00 02
INFO - a0 44 ca 40 57 00 00 02
INFO - a0 44 0a 08 b3 01 39 b8
INFO - a0 44 4a 10 47 a7 e5 bc
INFO - a0 44 8a 18 00 01 86 a0
INFO - a0 46 ca 08 b3 01 38 e8
INFO - a0 46 0a 10 47 a7 e5 de
INFO - a0 46 4a 18 00 01 86 a0
INFO - a0 48 8a 08 b3 01 38 1f
INFO - a0 48 ca 10 47 a7 e5 f8
INFO - a0 48 0a 18 00 01 86 a0
INFO - a0 4a 4a 08 b3 01 37 4f
INFO - a0 4a 8a 10 47 a7 e6 1a
INFO - a0 4a ca 18 00 01 86 a0
INFO - a0 4c 0a 08 b3 01 36 86
INFO - a0 4c 4a 10 47 a7 e6 35
INFO - a0 4c 8a 18 00 01 86 a0
INFO - a0 4e ca 08 b3 01 35 b6
INFO - a0 4e 0a 10 47 a7 e6 56
INFO - a0 4e 4a 18 00 01 86 a0
INFO - a0 50 8a 08 b3 01 34 ed
INFO - a0 50 ca 10 47 a7 e6 71
INFO - a0 50 0a 18 00 01 86 a0
INFO - a0 52 4a 08 b3 01 34 1d
INFO - a0 52 8a 10 47 a7 e6 93
INFO - a0 52 ca 18 00 01 86 a0
INFO - a0 54 0a 08 b3 01 33 54
INFO - a0 54 4a 10 47 a7 e6 b4
INFO - a0 54 8a 18 00 01 86 a0
INFO - a0 56 ca 08 b3 01 32 84
INFO - a0 56 0a 10 47 a7 e6 cf
INFO - a0 56 4a 18 00 01 86 a0
INFO - a0 58 8a 08 b3 01 31 bb
INFO - a0 58 ca 10 47 a7 e6 f1
INFO - a0 58 0a 18 00 01 86 a0
INFO - a0 5a 4a 08 b3 01 30 eb
INFO - a0 5a 8a 10 47 a7 e7 12
INFO - a0 5a ca 18 00 01 86 a0
INFO - a0 5c 0a 08 b3 01 30 1b
INFO - a0 5c 4a 10 47 a7 e7 2d
INFO - a0 5c 8a 18 00 01 86 a0
INFO - a0 5e ca 08 b3 01 2f 52
INFO - a0 5e 0a 10 47 a7 e7 4e
INFO - a0 5e 4a 18 00 01 86 a0
INFO - a0 60 8a 08 b3 01 2e 82
INFO - a0 60 ca 10 47 a7 e7 70
INFO - a0 60 0a 18 00 01 86 a0
INFO - a0 62 4a 08 b3 01 2d b9
INFO - a0 62 8a 10 47 a7 e7 8b
INFO - a0 62 ca 18 00 01 86 a0
INFO - a0 64 0a 08 b3 01 2c e9
INFO - a0 64 4a 10 47 a7 e7 ac
INFO - a0 64 8a 18 00 01 86 a0
INFO - a0 66 ca 08 b3 01 2c 20
INFO - a0 66 0a 10 47 a7 e7 c7
INFO - a0 66 4a 18 00 01 86 a0
INFO - a0 68 8a 08 b3 01 2b 50
INFO - a0 68 ca 10 47 a7 e7 e9
INFO - a0 68 0a 18 00 01 86 a0
INFO - a0 6a 4a 08 b3 01 2a 87
INFO - a0 6a 8a 10 47 a7 e8 0a
INFO - a0 6a ca 18 00 01 86 a0
INFO - a0 6c 0a 08 b3 01 29 be
INFO - a0 6c 4a 10 47 a7 e8 25
INFO - a0 6c 8a 18 00 01 86 a0
INFO - a0 6e ca 08 b3 01 28 ee
INFO - a0 6e 0a 10 47 a7 e8 47
INFO - a0 6e 4a 18 00 01 86 a0
INFO - a0 70 8a 08 b3 01 28 25
INFO - a0 70 ca 10 47 a7 e8 68
INFO - a0 70 0a 18 00 01 86 a0
INFO - a0 72 4a 08 b3 01 27 55
INFO - a0 72 8a 10 47 a7 e8 83
INFO - a0 72 ca 18 00 01 86 a0
INFO - a0 74 0a 08 b3 01 26 8b
INFO - a0 74 4a 10 47 a7 e8 a4
INFO - a0 74 8a 18 00 01 86 a0
INFO - a0 76 ca 08 b3 01 25 bc
INFO - a0 76 0a 10 47 a7 e8 bf
INFO - a0 76 4a 18 00 01 86 a0
INFO - a0 78 8a 08 b3 01 24 f2
INFO - a0 78 ca 10 47 a7 e8 e1
INFO - a0 78 0a 18 00 01 86 a0
INFO - a0 7a 4a 08 b3 01 24 23
INFO - a0 7a 8a 10 47 a7 e9 02
INFO - a0 7a ca 18 00 01 86 a0
INFO - a0 7c 0a 08 b3 01 23 59
INFO - a0 7c 4a 10 47 a7 e9 1d
INFO - a0 7c 8a 18 00 01 86 a0
INFO - a0 7e ca 08 b3 01 22 8a
INFO - a0 7e 0a 10 47 a7 e9 3f
INFO - a0 7e 4a 18 00 01 86 a0
INFO - a0 80 8a 08 b3 01 21 c0
INFO - a0 80 ca 10 47 a7 e9 60
INFO - a0 80 0a 18 00 01 86 a0
INFO - a0 82 4a 08 b3 01 20 f0
INFO - a0 82 8a 10 47 a7 e9 7b
INFO - a0 82 ca 18 00 01 86 a0
INFO - a0 84 0a 08 b3 01 20 21
INFO - a0 84 4a 10 47 a7 e9 9d
INFO - a0 84 8a 18 00 01 86 a0
INFO - a0 86 ca 08 b3 01 1f 57
INFO - a0 86 0a 10 47 a7 e9 be
INFO - a0 86 4a 18 00 01 86 a0
INFO - a0 88 8a 08 b3 01 1e 88
INFO - a0 88 ca 10 47 a7 e9 d9
INFO - a0 88 0a 18 00 01 86 a0
INFO - a0 8a 4a 08 b3 01 1d be
INFO - a0 8a 8a 10 47 a7 e9 fa
INFO - a0 8a ca 18 00 01 86 a0
INFO - a0 8c 0a 08 b3 01 1c ef
INFO - a0 8c 4a 10 47 a7 ea 15
INFO - a0 8c 8a 18 00 01 86 a0
INFO - a0 8e ca 08 b3 01 1c 25
INFO - a0 8e 0a 10 47 a7 ea 37
INFO - a0 8e 4a 18 00 01 86 a0
INFO - a0 90 8a 08 b3 01 1b 56
INFO - a0 90 ca 10 47 a7 ea 58
INFO - a0 90 0a 18 00 01 86 a0
INFO - a0 92 4a 08 b3 01 1a 8c
INFO - a0 92 8a 10 47 a7 ea 73
INFO - a0 92 ca 18 00 01 86 a0
INFO - a0 94 0a 08 b3 01 19 bc
INFO - a0 94 4a 10 47 a7 ea 95
INFO - a0 94 8a 18 00 01 86 a0
INFO - a0 96 ca 08 b3 01 18 f3
INFO - a0 96 0a 10 47 a7 ea b6
INFO - a0 96 4a 18 00 01 86 a0
INFO - a0 98 8a 08 b3 01 18 23
INFO - a0 98 ca 10 47 a7 ea d1
INFO - a0 98 0a 18 00 01 86 a0
INFO - a0 9a 4a 08 b3 01 17 54
INFO - a0 9a 8a 10 47 a7 ea f2
INFO - a0 9a ca 18 00 01 86 a0
INFO - a0 9c 0a 08 b3 01 16 8a
INFO - a0 9c 4a 10 47 a7 eb 14
INFO - a0 9c 8a 18 00 01 86 a0
INFO - a0 9e ca 08 b3 01 15 bb
INFO - a0 9e 0a 10 47 a7 eb 2f
INFO - a0 9e 4a 18 00 01 86 a0
INFO - a0 a0 8a 08 b3 01 14 f1
INFO - a0 a0 ca 10 47 a7 eb 50
INFO - a0 a0 0a 18 00 01 86 a0
INFO - a0 a2 4a 08 b3 01 14 21
INFO - a0 a2 8a 10 47 a7 eb 6b
INFO - a0 a2 ca 18 00 01 86 a0
INFO - a0 a4 0a 08 b3 01 13 58
INFO - a0 a4 4a 10 47 a7 eb 8d
INFO - a0 a4 8a 18 00 01 86 a0
INFO - a0 a6 ca 08 b3 01 12 88
INFO - a0 a6 0a 10 47 a7 eb ae
INFO - a0 a6 4a 18 00 01 86 a0
INFO - a0 a8 8a 08 b3 01 11 bf
INFO - a0 a8 ca 10 47 a7 eb c9
INFO - a0 a8 0a 18 00 01 86 a0
INFO - a0 aa 4a 08 b3 01 10 ef
INFO - a0 aa 8a 10 47 a7 eb eb
INFO - a0 aa ca 18 00 01 86 a0
INFO - a0 ac 0a 08 b3 01 10 26
INFO - a0 ac 4a 10 47 a7 ec 0c
INFO - a0 ac 8a 18 00 01 86 a0
INFO - a0 ae ca 08 b3 01 0f 56
INFO - a0 ae 0a 10 47 a7 ec 27
INFO - a0 ae 4a 18 00 01 86 a0
INFO - a0 b0 8a 08 b3 01 0e 8d
INFO - a0 b0 ca 10 47 a7 ec 48
INFO - a0 b0 0a 18 00 01 86 a0
INFO - a0 b2 4a 08 b3 01 0d bd
INFO - a0 b2 8a 10 47 a7 ec 6a
INFO - a0 b2 ca 18 00 01 86 a0
INFO - a0 b4 0a 08 b3 01 0c f4
INFO - a0 b4 4a 10 47 a7 ec 85
INFO - a0 b4 8a 18 00 01 86 a0
INFO - a0 b6 ca 08 b3 01 0c 24
INFO - a0 b6 0a 10 47 a7 ec a6
INFO - a0 b6 4a 18 00 01 86 a0
INFO - a0 b8 8a 08 b3 01 0b 5b
INFO - a0 b8 ca 10 47 a7 ec c1
INFO - a0 b8 0a 18 00 01 86 a0
INFO - a0 ba 4a 08 b3 01 0a 8b
INFO - a0 ba 8a 10 47 a7 ec e3
INFO - a0 ba ca 18 00 01 86 a0
INFO - a0 bc 0a 08 b3 01 09 c2
INFO - a0 bc 4a 10 47 a7 ed 04
INFO - a0 bc 8a 18 00 01 86 a0
INFO - a0 be ca 08 b3 01 08 f2
INFO - a0 be 0a 10 47 a7 ed 1f
INFO - a0 be 4a 18 00 01 86 a0
INFO - a0 c0 8a 08 b3 01 08 29
INFO - a0 c0 ca 10 47 a7 ed 41
INFO - a0 c0 0a 18 00 01 86 a0
INFO - a0 c2 4a 08 b3 01 07 59
INFO - a0 c2 8a 10 47 a7 ed 62
INFO - a0 c2 ca 18 00 01 86 a0
INFO - a0 c4 0a 08 b3 01 06 90
INFO - a0 c4 4a 10 47 a7 ed 7d
INFO - a0 c4 8a 18 00 01 86 a0
INFO - a0 c6 ca 08 b3 01 05 c0
INFO - a0 c6 0a 10 47 a7 ed 9e
INFO - a0 c6 4a 18 00 01 86 a0
INFO - a0 c8 8a 08 b3 01 04 f0
INFO - a0 c8 ca 10 47 a7 ed b9
INFO - a0 c8 0a 18 00 01 86 a0
INFO - a0 ca 4a 08 b3 01 04 27
INFO - a0 ca 8a 10 47 a7 ed db
INFO - a0 ca ca 18 00 01 86 a0
INFO - a0 cc 0a 08 b3 01 03 57
INFO - a0 cc 4a 10 47 a7 ed fc
INFO - a0 cc 8a 18 00 01 86 a0
INFO - a0 ce ca 08 b3 01 02 8e
INFO - a0 ce 0a 10 47 a7 ee 17
INFO - a0 ce 4a 18 00 01 86 a0
INFO - a0 d0 8a 08 b3 01 01 be
INFO - a0 d0 ca 10 47 a7 ee 39
INFO - a0 d0 0a 18 00 01 86 a0
INFO - a0 d2 4a 08 b3 01 00 f5
INFO - a0 d2 8a 10 47 a7 ee 5a
INFO - a0 d2 ca 18 00 01 86 a0
INFO - a0 d4 0a 08 b3 01 00 25
INFO - a0 d4 4a 10 47 a7 ee 75
INFO - a0 d4 8a 18 00 01 86 a0
INFO - a0 d6 ca 08 b3 00 ff 5c
INFO - a0 d6 0a 10 47 a7 ee 97
INFO - a0 d6 4a 18 00 01 86 a0
INFO - a0 d8 8a 08 b3 00 fe 8c
INFO - a0 d8 ca 10 47 a7 ee b1
INFO - a0 d8 0a 18 00 01 86 a0
INFO - a0 da 4a 08 b3 00 fd c3
INFO - a0 da 8a 10 47 a7 ee d3
INFO - a0 da ca 18 00 01 86 a0
INFO - a0 dc 0a 08 b3 00 fc f3
INFO - a0 dc 4a 10 47 a7 ee f4
INFO - a0 dc 8a 18 00 01 86 a0
INFO - a0 de ca 08 b3 00 fc 2a
INFO - a0 de 0a 10 47 a7 ef 0f
INFO - a0 de 4a 18 00 01 86 a0
INFO - a0 e0 8a 08 b3 00 fb 5a
INFO - a0 e0 ca 10 47 a7 ef 31
INFO - a0 e0 0a 18 00 01 86 a0
INFO - a0 e2 4a 08 b3 00 fa 91
INFO - a0 e2 8a 10 47 a7 ef 52
INFO - a0 e2 ca 18 00 01 86 a0
INFO - a0 e4 0a 08 b3 00 f9 c1
INFO - a0 e4 4a 10 47 a7 ef 6d
INFO - a0 e4 8a 18 00 01 86 a0
INFO - a0 e6 ca 08 b3 00 f8 f8
INFO - a0 e6 0a 10 47 a7 ef 8f
INFO - a0 e6 4a 18 00 01 86 a0
INFO - a0 e8 8a 08 b3 00 f8 28
INFO - a0 e8 ca 10 47 a7 ef a9
INFO - a0 e8 0a 18 00 01 86 a0
INFO - a0 ea 4a 08 b3 00 f7 58
INFO - a0 ea 8a 10 47 a7 ef cb
INFO - a0 ea ca 18 00 01 86 a0
INFO - a0 ec 0a 08 b3 00 f6 8f
INFO - a0 ec 4a 10 47 a7 ef ed
INFO - a0 ec 8a 18 00 01 86 a0
INFO - a0 ee ca 08 b3 00 f5 bf
INFO - a0 ee 0a 10 47 a7 f0 07
INFO - a0 ee 4a 18 00 01 86 a0
INFO - a0 f0 8a 08 b3 00 f4 f6
INFO - a0 f0 ca 10 47 a7 f0 29
INFO - a0 f0 0a 18 00 01 86 a0
INFO - a0 f2 4a 08 b3 00 f4 26
INFO - a0 f2 8a 10 47 a7 f0 4a
INFO - a0 f2 ca 18 00 01 86 a0
INFO - a0 f4 0a 08 b3 00 f3 5d
INFO - a0 f4 4a 10 47 a7 f0 65
INFO - a0 f4 8a 18 00 01 86 a0
INFO - a0 f6 ca 08 b3 00 f2 8d
INFO - a0 f6 0a 10 47 a7 f0 87
INFO - a0 f6 4a 18 00 01 86 a0
INFO - a0 f8 8a 08 b3 00 f1 bd
INFO - a0 f8 ca 10 47 a7 f0 a2
INFO - a0 f8 0a 18 00 01 86 a0
INFO - a0 fa 4a 08 b3 00 f0 f4
INFO - a0 fa 8a 10 47 a7 f0 c3
INFO - a0 fa ca 18 00 01 86 a0
INFO - a0 fc 0a 08 b3 00 f0 24
INFO - a0 fc 4a 10 47 a7 f0 e5
INFO - a0 fc 8a 18 00 01 86 a0
INFO - a0 fe ca 08 b3 00 ef 5b
INFO - a0 fe 0a 10 47 a7 f0 ff
INFO - a0 fe 4a 18 00 01 86 a0
INFO - a1 00 8a 08 b3 00 ee 92
INFO - a1 00 ca 10 47 a7 f1 21
INFO - a1 00 0a 18 00 01 86 a0
INFO - a1 02 4a 08 b3 00 ed c2
INFO - a1 02 8a 10 47 a7 f1 3c
INFO - a1 02 ca 18 00 01 86 a0
INFO - a1 04 0a 08 b3 00 ec f9
INFO - a1 04 4a 10 47 a7 f1 5d
INFO - a1 04 8a 18 00 01 86 a0
INFO - a1 06 ca 08 b3 00 ec 29
INFO - a1 06 0a 10 47 a7 f1 7f
INFO - a1 06 4a 18 00 01 86 a0
INFO - a1 08 8a 08 b3 00 eb 60
INFO - a1 08 ca 10 47 a7 f1 9a
INFO - a1 08 0a 18 00 01 86 a0
INFO - a1 0a 4a 08 b3 00 ea 90
INFO - a1 0a 8a 10 47 a7 f1 bb
INFO - a1 0a ca 18 00 01 86 a0
INFO - a1 0c 0a 08 b3 00 e9 c7
INFO - a1 0c 4a 10 47 a7 f1 dd
INFO - a1 0c 8a 18 00 01 86 a0
INFO - a1 0e ca 08 b3 00 e8 f7
INFO - a1 0e 0a 10 47 a7 f1 f8
INFO - a1 0e 4a 18 00 01 86 a0
INFO - a1 10 8a 08 b3 00 e7 f8
INFO - a1 10 ca 10 47 a7 f2 20
INFO - a1 10 0a 18 00 01 86 a0
INFO - a1 10 4a 08 b3 00 e7 f8
INFO - a1 10 8a 10 47 a7 f2 20
INFO - a1 10 ca 18 00 01 86 a0
INFO - a1 2a 0a 08 b3 00 dd 92
INFO - a1 2a 4a 10 47 a7 f3 b2
INFO - a1 2a 8a 18 00 01 86 a0
INFO - a1 2c ca 08 b3 00 dc c2
INFO - a1 2c 0a 10 47 a7 f3 d4
INFO - a1 2c 4a 18 00 01 86 a0
INFO - a1 2e 8a 08 b3 00 db f9
INFO - a1 2e ca 10 47 a7 f3 f5
INFO - a1 2e 0a 18 00 01 86 a0
INFO - a1 30 4a 08 b3 00 db 29
INFO - a1 30 8a 10 47 a7 f4 10
INFO - a1 30 ca 18 00 01 86 a0
INFO - a1 32 0a 08 b3 00 da 60
INFO - a1 32 4a 10 47 a7 f4 32
INFO - a1 32 8a 18 00 01 86 a0
INFO - a1 34 ca 08 b3 00 d9 90
INFO - a1 34 0a 10 47 a7 f4 4c
INFO - a1 34 4a 18 00 01 86 a0
INFO - a1 36 8a 08 b3 00 d8 c7
INFO - a1 36 ca 10 47 a7 f4 6e
INFO - a1 36 0a 18 00 01 86 a0
INFO - a1 38 4a 08 b3 00 d7 f7
INFO - a1 38 8a 10 47 a7 f4 8f
INFO - a1 38 ca 18 00 01 86 a0
INFO - a1 3a 0a 08 b3 00 d7 2e
INFO - a1 3a 4a 10 47 a7 f4 aa
INFO - a1 3a 8a 18 00 01 86 a0
INFO - a1 3c ca 08 b3 00 d6 5e
INFO - a1 3c 0a 10 47 a7 f4 cc
INFO - a1 3c 4a 18 00 01 86 a0
INFO - a1 3e 8a 08 b3 00 d5 95
INFO - a1 3e ca 10 47 a7 f4 ed
INFO - a1 3e 0a 18 00 01 86 a0
INFO - a1 40 4a 08 b3 00 d4 c5
INFO - a1 40 8a 10 47 a7 f5 08
INFO - a1 40 ca 18 00 01 86 a0
INFO - a1 42 0a 08 b3 00 d3 fc
INFO - a1 42 4a 10 47 a7 f5 2a
INFO - a1 42 8a 18 00 01 86 a0
INFO - a1 44 ca 08 b3 00 d3 2c
INFO - a1 44 0a 10 47 a7 f5 44
INFO - a1 44 4a 18 00 01 86 a0
INFO - a1 46 8a 08 b3 00 d2 63
INFO - a1 46 ca 10 47 a7 f5 66
INFO - a1 46 0a 18 00 01 86 a0
INFO - a1 48 4a 08 b3 00 d1 93
INFO - a1 48 8a 10 47 a7 f5 88
INFO - a1 48 ca 18 00 01 86 a0
INFO - a1 4a 0a 08 b3 00 d0 ca
INFO - a1 4a 4a 10 47 a7 f5 a2
INFO - a1 4a 8a 18 00 01 86 a0
INFO - a1 4c ca 08 b3 00 cf fa
INFO - a1 4c 0a 10 47 a7 f5 c4
INFO - a1 4c 4a 18 00 01 86 a0
INFO - a1 4e 8a 08 b3 00 cf 31
INFO - a1 4e ca 10 47 a7 f5 df
INFO - a1 4e 0a 18 00 01 86 a0
INFO - a1 50 4a 08 b3 00 ce 61
INFO - a1 50 8a 10 47 a7 f6 00
INFO - a1 50 ca 18 00 01 86 a0
INFO - a1 52 0a 08 b3 00 cd 98
INFO - a1 52 4a 10 47 a7 f6 22
INFO - a1 52 8a 18 00 01 86 a0
INFO - a1 54 ca 08 b3 00 cc c8
INFO - a1 54 0a 10 47 a7 f6 3d
INFO - a1 54 4a 18 00 01 86 a0
INFO - a1 56 8a 08 b3 00 cb fe
INFO - a1 56 ca 10 47 a7 f6 5e
INFO - a1 56 0a 18 00 01 86 a0
INFO - a1 58 4a 08 b3 00 cb 2f
INFO - a1 58 8a 10 47 a7 f6 80
INFO - a1 58 ca 18 00 01 86 a0
INFO - a1 5a 0a 08 b3 00 ca 65
INFO - a1 5a 4a 10 47 a7 f6 9a
INFO - a1 5a 8a 18 00 01 86 a0
INFO - a1 5c ca 08 b3 00 c9 96
INFO - a1 5c 0a 10 47 a7 f6 bc
INFO - a1 5c 4a 18 00 01 86 a0
INFO - a1 5e 8a 08 b3 00 c8 cc
INFO - a1 5e ca 10 47 a7 f6 d7
INFO - a1 5e 0a 18 00 01 86 a0
INFO - a1 60 4a 08 b3 00 c7 fd
INFO - a1 60 8a 10 47 a7 f6 f8
INFO - a1 60 ca 18 00 01 86 a0
INFO - a1 62 0a 08 b3 00 c7 33
INFO - a1 62 4a 10 47 a7 f7 1a
INFO - a1 62 8a 18 00 01 86 a0
INFO - a1 64 ca 08 b3 00 c6 64
INFO - a1 64 0a 10 47 a7 f7 35
INFO - a1 64 4a 18 00 01 86 a0
INFO - a1 66 8a 08 b3 00 c5 94
INFO - a1 66 ca 10 47 a7 f7 56
INFO - a1 66 0a 18 00 01 86 a0
INFO - a1 68 4a 08 b3 00 c4 ca
INFO - a1 68 8a 10 47 a7 f7 71
INFO - a1 68 ca 18 00 01 86 a0
INFO - a1 6a 0a 08 b3 00 c3 fb
INFO - a1 6a 4a 10 47 a7 f7 93
INFO - a1 6a 8a 18 00 01 86 a0
INFO - a1 6c ca 08 b3 00 c3 31
INFO - a1 6c 0a 10 47 a7 f7 b4
INFO - a1 6c 4a 18 00 01 86 a0
INFO - a1 6e 8a 08 b3 00 c2 68
INFO - a1 6e ca 10 47 a7 f7 cf
INFO - a1 6e 0a 18 00 01 86 a0
INFO - a1 70 4a 08 b3 00 c1 98
INFO - a1 70 8a 10 47 a7 f7 f0
INFO - a1 70 ca 18 00 01 86 a0
INFO - a1 72 0a 08 b3 00 c0 cf
INFO - a1 72 4a 10 47 a7 f8 12
INFO - a1 72 8a 18 00 01 86 a0
INFO - a1 74 ca 08 b3 00 bf ff
INFO - a1 74 0a 10 47 a7 f8 2d
INFO - a1 74 4a 18 00 01 86 a0
INFO - a1 76 8a 08 b3 00 bf 36
INFO - a1 76 ca 10 47 a7 f8 4e
INFO - a1 76 0a 18 00 01 86 a0
INFO - a1 78 4a 08 b3 00 be 66
INFO - a1 78 8a 10 47 a7 f8 70
INFO - a1 78 ca 18 00 01 86 a0
INFO - a1 7a 0a 08 b3 00 bd 96
INFO - a1 7a 4a 10 47 a7 f8 8b
INFO - a1 7a 8a 18 00 01 86 a0
INFO - a1 7c ca 08 b3 00 bc cd
INFO - a1 7c 0a 10 47 a7 f8 ac
INFO - a1 7c 4a 18 00 01 86 a0
INFO - a1 7e 8a 08 b3 00 bb fd
INFO - a1 7e ca 10 47 a7 f8 c7
INFO - a1 7e 0a 18 00 01 86 a0
INFO - a1 80 4a 08 b3 00 bb 34
INFO - a1 80 8a 10 47 a7 f8 e9
INFO - a1 80 ca 18 00 01 86 a0
INFO - a1 82 0a 08 b3 00 ba 64
INFO - a1 82 4a 10 47 a7 f9 0a
INFO - a1 82 8a 18 00 01 86 a0
INFO - a1 84 ca 08 b3 00 b9 9b
INFO - a1 84 0a 10 47 a7 f9 25
INFO - a1 84 4a 18 00 01 86 a0
INFO - a1 86 8a 08 b3 00 b8 cb
INFO - a1 86 ca 10 47 a7 f9 46
INFO - a1 86 0a 18 00 01 86 a0
INFO - a1 88 4a 08 b3 00 b8 02
INFO - a1 88 8a 10 47 a7 f9 68
INFO - a1 88 ca 18 00 01 86 a0
INFO - a1 8a 0a 08 b3 00 b7 39
INFO - a1 8a 4a 10 47 a7 f9 83
INFO - a1 8a 8a 18 00 01 86 a0
INFO - a1 8c ca 08 b3 00 b6 69
INFO - a1 8c 0a 10 47 a7 f9 a4
INFO - a1 8c 4a 18 00 01 86 a0
INFO - a1 8e 8a 08 b3 00 b5 a0
INFO - a1 8e ca 10 47 a7 f9 bf
INFO - a1 8e 0a 18 00 01 86 a0
INFO - a1 90 4a 08 b3 00 b4 d0
INFO - a1 90 8a 10 47 a7 f9 e1
INFO - a1 90 ca 18 00 01 86 a0
INFO - a1 92 0a 08 b3 00 b4 07
INFO - a1 92 4a 10 47 a7 fa 02
INFO - a1 92 8a 18 00 01 86 a0
INFO - a1 94 ca 08 b3 00 b3 37
INFO - a1 94 0a 10 47 a7 fa 1d
INFO - a1 94 4a 18 00 01 86 a0
INFO - a1 96 8a 08 b3 00 b2 67
INFO - a1 96 ca 10 47 a7 fa 3f
INFO - a1 96 0a 18 00 01 86 a0
INFO - a1 98 4a 08 b3 00 b1 9e
INFO - a1 98 8a 10 47 a7 fa 60
INFO - a1 98 ca 18 00 01 86 a0
INFO - a1 9a 0a 08 b3 00 b0 ce
INFO - a1 9a 4a 10 47 a7 fa 7b
INFO - a1 9a 8a 18 00 01 86 a0
INFO - a1 9c ca 08 b3 00 b0 05
INFO - a1 9c 0a 10 47 a7 fa 9c
INFO - a1 9c 4a 18 00 01 86 a0
INFO - a1 9e 8a 08 b3 00 af 3c
INFO - a1 9e ca 10 47 a7 fa b7
INFO - a1 9e 0a 18 00 01 86 a0
INFO - a1 a0 4a 08 b3 00 ae 6c
INFO - a1 a0 8a 10 47 a7 fa d9
INFO - a1 a0 ca 18 00 01 86 a0
INFO - a1 a2 0a 08 b3 00 ad a3
INFO - a1 a2 4a 10 47 a7 fa fa
INFO - a1 a2 8a 18 00 01 86 a0
INFO - a1 a4 ca 08 b3 00 ac d3
INFO - a1 a4 0a 10 47 a7 fb 15
INFO - a1 a4 4a 18 00 01 86 a0
INFO - a1 a6 8a 08 b3 00 ac 03
INFO - a1 a6 ca 10 47 a7 fb 37
INFO - a1 a6 0a 18 00 01 86 a0
INFO - a1 a8 4a 08 b3 00 ab 3a
INFO - a1 a8 8a 10 47 a7 fb 51
INFO - a1 a8 ca 18 00 01 86 a0
INFO - a1 aa 0a 08 b3 00 aa 6a
INFO - a1 aa 4a 10 47 a7 fb 73
INFO - a1 aa 8a 18 00 01 86 a0
INFO - a1 ac ca 08 b3 00 a9 a1
INFO - a1 ac 0a 10 47 a7 fb 95
INFO - a1 ac 4a 18 00 01 86 a0
INFO - a1 ae 8a 08 b3 00 a8 d1
INFO - a1 ae ca 10 47 a7 fb af
INFO - a1 ae 0a 18 00 01 86 a0
INFO - a1 b0 4a 08 b3 00 a8 08
INFO - a1 b0 8a 10 47 a7 fb d1
INFO - a1 b0 ca 18 00 01 86 a0
INFO - a1 b2 0a 08 b3 00 a7 38
INFO - a1 b2 4a 10 47 a7 fb f2
INFO - a1 b2 8a 18 00 01 86 a0
INFO - a1 b4 ca 08 b3 00 a6 6f
INFO - a1 b4 0a 10 47 a7 fc 0d
INFO - a1 b4 4a 18 00 01 86 a0
INFO - a1 b6 8a 08 b3 00 a5 9f
INFO - a1 b6 ca 10 47 a7 fc 2f
INFO - a1 b6 0a 18 00 01 86 a0
INFO - a1 b8 4a 08 b3 00 a4 d6
INFO - a1 b8 8a 10 47 a7 fc 50
INFO - a1 b8 ca 18 00 01 86 a0
INFO - a1 ba 0a 08 b3 00 a4 06
INFO - a1 ba 4a 10 47 a7 fc 6b
INFO - a1 ba 8a 18 00 01 86 a0
INFO - a1 bc ca 08 b3 00 a3 3d
INFO - a1 bc 0a 10 47 a7 fc 8d
INFO - a1 bc 4a 18 00 01 86 a0
INFO - a1 be 8a 08 b3 00 a2 6d
INFO - a1 be ca 10 47 a7 fc a7
INFO - a1 be 0a 18 00 01 86 a0
INFO - a1 c0 4a 08 b3 00 a1 a4
INFO - a1 c0 8a 10 47 a7 fc c9
INFO - a1 c0 ca 18 00 01 86 a0
INFO - a1 c2 0a 08 b3 00 a0 d4
INFO - a1 c2 4a 10 47 a7 fc ea
INFO - a1 c2 8a 18 00 01 86 a0
INFO - a1 c4 ca 08 b3 00 a0 0b
INFO - a1 c4 0a 10 47 a7 fd 05
INFO - a1 c4 4a 18 00 01 86 a0
INFO - a1 c6 8a 08 b3 00 9f 3b
INFO - a1 c6 ca 10 47 a7 fd 27
INFO - a1 c6 0a 18 00 01 86 a0
INFO - a1 c8 4a 08 b3 00 9e 6b
INFO - a1 c8 8a 10 47 a7 fd 48
INFO - a1 c8 ca 18 00 01 86 a0
INFO - a1 ca 0a 08 b3 00 9d a2
INFO - a1 ca 4a 10 47 a7 fd 63
INFO - a1 ca 8a 18 00 01 86 a0
INFO - a1 cc ca 08 b3 00 9c d2
INFO - a1 cc 0a 10 47 a7 fd 85
INFO - a1 cc 4a 18 00 01 86 a0
INFO - a1 ce 8a 08 b3 00 9c 09
INFO - a1 ce ca 10 47 a7 fd a6
INFO - a1 ce 0a 18 00 01 86 a0
INFO - a1 d0 4a 08 b3 00 9b 39
INFO - a1 d0 8a 10 47 a7 fd c1
INFO - a1 d0 ca 18 00 01 86 a0
INFO - a1 d2 0a 08 b3 00 9a 70
INFO - a1 d2 4a 10 47 a7 fd e3
INFO - a1 d2 8a 18 00 01 86 a0
INFO - a1 d4 ca 08 b3 00 99 a0
INFO - a1 d4 0a 10 47 a7 fd fd
INFO - a1 d4 4a 18 00 01 86 a0
INFO - a1 d6 8a 08 b3 00 98 d7
INFO - a1 d6 ca 10 47 a7 fe 1f
INFO - a1 d6 0a 18 00 01 86 a0
INFO - a1 d8 4a 08 b3 00 98 07
INFO - a1 d8 8a 10 47 a7 fe 40
INFO - a1 d8 ca 18 00 01 86 a0
INFO - a1 da 0a 08 b3 00 97 3e
INFO - a1 da 4a 10 47 a7 fe 5b
INFO - a1 da 8a 18 00 01 86 a0
INFO - a1 dc ca 08 b3 00 96 6e
INFO - a1 dc 0a 10 47 a7 fe 7d
INFO - a1 dc 4a 18 00 01 86 a0
INFO - a1 de 8a 08 b3 00 95 a5
INFO - a1 de ca 10 47 a7 fe 98
INFO - a1 de 0a 18 00 01 86 a0
INFO - a1 e0 4a 08 b3 00 94 d5
INFO - a1 e0 8a 10 47 a7 fe b9
INFO - a1 e0 ca 18 00 01 86 a0
INFO - a1 e2 0a 08 b3 00 94 0b
INFO - a1 e2 4a 10 47 a7 fe db
INFO - a1 e2 8a 18 00 01 86 a0
INFO - a1 e4 ca 08 b3 00 93 3c
INFO - a1 e4 0a 10 47 a7 fe f6
INFO - a1 e4 4a 18 00 01 86 a0
INFO - a1 e6 8a 08 b3 00 92 72
INFO - a1 e6 ca 10 47 a7 ff 17
INFO - a1 e6 0a 18 00 01 86 a0
INFO - a1 e8 4a 08 b3 00 91 a3
INFO - a1 e8 8a 10 47 a7 ff 32
INFO - a1 e8 ca 18 00 01 86 a0
INFO - a1 ea 0a 08 b3 00 90 d9
INFO - a1 ea 4a 10 47 a7 ff 53
INFO - a1 ea 8a 18 00 01 86 a0
INFO - a1 ec ca 08 b3 00 90 0a
INFO - a1 ec 0a 10 47 a7 ff 75
INFO - a1 ec 4a 18 00 01 86 a0
INFO - a1 ee 8a 08 b3 00 8f 3a
INFO - a1 ee ca 10 47 a7 ff 90
INFO - a1 ee 0a 18 00 01 86 a0
INFO - a1 f0 4a 08 b3 00 8e 71
INFO - a1 f0 8a 10 47 a7 ff b1
INFO - a1 f0 ca 18 00 01 86 a0
INFO - a1 f2 0a 08 b3 00 8d a1
INFO - a1 f2 4a 10 47 a7 ff cc
INFO - a1 f2 8a 18 00 01 86 a0
INFO - a1 f4 ca 08 b3 00 8c d7
INFO - a1 f4 0a 10 47 a7 ff ee
INFO - a1 f4 4a 18 00 01 86 a0
INFO - a1 f6 8a 08 b3 00 8c 08
INFO - a1 f6 ca 10 47 a8 00 0f
INFO - a1 f6 0a 18 00 01 86 a0
INFO - a1 f8 4a 08 b3 00 8b 3e
INFO - a1 f8 8a 10 47 a8 00 2a
INFO - a1 f8 ca 18 00 01 86 a0
INFO - a1 fa 0a 08 b3 00 8a 6f
INFO - a1 fa 4a 10 47 a8 00 4c
INFO - a1 fa 8a 18 00 01 86 a0
INFO - a1 fc ca 08 b3 00 89 a5
INFO - a1 fc 0a 10 47 a8 00 6d
INFO - a1 fc 4a 18 00 01 86 a0
INFO - a1 fe 8a 08 b3 00 88 d6
INFO - a1 fe ca 10 47 a8 00 88
INFO - a1 fe 0a 18 00 01 86 a0
INFO - a2 00 4a 08 b3 00 88 0c
INFO - a2 00 8a 10 47 a8 00 a9
INFO - a2 00 ca 18 00 01 86 a0
INFO - a2 02 0a 08 b3 00 87 3c
INFO - a2 02 4a 10 47 a8 00 c4
INFO - a2 02 8a 18 00 01 86 a0
INFO - a2 04 ca 08 b3 00 86 73
INFO - a2 04 0a 10 47 a8 00 e6
INFO - a2 04 4a 18 00 01 86 a0
INFO - a2 06 8a 08 b3 00 85 a3
INFO - a2 06 ca 10 47 a8 01 07
INFO - a2 06 0a 18 00 01 86 a0
INFO - a2 08 4a 08 b3 00 84 da
INFO - a2 08 8a 10 47 a8 01 22
INFO - a2 08 ca 18 00 01 86 a0
INFO - a2 0a 0a 08 b3 00 84 0a
INFO - a2 0a 4a 10 47 a8 01 44
INFO - a2 0a 8a 18 00 01 86 a0
INFO - a2 0c ca 08 b3 00 83 41
INFO - a2 0c 0a 10 47 a8 01 5e
INFO - a2 0c 4a 18 00 01 86 a0
INFO - a2 0e 8a 08 b3 00 82 71
INFO - a2 0e ca 10 47 a8 01 80
INFO - a2 0e 0a 18 00 01 86 a0
INFO - a2 10 4a 08 b3 00 81 a8
INFO - a2 10 8a 10 47 a8 01 a1
INFO - a2 10 ca 18 00 01 86 a0
INFO - a2 12 0a 08 b3 00 80 d8
INFO - a2 12 4a 10 47 a8 01 bc
INFO - a2 12 8a 18 00 01 86 a0
INFO - a2 14 ca 08 b3 00 80 0f
INFO - a2 14 0a 10 47 a8 01 de
INFO - a2 14 4a 18 00 01 86 a0
INFO - a2 16 8a 08 b3 00 7f 3f
INFO - a2 16 ca 10 47 a8 01 f9
INFO - a2 16 0a 18 00 01 86 a0
INFO - a2 18 4a 08 b3 00 7e 76
INFO - a2 18 8a 10 47 a8 02 1a
INFO - a2 18 ca 18 00 01 86 a0
INFO - a2 1a 0a 08 b3 00 7d a6
INFO - a2 1a 4a 10 47 a8 02 3c
INFO - a2 1a 8a 18 00 01 86 a0
INFO - a2 1c ca 08 b3 00 7c dd
INFO - a2 1c 0a 10 47 a8 02 57
INFO - a2 1c 4a 18 00 01 86 a0
INFO - a2 1e 8a 08 b3 00 7c 0d
INFO - a2 1e ca 10 47 a8 02 78
INFO - a2 1e 0a 18 00 01 86 a0
INFO - a2 20 4a 08 b3 00 7b 44
INFO - a2 20 8a 10 47 a8 02 9a
INFO - a2 20 ca 18 00 01 86 a0
INFO - a2 22 0a 08 b3 00 7a 74
INFO - a2 22 4a 10 47 a8 02 b4
INFO - a2 22 8a 18 00 01 86 a0
INFO - a2 24 ca 08 b3 00 79 ab
INFO - a2 24 0a 10 47 a8 02 d6
INFO - a2 24 4a 18 00 01 86 a0
INFO - a2 26 8a 08 b3 00 78 db
INFO - a2 26 ca 10 47 a8 02 f1
INFO - a2 26 0a 18 00 01 86 a0
INFO - a2 28 4a 08 b3 00 78 12
INFO - a2 28 8a 10 47 a8 03 12
INFO - a2 28 ca 18 00 01 86 a0
INFO - a2 2a 0a 08 b3 00 77 42
INFO - a2 2a 4a 10 47 a8 03 34
INFO - a2 2a 8a 18 00 01 86 a0
INFO - a2 2c ca 08 b3 00 76 79
INFO - a2 2c 0a 10 47 a8 03 4f
INFO - a2 2c 4a 18 00 01 86 a0
INFO - a2 2e 8a 08 b3 00 75 a9
INFO - a2 2e ca 10 47 a8 03 70
INFO - a2 2e 0a 18 00 01 86 a0
INFO - a2 30 4a 08 b3 00 74 e0
INFO - a2 30 8a 10 47 a8 03 8b
INFO - a2 30 ca 18 00 01 86 a0
INFO - a2 32 0a 08 b3 00 74 10
INFO - a2 32 4a 10 47 a8 03 ad
INFO - a2 32 8a 18 00 01 86 a0
INFO - a2 34 ca 08 b3 00 73 47
INFO - a2 34 0a 10 47 a8 03 ce
INFO - a2 34 4a 18 00 01 86 a0
INFO - a2 36 8a 08 b3 00 72 77
INFO - a2 36 ca 10 47 a8 03 e9
INFO - a2 36 0a 18 00 01 86 a0
INFO - a2 38 4a 08 b3 00 71 ae
INFO - a2 38 8a 10 47 a8 04 0a
INFO - a2 38 ca 18 00 01 86 a0
INFO - a2 3a 0a 08 b3 00 70 de
INFO - a2 3a 4a 10 47 a8 04 2c
INFO - a2 3a 8a 18 00 01 86 a0
INFO - a2 3c ca 08 b3 00 70 15
INFO - a2 3c 0a 10 47 a8 04 47
INFO - a2 3c 4a 18 00 01 86 a0
INFO - a2 3e 8a 08 b3 00 6f 45
INFO - a2 3e ca 10 47 a8 04 68
INFO - a2 3e 0a 18 00 01 86 a0
INFO - a2 40 4a 08 b3 00 6e 75
INFO - a2 40 8a 10 47 a8 04 83
INFO - a2 40 ca 18 00 01 86 a0
INFO - a2 42 0a 08 b3 00 6d ac
INFO - a2 42 4a 10 47 a8 04 a5
INFO - a2 42 8a 18 00 01 86 a0
INFO - a2 44 ca 08 b3 00 6c dc
INFO - a2 44 0a 10 47 a8 04 c6
INFO - a2 44 4a 18 00 01 86 a0
INFO - a2 46 8a 08 b3 00 6c 13
INFO - a2 46 ca 10 47 a8 04 e1
INFO - a2 46 0a 18 00 01 86 a0
INFO - a2 48 4a 08 b3 00 6b 43
INFO - a2 48 8a 10 47 a8 05 02
INFO - a2 48 ca 18 00 01 86 a0
INFO - a2 4a 0a 08 b3 00 6a 73
INFO - a2 4a 4a 10 47 a8 05 1d
INFO - a2 4a 8a 18 00 01 86 a0
INFO - a2 4c ca 08 b3 00 69 aa
INFO - a2 4c 0a 10 47 a8 05 3f
INFO - a2 4c 4a 18 00 01 86 a0
INFO - a2 4e 8a 08 b3 00 68 da
INFO - a2 4e ca 10 47 a8 05 5a
INFO - a2 4e 0a 18 00 01 86 a0
INFO - a2 50 4a 08 b3 00 68 11
INFO - a2 50 8a 10 47 a8 05 7b
INFO - a2 50 ca 18 00 01 86 a0
INFO - a2 52 0a 08 b3 00 67 41
INFO - a2 52 4a 10 47 a8 05 9d
INFO - a2 52 8a 18 00 01 86 a0
INFO - a2 54 ca 08 b3 00 66 78
INFO - a2 54 0a 10 47 a8 05 b8
INFO - a2 54 4a 18 00 01 86 a0
INFO - a2 56 8a 08 b3 00 65 a8
INFO - a2 56 ca 10 47 a8 05 d9
INFO - a2 56 0a 18 00 01 86 a0
INFO - a2 58 4a 08 b3 00 64 df
INFO - a2 58 8a 10 47 a8 05 fb
INFO - a2 58 ca 18 00 01 86 a0
INFO - a2 5a 0a 08 b3 00 64 0f
INFO - a2 5a 4a 10 47 a8 06 15
INFO - a2 5a 8a 18 00 01 86 a0
INFO - a2 5c ca 08 b3 00 63 46
INFO - a2 5c 0a 10 47 a8 06 37
INFO - a2 5c 4a 18 00 01 86 a0
INFO - a2 5e 8a 08 b3 00 62 76
INFO - a2 5e ca 10 47 a8 06 52
INFO - a2 5e 0a 18 00 01 86 a0
INFO - a2 60 4a 08 b3 00 61 ad
INFO - a2 60 8a 10 47 a8 06 73
INFO - a2 60 ca 18 00 01 86 a0
INFO - a2 62 0a 08 b3 00 60 dd
INFO - a2 62 4a 10 47 a8 06 95
INFO - a2 62 8a 18 00 01 86 a0
INFO - a2 65 ca 08 b3 00 60 0d
INFO - a2 65 0a 10 47 a8 06 b0
INFO - a2 65 4a 18 00 01 86 a0
INFO - a2 66 8a 08 b3 00 5f 44
INFO - a2 66 ca 10 47 a8 06 d1
INFO - a2 66 0a 18 00 01 86 a0
INFO - a2 69 4a 08 b3 00 5e 74
INFO - a2 69 8a 10 47 a8 06 ec
INFO - a2 69 ca 18 00 01 86 a0
INFO - a2 6a 0a 08 b3 00 5d ab
INFO - a2 6a 4a 10 47 a8 07 0e
INFO - a2 6a 8a 18 00 01 86 a0
INFO - a2 6d ca 08 b3 00 5c db
INFO - a2 6d 0a 10 47 a8 07 2f
INFO - a2 6d 4a 18 00 01 86 a0
INFO - a2 6e 8a 08 b3 00 5c 12
INFO - a2 6e ca 10 47 a8 07 4a
INFO - a2 6e 0a 18 00 01 86 a0
INFO - a2 71 4a 08 b3 00 5b 42
INFO - a2 71 8a 10 47 a8 07 6b
INFO - a2 71 ca 18 00 01 86 a0
INFO - a2 73 0a 08 b3 00 5a 72
INFO - a2 73 4a 10 47 a8 07 8d
INFO - a2 73 8a 18 00 01 86 a0
INFO - a2 75 ca 08 b3 00 59 a9
INFO - a2 75 0a 10 47 a8 07 a8
INFO - a2 75 4a 18 00 01 86 a0
INFO - a2 76 8a 08 b3 00 58 e0
INFO - a2 76 ca 10 47 a8 07 c9
INFO - a2 76 0a 18 00 01 86 a0
INFO - a2 78 4a 08 b3 00 58 10
INFO - a2 78 8a 10 47 a8 07 e4
INFO - a2 78 ca 18 00 01 86 a0
INFO - a2 7b 0a 08 b3 00 57 40
INFO - a2 7b 4a 10 47 a8 08 06
INFO - a2 7b 8a 18 00 01 86 a0
INFO - a2 7c ca 08 b3 00 56 77
INFO - a2 7c 0a 10 47 a8 08 20
INFO - a2 7c 4a 18 00 01 86 a0
INFO - a2 7f 8a 08 b3 00 55 a7
INFO - a2 7f ca 10 47 a8 08 42
INFO - a2 7f 0a 18 00 01 86 a0
INFO - a2 80 4a 08 b3 00 54 de
INFO - a2 80 8a 10 47 a8 08 64
INFO - a2 80 ca 18 00 01 86 a0
INFO - a2 83 0a 08 b3 00 54 0e
INFO - a2 83 4a 10 47 a8 08 7e
INFO - a2 83 8a 18 00 01 86 a0
INFO - a2 84 ca 08 b3 00 53 45
INFO - a2 84 0a 10 47 a8 08 a0
INFO - a2 84 4a 18 00 01 86 a0
INFO - a2 87 8a 08 b3 00 52 75
INFO - a2 87 ca 10 47 a8 08 c1
INFO - a2 87 0a 18 00 01 86 a0
INFO - a2 88 4a 08 b3 00 51 ac
INFO - a2 88 8a 10 47 a8 08 dc
INFO - a2 88 ca 18 00 01 86 a0
INFO - a2 8b 0a 08 b3 00 50 dc
INFO - a2 8b 4a 10 47 a8 08 fe
INFO - a2 8b 8a 18 00 01 86 a0
INFO - a2 8c ca 08 b3 00 50 13
INFO - a2 8c 0a 10 47 a8 09 19
INFO - a2 8c 4a 18 00 01 86 a0
INFO - a2 8f 8a 08 b3 00 4f 43
INFO - a2 8f ca 10 47 a8 09 3a
INFO - a2 8f 0a 18 00 01 86 a0
INFO - a2 90 4a 08 b3 00 4e 7a
INFO - a2 90 8a 10 47 a8 09 5c
INFO - a2 90 ca 18 00 01 86 a0
INFO - a2 92 0a 08 b3 00 4d b0
INFO - a2 92 4a 10 47 a8 09 76
INFO - a2 92 8a 18 00 01 86 a0
INFO - a2 94 ca 08 b3 00 4c e1
INFO - a2 94 0a 10 47 a8 09 98
INFO - a2 94 4a 18 00 01 86 a0
INFO - a2 96 8a 08 b3 00 4c 17
INFO - a2 96 ca 10 47 a8 09 b3
INFO - a2 96 0a 18 00 01 86 a0
INFO - a2 98 4a 08 b3 00 4b 48
INFO - a2 98 8a 10 47 a8 09 d4
INFO - a2 98 ca 18 00 01 86 a0
INFO - a2 9a 0a 08 b3 00 4a 7e
INFO - a2 9a 4a 10 47 a8 09 f6
INFO - a2 9a 8a 18 00 01 86 a0
INFO - a2 9c ca 08 b3 00 49 af
INFO - a2 9c 0a 10 47 a8 0a 17
INFO - a2 9c 4a 18 00 01 86 a0
INFO - a2 9e 8a 08 b3 00 48 e5
INFO - a2 9e ca 10 47 a8 0a 32
INFO - a2 9e 0a 18 00 01 86 a0
INFO - a2 a0 4a 08 b3 00 48 15
INFO - a2 a0 8a 10 47 a8 0a 54
INFO - a2 a0 ca 18 00 01 86 a0
INFO - a2 a2 0a 08 b3 00 47 4c
INFO - a2 a2 4a 10 47 a8 0a 6f
INFO - a2 a2 8a 18 00 01 86 a0
INFO - a2 a4 ca 08 b3 00 46 7c
INFO - a2 a4 0a 10 47 a8 0a 90
INFO - a2 a4 4a 18 00 01 86 a0
INFO - a2 a7 8a 08 b3 00 45 ad
INFO - a2 a7 ca 10 47 a8 0a b2
INFO - a2 a7 0a 18 00 01 86 a0
INFO - a2 a8 4a 08 b3 00 44 e3
INFO - a2 a8 8a 10 47 a8 0a cc
INFO - a2 a8 ca 18 00 01 86 a0
INFO - a2 ab 0a 08 b3 00 44 14
INFO - a2 ab 4a 10 47 a8 0a ee
INFO - a2 ab 8a 18 00 01 86 a0
INFO - a2 ac ca 08 b3 00 43 4a
INFO - a2 ac 0a 10 47 a8 0b 0f
INFO - a2 ac 4a 18 00 01 86 a0
INFO - a2 af 8a 08 b3 00 42 7a
INFO - a2 af ca 10 47 a8 0b 2a
INFO - a2 af 0a 18 00 01 86 a0
INFO - a2 b0 4a 08 b3 00 41 b1
INFO - a2 b0 8a 10 47 a8 0b 4c
INFO - a2 b0 ca 18 00 01 86 a0
INFO - a2 b3 0a 08 b3 00 40 e1
INFO - a2 b3 4a 10 47 a8 0b 6d
INFO - a2 b3 8a 18 00 01 86 a0
INFO - a2 b4 ca 08 b3 00 40 18
INFO - a2 b4 0a 10 47 a8 0b 8f
INFO - a2 b4 4a 18 00 01 86 a0
INFO - a2 b7 8a 08 b3 00 3f 48
INFO - a2 b7 ca 10 47 a8 0b aa
INFO - a2 b7 0a 18 00 01 86 a0
INFO - a2 b8 4a 08 b3 00 3e 7f
INFO - a2 b8 8a 10 47 a8 0b cb
INFO - a2 b8 ca 18 00 01 86 a0
INFO - a2 bb 0a 08 b3 00 3d af
INFO - a2 bb 4a 10 47 a8 0b e6
INFO - a2 bb 8a 18 00 01 86 a0
INFO - a2 bd ca 08 b3 00 3c e0
INFO - a2 bd 0a 10 47 a8 0c 08
INFO - a2 bd 4a 18 00 01 86 a0
INFO - a2 bf 8a 08 b3 00 3c 16
INFO - a2 bf ca 10 47 a8 0c 29
INFO - a2 bf 0a 18 00 01 86 a0
INFO - a2 c0 4a 08 b3 00 3b 4d
INFO - a2 c0 8a 10 47 a8 0c 4b
INFO - a2 c0 ca 18 00 01 86 a0
INFO - a2 c3 0a 08 b3 00 3a 7d
INFO - a2 c3 4a 10 47 a8 0c 65
INFO - a2 c3 8a 18 00 01 86 a0
INFO - a2 c4 ca 08 b3 00 39 b4
INFO - a2 c4 0a 10 47 a8 0c 87
INFO - a2 c4 4a 18 00 01 86 a0
INFO - a2 c7 8a 08 b3 00 38 e4
INFO - a2 c7 ca 10 47 a8 0c a9
INFO - a2 c7 0a 18 00 01 86 a0
INFO - a2 c8 4a 08 b3 00 38 1b
INFO - a2 c8 8a 10 47 a8 0c c3
INFO - a2 c8 ca 18 00 01 86 a0
INFO - a2 cb 0a 08 b3 00 37 4b
INFO - a2 cb 4a 10 47 a8 0c e5
INFO - a2 cb 8a 18 00 01 86 a0
INFO - a2 cc ca 08 b3 00 36 82
INFO - a2 cc 0a 10 47 a8 0d 06
INFO - a2 cc 4a 18 00 01 86 a0
INFO - a2 cf 8a 08 b3 00 35 b2
INFO - a2 cf ca 10 47 a8 0d 28
INFO - a2 cf 0a 18 00 01 86 a0
INFO - a2 d0 4a 08 b3 00 34 e9
INFO - a2 d0 8a 10 47 a8 0d 43
INFO - a2 d0 ca 18 00 01 86 a0
INFO - a2 d3 0a 08 b3 00 34 19
INFO - a2 d3 4a 10 47 a8 0d 64
INFO - a2 d3 8a 18 00 01 86 a0
INFO - a2 d4 ca 08 b3 00 33 50
INFO - a2 d4 0a 10 47 a8 0d 86
INFO - a2 d4 4a 18 00 01 86 a0
INFO - a2 d7 8a 08 b3 00 32 80
INFO - a2 d7 ca 10 47 a8 0d a1
INFO - a2 d7 0a 18 00 01 86 a0
INFO - a2 d8 4a 08 b3 00 31 b7
INFO - a2 d8 8a 10 47 a8 0d c2
INFO - a2 d8 ca 18 00 01 86 a0
INFO - a2 db 0a 08 b3 00 30 e7
INFO - a2 db 4a 10 47 a8 0d e4
INFO - a2 db 8a 18 00 01 86 a0
INFO - a2 dc ca 08 b3 00 30 1e
INFO - a2 dc 0a 10 47 a8 0d fe
INFO - a2 dc 4a 18 00 01 86 a0
INFO - a2 df 8a 08 b3 00 2f 4e
INFO - a2 df ca 10 47 a8 0e 20
INFO - a2 df 0a 18 00 01 86 a0
INFO - a2 e0 4a 08 b3 00 2e 85
INFO - a2 e0 8a 10 47 a8 0e 42
INFO - a2 e0 ca 18 00 01 86 a0
INFO - a2 e3 0a 08 b3 00 2d b5
INFO - a2 e3 4a 10 47 a8 0e 5c
INFO - a2 e3 8a 18 00 01 86 a0
INFO - a2 e4 ca 08 b3 00 2c ec
INFO - a2 e4 0a 10 47 a8 0e 7e
INFO - a2 e4 4a 18 00 01 86 a0
INFO - a2 e7 8a 08 b3 00 2c 1c
INFO - a2 e7 ca 10 47 a8 0e 9f
INFO - a2 e7 0a 18 00 01 86 a0
INFO - a2 e8 4a 08 b3 00 2b 53
INFO - a2 e8 8a 10 47 a8 0e ba
INFO - a2 e8 ca 18 00 01 86 a0
INFO - a2 eb 0a 08 b3 00 2a 83
INFO - a2 eb 4a 10 47 a8 0e dc
INFO - a2 eb 8a 18 00 01 86 a0
INFO - a2 ed ca 08 b3 00 29 b3
INFO - a2 ed 0a 10 47 a8 0e fd
INFO - a2 ed 4a 18 00 01 86 a0
INFO - a2 ee 8a 08 b3 00 28 ea
INFO - a2 ee ca 10 47 a8 0f 18
INFO - a2 ee 0a 18 00 01 86 a0
INFO - a2 f1 4a 08 b3 00 28 1a
INFO - a2 f1 8a 10 47 a8 0f 3a
INFO - a2 f1 ca 18 00 01 86 a0
INFO - a2 f3 0a 08 b3 00 27 51
INFO - a2 f3 4a 10 47 a8 0f 5b
INFO - a2 f3 8a 18 00 01 86 a0
INFO - a2 f5 ca 08 b3 00 26 81
INFO - a2 f5 0a 10 47 a8 0f 76
INFO - a2 f5 4a 18 00 01 86 a0
INFO - a2 f7 8a 08 b3 00 25 b8
INFO - a2 f7 ca 10 47 a8 0f 98
INFO - a2 f7 0a 18 00 01 86 a0
INFO - a2 f9 4a 08 b3 00 24 e8
INFO - a2 f9 8a 10 47 a8 0f b9
INFO - a2 f9 ca 18 00 01 86 a0
INFO - a2 fa 0a 08 b3 00 24 1f
INFO - a2 fa 4a 10 47 a8 0f d4
INFO - a2 fa 8a 18 00 01 86 a0
INFO - a2 fd ca 08 b3 00 23 4f
INFO - a2 fd 0a 10 47 a8 0f f5
INFO - a2 fd 4a 18 00 01 86 a0
INFO - a2 ff 8a 08 b3 00 22 86
INFO - a2 ff ca 10 47 a8 10 17
INFO - a2 ff 0a 18 00 01 86 a0
INFO - a3 01 4a 08 b3 00 21 b6
INFO - a3 01 8a 10 47 a8 10 32
INFO - a3 01 ca 18 00 01 86 a0
INFO - a3 03 0a 08 b3 00 20 e6
INFO - a3 03 4a 10 47 a8 10 53
INFO - a3 03 8a 18 00 01 86 a0
INFO - a3 05 ca 08 b3 00 20 1d
INFO - a3 05 0a 10 47 a8 10 75
INFO - a3 05 4a 18 00 01 86 a0
INFO - a3 06 8a 08 b3 00 1f 54
INFO - a3 06 ca 10 47 a8 10 90
INFO - a3 06 0a 18 00 01 86 a0
INFO - a3 09 4a 08 b3 00 1e 84
INFO - a3 09 8a 10 47 a8 10 b1
INFO - a3 09 ca 18 00 01 86 a0
INFO - a3 0b 0a 08 b3 00 1d b4
INFO - a3 0b 4a 10 47 a8 10 d3
INFO - a3 0b 8a 18 00 01 86 a0
INFO - a3 0d ca 08 b3 00 1c eb
INFO - a3 0d 0a 10 47 a8 10 ee
INFO - a3 0d 4a 18 00 01 86 a0
INFO - a3 0f 8a 08 b3 00 1c 1b
INFO - a3 0f ca 10 47 a8 11 0f
INFO - a3 0f 0a 18 00 01 86 a0
INFO - a3 11 4a 08 b3 00 1b 52
INFO - a3 11 8a 10 47 a8 11 2a
INFO - a3 11 ca 18 00 01 86 a0
INFO - a3 13 0a 08 b3 00 1a 82
INFO - a3 13 4a 10 47 a8 11 4b
INFO - a3 13 8a 18 00 01 86 a0
INFO - a3 15 ca 08 b3 00 19 b9
INFO - a3 15 0a 10 47 a8 11 6d
INFO - a3 15 4a 18 00 01 86 a0
INFO - a3 17 8a 08 b3 00 18 e9
INFO - a3 17 ca 10 47 a8 11 88
INFO - a3 17 0a 18 00 01 86 a0
INFO - a3 19 4a 08 b3 00 18 20
INFO - a3 19 8a 10 47 a8 11 a9
INFO - a3 19 ca 18 00 01 86 a0
INFO - a3 1b 0a 08 b3 00 17 50
INFO - a3 1b 4a 10 47 a8 11 cb
INFO - a3 1b 8a 18 00 01 86 a0
INFO - a3 1d ca 08 b3 00 16 87
INFO - a3 1d 0a 10 47 a8 11 e6
INFO - a3 1d 4a 18 00 01 86 a0
INFO - a3 1d 8a 08 b3 00 16 51
INFO - a3 1d ca 10 47 a8 11 f3
INFO - a3 1d 0a 18 00 01 86 a0
INFO - a3 1d 4a 08 b3 00 16 51
INFO - a3 1d 8a 10 47 a8 11 f3
INFO - a3 1d ca 18 00 01 86 a0
INFO - a3 1f 0a 08 b3 00 15 81
INFO - a3 1f 4a 10 47 a8 12 0e
INFO - a3 1f 8a 18 00 01 86 a0
INFO - a3 21 ca 08 b3 00 14 b8
INFO - a3 21 0a 10 47 a8 12 2f
INFO - a3 21 4a 18 00 01 86 a0
INFO - a3 23 8a 08 b3 00 13 e8
INFO - a3 23 ca 10 47 a8 12 51
INFO - a3 23 0a 18 00 01 86 a0
INFO - a3 25 4a 08 b3 00 13 1f
INFO - a3 25 8a 10 47 a8 12 6c
INFO - a3 25 ca 18 00 01 86 a0
INFO - a3 27 0a 08 b3 00 12 4f
INFO - a3 27 4a 10 47 a8 12 8d
INFO - a3 27 8a 18 00 01 86 a0
INFO - a3 29 ca 08 b3 00 11 7f
INFO - a3 29 0a 10 47 a8 12 af
INFO - a3 29 4a 18 00 01 86 a0
INFO - a3 2b 8a 08 b3 00 10 b6
INFO - a3 2b ca 10 47 a8 12 ca
INFO - a3 2b 0a 18 00 01 86 a0
INFO - a3 2d 4a 08 b3 00 0f e6
INFO - a3 2d 8a 10 47 a8 12 eb
INFO - a3 2d ca 18 00 01 86 a0
INFO - a3 2f 0a 08 b3 00 0f 1d
INFO - a3 2f 4a 10 47 a8 13 0d
INFO - a3 2f 8a 18 00 01 86 a0
INFO - a3 31 ca 08 b3 00 0e 4d
INFO - a3 31 0a 10 47 a8 13 27
INFO - a3 31 4a 18 00 01 86 a0
INFO - a3 33 8a 08 b3 00 0d 84
INFO - a3 33 ca 10 47 a8 13 49
INFO - a3 33 0a 18 00 01 86 a0
INFO - a3 35 4a 08 b3 00 0c b4
INFO - a3 35 8a 10 47 a8 13 64
INFO - a3 35 ca 18 00 01 86 a0
INFO - a3 37 0a 08 b3 00 0b eb
INFO - a3 37 4a 10 47 a8 13 85
INFO - a3 37 8a 18 00 01 86 a0
INFO - a3 39 ca 08 b3 00 0b 1b
INFO - a3 39 0a 10 47 a8 13 a7
INFO - a3 39 4a 18 00 01 86 a0
INFO - a3 3b 8a 08 b3 00 0a 52
INFO - a3 3b ca 10 47 a8 13 c2
INFO - a3 3b 0a 18 00 01 86 a0
INFO - a3 3d 4a 08 b3 00 09 82
INFO - a3 3d 8a 10 47 a8 13 e3
INFO - a3 3d ca 18 00 01 86 a0
INFO - a3 3f 0a 08 b3 00 08 b9
INFO - a3 3f 4a 10 47 a8 14 05
INFO - a3 3f 8a 18 00 01 86 a0
INFO - a3 41 ca 08 b3 00 07 e9
INFO - a3 41 0a 10 47 a8 14 20
INFO - a3 41 4a 18 00 01 86 a0
INFO - a3 43 8a 08 b3 00 07 20
INFO - a3 43 ca 10 47 a8 14 41
INFO - a3 43 0a 18 00 01 86 a0
INFO - a3 45 4a 08 b3 00 06 50
INFO - a3 45 8a 10 47 a8 14 63
INFO - a3 45 ca 18 00 01 86 a0
INFO - a3 47 0a 08 b3 00 05 87
INFO - a3 47 4a 10 47 a8 14 7d
INFO - a3 47 8a 18 00 01 86 a0
INFO - a3 49 ca 08 b3 00 04 b7
INFO - a3 49 0a 10 47 a8 14 9f
INFO - a3 49 4a 18 00 01 86 a0
INFO - a3 4b 8a 08 b3 00 03 ee
INFO - a3 4b ca 10 47 a8 14 ba
INFO - a3 4b 0a 18 00 01 86 a0
INFO - a3 4d 4a 08 b3 00 03 1e
INFO - a3 4d 8a 10 47 a8 14 db
INFO - a3 4d ca 18 00 01 86 a0
INFO - a3 4f 0a 08 b3 00 02 55
INFO - a3 4f 4a 10 47 a8 14 fd
INFO - a3 4f 8a 18 00 01 86 a0
INFO - a3 51 ca 08 b3 00 01 85
INFO - a3 51 0a 10 47 a8 15 18
INFO - a3 51 4a 18 00 01 86 a0
INFO - a3 53 8a 08 b3 00 00 bc
INFO - a3 53 ca 10 47 a8 15 39
INFO - a3 53 0a 18 00 01 86 a0
INFO - a3 55 4a 08 b2 ff ff ec
INFO - a3 55 8a 10 47 a8 15 5b
INFO - a3 55 ca 18 00 01 86 a0
INFO - a3 57 0a 08 b2 ff ff 23
INFO - a3 57 4a 10 47 a8 15 76
INFO - a3 57 8a 18 00 01 86 a0
INFO - a3 59 ca 08 b2 ff fe 53
INFO - a3 59 0a 10 47 a8 15 97
INFO - a3 59 4a 18 00 01 86 a0
INFO - a3 5b 8a 08 b2 ff fd 8a
INFO - a3 5b ca 10 47 a8 15 b2
INFO - a3 5b 0a 18 00 01 86 a0
INFO - a3 5d 4a 08 b2 ff fc ba
INFO - a3 5d 8a 10 47 a8 15 d3
INFO - a3 5d ca 18 00 01 86 a0
INFO - a3 5f 0a 08 b2 ff fb f1
INFO - a3 5f 4a 10 47 a8 15 f5
INFO - a3 5f 8a 18 00 01 86 a0
INFO - a3 61 ca 08 b2 ff fb 21
INFO - a3 61 0a 10 47 a8 16 10
INFO - a3 61 4a 18 00 01 86 a0
INFO - a3 63 8a 08 b2 ff fa 57
INFO - a3 63 ca 10 47 a8 16 31
INFO - a3 63 0a 18 00 01 86 a0
INFO - a3 65 4a 08 b2 ff f9 88
INFO - a3 65 8a 10 47 a8 16 4c
INFO - a3 65 ca 18 00 01 86 a0
INFO - a3 67 0a 08 b2 ff f8 be
INFO - a3 67 4a 10 47 a8 16 6e
INFO - a3 67 8a 18 00 01 86 a0
INFO - a3 69 ca 08 b2 ff f7 ef
INFO - a3 69 0a 10 47 a8 16 8f
INFO - a3 69 4a 18 00 01 86 a0
INFO - a3 6b 8a 08 b2 ff f7 25
INFO - a3 6b ca 10 47 a8 16 aa
INFO - a3 6b 0a 18 00 01 86 a0
INFO - a3 6d 4a 08 b2 ff f6 56
INFO - a3 6d 8a 10 47 a8 16 cc
INFO - a3 6d ca 18 00 01 86 a0
INFO - a3 6f 0a 08 b2 ff f5 8c
INFO - a3 6f 4a 10 47 a8 16 e6
INFO - a3 6f 8a 18 00 01 86 a0
INFO - a3 71 ca 08 b2 ff f4 bd
INFO - a3 71 0a 10 47 a8 17 08
INFO - a3 71 4a 18 00 01 86 a0
INFO - a3 73 8a 08 b2 ff f3 f3
INFO - a3 73 ca 10 47 a8 17 29
INFO - a3 73 0a 18 00 01 86 a0
INFO - a3 75 4a 08 b2 ff f3 23
INFO - a3 75 8a 10 47 a8 17 44
INFO - a3 75 ca 18 00 01 86 a0
INFO - a3 77 0a 08 b2 ff f2 5a
INFO - a3 77 4a 10 47 a8 17 66
INFO - a3 77 8a 18 00 01 86 a0
INFO - a3 79 ca 08 b2 ff f1 8a
INFO - a3 79 0a 10 47 a8 17 81
INFO - a3 79 4a 18 00 01 86 a0
INFO - a3 7b 8a 08 b2 ff f0 c1
INFO - a3 7b ca 10 47 a8 17 a2
INFO - a3 7b 0a 18 00 01 86 a0
INFO - a3 7d 4a 08 b2 ff ef f1
INFO - a3 7d 8a 10 47 a8 17 c4
INFO - a3 7d ca 18 00 01 86 a0
INFO - a3 7f 0a 08 b2 ff ef 22
INFO - a3 7f 4a 10 47 a8 17 de
INFO - a3 7f 8a 18 00 01 86 a0
INFO - a3 81 ca 08 b2 ff ee 58
INFO - a3 81 0a 10 47 a8 18 00
INFO - a3 81 4a 18 00 01 86 a0
INFO - a3 83 8a 08 b2 ff ed 88
INFO - a3 83 ca 10 47 a8 18 1b
INFO - a3 83 0a 18 00 01 86 a0
INFO - a3 85 4a 08 b2 ff ec bf
INFO - a3 85 8a 10 47 a8 18 3c
INFO - a3 85 ca 18 00 01 86 a0
INFO - a3 87 0a 08 b2 ff eb ef
INFO - a3 87 4a 10 47 a8 18 5e
INFO - a3 87 8a 18 00 01 86 a0
INFO - a3 89 ca 08 b2 ff eb 26
INFO - a3 89 0a 10 47 a8 18 79
INFO - a3 89 4a 18 00 01 86 a0
INFO - a3 8b 8a 08 b2 ff ea 56
INFO - a3 8b ca 10 47 a8 18 9a
INFO - a3 8b 0a 18 00 01 86 a0
INFO - a3 8d 4a 08 b2 ff e9 8d
INFO - a3 8d 8a 10 47 a8 18 b5
INFO - a3 8d ca 18 00 01 86 a0
INFO - a3 8f 0a 08 b2 ff e8 bd
INFO - a3 8f 4a 10 47 a8 18 d7
INFO - a3 8f 8a 18 00 01 86 a0
INFO - a3 91 ca 08 b2 ff e7 ed
INFO - a3 91 0a 10 47 a8 18 f8
INFO - a3 91 4a 18 00 01 86 a0
INFO - a3 93 8a 08 b2 ff e7 24
INFO - a3 93 ca 10 47 a8 19 13
INFO - a3 93 0a 18 00 01 86 a0
INFO - a3 95 4a 08 b2 ff e6 54
INFO - a3 95 8a 10 47 a8 19 34
INFO - a3 95 ca 18 00 01 86 a0
INFO - a3 97 0a 08 b2 ff e5 8b
INFO - a3 97 4a 10 47 a8 19 4f
INFO - a3 97 8a 18 00 01 86 a0
INFO - a3 99 ca 08 b2 ff e4 bb
INFO - a3 99 0a 10 47 a8 19 71
INFO - a3 99 4a 18 00 01 86 a0
INFO - a3 9b 8a 08 b2 ff e3 ec
INFO - a3 9b ca 10 47 a8 19 92
INFO - a3 9b 0a 18 00 01 86 a0
INFO - a3 9d 4a 08 b2 ff e3 22
INFO - a3 9d 8a 10 47 a8 19 ad
INFO - a3 9d ca 18 00 01 86 a0
INFO - a3 9f 0a 08 b2 ff e2 53
INFO - a3 9f 4a 10 47 a8 19 cf
INFO - a3 9f 8a 18 00 01 86 a0
INFO - a3 a1 ca 08 b2 ff e1 89
INFO - a3 a1 0a 10 47 a8 19 ea
INFO - a3 a1 4a 18 00 01 86 a0
INFO - a3 a3 8a 08 b2 ff e0 b9
INFO - a3 a3 ca 10 47 a8 1a 0b
INFO - a3 a3 0a 18 00 01 86 a0
INFO - a3 a5 4a 08 b2 ff df f0
INFO - a3 a5 8a 10 47 a8 1a 2d
INFO - a3 a5 ca 18 00 01 86 a0
INFO - a3 a7 0a 08 b2 ff df 20
INFO - a3 a7 4a 10 47 a8 1a 47
INFO - a3 a7 8a 18 00 01 86 a0
INFO - a3 a9 ca 08 b2 ff de 57
INFO - a3 a9 0a 10 47 a8 1a 69
INFO - a3 a9 4a 18 00 01 86 a0
INFO - a3 ab 8a 08 b2 ff dd 87
INFO - a3 ab ca 10 47 a8 1a 8a
INFO - a3 ab 0a 18 00 01 86 a0
INFO - a3 ad 4a 08 b2 ff dc be
INFO - a3 ad 8a 10 47 a8 1a a5
INFO - a3 ad ca 18 00 01 86 a0
INFO - a3 af 0a 08 b2 ff db ee
INFO - a3 af 4a 10 47 a8 1a c7
INFO - a3 af 8a 18 00 01 86 a0
INFO - a3 b1 ca 08 b2 ff db 25
INFO - a3 b1 0a 10 47 a8 1a e2
INFO - a3 b1 4a 18 00 01 86 a0
INFO - a3 b3 8a 08 b2 ff da 55
INFO - a3 b3 ca 10 47 a8 1b 03
INFO - a3 b3 0a 18 00 01 86 a0
INFO - a3 b5 4a 08 b2 ff d9 85
INFO - a3 b5 8a 10 47 a8 1b 25
INFO - a3 b5 ca 18 00 01 86 a0
INFO - a3 b7 0a 08 b2 ff d8 bc
INFO - a3 b7 4a 10 47 a8 1b 3f
INFO - a3 b7 8a 18 00 01 86 a0
INFO - a3 b9 ca 08 b2 ff d7 f3
INFO - a3 b9 0a 10 47 a8 1b 61
INFO - a3 b9 4a 18 00 01 86 a0
INFO - a3 bb 8a 08 b2 ff d7 23
INFO - a3 bb ca 10 47 a8 1b 83
INFO - a3 bb 0a 18 00 01 86 a0
INFO - a3 bd 4a 08 b2 ff d6 5a
INFO - a3 bd 8a 10 47 a8 1b 9d
INFO - a3 bd ca 18 00 01 86 a0
INFO - a3 bf 0a 08 b2 ff d5 8a
INFO - a3 bf 4a 10 47 a8 1b bf
INFO - a3 bf 8a 18 00 01 86 a0
INFO - a3 c1 ca 08 b2 ff d4 c1
INFO - a3 c1 0a 10 47 a8 1b da
INFO - a3 c1 4a 18 00 01 86 a0
INFO - a3 c3 8a 08 b2 ff d3 f1
INFO - a3 c3 ca 10 47 a8 1b fb
INFO - a3 c3 0a 18 00 01 86 a0
INFO - a3 c5 4a 08 b2 ff d3 21
INFO - a3 c5 8a 10 47 a8 1c 1d
INFO - a3 c5 ca 18 00 01 86 a0
INFO - a3 c7 0a 08 b2 ff d2 58
INFO - a3 c7 4a 10 47 a8 1c 38
INFO - a3 c7 8a 18 00 01 86 a0
INFO - a3 c9 ca 08 b2 ff d1 88
INFO - a3 c9 0a 10 47 a8 1c 59
INFO - a3 c9 4a 18 00 01 86 a0
INFO - a3 cb 8a 08 b2 ff d0 b8
INFO - a3 cb ca 10 47 a8 1c 74
INFO - a3 cb 0a 18 00 01 86 a0
INFO - a3 cd 4a 08 b2 ff cf ef
INFO - a3 cd 8a 10 47 a8 1c 95
INFO - a3 cd ca 18 00 01 86 a0
INFO - a3 cf 0a 08 b2 ff cf 1f
INFO - a3 cf 4a 10 47 a8 1c b7
INFO - a3 cf 8a 18 00 01 86 a0
INFO - a3 d1 ca 08 b2 ff ce 56
INFO - a3 d1 0a 10 47 a8 1c d2
INFO - a3 d1 4a 18 00 01 86 a0
INFO - a3 d3 8a 08 b2 ff cd 86
INFO - a3 d3 ca 10 47 a8 1c f3
INFO - a3 d3 0a 18 00 01 86 a0
INFO - a3 d5 4a 08 b2 ff cc bd
INFO - a3 d5 8a 10 47 a8 1d 15
INFO - a3 d5 ca 18 00 01 86 a0
INFO - a3 d7 0a 08 b2 ff cb ed
INFO - a3 d7 4a 10 47 a8 1d 30
INFO - a3 d7 8a 18 00 01 86 a0
INFO - a3 d9 ca 08 b2 ff cb 24
INFO - a3 d9 0a 10 47 a8 1d 51
INFO - a3 d9 4a 18 00 01 86 a0
INFO - a3 db 8a 08 b2 ff ca 54
INFO - a3 db ca 10 47 a8 1d 73
INFO - a3 db 0a 18 00 01 86 a0
INFO - a3 dd 4a 08 b2 ff c9 8b
INFO - a3 dd 8a 10 47 a8 1d 8e
INFO - a3 dd ca 18 00 01 86 a0
INFO - a3 df 0a 08 b2 ff c8 bb
INFO - a3 df 4a 10 47 a8 1d af
INFO - a3 df 8a 18 00 01 86 a0
INFO - a3 e1 ca 08 b2 ff c7 f2
INFO - a3 e1 0a 10 47 a8 1d d1
INFO - a3 e1 4a 18 00 01 86 a0
INFO - a3 e3 8a 08 b2 ff c7 22
INFO - a3 e3 ca 10 47 a8 1d eb
INFO - a3 e3 0a 18 00 01 86 a0
INFO - a3 e5 4a 08 b2 ff c6 59
INFO - a3 e5 8a 10 47 a8 1e 0d
INFO - a3 e5 ca 18 00 01 86 a0
INFO - a3 e7 0a 08 b2 ff c5 89
INFO - a3 e7 4a 10 47 a8 1e 28
INFO - a3 e7 8a 18 00 01 86 a0
INFO - a3 e9 ca 08 b2 ff c4 c0
INFO - a3 e9 0a 10 47 a8 1e 49
INFO - a3 e9 4a 18 00 01 86 a0
INFO - a3 eb 8a 08 b2 ff c3 f0
INFO - a3 eb ca 10 47 a8 1e 6b
INFO - a3 eb 0a 18 00 01 86 a0
INFO - a3 ed 4a 08 b2 ff c3 27
INFO - a3 ed 8a 10 47 a8 1e 86
INFO - a3 ed ca 18 00 01 86 a0
INFO - a3 ef 0a 08 b2 ff c2 57
INFO - a3 ef 4a 10 47 a8 1e a7
INFO - a3 ef 8a 18 00 01 86 a0
INFO - a3 f1 ca 08 b2 ff c1 8e
INFO - a3 f1 0a 10 47 a8 1e c2
INFO - a3 f1 4a 18 00 01 86 a0
INFO - a3 f3 8a 08 b2 ff c0 be
INFO - a3 f3 ca 10 47 a8 1e e4
INFO - a3 f3 0a 18 00 01 86 a0
INFO - a3 f5 4a 08 b2 ff bf ee
INFO - a3 f5 8a 10 47 a8 1f 05
INFO - a3 f5 ca 18 00 01 86 a0
INFO - a3 f7 0a 08 b2 ff bf 25
INFO - a3 f7 4a 10 47 a8 1f 20
INFO - a3 f7 8a 18 00 01 86 a0
INFO - a3 f9 ca 08 b2 ff be 55
INFO - a3 f9 0a 10 47 a8 1f 41
INFO - a3 f9 4a 18 00 01 86 a0
INFO - a3 fb 8a 08 b2 ff bd 8c
INFO - a3 fb ca 10 47 a8 1f 5c
INFO - a3 fb 0a 18 00 01 86 a0
INFO - a3 fd 4a 08 b2 ff bc bc
INFO - a3 fd 8a 10 47 a8 1f 7e
INFO - a3 fd ca 18 00 01 86 a0
INFO - a3 ff 0a 08 b2 ff bb f3
INFO - a3 ff 4a 10 47 a8 1f 9f
INFO - a3 ff 8a 18 00 01 86 a0
INFO - a4 01 ca 08 b2 ff bb 23
INFO - a4 01 0a 10 47 a8 1f ba
INFO - a4 01 4a 18 00 01 86 a0
INFO - a4 03 8a 08 b2 ff ba 5a
INFO - a4 03 ca 10 47 a8 1f dc
INFO - a4 03 0a 18 00 01 86 a0
INFO - a4 05 4a 08 b2 ff b9 8a
INFO - a4 05 8a 10 47 a8 1f fd
INFO - a4 05 ca 18 00 01 86 a0
INFO - a4 07 0a 08 b2 ff b8 c1
INFO - a4 07 4a 10 47 a8 20 18
INFO - a4 07 8a 18 00 01 86 a0
INFO - a4 09 ca 08 b2 ff b7 f1
INFO - a4 09 0a 10 47 a8 20 3a
INFO - a4 09 4a 18 00 01 86 a0
INFO - a4 0b 8a 08 b2 ff b7 28
INFO - a4 0b ca 10 47 a8 20 5b
INFO - a4 0b 0a 18 00 01 86 a0
INFO - a4 0d 4a 08 b2 ff b6 58
INFO - a4 0d 8a 10 47 a8 20 76
INFO - a4 0d ca 18 00 01 86 a0
INFO - a4 0f 0a 08 b2 ff b5 8f
INFO - a4 0f 4a 10 47 a8 20 97
INFO - a4 0f 8a 18 00 01 86 a0
INFO - a4 11 ca 08 b2 ff b4 bf
INFO - a4 11 0a 10 47 a8 20 b2
INFO - a4 11 4a 18 00 01 86 a0
INFO - a4 13 8a 08 b2 ff b3 ef
INFO - a4 13 ca 10 47 a8 20 d4
INFO - a4 13 0a 18 00 01 86 a0
INFO - a4 15 4a 08 b2 ff b3 26
INFO - a4 15 8a 10 47 a8 20 f5
INFO - a4 15 ca 18 00 01 86 a0
INFO - a4 17 0a 08 b2 ff b2 56
INFO - a4 17 4a 10 47 a8 21 10
INFO - a4 17 8a 18 00 01 86 a0
INFO - a4 19 ca 08 b2 ff b1 8d
INFO - a4 19 0a 10 47 a8 21 32
INFO - a4 19 4a 18 00 01 86 a0
INFO - a4 1b 8a 08 b2 ff b0 bd
INFO - a4 1b ca 10 47 a8 21 53
INFO - a4 1b 0a 18 00 01 86 a0
INFO - a4 1d 4a 08 b2 ff af ed
INFO - a4 1d 8a 10 47 a8 21 6e
INFO - a4 1d ca 18 00 01 86 a0
INFO - a4 1f 0a 08 b2 ff af 24
INFO - a4 1f 4a 10 47 a8 21 90
INFO - a4 1f 8a 18 00 01 86 a0
INFO - a4 21 ca 08 b2 ff ae 54
INFO - a4 21 0a 10 47 a8 21 aa
INFO - a4 21 4a 18 00 01 86 a0
INFO - a4 23 8a 08 b2 ff ad 8b
INFO - a4 23 ca 10 47 a8 21 cc
INFO - a4 23 0a 18 00 01 86 a0
INFO - a4 25 4a 08 b2 ff ac bb
INFO - a4 25 8a 10 47 a8 21 ed
INFO - a4 25 ca 18 00 01 86 a0
INFO - a4 27 0a 08 b2 ff ab f2
INFO - a4 27 4a 10 47 a8 22 08
INFO - a4 27 8a 18 00 01 86 a0
INFO - a4 29 ca 08 b2 ff ab 22
INFO - a4 29 0a 10 47 a8 22 2a
INFO - a4 29 4a 18 00 01 86 a0
INFO - a4 2b 8a 08 b2 ff aa 59
INFO - a4 2b ca 10 47 a8 22 4b
INFO - a4 2b 0a 18 00 01 86 a0
INFO - a4 2d 4a 08 b2 ff a9 89
INFO - a4 2d 8a 10 47 a8 22 66
INFO - a4 2d ca 18 00 01 86 a0
INFO - a4 2f 0a 08 b2 ff a8 c0
INFO - a4 2f 4a 10 47 a8 22 88
INFO - a4 2f 8a 18 00 01 86 a0
INFO - a4 31 ca 08 b2 ff a7 f0
INFO - a4 31 0a 10 47 a8 22 a2
INFO - a4 31 4a 18 00 01 86 a0
INFO - a4 33 8a 08 b2 ff a7 27
INFO - a4 33 ca 10 47 a8 22 c4
INFO - a4 33 0a 18 00 01 86 a0
INFO - a4 35 4a 08 b2 ff a6 57
INFO - a4 35 8a 10 47 a8 22 e5
INFO - a4 35 ca 18 00 01 86 a0
INFO - a4 37 0a 08 b2 ff a5 8e
INFO - a4 37 4a 10 47 a8 23 00
INFO - a4 37 8a 18 00 01 86 a0
INFO - a4 39 ca 08 b2 ff a4 be
INFO - a4 39 0a 10 47 a8 23 22
INFO - a4 39 4a 18 00 01 86 a0
INFO - a4 3b 8a 08 b2 ff a3 f5
INFO - a4 3b ca 10 47 a8 23 43
INFO - a4 3b 0a 18 00 01 86 a0
INFO - a4 3d 4a 08 b2 ff a3 25
INFO - a4 3d 8a 10 47 a8 23 5e
INFO - a4 3d ca 18 00 01 86 a0
INFO - a4 3f 0a 08 b2 ff a2 5c
INFO - a4 3f 4a 10 47 a8 23 80
INFO - a4 3f 8a 18 00 01 86 a0
INFO - a4 41 ca 08 b2 ff a1 8c
INFO - a4 41 0a 10 47 a8 23 9b
INFO - a4 41 4a 18 00 01 86 a0
INFO - a4 43 8a 08 b2 ff a0 c3
INFO - a4 43 ca 10 47 a8 23 bc
INFO - a4 43 0a 18 00 01 86 a0
INFO - a4 45 4a 08 b2 ff 9f f9
INFO - a4 45 8a 10 47 a8 23 de
INFO - a4 45 ca 18 00 01 86 a0
INFO - a4 47 0a 08 b2 ff 9f 2a
INFO - a4 47 4a 10 47 a8 23 f8
INFO - a4 47 8a 18 00 01 86 a0
INFO - a4 49 ca 08 b2 ff 9e 5a
INFO - a4 49 0a 10 47 a8 24 1a
INFO - a4 49 4a 18 00 01 86 a0
INFO - a4 4b 8a 08 b2 ff 9d 91
INFO - a4 4b ca 10 47 a8 24 35
INFO - a4 4b 0a 18 00 01 86 a0
INFO - a4 4d 4a 08 b2 ff 9c c1
INFO - a4 4d 8a 10 47 a8 24 56
INFO - a4 4d ca 18 00 01 86 a0
INFO - a4 4f 0a 08 b2 ff 9b f7
INFO - a4 4f 4a 10 47 a8 24 78
INFO - a4 4f 8a 18 00 01 86 a0
INFO - a4 51 ca 08 b2 ff 9b 28
INFO - a4 51 0a 10 47 a8 24 93
INFO - a4 51 4a 18 00 01 86 a0
INFO - a4 53 8a 08 b2 ff 9a 5e
INFO - a4 53 ca 10 47 a8 24 b4
INFO - a4 53 0a 18 00 01 86 a0
INFO - a4 55 4a 08 b2 ff 99 8f
INFO - a4 55 8a 10 47 a8 24 d6
INFO - a4 55 ca 18 00 01 86 a0
INFO - a4 57 0a 08 b2 ff 98 bf
INFO - a4 57 4a 10 47 a8 24 f1
INFO - a4 57 8a 18 00 01 86 a0
INFO - a4 59 ca 08 b2 ff 97 f6
INFO - a4 59 0a 10 47 a8 25 12
INFO - a4 59 4a 18 00 01 86 a0
INFO - a4 5b 8a 08 b2 ff 97 26
INFO - a4 5b ca 10 47 a8 25 2d
INFO - a4 5b 0a 18 00 01 86 a0
INFO - a4 5d 4a 08 b2 ff 96 5d
INFO - a4 5d 8a 10 47 a8 25 4e
INFO - a4 5d ca 18 00 01 86 a0
INFO - a4 5f 0a 08 b2 ff 95 8d
INFO - a4 5f 4a 10 47 a8 25 69
INFO - a4 5f 8a 18 00 01 86 a0
INFO - a4 61 ca 08 b2 ff 94 c3
INFO - a4 61 0a 10 47 a8 25 8b
INFO - a4 61 4a 18 00 01 86 a0
INFO - a4 63 8a 08 b2 ff 93 f4
INFO - a4 63 ca 10 47 a8 25 ac
INFO - a4 63 0a 18 00 01 86 a0
INFO - a4 65 4a 08 b2 ff 93 2a
INFO - a4 65 8a 10 47 a8 25 c7
INFO - a4 65 ca 18 00 01 86 a0
INFO - a4 67 0a 08 b2 ff 92 5b
INFO - a4 67 4a 10 47 a8 25 e9
INFO - a4 67 8a 18 00 01 86 a0
INFO - a4 69 ca 08 b2 ff 91 91
INFO - a4 69 0a 10 47 a8 26 0a
INFO - a4 69 4a 18 00 01 86 a0
INFO - a4 6b 8a 08 b2 ff 90 c2
INFO - a4 6b ca 10 47 a8 26 25
INFO - a4 6b 0a 18 00 01 86 a0
INFO - a4 6d 4a 08 b2 ff 8f f8
INFO - a4 6d 8a 10 47 a8 26 47
INFO - a4 6d ca 18 00 01 86 a0
INFO - a4 6f 0a 08 b2 ff 8f 28
INFO - a4 6f 4a 10 47 a8 26 61
INFO - a4 6f 8a 18 00 01 86 a0
INFO - a4 71 ca 08 b2 ff 8e 5f
INFO - a4 71 0a 10 47 a8 26 83
INFO - a4 71 4a 18 00 01 86 a0
INFO - a4 73 8a 08 b2 ff 8d 8f
INFO - a4 73 ca 10 47 a8 26 a4
INFO - a4 73 0a 18 00 01 86 a0
INFO - a4 75 4a 08 b2 ff 8c c6
INFO - a4 75 8a 10 47 a8 26 bf
INFO - a4 75 ca 18 00 01 86 a0
INFO - a4 77 0a 08 b2 ff 8b f6
INFO - a4 77 4a 10 47 a8 26 e1
INFO - a4 77 8a 18 00 01 86 a0
INFO - a4 79 ca 08 b2 ff 8b 2d
INFO - a4 79 0a 10 47 a8 26 fc
INFO - a4 79 4a 18 00 01 86 a0
INFO - a4 7b 8a 08 b2 ff 8a 5d
INFO - a4 7b ca 10 47 a8 27 1d
INFO - a4 7b 0a 18 00 01 86 a0
INFO - a4 7d 4a 08 b2 ff 89 94
INFO - a4 7d 8a 10 47 a8 27 3f
INFO - a4 7d ca 18 00 01 86 a0
INFO - a4 7f 0a 08 b2 ff 88 c4
INFO - a4 7f 4a 10 47 a8 27 59
INFO - a4 7f 8a 18 00 01 86 a0
INFO - a4 81 ca 08 b2 ff 87 fb
INFO - a4 81 0a 10 47 a8 27 7b
INFO - a4 81 4a 18 00 01 86 a0
INFO - a4 83 8a 08 b2 ff 87 2b
INFO - a4 83 ca 10 47 a8 27 9c
INFO - a4 83 0a 18 00 01 86 a0
INFO - a4 85 4a 08 b2 ff 86 5b
INFO - a4 85 8a 10 47 a8 27 b7
INFO - a4 85 ca 18 00 01 86 a0
INFO - a4 87 0a 08 b2 ff 85 92
INFO - a4 87 4a 10 47 a8 27 d9
INFO - a4 87 8a 18 00 01 86 a0
INFO - a4 89 ca 08 b2 ff 84 c2
INFO - a4 89 0a 10 47 a8 27 f4
INFO - a4 89 4a 18 00 01 86 a0
INFO - a4 8b 8a 08 b2 ff 83 f9
INFO - a4 8b ca 10 47 a8 28 15
INFO - a4 8b 0a 18 00 01 86 a0
INFO - a4 8d 4a 08 b2 ff 83 29
INFO - a4 8d 8a 10 47 a8 28 37
INFO - a4 8d ca 18 00 01 86 a0
INFO - a4 8f 0a 08 b2 ff 82 60
INFO - a4 8f 4a 10 47 a8 28 52
INFO - a4 8f 8a 18 00 01 86 a0
INFO - a4 91 ca 08 b2 ff 81 90
INFO - a4 91 0a 10 47 a8 28 73
INFO - a4 91 4a 18 00 01 86 a0
INFO - a4 93 8a 08 b2 ff 80 c0
INFO - a4 93 ca 10 47 a8 28 95
INFO - a4 93 0a 18 00 01 86 a0
INFO - a4 95 4a 08 b2 ff 7f f7
INFO - a4 95 8a 10 47 a8 28 af
INFO - a4 95 ca 18 00 01 86 a0
INFO - a4 97 0a 08 b2 ff 7f 2e
INFO - a4 97 4a 10 47 a8 28 d1
INFO - a4 97 8a 18 00 01 86 a0
INFO - a4 99 ca 08 b2 ff 7e 5e
INFO - a4 99 0a 10 47 a8 28 ec
INFO - a4 99 4a 18 00 01 86 a0
INFO - a4 9b 8a 08 b2 ff 7d 95
INFO - a4 9b ca 10 47 a8 29 0d
INFO - a4 9b 0a 18 00 01 86 a0
INFO - a4 9d 4a 08 b2 ff 7c c5
INFO - a4 9d 8a 10 47 a8 29 2f
INFO - a4 9d ca 18 00 01 86 a0
INFO - a4 9f 0a 08 b2 ff 7b fc
INFO - a4 9f 4a 10 47 a8 29 4a
INFO - a4 9f 8a 18 00 01 86 a0
INFO - a4 a1 ca 08 b2 ff 7b 2c
INFO - a4 a1 0a 10 47 a8 29 6b
INFO - a4 a1 4a 18 00 01 86 a0
INFO - a4 a3 8a 08 b2 ff 7a 63
INFO - a4 a3 ca 10 47 a8 29 86
INFO - a4 a3 0a 18 00 01 86 a0
INFO - a4 a5 4a 08 b2 ff 79 93
INFO - a4 a5 8a 10 47 a8 29 a8
INFO - a4 a5 ca 18 00 01 86 a0
INFO - a4 a7 0a 08 b2 ff 78 ca
INFO - a4 a7 4a 10 47 a8 29 c9
INFO - a4 a7 8a 18 00 01 86 a0
INFO - a4 a9 ca 08 b2 ff 77 fa
INFO - a4 a9 0a 10 47 a8 29 e4
INFO - a4 a9 4a 18 00 01 86 a0
INFO - a4 ab 8a 08 b2 ff 77 2a
INFO - a4 ab ca 10 47 a8 2a 05
INFO - a4 ab 0a 18 00 01 86 a0
INFO - a4 ad 4a 08 b2 ff 76 61
INFO - a4 ad 8a 10 47 a8 2a 27
INFO - a4 ad ca 18 00 01 86 a0
INFO - a4 af 0a 08 b2 ff 75 91
INFO - a4 af 4a 10 47 a8 2a 42
INFO - a4 af 8a 18 00 01 86 a0
INFO - a4 b1 ca 08 b2 ff 74 c8
INFO - a4 b1 0a 10 47 a8 2a 63
INFO - a4 b1 4a 18 00 01 86 a0
INFO - a4 b3 8a 08 b2 ff 73 f8
INFO - a4 b3 ca 10 47 a8 2a 85
INFO - a4 b3 0a 18 00 01 86 a0
INFO - a4 b5 4a 08 b2 ff 73 2f
INFO - a4 b5 8a 10 47 a8 2a a0
INFO - a4 b5 ca 18 00 01 86 a0
INFO - a4 b7 0a 08 b2 ff 72 5f
INFO - a4 b7 4a 10 47 a8 2a c1
INFO - a4 b7 8a 18 00 01 86 a0
INFO - a4 b9 ca 08 b2 ff 71 96
INFO - a4 b9 0a 10 47 a8 2a e3
INFO - a4 b9 4a 18 00 01 86 a0
INFO - a4 bb 8a 08 b2 ff 70 c6
INFO - a4 bb ca 10 47 a8 2a fe
INFO - a4 bb 0a 18 00 01 86 a0
INFO - a4 bd 4a 08 b2 ff 6f fd
INFO - a4 bd 8a 10 47 a8 2b 1f
INFO - a4 bd ca 18 00 01 86 a0
INFO - a4 bf 0a 08 b2 ff 6f 2d
INFO - a4 bf 4a 10 47 a8 2b 3a
INFO - a4 bf 8a 18 00 01 86 a0
INFO - a4 c1 ca 08 b2 ff 6e 64
INFO - a4 c1 0a 10 47 a8 2b 5b
INFO - a4 c1 4a 18 00 01 86 a0
INFO - a4 c3 8a 08 b2 ff 6d 94
INFO - a4 c3 ca 10 47 a8 2b 7d
INFO - a4 c3 0a 18 00 01 86 a0
INFO - a4 c5 4a 08 b2 ff 6c cb
INFO - a4 c5 8a 10 47 a8 2b 98
INFO - a4 c5 ca 18 00 01 86 a0
INFO - a4 c7 0a 08 b2 ff 6b fb
INFO - a4 c7 4a 10 47 a8 2b b9
INFO - a4 c7 8a 18 00 01 86 a0
INFO - a4 c9 ca 08 b2 ff 6b 32
INFO - a4 c9 0a 10 47 a8 2b db
INFO - a4 c9 4a 18 00 01 86 a0
INFO - a4 cb 8a 08 b2 ff 6a 62
INFO - a4 cb ca 10 47 a8 2b f6
INFO - a4 cb 0a 18 00 01 86 a0
INFO - a4 cd 4a 08 b2 ff 69 99
INFO - a4 cd 8a 10 47 a8 2c 17
INFO - a4 cd ca 18 00 01 86 a0
INFO - a4 cf 0a 08 b2 ff 68 c9
INFO - a4 cf 4a 10 47 a8 2c 39
INFO - a4 cf 8a 18 00 01 86 a0
INFO - a4 d1 ca 08 b2 ff 68 00
INFO - a4 d1 0a 10 47 a8 2c 53
INFO - a4 d1 4a 18 00 01 86 a0
INFO - a4 d3 8a 08 b2 ff 67 30
INFO - a4 d3 ca 10 47 a8 2c 75
INFO - a4 d3 0a 18 00 01 86 a0
INFO - a4 d5 4a 08 b2 ff 66 67
INFO - a4 d5 8a 10 47 a8 2c 90
INFO - a4 d5 ca 18 00 01 86 a0
INFO - a4 d7 0a 08 b2 ff 65 97
INFO - a4 d7 4a 10 47 a8 2c b1
INFO - a4 d7 8a 18 00 01 86 a0
INFO - a4 d9 ca 08 b2 ff 64 ce
INFO - a4 d9 0a 10 47 a8 2c d3
INFO - a4 d9 4a 18 00 01 86 a0
INFO - a4 db 8a 08 b2 ff 63 fe
INFO - a4 db ca 10 47 a8 2c ee
INFO - a4 db 0a 18 00 01 86 a0
INFO - a4 dd 4a 08 b2 ff 63 2e
INFO - a4 dd 8a 10 47 a8 2d 0f
INFO - a4 dd ca 18 00 01 86 a0
INFO - a4 df 0a 08 b2 ff 62 65
INFO - a4 df 4a 10 47 a8 2d 31
INFO - a4 df 8a 18 00 01 86 a0
INFO - a4 e1 ca 08 b2 ff 61 95
INFO - a4 e1 0a 10 47 a8 2d 4c
INFO - a4 e1 4a 18 00 01 86 a0
INFO - a4 e3 8a 08 b2 ff 60 cc
INFO - a4 e3 ca 10 47 a8 2d 6d
INFO - a4 e3 0a 18 00 01 86 a0
INFO - a4 e5 4a 08 b2 ff 5f fc
INFO - a4 e5 8a 10 47 a8 2d 88
INFO - a4 e5 ca 18 00 01 86 a0
INFO - a4 e7 0a 08 b2 ff 5f 33
INFO - a4 e7 4a 10 47 a8 2d a9
INFO - a4 e7 8a 18 00 01 86 a0
INFO - a4 e9 ca 08 b2 ff 5e 63
INFO - a4 e9 0a 10 47 a8 2d cb
INFO - a4 e9 4a 18 00 01 86 a0
INFO - a4 eb 8a 08 b2 ff 5d 9a
INFO - a4 eb ca 10 47 a8 2d e6
INFO - a4 eb 0a 18 00 01 86 a0
INFO - a4 ed 4a 08 b2 ff 5c ca
INFO - a4 ed 8a 10 47 a8 2e 07
INFO - a4 ed ca 18 00 01 86 a0
INFO - a4 ef 0a 08 b2 ff 5c 01
INFO - a4 ef 4a 10 47 a8 2e 22
INFO - a4 ef 8a 18 00 01 86 a0
INFO - a4 f1 ca 08 b2 ff 5b 31
INFO - a4 f1 0a 10 47 a8 2e 44
INFO - a4 f1 4a 18 00 01 86 a0
INFO - a4 f3 8a 08 b2 ff 5a 68
INFO - a4 f3 ca 10 47 a8 2e 65
INFO - a4 f3 0a 18 00 01 86 a0
INFO - a4 f5 4a 08 b2 ff 59 98
INFO - a4 f5 8a 10 47 a8 2e 80
INFO - a4 f5 ca 18 00 01 86 a0
INFO - a4 f7 0a 08 b2 ff 58 cf
INFO - a4 f7 4a 10 47 a8 2e a2
INFO - a4 f7 8a 18 00 01 86 a0
INFO - a4 f9 ca 08 b2 ff 58 05
INFO - a4 f9 0a 10 47 a8 2e c3
INFO - a4 f9 4a 18 00 01 86 a0
INFO - a4 fb 8a 08 b2 ff 57 35
INFO - a4 fb ca 10 47 a8 2e e5
INFO - a4 fb 0a 18 00 01 86 a0
INFO - a4 fd 4a 08 b2 ff 56 6c
INFO - a4 fd 8a 10 47 a8 2f 06
INFO - a4 fd ca 18 00 01 86 a0
INFO - a4 ff 0a 08 b2 ff 55 9c
INFO - a4 ff 4a 10 47 a8 2f 28
INFO - a4 ff 8a 18 00 01 86 a0
INFO - a5 01 ca 08 b2 ff 54 d3
INFO - a5 01 0a 10 47 a8 2f 43
INFO - a5 01 4a 18 00 01 86 a0
INFO - a5 03 8a 08 b2 ff 54 03
INFO - a5 03 ca 10 47 a8 2f 64
INFO - a5 03 0a 18 00 01 86 a0
INFO - a5 05 4a 08 b2 ff 53 3a
INFO - a5 05 8a 10 47 a8 2f 86
INFO - a5 05 ca 18 00 01 86 a0
INFO - a5 07 0a 08 b2 ff 52 6a
INFO - a5 07 4a 10 47 a8 2f a7
INFO - a5 07 8a 18 00 01 86 a0
INFO - a5 09 ca 08 b2 ff 51 a1
INFO - a5 09 0a 10 47 a8 2f c9
INFO - a5 09 4a 18 00 01 86 a0
INFO - a5 0b 8a 08 b2 ff 50 d1
INFO - a5 0b ca 10 47 a8 2f ea
INFO - a5 0b 0a 18 00 01 86 a0
INFO - a5 0d 4a 08 b2 ff 50 08
INFO - a5 0d 8a 10 47 a8 30 05
INFO - a5 0d ca 18 00 01 86 a0
INFO - a5 0f 0a 08 b2 ff 4f 38
INFO - a5 0f 4a 10 47 a8 30 26
INFO - a5 0f 8a 18 00 01 86 a0
INFO - a5 11 ca 08 b2 ff 4e 83
INFO - a5 11 0a 10 47 a8 30 48
INFO - a5 11 4a 18 00 01 86 a0
INFO - a5 11 8a 08 b2 ff 4e 83
INFO - a5 11 ca 10 47 a8 30 48
INFO - a5 11 0a 18 00 01 86 a0
INFO - a5 13 4a 08 b2 ff 4d b3
INFO - a5 13 8a 10 47 a8 30 63
INFO - a5 13 ca 18 00 01 86 a0
INFO - a5 15 0a 08 b2 ff 4c ea
INFO - a5 15 4a 10 47 a8 30 7e
INFO - a5 15 8a 18 00 01 86 a0
INFO - a5 17 ca 08 b2 ff 4c 1a
INFO - a5 17 0a 10 47 a8 30 9f
INFO - a5 17 4a 18 00 01 86 a0
INFO - a5 19 8a 08 b2 ff 4b 4a
INFO - a5 19 ca 10 47 a8 30 ba
INFO - a5 19 0a 18 00 01 86 a0
INFO - a5 1b 4a 08 b2 ff 4a 81
INFO - a5 1b 8a 10 47 a8 30 dc
INFO - a5 1b ca 18 00 01 86 a0
INFO - a5 1d 0a 08 b2 ff 49 b1
INFO - a5 1d 4a 10 47 a8 30 f6
INFO - a5 1d 8a 18 00 01 86 a0
INFO - a5 1f ca 08 b2 ff 48 e8
INFO - a5 1f 0a 10 47 a8 31 11
INFO - a5 1f 4a 18 00 01 86 a0
INFO - a5 21 8a 08 b2 ff 48 18
INFO - a5 21 ca 10 47 a8 31 33
INFO - a5 21 0a 18 00 01 86 a0
INFO - a5 23 4a 08 b2 ff 47 49
INFO - a5 23 8a 10 47 a8 31 4e
INFO - a5 23 ca 18 00 01 86 a0
INFO - a5 25 0a 08 b2 ff 46 7f
INFO - a5 25 4a 10 47 a8 31 6f
INFO - a5 25 8a 18 00 01 86 a0
INFO - a5 27 ca 08 b2 ff 45 af
INFO - a5 27 0a 10 47 a8 31 8a
INFO - a5 27 4a 18 00 01 86 a0
INFO - a5 29 8a 08 b2 ff 44 e6
INFO - a5 29 ca 10 47 a8 31 a5
INFO - a5 29 0a 18 00 01 86 a0
INFO - a5 2b 4a 08 b2 ff 44 16
INFO - a5 2b 8a 10 47 a8 31 c6
INFO - a5 2b ca 18 00 01 86 a0
INFO - a5 2d 0a 08 b2 ff 43 47
INFO - a5 2d 4a 10 47 a8 31 e1
INFO - a5 2d 8a 18 00 01 86 a0
INFO - a5 2f ca 08 b2 ff 42 7d
INFO - a5 2f 0a 10 47 a8 32 03
INFO - a5 2f 4a 18 00 01 86 a0
INFO - a5 31 8a 08 b2 ff 41 ae
INFO - a5 31 ca 10 47 a8 32 24
INFO - a5 31 0a 18 00 01 86 a0
INFO - a5 33 4a 08 b2 ff 40 e4
INFO - a5 33 8a 10 47 a8 32 3f
INFO - a5 33 ca 18 00 01 86 a0
INFO - a5 35 0a 08 b2 ff 40 15
INFO - a5 35 4a 10 47 a8 32 60
INFO - a5 35 8a 18 00 01 86 a0
INFO - a5 37 ca 08 b2 ff 3f 4b
INFO - a5 37 0a 10 47 a8 32 7b
INFO - a5 37 4a 18 00 01 86 a0
INFO - a5 39 8a 08 b2 ff 3e 7b
INFO - a5 39 ca 10 47 a8 32 9d
INFO - a5 39 0a 18 00 01 86 a0
INFO - a5 3b 4a 08 b2 ff 3d b2
INFO - a5 3b 8a 10 47 a8 32 be
INFO - a5 3b ca 18 00 01 86 a0
INFO - a5 3d 0a 08 b2 ff 3c e2
INFO - a5 3d 4a 10 47 a8 32 d9
INFO - a5 3d 8a 18 00 01 86 a0
INFO - a5 3f ca 08 b2 ff 3c 19
INFO - a5 3f 0a 10 47 a8 32 fb
INFO - a5 3f 4a 18 00 01 86 a0
INFO - a5 41 8a 08 b2 ff 3b 49
INFO - a5 41 ca 10 47 a8 33 1c
INFO - a5 41 0a 18 00 01 86 a0
INFO - a5 43 4a 08 b2 ff 3a 80
INFO - a5 43 8a 10 47 a8 33 37
INFO - a5 43 ca 18 00 01 86 a0
INFO - a5 45 0a 08 b2 ff 39 b0
INFO - a5 45 4a 10 47 a8 33 59
INFO - a5 45 8a 18 00 01 86 a0
INFO - a5 47 ca 08 b2 ff 38 e0
INFO - a5 47 0a 10 47 a8 33 7a
INFO - a5 47 4a 18 00 01 86 a0
INFO - a5 49 8a 08 b2 ff 38 17
INFO - a5 49 ca 10 47 a8 33 95
INFO - a5 49 0a 18 00 01 86 a0
INFO - a5 4b 4a 08 b2 ff 37 4e
INFO - a5 4b 8a 10 47 a8 33 b6
INFO - a5 4b ca 18 00 01 86 a0
INFO - a5 4d 0a 08 b2 ff 36 7e
INFO - a5 4d 4a 10 47 a8 33 d1
INFO - a5 4d 8a 18 00 01 86 a0
INFO - a5 4f ca 08 b2 ff 35 b5
INFO - a5 4f 0a 10 47 a8 33 f3
INFO - a5 4f 4a 18 00 01 86 a0
INFO - a5 51 8a 08 b2 ff 34 e5
INFO - a5 51 ca 10 47 a8 34 14
INFO - a5 51 0a 18 00 01 86 a0
INFO - a5 53 4a 08 b2 ff 34 1c
INFO - a5 53 8a 10 47 a8 34 2f
INFO - a5 53 ca 18 00 01 86 a0
INFO - a5 55 0a 08 b2 ff 33 4c
INFO - a5 55 4a 10 47 a8 34 51
INFO - a5 55 8a 18 00 01 86 a0
INFO - a5 57 ca 08 b2 ff 32 83
INFO - a5 57 0a 10 47 a8 34 72
INFO - a5 57 4a 18 00 01 86 a0
INFO - a5 59 8a 08 b2 ff 31 b3
INFO - a5 59 ca 10 47 a8 34 8d
INFO - a5 59 0a 18 00 01 86 a0
INFO - a5 5b 4a 08 b2 ff 30 e3
INFO - a5 5b 8a 10 47 a8 34 af
INFO - a5 5b ca 18 00 01 86 a0
INFO - a5 5d 0a 08 b2 ff 30 1a
INFO - a5 5d 4a 10 47 a8 34 d0
INFO - a5 5d 8a 18 00 01 86 a0
INFO - a5 5f ca 08 b2 ff 2f 4a
INFO - a5 5f 0a 10 47 a8 34 eb
INFO - a5 5f 4a 18 00 01 86 a0
INFO - a5 61 8a 08 b2 ff 2e 81
INFO - a5 61 ca 10 47 a8 35 0c
INFO - a5 61 0a 18 00 01 86 a0
INFO - a5 63 4a 08 b2 ff 2d b8
INFO - a5 63 8a 10 47 a8 35 27
INFO - a5 63 ca 18 00 01 86 a0
INFO - a5 65 0a 08 b2 ff 2c e8
INFO - a5 65 4a 10 47 a8 35 49
INFO - a5 65 8a 18 00 01 86 a0
INFO - a5 67 ca 08 b2 ff 2c 18
INFO - a5 67 0a 10 47 a8 35 6a
INFO - a5 67 4a 18 00 01 86 a0
INFO - a5 69 8a 08 b2 ff 2b 4f
INFO - a5 69 ca 10 47 a8 35 85
INFO - a5 69 0a 18 00 01 86 a0
INFO - a5 6b 4a 08 b2 ff 2a 7f
INFO - a5 6b 8a 10 47 a8 35 a7
INFO - a5 6b ca 18 00 01 86 a0
INFO - a5 6d 0a 08 b2 ff 29 b6
INFO - a5 6d 4a 10 47 a8 35 c8
INFO - a5 6d 8a 18 00 01 86 a0
INFO - a5 6f ca 08 b2 ff 28 e6
INFO - a5 6f 0a 10 47 a8 35 e3
INFO - a5 6f 4a 18 00 01 86 a0
INFO - a5 71 8a 08 b2 ff 28 1d
INFO - a5 71 ca 10 47 a8 36 05
INFO - a5 71 0a 18 00 01 86 a0
INFO - a5 73 4a 08 b2 ff 27 4d
INFO - a5 73 8a 10 47 a8 36 1f
INFO - a5 73 ca 18 00 01 86 a0
INFO - a5 75 0a 08 b2 ff 26 84
INFO - a5 75 4a 10 47 a8 36 41
INFO - a5 75 8a 18 00 01 86 a0
INFO - a5 77 ca 08 b2 ff 25 b4
INFO - a5 77 0a 10 47 a8 36 62
INFO - a5 77 4a 18 00 01 86 a0
INFO - a5 79 8a 08 b2 ff 24 eb
INFO - a5 79 ca 10 47 a8 36 7d
INFO - a5 79 0a 18 00 01 86 a0
INFO - a5 7b 4a 08 b2 ff 24 1b
INFO - a5 7b 8a 10 47 a8 36 9f
INFO - a5 7b ca 18 00 01 86 a0
INFO - a5 7d 0a 08 b2 ff 23 4b
INFO - a5 7d 4a 10 47 a8 36 c0
INFO - a5 7d 8a 18 00 01 86 a0
INFO - a5 7f ca 08 b2 ff 22 82
INFO - a5 7f 0a 10 47 a8 36 db
INFO - a5 7f 4a 18 00 01 86 a0
INFO - a5 81 8a 08 b2 ff 21 b2
INFO - a5 81 ca 10 47 a8 36 fd
INFO - a5 81 0a 18 00 01 86 a0
INFO - a5 83 4a 08 b2 ff 20 e9
INFO - a5 83 8a 10 47 a8 37 17
INFO - a5 83 ca 18 00 01 86 a0
INFO - a5 85 0a 08 b2 ff 20 20
INFO - a5 85 4a 10 47 a8 37 39
INFO - a5 85 8a 18 00 01 86 a0
INFO - a5 87 ca 08 b2 ff 1f 50
INFO - a5 87 0a 10 47 a8 37 5b
INFO - a5 87 4a 18 00 01 86 a0
INFO - a5 89 8a 08 b2 ff 1e 87
INFO - a5 89 ca 10 47 a8 37 75
INFO - a5 89 0a 18 00 01 86 a0
INFO - a5 8b 4a 08 b2 ff 1d b7
INFO - a5 8b 8a 10 47 a8 37 97
INFO - a5 8b ca 18 00 01 86 a0
INFO - a5 8d 0a 08 b2 ff 1c ee
INFO - a5 8d 4a 10 47 a8 37 b2
INFO - a5 8d 8a 18 00 01 86 a0
INFO - a5 8f ca 08 b2 ff 1c 1e
INFO - a5 8f 0a 10 47 a8 37 d3
INFO - a5 8f 4a 18 00 01 86 a0
INFO - a5 91 8a 08 b2 ff 1b 55
INFO - a5 91 ca 10 47 a8 37 f5
INFO - a5 91 0a 18 00 01 86 a0
INFO - a5 93 4a 08 b2 ff 1a 85
INFO - a5 93 8a 10 47 a8 38 10
INFO - a5 93 ca 18 00 01 86 a0
INFO - a5 95 0a 08 b2 ff 19 bc
INFO - a5 95 4a 10 47 a8 38 31
INFO - a5 95 8a 18 00 01 86 a0
INFO - a5 97 ca 08 b2 ff 18 ec
INFO - a5 97 0a 10 47 a8 38 53
INFO - a5 97 4a 18 00 01 86 a0
INFO - a5 99 8a 08 b2 ff 18 23
INFO - a5 99 ca 10 47 a8 38 6d
INFO - a5 99 0a 18 00 01 86 a0
INFO - a5 9b 4a 08 b2 ff 17 53
INFO - a5 9b 8a 10 47 a8 38 8f
INFO - a5 9b ca 18 00 01 86 a0
INFO - a5 9d 0a 08 b2 ff 16 8a
INFO - a5 9d 4a 10 47 a8 38 aa
INFO - a5 9d 8a 18 00 01 86 a0
INFO - a5 9f ca 08 b2 ff 15 ba
INFO - a5 9f 0a 10 47 a8 38 cb
INFO - a5 9f 4a 18 00 01 86 a0
INFO - a5 a1 8a 08 b2 ff 14 f1
INFO - a5 a1 ca 10 47 a8 38 ed
INFO - a5 a1 0a 18 00 01 86 a0
INFO - a5 a3 4a 08 b2 ff 14 21
INFO - a5 a3 8a 10 47 a8 39 08
INFO - a5 a3 ca 18 00 01 86 a0
INFO - a5 a5 0a 08 b2 ff 13 57
INFO - a5 a5 4a 10 47 a8 39 29
INFO - a5 a5 8a 18 00 01 86 a0
INFO - a5 a7 ca 08 b2 ff 12 88
INFO - a5 a7 0a 10 47 a8 39 4b
INFO - a5 a7 4a 18 00 01 86 a0
INFO - a5 a9 8a 08 b2 ff 11 b8
INFO - a5 a9 ca 10 47 a8 39 66
INFO - a5 a9 0a 18 00 01 86 a0
INFO - a5 ab 4a 08 b2 ff 10 ef
INFO - a5 ab 8a 10 47 a8 39 87
INFO - a5 ab ca 18 00 01 86 a0
INFO - a5 ad 0a 08 b2 ff 10 1f
INFO - a5 ad 4a 10 47 a8 39 a2
INFO - a5 ad 8a 18 00 01 86 a0
INFO - a5 af ca 08 b2 ff 0f 56
INFO - a5 af 0a 10 47 a8 39 c3
INFO - a5 af 4a 18 00 01 86 a0
INFO - a5 b1 8a 08 b2 ff 0e 86
INFO - a5 b1 ca 10 47 a8 39 e5
INFO - a5 b1 0a 18 00 01 86 a0
INFO - a5 b3 4a 08 b2 ff 0d bc
INFO - a5 b3 8a 10 47 a8 3a 00
INFO - a5 b3 ca 18 00 01 86 a0
INFO - a5 b5 0a 08 b2 ff 0c f3
INFO - a5 b5 4a 10 47 a8 3a 21
INFO - a5 b5 8a 18 00 01 86 a0
INFO - a5 b7 ca 08 b2 ff 0c 23
INFO - a5 b7 0a 10 47 a8 3a 43
INFO - a5 b7 4a 18 00 01 86 a0
INFO - a5 b9 8a 08 b2 ff 0b 5a
INFO - a5 b9 ca 10 47 a8 3a 5e
INFO - a5 b9 0a 18 00 01 86 a0
INFO - a5 bb 4a 08 b2 ff 0a 8a
INFO - a5 bb 8a 10 47 a8 3a 7f
INFO - a5 bb ca 18 00 01 86 a0
INFO - a5 bd 0a 08 b2 ff 09 c1
INFO - a5 bd 4a 10 47 a8 3a 9a
INFO - a5 bd 8a 18 00 01 86 a0
INFO - a5 bf ca 08 b2 ff 08 f1
INFO - a5 bf 0a 10 47 a8 3a bc
INFO - a5 bf 4a 18 00 01 86 a0
INFO - a5 c1 8a 08 b2 ff 08 28
INFO - a5 c1 ca 10 47 a8 3a dd
INFO - a5 c1 0a 18 00 01 86 a0
INFO - a5 c3 4a 08 b2 ff 07 58
INFO - a5 c3 8a 10 47 a8 3a f8
INFO - a5 c3 ca 18 00 01 86 a0
INFO - a5 c5 0a 08 b2 ff 06 8f
INFO - a5 c5 4a 10 47 a8 3b 19
INFO - a5 c5 8a 18 00 01 86 a0
INFO - a5 c7 ca 08 b2 ff 05 bf
INFO - a5 c7 0a 10 47 a8 3b 3b
INFO - a5 c7 4a 18 00 01 86 a0
INFO - a5 c9 8a 08 b2 ff 04 f6
INFO - a5 c9 ca 10 47 a8 3b 56
INFO - a5 c9 0a 18 00 01 86 a0
INFO - a5 cb 4a 08 b2 ff 04 26
INFO - a5 cb 8a 10 47 a8 3b 77
INFO - a5 cb ca 18 00 01 86 a0
INFO - a5 cd 0a 08 b2 ff 03 5d
INFO - a5 cd 4a 10 47 a8 3b 99
INFO - a5 cd 8a 18 00 01 86 a0
INFO - a5 cf ca 08 b2 ff 02 8d
INFO - a5 cf 0a 10 47 a8 3b b4
INFO - a5 cf 4a 18 00 01 86 a0
INFO - a5 d1 8a 08 b2 ff 01 c4
INFO - a5 d1 ca 10 47 a8 3b d5
INFO - a5 d1 0a 18 00 01 86 a0
INFO - a5 d3 4a 08 b2 ff 00 f4
INFO - a5 d3 8a 10 47 a8 3b f0
INFO - a5 d3 ca 18 00 01 86 a0
INFO - a5 d5 0a 08 b2 ff 00 2b
INFO - a5 d5 4a 10 47 a8 3c 12
INFO - a5 d5 8a 18 00 01 86 a0
INFO - a5 d7 ca 08 b2 fe ff 5b
INFO - a5 d7 0a 10 47 a8 3c 33
INFO - a5 d7 4a 18 00 01 86 a0
INFO - a5 d9 8a 08 b2 fe fe 8b
INFO - a5 d9 ca 10 47 a8 3c 4e
INFO - a5 d9 0a 18 00 01 86 a0
INFO - a5 db 4a 08 b2 fe fd c2
INFO - a5 db 8a 10 47 a8 3c 6f
INFO - a5 db ca 18 00 01 86 a0
INFO - a5 dd 0a 08 b2 fe fc f2
INFO - a5 dd 4a 10 47 a8 3c 91
INFO - a5 dd 8a 18 00 01 86 a0
INFO - a5 df ca 08 b2 fe fc 22
INFO - a5 df 0a 10 47 a8 3c ac
INFO - a5 df 4a 18 00 01 86 a0
INFO - a5 e1 8a 08 b2 fe fb 59
INFO - a5 e1 ca 10 47 a8 3c cd
INFO - a5 e1 0a 18 00 01 86 a0
INFO - a5 e3 4a 08 b2 fe fa 89
INFO - a5 e3 8a 10 47 a8 3c ef
INFO - a5 e3 ca 18 00 01 86 a0
INFO - a5 e5 0a 08 b2 fe f9 b9
INFO - a5 e5 4a 10 47 a8 3d 0a
INFO - a5 e5 8a 18 00 01 86 a0
INFO - a5 e7 ca 08 b2 fe f8 f0
INFO - a5 e7 0a 10 47 a8 3d 2b
INFO - a5 e7 4a 18 00 01 86 a0
INFO - a5 e9 8a 08 b2 fe f8 20
INFO - a5 e9 ca 10 47 a8 3d 46
INFO - a5 e9 0a 18 00 01 86 a0
INFO - a5 eb 4a 08 b2 fe f7 57
INFO - a5 eb 8a 10 47 a8 3d 67
INFO - a5 eb ca 18 00 01 86 a0
INFO - a5 ed 0a 08 b2 fe f6 87
INFO - a5 ed 4a 10 47 a8 3d 89
INFO - a5 ed 8a 18 00 01 86 a0
INFO - a5 ef ca 08 b2 fe f5 be
INFO - a5 ef 0a 10 47 a8 3d a4
INFO - a5 ef 4a 18 00 01 86 a0
INFO - a5 f1 8a 08 b2 fe f4 ee
INFO - a5 f1 ca 10 47 a8 3d c5
INFO - a5 f1 0a 18 00 01 86 a0
INFO - a5 f3 4a 08 b2 fe f4 25
INFO - a5 f3 8a 10 47 a8 3d e7
INFO - a5 f3 ca 18 00 01 86 a0
INFO - a5 f5 0a 08 b2 fe f3 55
INFO - a5 f5 4a 10 47 a8 3e 02
INFO - a5 f5 8a 18 00 01 86 a0
INFO - a5 f7 ca 08 b2 fe f2 85
INFO - a5 f7 0a 10 47 a8 3e 23
INFO - a5 f7 4a 18 00 01 86 a0
INFO - a5 f9 8a 08 b2 fe f1 bc
INFO - a5 f9 ca 10 47 a8 3e 3e
INFO - a5 f9 0a 18 00 01 86 a0
INFO - a5 fb 4a 08 b2 fe f0 ec
INFO - a5 fb 8a 10 47 a8 3e 60
INFO - a5 fb ca 18 00 01 86 a0
INFO - a5 fd 0a 08 b2 fe f0 23
INFO - a5 fd 4a 10 47 a8 3e 81
INFO - a5 fd 8a 18 00 01 86 a0
INFO - a5 ff ca 08 b2 fe ef 53
INFO - a5 ff 0a 10 47 a8 3e 9c
INFO - a5 ff 4a 18 00 01 86 a0
INFO - a6 01 8a 08 b2 fe ee 8a
INFO - a6 01 ca 10 47 a8 3e bd
INFO - a6 01 0a 18 00 01 86 a0
INFO - a6 03 4a 08 b2 fe ed ba
INFO - a6 03 8a 10 47 a8 3e d8
INFO - a6 03 ca 18 00 01 86 a0
INFO - a6 05 0a 08 b2 fe ec f1
INFO - a6 05 4a 10 47 a8 3e fa
INFO - a6 05 8a 18 00 01 86 a0
INFO - a6 07 ca 08 b2 fe ec 21
INFO - a6 07 0a 10 47 a8 3f 1b
INFO - a6 07 4a 18 00 01 86 a0
INFO - a6 09 8a 08 b2 fe eb 58
INFO - a6 09 ca 10 47 a8 3f 36
INFO - a6 09 0a 18 00 01 86 a0
INFO - a6 0b 4a 08 b2 fe ea 8f
INFO - a6 0b 8a 10 47 a8 3f 58
INFO - a6 0b ca 18 00 01 86 a0
INFO - a6 0d 0a 08 b2 fe e9 bf
INFO - a6 0d 4a 10 47 a8 3f 73
INFO - a6 0d 8a 18 00 01 86 a0
INFO - a6 0f ca 08 b2 fe e8 f6
INFO - a6 0f 0a 10 47 a8 3f 94
INFO - a6 0f 4a 18 00 01 86 a0
INFO - a6 11 8a 08 b2 fe e8 26
INFO - a6 11 ca 10 47 a8 3f b6
INFO - a6 11 0a 18 00 01 86 a0
INFO - a6 13 4a 08 b2 fe e7 5d
INFO - a6 13 8a 10 47 a8 3f d0
INFO - a6 13 ca 18 00 01 86 a0
INFO - a6 15 0a 08 b2 fe e6 8d
INFO - a6 15 4a 10 47 a8 3f f2
INFO - a6 15 8a 18 00 01 86 a0
INFO - a6 17 ca 08 b2 fe e5 c4
INFO - a6 17 0a 10 47 a8 40 13
INFO - a6 17 4a 18 00 01 86 a0
INFO - a6 19 8a 08 b2 fe e4 f4
INFO - a6 19 ca 10 47 a8 40 2e
INFO - a6 19 0a 18 00 01 86 a0
INFO - a6 1b 4a 08 b2 fe e4 2b
INFO - a6 1b 8a 10 47 a8 40 50
INFO - a6 1b ca 18 00 01 86 a0
INFO - a6 1d 0a 08 b2 fe e3 5b
INFO - a6 1d 4a 10 47 a8 40 6b
INFO - a6 1d 8a 18 00 01 86 a0
INFO - a6 1f ca 08 b2 fe e2 92
INFO - a6 1f 0a 10 47 a8 40 8c
INFO - a6 1f 4a 18 00 01 86 a0
INFO - a6 21 8a 08 b2 fe e1 c2
INFO - a6 21 ca 10 47 a8 40 ae
INFO - a6 21 0a 18 00 01 86 a0
INFO - a6 23 4a 08 b2 fe e0 f9
INFO - a6 23 8a 10 47 a8 40 c8
INFO - a6 23 ca 18 00 01 86 a0
INFO - a6 25 0a 08 b2 fe e0 29
INFO - a6 25 4a 10 47 a8 40 ea
INFO - a6 25 8a 18 00 01 86 a0
INFO - a6 27 ca 08 b2 fe df 60
INFO - a6 27 0a 10 47 a8 41 0c
INFO - a6 27 4a 18 00 01 86 a0
INFO - a6 29 8a 08 b2 fe de 90
INFO - a6 29 ca 10 47 a8 41 26
INFO - a6 29 0a 18 00 01 86 a0
INFO - a6 2b 4a 08 b2 fe dd c7
INFO - a6 2b 8a 10 47 a8 41 48
INFO - a6 2b ca 18 00 01 86 a0
INFO - a6 2d 0a 08 b2 fe dc f7
INFO - a6 2d 4a 10 47 a8 41 63
INFO - a6 2d 8a 18 00 01 86 a0
INFO - a6 2f ca 08 b2 fe dc 2e
INFO - a6 2f 0a 10 47 a8 41 84
INFO - a6 2f 4a 18 00 01 86 a0
INFO - a6 31 8a 08 b2 fe db 5e
INFO - a6 31 ca 10 47 a8 41 a6
INFO - a6 31 0a 18 00 01 86 a0
INFO - a6 33 4a 08 b2 fe da 95
INFO - a6 33 8a 10 47 a8 41 c1
INFO - a6 33 ca 18 00 01 86 a0
INFO - a6 35 0a 08 b2 fe d9 c5
INFO - a6 35 4a 10 47 a8 41 e2
INFO - a6 35 8a 18 00 01 86 a0
INFO - a6 37 ca 08 b2 fe d8 f5
INFO - a6 37 0a 10 47 a8 42 04
INFO - a6 37 4a 18 00 01 86 a0
INFO - a6 39 8a 08 b2 fe d8 2c
INFO - a6 39 ca 10 47 a8 42 1e
INFO - a6 39 0a 18 00 01 86 a0
INFO - a6 3b 4a 08 b2 fe d7 5c
INFO - a6 3b 8a 10 47 a8 42 40
INFO - a6 3b ca 18 00 01 86 a0
INFO - a6 3d 0a 08 b2 fe d6 93
INFO - a6 3d 4a 10 47 a8 42 62
INFO - a6 3d 8a 18 00 01 86 a0
INFO - a6 3f ca 08 b2 fe d5 c3
INFO - a6 3f 0a 10 47 a8 42 7c
INFO - a6 3f 4a 18 00 01 86 a0
INFO - a6 41 8a 08 b2 fe d4 fa
INFO - a6 41 ca 10 47 a8 42 9e
INFO - a6 41 0a 18 00 01 86 a0
INFO - a6 43 4a 08 b2 fe d4 30
INFO - a6 43 8a 10 47 a8 42 b9
INFO - a6 43 ca 18 00 01 86 a0
INFO - a6 45 0a 08 b2 fe d3 61
INFO - a6 45 4a 10 47 a8 42 da
INFO - a6 45 8a 18 00 01 86 a0
INFO - a6 47 ca 08 b2 fe d2 97
INFO - a6 47 0a 10 47 a8 42 f5
INFO - a6 47 4a 18 00 01 86 a0
INFO - a6 49 8a 08 b2 fe d1 c8
INFO - a6 49 ca 10 47 a8 43 17
INFO - a6 49 0a 18 00 01 86 a0
INFO - a6 4b 4a 08 b2 fe d0 fe
INFO - a6 4b 8a 10 47 a8 43 38
INFO - a6 4b ca 18 00 01 86 a0
INFO - a6 4d 0a 08 b2 fe d0 2f
INFO - a6 4d 4a 10 47 a8 43 53
INFO - a6 4d 8a 18 00 01 86 a0
INFO - a6 4f ca 08 b2 fe cf 65
INFO - a6 4f 0a 10 47 a8 43 74
INFO - a6 4f 4a 18 00 01 86 a0
INFO - a6 51 8a 08 b2 fe ce 95
INFO - a6 51 ca 10 47 a8 43 96
INFO - a6 51 0a 18 00 01 86 a0
INFO - a6 53 4a 08 b2 fe cd cc
INFO - a6 53 8a 10 47 a8 43 b1
INFO - a6 53 ca 18 00 01 86 a0
INFO - a6 55 0a 08 b2 fe cc fc
INFO - a6 55 4a 10 47 a8 43 d2
INFO - a6 55 8a 18 00 01 86 a0
INFO - a6 57 ca 08 b2 fe cc 33
INFO - a6 57 0a 10 47 a8 43 f4
INFO - a6 57 4a 18 00 01 86 a0
INFO - a6 59 8a 08 b2 fe cb 63
INFO - a6 59 ca 10 47 a8 44 0f
INFO - a6 59 0a 18 00 01 86 a0
INFO - a6 5b 4a 08 b2 fe ca 9a
INFO - a6 5b 8a 10 47 a8 44 30
INFO - a6 5b ca 18 00 01 86 a0
INFO - a6 5d 0a 08 b2 fe c9 ca
INFO - a6 5d 4a 10 47 a8 44 4b
INFO - a6 5d 8a 18 00 01 86 a0
INFO - a6 5f ca 08 b2 fe c9 01
INFO - a6 5f 0a 10 47 a8 44 6d
INFO - a6 5f 4a 18 00 01 86 a0
INFO - a6 61 8a 08 b2 fe c8 31
INFO - a6 61 ca 10 47 a8 44 8e
INFO - a6 61 0a 18 00 01 86 a0
INFO - a6 63 4a 08 b2 fe c7 68
INFO - a6 63 8a 10 47 a8 44 a9
INFO - a6 63 ca 18 00 01 86 a0
INFO - a6 65 0a 08 b2 fe c6 98
INFO - a6 65 4a 10 47 a8 44 ca
INFO - a6 65 8a 18 00 01 86 a0
INFO - a6 67 ca 08 b2 fe c5 c8
INFO - a6 67 0a 10 47 a8 44 ec
INFO - a6 67 4a 18 00 01 86 a0
INFO - a6 69 8a 08 b2 fe c4 ff
INFO - a6 69 ca 10 47 a8 45 07
INFO - a6 69 0a 18 00 01 86 a0
INFO - a6 6b 4a 08 b2 fe c4 2f
INFO - a6 6b 8a 10 47 a8 45 28
INFO - a6 6b ca 18 00 01 86 a0
INFO - a6 6d 0a 08 b2 fe c3 66
INFO - a6 6d 4a 10 47 a8 45 4a
INFO - a6 6d 8a 18 00 01 86 a0
INFO - a6 6f ca 08 b2 fe c2 96
INFO - a6 6f 0a 10 47 a8 45 6b
INFO - a6 6f 4a 18 00 01 86 a0
INFO - a6 71 8a 08 b2 fe c1 cd
INFO - a6 71 ca 10 47 a8 45 86
INFO - a6 71 0a 18 00 01 86 a0
INFO - a6 73 4a 08 b2 fe c0 fd
INFO - a6 73 8a 10 47 a8 45 a8
INFO - a6 73 ca 18 00 01 86 a0
INFO - a6 75 0a 08 b2 fe c0 34
INFO - a6 75 4a 10 47 a8 45 c3
INFO - a6 75 8a 18 00 01 86 a0
INFO - a6 77 ca 08 b2 fe bf 64
INFO - a6 77 0a 10 47 a8 45 e4
INFO - a6 77 4a 18 00 01 86 a0
INFO - a6 79 8a 08 b2 fe be 94
INFO - a6 79 ca 10 47 a8 45 ff
INFO - a6 79 0a 18 00 01 86 a0
INFO - a6 7b 4a 08 b2 fe bd cb
INFO - a6 7b 8a 10 47 a8 46 20
INFO - a6 7b ca 18 00 01 86 a0
INFO - a6 7d 0a 08 b2 fe bc fb
INFO - a6 7d 4a 10 47 a8 46 42
INFO - a6 7d 8a 18 00 01 86 a0
INFO - a6 7f ca 08 b2 fe bc 2b
INFO - a6 7f 0a 10 47 a8 46 5d
INFO - a6 7f 4a 18 00 01 86 a0
INFO - a6 81 8a 08 b2 fe bb 62
INFO - a6 81 ca 10 47 a8 46 7e
INFO - a6 81 0a 18 00 01 86 a0
INFO - a6 83 4a 08 b2 fe ba 92
INFO - a6 83 8a 10 47 a8 46 a0
INFO - a6 83 ca 18 00 01 86 a0
INFO - a6 85 0a 08 b2 fe b9 c3
INFO - a6 85 4a 10 47 a8 46 bb
INFO - a6 85 8a 18 00 01 86 a0
INFO - a6 87 ca 08 b2 fe b8 f9
INFO - a6 87 0a 10 47 a8 46 dc
INFO - a6 87 4a 18 00 01 86 a0
INFO - a6 89 8a 08 b2 fe b8 2a
INFO - a6 89 ca 10 47 a8 46 fe
INFO - a6 89 0a 18 00 01 86 a0
INFO - a6 8b 4a 08 b2 fe b7 60
INFO - a6 8b 8a 10 47 a8 47 19
INFO - a6 8b ca 18 00 01 86 a0
INFO - a6 8d 0a 08 b2 fe b6 91
INFO - a6 8d 4a 10 47 a8 47 3a
INFO - a6 8d 8a 18 00 01 86 a0
INFO - a6 8f ca 08 b2 fe b5 c7
INFO - a6 8f 0a 10 47 a8 47 55
INFO - a6 8f 4a 18 00 01 86 a0
INFO - a6 91 8a 08 b2 fe b4 fe
INFO - a6 91 ca 10 47 a8 47 76
INFO - a6 91 0a 18 00 01 86 a0
INFO - a6 93 4a 08 b2 fe b4 2e
INFO - a6 93 8a 10 47 a8 47 98
INFO - a6 93 ca 18 00 01 86 a0
INFO - a6 95 0a 08 b2 fe b3 65
INFO - a6 95 4a 10 47 a8 47 b3
INFO - a6 95 8a 18 00 01 86 a0
INFO - a6 97 ca 08 b2 fe b2 95
INFO - a6 97 0a 10 47 a8 47 d4
INFO - a6 97 4a 18 00 01 86 a0
INFO - a6 99 8a 08 b2 fe b1 cc
INFO - a6 99 ca 10 47 a8 47 f6
INFO - a6 99 0a 18 00 01 86 a0
INFO - a6 9b 4a 08 b2 fe b0 fc
INFO - a6 9b 8a 10 47 a8 48 11
INFO - a6 9b ca 18 00 01 86 a0
INFO - a6 9d 0a 08 b2 fe b0 33
INFO - a6 9d 4a 10 47 a8 48 32
INFO - a6 9d 8a 18 00 01 86 a0
INFO - a6 9f ca 08 b2 fe af 6a
INFO - a6 9f 0a 10 47 a8 48 4d
INFO - a6 9f 4a 18 00 01 86 a0
INFO - a6 a1 8a 08 b2 fe ae 9a
INFO - a6 a1 ca 10 47 a8 48 6f
INFO - a6 a1 0a 18 00 01 86 a0
INFO - a6 a3 4a 08 b2 fe ad d1
INFO - a6 a3 8a 10 47 a8 48 90
INFO - a6 a3 ca 18 00 01 86 a0
INFO - a6 a5 0a 08 b2 fe ad 01
INFO - a6 a5 4a 10 47 a8 48 ab
INFO - a6 a5 8a 18 00 01 86 a0
INFO - a6 a7 ca 08 b2 fe ac 31
INFO - a6 a7 0a 10 47 a8 48 cc
INFO - a6 a7 4a 18 00 01 86 a0
INFO - a6 a9 8a 08 b2 fe ab 68
INFO - a6 a9 ca 10 47 a8 48 ee
INFO - a6 a9 0a 18 00 01 86 a0
INFO - a6 ab 4a 08 b2 fe aa 98
INFO - a6 ab 8a 10 47 a8 49 09
INFO - a6 ab ca 18 00 01 86 a0
INFO - a6 ad 0a 08 b2 fe a9 cf
INFO - a6 ad 4a 10 47 a8 49 2a
INFO - a6 ad 8a 18 00 01 86 a0
INFO - a6 af ca 08 b2 fe a8 ff
INFO - a6 af 0a 10 47 a8 49 4c
INFO - a6 af 4a 18 00 01 86 a0
INFO - a6 b1 8a 08 b2 fe a8 2f
INFO - a6 b1 ca 10 47 a8 49 67
INFO - a6 b1 0a 18 00 01 86 a0
INFO - a6 b3 4a 08 b2 fe a7 66
INFO - a6 b3 8a 10 47 a8 49 88
INFO - a6 b3 ca 18 00 01 86 a0
INFO - a6 b5 0a 08 b2 fe a6 96
INFO - a6 b5 4a 10 47 a8 49 aa
INFO - a6 b5 8a 18 00 01 86 a0
INFO - a6 b7 ca 08 b2 fe a5 cd
INFO - a6 b7 0a 10 47 a8 49 c4
INFO - a6 b7 4a 18 00 01 86 a0
INFO - a6 b9 8a 08 b2 fe a4 fd
INFO - a6 b9 ca 10 47 a8 49 e6
INFO - a6 b9 0a 18 00 01 86 a0
INFO - a6 bb 4a 08 b2 fe a4 2d
INFO - a6 bb 8a 10 47 a8 4a 08
INFO - a6 bb ca 18 00 01 86 a0
INFO - a6 bd 0a 08 b2 fe a3 64
INFO - a6 bd 4a 10 47 a8 4a 22
INFO - a6 bd 8a 18 00 01 86 a0
INFO - a6 bf ca 08 b2 fe a2 9b
INFO - a6 bf 0a 10 47 a8 4a 44
INFO - a6 bf 4a 18 00 01 86 a0
INFO - a6 c1 8a 08 b2 fe a1 cb
INFO - a6 c1 ca 10 47 a8 4a 5f
INFO - a6 c1 0a 18 00 01 86 a0
INFO - a6 c3 4a 08 b2 fe a1 02
INFO - a6 c3 8a 10 47 a8 4a 80
INFO - a6 c3 ca 18 00 01 86 a0
INFO - a6 c5 0a 08 b2 fe a0 32
INFO - a6 c5 4a 10 47 a8 4a a2
INFO - a6 c5 8a 18 00 01 86 a0
INFO - a6 c7 ca 08 b2 fe 9f 69
INFO - a6 c7 0a 10 47 a8 4a bd
INFO - a6 c7 4a 18 00 01 86 a0
INFO - a6 c9 8a 08 b2 fe 9e 99
INFO - a6 c9 ca 10 47 a8 4a de
INFO - a6 c9 0a 18 00 01 86 a0
INFO - a6 cb 4a 08 b2 fe 9d d0
INFO - a6 cb 8a 10 47 a8 4a f9
INFO - a6 cb ca 18 00 01 86 a0
INFO - a6 cd 0a 08 b2 fe 9d 00
INFO - a6 cd 4a 10 47 a8 4b 1a
INFO - a6 cd 8a 18 00 01 86 a0
INFO - a6 cf ca 08 b2 fe 9c 37
INFO - a6 cf 0a 10 47 a8 4b 3c
INFO - a6 cf 4a 18 00 01 86 a0
INFO - a6 d1 8a 08 b2 fe 9b 67
INFO - a6 d1 ca 10 47 a8 4b 57
INFO - a6 d1 0a 18 00 01 86 a0
INFO - a6 d3 4a 08 b2 fe 9a 9e
INFO - a6 d3 8a 10 47 a8 4b 78
INFO - a6 d3 ca 18 00 01 86 a0
INFO - a6 d5 0a 08 b2 fe 99 ce
INFO - a6 d5 4a 10 47 a8 4b 9a
INFO - a6 d5 8a 18 00 01 86 a0
INFO - a6 d7 ca 08 b2 fe 99 05
INFO - a6 d7 0a 10 47 a8 4b b5
INFO - a6 d7 4a 18 00 01 86 a0
INFO - a6 d9 8a 08 b2 fe 98 35
INFO - a6 d9 ca 10 47 a8 4b d6
INFO - a6 d9 0a 18 00 01 86 a0
INFO - a6 db 4a 08 b2 fe 97 6c
INFO - a6 db 8a 10 47 a8 4b f1
INFO - a6 db ca 18 00 01 86 a0
INFO - a6 dd 0a 08 b2 fe 96 a2
INFO - a6 dd 4a 10 47 a8 4c 13
INFO - a6 dd 8a 18 00 01 86 a0
INFO - a6 df ca 08 b2 fe 95 d3
INFO - a6 df 0a 10 47 a8 4c 34
INFO - a6 df 4a 18 00 01 86 a0
INFO - a6 e1 8a 08 b2 fe 95 09
INFO - a6 e1 ca 10 47 a8 4c 4f
INFO - a6 e1 0a 18 00 01 86 a0
INFO - a6 e3 4a 08 b2 fe 94 3a
INFO - a6 e3 8a 10 47 a8 4c 70
INFO - a6 e3 ca 18 00 01 86 a0
INFO - a6 e5 0a 08 b2 fe 93 70
INFO - a6 e5 4a 10 47 a8 4c 8b
INFO - a6 e5 8a 18 00 01 86 a0
INFO - a6 e7 ca 08 b2 fe 92 a1
INFO - a6 e7 0a 10 47 a8 4c ad
INFO - a6 e7 4a 18 00 01 86 a0
INFO - a6 e9 8a 08 b2 fe 91 d1
INFO - a6 e9 ca 10 47 a8 4c ce
INFO - a6 e9 0a 18 00 01 86 a0
INFO - a6 eb 4a 08 b2 fe 91 08
INFO - a6 eb 8a 10 47 a8 4c e9
INFO - a6 eb ca 18 00 01 86 a0
INFO - a6 ed 0a 08 b2 fe 90 38
INFO - a6 ed 4a 10 47 a8 4d 0b
INFO - a6 ed 8a 18 00 01 86 a0
INFO - a6 ef ca 08 b2 fe 8f 6e
INFO - a6 ef 0a 10 47 a8 4d 2c
INFO - a6 ef 4a 18 00 01 86 a0
INFO - a6 f1 8a 08 b2 fe 8e a5
INFO - a6 f1 ca 10 47 a8 4d 47
INFO - a6 f1 0a 18 00 01 86 a0
INFO - a6 f3 4a 08 b2 fe 8d d5
INFO - a6 f3 8a 10 47 a8 4d 69
INFO - a6 f3 ca 18 00 01 86 a0
INFO - a6 f5 0a 08 b2 fe 8d 0c
INFO - a6 f5 4a 10 47 a8 4d 83
INFO - a6 f5 8a 18 00 01 86 a0
INFO - a6 f7 ca 08 b2 fe 8c 3c
INFO - a6 f7 0a 10 47 a8 4d a5
INFO - a6 f7 4a 18 00 01 86 a0
INFO - a6 f9 8a 08 b2 fe 8b 73
INFO - a6 f9 ca 10 47 a8 4d c6
INFO - a6 f9 0a 18 00 01 86 a0
INFO - a6 fb 4a 08 b2 fe 8a a3
INFO - a6 fb 8a 10 47 a8 4d e1
INFO - a6 fb ca 18 00 01 86 a0
INFO - a6 fd 0a 08 b2 fe 89 d3
INFO - a6 fd 4a 10 47 a8 4e 03
INFO - a6 fd 8a 18 00 01 86 a0
INFO - a6 ff ca 08 b2 fe 89 0a
INFO - a6 ff 0a 10 47 a8 4e 1e
INFO - a6 ff 4a 18 00 01 86 a0
INFO - a7 01 8a 08 b2 fe 88 3a
INFO - a7 01 ca 10 47 a8 4e 3f
INFO - a7 01 0a 18 00 01 86 a0
INFO - a7 03 4a 08 b2 fe 87 71
INFO - a7 03 8a 10 47 a8 4e 5a
INFO - a7 03 ca 18 00 01 86 a0
INFO - a7 05 0a 08 b2 fe 86 94
INFO - a7 05 4a 10 47 a8 4e 7b
INFO - a7 05 8a 18 00 01 86 a0
INFO - a7 05 ca 08 b2 fe 86 94
INFO - a7 05 0a 10 47 a8 4e 7b
INFO - a7 05 4a 18 00 01 86 a0
INFO - a7 07 8a 08 b2 fe 85 c4
INFO - a7 07 ca 10 47 a8 4e 9d
INFO - a7 07 0a 18 00 01 86 a0
INFO - a7 09 4a 08 b2 fe 84 fb
INFO - a7 09 8a 10 47 a8 4e bf
INFO - a7 09 ca 18 00 01 86 a0
INFO - a7 0b 0a 08 b2 fe 84 2b
INFO - a7 0b 4a 10 47 a8 4e d9
INFO - a7 0b 8a 18 00 01 86 a0
INFO - a7 0d ca 08 b2 fe 83 62
INFO - a7 0d 0a 10 47 a8 4e fb
INFO - a7 0d 4a 18 00 01 86 a0
INFO - a7 0f 8a 08 b2 fe 82 99
INFO - a7 0f ca 10 47 a8 4f 16
INFO - a7 0f 0a 18 00 01 86 a0
INFO - a7 11 4a 08 b2 fe 81 c9
INFO - a7 11 8a 10 47 a8 4f 37
INFO - a7 11 ca 18 00 01 86 a0
INFO - a7 13 0a 08 b2 fe 81 00
INFO - a7 13 4a 10 47 a8 4f 59
INFO - a7 13 8a 18 00 01 86 a0
INFO - a7 15 ca 08 b2 fe 80 30
INFO - a7 15 0a 10 47 a8 4f 74
INFO - a7 15 4a 18 00 01 86 a0
INFO - a7 17 8a 08 b2 fe 7f 67
INFO - a7 17 ca 10 47 a8 4f 95
INFO - a7 17 0a 18 00 01 86 a0
INFO - a7 19 4a 08 b2 fe 7e 97
INFO - a7 19 8a 10 47 a8 4f b0
INFO - a7 19 ca 18 00 01 86 a0
INFO - a7 1b 0a 08 b2 fe 7d ce
INFO - a7 1b 4a 10 47 a8 4f d1
INFO - a7 1b 8a 18 00 01 86 a0
INFO - a7 1d ca 08 b2 fe 7c fe
INFO - a7 1d 0a 10 47 a8 4f f3
INFO - a7 1d 4a 18 00 01 86 a0
INFO - a7 1f 8a 08 b2 fe 7c 2e
INFO - a7 1f ca 10 47 a8 50 0e
INFO - a7 1f 0a 18 00 01 86 a0
INFO - a7 21 4a 08 b2 fe 7b 65
INFO - a7 21 8a 10 47 a8 50 2f
INFO - a7 21 ca 18 00 01 86 a0
INFO - a7 23 0a 08 b2 fe 7a 95
INFO - a7 23 4a 10 47 a8 50 4a
INFO - a7 23 8a 18 00 01 86 a0
INFO - a7 25 ca 08 b2 fe 79 cc
INFO - a7 25 0a 10 47 a8 50 6c
INFO - a7 25 4a 18 00 01 86 a0
INFO - a7 27 8a 08 b2 fe 78 fc
INFO - a7 27 ca 10 47 a8 50 8d
INFO - a7 27 0a 18 00 01 86 a0
INFO - a7 29 4a 08 b2 fe 78 33
INFO - a7 29 8a 10 47 a8 50 a8
INFO - a7 29 ca 18 00 01 86 a0
INFO - a7 2b 0a 08 b2 fe 77 63
INFO - a7 2b 4a 10 47 a8 50 ca
INFO - a7 2b 8a 18 00 01 86 a0
INFO - a7 2d ca 08 b2 fe 76 9a
INFO - a7 2d 0a 10 47 a8 50 eb
INFO - a7 2d 4a 18 00 01 86 a0
INFO - a7 2f 8a 08 b2 fe 75 ca
INFO - a7 2f ca 10 47 a8 51 06
INFO - a7 2f 0a 18 00 01 86 a0
INFO - a7 31 4a 08 b2 fe 75 01
INFO - a7 31 8a 10 47 a8 51 27
INFO - a7 31 ca 18 00 01 86 a0
INFO - a7 33 0a 08 b2 fe 74 31
INFO - a7 33 4a 10 47 a8 51 42
INFO - a7 33 8a 18 00 01 86 a0
INFO - a7 35 ca 08 b2 fe 73 68
INFO - a7 35 0a 10 47 a8 51 64
INFO - a7 35 4a 18 00 01 86 a0
INFO - a7 37 8a 08 b2 fe 72 98
INFO - a7 37 ca 10 47 a8 51 85
INFO - a7 37 0a 18 00 01 86 a0
INFO - a7 39 4a 08 b2 fe 71 cf
INFO - a7 39 8a 10 47 a8 51 a0
INFO - a7 39 ca 18 00 01 86 a0
INFO - a7 3b 0a 08 b2 fe 70 ff
INFO - a7 3b 4a 10 47 a8 51 c2
INFO - a7 3b 8a 18 00 01 86 a0
INFO - a7 3d ca 08 b2 fe 70 35
INFO - a7 3d 0a 10 47 a8 51 dc
INFO - a7 3d 4a 18 00 01 86 a0
INFO - a7 3f 8a 08 b2 fe 6f 66
INFO - a7 3f ca 10 47 a8 51 fe
INFO - a7 3f 0a 18 00 01 86 a0
INFO - a7 41 4a 08 b2 fe 6e 9c
INFO - a7 41 8a 10 47 a8 52 20
INFO - a7 41 ca 18 00 01 86 a0
INFO - a7 43 0a 08 b2 fe 6d cd
INFO - a7 43 4a 10 47 a8 52 3a
INFO - a7 43 8a 18 00 01 86 a0
INFO - a7 45 ca 08 b2 fe 6d 03
INFO - a7 45 0a 10 47 a8 52 5c
INFO - a7 45 4a 18 00 01 86 a0
INFO - a7 47 8a 08 b2 fe 6c 34
INFO - a7 47 ca 10 47 a8 52 7d
INFO - a7 47 0a 18 00 01 86 a0
INFO - a7 49 4a 08 b2 fe 6b 6a
INFO - a7 49 8a 10 47 a8 52 98
INFO - a7 49 ca 18 00 01 86 a0
INFO - a7 4b 0a 08 b2 fe 6a 9b
INFO - a7 4b 4a 10 47 a8 52 ba
INFO - a7 4b 8a 18 00 01 86 a0
INFO - a7 4d ca 08 b2 fe 69 d1
INFO - a7 4d 0a 10 47 a8 52 d5
INFO - a7 4d 4a 18 00 01 86 a0
INFO - a7 4f 8a 08 b2 fe 69 01
INFO - a7 4f ca 10 47 a8 52 f6
INFO - a7 4f 0a 18 00 01 86 a0
INFO - a7 51 4a 08 b2 fe 68 38
INFO - a7 51 8a 10 47 a8 53 18
INFO - a7 51 ca 18 00 01 86 a0
INFO - a7 53 0a 08 b2 fe 67 68
INFO - a7 53 4a 10 47 a8 53 32
INFO - a7 53 8a 18 00 01 86 a0
INFO - a7 55 ca 08 b2 fe 66 9f
INFO - a7 55 0a 10 47 a8 53 54
INFO - a7 55 4a 18 00 01 86 a0
INFO - a7 57 8a 08 b2 fe 65 cf
INFO - a7 57 ca 10 47 a8 53 76
INFO - a7 57 0a 18 00 01 86 a0
INFO - a7 59 4a 08 b2 fe 65 06
INFO - a7 59 8a 10 47 a8 53 90
INFO - a7 59 ca 18 00 01 86 a0
INFO - a7 5b 0a 08 b2 fe 64 36
INFO - a7 5b 4a 10 47 a8 53 b2
INFO - a7 5b 8a 18 00 01 86 a0
INFO - a7 5d ca 08 b2 fe 63 6d
INFO - a7 5d 0a 10 47 a8 53 cd
INFO - a7 5d 4a 18 00 01 86 a0
INFO - a7 5f 8a 08 b2 fe 62 9d
INFO - a7 5f ca 10 47 a8 53 ee
INFO - a7 5f 0a 18 00 01 86 a0
INFO - a7 61 4a 08 b2 fe 61 d4
INFO - a7 61 8a 10 47 a8 54 10
INFO - a7 61 ca 18 00 01 86 a0
INFO - a7 63 0a 08 b2 fe 61 04
INFO - a7 63 4a 10 47 a8 54 2b
INFO - a7 63 8a 18 00 01 86 a0
INFO - a7 65 ca 08 b2 fe 60 3b
INFO - a7 65 0a 10 47 a8 54 4c
INFO - a7 65 4a 18 00 01 86 a0
INFO - a7 67 8a 08 b2 fe 5f 6b
INFO - a7 67 ca 10 47 a8 54 6e
INFO - a7 67 0a 18 00 01 86 a0
INFO - a7 69 4a 08 b2 fe 5e 9b
INFO - a7 69 8a 10 47 a8 54 88
INFO - a7 69 ca 18 00 01 86 a0
INFO - a7 6b 0a 08 b2 fe 5d d2
INFO - a7 6b 4a 10 47 a8 54 aa
INFO - a7 6b 8a 18 00 01 86 a0
INFO - a7 6d ca 08 b2 fe 5d 02
INFO - a7 6d 0a 10 47 a8 54 cc
INFO - a7 6d 4a 18 00 01 86 a0
INFO - a7 6f 8a 08 b2 fe 5c 39
INFO - a7 6f ca 10 47 a8 54 e6
INFO - a7 6f 0a 18 00 01 86 a0
INFO - a7 71 4a 08 b2 fe 5b 69
INFO - a7 71 8a 10 47 a8 55 08
INFO - a7 71 ca 18 00 01 86 a0
INFO - a7 73 0a 08 b2 fe 5a a0
INFO - a7 73 4a 10 47 a8 55 29
INFO - a7 73 8a 18 00 01 86 a0
INFO - a7 75 ca 08 b2 fe 59 d0
INFO - a7 75 0a 10 47 a8 55 44
INFO - a7 75 4a 18 00 01 86 a0
INFO - a7 77 8a 08 b2 fe 59 07
INFO - a7 77 ca 10 47 a8 55 66
INFO - a7 77 0a 18 00 01 86 a0
INFO - a7 79 4a 08 b2 fe 58 37
INFO - a7 79 8a 10 47 a8 55 87
INFO - a7 79 ca 18 00 01 86 a0
INFO - a7 7b 0a 08 b2 fe 57 6e
INFO - a7 7b 4a 10 47 a8 55 a2
INFO - a7 7b 8a 18 00 01 86 a0
INFO - a7 7d ca 08 b2 fe 56 9e
INFO - a7 7d 0a 10 47 a8 55 c4
INFO - a7 7d 4a 18 00 01 86 a0
INFO - a7 7f 8a 08 b2 fe 55 d5
INFO - a7 7f ca 10 47 a8 55 e5
INFO - a7 7f 0a 18 00 01 86 a0
INFO - a7 81 4a 08 b2 fe 55 05
INFO - a7 81 8a 10 47 a8 56 00
INFO - a7 81 ca 18 00 01 86 a0
INFO - a7 83 0a 08 b2 fe 54 3c
INFO - a7 83 4a 10 47 a8 56 21
INFO - a7 83 8a 18 00 01 86 a0
INFO - a7 85 ca 08 b2 fe 53 6c
INFO - a7 85 0a 10 47 a8 56 3c
INFO - a7 85 4a 18 00 01 86 a0
INFO - a7 87 8a 08 b2 fe 52 a3
INFO - a7 87 ca 10 47 a8 56 5e
INFO - a7 87 0a 18 00 01 86 a0
INFO - a7 89 4a 08 b2 fe 51 d3
INFO - a7 89 8a 10 47 a8 56 7f
INFO - a7 89 ca 18 00 01 86 a0
INFO - a7 8b 0a 08 b2 fe 51 0a
INFO - a7 8b 4a 10 47 a8 56 9a
INFO - a7 8b 8a 18 00 01 86 a0
INFO - a7 8d ca 08 b2 fe 50 3a
INFO - a7 8d 0a 10 47 a8 56 bc
INFO - a7 8d 4a 18 00 01 86 a0
INFO - a7 8f 8a 08 b2 fe 4f 71
INFO - a7 8f ca 10 47 a8 56 d7
INFO - a7 8f 0a 18 00 01 86 a0
INFO - a7 91 4a 08 b2 fe 4e a1
INFO - a7 91 8a 10 47 a8 56 f8
INFO - a7 91 ca 18 00 01 86 a0
INFO - a7 93 0a 08 b2 fe 4d d1
INFO - a7 93 4a 10 47 a8 57 1a
INFO - a7 93 8a 18 00 01 86 a0
INFO - a7 95 ca 08 b2 fe 4d 08
INFO - a7 95 0a 10 47 a8 57 34
INFO - a7 95 4a 18 00 01 86 a0
INFO - a7 97 8a 08 b2 fe 4c 38
INFO - a7 97 ca 10 47 a8 57 56
INFO - a7 97 0a 18 00 01 86 a0
INFO - a7 99 4a 08 b2 fe 4b 6f
INFO - a7 99 8a 10 47 a8 57 71
INFO - a7 99 ca 18 00 01 86 a0
INFO - a7 9b 0a 08 b2 fe 4a 9f
INFO - a7 9b 4a 10 47 a8 57 92
INFO - a7 9b 8a 18 00 01 86 a0
INFO - a7 9d ca 08 b2 fe 49 d6
INFO - a7 9d 0a 10 47 a8 57 b4
INFO - a7 9d 4a 18 00 01 86 a0
INFO - a7 9f 8a 08 b2 fe 49 06
INFO - a7 9f ca 10 47 a8 57 cf
INFO - a7 9f 0a 18 00 01 86 a0
INFO - a7 a1 4a 08 b2 fe 48 3d
INFO - a7 a1 8a 10 47 a8 57 f0
INFO - a7 a1 ca 18 00 01 86 a0
INFO - a7 a3 0a 08 b2 fe 47 6d
INFO - a7 a3 4a 10 47 a8 58 12
INFO - a7 a3 8a 18 00 01 86 a0
INFO - a7 a5 ca 08 b2 fe 46 a4
INFO - a7 a5 0a 10 47 a8 58 2d
INFO - a7 a5 4a 18 00 01 86 a0
INFO - a7 a7 8a 08 b2 fe 45 d4
INFO - a7 a7 ca 10 47 a8 58 4e
INFO - a7 a7 0a 18 00 01 86 a0
INFO - a7 a9 4a 08 b2 fe 45 0b
INFO - a7 a9 8a 10 47 a8 58 70
INFO - a7 a9 ca 18 00 01 86 a0
INFO - a7 ab 0a 08 b2 fe 44 3b
INFO - a7 ab 4a 10 47 a8 58 8a
INFO - a7 ab 8a 18 00 01 86 a0
INFO - a7 ad ca 08 b2 fe 43 6b
INFO - a7 ad 0a 10 47 a8 58 ac
INFO - a7 ad 4a 18 00 01 86 a0
INFO - a7 af 8a 08 b2 fe 42 a2
INFO - a7 af ca 10 47 a8 58 c7
INFO - a7 af 0a 18 00 01 86 a0
INFO - a7 b1 4a 08 b2 fe 41 d2
INFO - a7 b1 8a 10 47 a8 58 e8
INFO - a7 b1 ca 18 00 01 86 a0
INFO - a7 b3 0a 08 b2 fe 41 09
INFO - a7 b3 4a 10 47 a8 59 0a
INFO - a7 b3 8a 18 00 01 86 a0
INFO - a7 b5 ca 08 b2 fe 40 39
INFO - a7 b5 0a 10 47 a8 59 25
INFO - a7 b5 4a 18 00 01 86 a0
INFO - a7 b7 8a 08 b2 fe 3f 70
INFO - a7 b7 ca 10 47 a8 59 46
INFO - a7 b7 0a 18 00 01 86 a0
INFO - a7 b9 4a 08 b2 fe 3e a0
INFO - a7 b9 8a 10 47 a8 59 68
INFO - a7 b9 ca 18 00 01 86 a0
INFO - a7 bb 0a 08 b2 fe 3d d7
INFO - a7 bb 4a 10 47 a8 59 83
INFO - a7 bb 8a 18 00 01 86 a0
INFO - a7 bd ca 08 b2 fe 3d 07
INFO - a7 bd 0a 10 47 a8 59 a4
INFO - a7 bd 4a 18 00 01 86 a0
INFO - a7 bf 8a 08 b2 fe 3c 3e
INFO - a7 bf ca 10 47 a8 59 bf
INFO - a7 bf 0a 18 00 01 86 a0
INFO - a7 c1 4a 08 b2 fe 3b 6e
INFO - a7 c1 8a 10 47 a8 59 e0
INFO - a7 c1 ca 18 00 01 86 a0
INFO - a7 c3 0a 08 b2 fe 3a a5
INFO - a7 c3 4a 10 47 a8 5a 02
INFO - a7 c3 8a 18 00 01 86 a0
INFO - a7 c5 ca 08 b2 fe 39 d5
INFO - a7 c5 0a 10 47 a8 5a 1d
INFO - a7 c5 4a 18 00 01 86 a0
INFO - a7 c7 8a 08 b2 fe 39 0c
INFO - a7 c7 ca 10 47 a8 5a 3e
INFO - a7 c7 0a 18 00 01 86 a0
INFO - a7 c9 4a 08 b2 fe 38 3c
INFO - a7 c9 8a 10 47 a8 5a 60
INFO - a7 c9 ca 18 00 01 86 a0
INFO - a7 cb 0a 08 b2 fe 37 73
INFO - a7 cb 4a 10 47 a8 5a 7b
INFO - a7 cb 8a 18 00 01 86 a0
INFO - a7 cd ca 08 b2 fe 36 a3
INFO - a7 cd 0a 10 47 a8 5a 9c
INFO - a7 cd 4a 18 00 01 86 a0
INFO - a7 cf 8a 08 b2 fe 35 da
INFO - a7 cf ca 10 47 a8 5a b7
INFO - a7 cf 0a 18 00 01 86 a0
INFO - a7 d1 4a 08 b2 fe 35 0a
INFO - a7 d1 8a 10 47 a8 5a d8
INFO - a7 d1 ca 18 00 01 86 a0
INFO - a7 d3 0a 08 b2 fe 34 41
INFO - a7 d3 4a 10 47 a8 5a f3
INFO - a7 d3 8a 18 00 01 86 a0
INFO - a7 d5 ca 08 b2 fe 33 71
INFO - a7 d5 0a 10 47 a8 5b 15
INFO - a7 d5 4a 18 00 01 86 a0
INFO - a7 d7 8a 08 b2 fe 32 a8
INFO - a7 d7 ca 10 47 a8 5b 36
INFO - a7 d7 0a 18 00 01 86 a0
INFO - a7 d9 4a 08 b2 fe 31 d8
INFO - a7 d9 8a 10 47 a8 5b 51
INFO - a7 d9 ca 18 00 01 86 a0
INFO - a7 dd 0a 08 b2 fe 30 3f
INFO - a7 dd 4a 10 47 a8 5b 94
INFO - a7 dd 8a 18 00 01 86 a0
INFO - a7 dd ca 08 b2 fe 30 31
INFO - a7 dd 0a 10 47 a8 5b 94
INFO - a7 dd 4a 18 00 01 86 a0
INFO - a7 dd 8a 08 b2 fe 30 2a
INFO - a7 dd ca 10 47 a8 5b 94
INFO - a7 dd 0a 18 00 01 86 a0
INFO - a7 df 4a 08 b2 fe 2f 75
INFO - a7 df 8a 10 47 a8 5b af
INFO - a7 df ca 18 00 01 86 a0
INFO - a7 e1 0a 08 b2 fe 2e a6
INFO - a7 e1 4a 10 47 a8 5b d1
INFO - a7 e1 8a 18 00 01 86 a0
INFO - a7 e3 ca 08 b2 fe 2d d6
INFO - a7 e3 0a 10 47 a8 5b eb
INFO - a7 e3 4a 18 00 01 86 a0
INFO - a7 e5 8a 08 b2 fe 2d 0d
INFO - a7 e5 ca 10 47 a8 5c 0d
INFO - a7 e5 0a 18 00 01 86 a0
INFO - a7 e7 4a 08 b2 fe 2c 3d
INFO - a7 e7 8a 10 47 a8 5c 2e
INFO - a7 e7 ca 18 00 01 86 a0
INFO - a7 e9 0a 08 b2 fe 2b 73
INFO - a7 e9 4a 10 47 a8 5c 49
INFO - a7 e9 8a 18 00 01 86 a0
INFO - a7 eb ca 08 b2 fe 2a a4
INFO - a7 eb 0a 10 47 a8 5c 6b
INFO - a7 eb 4a 18 00 01 86 a0
INFO - a7 ed 8a 08 b2 fe 29 da
INFO - a7 ed ca 10 47 a8 5c 86
INFO - a7 ed 0a 18 00 01 86 a0
INFO - a7 ef 4a 08 b2 fe 29 0b
INFO - a7 ef 8a 10 47 a8 5c a7
INFO - a7 ef ca 18 00 01 86 a0
INFO - a7 f1 0a 08 b2 fe 28 41
INFO - a7 f1 4a 10 47 a8 5c c9
INFO - a7 f1 8a 18 00 01 86 a0
INFO - a7 f3 ca 08 b2 fe 27 72
INFO - a7 f3 0a 10 47 a8 5c e4
INFO - a7 f3 4a 18 00 01 86 a0
INFO - a7 f5 8a 08 b2 fe 26 a8
INFO - a7 f5 ca 10 47 a8 5d 05
INFO - a7 f5 0a 18 00 01 86 a0
INFO - a7 f7 4a 08 b2 fe 25 d9
INFO - a7 f7 8a 10 47 a8 5d 20
INFO - a7 f7 ca 18 00 01 86 a0
INFO - a7 f9 0a 08 b2 fe 25 0f
INFO - a7 f9 4a 10 47 a8 5d 41
INFO - a7 f9 8a 18 00 01 86 a0
INFO - a7 fb ca 08 b2 fe 24 3f
INFO - a7 fb 0a 10 47 a8 5d 63
INFO - a7 fb 4a 18 00 01 86 a0
INFO - a7 fd 8a 08 b2 fe 23 76
INFO - a7 fd ca 10 47 a8 5d 7e
INFO - a7 fd 0a 18 00 01 86 a0
INFO - a7 ff 4a 08 b2 fe 22 a6
INFO - a7 ff 8a 10 47 a8 5d 9f
INFO - a7 ff ca 18 00 01 86 a0
INFO - a8 01 0a 08 b2 fe 21 dd
INFO - a8 01 4a 10 47 a8 5d ba
INFO - a8 01 8a 18 00 01 86 a0
INFO - a8 03 ca 08 b2 fe 21 14
INFO - a8 03 0a 10 47 a8 5d dc
INFO - a8 03 4a 18 00 01 86 a0
INFO - a8 05 8a 08 b2 fe 20 44
INFO - a8 05 ca 10 47 a8 5d fd
INFO - a8 05 0a 18 00 01 86 a0
INFO - a8 07 4a 08 b2 fe 1f 7b
INFO - a8 07 8a 10 47 a8 5e 18
INFO - a8 07 ca 18 00 01 86 a0
INFO - a8 09 0a 08 b2 fe 1e ab
INFO - a8 09 4a 10 47 a8 5e 3a
INFO - a8 09 8a 18 00 01 86 a0
INFO - a8 0b ca 08 b2 fe 1d db
INFO - a8 0b 0a 10 47 a8 5e 5b
INFO - a8 0b 4a 18 00 01 86 a0
INFO - a8 0d 8a 08 b2 fe 1d 12
INFO - a8 0d ca 10 47 a8 5e 76
INFO - a8 0d 0a 18 00 01 86 a0
INFO - a8 0f 4a 08 b2 fe 1c 42
INFO - a8 0f 8a 10 47 a8 5e 97
INFO - a8 0f ca 18 00 01 86 a0
INFO - a8 11 0a 08 b2 fe 1b 79
INFO - a8 11 4a 10 47 a8 5e b2
INFO - a8 11 8a 18 00 01 86 a0
INFO - a8 13 ca 08 b2 fe 1a a9
INFO - a8 13 0a 10 47 a8 5e d4
INFO - a8 13 4a 18 00 01 86 a0
INFO - a8 15 8a 08 b2 fe 19 e0
INFO - a8 15 ca 10 47 a8 5e f5
INFO - a8 15 0a 18 00 01 86 a0
INFO - a8 17 4a 08 b2 fe 19 10
INFO - a8 17 8a 10 47 a8 5f 10
INFO - a8 17 ca 18 00 01 86 a0
INFO - a8 19 0a 08 b2 fe 18 47
INFO - a8 19 4a 10 47 a8 5f 32
INFO - a8 19 8a 18 00 01 86 a0
INFO - a8 1b ca 08 b2 fe 17 77
INFO - a8 1b 0a 10 47 a8 5f 4c
INFO - a8 1b 4a 18 00 01 86 a0
INFO - a8 1d 8a 08 b2 fe 16 a7
INFO - a8 1d ca 10 47 a8 5f 6e
INFO - a8 1d 0a 18 00 01 86 a0
INFO - a8 1f 4a 08 b2 fe 15 de
INFO - a8 1f 8a 10 47 a8 5f 8f
INFO - a8 1f ca 18 00 01 86 a0
INFO - a8 21 0a 08 b2 fe 15 0e
INFO - a8 21 4a 10 47 a8 5f aa
INFO - a8 21 8a 18 00 01 86 a0
INFO - a8 23 ca 08 b2 fe 14 45
INFO - a8 23 0a 10 47 a8 5f cc
INFO - a8 23 4a 18 00 01 86 a0
INFO - a8 25 8a 08 b2 fe 13 75
INFO - a8 25 ca 10 47 a8 5f e7
INFO - a8 25 0a 18 00 01 86 a0
INFO - a8 27 4a 08 b2 fe 12 ac
INFO - a8 27 8a 10 47 a8 60 08
INFO - a8 27 ca 18 00 01 86 a0
INFO - a8 29 0a 08 b2 fe 11 dc
INFO - a8 29 4a 10 47 a8 60 2a
INFO - a8 29 8a 18 00 01 86 a0
INFO - a8 2b ca 08 b2 fe 11 13
INFO - a8 2b 0a 10 47 a8 60 45
INFO - a8 2b 4a 18 00 01 86 a0
INFO - a8 2d 8a 08 b2 fe 10 43
INFO - a8 2d ca 10 47 a8 60 66
INFO - a8 2d 0a 18 00 01 86 a0
INFO - a8 2f 4a 08 b2 fe 0f 7a
INFO - a8 2f 8a 10 47 a8 60 88
INFO - a8 2f ca 18 00 01 86 a0
INFO - a8 31 0a 08 b2 fe 0e aa
INFO - a8 31 4a 10 47 a8 60 a2
INFO - a8 31 8a 18 00 01 86 a0
INFO - a8 33 ca 08 b2 fe 0d e1
INFO - a8 33 0a 10 47 a8 60 c4
INFO - a8 33 4a 18 00 01 86 a0
INFO - a8 35 8a 08 b2 fe 0d 11
INFO - a8 35 ca 10 47 a8 60 df
INFO - a8 35 0a 18 00 01 86 a0
INFO - a8 37 4a 08 b2 fe 0c 48
INFO - a8 37 8a 10 47 a8 61 00
INFO - a8 37 ca 18 00 01 86 a0
INFO - a8 39 0a 08 b2 fe 0b 78
INFO - a8 39 4a 10 47 a8 61 22
INFO - a8 39 8a 18 00 01 86 a0
INFO - a8 3b ca 08 b2 fe 0a af
INFO - a8 3b 0a 10 47 a8 61 3d
INFO - a8 3b 4a 18 00 01 86 a0
INFO - a8 3d 8a 08 b2 fe 09 df
INFO - a8 3d ca 10 47 a8 61 5e
INFO - a8 3d 0a 18 00 01 86 a0
INFO - a8 3f 4a 40 57 00 00 02
INFO - a8 3f 8a 40 57 00 00 02
INFO - a8 3f ca 40 57 00 00 02
INFO - a8 3f 0a 40 57 00 00 02
INFO - a8 3f 4a 08 b2 fe 09 16
INFO - a8 3f 8a 10 47 a8 61 79
INFO - a8 3f ca 18 00 01 86 a0
INFO - a8 41 0a 08 b2 fe 08 46
INFO - a8 41 4a 10 47 a8 61 9b
INFO - a8 41 8a 18 00 01 86 a0
INFO - a8 43 ca 08 b2 fe 07 7d
INFO - a8 43 0a 10 47 a8 61 bc
INFO - a8 43 4a 18 00 01 86 a0
