INFO - 40 00 48 00 f9 41 00 23
INFO - 40 80 88 00 f9 41 00 23
INFO - 41 17 c8 00 f9 51 00 20
INFO - 41 6e 08 00 f9 41 00 24
INFO - 42 23 48 00 f9 51 00 20
INFO - 42 33 88 00 f9 51 00 20
INFO - 42 41 c8 00 f9 41 00 23
INFO - 42 ba 08 00 f9 41 00 23
INFO - 43 2a 48 00 f9 41 00 23
INFO - 45 13 88 00 f9 41 00 23
INFO - 45 75 c8 00 f9 41 00 23
INFO - 45 d9 08 00 f9 51 00 20
INFO - 45 e9 48 00 f9 51 00 20
INFO - 45 fb 88 00 f9 41 00 24
INFO - 46 5e c8 00 f9 51 00 20
INFO - 46 a9 08 00 f9 41 00 23
INFO - 47 12 48 00 f9 41 00 23
INFO - 49 06 88 00 f9 41 00 23
INFO - 4a fb c8 00 f9 41 00 23
INFO - 4c ef 08 00 f9 41 00 23
INFO - 4d ea 48 00 f9 51 00 20
INFO - 4e 2d 88 00 f9 59 00 00
INFO - 4e 5d c8 00 f9 49 00 02
