INFO - a5 d3 89 40 57 00 00 02
INFO - a5 d3 c9 40 57 00 00 02
INFO - a5 d3 09 40 57 00 00 02
INFO - a5 d3 49 40 57 00 00 02
INFO - ad 13 09 40 57 00 00 02
INFO - ad 13 49 40 57 00 00 02
INFO - ad 13 89 40 57 00 00 02
INFO - ad 13 c9 40 57 00 00 02
INFO - ad 13 09 40 57 00 00 02
INFO - 8f ed c9 08 40 27 99 e6
INFO - 8f ed 09 20 40 28 1e 07
INFO - 8f ed 49 40 40 20 00 f7
INFO - 8f ef 49 08 40 27 99 e6
INFO - 8f ef 89 20 40 28 1e 05
INFO - 8f ef c9 40 40 23 dc fd
INFO - 8f f1 c9 08 40 27 99 e6
INFO - 8f f1 09 20 40 28 16 07
INFO - 8f f1 49 40 40 23 f4 01
INFO - 8f f3 49 08 40 27 99 e6
INFO - 8f f3 89 20 40 28 1e 07
INFO - 8f f3 c9 40 40 20 04 fc
INFO - 8f f5 c9 08 40 27 99 e6
INFO - 8f f5 09 20 40 28 1e 07
INFO - 8f f5 49 40 40 23 f0 fd
INFO - 8f f7 49 08 40 27 99 e6
INFO - 8f f7 89 20 40 28 1e 07
INFO - 8f f7 c9 40 40 23 f4 01
INFO - 8f f9 c9 08 40 27 99 e6
INFO - 8f f9 09 20 40 28 1e 07
INFO - 8f f9 49 40 40 20 04 fc
INFO - 8f fb 49 08 40 27 99 ed
INFO - 8f fb 89 20 40 28 1e 07
INFO - 8f fb c9 40 40 23 f0 01
INFO - 8f fd c9 08 40 27 b5 f0
INFO - 8f fd 09 20 40 28 1e 07
INFO - 8f fd 49 40 40 20 04 fc
INFO - 8f ff 49 08 40 27 c1 f0
INFO - 8f ff 89 20 40 28 1e 05
INFO - 8f ff c9 40 40 23 f0 00
INFO - 90 01 c9 08 40 27 c1 f0
INFO - 90 01 09 20 40 28 16 03
INFO - 90 01 49 40 40 20 00 01
INFO - 90 03 49 08 40 27 c1 f0
INFO - 90 03 89 20 40 28 0e 03
INFO - 90 03 c9 40 40 20 04 fc
INFO - 90 05 c9 08 40 27 c1 f0
INFO - 90 05 09 20 40 28 0e 03
INFO - 90 05 49 40 40 23 f0 00
INFO - 90 07 49 08 40 27 c1 f0
INFO - 90 07 89 20 40 28 0e 03
INFO - 90 07 c9 40 40 20 00 01
INFO - 90 09 c9 08 40 27 c1 f0
INFO - 90 09 09 20 40 28 0e 03
INFO - 90 09 49 40 40 20 04 fc
INFO - 90 0b 49 08 40 27 c1 f0
INFO - 90 0b 89 20 40 28 0e 05
INFO - 90 0b c9 40 40 23 f0 fd
INFO - 90 0d c9 08 40 27 c1 f0
INFO - 90 0d 09 20 40 28 16 07
INFO - 90 0d 49 40 40 23 f4 01
INFO - 90 0f 49 08 40 27 c1 f0
INFO - 90 0f 89 20 40 28 1e 09
INFO - 90 0f c9 40 40 20 04 fc
INFO - 90 11 c9 08 40 27 c1 f0
INFO - 90 11 09 20 40 28 26 09
INFO - 90 11 49 40 40 23 f0 01
INFO - 90 13 49 08 40 27 c1 f0
INFO - 90 13 89 20 40 28 26 09
INFO - 90 13 c9 40 40 20 04 fc
INFO - 90 15 c9 08 40 27 c1 e5
INFO - 90 15 09 20 40 28 26 09
INFO - 90 15 49 40 40 23 f0 01
INFO - 90 17 49 08 40 27 95 e2
INFO - 90 17 89 20 40 28 26 09
INFO - 90 17 c9 40 40 20 04 fc
INFO - 90 19 c9 08 40 27 89 e2
INFO - 90 19 09 20 40 28 26 07
INFO - 90 19 49 40 40 23 f0 00
INFO - 90 1b 49 08 40 27 89 e2
INFO - 90 1b 89 20 40 28 1e 07
INFO - 90 1b c9 40 40 20 00 01
INFO - 90 1d c9 08 40 27 89 e2
INFO - 90 1d 09 20 40 28 1e 07
INFO - 90 1d 49 40 40 20 04 fc
INFO - 90 1f 49 08 40 27 89 e2
INFO - 90 1f 89 20 40 28 1e 07
INFO - 90 1f c9 40 40 23 f0 fd
INFO - 90 21 c9 08 40 27 89 e2
INFO - 90 21 09 20 40 28 1e 07
INFO - 90 21 49 40 40 23 f4 01
INFO - 90 23 49 08 40 27 89 e2
INFO - 90 23 89 20 40 28 1e 07
INFO - 90 23 c9 40 40 20 04 fc
INFO - 90 25 c9 08 40 27 89 e2
INFO - 90 25 09 20 40 28 1e 09
INFO - 90 25 49 40 40 23 f0 fd
INFO - 90 27 49 08 40 27 89 e2
INFO - 90 27 89 20 40 28 26 07
INFO - 90 27 c9 40 40 23 f4 01
INFO - 90 29 c9 08 40 27 89 e2
INFO - 90 29 09 20 40 28 1e 07
INFO - 90 29 49 40 40 20 04 fc
INFO - 90 2b 49 08 40 27 89 e2
INFO - 90 2b 89 20 40 28 1e 07
INFO - 90 2b c9 40 40 23 f0 00
INFO - 90 2d c9 08 40 27 89 e2
INFO - 90 2d 09 20 40 28 1e 07
INFO - 90 2d 49 40 40 20 00 01
INFO - 90 2f 49 08 40 27 8a 06
INFO - 90 2f 89 20 40 28 1e 07
INFO - 90 2f c9 40 40 20 04 fc
INFO - 90 31 c9 08 40 28 1a 16
INFO - 90 31 09 20 40 28 1e 07
INFO - 90 31 49 40 40 23 f0 01
INFO - 90 33 49 08 40 28 5a 16
INFO - 90 33 89 20 40 28 1e 07
INFO - 90 33 c9 40 40 20 04 fc
INFO - 90 35 c9 08 40 28 5a 16
INFO - 90 35 09 20 40 28 1e 07
INFO - 90 35 49 40 40 23 f0 00
INFO - 90 37 49 08 40 28 5a 16
INFO - 90 37 89 20 40 28 1e 07
INFO - 90 37 c9 40 40 20 00 01
INFO - 90 39 c9 08 40 28 5a 16
INFO - 90 39 09 20 40 28 1e 07
INFO - 90 39 49 40 40 20 04 fc
INFO - 90 3b 49 08 40 28 5a 16
INFO - 90 3b 89 20 40 28 1e 07
INFO - 90 3b c9 40 40 23 f0 01
INFO - 90 3d c9 08 40 28 5a 16
INFO - 90 3d 09 20 40 28 1e 05
INFO - 90 3d 49 40 40 20 04 fc
INFO - 90 3f 49 08 40 28 5a 16
INFO - 90 3f 89 20 40 28 16 05
INFO - 90 3f c9 40 40 23 f0 fd
INFO - 90 41 c9 08 40 28 5a 16
INFO - 90 41 09 20 40 28 16 05
INFO - 90 41 49 40 40 23 f4 01
INFO - 90 43 49 08 40 28 5a 16
INFO - 90 43 89 20 40 28 16 05
INFO - 90 43 c9 40 40 20 04 fc
INFO - 90 45 c9 08 40 28 5a 16
INFO - 90 45 09 20 40 28 16 07
INFO - 90 45 49 40 40 23 f0 00
INFO - 90 47 49 08 40 28 5a 16
INFO - 90 47 89 20 40 28 1e 07
INFO - 90 47 c9 40 40 20 00 01
INFO - 90 49 c9 08 40 28 5a 16
INFO - 90 49 09 20 40 28 1e 07
INFO - 90 49 49 40 40 20 04 fc
INFO - 90 4b 49 08 40 28 5a 16
INFO - 90 4b 89 20 40 28 1e 07
INFO - 90 4b c9 40 40 23 f0 01
INFO - 90 4d c9 08 40 28 59 ff
INFO - 90 4d 09 20 40 28 1e 07
INFO - 90 4d 49 40 40 20 04 fc
INFO - 90 4f 49 08 40 27 fd f8
INFO - 90 4f 89 20 40 28 1e 05
INFO - 90 4f c9 40 40 23 f0 fd
INFO - 90 51 c9 08 40 27 e1 f8
INFO - 90 51 09 20 40 28 16 05
INFO - 90 51 49 40 40 23 f4 01
INFO - 90 53 49 08 40 27 e1 f8
INFO - 90 53 89 20 40 28 16 07
INFO - 90 53 c9 40 40 20 04 fc
INFO - 90 55 c9 08 40 27 e1 f8
INFO - 90 55 09 20 40 28 1e 09
INFO - 90 55 49 40 40 23 f0 01
INFO - 90 57 49 08 40 27 e1 f8
INFO - 90 57 89 20 40 28 26 09
INFO - 90 57 c9 40 40 20 04 fc
INFO - 90 59 c9 08 40 27 e1 f8
INFO - 90 59 09 20 40 28 26 09
INFO - 90 59 49 40 40 23 f0 00
INFO - 90 5b 49 08 40 27 e1 f8
INFO - 90 5b 89 20 40 28 26 07
INFO - 90 5b c9 40 40 20 00 01
INFO - 90 5d c9 08 40 27 e1 f8
INFO - 90 5d 09 20 40 28 1e 07
INFO - 90 5d 49 40 40 20 04 fc
INFO - 90 5f 49 08 40 27 e1 f8
INFO - 90 5f 89 20 40 28 1e 05
INFO - 90 5f c9 40 40 23 f0 01
INFO - 90 61 c9 08 40 27 e1 f8
INFO - 90 61 09 20 40 28 16 03
INFO - 90 61 49 40 40 20 04 fc
INFO - 90 63 49 08 40 27 e1 f8
INFO - 90 63 89 20 40 28 0e 01
INFO - 90 63 c9 40 40 23 f0 fd
INFO - 90 65 c9 08 40 27 e1 f8
INFO - 90 65 09 20 40 28 06 01
INFO - 90 65 49 40 40 23 f4 01
INFO - 90 67 49 08 40 27 e1 f8
INFO - 90 67 89 20 40 28 06 01
INFO - 90 67 c9 40 40 20 04 fc
INFO - 90 69 c9 08 40 27 e1 f8
INFO - 90 69 09 20 40 28 06 01
INFO - 90 69 49 40 40 23 f0 00
INFO - 90 6b 49 08 40 27 e2 0b
INFO - 90 6b 89 20 40 28 06 03
INFO - 90 6b c9 40 40 20 00 01
INFO - 90 6d c9 08 40 28 2e 13
INFO - 90 6d 09 20 40 28 0e 05
INFO - 90 6d 49 40 40 20 04 fc
INFO - 90 6f 49 08 40 28 4e 13
INFO - 90 6f 89 20 40 28 16 07
INFO - 90 6f c9 40 40 23 f0 01
INFO - 90 71 c9 08 40 28 4e 13
INFO - 90 71 09 20 40 28 1e 09
INFO - 90 71 49 40 40 20 04 fc
INFO - 90 73 49 08 40 28 4e 13
INFO - 90 73 89 20 40 28 26 09
INFO - 90 73 c9 40 40 23 f0 00
INFO - 90 75 c9 08 40 28 4e 13
INFO - 90 75 09 20 40 28 26 09
INFO - 90 75 49 40 40 20 00 01
INFO - 90 77 49 08 40 28 4e 13
INFO - 90 77 89 20 40 28 26 09
INFO - 90 77 c9 40 40 20 04 fc
INFO - 90 79 c9 08 40 28 4e 13
INFO - 90 79 09 20 40 28 26 09
INFO - 90 79 49 40 40 23 f0 fd
INFO - 90 7b 49 08 40 28 4e 13
INFO - 90 7b 89 20 40 28 26 07
INFO - 90 7b c9 40 40 23 f4 01
INFO - 90 7d c9 08 40 28 4e 13
INFO - 90 7d 09 20 40 28 1e 07
INFO - 90 7d 49 40 40 20 04 fc
INFO - 90 7f 49 08 40 28 4e 13
INFO - 90 7f 89 20 40 28 1e 05
INFO - 90 7f c9 40 40 23 f0 01
INFO - 90 81 c9 08 40 28 4e 13
INFO - 90 81 09 20 40 28 16 05
INFO - 90 81 49 40 40 20 04 fc
INFO - 90 83 49 08 40 28 4e 13
INFO - 90 83 89 20 40 28 16 05
INFO - 90 83 c9 40 40 23 f0 fd
INFO - 90 85 c9 08 40 28 4e 13
INFO - 90 85 09 20 40 28 16 05
INFO - 90 85 49 40 40 23 f4 01
INFO - 90 87 49 08 40 28 4e 13
INFO - 90 87 89 20 40 28 16 05
INFO - 90 87 c9 40 40 20 04 fc
INFO - 90 89 c9 08 40 28 4e 3e
INFO - 90 89 09 20 40 28 16 05
INFO - 90 89 49 40 40 23 f0 01
INFO - 90 8b 49 08 40 28 fa 46
INFO - 90 8b 89 20 40 28 16 05
INFO - 90 8b c9 40 40 20 04 fc
INFO - 90 8d c9 08 40 29 1a 46
INFO - 90 8d 09 20 40 28 16 07
INFO - 90 8d 49 40 40 23 f0 00
INFO - 90 8f 49 08 40 29 1a 46
INFO - 90 8f 89 20 40 28 1e 07
INFO - 90 8f c9 40 40 20 00 01
INFO - 90 91 c9 08 40 29 1a 46
INFO - 90 91 09 20 40 28 1e 07
INFO - 90 91 49 40 40 20 04 fc
INFO - 90 93 49 08 40 29 1a 46
INFO - 90 93 89 20 40 28 1e 07
INFO - 90 93 c9 40 40 23 f0 fd
INFO - 90 95 c9 08 40 29 1a 46
INFO - 90 95 09 20 40 28 1e 05
INFO - 90 95 49 40 40 23 f4 01
INFO - 90 97 49 08 40 29 1a 46
INFO - 90 97 89 20 40 28 16 05
INFO - 90 97 c9 40 40 20 04 fc
INFO - 90 99 c9 08 40 29 1a 46
INFO - 90 99 09 20 40 28 16 05
INFO - 90 99 49 40 40 23 f0 01
INFO - 90 9b 49 08 40 29 1a 46
INFO - 90 9b 89 20 40 28 16 05
INFO - 90 9b c9 40 40 20 04 fc
INFO - 90 9d c9 08 40 09 1a 46
INFO - 90 9d 09 20 40 08 16 05
INFO - 90 9d 49 40 40 03 f0 45
INFO - 90 c0 89 08 40 25 09 90
INFO - 90 c0 c9 20 40 28 16 07
INFO - 90 c0 09 40 40 21 14 b9
INFO - 90 c2 09 08 40 26 41 b8
INFO - 90 c2 49 20 40 28 1e 07
INFO - 90 c2 89 40 40 22 e4 fc
INFO - 90 c4 89 08 40 26 e1 d0
INFO - 90 c4 c9 20 40 28 1e 07
INFO - 90 c4 09 40 40 23 f0 fd
INFO - 90 c6 09 08 40 27 41 e3
INFO - 90 c6 49 20 40 28 1e 07
INFO - 90 c6 89 40 40 23 f4 01
INFO - 90 c8 89 08 40 27 8d ee
INFO - 90 c8 c9 20 40 28 1e 07
INFO - 90 c8 09 40 40 20 04 fc
INFO - 90 ca 09 08 40 27 b9 f7
INFO - 90 ca 49 20 40 28 1e 07
INFO - 90 ca 89 40 40 23 f0 01
INFO - 90 cc 89 08 40 27 dd fe
INFO - 90 cc c9 20 40 28 1e 07
INFO - 90 cc 09 40 40 20 04 fc
INFO - 90 ce 09 08 40 27 fa 03
INFO - 90 ce 49 20 40 28 1e 07
INFO - 90 ce 89 40 40 23 f0 01
INFO - 90 d0 89 08 40 28 0e 09
INFO - 90 d0 c9 20 40 28 1e 07
INFO - 90 d0 09 40 40 20 04 fc
INFO - 90 d2 09 08 40 28 26 11
INFO - 90 d2 49 20 40 28 1e 07
INFO - 90 d2 89 40 40 23 f0 00
INFO - 90 d4 89 08 40 28 46 19
INFO - 90 d4 c9 20 40 28 1e 07
INFO - 90 d4 09 40 40 20 00 01
INFO - 90 d6 09 08 40 28 66 23
INFO - 90 d6 49 20 40 28 1e 07
INFO - 90 d6 89 40 40 20 04 fc
INFO - 90 d8 89 08 40 28 8e 31
INFO - 90 d8 c9 20 40 28 1e 07
INFO - 90 d8 09 40 40 23 f0 01
INFO - 90 da 09 08 40 28 c6 44
INFO - 90 da 49 20 40 28 1e 05
INFO - 90 da 89 40 40 20 04 fc
INFO - 90 dc 89 08 40 29 12 4b
INFO - 90 dc c9 20 40 28 16 05
INFO - 90 dc 09 40 40 23 f0 00
INFO - 90 de 09 08 40 29 2e 66
INFO - 90 de 49 20 40 28 16 05
INFO - 90 de 89 40 40 20 00 01
INFO - b0 df c9 40 57 00 00 02
INFO - b0 df 09 40 57 00 00 02
INFO - b0 df 49 40 57 00 00 02
INFO - b0 df 89 40 57 00 00 02
INFO - b0 df c9 40 57 00 00 02
INFO - 90 e0 c9 08 40 29 9a 94
INFO - 90 e0 09 20 40 28 16 03
INFO - 90 e0 49 40 40 20 04 fc
INFO - 90 e2 49 08 40 2a 52 ea
INFO - 90 e2 89 20 40 28 0e 01
INFO - 90 e2 c9 40 40 23 f0 01
INFO - 90 e4 c9 08 40 2b ab 63
INFO - 90 e4 09 20 40 28 06 01
INFO - 90 e4 49 40 40 20 04 fc
INFO - 90 e6 49 08 40 0d 8f 63
INFO - 90 e6 89 20 40 08 06 01
INFO - 90 e6 c9 40 40 03 f0 45
INFO - 91 7d c9 08 40 27 d9 f6
INFO - 91 7d 09 20 40 28 16 05
INFO - 91 7d 49 40 40 21 14 b8
INFO - 91 7f 49 08 40 27 d9 f6
INFO - 91 7f 89 20 40 28 16 05
INFO - 91 7f c9 40 40 22 e0 01
INFO - 91 81 c9 08 40 27 d9 f6
INFO - 91 81 09 20 40 28 16 07
INFO - 91 81 49 40 40 20 04 fc
INFO - 91 83 49 08 40 27 d9 f6
INFO - 91 83 89 20 40 28 1e 09
INFO - 91 83 c9 40 40 23 f0 fd
INFO - 91 85 c9 08 40 27 d9 f6
INFO - 91 85 09 20 40 28 26 09
INFO - 91 85 49 40 40 23 f4 01
INFO - 91 87 49 08 40 27 d9 f6
INFO - 91 87 89 20 40 28 26 09
INFO - 91 87 c9 40 40 20 04 fc
INFO - 91 89 c9 08 40 27 d9 f6
INFO - 91 89 09 20 40 28 26 09
INFO - 91 89 49 40 40 23 f0 01
INFO - 91 8b 49 08 40 27 d9 f6
INFO - 91 8b 89 20 40 28 26 09
INFO - 91 8b c9 40 40 20 04 fc
INFO - 91 8d c9 08 40 27 d9 f6
INFO - 91 8d 09 20 40 28 26 09
INFO - 91 8d 49 40 40 23 f0 00
INFO - 91 8f 49 08 40 27 d9 b9
INFO - 91 8f 89 20 40 28 26 09
INFO - 91 8f c9 40 40 20 00 01
INFO - 91 91 c9 08 40 26 e5 b2
INFO - 91 91 09 20 40 28 26 07
INFO - 91 91 49 40 40 20 04 fc
INFO - 91 93 49 08 40 26 c9 b2
INFO - 91 93 89 20 40 28 1e 07
INFO - 91 93 c9 40 40 23 f0 01
INFO - 91 95 c9 08 40 26 c9 b2
INFO - 91 95 09 20 40 28 1e 07
INFO - 91 95 49 40 40 20 04 fc
INFO - 91 97 49 08 40 26 c9 b2
INFO - 91 97 89 20 40 28 1e 07
INFO - 91 97 c9 40 40 23 f0 fd
INFO - 91 99 c9 08 40 26 c9 b2
INFO - 91 99 09 20 40 28 1e 07
INFO - 91 99 49 40 40 23 f4 01
INFO - 91 9b 49 08 40 26 c9 b2
INFO - 91 9b 89 20 40 28 1e 07
INFO - 91 9b c9 40 40 20 04 fc
INFO - 91 9d c9 08 40 26 c9 b2
INFO - 91 9d 09 20 40 28 1e 07
INFO - 91 9d 49 40 40 23 f0 00
INFO - 91 9f 49 08 40 26 c9 b2
INFO - 91 9f 89 20 40 28 1e 07
INFO - 91 9f c9 40 40 20 00 01
INFO - 91 a1 c9 08 40 26 c9 b2
INFO - 91 a1 09 20 40 28 1e 07
INFO - 91 a1 49 40 40 20 04 fc
INFO - 91 a3 49 08 40 26 c9 b2
INFO - 91 a3 89 20 40 28 1e 07
INFO - 91 a3 c9 40 40 23 f0 01
INFO - 91 a5 c9 08 40 26 c9 b2
INFO - 91 a5 09 20 40 28 1e 07
INFO - 91 a5 49 40 40 20 04 fc
INFO - 91 a7 49 08 40 26 c9 b2
INFO - 91 a7 89 20 40 28 1e 07
INFO - 91 a7 c9 40 40 23 f0 fd
INFO - 91 a9 c9 08 40 26 c9 b2
INFO - 91 a9 09 20 40 28 1e 07
INFO - 91 a9 49 40 40 23 f4 01
INFO - 91 ab 49 08 40 26 c9 b2
INFO - 91 ab 89 20 40 28 1e 07
INFO - 91 ab c9 40 40 20 04 fc
INFO - 91 ad c9 08 40 26 c9 f6
INFO - 91 ad 09 20 40 28 1e 07
INFO - 91 ad 49 40 40 23 f0 01
INFO - 91 af 49 08 40 27 da 11
INFO - 91 af 89 20 40 28 1e 07
INFO - 91 af c9 40 40 20 04 fc
INFO - 91 b1 c9 08 40 28 46 11
INFO - 91 b1 09 20 40 28 1e 07
INFO - 91 b1 49 40 40 23 f0 00
INFO - 91 b3 49 08 40 28 46 11
INFO - 91 b3 89 20 40 28 1e 07
INFO - 91 b3 c9 40 40 20 00 01
INFO - 91 b5 c9 08 40 28 46 11
INFO - 91 b5 09 20 40 28 1e 07
INFO - 91 b5 49 40 40 20 04 fc
INFO - 91 b7 49 08 40 28 46 11
INFO - 91 b7 89 20 40 28 1e 07
INFO - 91 b7 c9 40 40 23 f0 01
INFO - 91 b9 c9 08 40 28 46 11
INFO - 91 b9 09 20 40 28 1e 07
INFO - 91 b9 49 40 40 20 04 fc
INFO - 91 bb 49 08 40 28 46 11
INFO - 91 bb 89 20 40 28 1e 07
INFO - 91 bb c9 40 40 23 f0 00
INFO - 91 bd c9 08 40 28 46 11
INFO - 91 bd 09 20 40 28 1e 05
INFO - 91 bd 49 40 40 20 00 01
INFO - 91 bf 49 08 40 28 46 11
INFO - 91 bf 89 20 40 28 16 05
INFO - 91 bf c9 40 40 20 04 fc
INFO - 91 c1 c9 08 40 28 46 11
INFO - 91 c1 09 20 40 28 16 05
INFO - 91 c1 49 40 40 23 f0 00
INFO - 91 c3 49 08 40 28 46 11
INFO - 91 c3 89 20 40 28 16 07
INFO - 91 c3 c9 40 40 20 00 01
INFO - 91 c5 c9 08 40 28 46 11
INFO - 91 c5 09 20 40 28 1e 07
INFO - 91 c5 49 40 40 20 04 fc
INFO - 91 c7 49 08 40 28 46 11
INFO - 91 c7 89 20 40 28 1e 05
INFO - 91 c7 c9 40 40 23 f0 fd
INFO - 91 c9 c9 08 40 28 46 11
INFO - 91 c9 09 20 40 28 16 05
INFO - 91 c9 49 40 40 23 f4 01
INFO - 91 cb 49 08 40 28 46 11
INFO - 91 cb 89 20 40 28 16 05
INFO - 91 cb c9 40 40 20 04 fc
INFO - 91 cd c9 08 40 28 46 2c
INFO - 91 cd 09 20 40 28 16 05
INFO - 91 cd 49 40 40 23 f0 01
INFO - 91 cf 49 08 40 28 b2 34
INFO - 91 cf 89 20 40 28 16 05
INFO - 91 cf c9 40 40 20 04 fc
INFO - 91 d1 c9 08 40 28 d2 34
INFO - 91 d1 09 20 40 28 16 07
INFO - 91 d1 49 40 40 23 f0 00
INFO - 91 d3 49 08 40 28 d2 34
INFO - 91 d3 89 20 40 28 1e 07
INFO - 91 d3 c9 40 40 20 00 01
INFO - 91 d5 c9 08 40 28 d2 34
INFO - 91 d5 09 20 40 28 1e 07
INFO - 91 d5 49 40 40 20 04 fc
INFO - 91 d7 49 08 40 28 d2 34
INFO - 91 d7 89 20 40 28 1e 07
INFO - 91 d7 c9 40 40 23 f0 fd
INFO - 91 d9 c9 08 40 28 d2 34
INFO - 91 d9 09 20 40 28 1e 07
INFO - 91 d9 49 40 40 23 f4 01
INFO - 91 db 49 08 40 28 d2 34
INFO - 91 db 89 20 40 28 1e 07
INFO - 91 db c9 40 40 20 04 fc
INFO - 91 dd c9 08 40 28 d2 34
INFO - 91 dd 09 20 40 28 1e 07
INFO - 91 dd 49 40 40 23 f0 01
INFO - 91 df 49 08 40 28 d2 34
INFO - 91 df 89 20 40 28 1e 07
INFO - 91 df c9 40 40 20 04 fc
INFO - 91 e1 c9 08 40 28 d2 34
INFO - 91 e1 09 20 40 28 1e 05
INFO - 91 e1 49 40 40 23 f0 fd
INFO - 91 e3 49 08 40 28 d2 34
INFO - 91 e3 89 20 40 28 16 05
INFO - 91 e3 c9 40 40 23 f4 01
INFO - 91 e5 c9 08 40 28 d2 34
INFO - 91 e5 09 20 40 28 16 05
INFO - 91 e5 49 40 40 20 04 fc
INFO - 91 e7 49 08 40 28 d2 34
INFO - 91 e7 89 20 40 28 16 05
INFO - 91 e7 c9 40 40 23 f0 00
INFO - 91 e9 c9 08 40 28 d1 f4
INFO - 91 e9 09 20 40 28 16 05
INFO - 91 e9 49 40 40 20 00 01
INFO - 91 eb 49 08 40 27 d1 e8
INFO - 91 eb 89 20 40 28 16 07
INFO - 91 eb c9 40 40 20 04 fc
INFO - 91 ed c9 08 40 27 a1 e8
INFO - 91 ed 09 20 40 28 1e 05
INFO - 91 ed 49 40 40 23 f0 fd
INFO - 91 ef 49 08 40 27 a1 e8
INFO - 91 ef 89 20 40 28 16 03
INFO - 91 ef c9 40 40 23 f4 01
INFO - 91 f1 c9 08 40 27 a1 e8
INFO - 91 f1 09 20 40 28 0e 01
INFO - 91 f1 49 40 40 20 04 fc
INFO - 91 f3 49 08 40 27 a1 e8
INFO - 91 f3 89 20 40 28 06 01
INFO - 91 f3 c9 40 40 23 f0 01
INFO - 91 f5 c9 08 40 27 a1 e8
INFO - 91 f5 09 20 40 28 06 01
INFO - 91 f5 49 40 40 20 04 fc
INFO - 91 f7 49 08 40 27 a1 e8
INFO - 91 f7 89 20 40 28 06 03
INFO - 91 f7 c9 40 40 23 f0 fd
INFO - 91 f9 c9 08 40 27 a1 e8
INFO - 91 f9 09 20 40 28 0e 05
INFO - 91 f9 49 40 40 23 f4 01
INFO - 91 fb 49 08 40 27 a1 e8
INFO - 91 fb 89 20 40 28 16 05
INFO - 91 fb c9 40 40 20 04 fc
INFO - 91 fd c9 08 40 27 a1 e8
INFO - 91 fd 09 20 40 28 16 07
INFO - 91 fd 49 40 40 23 f0 fd
INFO - 91 ff 49 08 40 27 a1 e8
INFO - 91 ff 89 20 40 28 1e 05
INFO - 91 ff c9 40 40 23 f4 01
INFO - 92 01 c9 08 40 27 a1 e8
INFO - 92 01 09 20 40 28 16 03
INFO - 92 01 49 40 40 20 04 fc
INFO - 92 03 49 08 40 27 a1 e8
INFO - 92 03 89 20 40 28 0e 01
INFO - 92 03 c9 40 40 23 f0 01
INFO - 92 05 c9 08 40 27 a1 e8
INFO - 92 05 09 20 40 28 06 01
INFO - 92 05 49 40 40 20 04 fc
INFO - 92 07 49 08 40 27 a1 ff
INFO - 92 07 89 20 40 28 06 01
INFO - 92 07 c9 40 40 23 f0 00
INFO - 92 09 c9 08 40 27 fe 04
INFO - 92 09 09 20 40 28 06 03
INFO - 92 09 49 40 40 20 00 01
INFO - 92 0b 49 08 40 28 12 04
INFO - 92 0b 89 20 40 28 0e 03
INFO - 92 0b c9 40 40 20 04 fc
INFO - 92 0d c9 08 40 28 12 04
INFO - 92 0d 09 20 40 28 0e 05
INFO - 92 0d 49 40 40 23 f0 01
INFO - 92 0f 49 08 40 28 12 04
INFO - 92 0f 89 20 40 28 16 03
INFO - 92 0f c9 40 40 20 04 fc
INFO - 92 11 c9 08 40 28 12 04
INFO - 92 11 09 20 40 28 0e 03
INFO - 92 11 49 40 40 23 f0 fd
INFO - 92 13 49 08 40 28 12 04
INFO - 92 13 89 20 40 28 0e 03
INFO - 92 13 c9 40 40 23 f4 01
INFO - 92 15 c9 08 40 28 12 04
INFO - 92 15 09 20 40 28 0e 03
INFO - 92 15 49 40 40 20 04 fc
INFO - 92 17 49 08 40 28 12 04
INFO - 92 17 89 20 40 28 0e 05
INFO - 92 17 c9 40 40 23 f0 01
INFO - 92 19 c9 08 40 28 12 04
INFO - 92 19 09 20 40 28 16 05
INFO - 92 19 49 40 40 20 04 fc
INFO - 92 1b 49 08 40 28 12 04
INFO - 92 1b 89 20 40 28 16 05
INFO - 92 1b c9 40 40 23 f0 00
INFO - 92 1d c9 08 40 28 12 04
INFO - 92 1d 09 20 40 28 16 03
INFO - 92 1d 49 40 40 20 00 01
INFO - 92 1f 49 08 40 28 12 04
INFO - 92 1f 89 20 40 28 0e 03
INFO - 92 1f c9 40 40 20 04 fc
INFO - 92 21 c9 08 40 28 12 04
INFO - 92 21 09 20 40 28 0e 05
INFO - 92 21 49 40 40 23 f0 01
INFO - 92 23 49 08 40 28 12 04
INFO - 92 23 89 20 40 28 16 05
INFO - 92 23 c9 40 40 20 04 fc
INFO - 92 25 c9 08 40 28 12 04
INFO - 92 25 09 20 40 28 16 03
INFO - 92 25 49 40 40 23 f0 00
INFO - 92 27 49 08 40 28 11 ee
INFO - 92 27 89 20 40 28 0e 03
INFO - 92 27 c9 40 40 20 00 01
INFO - 92 29 c9 08 40 27 b9 eb
INFO - 92 29 09 20 40 28 0e 01
INFO - 92 29 49 40 40 20 04 fc
INFO - 92 2b 49 08 40 27 ad eb
INFO - 92 2b 89 20 40 28 06 01
INFO - 92 2b c9 40 40 23 f0 01
INFO - 92 2d c9 08 40 27 ad eb
INFO - 92 2d 09 20 40 28 06 01
INFO - 92 2d 49 40 40 20 04 fc
INFO - 92 2f 49 08 40 27 ad eb
INFO - 92 2f 89 20 40 28 06 01
INFO - 92 2f c9 40 40 23 f0 00
INFO - 92 31 c9 08 40 27 ad eb
INFO - 92 31 09 20 40 28 06 01
INFO - 92 31 49 40 40 20 00 01
INFO - 92 33 49 08 40 27 ad eb
INFO - 92 33 89 20 40 28 06 03
INFO - 92 33 c9 40 40 20 04 fc
INFO - 92 35 c9 08 40 27 ad eb
INFO - 92 35 09 20 40 28 0e 03
INFO - 92 35 49 40 40 23 f0 01
INFO - 92 37 49 08 40 27 ad eb
INFO - 92 37 89 20 40 28 0e 03
INFO - 92 37 c9 40 40 20 04 fc
INFO - 92 39 c9 08 40 27 ad eb
INFO - 92 39 09 20 40 28 0e 05
INFO - 92 39 49 40 40 23 f0 01
INFO - 92 3b 49 08 40 27 ad eb
INFO - 92 3b 89 20 40 28 16 05
INFO - 92 3b c9 40 40 20 04 fc
INFO - 92 3d c9 08 40 07 ad eb
INFO - 92 3d 09 20 40 08 16 05
INFO - 92 3d 49 40 40 03 f0 46
INFO - 92 b6 c9 08 40 27 85 e0
INFO - 92 b6 09 20 40 27 fe 01
INFO - 92 b6 49 40 40 21 18 b7
INFO - 92 b8 49 08 40 27 81 e0
INFO - 92 b8 89 20 40 28 06 01
INFO - 92 b8 c9 40 40 22 dc 01
INFO - 92 ba c9 08 40 27 81 e0
INFO - 92 ba 09 20 40 28 06 01
INFO - 92 ba 49 40 40 20 04 fc
INFO - 92 bc 49 08 40 27 82 1a
INFO - 92 bc 89 20 40 28 06 01
INFO - 92 bc c9 40 40 23 f0 00
INFO - 92 be c9 08 40 28 6a 2a
INFO - 92 be 09 20 40 28 05 ff
INFO - 92 be 49 40 40 20 00 01
INFO - 92 c0 49 08 40 28 aa 2a
INFO - 92 c0 89 20 40 27 fd ff
INFO - 92 c0 c9 40 40 20 04 fc
INFO - 92 c2 c9 08 40 28 aa 2a
INFO - 92 c2 09 20 40 27 fd ff
INFO - 92 c2 49 40 40 23 f0 00
INFO - 92 c4 49 08 40 28 aa 2a
INFO - 92 c4 89 20 40 27 fd ff
INFO - 92 c4 c9 40 40 20 00 01
INFO - 92 c6 c9 08 40 28 aa 2a
INFO - 92 c6 09 20 40 27 fd ff
INFO - 92 c6 49 40 40 20 04 fc
INFO - 92 c8 49 08 40 28 aa 2a
INFO - 92 c8 89 20 40 27 fd ff
INFO - 92 c8 c9 40 40 23 f0 01
INFO - 92 ca c9 08 40 28 aa 2a
INFO - 92 ca 09 20 40 27 fd ff
INFO - 92 ca 49 40 40 20 04 fc
INFO - 92 cc 49 08 40 28 aa 2a
INFO - 92 cc 89 20 40 27 fe 01
INFO - 92 cc c9 40 40 23 f0 fd
INFO - 92 ce c9 08 40 28 aa 2a
INFO - 92 ce 09 20 40 28 06 01
INFO - 92 ce 49 40 40 23 f4 01
INFO - 92 d0 49 08 40 28 aa 2a
INFO - 92 d0 89 20 40 28 06 03
INFO - 92 d0 c9 40 40 20 04 fc
INFO - 92 d2 c9 08 40 28 aa 2a
INFO - 92 d2 09 20 40 28 0e 01
INFO - 92 d2 49 40 40 23 f0 01
INFO - 92 d4 49 08 40 28 aa 2a
INFO - 92 d4 89 20 40 28 05 ff
INFO - 92 d4 c9 40 40 20 04 fc
INFO - 92 d6 c9 08 40 28 aa 2a
INFO - 92 d6 09 20 40 27 fd fd
INFO - 92 d6 49 40 40 23 f0 fd
INFO - 92 d8 49 08 40 28 aa 2a
INFO - 92 d8 89 20 40 27 f5 fd
INFO - 92 d8 c9 40 40 23 f4 01
INFO - 92 da c9 08 40 28 aa 2a
INFO - 92 da 09 20 40 27 f5 fd
INFO - 92 da 49 40 40 20 04 fc
INFO - 92 dc 49 08 40 28 a9 fe
INFO - 92 dc 89 20 40 27 f5 ff
INFO - 92 dc c9 40 40 23 f0 00
INFO - 92 de c9 08 40 27 f9 f5
INFO - 92 de 09 20 40 27 fd ff
INFO - 92 de 49 40 40 20 00 01
INFO - 92 e0 49 08 40 27 d5 f5
INFO - 92 e0 89 20 40 27 fd ff
INFO - 92 e0 c9 40 40 20 04 fc
INFO - 92 e2 c9 08 40 27 d5 f5
INFO - 92 e2 09 20 40 27 fd ff
INFO - 92 e2 49 40 40 23 f0 01
INFO - 92 e4 49 08 40 27 d5 f5
INFO - 92 e4 89 20 40 27 fd ff
INFO - 92 e4 c9 40 40 20 04 fc
INFO - 92 e6 c9 08 40 27 d5 f5
INFO - 92 e6 09 20 40 27 fd ff
INFO - 92 e6 49 40 40 23 f0 00
INFO - 92 e8 49 08 40 27 d5 f5
INFO - 92 e8 89 20 40 27 fd ff
INFO - 92 e8 c9 40 40 20 00 01
INFO - 92 ea c9 08 40 27 d5 f5
INFO - 92 ea 09 20 40 27 fd ff
INFO - 92 ea 49 40 40 20 04 fc
INFO - 92 ec 49 08 40 27 d5 f5
INFO - 92 ec 89 20 40 27 fd ff
INFO - 92 ec c9 40 40 23 f0 fd
INFO - 92 ee c9 08 40 27 d5 f5
INFO - 92 ee 09 20 40 27 fd fd
INFO - 92 ee 49 40 40 23 f4 01
INFO - 92 f0 49 08 40 27 d5 f5
INFO - 92 f0 89 20 40 27 f5 fd
INFO - 92 f0 c9 40 40 20 04 fc
INFO - 92 f2 c9 08 40 27 d5 f5
INFO - 92 f2 09 20 40 27 f5 fd
INFO - 92 f2 49 40 40 23 f0 01
INFO - 92 f4 49 08 40 27 d5 f5
INFO - 92 f4 89 20 40 27 f5 ff
INFO - 92 f4 c9 40 40 20 04 fc
INFO - 92 f6 c9 08 40 27 d5 f5
INFO - 92 f6 09 20 40 27 fd ff
INFO - 92 f6 49 40 40 23 f0 00
INFO - 92 f8 49 08 40 27 d5 f5
INFO - 92 f8 89 20 40 27 fd ff
INFO - 92 f8 c9 40 40 20 00 01
INFO - 92 fa c9 08 40 27 d5 d1
INFO - 92 fa 09 20 40 27 fd ff
INFO - 92 fa 49 40 40 20 04 fc
INFO - 92 fc 49 08 40 27 45 c8
INFO - 92 fc 89 20 40 27 fd ff
INFO - 92 fc c9 40 40 23 f0 fd
INFO - 92 fe c9 08 40 27 21 c8
INFO - 92 fe 09 20 40 27 fd ff
INFO - 92 fe 49 40 40 23 f4 01
INFO - 93 00 49 08 40 27 21 c8
INFO - 93 00 89 20 40 27 fd ff
INFO - 93 00 c9 40 40 20 04 fc
INFO - 93 02 c9 08 40 27 21 c8
INFO - 93 02 09 20 40 27 fd ff
INFO - 93 02 49 40 40 23 f0 01
INFO - 93 04 49 08 40 27 21 c8
INFO - 93 04 89 20 40 27 fd ff
INFO - 93 04 c9 40 40 20 04 fc
INFO - 93 06 c9 08 40 27 21 c8
INFO - 93 06 09 20 40 27 fd ff
INFO - 93 06 49 40 40 23 f0 01
INFO - 93 08 49 08 40 27 21 c8
INFO - 93 08 89 20 40 27 fd ff
INFO - 93 08 c9 40 40 20 04 fc
INFO - 93 0a c9 08 40 27 21 c8
INFO - 93 0a 09 20 40 27 fe 01
INFO - 93 0a 49 40 40 23 f0 00
INFO - 93 0c 49 08 40 27 21 c8
INFO - 93 0c 89 20 40 28 05 ff
INFO - 93 0c c9 40 40 20 00 01
INFO - 93 0e c9 08 40 27 21 c8
INFO - 93 0e 09 20 40 27 fd ff
INFO - 93 0e 49 40 40 20 04 fc
INFO - 93 10 49 08 40 27 21 c8
INFO - 93 10 89 20 40 27 fd ff
INFO - 93 10 c9 40 40 23 f0 01
INFO - 93 12 c9 08 40 27 21 c8
INFO - 93 12 09 20 40 27 fd ff
INFO - 93 12 49 40 40 20 04 fc
INFO - 93 14 49 08 40 27 21 c8
INFO - 93 14 89 20 40 27 fd fd
INFO - 93 14 c9 40 40 23 f0 fd
INFO - 93 16 c9 08 40 27 21 c8
INFO - 93 16 09 20 40 27 f5 ff
INFO - 93 16 49 40 40 23 f4 00
INFO - 93 18 49 08 40 27 21 e6
INFO - 93 18 89 20 40 27 fd ff
INFO - 93 18 c9 40 40 20 00 01
INFO - 93 1a c9 08 40 27 99 ed
INFO - 93 1a 09 20 40 27 fd ff
INFO - 93 1a 49 40 40 20 04 fc
INFO - 93 1c 49 08 40 27 b5 ed
INFO - 93 1c 89 20 40 27 fd ff
INFO - 93 1c c9 40 40 23 f0 01
INFO - 93 1e c9 08 40 27 b5 ed
INFO - 93 1e 09 20 40 27 fd ff
INFO - 93 1e 49 40 40 20 04 fc
INFO - 93 20 49 08 40 27 b5 ed
INFO - 93 20 89 20 40 27 fd ff
INFO - 93 20 c9 40 40 23 f0 00
INFO - 93 22 c9 08 40 27 b5 ed
INFO - 93 22 09 20 40 27 fd ff
INFO - 93 22 49 40 40 20 00 01
INFO - 93 24 49 08 40 27 b5 ed
INFO - 93 24 89 20 40 27 fd ff
INFO - 93 24 c9 40 40 20 04 fc
INFO - 93 26 c9 08 40 27 b5 ed
INFO - 93 26 09 20 40 27 fd ff
INFO - 93 26 49 40 40 23 f0 00
INFO - 93 28 49 08 40 27 b5 ed
INFO - 93 28 89 20 40 27 fd fd
INFO - 93 28 c9 40 40 20 00 01
INFO - 93 2a c9 08 40 27 b5 ed
INFO - 93 2a 09 20 40 27 f5 fd
INFO - 93 2a 49 40 40 20 04 fc
INFO - 93 2c 49 08 40 27 b5 ed
INFO - 93 2c 89 20 40 27 f5 fd
INFO - 93 2c c9 40 40 23 f0 01
INFO - 93 2e c9 08 40 27 b5 ed
INFO - 93 2e 09 20 40 27 f5 fb
INFO - 93 2e 49 40 40 20 04 fc
INFO - 93 30 49 08 40 27 b5 ed
INFO - 93 30 89 20 40 27 ed fb
INFO - 93 30 c9 40 40 23 f0 00
INFO - 93 32 c9 08 40 27 b5 ed
INFO - 93 32 09 20 40 27 ed fb
INFO - 93 32 49 40 40 20 00 01
INFO - 93 34 49 08 40 27 b5 ed
INFO - 93 34 89 20 40 27 ed fb
INFO - 93 34 c9 40 40 20 04 fc
INFO - 93 36 c9 08 40 27 b5 ed
INFO - 93 36 09 20 40 27 ed fd
INFO - 93 36 49 40 40 23 f0 00
INFO - 93 38 49 08 40 27 b6 04
INFO - 93 38 89 20 40 27 f5 fd
INFO - 93 38 c9 40 40 20 00 01
INFO - 93 3a c9 08 40 28 12 09
INFO - 93 3a 09 20 40 27 f5 fd
INFO - 93 3a 49 40 40 20 04 fc
INFO - 93 3c 49 08 40 28 26 09
INFO - 93 3c 89 20 40 27 f5 fd
INFO - 93 3c c9 40 40 23 f0 fd
INFO - 93 3e c9 08 40 28 26 09
INFO - 93 3e 09 20 40 27 f5 fb
INFO - 93 3e 49 40 40 23 f4 01
INFO - 93 40 49 08 40 28 26 09
INFO - 93 40 89 20 40 27 ed f9
INFO - 93 40 c9 40 40 20 04 fc
INFO - 93 42 c9 08 40 28 26 09
INFO - 93 42 09 20 40 27 e5 f9
INFO - 93 42 49 40 40 23 f0 01
INFO - 93 44 49 08 40 28 26 09
INFO - 93 44 89 20 40 27 e5 fb
INFO - 93 44 c9 40 40 20 04 fc
INFO - 93 46 c9 08 40 28 26 09
INFO - 93 46 09 20 40 27 ed fb
INFO - 93 46 49 40 40 23 f0 00
INFO - 93 48 49 08 40 28 26 09
INFO - 93 48 89 20 40 27 ed fb
INFO - 93 48 c9 40 40 20 00 01
INFO - 93 4a c9 08 40 28 26 09
INFO - 93 4a 09 20 40 27 ed fb
INFO - 93 4a 49 40 40 20 04 fc
INFO - 93 4c 49 08 40 28 26 09
INFO - 93 4c 89 20 40 27 ed fb
INFO - 93 4c c9 40 40 23 f0 01
INFO - 93 4e c9 08 40 28 26 09
INFO - 93 4e 09 20 40 27 ed fb
INFO - 93 4e 49 40 40 20 04 fc
INFO - 93 50 49 08 40 28 26 09
INFO - 93 50 89 20 40 27 ed fb
INFO - 93 50 c9 40 40 23 f0 fd
INFO - 93 52 c9 08 40 28 26 09
INFO - 93 52 09 20 40 27 ed fb
INFO - 93 52 49 40 40 23 f4 00
INFO - 93 54 49 08 40 28 25 e8
INFO - 93 54 89 20 40 27 ed fb
INFO - 93 54 c9 40 40 20 00 01
INFO - 93 56 c9 08 40 27 a1 e0
INFO - 93 56 09 20 40 27 ed f9
INFO - 93 56 49 40 40 20 04 fc
INFO - 93 58 49 08 40 27 81 e0
INFO - 93 58 89 20 40 27 e5 fb
INFO - 93 58 c9 40 40 23 f0 01
INFO - 93 5a c9 08 40 27 81 e0
INFO - 93 5a 09 20 40 27 ed fb
INFO - 93 5a 49 40 40 20 04 fc
INFO - 93 5c 49 08 40 27 81 e0
INFO - 93 5c 89 20 40 27 ed fb
INFO - 93 5c c9 40 40 23 f0 fd
INFO - 93 5e c9 08 40 27 81 e0
INFO - 93 5e 09 20 40 27 ed fb
INFO - 93 5e 49 40 40 23 f4 01
INFO - 93 60 49 08 40 27 81 e0
INFO - 93 60 89 20 40 27 ed f9
INFO - 93 60 c9 40 40 20 04 fc
INFO - 93 62 c9 08 40 27 81 e0
INFO - 93 62 09 20 40 27 e5 fb
INFO - 93 62 49 40 40 23 f0 01
INFO - 93 64 49 08 40 27 81 e0
INFO - 93 64 89 20 40 27 ed fb
INFO - 93 64 c9 40 40 20 04 fc
INFO - 93 66 c9 08 40 27 81 e0
INFO - 93 66 09 20 40 27 ed fb
INFO - 93 66 49 40 40 23 f0 fd
INFO - 93 68 49 08 40 27 81 e0
INFO - 93 68 89 20 40 27 ed fb
INFO - 93 68 c9 40 40 23 f4 01
INFO - 93 6a c9 08 40 27 81 e0
INFO - 93 6a 09 20 40 27 ed fb
INFO - 93 6a 49 40 40 20 04 fc
INFO - 93 6c 49 08 40 27 81 e0
INFO - 93 6c 89 20 40 27 ed fb
INFO - 93 6c c9 40 40 23 f0 fd
INFO - 93 6e c9 08 40 27 81 e0
INFO - 93 6e 09 20 40 27 ed fb
INFO - 93 6e 49 40 40 23 f4 01
INFO - 93 70 49 08 40 27 81 e0
INFO - 93 70 89 20 40 27 ed fb
INFO - 93 70 c9 40 40 20 04 fc
INFO - 93 72 c9 08 40 27 82 00
INFO - 93 72 09 20 40 27 ed f9
INFO - 93 72 49 40 40 23 f0 01
INFO - 93 74 49 08 40 28 02 09
INFO - 93 74 89 20 40 27 e5 f9
INFO - 93 74 c9 40 40 20 04 fc
INFO - 93 76 c9 08 40 28 26 09
INFO - 93 76 09 20 40 27 e5 f7
INFO - 93 76 49 40 40 23 f0 00
INFO - 93 78 49 08 40 28 26 09
INFO - 93 78 89 20 40 27 dd f9
INFO - 93 78 c9 40 40 20 00 01
INFO - 93 7a c9 08 40 28 26 09
INFO - 93 7a 09 20 40 27 e5 f9
INFO - 93 7a 49 40 40 20 04 fc
INFO - 93 7c 49 08 40 28 26 09
INFO - 93 7c 89 20 40 27 e5 f9
INFO - 93 7c c9 40 40 23 f0 01
INFO - 93 7e c9 08 40 28 26 09
INFO - 93 7e 09 20 40 27 e5 f9
INFO - 93 7e 49 40 40 20 04 fc
INFO - 93 80 49 08 40 28 26 09
INFO - 93 80 89 20 40 27 e5 f9
INFO - 93 80 c9 40 40 23 f0 00
INFO - 93 82 c9 08 40 28 26 09
INFO - 93 82 09 20 40 27 e5 f9
INFO - 93 82 49 40 40 20 00 01
INFO - 93 84 49 08 40 28 26 09
INFO - 93 84 89 20 40 27 e5 f9
INFO - 93 84 c9 40 40 20 04 fc
INFO - 93 86 c9 08 40 28 26 09
INFO - 93 86 09 20 40 27 e5 f9
INFO - 93 86 49 40 40 23 f0 01
INFO - 93 88 49 08 40 28 26 09
INFO - 93 88 89 20 40 27 e5 f9
INFO - 93 88 c9 40 40 20 04 fc
INFO - 93 8a c9 08 40 28 26 09
INFO - 93 8a 09 20 40 27 e5 f7
INFO - 93 8a 49 40 40 23 f0 fd
INFO - 93 8c 49 08 40 28 26 09
INFO - 93 8c 89 20 40 27 dd f7
INFO - 93 8c c9 40 40 23 f4 01
INFO - 93 8e c9 08 40 28 26 09
INFO - 93 8e 09 20 40 27 dd f7
INFO - 93 8e 49 40 40 20 04 fc
INFO - 93 90 49 08 40 28 26 09
INFO - 93 90 89 20 40 27 dd f7
INFO - 93 90 c9 40 40 23 f0 01
INFO - 93 92 c9 08 40 28 25 fa
INFO - 93 92 09 20 40 27 dd f7
INFO - 93 92 49 40 40 20 04 fc
INFO - 93 94 49 08 40 27 e9 f6
INFO - 93 94 89 20 40 27 dd f7
INFO - 93 94 c9 40 40 23 f0 00
INFO - 93 96 c9 08 40 27 d9 f6
INFO - 93 96 09 20 40 27 dd f7
INFO - 93 96 49 40 40 20 00 01
INFO - 93 98 49 08 40 27 d9 f6
INFO - 93 98 89 20 40 27 dd f7
INFO - 93 98 c9 40 40 20 04 fc
INFO - 93 9a c9 08 40 27 d9 f6
INFO - 93 9a 09 20 40 27 dd f9
INFO - 93 9a 49 40 40 23 f0 fd
INFO - 93 9c 49 08 40 27 d9 f6
INFO - 93 9c 89 20 40 27 e5 f9
INFO - 93 9c c9 40 40 23 f4 01
INFO - 93 9e c9 08 40 27 d9 f6
INFO - 93 9e 09 20 40 27 e5 f9
INFO - 93 9e 49 40 40 20 04 fc
INFO - 93 a0 49 08 40 27 d9 f6
INFO - 93 a0 89 20 40 27 e5 f9
INFO - 93 a0 c9 40 40 23 f0 01
INFO - 93 a2 c9 08 40 27 d9 f6
INFO - 93 a2 09 20 40 27 e5 f9
INFO - 93 a2 49 40 40 20 04 fc
INFO - 93 a4 49 08 40 27 d9 f6
INFO - 93 a4 89 20 40 27 e5 f7
INFO - 93 a4 c9 40 40 23 f0 01
INFO - 93 a6 c9 08 40 27 d9 f6
INFO - 93 a6 09 20 40 27 dd f7
INFO - 93 a6 49 40 40 20 04 fb
INFO - 93 a8 49 08 40 27 d9 f6
INFO - 93 a8 89 20 40 27 dd f7
INFO - 93 a8 c9 40 40 23 ec 02
INFO - 93 aa c9 08 40 27 d9 f6
INFO - 93 aa 09 20 40 27 dd f7
INFO - 93 aa 49 40 40 20 08 fc
INFO - 93 ac 49 08 40 27 d9 f6
INFO - 93 ac 89 20 40 27 dd f5
INFO - 93 ac c9 40 40 23 f0 01
INFO - 93 ae c9 08 40 27 d9 f6
INFO - 93 ae 09 20 40 27 d5 f5
INFO - 93 ae 49 40 40 20 04 fc
INFO - 93 b0 49 08 40 27 d9 b3
INFO - 93 b0 89 20 40 27 d5 f5
INFO - 93 b0 c9 40 40 23 f0 01
INFO - 93 b2 c9 08 40 26 cd a9
INFO - 93 b2 09 20 40 27 d5 f5
INFO - 93 b2 49 40 40 20 04 fc
INFO - 93 b4 49 08 40 26 a5 a9
INFO - 93 b4 89 20 40 27 d5 f7
INFO - 93 b4 c9 40 40 23 f0 fd
INFO - 93 b6 c9 08 40 26 a5 a9
INFO - 93 b6 09 20 40 27 dd f7
INFO - 93 b6 49 40 40 23 f4 01
INFO - 93 b8 49 08 40 26 a5 a9
INFO - 93 b8 89 20 40 27 dd f7
INFO - 93 b8 c9 40 40 20 04 fc
INFO - 93 ba c9 08 40 26 a5 a9
INFO - 93 ba 09 20 40 27 dd f7
INFO - 93 ba 49 40 40 23 f0 01
INFO - 93 bc 49 08 40 26 a5 a9
INFO - 93 bc 89 20 40 27 dd f7
INFO - 93 bc c9 40 40 20 04 fc
INFO - 93 be c9 08 40 26 a5 a9
INFO - 93 be 09 20 40 27 dd f7
INFO - 93 be 49 40 40 23 f0 fd
INFO - 93 c0 49 08 40 26 a5 a9
INFO - 93 c0 89 20 40 27 dd f7
INFO - 93 c0 c9 40 40 23 f4 01
INFO - 93 c2 c9 08 40 26 a5 a9
INFO - 93 c2 09 20 40 27 dd f7
INFO - 93 c2 49 40 40 20 04 fc
INFO - 93 c4 49 08 40 26 a5 a9
INFO - 93 c4 89 20 40 27 dd f7
INFO - 93 c4 c9 40 40 23 f0 00
INFO - 93 c6 c9 08 40 26 a5 a9
INFO - 93 c6 09 20 40 27 dd f7
INFO - 93 c6 49 40 40 20 00 01
INFO - 93 c8 49 08 40 26 a5 a9
INFO - 93 c8 89 20 40 27 dd f7
INFO - 93 c8 c9 40 40 20 04 fc
INFO - 93 ca c9 08 40 26 a6 06
INFO - 93 ca 09 20 40 27 dd f7
INFO - 93 ca 49 40 40 23 f0 01
INFO - 93 cc 49 08 40 28 1a 23
INFO - 93 cc 89 20 40 27 dd f7
INFO - 93 cc c9 40 40 20 04 fc
INFO - 93 ce c9 08 40 28 8e 23
INFO - 93 ce 09 20 40 27 dd f7
INFO - 93 ce 49 40 40 23 f0 00
INFO - 93 d0 49 08 40 28 8e 23
INFO - 93 d0 89 20 40 27 dd f7
INFO - 93 d0 c9 40 40 20 00 01
INFO - 93 d2 c9 08 40 28 8e 23
INFO - 93 d2 09 20 40 27 dd f5
INFO - 93 d2 49 40 40 20 04 fc
INFO - 93 d4 49 08 40 28 8e 23
INFO - 93 d4 89 20 40 27 d5 f5
INFO - 93 d4 c9 40 40 23 f0 01
INFO - 93 d6 c9 08 40 28 8e 23
INFO - 93 d6 09 20 40 27 d5 f5
INFO - 93 d6 49 40 40 20 04 fc
INFO - 93 d8 49 08 40 28 8e 23
INFO - 93 d8 89 20 40 27 d5 f5
INFO - 93 d8 c9 40 40 23 f0 00
INFO - 93 da c9 08 40 28 8e 23
INFO - 93 da 09 20 40 27 d5 f7
INFO - 93 da 49 40 40 20 00 01
INFO - 93 dc 49 08 40 28 8e 23
INFO - 93 dc 89 20 40 27 dd f7
INFO - 93 dc c9 40 40 20 04 fc
INFO - 93 de c9 08 40 28 8e 23
INFO - 93 de 09 20 40 27 dd f9
INFO - 93 de 49 40 40 23 f0 01
INFO - 93 e0 49 08 40 28 8e 23
INFO - 93 e0 89 20 40 27 e5 f9
INFO - 93 e0 c9 40 40 20 04 fc
INFO - 93 e2 c9 08 40 28 8e 23
INFO - 93 e2 09 20 40 27 e5 f7
INFO - 93 e2 49 40 40 23 f0 00
INFO - 93 e4 49 08 40 28 8e 23
INFO - 93 e4 89 20 40 27 dd f7
INFO - 93 e4 c9 40 40 20 00 01
INFO - 93 e6 c9 08 40 28 8e 68
INFO - 93 e6 09 20 40 27 dd f7
INFO - 93 e6 49 40 40 20 04 fc
INFO - 93 e8 49 08 40 29 a2 73
INFO - 93 e8 89 20 40 27 dd f7
INFO - 93 e8 c9 40 40 23 f0 fd
INFO - 93 ea c9 08 40 29 ce 73
INFO - 93 ea 09 20 40 27 dd f7
INFO - 93 ea 49 40 40 23 f4 01
INFO - 93 ec 49 08 40 29 ce 73
INFO - 93 ec 89 20 40 27 dd f7
INFO - 93 ec c9 40 40 20 04 fc
INFO - 93 ee c9 08 40 29 ce 73
INFO - 93 ee 09 20 40 27 dd f5
INFO - 93 ee 49 40 40 23 f0 00
INFO - 93 f0 49 08 40 29 ce 73
INFO - 93 f0 89 20 40 27 d5 f5
INFO - 93 f0 c9 40 40 20 00 01
INFO - 93 f2 c9 08 40 29 ce 73
INFO - 93 f2 09 20 40 27 d5 f7
INFO - 93 f2 49 40 40 20 04 fc
INFO - 93 f4 49 08 40 29 ce 73
INFO - 93 f4 89 20 40 27 dd f7
INFO - 93 f4 c9 40 40 23 f0 fd
INFO - 93 f6 c9 08 40 29 ce 73
INFO - 93 f6 09 20 40 27 dd f9
INFO - 93 f6 49 40 40 23 f4 01
INFO - 93 f8 49 08 40 29 ce 0d
INFO - 93 f8 89 20 40 27 e5 f9
INFO - 93 f8 c9 40 40 20 04 fc
INFO - 93 fa c9 08 40 28 35 f0
INFO - 93 fa 09 20 40 27 e5 f7
INFO - 93 fa 49 40 40 23 f0 01
INFO - 93 fc 49 08 40 27 c1 f0
INFO - 93 fc 89 20 40 27 dd f7
INFO - 93 fc c9 40 40 20 04 fc
INFO - 93 fe c9 08 40 27 c1 f0
INFO - 93 fe 09 20 40 27 dd f7
INFO - 93 fe 49 40 40 23 f0 00
INFO - 94 00 49 08 40 27 c1 f0
INFO - 94 00 89 20 40 27 dd f5
INFO - 94 00 c9 40 40 20 00 01
INFO - 94 02 c9 08 40 27 c1 f0
INFO - 94 02 09 20 40 27 d5 f5
INFO - 94 02 49 40 40 20 04 fc
INFO - 94 04 49 08 40 27 c1 f0
INFO - 94 04 89 20 40 27 d5 f3
INFO - 94 04 c9 40 40 23 f0 01
INFO - 94 06 c9 08 40 27 c1 f0
INFO - 94 06 09 20 40 27 cd f3
INFO - 94 06 49 40 40 20 04 fc
INFO - 94 08 49 08 40 27 c1 f0
INFO - 94 08 89 20 40 27 cd f5
INFO - 94 08 c9 40 40 23 f0 00
INFO - 94 0a c9 08 40 27 c1 f0
INFO - 94 0a 09 20 40 27 d5 f5
INFO - 94 0a 49 40 40 20 00 01
INFO - 94 0c 49 08 40 27 c1 f0
INFO - 94 0c 89 20 40 27 d5 f7
INFO - 94 0c c9 40 40 20 04 fc
INFO - 94 0e c9 08 40 27 c1 f0
INFO - 94 0e 09 20 40 27 dd f7
INFO - 94 0e 49 40 40 23 f0 fd
INFO - 94 10 49 08 40 27 c1 f0
INFO - 94 10 89 20 40 27 dd f7
INFO - 94 10 c9 40 40 23 f4 01
INFO - 94 12 c9 08 40 27 c1 f0
INFO - 94 12 09 20 40 27 dd f9
INFO - 94 12 49 40 40 20 04 fc
INFO - 94 14 49 08 40 27 c1 f0
INFO - 94 14 89 20 40 27 e5 f9
INFO - 94 14 c9 40 40 23 f0 00
INFO - 94 16 c9 08 40 27 c1 f0
INFO - 94 16 09 20 40 27 e5 fb
INFO - 94 16 49 40 40 20 00 01
INFO - 94 18 49 08 40 27 c1 f6
INFO - 94 18 89 20 40 27 ed fb
INFO - 94 18 c9 40 40 20 04 fc
INFO - 94 1a c9 08 40 27 d9 f8
INFO - 94 1a 09 20 40 27 ed f9
INFO - 94 1a 49 40 40 23 f0 00
INFO - 94 1c 49 08 40 27 e1 f8
INFO - 94 1c 89 20 40 27 e5 f9
INFO - 94 1c c9 40 40 20 00 01
INFO - 94 1e c9 08 40 27 e1 f8
INFO - 94 1e 09 20 40 27 e5 f9
INFO - 94 1e 49 40 40 20 04 fc
INFO - 94 20 49 08 40 27 e1 f8
INFO - 94 20 89 20 40 27 e5 f9
INFO - 94 20 c9 40 40 23 f0 01
INFO - 94 22 c9 08 40 27 e1 f8
INFO - 94 22 09 20 40 27 e5 f9
INFO - 94 22 49 40 40 20 04 fc
INFO - 94 24 49 08 40 27 e1 f8
INFO - 94 24 89 20 40 27 e5 f9
INFO - 94 24 c9 40 40 23 f0 fd
INFO - 94 26 c9 08 40 27 e1 f8
INFO - 94 26 09 20 40 27 e5 f7
INFO - 94 26 49 40 40 23 f4 01
INFO - 94 28 49 08 40 27 e1 f8
INFO - 94 28 89 20 40 27 dd f5
INFO - 94 28 c9 40 40 20 04 fc
INFO - 94 2a c9 08 40 27 e1 f8
INFO - 94 2a 09 20 40 27 d5 f5
INFO - 94 2a 49 40 40 23 f0 01
INFO - 94 2c 49 08 40 27 e1 f8
INFO - 94 2c 89 20 40 27 d5 f5
INFO - 94 2c c9 40 40 20 04 fc
INFO - 94 2e c9 08 40 27 e1 f8
INFO - 94 2e 09 20 40 27 d5 f5
INFO - 94 2e 49 40 40 23 f0 00
INFO - 94 30 49 08 40 27 e1 f8
INFO - 94 30 89 20 40 27 d5 f5
INFO - 94 30 c9 40 40 20 00 01
INFO - 94 32 c9 08 40 27 e1 f8
INFO - 94 32 09 20 40 27 d5 f5
INFO - 94 32 49 40 40 20 04 fc
INFO - 94 34 49 08 40 27 e1 f8
INFO - 94 34 89 20 40 27 d5 f7
INFO - 94 34 c9 40 40 23 f0 fd
INFO - 94 36 c9 08 40 27 e1 e6
INFO - 94 36 09 20 40 27 dd f7
INFO - 94 36 49 40 40 23 f4 01
INFO - 94 38 49 08 40 27 99 e2
INFO - 94 38 89 20 40 27 dd f7
INFO - 94 38 c9 40 40 20 04 fc
INFO - 94 3a c9 08 40 27 89 e2
INFO - 94 3a 09 20 40 27 dd f7
INFO - 94 3a 49 40 40 23 f0 fd
INFO - 94 3c 49 08 40 27 89 e2
INFO - 94 3c 89 20 40 27 dd f7
INFO - 94 3c c9 40 40 23 f4 01
INFO - 94 3e c9 08 40 27 89 e2
INFO - 94 3e 09 20 40 27 dd f5
INFO - 94 3e 49 40 40 20 04 fc
INFO - 94 40 49 08 40 27 89 e2
INFO - 94 40 89 20 40 27 d5 f5
INFO - 94 40 c9 40 40 23 f0 00
INFO - 94 42 c9 08 40 27 89 e2
INFO - 94 42 09 20 40 27 d5 f5
INFO - 94 42 49 40 40 20 00 01
INFO - 94 44 49 08 40 27 89 e2
INFO - 94 44 89 20 40 27 d5 f5
INFO - 94 44 c9 40 40 20 04 fc
INFO - 94 46 c9 08 40 27 89 e2
INFO - 94 46 09 20 40 27 d5 f5
INFO - 94 46 49 40 40 23 f0 fd
INFO - 94 48 49 08 40 27 89 e2
INFO - 94 48 89 20 40 27 d5 f5
INFO - 94 48 c9 40 40 23 f4 01
INFO - 94 4a c9 08 40 27 89 e2
INFO - 94 4a 09 20 40 27 d5 f7
INFO - 94 4a 49 40 40 20 04 fc
INFO - 94 4c 49 08 40 27 89 e2
INFO - 94 4c 89 20 40 27 dd f9
INFO - 94 4c c9 40 40 23 f0 01
INFO - 94 4e c9 08 40 27 89 e5
INFO - 94 4e 09 20 40 27 e5 f7
INFO - 94 4e 49 40 40 20 04 fc
INFO - 94 50 49 08 40 07 95 e5
INFO - 94 50 89 20 40 07 dd f7
INFO - 94 50 c9 40 40 03 f0 46
INFO - 94 a9 89 08 40 26 c1 d0
INFO - 94 a9 c9 20 40 27 e5 f7
INFO - 94 a9 09 40 40 21 18 b7
INFO - 94 ab 09 08 40 27 41 e4
INFO - 94 ab 49 20 40 27 dd f7
INFO - 94 ab 89 40 40 22 dc 00
INFO - 94 ad 89 08 40 27 91 ed
INFO - 94 ad c9 20 40 27 dd f7
INFO - 94 ad 09 40 40 20 00 fd
INFO - 94 af 09 08 40 27 b5 f3
INFO - 94 af 49 20 40 27 dd f5
INFO - 94 af 89 40 40 23 f4 01
INFO - 94 b1 89 08 40 27 cd f6
INFO - 94 b1 c9 20 40 27 d5 f5
INFO - 94 b1 09 40 40 20 04 fc
INFO - 94 b3 09 08 40 27 d9 f9
INFO - 94 b3 49 20 40 27 d5 f5
INFO - 94 b3 89 40 40 23 f0 00
INFO - 94 b5 89 08 40 27 e5 fa
INFO - 94 b5 c9 20 40 27 d5 f5
INFO - 94 b5 09 40 40 20 00 01
INFO - 94 b7 09 08 40 27 e9 fc
INFO - 94 b7 49 20 40 27 d5 f5
INFO - 94 b7 89 40 40 20 04 fc
INFO - 94 b9 89 08 40 27 f1 fd
INFO - 94 b9 c9 20 40 27 d5 f5
INFO - 94 b9 09 40 40 23 f0 00
INFO - 94 bb 09 08 40 27 f5 ff
INFO - 94 bb 49 20 40 27 d5 f5
INFO - 94 bb 89 40 40 20 00 01
INFO - 94 bd 89 08 40 27 fd ff
INFO - 94 bd c9 20 40 27 d5 f5
INFO - 94 bd 09 40 40 20 04 fc
INFO - 94 bf 09 08 40 27 fe 00
INFO - 94 bf 49 20 40 27 d5 f5
INFO - 94 bf 89 40 40 23 f0 fd
INFO - 94 c1 89 08 40 28 02 02
INFO - 94 c1 c9 20 40 27 d5 f7
INFO - 94 c1 09 40 40 23 f4 01
INFO - 94 c3 09 08 40 28 0a 04
INFO - 94 c3 49 20 40 27 dd f7
INFO - 94 c3 89 40 40 20 04 fc
INFO - 94 c5 89 08 40 28 12 08
INFO - 94 c5 c9 20 40 27 dd f7
INFO - 94 c5 09 40 40 23 f0 00
INFO - 94 c7 09 08 40 28 22 0e
INFO - 94 c7 49 20 40 27 dd f9
INFO - 94 c7 89 40 40 20 00 01
INFO - 94 c9 89 08 40 28 3a 1c
INFO - 94 c9 c9 20 40 27 e5 fb
INFO - 94 c9 09 40 40 20 04 fc
INFO - 94 cb 09 08 40 08 72 1c
INFO - 94 cb 49 20 40 07 ed fb
INFO - 94 cb 89 40 40 03 f0 45
INFO - 94 f0 09 08 40 27 91 f0
INFO - 94 f0 49 20 40 27 fd ff
INFO - 94 f0 89 40 40 21 14 b9
INFO - 94 f2 89 08 40 27 c1 f5
INFO - 94 f2 c9 20 40 27 fd ff
INFO - 94 f2 09 40 40 22 e4 fc
INFO - 94 f4 09 08 40 27 d5 f8
INFO - 94 f4 49 20 40 27 fd ff
INFO - 94 f4 89 40 40 23 f0 01
INFO - 94 f6 89 08 40 27 e1 fa
INFO - 94 f6 c9 20 40 27 fd ff
INFO - 94 f6 09 40 40 20 04 fc
INFO - 94 f8 09 08 40 27 e9 fb
INFO - 94 f8 49 20 40 27 fd ff
INFO - 94 f8 89 40 40 23 f0 00
INFO - 94 fa 89 08 40 27 ed fc
INFO - 94 fa c9 20 40 27 fd ff
INFO - 94 fa 09 40 40 20 00 01
INFO - 94 fc 09 08 40 27 f1 fd
INFO - 94 fc 49 20 40 27 fd ff
INFO - 94 fc 89 40 40 20 04 fc
INFO - 94 fe 89 08 40 27 f5 fd
INFO - 94 fe c9 20 40 27 fd ff
INFO - 94 fe 09 40 40 23 f0 01
INFO - 95 00 09 08 40 27 f5 fe
INFO - 95 00 49 20 40 27 fd ff
INFO - 95 00 89 40 40 20 04 fc
INFO - 95 02 89 08 40 27 f9 fe
INFO - 95 02 c9 20 40 27 fd ff
INFO - 95 02 09 40 40 23 f0 fd
INFO - 95 04 09 08 40 27 f9 fe
INFO - 95 04 49 20 40 27 fd ff
INFO - 95 04 89 40 40 23 f4 01
INFO - 95 06 89 08 40 27 f9 ff
INFO - 95 06 c9 20 40 27 fd fd
INFO - 95 06 09 40 40 20 04 fc
INFO - 95 08 09 08 40 27 fd ff
INFO - 95 08 49 20 40 27 f5 fd
INFO - 95 08 89 40 40 23 f0 01
INFO - 95 0a 89 08 40 27 fd ff
INFO - 95 0a c9 20 40 27 f5 fd
INFO - 95 0a 09 40 40 20 04 fc
INFO - 95 0c 09 08 40 27 fd ff
INFO - 95 0c 49 20 40 27 f5 fd
INFO - 95 0c 89 40 40 23 f0 00
INFO - 95 0e 89 08 40 27 fd ff
INFO - 95 0e c9 20 40 27 f5 fd
INFO - 95 0e 09 40 40 20 00 01
INFO - 95 10 09 08 40 27 fd ff
INFO - 95 10 49 20 40 27 f5 fd
INFO - 95 10 89 40 40 20 04 fc
INFO - 95 12 89 08 40 27 fd ff
INFO - 95 12 c9 20 40 27 f5 fd
INFO - 95 12 09 40 40 23 f0 00
INFO - 95 14 09 08 40 27 fd ff
INFO - 95 14 49 20 40 27 f5 fd
INFO - 95 14 89 40 40 20 00 01
INFO - 95 16 89 08 40 27 fd ff
INFO - 95 16 c9 20 40 27 f5 fd
INFO - 95 16 09 40 40 20 04 fc
INFO - 95 18 09 08 40 27 fd ff
INFO - 95 18 49 20 40 27 f5 fd
INFO - 95 18 89 40 40 23 f0 00
INFO - 95 1a 89 08 40 27 fd ff
INFO - 95 1a c9 20 40 27 f5 fd
INFO - 95 1a 09 40 40 20 00 01
INFO - 95 1c 09 08 40 27 fd ff
INFO - 95 1c 49 20 40 27 f5 fd
INFO - 95 1c 89 40 40 20 04 fc
INFO - 95 1e 89 08 40 27 fe 00
INFO - 95 1e c9 20 40 27 f5 fd
INFO - 95 1e 09 40 40 23 f0 01
INFO - 95 20 09 08 40 28 02 00
INFO - 95 20 49 20 40 27 f5 fd
INFO - 95 20 89 40 40 20 04 fc
INFO - 95 22 89 08 40 28 02 00
INFO - 95 22 c9 20 40 27 f5 ff
INFO - 95 22 09 40 40 23 f0 fd
INFO - 95 24 09 08 40 28 02 00
INFO - 95 24 49 20 40 27 fd ff
INFO - 95 24 89 40 40 23 f4 01
INFO - 95 26 89 08 40 28 02 01
INFO - 95 26 c9 20 40 27 fd ff
INFO - 95 26 09 40 40 20 04 fc
INFO - 95 28 09 08 40 28 06 01
INFO - 95 28 49 20 40 27 fd ff
INFO - 95 28 89 40 40 23 f0 00
INFO - 95 2a 89 08 40 28 06 02
INFO - 95 2a c9 20 40 27 fd ff
INFO - 95 2a 09 40 40 20 00 01
INFO - 95 2c 09 08 40 28 0a 02
INFO - 95 2c 49 20 40 27 fd ff
INFO - 95 2c 89 40 40 20 04 fc
INFO - 95 2e 89 08 40 28 0a 03
INFO - 95 2e c9 20 40 27 fd ff
INFO - 95 2e 09 40 40 23 f0 01
INFO - 95 30 09 08 40 28 0e 03
INFO - 95 30 49 20 40 27 fd ff
INFO - 95 30 89 40 40 20 04 fc
INFO - 95 32 89 08 40 28 0e 04
INFO - 95 32 c9 20 40 27 fd ff
INFO - 95 32 09 40 40 23 f0 00
INFO - 95 34 09 08 40 28 12 06
INFO - 95 34 49 20 40 27 fd ff
INFO - 95 34 89 40 40 20 00 01
INFO - 95 36 89 08 40 28 1a 08
INFO - 95 36 c9 20 40 27 fd ff
INFO - 95 36 09 40 40 20 04 fc
INFO - 95 38 09 08 40 28 22 0b
INFO - 95 38 49 20 40 27 fd ff
INFO - 95 38 89 40 40 23 f0 fd
INFO - 95 3a 89 08 40 28 2e 10
INFO - 95 3a c9 20 40 27 fd ff
INFO - 95 3a 09 40 40 23 f4 01
INFO - 95 3c 09 08 40 28 42 17
INFO - 95 3c 49 20 40 27 fd ff
INFO - 95 3c 89 40 40 20 04 fc
INFO - 95 3e 89 08 40 28 5e 2a
INFO - 95 3e c9 20 40 27 fd ff
INFO - 95 3e 09 40 40 23 f0 00
INFO - 95 40 09 08 40 28 aa 3c
INFO - 95 40 49 20 40 27 fd ff
INFO - 95 40 89 40 40 20 00 01
INFO - 95 42 89 08 40 08 f2 3c
INFO - 95 42 c9 20 40 07 fd ff
INFO - 95 42 09 40 40 00 04 44
INFO - b5 70 c9 40 57 00 00 02
INFO - b5 70 09 40 57 00 00 02
INFO - b5 70 49 40 57 00 00 02
INFO - b5 70 89 40 57 00 00 02
INFO - 95 f3 c9 08 40 27 6d e4
INFO - 95 f3 09 20 40 27 f5 ff
INFO - 95 f3 49 40 40 21 10 b7
INFO - 95 f5 49 08 40 27 91 e4
INFO - 95 f5 89 20 40 27 fd ff
INFO - 95 f5 c9 40 40 22 dc 00
INFO - 95 f7 c9 08 40 27 91 e4
INFO - 95 f7 09 20 40 27 fd ff
INFO - 95 f7 49 40 40 20 00 01
INFO - 95 f9 49 08 40 27 91 e4
INFO - 95 f9 89 20 40 27 fe 01
INFO - 95 f9 c9 40 40 20 04 fc
INFO - 95 fb c9 08 40 27 91 e4
INFO - 95 fb 09 20 40 28 05 ff
INFO - 95 fb 49 40 40 23 f0 fd
INFO - 95 fd 49 08 40 27 91 e4
INFO - 95 fd 89 20 40 27 fd ff
INFO - 95 fd c9 40 40 23 f4 01
INFO - 95 ff c9 08 40 27 91 e4
INFO - 95 ff 09 20 40 27 fd ff
INFO - 95 ff 49 40 40 20 04 fc
INFO - 96 01 49 08 40 27 91 e4
INFO - 96 01 89 20 40 27 fd ff
INFO - 96 01 c9 40 40 23 f0 00
INFO - 96 03 c9 08 40 27 91 e4
INFO - 96 03 09 20 40 27 fd ff
INFO - 96 03 49 40 40 20 00 01
INFO - 96 05 49 08 40 27 91 e4
INFO - 96 05 89 20 40 27 fd ff
INFO - 96 05 c9 40 40 20 04 fc
INFO - 96 07 c9 08 40 27 91 e4
INFO - 96 07 09 20 40 27 fd ff
INFO - 96 07 49 40 40 23 f0 fd
INFO - 96 09 49 08 40 27 91 e4
INFO - 96 09 89 20 40 27 fd ff
INFO - 96 09 c9 40 40 23 f4 01
INFO - 96 0b c9 08 40 27 91 e4
INFO - 96 0b 09 20 40 27 fd ff
INFO - 96 0b 49 40 40 20 04 fc
INFO - 96 0d 49 08 40 27 91 e4
INFO - 96 0d 89 20 40 27 fd ff
INFO - 96 0d c9 40 40 23 f0 01
INFO - 96 0f c9 08 40 27 91 e4
INFO - 96 0f 09 20 40 27 fd ff
INFO - 96 0f 49 40 40 20 04 fc
INFO - 96 11 49 08 40 27 91 e4
INFO - 96 11 89 20 40 27 fd ff
INFO - 96 11 c9 40 40 23 f0 00
INFO - 96 13 c9 08 40 27 91 e4
INFO - 96 13 09 20 40 27 fd ff
INFO - 96 13 49 40 40 20 00 01
INFO - 96 15 49 08 40 27 91 e4
INFO - 96 15 89 20 40 27 fd ff
INFO - 96 15 c9 40 40 20 04 fc
INFO - 96 17 c9 08 40 27 91 e4
INFO - 96 17 09 20 40 27 fd ff
INFO - 96 17 49 40 40 23 f0 fd
INFO - 96 19 49 08 40 27 91 e4
INFO - 96 19 89 20 40 27 fd ff
INFO - 96 19 c9 40 40 23 f4 01
INFO - 96 1b c9 08 40 27 91 e4
INFO - 96 1b 09 20 40 27 fd ff
INFO - 96 1b 49 40 40 20 04 fc
INFO - 96 1d 49 08 40 27 91 e4
INFO - 96 1d 89 20 40 27 fd ff
INFO - 96 1d c9 40 40 23 f0 01
INFO - 96 1f c9 08 40 27 91 e4
INFO - 96 1f 09 20 40 27 fd ff
INFO - 96 1f 49 40 40 20 04 fc
INFO - 96 21 49 08 40 27 91 e4
INFO - 96 21 89 20 40 27 fe 01
INFO - 96 21 c9 40 40 23 f0 00
INFO - 96 23 c9 08 40 27 91 e4
INFO - 96 23 09 20 40 28 06 01
INFO - 96 23 49 40 40 20 00 01
INFO - 96 25 49 08 40 27 91 e4
INFO - 96 25 89 20 40 28 06 03
INFO - 96 25 c9 40 40 20 04 fc
INFO - 96 27 c9 08 40 27 91 e4
INFO - 96 27 09 20 40 28 0e 03
INFO - 96 27 49 40 40 23 f0 fd
INFO - 96 29 49 08 40 27 91 e4
INFO - 96 29 89 20 40 28 0e 01
INFO - 96 29 c9 40 40 23 f4 01
INFO - 96 2b c9 08 40 27 92 09
INFO - 96 2b 09 20 40 28 06 01
INFO - 96 2b 49 40 40 20 04 fc
INFO - 96 2d 49 08 40 28 26 13
INFO - 96 2d 89 20 40 28 06 01
INFO - 96 2d c9 40 40 23 f0 01
INFO - 96 2f c9 08 40 28 4e 13
INFO - 96 2f 09 20 40 28 06 01
INFO - 96 2f 49 40 40 20 04 fc
INFO - 96 31 49 08 40 28 4e 13
INFO - 96 31 89 20 40 28 06 01
INFO - 96 31 c9 40 40 23 f0 fd
INFO - 96 33 c9 08 40 28 4e 13
INFO - 96 33 09 20 40 28 06 01
INFO - 96 33 49 40 40 23 f4 01
INFO - 96 35 49 08 40 28 4e 13
INFO - 96 35 89 20 40 28 05 ff
INFO - 96 35 c9 40 40 20 04 fc
INFO - 96 37 c9 08 40 28 4e 13
INFO - 96 37 09 20 40 27 fd ff
INFO - 96 37 49 40 40 23 f0 01
INFO - 96 39 49 08 40 28 4e 13
INFO - 96 39 89 20 40 27 fd ff
INFO - 96 39 c9 40 40 20 04 fc
INFO - 96 3b c9 08 40 28 4e 13
INFO - 96 3b 09 20 40 27 fd ff
INFO - 96 3b 49 40 40 23 f0 fd
INFO - 96 3d 49 08 40 28 4e 13
INFO - 96 3d 89 20 40 27 fd ff
INFO - 96 3d c9 40 40 23 f4 01
INFO - 96 3f c9 08 40 28 4e 13
INFO - 96 3f 09 20 40 27 fd ff
INFO - 96 3f 49 40 40 20 04 fc
INFO - 96 41 49 08 40 28 4e 13
INFO - 96 41 89 20 40 27 fd ff
INFO - 96 41 c9 40 40 23 f0 00
INFO - 96 43 c9 08 40 28 4e 13
INFO - 96 43 09 20 40 27 fe 01
INFO - 96 43 49 40 40 20 00 01
INFO - 96 45 49 08 40 28 4e 13
INFO - 96 45 89 20 40 28 06 01
INFO - 96 45 c9 40 40 20 04 fc
INFO - 96 47 c9 08 40 28 4e 13
INFO - 96 47 09 20 40 28 06 01
INFO - 96 47 49 40 40 23 f0 01
INFO - 96 49 49 08 40 28 4e 13
INFO - 96 49 89 20 40 28 06 01
INFO - 96 49 c9 40 40 20 04 fc
INFO - 96 4b c9 08 40 28 4e 4f
INFO - 96 4b 09 20 40 28 06 01
INFO - 96 4b 49 40 40 23 f0 01
INFO - 96 4d 49 08 40 29 3e 58
INFO - 96 4d 89 20 40 28 06 01
INFO - 96 4d c9 40 40 20 04 fc
INFO - 96 4f c9 08 40 29 62 58
INFO - 96 4f 09 20 40 28 06 01
INFO - 96 4f 49 40 40 23 f0 00
INFO - 96 51 49 08 40 29 62 58
INFO - 96 51 89 20 40 28 06 03
INFO - 96 51 c9 40 40 20 00 01
INFO - 96 53 c9 08 40 29 62 58
INFO - 96 53 09 20 40 28 0e 03
INFO - 96 53 49 40 40 20 04 fc
INFO - 96 55 49 08 40 29 62 58
INFO - 96 55 89 20 40 28 0e 03
INFO - 96 55 c9 40 40 23 f0 fd
INFO - 96 57 c9 08 40 29 62 58
INFO - 96 57 09 20 40 28 0e 03
INFO - 96 57 49 40 40 23 f4 01
INFO - 96 59 49 08 40 29 62 58
INFO - 96 59 89 20 40 28 0e 01
INFO - 96 59 c9 40 40 20 04 fc
INFO - 96 5b c9 08 40 29 62 58
INFO - 96 5b 09 20 40 28 06 01
INFO - 96 5b 49 40 40 23 f0 01
INFO - 96 5d 49 08 40 29 62 58
INFO - 96 5d 89 20 40 28 06 01
INFO - 96 5d c9 40 40 20 04 fc
INFO - 96 5f c9 08 40 29 62 58
INFO - 96 5f 09 20 40 28 06 01
INFO - 96 5f 49 40 40 23 f0 fd
INFO - 96 61 49 08 40 29 62 0f
INFO - 96 61 89 20 40 28 06 01
INFO - 96 61 c9 40 40 23 f4 01
INFO - 96 63 c9 08 40 28 3d fa
INFO - 96 63 09 20 40 28 06 01
INFO - 96 63 49 40 40 20 04 fc
INFO - 96 65 49 08 40 27 e9 fa
INFO - 96 65 89 20 40 28 06 01
INFO - 96 65 c9 40 40 23 f0 00
INFO - 96 67 c9 08 40 27 e9 fa
INFO - 96 67 09 20 40 28 06 01
INFO - 96 67 49 40 40 20 00 01
INFO - 96 69 49 08 40 27 e9 fa
INFO - 96 69 89 20 40 28 06 01
INFO - 96 69 c9 40 40 20 04 fc
INFO - 96 6b c9 08 40 27 e9 fa
INFO - 96 6b 09 20 40 28 06 01
INFO - 96 6b 49 40 40 23 f0 00
INFO - 96 6d 49 08 40 27 e9 fa
INFO - 96 6d 89 20 40 28 06 03
INFO - 96 6d c9 40 40 20 00 01
INFO - 96 6f c9 08 40 27 e9 fa
INFO - 96 6f 09 20 40 28 0e 03
INFO - 96 6f 49 40 40 20 04 fc
INFO - 96 71 49 08 40 27 e9 fa
INFO - 96 71 89 20 40 28 0e 05
INFO - 96 71 c9 40 40 23 f0 fd
INFO - 96 73 c9 08 40 27 e9 fa
INFO - 96 73 09 20 40 28 16 05
INFO - 96 73 49 40 40 23 f4 01
INFO - 96 75 49 08 40 27 e9 fa
INFO - 96 75 89 20 40 28 16 03
INFO - 96 75 c9 40 40 20 04 fc
INFO - 96 77 c9 08 40 27 e9 fa
INFO - 96 77 09 20 40 28 0e 03
INFO - 96 77 49 40 40 23 f0 00
INFO - 96 79 49 08 40 27 e9 fa
INFO - 96 79 89 20 40 28 0e 01
INFO - 96 79 c9 40 40 20 00 01
INFO - 96 7b c9 08 40 27 e9 fa
INFO - 96 7b 09 20 40 28 06 01
INFO - 96 7b 49 40 40 20 04 fc
INFO - 96 7d 49 08 42 17 ea 0a
INFO - 96 7d 89 20 42 18 06 03
INFO - 96 7d c9 40 42 13 f0 00
INFO - 96 9e 49 08 40 28 2a 0a
INFO - 96 9e 89 20 40 28 0e 03
INFO - 96 9e c9 40 40 20 00 fd
INFO - 96 a0 c9 08 40 28 2a 0e
INFO - 96 a0 09 20 40 28 0e 05
INFO - 96 a0 49 40 40 23 f4 01
INFO - 96 a2 49 08 40 18 3a 0e
INFO - 96 a2 89 20 40 18 16 03
INFO - 96 a2 c9 40 40 10 04 fc
INFO - 96 a3 c9 08 40 38 3a 0e
INFO - 96 a3 09 20 40 38 0e 03
INFO - 96 a3 49 40 40 33 f0 01
INFO - 96 a6 49 08 40 18 3a 0e
INFO - 96 a6 89 20 40 18 0e 03
INFO - 96 a6 c9 40 40 10 04 fc
INFO - 96 a7 c9 08 40 38 3a 0e
INFO - 96 a7 09 20 40 38 0e 01
INFO - 96 a7 49 40 40 33 f0 00
INFO - 96 aa 49 08 40 18 3a 0e
INFO - 96 aa 89 20 40 18 06 01
INFO - 96 aa c9 40 40 10 00 01
INFO - 96 ab c9 08 40 38 3a 0e
INFO - 96 ab 09 20 40 38 06 01
INFO - 96 ab 49 40 40 30 04 fc
INFO - 96 ae 49 08 40 18 3a 0e
INFO - 96 ae 89 20 40 18 06 01
INFO - 96 ae c9 40 40 13 f0 01
INFO - 96 af c9 08 40 38 3a 0e
INFO - 96 af 09 20 40 38 06 01
INFO - 96 af 49 40 40 30 04 fc
INFO - 96 b2 49 08 40 18 3a 0e
INFO - 96 b2 89 20 40 18 06 03
INFO - 96 b2 c9 40 40 13 f0 fd
INFO - 96 b3 c9 08 40 38 3a 0e
INFO - 96 b3 09 20 40 38 0e 03
INFO - 96 b3 49 40 40 33 f4 01
INFO - 96 b6 49 08 40 28 3a 0e
INFO - 96 b6 89 20 40 28 0e 03
INFO - 96 b6 c9 40 40 20 04 fc
INFO - 96 b8 c9 08 40 28 3a 0e
INFO - 96 b8 09 20 40 28 0e 03
INFO - 96 b8 49 40 40 23 f0 fd
INFO - 96 ba 49 08 40 28 3a 0e
INFO - 96 ba 89 20 40 28 0e 01
INFO - 96 ba c9 40 40 23 f4 01
INFO - 96 bc c9 08 40 28 3a 13
INFO - 96 bc 09 20 40 28 06 01
INFO - 96 bc 49 40 40 20 04 fc
INFO - 96 be 49 08 40 28 4e 14
INFO - 96 be 89 20 40 28 06 03
INFO - 96 be c9 40 40 23 f0 01
INFO - 96 c0 c9 08 40 18 52 14
INFO - 96 c0 09 20 40 18 0e 03
INFO - 96 c0 49 40 40 10 04 fc
INFO - 96 c1 49 08 40 38 52 14
INFO - 96 c1 89 20 40 38 0e 03
INFO - 96 c1 c9 40 40 33 f0 00
INFO - 96 c4 c9 08 40 18 52 14
INFO - 96 c4 09 20 40 18 0e 03
INFO - 96 c4 49 40 40 10 00 01
INFO - 96 c5 49 08 40 38 52 14
INFO - 96 c5 89 20 40 38 0e 03
INFO - 96 c5 c9 40 40 30 04 fc
INFO - 96 c8 c9 08 40 28 52 14
INFO - 96 c8 09 20 40 28 0e 03
INFO - 96 c8 49 40 40 23 f0 fd
INFO - 96 ca 49 08 40 28 52 14
INFO - 96 ca 89 20 40 28 0e 03
INFO - 96 ca c9 40 40 23 f4 01
INFO - 96 cc c9 08 40 18 52 14
INFO - 96 cc 09 20 40 18 0e 03
INFO - 96 cc 49 40 40 10 04 fc
INFO - 96 cd 49 08 40 38 52 14
INFO - 96 cd 89 20 40 38 0e 01
INFO - 96 cd c9 40 40 33 f0 01
INFO - 96 d0 c9 08 40 18 52 14
INFO - 96 d0 09 20 40 18 06 01
INFO - 96 d0 49 40 40 10 04 fc
INFO - 96 d1 49 08 40 38 52 14
INFO - 96 d1 89 20 40 38 06 01
INFO - 96 d1 c9 40 40 33 f0 01
INFO - 96 d4 c9 08 40 18 52 14
INFO - 96 d4 09 20 40 18 06 03
INFO - 96 d4 49 40 40 10 04 fc
INFO - 96 d5 49 08 40 38 52 14
INFO - 96 d5 89 20 40 38 0e 03
INFO - 96 d5 c9 40 40 33 f0 00
INFO - 96 d8 c9 08 40 18 52 14
INFO - 96 d8 09 20 40 18 0e 03
INFO - 96 d8 49 40 40 10 00 01
INFO - 96 d9 49 08 40 38 52 14
INFO - 96 d9 89 20 40 38 0d ff
INFO - 96 d9 c9 40 40 30 04 fc
INFO - 96 dc c9 08 40 18 52 0b
INFO - 96 dc 09 20 40 17 fd ff
INFO - 96 dc 49 40 40 13 f0 fd
INFO - 96 dd 49 08 40 28 2e 09
INFO - 96 dd 89 20 40 27 fd ff
INFO - 96 dd c9 40 40 23 f4 01
INFO - 96 df c9 08 40 28 26 09
INFO - 96 df 09 20 40 27 fd ff
INFO - 96 df 49 40 40 20 04 fc
INFO - 96 e1 49 08 40 28 26 09
INFO - 96 e1 89 20 40 27 fe 01
INFO - 96 e1 c9 40 40 23 f0 fd
INFO - 96 e3 c9 08 40 28 26 09
INFO - 96 e3 09 20 40 28 06 01
INFO - 96 e3 49 40 40 23 f4 01
INFO - 96 e5 49 08 40 28 26 09
INFO - 96 e5 89 20 40 28 06 03
INFO - 96 e5 c9 40 40 20 04 fc
INFO - 96 e7 c9 08 40 28 26 09
INFO - 96 e7 09 20 40 28 0e 03
INFO - 96 e7 49 40 40 23 f0 00
INFO - 96 e9 49 08 40 38 26 09
INFO - 96 e9 89 20 40 38 0e 03
INFO - 96 e9 c9 40 40 30 00 01
INFO - 96 ec c9 08 40 18 26 09
INFO - 96 ec 09 20 40 18 0e 01
INFO - 96 ec 49 40 40 10 04 fc
INFO - 96 ed 49 08 40 38 26 09
INFO - 96 ed 89 20 40 38 06 01
INFO - 96 ed c9 40 40 33 f0 01
INFO - 96 f0 c9 08 40 18 26 09
INFO - 96 f0 09 20 40 18 06 01
INFO - 96 f0 49 40 40 10 04 fc
INFO - 96 f1 49 08 40 28 26 09
INFO - 96 f1 89 20 40 28 06 01
INFO - 96 f1 c9 40 40 23 f0 00
INFO - 96 f3 c9 08 40 28 26 09
INFO - 96 f3 09 20 40 28 06 01
INFO - 96 f3 49 40 40 20 00 01
INFO - 96 f5 49 08 40 28 26 09
INFO - 96 f5 89 20 40 28 06 01
INFO - 96 f5 c9 40 40 20 04 fc
INFO - 96 f7 c9 08 40 28 26 09
INFO - 96 f7 09 20 40 28 06 01
INFO - 96 f7 49 40 40 23 f0 00
INFO - 96 f9 49 08 40 28 25 dd
INFO - 96 f9 89 20 40 28 06 01
INFO - 96 f9 c9 40 40 20 00 01
INFO - 96 fb c9 08 40 27 75 d6
INFO - 96 fb 09 20 40 28 06 01
INFO - 96 fb 49 40 40 20 04 fc
INFO - 96 fd 49 08 40 27 59 d6
INFO - 96 fd 89 20 40 28 06 03
INFO - 96 fd c9 40 40 23 f0 fd
INFO - 96 ff c9 08 40 27 59 d6
INFO - 96 ff 09 20 40 28 0e 03
INFO - 96 ff 49 40 40 23 f4 01
INFO - 97 01 49 08 40 37 59 d6
INFO - 97 01 89 20 40 38 0e 03
INFO - 97 01 c9 40 40 30 04 fc
INFO - 97 04 c9 08 40 17 59 d6
INFO - 97 04 09 20 40 18 0e 03
INFO - 97 04 49 40 40 13 f0 fd
INFO - 97 05 49 08 40 37 59 d6
INFO - 97 05 89 20 40 38 0e 03
INFO - 97 05 c9 40 40 33 f4 01
INFO - 97 08 c9 08 40 17 59 d6
INFO - 97 08 09 20 40 18 0e 03
INFO - 97 08 49 40 40 10 04 fc
INFO - 97 09 49 08 40 27 59 d6
INFO - 97 09 89 20 40 28 0e 03
INFO - 97 09 c9 40 40 23 f0 01
INFO - 97 0b c9 08 40 27 59 d6
INFO - 97 0b 09 20 40 28 0e 03
INFO - 97 0b 49 40 40 20 04 fc
INFO - 97 0d 49 08 40 37 59 d6
INFO - 97 0d 89 20 40 38 0e 03
INFO - 97 0d c9 40 40 33 f0 00
INFO - 97 10 c9 08 40 17 59 d6
INFO - 97 10 09 20 40 18 0e 03
INFO - 97 10 49 40 40 10 00 01
INFO - 97 11 49 08 40 37 59 d6
INFO - 97 11 89 20 40 38 0e 03
INFO - 97 11 c9 40 40 30 04 fc
INFO - 97 14 c9 08 40 17 59 d6
INFO - 97 14 09 20 40 18 0e 01
INFO - 97 14 49 40 40 13 f0 fd
INFO - 97 15 49 08 40 27 59 d6
INFO - 97 15 89 20 40 28 06 01
INFO - 97 15 c9 40 40 23 f4 01
INFO - 97 17 c9 08 40 37 59 e6
INFO - 97 17 09 20 40 38 06 01
INFO - 97 17 49 40 40 30 04 fc
INFO - 97 1a 49 08 40 27 99 ea
INFO - 97 1a 89 20 40 28 06 01
INFO - 97 1a c9 40 40 23 f0 fd
INFO - 97 1c c9 08 40 27 a9 ea
INFO - 97 1c 09 20 40 28 06 01
INFO - 97 1c 49 40 40 23 f4 01
INFO - 97 1e 49 08 40 17 a9 ea
INFO - 97 1e 89 20 40 18 06 03
INFO - 97 1e c9 40 40 10 04 fc
INFO - 97 1f c9 08 40 37 a9 ea
INFO - 97 1f 09 20 40 38 0e 03
INFO - 97 1f 49 40 40 33 f0 00
INFO - 97 22 49 08 40 27 a9 ea
INFO - 97 22 89 20 40 28 0e 03
INFO - 97 22 c9 40 40 20 00 01
INFO - 97 24 c9 08 40 27 a9 ea
INFO - 97 24 09 20 40 28 0e 03
INFO - 97 24 49 40 40 20 04 fc
INFO - 97 26 49 08 40 27 a9 ea
INFO - 97 26 89 20 40 28 0e 03
INFO - 97 26 c9 40 40 23 f0 01
INFO - 97 28 c9 08 40 27 a9 ea
INFO - 97 28 09 20 40 28 0e 03
INFO - 97 28 49 40 40 20 04 fc
INFO - 97 2a 49 08 40 17 a9 ea
INFO - 97 2a 89 20 40 18 0e 03
INFO - 97 2a c9 40 40 13 f0 01
INFO - 97 2b c9 08 40 37 a9 ea
INFO - 97 2b 09 20 40 38 0e 03
INFO - 97 2b 49 40 40 30 04 fc
INFO - 97 2e 49 08 40 27 a9 ea
INFO - 97 2e 89 20 40 28 0e 03
INFO - 97 2e c9 40 40 23 f0 00
INFO - 97 30 c9 08 40 27 a9 ea
INFO - 97 30 09 20 40 28 0e 01
INFO - 97 30 49 40 40 20 00 01
INFO - 97 32 49 08 40 27 a9 ea
INFO - 97 32 89 20 40 28 06 01
INFO - 97 32 c9 40 40 20 04 fc
INFO - 97 34 c9 08 40 27 a9 ea
INFO - 97 34 09 20 40 28 06 01
INFO - 97 34 49 40 40 23 f0 fd
INFO - 97 36 49 08 40 27 a9 ea
INFO - 97 36 89 20 40 28 06 03
INFO - 97 36 c9 40 40 23 f4 01
INFO - 97 38 c9 08 40 27 aa 0b
INFO - 97 38 09 20 40 28 0e 03
INFO - 97 38 49 40 40 20 04 fc
INFO - 97 3a 49 08 40 28 2e 13
INFO - 97 3a 89 20 40 28 0e 01
INFO - 97 3a c9 40 40 23 f0 00
INFO - 97 3c c9 08 40 28 4e 13
INFO - 97 3c 09 20 40 28 06 01
INFO - 97 3c 49 40 40 20 00 01
INFO - 97 3e 49 08 40 28 4e 13
INFO - 97 3e 89 20 40 28 06 01
INFO - 97 3e c9 40 40 20 04 fc
INFO - 97 40 c9 08 40 28 4d f9
INFO - 97 40 09 20 40 28 06 01
INFO - 97 40 49 40 40 23 f0 fd
INFO - 97 42 49 08 40 27 e5 f3
INFO - 97 42 89 20 40 28 06 01
INFO - 97 42 c9 40 40 23 f4 01
INFO - 97 44 c9 08 40 27 cd f3
INFO - 97 44 09 20 40 28 06 01
INFO - 97 44 49 40 40 20 04 fc
INFO - 97 46 49 08 40 27 cd f3
INFO - 97 46 89 20 40 28 06 01
INFO - 97 46 c9 40 40 23 f0 01
INFO - 97 48 c9 08 40 27 cd f3
INFO - 97 48 09 20 40 28 05 ff
INFO - 97 48 49 40 40 20 04 fc
INFO - 97 4a 49 08 40 27 cd f3
INFO - 97 4a 89 20 40 27 fd ff
INFO - 97 4a c9 40 40 23 f0 01
INFO - 97 4c c9 08 40 27 cd f3
INFO - 97 4c 09 20 40 27 fd ff
INFO - 97 4c 49 40 40 20 04 fc
INFO - 97 4e 49 08 40 27 cd f3
INFO - 97 4e 89 20 40 27 fd ff
INFO - 97 4e c9 40 40 23 f0 00
INFO - 97 50 c9 08 40 27 cd f3
INFO - 97 50 09 20 40 27 fe 01
INFO - 97 50 49 40 40 20 00 01
INFO - 97 52 49 08 40 27 cd f3
INFO - 97 52 89 20 40 28 06 01
INFO - 97 52 c9 40 40 20 04 fc
INFO - 97 54 c9 08 40 17 cd f3
INFO - 97 54 09 20 40 18 06 01
INFO - 97 54 49 40 40 13 f0 01
INFO - 97 55 49 08 40 37 cd f3
INFO - 97 55 89 20 40 38 06 01
INFO - 97 55 c9 40 40 30 04 fc
INFO - 97 58 c9 08 40 27 cd f3
INFO - 97 58 09 20 40 28 06 01
INFO - 97 58 49 40 40 23 f0 fd
INFO - 97 5a 49 08 40 27 cd f3
INFO - 97 5a 89 20 40 28 06 01
INFO - 97 5a c9 40 40 23 f4 01
INFO - 97 5c c9 08 40 17 cd f3
INFO - 97 5c 09 20 40 18 06 01
INFO - 97 5c 49 40 40 10 04 fc
INFO - 97 5d 49 08 40 37 cd f3
INFO - 97 5d 89 20 40 38 06 03
INFO - 97 5d c9 40 40 33 f0 01
INFO - 97 60 c9 08 40 17 cd f7
INFO - 97 60 09 20 40 18 0e 03
INFO - 97 60 49 40 40 10 04 fc
INFO - 97 61 49 08 40 37 dd f8
INFO - 97 61 89 20 40 38 0e 03
INFO - 97 61 c9 40 40 33 f0 00
INFO - 97 64 c9 08 40 27 e1 f8
INFO - 97 64 09 20 40 28 0e 03
INFO - 97 64 49 40 40 20 00 01
INFO - 97 66 49 08 40 27 e1 f8
INFO - 97 66 89 20 40 28 0e 03
INFO - 97 66 c9 40 40 20 04 fc
INFO - 97 68 c9 08 40 27 e1 f8
INFO - 97 68 09 20 40 28 0e 03
INFO - 97 68 49 40 40 23 f0 00
INFO - 97 6a 49 08 40 27 e1 f8
INFO - 97 6a 89 20 40 28 0e 03
INFO - 97 6a c9 40 40 20 00 01
INFO - 97 6c c9 08 40 27 e1 f8
INFO - 97 6c 09 20 40 28 0e 03
INFO - 97 6c 49 40 40 20 04 fc
INFO - 97 6e 49 08 40 27 e1 f8
INFO - 97 6e 89 20 40 28 0e 03
INFO - 97 6e c9 40 40 23 f0 01
INFO - 97 70 c9 08 40 27 e1 f8
INFO - 97 70 09 20 40 28 0e 01
INFO - 97 70 49 40 40 20 04 fc
INFO - 97 72 49 08 40 27 e1 f8
INFO - 97 72 89 20 40 28 06 01
INFO - 97 72 c9 40 40 23 f0 fd
INFO - 97 74 c9 08 40 27 e1 f8
INFO - 97 74 09 20 40 28 06 01
INFO - 97 74 49 40 40 23 f4 01
INFO - 97 76 49 08 40 27 e1 f8
INFO - 97 76 89 20 40 28 06 01
INFO - 97 76 c9 40 40 20 04 fc
INFO - 97 78 c9 08 40 27 e1 f8
INFO - 97 78 09 20 40 28 05 ff
INFO - 97 78 49 40 40 23 f0 01
INFO - 97 7a 49 08 40 27 e1 f8
INFO - 97 7a 89 20 40 27 fd ff
INFO - 97 7a c9 40 40 20 04 fc
INFO - 97 7c c9 08 40 27 e1 f8
INFO - 97 7c 09 20 40 27 fd ff
INFO - 97 7c 49 40 40 23 f0 fd
INFO - 97 7e 49 08 40 27 e2 0e
INFO - 97 7e 89 20 40 27 fd ff
INFO - 97 7e c9 40 40 23 f4 01
INFO - 97 80 c9 08 40 28 3a 13
INFO - 97 80 09 20 40 27 fd ff
INFO - 97 80 49 40 40 20 04 fc
INFO - 97 82 49 08 40 28 4e 13
INFO - 97 82 89 20 40 27 fd ff
INFO - 97 82 c9 40 40 23 f0 00
INFO - 97 84 c9 08 40 28 4e 13
INFO - 97 84 09 20 40 27 fd ff
INFO - 97 84 49 40 40 20 00 01
INFO - 97 86 49 08 40 28 4e 13
INFO - 97 86 89 20 40 27 fd ff
INFO - 97 86 c9 40 40 20 04 fc
INFO - 97 88 c9 08 40 28 4e 13
INFO - 97 88 09 20 40 27 fd ff
INFO - 97 88 49 40 40 23 f0 01
INFO - 97 8a 49 08 40 28 4e 13
INFO - 97 8a 89 20 40 27 fd ff
INFO - 97 8a c9 40 40 20 04 fc
INFO - 97 8c c9 08 40 28 4e 13
INFO - 97 8c 09 20 40 27 fd ff
INFO - 97 8c 49 40 40 23 f0 01
INFO - 97 8e 49 08 40 28 4e 13
INFO - 97 8e 89 20 40 27 fd ff
INFO - 97 8e c9 40 40 20 04 fc
INFO - 97 90 c9 08 40 28 4e 13
INFO - 97 90 09 20 40 27 fd ff
INFO - 97 90 49 40 40 23 f0 fd
INFO - 97 92 49 08 40 28 4e 13
INFO - 97 92 89 20 40 27 fd ff
INFO - 97 92 c9 40 40 23 f4 01
INFO - 97 94 c9 08 40 28 4e 13
INFO - 97 94 09 20 40 27 fe 01
INFO - 97 94 49 40 40 20 04 fc
INFO - 97 96 49 08 40 28 4e 13
INFO - 97 96 89 20 40 28 06 01
INFO - 97 96 c9 40 40 23 f0 00
INFO - 97 98 c9 08 40 28 4e 13
INFO - 97 98 09 20 40 28 06 03
INFO - 97 98 49 40 40 20 00 01
INFO - 97 9a 49 08 40 28 4e 13
INFO - 97 9a 89 20 40 28 0e 01
INFO - 97 9a c9 40 40 20 04 fc
INFO - 97 9c c9 08 40 28 4d fa
INFO - 97 9c 09 20 40 28 06 01
INFO - 97 9c 49 40 40 23 f0 fd
INFO - 97 9e 49 08 40 27 e9 ed
INFO - 97 9e 89 20 40 28 06 01
INFO - 97 9e c9 40 40 23 f4 01
INFO - 97 a0 c9 08 40 27 b5 eb
INFO - 97 a0 09 20 40 28 05 ff
INFO - 97 a0 49 40 40 20 04 fc
INFO - 97 a2 49 08 40 27 ad eb
INFO - 97 a2 89 20 40 27 fd ff
INFO - 97 a2 c9 40 40 23 f0 01
INFO - 97 a4 c9 08 40 27 ad eb
INFO - 97 a4 09 20 40 27 fd ff
INFO - 97 a4 49 40 40 20 04 fc
INFO - 97 a6 49 08 40 27 ad eb
INFO - 97 a6 89 20 40 27 fd ff
INFO - 97 a6 c9 40 40 23 f0 00
INFO - 97 a8 c9 08 40 27 ad eb
INFO - 97 a8 09 20 40 27 fd ff
INFO - 97 a8 49 40 40 20 00 01
INFO - 97 aa 49 08 40 27 ad eb
INFO - 97 aa 89 20 40 27 fd ff
INFO - 97 aa c9 40 40 20 04 fc
INFO - 97 ac c9 08 40 27 ad eb
INFO - 97 ac 09 20 40 27 fd ff
INFO - 97 ac 49 40 40 23 f0 00
INFO - 97 ae 49 08 40 27 ad eb
INFO - 97 ae 89 20 40 27 fd ff
INFO - 97 ae c9 40 40 20 00 01
INFO - 97 b0 c9 08 40 27 ad fc
INFO - 97 b0 09 20 40 27 fd ff
INFO - 97 b0 49 40 40 20 04 fc
INFO - 97 b2 49 08 40 27 f1 ff
INFO - 97 b2 89 20 40 27 fd ff
INFO - 97 b2 c9 40 40 23 f0 fd
INFO - 97 b4 c9 08 40 27 fd ff
INFO - 97 b4 09 20 40 27 fd ff
INFO - 97 b4 49 40 40 23 f4 01
INFO - 97 b6 49 08 40 27 fd ff
INFO - 97 b6 89 20 40 27 fd ff
INFO - 97 b6 c9 40 40 20 04 fc
INFO - 97 b8 c9 08 40 27 fd ff
INFO - 97 b8 09 20 40 27 fd ff
INFO - 97 b8 49 40 40 23 f0 01
INFO - 97 ba 49 08 40 27 fd f8
INFO - 97 ba 89 20 40 27 fd ff
INFO - 97 ba c9 40 40 20 04 fc
INFO - 97 bc c9 08 40 27 e1 f6
INFO - 97 bc 09 20 40 27 fd ff
INFO - 97 bc 49 40 40 23 f0 00
INFO - 97 be 49 08 40 27 d9 f6
INFO - 97 be 89 20 40 27 fd ff
INFO - 97 be c9 40 40 20 00 01
INFO - 97 c0 c9 08 40 27 d9 e6
INFO - 97 c0 09 20 40 27 fd ff
INFO - 97 c0 49 40 40 20 04 fc
INFO - 97 c2 49 08 40 27 99 e2
INFO - 97 c2 89 20 40 27 fe 01
INFO - 97 c2 c9 40 40 23 f0 00
INFO - 97 c4 c9 08 40 27 89 e2
INFO - 97 c4 09 20 40 28 05 ff
INFO - 97 c4 49 40 40 20 00 01
INFO - 97 c6 49 08 40 27 89 e2
INFO - 97 c6 89 20 40 27 fd ff
INFO - 97 c6 c9 40 40 20 04 fc
INFO - 97 c8 c9 08 40 27 89 e2
INFO - 97 c8 09 20 40 27 fd ff
INFO - 97 c8 49 40 40 23 f0 fd
INFO - 97 ca 49 08 40 27 89 e2
INFO - 97 ca 89 20 40 27 fd ff
INFO - 97 ca c9 40 40 23 f4 01
INFO - 97 cc c9 08 40 27 89 e2
INFO - 97 cc 09 20 40 27 fd ff
INFO - 97 cc 49 40 40 20 04 fc
INFO - 97 ce 49 08 40 27 89 e2
INFO - 97 ce 89 20 40 27 fe 01
INFO - 97 ce c9 40 40 23 f0 fd
INFO - 97 d0 c9 08 40 27 89 e2
INFO - 97 d0 09 20 40 28 05 ff
INFO - 97 d0 49 40 40 23 f4 01
INFO - 97 d2 49 08 40 27 89 e2
INFO - 97 d2 89 20 40 27 fd ff
INFO - 97 d2 c9 40 40 20 04 fc
INFO - 97 d4 c9 08 40 27 89 e2
INFO - 97 d4 09 20 40 27 fd ff
INFO - 97 d4 49 40 40 23 f0 01
INFO - 97 d6 49 08 40 27 89 e2
INFO - 97 d6 89 20 40 27 fd fd
INFO - 97 d6 c9 40 40 20 04 fc
INFO - 97 d8 c9 08 40 27 8a 1c
INFO - 97 d8 09 20 40 27 f5 fd
INFO - 97 d8 49 40 40 23 f0 00
INFO - 97 da 49 08 40 28 72 30
INFO - 97 da 89 20 40 27 f5 fd
INFO - 97 da c9 40 40 20 00 01
INFO - 97 dc c9 08 40 28 c2 16
INFO - 97 dc 09 20 40 27 f5 fd
INFO - 97 dc 49 40 40 20 04 fc
INFO - 97 de 49 08 40 28 5a 0e
INFO - 97 de 89 20 40 27 f5 ff
INFO - 97 de c9 40 40 23 f0 fd
INFO - 97 e0 c9 08 40 28 3a 0e
INFO - 97 e0 09 20 40 27 fd ff
INFO - 97 e0 49 40 40 23 f4 01
INFO - 97 e2 49 08 40 28 3a 0e
INFO - 97 e2 89 20 40 27 fd ff
INFO - 97 e2 c9 40 40 20 04 fc
INFO - 97 e4 c9 08 40 28 3a 0e
INFO - 97 e4 09 20 40 27 fd ff
INFO - 97 e4 49 40 40 23 f0 01
INFO - 97 e6 49 08 40 28 3a 0e
INFO - 97 e6 89 20 40 27 fd ff
INFO - 97 e6 c9 40 40 20 04 fc
INFO - 97 e8 c9 08 40 28 3a 0e
INFO - 97 e8 09 20 40 27 fd ff
INFO - 97 e8 49 40 40 23 f0 00
INFO - 97 ea 49 08 40 28 3a 0e
INFO - 97 ea 89 20 40 27 fd ff
INFO - 97 ea c9 40 40 20 00 01
INFO - 97 ec c9 08 40 28 3a 0e
INFO - 97 ec 09 20 40 27 fd ff
INFO - 97 ec 49 40 40 20 04 fc
INFO - 97 ee 49 08 40 28 3a 0e
INFO - 97 ee 89 20 40 27 fd ff
INFO - 97 ee c9 40 40 23 f0 00
INFO - 97 f0 c9 08 40 18 3a 0e
INFO - 97 f0 09 20 40 17 fd ff
INFO - 97 f0 49 40 40 10 00 00
INFO - 97 f1 49 08 40 28 3a 0e
INFO - 97 f1 89 20 40 27 fd ff
INFO - 97 f1 c9 40 40 20 00 fd
INFO - 97 f3 c9 08 40 38 3a 0e
INFO - 97 f3 09 20 40 37 fd ff
INFO - 97 f3 49 40 40 33 f4 01
INFO - 97 f6 49 08 40 28 3a 0d
INFO - 97 f6 89 20 40 27 fd ff
INFO - 97 f6 c9 40 40 20 04 fb
INFO - 97 f8 c9 08 40 28 36 0c
INFO - 97 f8 09 20 40 27 fd fd
INFO - 97 f8 49 40 40 23 ec 01
INFO - 97 fa 49 08 40 38 32 0c
INFO - 97 fa 89 20 40 37 f5 fd
INFO - 97 fa c9 40 40 30 04 fd
INFO - 97 fd c9 08 40 28 32 0c
INFO - 97 fd 09 20 40 27 f5 fd
INFO - 97 fd 49 40 40 23 f4 00
INFO - 97 ff 49 08 40 38 32 0c
INFO - 97 ff 89 20 40 37 f5 ff
INFO - 97 ff c9 40 40 30 00 fd
INFO - 98 02 c9 08 40 38 32 0c
INFO - 98 02 09 20 40 37 fd ff
INFO - 98 02 49 40 40 33 f4 01
INFO - 98 05 49 08 40 38 32 0c
INFO - 98 05 89 20 40 37 fe 01
INFO - 98 05 c9 40 40 30 04 fd
INFO - 98 08 c9 08 40 38 32 0c
INFO - 98 08 09 20 40 38 06 01
INFO - 98 08 49 40 40 33 f4 00
INFO - 98 0b 49 08 40 18 32 0c
INFO - 98 0b 89 20 40 18 06 01
INFO - 98 0b c9 40 40 10 00 00
INFO - 98 0c c9 08 40 28 32 0c
INFO - 98 0c 09 20 40 28 05 ff
INFO - 98 0c 49 40 40 20 00 fc
INFO - 98 0e 49 08 40 28 32 0c
INFO - 98 0e 89 20 40 27 fd ff
INFO - 98 0e c9 40 40 23 f0 00
INFO - 98 10 c9 08 40 18 32 0c
INFO - 98 10 09 20 40 17 fd ff
INFO - 98 10 49 40 40 10 00 01
INFO - 98 11 49 08 40 28 32 0c
INFO - 98 11 89 20 40 27 fd ff
INFO - 98 11 c9 40 40 20 04 fc
INFO - 98 13 c9 08 40 18 32 0c
INFO - 98 13 09 20 40 17 fd fd
INFO - 98 13 49 40 40 13 f0 00
INFO - 98 14 49 08 40 28 32 0c
INFO - 98 14 89 20 40 27 f5 fd
INFO - 98 14 c9 40 40 20 00 00
INFO - 98 16 c9 08 40 28 32 01
INFO - 98 16 09 20 40 27 f5 fd
INFO - 98 16 49 40 40 20 00 01
INFO - 98 18 49 08 40 18 05 f8
INFO - 98 18 89 20 40 17 f5 fb
INFO - 98 18 c9 40 40 10 04 fc
INFO - 98 19 c9 08 40 27 e1 f8
INFO - 98 19 09 20 40 27 ed fb
INFO - 98 19 49 40 40 23 f0 00
INFO - 98 1b 49 08 40 27 e1 f8
INFO - 98 1b 89 20 40 27 ed fd
INFO - 98 1b c9 40 40 20 00 fd
INFO - 98 1d c9 08 40 17 e1 f8
INFO - 98 1d 09 20 40 17 f5 fd
INFO - 98 1d 49 40 40 13 f4 00
INFO - 98 1e 49 08 40 27 e1 f8
INFO - 98 1e 89 20 40 27 f5 fd
INFO - 98 1e c9 40 40 20 00 00
INFO - 98 20 c9 08 40 27 e1 f8
INFO - 98 20 09 20 40 27 f5 fd
INFO - 98 20 49 40 40 20 00 00
INFO - 98 22 49 08 40 17 e1 f8
INFO - 98 22 89 20 40 17 f5 fd
INFO - 98 22 c9 40 40 10 00 00
INFO - 98 23 c9 08 40 27 e1 f8
INFO - 98 23 09 20 40 27 f5 fd
INFO - 98 23 49 40 40 20 00 00
INFO - 98 25 49 08 40 27 e1 f8
INFO - 98 25 89 20 40 27 f5 fd
INFO - 98 25 c9 40 40 20 00 00
INFO - 98 27 c9 08 40 27 e1 f8
INFO - 98 27 09 20 40 27 f5 fd
INFO - 98 27 49 40 40 20 00 fd
INFO - 98 29 49 08 40 17 e1 f8
INFO - 98 29 89 20 40 17 f5 fd
INFO - 98 29 c9 40 40 13 f4 00
INFO - 98 2a c9 08 40 27 e1 f8
INFO - 98 2a 09 20 40 27 f5 fd
INFO - 98 2a 49 40 40 20 00 00
INFO - 98 2c 49 08 40 27 e1 f8
INFO - 98 2c 89 20 40 27 f5 fd
INFO - 98 2c c9 40 40 20 00 fd
INFO - 98 2e c9 08 40 27 e1 f8
INFO - 98 2e 09 20 40 27 f5 fd
INFO - 98 2e 49 40 40 23 f4 00
INFO - 98 30 49 08 40 17 e1 ed
INFO - 98 30 89 20 40 17 f5 fd
INFO - 98 30 c9 40 40 10 00 00
INFO - 98 31 c9 08 40 27 b5 f2
INFO - 98 31 09 20 40 27 f5 fd
INFO - 98 31 49 40 40 20 00 fd
INFO - 98 33 49 08 40 27 c9 f2
INFO - 98 33 89 20 40 27 f5 fd
INFO - 98 33 c9 40 40 23 f4 00
INFO - 98 35 c9 08 40 27 c9 ef
INFO - 98 35 09 20 40 27 f5 fb
INFO - 98 35 49 40 40 20 00 fd
INFO - 98 37 49 08 40 17 bd ec
INFO - 98 37 89 20 40 17 ed fd
INFO - 98 37 c9 40 40 13 f4 00
INFO - 98 38 c9 08 40 27 b1 ec
INFO - 98 38 09 20 40 27 f5 fd
INFO - 98 38 49 40 40 20 00 fd
INFO - 98 3a 49 08 40 27 b1 f2
INFO - 98 3a 89 20 40 27 f5 fd
INFO - 98 3a c9 40 40 23 f4 00
INFO - 98 3c c9 08 40 17 c9 f2
INFO - 98 3c 09 20 40 17 f5 ff
INFO - 98 3c 49 40 40 10 00 fd
INFO - 98 3d 49 08 40 27 c9 f2
INFO - 98 3d 89 20 40 27 fd ff
INFO - 98 3d c9 40 40 23 f4 00
INFO - 98 3f c9 08 40 27 c9 f2
INFO - 98 3f 09 20 40 27 fd ff
INFO - 98 3f 49 40 40 20 00 00
INFO - 98 41 49 08 40 27 c9 ee
INFO - 98 41 89 20 40 27 fd ff
INFO - 98 41 c9 40 40 20 00 00
INFO - 98 43 c9 08 40 17 b9 f1
INFO - 98 43 09 20 40 17 fd ff
INFO - 98 43 49 40 40 10 00 00
INFO - 98 44 49 08 40 27 c5 f2
INFO - 98 44 89 20 40 27 fd fd
INFO - 98 44 c9 40 40 20 00 00
INFO - 98 46 c9 08 40 27 c9 f2
INFO - 98 46 09 20 40 27 f5 fd
INFO - 98 46 49 40 40 20 00 00
INFO - 98 48 49 08 40 17 c9 f2
INFO - 98 48 89 20 40 17 f5 fd
INFO - 98 48 c9 40 40 10 00 01
INFO - 98 49 c9 08 40 27 c9 f2
INFO - 98 49 09 20 40 27 f5 fd
INFO - 98 49 49 40 40 20 04 fc
INFO - 98 4b 49 08 40 07 c9 f2
INFO - 98 4b 89 20 40 07 f5 fd
INFO - 98 4b c9 40 40 03 f0 45
