INFO - 20 00 49 3c 00 0a 40 00
INFO - 20 05 89 3c 00 0b 24 00
INFO - 20 0d c9 3c 00 0a 81 00
INFO - 20 12 09 3c 00 0b 4d 00
INFO - 20 14 49 3c 00 0a a2 00
INFO - 20 18 89 3c 00 0a f6 00
INFO - 20 18 c9 3c 00 0a f6 00
INFO - 20 1a 09 3c 00 0a 7c 00
INFO - 20 1a 49 3c 00 0a 7c 00
INFO - 20 1f 89 3c 00 0a bc 00
INFO - 20 21 c9 3c 00 0a 90 00
INFO - 20 22 09 3c 00 0a 96 00
INFO - 20 22 49 3c 00 0a 96 00
INFO - 20 22 89 3c 00 0a 96 00
INFO - 20 27 c9 3c 00 0a 89 00
INFO - 20 2b 09 3c 00 0b 1a 00
INFO - 20 2b 49 3c 00 0b 1a 00
INFO - 20 2e 89 3c 00 0a 90 00
INFO - 20 2f c9 3c 00 0a 79 00
INFO - 20 2f 09 3c 00 0a 79 00
INFO - 20 2f 49 3c 00 0a 79 00
INFO - 20 35 89 3c 00 0a 97 00
INFO - 20 36 c9 3c 00 0a 8b 00
INFO - 20 39 09 3c 00 0a d8 00
INFO - 20 3b 49 3c 00 0a 94 00
INFO - 20 3b 89 3c 00 0a 94 00
INFO - 20 3d c9 3c 00 0a 78 00
INFO - 20 41 09 3c 00 0b 14 00
INFO - 20 41 49 3c 00 0b 14 00
INFO - 20 43 89 3c 00 0a 64 00
INFO - 20 43 c9 3c 00 0a 64 00
INFO - 20 44 09 3c 00 0a 5c 00
INFO - 20 47 49 3c 00 0a e9 00
INFO - 20 49 89 3c 00 0a 9c 00
INFO - 20 4f c9 3c 00 0b 5f 00
INFO - 20 51 09 3c 00 0a 9b 00
INFO - 20 52 49 3c 00 0a 80 00
INFO - 20 54 89 3c 00 0a 93 00
INFO - 20 55 c9 3c 00 0a 87 00
INFO - 20 57 09 3c 00 0a b1 00
INFO - 20 59 49 3c 00 0a 8b 00
INFO - 20 5b 89 3c 00 0a a5 00
INFO - 20 5d c9 3c 00 0a 93 00
INFO - 20 5f 09 3c 00 0a b8 00
INFO - 20 60 49 3c 00 0a 8a 00
INFO - 20 62 89 3c 00 0a 99 00
INFO - 20 64 c9 3c 00 0a 95 00
INFO - 20 66 09 3c 00 0a b0 00
INFO - 20 68 49 3c 00 0a 92 00
INFO - 20 6b 89 3c 00 0a c7 00
INFO - 20 6d c9 3c 00 0a a8 00
INFO - 20 6e 09 3c 00 0a 9c 00
INFO - 20 70 49 3c 00 0a 8f 00
INFO - 20 72 89 3c 00 0a 9f 00
INFO - 20 74 c9 3c 00 0a a5 00
INFO - 20 76 09 3c 00 0a a3 00
INFO - 20 78 49 3c 00 0a 98 00
INFO - 20 79 89 3c 00 0a 8c 00
INFO - 20 7b c9 3c 00 0a 88 00
INFO - 20 7d 09 3c 00 0a a5 00
INFO - 20 7e 49 3c 00 0a 88 00
INFO - 20 80 89 3c 00 0a 99 00
INFO - 20 81 c9 3c 00 0a 85 00
INFO - 20 83 09 3c 00 0a a6 00
INFO - 20 85 49 3c 00 0a 9a 00
INFO - 20 87 89 3c 00 0a 98 00
INFO - 20 88 c9 3c 00 0a 87 00
INFO - 20 8a 09 3c 00 0a 98 00
INFO - 20 8c 49 3c 00 0a 86 00
INFO - 20 8d 89 3c 00 0a 86 00
INFO - 20 8f c9 3c 00 0a ae 00
INFO - 20 91 09 3c 00 0a 91 00
INFO - 20 93 49 3c 00 0a a7 00
INFO - 20 95 89 3c 00 0a c1 00
INFO - 20 98 c9 3c 00 0a cd 00
INFO - 20 9b 09 3c 00 0a b2 00
INFO - 20 9c 49 3c 00 0a 9d 00
INFO - 20 9e 89 3c 00 0a a5 00
INFO - 20 a1 c9 3c 00 0a b9 00
INFO - 20 a2 09 3c 00 0a 8e 00
INFO - 20 a4 49 3c 00 0a 83 00
INFO - 20 a5 89 3c 00 0a 82 00
INFO - 20 a7 c9 3c 00 0a a9 00
INFO - 20 a9 09 3c 00 0a a2 00
INFO - 20 ab 49 3c 00 0a 86 00
INFO - 20 ac 89 3c 00 0a 84 00
INFO - 20 ad c9 3c 00 0a 89 00
INFO - 20 af 09 3c 00 0a 78 00
INFO - 20 b0 49 3c 00 0a 79 00
INFO - 20 b1 89 3c 00 0a 91 00
INFO - 20 b2 c9 3c 00 0a 78 00
INFO - 20 b4 09 3c 00 0a 9d 00
INFO - 20 b6 49 3c 00 0a 8c 00
INFO - 20 b8 89 3c 00 0a a1 00
INFO - 20 b9 c9 3c 00 0a 80 00
INFO - 20 bb 09 3c 00 0a 90 00
INFO - 20 bd 49 3c 00 0a a9 00
INFO - 20 be 89 3c 00 0a 83 00
INFO - 20 c0 c9 3c 00 0a a3 00
INFO - 20 c1 09 3c 00 0a 78 00
INFO - 20 c3 49 3c 00 0a 68 00
INFO - 20 c4 89 3c 00 0a 88 00
INFO - 20 c7 c9 3c 00 0a b0 00
INFO - 20 c8 09 3c 00 0a 80 00
INFO - 20 c9 49 3c 00 0a 80 00
INFO - 20 ca 89 3c 00 0a 7d 00
INFO - 20 cc c9 3c 00 0a 84 00
INFO - 20 cd 09 3c 00 0a 91 00
INFO - 20 ce 49 3c 00 0a 7a 00
INFO - 20 d0 89 3c 00 0a 90 00
INFO - 20 d1 c9 3c 00 0a 85 00
INFO - 20 d3 09 3c 00 0a 89 00
INFO - 20 d4 49 3c 00 0a 85 00
INFO - 20 d6 89 3c 00 0a 82 00
INFO - 20 d7 c9 3c 00 0a 8b 00
INFO - 20 d9 09 3c 00 0a 8b 00
INFO - 20 da 49 3c 00 0a 95 00
INFO - 20 dc 89 3c 00 0a 7e 00
INFO - 20 dd c9 3c 00 0a 94 00
INFO - 20 e0 09 3c 00 0a d3 00
INFO - 20 e2 49 3c 00 0a a7 00
INFO - 20 e4 89 3c 00 0a a2 00
INFO - 20 e6 c9 3c 00 0a 99 00
INFO - 20 e8 09 3c 00 0a 9f 00
INFO - 20 e9 49 3c 00 0a 85 00
INFO - 20 eb 89 3c 00 0a 96 00
INFO - 20 ed c9 3c 00 0a 8d 00
INFO - 20 ef 09 3c 00 0a a8 00
INFO - 20 f0 49 3c 00 0a 94 00
INFO - 20 f2 89 3c 00 0a 87 00
INFO - 20 f4 c9 3c 00 0a c3 00
INFO - 20 f6 09 3c 00 0a 9e 00
INFO - 20 f7 49 3c 00 0a 74 00
INFO - 20 fa 89 3c 00 0a da 00
INFO - 20 fc c9 3c 00 0a 8e 00
INFO - 20 fe 09 3c 00 0a 9a 00
INFO - 20 ff 49 3c 00 0a 8f 00
INFO - 21 01 89 3c 00 0a 7d 00
INFO - 21 02 c9 3c 00 0a 8f 00
INFO - 21 05 09 3c 00 0a b8 00
INFO - 21 06 49 3c 00 0a 99 00
INFO - 21 08 89 3c 00 0a 98 00
INFO - 21 0b c9 3c 00 0a bb 00
INFO - 21 0c 09 3c 00 0a 8f 00
INFO - 21 0e 49 3c 00 0a 83 00
INFO - 21 10 89 3c 00 0a a3 00
INFO - 21 12 c9 3c 00 0a aa 00
INFO - 21 13 09 3c 00 0a 95 00
INFO - 21 16 49 3c 00 0a ae 00
INFO - 21 17 89 3c 00 0a 8e 00
INFO - 21 19 c9 3c 00 0a aa 00
INFO - 21 1b 09 3c 00 0a 8c 00
INFO - 21 1d 49 3c 00 0a b6 00
INFO - 21 1f 89 3c 00 0a a2 00
INFO - 21 21 c9 3c 00 0a 8d 00
INFO - 21 23 09 3c 00 0a ae 00
INFO - 21 24 49 3c 00 0a 7f 00
INFO - 21 25 89 3c 00 0a 7f 00
INFO - 21 28 c9 3c 00 0a bb 00
INFO - 21 2a 09 3c 00 0a 96 00
INFO - 21 2c 49 3c 00 0a a3 00
INFO - 21 2d 89 3c 00 0a 98 00
INFO - 21 2f c9 3c 00 0a 8c 00
INFO - 21 30 09 3c 00 0a 77 00
INFO - 21 33 49 3c 00 0a bd 00
INFO - 21 35 89 3c 00 0a a8 00
INFO - 21 36 c9 3c 00 0a 9c 00
INFO - 21 38 09 3c 00 0a 80 00
INFO - 21 3a 49 3c 00 0a a2 00
INFO - 21 3b 89 3c 00 0a 8e 00
INFO - 21 3d c9 3c 00 0a 8f 00
INFO - 21 40 09 3c 00 0a c3 00
INFO - 21 41 49 3c 00 0a 99 00
INFO - 21 44 89 3c 00 0a b1 00
INFO - 21 46 c9 3c 00 0a ab 00
INFO - 21 48 09 3c 00 0a c1 00
INFO - 21 4a 49 3c 00 0a 80 00
INFO - 21 4c 89 3c 00 0a b9 00
INFO - 21 4e c9 3c 00 0a 8a 00
INFO - 21 4f 09 3c 00 0a a1 00
INFO - 21 51 49 3c 00 0a 91 00
INFO - 21 54 89 3c 00 0a b9 00
INFO - 21 55 c9 3c 00 0a 85 00
INFO - 21 58 09 3c 00 0a c2 00
INFO - 21 59 49 3c 00 0a 97 00
INFO - 21 5b 89 3c 00 0a a5 00
INFO - 21 5d c9 3c 00 0a 7d 00
INFO - 21 5e 09 3c 00 0a 9a 00
INFO - 21 60 49 3c 00 0a 90 00
INFO - 21 62 89 3c 00 0a 9d 00
INFO - 21 63 c9 3c 00 0a 8e 00
INFO - 21 66 09 3c 00 0a ad 00
INFO - 21 67 49 3c 00 0a 97 00
INFO - 21 6a 89 3c 00 0a b3 00
INFO - 21 6b c9 3c 00 0a 8a 00
INFO - 21 6c 09 3c 00 0a 86 00
INFO - 21 6e 49 3c 00 0a 95 00
INFO - 21 70 89 3c 00 0a 99 00
INFO - 21 72 c9 3c 00 0a a1 00
INFO - 21 74 09 3c 00 0a a0 00
INFO - 21 76 49 3c 00 0a b6 00
INFO - 21 78 89 3c 00 0a 8c 00
INFO - 21 79 c9 3c 00 0a 8e 00
INFO - 21 7c 09 3c 00 0a b2 00
INFO - 21 7e 49 3c 00 0a 79 00
INFO - 21 7f 89 3c 00 0a 89 00
INFO - 21 81 c9 3c 00 0a 8b 00
INFO - 21 82 09 3c 00 0a 7c 00
INFO - 21 84 49 3c 00 0a 8e 00
INFO - 21 85 89 3c 00 0a 97 00
INFO - 21 88 c9 3c 00 0a c0 00
INFO - 21 89 09 3c 00 0a 8a 00
INFO - 21 8b 49 3c 00 0a 92 00
INFO - 21 8d 89 3c 00 0a 9f 00
INFO - 21 8f c9 3c 00 0a b0 00
INFO - 21 91 09 3c 00 0a 8d 00
INFO - 21 93 49 3c 00 0a a1 00
INFO - 21 94 89 3c 00 0a 84 00
INFO - 21 96 c9 3c 00 0a b6 00
INFO - 21 98 09 3c 00 0a 8d 00
INFO - 21 9a 49 3c 00 0a 96 00
INFO - 21 9b 89 3c 00 0a 85 00
INFO - 21 9d c9 3c 00 0a b0 00
INFO - 21 9f 09 3c 00 0a 9f 00
INFO - 21 a1 49 3c 00 0a 92 00
INFO - 21 a4 89 3c 00 0a cf 00
INFO - 21 a5 c9 3c 00 0a 8f 00
INFO - 21 a7 09 3c 00 0a 97 00
INFO - 21 a9 49 3c 00 0a 86 00
INFO - 21 aa 89 3c 00 0a 97 00
INFO - 21 ac c9 3c 00 0a a8 00
INFO - 21 ae 09 3c 00 0a a1 00
INFO - 21 b0 49 3c 00 0a 86 00
INFO - 21 b1 89 3c 00 0a 8c 00
INFO - 21 b3 c9 3c 00 0a ac 00
INFO - 21 b5 09 3c 00 0a a1 00
INFO - 21 b7 49 3c 00 0a 88 00
INFO - 21 b8 89 3c 00 0a 87 00
INFO - 21 ba c9 3c 00 0a 88 00
INFO - 21 bb 09 3c 00 0a 7f 00
INFO - 21 bd 49 3c 00 0a 96 00
INFO - 21 be 89 3c 00 0a 7f 00
INFO - 21 bf c9 3c 00 0a 83 00
INFO - 21 c1 09 3c 00 0a 91 00
INFO - 21 c3 49 3c 00 0a 92 00
INFO - 21 c4 89 3c 00 0a 89 00
INFO - 21 c6 c9 3c 00 0a 88 00
INFO - 21 c7 09 3c 00 0a 8a 00
INFO - 21 c8 49 3c 00 0a 81 00
INFO - 21 ca 89 3c 00 0a a6 00
INFO - 21 cc c9 3c 00 0a 9a 00
INFO - 21 ce 09 3c 00 0a a1 00
INFO - 21 d0 49 3c 00 0a b1 00
INFO - 21 d3 89 3c 00 0a b1 00
INFO - 21 d5 c9 3c 00 0a 9e 00
INFO - 21 d8 09 3c 00 0a e1 00
INFO - 21 d9 49 3c 00 0a 82 00
INFO - 21 db 89 3c 00 0a a3 00
INFO - 21 e0 c9 3c 00 0b 35 00
INFO - 21 e2 09 3c 00 0a 8d 00
INFO - 21 e3 49 3c 00 0a 9c 00
INFO - 21 e5 89 3c 00 0a 90 00
INFO - 21 e7 c9 3c 00 0a 99 00
INFO - 21 e8 09 3c 00 0a 91 00
INFO - 21 ea 49 3c 00 0a 94 00
INFO - 21 ec 89 3c 00 0a 88 00
INFO - 21 ed c9 3c 00 0a 9b 00
INFO - 21 ef 09 3c 00 0a 9f 00
INFO - 21 f1 49 3c 00 0a 92 00
INFO - 21 f4 89 3c 00 0a cb 00
INFO - 21 f6 c9 3c 00 0a a9 00
INFO - 21 f8 09 3c 00 0a b4 00
INFO - 21 fb 49 3c 00 0a e1 00
INFO - 21 fe 89 3c 00 0a c4 00
INFO - 22 01 c9 3c 00 0a b6 00
INFO - 22 03 09 3c 00 0a ae 00
INFO - 22 05 49 3c 00 0a a5 00
INFO - 22 07 89 3c 00 0a a2 00
INFO - 22 09 c9 3c 00 0a b9 00
INFO - 22 0c 09 3c 00 0a 85 00
INFO - 22 0e 49 3c 00 0a b8 00
INFO - 22 11 89 3c 00 0a bc 00
INFO - 22 13 c9 3c 00 0a b1 00
INFO - 22 15 09 3c 00 0a 9c 00
INFO - 22 17 49 3c 00 0a b1 00
INFO - 22 19 89 3c 00 0a 9c 00
INFO - 22 1b c9 3c 00 0a a6 00
INFO - 22 1e 09 3c 00 0a be 00
INFO - 22 20 49 3c 00 0a c1 00
INFO - 22 23 89 3c 00 0a be 00
INFO - 22 25 c9 3c 00 0a 9d 00
INFO - 22 28 09 3c 00 0a d9 00
INFO - 22 2a 49 3c 00 0a a8 00
INFO - 22 2d 89 3c 00 0a cd 00
INFO - 22 2f c9 3c 00 0a 9f 00
INFO - 22 30 09 3c 00 0a 9d 00
INFO - 22 33 49 3c 00 0a c0 00
INFO - 22 35 89 3c 00 0a 9e 00
INFO - 22 39 c9 3c 00 0b 14 00
INFO - 22 3b 09 3c 00 0a 9d 00
INFO - 22 3d 49 3c 00 0a 9d 00
INFO - 22 3f 89 3c 00 0a 92 00
INFO - 22 42 c9 3c 00 0a d8 00
INFO - 22 44 09 3c 00 0a a9 00
INFO - 22 46 49 3c 00 0a a9 00
INFO - 22 49 89 3c 00 0a e4 00
INFO - 22 4c c9 3c 00 0a c0 00
INFO - 22 4e 09 3c 00 0a b5 00
INFO - 22 50 49 3c 00 0a a9 00
INFO - 22 53 89 3c 00 0a d7 00
INFO - 22 55 c9 3c 00 0a a8 00
INFO - 22 58 09 3c 00 0a cb 00
INFO - 22 5a 49 3c 00 0a 9d 00
INFO - 22 5c 89 3c 00 0a b4 00
INFO - 22 5e c9 3c 00 0a 9d 00
INFO - 22 61 09 3c 00 0a d6 00
INFO - 22 64 49 3c 00 0a c0 00
INFO - 22 66 89 3c 00 0a b3 00
INFO - 22 69 c9 3c 00 0a bf 00
INFO - 22 6b 09 3c 00 0a a8 00
INFO - 22 6d 49 3c 00 0a b3 00
INFO - 22 6f 89 3c 00 0a b2 00
INFO - 22 72 c9 3c 00 0a be 00
INFO - 22 75 09 3c 00 0a d5 00
INFO - 22 77 49 3c 00 0a a6 00
INFO - 22 7a 89 3c 00 0a c9 00
INFO - 22 7c c9 3c 00 0a ca 00
INFO - 22 7e 09 3c 00 0a 9a 00
INFO - 22 81 49 3c 00 0a b1 00
INFO - 22 83 89 3c 00 0a a7 00
INFO - 22 86 c9 3c 00 0a d3 00
INFO - 22 87 09 3c 00 0a 90 00
INFO - 22 8a 49 3c 00 0a d3 00
INFO - 22 8c 89 3c 00 0a 90 00
INFO - 22 8e c9 3c 00 0a bb 00
INFO - 22 90 09 3c 00 0a 8f 00
INFO - 22 92 49 3c 00 0a b2 00
INFO - 22 94 89 3c 00 0a a4 00
INFO - 22 96 c9 3c 00 0a a6 00
INFO - 22 99 09 3c 00 0a d4 00
INFO - 22 9b 49 3c 00 0a a5 00
INFO - 22 9d 89 3c 00 0a b1 00
INFO - 22 a1 c9 3c 00 0a e0 00
INFO - 22 a2 09 3c 00 0a 6d 00
INFO - 22 a5 49 3c 00 0a be 00
INFO - 22 a7 89 3c 00 0a a4 00
INFO - 22 a9 c9 3c 00 0a 90 00
INFO - 22 ab 09 3c 00 0a cb 00
INFO - 22 ad 49 3c 00 0a 8d 00
INFO - 22 b0 89 3c 00 0a e1 00
INFO - 22 b2 c9 3c 00 0a 9d 00
INFO - 22 b5 09 3c 00 0a d3 00
INFO - 22 b8 49 3c 00 0a cc 00
INFO - 22 ba 89 3c 00 0a 9c 00
INFO - 22 bc c9 3c 00 0a a5 00
INFO - 22 be 09 3c 00 0a b6 00
INFO - 22 c0 49 3c 00 0a 9a 00
INFO - 22 c2 89 3c 00 0a b5 00
INFO - 22 c4 c9 3c 00 0a 9a 00
INFO - 22 c7 09 3c 00 0a c2 00
INFO - 22 c9 49 3c 00 0a a9 00
INFO - 22 cb 89 3c 00 0a b2 00
INFO - 22 cd c9 3c 00 0a ab 00
INFO - 22 d0 09 3c 00 0a d7 00
INFO - 22 d2 49 3c 00 0a 9b 00
INFO - 22 d5 89 3c 00 0a c3 00
INFO - 22 d6 c9 3c 00 0a 90 00
INFO - 22 d9 09 3c 00 0a cf 00
INFO - 22 dc 49 3c 00 0a be 00
INFO - 22 e0 89 3c 00 0b 0b 00
INFO - 22 e3 c9 3c 00 0a cb 00
INFO - 22 e5 09 3c 00 0a ad 00
INFO - 22 e8 49 3c 00 0a e4 00
INFO - 22 ea 89 3c 00 0a a0 00
INFO - 22 ec c9 3c 00 0a b6 00
INFO - 22 f0 09 3c 00 0b 08 00
INFO - 22 f3 49 3c 00 0a cb 00
INFO - 22 f6 89 3c 00 0a c5 00
INFO - 22 f8 c9 3c 00 0a 93 00
INFO - 22 fa 09 3c 00 0a a9 00
INFO - 22 fb 49 3c 00 0a 92 00
INFO - 22 fd 89 3c 00 0a 9e 00
INFO - 22 ff c9 3c 00 0a a6 00
INFO - 23 01 09 3c 00 0a a1 00
INFO - 23 03 49 3c 00 0a 9e 00
INFO - 23 05 89 3c 00 0a 9d 00
INFO - 23 07 c9 3c 00 0a 9d 00
INFO - 23 09 09 3c 00 0a 80 00
INFO - 23 0c 49 3c 00 0a a9 00
INFO - 23 13 89 3c 00 0b a7 00
INFO - 23 15 c9 3c 00 0a a8 00
INFO - 23 17 09 3c 00 0a a8 00
INFO - 23 1a 49 3c 00 0a e2 00
INFO - 23 1d 89 3c 00 0a b3 00
INFO - 23 1e c9 3c 00 0a 91 00
INFO - 23 20 09 3c 00 0a b3 00
INFO - 23 23 49 3c 00 0a ca 00
INFO - 23 26 89 3c 00 0a b7 00
INFO - 23 29 c9 3c 00 0a d3 00
INFO - 23 2a 09 3c 00 0a 9d 00
INFO - 23 2d 49 3c 00 0a a8 00
INFO - 23 2f 89 3c 00 0a cb 00
INFO - 23 32 c9 3c 00 0a b4 00
INFO - 23 34 09 3c 00 0a a8 00
INFO - 23 36 49 3c 00 0a c0 00
INFO - 23 3a 89 3c 00 0a ed 00
INFO - 23 3c c9 3c 00 0a a8 00
INFO - 23 3e 09 3c 00 0a a8 00
INFO - 23 41 49 3c 00 0a ca 00
INFO - 23 44 89 3c 00 0a e1 00
INFO - 23 46 c9 3c 00 0a a8 00
INFO - 23 48 09 3c 00 0a a8 00
INFO - 23 4b 49 3c 00 0a b5 00
INFO - 23 4c 89 3c 00 0a 99 00
INFO - 23 4f c9 3c 00 0a bf 00
INFO - 23 51 09 3c 00 0a 90 00
INFO - 23 53 49 3c 00 0a b5 00
INFO - 23 54 89 3c 00 0a 8d 00
INFO - 23 57 c9 3c 00 0a cb 00
INFO - 23 59 09 3c 00 0a 90 00
INFO - 23 5c 49 3c 00 0a c6 00
INFO - 23 5d 89 3c 00 0a 84 00
INFO - 23 60 c9 3c 00 0a e0 00
INFO - 23 63 09 3c 00 0a c4 00
INFO - 23 65 49 3c 00 0a 9c 00
INFO - 23 67 89 3c 00 0a b9 00
INFO - 23 69 c9 3c 00 0a b2 00
INFO - 23 6b 09 3c 00 0a 97 00
INFO - 23 6e 49 3c 00 0a bc 00
INFO - 23 6f 89 3c 00 0a 8b 00
INFO - 23 72 c9 3c 00 0a bb 00
INFO - 23 73 09 3c 00 0a 96 00
INFO - 23 75 49 3c 00 0a a5 00
INFO - 23 78 89 3c 00 0a c2 00
INFO - 23 7a c9 3c 00 0a 9a 00
INFO - 23 7c 09 3c 00 0a a1 00
INFO - 23 7f 49 3c 00 0a d0 00
INFO - 23 81 89 3c 00 0a ab 00
INFO - 23 82 c9 3c 00 0a 8e 00
INFO - 23 85 09 3c 00 0a ce 00
INFO - 23 87 49 3c 00 0a 97 00
INFO - 23 89 89 3c 00 0a ac 00
INFO - 23 8b c9 3c 00 0a a2 00
INFO - 23 8e 09 3c 00 0a cb 00
INFO - 23 90 49 3c 00 0a ae 00
INFO - 23 92 89 3c 00 0a 76 00
INFO - 23 94 c9 3c 00 0a 97 00
INFO - 23 97 09 3c 00 0a cb 00
INFO - 23 99 49 3c 00 0a ae 00
INFO - 23 9c 89 3c 00 0a c1 00
INFO - 23 9f c9 3c 00 0a da 00
INFO - 23 a1 09 3c 00 0a b8 00
INFO - 23 a3 49 3c 00 0a 97 00
INFO - 23 a5 89 3c 00 0a b8 00
INFO - 23 a7 c9 3c 00 0a 98 00
INFO - 23 a9 09 3c 00 0a ac 00
INFO - 23 ac 49 3c 00 0a ba 00
INFO - 23 ad 89 3c 00 0a 98 00
INFO - 23 b0 c9 3c 00 0a b9 00
INFO - 23 b2 09 3c 00 0a 98 00
INFO - 23 b4 49 3c 00 0a ae 00
INFO - 23 b6 89 3c 00 0a 98 00
INFO - 23 b8 c9 3c 00 0a b8 00
INFO - 23 ba 09 3c 00 0a 9b 00
INFO - 23 bc 49 3c 00 0a ae 00
INFO - 23 be 89 3c 00 0a a3 00
INFO - 23 c0 c9 3c 00 0a 98 00
INFO - 23 c2 09 3c 00 0a af 00
INFO - 23 c5 49 3c 00 0a c5 00
INFO - 23 c7 89 3c 00 0a a4 00
INFO - 23 ca c9 3c 00 0a f0 00
INFO - 23 cd 09 3c 00 0a cf 00
INFO - 23 d0 49 3c 00 0a d0 00
INFO - 23 d2 89 3c 00 0a b9 00
INFO - 23 d4 c9 3c 00 0a 8d 00
INFO - 23 d7 09 3c 00 0a c4 00
INFO - 23 d8 49 3c 00 0a 98 00
INFO - 23 db 89 3c 00 0a d9 00
INFO - 23 dd c9 3c 00 0a a3 00
INFO - 23 df 09 3c 00 0a a2 00
INFO - 23 e2 49 3c 00 0a cf 00
INFO - 23 e5 89 3c 00 0a cc 00
INFO - 23 e7 c9 3c 00 0a 97 00
INFO - 23 ea 09 3c 00 0a cd 00
INFO - 23 ec 49 3c 00 0a a2 00
INFO - 23 ee 89 3c 00 0a b7 00
INFO - 23 f0 c9 3c 00 0a a1 00
INFO - 23 f3 09 3c 00 0a c1 00
INFO - 23 f4 49 3c 00 0a 8b 00
INFO - 23 f7 89 3c 00 0a c1 00
INFO - 23 f8 c9 3c 00 0a 97 00
INFO - 23 fb 09 3c 00 0a b4 00
INFO - 23 fd 49 3c 00 0a b5 00
INFO - 24 00 89 3c 00 0a bf 00
INFO - 24 01 c9 3c 00 0a 97 00
INFO - 24 04 09 3c 00 0a b3 00
INFO - 24 06 49 3c 00 0a 9f 00
INFO - 24 08 89 3c 00 0a ac 00
INFO - 24 0b c9 3c 00 0a c8 00
INFO - 24 0c 09 3c 00 0a 8a 00
INFO - 24 0e 49 3c 00 0a 95 00
INFO - 24 10 89 3c 00 0a ab 00
INFO - 24 12 c9 3c 00 0a a9 00
INFO - 24 14 09 3c 00 0a 75 00
INFO - 24 16 49 3c 00 0a 8b 00
INFO - 24 19 89 3c 00 0a c9 00
INFO - 24 1a c9 3c 00 0a 8a 00
INFO - 24 1d 09 3c 00 0a cb 00
INFO - 24 1e 49 3c 00 0a 94 00
INFO - 24 20 89 3c 00 0a 96 00
INFO - 24 23 c9 3c 00 0a b3 00
INFO - 24 25 09 3c 00 0a ab 00
INFO - 24 26 49 3c 00 0a 94 00
INFO - 24 28 89 3c 00 0a 8b 00
INFO - 24 2a c9 3c 00 0a ab 00
INFO - 24 2c 09 3c 00 0a a8 00
INFO - 24 2e 49 3c 00 0a b6 00
INFO - 24 30 89 3c 00 0a 9d 00
INFO - 24 33 c9 3c 00 0a c1 00
INFO - 24 35 09 3c 00 0a b4 00
INFO - 24 3c 49 3c 00 0b 7b 00
INFO - 24 3e 89 3c 00 0a a1 00
INFO - 24 40 c9 3c 00 0a a7 00
INFO - 24 43 09 3c 00 0a fd 00
INFO - 24 46 49 3c 00 0a ab 00
INFO - 24 48 89 3c 00 0a 9f 00
INFO - 24 49 c9 3c 00 0a 94 00
INFO - 24 4b 09 3c 00 0a 9c 00
INFO - 24 4d 49 3c 00 0a a0 00
INFO - 24 50 89 3c 00 0a bc 00
INFO - 24 51 c9 3c 00 0a 89 00
INFO - 24 53 09 3c 00 0a a1 00
INFO - 24 55 49 3c 00 0a 9e 00
INFO - 24 57 89 3c 00 0a 9e 00
INFO - 24 59 c9 3c 00 0a a8 00
INFO - 24 5b 09 3c 00 0a 95 00
INFO - 24 5d 49 3c 00 0a be 00
INFO - 24 5e 89 3c 00 0a 87 00
INFO - 24 60 c9 3c 00 0a a0 00
INFO - 24 63 09 3c 00 0a a9 00
INFO - 24 65 49 3c 00 0a bb 00
INFO - 24 67 89 3c 00 0a aa 00
INFO - 24 69 c9 3c 00 0a b3 00
INFO - 24 6b 09 3c 00 0a 93 00
INFO - 24 6e 49 3c 00 0a c7 00
INFO - 24 6f 89 3c 00 0a 93 00
INFO - 24 72 c9 3c 00 0a b0 00
INFO - 24 74 09 3c 00 0a c9 00
INFO - 24 76 49 3c 00 0a 88 00
INFO - 24 78 89 3c 00 0a 9d 00
INFO - 24 7a c9 3c 00 0a 9b 00
INFO - 24 7b 09 3c 00 0a 95 00
INFO - 24 7d 49 3c 00 0a a7 00
INFO - 24 7f 89 3c 00 0a 92 00
INFO - 24 81 c9 3c 00 0a a6 00
INFO - 24 83 09 3c 00 0a b4 00
INFO - 24 85 49 3c 00 0a 93 00
INFO - 24 87 89 3c 00 0a a8 00
INFO - 24 89 c9 3c 00 0a 93 00
INFO - 24 8b 09 3c 00 0a 9c 00
INFO - 24 8e 49 3c 00 0a 8a 00
INFO - 24 90 89 3c 00 0a bd 00
INFO - 24 92 c9 3c 00 0a 9e 00
INFO - 24 94 09 3c 00 0a 93 00
INFO - 24 97 49 3c 00 0a d3 00
INFO - 24 99 89 3c 00 0a c9 00
INFO - 24 9c c9 3c 00 0a c8 00
INFO - 24 9f 09 3c 00 0a bd 00
INFO - 24 a1 49 3c 00 0a b7 00
INFO - 24 a3 89 3c 00 0a ab 00
INFO - 24 a5 c9 3c 00 0a 8a 00
INFO - 24 a8 09 3c 00 0a cb 00
INFO - 24 a9 49 3c 00 0a a0 00
INFO - 24 ac 89 3c 00 0a c1 00
INFO - 24 ae c9 3c 00 0a b6 00
INFO - 24 b1 09 3c 00 0a c1 00
INFO - 24 b3 49 3c 00 0a ae 00
INFO - 24 b5 89 3c 00 0a 94 00
INFO - 24 b7 c9 3c 00 0a 97 00
INFO - 24 b9 09 3c 00 0a ad 00
INFO - 24 bb 49 3c 00 0a ad 00
INFO - 24 bd 89 3c 00 0a 97 00
INFO - 24 bf c9 3c 00 0a bb 00
INFO - 24 c3 09 3c 00 0a e2 00
INFO - 24 c4 49 3c 00 0a 98 00
INFO - 24 c7 89 3c 00 0a c6 00
INFO - 24 c9 c9 3c 00 0a 96 00
INFO - 24 cb 09 3c 00 0a 98 00
INFO - 24 cd 49 3c 00 0a b1 00
INFO - 24 cf 89 3c 00 0a a1 00
INFO - 24 d1 c9 3c 00 0a b2 00
INFO - 24 d3 09 3c 00 0a ad 00
INFO - 24 d5 49 3c 00 0a a5 00
INFO - 24 d7 89 3c 00 0a a4 00
INFO - 24 da c9 3c 00 0a dd 00
INFO - 24 dd 09 3c 00 0a b1 00
INFO - 24 e0 49 3c 00 0a dd 00
INFO - 24 e2 89 3c 00 0a b3 00
INFO - 24 e4 c9 3c 00 0a 8d 00
INFO - 24 e6 09 3c 00 0a b4 00
INFO - 24 e8 49 3c 00 0a 98 00
INFO - 24 ea 89 3c 00 0a c0 00
INFO - 24 ed c9 3c 00 0a d2 00
INFO - 24 f0 09 3c 00 0a d5 00
INFO - 24 f3 49 3c 00 0a cb 00
INFO - 24 f6 89 3c 00 0a d3 00
INFO - 24 f8 c9 3c 00 0a ab 00
INFO - 24 fa 09 3c 00 0a 8e 00
INFO - 24 fc 49 3c 00 0a aa 00
INFO - 24 fe 89 3c 00 0a a8 00
INFO - 25 00 c9 3c 00 0a 9d 00
INFO - 25 03 09 3c 00 0a c9 00
INFO - 25 05 49 3c 00 0a ac 00
INFO - 25 08 89 3c 00 0a d6 00
INFO - 25 0a c9 3c 00 0a c4 00
INFO - 25 0e 09 3c 00 0a e4 00
INFO - 25 10 49 3c 00 0a a8 00
INFO - 25 12 89 3c 00 0a ac 00
INFO - 25 14 c9 3c 00 0a aa 00
INFO - 25 17 09 3c 00 0a d9 00
INFO - 25 1a 49 3c 00 0a 7c 00
INFO - 25 1b 89 3c 00 0a 93 00
INFO - 25 1e c9 3c 00 0a c3 00
INFO - 25 20 09 3c 00 0a ab 00
INFO - 25 22 49 3c 00 0a b7 00
INFO - 25 25 89 3c 00 0a b5 00
INFO - 25 28 c9 3c 00 0a d1 00
INFO - 25 2a 09 3c 00 0a 9f 00
INFO - 25 2c 49 3c 00 0a ac 00
INFO - 25 2e 89 3c 00 0a 9f 00
INFO - 25 30 c9 3c 00 0a ac 00
INFO - 25 32 09 3c 00 0a ab 00
INFO - 25 34 49 3c 00 0a ab 00
INFO - 25 37 89 3c 00 0a c3 00
INFO - 25 39 c9 3c 00 0a c3 00
INFO - 25 3c 09 3c 00 0a b7 00
INFO - 25 3e 49 3c 00 0a ab 00
INFO - 25 40 89 3c 00 0a ab 00
INFO - 25 42 c9 3c 00 0a ab 00
INFO - 25 45 09 3c 00 0a b7 00
INFO - 25 47 49 3c 00 0a ad 00
INFO - 25 49 89 3c 00 0a c1 00
INFO - 25 4c c9 3c 00 0a ab 00
INFO - 25 4f 09 3c 00 0a e6 00
INFO - 25 51 49 3c 00 0a 93 00
INFO - 25 53 89 3c 00 0a ce 00
INFO - 25 56 c9 3c 00 0a ac 00
INFO - 25 58 09 3c 00 0a cc 00
INFO - 25 5b 49 3c 00 0a aa 00
INFO - 25 5d 89 3c 00 0a b5 00
INFO - 25 5f c9 3c 00 0a aa 00
INFO - 25 61 09 3c 00 0a 9e 00
INFO - 25 68 49 3c 00 0b 89 00
INFO - 25 6a 89 3c 00 0a b2 00
INFO - 25 6c c9 3c 00 0a a9 00
INFO - 25 6f 09 3c 00 0a d7 00
INFO - 25 71 49 3c 00 0a 9d 00
INFO - 25 73 89 3c 00 0a bf 00
INFO - 25 76 c9 3c 00 0a ab 00
INFO - 25 78 09 3c 00 0a bc 00
INFO - 25 7a 49 3c 00 0a 9f 00
INFO - 25 7c 89 3c 00 0a b1 00
INFO - 25 80 c9 3c 00 0a ef 00
INFO - 25 82 09 3c 00 0a b0 00
INFO - 25 86 49 3c 00 0a f8 00
INFO - 25 88 89 3c 00 0a a7 00
INFO - 25 8a c9 3c 00 0a 9b 00
INFO - 25 8c 09 3c 00 0a bf 00
INFO - 25 8f 49 3c 00 0a cd 00
INFO - 25 92 89 3c 00 0a dd 00
INFO - 25 94 c9 3c 00 0a ac 00
INFO - 25 96 09 3c 00 0a 97 00
INFO - 25 98 49 3c 00 0a b7 00
INFO - 25 9b 89 3c 00 0a c5 00
INFO - 25 9e c9 3c 00 0a b9 00
INFO - 25 9f 09 3c 00 0a 8c 00
INFO - 25 a1 49 3c 00 0a 9c 00
INFO - 25 a3 89 3c 00 0a a1 00
INFO - 25 a5 c9 3c 00 0a ba 00
INFO - 25 a7 09 3c 00 0a a2 00
INFO - 25 a9 49 3c 00 0a a8 00
INFO - 25 ad 89 3c 00 0a ee 00
INFO - 25 af c9 3c 00 0a a2 00
INFO - 25 b1 09 3c 00 0a b3 00
INFO - 25 b4 49 3c 00 0a bb 00
INFO - 25 b6 89 3c 00 0a a8 00
INFO - 25 b9 c9 3c 00 0a cc 00
INFO - 25 bb 09 3c 00 0a a8 00
INFO - 25 bd 49 3c 00 0a 9d 00
INFO - 25 be 89 3c 00 0a a1 00
INFO - 25 c0 c9 3c 00 0a 98 00
INFO - 25 c3 09 3c 00 0a 7a 00
INFO - 25 c5 49 3c 00 0a a0 00
INFO - 25 c8 89 3c 00 0a d5 00
INFO - 25 c9 c9 3c 00 0a 91 00
INFO - 25 cb 09 3c 00 0a b4 00
INFO - 25 ce 49 3c 00 0a ad 00
INFO - 25 d0 89 3c 00 0a bd 00
INFO - 25 d2 c9 3c 00 0a b4 00
INFO - 25 d6 09 3c 00 0a d9 00
INFO - 25 d7 49 3c 00 0a 8a 00
INFO - 25 da 89 3c 00 0a c9 00
INFO - 25 dc c9 3c 00 0a c0 00
INFO - 25 df 09 3c 00 0a ad 00
INFO - 25 e1 49 3c 00 0a bd 00
INFO - 25 e5 89 3c 00 0a fc 00
INFO - 25 e6 c9 3c 00 0a 92 00
INFO - 25 e8 09 3c 00 0a 9e 00
INFO - 25 eb 49 3c 00 0a b4 00
INFO - 25 ed 89 3c 00 0a b6 00
INFO - 25 ef c9 3c 00 0a 92 00
INFO - 25 f2 09 3c 00 0a f1 00
INFO - 25 f4 49 3c 00 0a aa 00
INFO - 25 f7 89 3c 00 0a b5 00
INFO - 25 f9 c9 3c 00 0a c2 00
INFO - 25 fc 09 3c 00 0a d9 00
INFO - 25 ff 49 3c 00 0a c1 00
INFO - 26 01 89 3c 00 0a a9 00
INFO - 26 04 c9 3c 00 0a cf 00
INFO - 26 07 09 3c 00 0a cd 00
INFO - 26 0a 49 3c 00 0a cc 00
INFO - 26 0c 89 3c 00 0a ab 00
INFO - 26 0f c9 3c 00 0a e1 00
INFO - 26 12 09 3c 00 0a de 00
INFO - 26 14 49 3c 00 0a 9e 00
INFO - 26 16 89 3c 00 0a aa 00
INFO - 26 19 c9 3c 00 0a b6 00
INFO - 26 1b 09 3c 00 0a a6 00
INFO - 26 1d 49 3c 00 0a ad 00
INFO - 26 20 89 3c 00 0a c3 00
INFO - 26 22 c9 3c 00 0a c1 00
INFO - 26 24 09 3c 00 0a 9e 00
INFO - 26 27 49 3c 00 0a cd 00
INFO - 26 29 89 3c 00 0a a5 00
INFO - 26 2b c9 3c 00 0a b8 00
INFO - 26 2f 09 3c 00 0a e0 00
INFO - 26 31 49 3c 00 0a ad 00
INFO - 26 33 89 3c 00 0a 9d 00
INFO - 26 35 c9 3c 00 0a b0 00
INFO - 26 36 09 3c 00 0a 8a 00
INFO - 26 3a 49 3c 00 0a e3 00
INFO - 26 3c 89 3c 00 0a bf 00
INFO - 26 3e c9 3c 00 0a b0 00
INFO - 26 40 09 3c 00 0a 95 00
INFO - 26 42 49 3c 00 0a b3 00
INFO - 26 45 89 3c 00 0a af 00
INFO - 26 47 c9 3c 00 0a ce 00
INFO - 26 4a 09 3c 00 0a be 00
INFO - 26 4c 49 3c 00 0a 9b 00
INFO - 26 4f 89 3c 00 0a db 00
INFO - 26 51 c9 3c 00 0a 6a 00
INFO - 26 53 09 3c 00 0a b8 00
INFO - 26 56 49 3c 00 0a bf 00
INFO - 26 59 89 3c 00 0a e8 00
INFO - 26 5b c9 3c 00 0a a1 00
INFO - 26 5d 09 3c 00 0a a8 00
INFO - 26 5f 49 3c 00 0a 96 00
INFO - 26 61 89 3c 00 0a c5 00
INFO - 26 63 c9 3c 00 0a a6 00
INFO - 26 66 09 3c 00 0a cf 00
INFO - 26 69 49 3c 00 0a b5 00
INFO - 26 6b 89 3c 00 0a bb 00
INFO - 26 6d c9 3c 00 0a 9f 00
INFO - 26 70 09 3c 00 0a b8 00
INFO - 26 71 49 3c 00 0a 99 00
INFO - 26 73 89 3c 00 0a 9f 00
INFO - 26 76 c9 3c 00 0a b6 00
INFO - 26 77 09 3c 00 0a 98 00
INFO - 26 79 49 3c 00 0a 93 00
INFO - 26 7b 89 3c 00 0a 95 00
INFO - 26 7d c9 3c 00 0a b5 00
INFO - 26 7f 09 3c 00 0a ac 00
INFO - 26 82 49 3c 00 0a bb 00
INFO - 26 84 89 3c 00 0a b4 00
INFO - 26 86 c9 3c 00 0a a8 00
INFO - 26 88 09 3c 00 0a b3 00
INFO - 26 8a 49 3c 00 0a 96 00
INFO - 26 8d 89 3c 00 0a d9 00
INFO - 26 8f c9 3c 00 0a 93 00
INFO - 26 91 09 3c 00 0a a7 00
INFO - 26 93 49 3c 00 0a b1 00
INFO - 26 95 89 3c 00 0a 92 00
INFO - 26 96 c9 3c 00 0a 8b 00
INFO - 26 9a 09 3c 00 0a f6 00
INFO - 26 9d 49 3c 00 0a bb 00
INFO - 26 9f 89 3c 00 0a a6 00
INFO - 26 a0 c9 3c 00 0a 9c 00
INFO - 26 a2 09 3c 00 0a 87 00
INFO - 26 a5 49 3c 00 0a e3 00
INFO - 26 a7 89 3c 00 0a 9b 00
INFO - 26 a9 c9 3c 00 0a 9c 00
INFO - 26 ab 09 3c 00 0a b9 00
INFO - 26 ad 49 3c 00 0a 9b 00
INFO - 26 af 89 3c 00 0a 91 00
INFO - 26 b1 c9 3c 00 0a b8 00
INFO - 26 b3 09 3c 00 0a 91 00
INFO - 26 b5 49 3c 00 0a 9b 00
INFO - 26 b6 89 3c 00 0a 9a 00
INFO - 26 b9 c9 3c 00 0a ae 00
INFO - 26 bb 09 3c 00 0a ae 00
INFO - 26 bc 49 3c 00 0a 91 00
INFO - 26 bf 89 3c 00 0a c2 00
INFO - 26 c2 c9 3c 00 0a b8 00
INFO - 26 c3 09 3c 00 0a 6d 00
INFO - 26 c5 49 3c 00 0a ac 00
INFO - 26 c7 89 3c 00 0a 88 00
INFO - 26 c9 c9 3c 00 0a a4 00
INFO - 26 cc 09 3c 00 0a cb 00
INFO - 26 ce 49 3c 00 0a b7 00
INFO - 26 d0 89 3c 00 0a a3 00
INFO - 26 d3 c9 3c 00 0a d6 00
INFO - 26 d6 09 3c 00 0a bf 00
INFO - 26 d7 49 3c 00 0a 92 00
INFO - 26 da 89 3c 00 0a be 00
INFO - 26 dc c9 3c 00 0a a5 00
INFO - 26 de 09 3c 00 0a ad 00
INFO - 26 e0 49 3c 00 0a a3 00
INFO - 26 e2 89 3c 00 0a b6 00
INFO - 26 e5 c9 3c 00 0a be 00
INFO - 26 e7 09 3c 00 0a a5 00
INFO - 26 e9 49 3c 00 0a a3 00
INFO - 26 eb 89 3c 00 0a a9 00
INFO - 26 ed c9 3c 00 0a 87 00
INFO - 26 ef 09 3c 00 0a aa 00
INFO - 26 f0 49 3c 00 0a 87 00
INFO - 26 f2 89 3c 00 0a a2 00
INFO - 26 f4 c9 3c 00 0a 8e 00
INFO - 26 f6 09 3c 00 0a a0 00
INFO - 26 f8 49 3c 00 0a a4 00
INFO - 26 f9 89 3c 00 0a 9f 00
INFO - 26 fb c9 3c 00 0a 87 00
INFO - 26 fd 09 3c 00 0a a2 00
INFO - 26 ff 49 3c 00 0a 9f 00
INFO - 27 00 89 3c 00 0a 90 00
INFO - 27 02 c9 3c 00 0a a9 00
INFO - 27 04 09 3c 00 0a 91 00
INFO - 27 07 49 3c 00 0a bc 00
INFO - 27 09 89 3c 00 0a ad 00
INFO - 27 0a c9 3c 00 0a 8c 00
INFO - 27 0c 09 3c 00 0a ad 00
INFO - 27 0f 49 3c 00 0a b2 00
INFO - 27 12 89 3c 00 0a ca 00
INFO - 27 13 c9 3c 00 0a 9e 00
INFO - 27 15 09 3c 00 0a 9a 00
INFO - 27 17 49 3c 00 0a 9e 00
INFO - 27 19 89 3c 00 0a 97 00
INFO - 27 1a c9 3c 00 0a 86 00
INFO - 27 1c 09 3c 00 0a a7 00
INFO - 27 1e 49 3c 00 0a 92 00
INFO - 27 20 89 3c 00 0a 94 00
INFO - 27 22 c9 3c 00 0a 9e 00
INFO - 27 23 09 3c 00 0a a0 00
INFO - 27 25 49 3c 00 0a 97 00
INFO - 27 27 89 3c 00 0a 8f 00
INFO - 27 29 c9 3c 00 0a 9d 00
INFO - 27 2a 09 3c 00 0a 96 00
INFO - 27 2c 49 3c 00 0a 99 00
INFO - 27 2e 89 3c 00 0a 96 00
INFO - 27 30 c9 3c 00 0a ba 00
INFO - 27 33 09 3c 00 0a bf 00
INFO - 27 35 49 3c 00 0a b0 00
INFO - 27 38 89 3c 00 0a cf 00
INFO - 27 3a c9 3c 00 0a 8c 00
INFO - 27 3b 09 3c 00 0a 96 00
INFO - 27 3d 49 3c 00 0a 85 00
INFO - 27 3f 89 3c 00 0a c2 00
INFO - 27 41 c9 3c 00 0a 82 00
INFO - 27 43 09 3c 00 0a a8 00
INFO - 27 45 49 3c 00 0a 98 00
INFO - 27 47 89 3c 00 0a a1 00
INFO - 27 48 c9 3c 00 0a 93 00
INFO - 27 4b 09 3c 00 0a cd 00
INFO - 27 4c 49 3c 00 0a 81 00
INFO - 27 4e 89 3c 00 0a 95 00
INFO - 27 50 c9 3c 00 0a 94 00
INFO - 27 52 09 3c 00 0a 9e 00
INFO - 27 53 49 3c 00 0a 7a 00
INFO - 27 55 89 3c 00 0a ae 00
INFO - 27 57 c9 3c 00 0a a6 00
INFO - 27 59 09 3c 00 0a af 00
INFO - 27 5b 49 3c 00 0a 9c 00
INFO - 27 5d 89 3c 00 0a 9d 00
INFO - 27 5e c9 3c 00 0a 80 00
INFO - 27 60 09 3c 00 0a ae 00
INFO - 27 62 49 3c 00 0a 89 00
INFO - 27 64 89 3c 00 0a ae 00
INFO - 27 66 c9 3c 00 0a 93 00
INFO - 27 68 09 3c 00 0a a5 00
INFO - 27 69 49 3c 00 0a 92 00
INFO - 27 6c 89 3c 00 0a b7 00
INFO - 27 6e c9 3c 00 0a ad 00
INFO - 27 70 09 3c 00 0a 92 00
INFO - 27 71 49 3c 00 0a 92 00
INFO - 27 73 89 3c 00 0a 93 00
INFO - 27 75 c9 3c 00 0a 91 00
INFO - 27 76 09 3c 00 0a 9d 00
INFO - 27 78 49 3c 00 0a 89 00
INFO - 27 7a 89 3c 00 0a a5 00
INFO - 27 7c c9 3c 00 0a 93 00
INFO - 27 7d 09 3c 00 0a 93 00
INFO - 27 7f 49 3c 00 0a a5 00
INFO - 27 81 89 3c 00 0a 93 00
INFO - 27 83 c9 3c 00 0a 93 00
INFO - 27 84 09 3c 00 0a 81 00
INFO - 27 86 49 3c 00 0a a4 00
INFO - 27 87 89 3c 00 0a 79 00
INFO - 27 89 c9 3c 00 0a 93 00
INFO - 27 8a 09 3c 00 0a 8a 00
INFO - 27 8d 49 3c 00 0a b9 00
INFO - 27 8f 89 3c 00 0a a5 00
INFO - 27 90 c9 3c 00 0a 95 00
INFO - 27 93 09 3c 00 0a b0 00
INFO - 27 95 49 3c 00 0a c1 00
INFO - 27 97 89 3c 00 0a 83 00
INFO - 27 99 c9 3c 00 0a b0 00
INFO - 27 9d 09 3c 00 0b 1f 00
INFO - 27 9f 49 3c 00 0a 8d 00
INFO - 27 a1 89 3c 00 0a a5 00
INFO - 27 a3 c9 3c 00 0a 96 00
INFO - 27 a4 09 3c 00 0a 8b 00
INFO - 27 a6 49 3c 00 0a 8c 00
INFO - 27 a8 89 3c 00 0a 9d 00
INFO - 27 a9 c9 3c 00 0a 8d 00
INFO - 27 ab 09 3c 00 0a af 00
INFO - 27 ad 49 3c 00 0a 84 00
INFO - 27 ae 89 3c 00 0a 8c 00
INFO - 27 b0 c9 3c 00 0a a6 00
INFO - 27 b3 09 3c 00 0a cf 00
INFO - 27 b5 49 3c 00 0a b0 00
INFO - 27 b7 89 3c 00 0a a0 00
INFO - 27 b9 c9 3c 00 0a 9d 00
INFO - 27 bb 09 3c 00 0a 8d 00
INFO - 27 bc 49 3c 00 0a 93 00
INFO - 27 be 89 3c 00 0a 99 00
INFO - 27 c0 c9 3c 00 0a 91 00
INFO - 27 c2 09 3c 00 0a b6 00
INFO - 27 c4 49 3c 00 0a 84 00
INFO - 27 c6 89 3c 00 0a af 00
INFO - 27 c7 c9 3c 00 0a 8a 00
INFO - 27 c9 09 3c 00 0a 9e 00
INFO - 27 cb 49 3c 00 0a 9b 00
INFO - 27 cd 89 3c 00 0a 9c 00
INFO - 27 cf c9 3c 00 0a b9 00
INFO - 27 d1 09 3c 00 0a 9b 00
INFO - 27 d2 49 3c 00 0a 80 00
INFO - 27 d4 89 3c 00 0a 89 00
INFO - 27 d5 c9 3c 00 0a 93 00
INFO - 27 d7 09 3c 00 0a a3 00
INFO - 27 d9 49 3c 00 0a 89 00
INFO - 27 db 89 3c 00 0a a4 00
INFO - 27 dd c9 3c 00 0a ab 00
INFO - 27 de 09 3c 00 0a 7f 00
INFO - 27 e1 49 3c 00 0a ac 00
INFO - 27 e3 89 3c 00 0a ad 00
INFO - 27 e5 c9 3c 00 0a c4 00
INFO - 27 e7 09 3c 00 0a 99 00
INFO - 27 e9 49 3c 00 0a a1 00
INFO - 27 eb 89 3c 00 0a 91 00
INFO - 27 ec c9 3c 00 0a 84 00
INFO - 27 ee 09 3c 00 0a aa 00
INFO - 27 f1 49 3c 00 0a c4 00
INFO - 27 f3 89 3c 00 0a 9d 00
INFO - 27 f4 c9 3c 00 0a 87 00
INFO - 27 f6 09 3c 00 0a 99 00
INFO - 27 f8 49 3c 00 0a 96 00
INFO - 27 f9 89 3c 00 0a 85 00
INFO - 27 fa c9 3c 00 0a 85 00
INFO - 27 fc 09 3c 00 0a 96 00
INFO - 27 ff 49 3c 00 0a b8 00
INFO - 28 00 89 3c 00 0a 73 00
INFO - 28 02 c9 3c 00 0a b7 00
INFO - 28 03 09 3c 00 0a 61 00
INFO - 28 05 49 3c 00 0a a9 00
INFO - 28 07 89 3c 00 0a 94 00
INFO - 28 08 c9 3c 00 0a 84 00
INFO - 28 0a 09 3c 00 0a 8c 00
INFO - 28 0b 49 3c 00 0a 8c 00
INFO - 28 0e 89 3c 00 0a b5 00
INFO - 28 11 c9 3c 00 0a e3 00
INFO - 28 13 09 3c 00 0a 8b 00
INFO - 28 14 49 3c 00 0a 93 00
INFO - 28 16 89 3c 00 0a 82 00
INFO - 28 17 c9 3c 00 0a 7a 00
INFO - 28 18 09 3c 00 0a 8a 00
INFO - 28 1a 49 3c 00 0a 8a 00
INFO - 28 1c 89 3c 00 0a ab 00
INFO - 28 1e c9 3c 00 0a 92 00
INFO - 28 20 09 3c 00 0a ba 00
INFO - 28 21 49 3c 00 0a 8a 00
INFO - 28 23 89 3c 00 0a 9a 00
INFO - 28 26 c9 3c 00 0a c3 00
INFO - 28 27 09 3c 00 0a 81 00
INFO - 28 29 49 3c 00 0a 92 00
INFO - 28 2a 89 3c 00 0a 89 00
INFO - 28 2c c9 3c 00 0a aa 00
INFO - 28 2e 09 3c 00 0a 92 00
INFO - 28 30 49 3c 00 0a a1 00
INFO - 28 31 89 3c 00 0a 81 00
INFO - 28 33 c9 3c 00 0a 89 00
INFO - 28 34 09 3c 00 0a 81 00
INFO - 28 36 49 3c 00 0a 89 00
INFO - 28 37 89 3c 00 0a 79 00
INFO - 28 38 c9 3c 00 0a 90 00
INFO - 28 3a 09 3c 00 0a 81 00
INFO - 28 3b 49 3c 00 0a 80 00
INFO - 28 3c 89 3c 00 0a 88 00
INFO - 28 3e c9 3c 00 0a 88 00
INFO - 28 3f 09 3c 00 0a 88 00
INFO - 28 41 49 3c 00 0a 8c 00
INFO - 28 43 89 3c 00 0a a0 00
INFO - 28 45 c9 3c 00 0a c0 00
INFO - 28 48 09 3c 00 0a b8 00
INFO - 28 49 49 3c 00 0a 7f 00
INFO - 28 4a 89 3c 00 0a 88 00
INFO - 28 4c c9 3c 00 0a 87 00
INFO - 28 4e 09 3c 00 0a 98 00
INFO - 28 4e 49 3c 00 0a 98 00
INFO - 28 4e 89 3c 00 0a 98 00
INFO - 28 4e c9 3c 00 0a 98 00
INFO - 28 4e 09 3c 00 0a 98 00
INFO - 28 4e 49 3c 00 0a 98 00
INFO - 28 4e 89 3c 00 0a 98 00
INFO - 28 4e c9 3c 00 0a 98 00
INFO - 28 4e 09 3c 00 0a 98 00
INFO - 28 4e 49 3c 00 0a 98 00
INFO - 28 4e 89 3c 00 0a 98 00
INFO - 28 4e c9 3c 00 0a 98 00
