INFO - 20 00 09 3c 00 0a 40 00
INFO - 20 04 49 3c 00 0b 05 00
INFO - 20 12 89 3c 00 0a a2 00
INFO - 20 15 c9 3c 00 0a cd 00
INFO - 20 15 09 3c 00 0a cd 00
INFO - 20 15 49 3c 00 0a cd 00
INFO - 20 16 89 3c 00 0a 51 00
INFO - 20 16 c9 3c 00 0a 51 00
INFO - 20 1d 09 3c 00 0a fe 00
INFO - 20 1d 49 3c 00 0a fe 00
INFO - 20 27 89 3c 00 0b 29 00
INFO - 20 27 c9 3c 00 0b 29 00
INFO - 20 27 09 3c 00 0b 29 00
INFO - 20 27 49 3c 00 0b 29 00
INFO - 20 2c 89 3c 00 0a 7c 00
INFO - 20 30 c9 3c 00 0b 03 00
INFO - 20 30 09 3c 00 0b 03 00
INFO - 20 37 49 3c 00 0a fb 00
INFO - 20 37 89 3c 00 0a fb 00
INFO - 20 39 c9 3c 00 0a 64 00
INFO - 20 3e 09 3c 00 0b 63 00
INFO - 20 41 49 3c 00 0a c6 00
INFO - 20 41 89 3c 00 0a c6 00
INFO - 20 44 c9 3c 00 0a 7e 00
INFO - 20 44 09 3c 00 0a 7e 00
INFO - 20 49 49 3c 00 0a cb 00
INFO - 20 49 89 3c 00 0a cb 00
INFO - 20 49 c9 3c 00 0a cb 00
INFO - 20 50 09 3c 00 0a b2 00
INFO - 20 50 49 3c 00 0a b2 00
INFO - 20 57 89 3c 00 0a f2 00
INFO - 20 57 c9 3c 00 0a f2 00
INFO - 20 5f 09 3c 00 0b 06 00
INFO - 20 63 49 3c 00 0a ea 00
INFO - 20 65 89 3c 00 0a a2 00
INFO - 20 67 c9 3c 00 0a cb 00
INFO - 20 6a 09 3c 00 0a b0 00
INFO - 20 6c 49 3c 00 0a a1 00
INFO - 20 6f 89 3c 00 0a d5 00
INFO - 20 70 c9 3c 00 0a 9a 00
INFO - 20 73 09 3c 00 0a ad 00
INFO - 20 77 49 3c 00 0b 08 00
INFO - 20 78 89 3c 00 0a 8e 00
INFO - 20 7b c9 3c 00 0a d3 00
INFO - 20 7d 09 3c 00 0a a8 00
INFO - 20 7f 49 3c 00 0a a2 00
INFO - 20 83 89 3c 00 0b 01 00
INFO - 20 85 c9 3c 00 0a af 00
INFO - 20 88 09 3c 00 0a d9 00
INFO - 20 8b 49 3c 00 0a c3 00
INFO - 20 8e 89 3c 00 0a d7 00
INFO - 20 91 c9 3c 00 0a c4 00
INFO - 20 93 09 3c 00 0a be 00
INFO - 20 96 49 3c 00 0a d1 00
INFO - 20 99 89 3c 00 0a be 00
INFO - 20 9c c9 3c 00 0a e9 00
INFO - 20 9f 09 3c 00 0a c5 00
INFO - 20 a1 49 3c 00 0a be 00
INFO - 20 a4 89 3c 00 0a b9 00
INFO - 20 a7 c9 3c 00 0a f3 00
INFO - 20 a9 09 3c 00 0a ab 00
INFO - 20 ad 49 3c 00 0a f3 00
INFO - 20 b0 89 3c 00 0a c5 00
INFO - 20 b2 c9 3c 00 0a 9c 00
INFO - 20 b4 09 3c 00 0a cc 00
INFO - 20 b6 49 3c 00 0a 9f 00
INFO - 20 b8 89 3c 00 0a a8 00
INFO - 20 bb c9 3c 00 0a c0 00
INFO - 20 be 09 3c 00 0a d3 00
INFO - 20 c1 49 3c 00 0a cd 00
INFO - 20 c3 89 3c 00 0a ac 00
INFO - 20 c6 c9 3c 00 0a de 00
INFO - 20 c9 09 3c 00 0a b3 00
INFO - 20 cb 49 3c 00 0a 84 00
INFO - 20 ce 89 3c 00 0a b7 00
INFO - 20 d0 c9 3c 00 0a b7 00
INFO - 20 d2 09 3c 00 0a aa 00
INFO - 20 d5 49 3c 00 0a c5 00
INFO - 20 d7 89 3c 00 0a c4 00
INFO - 20 da c9 3c 00 0a c2 00
INFO - 20 dc 09 3c 00 0a ad 00
INFO - 20 df 49 3c 00 0a c6 00
INFO - 20 e2 89 3c 00 0a d3 00
INFO - 20 e5 c9 3c 00 0a d3 00
INFO - 20 e8 09 3c 00 0a c5 00
INFO - 20 eb 49 3c 00 0a e1 00
INFO - 20 ed 89 3c 00 0a 9e 00
INFO - 20 f0 c9 3c 00 0a ee 00
INFO - 20 f3 09 3c 00 0a b9 00
INFO - 20 f7 49 3c 00 0b 0a 00
INFO - 20 fa 89 3c 00 0a d5 00
INFO - 20 fc c9 3c 00 0a ab 00
INFO - 20 ff 09 3c 00 0a c8 00
INFO - 21 01 49 3c 00 0a ac 00
INFO - 21 03 89 3c 00 0a ba 00
INFO - 21 08 c9 3c 00 0b 28 00
INFO - 21 0b 09 3c 00 0a e6 00
INFO - 21 0e 49 3c 00 0a b8 00
INFO - 21 0f 89 3c 00 0a 92 00
INFO - 21 12 c9 3c 00 0a d5 00
INFO - 21 16 09 3c 00 0a f1 00
INFO - 21 1a 49 3c 00 0a f2 00
INFO - 21 1d 89 3c 00 0a da 00
INFO - 21 1f c9 3c 00 0a b9 00
INFO - 21 22 09 3c 00 0a e5 00
INFO - 21 25 49 3c 00 0a d9 00
INFO - 21 28 89 3c 00 0a ad 00
INFO - 21 2c c9 3c 00 0b 2a 00
INFO - 21 2f 09 3c 00 0a da 00
INFO - 21 32 49 3c 00 0a bb 00
INFO - 21 34 89 3c 00 0a a2 00
INFO - 21 37 c9 3c 00 0a c9 00
INFO - 21 3a 09 3c 00 0a f6 00
INFO - 21 3d 49 3c 00 0a ca 00
INFO - 21 3f 89 3c 00 0a b0 00
INFO - 21 41 c9 3c 00 0a a1 00
INFO - 21 44 09 3c 00 0a be 00
INFO - 21 47 49 3c 00 0a e7 00
INFO - 21 4a 89 3c 00 0a cc 00
INFO - 21 4d c9 3c 00 0a db 00
INFO - 21 51 09 3c 00 0a e8 00
INFO - 21 53 49 3c 00 0a bf 00
INFO - 21 55 89 3c 00 0a a2 00
INFO - 21 59 c9 3c 00 0a e9 00
INFO - 21 5b 09 3c 00 0a cd 00
INFO - 21 5e 49 3c 00 0a da 00
INFO - 21 61 89 3c 00 0a ce 00
INFO - 21 65 c9 3c 00 0b 06 00
INFO - 21 68 09 3c 00 0a cd 00
INFO - 21 6b 49 3c 00 0a 8f 00
INFO - 21 6f 89 3c 00 0a f6 00
INFO - 21 74 c9 3c 00 0b 0d 00
INFO - 21 76 09 3c 00 0a b4 00
INFO - 21 78 49 3c 00 0a 7f 00
INFO - 21 7b 89 3c 00 0a c1 00
INFO - 21 7e c9 3c 00 0a dc 00
INFO - 21 80 09 3c 00 0a b2 00
INFO - 21 84 49 3c 00 0a dc 00
INFO - 21 85 89 3c 00 0a 95 00
INFO - 21 88 c9 3c 00 0a c0 00
INFO - 21 8a 09 3c 00 0a a3 00
INFO - 21 8e 49 3c 00 0b 23 00
INFO - 21 91 89 3c 00 0a b3 00
INFO - 21 93 c9 3c 00 0a bd 00
INFO - 21 97 09 3c 00 0a e9 00
INFO - 21 99 49 3c 00 0a bf 00
INFO - 21 9c 89 3c 00 0a be 00
INFO - 21 9f c9 3c 00 0a e9 00
INFO - 21 a2 09 3c 00 0a be 00
INFO - 21 a4 49 3c 00 0a b0 00
INFO - 21 a7 89 3c 00 0a cc 00
INFO - 21 a9 c9 3c 00 0a bd 00
INFO - 21 ac 09 3c 00 0a be 00
INFO - 21 af 49 3c 00 0a d9 00
INFO - 21 b1 89 3c 00 0a ad 00
INFO - 21 b5 c9 3c 00 0b 03 00
INFO - 21 b8 09 3c 00 0a cb 00
INFO - 21 bb 49 3c 00 0a d8 00
INFO - 21 bd 89 3c 00 0a ac 00
INFO - 21 c0 c9 3c 00 0a cc 00
INFO - 21 c2 09 3c 00 0a 92 00
INFO - 21 c8 49 3c 00 0b 70 00
INFO - 21 ca 89 3c 00 0a af 00
INFO - 21 cd c9 3c 00 0a c9 00
INFO - 21 d0 09 3c 00 0a c9 00
INFO - 21 d2 49 3c 00 0a ac 00
INFO - 21 d6 89 3c 00 0b 0e 00
INFO - 21 d9 c9 3c 00 0a c7 00
INFO - 21 dd 09 3c 00 0b 0a 00
INFO - 21 e0 49 3c 00 0a c9 00
INFO - 21 e2 89 3c 00 0a c6 00
INFO - 21 e5 c9 3c 00 0a c7 00
INFO - 21 e8 09 3c 00 0a c9 00
INFO - 21 ea 49 3c 00 0a ac 00
INFO - 21 ed 89 3c 00 0a e2 00
INFO - 21 f0 c9 3c 00 0a d2 00
INFO - 21 f3 09 3c 00 0a e1 00
INFO - 21 f6 49 3c 00 0a d5 00
INFO - 21 f9 89 3c 00 0a ab 00
INFO - 21 fc c9 3c 00 0a e0 00
INFO - 21 fd 09 3c 00 0a 8f 00
INFO - 22 00 49 3c 00 0a d4 00
INFO - 22 02 89 3c 00 0a 9c 00
INFO - 22 05 c9 3c 00 0a 89 00
INFO - 22 07 09 3c 00 0a ac 00
INFO - 22 09 49 3c 00 0a a9 00
INFO - 22 0c 89 3c 00 0a d3 00
INFO - 22 0f c9 3c 00 0a b5 00
INFO - 22 11 09 3c 00 0a b9 00
INFO - 22 14 49 3c 00 0a c3 00
INFO - 22 16 89 3c 00 0a a9 00
INFO - 22 19 c9 3c 00 0a d1 00
INFO - 22 1c 09 3c 00 0a c3 00
INFO - 22 1e 49 3c 00 0a c4 00
INFO - 22 21 89 3c 00 0a b5 00
INFO - 22 23 c9 3c 00 0a b6 00
INFO - 22 27 09 3c 00 0b 04 00
INFO - 22 28 49 3c 00 0a 8e 00
INFO - 22 2d 89 3c 00 0b 2a 00
INFO - 22 31 c9 3c 00 0a c5 00
INFO - 22 33 09 3c 00 0a c2 00
INFO - 22 36 49 3c 00 0a c4 00
INFO - 22 38 89 3c 00 0a c1 00
INFO - 22 3c c9 3c 00 0a dc 00
INFO - 22 3d 09 3c 00 0a 8e 00
INFO - 22 42 49 3c 00 0b 1c 00
INFO - 22 44 89 3c 00 0a b5 00
INFO - 22 47 c9 3c 00 0a e9 00
INFO - 22 49 09 3c 00 0a 9b 00
INFO - 22 4c 49 3c 00 0a dc 00
INFO - 22 4e 89 3c 00 0a 9a 00
INFO - 22 52 c9 3c 00 0a e8 00
INFO - 22 54 09 3c 00 0a a8 00
INFO - 22 57 49 3c 00 0a ca 00
INFO - 22 5b 89 3c 00 0b 02 00
INFO - 22 5d c9 3c 00 0a a7 00
INFO - 22 60 09 3c 00 0a cd 00
INFO - 22 62 49 3c 00 0a a9 00
INFO - 22 64 89 3c 00 0a b4 00
INFO - 22 67 c9 3c 00 0a c2 00
INFO - 22 6a 09 3c 00 0a db 00
INFO - 22 6d 49 3c 00 0a cf 00
INFO - 22 71 89 3c 00 0b 02 00
INFO - 22 73 c9 3c 00 0a a7 00
INFO - 22 77 09 3c 00 0b 02 00
INFO - 22 7a 49 3c 00 0a f5 00
INFO - 22 7d 89 3c 00 0a c1 00
INFO - 22 80 c9 3c 00 0a d9 00
INFO - 22 82 09 3c 00 0a a9 00
INFO - 22 84 49 3c 00 0a a8 00
INFO - 22 86 89 3c 00 0a b4 00
INFO - 22 88 c9 3c 00 0a 9a 00
INFO - 22 8b 09 3c 00 0a c1 00
INFO - 22 8d 49 3c 00 0a a5 00
INFO - 22 91 89 3c 00 0a f7 00
INFO - 22 93 c9 3c 00 0a a4 00
INFO - 22 95 09 3c 00 0a b6 00
INFO - 22 97 49 3c 00 0a b3 00
INFO - 22 9a 89 3c 00 0a b0 00
INFO - 22 9c c9 3c 00 0a c3 00
INFO - 22 9f 09 3c 00 0a bd 00
INFO - 22 a1 49 3c 00 0a b5 00
INFO - 22 a4 89 3c 00 0a ca 00
INFO - 22 a7 c9 3c 00 0a 87 00
INFO - 22 aa 09 3c 00 0a ef 00
INFO - 22 ad 49 3c 00 0a cd 00
INFO - 22 b0 89 3c 00 0a c8 00
INFO - 22 b4 c9 3c 00 0b 00 00
INFO - 22 b7 09 3c 00 0a ee 00
INFO - 22 b9 49 3c 00 0a a7 00
INFO - 22 bb 89 3c 00 0a a2 00
INFO - 22 be c9 3c 00 0a b4 00
INFO - 22 bf 09 3c 00 0a 95 00
INFO - 22 c3 49 3c 00 0a f3 00
INFO - 22 c7 89 3c 00 0a f1 00
INFO - 22 c9 c9 3c 00 0a ae 00
INFO - 22 cb 09 3c 00 0a bf 00
INFO - 22 cd 49 3c 00 0a a8 00
INFO - 22 d0 89 3c 00 0a c7 00
INFO - 22 d3 c9 3c 00 0a d7 00
INFO - 22 d6 09 3c 00 0a bf 00
INFO - 22 d9 49 3c 00 0a d8 00
INFO - 22 dc 89 3c 00 0a ce 00
INFO - 22 de c9 3c 00 0a af 00
INFO - 22 e1 09 3c 00 0a c1 00
INFO - 22 e4 49 3c 00 0a d4 00
INFO - 22 e6 89 3c 00 0a c2 00
INFO - 22 e8 c9 3c 00 0a a3 00
INFO - 22 ea 09 3c 00 0a a6 00
INFO - 22 ed 49 3c 00 0a bf 00
INFO - 22 ee 89 3c 00 0a 8f 00
INFO - 22 f1 c9 3c 00 0a d6 00
INFO - 22 f3 09 3c 00 0a a6 00
INFO - 22 f6 49 3c 00 0a cd 00
INFO - 22 f8 89 3c 00 0a 8d 00
INFO - 22 fa c9 3c 00 0a b3 00
INFO - 22 fd 09 3c 00 0a b3 00
INFO - 22 fe 49 3c 00 0a 6d 00
INFO - 23 01 89 3c 00 0a c1 00
INFO - 23 03 c9 3c 00 0a b4 00
INFO - 23 07 09 3c 00 0a e5 00
INFO - 23 09 49 3c 00 0a c1 00
INFO - 23 0b 89 3c 00 0a 9a 00
INFO - 23 0e c9 3c 00 0a db 00
INFO - 23 12 09 3c 00 0b 10 00
INFO - 23 15 49 3c 00 0a a8 00
INFO - 23 17 89 3c 00 0a d0 00
INFO - 23 1a c9 3c 00 0a b5 00
INFO - 23 1d 09 3c 00 0a cf 00
INFO - 23 21 49 3c 00 0b 04 00
INFO - 23 24 89 3c 00 0a dd 00
INFO - 23 27 c9 3c 00 0a dd 00
INFO - 23 2b 09 3c 00 0a f8 00
INFO - 23 2e 49 3c 00 0a de 00
INFO - 23 31 89 3c 00 0a eb 00
INFO - 23 35 c9 3c 00 0b 05 00
INFO - 23 37 09 3c 00 0a a9 00
INFO - 23 3a 49 3c 00 0a c4 00
INFO - 23 3d 89 3c 00 0a c5 00
INFO - 23 3f c9 3c 00 0a aa 00
INFO - 23 43 09 3c 00 0b 06 00
INFO - 23 46 49 3c 00 0a d1 00
INFO - 23 49 89 3c 00 0a c7 00
INFO - 23 4b c9 3c 00 0a b8 00
INFO - 23 4e 09 3c 00 0a c5 00
INFO - 23 50 49 3c 00 0a aa 00
INFO - 23 53 89 3c 00 0a e3 00
INFO - 23 56 c9 3c 00 0a d4 00
INFO - 23 59 09 3c 00 0a 83 00
INFO - 23 5c 49 3c 00 0a c9 00
INFO - 23 5e 89 3c 00 0a b9 00
INFO - 23 62 c9 3c 00 0b 08 00
INFO - 23 65 09 3c 00 0a b9 00
INFO - 23 6a 49 3c 00 0b 26 00
INFO - 23 6d 89 3c 00 0a c5 00
INFO - 23 70 c9 3c 00 0a d5 00
INFO - 23 71 09 3c 00 0a 68 00
INFO - 23 75 49 3c 00 0b 08 00
INFO - 23 78 89 3c 00 0a ad 00
INFO - 23 7b c9 3c 00 0a dd 00
INFO - 23 7e 09 3c 00 0a d4 00
INFO - 23 82 49 3c 00 0a e9 00
INFO - 23 85 89 3c 00 0a dd 00
INFO - 23 88 c9 3c 00 0a aa 00
INFO - 23 8a 09 3c 00 0a c5 00
INFO - 23 8c 49 3c 00 0a 90 00
INFO - 23 8f 89 3c 00 0a ed 00
INFO - 23 91 c9 3c 00 0a 8e 00
INFO - 23 94 09 3c 00 0a de 00
INFO - 23 96 49 3c 00 0a b7 00
INFO - 23 99 89 3c 00 0a a9 00
INFO - 23 9c c9 3c 00 0a 89 00
INFO - 23 9d 09 3c 00 0a 9d 00
INFO - 23 a0 49 3c 00 0a cd 00
INFO - 23 a3 89 3c 00 0a dd 00
INFO - 23 a7 c9 3c 00 0a e9 00
INFO - 23 aa 09 3c 00 0a cf 00
INFO - 23 ac 49 3c 00 0a a8 00
INFO - 23 af 89 3c 00 0a dd 00
INFO - 23 b1 c9 3c 00 0a 99 00
INFO - 23 b4 09 3c 00 0a cd 00
INFO - 23 b7 49 3c 00 0a e8 00
INFO - 23 b9 89 3c 00 0a b5 00
INFO - 23 bc c9 3c 00 0a c1 00
INFO - 23 bf 09 3c 00 0a ce 00
INFO - 23 c1 49 3c 00 0a 9a 00
INFO - 23 c4 89 3c 00 0a f6 00
INFO - 23 c7 c9 3c 00 0a cd 00
INFO - 23 cb 09 3c 00 0b 0e 00
INFO - 23 ce 49 3c 00 0a cf 00
INFO - 23 d1 89 3c 00 0a ce 00
INFO - 23 d3 c9 3c 00 0a a7 00
INFO - 23 d5 09 3c 00 0a 9b 00
INFO - 23 d7 49 3c 00 0a b4 00
INFO - 23 da 89 3c 00 0a ce 00
INFO - 23 de c9 3c 00 0a e9 00
INFO - 23 e0 09 3c 00 0a b5 00
INFO - 23 e2 49 3c 00 0a a8 00
INFO - 23 e6 89 3c 00 0a f6 00
INFO - 23 e8 c9 3c 00 0a b5 00
INFO - 23 ec 09 3c 00 0a f7 00
INFO - 23 ee 49 3c 00 0a a9 00
INFO - 23 f0 89 3c 00 0a a9 00
INFO - 23 f3 c9 3c 00 0a dd 00
INFO - 23 f5 09 3c 00 0a a9 00
INFO - 23 f7 49 3c 00 0a a9 00
INFO - 23 fa 89 3c 00 0a bf 00
INFO - 23 fd c9 3c 00 0a c5 00
INFO - 24 00 09 3c 00 0a f9 00
INFO - 24 04 49 3c 00 0a fa 00
INFO - 24 08 89 3c 00 0a eb 00
INFO - 24 0a c9 3c 00 0a a8 00
INFO - 24 0c 09 3c 00 0a b7 00
INFO - 24 10 49 3c 00 0a ef 00
INFO - 24 12 89 3c 00 0a c2 00
INFO - 24 15 c9 3c 00 0a ba 00
INFO - 24 17 09 3c 00 0a c1 00
INFO - 24 1a 49 3c 00 0a d4 00
INFO - 24 1d 89 3c 00 0a 81 00
INFO - 24 1f c9 3c 00 0a ad 00
INFO - 24 21 09 3c 00 0a a7 00
INFO - 24 24 49 3c 00 0a d4 00
INFO - 24 27 89 3c 00 0a de 00
INFO - 24 2a c9 3c 00 0a b9 00
INFO - 24 2c 09 3c 00 0a 9d 00
INFO - 24 2e 49 3c 00 0a b6 00
INFO - 24 30 89 3c 00 0a b8 00
INFO - 24 34 c9 3c 00 0a e1 00
INFO - 24 36 09 3c 00 0a aa 00
INFO - 24 39 49 3c 00 0a d1 00
INFO - 24 3c 89 3c 00 0a dd 00
INFO - 24 3f c9 3c 00 0a ef 00
INFO - 24 42 09 3c 00 0a cf 00
INFO - 24 45 49 3c 00 0a d4 00
INFO - 24 4a 89 3c 00 0b 1f 00
INFO - 24 4c c9 3c 00 0a b7 00
INFO - 24 4e 09 3c 00 0a ac 00
INFO - 24 51 49 3c 00 0a b5 00
INFO - 24 54 89 3c 00 0a d2 00
INFO - 24 57 c9 3c 00 0a e2 00
INFO - 24 5a 09 3c 00 0a c1 00
INFO - 24 5c 49 3c 00 0a aa 00
INFO - 24 5e 89 3c 00 0a c4 00
INFO - 24 61 c9 3c 00 0a ad 00
INFO - 24 63 09 3c 00 0a b4 00
INFO - 24 65 49 3c 00 0a b7 00
INFO - 24 67 89 3c 00 0a aa 00
INFO - 24 6a c9 3c 00 0a b7 00
INFO - 24 6c 09 3c 00 0a b6 00
INFO - 24 6f 49 3c 00 0a b7 00
INFO - 24 71 89 3c 00 0a a9 00
INFO - 24 73 c9 3c 00 0a ac 00
INFO - 24 75 09 3c 00 0a a8 00
INFO - 24 78 49 3c 00 0a ea 00
INFO - 24 7b 89 3c 00 0a c3 00
INFO - 24 7d c9 3c 00 0a ab 00
INFO - 24 7f 09 3c 00 0a 99 00
INFO - 24 82 49 3c 00 0a 82 00
INFO - 24 8c 89 3c 00 0b fe 00
INFO - 24 8f c9 3c 00 0a c3 00
INFO - 24 92 09 3c 00 0a d0 00
INFO - 24 95 49 3c 00 0a c3 00
INFO - 24 97 89 3c 00 0a c2 00
INFO - 24 9a c9 3c 00 0a b5 00
INFO - 24 9b 09 3c 00 0a 8e 00
INFO - 24 9f 49 3c 00 0a ea 00
INFO - 24 a1 89 3c 00 0a a8 00
INFO - 24 a3 c9 3c 00 0a c2 00
INFO - 24 a5 09 3c 00 0a a8 00
INFO - 24 a8 49 3c 00 0a b6 00
INFO - 24 aa 89 3c 00 0a c2 00
INFO - 24 ae c9 3c 00 0a e8 00
INFO - 24 b1 09 3c 00 0a c3 00
INFO - 24 b3 49 3c 00 0a c2 00
INFO - 24 b6 89 3c 00 0a c2 00
INFO - 24 b9 c9 3c 00 0a ce 00
INFO - 24 bb 09 3c 00 0a b6 00
INFO - 24 be 49 3c 00 0a cf 00
INFO - 24 c0 89 3c 00 0a b7 00
INFO - 24 c3 c9 3c 00 0a d0 00
INFO - 24 c6 09 3c 00 0a ce 00
INFO - 24 c9 49 3c 00 0a b3 00
INFO - 24 cc 89 3c 00 0a e8 00
INFO - 24 ce c9 3c 00 0a a9 00
INFO - 24 d1 09 3c 00 0a c1 00
INFO - 24 d4 49 3c 00 0a e8 00
INFO - 24 d7 89 3c 00 0a c0 00
INFO - 24 d9 c9 3c 00 0a c2 00
INFO - 24 dc 09 3c 00 0a da 00
INFO - 24 e2 49 3c 00 0a aa 00
INFO - 24 e4 89 3c 00 0a a6 00
INFO - 24 e7 c9 3c 00 0a d0 00
INFO - 24 e9 09 3c 00 0a bf 00
INFO - 24 ec 49 3c 00 0a cd 00
INFO - 24 ee 89 3c 00 0a a8 00
INFO - 24 f2 c9 3c 00 0b 00 00
INFO - 24 f4 09 3c 00 0a a5 00
INFO - 24 f6 49 3c 00 0a ac 00
INFO - 24 f9 89 3c 00 0a d4 00
INFO - 24 fc c9 3c 00 0a ce 00
INFO - 24 ff 09 3c 00 0a b5 00
INFO - 25 01 49 3c 00 0a bf 00
INFO - 25 04 89 3c 00 0a c0 00
INFO - 25 07 c9 3c 00 0a da 00
INFO - 25 09 09 3c 00 0a a6 00
INFO - 25 0b 49 3c 00 0a a9 00
INFO - 25 0e 89 3c 00 0a be 00
INFO - 25 10 c9 3c 00 0a c1 00
INFO - 25 12 09 3c 00 0a b2 00
INFO - 25 16 49 3c 00 0a d9 00
INFO - 25 18 89 3c 00 0a a6 00
INFO - 25 1a c9 3c 00 0a bf 00
INFO - 25 1c 09 3c 00 0a a7 00
INFO - 25 20 49 3c 00 0b 0c 00
INFO - 25 22 89 3c 00 0a a5 00
INFO - 25 26 c9 3c 00 0a f1 00
INFO - 25 2b 09 3c 00 0a c8 00
INFO - 25 2d 49 3c 00 0a 9b 00
INFO - 25 2f 89 3c 00 0a a3 00
INFO - 25 32 c9 3c 00 0a e4 00
INFO - 25 34 09 3c 00 0a be 00
INFO - 25 38 49 3c 00 0a f0 00
INFO - 25 3a 89 3c 00 0a a5 00
INFO - 25 3e c9 3c 00 0a fd 00
INFO - 25 40 09 3c 00 0a bd 00
INFO - 25 43 49 3c 00 0a 8d 00
INFO - 25 46 89 3c 00 0a af 00
INFO - 25 48 c9 3c 00 0a bd 00
INFO - 25 4b 09 3c 00 0a ca 00
INFO - 25 4d 49 3c 00 0a a5 00
INFO - 25 50 89 3c 00 0a ee 00
INFO - 25 53 c9 3c 00 0a b1 00
INFO - 25 56 09 3c 00 0a ee 00
INFO - 25 58 49 3c 00 0a b1 00
INFO - 25 5a 89 3c 00 0a a4 00
INFO - 25 5d c9 3c 00 0a bc 00
INFO - 25 5f 09 3c 00 0a a4 00
INFO - 25 61 49 3c 00 0a bc 00
INFO - 25 63 89 3c 00 0a a4 00
INFO - 25 65 c9 3c 00 0a a5 00
INFO - 25 68 09 3c 00 0a c6 00
INFO - 25 6b 49 3c 00 0a c8 00
INFO - 25 6e 89 3c 00 0a e3 00
INFO - 25 71 c9 3c 00 0a ba 00
INFO - 25 73 09 3c 00 0a af 00
INFO - 25 75 49 3c 00 0a bb 00
INFO - 25 78 89 3c 00 0a bb 00
INFO - 25 7b c9 3c 00 0a c8 00
INFO - 25 7c 09 3c 00 0a 96 00
INFO - 25 7f 49 3c 00 0a c7 00
INFO - 25 81 89 3c 00 0a ae 00
INFO - 25 84 c9 3c 00 0a e2 00
INFO - 25 87 09 3c 00 0a ab 00
INFO - 25 8a 49 3c 00 0a de 00
INFO - 25 8d 89 3c 00 0a de 00
INFO - 25 8f c9 3c 00 0a a1 00
INFO - 25 92 09 3c 00 0a dd 00
INFO - 25 94 49 3c 00 0a a0 00
INFO - 25 96 89 3c 00 0a 95 00
INFO - 25 98 c9 3c 00 0a a0 00
INFO - 25 9a 09 3c 00 0a a0 00
INFO - 25 9c 49 3c 00 0a ae 00
INFO - 25 9e 89 3c 00 0a aa 00
INFO - 25 a1 c9 3c 00 0a c3 00
INFO - 25 a3 09 3c 00 0a b8 00
INFO - 25 a6 49 3c 00 0a e7 00
INFO - 25 a8 89 3c 00 0a a0 00
INFO - 25 ab c9 3c 00 0a c3 00
INFO - 25 ae 09 3c 00 0a c4 00
INFO - 25 af 49 3c 00 0a 9d 00
INFO - 25 b2 89 3c 00 0a d1 00
INFO - 25 b5 c9 3c 00 0a b3 00
INFO - 25 b6 09 3c 00 0a 92 00
INFO - 25 b9 49 3c 00 0a c2 00
INFO - 25 bc 89 3c 00 0a c3 00
INFO - 25 be c9 3c 00 0a ca 00
INFO - 25 c0 09 3c 00 0a aa 00
INFO - 25 c3 49 3c 00 0a b6 00
INFO - 25 c5 89 3c 00 0a 9c 00
INFO - 25 c7 c9 3c 00 0a b4 00
INFO - 25 c9 09 3c 00 0a 91 00
INFO - 25 cb 49 3c 00 0a aa 00
INFO - 25 cd 89 3c 00 0a 9b 00
INFO - 25 cf c9 3c 00 0a a9 00
INFO - 25 d1 09 3c 00 0a aa 00
INFO - 25 d3 49 3c 00 0a 9b 00
INFO - 25 d4 89 3c 00 0a 91 00
INFO - 25 d6 c9 3c 00 0a ab 00
INFO - 25 d8 09 3c 00 0a 90 00
INFO - 25 df 49 3c 00 0b 88 00
INFO - 25 e1 89 3c 00 0a c0 00
INFO - 25 e3 c9 3c 00 0a 9e 00
INFO - 25 e5 09 3c 00 0a 9d 00
INFO - 25 e8 49 3c 00 0a cd 00
INFO - 25 eb 89 3c 00 0a d9 00
INFO - 25 ef c9 3c 00 0b 09 00
INFO - 25 f2 09 3c 00 0a c2 00
INFO - 25 f4 49 3c 00 0a a0 00
INFO - 25 f6 89 3c 00 0a a9 00
INFO - 25 f8 c9 3c 00 0a 9e 00
INFO - 25 fa 09 3c 00 0a d0 00
INFO - 25 fe 49 3c 00 0a db 00
INFO - 26 00 89 3c 00 0a b7 00
INFO - 26 02 c9 3c 00 0a 93 00
INFO - 26 04 09 3c 00 0a 76 00
INFO - 26 06 49 3c 00 0a ad 00
INFO - 26 09 89 3c 00 0a c2 00
INFO - 26 0c c9 3c 00 0a e8 00
INFO - 26 10 09 3c 00 0a f4 00
INFO - 26 11 49 3c 00 0a 88 00
INFO - 26 15 89 3c 00 0a f5 00
INFO - 26 17 c9 3c 00 0a c4 00
INFO - 26 1a 09 3c 00 0a b9 00
INFO - 26 1d 49 3c 00 0a de 00
INFO - 26 1f 89 3c 00 0a ad 00
INFO - 26 21 c9 3c 00 0a a1 00
INFO - 26 24 09 3c 00 0a ba 00
INFO - 26 25 49 3c 00 0a a2 00
INFO - 26 28 89 3c 00 0a d2 00
INFO - 26 2b c9 3c 00 0a d3 00
INFO - 26 2d 09 3c 00 0a 96 00
INFO - 26 30 49 3c 00 0a c7 00
INFO - 26 33 89 3c 00 0a c7 00
INFO - 26 35 c9 3c 00 0a ae 00
INFO - 26 37 09 3c 00 0a c8 00
INFO - 26 3a 49 3c 00 0a bc 00
INFO - 26 3c 89 3c 00 0a b0 00
INFO - 26 3e c9 3c 00 0a ad 00
INFO - 26 41 09 3c 00 0a d7 00
INFO - 26 44 49 3c 00 0a b0 00
INFO - 26 46 89 3c 00 0a bd 00
INFO - 26 48 c9 3c 00 0a ae 00
INFO - 26 4b 09 3c 00 0a cb 00
INFO - 26 4d 49 3c 00 0a b1 00
INFO - 26 50 89 3c 00 0a ca 00
INFO - 26 53 c9 3c 00 0a be 00
INFO - 26 55 09 3c 00 0a a4 00
INFO - 26 58 49 3c 00 0a ca 00
INFO - 26 59 89 3c 00 0a 98 00
INFO - 26 5d c9 3c 00 0a f0 00
INFO - 26 5f 09 3c 00 0a bf 00
INFO - 26 61 49 3c 00 0a a3 00
INFO - 26 64 89 3c 00 0a c1 00
INFO - 26 67 c9 3c 00 0a e5 00
INFO - 26 69 09 3c 00 0a 99 00
INFO - 26 6d 49 3c 00 0a f0 00
INFO - 26 6f 89 3c 00 0a a9 00
INFO - 26 71 c9 3c 00 0a c0 00
INFO - 26 74 09 3c 00 0a db 00
INFO - 26 78 49 3c 00 0a e4 00
INFO - 26 7a 89 3c 00 0a aa 00
INFO - 26 7d c9 3c 00 0a db 00
INFO - 26 80 09 3c 00 0a be 00
INFO - 26 83 49 3c 00 0a ec 00
INFO - 26 85 89 3c 00 0a b3 00
INFO - 26 87 c9 3c 00 0a 9b 00
INFO - 26 89 09 3c 00 0a a8 00
INFO - 26 89 49 3c 00 0a a8 00
INFO - 26 89 89 3c 00 0a a8 00
INFO - 26 89 c9 3c 00 0a a8 00
INFO - 26 89 09 3c 00 0a a8 00
INFO - 26 89 49 3c 00 0a a8 00
INFO - 26 89 89 3c 00 0a a8 00
INFO - 26 89 c9 3c 00 0a a8 00
INFO - 26 89 09 3c 00 0a a8 00
INFO - 26 89 49 3c 00 0a a8 00
INFO - 26 89 89 3c 00 0a a8 00
