INFO - 40 00 49 00 f9 41 00 23
INFO - 40 65 89 00 f9 41 00 23
INFO - 41 6d c9 00 f9 41 00 23
INFO - 43 60 09 00 f9 41 00 23
INFO - 44 f6 49 00 f9 41 00 23
INFO - 45 54 89 00 f9 41 00 23
INFO - 45 e1 c9 00 f9 51 00 20
INFO - 46 24 09 00 f9 51 00 20
INFO - 46 59 49 00 f9 41 00 23
INFO - 46 d8 89 00 f9 41 00 23
INFO - 47 48 c9 00 f9 41 00 23
INFO - 49 3d 09 00 f9 41 00 23
INFO - 49 91 49 00 f9 41 00 23
INFO - 49 fe 89 00 f9 51 00 20
INFO - 4a 10 c9 00 f9 51 00 20
INFO - 4a 24 09 00 f9 41 00 24
INFO - 4a d3 49 00 f9 51 00 20
INFO - 4b 34 89 00 f9 41 00 23
INFO - 4b 4c c9 00 f9 41 00 23
INFO - 4b c7 09 00 f9 41 00 23
INFO - 4c 8e 49 00 f9 41 00 23
INFO - 4c ad 89 00 f9 51 00 20
INFO - 4c ce c9 00 f9 51 00 20
INFO - 4c f5 09 00 f9 41 00 24
