INFO - 40 00 48 00 f9 41 00 23
INFO - 41 32 88 00 f9 41 00 23
INFO - 43 3f c8 00 f9 41 00 23
INFO - 45 33 08 00 f9 41 00 23
INFO - 47 27 48 00 f9 41 00 23
INFO - 48 c9 88 00 f9 41 00 23
INFO - 49 43 c8 00 f9 41 00 23
INFO - 4a 52 08 00 f9 41 00 23
INFO - 4b 44 48 00 f9 51 00 20
INFO - 4b 94 88 00 f9 41 00 24
INFO - 4c 18 c8 00 f9 51 00 20
INFO - 4c 29 08 00 f9 51 00 20
INFO - 4c 37 48 00 f9 41 00 23
INFO - 4c 4d 88 00 f9 41 00 23
INFO - 4c e8 c8 00 f9 41 00 23
INFO - 4e 98 08 00 f9 41 00 23
INFO - 4e c9 48 00 f9 51 00 20
INFO - 4e e8 88 00 f9 51 00 20
INFO - 4f 01 c8 00 f9 41 00 24
INFO - 4f 31 08 00 f9 41 00 24
INFO - 50 d0 48 00 f9 41 00 24
INFO - 52 ca 88 00 f9 41 00 24
INFO - 53 4b c8 00 f9 41 00 24
INFO - 53 e5 08 00 f9 51 00 20
INFO - 53 f7 48 00 f9 51 00 20
INFO - 54 08 88 00 f9 41 00 23
INFO - 54 89 c8 00 f9 41 00 23
INFO - 55 20 08 00 f9 51 00 20
INFO - 55 77 48 00 f9 41 00 24
INFO - 56 2c 88 00 f9 51 00 20
INFO - 56 3c c8 00 f9 51 00 20
INFO - 56 4b 08 00 f9 41 00 23
INFO - 56 c3 48 00 f9 41 00 23
INFO - 57 33 88 00 f9 41 00 23
INFO - 59 1d c8 00 f9 41 00 23
INFO - 59 7e 08 00 f9 41 00 23
INFO - 59 e2 48 00 f9 51 00 20
INFO - 59 f2 88 00 f9 51 00 20
INFO - 5a 04 c8 00 f9 41 00 24
INFO - 5a 67 08 00 f9 51 00 20
INFO - 5a b2 48 00 f9 41 00 23
INFO - 5b 1b 88 00 f9 41 00 23
INFO - 5d 0f c8 00 f9 41 00 23
INFO - 5f 04 08 00 f9 41 00 23
INFO - 40 fa 48 00 f9 41 00 23
INFO - 41 f5 88 00 f9 51 00 20
INFO - 42 38 c8 00 f9 59 00 00
INFO - 42 68 08 00 f9 49 00 02
