INFO - a0 0c 88 40 57 00 00 02
INFO - a0 0c c8 40 57 00 00 02
INFO - a0 0c 08 40 57 00 00 02
INFO - a0 0c 48 40 57 00 00 02
INFO - a8 07 c8 40 57 00 00 02
INFO - a8 07 08 40 57 00 00 02
INFO - a8 07 48 40 57 00 00 02
INFO - a8 07 88 40 57 00 00 02
INFO - aa bd c8 40 57 00 00 02
INFO - aa bd 08 40 57 00 00 02
INFO - aa bd 48 40 57 00 00 02
INFO - aa bd 88 40 57 00 00 02
INFO - af 91 48 40 57 00 00 02
INFO - af 91 88 40 57 00 00 02
INFO - af 91 c8 40 57 00 00 02
INFO - af 91 08 40 57 00 00 02
INFO - af 91 48 40 57 00 00 02
INFO - b3 5c 48 40 57 00 00 02
INFO - b3 5c 88 40 57 00 00 02
INFO - b3 5c c8 40 57 00 00 02
INFO - b3 5c 08 40 57 00 00 02
INFO - b3 5c 48 40 57 00 00 02
INFO - b4 56 88 40 57 00 00 02
INFO - b4 56 c8 40 57 00 00 02
INFO - b4 56 08 40 57 00 00 02
INFO - b4 56 48 40 57 00 00 02
INFO - b5 22 08 40 57 00 00 02
INFO - b5 22 48 40 57 00 00 02
INFO - b5 22 88 40 57 00 00 02
INFO - b5 22 c8 40 57 00 00 02
INFO - ba b2 48 40 57 00 00 02
INFO - ba b2 88 40 57 00 00 02
INFO - ba b2 c8 40 57 00 00 02
INFO - ba b2 08 40 57 00 00 02
INFO - a1 73 c8 40 57 00 00 02
INFO - a1 73 08 40 57 00 00 02
INFO - a1 73 48 40 57 00 00 02
INFO - a1 73 88 40 57 00 00 02
