INFO - 40 00 48 00 f9 41 00 23
INFO - 40 d8 88 00 f9 41 00 23
INFO - 42 e5 c8 00 f9 41 00 23
INFO - 44 d9 08 00 f9 41 00 23
INFO - 46 cd 48 00 f9 41 00 23
INFO - 48 6f 88 00 f9 41 00 23
INFO - 48 e9 c8 00 f9 41 00 23
INFO - 49 f8 08 00 f9 41 00 23
INFO - 4a eb 48 00 f9 51 00 20
INFO - 4b 3b 88 00 f9 41 00 24
INFO - 4b be c8 00 f9 51 00 20
INFO - 4b d0 08 00 f9 51 00 20
INFO - 4b dd 48 00 f9 41 00 23
INFO - 4b f3 88 00 f9 41 00 23
INFO - 4c 8f c8 00 f9 41 00 23
INFO - 4e 3e 08 00 f9 41 00 23
INFO - 4e 6f 48 00 f9 51 00 20
INFO - 4e 8e 88 00 f9 51 00 20
INFO - 4e a7 c8 00 f9 41 00 24
INFO - 4e d7 08 00 f9 41 00 24
INFO - 50 76 48 00 f9 41 00 24
INFO - 52 70 88 00 f9 41 00 24
INFO - 52 f1 c8 00 f9 41 00 24
INFO - 53 8c 08 00 f9 51 00 20
INFO - 53 9d 48 00 f9 51 00 20
INFO - 53 ae 88 00 f9 41 00 23
INFO - 54 30 c8 00 f9 41 00 23
INFO - 54 c6 08 00 f9 51 00 20
INFO - 55 1d 48 00 f9 41 00 24
INFO - 55 d2 88 00 f9 51 00 20
INFO - 55 e2 c8 00 f9 51 00 20
INFO - 55 f1 08 00 f9 41 00 23
INFO - 56 69 48 00 f9 41 00 23
INFO - 56 d9 88 00 f9 41 00 23
INFO - 58 c3 c8 00 f9 41 00 23
INFO - 59 24 08 00 f9 41 00 23
INFO - 59 88 48 00 f9 51 00 20
INFO - 59 98 88 00 f9 51 00 20
INFO - 59 ab c8 00 f9 41 00 24
INFO - 5a 0d 08 00 f9 51 00 20
INFO - 5a 58 48 00 f9 41 00 23
INFO - 5a c1 88 00 f9 41 00 23
INFO - 5c b5 c8 00 f9 41 00 23
INFO - 5e aa 08 00 f9 41 00 23
INFO - 41 9b 48 00 f9 41 00 23
