INFO - 20 00 6a 3c 00 0a 40 00
INFO - 20 04 aa 3c 00 0a eb 00
INFO - 20 0c ea 3c 00 0a 8c 00
INFO - 20 15 2a 3c 00 0b fe 00
INFO - 20 18 6a 3c 00 0a c5 00
INFO - 20 18 aa 3c 00 0a c5 00
INFO - 20 1e ea 3c 00 0a cf 00
INFO - 20 20 2a 3c 00 0a c2 00
INFO - 20 24 6a 3c 00 0b 03 00
INFO - 20 27 aa 3c 00 0a ae 00
INFO - 20 2a ea 3c 00 0a dc 00
INFO - 20 2c 2a 3c 00 0a 82 00
INFO - 20 2c 6a 3c 00 0a 82 00
INFO - 20 2c aa 3c 00 0a 82 00
INFO - 20 2c ea 3c 00 0a 82 00
INFO - 20 39 2a 3c 00 0a e5 00
INFO - 20 39 6a 3c 00 0a e5 00
INFO - 20 3d aa 3c 00 0a 9b 00
INFO - 20 40 ea 3c 00 0a e9 00
INFO - 20 43 2a 3c 00 0a dc 00
INFO - 20 43 6a 3c 00 0a dc 00
INFO - 20 46 aa 3c 00 0a 8e 00
INFO - 20 4a ea 3c 00 0a 9b 00
INFO - 20 53 2a 3c 00 0b d2 00
INFO - 20 54 6a 3c 00 0a 81 00
INFO - 20 54 aa 3c 00 0a 81 00
INFO - 20 56 ea 3c 00 0a 5e 00
INFO - 20 56 2a 3c 00 0a 5e 00
INFO - 20 5b 6a 3c 00 0a c2 00
