INFO - 20 00 48 3c 00 0a 40 00
INFO - 20 0c 88 3c 00 0b b0 00
INFO - 20 1a c8 3c 00 0a c1 00
INFO - 20 1b 08 3c 00 0a 6b 00
INFO - 20 1b 48 3c 00 0a 6b 00
INFO - 20 24 88 3c 00 0b 16 00
INFO - 20 24 c8 3c 00 0b 16 00
INFO - 20 28 08 3c 00 0a a1 00
INFO - 20 2b 48 3c 00 0a e7 00
INFO - 20 2e 88 3c 00 0a cb 00
INFO - 20 30 c8 3c 00 0a a0 00
INFO - 20 30 08 3c 00 0a a0 00
INFO - 20 36 48 3c 00 0a ab 00
INFO - 20 37 88 3c 00 0a 79 00
INFO - 20 3b c8 3c 00 0b 11 00
INFO - 20 3b 08 3c 00 0b 11 00
INFO - 20 41 48 3c 00 0a cc 00
INFO - 20 43 88 3c 00 0a 94 00
INFO - 20 47 c8 3c 00 0b 23 00
INFO - 20 47 08 3c 00 0b 23 00
INFO - 20 47 48 3c 00 0b 23 00
INFO - 20 4c 88 3c 00 0a 8a 00
INFO - 20 50 c8 3c 00 0b 12 00
INFO - 20 50 08 3c 00 0b 12 00
INFO - 20 55 48 3c 00 0a af 00
INFO - 20 55 88 3c 00 0a af 00
INFO - 20 5e c8 3c 00 0b 2c 00
INFO - 20 62 08 3c 00 0a e5 00
INFO - 20 64 48 3c 00 0a a4 00
INFO - 20 67 88 3c 00 0a f5 00
INFO - 20 6b c8 3c 00 0b 0f 00
INFO - 20 6f 08 3c 00 0a f6 00
INFO - 20 73 48 3c 00 0a f5 00
INFO - 20 76 88 3c 00 0a d1 00
INFO - 20 79 c8 3c 00 0a cd 00
INFO - 20 7b 08 3c 00 0a bc 00
INFO - 20 7e 48 3c 00 0a cd 00
INFO - 20 80 88 3c 00 0a ae 00
INFO - 20 84 c8 3c 00 0b 05 00
INFO - 20 87 08 3c 00 0a cc 00
INFO - 20 8b 48 3c 00 0b 1e 00
INFO - 20 90 88 3c 00 0b 11 00
INFO - 20 92 c8 3c 00 0a cd 00
INFO - 20 97 08 3c 00 0b 12 00
INFO - 20 9a 48 3c 00 0a 8d 00
INFO - 20 9c 88 3c 00 0a b1 00
INFO - 20 9e c8 3c 00 0a a0 00
INFO - 20 a1 08 3c 00 0a db 00
INFO - 20 a4 48 3c 00 0a cc 00
INFO - 20 a7 88 3c 00 0a da 00
INFO - 20 a9 c8 3c 00 0a af 00
INFO - 20 ac 08 3c 00 0a bf 00
INFO - 20 b1 48 3c 00 0a d6 00
INFO - 20 b3 88 3c 00 0a a1 00
INFO - 20 b6 c8 3c 00 0a b1 00
INFO - 20 b8 08 3c 00 0a b0 00
INFO - 20 ba 48 3c 00 0a af 00
INFO - 20 bd 88 3c 00 0a da 00
INFO - 20 c0 c8 3c 00 0a da 00
INFO - 20 c3 08 3c 00 0a cb 00
INFO - 20 c7 48 3c 00 0a f4 00
INFO - 20 c9 88 3c 00 0a a1 00
INFO - 20 cb c8 3c 00 0a a1 00
INFO - 20 cd 08 3c 00 0a be 00
INFO - 20 d0 48 3c 00 0a bc 00
INFO - 20 d3 88 3c 00 0a e7 00
INFO - 20 d5 c8 3c 00 0a ae 00
INFO - 20 d7 08 3c 00 0a b0 00
INFO - 20 d9 48 3c 00 0a 9c 00
INFO - 20 dc 88 3c 00 0a b6 00
INFO - 20 de c8 3c 00 0a 9d 00
INFO - 20 e1 08 3c 00 0a bb 00
INFO - 20 e3 48 3c 00 0a cc 00
INFO - 20 e6 88 3c 00 0a ad 00
INFO - 20 e8 c8 3c 00 0a cc 00
INFO - 20 ea 08 3c 00 0a a0 00
INFO - 20 ed 48 3c 00 0a b0 00
INFO - 20 ef 88 3c 00 0a a1 00
INFO - 20 f1 c8 3c 00 0a ad 00
INFO - 20 f4 08 3c 00 0a da 00
INFO - 20 f8 48 3c 00 0b 0f 00
INFO - 20 fb 88 3c 00 0a d6 00
INFO - 20 ff c8 3c 00 0b 1d 00
INFO - 21 0a 08 3c 00 0b fe 00
INFO - 21 0d 48 3c 00 0a ba 00
INFO - 21 0f 88 3c 00 0a b1 00
INFO - 21 11 c8 3c 00 0a 9e 00
INFO - 21 13 08 3c 00 0a bd 00
INFO - 21 16 48 3c 00 0a cc 00
INFO - 21 1a 88 3c 00 0a f1 00
INFO - 21 1c c8 3c 00 0a a3 00
INFO - 21 1e 08 3c 00 0a c7 00
INFO - 21 21 48 3c 00 0a bc 00
INFO - 21 24 88 3c 00 0a ca 00
INFO - 21 26 c8 3c 00 0a cc 00
INFO - 21 2a 08 3c 00 0a e5 00
INFO - 21 2c 48 3c 00 0a ac 00
INFO - 21 30 88 3c 00 0a f5 00
INFO - 21 32 c8 3c 00 0a ac 00
INFO - 21 35 08 3c 00 0a f3 00
INFO - 21 38 48 3c 00 0a c9 00
INFO - 21 3b 88 3c 00 0a e5 00
INFO - 21 3d c8 3c 00 0a a1 00
INFO - 21 40 08 3c 00 0a cd 00
INFO - 21 43 48 3c 00 0a c7 00
INFO - 21 46 88 3c 00 0a cd 00
INFO - 21 48 c8 3c 00 0a b9 00
INFO - 21 4c 08 3c 00 0b 0f 00
INFO - 21 4f 48 3c 00 0a bf 00
INFO - 21 52 88 3c 00 0a c6 00
INFO - 21 54 c8 3c 00 0a bd 00
INFO - 21 57 08 3c 00 0a ca 00
INFO - 21 5a 48 3c 00 0a cd 00
INFO - 21 5c 88 3c 00 0a ba 00
INFO - 21 5f c8 3c 00 0a bf 00
INFO - 21 63 08 3c 00 0b 0c 00
INFO - 21 65 48 3c 00 0a be 00
INFO - 21 68 88 3c 00 0a b9 00
INFO - 21 6a c8 3c 00 0a bf 00
INFO - 21 6e 08 3c 00 0a f2 00
INFO - 21 70 48 3c 00 0a 76 00
INFO - 21 73 88 3c 00 0a cc 00
INFO - 21 76 c8 3c 00 0a e2 00
INFO - 21 79 08 3c 00 0a ae 00
INFO - 21 7e 48 3c 00 0a bc 00
INFO - 21 80 88 3c 00 0a b8 00
INFO - 21 82 c8 3c 00 0a a0 00
INFO - 21 85 08 3c 00 0a e4 00
INFO - 21 89 48 3c 00 0a e3 00
INFO - 21 8b 88 3c 00 0a 9f 00
INFO - 21 8d c8 3c 00 0a b0 00
INFO - 21 90 08 3c 00 0a ee 00
INFO - 21 93 48 3c 00 0a d5 00
INFO - 21 96 88 3c 00 0a bb 00
INFO - 21 98 c8 3c 00 0a af 00
INFO - 21 9b 08 3c 00 0a c8 00
INFO - 21 9e 48 3c 00 0a e0 00
INFO - 21 a0 88 3c 00 0a ad 00
INFO - 21 a4 c8 3c 00 0a fe 00
INFO - 21 a7 08 3c 00 0a e5 00
INFO - 21 ab 48 3c 00 0a e2 00
INFO - 21 ad 88 3c 00 0a aa 00
INFO - 21 b0 c8 3c 00 0a c7 00
INFO - 21 b2 08 3c 00 0a b0 00
INFO - 21 b5 48 3c 00 0a f0 00
INFO - 21 b7 88 3c 00 0a a9 00
INFO - 21 ba c8 3c 00 0a d4 00
INFO - 21 bd 08 3c 00 0a b9 00
INFO - 21 c1 48 3c 00 0a fd 00
INFO - 21 c4 88 3c 00 0a d5 00
INFO - 21 c6 c8 3c 00 0a c9 00
INFO - 21 ca 08 3c 00 0b 07 00
INFO - 21 cc 48 3c 00 0a 94 00
INFO - 21 d0 88 3c 00 0a fc 00
INFO - 21 d2 c8 3c 00 0a a8 00
INFO - 21 d4 08 3c 00 0a b9 00
INFO - 21 d7 48 3c 00 0a c6 00
INFO - 21 db 88 3c 00 0a fb 00
INFO - 21 de c8 3c 00 0a c5 00
INFO - 21 e0 08 3c 00 0a bc 00
INFO - 21 e3 48 3c 00 0a d0 00
INFO - 21 e5 88 3c 00 0a bb 00
INFO - 21 e8 c8 3c 00 0a a8 00
INFO - 21 eb 08 3c 00 0a f0 00
INFO - 21 ee 48 3c 00 0a b5 00
INFO - 21 f0 88 3c 00 0a b9 00
INFO - 21 f3 c8 3c 00 0a e0 00
INFO - 21 f6 08 3c 00 0a c5 00
INFO - 21 f8 48 3c 00 0a af 00
INFO - 21 fb 88 3c 00 0a c5 00
INFO - 21 fe c8 3c 00 0a cf 00
INFO - 22 01 08 3c 00 0a d6 00
INFO - 22 03 48 3c 00 0a b4 00
INFO - 22 05 88 3c 00 0a b8 00
INFO - 22 08 c8 3c 00 0a d5 00
INFO - 22 0b 08 3c 00 0a b4 00
INFO - 22 0e 48 3c 00 0a c7 00
INFO - 22 15 88 3c 00 0a bf 00
INFO - 22 17 c8 3c 00 0a ad 00
INFO - 22 19 08 3c 00 0a c2 00
INFO - 22 1c 48 3c 00 0a a9 00
INFO - 22 1d 88 3c 00 0a 86 00
INFO - 22 1f c8 3c 00 0a b4 00
INFO - 22 24 08 3c 00 0b 17 00
INFO - 22 26 48 3c 00 0a c1 00
INFO - 22 29 88 3c 00 0a b7 00
INFO - 22 2c c8 3c 00 0a ec 00
INFO - 22 2f 08 3c 00 0a c4 00
INFO - 22 32 48 3c 00 0a ed 00
INFO - 22 35 88 3c 00 0a d1 00
INFO - 22 38 c8 3c 00 0a c4 00
INFO - 22 3a 08 3c 00 0a bb 00
INFO - 22 3e 48 3c 00 0b 03 00
INFO - 22 41 88 3c 00 0a bb 00
INFO - 22 43 c8 3c 00 0a 9c 00
INFO - 22 45 08 3c 00 0a c5 00
INFO - 22 48 48 3c 00 0a c2 00
INFO - 22 4b 88 3c 00 0a c5 00
INFO - 22 4d c8 3c 00 0a ab 00
INFO - 22 4f 08 3c 00 0a 9d 00
INFO - 22 51 48 3c 00 0a a0 00
INFO - 22 53 88 3c 00 0a b5 00
INFO - 22 55 c8 3c 00 0a ad 00
INFO - 22 57 08 3c 00 0a 9a 00
INFO - 22 5a 48 3c 00 0a c4 00
INFO - 22 5c 88 3c 00 0a bb 00
INFO - 22 5f c8 3c 00 0a d2 00
INFO - 22 62 08 3c 00 0a dc 00
INFO - 22 65 48 3c 00 0a d6 00
INFO - 22 67 88 3c 00 0a a7 00
INFO - 22 69 c8 3c 00 0a ab 00
INFO - 22 71 08 3c 00 0b bf 00
INFO - 22 73 48 3c 00 0a ab 00
INFO - 22 78 88 3c 00 0b 14 00
INFO - 22 7a c8 3c 00 0a 97 00
INFO - 22 7d 08 3c 00 0a da 00
INFO - 22 80 48 3c 00 0a ba 00
INFO - 22 83 88 3c 00 0a dc 00
INFO - 22 85 c8 3c 00 0a ba 00
INFO - 22 87 08 3c 00 0a 9a 00
INFO - 22 8a 48 3c 00 0a ba 00
INFO - 22 8c 88 3c 00 0a b5 00
INFO - 22 8e c8 3c 00 0a a9 00
INFO - 22 90 08 3c 00 0a ad 00
INFO - 22 93 48 3c 00 0a c3 00
INFO - 22 95 88 3c 00 0a aa 00
INFO - 22 99 c8 3c 00 0b 06 00
INFO - 22 9c 08 3c 00 0a c4 00
INFO - 22 9e 48 3c 00 0a b7 00
INFO - 22 a0 88 3c 00 0a b7 00
INFO - 22 a3 c8 3c 00 0a b7 00
INFO - 22 a6 08 3c 00 0a d1 00
INFO - 22 a8 48 3c 00 0a 9c 00
INFO - 22 ab 88 3c 00 0a d0 00
INFO - 22 ad c8 3c 00 0a a9 00
INFO - 22 af 08 3c 00 0a a9 00
INFO - 22 b3 48 3c 00 0b 1f 00
INFO - 22 b6 88 3c 00 0a dd 00
INFO - 22 b9 c8 3c 00 0a b7 00
INFO - 22 bb 08 3c 00 0a b6 00
INFO - 22 be 48 3c 00 0a b5 00
INFO - 22 c1 88 3c 00 0a dd 00
INFO - 22 c3 c8 3c 00 0a a9 00
INFO - 22 c6 08 3c 00 0a d2 00
INFO - 22 c8 48 3c 00 0a b4 00
INFO - 22 cc 88 3c 00 0a ec 00
INFO - 22 ce c8 3c 00 0a b3 00
INFO - 22 d1 08 3c 00 0a dc 00
INFO - 22 d3 48 3c 00 0a b5 00
INFO - 22 d6 88 3c 00 0a ab 00
INFO - 22 d8 c8 3c 00 0a b3 00
INFO - 22 dc 08 3c 00 0a f9 00
INFO - 22 dd 48 3c 00 0a 98 00
INFO - 22 e0 88 3c 00 0a d0 00
INFO - 22 e3 c8 3c 00 0a b4 00
INFO - 22 e6 08 3c 00 0a df 00
INFO - 22 e9 48 3c 00 0a e7 00
INFO - 22 ec 88 3c 00 0a c4 00
INFO - 22 ee c8 3c 00 0a c0 00
INFO - 22 f2 08 3c 00 0a df 00
INFO - 22 f3 48 3c 00 0a 98 00
INFO - 22 f6 88 3c 00 0a c6 00
INFO - 22 f8 c8 3c 00 0a b3 00
INFO - 22 fc 08 3c 00 0a e0 00
INFO - 22 fe 48 3c 00 0a a5 00
INFO - 23 01 88 3c 00 0a eb 00
INFO - 23 04 c8 3c 00 0a d3 00
INFO - 23 06 08 3c 00 0a b3 00
INFO - 23 09 48 3c 00 0a d4 00
INFO - 23 0b 88 3c 00 0a 8b 00
INFO - 23 0e c8 3c 00 0a e1 00
INFO - 23 10 08 3c 00 0a a6 00
INFO - 23 12 48 3c 00 0a a0 00
INFO - 23 14 88 3c 00 0a a6 00
INFO - 23 16 c8 3c 00 0a aa 00
INFO - 23 19 08 3c 00 0a b6 00
INFO - 23 1b 48 3c 00 0a c7 00
INFO - 23 1e 88 3c 00 0a b4 00
INFO - 23 20 c8 3c 00 0a b6 00
INFO - 23 24 08 3c 00 0a f9 00
INFO - 23 26 48 3c 00 0a ad 00
INFO - 23 2a 88 3c 00 0a f5 00
INFO - 23 2c c8 3c 00 0a 77 00
INFO - 23 2f 08 3c 00 0a db 00
INFO - 23 31 48 3c 00 0a ad 00
INFO - 23 35 88 3c 00 0b 0f 00
INFO - 23 38 c8 3c 00 0a c5 00
INFO - 23 3b 08 3c 00 0a db 00
INFO - 23 3f 48 3c 00 0a f8 00
INFO - 23 41 88 3c 00 0a b7 00
INFO - 23 44 c8 3c 00 0a c5 00
INFO - 23 47 08 3c 00 0a cd 00
INFO - 23 49 48 3c 00 0a c4 00
INFO - 23 4d 88 3c 00 0a eb 00
INFO - 23 50 c8 3c 00 0a ea 00
INFO - 23 52 08 3c 00 0a ab 00
INFO - 23 55 48 3c 00 0a b3 00
INFO - 23 57 88 3c 00 0a 9f 00
INFO - 23 5a c8 3c 00 0a da 00
INFO - 23 5c 08 3c 00 0a 9e 00
INFO - 23 5f 48 3c 00 0a ce 00
INFO - 23 61 88 3c 00 0a ab 00
INFO - 23 64 c8 3c 00 0a f4 00
INFO - 23 67 08 3c 00 0a b6 00
INFO - 23 6a 48 3c 00 0a e9 00
INFO - 23 6d 88 3c 00 0a d0 00
INFO - 23 70 c8 3c 00 0a c5 00
INFO - 23 71 08 3c 00 0a 8c 00
INFO - 23 74 48 3c 00 0a cf 00
INFO - 23 77 88 3c 00 0a b9 00
INFO - 23 79 c8 3c 00 0a b5 00
INFO - 23 7c 08 3c 00 0a cc 00
INFO - 23 7e 48 3c 00 0a c2 00
INFO - 23 81 88 3c 00 0a c2 00
INFO - 23 85 c8 3c 00 0b 21 00
INFO - 23 88 08 3c 00 0a bf 00
INFO - 23 8b 48 3c 00 0a de 00
INFO - 23 8e 88 3c 00 0a cc 00
INFO - 23 90 c8 3c 00 0a 90 00
INFO - 23 91 08 3c 00 0a 8b 00
INFO - 23 94 48 3c 00 0a c1 00
INFO - 23 95 88 3c 00 0a 91 00
INFO - 23 98 c8 3c 00 0a cb 00
INFO - 23 9a 08 3c 00 0a 9a 00
INFO - 23 9f 48 3c 00 0b 35 00
INFO - 23 a3 88 3c 00 0a f4 00
INFO - 23 a4 c8 3c 00 0a 8d 00
INFO - 23 a6 08 3c 00 0a 8f 00
INFO - 23 a8 48 3c 00 0a bd 00
INFO - 23 aa 88 3c 00 0a 99 00
INFO - 23 ad c8 3c 00 0a cc 00
INFO - 23 af 08 3c 00 0a a6 00
INFO - 23 b1 48 3c 00 0a b5 00
INFO - 23 b4 88 3c 00 0a b0 00
INFO - 23 b5 c8 3c 00 0a 8e 00
INFO - 23 b7 08 3c 00 0a b0 00
INFO - 23 ba 48 3c 00 0a be 00
INFO - 23 be 88 3c 00 0a fe 00
INFO - 23 c1 c8 3c 00 0a e6 00
INFO - 23 c3 08 3c 00 0a 95 00
INFO - 23 c5 48 3c 00 0a a7 00
INFO - 23 c7 88 3c 00 0a a2 00
INFO - 23 ca c8 3c 00 0a ca 00
INFO - 23 cc 08 3c 00 0a a0 00
INFO - 23 cf 48 3c 00 0a e8 00
INFO - 23 d6 88 3c 00 0b 98 00
INFO - 23 d8 c8 3c 00 0a bf 00
INFO - 23 db 08 3c 00 0a d1 00
INFO - 23 de 48 3c 00 0a be 00
INFO - 23 e0 88 3c 00 0a 94 00
INFO - 23 e2 c8 3c 00 0a ae 00
INFO - 23 e5 08 3c 00 0a 8b 00
INFO - 23 e9 48 3c 00 0b 10 00
INFO - 23 ed 88 3c 00 0a f4 00
INFO - 23 ef c8 3c 00 0a a5 00
INFO - 23 f0 08 3c 00 0a 92 00
INFO - 23 f3 48 3c 00 0a bd 00
INFO - 23 f5 88 3c 00 0a 92 00
INFO - 23 f6 c8 3c 00 0a 95 00
INFO - 23 f8 08 3c 00 0a a4 00
INFO - 23 fb 48 3c 00 0a c2 00
INFO - 23 fd 88 3c 00 0a ad 00
INFO - 24 00 c8 3c 00 0a dd 00
INFO - 24 02 08 3c 00 0a a3 00
INFO - 24 05 48 3c 00 0a cd 00
INFO - 24 08 88 3c 00 0a c7 00
INFO - 24 0c c8 3c 00 0a fc 00
INFO - 24 0d 08 3c 00 0a 94 00
INFO - 24 10 48 3c 00 0a c3 00
INFO - 24 13 88 3c 00 0a c5 00
INFO - 24 15 c8 3c 00 0a c1 00
INFO - 24 18 08 3c 00 0a d1 00
INFO - 24 1b 48 3c 00 0a cb 00
INFO - 24 1d 88 3c 00 0a c2 00
INFO - 24 20 c8 3c 00 0a c3 00
INFO - 24 22 08 3c 00 0a 96 00
INFO - 24 24 48 3c 00 0a b4 00
INFO - 24 26 88 3c 00 0a aa 00
INFO - 24 29 c8 3c 00 0a bb 00
INFO - 24 2b 08 3c 00 0a a8 00
INFO - 24 2d 48 3c 00 0a ac 00
INFO - 24 2f 88 3c 00 0a ae 00
INFO - 24 32 c8 3c 00 0a b8 00
INFO - 24 34 08 3c 00 0a a9 00
INFO - 24 37 48 3c 00 0a cf 00
INFO - 24 39 88 3c 00 0a af 00
INFO - 24 3d c8 3c 00 0a fe 00
INFO - 24 3f 08 3c 00 0a ba 00
INFO - 24 42 48 3c 00 0a b6 00
INFO - 24 44 88 3c 00 0a ac 00
INFO - 24 46 c8 3c 00 0a c6 00
INFO - 24 48 08 3c 00 0a 97 00
INFO - 24 4b 48 3c 00 0a db 00
INFO - 24 4e 88 3c 00 0a c8 00
INFO - 24 50 c8 3c 00 0a 9e 00
INFO - 24 52 08 3c 00 0a a1 00
INFO - 24 54 48 3c 00 0a ae 00
INFO - 24 56 88 3c 00 0a 9e 00
INFO - 24 5a c8 3c 00 0a f5 00
INFO - 24 5d 08 3c 00 0a d0 00
INFO - 24 5f 48 3c 00 0a bb 00
INFO - 24 61 88 3c 00 0a 91 00
INFO - 24 63 c8 3c 00 0a c5 00
INFO - 24 65 08 3c 00 0a 96 00
INFO - 24 68 48 3c 00 0a e8 00
INFO - 24 6a 88 3c 00 0a 85 00
INFO - 24 6d c8 3c 00 0a c4 00
INFO - 24 70 08 3c 00 0b 00 00
INFO - 24 72 48 3c 00 0a 91 00
INFO - 24 74 88 3c 00 0a ae 00
INFO - 24 77 c8 3c 00 0a 95 00
INFO - 24 7a 08 3c 00 0a f4 00
INFO - 24 7d 48 3c 00 0a c4 00
INFO - 24 80 88 3c 00 0a dc 00
INFO - 24 82 c8 3c 00 0a a0 00
INFO - 24 84 08 3c 00 0a ae 00
INFO - 24 86 48 3c 00 0a a9 00
INFO - 24 89 88 3c 00 0a d2 00
INFO - 24 8b c8 3c 00 0a a9 00
INFO - 24 8e 08 3c 00 0a ac 00
INFO - 24 90 48 3c 00 0a ab 00
INFO - 24 93 88 3c 00 0a dc 00
INFO - 24 95 c8 3c 00 0a a1 00
INFO - 24 97 08 3c 00 0a b5 00
INFO - 24 9a 48 3c 00 0a b9 00
INFO - 24 9d 88 3c 00 0a d8 00
INFO - 24 9f c8 3c 00 0a ba 00
INFO - 24 a2 08 3c 00 0a bf 00
INFO - 24 a3 48 3c 00 0a 93 00
INFO - 24 a6 88 3c 00 0a c1 00
INFO - 24 a8 c8 3c 00 0a 92 00
INFO - 24 ab 08 3c 00 0a d9 00
INFO - 24 ad 48 3c 00 0a 9f 00
INFO - 24 b0 88 3c 00 0a ef 00
INFO - 24 b2 c8 3c 00 0a 76 00
INFO - 24 b4 08 3c 00 0a 8f 00
INFO - 24 b7 48 3c 00 0a cc 00
INFO - 24 ba 88 3c 00 0a d7 00
INFO - 24 bc c8 3c 00 0a aa 00
INFO - 24 be 08 3c 00 0a b3 00
INFO - 24 c0 48 3c 00 0a a8 00
INFO - 24 c3 88 3c 00 0a cb 00
INFO - 24 c5 c8 3c 00 0a a8 00
INFO - 24 c8 08 3c 00 0a d6 00
INFO - 24 ca 48 3c 00 0a 90 00
INFO - 24 cd 88 3c 00 0a ca 00
INFO - 24 ce c8 3c 00 0a 90 00
INFO - 24 d1 08 3c 00 0a e0 00
INFO - 24 d3 48 3c 00 0a 90 00
INFO - 24 d6 88 3c 00 0a c9 00
INFO - 24 d8 c8 3c 00 0a b2 00
INFO - 24 db 08 3c 00 0a c9 00
INFO - 24 de 48 3c 00 0a d4 00
INFO - 24 e0 88 3c 00 0a b2 00
INFO - 24 e3 c8 3c 00 0a c8 00
INFO - 24 e5 08 3c 00 0a b1 00
INFO - 24 e7 48 3c 00 0a 9a 00
INFO - 24 ea 88 3c 00 0a d2 00
INFO - 24 eb c8 3c 00 0a 8f 00
INFO - 24 ed 08 3c 00 0a 9a 00
INFO - 24 f0 48 3c 00 0a d2 00
INFO - 24 f2 88 3c 00 0a 83 00
INFO - 24 f4 c8 3c 00 0a c3 00
INFO - 24 f6 08 3c 00 0a 8d 00
INFO - 24 f7 48 3c 00 0a 8c 00
INFO - 24 fa 88 3c 00 0a ba 00
INFO - 24 fb c8 3c 00 0a 8e 00
INFO - 24 fd 08 3c 00 0a a4 00
INFO - 24 ff 48 3c 00 0a a3 00
INFO - 25 01 88 3c 00 0a 99 00
INFO - 25 03 c8 3c 00 0a 98 00
INFO - 25 04 08 3c 00 0a 82 00
INFO - 25 06 48 3c 00 0a ae 00
INFO - 25 08 88 3c 00 0a 8d 00
INFO - 25 0b c8 3c 00 0a c3 00
INFO - 25 0c 08 3c 00 0a 82 00
INFO - 25 0e 48 3c 00 0a ba 00
INFO - 25 13 88 3c 00 0b 0e 00
INFO - 25 14 c8 3c 00 0a 89 00
INFO - 25 18 08 3c 00 0a ee 00
INFO - 25 19 48 3c 00 0a 84 00
INFO - 25 1c 88 3c 00 0a ed 00
INFO - 25 1f c8 3c 00 0a aa 00
INFO - 25 21 08 3c 00 0a cd 00
INFO - 25 26 48 3c 00 0b 0f 00
INFO - 25 28 88 3c 00 0a af 00
INFO - 25 2a c8 3c 00 0a b4 00
INFO - 25 2c 08 3c 00 0a a6 00
INFO - 25 30 48 3c 00 0a f6 00
INFO - 25 33 88 3c 00 0a da 00
INFO - 25 36 c8 3c 00 0a ce 00
INFO - 25 38 08 3c 00 0a 9b 00
INFO - 25 3a 48 3c 00 0a ab 00
INFO - 25 3c 88 3c 00 0a 9a 00
INFO - 25 3d c8 3c 00 0a a0 00
INFO - 25 3f 08 3c 00 0a 97 00
INFO - 25 42 48 3c 00 0a c7 00
INFO - 25 44 88 3c 00 0a 94 00
INFO - 25 45 c8 3c 00 0a 90 00
INFO - 25 48 08 3c 00 0a b6 00
INFO - 25 4a 48 3c 00 0a a6 00
INFO - 25 4c 88 3c 00 0a c1 00
INFO - 25 4f c8 3c 00 0a c8 00
INFO - 25 52 08 3c 00 0a c0 00
INFO - 25 53 48 3c 00 0a 90 00
INFO - 25 55 88 3c 00 0a 95 00
INFO - 25 58 c8 3c 00 0a c7 00
INFO - 25 5a 08 3c 00 0a ab 00
INFO - 25 5c 48 3c 00 0a c8 00
INFO - 25 5f 88 3c 00 0a b6 00
INFO - 25 61 c8 3c 00 0a 73 00
INFO - 25 63 08 3c 00 0a a0 00
INFO - 25 66 48 3c 00 0a c7 00
INFO - 25 67 88 3c 00 0a 95 00
INFO - 25 6b c8 3c 00 0a e8 00
INFO - 25 6c 08 3c 00 0a 89 00
INFO - 25 6e 48 3c 00 0a a7 00
INFO - 25 70 88 3c 00 0a 9f 00
INFO - 25 72 c8 3c 00 0a 99 00
INFO - 25 75 08 3c 00 0a c7 00
INFO - 25 77 48 3c 00 0a b6 00
INFO - 25 7a 88 3c 00 0a c4 00
INFO - 25 7b c8 3c 00 0a 90 00
INFO - 25 7e 08 3c 00 0a cc 00
INFO - 25 80 48 3c 00 0a 8d 00
INFO - 25 83 88 3c 00 0a da 00
INFO - 25 86 c8 3c 00 0a cf 00
INFO - 25 87 08 3c 00 0a 9b 00
INFO - 25 89 48 3c 00 0a 7f 00
INFO - 25 8b 88 3c 00 0a c4 00
INFO - 25 8d c8 3c 00 0a 90 00
INFO - 25 90 08 3c 00 0a d7 00
INFO - 25 92 48 3c 00 0a 8f 00
INFO - 25 94 88 3c 00 0a a0 00
INFO - 25 96 c8 3c 00 0a ae 00
INFO - 25 98 08 3c 00 0a a3 00
INFO - 25 9a 48 3c 00 0a 8d 00
INFO - 25 9b 88 3c 00 0a a3 00
INFO - 25 9e c8 3c 00 0a af 00
INFO - 25 a1 08 3c 00 0a d0 00
INFO - 25 a2 48 3c 00 0a 99 00
INFO - 25 a3 88 3c 00 0a 77 00
INFO - 25 a6 c8 3c 00 0a c5 00
INFO - 25 a8 08 3c 00 0a a4 00
INFO - 25 ab 48 3c 00 0a ba 00
INFO - 25 ad 88 3c 00 0a a4 00
INFO - 25 b0 c8 3c 00 0a e0 00
INFO - 25 b2 08 3c 00 0a a3 00
INFO - 25 b7 48 3c 00 0a fc 00
INFO - 25 b8 88 3c 00 0a 8f 00
INFO - 25 bb c8 3c 00 0a c9 00
INFO - 25 bd 08 3c 00 0a 96 00
INFO - 25 bf 48 3c 00 0a bd 00
INFO - 25 c3 88 3c 00 0a ec 00
INFO - 25 c5 c8 3c 00 0a af 00
INFO - 25 c8 08 3c 00 0a df 00
INFO - 25 cb 48 3c 00 0a c0 00
INFO - 25 ce 88 3c 00 0a d0 00
INFO - 25 d0 c8 3c 00 0a a9 00
INFO - 25 d3 08 3c 00 0a d1 00
INFO - 25 d5 48 3c 00 0a 9b 00
INFO - 25 d6 88 3c 00 0a 92 00
INFO - 25 d8 c8 3c 00 0a a4 00
INFO - 25 db 08 3c 00 0a be 00
INFO - 25 dd 48 3c 00 0a 9d 00
INFO - 25 df 88 3c 00 0a 99 00
INFO - 25 e1 c8 3c 00 0a b1 00
INFO - 25 e4 08 3c 00 0a e0 00
INFO - 25 e7 48 3c 00 0a c0 00
INFO - 25 e9 88 3c 00 0a a4 00
INFO - 25 eb c8 3c 00 0a cb 00
INFO - 25 ed 08 3c 00 0a 99 00
INFO - 25 f0 48 3c 00 0a d4 00
INFO - 25 f2 88 3c 00 0a a9 00
INFO - 25 f4 c8 3c 00 0a a4 00
INFO - 25 f6 08 3c 00 0a 9b 00
INFO - 25 f9 48 3c 00 0a d5 00
INFO - 25 fc 88 3c 00 0a bd 00
INFO - 25 fe c8 3c 00 0a 9e 00
INFO - 26 01 08 3c 00 0a d2 00
INFO - 26 03 48 3c 00 0a b3 00
INFO - 26 05 88 3c 00 0a b2 00
INFO - 26 08 c8 3c 00 0a c9 00
INFO - 26 0a 08 3c 00 0a b5 00
INFO - 26 0c 48 3c 00 0a a4 00
INFO - 26 0e 88 3c 00 0a aa 00
INFO - 26 10 c8 3c 00 0a 8d 00
INFO - 26 12 08 3c 00 0a 7b 00
INFO - 26 14 48 3c 00 0a a4 00
INFO - 26 17 88 3c 00 0a b3 00
INFO - 26 19 c8 3c 00 0a be 00
INFO - 26 1b 08 3c 00 0a 9c 00
INFO - 26 1d 48 3c 00 0a a0 00
INFO - 26 1f 88 3c 00 0a 90 00
INFO - 26 21 c8 3c 00 0a b0 00
INFO - 26 23 08 3c 00 0a b3 00
INFO - 26 26 48 3c 00 0a ca 00
INFO - 26 28 88 3c 00 0a a0 00
INFO - 26 2a c8 3c 00 0a b0 00
INFO - 26 2c 08 3c 00 0a a9 00
INFO - 26 2e 48 3c 00 0a a0 00
INFO - 26 30 88 3c 00 0a a6 00
INFO - 26 32 c8 3c 00 0a a7 00
INFO - 26 34 08 3c 00 0a 9a 00
INFO - 26 39 48 3c 00 0b 1c 00
INFO - 26 3b 88 3c 00 0a 71 00
INFO - 26 40 c8 3c 00 0b 3f 00
INFO - 26 43 08 3c 00 0a ca 00
INFO - 26 46 48 3c 00 0a da 00
INFO - 26 49 88 3c 00 0a d8 00
INFO - 26 4b c8 3c 00 0a b2 00
INFO - 26 4d 08 3c 00 0a a9 00
INFO - 26 50 48 3c 00 0a c4 00
INFO - 26 52 88 3c 00 0a 83 00
INFO - 26 54 c8 3c 00 0a c4 00
INFO - 26 56 08 3c 00 0a b2 00
INFO - 26 5a 48 3c 00 0a f3 00
INFO - 26 5d 88 3c 00 0a cb 00
INFO - 26 60 c8 3c 00 0a d0 00
INFO - 26 63 08 3c 00 0a cc 00
INFO - 26 66 48 3c 00 0a d9 00
INFO - 26 69 88 3c 00 0a ce 00
INFO - 26 6a c8 3c 00 0a 87 00
INFO - 26 6d 08 3c 00 0a cf 00
INFO - 26 6f 48 3c 00 0a 93 00
INFO - 26 72 88 3c 00 0a fe 00
INFO - 26 75 c8 3c 00 0a b7 00
INFO - 26 77 08 3c 00 0a ab 00
INFO - 26 7b 48 3c 00 0a fe 00
INFO - 26 7d 88 3c 00 0a a0 00
INFO - 26 7f c8 3c 00 0a ad 00
INFO - 26 82 08 3c 00 0a c1 00
INFO - 26 84 48 3c 00 0a ac 00
INFO - 26 86 88 3c 00 0a ae 00
INFO - 26 89 c8 3c 00 0a c4 00
INFO - 26 8b 08 3c 00 0a b5 00
INFO - 26 8e 48 3c 00 0a c4 00
INFO - 26 90 88 3c 00 0a bb 00
INFO - 26 92 c8 3c 00 0a 9d 00
INFO - 26 94 08 3c 00 0a 97 00
INFO - 26 95 48 3c 00 0a 91 00
INFO - 26 98 88 3c 00 0a b9 00
INFO - 26 9a c8 3c 00 0a b9 00
INFO - 26 9c 08 3c 00 0a a3 00
INFO - 26 9e 48 3c 00 0a 9f 00
INFO - 26 a0 88 3c 00 0a ad 00
INFO - 26 a3 c8 3c 00 0a af 00
INFO - 26 a5 08 3c 00 0a b7 00
INFO - 26 a7 48 3c 00 0a af 00
INFO - 26 aa 88 3c 00 0a c3 00
INFO - 26 ad c8 3c 00 0a c9 00
INFO - 26 af 08 3c 00 0a b6 00
INFO - 26 b1 48 3c 00 0a a1 00
INFO - 26 b4 88 3c 00 0a ea 00
INFO - 26 b8 c8 3c 00 0a f9 00
INFO - 26 ba 08 3c 00 0a b6 00
INFO - 26 bc 48 3c 00 0a a4 00
INFO - 26 bf 88 3c 00 0a aa 00
INFO - 26 c2 c8 3c 00 0a d4 00
INFO - 26 c4 08 3c 00 0a ce 00
INFO - 26 c7 48 3c 00 0a c9 00
INFO - 26 c9 88 3c 00 0a 9d 00
INFO - 26 cb c8 3c 00 0a a1 00
INFO - 26 ce 08 3c 00 0a ad 00
INFO - 26 d0 48 3c 00 0a 92 00
INFO - 26 d2 88 3c 00 0a c9 00
INFO - 26 d4 c8 3c 00 0a 9c 00
INFO - 26 d6 08 3c 00 0a a5 00
INFO - 26 d8 48 3c 00 0a 94 00
INFO - 26 da 88 3c 00 0a b5 00
INFO - 26 dd c8 3c 00 0a b0 00
INFO - 26 df 08 3c 00 0a 9e 00
INFO - 26 e1 48 3c 00 0a c4 00
INFO - 26 e5 88 3c 00 0b 0e 00
INFO - 26 e7 c8 3c 00 0a a4 00
INFO - 26 ea 08 3c 00 0a cd 00
INFO - 26 ed 48 3c 00 0a ca 00
INFO - 26 f0 88 3c 00 0a d9 00
INFO - 26 f4 c8 3c 00 0b 05 00
INFO - 26 f7 08 3c 00 0a c2 00
INFO - 26 f8 48 3c 00 0a 99 00
INFO - 26 fb 88 3c 00 0a b6 00
INFO - 26 fe c8 3c 00 0a c9 00
INFO - 27 01 08 3c 00 0a f3 00
INFO - 27 03 48 3c 00 0a b1 00
INFO - 27 06 88 3c 00 0a b5 00
INFO - 27 09 c8 3c 00 0a c5 00
INFO - 27 0b 08 3c 00 0a b9 00
INFO - 27 0d 48 3c 00 0a 98 00
INFO - 27 0f 88 3c 00 0a a9 00
INFO - 27 12 c8 3c 00 0a c5 00
INFO - 27 14 08 3c 00 0a c5 00
INFO - 27 16 48 3c 00 0a 78 00
INFO - 27 19 88 3c 00 0a b5 00
INFO - 27 1c c8 3c 00 0a c4 00
INFO - 27 1e 08 3c 00 0a bb 00
INFO - 27 20 48 3c 00 0a b2 00
INFO - 27 23 88 3c 00 0a af 00
INFO - 27 25 c8 3c 00 0a a6 00
INFO - 27 28 08 3c 00 0a de 00
INFO - 27 2a 48 3c 00 0a 9c 00
INFO - 27 2c 88 3c 00 0a ab 00
INFO - 27 2e c8 3c 00 0a b7 00
INFO - 27 31 08 3c 00 0a c6 00
INFO - 27 35 48 3c 00 0a fa 00
INFO - 27 37 88 3c 00 0a c2 00
INFO - 27 3a c8 3c 00 0a ba 00
INFO - 27 3c 08 3c 00 0a 9a 00
INFO - 27 3f 48 3c 00 0a da 00
INFO - 27 41 88 3c 00 0a b7 00
INFO - 27 43 c8 3c 00 0a a1 00
INFO - 27 45 08 3c 00 0a a7 00
INFO - 27 48 48 3c 00 0a b9 00
INFO - 27 4b 88 3c 00 0a e2 00
INFO - 27 4d c8 3c 00 0a a1 00
INFO - 27 4f 08 3c 00 0a b3 00
INFO - 27 52 48 3c 00 0a c0 00
INFO - 27 54 88 3c 00 0a b9 00
INFO - 27 57 c8 3c 00 0a b6 00
INFO - 27 59 08 3c 00 0a a5 00
INFO - 27 5a 48 3c 00 0a 93 00
INFO - 27 5c 88 3c 00 0a 92 00
INFO - 27 5e c8 3c 00 0a a0 00
INFO - 27 60 08 3c 00 0a c1 00
INFO - 27 63 48 3c 00 0a b0 00
INFO - 27 65 88 3c 00 0a 9e 00
INFO - 27 67 c8 3c 00 0a b7 00
INFO - 27 69 08 3c 00 0a 9a 00
INFO - 27 6c 48 3c 00 0a ce 00
INFO - 27 6d 88 3c 00 0a 8d 00
INFO - 27 70 c8 3c 00 0a c0 00
INFO - 27 72 08 3c 00 0a b5 00
INFO - 27 74 48 3c 00 0a a6 00
INFO - 27 77 88 3c 00 0a b7 00
INFO - 27 7a c8 3c 00 0a d2 00
INFO - 27 7f 08 3c 00 0b 5f 00
INFO - 27 81 48 3c 00 0a 9f 00
INFO - 27 84 88 3c 00 0a ba 00
INFO - 27 86 c8 3c 00 0a a8 00
INFO - 27 88 08 3c 00 0a 7f 00
INFO - 27 8a 48 3c 00 0a 8f 00
INFO - 27 8d 88 3c 00 0a d3 00
INFO - 27 8f c8 3c 00 0a a6 00
INFO - 27 92 08 3c 00 0a cb 00
INFO - 27 94 48 3c 00 0a 96 00
INFO - 27 97 88 3c 00 0a ec 00
INFO - 27 9a c8 3c 00 0a c3 00
INFO - 27 9d 08 3c 00 0a d1 00
INFO - 27 9f 48 3c 00 0a ae 00
INFO - 27 a1 88 3c 00 0a 9d 00
INFO - 27 a3 c8 3c 00 0a a0 00
INFO - 27 a5 08 3c 00 0a a4 00
INFO - 27 a7 48 3c 00 0a c7 00
INFO - 27 a9 88 3c 00 0a a0 00
INFO - 27 ab c8 3c 00 0a a5 00
INFO - 27 ae 08 3c 00 0a b5 00
INFO - 27 b0 48 3c 00 0a ac 00
INFO - 27 b1 88 3c 00 0a 8f 00
INFO - 27 b4 c8 3c 00 0a b3 00
INFO - 27 b6 08 3c 00 0a a4 00
INFO - 27 b8 48 3c 00 0a b3 00
INFO - 27 ba 88 3c 00 0a 95 00
INFO - 27 bc c8 3c 00 0a 98 00
INFO - 27 be 08 3c 00 0a a6 00
INFO - 27 bf 48 3c 00 0a 89 00
INFO - 27 c1 88 3c 00 0a ad 00
INFO - 27 c3 c8 3c 00 0a 8f 00
INFO - 27 c5 08 3c 00 0a c0 00
INFO - 27 c7 48 3c 00 0a 7a 00
INFO - 27 c9 88 3c 00 0a ca 00
INFO - 27 cb c8 3c 00 0a 8e 00
INFO - 27 ce 08 3c 00 0a d3 00
INFO - 27 d1 48 3c 00 0a d6 00
INFO - 27 d4 88 3c 00 0a d2 00
INFO - 27 d7 c8 3c 00 0a d8 00
INFO - 27 d9 08 3c 00 0a a0 00
INFO - 27 dc 48 3c 00 0a dc 00
INFO - 27 df 88 3c 00 0a ca 00
INFO - 27 e2 c8 3c 00 0a c7 00
INFO - 27 e4 08 3c 00 0a 97 00
INFO - 27 e6 48 3c 00 0a b0 00
INFO - 27 e8 88 3c 00 0a b0 00
INFO - 27 eb c8 3c 00 0a cf 00
INFO - 27 ed 08 3c 00 0a 98 00
INFO - 27 ef 48 3c 00 0a 9b 00
INFO - 27 f0 88 3c 00 0a 94 00
INFO - 27 f2 c8 3c 00 0a 8e 00
INFO - 27 f4 08 3c 00 0a 98 00
INFO - 27 f6 48 3c 00 0a 9a 00
INFO - 27 f8 88 3c 00 0a 9a 00
INFO - 27 fa c8 3c 00 0a ba 00
INFO - 27 fc 08 3c 00 0a 87 00
INFO - 27 fe 48 3c 00 0a b6 00
INFO - 28 00 88 3c 00 0a 90 00
INFO - 28 02 c8 3c 00 0a a9 00
INFO - 28 05 08 3c 00 0a cb 00
INFO - 28 07 48 3c 00 0a 7a 00
INFO - 28 08 88 3c 00 0a 8e 00
INFO - 28 0b c8 3c 00 0a b0 00
INFO - 28 0d 08 3c 00 0a a9 00
INFO - 28 10 48 3c 00 0a d6 00
INFO - 28 12 88 3c 00 0a 9c 00
INFO - 28 13 c8 3c 00 0a 95 00
INFO - 28 15 08 3c 00 0a 8f 00
INFO - 28 17 48 3c 00 0a 92 00
INFO - 28 19 88 3c 00 0a aa 00
INFO - 28 1b c8 3c 00 0a af 00
INFO - 28 1d 08 3c 00 0a aa 00
INFO - 28 1e 48 3c 00 0a 7b 00
INFO - 28 21 88 3c 00 0a bd 00
INFO - 28 22 c8 3c 00 0a 8b 00
INFO - 28 25 08 3c 00 0a af 00
INFO - 28 26 48 3c 00 0a 95 00
INFO - 28 29 88 3c 00 0a ce 00
INFO - 28 2b c8 3c 00 0a 89 00
INFO - 28 2d 08 3c 00 0a c9 00
INFO - 28 2f 48 3c 00 0a 90 00
INFO - 28 31 88 3c 00 0a bc 00
INFO - 28 34 c8 3c 00 0a c7 00
INFO - 28 36 08 3c 00 0a a7 00
INFO - 28 39 48 3c 00 0a c0 00
INFO - 28 3a 88 3c 00 0a 90 00
INFO - 28 3d c8 3c 00 0a b5 00
INFO - 28 3f 08 3c 00 0a ae 00
INFO - 28 41 48 3c 00 0a a8 00
INFO - 28 43 88 3c 00 0a a9 00
INFO - 28 44 c8 3c 00 0a 7e 00
INFO - 28 47 08 3c 00 0a b2 00
INFO - 28 49 48 3c 00 0a b2 00
INFO - 28 4a 88 3c 00 0a 7e 00
INFO - 28 4d c8 3c 00 0a bc 00
INFO - 28 4f 08 3c 00 0a bc 00
INFO - 28 51 48 3c 00 0a 93 00
INFO - 28 54 88 3c 00 0a c7 00
INFO - 28 55 c8 3c 00 0a 93 00
INFO - 28 58 08 3c 00 0a b2 00
INFO - 28 59 48 3c 00 0a 9d 00
INFO - 28 5c 88 3c 00 0a b2 00
INFO - 28 5d c8 3c 00 0a 93 00
INFO - 28 60 08 3c 00 0a a7 00
INFO - 28 62 48 3c 00 0a c7 00
INFO - 28 64 88 3c 00 0a 89 00
INFO - 28 66 c8 3c 00 0a c6 00
INFO - 28 68 08 3c 00 0a 7e 00
INFO - 28 6a 48 3c 00 0a b9 00
INFO - 28 6c 88 3c 00 0a b2 00
INFO - 28 6e c8 3c 00 0a 9d 00
INFO - 28 72 08 3c 00 0a 95 00
INFO - 28 74 48 3c 00 0a 93 00
INFO - 28 75 88 3c 00 0a 88 00
INFO - 28 78 c8 3c 00 0a c7 00
INFO - 28 79 08 3c 00 0a 89 00
INFO - 28 7b 48 3c 00 0a a6 00
INFO - 28 7d 88 3c 00 0a 96 00
INFO - 28 7f c8 3c 00 0a a5 00
INFO - 28 81 08 3c 00 0a 95 00
INFO - 28 83 48 3c 00 0a 9b 00
INFO - 28 85 88 3c 00 0a 9d 00
INFO - 28 87 c8 3c 00 0a b2 00
INFO - 28 89 08 3c 00 0a a6 00
INFO - 28 8c 48 3c 00 0a d4 00
INFO - 28 8d 88 3c 00 0a 8f 00
INFO - 28 8f c8 3c 00 0a 9d 00
INFO - 28 91 08 3c 00 0a a0 00
INFO - 28 93 48 3c 00 0a a5 00
INFO - 28 95 88 3c 00 0a 7e 00
INFO - 28 98 c8 3c 00 0a de 00
INFO - 28 9a 08 3c 00 0a c4 00
INFO - 28 9d 48 3c 00 0a b2 00
INFO - 28 9e 88 3c 00 0a 8c 00
INFO - 28 a1 c8 3c 00 0a cb 00
INFO - 28 a3 08 3c 00 0a 91 00
INFO - 28 a5 48 3c 00 0a b1 00
INFO - 28 a7 88 3c 00 0a b5 00
INFO - 28 aa c8 3c 00 0a da 00
INFO - 28 ad 08 3c 00 0a bc 00
INFO - 28 af 48 3c 00 0a 97 00
INFO - 28 b1 88 3c 00 0a a5 00
INFO - 28 b3 c8 3c 00 0a 9f 00
INFO - 28 b6 08 3c 00 0a d5 00
INFO - 28 b7 48 3c 00 0a 86 00
INFO - 28 ba 88 3c 00 0a e8 00
INFO - 28 bc c8 3c 00 0a 9e 00
INFO - 28 bf 08 3c 00 0a b3 00
INFO - 28 c1 48 3c 00 0a bd 00
INFO - 28 c3 88 3c 00 0a ac 00
INFO - 28 c6 c8 3c 00 0a b0 00
INFO - 28 c8 08 3c 00 0a a8 00
INFO - 28 ca 48 3c 00 0a c1 00
INFO - 28 cc 88 3c 00 0a a5 00
INFO - 28 ce c8 3c 00 0a a2 00
INFO - 28 d0 08 3c 00 0a 9b 00
INFO - 28 d2 48 3c 00 0a 89 00
INFO - 28 d4 88 3c 00 0a c0 00
INFO - 28 d6 c8 3c 00 0a 85 00
INFO - 28 d9 08 3c 00 0a e0 00
INFO - 28 da 48 3c 00 0a 86 00
INFO - 28 dd 88 3c 00 0a af 00
INFO - 28 de c8 3c 00 0a 89 00
INFO - 28 e1 08 3c 00 0a b4 00
INFO - 28 e2 48 3c 00 0a 9b 00
INFO - 28 e5 88 3c 00 0a c6 00
INFO - 28 e6 c8 3c 00 0a 88 00
INFO - 28 e9 08 3c 00 0a b5 00
INFO - 28 eb 48 3c 00 0a 9a 00
INFO - 28 ec 88 3c 00 0a 92 00
INFO - 28 ee c8 3c 00 0a a0 00
INFO - 28 f0 08 3c 00 0a 99 00
INFO - 28 f3 48 3c 00 0a e8 00
INFO - 28 f6 88 3c 00 0a ae 00
INFO - 28 f8 c8 3c 00 0a bf 00
INFO - 28 fb 08 3c 00 0a bc 00
INFO - 28 fd 48 3c 00 0a ad 00
INFO - 28 ff 88 3c 00 0a b2 00
INFO - 29 02 c8 3c 00 0a bc 00
INFO - 29 05 08 3c 00 0a da 00
INFO - 29 07 48 3c 00 0a aa 00
INFO - 29 09 88 3c 00 0a 99 00
INFO - 29 0b c8 3c 00 0a a9 00
INFO - 29 0d 08 3c 00 0a 9a 00
INFO - 29 10 48 3c 00 0a d9 00
INFO - 29 12 88 3c 00 0a b4 00
INFO - 29 13 c8 3c 00 0a 7a 00
INFO - 29 15 08 3c 00 0a a6 00
INFO - 29 17 48 3c 00 0a aa 00
INFO - 29 1a 88 3c 00 0a ac 00
INFO - 29 1c c8 3c 00 0a aa 00
INFO - 29 1e 08 3c 00 0a a3 00
INFO - 29 20 48 3c 00 0a 9b 00
INFO - 29 22 88 3c 00 0a c8 00
INFO - 29 24 c8 3c 00 0a 83 00
INFO - 29 26 08 3c 00 0a b3 00
INFO - 29 28 48 3c 00 0a 97 00
INFO - 29 2a 88 3c 00 0a ba 00
INFO - 29 2c c8 3c 00 0a 93 00
INFO - 29 2d 08 3c 00 0a 8e 00
INFO - 29 30 48 3c 00 0a a8 00
INFO - 29 32 88 3c 00 0a a2 00
INFO - 29 34 c8 3c 00 0a a5 00
INFO - 29 35 08 3c 00 0a 9d 00
INFO - 29 37 48 3c 00 0a 7a 00
INFO - 29 38 88 3c 00 0a 86 00
INFO - 29 3a c8 3c 00 0a a8 00
INFO - 29 3b 08 3c 00 0a 83 00
INFO - 29 3d 48 3c 00 0a 7d 00
INFO - 29 3f 88 3c 00 0a 79 00
INFO - 29 41 c8 3c 00 0a a2 00
INFO - 29 43 08 3c 00 0a bc 00
INFO - 29 46 48 3c 00 0a c0 00
INFO - 29 48 88 3c 00 0a b0 00
INFO - 29 4b c8 3c 00 0a b1 00
INFO - 29 4d 08 3c 00 0a ae 00
INFO - 29 4f 48 3c 00 0a bd 00
INFO - 29 51 88 3c 00 0a 99 00
INFO - 29 54 c8 3c 00 0a d9 00
INFO - 29 56 08 3c 00 0a aa 00
INFO - 29 58 48 3c 00 0a 8e 00
INFO - 29 5a 88 3c 00 0a bc 00
INFO - 29 5d c8 3c 00 0a c5 00
INFO - 29 5f 08 3c 00 0a 9f 00
INFO - 29 60 48 3c 00 0a 87 00
INFO - 29 63 88 3c 00 0a ae 00
INFO - 29 64 c8 3c 00 0a 92 00
INFO - 29 66 08 3c 00 0a a9 00
INFO - 29 68 48 3c 00 0a a4 00
INFO - 29 6a 88 3c 00 0a 8a 00
INFO - 29 6c c8 3c 00 0a 99 00
INFO - 29 6e 08 3c 00 0a 9b 00
INFO - 29 70 48 3c 00 0a bd 00
INFO - 29 72 88 3c 00 0a ad 00
INFO - 29 74 c8 3c 00 0a a8 00
INFO - 29 77 08 3c 00 0a cb 00
INFO - 29 7a 48 3c 00 0a d1 00
INFO - 29 7c 88 3c 00 0a ac 00
INFO - 29 7f c8 3c 00 0a b2 00
INFO - 29 81 08 3c 00 0a ac 00
INFO - 29 84 48 3c 00 0a e3 00
INFO - 29 86 88 3c 00 0a 8e 00
INFO - 29 88 c8 3c 00 0a a4 00
INFO - 29 89 08 3c 00 0a 89 00
INFO - 29 8b 48 3c 00 0a b5 00
INFO - 29 8d 88 3c 00 0a 90 00
INFO - 29 8e c8 3c 00 0a 86 00
INFO - 29 91 08 3c 00 0a b8 00
INFO - 29 92 48 3c 00 0a 86 00
INFO - 29 94 88 3c 00 0a a4 00
INFO - 29 96 c8 3c 00 0a a6 00
INFO - 29 99 08 3c 00 0a c1 00
INFO - 29 9b 48 3c 00 0a b4 00
INFO - 29 9d 88 3c 00 0a 8f 00
INFO - 29 9e c8 3c 00 0a 85 00
INFO - 29 a0 08 3c 00 0a a5 00
INFO - 29 a2 48 3c 00 0a 95 00
INFO - 29 a4 88 3c 00 0a a3 00
INFO - 29 a6 c8 3c 00 0a 77 00
INFO - 29 a8 08 3c 00 0a a0 00
INFO - 29 ac 48 3c 00 0b 03 00
INFO - 29 ae 88 3c 00 0a 98 00
INFO - 29 b1 c8 3c 00 0a c9 00
INFO - 29 b2 08 3c 00 0a 71 00
INFO - 29 b5 48 3c 00 0a d5 00
INFO - 29 b6 88 3c 00 0a 8e 00
INFO - 29 b8 c8 3c 00 0a 95 00
INFO - 29 ba 08 3c 00 0a 90 00
INFO - 29 bb 48 3c 00 0a 82 00
INFO - 29 bd 88 3c 00 0a 97 00
INFO - 29 bf c8 3c 00 0a c2 00
INFO - 29 c1 08 3c 00 0a 8c 00
INFO - 29 c3 48 3c 00 0a b5 00
INFO - 29 c5 88 3c 00 0a 92 00
INFO - 29 c7 c8 3c 00 0a 9f 00
INFO - 29 c9 08 3c 00 0a 9d 00
INFO - 29 cb 48 3c 00 0a bd 00
INFO - 29 cd 88 3c 00 0a 90 00
INFO - 29 cf c8 3c 00 0a a7 00
INFO - 29 d2 08 3c 00 0a c9 00
INFO - 29 d4 48 3c 00 0a b2 00
INFO - 29 d6 88 3c 00 0a 98 00
INFO - 29 d8 c8 3c 00 0a b0 00
INFO - 29 da 08 3c 00 0a bd 00
INFO - 29 dd 48 3c 00 0a 8a 00
INFO - 29 e1 88 3c 00 0a ab 00
INFO - 29 e3 c8 3c 00 0a 82 00
INFO - 29 e5 08 3c 00 0a ce 00
INFO - 29 e8 48 3c 00 0a be 00
INFO - 29 ea 88 3c 00 0a ad 00
INFO - 29 ed c8 3c 00 0a b4 00
INFO - 29 ef 08 3c 00 0a bc 00
INFO - 29 f1 48 3c 00 0a aa 00
INFO - 29 f4 88 3c 00 0a b8 00
INFO - 29 f6 c8 3c 00 0a b3 00
INFO - 29 f7 08 3c 00 0a 8b 00
INFO - 29 fb 48 3c 00 0a e2 00
INFO - 29 fd 88 3c 00 0a b6 00
INFO - 29 ff c8 3c 00 0a b0 00
INFO - 2a 02 08 3c 00 0a bf 00
INFO - 2a 04 48 3c 00 0a a6 00
INFO - 2a 06 88 3c 00 0a b5 00
INFO - 2a 08 c8 3c 00 0a 98 00
INFO - 2a 0a 08 3c 00 0a b1 00
INFO - 2a 0c 48 3c 00 0a a1 00
INFO - 2a 0f 88 3c 00 0a b2 00
INFO - 2a 11 c8 3c 00 0a b7 00
INFO - 2a 13 08 3c 00 0a af 00
INFO - 2a 16 48 3c 00 0a bf 00
INFO - 2a 18 88 3c 00 0a a2 00
INFO - 2a 1a c8 3c 00 0a ca 00
INFO - 2a 1c 08 3c 00 0a a3 00
INFO - 2a 1e 48 3c 00 0a 8f 00
INFO - 2a 21 88 3c 00 0a d4 00
INFO - 2a 23 c8 3c 00 0a a5 00
INFO - 2a 25 08 3c 00 0a 93 00
INFO - 2a 27 48 3c 00 0a c6 00
INFO - 2a 29 88 3c 00 0a 9e 00
INFO - 2a 2c c8 3c 00 0a d3 00
INFO - 2a 2e 08 3c 00 0a 9c 00
INFO - 2a 32 48 3c 00 0a ed 00
INFO - 2a 34 88 3c 00 0a ac 00
INFO - 2a 36 c8 3c 00 0a 99 00
INFO - 2a 38 08 3c 00 0a b5 00
INFO - 2a 3a 48 3c 00 0a ac 00
INFO - 2a 3c 88 3c 00 0a 9b 00
INFO - 2a 3e c8 3c 00 0a a9 00
INFO - 2a 41 08 3c 00 0a c2 00
INFO - 2a 43 48 3c 00 0a b5 00
INFO - 2a 46 88 3c 00 0a ba 00
INFO - 2a 49 c8 3c 00 0a e8 00
INFO - 2a 4c 08 3c 00 0a d7 00
INFO - 2a 4e 48 3c 00 0a b8 00
INFO - 2a 52 88 3c 00 0a e8 00
INFO - 2a 54 c8 3c 00 0a ac 00
INFO - 2a 57 08 3c 00 0a c5 00
INFO - 2a 59 48 3c 00 0a b9 00
INFO - 2a 5b 88 3c 00 0a b9 00
INFO - 2a 5d c8 3c 00 0a a2 00
INFO - 2a 61 08 3c 00 0a ea 00
INFO - 2a 65 48 3c 00 0b 03 00
INFO - 2a 66 88 3c 00 0a 93 00
INFO - 2a 69 c8 3c 00 0a b2 00
INFO - 2a 6b 08 3c 00 0a b5 00
INFO - 2a 6d 48 3c 00 0a b1 00
INFO - 2a 70 88 3c 00 0a aa 00
INFO - 2a 72 c8 3c 00 0a b1 00
INFO - 2a 74 08 3c 00 0a a9 00
INFO - 2a 76 48 3c 00 0a ae 00
INFO - 2a 79 88 3c 00 0a e0 00
INFO - 2a 7c c8 3c 00 0a aa 00
INFO - 2a 7e 08 3c 00 0a a4 00
INFO - 2a 81 48 3c 00 0a da 00
INFO - 2a 84 88 3c 00 0a d4 00
INFO - 2a 86 c8 3c 00 0a aa 00
INFO - 2a 87 08 3c 00 0a 94 00
INFO - 2a 89 48 3c 00 0a 97 00
INFO - 2a 8d 88 3c 00 0b 0e 00
INFO - 2a 90 c8 3c 00 0a 80 00
INFO - 2a 92 08 3c 00 0a a3 00
INFO - 2a 94 48 3c 00 0a b5 00
INFO - 2a 96 88 3c 00 0a a3 00
INFO - 2a 98 c8 3c 00 0a 9c 00
INFO - 2a 9b 08 3c 00 0a b7 00
INFO - 2a 9c 48 3c 00 0a a0 00
INFO - 2a 9f 88 3c 00 0a bb 00
INFO - 2a a1 c8 3c 00 0a 9c 00
INFO - 2a a3 08 3c 00 0a ba 00
INFO - 2a a5 48 3c 00 0a a8 00
INFO - 2a a8 88 3c 00 0a c7 00
INFO - 2a ab c8 3c 00 0a be 00
INFO - 2a af 08 3c 00 0b 01 00
INFO - 2a b1 48 3c 00 0a a7 00
INFO - 2a b3 88 3c 00 0a ae 00
INFO - 2a b5 c8 3c 00 0a a6 00
INFO - 2a b8 08 3c 00 0a c2 00
INFO - 2a bb 48 3c 00 0a d9 00
INFO - 2a bd 88 3c 00 0a cd 00
INFO - 2a c0 c8 3c 00 0a c1 00
INFO - 2a c2 08 3c 00 0a b6 00
INFO - 2a c6 48 3c 00 0a e4 00
INFO - 2a c8 88 3c 00 0a 9d 00
INFO - 2a ca c8 3c 00 0a a1 00
INFO - 2a cc 08 3c 00 0a b0 00
INFO - 2a ce 48 3c 00 0a a2 00
INFO - 2a d0 88 3c 00 0a a5 00
INFO - 2a d2 c8 3c 00 0a 9d 00
INFO - 2a d4 08 3c 00 0a c3 00
INFO - 2a d6 48 3c 00 0a 98 00
INFO - 2a d8 88 3c 00 0a b4 00
INFO - 2a dd c8 3c 00 0b 26 00
INFO - 2a e0 08 3c 00 0a cc 00
INFO - 2a e2 48 3c 00 0a a4 00
INFO - 2a e4 88 3c 00 0a 9b 00
INFO - 2a e6 c8 3c 00 0a 79 00
INFO - 2a e8 08 3c 00 0a b2 00
INFO - 2a eb 48 3c 00 0a b5 00
INFO - 2a ed 88 3c 00 0a a3 00
INFO - 2a ef c8 3c 00 0a b1 00
INFO - 2a f2 08 3c 00 0a c1 00
INFO - 2a f4 48 3c 00 0a b9 00
INFO - 2a f7 88 3c 00 0a e1 00
INFO - 2a f9 c8 3c 00 0a ae 00
INFO - 2a fc 08 3c 00 0a b3 00
INFO - 2a fe 48 3c 00 0a b8 00
INFO - 2b 01 88 3c 00 0a c0 00
INFO - 2b 03 c8 3c 00 0a ad 00
INFO - 2b 05 08 3c 00 0a 99 00
INFO - 2b 08 48 3c 00 0a e8 00
INFO - 2b 0b 88 3c 00 0a bf 00
INFO - 2b 0e c8 3c 00 0a d9 00
INFO - 2b 10 08 3c 00 0a a5 00
INFO - 2b 12 48 3c 00 0a bc 00
INFO - 2b 15 88 3c 00 0a bb 00
INFO - 2b 17 c8 3c 00 0a bf 00
INFO - 2b 1a 08 3c 00 0a c7 00
INFO - 2b 1c 48 3c 00 0a ad 00
INFO - 2b 1e 88 3c 00 0a b0 00
INFO - 2b 21 c8 3c 00 0a a9 00
INFO - 2b 23 08 3c 00 0a b7 00
INFO - 2b 26 48 3c 00 0a bc 00
INFO - 2b 28 88 3c 00 0a a9 00
INFO - 2b 2a c8 3c 00 0a bc 00
INFO - 2b 2c 08 3c 00 0a 96 00
INFO - 2b 2e 48 3c 00 0a b1 00
INFO - 2b 30 88 3c 00 0a a8 00
INFO - 2b 33 c8 3c 00 0a c5 00
INFO - 2b 35 08 3c 00 0a b0 00
INFO - 2b 37 48 3c 00 0a 6f 00
INFO - 2b 3a 88 3c 00 0a d0 00
INFO - 2b 3d c8 3c 00 0a cb 00
INFO - 2b 3f 08 3c 00 0a ad 00
INFO - 2b 41 48 3c 00 0a a9 00
INFO - 2b 43 88 3c 00 0a b8 00
INFO - 2b 45 c8 3c 00 0a 9b 00
INFO - 2b 48 08 3c 00 0a c7 00
INFO - 2b 4a 48 3c 00 0a b0 00
INFO - 2b 4d 88 3c 00 0a ca 00
INFO - 2b 4f c8 3c 00 0a a3 00
INFO - 2b 52 08 3c 00 0a be 00
INFO - 2b 54 48 3c 00 0a a3 00
INFO - 2b 57 88 3c 00 0a d5 00
INFO - 2b 58 c8 3c 00 0a 96 00
INFO - 2b 5c 08 3c 00 0a f6 00
INFO - 2b 5e 48 3c 00 0a a1 00
INFO - 2b 60 88 3c 00 0a b0 00
INFO - 2b 63 c8 3c 00 0a b2 00
INFO - 2b 65 08 3c 00 0a a2 00
INFO - 2b 66 48 3c 00 0a 9c 00
INFO - 2b 69 88 3c 00 0a ce 00
INFO - 2b 6b c8 3c 00 0a 8e 00
INFO - 2b 6d 08 3c 00 0a b3 00
INFO - 2b 6f 48 3c 00 0a a1 00
INFO - 2b 72 88 3c 00 0a c6 00
INFO - 2b 74 c8 3c 00 0a 9b 00
INFO - 2b 76 08 3c 00 0a ad 00
INFO - 2b 78 48 3c 00 0a ba 00
INFO - 2b 7b 88 3c 00 0a d1 00
INFO - 2b 7e c8 3c 00 0a b3 00
INFO - 2b 7f 08 3c 00 0a 6b 00
INFO - 2b 81 48 3c 00 0a a5 00
INFO - 2b 84 88 3c 00 0a b2 00
INFO - 2b 86 c8 3c 00 0a a2 00
INFO - 2b 88 08 3c 00 0a bb 00
INFO - 2b 8b 48 3c 00 0a d1 00
INFO - 2b 8d 88 3c 00 0a a8 00
INFO - 2b 90 c8 3c 00 0a c3 00
INFO - 2b 92 08 3c 00 0a a5 00
INFO - 2b 94 48 3c 00 0a b0 00
INFO - 2b 96 88 3c 00 0a b2 00
INFO - 2b 99 c8 3c 00 0a da 00
INFO - 2b 9c 08 3c 00 0a be 00
INFO - 2b 9f 48 3c 00 0a e4 00
INFO - 2b a1 88 3c 00 0a 9a 00
INFO - 2b a4 c8 3c 00 0a c7 00
INFO - 2b a6 08 3c 00 0a 99 00
INFO - 2b a8 48 3c 00 0a bb 00
INFO - 2b aa 88 3c 00 0a b0 00
INFO - 2b ae c8 3c 00 0a ea 00
INFO - 2b b0 08 3c 00 0a c3 00
INFO - 2b b3 48 3c 00 0a a8 00
INFO - 2b b6 88 3c 00 0a e7 00
INFO - 2b b9 c8 3c 00 0a cf 00
INFO - 2b bc 08 3c 00 0a d1 00
INFO - 2b be 48 3c 00 0a af 00
INFO - 2b c0 88 3c 00 0a a5 00
INFO - 2b c2 c8 3c 00 0a 79 00
INFO - 2b c4 08 3c 00 0a a1 00
INFO - 2b c6 48 3c 00 0a a7 00
INFO - 2b ca 88 3c 00 0a ef 00
INFO - 2b cc c8 3c 00 0a be 00
INFO - 2b ce 08 3c 00 0a a0 00
INFO - 2b d1 48 3c 00 0a af 00
INFO - 2b d2 88 3c 00 0a 9b 00
INFO - 2b d4 c8 3c 00 0a a1 00
INFO - 2b d6 08 3c 00 0a 9b 00
INFO - 2b d8 48 3c 00 0a aa 00
INFO - 2b db 88 3c 00 0a af 00
INFO - 2b dd c8 3c 00 0a c7 00
INFO - 2b df 08 3c 00 0a aa 00
INFO - 2b e2 48 3c 00 0a ae 00
INFO - 2b e3 88 3c 00 0a 9b 00
INFO - 2b e6 c8 3c 00 0a a9 00
INFO - 2b e8 08 3c 00 0a a2 00
INFO - 2b e9 48 3c 00 0a 9a 00
INFO - 2b ec 88 3c 00 0a a9 00
INFO - 2b ed c8 3c 00 0a 97 00
INFO - 2b f0 08 3c 00 0a af 00
INFO - 2b f2 48 3c 00 0a b3 00
INFO - 2b f5 88 3c 00 0a c4 00
INFO - 2b f6 c8 3c 00 0a 9e 00
INFO - 2b f8 08 3c 00 0a a0 00
INFO - 2b fa 48 3c 00 0a 8b 00
INFO - 2b fc 88 3c 00 0a 76 00
INFO - 2b fe c8 3c 00 0a 95 00
INFO - 2c 00 08 3c 00 0a a4 00
INFO - 2c 02 48 3c 00 0a 9d 00
INFO - 2c 06 88 3c 00 0b 29 00
INFO - 2c 08 c8 3c 00 0a 99 00
INFO - 2c 0b 08 3c 00 0a bc 00
INFO - 2c 0d 48 3c 00 0a cc 00
INFO - 2c 10 88 3c 00 0a bc 00
INFO - 2c 13 c8 3c 00 0a cb 00
INFO - 2c 15 08 3c 00 0a bb 00
INFO - 2c 18 48 3c 00 0a c1 00
INFO - 2c 1a 88 3c 00 0a ba 00
INFO - 2c 1c c8 3c 00 0a ab 00
INFO - 2c 1f 08 3c 00 0a a5 00
INFO - 2c 20 48 3c 00 0a 93 00
INFO - 2c 23 88 3c 00 0a b6 00
INFO - 2c 24 c8 3c 00 0a 8f 00
INFO - 2c 26 08 3c 00 0a 9e 00
INFO - 2c 28 48 3c 00 0a aa 00
INFO - 2c 2a 88 3c 00 0a a4 00
INFO - 2c 2c c8 3c 00 0a aa 00
INFO - 2c 2e 08 3c 00 0a a4 00
INFO - 2c 30 48 3c 00 0a 9c 00
INFO - 2c 33 88 3c 00 0a b4 00
INFO - 2c 35 c8 3c 00 0a cc 00
INFO - 2c 37 08 3c 00 0a 73 00
INFO - 2c 3a 48 3c 00 0a b3 00
INFO - 2c 3b 88 3c 00 0a 8e 00
INFO - 2c 3d c8 3c 00 0a 9b 00
INFO - 2c 40 08 3c 00 0a b3 00
INFO - 2c 41 48 3c 00 0a 97 00
INFO - 2c 43 88 3c 00 0a 9f 00
INFO - 2c 46 c8 3c 00 0a b8 00
INFO - 2c 48 08 3c 00 0a af 00
INFO - 2c 4a 48 3c 00 0a a5 00
INFO - 2c 4d 88 3c 00 0a cd 00
INFO - 2c 4e c8 3c 00 0a 90 00
INFO - 2c 50 08 3c 00 0a a5 00
INFO - 2c 53 48 3c 00 0a cc 00
INFO - 2c 55 88 3c 00 0a 9a 00
INFO - 2c 57 c8 3c 00 0a 9a 00
INFO - 2c 59 08 3c 00 0a b8 00
INFO - 2c 5b 48 3c 00 0a 91 00
INFO - 2c 5d 88 3c 00 0a c2 00
INFO - 2c 5f c8 3c 00 0a a0 00
INFO - 2c 62 08 3c 00 0a ae 00
INFO - 2c 64 48 3c 00 0a b9 00
INFO - 2c 65 88 3c 00 0a 82 00
INFO - 2c 68 c8 3c 00 0a b0 00
INFO - 2c 6a 08 3c 00 0a aa 00
INFO - 2c 6c 48 3c 00 0a a2 00
INFO - 2c 6d 88 3c 00 0a 9c 00
INFO - 2c 70 c8 3c 00 0a c7 00
INFO - 2c 73 08 3c 00 0a b8 00
INFO - 2c 75 48 3c 00 0a a0 00
INFO - 2c 77 88 3c 00 0a b6 00
INFO - 2c 79 c8 3c 00 0a 92 00
INFO - 2c 7b 08 3c 00 0a b2 00
INFO - 2c 7c 48 3c 00 0a 89 00
INFO - 2c 7f 88 3c 00 0a bd 00
INFO - 2c 80 c8 3c 00 0a 8e 00
INFO - 2c 82 08 3c 00 0a a6 00
INFO - 2c 85 48 3c 00 0a a9 00
INFO - 2c 86 88 3c 00 0a 9c 00
INFO - 2c 88 c8 3c 00 0a a9 00
INFO - 2c 8b 08 3c 00 0a ad 00
INFO - 2c 8d 48 3c 00 0a 9c 00
INFO - 2c 8e 88 3c 00 0a 9f 00
INFO - 2c 90 c8 3c 00 0a 99 00
INFO - 2c 92 08 3c 00 0a 9b 00
INFO - 2c 94 48 3c 00 0a a9 00
INFO - 2c 96 88 3c 00 0a 88 00
INFO - 2c 98 c8 3c 00 0a b2 00
INFO - 2c 99 08 3c 00 0a 86 00
INFO - 2c 9c 48 3c 00 0a c2 00
INFO - 2c 9d 88 3c 00 0a 8c 00
INFO - 2c 9f c8 3c 00 0a a2 00
INFO - 2c a2 08 3c 00 0a af 00
INFO - 2c a3 48 3c 00 0a 8c 00
INFO - 2c a5 88 3c 00 0a a2 00
INFO - 2c a7 c8 3c 00 0a a5 00
INFO - 2c aa 08 3c 00 0a ce 00
INFO - 2c ac 48 3c 00 0a 92 00
INFO - 2c ae 88 3c 00 0a c5 00
INFO - 2c b0 c8 3c 00 0a 92 00
INFO - 2c b2 08 3c 00 0a ba 00
INFO - 2c b4 48 3c 00 0a 8e 00
INFO - 2c b6 88 3c 00 0a ae 00
INFO - 2c b8 c8 3c 00 0a 9e 00
INFO - 2c bb 08 3c 00 0a bf 00
INFO - 2c bc 48 3c 00 0a 91 00
INFO - 2c bf 88 3c 00 0a b1 00
INFO - 2c c0 c8 3c 00 0a 92 00
INFO - 2c c2 08 3c 00 0a 94 00
INFO - 2c c4 48 3c 00 0a bf 00
INFO - 2c c7 88 3c 00 0a b6 00
INFO - 2c c9 c8 3c 00 0a a2 00
INFO - 2c cb 08 3c 00 0a 6c 00
INFO - 2c cc 48 3c 00 0a 93 00
INFO - 2c ce 88 3c 00 0a 8b 00
INFO - 2c d0 c8 3c 00 0a b0 00
INFO - 2c d2 08 3c 00 0a 97 00
INFO - 2c d5 48 3c 00 0a cb 00
INFO - 2c d7 88 3c 00 0a b2 00
INFO - 2c da c8 3c 00 0a d3 00
INFO - 2c db 08 3c 00 0a 89 00
INFO - 2c de 48 3c 00 0a ca 00
INFO - 2c e0 88 3c 00 0a 9d 00
INFO - 2c e3 c8 3c 00 0a ca 00
INFO - 2c e5 08 3c 00 0a ae 00
INFO - 2c e7 48 3c 00 0a 93 00
INFO - 2c e8 88 3c 00 0a 84 00
INFO - 2c eb c8 3c 00 0a d7 00
INFO - 2c ed 08 3c 00 0a a5 00
INFO - 2c ef 48 3c 00 0a a7 00
INFO - 2c f1 88 3c 00 0a 90 00
INFO - 2c f2 c8 3c 00 0a 8e 00
INFO - 2c f4 08 3c 00 0a 93 00
INFO - 2c f5 48 3c 00 0a 8e 00
INFO - 2c f7 88 3c 00 0a 90 00
INFO - 2c f9 c8 3c 00 0a 90 00
INFO - 2c fa 08 3c 00 0a 94 00
INFO - 2c fc 48 3c 00 0a 8d 00
INFO - 2c fe 88 3c 00 0a 93 00
INFO - 2c ff c8 3c 00 0a 97 00
INFO - 2d 01 08 3c 00 0a 94 00
INFO - 2d 03 48 3c 00 0a 9a 00
INFO - 2d 05 88 3c 00 0a a0 00
INFO - 2d 07 c8 3c 00 0a ae 00
INFO - 2d 08 08 3c 00 0a 86 00
INFO - 2d 0a 48 3c 00 0a a7 00
INFO - 2d 0d 88 3c 00 0a aa 00
INFO - 2d 0f c8 3c 00 0a b7 00
INFO - 2d 11 08 3c 00 0a b1 00
INFO - 2d 13 48 3c 00 0a a9 00
INFO - 2d 18 88 3c 00 0b 1d 00
INFO - 2d 1a c8 3c 00 0a b4 00
INFO - 2d 1b 08 3c 00 0a 7e 00
INFO - 2d 1e 48 3c 00 0a c8 00
INFO - 2d 20 88 3c 00 0a 92 00
INFO - 2d 22 c8 3c 00 0a a9 00
INFO - 2d 24 08 3c 00 0a 9c 00
INFO - 2d 25 48 3c 00 0a 99 00
INFO - 2d 28 88 3c 00 0a b3 00
INFO - 2d 2a c8 3c 00 0a a6 00
INFO - 2d 2b 08 3c 00 0a 8e 00
INFO - 2d 2d 48 3c 00 0a 8c 00
INFO - 2d 2f 88 3c 00 0a 98 00
INFO - 2d 31 c8 3c 00 0a a5 00
INFO - 2d 33 08 3c 00 0a c6 00
INFO - 2d 36 48 3c 00 0a b0 00
INFO - 2d 37 88 3c 00 0a 94 00
INFO - 2d 39 c8 3c 00 0a 9b 00
INFO - 2d 3b 08 3c 00 0a 98 00
INFO - 2d 3d 48 3c 00 0a b5 00
INFO - 2d 3f 88 3c 00 0a 8c 00
INFO - 2d 41 c8 3c 00 0a af 00
INFO - 2d 43 08 3c 00 0a b5 00
INFO - 2d 45 48 3c 00 0a 99 00
INFO - 2d 48 88 3c 00 0a b6 00
INFO - 2d 4a c8 3c 00 0a b4 00
INFO - 2d 4c 08 3c 00 0a 9c 00
INFO - 2d 4f 48 3c 00 0a cb 00
INFO - 2d 50 88 3c 00 0a 8f 00
INFO - 2d 52 c8 3c 00 0a ad 00
INFO - 2d 54 08 3c 00 0a a1 00
INFO - 2d 56 48 3c 00 0a 9d 00
INFO - 2d 58 88 3c 00 0a a4 00
INFO - 2d 5b c8 3c 00 0a b8 00
INFO - 2d 5d 08 3c 00 0a a3 00
INFO - 2d 5e 48 3c 00 0a 93 00
INFO - 2d 61 88 3c 00 0a b5 00
INFO - 2d 62 c8 3c 00 0a 96 00
INFO - 2d 64 08 3c 00 0a 9e 00
INFO - 2d 66 48 3c 00 0a a3 00
INFO - 2d 69 88 3c 00 0a c2 00
INFO - 2d 6b c8 3c 00 0a a3 00
INFO - 2d 6d 08 3c 00 0a 72 00
INFO - 2d 6f 48 3c 00 0a a3 00
INFO - 2d 71 88 3c 00 0a 9b 00
INFO - 2d 72 c8 3c 00 0a 8b 00
INFO - 2d 74 08 3c 00 0a a8 00
INFO - 2d 76 48 3c 00 0a 9f 00
INFO - 2d 78 88 3c 00 0a ac 00
INFO - 2d 7a c8 3c 00 0a a3 00
INFO - 2d 7c 08 3c 00 0a 8f 00
INFO - 2d 7e 48 3c 00 0a a2 00
INFO - 2d 80 88 3c 00 0a 9a 00
INFO - 2d 82 c8 3c 00 0a b9 00
INFO - 2d 84 08 3c 00 0a a0 00
INFO - 2d 86 48 3c 00 0a a6 00
INFO - 2d 88 88 3c 00 0a 9f 00
INFO - 2d 8a c8 3c 00 0a 99 00
INFO - 2d 8b 08 3c 00 0a 86 00
INFO - 2d 8e 48 3c 00 0a b7 00
INFO - 2d 8f 88 3c 00 0a 8f 00
INFO - 2d 91 c8 3c 00 0a ad 00
INFO - 2d 93 08 3c 00 0a 99 00
INFO - 2d 96 48 3c 00 0a b7 00
INFO - 2d 97 88 3c 00 0a 9e 00
INFO - 2d 99 c8 3c 00 0a 9a 00
INFO - 2d 9b 08 3c 00 0a a4 00
INFO - 2d 9e 48 3c 00 0a c8 00
INFO - 2d a0 88 3c 00 0a 94 00
INFO - 2d a2 c8 3c 00 0a a0 00
INFO - 2d a4 08 3c 00 0a a7 00
INFO - 2d a6 48 3c 00 0a c3 00
INFO - 2d a8 88 3c 00 0a 8c 00
INFO - 2d aa c8 3c 00 0a b2 00
INFO - 2d ad 08 3c 00 0a b9 00
INFO - 2d ae 48 3c 00 0a 90 00
INFO - 2d b1 88 3c 00 0a d7 00
INFO - 2d b3 c8 3c 00 0a 9b 00
INFO - 2d b5 08 3c 00 0a 90 00
INFO - 2d b7 48 3c 00 0a af 00
INFO - 2d b8 88 3c 00 0a 90 00
INFO - 2d bb c8 3c 00 0a af 00
INFO - 2d bd 08 3c 00 0a 9b 00
INFO - 2d be 48 3c 00 0a 90 00
INFO - 2d c1 88 3c 00 0a b8 00
INFO - 2d c3 c8 3c 00 0a c2 00
INFO - 2d c5 08 3c 00 0a ae 00
INFO - 2d c8 48 3c 00 0a b9 00
INFO - 2d ca 88 3c 00 0a a5 00
INFO - 2d cb c8 3c 00 0a 90 00
INFO - 2d ce 08 3c 00 0a a4 00
INFO - 2d cf 48 3c 00 0a 9b 00
INFO - 2d d2 88 3c 00 0a bd 00
INFO - 2d d4 c8 3c 00 0a ab 00
INFO - 2d d6 08 3c 00 0a 9b 00
INFO - 2d d8 48 3c 00 0a 9b 00
INFO - 2d d9 88 3c 00 0a 8a 00
INFO - 2d dc c8 3c 00 0a d4 00
INFO - 2d df 08 3c 00 0a b9 00
INFO - 2d e0 48 3c 00 0a 9e 00
INFO - 2d e3 88 3c 00 0a ac 00
INFO - 2d e4 c8 3c 00 0a 95 00
INFO - 2d e6 08 3c 00 0a a1 00
INFO - 2d e8 48 3c 00 0a 95 00
INFO - 2d e9 88 3c 00 0a 82 00
INFO - 2d ec c8 3c 00 0a bd 00
INFO - 2d ee 08 3c 00 0a af 00
INFO - 2d f1 48 3c 00 0a c0 00
INFO - 2d f3 88 3c 00 0a b2 00
INFO - 2d f6 c8 3c 00 0a c4 00
INFO - 2d f8 08 3c 00 0a af 00
INFO - 2d fa 48 3c 00 0a a1 00
INFO - 2d fc 88 3c 00 0a 9e 00
INFO - 2d fe c8 3c 00 0a b0 00
INFO - 2d ff 08 3c 00 0a 8d 00
INFO - 2e 01 48 3c 00 0a 96 00
INFO - 2e 03 88 3c 00 0a af 00
INFO - 2e 05 c8 3c 00 0a a5 00
INFO - 2e 08 08 3c 00 0a be 00
INFO - 2e 0a 48 3c 00 0a 97 00
INFO - 2e 0c 88 3c 00 0a a5 00
INFO - 2e 0d c8 3c 00 0a 87 00
INFO - 2e 0f 08 3c 00 0a 9b 00
INFO - 2e 10 48 3c 00 0a 87 00
INFO - 2e 12 88 3c 00 0a 91 00
INFO - 2e 14 c8 3c 00 0a a5 00
INFO - 2e 16 08 3c 00 0a 9b 00
INFO - 2e 19 48 3c 00 0a c7 00
INFO - 2e 1a 88 3c 00 0a 83 00
INFO - 2e 1c c8 3c 00 0a 9c 00
INFO - 2e 1e 08 3c 00 0a a9 00
INFO - 2e 23 48 3c 00 0b 44 00
INFO - 2e 25 88 3c 00 0a a5 00
INFO - 2e 27 c8 3c 00 0a 9c 00
INFO - 2e 29 08 3c 00 0a 95 00
INFO - 2e 2a 48 3c 00 0a 87 00
INFO - 2e 2c 88 3c 00 0a a2 00
INFO - 2e 2e c8 3c 00 0a 95 00
INFO - 2e 30 08 3c 00 0a 98 00
INFO - 2e 31 48 3c 00 0a 8b 00
INFO - 2e 33 88 3c 00 0a a2 00
INFO - 2e 35 c8 3c 00 0a 91 00
INFO - 2e 37 08 3c 00 0a 9f 00
INFO - 2e 39 48 3c 00 0a b0 00
INFO - 2e 3b 88 3c 00 0a 98 00
INFO - 2e 3d c8 3c 00 0a a9 00
INFO - 2e 40 08 3c 00 0a df 00
INFO - 2e 43 48 3c 00 0a c7 00
INFO - 2e 45 88 3c 00 0a a5 00
INFO - 2e 46 c8 3c 00 0a 87 00
INFO - 2e 48 08 3c 00 0a a5 00
INFO - 2e 4a 48 3c 00 0a 91 00
INFO - 2e 4c 88 3c 00 0a c4 00
INFO - 2e 4e c8 3c 00 0a a5 00
INFO - 2e 51 08 3c 00 0a b0 00
INFO - 2e 53 48 3c 00 0a 98 00
INFO - 2e 54 88 3c 00 0a 9e 00
INFO - 2e 56 c8 3c 00 0a 9b 00
INFO - 2e 58 08 3c 00 0a 9b 00
INFO - 2e 5a 48 3c 00 0a 91 00
INFO - 2e 5c 88 3c 00 0a 9b 00
INFO - 2e 5e c8 3c 00 0a a5 00
INFO - 2e 5f 08 3c 00 0a 90 00
INFO - 2e 61 48 3c 00 0a 9b 00
INFO - 2e 63 88 3c 00 0a 9e 00
INFO - 2e 65 c8 3c 00 0a a2 00
INFO - 2e 67 08 3c 00 0a b2 00
INFO - 2e 6a 48 3c 00 0a c0 00
INFO - 2e 6c 88 3c 00 0a a5 00
INFO - 2e 6f c8 3c 00 0a da 00
INFO - 2e 72 08 3c 00 0a d7 00
INFO - 2e 75 48 3c 00 0a 96 00
INFO - 2e 77 88 3c 00 0a 87 00
INFO - 2e 79 c8 3c 00 0a 97 00
INFO - 2e 7a 08 3c 00 0a 9b 00
INFO - 2e 7d 48 3c 00 0a cd 00
INFO - 2e 7f 88 3c 00 0a b2 00
INFO - 2e 82 c8 3c 00 0a a4 00
INFO - 2e 84 08 3c 00 0a b9 00
INFO - 2e 86 48 3c 00 0a a1 00
INFO - 2e 88 88 3c 00 0a 94 00
INFO - 2e 8a c8 3c 00 0a a4 00
INFO - 2e 8c 08 3c 00 0a b9 00
INFO - 2e 8e 48 3c 00 0a 90 00
INFO - 2e 90 88 3c 00 0a a5 00
INFO - 2e 92 c8 3c 00 0a b5 00
INFO - 2e 94 08 3c 00 0a a8 00
INFO - 2e 96 48 3c 00 0a 91 00
INFO - 2e 98 88 3c 00 0a ae 00
INFO - 2e 9a c8 3c 00 0a af 00
INFO - 2e 9c 08 3c 00 0a 90 00
INFO - 2e 9e 48 3c 00 0a ae 00
INFO - 2e a0 88 3c 00 0a af 00
INFO - 2e a2 c8 3c 00 0a 90 00
INFO - 2e a3 08 3c 00 0a 86 00
INFO - 2e a6 48 3c 00 0a cc 00
INFO - 2e a8 88 3c 00 0a a5 00
INFO - 2e aa c8 3c 00 0a ae 00
INFO - 2e ac 08 3c 00 0a 9a 00
INFO - 2e ae 48 3c 00 0a 9a 00
INFO - 2e b0 88 3c 00 0a 9b 00
INFO - 2e b1 c8 3c 00 0a 90 00
INFO - 2e b4 08 3c 00 0a ae 00
INFO - 2e b6 48 3c 00 0a a4 00
INFO - 2e b7 88 3c 00 0a 90 00
INFO - 2e ba c8 3c 00 0a b8 00
INFO - 2e bc 08 3c 00 0a a3 00
INFO - 2e be 48 3c 00 0a a7 00
INFO - 2e bf 88 3c 00 0a 8d 00
INFO - 2e c1 c8 3c 00 0a b2 00
INFO - 2e c3 08 3c 00 0a 83 00
INFO - 2e c5 48 3c 00 0a b8 00
INFO - 2e c7 88 3c 00 0a a7 00
INFO - 2e c9 c8 3c 00 0a 9a 00
INFO - 2e cb 08 3c 00 0a 97 00
INFO - 2e ce 48 3c 00 0a cf 00
INFO - 2e cf 88 3c 00 0a 97 00
INFO - 2e d2 c8 3c 00 0a c5 00
INFO - 2e d4 08 3c 00 0a 90 00
INFO - 2e d6 48 3c 00 0a a1 00
INFO - 2e d8 88 3c 00 0a 9d 00
INFO - 2e da c8 3c 00 0a cc 00
INFO - 2e dc 08 3c 00 0a 90 00
INFO - 2e de 48 3c 00 0a ab 00
INFO - 2e e0 88 3c 00 0a 93 00
INFO - 2e e3 c8 3c 00 0a ea 00
INFO - 2e e5 08 3c 00 0a ae 00
INFO - 2e e7 48 3c 00 0a a4 00
INFO - 2e e9 88 3c 00 0a 9a 00
INFO - 2e eb c8 3c 00 0a a4 00
INFO - 2e ed 08 3c 00 0a 9a 00
INFO - 2e ef 48 3c 00 0a 9a 00
INFO - 2e f1 88 3c 00 0a a4 00
INFO - 2e f3 c8 3c 00 0a a4 00
INFO - 2e f5 08 3c 00 0a 9a 00
INFO - 2e f7 48 3c 00 0a b1 00
INFO - 2e f9 88 3c 00 0a a1 00
INFO - 2e fb c8 3c 00 0a a4 00
INFO - 2e fe 08 3c 00 0a cf 00
INFO - 2f 00 48 3c 00 0a a1 00
INFO - 2f 02 88 3c 00 0a a5 00
INFO - 2f 03 c8 3c 00 0a 86 00
INFO - 2f 05 08 3c 00 0a 8a 00
INFO - 2f 07 48 3c 00 0a ca 00
INFO - 2f 0a 88 3c 00 0a d0 00
INFO - 2f 0c c8 3c 00 0a 98 00
INFO - 2f 0e 08 3c 00 0a a8 00
INFO - 2f 10 48 3c 00 0a 8e 00
INFO - 2f 12 88 3c 00 0a be 00
INFO - 2f 14 c8 3c 00 0a 98 00
INFO - 2f 16 08 3c 00 0a b3 00
INFO - 2f 18 48 3c 00 0a 99 00
INFO - 2f 1a 88 3c 00 0a aa 00
INFO - 2f 1c c8 3c 00 0a 9c 00
INFO - 2f 1e 08 3c 00 0a 99 00
INFO - 2f 20 48 3c 00 0a 95 00
INFO - 2f 22 88 3c 00 0a 9d 00
INFO - 2f 24 c8 3c 00 0a 72 00
INFO - 2f 25 08 3c 00 0a 96 00
INFO - 2f 27 48 3c 00 0a a7 00
INFO - 2f 29 88 3c 00 0a 9e 00
INFO - 2f 2c c8 3c 00 0a c7 00
INFO - 2f 2e 08 3c 00 0a a4 00
INFO - 2f 33 48 3c 00 0b 3d 00
INFO - 2f 35 88 3c 00 0a b2 00
INFO - 2f 38 c8 3c 00 0a be 00
INFO - 2f 3b 08 3c 00 0a d2 00
INFO - 2f 3e 48 3c 00 0a d3 00
INFO - 2f 3f 88 3c 00 0a 94 00
INFO - 2f 41 c8 3c 00 0a 9f 00
INFO - 2f 44 08 3c 00 0a bf 00
INFO - 2f 46 48 3c 00 0a 9f 00
INFO - 2f 47 88 3c 00 0a 94 00
INFO - 2f 49 c8 3c 00 0a a2 00
INFO - 2f 4b 08 3c 00 0a 9b 00
INFO - 2f 4d 48 3c 00 0a 95 00
INFO - 2f 4f 88 3c 00 0a 8d 00
INFO - 2f 50 c8 3c 00 0a 8a 00
INFO - 2f 52 08 3c 00 0a 9c 00
INFO - 2f 54 48 3c 00 0a 95 00
INFO - 2f 56 88 3c 00 0a c3 00
INFO - 2f 58 c8 3c 00 0a 87 00
INFO - 2f 5a 08 3c 00 0a a0 00
INFO - 2f 5c 48 3c 00 0a a4 00
INFO - 2f 5f 88 3c 00 0a f2 00
INFO - 2f 61 c8 3c 00 0a a4 00
INFO - 2f 63 08 3c 00 0a a8 00
INFO - 2f 65 48 3c 00 0a 8f 00
INFO - 2f 67 88 3c 00 0a a0 00
INFO - 2f 69 c8 3c 00 0a b3 00
INFO - 2f 6c 08 3c 00 0a c4 00
INFO - 2f 6e 48 3c 00 0a 93 00
INFO - 2f 6f 88 3c 00 0a 99 00
INFO - 2f 72 c8 3c 00 0a b7 00
INFO - 2f 75 08 3c 00 0a cd 00
INFO - 2f 77 48 3c 00 0a cd 00
INFO - 2f 79 88 3c 00 0a 9e 00
INFO - 2f 7c c8 3c 00 0a d0 00
INFO - 2f 7e 08 3c 00 0a a1 00
INFO - 2f 80 48 3c 00 0a ac 00
INFO - 2f 82 88 3c 00 0a 97 00
INFO - 2f 84 c8 3c 00 0a 96 00
INFO - 2f 86 08 3c 00 0a c2 00
INFO - 2f 88 48 3c 00 0a a1 00
INFO - 2f 8b 88 3c 00 0a b8 00
INFO - 2f 8d c8 3c 00 0a c2 00
INFO - 2f 91 08 3c 00 0a db 00
INFO - 2f 93 48 3c 00 0a ca 00
INFO - 2f 95 88 3c 00 0a 8c 00
INFO - 2f 97 c8 3c 00 0a a1 00
INFO - 2f 99 08 3c 00 0a a3 00
INFO - 2f 9b 48 3c 00 0a b1 00
INFO - 2f 9d 88 3c 00 0a b5 00
INFO - 2f 9f c8 3c 00 0a a7 00
INFO - 2f a2 08 3c 00 0a b5 00
INFO - 2f a5 48 3c 00 0a d2 00
INFO - 2f a7 88 3c 00 0a 9c 00
INFO - 2f aa c8 3c 00 0a d6 00
INFO - 2f ac 08 3c 00 0a ba 00
INFO - 2f ae 48 3c 00 0a b6 00
INFO - 2f b1 88 3c 00 0a a8 00
INFO - 2f b3 c8 3c 00 0a af 00
INFO - 2f b5 08 3c 00 0a a1 00
INFO - 2f b7 48 3c 00 0a bc 00
INFO - 2f ba 88 3c 00 0a dd 00
INFO - 2f bc c8 3c 00 0a 8e 00
INFO - 2f bf 08 3c 00 0a c6 00
INFO - 2f c0 48 3c 00 0a 8e 00
INFO - 2f c2 88 3c 00 0a a2 00
INFO - 2f c5 c8 3c 00 0a bd 00
INFO - 2f c7 08 3c 00 0a a5 00
INFO - 2f c8 48 3c 00 0a 99 00
INFO - 2f ca 88 3c 00 0a 8e 00
INFO - 2f cd c8 3c 00 0a c6 00
INFO - 2f d0 08 3c 00 0a dc 00
INFO - 2f d3 48 3c 00 0a d5 00
INFO - 2f d5 88 3c 00 0a a1 00
INFO - 2f d7 c8 3c 00 0a 9a 00
INFO - 2f d9 08 3c 00 0a af 00
INFO - 2f db 48 3c 00 0a 9a 00
INFO - 2f dc 88 3c 00 0a 8e 00
INFO - 2f de c8 3c 00 0a a8 00
INFO - 2f e0 08 3c 00 0a ab 00
INFO - 2f e3 48 3c 00 0a c6 00
INFO - 2f e5 88 3c 00 0a af 00
INFO - 2f e8 c8 3c 00 0a bf 00
INFO - 2f ea 08 3c 00 0a bb 00
INFO - 2f ed 48 3c 00 0a ab 00
