INFO - a1 db 48 40 57 00 00 02
INFO - a1 db 88 40 57 00 00 02
INFO - a1 db c8 40 57 00 00 02
INFO - a1 db 08 40 57 00 00 02
INFO - a4 90 88 40 57 00 00 02
INFO - a4 90 c8 40 57 00 00 02
INFO - a4 90 08 40 57 00 00 02
INFO - a4 90 48 40 57 00 00 02
INFO - a9 64 c8 40 57 00 00 02
INFO - a9 64 08 40 57 00 00 02
INFO - a9 64 48 40 57 00 00 02
INFO - a9 64 88 40 57 00 00 02
INFO - a9 64 c8 40 57 00 00 02
INFO - 89 dc 48 08 40 27 41 d0
INFO - 89 dc 88 20 40 27 e5 f9
INFO - 89 dc c8 40 40 20 00 79
INFO - 89 de c8 08 40 27 41 d0
INFO - 89 de 08 20 40 27 e5 f9
INFO - 89 de 48 40 40 21 e4 fc
INFO - 89 e0 48 08 40 27 41 d0
INFO - 89 e0 88 20 40 27 e5 f9
INFO - 89 e0 c8 40 40 23 f0 fd
INFO - 89 e2 c8 08 40 27 41 d0
INFO - 89 e2 08 20 40 27 e5 f7
INFO - 89 e2 48 40 40 23 f4 01
INFO - 89 e4 48 08 40 27 41 d0
INFO - 89 e4 88 20 40 27 dd f7
INFO - 89 e4 c8 40 40 20 04 fc
INFO - 89 e6 c8 08 40 27 41 d0
INFO - 89 e6 08 20 40 27 dd f7
INFO - 89 e6 48 40 40 23 f0 00
INFO - 89 e8 48 08 40 27 41 d0
INFO - 89 e8 88 20 40 27 dd f7
INFO - 89 e8 c8 40 40 20 00 01
INFO - 89 ea c8 08 40 27 41 d0
INFO - 89 ea 08 20 40 27 dd f9
INFO - 89 ea 48 40 40 20 04 fc
INFO - 89 ec 48 08 40 27 41 d0
INFO - 89 ec 88 20 40 27 e5 f9
INFO - 89 ec c8 40 40 23 f0 01
INFO - 89 ee c8 08 40 27 41 d0
INFO - 89 ee 08 20 40 27 e5 fb
INFO - 89 ee 48 40 40 20 04 fc
INFO - 89 f0 48 08 40 27 41 d0
INFO - 89 f0 88 20 40 27 ed fb
INFO - 89 f0 c8 40 40 23 f0 00
INFO - 89 f2 c8 08 40 27 41 d0
INFO - 89 f2 08 20 40 27 ed fb
INFO - 89 f2 48 40 40 20 00 01
INFO - 89 f4 48 08 40 27 41 d0
INFO - 89 f4 88 20 40 27 ed fb
INFO - 89 f4 c8 40 40 20 04 fc
INFO - 89 f6 c8 08 40 37 41 ff
INFO - 89 f6 08 20 40 37 ed f9
INFO - 89 f6 48 40 40 33 f0 00
INFO - 89 f9 48 08 40 17 fe 10
INFO - 89 f9 88 20 40 17 e5 f9
INFO - 89 f9 c8 40 40 10 00 01
INFO - 89 fa c8 08 40 38 42 10
INFO - 89 fa 08 20 40 37 e5 f9
INFO - 89 fa 48 40 40 30 04 fc
INFO - 89 fd 48 08 40 18 42 10
INFO - 89 fd 88 20 40 17 e5 f9
INFO - 89 fd c8 40 40 13 f0 fd
INFO - 89 fe c8 08 40 28 42 10
INFO - 89 fe 08 20 40 27 e5 f9
INFO - 89 fe 48 40 40 23 f4 01
INFO - 8a 00 48 08 40 28 42 10
INFO - 8a 00 88 20 40 27 e5 f9
INFO - 8a 00 c8 40 40 20 04 fc
INFO - 8a 02 c8 08 40 28 42 10
INFO - 8a 02 08 20 40 27 e5 f9
INFO - 8a 02 48 40 40 23 f0 01
INFO - 8a 04 48 08 40 28 42 10
INFO - 8a 04 88 20 40 27 e5 f9
INFO - 8a 04 c8 40 40 20 04 fc
INFO - 8a 06 c8 08 40 38 42 10
INFO - 8a 06 08 20 40 37 e5 f9
INFO - 8a 06 48 40 40 33 f0 00
INFO - 8a 09 48 08 40 18 42 10
INFO - 8a 09 88 20 40 17 e5 f9
INFO - 8a 09 c8 40 40 10 00 01
INFO - 8a 0a c8 08 40 28 42 10
INFO - 8a 0a 08 20 40 27 e5 f9
INFO - 8a 0a 48 40 40 20 04 fc
INFO - 8a 0c 48 08 40 28 42 10
INFO - 8a 0c 88 20 40 27 e5 f7
INFO - 8a 0c c8 40 40 23 f0 fd
INFO - 8a 0e c8 08 40 28 42 10
INFO - 8a 0e 08 20 40 27 dd f7
INFO - 8a 0e 48 40 40 23 f4 01
INFO - 8a 10 48 08 40 38 42 10
INFO - 8a 10 88 20 40 37 dd f7
INFO - 8a 10 c8 40 40 30 04 fc
INFO - 8a 13 c8 08 40 18 42 10
INFO - 8a 13 08 20 40 17 dd f7
INFO - 8a 13 48 40 40 13 f0 fd
INFO - 8a 14 48 08 40 38 42 17
INFO - 8a 14 88 20 40 37 dd f9
INFO - 8a 14 c8 40 40 33 f4 01
INFO - 8a 17 c8 08 40 28 5e 1a
INFO - 8a 17 08 20 40 27 e5 f9
INFO - 8a 17 48 40 40 20 04 fc
INFO - 8a 19 48 08 40 28 6a 1a
INFO - 8a 19 88 20 40 27 e5 fb
INFO - 8a 19 c8 40 40 23 f0 01
INFO - 8a 1b c8 08 40 28 6a 1a
INFO - 8a 1b 08 20 40 27 ed fb
INFO - 8a 1b 48 40 40 20 04 fc
INFO - 8a 1d 48 08 40 28 6a 1a
INFO - 8a 1d 88 20 40 27 ed fb
INFO - 8a 1d c8 40 40 23 f0 fd
INFO - 8a 1f c8 08 40 28 6a 1a
INFO - 8a 1f 08 20 40 27 ed fb
INFO - 8a 1f 48 40 40 23 f4 01
INFO - 8a 21 48 08 40 28 6a 1a
INFO - 8a 21 88 20 40 27 ed fb
INFO - 8a 21 c8 40 40 20 04 fc
INFO - 8a 23 c8 08 40 28 6a 1a
INFO - 8a 23 08 20 40 27 ed fb
INFO - 8a 23 48 40 40 23 f0 fd
INFO - 8a 25 48 08 40 28 6a 1a
INFO - 8a 25 88 20 40 27 ed fb
INFO - 8a 25 c8 40 40 23 f4 01
INFO - 8a 27 c8 08 40 28 6a 1a
INFO - 8a 27 08 20 40 27 ed fb
INFO - 8a 27 48 40 40 20 04 fc
INFO - 8a 29 48 08 40 28 6a 1a
INFO - 8a 29 88 20 40 27 ed fb
INFO - 8a 29 c8 40 40 23 f0 01
INFO - 8a 2b c8 08 40 28 6a 1a
INFO - 8a 2b 08 20 40 27 ed fb
INFO - 8a 2b 48 40 40 20 04 fc
INFO - 8a 2d 48 08 40 28 6a 1a
INFO - 8a 2d 88 20 40 27 ed fb
INFO - 8a 2d c8 40 40 23 f0 fd
INFO - 8a 2f c8 08 40 28 6a 1a
INFO - 8a 2f 08 20 40 27 ed fb
INFO - 8a 2f 48 40 40 23 f4 01
INFO - 8a 31 48 08 40 28 6a 1a
INFO - 8a 31 88 20 40 27 ed fb
INFO - 8a 31 c8 40 40 20 04 fc
INFO - 8a 33 c8 08 40 28 69 f8
INFO - 8a 33 08 20 40 27 ed fb
INFO - 8a 33 48 40 40 23 f0 01
INFO - 8a 35 48 08 40 27 e1 eb
INFO - 8a 35 88 20 40 27 ed fb
INFO - 8a 35 c8 40 40 20 04 fc
INFO - 8a 37 c8 08 40 27 ad eb
INFO - 8a 37 08 20 40 27 ed fb
INFO - 8a 37 48 40 40 23 f0 00
INFO - 8a 39 48 08 40 17 ad eb
INFO - 8a 39 88 20 40 17 ed fd
INFO - 8a 39 c8 40 40 10 00 01
INFO - 8a 3a c8 08 40 37 ad eb
INFO - 8a 3a 08 20 40 37 f5 fd
INFO - 8a 3a 48 40 40 30 04 fc
INFO - 8a 3d 48 08 40 27 ad eb
INFO - 8a 3d 88 20 40 27 f5 fd
INFO - 8a 3d c8 40 40 23 f0 fd
INFO - 8a 3f c8 08 40 27 ad eb
INFO - 8a 3f 08 20 40 27 f5 fd
INFO - 8a 3f 48 40 40 23 f4 01
INFO - 8a 41 48 08 40 27 ad eb
INFO - 8a 41 88 20 40 27 f5 fd
INFO - 8a 41 c8 40 40 20 04 fc
INFO - 8a 43 c8 08 40 27 ad eb
INFO - 8a 43 08 20 40 27 f5 fb
INFO - 8a 43 48 40 40 23 f0 fd
INFO - 8a 45 48 08 40 27 ad eb
INFO - 8a 45 88 20 40 27 ed fb
INFO - 8a 45 c8 40 40 23 f4 01
INFO - 8a 47 c8 08 40 27 ad eb
INFO - 8a 47 08 20 40 27 ed fd
INFO - 8a 47 48 40 40 20 04 fc
INFO - 8a 49 48 08 41 d7 ae 14
INFO - 8a 49 88 20 41 d7 f5 ff
INFO - 8a 49 c8 40 41 d3 f0 00
INFO - 8a 66 48 08 40 28 52 14
INFO - 8a 66 88 20 40 27 fd ff
INFO - 8a 66 c8 40 40 20 00 fd
INFO - 8a 68 c8 08 40 28 52 14
INFO - 8a 68 08 20 40 27 fd ff
INFO - 8a 68 48 40 40 23 f4 01
INFO - 8a 6a 48 08 40 28 52 14
INFO - 8a 6a 88 20 40 27 fd ff
INFO - 8a 6a c8 40 40 20 04 fc
INFO - 8a 6c c8 08 40 28 52 14
INFO - 8a 6c 08 20 40 27 fd ff
INFO - 8a 6c 48 40 40 23 f0 01
INFO - 8a 6e 48 08 40 28 52 14
INFO - 8a 6e 88 20 40 27 fd ff
INFO - 8a 6e c8 40 40 20 04 fc
INFO - 8a 70 c8 08 40 28 52 14
INFO - 8a 70 08 20 40 27 fd ff
INFO - 8a 70 48 40 40 23 f0 fd
INFO - 8a 72 48 08 40 28 51 eb
INFO - 8a 72 88 20 40 27 fd ff
INFO - 8a 72 c8 40 40 23 f4 01
INFO - 8a 74 c8 08 40 27 ad dd
INFO - 8a 74 08 20 40 27 fd ff
INFO - 8a 74 48 40 40 20 04 fc
INFO - 8a 76 48 08 40 27 75 dd
INFO - 8a 76 88 20 40 27 fd ff
INFO - 8a 76 c8 40 40 23 f0 00
INFO - 8a 78 c8 08 40 27 75 dd
INFO - 8a 78 08 20 40 27 fd ff
INFO - 8a 78 48 40 40 20 00 01
INFO - 8a 7a 48 08 40 27 75 dd
INFO - 8a 7a 88 20 40 27 fd ff
INFO - 8a 7a c8 40 40 20 04 fc
INFO - 8a 7c c8 08 40 27 75 dd
INFO - 8a 7c 08 20 40 27 fd ff
INFO - 8a 7c 48 40 40 23 f0 01
INFO - 8a 7e 48 08 40 27 75 dd
INFO - 8a 7e 88 20 40 27 fd ff
INFO - 8a 7e c8 40 40 20 04 fc
INFO - 8a 80 c8 08 40 27 75 dd
INFO - 8a 80 08 20 40 27 fd ff
INFO - 8a 80 48 40 40 23 f0 00
INFO - 8a 82 48 08 40 27 75 dd
INFO - 8a 82 88 20 40 27 fd ff
INFO - 8a 82 c8 40 40 20 00 01
INFO - 8a 84 c8 08 40 27 75 dd
INFO - 8a 84 08 20 40 27 fd ff
INFO - 8a 84 48 40 40 20 04 fc
INFO - 8a 86 48 08 40 27 75 dd
INFO - 8a 86 88 20 40 27 fd ff
INFO - 8a 86 c8 40 40 23 f0 00
INFO - 8a 88 c8 08 40 27 75 dd
INFO - 8a 88 08 20 40 27 fd ff
INFO - 8a 88 48 40 40 20 00 01
INFO - 8a 8a 48 08 40 27 75 dd
INFO - 8a 8a 88 20 40 27 fd ff
INFO - 8a 8a c8 40 40 20 04 fc
INFO - 8a 8c c8 08 40 27 75 dd
INFO - 8a 8c 08 20 40 27 fd ff
INFO - 8a 8c 48 40 40 23 f0 01
INFO - 8a 8e 48 08 40 27 75 dd
INFO - 8a 8e 88 20 40 27 fd ff
INFO - 8a 8e c8 40 40 20 04 fc
INFO - 8a 90 c8 08 40 27 75 ff
INFO - 8a 90 08 20 40 27 fd ff
INFO - 8a 90 48 40 40 23 f0 00
INFO - 8a 92 48 08 40 27 fe 0a
INFO - 8a 92 88 20 40 27 fd fd
INFO - 8a 92 c8 40 40 20 00 01
INFO - 8a 94 c8 08 40 28 2a 0a
INFO - 8a 94 08 20 40 27 f5 fd
INFO - 8a 94 48 40 40 20 04 fc
INFO - 8a 96 48 08 40 28 2a 0a
INFO - 8a 96 88 20 40 27 f5 ff
INFO - 8a 96 c8 40 40 23 f0 01
INFO - 8a 98 c8 08 40 28 2a 0a
INFO - 8a 98 08 20 40 27 fd ff
INFO - 8a 98 48 40 40 20 04 fc
INFO - 8a 9a 48 08 40 28 2a 0a
INFO - 8a 9a 88 20 40 27 fd ff
INFO - 8a 9a c8 40 40 23 f0 fd
INFO - 8a 9c c8 08 40 28 2a 0a
INFO - 8a 9c 08 20 40 27 fd ff
INFO - 8a 9c 48 40 40 23 f4 00
INFO - 8a 9e 48 08 40 28 2a 0a
INFO - 8a 9e 88 20 40 27 fd ff
INFO - 8a 9e c8 40 40 20 00 01
INFO - 8a a0 c8 08 40 28 2a 0a
INFO - 8a a0 08 20 40 27 fd ff
INFO - 8a a0 48 40 40 20 04 fc
INFO - 8a a2 48 08 40 28 2a 0a
INFO - 8a a2 88 20 40 27 fd ff
INFO - 8a a2 c8 40 40 23 f0 01
INFO - 8a a4 c8 08 40 28 2a 0a
INFO - 8a a4 08 20 40 27 fd ff
INFO - 8a a4 48 40 40 20 04 fc
INFO - 8a a6 48 08 40 28 2a 0a
INFO - 8a a6 88 20 40 27 fd ff
INFO - 8a a6 c8 40 40 23 f0 fd
INFO - 8a a8 c8 08 40 28 2a 0a
INFO - 8a a8 08 20 40 27 fd ff
INFO - 8a a8 48 40 40 23 f4 01
INFO - 8a aa 48 08 40 28 2a 0a
INFO - 8a aa 88 20 40 27 fe 01
INFO - 8a aa c8 40 40 20 04 fc
INFO - 8a ac c8 08 40 28 2a 0d
INFO - 8a ac 08 20 40 28 06 01
INFO - 8a ac 48 40 40 23 f0 00
INFO - 8a ae 48 08 40 28 36 0d
INFO - 8a ae 88 20 40 28 06 01
INFO - 8a ae c8 40 40 20 00 01
INFO - 8a b0 c8 08 40 28 36 0d
INFO - 8a b0 08 20 40 28 05 ff
INFO - 8a b0 48 40 40 20 04 fc
INFO - 8a b2 48 08 40 28 36 0d
INFO - 8a b2 88 20 40 27 fd ff
INFO - 8a b2 c8 40 40 23 f0 01
INFO - 8a b4 c8 08 40 28 36 0d
INFO - 8a b4 08 20 40 27 fd ff
INFO - 8a b4 48 40 40 20 04 fc
INFO - 8a b6 48 08 40 28 36 0d
INFO - 8a b6 88 20 40 27 fd ff
INFO - 8a b6 c8 40 40 23 f0 00
INFO - 8a b8 c8 08 40 28 36 0d
INFO - 8a b8 08 20 40 27 fd ff
INFO - 8a b8 48 40 40 20 00 01
INFO - 8a ba 48 08 40 28 36 0d
INFO - 8a ba 88 20 40 27 fd ff
INFO - 8a ba c8 40 40 20 04 fc
INFO - 8a bc c8 08 40 28 36 0d
INFO - 8a bc 08 20 40 27 fd ff
INFO - 8a bc 48 40 40 23 f0 fd
INFO - 8a be 48 08 40 28 36 0d
INFO - 8a be 88 20 40 27 fd ff
INFO - 8a be c8 40 40 23 f4 01
INFO - 8a c0 c8 08 40 28 36 0d
INFO - 8a c0 08 20 40 27 fd ff
INFO - 8a c0 48 40 40 20 04 fc
INFO - 8a c2 48 08 40 28 36 0d
INFO - 8a c2 88 20 40 27 fd ff
INFO - 8a c2 c8 40 40 23 f0 00
INFO - 8a c4 c8 08 40 28 36 0d
INFO - 8a c4 08 20 40 27 fd ff
INFO - 8a c4 48 40 40 20 00 01
INFO - 8a c6 48 08 40 28 36 0d
INFO - 8a c6 88 20 40 27 fd ff
INFO - 8a c6 c8 40 40 20 04 fc
INFO - 8a c8 c8 08 40 28 36 0d
INFO - 8a c8 08 20 40 27 fd ff
INFO - 8a c8 48 40 40 23 f0 01
INFO - 8a ca 48 08 40 28 36 0d
INFO - 8a ca 88 20 40 27 fd ff
INFO - 8a ca c8 40 40 20 04 fc
INFO - 8a cc c8 08 40 28 35 fa
INFO - 8a cc 08 20 40 27 fd ff
INFO - 8a cc 48 40 40 23 f0 fd
INFO - 8a ce 48 08 40 27 e9 f4
INFO - 8a ce 88 20 40 27 fd ff
INFO - 8a ce c8 40 40 23 f4 01
INFO - 8a d0 c8 08 40 27 d1 f4
INFO - 8a d0 08 20 40 27 fe 01
INFO - 8a d0 48 40 40 20 04 fc
INFO - 8a d2 48 08 40 27 d1 f4
INFO - 8a d2 88 20 40 28 06 01
INFO - 8a d2 c8 40 40 23 f0 fd
INFO - 8a d4 c8 08 40 27 d1 f4
INFO - 8a d4 08 20 40 28 06 01
INFO - 8a d4 48 40 40 23 f4 01
INFO - 8a d6 48 08 40 27 d1 f4
INFO - 8a d6 88 20 40 28 06 01
INFO - 8a d6 c8 40 40 20 04 fc
INFO - 8a d8 c8 08 40 27 d1 f4
INFO - 8a d8 08 20 40 28 06 01
INFO - 8a d8 48 40 40 23 f0 00
INFO - 8a da 48 08 40 27 d1 f4
INFO - 8a da 88 20 40 28 06 01
INFO - 8a da c8 40 40 20 00 01
INFO - 8a dc c8 08 40 27 d1 f4
INFO - 8a dc 08 20 40 28 06 03
INFO - 8a dc 48 40 40 20 04 fc
INFO - 8a de 48 08 40 27 d1 f4
INFO - 8a de 88 20 40 28 0e 03
INFO - 8a de c8 40 40 23 f0 00
INFO - 8a e0 c8 08 40 27 d1 f4
INFO - 8a e0 08 20 40 28 0e 03
INFO - 8a e0 48 40 40 20 00 01
INFO - 8a e2 48 08 40 27 d1 f4
INFO - 8a e2 88 20 40 28 0e 03
INFO - 8a e2 c8 40 40 20 04 fc
INFO - 8a e4 c8 08 40 27 d1 f4
INFO - 8a e4 08 20 40 28 0e 03
INFO - 8a e4 48 40 40 23 f0 01
INFO - 8a e6 48 08 40 27 d1 f4
INFO - 8a e6 88 20 40 28 0e 03
INFO - 8a e6 c8 40 40 20 04 fc
INFO - 8a e8 c8 08 40 27 d1 f4
INFO - 8a e8 08 20 40 28 0e 01
INFO - 8a e8 48 40 40 23 f0 00
INFO - 8a ea 48 08 40 27 d2 3a
INFO - 8a ea 88 20 40 28 06 01
INFO - 8a ea c8 40 40 20 00 01
INFO - 8a ec c8 08 40 28 ea 4b
INFO - 8a ec 08 20 40 28 05 ff
INFO - 8a ec 48 40 40 20 04 fc
INFO - 8a ee 48 08 40 29 2e 4b
INFO - 8a ee 88 20 40 27 fd ff
INFO - 8a ee c8 40 40 23 f0 fd
INFO - 8a f0 c8 08 40 29 2e 4b
INFO - 8a f0 08 20 40 27 fd ff
INFO - 8a f0 48 40 40 23 f4 01
INFO - 8a f2 48 08 40 29 2e 4b
INFO - 8a f2 88 20 40 27 fe 01
INFO - 8a f2 c8 40 40 20 04 fc
INFO - 8a f4 c8 08 40 29 2e 4b
INFO - 8a f4 08 20 40 28 06 01
INFO - 8a f4 48 40 40 23 f0 00
INFO - 8a f6 48 08 40 29 2e 4b
INFO - 8a f6 88 20 40 28 06 01
INFO - 8a f6 c8 40 40 20 00 01
INFO - 8a f8 c8 08 40 29 2e 4b
INFO - 8a f8 08 20 40 28 06 01
INFO - 8a f8 48 40 40 20 04 fc
INFO - 8a fa 48 08 40 29 2e 4b
INFO - 8a fa 88 20 40 28 06 01
INFO - 8a fa c8 40 40 23 f0 01
INFO - 8a fc c8 08 40 29 2e 4b
INFO - 8a fc 08 20 40 28 06 01
INFO - 8a fc 48 40 40 20 04 fc
INFO - 8a fe 48 08 40 29 2e 4b
INFO - 8a fe 88 20 40 28 06 03
INFO - 8a fe c8 40 40 23 f0 fd
INFO - 8b 00 c8 08 40 29 2e 4b
INFO - 8b 00 08 20 40 28 0e 03
INFO - 8b 00 48 40 40 23 f4 01
INFO - 8b 02 48 08 40 29 2e 4b
INFO - 8b 02 88 20 40 28 0e 03
INFO - 8b 02 c8 40 40 20 04 fc
INFO - 8b 04 c8 08 40 29 2e 4b
INFO - 8b 04 08 20 40 28 0e 01
INFO - 8b 04 48 40 40 23 f0 fd
INFO - 8b 06 48 08 40 29 2e 4b
INFO - 8b 06 88 20 40 28 06 01
INFO - 8b 06 c8 40 40 23 f4 01
INFO - 8b 08 c8 08 40 29 2e 2a
INFO - 8b 08 08 20 40 28 06 01
INFO - 8b 08 48 40 40 20 04 fc
INFO - 8b 0a 48 08 40 28 aa 18
INFO - 8b 0a 88 20 40 28 06 01
INFO - 8b 0a c8 40 40 23 f0 01
INFO - 8b 0c c8 08 40 28 62 18
INFO - 8b 0c 08 20 40 28 06 01
INFO - 8b 0c 48 40 40 20 04 fc
INFO - 8b 0e 48 08 40 28 62 18
INFO - 8b 0e 88 20 40 28 06 01
INFO - 8b 0e c8 40 40 23 f0 00
INFO - 8b 10 c8 08 40 28 62 18
INFO - 8b 10 08 20 40 28 06 01
INFO - 8b 10 48 40 40 20 00 01
INFO - 8b 12 48 08 40 28 62 18
INFO - 8b 12 88 20 40 28 06 01
INFO - 8b 12 c8 40 40 20 04 fc
INFO - 8b 14 c8 08 40 28 62 18
INFO - 8b 14 08 20 40 28 06 03
INFO - 8b 14 48 40 40 23 f0 fd
INFO - 8b 16 48 08 40 28 62 18
INFO - 8b 16 88 20 40 28 0e 03
INFO - 8b 16 c8 40 40 23 f4 01
INFO - 8b 18 c8 08 40 28 62 18
INFO - 8b 18 08 20 40 28 0e 03
INFO - 8b 18 48 40 40 20 04 fc
INFO - 8b 1a 48 08 40 28 62 18
INFO - 8b 1a 88 20 40 28 0e 03
INFO - 8b 1a c8 40 40 23 f0 01
INFO - 8b 1c c8 08 40 28 62 18
INFO - 8b 1c 08 20 40 28 0e 01
INFO - 8b 1c 48 40 40 20 04 fc
INFO - 8b 1e 48 08 40 28 62 18
INFO - 8b 1e 88 20 40 28 06 01
INFO - 8b 1e c8 40 40 23 f0 fd
INFO - 8b 20 c8 08 40 28 62 18
INFO - 8b 20 08 20 40 28 05 ff
INFO - 8b 20 48 40 40 23 f4 01
INFO - 8b 22 48 08 40 28 62 18
INFO - 8b 22 88 20 40 27 fd ff
INFO - 8b 22 c8 40 40 20 04 fc
INFO - 8b 24 c8 08 40 28 62 18
INFO - 8b 24 08 20 40 27 fd ff
INFO - 8b 24 48 40 40 23 f0 00
INFO - 8b 26 48 08 40 28 62 01
INFO - 8b 26 88 20 40 27 fe 01
INFO - 8b 26 c8 40 40 20 00 01
INFO - 8b 28 c8 08 40 28 05 fa
INFO - 8b 28 08 20 40 28 06 01
INFO - 8b 28 48 40 40 20 04 fc
INFO - 8b 2a 48 08 40 27 e9 fa
INFO - 8b 2a 88 20 40 28 06 01
INFO - 8b 2a c8 40 40 23 f0 01
INFO - 8b 2c c8 08 40 27 e9 fa
INFO - 8b 2c 08 20 40 28 06 01
INFO - 8b 2c 48 40 40 20 04 fc
INFO - 8b 2e 48 08 40 27 e9 fa
INFO - 8b 2e 88 20 40 28 06 01
INFO - 8b 2e c8 40 40 23 f0 00
INFO - 8b 30 c8 08 40 27 e9 fa
INFO - 8b 30 08 20 40 28 06 01
INFO - 8b 30 48 40 40 20 00 01
INFO - 8b 32 48 08 40 27 e9 fa
INFO - 8b 32 88 20 40 28 06 01
INFO - 8b 32 c8 40 40 20 04 fc
INFO - 8b 34 c8 08 40 27 e9 fa
INFO - 8b 34 08 20 40 28 06 01
INFO - 8b 34 48 40 40 23 f0 00
INFO - 8b 36 48 08 40 27 e9 fa
INFO - 8b 36 88 20 40 28 06 01
INFO - 8b 36 c8 40 40 20 00 01
INFO - 8b 38 c8 08 40 27 e9 fa
INFO - 8b 38 08 20 40 28 06 01
INFO - 8b 38 48 40 40 20 04 fc
INFO - 8b 3a 48 08 40 27 e9 fa
INFO - 8b 3a 88 20 40 28 06 01
INFO - 8b 3a c8 40 40 23 f0 fd
INFO - 8b 3c c8 08 40 27 e9 fa
INFO - 8b 3c 08 20 40 28 06 03
INFO - 8b 3c 48 40 40 23 f4 01
INFO - 8b 3e 48 08 40 27 e9 fa
INFO - 8b 3e 88 20 40 28 0e 01
INFO - 8b 3e c8 40 40 20 04 fc
INFO - 8b 40 c8 08 40 27 e9 fa
INFO - 8b 40 08 20 40 28 06 01
INFO - 8b 40 48 40 40 23 f0 01
INFO - 8b 42 48 08 40 27 e9 fa
INFO - 8b 42 88 20 40 28 06 01
INFO - 8b 42 c8 40 40 20 04 fc
INFO - 8b 44 c8 08 40 27 e9 ea
INFO - 8b 44 08 20 40 28 06 01
INFO - 8b 44 48 40 40 23 f0 00
INFO - 8b 46 48 08 40 27 a9 e4
INFO - 8b 46 88 20 40 28 06 01
INFO - 8b 46 c8 40 40 20 00 01
INFO - 8b 48 c8 08 40 27 91 e4
INFO - 8b 48 08 20 40 28 06 01
INFO - 8b 48 48 40 40 20 04 fc
INFO - 8b 4a 48 08 40 27 91 e4
INFO - 8b 4a 88 20 40 28 06 01
INFO - 8b 4a c8 40 40 23 f0 00
INFO - 8b 4c c8 08 40 27 91 e4
INFO - 8b 4c 08 20 40 28 06 01
INFO - 8b 4c 48 40 40 20 00 01
INFO - 8b 4e 48 08 40 27 91 e4
INFO - 8b 4e 88 20 40 28 06 01
INFO - 8b 4e c8 40 40 20 04 fc
INFO - 8b 50 c8 08 40 27 91 e4
INFO - 8b 50 08 20 40 28 06 01
INFO - 8b 50 48 40 40 23 f0 01
INFO - 8b 52 48 08 40 27 91 e4
INFO - 8b 52 88 20 40 28 06 01
INFO - 8b 52 c8 40 40 20 04 fc
INFO - 8b 54 c8 08 40 27 91 e4
INFO - 8b 54 08 20 40 28 06 03
INFO - 8b 54 48 40 40 23 f0 fd
INFO - 8b 56 48 08 40 27 91 e4
INFO - 8b 56 88 20 40 28 0e 03
INFO - 8b 56 c8 40 40 23 f4 01
INFO - 8b 58 c8 08 40 27 91 e4
INFO - 8b 58 08 20 40 28 0e 03
INFO - 8b 58 48 40 40 20 04 fc
INFO - 8b 5a 48 08 40 27 91 e4
INFO - 8b 5a 88 20 40 28 0e 01
INFO - 8b 5a c8 40 40 23 f0 fd
INFO - 8b 5c c8 08 40 27 91 e4
INFO - 8b 5c 08 20 40 28 06 01
INFO - 8b 5c 48 40 40 23 f4 01
INFO - 8b 5e 48 08 40 27 91 e4
INFO - 8b 5e 88 20 40 28 06 01
INFO - 8b 5e c8 40 40 20 04 fc
INFO - 8b 60 c8 08 40 27 91 e4
INFO - 8b 60 08 20 40 28 06 01
INFO - 8b 60 48 40 40 23 f0 00
INFO - 8b 62 48 08 40 27 91 ff
INFO - 8b 62 88 20 40 28 06 01
INFO - 8b 62 c8 40 40 20 00 01
INFO - 8b 64 c8 08 40 27 fe 0a
INFO - 8b 64 08 20 40 28 06 01
INFO - 8b 64 48 40 40 20 04 fc
INFO - 8b 66 48 08 40 28 2a 0a
INFO - 8b 66 88 20 40 28 06 01
INFO - 8b 66 c8 40 40 23 f0 01
INFO - 8b 68 c8 08 40 28 2a 0a
INFO - 8b 68 08 20 40 28 06 01
INFO - 8b 68 48 40 40 20 04 fc
INFO - 8b 6a 48 08 40 28 2a 0a
INFO - 8b 6a 88 20 40 28 06 03
INFO - 8b 6a c8 40 40 23 f0 fd
INFO - 8b 6c c8 08 40 28 2a 0a
INFO - 8b 6c 08 20 40 28 0e 03
INFO - 8b 6c 48 40 40 23 f4 01
INFO - 8b 6e 48 08 40 28 2a 0a
INFO - 8b 6e 88 20 40 28 0e 01
INFO - 8b 6e c8 40 40 20 04 fc
INFO - 8b 70 c8 08 40 28 2a 0a
INFO - 8b 70 08 20 40 28 06 01
INFO - 8b 70 48 40 40 23 f0 00
INFO - 8b 72 48 08 40 28 2a 0a
INFO - 8b 72 88 20 40 28 06 01
INFO - 8b 72 c8 40 40 20 00 01
INFO - 8b 74 c8 08 40 28 2a 0a
INFO - 8b 74 08 20 40 28 06 01
INFO - 8b 74 48 40 40 20 04 fc
INFO - 8b 76 48 08 40 28 2a 0a
INFO - 8b 76 88 20 40 28 06 01
INFO - 8b 76 c8 40 40 23 f0 01
INFO - 8b 78 c8 08 40 28 2a 0a
INFO - 8b 78 08 20 40 28 06 01
INFO - 8b 78 48 40 40 20 04 fc
INFO - 8b 7a 48 08 40 28 2a 0a
INFO - 8b 7a 88 20 40 28 06 01
INFO - 8b 7a c8 40 40 23 f0 fd
INFO - 8b 7c c8 08 40 28 2a 0a
INFO - 8b 7c 08 20 40 28 06 01
INFO - 8b 7c 48 40 40 23 f4 01
INFO - 8b 7e 48 08 40 28 2a 0a
INFO - 8b 7e 88 20 40 28 06 01
INFO - 8b 7e c8 40 40 20 04 fc
INFO - 8b 80 c8 08 40 28 2a 0a
INFO - 8b 80 08 20 40 28 06 01
INFO - 8b 80 48 40 40 23 f0 00
INFO - 8b 82 48 08 40 28 2a 12
INFO - 8b 82 88 20 40 28 06 01
INFO - 8b 82 c8 40 40 20 00 01
INFO - 8b 84 c8 08 40 28 4a 14
INFO - 8b 84 08 20 40 28 06 01
INFO - 8b 84 48 40 40 20 04 fc
INFO - 8b 86 48 08 40 28 52 14
INFO - 8b 86 88 20 40 28 06 01
INFO - 8b 86 c8 40 40 23 f0 01
INFO - 8b 88 c8 08 40 28 52 14
INFO - 8b 88 08 20 40 28 06 01
INFO - 8b 88 48 40 40 20 04 fc
INFO - 8b 8a 48 08 40 28 52 14
INFO - 8b 8a 88 20 40 28 06 01
INFO - 8b 8a c8 40 40 23 f0 fd
INFO - 8b 8c c8 08 40 28 52 14
INFO - 8b 8c 08 20 40 28 06 01
INFO - 8b 8c 48 40 40 23 f4 01
INFO - 8b 8e 48 08 40 28 52 14
INFO - 8b 8e 88 20 40 28 06 01
INFO - 8b 8e c8 40 40 20 04 fc
INFO - 8b 90 c8 08 40 28 52 14
INFO - 8b 90 08 20 40 28 06 01
INFO - 8b 90 48 40 40 23 f0 00
INFO - 8b 92 48 08 40 28 52 14
INFO - 8b 92 88 20 40 28 06 01
INFO - 8b 92 c8 40 40 20 00 01
INFO - 8b 94 c8 08 40 28 52 14
INFO - 8b 94 08 20 40 28 06 03
INFO - 8b 94 48 40 40 20 04 fc
INFO - 8b 96 48 08 40 28 52 14
INFO - 8b 96 88 20 40 28 0e 03
INFO - 8b 96 c8 40 40 23 f0 01
INFO - 8b 98 c8 08 40 28 52 14
INFO - 8b 98 08 20 40 28 0e 03
INFO - 8b 98 48 40 40 20 04 fc
INFO - 8b 9a 48 08 40 28 52 14
INFO - 8b 9a 88 20 40 28 0e 01
INFO - 8b 9a c8 40 40 23 f0 fd
INFO - 8b 9c c8 08 40 28 52 14
INFO - 8b 9c 08 20 40 28 06 01
INFO - 8b 9c 48 40 40 23 f4 01
INFO - 8b 9e 48 08 40 28 52 14
INFO - 8b 9e 88 20 40 28 06 01
INFO - 8b 9e c8 40 40 20 04 fc
INFO - 8b a0 c8 08 40 28 52 0c
INFO - 8b a0 08 20 40 28 06 01
INFO - 8b a0 48 40 40 23 f0 00
INFO - 8b a2 48 08 40 28 32 09
INFO - 8b a2 88 20 40 28 06 01
INFO - 8b a2 c8 40 40 20 00 01
INFO - 8b a4 c8 08 40 28 26 09
INFO - 8b a4 08 20 40 28 06 03
INFO - 8b a4 48 40 40 20 04 fc
INFO - 8b a6 48 08 40 28 26 09
INFO - 8b a6 88 20 40 28 0e 03
INFO - 8b a6 c8 40 40 23 f0 01
INFO - 8b a8 c8 08 40 28 26 09
INFO - 8b a8 08 20 40 28 0e 03
INFO - 8b a8 48 40 40 20 04 fc
INFO - 8b aa 48 08 40 28 26 09
INFO - 8b aa 88 20 40 28 0e 01
INFO - 8b aa c8 40 40 23 f0 00
INFO - 8b ac c8 08 40 28 26 09
INFO - 8b ac 08 20 40 28 06 01
INFO - 8b ac 48 40 40 20 00 01
INFO - 8b ae 48 08 40 28 26 09
INFO - 8b ae 88 20 40 28 06 01
INFO - 8b ae c8 40 40 20 04 fc
INFO - 8b b0 c8 08 40 28 26 09
INFO - 8b b0 08 20 40 28 06 01
INFO - 8b b0 48 40 40 23 f0 fd
INFO - 8b b2 48 08 40 28 26 09
INFO - 8b b2 88 20 40 28 06 01
INFO - 8b b2 c8 40 40 23 f4 01
INFO - 8b b4 c8 08 40 28 26 09
INFO - 8b b4 08 20 40 28 06 01
INFO - 8b b4 48 40 40 20 04 fc
INFO - 8b b6 48 08 40 28 26 09
INFO - 8b b6 88 20 40 28 06 01
INFO - 8b b6 c8 40 40 23 f0 01
INFO - 8b b8 c8 08 40 28 26 09
INFO - 8b b8 08 20 40 28 06 01
INFO - 8b b8 48 40 40 20 04 fc
INFO - 8b ba 48 08 40 28 26 09
INFO - 8b ba 88 20 40 28 06 01
INFO - 8b ba c8 40 40 23 f0 fd
INFO - 8b bc c8 08 40 28 26 09
INFO - 8b bc 08 20 40 28 06 01
INFO - 8b bc 48 40 40 23 f4 01
INFO - 8b be 48 08 40 28 25 ec
INFO - 8b be 88 20 40 28 06 01
INFO - 8b be c8 40 40 20 04 fc
INFO - 8b c0 c8 08 40 27 b1 e2
INFO - 8b c0 08 20 40 28 06 01
INFO - 8b c0 48 40 40 23 f0 00
INFO - 8b c2 48 08 40 27 89 e2
INFO - 8b c2 88 20 40 28 06 01
INFO - 8b c2 c8 40 40 20 00 01
INFO - 8b c4 c8 08 40 27 89 e2
INFO - 8b c4 08 20 40 28 06 01
INFO - 8b c4 48 40 40 20 04 fc
INFO - 8b c6 48 08 40 27 89 e2
INFO - 8b c6 88 20 40 28 06 01
INFO - 8b c6 c8 40 40 23 f0 01
INFO - 8b c8 c8 08 40 27 89 e2
INFO - 8b c8 08 20 40 28 06 01
INFO - 8b c8 48 40 40 20 04 fc
INFO - 8b ca 48 08 40 27 89 e2
INFO - 8b ca 88 20 40 28 06 01
INFO - 8b ca c8 40 40 23 f0 fd
INFO - 8b cc c8 08 40 27 89 e2
INFO - 8b cc 08 20 40 28 06 01
INFO - 8b cc 48 40 40 23 f4 01
INFO - 8b ce 48 08 40 27 89 e2
INFO - 8b ce 88 20 40 28 06 01
INFO - 8b ce c8 40 40 20 04 fc
INFO - 8b d0 c8 08 40 27 89 e2
INFO - 8b d0 08 20 40 28 06 01
INFO - 8b d0 48 40 40 23 f0 00
INFO - 8b d2 48 08 40 27 89 e2
INFO - 8b d2 88 20 40 28 06 01
INFO - 8b d2 c8 40 40 20 00 01
INFO - 8b d4 c8 08 40 27 89 e2
INFO - 8b d4 08 20 40 28 06 01
INFO - 8b d4 48 40 40 20 04 fc
INFO - 8b d6 48 08 40 27 89 e2
INFO - 8b d6 88 20 40 28 06 01
INFO - 8b d6 c8 40 40 23 f0 01
INFO - 8b d8 c8 08 40 27 89 e2
INFO - 8b d8 08 20 40 28 06 01
INFO - 8b d8 48 40 40 20 04 fc
INFO - 8b da 48 08 40 27 89 e2
INFO - 8b da 88 20 40 28 05 ff
INFO - 8b da c8 40 40 23 f0 00
INFO - 8b dc c8 08 40 27 89 c0
INFO - 8b dc 08 20 40 27 fd ff
INFO - 8b dc 48 40 40 20 00 01
INFO - 8b de 48 08 40 27 01 b9
INFO - 8b de 88 20 40 27 fd ff
INFO - 8b de c8 40 40 20 04 fc
INFO - 8b e0 c8 08 40 26 e5 b9
INFO - 8b e0 08 20 40 27 fd ff
INFO - 8b e0 48 40 40 23 f0 00
INFO - 8b e2 48 08 40 26 e5 b9
INFO - 8b e2 88 20 40 27 fd ff
INFO - 8b e2 c8 40 40 20 00 01
INFO - 8b e4 c8 08 40 26 e5 b9
INFO - 8b e4 08 20 40 27 fd ff
INFO - 8b e4 48 40 40 20 04 fc
INFO - 8b e6 48 08 40 26 e5 b9
INFO - 8b e6 88 20 40 27 fd ff
INFO - 8b e6 c8 40 40 23 f0 00
INFO - 8b e8 c8 08 40 26 e5 b9
INFO - 8b e8 08 20 40 27 fd ff
INFO - 8b e8 48 40 40 20 00 01
INFO - 8b ea 48 08 40 26 e5 b9
INFO - 8b ea 88 20 40 27 fe 01
INFO - 8b ea c8 40 40 20 04 fc
INFO - 8b ec c8 08 40 26 e5 b9
INFO - 8b ec 08 20 40 28 05 ff
INFO - 8b ec 48 40 40 23 f0 00
INFO - 8b ee 48 08 40 26 e5 b9
INFO - 8b ee 88 20 40 27 fd ff
INFO - 8b ee c8 40 40 20 00 01
INFO - 8b f0 c8 08 40 26 e5 b9
INFO - 8b f0 08 20 40 27 fd ff
INFO - 8b f0 48 40 40 20 04 fc
INFO - 8b f2 48 08 40 26 e5 b9
INFO - 8b f2 88 20 40 27 fd ff
INFO - 8b f2 c8 40 40 23 f0 fd
INFO - 8b f4 c8 08 40 26 e5 b9
INFO - 8b f4 08 20 40 27 fd ff
INFO - 8b f4 48 40 40 23 f4 01
INFO - 8b f6 48 08 40 26 e5 b9
INFO - 8b f6 88 20 40 27 fd ff
INFO - 8b f6 c8 40 40 20 04 fc
INFO - 8b f8 c8 08 40 26 e5 b9
INFO - 8b f8 08 20 40 27 fd ff
INFO - 8b f8 48 40 40 23 f0 fd
INFO - 8b fa 48 08 40 26 e6 14
INFO - 8b fa 88 20 40 27 fd ff
INFO - 8b fa c8 40 40 23 f4 01
INFO - 8b fc c8 08 40 28 52 47
INFO - 8b fc 08 20 40 27 fd ff
INFO - 8b fc 48 40 40 20 04 fc
INFO - 8b fe 48 08 40 29 1e 47
INFO - 8b fe 88 20 40 27 fd ff
INFO - 8b fe c8 40 40 23 f0 01
INFO - 8c 00 c8 08 40 29 1e 47
INFO - 8c 00 08 20 40 27 fd ff
INFO - 8c 00 48 40 40 20 04 fc
INFO - 8c 02 48 08 40 29 1e 47
INFO - 8c 02 88 20 40 27 fd ff
INFO - 8c 02 c8 40 40 23 f0 01
INFO - 8c 04 c8 08 40 29 1e 47
INFO - 8c 04 08 20 40 27 fe 01
INFO - 8c 04 48 40 40 20 04 fc
INFO - 8c 06 48 08 40 29 1e 47
INFO - 8c 06 88 20 40 28 06 01
INFO - 8c 06 c8 40 40 23 f0 00
INFO - 8c 08 c8 08 40 29 1e 47
INFO - 8c 08 08 20 40 28 06 01
INFO - 8c 08 48 40 40 20 00 01
INFO - 8c 0a 48 08 40 29 1e 47
INFO - 8c 0a 88 20 40 28 05 ff
INFO - 8c 0a c8 40 40 20 04 fc
INFO - 8c 0c c8 08 40 29 1e 47
INFO - 8c 0c 08 20 40 27 fd ff
INFO - 8c 0c 48 40 40 23 f0 01
INFO - 8c 0e 48 08 40 29 1e 47
INFO - 8c 0e 88 20 40 27 fd ff
INFO - 8c 0e c8 40 40 20 04 fc
INFO - 8c 10 c8 08 40 29 1e 47
INFO - 8c 10 08 20 40 27 fd ff
INFO - 8c 10 48 40 40 23 f0 00
INFO - 8c 12 48 08 40 29 1e 47
INFO - 8c 12 88 20 40 27 fd fd
INFO - 8c 12 c8 40 40 20 00 01
INFO - 8c 14 c8 08 40 29 1e 47
INFO - 8c 14 08 20 40 27 f5 fd
INFO - 8c 14 48 40 40 20 04 fc
INFO - 8c 16 48 08 40 29 1e 47
INFO - 8c 16 88 20 40 27 f5 ff
INFO - 8c 16 c8 40 40 23 f0 fd
INFO - 8c 18 c8 08 40 29 1e 00
INFO - 8c 18 08 20 40 27 fd ff
INFO - 8c 18 48 40 40 23 f4 01
INFO - 8c 1a 48 08 40 28 01 e6
INFO - 8c 1a 88 20 40 27 fd ff
INFO - 8c 1a c8 40 40 20 04 fc
INFO - 8c 1c c8 08 40 27 99 e6
INFO - 8c 1c 08 20 40 27 fe 01
INFO - 8c 1c 48 40 40 23 f0 01
INFO - 8c 1e 48 08 40 27 99 e6
INFO - 8c 1e 88 20 40 28 05 ff
INFO - 8c 1e c8 40 40 20 04 fc
INFO - 8c 20 c8 08 40 27 99 e6
INFO - 8c 20 08 20 40 27 fd ff
INFO - 8c 20 48 40 40 23 f0 fd
INFO - 8c 22 48 08 40 27 99 e6
INFO - 8c 22 88 20 40 27 fd ff
INFO - 8c 22 c8 40 40 23 f4 01
INFO - 8c 24 c8 08 40 27 99 e6
INFO - 8c 24 08 20 40 27 fd ff
INFO - 8c 24 48 40 40 20 04 fc
INFO - 8c 26 48 08 40 27 99 e6
INFO - 8c 26 88 20 40 27 fd ff
INFO - 8c 26 c8 40 40 23 f0 00
INFO - 8c 28 c8 08 40 27 99 e6
INFO - 8c 28 08 20 40 27 fd ff
INFO - 8c 28 48 40 40 20 00 01
INFO - 8c 2a 48 08 40 27 99 e6
INFO - 8c 2a 88 20 40 27 fd ff
INFO - 8c 2a c8 40 40 20 04 fc
INFO - 8c 2c c8 08 40 27 99 e6
INFO - 8c 2c 08 20 40 27 fe 01
INFO - 8c 2c 48 40 40 23 f0 01
INFO - 8c 2e 48 08 40 27 99 e6
INFO - 8c 2e 88 20 40 28 06 01
INFO - 8c 2e c8 40 40 20 04 fc
INFO - 8c 30 c8 08 40 27 99 e6
INFO - 8c 30 08 20 40 28 05 ff
INFO - 8c 30 48 40 40 23 f0 00
INFO - 8c 32 48 08 40 27 99 e6
INFO - 8c 32 88 20 40 27 fd ff
INFO - 8c 32 c8 40 40 20 00 01
INFO - 8c 34 c8 08 40 27 99 e6
INFO - 8c 34 08 20 40 27 fd ff
INFO - 8c 34 48 40 40 20 04 fc
INFO - 8c 36 48 08 40 27 99 e6
INFO - 8c 36 88 20 40 27 fd ff
INFO - 8c 36 c8 40 40 23 f0 00
INFO - 8c 38 c8 08 40 27 9a 08
INFO - 8c 38 08 20 40 27 fd ff
INFO - 8c 38 48 40 40 20 00 01
INFO - 8c 3a 48 08 40 28 22 18
INFO - 8c 3a 88 20 40 27 fd ff
INFO - 8c 3a c8 40 40 20 04 fc
INFO - 8c 3c c8 08 40 28 62 18
INFO - 8c 3c 08 20 40 27 fd ff
INFO - 8c 3c 48 40 40 23 f0 fd
INFO - 8c 3e 48 08 40 28 62 18
INFO - 8c 3e 88 20 40 27 fd ff
INFO - 8c 3e c8 40 40 23 f4 01
INFO - 8c 40 c8 08 40 28 62 18
INFO - 8c 40 08 20 40 27 fd ff
INFO - 8c 40 48 40 40 20 04 fc
INFO - 8c 42 48 08 41 78 62 2f
INFO - 8c 42 88 20 41 77 fd ff
INFO - 8c 42 c8 40 41 73 f0 00
INFO - 8c 59 48 08 40 28 be 30
INFO - 8c 59 88 20 40 27 fd ff
INFO - 8c 59 c8 40 40 20 00 00
INFO - 8c 5b c8 08 40 28 c2 30
INFO - 8c 5b 08 20 40 27 fd ff
INFO - 8c 5b 48 40 40 20 00 fc
INFO - 8c 5d 48 08 40 28 c2 30
INFO - 8c 5d 88 20 40 27 fd ff
INFO - 8c 5d c8 40 40 23 f0 01
INFO - 8c 5f c8 08 40 28 c2 30
INFO - 8c 5f 08 20 40 27 fd fd
INFO - 8c 5f 48 40 40 20 04 fc
INFO - 8c 61 48 08 40 28 c2 30
INFO - 8c 61 88 20 40 27 f5 fd
INFO - 8c 61 c8 40 40 23 f0 00
INFO - 8c 63 c8 08 40 28 c2 30
INFO - 8c 63 08 20 40 27 f5 fd
INFO - 8c 63 48 40 40 20 00 01
INFO - 8c 65 48 08 40 28 c2 30
INFO - 8c 65 88 20 40 27 f5 ff
INFO - 8c 65 c8 40 40 20 04 fc
INFO - 8c 67 c8 08 40 28 c2 30
INFO - 8c 67 08 20 40 27 fd ff
INFO - 8c 67 48 40 40 23 f0 01
INFO - 8c 69 48 08 40 28 c2 30
INFO - 8c 69 88 20 40 27 fd ff
INFO - 8c 69 c8 40 40 20 04 fc
INFO - 8c 6b c8 08 40 28 c2 30
INFO - 8c 6b 08 20 40 27 fd ff
INFO - 8c 6b 48 40 40 23 f0 fd
INFO - 8c 6d 48 08 40 28 c2 30
INFO - 8c 6d 88 20 40 27 fd ff
INFO - 8c 6d c8 40 40 23 f4 01
INFO - 8c 6f c8 08 40 28 c2 30
INFO - 8c 6f 08 20 40 27 fd ff
INFO - 8c 6f 48 40 40 20 04 fc
INFO - 8c 71 48 08 40 28 c2 30
INFO - 8c 71 88 20 40 27 fd fd
INFO - 8c 71 c8 40 40 23 f0 01
INFO - 8c 73 c8 08 40 28 c2 01
INFO - 8c 73 08 20 40 27 f5 fd
INFO - 8c 73 48 40 40 20 04 fc
INFO - 8c 75 48 08 40 28 05 f4
INFO - 8c 75 88 20 40 27 f5 fd
INFO - 8c 75 c8 40 40 23 f0 fd
INFO - 8c 77 c8 08 40 27 d1 f4
INFO - 8c 77 08 20 40 27 f5 fd
INFO - 8c 77 48 40 40 23 f4 01
INFO - 8c 79 48 08 40 27 d1 f4
INFO - 8c 79 88 20 40 27 f5 fd
INFO - 8c 79 c8 40 40 20 04 fc
INFO - 8c 7b c8 08 40 27 d1 f4
INFO - 8c 7b 08 20 40 27 f5 fd
INFO - 8c 7b 48 40 40 23 f0 01
INFO - 8c 7d 48 08 40 27 d1 f4
INFO - 8c 7d 88 20 40 27 f5 fd
INFO - 8c 7d c8 40 40 20 04 fc
INFO - 8c 7f c8 08 40 27 d1 f4
INFO - 8c 7f 08 20 40 27 f5 fd
INFO - 8c 7f 48 40 40 23 f0 fd
INFO - 8c 81 48 08 40 27 d1 f4
INFO - 8c 81 88 20 40 27 f5 fd
INFO - 8c 81 c8 40 40 23 f4 01
INFO - 8c 83 c8 08 40 27 d1 f4
INFO - 8c 83 08 20 40 27 f5 fd
INFO - 8c 83 48 40 40 20 04 fc
INFO - 8c 85 48 08 40 27 d1 f4
INFO - 8c 85 88 20 40 27 f5 fd
INFO - 8c 85 c8 40 40 23 f0 01
INFO - 8c 87 c8 08 40 27 d1 f4
INFO - 8c 87 08 20 40 27 f5 fd
INFO - 8c 87 48 40 40 20 04 fc
INFO - 8c 89 48 08 40 27 d1 f4
INFO - 8c 89 88 20 40 27 f5 ff
INFO - 8c 89 c8 40 40 23 f0 00
INFO - 8c 8b c8 08 40 27 d1 f4
INFO - 8c 8b 08 20 40 27 fd ff
INFO - 8c 8b 48 40 40 20 00 01
INFO - 8c 8d 48 08 40 27 d1 f4
INFO - 8c 8d 88 20 40 27 fd ff
INFO - 8c 8d c8 40 40 20 04 fc
INFO - 8c 8f c8 08 40 27 d1 f4
INFO - 8c 8f 08 20 40 27 fd ff
INFO - 8c 8f 48 40 40 23 f0 00
INFO - 8c 91 48 08 40 27 d1 f4
INFO - 8c 91 88 20 40 27 fd ff
INFO - 8c 91 c8 40 40 20 00 01
INFO - 8c 93 c8 08 40 27 d2 06
INFO - 8c 93 08 20 40 27 fd fd
INFO - 8c 93 48 40 40 20 04 fc
INFO - 8c 95 48 08 40 28 1a 0c
INFO - 8c 95 88 20 40 27 f5 fd
INFO - 8c 95 c8 40 40 23 f0 01
INFO - 8c 97 c8 08 40 28 32 0c
INFO - 8c 97 08 20 40 27 f5 fb
INFO - 8c 97 48 40 40 20 04 fc
INFO - 8c 99 48 08 40 28 32 0c
INFO - 8c 99 88 20 40 27 ed fd
INFO - 8c 99 c8 40 40 23 f0 00
INFO - 8c 9b c8 08 40 28 32 0c
INFO - 8c 9b 08 20 40 27 f5 fd
INFO - 8c 9b 48 40 40 20 00 01
INFO - 8c 9d 48 08 40 28 32 0c
INFO - 8c 9d 88 20 40 27 f5 fd
INFO - 8c 9d c8 40 40 20 04 fc
INFO - 8c 9f c8 08 40 28 32 0c
INFO - 8c 9f 08 20 40 27 f5 fd
INFO - 8c 9f 48 40 40 23 f0 00
INFO - 8c a1 48 08 40 28 32 0c
INFO - 8c a1 88 20 40 27 f5 fd
INFO - 8c a1 c8 40 40 20 00 01
INFO - 8c a3 c8 08 40 28 32 0c
INFO - 8c a3 08 20 40 27 f5 fd
INFO - 8c a3 48 40 40 20 04 fc
INFO - 8c a5 48 08 40 28 32 0c
INFO - 8c a5 88 20 40 27 f5 fd
INFO - 8c a5 c8 40 40 23 f0 01
INFO - 8c a7 c8 08 40 28 32 0c
INFO - 8c a7 08 20 40 27 f5 fd
INFO - 8c a7 48 40 40 20 04 fc
INFO - 8c a9 48 08 40 28 32 0c
INFO - 8c a9 88 20 40 27 f5 fd
INFO - 8c a9 c8 40 40 23 f0 fd
INFO - 8c ab c8 08 40 28 32 0c
INFO - 8c ab 08 20 40 27 f5 fd
INFO - 8c ab 48 40 40 23 f4 01
INFO - 8c ad 48 08 40 28 32 0c
INFO - 8c ad 88 20 40 27 f5 fd
INFO - 8c ad c8 40 40 20 04 fc
INFO - 8c af c8 08 40 28 32 02
INFO - 8c af 08 20 40 27 f5 fd
INFO - 8c af 48 40 40 23 f0 01
INFO - 8c b1 48 08 40 28 09 ff
INFO - 8c b1 88 20 40 27 f5 ff
INFO - 8c b1 c8 40 40 20 04 fc
INFO - 8c b3 c8 08 40 27 fd ff
INFO - 8c b3 08 20 40 27 fd ff
INFO - 8c b3 48 40 40 23 f0 00
INFO - 8c b5 48 08 40 27 fd ff
INFO - 8c b5 88 20 40 27 fd ff
INFO - 8c b5 c8 40 40 20 00 01
INFO - 8c b7 c8 08 40 27 fd ff
INFO - 8c b7 08 20 40 27 fd ff
INFO - 8c b7 48 40 40 20 04 fc
INFO - 8c b9 48 08 40 27 fd ed
INFO - 8c b9 88 20 40 27 fd fd
INFO - 8c b9 c8 40 40 23 f0 00
INFO - 8c bb c8 08 40 27 b5 e6
INFO - 8c bb 08 20 40 27 f5 fd
INFO - 8c bb 48 40 40 20 00 01
INFO - 8c bd 48 08 40 27 99 e6
INFO - 8c bd 88 20 40 27 f5 ff
INFO - 8c bd c8 40 40 20 04 fc
INFO - 8c bf c8 08 40 27 99 e6
INFO - 8c bf 08 20 40 27 fd ff
INFO - 8c bf 48 40 40 23 f0 01
INFO - 8c c1 48 08 40 27 99 e6
INFO - 8c c1 88 20 40 27 fd ff
INFO - 8c c1 c8 40 40 20 04 fc
INFO - 8c c3 c8 08 40 47 9a 8a
INFO - 8c c3 08 20 40 47 fd ff
INFO - 8c c3 48 40 40 43 f0 00
INFO - 8c c7 c8 08 40 2a 2a 66
INFO - 8c c7 08 20 40 27 fd ff
INFO - 8c c7 48 40 40 20 00 fd
INFO - 8c c9 48 08 40 29 9a 51
INFO - 8c c9 88 20 40 27 fd ff
INFO - 8c c9 c8 40 40 23 f4 fd
INFO - 8c cb c8 08 40 29 46 49
INFO - 8c cb 08 20 40 27 fd ff
INFO - 8c cb 48 40 40 23 f4 01
INFO - 8c cd 48 08 40 29 26 3f
INFO - 8c cd 88 20 40 27 fd ff
INFO - 8c cd c8 40 40 20 04 fc
INFO - 8c cf c8 08 40 28 fe 33
INFO - 8c cf 08 20 40 27 fd ff
INFO - 8c cf 48 40 40 23 f0 01
INFO - 8c d1 48 08 40 28 ce 2c
INFO - 8c d1 88 20 40 27 fd ff
INFO - 8c d1 c8 40 40 20 04 fc
INFO - 8c d3 c8 08 40 28 b2 27
INFO - 8c d3 08 20 40 27 fd ff
INFO - 8c d3 48 40 40 23 f0 fd
INFO - 8c d5 48 08 40 28 9e 23
INFO - 8c d5 88 20 40 27 fe 01
INFO - 8c d5 c8 40 40 23 f4 01
INFO - 8c d7 c8 08 40 28 8e 22
INFO - 8c d7 08 20 40 28 06 01
INFO - 8c d7 48 40 40 20 04 fc
INFO - 8c d9 48 08 40 28 8a 20
INFO - 8c d9 88 20 40 28 06 01
INFO - 8c d9 c8 40 40 23 f0 00
INFO - 8c db c8 08 40 28 82 1e
INFO - 8c db 08 20 40 28 06 01
INFO - 8c db 48 40 40 20 00 01
INFO - 8c dd 48 08 40 28 7a 1d
INFO - 8c dd 88 20 40 28 05 ff
INFO - 8c dd c8 40 40 20 04 fc
INFO - 8c df c8 08 40 28 76 1d
INFO - 8c df 08 20 40 27 fd ff
INFO - 8c df 48 40 40 23 f0 01
INFO - 8c e1 48 08 40 28 76 1e
INFO - 8c e1 88 20 40 27 fd ff
INFO - 8c e1 c8 40 40 20 04 fc
INFO - 8c e3 c8 08 40 28 7a 1f
INFO - 8c e3 08 20 40 27 fd ff
INFO - 8c e3 48 40 40 23 f0 00
INFO - 8c e5 48 08 40 28 7e 22
INFO - 8c e5 88 20 40 27 fd ff
INFO - 8c e5 c8 40 40 20 00 01
INFO - 8c e7 c8 08 40 28 8a 28
INFO - 8c e7 08 20 40 27 fd ff
INFO - 8c e7 48 40 40 20 04 fc
INFO - 8c e9 48 08 40 28 a2 31
INFO - 8c e9 88 20 40 27 fd ff
INFO - 8c e9 c8 40 40 23 f0 01
INFO - 8c eb c8 08 40 28 c6 40
INFO - 8c eb 08 20 40 27 fd ff
INFO - 8c eb 48 40 40 20 04 fc
INFO - 8c ed 48 08 40 29 02 52
INFO - 8c ed 88 20 40 27 fd ff
INFO - 8c ed c8 40 40 23 f0 00
INFO - 8c ef c8 08 40 29 4a 83
INFO - 8c ef 08 20 40 27 fd ff
INFO - 8c ef 48 40 40 20 00 01
INFO - 8c f1 48 08 40 0a 0e 83
INFO - 8c f1 88 20 40 07 fd ff
INFO - 8c f1 c8 40 40 00 04 c3
INFO - ad 2f 88 40 57 00 00 02
INFO - ad 2f c8 40 57 00 00 02
INFO - ad 2f 08 40 57 00 00 02
INFO - ad 2f 48 40 57 00 00 02
INFO - ad 2f 88 40 57 00 00 02
INFO - 8d 83 48 08 40 28 4e 13
INFO - 8d 83 88 20 40 28 06 01
INFO - 8d 83 c8 40 40 23 0c 3a
INFO - 8d 85 c8 08 40 28 4e 13
INFO - 8d 85 08 20 40 28 06 01
INFO - 8d 85 48 40 40 20 e8 01
INFO - 8d 87 48 08 40 28 4e 13
INFO - 8d 87 88 20 40 28 06 01
INFO - 8d 87 c8 40 40 20 04 fc
INFO - 8d 89 c8 08 40 28 4e 13
INFO - 8d 89 08 20 40 28 05 ff
INFO - 8d 89 48 40 40 23 f0 fd
INFO - 8d 8b 48 08 40 28 4e 13
INFO - 8d 8b 88 20 40 27 fd ff
INFO - 8d 8b c8 40 40 23 f4 01
INFO - 8d 8d c8 08 40 28 4e 13
INFO - 8d 8d 08 20 40 27 fd ff
INFO - 8d 8d 48 40 40 20 04 fc
INFO - 8d 8f 48 08 40 28 4e 13
INFO - 8d 8f 88 20 40 27 fd ff
INFO - 8d 8f c8 40 40 23 f0 01
INFO - 8d 91 c8 08 40 28 4e 13
INFO - 8d 91 08 20 40 27 fd ff
INFO - 8d 91 48 40 40 20 04 fc
INFO - 8d 93 48 08 40 28 4e 13
INFO - 8d 93 88 20 40 27 fd ff
INFO - 8d 93 c8 40 40 23 f0 01
INFO - 8d 95 c8 08 40 28 4e 45
INFO - 8d 95 08 20 40 27 fe 01
INFO - 8d 95 48 40 40 20 04 fc
INFO - 8d 97 48 08 40 29 16 48
INFO - 8d 97 88 20 40 28 05 ff
INFO - 8d 97 c8 40 40 23 f0 01
INFO - 8d 99 c8 08 40 29 22 48
INFO - 8d 99 08 20 40 27 fd ff
INFO - 8d 99 48 40 40 20 04 fc
INFO - 8d 9b 48 08 40 29 22 48
INFO - 8d 9b 88 20 40 27 fe 01
INFO - 8d 9b c8 40 40 23 f0 01
INFO - 8d 9d c8 08 40 29 22 48
INFO - 8d 9d 08 20 40 28 06 01
INFO - 8d 9d 48 40 40 20 04 fc
INFO - 8d 9f 48 08 40 29 22 48
INFO - 8d 9f 88 20 40 28 05 ff
INFO - 8d 9f c8 40 40 23 f0 01
INFO - 8d a1 c8 08 40 29 22 48
INFO - 8d a1 08 20 40 27 fd ff
INFO - 8d a1 48 40 40 20 04 fc
INFO - 8d a3 48 08 40 29 22 48
INFO - 8d a3 88 20 40 27 fd ff
INFO - 8d a3 c8 40 40 23 f0 01
INFO - 8d a5 c8 08 40 29 22 48
INFO - 8d a5 08 20 40 27 fd ff
INFO - 8d a5 48 40 40 20 04 00
INFO - 8d a7 48 08 40 29 22 48
INFO - 8d a7 88 20 40 27 fe 01
INFO - 8d a7 c8 40 40 20 00 fc
INFO - 8d a9 c8 08 40 29 22 48
INFO - 8d a9 08 20 40 28 06 01
INFO - 8d a9 48 40 40 23 f0 01
INFO - 8d ab 48 08 40 29 22 48
INFO - 8d ab 88 20 40 28 06 01
INFO - 8d ab c8 40 40 20 04 00
INFO - 8d ad c8 08 40 29 22 48
INFO - 8d ad 08 20 40 28 06 01
INFO - 8d ad 48 40 40 20 00 fd
INFO - 8d af 48 08 40 29 22 48
INFO - 8d af 88 20 40 28 06 03
INFO - 8d af c8 40 40 23 f4 fc
INFO - 8d b1 c8 08 40 29 22 48
INFO - 8d b1 08 20 40 28 0e 03
INFO - 8d b1 48 40 40 23 f0 01
INFO - 8d b3 48 08 40 29 22 3b
INFO - 8d b3 88 20 40 28 0e 01
INFO - 8d b3 c8 40 40 20 04 fd
INFO - 8d b5 c8 08 40 28 ee 39
INFO - 8d b5 08 20 40 28 05 ff
INFO - 8d b5 48 40 40 23 f4 00
INFO - 8d b7 48 08 40 28 e6 39
INFO - 8d b7 88 20 40 27 fd ff
INFO - 8d b7 c8 40 40 20 00 fd
INFO - 8d b9 c8 08 40 28 e6 39
INFO - 8d b9 08 20 40 27 fd ff
INFO - 8d b9 48 40 40 23 f4 00
INFO - 8d bb 48 08 40 28 e6 39
INFO - 8d bb 88 20 40 27 fe 01
INFO - 8d bb c8 40 40 20 00 00
INFO - 8d bd c8 08 40 28 e6 39
INFO - 8d bd 08 20 40 28 06 01
INFO - 8d bd 48 40 40 20 00 00
INFO - 8d bf 48 08 40 28 e6 39
INFO - 8d bf 88 20 40 28 06 01
INFO - 8d bf c8 40 40 20 00 fd
INFO - 8d c1 c8 08 40 28 e6 39
INFO - 8d c1 08 20 40 28 06 01
INFO - 8d c1 48 40 40 23 f4 00
INFO - 8d c3 48 08 40 28 e6 39
INFO - 8d c3 88 20 40 28 06 01
INFO - 8d c3 c8 40 40 20 00 00
INFO - 8d c5 c8 08 40 28 e6 39
INFO - 8d c5 08 20 40 28 06 01
INFO - 8d c5 48 40 40 20 00 fd
INFO - 8d c7 48 08 40 28 e6 39
INFO - 8d c7 88 20 40 28 06 01
INFO - 8d c7 c8 40 40 23 f4 00
INFO - 8d c9 c8 08 40 28 e6 39
INFO - 8d c9 08 20 40 28 05 ff
INFO - 8d c9 48 40 40 20 00 00
INFO - 8d cb 48 08 40 28 e6 39
INFO - 8d cb 88 20 40 27 fd ff
INFO - 8d cb c8 40 40 20 00 00
INFO - 8d cd c8 08 40 28 e6 39
INFO - 8d cd 08 20 40 27 fd ff
INFO - 8d cd 48 40 40 20 00 fd
INFO - 8d cf 48 08 40 28 e6 39
INFO - 8d cf 88 20 40 27 fe 01
INFO - 8d cf c8 40 40 23 f4 00
INFO - 8d d1 c8 08 40 28 e6 20
INFO - 8d d1 08 20 40 28 06 03
INFO - 8d d1 48 40 40 20 00 01
INFO - 8d d3 48 08 40 28 82 1e
INFO - 8d d3 88 20 40 28 0e 05
INFO - 8d d3 c8 40 40 20 04 fc
INFO - 8d d5 c8 08 40 28 7a 1e
INFO - 8d d5 08 20 40 28 16 03
INFO - 8d d5 48 40 40 23 f0 00
INFO - 8d d7 48 08 40 28 7a 1e
INFO - 8d d7 88 20 40 28 0e 03
INFO - 8d d7 c8 40 40 20 00 00
INFO - 8d d9 c8 08 40 28 7a 1e
INFO - 8d d9 08 20 40 28 0e 01
INFO - 8d d9 48 40 40 20 00 01
INFO - 8d db 48 08 40 28 7a 1e
INFO - 8d db 88 20 40 28 06 01
INFO - 8d db c8 40 40 20 04 fc
INFO - 8d dd c8 08 40 28 7a 1e
INFO - 8d dd 08 20 40 28 06 01
INFO - 8d dd 48 40 40 23 f0 00
INFO - 8d df 48 08 40 28 7a 1e
INFO - 8d df 88 20 40 28 06 01
INFO - 8d df c8 40 40 20 00 01
INFO - 8d e1 c8 08 40 28 7a 1e
INFO - 8d e1 08 20 40 28 05 ff
INFO - 8d e1 48 40 40 20 04 fc
INFO - 8d e3 48 08 40 28 7a 1e
INFO - 8d e3 88 20 40 27 fd ff
INFO - 8d e3 c8 40 40 23 f0 01
INFO - 8d e5 c8 08 40 28 7a 1e
INFO - 8d e5 08 20 40 27 fd ff
INFO - 8d e5 48 40 40 20 04 fc
INFO - 8d e7 48 08 40 28 7a 1e
INFO - 8d e7 88 20 40 27 fd ff
INFO - 8d e7 c8 40 40 23 f0 01
INFO - 8d e9 c8 08 40 28 7a 1e
INFO - 8d e9 08 20 40 27 fe 03
INFO - 8d e9 48 40 40 20 04 fc
INFO - 8d eb 48 08 40 28 7a 1e
INFO - 8d eb 88 20 40 28 0e 05
INFO - 8d eb c8 40 40 23 f0 01
INFO - 8d ed c8 08 40 28 7a 1e
INFO - 8d ed 08 20 40 28 16 05
INFO - 8d ed 48 40 40 20 04 00
INFO - 8d ef 48 08 40 28 7a 25
INFO - 8d ef 88 20 40 28 16 03
INFO - 8d ef c8 40 40 20 00 fc
INFO - 8d f1 c8 08 40 28 96 26
INFO - 8d f1 08 20 40 28 0e 01
INFO - 8d f1 48 40 40 23 f0 01
INFO - 8d f3 48 08 40 28 9a 26
INFO - 8d f3 88 20 40 28 06 01
INFO - 8d f3 c8 40 40 20 04 00
INFO - 8d f5 c8 08 40 28 9a 26
INFO - 8d f5 08 20 40 28 06 01
INFO - 8d f5 48 40 40 20 00 00
INFO - 8d f7 48 08 40 28 9a 26
INFO - 8d f7 88 20 40 28 06 01
INFO - 8d f7 c8 40 40 20 00 00
INFO - 8d f9 c8 08 40 28 9a 26
INFO - 8d f9 08 20 40 28 06 01
INFO - 8d f9 48 40 40 20 00 fc
INFO - 8d fb 48 08 40 28 9a 26
INFO - 8d fb 88 20 40 28 06 01
INFO - 8d fb c8 40 40 23 f0 01
INFO - 8d fd c8 08 40 28 9a 26
INFO - 8d fd 08 20 40 28 06 03
INFO - 8d fd 48 40 40 20 04 00
INFO - 8d ff 48 08 40 28 9a 26
INFO - 8d ff 88 20 40 28 0e 03
INFO - 8d ff c8 40 40 20 00 fc
INFO - 8e 01 c8 08 40 48 9a 8c
INFO - 8e 01 08 20 40 48 0d ff
INFO - 8e 01 48 40 40 43 f0 01
INFO - 8e 05 c8 08 40 2a 32 78
INFO - 8e 05 08 20 40 27 fe 01
INFO - 8e 05 48 40 40 20 04 fd
INFO - 8e 07 48 08 40 29 e2 62
INFO - 8e 07 88 20 40 28 06 01
INFO - 8e 07 c8 40 40 23 f4 01
INFO - 8e 09 c8 08 40 29 8a 53
INFO - 8e 09 08 20 40 28 06 01
INFO - 8e 09 48 40 40 20 04 fc
INFO - 8e 0b 48 08 40 29 4e 4c
INFO - 8e 0b 88 20 40 28 06 01
INFO - 8e 0b c8 40 40 23 f0 00
INFO - 8e 0d c8 08 40 29 32 46
INFO - 8e 0d 08 20 40 28 06 01
INFO - 8e 0d 48 40 40 20 00 00
INFO - 8e 0f 48 08 40 29 1a 41
INFO - 8e 0f 88 20 40 28 06 01
INFO - 8e 0f c8 40 40 20 00 00
INFO - 8e 11 c8 08 40 29 06 3f
INFO - 8e 11 08 20 40 28 06 03
INFO - 8e 11 48 40 40 20 00 00
INFO - 8e 13 48 08 40 28 fe 37
INFO - 8e 13 88 20 40 28 0e 03
INFO - 8e 13 c8 40 40 20 00 fd
INFO - 8e 15 c8 08 40 28 de 31
INFO - 8e 15 08 20 40 28 0e 03
INFO - 8e 15 48 40 40 23 f4 00
INFO - 8e 17 48 08 40 28 c6 2c
INFO - 8e 17 88 20 40 28 0e 03
INFO - 8e 17 c8 40 40 20 00 01
INFO - 8e 19 c8 08 40 28 b2 28
INFO - 8e 19 08 20 40 28 0e 03
INFO - 8e 19 48 40 40 20 04 fc
INFO - 8e 1b 48 08 40 28 a2 24
INFO - 8e 1b 88 20 40 28 0e 03
INFO - 8e 1b c8 40 40 23 f0 00
INFO - 8e 1d c8 08 40 28 92 22
INFO - 8e 1d 08 20 40 28 0e 03
INFO - 8e 1d 48 40 40 20 00 01
INFO - 8e 1f 48 08 40 28 8a 1f
INFO - 8e 1f 88 20 40 28 0e 03
INFO - 8e 1f c8 40 40 20 04 fc
INFO - 8e 21 c8 08 40 28 7e 1d
INFO - 8e 21 08 20 40 28 0e 03
INFO - 8e 21 48 40 40 23 f0 01
INFO - 8e 23 48 08 40 28 76 1b
INFO - 8e 23 88 20 40 28 0e 03
INFO - 8e 23 c8 40 40 20 04 fc
INFO - 8e 25 c8 08 40 28 6e 19
INFO - 8e 25 08 20 40 28 0e 03
INFO - 8e 25 48 40 40 23 f0 00
INFO - 8e 27 48 08 40 28 66 17
INFO - 8e 27 88 20 40 28 0e 03
INFO - 8e 27 c8 40 40 20 00 01
INFO - ae 29 08 40 57 00 00 02
INFO - ae 29 48 40 57 00 00 02
INFO - ae 29 88 40 57 00 00 02
INFO - ae 29 c8 40 57 00 00 02
INFO - 8e 29 c8 08 40 28 5e 16
INFO - 8e 29 08 20 40 28 0e 03
INFO - 8e 29 48 40 40 20 04 00
INFO - 8e 2b 48 08 40 28 5a 15
INFO - 8e 2b 88 20 40 28 0e 03
INFO - 8e 2b c8 40 40 20 00 fc
INFO - 8e 2d c8 08 40 28 56 14
INFO - 8e 2d 08 20 40 28 0e 03
INFO - 8e 2d 48 40 40 23 f0 01
INFO - 8e 2f 48 08 40 28 52 13
INFO - 8e 2f 88 20 40 28 0e 03
INFO - 8e 2f c8 40 40 20 04 fc
INFO - 8e 31 c8 08 40 28 4e 12
INFO - 8e 31 08 20 40 28 0e 03
INFO - 8e 31 48 40 40 23 f0 01
INFO - 8e 33 48 08 40 28 4a 11
INFO - 8e 33 88 20 40 28 0e 03
INFO - 8e 33 c8 40 40 20 04 fc
INFO - 8e 35 c8 08 40 28 46 11
INFO - 8e 35 08 20 40 28 0e 03
INFO - 8e 35 48 40 40 23 f0 01
INFO - 8e 37 48 08 40 28 46 10
INFO - 8e 37 88 20 40 28 0e 03
INFO - 8e 37 c8 40 40 20 04 00
INFO - 8e 39 c8 08 40 28 42 10
INFO - 8e 39 08 20 40 28 0e 03
INFO - 8e 39 48 40 40 20 00 fc
INFO - 8e 3b 48 08 40 28 42 10
INFO - 8e 3b 88 20 40 28 0e 03
INFO - 8e 3b c8 40 40 23 f0 01
INFO - 8e 3d c8 08 40 28 42 0f
INFO - 8e 3d 08 20 40 28 0e 03
INFO - 8e 3d 48 40 40 20 04 00
INFO - 8e 3f 48 08 40 28 3e 0f
INFO - 8e 3f 88 20 40 28 0e 03
INFO - 8e 3f c8 40 40 20 00 fc
INFO - 8e 41 c8 08 40 28 3e 0f
INFO - 8e 41 08 20 40 28 0e 03
INFO - 8e 41 48 40 40 23 f0 01
INFO - 8e 43 48 08 40 28 3e 0f
INFO - 8e 43 88 20 40 28 0e 03
INFO - 8e 43 c8 40 40 20 04 00
INFO - 8e 45 c8 08 40 28 3e 0f
INFO - 8e 45 08 20 40 28 0e 03
INFO - 8e 45 48 40 40 20 00 00
INFO - 8e 47 48 08 40 28 3e 10
INFO - 8e 47 88 20 40 28 0e 03
INFO - 8e 47 c8 40 40 20 00 00
INFO - 8e 49 c8 08 40 28 42 10
INFO - 8e 49 08 20 40 28 0e 03
INFO - 8e 49 48 40 40 20 00 00
INFO - 8e 4b 48 08 40 28 42 11
INFO - 8e 4b 88 20 40 28 0e 03
INFO - 8e 4b c8 40 40 20 00 00
INFO - 8e 4d c8 08 40 28 46 11
INFO - 8e 4d 08 20 40 28 0e 03
INFO - 8e 4d 48 40 40 20 00 00
INFO - 8e 4f 48 08 40 28 46 12
INFO - 8e 4f 88 20 40 28 0e 03
INFO - 8e 4f c8 40 40 20 00 00
INFO - 8e 51 c8 08 40 28 4a 13
INFO - 8e 51 08 20 40 28 0e 03
INFO - 8e 51 48 40 40 20 00 fc
INFO - 8e 53 48 08 40 28 4e 15
INFO - 8e 53 88 20 40 28 0e 01
INFO - 8e 53 c8 40 40 23 f0 01
INFO - 8e 55 c8 08 40 28 56 17
INFO - 8e 55 08 20 40 28 06 01
INFO - 8e 55 48 40 40 20 04 00
INFO - 8e 57 48 08 40 28 5e 19
INFO - 8e 57 88 20 40 28 06 01
INFO - 8e 57 c8 40 40 20 00 fe
INFO - 8e 59 c8 08 40 28 66 1c
INFO - 8e 59 08 20 40 28 06 01
INFO - 8e 59 48 40 40 23 f8 00
INFO - 8e 5b 48 08 40 28 72 22
INFO - 8e 5b 88 20 40 28 06 01
INFO - 8e 5b c8 40 40 20 00 00
INFO - 8e 5d c8 08 40 28 8a 2b
INFO - 8e 5d 08 20 40 28 05 ff
INFO - 8e 5d 48 40 40 20 00 00
INFO - 8e 5f 48 08 40 28 ae 39
INFO - 8e 5f 88 20 40 27 fd ff
INFO - 8e 5f c8 40 40 20 00 00
INFO - 8e 61 c8 08 40 28 e6 47
INFO - 8e 61 08 20 40 27 fd ff
INFO - 8e 61 48 40 40 20 00 01
INFO - 8e 63 48 08 40 09 1e 47
INFO - 8e 63 88 20 40 07 fd ff
INFO - 8e 63 c8 40 40 00 04 be
INFO - 8e f3 48 08 40 2a f6 90
INFO - 8e f3 88 20 40 27 fd ff
INFO - 8e f3 c8 40 40 22 f8 40
INFO - 8e f5 c8 08 40 2a 42 8b
INFO - 8e f5 08 20 40 27 fd ff
INFO - 8e f5 48 40 40 21 00 00
INFO - ae f6 88 40 57 00 00 02
INFO - ae f6 c8 40 57 00 00 02
INFO - ae f6 08 40 57 00 00 02
INFO - ae f6 48 40 57 00 00 02
INFO - 8e f7 48 08 40 2a 2e 6d
INFO - 8e f7 88 20 40 27 fd ff
INFO - 8e f7 c8 40 40 20 00 01
INFO - 8e f9 c8 08 40 29 b6 58
INFO - 8e f9 08 20 40 27 fd fd
INFO - 8e f9 48 40 40 20 04 fc
INFO - 8e fb 48 08 40 29 62 4a
INFO - 8e fb 88 20 40 27 f5 fd
INFO - 8e fb c8 40 40 23 f0 00
INFO - 8e fd c8 08 40 29 2a 46
INFO - 8e fd 08 20 40 27 f5 fd
INFO - 8e fd 48 40 40 20 00 01
INFO - 8e ff 48 08 40 29 1a 3c
INFO - 8e ff 88 20 40 27 f5 fd
INFO - 8e ff c8 40 40 20 04 fc
INFO - 8f 01 c8 08 40 28 f2 2f
INFO - 8f 01 08 20 40 27 f5 fd
INFO - 8f 01 48 40 40 23 f0 00
INFO - 8f 03 48 08 40 28 be 25
INFO - 8f 03 88 20 40 27 f5 fd
INFO - 8f 03 c8 40 40 20 00 00
INFO - 8f 05 c8 08 40 28 96 1c
INFO - 8f 05 08 20 40 27 f5 fd
INFO - 8f 05 48 40 40 20 00 01
INFO - 8f 07 48 08 40 28 72 14
INFO - 8f 07 88 20 40 27 f5 fd
INFO - 8f 07 c8 40 40 20 04 fc
INFO - 8f 09 c8 08 40 28 52 0d
INFO - 8f 09 08 20 40 27 f5 fd
INFO - 8f 09 48 40 40 23 f0 01
INFO - 8f 0b 48 08 40 28 36 05
INFO - 8f 0b 88 20 40 27 f5 fd
INFO - 8f 0b c8 40 40 20 04 fc
INFO - 8f 0d c8 08 40 28 15 fd
INFO - 8f 0d 08 20 40 27 f5 ff
INFO - 8f 0d 48 40 40 23 f0 01
INFO - 8f 0f 48 08 40 27 f5 f2
INFO - 8f 0f 88 20 40 27 fd ff
INFO - 8f 0f c8 40 40 20 04 fc
INFO - 8f 11 c8 08 40 27 c9 dc
INFO - 8f 11 08 20 40 27 fd ff
INFO - 8f 11 48 40 40 23 f0 01
INFO - 8f 13 48 08 40 27 71 ba
INFO - 8f 13 88 20 40 27 fd ff
INFO - 8f 13 c8 40 40 20 04 fc
INFO - 8f 15 c8 08 40 26 e9 85
INFO - 8f 15 08 20 40 27 fd ff
INFO - 8f 15 48 40 40 23 f0 01
INFO - 8f 17 48 08 40 26 15 6a
INFO - 8f 17 88 20 40 27 fd ff
INFO - 8f 17 c8 40 40 20 04 fc
INFO - 8f 19 c8 08 40 05 a9 6a
INFO - 8f 19 08 20 40 07 fd ff
INFO - 8f 19 48 40 40 03 f0 bd
INFO - 8f c6 08 08 40 28 5a 16
INFO - 8f c6 48 20 40 27 f5 fd
INFO - 8f c6 88 40 40 22 f4 44
INFO - 8f c8 88 08 40 28 5a 16
INFO - 8f c8 c8 20 40 27 f5 fd
INFO - 8f c8 08 40 40 21 10 fd
INFO - 8f ca 08 08 40 28 5a 16
INFO - 8f ca 48 20 40 27 f5 fd
INFO - 8f ca 88 40 40 23 f4 00
INFO - 8f cc 88 08 40 28 5a 16
INFO - 8f cc c8 20 40 27 f5 fb
INFO - 8f cc 08 40 40 20 00 fd
INFO - 8f ce 08 08 40 28 5a 16
INFO - 8f ce 48 20 40 27 ed fd
INFO - 8f ce 88 40 40 23 f4 00
INFO - 8f d0 88 08 40 28 5a 18
INFO - 8f d0 c8 20 40 27 f5 fd
INFO - 8f d0 08 40 40 20 00 00
INFO - 8f d2 08 08 40 28 62 22
INFO - 8f d2 48 20 40 27 f5 ff
INFO - 8f d2 88 40 40 20 00 01
INFO - 8f d4 88 08 40 28 8a 22
INFO - 8f d4 c8 20 40 27 fd ff
INFO - 8f d4 08 40 40 20 04 fc
INFO - 8f d6 08 08 40 28 8a 22
INFO - 8f d6 48 20 40 27 fd ff
INFO - 8f d6 88 40 40 23 f0 00
INFO - 8f d8 88 08 40 28 8a 22
INFO - 8f d8 c8 20 40 27 fd ff
INFO - 8f d8 08 40 40 20 00 fd
INFO - 8f da 08 08 40 28 8a 22
INFO - 8f da 48 20 40 27 fd ff
INFO - 8f da 88 40 40 23 f4 00
INFO - 8f dc 88 08 40 28 8a 22
INFO - 8f dc c8 20 40 27 fd ff
INFO - 8f dc 08 40 40 20 00 fd
INFO - 8f de 08 08 40 28 8a 22
INFO - 8f de 48 20 40 27 fd fd
INFO - 8f de 88 40 40 23 f4 01
INFO - 8f e0 88 08 40 28 8a 22
INFO - 8f e0 c8 20 40 27 f5 fd
INFO - 8f e0 08 40 40 20 04 fc
INFO - 8f e2 08 08 40 28 8a 22
INFO - 8f e2 48 20 40 27 f5 fd
INFO - 8f e2 88 40 40 23 f0 00
INFO - 8f e4 88 08 40 28 8a 22
INFO - 8f e4 c8 20 40 27 f5 fd
INFO - 8f e4 08 40 40 20 00 fd
INFO - 8f e6 08 08 40 28 8a 22
INFO - 8f e6 48 20 40 27 f5 fd
INFO - 8f e6 88 40 40 23 f4 01
INFO - 8f e8 88 08 40 28 8a 22
INFO - 8f e8 c8 20 40 27 f5 fb
INFO - 8f e8 08 40 40 20 04 fc
INFO - 8f ea 08 08 40 28 8a 22
INFO - 8f ea 48 20 40 27 ed f9
INFO - 8f ea 88 40 40 23 f0 01
INFO - 8f ec 88 08 40 28 8a 22
INFO - 8f ec c8 20 40 27 e5 f7
INFO - 8f ec 08 40 40 20 04 fc
INFO - 8f ee 08 08 40 28 8a 24
INFO - 8f ee 48 20 40 27 dd f7
INFO - 8f ee 88 40 40 23 f0 01
INFO - 8f f0 88 08 40 28 92 39
INFO - 8f f0 c8 20 40 27 dd f9
INFO - 8f f0 08 40 40 20 04 fc
INFO - 8f f2 08 08 40 28 e6 39
INFO - 8f f2 48 20 40 27 e5 ff
INFO - 8f f2 88 40 40 23 f0 01
INFO - 8f f4 88 08 40 28 e6 39
INFO - 8f f4 c8 20 40 27 fd ff
INFO - 8f f4 08 40 40 20 04 fd
INFO - 8f f6 08 08 40 28 e6 39
INFO - 8f f6 48 20 40 27 fd ff
INFO - 8f f6 88 40 40 23 f4 fc
INFO - 8f f8 88 08 40 28 e6 39
INFO - 8f f8 c8 20 40 27 fd ff
INFO - 8f f8 08 40 40 23 f0 01
INFO - 8f fa 08 08 40 28 e6 39
INFO - 8f fa 48 20 40 27 fd ff
INFO - 8f fa 88 40 40 20 04 fc
INFO - 8f fc 88 08 40 28 e6 39
INFO - 8f fc c8 20 40 27 fd ff
INFO - 8f fc 08 40 40 23 f0 01
INFO - 8f fe 08 08 40 28 e6 39
INFO - 8f fe 48 20 40 27 fd ff
INFO - 8f fe 88 40 40 20 04 fc
INFO - 90 00 88 08 40 28 e6 39
INFO - 90 00 c8 20 40 27 fd ff
INFO - 90 00 08 40 40 23 f0 01
INFO - 90 02 08 08 40 28 e6 39
INFO - 90 02 48 20 40 27 fd fd
INFO - 90 02 88 40 40 20 04 fd
INFO - 90 04 88 08 40 28 e6 39
INFO - 90 04 c8 20 40 27 f5 fd
INFO - 90 04 08 40 40 23 f4 fc
INFO - 90 06 08 08 40 28 e6 39
INFO - 90 06 48 20 40 27 f5 fb
INFO - 90 06 88 40 40 23 f0 01
INFO - 90 08 88 08 40 28 e6 39
INFO - 90 08 c8 20 40 27 ed f9
INFO - 90 08 08 40 40 20 04 00
INFO - 90 0a 08 08 40 28 e6 39
INFO - 90 0a 48 20 40 27 e5 f9
INFO - 90 0a 88 40 40 20 00 00
INFO - 90 0c 88 08 40 28 e6 3b
INFO - 90 0c c8 20 40 27 e5 f7
INFO - 90 0c 08 40 40 20 00 fc
INFO - 90 0e 08 08 40 28 ee 42
INFO - 90 0e 48 20 40 27 dd f7
INFO - 90 0e 88 40 40 23 f0 01
INFO - 90 10 88 08 40 29 0a 42
INFO - 90 10 c8 20 40 27 dd f9
INFO - 90 10 08 40 40 20 04 fd
INFO - 90 12 08 08 40 29 0a 42
INFO - 90 12 48 20 40 27 e5 fb
INFO - 90 12 88 40 40 23 f4 00
INFO - 90 14 88 08 40 29 0a 42
INFO - 90 14 c8 20 40 27 ed fd
INFO - 90 14 08 40 40 20 00 00
INFO - 90 16 08 08 40 29 0a 42
INFO - 90 16 48 20 40 27 f5 fd
INFO - 90 16 88 40 40 20 00 fd
INFO - 90 18 88 08 40 29 0a 42
INFO - 90 18 c8 20 40 27 f5 ff
INFO - 90 18 08 40 40 23 f4 00
INFO - 90 1a 08 08 40 29 0a 42
INFO - 90 1a 48 20 40 27 fd ff
INFO - 90 1a 88 40 40 20 00 00
INFO - 90 1c 88 08 40 29 0a 42
INFO - 90 1c c8 20 40 27 fd ff
INFO - 90 1c 08 40 40 20 00 fd
INFO - 90 1e 08 08 40 29 0a 42
INFO - 90 1e 48 20 40 27 fd fd
INFO - 90 1e 88 40 40 23 f4 00
INFO - 90 20 88 08 40 29 0a 42
INFO - 90 20 c8 20 40 27 f5 fb
INFO - 90 20 08 40 40 20 00 00
INFO - 90 22 08 08 40 29 0a 42
INFO - 90 22 48 20 40 27 ed f9
INFO - 90 22 88 40 40 20 00 01
INFO - 90 24 88 08 40 29 0a 42
INFO - 90 24 c8 20 40 27 e5 fb
INFO - 90 24 08 40 40 20 04 fd
INFO - 90 26 08 08 40 29 0a 42
INFO - 90 26 48 20 40 27 ed fb
INFO - 90 26 88 40 40 23 f4 00
INFO - 90 28 88 08 40 29 0a 42
INFO - 90 28 c8 20 40 27 ed fb
INFO - 90 28 08 40 40 20 00 fd
INFO - 90 2a 08 08 40 29 0a 42
INFO - 90 2a 48 20 40 27 ed f9
INFO - 90 2a 88 40 40 23 f4 00
INFO - 90 2c 88 08 40 29 0a 41
INFO - 90 2c c8 20 40 27 e5 f9
INFO - 90 2c 08 40 40 20 00 01
INFO - 90 2e 08 08 40 29 06 31
INFO - 90 2e 48 20 40 27 e5 f9
INFO - 90 2e 88 40 40 20 04 fc
INFO - 90 30 88 08 40 28 c6 31
INFO - 90 30 c8 20 40 27 e5 f9
INFO - 90 30 08 40 40 23 f0 00
INFO - 90 32 08 08 40 28 c6 31
INFO - 90 32 48 20 40 27 e5 fb
INFO - 90 32 88 40 40 20 00 01
INFO - 90 34 88 08 40 28 c6 31
INFO - 90 34 c8 20 40 27 ed fd
INFO - 90 34 08 40 40 20 04 fc
INFO - 90 36 08 08 40 28 c6 31
INFO - 90 36 48 20 40 27 f5 fd
INFO - 90 36 88 40 40 23 f0 00
INFO - 90 38 88 08 40 28 c6 31
INFO - 90 38 c8 20 40 27 f5 fd
INFO - 90 38 08 40 40 20 00 01
INFO - 90 3a 08 08 40 58 c6 31
INFO - 90 3a 48 20 40 57 f5 fd
INFO - 90 3a 88 40 40 50 04 fd
INFO - 90 3f 08 08 40 28 c6 31
INFO - 90 3f 48 20 40 27 f5 fb
INFO - 90 3f 88 40 40 23 f4 00
INFO - 90 41 88 08 40 18 c6 31
INFO - 90 41 c8 20 40 17 ed fb
INFO - 90 41 08 40 40 10 00 fc
INFO - 90 42 08 08 40 28 c6 31
INFO - 90 42 48 20 40 27 ed fb
INFO - 90 42 88 40 40 23 f0 01
INFO - 90 44 88 08 40 28 c6 31
INFO - 90 44 c8 20 40 27 ed fb
INFO - 90 44 08 40 40 20 04 fc
INFO - 90 46 08 08 40 28 c6 31
INFO - 90 46 48 20 40 27 ed fb
INFO - 90 46 88 40 40 23 f0 01
INFO - 90 48 88 08 40 28 c6 2e
INFO - 90 48 c8 20 40 27 ed fb
INFO - 90 48 08 40 40 20 04 00
INFO - 90 4a 08 08 40 38 ba 26
INFO - 90 4a 48 20 40 37 ed f9
INFO - 90 4a 88 40 40 30 00 fc
INFO - 90 4d 88 08 40 18 9a 26
INFO - 90 4d c8 20 40 17 e5 fb
INFO - 90 4d 08 40 40 13 f0 01
INFO - 90 4e 08 08 40 28 9a 26
INFO - 90 4e 48 20 40 27 ed fb
INFO - 90 4e 88 40 40 20 04 00
INFO - 90 50 88 08 40 28 9a 26
INFO - 90 50 c8 20 40 27 ed fd
INFO - 90 50 08 40 40 20 00 00
INFO - 90 52 08 08 40 28 9a 26
INFO - 90 52 48 20 40 27 f5 ff
INFO - 90 52 88 40 40 20 00 00
INFO - 90 54 88 08 40 28 9a 26
INFO - 90 54 c8 20 40 27 fd ff
INFO - 90 54 08 40 40 20 00 fc
INFO - 90 56 08 08 40 28 9a 26
INFO - 90 56 48 20 40 27 fd ff
INFO - 90 56 88 40 40 23 f0 01
INFO - 90 58 88 08 40 28 9a 26
INFO - 90 58 c8 20 40 27 fd ff
INFO - 90 58 08 40 40 20 04 00
INFO - 90 5a 08 08 40 28 9a 26
INFO - 90 5a 48 20 40 27 fd ff
INFO - 90 5a 88 40 40 20 00 00
INFO - 90 5c 88 08 40 28 9a 26
INFO - 90 5c c8 20 40 27 fd ff
INFO - 90 5c 08 40 40 20 00 00
INFO - 90 5e 08 08 40 28 9a 26
INFO - 90 5e 48 20 40 27 fd ff
INFO - 90 5e 88 40 40 20 00 fd
INFO - 90 60 88 08 40 28 9a 26
INFO - 90 60 c8 20 40 27 fd fd
INFO - 90 60 08 40 40 23 f4 00
INFO - 90 62 08 08 40 28 9a 26
INFO - 90 62 48 20 40 27 f5 fb
INFO - 90 62 88 40 40 20 00 00
INFO - 90 64 88 08 40 28 9a 26
INFO - 90 64 c8 20 40 27 ed fb
INFO - 90 64 08 40 40 20 00 00
INFO - 90 66 08 08 40 28 9a 26
INFO - 90 66 48 20 40 27 ed fd
INFO - 90 66 88 40 40 20 00 00
INFO - 90 68 88 08 40 28 9a 24
INFO - 90 68 c8 20 40 27 f5 ff
INFO - 90 68 08 40 40 20 00 00
INFO - 90 6a 08 08 40 28 92 20
INFO - 90 6a 48 20 40 27 fd ff
INFO - 90 6a 88 40 40 20 00 00
INFO - 90 6c 88 08 40 28 82 20
INFO - 90 6c c8 20 40 27 fd ff
INFO - 90 6c 08 40 40 20 00 00
INFO - 90 6e 08 08 40 28 82 20
INFO - 90 6e 48 20 40 27 fd fd
INFO - 90 6e 88 40 40 20 00 00
INFO - 90 70 88 08 40 28 82 20
INFO - 90 70 c8 20 40 27 f5 fb
INFO - 90 70 08 40 40 20 00 fd
INFO - 90 72 08 08 40 28 82 20
INFO - 90 72 48 20 40 27 ed fb
INFO - 90 72 88 40 40 23 f4 00
INFO - 90 74 88 08 40 28 82 20
INFO - 90 74 c8 20 40 27 ed fd
INFO - 90 74 08 40 40 20 00 00
INFO - 90 76 08 08 40 28 82 20
INFO - 90 76 48 20 40 27 f5 ff
INFO - 90 76 88 40 40 20 00 01
INFO - 90 78 88 08 40 28 82 20
INFO - 90 78 c8 20 40 27 fd ff
INFO - 90 78 08 40 40 20 04 fc
INFO - 90 7a 08 08 40 28 82 20
INFO - 90 7a 48 20 40 27 fd fd
INFO - 90 7a 88 40 40 23 f0 00
INFO - 90 7c 88 08 40 28 82 20
INFO - 90 7c c8 20 40 27 f5 fb
INFO - 90 7c 08 40 40 20 00 01
INFO - 90 7e 08 08 40 28 82 20
INFO - 90 7e 48 20 40 27 ed fd
INFO - 90 7e 88 40 40 20 04 fc
INFO - 90 80 88 08 40 28 82 20
INFO - 90 80 c8 20 40 27 f5 fd
INFO - 90 80 08 40 40 23 f0 00
INFO - 90 82 08 08 40 28 82 20
INFO - 90 82 48 20 40 27 f5 ff
INFO - 90 82 88 40 40 20 00 01
INFO - 90 84 88 08 40 28 82 22
INFO - 90 84 c8 20 40 27 fd ff
INFO - 90 84 08 40 40 20 04 fc
INFO - 90 86 08 08 40 28 8a 28
INFO - 90 86 48 20 40 27 fd ff
INFO - 90 86 88 40 40 23 f0 00
INFO - 90 88 88 08 40 28 a2 28
INFO - 90 88 c8 20 40 27 fd ff
INFO - 90 88 08 40 40 20 00 01
INFO - 90 8a 08 08 40 28 a2 28
INFO - 90 8a 48 20 40 27 fd ff
INFO - 90 8a 88 40 40 20 04 fc
INFO - 90 8c 88 08 40 28 a2 28
INFO - 90 8c c8 20 40 27 fd ff
INFO - 90 8c 08 40 40 23 f0 01
INFO - 90 8e 08 08 40 28 a2 28
INFO - 90 8e 48 20 40 27 fd ff
INFO - 90 8e 88 40 40 20 04 00
INFO - 90 90 88 08 40 28 a2 28
INFO - 90 90 c8 20 40 27 fd ff
INFO - 90 90 08 40 40 20 00 fd
INFO - 90 92 08 08 40 28 a2 28
INFO - 90 92 48 20 40 27 fd ff
INFO - 90 92 88 40 40 23 f4 fc
INFO - 90 94 88 08 40 28 a2 28
INFO - 90 94 c8 20 40 27 fd ff
INFO - 90 94 08 40 40 23 f0 01
INFO - 90 96 08 08 40 28 a2 28
INFO - 90 96 48 20 40 27 fd ff
INFO - 90 96 88 40 40 20 04 00
INFO - 90 98 88 08 40 28 a2 28
INFO - 90 98 c8 20 40 27 fd ff
INFO - 90 98 08 40 40 20 00 fc
INFO - 90 9a 08 08 40 28 a2 28
INFO - 90 9a 48 20 40 27 fd ff
INFO - 90 9a 88 40 40 23 f0 01
INFO - 90 9c 88 08 40 28 a2 28
INFO - 90 9c c8 20 40 27 fd ff
INFO - 90 9c 08 40 40 20 04 00
INFO - 90 9e 08 08 40 28 a2 28
INFO - 90 9e 48 20 40 27 fd ff
INFO - 90 9e 88 40 40 20 00 fc
INFO - 90 a0 88 08 40 28 a2 28
INFO - 90 a0 c8 20 40 27 fd ff
INFO - 90 a0 08 40 40 23 f0 01
INFO - 90 a2 08 08 40 28 a2 28
INFO - 90 a2 48 20 40 27 fd ff
INFO - 90 a2 88 40 40 20 04 00
INFO - 90 a4 88 08 40 28 a2 2c
INFO - 90 a4 c8 20 40 27 fd ff
INFO - 90 a4 08 40 40 20 00 00
INFO - 90 a6 08 08 40 28 b2 35
INFO - 90 a6 48 20 40 27 fd ff
INFO - 90 a6 88 40 40 20 00 fc
INFO - 90 a8 88 08 40 28 d6 35
INFO - 90 a8 c8 20 40 27 fd ff
INFO - 90 a8 08 40 40 23 f0 01
INFO - 90 aa 08 08 40 58 d6 35
INFO - 90 aa 48 20 40 57 fd ff
INFO - 90 aa 88 40 40 50 04 00
INFO - 90 af 08 08 40 28 d6 35
INFO - 90 af 48 20 40 27 fd ff
INFO - 90 af 88 40 40 20 00 fe
INFO - 90 b1 88 08 40 28 d6 35
INFO - 90 b1 c8 20 40 27 fd ff
INFO - 90 b1 08 40 40 23 f8 fd
INFO - 90 b3 08 08 40 28 d6 35
INFO - 90 b3 48 20 40 27 fd ff
INFO - 90 b3 88 40 40 23 f4 fc
INFO - 90 b5 88 08 40 28 d6 35
INFO - 90 b5 c8 20 40 27 fd ff
INFO - 90 b5 08 40 40 23 f0 01
INFO - 90 b7 08 08 40 28 d6 35
INFO - 90 b7 48 20 40 27 fd ff
INFO - 90 b7 88 40 40 20 04 00
INFO - 90 b9 88 08 40 28 d6 35
INFO - 90 b9 c8 20 40 27 fe 01
INFO - 90 b9 08 40 40 20 00 00
INFO - 90 bb 08 08 40 28 d6 35
INFO - 90 bb 48 20 40 28 06 01
INFO - 90 bb 88 40 40 20 00 01
INFO - 90 bd 88 08 40 28 d6 35
INFO - 90 bd c8 20 40 28 06 01
INFO - 90 bd 08 40 40 20 04 fc
INFO - 90 bf 08 08 40 28 d6 35
INFO - 90 bf 48 20 40 28 06 01
INFO - 90 bf 88 40 40 23 f0 00
INFO - 90 c1 88 08 40 28 d6 35
INFO - 90 c1 c8 20 40 28 06 01
INFO - 90 c1 08 40 40 20 00 00
INFO - 90 c3 08 08 40 28 d6 3c
INFO - 90 c3 48 20 40 28 05 ff
INFO - 90 c3 88 40 40 20 00 00
INFO - 90 c5 88 08 40 28 f2 45
INFO - 90 c5 c8 20 40 27 fd ff
INFO - 90 c5 08 40 40 20 00 00
INFO - 90 c7 08 08 40 29 16 45
INFO - 90 c7 48 20 40 27 fd ff
INFO - 90 c7 88 40 40 20 00 01
INFO - 90 c9 88 08 40 29 16 45
INFO - 90 c9 c8 20 40 27 fd ff
INFO - 90 c9 08 40 40 20 04 fd
INFO - 90 cb 08 08 40 29 16 45
INFO - 90 cb 48 20 40 27 fd ff
INFO - 90 cb 88 40 40 23 f4 00
INFO - 90 cd 88 08 40 29 16 45
INFO - 90 cd c8 20 40 27 fd ff
INFO - 90 cd 08 40 40 20 00 fc
INFO - 90 cf 08 08 40 29 16 45
INFO - 90 cf 48 20 40 27 fd ff
INFO - 90 cf 88 40 40 23 f0 00
INFO - 90 d1 88 08 40 29 16 45
INFO - 90 d1 c8 20 40 27 fe 01
INFO - 90 d1 08 40 40 20 00 00
INFO - 90 d3 08 08 40 29 16 45
INFO - 90 d3 48 20 40 28 06 01
INFO - 90 d3 88 40 40 20 00 00
INFO - 90 d5 88 08 40 29 16 45
INFO - 90 d5 c8 20 40 28 06 01
INFO - 90 d5 08 40 40 20 00 fc
INFO - 90 d7 08 08 40 29 16 45
INFO - 90 d7 48 20 40 28 05 ff
INFO - 90 d7 88 40 40 23 f0 00
INFO - 90 d9 88 08 40 29 16 45
INFO - 90 d9 c8 20 40 27 fd ff
INFO - 90 d9 08 40 40 20 00 01
INFO - 90 db 08 08 40 29 16 45
INFO - 90 db 48 20 40 27 fe 01
INFO - 90 db 88 40 40 20 04 fc
INFO - 90 dd 88 08 40 29 16 45
INFO - 90 dd c8 20 40 28 06 01
INFO - 90 dd 08 40 40 23 f0 01
INFO - 90 df 08 08 40 29 16 45
INFO - 90 df 48 20 40 28 06 01
INFO - 90 df 88 40 40 20 04 fd
INFO - 90 e1 88 08 40 29 16 43
INFO - 90 e1 c8 20 40 28 06 01
INFO - 90 e1 08 40 40 23 f4 00
INFO - 90 e3 08 08 40 29 0e 3d
INFO - 90 e3 48 20 40 28 06 01
INFO - 90 e3 88 40 40 20 00 fc
INFO - 90 e5 88 08 40 28 f6 3d
INFO - 90 e5 c8 20 40 28 06 01
INFO - 90 e5 08 40 40 23 f0 01
INFO - 90 e7 08 08 40 28 f6 3d
INFO - 90 e7 48 20 40 28 06 01
INFO - 90 e7 88 40 40 20 04 fd
INFO - 90 e9 88 08 40 28 f6 3d
INFO - 90 e9 c8 20 40 28 06 03
INFO - 90 e9 08 40 40 23 f4 00
INFO - 90 eb 08 08 40 28 f6 3d
INFO - 90 eb 48 20 40 28 0e 03
INFO - 90 eb 88 40 40 20 00 fc
INFO - 90 ed 88 08 40 18 f6 3d
INFO - 90 ed c8 20 40 18 0e 05
INFO - 90 ed 08 40 40 13 f0 01
INFO - 90 ee 08 08 40 38 f6 3d
INFO - 90 ee 48 20 40 38 16 03
INFO - 90 ee 88 40 40 30 04 fd
INFO - 90 f1 88 08 40 28 f6 3d
INFO - 90 f1 c8 20 40 28 0e 03
INFO - 90 f1 08 40 40 23 f4 00
INFO - 90 f3 08 08 40 18 f6 3d
INFO - 90 f3 48 20 40 18 0e 03
INFO - 90 f3 88 40 40 10 00 fd
INFO - 90 f4 88 08 40 38 f6 3d
INFO - 90 f4 c8 20 40 38 0e 03
INFO - 90 f4 08 40 40 33 f4 00
INFO - 90 f7 08 08 40 18 f6 3d
INFO - 90 f7 48 20 40 18 0e 03
INFO - 90 f7 88 40 40 10 00 00
INFO - 90 f8 88 08 40 38 f6 3d
INFO - 90 f8 c8 20 40 38 0e 03
INFO - 90 f8 08 40 40 30 00 fd
INFO - 90 fb 08 08 40 18 f6 3d
INFO - 90 fb 48 20 40 18 0e 03
INFO - 90 fb 88 40 40 13 f4 00
INFO - 90 fc 88 08 40 28 f6 3d
INFO - 90 fc c8 20 40 28 0e 03
INFO - 90 fc 08 40 40 20 00 fd
INFO - 90 fe 08 08 40 28 f6 36
INFO - 90 fe 48 20 40 28 0e 03
INFO - 90 fe 88 40 40 23 f4 00
INFO - 91 00 88 08 40 28 da 2a
INFO - 91 00 c8 20 40 28 0e 03
INFO - 91 00 08 40 40 20 00 fd
INFO - 91 02 08 08 40 28 aa 2a
INFO - 91 02 48 20 40 28 0e 03
INFO - 91 02 88 40 40 23 f4 00
INFO - 91 04 88 08 40 28 aa 2a
INFO - 91 04 c8 20 40 28 0e 03
INFO - 91 04 08 40 40 20 00 fd
INFO - 91 06 08 08 40 28 aa 2a
INFO - 91 06 48 20 40 28 0e 03
INFO - 91 06 88 40 40 23 f4 00
INFO - 91 08 88 08 40 28 aa 2a
INFO - 91 08 c8 20 40 28 0e 03
INFO - 91 08 08 40 40 20 00 fd
INFO - 91 0a 08 08 40 38 aa 2a
INFO - 91 0a 48 20 40 38 0e 03
INFO - 91 0a 88 40 40 33 f4 01
INFO - 91 0d 88 08 40 18 aa 2a
INFO - 91 0d c8 20 40 18 0e 05
INFO - 91 0d 08 40 40 10 04 fd
INFO - 91 0e 08 08 40 38 aa 2a
INFO - 91 0e 48 20 40 38 16 05
INFO - 91 0e 88 40 40 33 f4 fd
INFO - 91 11 88 08 40 18 aa 2a
INFO - 91 11 c8 20 40 18 16 05
INFO - 91 11 08 40 40 13 f4 00
INFO - 91 12 08 08 40 28 aa 2a
INFO - 91 12 48 20 40 28 16 03
INFO - 91 12 88 40 40 20 00 01
INFO - 91 14 88 08 40 28 aa 2a
INFO - 91 14 c8 20 40 28 0e 03
INFO - 91 14 08 40 40 20 04 fc
INFO - 91 16 08 08 40 28 aa 2a
INFO - 91 16 48 20 40 28 0e 03
INFO - 91 16 88 40 40 23 f0 00
INFO - 91 18 88 08 40 28 aa 2a
INFO - 91 18 c8 20 40 28 0e 03
INFO - 91 18 08 40 40 20 00 fd
INFO - 91 1a 08 08 40 28 aa 2a
INFO - 91 1a 48 20 40 28 0e 03
INFO - 91 1a 88 40 40 23 f4 01
INFO - 91 1c 88 08 40 28 aa 2a
INFO - 91 1c c8 20 40 28 0e 03
INFO - 91 1c 08 40 40 20 04 fc
INFO - 91 1e 08 08 40 28 aa 26
INFO - 91 1e 48 20 40 28 0e 03
INFO - 91 1e 88 40 40 23 f0 00
INFO - 91 20 88 08 40 28 9a 1e
INFO - 91 20 c8 20 40 28 0e 03
INFO - 91 20 08 40 40 20 00 fd
INFO - 91 22 08 08 40 28 7a 1e
INFO - 91 22 48 20 40 28 0e 03
INFO - 91 22 88 40 40 23 f4 01
INFO - 91 24 88 08 40 28 7a 1e
INFO - 91 24 c8 20 40 28 0e 05
INFO - 91 24 08 40 40 20 04 fc
INFO - 91 26 08 08 40 28 7a 1e
INFO - 91 26 48 20 40 28 16 05
INFO - 91 26 88 40 40 23 f0 01
INFO - 91 28 88 08 40 28 7a 1e
INFO - 91 28 c8 20 40 28 16 05
INFO - 91 28 08 40 40 20 04 fc
INFO - 91 2a 08 08 40 28 7a 1e
INFO - 91 2a 48 20 40 28 16 03
INFO - 91 2a 88 40 40 23 f0 fd
INFO - 91 2c 88 08 40 28 7a 1e
INFO - 91 2c c8 20 40 28 0e 03
INFO - 91 2c 08 40 40 23 f4 01
INFO - 91 2e 08 08 40 28 7a 1e
INFO - 91 2e 48 20 40 28 0e 03
INFO - 91 2e 88 40 40 20 04 00
INFO - 91 30 88 08 40 28 7a 1e
INFO - 91 30 c8 20 40 28 0e 03
INFO - 91 30 08 40 40 20 00 fc
INFO - 91 32 08 08 40 28 7a 1e
INFO - 91 32 48 20 40 28 0e 05
INFO - 91 32 88 40 40 23 f0 01
INFO - 91 34 88 08 40 28 7a 1e
INFO - 91 34 c8 20 40 28 16 05
INFO - 91 34 08 40 40 20 04 00
INFO - 91 36 08 08 40 28 7a 1e
INFO - 91 36 48 20 40 28 16 05
INFO - 91 36 88 40 40 20 00 00
INFO - 91 38 88 08 40 28 7a 1e
INFO - 91 38 c8 20 40 28 16 05
INFO - 91 38 08 40 40 20 00 fc
INFO - 91 3a 08 08 40 28 7a 18
INFO - 91 3a 48 20 40 28 16 05
INFO - 91 3a 88 40 40 23 f0 01
INFO - 91 3c 88 08 40 28 62 0c
INFO - 91 3c c8 20 40 28 16 05
INFO - 91 3c 08 40 40 20 04 00
INFO - 91 3e 08 08 40 28 32 0c
INFO - 91 3e 48 20 40 28 16 05
INFO - 91 3e 88 40 40 20 00 00
INFO - 91 40 88 08 40 28 32 0c
INFO - 91 40 c8 20 40 28 16 07
INFO - 91 40 08 40 40 20 00 fc
INFO - 91 42 08 08 40 28 32 0c
INFO - 91 42 48 20 40 28 1e 07
INFO - 91 42 88 40 40 23 f0 01
INFO - 91 44 88 08 40 28 32 0c
INFO - 91 44 c8 20 40 28 1e 07
INFO - 91 44 08 40 40 20 04 00
INFO - 91 46 08 08 40 28 32 0c
INFO - 91 46 48 20 40 28 1e 07
INFO - 91 46 88 40 40 20 00 00
INFO - 91 48 88 08 40 28 32 0c
INFO - 91 48 c8 20 40 28 1e 07
INFO - 91 48 08 40 40 20 00 fc
INFO - 91 4a 08 08 40 28 32 0c
INFO - 91 4a 48 20 40 28 1e 07
INFO - 91 4a 88 40 40 23 f0 01
INFO - 91 4c 88 08 40 28 32 0c
INFO - 91 4c c8 20 40 28 1e 07
INFO - 91 4c 08 40 40 20 04 00
INFO - 91 4e 08 08 40 28 32 0c
INFO - 91 4e 48 20 40 28 1e 05
INFO - 91 4e 88 40 40 20 00 00
INFO - 91 50 88 08 40 28 32 0c
INFO - 91 50 c8 20 40 28 16 05
INFO - 91 50 08 40 40 20 00 fd
INFO - 91 52 08 08 40 28 32 0c
INFO - 91 52 48 20 40 28 16 05
INFO - 91 52 88 40 40 23 f4 00
INFO - 91 54 88 08 40 28 32 0c
INFO - 91 54 c8 20 40 28 16 05
INFO - 91 54 08 40 40 20 00 00
INFO - 91 56 08 08 40 28 32 0c
INFO - 91 56 48 20 40 28 16 07
INFO - 91 56 88 40 40 20 00 00
INFO - 91 58 88 08 40 28 32 0c
INFO - 91 58 c8 20 40 28 1e 07
INFO - 91 58 08 40 40 20 00 00
INFO - 91 5a 08 08 40 28 32 0d
INFO - 91 5a 48 20 40 28 1e 07
INFO - 91 5a 88 40 40 20 00 fd
INFO - 91 5c 88 08 40 28 36 10
INFO - 91 5c c8 20 40 28 1e 07
INFO - 91 5c 08 40 40 23 f4 00
INFO - 91 5e 08 08 40 28 42 10
INFO - 91 5e 48 20 40 28 1e 07
INFO - 91 5e 88 40 40 20 00 00
INFO - 91 60 88 08 40 28 42 10
INFO - 91 60 c8 20 40 28 1e 07
INFO - 91 60 08 40 40 20 00 00
INFO - 91 62 08 08 40 28 42 10
INFO - 91 62 48 20 40 28 1e 07
INFO - 91 62 88 40 40 20 00 00
INFO - 91 64 88 08 40 28 42 10
INFO - 91 64 c8 20 40 28 1e 07
INFO - 91 64 08 40 40 20 00 fd
INFO - 91 66 08 08 40 28 42 10
INFO - 91 66 48 20 40 28 1e 07
INFO - 91 66 88 40 40 23 f4 00
INFO - 91 68 88 08 40 28 42 10
INFO - 91 68 c8 20 40 28 1e 07
INFO - 91 68 08 40 40 20 00 01
INFO - 91 6a 08 08 40 28 42 10
INFO - 91 6a 48 20 40 28 1e 07
INFO - 91 6a 88 40 40 20 04 fc
INFO - 91 6c 88 08 40 28 42 10
INFO - 91 6c c8 20 40 28 1e 07
INFO - 91 6c 08 40 40 23 f0 00
INFO - 91 6e 08 08 40 28 42 10
INFO - 91 6e 48 20 40 28 1e 07
INFO - 91 6e 88 40 40 20 00 00
INFO - 91 70 88 08 40 28 42 10
INFO - 91 70 c8 20 40 28 1e 05
INFO - 91 70 08 40 40 20 00 fd
INFO - 91 72 08 08 40 28 42 10
INFO - 91 72 48 20 40 28 16 05
INFO - 91 72 88 40 40 23 f4 00
INFO - 91 74 88 08 40 28 42 10
INFO - 91 74 c8 20 40 28 16 05
INFO - 91 74 08 40 40 20 00 00
INFO - 91 76 08 08 40 28 42 10
INFO - 91 76 48 20 40 28 16 03
INFO - 91 76 88 40 40 20 00 01
INFO - 91 78 88 08 40 28 42 17
INFO - 91 78 c8 20 40 28 0e 03
INFO - 91 78 08 40 40 20 04 fc
INFO - 91 7a 08 08 40 28 5e 27
INFO - 91 7a 48 20 40 28 0e 03
INFO - 91 7a 88 40 40 23 f0 00
INFO - 91 7c 88 08 40 28 9e 27
INFO - 91 7c c8 20 40 28 0e 03
INFO - 91 7c 08 40 40 20 00 00
INFO - 91 7e 08 08 40 28 9e 27
INFO - 91 7e 48 20 40 28 0e 03
INFO - 91 7e 88 40 40 20 00 01
INFO - 91 80 88 08 40 08 9e 27
INFO - 91 80 c8 20 40 08 0e 03
INFO - 91 80 08 40 40 00 04 b1
