INFO - a1 84 4c 40 57 00 00 02
INFO - a1 84 8c 40 57 00 00 02
INFO - a1 84 cc 40 57 00 00 02
INFO - a1 84 0c 40 57 00 00 02
INFO - a9 80 8c 40 57 00 00 02
INFO - a9 80 cc 40 57 00 00 02
INFO - a9 80 0c 40 57 00 00 02
INFO - a9 80 4c 40 57 00 00 02
INFO - ac 36 8c 40 57 00 00 02
INFO - ac 36 cc 40 57 00 00 02
INFO - ac 36 0c 40 57 00 00 02
INFO - ac 36 4c 40 57 00 00 02
INFO - b1 0a 0c 40 57 00 00 02
INFO - b1 0a 4c 40 57 00 00 02
INFO - b1 0a 8c 40 57 00 00 02
INFO - b1 0a cc 40 57 00 00 02
INFO - b1 0a 0c 40 57 00 00 02
INFO - b4 d4 4c 40 57 00 00 02
INFO - b4 d4 8c 40 57 00 00 02
INFO - b4 d4 cc 40 57 00 00 02
INFO - b4 d4 0c 40 57 00 00 02
INFO - b4 d4 4c 40 57 00 00 02
INFO - b5 ce 4c 40 57 00 00 02
INFO - b5 ce 8c 40 57 00 00 02
INFO - b5 ce cc 40 57 00 00 02
INFO - b5 ce 0c 40 57 00 00 02
INFO - b6 9b cc 40 57 00 00 02
INFO - b6 9b 0c 40 57 00 00 02
INFO - b6 9b 4c 40 57 00 00 02
INFO - b6 9b 8c 40 57 00 00 02
INFO - bc 2b 0c 40 57 00 00 02
INFO - bc 2b 4c 40 57 00 00 02
INFO - bc 2b 8c 40 57 00 00 02
INFO - bc 2b cc 40 57 00 00 02
