INFO - 20 00 48 3c 00 0a 40 00
INFO - 20 06 88 3c 00 0b 3f 00
INFO - 20 10 c8 3c 00 0a 8f 00
INFO - 20 13 08 3c 00 0a d9 00
INFO - 20 14 48 3c 00 0a 7c 00
INFO - 20 17 88 3c 00 0a dd 00
INFO - 20 17 c8 3c 00 0a dd 00
INFO - 20 1b 08 3c 00 0a 90 00
INFO - 20 1b 48 3c 00 0a 90 00
INFO - 20 1b 88 3c 00 0a 90 00
INFO - 20 20 c8 3c 00 0a 9a 00
INFO - 20 24 08 3c 00 0b 0b 00
INFO - 20 24 48 3c 00 0b 0b 00
INFO - 20 24 88 3c 00 0b 0b 00
INFO - 20 2a c8 3c 00 0a a0 00
INFO - 20 2a 08 3c 00 0a a0 00
INFO - 20 2a 48 3c 00 0a a0 00
INFO - 20 2a 88 3c 00 0a a0 00
INFO - 20 32 c8 3c 00 0a a5 00
INFO - 20 32 08 3c 00 0a a5 00
INFO - 20 32 48 3c 00 0a a5 00
INFO - 20 35 88 3c 00 0a 71 00
INFO - 20 35 c8 3c 00 0a 71 00
INFO - 20 38 08 3c 00 0a 92 00
INFO - 20 3a 48 3c 00 0a 8d 00
INFO - 20 3e 88 3c 00 0a fd 00
INFO - 20 3e c8 3c 00 0a fd 00
INFO - 20 3e 08 3c 00 0a fd 00
INFO - 20 3e 48 3c 00 0a fd 00
INFO - 20 3e 88 3c 00 0a fd 00
INFO - 20 46 c8 3c 00 0a 8e 00
INFO - 20 46 08 3c 00 0a 8e 00
INFO - 20 4b 48 3c 00 0a cd 00
INFO - 20 4f 88 3c 00 0a e8 00
INFO - 20 50 c8 3c 00 0a 9f 00
INFO - 20 52 08 3c 00 0a 99 00
INFO - 20 57 48 3c 00 0b 2e 00
INFO - 20 59 88 3c 00 0a 92 00
INFO - 20 5b c8 3c 00 0a b4 00
INFO - 20 5d 08 3c 00 0a b9 00
INFO - 20 5f 48 3c 00 0a 96 00
INFO - 20 60 88 3c 00 0a 7b 00
INFO - 20 63 c8 3c 00 0a b0 00
INFO - 20 64 08 3c 00 0a 8f 00
INFO - 20 66 48 3c 00 0a a9 00
INFO - 20 69 88 3c 00 0a b0 00
INFO - 20 6a c8 3c 00 0a 7b 00
INFO - 20 6b 08 3c 00 0a 95 00
INFO - 20 6e 48 3c 00 0a b9 00
INFO - 20 71 88 3c 00 0a c6 00
INFO - 20 72 c8 3c 00 0a 9c 00
INFO - 20 74 08 3c 00 0a 98 00
INFO - 20 76 48 3c 00 0a 95 00
INFO - 20 78 88 3c 00 0a ae 00
INFO - 20 7a c8 3c 00 0a 99 00
INFO - 20 7c 08 3c 00 0a ab 00
INFO - 20 7e 48 3c 00 0a 9f 00
INFO - 20 80 88 3c 00 0a b0 00
INFO - 20 82 c8 3c 00 0a 98 00
INFO - 20 85 08 3c 00 0a c0 00
INFO - 20 87 48 3c 00 0a b4 00
INFO - 20 89 88 3c 00 0a 92 00
INFO - 20 8b c8 3c 00 0a 86 00
INFO - 20 8d 08 3c 00 0a a3 00
INFO - 20 8f 48 3c 00 0a 99 00
INFO - 20 91 88 3c 00 0a b5 00
INFO - 20 93 c8 3c 00 0a 93 00
INFO - 20 95 08 3c 00 0a 90 00
INFO - 20 98 48 3c 00 0a cc 00
INFO - 20 9a 88 3c 00 0a a4 00
INFO - 20 9b c8 3c 00 0a 9c 00
INFO - 20 9d 08 3c 00 0a a1 00
INFO - 20 9f 48 3c 00 0a a0 00
INFO - 20 a1 88 3c 00 0a 9e 00
INFO - 20 a3 c8 3c 00 0a ae 00
INFO - 20 a5 08 3c 00 0a a4 00
INFO - 20 a8 48 3c 00 0a c1 00
INFO - 20 aa 88 3c 00 0a a3 00
INFO - 20 ac c8 3c 00 0a 99 00
INFO - 20 ae 08 3c 00 0a 9c 00
INFO - 20 af 48 3c 00 0a 95 00
INFO - 20 b1 88 3c 00 0a 9e 00
INFO - 20 b3 c8 3c 00 0a aa 00
INFO - 20 b5 08 3c 00 0a 85 00
INFO - 20 b7 48 3c 00 0a ca 00
INFO - 20 b9 88 3c 00 0a 99 00
INFO - 20 bb c8 3c 00 0a a2 00
INFO - 20 bd 08 3c 00 0a 9a 00
INFO - 20 bf 48 3c 00 0a a5 00
INFO - 20 c1 88 3c 00 0a b3 00
INFO - 20 c3 c8 3c 00 0a 85 00
INFO - 20 c5 08 3c 00 0a 9d 00
INFO - 20 c7 48 3c 00 0a a9 00
INFO - 20 c8 88 3c 00 0a 8f 00
INFO - 20 cb c8 3c 00 0a bb 00
INFO - 20 cc 08 3c 00 0a 82 00
INFO - 20 ce 48 3c 00 0a 9d 00
INFO - 20 d0 88 3c 00 0a 96 00
INFO - 20 d2 c8 3c 00 0a bb 00
INFO - 20 d5 08 3c 00 0a b4 00
INFO - 20 d6 48 3c 00 0a 8a 00
INFO - 20 d8 88 3c 00 0a aa 00
INFO - 20 db c8 3c 00 0a d6 00
INFO - 20 dd 08 3c 00 0a 86 00
INFO - 20 df 48 3c 00 0a a8 00
INFO - 20 e0 88 3c 00 0a 96 00
INFO - 20 e3 c8 3c 00 0a bc 00
INFO - 20 e5 08 3c 00 0a aa 00
INFO - 20 e7 48 3c 00 0a 9e 00
INFO - 20 e9 88 3c 00 0a b9 00
INFO - 20 eb c8 3c 00 0a 9a 00
INFO - 20 ed 08 3c 00 0a ab 00
INFO - 20 f0 48 3c 00 0a bc 00
INFO - 20 f2 88 3c 00 0a 9a 00
INFO - 20 f4 c8 3c 00 0a b9 00
INFO - 20 f6 08 3c 00 0a 90 00
INFO - 20 f8 48 3c 00 0a af 00
INFO - 20 fa 88 3c 00 0a 9b 00
INFO - 20 fc c8 3c 00 0a 9b 00
INFO - 20 fe 08 3c 00 0a a4 00
INFO - 21 00 48 3c 00 0a c3 00
INFO - 21 02 88 3c 00 0a a5 00
INFO - 21 04 c8 3c 00 0a ae 00
INFO - 21 06 08 3c 00 0a a5 00
INFO - 21 08 48 3c 00 0a a5 00
INFO - 21 0a 88 3c 00 0a a5 00
INFO - 21 0c c8 3c 00 0a a4 00
INFO - 21 0e 08 3c 00 0a 9b 00
INFO - 21 11 48 3c 00 0a c3 00
INFO - 21 13 88 3c 00 0a 91 00
INFO - 21 15 c8 3c 00 0a a5 00
INFO - 21 16 08 3c 00 0a 91 00
INFO - 21 19 48 3c 00 0a cd 00
INFO - 21 1b 88 3c 00 0a a5 00
INFO - 21 1d c8 3c 00 0a b3 00
INFO - 21 20 08 3c 00 0a b6 00
INFO - 21 22 48 3c 00 0a 9f 00
INFO - 21 23 88 3c 00 0a 97 00
INFO - 21 25 c8 3c 00 0a 94 00
INFO - 21 27 08 3c 00 0a 87 00
INFO - 21 28 48 3c 00 0a 97 00
INFO - 21 2b 88 3c 00 0a bd 00
INFO - 21 2e c8 3c 00 0a d4 00
INFO - 21 30 08 3c 00 0a b2 00
INFO - 21 33 48 3c 00 0a c4 00
INFO - 21 35 88 3c 00 0a 9b 00
INFO - 21 37 c8 3c 00 0a b5 00
INFO - 21 39 08 3c 00 0a 9e 00
INFO - 21 3b 48 3c 00 0a 9b 00
INFO - 21 3d 88 3c 00 0a 9b 00
INFO - 21 3e c8 3c 00 0a 83 00
INFO - 21 40 08 3c 00 0a a0 00
INFO - 21 42 48 3c 00 0a a5 00
INFO - 21 44 88 3c 00 0a 9a 00
INFO - 21 46 c8 3c 00 0a b4 00
INFO - 21 48 08 3c 00 0a ac 00
INFO - 21 4a 48 3c 00 0a 91 00
INFO - 21 4b 88 3c 00 0a 91 00
INFO - 21 4d c8 3c 00 0a 91 00
INFO - 21 4f 08 3c 00 0a a6 00
INFO - 21 51 48 3c 00 0a af 00
INFO - 21 53 88 3c 00 0a 87 00
INFO - 21 55 c8 3c 00 0a c7 00
INFO - 21 57 08 3c 00 0a 97 00
INFO - 21 59 48 3c 00 0a 9b 00
INFO - 21 5b 88 3c 00 0a 95 00
INFO - 21 60 c8 3c 00 0b 47 00
INFO - 21 62 08 3c 00 0a a2 00
INFO - 21 64 48 3c 00 0a 9c 00
INFO - 21 66 88 3c 00 0a 9f 00
INFO - 21 67 c8 3c 00 0a 91 00
INFO - 21 69 08 3c 00 0a 8d 00
INFO - 21 6b 48 3c 00 0a 92 00
INFO - 21 6c 88 3c 00 0a 95 00
INFO - 21 6e c8 3c 00 0a 98 00
INFO - 21 70 08 3c 00 0a b3 00
INFO - 21 72 48 3c 00 0a 8e 00
INFO - 21 74 88 3c 00 0a a9 00
INFO - 21 76 c8 3c 00 0a 9c 00
INFO - 21 78 08 3c 00 0a a2 00
INFO - 21 7a 48 3c 00 0a 9f 00
INFO - 21 7d 88 3c 00 0a d5 00
INFO - 21 7f c8 3c 00 0a c7 00
INFO - 21 82 08 3c 00 0a ba 00
INFO - 21 83 48 3c 00 0a 87 00
INFO - 21 85 88 3c 00 0a 6e 00
INFO - 21 87 c8 3c 00 0a 9b 00
INFO - 21 89 08 3c 00 0a af 00
INFO - 21 8c 48 3c 00 0a ba 00
INFO - 21 8d 88 3c 00 0a 9b 00
INFO - 21 8f c8 3c 00 0a 8e 00
INFO - 21 91 08 3c 00 0a 94 00
INFO - 21 93 48 3c 00 0a 9b 00
INFO - 21 95 88 3c 00 0a a5 00
INFO - 21 96 c8 3c 00 0a 9b 00
INFO - 21 98 08 3c 00 0a 87 00
INFO - 21 9a 48 3c 00 0a a5 00
INFO - 21 9c 88 3c 00 0a 9b 00
INFO - 21 9e c8 3c 00 0a 9b 00
INFO - 21 9f 08 3c 00 0a 94 00
INFO - 21 a1 48 3c 00 0a ac 00
INFO - 21 a4 88 3c 00 0a c4 00
INFO - 21 a7 c8 3c 00 0a bc 00
INFO - 21 a9 08 3c 00 0a c0 00
INFO - 21 ab 48 3c 00 0a b2 00
INFO - 21 ae 88 3c 00 0a d4 00
INFO - 21 b2 c8 3c 00 0a f5 00
INFO - 21 b4 08 3c 00 0a 94 00
INFO - 21 b5 48 3c 00 0a 8d 00
INFO - 21 b8 88 3c 00 0a b9 00
INFO - 21 b9 c8 3c 00 0a 93 00
INFO - 21 bc 08 3c 00 0a d4 00
INFO - 21 be 48 3c 00 0a a7 00
INFO - 21 c0 88 3c 00 0a 9b 00
INFO - 21 c3 c8 3c 00 0a ca 00
INFO - 21 c5 08 3c 00 0a 94 00
INFO - 21 c7 48 3c 00 0a 9a 00
INFO - 21 c9 88 3c 00 0a a4 00
INFO - 21 cb c8 3c 00 0a a4 00
INFO - 21 cd 08 3c 00 0a a5 00
INFO - 21 cf 48 3c 00 0a c9 00
INFO - 21 d1 88 3c 00 0a 9e 00
INFO - 21 d3 c8 3c 00 0a 9b 00
INFO - 21 d5 08 3c 00 0a a5 00
INFO - 21 d7 48 3c 00 0a a7 00
INFO - 21 d9 88 3c 00 0a 8e 00
INFO - 21 db c8 3c 00 0a ae 00
INFO - 21 dd 08 3c 00 0a 90 00
INFO - 21 df 48 3c 00 0a b8 00
INFO - 21 e1 88 3c 00 0a 90 00
INFO - 21 e3 c8 3c 00 0a b8 00
INFO - 21 e5 08 3c 00 0a a4 00
INFO - 21 e7 48 3c 00 0a b8 00
INFO - 21 e9 88 3c 00 0a 9a 00
INFO - 21 eb c8 3c 00 0a 9a 00
INFO - 21 ed 08 3c 00 0a 90 00
INFO - 21 ee 48 3c 00 0a 90 00
INFO - 21 f0 88 3c 00 0a a4 00
INFO - 21 f2 c8 3c 00 0a 9a 00
INFO - 21 f4 08 3c 00 0a 9a 00
INFO - 21 f6 48 3c 00 0a a4 00
INFO - 21 fa 88 3c 00 0a 95 00
INFO - 21 fc c8 3c 00 0a 9a 00
INFO - 21 fe 08 3c 00 0a 8d 00
INFO - 22 00 48 3c 00 0a a7 00
INFO - 22 02 88 3c 00 0a bf 00
INFO - 22 05 c8 3c 00 0a b2 00
INFO - 22 06 08 3c 00 0a 90 00
INFO - 22 08 48 3c 00 0a 9a 00
INFO - 22 0a 88 3c 00 0a a1 00
INFO - 22 0c c8 3c 00 0a af 00
INFO - 22 0e 08 3c 00 0a 86 00
INFO - 22 11 48 3c 00 0a cf 00
INFO - 22 12 88 3c 00 0a a1 00
INFO - 22 14 c8 3c 00 0a 9e 00
INFO - 22 17 08 3c 00 0a ae 00
INFO - 22 19 48 3c 00 0a b8 00
INFO - 22 1b 88 3c 00 0a 8d 00
INFO - 22 1d c8 3c 00 0a bb 00
INFO - 22 20 08 3c 00 0a e0 00
INFO - 22 22 48 3c 00 0a ae 00
INFO - 22 24 88 3c 00 0a 9a 00
INFO - 22 26 c8 3c 00 0a 90 00
INFO - 22 28 08 3c 00 0a b8 00
INFO - 22 2a 48 3c 00 0a 90 00
INFO - 22 2c 88 3c 00 0a ae 00
INFO - 22 2d c8 3c 00 0a 86 00
INFO - 22 30 08 3c 00 0a b8 00
INFO - 22 31 48 3c 00 0a 90 00
INFO - 22 34 88 3c 00 0a ae 00
INFO - 22 36 c8 3c 00 0a b2 00
INFO - 22 38 08 3c 00 0a ab 00
INFO - 22 3a 48 3c 00 0a 90 00
INFO - 22 3d 88 3c 00 0a d6 00
INFO - 22 3e c8 3c 00 0a 91 00
INFO - 22 40 08 3c 00 0a a5 00
INFO - 22 42 48 3c 00 0a 86 00
INFO - 22 44 88 3c 00 0a b9 00
INFO - 22 46 c8 3c 00 0a 9b 00
INFO - 22 49 08 3c 00 0a cd 00
INFO - 22 4b 48 3c 00 0a a8 00
INFO - 22 4d 88 3c 00 0a 8e 00
INFO - 22 4e c8 3c 00 0a 95 00
INFO - 22 51 08 3c 00 0a c1 00
INFO - 22 52 48 3c 00 0a 8a 00
INFO - 22 55 88 3c 00 0a b7 00
INFO - 22 56 c8 3c 00 0a 95 00
INFO - 22 59 08 3c 00 0a b1 00
INFO - 22 5a 48 3c 00 0a 8f 00
INFO - 22 5c 88 3c 00 0a a0 00
INFO - 22 5e c8 3c 00 0a 88 00
INFO - 22 60 08 3c 00 0a a7 00
INFO - 22 62 48 3c 00 0a 9a 00
INFO - 22 64 88 3c 00 0a ab 00
INFO - 22 66 c8 3c 00 0a bc 00
INFO - 22 68 08 3c 00 0a a8 00
INFO - 22 6b 48 3c 00 0a c4 00
INFO - 22 70 88 3c 00 0b 27 00
INFO - 22 72 c8 3c 00 0a bd 00
INFO - 22 75 08 3c 00 0a bd 00
INFO - 22 77 48 3c 00 0a c7 00
INFO - 22 7b 88 3c 00 0a e7 00
INFO - 22 7c c8 3c 00 0a 8a 00
INFO - 22 7e 08 3c 00 0a a9 00
INFO - 22 80 48 3c 00 0a 9f 00
INFO - 22 83 88 3c 00 0a c9 00
INFO - 22 84 c8 3c 00 0a 89 00
INFO - 22 86 08 3c 00 0a a3 00
INFO - 22 88 48 3c 00 0a 94 00
INFO - 22 8a 88 3c 00 0a 9c 00
INFO - 22 8c c8 3c 00 0a 95 00
INFO - 22 8d 08 3c 00 0a 8d 00
INFO - 22 8f 48 3c 00 0a a7 00
INFO - 22 91 88 3c 00 0a 8a 00
INFO - 22 93 c8 3c 00 0a b8 00
INFO - 22 95 08 3c 00 0a 92 00
INFO - 22 97 48 3c 00 0a 96 00
INFO - 22 99 88 3c 00 0a ae 00
INFO - 22 9b c8 3c 00 0a 9c 00
INFO - 22 9e 08 3c 00 0a ef 00
INFO - 22 a0 48 3c 00 0a a1 00
INFO - 22 a2 88 3c 00 0a 93 00
INFO - 22 a4 c8 3c 00 0a a5 00
INFO - 22 a5 08 3c 00 0a 8b 00
INFO - 22 a8 48 3c 00 0a d7 00
INFO - 22 ab 88 3c 00 0a b4 00
INFO - 22 ad c8 3c 00 0a a5 00
INFO - 22 af 08 3c 00 0a 76 00
INFO - 22 b2 48 3c 00 0a cd 00
INFO - 22 b4 88 3c 00 0a b7 00
INFO - 22 b6 c8 3c 00 0a b4 00
INFO - 22 b8 08 3c 00 0a a5 00
INFO - 22 bb 48 3c 00 0a c1 00
INFO - 22 bd 88 3c 00 0a 97 00
INFO - 22 bf c8 3c 00 0a b8 00
INFO - 22 c1 08 3c 00 0a 96 00
INFO - 22 c4 48 3c 00 0a cd 00
INFO - 22 c6 88 3c 00 0a a1 00
INFO - 22 c8 c8 3c 00 0a b8 00
INFO - 22 ca 08 3c 00 0a ac 00
INFO - 22 cd 48 3c 00 0a c2 00
INFO - 22 d0 88 3c 00 0a c6 00
INFO - 22 d2 c8 3c 00 0a a9 00
INFO - 22 d4 08 3c 00 0a a3 00
INFO - 22 d6 48 3c 00 0a ad 00
INFO - 22 d8 88 3c 00 0a b0 00
INFO - 22 db c8 3c 00 0a b5 00
INFO - 22 dd 08 3c 00 0a b1 00
INFO - 22 df 48 3c 00 0a 9f 00
INFO - 22 e1 88 3c 00 0a a6 00
INFO - 22 e4 c8 3c 00 0a d3 00
INFO - 22 e7 08 3c 00 0a cc 00
INFO - 22 e8 48 3c 00 0a a0 00
INFO - 22 eb 88 3c 00 0a c8 00
INFO - 22 ed c8 3c 00 0a a0 00
INFO - 22 f0 08 3c 00 0a be 00
INFO - 22 f2 48 3c 00 0a ac 00
INFO - 22 f4 88 3c 00 0a bc 00
INFO - 22 f8 c8 3c 00 0a e8 00
INFO - 22 f9 08 3c 00 0a 8e 00
INFO - 22 fc 48 3c 00 0a bb 00
INFO - 22 fd 88 3c 00 0a 8e 00
INFO - 22 ff c8 3c 00 0a 8e 00
INFO - 23 02 08 3c 00 0a c3 00
INFO - 23 03 48 3c 00 0a 9c 00
INFO - 23 06 88 3c 00 0a b0 00
INFO - 23 07 c8 3c 00 0a 8e 00
INFO - 23 0a 08 3c 00 0a c6 00
INFO - 23 0c 48 3c 00 0a a4 00
INFO - 23 0f 88 3c 00 0a dc 00
INFO - 23 12 c8 3c 00 0a be 00
INFO - 23 13 08 3c 00 0a a1 00
INFO - 23 16 48 3c 00 0a b0 00
INFO - 23 17 88 3c 00 0a 8d 00
INFO - 23 19 c8 3c 00 0a a5 00
INFO - 23 1b 08 3c 00 0a a4 00
INFO - 23 1d 48 3c 00 0a a9 00
INFO - 23 20 88 3c 00 0a c2 00
INFO - 23 22 c8 3c 00 0a 98 00
INFO - 23 25 08 3c 00 0a ca 00
INFO - 23 27 48 3c 00 0a c1 00
INFO - 23 2a 88 3c 00 0a b4 00
INFO - 23 2c c8 3c 00 0a bb 00
INFO - 23 2e 08 3c 00 0a 97 00
INFO - 23 30 48 3c 00 0a 97 00
INFO - 23 31 88 3c 00 0a 9e 00
INFO - 23 33 c8 3c 00 0a 8e 00
INFO - 23 35 08 3c 00 0a 96 00
INFO - 23 37 48 3c 00 0a be 00
INFO - 23 39 88 3c 00 0a 8b 00
INFO - 23 3c c8 3c 00 0a dc 00
INFO - 23 3d 08 3c 00 0a 8e 00
INFO - 23 40 48 3c 00 0a be 00
INFO - 23 42 88 3c 00 0a 99 00
INFO - 23 45 c8 3c 00 0a d1 00
INFO - 23 47 08 3c 00 0a b1 00
INFO - 23 49 48 3c 00 0a b0 00
INFO - 23 4b 88 3c 00 0a ac 00
INFO - 23 4e c8 3c 00 0a ca 00
INFO - 23 52 08 3c 00 0a f4 00
INFO - 23 55 48 3c 00 0a dd 00
INFO - 23 58 88 3c 00 0a c8 00
INFO - 23 5a c8 3c 00 0a bb 00
INFO - 23 5c 08 3c 00 0a a6 00
INFO - 23 5e 48 3c 00 0a 9a 00
INFO - 23 60 88 3c 00 0a 9d 00
INFO - 23 62 c8 3c 00 0a a3 00
INFO - 23 65 08 3c 00 0a de 00
INFO - 23 67 48 3c 00 0a b1 00
INFO - 23 6a 88 3c 00 0a b2 00
INFO - 23 6b c8 3c 00 0a 9e 00
INFO - 23 6e 08 3c 00 0a d0 00
INFO - 23 70 48 3c 00 0a 9f 00
INFO - 23 72 88 3c 00 0a a2 00
INFO - 23 74 c8 3c 00 0a 9b 00
INFO - 23 76 08 3c 00 0a 9f 00
INFO - 23 78 48 3c 00 0a a2 00
INFO - 23 7a 88 3c 00 0a 9b 00
INFO - 23 7c c8 3c 00 0a ac 00
INFO - 23 7e 08 3c 00 0a a7 00
INFO - 23 80 48 3c 00 0a a3 00
INFO - 23 83 88 3c 00 0a bd 00
INFO - 23 85 c8 3c 00 0a c2 00
INFO - 23 87 08 3c 00 0a a7 00
INFO - 23 8a 48 3c 00 0a b9 00
INFO - 23 8c 88 3c 00 0a ac 00
INFO - 23 8d c8 3c 00 0a 90 00
INFO - 23 90 08 3c 00 0a bf 00
INFO - 23 92 48 3c 00 0a ae 00
INFO - 23 96 88 3c 00 0a e5 00
INFO - 23 9b c8 3c 00 0b 5f 00
INFO - 23 9d 08 3c 00 0a a7 00
INFO - 23 a0 48 3c 00 0a b5 00
INFO - 23 a1 88 3c 00 0a 91 00
INFO - 23 a4 c8 3c 00 0a b3 00
INFO - 23 a6 08 3c 00 0a b3 00
INFO - 23 a9 48 3c 00 0a ca 00
INFO - 23 ab 88 3c 00 0a b3 00
INFO - 23 ad c8 3c 00 0a b3 00
INFO - 23 b0 08 3c 00 0a cb 00
INFO - 23 b2 48 3c 00 0a b4 00
INFO - 23 b5 88 3c 00 0a b8 00
INFO - 23 b7 c8 3c 00 0a bb 00
INFO - 23 ba 08 3c 00 0a c3 00
INFO - 23 bc 48 3c 00 0a 9d 00
INFO - 23 bf 88 3c 00 0a c7 00
INFO - 23 c1 c8 3c 00 0a a0 00
INFO - 23 c3 08 3c 00 0a a5 00
INFO - 23 c6 48 3c 00 0a fc 00
INFO - 23 ca 88 3c 00 0a ea 00
INFO - 23 cb c8 3c 00 0a 95 00
INFO - 23 ce 08 3c 00 0a c0 00
INFO - 23 d0 48 3c 00 0a a5 00
INFO - 23 d3 88 3c 00 0a e6 00
INFO - 23 d6 c8 3c 00 0a b4 00
INFO - 23 da 08 3c 00 0b 06 00
INFO - 23 dc 48 3c 00 0a bd 00
INFO - 23 df 88 3c 00 0a b8 00
INFO - 23 e0 c8 3c 00 0a 92 00
INFO - 23 e3 08 3c 00 0a c0 00
INFO - 23 e5 48 3c 00 0a a5 00
INFO - 23 e8 88 3c 00 0a e9 00
INFO - 23 ea c8 3c 00 0a a3 00
INFO - 23 ec 08 3c 00 0a 7f 00
INFO - 23 ee 48 3c 00 0a b6 00
INFO - 23 f0 88 3c 00 0a a7 00
INFO - 23 f3 c8 3c 00 0a c1 00
INFO - 23 f5 08 3c 00 0a c0 00
INFO - 23 f8 48 3c 00 0a c1 00
INFO - 23 fa 88 3c 00 0a 97 00
INFO - 23 fd c8 3c 00 0a c8 00
INFO - 23 fe 08 3c 00 0a 9e 00
INFO - 24 01 48 3c 00 0a aa 00
INFO - 24 03 88 3c 00 0a cd 00
INFO - 24 06 c8 3c 00 0a 7d 00
INFO - 24 08 08 3c 00 0a c1 00
INFO - 24 0a 48 3c 00 0a 9a 00
INFO - 24 0d 88 3c 00 0a c2 00
INFO - 24 10 c8 3c 00 0a dc 00
INFO - 24 12 08 3c 00 0a 94 00
INFO - 24 13 48 3c 00 0a 99 00
INFO - 24 16 88 3c 00 0a aa 00
INFO - 24 18 c8 3c 00 0a ba 00
INFO - 24 1a 08 3c 00 0a 9a 00
INFO - 24 1c 48 3c 00 0a 96 00
INFO - 24 1d 88 3c 00 0a 9c 00
INFO - 24 20 c8 3c 00 0a b9 00
INFO - 24 22 08 3c 00 0a b7 00
INFO - 24 24 48 3c 00 0a a9 00
INFO - 24 27 88 3c 00 0a ab 00
INFO - 24 29 c8 3c 00 0a a6 00
INFO - 24 2b 08 3c 00 0a bb 00
INFO - 24 2e 48 3c 00 0a c1 00
INFO - 24 30 88 3c 00 0a b7 00
INFO - 24 32 c8 3c 00 0a b6 00
INFO - 24 36 08 3c 00 0a fe 00
INFO - 24 39 48 3c 00 0a db 00
INFO - 24 3c 88 3c 00 0a aa 00
INFO - 24 40 c8 3c 00 0b 09 00
INFO - 24 42 08 3c 00 0a b7 00
INFO - 24 44 48 3c 00 0a b8 00
INFO - 24 46 88 3c 00 0a 9e 00
INFO - 24 49 c8 3c 00 0a bb 00
INFO - 24 4b 08 3c 00 0a b5 00
INFO - 24 4e 48 3c 00 0a db 00
INFO - 24 51 88 3c 00 0a bb 00
INFO - 24 54 c8 3c 00 0a e1 00
INFO - 24 56 08 3c 00 0a a1 00
INFO - 24 58 48 3c 00 0a af 00
INFO - 24 5a 88 3c 00 0a a8 00
INFO - 24 5c c8 3c 00 0a a3 00
INFO - 24 5e 08 3c 00 0a a8 00
INFO - 24 61 48 3c 00 0a bc 00
INFO - 24 63 88 3c 00 0a 9a 00
INFO - 24 65 c8 3c 00 0a b1 00
INFO - 24 68 08 3c 00 0a cb 00
INFO - 24 6b 48 3c 00 0a d4 00
INFO - 24 6e 88 3c 00 0a dc 00
INFO - 24 70 c8 3c 00 0a b8 00
INFO - 24 72 08 3c 00 0a a0 00
INFO - 24 75 48 3c 00 0a db 00
INFO - 24 78 88 3c 00 0a be 00
INFO - 24 7a c8 3c 00 0a bd 00
INFO - 24 7d 08 3c 00 0a b7 00
INFO - 24 80 48 3c 00 0a c9 00
INFO - 24 83 88 3c 00 0a e0 00
INFO - 24 85 c8 3c 00 0a 93 00
INFO - 24 88 08 3c 00 0a e1 00
INFO - 24 89 48 3c 00 0a 66 00
INFO - 24 8c 88 3c 00 0a c2 00
INFO - 24 8e c8 3c 00 0a b5 00
INFO - 24 91 08 3c 00 0a b7 00
INFO - 24 93 48 3c 00 0a aa 00
INFO - 24 96 88 3c 00 0a cc 00
INFO - 24 98 c8 3c 00 0a bf 00
INFO - 24 9a 08 3c 00 0a aa 00
INFO - 24 9c 48 3c 00 0a a9 00
INFO - 24 9f 88 3c 00 0a c0 00
INFO - 24 a0 c8 3c 00 0a 86 00
INFO - 24 a3 08 3c 00 0a b3 00
INFO - 24 a6 48 3c 00 0a cc 00
INFO - 24 a8 88 3c 00 0a ac 00
INFO - 24 aa c8 3c 00 0a a4 00
INFO - 24 ac 08 3c 00 0a a8 00
INFO - 24 ae 48 3c 00 0a b2 00
INFO - 24 b0 88 3c 00 0a 9d 00
INFO - 24 b3 c8 3c 00 0a bf 00
INFO - 24 b5 08 3c 00 0a a1 00
INFO - 24 b7 48 3c 00 0a a4 00
INFO - 24 b9 88 3c 00 0a b4 00
INFO - 24 bb c8 3c 00 0a b3 00
INFO - 24 be 08 3c 00 0a b8 00
INFO - 24 c0 48 3c 00 0a bb 00
INFO - 24 c2 88 3c 00 0a a8 00
INFO - 24 c5 c8 3c 00 0a cf 00
INFO - 24 c7 08 3c 00 0a a4 00
INFO - 24 ca 48 3c 00 0a b4 00
INFO - 24 cb 88 3c 00 0a a1 00
INFO - 24 ce c8 3c 00 0a b0 00
INFO - 24 d1 08 3c 00 0a f9 00
INFO - 24 d4 48 3c 00 0a c3 00
INFO - 24 d7 88 3c 00 0a cb 00
INFO - 24 da c8 3c 00 0a c6 00
INFO - 24 dc 08 3c 00 0a ca 00
INFO - 24 de 48 3c 00 0a 95 00
INFO - 24 e1 88 3c 00 0a c5 00
INFO - 24 e3 c8 3c 00 0a ab 00
INFO - 24 e5 08 3c 00 0a b9 00
INFO - 24 e8 48 3c 00 0a ab 00
INFO - 24 ea 88 3c 00 0a c8 00
INFO - 24 ec c8 3c 00 0a ae 00
INFO - 24 ef 08 3c 00 0a cc 00
INFO - 24 f1 48 3c 00 0a 9b 00
INFO - 24 f4 88 3c 00 0a 8f 00
INFO - 24 f7 c8 3c 00 0a b9 00
INFO - 24 fa 08 3c 00 0a d7 00
INFO - 24 fc 48 3c 00 0a ae 00
INFO - 24 fe 88 3c 00 0a b5 00
INFO - 25 00 c8 3c 00 0a a6 00
INFO - 25 03 08 3c 00 0a ae 00
INFO - 25 04 48 3c 00 0a 88 00
INFO - 25 07 88 3c 00 0a be 00
INFO - 25 0a c8 3c 00 0a d0 00
INFO - 25 0d 08 3c 00 0a e4 00
INFO - 25 0f 48 3c 00 0a a4 00
INFO - 25 12 88 3c 00 0a c0 00
INFO - 25 15 c8 3c 00 0a d5 00
INFO - 25 17 08 3c 00 0a c5 00
INFO - 25 1a 48 3c 00 0a b5 00
INFO - 25 1c 88 3c 00 0a b1 00
INFO - 25 1d c8 3c 00 0a 8f 00
INFO - 25 20 08 3c 00 0a b0 00
INFO - 25 22 48 3c 00 0a bb 00
INFO - 25 26 88 3c 00 0a e8 00
INFO - 25 27 c8 3c 00 0a 8c 00
INFO - 25 2a 08 3c 00 0a ca 00
INFO - 25 2c 48 3c 00 0a b1 00
INFO - 25 2f 88 3c 00 0a cc 00
INFO - 25 31 c8 3c 00 0a b2 00
INFO - 25 33 08 3c 00 0a a3 00
INFO - 25 36 48 3c 00 0a b6 00
INFO - 25 38 88 3c 00 0a be 00
INFO - 25 3a c8 3c 00 0a aa 00
INFO - 25 3d 08 3c 00 0a c9 00
INFO - 25 40 48 3c 00 0a c8 00
INFO - 25 42 88 3c 00 0a 94 00
INFO - 25 44 c8 3c 00 0a a8 00
INFO - 25 46 08 3c 00 0a 9e 00
INFO - 25 48 48 3c 00 0a b2 00
INFO - 25 4a 88 3c 00 0a 9b 00
INFO - 25 4b c8 3c 00 0a 82 00
INFO - 25 4d 08 3c 00 0a 74 00
INFO - 25 4f 48 3c 00 0a 92 00
INFO - 25 51 88 3c 00 0a a8 00
INFO - 25 53 c8 3c 00 0a ae 00
INFO - 25 56 08 3c 00 0a b5 00
INFO - 25 57 48 3c 00 0a 93 00
INFO - 25 59 88 3c 00 0a ac 00
INFO - 25 5c c8 3c 00 0a b4 00
INFO - 25 5e 08 3c 00 0a a7 00
INFO - 25 60 48 3c 00 0a a6 00
INFO - 25 63 88 3c 00 0a d9 00
INFO - 25 65 c8 3c 00 0a b8 00
INFO - 25 67 08 3c 00 0a 9e 00
INFO - 25 6a 48 3c 00 0a d8 00
INFO - 25 6d 88 3c 00 0a b6 00
INFO - 25 6f c8 3c 00 0a b3 00
INFO - 25 71 08 3c 00 0a 91 00
INFO - 25 73 48 3c 00 0a a6 00
INFO - 25 74 88 3c 00 0a 7b 00
INFO - 25 76 c8 3c 00 0a 9c 00
INFO - 25 77 08 3c 00 0a 94 00
INFO - 25 7a 48 3c 00 0a af 00
INFO - 25 7b 88 3c 00 0a 88 00
INFO - 25 7d c8 3c 00 0a b0 00
INFO - 25 7f 08 3c 00 0a 98 00
INFO - 25 81 48 3c 00 0a 97 00
INFO - 25 83 88 3c 00 0a af 00
INFO - 25 85 c8 3c 00 0a 91 00
INFO - 25 86 08 3c 00 0a 87 00
INFO - 25 86 48 3c 00 0a 87 00
INFO - 25 86 88 3c 00 0a 87 00
INFO - 25 86 c8 3c 00 0a 87 00
INFO - 25 86 08 3c 00 0a 87 00
INFO - 25 86 48 3c 00 0a 87 00
INFO - 25 86 88 3c 00 0a 87 00
INFO - 25 86 c8 3c 00 0a 87 00
INFO - 25 86 08 3c 00 0a 87 00
INFO - 25 86 48 3c 00 0a 87 00
INFO - 25 86 88 3c 00 0a 87 00
