INFO - 20 00 48 3c 00 0a 40 00
INFO - 20 06 88 3c 00 0b 20 00
INFO - 20 0a c8 3c 00 0a 5e 00
INFO - 20 14 08 3c 00 0b fe 00
INFO - 20 14 48 3c 00 0b fe 00
INFO - 20 14 88 3c 00 0b fe 00
INFO - 20 18 c8 3c 00 0a 86 00
INFO - 20 18 08 3c 00 0a 86 00
INFO - 20 1b 48 3c 00 0a 98 00
INFO - 20 20 88 3c 00 0b 1d 00
INFO - 20 20 c8 3c 00 0b 1d 00
INFO - 20 20 08 3c 00 0b 1d 00
INFO - 20 25 48 3c 00 0a 9c 00
INFO - 20 25 88 3c 00 0a 9c 00
INFO - 20 2a c8 3c 00 0a b2 00
INFO - 20 2c 08 3c 00 0a b5 00
INFO - 20 2c 48 3c 00 0a b5 00
INFO - 20 2c 88 3c 00 0a b5 00
INFO - 20 32 c8 3c 00 0a 9e 00
INFO - 20 32 08 3c 00 0a 9e 00
INFO - 20 32 48 3c 00 0a 9e 00
INFO - 20 34 88 3c 00 0a 60 00
INFO - 20 34 c8 3c 00 0a 60 00
INFO - 20 3b 08 3c 00 0a ec 00
INFO - 20 3b 48 3c 00 0a ec 00
INFO - 20 3b 88 3c 00 0a ec 00
INFO - 20 3f c8 3c 00 0a 8e 00
INFO - 20 42 08 3c 00 0a a9 00
INFO - 20 42 48 3c 00 0a a9 00
INFO - 20 47 88 3c 00 0a bd 00
INFO - 20 4a c8 3c 00 0a d6 00
INFO - 20 4b 08 3c 00 0a 75 00
INFO - 20 4f 48 3c 00 0b 1e 00
INFO - 20 51 88 3c 00 0a 92 00
INFO - 20 53 c8 3c 00 0a ac 00
INFO - 20 55 08 3c 00 0a a9 00
INFO - 20 5b 48 3c 00 0b 68 00
INFO - 20 5d 88 3c 00 0a a8 00
INFO - 20 5f c8 3c 00 0a 76 00
INFO - 20 61 08 3c 00 0a aa 00
INFO - 20 63 48 3c 00 0a 9d 00
INFO - 20 66 88 3c 00 0a ac 00
INFO - 20 68 c8 3c 00 0a b4 00
INFO - 20 6a 08 3c 00 0a 9f 00
INFO - 20 6c 48 3c 00 0a b3 00
INFO - 20 6e 88 3c 00 0a a1 00
INFO - 20 70 c8 3c 00 0a ab 00
INFO - 20 72 08 3c 00 0a 93 00
INFO - 20 74 48 3c 00 0a ad 00
INFO - 20 76 88 3c 00 0a ab 00
INFO - 20 79 c8 3c 00 0a ca 00
INFO - 20 7b 08 3c 00 0a a2 00
INFO - 20 7d 48 3c 00 0a aa 00
INFO - 20 7f 88 3c 00 0a 8d 00
INFO - 20 81 c8 3c 00 0a b7 00
INFO - 20 83 08 3c 00 0a b5 00
INFO - 20 86 48 3c 00 0a cf 00
INFO - 20 88 88 3c 00 0a ab 00
INFO - 20 8b c8 3c 00 0a c5 00
INFO - 20 8f 08 3c 00 0b 05 00
INFO - 20 91 48 3c 00 0a 8d 00
INFO - 20 94 88 3c 00 0a da 00
INFO - 20 98 c8 3c 00 0a fc 00
INFO - 20 99 08 3c 00 0a a1 00
INFO - 20 9c 48 3c 00 0a c5 00
INFO - 20 9e 88 3c 00 0a 9a 00
INFO - 20 a2 c8 3c 00 0a be 00
INFO - 20 a5 08 3c 00 0a de 00
INFO - 20 a7 48 3c 00 0a 8f 00
INFO - 20 a9 88 3c 00 0a 98 00
INFO - 20 aa c8 3c 00 0a 69 00
INFO - 20 ac 08 3c 00 0a af 00
INFO - 20 ae 48 3c 00 0a 9c 00
INFO - 20 b0 88 3c 00 0a a7 00
INFO - 20 b3 c8 3c 00 0a bb 00
INFO - 20 b4 08 3c 00 0a 92 00
INFO - 20 b6 48 3c 00 0a 9b 00
INFO - 20 b8 88 3c 00 0a 9a 00
INFO - 20 ba c8 3c 00 0a 92 00
INFO - 20 bd 08 3c 00 0a d4 00
INFO - 20 c0 48 3c 00 0a ef 00
INFO - 20 c3 88 3c 00 0a b2 00
INFO - 20 c5 c8 3c 00 0a c2 00
INFO - 20 c7 08 3c 00 0a 8f 00
INFO - 20 c9 48 3c 00 0a c3 00
INFO - 20 cc 88 3c 00 0a aa 00
INFO - 20 ce c8 3c 00 0a c1 00
INFO - 20 d0 08 3c 00 0a 93 00
INFO - 20 d3 48 3c 00 0a f0 00
INFO - 20 d6 88 3c 00 0a b9 00
INFO - 20 d8 c8 3c 00 0a 93 00
INFO - 20 da 08 3c 00 0a cf 00
INFO - 20 de 48 3c 00 0a dc 00
INFO - 20 e0 88 3c 00 0a b8 00
INFO - 20 e3 c8 3c 00 0a d1 00
INFO - 20 e5 08 3c 00 0a a1 00
INFO - 20 e7 48 3c 00 0a a2 00
INFO - 20 e9 88 3c 00 0a ba 00
INFO - 20 ee c8 3c 00 0b 1b 00
INFO - 20 f0 08 3c 00 0a ae 00
INFO - 20 f3 48 3c 00 0a c9 00
INFO - 20 f7 88 3c 00 0b 06 00
INFO - 20 f8 c8 3c 00 0a 95 00
INFO - 20 fc 08 3c 00 0b 09 00
INFO - 20 ff 48 3c 00 0a ae 00
INFO - 21 01 88 3c 00 0a b2 00
INFO - 21 03 c8 3c 00 0a be 00
INFO - 21 06 08 3c 00 0a bb 00
INFO - 21 09 48 3c 00 0a ca 00
INFO - 21 0b 88 3c 00 0a b3 00
INFO - 21 0e c8 3c 00 0a d6 00
INFO - 21 11 08 3c 00 0a be 00
INFO - 21 13 48 3c 00 0a b0 00
INFO - 21 15 88 3c 00 0a b3 00
INFO - 21 18 c8 3c 00 0a cb 00
INFO - 21 1a 08 3c 00 0a 8b 00
INFO - 21 1c 48 3c 00 0a a5 00
INFO - 21 1f 88 3c 00 0a d7 00
INFO - 21 21 c8 3c 00 0a 8e 00
INFO - 21 23 08 3c 00 0a bd 00
INFO - 21 26 48 3c 00 0a c1 00
INFO - 21 29 88 3c 00 0a be 00
INFO - 21 2b c8 3c 00 0a b5 00
INFO - 21 2d 08 3c 00 0a be 00
INFO - 21 30 48 3c 00 0a b5 00
INFO - 21 33 88 3c 00 0a cc 00
INFO - 21 35 c8 3c 00 0a b5 00
INFO - 21 38 08 3c 00 0a c1 00
INFO - 21 3b 48 3c 00 0a da 00
INFO - 21 3e 88 3c 00 0a e7 00
INFO - 21 40 c8 3c 00 0a 98 00
INFO - 21 44 08 3c 00 0b 01 00
INFO - 21 46 48 3c 00 0a b5 00
INFO - 21 48 88 3c 00 0a a7 00
INFO - 21 4c c8 3c 00 0a e7 00
INFO - 21 4f 08 3c 00 0a e6 00
INFO - 21 52 48 3c 00 0a ce 00
INFO - 21 54 88 3c 00 0a 98 00
INFO - 21 57 c8 3c 00 0a 8e 00
INFO - 21 58 08 3c 00 0a 98 00
INFO - 21 5c 48 3c 00 0a db 00
INFO - 21 5d 88 3c 00 0a 9a 00
INFO - 21 61 c8 3c 00 0a f3 00
INFO - 21 63 08 3c 00 0a 98 00
INFO - 21 65 48 3c 00 0a a7 00
INFO - 21 67 88 3c 00 0a b4 00
INFO - 21 69 c8 3c 00 0a 8b 00
INFO - 21 6c 08 3c 00 0a da 00
INFO - 21 6e 48 3c 00 0a 99 00
INFO - 21 70 88 3c 00 0a c2 00
INFO - 21 72 c8 3c 00 0a 9a 00
INFO - 21 75 08 3c 00 0a ce 00
INFO - 21 77 48 3c 00 0a a6 00
INFO - 21 79 88 3c 00 0a a6 00
INFO - 21 7c c8 3c 00 0a c2 00
INFO - 21 7f 08 3c 00 0a f3 00
INFO - 21 82 48 3c 00 0a c2 00
INFO - 21 85 88 3c 00 0a f5 00
INFO - 21 88 c8 3c 00 0a b4 00
INFO - 21 8b 08 3c 00 0a e8 00
INFO - 21 91 48 3c 00 0b 76 00
INFO - 21 93 88 3c 00 0a a8 00
INFO - 21 96 c8 3c 00 0a c0 00
INFO - 21 98 08 3c 00 0a a8 00
INFO - 21 9a 48 3c 00 0a 9a 00
INFO - 21 a0 88 3c 00 0b 6b 00
INFO - 21 a3 c8 3c 00 0a c2 00
INFO - 21 a5 08 3c 00 0a d0 00
INFO - 21 a8 48 3c 00 0a b5 00
INFO - 21 aa 88 3c 00 0a b5 00
INFO - 21 ac c8 3c 00 0a 8e 00
INFO - 21 ae 08 3c 00 0a c2 00
INFO - 21 b1 48 3c 00 0a c1 00
INFO - 21 b4 88 3c 00 0a cd 00
INFO - 21 b6 c8 3c 00 0a b5 00
INFO - 21 b9 08 3c 00 0a d0 00
INFO - 21 bc 48 3c 00 0a ce 00
INFO - 21 bf 88 3c 00 0a e8 00
INFO - 21 c1 c8 3c 00 0a 6e 00
INFO - 21 c4 08 3c 00 0a db 00
INFO - 21 c6 48 3c 00 0a a5 00
INFO - 21 ca 88 3c 00 0a ea 00
INFO - 21 cc c8 3c 00 0a b4 00
INFO - 21 ce 08 3c 00 0a b4 00
INFO - 21 d1 48 3c 00 0a bf 00
INFO - 21 d4 88 3c 00 0a dd 00
INFO - 21 d7 c8 3c 00 0a be 00
INFO - 21 da 08 3c 00 0a dd 00
INFO - 21 dd 48 3c 00 0a da 00
INFO - 21 e0 88 3c 00 0a e5 00
INFO - 21 e2 c8 3c 00 0a 9b 00
INFO - 21 e4 08 3c 00 0a b3 00
INFO - 21 e6 48 3c 00 0a 97 00
INFO - 21 e9 88 3c 00 0a b5 00
INFO - 21 eb c8 3c 00 0a b1 00
INFO - 21 ee 08 3c 00 0a dc 00
INFO - 21 f0 48 3c 00 0a a6 00
INFO - 21 f3 88 3c 00 0a e6 00
INFO - 21 f7 c8 3c 00 0a e6 00
INFO - 21 f9 08 3c 00 0a b4 00
INFO - 21 fd 48 3c 00 0b 01 00
INFO - 22 01 88 3c 00 0a f2 00
INFO - 22 02 c8 3c 00 0a 8f 00
INFO - 22 05 08 3c 00 0a cc 00
INFO - 22 08 48 3c 00 0a d0 00
INFO - 22 09 88 3c 00 0a 8d 00
INFO - 22 0d c8 3c 00 0a db 00
INFO - 22 0f 08 3c 00 0a cc 00
INFO - 22 13 48 3c 00 0a db 00
INFO - 22 15 88 3c 00 0a b7 00
INFO - 22 18 c8 3c 00 0a db 00
INFO - 22 1b 08 3c 00 0a e9 00
INFO - 22 1e 48 3c 00 0a a8 00
INFO - 22 21 88 3c 00 0a 95 00
INFO - 22 24 c8 3c 00 0a bf 00
INFO - 22 26 08 3c 00 0a ce 00
INFO - 22 2b 48 3c 00 0a b0 00
INFO - 22 2f 88 3c 00 0a e9 00
INFO - 22 31 c8 3c 00 0a c2 00
INFO - 22 35 08 3c 00 0a ea 00
INFO - 22 37 48 3c 00 0a b6 00
INFO - 22 39 88 3c 00 0a b3 00
INFO - 22 3d c8 3c 00 0a dd 00
INFO - 22 40 08 3c 00 0a ed 00
INFO - 22 43 48 3c 00 0a ea 00
INFO - 22 46 88 3c 00 0a ce 00
INFO - 22 48 c8 3c 00 0a 9b 00
INFO - 22 4c 08 3c 00 0a ec 00
INFO - 22 4e 48 3c 00 0a a6 00
INFO - 22 50 88 3c 00 0a aa 00
INFO - 22 53 c8 3c 00 0a ea 00
INFO - 22 56 08 3c 00 0a c3 00
INFO - 22 59 48 3c 00 0a cf 00
INFO - 22 5b 88 3c 00 0a c0 00
INFO - 22 60 c8 3c 00 0b 13 00
INFO - 22 62 08 3c 00 0a c0 00
INFO - 22 65 48 3c 00 0a b7 00
INFO - 22 68 88 3c 00 0a e7 00
INFO - 22 6b c8 3c 00 0a c4 00
INFO - 22 6c 08 3c 00 0a 8e 00
INFO - 22 6f 48 3c 00 0a ce 00
INFO - 22 72 88 3c 00 0a c2 00
INFO - 22 74 c8 3c 00 0a c2 00
INFO - 22 77 08 3c 00 0a b5 00
INFO - 22 7a 48 3c 00 0a dc 00
INFO - 22 7b 88 3c 00 0a 8b 00
INFO - 22 7e c8 3c 00 0a cf 00
INFO - 22 81 08 3c 00 0a 7c 00
INFO - 22 83 48 3c 00 0a b6 00
INFO - 22 85 88 3c 00 0a b5 00
INFO - 22 88 c8 3c 00 0a b3 00
INFO - 22 8b 08 3c 00 0a df 00
INFO - 22 8d 48 3c 00 0a 9a 00
INFO - 22 90 88 3c 00 0a d2 00
INFO - 22 93 c8 3c 00 0a f8 00
INFO - 22 97 08 3c 00 0a dd 00
INFO - 22 99 48 3c 00 0a c3 00
INFO - 22 9c 88 3c 00 0a ce 00
INFO - 22 9f c8 3c 00 0a c5 00
INFO - 22 a1 08 3c 00 0a a7 00
INFO - 22 a4 48 3c 00 0a ec 00
INFO - 22 a6 88 3c 00 0a a6 00
INFO - 22 a9 c8 3c 00 0a c5 00
INFO - 22 ac 08 3c 00 0a da 00
INFO - 22 af 48 3c 00 0a b7 00
INFO - 22 b1 88 3c 00 0a b5 00
INFO - 22 b4 c8 3c 00 0a e9 00
INFO - 22 b6 08 3c 00 0a 9b 00
INFO - 22 ba 48 3c 00 0a e6 00
INFO - 22 bb 88 3c 00 0a 9e 00
INFO - 22 be c8 3c 00 0a b4 00
INFO - 22 c1 08 3c 00 0a f5 00
INFO - 22 c4 48 3c 00 0a a8 00
INFO - 22 c5 88 3c 00 0a 98 00
INFO - 22 c8 c8 3c 00 0a cf 00
INFO - 22 cb 08 3c 00 0a cb 00
INFO - 22 cf 48 3c 00 0a f6 00
INFO - 22 d1 88 3c 00 0a b1 00
INFO - 22 d3 c8 3c 00 0a 7b 00
INFO - 22 d5 08 3c 00 0a a4 00
INFO - 22 d9 48 3c 00 0a e8 00
INFO - 22 db 88 3c 00 0a b0 00
INFO - 22 e0 c8 3c 00 0b 27 00
INFO - 22 e3 08 3c 00 0a d7 00
INFO - 22 e4 48 3c 00 0a 8c 00
INFO - 22 e7 88 3c 00 0a dc 00
INFO - 22 ea c8 3c 00 0a b1 00
INFO - 22 ec 08 3c 00 0a a8 00
INFO - 22 f0 48 3c 00 0a fd 00
INFO - 22 f2 88 3c 00 0a c3 00
INFO - 22 f4 c8 3c 00 0a a7 00
INFO - 22 f7 08 3c 00 0a b0 00
INFO - 22 f9 48 3c 00 0a cd 00
INFO - 22 fe 88 3c 00 0b 11 00
INFO - 23 00 c8 3c 00 0a be 00
INFO - 23 02 08 3c 00 0a aa 00
INFO - 23 05 48 3c 00 0a be 00
INFO - 23 08 88 3c 00 0a d2 00
INFO - 23 0a c8 3c 00 0a 9a 00
INFO - 23 0d 08 3c 00 0a d8 00
INFO - 23 11 48 3c 00 0b 02 00
INFO - 23 13 88 3c 00 0a b9 00
INFO - 23 16 c8 3c 00 0a be 00
INFO - 23 18 08 3c 00 0a ad 00
INFO - 23 1a 48 3c 00 0a a7 00
INFO - 23 1e 88 3c 00 0a e2 00
INFO - 23 21 c8 3c 00 0a dc 00
INFO - 23 22 08 3c 00 0a 8f 00
INFO - 23 25 48 3c 00 0a be 00
INFO - 23 29 88 3c 00 0a f0 00
INFO - 23 2c c8 3c 00 0a dd 00
INFO - 23 2e 08 3c 00 0a c2 00
INFO - 23 31 48 3c 00 0a c3 00
INFO - 23 33 88 3c 00 0a a5 00
INFO - 23 36 c8 3c 00 0a d5 00
INFO - 23 38 08 3c 00 0a 9d 00
INFO - 23 3a 48 3c 00 0a b0 00
INFO - 23 3d 88 3c 00 0a d1 00
INFO - 23 3f c8 3c 00 0a b0 00
INFO - 23 43 08 3c 00 0a f2 00
INFO - 23 45 48 3c 00 0a a3 00
INFO - 23 48 88 3c 00 0a d8 00
INFO - 23 4a c8 3c 00 0a be 00
INFO - 23 4d 08 3c 00 0a cb 00
INFO - 23 51 48 3c 00 0a e4 00
INFO - 23 53 88 3c 00 0a 72 00
INFO - 23 55 c8 3c 00 0a ca 00
INFO - 23 59 08 3c 00 0a ed 00
INFO - 23 5c 48 3c 00 0a d9 00
INFO - 23 5e 88 3c 00 0a bd 00
INFO - 23 62 c8 3c 00 0a da 00
INFO - 23 65 08 3c 00 0a e2 00
INFO - 23 67 48 3c 00 0a bb 00
INFO - 23 6a 88 3c 00 0a c6 00
INFO - 23 6d c8 3c 00 0a bb 00
INFO - 23 6f 08 3c 00 0a bf 00
INFO - 23 72 48 3c 00 0a da 00
INFO - 23 75 88 3c 00 0a be 00
INFO - 23 77 c8 3c 00 0a c6 00
INFO - 23 7a 08 3c 00 0a d4 00
INFO - 23 7d 48 3c 00 0a c7 00
INFO - 23 7f 88 3c 00 0a 9d 00
INFO - 23 81 c8 3c 00 0a a5 00
INFO - 23 83 08 3c 00 0a b1 00
INFO - 23 86 48 3c 00 0a b2 00
INFO - 23 88 88 3c 00 0a b1 00
INFO - 23 8a c8 3c 00 0a b9 00
INFO - 23 8d 08 3c 00 0a d4 00
INFO - 23 92 48 3c 00 0b 25 00
INFO - 23 95 88 3c 00 0a d1 00
INFO - 23 98 c8 3c 00 0a d4 00
INFO - 23 9c 08 3c 00 0b 01 00
INFO - 23 9f 48 3c 00 0a ce 00
INFO - 23 a1 88 3c 00 0a be 00
INFO - 23 a5 c8 3c 00 0a f3 00
INFO - 23 a9 08 3c 00 0b 16 00
INFO - 23 ac 48 3c 00 0a e3 00
INFO - 23 b0 88 3c 00 0a da 00
INFO - 23 b3 c8 3c 00 0a d8 00
INFO - 23 b5 08 3c 00 0a a3 00
INFO - 23 b8 48 3c 00 0a ec 00
INFO - 23 ba 88 3c 00 0a 9c 00
INFO - 23 bc c8 3c 00 0a a3 00
INFO - 23 be 08 3c 00 0a 7f 00
INFO - 23 c0 48 3c 00 0a a3 00
INFO - 23 c3 88 3c 00 0a af 00
INFO - 23 c5 c8 3c 00 0a ca 00
INFO - 23 c8 08 3c 00 0a d9 00
INFO - 23 ca 48 3c 00 0a 9b 00
INFO - 23 cd 88 3c 00 0a af 00
INFO - 23 cf c8 3c 00 0a be 00
INFO - 23 d2 08 3c 00 0a bb 00
INFO - 23 d5 48 3c 00 0a e2 00
INFO - 23 d8 88 3c 00 0a ee 00
INFO - 23 db c8 3c 00 0a aa 00
INFO - 23 dd 08 3c 00 0a c3 00
INFO - 23 e0 48 3c 00 0a c3 00
INFO - 23 e3 88 3c 00 0a d7 00
INFO - 23 e6 c8 3c 00 0a de 00
INFO - 23 ea 08 3c 00 0b 00 00
INFO - 23 ec 48 3c 00 0a b0 00
INFO - 23 ef 88 3c 00 0a bb 00
INFO - 23 f1 c8 3c 00 0a ab 00
INFO - 23 f3 08 3c 00 0a b7 00
INFO - 23 f5 48 3c 00 0a af 00
INFO - 23 f9 88 3c 00 0a da 00
INFO - 23 fb c8 3c 00 0a bd 00
INFO - 23 fe 08 3c 00 0a be 00
INFO - 24 01 48 3c 00 0a e5 00
INFO - 24 04 88 3c 00 0a c1 00
INFO - 24 05 c8 3c 00 0a 95 00
INFO - 24 08 08 3c 00 0a da 00
INFO - 24 0b 48 3c 00 0a ab 00
INFO - 24 0e 88 3c 00 0a bd 00
INFO - 24 11 c8 3c 00 0a d9 00
INFO - 24 14 08 3c 00 0a da 00
INFO - 24 17 48 3c 00 0a e0 00
INFO - 24 1b 88 3c 00 0a ec 00
INFO - 24 1e c8 3c 00 0a e2 00
INFO - 24 21 08 3c 00 0a e0 00
INFO - 24 25 48 3c 00 0a a3 00
INFO - 24 28 88 3c 00 0a c5 00
INFO - 24 2a c8 3c 00 0a a5 00
INFO - 24 2e 08 3c 00 0a e8 00
INFO - 24 2f 48 3c 00 0a 88 00
INFO - 24 33 88 3c 00 0b 08 00
INFO - 24 35 c8 3c 00 0a b3 00
INFO - 24 39 08 3c 00 0a e0 00
INFO - 24 3a 48 3c 00 0a 8b 00
INFO - 24 3d 88 3c 00 0a bf 00
INFO - 24 3e c8 3c 00 0a 6c 00
INFO - 24 41 08 3c 00 0a c0 00
INFO - 24 44 48 3c 00 0a be 00
INFO - 24 46 88 3c 00 0a c1 00
INFO - 24 48 c8 3c 00 0a aa 00
INFO - 24 4b 08 3c 00 0a b2 00
INFO - 24 4e 48 3c 00 0a fb 00
INFO - 24 51 88 3c 00 0a b4 00
INFO - 24 54 c8 3c 00 0a d9 00
INFO - 24 57 08 3c 00 0a e7 00
INFO - 24 5a 48 3c 00 0a bf 00
INFO - 24 5d 88 3c 00 0a fa 00
INFO - 24 65 c8 3c 00 0b bb 00
INFO - 24 67 08 3c 00 0a b2 00
INFO - 24 6b 48 3c 00 0a d8 00
INFO - 24 6d 88 3c 00 0a bd 00
INFO - 24 6f c8 3c 00 0a a4 00
INFO - 24 73 08 3c 00 0a ed 00
INFO - 24 75 48 3c 00 0a c4 00
INFO - 24 78 88 3c 00 0a c2 00
INFO - 24 7a c8 3c 00 0a b0 00
INFO - 24 7d 08 3c 00 0a d8 00
INFO - 24 7f 48 3c 00 0a 97 00
INFO - 24 82 88 3c 00 0a c7 00
INFO - 24 84 c8 3c 00 0a ba 00
INFO - 24 88 08 3c 00 0b 18 00
INFO - 24 8a 48 3c 00 0a a2 00
INFO - 24 8d 88 3c 00 0a bd 00
INFO - 24 8f c8 3c 00 0a ad 00
INFO - 24 92 08 3c 00 0a bd 00
INFO - 24 94 48 3c 00 0a 7a 00
INFO - 24 97 88 3c 00 0a bb 00
INFO - 24 99 c8 3c 00 0a b8 00
INFO - 24 9d 08 3c 00 0a f9 00
INFO - 24 9f 48 3c 00 0a bb 00
INFO - 24 a3 88 3c 00 0a f0 00
INFO - 24 a5 c8 3c 00 0a af 00
INFO - 24 a8 08 3c 00 0a d5 00
INFO - 24 ab 48 3c 00 0a c7 00
INFO - 24 ae 88 3c 00 0a d6 00
INFO - 24 b0 c8 3c 00 0a bc 00
INFO - 24 b3 08 3c 00 0a bb 00
INFO - 24 b5 48 3c 00 0a b5 00
INFO - 24 b9 88 3c 00 0a f8 00
INFO - 24 bb c8 3c 00 0a a0 00
INFO - 24 be 08 3c 00 0a ee 00
INFO - 24 c2 48 3c 00 0a d9 00
INFO - 24 c4 88 3c 00 0a a7 00
INFO - 24 c6 c8 3c 00 0a bd 00
INFO - 24 c8 08 3c 00 0a ae 00
INFO - 24 cc 48 3c 00 0b 05 00
INFO - 24 cf 88 3c 00 0a c4 00
INFO - 24 d3 c8 3c 00 0a ff 00
INFO - 24 d5 08 3c 00 0a b4 00
INFO - 24 d8 48 3c 00 0a b8 00
INFO - 24 da 88 3c 00 0a b8 00
INFO - 24 dd c8 3c 00 0a d0 00
INFO - 24 df 08 3c 00 0a a4 00
INFO - 24 e2 48 3c 00 0a d7 00
INFO - 24 e4 88 3c 00 0a aa 00
INFO - 24 e7 c8 3c 00 0a dd 00
INFO - 24 eb 08 3c 00 0a e4 00
INFO - 24 ee 48 3c 00 0a f2 00
INFO - 24 f1 88 3c 00 0a 88 00
INFO - 24 f4 c8 3c 00 0a be 00
INFO - 24 f7 08 3c 00 0a e4 00
INFO - 24 f9 48 3c 00 0a a3 00
INFO - 24 fb 88 3c 00 0a 9c 00
INFO - 24 fe c8 3c 00 0a df 00
INFO - 25 00 08 3c 00 0a b8 00
INFO - 25 03 48 3c 00 0a c4 00
INFO - 25 07 88 3c 00 0b 19 00
INFO - 25 09 c8 3c 00 0a a2 00
INFO - 25 0d 08 3c 00 0a e9 00
INFO - 25 10 48 3c 00 0a e1 00
INFO - 25 12 88 3c 00 0a ae 00
INFO - 25 16 c8 3c 00 0a ff 00
INFO - 25 19 08 3c 00 0a d1 00
INFO - 25 1c 48 3c 00 0a c5 00
INFO - 25 1e 88 3c 00 0a bc 00
INFO - 25 22 c8 3c 00 0a e6 00
INFO - 25 24 08 3c 00 0a b0 00
INFO - 25 27 48 3c 00 0a ec 00
INFO - 25 2a 88 3c 00 0a c9 00
INFO - 25 2d c8 3c 00 0a c4 00
INFO - 25 2f 08 3c 00 0a c4 00
INFO - 25 32 48 3c 00 0a c5 00
INFO - 25 34 88 3c 00 0a b0 00
INFO - 25 38 c8 3c 00 0a ec 00
INFO - 25 3b 08 3c 00 0a f2 00
INFO - 25 3d 48 3c 00 0a 98 00
INFO - 25 40 88 3c 00 0a e3 00
INFO - 25 44 c8 3c 00 0a e7 00
INFO - 25 46 08 3c 00 0a bc 00
INFO - 25 49 48 3c 00 0a c6 00
INFO - 25 4b 88 3c 00 0a b7 00
INFO - 25 4d c8 3c 00 0a 99 00
INFO - 25 51 08 3c 00 0b 13 00
INFO - 25 54 48 3c 00 0a c8 00
INFO - 25 57 88 3c 00 0a b8 00
INFO - 25 59 c8 3c 00 0a a5 00
INFO - 25 5b 08 3c 00 0a c8 00
INFO - 25 5d 48 3c 00 0a a6 00
INFO - 25 60 88 3c 00 0a 84 00
INFO - 25 63 c8 3c 00 0a c4 00
INFO - 25 65 08 3c 00 0a aa 00
INFO - 25 68 48 3c 00 0a bf 00
INFO - 25 6b 88 3c 00 0a e1 00
INFO - 25 6d c8 3c 00 0a a6 00
INFO - 25 70 08 3c 00 0a e1 00
INFO - 25 75 48 3c 00 0b 1e 00
INFO - 25 77 88 3c 00 0a b3 00
INFO - 25 79 c8 3c 00 0a 9e 00
INFO - 25 7b 08 3c 00 0a a8 00
INFO - 25 7e 48 3c 00 0a cd 00
INFO - 25 81 88 3c 00 0a d2 00
INFO - 25 83 c8 3c 00 0a c3 00
INFO - 25 85 08 3c 00 0a 9c 00
INFO - 25 88 48 3c 00 0a b3 00
INFO - 25 89 88 3c 00 0a 9e 00
INFO - 25 8c c8 3c 00 0a b5 00
INFO - 25 8e 08 3c 00 0a a6 00
INFO - 25 91 48 3c 00 0a c5 00
INFO - 25 92 88 3c 00 0a 9c 00
INFO - 25 94 c8 3c 00 0a a6 00
INFO - 25 97 08 3c 00 0a c3 00
INFO - 25 99 48 3c 00 0a 9f 00
INFO - 25 9b 88 3c 00 0a a9 00
INFO - 25 9d c8 3c 00 0a 9a 00
INFO - 25 9f 08 3c 00 0a ac 00
INFO - 25 a4 48 3c 00 0b 1d 00
INFO - 25 a7 88 3c 00 0a fa 00
INFO - 25 a9 c8 3c 00 0a a8 00
INFO - 25 ad 08 3c 00 0a e1 00
INFO - 25 b2 48 3c 00 0b 3a 00
INFO - 25 b6 88 3c 00 0b 06 00
INFO - 25 b8 c8 3c 00 0a 9e 00
INFO - 25 ba 08 3c 00 0a c2 00
INFO - 25 bd 48 3c 00 0a c5 00
INFO - 25 c0 88 3c 00 0a 98 00
INFO - 25 c4 c8 3c 00 0a f7 00
INFO - 25 c7 08 3c 00 0a ba 00
INFO - 25 c9 48 3c 00 0a c4 00
INFO - 25 cc 88 3c 00 0a d2 00
INFO - 25 cf c8 3c 00 0a b6 00
INFO - 25 d2 08 3c 00 0a d2 00
INFO - 25 d4 48 3c 00 0a ad 00
INFO - 25 d7 88 3c 00 0a eb 00
INFO - 25 da c8 3c 00 0a ba 00
INFO - 25 dd 08 3c 00 0a d3 00
INFO - 25 e0 48 3c 00 0a e0 00
INFO - 25 e2 88 3c 00 0a b6 00
INFO - 25 e5 c8 3c 00 0a e2 00
INFO - 25 e8 08 3c 00 0a b6 00
INFO - 25 eb 48 3c 00 0a c7 00
INFO - 25 ed 88 3c 00 0a d1 00
INFO - 25 f1 c8 3c 00 0a e3 00
INFO - 25 f3 08 3c 00 0a b9 00
INFO - 25 f7 48 3c 00 0a ee 00
INFO - 25 f9 88 3c 00 0a b9 00
INFO - 25 fd c8 3c 00 0a fb 00
INFO - 25 ff 08 3c 00 0a bb 00
INFO - 26 02 48 3c 00 0a c7 00
INFO - 26 04 88 3c 00 0a aa 00
INFO - 26 08 c8 3c 00 0a f0 00
INFO - 26 0b 08 3c 00 0a c9 00
INFO - 26 0e 48 3c 00 0a f0 00
INFO - 26 11 88 3c 00 0a e1 00
INFO - 26 14 c8 3c 00 0a bc 00
INFO - 26 17 08 3c 00 0a d4 00
INFO - 26 19 48 3c 00 0a bc 00
INFO - 26 1c 88 3c 00 0a c9 00
INFO - 26 1f c8 3c 00 0a c8 00
INFO - 26 23 08 3c 00 0a 9f 00
INFO - 26 25 48 3c 00 0a bd 00
INFO - 26 28 88 3c 00 0a e3 00
INFO - 26 2b c8 3c 00 0a ca 00
INFO - 26 2e 08 3c 00 0a c7 00
INFO - 26 31 48 3c 00 0a cb 00
INFO - 26 33 88 3c 00 0a bc 00
INFO - 26 35 c8 3c 00 0a 9f 00
INFO - 26 39 08 3c 00 0b 00 00
INFO - 26 3d 48 3c 00 0b 00 00
INFO - 26 3f 88 3c 00 0a 93 00
INFO - 26 43 c8 3c 00 0b 1c 00
INFO - 26 45 08 3c 00 0a b0 00
INFO - 26 48 48 3c 00 0a d7 00
INFO - 26 4b 88 3c 00 0a bb 00
INFO - 26 4e c8 3c 00 0a e8 00
INFO - 26 51 08 3c 00 0a ca 00
INFO - 26 54 48 3c 00 0a bb 00
INFO - 26 56 88 3c 00 0a bf 00
INFO - 26 59 c8 3c 00 0a d6 00
INFO - 26 5b 08 3c 00 0a 93 00
INFO - 26 5f 48 3c 00 0b 10 00
INFO - 26 62 88 3c 00 0a bf 00
INFO - 26 64 c8 3c 00 0a ae 00
INFO - 26 67 08 3c 00 0a cd 00
INFO - 26 69 48 3c 00 0a ae 00
INFO - 26 6c 88 3c 00 0a cd 00
INFO - 26 70 c8 3c 00 0b 00 00
INFO - 26 72 08 3c 00 0a ba 00
INFO - 26 75 48 3c 00 0a e4 00
INFO - 26 78 88 3c 00 0a b2 00
INFO - 26 7b c8 3c 00 0a ca 00
INFO - 26 7e 08 3c 00 0a 94 00
INFO - 26 82 48 3c 00 0a f3 00
INFO - 26 84 88 3c 00 0a cd 00
INFO - 26 87 c8 3c 00 0a ca 00
INFO - 26 8b 08 3c 00 0a e7 00
INFO - 26 8d 48 3c 00 0a bd 00
INFO - 26 90 88 3c 00 0a bc 00
INFO - 26 93 c8 3c 00 0a e8 00
INFO - 26 96 08 3c 00 0a c9 00
INFO - 26 9a 48 3c 00 0b 04 00
INFO - 26 9d 88 3c 00 0a d7 00
INFO - 26 a0 c8 3c 00 0a e7 00
INFO - 26 a3 08 3c 00 0a c7 00
INFO - 26 a5 48 3c 00 0a bc 00
INFO - 26 a9 88 3c 00 0a da 00
INFO - 26 ab c8 3c 00 0a cb 00
INFO - 26 ae 08 3c 00 0a cb 00
INFO - 26 b2 48 3c 00 0a e7 00
INFO - 26 b6 88 3c 00 0b 1e 00
INFO - 26 ba c8 3c 00 0a f5 00
INFO - 26 bd 08 3c 00 0a db 00
INFO - 26 c1 48 3c 00 0b 11 00
INFO - 26 c5 88 3c 00 0a f4 00
INFO - 26 c7 c8 3c 00 0a b0 00
INFO - 26 c9 08 3c 00 0a b1 00
INFO - 26 cc 48 3c 00 0a da 00
INFO - 26 cf 88 3c 00 0a bf 00
INFO - 26 d2 c8 3c 00 0a cc 00
INFO - 26 d4 08 3c 00 0a bd 00
INFO - 26 d7 48 3c 00 0a bf 00
INFO - 26 d9 88 3c 00 0a 7c 00
INFO - 26 dc c8 3c 00 0a db 00
INFO - 26 de 08 3c 00 0a a1 00
INFO - 26 e0 48 3c 00 0a b1 00
INFO - 26 e3 88 3c 00 0a bd 00
INFO - 26 e4 c8 3c 00 0a 93 00
INFO - 26 e8 08 3c 00 0a e8 00
INFO - 26 ea 48 3c 00 0a a2 00
INFO - 26 ed 88 3c 00 0a f4 00
INFO - 26 f2 c8 3c 00 0b 10 00
INFO - 26 f3 08 3c 00 0a 94 00
INFO - 26 f6 48 3c 00 0a af 00
INFO - 26 f8 88 3c 00 0a af 00
INFO - 26 fa c8 3c 00 0a af 00
INFO - 26 fd 08 3c 00 0a e7 00
INFO - 27 00 48 3c 00 0a ae 00
INFO - 27 02 88 3c 00 0a be 00
INFO - 27 04 c8 3c 00 0a a0 00
INFO - 27 06 08 3c 00 0a a9 00
INFO - 27 09 48 3c 00 0a 9e 00
INFO - 27 0b 88 3c 00 0a bb 00
INFO - 27 0f c8 3c 00 0a f5 00
INFO - 27 11 08 3c 00 0a a0 00
INFO - 27 13 48 3c 00 0a b0 00
INFO - 27 15 88 3c 00 0a ad 00
INFO - 27 17 c8 3c 00 0a a3 00
INFO - 27 1a 08 3c 00 0a c9 00
INFO - 27 1c 48 3c 00 0a af 00
INFO - 27 1f 88 3c 00 0a d8 00
INFO - 27 22 c8 3c 00 0a e7 00
INFO - 27 25 08 3c 00 0a d6 00
INFO - 27 2a 48 3c 00 0b 38 00
INFO - 27 34 88 3c 00 0b fe 00
INFO - 27 37 c8 3c 00 0a c8 00
INFO - 27 39 08 3c 00 0a a3 00
INFO - 27 3c 48 3c 00 0a b9 00
INFO - 27 3d 88 3c 00 0a 85 00
INFO - 27 41 c8 3c 00 0b 01 00
INFO - 27 44 08 3c 00 0a d7 00
INFO - 27 46 48 3c 00 0a b1 00
INFO - 27 48 88 3c 00 0a ac 00
INFO - 27 4b c8 3c 00 0a d7 00
INFO - 27 4e 08 3c 00 0a ca 00
INFO - 27 51 48 3c 00 0a be 00
INFO - 27 54 88 3c 00 0a e6 00
INFO - 27 57 c8 3c 00 0a d6 00
INFO - 27 59 08 3c 00 0a b0 00
INFO - 27 5d 48 3c 00 0a f3 00
INFO - 27 60 88 3c 00 0a c7 00
INFO - 27 63 c8 3c 00 0a c9 00
INFO - 27 66 08 3c 00 0a e5 00
INFO - 27 68 48 3c 00 0a 93 00
INFO - 27 6b 88 3c 00 0a da 00
INFO - 27 6d c8 3c 00 0a c7 00
INFO - 27 6f 08 3c 00 0a a4 00
INFO - 27 73 48 3c 00 0a e2 00
INFO - 27 77 88 3c 00 0b 0f 00
INFO - 27 7a c8 3c 00 0a e8 00
INFO - 27 7d 08 3c 00 0a b9 00
INFO - 27 7f 48 3c 00 0a bf 00
INFO - 27 82 88 3c 00 0a ba 00
INFO - 27 84 c8 3c 00 0a b1 00
INFO - 27 87 08 3c 00 0a d5 00
INFO - 27 8a 48 3c 00 0a cd 00
INFO - 27 8d 88 3c 00 0a e3 00
INFO - 27 90 c8 3c 00 0a cc 00
INFO - 27 92 08 3c 00 0a b9 00
INFO - 27 95 48 3c 00 0a b1 00
INFO - 27 99 88 3c 00 0b 0f 00
INFO - 27 9b c8 3c 00 0a c6 00
INFO - 27 9e 08 3c 00 0a cd 00
INFO - 27 a1 48 3c 00 0a b9 00
INFO - 27 a3 88 3c 00 0a af 00
INFO - 27 a6 c8 3c 00 0a d5 00
INFO - 27 a9 08 3c 00 0a cc 00
INFO - 27 ab 48 3c 00 0a 9c 00
INFO - 27 ad 88 3c 00 0a 93 00
INFO - 27 b0 c8 3c 00 0a e4 00
INFO - 27 b3 08 3c 00 0a f1 00
INFO - 27 b5 48 3c 00 0a 92 00
INFO - 27 b8 88 3c 00 0a be 00
INFO - 27 bb c8 3c 00 0a e0 00
INFO - 27 be 08 3c 00 0a f1 00
INFO - 27 c1 48 3c 00 0a ae 00
INFO - 27 c3 88 3c 00 0a a2 00
INFO - 27 c6 c8 3c 00 0a d5 00
INFO - 27 c8 08 3c 00 0a b7 00
INFO - 27 cb 48 3c 00 0a e6 00
INFO - 27 ce 88 3c 00 0a c5 00
INFO - 27 d2 c8 3c 00 0b 0e 00
INFO - 27 d5 08 3c 00 0a d4 00
INFO - 27 d7 48 3c 00 0a aa 00
INFO - 27 da 88 3c 00 0a c7 00
INFO - 27 dc c8 3c 00 0a bd 00
INFO - 27 df 08 3c 00 0a d5 00
INFO - 27 e2 48 3c 00 0a d1 00
INFO - 27 e5 88 3c 00 0a ca 00
INFO - 27 e8 c8 3c 00 0a c3 00
INFO - 27 eb 08 3c 00 0a e2 00
INFO - 27 ef 48 3c 00 0b 0d 00
INFO - 27 f2 88 3c 00 0a d1 00
INFO - 27 f5 c8 3c 00 0a d7 00
INFO - 27 f7 08 3c 00 0a a8 00
INFO - 27 fa 48 3c 00 0a bd 00
INFO - 27 fc 88 3c 00 0a c2 00
INFO - 27 ff c8 3c 00 0a d7 00
INFO - 28 02 08 3c 00 0a c4 00
INFO - 28 05 48 3c 00 0a 8a 00
INFO - 28 07 88 3c 00 0a ab 00
INFO - 28 0a c8 3c 00 0a bc 00
INFO - 28 0c 08 3c 00 0a c2 00
INFO - 28 0f 48 3c 00 0a b9 00
INFO - 28 11 88 3c 00 0a b8 00
INFO - 28 15 c8 3c 00 0a fe 00
INFO - 28 17 08 3c 00 0a 9e 00
INFO - 28 1b 48 3c 00 0a f8 00
INFO - 28 1d 88 3c 00 0a a0 00
INFO - 28 20 c8 3c 00 0a f7 00
INFO - 28 23 08 3c 00 0a bc 00
INFO - 28 26 48 3c 00 0a e0 00
INFO - 28 28 88 3c 00 0a a7 00
INFO - 28 2b c8 3c 00 0a e3 00
INFO - 28 2d 08 3c 00 0a a7 00
INFO - 28 30 48 3c 00 0a b8 00
INFO - 28 33 88 3c 00 0a d6 00
INFO - 28 35 c8 3c 00 0a c2 00
INFO - 28 38 08 3c 00 0a d5 00
INFO - 28 40 48 3c 00 0a c0 00
INFO - 28 42 88 3c 00 0a ad 00
INFO - 28 44 c8 3c 00 0a a7 00
INFO - 28 46 08 3c 00 0a b6 00
INFO - 28 48 48 3c 00 0a 93 00
INFO - 28 4a 88 3c 00 0a b4 00
INFO - 28 4d c8 3c 00 0a d6 00
INFO - 28 50 08 3c 00 0a c1 00
INFO - 28 53 48 3c 00 0a df 00
INFO - 28 57 88 3c 00 0b 18 00
INFO - 28 5a c8 3c 00 0a ce 00
INFO - 28 5d 08 3c 00 0a b8 00
INFO - 28 60 48 3c 00 0a ec 00
INFO - 28 63 88 3c 00 0a c4 00
INFO - 28 66 c8 3c 00 0a c4 00
INFO - 28 6a 08 3c 00 0b 06 00
INFO - 28 6c 48 3c 00 0a bb 00
INFO - 28 6e 88 3c 00 0a 99 00
INFO - 28 71 c8 3c 00 0a d6 00
INFO - 28 74 08 3c 00 0a dc 00
INFO - 28 76 48 3c 00 0a ad 00
INFO - 28 78 88 3c 00 0a a8 00
INFO - 28 7a c8 3c 00 0a ad 00
INFO - 28 7c 08 3c 00 0a 9a 00
INFO - 28 7e 48 3c 00 0a ab 00
INFO - 28 81 88 3c 00 0a ba 00
INFO - 28 83 c8 3c 00 0a a8 00
INFO - 28 85 08 3c 00 0a bb 00
INFO - 28 87 48 3c 00 0a 99 00
INFO - 28 89 88 3c 00 0a 90 00
INFO - 28 8d c8 3c 00 0a fa 00
INFO - 28 90 08 3c 00 0a e4 00
INFO - 28 92 48 3c 00 0a b4 00
INFO - 28 95 88 3c 00 0a c5 00
INFO - 28 9b c8 3c 00 0b 8b 00
INFO - 28 9e 08 3c 00 0a d3 00
INFO - 28 a2 48 3c 00 0a ed 00
INFO - 28 a5 88 3c 00 0a d2 00
INFO - 28 a8 c8 3c 00 0a b9 00
INFO - 28 aa 08 3c 00 0a a0 00
INFO - 28 ad 48 3c 00 0a dd 00
INFO - 28 b0 88 3c 00 0a d4 00
INFO - 28 b2 c8 3c 00 0a 9a 00
INFO - 28 b4 08 3c 00 0a c7 00
INFO - 28 b7 48 3c 00 0a b5 00
INFO - 28 b9 88 3c 00 0a a9 00
INFO - 28 bb c8 3c 00 0a b7 00
INFO - 28 be 08 3c 00 0a b8 00
INFO - 28 c1 48 3c 00 0a df 00
INFO - 28 c4 88 3c 00 0a d2 00
INFO - 28 c7 c8 3c 00 0a d1 00
INFO - 28 c9 08 3c 00 0a a9 00
INFO - 28 cb 48 3c 00 0a b7 00
INFO - 28 ce 88 3c 00 0a c4 00
INFO - 28 d1 c8 3c 00 0a d1 00
INFO - 28 d3 08 3c 00 0a aa 00
INFO - 28 d5 48 3c 00 0a c3 00
INFO - 28 d7 88 3c 00 0a 9c 00
INFO - 28 db c8 3c 00 0b 05 00
INFO - 28 de 08 3c 00 0a c3 00
INFO - 28 e1 48 3c 00 0a eb 00
INFO - 28 e4 88 3c 00 0a b7 00
INFO - 28 e6 c8 3c 00 0a a9 00
INFO - 28 e7 08 3c 00 0a 8d 00
INFO - 28 eb 48 3c 00 0b 04 00
INFO - 28 ee 88 3c 00 0a b7 00
INFO - 28 f0 c8 3c 00 0a c5 00
INFO - 28 f3 08 3c 00 0a c0 00
INFO - 28 f6 48 3c 00 0a ec 00
INFO - 28 f8 88 3c 00 0a 99 00
INFO - 28 fb c8 3c 00 0a c3 00
INFO - 28 fe 08 3c 00 0a dc 00
INFO - 29 01 48 3c 00 0a c5 00
INFO - 29 03 88 3c 00 0a b3 00
INFO - 29 06 c8 3c 00 0a d3 00
INFO - 29 08 08 3c 00 0a a5 00
INFO - 29 0b 48 3c 00 0a c3 00
INFO - 29 0d 88 3c 00 0a c2 00
INFO - 29 10 c8 3c 00 0a c6 00
INFO - 29 14 08 3c 00 0b 0d 00
INFO - 29 16 48 3c 00 0a b7 00
INFO - 29 19 88 3c 00 0a a6 00
INFO - 29 1b c8 3c 00 0a d2 00
INFO - 29 1d 08 3c 00 0a a5 00
INFO - 29 21 48 3c 00 0a e0 00
INFO - 29 23 88 3c 00 0a a6 00
INFO - 29 26 c8 3c 00 0a fa 00
INFO - 29 29 08 3c 00 0a a5 00
INFO - 29 2c 48 3c 00 0a eb 00
INFO - 29 2e 88 3c 00 0a b9 00
INFO - 29 31 c8 3c 00 0a b3 00
INFO - 29 34 08 3c 00 0a 8a 00
INFO - 29 35 48 3c 00 0a 8b 00
INFO - 29 38 88 3c 00 0a d4 00
INFO - 29 3b c8 3c 00 0a b3 00
INFO - 29 3d 08 3c 00 0a ad 00
INFO - 29 3f 48 3c 00 0a a6 00
INFO - 29 41 88 3c 00 0a ba 00
INFO - 29 44 c8 3c 00 0a ce 00
INFO - 29 46 08 3c 00 0a 92 00
INFO - 29 49 48 3c 00 0a dc 00
INFO - 29 4b 88 3c 00 0a ba 00
INFO - 29 4e c8 3c 00 0a ce 00
INFO - 29 51 08 3c 00 0a c5 00
INFO - 29 54 48 3c 00 0a cf 00
INFO - 29 56 88 3c 00 0a c7 00
INFO - 29 59 c8 3c 00 0a ce 00
INFO - 29 5d 08 3c 00 0a e1 00
INFO - 29 60 48 3c 00 0a db 00
INFO - 29 62 88 3c 00 0a b9 00
INFO - 29 65 c8 3c 00 0a e8 00
INFO - 29 69 08 3c 00 0a f8 00
INFO - 29 6c 48 3c 00 0a c4 00
INFO - 29 6f 88 3c 00 0a e0 00
INFO - 29 71 c8 3c 00 0a b3 00
INFO - 29 74 08 3c 00 0a b7 00
INFO - 29 78 48 3c 00 0b 05 00
INFO - 29 7b 88 3c 00 0a d0 00
INFO - 29 7d c8 3c 00 0a ab 00
INFO - 29 7f 08 3c 00 0a b3 00
INFO - 29 82 48 3c 00 0a b9 00
INFO - 29 84 88 3c 00 0a cd 00
INFO - 29 86 c8 3c 00 0a 9e 00
INFO - 29 89 08 3c 00 0a c1 00
INFO - 29 8b 48 3c 00 0a b8 00
INFO - 29 8e 88 3c 00 0a b3 00
INFO - 29 91 c8 3c 00 0a f8 00
INFO - 29 95 08 3c 00 0b 07 00
INFO - 29 98 48 3c 00 0a da 00
INFO - 29 9a 88 3c 00 0a 9e 00
INFO - 29 9c c8 3c 00 0a 9a 00
INFO - 29 9f 08 3c 00 0a d2 00
INFO - 29 a1 48 3c 00 0a a5 00
INFO - 29 a4 88 3c 00 0a c6 00
INFO - 29 a6 c8 3c 00 0a bf 00
INFO - 29 a9 08 3c 00 0a b5 00
INFO - 29 ac 48 3c 00 0a d0 00
INFO - 29 b0 88 3c 00 0b 07 00
INFO - 29 b2 c8 3c 00 0a a5 00
INFO - 29 b6 08 3c 00 0b 06 00
INFO - 29 b8 48 3c 00 0a cc 00
INFO - 29 ba 88 3c 00 0a 9d 00
INFO - 29 bc c8 3c 00 0a 99 00
INFO - 29 be 08 3c 00 0a b4 00
INFO - 29 c1 48 3c 00 0a aa 00
INFO - 29 c3 88 3c 00 0a be 00
INFO - 29 c5 c8 3c 00 0a 9d 00
INFO - 29 c9 08 3c 00 0b 18 00
INFO - 29 cd 48 3c 00 0a dd 00
INFO - 29 cf 88 3c 00 0a a4 00
INFO - 29 d1 c8 3c 00 0a a9 00
INFO - 29 d3 08 3c 00 0a b1 00
INFO - 29 d5 48 3c 00 0a 99 00
INFO - 29 d8 88 3c 00 0a d9 00
INFO - 29 da c8 3c 00 0a 9a 00
INFO - 29 dc 08 3c 00 0a c2 00
INFO - 29 de 48 3c 00 0a a3 00
INFO - 29 e0 88 3c 00 0a 6e 00
INFO - 29 e2 c8 3c 00 0a b0 00
INFO - 29 e5 08 3c 00 0a da 00
INFO - 29 e9 48 3c 00 0a fa 00
INFO - 29 ed 88 3c 00 0a e6 00
INFO - 29 ee c8 3c 00 0a 96 00
INFO - 29 f0 08 3c 00 0a a6 00
INFO - 29 f2 48 3c 00 0a 96 00
INFO - 29 f4 88 3c 00 0a b1 00
INFO - 29 f6 c8 3c 00 0a a4 00
INFO - 29 f9 08 3c 00 0a cc 00
INFO - 2a 00 48 3c 00 0b 8f 00
INFO - 2a 03 88 3c 00 0a c9 00
INFO - 2a 06 c8 3c 00 0a f7 00
INFO - 2a 09 08 3c 00 0a b1 00
INFO - 2a 0b 48 3c 00 0a ac 00
INFO - 2a 0d 88 3c 00 0a ae 00
INFO - 2a 0f c8 3c 00 0a b1 00
INFO - 2a 13 08 3c 00 0b 11 00
INFO - 2a 17 48 3c 00 0b 00 00
INFO - 2a 19 88 3c 00 0a 99 00
INFO - 2a 1b c8 3c 00 0a 9e 00
INFO - 2a 1e 08 3c 00 0a c9 00
INFO - 2a 1f 48 3c 00 0a 92 00
INFO - 2a 21 88 3c 00 0a 95 00
INFO - 2a 24 c8 3c 00 0a d2 00
INFO - 2a 25 08 3c 00 0a 88 00
INFO - 2a 28 48 3c 00 0a c8 00
INFO - 2a 2b 88 3c 00 0a ce 00
INFO - 2a 2d c8 3c 00 0a 96 00
INFO - 2a 2f 08 3c 00 0a b6 00
INFO - 2a 33 48 3c 00 0a f7 00
INFO - 2a 36 88 3c 00 0a d8 00
INFO - 2a 38 c8 3c 00 0a ae 00
INFO - 2a 3b 08 3c 00 0a c1 00
INFO - 2a 3d 48 3c 00 0a ad 00
INFO - 2a 40 88 3c 00 0a e4 00
INFO - 2a 43 c8 3c 00 0a d1 00
INFO - 2a 45 08 3c 00 0a b4 00
INFO - 2a 48 48 3c 00 0a d1 00
INFO - 2a 4b 88 3c 00 0a b5 00
INFO - 2a 4c c8 3c 00 0a 95 00
INFO - 2a 4f 08 3c 00 0a a9 00
INFO - 2a 51 48 3c 00 0a ab 00
INFO - 2a 53 88 3c 00 0a a3 00
INFO - 2a 55 c8 3c 00 0a cc 00
INFO - 2a 58 08 3c 00 0a b8 00
INFO - 2a 5a 48 3c 00 0a 96 00
INFO - 2a 5c 88 3c 00 0a c4 00
INFO - 2a 5e c8 3c 00 0a a9 00
INFO - 2a 61 08 3c 00 0a d0 00
INFO - 2a 64 48 3c 00 0a af 00
INFO - 2a 67 88 3c 00 0a fe 00
INFO - 2a 69 c8 3c 00 0a a2 00
INFO - 2a 6c 08 3c 00 0a d1 00
INFO - 2a 6e 48 3c 00 0a 9d 00
INFO - 2a 71 88 3c 00 0a b9 00
INFO - 2a 74 c8 3c 00 0a e0 00
INFO - 2a 76 08 3c 00 0a aa 00
INFO - 2a 78 48 3c 00 0a bc 00
INFO - 2a 7a 88 3c 00 0a 9e 00
INFO - 2a 7c c8 3c 00 0a a1 00
INFO - 2a 7e 08 3c 00 0a af 00
INFO - 2a 81 48 3c 00 0a ab 00
INFO - 2a 84 88 3c 00 0a 9b 00
INFO - 2a 86 c8 3c 00 0a ac 00
INFO - 2a 89 08 3c 00 0a bb 00
INFO - 2a 8b 48 3c 00 0a 92 00
INFO - 2a 8d 88 3c 00 0a d1 00
INFO - 2a 8f c8 3c 00 0a a2 00
INFO - 2a 93 08 3c 00 0a e8 00
INFO - 2a 94 48 3c 00 0a 92 00
INFO - 2a 97 88 3c 00 0a d1 00
INFO - 2a 9a c8 3c 00 0a ba 00
INFO - 2a 9c 08 3c 00 0a c1 00
INFO - 2a 9f 48 3c 00 0a af 00
INFO - 2a a5 88 3c 00 0b 1c 00
INFO - 2a a8 c8 3c 00 0a d0 00
INFO - 2a aa 08 3c 00 0a c4 00
INFO - 2a ac 48 3c 00 0a 94 00
INFO - 2a af 88 3c 00 0a d2 00
INFO - 2a b1 c8 3c 00 0a 6e 00
INFO - 2a b4 08 3c 00 0a d2 00
INFO - 2a b6 48 3c 00 0a a9 00
INFO - 2a b8 88 3c 00 0a bb 00
INFO - 2a ba c8 3c 00 0a a9 00
INFO - 2a bd 08 3c 00 0a d0 00
INFO - 2a bf 48 3c 00 0a ad 00
INFO - 2a c2 88 3c 00 0a a9 00
INFO - 2a c4 c8 3c 00 0a cf 00
INFO - 2a c7 08 3c 00 0a c2 00
INFO - 2a c9 48 3c 00 0a a2 00
INFO - 2a cc 88 3c 00 0a bf 00
INFO - 2a ce c8 3c 00 0a c6 00
INFO - 2a d1 08 3c 00 0a b3 00
INFO - 2a d2 48 3c 00 0a 96 00
INFO - 2a d5 88 3c 00 0a b3 00
INFO - 2a d7 c8 3c 00 0a 9f 00
INFO - 2a da 08 3c 00 0a f2 00
INFO - 2a dd 48 3c 00 0a ce 00
INFO - 2a df 88 3c 00 0a bd 00
INFO - 2a e2 c8 3c 00 0a a9 00
INFO - 2a e4 08 3c 00 0a c0 00
INFO - 2a e6 48 3c 00 0a aa 00
INFO - 2a e9 88 3c 00 0a b3 00
INFO - 2a eb c8 3c 00 0a a9 00
INFO - 2a ee 08 3c 00 0a d6 00
INFO - 2a ef 48 3c 00 0a 91 00
INFO - 2a f3 88 3c 00 0a e1 00
INFO - 2a f4 c8 3c 00 0a 90 00
INFO - 2a f6 08 3c 00 0a a8 00
INFO - 2a f9 48 3c 00 0a b3 00
INFO - 2a fc 88 3c 00 0a e0 00
INFO - 2a fd c8 3c 00 0a 90 00
INFO - 2b 00 08 3c 00 0a c9 00
INFO - 2b 03 48 3c 00 0a d4 00
INFO - 2b 05 88 3c 00 0a 90 00
INFO - 2b 08 c8 3c 00 0a d4 00
INFO - 2b 0b 08 3c 00 0a d3 00
INFO - 2b 0e 48 3c 00 0a f5 00
INFO - 2b 10 88 3c 00 0a 9a 00
INFO - 2b 12 c8 3c 00 0a 9a 00
INFO - 2b 14 08 3c 00 0a 9a 00
INFO - 2b 16 48 3c 00 0a a5 00
INFO - 2b 18 88 3c 00 0a 9a 00
INFO - 2b 1a c8 3c 00 0a c7 00
INFO - 2b 1c 08 3c 00 0a a5 00
INFO - 2b 1f 48 3c 00 0a bb 00
INFO - 2b 20 88 3c 00 0a 8d 00
INFO - 2b 23 c8 3c 00 0a ac 00
INFO - 2b 24 08 3c 00 0a 99 00
INFO - 2b 26 48 3c 00 0a 99 00
INFO - 2b 29 88 3c 00 0a ba 00
INFO - 2b 2a c8 3c 00 0a 8d 00
INFO - 2b 2c 08 3c 00 0a 77 00
INFO - 2b 2e 48 3c 00 0a 82 00
INFO - 2b 30 88 3c 00 0a 98 00
INFO - 2b 32 c8 3c 00 0a a3 00
INFO - 2b 34 08 3c 00 0a cf 00
INFO - 2b 36 48 3c 00 0a 82 00
INFO - 2b 37 88 3c 00 0a 97 00
INFO - 2b 3a c8 3c 00 0a ba 00
INFO - 2b 3e 08 3c 00 0b 0f 00
INFO - 2b 40 48 3c 00 0a 89 00
INFO - 2b 42 88 3c 00 0a c2 00
INFO - 2b 44 c8 3c 00 0a 84 00
INFO - 2b 47 08 3c 00 0a d8 00
INFO - 2b 48 48 3c 00 0a 96 00
INFO - 2b 4c 88 3c 00 0a eb 00
INFO - 2b 4e c8 3c 00 0a bb 00
INFO - 2b 52 08 3c 00 0b 04 00
INFO - 2b 55 48 3c 00 0a ca 00
INFO - 2b 57 88 3c 00 0a b0 00
INFO - 2b 5a c8 3c 00 0a cb 00
INFO - 2b 5e 08 3c 00 0a fb 00
INFO - 2b 5f 48 3c 00 0a 97 00
INFO - 2b 62 88 3c 00 0a bc 00
INFO - 2b 64 c8 3c 00 0a ab 00
INFO - 2b 66 08 3c 00 0a 9a 00
INFO - 2b 67 48 3c 00 0a 8a 00
INFO - 2b 6a 88 3c 00 0a ae 00
INFO - 2b 6c c8 3c 00 0a b1 00
INFO - 2b 6e 08 3c 00 0a b5 00
INFO - 2b 70 48 3c 00 0a 9b 00
INFO - 2b 72 88 3c 00 0a a0 00
INFO - 2b 74 c8 3c 00 0a b9 00
INFO - 2b 77 08 3c 00 0a cf 00
INFO - 2b 79 48 3c 00 0a a7 00
INFO - 2b 7c 88 3c 00 0a c0 00
INFO - 2b 7e c8 3c 00 0a a6 00
INFO - 2b 80 08 3c 00 0a 8a 00
INFO - 2b 82 48 3c 00 0a bc 00
INFO - 2b 84 88 3c 00 0a b6 00
INFO - 2b 87 c8 3c 00 0a b1 00
INFO - 2b 89 08 3c 00 0a c1 00
INFO - 2b 8b 48 3c 00 0a 90 00
INFO - 2b 8d 88 3c 00 0a b6 00
INFO - 2b 90 c8 3c 00 0a bc 00
INFO - 2b 92 08 3c 00 0a c1 00
INFO - 2b 94 48 3c 00 0a a6 00
INFO - 2b 96 88 3c 00 0a 9f 00
INFO - 2b 98 c8 3c 00 0a 82 00
INFO - 2b 9a 08 3c 00 0a bd 00
INFO - 2b 9c 48 3c 00 0a a0 00
INFO - 2b 9e 88 3c 00 0a a3 00
INFO - 2b a1 c8 3c 00 0a e5 00
INFO - 2b a4 08 3c 00 0a ce 00
INFO - 2b a6 48 3c 00 0a ae 00
INFO - 2b a9 88 3c 00 0a af 00
INFO - 2b ab c8 3c 00 0a bc 00
INFO - 2b ad 08 3c 00 0a 8a 00
INFO - 2b b0 48 3c 00 0a e5 00
INFO - 2b b2 88 3c 00 0a 90 00
INFO - 2b b3 c8 3c 00 0a 96 00
INFO - 2b b5 08 3c 00 0a ae 00
INFO - 2b b8 48 3c 00 0a b1 00
INFO - 2b ba 88 3c 00 0a ab 00
INFO - 2b bc c8 3c 00 0a a2 00
INFO - 2b bf 08 3c 00 0a b6 00
INFO - 2b c0 48 3c 00 0a 98 00
INFO - 2b c3 88 3c 00 0a ae 00
INFO - 2b c4 c8 3c 00 0a 8d 00
INFO - 2b c6 08 3c 00 0a af 00
INFO - 2b c8 48 3c 00 0a 98 00
INFO - 2b cb 88 3c 00 0a cf 00
INFO - 2b cc c8 3c 00 0a 82 00
INFO - 2b cf 08 3c 00 0a af 00
INFO - 2b d1 48 3c 00 0a a4 00
INFO - 2b d2 88 3c 00 0a 99 00
INFO - 2b d5 c8 3c 00 0a c5 00
INFO - 2b d8 08 3c 00 0a d1 00
INFO - 2b da 48 3c 00 0a 99 00
INFO - 2b dc 88 3c 00 0a b9 00
INFO - 2b de c8 3c 00 0a 97 00
INFO - 2b e1 08 3c 00 0a ce 00
INFO - 2b e3 48 3c 00 0a b1 00
INFO - 2b e6 88 3c 00 0a be 00
INFO - 2b e8 c8 3c 00 0a b0 00
INFO - 2b eb 08 3c 00 0a cf 00
INFO - 2b ed 48 3c 00 0a 9d 00
INFO - 2b ef 88 3c 00 0a af 00
INFO - 2b f2 c8 3c 00 0a ca 00
INFO - 2b f5 08 3c 00 0a eb 00
INFO - 2b f8 48 3c 00 0a ba 00
INFO - 2b fb 88 3c 00 0a cb 00
INFO - 2b fc c8 3c 00 0a 98 00
INFO - 2b ff 08 3c 00 0a b2 00
INFO - 2c 01 48 3c 00 0a a9 00
INFO - 2c 03 88 3c 00 0a a4 00
INFO - 2c 06 c8 3c 00 0a e2 00
INFO - 2c 08 08 3c 00 0a 99 00
INFO - 2c 0a 48 3c 00 0a 9b 00
INFO - 2c 0c 88 3c 00 0a aa 00
INFO - 2c 0f c8 3c 00 0a d1 00
INFO - 2c 10 08 3c 00 0a 93 00
INFO - 2c 14 48 3c 00 0a e8 00
INFO - 2c 16 88 3c 00 0a b4 00
INFO - 2c 18 c8 3c 00 0a 99 00
INFO - 2c 1a 08 3c 00 0a b2 00
INFO - 2c 1d 48 3c 00 0a c0 00
INFO - 2c 1e 88 3c 00 0a 99 00
INFO - 2c 21 c8 3c 00 0a b3 00
INFO - 2c 24 08 3c 00 0a c9 00
INFO - 2c 26 48 3c 00 0a bd 00
INFO - 2c 28 88 3c 00 0a aa 00
INFO - 2c 2b c8 3c 00 0a d2 00
INFO - 2c 2d 08 3c 00 0a 91 00
INFO - 2c 2f 48 3c 00 0a be 00
INFO - 2c 32 88 3c 00 0a c9 00
INFO - 2c 34 c8 3c 00 0a 9e 00
INFO - 2c 36 08 3c 00 0a af 00
INFO - 2c 39 48 3c 00 0a b6 00
INFO - 2c 3a 88 3c 00 0a 99 00
INFO - 2c 3d c8 3c 00 0a b6 00
INFO - 2c 3f 08 3c 00 0a a4 00
INFO - 2c 41 48 3c 00 0a a7 00
INFO - 2c 43 88 3c 00 0a aa 00
INFO - 2c 45 c8 3c 00 0a a6 00
INFO - 2c 47 08 3c 00 0a a7 00
INFO - 2c 49 48 3c 00 0a 9f 00
INFO - 2c 4b 88 3c 00 0a b0 00
INFO - 2c 4e c8 3c 00 0a b3 00
INFO - 2c 50 08 3c 00 0a ca 00
INFO - 2c 52 48 3c 00 0a a0 00
INFO - 2c 54 88 3c 00 0a a5 00
INFO - 2c 56 c8 3c 00 0a a9 00
INFO - 2c 59 08 3c 00 0a ab 00
INFO - 2c 5b 48 3c 00 0a a6 00
INFO - 2c 5d 88 3c 00 0a b6 00
INFO - 2c 5f c8 3c 00 0a b1 00
INFO - 2c 62 08 3c 00 0a cf 00
INFO - 2c 64 48 3c 00 0a 9a 00
INFO - 2c 66 88 3c 00 0a a1 00
INFO - 2c 6b c8 3c 00 0b 40 00
INFO - 2c 6d 08 3c 00 0a a7 00
INFO - 2c 71 48 3c 00 0a f2 00
INFO - 2c 73 88 3c 00 0a a7 00
INFO - 2c 76 c8 3c 00 0a c1 00
INFO - 2c 77 08 3c 00 0a 92 00
INFO - 2c 7a 48 3c 00 0a b8 00
INFO - 2c 7c 88 3c 00 0a be 00
INFO - 2c 7f c8 3c 00 0a d0 00
INFO - 2c 81 08 3c 00 0a 9b 00
INFO - 2c 84 48 3c 00 0a f3 00
INFO - 2c 86 88 3c 00 0a 79 00
INFO - 2c 89 c8 3c 00 0b 00 00
INFO - 2c 8d 08 3c 00 0a ef 00
INFO - 2c 90 48 3c 00 0a c2 00
INFO - 2c 93 88 3c 00 0a da 00
INFO - 2c 95 c8 3c 00 0a c3 00
INFO - 2c 97 08 3c 00 0a ab 00
INFO - 2c 99 48 3c 00 0a 93 00
INFO - 2c 9d 88 3c 00 0a e7 00
INFO - 2c 9f c8 3c 00 0a c3 00
INFO - 2c a1 08 3c 00 0a 94 00
INFO - 2c a5 48 3c 00 0b 0b 00
INFO - 2c a7 88 3c 00 0a b7 00
INFO - 2c aa c8 3c 00 0a ad 00
INFO - 2c ac 08 3c 00 0a aa 00
INFO - 2c af 48 3c 00 0a d2 00
INFO - 2c b0 88 3c 00 0a 9e 00
INFO - 2c b3 c8 3c 00 0a ba 00
INFO - 2c b5 08 3c 00 0a b6 00
INFO - 2c b7 48 3c 00 0a 76 00
INFO - 2c ba 88 3c 00 0a d3 00
INFO - 2c bd c8 3c 00 0a ac 00
INFO - 2c be 08 3c 00 0a 94 00
INFO - 2c c1 48 3c 00 0a b6 00
INFO - 2c c3 88 3c 00 0a bb 00
INFO - 2c c5 c8 3c 00 0a aa 00
INFO - 2c c7 08 3c 00 0a 8b 00
INFO - 2c c9 48 3c 00 0a 9f 00
INFO - 2c cb 88 3c 00 0a ad 00
INFO - 2c cd c8 3c 00 0a af 00
INFO - 2c cf 08 3c 00 0a 9f 00
INFO - 2c d1 48 3c 00 0a af 00
INFO - 2c d4 88 3c 00 0a b7 00
INFO - 2c d7 c8 3c 00 0a d5 00
INFO - 2c d9 08 3c 00 0a 9d 00
INFO - 2c dc 48 3c 00 0a ea 00
INFO - 2c de 88 3c 00 0a a4 00
INFO - 2c e1 c8 3c 00 0a de 00
INFO - 2c e5 08 3c 00 0b 0b 00
INFO - 2c e7 48 3c 00 0a 98 00
INFO - 2c e9 88 3c 00 0a aa 00
INFO - 2c ec c8 3c 00 0a e0 00
INFO - 2c ef 08 3c 00 0a b6 00
INFO - 2c f2 48 3c 00 0a c9 00
INFO - 2c f3 88 3c 00 0a 9d 00
INFO - 2c f5 c8 3c 00 0a a1 00
INFO - 2c f8 08 3c 00 0a ae 00
INFO - 2c fa 48 3c 00 0a 92 00
INFO - 2c fd 88 3c 00 0a bd 00
INFO - 2c fe c8 3c 00 0a a0 00
INFO - 2d 00 08 3c 00 0a 9d 00
INFO - 2d 02 48 3c 00 0a 98 00
INFO - 2d 05 88 3c 00 0a b5 00
INFO - 2d 07 c8 3c 00 0a b0 00
INFO - 2d 09 08 3c 00 0a b6 00
INFO - 2d 0c 48 3c 00 0a b8 00
INFO - 2d 0f 88 3c 00 0b 02 00
INFO - 2d 12 c8 3c 00 0a b0 00
INFO - 2d 14 08 3c 00 0a c2 00
INFO - 2d 17 48 3c 00 0a d5 00
INFO - 2d 1a 88 3c 00 0a d9 00
INFO - 2d 1e c8 3c 00 0b 06 00
INFO - 2d 21 08 3c 00 0a a9 00
INFO - 2d 23 48 3c 00 0a be 00
INFO - 2d 25 88 3c 00 0a aa 00
INFO - 2d 29 c8 3c 00 0a ea 00
INFO - 2d 2b 08 3c 00 0a ba 00
INFO - 2d 2d 48 3c 00 0a b1 00
INFO - 2d 30 88 3c 00 0a c1 00
INFO - 2d 33 c8 3c 00 0a dd 00
INFO - 2d 35 08 3c 00 0a ae 00
INFO - 2d 37 48 3c 00 0a 98 00
INFO - 2d 39 88 3c 00 0a a9 00
INFO - 2d 3c c8 3c 00 0a b9 00
INFO - 2d 3e 08 3c 00 0a bc 00
INFO - 2d 41 48 3c 00 0a b8 00
INFO - 2d 43 88 3c 00 0a b5 00
INFO - 2d 46 c8 3c 00 0a d0 00
INFO - 2d 48 08 3c 00 0a af 00
INFO - 2d 4a 48 3c 00 0a b5 00
INFO - 2d 4d 88 3c 00 0a bb 00
INFO - 2d 4f c8 3c 00 0a a6 00
INFO - 2d 51 08 3c 00 0a af 00
INFO - 2d 54 48 3c 00 0a c0 00
INFO - 2d 56 88 3c 00 0a ab 00
INFO - 2d 58 c8 3c 00 0a af 00
INFO - 2d 5b 08 3c 00 0a da 00
INFO - 2d 5f 48 3c 00 0a fa 00
INFO - 2d 61 88 3c 00 0a 9e 00
INFO - 2d 64 c8 3c 00 0a d2 00
INFO - 2d 66 08 3c 00 0a 9a 00
INFO - 2d 69 48 3c 00 0a f1 00
INFO - 2d 6c 88 3c 00 0a ab 00
INFO - 2d 6d c8 3c 00 0a a2 00
INFO - 2d 70 08 3c 00 0a b3 00
INFO - 2d 72 48 3c 00 0a a2 00
INFO - 2d 75 88 3c 00 0a 97 00
INFO - 2d 77 c8 3c 00 0a 96 00
INFO - 2d 79 08 3c 00 0a b3 00
INFO - 2d 7c 48 3c 00 0a cc 00
INFO - 2d 7f 88 3c 00 0a c1 00
INFO - 2d 81 c8 3c 00 0a a2 00
INFO - 2d 83 08 3c 00 0a a5 00
INFO - 2d 84 48 3c 00 0a 92 00
INFO - 2d 86 88 3c 00 0a 93 00
INFO - 2d 88 c8 3c 00 0a a1 00
INFO - 2d 8a 08 3c 00 0a b1 00
INFO - 2d 8d 48 3c 00 0a b4 00
INFO - 2d 8e 88 3c 00 0a 92 00
INFO - 2d 91 c8 3c 00 0a c3 00
INFO - 2d 93 08 3c 00 0a 91 00
INFO - 2d 96 48 3c 00 0a e4 00
INFO - 2d 97 88 3c 00 0a 8d 00
INFO - 2d 9a c8 3c 00 0a c0 00
INFO - 2d 9c 08 3c 00 0a 9f 00
INFO - 2d 9e 48 3c 00 0a a5 00
INFO - 2d a0 88 3c 00 0a b3 00
INFO - 2d a4 c8 3c 00 0a f8 00
INFO - 2d a6 08 3c 00 0a b7 00
INFO - 2d ac 48 3c 00 0b 47 00
INFO - 2d ae 88 3c 00 0a ba 00
INFO - 2d b0 c8 3c 00 0a 9c 00
INFO - 2d b2 08 3c 00 0a b5 00
INFO - 2d b4 48 3c 00 0a 8d 00
INFO - 2d b7 88 3c 00 0a df 00
INFO - 2d b9 c8 3c 00 0a b1 00
INFO - 2d bc 08 3c 00 0a c0 00
INFO - 2d be 48 3c 00 0a 96 00
INFO - 2d c0 88 3c 00 0a c8 00
INFO - 2d c2 c8 3c 00 0a 91 00
INFO - 2d c6 08 3c 00 0b 08 00
INFO - 2d c9 48 3c 00 0a cd 00
INFO - 2d cb 88 3c 00 0a a7 00
INFO - 2d cd c8 3c 00 0a a0 00
INFO - 2d cf 08 3c 00 0a a4 00
INFO - 2d d2 48 3c 00 0a c7 00
INFO - 2d d3 88 3c 00 0a 95 00
INFO - 2d d5 c8 3c 00 0a a6 00
INFO - 2d d8 08 3c 00 0a aa 00
INFO - 2d da 48 3c 00 0a cd 00
INFO - 2d dc 88 3c 00 0a 68 00
INFO - 2d de c8 3c 00 0a b4 00
INFO - 2d e0 08 3c 00 0a 99 00
INFO - 2d e3 48 3c 00 0a bd 00
INFO - 2d e4 88 3c 00 0a 8a 00
INFO - 2d e6 c8 3c 00 0a 98 00
INFO - 2d e8 08 3c 00 0a a6 00
INFO - 2d e9 48 3c 00 0a 7e 00
INFO - 2d eb 88 3c 00 0a ad 00
INFO - 2d ed c8 3c 00 0a 8f 00
INFO - 2d ef 08 3c 00 0a b6 00
INFO - 2d f1 48 3c 00 0a 8e 00
INFO - 2d f4 88 3c 00 0a c0 00
INFO - 2d f6 c8 3c 00 0a ad 00
INFO - 2d f8 08 3c 00 0a a0 00
INFO - 2d fb 48 3c 00 0a cc 00
INFO - 2d fe 88 3c 00 0a f0 00
INFO - 2e 01 c8 3c 00 0a ba 00
INFO - 2e 03 08 3c 00 0a ae 00
INFO - 2e 05 48 3c 00 0a 9a 00
INFO - 2e 09 88 3c 00 0a f7 00
INFO - 2e 0c c8 3c 00 0a db 00
INFO - 2e 0e 08 3c 00 0a ab 00
INFO - 2e 0f 48 3c 00 0a 92 00
INFO - 2e 12 88 3c 00 0a d1 00
INFO - 2e 15 c8 3c 00 0a cd 00
INFO - 2e 17 08 3c 00 0a 8e 00
INFO - 2e 19 48 3c 00 0a a5 00
INFO - 2e 1b 88 3c 00 0a 91 00
INFO - 2e 1c c8 3c 00 0a 89 00
INFO - 2e 1e 08 3c 00 0a 98 00
INFO - 2e 1f 48 3c 00 0a 90 00
INFO - 2e 21 88 3c 00 0a 96 00
INFO - 2e 24 c8 3c 00 0a c0 00
INFO - 2e 26 08 3c 00 0a a9 00
INFO - 2e 28 48 3c 00 0a 8e 00
INFO - 2e 2a 88 3c 00 0a b9 00
INFO - 2e 2c c8 3c 00 0a b3 00
INFO - 2e 2e 08 3c 00 0a a3 00
INFO - 2e 31 48 3c 00 0a d2 00
INFO - 2e 33 88 3c 00 0a 8e 00
INFO - 2e 35 c8 3c 00 0a 9c 00
INFO - 2e 37 08 3c 00 0a bd 00
INFO - 2e 3a 48 3c 00 0a b8 00
INFO - 2e 3c 88 3c 00 0a 9c 00
INFO - 2e 3e c8 3c 00 0a be 00
INFO - 2e 3f 08 3c 00 0a 85 00
INFO - 2e 41 48 3c 00 0a 9c 00
INFO - 2e 43 88 3c 00 0a 96 00
INFO - 2e 45 c8 3c 00 0a af 00
INFO - 2e 47 08 3c 00 0a 81 00
INFO - 2e 49 48 3c 00 0a a4 00
INFO - 2e 4b 88 3c 00 0a bc 00
INFO - 2e 4d c8 3c 00 0a aa 00
INFO - 2e 4f 08 3c 00 0a 6d 00
INFO - 2e 50 48 3c 00 0a 81 00
INFO - 2e 52 88 3c 00 0a a5 00
INFO - 2e 55 c8 3c 00 0a c6 00
INFO - 2e 57 08 3c 00 0a b5 00
INFO - 2e 59 48 3c 00 0a 90 00
INFO - 2e 5b 88 3c 00 0a bc 00
INFO - 2e 5f c8 3c 00 0a dc 00
INFO - 2e 60 08 3c 00 0a 9d 00
INFO - 2e 63 48 3c 00 0a b6 00
INFO - 2e 65 88 3c 00 0a a5 00
INFO - 2e 67 c8 3c 00 0a b5 00
INFO - 2e 69 08 3c 00 0a a4 00
INFO - 2e 6b 48 3c 00 0a b2 00
INFO - 2e 6d 88 3c 00 0a 94 00
INFO - 2e 6f c8 3c 00 0a 89 00
INFO - 2e 71 08 3c 00 0a bc 00
INFO - 2e 73 48 3c 00 0a b2 00
INFO - 2e 75 88 3c 00 0a 7e 00
INFO - 2e 78 c8 3c 00 0a db 00
INFO - 2e 79 08 3c 00 0a 88 00
INFO - 2e 7b 48 3c 00 0a a8 00
INFO - 2e 7d 88 3c 00 0a a8 00
INFO - 2e 7f c8 3c 00 0a 9d 00
INFO - 2e 81 08 3c 00 0a 9d 00
INFO - 2e 83 48 3c 00 0a b2 00
INFO - 2e 85 88 3c 00 0a 9d 00
INFO - 2e 87 c8 3c 00 0a a7 00
INFO - 2e 89 08 3c 00 0a a8 00
INFO - 2e 8c 48 3c 00 0a d1 00
INFO - 2e 8e 88 3c 00 0a 93 00
INFO - 2e 90 c8 3c 00 0a a8 00
INFO - 2e 92 08 3c 00 0a 9d 00
INFO - 2e 94 48 3c 00 0a 9d 00
INFO - 2e 97 88 3c 00 0a d1 00
INFO - 2e 99 c8 3c 00 0a 9d 00
INFO - 2e 9e 08 3c 00 0a bf 00
INFO - 2e a0 48 3c 00 0a 89 00
INFO - 2e a2 88 3c 00 0a c7 00
INFO - 2e a4 c8 3c 00 0a 88 00
INFO - 2e a6 08 3c 00 0a a7 00
INFO - 2e a8 48 3c 00 0a 95 00
INFO - 2e aa 88 3c 00 0a ae 00
INFO - 2e ab c8 3c 00 0a 8b 00
INFO - 2e ad 08 3c 00 0a 91 00
INFO - 2e af 48 3c 00 0a a8 00
INFO - 2e b1 88 3c 00 0a b1 00
INFO - 2e b4 c8 3c 00 0a b1 00
INFO - 2e b6 08 3c 00 0a b5 00
INFO - 2e b8 48 3c 00 0a a4 00
INFO - 2e ba 88 3c 00 0a 93 00
INFO - 2e bc c8 3c 00 0a a0 00
INFO - 2e bd 08 3c 00 0a 9b 00
INFO - 2e bf 48 3c 00 0a 9d 00
INFO - 2e c2 88 3c 00 0a d4 00
INFO - 2e c5 c8 3c 00 0a 82 00
INFO - 2e c7 08 3c 00 0a a8 00
INFO - 2e c9 48 3c 00 0a 8c 00
INFO - 2e cb 88 3c 00 0a b9 00
INFO - 2e cd c8 3c 00 0a b2 00
INFO - 2e d0 08 3c 00 0a c7 00
INFO - 2e d2 48 3c 00 0a a1 00
INFO - 2e d4 88 3c 00 0a b0 00
INFO - 2e d7 c8 3c 00 0a d1 00
INFO - 2e d9 08 3c 00 0a ac 00
INFO - 2e db 48 3c 00 0a 9a 00
INFO - 2e dd 88 3c 00 0a b4 00
INFO - 2e e0 c8 3c 00 0a c0 00
INFO - 2e e2 08 3c 00 0a b1 00
INFO - 2e e5 48 3c 00 0a d3 00
INFO - 2e e7 88 3c 00 0a 97 00
INFO - 2e e9 c8 3c 00 0a a6 00
INFO - 2e ec 08 3c 00 0a d2 00
INFO - 2e ee 48 3c 00 0a 98 00
INFO - 2e ef 88 3c 00 0a 91 00
INFO - 2e f2 c8 3c 00 0a bd 00
INFO - 2e f5 08 3c 00 0a dd 00
INFO - 2e f7 48 3c 00 0a 94 00
INFO - 2e f9 88 3c 00 0a a2 00
INFO - 2e fb c8 3c 00 0a 9b 00
INFO - 2e fc 08 3c 00 0a 9d 00
INFO - 2e ff 48 3c 00 0a ac 00
INFO - 2f 00 88 3c 00 0a 9a 00
INFO - 2f 03 c8 3c 00 0a c0 00
INFO - 2f 04 08 3c 00 0a 89 00
INFO - 2f 05 48 3c 00 0a 55 00
INFO - 2f 05 88 3c 00 0a 55 00
INFO - 2f 05 c8 3c 00 0a 55 00
INFO - 2f 05 08 3c 00 0a 55 00
INFO - 2f 05 48 3c 00 0a 55 00
INFO - 2f 05 88 3c 00 0a 55 00
INFO - 2f 05 c8 3c 00 0a 55 00
INFO - 2f 05 08 3c 00 0a 55 00
INFO - 2f 05 48 3c 00 0a 55 00
INFO - 2f 05 88 3c 00 0a 55 00
