INFO - 40 00 48 00 f9 41 00 23
INFO - 40 d6 88 00 f9 41 00 23
INFO - 42 e3 c8 00 f9 41 00 23
INFO - 44 d7 08 00 f9 41 00 23
INFO - 46 cb 48 00 f9 41 00 23
INFO - 48 6d 88 00 f9 41 00 23
INFO - 48 e7 c8 00 f9 41 00 23
INFO - 49 f6 08 00 f9 41 00 23
INFO - 4a e8 48 00 f9 51 00 20
INFO - 4b 38 88 00 f9 41 00 24
INFO - 4b bc c8 00 f9 51 00 20
INFO - 4b cd 08 00 f9 51 00 20
INFO - 4b db 48 00 f9 41 00 23
INFO - 4b f1 88 00 f9 41 00 23
INFO - 4c 8c c8 00 f9 41 00 23
INFO - 4e 3c 08 00 f9 41 00 23
INFO - 4e 6d 48 00 f9 51 00 20
INFO - 4e 8c 88 00 f9 51 00 20
INFO - 4e a5 c8 00 f9 41 00 24
INFO - 4e d5 08 00 f9 41 00 24
INFO - 50 74 48 00 f9 41 00 24
INFO - 52 6e 88 00 f9 41 00 24
INFO - 52 ef c8 00 f9 41 00 24
INFO - 53 8a 08 00 f9 51 00 20
INFO - 53 9b 48 00 f9 51 00 20
INFO - 53 ac 88 00 f9 41 00 23
INFO - 54 2d c8 00 f9 41 00 23
INFO - 54 c4 08 00 f9 51 00 20
INFO - 55 1b 48 00 f9 41 00 24
INFO - 55 d0 88 00 f9 51 00 20
INFO - 55 e0 c8 00 f9 51 00 20
INFO - 55 ef 08 00 f9 41 00 23
INFO - 56 67 48 00 f9 41 00 23
