INFO - 40 00 59 00 f9 41 00 23
INFO - 40 66 99 00 f9 41 00 23
INFO - 41 6d d9 00 f9 41 00 23
INFO - 43 61 19 00 f9 41 00 23
INFO - 44 f7 59 00 f9 41 00 23
INFO - 45 54 99 00 f9 41 00 23
INFO - 45 e1 d9 00 f9 51 00 20
INFO - 46 25 19 00 f9 51 00 20
INFO - 46 5a 59 00 f9 41 00 23
INFO - 46 d8 99 00 f9 41 00 23
INFO - 47 48 d9 00 f9 41 00 23
INFO - 49 3d 19 00 f9 41 00 23
INFO - 49 92 59 00 f9 41 00 23
INFO - 49 fe 99 00 f9 51 00 20
INFO - 4a 11 d9 00 f9 51 00 20
INFO - 4a 25 19 00 f9 41 00 24
INFO - 4a d4 59 00 f9 51 00 20
INFO - 4b 34 99 00 f9 41 00 23
INFO - 4b 4d d9 00 f9 41 00 23
INFO - 4b c7 19 00 f9 41 00 23
INFO - 4c 8f 59 00 f9 41 00 23
INFO - 4c ae 99 00 f9 51 00 20
INFO - 4c ce d9 00 f9 51 00 20
INFO - 4c f5 19 00 f9 41 00 24
INFO - 4e b2 59 00 f9 41 00 24
INFO - 50 ab 99 00 f9 41 00 24
INFO - 51 5f d9 00 f9 51 00 20
INFO - 51 6c 19 00 f9 51 00 20
INFO - 51 7e 59 00 f9 41 00 23
INFO - 52 99 99 00 f9 41 00 23
INFO - 54 93 d9 00 f9 41 00 23
INFO - 54 d1 19 00 f9 51 00 20
INFO - 54 e7 59 00 f9 51 00 20
INFO - 54 f2 99 00 f9 41 00 24
INFO - 55 a9 d9 00 f9 51 00 20
INFO - 55 f4 19 00 f9 41 00 23
