INFO - a1 74 c8 40 57 00 00 02
INFO - a1 74 08 40 57 00 00 02
INFO - a1 74 48 40 57 00 00 02
INFO - a1 74 88 40 57 00 00 02
INFO - 89 0f c8 08 40 28 2e 0b
INFO - 89 0f 08 20 40 28 0e 03
INFO - 89 0f 48 40 40 20 00 78
INFO - 89 11 48 08 40 28 2e 0b
INFO - 89 11 88 20 40 28 0e 03
INFO - 89 11 c8 40 40 21 e0 01
INFO - 89 13 c8 08 40 28 2e 0b
INFO - 89 13 08 20 40 28 0e 03
INFO - 89 13 48 40 40 20 04 fc
INFO - 89 15 48 08 40 28 2e 0b
INFO - 89 15 88 20 40 28 0e 03
INFO - 89 15 c8 40 40 23 f0 00
INFO - 89 17 c8 08 40 28 2e 0b
INFO - 89 17 08 20 40 28 0e 01
INFO - 89 17 48 40 40 20 00 01
INFO - 89 19 48 08 40 28 2e 0b
INFO - 89 19 88 20 40 28 06 01
INFO - 89 19 c8 40 40 20 04 fc
INFO - 89 1b c8 08 40 28 2e 0b
INFO - 89 1b 08 20 40 28 06 01
INFO - 89 1b 48 40 40 23 f0 01
INFO - 89 1d 48 08 40 28 2e 0f
INFO - 89 1d 88 20 40 28 06 03
INFO - 89 1d c8 40 40 20 04 fc
INFO - 89 1f c8 08 40 28 3e 10
INFO - 89 1f 08 20 40 28 0e 03
INFO - 89 1f 48 40 40 23 f0 fd
INFO - 89 21 48 08 40 28 42 10
INFO - 89 21 88 20 40 28 0e 03
INFO - 89 21 c8 40 40 23 f4 01
INFO - 89 23 c8 08 40 28 42 10
INFO - 89 23 08 20 40 28 0e 03
INFO - 89 23 48 40 40 20 04 fc
INFO - 89 25 48 08 40 28 42 10
INFO - 89 25 88 20 40 28 0e 01
INFO - 89 25 c8 40 40 23 f0 01
INFO - 89 27 c8 08 40 28 42 10
INFO - 89 27 08 20 40 28 06 01
INFO - 89 27 48 40 40 20 04 fc
INFO - 89 29 48 08 40 28 42 10
INFO - 89 29 88 20 40 28 06 01
INFO - 89 29 c8 40 40 23 f0 00
INFO - 89 2b c8 08 40 28 42 10
INFO - 89 2b 08 20 40 28 06 01
INFO - 89 2b 48 40 40 20 00 01
INFO - 89 2d 48 08 40 28 42 10
INFO - 89 2d 88 20 40 28 06 01
INFO - 89 2d c8 40 40 20 04 fc
INFO - 89 2f c8 08 40 28 42 10
INFO - 89 2f 08 20 40 28 06 01
INFO - 89 2f 48 40 40 23 f0 01
INFO - 89 31 48 08 40 28 42 10
INFO - 89 31 88 20 40 28 06 01
INFO - 89 31 c8 40 40 20 04 fc
INFO - 89 33 c8 08 40 28 42 10
INFO - 89 33 08 20 40 28 05 ff
INFO - 89 33 48 40 40 23 f0 00
INFO - 89 35 48 08 40 28 42 10
INFO - 89 35 88 20 40 27 fd ff
INFO - 89 35 c8 40 40 20 00 01
INFO - 89 37 c8 08 40 28 42 10
INFO - 89 37 08 20 40 27 fd ff
INFO - 89 37 48 40 40 20 04 fc
INFO - 89 39 48 08 40 28 42 10
INFO - 89 39 88 20 40 27 fe 01
INFO - 89 39 c8 40 40 23 f0 00
INFO - 89 3b c8 08 40 28 41 f6
INFO - 89 3b 08 20 40 28 06 01
INFO - 89 3b 48 40 40 20 00 01
INFO - 89 3d 48 08 40 27 d9 f1
INFO - 89 3d 88 20 40 28 06 03
INFO - 89 3d c8 40 40 20 04 fc
INFO - 89 3f c8 08 40 27 c6 13
INFO - 89 3f 08 20 40 28 0e 03
INFO - 89 3f 48 40 40 23 f0 01
INFO - 89 41 48 08 40 28 4d fc
INFO - 89 41 88 20 40 28 0e 03
INFO - 89 41 c8 40 40 20 04 fc
INFO - 89 43 c8 08 40 27 f1 f5
INFO - 89 43 08 20 40 28 0e 03
INFO - 89 43 48 40 40 23 f0 fd
INFO - 89 45 48 08 40 27 d5 f5
INFO - 89 45 88 20 40 28 0e 03
INFO - 89 45 c8 40 40 23 f4 01
INFO - 89 47 c8 08 40 27 d5 f5
INFO - 89 47 08 20 40 28 0e 03
INFO - 89 47 48 40 40 20 04 fc
INFO - 89 49 48 08 40 27 d5 f5
INFO - 89 49 88 20 40 28 0e 03
INFO - 89 49 c8 40 40 23 f0 01
INFO - 89 4b c8 08 40 27 d5 f5
INFO - 89 4b 08 20 40 28 0e 03
INFO - 89 4b 48 40 40 20 04 fc
INFO - 89 4d 48 08 40 27 d5 f5
INFO - 89 4d 88 20 40 28 0e 01
INFO - 89 4d c8 40 40 23 f0 fd
INFO - 89 4f c8 08 40 27 d5 f5
INFO - 89 4f 08 20 40 28 05 ff
INFO - 89 4f 48 40 40 23 f4 01
INFO - 89 51 48 08 40 27 d5 f5
INFO - 89 51 88 20 40 27 fd ff
INFO - 89 51 c8 40 40 20 04 fc
INFO - 89 53 c8 08 40 27 d5 f5
INFO - 89 53 08 20 40 27 fd ff
INFO - 89 53 48 40 40 23 f0 01
INFO - 89 55 48 08 40 27 d5 f5
INFO - 89 55 88 20 40 27 fd ff
INFO - 89 55 c8 40 40 20 04 fc
INFO - 89 57 c8 08 40 27 d5 f5
INFO - 89 57 08 20 40 27 fd ff
INFO - 89 57 48 40 40 23 f0 00
INFO - 89 59 48 08 40 27 d5 f5
INFO - 89 59 88 20 40 27 fd ff
INFO - 89 59 c8 40 40 20 00 01
INFO - 89 5b c8 08 40 27 d5 f5
INFO - 89 5b 08 20 40 27 fd ff
INFO - 89 5b 48 40 40 20 04 fc
INFO - 89 5d 48 08 40 27 d5 f5
INFO - 89 5d 88 20 40 27 fd ff
INFO - 89 5d c8 40 40 23 f0 fd
INFO - 89 5f c8 08 40 27 d5 f5
INFO - 89 5f 08 20 40 27 fd ff
INFO - 89 5f 48 40 40 23 f4 01
INFO - 89 61 48 08 40 27 d6 42
INFO - 89 61 88 20 40 27 fd ff
INFO - 89 61 c8 40 40 20 04 fc
INFO - 89 63 c8 08 40 29 0a 4b
INFO - 89 63 08 20 40 27 fd ff
INFO - 89 63 48 40 40 23 f0 01
INFO - 89 65 48 08 40 29 2e 4b
INFO - 89 65 88 20 40 27 fd ff
INFO - 89 65 c8 40 40 20 04 fc
INFO - 89 67 c8 08 40 29 2e 4b
INFO - 89 67 08 20 40 27 fd ff
INFO - 89 67 48 40 40 23 f0 00
INFO - 89 69 48 08 40 29 2e 4b
INFO - 89 69 88 20 40 27 fd ff
INFO - 89 69 c8 40 40 20 00 01
INFO - 89 6b c8 08 40 29 2e 4b
INFO - 89 6b 08 20 40 27 fd ff
INFO - 89 6b 48 40 40 20 04 fc
INFO - 89 6d 48 08 40 29 2e 4b
INFO - 89 6d 88 20 40 27 fd ff
INFO - 89 6d c8 40 40 23 f0 01
INFO - a9 6f 08 40 57 00 00 02
INFO - a9 6f 48 40 57 00 00 02
INFO - a9 6f 88 40 57 00 00 02
INFO - a9 6f c8 40 57 00 00 02
INFO - 89 6f c8 08 40 29 2e 4b
INFO - 89 6f 08 20 40 27 fd ff
INFO - 89 6f 48 40 40 20 04 fc
INFO - 89 71 48 08 40 29 2e 4b
INFO - 89 71 88 20 40 27 fd ff
INFO - 89 71 c8 40 40 23 f0 fd
INFO - 89 73 c8 08 40 29 2e 4b
INFO - 89 73 08 20 40 27 fd ff
INFO - 89 73 48 40 40 23 f4 01
INFO - 89 75 48 08 40 29 2e 4b
INFO - 89 75 88 20 40 27 fd ff
INFO - 89 75 c8 40 40 20 04 fc
INFO - 89 77 c8 08 40 29 2e 4b
INFO - 89 77 08 20 40 27 fd ff
INFO - 89 77 48 40 40 23 f0 00
INFO - 89 79 48 08 40 29 2e 4b
INFO - 89 79 88 20 40 27 fd ff
INFO - 89 79 c8 40 40 20 00 01
INFO - 89 7b c8 08 40 29 2e 4b
INFO - 89 7b 08 20 40 27 fe 01
INFO - 89 7b 48 40 40 20 04 fc
INFO - 89 7d 48 08 40 29 2e 4b
INFO - 89 7d 88 20 40 28 06 01
INFO - 89 7d c8 40 40 23 f0 fd
INFO - 89 7f c8 08 40 29 2e 4b
INFO - 89 7f 08 20 40 28 06 01
INFO - 89 7f 48 40 40 23 f4 01
INFO - 89 81 48 08 40 29 2d fd
INFO - 89 81 88 20 40 28 06 01
INFO - 89 81 c8 40 40 20 04 fc
INFO - 89 83 c8 08 40 27 f5 eb
INFO - 89 83 08 20 40 28 06 01
INFO - 89 83 48 40 40 23 f0 00
INFO - 89 85 48 08 40 27 ad f7
INFO - 89 85 88 20 40 28 06 01
INFO - 89 85 c8 40 40 20 00 01
INFO - 89 87 c8 08 40 27 dd ee
INFO - 89 87 08 20 40 28 06 03
INFO - 89 87 48 40 40 20 04 fc
INFO - 89 89 48 08 40 27 b9 eb
INFO - 89 89 88 20 40 28 0e 01
INFO - 89 89 c8 40 40 23 f0 00
INFO - 89 8b c8 08 40 27 ad eb
INFO - 89 8b 08 20 40 28 05 ff
INFO - 89 8b 48 40 40 20 00 01
INFO - 89 8d 48 08 40 27 ad eb
INFO - 89 8d 88 20 40 27 fd ff
INFO - 89 8d c8 40 40 20 04 fc
INFO - 89 8f c8 08 40 27 ad eb
INFO - 89 8f 08 20 40 27 fd ff
INFO - 89 8f 48 40 40 23 f0 01
INFO - 89 91 48 08 40 27 ad eb
INFO - 89 91 88 20 40 27 fd ff
INFO - 89 91 c8 40 40 20 04 fc
INFO - 89 93 c8 08 40 27 ad eb
INFO - 89 93 08 20 40 27 fd ff
INFO - 89 93 48 40 40 23 f0 fd
INFO - 89 95 48 08 40 27 ad eb
INFO - 89 95 88 20 40 27 fd ff
INFO - 89 95 c8 40 40 23 f4 01
INFO - 89 97 c8 08 40 27 ad eb
INFO - 89 97 08 20 40 27 fd ff
INFO - 89 97 48 40 40 20 04 fc
INFO - 89 99 48 08 40 27 ad eb
INFO - 89 99 88 20 40 27 fd ff
INFO - 89 99 c8 40 40 23 f0 00
INFO - 89 9b c8 08 40 27 ad eb
INFO - 89 9b 08 20 40 27 fd ff
INFO - 89 9b 48 40 40 20 00 01
INFO - 89 9d 48 08 40 27 ad e0
INFO - 89 9d 88 20 40 27 fd ff
INFO - 89 9d c8 40 40 20 04 fc
INFO - 89 9f c8 08 40 27 81 dd
INFO - 89 9f 08 20 40 27 fd ff
INFO - 89 9f 48 40 40 23 f0 00
INFO - 89 a1 48 08 40 27 75 dd
INFO - 89 a1 88 20 40 27 fd ff
INFO - 89 a1 c8 40 40 20 00 01
INFO - 89 a3 c8 08 40 27 75 dd
INFO - 89 a3 08 20 40 27 fd ff
INFO - 89 a3 48 40 40 20 04 fc
INFO - 89 a5 48 08 40 27 75 dd
INFO - 89 a5 88 20 40 27 fd ff
INFO - 89 a5 c8 40 40 23 f0 00
INFO - 89 a7 c8 08 40 27 75 dd
INFO - 89 a7 08 20 40 27 fd ff
INFO - 89 a7 48 40 40 20 00 01
INFO - 89 a9 48 08 40 27 75 dd
INFO - 89 a9 88 20 40 27 fd ff
INFO - 89 a9 c8 40 40 20 04 fc
INFO - 89 ab c8 08 40 27 75 dd
INFO - 89 ab 08 20 40 27 fd ff
INFO - 89 ab 48 40 40 23 f0 01
INFO - 89 ad 48 08 40 27 75 dd
INFO - 89 ad 88 20 40 27 fd ff
INFO - 89 ad c8 40 40 20 04 fc
INFO - 89 af c8 08 40 27 75 dd
INFO - 89 af 08 20 40 27 fd ff
INFO - 89 af 48 40 40 23 f0 fd
INFO - 89 b1 48 08 40 27 75 dd
INFO - 89 b1 88 20 40 27 fd ff
INFO - 89 b1 c8 40 40 23 f4 01
INFO - 89 b3 c8 08 40 27 76 06
INFO - 89 b3 08 20 40 27 fd ff
INFO - 89 b3 48 40 40 20 04 fc
INFO - 89 b5 48 08 40 28 1a 10
INFO - 89 b5 88 20 40 27 fd ff
INFO - 89 b5 c8 40 40 23 f0 00
INFO - 89 b7 c8 08 40 28 42 10
INFO - 89 b7 08 20 40 27 fd ff
INFO - 89 b7 48 40 40 20 00 01
INFO - 89 b9 48 08 40 28 42 10
INFO - 89 b9 88 20 40 27 fd ff
INFO - 89 b9 c8 40 40 20 04 fc
INFO - 89 bb c8 08 40 28 42 10
INFO - 89 bb 08 20 40 27 fd ff
INFO - 89 bb 48 40 40 23 f0 01
INFO - 89 bd 48 08 40 28 42 10
INFO - 89 bd 88 20 40 27 fd ff
INFO - 89 bd c8 40 40 20 04 fc
INFO - 89 bf c8 08 40 28 42 10
INFO - 89 bf 08 20 40 27 fd ff
INFO - 89 bf 48 40 40 23 f0 00
INFO - 89 c1 48 08 40 28 42 10
INFO - 89 c1 88 20 40 27 fd ff
INFO - 89 c1 c8 40 40 20 00 01
INFO - 89 c3 c8 08 40 28 42 10
INFO - 89 c3 08 20 40 27 fd ff
INFO - 89 c3 48 40 40 20 04 fc
INFO - 89 c5 48 08 40 28 42 10
INFO - 89 c5 88 20 40 27 fd ff
INFO - 89 c5 c8 40 40 23 f0 00
INFO - 89 c7 c8 08 40 28 42 10
INFO - 89 c7 08 20 40 27 fd ff
INFO - 89 c7 48 40 40 20 00 01
INFO - 89 c9 48 08 40 28 42 10
INFO - 89 c9 88 20 40 27 fd ff
INFO - 89 c9 c8 40 40 20 04 fc
INFO - 89 cb c8 08 40 28 42 10
INFO - 89 cb 08 20 40 27 fd ff
INFO - 89 cb 48 40 40 23 f0 fd
INFO - 89 cd 48 08 40 28 42 10
INFO - 89 cd 88 20 40 27 fd ff
INFO - 89 cd c8 40 40 23 f4 01
INFO - 89 cf c8 08 40 28 42 10
INFO - 89 cf 08 20 40 27 fd ff
INFO - 89 cf 48 40 40 20 04 fc
INFO - 89 d1 48 08 40 28 42 15
INFO - 89 d1 88 20 40 27 fd ff
INFO - 89 d1 c8 40 40 23 f0 00
INFO - 89 d3 c8 08 40 28 56 16
INFO - 89 d3 08 20 40 27 fd ff
INFO - 89 d3 48 40 40 20 00 fd
INFO - 89 d5 48 08 40 48 5a 16
INFO - 89 d5 88 20 40 47 fd ff
INFO - 89 d5 c8 40 40 43 f4 00
INFO - 89 d9 48 08 40 28 5a 16
INFO - 89 d9 88 20 40 27 fd ff
INFO - 89 d9 c8 40 40 20 00 00
INFO - 89 db c8 08 40 28 5a 16
INFO - 89 db 08 20 40 27 fd ff
INFO - 89 db 48 40 40 20 00 fc
INFO - 89 dd 48 08 40 28 5a 16
INFO - 89 dd 88 20 40 27 fd ff
INFO - 89 dd c8 40 40 23 f0 00
INFO - 89 df c8 08 40 28 5a 16
INFO - 89 df 08 20 40 27 fd ff
INFO - 89 df 48 40 40 20 00 01
INFO - 89 e1 48 08 40 28 5a 16
INFO - 89 e1 88 20 40 27 fd ff
INFO - 89 e1 c8 40 40 20 04 fc
INFO - 89 e3 c8 08 40 28 5a 16
INFO - 89 e3 08 20 40 27 fd ff
INFO - 89 e3 48 40 40 23 f0 01
INFO - 89 e5 48 08 40 28 5a 16
INFO - 89 e5 88 20 40 27 fd ff
INFO - 89 e5 c8 40 40 20 04 fc
INFO - 89 e7 c8 08 40 28 5a 16
INFO - 89 e7 08 20 40 27 fd fd
INFO - 89 e7 48 40 40 23 f0 00
INFO - 89 e9 48 08 40 28 5a 16
INFO - 89 e9 88 20 40 27 f5 fd
INFO - 89 e9 c8 40 40 20 00 01
INFO - 89 eb c8 08 40 28 5a 16
INFO - 89 eb 08 20 40 27 f5 fd
INFO - 89 eb 48 40 40 20 04 fc
INFO - 89 ed 48 08 40 28 5a 16
INFO - 89 ed 88 20 40 27 f5 fd
INFO - 89 ed c8 40 40 23 f0 fd
INFO - 89 ef c8 08 40 28 5a 16
INFO - 89 ef 08 20 40 27 f5 fd
INFO - 89 ef 48 40 40 23 f4 01
INFO - 89 f1 48 08 40 28 59 cd
INFO - 89 f1 88 20 40 27 f5 fd
INFO - 89 f1 c8 40 40 20 04 fc
INFO - 89 f3 c8 08 40 27 35 c0
INFO - 89 f3 08 20 40 27 f5 fd
INFO - 89 f3 48 40 40 23 f0 01
INFO - 89 f5 48 08 40 27 01 c0
INFO - 89 f5 88 20 40 27 f5 ff
INFO - 89 f5 c8 40 40 20 04 fc
INFO - 89 f7 c8 08 40 27 01 c0
INFO - 89 f7 08 20 40 27 fd ff
INFO - 89 f7 48 40 40 23 f0 00
INFO - 89 f9 48 08 40 27 01 c0
INFO - 89 f9 88 20 40 27 fd ff
INFO - 89 f9 c8 40 40 20 00 01
INFO - 89 fb c8 08 40 27 01 c0
INFO - 89 fb 08 20 40 27 fd ff
INFO - 89 fb 48 40 40 20 04 fc
INFO - 89 fd 48 08 40 27 01 c0
INFO - 89 fd 88 20 40 27 fd ff
INFO - 89 fd c8 40 40 23 f0 00
INFO - 89 ff c8 08 40 27 01 c0
INFO - 89 ff 08 20 40 27 fd ff
INFO - 89 ff 48 40 40 20 00 01
INFO - 8a 01 48 08 40 27 01 c0
INFO - 8a 01 88 20 40 27 fd fd
INFO - 8a 01 c8 40 40 20 04 fc
INFO - 8a 03 c8 08 40 27 01 c0
INFO - 8a 03 08 20 40 27 f5 fd
INFO - 8a 03 48 40 40 23 f0 01
INFO - 8a 05 48 08 40 27 01 c0
INFO - 8a 05 88 20 40 27 f5 ff
INFO - 8a 05 c8 40 40 20 04 fc
INFO - 8a 07 c8 08 40 27 01 c0
INFO - 8a 07 08 20 40 27 fd ff
INFO - 8a 07 48 40 40 23 f0 00
INFO - 8a 09 48 08 40 27 01 c0
INFO - 8a 09 88 20 40 27 fd ff
INFO - 8a 09 c8 40 40 20 00 01
INFO - 8a 0b c8 08 40 27 01 c0
INFO - 8a 0b 08 20 40 27 fd ff
INFO - 8a 0b 48 40 40 20 04 fc
INFO - 8a 0d 48 08 40 27 01 c0
INFO - 8a 0d 88 20 40 27 fd ff
INFO - 8a 0d c8 40 40 23 f0 01
INFO - 8a 0f c8 08 40 27 01 bf
INFO - 8a 0f 08 20 40 27 fd fd
INFO - 8a 0f 48 40 40 20 04 fc
INFO - 8a 11 48 08 40 26 fd be
INFO - 8a 11 88 20 40 27 f5 fd
INFO - 8a 11 c8 40 40 23 f0 00
INFO - 8a 13 c8 08 40 26 f9 be
INFO - 8a 13 08 20 40 27 f5 fd
INFO - 8a 13 48 40 40 20 00 01
INFO - 8a 15 48 08 40 26 f9 be
INFO - 8a 15 88 20 40 27 f5 fd
INFO - 8a 15 c8 40 40 20 04 fc
INFO - 8a 17 c8 08 40 26 f9 f8
INFO - 8a 17 08 20 40 27 f5 fb
INFO - 8a 17 48 40 40 23 f0 00
INFO - 8a 19 48 08 40 27 e1 cf
INFO - 8a 19 88 20 40 27 ed fb
INFO - 8a 19 c8 40 40 20 00 01
INFO - 8a 1b c8 08 40 27 3d bd
INFO - 8a 1b 08 20 40 27 ed fb
INFO - 8a 1b 48 40 40 20 04 fc
INFO - 8a 1d 48 08 40 26 f5 bd
INFO - 8a 1d 88 20 40 27 ed fb
INFO - 8a 1d c8 40 40 23 f0 01
INFO - 8a 1f c8 08 40 26 f5 bd
INFO - 8a 1f 08 20 40 27 ed fb
INFO - 8a 1f 48 40 40 20 04 fc
INFO - 8a 21 48 08 40 26 f5 bd
INFO - 8a 21 88 20 40 27 ed fb
INFO - 8a 21 c8 40 40 23 f0 fd
INFO - 8a 23 c8 08 40 26 f5 bd
INFO - 8a 23 08 20 40 27 ed fb
INFO - 8a 23 48 40 40 23 f4 01
INFO - 8a 25 48 08 40 26 f5 bd
INFO - 8a 25 88 20 40 27 ed fb
INFO - 8a 25 c8 40 40 20 04 fc
INFO - 8a 27 c8 08 42 c6 f6 15
INFO - 8a 27 08 20 42 c7 ed fd
INFO - 8a 27 48 40 42 c3 f0 00
INFO - 8a 53 c8 08 40 28 56 15
INFO - 8a 53 08 20 40 27 f5 fd
INFO - 8a 53 48 40 40 20 00 00
INFO - 8a 55 48 08 40 28 55 bd
INFO - 8a 55 88 20 40 27 f5 fd
INFO - 8a 55 c8 40 40 20 00 fc
INFO - 8a 57 c8 08 40 26 f5 b0
INFO - 8a 57 08 20 40 27 f5 fb
INFO - 8a 57 48 40 40 23 f0 00
INFO - 8a 59 48 08 40 26 c1 b0
INFO - 8a 59 88 20 40 27 ed fb
INFO - 8a 59 c8 40 40 20 00 01
INFO - 8a 5b c8 08 40 26 c1 b0
INFO - 8a 5b 08 20 40 27 ed fb
INFO - 8a 5b 48 40 40 20 04 fc
INFO - 8a 5d 48 08 40 26 c1 b0
INFO - 8a 5d 88 20 40 27 ed fb
INFO - 8a 5d c8 40 40 23 f0 fd
INFO - 8a 5f c8 08 40 26 c1 b0
INFO - 8a 5f 08 20 40 27 ed fb
INFO - 8a 5f 48 40 40 23 f4 01
INFO - 8a 61 48 08 40 26 c1 b0
INFO - 8a 61 88 20 40 27 ed fb
INFO - 8a 61 c8 40 40 20 04 fc
INFO - 8a 63 c8 08 40 26 c1 b0
INFO - 8a 63 08 20 40 27 ed fb
INFO - 8a 63 48 40 40 23 f0 01
INFO - 8a 65 48 08 40 26 c1 b0
INFO - 8a 65 88 20 40 27 ed fd
INFO - 8a 65 c8 40 40 20 04 fc
INFO - 8a 67 c8 08 40 26 c1 b0
INFO - 8a 67 08 20 40 27 f5 fd
INFO - 8a 67 48 40 40 23 f0 fd
INFO - 8a 69 48 08 40 26 c1 b0
INFO - 8a 69 88 20 40 27 f5 fd
INFO - 8a 69 c8 40 40 23 f4 01
INFO - 8a 6b c8 08 40 26 c1 b0
INFO - 8a 6b 08 20 40 27 f5 fd
INFO - 8a 6b 48 40 40 20 04 fc
INFO - 8a 6d 48 08 40 26 c1 b0
INFO - 8a 6d 88 20 40 27 f5 fd
INFO - 8a 6d c8 40 40 23 f0 fd
INFO - 8a 6f c8 08 40 26 c1 b0
INFO - 8a 6f 08 20 40 27 f5 fd
INFO - 8a 6f 48 40 40 23 f4 01
INFO - 8a 71 48 08 40 26 c1 fe
INFO - 8a 71 88 20 40 27 f5 ff
INFO - 8a 71 c8 40 40 20 04 fc
INFO - 8a 73 c8 08 40 27 fa 10
INFO - 8a 73 08 20 40 27 fd ff
INFO - 8a 73 48 40 40 23 f0 00
INFO - 8a 75 48 08 40 28 42 10
INFO - 8a 75 88 20 40 27 fd ff
INFO - 8a 75 c8 40 40 20 00 01
INFO - 8a 77 c8 08 40 28 42 10
INFO - 8a 77 08 20 40 27 fd fd
INFO - 8a 77 48 40 40 20 04 fc
INFO - 8a 79 48 08 40 28 42 10
INFO - 8a 79 88 20 40 27 f5 fd
INFO - 8a 79 c8 40 40 23 f0 01
INFO - 8a 7b c8 08 40 28 42 10
INFO - 8a 7b 08 20 40 27 f5 fd
INFO - 8a 7b 48 40 40 20 04 fc
INFO - 8a 7d 48 08 40 28 42 10
INFO - 8a 7d 88 20 40 27 f5 fd
INFO - 8a 7d c8 40 40 23 f0 00
INFO - 8a 7f c8 08 40 28 42 10
INFO - 8a 7f 08 20 40 27 f5 ff
INFO - 8a 7f 48 40 40 20 00 01
INFO - 8a 81 48 08 40 28 42 10
INFO - 8a 81 88 20 40 27 fd ff
INFO - 8a 81 c8 40 40 20 04 fc
INFO - 8a 83 c8 08 40 28 42 10
INFO - 8a 83 08 20 40 27 fd ff
INFO - 8a 83 48 40 40 23 f0 fd
INFO - 8a 85 48 08 40 28 41 f3
INFO - 8a 85 88 20 40 27 fd ff
INFO - 8a 85 c8 40 40 23 f4 01
INFO - 8a 87 c8 08 40 27 ce 0b
INFO - 8a 87 08 20 40 27 fd ff
INFO - 8a 87 48 40 40 20 04 fc
INFO - 8a 89 48 08 40 28 2e 13
INFO - 8a 89 88 20 40 27 fd ff
INFO - 8a 89 c8 40 40 23 f0 01
INFO - 8a 8b c8 08 40 28 4e 13
INFO - 8a 8b 08 20 40 27 fd fd
INFO - 8a 8b 48 40 40 20 04 fc
INFO - 8a 8d 48 08 40 28 4e 13
INFO - 8a 8d 88 20 40 27 f5 fd
INFO - 8a 8d c8 40 40 23 f0 fd
INFO - 8a 8f c8 08 40 28 4e 13
INFO - 8a 8f 08 20 40 27 f5 ff
INFO - 8a 8f 48 40 40 23 f4 01
INFO - 8a 91 48 08 40 28 4e 13
INFO - 8a 91 88 20 40 27 fd ff
INFO - 8a 91 c8 40 40 20 04 fc
INFO - 8a 93 c8 08 40 28 4e 13
INFO - 8a 93 08 20 40 27 fd ff
INFO - 8a 93 48 40 40 23 f0 00
INFO - 8a 95 48 08 40 28 4e 13
INFO - 8a 95 88 20 40 27 fd ff
INFO - 8a 95 c8 40 40 20 00 00
INFO - 8a 97 c8 08 40 28 4e 13
INFO - 8a 97 08 20 40 27 fd fd
INFO - 8a 97 48 40 40 20 00 01
INFO - 8a 99 48 08 40 28 4e 13
INFO - 8a 99 88 20 40 27 f5 fd
INFO - 8a 99 c8 40 40 20 04 fc
INFO - 8a 9b c8 08 40 28 4e 13
INFO - 8a 9b 08 20 40 27 f5 fb
INFO - 8a 9b 48 40 40 23 f0 fd
INFO - 8a 9d 48 08 40 28 4e 13
INFO - 8a 9d 88 20 40 27 ed fd
INFO - 8a 9d c8 40 40 23 f4 01
INFO - 8a 9f c8 08 40 28 4e 13
INFO - 8a 9f 08 20 40 27 f5 fd
INFO - 8a 9f 48 40 40 20 04 fc
INFO - 8a a1 48 08 40 28 4e 13
INFO - 8a a1 88 20 40 27 f5 fd
INFO - 8a a1 c8 40 40 23 f0 01
INFO - 8a a3 c8 08 40 28 4e 13
INFO - 8a a3 08 20 40 27 f5 fd
INFO - 8a a3 48 40 40 20 04 fc
INFO - 8a a5 48 08 40 28 4e 13
INFO - 8a a5 88 20 40 27 f5 fd
INFO - 8a a5 c8 40 40 23 f0 01
INFO - 8a a7 c8 08 40 28 4d ef
INFO - 8a a7 08 20 40 27 f5 fd
INFO - 8a a7 48 40 40 20 04 fc
INFO - 8a a9 48 08 40 27 bd e8
INFO - 8a a9 88 20 40 27 f5 fd
INFO - 8a a9 c8 40 40 23 f0 00
INFO - 8a ab c8 08 40 27 a1 e8
INFO - 8a ab 08 20 40 27 f5 fd
INFO - 8a ab 48 40 40 20 00 01
INFO - 8a ad 48 08 40 27 a1 e8
INFO - 8a ad 88 20 40 27 f5 fd
INFO - 8a ad c8 40 40 20 04 fc
INFO - 8a af c8 08 40 27 a1 e8
INFO - 8a af 08 20 40 27 f5 fd
INFO - 8a af 48 40 40 23 f0 01
INFO - 8a b1 48 08 40 27 a1 e8
INFO - 8a b1 88 20 40 27 f5 fd
INFO - 8a b1 c8 40 40 20 04 fc
INFO - 8a b3 c8 08 40 27 a1 e8
INFO - 8a b3 08 20 40 27 f5 fd
INFO - 8a b3 48 40 40 23 f0 fd
INFO - 8a b5 48 08 40 27 a1 e8
INFO - 8a b5 88 20 40 27 f5 fb
INFO - 8a b5 c8 40 40 23 f4 01
INFO - 8a b7 c8 08 40 27 a1 e8
INFO - 8a b7 08 20 40 27 ed fb
INFO - 8a b7 48 40 40 20 04 fc
INFO - 8a b9 48 08 40 27 a1 e8
INFO - 8a b9 88 20 40 27 ed fb
INFO - 8a b9 c8 40 40 23 f0 01
INFO - 8a bb c8 08 40 27 a1 e8
INFO - 8a bb 08 20 40 27 ed fb
INFO - 8a bb 48 40 40 20 04 fc
INFO - 8a bd 48 08 40 27 a1 e8
INFO - 8a bd 88 20 40 27 ed fb
INFO - 8a bd c8 40 40 23 f0 fd
INFO - 8a bf c8 08 40 27 a1 e8
INFO - 8a bf 08 20 40 27 ed fd
INFO - 8a bf 48 40 40 23 f4 01
INFO - 8a c1 48 08 40 27 a1 e8
INFO - 8a c1 88 20 40 27 f5 fd
INFO - 8a c1 c8 40 40 20 04 fc
INFO - 8a c3 c8 08 40 27 a1 e8
INFO - 8a c3 08 20 40 27 f5 ff
INFO - 8a c3 48 40 40 23 f0 fd
INFO - 8a c5 48 08 40 27 a2 02
INFO - 8a c5 88 20 40 27 fd fd
INFO - 8a c5 c8 40 40 23 f4 01
INFO - 8a c7 c8 08 40 28 0a 09
INFO - 8a c7 08 20 40 27 f5 fd
INFO - 8a c7 48 40 40 20 04 fc
INFO - 8a c9 48 08 40 28 26 09
INFO - 8a c9 88 20 40 27 f5 fd
INFO - 8a c9 c8 40 40 23 f0 00
INFO - 8a cb c8 08 40 28 26 09
INFO - 8a cb 08 20 40 27 f5 fd
INFO - 8a cb 48 40 40 20 00 01
INFO - 8a cd 48 08 40 28 26 09
INFO - 8a cd 88 20 40 27 f5 fd
INFO - 8a cd c8 40 40 20 04 fc
INFO - 8a cf c8 08 40 28 26 09
INFO - 8a cf 08 20 40 27 f5 fd
INFO - 8a cf 48 40 40 23 f0 fd
INFO - 8a d1 48 08 40 28 26 09
INFO - 8a d1 88 20 40 27 f5 fd
INFO - 8a d1 c8 40 40 23 f4 01
INFO - 8a d3 c8 08 40 28 26 09
INFO - 8a d3 08 20 40 27 f5 fd
INFO - 8a d3 48 40 40 20 04 fc
INFO - 8a d5 48 08 40 28 26 09
INFO - 8a d5 88 20 40 27 f5 ff
INFO - 8a d5 c8 40 40 23 f0 00
INFO - 8a d7 c8 08 40 28 26 09
INFO - 8a d7 08 20 40 27 fd ff
INFO - 8a d7 48 40 40 20 00 01
INFO - 8a d9 48 08 40 28 26 09
INFO - 8a d9 88 20 40 27 fd ff
INFO - 8a d9 c8 40 40 20 04 00
INFO - 8a db c8 08 40 28 26 09
INFO - 8a db 08 20 40 27 fd ff
INFO - 8a db 48 40 40 20 00 fc
INFO - 8a dd 48 08 40 28 26 09
INFO - 8a dd 88 20 40 27 fd ff
INFO - 8a dd c8 40 40 23 f0 00
INFO - 8a df c8 08 40 28 26 09
INFO - 8a df 08 20 40 27 fd fd
INFO - 8a df 48 40 40 20 00 01
INFO - 8a e1 48 08 40 28 25 eb
INFO - 8a e1 88 20 40 27 f5 fd
INFO - 8a e1 c8 40 40 20 04 fc
INFO - 8a e3 c8 08 40 27 ad e6
INFO - 8a e3 08 20 40 27 f5 fb
INFO - 8a e3 48 40 40 23 f0 00
INFO - 8a e5 48 08 40 27 99 e6
INFO - 8a e5 88 20 40 27 ed fb
INFO - 8a e5 c8 40 40 20 00 01
INFO - 8a e7 c8 08 40 27 99 e6
INFO - 8a e7 08 20 40 27 ed fb
INFO - 8a e7 48 40 40 20 04 fc
INFO - 8a e9 48 08 40 27 99 e6
INFO - 8a e9 88 20 40 27 ed fb
INFO - 8a e9 c8 40 40 23 f0 fd
INFO - 8a eb c8 08 40 27 99 e6
INFO - 8a eb 08 20 40 27 ed fb
INFO - 8a eb 48 40 40 23 f4 01
INFO - 8a ed 48 08 40 27 99 e6
INFO - 8a ed 88 20 40 27 ed fb
INFO - 8a ed c8 40 40 20 04 fc
INFO - 8a ef c8 08 40 27 99 e6
INFO - 8a ef 08 20 40 27 ed f9
INFO - 8a ef 48 40 40 23 f0 01
INFO - 8a f1 48 08 40 27 99 e6
INFO - 8a f1 88 20 40 27 e5 fb
INFO - 8a f1 c8 40 40 20 04 fc
INFO - 8a f3 c8 08 40 27 99 e6
INFO - 8a f3 08 20 40 27 ed fb
INFO - 8a f3 48 40 40 23 f0 fd
INFO - 8a f5 48 08 40 27 99 e6
INFO - 8a f5 88 20 40 27 ed fb
INFO - 8a f5 c8 40 40 23 f4 01
INFO - 8a f7 c8 08 40 27 99 e6
INFO - 8a f7 08 20 40 27 ed fd
INFO - 8a f7 48 40 40 20 04 fc
INFO - 8a f9 48 08 40 27 99 e6
INFO - 8a f9 88 20 40 27 f5 fd
INFO - 8a f9 c8 40 40 23 f0 01
INFO - 8a fb c8 08 40 27 99 e6
INFO - 8a fb 08 20 40 27 f5 fd
INFO - 8a fb 48 40 40 20 04 fc
INFO - 8a fd 48 08 40 27 99 e6
INFO - 8a fd 88 20 40 27 f5 ff
INFO - 8a fd c8 40 40 23 f0 fd
INFO - 8a ff c8 08 40 27 99 e6
INFO - 8a ff 08 20 40 27 fd ff
INFO - 8a ff 48 40 40 23 f4 01
INFO - 8b 01 48 08 40 27 9a 0f
INFO - 8b 01 88 20 40 27 fd ff
INFO - 8b 01 c8 40 40 20 04 fc
INFO - 8b 03 c8 08 40 28 3e 1a
INFO - 8b 03 08 20 40 27 fd ff
INFO - 8b 03 48 40 40 23 f0 01
INFO - 8b 05 48 08 40 28 6a 1a
INFO - 8b 05 88 20 40 27 fd ff
INFO - 8b 05 c8 40 40 20 04 fc
INFO - 8b 07 c8 08 40 28 6a 1a
INFO - 8b 07 08 20 40 27 fd ff
INFO - 8b 07 48 40 40 23 f0 fd
INFO - 8b 09 48 08 40 28 6a 1a
INFO - 8b 09 88 20 40 27 fd fd
INFO - 8b 09 c8 40 40 23 f4 01
INFO - 8b 0b c8 08 40 28 6a 1a
INFO - 8b 0b 08 20 40 27 f5 fd
INFO - 8b 0b 48 40 40 20 04 fc
INFO - 8b 0d 48 08 40 28 6a 1a
INFO - 8b 0d 88 20 40 27 f5 fd
INFO - 8b 0d c8 40 40 23 f0 01
INFO - 8b 0f c8 08 40 28 6a 1a
INFO - 8b 0f 08 20 40 27 f5 fb
INFO - 8b 0f 48 40 40 20 04 fc
INFO - 8b 11 48 08 40 28 6a 1a
INFO - 8b 11 88 20 40 27 ed fd
INFO - 8b 11 c8 40 40 23 f0 00
INFO - 8b 13 c8 08 40 28 6a 1a
INFO - 8b 13 08 20 40 27 f5 fd
INFO - 8b 13 48 40 40 20 00 01
INFO - 8b 15 48 08 40 28 6a 1a
INFO - 8b 15 88 20 40 27 f5 fd
INFO - 8b 15 c8 40 40 20 04 fc
INFO - 8b 17 c8 08 40 28 6a 1a
INFO - 8b 17 08 20 40 27 f5 ff
INFO - 8b 17 48 40 40 23 f0 00
INFO - 8b 19 48 08 40 28 6a 1a
INFO - 8b 19 88 20 40 27 fd ff
INFO - 8b 19 c8 40 40 20 00 01
INFO - 8b 1b c8 08 40 28 6a 1a
INFO - 8b 1b 08 20 40 27 fd ff
INFO - 8b 1b 48 40 40 20 04 fc
INFO - 8b 1d 48 08 40 28 6a 1a
INFO - 8b 1d 88 20 40 27 fd ff
INFO - 8b 1d c8 40 40 23 f0 00
INFO - 8b 1f c8 08 40 28 69 fd
INFO - 8b 1f 08 20 40 27 fd ff
INFO - 8b 1f 48 40 40 20 00 01
INFO - 8b 21 48 08 40 27 f5 f6
INFO - 8b 21 88 20 40 27 fd fd
INFO - 8b 21 c8 40 40 20 04 fc
INFO - 8b 23 c8 08 40 27 d9 f6
INFO - 8b 23 08 20 40 27 f5 fd
INFO - 8b 23 48 40 40 23 f0 01
INFO - 8b 25 48 08 40 27 d9 f6
INFO - 8b 25 88 20 40 27 f5 ff
INFO - 8b 25 c8 40 40 20 04 fc
INFO - 8b 27 c8 08 40 27 d9 f6
INFO - 8b 27 08 20 40 27 fd ff
INFO - 8b 27 48 40 40 23 f0 fd
INFO - 8b 29 48 08 40 27 d9 f6
INFO - 8b 29 88 20 40 27 fd ff
INFO - 8b 29 c8 40 40 23 f4 01
INFO - 8b 2b c8 08 40 27 d9 f6
INFO - 8b 2b 08 20 40 27 fd ff
INFO - 8b 2b 48 40 40 20 04 fc
INFO - 8b 2d 48 08 40 27 d9 f6
INFO - 8b 2d 88 20 40 27 fd ff
INFO - 8b 2d c8 40 40 23 f0 00
INFO - 8b 2f c8 08 40 27 d9 f6
INFO - 8b 2f 08 20 40 27 fd ff
INFO - 8b 2f 48 40 40 20 00 01
INFO - 8b 31 48 08 40 27 d9 f6
INFO - 8b 31 88 20 40 27 fd fd
INFO - 8b 31 c8 40 40 20 04 fc
INFO - 8b 33 c8 08 40 27 d9 f6
INFO - 8b 33 08 20 40 27 f5 fd
INFO - 8b 33 48 40 40 23 f0 00
INFO - 8b 35 48 08 40 27 d9 f6
INFO - 8b 35 88 20 40 27 f5 fd
INFO - 8b 35 c8 40 40 20 00 01
INFO - 8b 37 c8 08 40 27 d9 f6
INFO - 8b 37 08 20 40 27 f5 fd
INFO - 8b 37 48 40 40 20 04 fc
INFO - 8b 39 48 08 40 27 d9 f6
INFO - 8b 39 88 20 40 27 f5 fd
INFO - 8b 39 c8 40 40 23 f0 01
INFO - 8b 3b c8 08 40 27 d9 f6
INFO - 8b 3b 08 20 40 27 f5 fd
INFO - 8b 3b 48 40 40 20 04 fc
INFO - 8b 3d 48 08 40 27 da 14
INFO - 8b 3d 88 20 40 27 f5 fd
INFO - 8b 3d c8 40 40 23 f0 fd
INFO - 8b 3f c8 08 40 28 52 1c
INFO - 8b 3f 08 20 40 27 f5 ff
INFO - 8b 3f 48 40 40 23 f4 01
INFO - 8b 41 48 08 40 28 72 1c
INFO - 8b 41 88 20 40 27 fd ff
INFO - 8b 41 c8 40 40 20 04 fc
INFO - 8b 43 c8 08 40 28 72 1c
INFO - 8b 43 08 20 40 27 fd ff
INFO - 8b 43 48 40 40 23 f0 00
INFO - 8b 45 48 08 40 28 72 1c
INFO - 8b 45 88 20 40 27 fd ff
INFO - 8b 45 c8 40 40 20 00 01
INFO - 8b 47 c8 08 40 28 72 1c
INFO - 8b 47 08 20 40 27 fd ff
INFO - 8b 47 48 40 40 20 04 fc
INFO - 8b 49 48 08 40 28 72 1c
INFO - 8b 49 88 20 40 27 fd ff
INFO - 8b 49 c8 40 40 23 f0 01
INFO - 8b 4b c8 08 40 28 72 1c
INFO - 8b 4b 08 20 40 27 fd ff
INFO - 8b 4b 48 40 40 20 04 fc
INFO - 8b 4d 48 08 40 28 72 1c
INFO - 8b 4d 88 20 40 27 fd ff
INFO - 8b 4d c8 40 40 23 f0 fd
INFO - 8b 4f c8 08 40 28 72 1c
INFO - 8b 4f 08 20 40 27 fd ff
INFO - 8b 4f 48 40 40 23 f4 01
INFO - 8b 51 48 08 40 28 72 1c
INFO - 8b 51 88 20 40 27 fd ff
INFO - 8b 51 c8 40 40 20 04 fc
INFO - 8b 53 c8 08 40 28 72 1c
INFO - 8b 53 08 20 40 27 fd ff
INFO - 8b 53 48 40 40 23 f0 00
INFO - 8b 55 48 08 40 28 72 1c
INFO - 8b 55 88 20 40 27 fd ff
INFO - 8b 55 c8 40 40 20 00 01
INFO - 8b 57 c8 08 40 28 72 1c
INFO - 8b 57 08 20 40 27 fd ff
INFO - 8b 57 48 40 40 20 04 fc
INFO - 8b 59 48 08 40 28 72 1c
INFO - 8b 59 88 20 40 27 fe 01
INFO - 8b 59 c8 40 40 23 f0 01
INFO - 8b 5b c8 08 40 28 71 f0
INFO - 8b 5b 08 20 40 28 06 01
INFO - 8b 5b 48 40 40 20 04 fc
INFO - 8b 5d 48 08 40 27 c1 e8
INFO - 8b 5d 88 20 40 28 06 01
INFO - 8b 5d c8 40 40 23 f0 00
INFO - 8b 5f c8 08 40 17 a1 e8
INFO - 8b 5f 08 20 40 18 06 01
INFO - 8b 5f 48 40 40 10 00 fd
INFO - 8b 60 48 08 40 27 a1 92
INFO - 8b 60 88 20 40 28 06 03
INFO - 8b 60 c8 40 40 23 f4 00
INFO - 8b 62 48 08 40 26 49 ad
INFO - 8b 62 88 20 40 28 0e 03
INFO - 8b 62 c8 40 40 20 00 00
INFO - 8b 64 c8 08 40 26 b5 bd
INFO - 8b 64 08 20 40 28 0e 05
INFO - 8b 64 48 40 40 20 00 fc
INFO - 8b 66 48 08 40 26 f5 cd
INFO - 8b 66 88 20 40 28 16 05
INFO - 8b 66 c8 40 40 23 f0 fd
INFO - 8b 68 c8 08 40 27 35 d2
INFO - 8b 68 08 20 40 28 16 05
INFO - 8b 68 48 40 40 23 f4 01
INFO - 8b 6a 48 08 40 27 49 dd
INFO - 8b 6a 88 20 40 28 16 07
INFO - 8b 6a c8 40 40 20 04 fc
INFO - 8b 6c c8 08 40 27 75 e2
INFO - 8b 6c 08 20 40 28 1e 07
INFO - 8b 6c 48 40 40 23 f0 01
INFO - 8b 6e 48 08 40 27 89 e7
INFO - 8b 6e 88 20 40 28 1e 07
INFO - 8b 6e c8 40 40 20 04 fc
INFO - 8b 70 c8 08 40 27 9d ea
INFO - 8b 70 08 20 40 28 1e 07
INFO - 8b 70 48 40 40 23 f0 00
INFO - 8b 72 48 08 40 27 a9 ed
INFO - 8b 72 88 20 40 28 1e 07
INFO - 8b 72 c8 40 40 20 00 01
INFO - 8b 74 c8 08 40 27 b5 ef
INFO - 8b 74 08 20 40 28 1e 07
INFO - 8b 74 48 40 40 20 04 fc
INFO - 8b 76 48 08 40 27 bd f1
INFO - 8b 76 88 20 40 28 1e 07
INFO - 8b 76 c8 40 40 23 f0 fd
INFO - 8b 78 c8 08 40 27 c5 f2
INFO - 8b 78 08 20 40 28 1e 09
INFO - 8b 78 48 40 40 23 f4 01
INFO - 8b 7a 48 08 40 27 c9 f4
INFO - 8b 7a 88 20 40 28 26 09
INFO - 8b 7a c8 40 40 20 04 fc
INFO - 8b 7c c8 08 40 27 d1 f5
INFO - 8b 7c 08 20 40 28 26 09
INFO - 8b 7c 48 40 40 23 f0 01
INFO - 8b 7e 48 08 40 27 d5 f6
INFO - 8b 7e 88 20 40 28 26 09
INFO - 8b 7e c8 40 40 20 04 fc
INFO - 8b 80 c8 08 40 27 d9 f7
INFO - 8b 80 08 20 40 28 26 09
INFO - 8b 80 48 40 40 23 f0 fd
INFO - 8b 82 48 08 40 27 dd f8
INFO - 8b 82 88 20 40 28 26 09
INFO - 8b 82 c8 40 40 23 f4 01
INFO - 8b 84 c8 08 40 27 e1 f9
INFO - 8b 84 08 20 40 28 26 09
INFO - 8b 84 48 40 40 20 04 fc
INFO - 8b 86 48 08 40 27 e5 fa
INFO - 8b 86 88 20 40 28 26 09
INFO - 8b 86 c8 40 40 23 f0 01
INFO - 8b 88 c8 08 40 27 e9 fa
INFO - 8b 88 08 20 40 28 26 09
INFO - 8b 88 48 40 40 20 04 fc
INFO - 8b 8a 48 08 40 27 e9 fb
INFO - 8b 8a 88 20 40 28 26 09
INFO - 8b 8a c8 40 40 23 f0 fd
INFO - 8b 8c c8 08 40 27 ed fb
INFO - 8b 8c 08 20 40 28 26 09
INFO - 8b 8c 48 40 40 23 f4 01
INFO - 8b 8e 48 08 40 27 ed fc
INFO - 8b 8e 88 20 40 28 26 09
INFO - 8b 8e c8 40 40 20 04 fc
INFO - 8b 90 c8 08 40 27 f1 fc
INFO - 8b 90 08 20 40 28 26 09
INFO - 8b 90 48 40 40 23 f0 00
INFO - 8b 92 48 08 40 27 f1 fd
INFO - 8b 92 88 20 40 28 26 09
INFO - 8b 92 c8 40 40 20 00 01
INFO - 8b 94 c8 08 40 27 f5 fd
INFO - 8b 94 08 20 40 28 26 09
INFO - 8b 94 48 40 40 20 04 fc
INFO - 8b 96 48 08 40 27 f5 fe
INFO - 8b 96 88 20 40 28 26 09
INFO - 8b 96 c8 40 40 23 f0 01
INFO - 8b 98 c8 08 40 27 f9 fe
INFO - 8b 98 08 20 40 28 26 09
INFO - 8b 98 48 40 40 20 04 fc
INFO - 8b 9a 48 08 40 27 f9 ff
INFO - 8b 9a 88 20 40 28 26 09
INFO - 8b 9a c8 40 40 23 f0 fd
INFO - 8b 9c c8 08 40 27 fd ff
INFO - 8b 9c 08 20 40 28 26 09
INFO - 8b 9c 48 40 40 23 f4 01
INFO - 8b 9e 48 08 40 27 fd ff
INFO - 8b 9e 88 20 40 28 26 09
INFO - 8b 9e c8 40 40 20 04 fc
INFO - 8b a0 c8 08 40 27 fe 00
INFO - 8b a0 08 20 40 28 26 09
INFO - 8b a0 48 40 40 23 f0 00
INFO - 8b a2 48 08 40 28 02 01
INFO - 8b a2 88 20 40 28 26 09
INFO - 8b a2 c8 40 40 20 00 01
INFO - 8b a4 c8 08 40 28 06 02
INFO - 8b a4 08 20 40 28 26 07
INFO - 8b a4 48 40 40 20 04 fc
INFO - 8b a6 48 08 40 28 0a 03
INFO - 8b a6 88 20 40 28 1e 07
INFO - 8b a6 c8 40 40 23 f0 01
INFO - 8b a8 c8 08 40 28 0e 04
INFO - 8b a8 08 20 40 28 1e 07
INFO - 8b a8 48 40 40 20 04 fc
INFO - 8b aa 48 08 40 28 12 06
INFO - 8b aa 88 20 40 28 1e 07
INFO - 8b aa c8 40 40 23 f0 fd
INFO - 8b ac c8 08 40 28 1a 09
INFO - 8b ac 08 20 40 28 1e 07
INFO - 8b ac 48 40 40 23 f4 01
INFO - 8b ae 48 08 40 28 26 0e
INFO - 8b ae 88 20 40 28 1e 05
INFO - 8b ae c8 40 40 20 04 fc
INFO - 8b b0 c8 08 40 28 3a 16
INFO - 8b b0 08 20 40 28 16 05
INFO - 8b b0 48 40 40 23 f0 fd
INFO - 8b b2 48 08 40 28 5a 24
INFO - 8b b2 88 20 40 28 16 03
INFO - 8b b2 c8 40 40 23 f4 01
INFO - 8b b4 c8 08 40 28 92 44
INFO - 8b b4 08 20 40 28 0e 01
INFO - 8b b4 48 40 40 20 04 fc
INFO - 8b b6 48 08 40 29 12 79
INFO - 8b b6 88 20 40 28 06 01
INFO - 8b b6 c8 40 40 23 f0 01
INFO - 8b b8 c8 08 40 09 e6 79
INFO - 8b b8 08 20 40 08 06 01
INFO - 8b b8 48 40 40 00 04 c3
INFO - ac 25 08 40 57 00 00 02
INFO - ac 25 48 40 57 00 00 02
INFO - ac 25 88 40 57 00 00 02
INFO - ac 25 c8 40 57 00 00 02
INFO - 8c a5 48 08 40 24 61 45
INFO - 8c a5 88 20 40 28 16 05
INFO - 8c a5 c8 40 40 23 0c 38
INFO - 8c a7 c8 08 40 25 15 56
INFO - 8c a7 08 20 40 28 16 05
INFO - 8c a7 48 40 40 20 e0 01
INFO - 8c a9 48 08 40 25 59 72
INFO - 8c a9 88 20 40 28 16 07
INFO - 8c a9 c8 40 40 20 04 fc
INFO - 8c ab c8 08 40 25 c9 86
INFO - 8c ab 08 20 40 28 1e 07
INFO - 8c ab 48 40 40 23 f0 00
INFO - 8c ad 48 08 40 26 19 9c
INFO - 8c ad 88 20 40 28 1e 07
INFO - 8c ad c8 40 40 20 00 01
INFO - 8c af c8 08 40 26 71 a8
INFO - 8c af 08 20 40 28 1e 09
INFO - 8c af 48 40 40 20 04 fc
INFO - 8c b1 48 08 40 26 a1 b1
INFO - 8c b1 88 20 40 28 26 09
INFO - 8c b1 c8 40 40 23 f0 01
INFO - 8c b3 c8 08 40 26 c5 b8
INFO - 8c b3 08 20 40 28 26 09
INFO - 8c b3 48 40 40 20 04 fc
INFO - 8c b5 48 08 40 26 e1 be
INFO - 8c b5 88 20 40 28 26 09
INFO - 8c b5 c8 40 40 23 f0 fd
INFO - 8c b7 c8 08 40 26 f9 c5
INFO - 8c b7 08 20 40 28 26 09
INFO - 8c b7 48 40 40 23 f4 01
INFO - 8c b9 48 08 40 27 15 cc
INFO - 8c b9 88 20 40 28 26 09
INFO - 8c b9 c8 40 40 20 04 fc
INFO - 8c bb c8 08 40 27 31 cf
INFO - 8c bb 08 20 40 28 26 09
INFO - 8c bb 48 40 40 23 f0 01
INFO - 8c bd 48 08 40 27 3d d5
INFO - 8c bd 88 20 40 28 26 09
INFO - 8c bd c8 40 40 20 04 fc
INFO - 8c bf c8 08 40 27 55 dc
INFO - 8c bf 08 20 40 28 26 09
INFO - 8c bf 48 40 40 23 f0 fd
INFO - 8c c1 48 08 40 27 71 e2
INFO - 8c c1 88 20 40 28 26 07
INFO - 8c c1 c8 40 40 23 f4 01
INFO - 8c c3 c8 08 40 27 89 ea
INFO - 8c c3 08 20 40 28 1e 07
INFO - 8c c3 48 40 40 20 04 fc
INFO - 8c c5 48 08 40 27 a9 f8
INFO - 8c c5 88 20 40 28 1e 07
INFO - 8c c5 c8 40 40 23 f0 01
INFO - 8c c7 c8 08 40 27 e2 13
INFO - 8c c7 08 20 40 28 1e 05
INFO - 8c c7 48 40 40 20 04 fc
INFO - 8c c9 48 08 40 28 4e 6b
INFO - 8c c9 88 20 40 28 16 01
INFO - 8c c9 c8 40 40 23 f0 fd
INFO - 8c cb c8 08 40 29 ae b6
INFO - 8c cb 08 20 40 28 06 01
INFO - 8c cb 48 40 40 23 f4 01
INFO - 8c cd 48 08 40 0a da b6
INFO - 8c cd 88 20 40 08 06 01
INFO - 8c cd c8 40 40 00 04 c3
INFO - 8d 47 48 08 40 27 b1 ec
INFO - 8d 47 88 20 40 28 26 09
INFO - 8d 47 c8 40 40 23 0c 3a
INFO - 8d 49 c8 08 40 27 b1 ec
INFO - 8d 49 08 20 40 28 26 09
INFO - 8d 49 48 40 40 20 e8 fd
INFO - 8d 4b 48 08 40 27 b1 ec
INFO - 8d 4b 88 20 40 28 26 0b
INFO - 8d 4b c8 40 40 23 f4 fd
INFO - 8d 4d c8 08 40 27 b1 ec
INFO - 8d 4d 08 20 40 28 2e 09
INFO - 8d 4d 48 40 40 23 f4 00
INFO - 8d 4f 48 08 40 27 b1 ec
INFO - 8d 4f 88 20 40 28 26 09
INFO - 8d 4f c8 40 40 20 00 01
INFO - 8d 51 c8 08 40 17 b1 ec
INFO - 8d 51 08 20 40 18 26 09
INFO - 8d 51 48 40 40 10 04 fc
INFO - 8d 52 48 08 40 27 b1 ec
INFO - 8d 52 88 20 40 28 26 09
INFO - 8d 52 c8 40 40 23 f0 02
INFO - 8d 54 c8 08 40 27 b1 ec
INFO - 8d 54 08 20 40 28 26 09
INFO - 8d 54 48 40 40 20 08 fc
INFO - 8d 56 48 08 40 27 b1 ec
INFO - 8d 56 88 20 40 28 26 09
INFO - 8d 56 c8 40 40 23 f0 01
INFO - 8d 58 c8 08 40 27 b1 ec
INFO - 8d 58 08 20 40 28 26 09
INFO - 8d 58 48 40 40 20 04 fc
INFO - 8d 5a 48 08 40 37 b1 f6
INFO - 8d 5a 88 20 40 38 26 05
INFO - 8d 5a c8 40 40 33 f0 00
INFO - 8d 5d 48 08 40 17 da 08
INFO - 8d 5d 88 20 40 18 16 05
INFO - 8d 5d c8 40 40 10 00 fd
INFO - 8d 5e c8 08 40 28 22 0c
INFO - 8d 5e 08 20 40 28 16 07
INFO - 8d 5e 48 40 40 23 f4 01
INFO - 8d 60 48 08 40 28 32 0c
INFO - 8d 60 88 20 40 28 1e 07
INFO - 8d 60 c8 40 40 20 04 fc
INFO - 8d 62 c8 08 40 28 32 0c
INFO - 8d 62 08 20 40 28 1e 09
INFO - 8d 62 48 40 40 23 f0 00
INFO - 8d 64 48 08 40 28 32 0c
INFO - 8d 64 88 20 40 28 26 09
INFO - 8d 64 c8 40 40 20 00 01
INFO - 8d 66 c8 08 40 18 32 0c
INFO - 8d 66 08 20 40 18 26 09
INFO - 8d 66 48 40 40 10 04 fc
INFO - 8d 67 48 08 40 38 32 0c
INFO - 8d 67 88 20 40 38 26 09
INFO - 8d 67 c8 40 40 33 f0 00
INFO - 8d 6a c8 08 40 18 32 0c
INFO - 8d 6a 08 20 40 18 26 09
INFO - 8d 6a 48 40 40 10 00 01
INFO - 8d 6b 48 08 40 38 32 0c
INFO - 8d 6b 88 20 40 38 26 09
INFO - 8d 6b c8 40 40 30 04 fc
INFO - 8d 6e c8 08 40 28 32 0c
INFO - 8d 6e 08 20 40 28 26 0b
INFO - 8d 6e 48 40 40 23 f0 00
INFO - 8d 70 48 08 40 28 32 0c
INFO - 8d 70 88 20 40 28 2e 0b
INFO - 8d 70 c8 40 40 20 00 01
INFO - 8d 72 c8 08 40 28 32 0c
INFO - 8d 72 08 20 40 28 2e 0b
INFO - 8d 72 48 40 40 20 04 fc
INFO - 8d 74 48 08 40 28 32 0c
INFO - 8d 74 88 20 40 28 2e 09
INFO - 8d 74 c8 40 40 23 f0 fd
INFO - 8d 76 c8 08 40 28 32 0c
INFO - 8d 76 08 20 40 28 26 07
INFO - 8d 76 48 40 40 23 f4 01
INFO - 8d 78 48 08 40 28 32 0c
INFO - 8d 78 88 20 40 28 1e 07
INFO - 8d 78 c8 40 40 20 04 fc
INFO - 8d 7a c8 08 40 28 32 0d
INFO - 8d 7a 08 20 40 28 1e 07
INFO - 8d 7a 48 40 40 23 f0 01
INFO - 8d 7c 48 08 40 28 36 0d
INFO - 8d 7c 88 20 40 28 1e 07
INFO - 8d 7c c8 40 40 20 04 fc
INFO - 8d 7e c8 08 40 28 36 0d
INFO - 8d 7e 08 20 40 28 1e 09
INFO - 8d 7e 48 40 40 23 f0 00
INFO - 8d 80 48 08 40 28 36 0d
INFO - 8d 80 88 20 40 28 26 09
INFO - 8d 80 c8 40 40 20 00 01
INFO - 8d 82 c8 08 40 28 36 0d
INFO - 8d 82 08 20 40 28 26 0b
INFO - 8d 82 48 40 40 20 04 fc
INFO - 8d 84 48 08 40 28 36 0d
INFO - 8d 84 88 20 40 28 2e 0b
INFO - 8d 84 c8 40 40 23 f0 fd
INFO - 8d 86 c8 08 40 28 36 0d
INFO - 8d 86 08 20 40 28 2e 09
INFO - 8d 86 48 40 40 23 f4 01
INFO - 8d 88 48 08 40 28 36 0d
INFO - 8d 88 88 20 40 28 26 09
INFO - 8d 88 c8 40 40 20 04 fc
INFO - 8d 8a c8 08 40 28 36 0d
INFO - 8d 8a 08 20 40 28 26 09
INFO - 8d 8a 48 40 40 23 f0 00
INFO - 8d 8c 48 08 40 28 36 0d
INFO - 8d 8c 88 20 40 28 26 09
INFO - 8d 8c c8 40 40 20 00 01
INFO - 8d 8e c8 08 40 28 36 0d
INFO - 8d 8e 08 20 40 28 26 09
INFO - 8d 8e 48 40 40 20 04 fc
INFO - 8d 90 48 08 40 28 36 0d
INFO - 8d 90 88 20 40 28 26 07
INFO - 8d 90 c8 40 40 23 f0 fd
INFO - 8d 92 c8 08 40 28 36 0d
INFO - 8d 92 08 20 40 28 1e 07
INFO - 8d 92 48 40 40 23 f4 01
INFO - 8d 94 48 08 40 28 36 0d
INFO - 8d 94 88 20 40 28 1e 07
INFO - 8d 94 c8 40 40 20 04 fc
INFO - 8d 96 c8 08 40 28 36 0d
INFO - 8d 96 08 20 40 28 1e 07
INFO - 8d 96 48 40 40 23 f0 00
INFO - 8d 98 48 08 40 18 36 0d
INFO - 8d 98 88 20 40 18 1e 09
INFO - 8d 98 c8 40 40 10 00 01
INFO - 8d 99 c8 08 40 38 35 f0
INFO - 8d 99 08 20 40 38 26 0b
INFO - 8d 99 48 40 40 30 04 fc
INFO - 8d 9c 48 08 40 27 c1 e9
INFO - 8d 9c 88 20 40 28 2e 09
INFO - 8d 9c c8 40 40 23 f0 fd
INFO - 8d 9e c8 08 40 27 a5 e9
INFO - 8d 9e 08 20 40 28 26 09
INFO - 8d 9e 48 40 40 23 f4 01
INFO - 8d a0 48 08 40 27 a5 e9
INFO - 8d a0 88 20 40 28 26 07
INFO - 8d a0 c8 40 40 20 04 fc
INFO - 8d a2 c8 08 40 27 a5 e9
INFO - 8d a2 08 20 40 28 1e 07
INFO - 8d a2 48 40 40 23 f0 01
INFO - 8d a4 48 08 40 17 a5 e9
INFO - 8d a4 88 20 40 18 1e 09
INFO - 8d a4 c8 40 40 10 04 fc
INFO - 8d a5 c8 08 40 37 a5 e9
INFO - 8d a5 08 20 40 38 26 09
INFO - 8d a5 48 40 40 33 f0 01
INFO - 8d a8 48 08 40 17 a5 e9
INFO - 8d a8 88 20 40 18 26 07
INFO - 8d a8 c8 40 40 10 04 fc
INFO - 8d a9 c8 08 40 37 a5 e9
INFO - 8d a9 08 20 40 38 1e 05
INFO - 8d a9 48 40 40 33 f0 00
INFO - 8d ac 48 08 40 17 a5 e9
INFO - 8d ac 88 20 40 18 16 05
INFO - 8d ac c8 40 40 10 00 01
INFO - 8d ad c8 08 40 37 a5 e9
INFO - 8d ad 08 20 40 38 16 05
INFO - 8d ad 48 40 40 30 04 fc
INFO - 8d b0 48 08 40 17 a5 e9
INFO - 8d b0 88 20 40 18 16 07
INFO - 8d b0 c8 40 40 13 f0 fd
INFO - 8d b1 c8 08 40 37 a5 e9
INFO - 8d b1 08 20 40 38 1e 07
INFO - 8d b1 48 40 40 33 f4 01
INFO - 8d b4 48 08 40 27 a5 e9
INFO - 8d b4 88 20 40 28 1e 07
INFO - 8d b4 c8 40 40 20 04 fc
INFO - 8d b6 c8 08 40 27 a5 e9
INFO - 8d b6 08 20 40 28 1e 05
INFO - 8d b6 48 40 40 23 f0 01
INFO - 8d b8 48 08 40 27 a6 1d
INFO - 8d b8 88 20 40 28 16 05
INFO - 8d b8 c8 40 40 20 04 fc
INFO - 8d ba c8 08 40 28 76 2c
INFO - 8d ba 08 20 40 28 16 05
INFO - 8d ba 48 40 40 23 f0 fd
INFO - 8d bc 48 08 40 28 b2 2c
INFO - 8d bc 88 20 40 28 16 07
INFO - 8d bc c8 40 40 23 f4 01
INFO - 8d be c8 08 40 28 b2 2c
INFO - 8d be 08 20 40 28 1e 07
INFO - 8d be 48 40 40 20 04 fc
INFO - 8d c0 48 08 40 28 b2 2c
INFO - 8d c0 88 20 40 28 1e 07
INFO - 8d c0 c8 40 40 23 f0 00
INFO - 8d c2 c8 08 40 28 b2 2c
INFO - 8d c2 08 20 40 28 1e 05
INFO - 8d c2 48 40 40 20 00 01
INFO - 8d c4 48 08 40 28 b2 2c
INFO - 8d c4 88 20 40 28 16 05
INFO - 8d c4 c8 40 40 20 04 fc
INFO - 8d c6 c8 08 40 28 b2 2c
INFO - 8d c6 08 20 40 28 16 05
INFO - 8d c6 48 40 40 23 f0 01
INFO - 8d c8 48 08 40 28 b2 2c
INFO - 8d c8 88 20 40 28 16 05
INFO - 8d c8 c8 40 40 20 04 fc
INFO - 8d ca c8 08 40 28 b2 2c
INFO - 8d ca 08 20 40 28 16 05
INFO - 8d ca 48 40 40 23 f0 fd
INFO - 8d cc 48 08 40 28 b2 2c
INFO - 8d cc 88 20 40 28 16 05
INFO - 8d cc c8 40 40 23 f4 01
INFO - 8d ce c8 08 40 28 b2 2c
INFO - 8d ce 08 20 40 28 16 05
INFO - 8d ce 48 40 40 20 04 fc
INFO - 8d d0 48 08 40 28 b2 2c
INFO - 8d d0 88 20 40 28 16 05
INFO - 8d d0 c8 40 40 23 f0 01
INFO - 8d d2 c8 08 40 18 b2 2c
INFO - 8d d2 08 20 40 18 16 05
INFO - 8d d2 48 40 40 10 04 fc
INFO - 8d d3 48 08 40 38 b2 2c
INFO - 8d d3 88 20 40 38 16 05
INFO - 8d d3 c8 40 40 33 f0 01
INFO - 8d d6 c8 08 40 18 b2 02
INFO - 8d d6 08 20 40 18 16 03
INFO - 8d d6 48 40 40 10 04 fc
INFO - 8d d7 48 08 40 38 09 fa
INFO - 8d d7 88 20 40 38 0e 03
INFO - 8d d7 c8 40 40 33 f0 00
INFO - 8d da c8 08 40 07 e9 fa
INFO - 8d da 08 20 40 08 0e 03
INFO - 8d da 48 40 40 00 00 c5
