INFO - 20 00 0e 3c 00 0a 40 00
INFO - 20 07 4e 3c 00 0b 6f 00
INFO - 20 0f 8e 3c 00 0a 7f 00
INFO - 20 13 ce 3c 00 0a df 00
INFO - 20 13 0e 3c 00 0a df 00
INFO - 20 13 4e 3c 00 0a df 00
INFO - 20 18 8e 3c 00 0a 9b 00
INFO - 20 18 ce 3c 00 0a 9b 00
INFO - 20 20 0e 3c 00 0b 09 00
INFO - 20 20 4e 3c 00 0b 09 00
INFO - 20 26 8e 3c 00 0a c5 00
INFO - 20 27 ce 3c 00 0a 88 00
INFO - 20 27 0e 3c 00 0a 88 00
INFO - 20 27 4e 3c 00 0a 88 00
INFO - 20 2b 8e 3c 00 0a 7c 00
INFO - 20 2b ce 3c 00 0a 7c 00
INFO - 20 2b 0e 3c 00 0a 7c 00
INFO - 20 35 4e 3c 00 0a eb 00
INFO - 20 35 8e 3c 00 0a eb 00
INFO - 20 37 ce 3c 00 0a 74 00
INFO - 20 3b 0e 3c 00 0a ed 00
INFO - 20 3b 4e 3c 00 0a ed 00
INFO - 20 3f 8e 3c 00 0a ac 00
INFO - 20 41 ce 3c 00 0a aa 00
INFO - 20 41 0e 3c 00 0a aa 00
INFO - 20 46 4e 3c 00 0a bd 00
INFO - 20 49 8e 3c 00 0a c2 00
INFO - 20 4b ce 3c 00 0a c2 00
INFO - 20 4b 0e 3c 00 0a c2 00
INFO - 20 4d 4e 3c 00 0a 76 00
INFO - 20 50 8e 3c 00 0a d9 00
INFO - 20 58 ce 3c 00 0b b5 00
INFO - 20 5c 0e 3c 00 0a f3 00
INFO - 20 5e 4e 3c 00 0a a1 00
