INFO - a0 00 8e 08 b3 01 26 0c
INFO - a0 00 ce 10 47 a7 e8 b5
INFO - a0 00 0e 18 00 01 86 a0
INFO - a0 00 4e 08 b3 01 25 bc
INFO - a0 00 8e 10 47 a7 e8 bf
INFO - a0 00 ce 18 00 01 86 a0
INFO - a0 02 0e 08 b3 01 24 f2
INFO - a0 02 4e 10 47 a7 e8 e1
INFO - a0 02 8e 18 00 01 86 a0
INFO - a0 04 ce 08 b3 01 24 23
INFO - a0 04 0e 10 47 a7 e9 02
INFO - a0 04 4e 18 00 01 86 a0
INFO - a0 06 8e 08 b3 01 23 59
INFO - a0 06 ce 10 47 a7 e9 1d
INFO - a0 06 0e 18 00 01 86 a0
INFO - a0 08 4e 08 b3 01 22 8a
INFO - a0 08 8e 10 47 a7 e9 3f
INFO - a0 08 ce 18 00 01 86 a0
INFO - a0 0a 0e 08 b3 01 21 c0
INFO - a0 0a 4e 10 47 a7 e9 60
INFO - a0 0a 8e 18 00 01 86 a0
INFO - a0 0c ce 08 b3 01 20 f0
INFO - a0 0c 0e 10 47 a7 e9 7b
INFO - a0 0c 4e 18 00 01 86 a0
INFO - a0 0e 8e 08 b3 01 20 21
INFO - a0 0e ce 10 47 a7 e9 9d
INFO - a0 0e 0e 18 00 01 86 a0
INFO - a0 10 4e 08 b3 01 1f 57
INFO - a0 10 8e 10 47 a7 e9 be
INFO - a0 10 ce 18 00 01 86 a0
INFO - a0 12 0e 08 b3 01 1e 88
INFO - a0 12 4e 10 47 a7 e9 d9
INFO - a0 12 8e 18 00 01 86 a0
INFO - a0 14 ce 08 b3 01 1d be
INFO - a0 14 0e 10 47 a7 e9 fa
INFO - a0 14 4e 18 00 01 86 a0
INFO - a0 16 8e 08 b3 01 1c ef
INFO - a0 16 ce 10 47 a7 ea 15
INFO - a0 16 0e 18 00 01 86 a0
INFO - a0 18 4e 08 b3 01 1c 25
INFO - a0 18 8e 10 47 a7 ea 37
INFO - a0 18 ce 18 00 01 86 a0
INFO - a0 1a 0e 08 b3 01 1b 56
INFO - a0 1a 4e 10 47 a7 ea 58
INFO - a0 1a 8e 18 00 01 86 a0
INFO - a0 1c ce 08 b3 01 1a 8c
INFO - a0 1c 0e 10 47 a7 ea 73
INFO - a0 1c 4e 18 00 01 86 a0
INFO - a0 1e 8e 08 b3 01 19 bc
INFO - a0 1e ce 10 47 a7 ea 95
INFO - a0 1e 0e 18 00 01 86 a0
INFO - a0 20 4e 08 b3 01 18 f3
INFO - a0 20 8e 10 47 a7 ea b6
INFO - a0 20 ce 18 00 01 86 a0
INFO - a0 22 0e 08 b3 01 18 23
INFO - a0 22 4e 10 47 a7 ea d1
INFO - a0 22 8e 18 00 01 86 a0
INFO - a0 24 ce 08 b3 01 17 54
INFO - a0 24 0e 10 47 a7 ea f2
INFO - a0 24 4e 18 00 01 86 a0
INFO - a0 26 8e 08 b3 01 16 8a
INFO - a0 26 ce 10 47 a7 eb 14
INFO - a0 26 0e 18 00 01 86 a0
INFO - a0 28 4e 08 b3 01 15 bb
INFO - a0 28 8e 10 47 a7 eb 2f
INFO - a0 28 ce 18 00 01 86 a0
INFO - a0 2a 0e 08 b3 01 14 f1
INFO - a0 2a 4e 10 47 a7 eb 50
INFO - a0 2a 8e 18 00 01 86 a0
INFO - a0 2c ce 08 b3 01 14 21
INFO - a0 2c 0e 10 47 a7 eb 6b
INFO - a0 2c 4e 18 00 01 86 a0
INFO - a0 2e 8e 08 b3 01 13 58
INFO - a0 2e ce 10 47 a7 eb 8d
INFO - a0 2e 0e 18 00 01 86 a0
INFO - a0 30 4e 08 b3 01 12 88
INFO - a0 30 8e 10 47 a7 eb ae
INFO - a0 30 ce 18 00 01 86 a0
INFO - a0 32 0e 08 b3 01 11 bf
INFO - a0 32 4e 10 47 a7 eb c9
INFO - a0 32 8e 18 00 01 86 a0
INFO - a0 34 ce 08 b3 01 10 ef
INFO - a0 34 0e 10 47 a7 eb eb
INFO - a0 34 4e 18 00 01 86 a0
INFO - a0 36 8e 08 b3 01 10 26
INFO - a0 36 ce 10 47 a7 ec 0c
INFO - a0 36 0e 18 00 01 86 a0
INFO - a0 38 4e 08 b3 01 0f 56
INFO - a0 38 8e 10 47 a7 ec 27
INFO - a0 38 ce 18 00 01 86 a0
INFO - a0 3a 0e 08 b3 01 0e 8d
INFO - a0 3a 4e 10 47 a7 ec 48
INFO - a0 3a 8e 18 00 01 86 a0
INFO - a0 3c ce 08 b3 01 0d bd
INFO - a0 3c 0e 10 47 a7 ec 6a
INFO - a0 3c 4e 18 00 01 86 a0
INFO - a0 3e 8e 08 b3 01 0c f4
INFO - a0 3e ce 10 47 a7 ec 85
INFO - a0 3e 0e 18 00 01 86 a0
INFO - a0 40 4e 08 b3 01 0c 24
INFO - a0 40 8e 10 47 a7 ec a6
INFO - a0 40 ce 18 00 01 86 a0
INFO - a0 42 0e 08 b3 01 0b 5b
INFO - a0 42 4e 10 47 a7 ec c1
INFO - a0 42 8e 18 00 01 86 a0
INFO - a0 44 ce 08 b3 01 0a 8b
INFO - a0 44 0e 10 47 a7 ec e3
INFO - a0 44 4e 18 00 01 86 a0
INFO - a0 46 8e 08 b3 01 09 c2
INFO - a0 46 ce 10 47 a7 ed 04
INFO - a0 46 0e 18 00 01 86 a0
INFO - a0 48 4e 08 b3 01 08 f2
INFO - a0 48 8e 10 47 a7 ed 1f
INFO - a0 48 ce 18 00 01 86 a0
INFO - a0 4a 0e 08 b3 01 08 29
INFO - a0 4a 4e 10 47 a7 ed 41
INFO - a0 4a 8e 18 00 01 86 a0
INFO - a0 4c ce 08 b3 01 07 59
INFO - a0 4c 0e 10 47 a7 ed 62
INFO - a0 4c 4e 18 00 01 86 a0
INFO - a0 4e 8e 08 b3 01 06 90
INFO - a0 4e ce 10 47 a7 ed 7d
INFO - a0 4e 0e 18 00 01 86 a0
INFO - a0 50 4e 08 b3 01 05 c0
INFO - a0 50 8e 10 47 a7 ed 9e
INFO - a0 50 ce 18 00 01 86 a0
INFO - a0 52 0e 08 b3 01 04 f0
INFO - a0 52 4e 10 47 a7 ed b9
INFO - a0 52 8e 18 00 01 86 a0
INFO - a0 54 ce 08 b3 01 04 27
INFO - a0 54 0e 10 47 a7 ed db
INFO - a0 54 4e 18 00 01 86 a0
INFO - a0 56 8e 08 b3 01 03 57
INFO - a0 56 ce 10 47 a7 ed fc
INFO - a0 56 0e 18 00 01 86 a0
INFO - a0 58 4e 08 b3 01 02 8e
INFO - a0 58 8e 10 47 a7 ee 17
INFO - a0 58 ce 18 00 01 86 a0
INFO - a0 5a 0e 08 b3 01 01 be
INFO - a0 5a 4e 10 47 a7 ee 39
INFO - a0 5a 8e 18 00 01 86 a0
INFO - a0 5c ce 08 b3 01 00 f5
INFO - a0 5c 0e 10 47 a7 ee 5a
INFO - a0 5c 4e 18 00 01 86 a0
INFO - a0 5e 8e 08 b3 01 00 25
INFO - a0 5e ce 10 47 a7 ee 75
INFO - a0 5e 0e 18 00 01 86 a0
INFO - a0 60 4e 08 b3 00 ff 5c
INFO - a0 60 8e 10 47 a7 ee 97
INFO - a0 60 ce 18 00 01 86 a0
INFO - a0 62 0e 08 b3 00 fe 8c
INFO - a0 62 4e 10 47 a7 ee b1
INFO - a0 62 8e 18 00 01 86 a0
INFO - a0 64 ce 08 b3 00 fd c3
INFO - a0 64 0e 10 47 a7 ee d3
INFO - a0 64 4e 18 00 01 86 a0
INFO - a0 66 8e 08 b3 00 fc f3
INFO - a0 66 ce 10 47 a7 ee f4
INFO - a0 66 0e 18 00 01 86 a0
INFO - a0 68 4e 08 b3 00 fc 2a
INFO - a0 68 8e 10 47 a7 ef 0f
INFO - a0 68 ce 18 00 01 86 a0
INFO - a0 6a 0e 08 b3 00 fb 5a
INFO - a0 6a 4e 10 47 a7 ef 31
INFO - a0 6a 8e 18 00 01 86 a0
INFO - a0 6c ce 08 b3 00 fa 91
INFO - a0 6c 0e 10 47 a7 ef 52
INFO - a0 6c 4e 18 00 01 86 a0
INFO - a0 6e 8e 08 b3 00 f9 c1
INFO - a0 6e ce 10 47 a7 ef 6d
INFO - a0 6e 0e 18 00 01 86 a0
INFO - a0 70 4e 08 b3 00 f8 f8
INFO - a0 70 8e 10 47 a7 ef 8f
INFO - a0 70 ce 18 00 01 86 a0
INFO - a0 72 0e 08 b3 00 f8 28
INFO - a0 72 4e 10 47 a7 ef a9
INFO - a0 72 8e 18 00 01 86 a0
INFO - a0 74 ce 08 b3 00 f7 58
INFO - a0 74 0e 10 47 a7 ef cb
INFO - a0 74 4e 18 00 01 86 a0
INFO - a0 76 8e 08 b3 00 f6 8f
INFO - a0 76 ce 10 47 a7 ef ed
INFO - a0 76 0e 18 00 01 86 a0
INFO - a0 78 4e 08 b3 00 f5 bf
INFO - a0 78 8e 10 47 a7 f0 07
INFO - a0 78 ce 18 00 01 86 a0
INFO - a0 7a 0e 08 b3 00 f4 f6
INFO - a0 7a 4e 10 47 a7 f0 29
INFO - a0 7a 8e 18 00 01 86 a0
INFO - a0 7c ce 08 b3 00 f4 26
INFO - a0 7c 0e 10 47 a7 f0 4a
INFO - a0 7c 4e 18 00 01 86 a0
INFO - a0 7e 8e 08 b3 00 f3 5d
INFO - a0 7e ce 10 47 a7 f0 65
INFO - a0 7e 0e 18 00 01 86 a0
INFO - a0 80 4e 08 b3 00 f2 8d
INFO - a0 80 8e 10 47 a7 f0 87
INFO - a0 80 ce 18 00 01 86 a0
INFO - a0 82 0e 08 b3 00 f1 bd
INFO - a0 82 4e 10 47 a7 f0 a2
INFO - a0 82 8e 18 00 01 86 a0
INFO - a0 84 ce 08 b3 00 f0 f4
INFO - a0 84 0e 10 47 a7 f0 c3
INFO - a0 84 4e 18 00 01 86 a0
INFO - a0 86 8e 08 b3 00 f0 24
INFO - a0 86 ce 10 47 a7 f0 e5
INFO - a0 86 0e 18 00 01 86 a0
INFO - a0 88 4e 08 b3 00 ef 5b
INFO - a0 88 8e 10 47 a7 f0 ff
INFO - a0 88 ce 18 00 01 86 a0
INFO - a0 8a 0e 08 b3 00 ee 92
INFO - a0 8a 4e 10 47 a7 f1 21
INFO - a0 8a 8e 18 00 01 86 a0
INFO - a0 8c ce 08 b3 00 ed c2
INFO - a0 8c 0e 10 47 a7 f1 3c
INFO - a0 8c 4e 18 00 01 86 a0
INFO - a0 8e 8e 08 b3 00 ec f9
INFO - a0 8e ce 10 47 a7 f1 5d
INFO - a0 8e 0e 18 00 01 86 a0
INFO - a0 90 4e 08 b3 00 ec 29
INFO - a0 90 8e 10 47 a7 f1 7f
INFO - a0 90 ce 18 00 01 86 a0
INFO - a0 92 0e 08 b3 00 eb 60
INFO - a0 92 4e 10 47 a7 f1 9a
INFO - a0 92 8e 18 00 01 86 a0
INFO - a0 94 ce 08 b3 00 ea 90
INFO - a0 94 0e 10 47 a7 f1 bb
INFO - a0 94 4e 18 00 01 86 a0
INFO - a0 96 8e 08 b3 00 e9 c7
INFO - a0 96 ce 10 47 a7 f1 dd
INFO - a0 96 0e 18 00 01 86 a0
INFO - a0 98 4e 08 b3 00 e8 f7
INFO - a0 98 8e 10 47 a7 f1 f8
INFO - a0 98 ce 18 00 01 86 a0
INFO - a0 9b 0e 08 b3 00 e7 f8
INFO - a0 9b 4e 10 47 a7 f2 20
INFO - a0 9b 8e 18 00 01 86 a0
INFO - a0 9b ce 08 b3 00 e7 f8
INFO - a0 9b 0e 10 47 a7 f2 20
INFO - a0 9b 4e 18 00 01 86 a0
INFO - a0 b5 8e 08 b3 00 dd 92
INFO - a0 b5 ce 10 47 a7 f3 b2
INFO - a0 b5 0e 18 00 01 86 a0
INFO - a0 b7 4e 08 b3 00 dc c2
INFO - a0 b7 8e 10 47 a7 f3 d4
INFO - a0 b7 ce 18 00 01 86 a0
INFO - a0 b9 0e 08 b3 00 db f9
INFO - a0 b9 4e 10 47 a7 f3 f5
INFO - a0 b9 8e 18 00 01 86 a0
INFO - a0 bb ce 08 b3 00 db 29
INFO - a0 bb 0e 10 47 a7 f4 10
INFO - a0 bb 4e 18 00 01 86 a0
INFO - a0 bd 8e 08 b3 00 da 60
INFO - a0 bd ce 10 47 a7 f4 32
INFO - a0 bd 0e 18 00 01 86 a0
INFO - a0 bf 4e 08 b3 00 d9 90
INFO - a0 bf 8e 10 47 a7 f4 4c
INFO - a0 bf ce 18 00 01 86 a0
INFO - a0 c1 0e 08 b3 00 d8 c7
INFO - a0 c1 4e 10 47 a7 f4 6e
INFO - a0 c1 8e 18 00 01 86 a0
INFO - a0 c3 ce 08 b3 00 d7 f7
INFO - a0 c3 0e 10 47 a7 f4 8f
INFO - a0 c3 4e 18 00 01 86 a0
INFO - a0 c5 8e 08 b3 00 d7 2e
INFO - a0 c5 ce 10 47 a7 f4 aa
INFO - a0 c5 0e 18 00 01 86 a0
INFO - a0 c7 4e 08 b3 00 d6 5e
INFO - a0 c7 8e 10 47 a7 f4 cc
INFO - a0 c7 ce 18 00 01 86 a0
INFO - a0 c9 0e 08 b3 00 d5 95
INFO - a0 c9 4e 10 47 a7 f4 ed
INFO - a0 c9 8e 18 00 01 86 a0
INFO - a0 cb ce 08 b3 00 d4 c5
INFO - a0 cb 0e 10 47 a7 f5 08
INFO - a0 cb 4e 18 00 01 86 a0
INFO - a0 cd 8e 08 b3 00 d3 fc
INFO - a0 cd ce 10 47 a7 f5 2a
INFO - a0 cd 0e 18 00 01 86 a0
INFO - a0 cf 4e 08 b3 00 d3 2c
INFO - a0 cf 8e 10 47 a7 f5 44
INFO - a0 cf ce 18 00 01 86 a0
INFO - a0 d1 0e 08 b3 00 d2 63
INFO - a0 d1 4e 10 47 a7 f5 66
INFO - a0 d1 8e 18 00 01 86 a0
INFO - a0 d3 ce 08 b3 00 d1 93
INFO - a0 d3 0e 10 47 a7 f5 88
INFO - a0 d3 4e 18 00 01 86 a0
INFO - a0 d5 8e 08 b3 00 d0 ca
INFO - a0 d5 ce 10 47 a7 f5 a2
INFO - a0 d5 0e 18 00 01 86 a0
INFO - a0 d7 4e 08 b3 00 cf fa
INFO - a0 d7 8e 10 47 a7 f5 c4
INFO - a0 d7 ce 18 00 01 86 a0
INFO - a0 d9 0e 08 b3 00 cf 31
INFO - a0 d9 4e 10 47 a7 f5 df
INFO - a0 d9 8e 18 00 01 86 a0
INFO - a0 db ce 08 b3 00 ce 61
INFO - a0 db 0e 10 47 a7 f6 00
INFO - a0 db 4e 18 00 01 86 a0
INFO - a0 dd 8e 08 b3 00 cd 98
INFO - a0 dd ce 10 47 a7 f6 22
INFO - a0 dd 0e 18 00 01 86 a0
INFO - a0 df 4e 08 b3 00 cc c8
INFO - a0 df 8e 10 47 a7 f6 3d
INFO - a0 df ce 18 00 01 86 a0
INFO - a0 e1 0e 08 b3 00 cb fe
INFO - a0 e1 4e 10 47 a7 f6 5e
INFO - a0 e1 8e 18 00 01 86 a0
INFO - a0 e3 ce 08 b3 00 cb 2f
INFO - a0 e3 0e 10 47 a7 f6 80
INFO - a0 e3 4e 18 00 01 86 a0
INFO - a0 e5 8e 08 b3 00 ca 65
INFO - a0 e5 ce 10 47 a7 f6 9a
INFO - a0 e5 0e 18 00 01 86 a0
INFO - a0 e7 4e 08 b3 00 c9 96
INFO - a0 e7 8e 10 47 a7 f6 bc
INFO - a0 e7 ce 18 00 01 86 a0
INFO - a0 e9 0e 08 b3 00 c8 cc
INFO - a0 e9 4e 10 47 a7 f6 d7
INFO - a0 e9 8e 18 00 01 86 a0
INFO - a0 eb ce 08 b3 00 c7 fd
INFO - a0 eb 0e 10 47 a7 f6 f8
INFO - a0 eb 4e 18 00 01 86 a0
INFO - a0 ed 8e 08 b3 00 c7 33
INFO - a0 ed ce 10 47 a7 f7 1a
INFO - a0 ed 0e 18 00 01 86 a0
INFO - a0 ef 4e 08 b3 00 c6 64
INFO - a0 ef 8e 10 47 a7 f7 35
INFO - a0 ef ce 18 00 01 86 a0
INFO - a0 f1 0e 08 b3 00 c5 94
INFO - a0 f1 4e 10 47 a7 f7 56
INFO - a0 f1 8e 18 00 01 86 a0
INFO - a0 f3 ce 08 b3 00 c4 ca
INFO - a0 f3 0e 10 47 a7 f7 71
INFO - a0 f3 4e 18 00 01 86 a0
INFO - a0 f5 8e 08 b3 00 c3 fb
INFO - a0 f5 ce 10 47 a7 f7 93
INFO - a0 f5 0e 18 00 01 86 a0
INFO - a0 f7 4e 08 b3 00 c3 31
INFO - a0 f7 8e 10 47 a7 f7 b4
INFO - a0 f7 ce 18 00 01 86 a0
INFO - a0 f9 0e 08 b3 00 c2 68
INFO - a0 f9 4e 10 47 a7 f7 cf
INFO - a0 f9 8e 18 00 01 86 a0
INFO - a0 fb ce 08 b3 00 c1 98
INFO - a0 fb 0e 10 47 a7 f7 f0
INFO - a0 fb 4e 18 00 01 86 a0
INFO - a0 fd 8e 08 b3 00 c0 cf
INFO - a0 fd ce 10 47 a7 f8 12
INFO - a0 fd 0e 18 00 01 86 a0
INFO - a0 ff 4e 08 b3 00 bf ff
INFO - a0 ff 8e 10 47 a7 f8 2d
INFO - a0 ff ce 18 00 01 86 a0
INFO - a1 01 0e 08 b3 00 bf 36
INFO - a1 01 4e 10 47 a7 f8 4e
INFO - a1 01 8e 18 00 01 86 a0
INFO - a1 03 ce 08 b3 00 be 66
INFO - a1 03 0e 10 47 a7 f8 70
INFO - a1 03 4e 18 00 01 86 a0
INFO - a1 05 8e 08 b3 00 bd 96
INFO - a1 05 ce 10 47 a7 f8 8b
INFO - a1 05 0e 18 00 01 86 a0
INFO - a1 07 4e 08 b3 00 bc cd
INFO - a1 07 8e 10 47 a7 f8 ac
INFO - a1 07 ce 18 00 01 86 a0
INFO - a1 09 0e 08 b3 00 bb fd
INFO - a1 09 4e 10 47 a7 f8 c7
INFO - a1 09 8e 18 00 01 86 a0
INFO - a1 0b ce 08 b3 00 bb 34
INFO - a1 0b 0e 10 47 a7 f8 e9
INFO - a1 0b 4e 18 00 01 86 a0
INFO - a1 0d 8e 08 b3 00 ba 64
INFO - a1 0d ce 10 47 a7 f9 0a
INFO - a1 0d 0e 18 00 01 86 a0
INFO - a1 0f 4e 08 b3 00 b9 9b
INFO - a1 0f 8e 10 47 a7 f9 25
INFO - a1 0f ce 18 00 01 86 a0
INFO - a1 11 0e 08 b3 00 b8 cb
INFO - a1 11 4e 10 47 a7 f9 46
INFO - a1 11 8e 18 00 01 86 a0
INFO - a1 13 ce 08 b3 00 b8 02
INFO - a1 13 0e 10 47 a7 f9 68
INFO - a1 13 4e 18 00 01 86 a0
INFO - a1 15 8e 08 b3 00 b7 39
INFO - a1 15 ce 10 47 a7 f9 83
INFO - a1 15 0e 18 00 01 86 a0
INFO - a1 17 4e 08 b3 00 b6 69
INFO - a1 17 8e 10 47 a7 f9 a4
INFO - a1 17 ce 18 00 01 86 a0
INFO - a1 19 0e 08 b3 00 b5 a0
INFO - a1 19 4e 10 47 a7 f9 bf
INFO - a1 19 8e 18 00 01 86 a0
INFO - a1 1b ce 08 b3 00 b4 d0
INFO - a1 1b 0e 10 47 a7 f9 e1
INFO - a1 1b 4e 18 00 01 86 a0
INFO - a1 1d 8e 08 b3 00 b4 07
INFO - a1 1d ce 10 47 a7 fa 02
INFO - a1 1d 0e 18 00 01 86 a0
INFO - a1 1f 4e 08 b3 00 b3 37
INFO - a1 1f 8e 10 47 a7 fa 1d
INFO - a1 1f ce 18 00 01 86 a0
INFO - a1 21 0e 08 b3 00 b2 67
INFO - a1 21 4e 10 47 a7 fa 3f
INFO - a1 21 8e 18 00 01 86 a0
INFO - a1 23 ce 08 b3 00 b1 9e
INFO - a1 23 0e 10 47 a7 fa 60
INFO - a1 23 4e 18 00 01 86 a0
INFO - a1 25 8e 08 b3 00 b0 ce
INFO - a1 25 ce 10 47 a7 fa 7b
INFO - a1 25 0e 18 00 01 86 a0
INFO - a1 27 4e 08 b3 00 b0 05
INFO - a1 27 8e 10 47 a7 fa 9c
INFO - a1 27 ce 18 00 01 86 a0
INFO - a1 29 0e 08 b3 00 af 3c
INFO - a1 29 4e 10 47 a7 fa b7
INFO - a1 29 8e 18 00 01 86 a0
INFO - a1 2b ce 08 b3 00 ae 6c
INFO - a1 2b 0e 10 47 a7 fa d9
INFO - a1 2b 4e 18 00 01 86 a0
INFO - a1 2d 8e 08 b3 00 ad a3
INFO - a1 2d ce 10 47 a7 fa fa
INFO - a1 2d 0e 18 00 01 86 a0
INFO - a1 2f 4e 08 b3 00 ac d3
INFO - a1 2f 8e 10 47 a7 fb 15
INFO - a1 2f ce 18 00 01 86 a0
INFO - a1 31 0e 08 b3 00 ac 03
INFO - a1 31 4e 10 47 a7 fb 37
INFO - a1 31 8e 18 00 01 86 a0
INFO - a1 33 ce 08 b3 00 ab 3a
INFO - a1 33 0e 10 47 a7 fb 51
INFO - a1 33 4e 18 00 01 86 a0
INFO - a1 35 8e 08 b3 00 aa 6a
INFO - a1 35 ce 10 47 a7 fb 73
INFO - a1 35 0e 18 00 01 86 a0
INFO - a1 37 4e 08 b3 00 a9 a1
INFO - a1 37 8e 10 47 a7 fb 95
INFO - a1 37 ce 18 00 01 86 a0
INFO - a1 39 0e 08 b3 00 a8 d1
INFO - a1 39 4e 10 47 a7 fb af
INFO - a1 39 8e 18 00 01 86 a0
INFO - a1 3b ce 08 b3 00 a8 08
INFO - a1 3b 0e 10 47 a7 fb d1
INFO - a1 3b 4e 18 00 01 86 a0
INFO - a1 3d 8e 08 b3 00 a7 38
INFO - a1 3d ce 10 47 a7 fb f2
INFO - a1 3d 0e 18 00 01 86 a0
INFO - a1 3f 4e 08 b3 00 a6 6f
INFO - a1 3f 8e 10 47 a7 fc 0d
INFO - a1 3f ce 18 00 01 86 a0
INFO - a1 41 0e 08 b3 00 a5 9f
INFO - a1 41 4e 10 47 a7 fc 2f
INFO - a1 41 8e 18 00 01 86 a0
INFO - a1 43 ce 08 b3 00 a4 d6
INFO - a1 43 0e 10 47 a7 fc 50
INFO - a1 43 4e 18 00 01 86 a0
INFO - a1 45 8e 08 b3 00 a4 06
INFO - a1 45 ce 10 47 a7 fc 6b
INFO - a1 45 0e 18 00 01 86 a0
INFO - a1 47 4e 08 b3 00 a3 3d
INFO - a1 47 8e 10 47 a7 fc 8d
INFO - a1 47 ce 18 00 01 86 a0
INFO - a1 49 0e 08 b3 00 a2 6d
INFO - a1 49 4e 10 47 a7 fc a7
INFO - a1 49 8e 18 00 01 86 a0
INFO - a1 4b ce 08 b3 00 a1 a4
INFO - a1 4b 0e 10 47 a7 fc c9
INFO - a1 4b 4e 18 00 01 86 a0
INFO - a1 4d 8e 08 b3 00 a0 d4
INFO - a1 4d ce 10 47 a7 fc ea
INFO - a1 4d 0e 18 00 01 86 a0
INFO - a1 4f 4e 08 b3 00 a0 0b
INFO - a1 4f 8e 10 47 a7 fd 05
INFO - a1 4f ce 18 00 01 86 a0
INFO - a1 51 0e 08 b3 00 9f 3b
INFO - a1 51 4e 10 47 a7 fd 27
INFO - a1 51 8e 18 00 01 86 a0
INFO - a1 53 ce 08 b3 00 9e 6b
INFO - a1 53 0e 10 47 a7 fd 48
INFO - a1 53 4e 18 00 01 86 a0
INFO - a1 55 8e 08 b3 00 9d a2
INFO - a1 55 ce 10 47 a7 fd 63
INFO - a1 55 0e 18 00 01 86 a0
INFO - a1 57 4e 08 b3 00 9c d2
INFO - a1 57 8e 10 47 a7 fd 85
INFO - a1 57 ce 18 00 01 86 a0
INFO - a1 59 0e 08 b3 00 9c 09
INFO - a1 59 4e 10 47 a7 fd a6
INFO - a1 59 8e 18 00 01 86 a0
INFO - a1 5b ce 08 b3 00 9b 39
INFO - a1 5b 0e 10 47 a7 fd c1
INFO - a1 5b 4e 18 00 01 86 a0
INFO - a1 5d 8e 08 b3 00 9a 70
INFO - a1 5d ce 10 47 a7 fd e3
INFO - a1 5d 0e 18 00 01 86 a0
INFO - a1 5f 4e 08 b3 00 99 a0
INFO - a1 5f 8e 10 47 a7 fd fd
INFO - a1 5f ce 18 00 01 86 a0
INFO - a1 61 0e 08 b3 00 98 d7
INFO - a1 61 4e 10 47 a7 fe 1f
INFO - a1 61 8e 18 00 01 86 a0
INFO - a1 63 ce 08 b3 00 98 07
INFO - a1 63 0e 10 47 a7 fe 40
INFO - a1 63 4e 18 00 01 86 a0
INFO - a1 65 8e 08 b3 00 97 3e
INFO - a1 65 ce 10 47 a7 fe 5b
INFO - a1 65 0e 18 00 01 86 a0
INFO - a1 67 4e 08 b3 00 96 6e
INFO - a1 67 8e 10 47 a7 fe 7d
INFO - a1 67 ce 18 00 01 86 a0
INFO - a1 69 0e 08 b3 00 95 a5
INFO - a1 69 4e 10 47 a7 fe 98
INFO - a1 69 8e 18 00 01 86 a0
INFO - a1 6b ce 08 b3 00 94 d5
INFO - a1 6b 0e 10 47 a7 fe b9
INFO - a1 6b 4e 18 00 01 86 a0
INFO - a1 6d 8e 08 b3 00 94 0b
INFO - a1 6d ce 10 47 a7 fe db
INFO - a1 6d 0e 18 00 01 86 a0
INFO - a1 6f 4e 08 b3 00 93 3c
INFO - a1 6f 8e 10 47 a7 fe f6
INFO - a1 6f ce 18 00 01 86 a0
INFO - a1 71 0e 08 b3 00 92 72
INFO - a1 71 4e 10 47 a7 ff 17
INFO - a1 71 8e 18 00 01 86 a0
INFO - a1 73 ce 08 b3 00 91 a3
INFO - a1 73 0e 10 47 a7 ff 32
INFO - a1 73 4e 18 00 01 86 a0
INFO - a1 75 8e 08 b3 00 90 d9
INFO - a1 75 ce 10 47 a7 ff 53
INFO - a1 75 0e 18 00 01 86 a0
INFO - a1 77 4e 08 b3 00 90 0a
INFO - a1 77 8e 10 47 a7 ff 75
INFO - a1 77 ce 18 00 01 86 a0
INFO - a1 79 0e 08 b3 00 8f 3a
INFO - a1 79 4e 10 47 a7 ff 90
INFO - a1 79 8e 18 00 01 86 a0
INFO - a1 7b ce 08 b3 00 8e 71
INFO - a1 7b 0e 10 47 a7 ff b1
INFO - a1 7b 4e 18 00 01 86 a0
INFO - a1 7d 8e 08 b3 00 8d a1
INFO - a1 7d ce 10 47 a7 ff cc
INFO - a1 7d 0e 18 00 01 86 a0
INFO - a1 7f 4e 08 b3 00 8c d7
INFO - a1 7f 8e 10 47 a7 ff ee
INFO - a1 7f ce 18 00 01 86 a0
INFO - a1 81 0e 08 b3 00 8c 08
INFO - a1 81 4e 10 47 a8 00 0f
INFO - a1 81 8e 18 00 01 86 a0
INFO - a1 83 ce 08 b3 00 8b 3e
INFO - a1 83 0e 10 47 a8 00 2a
INFO - a1 83 4e 18 00 01 86 a0
INFO - a1 85 8e 08 b3 00 8a 6f
INFO - a1 85 ce 10 47 a8 00 4c
INFO - a1 85 0e 18 00 01 86 a0
INFO - a1 87 4e 08 b3 00 89 a5
INFO - a1 87 8e 10 47 a8 00 6d
INFO - a1 87 ce 18 00 01 86 a0
INFO - a1 89 0e 08 b3 00 88 d6
INFO - a1 89 4e 10 47 a8 00 88
INFO - a1 89 8e 18 00 01 86 a0
INFO - a1 8b ce 08 b3 00 88 0c
INFO - a1 8b 0e 10 47 a8 00 a9
INFO - a1 8b 4e 18 00 01 86 a0
INFO - a1 8d 8e 08 b3 00 87 3c
INFO - a1 8d ce 10 47 a8 00 c4
INFO - a1 8d 0e 18 00 01 86 a0
INFO - a1 8f 4e 08 b3 00 86 73
INFO - a1 8f 8e 10 47 a8 00 e6
INFO - a1 8f ce 18 00 01 86 a0
INFO - a1 91 0e 08 b3 00 85 a3
INFO - a1 91 4e 10 47 a8 01 07
INFO - a1 91 8e 18 00 01 86 a0
INFO - a1 93 ce 08 b3 00 84 da
INFO - a1 93 0e 10 47 a8 01 22
INFO - a1 93 4e 18 00 01 86 a0
INFO - a1 95 8e 08 b3 00 84 0a
INFO - a1 95 ce 10 47 a8 01 44
INFO - a1 95 0e 18 00 01 86 a0
INFO - a1 97 4e 08 b3 00 83 41
INFO - a1 97 8e 10 47 a8 01 5e
INFO - a1 97 ce 18 00 01 86 a0
INFO - a1 99 0e 08 b3 00 82 71
INFO - a1 99 4e 10 47 a8 01 80
INFO - a1 99 8e 18 00 01 86 a0
INFO - a1 9b ce 08 b3 00 81 a8
INFO - a1 9b 0e 10 47 a8 01 a1
INFO - a1 9b 4e 18 00 01 86 a0
INFO - a1 9d 8e 08 b3 00 80 d8
INFO - a1 9d ce 10 47 a8 01 bc
INFO - a1 9d 0e 18 00 01 86 a0
INFO - a1 9f 4e 08 b3 00 80 0f
INFO - a1 9f 8e 10 47 a8 01 de
INFO - a1 9f ce 18 00 01 86 a0
INFO - a1 a1 0e 08 b3 00 7f 3f
INFO - a1 a1 4e 10 47 a8 01 f9
INFO - a1 a1 8e 18 00 01 86 a0
INFO - a1 a3 ce 08 b3 00 7e 76
INFO - a1 a3 0e 10 47 a8 02 1a
INFO - a1 a3 4e 18 00 01 86 a0
INFO - a1 a5 8e 08 b3 00 7d a6
INFO - a1 a5 ce 10 47 a8 02 3c
INFO - a1 a5 0e 18 00 01 86 a0
INFO - a1 a7 4e 08 b3 00 7c dd
INFO - a1 a7 8e 10 47 a8 02 57
INFO - a1 a7 ce 18 00 01 86 a0
INFO - a1 a9 0e 08 b3 00 7c 0d
INFO - a1 a9 4e 10 47 a8 02 78
INFO - a1 a9 8e 18 00 01 86 a0
INFO - a1 ab ce 08 b3 00 7b 44
INFO - a1 ab 0e 10 47 a8 02 9a
INFO - a1 ab 4e 18 00 01 86 a0
INFO - a1 ad 8e 08 b3 00 7a 74
INFO - a1 ad ce 10 47 a8 02 b4
INFO - a1 ad 0e 18 00 01 86 a0
INFO - a1 af 4e 08 b3 00 79 ab
INFO - a1 af 8e 10 47 a8 02 d6
INFO - a1 af ce 18 00 01 86 a0
INFO - a1 b1 0e 08 b3 00 78 db
INFO - a1 b1 4e 10 47 a8 02 f1
INFO - a1 b1 8e 18 00 01 86 a0
INFO - a1 b3 ce 08 b3 00 78 12
INFO - a1 b3 0e 10 47 a8 03 12
INFO - a1 b3 4e 18 00 01 86 a0
INFO - a1 b5 8e 08 b3 00 77 42
INFO - a1 b5 ce 10 47 a8 03 34
INFO - a1 b5 0e 18 00 01 86 a0
INFO - a1 b7 4e 08 b3 00 76 79
INFO - a1 b7 8e 10 47 a8 03 4f
INFO - a1 b7 ce 18 00 01 86 a0
INFO - a1 b9 0e 08 b3 00 75 a9
INFO - a1 b9 4e 10 47 a8 03 70
INFO - a1 b9 8e 18 00 01 86 a0
INFO - a1 bb ce 08 b3 00 74 e0
INFO - a1 bb 0e 10 47 a8 03 8b
INFO - a1 bb 4e 18 00 01 86 a0
INFO - a1 bd 8e 08 b3 00 74 10
INFO - a1 bd ce 10 47 a8 03 ad
INFO - a1 bd 0e 18 00 01 86 a0
INFO - a1 bf 4e 08 b3 00 73 47
INFO - a1 bf 8e 10 47 a8 03 ce
INFO - a1 bf ce 18 00 01 86 a0
INFO - a1 c1 0e 08 b3 00 72 77
INFO - a1 c1 4e 10 47 a8 03 e9
INFO - a1 c1 8e 18 00 01 86 a0
INFO - a1 c3 ce 08 b3 00 71 ae
INFO - a1 c3 0e 10 47 a8 04 0a
INFO - a1 c3 4e 18 00 01 86 a0
INFO - a1 c5 8e 08 b3 00 70 de
INFO - a1 c5 ce 10 47 a8 04 2c
INFO - a1 c5 0e 18 00 01 86 a0
INFO - a1 c7 4e 08 b3 00 70 15
INFO - a1 c7 8e 10 47 a8 04 47
INFO - a1 c7 ce 18 00 01 86 a0
INFO - a1 c9 0e 08 b3 00 6f 45
INFO - a1 c9 4e 10 47 a8 04 68
INFO - a1 c9 8e 18 00 01 86 a0
INFO - a1 cb ce 08 b3 00 6e 75
INFO - a1 cb 0e 10 47 a8 04 83
INFO - a1 cb 4e 18 00 01 86 a0
INFO - a1 cd 8e 08 b3 00 6d ac
INFO - a1 cd ce 10 47 a8 04 a5
INFO - a1 cd 0e 18 00 01 86 a0
INFO - a1 cf 4e 08 b3 00 6c dc
INFO - a1 cf 8e 10 47 a8 04 c6
INFO - a1 cf ce 18 00 01 86 a0
INFO - a1 d1 0e 08 b3 00 6c 13
INFO - a1 d1 4e 10 47 a8 04 e1
INFO - a1 d1 8e 18 00 01 86 a0
INFO - a1 d3 ce 08 b3 00 6b 43
INFO - a1 d3 0e 10 47 a8 05 02
INFO - a1 d3 4e 18 00 01 86 a0
INFO - a1 d5 8e 08 b3 00 6a 73
INFO - a1 d5 ce 10 47 a8 05 1d
INFO - a1 d5 0e 18 00 01 86 a0
INFO - a1 d7 4e 08 b3 00 69 aa
INFO - a1 d7 8e 10 47 a8 05 3f
INFO - a1 d7 ce 18 00 01 86 a0
INFO - a1 d9 0e 08 b3 00 68 da
INFO - a1 d9 4e 10 47 a8 05 5a
INFO - a1 d9 8e 18 00 01 86 a0
INFO - a1 db ce 08 b3 00 68 11
INFO - a1 db 0e 10 47 a8 05 7b
INFO - a1 db 4e 18 00 01 86 a0
INFO - a1 dd 8e 08 b3 00 67 41
INFO - a1 dd ce 10 47 a8 05 9d
INFO - a1 dd 0e 18 00 01 86 a0
INFO - a1 df 4e 08 b3 00 66 78
INFO - a1 df 8e 10 47 a8 05 b8
INFO - a1 df ce 18 00 01 86 a0
INFO - a1 e1 0e 08 b3 00 65 a8
INFO - a1 e1 4e 10 47 a8 05 d9
INFO - a1 e1 8e 18 00 01 86 a0
INFO - a1 e3 ce 08 b3 00 64 df
INFO - a1 e3 0e 10 47 a8 05 fb
INFO - a1 e3 4e 18 00 01 86 a0
INFO - a1 e5 8e 08 b3 00 64 0f
INFO - a1 e5 ce 10 47 a8 06 15
INFO - a1 e5 0e 18 00 01 86 a0
INFO - a1 e7 4e 08 b3 00 63 46
INFO - a1 e7 8e 10 47 a8 06 37
INFO - a1 e7 ce 18 00 01 86 a0
INFO - a1 e9 0e 08 b3 00 62 76
INFO - a1 e9 4e 10 47 a8 06 52
INFO - a1 e9 8e 18 00 01 86 a0
INFO - a1 eb ce 08 b3 00 61 ad
INFO - a1 eb 0e 10 47 a8 06 73
INFO - a1 eb 4e 18 00 01 86 a0
INFO - a1 ed 8e 08 b3 00 60 dd
INFO - a1 ed ce 10 47 a8 06 95
INFO - a1 ed 0e 18 00 01 86 a0
INFO - a1 ef 4e 08 b3 00 60 0d
INFO - a1 ef 8e 10 47 a8 06 b0
INFO - a1 ef ce 18 00 01 86 a0
INFO - a1 f1 0e 08 b3 00 5f 44
INFO - a1 f1 4e 10 47 a8 06 d1
INFO - a1 f1 8e 18 00 01 86 a0
INFO - a1 f3 ce 08 b3 00 5e 74
INFO - a1 f3 0e 10 47 a8 06 ec
INFO - a1 f3 4e 18 00 01 86 a0
INFO - a1 f5 8e 08 b3 00 5d ab
INFO - a1 f5 ce 10 47 a8 07 0e
INFO - a1 f5 0e 18 00 01 86 a0
INFO - a1 f7 4e 08 b3 00 5c db
INFO - a1 f7 8e 10 47 a8 07 2f
INFO - a1 f7 ce 18 00 01 86 a0
INFO - a1 f9 0e 08 b3 00 5c 12
INFO - a1 f9 4e 10 47 a8 07 4a
INFO - a1 f9 8e 18 00 01 86 a0
INFO - a1 fb ce 08 b3 00 5b 42
INFO - a1 fb 0e 10 47 a8 07 6b
INFO - a1 fb 4e 18 00 01 86 a0
INFO - a1 fd 8e 08 b3 00 5a 72
INFO - a1 fd ce 10 47 a8 07 8d
INFO - a1 fd 0e 18 00 01 86 a0
INFO - a1 ff 4e 08 b3 00 59 a9
INFO - a1 ff 8e 10 47 a8 07 a8
INFO - a1 ff ce 18 00 01 86 a0
INFO - a2 01 0e 08 b3 00 58 e0
INFO - a2 01 4e 10 47 a8 07 c9
INFO - a2 01 8e 18 00 01 86 a0
INFO - a2 03 ce 08 b3 00 58 10
INFO - a2 03 0e 10 47 a8 07 e4
INFO - a2 03 4e 18 00 01 86 a0
INFO - a2 05 8e 08 b3 00 57 40
INFO - a2 05 ce 10 47 a8 08 06
INFO - a2 05 0e 18 00 01 86 a0
INFO - a2 07 4e 08 b3 00 56 77
INFO - a2 07 8e 10 47 a8 08 20
INFO - a2 07 ce 18 00 01 86 a0
INFO - a2 09 0e 08 b3 00 55 a7
INFO - a2 09 4e 10 47 a8 08 42
INFO - a2 09 8e 18 00 01 86 a0
INFO - a2 0b ce 08 b3 00 54 de
INFO - a2 0b 0e 10 47 a8 08 64
INFO - a2 0b 4e 18 00 01 86 a0
INFO - a2 0d 8e 08 b3 00 54 0e
INFO - a2 0d ce 10 47 a8 08 7e
INFO - a2 0d 0e 18 00 01 86 a0
INFO - a2 0f 4e 08 b3 00 53 45
INFO - a2 0f 8e 10 47 a8 08 a0
INFO - a2 0f ce 18 00 01 86 a0
INFO - a2 11 0e 08 b3 00 52 75
INFO - a2 11 4e 10 47 a8 08 c1
INFO - a2 11 8e 18 00 01 86 a0
INFO - a2 13 ce 08 b3 00 51 ac
INFO - a2 13 0e 10 47 a8 08 dc
INFO - a2 13 4e 18 00 01 86 a0
INFO - a2 15 8e 08 b3 00 50 dc
INFO - a2 15 ce 10 47 a8 08 fe
INFO - a2 15 0e 18 00 01 86 a0
INFO - a2 17 4e 08 b3 00 50 13
INFO - a2 17 8e 10 47 a8 09 19
INFO - a2 17 ce 18 00 01 86 a0
INFO - a2 19 0e 08 b3 00 4f 43
INFO - a2 19 4e 10 47 a8 09 3a
INFO - a2 19 8e 18 00 01 86 a0
INFO - a2 1b ce 08 b3 00 4e 7a
INFO - a2 1b 0e 10 47 a8 09 5c
INFO - a2 1b 4e 18 00 01 86 a0
INFO - a2 1d 8e 08 b3 00 4d b0
INFO - a2 1d ce 10 47 a8 09 76
INFO - a2 1d 0e 18 00 01 86 a0
INFO - a2 1f 4e 08 b3 00 4c e1
INFO - a2 1f 8e 10 47 a8 09 98
INFO - a2 1f ce 18 00 01 86 a0
INFO - a2 21 0e 08 b3 00 4c 17
INFO - a2 21 4e 10 47 a8 09 b3
INFO - a2 21 8e 18 00 01 86 a0
INFO - a2 23 ce 08 b3 00 4b 48
INFO - a2 23 0e 10 47 a8 09 d4
INFO - a2 23 4e 18 00 01 86 a0
INFO - a2 25 8e 08 b3 00 4a 7e
INFO - a2 25 ce 10 47 a8 09 f6
INFO - a2 25 0e 18 00 01 86 a0
INFO - a2 27 4e 08 b3 00 49 af
INFO - a2 27 8e 10 47 a8 0a 17
INFO - a2 27 ce 18 00 01 86 a0
INFO - a2 29 0e 08 b3 00 48 e5
INFO - a2 29 4e 10 47 a8 0a 32
INFO - a2 29 8e 18 00 01 86 a0
INFO - a2 2b ce 08 b3 00 48 15
INFO - a2 2b 0e 10 47 a8 0a 54
INFO - a2 2b 4e 18 00 01 86 a0
INFO - a2 2d 8e 08 b3 00 47 4c
INFO - a2 2d ce 10 47 a8 0a 6f
INFO - a2 2d 0e 18 00 01 86 a0
INFO - a2 2f 4e 08 b3 00 46 7c
INFO - a2 2f 8e 10 47 a8 0a 90
INFO - a2 2f ce 18 00 01 86 a0
INFO - a2 31 0e 08 b3 00 45 ad
INFO - a2 31 4e 10 47 a8 0a b2
INFO - a2 31 8e 18 00 01 86 a0
INFO - a2 33 ce 08 b3 00 44 e3
INFO - a2 33 0e 10 47 a8 0a cc
INFO - a2 33 4e 18 00 01 86 a0
INFO - a2 35 8e 08 b3 00 44 14
INFO - a2 35 ce 10 47 a8 0a ee
INFO - a2 35 0e 18 00 01 86 a0
INFO - a2 37 4e 08 b3 00 43 4a
INFO - a2 37 8e 10 47 a8 0b 0f
INFO - a2 37 ce 18 00 01 86 a0
INFO - a2 39 0e 08 b3 00 42 7a
INFO - a2 39 4e 10 47 a8 0b 2a
INFO - a2 39 8e 18 00 01 86 a0
INFO - a2 3b ce 08 b3 00 41 b1
INFO - a2 3b 0e 10 47 a8 0b 4c
INFO - a2 3b 4e 18 00 01 86 a0
INFO - a2 3d 8e 08 b3 00 40 e1
INFO - a2 3d ce 10 47 a8 0b 6d
INFO - a2 3d 0e 18 00 01 86 a0
INFO - a2 3f 4e 08 b3 00 40 18
INFO - a2 3f 8e 10 47 a8 0b 8f
INFO - a2 3f ce 18 00 01 86 a0
INFO - a2 41 0e 08 b3 00 3f 48
INFO - a2 41 4e 10 47 a8 0b aa
INFO - a2 41 8e 18 00 01 86 a0
INFO - a2 43 ce 08 b3 00 3e 7f
INFO - a2 43 0e 10 47 a8 0b cb
INFO - a2 43 4e 18 00 01 86 a0
INFO - a2 45 8e 08 b3 00 3d af
INFO - a2 45 ce 10 47 a8 0b e6
INFO - a2 45 0e 18 00 01 86 a0
INFO - a2 47 4e 08 b3 00 3c e0
INFO - a2 47 8e 10 47 a8 0c 08
INFO - a2 47 ce 18 00 01 86 a0
INFO - a2 49 0e 08 b3 00 3c 16
INFO - a2 49 4e 10 47 a8 0c 29
INFO - a2 49 8e 18 00 01 86 a0
INFO - a2 4b ce 08 b3 00 3b 4d
INFO - a2 4b 0e 10 47 a8 0c 4b
INFO - a2 4b 4e 18 00 01 86 a0
INFO - a2 4d 8e 08 b3 00 3a 7d
INFO - a2 4d ce 10 47 a8 0c 65
INFO - a2 4d 0e 18 00 01 86 a0
INFO - a2 4f 4e 08 b3 00 39 b4
INFO - a2 4f 8e 10 47 a8 0c 87
INFO - a2 4f ce 18 00 01 86 a0
INFO - a2 51 0e 08 b3 00 38 e4
INFO - a2 51 4e 10 47 a8 0c a9
INFO - a2 51 8e 18 00 01 86 a0
INFO - a2 53 ce 08 b3 00 38 1b
INFO - a2 53 0e 10 47 a8 0c c3
INFO - a2 53 4e 18 00 01 86 a0
INFO - a2 55 8e 08 b3 00 37 4b
INFO - a2 55 ce 10 47 a8 0c e5
INFO - a2 55 0e 18 00 01 86 a0
INFO - a2 57 4e 08 b3 00 36 82
INFO - a2 57 8e 10 47 a8 0d 06
INFO - a2 57 ce 18 00 01 86 a0
INFO - a2 59 0e 08 b3 00 35 b2
INFO - a2 59 4e 10 47 a8 0d 28
INFO - a2 59 8e 18 00 01 86 a0
INFO - a2 5b ce 08 b3 00 34 e9
INFO - a2 5b 0e 10 47 a8 0d 43
INFO - a2 5b 4e 18 00 01 86 a0
INFO - a2 5d 8e 08 b3 00 34 19
INFO - a2 5d ce 10 47 a8 0d 64
INFO - a2 5d 0e 18 00 01 86 a0
INFO - a2 5f 4e 08 b3 00 33 50
INFO - a2 5f 8e 10 47 a8 0d 86
INFO - a2 5f ce 18 00 01 86 a0
INFO - a2 61 0e 08 b3 00 32 80
INFO - a2 61 4e 10 47 a8 0d a1
INFO - a2 61 8e 18 00 01 86 a0
INFO - a2 63 ce 08 b3 00 31 b7
INFO - a2 63 0e 10 47 a8 0d c2
INFO - a2 63 4e 18 00 01 86 a0
INFO - a2 65 8e 08 b3 00 30 e7
INFO - a2 65 ce 10 47 a8 0d e4
INFO - a2 65 0e 18 00 01 86 a0
INFO - a2 67 4e 08 b3 00 30 1e
INFO - a2 67 8e 10 47 a8 0d fe
INFO - a2 67 ce 18 00 01 86 a0
INFO - a2 69 0e 08 b3 00 2f 4e
INFO - a2 69 4e 10 47 a8 0e 20
INFO - a2 69 8e 18 00 01 86 a0
INFO - a2 6b ce 08 b3 00 2e 85
INFO - a2 6b 0e 10 47 a8 0e 42
INFO - a2 6b 4e 18 00 01 86 a0
INFO - a2 6d 8e 08 b3 00 2d b5
INFO - a2 6d ce 10 47 a8 0e 5c
INFO - a2 6d 0e 18 00 01 86 a0
INFO - a2 6f 4e 08 b3 00 2c ec
INFO - a2 6f 8e 10 47 a8 0e 7e
INFO - a2 6f ce 18 00 01 86 a0
INFO - a2 71 0e 08 b3 00 2c 1c
INFO - a2 71 4e 10 47 a8 0e 9f
INFO - a2 71 8e 18 00 01 86 a0
INFO - a2 73 ce 08 b3 00 2b 53
INFO - a2 73 0e 10 47 a8 0e ba
INFO - a2 73 4e 18 00 01 86 a0
INFO - a2 75 8e 08 b3 00 2a 83
INFO - a2 75 ce 10 47 a8 0e dc
INFO - a2 75 0e 18 00 01 86 a0
INFO - a2 77 4e 08 b3 00 29 b3
INFO - a2 77 8e 10 47 a8 0e fd
INFO - a2 77 ce 18 00 01 86 a0
INFO - a2 79 0e 08 b3 00 28 ea
INFO - a2 79 4e 10 47 a8 0f 18
INFO - a2 79 8e 18 00 01 86 a0
INFO - a2 7b ce 08 b3 00 28 1a
INFO - a2 7b 0e 10 47 a8 0f 3a
INFO - a2 7b 4e 18 00 01 86 a0
INFO - a2 7d 8e 08 b3 00 27 51
INFO - a2 7d ce 10 47 a8 0f 5b
INFO - a2 7d 0e 18 00 01 86 a0
INFO - a2 7f 4e 08 b3 00 26 81
INFO - a2 7f 8e 10 47 a8 0f 76
INFO - a2 7f ce 18 00 01 86 a0
INFO - a2 81 0e 08 b3 00 25 b8
INFO - a2 81 4e 10 47 a8 0f 98
INFO - a2 81 8e 18 00 01 86 a0
INFO - a2 83 ce 08 b3 00 24 e8
INFO - a2 83 0e 10 47 a8 0f b9
INFO - a2 83 4e 18 00 01 86 a0
INFO - a2 85 8e 08 b3 00 24 1f
INFO - a2 85 ce 10 47 a8 0f d4
INFO - a2 85 0e 18 00 01 86 a0
INFO - a2 87 4e 08 b3 00 23 4f
INFO - a2 87 8e 10 47 a8 0f f5
INFO - a2 87 ce 18 00 01 86 a0
INFO - a2 89 0e 08 b3 00 22 86
INFO - a2 89 4e 10 47 a8 10 17
INFO - a2 89 8e 18 00 01 86 a0
INFO - a2 8b ce 08 b3 00 21 b6
INFO - a2 8b 0e 10 47 a8 10 32
INFO - a2 8b 4e 18 00 01 86 a0
INFO - a2 8d 8e 08 b3 00 20 e6
INFO - a2 8d ce 10 47 a8 10 53
INFO - a2 8d 0e 18 00 01 86 a0
INFO - a2 8f 4e 08 b3 00 20 1d
INFO - a2 8f 8e 10 47 a8 10 75
INFO - a2 8f ce 18 00 01 86 a0
INFO - a2 91 0e 08 b3 00 1f 54
INFO - a2 91 4e 10 47 a8 10 90
INFO - a2 91 8e 18 00 01 86 a0
INFO - a2 93 ce 08 b3 00 1e 84
INFO - a2 93 0e 10 47 a8 10 b1
INFO - a2 93 4e 18 00 01 86 a0
INFO - a2 95 8e 08 b3 00 1d b4
INFO - a2 95 ce 10 47 a8 10 d3
INFO - a2 95 0e 18 00 01 86 a0
INFO - a2 97 4e 08 b3 00 1c eb
INFO - a2 97 8e 10 47 a8 10 ee
INFO - a2 97 ce 18 00 01 86 a0
INFO - a2 99 0e 08 b3 00 1c 1b
INFO - a2 99 4e 10 47 a8 11 0f
INFO - a2 99 8e 18 00 01 86 a0
INFO - a2 9b ce 08 b3 00 1b 52
INFO - a2 9b 0e 10 47 a8 11 2a
INFO - a2 9b 4e 18 00 01 86 a0
INFO - a2 9d 8e 08 b3 00 1a 82
INFO - a2 9d ce 10 47 a8 11 4b
INFO - a2 9d 0e 18 00 01 86 a0
INFO - a2 9f 4e 08 b3 00 19 b9
INFO - a2 9f 8e 10 47 a8 11 6d
INFO - a2 9f ce 18 00 01 86 a0
INFO - a2 a1 0e 08 b3 00 18 e9
INFO - a2 a1 4e 10 47 a8 11 88
INFO - a2 a1 8e 18 00 01 86 a0
INFO - a2 a3 ce 08 b3 00 18 20
INFO - a2 a3 0e 10 47 a8 11 a9
INFO - a2 a3 4e 18 00 01 86 a0
INFO - a2 a5 8e 08 b3 00 17 50
INFO - a2 a5 ce 10 47 a8 11 cb
INFO - a2 a5 0e 18 00 01 86 a0
INFO - a2 a7 4e 08 b3 00 16 87
INFO - a2 a7 8e 10 47 a8 11 e6
INFO - a2 a7 ce 18 00 01 86 a0
INFO - a2 a7 0e 08 b3 00 16 51
INFO - a2 a7 4e 10 47 a8 11 f3
INFO - a2 a7 8e 18 00 01 86 a0
INFO - a2 a7 ce 08 b3 00 16 51
INFO - a2 a7 0e 10 47 a8 11 f3
INFO - a2 a7 4e 18 00 01 86 a0
INFO - a2 a9 8e 08 b3 00 15 81
INFO - a2 a9 ce 10 47 a8 12 0e
INFO - a2 a9 0e 18 00 01 86 a0
INFO - a2 ab 4e 08 b3 00 14 b8
INFO - a2 ab 8e 10 47 a8 12 2f
INFO - a2 ab ce 18 00 01 86 a0
INFO - a2 ae 0e 08 b3 00 13 e8
INFO - a2 ae 4e 10 47 a8 12 51
INFO - a2 ae 8e 18 00 01 86 a0
INFO - a2 af ce 08 b3 00 13 1f
INFO - a2 af 0e 10 47 a8 12 6c
INFO - a2 af 4e 18 00 01 86 a0
INFO - a2 b1 8e 08 b3 00 12 4f
INFO - a2 b1 ce 10 47 a8 12 8d
INFO - a2 b1 0e 18 00 01 86 a0
INFO - a2 b4 4e 08 b3 00 11 7f
INFO - a2 b4 8e 10 47 a8 12 af
INFO - a2 b4 ce 18 00 01 86 a0
INFO - a2 b5 0e 08 b3 00 10 b6
INFO - a2 b5 4e 10 47 a8 12 ca
INFO - a2 b5 8e 18 00 01 86 a0
INFO - a2 b8 ce 08 b3 00 0f e6
INFO - a2 b8 0e 10 47 a8 12 eb
INFO - a2 b8 4e 18 00 01 86 a0
INFO - a2 b9 8e 08 b3 00 0f 1d
INFO - a2 b9 ce 10 47 a8 13 0d
INFO - a2 b9 0e 18 00 01 86 a0
INFO - a2 bc 4e 08 b3 00 0e 4d
INFO - a2 bc 8e 10 47 a8 13 27
INFO - a2 bc ce 18 00 01 86 a0
INFO - a2 bd 0e 08 b3 00 0d 84
INFO - a2 bd 4e 10 47 a8 13 49
INFO - a2 bd 8e 18 00 01 86 a0
INFO - a2 c0 ce 08 b3 00 0c b4
INFO - a2 c0 0e 10 47 a8 13 64
INFO - a2 c0 4e 18 00 01 86 a0
INFO - a2 c1 8e 08 b3 00 0b eb
INFO - a2 c1 ce 10 47 a8 13 85
INFO - a2 c1 0e 18 00 01 86 a0
INFO - a2 c4 4e 08 b3 00 0b 1b
INFO - a2 c4 8e 10 47 a8 13 a7
INFO - a2 c4 ce 18 00 01 86 a0
INFO - a2 c5 0e 08 b3 00 0a 52
INFO - a2 c5 4e 10 47 a8 13 c2
INFO - a2 c5 8e 18 00 01 86 a0
INFO - a2 c8 ce 08 b3 00 09 82
INFO - a2 c8 0e 10 47 a8 13 e3
INFO - a2 c8 4e 18 00 01 86 a0
INFO - a2 c9 8e 08 b3 00 08 b9
INFO - a2 c9 ce 10 47 a8 14 05
INFO - a2 c9 0e 18 00 01 86 a0
INFO - a2 cc 4e 08 b3 00 07 e9
INFO - a2 cc 8e 10 47 a8 14 20
INFO - a2 cc ce 18 00 01 86 a0
INFO - a2 cd 0e 08 b3 00 07 20
INFO - a2 cd 4e 10 47 a8 14 41
INFO - a2 cd 8e 18 00 01 86 a0
INFO - a2 d0 ce 08 b3 00 06 50
INFO - a2 d0 0e 10 47 a8 14 63
INFO - a2 d0 4e 18 00 01 86 a0
INFO - a2 d1 8e 08 b3 00 05 87
INFO - a2 d1 ce 10 47 a8 14 7d
INFO - a2 d1 0e 18 00 01 86 a0
INFO - a2 d4 4e 08 b3 00 04 b7
INFO - a2 d4 8e 10 47 a8 14 9f
INFO - a2 d4 ce 18 00 01 86 a0
INFO - a2 d5 0e 08 b3 00 03 ee
INFO - a2 d5 4e 10 47 a8 14 ba
INFO - a2 d5 8e 18 00 01 86 a0
INFO - a2 d8 ce 08 b3 00 03 1e
INFO - a2 d8 0e 10 47 a8 14 db
INFO - a2 d8 4e 18 00 01 86 a0
INFO - a2 d9 8e 08 b3 00 02 55
INFO - a2 d9 ce 10 47 a8 14 fd
INFO - a2 d9 0e 18 00 01 86 a0
INFO - a2 dc 4e 08 b3 00 01 85
INFO - a2 dc 8e 10 47 a8 15 18
INFO - a2 dc ce 18 00 01 86 a0
INFO - a2 dd 0e 08 b3 00 00 bc
INFO - a2 dd 4e 10 47 a8 15 39
INFO - a2 dd 8e 18 00 01 86 a0
INFO - a2 e0 ce 08 b2 ff ff ec
INFO - a2 e0 0e 10 47 a8 15 5b
INFO - a2 e0 4e 18 00 01 86 a0
INFO - a2 e1 8e 08 b2 ff ff 23
INFO - a2 e1 ce 10 47 a8 15 76
INFO - a2 e1 0e 18 00 01 86 a0
INFO - a2 e4 4e 08 b2 ff fe 53
INFO - a2 e4 8e 10 47 a8 15 97
INFO - a2 e4 ce 18 00 01 86 a0
INFO - a2 e5 0e 08 b2 ff fd 8a
INFO - a2 e5 4e 10 47 a8 15 b2
INFO - a2 e5 8e 18 00 01 86 a0
INFO - a2 e8 ce 08 b2 ff fc ba
INFO - a2 e8 0e 10 47 a8 15 d3
INFO - a2 e8 4e 18 00 01 86 a0
INFO - a2 e9 8e 08 b2 ff fb f1
INFO - a2 e9 ce 10 47 a8 15 f5
INFO - a2 e9 0e 18 00 01 86 a0
INFO - a2 eb 4e 08 b2 ff fb 21
INFO - a2 eb 8e 10 47 a8 16 10
INFO - a2 eb ce 18 00 01 86 a0
INFO - a2 ed 0e 08 b2 ff fa 57
INFO - a2 ed 4e 10 47 a8 16 31
INFO - a2 ed 8e 18 00 01 86 a0
INFO - a2 ef ce 08 b2 ff f9 88
INFO - a2 ef 0e 10 47 a8 16 4c
INFO - a2 ef 4e 18 00 01 86 a0
INFO - a2 f1 8e 08 b2 ff f8 be
INFO - a2 f1 ce 10 47 a8 16 6e
INFO - a2 f1 0e 18 00 01 86 a0
INFO - a2 f4 4e 08 b2 ff f7 ef
INFO - a2 f4 8e 10 47 a8 16 8f
INFO - a2 f4 ce 18 00 01 86 a0
INFO - a2 f5 0e 08 b2 ff f7 25
INFO - a2 f5 4e 10 47 a8 16 aa
INFO - a2 f5 8e 18 00 01 86 a0
INFO - a2 f7 ce 08 b2 ff f6 56
INFO - a2 f7 0e 10 47 a8 16 cc
INFO - a2 f7 4e 18 00 01 86 a0
INFO - a2 f9 8e 08 b2 ff f5 8c
INFO - a2 f9 ce 10 47 a8 16 e6
INFO - a2 f9 0e 18 00 01 86 a0
INFO - a2 fb 4e 08 b2 ff f4 bd
INFO - a2 fb 8e 10 47 a8 17 08
INFO - a2 fb ce 18 00 01 86 a0
INFO - a2 fd 0e 08 b2 ff f3 f3
INFO - a2 fd 4e 10 47 a8 17 29
INFO - a2 fd 8e 18 00 01 86 a0
INFO - a2 ff ce 08 b2 ff f3 23
INFO - a2 ff 0e 10 47 a8 17 44
INFO - a2 ff 4e 18 00 01 86 a0
INFO - a3 01 8e 08 b2 ff f2 5a
INFO - a3 01 ce 10 47 a8 17 66
INFO - a3 01 0e 18 00 01 86 a0
INFO - a3 03 4e 08 b2 ff f1 8a
INFO - a3 03 8e 10 47 a8 17 81
INFO - a3 03 ce 18 00 01 86 a0
INFO - a3 05 0e 08 b2 ff f0 c1
INFO - a3 05 4e 10 47 a8 17 a2
INFO - a3 05 8e 18 00 01 86 a0
INFO - a3 07 ce 08 b2 ff ef f1
INFO - a3 07 0e 10 47 a8 17 c4
INFO - a3 07 4e 18 00 01 86 a0
INFO - a3 0a 8e 08 b2 ff ef 22
INFO - a3 0a ce 10 47 a8 17 de
INFO - a3 0a 0e 18 00 01 86 a0
INFO - a3 0b 4e 08 b2 ff ee 58
INFO - a3 0b 8e 10 47 a8 18 00
INFO - a3 0b ce 18 00 01 86 a0
INFO - a3 0e 0e 08 b2 ff ed 88
INFO - a3 0e 4e 10 47 a8 18 1b
INFO - a3 0e 8e 18 00 01 86 a0
INFO - a3 0f ce 08 b2 ff ec bf
INFO - a3 0f 0e 10 47 a8 18 3c
INFO - a3 0f 4e 18 00 01 86 a0
INFO - a3 12 8e 08 b2 ff eb ef
INFO - a3 12 ce 10 47 a8 18 5e
INFO - a3 12 0e 18 00 01 86 a0
INFO - a3 13 4e 08 b2 ff eb 26
INFO - a3 13 8e 10 47 a8 18 79
INFO - a3 13 ce 18 00 01 86 a0
INFO - a3 16 0e 08 b2 ff ea 56
INFO - a3 16 4e 10 47 a8 18 9a
INFO - a3 16 8e 18 00 01 86 a0
INFO - a3 17 ce 08 b2 ff e9 8d
INFO - a3 17 0e 10 47 a8 18 b5
INFO - a3 17 4e 18 00 01 86 a0
INFO - a3 1a 8e 08 b2 ff e8 bd
INFO - a3 1a ce 10 47 a8 18 d7
INFO - a3 1a 0e 18 00 01 86 a0
INFO - a3 1c 4e 08 b2 ff e7 ed
INFO - a3 1c 8e 10 47 a8 18 f8
INFO - a3 1c ce 18 00 01 86 a0
INFO - a3 1d 0e 08 b2 ff e7 24
INFO - a3 1d 4e 10 47 a8 19 13
INFO - a3 1d 8e 18 00 01 86 a0
INFO - a3 20 ce 08 b2 ff e6 54
INFO - a3 20 0e 10 47 a8 19 34
INFO - a3 20 4e 18 00 01 86 a0
INFO - a3 21 8e 08 b2 ff e5 8b
INFO - a3 21 ce 10 47 a8 19 4f
INFO - a3 21 0e 18 00 01 86 a0
INFO - a3 24 4e 08 b2 ff e4 bb
INFO - a3 24 8e 10 47 a8 19 71
INFO - a3 24 ce 18 00 01 86 a0
INFO - a3 26 0e 08 b2 ff e3 ec
INFO - a3 26 4e 10 47 a8 19 92
INFO - a3 26 8e 18 00 01 86 a0
INFO - a3 28 ce 08 b2 ff e3 22
INFO - a3 28 0e 10 47 a8 19 ad
INFO - a3 28 4e 18 00 01 86 a0
INFO - a3 2a 8e 08 b2 ff e2 53
INFO - a3 2a ce 10 47 a8 19 cf
INFO - a3 2a 0e 18 00 01 86 a0
INFO - a3 2c 4e 08 b2 ff e1 89
INFO - a3 2c 8e 10 47 a8 19 ea
INFO - a3 2c ce 18 00 01 86 a0
INFO - a3 2e 0e 08 b2 ff e0 b9
INFO - a3 2e 4e 10 47 a8 1a 0b
INFO - a3 2e 8e 18 00 01 86 a0
INFO - a3 30 ce 08 b2 ff df f0
INFO - a3 30 0e 10 47 a8 1a 2d
INFO - a3 30 4e 18 00 01 86 a0
INFO - a3 32 8e 08 b2 ff df 20
INFO - a3 32 ce 10 47 a8 1a 47
INFO - a3 32 0e 18 00 01 86 a0
INFO - a3 34 4e 08 b2 ff de 57
INFO - a3 34 8e 10 47 a8 1a 69
INFO - a3 34 ce 18 00 01 86 a0
INFO - a3 36 0e 08 b2 ff dd 87
INFO - a3 36 4e 10 47 a8 1a 8a
INFO - a3 36 8e 18 00 01 86 a0
INFO - a3 38 ce 08 b2 ff dc be
INFO - a3 38 0e 10 47 a8 1a a5
INFO - a3 38 4e 18 00 01 86 a0
INFO - a3 3a 8e 08 b2 ff db ee
INFO - a3 3a ce 10 47 a8 1a c7
INFO - a3 3a 0e 18 00 01 86 a0
INFO - a3 3c 4e 08 b2 ff db 25
INFO - a3 3c 8e 10 47 a8 1a e2
INFO - a3 3c ce 18 00 01 86 a0
INFO - a3 3e 0e 08 b2 ff da 55
INFO - a3 3e 4e 10 47 a8 1b 03
INFO - a3 3e 8e 18 00 01 86 a0
INFO - a3 40 ce 08 b2 ff d9 85
INFO - a3 40 0e 10 47 a8 1b 25
INFO - a3 40 4e 18 00 01 86 a0
INFO - a3 42 8e 08 b2 ff d8 bc
INFO - a3 42 ce 10 47 a8 1b 3f
INFO - a3 42 0e 18 00 01 86 a0
INFO - a3 44 4e 08 b2 ff d7 f3
INFO - a3 44 8e 10 47 a8 1b 61
INFO - a3 44 ce 18 00 01 86 a0
INFO - a3 46 0e 08 b2 ff d7 23
INFO - a3 46 4e 10 47 a8 1b 83
INFO - a3 46 8e 18 00 01 86 a0
INFO - a3 48 ce 08 b2 ff d6 5a
INFO - a3 48 0e 10 47 a8 1b 9d
INFO - a3 48 4e 18 00 01 86 a0
INFO - a3 4a 8e 08 b2 ff d5 8a
INFO - a3 4a ce 10 47 a8 1b bf
INFO - a3 4a 0e 18 00 01 86 a0
INFO - a3 4c 4e 08 b2 ff d4 c1
INFO - a3 4c 8e 10 47 a8 1b da
INFO - a3 4c ce 18 00 01 86 a0
INFO - a3 4e 0e 08 b2 ff d3 f1
INFO - a3 4e 4e 10 47 a8 1b fb
INFO - a3 4e 8e 18 00 01 86 a0
INFO - a3 50 ce 08 b2 ff d3 21
INFO - a3 50 0e 10 47 a8 1c 1d
INFO - a3 50 4e 18 00 01 86 a0
INFO - a3 52 8e 08 b2 ff d2 58
INFO - a3 52 ce 10 47 a8 1c 38
INFO - a3 52 0e 18 00 01 86 a0
INFO - a3 54 4e 08 b2 ff d1 88
INFO - a3 54 8e 10 47 a8 1c 59
INFO - a3 54 ce 18 00 01 86 a0
INFO - a3 56 0e 08 b2 ff d0 b8
INFO - a3 56 4e 10 47 a8 1c 74
INFO - a3 56 8e 18 00 01 86 a0
INFO - a3 58 ce 08 b2 ff cf ef
INFO - a3 58 0e 10 47 a8 1c 95
INFO - a3 58 4e 18 00 01 86 a0
INFO - a3 5a 8e 08 b2 ff cf 1f
INFO - a3 5a ce 10 47 a8 1c b7
INFO - a3 5a 0e 18 00 01 86 a0
INFO - a3 5c 4e 08 b2 ff ce 56
INFO - a3 5c 8e 10 47 a8 1c d2
INFO - a3 5c ce 18 00 01 86 a0
INFO - a3 5e 0e 08 b2 ff cd 86
INFO - a3 5e 4e 10 47 a8 1c f3
INFO - a3 5e 8e 18 00 01 86 a0
INFO - a3 60 ce 08 b2 ff cc bd
INFO - a3 60 0e 10 47 a8 1d 15
INFO - a3 60 4e 18 00 01 86 a0
INFO - a3 62 8e 08 b2 ff cb ed
INFO - a3 62 ce 10 47 a8 1d 30
INFO - a3 62 0e 18 00 01 86 a0
INFO - a3 64 4e 08 b2 ff cb 24
INFO - a3 64 8e 10 47 a8 1d 51
INFO - a3 64 ce 18 00 01 86 a0
INFO - a3 66 0e 08 b2 ff ca 54
INFO - a3 66 4e 10 47 a8 1d 73
INFO - a3 66 8e 18 00 01 86 a0
INFO - a3 68 ce 08 b2 ff c9 8b
INFO - a3 68 0e 10 47 a8 1d 8e
INFO - a3 68 4e 18 00 01 86 a0
INFO - a3 6a 8e 08 b2 ff c8 bb
INFO - a3 6a ce 10 47 a8 1d af
INFO - a3 6a 0e 18 00 01 86 a0
INFO - a3 6c 4e 08 b2 ff c7 f2
INFO - a3 6c 8e 10 47 a8 1d d1
INFO - a3 6c ce 18 00 01 86 a0
INFO - a3 6e 0e 08 b2 ff c7 22
INFO - a3 6e 4e 10 47 a8 1d eb
INFO - a3 6e 8e 18 00 01 86 a0
INFO - a3 70 ce 08 b2 ff c6 59
INFO - a3 70 0e 10 47 a8 1e 0d
INFO - a3 70 4e 18 00 01 86 a0
INFO - a3 72 8e 08 b2 ff c5 89
INFO - a3 72 ce 10 47 a8 1e 28
INFO - a3 72 0e 18 00 01 86 a0
INFO - a3 74 4e 08 b2 ff c4 c0
INFO - a3 74 8e 10 47 a8 1e 49
INFO - a3 74 ce 18 00 01 86 a0
INFO - a3 76 0e 08 b2 ff c3 f0
INFO - a3 76 4e 10 47 a8 1e 6b
INFO - a3 76 8e 18 00 01 86 a0
INFO - a3 78 ce 08 b2 ff c3 27
INFO - a3 78 0e 10 47 a8 1e 86
INFO - a3 78 4e 18 00 01 86 a0
INFO - a3 7a 8e 08 b2 ff c2 57
INFO - a3 7a ce 10 47 a8 1e a7
INFO - a3 7a 0e 18 00 01 86 a0
INFO - a3 7c 4e 08 b2 ff c1 8e
INFO - a3 7c 8e 10 47 a8 1e c2
INFO - a3 7c ce 18 00 01 86 a0
INFO - a3 7e 0e 08 b2 ff c0 be
INFO - a3 7e 4e 10 47 a8 1e e4
INFO - a3 7e 8e 18 00 01 86 a0
INFO - a3 80 ce 08 b2 ff bf ee
INFO - a3 80 0e 10 47 a8 1f 05
INFO - a3 80 4e 18 00 01 86 a0
INFO - a3 82 8e 08 b2 ff bf 25
INFO - a3 82 ce 10 47 a8 1f 20
INFO - a3 82 0e 18 00 01 86 a0
INFO - a3 84 4e 08 b2 ff be 55
INFO - a3 84 8e 10 47 a8 1f 41
INFO - a3 84 ce 18 00 01 86 a0
INFO - a3 86 0e 08 b2 ff bd 8c
INFO - a3 86 4e 10 47 a8 1f 5c
INFO - a3 86 8e 18 00 01 86 a0
INFO - a3 88 ce 08 b2 ff bc bc
INFO - a3 88 0e 10 47 a8 1f 7e
INFO - a3 88 4e 18 00 01 86 a0
INFO - a3 8a 8e 08 b2 ff bb f3
INFO - a3 8a ce 10 47 a8 1f 9f
INFO - a3 8a 0e 18 00 01 86 a0
INFO - a3 8c 4e 08 b2 ff bb 23
INFO - a3 8c 8e 10 47 a8 1f ba
INFO - a3 8c ce 18 00 01 86 a0
INFO - a3 8e 0e 08 b2 ff ba 5a
INFO - a3 8e 4e 10 47 a8 1f dc
INFO - a3 8e 8e 18 00 01 86 a0
INFO - a3 90 ce 08 b2 ff b9 8a
INFO - a3 90 0e 10 47 a8 1f fd
INFO - a3 90 4e 18 00 01 86 a0
INFO - a3 92 8e 08 b2 ff b8 c1
INFO - a3 92 ce 10 47 a8 20 18
INFO - a3 92 0e 18 00 01 86 a0
INFO - a3 94 4e 08 b2 ff b7 f1
INFO - a3 94 8e 10 47 a8 20 3a
INFO - a3 94 ce 18 00 01 86 a0
INFO - a3 96 0e 08 b2 ff b7 28
INFO - a3 96 4e 10 47 a8 20 5b
INFO - a3 96 8e 18 00 01 86 a0
INFO - a3 98 ce 08 b2 ff b6 58
INFO - a3 98 0e 10 47 a8 20 76
INFO - a3 98 4e 18 00 01 86 a0
INFO - a3 9a 8e 08 b2 ff b5 8f
INFO - a3 9a ce 10 47 a8 20 97
INFO - a3 9a 0e 18 00 01 86 a0
INFO - a3 9c 4e 08 b2 ff b4 bf
INFO - a3 9c 8e 10 47 a8 20 b2
INFO - a3 9c ce 18 00 01 86 a0
INFO - a3 9e 0e 08 b2 ff b3 ef
INFO - a3 9e 4e 10 47 a8 20 d4
INFO - a3 9e 8e 18 00 01 86 a0
INFO - a3 a0 ce 08 b2 ff b3 26
INFO - a3 a0 0e 10 47 a8 20 f5
INFO - a3 a0 4e 18 00 01 86 a0
INFO - a3 a2 8e 08 b2 ff b2 56
INFO - a3 a2 ce 10 47 a8 21 10
INFO - a3 a2 0e 18 00 01 86 a0
INFO - a3 a4 4e 08 b2 ff b1 8d
INFO - a3 a4 8e 10 47 a8 21 32
INFO - a3 a4 ce 18 00 01 86 a0
INFO - a3 a6 0e 08 b2 ff b0 bd
INFO - a3 a6 4e 10 47 a8 21 53
INFO - a3 a6 8e 18 00 01 86 a0
INFO - a3 a8 ce 08 b2 ff af ed
INFO - a3 a8 0e 10 47 a8 21 6e
INFO - a3 a8 4e 18 00 01 86 a0
INFO - a3 aa 8e 08 b2 ff af 24
INFO - a3 aa ce 10 47 a8 21 90
INFO - a3 aa 0e 18 00 01 86 a0
INFO - a3 ac 4e 08 b2 ff ae 54
INFO - a3 ac 8e 10 47 a8 21 aa
INFO - a3 ac ce 18 00 01 86 a0
INFO - a3 ae 0e 08 b2 ff ad 8b
INFO - a3 ae 4e 10 47 a8 21 cc
INFO - a3 ae 8e 18 00 01 86 a0
INFO - a3 b0 ce 08 b2 ff ac bb
INFO - a3 b0 0e 10 47 a8 21 ed
INFO - a3 b0 4e 18 00 01 86 a0
INFO - a3 b2 8e 08 b2 ff ab f2
INFO - a3 b2 ce 10 47 a8 22 08
INFO - a3 b2 0e 18 00 01 86 a0
INFO - a3 b4 4e 08 b2 ff ab 22
INFO - a3 b4 8e 10 47 a8 22 2a
INFO - a3 b4 ce 18 00 01 86 a0
INFO - a3 b6 0e 08 b2 ff aa 59
INFO - a3 b6 4e 10 47 a8 22 4b
INFO - a3 b6 8e 18 00 01 86 a0
INFO - a3 b8 ce 08 b2 ff a9 89
INFO - a3 b8 0e 10 47 a8 22 66
INFO - a3 b8 4e 18 00 01 86 a0
INFO - a3 ba 8e 08 b2 ff a8 c0
INFO - a3 ba ce 10 47 a8 22 88
INFO - a3 ba 0e 18 00 01 86 a0
INFO - a3 bc 4e 08 b2 ff a7 f0
INFO - a3 bc 8e 10 47 a8 22 a2
INFO - a3 bc ce 18 00 01 86 a0
INFO - a3 be 0e 08 b2 ff a7 27
INFO - a3 be 4e 10 47 a8 22 c4
INFO - a3 be 8e 18 00 01 86 a0
INFO - a3 c0 ce 08 b2 ff a6 57
INFO - a3 c0 0e 10 47 a8 22 e5
INFO - a3 c0 4e 18 00 01 86 a0
INFO - a3 c2 8e 08 b2 ff a5 8e
INFO - a3 c2 ce 10 47 a8 23 00
INFO - a3 c2 0e 18 00 01 86 a0
INFO - a3 c4 4e 08 b2 ff a4 be
INFO - a3 c4 8e 10 47 a8 23 22
INFO - a3 c4 ce 18 00 01 86 a0
INFO - a3 c6 0e 08 b2 ff a3 f5
INFO - a3 c6 4e 10 47 a8 23 43
INFO - a3 c6 8e 18 00 01 86 a0
INFO - a3 c8 ce 08 b2 ff a3 25
INFO - a3 c8 0e 10 47 a8 23 5e
INFO - a3 c8 4e 18 00 01 86 a0
INFO - a3 ca 8e 08 b2 ff a2 5c
INFO - a3 ca ce 10 47 a8 23 80
INFO - a3 ca 0e 18 00 01 86 a0
INFO - a3 cc 4e 08 b2 ff a1 8c
INFO - a3 cc 8e 10 47 a8 23 9b
INFO - a3 cc ce 18 00 01 86 a0
INFO - a3 ce 0e 08 b2 ff a0 c3
INFO - a3 ce 4e 10 47 a8 23 bc
INFO - a3 ce 8e 18 00 01 86 a0
INFO - a3 d0 ce 08 b2 ff 9f f9
INFO - a3 d0 0e 10 47 a8 23 de
INFO - a3 d0 4e 18 00 01 86 a0
INFO - a3 d2 8e 08 b2 ff 9f 2a
INFO - a3 d2 ce 10 47 a8 23 f8
INFO - a3 d2 0e 18 00 01 86 a0
INFO - a3 d4 4e 08 b2 ff 9e 5a
INFO - a3 d4 8e 10 47 a8 24 1a
INFO - a3 d4 ce 18 00 01 86 a0
INFO - a3 d6 0e 08 b2 ff 9d 91
INFO - a3 d6 4e 10 47 a8 24 35
INFO - a3 d6 8e 18 00 01 86 a0
INFO - a3 d8 ce 08 b2 ff 9c c1
INFO - a3 d8 0e 10 47 a8 24 56
INFO - a3 d8 4e 18 00 01 86 a0
INFO - a3 da 8e 08 b2 ff 9b f7
INFO - a3 da ce 10 47 a8 24 78
INFO - a3 da 0e 18 00 01 86 a0
INFO - a3 dc 4e 08 b2 ff 9b 28
INFO - a3 dc 8e 10 47 a8 24 93
INFO - a3 dc ce 18 00 01 86 a0
INFO - a3 de 0e 08 b2 ff 9a 5e
INFO - a3 de 4e 10 47 a8 24 b4
INFO - a3 de 8e 18 00 01 86 a0
INFO - a3 e0 ce 08 b2 ff 99 8f
INFO - a3 e0 0e 10 47 a8 24 d6
INFO - a3 e0 4e 18 00 01 86 a0
INFO - a3 e2 8e 08 b2 ff 98 bf
INFO - a3 e2 ce 10 47 a8 24 f1
INFO - a3 e2 0e 18 00 01 86 a0
INFO - a3 e4 4e 08 b2 ff 97 f6
INFO - a3 e4 8e 10 47 a8 25 12
INFO - a3 e4 ce 18 00 01 86 a0
INFO - a3 e6 0e 08 b2 ff 97 26
INFO - a3 e6 4e 10 47 a8 25 2d
INFO - a3 e6 8e 18 00 01 86 a0
INFO - a3 e8 ce 08 b2 ff 96 5d
INFO - a3 e8 0e 10 47 a8 25 4e
INFO - a3 e8 4e 18 00 01 86 a0
INFO - a3 ea 8e 08 b2 ff 95 8d
INFO - a3 ea ce 10 47 a8 25 69
INFO - a3 ea 0e 18 00 01 86 a0
INFO - a3 ec 4e 08 b2 ff 94 c3
INFO - a3 ec 8e 10 47 a8 25 8b
INFO - a3 ec ce 18 00 01 86 a0
INFO - a3 ee 0e 08 b2 ff 93 f4
INFO - a3 ee 4e 10 47 a8 25 ac
INFO - a3 ee 8e 18 00 01 86 a0
INFO - a3 f0 ce 08 b2 ff 93 2a
INFO - a3 f0 0e 10 47 a8 25 c7
INFO - a3 f0 4e 18 00 01 86 a0
INFO - a3 f2 8e 08 b2 ff 92 5b
INFO - a3 f2 ce 10 47 a8 25 e9
INFO - a3 f2 0e 18 00 01 86 a0
INFO - a3 f4 4e 08 b2 ff 91 91
INFO - a3 f4 8e 10 47 a8 26 0a
INFO - a3 f4 ce 18 00 01 86 a0
INFO - a3 f6 0e 08 b2 ff 90 c2
INFO - a3 f6 4e 10 47 a8 26 25
INFO - a3 f6 8e 18 00 01 86 a0
INFO - a3 f8 ce 08 b2 ff 8f f8
INFO - a3 f8 0e 10 47 a8 26 47
INFO - a3 f8 4e 18 00 01 86 a0
INFO - a3 fa 8e 08 b2 ff 8f 28
INFO - a3 fa ce 10 47 a8 26 61
INFO - a3 fa 0e 18 00 01 86 a0
INFO - a3 fc 4e 08 b2 ff 8e 5f
INFO - a3 fc 8e 10 47 a8 26 83
INFO - a3 fc ce 18 00 01 86 a0
INFO - a3 fe 0e 08 b2 ff 8d 8f
INFO - a3 fe 4e 10 47 a8 26 a4
INFO - a3 fe 8e 18 00 01 86 a0
INFO - a4 00 ce 08 b2 ff 8c c6
INFO - a4 00 0e 10 47 a8 26 bf
INFO - a4 00 4e 18 00 01 86 a0
INFO - a4 02 8e 08 b2 ff 8b f6
INFO - a4 02 ce 10 47 a8 26 e1
INFO - a4 02 0e 18 00 01 86 a0
INFO - a4 04 4e 08 b2 ff 8b 2d
INFO - a4 04 8e 10 47 a8 26 fc
INFO - a4 04 ce 18 00 01 86 a0
INFO - a4 06 0e 08 b2 ff 8a 5d
INFO - a4 06 4e 10 47 a8 27 1d
INFO - a4 06 8e 18 00 01 86 a0
INFO - a4 08 ce 08 b2 ff 89 94
INFO - a4 08 0e 10 47 a8 27 3f
INFO - a4 08 4e 18 00 01 86 a0
INFO - a4 0a 8e 08 b2 ff 88 c4
INFO - a4 0a ce 10 47 a8 27 59
INFO - a4 0a 0e 18 00 01 86 a0
INFO - a4 0c 4e 08 b2 ff 87 fb
INFO - a4 0c 8e 10 47 a8 27 7b
INFO - a4 0c ce 18 00 01 86 a0
INFO - a4 0e 0e 08 b2 ff 87 2b
INFO - a4 0e 4e 10 47 a8 27 9c
INFO - a4 0e 8e 18 00 01 86 a0
INFO - a4 10 ce 08 b2 ff 86 5b
INFO - a4 10 0e 10 47 a8 27 b7
INFO - a4 10 4e 18 00 01 86 a0
INFO - a4 12 8e 08 b2 ff 85 92
INFO - a4 12 ce 10 47 a8 27 d9
INFO - a4 12 0e 18 00 01 86 a0
INFO - a4 14 4e 08 b2 ff 84 c2
INFO - a4 14 8e 10 47 a8 27 f4
INFO - a4 14 ce 18 00 01 86 a0
INFO - a4 16 0e 08 b2 ff 83 f9
INFO - a4 16 4e 10 47 a8 28 15
INFO - a4 16 8e 18 00 01 86 a0
INFO - a4 18 ce 08 b2 ff 83 29
INFO - a4 18 0e 10 47 a8 28 37
INFO - a4 18 4e 18 00 01 86 a0
INFO - a4 1a 8e 08 b2 ff 82 60
INFO - a4 1a ce 10 47 a8 28 52
INFO - a4 1a 0e 18 00 01 86 a0
INFO - a4 1c 4e 08 b2 ff 81 90
INFO - a4 1c 8e 10 47 a8 28 73
INFO - a4 1c ce 18 00 01 86 a0
INFO - a4 1e 0e 08 b2 ff 80 c0
INFO - a4 1e 4e 10 47 a8 28 95
INFO - a4 1e 8e 18 00 01 86 a0
INFO - a4 20 ce 08 b2 ff 7f f7
INFO - a4 20 0e 10 47 a8 28 af
INFO - a4 20 4e 18 00 01 86 a0
INFO - a4 22 8e 08 b2 ff 7f 2e
INFO - a4 22 ce 10 47 a8 28 d1
INFO - a4 22 0e 18 00 01 86 a0
INFO - a4 24 4e 08 b2 ff 7e 5e
INFO - a4 24 8e 10 47 a8 28 ec
INFO - a4 24 ce 18 00 01 86 a0
INFO - a4 26 0e 08 b2 ff 7d 95
INFO - a4 26 4e 10 47 a8 29 0d
INFO - a4 26 8e 18 00 01 86 a0
INFO - a4 28 ce 08 b2 ff 7c c5
INFO - a4 28 0e 10 47 a8 29 2f
INFO - a4 28 4e 18 00 01 86 a0
INFO - a4 2a 8e 08 b2 ff 7b fc
INFO - a4 2a ce 10 47 a8 29 4a
INFO - a4 2a 0e 18 00 01 86 a0
INFO - a4 2c 4e 08 b2 ff 7b 2c
INFO - a4 2c 8e 10 47 a8 29 6b
INFO - a4 2c ce 18 00 01 86 a0
INFO - a4 2e 0e 08 b2 ff 7a 63
INFO - a4 2e 4e 10 47 a8 29 86
INFO - a4 2e 8e 18 00 01 86 a0
INFO - a4 30 ce 08 b2 ff 79 93
INFO - a4 30 0e 10 47 a8 29 a8
INFO - a4 30 4e 18 00 01 86 a0
INFO - a4 32 8e 08 b2 ff 78 ca
INFO - a4 32 ce 10 47 a8 29 c9
INFO - a4 32 0e 18 00 01 86 a0
INFO - a4 34 4e 08 b2 ff 77 fa
INFO - a4 34 8e 10 47 a8 29 e4
INFO - a4 34 ce 18 00 01 86 a0
INFO - a4 36 0e 08 b2 ff 77 2a
INFO - a4 36 4e 10 47 a8 2a 05
INFO - a4 36 8e 18 00 01 86 a0
INFO - a4 38 ce 08 b2 ff 76 61
INFO - a4 38 0e 10 47 a8 2a 27
INFO - a4 38 4e 18 00 01 86 a0
INFO - a4 3a 8e 08 b2 ff 75 91
INFO - a4 3a ce 10 47 a8 2a 42
INFO - a4 3a 0e 18 00 01 86 a0
INFO - a4 3c 4e 08 b2 ff 74 c8
INFO - a4 3c 8e 10 47 a8 2a 63
INFO - a4 3c ce 18 00 01 86 a0
INFO - a4 3e 0e 08 b2 ff 73 f8
INFO - a4 3e 4e 10 47 a8 2a 85
INFO - a4 3e 8e 18 00 01 86 a0
INFO - a4 40 ce 08 b2 ff 73 2f
INFO - a4 40 0e 10 47 a8 2a a0
INFO - a4 40 4e 18 00 01 86 a0
INFO - a4 42 8e 08 b2 ff 72 5f
INFO - a4 42 ce 10 47 a8 2a c1
INFO - a4 42 0e 18 00 01 86 a0
INFO - a4 44 4e 08 b2 ff 71 96
INFO - a4 44 8e 10 47 a8 2a e3
INFO - a4 44 ce 18 00 01 86 a0
INFO - a4 46 0e 08 b2 ff 70 c6
INFO - a4 46 4e 10 47 a8 2a fe
INFO - a4 46 8e 18 00 01 86 a0
INFO - a4 48 ce 08 b2 ff 6f fd
INFO - a4 48 0e 10 47 a8 2b 1f
INFO - a4 48 4e 18 00 01 86 a0
INFO - a4 4a 8e 08 b2 ff 6f 2d
INFO - a4 4a ce 10 47 a8 2b 3a
INFO - a4 4a 0e 18 00 01 86 a0
INFO - a4 4c 4e 08 b2 ff 6e 64
INFO - a4 4c 8e 10 47 a8 2b 5b
INFO - a4 4c ce 18 00 01 86 a0
INFO - a4 4e 0e 08 b2 ff 6d 94
INFO - a4 4e 4e 10 47 a8 2b 7d
INFO - a4 4e 8e 18 00 01 86 a0
INFO - a4 50 ce 08 b2 ff 6c cb
INFO - a4 50 0e 10 47 a8 2b 98
INFO - a4 50 4e 18 00 01 86 a0
INFO - a4 52 8e 08 b2 ff 6b fb
INFO - a4 52 ce 10 47 a8 2b b9
INFO - a4 52 0e 18 00 01 86 a0
INFO - a4 54 4e 08 b2 ff 6b 32
INFO - a4 54 8e 10 47 a8 2b db
INFO - a4 54 ce 18 00 01 86 a0
INFO - a4 56 0e 08 b2 ff 6a 62
INFO - a4 56 4e 10 47 a8 2b f6
INFO - a4 56 8e 18 00 01 86 a0
INFO - a4 58 ce 08 b2 ff 69 99
INFO - a4 58 0e 10 47 a8 2c 17
INFO - a4 58 4e 18 00 01 86 a0
INFO - a4 5a 8e 08 b2 ff 68 c9
INFO - a4 5a ce 10 47 a8 2c 39
INFO - a4 5a 0e 18 00 01 86 a0
INFO - a4 5c 4e 08 b2 ff 68 00
INFO - a4 5c 8e 10 47 a8 2c 53
INFO - a4 5c ce 18 00 01 86 a0
INFO - a4 5e 0e 08 b2 ff 67 30
INFO - a4 5e 4e 10 47 a8 2c 75
INFO - a4 5e 8e 18 00 01 86 a0
INFO - a4 60 ce 08 b2 ff 66 67
INFO - a4 60 0e 10 47 a8 2c 90
INFO - a4 60 4e 18 00 01 86 a0
INFO - a4 62 8e 08 b2 ff 65 97
INFO - a4 62 ce 10 47 a8 2c b1
INFO - a4 62 0e 18 00 01 86 a0
INFO - a4 64 4e 08 b2 ff 64 ce
INFO - a4 64 8e 10 47 a8 2c d3
INFO - a4 64 ce 18 00 01 86 a0
INFO - a4 66 0e 08 b2 ff 63 fe
INFO - a4 66 4e 10 47 a8 2c ee
INFO - a4 66 8e 18 00 01 86 a0
INFO - a4 68 ce 08 b2 ff 63 2e
INFO - a4 68 0e 10 47 a8 2d 0f
INFO - a4 68 4e 18 00 01 86 a0
INFO - a4 6a 8e 08 b2 ff 62 65
INFO - a4 6a ce 10 47 a8 2d 31
INFO - a4 6a 0e 18 00 01 86 a0
INFO - a4 6c 4e 08 b2 ff 61 95
INFO - a4 6c 8e 10 47 a8 2d 4c
INFO - a4 6c ce 18 00 01 86 a0
INFO - a4 6e 0e 08 b2 ff 60 cc
INFO - a4 6e 4e 10 47 a8 2d 6d
INFO - a4 6e 8e 18 00 01 86 a0
INFO - a4 70 ce 08 b2 ff 5f fc
INFO - a4 70 0e 10 47 a8 2d 88
INFO - a4 70 4e 18 00 01 86 a0
INFO - a4 72 8e 08 b2 ff 5f 33
INFO - a4 72 ce 10 47 a8 2d a9
INFO - a4 72 0e 18 00 01 86 a0
INFO - a4 74 4e 08 b2 ff 5e 63
INFO - a4 74 8e 10 47 a8 2d cb
INFO - a4 74 ce 18 00 01 86 a0
INFO - a4 76 0e 08 b2 ff 5d 9a
INFO - a4 76 4e 10 47 a8 2d e6
INFO - a4 76 8e 18 00 01 86 a0
INFO - a4 78 ce 08 b2 ff 5c ca
INFO - a4 78 0e 10 47 a8 2e 07
INFO - a4 78 4e 18 00 01 86 a0
INFO - a4 7a 8e 08 b2 ff 5c 01
INFO - a4 7a ce 10 47 a8 2e 22
INFO - a4 7a 0e 18 00 01 86 a0
INFO - a4 7c 4e 08 b2 ff 5b 31
INFO - a4 7c 8e 10 47 a8 2e 44
INFO - a4 7c ce 18 00 01 86 a0
INFO - a4 7e 0e 08 b2 ff 5a 68
INFO - a4 7e 4e 10 47 a8 2e 65
INFO - a4 7e 8e 18 00 01 86 a0
INFO - a4 80 ce 08 b2 ff 59 98
INFO - a4 80 0e 10 47 a8 2e 80
INFO - a4 80 4e 18 00 01 86 a0
INFO - a4 82 8e 08 b2 ff 58 cf
INFO - a4 82 ce 10 47 a8 2e a2
INFO - a4 82 0e 18 00 01 86 a0
INFO - a4 84 4e 08 b2 ff 58 05
INFO - a4 84 8e 10 47 a8 2e c3
INFO - a4 84 ce 18 00 01 86 a0
INFO - a4 86 0e 08 b2 ff 57 35
INFO - a4 86 4e 10 47 a8 2e e5
INFO - a4 86 8e 18 00 01 86 a0
INFO - a4 88 ce 08 b2 ff 56 6c
INFO - a4 88 0e 10 47 a8 2f 06
INFO - a4 88 4e 18 00 01 86 a0
INFO - a4 8a 8e 08 b2 ff 55 9c
INFO - a4 8a ce 10 47 a8 2f 28
INFO - a4 8a 0e 18 00 01 86 a0
INFO - a4 8c 4e 08 b2 ff 54 d3
INFO - a4 8c 8e 10 47 a8 2f 43
INFO - a4 8c ce 18 00 01 86 a0
INFO - a4 8e 0e 08 b2 ff 54 03
INFO - a4 8e 4e 10 47 a8 2f 64
INFO - a4 8e 8e 18 00 01 86 a0
INFO - a4 90 ce 08 b2 ff 53 3a
INFO - a4 90 0e 10 47 a8 2f 86
INFO - a4 90 4e 18 00 01 86 a0
INFO - a4 92 8e 08 b2 ff 52 6a
INFO - a4 92 ce 10 47 a8 2f a7
INFO - a4 92 0e 18 00 01 86 a0
INFO - a4 94 4e 08 b2 ff 51 a1
INFO - a4 94 8e 10 47 a8 2f c9
INFO - a4 94 ce 18 00 01 86 a0
INFO - a4 96 0e 08 b2 ff 50 d1
INFO - a4 96 4e 10 47 a8 2f ea
INFO - a4 96 8e 18 00 01 86 a0
INFO - a4 98 ce 08 b2 ff 50 08
INFO - a4 98 0e 10 47 a8 30 05
INFO - a4 98 4e 18 00 01 86 a0
INFO - a4 9a 8e 08 b2 ff 4f 38
INFO - a4 9a ce 10 47 a8 30 26
INFO - a4 9a 0e 18 00 01 86 a0
INFO - a4 9b 4e 08 b2 ff 4e 83
INFO - a4 9b 8e 10 47 a8 30 48
INFO - a4 9b ce 18 00 01 86 a0
INFO - a4 9b 0e 08 b2 ff 4e 83
INFO - a4 9b 4e 10 47 a8 30 48
INFO - a4 9b 8e 18 00 01 86 a0
INFO - a4 9d ce 08 b2 ff 4d b3
INFO - a4 9d 0e 10 47 a8 30 63
INFO - a4 9d 4e 18 00 01 86 a0
INFO - a4 9f 8e 08 b2 ff 4c ea
INFO - a4 9f ce 10 47 a8 30 7e
INFO - a4 9f 0e 18 00 01 86 a0
INFO - a4 a1 4e 08 b2 ff 4c 1a
INFO - a4 a1 8e 10 47 a8 30 9f
INFO - a4 a1 ce 18 00 01 86 a0
INFO - a4 a3 0e 08 b2 ff 4b 4a
INFO - a4 a3 4e 10 47 a8 30 ba
INFO - a4 a3 8e 18 00 01 86 a0
INFO - a4 a5 ce 08 b2 ff 4a 81
INFO - a4 a5 0e 10 47 a8 30 dc
INFO - a4 a5 4e 18 00 01 86 a0
INFO - a4 a7 8e 08 b2 ff 49 b1
INFO - a4 a7 ce 10 47 a8 30 f6
INFO - a4 a7 0e 18 00 01 86 a0
INFO - a4 a9 4e 08 b2 ff 48 e8
INFO - a4 a9 8e 10 47 a8 31 11
INFO - a4 a9 ce 18 00 01 86 a0
INFO - a4 ab 0e 08 b2 ff 48 18
INFO - a4 ab 4e 10 47 a8 31 33
INFO - a4 ab 8e 18 00 01 86 a0
INFO - a4 ae ce 08 b2 ff 47 49
INFO - a4 ae 0e 10 47 a8 31 4e
INFO - a4 ae 4e 18 00 01 86 a0
INFO - a4 af 8e 08 b2 ff 46 7f
INFO - a4 af ce 10 47 a8 31 6f
INFO - a4 af 0e 18 00 01 86 a0
INFO - a4 b1 4e 08 b2 ff 45 af
INFO - a4 b1 8e 10 47 a8 31 8a
INFO - a4 b1 ce 18 00 01 86 a0
INFO - a4 b3 0e 08 b2 ff 44 e6
INFO - a4 b3 4e 10 47 a8 31 a5
INFO - a4 b3 8e 18 00 01 86 a0
INFO - a4 b5 ce 08 b2 ff 44 16
INFO - a4 b5 0e 10 47 a8 31 c6
INFO - a4 b5 4e 18 00 01 86 a0
INFO - a4 b8 8e 08 b2 ff 43 47
INFO - a4 b8 ce 10 47 a8 31 e1
INFO - a4 b8 0e 18 00 01 86 a0
INFO - a4 b9 4e 08 b2 ff 42 7d
INFO - a4 b9 8e 10 47 a8 32 03
INFO - a4 b9 ce 18 00 01 86 a0
INFO - a4 bc 0e 08 b2 ff 41 ae
INFO - a4 bc 4e 10 47 a8 32 24
INFO - a4 bc 8e 18 00 01 86 a0
INFO - a4 bd ce 08 b2 ff 40 e4
INFO - a4 bd 0e 10 47 a8 32 3f
INFO - a4 bd 4e 18 00 01 86 a0
INFO - a4 c0 8e 08 b2 ff 40 15
INFO - a4 c0 ce 10 47 a8 32 60
INFO - a4 c0 0e 18 00 01 86 a0
INFO - a4 c1 4e 08 b2 ff 3f 4b
INFO - a4 c1 8e 10 47 a8 32 7b
INFO - a4 c1 ce 18 00 01 86 a0
INFO - a4 c4 0e 08 b2 ff 3e 7b
INFO - a4 c4 4e 10 47 a8 32 9d
INFO - a4 c4 8e 18 00 01 86 a0
INFO - a4 c5 ce 08 b2 ff 3d b2
INFO - a4 c5 0e 10 47 a8 32 be
INFO - a4 c5 4e 18 00 01 86 a0
INFO - a4 c8 8e 08 b2 ff 3c e2
INFO - a4 c8 ce 10 47 a8 32 d9
INFO - a4 c8 0e 18 00 01 86 a0
INFO - a4 c9 4e 08 b2 ff 3c 19
INFO - a4 c9 8e 10 47 a8 32 fb
INFO - a4 c9 ce 18 00 01 86 a0
INFO - a4 cc 0e 08 b2 ff 3b 49
INFO - a4 cc 4e 10 47 a8 33 1c
INFO - a4 cc 8e 18 00 01 86 a0
INFO - a4 cd ce 08 b2 ff 3a 80
INFO - a4 cd 0e 10 47 a8 33 37
INFO - a4 cd 4e 18 00 01 86 a0
INFO - a4 d0 8e 08 b2 ff 39 b0
INFO - a4 d0 ce 10 47 a8 33 59
INFO - a4 d0 0e 18 00 01 86 a0
INFO - a4 d2 4e 08 b2 ff 38 e0
INFO - a4 d2 8e 10 47 a8 33 7a
INFO - a4 d2 ce 18 00 01 86 a0
INFO - a4 d4 0e 08 b2 ff 38 17
INFO - a4 d4 4e 10 47 a8 33 95
INFO - a4 d4 8e 18 00 01 86 a0
INFO - a4 d5 ce 08 b2 ff 37 4e
INFO - a4 d5 0e 10 47 a8 33 b6
INFO - a4 d5 4e 18 00 01 86 a0
INFO - a4 d8 8e 08 b2 ff 36 7e
INFO - a4 d8 ce 10 47 a8 33 d1
INFO - a4 d8 0e 18 00 01 86 a0
INFO - a4 d9 4e 08 b2 ff 35 b5
INFO - a4 d9 8e 10 47 a8 33 f3
INFO - a4 d9 ce 18 00 01 86 a0
INFO - a4 dc 0e 08 b2 ff 34 e5
INFO - a4 dc 4e 10 47 a8 34 14
INFO - a4 dc 8e 18 00 01 86 a0
INFO - a4 dd ce 08 b2 ff 34 1c
INFO - a4 dd 0e 10 47 a8 34 2f
INFO - a4 dd 4e 18 00 01 86 a0
INFO - a4 e0 8e 08 b2 ff 33 4c
INFO - a4 e0 ce 10 47 a8 34 51
INFO - a4 e0 0e 18 00 01 86 a0
INFO - a4 e1 4e 08 b2 ff 32 83
INFO - a4 e1 8e 10 47 a8 34 72
INFO - a4 e1 ce 18 00 01 86 a0
INFO - a4 e3 0e 08 b2 ff 31 b3
INFO - a4 e3 4e 10 47 a8 34 8d
INFO - a4 e3 8e 18 00 01 86 a0
INFO - a4 e6 ce 08 b2 ff 30 e3
INFO - a4 e6 0e 10 47 a8 34 af
INFO - a4 e6 4e 18 00 01 86 a0
INFO - a4 e8 8e 08 b2 ff 30 1a
INFO - a4 e8 ce 10 47 a8 34 d0
INFO - a4 e8 0e 18 00 01 86 a0
INFO - a4 ea 4e 08 b2 ff 2f 4a
INFO - a4 ea 8e 10 47 a8 34 eb
INFO - a4 ea ce 18 00 01 86 a0
INFO - a4 ec 0e 08 b2 ff 2e 81
INFO - a4 ec 4e 10 47 a8 35 0c
INFO - a4 ec 8e 18 00 01 86 a0
INFO - a4 ed ce 08 b2 ff 2d b8
INFO - a4 ed 0e 10 47 a8 35 27
INFO - a4 ed 4e 18 00 01 86 a0
INFO - a4 ef 8e 08 b2 ff 2c e8
INFO - a4 ef ce 10 47 a8 35 49
INFO - a4 ef 0e 18 00 01 86 a0
INFO - a4 f2 4e 08 b2 ff 2c 18
INFO - a4 f2 8e 10 47 a8 35 6a
INFO - a4 f2 ce 18 00 01 86 a0
INFO - a4 f3 0e 08 b2 ff 2b 4f
INFO - a4 f3 4e 10 47 a8 35 85
INFO - a4 f3 8e 18 00 01 86 a0
INFO - a4 f6 ce 08 b2 ff 2a 7f
INFO - a4 f6 0e 10 47 a8 35 a7
INFO - a4 f6 4e 18 00 01 86 a0
INFO - a4 f7 8e 08 b2 ff 29 b6
INFO - a4 f7 ce 10 47 a8 35 c8
INFO - a4 f7 0e 18 00 01 86 a0
INFO - a4 fa 4e 08 b2 ff 28 e6
INFO - a4 fa 8e 10 47 a8 35 e3
INFO - a4 fa ce 18 00 01 86 a0
INFO - a4 fb 0e 08 b2 ff 28 1d
INFO - a4 fb 4e 10 47 a8 36 05
INFO - a4 fb 8e 18 00 01 86 a0
INFO - a4 fe ce 08 b2 ff 27 4d
INFO - a4 fe 0e 10 47 a8 36 1f
INFO - a4 fe 4e 18 00 01 86 a0
INFO - a4 ff 8e 08 b2 ff 26 84
INFO - a4 ff ce 10 47 a8 36 41
INFO - a4 ff 0e 18 00 01 86 a0
INFO - a5 02 4e 08 b2 ff 25 b4
INFO - a5 02 8e 10 47 a8 36 62
INFO - a5 02 ce 18 00 01 86 a0
INFO - a5 03 0e 08 b2 ff 24 eb
INFO - a5 03 4e 10 47 a8 36 7d
INFO - a5 03 8e 18 00 01 86 a0
INFO - a5 06 ce 08 b2 ff 24 1b
INFO - a5 06 0e 10 47 a8 36 9f
INFO - a5 06 4e 18 00 01 86 a0
INFO - a5 08 8e 08 b2 ff 23 4b
INFO - a5 08 ce 10 47 a8 36 c0
INFO - a5 08 0e 18 00 01 86 a0
INFO - a5 0a 4e 08 b2 ff 22 82
INFO - a5 0a 8e 10 47 a8 36 db
INFO - a5 0a ce 18 00 01 86 a0
INFO - a5 0c 0e 08 b2 ff 21 b2
INFO - a5 0c 4e 10 47 a8 36 fd
INFO - a5 0c 8e 18 00 01 86 a0
INFO - a5 0e ce 08 b2 ff 20 e9
INFO - a5 0e 0e 10 47 a8 37 17
INFO - a5 0e 4e 18 00 01 86 a0
INFO - a5 0f 8e 08 b2 ff 20 20
INFO - a5 0f ce 10 47 a8 37 39
INFO - a5 0f 0e 18 00 01 86 a0
INFO - a5 12 4e 08 b2 ff 1f 50
INFO - a5 12 8e 10 47 a8 37 5b
INFO - a5 12 ce 18 00 01 86 a0
INFO - a5 13 0e 08 b2 ff 1e 87
INFO - a5 13 4e 10 47 a8 37 75
INFO - a5 13 8e 18 00 01 86 a0
INFO - a5 16 ce 08 b2 ff 1d b7
INFO - a5 16 0e 10 47 a8 37 97
INFO - a5 16 4e 18 00 01 86 a0
INFO - a5 17 8e 08 b2 ff 1c ee
INFO - a5 17 ce 10 47 a8 37 b2
INFO - a5 17 0e 18 00 01 86 a0
INFO - a5 1a 4e 08 b2 ff 1c 1e
INFO - a5 1a 8e 10 47 a8 37 d3
INFO - a5 1a ce 18 00 01 86 a0
INFO - a5 1b 0e 08 b2 ff 1b 55
INFO - a5 1b 4e 10 47 a8 37 f5
INFO - a5 1b 8e 18 00 01 86 a0
INFO - a5 1e ce 08 b2 ff 1a 85
INFO - a5 1e 0e 10 47 a8 38 10
INFO - a5 1e 4e 18 00 01 86 a0
INFO - a5 1f 8e 08 b2 ff 19 bc
INFO - a5 1f ce 10 47 a8 38 31
INFO - a5 1f 0e 18 00 01 86 a0
INFO - a5 22 4e 08 b2 ff 18 ec
INFO - a5 22 8e 10 47 a8 38 53
INFO - a5 22 ce 18 00 01 86 a0
INFO - a5 23 0e 08 b2 ff 18 23
INFO - a5 23 4e 10 47 a8 38 6d
INFO - a5 23 8e 18 00 01 86 a0
INFO - a5 26 ce 08 b2 ff 17 53
INFO - a5 26 0e 10 47 a8 38 8f
INFO - a5 26 4e 18 00 01 86 a0
INFO - a5 27 8e 08 b2 ff 16 8a
INFO - a5 27 ce 10 47 a8 38 aa
INFO - a5 27 0e 18 00 01 86 a0
INFO - a5 29 4e 08 b2 ff 15 ba
INFO - a5 29 8e 10 47 a8 38 cb
INFO - a5 29 ce 18 00 01 86 a0
INFO - a5 2b 0e 08 b2 ff 14 f1
INFO - a5 2b 4e 10 47 a8 38 ed
INFO - a5 2b 8e 18 00 01 86 a0
INFO - a5 2d ce 08 b2 ff 14 21
INFO - a5 2d 0e 10 47 a8 39 08
INFO - a5 2d 4e 18 00 01 86 a0
INFO - a5 2f 8e 08 b2 ff 13 57
INFO - a5 2f ce 10 47 a8 39 29
INFO - a5 2f 0e 18 00 01 86 a0
INFO - a5 32 4e 08 b2 ff 12 88
INFO - a5 32 8e 10 47 a8 39 4b
INFO - a5 32 ce 18 00 01 86 a0
INFO - a5 34 0e 08 b2 ff 11 b8
INFO - a5 34 4e 10 47 a8 39 66
INFO - a5 34 8e 18 00 01 86 a0
INFO - a5 35 ce 08 b2 ff 10 ef
INFO - a5 35 0e 10 47 a8 39 87
INFO - a5 35 4e 18 00 01 86 a0
INFO - a5 38 8e 08 b2 ff 10 1f
INFO - a5 38 ce 10 47 a8 39 a2
INFO - a5 38 0e 18 00 01 86 a0
INFO - a5 39 4e 08 b2 ff 0f 56
INFO - a5 39 8e 10 47 a8 39 c3
INFO - a5 39 ce 18 00 01 86 a0
INFO - a5 3c 0e 08 b2 ff 0e 86
INFO - a5 3c 4e 10 47 a8 39 e5
INFO - a5 3c 8e 18 00 01 86 a0
INFO - a5 3d ce 08 b2 ff 0d bc
INFO - a5 3d 0e 10 47 a8 3a 00
INFO - a5 3d 4e 18 00 01 86 a0
INFO - a5 3f 8e 08 b2 ff 0c f3
INFO - a5 3f ce 10 47 a8 3a 21
INFO - a5 3f 0e 18 00 01 86 a0
INFO - a5 41 4e 08 b2 ff 0c 23
INFO - a5 41 8e 10 47 a8 3a 43
INFO - a5 41 ce 18 00 01 86 a0
INFO - a5 43 0e 08 b2 ff 0b 5a
INFO - a5 43 4e 10 47 a8 3a 5e
INFO - a5 43 8e 18 00 01 86 a0
INFO - a5 45 ce 08 b2 ff 0a 8a
INFO - a5 45 0e 10 47 a8 3a 7f
INFO - a5 45 4e 18 00 01 86 a0
INFO - a5 47 8e 08 b2 ff 09 c1
INFO - a5 47 ce 10 47 a8 3a 9a
INFO - a5 47 0e 18 00 01 86 a0
INFO - a5 49 4e 08 b2 ff 08 f1
INFO - a5 49 8e 10 47 a8 3a bc
INFO - a5 49 ce 18 00 01 86 a0
INFO - a5 4b 0e 08 b2 ff 08 28
INFO - a5 4b 4e 10 47 a8 3a dd
INFO - a5 4b 8e 18 00 01 86 a0
INFO - a5 4d ce 08 b2 ff 07 58
INFO - a5 4d 0e 10 47 a8 3a f8
INFO - a5 4d 4e 18 00 01 86 a0
INFO - a5 4f 8e 08 b2 ff 06 8f
INFO - a5 4f ce 10 47 a8 3b 19
INFO - a5 4f 0e 18 00 01 86 a0
INFO - a5 51 4e 08 b2 ff 05 bf
INFO - a5 51 8e 10 47 a8 3b 3b
INFO - a5 51 ce 18 00 01 86 a0
INFO - a5 53 0e 08 b2 ff 04 f6
INFO - a5 53 4e 10 47 a8 3b 56
INFO - a5 53 8e 18 00 01 86 a0
INFO - a5 55 ce 08 b2 ff 04 26
INFO - a5 55 0e 10 47 a8 3b 77
INFO - a5 55 4e 18 00 01 86 a0
INFO - a5 57 8e 08 b2 ff 03 5d
INFO - a5 57 ce 10 47 a8 3b 99
INFO - a5 57 0e 18 00 01 86 a0
INFO - a5 59 4e 08 b2 ff 02 8d
INFO - a5 59 8e 10 47 a8 3b b4
INFO - a5 59 ce 18 00 01 86 a0
INFO - a5 5b 0e 08 b2 ff 01 c4
INFO - a5 5b 4e 10 47 a8 3b d5
INFO - a5 5b 8e 18 00 01 86 a0
INFO - a5 5d ce 08 b2 ff 00 f4
INFO - a5 5d 0e 10 47 a8 3b f0
INFO - a5 5d 4e 18 00 01 86 a0
INFO - a5 5f 8e 08 b2 ff 00 2b
INFO - a5 5f ce 10 47 a8 3c 12
INFO - a5 5f 0e 18 00 01 86 a0
INFO - a5 61 4e 08 b2 fe ff 5b
INFO - a5 61 8e 10 47 a8 3c 33
INFO - a5 61 ce 18 00 01 86 a0
INFO - a5 64 0e 08 b2 fe fe 8b
INFO - a5 64 4e 10 47 a8 3c 4e
INFO - a5 64 8e 18 00 01 86 a0
INFO - a5 65 ce 08 b2 fe fd c2
INFO - a5 65 0e 10 47 a8 3c 6f
INFO - a5 65 4e 18 00 01 86 a0
INFO - a5 68 8e 08 b2 fe fc f2
INFO - a5 68 ce 10 47 a8 3c 91
INFO - a5 68 0e 18 00 01 86 a0
INFO - a5 6a 4e 08 b2 fe fc 22
INFO - a5 6a 8e 10 47 a8 3c ac
INFO - a5 6a ce 18 00 01 86 a0
INFO - a5 6c 0e 08 b2 fe fb 59
INFO - a5 6c 4e 10 47 a8 3c cd
INFO - a5 6c 8e 18 00 01 86 a0
INFO - a5 6e ce 08 b2 fe fa 89
INFO - a5 6e 0e 10 47 a8 3c ef
INFO - a5 6e 4e 18 00 01 86 a0
INFO - a5 70 8e 08 b2 fe f9 b9
INFO - a5 70 ce 10 47 a8 3d 0a
INFO - a5 70 0e 18 00 01 86 a0
INFO - a5 72 4e 08 b2 fe f8 f0
INFO - a5 72 8e 10 47 a8 3d 2b
INFO - a5 72 ce 18 00 01 86 a0
INFO - a5 74 0e 08 b2 fe f8 20
INFO - a5 74 4e 10 47 a8 3d 46
INFO - a5 74 8e 18 00 01 86 a0
INFO - a5 76 ce 08 b2 fe f7 57
INFO - a5 76 0e 10 47 a8 3d 67
INFO - a5 76 4e 18 00 01 86 a0
INFO - a5 78 8e 08 b2 fe f6 87
INFO - a5 78 ce 10 47 a8 3d 89
INFO - a5 78 0e 18 00 01 86 a0
INFO - a5 7a 4e 08 b2 fe f5 be
INFO - a5 7a 8e 10 47 a8 3d a4
INFO - a5 7a ce 18 00 01 86 a0
INFO - a5 7c 0e 08 b2 fe f4 ee
INFO - a5 7c 4e 10 47 a8 3d c5
INFO - a5 7c 8e 18 00 01 86 a0
INFO - a5 7e ce 08 b2 fe f4 25
INFO - a5 7e 0e 10 47 a8 3d e7
INFO - a5 7e 4e 18 00 01 86 a0
INFO - a5 80 8e 08 b2 fe f3 55
INFO - a5 80 ce 10 47 a8 3e 02
INFO - a5 80 0e 18 00 01 86 a0
INFO - a5 82 4e 08 b2 fe f2 85
INFO - a5 82 8e 10 47 a8 3e 23
INFO - a5 82 ce 18 00 01 86 a0
INFO - a5 84 0e 08 b2 fe f1 bc
INFO - a5 84 4e 10 47 a8 3e 3e
INFO - a5 84 8e 18 00 01 86 a0
INFO - a5 86 ce 08 b2 fe f0 ec
INFO - a5 86 0e 10 47 a8 3e 60
INFO - a5 86 4e 18 00 01 86 a0
INFO - a5 88 8e 08 b2 fe f0 23
INFO - a5 88 ce 10 47 a8 3e 81
INFO - a5 88 0e 18 00 01 86 a0
INFO - a5 8a 4e 08 b2 fe ef 53
INFO - a5 8a 8e 10 47 a8 3e 9c
INFO - a5 8a ce 18 00 01 86 a0
INFO - a5 8c 0e 08 b2 fe ee 8a
INFO - a5 8c 4e 10 47 a8 3e bd
INFO - a5 8c 8e 18 00 01 86 a0
INFO - a5 8e ce 08 b2 fe ed ba
INFO - a5 8e 0e 10 47 a8 3e d8
INFO - a5 8e 4e 18 00 01 86 a0
INFO - a5 90 8e 08 b2 fe ec f1
INFO - a5 90 ce 10 47 a8 3e fa
INFO - a5 90 0e 18 00 01 86 a0
INFO - a5 92 4e 08 b2 fe ec 21
INFO - a5 92 8e 10 47 a8 3f 1b
INFO - a5 92 ce 18 00 01 86 a0
INFO - a5 94 0e 08 b2 fe eb 58
INFO - a5 94 4e 10 47 a8 3f 36
INFO - a5 94 8e 18 00 01 86 a0
INFO - a5 96 ce 08 b2 fe ea 8f
INFO - a5 96 0e 10 47 a8 3f 58
INFO - a5 96 4e 18 00 01 86 a0
INFO - a5 98 8e 08 b2 fe e9 bf
INFO - a5 98 ce 10 47 a8 3f 73
INFO - a5 98 0e 18 00 01 86 a0
INFO - a5 9a 4e 08 b2 fe e8 f6
INFO - a5 9a 8e 10 47 a8 3f 94
INFO - a5 9a ce 18 00 01 86 a0
INFO - a5 9c 0e 08 b2 fe e8 26
INFO - a5 9c 4e 10 47 a8 3f b6
INFO - a5 9c 8e 18 00 01 86 a0
INFO - a5 9e ce 08 b2 fe e7 5d
INFO - a5 9e 0e 10 47 a8 3f d0
INFO - a5 9e 4e 18 00 01 86 a0
INFO - a5 a0 8e 08 b2 fe e6 8d
INFO - a5 a0 ce 10 47 a8 3f f2
INFO - a5 a0 0e 18 00 01 86 a0
INFO - a5 a2 4e 08 b2 fe e5 c4
INFO - a5 a2 8e 10 47 a8 40 13
INFO - a5 a2 ce 18 00 01 86 a0
INFO - a5 a4 0e 08 b2 fe e4 f4
INFO - a5 a4 4e 10 47 a8 40 2e
INFO - a5 a4 8e 18 00 01 86 a0
INFO - a5 a6 ce 08 b2 fe e4 2b
INFO - a5 a6 0e 10 47 a8 40 50
INFO - a5 a6 4e 18 00 01 86 a0
INFO - a5 a8 8e 08 b2 fe e3 5b
INFO - a5 a8 ce 10 47 a8 40 6b
INFO - a5 a8 0e 18 00 01 86 a0
INFO - a5 aa 4e 08 b2 fe e2 92
INFO - a5 aa 8e 10 47 a8 40 8c
INFO - a5 aa ce 18 00 01 86 a0
INFO - a5 ac 0e 08 b2 fe e1 c2
INFO - a5 ac 4e 10 47 a8 40 ae
INFO - a5 ac 8e 18 00 01 86 a0
INFO - a5 ad ce 08 b2 fe e0 f9
INFO - a5 ad 0e 10 47 a8 40 c8
INFO - a5 ad 4e 18 00 01 86 a0
INFO - a5 b0 8e 08 b2 fe e0 29
INFO - a5 b0 ce 10 47 a8 40 ea
INFO - a5 b0 0e 18 00 01 86 a0
INFO - a5 b2 4e 08 b2 fe df 60
INFO - a5 b2 8e 10 47 a8 41 0c
INFO - a5 b2 ce 18 00 01 86 a0
INFO - a5 b4 0e 08 b2 fe de 90
INFO - a5 b4 4e 10 47 a8 41 26
INFO - a5 b4 8e 18 00 01 86 a0
INFO - a5 b6 ce 08 b2 fe dd c7
INFO - a5 b6 0e 10 47 a8 41 48
INFO - a5 b6 4e 18 00 01 86 a0
INFO - a5 b8 8e 08 b2 fe dc f7
INFO - a5 b8 ce 10 47 a8 41 63
INFO - a5 b8 0e 18 00 01 86 a0
INFO - a5 b9 4e 08 b2 fe dc 2e
INFO - a5 b9 8e 10 47 a8 41 84
INFO - a5 b9 ce 18 00 01 86 a0
INFO - a5 bc 0e 08 b2 fe db 5e
INFO - a5 bc 4e 10 47 a8 41 a6
INFO - a5 bc 8e 18 00 01 86 a0
INFO - a5 bd ce 08 b2 fe da 95
INFO - a5 bd 0e 10 47 a8 41 c1
INFO - a5 bd 4e 18 00 01 86 a0
INFO - a5 c0 8e 08 b2 fe d9 c5
INFO - a5 c0 ce 10 47 a8 41 e2
INFO - a5 c0 0e 18 00 01 86 a0
INFO - a5 c2 4e 08 b2 fe d8 f5
INFO - a5 c2 8e 10 47 a8 42 04
INFO - a5 c2 ce 18 00 01 86 a0
INFO - a5 c4 0e 08 b2 fe d8 2c
INFO - a5 c4 4e 10 47 a8 42 1e
INFO - a5 c4 8e 18 00 01 86 a0
INFO - a5 c6 ce 08 b2 fe d7 5c
INFO - a5 c6 0e 10 47 a8 42 40
INFO - a5 c6 4e 18 00 01 86 a0
INFO - a5 c8 8e 08 b2 fe d6 93
INFO - a5 c8 ce 10 47 a8 42 62
INFO - a5 c8 0e 18 00 01 86 a0
INFO - a5 ca 4e 08 b2 fe d5 c3
INFO - a5 ca 8e 10 47 a8 42 7c
INFO - a5 ca ce 18 00 01 86 a0
INFO - a5 cc 0e 08 b2 fe d4 fa
INFO - a5 cc 4e 10 47 a8 42 9e
INFO - a5 cc 8e 18 00 01 86 a0
INFO - a5 cd ce 08 b2 fe d4 30
INFO - a5 cd 0e 10 47 a8 42 b9
INFO - a5 cd 4e 18 00 01 86 a0
INFO - a5 d0 8e 08 b2 fe d3 61
INFO - a5 d0 ce 10 47 a8 42 da
INFO - a5 d0 0e 18 00 01 86 a0
INFO - a5 d1 4e 08 b2 fe d2 97
INFO - a5 d1 8e 10 47 a8 42 f5
INFO - a5 d1 ce 18 00 01 86 a0
INFO - a5 d4 0e 08 b2 fe d1 c8
INFO - a5 d4 4e 10 47 a8 43 17
INFO - a5 d4 8e 18 00 01 86 a0
INFO - a5 d5 ce 08 b2 fe d0 fe
INFO - a5 d5 0e 10 47 a8 43 38
INFO - a5 d5 4e 18 00 01 86 a0
INFO - a5 d8 8e 08 b2 fe d0 2f
INFO - a5 d8 ce 10 47 a8 43 53
INFO - a5 d8 0e 18 00 01 86 a0
INFO - a5 d9 4e 08 b2 fe cf 65
INFO - a5 d9 8e 10 47 a8 43 74
INFO - a5 d9 ce 18 00 01 86 a0
INFO - a5 dc 0e 08 b2 fe ce 95
INFO - a5 dc 4e 10 47 a8 43 96
INFO - a5 dc 8e 18 00 01 86 a0
INFO - a5 dd ce 08 b2 fe cd cc
INFO - a5 dd 0e 10 47 a8 43 b1
INFO - a5 dd 4e 18 00 01 86 a0
INFO - a5 e0 8e 08 b2 fe cc fc
INFO - a5 e0 ce 10 47 a8 43 d2
INFO - a5 e0 0e 18 00 01 86 a0
INFO - a5 e1 4e 08 b2 fe cc 33
INFO - a5 e1 8e 10 47 a8 43 f4
INFO - a5 e1 ce 18 00 01 86 a0
INFO - a5 e4 0e 08 b2 fe cb 63
INFO - a5 e4 4e 10 47 a8 44 0f
INFO - a5 e4 8e 18 00 01 86 a0
INFO - a5 e5 ce 08 b2 fe ca 9a
INFO - a5 e5 0e 10 47 a8 44 30
INFO - a5 e5 4e 18 00 01 86 a0
INFO - a5 e8 8e 08 b2 fe c9 ca
INFO - a5 e8 ce 10 47 a8 44 4b
INFO - a5 e8 0e 18 00 01 86 a0
INFO - a5 e9 4e 08 b2 fe c9 01
INFO - a5 e9 8e 10 47 a8 44 6d
INFO - a5 e9 ce 18 00 01 86 a0
INFO - a5 ec 0e 08 b2 fe c8 31
INFO - a5 ec 4e 10 47 a8 44 8e
INFO - a5 ec 8e 18 00 01 86 a0
INFO - a5 ed ce 08 b2 fe c7 68
INFO - a5 ed 0e 10 47 a8 44 a9
INFO - a5 ed 4e 18 00 01 86 a0
INFO - a5 f0 8e 08 b2 fe c6 98
INFO - a5 f0 ce 10 47 a8 44 ca
INFO - a5 f0 0e 18 00 01 86 a0
INFO - a5 f2 4e 08 b2 fe c5 c8
INFO - a5 f2 8e 10 47 a8 44 ec
INFO - a5 f2 ce 18 00 01 86 a0
INFO - a5 f3 0e 08 b2 fe c4 ff
INFO - a5 f3 4e 10 47 a8 45 07
INFO - a5 f3 8e 18 00 01 86 a0
INFO - a5 f6 ce 08 b2 fe c4 2f
INFO - a5 f6 0e 10 47 a8 45 28
INFO - a5 f6 4e 18 00 01 86 a0
INFO - a5 f8 8e 08 b2 fe c3 66
INFO - a5 f8 ce 10 47 a8 45 4a
INFO - a5 f8 0e 18 00 01 86 a0
INFO - a5 fa 4e 08 b2 fe c2 96
INFO - a5 fa 8e 10 47 a8 45 6b
INFO - a5 fa ce 18 00 01 86 a0
INFO - a5 fb 0e 08 b2 fe c1 cd
INFO - a5 fb 4e 10 47 a8 45 86
INFO - a5 fb 8e 18 00 01 86 a0
INFO - a5 fe ce 08 b2 fe c0 fd
INFO - a5 fe 0e 10 47 a8 45 a8
INFO - a5 fe 4e 18 00 01 86 a0
INFO - a5 ff 8e 08 b2 fe c0 34
INFO - a5 ff ce 10 47 a8 45 c3
INFO - a5 ff 0e 18 00 01 86 a0
INFO - a6 02 4e 08 b2 fe bf 64
INFO - a6 02 8e 10 47 a8 45 e4
INFO - a6 02 ce 18 00 01 86 a0
INFO - a6 04 0e 08 b2 fe be 94
INFO - a6 04 4e 10 47 a8 45 ff
INFO - a6 04 8e 18 00 01 86 a0
INFO - a6 06 ce 08 b2 fe bd cb
INFO - a6 06 0e 10 47 a8 46 20
INFO - a6 06 4e 18 00 01 86 a0
INFO - a6 08 8e 08 b2 fe bc fb
INFO - a6 08 ce 10 47 a8 46 42
INFO - a6 08 0e 18 00 01 86 a0
INFO - a6 0a 4e 08 b2 fe bc 2b
INFO - a6 0a 8e 10 47 a8 46 5d
INFO - a6 0a ce 18 00 01 86 a0
INFO - a6 0c 0e 08 b2 fe bb 62
INFO - a6 0c 4e 10 47 a8 46 7e
INFO - a6 0c 8e 18 00 01 86 a0
INFO - a6 0e ce 08 b2 fe ba 92
INFO - a6 0e 0e 10 47 a8 46 a0
INFO - a6 0e 4e 18 00 01 86 a0
INFO - a6 10 8e 08 b2 fe b9 c3
INFO - a6 10 ce 10 47 a8 46 bb
INFO - a6 10 0e 18 00 01 86 a0
INFO - a6 12 4e 08 b2 fe b8 f9
INFO - a6 12 8e 10 47 a8 46 dc
INFO - a6 12 ce 18 00 01 86 a0
INFO - a6 14 0e 08 b2 fe b8 2a
INFO - a6 14 4e 10 47 a8 46 fe
INFO - a6 14 8e 18 00 01 86 a0
INFO - a6 16 ce 08 b2 fe b7 60
INFO - a6 16 0e 10 47 a8 47 19
INFO - a6 16 4e 18 00 01 86 a0
INFO - a6 18 8e 08 b2 fe b6 91
INFO - a6 18 ce 10 47 a8 47 3a
INFO - a6 18 0e 18 00 01 86 a0
INFO - a6 1a 4e 08 b2 fe b5 c7
INFO - a6 1a 8e 10 47 a8 47 55
INFO - a6 1a ce 18 00 01 86 a0
INFO - a6 1c 0e 08 b2 fe b4 fe
INFO - a6 1c 4e 10 47 a8 47 76
INFO - a6 1c 8e 18 00 01 86 a0
INFO - a6 1e ce 08 b2 fe b4 2e
INFO - a6 1e 0e 10 47 a8 47 98
INFO - a6 1e 4e 18 00 01 86 a0
INFO - a6 20 8e 08 b2 fe b3 65
INFO - a6 20 ce 10 47 a8 47 b3
INFO - a6 20 0e 18 00 01 86 a0
INFO - a6 22 4e 08 b2 fe b2 95
INFO - a6 22 8e 10 47 a8 47 d4
INFO - a6 22 ce 18 00 01 86 a0
INFO - a6 24 0e 08 b2 fe b1 cc
INFO - a6 24 4e 10 47 a8 47 f6
INFO - a6 24 8e 18 00 01 86 a0
INFO - a6 26 ce 08 b2 fe b0 fc
INFO - a6 26 0e 10 47 a8 48 11
INFO - a6 26 4e 18 00 01 86 a0
INFO - a6 28 8e 08 b2 fe b0 33
INFO - a6 28 ce 10 47 a8 48 32
INFO - a6 28 0e 18 00 01 86 a0
INFO - a6 2a 4e 08 b2 fe af 6a
INFO - a6 2a 8e 10 47 a8 48 4d
INFO - a6 2a ce 18 00 01 86 a0
INFO - a6 2c 0e 08 b2 fe ae 9a
INFO - a6 2c 4e 10 47 a8 48 6f
INFO - a6 2c 8e 18 00 01 86 a0
INFO - a6 2e ce 08 b2 fe ad d1
INFO - a6 2e 0e 10 47 a8 48 90
INFO - a6 2e 4e 18 00 01 86 a0
INFO - a6 30 8e 08 b2 fe ad 01
INFO - a6 30 ce 10 47 a8 48 ab
INFO - a6 30 0e 18 00 01 86 a0
INFO - a6 32 4e 08 b2 fe ac 31
INFO - a6 32 8e 10 47 a8 48 cc
INFO - a6 32 ce 18 00 01 86 a0
INFO - a6 34 0e 08 b2 fe ab 68
INFO - a6 34 4e 10 47 a8 48 ee
INFO - a6 34 8e 18 00 01 86 a0
INFO - a6 36 ce 08 b2 fe aa 98
INFO - a6 36 0e 10 47 a8 49 09
INFO - a6 36 4e 18 00 01 86 a0
INFO - a6 38 8e 08 b2 fe a9 cf
INFO - a6 38 ce 10 47 a8 49 2a
INFO - a6 38 0e 18 00 01 86 a0
INFO - a6 3a 4e 08 b2 fe a8 ff
INFO - a6 3a 8e 10 47 a8 49 4c
INFO - a6 3a ce 18 00 01 86 a0
INFO - a6 3c 0e 08 b2 fe a8 2f
INFO - a6 3c 4e 10 47 a8 49 67
INFO - a6 3c 8e 18 00 01 86 a0
INFO - a6 3e ce 08 b2 fe a7 66
INFO - a6 3e 0e 10 47 a8 49 88
INFO - a6 3e 4e 18 00 01 86 a0
INFO - a6 40 8e 08 b2 fe a6 96
INFO - a6 40 ce 10 47 a8 49 aa
INFO - a6 40 0e 18 00 01 86 a0
INFO - a6 42 4e 08 b2 fe a5 cd
INFO - a6 42 8e 10 47 a8 49 c4
INFO - a6 42 ce 18 00 01 86 a0
INFO - a6 44 0e 08 b2 fe a4 fd
INFO - a6 44 4e 10 47 a8 49 e6
INFO - a6 44 8e 18 00 01 86 a0
INFO - a6 46 ce 08 b2 fe a4 2d
INFO - a6 46 0e 10 47 a8 4a 08
INFO - a6 46 4e 18 00 01 86 a0
INFO - a6 48 8e 08 b2 fe a3 64
INFO - a6 48 ce 10 47 a8 4a 22
INFO - a6 48 0e 18 00 01 86 a0
INFO - a6 4a 4e 08 b2 fe a2 9b
INFO - a6 4a 8e 10 47 a8 4a 44
INFO - a6 4a ce 18 00 01 86 a0
INFO - a6 4c 0e 08 b2 fe a1 cb
INFO - a6 4c 4e 10 47 a8 4a 5f
INFO - a6 4c 8e 18 00 01 86 a0
INFO - a6 4e ce 08 b2 fe a1 02
INFO - a6 4e 0e 10 47 a8 4a 80
INFO - a6 4e 4e 18 00 01 86 a0
INFO - a6 50 8e 08 b2 fe a0 32
INFO - a6 50 ce 10 47 a8 4a a2
INFO - a6 50 0e 18 00 01 86 a0
INFO - a6 52 4e 08 b2 fe 9f 69
INFO - a6 52 8e 10 47 a8 4a bd
INFO - a6 52 ce 18 00 01 86 a0
INFO - a6 54 0e 08 b2 fe 9e 99
INFO - a6 54 4e 10 47 a8 4a de
INFO - a6 54 8e 18 00 01 86 a0
INFO - a6 56 ce 08 b2 fe 9d d0
INFO - a6 56 0e 10 47 a8 4a f9
INFO - a6 56 4e 18 00 01 86 a0
INFO - a6 58 8e 08 b2 fe 9d 00
INFO - a6 58 ce 10 47 a8 4b 1a
INFO - a6 58 0e 18 00 01 86 a0
INFO - a6 5a 4e 08 b2 fe 9c 37
INFO - a6 5a 8e 10 47 a8 4b 3c
INFO - a6 5a ce 18 00 01 86 a0
INFO - a6 5c 0e 08 b2 fe 9b 67
INFO - a6 5c 4e 10 47 a8 4b 57
INFO - a6 5c 8e 18 00 01 86 a0
INFO - a6 5e ce 08 b2 fe 9a 9e
INFO - a6 5e 0e 10 47 a8 4b 78
INFO - a6 5e 4e 18 00 01 86 a0
INFO - a6 60 8e 08 b2 fe 99 ce
INFO - a6 60 ce 10 47 a8 4b 9a
INFO - a6 60 0e 18 00 01 86 a0
INFO - a6 62 4e 08 b2 fe 99 05
INFO - a6 62 8e 10 47 a8 4b b5
INFO - a6 62 ce 18 00 01 86 a0
INFO - a6 64 0e 08 b2 fe 98 35
INFO - a6 64 4e 10 47 a8 4b d6
INFO - a6 64 8e 18 00 01 86 a0
INFO - a6 66 ce 08 b2 fe 97 6c
INFO - a6 66 0e 10 47 a8 4b f1
INFO - a6 66 4e 18 00 01 86 a0
INFO - a6 68 8e 08 b2 fe 96 a2
INFO - a6 68 ce 10 47 a8 4c 13
INFO - a6 68 0e 18 00 01 86 a0
INFO - a6 6a 4e 08 b2 fe 95 d3
INFO - a6 6a 8e 10 47 a8 4c 34
INFO - a6 6a ce 18 00 01 86 a0
INFO - a6 6c 0e 08 b2 fe 95 09
INFO - a6 6c 4e 10 47 a8 4c 4f
INFO - a6 6c 8e 18 00 01 86 a0
INFO - a6 6e ce 08 b2 fe 94 3a
INFO - a6 6e 0e 10 47 a8 4c 70
INFO - a6 6e 4e 18 00 01 86 a0
INFO - a6 70 8e 08 b2 fe 93 70
INFO - a6 70 ce 10 47 a8 4c 8b
INFO - a6 70 0e 18 00 01 86 a0
INFO - a6 72 4e 08 b2 fe 92 a1
INFO - a6 72 8e 10 47 a8 4c ad
INFO - a6 72 ce 18 00 01 86 a0
INFO - a6 74 0e 08 b2 fe 91 d1
INFO - a6 74 4e 10 47 a8 4c ce
INFO - a6 74 8e 18 00 01 86 a0
INFO - a6 76 ce 08 b2 fe 91 08
INFO - a6 76 0e 10 47 a8 4c e9
INFO - a6 76 4e 18 00 01 86 a0
INFO - a6 78 8e 08 b2 fe 90 38
INFO - a6 78 ce 10 47 a8 4d 0b
INFO - a6 78 0e 18 00 01 86 a0
INFO - a6 7a 4e 08 b2 fe 8f 6e
INFO - a6 7a 8e 10 47 a8 4d 2c
INFO - a6 7a ce 18 00 01 86 a0
INFO - a6 7c 0e 08 b2 fe 8e a5
INFO - a6 7c 4e 10 47 a8 4d 47
INFO - a6 7c 8e 18 00 01 86 a0
INFO - a6 7e ce 08 b2 fe 8d d5
INFO - a6 7e 0e 10 47 a8 4d 69
INFO - a6 7e 4e 18 00 01 86 a0
INFO - a6 7f 8e 08 b2 fe 8d 0c
INFO - a6 7f ce 10 47 a8 4d 83
INFO - a6 7f 0e 18 00 01 86 a0
INFO - a6 82 4e 08 b2 fe 8c 3c
INFO - a6 82 8e 10 47 a8 4d a5
INFO - a6 82 ce 18 00 01 86 a0
INFO - a6 84 0e 08 b2 fe 8b 73
INFO - a6 84 4e 10 47 a8 4d c6
INFO - a6 84 8e 18 00 01 86 a0
INFO - a6 86 ce 08 b2 fe 8a a3
INFO - a6 86 0e 10 47 a8 4d e1
INFO - a6 86 4e 18 00 01 86 a0
INFO - a6 88 8e 08 b2 fe 89 d3
INFO - a6 88 ce 10 47 a8 4e 03
INFO - a6 88 0e 18 00 01 86 a0
INFO - a6 8a 4e 08 b2 fe 89 0a
INFO - a6 8a 8e 10 47 a8 4e 1e
INFO - a6 8a ce 18 00 01 86 a0
INFO - a6 8c 0e 08 b2 fe 88 3a
INFO - a6 8c 4e 10 47 a8 4e 3f
INFO - a6 8c 8e 18 00 01 86 a0
INFO - a6 8e ce 08 b2 fe 87 71
INFO - a6 8e 0e 10 47 a8 4e 5a
INFO - a6 8e 4e 18 00 01 86 a0
INFO - a6 90 8e 08 b2 fe 86 94
INFO - a6 90 ce 10 47 a8 4e 7b
INFO - a6 90 0e 18 00 01 86 a0
INFO - a6 90 4e 08 b2 fe 86 94
INFO - a6 90 8e 10 47 a8 4e 7b
INFO - a6 90 ce 18 00 01 86 a0
INFO - a6 92 0e 08 b2 fe 85 c4
INFO - a6 92 4e 10 47 a8 4e 9d
INFO - a6 92 8e 18 00 01 86 a0
INFO - a6 94 ce 08 b2 fe 84 fb
INFO - a6 94 0e 10 47 a8 4e bf
INFO - a6 94 4e 18 00 01 86 a0
INFO - a6 96 8e 08 b2 fe 84 2b
INFO - a6 96 ce 10 47 a8 4e d9
INFO - a6 96 0e 18 00 01 86 a0
INFO - a6 98 4e 08 b2 fe 83 62
INFO - a6 98 8e 10 47 a8 4e fb
INFO - a6 98 ce 18 00 01 86 a0
INFO - a6 9a 0e 08 b2 fe 82 99
INFO - a6 9a 4e 10 47 a8 4f 16
INFO - a6 9a 8e 18 00 01 86 a0
INFO - a6 9c ce 08 b2 fe 81 c9
INFO - a6 9c 0e 10 47 a8 4f 37
INFO - a6 9c 4e 18 00 01 86 a0
INFO - a6 9e 8e 08 b2 fe 81 00
INFO - a6 9e ce 10 47 a8 4f 59
INFO - a6 9e 0e 18 00 01 86 a0
INFO - a6 a0 4e 08 b2 fe 80 30
INFO - a6 a0 8e 10 47 a8 4f 74
INFO - a6 a0 ce 18 00 01 86 a0
INFO - a6 a2 0e 08 b2 fe 7f 67
INFO - a6 a2 4e 10 47 a8 4f 95
INFO - a6 a2 8e 18 00 01 86 a0
INFO - a6 a4 ce 08 b2 fe 7e 97
INFO - a6 a4 0e 10 47 a8 4f b0
INFO - a6 a4 4e 18 00 01 86 a0
INFO - a6 a6 8e 08 b2 fe 7d ce
INFO - a6 a6 ce 10 47 a8 4f d1
INFO - a6 a6 0e 18 00 01 86 a0
INFO - a6 a8 4e 08 b2 fe 7c fe
INFO - a6 a8 8e 10 47 a8 4f f3
INFO - a6 a8 ce 18 00 01 86 a0
INFO - a6 aa 0e 08 b2 fe 7c 2e
INFO - a6 aa 4e 10 47 a8 50 0e
INFO - a6 aa 8e 18 00 01 86 a0
INFO - a6 ac ce 08 b2 fe 7b 65
INFO - a6 ac 0e 10 47 a8 50 2f
INFO - a6 ac 4e 18 00 01 86 a0
INFO - a6 ae 8e 08 b2 fe 7a 95
INFO - a6 ae ce 10 47 a8 50 4a
INFO - a6 ae 0e 18 00 01 86 a0
INFO - a6 b0 4e 08 b2 fe 79 cc
INFO - a6 b0 8e 10 47 a8 50 6c
INFO - a6 b0 ce 18 00 01 86 a0
INFO - a6 b2 0e 08 b2 fe 78 fc
INFO - a6 b2 4e 10 47 a8 50 8d
INFO - a6 b2 8e 18 00 01 86 a0
INFO - a6 b4 ce 08 b2 fe 78 33
INFO - a6 b4 0e 10 47 a8 50 a8
INFO - a6 b4 4e 18 00 01 86 a0
INFO - a6 b6 8e 08 b2 fe 77 63
INFO - a6 b6 ce 10 47 a8 50 ca
INFO - a6 b6 0e 18 00 01 86 a0
INFO - a6 b8 4e 08 b2 fe 76 9a
INFO - a6 b8 8e 10 47 a8 50 eb
INFO - a6 b8 ce 18 00 01 86 a0
INFO - a6 ba 0e 08 b2 fe 75 ca
INFO - a6 ba 4e 10 47 a8 51 06
INFO - a6 ba 8e 18 00 01 86 a0
INFO - a6 bc ce 08 b2 fe 75 01
INFO - a6 bc 0e 10 47 a8 51 27
INFO - a6 bc 4e 18 00 01 86 a0
INFO - a6 be 8e 08 b2 fe 74 31
INFO - a6 be ce 10 47 a8 51 42
INFO - a6 be 0e 18 00 01 86 a0
INFO - a6 c0 4e 08 b2 fe 73 68
INFO - a6 c0 8e 10 47 a8 51 64
INFO - a6 c0 ce 18 00 01 86 a0
INFO - a6 c2 0e 08 b2 fe 72 98
INFO - a6 c2 4e 10 47 a8 51 85
INFO - a6 c2 8e 18 00 01 86 a0
INFO - a6 c4 ce 08 b2 fe 71 cf
INFO - a6 c4 0e 10 47 a8 51 a0
INFO - a6 c4 4e 18 00 01 86 a0
INFO - a6 c6 8e 08 b2 fe 70 ff
INFO - a6 c6 ce 10 47 a8 51 c2
INFO - a6 c6 0e 18 00 01 86 a0
INFO - a6 c8 4e 08 b2 fe 70 35
INFO - a6 c8 8e 10 47 a8 51 dc
INFO - a6 c8 ce 18 00 01 86 a0
INFO - a6 ca 0e 08 b2 fe 6f 66
INFO - a6 ca 4e 10 47 a8 51 fe
INFO - a6 ca 8e 18 00 01 86 a0
INFO - a6 cc ce 08 b2 fe 6e 9c
INFO - a6 cc 0e 10 47 a8 52 20
INFO - a6 cc 4e 18 00 01 86 a0
INFO - a6 ce 8e 08 b2 fe 6d cd
INFO - a6 ce ce 10 47 a8 52 3a
INFO - a6 ce 0e 18 00 01 86 a0
INFO - a6 d0 4e 08 b2 fe 6d 03
INFO - a6 d0 8e 10 47 a8 52 5c
INFO - a6 d0 ce 18 00 01 86 a0
INFO - a6 d2 0e 08 b2 fe 6c 34
INFO - a6 d2 4e 10 47 a8 52 7d
INFO - a6 d2 8e 18 00 01 86 a0
INFO - a6 d4 ce 08 b2 fe 6b 6a
INFO - a6 d4 0e 10 47 a8 52 98
INFO - a6 d4 4e 18 00 01 86 a0
INFO - a6 d6 8e 08 b2 fe 6a 9b
INFO - a6 d6 ce 10 47 a8 52 ba
INFO - a6 d6 0e 18 00 01 86 a0
INFO - a6 d8 4e 08 b2 fe 69 d1
INFO - a6 d8 8e 10 47 a8 52 d5
INFO - a6 d8 ce 18 00 01 86 a0
INFO - a6 da 0e 08 b2 fe 69 01
INFO - a6 da 4e 10 47 a8 52 f6
INFO - a6 da 8e 18 00 01 86 a0
INFO - a6 dc ce 08 b2 fe 68 38
INFO - a6 dc 0e 10 47 a8 53 18
INFO - a6 dc 4e 18 00 01 86 a0
INFO - a6 de 8e 08 b2 fe 67 68
INFO - a6 de ce 10 47 a8 53 32
INFO - a6 de 0e 18 00 01 86 a0
INFO - a6 e0 4e 08 b2 fe 66 9f
INFO - a6 e0 8e 10 47 a8 53 54
INFO - a6 e0 ce 18 00 01 86 a0
INFO - a6 e2 0e 08 b2 fe 65 cf
INFO - a6 e2 4e 10 47 a8 53 76
INFO - a6 e2 8e 18 00 01 86 a0
INFO - a6 e4 ce 08 b2 fe 65 06
INFO - a6 e4 0e 10 47 a8 53 90
INFO - a6 e4 4e 18 00 01 86 a0
INFO - a6 e6 8e 08 b2 fe 64 36
INFO - a6 e6 ce 10 47 a8 53 b2
INFO - a6 e6 0e 18 00 01 86 a0
INFO - a6 e8 4e 08 b2 fe 63 6d
INFO - a6 e8 8e 10 47 a8 53 cd
INFO - a6 e8 ce 18 00 01 86 a0
INFO - a6 ea 0e 08 b2 fe 62 9d
INFO - a6 ea 4e 10 47 a8 53 ee
INFO - a6 ea 8e 18 00 01 86 a0
INFO - a6 ec ce 08 b2 fe 61 d4
INFO - a6 ec 0e 10 47 a8 54 10
INFO - a6 ec 4e 18 00 01 86 a0
INFO - a6 ee 8e 08 b2 fe 61 04
INFO - a6 ee ce 10 47 a8 54 2b
INFO - a6 ee 0e 18 00 01 86 a0
INFO - a6 f0 4e 08 b2 fe 60 3b
INFO - a6 f0 8e 10 47 a8 54 4c
INFO - a6 f0 ce 18 00 01 86 a0
INFO - a6 f2 0e 08 b2 fe 5f 6b
INFO - a6 f2 4e 10 47 a8 54 6e
INFO - a6 f2 8e 18 00 01 86 a0
INFO - a6 f4 ce 08 b2 fe 5e 9b
INFO - a6 f4 0e 10 47 a8 54 88
INFO - a6 f4 4e 18 00 01 86 a0
INFO - a6 f6 8e 08 b2 fe 5d d2
INFO - a6 f6 ce 10 47 a8 54 aa
INFO - a6 f6 0e 18 00 01 86 a0
INFO - a6 f8 4e 08 b2 fe 5d 02
INFO - a6 f8 8e 10 47 a8 54 cc
INFO - a6 f8 ce 18 00 01 86 a0
INFO - a6 fa 0e 08 b2 fe 5c 39
INFO - a6 fa 4e 10 47 a8 54 e6
INFO - a6 fa 8e 18 00 01 86 a0
INFO - a6 fc ce 08 b2 fe 5b 69
INFO - a6 fc 0e 10 47 a8 55 08
INFO - a6 fc 4e 18 00 01 86 a0
INFO - a6 fe 8e 08 b2 fe 5a a0
INFO - a6 fe ce 10 47 a8 55 29
INFO - a6 fe 0e 18 00 01 86 a0
INFO - a7 00 4e 08 b2 fe 59 d0
INFO - a7 00 8e 10 47 a8 55 44
INFO - a7 00 ce 18 00 01 86 a0
INFO - a7 02 0e 08 b2 fe 59 07
INFO - a7 02 4e 10 47 a8 55 66
INFO - a7 02 8e 18 00 01 86 a0
INFO - a7 04 ce 08 b2 fe 58 37
INFO - a7 04 0e 10 47 a8 55 87
INFO - a7 04 4e 18 00 01 86 a0
INFO - a7 06 8e 08 b2 fe 57 6e
INFO - a7 06 ce 10 47 a8 55 a2
INFO - a7 06 0e 18 00 01 86 a0
INFO - a7 08 4e 08 b2 fe 56 9e
INFO - a7 08 8e 10 47 a8 55 c4
INFO - a7 08 ce 18 00 01 86 a0
INFO - a7 0a 0e 08 b2 fe 55 d5
INFO - a7 0a 4e 10 47 a8 55 e5
INFO - a7 0a 8e 18 00 01 86 a0
INFO - a7 0c ce 08 b2 fe 55 05
INFO - a7 0c 0e 10 47 a8 56 00
INFO - a7 0c 4e 18 00 01 86 a0
INFO - a7 0e 8e 08 b2 fe 54 3c
INFO - a7 0e ce 10 47 a8 56 21
INFO - a7 0e 0e 18 00 01 86 a0
INFO - a7 10 4e 08 b2 fe 53 6c
INFO - a7 10 8e 10 47 a8 56 3c
INFO - a7 10 ce 18 00 01 86 a0
INFO - a7 12 0e 08 b2 fe 52 a3
INFO - a7 12 4e 10 47 a8 56 5e
INFO - a7 12 8e 18 00 01 86 a0
INFO - a7 14 ce 08 b2 fe 51 d3
INFO - a7 14 0e 10 47 a8 56 7f
INFO - a7 14 4e 18 00 01 86 a0
INFO - a7 16 8e 08 b2 fe 51 0a
INFO - a7 16 ce 10 47 a8 56 9a
INFO - a7 16 0e 18 00 01 86 a0
INFO - a7 18 4e 08 b2 fe 50 3a
INFO - a7 18 8e 10 47 a8 56 bc
INFO - a7 18 ce 18 00 01 86 a0
INFO - a7 1a 0e 08 b2 fe 4f 71
INFO - a7 1a 4e 10 47 a8 56 d7
INFO - a7 1a 8e 18 00 01 86 a0
INFO - a7 1c ce 08 b2 fe 4e a1
INFO - a7 1c 0e 10 47 a8 56 f8
INFO - a7 1c 4e 18 00 01 86 a0
INFO - a7 1e 8e 08 b2 fe 4d d1
INFO - a7 1e ce 10 47 a8 57 1a
INFO - a7 1e 0e 18 00 01 86 a0
INFO - a7 20 4e 08 b2 fe 4d 08
INFO - a7 20 8e 10 47 a8 57 34
INFO - a7 20 ce 18 00 01 86 a0
INFO - a7 22 0e 08 b2 fe 4c 38
INFO - a7 22 4e 10 47 a8 57 56
INFO - a7 22 8e 18 00 01 86 a0
INFO - a7 24 ce 08 b2 fe 4b 6f
INFO - a7 24 0e 10 47 a8 57 71
INFO - a7 24 4e 18 00 01 86 a0
INFO - a7 26 8e 08 b2 fe 4a 9f
INFO - a7 26 ce 10 47 a8 57 92
INFO - a7 26 0e 18 00 01 86 a0
INFO - a7 28 4e 08 b2 fe 49 d6
INFO - a7 28 8e 10 47 a8 57 b4
INFO - a7 28 ce 18 00 01 86 a0
INFO - a7 2a 0e 08 b2 fe 49 06
INFO - a7 2a 4e 10 47 a8 57 cf
INFO - a7 2a 8e 18 00 01 86 a0
INFO - a7 2c ce 08 b2 fe 48 3d
INFO - a7 2c 0e 10 47 a8 57 f0
INFO - a7 2c 4e 18 00 01 86 a0
INFO - a7 2e 8e 08 b2 fe 47 6d
INFO - a7 2e ce 10 47 a8 58 12
INFO - a7 2e 0e 18 00 01 86 a0
INFO - a7 30 4e 08 b2 fe 46 a4
INFO - a7 30 8e 10 47 a8 58 2d
INFO - a7 30 ce 18 00 01 86 a0
INFO - a7 32 0e 08 b2 fe 45 d4
INFO - a7 32 4e 10 47 a8 58 4e
INFO - a7 32 8e 18 00 01 86 a0
INFO - a7 34 ce 08 b2 fe 45 0b
INFO - a7 34 0e 10 47 a8 58 70
INFO - a7 34 4e 18 00 01 86 a0
INFO - a7 36 8e 08 b2 fe 44 3b
INFO - a7 36 ce 10 47 a8 58 8a
INFO - a7 36 0e 18 00 01 86 a0
INFO - a7 38 4e 08 b2 fe 43 6b
INFO - a7 38 8e 10 47 a8 58 ac
INFO - a7 38 ce 18 00 01 86 a0
INFO - a7 3a 0e 08 b2 fe 42 a2
INFO - a7 3a 4e 10 47 a8 58 c7
INFO - a7 3a 8e 18 00 01 86 a0
INFO - a7 3c ce 08 b2 fe 41 d2
INFO - a7 3c 0e 10 47 a8 58 e8
INFO - a7 3c 4e 18 00 01 86 a0
INFO - a7 3e 8e 08 b2 fe 41 09
INFO - a7 3e ce 10 47 a8 59 0a
INFO - a7 3e 0e 18 00 01 86 a0
INFO - a7 40 4e 08 b2 fe 40 39
INFO - a7 40 8e 10 47 a8 59 25
INFO - a7 40 ce 18 00 01 86 a0
INFO - a7 42 0e 08 b2 fe 3f 70
INFO - a7 42 4e 10 47 a8 59 46
INFO - a7 42 8e 18 00 01 86 a0
INFO - a7 44 ce 08 b2 fe 3e a0
INFO - a7 44 0e 10 47 a8 59 68
INFO - a7 44 4e 18 00 01 86 a0
INFO - a7 46 8e 08 b2 fe 3d d7
INFO - a7 46 ce 10 47 a8 59 83
INFO - a7 46 0e 18 00 01 86 a0
INFO - a7 48 4e 08 b2 fe 3d 07
INFO - a7 48 8e 10 47 a8 59 a4
INFO - a7 48 ce 18 00 01 86 a0
INFO - a7 4a 0e 08 b2 fe 3c 3e
INFO - a7 4a 4e 10 47 a8 59 bf
INFO - a7 4a 8e 18 00 01 86 a0
INFO - a7 4c ce 08 b2 fe 3b 6e
INFO - a7 4c 0e 10 47 a8 59 e0
INFO - a7 4c 4e 18 00 01 86 a0
INFO - a7 4e 8e 08 b2 fe 3a a5
INFO - a7 4e ce 10 47 a8 5a 02
INFO - a7 4e 0e 18 00 01 86 a0
INFO - a7 50 4e 08 b2 fe 39 d5
INFO - a7 50 8e 10 47 a8 5a 1d
INFO - a7 50 ce 18 00 01 86 a0
INFO - a7 52 0e 08 b2 fe 39 0c
INFO - a7 52 4e 10 47 a8 5a 3e
INFO - a7 52 8e 18 00 01 86 a0
INFO - a7 54 ce 08 b2 fe 38 3c
INFO - a7 54 0e 10 47 a8 5a 60
INFO - a7 54 4e 18 00 01 86 a0
INFO - a7 56 8e 08 b2 fe 37 73
INFO - a7 56 ce 10 47 a8 5a 7b
INFO - a7 56 0e 18 00 01 86 a0
INFO - a7 58 4e 08 b2 fe 36 a3
INFO - a7 58 8e 10 47 a8 5a 9c
INFO - a7 58 ce 18 00 01 86 a0
INFO - a7 5a 0e 08 b2 fe 35 da
INFO - a7 5a 4e 10 47 a8 5a b7
INFO - a7 5a 8e 18 00 01 86 a0
INFO - a7 5c ce 08 b2 fe 35 0a
INFO - a7 5c 0e 10 47 a8 5a d8
INFO - a7 5c 4e 18 00 01 86 a0
INFO - a7 5e 8e 08 b2 fe 34 41
INFO - a7 5e ce 10 47 a8 5a f3
INFO - a7 5e 0e 18 00 01 86 a0
INFO - a7 60 4e 08 b2 fe 33 71
INFO - a7 60 8e 10 47 a8 5b 15
INFO - a7 60 ce 18 00 01 86 a0
INFO - a7 62 0e 08 b2 fe 32 a8
INFO - a7 62 4e 10 47 a8 5b 36
INFO - a7 62 8e 18 00 01 86 a0
INFO - a7 64 ce 08 b2 fe 31 d8
INFO - a7 64 0e 10 47 a8 5b 51
INFO - a7 64 4e 18 00 01 86 a0
INFO - a7 68 8e 08 b2 fe 30 3f
INFO - a7 68 ce 10 47 a8 5b 94
INFO - a7 68 0e 18 00 01 86 a0
INFO - a7 68 4e 08 b2 fe 30 31
INFO - a7 68 8e 10 47 a8 5b 94
INFO - a7 68 ce 18 00 01 86 a0
INFO - a7 68 0e 08 b2 fe 30 2a
INFO - a7 68 4e 10 47 a8 5b 94
INFO - a7 68 8e 18 00 01 86 a0
INFO - a7 6a ce 08 b2 fe 2f 75
INFO - a7 6a 0e 10 47 a8 5b af
INFO - a7 6a 4e 18 00 01 86 a0
INFO - a7 6c 8e 08 b2 fe 2e a6
INFO - a7 6c ce 10 47 a8 5b d1
INFO - a7 6c 0e 18 00 01 86 a0
INFO - a7 6e 4e 08 b2 fe 2d d6
INFO - a7 6e 8e 10 47 a8 5b eb
INFO - a7 6e ce 18 00 01 86 a0
INFO - a7 70 0e 08 b2 fe 2d 0d
INFO - a7 70 4e 10 47 a8 5c 0d
INFO - a7 70 8e 18 00 01 86 a0
INFO - a7 72 ce 08 b2 fe 2c 3d
INFO - a7 72 0e 10 47 a8 5c 2e
INFO - a7 72 4e 18 00 01 86 a0
INFO - a7 74 8e 08 b2 fe 2b 73
INFO - a7 74 ce 10 47 a8 5c 49
INFO - a7 74 0e 18 00 01 86 a0
INFO - a7 76 4e 08 b2 fe 2a a4
INFO - a7 76 8e 10 47 a8 5c 6b
INFO - a7 76 ce 18 00 01 86 a0
INFO - a7 78 0e 08 b2 fe 29 da
INFO - a7 78 4e 10 47 a8 5c 86
INFO - a7 78 8e 18 00 01 86 a0
INFO - a7 7a ce 08 b2 fe 29 0b
INFO - a7 7a 0e 10 47 a8 5c a7
INFO - a7 7a 4e 18 00 01 86 a0
INFO - a7 7c 8e 08 b2 fe 28 41
INFO - a7 7c ce 10 47 a8 5c c9
INFO - a7 7c 0e 18 00 01 86 a0
INFO - a7 7e 4e 08 b2 fe 27 72
INFO - a7 7e 8e 10 47 a8 5c e4
INFO - a7 7e ce 18 00 01 86 a0
INFO - a7 80 0e 08 b2 fe 26 a8
INFO - a7 80 4e 10 47 a8 5d 05
INFO - a7 80 8e 18 00 01 86 a0
INFO - a7 82 ce 08 b2 fe 25 d9
INFO - a7 82 0e 10 47 a8 5d 20
INFO - a7 82 4e 18 00 01 86 a0
INFO - a7 84 8e 08 b2 fe 25 0f
INFO - a7 84 ce 10 47 a8 5d 41
INFO - a7 84 0e 18 00 01 86 a0
INFO - a7 86 4e 08 b2 fe 24 3f
INFO - a7 86 8e 10 47 a8 5d 63
INFO - a7 86 ce 18 00 01 86 a0
INFO - a7 88 0e 08 b2 fe 23 76
INFO - a7 88 4e 10 47 a8 5d 7e
INFO - a7 88 8e 18 00 01 86 a0
INFO - a7 8a ce 08 b2 fe 22 a6
INFO - a7 8a 0e 10 47 a8 5d 9f
INFO - a7 8a 4e 18 00 01 86 a0
INFO - a7 8c 8e 08 b2 fe 21 dd
INFO - a7 8c ce 10 47 a8 5d ba
INFO - a7 8c 0e 18 00 01 86 a0
INFO - a7 8e 4e 08 b2 fe 21 14
INFO - a7 8e 8e 10 47 a8 5d dc
INFO - a7 8e ce 18 00 01 86 a0
INFO - a7 90 0e 08 b2 fe 20 44
INFO - a7 90 4e 10 47 a8 5d fd
INFO - a7 90 8e 18 00 01 86 a0
INFO - a7 92 ce 08 b2 fe 1f 7b
INFO - a7 92 0e 10 47 a8 5e 18
INFO - a7 92 4e 18 00 01 86 a0
INFO - a7 94 8e 08 b2 fe 1e ab
INFO - a7 94 ce 10 47 a8 5e 3a
INFO - a7 94 0e 18 00 01 86 a0
INFO - a7 96 4e 08 b2 fe 1d db
INFO - a7 96 8e 10 47 a8 5e 5b
INFO - a7 96 ce 18 00 01 86 a0
INFO - a7 98 0e 08 b2 fe 1d 12
INFO - a7 98 4e 10 47 a8 5e 76
INFO - a7 98 8e 18 00 01 86 a0
INFO - a7 9a ce 08 b2 fe 1c 42
INFO - a7 9a 0e 10 47 a8 5e 97
INFO - a7 9a 4e 18 00 01 86 a0
INFO - a7 9c 8e 08 b2 fe 1b 79
INFO - a7 9c ce 10 47 a8 5e b2
INFO - a7 9c 0e 18 00 01 86 a0
INFO - a7 9e 4e 08 b2 fe 1a a9
INFO - a7 9e 8e 10 47 a8 5e d4
INFO - a7 9e ce 18 00 01 86 a0
INFO - a7 a0 0e 08 b2 fe 19 e0
INFO - a7 a0 4e 10 47 a8 5e f5
INFO - a7 a0 8e 18 00 01 86 a0
INFO - a7 a2 ce 08 b2 fe 19 10
INFO - a7 a2 0e 10 47 a8 5f 10
INFO - a7 a2 4e 18 00 01 86 a0
INFO - a7 a4 8e 08 b2 fe 18 47
INFO - a7 a4 ce 10 47 a8 5f 32
INFO - a7 a4 0e 18 00 01 86 a0
INFO - a7 a6 4e 08 b2 fe 17 77
INFO - a7 a6 8e 10 47 a8 5f 4c
INFO - a7 a6 ce 18 00 01 86 a0
INFO - a7 a8 0e 08 b2 fe 16 a7
INFO - a7 a8 4e 10 47 a8 5f 6e
INFO - a7 a8 8e 18 00 01 86 a0
INFO - a7 aa ce 08 b2 fe 15 de
INFO - a7 aa 0e 10 47 a8 5f 8f
INFO - a7 aa 4e 18 00 01 86 a0
INFO - a7 ac 8e 08 b2 fe 15 0e
INFO - a7 ac ce 10 47 a8 5f aa
INFO - a7 ac 0e 18 00 01 86 a0
INFO - a7 ae 4e 08 b2 fe 14 45
INFO - a7 ae 8e 10 47 a8 5f cc
INFO - a7 ae ce 18 00 01 86 a0
INFO - a7 b0 0e 08 b2 fe 13 75
INFO - a7 b0 4e 10 47 a8 5f e7
INFO - a7 b0 8e 18 00 01 86 a0
INFO - a7 b2 ce 08 b2 fe 12 ac
INFO - a7 b2 0e 10 47 a8 60 08
INFO - a7 b2 4e 18 00 01 86 a0
INFO - a7 b4 8e 08 b2 fe 11 dc
INFO - a7 b4 ce 10 47 a8 60 2a
INFO - a7 b4 0e 18 00 01 86 a0
INFO - a7 b6 4e 08 b2 fe 11 13
INFO - a7 b6 8e 10 47 a8 60 45
INFO - a7 b6 ce 18 00 01 86 a0
INFO - a7 b8 0e 08 b2 fe 10 43
INFO - a7 b8 4e 10 47 a8 60 66
INFO - a7 b8 8e 18 00 01 86 a0
INFO - a7 ba ce 08 b2 fe 0f 7a
INFO - a7 ba 0e 10 47 a8 60 88
INFO - a7 ba 4e 18 00 01 86 a0
INFO - a7 bc 8e 08 b2 fe 0e aa
INFO - a7 bc ce 10 47 a8 60 a2
INFO - a7 bc 0e 18 00 01 86 a0
INFO - a7 be 4e 08 b2 fe 0d e1
INFO - a7 be 8e 10 47 a8 60 c4
INFO - a7 be ce 18 00 01 86 a0
INFO - a7 c0 0e 08 b2 fe 0d 11
INFO - a7 c0 4e 10 47 a8 60 df
INFO - a7 c0 8e 18 00 01 86 a0
INFO - a7 c2 ce 08 b2 fe 0c 48
INFO - a7 c2 0e 10 47 a8 61 00
INFO - a7 c2 4e 18 00 01 86 a0
INFO - a7 c4 8e 08 b2 fe 0b 78
INFO - a7 c4 ce 10 47 a8 61 22
INFO - a7 c4 0e 18 00 01 86 a0
INFO - a7 c6 4e 08 b2 fe 0a af
INFO - a7 c6 8e 10 47 a8 61 3d
INFO - a7 c6 ce 18 00 01 86 a0
INFO - a7 c8 0e 08 b2 fe 09 df
INFO - a7 c8 4e 10 47 a8 61 5e
INFO - a7 c8 8e 18 00 01 86 a0
INFO - a7 ca ce 40 57 00 00 02
INFO - a7 ca 0e 40 57 00 00 02
INFO - a7 ca 4e 40 57 00 00 02
INFO - a7 ca 8e 40 57 00 00 02
INFO - a7 ca ce 08 b2 fe 09 16
INFO - a7 ca 0e 10 47 a8 61 79
INFO - a7 ca 4e 18 00 01 86 a0
INFO - a7 cc 8e 08 b2 fe 08 46
INFO - a7 cc ce 10 47 a8 61 9b
INFO - a7 cc 0e 18 00 01 86 a0
INFO - a7 ce 4e 08 b2 fe 07 7d
INFO - a7 ce 8e 10 47 a8 61 bc
INFO - a7 ce ce 18 00 01 86 a0
INFO - a7 d0 0e 08 b2 fe 06 ad
INFO - a7 d0 4e 10 47 a8 61 d7
INFO - a7 d0 8e 18 00 01 86 a0
INFO - a7 d2 ce 08 b2 fe 05 e4
INFO - a7 d2 0e 10 47 a8 61 f8
INFO - a7 d2 4e 18 00 01 86 a0
INFO - a7 d4 8e 08 b2 fe 05 14
INFO - a7 d4 ce 10 47 a8 62 1a
INFO - a7 d4 0e 18 00 01 86 a0
INFO - a7 d6 4e 08 b2 fe 04 4b
INFO - a7 d6 8e 10 47 a8 62 35
INFO - a7 d6 ce 18 00 01 86 a0
INFO - a7 d8 0e 08 b2 fe 03 7b
INFO - a7 d8 4e 10 47 a8 62 56
INFO - a7 d8 8e 18 00 01 86 a0
INFO - a7 da ce 08 b2 fe 02 b2
INFO - a7 da 0e 10 47 a8 62 78
INFO - a7 da 4e 18 00 01 86 a0
INFO - a7 dc 8e 08 b2 fe 01 e2
INFO - a7 dc ce 10 47 a8 62 93
INFO - a7 dc 0e 18 00 01 86 a0
INFO - a7 de 4e 08 b2 fe 01 19
INFO - a7 de 8e 10 47 a8 62 b4
INFO - a7 de ce 18 00 01 86 a0
INFO - a7 e0 0e 08 b2 fe 00 49
INFO - a7 e0 4e 10 47 a8 62 d6
INFO - a7 e0 8e 18 00 01 86 a0
INFO - a7 e2 ce 08 b2 fd ff 79
INFO - a7 e2 0e 10 47 a8 62 f0
INFO - a7 e2 4e 18 00 01 86 a0
INFO - a7 e4 8e 08 b2 fd fe b0
INFO - a7 e4 ce 10 47 a8 63 12
INFO - a7 e4 0e 18 00 01 86 a0
INFO - a7 e6 4e 08 b2 fd fd e7
INFO - a7 e6 8e 10 47 a8 63 34
INFO - a7 e6 ce 18 00 01 86 a0
INFO - a7 e8 0e 08 b2 fd fd 17
INFO - a7 e8 4e 10 47 a8 63 4e
INFO - a7 e8 8e 18 00 01 86 a0
INFO - a7 ea ce 08 b2 fd fc 4e
INFO - a7 ea 0e 10 47 a8 63 70
INFO - a7 ea 4e 18 00 01 86 a0
INFO - a7 ec 8e 08 b2 fd fb 7e
INFO - a7 ec ce 10 47 a8 63 8b
INFO - a7 ec 0e 18 00 01 86 a0
INFO - a7 ee 4e 08 b2 fd fa ae
INFO - a7 ee 8e 10 47 a8 63 ac
INFO - a7 ee ce 18 00 01 86 a0
INFO - a7 f0 0e 08 b2 fd f9 e5
INFO - a7 f0 4e 10 47 a8 63 ce
INFO - a7 f0 8e 18 00 01 86 a0
INFO - a7 f2 ce 08 b2 fd f9 15
INFO - a7 f2 0e 10 47 a8 63 e9
INFO - a7 f2 4e 18 00 01 86 a0
INFO - a7 f4 8e 08 b2 fd f8 4c
INFO - a7 f4 ce 10 47 a8 64 0a
INFO - a7 f4 0e 18 00 01 86 a0
INFO - a7 f6 4e 08 b2 fd f7 7c
INFO - a7 f6 8e 10 47 a8 64 2c
INFO - a7 f6 ce 18 00 01 86 a0
INFO - a7 f8 0e 08 b2 fd f6 ac
INFO - a7 f8 4e 10 47 a8 64 46
INFO - a7 f8 8e 18 00 01 86 a0
INFO - a7 fa ce 08 b2 fd f5 e3
INFO - a7 fa 0e 10 47 a8 64 68
INFO - a7 fa 4e 18 00 01 86 a0
INFO - a7 fc 8e 08 b2 fd f5 13
INFO - a7 fc ce 10 47 a8 64 8a
INFO - a7 fc 0e 18 00 01 86 a0
INFO - a7 fe 4e 08 b2 fd f4 4a
INFO - a7 fe 8e 10 47 a8 64 a4
INFO - a7 fe ce 18 00 01 86 a0
INFO - a8 00 0e 08 b2 fd f3 7a
INFO - a8 00 4e 10 47 a8 64 c6
INFO - a8 00 8e 18 00 01 86 a0
INFO - a8 02 ce 08 b2 fd f2 aa
INFO - a8 02 0e 10 47 a8 64 e7
INFO - a8 02 4e 18 00 01 86 a0
INFO - a8 04 8e 08 b2 fd f1 e1
INFO - a8 04 ce 10 47 a8 65 02
INFO - a8 04 0e 18 00 01 86 a0
INFO - a8 06 4e 08 b2 fd f1 11
INFO - a8 06 8e 10 47 a8 65 24
INFO - a8 06 ce 18 00 01 86 a0
INFO - a8 08 0e 08 b2 fd f0 48
INFO - a8 08 4e 10 47 a8 65 3f
INFO - a8 08 8e 18 00 01 86 a0
INFO - a8 0a ce 08 b2 fd ef 78
INFO - a8 0a 0e 10 47 a8 65 60
INFO - a8 0a 4e 18 00 01 86 a0
INFO - a8 0c 8e 08 b2 fd ee af
INFO - a8 0c ce 10 47 a8 65 82
INFO - a8 0c 0e 18 00 01 86 a0
INFO - a8 0e 4e 08 b2 fd ed df
INFO - a8 0e 8e 10 47 a8 65 9c
INFO - a8 0e ce 18 00 01 86 a0
INFO - a8 10 0e 08 b2 fd ed 16
INFO - a8 10 4e 10 47 a8 65 be
INFO - a8 10 8e 18 00 01 86 a0
INFO - a8 12 ce 08 b2 fd ec 46
INFO - a8 12 0e 10 47 a8 65 e0
INFO - a8 12 4e 18 00 01 86 a0
INFO - a8 14 8e 08 b2 fd eb 76
INFO - a8 14 ce 10 47 a8 65 fa
INFO - a8 14 0e 18 00 01 86 a0
INFO - a8 16 4e 08 b2 fd ea ad
INFO - a8 16 8e 10 47 a8 66 1c
INFO - a8 16 ce 18 00 01 86 a0
INFO - a8 18 0e 08 b2 fd e9 dd
INFO - a8 18 4e 10 47 a8 66 37
INFO - a8 18 8e 18 00 01 86 a0
INFO - a8 1a ce 08 b2 fd e9 14
INFO - a8 1a 0e 10 47 a8 66 58
INFO - a8 1a 4e 18 00 01 86 a0
INFO - a8 1c 8e 08 b2 fd e8 4b
INFO - a8 1c ce 10 47 a8 66 7a
INFO - a8 1c 0e 18 00 01 86 a0
INFO - a8 1e 4e 08 b2 fd e7 7b
INFO - a8 1e 8e 10 47 a8 66 95
INFO - a8 1e ce 18 00 01 86 a0
INFO - a8 20 0e 08 b2 fd e6 b1
INFO - a8 20 4e 10 47 a8 66 b6
INFO - a8 20 8e 18 00 01 86 a0
INFO - a8 22 ce 08 b2 fd e5 e2
INFO - a8 22 0e 10 47 a8 66 d8
INFO - a8 22 4e 18 00 01 86 a0
INFO - a8 24 8e 08 b2 fd e5 18
INFO - a8 24 ce 10 47 a8 66 f2
INFO - a8 24 0e 18 00 01 86 a0
INFO - a8 26 4e 08 b2 fd e4 49
INFO - a8 26 8e 10 47 a8 67 14
INFO - a8 26 ce 18 00 01 86 a0
INFO - a8 28 0e 08 b2 fd e3 7f
INFO - a8 28 4e 10 47 a8 67 35
INFO - a8 28 8e 18 00 01 86 a0
INFO - a8 2a ce 08 b2 fd e2 b0
INFO - a8 2a 0e 10 47 a8 67 50
INFO - a8 2a 4e 18 00 01 86 a0
INFO - a8 2c 8e 08 b2 fd e1 e6
INFO - a8 2c ce 10 47 a8 67 72
INFO - a8 2c 0e 18 00 01 86 a0
