INFO - 20 00 ac 3c 00 0a 40 00
INFO - 20 00 ec 3c 00 0a 40 00
INFO - 20 00 2c 3c 00 0a 40 00
INFO - 20 00 6c 3c 00 0a 40 00
INFO - 20 00 ac 3c 00 0a 40 00
INFO - 20 00 ec 3c 00 0a 40 00
INFO - 20 00 2c 3c 00 0a 40 00
INFO - 20 00 6c 3c 00 0a 40 00
INFO - 20 00 ac 3c 00 0a 40 00
INFO - 20 00 ec 3c 00 0a 40 00
INFO - 20 00 2c 3c 00 0a 40 00
INFO - 20 00 6c 3c 00 0a 40 00
INFO - 20 00 ac 3c 00 0a 40 00
INFO - 20 00 ec 3c 00 0a 40 00
INFO - 20 00 2c 3c 00 0a 40 00
INFO - 20 00 6c 3c 00 0a 40 00
INFO - 20 00 ac 3c 00 0a 40 00
INFO - 20 00 ec 3c 00 0a 40 00
INFO - 20 00 2c 3c 00 0a 40 00
INFO - 20 00 6c 3c 00 0a 40 00
INFO - 20 00 ac 3c 00 0a 40 00
INFO - 20 00 ec 3c 00 0a 40 00
INFO - 20 00 2c 3c 00 0a 40 00
INFO - 20 00 6c 3c 00 0a 40 00
INFO - 20 00 ac 3c 00 0a 40 00
INFO - 20 00 ec 3c 00 0a 40 00
INFO - 20 00 2c 3c 00 0a 40 00
INFO - 20 00 6c 3c 00 0a 40 00
INFO - 20 00 ac 3c 00 0a 40 00
INFO - 20 00 ec 3c 00 0a 40 00
