INFO - 20 00 89 3c 00 0a 40 00
INFO - 20 08 c9 3c 00 0b 76 00
INFO - 20 19 09 3c 00 0a c1 00
INFO - 20 1c 49 3c 00 0a db 00
INFO - 20 1c 89 3c 00 0a db 00
INFO - 20 22 c9 3c 00 0a c6 00
INFO - 20 22 09 3c 00 0a c6 00
INFO - 20 26 49 3c 00 0a b3 00
INFO - 20 26 89 3c 00 0a b3 00
INFO - 20 26 c9 3c 00 0a b3 00
INFO - 20 26 09 3c 00 0a b3 00
INFO - 20 26 49 3c 00 0a b3 00
INFO - 20 33 89 3c 00 0a c2 00
INFO - 20 38 c9 3c 00 0b 0f 00
INFO - 20 38 09 3c 00 0b 0f 00
INFO - 20 38 49 3c 00 0b 0f 00
INFO - 20 3c 89 3c 00 0a 85 00
INFO - 20 42 c9 3c 00 0b 68 00
INFO - 20 42 09 3c 00 0b 68 00
INFO - 20 47 49 3c 00 0a cd 00
INFO - 20 47 89 3c 00 0a cd 00
INFO - 20 4b c9 3c 00 0a a1 00
INFO - 20 50 09 3c 00 0b 11 00
INFO - 20 54 49 3c 00 0b 10 00
INFO - 20 56 89 3c 00 0a 74 00
INFO - 20 56 c9 3c 00 0a 74 00
INFO - 20 5c 09 3c 00 0a d4 00
INFO - 20 5c 49 3c 00 0a d4 00
INFO - 20 61 89 3c 00 0a bb 00
INFO - 20 62 c9 3c 00 0a 89 00
INFO - 20 64 09 3c 00 0a 91 00
INFO - 20 6b 49 3c 00 0b 85 00
INFO - 20 6e 89 3c 00 0a dd 00
INFO - 20 70 c9 3c 00 0a a9 00
INFO - 20 73 09 3c 00 0a cd 00
INFO - 20 75 49 3c 00 0a 9e 00
INFO - 20 79 89 3c 00 0b 29 00
INFO - 20 7c c9 3c 00 0a ab 00
INFO - 20 7e 09 3c 00 0a d1 00
INFO - 20 84 49 3c 00 0a b9 00
INFO - 20 89 89 3c 00 0a f5 00
INFO - 20 9b c9 3c 00 0a c3 00
INFO - 20 9e 09 3c 00 0a df 00
INFO - 20 a0 49 3c 00 0a a6 00
INFO - 20 a3 89 3c 00 0a d1 00
INFO - 20 a5 c9 3c 00 0a 8e 00
INFO - 20 a7 09 3c 00 0a a8 00
INFO - 20 aa 49 3c 00 0a dc 00
INFO - 20 ad 89 3c 00 0a cf 00
INFO - 20 af c9 3c 00 0a a8 00
INFO - 20 b1 09 3c 00 0a b5 00
INFO - 20 b4 49 3c 00 0a bf 00
INFO - 20 b6 89 3c 00 0a b8 00
INFO - 20 b9 c9 3c 00 0a c3 00
INFO - 20 bb 09 3c 00 0a b6 00
INFO - 20 be 49 3c 00 0a d0 00
INFO - 20 c0 89 3c 00 0a a6 00
INFO - 20 c3 c9 3c 00 0a b8 00
INFO - 20 c6 09 3c 00 0a db 00
INFO - 20 c9 49 3c 00 0a c5 00
INFO - 20 cb 89 3c 00 0a c3 00
INFO - 20 ce c9 3c 00 0a dc 00
INFO - 20 d1 09 3c 00 0a c5 00
INFO - 20 d4 49 3c 00 0a e8 00
INFO - 20 d6 89 3c 00 0a 9e 00
INFO - 20 d9 c9 3c 00 0a ce 00
INFO - 20 dc 09 3c 00 0a b8 00
INFO - 20 df 49 3c 00 0a dd 00
INFO - 20 e2 89 3c 00 0a eb 00
INFO - 20 e5 c9 3c 00 0a c0 00
INFO - 20 e7 09 3c 00 0a b8 00
INFO - 20 ea 49 3c 00 0a b6 00
INFO - 20 ec 89 3c 00 0a b4 00
INFO - 20 ef c9 3c 00 0a c4 00
INFO - 20 f0 09 3c 00 0a 9c 00
INFO - 20 f4 49 3c 00 0a dc 00
INFO - 20 f6 89 3c 00 0a b5 00
INFO - 20 f9 c9 3c 00 0a 8e 00
INFO - 20 fb 09 3c 00 0a a8 00
INFO - 20 fd 49 3c 00 0a a5 00
INFO - 21 00 89 3c 00 0a d0 00
INFO - 21 04 c9 3c 00 0a f3 00
INFO - 21 07 09 3c 00 0a dc 00
INFO - 21 09 49 3c 00 0a b2 00
INFO - 21 0b 89 3c 00 0a b5 00
INFO - 21 0d c9 3c 00 0a a5 00
INFO - 21 10 09 3c 00 0a c2 00
INFO - 21 13 49 3c 00 0a d7 00
INFO - 21 16 89 3c 00 0a cf 00
INFO - 21 1a c9 3c 00 0b 09 00
INFO - 21 1c 09 3c 00 0a b2 00
INFO - 21 1f 49 3c 00 0a b6 00
INFO - 21 21 89 3c 00 0a b3 00
INFO - 21 24 c9 3c 00 0a cd 00
INFO - 21 27 09 3c 00 0a f1 00
INFO - 21 2a 49 3c 00 0a a9 00
INFO - 21 2c 89 3c 00 0a c1 00
INFO - 21 2e c9 3c 00 0a 8a 00
INFO - 21 31 09 3c 00 0a d1 00
INFO - 21 35 49 3c 00 0b 35 00
INFO - 21 38 89 3c 00 0a b1 00
INFO - 21 3a c9 3c 00 0a aa 00
INFO - 21 3c 09 3c 00 0a c2 00
INFO - 21 3e 49 3c 00 0a 96 00
INFO - 21 41 89 3c 00 0a df 00
INFO - 21 44 c9 3c 00 0a be 00
INFO - 21 47 09 3c 00 0a eb 00
INFO - 21 4a 49 3c 00 0a cf 00
INFO - 21 4d 89 3c 00 0a d0 00
INFO - 21 4f c9 3c 00 0a a4 00
INFO - 21 52 09 3c 00 0a b9 00
INFO - 21 55 49 3c 00 0a e0 00
INFO - 21 57 89 3c 00 0a ac 00
INFO - 21 5a c9 3c 00 0a c3 00
INFO - 21 5c 09 3c 00 0a b6 00
INFO - 21 60 49 3c 00 0a de 00
INFO - 21 61 89 3c 00 0a 99 00
INFO - 21 65 c9 3c 00 0a e0 00
INFO - 21 68 09 3c 00 0a d8 00
INFO - 21 6a 49 3c 00 0a ad 00
INFO - 21 6c 89 3c 00 0a b2 00
INFO - 21 6f c9 3c 00 0a d5 00
INFO - 21 71 09 3c 00 0a 9d 00
INFO - 21 73 49 3c 00 0a a3 00
INFO - 21 76 89 3c 00 0a d1 00
INFO - 21 79 c9 3c 00 0a f1 00
INFO - 21 7c 09 3c 00 0a b2 00
INFO - 21 7e 49 3c 00 0a be 00
INFO - 21 81 89 3c 00 0a ca 00
INFO - 21 84 c9 3c 00 0a e5 00
INFO - 21 86 09 3c 00 0a 97 00
INFO - 21 89 49 3c 00 0a e2 00
INFO - 21 8c 89 3c 00 0a c7 00
INFO - 21 8f c9 3c 00 0a e8 00
INFO - 21 92 09 3c 00 0a bd 00
INFO - 21 95 49 3c 00 0a 87 00
INFO - 21 98 89 3c 00 0a e5 00
INFO - 21 9b c9 3c 00 0a c0 00
INFO - 21 9e 09 3c 00 0a ed 00
INFO - 21 a0 49 3c 00 0a b1 00
INFO - 21 a4 89 3c 00 0a d9 00
INFO - 21 a6 c9 3c 00 0a a4 00
INFO - 21 a8 09 3c 00 0a aa 00
INFO - 21 ab 49 3c 00 0a fb 00
INFO - 21 ad 89 3c 00 0a 9e 00
INFO - 21 b0 c9 3c 00 0a d4 00
INFO - 21 b3 09 3c 00 0a c6 00
INFO - 21 b6 49 3c 00 0a c7 00
INFO - 21 b8 89 3c 00 0a aa 00
INFO - 21 ba c9 3c 00 0a 98 00
INFO - 21 bc 09 3c 00 0a b1 00
INFO - 21 bf 49 3c 00 0a cd 00
INFO - 21 c1 89 3c 00 0a b1 00
INFO - 21 c3 c9 3c 00 0a 9e 00
INFO - 21 c6 09 3c 00 0a e0 00
INFO - 21 cb 49 3c 00 0b 25 00
INFO - 21 ce 89 3c 00 0a cc 00
INFO - 21 d2 c9 3c 00 0b 03 00
INFO - 21 d4 09 3c 00 0a b0 00
INFO - 21 d7 49 3c 00 0a dc 00
INFO - 21 da 89 3c 00 0a cc 00
INFO - 21 de c9 3c 00 0b 10 00
INFO - 21 e2 09 3c 00 0a fa 00
INFO - 21 e5 49 3c 00 0a e4 00
INFO - 21 e8 89 3c 00 0a cc 00
INFO - 21 eb c9 3c 00 0a d9 00
INFO - 21 ed 09 3c 00 0a be 00
INFO - 21 f1 49 3c 00 0a df 00
INFO - 21 f3 89 3c 00 0a aa 00
INFO - 21 f5 c9 3c 00 0a b0 00
INFO - 21 f7 09 3c 00 0a 96 00
INFO - 21 f9 49 3c 00 0a a3 00
INFO - 21 fb 89 3c 00 0a af 00
INFO - 21 fd c9 3c 00 0a bc 00
INFO - 22 01 09 3c 00 0a da 00
INFO - 22 02 49 3c 00 0a 9b 00
INFO - 22 05 89 3c 00 0a bd 00
INFO - 22 07 c9 3c 00 0a b0 00
INFO - 22 0a 09 3c 00 0a c9 00
INFO - 22 0d 49 3c 00 0a d9 00
INFO - 22 10 89 3c 00 0a ea 00
INFO - 22 13 c9 3c 00 0a b8 00
INFO - 22 15 09 3c 00 0a 93 00
INFO - 22 18 49 3c 00 0a e6 00
INFO - 22 1b 89 3c 00 0a e4 00
INFO - 22 1d c9 3c 00 0a a5 00
INFO - 22 21 09 3c 00 0a a4 00
INFO - 22 23 49 3c 00 0a a8 00
INFO - 22 26 89 3c 00 0a d1 00
INFO - 22 28 c9 3c 00 0a aa 00
INFO - 22 2a 09 3c 00 0a a1 00
INFO - 22 2d 49 3c 00 0a cd 00
INFO - 22 30 89 3c 00 0a d2 00
INFO - 22 33 c9 3c 00 0a de 00
INFO - 22 36 09 3c 00 0a d2 00
INFO - 22 39 49 3c 00 0a b9 00
INFO - 22 3b 89 3c 00 0a bc 00
INFO - 22 3e c9 3c 00 0a b8 00
INFO - 22 40 09 3c 00 0a ce 00
INFO - 22 43 49 3c 00 0a aa 00
INFO - 22 45 89 3c 00 0a bc 00
INFO - 22 48 c9 3c 00 0a bf 00
INFO - 22 4b 09 3c 00 0a e7 00
INFO - 22 4e 49 3c 00 0a be 00
INFO - 22 52 89 3c 00 0b 1d 00
INFO - 22 56 c9 3c 00 0a e1 00
INFO - 22 58 09 3c 00 0a a3 00
INFO - 22 5b 49 3c 00 0a e7 00
INFO - 22 60 89 3c 00 0a af 00
INFO - 22 62 c9 3c 00 0a a5 00
INFO - 22 64 09 3c 00 0a bf 00
INFO - 22 67 49 3c 00 0a e3 00
INFO - 22 6a 89 3c 00 0a d4 00
INFO - 22 6c c9 3c 00 0a a3 00
INFO - 22 70 09 3c 00 0a e9 00
INFO - 22 72 49 3c 00 0a b3 00
INFO - 22 74 89 3c 00 0a b2 00
INFO - 22 76 c9 3c 00 0a a5 00
INFO - 22 78 09 3c 00 0a a4 00
INFO - 22 7b 49 3c 00 0a d5 00
INFO - 22 7e 89 3c 00 0a ac 00
INFO - 22 80 c9 3c 00 0a b8 00
INFO - 22 82 09 3c 00 0a a5 00
INFO - 22 86 49 3c 00 0a ea 00
INFO - 22 88 89 3c 00 0a ac 00
INFO - 22 8b c9 3c 00 0a ed 00
INFO - 22 8d 09 3c 00 0a 97 00
INFO - 22 90 49 3c 00 0a da 00
INFO - 22 93 89 3c 00 0a cd 00
INFO - 22 97 c9 3c 00 0a fa 00
INFO - 22 9e 09 3c 00 0b bc 00
INFO - 22 a1 49 3c 00 0a bf 00
INFO - 22 a4 89 3c 00 0a cc 00
INFO - 22 a6 c9 3c 00 0a a1 00
INFO - 22 a8 09 3c 00 0a cc 00
INFO - 22 ab 49 3c 00 0a d3 00
INFO - 22 ae 89 3c 00 0a b7 00
INFO - 22 b0 c9 3c 00 0a c3 00
INFO - 22 b3 09 3c 00 0a b1 00
INFO - 22 b6 49 3c 00 0a d8 00
INFO - 22 b8 89 3c 00 0a 98 00
INFO - 22 bb c9 3c 00 0a e2 00
INFO - 22 bd 09 3c 00 0a ad 00
INFO - 22 c1 49 3c 00 0a 99 00
INFO - 22 c3 89 3c 00 0a c9 00
INFO - 22 c6 c9 3c 00 0a bd 00
INFO - 22 c8 09 3c 00 0a a0 00
INFO - 22 ca 49 3c 00 0a a3 00
INFO - 22 cd 89 3c 00 0a ce 00
INFO - 22 ce c9 3c 00 0a 95 00
INFO - 22 d1 09 3c 00 0a c8 00
INFO - 22 d4 49 3c 00 0a cf 00
INFO - 22 d8 89 3c 00 0a f0 00
INFO - 22 db c9 3c 00 0a ef 00
INFO - 22 dd 09 3c 00 0a b6 00
INFO - 22 e0 49 3c 00 0a c2 00
INFO - 22 e3 89 3c 00 0a e1 00
INFO - 22 e6 c9 3c 00 0a c9 00
INFO - 22 e9 09 3c 00 0a bc 00
INFO - 22 eb 49 3c 00 0a c9 00
INFO - 22 ee 89 3c 00 0a b5 00
INFO - 22 f1 c9 3c 00 0a de 00
INFO - 22 f3 09 3c 00 0a a0 00
INFO - 22 f7 49 3c 00 0a fc 00
INFO - 22 fa 89 3c 00 0a da 00
INFO - 22 fc c9 3c 00 0a b5 00
INFO - 22 fe 09 3c 00 0a a3 00
INFO - 23 00 49 3c 00 0a a1 00
INFO - 23 03 89 3c 00 0a df 00
INFO - 23 07 c9 3c 00 0a eb 00
INFO - 23 0b 09 3c 00 0a ff 00
INFO - 23 0d 49 3c 00 0a c9 00
INFO - 23 10 89 3c 00 0a b1 00
INFO - 23 12 c9 3c 00 0a c5 00
INFO - 23 15 09 3c 00 0a bd 00
INFO - 23 17 49 3c 00 0a a3 00
INFO - 23 1a 89 3c 00 0a d2 00
INFO - 23 1c c9 3c 00 0a aa 00
INFO - 23 1f 09 3c 00 0a ec 00
INFO - 23 22 49 3c 00 0a b1 00
INFO - 23 26 89 3c 00 0b 0c 00
INFO - 23 28 c9 3c 00 0a bd 00
INFO - 23 2b 09 3c 00 0a ca 00
INFO - 23 2e 49 3c 00 0a cb 00
INFO - 23 30 89 3c 00 0a be 00
INFO - 23 32 c9 3c 00 0a a2 00
INFO - 23 36 09 3c 00 0a df 00
INFO - 23 38 49 3c 00 0a b8 00
INFO - 23 3a 89 3c 00 0a bb 00
INFO - 23 3e c9 3c 00 0a 93 00
INFO - 23 41 09 3c 00 0a f9 00
INFO - 23 44 49 3c 00 0a c4 00
INFO - 23 47 89 3c 00 0a d9 00
INFO - 23 4a c9 3c 00 0a c3 00
INFO - 23 4e 09 3c 00 0b 19 00
INFO - 23 50 49 3c 00 0a 97 00
INFO - 23 53 89 3c 00 0a e4 00
INFO - 23 56 c9 3c 00 0a be 00
INFO - 23 58 09 3c 00 0a be 00
INFO - 23 5b 49 3c 00 0a d2 00
INFO - 23 5f 89 3c 00 0a f9 00
INFO - 23 61 c9 3c 00 0a a3 00
INFO - 23 64 09 3c 00 0a ca 00
INFO - 23 66 49 3c 00 0a bf 00
INFO - 23 69 89 3c 00 0a d7 00
INFO - 23 6c c9 3c 00 0a b1 00
INFO - 23 6f 09 3c 00 0a f3 00
INFO - 23 72 49 3c 00 0a b7 00
INFO - 23 75 89 3c 00 0a d1 00
INFO - 23 77 c9 3c 00 0a d2 00
INFO - 23 7a 09 3c 00 0a c4 00
INFO - 23 7e 49 3c 00 0a ec 00
INFO - 23 80 89 3c 00 0a c0 00
INFO - 23 82 c9 3c 00 0a 95 00
INFO - 23 85 09 3c 00 0a c4 00
INFO - 23 87 49 3c 00 0a a6 00
INFO - 23 8b 89 3c 00 0b 14 00
INFO - 23 8d c9 3c 00 0a bb 00
INFO - 23 90 09 3c 00 0a b3 00
INFO - 23 92 49 3c 00 0a af 00
INFO - 23 94 89 3c 00 0a b6 00
INFO - 23 97 c9 3c 00 0a c1 00
INFO - 23 9a 09 3c 00 0a df 00
INFO - 23 9c 49 3c 00 0a 9f 00
INFO - 23 9f 89 3c 00 0a c4 00
INFO - 23 a1 c9 3c 00 0a b2 00
INFO - 23 a3 09 3c 00 0a ba 00
INFO - 23 a6 49 3c 00 0a ce 00
INFO - 23 ab 89 3c 00 0b 1f 00
INFO - 23 ae c9 3c 00 0a d3 00
INFO - 23 b0 09 3c 00 0a b4 00
INFO - 23 b2 49 3c 00 0a 9e 00
INFO - 23 b4 89 3c 00 0a b5 00
INFO - 23 b7 c9 3c 00 0a c1 00
INFO - 23 ba 09 3c 00 0a dd 00
INFO - 23 bc 49 3c 00 0a ab 00
INFO - 23 be 89 3c 00 0a aa 00
INFO - 23 c1 c9 3c 00 0a b3 00
INFO - 23 c2 09 3c 00 0a 92 00
INFO - 23 c5 49 3c 00 0a b6 00
INFO - 23 c7 89 3c 00 0a c1 00
INFO - 23 c9 c9 3c 00 0a ab 00
INFO - 23 cb 09 3c 00 0a 9c 00
INFO - 23 ce 49 3c 00 0a b6 00
INFO - 23 d0 89 3c 00 0a b4 00
INFO - 23 d2 c9 3c 00 0a 9f 00
INFO - 23 d4 09 3c 00 0a a9 00
INFO - 23 d6 49 3c 00 0a a7 00
INFO - 23 d9 89 3c 00 0a e1 00
INFO - 23 dc c9 3c 00 0a ce 00
INFO - 23 df 09 3c 00 0a e0 00
INFO - 23 e3 49 3c 00 0a dd 00
INFO - 23 e5 89 3c 00 0a 7d 00
INFO - 23 ea c9 3c 00 0b 2e 00
INFO - 23 ee 09 3c 00 0b 07 00
INFO - 23 f0 49 3c 00 0a 9d 00
INFO - 23 f3 89 3c 00 0a d0 00
INFO - 23 f5 c9 3c 00 0a c7 00
INFO - 23 f7 09 3c 00 0a a8 00
INFO - 23 fc 49 3c 00 0b 3c 00
INFO - 23 ff 89 3c 00 0a c7 00
INFO - 24 01 c9 3c 00 0a a8 00
INFO - 24 04 09 3c 00 0a ba 00
INFO - 24 06 49 3c 00 0a b6 00
INFO - 24 09 89 3c 00 0a c7 00
INFO - 24 0c c9 3c 00 0a d2 00
INFO - 24 0f 09 3c 00 0a e0 00
INFO - 24 12 49 3c 00 0a c5 00
INFO - 24 14 89 3c 00 0a b9 00
INFO - 24 18 c9 3c 00 0a ed 00
INFO - 24 1a 09 3c 00 0a b6 00
INFO - 24 1d 49 3c 00 0a d5 00
INFO - 24 20 89 3c 00 0a c4 00
INFO - 24 22 c9 3c 00 0a ac 00
INFO - 24 25 09 3c 00 0a d4 00
INFO - 24 28 49 3c 00 0a e1 00
INFO - 24 2b 89 3c 00 0a d2 00
INFO - 24 2e c9 3c 00 0a d6 00
INFO - 24 31 09 3c 00 0a c5 00
INFO - 24 33 49 3c 00 0a ad 00
INFO - 24 36 89 3c 00 0a e1 00
INFO - 24 3a c9 3c 00 0a ff 00
INFO - 24 3c 09 3c 00 0a b8 00
INFO - 24 3f 49 3c 00 0a d7 00
INFO - 24 42 89 3c 00 0a ba 00
INFO - 24 45 c9 3c 00 0a d4 00
INFO - 24 47 09 3c 00 0a bb 00
INFO - 24 4a 49 3c 00 0a d4 00
INFO - 24 4e 89 3c 00 0a e5 00
INFO - 24 50 c9 3c 00 0a c7 00
INFO - 24 53 09 3c 00 0a bc 00
INFO - 24 55 49 3c 00 0a bb 00
INFO - 24 58 89 3c 00 0a d6 00
INFO - 24 5c c9 3c 00 0b 00 00
INFO - 24 60 09 3c 00 0a f1 00
INFO - 24 61 49 3c 00 0a 94 00
INFO - 24 65 89 3c 00 0a f2 00
INFO - 24 68 c9 3c 00 0a d7 00
INFO - 24 6a 09 3c 00 0a 93 00
INFO - 24 6c 49 3c 00 0a bb 00
INFO - 24 70 89 3c 00 0a f2 00
INFO - 24 73 c9 3c 00 0a d6 00
INFO - 24 76 09 3c 00 0a e5 00
INFO - 24 78 49 3c 00 0a b1 00
INFO - 24 7c 89 3c 00 0a e4 00
INFO - 24 7e c9 3c 00 0a be 00
INFO - 24 82 09 3c 00 0a ff 00
INFO - 24 84 49 3c 00 0a a3 00
INFO - 24 87 89 3c 00 0a 93 00
INFO - 24 8a c9 3c 00 0a d9 00
INFO - 24 8d 09 3c 00 0a ad 00
INFO - 24 8f 49 3c 00 0a bf 00
INFO - 24 91 89 3c 00 0a ae 00
INFO - 24 94 c9 3c 00 0a cc 00
INFO - 24 98 09 3c 00 0a e5 00
INFO - 24 9a 49 3c 00 0a b2 00
INFO - 24 9c 89 3c 00 0a ad 00
INFO - 24 9f c9 3c 00 0a bf 00
INFO - 24 a1 09 3c 00 0a c9 00
INFO - 24 a4 49 3c 00 0a cd 00
INFO - 24 a7 89 3c 00 0a bd 00
INFO - 24 ab c9 3c 00 0a fc 00
INFO - 24 ad 09 3c 00 0a bd 00
INFO - 24 b0 49 3c 00 0a da 00
INFO - 24 b3 89 3c 00 0a ca 00
INFO - 24 b7 c9 3c 00 0a e7 00
INFO - 24 b9 09 3c 00 0a cb 00
INFO - 24 bd 49 3c 00 0a e7 00
INFO - 24 bf 89 3c 00 0a c8 00
INFO - 24 c3 c9 3c 00 0a db 00
INFO - 24 c5 09 3c 00 0a ca 00
INFO - 24 c8 49 3c 00 0a cb 00
INFO - 24 cc 89 3c 00 0a e9 00
INFO - 24 cd c9 3c 00 0a 9f 00
INFO - 24 d1 09 3c 00 0b 04 00
INFO - 24 d5 49 3c 00 0b 01 00
INFO - 24 d9 89 3c 00 0a e7 00
INFO - 24 db c9 3c 00 0a ae 00
INFO - 24 dd 09 3c 00 0a bb 00
INFO - 24 e1 49 3c 00 0a e9 00
INFO - 24 e3 89 3c 00 0a ae 00
INFO - 24 e7 c9 3c 00 0b 05 00
INFO - 24 ea 09 3c 00 0a cb 00
INFO - 24 ee 49 3c 00 0b 02 00
INFO - 24 f1 89 3c 00 0a f6 00
INFO - 24 f5 c9 3c 00 0a f7 00
INFO - 24 f9 09 3c 00 0b 02 00
INFO - 24 fb 49 3c 00 0a b1 00
INFO - 24 ff 89 3c 00 0a e8 00
INFO - 25 01 c9 3c 00 0a a1 00
INFO - 25 03 09 3c 00 0a cd 00
INFO - 25 07 49 3c 00 0a db 00
INFO - 25 09 89 3c 00 0a cb 00
INFO - 25 0c c9 3c 00 0a 80 00
INFO - 25 0e 09 3c 00 0a bf 00
INFO - 25 13 49 3c 00 0a bc 00
INFO - 25 16 89 3c 00 0a bf 00
INFO - 25 18 c9 3c 00 0a cc 00
INFO - 25 1a 09 3c 00 0a a2 00
INFO - 25 1c 49 3c 00 0a a1 00
INFO - 25 20 89 3c 00 0a e8 00
INFO - 25 22 c9 3c 00 0a be 00
INFO - 25 25 09 3c 00 0a d9 00
INFO - 25 29 49 3c 00 0b 03 00
INFO - 25 2b 89 3c 00 0a b0 00
INFO - 25 2d c9 3c 00 0a 94 00
INFO - 25 30 09 3c 00 0a bd 00
INFO - 25 32 49 3c 00 0a af 00
INFO - 25 35 89 3c 00 0a e6 00
INFO - 25 37 c9 3c 00 0a af 00
INFO - 25 3a 09 3c 00 0a ca 00
INFO - 25 3c 49 3c 00 0a 9e 00
INFO - 25 3f 89 3c 00 0a b9 00
INFO - 25 41 c9 3c 00 0a a5 00
INFO - 25 43 09 3c 00 0a bb 00
INFO - 25 46 49 3c 00 0a cc 00
INFO - 25 48 89 3c 00 0a ae 00
INFO - 25 4b c9 3c 00 0a cb 00
INFO - 25 4d 09 3c 00 0a a0 00
INFO - 25 4f 49 3c 00 0a af 00
INFO - 25 52 89 3c 00 0a b0 00
INFO - 25 54 c9 3c 00 0a ad 00
INFO - 25 57 09 3c 00 0a da 00
INFO - 25 5a 49 3c 00 0a d8 00
INFO - 25 5d 89 3c 00 0a e4 00
INFO - 25 61 c9 3c 00 0b 03 00
INFO - 25 65 09 3c 00 0b 00 00
INFO - 25 6e 49 3c 00 0b fe 00
INFO - 25 70 89 3c 00 0a ae 00
INFO - 25 73 c9 3c 00 0a b1 00
INFO - 25 75 09 3c 00 0a c8 00
INFO - 25 78 49 3c 00 0a cd 00
INFO - 25 7b 89 3c 00 0a d6 00
INFO - 25 7e c9 3c 00 0a cd 00
INFO - 25 80 09 3c 00 0a 9e 00
INFO - 25 83 49 3c 00 0a da 00
INFO - 25 85 89 3c 00 0a ab 00
INFO - 25 88 c9 3c 00 0a da 00
INFO - 25 8b 09 3c 00 0a ba 00
INFO - 25 8e 49 3c 00 0a d8 00
INFO - 25 91 89 3c 00 0a ca 00
INFO - 25 94 c9 3c 00 0a d8 00
INFO - 25 96 09 3c 00 0a bf 00
INFO - 25 99 49 3c 00 0a e3 00
INFO - 25 9d 89 3c 00 0a da 00
INFO - 25 9f c9 3c 00 0a b9 00
INFO - 25 a2 09 3c 00 0a cd 00
INFO - 25 a5 49 3c 00 0a d5 00
INFO - 25 a7 89 3c 00 0a bc 00
INFO - 25 aa c9 3c 00 0a bd 00
INFO - 25 ad 09 3c 00 0a cc 00
INFO - 25 b0 49 3c 00 0a e3 00
INFO - 25 b3 89 3c 00 0a db 00
INFO - 25 b6 c9 3c 00 0a d5 00
INFO - 25 b9 09 3c 00 0a bf 00
INFO - 25 bb 49 3c 00 0a ba 00
INFO - 25 be 89 3c 00 0a bd 00
INFO - 25 c0 c9 3c 00 0a ad 00
INFO - 25 c3 09 3c 00 0a dc 00
INFO - 25 c7 49 3c 00 0a fe 00
INFO - 25 c9 89 3c 00 0a a3 00
INFO - 25 cb c9 3c 00 0a c7 00
INFO - 25 ce 09 3c 00 0a d8 00
INFO - 25 d2 49 3c 00 0a da 00
INFO - 25 d4 89 3c 00 0a b9 00
INFO - 25 d7 c9 3c 00 0a e9 00
INFO - 25 db 09 3c 00 0a e2 00
INFO - 25 dc 49 3c 00 0a 8f 00
INFO - 25 de 89 3c 00 0a 9f 00
INFO - 25 e1 c9 3c 00 0a cc 00
INFO - 25 e3 09 3c 00 0a b8 00
INFO - 25 e6 49 3c 00 0a be 00
INFO - 25 e9 89 3c 00 0a c6 00
INFO - 25 ec c9 3c 00 0a e4 00
INFO - 25 ee 09 3c 00 0a ad 00
INFO - 25 f1 49 3c 00 0a cc 00
INFO - 25 f3 89 3c 00 0a b8 00
INFO - 25 f7 c9 3c 00 0a f1 00
INFO - 25 f9 09 3c 00 0a ae 00
INFO - 25 fc 49 3c 00 0a ba 00
INFO - 25 fe 89 3c 00 0a cb 00
INFO - 26 01 c9 3c 00 0a c5 00
INFO - 26 04 09 3c 00 0a cb 00
INFO - 26 08 49 3c 00 0a fb 00
INFO - 26 0b 89 3c 00 0a f3 00
INFO - 26 0e c9 3c 00 0a c8 00
INFO - 26 10 09 3c 00 0a 9c 00
INFO - 26 13 49 3c 00 0a c7 00
INFO - 26 15 89 3c 00 0a cb 00
INFO - 26 18 c9 3c 00 0a c8 00
INFO - 26 1b 09 3c 00 0a d1 00
INFO - 26 1d 49 3c 00 0a ba 00
INFO - 26 20 89 3c 00 0a d4 00
INFO - 26 23 c9 3c 00 0a d8 00
INFO - 26 27 09 3c 00 0a fa 00
INFO - 26 2b 49 3c 00 0a ef 00
INFO - 26 2d 89 3c 00 0a c6 00
INFO - 26 2f c9 3c 00 0a 94 00
INFO - 26 33 09 3c 00 0a fc 00
INFO - 26 35 49 3c 00 0a b5 00
INFO - 26 38 89 3c 00 0a c9 00
INFO - 26 3a c9 3c 00 0a a9 00
INFO - 26 3e 09 3c 00 0a fc 00
INFO - 26 41 49 3c 00 0a d3 00
INFO - 26 43 89 3c 00 0a bc 00
INFO - 26 46 c9 3c 00 0a c3 00
INFO - 26 48 09 3c 00 0a bb 00
INFO - 26 4b 49 3c 00 0a a9 00
INFO - 26 4e 89 3c 00 0a f1 00
INFO - 26 51 c9 3c 00 0a d0 00
INFO - 26 53 09 3c 00 0a ac 00
INFO - 26 56 49 3c 00 0a d2 00
INFO - 26 59 89 3c 00 0a e0 00
INFO - 26 5b c9 3c 00 0a a1 00
INFO - 26 5e 09 3c 00 0a b8 00
INFO - 26 60 49 3c 00 0a c2 00
INFO - 26 64 89 3c 00 0a f0 00
INFO - 26 66 c9 3c 00 0a b4 00
INFO - 26 68 09 3c 00 0a 9e 00
INFO - 26 6b 49 3c 00 0a e3 00
INFO - 26 6e 89 3c 00 0a c2 00
INFO - 26 71 c9 3c 00 0a d5 00
INFO - 26 76 09 3c 00 0a 93 00
INFO - 26 77 49 3c 00 0a a0 00
INFO - 26 7a 89 3c 00 0a d2 00
INFO - 26 7c c9 3c 00 0a a8 00
INFO - 26 7e 09 3c 00 0a 9c 00
INFO - 26 80 49 3c 00 0a a0 00
INFO - 26 83 89 3c 00 0a c1 00
INFO - 26 86 c9 3c 00 0a c5 00
INFO - 26 89 09 3c 00 0a f9 00
INFO - 26 8c 49 3c 00 0a ae 00
INFO - 26 8f 89 3c 00 0a f6 00
INFO - 26 91 c9 3c 00 0a ad 00
INFO - 26 95 09 3c 00 0a dc 00
INFO - 26 98 49 3c 00 0a de 00
INFO - 26 9b 89 3c 00 0a ec 00
INFO - 26 9e c9 3c 00 0a d2 00
INFO - 26 a1 09 3c 00 0a e0 00
INFO - 26 a4 49 3c 00 0a bb 00
INFO - 26 a6 89 3c 00 0a 9c 00
INFO - 26 a8 c9 3c 00 0a ab 00
INFO - 26 ab 09 3c 00 0a cf 00
INFO - 26 ae 49 3c 00 0a d3 00
INFO - 26 b0 89 3c 00 0a a0 00
INFO - 26 b2 c9 3c 00 0a a8 00
INFO - 26 b4 09 3c 00 0a ab 00
INFO - 26 b6 49 3c 00 0a ab 00
INFO - 26 b8 89 3c 00 0a ba 00
INFO - 26 ba c9 3c 00 0a 9a 00
INFO - 26 bc 09 3c 00 0a aa 00
INFO - 26 bf 49 3c 00 0a d6 00
INFO - 26 c1 89 3c 00 0a a7 00
INFO - 26 c5 c9 3c 00 0a e0 00
INFO - 26 c7 09 3c 00 0a b8 00
INFO - 26 ca 49 3c 00 0a c6 00
INFO - 26 cc 89 3c 00 0a c4 00
INFO - 26 d3 c9 3c 00 0b 8f 00
INFO - 26 d6 09 3c 00 0a dc 00
INFO - 26 d9 49 3c 00 0a d5 00
INFO - 26 dd 89 3c 00 0a c1 00
INFO - 26 e2 c9 3c 00 0a c4 00
INFO - 26 e8 09 3c 00 0a c4 00
INFO - 26 ea 49 3c 00 0a b7 00
INFO - 26 ec 89 3c 00 0a ba 00
INFO - 26 ef c9 3c 00 0a b5 00
INFO - 26 f1 09 3c 00 0a a9 00
INFO - 26 f4 49 3c 00 0a c8 00
INFO - 26 f6 89 3c 00 0a a6 00
INFO - 26 f8 c9 3c 00 0a 9e 00
INFO - 26 fb 09 3c 00 0a f9 00
INFO - 26 ff 49 3c 00 0a ec 00
INFO - 27 01 89 3c 00 0a aa 00
INFO - 27 03 c9 3c 00 0a b7 00
INFO - 27 05 09 3c 00 0a aa 00
INFO - 27 08 49 3c 00 0a d1 00
INFO - 27 0b 89 3c 00 0a c4 00
INFO - 27 0d c9 3c 00 0a b6 00
INFO - 27 0f 09 3c 00 0a a9 00
INFO - 27 12 49 3c 00 0a b7 00
INFO - 27 15 89 3c 00 0a f8 00
INFO - 27 19 c9 3c 00 0a eb 00
INFO - 27 1b 09 3c 00 0a b6 00
INFO - 27 1e 49 3c 00 0a b7 00
INFO - 27 20 89 3c 00 0a a8 00
INFO - 27 23 c9 3c 00 0a e0 00
INFO - 27 26 09 3c 00 0a ce 00
INFO - 27 28 49 3c 00 0a c5 00
INFO - 27 2b 89 3c 00 0a a7 00
INFO - 27 2d c9 3c 00 0a d0 00
INFO - 27 31 09 3c 00 0a de 00
INFO - 27 33 49 3c 00 0a c5 00
INFO - 27 37 89 3c 00 0a e7 00
INFO - 27 39 c9 3c 00 0a b8 00
INFO - 27 3b 09 3c 00 0a b3 00
INFO - 27 3f 49 3c 00 0a df 00
INFO - 27 40 89 3c 00 0a 98 00
INFO - 27 43 c9 3c 00 0a c3 00
INFO - 27 46 09 3c 00 0a c2 00
INFO - 27 49 49 3c 00 0a e0 00
INFO - 27 4c 89 3c 00 0a e7 00
INFO - 27 4e c9 3c 00 0a ab 00
INFO - 27 51 09 3c 00 0a cd 00
INFO - 27 54 49 3c 00 0a d2 00
INFO - 27 56 89 3c 00 0a a5 00
INFO - 27 59 c9 3c 00 0a b9 00
INFO - 27 5a 09 3c 00 0a 98 00
INFO - 27 5f 49 3c 00 0b 14 00
INFO - 27 60 89 3c 00 0a 8b 00
INFO - 27 64 c9 3c 00 0a f8 00
INFO - 27 66 09 3c 00 0a ac 00
INFO - 27 69 49 3c 00 0a c1 00
INFO - 27 6b 89 3c 00 0a c3 00
INFO - 27 6e c9 3c 00 0a b7 00
INFO - 27 70 09 3c 00 0a c7 00
INFO - 27 72 49 3c 00 0a a6 00
INFO - 27 74 89 3c 00 0a a0 00
INFO - 27 76 c9 3c 00 0a a6 00
INFO - 27 79 09 3c 00 0a b8 00
INFO - 27 7b 49 3c 00 0a ac 00
INFO - 27 7e 89 3c 00 0a de 00
INFO - 27 80 c9 3c 00 0a 9a 00
INFO - 27 83 09 3c 00 0a d1 00
INFO - 27 85 49 3c 00 0a c5 00
INFO - 27 89 89 3c 00 0a fb 00
INFO - 27 8c c9 3c 00 0a c0 00
INFO - 27 8f 09 3c 00 0a c7 00
INFO - 27 91 49 3c 00 0a b3 00
INFO - 27 94 89 3c 00 0a c7 00
INFO - 27 98 c9 3c 00 0b 0f 00
INFO - 27 9a 09 3c 00 0a c6 00
INFO - 27 9d 49 3c 00 0a b4 00
INFO - 27 a1 89 3c 00 0b 08 00
INFO - 27 a4 c9 3c 00 0a ce 00
INFO - 27 a6 09 3c 00 0a b9 00
INFO - 27 a9 49 3c 00 0a c3 00
INFO - 27 ab 89 3c 00 0a a6 00
INFO - 27 af c9 3c 00 0b 08 00
INFO - 27 b2 09 3c 00 0a f5 00
INFO - 27 b5 49 3c 00 0a c5 00
INFO - 27 b7 89 3c 00 0a a6 00
INFO - 27 b9 c9 3c 00 0a a8 00
INFO - 27 bc 09 3c 00 0a c4 00
INFO - 27 bf 49 3c 00 0a c6 00
INFO - 27 c1 89 3c 00 0a a7 00
INFO - 27 c3 c9 3c 00 0a a8 00
INFO - 27 c6 09 3c 00 0a c7 00
INFO - 27 ca 49 3c 00 0b 0f 00
INFO - 27 cd 89 3c 00 0a d0 00
INFO - 27 cf c9 3c 00 0a c6 00
INFO - 27 d2 09 3c 00 0a d0 00
INFO - 27 d4 49 3c 00 0a a6 00
INFO - 27 d7 89 3c 00 0a b5 00
INFO - 27 d9 c9 3c 00 0a b9 00
INFO - 27 db 09 3c 00 0a 79 00
INFO - 27 de 49 3c 00 0a c2 00
INFO - 27 e1 89 3c 00 0a cf 00
INFO - 27 e4 c9 3c 00 0a cf 00
INFO - 27 e8 09 3c 00 0b 06 00
INFO - 27 ea 49 3c 00 0a b2 00
INFO - 27 ed 89 3c 00 0a dd 00
INFO - 27 f1 c9 3c 00 0a e8 00
INFO - 27 f2 09 3c 00 0a 90 00
INFO - 27 f4 49 3c 00 0a 98 00
INFO - 27 f6 89 3c 00 0a a7 00
INFO - 27 f8 c9 3c 00 0a aa 00
INFO - 27 fb 09 3c 00 0a cb 00
INFO - 27 fd 49 3c 00 0a 9a 00
INFO - 28 01 89 3c 00 0b 0d 00
INFO - 28 04 c9 3c 00 0a d0 00
INFO - 28 06 09 3c 00 0a be 00
INFO - 28 08 49 3c 00 0a a9 00
INFO - 28 0b 89 3c 00 0a bd 00
INFO - 28 0d c9 3c 00 0a a6 00
INFO - 28 10 09 3c 00 0a c0 00
INFO - 28 12 49 3c 00 0a a7 00
INFO - 28 14 89 3c 00 0a a8 00
INFO - 28 16 c9 3c 00 0a b0 00
INFO - 28 18 09 3c 00 0a 9b 00
INFO - 28 1a 49 3c 00 0a 96 00
INFO - 28 1c 89 3c 00 0a cb 00
INFO - 28 1f c9 3c 00 0a ce 00
INFO - 28 23 09 3c 00 0a e2 00
INFO - 28 26 49 3c 00 0a d6 00
INFO - 28 27 89 3c 00 0a 98 00
INFO - 28 29 c9 3c 00 0a a7 00
INFO - 28 2c 09 3c 00 0a af 00
INFO - 28 2e 49 3c 00 0a b1 00
INFO - 28 31 89 3c 00 0a cc 00
INFO - 28 37 c9 3c 00 0b 83 00
INFO - 28 3a 09 3c 00 0a d2 00
INFO - 28 3d 49 3c 00 0a c8 00
INFO - 28 40 89 3c 00 0a ed 00
INFO - 28 42 c9 3c 00 0a 80 00
INFO - 28 44 09 3c 00 0a c5 00
INFO - 28 46 49 3c 00 0a 96 00
INFO - 28 4a 89 3c 00 0b 05 00
INFO - 28 4e c9 3c 00 0a f8 00
INFO - 28 51 09 3c 00 0a d6 00
INFO - 28 52 49 3c 00 0a 95 00
INFO - 28 54 89 3c 00 0a 9e 00
INFO - 28 57 c9 3c 00 0a b1 00
INFO - 28 58 09 3c 00 0a 9f 00
INFO - 28 5a 49 3c 00 0a a0 00
INFO - 28 5d 89 3c 00 0a c5 00
INFO - 28 60 c9 3c 00 0a c6 00
INFO - 28 61 09 3c 00 0a 8a 00
INFO - 28 64 49 3c 00 0a c2 00
INFO - 28 66 89 3c 00 0a a2 00
INFO - 28 69 c9 3c 00 0a f1 00
INFO - 28 6d 09 3c 00 0a f4 00
INFO - 28 6f 49 3c 00 0a ac 00
INFO - 28 71 89 3c 00 0a ae 00
INFO - 28 74 c9 3c 00 0a d9 00
INFO - 28 77 09 3c 00 0a ab 00
INFO - 28 7a 49 3c 00 0a da 00
INFO - 28 7c 89 3c 00 0a c6 00
INFO - 28 7f c9 3c 00 0a d8 00
INFO - 28 82 09 3c 00 0a ba 00
INFO - 28 84 49 3c 00 0a 91 00
INFO - 28 86 89 3c 00 0a ba 00
INFO - 28 88 c9 3c 00 0a a9 00
INFO - 28 8b 09 3c 00 0a c6 00
INFO - 28 8d 49 3c 00 0a a8 00
INFO - 28 8f 89 3c 00 0a 94 00
INFO - 28 91 c9 3c 00 0a c6 00
INFO - 28 93 09 3c 00 0a 91 00
INFO - 28 96 49 3c 00 0a c6 00
INFO - 28 97 89 3c 00 0a 92 00
INFO - 28 9a c9 3c 00 0a dc 00
INFO - 28 9d 09 3c 00 0a c4 00
INFO - 28 a1 49 3c 00 0a f8 00
INFO - 28 a3 89 3c 00 0a aa 00
INFO - 28 a5 c9 3c 00 0a b0 00
INFO - 28 a8 09 3c 00 0a c2 00
INFO - 28 aa 49 3c 00 0a ad 00
INFO - 28 ad 89 3c 00 0a d1 00
INFO - 28 af c9 3c 00 0a 95 00
INFO - 28 b1 09 3c 00 0a c8 00
INFO - 28 b3 49 3c 00 0a a9 00
INFO - 28 b5 89 3c 00 0a 96 00
INFO - 28 b7 c9 3c 00 0a af 00
INFO - 28 ba 09 3c 00 0a c3 00
INFO - 28 bd 49 3c 00 0a e9 00
INFO - 28 c0 89 3c 00 0a 88 00
INFO - 28 c2 c9 3c 00 0a 97 00
INFO - 28 c4 09 3c 00 0a 9d 00
INFO - 28 c7 49 3c 00 0a c4 00
INFO - 28 c9 89 3c 00 0a a2 00
INFO - 28 cc c9 3c 00 0a dd 00
INFO - 28 ce 09 3c 00 0a 9d 00
INFO - 28 d1 49 3c 00 0a eb 00
INFO - 28 d4 89 3c 00 0a ce 00
INFO - 28 d5 c9 3c 00 0a 86 00
INFO - 28 d8 09 3c 00 0a c7 00
INFO - 28 de 49 3c 00 0b 27 00
INFO - 28 e1 89 3c 00 0a de 00
INFO - 28 e3 c9 3c 00 0a 9e 00
INFO - 28 e5 09 3c 00 0a b8 00
INFO - 28 e7 49 3c 00 0a af 00
INFO - 28 e9 89 3c 00 0a 9d 00
INFO - 28 ec c9 3c 00 0a d2 00
INFO - 28 ef 09 3c 00 0a b5 00
INFO - 28 f1 49 3c 00 0a ae 00
INFO - 28 f3 89 3c 00 0a a9 00
INFO - 28 f6 c9 3c 00 0a 8e 00
INFO - 28 f8 09 3c 00 0a 96 00
INFO - 28 fa 49 3c 00 0a b5 00
INFO - 28 fd 89 3c 00 0a b9 00
INFO - 28 ff c9 3c 00 0a c1 00
INFO - 29 02 09 3c 00 0a d2 00
INFO - 29 04 49 3c 00 0a b3 00
INFO - 29 07 89 3c 00 0a ba 00
INFO - 29 09 c9 3c 00 0a a7 00
INFO - 29 0b 09 3c 00 0a a2 00
INFO - 29 0d 49 3c 00 0a b3 00
INFO - 29 0f 89 3c 00 0a aa 00
INFO - 29 13 c9 3c 00 0a e6 00
INFO - 29 15 09 3c 00 0a 9c 00
INFO - 29 17 49 3c 00 0a c1 00
INFO - 29 19 89 3c 00 0a b5 00
INFO - 29 1c c9 3c 00 0a cf 00
INFO - 29 1e 09 3c 00 0a 9a 00
INFO - 29 21 49 3c 00 0a b6 00
INFO - 29 23 89 3c 00 0a b3 00
INFO - 29 26 c9 3c 00 0a d6 00
INFO - 29 28 09 3c 00 0a a9 00
INFO - 29 2a 49 3c 00 0a b3 00
INFO - 29 2c 89 3c 00 0a a8 00
INFO - 29 2f c9 3c 00 0a b3 00
INFO - 29 31 09 3c 00 0a a8 00
INFO - 29 34 49 3c 00 0a d5 00
INFO - 29 36 89 3c 00 0a a7 00
INFO - 29 38 c9 3c 00 0a be 00
INFO - 29 3b 09 3c 00 0a b3 00
INFO - 29 3d 49 3c 00 0a be 00
INFO - 29 40 89 3c 00 0a c9 00
INFO - 29 42 c9 3c 00 0a b1 00
INFO - 29 46 09 3c 00 0a f6 00
INFO - 29 48 49 3c 00 0a b1 00
INFO - 29 4a 89 3c 00 0a 9b 00
INFO - 29 4c c9 3c 00 0a 9a 00
INFO - 29 4e 09 3c 00 0a b1 00
INFO - 29 50 49 3c 00 0a 8f 00
INFO - 29 52 89 3c 00 0a a5 00
INFO - 29 54 c9 3c 00 0a bb 00
INFO - 29 56 09 3c 00 0a af 00
INFO - 29 58 49 3c 00 0a 98 00
INFO - 29 5a 89 3c 00 0a 97 00
INFO - 29 5c c9 3c 00 0a b0 00
INFO - 29 5e 09 3c 00 0a 99 00
INFO - 29 60 49 3c 00 0a a4 00
INFO - 29 62 89 3c 00 0a 99 00
INFO - 29 63 c9 3c 00 0a 82 00
INFO - 29 65 09 3c 00 0a af 00
INFO - 29 67 49 3c 00 0a 8d 00
INFO - 29 69 89 3c 00 0a a3 00
INFO - 29 6a c9 3c 00 0a 8d 00
INFO - 29 6d 09 3c 00 0a ce 00
INFO - 29 6f 49 3c 00 0a 82 00
INFO - 29 70 89 3c 00 0a 98 00
INFO - 29 73 c9 3c 00 0a c5 00
INFO - 29 77 09 3c 00 0b 04 00
INFO - 29 78 49 3c 00 0a 89 00
INFO - 29 7b 89 3c 00 0a d0 00
INFO - 29 7e c9 3c 00 0a b5 00
INFO - 29 81 09 3c 00 0a e5 00
INFO - 29 83 49 3c 00 0a aa 00
INFO - 29 86 89 3c 00 0a c5 00
INFO - 29 8a c9 3c 00 0b 19 00
INFO - 29 8c 09 3c 00 0a aa 00
INFO - 29 8e 49 3c 00 0a a1 00
INFO - 29 91 89 3c 00 0a d9 00
INFO - 29 95 c9 3c 00 0a fa 00
INFO - 29 98 09 3c 00 0a cf 00
INFO - 29 9a 49 3c 00 0a 9b 00
INFO - 29 9c 89 3c 00 0a a0 00
INFO - 29 9d c9 3c 00 0a 9b 00
INFO - 29 9f 09 3c 00 0a a0 00
INFO - 29 a2 49 3c 00 0a ad 00
INFO - 29 a3 89 3c 00 0a 9c 00
INFO - 29 a6 c9 3c 00 0a c0 00
INFO - 29 a8 09 3c 00 0a 91 00
INFO - 29 a9 49 3c 00 0a 89 00
INFO - 29 ac 89 3c 00 0a d3 00
INFO - 29 ae c9 3c 00 0a 94 00
INFO - 29 b1 09 3c 00 0a f4 00
INFO - 29 b4 49 3c 00 0a b5 00
INFO - 29 b5 89 3c 00 0a 90 00
INFO - 29 b7 c9 3c 00 0a 95 00
INFO - 29 b9 09 3c 00 0a bc 00
INFO - 29 bb 49 3c 00 0a 9f 00
INFO - 29 be 89 3c 00 0a af 00
INFO - 29 c1 c9 3c 00 0a e5 00
INFO - 29 c3 09 3c 00 0a 97 00
INFO - 29 c5 49 3c 00 0a 9b 00
INFO - 29 c7 89 3c 00 0a ba 00
INFO - 29 c9 c9 3c 00 0a a0 00
INFO - 29 cc 09 3c 00 0a d9 00
INFO - 29 ce 49 3c 00 0a a6 00
INFO - 29 d0 89 3c 00 0a 94 00
INFO - 29 d2 c9 3c 00 0a bd 00
INFO - 29 d4 09 3c 00 0a 95 00
INFO - 29 d5 49 3c 00 0a 83 00
INFO - 29 d8 89 3c 00 0a d1 00
INFO - 29 db c9 3c 00 0a d7 00
INFO - 29 de 09 3c 00 0a bc 00
INFO - 29 e0 49 3c 00 0a a0 00
INFO - 29 e2 89 3c 00 0a af 00
INFO - 29 e4 c9 3c 00 0a bc 00
INFO - 29 e7 09 3c 00 0a cc 00
INFO - 29 e9 49 3c 00 0a a6 00
INFO - 29 eb 89 3c 00 0a 8d 00
INFO - 29 ed c9 3c 00 0a ac 00
INFO - 29 ef 09 3c 00 0a b2 00
INFO - 29 f2 49 3c 00 0a c1 00
INFO - 29 f4 89 3c 00 0a 98 00
INFO - 29 f6 c9 3c 00 0a ac 00
INFO - 29 f8 09 3c 00 0a 99 00
INFO - 29 fa 49 3c 00 0a ae 00
INFO - 29 fc 89 3c 00 0a 99 00
INFO - 29 fd c9 3c 00 0a 8d 00
INFO - 2a 00 09 3c 00 0a c4 00
INFO - 2a 02 49 3c 00 0a 8d 00
INFO - 2a 04 89 3c 00 0a af 00
INFO - 2a 06 c9 3c 00 0a 98 00
INFO - 2a 08 09 3c 00 0a af 00
INFO - 2a 0a 49 3c 00 0a a4 00
INFO - 2a 0c 89 3c 00 0a ba 00
INFO - 2a 0f c9 3c 00 0a ba 00
INFO - 2a 11 09 3c 00 0a ba 00
INFO - 2a 14 49 3c 00 0a b7 00
INFO - 2a 16 89 3c 00 0a a3 00
INFO - 2a 18 c9 3c 00 0a 99 00
INFO - 2a 1b 09 3c 00 0a c5 00
INFO - 2a 1d 49 3c 00 0a c7 00
INFO - 2a 1f 89 3c 00 0a 91 00
INFO - 2a 21 c9 3c 00 0a b1 00
INFO - 2a 24 09 3c 00 0a dd 00
INFO - 2a 27 49 3c 00 0a ba 00
INFO - 2a 29 89 3c 00 0a be 00
INFO - 2a 2c c9 3c 00 0a af 00
INFO - 2a 2f 09 3c 00 0a df 00
INFO - 2a 31 49 3c 00 0a be 00
INFO - 2a 34 89 3c 00 0a d3 00
INFO - 2a 37 c9 3c 00 0a b2 00
INFO - 2a 38 09 3c 00 0a 92 00
INFO - 2a 3a 49 3c 00 0a a4 00
INFO - 2a 3c 89 3c 00 0a a7 00
INFO - 2a 3f c9 3c 00 0a cb 00
INFO - 2a 41 09 3c 00 0a 8e 00
INFO - 2a 43 49 3c 00 0a a6 00
INFO - 2a 45 89 3c 00 0a cc 00
INFO - 2a 48 c9 3c 00 0a b0 00
INFO - 2a 4a 09 3c 00 0a c9 00
INFO - 2a 4d 49 3c 00 0a be 00
INFO - 2a 4f 89 3c 00 0a b4 00
INFO - 2a 51 c9 3c 00 0a 8e 00
INFO - 2a 53 09 3c 00 0a bd 00
INFO - 2a 56 49 3c 00 0a be 00
INFO - 2a 58 89 3c 00 0a a7 00
INFO - 2a 5a c9 3c 00 0a a9 00
INFO - 2a 5c 09 3c 00 0a b0 00
INFO - 2a 5f 49 3c 00 0a c9 00
INFO - 2a 61 89 3c 00 0a 9e 00
INFO - 2a 64 c9 3c 00 0a d2 00
INFO - 2a 66 09 3c 00 0a a9 00
INFO - 2a 69 49 3c 00 0a c7 00
INFO - 2a 6c 89 3c 00 0a c9 00
INFO - 2a 6e c9 3c 00 0a aa 00
INFO - 2a 6f 09 3c 00 0a 8d 00
INFO - 2a 72 49 3c 00 0a c1 00
INFO - 2a 73 89 3c 00 0a 8d 00
INFO - 2a 76 c9 3c 00 0a ca 00
INFO - 2a 78 09 3c 00 0a 90 00
INFO - 2a 7a 49 3c 00 0a b5 00
INFO - 2a 7c 89 3c 00 0a 9a 00
INFO - 2a 7e c9 3c 00 0a a7 00
INFO - 2a 80 09 3c 00 0a 91 00
INFO - 2a 82 49 3c 00 0a 9f 00
INFO - 2a 84 89 3c 00 0a b0 00
INFO - 2a 87 c9 3c 00 0a ca 00
INFO - 2a 89 09 3c 00 0a bf 00
INFO - 2a 8b 49 3c 00 0a 9f 00
INFO - 2a 8e 89 3c 00 0a bc 00
INFO - 2a 90 c9 3c 00 0a a9 00
INFO - 2a 92 09 3c 00 0a ab 00
INFO - 2a 93 49 3c 00 0a 8f 00
INFO - 2a 96 89 3c 00 0a bc 00
INFO - 2a 98 c9 3c 00 0a a8 00
INFO - 2a 9a 09 3c 00 0a ae 00
INFO - 2a 9d 49 3c 00 0a b2 00
INFO - 2a 9f 89 3c 00 0a b8 00
INFO - 2a a4 c9 3c 00 0b 31 00
INFO - 2a a6 09 3c 00 0a b6 00
INFO - 2a aa 49 3c 00 0a e7 00
INFO - 2a ad 89 3c 00 0a cd 00
INFO - 2a af c9 3c 00 0a b2 00
INFO - 2a b1 09 3c 00 0a b5 00
INFO - 2a b3 49 3c 00 0a a1 00
INFO - 2a b5 89 3c 00 0a 8f 00
INFO - 2a b7 c9 3c 00 0a b9 00
INFO - 2a b9 09 3c 00 0a b3 00
INFO - 2a bd 49 3c 00 0b 00 00
INFO - 2a c0 89 3c 00 0a d7 00
INFO - 2a c4 c9 3c 00 0a dd 00
INFO - 2a c5 09 3c 00 0a 9c 00
INFO - 2a c9 49 3c 00 0a f1 00
INFO - 2a cc 89 3c 00 0a ce 00
INFO - 2a ce c9 3c 00 0a b6 00
INFO - 2a d0 09 3c 00 0a ab 00
INFO - 2a d2 49 3c 00 0a 87 00
INFO - 2a d5 89 3c 00 0a f2 00
INFO - 2a d8 c9 3c 00 0a cf 00
INFO - 2a db 09 3c 00 0a b7 00
INFO - 2a de 49 3c 00 0a cf 00
INFO - 2a e0 89 3c 00 0a ac 00
INFO - 2a e3 c9 3c 00 0a dd 00
INFO - 2a e5 09 3c 00 0a 9e 00
INFO - 2a e7 49 3c 00 0a c6 00
INFO - 2a e9 89 3c 00 0a 92 00
INFO - 2a ec c9 3c 00 0a c6 00
INFO - 2a ee 09 3c 00 0a 7b 00
INFO - 2a f1 49 3c 00 0a c4 00
INFO - 2a f3 89 3c 00 0a af 00
INFO - 2a f5 c9 3c 00 0a ac 00
INFO - 2a f7 09 3c 00 0a 94 00
INFO - 2a f9 49 3c 00 0a aa 00
INFO - 2a fb 89 3c 00 0a af 00
INFO - 2a fe c9 3c 00 0a b6 00
INFO - 2a ff 09 3c 00 0a 97 00
INFO - 2b 01 49 3c 00 0a 9f 00
INFO - 2b 04 89 3c 00 0a ad 00
INFO - 2b 06 c9 3c 00 0a a4 00
INFO - 2b 08 09 3c 00 0a ab 00
INFO - 2b 0a 49 3c 00 0a b0 00
INFO - 2b 0d 89 3c 00 0a cf 00
INFO - 2b 0f c9 3c 00 0a a1 00
INFO - 2b 12 09 3c 00 0a de 00
INFO - 2b 15 49 3c 00 0a c6 00
INFO - 2b 17 89 3c 00 0a c6 00
INFO - 2b 1a c9 3c 00 0a c8 00
INFO - 2b 1d 09 3c 00 0a e8 00
INFO - 2b 1f 49 3c 00 0a a4 00
INFO - 2b 22 89 3c 00 0a aa 00
INFO - 2b 24 c9 3c 00 0a bc 00
INFO - 2b 27 09 3c 00 0a c2 00
INFO - 2b 2a 49 3c 00 0a e1 00
INFO - 2b 2c 89 3c 00 0a 91 00
INFO - 2b 2d c9 3c 00 0a 95 00
INFO - 2b 31 09 3c 00 0a c7 00
INFO - 2b 32 49 3c 00 0a 85 00
INFO - 2b 35 89 3c 00 0a d5 00
INFO - 2b 37 c9 3c 00 0a 94 00
INFO - 2b 39 09 3c 00 0a a9 00
INFO - 2b 3b 49 3c 00 0a 99 00
INFO - 2b 3d 89 3c 00 0a b6 00
INFO - 2b 3f c9 3c 00 0a b1 00
INFO - 2b 41 09 3c 00 0a 93 00
INFO - 2b 43 49 3c 00 0a 9f 00
INFO - 2b 48 89 3c 00 0b 26 00
INFO - 2b 4a c9 3c 00 0a b0 00
INFO - 2b 4d 09 3c 00 0a ce 00
INFO - 2b 50 49 3c 00 0a d5 00
INFO - 2b 52 89 3c 00 0a b5 00
INFO - 2b 56 c9 3c 00 0a fa 00
INFO - 2b 59 09 3c 00 0a db 00
INFO - 2b 5b 49 3c 00 0a b1 00
INFO - 2b 5d 89 3c 00 0a 9e 00
INFO - 2b 60 c9 3c 00 0a d5 00
INFO - 2b 63 09 3c 00 0a c2 00
INFO - 2b 65 49 3c 00 0a ae 00
INFO - 2b 68 89 3c 00 0a c5 00
INFO - 2b 6b c9 3c 00 0a e2 00
INFO - 2b 6d 09 3c 00 0a b6 00
INFO - 2b 6f 49 3c 00 0a a4 00
INFO - 2b 71 89 3c 00 0a 9f 00
INFO - 2b 74 c9 3c 00 0a c4 00
INFO - 2b 77 09 3c 00 0a c8 00
INFO - 2b 78 49 3c 00 0a 9e 00
INFO - 2b 7b 89 3c 00 0a bb 00
INFO - 2b 7e c9 3c 00 0a d9 00
INFO - 2b 80 09 3c 00 0a a3 00
INFO - 2b 82 49 3c 00 0a b3 00
INFO - 2b 85 89 3c 00 0a b9 00
INFO - 2b 87 c9 3c 00 0a a1 00
INFO - 2b 89 09 3c 00 0a a8 00
INFO - 2b 8c 49 3c 00 0a db 00
INFO - 2b 8e 89 3c 00 0a 93 00
INFO - 2b 90 c9 3c 00 0a c7 00
INFO - 2b 93 09 3c 00 0a bf 00
INFO - 2b 96 49 3c 00 0a da 00
INFO - 2b 99 89 3c 00 0a da 00
INFO - 2b 9b c9 3c 00 0a af 00
INFO - 2b 9e 09 3c 00 0a b2 00
INFO - 2b a1 49 3c 00 0a de 00
INFO - 2b a2 89 3c 00 0a 8e 00
INFO - 2b a5 c9 3c 00 0a ac 00
INFO - 2b a7 09 3c 00 0a ad 00
INFO - 2b a9 49 3c 00 0a b6 00
INFO - 2b ac 89 3c 00 0a cb 00
INFO - 2b af c9 3c 00 0a c2 00
INFO - 2b b1 09 3c 00 0a b9 00
INFO - 2b b4 49 3c 00 0a be 00
INFO - 2b b6 89 3c 00 0a c5 00
INFO - 2b b8 c9 3c 00 0a 9a 00
INFO - 2b ba 09 3c 00 0a a2 00
INFO - 2b bc 49 3c 00 0a a5 00
INFO - 2b be 89 3c 00 0a 93 00
INFO - 2b c0 c9 3c 00 0a ad 00
INFO - 2b c1 09 3c 00 0a 8e 00
INFO - 2b c4 49 3c 00 0a c5 00
INFO - 2b c6 89 3c 00 0a a5 00
INFO - 2b c9 c9 3c 00 0a b5 00
INFO - 2b cb 09 3c 00 0a ab 00
INFO - 2b cd 49 3c 00 0a b1 00
INFO - 2b cf 89 3c 00 0a ab 00
INFO - 2b d1 c9 3c 00 0a 8e 00
INFO - 2b d4 09 3c 00 0a ce 00
INFO - 2b d6 49 3c 00 0a a5 00
INFO - 2b d8 89 3c 00 0a b3 00
INFO - 2b da c9 3c 00 0a ac 00
INFO - 2b dd 09 3c 00 0a 83 00
INFO - 2b e3 49 3c 00 0b 6b 00
INFO - 2b e5 89 3c 00 0a b6 00
INFO - 2b e7 c9 3c 00 0a a4 00
INFO - 2b ea 09 3c 00 0a b6 00
INFO - 2b eb 49 3c 00 0a 99 00
INFO - 2b ed 89 3c 00 0a aa 00
INFO - 2b f0 c9 3c 00 0a c5 00
INFO - 2b f3 09 3c 00 0a c8 00
INFO - 2b f5 49 3c 00 0a a9 00
INFO - 2b f7 89 3c 00 0a ad 00
INFO - 2b fa c9 3c 00 0a d5 00
INFO - 2b fd 09 3c 00 0a cf 00
INFO - 2c 00 49 3c 00 0a bb 00
INFO - 2c 02 89 3c 00 0a ba 00
INFO - 2c 04 c9 3c 00 0a 9d 00
INFO - 2c 06 09 3c 00 0a a0 00
INFO - 2c 08 49 3c 00 0a 99 00
INFO - 2c 0a 89 3c 00 0a c7 00
INFO - 2c 0c c9 3c 00 0a a0 00
INFO - 2c 0e 09 3c 00 0a a6 00
INFO - 2c 11 49 3c 00 0a cb 00
INFO - 2c 13 89 3c 00 0a b0 00
INFO - 2c 15 c9 3c 00 0a 8c 00
INFO - 2c 17 09 3c 00 0a a8 00
INFO - 2c 19 49 3c 00 0a 99 00
INFO - 2c 1b 89 3c 00 0a bd 00
INFO - 2c 1d c9 3c 00 0a 8a 00
INFO - 2c 1f 09 3c 00 0a 98 00
INFO - 2c 21 49 3c 00 0a a7 00
INFO - 2c 22 89 3c 00 0a 89 00
INFO - 2c 24 c9 3c 00 0a a3 00
INFO - 2c 26 09 3c 00 0a 8f 00
INFO - 2c 28 49 3c 00 0a c1 00
INFO - 2c 2a 89 3c 00 0a 84 00
INFO - 2c 2c c9 3c 00 0a b6 00
INFO - 2c 2e 09 3c 00 0a 99 00
INFO - 2c 31 49 3c 00 0a d4 00
INFO - 2c 34 89 3c 00 0a f5 00
INFO - 2c 36 c9 3c 00 0a 95 00
INFO - 2c 39 09 3c 00 0a e3 00
INFO - 2c 3c 49 3c 00 0a ae 00
INFO - 2c 3e 89 3c 00 0a c4 00
INFO - 2c 42 c9 3c 00 0a ed 00
INFO - 2c 44 09 3c 00 0a 95 00
INFO - 2c 46 49 3c 00 0a c0 00
INFO - 2c 48 89 3c 00 0a 9c 00
INFO - 2c 4b c9 3c 00 0a d1 00
INFO - 2c 4e 09 3c 00 0a ce 00
INFO - 2c 4f 49 3c 00 0a 8e 00
INFO - 2c 51 89 3c 00 0a a5 00
INFO - 2c 53 c9 3c 00 0a 87 00
INFO - 2c 55 09 3c 00 0a 94 00
INFO - 2c 56 49 3c 00 0a 83 00
INFO - 2c 58 89 3c 00 0a a5 00
INFO - 2c 5a c9 3c 00 0a 98 00
INFO - 2c 5c 09 3c 00 0a ac 00
INFO - 2c 5e 49 3c 00 0a 9f 00
INFO - 2c 60 89 3c 00 0a a2 00
INFO - 2c 62 c9 3c 00 0a 9b 00
INFO - 2c 64 09 3c 00 0a bd 00
INFO - 2c 67 49 3c 00 0a c1 00
INFO - 2c 69 89 3c 00 0a b4 00
INFO - 2c 6b c9 3c 00 0a 91 00
INFO - 2c 6d 09 3c 00 0a a2 00
INFO - 2c 6f 49 3c 00 0a 9c 00
INFO - 2c 72 89 3c 00 0a cf 00
INFO - 2c 74 c9 3c 00 0a a6 00
INFO - 2c 76 09 3c 00 0a a0 00
INFO - 2c 78 49 3c 00 0a a4 00
INFO - 2c 79 89 3c 00 0a 88 00
INFO - 2c 7b c9 3c 00 0a 92 00
INFO - 2c 7d 09 3c 00 0a b1 00
INFO - 2c 7f 49 3c 00 0a aa 00
INFO - 2c 81 89 3c 00 0a 9a 00
INFO - 2c 83 c9 3c 00 0a 92 00
INFO - 2c 85 09 3c 00 0a b5 00
INFO - 2c 86 49 3c 00 0a 89 00
INFO - 2c 88 89 3c 00 0a a5 00
INFO - 2c 8b c9 3c 00 0a bc 00
INFO - 2c 8d 09 3c 00 0a 9d 00
INFO - 2c 8f 49 3c 00 0a aa 00
INFO - 2c 91 89 3c 00 0a b9 00
INFO - 2c 93 c9 3c 00 0a 92 00
INFO - 2c 96 09 3c 00 0a c0 00
INFO - 2c 98 49 3c 00 0a c3 00
INFO - 2c 9a 89 3c 00 0a 9d 00
INFO - 2c 9c c9 3c 00 0a b5 00
INFO - 2c 9e 09 3c 00 0a 9a 00
INFO - 2c a1 49 3c 00 0a bf 00
INFO - 2c a3 89 3c 00 0a b9 00
INFO - 2c a5 c9 3c 00 0a 9f 00
INFO - 2c a7 09 3c 00 0a 88 00
INFO - 2c a9 49 3c 00 0a a8 00
INFO - 2c aa 89 3c 00 0a 93 00
INFO - 2c ac c9 3c 00 0a 9d 00
INFO - 2c af 09 3c 00 0a b2 00
INFO - 2c b1 49 3c 00 0a d2 00
INFO - 2c b3 89 3c 00 0a 93 00
INFO - 2c b5 c9 3c 00 0a 93 00
INFO - 2c b7 09 3c 00 0a b2 00
INFO - 2c b9 49 3c 00 0a 9d 00
INFO - 2c bb 89 3c 00 0a b2 00
INFO - 2c bd c9 3c 00 0a 9d 00
INFO - 2c bf 09 3c 00 0a a8 00
INFO - 2c c1 49 3c 00 0a 9d 00
INFO - 2c c4 89 3c 00 0a bd 00
INFO - 2c c6 c9 3c 00 0a bd 00
INFO - 2c c7 09 3c 00 0a 7e 00
INFO - 2c ca 49 3c 00 0a bd 00
INFO - 2c cb 89 3c 00 0a 93 00
INFO - 2c ce c9 3c 00 0a c5 00
INFO - 2c d0 09 3c 00 0a a8 00
INFO - 2c d4 49 3c 00 0a a1 00
INFO - 2c d6 89 3c 00 0a 93 00
INFO - 2c d7 c9 3c 00 0a 89 00
INFO - 2c d9 09 3c 00 0a 93 00
INFO - 2c db 49 3c 00 0a bd 00
INFO - 2c de 89 3c 00 0a a8 00
INFO - 2c df c9 3c 00 0a 92 00
INFO - 2c e1 09 3c 00 0a 96 00
INFO - 2c e3 49 3c 00 0a a5 00
INFO - 2c e4 89 3c 00 0a 8b 00
INFO - 2c e6 c9 3c 00 0a 9b 00
INFO - 2c e8 09 3c 00 0a a7 00
INFO - 2c eb 49 3c 00 0a b2 00
INFO - 2c ed 89 3c 00 0a b1 00
INFO - 2c ef c9 3c 00 0a b5 00
INFO - 2c f1 09 3c 00 0a a4 00
INFO - 2c f3 49 3c 00 0a 89 00
INFO - 2c f5 89 3c 00 0a b5 00
INFO - 2c f6 c9 3c 00 0a 86 00
INFO - 2c f9 09 3c 00 0a b2 00
INFO - 2c fc 49 3c 00 0a fb 00
INFO - 2c fe 89 3c 00 0a 92 00
INFO - 2d 00 c9 3c 00 0a a2 00
INFO - 2d 02 09 3c 00 0a 88 00
INFO - 2d 05 49 3c 00 0a e6 00
INFO - 2d 07 89 3c 00 0a ba 00
INFO - 2d 09 c9 3c 00 0a 93 00
INFO - 2d 0b 09 3c 00 0a b5 00
INFO - 2d 0e 49 3c 00 0a cf 00
INFO - 2d 11 89 3c 00 0a bd 00
INFO - 2d 12 c9 3c 00 0a 82 00
INFO - 2d 14 09 3c 00 0a b0 00
INFO - 2d 16 49 3c 00 0a 70 00
INFO - 2d 1a 89 3c 00 0a e8 00
INFO - 2d 1b c9 3c 00 0a 7f 00
INFO - 2d 1e 09 3c 00 0a dd 00
INFO - 2d 20 49 3c 00 0a b6 00
INFO - 2d 22 89 3c 00 0a a6 00
INFO - 2d 25 c9 3c 00 0a b3 00
INFO - 2d 27 09 3c 00 0a 98 00
INFO - 2d 29 49 3c 00 0a b0 00
INFO - 2d 2c 89 3c 00 0a cc 00
INFO - 2d 2e c9 3c 00 0a ba 00
INFO - 2d 30 09 3c 00 0a 98 00
INFO - 2d 32 49 3c 00 0a 9b 00
INFO - 2d 33 89 3c 00 0a 94 00
INFO - 2d 35 c9 3c 00 0a 93 00
INFO - 2d 37 09 3c 00 0a b6 00
INFO - 2d 39 49 3c 00 0a a4 00
INFO - 2d 3c 89 3c 00 0a b6 00
INFO - 2d 3e c9 3c 00 0a 8b 00
INFO - 2d 41 09 3c 00 0a f1 00
INFO - 2d 43 49 3c 00 0a ac 00
INFO - 2d 46 89 3c 00 0a b2 00
INFO - 2d 48 c9 3c 00 0a a5 00
INFO - 2d 4a 09 3c 00 0a a7 00
INFO - 2d 4c 49 3c 00 0a ab 00
INFO - 2d 4d 89 3c 00 0a 88 00
INFO - 2d 4f c9 3c 00 0a 9a 00
INFO - 2d 51 09 3c 00 0a a0 00
INFO - 2d 53 49 3c 00 0a a4 00
INFO - 2d 57 89 3c 00 0a fd 00
INFO - 2d 59 c9 3c 00 0a a4 00
INFO - 2d 5c 09 3c 00 0a bc 00
INFO - 2d 5e 49 3c 00 0a 76 00
INFO - 2d 60 89 3c 00 0a b8 00
INFO - 2d 62 c9 3c 00 0a a8 00
INFO - 2d 65 09 3c 00 0a d1 00
INFO - 2d 68 49 3c 00 0a d0 00
INFO - 2d 6a 89 3c 00 0a 95 00
INFO - 2d 6c c9 3c 00 0a a4 00
INFO - 2d 6e 09 3c 00 0a a0 00
INFO - 2d 70 49 3c 00 0a c3 00
INFO - 2d 73 89 3c 00 0a bb 00
INFO - 2d 75 c9 3c 00 0a b4 00
INFO - 2d 76 09 3c 00 0a 7a 00
INFO - 2d 78 49 3c 00 0a 9c 00
INFO - 2d 7b 89 3c 00 0a bf 00
INFO - 2d 7d c9 3c 00 0a a2 00
INFO - 2d 7f 09 3c 00 0a aa 00
INFO - 2d 81 49 3c 00 0a a3 00
INFO - 2d 83 89 3c 00 0a a6 00
INFO - 2d 85 c9 3c 00 0a 9f 00
INFO - 2d 86 09 3c 00 0a 83 00
INFO - 2d 88 49 3c 00 0a a9 00
INFO - 2d 8a 89 3c 00 0a a2 00
INFO - 2d 8d c9 3c 00 0a c4 00
INFO - 2d 8e 09 3c 00 0a 94 00
INFO - 2d 90 49 3c 00 0a 98 00
INFO - 2d 92 89 3c 00 0a a7 00
INFO - 2d 94 c9 3c 00 0a 97 00
INFO - 2d 97 09 3c 00 0a b9 00
INFO - 2d 98 49 3c 00 0a 93 00
INFO - 2d 9a 89 3c 00 0a 84 00
INFO - 2d 9b c9 3c 00 0a 87 00
INFO - 2d 9d 09 3c 00 0a 9e 00
INFO - 2d 9e 49 3c 00 0a 83 00
INFO - 2d 9f 89 3c 00 0a 7d 00
INFO - 2d a2 c9 3c 00 0a b2 00
INFO - 2d a4 09 3c 00 0a 98 00
INFO - 2d a6 49 3c 00 0a a8 00
INFO - 2d a8 89 3c 00 0a b6 00
INFO - 2d aa c9 3c 00 0a ba 00
INFO - 2d ad 09 3c 00 0a bd 00
INFO - 2d af 49 3c 00 0a 8e 00
INFO - 2d b1 89 3c 00 0a c4 00
INFO - 2d b4 c9 3c 00 0a c5 00
INFO - 2d b7 09 3c 00 0a e3 00
INFO - 2d b9 49 3c 00 0a a0 00
INFO - 2d bb 89 3c 00 0a 99 00
INFO - 2d bd c9 3c 00 0a 93 00
INFO - 2d c0 09 3c 00 0a e4 00
INFO - 2d c1 49 3c 00 0a 92 00
INFO - 2d c3 89 3c 00 0a 8a 00
INFO - 2d c4 c9 3c 00 0a 86 00
INFO - 2d c7 09 3c 00 0a bb 00
INFO - 2d c9 49 3c 00 0a 9f 00
INFO - 2d cb 89 3c 00 0a 9a 00
INFO - 2d cc c9 3c 00 0a 8a 00
INFO - 2d ce 09 3c 00 0a a4 00
INFO - 2d d0 49 3c 00 0a 91 00
INFO - 2d d2 89 3c 00 0a be 00
INFO - 2d d4 c9 3c 00 0a 99 00
INFO - 2d d6 09 3c 00 0a b2 00
INFO - 2d d8 49 3c 00 0a 99 00
INFO - 2d db 89 3c 00 0a e2 00
INFO - 2d de c9 3c 00 0a d8 00
INFO - 2d e1 09 3c 00 0a b0 00
INFO - 2d e2 49 3c 00 0a 93 00
INFO - 2d e5 89 3c 00 0a d4 00
INFO - 2d e8 c9 3c 00 0a b9 00
INFO - 2d e9 09 3c 00 0a 90 00
INFO - 2d eb 49 3c 00 0a 9a 00
INFO - 2d ed 89 3c 00 0a 93 00
INFO - 2d ef c9 3c 00 0a a2 00
INFO - 2d f1 09 3c 00 0a 99 00
INFO - 2d f3 49 3c 00 0a b1 00
INFO - 2d f4 89 3c 00 0a 8c 00
INFO - 2d f7 c9 3c 00 0a a4 00
INFO - 2d f8 09 3c 00 0a 9c 00
INFO - 2d fb 49 3c 00 0a d3 00
INFO - 2d fd 89 3c 00 0a a6 00
INFO - 2d ff c9 3c 00 0a 8d 00
INFO - 2e 00 09 3c 00 0a 8f 00
INFO - 2e 03 49 3c 00 0a 73 00
INFO - 2e 04 89 3c 00 0a 8c 00
INFO - 2e 06 c9 3c 00 0a 8f 00
INFO - 2e 08 09 3c 00 0a af 00
INFO - 2e 0a 49 3c 00 0a b4 00
INFO - 2e 0c 89 3c 00 0a 91 00
INFO - 2e 0f c9 3c 00 0a ee 00
INFO - 2e 12 09 3c 00 0a ae 00
INFO - 2e 14 49 3c 00 0a b2 00
INFO - 2e 15 89 3c 00 0a 85 00
INFO - 2e 18 c9 3c 00 0a cc 00
INFO - 2e 1a 09 3c 00 0a 96 00
INFO - 2e 1b 49 3c 00 0a 8e 00
INFO - 2e 1d 89 3c 00 0a 91 00
INFO - 2e 1f c9 3c 00 0a 8c 00
INFO - 2e 20 09 3c 00 0a 97 00
INFO - 2e 23 49 3c 00 0a b9 00
INFO - 2e 24 89 3c 00 0a 8b 00
INFO - 2e 26 c9 3c 00 0a a2 00
INFO - 2e 28 09 3c 00 0a 92 00
INFO - 2e 2a 49 3c 00 0a 9f 00
INFO - 2e 2c 89 3c 00 0a 9c 00
INFO - 2e 2e c9 3c 00 0a aa 00
INFO - 2e 30 09 3c 00 0a b7 00
INFO - 2e 32 49 3c 00 0a a8 00
INFO - 2e 35 89 3c 00 0a b5 00
INFO - 2e 37 c9 3c 00 0a b2 00
INFO - 2e 39 09 3c 00 0a 98 00
INFO - 2e 3b 49 3c 00 0a b0 00
INFO - 2e 3e 89 3c 00 0a c3 00
INFO - 2e 40 c9 3c 00 0a b7 00
INFO - 2e 42 09 3c 00 0a 9a 00
INFO - 2e 44 49 3c 00 0a bc 00
INFO - 2e 46 89 3c 00 0a 82 00
INFO - 2e 48 c9 3c 00 0a c4 00
INFO - 2e 4b 09 3c 00 0a d6 00
INFO - 2e 4d 49 3c 00 0a 9f 00
INFO - 2e 50 89 3c 00 0a be 00
INFO - 2e 52 c9 3c 00 0a a7 00
INFO - 2e 54 09 3c 00 0a ab 00
INFO - 2e 57 49 3c 00 0a b8 00
INFO - 2e 59 89 3c 00 0a c9 00
INFO - 2e 5b c9 3c 00 0a 96 00
INFO - 2e 5e 09 3c 00 0a c2 00
INFO - 2e 60 49 3c 00 0a b7 00
INFO - 2e 62 89 3c 00 0a b0 00
INFO - 2e 65 c9 3c 00 0a b4 00
INFO - 2e 67 09 3c 00 0a a6 00
INFO - 2e 69 49 3c 00 0a cb 00
INFO - 2e 6b 89 3c 00 0a 98 00
INFO - 2e 6d c9 3c 00 0a a6 00
INFO - 2e 6f 09 3c 00 0a a1 00
INFO - 2e 72 49 3c 00 0a b2 00
INFO - 2e 74 89 3c 00 0a cd 00
INFO - 2e 76 c9 3c 00 0a 8e 00
INFO - 2e 78 09 3c 00 0a bf 00
INFO - 2e 7b 49 3c 00 0a b9 00
INFO - 2e 7d 89 3c 00 0a b3 00
INFO - 2e 7f c9 3c 00 0a a3 00
INFO - 2e 81 09 3c 00 0a 8f 00
INFO - 2e 84 49 3c 00 0a df 00
INFO - 2e 86 89 3c 00 0a 9a 00
INFO - 2e 88 c9 3c 00 0a 9f 00
INFO - 2e 8a 09 3c 00 0a c6 00
INFO - 2e 8c 49 3c 00 0a 88 00
INFO - 2e 8f 89 3c 00 0a df 00
INFO - 2e 91 c9 3c 00 0a a7 00
INFO - 2e 94 09 3c 00 0a bf 00
INFO - 2e 97 49 3c 00 0a cf 00
INFO - 2e 98 89 3c 00 0a 99 00
INFO - 2e 9a c9 3c 00 0a 92 00
INFO - 2e 9d 09 3c 00 0a cf 00
INFO - 2e 9e 49 3c 00 0a 8f 00
INFO - 2e a1 89 3c 00 0a b5 00
INFO - 2e a4 c9 3c 00 0a ce 00
INFO - 2e a6 09 3c 00 0a aa 00
INFO - 2e a8 49 3c 00 0a ba 00
INFO - 2e ab 89 3c 00 0a d6 00
INFO - 2e af c9 3c 00 0a f4 00
INFO - 2e b1 09 3c 00 0a a0 00
INFO - 2e b4 49 3c 00 0a dc 00
INFO - 2e b6 89 3c 00 0a ad 00
INFO - 2e b9 c9 3c 00 0a dd 00
INFO - 2e bc 09 3c 00 0a ad 00
INFO - 2e be 49 3c 00 0a ad 00
INFO - 2e c0 89 3c 00 0a a2 00
INFO - 2e c3 c9 3c 00 0a ea 00
INFO - 2e c7 09 3c 00 0b 03 00
INFO - 2e c9 49 3c 00 0a a0 00
INFO - 2e cb 89 3c 00 0a 99 00
INFO - 2e cc c9 3c 00 0a 95 00
INFO - 2e cf 09 3c 00 0a d2 00
INFO - 2e d2 49 3c 00 0a c2 00
INFO - 2e d4 89 3c 00 0a 95 00
INFO - 2e d7 c9 3c 00 0a c9 00
INFO - 2e d9 09 3c 00 0a a9 00
INFO - 2e dc 49 3c 00 0a ed 00
INFO - 2e de 89 3c 00 0a 9e 00
INFO - 2e e0 c9 3c 00 0a a4 00
INFO - 2e e3 09 3c 00 0a b3 00
INFO - 2e e6 49 3c 00 0a ed 00
INFO - 2e e8 89 3c 00 0a 85 00
INFO - 2e ea c9 3c 00 0a ad 00
INFO - 2e ec 09 3c 00 0a a3 00
INFO - 2e f0 49 3c 00 0a a1 00
INFO - 2e f2 89 3c 00 0a a8 00
INFO - 2e f4 c9 3c 00 0a c4 00
INFO - 2e f7 09 3c 00 0a af 00
INFO - 2e f8 49 3c 00 0a 91 00
INFO - 2e fa 89 3c 00 0a a3 00
INFO - 2e fc c9 3c 00 0a a9 00
INFO - 2e ff 09 3c 00 0a ab 00
INFO - 2f 01 49 3c 00 0a bb 00
INFO - 2f 02 89 3c 00 0a 88 00
INFO - 2f 05 c9 3c 00 0a a8 00
INFO - 2f 07 09 3c 00 0a ce 00
INFO - 2f 09 49 3c 00 0a 9e 00
INFO - 2f 0d 89 3c 00 0a e8 00
INFO - 2f 10 c9 3c 00 0a fd 00
INFO - 2f 13 09 3c 00 0a ab 00
INFO - 2f 15 49 3c 00 0a ad 00
INFO - 2f 17 89 3c 00 0a 9b 00
INFO - 2f 19 c9 3c 00 0a b6 00
INFO - 2f 1c 09 3c 00 0a b9 00
INFO - 2f 1f 49 3c 00 0b 04 00
INFO - 2f 21 89 3c 00 0a 97 00
INFO - 2f 23 c9 3c 00 0a b0 00
INFO - 2f 26 09 3c 00 0a b5 00
INFO - 2f 29 49 3c 00 0a ee 00
INFO - 2f 2c 89 3c 00 0a c4 00
INFO - 2f 2e c9 3c 00 0a 9c 00
INFO - 2f 30 09 3c 00 0a a8 00
INFO - 2f 32 49 3c 00 0a a1 00
INFO - 2f 34 89 3c 00 0a 99 00
INFO - 2f 36 c9 3c 00 0a b3 00
INFO - 2f 39 09 3c 00 0a b8 00
INFO - 2f 3b 49 3c 00 0a b0 00
INFO - 2f 40 89 3c 00 0b 26 00
INFO - 2f 42 c9 3c 00 0a b3 00
INFO - 2f 44 09 3c 00 0a aa 00
INFO - 2f 46 49 3c 00 0a af 00
INFO - 2f 48 89 3c 00 0a 87 00
INFO - 2f 4a c9 3c 00 0a c6 00
INFO - 2f 4d 09 3c 00 0a c0 00
INFO - 2f 4d 49 3c 00 0a 4c 00
INFO - 2f 4d 89 3c 00 0a 4c 00
INFO - 2f 4d c9 3c 00 0a 4c 00
INFO - 2f 4d 09 3c 00 0a 4c 00
INFO - 2f 4d 49 3c 00 0a 4c 00
INFO - 2f 4d 89 3c 00 0a 4c 00
INFO - 2f 4d c9 3c 00 0a 4c 00
INFO - 2f 4d 09 3c 00 0a 4c 00
INFO - 2f 4d 49 3c 00 0a 4c 00
INFO - 2f 4d 89 3c 00 0a 4c 00
