INFO - 40 00 89 00 f9 41 00 23
INFO - 40 27 c9 00 f9 41 00 23
INFO - 40 b4 09 00 f9 51 00 20
INFO - 40 f7 49 00 f9 51 00 20
INFO - 41 2c 89 00 f9 41 00 23
INFO - 41 ab c9 00 f9 41 00 23
INFO - 42 1b 09 00 f9 41 00 23
INFO - 44 10 49 00 f9 41 00 23
INFO - 44 64 89 00 f9 41 00 23
INFO - 44 d1 c9 00 f9 51 00 20
INFO - 44 e3 09 00 f9 51 00 20
INFO - 44 f7 49 00 f9 41 00 24
INFO - 45 a6 89 00 f9 51 00 20
INFO - 46 07 c9 00 f9 41 00 23
INFO - 46 1f 09 00 f9 41 00 23
INFO - 46 9a 49 00 f9 41 00 23
INFO - 47 61 89 00 f9 41 00 23
INFO - 47 80 c9 00 f9 51 00 20
INFO - 47 a1 09 00 f9 51 00 20
INFO - 47 c8 49 00 f9 41 00 24
INFO - 49 84 89 00 f9 41 00 24
INFO - 4b 7e c9 00 f9 41 00 24
INFO - 4c 32 09 00 f9 51 00 20
INFO - 4c 3f 49 00 f9 51 00 20
INFO - 4c 51 89 00 f9 41 00 23
INFO - 4d 6c c9 00 f9 41 00 23
INFO - 4f 65 09 00 f9 41 00 23
INFO - 4f a4 49 00 f9 51 00 20
INFO - 4f ba 89 00 f9 51 00 20
INFO - 4f c4 c9 00 f9 41 00 24
INFO - 50 7c 09 00 f9 51 00 20
INFO - 50 c6 49 00 f9 41 00 23
INFO - 51 53 89 00 f9 41 00 23
