INFO - 20 00 48 3c 00 0a 40 00
INFO - 20 05 88 3c 00 0b 42 00
INFO - 20 0c c8 3c 00 0a 7c 00
INFO - 20 0d 08 3c 00 0a 69 00
INFO - 20 0d 48 3c 00 0a 54 00
INFO - 20 0e 88 3c 00 0a 86 00
INFO - 20 0e c8 3c 00 0a 86 00
INFO - 20 0e 08 3c 00 0a 86 00
INFO - 20 16 48 3c 00 0a b6 00
INFO - 20 16 88 3c 00 0a b6 00
INFO - 20 19 c8 3c 00 0a 9f 00
INFO - 20 19 08 3c 00 0a 9f 00
INFO - 20 1e 48 3c 00 0a b1 00
INFO - 20 22 88 3c 00 0a f7 00
INFO - 20 22 c8 3c 00 0a 68 00
INFO - 20 26 08 3c 00 0a e7 00
INFO - 20 26 48 3c 00 0a e7 00
INFO - 20 26 88 3c 00 0a e7 00
INFO - 20 2c c8 3c 00 0a a7 00
INFO - 20 2c 08 3c 00 0a a7 00
INFO - 20 2c 48 3c 00 0a 4a 00
INFO - 20 2c 88 3c 00 0a 4a 00
INFO - 20 2c c8 3c 00 0a 4a 00
INFO - 20 35 08 3c 00 0a d6 00
INFO - 20 35 48 3c 00 0a d6 00
INFO - 20 39 88 3c 00 0a 9c 00
INFO - 20 39 c8 3c 00 0a 9c 00
INFO - 20 3a 08 3c 00 0a 5f 00
INFO - 20 3f 48 3c 00 0b 36 00
INFO - 20 42 88 3c 00 0a c4 00
INFO - 20 42 c8 3c 00 0a c4 00
INFO - 20 45 08 3c 00 0a 88 00
INFO - 20 47 48 3c 00 0a b2 00
INFO - 20 4b 88 3c 00 0b 17 00
INFO - 20 4e c8 3c 00 0a da 00
INFO - 20 51 08 3c 00 0a c5 00
INFO - 20 54 48 3c 00 0a d0 00
INFO - 20 56 88 3c 00 0a bb 00
INFO - 20 59 c8 3c 00 0a d0 00
INFO - 20 5c 08 3c 00 0a da 00
INFO - 20 5f 48 3c 00 0a c5 00
INFO - 20 61 88 3c 00 0a a7 00
INFO - 20 63 c8 3c 00 0a b0 00
INFO - 20 65 08 3c 00 0a 9d 00
INFO - 20 67 48 3c 00 0a a6 00
INFO - 20 6a 88 3c 00 0a b0 00
INFO - 20 6b c8 3c 00 0a 9d 00
INFO - 20 6e 08 3c 00 0a a7 00
INFO - 20 70 48 3c 00 0a a6 00
INFO - 20 72 88 3c 00 0a c4 00
INFO - 20 74 c8 3c 00 0a 9d 00
INFO - 20 76 08 3c 00 0a a6 00
INFO - 20 78 48 3c 00 0a a6 00
INFO - 20 7a 88 3c 00 0a a6 00
INFO - 20 7c c8 3c 00 0a a6 00
INFO - 20 7e 08 3c 00 0a a8 00
INFO - 20 80 48 3c 00 0a a5 00
INFO - 20 82 88 3c 00 0a a6 00
INFO - 20 84 c8 3c 00 0a a7 00
INFO - 20 87 08 3c 00 0a a6 00
INFO - 20 89 48 3c 00 0a ae 00
INFO - 20 8b 88 3c 00 0a 9d 00
INFO - 20 8d c8 3c 00 0a a6 00
INFO - 20 8f 08 3c 00 0a a7 00
INFO - 20 91 48 3c 00 0a 9e 00
INFO - 20 93 88 3c 00 0a ae 00
INFO - 20 95 c8 3c 00 0a a6 00
INFO - 20 97 08 3c 00 0a a6 00
INFO - 20 99 48 3c 00 0a a6 00
INFO - 20 9b 88 3c 00 0a a6 00
INFO - 20 9d c8 3c 00 0a a6 00
INFO - 20 9f 08 3c 00 0a a6 00
INFO - 20 a1 48 3c 00 0a a6 00
INFO - 20 a3 88 3c 00 0a a6 00
INFO - 20 a5 c8 3c 00 0a a6 00
INFO - 20 a7 08 3c 00 0a a6 00
INFO - 20 a9 48 3c 00 0a 9f 00
INFO - 20 ac 88 3c 00 0a b7 00
INFO - 20 ad c8 3c 00 0a 74 00
INFO - 20 b2 08 3c 00 0a b2 00
INFO - 20 b4 48 3c 00 0a b3 00
INFO - 20 b7 88 3c 00 0a ae 00
INFO - 20 b9 c8 3c 00 0a a7 00
INFO - 20 bb 08 3c 00 0a 9f 00
INFO - 20 bd 48 3c 00 0a af 00
INFO - 20 be 88 3c 00 0a 8f 00
INFO - 20 c0 c8 3c 00 0a a9 00
INFO - 20 c2 08 3c 00 0a 9f 00
INFO - 20 c5 48 3c 00 0a c3 00
INFO - 20 c7 88 3c 00 0a 9e 00
INFO - 20 c9 c8 3c 00 0a ab 00
INFO - 20 cb 08 3c 00 0a 8d 00
INFO - 20 cc 48 3c 00 0a 71 00
INFO - 20 ce 88 3c 00 0a c7 00
INFO - 20 d1 c8 3c 00 0a cf 00
INFO - 20 d3 08 3c 00 0a ae 00
INFO - 20 d5 48 3c 00 0a 9e 00
INFO - 20 d7 88 3c 00 0a ae 00
INFO - 20 d9 c8 3c 00 0a 9e 00
INFO - 20 dc 08 3c 00 0a ae 00
INFO - 20 dd 48 3c 00 0a 9e 00
INFO - 20 e0 88 3c 00 0a ae 00
INFO - 20 e1 c8 3c 00 0a 9e 00
INFO - 20 e4 08 3c 00 0a ad 00
INFO - 20 e6 48 3c 00 0a 9d 00
INFO - 20 e8 88 3c 00 0a ae 00
INFO - 20 ea c8 3c 00 0a 9e 00
INFO - 20 ec 08 3c 00 0a ad 00
INFO - 20 ee 48 3c 00 0a 9d 00
INFO - 20 f0 88 3c 00 0a ae 00
INFO - 20 f2 c8 3c 00 0a 9d 00
INFO - 20 f4 08 3c 00 0a c2 00
INFO - 20 f6 48 3c 00 0a 9d 00
INFO - 20 f8 88 3c 00 0a ae 00
INFO - 20 fa c8 3c 00 0a 9d 00
INFO - 20 fd 08 3c 00 0a ad 00
INFO - 20 fe 48 3c 00 0a 9c 00
INFO - 21 01 88 3c 00 0a ae 00
INFO - 21 03 c8 3c 00 0a a5 00
INFO - 21 05 08 3c 00 0a 9d 00
INFO - 21 07 48 3c 00 0a ad 00
INFO - 21 09 88 3c 00 0a 9d 00
INFO - 21 0a c8 3c 00 0a 99 00
INFO - 21 0c 08 3c 00 0a 9d 00
INFO - 21 0f 48 3c 00 0a ba 00
INFO - 21 11 88 3c 00 0a ad 00
INFO - 21 13 c8 3c 00 0a 9d 00
INFO - 21 15 08 3c 00 0a a5 00
INFO - 21 17 48 3c 00 0a ad 00
INFO - 21 19 88 3c 00 0a 9d 00
INFO - 21 1b c8 3c 00 0a a5 00
INFO - 21 1d 08 3c 00 0a a5 00
INFO - 21 1f 48 3c 00 0a ad 00
INFO - 21 21 88 3c 00 0a 9d 00
INFO - 21 23 c8 3c 00 0a a5 00
INFO - 21 25 08 3c 00 0a a5 00
INFO - 21 27 48 3c 00 0a a5 00
INFO - 21 29 88 3c 00 0a 9e 00
INFO - 21 2b c8 3c 00 0a ab 00
INFO - 21 2d 08 3c 00 0a a5 00
INFO - 21 2f 48 3c 00 0a a5 00
INFO - 21 31 88 3c 00 0a a5 00
INFO - 21 33 c8 3c 00 0a a5 00
INFO - 21 35 08 3c 00 0a a5 00
INFO - 21 37 48 3c 00 0a a5 00
INFO - 21 39 88 3c 00 0a a5 00
INFO - 21 3b c8 3c 00 0a a5 00
INFO - 21 3d 08 3c 00 0a a5 00
INFO - 21 3f 48 3c 00 0a a7 00
INFO - 21 42 88 3c 00 0a b9 00
INFO - 21 44 c8 3c 00 0a a5 00
INFO - 21 46 08 3c 00 0a 9d 00
INFO - 21 48 48 3c 00 0a ad 00
INFO - 21 4a 88 3c 00 0a a5 00
INFO - 21 4b c8 3c 00 0a 91 00
INFO - 21 4e 08 3c 00 0a ba 00
INFO - 21 50 48 3c 00 0a 9d 00
INFO - 21 52 88 3c 00 0a ad 00
INFO - 21 54 c8 3c 00 0a a6 00
INFO - 21 56 08 3c 00 0a a5 00
INFO - 21 58 48 3c 00 0a a6 00
INFO - 21 5a 88 3c 00 0a a6 00
INFO - 21 5c c8 3c 00 0a b1 00
INFO - 21 5f 08 3c 00 0a ae 00
INFO - 21 61 48 3c 00 0a a6 00
INFO - 21 63 88 3c 00 0a a6 00
INFO - 21 65 c8 3c 00 0a a6 00
INFO - 21 67 08 3c 00 0a 9d 00
INFO - 21 69 48 3c 00 0a ae 00
INFO - 21 6b 88 3c 00 0a a6 00
INFO - 21 6d c8 3c 00 0a a6 00
INFO - 21 6f 08 3c 00 0a a6 00
INFO - 21 71 48 3c 00 0a a0 00
INFO - 21 73 88 3c 00 0a ab 00
INFO - 21 75 c8 3c 00 0a a6 00
INFO - 21 77 08 3c 00 0a a6 00
INFO - 21 79 48 3c 00 0a a6 00
INFO - 21 7b 88 3c 00 0a 9e 00
INFO - 21 7d c8 3c 00 0a ae 00
INFO - 21 7f 08 3c 00 0a a5 00
INFO - 21 81 48 3c 00 0a a5 00
INFO - 21 83 88 3c 00 0a a6 00
INFO - 21 85 c8 3c 00 0a 9d 00
INFO - 21 87 08 3c 00 0a ad 00
INFO - 21 89 48 3c 00 0a a5 00
INFO - 21 8b 88 3c 00 0a a5 00
INFO - 21 8d c8 3c 00 0a a4 00
INFO - 21 8f 08 3c 00 0a a4 00
INFO - 21 91 48 3c 00 0a 9c 00
INFO - 21 94 88 3c 00 0a bf 00
INFO - 21 96 c8 3c 00 0a a4 00
INFO - 21 98 08 3c 00 0a a4 00
INFO - 21 9a 48 3c 00 0a a3 00
INFO - 21 9c 88 3c 00 0a 9b 00
INFO - 21 9e c8 3c 00 0a ab 00
INFO - 21 a0 08 3c 00 0a a3 00
INFO - 21 a2 48 3c 00 0a 9b 00
INFO - 21 a4 88 3c 00 0a aa 00
INFO - 21 a6 c8 3c 00 0a 9b 00
INFO - 21 a7 08 3c 00 0a a2 00
INFO - 21 aa 48 3c 00 0a a9 00
INFO - 21 ab 88 3c 00 0a 87 00
INFO - 21 ad c8 3c 00 0a b5 00
INFO - 21 af 08 3c 00 0a a1 00
INFO - 21 b1 48 3c 00 0a aa 00
INFO - 21 b3 88 3c 00 0a 99 00
INFO - 21 b5 c8 3c 00 0a a1 00
INFO - 21 b7 08 3c 00 0a a1 00
INFO - 21 b9 48 3c 00 0a a9 00
INFO - 21 bb 88 3c 00 0a ab 00
INFO - 21 bd c8 3c 00 0a a2 00
INFO - 21 bf 08 3c 00 0a a1 00
INFO - 21 c1 48 3c 00 0a a9 00
INFO - 21 c3 88 3c 00 0a 99 00
INFO - 21 c5 c8 3c 00 0a a1 00
INFO - 21 c7 08 3c 00 0a a2 00
INFO - 21 c9 48 3c 00 0a a9 00
INFO - 21 cb 88 3c 00 0a 99 00
INFO - 21 cd c8 3c 00 0a a2 00
INFO - 21 cf 08 3c 00 0a a1 00
INFO - 21 d1 48 3c 00 0a ab 00
INFO - 21 d3 88 3c 00 0a 99 00
INFO - 21 d5 c8 3c 00 0a a2 00
INFO - 21 d7 08 3c 00 0a a9 00
INFO - 21 d9 48 3c 00 0a 9b 00
INFO - 21 db 88 3c 00 0a a2 00
INFO - 21 dd c8 3c 00 0a b5 00
INFO - 21 df 08 3c 00 0a ab 00
INFO - 21 e1 48 3c 00 0a 87 00
INFO - 21 e3 88 3c 00 0a b6 00
INFO - 21 e5 c8 3c 00 0a a3 00
INFO - 21 e7 08 3c 00 0a aa 00
INFO - 21 e9 48 3c 00 0a 9a 00
INFO - 21 eb 88 3c 00 0a a3 00
INFO - 21 ed c8 3c 00 0a a2 00
INFO - 21 ef 08 3c 00 0a aa 00
INFO - 21 f1 48 3c 00 0a 9b 00
INFO - 21 f3 88 3c 00 0a a3 00
INFO - 21 f5 c8 3c 00 0a aa 00
INFO - 21 f7 08 3c 00 0a 9a 00
INFO - 21 f9 48 3c 00 0a a4 00
INFO - 21 fb 88 3c 00 0a b6 00
INFO - 21 fd c8 3c 00 0a a2 00
INFO - 21 ff 08 3c 00 0a a4 00
INFO - 22 01 48 3c 00 0a a3 00
INFO - 22 03 88 3c 00 0a a2 00
INFO - 22 05 c8 3c 00 0a a4 00
INFO - 22 07 08 3c 00 0a 88 00
INFO - 22 09 48 3c 00 0a bf 00
INFO - 22 0b 88 3c 00 0a a2 00
INFO - 22 0d c8 3c 00 0a a4 00
INFO - 22 0f 08 3c 00 0a a3 00
INFO - 22 11 48 3c 00 0a a3 00
INFO - 22 13 88 3c 00 0a a3 00
INFO - 22 15 c8 3c 00 0a a4 00
INFO - 22 17 08 3c 00 0a a3 00
INFO - 22 19 48 3c 00 0a 9b 00
INFO - 22 1b 88 3c 00 0a ab 00
INFO - 22 1d c8 3c 00 0a 72 00
INFO - 22 1f 08 3c 00 0a b7 00
INFO - 22 21 48 3c 00 0a a3 00
INFO - 22 23 88 3c 00 0a 9c 00
INFO - 22 25 c8 3c 00 0a aa 00
INFO - 22 27 08 3c 00 0a a4 00
INFO - 22 29 48 3c 00 0a 9b 00
INFO - 22 2b 88 3c 00 0a ac 00
INFO - 22 2d c8 3c 00 0a 9b 00
INFO - 22 2f 08 3c 00 0a ab 00
INFO - 22 31 48 3c 00 0a a4 00
INFO - 22 33 88 3c 00 0a 9c 00
INFO - 22 35 c8 3c 00 0a ab 00
INFO - 22 37 08 3c 00 0a 9c 00
INFO - 22 39 48 3c 00 0a ab 00
INFO - 22 3b 88 3c 00 0a 9c 00
INFO - 22 3e c8 3c 00 0a bf 00
INFO - 22 40 08 3c 00 0a 9c 00
INFO - 22 42 48 3c 00 0a ac 00
INFO - 22 44 88 3c 00 0a a4 00
INFO - 22 46 c8 3c 00 0a 9b 00
INFO - 22 48 08 3c 00 0a ad 00
INFO - 22 4a 48 3c 00 0a 9b 00
INFO - 22 4c 88 3c 00 0a ad 00
INFO - 22 4e c8 3c 00 0a 9c 00
INFO - 22 50 08 3c 00 0a ab 00
INFO - 22 52 48 3c 00 0a a4 00
INFO - 22 54 88 3c 00 0a 9c 00
INFO - 22 56 c8 3c 00 0a bf 00
INFO - 22 58 08 3c 00 0a 9c 00
INFO - 22 5a 48 3c 00 0a a4 00
INFO - 22 5c 88 3c 00 0a ac 00
INFO - 22 5e c8 3c 00 0a 9b 00
INFO - 22 60 08 3c 00 0a ad 00
INFO - 22 62 48 3c 00 0a 9b 00
INFO - 22 64 88 3c 00 0a a5 00
INFO - 22 66 c8 3c 00 0a ac 00
INFO - 22 68 08 3c 00 0a 9a 00
INFO - 22 6a 48 3c 00 0a a5 00
INFO - 22 6c 88 3c 00 0a ac 00
INFO - 22 6e c8 3c 00 0a 9c 00
INFO - 22 70 08 3c 00 0a ab 00
INFO - 22 72 48 3c 00 0a 9c 00
INFO - 22 74 88 3c 00 0a a4 00
INFO - 22 76 c8 3c 00 0a a3 00
INFO - 22 78 08 3c 00 0a ac 00
INFO - 22 7a 48 3c 00 0a 9b 00
INFO - 22 7c 88 3c 00 0a a4 00
INFO - 22 7e c8 3c 00 0a ab 00
INFO - 22 80 08 3c 00 0a 9c 00
INFO - 22 82 48 3c 00 0a a3 00
INFO - 22 83 88 3c 00 0a 83 00
INFO - 22 86 c8 3c 00 0a c4 00
INFO - 22 88 08 3c 00 0a b8 00
INFO - 22 8a 48 3c 00 0a a3 00
INFO - 22 8d 88 3c 00 0a ad 00
INFO - 22 8e c8 3c 00 0a 9a 00
INFO - 22 90 08 3c 00 0a a5 00
INFO - 22 92 48 3c 00 0a a3 00
INFO - 22 94 88 3c 00 0a a3 00
INFO - 22 96 c8 3c 00 0a a5 00
INFO - 22 98 08 3c 00 0a a2 00
INFO - 22 9a 48 3c 00 0a a5 00
INFO - 22 9c 88 3c 00 0a a4 00
INFO - 22 9f c8 3c 00 0a ab 00
INFO - 22 a1 08 3c 00 0a b1 00
INFO - 22 a2 48 3c 00 0a 90 00
INFO - 22 a5 88 3c 00 0a b7 00
INFO - 22 a6 c8 3c 00 0a 91 00
INFO - 22 a9 08 3c 00 0a b6 00
INFO - 22 ab 48 3c 00 0a a5 00
INFO - 22 ad 88 3c 00 0a a4 00
INFO - 22 af c8 3c 00 0a a3 00
INFO - 22 b1 08 3c 00 0a a4 00
INFO - 22 b3 48 3c 00 0a a3 00
INFO - 22 b5 88 3c 00 0a a5 00
INFO - 22 b7 c8 3c 00 0a a4 00
INFO - 22 b9 08 3c 00 0a a3 00
INFO - 22 bb 48 3c 00 0a a4 00
INFO - 22 bd 88 3c 00 0a b7 00
INFO - 22 bf c8 3c 00 0a 90 00
INFO - 22 c1 08 3c 00 0a b8 00
INFO - 22 c3 48 3c 00 0a a5 00
INFO - 22 c5 88 3c 00 0a 9a 00
INFO - 22 c7 c8 3c 00 0a ad 00
INFO - 22 c9 08 3c 00 0a a4 00
INFO - 22 cb 48 3c 00 0a 90 00
INFO - 22 cd 88 3c 00 0a b8 00
INFO - 22 cf c8 3c 00 0a 9a 00
INFO - 22 d1 08 3c 00 0a ad 00
INFO - 22 d3 48 3c 00 0a a2 00
INFO - 22 d5 88 3c 00 0a a4 00
INFO - 22 d7 c8 3c 00 0a 9a 00
INFO - 22 d9 08 3c 00 0a ad 00
INFO - 22 db 48 3c 00 0a a2 00
INFO - 22 dd 88 3c 00 0a a4 00
INFO - 22 df c8 3c 00 0a 9b 00
INFO - 22 e1 08 3c 00 0a ab 00
INFO - 22 e3 48 3c 00 0a 9c 00
INFO - 22 e5 88 3c 00 0a bd 00
INFO - 22 e7 c8 3c 00 0a a1 00
INFO - 22 e9 08 3c 00 0a 9b 00
INFO - 22 eb 48 3c 00 0a a9 00
INFO - 22 ed 88 3c 00 0a 9b 00
INFO - 22 ef c8 3c 00 0a aa 00
INFO - 22 f1 08 3c 00 0a a1 00
INFO - 22 f3 48 3c 00 0a 9b 00
INFO - 22 f5 88 3c 00 0a a7 00
INFO - 22 f7 c8 3c 00 0a 9b 00
INFO - 22 f9 08 3c 00 0a a8 00
INFO - 22 fb 48 3c 00 0a a1 00
INFO - 22 fd 88 3c 00 0a 9f 00
INFO - 22 ff c8 3c 00 0a 9a 00
INFO - 23 01 08 3c 00 0a 73 00
INFO - 23 03 48 3c 00 0a ad 00
INFO - 23 05 88 3c 00 0a 9e 00
INFO - 23 07 c8 3c 00 0a a8 00
INFO - 23 09 08 3c 00 0a 98 00
INFO - 23 0b 48 3c 00 0a a6 00
INFO - 23 0d 88 3c 00 0a 99 00
INFO - 23 0f c8 3c 00 0a a5 00
INFO - 23 10 08 3c 00 0a 99 00
INFO - 23 12 48 3c 00 0a a5 00
INFO - 23 14 88 3c 00 0a 98 00
INFO - 23 16 c8 3c 00 0a 9d 00
INFO - 23 18 08 3c 00 0a a7 00
INFO - 23 1a 48 3c 00 0a 95 00
INFO - 23 1c 88 3c 00 0a b9 00
INFO - 23 1e c8 3c 00 0a 94 00
INFO - 23 20 08 3c 00 0a a6 00
INFO - 23 22 48 3c 00 0a 94 00
INFO - 23 24 88 3c 00 0a 9e 00
INFO - 23 25 c8 3c 00 0a a3 00
INFO - 23 27 08 3c 00 0a 95 00
INFO - 23 29 48 3c 00 0a a5 00
INFO - 23 2b 88 3c 00 0a 95 00
INFO - 23 2d c8 3c 00 0a 9c 00
INFO - 23 2f 08 3c 00 0a 9a 00
INFO - 23 31 48 3c 00 0a a5 00
INFO - 23 32 88 3c 00 0a 94 00
INFO - 23 34 c8 3c 00 0a 9a 00
INFO - 23 36 08 3c 00 0a af 00
INFO - 23 38 48 3c 00 0a 9a 00
INFO - 23 3a 88 3c 00 0a a3 00
INFO - 23 3c c8 3c 00 0a 92 00
INFO - 23 3e 08 3c 00 0a 9b 00
INFO - 23 3f 48 3c 00 0a 9b 00
INFO - 23 41 88 3c 00 0a 99 00
INFO - 23 43 c8 3c 00 0a 9b 00
INFO - 23 45 08 3c 00 0a a0 00
INFO - 23 47 48 3c 00 0a 93 00
INFO - 23 48 88 3c 00 0a 99 00
INFO - 23 4a c8 3c 00 0a 98 00
INFO - 23 4c 08 3c 00 0a ac 00
INFO - 23 4e 48 3c 00 0a 98 00
INFO - 23 50 88 3c 00 0a 9a 00
INFO - 23 52 c8 3c 00 0a 98 00
INFO - 23 54 08 3c 00 0a a1 00
INFO - 23 55 48 3c 00 0a 90 00
INFO - 23 57 88 3c 00 0a 99 00
INFO - 23 57 c8 3c 00 0a 52 00
INFO - 23 5a 08 3c 00 0a cb 00
INFO - 23 5d 48 3c 00 0a bc 00
INFO - 23 5e 88 3c 00 0a 98 00
INFO - 23 60 c8 3c 00 0a 97 00
INFO - 23 62 08 3c 00 0a 87 00
INFO - 23 64 48 3c 00 0a a8 00
INFO - 23 65 88 3c 00 0a 98 00
INFO - 23 67 c8 3c 00 0a 9a 00
INFO - 23 69 08 3c 00 0a 97 00
INFO - 23 6b 48 3c 00 0a 99 00
INFO - 23 6d 88 3c 00 0a 98 00
INFO - 23 6e c8 3c 00 0a 97 00
INFO - 23 70 08 3c 00 0a aa 00
INFO - 23 72 48 3c 00 0a 9a 00
INFO - 23 74 88 3c 00 0a 97 00
INFO - 23 76 c8 3c 00 0a 93 00
INFO - 23 78 08 3c 00 0a 9f 00
INFO - 23 79 48 3c 00 0a 99 00
INFO - 23 7b 88 3c 00 0a 9a 00
INFO - 23 7d c8 3c 00 0a 98 00
INFO - 23 7f 08 3c 00 0a 99 00
INFO - 23 81 48 3c 00 0a 99 00
INFO - 23 82 88 3c 00 0a 92 00
INFO - 23 85 c8 3c 00 0a b5 00
INFO - 23 86 08 3c 00 0a 99 00
INFO - 23 88 48 3c 00 0a 9a 00
INFO - 23 8a 88 3c 00 0a 9b 00
INFO - 23 8c c8 3c 00 0a 91 00
INFO - 23 8e 08 3c 00 0a a3 00
INFO - 23 8f 48 3c 00 0a 99 00
INFO - 23 91 88 3c 00 0a 9a 00
INFO - 23 93 c8 3c 00 0a 9c 00
INFO - 23 95 08 3c 00 0a 69 00
INFO - 23 97 48 3c 00 0a b5 00
INFO - 23 99 88 3c 00 0a 9c 00
INFO - 23 9a c8 3c 00 0a 88 00
INFO - 23 9d 08 3c 00 0a ac 00
INFO - 23 9e 48 3c 00 0a 9b 00
INFO - 23 a0 88 3c 00 0a 9c 00
INFO - 23 a2 c8 3c 00 0a 93 00
INFO - 23 a4 08 3c 00 0a a3 00
INFO - 23 a6 48 3c 00 0a 94 00
INFO - 23 a8 88 3c 00 0a a4 00
INFO - 23 a9 c8 3c 00 0a 80 00
INFO - 23 ac 08 3c 00 0a c8 00
INFO - 23 ad 48 3c 00 0a 9c 00
INFO - 23 af 88 3c 00 0a 94 00
INFO - 23 b1 c8 3c 00 0a a5 00
INFO - 23 b3 08 3c 00 0a 93 00
INFO - 23 b5 48 3c 00 0a a3 00
INFO - 23 b6 88 3c 00 0a 94 00
INFO - 23 b8 c8 3c 00 0a 9c 00
INFO - 23 ba 08 3c 00 0a a4 00
INFO - 23 bc 48 3c 00 0a 9b 00
INFO - 23 be 88 3c 00 0a 95 00
INFO - 23 c0 c8 3c 00 0a a5 00
INFO - 23 c2 08 3c 00 0a a6 00
INFO - 23 c4 48 3c 00 0a a3 00
INFO - 23 c6 88 3c 00 0a 96 00
INFO - 23 c8 c8 3c 00 0a a2 00
INFO - 23 c9 08 3c 00 0a 95 00
INFO - 23 cb 48 3c 00 0a a5 00
INFO - 23 cd 88 3c 00 0a 93 00
INFO - 23 cf c8 3c 00 0a a4 00
INFO - 23 d1 08 3c 00 0a 96 00
INFO - 23 d2 48 3c 00 0a 8a 00
INFO - 23 d5 88 3c 00 0a c7 00
INFO - 23 d7 c8 3c 00 0a 95 00
INFO - 23 d9 08 3c 00 0a 9c 00
INFO - 23 db 48 3c 00 0a a5 00
INFO - 23 dc 88 3c 00 0a 9c 00
INFO - 23 de c8 3c 00 0a 93 00
INFO - 23 e0 08 3c 00 0a 9d 00
INFO - 23 e2 48 3c 00 0a a4 00
INFO - 23 e4 88 3c 00 0a 95 00
INFO - 23 e6 c8 3c 00 0a a5 00
INFO - 23 e7 08 3c 00 0a 93 00
INFO - 23 e9 48 3c 00 0a 9c 00
INFO - 23 eb 88 3c 00 0a 9e 00
INFO - 23 ed c8 3c 00 0a 9b 00
INFO - 23 ef 08 3c 00 0a b6 00
INFO - 23 f1 48 3c 00 0a 95 00
INFO - 23 f3 88 3c 00 0a 9e 00
INFO - 23 f5 c8 3c 00 0a 9b 00
INFO - 23 f7 08 3c 00 0a 9c 00
INFO - 23 f9 48 3c 00 0a a4 00
INFO - 23 fb 88 3c 00 0a a7 00
INFO - 23 fd c8 3c 00 0a 9e 00
INFO - 23 fe 08 3c 00 0a 9c 00
INFO - 24 00 48 3c 00 0a 9b 00
INFO - 24 02 88 3c 00 0a 8a 00
INFO - 24 04 c8 3c 00 0a b6 00
INFO - 24 06 08 3c 00 0a 95 00
INFO - 24 08 48 3c 00 0a 9c 00
INFO - 24 0a 88 3c 00 0a af 00
INFO - 24 0c c8 3c 00 0a 9e 00
INFO - 24 0e 08 3c 00 0a 9b 00
INFO - 24 0f 48 3c 00 0a 9c 00
INFO - 24 11 88 3c 00 0a 8a 00
INFO - 24 13 c8 3c 00 0a 78 00
INFO - 24 15 08 3c 00 0a 9c 00
INFO - 24 17 48 3c 00 0a 9e 00
INFO - 24 19 88 3c 00 0a 9b 00
INFO - 24 1b c8 3c 00 0a 9c 00
INFO - 24 1c 08 3c 00 0a 9d 00
INFO - 24 1f 48 3c 00 0a af 00
INFO - 24 21 88 3c 00 0a 9c 00
INFO - 24 22 c8 3c 00 0a 97 00
INFO - 24 23 08 3c 00 0a 78 00
INFO - 24 23 48 3c 00 0a 78 00
INFO - 24 26 88 3c 00 0a 7b 00
INFO - 24 28 c8 3c 00 0a c2 00
INFO - 24 2b 08 3c 00 0a d4 00
INFO - 24 2e 48 3c 00 0a af 00
INFO - 24 2f 88 3c 00 0a 9c 00
INFO - 24 31 c8 3c 00 0a 9e 00
INFO - 24 33 08 3c 00 0a a6 00
INFO - 24 35 48 3c 00 0a a4 00
INFO - 24 37 88 3c 00 0a 9d 00
INFO - 24 39 c8 3c 00 0a 9c 00
INFO - 24 3b 08 3c 00 0a 9c 00
INFO - 24 3d 48 3c 00 0a 9d 00
INFO - 24 3f 88 3c 00 0a 9c 00
INFO - 24 41 c8 3c 00 0a 9d 00
INFO - 24 42 08 3c 00 0a 95 00
INFO - 24 44 48 3c 00 0a 9d 00
INFO - 24 46 88 3c 00 0a a4 00
INFO - 24 48 c8 3c 00 0a b0 00
INFO - 24 4a 08 3c 00 0a 9d 00
INFO - 24 4c 48 3c 00 0a 9c 00
INFO - 24 4e 88 3c 00 0a 9c 00
INFO - 24 50 c8 3c 00 0a 9d 00
INFO - 24 52 08 3c 00 0a 95 00
INFO - 24 54 48 3c 00 0a a4 00
INFO - 24 56 88 3c 00 0a af 00
INFO - 24 58 c8 3c 00 0a 95 00
INFO - 24 5a 08 3c 00 0a a5 00
INFO - 24 5b 48 3c 00 0a 9d 00
INFO - 24 5d 88 3c 00 0a 95 00
INFO - 24 5f c8 3c 00 0a a6 00
INFO - 24 61 08 3c 00 0a 9b 00
INFO - 24 63 48 3c 00 0a 95 00
INFO - 24 65 88 3c 00 0a a5 00
INFO - 24 67 c8 3c 00 0a a8 00
INFO - 24 69 08 3c 00 0a a5 00
INFO - 24 6a 48 3c 00 0a 8a 00
INFO - 24 6c 88 3c 00 0a a8 00
INFO - 24 6f c8 3c 00 0a a7 00
INFO - 24 70 08 3c 00 0a 9b 00
INFO - 24 72 48 3c 00 0a 9d 00
INFO - 24 74 88 3c 00 0a 95 00
INFO - 24 76 c8 3c 00 0a 9d 00
INFO - 24 78 08 3c 00 0a a5 00
INFO - 24 7a 48 3c 00 0a 95 00
INFO - 24 7c 88 3c 00 0a af 00
INFO - 24 7e c8 3c 00 0a a5 00
INFO - 24 7f 08 3c 00 0a 95 00
INFO - 24 82 48 3c 00 0a a5 00
INFO - 24 83 88 3c 00 0a 95 00
INFO - 24 85 c8 3c 00 0a 9d 00
INFO - 24 87 08 3c 00 0a a5 00
INFO - 24 89 48 3c 00 0a 6a 00
INFO - 24 8b 88 3c 00 0a a5 00
INFO - 24 8d c8 3c 00 0a a7 00
INFO - 24 8f 08 3c 00 0a 9d 00
INFO - 24 91 48 3c 00 0a a5 00
INFO - 24 93 88 3c 00 0a 95 00
INFO - 24 95 c8 3c 00 0a a5 00
INFO - 24 96 08 3c 00 0a 95 00
INFO - 24 98 48 3c 00 0a 9d 00
INFO - 24 9b 88 3c 00 0a b8 00
INFO - 24 9c c8 3c 00 0a 95 00
INFO - 24 9e 08 3c 00 0a 9d 00
INFO - 24 a0 48 3c 00 0a a5 00
INFO - 24 a2 88 3c 00 0a 95 00
INFO - 24 a4 c8 3c 00 0a 9d 00
INFO - 24 a6 08 3c 00 0a a5 00
INFO - 24 a7 48 3c 00 0a 95 00
INFO - 24 a9 88 3c 00 0a a5 00
INFO - 24 ab c8 3c 00 0a 95 00
INFO - 24 ad 08 3c 00 0a 9d 00
INFO - 24 af 48 3c 00 0a ad 00
INFO - 24 b1 88 3c 00 0a 8c 00
INFO - 24 b3 c8 3c 00 0a b8 00
INFO - 24 b5 08 3c 00 0a 95 00
INFO - 24 b7 48 3c 00 0a 9d 00
INFO - 24 b9 88 3c 00 0a 9d 00
INFO - 24 ba c8 3c 00 0a 9d 00
INFO - 24 bc 08 3c 00 0a 9d 00
INFO - 24 bf 48 3c 00 0a af 00
INFO - 24 c0 88 3c 00 0a 9d 00
INFO - 24 c2 c8 3c 00 0a 9b 00
INFO - 24 c4 08 3c 00 0a 9f 00
INFO - 24 c6 48 3c 00 0a 9d 00
INFO - 24 c8 88 3c 00 0a 9d 00
INFO - 24 ca c8 3c 00 0a 9d 00
INFO - 24 cc 08 3c 00 0a af 00
INFO - 24 ce 48 3c 00 0a 9d 00
INFO - 24 d0 88 3c 00 0a 9d 00
INFO - 24 d2 c8 3c 00 0a 9d 00
INFO - 24 d4 08 3c 00 0a 9d 00
INFO - 24 d5 48 3c 00 0a 9d 00
INFO - 24 d7 88 3c 00 0a 9d 00
INFO - 24 d9 c8 3c 00 0a 9c 00
INFO - 24 db 08 3c 00 0a 9c 00
INFO - 24 dd 48 3c 00 0a 9d 00
INFO - 24 df 88 3c 00 0a 9d 00
INFO - 24 e1 c8 3c 00 0a af 00
INFO - 24 e2 08 3c 00 0a 8a 00
INFO - 24 e5 48 3c 00 0a ad 00
INFO - 24 e7 88 3c 00 0a 9f 00
INFO - 24 e8 c8 3c 00 0a 9d 00
INFO - 24 ea 08 3c 00 0a 9d 00
INFO - 24 ec 48 3c 00 0a 9d 00
INFO - 24 ee 88 3c 00 0a 9d 00
INFO - 24 f0 c8 3c 00 0a b0 00
INFO - 24 f2 08 3c 00 0a 6e 00
INFO - 24 f3 48 3c 00 0a 6f 00
INFO - 24 f5 88 3c 00 0a 93 00
INFO - 24 f7 c8 3c 00 0a c2 00
INFO - 24 fa 08 3c 00 0a c1 00
INFO - 24 fc 48 3c 00 0a 9d 00
INFO - 24 fe 88 3c 00 0a 9b 00
INFO - 24 ff c8 3c 00 0a 97 00
INFO - 25 01 08 3c 00 0a a6 00
INFO - 25 03 48 3c 00 0a 9d 00
INFO - 25 05 88 3c 00 0a 9d 00
INFO - 25 07 c8 3c 00 0a 9a 00
INFO - 25 09 08 3c 00 0a a9 00
INFO - 25 0b 48 3c 00 0a a5 00
INFO - 25 0d 88 3c 00 0a 9d 00
INFO - 25 0f c8 3c 00 0a 9c 00
INFO - 25 11 08 3c 00 0a 9b 00
INFO - 25 12 48 3c 00 0a 96 00
INFO - 25 14 88 3c 00 0a a5 00
INFO - 25 16 c8 3c 00 0a 9d 00
INFO - 25 18 08 3c 00 0a 9d 00
INFO - 25 1a 48 3c 00 0a 9d 00
INFO - 25 1c 88 3c 00 0a a9 00
INFO - 25 1e c8 3c 00 0a 9b 00
INFO - 25 20 08 3c 00 0a a5 00
INFO - 25 22 48 3c 00 0a 9d 00
INFO - 25 24 88 3c 00 0a 99 00
INFO - 25 26 c8 3c 00 0a ab 00
INFO - 25 28 08 3c 00 0a a5 00
INFO - 25 2a 48 3c 00 0a 93 00
INFO - 25 2b 88 3c 00 0a 9f 00
INFO - 25 2d c8 3c 00 0a a5 00
INFO - 25 2f 08 3c 00 0a 93 00
INFO - 25 31 48 3c 00 0a 9f 00
INFO - 25 33 88 3c 00 0a a3 00
INFO - 25 35 c8 3c 00 0a 97 00
INFO - 25 37 08 3c 00 0a a5 00
INFO - 25 38 48 3c 00 0a 92 00
INFO - 25 3b 88 3c 00 0a a8 00
INFO - 25 3d c8 3c 00 0a a7 00
INFO - 25 3e 08 3c 00 0a 9a 00
INFO - 25 40 48 3c 00 0a a8 00
INFO - 25 42 88 3c 00 0a 95 00
INFO - 25 44 c8 3c 00 0a 9d 00
INFO - 25 46 08 3c 00 0a 9b 00
INFO - 25 48 48 3c 00 0a a7 00
INFO - 25 4a 88 3c 00 0a 95 00
INFO - 25 4b c8 3c 00 0a 9b 00
INFO - 25 4e 08 3c 00 0a a7 00
INFO - 25 4f 48 3c 00 0a 95 00
INFO - 25 51 88 3c 00 0a 9b 00
INFO - 25 53 c8 3c 00 0a a7 00
INFO - 25 55 08 3c 00 0a 95 00
INFO - 25 57 48 3c 00 0a 9b 00
INFO - 25 59 88 3c 00 0a a8 00
INFO - 25 5b c8 3c 00 0a a7 00
INFO - 25 5d 08 3c 00 0a 9b 00
INFO - 25 5f 48 3c 00 0a 9f 00
INFO - 25 61 88 3c 00 0a a5 00
INFO - 25 62 c8 3c 00 0a 94 00
INFO - 25 64 08 3c 00 0a 9b 00
INFO - 25 66 48 3c 00 0a 9d 00
INFO - 25 68 88 3c 00 0a 9f 00
INFO - 25 6a c8 3c 00 0a 9b 00
INFO - 25 6b 08 3c 00 0a 8c 00
INFO - 25 6d 48 3c 00 0a ad 00
INFO - 25 6f 88 3c 00 0a 9f 00
INFO - 25 71 c8 3c 00 0a 9d 00
INFO - 25 74 08 3c 00 0a b6 00
INFO - 25 75 48 3c 00 0a 6c 00
INFO - 25 77 88 3c 00 0a 88 00
INFO - 25 79 c8 3c 00 0a b2 00
INFO - 25 7b 08 3c 00 0a 9b 00
INFO - 25 7d 48 3c 00 0a 9f 00
INFO - 25 7f 88 3c 00 0a 9a 00
INFO - 25 81 c8 3c 00 0a 9f 00
INFO - 25 82 08 3c 00 0a 9d 00
INFO - 25 84 48 3c 00 0a 9b 00
INFO - 25 87 88 3c 00 0a b2 00
INFO - 25 89 c8 3c 00 0a a3 00
INFO - 25 8a 08 3c 00 0a 97 00
INFO - 25 8c 48 3c 00 0a 9d 00
INFO - 25 8e 88 3c 00 0a 9d 00
INFO - 25 90 c8 3c 00 0a 9b 00
INFO - 25 91 08 3c 00 0a 8d 00
INFO - 25 94 48 3c 00 0a ae 00
INFO - 25 95 88 3c 00 0a 9f 00
INFO - 25 97 c8 3c 00 0a 9b 00
INFO - 25 99 08 3c 00 0a 9f 00
INFO - 25 9b 48 3c 00 0a 9d 00
INFO - 25 9d 88 3c 00 0a ad 00
INFO - 25 9f c8 3c 00 0a 9f 00
INFO - 25 a1 08 3c 00 0a 9b 00
INFO - 25 a3 48 3c 00 0a a0 00
INFO - 25 a4 88 3c 00 0a 88 00
INFO - 25 a7 c8 3c 00 0a b2 00
INFO - 25 a8 08 3c 00 0a 9b 00
INFO - 25 aa 48 3c 00 0a 9e 00
INFO - 25 ac 88 3c 00 0a 97 00
INFO - 25 ae c8 3c 00 0a a3 00
INFO - 25 b0 08 3c 00 0a a0 00
INFO - 25 b2 48 3c 00 0a 9d 00
INFO - 25 b4 88 3c 00 0a b0 00
INFO - 25 b6 c8 3c 00 0a 9b 00
INFO - 25 b8 08 3c 00 0a 9e 00
INFO - 25 ba 48 3c 00 0a 9e 00
INFO - 25 bc 88 3c 00 0a 9f 00
INFO - 25 bd c8 3c 00 0a 93 00
INFO - 25 bf 08 3c 00 0a a8 00
INFO - 25 c1 48 3c 00 0a 9b 00
INFO - 25 c3 88 3c 00 0a 96 00
INFO - 25 c4 c8 3c 00 0a 65 00
INFO - 25 c5 08 3c 00 0a 83 00
INFO - 25 c7 48 3c 00 0a b9 00
INFO - 25 ca 88 3c 00 0a cc 00
INFO - 25 cc c8 3c 00 0a a8 00
INFO - 25 ce 08 3c 00 0a a8 00
INFO - 25 d0 48 3c 00 0a 93 00
INFO - 25 d3 88 3c 00 0a b9 00
INFO - 25 d5 c8 3c 00 0a a0 00
INFO - 25 d6 08 3c 00 0a 93 00
INFO - 25 d8 48 3c 00 0a a8 00
INFO - 25 da 88 3c 00 0a 93 00
INFO - 25 dc c8 3c 00 0a a7 00
INFO - 25 de 08 3c 00 0a a0 00
INFO - 25 e0 48 3c 00 0a 9d 00
INFO - 25 e2 88 3c 00 0a b1 00
INFO - 25 e4 c8 3c 00 0a 96 00
INFO - 25 e6 08 3c 00 0a 9b 00
INFO - 25 e8 48 3c 00 0a a8 00
INFO - 25 ea 88 3c 00 0a 9c 00
INFO - 25 eb c8 3c 00 0a 98 00
INFO - 25 ed 08 3c 00 0a a4 00
INFO - 25 ef 48 3c 00 0a 9e 00
INFO - 25 f1 88 3c 00 0a 98 00
INFO - 25 f3 c8 3c 00 0a a4 00
INFO - 25 f5 08 3c 00 0a 98 00
INFO - 25 f7 48 3c 00 0a a4 00
INFO - 25 f9 88 3c 00 0a 9d 00
INFO - 25 fb c8 3c 00 0a ab 00
INFO - 25 fd 08 3c 00 0a a4 00
INFO - 25 ff 48 3c 00 0a 96 00
INFO - 26 01 88 3c 00 0a a9 00
INFO - 26 03 c8 3c 00 0a 9c 00
INFO - 26 04 08 3c 00 0a 98 00
INFO - 26 06 48 3c 00 0a 6e 00
INFO - 26 08 88 3c 00 0a a6 00
INFO - 26 0a c8 3c 00 0a 96 00
INFO - 26 0c 08 3c 00 0a 9e 00
INFO - 26 0e 48 3c 00 0a 9d 00
INFO - 26 10 88 3c 00 0a af 00
INFO - 26 12 c8 3c 00 0a a6 00
INFO - 26 14 08 3c 00 0a 9b 00
INFO - 26 15 48 3c 00 0a 96 00
INFO - 26 17 88 3c 00 0a 9c 00
INFO - 26 19 c8 3c 00 0a 9b 00
INFO - 26 1b 08 3c 00 0a a6 00
INFO - 26 1d 48 3c 00 0a 90 00
INFO - 26 1f 88 3c 00 0a ad 00
INFO - 26 21 c8 3c 00 0a 9a 00
INFO - 26 23 08 3c 00 0a 9a 00
INFO - 26 25 48 3c 00 0a a4 00
INFO - 26 26 88 3c 00 0a 8f 00
INFO - 26 28 c8 3c 00 0a 99 00
INFO - 26 2a 08 3c 00 0a 99 00
INFO - 26 2c 48 3c 00 0a 99 00
INFO - 26 2d 88 3c 00 0a 99 00
INFO - 26 30 c8 3c 00 0a b3 00
INFO - 26 31 08 3c 00 0a 7d 00
INFO - 26 33 48 3c 00 0a aa 00
INFO - 26 35 88 3c 00 0a 98 00
INFO - 26 37 c8 3c 00 0a 9f 00
INFO - 26 38 08 3c 00 0a 80 00
INFO - 26 3a 48 3c 00 0a a6 00
INFO - 26 3c 88 3c 00 0a 97 00
INFO - 26 3e c8 3c 00 0a 97 00
INFO - 26 3f 08 3c 00 0a 97 00
INFO - 26 42 48 3c 00 0a b1 00
INFO - 26 43 88 3c 00 0a 8d 00
INFO - 26 45 c8 3c 00 0a 96 00
INFO - 26 46 08 3c 00 0a 87 00
INFO - 26 48 48 3c 00 0a a4 00
INFO - 26 49 88 3c 00 0a 73 00
INFO - 26 4c c8 3c 00 0a c1 00
INFO - 26 4e 08 3c 00 0a 95 00
INFO - 26 4f 48 3c 00 0a 83 00
INFO - 26 51 88 3c 00 0a 9c 00
INFO - 26 53 c8 3c 00 0a 94 00
INFO - 26 54 08 3c 00 0a 94 00
INFO - 26 56 48 3c 00 0a a4 00
INFO - 26 58 88 3c 00 0a 96 00
INFO - 26 5a c8 3c 00 0a 94 00
INFO - 26 5b 08 3c 00 0a 91 00
INFO - 26 5d 48 3c 00 0a 93 00
INFO - 26 5f 88 3c 00 0a 93 00
INFO - 26 60 c8 3c 00 0a 8b 00
INFO - 26 62 08 3c 00 0a 9a 00
INFO - 26 64 48 3c 00 0a 92 00
INFO - 26 65 88 3c 00 0a 92 00
INFO - 26 67 c8 3c 00 0a 92 00
INFO - 26 69 08 3c 00 0a a2 00
INFO - 26 6a 48 3c 00 0a 8a 00
INFO - 26 6c 88 3c 00 0a 99 00
INFO - 26 6e c8 3c 00 0a 91 00
INFO - 26 6f 08 3c 00 0a 90 00
INFO - 26 71 48 3c 00 0a 91 00
INFO - 26 72 88 3c 00 0a 8c 00
INFO - 26 74 c8 3c 00 0a 96 00
INFO - 26 76 08 3c 00 0a a0 00
INFO - 26 78 48 3c 00 0a 90 00
INFO - 26 79 88 3c 00 0a 68 00
INFO - 26 7b c8 3c 00 0a 90 00
INFO - 26 7c 08 3c 00 0a 88 00
INFO - 26 7e 48 3c 00 0a 97 00
INFO - 26 80 88 3c 00 0a 8f 00
INFO - 26 81 c8 3c 00 0a 8f 00
INFO - 26 83 08 3c 00 0a a1 00
INFO - 26 84 48 3c 00 0a 75 00
INFO - 26 86 88 3c 00 0a a5 00
INFO - 26 87 c8 3c 00 0a 5f 00
INFO - 26 89 08 3c 00 0a 9d 00
INFO - 26 8b 48 3c 00 0a 9d 00
INFO - 26 8c 88 3c 00 0a 96 00
INFO - 26 8e c8 3c 00 0a 95 00
INFO - 26 90 08 3c 00 0a 8b 00
INFO - 26 91 48 3c 00 0a 87 00
INFO - 26 93 88 3c 00 0a 94 00
INFO - 26 94 c8 3c 00 0a 8c 00
INFO - 26 96 08 3c 00 0a 94 00
INFO - 26 98 48 3c 00 0a 8d 00
INFO - 26 99 88 3c 00 0a 96 00
INFO - 26 9b c8 3c 00 0a 82 00
INFO - 26 9c 08 3c 00 0a 91 00
INFO - 26 9e 48 3c 00 0a 90 00
INFO - 26 9f 88 3c 00 0a 8b 00
INFO - 26 a1 c8 3c 00 0a 81 00
INFO - 26 a3 08 3c 00 0a a1 00
INFO - 26 a4 48 3c 00 0a 81 00
INFO - 26 a5 88 3c 00 0a 8b 00
INFO - 26 a7 c8 3c 00 0a 95 00
INFO - 26 a9 08 3c 00 0a 82 00
INFO - 26 aa 48 3c 00 0a 92 00
INFO - 26 ac 88 3c 00 0a 8a 00
INFO - 26 ad c8 3c 00 0a 91 00
INFO - 26 af 08 3c 00 0a 91 00
INFO - 26 b0 48 3c 00 0a 81 00
INFO - 26 b2 88 3c 00 0a 91 00
INFO - 26 b3 c8 3c 00 0a 89 00
INFO - 26 b5 08 3c 00 0a 81 00
INFO - 26 b6 48 3c 00 0a 8e 00
INFO - 26 b8 88 3c 00 0a 87 00
INFO - 26 b9 c8 3c 00 0a 87 00
INFO - 26 ba 08 3c 00 0a 7f 00
INFO - 26 bc 48 3c 00 0a 9d 00
INFO - 26 be 88 3c 00 0a 90 00
INFO - 26 bf c8 3c 00 0a 88 00
INFO - 26 c0 08 3c 00 0a 80 00
INFO - 26 c2 48 3c 00 0a 8f 00
INFO - 26 c4 88 3c 00 0a 87 00
INFO - 26 c5 c8 3c 00 0a 7f 00
INFO - 26 c6 08 3c 00 0a 87 00
INFO - 26 c8 48 3c 00 0a 8e 00
INFO - 26 c9 88 3c 00 0a 87 00
INFO - 26 ca c8 3c 00 0a 7e 00
INFO - 26 cc 08 3c 00 0a 84 00
INFO - 26 cd 48 3c 00 0a 86 00
INFO - 26 cf 88 3c 00 0a 91 00
INFO - 26 d0 c8 3c 00 0a 7e 00
INFO - 26 d2 08 3c 00 0a 86 00
INFO - 26 d3 48 3c 00 0a 86 00
INFO - 26 d4 88 3c 00 0a 8b 00
INFO - 26 d6 c8 3c 00 0a 80 00
INFO - 26 d7 08 3c 00 0a 86 00
INFO - 26 d9 48 3c 00 0a 86 00
INFO - 26 da 88 3c 00 0a 85 00
INFO - 26 db c8 3c 00 0a 86 00
INFO - 26 dd 08 3c 00 0a 8e 00
INFO - 26 de 48 3c 00 0a 7b 00
INFO - 26 df 88 3c 00 0a 86 00
INFO - 26 e1 c8 3c 00 0a 96 00
INFO - 26 e2 08 3c 00 0a 80 00
INFO - 26 e4 48 3c 00 0a 8b 00
INFO - 26 e5 88 3c 00 0a 78 00
INFO - 26 e7 c8 3c 00 0a 90 00
INFO - 26 e8 08 3c 00 0a 88 00
INFO - 26 ea 48 3c 00 0a 8d 00
INFO - 26 eb 88 3c 00 0a 85 00
INFO - 26 ec c8 3c 00 0a 7d 00
INFO - 26 ee 08 3c 00 0a 82 00
INFO - 26 ef 48 3c 00 0a 85 00
INFO - 26 f0 88 3c 00 0a 82 00
INFO - 26 f2 c8 3c 00 0a 8a 00
INFO - 26 f3 08 3c 00 0a 85 00
INFO - 26 f5 48 3c 00 0a 85 00
INFO - 26 f6 88 3c 00 0a 85 00
INFO - 26 f7 c8 3c 00 0a 85 00
INFO - 26 f9 08 3c 00 0a 85 00
INFO - 26 fa 48 3c 00 0a 8a 00
INFO - 26 fb 88 3c 00 0a 7f 00
INFO - 26 fd c8 3c 00 0a 85 00
INFO - 26 fe 08 3c 00 0a 85 00
INFO - 27 00 48 3c 00 0a 84 00
INFO - 27 01 88 3c 00 0a 85 00
INFO - 27 02 c8 3c 00 0a 85 00
INFO - 27 04 08 3c 00 0a 82 00
INFO - 27 05 48 3c 00 0a 92 00
INFO - 27 07 88 3c 00 0a 8f 00
INFO - 27 08 c8 3c 00 0a 7c 00
INFO - 27 09 08 3c 00 0a 85 00
INFO - 27 0b 48 3c 00 0a 85 00
INFO - 27 0c 88 3c 00 0a 77 00
INFO - 27 0e c8 3c 00 0a 92 00
INFO - 27 0f 08 3c 00 0a 77 00
INFO - 27 10 48 3c 00 0a 6c 00
INFO - 27 11 88 3c 00 0a 71 00
INFO - 27 13 c8 3c 00 0a 93 00
INFO - 27 14 08 3c 00 0a 84 00
INFO - 27 16 48 3c 00 0a 8a 00
INFO - 27 17 88 3c 00 0a 85 00
INFO - 27 19 c8 3c 00 0a 80 00
INFO - 27 1a 08 3c 00 0a 85 00
INFO - 27 1b 48 3c 00 0a 85 00
INFO - 27 1d 88 3c 00 0a 85 00
INFO - 27 1e c8 3c 00 0a 8a 00
INFO - 27 20 08 3c 00 0a 82 00
INFO - 27 21 48 3c 00 0a 82 00
INFO - 27 22 88 3c 00 0a 85 00
INFO - 27 23 c8 3c 00 0a 77 00
INFO - 27 25 08 3c 00 0a 85 00
INFO - 27 27 48 3c 00 0a a1 00
INFO - 27 28 88 3c 00 0a 8d 00
INFO - 27 2a c8 3c 00 0a 84 00
INFO - 27 2b 08 3c 00 0a 7f 00
INFO - 27 2c 48 3c 00 0a 85 00
INFO - 27 2e 88 3c 00 0a 85 00
INFO - 27 2f c8 3c 00 0a 85 00
INFO - 27 30 08 3c 00 0a 83 00
INFO - 27 32 48 3c 00 0a 8f 00
INFO - 27 33 88 3c 00 0a 85 00
INFO - 27 35 c8 3c 00 0a 7e 00
INFO - 27 36 08 3c 00 0a 78 00
INFO - 27 37 48 3c 00 0a 93 00
INFO - 27 39 88 3c 00 0a 86 00
INFO - 27 3a c8 3c 00 0a 8d 00
INFO - 27 3c 08 3c 00 0a 81 00
INFO - 27 3d 48 3c 00 0a 83 00
INFO - 27 3e 88 3c 00 0a 86 00
INFO - 27 40 c8 3c 00 0a 86 00
INFO - 27 41 08 3c 00 0a 86 00
INFO - 27 43 48 3c 00 0a 86 00
INFO - 27 44 88 3c 00 0a 86 00
INFO - 27 45 c8 3c 00 0a 86 00
INFO - 27 47 08 3c 00 0a 83 00
INFO - 27 48 48 3c 00 0a 93 00
INFO - 27 4a 88 3c 00 0a 81 00
INFO - 27 4b c8 3c 00 0a 90 00
INFO - 27 4d 08 3c 00 0a 84 00
INFO - 27 4e 48 3c 00 0a 89 00
INFO - 27 50 88 3c 00 0a 87 00
INFO - 27 51 c8 3c 00 0a 87 00
INFO - 27 52 08 3c 00 0a 79 00
INFO - 27 54 48 3c 00 0a 9d 00
INFO - 27 55 88 3c 00 0a 86 00
INFO - 27 57 c8 3c 00 0a 7f 00
INFO - 27 58 08 3c 00 0a 87 00
INFO - 27 59 48 3c 00 0a 87 00
INFO - 27 5b 88 3c 00 0a 87 00
INFO - 27 5d c8 3c 00 0a 96 00
INFO - 27 5e 08 3c 00 0a 8f 00
INFO - 27 60 48 3c 00 0a 87 00
INFO - 27 61 88 3c 00 0a 80 00
INFO - 27 62 c8 3c 00 0a 87 00
INFO - 27 64 08 3c 00 0a 87 00
INFO - 27 65 48 3c 00 0a 87 00
INFO - 27 67 88 3c 00 0a 8b 00
INFO - 27 68 c8 3c 00 0a 90 00
INFO - 27 6a 08 3c 00 0a 88 00
INFO - 27 6b 48 3c 00 0a 81 00
INFO - 27 6c 88 3c 00 0a 88 00
INFO - 27 6e c8 3c 00 0a 89 00
INFO - 27 6f 08 3c 00 0a 89 00
INFO - 27 71 48 3c 00 0a 8e 00
INFO - 27 72 88 3c 00 0a 84 00
INFO - 27 74 c8 3c 00 0a 89 00
INFO - 27 75 08 3c 00 0a 8a 00
INFO - 27 77 48 3c 00 0a 91 00
INFO - 27 78 88 3c 00 0a 82 00
INFO - 27 7a c8 3c 00 0a 95 00
INFO - 27 7b 08 3c 00 0a 89 00
INFO - 27 7d 48 3c 00 0a 8d 00
INFO - 27 7f 88 3c 00 0a 91 00
INFO - 27 80 c8 3c 00 0a 82 00
INFO - 27 81 08 3c 00 0a 8a 00
INFO - 27 83 48 3c 00 0a 7c 00
INFO - 27 84 88 3c 00 0a 99 00
INFO - 27 86 c8 3c 00 0a 90 00
INFO - 27 87 08 3c 00 0a 8a 00
INFO - 27 89 48 3c 00 0a 85 00
INFO - 27 8a 88 3c 00 0a 8b 00
INFO - 27 8c c8 3c 00 0a 8b 00
INFO - 27 8d 08 3c 00 0a 8b 00
INFO - 27 8f 48 3c 00 0a 93 00
INFO - 27 90 88 3c 00 0a 83 00
INFO - 27 92 c8 3c 00 0a 8b 00
INFO - 27 94 08 3c 00 0a a2 00
INFO - 27 95 48 3c 00 0a 7c 00
INFO - 27 97 88 3c 00 0a 92 00
INFO - 27 98 c8 3c 00 0a 89 00
INFO - 27 9a 08 3c 00 0a 97 00
INFO - 27 9b 48 3c 00 0a 8c 00
INFO - 27 9d 88 3c 00 0a 84 00
INFO - 27 9e c8 3c 00 0a 8c 00
INFO - 27 a0 08 3c 00 0a 8c 00
INFO - 27 a1 48 3c 00 0a 8c 00
INFO - 27 a3 88 3c 00 0a 95 00
INFO - 27 a4 c8 3c 00 0a 77 00
INFO - 27 a6 08 3c 00 0a ac 00
INFO - 27 a8 48 3c 00 0a 90 00
INFO - 27 a9 88 3c 00 0a 87 00
INFO - 27 ab c8 3c 00 0a 7e 00
INFO - 27 ac 08 3c 00 0a 9d 00
INFO - 27 ae 48 3c 00 0a 8d 00
INFO - 27 b0 88 3c 00 0a 8e 00
INFO - 27 b1 c8 3c 00 0a 96 00
INFO - 27 b3 08 3c 00 0a 85 00
INFO - 27 b4 48 3c 00 0a 8e 00
INFO - 27 b6 88 3c 00 0a 8e 00
INFO - 27 b8 c8 3c 00 0a 96 00
INFO - 27 b9 08 3c 00 0a 85 00
INFO - 27 ba 48 3c 00 0a 8f 00
INFO - 27 bc 88 3c 00 0a 8b 00
INFO - 27 be c8 3c 00 0a 92 00
INFO - 27 bf 08 3c 00 0a 97 00
INFO - 27 c1 48 3c 00 0a 85 00
INFO - 27 c2 88 3c 00 0a 8f 00
INFO - 27 c4 c8 3c 00 0a 9e 00
INFO - 27 c5 08 3c 00 0a 70 00
INFO - 27 c6 48 3c 00 0a 5f 00
INFO - 27 c8 88 3c 00 0a af 00
INFO - 27 ca c8 3c 00 0a b8 00
INFO - 27 cc 08 3c 00 0a 95 00
INFO - 27 ce 48 3c 00 0a 90 00
INFO - 27 cf 88 3c 00 0a 8c 00
INFO - 27 d1 c8 3c 00 0a 6e 00
INFO - 27 d2 08 3c 00 0a 85 00
INFO - 27 d4 48 3c 00 0a 8f 00
INFO - 27 d6 88 3c 00 0a 8f 00
INFO - 27 d7 c8 3c 00 0a 8f 00
INFO - 27 d9 08 3c 00 0a 9a 00
INFO - 27 da 48 3c 00 0a 86 00
INFO - 27 dc 88 3c 00 0a 8f 00
INFO - 27 de c8 3c 00 0a 8c 00
INFO - 27 df 08 3c 00 0a 93 00
INFO - 27 e1 48 3c 00 0a 9b 00
INFO - 27 e2 88 3c 00 0a 85 00
INFO - 27 e4 c8 3c 00 0a 8f 00
INFO - 27 e6 08 3c 00 0a 90 00
INFO - 27 e8 48 3c 00 0a 9f 00
INFO - 27 eb 88 3c 00 0a d4 00
INFO - 27 ec c8 3c 00 0a 8e 00
INFO - 27 ee 08 3c 00 0a 8f 00
INFO - 27 ef 48 3c 00 0a 8e 00
INFO - 27 f1 88 3c 00 0a 8e 00
INFO - 27 f2 c8 3c 00 0a 8e 00
INFO - 27 f4 08 3c 00 0a 8f 00
INFO - 27 f6 48 3c 00 0a 8e 00
INFO - 27 f7 88 3c 00 0a 8f 00
INFO - 27 f9 c8 3c 00 0a 8f 00
INFO - 27 fa 08 3c 00 0a 8e 00
INFO - 27 fc 48 3c 00 0a 9e 00
INFO - 27 fd 88 3c 00 0a 7f 00
INFO - 27 ff c8 3c 00 0a 9f 00
INFO - 28 01 08 3c 00 0a 7f 00
INFO - 28 02 48 3c 00 0a 9e 00
INFO - 28 04 88 3c 00 0a 8e 00
INFO - 28 06 c8 3c 00 0a 8f 00
INFO - 28 07 08 3c 00 0a 8f 00
INFO - 28 09 48 3c 00 0a 8f 00
INFO - 28 0a 88 3c 00 0a 7f 00
INFO - 28 0c c8 3c 00 0a 9e 00
INFO - 28 0d 08 3c 00 0a 7e 00
INFO - 28 0f 48 3c 00 0a 9e 00
INFO - 28 11 88 3c 00 0a 8f 00
INFO - 28 12 c8 3c 00 0a 8e 00
INFO - 28 14 08 3c 00 0a 8e 00
INFO - 28 15 48 3c 00 0a 8e 00
INFO - 28 17 88 3c 00 0a 8e 00
INFO - 28 18 c8 3c 00 0a 8e 00
INFO - 28 1a 08 3c 00 0a 8e 00
INFO - 28 1b 48 3c 00 0a 8e 00
INFO - 28 1d 88 3c 00 0a 9e 00
INFO - 28 1f c8 3c 00 0a 95 00
INFO - 28 21 08 3c 00 0a 92 00
INFO - 28 22 48 3c 00 0a 80 00
INFO - 28 24 88 3c 00 0a 8c 00
INFO - 28 25 c8 3c 00 0a a1 00
INFO - 28 26 08 3c 00 0a 64 00
INFO - 28 26 48 3c 00 0a 64 00
INFO - 28 26 88 3c 00 0a 64 00
INFO - 28 26 c8 3c 00 0a 64 00
INFO - 28 26 08 3c 00 0a 64 00
INFO - 28 26 48 3c 00 0a 64 00
INFO - 28 26 88 3c 00 0a 64 00
INFO - 28 26 c8 3c 00 0a 64 00
INFO - 28 26 08 3c 00 0a 64 00
INFO - 28 26 48 3c 00 0a 64 00
