INFO - 20 00 aa 3c 00 0a 40 00
INFO - 20 00 ea 3c 00 0a 40 00
INFO - 20 00 2a 3c 00 0a 40 00
INFO - 20 00 6a 3c 00 0a 40 00
INFO - 20 00 aa 3c 00 0a 40 00
INFO - 20 00 ea 3c 00 0a 40 00
INFO - 20 00 2a 3c 00 0a 40 00
INFO - 20 00 6a 3c 00 0a 40 00
INFO - 20 00 aa 3c 00 0a 40 00
INFO - 20 00 ea 3c 00 0a 40 00
INFO - 20 00 2a 3c 00 0a 40 00
INFO - 20 00 6a 3c 00 0a 40 00
INFO - 20 00 aa 3c 00 0a 40 00
INFO - 20 00 ea 3c 00 0a 40 00
INFO - 20 00 2a 3c 00 0a 40 00
INFO - 20 00 6a 3c 00 0a 40 00
INFO - 20 00 aa 3c 00 0a 40 00
INFO - 20 00 ea 3c 00 0a 40 00
INFO - 20 00 2a 3c 00 0a 40 00
INFO - 20 00 6a 3c 00 0a 40 00
INFO - 20 00 aa 3c 00 0a 40 00
INFO - 20 00 ea 3c 00 0a 40 00
INFO - 20 00 2a 3c 00 0a 40 00
INFO - 20 00 6a 3c 00 0a 40 00
INFO - 20 00 aa 3c 00 0a 40 00
INFO - 20 00 ea 3c 00 0a 40 00
INFO - 20 00 2a 3c 00 0a 40 00
INFO - 20 00 6a 3c 00 0a 40 00
INFO - 20 00 aa 3c 00 0a 40 00
INFO - 20 00 ea 3c 00 0a 40 00
