INFO - 20 00 48 3c 00 0a 40 00
INFO - 20 02 88 3c 00 0a a9 00
INFO - 20 05 c8 3c 00 0a 64 00
INFO - 20 06 08 3c 00 0a 63 00
INFO - 20 07 48 3c 00 0a 64 00
INFO - 20 07 88 3c 00 0a 58 00
INFO - 20 07 c8 3c 00 0a 58 00
INFO - 20 07 08 3c 00 0a 58 00
INFO - 20 07 48 3c 00 0a 58 00
INFO - 20 0b 88 3c 00 0a 6a 00
INFO - 20 0b c8 3c 00 0a 6a 00
INFO - 20 0c 08 3c 00 0a 6c 00
INFO - 20 0c 48 3c 00 0a 6c 00
INFO - 20 0c 88 3c 00 0a 6c 00
INFO - 20 0c c8 3c 00 0a 6c 00
INFO - 20 12 08 3c 00 0a 80 00
INFO - 20 12 48 3c 00 0a 80 00
INFO - 20 12 88 3c 00 0a 80 00
INFO - 20 1b c8 3c 00 0a d5 00
INFO - 20 1b 08 3c 00 0a 65 00
INFO - 20 1d 48 3c 00 0a 88 00
INFO - 20 1d 88 3c 00 0a 88 00
INFO - 20 1d c8 3c 00 0a 88 00
INFO - 20 1d 08 3c 00 0a 88 00
INFO - 20 22 48 3c 00 0a 7d 00
INFO - 20 22 88 3c 00 0a 7d 00
INFO - 20 23 c8 3c 00 0a 58 00
INFO - 20 23 08 3c 00 0a 58 00
INFO - 20 23 48 3c 00 0a 58 00
INFO - 20 27 88 3c 00 0a 8e 00
INFO - 20 27 c8 3c 00 0a 8e 00
INFO - 20 29 08 3c 00 0a 6b 00
INFO - 20 29 48 3c 00 0a 6b 00
INFO - 20 2c 88 3c 00 0a 96 00
INFO - 20 2f c8 3c 00 0a af 00
INFO - 20 31 08 3c 00 0a a2 00
INFO - 20 32 48 3c 00 0a 96 00
INFO - 20 34 88 3c 00 0a 96 00
INFO - 20 36 c8 3c 00 0a 8a 00
INFO - 20 37 08 3c 00 0a 96 00
INFO - 20 39 48 3c 00 0a 8b 00
INFO - 20 3b 88 3c 00 0a a2 00
INFO - 20 3c c8 3c 00 0a 71 00
INFO - 20 3d 08 3c 00 0a 8a 00
INFO - 20 3f 48 3c 00 0a 7e 00
INFO - 20 40 88 3c 00 0a 7e 00
INFO - 20 41 c8 3c 00 0a 73 00
INFO - 20 42 08 3c 00 0a 7e 00
INFO - 20 43 48 3c 00 0a 8a 00
INFO - 20 45 88 3c 00 0a 7f 00
INFO - 20 46 c8 3c 00 0a 7f 00
INFO - 20 47 08 3c 00 0a 74 00
INFO - 20 48 48 3c 00 0a 7f 00
INFO - 20 4a 88 3c 00 0a 8a 00
INFO - 20 4b c8 3c 00 0a 7f 00
INFO - 20 4c 08 3c 00 0a 85 00
INFO - 20 4e 48 3c 00 0a 87 00
INFO - 20 4f 88 3c 00 0a 73 00
INFO - 20 50 c8 3c 00 0a 80 00
INFO - 20 51 08 3c 00 0a 7e 00
INFO - 20 53 48 3c 00 0a 78 00
INFO - 20 54 88 3c 00 0a 8c 00
INFO - 20 55 c8 3c 00 0a 81 00
INFO - 20 57 08 3c 00 0a 81 00
INFO - 20 58 48 3c 00 0a 76 00
INFO - 20 59 88 3c 00 0a 81 00
INFO - 20 5b c8 3c 00 0a 8d 00
INFO - 20 5c 08 3c 00 0a 83 00
INFO - 20 5d 48 3c 00 0a 82 00
INFO - 20 5f 88 3c 00 0a 8e 00
INFO - 20 60 c8 3c 00 0a 82 00
INFO - 20 61 08 3c 00 0a 7f 00
INFO - 20 63 48 3c 00 0a 7b 00
INFO - 20 64 88 3c 00 0a 8f 00
INFO - 20 65 c8 3c 00 0a 7e 00
INFO - 20 67 08 3c 00 0a 7e 00
INFO - 20 68 48 3c 00 0a 84 00
INFO - 20 6a 88 3c 00 0a 90 00
INFO - 20 6b c8 3c 00 0a 85 00
INFO - 20 6c 08 3c 00 0a 79 00
INFO - 20 6e 48 3c 00 0a 85 00
INFO - 20 6f 88 3c 00 0a 85 00
INFO - 20 70 c8 3c 00 0a 85 00
INFO - 20 72 08 3c 00 0a 92 00
INFO - 20 73 48 3c 00 0a 86 00
INFO - 20 75 88 3c 00 0a 7b 00
INFO - 20 76 c8 3c 00 0a 87 00
INFO - 20 78 08 3c 00 0a 92 00
INFO - 20 79 48 3c 00 0a 87 00
INFO - 20 7a 88 3c 00 0a 7c 00
INFO - 20 7c c8 3c 00 0a 87 00
INFO - 20 7d 08 3c 00 0a 88 00
INFO - 20 7f 48 3c 00 0a 89 00
INFO - 20 80 88 3c 00 0a 94 00
INFO - 20 82 c8 3c 00 0a 8c 00
INFO - 20 83 08 3c 00 0a 8a 00
INFO - 20 85 48 3c 00 0a 89 00
INFO - 20 86 88 3c 00 0a 94 00
INFO - 20 88 c8 3c 00 0a 7f 00
INFO - 20 89 08 3c 00 0a 8b 00
INFO - 20 8b 48 3c 00 0a 8a 00
INFO - 20 8c 88 3c 00 0a 8b 00
INFO - 20 8e c8 3c 00 0a 95 00
INFO - 20 8f 08 3c 00 0a 87 00
INFO - 20 91 48 3c 00 0a 85 00
INFO - 20 92 88 3c 00 0a 8b 00
INFO - 20 94 c8 3c 00 0a 95 00
INFO - 20 95 08 3c 00 0a 87 00
INFO - 20 97 48 3c 00 0a 87 00
INFO - 20 98 88 3c 00 0a 8c 00
INFO - 20 9a c8 3c 00 0a 8c 00
INFO - 20 9c 08 3c 00 0a 95 00
INFO - 20 9d 48 3c 00 0a 8c 00
INFO - 20 9e 88 3c 00 0a 83 00
INFO - 20 a0 c8 3c 00 0a 8d 00
INFO - 20 a1 08 3c 00 0a 8d 00
INFO - 20 a3 48 3c 00 0a 8d 00
INFO - 20 a4 88 3c 00 0a 89 00
INFO - 20 a6 c8 3c 00 0a 90 00
INFO - 20 a8 08 3c 00 0a 8d 00
INFO - 20 a9 48 3c 00 0a 9e 00
INFO - 20 ab 88 3c 00 0a 7e 00
INFO - 20 ad c8 3c 00 0a 9c 00
INFO - 20 ae 08 3c 00 0a 8e 00
INFO - 20 b0 48 3c 00 0a 8e 00
INFO - 20 b1 88 3c 00 0a 8d 00
INFO - 20 b3 c8 3c 00 0a 8e 00
INFO - 20 b4 08 3c 00 0a 85 00
INFO - 20 b6 48 3c 00 0a 97 00
INFO - 20 b8 88 3c 00 0a 8e 00
INFO - 20 b9 c8 3c 00 0a 8e 00
INFO - 20 bb 08 3c 00 0a 87 00
INFO - 20 bc 48 3c 00 0a 8e 00
INFO - 20 bd 88 3c 00 0a 85 00
INFO - 20 bf c8 3c 00 0a 9e 00
INFO - 20 c1 08 3c 00 0a 7e 00
INFO - 20 c2 48 3c 00 0a 9d 00
INFO - 20 c4 88 3c 00 0a 8e 00
INFO - 20 c6 c8 3c 00 0a 8e 00
INFO - 20 c7 08 3c 00 0a 8e 00
INFO - 20 c9 48 3c 00 0a 8f 00
INFO - 20 ca 88 3c 00 0a 7e 00
INFO - 20 cc c8 3c 00 0a 9e 00
INFO - 20 cd 08 3c 00 0a 6f 00
INFO - 20 ce 48 3c 00 0a 8e 00
INFO - 20 d1 88 3c 00 0a ae 00
INFO - 20 d2 c8 3c 00 0a 8f 00
INFO - 20 d4 08 3c 00 0a 88 00
INFO - 20 d5 48 3c 00 0a 96 00
INFO - 20 d7 88 3c 00 0a 6d 00
INFO - 20 da c8 3c 00 0a 8e 00
INFO - 20 dc 08 3c 00 0a 8f 00
INFO - 20 dd 48 3c 00 0a 8f 00
INFO - 20 df 88 3c 00 0a 88 00
INFO - 20 e0 c8 3c 00 0a 8f 00
INFO - 20 e2 08 3c 00 0a a7 00
INFO - 20 e4 48 3c 00 0a 90 00
INFO - 20 e5 88 3c 00 0a 89 00
INFO - 20 e7 c8 3c 00 0a 98 00
INFO - 20 e8 08 3c 00 0a 80 00
INFO - 20 ea 48 3c 00 0a 91 00
INFO - 20 ec 88 3c 00 0a 91 00
INFO - 20 ed c8 3c 00 0a 8b 00
INFO - 20 ef 08 3c 00 0a 99 00
INFO - 20 f1 48 3c 00 0a 8b 00
INFO - 20 f2 88 3c 00 0a 99 00
INFO - 20 f4 c8 3c 00 0a 92 00
INFO - 20 f6 08 3c 00 0a 9d 00
INFO - 20 f7 48 3c 00 0a 89 00
INFO - 20 f9 88 3c 00 0a 8c 00
INFO - 20 fb c8 3c 00 0a 9b 00
INFO - 20 fd 08 3c 00 0a 9e 00
INFO - 20 fe 48 3c 00 0a 9b 00
INFO - 21 00 88 3c 00 0a 91 00
INFO - 21 02 c8 3c 00 0a 92 00
INFO - 21 03 08 3c 00 0a 9c 00
INFO - 21 05 48 3c 00 0a 8f 00
INFO - 21 07 88 3c 00 0a 9c 00
INFO - 21 08 c8 3c 00 0a 90 00
INFO - 21 0a 08 3c 00 0a 9c 00
INFO - 21 0c 48 3c 00 0a 94 00
INFO - 21 0e 88 3c 00 0a 94 00
INFO - 21 10 c8 3c 00 0a 9d 00
INFO - 21 11 08 3c 00 0a 91 00
INFO - 21 13 48 3c 00 0a 9e 00
INFO - 21 15 88 3c 00 0a 92 00
INFO - 21 17 c8 3c 00 0a 9d 00
INFO - 21 18 08 3c 00 0a 93 00
INFO - 21 1a 48 3c 00 0a 9d 00
INFO - 21 1c 88 3c 00 0a 99 00
INFO - 21 1e c8 3c 00 0a 94 00
INFO - 21 1f 08 3c 00 0a 9e 00
INFO - 21 21 48 3c 00 0a 94 00
INFO - 21 23 88 3c 00 0a 9f 00
INFO - 21 25 c8 3c 00 0a 96 00
INFO - 21 27 08 3c 00 0a 9f 00
INFO - 21 28 48 3c 00 0a 95 00
INFO - 21 2a 88 3c 00 0a 9f 00
INFO - 21 2c c8 3c 00 0a 9b 00
INFO - 21 2e 08 3c 00 0a 99 00
INFO - 21 30 48 3c 00 0a 99 00
INFO - 21 32 88 3c 00 0a 9f 00
INFO - 21 33 c8 3c 00 0a 97 00
INFO - 21 35 08 3c 00 0a 9e 00
INFO - 21 37 48 3c 00 0a aa 00
INFO - 21 39 88 3c 00 0a 9b 00
INFO - 21 3b c8 3c 00 0a 9e 00
INFO - 21 3d 08 3c 00 0a 97 00
INFO - 21 3f 48 3c 00 0a 9a 00
INFO - 21 40 88 3c 00 0a 9d 00
INFO - 21 42 c8 3c 00 0a 97 00
INFO - 21 44 08 3c 00 0a 9a 00
INFO - 21 46 48 3c 00 0a 9a 00
INFO - 21 48 88 3c 00 0a 9a 00
INFO - 21 49 c8 3c 00 0a 99 00
INFO - 21 4b 08 3c 00 0a 9c 00
INFO - 21 4d 48 3c 00 0a 97 00
INFO - 21 4f 88 3c 00 0a 99 00
INFO - 21 51 c8 3c 00 0a 99 00
INFO - 21 52 08 3c 00 0a 98 00
INFO - 21 54 48 3c 00 0a 98 00
INFO - 21 56 88 3c 00 0a 98 00
INFO - 21 58 c8 3c 00 0a 98 00
INFO - 21 59 08 3c 00 0a 98 00
INFO - 21 5b 48 3c 00 0a 98 00
INFO - 21 5d 88 3c 00 0a 98 00
INFO - 21 5f c8 3c 00 0a 98 00
INFO - 21 60 08 3c 00 0a 98 00
INFO - 21 62 48 3c 00 0a 98 00
INFO - 21 64 88 3c 00 0a a9 00
INFO - 21 66 c8 3c 00 0a 87 00
INFO - 21 68 08 3c 00 0a a9 00
INFO - 21 6a 48 3c 00 0a 99 00
INFO - 21 6b 88 3c 00 0a 98 00
INFO - 21 6d c8 3c 00 0a 99 00
INFO - 21 6f 08 3c 00 0a 99 00
INFO - 21 71 48 3c 00 0a 97 00
INFO - 21 73 88 3c 00 0a 9b 00
INFO - 21 74 c8 3c 00 0a 99 00
INFO - 21 76 08 3c 00 0a 9a 00
INFO - 21 78 48 3c 00 0a 88 00
INFO - 21 7a 88 3c 00 0a aa 00
INFO - 21 7c c8 3c 00 0a 9b 00
INFO - 21 7d 08 3c 00 0a 9c 00
INFO - 21 7f 48 3c 00 0a 9a 00
INFO - 21 81 88 3c 00 0a 9b 00
INFO - 21 83 c8 3c 00 0a 9b 00
INFO - 21 85 08 3c 00 0a 9b 00
INFO - 21 87 48 3c 00 0a 99 00
INFO - 21 88 88 3c 00 0a 9e 00
INFO - 21 8a c8 3c 00 0a 9c 00
INFO - 21 8c 08 3c 00 0a 9c 00
INFO - 21 8e 48 3c 00 0a 8a 00
INFO - 21 8f 88 3c 00 0a 9d 00
INFO - 21 92 c8 3c 00 0a c3 00
INFO - 21 94 08 3c 00 0a 9e 00
INFO - 21 96 48 3c 00 0a 9e 00
INFO - 21 98 88 3c 00 0a 9e 00
INFO - 21 9a c8 3c 00 0a 9f 00
INFO - 21 9c 08 3c 00 0a 9f 00
INFO - 21 9d 48 3c 00 0a 9d 00
INFO - 21 9f 88 3c 00 0a a2 00
INFO - 21 a1 c8 3c 00 0a a0 00
INFO - 21 a3 08 3c 00 0a a0 00
INFO - 21 a5 48 3c 00 0a a0 00
INFO - 21 a7 88 3c 00 0a 9e 00
INFO - 21 a9 c8 3c 00 0a b7 00
INFO - 21 ab 08 3c 00 0a 8d 00
INFO - 21 ad 48 3c 00 0a b5 00
INFO - 21 af 88 3c 00 0a a1 00
INFO - 21 b1 c8 3c 00 0a 9f 00
INFO - 21 b3 08 3c 00 0a a5 00
INFO - 21 b5 48 3c 00 0a a3 00
INFO - 21 b7 88 3c 00 0a a2 00
INFO - 21 b9 c8 3c 00 0a a3 00
INFO - 21 bb 08 3c 00 0a a3 00
INFO - 21 bd 48 3c 00 0a a1 00
INFO - 21 bf 88 3c 00 0a a5 00
INFO - 21 c1 c8 3c 00 0a a4 00
INFO - 21 c3 08 3c 00 0a a4 00
INFO - 21 c5 48 3c 00 0a a4 00
INFO - 21 c7 88 3c 00 0a a3 00
INFO - 21 c9 c8 3c 00 0a a6 00
INFO - 21 cb 08 3c 00 0a a5 00
INFO - 21 cd 48 3c 00 0a a3 00
INFO - 21 cf 88 3c 00 0a a7 00
INFO - 21 d1 c8 3c 00 0a a4 00
INFO - 21 d3 08 3c 00 0a a6 00
INFO - 21 d5 48 3c 00 0a a8 00
INFO - 21 d7 88 3c 00 0a a5 00
INFO - 21 d9 c8 3c 00 0a a7 00
INFO - 21 db 08 3c 00 0a a7 00
INFO - 21 de 48 3c 00 0a bc 00
INFO - 21 e0 88 3c 00 0a a8 00
INFO - 21 e2 c8 3c 00 0a a8 00
INFO - 21 e4 08 3c 00 0a aa 00
INFO - 21 e6 48 3c 00 0a a6 00
INFO - 21 e8 88 3c 00 0a a9 00
INFO - 21 ea c8 3c 00 0a a9 00
INFO - 21 ec 08 3c 00 0a 96 00
INFO - 21 ef 48 3c 00 0a bc 00
INFO - 21 f1 88 3c 00 0a a8 00
INFO - 21 f3 c8 3c 00 0a a9 00
INFO - 21 f5 08 3c 00 0a aa 00
INFO - 21 f7 48 3c 00 0a bb 00
INFO - 21 f9 88 3c 00 0a 93 00
INFO - 21 fc c8 3c 00 0a be 00
INFO - 21 fe 08 3c 00 0a a4 00
INFO - 22 00 48 3c 00 0a a7 00
INFO - 22 02 88 3c 00 0a a8 00
INFO - 22 04 c8 3c 00 0a a4 00
INFO - 22 06 08 3c 00 0a a6 00
INFO - 22 08 48 3c 00 0a a5 00
INFO - 22 0a 88 3c 00 0a a8 00
INFO - 22 0c c8 3c 00 0a a3 00
INFO - 22 0e 08 3c 00 0a a5 00
INFO - 22 10 48 3c 00 0a a4 00
INFO - 22 12 88 3c 00 0a a6 00
INFO - 22 14 c8 3c 00 0a a2 00
INFO - 22 16 08 3c 00 0a a4 00
INFO - 22 18 48 3c 00 0a a3 00
INFO - 22 1a 88 3c 00 0a a6 00
INFO - 22 1c c8 3c 00 0a a1 00
INFO - 22 1e 08 3c 00 0a a3 00
INFO - 22 20 48 3c 00 0a a5 00
INFO - 22 22 88 3c 00 0a a0 00
INFO - 22 24 c8 3c 00 0a a3 00
INFO - 22 26 08 3c 00 0a a3 00
INFO - 22 28 48 3c 00 0a b6 00
INFO - 22 2a 88 3c 00 0a a3 00
INFO - 22 2c c8 3c 00 0a a3 00
INFO - 22 2e 08 3c 00 0a a3 00
INFO - 22 30 48 3c 00 0a a3 00
INFO - 22 32 88 3c 00 0a a1 00
INFO - 22 34 c8 3c 00 0a a5 00
INFO - 22 36 08 3c 00 0a a3 00
INFO - 22 38 48 3c 00 0a 72 00
INFO - 22 3a 88 3c 00 0a a4 00
INFO - 22 3c c8 3c 00 0a a4 00
INFO - 22 3e 08 3c 00 0a a4 00
INFO - 22 41 48 3c 00 0a b8 00
INFO - 22 43 88 3c 00 0a a4 00
INFO - 22 45 c8 3c 00 0a a3 00
INFO - 22 47 08 3c 00 0a a7 00
INFO - 22 49 48 3c 00 0a a5 00
INFO - 22 4b 88 3c 00 0a a4 00
INFO - 22 4d c8 3c 00 0a a5 00
INFO - 22 4f 08 3c 00 0a a3 00
INFO - 22 51 48 3c 00 0a a7 00
INFO - 22 53 88 3c 00 0a a6 00
INFO - 22 55 c8 3c 00 0a a3 00
INFO - 22 57 08 3c 00 0a bc 00
INFO - 22 59 48 3c 00 0a a3 00
INFO - 22 5b 88 3c 00 0a a7 00
INFO - 22 5d c8 3c 00 0a 91 00
INFO - 22 5f 08 3c 00 0a b5 00
INFO - 22 61 48 3c 00 0a a6 00
INFO - 22 63 88 3c 00 0a a0 00
INFO - 22 65 c8 3c 00 0a 91 00
INFO - 22 67 08 3c 00 0a b3 00
INFO - 22 69 48 3c 00 0a 90 00
INFO - 22 6b 88 3c 00 0a b2 00
INFO - 22 6b c8 3c 00 0a b2 00
INFO - 22 6e 08 3c 00 0a 84 00
INFO - 22 71 48 3c 00 0a c4 00
INFO - 22 73 88 3c 00 0a b4 00
INFO - 22 75 c8 3c 00 0a 9c 00
INFO - 22 77 08 3c 00 0a a0 00
INFO - 22 79 48 3c 00 0a 9b 00
INFO - 22 7a 88 3c 00 0a 9f 00
INFO - 22 7c c8 3c 00 0a 9d 00
INFO - 22 7e 08 3c 00 0a 9a 00
INFO - 22 80 48 3c 00 0a 9b 00
INFO - 22 82 88 3c 00 0a 9d 00
INFO - 22 84 c8 3c 00 0a 99 00
INFO - 22 86 08 3c 00 0a ad 00
INFO - 22 88 48 3c 00 0a 9c 00
INFO - 22 89 88 3c 00 0a 97 00
INFO - 22 8b c8 3c 00 0a 9c 00
INFO - 22 8d 08 3c 00 0a 96 00
INFO - 22 8f 48 3c 00 0a 99 00
INFO - 22 91 88 3c 00 0a 9b 00
INFO - 22 92 c8 3c 00 0a 95 00
INFO - 22 94 08 3c 00 0a 98 00
INFO - 22 96 48 3c 00 0a 97 00
INFO - 22 98 88 3c 00 0a 9b 00
INFO - 22 99 c8 3c 00 0a 94 00
INFO - 22 9b 08 3c 00 0a 9a 00
INFO - 22 9d 48 3c 00 0a 94 00
INFO - 22 9f 88 3c 00 0a a8 00
INFO - 22 a1 c8 3c 00 0a 96 00
INFO - 22 a2 08 3c 00 0a 9b 00
INFO - 22 a4 48 3c 00 0a 85 00
INFO - 22 a6 88 3c 00 0a a3 00
INFO - 22 a8 c8 3c 00 0a 97 00
INFO - 22 a9 08 3c 00 0a 9b 00
INFO - 22 ab 48 3c 00 0a 92 00
INFO - 22 ad 88 3c 00 0a 97 00
INFO - 22 ae c8 3c 00 0a 8b 00
INFO - 22 b0 08 3c 00 0a a4 00
INFO - 22 b2 48 3c 00 0a 98 00
INFO - 22 b4 88 3c 00 0a 98 00
INFO - 22 b6 c8 3c 00 0a 98 00
INFO - 22 b8 08 3c 00 0a 9f 00
INFO - 22 ba 48 3c 00 0a a4 00
INFO - 22 bb 88 3c 00 0a 9a 00
INFO - 22 bd c8 3c 00 0a 9a 00
INFO - 22 bf 08 3c 00 0a 99 00
INFO - 22 c1 48 3c 00 0a 9a 00
INFO - 22 c2 88 3c 00 0a 99 00
INFO - 22 c4 c8 3c 00 0a 9b 00
INFO - 22 c6 08 3c 00 0a 9b 00
INFO - 22 c8 48 3c 00 0a a1 00
INFO - 22 ca 88 3c 00 0a 9a 00
INFO - 22 cc c8 3c 00 0a 98 00
INFO - 22 ce 08 3c 00 0a 9d 00
INFO - 22 cf 48 3c 00 0a 9d 00
INFO - 22 d1 88 3c 00 0a 9f 00
INFO - 22 d3 c8 3c 00 0a 8b 00
INFO - 22 d5 08 3c 00 0a b3 00
INFO - 22 d7 48 3c 00 0a 9f 00
INFO - 22 d9 88 3c 00 0a a0 00
INFO - 22 db c8 3c 00 0a a1 00
INFO - 22 dd 08 3c 00 0a a1 00
INFO - 22 df 48 3c 00 0a a2 00
INFO - 22 e1 88 3c 00 0a a2 00
INFO - 22 e3 c8 3c 00 0a a2 00
INFO - 22 e5 08 3c 00 0a b8 00
INFO - 22 e7 48 3c 00 0a a4 00
INFO - 22 e9 88 3c 00 0a a3 00
INFO - 22 eb c8 3c 00 0a a6 00
INFO - 22 ed 08 3c 00 0a a4 00
INFO - 22 ef 48 3c 00 0a a7 00
INFO - 22 f1 88 3c 00 0a 9f 00
INFO - 22 f3 c8 3c 00 0a ae 00
INFO - 22 f6 08 3c 00 0a a7 00
INFO - 22 f8 48 3c 00 0a a7 00
INFO - 22 fa 88 3c 00 0a a9 00
INFO - 22 fc c8 3c 00 0a a1 00
INFO - 22 fe 08 3c 00 0a b1 00
INFO - 23 00 48 3c 00 0a c0 00
INFO - 23 02 88 3c 00 0a a2 00
INFO - 23 05 c8 3c 00 0a b3 00
INFO - 23 07 08 3c 00 0a aa 00
INFO - 23 09 48 3c 00 0a ad 00
INFO - 23 0b 88 3c 00 0a a4 00
INFO - 23 0d c8 3c 00 0a b5 00
INFO - 23 0f 08 3c 00 0a a5 00
INFO - 23 12 48 3c 00 0a b6 00
INFO - 23 14 88 3c 00 0a a8 00
INFO - 23 16 c8 3c 00 0a b5 00
INFO - 23 18 08 3c 00 0a a9 00
INFO - 23 1b 48 3c 00 0a b7 00
INFO - 23 1d 88 3c 00 0a c6 00
INFO - 23 20 c8 3c 00 0a 75 00
INFO - 23 22 08 3c 00 0a b1 00
INFO - 23 24 48 3c 00 0a b8 00
INFO - 23 26 88 3c 00 0a 9a 00
INFO - 23 29 c8 3c 00 0a c3 00
INFO - 23 2b 08 3c 00 0a b8 00
INFO - 23 2d 48 3c 00 0a b4 00
INFO - 23 30 88 3c 00 0a ab 00
INFO - 23 32 c8 3c 00 0a b5 00
INFO - 23 34 08 3c 00 0a 9c 00
INFO - 23 37 48 3c 00 0a cb 00
INFO - 23 39 88 3c 00 0a ba 00
INFO - 23 3b c8 3c 00 0a af 00
INFO - 23 3e 08 3c 00 0a cc 00
INFO - 23 40 48 3c 00 0a b4 00
INFO - 23 43 88 3c 00 0a be 00
INFO - 23 45 c8 3c 00 0a ad 00
INFO - 23 47 08 3c 00 0a 8f 00
INFO - 23 49 48 3c 00 0a ae 00
INFO - 23 4c 88 3c 00 0a e5 00
INFO - 23 4f c8 3c 00 0a b8 00
INFO - 23 51 08 3c 00 0a bd 00
INFO - 23 53 48 3c 00 0a af 00
INFO - 23 56 88 3c 00 0a b8 00
INFO - 23 58 c8 3c 00 0a b6 00
INFO - 23 5b 08 3c 00 0a c3 00
INFO - 23 5d 48 3c 00 0a ad 00
INFO - 23 60 88 3c 00 0a d0 00
INFO - 23 62 c8 3c 00 0a b7 00
INFO - 23 65 08 3c 00 0a c0 00
INFO - 23 67 48 3c 00 0a af 00
INFO - 23 6a 88 3c 00 0a b9 00
INFO - 23 6c c8 3c 00 0a b7 00
INFO - 23 6e 08 3c 00 0a a1 00
INFO - 23 71 48 3c 00 0a d7 00
INFO - 23 73 88 3c 00 0a b2 00
INFO - 23 76 c8 3c 00 0a b8 00
INFO - 23 78 08 3c 00 0a b7 00
INFO - 23 7a 48 3c 00 0a ba 00
INFO - 23 7d 88 3c 00 0a d0 00
INFO - 23 80 c8 3c 00 0a b9 00
INFO - 23 82 08 3c 00 0a ba 00
INFO - 23 85 48 3c 00 0a b8 00
INFO - 23 87 88 3c 00 0a b9 00
INFO - 23 8a c8 3c 00 0a ba 00
INFO - 23 8c 08 3c 00 0a b9 00
INFO - 23 8e 48 3c 00 0a b8 00
INFO - 23 91 88 3c 00 0a b9 00
INFO - 23 93 c8 3c 00 0a bb 00
INFO - 23 96 08 3c 00 0a b9 00
INFO - 23 98 48 3c 00 0a b8 00
INFO - 23 9b 88 3c 00 0a d2 00
INFO - 23 9d c8 3c 00 0a bb 00
INFO - 23 a0 08 3c 00 0a b3 00
INFO - 23 a2 48 3c 00 0a c0 00
INFO - 23 a5 88 3c 00 0a b9 00
INFO - 23 a7 c8 3c 00 0a bb 00
INFO - 23 aa 08 3c 00 0a b8 00
INFO - 23 ac 48 3c 00 0a b2 00
INFO - 23 af 88 3c 00 0a c3 00
INFO - 23 b1 c8 3c 00 0a b8 00
INFO - 23 b3 08 3c 00 0a bb 00
INFO - 23 b6 48 3c 00 0a b1 00
INFO - 23 b9 88 3c 00 0a db 00
INFO - 23 bb c8 3c 00 0a a0 00
INFO - 23 be 08 3c 00 0a d3 00
INFO - 23 c0 48 3c 00 0a b1 00
INFO - 23 c3 88 3c 00 0a c1 00
INFO - 23 c5 c8 3c 00 0a a2 00
INFO - 23 c7 08 3c 00 0a d0 00
INFO - 23 ca 48 3c 00 0a ba 00
INFO - 23 cc 88 3c 00 0a b0 00
INFO - 23 cf c8 3c 00 0a c0 00
INFO - 23 d2 08 3c 00 0a d2 00
INFO - 23 d4 48 3c 00 0a b0 00
INFO - 23 d6 88 3c 00 0a bf 00
INFO - 23 d9 c8 3c 00 0a b8 00
INFO - 23 db 08 3c 00 0a b1 00
INFO - 23 de 48 3c 00 0a b7 00
INFO - 23 e0 88 3c 00 0a bf 00
INFO - 23 e2 c8 3c 00 0a b0 00
INFO - 23 e5 08 3c 00 0a c0 00
INFO - 23 e7 48 3c 00 0a 7b 00
INFO - 23 ea 88 3c 00 0a b8 00
INFO - 23 ec c8 3c 00 0a ae 00
INFO - 23 ef 08 3c 00 0a d5 00
INFO - 23 f1 48 3c 00 0a b0 00
INFO - 23 f3 88 3c 00 0a b4 00
INFO - 23 f6 c8 3c 00 0a be 00
INFO - 23 f8 08 3c 00 0a ac 00
INFO - 23 fb 48 3c 00 0a bc 00
INFO - 23 fd 88 3c 00 0a af 00
INFO - 23 ff c8 3c 00 0a b3 00
INFO - 24 02 08 3c 00 0a b3 00
INFO - 24 04 48 3c 00 0a b3 00
INFO - 24 06 88 3c 00 0a bc 00
INFO - 24 08 c8 3c 00 0a a9 00
INFO - 24 0b 08 3c 00 0a c9 00
INFO - 24 0d 48 3c 00 0a b2 00
INFO - 24 10 88 3c 00 0a ba 00
INFO - 24 12 c8 3c 00 0a a9 00
INFO - 24 14 08 3c 00 0a b0 00
INFO - 24 17 48 3c 00 0a c8 00
INFO - 24 19 88 3c 00 0a ae 00
INFO - 24 1b c8 3c 00 0a af 00
INFO - 24 1e 08 3c 00 0a b0 00
INFO - 24 20 48 3c 00 0a ad 00
INFO - 24 22 88 3c 00 0a ae 00
INFO - 24 24 c8 3c 00 0a b5 00
INFO - 24 27 08 3c 00 0a a6 00
INFO - 24 29 48 3c 00 0a c3 00
INFO - 24 2b 88 3c 00 0a ab 00
INFO - 24 2e c8 3c 00 0a b3 00
INFO - 24 30 08 3c 00 0a a4 00
INFO - 24 32 48 3c 00 0a ab 00
INFO - 24 34 88 3c 00 0a aa 00
INFO - 24 36 c8 3c 00 0a ab 00
INFO - 24 38 08 3c 00 0a a8 00
INFO - 24 3a 48 3c 00 0a a9 00
INFO - 24 3d 88 3c 00 0a bd 00
INFO - 24 3f c8 3c 00 0a a8 00
INFO - 24 41 08 3c 00 0a a7 00
INFO - 24 43 48 3c 00 0a a8 00
INFO - 24 45 88 3c 00 0a a5 00
INFO - 24 47 c8 3c 00 0a a6 00
INFO - 24 49 08 3c 00 0a 91 00
INFO - 24 4a 48 3c 00 0a 7c 00
INFO - 24 4d 88 3c 00 0a e1 00
INFO - 24 50 c8 3c 00 0a b8 00
INFO - 24 52 08 3c 00 0a a3 00
INFO - 24 54 48 3c 00 0a a3 00
INFO - 24 56 88 3c 00 0a a2 00
INFO - 24 58 c8 3c 00 0a a2 00
INFO - 24 59 08 3c 00 0a a1 00
INFO - 24 5b 48 3c 00 0a a2 00
INFO - 24 5d 88 3c 00 0a 9a 00
INFO - 24 60 c8 3c 00 0a b8 00
INFO - 24 62 08 3c 00 0a 9f 00
INFO - 24 63 48 3c 00 0a 9e 00
INFO - 24 65 88 3c 00 0a 6f 00
INFO - 24 67 c8 3c 00 0a 9d 00
INFO - 24 69 08 3c 00 0a 9d 00
INFO - 24 6b 48 3c 00 0a 9c 00
INFO - 24 6d 88 3c 00 0a 9c 00
INFO - 24 6e c8 3c 00 0a 94 00
INFO - 24 70 08 3c 00 0a a2 00
INFO - 24 72 48 3c 00 0a 9c 00
INFO - 24 74 88 3c 00 0a 99 00
INFO - 24 76 c8 3c 00 0a 99 00
INFO - 24 78 08 3c 00 0a ab 00
INFO - 24 7a 48 3c 00 0a 98 00
INFO - 24 7b 88 3c 00 0a 90 00
INFO - 24 7d c8 3c 00 0a 9f 00
INFO - 24 7f 08 3c 00 0a 97 00
INFO - 24 81 48 3c 00 0a 97 00
INFO - 24 82 88 3c 00 0a 8f 00
INFO - 24 84 c8 3c 00 0a 9d 00
INFO - 24 86 08 3c 00 0a a6 00
INFO - 24 88 48 3c 00 0a 8d 00
INFO - 24 8a 88 3c 00 0a 9d 00
INFO - 24 8b c8 3c 00 0a 83 00
INFO - 24 8d 08 3c 00 0a a3 00
INFO - 24 8f 48 3c 00 0a 8d 00
INFO - 24 90 88 3c 00 0a 9b 00
INFO - 24 92 c8 3c 00 0a 8b 00
INFO - 24 94 08 3c 00 0a ab 00
INFO - 24 95 48 3c 00 0a 82 00
INFO - 24 97 88 3c 00 0a 9b 00
INFO - 24 99 c8 3c 00 0a 91 00
INFO - 24 9b 08 3c 00 0a 9a 00
INFO - 24 9c 48 3c 00 0a 8f 00
INFO - 24 9e 88 3c 00 0a 8a 00
INFO - 24 a0 c8 3c 00 0a a1 00
INFO - 24 a1 08 3c 00 0a 98 00
INFO - 24 a3 48 3c 00 0a 90 00
INFO - 24 a5 88 3c 00 0a 89 00
INFO - 24 a6 c8 3c 00 0a 90 00
INFO - 24 a8 08 3c 00 0a 97 00
INFO - 24 a9 48 3c 00 0a 88 00
INFO - 24 ab 88 3c 00 0a 90 00
INFO - 24 ad c8 3c 00 0a 97 00
INFO - 24 ae 08 3c 00 0a 88 00
INFO - 24 b0 48 3c 00 0a 90 00
INFO - 24 b2 88 3c 00 0a 96 00
INFO - 24 b3 c8 3c 00 0a 98 00
INFO - 24 b5 08 3c 00 0a 90 00
INFO - 24 b7 48 3c 00 0a 97 00
INFO - 24 b8 88 3c 00 0a 89 00
INFO - 24 ba c8 3c 00 0a 90 00
INFO - 24 bb 08 3c 00 0a 97 00
INFO - 24 bd 48 3c 00 0a 90 00
INFO - 24 bf 88 3c 00 0a 9a 00
INFO - 24 c1 c8 3c 00 0a 98 00
INFO - 24 c2 08 3c 00 0a 8a 00
INFO - 24 c4 48 3c 00 0a 91 00
INFO - 24 c6 88 3c 00 0a 6d 00
INFO - 24 c7 c8 3c 00 0a 9b 00
INFO - 24 c9 08 3c 00 0a 92 00
INFO - 24 cb 48 3c 00 0a 99 00
INFO - 24 cc 88 3c 00 0a 7b 00
INFO - 24 ce c8 3c 00 0a a3 00
INFO - 24 d0 08 3c 00 0a 9a 00
INFO - 24 d1 48 3c 00 0a 8c 00
INFO - 24 d3 88 3c 00 0a 93 00
INFO - 24 d5 c8 3c 00 0a 9a 00
INFO - 24 d6 08 3c 00 0a 8c 00
INFO - 24 d8 48 3c 00 0a 94 00
INFO - 24 da 88 3c 00 0a 91 00
INFO - 24 dc c8 3c 00 0a a6 00
INFO - 24 de 08 3c 00 0a 9a 00
INFO - 24 df 48 3c 00 0a 8d 00
INFO - 24 e1 88 3c 00 0a 93 00
INFO - 24 e2 c8 3c 00 0a 94 00
INFO - 24 e4 08 3c 00 0a 94 00
INFO - 24 e6 48 3c 00 0a 93 00
INFO - 24 e7 88 3c 00 0a 94 00
INFO - 24 e9 c8 3c 00 0a a4 00
INFO - 24 eb 08 3c 00 0a 94 00
INFO - 24 ed 48 3c 00 0a 94 00
INFO - 24 ee 88 3c 00 0a 71 00
INFO - 24 f0 c8 3c 00 0a b7 00
INFO - 24 f2 08 3c 00 0a 94 00
INFO - 24 f4 48 3c 00 0a a5 00
INFO - 24 f6 88 3c 00 0a 94 00
INFO - 24 f7 c8 3c 00 0a 94 00
INFO - 24 f9 08 3c 00 0a 94 00
INFO - 24 fb 48 3c 00 0a 94 00
INFO - 24 fc 88 3c 00 0a 94 00
INFO - 24 fe c8 3c 00 0a 94 00
INFO - 25 00 08 3c 00 0a 94 00
INFO - 25 01 48 3c 00 0a 94 00
INFO - 25 03 88 3c 00 0a 94 00
INFO - 25 05 c8 3c 00 0a 94 00
INFO - 25 07 08 3c 00 0a 94 00
INFO - 25 08 48 3c 00 0a 83 00
INFO - 25 08 88 3c 00 0a 83 00
INFO - 25 0a c8 3c 00 0a 7b 00
INFO - 25 0d 08 3c 00 0a b6 00
INFO - 25 0f 48 3c 00 0a b6 00
INFO - 25 11 88 3c 00 0a a6 00
INFO - 25 13 c8 3c 00 0a 95 00
INFO - 25 15 08 3c 00 0a a6 00
INFO - 25 17 48 3c 00 0a 95 00
INFO - 25 18 88 3c 00 0a 95 00
INFO - 25 1a c8 3c 00 0a 94 00
INFO - 25 1c 08 3c 00 0a 95 00
INFO - 25 1d 48 3c 00 0a 8e 00
INFO - 25 1f 88 3c 00 0a ad 00
INFO - 25 21 c8 3c 00 0a 84 00
INFO - 25 23 08 3c 00 0a 73 00
INFO - 25 25 48 3c 00 0a 94 00
INFO - 25 26 88 3c 00 0a 95 00
INFO - 25 28 c8 3c 00 0a 93 00
INFO - 25 29 08 3c 00 0a 90 00
INFO - 25 2b 48 3c 00 0a 9c 00
INFO - 25 2d 88 3c 00 0a 95 00
INFO - 25 2f c8 3c 00 0a 94 00
INFO - 25 30 08 3c 00 0a 95 00
INFO - 25 32 48 3c 00 0a a4 00
INFO - 25 34 88 3c 00 0a 8f 00
INFO - 25 36 c8 3c 00 0a 9c 00
INFO - 25 38 08 3c 00 0a 94 00
INFO - 25 39 48 3c 00 0a 95 00
INFO - 25 3b 88 3c 00 0a 95 00
INFO - 25 3d c8 3c 00 0a a4 00
INFO - 25 3f 08 3c 00 0a 8f 00
INFO - 25 40 48 3c 00 0a 9b 00
INFO - 25 42 88 3c 00 0a 94 00
INFO - 25 44 c8 3c 00 0a 94 00
INFO - 25 46 08 3c 00 0a 93 00
INFO - 25 47 48 3c 00 0a 8f 00
INFO - 25 49 88 3c 00 0a 95 00
INFO - 25 4b c8 3c 00 0a ac 00
INFO - 25 4c 08 3c 00 0a 84 00
INFO - 25 4e 48 3c 00 0a a1 00
INFO - 25 50 88 3c 00 0a 91 00
INFO - 25 52 c8 3c 00 0a 9b 00
INFO - 25 53 08 3c 00 0a 8b 00
INFO - 25 55 48 3c 00 0a 96 00
INFO - 25 57 88 3c 00 0a 94 00
INFO - 25 59 c8 3c 00 0a 9b 00
INFO - 25 5a 08 3c 00 0a 8b 00
INFO - 25 5c 48 3c 00 0a 96 00
INFO - 25 5e 88 3c 00 0a 99 00
INFO - 25 5f c8 3c 00 0a 9f 00
INFO - 25 61 08 3c 00 0a 9b 00
INFO - 25 63 48 3c 00 0a 92 00
INFO - 25 65 88 3c 00 0a 8d 00
INFO - 25 66 c8 3c 00 0a 9d 00
INFO - 25 68 08 3c 00 0a 8c 00
INFO - 25 6a 48 3c 00 0a 92 00
INFO - 25 6b 88 3c 00 0a 9d 00
INFO - 25 6d c8 3c 00 0a 8c 00
INFO - 25 6f 08 3c 00 0a 94 00
INFO - 25 70 48 3c 00 0a 91 00
INFO - 25 72 88 3c 00 0a 9d 00
INFO - 25 74 c8 3c 00 0a 9c 00
INFO - 25 75 08 3c 00 0a 81 00
INFO - 25 77 48 3c 00 0a ad 00
INFO - 25 79 88 3c 00 0a 8b 00
INFO - 25 7b c8 3c 00 0a 93 00
INFO - 25 7c 08 3c 00 0a 91 00
INFO - 25 7e 48 3c 00 0a 9c 00
INFO - 25 80 88 3c 00 0a 8b 00
INFO - 25 81 c8 3c 00 0a 90 00
INFO - 25 83 08 3c 00 0a 9c 00
INFO - 25 85 48 3c 00 0a 92 00
INFO - 25 86 88 3c 00 0a 7a 00
INFO - 25 88 c8 3c 00 0a b1 00
INFO - 25 8a 08 3c 00 0a 94 00
INFO - 25 8c 48 3c 00 0a 99 00
INFO - 25 8d 88 3c 00 0a 8b 00
INFO - 25 8f c8 3c 00 0a 92 00
INFO - 25 90 08 3c 00 0a 90 00
INFO - 25 92 48 3c 00 0a 94 00
INFO - 25 94 88 3c 00 0a 90 00
INFO - 25 95 c8 3c 00 0a 6a 00
INFO - 25 97 08 3c 00 0a 90 00
INFO - 25 99 48 3c 00 0a 91 00
INFO - 25 9a 88 3c 00 0a 93 00
INFO - 25 9c c8 3c 00 0a 92 00
INFO - 25 9e 08 3c 00 0a a7 00
INFO - 25 9f 48 3c 00 0a 8c 00
INFO - 25 a1 88 3c 00 0a 8f 00
INFO - 25 a3 c8 3c 00 0a 91 00
INFO - 25 a4 08 3c 00 0a 93 00
INFO - 25 a6 48 3c 00 0a 8f 00
INFO - 25 a8 88 3c 00 0a 93 00
INFO - 25 a9 c8 3c 00 0a 8f 00
INFO - 25 ab 08 3c 00 0a 90 00
INFO - 25 ac 48 3c 00 0a 93 00
INFO - 25 ae 88 3c 00 0a 90 00
INFO - 25 b0 c8 3c 00 0a 8f 00
INFO - 25 b2 08 3c 00 0a a2 00
INFO - 25 b3 48 3c 00 0a 86 00
INFO - 25 b5 88 3c 00 0a 9b 00
INFO - 25 b6 c8 3c 00 0a 7f 00
INFO - 25 b8 08 3c 00 0a a0 00
INFO - 25 ba 48 3c 00 0a 8e 00
INFO - 25 bb 88 3c 00 0a 91 00
INFO - 25 bd c8 3c 00 0a 90 00
INFO - 25 be 08 3c 00 0a 8d 00
INFO - 25 c0 48 3c 00 0a 91 00
INFO - 25 c2 88 3c 00 0a 8d 00
INFO - 25 c3 c8 3c 00 0a 91 00
INFO - 25 c4 08 3c 00 0a 50 00
INFO - 25 c6 48 3c 00 0a af 00
INFO - 25 c8 88 3c 00 0a ad 00
INFO - 25 ca c8 3c 00 0a a0 00
INFO - 25 cb 08 3c 00 0a 8d 00
INFO - 25 cd 48 3c 00 0a 91 00
INFO - 25 cf 88 3c 00 0a 8f 00
INFO - 25 d0 c8 3c 00 0a 8d 00
INFO - 25 d2 08 3c 00 0a 91 00
INFO - 25 d3 48 3c 00 0a 8c 00
INFO - 25 d5 88 3c 00 0a 8e 00
INFO - 25 d6 c8 3c 00 0a 8e 00
INFO - 25 d8 08 3c 00 0a 99 00
INFO - 25 da 48 3c 00 0a 94 00
INFO - 25 dc 88 3c 00 0a 90 00
INFO - 25 dd c8 3c 00 0a 8c 00
INFO - 25 df 08 3c 00 0a 8e 00
INFO - 25 e0 48 3c 00 0a 8f 00
INFO - 25 e2 88 3c 00 0a 8c 00
INFO - 25 e3 c8 3c 00 0a 8e 00
INFO - 25 e5 08 3c 00 0a 8f 00
INFO - 25 e6 48 3c 00 0a 8d 00
INFO - 25 e8 88 3c 00 0a 84 00
INFO - 25 ea c8 3c 00 0a 97 00
INFO - 25 eb 08 3c 00 0a 9b 00
INFO - 25 ed 48 3c 00 0a 86 00
INFO - 25 ee 88 3c 00 0a 8d 00
INFO - 25 f0 c8 3c 00 0a 96 00
INFO - 25 f1 08 3c 00 0a 84 00
INFO - 25 f3 48 3c 00 0a 96 00
INFO - 25 f5 88 3c 00 0a 8d 00
INFO - 25 f6 c8 3c 00 0a 8b 00
INFO - 25 f8 08 3c 00 0a 85 00
INFO - 25 f9 48 3c 00 0a 96 00
INFO - 25 fb 88 3c 00 0a 86 00
INFO - 25 fc c8 3c 00 0a 8a 00
INFO - 25 fe 08 3c 00 0a 94 00
INFO - 26 00 48 3c 00 0a 9e 00
INFO - 26 01 88 3c 00 0a 83 00
INFO - 26 03 c8 3c 00 0a 95 00
INFO - 26 04 08 3c 00 0a 8c 00
INFO - 26 06 48 3c 00 0a 83 00
INFO - 26 07 88 3c 00 0a 94 00
INFO - 26 09 c8 3c 00 0a 8e 00
INFO - 26 0b 08 3c 00 0a 8c 00
INFO - 26 0c 48 3c 00 0a 82 00
INFO - 26 0e 88 3c 00 0a 95 00
INFO - 26 0f c8 3c 00 0a 82 00
INFO - 26 10 08 3c 00 0a 8b 00
INFO - 26 12 48 3c 00 0a a4 00
INFO - 26 14 88 3c 00 0a 7a 00
INFO - 26 15 c8 3c 00 0a 6b 00
INFO - 26 17 08 3c 00 0a 90 00
INFO - 26 18 48 3c 00 0a 8b 00
INFO - 26 1a 88 3c 00 0a 8b 00
INFO - 26 1b c8 3c 00 0a 86 00
INFO - 26 1d 08 3c 00 0a 90 00
INFO - 26 1e 48 3c 00 0a 8b 00
INFO - 26 20 88 3c 00 0a 86 00
INFO - 26 21 c8 3c 00 0a 8f 00
INFO - 26 23 08 3c 00 0a 99 00
INFO - 26 25 48 3c 00 0a 8a 00
INFO - 26 26 88 3c 00 0a 85 00
INFO - 26 28 c8 3c 00 0a 8f 00
INFO - 26 29 08 3c 00 0a 83 00
INFO - 26 2a 48 3c 00 0a 8a 00
INFO - 26 2c 88 3c 00 0a 93 00
INFO - 26 2e c8 3c 00 0a 88 00
INFO - 26 2f 08 3c 00 0a 85 00
INFO - 26 30 48 3c 00 0a 8a 00
INFO - 26 32 88 3c 00 0a 96 00
INFO - 26 34 c8 3c 00 0a 91 00
INFO - 26 35 08 3c 00 0a 82 00
INFO - 26 37 48 3c 00 0a 89 00
INFO - 26 38 88 3c 00 0a 89 00
INFO - 26 3a c8 3c 00 0a 8b 00
INFO - 26 3b 08 3c 00 0a 87 00
INFO - 26 3d 48 3c 00 0a 89 00
INFO - 26 3e 88 3c 00 0a 90 00
INFO - 26 40 c8 3c 00 0a 90 00
INFO - 26 41 08 3c 00 0a 89 00
INFO - 26 43 48 3c 00 0a 89 00
INFO - 26 44 88 3c 00 0a 89 00
INFO - 26 46 c8 3c 00 0a 92 00
INFO - 26 47 08 3c 00 0a 7f 00
INFO - 26 49 48 3c 00 0a 89 00
INFO - 26 4a 88 3c 00 0a 97 00
INFO - 26 4c c8 3c 00 0a 89 00
INFO - 26 4d 08 3c 00 0a 89 00
INFO - 26 4e 48 3c 00 0a 7a 00
INFO - 26 50 88 3c 00 0a a1 00
INFO - 26 52 c8 3c 00 0a 7f 00
INFO - 26 53 08 3c 00 0a 89 00
INFO - 26 54 48 3c 00 0a 89 00
INFO - 26 56 88 3c 00 0a 89 00
INFO - 26 57 c8 3c 00 0a 89 00
INFO - 26 59 08 3c 00 0a 92 00
INFO - 26 5b 48 3c 00 0a 88 00
INFO - 26 5c 88 3c 00 0a 8d 00
INFO - 26 5d c8 3c 00 0a 7a 00
INFO - 26 5f 08 3c 00 0a 89 00
INFO - 26 60 48 3c 00 0a 88 00
INFO - 26 62 88 3c 00 0a 9f 00
INFO - 26 63 c8 3c 00 0a 83 00
INFO - 26 65 08 3c 00 0a 86 00
INFO - 26 66 48 3c 00 0a 89 00
INFO - 26 68 88 3c 00 0a 89 00
INFO - 26 69 c8 3c 00 0a 89 00
INFO - 26 6a 08 3c 00 0a 7a 00
INFO - 26 6a 48 3c 00 0a 7a 00
INFO - 26 6d 88 3c 00 0a 77 00
INFO - 26 6e c8 3c 00 0a 9e 00
INFO - 26 71 08 3c 00 0a a6 00
INFO - 26 72 48 3c 00 0a 99 00
INFO - 26 74 88 3c 00 0a 87 00
INFO - 26 75 c8 3c 00 0a 89 00
INFO - 26 77 08 3c 00 0a 93 00
INFO - 26 78 48 3c 00 0a 89 00
INFO - 26 79 88 3c 00 0a 79 00
INFO - 26 7b c8 3c 00 0a 68 00
INFO - 26 7d 08 3c 00 0a 89 00
INFO - 26 7e 48 3c 00 0a 89 00
INFO - 26 80 88 3c 00 0a 98 00
INFO - 26 81 c8 3c 00 0a 89 00
INFO - 26 83 08 3c 00 0a 8b 00
INFO - 26 84 48 3c 00 0a 89 00
INFO - 26 86 88 3c 00 0a 87 00
INFO - 26 87 c8 3c 00 0a 89 00
INFO - 26 89 08 3c 00 0a 89 00
INFO - 26 8a 48 3c 00 0a 89 00
INFO - 26 8c 88 3c 00 0a 91 00
INFO - 26 8d c8 3c 00 0a 91 00
INFO - 26 8f 08 3c 00 0a 8a 00
INFO - 26 90 48 3c 00 0a 89 00
INFO - 26 92 88 3c 00 0a 8a 00
INFO - 26 93 c8 3c 00 0a 89 00
INFO - 26 95 08 3c 00 0a 83 00
INFO - 26 96 48 3c 00 0a 8a 00
INFO - 26 98 88 3c 00 0a 91 00
INFO - 26 9a c8 3c 00 0a 99 00
INFO - 26 9b 08 3c 00 0a 8a 00
INFO - 26 9c 48 3c 00 0a 8a 00
INFO - 26 9e 88 3c 00 0a 86 00
INFO - 26 9f c8 3c 00 0a 8f 00
INFO - 26 a1 08 3c 00 0a 8a 00
INFO - 26 a2 48 3c 00 0a 8a 00
INFO - 26 a4 88 3c 00 0a 8a 00
INFO - 26 a5 c8 3c 00 0a 8a 00
INFO - 26 a7 08 3c 00 0a 83 00
INFO - 26 a9 48 3c 00 0a a1 00
INFO - 26 aa 88 3c 00 0a 7c 00
INFO - 26 ac c8 3c 00 0a 99 00
INFO - 26 ad 08 3c 00 0a 8d 00
INFO - 26 af 48 3c 00 0a 83 00
INFO - 26 b0 88 3c 00 0a 89 00
INFO - 26 b2 c8 3c 00 0a 92 00
INFO - 26 b3 08 3c 00 0a 8b 00
INFO - 26 b5 48 3c 00 0a 8b 00
INFO - 26 b6 88 3c 00 0a 7c 00
INFO - 26 b8 c8 3c 00 0a 93 00
INFO - 26 b9 08 3c 00 0a 92 00
INFO - 26 bb 48 3c 00 0a 84 00
INFO - 26 bc 88 3c 00 0a 99 00
INFO - 26 be c8 3c 00 0a 92 00
INFO - 26 c0 08 3c 00 0a 8b 00
INFO - 26 c1 48 3c 00 0a 84 00
INFO - 26 c2 88 3c 00 0a 8b 00
INFO - 26 c4 c8 3c 00 0a 94 00
INFO - 26 c5 08 3c 00 0a 82 00
INFO - 26 c7 48 3c 00 0a 9f 00
INFO - 26 c9 88 3c 00 0a 90 00
INFO - 26 ca c8 3c 00 0a 8b 00
INFO - 26 cc 08 3c 00 0a 82 00
INFO - 26 cd 48 3c 00 0a 92 00
INFO - 26 cf 88 3c 00 0a 81 00
INFO - 26 d0 c8 3c 00 0a 8c 00
INFO - 26 d2 08 3c 00 0a 95 00
INFO - 26 d4 48 3c 00 0a 93 00
INFO - 26 d5 88 3c 00 0a 93 00
INFO - 26 d7 c8 3c 00 0a 84 00
INFO - 26 d8 08 3c 00 0a 8c 00
INFO - 26 da 48 3c 00 0a 93 00
INFO - 26 db 88 3c 00 0a 62 00
INFO - 26 dd c8 3c 00 0a 93 00
INFO - 26 de 08 3c 00 0a 8b 00
INFO - 26 e0 48 3c 00 0a 85 00
INFO - 26 e1 88 3c 00 0a 90 00
INFO - 26 e3 c8 3c 00 0a 99 00
INFO - 26 e5 08 3c 00 0a 8c 00
INFO - 26 e6 48 3c 00 0a 90 00
INFO - 26 e8 88 3c 00 0a 86 00
INFO - 26 e9 c8 3c 00 0a 93 00
INFO - 26 eb 08 3c 00 0a 85 00
INFO - 26 ec 48 3c 00 0a 8c 00
INFO - 26 ee 88 3c 00 0a 93 00
INFO - 26 ef c8 3c 00 0a 85 00
INFO - 26 f1 08 3c 00 0a 8c 00
INFO - 26 f2 48 3c 00 0a 8c 00
INFO - 26 f4 88 3c 00 0a 93 00
INFO - 26 f5 c8 3c 00 0a 85 00
INFO - 26 f7 08 3c 00 0a 89 00
INFO - 26 f9 48 3c 00 0a 96 00
INFO - 26 fa 88 3c 00 0a 8c 00
INFO - 26 fc c8 3c 00 0a 85 00
INFO - 26 fd 08 3c 00 0a 8c 00
INFO - 26 ff 48 3c 00 0a 91 00
INFO - 27 00 88 3c 00 0a 8c 00
INFO - 27 02 c8 3c 00 0a 87 00
INFO - 27 03 08 3c 00 0a 8c 00
INFO - 27 05 48 3c 00 0a 8c 00
INFO - 27 06 88 3c 00 0a 8c 00
INFO - 27 08 c8 3c 00 0a 93 00
INFO - 27 0a 08 3c 00 0a 92 00
INFO - 27 0b 48 3c 00 0a 7f 00
INFO - 27 0d 88 3c 00 0a a3 00
INFO - 27 0e c8 3c 00 0a 8c 00
INFO - 27 10 08 3c 00 0a 85 00
INFO - 27 11 48 3c 00 0a 7a 00
INFO - 27 11 88 3c 00 0a 7a 00
INFO - 27 13 c8 3c 00 0a 77 00
INFO - 27 15 08 3c 00 0a b2 00
INFO - 27 17 48 3c 00 0a a4 00
INFO - 27 19 88 3c 00 0a 8a 00
INFO - 27 1b c8 3c 00 0a 97 00
INFO - 27 1c 08 3c 00 0a 8d 00
INFO - 27 1e 48 3c 00 0a 85 00
INFO - 27 1f 88 3c 00 0a 8d 00
INFO - 27 21 c8 3c 00 0a 8d 00
INFO - 27 22 08 3c 00 0a 8d 00
INFO - 27 24 48 3c 00 0a 8d 00
INFO - 27 25 88 3c 00 0a 92 00
INFO - 27 27 c8 3c 00 0a 88 00
INFO - 27 28 08 3c 00 0a 8d 00
INFO - 27 2a 48 3c 00 0a 8d 00
INFO - 27 2b 88 3c 00 0a 8d 00
INFO - 27 2d c8 3c 00 0a 8d 00
INFO - 27 2e 08 3c 00 0a 8b 00
INFO - 27 30 48 3c 00 0a 8d 00
INFO - 27 32 88 3c 00 0a a7 00
INFO - 27 34 c8 3c 00 0a 86 00
INFO - 27 35 08 3c 00 0a 8d 00
INFO - 27 37 48 3c 00 0a 8d 00
INFO - 27 38 88 3c 00 0a 8e 00
INFO - 27 3a c8 3c 00 0a 8d 00
INFO - 27 3b 08 3c 00 0a 93 00
INFO - 27 3d 48 3c 00 0a 88 00
INFO - 27 3e 88 3c 00 0a 8e 00
INFO - 27 40 c8 3c 00 0a 8d 00
INFO - 27 42 08 3c 00 0a 92 00
INFO - 27 42 48 3c 00 0a 6d 00
INFO - 27 45 88 3c 00 0a aa 00
INFO - 27 46 c8 3c 00 0a 8e 00
INFO - 27 48 08 3c 00 0a 8d 00
INFO - 27 49 48 3c 00 0a 93 00
INFO - 27 4b 88 3c 00 0a 89 00
INFO - 27 4c c8 3c 00 0a 8e 00
INFO - 27 4e 08 3c 00 0a 8e 00
INFO - 27 50 48 3c 00 0a 8e 00
INFO - 27 51 88 3c 00 0a 8e 00
INFO - 27 53 c8 3c 00 0a 95 00
INFO - 27 54 08 3c 00 0a 8e 00
INFO - 27 56 48 3c 00 0a 86 00
INFO - 27 57 88 3c 00 0a 8d 00
INFO - 27 59 c8 3c 00 0a 9e 00
INFO - 27 5a 08 3c 00 0a 7e 00
INFO - 27 5c 48 3c 00 0a 9b 00
INFO - 27 5e 88 3c 00 0a 98 00
INFO - 27 5f c8 3c 00 0a 86 00
INFO - 27 61 08 3c 00 0a 8e 00
INFO - 27 63 48 3c 00 0a 8e 00
INFO - 27 64 88 3c 00 0a 8e 00
INFO - 27 66 c8 3c 00 0a 95 00
INFO - 27 67 08 3c 00 0a 86 00
INFO - 27 69 48 3c 00 0a 8e 00
INFO - 27 6a 88 3c 00 0a 8d 00
INFO - 27 6c c8 3c 00 0a 8e 00
INFO - 27 6d 08 3c 00 0a 8e 00
INFO - 27 6f 48 3c 00 0a 8e 00
INFO - 27 71 88 3c 00 0a 9b 00
INFO - 27 72 c8 3c 00 0a 8e 00
INFO - 27 74 08 3c 00 0a 9a 00
INFO - 27 76 48 3c 00 0a 84 00
INFO - 27 77 88 3c 00 0a 8b 00
INFO - 27 79 c8 3c 00 0a 90 00
INFO - 27 7a 08 3c 00 0a 8e 00
INFO - 27 7c 48 3c 00 0a 8e 00
INFO - 27 7d 88 3c 00 0a 8e 00
INFO - 27 7f c8 3c 00 0a 95 00
INFO - 27 81 08 3c 00 0a 8c 00
INFO - 27 82 48 3c 00 0a 88 00
INFO - 27 84 88 3c 00 0a 8d 00
INFO - 27 85 c8 3c 00 0a 8e 00
INFO - 27 87 08 3c 00 0a 8d 00
INFO - 27 88 48 3c 00 0a 8e 00
INFO - 27 8a 88 3c 00 0a 94 00
INFO - 27 8b c8 3c 00 0a 86 00
INFO - 27 8d 08 3c 00 0a 8d 00
INFO - 27 8e 48 3c 00 0a 8e 00
INFO - 27 90 88 3c 00 0a 8b 00
INFO - 27 92 c8 3c 00 0a 90 00
INFO - 27 93 08 3c 00 0a 95 00
INFO - 27 95 48 3c 00 0a 86 00
INFO - 27 97 88 3c 00 0a 9c 00
INFO - 27 98 c8 3c 00 0a 8d 00
INFO - 27 9a 08 3c 00 0a 8d 00
INFO - 27 9b 48 3c 00 0a 92 00
INFO - 27 9d 88 3c 00 0a 88 00
INFO - 27 9e c8 3c 00 0a 8d 00
INFO - 27 a0 08 3c 00 0a 8c 00
INFO - 27 a1 48 3c 00 0a 93 00
INFO - 27 a3 88 3c 00 0a 85 00
INFO - 27 a4 c8 3c 00 0a 8c 00
INFO - 27 a6 08 3c 00 0a 89 00
INFO - 27 a7 48 3c 00 0a 8e 00
INFO - 27 a9 88 3c 00 0a 93 00
INFO - 27 ab c8 3c 00 0a 8b 00
INFO - 27 ac 08 3c 00 0a 84 00
INFO - 27 ad 48 3c 00 0a 8b 00
INFO - 27 af 88 3c 00 0a 8b 00
INFO - 27 b0 c8 3c 00 0a 8b 00
INFO - 27 b2 08 3c 00 0a 90 00
INFO - 27 b3 48 3c 00 0a 85 00
INFO - 27 b5 88 3c 00 0a 99 00
INFO - 27 b7 c8 3c 00 0a 8a 00
INFO - 27 b8 08 3c 00 0a 8b 00
INFO - 27 ba 48 3c 00 0a 91 00
INFO - 27 bb 88 3c 00 0a 82 00
INFO - 27 bd c8 3c 00 0a 8a 00
INFO - 27 bd 08 3c 00 0a 8a 00
INFO - 27 bf 48 3c 00 0a 77 00
INFO - 27 c1 88 3c 00 0a 9f 00
INFO - 27 c3 c8 3c 00 0a 98 00
INFO - 27 c4 08 3c 00 0a 86 00
INFO - 27 c6 48 3c 00 0a 92 00
INFO - 27 c7 88 3c 00 0a 81 00
INFO - 27 c8 c8 3c 00 0a 88 00
INFO - 27 ca 08 3c 00 0a 88 00
INFO - 27 cb 48 3c 00 0a 64 00
INFO - 27 cd 88 3c 00 0a 8f 00
INFO - 27 ce c8 3c 00 0a 88 00
INFO - 27 cf 08 3c 00 0a 74 00
INFO - 27 d1 48 3c 00 0a a5 00
INFO - 27 d3 88 3c 00 0a 8a 00
INFO - 27 d4 c8 3c 00 0a 83 00
INFO - 27 d6 08 3c 00 0a 87 00
INFO - 27 d7 48 3c 00 0a 87 00
INFO - 27 d8 88 3c 00 0a 79 00
INFO - 27 da c8 3c 00 0a 96 00
INFO - 27 db 08 3c 00 0a 79 00
INFO - 27 dd 48 3c 00 0a 9d 00
INFO - 27 de 88 3c 00 0a 80 00
INFO - 27 e0 c8 3c 00 0a 87 00
INFO - 27 e1 08 3c 00 0a 87 00
INFO - 27 e3 48 3c 00 0a 9c 00
INFO - 27 e4 88 3c 00 0a 80 00
INFO - 27 e6 c8 3c 00 0a 85 00
INFO - 27 e7 08 3c 00 0a 88 00
INFO - 27 e8 48 3c 00 0a 8a 00
INFO - 27 ea 88 3c 00 0a 8e 00
INFO - 27 eb c8 3c 00 0a 82 00
INFO - 27 ed 08 3c 00 0a 86 00
INFO - 27 ee 48 3c 00 0a 88 00
INFO - 27 f0 88 3c 00 0a 88 00
INFO - 27 f1 c8 3c 00 0a 89 00
INFO - 27 f3 08 3c 00 0a 89 00
INFO - 27 f4 48 3c 00 0a 90 00
INFO - 27 f6 88 3c 00 0a 83 00
INFO - 27 f7 c8 3c 00 0a 8a 00
INFO - 27 f9 08 3c 00 0a 8b 00
INFO - 27 fa 48 3c 00 0a 89 00
INFO - 27 fc 88 3c 00 0a 95 00
INFO - 27 fd c8 3c 00 0a 8c 00
INFO - 27 ff 08 3c 00 0a 85 00
INFO - 28 00 48 3c 00 0a 8d 00
INFO - 28 02 88 3c 00 0a 8d 00
INFO - 28 04 c8 3c 00 0a a4 00
INFO - 28 05 08 3c 00 0a 8f 00
INFO - 28 07 48 3c 00 0a 88 00
INFO - 28 08 88 3c 00 0a 8c 00
INFO - 28 0a c8 3c 00 0a 93 00
INFO - 28 0c 08 3c 00 0a 98 00
INFO - 28 0d 48 3c 00 0a 90 00
INFO - 28 0f 88 3c 00 0a 8a 00
INFO - 28 10 c8 3c 00 0a 91 00
INFO - 28 12 08 3c 00 0a 91 00
INFO - 28 15 48 3c 00 0a c3 00
INFO - 28 16 88 3c 00 0a 91 00
INFO - 28 18 c8 3c 00 0a 91 00
INFO - 28 19 08 3c 00 0a 90 00
INFO - 28 1b 48 3c 00 0a 90 00
INFO - 28 1d 88 3c 00 0a 8f 00
INFO - 28 1f c8 3c 00 0a 9f 00
INFO - 28 20 08 3c 00 0a 8f 00
INFO - 28 22 48 3c 00 0a 8e 00
INFO - 28 23 88 3c 00 0a 8e 00
INFO - 28 25 c8 3c 00 0a 8d 00
INFO - 28 26 08 3c 00 0a 8d 00
INFO - 28 28 48 3c 00 0a 8c 00
INFO - 28 29 88 3c 00 0a 8d 00
INFO - 28 2b c8 3c 00 0a 8b 00
INFO - 28 2c 08 3c 00 0a 8b 00
INFO - 28 2e 48 3c 00 0a 8a 00
INFO - 28 2f 88 3c 00 0a 8a 00
INFO - 28 31 c8 3c 00 0a 8a 00
INFO - 28 32 08 3c 00 0a 89 00
INFO - 28 34 48 3c 00 0a 89 00
INFO - 28 35 88 3c 00 0a 89 00
INFO - 28 37 c8 3c 00 0a 96 00
INFO - 28 38 08 3c 00 0a 88 00
INFO - 28 3a 48 3c 00 0a 87 00
INFO - 28 3b 88 3c 00 0a 87 00
INFO - 28 3d c8 3c 00 0a 87 00
INFO - 28 3e 08 3c 00 0a 86 00
INFO - 28 40 48 3c 00 0a 86 00
INFO - 28 41 88 3c 00 0a 85 00
INFO - 28 42 c8 3c 00 0a 85 00
INFO - 28 44 08 3c 00 0a 85 00
INFO - 28 45 48 3c 00 0a 84 00
INFO - 28 47 88 3c 00 0a 85 00
INFO - 28 48 c8 3c 00 0a 84 00
INFO - 28 49 08 3c 00 0a 91 00
INFO - 28 4b 48 3c 00 0a 85 00
INFO - 28 4c 88 3c 00 0a 8a 00
INFO - 28 4e c8 3c 00 0a 81 00
