INFO - 40 00 48 00 f9 41 00 23
INFO - 41 d2 88 00 f9 41 00 23
INFO - 43 74 c8 00 f9 41 00 23
INFO - 43 ee 08 00 f9 41 00 23
INFO - 44 fd 48 00 f9 41 00 23
INFO - 45 f0 88 00 f9 51 00 20
INFO - 46 40 c8 00 f9 41 00 24
INFO - 46 c3 08 00 f9 51 00 20
INFO - 46 d5 48 00 f9 51 00 20
INFO - 46 e2 88 00 f9 41 00 23
INFO - 46 f8 c8 00 f9 41 00 23
INFO - 47 94 08 00 f9 41 00 23
INFO - 49 43 48 00 f9 41 00 23
INFO - 49 74 88 00 f9 51 00 20
INFO - 49 93 c8 00 f9 51 00 20
INFO - 49 ac 08 00 f9 41 00 24
INFO - 49 dc 48 00 f9 41 00 24
INFO - 4b 7b 88 00 f9 41 00 24
INFO - 4d 75 c8 00 f9 41 00 24
INFO - 4d f6 08 00 f9 41 00 24
INFO - 4e 91 48 00 f9 51 00 20
INFO - 4e a3 88 00 f9 51 00 20
INFO - 4e b3 c8 00 f9 41 00 23
INFO - 4f 35 08 00 f9 41 00 23
INFO - 4f cb 48 00 f9 51 00 20
INFO - 50 22 88 00 f9 41 00 24
INFO - 50 d7 c8 00 f9 51 00 20
INFO - 50 e7 08 00 f9 51 00 20
INFO - 50 f6 48 00 f9 41 00 23
INFO - 51 6e 88 00 f9 41 00 23
INFO - 51 de c8 00 f9 41 00 23
INFO - 53 c8 08 00 f9 41 00 23
INFO - 54 29 48 00 f9 41 00 23
INFO - 54 8d 88 00 f9 51 00 20
INFO - 54 9d c8 00 f9 51 00 20
INFO - 54 b0 08 00 f9 41 00 24
INFO - 55 12 48 00 f9 51 00 20
INFO - 55 5d 88 00 f9 41 00 23
INFO - 55 c6 c8 00 f9 41 00 23
INFO - 57 ba 08 00 f9 41 00 23
INFO - 59 af 48 00 f9 41 00 23
INFO - 5b a4 88 00 f9 41 00 23
INFO - 5c 9e c8 00 f9 51 00 20
INFO - 5c e1 08 00 f9 59 00 00
INFO - 5d 12 48 00 f9 49 00 02
