INFO - 20 00 48 3c 00 0a 40 00
INFO - 20 0a 88 3c 00 0b b3 00
INFO - 20 15 c8 3c 00 0a 85 00
INFO - 20 18 08 3c 00 0a d3 00
INFO - 20 1b 48 3c 00 0a ef 00
INFO - 20 1c 88 3c 00 0a 89 00
INFO - 20 1c c8 3c 00 0a 89 00
INFO - 20 1c 08 3c 00 0a 89 00
INFO - 20 22 48 3c 00 0a 96 00
INFO - 20 22 88 3c 00 0a 96 00
INFO - 20 27 c8 3c 00 0a ca 00
INFO - 20 2c 08 3c 00 0b 35 00
INFO - 20 2c 48 3c 00 0b 35 00
INFO - 20 2f 88 3c 00 0a 69 00
INFO - 20 31 c8 3c 00 0a a3 00
INFO - 20 32 08 3c 00 0a 99 00
INFO - 20 32 48 3c 00 0a 99 00
INFO - 20 34 88 3c 00 0a 6d 00
INFO - 20 39 c8 3c 00 0b 25 00
INFO - 20 3a 08 3c 00 0a 71 00
INFO - 20 3d 48 3c 00 0a de 00
INFO - 20 3d 88 3c 00 0a de 00
INFO - 20 3d c8 3c 00 0a de 00
INFO - 20 45 08 3c 00 0a c1 00
INFO - 20 45 48 3c 00 0a c1 00
INFO - 20 46 88 3c 00 0a 5e 00
INFO - 20 4b c8 3c 00 0b 2d 00
INFO - 20 4b 08 3c 00 0b 2d 00
INFO - 20 4b 48 3c 00 0b 2d 00
INFO - 20 50 88 3c 00 0a 94 00
INFO - 20 52 c8 3c 00 0a c2 00
INFO - 20 55 08 3c 00 0a b6 00
INFO - 20 57 48 3c 00 0a 9c 00
INFO - 20 58 88 3c 00 0a 9b 00
INFO - 20 5a c8 3c 00 0a 92 00
INFO - 20 5c 08 3c 00 0a 97 00
INFO - 20 5e 48 3c 00 0a 94 00
INFO - 20 60 88 3c 00 0a ad 00
INFO - 20 61 c8 3c 00 0a 87 00
INFO - 20 63 08 3c 00 0a a4 00
INFO - 20 65 48 3c 00 0a 9c 00
INFO - 20 68 88 3c 00 0a c1 00
INFO - 20 6a c8 3c 00 0a a8 00
INFO - 20 6b 08 3c 00 0a 8e 00
INFO - 20 6d 48 3c 00 0a b1 00
INFO - 20 70 88 3c 00 0a c2 00
INFO - 20 72 c8 3c 00 0a 88 00
INFO - 20 74 08 3c 00 0a a5 00
INFO - 20 76 48 3c 00 0a b1 00
INFO - 20 78 88 3c 00 0a a1 00
INFO - 20 7a c8 3c 00 0a 9c 00
INFO - 20 7c 08 3c 00 0a c3 00
INFO - 20 7e 48 3c 00 0a 87 00
INFO - 20 82 88 3c 00 0a df 00
INFO - 20 84 c8 3c 00 0a 9c 00
INFO - 20 86 08 3c 00 0a 9c 00
INFO - 20 89 48 3c 00 0a b9 00
INFO - 20 8a 88 3c 00 0a 91 00
INFO - 20 8c c8 3c 00 0a a3 00
INFO - 20 8f 08 3c 00 0a b9 00
INFO - 20 91 48 3c 00 0a bd 00
INFO - 20 93 88 3c 00 0a 9a 00
INFO - 20 96 c8 3c 00 0a e2 00
INFO - 20 98 08 3c 00 0a 92 00
INFO - 20 9a 48 3c 00 0a 9d 00
INFO - 20 9b 88 3c 00 0a 8a 00
INFO - 20 9d c8 3c 00 0a a9 00
INFO - 20 9f 08 3c 00 0a 90 00
INFO - 20 a1 48 3c 00 0a bf 00
INFO - 20 a4 88 3c 00 0a a6 00
INFO - 20 a6 c8 3c 00 0a b7 00
INFO - 20 a8 08 3c 00 0a 9a 00
INFO - 20 aa 48 3c 00 0a a5 00
INFO - 20 ac 88 3c 00 0a a0 00
INFO - 20 ae c8 3c 00 0a a6 00
INFO - 20 af 08 3c 00 0a 64 00
INFO - 20 b2 48 3c 00 0a c0 00
INFO - 20 b4 88 3c 00 0a a6 00
INFO - 20 b6 c8 3c 00 0a a7 00
INFO - 20 b8 08 3c 00 0a aa 00
INFO - 20 ba 48 3c 00 0a b1 00
INFO - 20 bf 88 3c 00 0b 30 00
INFO - 20 c2 c8 3c 00 0a cd 00
INFO - 20 c3 08 3c 00 0a 81 00
INFO - 20 c7 48 3c 00 0a 99 00
INFO - 20 c9 88 3c 00 0a a5 00
INFO - 20 cb c8 3c 00 0a b5 00
INFO - 20 cd 08 3c 00 0a 96 00
INFO - 20 cf 48 3c 00 0a b2 00
INFO - 20 d1 88 3c 00 0a 8c 00
INFO - 20 d4 c8 3c 00 0a dc 00
INFO - 20 d6 08 3c 00 0a b6 00
INFO - 20 d9 48 3c 00 0a d2 00
INFO - 20 db 88 3c 00 0a 96 00
INFO - 20 dd c8 3c 00 0a a8 00
INFO - 20 df 08 3c 00 0a 9e 00
INFO - 20 e1 48 3c 00 0a 99 00
INFO - 20 e4 88 3c 00 0a cf 00
INFO - 20 e8 c8 3c 00 0b 07 00
INFO - 20 ea 08 3c 00 0a a0 00
INFO - 20 eb 48 3c 00 0a 8a 00
INFO - 20 ed 88 3c 00 0a b5 00
INFO - 20 f0 c8 3c 00 0a ab 00
INFO - 20 f1 08 3c 00 0a 95 00
INFO - 20 f3 48 3c 00 0a 8b 00
INFO - 20 f5 88 3c 00 0a a0 00
INFO - 20 f6 c8 3c 00 0a 95 00
