INFO - a0 67 49 40 57 00 00 02
INFO - a0 67 89 40 57 00 00 02
INFO - a0 67 c9 40 57 00 00 02
INFO - a0 67 09 40 57 00 00 02
INFO - a8 63 89 40 57 00 00 02
INFO - a8 63 c9 40 57 00 00 02
INFO - a8 63 09 40 57 00 00 02
INFO - a8 63 49 40 57 00 00 02
INFO - ab 18 c9 40 57 00 00 02
INFO - ab 18 09 40 57 00 00 02
INFO - ab 18 49 40 57 00 00 02
INFO - ab 18 89 40 57 00 00 02
INFO - af ec 09 40 57 00 00 02
INFO - af ec 49 40 57 00 00 02
INFO - af ec 89 40 57 00 00 02
INFO - af ec c9 40 57 00 00 02
INFO - af ec 09 40 57 00 00 02
INFO - b3 b7 49 40 57 00 00 02
INFO - b3 b7 89 40 57 00 00 02
INFO - b3 b7 c9 40 57 00 00 02
INFO - b3 b7 09 40 57 00 00 02
INFO - b3 b7 49 40 57 00 00 02
INFO - b4 b1 49 40 57 00 00 02
INFO - b4 b1 89 40 57 00 00 02
INFO - b4 b1 c9 40 57 00 00 02
INFO - b4 b1 09 40 57 00 00 02
INFO - b5 7d 09 40 57 00 00 02
INFO - b5 7d 49 40 57 00 00 02
INFO - b5 7d 89 40 57 00 00 02
INFO - b5 7d c9 40 57 00 00 02
