INFO - 20 00 48 3c 00 0a 40 00
INFO - 20 0c 88 3c 00 0b bf 00
INFO - 20 15 c8 3c 00 0a 81 00
INFO - 20 17 08 3c 00 0a 9b 00
INFO - 20 17 48 3c 00 0a 9b 00
INFO - 20 1c 88 3c 00 0a ca 00
INFO - 20 1e c8 3c 00 0a ad 00
INFO - 20 1e 08 3c 00 0a ad 00
INFO - 20 25 48 3c 00 0a db 00
INFO - 20 25 88 3c 00 0a 5e 00
INFO - 20 25 c8 3c 00 0a 5e 00
INFO - 20 28 08 3c 00 0a 8e 00
INFO - 20 28 48 3c 00 0a 8e 00
INFO - 20 2d 88 3c 00 0a b4 00
INFO - 20 2e c8 3c 00 0a 85 00
INFO - 20 2e 08 3c 00 0a 85 00
INFO - 20 2e 48 3c 00 0a 85 00
INFO - 20 2e 88 3c 00 0a 85 00
INFO - 20 2e c8 3c 00 0a 85 00
INFO - 20 39 08 3c 00 0a a6 00
INFO - 20 3a 48 3c 00 0a 7c 00
INFO - 20 3a 88 3c 00 0a 7c 00
INFO - 20 3d c8 3c 00 0a 9b 00
INFO - 20 41 08 3c 00 0a e1 00
INFO - 20 41 48 3c 00 0a e1 00
INFO - 20 42 88 3c 00 0a 69 00
INFO - 20 42 c8 3c 00 0a 69 00
INFO - 20 56 08 3c 00 0a bf 00
INFO - 20 58 48 3c 00 0a 87 00
INFO - 20 5a 88 3c 00 0a b8 00
INFO - 20 5b c8 3c 00 0a 7d 00
INFO - 20 5e 08 3c 00 0a 90 00
INFO - 20 60 48 3c 00 0a 9c 00
INFO - 20 62 88 3c 00 0a b0 00
INFO - 20 64 c8 3c 00 0a 9c 00
INFO - 20 66 08 3c 00 0a ae 00
INFO - 20 68 48 3c 00 0a 92 00
INFO - 20 6a 88 3c 00 0a a3 00
INFO - 20 6c c8 3c 00 0a af 00
INFO - 20 6e 08 3c 00 0a bd 00
INFO - 20 70 48 3c 00 0a af 00
INFO - 20 73 88 3c 00 0a af 00
INFO - 20 75 c8 3c 00 0a bb 00
INFO - 20 77 08 3c 00 0a a7 00
INFO - 20 79 48 3c 00 0a 80 00
INFO - 20 7a 88 3c 00 0a 95 00
INFO - 20 7c c8 3c 00 0a 9a 00
INFO - 20 7e 08 3c 00 0a b4 00
INFO - 20 80 48 3c 00 0a a6 00
INFO - 20 83 88 3c 00 0a c5 00
INFO - 20 84 c8 3c 00 0a 81 00
INFO - 20 87 08 3c 00 0a c4 00
INFO - 20 89 48 3c 00 0a 8b 00
INFO - 20 8b 88 3c 00 0a c5 00
INFO - 20 8e c8 3c 00 0a b4 00
INFO - 20 90 08 3c 00 0a a5 00
INFO - 20 91 48 3c 00 0a 93 00
INFO - 20 93 88 3c 00 0a a7 00
INFO - 20 95 c8 3c 00 0a 8c 00
INFO - 20 97 08 3c 00 0a b2 00
INFO - 20 9a 48 3c 00 0a b5 00
INFO - 20 9e 88 3c 00 0b 07 00
INFO - 20 a0 c8 3c 00 0a bf 00
INFO - 20 a3 08 3c 00 0a ae 00
INFO - 20 a4 48 3c 00 0a 8d 00
INFO - 20 a7 88 3c 00 0a ba 00
INFO - 20 a8 c8 3c 00 0a 95 00
INFO - 20 aa 08 3c 00 0a a0 00
INFO - 20 ad 48 3c 00 0a c7 00
INFO - 20 ae 88 3c 00 0a 81 00
INFO - 20 b1 c8 3c 00 0a d0 00
INFO - 20 b4 08 3c 00 0a b7 00
INFO - 20 b6 48 3c 00 0a bd 00
INFO - 20 b8 88 3c 00 0a ab 00
INFO - 20 ba c8 3c 00 0a a7 00
INFO - 20 bc 08 3c 00 0a 9e 00
INFO - 20 bf 48 3c 00 0a b9 00
INFO - 20 c1 88 3c 00 0a c5 00
INFO - 20 c5 c8 3c 00 0b 07 00
INFO - 20 c7 08 3c 00 0a a0 00
INFO - 20 c9 48 3c 00 0a 8a 00
INFO - 20 cb 88 3c 00 0a b5 00
INFO - 20 cd c8 3c 00 0a a0 00
INFO - 20 cf 08 3c 00 0a a0 00
INFO - 20 d0 48 3c 00 0a 8b 00
INFO - 20 d2 88 3c 00 0a a0 00
INFO - 20 d4 c8 3c 00 0a 95 00
INFO - 20 d6 08 3c 00 0a 8b 00
INFO - 20 d7 48 3c 00 0a a0 00
INFO - 20 d9 88 3c 00 0a 8b 00
INFO - 20 db c8 3c 00 0a a1 00
INFO - 20 dd 08 3c 00 0a a0 00
INFO - 20 de 48 3c 00 0a 8b 00
INFO - 20 e1 88 3c 00 0a cb 00
INFO - 20 e3 c8 3c 00 0a 96 00
INFO - 20 e5 08 3c 00 0a ab 00
INFO - 20 e7 48 3c 00 0a ac 00
INFO - 20 eb 88 3c 00 0a ed 00
INFO - 20 ed c8 3c 00 0a cc 00
INFO - 20 ef 08 3c 00 0a 96 00
INFO - 20 f2 48 3c 00 0a b6 00
INFO - 20 f6 88 3c 00 0a dc 00
INFO - 21 01 c8 3c 00 0a 91 00
INFO - 21 03 08 3c 00 0a b1 00
INFO - 21 05 48 3c 00 0a a8 00
INFO - 21 07 88 3c 00 0a 9b 00
INFO - 21 09 c8 3c 00 0a 96 00
INFO - 21 0a 08 3c 00 0a 89 00
INFO - 21 0c 48 3c 00 0a a4 00
INFO - 21 0e 88 3c 00 0a a2 00
INFO - 21 11 c8 3c 00 0a c0 00
INFO - 21 13 08 3c 00 0a c5 00
INFO - 21 15 48 3c 00 0a a2 00
INFO - 21 19 88 3c 00 0b 0e 00
INFO - 21 1c c8 3c 00 0a cd 00
INFO - 21 1f 08 3c 00 0a c1 00
INFO - 21 23 48 3c 00 0b 03 00
INFO - 21 25 88 3c 00 0a 96 00
INFO - 21 27 c8 3c 00 0a aa 00
INFO - 21 29 08 3c 00 0a c3 00
INFO - 21 2b 48 3c 00 0a 7f 00
INFO - 21 2d 88 3c 00 0a ce 00
INFO - 21 2f c8 3c 00 0a 96 00
INFO - 21 32 08 3c 00 0a b4 00
INFO - 21 34 48 3c 00 0a c0 00
INFO - 21 36 88 3c 00 0a 88 00
INFO - 21 38 c8 3c 00 0a ab 00
INFO - 21 3a 08 3c 00 0a 96 00
INFO - 21 3b 48 3c 00 0a 92 00
INFO - 21 3d 88 3c 00 0a ad 00
INFO - 21 3f c8 3c 00 0a a0 00
INFO - 21 42 08 3c 00 0a cb 00
INFO - 21 44 48 3c 00 0a b2 00
INFO - 21 46 88 3c 00 0a 98 00
INFO - 21 49 c8 3c 00 0a bf 00
INFO - 21 4c 08 3c 00 0a d5 00
INFO - 21 4d 48 3c 00 0a 8b 00
INFO - 21 50 88 3c 00 0a c9 00
INFO - 21 52 c8 3c 00 0a ac 00
INFO - 21 55 08 3c 00 0a b6 00
INFO - 21 57 48 3c 00 0a a7 00
INFO - 21 5a 88 3c 00 0a d9 00
INFO - 21 5c c8 3c 00 0a c8 00
INFO - 21 5f 08 3c 00 0a b7 00
INFO - 21 61 48 3c 00 0a a8 00
INFO - 21 63 88 3c 00 0a b7 00
INFO - 21 65 c8 3c 00 0a 80 00
INFO - 21 67 08 3c 00 0a a7 00
INFO - 21 6a 48 3c 00 0a cd 00
INFO - 21 6b 88 3c 00 0a 95 00
INFO - 21 6d c8 3c 00 0a 92 00
INFO - 21 6f 08 3c 00 0a a1 00
INFO - 21 71 48 3c 00 0a b1 00
INFO - 21 73 88 3c 00 0a a1 00
INFO - 21 76 c8 3c 00 0a d3 00
INFO - 21 77 08 3c 00 0a 7f 00
INFO - 21 7a 48 3c 00 0a a9 00
INFO - 21 7c 88 3c 00 0a a6 00
INFO - 21 7d c8 3c 00 0a 8c 00
INFO - 21 7f 08 3c 00 0a 9e 00
INFO - 21 81 48 3c 00 0a b0 00
INFO - 21 84 88 3c 00 0a cb 00
INFO - 21 86 c8 3c 00 0a a6 00
INFO - 21 89 08 3c 00 0a d5 00
INFO - 21 8b 48 3c 00 0a 92 00
INFO - 21 8d 88 3c 00 0a aa 00
INFO - 21 8f c8 3c 00 0a 94 00
INFO - 21 91 08 3c 00 0a bb 00
INFO - 21 93 48 3c 00 0a 8b 00
INFO - 21 94 88 3c 00 0a 95 00
INFO - 21 96 c8 3c 00 0a 73 00
INFO - 21 99 08 3c 00 0a b6 00
INFO - 21 9b 48 3c 00 0a a6 00
INFO - 21 9d 88 3c 00 0a a1 00
INFO - 21 9e c8 3c 00 0a 94 00
INFO - 21 a0 08 3c 00 0a 9d 00
INFO - 21 a2 48 3c 00 0a 96 00
INFO - 21 a4 88 3c 00 0a 95 00
INFO - 21 a5 c8 3c 00 0a 89 00
INFO - 21 a7 08 3c 00 0a 9c 00
INFO - 21 a9 48 3c 00 0a a1 00
INFO - 21 ab 88 3c 00 0a aa 00
INFO - 21 af c8 3c 00 0a e9 00
INFO - 21 b0 08 3c 00 0a 92 00
INFO - 21 b2 48 3c 00 0a a1 00
INFO - 21 b5 88 3c 00 0a be 00
INFO - 21 bb c8 3c 00 0b 68 00
INFO - 21 bd 08 3c 00 0a a7 00
INFO - 21 bf 48 3c 00 0a b6 00
INFO - 21 c1 88 3c 00 0a 95 00
INFO - 21 c3 c8 3c 00 0a 9c 00
INFO - 21 c5 08 3c 00 0a b7 00
INFO - 21 c7 48 3c 00 0a b1 00
INFO - 21 ca 88 3c 00 0a b7 00
INFO - 21 cc c8 3c 00 0a a8 00
INFO - 21 ce 08 3c 00 0a a1 00
INFO - 21 d0 48 3c 00 0a 95 00
INFO - 21 d2 88 3c 00 0a a8 00
INFO - 21 d4 c8 3c 00 0a ac 00
INFO - 21 d6 08 3c 00 0a 96 00
INFO - 21 d9 48 3c 00 0a d4 00
INFO - 21 db 88 3c 00 0a ad 00
INFO - 21 dd c8 3c 00 0a aa 00
INFO - 21 df 08 3c 00 0a 98 00
INFO - 21 e1 48 3c 00 0a ad 00
INFO - 21 e3 88 3c 00 0a b4 00
INFO - 21 e6 c8 3c 00 0a cf 00
INFO - 21 e8 08 3c 00 0a 95 00
INFO - 21 eb 48 3c 00 0a da 00
INFO - 21 ee 88 3c 00 0a ce 00
INFO - 21 f0 c8 3c 00 0a ad 00
INFO - 21 f3 08 3c 00 0a e2 00
INFO - 21 f7 48 3c 00 0b 08 00
INFO - 21 f9 88 3c 00 0a 8b 00
INFO - 21 fc c8 3c 00 0a d7 00
INFO - 21 fe 08 3c 00 0a 8d 00
INFO - 22 00 48 3c 00 0a 86 00
INFO - 22 02 88 3c 00 0a ae 00
INFO - 22 04 c8 3c 00 0a b1 00
INFO - 22 07 08 3c 00 0a bc 00
INFO - 22 09 48 3c 00 0a a3 00
INFO - 22 0a 88 3c 00 0a 86 00
INFO - 22 0c c8 3c 00 0a 98 00
INFO - 22 0e 08 3c 00 0a b3 00
INFO - 22 10 48 3c 00 0a a6 00
INFO - 22 12 88 3c 00 0a 8e 00
INFO - 22 14 c8 3c 00 0a c0 00
INFO - 22 16 08 3c 00 0a 9b 00
INFO - 22 18 48 3c 00 0a 8e 00
INFO - 22 1a 88 3c 00 0a a9 00
INFO - 22 1d c8 3c 00 0a c8 00
INFO - 22 1e 08 3c 00 0a 9e 00
INFO - 22 22 48 3c 00 0a ec 00
INFO - 22 25 88 3c 00 0a d9 00
INFO - 22 27 c8 3c 00 0a 8f 00
INFO - 22 29 08 3c 00 0a c3 00
INFO - 22 2b 48 3c 00 0a 9e 00
INFO - 22 2e 88 3c 00 0a c1 00
INFO - 22 30 c8 3c 00 0a 9f 00
INFO - 22 32 08 3c 00 0a c0 00
INFO - 22 35 48 3c 00 0a c5 00
INFO - 22 38 88 3c 00 0a c3 00
INFO - 22 3a c8 3c 00 0a c4 00
INFO - 22 3d 08 3c 00 0a c3 00
INFO - 22 41 48 3c 00 0a f5 00
INFO - 22 42 88 3c 00 0a a1 00
INFO - 22 44 c8 3c 00 0a 95 00
INFO - 22 46 08 3c 00 0a ad 00
INFO - 22 49 48 3c 00 0a ae 00
INFO - 22 4d 88 3c 00 0b 1d 00
INFO - 22 50 c8 3c 00 0a bb 00
INFO - 22 53 08 3c 00 0a c8 00
INFO - 22 56 48 3c 00 0a de 00
INFO - 22 58 88 3c 00 0a b1 00
INFO - 22 5c c8 3c 00 0b 07 00
INFO - 22 5e 08 3c 00 0a ae 00
INFO - 22 61 48 3c 00 0a b2 00
INFO - 22 63 88 3c 00 0a b1 00
INFO - 22 66 c8 3c 00 0a c8 00
INFO - 22 68 08 3c 00 0a 74 00
INFO - 22 6a 48 3c 00 0a be 00
INFO - 22 6e 88 3c 00 0a e3 00
INFO - 22 70 c8 3c 00 0a bc 00
INFO - 22 72 08 3c 00 0a b2 00
INFO - 22 75 48 3c 00 0a b3 00
INFO - 22 77 88 3c 00 0a b1 00
INFO - 22 7c c8 3c 00 0a e6 00
INFO - 22 7e 08 3c 00 0a b0 00
INFO - 22 81 48 3c 00 0a b3 00
INFO - 22 83 88 3c 00 0a b1 00
INFO - 22 86 c8 3c 00 0a ce 00
INFO - 22 88 08 3c 00 0a bd 00
INFO - 22 8a 48 3c 00 0a 9a 00
INFO - 22 8d 88 3c 00 0a cc 00
INFO - 22 8f c8 3c 00 0a b5 00
INFO - 22 92 08 3c 00 0a d9 00
INFO - 22 95 48 3c 00 0a c2 00
INFO - 22 97 88 3c 00 0a b3 00
INFO - 22 9a c8 3c 00 0a da 00
INFO - 22 9d 08 3c 00 0a cd 00
INFO - 22 9f 48 3c 00 0a a5 00
INFO - 22 a3 88 3c 00 0b 01 00
INFO - 22 a6 c8 3c 00 0a 81 00
INFO - 22 a8 08 3c 00 0a 9a 00
INFO - 22 ab 48 3c 00 0a cd 00
INFO - 22 ad 88 3c 00 0a b4 00
INFO - 22 b1 c8 3c 00 0b 00 00
INFO - 22 b3 08 3c 00 0a b2 00
INFO - 22 b6 48 3c 00 0a ce 00
INFO - 22 b8 88 3c 00 0a b2 00
INFO - 22 bb c8 3c 00 0a db 00
INFO - 22 bd 08 3c 00 0a 9a 00
INFO - 22 c0 48 3c 00 0a be 00
INFO - 22 c2 88 3c 00 0a c0 00
INFO - 22 c4 c8 3c 00 0a 80 00
INFO - 22 c6 08 3c 00 0a a7 00
INFO - 22 c8 48 3c 00 0a b4 00
INFO - 22 ca 88 3c 00 0a b3 00
INFO - 22 ce c8 3c 00 0a e5 00
INFO - 22 d0 08 3c 00 0a c1 00
INFO - 22 d2 48 3c 00 0a 8d 00
INFO - 22 d5 88 3c 00 0a da 00
INFO - 22 d7 c8 3c 00 0a 99 00
INFO - 22 d8 08 3c 00 0a 8c 00
INFO - 22 dc 48 3c 00 0a e8 00
INFO - 22 df 88 3c 00 0a e5 00
INFO - 22 e1 c8 3c 00 0a 8f 00
INFO - 22 e5 08 3c 00 0b 1b 00
INFO - 22 e7 48 3c 00 0a 9a 00
INFO - 22 ea 88 3c 00 0a d9 00
INFO - 22 ef c8 3c 00 0b 4f 00
INFO - 22 f3 08 3c 00 0a e9 00
INFO - 22 f6 48 3c 00 0a d9 00
INFO - 22 f8 88 3c 00 0a b5 00
INFO - 22 fb c8 3c 00 0a b6 00
INFO - 23 00 08 3c 00 0b 41 00
INFO - 23 02 48 3c 00 0a b6 00
INFO - 23 05 88 3c 00 0a dc 00
INFO - 23 07 c8 3c 00 0a 9b 00
INFO - 23 0a 08 3c 00 0a c0 00
INFO - 23 0c 48 3c 00 0a 9d 00
INFO - 23 0e 88 3c 00 0a cf 00
INFO - 23 11 c8 3c 00 0a b4 00
INFO - 23 13 08 3c 00 0a 80 00
INFO - 23 17 48 3c 00 0a dc 00
INFO - 23 19 88 3c 00 0a b7 00
INFO - 23 1c c8 3c 00 0a db 00
INFO - 23 1f 08 3c 00 0a c1 00
INFO - 23 20 48 3c 00 0a 9b 00
INFO - 23 23 88 3c 00 0a cc 00
INFO - 23 26 c8 3c 00 0a da 00
INFO - 23 29 08 3c 00 0a c3 00
INFO - 23 2c 48 3c 00 0a cd 00
INFO - 23 2f 88 3c 00 0a c1 00
INFO - 23 31 c8 3c 00 0a bf 00
INFO - 23 34 08 3c 00 0a c2 00
INFO - 23 37 48 3c 00 0a f1 00
INFO - 23 39 88 3c 00 0a 9c 00
INFO - 23 3d c8 3c 00 0a f4 00
INFO - 23 40 08 3c 00 0a e6 00
INFO - 23 42 48 3c 00 0a 98 00
INFO - 23 44 88 3c 00 0a b5 00
INFO - 23 46 c8 3c 00 0a 99 00
INFO - 23 49 08 3c 00 0a d9 00
INFO - 23 4b 48 3c 00 0a b1 00
INFO - 23 4e 88 3c 00 0a c2 00
INFO - 23 50 c8 3c 00 0a 99 00
INFO - 23 53 08 3c 00 0a d9 00
INFO - 23 57 48 3c 00 0b 0c 00
INFO - 23 5a 88 3c 00 0a d8 00
INFO - 23 5d c8 3c 00 0a cf 00
INFO - 23 60 08 3c 00 0a d9 00
INFO - 23 62 48 3c 00 0a b3 00
INFO - 23 65 88 3c 00 0a bf 00
INFO - 23 68 c8 3c 00 0a c3 00
INFO - 23 6a 08 3c 00 0a a7 00
INFO - 23 6d 48 3c 00 0a cd 00
INFO - 23 6f 88 3c 00 0a b2 00
INFO - 23 73 c8 3c 00 0a a1 00
INFO - 23 75 08 3c 00 0a b6 00
INFO - 23 78 48 3c 00 0a ce 00
INFO - 23 7b 88 3c 00 0a e8 00
INFO - 23 7e c8 3c 00 0a a8 00
INFO - 23 80 08 3c 00 0a bf 00
INFO - 23 84 48 3c 00 0a f5 00
INFO - 23 86 88 3c 00 0a b0 00
INFO - 23 88 c8 3c 00 0a a1 00
INFO - 23 8c 08 3c 00 0a df 00
INFO - 23 8e 48 3c 00 0a cf 00
INFO - 23 91 88 3c 00 0a cf 00
INFO - 23 95 c8 3c 00 0a ea 00
INFO - 23 97 08 3c 00 0a b6 00
INFO - 23 99 48 3c 00 0a b3 00
INFO - 23 9d 88 3c 00 0a ea 00
INFO - 23 a0 c8 3c 00 0a e0 00
INFO - 23 a3 08 3c 00 0a d0 00
INFO - 23 a6 48 3c 00 0a dd 00
INFO - 23 a8 88 3c 00 0a 99 00
INFO - 23 ab c8 3c 00 0a c4 00
INFO - 23 ae 08 3c 00 0a db 00
INFO - 23 b0 48 3c 00 0a aa 00
INFO - 23 b3 88 3c 00 0a dd 00
INFO - 23 b6 c8 3c 00 0a dd 00
INFO - 23 b9 08 3c 00 0a b5 00
INFO - 23 bc 48 3c 00 0a da 00
INFO - 23 bf 88 3c 00 0a eb 00
INFO - 23 c3 c8 3c 00 0a e6 00
INFO - 23 c5 08 3c 00 0a c4 00
INFO - 23 c8 48 3c 00 0a c0 00
INFO - 23 c9 88 3c 00 0a 90 00
INFO - 23 cc c8 3c 00 0a c2 00
INFO - 23 cf 08 3c 00 0a ce 00
INFO - 23 d2 48 3c 00 0a cf 00
INFO - 23 d4 88 3c 00 0a 99 00
INFO - 23 d6 c8 3c 00 0a b8 00
INFO - 23 d9 08 3c 00 0a c2 00
INFO - 23 db 48 3c 00 0a cd 00
INFO - 23 de 88 3c 00 0a ab 00
INFO - 23 e0 c8 3c 00 0a b3 00
INFO - 23 e3 08 3c 00 0a c5 00
INFO - 23 e5 48 3c 00 0a d0 00
INFO - 23 e8 88 3c 00 0a 7a 00
INFO - 23 ea c8 3c 00 0a ab 00
INFO - 23 ed 08 3c 00 0a ce 00
INFO - 23 ef 48 3c 00 0a b8 00
INFO - 23 f3 88 3c 00 0a eb 00
INFO - 23 f6 c8 3c 00 0a f8 00
INFO - 23 f8 08 3c 00 0a 9c 00
INFO - 23 fb 48 3c 00 0a ce 00
INFO - 23 fe 88 3c 00 0a c6 00
INFO - 24 00 c8 3c 00 0a c2 00
INFO - 24 03 08 3c 00 0a b7 00
INFO - 24 06 48 3c 00 0a de 00
INFO - 24 08 88 3c 00 0a a6 00
INFO - 24 0b c8 3c 00 0a d2 00
INFO - 24 0e 08 3c 00 0a db 00
INFO - 24 10 48 3c 00 0a 91 00
INFO - 24 13 88 3c 00 0a da 00
INFO - 24 16 c8 3c 00 0a c4 00
INFO - 24 18 08 3c 00 0a a8 00
INFO - 24 1a 48 3c 00 0a bf 00
INFO - 24 1d 88 3c 00 0a b7 00
INFO - 24 1f c8 3c 00 0a a6 00
INFO - 24 22 08 3c 00 0a e9 00
INFO - 24 24 48 3c 00 0a b2 00
INFO - 24 26 88 3c 00 0a a9 00
INFO - 24 2a c8 3c 00 0a f4 00
INFO - 24 2d 08 3c 00 0a da 00
INFO - 24 30 48 3c 00 0a b3 00
INFO - 24 32 88 3c 00 0a be 00
INFO - 24 34 c8 3c 00 0a 9c 00
INFO - 24 37 08 3c 00 0a d9 00
INFO - 24 3a 48 3c 00 0a cc 00
INFO - 24 3d 88 3c 00 0a d9 00
INFO - 24 41 c8 3c 00 0b 16 00
INFO - 24 43 08 3c 00 0a a6 00
INFO - 24 47 48 3c 00 0a e9 00
INFO - 24 49 88 3c 00 0a b0 00
INFO - 24 4b c8 3c 00 0a a8 00
INFO - 24 4e 08 3c 00 0a cc 00
INFO - 24 50 48 3c 00 0a be 00
INFO - 24 53 88 3c 00 0a a9 00
INFO - 24 55 c8 3c 00 0a 7f 00
INFO - 24 58 08 3c 00 0a d0 00
INFO - 24 5c 48 3c 00 0b 1a 00
INFO - 24 5e 88 3c 00 0a a6 00
INFO - 24 61 c8 3c 00 0a c1 00
INFO - 24 64 08 3c 00 0a dc 00
INFO - 24 67 48 3c 00 0a bd 00
INFO - 24 69 88 3c 00 0a b8 00
INFO - 24 6c c8 3c 00 0a cb 00
INFO - 24 6e 08 3c 00 0a aa 00
INFO - 24 72 48 3c 00 0a f5 00
INFO - 24 75 88 3c 00 0a da 00
INFO - 24 77 c8 3c 00 0a ab 00
INFO - 24 79 08 3c 00 0a 9a 00
INFO - 24 7c 48 3c 00 0a d2 00
INFO - 24 7f 88 3c 00 0a b9 00
INFO - 24 82 c8 3c 00 0a dd 00
INFO - 24 84 08 3c 00 0a 9c 00
INFO - 24 87 48 3c 00 0a d8 00
INFO - 24 89 88 3c 00 0a ac 00
INFO - 24 8c c8 3c 00 0a ed 00
INFO - 24 8f 08 3c 00 0a cb 00
INFO - 24 92 48 3c 00 0a c7 00
INFO - 24 94 88 3c 00 0a a5 00
INFO - 24 97 c8 3c 00 0a c8 00
INFO - 24 98 08 3c 00 0a 9d 00
INFO - 24 9b 48 3c 00 0a c4 00
INFO - 24 9e 88 3c 00 0a bd 00
INFO - 24 a1 c8 3c 00 0a e4 00
INFO - 24 a3 08 3c 00 0a be 00
INFO - 24 a6 48 3c 00 0a b0 00
INFO - 24 a9 88 3c 00 0a de 00
INFO - 24 ac c8 3c 00 0a d1 00
INFO - 24 ae 08 3c 00 0a 97 00
INFO - 24 b1 48 3c 00 0a e2 00
INFO - 24 b4 88 3c 00 0a ef 00
INFO - 24 b6 c8 3c 00 0a aa 00
INFO - 24 ba 08 3c 00 0a df 00
INFO - 24 bd 48 3c 00 0a fa 00
INFO - 24 c0 88 3c 00 0a aa 00
INFO - 24 c3 c8 3c 00 0a ed 00
INFO - 24 c6 08 3c 00 0a da 00
INFO - 24 c8 48 3c 00 0a b0 00
INFO - 24 cb 88 3c 00 0a c8 00
INFO - 24 ce c8 3c 00 0a c0 00
INFO - 24 d0 08 3c 00 0a aa 00
INFO - 24 d3 48 3c 00 0a d2 00
INFO - 24 d6 88 3c 00 0a e8 00
INFO - 24 d8 c8 3c 00 0a a4 00
INFO - 24 db 08 3c 00 0a 80 00
INFO - 24 dd 48 3c 00 0a bf 00
INFO - 24 e0 88 3c 00 0a aa 00
INFO - 24 e2 c8 3c 00 0a a5 00
INFO - 24 e4 08 3c 00 0a a4 00
INFO - 24 e6 48 3c 00 0a c0 00
INFO - 24 e9 88 3c 00 0a cc 00
INFO - 24 ec c8 3c 00 0a cd 00
INFO - 24 ee 08 3c 00 0a be 00
INFO - 24 f3 48 3c 00 0b 0a 00
INFO - 24 f6 88 3c 00 0b 01 00
INFO - 24 f9 c8 3c 00 0a c0 00
INFO - 24 fc 08 3c 00 0a ca 00
INFO - 24 ff 48 3c 00 0a e8 00
INFO - 25 02 88 3c 00 0a bf 00
INFO - 25 07 c8 3c 00 0b 3f 00
INFO - 25 0a 08 3c 00 0a e5 00
INFO - 25 0e 48 3c 00 0b 07 00
INFO - 25 10 88 3c 00 0a a9 00
INFO - 25 14 c8 3c 00 0a de 00
INFO - 25 15 08 3c 00 0a 89 00
INFO - 25 19 48 3c 00 0b 1a 00
INFO - 25 1b 88 3c 00 0a a3 00
INFO - 25 1d c8 3c 00 0a a3 00
INFO - 25 1f 08 3c 00 0a a2 00
INFO - 25 22 48 3c 00 0a bd 00
INFO - 25 24 88 3c 00 0a b7 00
INFO - 25 26 c8 3c 00 0a a1 00
INFO - 25 29 08 3c 00 0a cb 00
INFO - 25 2c 48 3c 00 0a ca 00
INFO - 25 2e 88 3c 00 0a b0 00
INFO - 25 30 c8 3c 00 0a b7 00
INFO - 25 33 08 3c 00 0a d1 00
INFO - 25 36 48 3c 00 0a bb 00
INFO - 25 39 88 3c 00 0a d8 00
INFO - 25 3b c8 3c 00 0a bc 00
INFO - 25 3f 08 3c 00 0a 8d 00
INFO - 25 41 48 3c 00 0a bb 00
INFO - 25 44 88 3c 00 0a cc 00
INFO - 25 47 c8 3c 00 0a d6 00
INFO - 25 4a 08 3c 00 0a e6 00
INFO - 25 4c 48 3c 00 0a b0 00
INFO - 25 4f 88 3c 00 0a bc 00
INFO - 25 51 c8 3c 00 0a a1 00
INFO - 25 54 08 3c 00 0a cd 00
INFO - 25 57 48 3c 00 0a c9 00
INFO - 25 5a 88 3c 00 0a e6 00
INFO - 25 5d c8 3c 00 0a df 00
INFO - 25 60 08 3c 00 0a b8 00
INFO - 25 62 48 3c 00 0a c9 00
INFO - 25 65 88 3c 00 0a b3 00
INFO - 25 67 c8 3c 00 0a a2 00
INFO - 25 6a 08 3c 00 0a db 00
INFO - 25 6c 48 3c 00 0a af 00
INFO - 25 6f 88 3c 00 0a a4 00
INFO - 25 72 c8 3c 00 0a ed 00
INFO - 25 75 08 3c 00 0a cf 00
INFO - 25 78 48 3c 00 0a c9 00
INFO - 25 7c 88 3c 00 0b 1a 00
INFO - 25 7f c8 3c 00 0a cd 00
INFO - 25 82 08 3c 00 0a e2 00
INFO - 25 87 48 3c 00 0a a0 00
INFO - 25 89 88 3c 00 0a b7 00
INFO - 25 8b c8 3c 00 0a ab 00
INFO - 25 8f 08 3c 00 0a fc 00
INFO - 25 90 48 3c 00 0a 6d 00
INFO - 25 94 88 3c 00 0b 08 00
INFO - 25 97 c8 3c 00 0a ce 00
INFO - 25 99 08 3c 00 0a b2 00
INFO - 25 9b 48 3c 00 0a 90 00
INFO - 25 9d 88 3c 00 0a b9 00
INFO - 25 9f c8 3c 00 0a b2 00
INFO - 25 a2 08 3c 00 0a ba 00
INFO - 25 a4 48 3c 00 0a a3 00
INFO - 25 a6 88 3c 00 0a b4 00
INFO - 25 a8 c8 3c 00 0a 9d 00
INFO - 25 ab 08 3c 00 0a cc 00
INFO - 25 af 48 3c 00 0b 12 00
INFO - 25 b3 88 3c 00 0a fa 00
INFO - 25 b5 c8 3c 00 0a b8 00
INFO - 25 b8 08 3c 00 0a c6 00
INFO - 25 bb 48 3c 00 0a e1 00
INFO - 25 bf 88 3c 00 0a e4 00
INFO - 25 c6 c8 3c 00 0b a0 00
INFO - 25 c9 08 3c 00 0a d9 00
INFO - 25 cb 48 3c 00 0a 79 00
INFO - 25 cd 88 3c 00 0a a1 00
INFO - 25 d0 c8 3c 00 0a e5 00
INFO - 25 d3 08 3c 00 0a ca 00
INFO - 25 d6 48 3c 00 0a b2 00
INFO - 25 d8 88 3c 00 0a cf 00
INFO - 25 da c8 3c 00 0a a3 00
INFO - 25 df 08 3c 00 0a e7 00
INFO - 25 f0 48 3c 00 0a bd 00
INFO - 25 f3 88 3c 00 0a ca 00
INFO - 25 f5 c8 3c 00 0a ae 00
INFO - 25 f7 08 3c 00 0a ae 00
INFO - 25 f9 48 3c 00 0a a1 00
INFO - 25 fd 88 3c 00 0a ef 00
INFO - 26 00 c8 3c 00 0a e2 00
INFO - 26 03 08 3c 00 0a e4 00
INFO - 26 06 48 3c 00 0a c6 00
INFO - 26 09 88 3c 00 0a ca 00
INFO - 26 0c c8 3c 00 0a e9 00
INFO - 26 0f 08 3c 00 0a b4 00
INFO - 26 11 48 3c 00 0a c2 00
INFO - 26 14 88 3c 00 0a c9 00
INFO - 26 18 c8 3c 00 0a fe 00
INFO - 26 1a 08 3c 00 0a a0 00
INFO - 26 1d 48 3c 00 0a c8 00
INFO - 26 20 88 3c 00 0a c0 00
INFO - 26 22 c8 3c 00 0a c4 00
INFO - 26 24 08 3c 00 0a a8 00
INFO - 26 27 48 3c 00 0a d0 00
INFO - 26 2a 88 3c 00 0a c4 00
INFO - 26 2d c8 3c 00 0a dd 00
INFO - 26 31 08 3c 00 0a e9 00
INFO - 26 34 48 3c 00 0a 89 00
INFO - 26 37 88 3c 00 0a e1 00
INFO - 26 39 c8 3c 00 0a ae 00
INFO - 26 3b 08 3c 00 0a bc 00
INFO - 26 3e 48 3c 00 0a b0 00
INFO - 26 40 88 3c 00 0a b1 00
INFO - 26 43 c8 3c 00 0a d7 00
INFO - 26 46 08 3c 00 0a e4 00
INFO - 26 48 48 3c 00 0a 96 00
INFO - 26 4c 88 3c 00 0b 13 00
INFO - 26 4f c8 3c 00 0a cb 00
INFO - 26 52 08 3c 00 0a d7 00
INFO - 26 55 48 3c 00 0a b1 00
INFO - 26 57 88 3c 00 0a ca 00
INFO - 26 59 c8 3c 00 0a 95 00
INFO - 26 5c 08 3c 00 0a be 00
INFO - 26 5f 48 3c 00 0a e5 00
INFO - 26 61 88 3c 00 0a a1 00
INFO - 26 64 c8 3c 00 0a e6 00
INFO - 26 68 08 3c 00 0b 0b 00
INFO - 26 6a 48 3c 00 0a 88 00
INFO - 26 6e 88 3c 00 0b 0d 00
INFO - 26 71 c8 3c 00 0a d2 00
INFO - 26 73 08 3c 00 0a bc 00
INFO - 26 77 48 3c 00 0a f1 00
INFO - 26 7a 88 3c 00 0a f1 00
INFO - 26 7c c8 3c 00 0a 9d 00
INFO - 26 7f 08 3c 00 0a af 00
INFO - 26 82 48 3c 00 0a e6 00
INFO - 26 86 88 3c 00 0b 05 00
INFO - 26 88 c8 3c 00 0a a3 00
INFO - 26 8a 08 3c 00 0a bc 00
INFO - 26 8d 48 3c 00 0a a9 00
INFO - 26 90 88 3c 00 0a de 00
INFO - 26 93 c8 3c 00 0a da 00
INFO - 26 95 08 3c 00 0a b0 00
INFO - 26 98 48 3c 00 0a d8 00
INFO - 26 9c 88 3c 00 0a ff 00
INFO - 26 9e c8 3c 00 0a b3 00
INFO - 26 a1 08 3c 00 0a d6 00
INFO - 26 a4 48 3c 00 0a da 00
INFO - 26 a7 88 3c 00 0a c4 00
INFO - 26 aa c8 3c 00 0a bd 00
INFO - 26 ac 08 3c 00 0a 7c 00
INFO - 26 ae 48 3c 00 0a 99 00
INFO - 26 b2 88 3c 00 0b 06 00
INFO - 26 b5 c8 3c 00 0a e3 00
INFO - 26 b7 08 3c 00 0a b2 00
INFO - 26 b9 48 3c 00 0a a1 00
INFO - 26 bb 88 3c 00 0a 8e 00
INFO - 26 be c8 3c 00 0a ce 00
INFO - 26 c1 08 3c 00 0a de 00
INFO - 26 c4 48 3c 00 0a d4 00
INFO - 26 c6 88 3c 00 0a b7 00
INFO - 26 c8 c8 3c 00 0a a5 00
INFO - 26 cb 08 3c 00 0a d4 00
INFO - 26 ce 48 3c 00 0a b3 00
INFO - 26 d2 88 3c 00 0b 1e 00
INFO - 26 d5 c8 3c 00 0a e0 00
INFO - 26 d7 08 3c 00 0a 8c 00
INFO - 26 d9 48 3c 00 0a ab 00
INFO - 26 db 88 3c 00 0a 9b 00
INFO - 26 dd c8 3c 00 0a b3 00
INFO - 26 e1 08 3c 00 0b 11 00
INFO - 26 e4 48 3c 00 0a ab 00
INFO - 26 e6 88 3c 00 0a a9 00
INFO - 26 e8 c8 3c 00 0a a6 00
INFO - 26 ea 08 3c 00 0a 9e 00
INFO - 26 ec 48 3c 00 0a b5 00
INFO - 26 ee 88 3c 00 0a a6 00
INFO - 26 f1 c8 3c 00 0a c6 00
INFO - 26 f3 08 3c 00 0a 9c 00
INFO - 26 f5 48 3c 00 0a b6 00
INFO - 26 f7 88 3c 00 0a b3 00
INFO - 26 f9 c8 3c 00 0a 91 00
INFO - 26 fc 08 3c 00 0a c3 00
INFO - 26 fe 48 3c 00 0a a7 00
INFO - 27 02 88 3c 00 0b 07 00
INFO - 27 04 c8 3c 00 0a c1 00
INFO - 27 07 08 3c 00 0a d3 00
INFO - 27 0b 48 3c 00 0a f9 00
INFO - 27 0e 88 3c 00 0a db 00
INFO - 27 13 c8 3c 00 0a b7 00
INFO - 27 16 08 3c 00 0a c6 00
INFO - 27 18 48 3c 00 0a b8 00
INFO - 27 1b 88 3c 00 0a b5 00
INFO - 27 1d c8 3c 00 0a c5 00
INFO - 27 21 08 3c 00 0a fb 00
INFO - 27 25 48 3c 00 0a f7 00
INFO - 27 27 88 3c 00 0a c5 00
INFO - 27 2a c8 3c 00 0a ba 00
INFO - 27 2c 08 3c 00 0a b7 00
INFO - 27 2f 48 3c 00 0a b6 00
INFO - 27 32 88 3c 00 0a ec 00
INFO - 27 35 c8 3c 00 0a c7 00
INFO - 27 38 08 3c 00 0a de 00
INFO - 27 3a 48 3c 00 0a ba 00
INFO - 27 3d 88 3c 00 0a b6 00
INFO - 27 40 c8 3c 00 0a f0 00
INFO - 27 44 08 3c 00 0a e0 00
INFO - 27 46 48 3c 00 0a c5 00
INFO - 27 49 88 3c 00 0a b7 00
INFO - 27 4c c8 3c 00 0a d5 00
INFO - 27 4e 08 3c 00 0a 9b 00
INFO - 27 52 48 3c 00 0b 09 00
INFO - 27 54 88 3c 00 0a ae 00
INFO - 27 58 c8 3c 00 0a fa 00
INFO - 27 5a 08 3c 00 0a ad 00
INFO - 27 5d 48 3c 00 0a df 00
INFO - 27 61 88 3c 00 0a f1 00
INFO - 27 63 c8 3c 00 0a b7 00
INFO - 27 65 08 3c 00 0a ad 00
INFO - 27 69 48 3c 00 0a ee 00
INFO - 27 6b 88 3c 00 0a ba 00
INFO - 27 6e c8 3c 00 0a d6 00
INFO - 27 71 08 3c 00 0a e1 00
INFO - 27 74 48 3c 00 0a d7 00
INFO - 27 77 88 3c 00 0a 83 00
INFO - 27 79 c8 3c 00 0a 93 00
INFO - 27 7c 08 3c 00 0a f1 00
INFO - 27 80 48 3c 00 0a e3 00
INFO - 27 82 88 3c 00 0a c7 00
INFO - 27 86 c8 3c 00 0b 01 00
INFO - 27 89 08 3c 00 0a c8 00
INFO - 27 8b 48 3c 00 0a 92 00
INFO - 27 8f 88 3c 00 0b 0d 00
INFO - 27 92 c8 3c 00 0a d7 00
INFO - 27 94 08 3c 00 0a ad 00
INFO - 27 97 48 3c 00 0a ba 00
INFO - 27 9a 88 3c 00 0a e5 00
INFO - 27 9e c8 3c 00 0b 00 00
INFO - 27 a0 08 3c 00 0a a3 00
INFO - 27 a4 48 3c 00 0b 1a 00
INFO - 27 a6 88 3c 00 0a b0 00
INFO - 27 a9 c8 3c 00 0a c8 00
INFO - 27 ac 08 3c 00 0a da 00
INFO - 27 af 48 3c 00 0a d6 00
INFO - 27 b1 88 3c 00 0a 95 00
INFO - 27 b5 c8 3c 00 0a f2 00
INFO - 27 b7 08 3c 00 0a b0 00
INFO - 27 b9 48 3c 00 0a bb 00
INFO - 27 bc 88 3c 00 0a be 00
INFO - 27 c0 c8 3c 00 0a f3 00
INFO - 27 c1 08 3c 00 0a 95 00
INFO - 27 c5 48 3c 00 0a f4 00
INFO - 27 c7 88 3c 00 0a a2 00
INFO - 27 c9 c8 3c 00 0a ad 00
INFO - 27 cd 08 3c 00 0a f5 00
INFO - 27 d0 48 3c 00 0a d0 00
INFO - 27 d2 88 3c 00 0a b1 00
INFO - 27 d6 c8 3c 00 0a e4 00
INFO - 27 d9 08 3c 00 0a 8e 00
INFO - 27 db 48 3c 00 0a c9 00
INFO - 27 df 88 3c 00 0a e8 00
INFO - 27 e2 c8 3c 00 0a f2 00
INFO - 27 e5 08 3c 00 0a bc 00
INFO - 27 e8 48 3c 00 0a cc 00
INFO - 27 ec 88 3c 00 0b 01 00
INFO - 27 ee c8 3c 00 0a bf 00
INFO - 27 f1 08 3c 00 0a cb 00
INFO - 27 f4 48 3c 00 0a d9 00
INFO - 27 f7 88 3c 00 0a d8 00
INFO - 27 fa c8 3c 00 0a bc 00
INFO - 27 fe 08 3c 00 0b 02 00
INFO - 28 01 48 3c 00 0a e1 00
INFO - 28 03 88 3c 00 0a af 00
INFO - 28 07 c8 3c 00 0b 03 00
INFO - 28 09 08 3c 00 0a ae 00
INFO - 28 0d 48 3c 00 0b 05 00
INFO - 28 10 88 3c 00 0a ae 00
INFO - 28 13 c8 3c 00 0a f7 00
INFO - 28 16 08 3c 00 0a d7 00
INFO - 28 1b 48 3c 00 0b 2f 00
INFO - 28 1f 88 3c 00 0b 00 00
INFO - 28 21 c8 3c 00 0a b1 00
INFO - 28 25 08 3c 00 0a f5 00
INFO - 28 27 48 3c 00 0a a0 00
INFO - 28 2a 88 3c 00 0a e8 00
INFO - 28 2d c8 3c 00 0a b0 00
INFO - 28 30 08 3c 00 0a e7 00
INFO - 28 33 48 3c 00 0a bf 00
INFO - 28 35 88 3c 00 0a be 00
INFO - 28 37 c8 3c 00 0a 75 00
INFO - 28 3a 08 3c 00 0a e7 00
INFO - 28 3d 48 3c 00 0a b1 00
INFO - 28 3f 88 3c 00 0a ae 00
INFO - 28 41 c8 3c 00 0a b1 00
INFO - 28 43 08 3c 00 0a a1 00
INFO - 28 46 48 3c 00 0a cc 00
INFO - 28 48 88 3c 00 0a a1 00
INFO - 28 4b c8 3c 00 0a e7 00
INFO - 28 4f 08 3c 00 0b 01 00
INFO - 28 52 48 3c 00 0a bd 00
INFO - 28 54 88 3c 00 0a af 00
INFO - 28 56 c8 3c 00 0a bd 00
INFO - 28 58 08 3c 00 0a 86 00
INFO - 28 5b 48 3c 00 0a ca 00
INFO - 28 5f 88 3c 00 0b 02 00
INFO - 28 60 c8 3c 00 0a a0 00
INFO - 28 63 08 3c 00 0a bc 00
INFO - 28 65 48 3c 00 0a 85 00
INFO - 28 6a 88 3c 00 0a fe 00
INFO - 28 6c c8 3c 00 0a bd 00
INFO - 28 6f 08 3c 00 0a cb 00
INFO - 28 71 48 3c 00 0a a0 00
INFO - 28 73 88 3c 00 0a a2 00
INFO - 28 75 c8 3c 00 0a 9f 00
INFO - 28 77 08 3c 00 0a b0 00
INFO - 28 7a 48 3c 00 0a d6 00
INFO - 28 7c 88 3c 00 0a a1 00
INFO - 28 80 c8 3c 00 0b 1c 00
INFO - 28 84 08 3c 00 0a d8 00
INFO - 28 88 48 3c 00 0b 1e 00
INFO - 28 8b 88 3c 00 0a d6 00
INFO - 28 95 c8 3c 00 0b fe 00
INFO - 28 98 08 3c 00 0a 7e 00
INFO - 28 9a 48 3c 00 0a bf 00
INFO - 28 9b 88 3c 00 0a 6a 00
INFO - 28 9f c8 3c 00 0b 0e 00
INFO - 28 a2 08 3c 00 0a d6 00
INFO - 28 a5 48 3c 00 0a da 00
INFO - 28 a7 88 3c 00 0a ac 00
INFO - 28 aa c8 3c 00 0a bf 00
INFO - 28 ad 08 3c 00 0a c7 00
INFO - 28 af 48 3c 00 0a be 00
INFO - 28 b2 88 3c 00 0a c7 00
INFO - 28 b6 c8 3c 00 0a f3 00
INFO - 28 b7 08 3c 00 0a a0 00
INFO - 28 bb 48 3c 00 0a da 00
INFO - 28 be 88 3c 00 0a e5 00
INFO - 28 c1 c8 3c 00 0a e2 00
INFO - 28 c3 08 3c 00 0a b1 00
INFO - 28 c6 48 3c 00 0a d5 00
INFO - 28 c9 88 3c 00 0a af 00
INFO - 28 cc c8 3c 00 0a d7 00
INFO - 28 cf 08 3c 00 0a d7 00
INFO - 28 d1 48 3c 00 0a bc 00
INFO - 28 d4 88 3c 00 0a b0 00
INFO - 28 d8 c8 3c 00 0b 0b 00
INFO - 28 da 08 3c 00 0a a4 00
INFO - 28 dd 48 3c 00 0a f0 00
INFO - 28 e0 88 3c 00 0a cc 00
INFO - 28 e2 c8 3c 00 0a b9 00
INFO - 28 e5 08 3c 00 0a ca 00
INFO - 28 e8 48 3c 00 0a bb 00
INFO - 28 ea 88 3c 00 0a a4 00
INFO - 28 ee c8 3c 00 0b 27 00
INFO - 28 f0 08 3c 00 0a a3 00
INFO - 28 f3 48 3c 00 0a b9 00
INFO - 28 f6 88 3c 00 0a d7 00
INFO - 28 f9 c8 3c 00 0a e5 00
INFO - 28 fb 08 3c 00 0a ad 00
INFO - 28 ff 48 3c 00 0a e8 00
INFO - 29 02 88 3c 00 0a ef 00
INFO - 29 04 c8 3c 00 0a 88 00
INFO - 29 06 08 3c 00 0a ac 00
INFO - 29 09 48 3c 00 0a d6 00
INFO - 29 16 88 3c 00 0a b8 00
INFO - 29 22 c8 3c 00 0a c9 00
INFO - 29 26 08 3c 00 0b 0c 00
INFO - 29 29 48 3c 00 0a c5 00
INFO - 29 2c 88 3c 00 0a e5 00
INFO - 29 2f c8 3c 00 0a aa 00
INFO - 29 31 08 3c 00 0a ac 00
INFO - 29 35 48 3c 00 0b 28 00
INFO - 29 38 88 3c 00 0a c5 00
INFO - 29 3b c8 3c 00 0a c7 00
INFO - 29 3d 08 3c 00 0a af 00
INFO - 29 40 48 3c 00 0a e2 00
INFO - 29 43 88 3c 00 0a b6 00
INFO - 29 45 c8 3c 00 0a bc 00
INFO - 29 48 08 3c 00 0a d1 00
INFO - 29 4c 48 3c 00 0b 0a 00
INFO - 29 4f 88 3c 00 0a b9 00
INFO - 29 52 c8 3c 00 0a fc 00
INFO - 29 55 08 3c 00 0a ca 00
INFO - 29 57 48 3c 00 0a 90 00
INFO - 29 5b 88 3c 00 0a fc 00
INFO - 29 5d c8 3c 00 0a b5 00
INFO - 29 5f 08 3c 00 0a 9e 00
INFO - 29 62 48 3c 00 0a e1 00
INFO - 29 66 88 3c 00 0a ee 00
INFO - 29 69 c8 3c 00 0a e0 00
INFO - 29 6b 08 3c 00 0a ac 00
INFO - 29 6e 48 3c 00 0a c6 00
INFO - 29 70 88 3c 00 0a ad 00
INFO - 29 72 c8 3c 00 0a a8 00
INFO - 29 76 08 3c 00 0a f0 00
INFO - 29 79 48 3c 00 0a dd 00
INFO - 29 7b 88 3c 00 0a ab 00
INFO - 29 7e c8 3c 00 0a e0 00
INFO - 29 81 08 3c 00 0a c5 00
INFO - 29 83 48 3c 00 0a 94 00
INFO - 29 86 88 3c 00 0a ed 00
INFO - 29 88 c8 3c 00 0a a7 00
INFO - 29 8b 08 3c 00 0a e3 00
INFO - 29 8e 48 3c 00 0a c1 00
INFO - 29 90 88 3c 00 0a b8 00
INFO - 29 92 c8 3c 00 0a a0 00
INFO - 29 96 08 3c 00 0b 04 00
INFO - 29 9c 48 3c 00 0a a4 00
INFO - 29 9e 88 3c 00 0a ad 00
INFO - 29 a0 c8 3c 00 0a 9a 00
INFO - 29 a2 08 3c 00 0a ba 00
INFO - 29 a4 48 3c 00 0a 9a 00
INFO - 29 a6 88 3c 00 0a a9 00
INFO - 29 a8 c8 3c 00 0a 93 00
INFO - 29 ab 08 3c 00 0a ce 00
INFO - 29 ae 48 3c 00 0a f0 00
INFO - 29 b1 88 3c 00 0a c1 00
INFO - 29 b4 c8 3c 00 0a c4 00
INFO - 29 b8 08 3c 00 0b 0a 00
INFO - 29 ba 48 3c 00 0a 99 00
INFO - 29 bd 88 3c 00 0a ec 00
INFO - 29 c1 c8 3c 00 0a f9 00
INFO - 29 c3 08 3c 00 0a aa 00
INFO - 29 c6 48 3c 00 0a d1 00
INFO - 29 ca 88 3c 00 0a f9 00
INFO - 29 cc c8 3c 00 0a bb 00
INFO - 29 ce 08 3c 00 0a 99 00
INFO - 29 d0 48 3c 00 0a bb 00
INFO - 29 d3 88 3c 00 0a dc 00
INFO - 29 d6 c8 3c 00 0a c8 00
INFO - 29 d8 08 3c 00 0a a8 00
INFO - 29 da 48 3c 00 0a a0 00
INFO - 29 dc 88 3c 00 0a a7 00
INFO - 29 de c8 3c 00 0a ab 00
INFO - 29 e1 08 3c 00 0a ad 00
INFO - 29 e3 48 3c 00 0a a7 00
INFO - 29 e5 88 3c 00 0a aa 00
INFO - 29 e7 c8 3c 00 0a ae 00
INFO - 29 e9 08 3c 00 0a b7 00
INFO - 29 ed 48 3c 00 0a dc 00
INFO - 29 ef 88 3c 00 0a ab 00
INFO - 29 f2 c8 3c 00 0a d2 00
INFO - 29 f4 08 3c 00 0a c5 00
INFO - 29 fc 48 3c 00 0b a6 00
INFO - 29 ff 88 3c 00 0a e0 00
INFO - 2a 01 c8 3c 00 0a b8 00
INFO - 2a 05 08 3c 00 0a f9 00
INFO - 2a 08 48 3c 00 0a c4 00
INFO - 2a 0a 88 3c 00 0a ad 00
INFO - 2a 0d c8 3c 00 0a c2 00
INFO - 2a 10 08 3c 00 0a d4 00
INFO - 2a 12 48 3c 00 0a 9a 00
INFO - 2a 14 88 3c 00 0a c7 00
INFO - 2a 17 c8 3c 00 0a b5 00
INFO - 2a 19 08 3c 00 0a a9 00
INFO - 2a 1b 48 3c 00 0a c4 00
INFO - 2a 1e 88 3c 00 0a b8 00
INFO - 2a 21 c8 3c 00 0a c4 00
INFO - 2a 24 08 3c 00 0a ec 00
INFO - 2a 27 48 3c 00 0a de 00
INFO - 2a 29 88 3c 00 0a a9 00
INFO - 2a 2c c8 3c 00 0a b7 00
INFO - 2a 2e 08 3c 00 0a aa 00
INFO - 2a 31 48 3c 00 0a d1 00
INFO - 2a 33 88 3c 00 0a aa 00
INFO - 2a 35 c8 3c 00 0a c3 00
INFO - 2a 38 08 3c 00 0a b7 00
INFO - 2a 3c 48 3c 00 0a f8 00
INFO - 2a 3e 88 3c 00 0a d0 00
INFO - 2a 41 c8 3c 00 0a c3 00
INFO - 2a 44 08 3c 00 0a de 00
INFO - 2a 46 48 3c 00 0a 9c 00
INFO - 2a 48 88 3c 00 0a 9b 00
INFO - 2a 4b c8 3c 00 0a ea 00
INFO - 2a 4e 08 3c 00 0a b7 00
INFO - 2a 50 48 3c 00 0a ab 00
INFO - 2a 53 88 3c 00 0a db 00
INFO - 2a 56 c8 3c 00 0a ec 00
INFO - 2a 59 08 3c 00 0a a7 00
INFO - 2a 5c 48 3c 00 0a e9 00
INFO - 2a 5e 88 3c 00 0a a8 00
INFO - 2a 60 c8 3c 00 0a b8 00
INFO - 2a 64 08 3c 00 0a da 00
INFO - 2a 67 48 3c 00 0a e9 00
INFO - 2a 69 88 3c 00 0a 9b 00
INFO - 2a 6b c8 3c 00 0a b9 00
INFO - 2a 6e 08 3c 00 0a cc 00
INFO - 2a 71 48 3c 00 0a dc 00
INFO - 2a 74 88 3c 00 0a dc 00
INFO - 2a 77 c8 3c 00 0a c2 00
INFO - 2a 79 08 3c 00 0a b5 00
INFO - 2a 7c 48 3c 00 0a c6 00
INFO - 2a 7e 88 3c 00 0a 98 00
INFO - 2a 80 c8 3c 00 0a c6 00
INFO - 2a 83 08 3c 00 0a b3 00
INFO - 2a 87 48 3c 00 0b 06 00
INFO - 2a 8a 88 3c 00 0a e7 00
INFO - 2a 8c c8 3c 00 0a a9 00
INFO - 2a 8f 08 3c 00 0a b9 00
INFO - 2a 91 48 3c 00 0a b3 00
INFO - 2a 94 88 3c 00 0a c7 00
INFO - 2a 95 c8 3c 00 0a 8b 00
INFO - 2a 98 08 3c 00 0a d4 00
INFO - 2a 9b 48 3c 00 0a b3 00
INFO - 2a 9c 88 3c 00 0a 93 00
INFO - 2a 9f c8 3c 00 0a b3 00
INFO - 2a a1 08 3c 00 0a aa 00
INFO - 2a a3 48 3c 00 0a ac 00
INFO - 2a a6 88 3c 00 0a eb 00
INFO - 2a aa c8 3c 00 0a e9 00
INFO - 2a ac 08 3c 00 0a a0 00
INFO - 2a af 48 3c 00 0a db 00
INFO - 2a b1 88 3c 00 0a b7 00
INFO - 2a b4 c8 3c 00 0a d0 00
INFO - 2a b7 08 3c 00 0a c7 00
INFO - 2a ba 48 3c 00 0a da 00
INFO - 2a bd 88 3c 00 0a c7 00
INFO - 2a c0 c8 3c 00 0a e8 00
INFO - 2a c2 08 3c 00 0a b8 00
INFO - 2a c5 48 3c 00 0a c1 00
INFO - 2a ca 88 3c 00 0b 2c 00
INFO - 2a cc c8 3c 00 0a b7 00
INFO - 2a d0 08 3c 00 0a ed 00
INFO - 2a d2 48 3c 00 0a b3 00
INFO - 2a d4 88 3c 00 0a b7 00
INFO - 2a d7 c8 3c 00 0a b8 00
INFO - 2a db 08 3c 00 0b 02 00
INFO - 2a dd 48 3c 00 0a 9e 00
INFO - 2a df 88 3c 00 0a c0 00
INFO - 2a e2 c8 3c 00 0a c6 00
INFO - 2a e5 08 3c 00 0a da 00
INFO - 2a e7 48 3c 00 0a 91 00
INFO - 2a e9 88 3c 00 0a c0 00
INFO - 2a eb c8 3c 00 0a ac 00
INFO - 2a ee 08 3c 00 0a 7a 00
INFO - 2a f2 48 3c 00 0b 05 00
INFO - 2a f5 88 3c 00 0a f9 00
INFO - 2a f8 c8 3c 00 0a bf 00
INFO - 2a fb 08 3c 00 0a c5 00
INFO - 2a fc 48 3c 00 0a 99 00
INFO - 2a ff 88 3c 00 0a c5 00
INFO - 2b 01 c8 3c 00 0a 9c 00
INFO - 2b 04 08 3c 00 0a e9 00
INFO - 2b 07 48 3c 00 0a b2 00
INFO - 2b 0a 88 3c 00 0a d2 00
INFO - 2b 0c c8 3c 00 0a bf 00
INFO - 2b 10 08 3c 00 0a ec 00
INFO - 2b 12 48 3c 00 0a cc 00
INFO - 2b 16 88 3c 00 0b 05 00
INFO - 2b 18 c8 3c 00 0a a6 00
INFO - 2b 1b 08 3c 00 0a b7 00
INFO - 2b 1d 48 3c 00 0a b2 00
INFO - 2b 1f 88 3c 00 0a 9d 00
INFO - 2b 21 c8 3c 00 0a b1 00
INFO - 2b 24 08 3c 00 0a b4 00
INFO - 2b 27 48 3c 00 0a d0 00
INFO - 2b 29 88 3c 00 0a cb 00
INFO - 2b 2d c8 3c 00 0a dd 00
INFO - 2b 2f 08 3c 00 0a a4 00
INFO - 2b 31 48 3c 00 0a b5 00
INFO - 2b 33 88 3c 00 0a b1 00
INFO - 2b 35 c8 3c 00 0a 9c 00
INFO - 2b 38 08 3c 00 0a c9 00
INFO - 2b 3a 48 3c 00 0a a7 00
INFO - 2b 3c 88 3c 00 0a b5 00
INFO - 2b 3e c8 3c 00 0a a3 00
INFO - 2b 40 08 3c 00 0a a7 00
INFO - 2b 43 48 3c 00 0a b0 00
INFO - 2b 45 88 3c 00 0a ce 00
INFO - 2b 49 c8 3c 00 0a fa 00
INFO - 2b 4c 08 3c 00 0a c0 00
INFO - 2b 4e 48 3c 00 0a af 00
INFO - 2b 50 88 3c 00 0a b3 00
INFO - 2b 52 c8 3c 00 0a 96 00
INFO - 2b 54 08 3c 00 0a b0 00
INFO - 2b 57 48 3c 00 0a b0 00
INFO - 2b 59 88 3c 00 0a b3 00
INFO - 2b 61 c8 3c 00 0b be 00
INFO - 2b 63 08 3c 00 0a b3 00
INFO - 2b 66 48 3c 00 0a c5 00
INFO - 2b 69 88 3c 00 0a e3 00
INFO - 2b 6b c8 3c 00 0a b9 00
INFO - 2b 6d 08 3c 00 0a 89 00
INFO - 2b 70 48 3c 00 0a e2 00
INFO - 2b 72 88 3c 00 0a bc 00
