INFO - a1 69 08 40 57 00 00 02
INFO - a1 69 48 40 57 00 00 02
INFO - a1 69 88 40 57 00 00 02
INFO - a1 69 c8 40 57 00 00 02
INFO - 89 05 08 08 40 28 2e 0b
INFO - 89 05 48 20 40 28 0e 03
INFO - 89 05 88 40 40 20 00 78
INFO - 89 07 88 08 40 28 2e 0b
INFO - 89 07 c8 20 40 28 0e 03
INFO - 89 07 08 40 40 21 e0 01
INFO - 89 09 08 08 40 28 2e 0b
INFO - 89 09 48 20 40 28 0e 03
INFO - 89 09 88 40 40 20 04 fc
INFO - 89 0b 88 08 40 28 2e 0b
INFO - 89 0b c8 20 40 28 0e 03
INFO - 89 0b 08 40 40 23 f0 00
INFO - 89 0d 08 08 40 28 2e 0b
INFO - 89 0d 48 20 40 28 0e 01
INFO - 89 0d 88 40 40 20 00 01
INFO - 89 0f 88 08 40 28 2e 0b
INFO - 89 0f c8 20 40 28 06 01
INFO - 89 0f 08 40 40 20 04 fc
INFO - 89 11 08 08 40 28 2e 0b
INFO - 89 11 48 20 40 28 06 01
INFO - 89 11 88 40 40 23 f0 01
INFO - 89 13 88 08 40 28 2e 0f
INFO - 89 13 c8 20 40 28 06 03
INFO - 89 13 08 40 40 20 04 fc
INFO - 89 15 08 08 40 28 3e 10
INFO - 89 15 48 20 40 28 0e 03
INFO - 89 15 88 40 40 23 f0 fd
INFO - 89 17 88 08 40 28 42 10
INFO - 89 17 c8 20 40 28 0e 03
INFO - 89 17 08 40 40 23 f4 01
INFO - 89 19 08 08 40 28 42 10
INFO - 89 19 48 20 40 28 0e 03
INFO - 89 19 88 40 40 20 04 fc
INFO - 89 1b 88 08 40 28 42 10
INFO - 89 1b c8 20 40 28 0e 01
INFO - 89 1b 08 40 40 23 f0 01
INFO - 89 1d 08 08 40 28 42 10
INFO - 89 1d 48 20 40 28 06 01
INFO - 89 1d 88 40 40 20 04 fc
INFO - 89 1f 88 08 40 28 42 10
INFO - 89 1f c8 20 40 28 06 01
INFO - 89 1f 08 40 40 23 f0 00
INFO - 89 21 08 08 40 28 42 10
INFO - 89 21 48 20 40 28 06 01
INFO - 89 21 88 40 40 20 00 01
INFO - 89 23 88 08 40 28 42 10
INFO - 89 23 c8 20 40 28 06 01
INFO - 89 23 08 40 40 20 04 fc
INFO - 89 25 08 08 40 28 42 10
INFO - 89 25 48 20 40 28 06 01
INFO - 89 25 88 40 40 23 f0 01
INFO - 89 27 88 08 40 28 42 10
INFO - 89 27 c8 20 40 28 06 01
INFO - 89 27 08 40 40 20 04 fc
INFO - 89 29 08 08 40 28 42 10
INFO - 89 29 48 20 40 28 05 ff
INFO - 89 29 88 40 40 23 f0 00
INFO - 89 2b 88 08 40 28 42 10
INFO - 89 2b c8 20 40 27 fd ff
INFO - 89 2b 08 40 40 20 00 01
INFO - 89 2d 08 08 40 28 42 10
INFO - 89 2d 48 20 40 27 fd ff
INFO - 89 2d 88 40 40 20 04 fc
INFO - 89 2f 88 08 40 28 42 10
INFO - 89 2f c8 20 40 27 fe 01
INFO - 89 2f 08 40 40 23 f0 00
INFO - 89 31 08 08 40 28 41 f6
INFO - 89 31 48 20 40 28 06 01
INFO - 89 31 88 40 40 20 00 01
INFO - 89 33 88 08 40 27 d9 f1
INFO - 89 33 c8 20 40 28 06 03
INFO - 89 33 08 40 40 20 04 fc
INFO - 89 35 08 08 40 27 c6 13
INFO - 89 35 48 20 40 28 0e 03
INFO - 89 35 88 40 40 23 f0 01
INFO - 89 37 88 08 40 28 4d fc
INFO - 89 37 c8 20 40 28 0e 03
INFO - 89 37 08 40 40 20 04 fc
INFO - 89 39 08 08 40 27 f1 f5
INFO - 89 39 48 20 40 28 0e 03
INFO - 89 39 88 40 40 23 f0 fd
INFO - 89 3b 88 08 40 27 d5 f5
INFO - 89 3b c8 20 40 28 0e 03
INFO - 89 3b 08 40 40 23 f4 01
INFO - 89 3d 08 08 40 27 d5 f5
INFO - 89 3d 48 20 40 28 0e 03
INFO - 89 3d 88 40 40 20 04 fc
INFO - 89 3f 88 08 40 27 d5 f5
INFO - 89 3f c8 20 40 28 0e 03
INFO - 89 3f 08 40 40 23 f0 01
INFO - 89 41 08 08 40 27 d5 f5
INFO - 89 41 48 20 40 28 0e 03
INFO - 89 41 88 40 40 20 04 fc
INFO - 89 43 88 08 40 27 d5 f5
INFO - 89 43 c8 20 40 28 0e 01
INFO - 89 43 08 40 40 23 f0 fd
INFO - 89 45 08 08 40 27 d5 f5
INFO - 89 45 48 20 40 28 05 ff
INFO - 89 45 88 40 40 23 f4 01
INFO - 89 47 88 08 40 27 d5 f5
INFO - 89 47 c8 20 40 27 fd ff
INFO - 89 47 08 40 40 20 04 fc
INFO - 89 49 08 08 40 27 d5 f5
INFO - 89 49 48 20 40 27 fd ff
INFO - 89 49 88 40 40 23 f0 01
INFO - 89 4b 88 08 40 27 d5 f5
INFO - 89 4b c8 20 40 27 fd ff
INFO - 89 4b 08 40 40 20 04 fc
INFO - 89 4d 08 08 40 27 d5 f5
INFO - 89 4d 48 20 40 27 fd ff
INFO - 89 4d 88 40 40 23 f0 00
INFO - 89 4f 88 08 40 27 d5 f5
INFO - 89 4f c8 20 40 27 fd ff
INFO - 89 4f 08 40 40 20 00 01
INFO - 89 51 08 08 40 27 d5 f5
INFO - 89 51 48 20 40 27 fd ff
INFO - 89 51 88 40 40 20 04 fc
INFO - 89 53 88 08 40 27 d5 f5
INFO - 89 53 c8 20 40 27 fd ff
INFO - 89 53 08 40 40 23 f0 fd
INFO - 89 55 08 08 40 27 d5 f5
INFO - 89 55 48 20 40 27 fd ff
INFO - 89 55 88 40 40 23 f4 01
INFO - 89 57 88 08 40 27 d6 42
INFO - 89 57 c8 20 40 27 fd ff
INFO - 89 57 08 40 40 20 04 fc
INFO - 89 59 08 08 40 29 0a 4b
INFO - 89 59 48 20 40 27 fd ff
INFO - 89 59 88 40 40 23 f0 01
INFO - 89 5b 88 08 40 29 2e 4b
INFO - 89 5b c8 20 40 27 fd ff
INFO - 89 5b 08 40 40 20 04 fc
INFO - 89 5d 08 08 40 29 2e 4b
INFO - 89 5d 48 20 40 27 fd ff
INFO - 89 5d 88 40 40 23 f0 00
INFO - 89 5f 88 08 40 29 2e 4b
INFO - 89 5f c8 20 40 27 fd ff
INFO - 89 5f 08 40 40 20 00 01
INFO - 89 61 08 08 40 29 2e 4b
INFO - 89 61 48 20 40 27 fd ff
INFO - 89 61 88 40 40 20 04 fc
INFO - 89 63 88 08 40 29 2e 4b
INFO - 89 63 c8 20 40 27 fd ff
INFO - 89 63 08 40 40 23 f0 01
INFO - a9 65 48 40 57 00 00 02
INFO - a9 65 88 40 57 00 00 02
INFO - a9 65 c8 40 57 00 00 02
INFO - a9 65 08 40 57 00 00 02
INFO - 89 65 08 08 40 29 2e 4b
INFO - 89 65 48 20 40 27 fd ff
INFO - 89 65 88 40 40 20 04 fc
INFO - 89 67 88 08 40 29 2e 4b
INFO - 89 67 c8 20 40 27 fd ff
INFO - 89 67 08 40 40 23 f0 fd
INFO - 89 69 08 08 40 29 2e 4b
INFO - 89 69 48 20 40 27 fd ff
INFO - 89 69 88 40 40 23 f4 01
INFO - 89 6b 88 08 40 29 2e 4b
INFO - 89 6b c8 20 40 27 fd ff
INFO - 89 6b 08 40 40 20 04 fc
INFO - 89 6d 08 08 40 29 2e 4b
INFO - 89 6d 48 20 40 27 fd ff
INFO - 89 6d 88 40 40 23 f0 00
INFO - 89 6f 88 08 40 29 2e 4b
INFO - 89 6f c8 20 40 27 fd ff
INFO - 89 6f 08 40 40 20 00 01
INFO - 89 71 08 08 40 29 2e 4b
INFO - 89 71 48 20 40 27 fe 01
INFO - 89 71 88 40 40 20 04 fc
INFO - 89 73 88 08 40 29 2e 4b
INFO - 89 73 c8 20 40 28 06 01
INFO - 89 73 08 40 40 23 f0 fd
INFO - 89 75 08 08 40 29 2e 4b
INFO - 89 75 48 20 40 28 06 01
INFO - 89 75 88 40 40 23 f4 01
INFO - 89 77 88 08 40 29 2d fd
INFO - 89 77 c8 20 40 28 06 01
INFO - 89 77 08 40 40 20 04 fc
INFO - 89 79 08 08 40 27 f5 eb
INFO - 89 79 48 20 40 28 06 01
INFO - 89 79 88 40 40 23 f0 00
INFO - 89 7b 88 08 40 27 ad f7
INFO - 89 7b c8 20 40 28 06 01
INFO - 89 7b 08 40 40 20 00 01
INFO - 89 7d 08 08 40 27 dd ee
INFO - 89 7d 48 20 40 28 06 03
INFO - 89 7d 88 40 40 20 04 fc
INFO - 89 7f 88 08 40 27 b9 eb
INFO - 89 7f c8 20 40 28 0e 01
INFO - 89 7f 08 40 40 23 f0 00
INFO - 89 81 08 08 40 27 ad eb
INFO - 89 81 48 20 40 28 05 ff
INFO - 89 81 88 40 40 20 00 01
INFO - 89 83 88 08 40 27 ad eb
INFO - 89 83 c8 20 40 27 fd ff
INFO - 89 83 08 40 40 20 04 fc
INFO - 89 85 08 08 40 27 ad eb
INFO - 89 85 48 20 40 27 fd ff
INFO - 89 85 88 40 40 23 f0 01
INFO - 89 87 88 08 40 27 ad eb
INFO - 89 87 c8 20 40 27 fd ff
INFO - 89 87 08 40 40 20 04 fc
INFO - 89 89 08 08 40 27 ad eb
INFO - 89 89 48 20 40 27 fd ff
INFO - 89 89 88 40 40 23 f0 fd
INFO - 89 8b 88 08 40 27 ad eb
INFO - 89 8b c8 20 40 27 fd ff
INFO - 89 8b 08 40 40 23 f4 01
INFO - 89 8d 08 08 40 27 ad eb
INFO - 89 8d 48 20 40 27 fd ff
INFO - 89 8d 88 40 40 20 04 fc
INFO - 89 8f 88 08 40 27 ad eb
INFO - 89 8f c8 20 40 27 fd ff
INFO - 89 8f 08 40 40 23 f0 00
INFO - 89 91 08 08 40 27 ad eb
INFO - 89 91 48 20 40 27 fd ff
INFO - 89 91 88 40 40 20 00 01
INFO - 89 93 88 08 40 27 ad e0
INFO - 89 93 c8 20 40 27 fd ff
INFO - 89 93 08 40 40 20 04 fc
INFO - 89 95 08 08 40 27 81 dd
INFO - 89 95 48 20 40 27 fd ff
INFO - 89 95 88 40 40 23 f0 00
INFO - 89 97 88 08 40 27 75 dd
INFO - 89 97 c8 20 40 27 fd ff
INFO - 89 97 08 40 40 20 00 01
INFO - 89 99 08 08 40 27 75 dd
INFO - 89 99 48 20 40 27 fd ff
INFO - 89 99 88 40 40 20 04 fc
INFO - 89 9b 88 08 40 27 75 dd
INFO - 89 9b c8 20 40 27 fd ff
INFO - 89 9b 08 40 40 23 f0 00
INFO - 89 9d 08 08 40 27 75 dd
INFO - 89 9d 48 20 40 27 fd ff
INFO - 89 9d 88 40 40 20 00 01
INFO - 89 9f 88 08 40 27 75 dd
INFO - 89 9f c8 20 40 27 fd ff
INFO - 89 9f 08 40 40 20 04 fc
INFO - 89 a1 08 08 40 27 75 dd
INFO - 89 a1 48 20 40 27 fd ff
INFO - 89 a1 88 40 40 23 f0 01
INFO - 89 a3 88 08 40 27 75 dd
INFO - 89 a3 c8 20 40 27 fd ff
INFO - 89 a3 08 40 40 20 04 fc
INFO - 89 a5 08 08 40 27 75 dd
INFO - 89 a5 48 20 40 27 fd ff
INFO - 89 a5 88 40 40 23 f0 fd
INFO - 89 a7 88 08 40 27 75 dd
INFO - 89 a7 c8 20 40 27 fd ff
INFO - 89 a7 08 40 40 23 f4 01
INFO - 89 a9 08 08 40 27 76 06
INFO - 89 a9 48 20 40 27 fd ff
INFO - 89 a9 88 40 40 20 04 fc
INFO - 89 ab 88 08 40 28 1a 10
INFO - 89 ab c8 20 40 27 fd ff
INFO - 89 ab 08 40 40 23 f0 00
INFO - 89 ad 08 08 40 28 42 10
INFO - 89 ad 48 20 40 27 fd ff
INFO - 89 ad 88 40 40 20 00 01
INFO - 89 af 88 08 40 28 42 10
INFO - 89 af c8 20 40 27 fd ff
INFO - 89 af 08 40 40 20 04 fc
INFO - 89 b1 08 08 40 28 42 10
INFO - 89 b1 48 20 40 27 fd ff
INFO - 89 b1 88 40 40 23 f0 01
INFO - 89 b3 88 08 40 28 42 10
INFO - 89 b3 c8 20 40 27 fd ff
INFO - 89 b3 08 40 40 20 04 fc
INFO - 89 b5 08 08 40 28 42 10
INFO - 89 b5 48 20 40 27 fd ff
INFO - 89 b5 88 40 40 23 f0 00
INFO - 89 b7 88 08 40 28 42 10
INFO - 89 b7 c8 20 40 27 fd ff
INFO - 89 b7 08 40 40 20 00 01
INFO - 89 b9 08 08 40 28 42 10
INFO - 89 b9 48 20 40 27 fd ff
INFO - 89 b9 88 40 40 20 04 fc
INFO - 89 bb 88 08 40 28 42 10
INFO - 89 bb c8 20 40 27 fd ff
INFO - 89 bb 08 40 40 23 f0 00
INFO - 89 bd 08 08 40 28 42 10
INFO - 89 bd 48 20 40 27 fd ff
INFO - 89 bd 88 40 40 20 00 01
INFO - 89 bf 88 08 40 28 42 10
INFO - 89 bf c8 20 40 27 fd ff
INFO - 89 bf 08 40 40 20 04 fc
INFO - 89 c1 08 08 40 28 42 10
INFO - 89 c1 48 20 40 27 fd ff
INFO - 89 c1 88 40 40 23 f0 fd
INFO - 89 c3 88 08 40 28 42 10
INFO - 89 c3 c8 20 40 27 fd ff
INFO - 89 c3 08 40 40 23 f4 01
INFO - 89 c5 08 08 40 28 42 10
INFO - 89 c5 48 20 40 27 fd ff
INFO - 89 c5 88 40 40 20 04 fc
INFO - 89 c7 88 08 40 28 42 15
INFO - 89 c7 c8 20 40 27 fd ff
INFO - 89 c7 08 40 40 23 f0 00
INFO - 89 c9 08 08 40 28 56 16
INFO - 89 c9 48 20 40 27 fd ff
INFO - 89 c9 88 40 40 20 00 fd
INFO - 89 cb 88 08 40 48 5a 16
INFO - 89 cb c8 20 40 47 fd ff
INFO - 89 cb 08 40 40 43 f4 00
INFO - 89 cf 88 08 40 28 5a 16
INFO - 89 cf c8 20 40 27 fd ff
INFO - 89 cf 08 40 40 20 00 00
INFO - 89 d1 08 08 40 28 5a 16
INFO - 89 d1 48 20 40 27 fd ff
INFO - 89 d1 88 40 40 20 00 fc
INFO - 89 d3 88 08 40 28 5a 16
INFO - 89 d3 c8 20 40 27 fd ff
INFO - 89 d3 08 40 40 23 f0 00
INFO - 89 d5 08 08 40 28 5a 16
INFO - 89 d5 48 20 40 27 fd ff
INFO - 89 d5 88 40 40 20 00 01
INFO - 89 d7 88 08 40 28 5a 16
INFO - 89 d7 c8 20 40 27 fd ff
INFO - 89 d7 08 40 40 20 04 fc
INFO - 89 d9 08 08 40 28 5a 16
INFO - 89 d9 48 20 40 27 fd ff
INFO - 89 d9 88 40 40 23 f0 01
INFO - 89 db 88 08 40 28 5a 16
INFO - 89 db c8 20 40 27 fd ff
INFO - 89 db 08 40 40 20 04 fc
INFO - 89 dd 08 08 40 28 5a 16
INFO - 89 dd 48 20 40 27 fd fd
INFO - 89 dd 88 40 40 23 f0 00
INFO - 89 df 88 08 40 28 5a 16
INFO - 89 df c8 20 40 27 f5 fd
INFO - 89 df 08 40 40 20 00 01
INFO - 89 e1 08 08 40 28 5a 16
INFO - 89 e1 48 20 40 27 f5 fd
INFO - 89 e1 88 40 40 20 04 fc
INFO - 89 e3 88 08 40 28 5a 16
INFO - 89 e3 c8 20 40 27 f5 fd
INFO - 89 e3 08 40 40 23 f0 fd
INFO - 89 e5 08 08 40 28 5a 16
INFO - 89 e5 48 20 40 27 f5 fd
INFO - 89 e5 88 40 40 23 f4 01
INFO - 89 e7 88 08 40 28 59 cd
INFO - 89 e7 c8 20 40 27 f5 fd
INFO - 89 e7 08 40 40 20 04 fc
INFO - 89 e9 08 08 40 27 35 c0
INFO - 89 e9 48 20 40 27 f5 fd
INFO - 89 e9 88 40 40 23 f0 01
INFO - 89 eb 88 08 40 27 01 c0
INFO - 89 eb c8 20 40 27 f5 ff
INFO - 89 eb 08 40 40 20 04 fc
INFO - 89 ed 08 08 40 27 01 c0
INFO - 89 ed 48 20 40 27 fd ff
INFO - 89 ed 88 40 40 23 f0 00
INFO - 89 ef 88 08 40 27 01 c0
INFO - 89 ef c8 20 40 27 fd ff
INFO - 89 ef 08 40 40 20 00 01
INFO - 89 f1 08 08 40 27 01 c0
INFO - 89 f1 48 20 40 27 fd ff
INFO - 89 f1 88 40 40 20 04 fc
INFO - 89 f3 88 08 40 27 01 c0
INFO - 89 f3 c8 20 40 27 fd ff
INFO - 89 f3 08 40 40 23 f0 00
INFO - 89 f5 08 08 40 27 01 c0
INFO - 89 f5 48 20 40 27 fd ff
INFO - 89 f5 88 40 40 20 00 01
INFO - 89 f7 88 08 40 27 01 c0
INFO - 89 f7 c8 20 40 27 fd fd
INFO - 89 f7 08 40 40 20 04 fc
INFO - 89 f9 08 08 40 27 01 c0
INFO - 89 f9 48 20 40 27 f5 fd
INFO - 89 f9 88 40 40 23 f0 01
INFO - 89 fb 88 08 40 27 01 c0
INFO - 89 fb c8 20 40 27 f5 ff
INFO - 89 fb 08 40 40 20 04 fc
INFO - 89 fd 08 08 40 27 01 c0
INFO - 89 fd 48 20 40 27 fd ff
INFO - 89 fd 88 40 40 23 f0 00
INFO - 89 ff 88 08 40 27 01 c0
INFO - 89 ff c8 20 40 27 fd ff
INFO - 89 ff 08 40 40 20 00 01
INFO - 8a 01 08 08 40 27 01 c0
INFO - 8a 01 48 20 40 27 fd ff
INFO - 8a 01 88 40 40 20 04 fc
INFO - 8a 03 88 08 40 27 01 c0
INFO - 8a 03 c8 20 40 27 fd ff
INFO - 8a 03 08 40 40 23 f0 01
INFO - 8a 05 08 08 40 27 01 bf
INFO - 8a 05 48 20 40 27 fd fd
INFO - 8a 05 88 40 40 20 04 fc
INFO - 8a 07 88 08 40 26 fd be
INFO - 8a 07 c8 20 40 27 f5 fd
INFO - 8a 07 08 40 40 23 f0 00
INFO - 8a 09 08 08 40 26 f9 be
INFO - 8a 09 48 20 40 27 f5 fd
INFO - 8a 09 88 40 40 20 00 01
INFO - 8a 0b 88 08 40 26 f9 be
INFO - 8a 0b c8 20 40 27 f5 fd
INFO - 8a 0b 08 40 40 20 04 fc
INFO - 8a 0d 08 08 40 26 f9 f8
INFO - 8a 0d 48 20 40 27 f5 fb
INFO - 8a 0d 88 40 40 23 f0 00
INFO - 8a 0f 88 08 40 27 e1 cf
INFO - 8a 0f c8 20 40 27 ed fb
INFO - 8a 0f 08 40 40 20 00 01
INFO - 8a 11 08 08 40 27 3d bd
INFO - 8a 11 48 20 40 27 ed fb
INFO - 8a 11 88 40 40 20 04 fc
INFO - 8a 13 88 08 40 26 f5 bd
INFO - 8a 13 c8 20 40 27 ed fb
INFO - 8a 13 08 40 40 23 f0 01
INFO - 8a 15 08 08 40 26 f5 bd
INFO - 8a 15 48 20 40 27 ed fb
INFO - 8a 15 88 40 40 20 04 fc
INFO - 8a 17 88 08 40 26 f5 bd
INFO - 8a 17 c8 20 40 27 ed fb
INFO - 8a 17 08 40 40 23 f0 fd
INFO - 8a 19 08 08 40 26 f5 bd
INFO - 8a 19 48 20 40 27 ed fb
INFO - 8a 19 88 40 40 23 f4 01
INFO - 8a 1b 88 08 40 26 f5 bd
INFO - 8a 1b c8 20 40 27 ed fb
INFO - 8a 1b 08 40 40 20 04 fc
INFO - 8a 1d 08 08 42 c6 f6 15
INFO - 8a 1d 48 20 42 c7 ed fd
INFO - 8a 1d 88 40 42 c3 f0 00
INFO - 8a 49 08 08 40 28 56 15
INFO - 8a 49 48 20 40 27 f5 fd
INFO - 8a 49 88 40 40 20 00 00
INFO - 8a 4b 88 08 40 28 55 bd
INFO - 8a 4b c8 20 40 27 f5 fd
INFO - 8a 4b 08 40 40 20 00 fc
INFO - 8a 4d 08 08 40 26 f5 b0
INFO - 8a 4d 48 20 40 27 f5 fb
INFO - 8a 4d 88 40 40 23 f0 00
INFO - 8a 4f 88 08 40 26 c1 b0
INFO - 8a 4f c8 20 40 27 ed fb
INFO - 8a 4f 08 40 40 20 00 01
INFO - 8a 51 08 08 40 26 c1 b0
INFO - 8a 51 48 20 40 27 ed fb
INFO - 8a 51 88 40 40 20 04 fc
INFO - 8a 53 88 08 40 26 c1 b0
INFO - 8a 53 c8 20 40 27 ed fb
INFO - 8a 53 08 40 40 23 f0 fd
INFO - 8a 55 08 08 40 26 c1 b0
INFO - 8a 55 48 20 40 27 ed fb
INFO - 8a 55 88 40 40 23 f4 01
INFO - 8a 57 88 08 40 26 c1 b0
INFO - 8a 57 c8 20 40 27 ed fb
INFO - 8a 57 08 40 40 20 04 fc
INFO - 8a 59 08 08 40 26 c1 b0
INFO - 8a 59 48 20 40 27 ed fb
INFO - 8a 59 88 40 40 23 f0 01
INFO - 8a 5b 88 08 40 26 c1 b0
INFO - 8a 5b c8 20 40 27 ed fd
INFO - 8a 5b 08 40 40 20 04 fc
INFO - 8a 5d 08 08 40 26 c1 b0
INFO - 8a 5d 48 20 40 27 f5 fd
INFO - 8a 5d 88 40 40 23 f0 fd
INFO - 8a 5f 88 08 40 26 c1 b0
INFO - 8a 5f c8 20 40 27 f5 fd
INFO - 8a 5f 08 40 40 23 f4 01
INFO - 8a 61 08 08 40 26 c1 b0
INFO - 8a 61 48 20 40 27 f5 fd
INFO - 8a 61 88 40 40 20 04 fc
INFO - 8a 63 88 08 40 26 c1 b0
INFO - 8a 63 c8 20 40 27 f5 fd
INFO - 8a 63 08 40 40 23 f0 fd
INFO - 8a 65 08 08 40 26 c1 b0
INFO - 8a 65 48 20 40 27 f5 fd
INFO - 8a 65 88 40 40 23 f4 01
INFO - 8a 67 88 08 40 26 c1 fe
INFO - 8a 67 c8 20 40 27 f5 ff
INFO - 8a 67 08 40 40 20 04 fc
INFO - 8a 69 08 08 40 27 fa 10
INFO - 8a 69 48 20 40 27 fd ff
INFO - 8a 69 88 40 40 23 f0 00
INFO - 8a 6b 88 08 40 28 42 10
INFO - 8a 6b c8 20 40 27 fd ff
INFO - 8a 6b 08 40 40 20 00 01
INFO - 8a 6d 08 08 40 28 42 10
INFO - 8a 6d 48 20 40 27 fd fd
INFO - 8a 6d 88 40 40 20 04 fc
INFO - 8a 6f 88 08 40 28 42 10
INFO - 8a 6f c8 20 40 27 f5 fd
INFO - 8a 6f 08 40 40 23 f0 01
INFO - 8a 71 08 08 40 28 42 10
INFO - 8a 71 48 20 40 27 f5 fd
INFO - 8a 71 88 40 40 20 04 fc
INFO - 8a 73 88 08 40 28 42 10
INFO - 8a 73 c8 20 40 27 f5 fd
INFO - 8a 73 08 40 40 23 f0 00
INFO - 8a 75 08 08 40 28 42 10
INFO - 8a 75 48 20 40 27 f5 ff
INFO - 8a 75 88 40 40 20 00 01
INFO - 8a 77 88 08 40 28 42 10
INFO - 8a 77 c8 20 40 27 fd ff
INFO - 8a 77 08 40 40 20 04 fc
INFO - 8a 79 08 08 40 28 42 10
INFO - 8a 79 48 20 40 27 fd ff
INFO - 8a 79 88 40 40 23 f0 fd
INFO - 8a 7b 88 08 40 28 41 f3
INFO - 8a 7b c8 20 40 27 fd ff
INFO - 8a 7b 08 40 40 23 f4 01
INFO - 8a 7d 08 08 40 27 ce 0b
INFO - 8a 7d 48 20 40 27 fd ff
INFO - 8a 7d 88 40 40 20 04 fc
INFO - 8a 7f 88 08 40 28 2e 13
INFO - 8a 7f c8 20 40 27 fd ff
INFO - 8a 7f 08 40 40 23 f0 01
INFO - 8a 81 08 08 40 28 4e 13
INFO - 8a 81 48 20 40 27 fd fd
INFO - 8a 81 88 40 40 20 04 fc
INFO - 8a 83 88 08 40 28 4e 13
INFO - 8a 83 c8 20 40 27 f5 fd
INFO - 8a 83 08 40 40 23 f0 fd
INFO - 8a 85 08 08 40 28 4e 13
INFO - 8a 85 48 20 40 27 f5 ff
INFO - 8a 85 88 40 40 23 f4 01
INFO - 8a 87 88 08 40 28 4e 13
INFO - 8a 87 c8 20 40 27 fd ff
INFO - 8a 87 08 40 40 20 04 fc
INFO - 8a 89 08 08 40 28 4e 13
INFO - 8a 89 48 20 40 27 fd ff
INFO - 8a 89 88 40 40 23 f0 00
INFO - 8a 8b 88 08 40 28 4e 13
INFO - 8a 8b c8 20 40 27 fd ff
INFO - 8a 8b 08 40 40 20 00 00
INFO - 8a 8d 08 08 40 28 4e 13
INFO - 8a 8d 48 20 40 27 fd fd
INFO - 8a 8d 88 40 40 20 00 01
INFO - 8a 8f 88 08 40 28 4e 13
INFO - 8a 8f c8 20 40 27 f5 fd
INFO - 8a 8f 08 40 40 20 04 fc
INFO - 8a 91 08 08 40 28 4e 13
INFO - 8a 91 48 20 40 27 f5 fb
INFO - 8a 91 88 40 40 23 f0 fd
INFO - 8a 93 88 08 40 28 4e 13
INFO - 8a 93 c8 20 40 27 ed fd
INFO - 8a 93 08 40 40 23 f4 01
INFO - 8a 95 08 08 40 28 4e 13
INFO - 8a 95 48 20 40 27 f5 fd
INFO - 8a 95 88 40 40 20 04 fc
INFO - 8a 97 88 08 40 28 4e 13
INFO - 8a 97 c8 20 40 27 f5 fd
INFO - 8a 97 08 40 40 23 f0 01
INFO - 8a 99 08 08 40 28 4e 13
INFO - 8a 99 48 20 40 27 f5 fd
INFO - 8a 99 88 40 40 20 04 fc
INFO - 8a 9b 88 08 40 28 4e 13
INFO - 8a 9b c8 20 40 27 f5 fd
INFO - 8a 9b 08 40 40 23 f0 01
INFO - 8a 9d 08 08 40 28 4d ef
INFO - 8a 9d 48 20 40 27 f5 fd
INFO - 8a 9d 88 40 40 20 04 fc
INFO - 8a 9f 88 08 40 27 bd e8
INFO - 8a 9f c8 20 40 27 f5 fd
INFO - 8a 9f 08 40 40 23 f0 00
INFO - 8a a1 08 08 40 27 a1 e8
INFO - 8a a1 48 20 40 27 f5 fd
INFO - 8a a1 88 40 40 20 00 01
INFO - 8a a3 88 08 40 27 a1 e8
INFO - 8a a3 c8 20 40 27 f5 fd
INFO - 8a a3 08 40 40 20 04 fc
INFO - 8a a5 08 08 40 27 a1 e8
INFO - 8a a5 48 20 40 27 f5 fd
INFO - 8a a5 88 40 40 23 f0 01
INFO - 8a a7 88 08 40 27 a1 e8
INFO - 8a a7 c8 20 40 27 f5 fd
INFO - 8a a7 08 40 40 20 04 fc
INFO - 8a a9 08 08 40 27 a1 e8
INFO - 8a a9 48 20 40 27 f5 fd
INFO - 8a a9 88 40 40 23 f0 fd
INFO - 8a ab 88 08 40 27 a1 e8
INFO - 8a ab c8 20 40 27 f5 fb
INFO - 8a ab 08 40 40 23 f4 01
INFO - 8a ad 08 08 40 27 a1 e8
INFO - 8a ad 48 20 40 27 ed fb
INFO - 8a ad 88 40 40 20 04 fc
INFO - 8a af 88 08 40 27 a1 e8
INFO - 8a af c8 20 40 27 ed fb
INFO - 8a af 08 40 40 23 f0 01
INFO - 8a b1 08 08 40 27 a1 e8
INFO - 8a b1 48 20 40 27 ed fb
INFO - 8a b1 88 40 40 20 04 fc
INFO - 8a b3 88 08 40 27 a1 e8
INFO - 8a b3 c8 20 40 27 ed fb
INFO - 8a b3 08 40 40 23 f0 fd
INFO - 8a b5 08 08 40 27 a1 e8
INFO - 8a b5 48 20 40 27 ed fd
INFO - 8a b5 88 40 40 23 f4 01
INFO - 8a b7 88 08 40 27 a1 e8
INFO - 8a b7 c8 20 40 27 f5 fd
INFO - 8a b7 08 40 40 20 04 fc
INFO - 8a b9 08 08 40 27 a1 e8
INFO - 8a b9 48 20 40 27 f5 ff
INFO - 8a b9 88 40 40 23 f0 fd
INFO - 8a bb 88 08 40 27 a2 02
INFO - 8a bb c8 20 40 27 fd fd
INFO - 8a bb 08 40 40 23 f4 01
INFO - 8a bd 08 08 40 28 0a 09
INFO - 8a bd 48 20 40 27 f5 fd
INFO - 8a bd 88 40 40 20 04 fc
INFO - 8a bf 88 08 40 28 26 09
INFO - 8a bf c8 20 40 27 f5 fd
INFO - 8a bf 08 40 40 23 f0 00
INFO - 8a c1 08 08 40 28 26 09
INFO - 8a c1 48 20 40 27 f5 fd
INFO - 8a c1 88 40 40 20 00 01
INFO - 8a c3 88 08 40 28 26 09
INFO - 8a c3 c8 20 40 27 f5 fd
INFO - 8a c3 08 40 40 20 04 fc
INFO - 8a c5 08 08 40 28 26 09
INFO - 8a c5 48 20 40 27 f5 fd
INFO - 8a c5 88 40 40 23 f0 fd
INFO - 8a c7 88 08 40 28 26 09
INFO - 8a c7 c8 20 40 27 f5 fd
INFO - 8a c7 08 40 40 23 f4 01
INFO - 8a c9 08 08 40 28 26 09
INFO - 8a c9 48 20 40 27 f5 fd
INFO - 8a c9 88 40 40 20 04 fc
INFO - 8a cb 88 08 40 28 26 09
INFO - 8a cb c8 20 40 27 f5 ff
INFO - 8a cb 08 40 40 23 f0 00
INFO - 8a cd 08 08 40 28 26 09
INFO - 8a cd 48 20 40 27 fd ff
INFO - 8a cd 88 40 40 20 00 01
INFO - 8a cf 88 08 40 28 26 09
INFO - 8a cf c8 20 40 27 fd ff
INFO - 8a cf 08 40 40 20 04 00
INFO - 8a d1 08 08 40 28 26 09
INFO - 8a d1 48 20 40 27 fd ff
INFO - 8a d1 88 40 40 20 00 fc
INFO - 8a d3 88 08 40 28 26 09
INFO - 8a d3 c8 20 40 27 fd ff
INFO - 8a d3 08 40 40 23 f0 00
INFO - 8a d5 08 08 40 28 26 09
INFO - 8a d5 48 20 40 27 fd fd
INFO - 8a d5 88 40 40 20 00 01
INFO - 8a d7 88 08 40 28 25 eb
INFO - 8a d7 c8 20 40 27 f5 fd
INFO - 8a d7 08 40 40 20 04 fc
INFO - 8a d9 08 08 40 27 ad e6
INFO - 8a d9 48 20 40 27 f5 fb
INFO - 8a d9 88 40 40 23 f0 00
INFO - 8a db 88 08 40 27 99 e6
INFO - 8a db c8 20 40 27 ed fb
INFO - 8a db 08 40 40 20 00 01
INFO - 8a dd 08 08 40 27 99 e6
INFO - 8a dd 48 20 40 27 ed fb
INFO - 8a dd 88 40 40 20 04 fc
INFO - 8a df 88 08 40 27 99 e6
INFO - 8a df c8 20 40 27 ed fb
INFO - 8a df 08 40 40 23 f0 fd
INFO - 8a e1 08 08 40 27 99 e6
INFO - 8a e1 48 20 40 27 ed fb
INFO - 8a e1 88 40 40 23 f4 01
INFO - 8a e3 88 08 40 27 99 e6
INFO - 8a e3 c8 20 40 27 ed fb
INFO - 8a e3 08 40 40 20 04 fc
INFO - 8a e5 08 08 40 27 99 e6
INFO - 8a e5 48 20 40 27 ed f9
INFO - 8a e5 88 40 40 23 f0 01
INFO - 8a e7 88 08 40 27 99 e6
INFO - 8a e7 c8 20 40 27 e5 fb
INFO - 8a e7 08 40 40 20 04 fc
INFO - 8a e9 08 08 40 27 99 e6
INFO - 8a e9 48 20 40 27 ed fb
INFO - 8a e9 88 40 40 23 f0 fd
INFO - 8a eb 88 08 40 27 99 e6
INFO - 8a eb c8 20 40 27 ed fb
INFO - 8a eb 08 40 40 23 f4 01
INFO - 8a ed 08 08 40 27 99 e6
INFO - 8a ed 48 20 40 27 ed fd
INFO - 8a ed 88 40 40 20 04 fc
INFO - 8a ef 88 08 40 27 99 e6
INFO - 8a ef c8 20 40 27 f5 fd
INFO - 8a ef 08 40 40 23 f0 01
INFO - 8a f1 08 08 40 27 99 e6
INFO - 8a f1 48 20 40 27 f5 fd
INFO - 8a f1 88 40 40 20 04 fc
INFO - 8a f3 88 08 40 27 99 e6
INFO - 8a f3 c8 20 40 27 f5 ff
INFO - 8a f3 08 40 40 23 f0 fd
INFO - 8a f5 08 08 40 27 99 e6
INFO - 8a f5 48 20 40 27 fd ff
INFO - 8a f5 88 40 40 23 f4 01
INFO - 8a f7 88 08 40 27 9a 0f
INFO - 8a f7 c8 20 40 27 fd ff
INFO - 8a f7 08 40 40 20 04 fc
INFO - 8a f9 08 08 40 28 3e 1a
INFO - 8a f9 48 20 40 27 fd ff
INFO - 8a f9 88 40 40 23 f0 01
INFO - 8a fb 88 08 40 28 6a 1a
INFO - 8a fb c8 20 40 27 fd ff
INFO - 8a fb 08 40 40 20 04 fc
INFO - 8a fd 08 08 40 28 6a 1a
INFO - 8a fd 48 20 40 27 fd ff
INFO - 8a fd 88 40 40 23 f0 fd
INFO - 8a ff 88 08 40 28 6a 1a
INFO - 8a ff c8 20 40 27 fd fd
INFO - 8a ff 08 40 40 23 f4 01
INFO - 8b 01 08 08 40 28 6a 1a
INFO - 8b 01 48 20 40 27 f5 fd
INFO - 8b 01 88 40 40 20 04 fc
INFO - 8b 03 88 08 40 28 6a 1a
INFO - 8b 03 c8 20 40 27 f5 fd
INFO - 8b 03 08 40 40 23 f0 01
INFO - 8b 05 08 08 40 28 6a 1a
INFO - 8b 05 48 20 40 27 f5 fb
INFO - 8b 05 88 40 40 20 04 fc
INFO - 8b 07 88 08 40 28 6a 1a
INFO - 8b 07 c8 20 40 27 ed fd
INFO - 8b 07 08 40 40 23 f0 00
INFO - 8b 09 08 08 40 28 6a 1a
INFO - 8b 09 48 20 40 27 f5 fd
INFO - 8b 09 88 40 40 20 00 01
INFO - 8b 0b 88 08 40 28 6a 1a
INFO - 8b 0b c8 20 40 27 f5 fd
INFO - 8b 0b 08 40 40 20 04 fc
INFO - 8b 0d 08 08 40 28 6a 1a
INFO - 8b 0d 48 20 40 27 f5 ff
INFO - 8b 0d 88 40 40 23 f0 00
INFO - 8b 0f 88 08 40 28 6a 1a
INFO - 8b 0f c8 20 40 27 fd ff
INFO - 8b 0f 08 40 40 20 00 01
INFO - 8b 11 08 08 40 28 6a 1a
INFO - 8b 11 48 20 40 27 fd ff
INFO - 8b 11 88 40 40 20 04 fc
INFO - 8b 13 88 08 40 28 6a 1a
INFO - 8b 13 c8 20 40 27 fd ff
INFO - 8b 13 08 40 40 23 f0 00
INFO - 8b 15 08 08 40 28 69 fd
INFO - 8b 15 48 20 40 27 fd ff
INFO - 8b 15 88 40 40 20 00 01
INFO - 8b 17 88 08 40 27 f5 f6
INFO - 8b 17 c8 20 40 27 fd fd
INFO - 8b 17 08 40 40 20 04 fc
INFO - 8b 19 08 08 40 27 d9 f6
INFO - 8b 19 48 20 40 27 f5 fd
INFO - 8b 19 88 40 40 23 f0 01
INFO - 8b 1b 88 08 40 27 d9 f6
INFO - 8b 1b c8 20 40 27 f5 ff
INFO - 8b 1b 08 40 40 20 04 fc
INFO - 8b 1d 08 08 40 27 d9 f6
INFO - 8b 1d 48 20 40 27 fd ff
INFO - 8b 1d 88 40 40 23 f0 fd
INFO - 8b 1f 88 08 40 27 d9 f6
INFO - 8b 1f c8 20 40 27 fd ff
INFO - 8b 1f 08 40 40 23 f4 01
INFO - 8b 21 08 08 40 27 d9 f6
INFO - 8b 21 48 20 40 27 fd ff
INFO - 8b 21 88 40 40 20 04 fc
INFO - 8b 23 88 08 40 27 d9 f6
INFO - 8b 23 c8 20 40 27 fd ff
INFO - 8b 23 08 40 40 23 f0 00
INFO - 8b 25 08 08 40 27 d9 f6
INFO - 8b 25 48 20 40 27 fd ff
INFO - 8b 25 88 40 40 20 00 01
INFO - 8b 27 88 08 40 27 d9 f6
INFO - 8b 27 c8 20 40 27 fd fd
INFO - 8b 27 08 40 40 20 04 fc
INFO - 8b 29 08 08 40 27 d9 f6
INFO - 8b 29 48 20 40 27 f5 fd
INFO - 8b 29 88 40 40 23 f0 00
INFO - 8b 2b 88 08 40 27 d9 f6
INFO - 8b 2b c8 20 40 27 f5 fd
INFO - 8b 2b 08 40 40 20 00 01
INFO - 8b 2d 08 08 40 27 d9 f6
INFO - 8b 2d 48 20 40 27 f5 fd
INFO - 8b 2d 88 40 40 20 04 fc
INFO - 8b 2f 88 08 40 27 d9 f6
INFO - 8b 2f c8 20 40 27 f5 fd
INFO - 8b 2f 08 40 40 23 f0 01
INFO - 8b 31 08 08 40 27 d9 f6
INFO - 8b 31 48 20 40 27 f5 fd
INFO - 8b 31 88 40 40 20 04 fc
INFO - 8b 33 88 08 40 27 da 14
INFO - 8b 33 c8 20 40 27 f5 fd
INFO - 8b 33 08 40 40 23 f0 fd
INFO - 8b 35 08 08 40 28 52 1c
INFO - 8b 35 48 20 40 27 f5 ff
INFO - 8b 35 88 40 40 23 f4 01
INFO - 8b 37 88 08 40 28 72 1c
INFO - 8b 37 c8 20 40 27 fd ff
INFO - 8b 37 08 40 40 20 04 fc
INFO - 8b 39 08 08 40 28 72 1c
INFO - 8b 39 48 20 40 27 fd ff
INFO - 8b 39 88 40 40 23 f0 00
INFO - 8b 3b 88 08 40 28 72 1c
INFO - 8b 3b c8 20 40 27 fd ff
INFO - 8b 3b 08 40 40 20 00 01
INFO - 8b 3d 08 08 40 28 72 1c
INFO - 8b 3d 48 20 40 27 fd ff
INFO - 8b 3d 88 40 40 20 04 fc
INFO - 8b 3f 88 08 40 28 72 1c
INFO - 8b 3f c8 20 40 27 fd ff
INFO - 8b 3f 08 40 40 23 f0 01
INFO - 8b 41 08 08 40 28 72 1c
INFO - 8b 41 48 20 40 27 fd ff
INFO - 8b 41 88 40 40 20 04 fc
INFO - 8b 43 88 08 40 28 72 1c
INFO - 8b 43 c8 20 40 27 fd ff
INFO - 8b 43 08 40 40 23 f0 fd
INFO - 8b 45 08 08 40 28 72 1c
INFO - 8b 45 48 20 40 27 fd ff
INFO - 8b 45 88 40 40 23 f4 01
INFO - 8b 47 88 08 40 28 72 1c
INFO - 8b 47 c8 20 40 27 fd ff
INFO - 8b 47 08 40 40 20 04 fc
INFO - 8b 49 08 08 40 28 72 1c
INFO - 8b 49 48 20 40 27 fd ff
INFO - 8b 49 88 40 40 23 f0 00
INFO - 8b 4b 88 08 40 28 72 1c
INFO - 8b 4b c8 20 40 27 fd ff
INFO - 8b 4b 08 40 40 20 00 01
INFO - 8b 4d 08 08 40 28 72 1c
INFO - 8b 4d 48 20 40 27 fd ff
INFO - 8b 4d 88 40 40 20 04 fc
INFO - 8b 4f 88 08 40 28 72 1c
INFO - 8b 4f c8 20 40 27 fe 01
INFO - 8b 4f 08 40 40 23 f0 01
INFO - 8b 51 08 08 40 28 71 f0
INFO - 8b 51 48 20 40 28 06 01
INFO - 8b 51 88 40 40 20 04 fc
INFO - 8b 53 88 08 40 27 c1 e8
INFO - 8b 53 c8 20 40 28 06 01
INFO - 8b 53 08 40 40 23 f0 00
INFO - 8b 55 08 08 40 07 a1 e8
INFO - 8b 55 48 20 40 08 06 01
INFO - 8b 55 88 40 40 00 00 fd
INFO - 8b 55 88 08 40 37 a1 92
INFO - 8b 55 c8 20 40 38 06 03
INFO - 8b 55 08 40 40 33 f4 00
INFO - 8b 58 88 08 40 26 49 ad
INFO - 8b 58 c8 20 40 28 0e 03
INFO - 8b 58 08 40 40 20 00 00
INFO - 8b 5a 08 08 40 26 b5 bd
INFO - 8b 5a 48 20 40 28 0e 05
INFO - 8b 5a 88 40 40 20 00 fc
INFO - 8b 5c 88 08 40 26 f5 cd
INFO - 8b 5c c8 20 40 28 16 05
INFO - 8b 5c 08 40 40 23 f0 fd
INFO - 8b 5e 08 08 40 27 35 d2
INFO - 8b 5e 48 20 40 28 16 05
INFO - 8b 5e 88 40 40 23 f4 01
INFO - 8b 60 88 08 40 27 49 dd
INFO - 8b 60 c8 20 40 28 16 07
INFO - 8b 60 08 40 40 20 04 fc
INFO - 8b 62 08 08 40 27 75 e2
INFO - 8b 62 48 20 40 28 1e 07
INFO - 8b 62 88 40 40 23 f0 01
INFO - 8b 64 88 08 40 27 89 e7
INFO - 8b 64 c8 20 40 28 1e 07
INFO - 8b 64 08 40 40 20 04 fc
INFO - 8b 66 08 08 40 27 9d ea
INFO - 8b 66 48 20 40 28 1e 07
INFO - 8b 66 88 40 40 23 f0 00
INFO - 8b 68 88 08 40 27 a9 ed
INFO - 8b 68 c8 20 40 28 1e 07
INFO - 8b 68 08 40 40 20 00 01
INFO - 8b 6a 08 08 40 27 b5 ef
INFO - 8b 6a 48 20 40 28 1e 07
INFO - 8b 6a 88 40 40 20 04 fc
INFO - 8b 6c 88 08 40 27 bd f1
INFO - 8b 6c c8 20 40 28 1e 07
INFO - 8b 6c 08 40 40 23 f0 fd
INFO - 8b 6e 08 08 40 27 c5 f2
INFO - 8b 6e 48 20 40 28 1e 09
INFO - 8b 6e 88 40 40 23 f4 01
INFO - 8b 70 88 08 40 27 c9 f4
INFO - 8b 70 c8 20 40 28 26 09
INFO - 8b 70 08 40 40 20 04 fc
INFO - 8b 72 08 08 40 27 d1 f5
INFO - 8b 72 48 20 40 28 26 09
INFO - 8b 72 88 40 40 23 f0 01
INFO - 8b 74 88 08 40 27 d5 f6
INFO - 8b 74 c8 20 40 28 26 09
INFO - 8b 74 08 40 40 20 04 fc
INFO - 8b 76 08 08 40 27 d9 f7
INFO - 8b 76 48 20 40 28 26 09
INFO - 8b 76 88 40 40 23 f0 fd
INFO - 8b 78 88 08 40 27 dd f8
INFO - 8b 78 c8 20 40 28 26 09
INFO - 8b 78 08 40 40 23 f4 01
INFO - 8b 7a 08 08 40 27 e1 f9
INFO - 8b 7a 48 20 40 28 26 09
INFO - 8b 7a 88 40 40 20 04 fc
INFO - 8b 7c 88 08 40 27 e5 fa
INFO - 8b 7c c8 20 40 28 26 09
INFO - 8b 7c 08 40 40 23 f0 01
INFO - 8b 7e 08 08 40 27 e9 fa
INFO - 8b 7e 48 20 40 28 26 09
INFO - 8b 7e 88 40 40 20 04 fc
INFO - 8b 80 88 08 40 27 e9 fb
INFO - 8b 80 c8 20 40 28 26 09
INFO - 8b 80 08 40 40 23 f0 fd
INFO - 8b 82 08 08 40 27 ed fb
INFO - 8b 82 48 20 40 28 26 09
INFO - 8b 82 88 40 40 23 f4 01
INFO - 8b 84 88 08 40 27 ed fc
INFO - 8b 84 c8 20 40 28 26 09
INFO - 8b 84 08 40 40 20 04 fc
INFO - 8b 86 08 08 40 27 f1 fc
INFO - 8b 86 48 20 40 28 26 09
INFO - 8b 86 88 40 40 23 f0 00
INFO - 8b 88 88 08 40 27 f1 fd
INFO - 8b 88 c8 20 40 28 26 09
INFO - 8b 88 08 40 40 20 00 01
INFO - 8b 8a 08 08 40 27 f5 fd
INFO - 8b 8a 48 20 40 28 26 09
INFO - 8b 8a 88 40 40 20 04 fc
INFO - 8b 8c 88 08 40 27 f5 fe
INFO - 8b 8c c8 20 40 28 26 09
INFO - 8b 8c 08 40 40 23 f0 01
INFO - 8b 8e 08 08 40 27 f9 fe
INFO - 8b 8e 48 20 40 28 26 09
INFO - 8b 8e 88 40 40 20 04 fc
INFO - 8b 90 88 08 40 27 f9 ff
INFO - 8b 90 c8 20 40 28 26 09
INFO - 8b 90 08 40 40 23 f0 fd
INFO - 8b 92 08 08 40 27 fd ff
INFO - 8b 92 48 20 40 28 26 09
INFO - 8b 92 88 40 40 23 f4 01
INFO - 8b 94 88 08 40 27 fd ff
INFO - 8b 94 c8 20 40 28 26 09
INFO - 8b 94 08 40 40 20 04 fc
INFO - 8b 96 08 08 40 27 fe 00
INFO - 8b 96 48 20 40 28 26 09
INFO - 8b 96 88 40 40 23 f0 00
INFO - 8b 98 88 08 40 28 02 01
INFO - 8b 98 c8 20 40 28 26 09
INFO - 8b 98 08 40 40 20 00 01
INFO - 8b 9a 08 08 40 28 06 02
INFO - 8b 9a 48 20 40 28 26 07
INFO - 8b 9a 88 40 40 20 04 fc
INFO - 8b 9c 88 08 40 28 0a 03
INFO - 8b 9c c8 20 40 28 1e 07
INFO - 8b 9c 08 40 40 23 f0 01
INFO - 8b 9e 08 08 40 28 0e 04
INFO - 8b 9e 48 20 40 28 1e 07
INFO - 8b 9e 88 40 40 20 04 fc
INFO - 8b a0 88 08 40 28 12 06
INFO - 8b a0 c8 20 40 28 1e 07
INFO - 8b a0 08 40 40 23 f0 fd
INFO - 8b a2 08 08 40 28 1a 09
INFO - 8b a2 48 20 40 28 1e 07
INFO - 8b a2 88 40 40 23 f4 01
INFO - 8b a4 88 08 40 28 26 0e
INFO - 8b a4 c8 20 40 28 1e 05
INFO - 8b a4 08 40 40 20 04 fc
INFO - 8b a6 08 08 40 28 3a 16
INFO - 8b a6 48 20 40 28 16 05
INFO - 8b a6 88 40 40 23 f0 fd
INFO - 8b a8 88 08 40 28 5a 24
INFO - 8b a8 c8 20 40 28 16 03
INFO - 8b a8 08 40 40 23 f4 01
INFO - 8b aa 08 08 40 28 92 44
INFO - 8b aa 48 20 40 28 0e 01
INFO - 8b aa 88 40 40 20 04 fc
INFO - 8b ac 88 08 40 29 12 79
INFO - 8b ac c8 20 40 28 06 01
INFO - 8b ac 08 40 40 23 f0 01
INFO - 8b ae 08 08 40 09 e6 79
INFO - 8b ae 48 20 40 08 06 01
INFO - 8b ae 88 40 40 00 04 c3
INFO - ac 1b 48 40 57 00 00 02
INFO - ac 1b 88 40 57 00 00 02
INFO - ac 1b c8 40 57 00 00 02
INFO - ac 1b 08 40 57 00 00 02
INFO - 8c 9a 88 08 40 24 61 45
INFO - 8c 9a c8 20 40 28 16 05
INFO - 8c 9a 08 40 40 23 0c 38
INFO - 8c 9c 08 08 40 25 15 56
INFO - 8c 9c 48 20 40 28 16 05
INFO - 8c 9c 88 40 40 20 e0 01
INFO - 8c 9e 88 08 40 25 59 72
INFO - 8c 9e c8 20 40 28 16 07
INFO - 8c 9e 08 40 40 20 04 fc
INFO - 8c a0 08 08 40 25 c9 86
INFO - 8c a0 48 20 40 28 1e 07
INFO - 8c a0 88 40 40 23 f0 00
INFO - 8c a2 88 08 40 26 19 9c
INFO - 8c a2 c8 20 40 28 1e 07
INFO - 8c a2 08 40 40 20 00 01
INFO - 8c a4 08 08 40 26 71 a8
INFO - 8c a4 48 20 40 28 1e 09
INFO - 8c a4 88 40 40 20 04 fc
INFO - 8c a6 88 08 40 26 a1 b1
INFO - 8c a6 c8 20 40 28 26 09
INFO - 8c a6 08 40 40 23 f0 01
INFO - 8c a8 08 08 40 26 c5 b8
INFO - 8c a8 48 20 40 28 26 09
INFO - 8c a8 88 40 40 20 04 fc
INFO - 8c aa 88 08 40 26 e1 be
INFO - 8c aa c8 20 40 28 26 09
INFO - 8c aa 08 40 40 23 f0 fd
INFO - 8c ac 08 08 40 26 f9 c5
INFO - 8c ac 48 20 40 28 26 09
INFO - 8c ac 88 40 40 23 f4 01
INFO - 8c ae 88 08 40 27 15 cc
INFO - 8c ae c8 20 40 28 26 09
INFO - 8c ae 08 40 40 20 04 fc
INFO - 8c b0 08 08 40 27 31 cf
INFO - 8c b0 48 20 40 28 26 09
INFO - 8c b0 88 40 40 23 f0 01
INFO - 8c b2 88 08 40 27 3d d5
INFO - 8c b2 c8 20 40 28 26 09
INFO - 8c b2 08 40 40 20 04 fc
INFO - 8c b4 08 08 40 27 55 dc
INFO - 8c b4 48 20 40 28 26 09
INFO - 8c b4 88 40 40 23 f0 fd
INFO - 8c b6 88 08 40 27 71 e2
INFO - 8c b6 c8 20 40 28 26 07
INFO - 8c b6 08 40 40 23 f4 01
INFO - 8c b8 08 08 40 27 89 ea
INFO - 8c b8 48 20 40 28 1e 07
INFO - 8c b8 88 40 40 20 04 fc
INFO - 8c ba 88 08 40 27 a9 f8
INFO - 8c ba c8 20 40 28 1e 07
INFO - 8c ba 08 40 40 23 f0 01
INFO - 8c bc 08 08 40 27 e2 13
INFO - 8c bc 48 20 40 28 1e 05
INFO - 8c bc 88 40 40 20 04 fc
INFO - 8c be 88 08 40 28 4e 6b
INFO - 8c be c8 20 40 28 16 01
INFO - 8c be 08 40 40 23 f0 fd
INFO - 8c c0 08 08 40 29 ae b6
INFO - 8c c0 48 20 40 28 06 01
INFO - 8c c0 88 40 40 23 f4 01
INFO - 8c c2 88 08 40 0a da b6
INFO - 8c c2 c8 20 40 08 06 01
INFO - 8c c2 08 40 40 00 04 c3
INFO - 8d 3d 88 08 40 27 b1 ec
INFO - 8d 3d c8 20 40 28 26 09
INFO - 8d 3d 08 40 40 23 0c 3a
INFO - 8d 3f 08 08 40 27 b1 ec
INFO - 8d 3f 48 20 40 28 26 09
INFO - 8d 3f 88 40 40 20 e8 fd
INFO - 8d 41 88 08 40 27 b1 ec
INFO - 8d 41 c8 20 40 28 26 0b
INFO - 8d 41 08 40 40 23 f4 fd
INFO - 8d 43 08 08 40 27 b1 ec
INFO - 8d 43 48 20 40 28 2e 09
INFO - 8d 43 88 40 40 23 f4 00
INFO - 8d 45 88 08 40 27 b1 ec
INFO - 8d 45 c8 20 40 28 26 09
INFO - 8d 45 08 40 40 20 00 01
INFO - 8d 47 08 08 40 07 b1 ec
INFO - 8d 47 48 20 40 08 26 09
INFO - 8d 47 88 40 40 00 04 fc
INFO - 8d 47 88 08 40 27 b1 ec
INFO - 8d 47 c8 20 40 28 26 09
INFO - 8d 47 08 40 40 23 f0 02
INFO - 8d 49 08 08 40 27 b1 ec
INFO - 8d 49 48 20 40 28 26 09
INFO - 8d 49 88 40 40 20 08 fc
INFO - 8d 4b 88 08 40 37 b1 ec
INFO - 8d 4b c8 20 40 38 26 09
INFO - 8d 4b 08 40 40 33 f0 01
INFO - 8d 4e 08 08 40 27 b1 ec
INFO - 8d 4e 48 20 40 28 26 09
INFO - 8d 4e 88 40 40 20 04 fc
INFO - 8d 50 88 08 40 37 b1 f6
INFO - 8d 50 c8 20 40 38 26 05
INFO - 8d 50 08 40 40 33 f0 00
INFO - 8d 53 88 08 40 07 da 08
INFO - 8d 53 c8 20 40 08 16 05
INFO - 8d 53 08 40 40 00 00 fd
INFO - 8d 53 08 08 40 28 22 0c
INFO - 8d 53 48 20 40 28 16 07
INFO - 8d 53 88 40 40 23 f4 01
INFO - 8d 55 88 08 40 28 32 0c
INFO - 8d 55 c8 20 40 28 1e 07
INFO - 8d 55 08 40 40 20 04 fc
INFO - 8d 57 08 08 40 28 32 0c
INFO - 8d 57 48 20 40 28 1e 09
INFO - 8d 57 88 40 40 23 f0 00
INFO - 8d 59 88 08 40 28 32 0c
INFO - 8d 59 c8 20 40 28 26 09
INFO - 8d 59 08 40 40 20 00 01
INFO - 8d 5b 08 08 40 28 32 0c
INFO - 8d 5b 48 20 40 28 26 09
INFO - 8d 5b 88 40 40 20 04 fc
INFO - 8d 5d 88 08 40 28 32 0c
INFO - 8d 5d c8 20 40 28 26 09
INFO - 8d 5d 08 40 40 23 f0 00
INFO - 8d 5f 08 08 40 28 32 0c
INFO - 8d 5f 48 20 40 28 26 09
INFO - 8d 5f 88 40 40 20 00 01
INFO - 8d 61 88 08 40 28 32 0c
INFO - 8d 61 c8 20 40 28 26 09
INFO - 8d 61 08 40 40 20 04 fc
INFO - 8d 63 08 08 40 28 32 0c
INFO - 8d 63 48 20 40 28 26 0b
INFO - 8d 63 88 40 40 23 f0 00
INFO - 8d 65 88 08 40 28 32 0c
INFO - 8d 65 c8 20 40 28 2e 0b
INFO - 8d 65 08 40 40 20 00 01
INFO - 8d 67 08 08 40 28 32 0c
INFO - 8d 67 48 20 40 28 2e 0b
INFO - 8d 67 88 40 40 20 04 fc
INFO - 8d 69 88 08 40 28 32 0c
INFO - 8d 69 c8 20 40 28 2e 09
INFO - 8d 69 08 40 40 23 f0 fd
INFO - 8d 6b 08 08 40 28 32 0c
INFO - 8d 6b 48 20 40 28 26 07
INFO - 8d 6b 88 40 40 23 f4 01
INFO - 8d 6d 88 08 40 28 32 0c
INFO - 8d 6d c8 20 40 28 1e 07
INFO - 8d 6d 08 40 40 20 04 fc
INFO - 8d 6f 08 08 40 28 32 0d
INFO - 8d 6f 48 20 40 28 1e 07
INFO - 8d 6f 88 40 40 23 f0 01
INFO - 8d 71 88 08 40 28 36 0d
INFO - 8d 71 c8 20 40 28 1e 07
INFO - 8d 71 08 40 40 20 04 fc
INFO - 8d 73 08 08 40 28 36 0d
INFO - 8d 73 48 20 40 28 1e 09
INFO - 8d 73 88 40 40 23 f0 00
INFO - 8d 75 88 08 40 28 36 0d
INFO - 8d 75 c8 20 40 28 26 09
INFO - 8d 75 08 40 40 20 00 01
INFO - 8d 77 08 08 40 28 36 0d
INFO - 8d 77 48 20 40 28 26 0b
INFO - 8d 77 88 40 40 20 04 fc
INFO - 8d 79 88 08 40 28 36 0d
INFO - 8d 79 c8 20 40 28 2e 0b
INFO - 8d 79 08 40 40 23 f0 fd
INFO - 8d 7b 08 08 40 28 36 0d
INFO - 8d 7b 48 20 40 28 2e 09
INFO - 8d 7b 88 40 40 23 f4 01
INFO - 8d 7d 88 08 40 28 36 0d
INFO - 8d 7d c8 20 40 28 26 09
INFO - 8d 7d 08 40 40 20 04 fc
INFO - 8d 7f 08 08 40 28 36 0d
INFO - 8d 7f 48 20 40 28 26 09
INFO - 8d 7f 88 40 40 23 f0 00
INFO - 8d 81 88 08 40 28 36 0d
INFO - 8d 81 c8 20 40 28 26 09
INFO - 8d 81 08 40 40 20 00 01
INFO - 8d 83 08 08 40 28 36 0d
INFO - 8d 83 48 20 40 28 26 09
INFO - 8d 83 88 40 40 20 04 fc
INFO - 8d 85 88 08 40 28 36 0d
INFO - 8d 85 c8 20 40 28 26 07
INFO - 8d 85 08 40 40 23 f0 fd
INFO - 8d 87 08 08 40 28 36 0d
INFO - 8d 87 48 20 40 28 1e 07
INFO - 8d 87 88 40 40 23 f4 01
INFO - 8d 89 88 08 40 28 36 0d
INFO - 8d 89 c8 20 40 28 1e 07
INFO - 8d 89 08 40 40 20 04 fc
INFO - 8d 8b 08 08 40 28 36 0d
INFO - 8d 8b 48 20 40 28 1e 07
INFO - 8d 8b 88 40 40 23 f0 00
INFO - 8d 8d 88 08 40 28 36 0d
INFO - 8d 8d c8 20 40 28 1e 09
INFO - 8d 8d 08 40 40 20 00 01
INFO - 8d 8f 08 08 40 28 35 f0
INFO - 8d 8f 48 20 40 28 26 0b
INFO - 8d 8f 88 40 40 20 04 fc
INFO - 8d 91 88 08 40 27 c1 e9
INFO - 8d 91 c8 20 40 28 2e 09
INFO - 8d 91 08 40 40 23 f0 fd
INFO - 8d 93 08 08 40 27 a5 e9
INFO - 8d 93 48 20 40 28 26 09
INFO - 8d 93 88 40 40 23 f4 01
INFO - 8d 95 88 08 40 27 a5 e9
INFO - 8d 95 c8 20 40 28 26 07
INFO - 8d 95 08 40 40 20 04 fc
INFO - 8d 97 08 08 40 27 a5 e9
INFO - 8d 97 48 20 40 28 1e 07
INFO - 8d 97 88 40 40 23 f0 01
INFO - 8d 99 88 08 40 27 a5 e9
INFO - 8d 99 c8 20 40 28 1e 09
INFO - 8d 99 08 40 40 20 04 fc
INFO - 8d 9b 08 08 40 27 a5 e9
INFO - 8d 9b 48 20 40 28 26 09
INFO - 8d 9b 88 40 40 23 f0 01
INFO - 8d 9d 88 08 40 27 a5 e9
INFO - 8d 9d c8 20 40 28 26 07
INFO - 8d 9d 08 40 40 20 04 fc
INFO - 8d 9f 08 08 40 27 a5 e9
INFO - 8d 9f 48 20 40 28 1e 05
INFO - 8d 9f 88 40 40 23 f0 00
INFO - 8d a1 88 08 40 27 a5 e9
INFO - 8d a1 c8 20 40 28 16 05
INFO - 8d a1 08 40 40 20 00 01
INFO - 8d a3 08 08 40 27 a5 e9
INFO - 8d a3 48 20 40 28 16 05
INFO - 8d a3 88 40 40 20 04 fc
INFO - 8d a5 88 08 40 27 a5 e9
INFO - 8d a5 c8 20 40 28 16 07
INFO - 8d a5 08 40 40 23 f0 fd
INFO - 8d a7 08 08 40 27 a5 e9
INFO - 8d a7 48 20 40 28 1e 07
INFO - 8d a7 88 40 40 23 f4 01
INFO - 8d a9 88 08 40 27 a5 e9
INFO - 8d a9 c8 20 40 28 1e 07
INFO - 8d a9 08 40 40 20 04 fc
INFO - 8d ab 08 08 40 27 a5 e9
INFO - 8d ab 48 20 40 28 1e 05
INFO - 8d ab 88 40 40 23 f0 01
INFO - 8d ad 88 08 40 27 a6 1d
INFO - 8d ad c8 20 40 28 16 05
INFO - 8d ad 08 40 40 20 04 fc
INFO - 8d af 08 08 40 28 76 2c
INFO - 8d af 48 20 40 28 16 05
INFO - 8d af 88 40 40 23 f0 fd
INFO - 8d b1 88 08 40 28 b2 2c
INFO - 8d b1 c8 20 40 28 16 07
INFO - 8d b1 08 40 40 23 f4 01
INFO - 8d b3 08 08 40 28 b2 2c
INFO - 8d b3 48 20 40 28 1e 07
INFO - 8d b3 88 40 40 20 04 fc
INFO - 8d b5 88 08 40 28 b2 2c
INFO - 8d b5 c8 20 40 28 1e 07
INFO - 8d b5 08 40 40 23 f0 00
INFO - 8d b7 08 08 40 28 b2 2c
INFO - 8d b7 48 20 40 28 1e 05
INFO - 8d b7 88 40 40 20 00 01
INFO - 8d b9 88 08 40 28 b2 2c
INFO - 8d b9 c8 20 40 28 16 05
INFO - 8d b9 08 40 40 20 04 fc
INFO - 8d bb 08 08 40 28 b2 2c
INFO - 8d bb 48 20 40 28 16 05
INFO - 8d bb 88 40 40 23 f0 01
INFO - 8d bd 88 08 40 28 b2 2c
INFO - 8d bd c8 20 40 28 16 05
INFO - 8d bd 08 40 40 20 04 fc
INFO - 8d bf 08 08 40 28 b2 2c
INFO - 8d bf 48 20 40 28 16 05
INFO - 8d bf 88 40 40 23 f0 fd
INFO - 8d c1 88 08 40 28 b2 2c
INFO - 8d c1 c8 20 40 28 16 05
INFO - 8d c1 08 40 40 23 f4 01
INFO - 8d c3 08 08 40 28 b2 2c
INFO - 8d c3 48 20 40 28 16 05
INFO - 8d c3 88 40 40 20 04 fc
INFO - 8d c5 88 08 40 28 b2 2c
INFO - 8d c5 c8 20 40 28 16 05
INFO - 8d c5 08 40 40 23 f0 01
INFO - 8d c7 08 08 40 28 b2 2c
INFO - 8d c7 48 20 40 28 16 05
INFO - 8d c7 88 40 40 20 04 fc
INFO - 8d c9 88 08 40 28 b2 2c
INFO - 8d c9 c8 20 40 28 16 05
INFO - 8d c9 08 40 40 23 f0 01
INFO - 8d cb 08 08 40 28 b2 02
INFO - 8d cb 48 20 40 28 16 03
INFO - 8d cb 88 40 40 20 04 fc
INFO - 8d cd 88 08 40 28 09 fa
INFO - 8d cd c8 20 40 28 0e 03
INFO - 8d cd 08 40 40 23 f0 00
INFO - 8d cf 08 08 40 07 e9 fa
INFO - 8d cf 48 20 40 08 0e 03
INFO - 8d cf 88 40 40 00 00 c5
INFO - 8e 08 88 08 40 27 e9 f0
INFO - 8e 08 c8 20 40 28 16 05
INFO - 8e 08 08 40 40 23 14 3a
INFO - 8e 0a 08 08 40 27 c1 ee
INFO - 8e 0a 48 20 40 28 16 05
INFO - 8e 0a 88 40 40 20 e8 fc
INFO - 8e 0c 88 08 40 37 b9 ee
INFO - 8e 0c c8 20 40 38 16 05
INFO - 8e 0c 08 40 40 33 f0 00
INFO - 8e 0f 08 08 40 17 b9 ee
INFO - 8e 0f 48 20 40 18 16 05
INFO - 8e 0f 88 40 40 10 00 01
INFO - 8e 10 88 08 40 37 b9 ee
INFO - 8e 10 c8 20 40 38 16 05
INFO - 8e 10 08 40 40 30 04 fc
INFO - 8e 13 08 08 40 17 b9 ee
INFO - 8e 13 48 20 40 18 16 05
INFO - 8e 13 88 40 40 13 f0 01
INFO - 8e 14 88 08 40 27 b9 ee
INFO - 8e 14 c8 20 40 28 16 05
INFO - 8e 14 08 40 40 20 04 fc
INFO - 8e 16 08 08 40 27 b9 ee
INFO - 8e 16 48 20 40 28 16 05
INFO - 8e 16 88 40 40 23 f0 fd
INFO - 8e 18 88 08 40 27 b9 ee
INFO - 8e 18 c8 20 40 28 16 05
INFO - 8e 18 08 40 40 23 f4 01
INFO - 8e 1a 08 08 40 27 b9 ee
INFO - 8e 1a 48 20 40 28 16 03
INFO - 8e 1a 88 40 40 20 04 fc
INFO - 8e 1c 88 08 40 27 b9 ee
INFO - 8e 1c c8 20 40 28 0e 01
INFO - 8e 1c 08 40 40 23 f0 01
INFO - 8e 1e 08 08 40 27 b9 ee
INFO - 8e 1e 48 20 40 28 06 01
INFO - 8e 1e 88 40 40 20 04 fc
INFO - 8e 20 88 08 40 27 b9 ee
INFO - 8e 20 c8 20 40 28 06 03
INFO - 8e 20 08 40 40 23 f0 00
INFO - 8e 22 08 08 40 27 b9 ee
INFO - 8e 22 48 20 40 28 0e 05
INFO - 8e 22 88 40 40 20 00 01
INFO - 8e 24 88 08 40 27 b9 ee
INFO - 8e 24 c8 20 40 28 16 05
INFO - 8e 24 08 40 40 20 04 fc
INFO - 8e 26 08 08 40 27 b9 f6
INFO - 8e 26 48 20 40 28 16 03
INFO - 8e 26 88 40 40 23 f0 01
INFO - 8e 28 88 08 40 27 d9 f8
INFO - 8e 28 c8 20 40 28 0e 01
INFO - 8e 28 08 40 40 20 04 fc
INFO - 8e 2a 08 08 40 37 e1 f8
INFO - 8e 2a 48 20 40 38 06 01
INFO - 8e 2a 88 40 40 33 f0 00
INFO - 8e 2d 88 08 40 17 e1 f8
INFO - 8e 2d c8 20 40 18 05 ff
INFO - 8e 2d 08 40 40 10 00 01
INFO - 8e 2e 08 08 40 37 e1 f8
INFO - 8e 2e 48 20 40 37 fd ff
INFO - 8e 2e 88 40 40 30 04 fc
INFO - 8e 31 88 08 40 17 e1 f8
INFO - 8e 31 c8 20 40 17 fd ff
INFO - 8e 31 08 40 40 13 f0 01
INFO - 8e 32 08 08 40 37 e1 f8
INFO - 8e 32 48 20 40 37 fe 01
INFO - 8e 32 88 40 40 30 04 fc
INFO - 8e 35 88 08 40 17 e1 f8
INFO - 8e 35 c8 20 40 18 06 01
INFO - 8e 35 08 40 40 13 f0 fd
INFO - 8e 36 08 08 40 37 e1 f8
INFO - 8e 36 48 20 40 38 06 05
INFO - 8e 36 88 40 40 33 f4 01
INFO - 8e 39 88 08 40 17 e1 f8
INFO - 8e 39 c8 20 40 18 16 07
INFO - 8e 39 08 40 40 10 04 fc
INFO - 8e 3a 08 08 40 37 e1 f8
INFO - 8e 3a 48 20 40 38 1e 07
INFO - 8e 3a 88 40 40 33 f0 00
INFO - 8e 3d 88 08 40 17 e1 f8
INFO - 8e 3d c8 20 40 18 1e 07
INFO - 8e 3d 08 40 40 10 00 01
INFO - 8e 3e 08 08 40 37 e1 f8
INFO - 8e 3e 48 20 40 38 1e 05
INFO - 8e 3e 88 40 40 30 04 fc
INFO - 8e 41 88 08 40 17 e1 f8
INFO - 8e 41 c8 20 40 18 16 03
INFO - 8e 41 08 40 40 13 f0 01
INFO - 8e 42 08 08 40 27 e1 f3
INFO - 8e 42 48 20 40 28 0e 01
INFO - 8e 42 88 40 40 20 04 fc
INFO - 8e 44 88 08 40 37 cd f2
INFO - 8e 44 c8 20 40 38 05 ff
INFO - 8e 44 08 40 40 33 f0 00
INFO - 8e 47 08 08 40 17 c9 f2
INFO - 8e 47 48 20 40 17 fd ff
INFO - 8e 47 88 40 40 10 00 01
INFO - 8e 48 88 08 40 37 c9 f2
INFO - 8e 48 c8 20 40 37 fd ff
INFO - 8e 48 08 40 40 30 04 fc
INFO - 8e 4b 08 08 40 17 c9 f2
INFO - 8e 4b 48 20 40 17 fd ff
INFO - 8e 4b 88 40 40 13 f0 01
INFO - 8e 4c 88 08 40 37 c9 f2
INFO - 8e 4c c8 20 40 37 fd ff
INFO - 8e 4c 08 40 40 30 04 fc
INFO - 8e 4f 08 08 40 17 c9 f2
INFO - 8e 4f 48 20 40 17 fd ff
INFO - 8e 4f 88 40 40 13 f0 fd
INFO - 8e 50 88 08 40 37 c9 f2
INFO - 8e 50 c8 20 40 37 fd ff
INFO - 8e 50 08 40 40 33 f4 01
INFO - 8e 53 08 08 40 17 c9 f2
INFO - 8e 53 48 20 40 17 fd ff
INFO - 8e 53 88 40 40 10 04 fc
INFO - 8e 54 88 08 40 37 c9 f2
INFO - 8e 54 c8 20 40 37 fd fd
INFO - 8e 54 08 40 40 33 f0 00
INFO - 8e 57 08 08 40 17 c9 f2
INFO - 8e 57 48 20 40 17 f5 fd
INFO - 8e 57 88 40 40 10 00 01
INFO - 8e 58 88 08 40 37 c9 f2
INFO - 8e 58 c8 20 40 37 f5 fd
INFO - 8e 58 08 40 40 30 04 fc
INFO - 8e 5b 08 08 40 17 c9 f2
INFO - 8e 5b 48 20 40 17 f5 ff
INFO - 8e 5b 88 40 40 13 f0 fd
INFO - 8e 5c 88 08 40 37 c9 f2
INFO - 8e 5c c8 20 40 37 fd ff
INFO - 8e 5c 08 40 40 33 f4 01
INFO - 8e 5f 08 08 40 17 c9 f2
INFO - 8e 5f 48 20 40 17 fd ff
INFO - 8e 5f 88 40 40 10 04 fc
INFO - 8e 60 88 08 40 37 c9 f2
INFO - 8e 60 c8 20 40 37 fd ff
INFO - 8e 60 08 40 40 33 f0 01
INFO - 8e 63 08 08 40 17 ca 6f
INFO - 8e 63 48 20 40 17 fd ff
INFO - 8e 63 88 40 40 10 04 fc
INFO - 8e 64 88 08 40 39 be 81
INFO - 8e 64 c8 20 40 37 fd ff
INFO - 8e 64 08 40 40 33 f0 00
INFO - 8e 67 08 08 40 1a 06 81
INFO - 8e 67 48 20 40 17 fd ff
INFO - 8e 67 88 40 40 10 00 01
INFO - 8e 68 88 08 40 3a 06 81
INFO - 8e 68 c8 20 40 37 fd ff
INFO - 8e 68 08 40 40 30 04 fc
INFO - 8e 6b 08 08 40 1a 06 81
INFO - 8e 6b 48 20 40 17 fd ff
INFO - 8e 6b 88 40 40 13 f0 fd
INFO - 8e 6c 88 08 40 3a 06 81
INFO - 8e 6c c8 20 40 37 fd ff
INFO - 8e 6c 08 40 40 33 f4 01
INFO - 8e 6f 08 08 40 2a 06 81
INFO - 8e 6f 48 20 40 27 fe 01
INFO - 8e 6f 88 40 40 20 04 fc
INFO - 8e 71 88 08 40 2a 06 1b
INFO - 8e 71 c8 20 40 28 06 01
INFO - 8e 71 08 40 40 23 f0 01
INFO - 8e 73 08 08 40 28 6d f3
INFO - 8e 73 48 20 40 28 06 01
INFO - 8e 73 88 40 40 20 04 fc
INFO - 8e 75 88 08 40 27 cd f3
INFO - 8e 75 c8 20 40 28 06 01
INFO - 8e 75 08 40 40 23 f0 fd
INFO - 8e 77 08 08 40 27 cd f3
INFO - 8e 77 48 20 40 28 05 ff
INFO - 8e 77 88 40 40 23 f4 01
INFO - 8e 79 88 08 40 27 cd f3
INFO - 8e 79 c8 20 40 27 fd ff
INFO - 8e 79 08 40 40 20 04 fc
INFO - 8e 7b 08 08 40 27 cd f3
INFO - 8e 7b 48 20 40 27 fd ff
INFO - 8e 7b 88 40 40 23 f0 00
INFO - 8e 7d 88 08 40 17 cd f3
INFO - 8e 7d c8 20 40 17 fd ff
INFO - 8e 7d 08 40 40 10 00 01
INFO - 8e 7e 08 08 40 37 cd f3
INFO - 8e 7e 48 20 40 37 fd ff
INFO - 8e 7e 88 40 40 30 04 fc
INFO - 8e 81 88 08 40 27 cd f3
INFO - 8e 81 c8 20 40 27 fd ff
INFO - 8e 81 08 40 40 23 f0 fd
INFO - 8e 83 08 08 40 27 cd f3
INFO - 8e 83 48 20 40 27 fd ff
INFO - 8e 83 88 40 40 23 f4 01
INFO - 8e 85 88 08 40 27 cd f3
INFO - 8e 85 c8 20 40 27 fd ff
INFO - 8e 85 08 40 40 20 04 fc
INFO - 8e 87 08 08 40 27 cd f3
INFO - 8e 87 48 20 40 27 fd ff
INFO - 8e 87 88 40 40 23 f0 01
INFO - 8e 89 88 08 40 17 cd f3
INFO - 8e 89 c8 20 40 17 fd ff
INFO - 8e 89 08 40 40 10 04 fc
INFO - 8e 8a 08 08 40 37 cd f3
INFO - 8e 8a 48 20 40 37 fd ff
INFO - 8e 8a 88 40 40 33 f0 00
INFO - 8e 8d 88 08 40 27 cd f3
INFO - 8e 8d c8 20 40 27 fd ff
INFO - 8e 8d 08 40 40 20 00 01
INFO - 8e 8f 08 08 40 27 cd f3
INFO - 8e 8f 48 20 40 27 fd ff
INFO - 8e 8f 88 40 40 20 04 fc
INFO - 8e 91 88 08 40 27 ce 05
INFO - 8e 91 c8 20 40 27 fd ff
INFO - 8e 91 08 40 40 23 f0 01
INFO - 8e 93 08 08 40 28 16 0a
INFO - 8e 93 48 20 40 27 fd ff
INFO - 8e 93 88 40 40 20 04 fc
INFO - 8e 95 88 08 40 28 2a 0a
INFO - 8e 95 c8 20 40 27 fd ff
INFO - 8e 95 08 40 40 23 f0 00
INFO - 8e 97 08 08 40 28 2a 0a
INFO - 8e 97 48 20 40 27 fe 01
INFO - 8e 97 88 40 40 20 00 01
INFO - 8e 99 88 08 40 28 2a 0a
INFO - 8e 99 c8 20 40 28 06 01
INFO - 8e 99 08 40 40 20 04 fc
INFO - 8e 9b 08 08 40 28 2a 0a
INFO - 8e 9b 48 20 40 28 05 ff
INFO - 8e 9b 88 40 40 23 f0 00
INFO - 8e 9d 88 08 40 28 2a 0a
INFO - 8e 9d c8 20 40 27 fd ff
INFO - 8e 9d 08 40 40 20 00 01
INFO - 8e 9f 08 08 40 28 2a 0a
INFO - 8e 9f 48 20 40 27 fd ff
INFO - 8e 9f 88 40 40 20 04 fc
INFO - 8e a1 88 08 40 28 2a 0a
INFO - 8e a1 c8 20 40 27 fd ff
INFO - 8e a1 08 40 40 23 f0 01
INFO - 8e a3 08 08 40 28 2a 0a
INFO - 8e a3 48 20 40 27 fd ff
INFO - 8e a3 88 40 40 20 04 fc
INFO - 8e a5 88 08 40 28 2a 0a
INFO - 8e a5 c8 20 40 27 fd ff
INFO - 8e a5 08 40 40 23 f0 00
INFO - 8e a7 08 08 40 28 2a 0a
INFO - 8e a7 48 20 40 27 fd ff
INFO - 8e a7 88 40 40 20 00 01
INFO - 8e a9 88 08 40 28 2a 0a
INFO - 8e a9 c8 20 40 27 fd ff
INFO - 8e a9 08 40 40 20 04 fc
INFO - 8e ab 08 08 40 28 2a 0a
INFO - 8e ab 48 20 40 27 fd ff
INFO - 8e ab 88 40 40 23 f0 00
INFO - 8e ad 88 08 40 28 2a 0a
INFO - 8e ad c8 20 40 27 fd ff
INFO - 8e ad 08 40 40 20 00 01
INFO - 8e af 08 08 40 28 2a 0e
INFO - 8e af 48 20 40 27 fd fb
INFO - 8e af 88 40 40 20 04 fc
INFO - 8e b1 88 08 40 28 3a 10
INFO - 8e b1 c8 20 40 27 ed f9
INFO - 8e b1 08 40 40 23 f0 01
INFO - 8e b3 08 08 40 28 42 10
INFO - 8e b3 48 20 40 27 e5 f9
INFO - 8e b3 88 40 40 20 04 fc
INFO - 8e b5 88 08 40 28 42 10
INFO - 8e b5 c8 20 40 27 e5 fb
INFO - 8e b5 08 40 40 23 f0 fd
INFO - 8e b7 08 08 40 28 42 10
INFO - 8e b7 48 20 40 27 ed fd
INFO - 8e b7 88 40 40 23 f4 01
INFO - 8e b9 88 08 40 28 42 10
INFO - 8e b9 c8 20 40 27 f5 ff
INFO - 8e b9 08 40 40 20 04 fc
INFO - 8e bb 08 08 40 28 42 10
INFO - 8e bb 48 20 40 27 fd ff
INFO - 8e bb 88 40 40 23 f0 01
INFO - 8e bd 88 08 40 28 42 10
INFO - 8e bd c8 20 40 27 fd ff
INFO - 8e bd 08 40 40 20 04 fc
INFO - 8e bf 08 08 40 28 42 10
INFO - 8e bf 48 20 40 27 fd fd
INFO - 8e bf 88 40 40 23 f0 00
INFO - 8e c1 88 08 40 28 42 10
INFO - 8e c1 c8 20 40 27 f5 fd
INFO - 8e c1 08 40 40 20 00 fd
INFO - 8e c3 08 08 40 28 42 10
INFO - 8e c3 48 20 40 27 f5 fd
INFO - 8e c3 88 40 40 23 f4 01
INFO - 8e c5 88 08 40 28 42 10
INFO - 8e c5 c8 20 40 27 f5 fd
INFO - 8e c5 08 40 40 20 04 fc
INFO - 8e c7 08 08 40 28 42 10
INFO - 8e c7 48 20 40 27 f5 ff
INFO - 8e c7 88 40 40 23 f0 01
INFO - 8e c9 88 08 40 28 42 10
INFO - 8e c9 c8 20 40 27 fd ff
INFO - 8e c9 08 40 40 20 04 fc
INFO - 8e cb 08 08 40 28 42 10
INFO - 8e cb 48 20 40 27 fd ff
INFO - 8e cb 88 40 40 23 f0 00
INFO - 8e cd 88 08 40 28 41 f8
INFO - 8e cd c8 20 40 27 fd ff
INFO - 8e cd 08 40 40 20 00 01
INFO - 8e cf 08 08 40 27 e1 f3
INFO - 8e cf 48 20 40 27 fd fd
INFO - 8e cf 88 40 40 20 04 fc
INFO - 8e d1 88 08 40 27 cd f3
INFO - 8e d1 c8 20 40 27 f5 fd
INFO - 8e d1 08 40 40 23 f0 01
INFO - 8e d3 08 08 40 27 cd f3
INFO - 8e d3 48 20 40 27 f5 fb
INFO - 8e d3 88 40 40 20 04 fc
INFO - 8e d5 88 08 40 27 cd f3
INFO - 8e d5 c8 20 40 27 ed fb
INFO - 8e d5 08 40 40 23 f0 00
INFO - 8e d7 08 08 40 27 cd f3
INFO - 8e d7 48 20 40 27 ed fd
INFO - 8e d7 88 40 40 20 00 01
INFO - 8e d9 88 08 40 27 cd f3
INFO - 8e d9 c8 20 40 27 f5 fd
INFO - 8e d9 08 40 40 20 04 fc
INFO - 8e db 08 08 40 27 cd f3
INFO - 8e db 48 20 40 27 f5 fd
INFO - 8e db 88 40 40 23 f0 fd
INFO - 8e dd 88 08 40 27 cd f3
INFO - 8e dd c8 20 40 27 f5 fd
INFO - 8e dd 08 40 40 23 f4 01
INFO - 8e df 08 08 40 27 cd f3
INFO - 8e df 48 20 40 27 f5 fd
INFO - 8e df 88 40 40 20 04 fc
INFO - 8e e1 88 08 40 27 cd f3
INFO - 8e e1 c8 20 40 27 f5 fd
INFO - 8e e1 08 40 40 23 f0 01
INFO - 8e e3 08 08 40 27 cd f3
INFO - 8e e3 48 20 40 27 f5 ff
INFO - 8e e3 88 40 40 20 04 fc
INFO - 8e e5 88 08 40 27 cd f3
INFO - 8e e5 c8 20 40 27 fd ff
INFO - 8e e5 08 40 40 23 f0 00
INFO - 8e e7 08 08 40 27 cd f3
INFO - 8e e7 48 20 40 27 fd fd
INFO - 8e e7 88 40 40 20 00 01
INFO - 8e e9 88 08 40 27 cd ea
INFO - 8e e9 c8 20 40 27 f5 fb
INFO - 8e e9 08 40 40 20 04 fc
INFO - 8e eb 08 08 40 27 a9 e8
INFO - 8e eb 48 20 40 27 ed fb
INFO - 8e eb 88 40 40 23 f0 01
INFO - 8e ed 88 08 40 27 a1 e8
INFO - 8e ed c8 20 40 27 ed f9
INFO - 8e ed 08 40 40 20 04 fc
INFO - 8e ef 08 08 40 27 a1 e8
INFO - 8e ef 48 20 40 27 e5 fb
INFO - 8e ef 88 40 40 23 f0 00
INFO - 8e f1 88 08 40 27 a1 e8
INFO - 8e f1 c8 20 40 27 ed fb
INFO - 8e f1 08 40 40 20 00 01
INFO - 8e f3 08 08 40 27 a1 e8
INFO - 8e f3 48 20 40 27 ed fb
INFO - 8e f3 88 40 40 20 04 fc
INFO - 8e f5 88 08 40 27 a1 e8
INFO - 8e f5 c8 20 40 27 ed fb
INFO - 8e f5 08 40 40 23 f0 01
INFO - 8e f7 08 08 40 27 a1 e8
INFO - 8e f7 48 20 40 27 ed fb
INFO - 8e f7 88 40 40 20 04 fc
INFO - 8e f9 88 08 40 27 a1 e8
INFO - 8e f9 c8 20 40 27 ed fb
INFO - 8e f9 08 40 40 23 f0 00
INFO - 8e fb 08 08 40 27 a1 e8
INFO - 8e fb 48 20 40 27 ed f9
INFO - 8e fb 88 40 40 20 00 01
INFO - 8e fd 88 08 40 27 a1 e8
INFO - 8e fd c8 20 40 27 e5 f9
INFO - 8e fd 08 40 40 20 04 fc
INFO - 8e ff 08 08 40 27 a1 e8
INFO - 8e ff 48 20 40 27 e5 fb
INFO - 8e ff 88 40 40 23 f0 fd
INFO - 8f 01 88 08 40 27 a1 e8
INFO - 8f 01 c8 20 40 27 ed fb
INFO - 8f 01 08 40 40 23 f4 01
INFO - 8f 03 08 08 40 27 a1 e8
INFO - 8f 03 48 20 40 27 ed fd
INFO - 8f 03 88 40 40 20 04 fc
INFO - 8f 05 88 08 40 27 a1 e8
INFO - 8f 05 c8 20 40 27 f5 fd
INFO - 8f 05 08 40 40 23 f0 01
INFO - 8f 07 08 08 40 27 a1 e8
INFO - 8f 07 48 20 40 27 f5 fd
INFO - 8f 07 88 40 40 20 04 fc
INFO - 8f 09 88 08 40 27 a2 0c
INFO - 8f 09 c8 20 40 27 f5 fb
INFO - 8f 09 08 40 40 23 f0 00
INFO - 8f 0b 08 08 40 28 32 15
INFO - 8f 0b 48 20 40 27 ed fb
INFO - 8f 0b 88 40 40 20 00 01
INFO - 8f 0d 88 08 40 28 56 15
INFO - 8f 0d c8 20 40 27 ed f9
INFO - 8f 0d 08 40 40 20 04 fc
INFO - 8f 0f 08 08 40 28 56 15
INFO - 8f 0f 48 20 40 27 e5 f9
INFO - 8f 0f 88 40 40 23 f0 00
INFO - 8f 11 88 08 40 28 56 15
INFO - 8f 11 c8 20 40 27 e5 f9
INFO - 8f 11 08 40 40 20 00 01
INFO - 8f 13 08 08 40 28 56 15
INFO - 8f 13 48 20 40 27 e5 fb
INFO - 8f 13 88 40 40 20 04 fc
INFO - 8f 15 88 08 40 28 56 15
INFO - 8f 15 c8 20 40 27 ed fb
INFO - 8f 15 08 40 40 23 f0 01
INFO - 8f 17 08 08 40 28 56 15
INFO - 8f 17 48 20 40 27 ed fb
INFO - 8f 17 88 40 40 20 04 fc
INFO - 8f 19 88 08 40 28 56 15
INFO - 8f 19 c8 20 40 27 ed fb
INFO - 8f 19 08 40 40 23 f0 00
INFO - 8f 1b 08 08 40 28 56 15
INFO - 8f 1b 48 20 40 27 ed fb
INFO - 8f 1b 88 40 40 20 00 01
INFO - 8f 1d 88 08 40 28 56 15
INFO - 8f 1d c8 20 40 27 ed f9
INFO - 8f 1d 08 40 40 20 04 fc
INFO - 8f 1f 08 08 40 28 56 15
INFO - 8f 1f 48 20 40 27 e5 f9
INFO - 8f 1f 88 40 40 23 f0 00
INFO - 8f 21 88 08 40 28 56 15
INFO - 8f 21 c8 20 40 27 e5 f9
INFO - 8f 21 08 40 40 20 00 01
INFO - 8f 23 08 08 40 28 56 15
INFO - 8f 23 48 20 40 27 e5 f9
INFO - 8f 23 88 40 40 20 04 fc
INFO - 8f 25 88 08 40 28 56 15
INFO - 8f 25 c8 20 40 27 e5 f7
INFO - 8f 25 08 40 40 23 f0 01
INFO - 8f 27 08 08 40 28 56 13
INFO - 8f 27 48 20 40 27 dd f9
INFO - 8f 27 88 40 40 20 04 fc
INFO - 8f 29 88 08 40 28 4e 13
INFO - 8f 29 c8 20 40 27 e5 f9
INFO - 8f 29 08 40 40 23 f0 fd
INFO - 8f 2b 08 08 40 28 4e 13
INFO - 8f 2b 48 20 40 27 e5 f9
INFO - 8f 2b 88 40 40 23 f4 01
INFO - 8f 2d 88 08 40 28 4e 13
INFO - 8f 2d c8 20 40 27 e5 f9
INFO - 8f 2d 08 40 40 20 04 fc
INFO - 8f 2f 08 08 40 28 4e 13
INFO - 8f 2f 48 20 40 27 e5 f9
INFO - 8f 2f 88 40 40 23 f0 00
INFO - 8f 31 88 08 40 28 4e 13
INFO - 8f 31 c8 20 40 27 e5 f9
INFO - 8f 31 08 40 40 20 00 01
INFO - 8f 33 08 08 40 28 4e 13
INFO - 8f 33 48 20 40 27 e5 f9
INFO - 8f 33 88 40 40 20 04 fc
INFO - 8f 35 88 08 40 28 4e 13
INFO - 8f 35 c8 20 40 27 e5 f9
INFO - 8f 35 08 40 40 23 f0 01
INFO - 8f 37 08 08 40 28 4e 13
INFO - 8f 37 48 20 40 27 e5 f9
INFO - 8f 37 88 40 40 20 04 fc
INFO - 8f 39 88 08 40 28 4e 13
INFO - 8f 39 c8 20 40 27 e5 f9
INFO - 8f 39 08 40 40 23 f0 fd
INFO - 8f 3b 08 08 40 28 4e 13
INFO - 8f 3b 48 20 40 27 e5 f7
INFO - 8f 3b 88 40 40 23 f4 01
INFO - 8f 3d 88 08 40 28 4e 13
INFO - 8f 3d c8 20 40 27 dd f9
INFO - 8f 3d 08 40 40 20 04 fc
INFO - 8f 3f 08 08 40 28 4e 13
INFO - 8f 3f 48 20 40 27 e5 f9
INFO - 8f 3f 88 40 40 23 f0 01
INFO - 8f 41 88 08 40 28 4e 13
INFO - 8f 41 c8 20 40 27 e5 f9
INFO - 8f 41 08 40 40 20 04 fc
INFO - 8f 43 08 08 40 28 4e 13
INFO - 8f 43 48 20 40 27 e5 f9
INFO - 8f 43 88 40 40 23 f0 00
INFO - 8f 45 88 08 40 28 4d f7
INFO - 8f 45 c8 20 40 27 e5 f7
INFO - 8f 45 08 40 40 20 00 01
INFO - 8f 47 08 08 40 27 dd f2
INFO - 8f 47 48 20 40 27 dd f9
INFO - 8f 47 88 40 40 20 04 fc
INFO - 8f 49 88 08 40 27 c9 f2
INFO - 8f 49 c8 20 40 27 e5 f9
INFO - 8f 49 08 40 40 23 f0 fd
INFO - 8f 4b 08 08 40 27 c9 f2
INFO - 8f 4b 48 20 40 27 e5 f9
INFO - 8f 4b 88 40 40 23 f4 01
INFO - 8f 4d 88 08 40 27 c9 f2
INFO - 8f 4d c8 20 40 27 e5 f9
INFO - 8f 4d 08 40 40 20 04 fc
INFO - 8f 4f 08 08 40 27 c9 f2
INFO - 8f 4f 48 20 40 27 e5 f9
INFO - 8f 4f 88 40 40 23 f0 01
INFO - 8f 51 88 08 40 27 c9 f2
INFO - 8f 51 c8 20 40 27 e5 f9
INFO - 8f 51 08 40 40 20 04 fc
INFO - 8f 53 08 08 40 27 c9 f2
INFO - 8f 53 48 20 40 27 e5 f9
INFO - 8f 53 88 40 40 23 f0 01
INFO - 8f 55 88 08 40 27 c9 f2
INFO - 8f 55 c8 20 40 27 e5 f9
INFO - 8f 55 08 40 40 20 04 fc
INFO - 8f 57 08 08 40 27 c9 f2
INFO - 8f 57 48 20 40 27 e5 f9
INFO - 8f 57 88 40 40 23 f0 01
INFO - 8f 59 88 08 40 27 c9 f2
INFO - 8f 59 c8 20 40 27 e5 f7
INFO - 8f 59 08 40 40 20 04 fc
INFO - 8f 5b 08 08 40 27 c9 f2
INFO - 8f 5b 48 20 40 27 dd f7
INFO - 8f 5b 88 40 40 23 f0 00
INFO - 8f 5d 88 08 40 27 c9 f2
INFO - 8f 5d c8 20 40 27 dd f9
INFO - 8f 5d 08 40 40 20 00 01
INFO - 8f 5f 08 08 40 27 c9 f2
INFO - 8f 5f 48 20 40 27 e5 f9
INFO - 8f 5f 88 40 40 20 04 fc
INFO - 8f 61 88 08 40 27 c9 f2
INFO - 8f 61 c8 20 40 27 e5 f9
INFO - 8f 61 08 40 40 23 f0 01
INFO - 8f 63 08 08 40 27 c9 f2
INFO - 8f 63 48 20 40 27 e5 f9
INFO - 8f 63 88 40 40 20 04 fc
INFO - 8f 65 88 08 40 27 c9 e2
INFO - 8f 65 c8 20 40 27 e5 f7
INFO - 8f 65 08 40 40 23 f0 fd
INFO - 8f 67 08 08 40 27 89 de
INFO - 8f 67 48 20 40 27 dd f5
INFO - 8f 67 88 40 40 23 f4 01
INFO - 8f 69 88 08 40 27 79 de
INFO - 8f 69 c8 20 40 27 d5 f5
INFO - 8f 69 08 40 40 20 04 fc
INFO - 8f 6b 08 08 40 27 79 de
INFO - 8f 6b 48 20 40 27 d5 f7
INFO - 8f 6b 88 40 40 23 f0 01
INFO - 8f 6d 88 08 40 27 79 de
INFO - 8f 6d c8 20 40 27 dd f7
INFO - 8f 6d 08 40 40 20 04 fc
INFO - 8f 6f 08 08 40 27 79 de
INFO - 8f 6f 48 20 40 27 dd f7
INFO - 8f 6f 88 40 40 23 f0 00
INFO - 8f 71 88 08 40 27 79 de
INFO - 8f 71 c8 20 40 27 dd f7
INFO - 8f 71 08 40 40 20 00 01
INFO - 8f 73 08 08 40 27 79 de
INFO - 8f 73 48 20 40 27 dd f7
INFO - 8f 73 88 40 40 20 04 fc
INFO - 8f 75 88 08 40 27 79 de
INFO - 8f 75 c8 20 40 27 dd f7
INFO - 8f 75 08 40 40 23 f0 01
INFO - 8f 77 08 08 40 27 79 de
INFO - 8f 77 48 20 40 27 dd f7
INFO - 8f 77 88 40 40 20 04 fc
INFO - 8f 79 88 08 40 27 79 de
INFO - 8f 79 c8 20 40 27 dd f7
INFO - 8f 79 08 40 40 23 f0 00
INFO - 8f 7b 08 08 40 27 79 de
INFO - 8f 7b 48 20 40 27 dd f9
INFO - 8f 7b 88 40 40 20 00 01
INFO - 8f 7d 88 08 40 27 79 de
INFO - 8f 7d c8 20 40 27 e5 f9
INFO - 8f 7d 08 40 40 20 04 fc
INFO - 8f 7f 08 08 40 27 79 de
INFO - 8f 7f 48 20 40 27 e5 f9
INFO - 8f 7f 88 40 40 23 f0 fd
INFO - 8f 81 88 08 40 27 79 c1
INFO - 8f 81 c8 20 40 27 e5 f9
INFO - 8f 81 08 40 40 23 f4 01
INFO - 8f 83 08 08 40 27 05 bd
INFO - 8f 83 48 20 40 27 e5 f9
INFO - 8f 83 88 40 40 20 04 fc
INFO - 8f 85 88 08 40 26 f5 bd
INFO - 8f 85 c8 20 40 27 e5 f9
INFO - 8f 85 08 40 40 23 f0 01
INFO - 8f 87 08 08 40 26 f5 bd
INFO - 8f 87 48 20 40 27 e5 f9
INFO - 8f 87 88 40 40 20 04 fc
INFO - 8f 89 88 08 40 26 f5 bd
INFO - 8f 89 c8 20 40 27 e5 f9
INFO - 8f 89 08 40 40 23 f0 fd
INFO - 8f 8b 08 08 40 26 f5 bd
INFO - 8f 8b 48 20 40 27 e5 f7
INFO - 8f 8b 88 40 40 23 f4 01
INFO - 8f 8d 88 08 40 26 f5 bd
INFO - 8f 8d c8 20 40 27 dd f7
INFO - 8f 8d 08 40 40 20 04 fc
INFO - 8f 8f 08 08 40 26 f5 bd
INFO - 8f 8f 48 20 40 27 dd f7
INFO - 8f 8f 88 40 40 23 f0 fd
INFO - 8f 91 88 08 40 26 f5 bd
INFO - 8f 91 c8 20 40 27 dd f7
INFO - 8f 91 08 40 40 23 f4 01
INFO - 8f 93 08 08 40 26 f5 bd
INFO - 8f 93 48 20 40 27 dd f9
INFO - 8f 93 88 40 40 20 04 fc
INFO - 8f 95 88 08 40 26 f5 bd
INFO - 8f 95 c8 20 40 27 e5 fb
INFO - 8f 95 08 40 40 23 f0 00
INFO - 8f 97 08 08 40 26 f5 bd
INFO - 8f 97 48 20 40 27 ed fb
INFO - 8f 97 88 40 40 20 00 01
INFO - 8f 99 88 08 40 26 f5 bd
INFO - 8f 99 c8 20 40 27 ed fb
INFO - 8f 99 08 40 40 20 04 fc
INFO - 8f 9b 08 08 40 36 f5 ed
INFO - 8f 9b 48 20 40 37 ed fb
INFO - 8f 9b 88 40 40 33 f0 00
INFO - 8f 9e 08 08 40 27 b5 f5
INFO - 8f 9e 48 20 40 27 ed fb
INFO - 8f 9e 88 40 40 20 00 fd
INFO - 8f a0 88 08 40 27 d5 f9
INFO - 8f a0 c8 20 40 27 ed f9
INFO - 8f a0 08 40 40 23 f4 fd
INFO - 8f a2 08 08 40 27 e5 fb
INFO - 8f a2 48 20 40 27 e5 f9
INFO - 8f a2 88 40 40 23 f4 01
INFO - 8f a4 88 08 40 27 ed fd
INFO - 8f a4 c8 20 40 27 e5 f7
INFO - 8f a4 08 40 40 20 04 fc
INFO - 8f a6 08 08 40 27 f5 fe
INFO - 8f a6 48 20 40 27 dd f7
INFO - 8f a6 88 40 40 23 f0 01
INFO - 8f a8 88 08 40 27 f9 ff
INFO - 8f a8 c8 20 40 27 dd f7
INFO - 8f a8 08 40 40 20 04 fc
INFO - 8f aa 08 08 40 27 fd ff
INFO - 8f aa 48 20 40 27 dd f7
INFO - 8f aa 88 40 40 23 f0 00
INFO - 8f ac 88 08 40 27 fd ff
INFO - 8f ac c8 20 40 27 dd f7
INFO - 8f ac 08 40 40 20 00 01
INFO - 8f ae 08 08 40 27 fe 00
INFO - 8f ae 48 20 40 27 dd f7
INFO - 8f ae 88 40 40 20 04 fc
INFO - 8f b0 88 08 40 28 02 01
INFO - 8f b0 c8 20 40 27 dd f5
INFO - 8f b0 08 40 40 23 f0 01
INFO - 8f b2 08 08 40 28 06 01
INFO - 8f b2 48 20 40 27 d5 f5
INFO - 8f b2 88 40 40 20 04 fc
INFO - 8f b4 88 08 40 28 06 02
INFO - 8f b4 c8 20 40 27 d5 f5
INFO - 8f b4 08 40 40 23 f0 00
INFO - 8f b6 08 08 40 28 0a 02
INFO - 8f b6 48 20 40 27 d5 f5
INFO - 8f b6 88 40 40 20 00 01
INFO - 8f b8 88 08 40 28 0a 03
INFO - 8f b8 c8 20 40 27 d5 f5
INFO - 8f b8 08 40 40 20 04 fc
INFO - 8f ba 08 08 40 28 0e 04
INFO - 8f ba 48 20 40 27 d5 f5
INFO - 8f ba 88 40 40 23 f0 fd
INFO - 8f bc 88 08 40 28 12 04
INFO - 8f bc c8 20 40 27 d5 f5
INFO - 8f bc 08 40 40 23 f4 01
INFO - 8f be 08 08 40 28 12 05
INFO - 8f be 48 20 40 27 d5 f5
INFO - 8f be 88 40 40 20 04 fc
INFO - 8f c0 88 08 40 28 16 06
INFO - 8f c0 c8 20 40 27 d5 f7
INFO - 8f c0 08 40 40 23 f0 fd
INFO - 8f c2 08 08 40 28 1a 08
INFO - 8f c2 48 20 40 27 dd f7
INFO - 8f c2 88 40 40 23 f4 01
INFO - 8f c4 88 08 40 28 22 08
INFO - 8f c4 c8 20 40 27 dd f7
INFO - 8f c4 08 40 40 20 04 fc
INFO - 8f c6 08 08 40 28 22 0a
INFO - 8f c6 48 20 40 27 dd f7
INFO - 8f c6 88 40 40 23 f0 01
INFO - 8f c8 88 08 40 28 2a 0c
INFO - 8f c8 c8 20 40 27 dd f7
INFO - 8f c8 08 40 40 20 04 fc
INFO - 8f ca 08 08 40 28 32 0e
INFO - 8f ca 48 20 40 27 dd f7
INFO - 8f ca 88 40 40 23 f0 00
INFO - 8f cc 88 08 40 08 3a 0e
INFO - 8f cc c8 20 40 07 dd f7
INFO - 8f cc 08 40 40 00 00 c5
INFO - 90 07 88 08 40 27 5d d7
INFO - 90 07 c8 20 40 27 e5 f9
INFO - 90 07 08 40 40 23 14 3a
INFO - 90 09 08 08 40 27 5d d7
INFO - 90 09 48 20 40 27 e5 f9
INFO - 90 09 88 40 40 20 e8 fc
INFO - 90 0b 88 08 40 27 5d d7
INFO - 90 0b c8 20 40 27 e5 f9
INFO - 90 0b 08 40 40 23 f0 01
INFO - 90 0d 08 08 40 67 5d d7
INFO - 90 0d 48 20 40 67 e5 f7
INFO - 90 0d 88 40 40 60 04 fd
INFO - 90 13 88 08 40 27 5d d7
INFO - 90 13 c8 20 40 27 dd f7
INFO - 90 13 08 40 40 23 f4 fd
INFO - 90 15 08 08 40 27 5d d7
INFO - 90 15 48 20 40 27 dd f7
INFO - 90 15 88 40 40 23 f4 01
INFO - 90 17 88 08 40 47 5d d7
INFO - 90 17 c8 20 40 47 dd f7
INFO - 90 17 08 40 40 40 04 fc
INFO - 90 1b 08 08 40 27 5d d7
INFO - 90 1b 48 20 40 27 dd f7
INFO - 90 1b 88 40 40 23 f0 01
INFO - 90 1d 88 08 40 27 5d d1
INFO - 90 1d c8 20 40 27 dd f7
INFO - 90 1d 08 40 40 20 04 fc
INFO - 90 1f 08 08 40 27 45 bf
INFO - 90 1f 48 20 40 27 dd f7
INFO - 90 1f 88 40 40 23 f0 00
INFO - 90 21 88 08 40 26 fd b9
INFO - 90 21 c8 20 40 27 dd f7
INFO - 90 21 08 40 40 20 00 01
INFO - 90 23 08 08 40 26 e5 b9
INFO - 90 23 48 20 40 27 dd f9
INFO - 90 23 88 40 40 20 04 fc
INFO - 90 25 88 08 40 26 e5 b9
INFO - 90 25 c8 20 40 27 e5 f9
INFO - 90 25 08 40 40 23 f0 fd
INFO - 90 27 08 08 40 26 e5 b9
INFO - 90 27 48 20 40 27 e5 f9
INFO - 90 27 88 40 40 23 f4 01
INFO - 90 29 88 08 40 26 e5 b9
INFO - 90 29 c8 20 40 27 e5 f9
INFO - 90 29 08 40 40 20 04 fc
INFO - 90 2b 08 08 40 26 e5 b9
INFO - 90 2b 48 20 40 27 e5 f9
INFO - 90 2b 88 40 40 23 f0 01
INFO - 90 2d 88 08 40 26 e5 b9
INFO - 90 2d c8 20 40 27 e5 f9
INFO - 90 2d 08 40 40 20 04 fc
INFO - 90 2f 08 08 40 26 e5 b9
INFO - 90 2f 48 20 40 27 e5 f7
INFO - 90 2f 88 40 40 23 f0 00
INFO - 90 31 88 08 40 26 e5 b9
INFO - 90 31 c8 20 40 27 dd f7
INFO - 90 31 08 40 40 20 00 01
INFO - 90 33 08 08 40 46 e5 b9
INFO - 90 33 48 20 40 47 dd fb
INFO - 90 33 88 40 40 40 04 fd
INFO - 90 37 08 08 40 26 e5 d1
INFO - 90 37 48 20 40 27 ed fb
INFO - 90 37 88 40 40 23 f4 fd
INFO - 90 39 88 08 40 27 45 e8
INFO - 90 39 c8 20 40 27 ed fb
INFO - 90 39 08 40 40 23 f4 01
INFO - 90 3b 08 08 40 27 a1 e8
INFO - 90 3b 48 20 40 27 ed fb
INFO - 90 3b 88 40 40 20 04 fc
INFO - 90 3d 88 08 40 27 a1 e8
INFO - 90 3d c8 20 40 27 ed f9
INFO - 90 3d 08 40 40 23 f0 00
INFO - 90 3f 08 08 40 27 a1 e8
INFO - 90 3f 48 20 40 27 e5 f7
INFO - 90 3f 88 40 40 20 00 01
INFO - 90 41 88 08 40 27 a1 e8
INFO - 90 41 c8 20 40 27 dd f7
INFO - 90 41 08 40 40 20 04 fc
INFO - 90 43 08 08 40 27 a1 e8
INFO - 90 43 48 20 40 27 dd f5
INFO - 90 43 88 40 40 23 f0 01
INFO - 90 45 88 08 40 27 a1 e8
INFO - 90 45 c8 20 40 27 d5 f3
INFO - 90 45 08 40 40 20 04 fc
INFO - 90 47 08 08 40 27 a1 e8
INFO - 90 47 48 20 40 27 cd f5
INFO - 90 47 88 40 40 23 f0 01
INFO - 90 49 88 08 40 27 a1 e8
INFO - 90 49 c8 20 40 27 d5 f5
INFO - 90 49 08 40 40 20 04 fc
INFO - 90 4b 08 08 40 27 a1 e8
INFO - 90 4b 48 20 40 27 d5 f7
INFO - 90 4b 88 40 40 23 f0 fd
INFO - 90 4d 88 08 40 27 a1 e8
INFO - 90 4d c8 20 40 27 dd f9
INFO - 90 4d 08 40 40 23 f4 01
INFO - 90 4f 08 08 40 27 a1 e8
INFO - 90 4f 48 20 40 27 e5 f9
INFO - 90 4f 88 40 40 20 04 fc
INFO - 90 51 88 08 40 27 a1 e8
INFO - 90 51 c8 20 40 27 e5 f9
INFO - 90 51 08 40 40 23 f0 fd
INFO - 90 53 08 08 40 27 a1 e8
INFO - 90 53 48 20 40 27 e5 f9
INFO - 90 53 88 40 40 23 f4 01
INFO - 90 55 88 08 40 27 a1 e8
INFO - 90 55 c8 20 40 27 e5 f9
INFO - 90 55 08 40 40 20 04 fc
INFO - 90 57 08 08 40 27 a1 e8
INFO - 90 57 48 20 40 27 e5 f9
INFO - 90 57 88 40 40 23 f0 01
INFO - 90 59 88 08 40 27 a1 e8
INFO - 90 59 c8 20 40 27 e5 f9
INFO - 90 59 08 40 40 20 04 fc
INFO - 90 5b 08 08 40 27 a1 e5
INFO - 90 5b 48 20 40 27 e5 f9
INFO - 90 5b 88 40 40 23 f0 fd
INFO - 90 5d 88 08 40 27 95 e2
INFO - 90 5d c8 20 40 27 e5 f9
INFO - 90 5d 08 40 40 23 f4 01
INFO - 90 5f 08 08 40 27 89 e2
INFO - 90 5f 48 20 40 27 e5 f9
INFO - 90 5f 88 40 40 20 04 fc
INFO - 90 61 88 08 40 27 89 e2
INFO - 90 61 c8 20 40 27 e5 f9
INFO - 90 61 08 40 40 23 f0 00
INFO - 90 63 08 08 40 27 89 e2
INFO - 90 63 48 20 40 27 e5 f9
INFO - 90 63 88 40 40 20 00 01
INFO - 90 65 88 08 40 27 89 e2
INFO - 90 65 c8 20 40 27 e5 f9
INFO - 90 65 08 40 40 20 04 fc
INFO - 90 67 08 08 40 27 89 e2
INFO - 90 67 48 20 40 27 e5 f9
INFO - 90 67 88 40 40 23 f0 00
INFO - 90 69 88 08 40 27 89 e2
INFO - 90 69 c8 20 40 27 e5 f7
INFO - 90 69 08 40 40 20 00 01
INFO - 90 6b 08 08 40 27 89 e2
INFO - 90 6b 48 20 40 27 dd f7
INFO - 90 6b 88 40 40 20 04 fc
INFO - 90 6d 88 08 40 27 89 e2
INFO - 90 6d c8 20 40 27 dd f5
INFO - 90 6d 08 40 40 23 f0 01
INFO - 90 6f 08 08 40 27 89 e2
INFO - 90 6f 48 20 40 27 d5 f5
INFO - 90 6f 88 40 40 20 04 fc
INFO - 90 71 88 08 40 27 89 e2
INFO - 90 71 c8 20 40 27 d5 f7
INFO - 90 71 08 40 40 23 f0 fd
INFO - 90 73 08 08 40 27 89 e2
INFO - 90 73 48 20 40 27 dd f7
INFO - 90 73 88 40 40 23 f4 01
INFO - 90 75 88 08 40 27 89 e2
INFO - 90 75 c8 20 40 27 dd f9
INFO - 90 75 08 40 40 20 04 fc
INFO - 90 77 08 08 40 27 8a 08
INFO - 90 77 48 20 40 27 e5 f9
INFO - 90 77 88 40 40 23 f0 01
INFO - 90 79 88 08 40 28 22 26
INFO - 90 79 c8 20 40 27 e5 f9
INFO - 90 79 08 40 40 20 04 fc
INFO - 90 7b 08 08 40 28 9a 26
INFO - 90 7b 48 20 40 27 e5 f7
INFO - 90 7b 88 40 40 23 f0 00
INFO - 90 7d 88 08 40 28 9a 26
INFO - 90 7d c8 20 40 27 dd f9
INFO - 90 7d 08 40 40 20 00 01
INFO - 90 7f 08 08 40 28 9a 26
INFO - 90 7f 48 20 40 27 e5 f9
INFO - 90 7f 88 40 40 20 04 fc
INFO - 90 81 88 08 40 28 9a 26
INFO - 90 81 c8 20 40 27 e5 fb
INFO - 90 81 08 40 40 23 f0 01
INFO - 90 83 08 08 40 28 9a 26
INFO - 90 83 48 20 40 27 ed fb
INFO - 90 83 88 40 40 20 04 fc
INFO - 90 85 88 08 40 28 9a 26
INFO - 90 85 c8 20 40 27 ed fb
INFO - 90 85 08 40 40 23 f0 01
INFO - 90 87 08 08 40 28 9a 26
INFO - 90 87 48 20 40 27 ed fb
INFO - 90 87 88 40 40 20 04 fc
INFO - 90 89 88 08 40 28 9a 26
INFO - 90 89 c8 20 40 27 ed fb
INFO - 90 89 08 40 40 23 f0 00
INFO - 90 8b 08 08 40 28 9a 26
INFO - 90 8b 48 20 40 27 ed fb
INFO - 90 8b 88 40 40 20 00 00
INFO - 90 8d 88 08 40 28 9a 26
INFO - 90 8d c8 20 40 27 ed f9
INFO - 90 8d 08 40 40 20 00 01
INFO - 90 8f 08 08 40 28 9a 26
INFO - 90 8f 48 20 40 27 e5 f9
INFO - 90 8f 88 40 40 20 04 fc
INFO - 90 91 88 08 40 28 9a 26
INFO - 90 91 c8 20 40 27 e5 f7
INFO - 90 91 08 40 40 23 f0 01
INFO - 90 93 08 08 40 28 9a 26
INFO - 90 93 48 20 40 27 dd f5
INFO - 90 93 88 40 40 20 04 fc
INFO - 90 95 88 08 40 28 9a 26
INFO - 90 95 c8 20 40 27 d5 f5
INFO - 90 95 08 40 40 23 f0 01
INFO - 90 97 08 08 40 28 9a 04
INFO - 90 97 48 20 40 27 d5 f5
INFO - 90 97 88 40 40 20 04 fc
INFO - 90 99 88 08 40 28 11 f4
INFO - 90 99 c8 20 40 27 d5 f7
INFO - 90 99 08 40 40 23 f0 fd
INFO - 90 9b 08 08 40 27 d1 f4
INFO - 90 9b 48 20 40 27 dd f7
INFO - 90 9b 88 40 40 23 f4 01
INFO - 90 9d 88 08 40 27 d1 f4
INFO - 90 9d c8 20 40 27 dd f7
INFO - 90 9d 08 40 40 20 04 fc
INFO - 90 9f 08 08 40 27 d1 f4
INFO - 90 9f 48 20 40 27 dd f7
INFO - 90 9f 88 40 40 23 f0 fd
INFO - 90 a1 88 08 40 27 d1 f4
INFO - 90 a1 c8 20 40 27 dd f7
INFO - 90 a1 08 40 40 23 f4 01
INFO - 90 a3 08 08 40 27 d1 f4
INFO - 90 a3 48 20 40 27 dd f7
INFO - 90 a3 88 40 40 20 04 fc
INFO - 90 a5 88 08 40 27 d1 f4
INFO - 90 a5 c8 20 40 27 dd f7
INFO - 90 a5 08 40 40 23 f0 01
INFO - 90 a7 08 08 40 27 d1 f4
INFO - 90 a7 48 20 40 27 dd f7
INFO - 90 a7 88 40 40 20 04 fc
INFO - 90 a9 88 08 40 27 d1 f4
INFO - 90 a9 c8 20 40 27 dd f7
INFO - 90 a9 08 40 40 23 f0 fd
INFO - 90 ab 08 08 40 27 d1 f4
INFO - 90 ab 48 20 40 27 dd f7
INFO - 90 ab 88 40 40 23 f4 01
INFO - 90 ad 88 08 40 27 d1 f4
INFO - 90 ad c8 20 40 27 dd f7
INFO - 90 ad 08 40 40 20 04 fc
INFO - 90 af 08 08 40 27 d1 f4
INFO - 90 af 48 20 40 27 dd f7
INFO - 90 af 88 40 40 23 f0 01
INFO - 90 b1 88 08 40 27 d1 f4
INFO - 90 b1 c8 20 40 27 dd f7
INFO - 90 b1 08 40 40 20 04 fc
INFO - 90 b3 08 08 40 27 d1 f4
INFO - 90 b3 48 20 40 27 dd f7
INFO - 90 b3 88 40 40 23 f0 00
INFO - 90 b5 88 08 40 27 d2 39
INFO - 90 b5 c8 20 40 27 dd f7
INFO - 90 b5 08 40 40 20 00 01
INFO - 90 b7 08 08 40 28 e6 4e
INFO - 90 b7 48 20 40 27 dd f7
INFO - 90 b7 88 40 40 20 04 fc
INFO - 90 b9 88 08 40 29 3a 4e
INFO - 90 b9 c8 20 40 27 dd f7
INFO - 90 b9 08 40 40 23 f0 01
INFO - 90 bb 08 08 40 29 3a 4e
INFO - 90 bb 48 20 40 27 dd f7
INFO - 90 bb 88 40 40 20 04 fc
INFO - 90 bd 88 08 40 29 3a 4e
INFO - 90 bd c8 20 40 27 dd f9
INFO - 90 bd 08 40 40 23 f0 00
INFO - 90 bf 08 08 40 29 3a 4e
INFO - 90 bf 48 20 40 27 e5 f9
INFO - 90 bf 88 40 40 20 00 01
INFO - 90 c1 88 08 40 29 3a 4e
INFO - 90 c1 c8 20 40 27 e5 f9
INFO - 90 c1 08 40 40 20 04 fc
INFO - 90 c3 08 08 40 29 3a 4e
INFO - 90 c3 48 20 40 27 e5 f7
INFO - 90 c3 88 40 40 23 f0 01
INFO - 90 c5 88 08 40 29 3a 4e
INFO - 90 c5 c8 20 40 27 dd f7
INFO - 90 c5 08 40 40 20 04 fc
INFO - 90 c7 08 08 40 29 3a 4e
INFO - 90 c7 48 20 40 27 dd f7
INFO - 90 c7 88 40 40 23 f0 00
INFO - 90 c9 88 08 40 29 3a 4e
INFO - 90 c9 c8 20 40 27 dd f7
INFO - 90 c9 08 40 40 20 00 01
INFO - 90 cb 08 08 40 29 3a 4e
INFO - 90 cb 48 20 40 27 dd f7
INFO - 90 cb 88 40 40 20 04 fc
INFO - 90 cd 88 08 40 29 3a 4e
INFO - 90 cd c8 20 40 27 dd f7
INFO - 90 cd 08 40 40 23 f0 01
INFO - 90 cf 08 08 40 29 3a 4e
INFO - 90 cf 48 20 40 27 dd f7
INFO - 90 cf 88 40 40 20 04 fc
INFO - 90 d1 88 08 40 29 3a 4e
INFO - 90 d1 c8 20 40 27 dd f9
INFO - 90 d1 08 40 40 23 f0 00
INFO - 90 d3 08 08 40 29 3a 04
INFO - 90 d3 48 20 40 27 e5 f9
INFO - 90 d3 88 40 40 20 00 01
INFO - 90 d5 88 08 40 28 11 d6
INFO - 90 d5 c8 20 40 27 e5 f9
INFO - 90 d5 08 40 40 20 04 fc
INFO - 90 d7 08 08 40 27 59 d6
INFO - 90 d7 48 20 40 27 e5 f9
INFO - 90 d7 88 40 40 23 f0 fd
INFO - 90 d9 88 08 40 27 59 d6
INFO - 90 d9 c8 20 40 27 e5 f9
INFO - 90 d9 08 40 40 23 f4 01
INFO - 90 db 08 08 40 27 59 d6
INFO - 90 db 48 20 40 27 e5 f9
INFO - 90 db 88 40 40 20 04 fc
INFO - 90 dd 88 08 40 27 59 d6
INFO - 90 dd c8 20 40 27 e5 f9
INFO - 90 dd 08 40 40 23 f0 fd
INFO - 90 df 08 08 40 27 59 d6
INFO - 90 df 48 20 40 27 e5 f9
INFO - 90 df 88 40 40 23 f4 01
INFO - 90 e1 88 08 40 27 59 d6
INFO - 90 e1 c8 20 40 27 e5 f7
INFO - 90 e1 08 40 40 20 04 fc
INFO - 90 e3 08 08 40 27 59 d6
INFO - 90 e3 48 20 40 27 dd f7
INFO - 90 e3 88 40 40 23 f0 00
INFO - 90 e5 88 08 40 27 59 d6
INFO - 90 e5 c8 20 40 27 dd f5
INFO - 90 e5 08 40 40 20 00 01
INFO - 90 e7 08 08 40 27 59 d6
INFO - 90 e7 48 20 40 27 d5 f5
INFO - 90 e7 88 40 40 20 04 fc
INFO - 90 e9 88 08 40 27 59 d6
INFO - 90 e9 c8 20 40 27 d5 f5
INFO - 90 e9 08 40 40 23 f0 01
INFO - 90 eb 08 08 40 27 59 d6
INFO - 90 eb 48 20 40 27 d5 f7
INFO - 90 eb 88 40 40 20 04 fc
INFO - 90 ed 88 08 40 27 59 d6
INFO - 90 ed c8 20 40 27 dd f7
INFO - 90 ed 08 40 40 23 f0 fd
INFO - b0 ef 48 40 57 00 00 02
INFO - b0 ef 88 40 57 00 00 02
INFO - b0 ef c8 40 57 00 00 02
INFO - b0 ef 08 40 57 00 00 02
INFO - b0 ef 48 40 57 00 00 02
INFO - 90 ef 48 08 40 27 5a 0b
INFO - 90 ef 88 20 40 27 dd f9
INFO - 90 ef c8 40 40 23 f4 01
INFO - 90 f1 c8 08 40 28 2e 2c
INFO - 90 f1 08 20 40 27 e5 f9
INFO - 90 f1 48 40 40 20 04 fc
INFO - 90 f3 48 08 40 28 b2 2c
INFO - 90 f3 88 20 40 27 e5 f9
INFO - 90 f3 c8 40 40 23 f0 01
INFO - 90 f5 c8 08 40 28 b2 2c
INFO - 90 f5 08 20 40 27 e5 f9
INFO - 90 f5 48 40 40 20 04 fc
INFO - 90 f7 48 08 40 28 b2 2c
INFO - 90 f7 88 20 40 27 e5 f9
INFO - 90 f7 c8 40 40 23 f0 fd
INFO - 90 f9 c8 08 40 28 b2 2c
INFO - 90 f9 08 20 40 27 e5 f9
INFO - 90 f9 48 40 40 23 f4 01
INFO - 90 fb 48 08 40 28 b2 2c
INFO - 90 fb 88 20 40 27 e5 f9
INFO - 90 fb c8 40 40 20 04 fc
INFO - 90 fd c8 08 40 28 b2 2c
INFO - 90 fd 08 20 40 27 e5 f9
INFO - 90 fd 48 40 40 23 f0 01
INFO - 90 ff 48 08 40 28 b2 2c
INFO - 90 ff 88 20 40 27 e5 f9
INFO - 90 ff c8 40 40 20 04 fc
INFO - 91 01 c8 08 40 28 b2 2c
INFO - 91 01 08 20 40 27 e5 f9
INFO - 91 01 48 40 40 23 f0 fd
INFO - 91 03 48 08 40 28 b2 2c
INFO - 91 03 88 20 40 27 e5 f9
INFO - 91 03 c8 40 40 23 f4 01
INFO - 91 05 c8 08 40 28 b2 2c
INFO - 91 05 08 20 40 27 e5 f9
INFO - 91 05 48 40 40 20 04 fc
INFO - 91 07 48 08 40 28 b2 2c
INFO - 91 07 88 20 40 27 e5 f9
INFO - 91 07 c8 40 40 23 f0 00
INFO - 91 09 c8 08 40 28 b2 2c
INFO - 91 09 08 20 40 27 e5 f9
INFO - 91 09 48 40 40 20 00 01
INFO - 91 0b 48 08 40 28 b2 2c
INFO - 91 0b 88 20 40 27 e5 f9
INFO - 91 0b c8 40 40 20 04 fc
INFO - 91 0d c8 08 40 28 b2 15
INFO - 91 0d 08 20 40 27 e5 f9
INFO - 91 0d 48 40 40 23 f0 01
INFO - 91 0f 48 08 40 28 56 0b
INFO - 91 0f 88 20 40 27 e5 f9
INFO - 91 0f c8 40 40 20 04 fc
INFO - 91 11 c8 08 40 28 2e 0b
INFO - 91 11 08 20 40 27 e5 f9
INFO - 91 11 48 40 40 23 f0 fd
INFO - 91 13 48 08 40 28 2e 0b
INFO - 91 13 88 20 40 27 e5 f7
INFO - 91 13 c8 40 40 23 f4 01
INFO - 91 15 c8 08 40 28 2e 0b
INFO - 91 15 08 20 40 27 dd f7
INFO - 91 15 48 40 40 20 04 fc
INFO - 91 17 48 08 40 28 2e 0b
INFO - 91 17 88 20 40 27 dd f7
INFO - 91 17 c8 40 40 23 f0 fd
INFO - 91 19 c8 08 40 28 2e 0b
INFO - 91 19 08 20 40 27 dd f7
INFO - 91 19 48 40 40 23 f4 01
INFO - 91 1b 48 08 40 28 2e 0b
INFO - 91 1b 88 20 40 27 dd f7
INFO - 91 1b c8 40 40 20 04 fc
INFO - 91 1d c8 08 40 28 2e 0b
INFO - 91 1d 08 20 40 27 dd f7
INFO - 91 1d 48 40 40 23 f0 00
INFO - 91 1f 48 08 40 28 2e 0b
INFO - 91 1f 88 20 40 27 dd f9
INFO - 91 1f c8 40 40 20 00 01
INFO - 91 21 c8 08 40 28 2e 0b
INFO - 91 21 08 20 40 27 e5 f9
INFO - 91 21 48 40 40 20 04 fc
INFO - 91 23 48 08 40 28 2e 0b
INFO - 91 23 88 20 40 27 e5 f9
INFO - 91 23 c8 40 40 23 f0 01
INFO - 91 25 c8 08 40 28 2e 0b
INFO - 91 25 08 20 40 27 e5 f9
INFO - 91 25 48 40 40 20 04 fc
INFO - 91 27 48 08 40 28 2e 0b
INFO - 91 27 88 20 40 27 e5 f9
INFO - 91 27 c8 40 40 23 f0 fd
INFO - 91 29 c8 08 40 28 2e 0b
INFO - 91 29 08 20 40 27 e5 f9
INFO - 91 29 48 40 40 23 f4 01
INFO - 91 2b 48 08 40 28 2e 0b
INFO - 91 2b 88 20 40 27 e5 f9
INFO - 91 2b c8 40 40 20 04 fc
INFO - 91 2d c8 08 40 28 2d ff
INFO - 91 2d 08 20 40 27 e5 f9
INFO - 91 2d 48 40 40 23 f0 00
INFO - 91 2f 48 08 40 27 fd fa
INFO - 91 2f 88 20 40 27 e5 f9
INFO - 91 2f c8 40 40 20 00 01
INFO - 91 31 c8 08 40 27 e9 fa
INFO - 91 31 08 20 40 27 e5 f9
INFO - 91 31 48 40 40 20 04 fc
INFO - 91 33 48 08 40 27 e9 fa
INFO - 91 33 88 20 40 27 e5 f7
INFO - 91 33 c8 40 40 23 f0 01
INFO - 91 35 c8 08 40 27 e9 fa
INFO - 91 35 08 20 40 27 dd f7
INFO - 91 35 48 40 40 20 04 fc
INFO - 91 37 48 08 40 27 e9 fa
INFO - 91 37 88 20 40 27 dd f7
INFO - 91 37 c8 40 40 23 f0 fd
INFO - 91 39 c8 08 40 27 e9 fa
INFO - 91 39 08 20 40 27 dd f5
INFO - 91 39 48 40 40 23 f4 01
INFO - 91 3b 48 08 40 27 e9 fa
INFO - 91 3b 88 20 40 27 d5 f5
INFO - 91 3b c8 40 40 20 04 fc
INFO - 91 3d c8 08 40 27 e9 fa
INFO - 91 3d 08 20 40 27 d5 f5
INFO - 91 3d 48 40 40 23 f0 00
INFO - 91 3f 48 08 40 27 e9 fa
INFO - 91 3f 88 20 40 27 d5 f7
INFO - 91 3f c8 40 40 20 00 01
INFO - 91 41 c8 08 40 27 e9 fa
INFO - 91 41 08 20 40 27 dd f7
INFO - 91 41 48 40 40 20 04 fc
INFO - 91 43 48 08 40 27 e9 fa
INFO - 91 43 88 20 40 27 dd f7
INFO - 91 43 c8 40 40 23 f0 01
INFO - 91 45 c8 08 40 27 e9 fa
INFO - 91 45 08 20 40 27 dd f9
INFO - 91 45 48 40 40 20 04 fc
INFO - 91 47 48 08 40 27 e9 fa
INFO - 91 47 88 20 40 27 e5 f9
INFO - 91 47 c8 40 40 23 f0 fd
INFO - 91 49 c8 08 40 27 e9 fa
INFO - 91 49 08 20 40 27 e5 f9
INFO - 91 49 48 40 40 23 f4 01
INFO - 91 4b 48 08 40 27 ea 14
INFO - 91 4b 88 20 40 27 e5 f9
INFO - 91 4b c8 40 40 20 04 fc
INFO - 91 4d c8 08 40 28 52 20
INFO - 91 4d 08 20 40 27 e5 f9
INFO - 91 4d 48 40 40 23 f0 fd
INFO - 91 4f 48 08 40 28 82 20
INFO - 91 4f 88 20 40 27 e5 f9
INFO - 91 4f c8 40 40 23 f4 01
INFO - 91 51 c8 08 40 28 82 20
INFO - 91 51 08 20 40 27 e5 f9
INFO - 91 51 48 40 40 20 04 fc
INFO - 91 53 48 08 40 28 82 20
INFO - 91 53 88 20 40 27 e5 f9
INFO - 91 53 c8 40 40 23 f0 01
INFO - 91 55 c8 08 40 28 82 20
INFO - 91 55 08 20 40 27 e5 f9
INFO - 91 55 48 40 40 20 04 fc
INFO - 91 57 48 08 40 28 82 20
INFO - 91 57 88 20 40 27 e5 f9
INFO - 91 57 c8 40 40 23 f0 00
INFO - 91 59 c8 08 40 28 82 20
INFO - 91 59 08 20 40 27 e5 f9
INFO - 91 59 48 40 40 20 00 01
INFO - 91 5b 48 08 40 28 82 20
INFO - 91 5b 88 20 40 27 e5 f9
INFO - 91 5b c8 40 40 20 04 fc
INFO - 91 5d c8 08 40 28 82 20
INFO - 91 5d 08 20 40 27 e5 f9
INFO - 91 5d 48 40 40 23 f0 01
INFO - 91 5f 48 08 40 28 82 20
INFO - 91 5f 88 20 40 27 e5 f9
INFO - 91 5f c8 40 40 20 04 fc
INFO - 91 61 c8 08 40 28 82 20
INFO - 91 61 08 20 40 27 e5 f9
INFO - 91 61 48 40 40 23 f0 00
INFO - 91 63 48 08 40 28 82 20
INFO - 91 63 88 20 40 27 e5 f9
INFO - 91 63 c8 40 40 20 00 01
INFO - 91 65 c8 08 40 08 82 20
INFO - 91 65 08 20 40 07 e5 f9
INFO - 91 65 48 40 40 00 04 c3
