INFO - 20 00 48 3c 00 0a 40 00
INFO - 20 04 88 3c 00 0a f8 00
INFO - 20 08 c8 3c 00 0a 69 00
INFO - 20 0b 08 3c 00 0a e2 00
INFO - 20 0b 48 3c 00 0a 5e 00
INFO - 20 0d 88 3c 00 0a 91 00
INFO - 20 0f c8 3c 00 0a 91 00
INFO - 20 17 08 3c 00 0b c6 00
INFO - 20 18 48 3c 00 0a a1 00
INFO - 20 19 88 3c 00 0a 58 00
INFO - 20 1b c8 3c 00 0a b3 00
INFO - 20 1d 08 3c 00 0a 98 00
INFO - 20 1e 48 3c 00 0a 70 00
INFO - 20 20 88 3c 00 0a b2 00
INFO - 20 21 c8 3c 00 0a 61 00
INFO - 20 23 08 3c 00 0a 92 00
INFO - 20 24 48 3c 00 0a 72 00
INFO - 20 25 88 3c 00 0a 87 00
INFO - 20 27 c8 3c 00 0a 92 00
INFO - 20 29 08 3c 00 0a b2 00
INFO - 20 2b 48 3c 00 0a a1 00
INFO - 20 2c 88 3c 00 0a 70 00
INFO - 20 2d c8 3c 00 0a 72 00
INFO - 20 2d 08 3c 00 0a 72 00
INFO - 20 31 48 3c 00 0a b1 00
INFO - 20 32 88 3c 00 0a 58 00
INFO - 20 35 c8 3c 00 0a ea 00
INFO - 20 36 08 3c 00 0a 79 00
INFO - 20 37 48 3c 00 0a 71 00
INFO - 20 39 88 3c 00 0a 98 00
INFO - 20 3c c8 3c 00 0a c2 00
INFO - 20 3e 08 3c 00 0a aa 00
INFO - 20 3e 48 3c 00 0a aa 00
INFO - 20 42 88 3c 00 0a 99 00
INFO - 20 42 c8 3c 00 0a 70 00
INFO - 20 45 08 3c 00 0a a5 00
INFO - 20 46 48 3c 00 0a 87 00
INFO - 20 48 88 3c 00 0a a1 00
INFO - 20 4a c8 3c 00 0a a1 00
INFO - 20 4b 08 3c 00 0a 63 00
INFO - 20 4d 48 3c 00 0a b7 00
INFO - 20 4e 88 3c 00 0a 81 00
INFO - 20 50 c8 3c 00 0a 8a 00
INFO - 20 51 08 3c 00 0a 91 00
INFO - 20 53 48 3c 00 0a a0 00
INFO - 20 55 88 3c 00 0a 89 00
INFO - 20 56 c8 3c 00 0a 93 00
INFO - 20 58 08 3c 00 0a 97 00
INFO - 20 59 48 3c 00 0a 81 00
INFO - 20 5b 88 3c 00 0a 83 00
INFO - 20 5d c8 3c 00 0a af 00
INFO - 20 5f 08 3c 00 0a a9 00
INFO - 20 60 48 3c 00 0a 83 00
INFO - 20 62 88 3c 00 0a 86 00
INFO - 20 64 c8 3c 00 0a 9c 00
INFO - 20 65 08 3c 00 0a 89 00
INFO - 20 67 48 3c 00 0a 91 00
INFO - 20 68 88 3c 00 0a 95 00
INFO - 20 6a c8 3c 00 0a 76 00
INFO - 20 6b 08 3c 00 0a 9f 00
INFO - 20 6d 48 3c 00 0a 89 00
INFO - 20 6e 88 3c 00 0a 80 00
INFO - 20 71 c8 3c 00 0a b6 00
INFO - 20 72 08 3c 00 0a 74 00
INFO - 20 73 48 3c 00 0a 91 00
INFO - 20 75 88 3c 00 0a 91 00
INFO - 20 77 c8 3c 00 0a 6f 00
INFO - 20 78 08 3c 00 0a 8d 00
INFO - 20 7a 48 3c 00 0a a1 00
INFO - 20 7c 88 3c 00 0a a2 00
INFO - 20 7e c8 3c 00 0a 9d 00
INFO - 20 7f 08 3c 00 0a 87 00
INFO - 20 81 48 3c 00 0a 8f 00
INFO - 20 83 88 3c 00 0a 91 00
INFO - 20 85 c8 3c 00 0a a5 00
INFO - 20 86 08 3c 00 0a 85 00
INFO - 20 87 48 3c 00 0a 89 00
INFO - 20 89 88 3c 00 0a 89 00
INFO - 20 8b c8 3c 00 0a 98 00
INFO - 20 8c 08 3c 00 0a 94 00
INFO - 20 8e 48 3c 00 0a 8d 00
INFO - 20 8f 88 3c 00 0a 71 00
INFO - 20 91 c8 3c 00 0a b1 00
INFO - 20 92 08 3c 00 0a 7c 00
INFO - 20 94 48 3c 00 0a 96 00
INFO - 20 96 88 3c 00 0a 90 00
INFO - 20 97 c8 3c 00 0a 99 00
INFO - 20 99 08 3c 00 0a 78 00
INFO - 20 9a 48 3c 00 0a 82 00
INFO - 20 9c 88 3c 00 0a a7 00
INFO - 20 9e c8 3c 00 0a 90 00
INFO - 20 9f 08 3c 00 0a 98 00
INFO - 20 a1 48 3c 00 0a 89 00
INFO - 20 a3 88 3c 00 0a 95 00
INFO - 20 a4 c8 3c 00 0a 95 00
INFO - 20 a6 08 3c 00 0a 80 00
INFO - 20 a7 48 3c 00 0a 92 00
INFO - 20 a8 88 3c 00 0a 80 00
INFO - 20 aa c8 3c 00 0a 9f 00
INFO - 20 ac 08 3c 00 0a 91 00
INFO - 20 ae 48 3c 00 0a 91 00
INFO - 20 af 88 3c 00 0a 80 00
INFO - 20 b1 c8 3c 00 0a a1 00
INFO - 20 b3 08 3c 00 0a 98 00
INFO - 20 b5 48 3c 00 0a b1 00
INFO - 20 b6 88 3c 00 0a 89 00
INFO - 20 b8 c8 3c 00 0a 99 00
INFO - 20 b9 08 3c 00 0a 78 00
INFO - 20 bc 48 3c 00 0a b1 00
INFO - 20 bd 88 3c 00 0a 90 00
INFO - 20 bf c8 3c 00 0a 99 00
INFO - 20 c1 08 3c 00 0a 99 00
INFO - 20 c2 48 3c 00 0a 80 00
INFO - 20 c4 88 3c 00 0a 90 00
INFO - 20 c5 c8 3c 00 0a 90 00
INFO - 20 c7 08 3c 00 0a 90 00
INFO - 20 c8 48 3c 00 0a 91 00
INFO - 20 ca 88 3c 00 0a 90 00
INFO - 20 cc c8 3c 00 0a 90 00
INFO - 20 cd 08 3c 00 0a 98 00
INFO - 20 cf 48 3c 00 0a 89 00
INFO - 20 d1 88 3c 00 0a 98 00
INFO - 20 d2 c8 3c 00 0a 80 00
INFO - 20 d4 08 3c 00 0a 90 00
INFO - 20 d5 48 3c 00 0a 6b 00
INFO - 20 d9 88 3c 00 0a a2 00
INFO - 20 db c8 3c 00 0a 98 00
INFO - 20 dc 08 3c 00 0a 80 00
INFO - 20 df 48 3c 00 0a c1 00
INFO - 20 e0 88 3c 00 0a 78 00
INFO - 20 e2 c8 3c 00 0a a9 00
INFO - 20 e3 08 3c 00 0a 71 00
INFO - 20 e5 48 3c 00 0a a9 00
INFO - 20 e6 88 3c 00 0a 88 00
INFO - 20 e8 c8 3c 00 0a a0 00
INFO - 20 ea 08 3c 00 0a 81 00
INFO - 20 eb 48 3c 00 0a 90 00
INFO - 20 ed 88 3c 00 0a 89 00
INFO - 20 ee c8 3c 00 0a 90 00
INFO - 20 f0 08 3c 00 0a 78 00
INFO - 20 f2 48 3c 00 0a b1 00
INFO - 20 f3 88 3c 00 0a 90 00
INFO - 20 f5 c8 3c 00 0a 99 00
INFO - 20 f6 08 3c 00 0a 70 00
INFO - 20 f8 48 3c 00 0a a9 00
INFO - 20 fa 88 3c 00 0a 89 00
INFO - 20 fb c8 3c 00 0a 78 00
INFO - 20 fc 08 3c 00 0a 91 00
INFO - 20 fe 48 3c 00 0a 90 00
INFO - 21 00 88 3c 00 0a aa 00
INFO - 21 02 c8 3c 00 0a 99 00
INFO - 21 03 08 3c 00 0a 80 00
INFO - 21 05 48 3c 00 0a 99 00
INFO - 21 07 88 3c 00 0a 98 00
INFO - 21 09 c8 3c 00 0a 99 00
INFO - 21 0a 08 3c 00 0a 90 00
INFO - 21 0c 48 3c 00 0a 89 00
INFO - 21 0d 88 3c 00 0a 91 00
INFO - 21 0f c8 3c 00 0a 98 00
INFO - 21 10 08 3c 00 0a 81 00
INFO - 21 12 48 3c 00 0a 89 00
INFO - 21 14 88 3c 00 0a 99 00
INFO - 21 15 c8 3c 00 0a 99 00
INFO - 21 17 08 3c 00 0a 80 00
INFO - 21 18 48 3c 00 0a 99 00
INFO - 21 1a 88 3c 00 0a 80 00
INFO - 21 1b c8 3c 00 0a 78 00
INFO - 21 1d 08 3c 00 0a 99 00
INFO - 21 1f 48 3c 00 0a b0 00
INFO - 21 21 88 3c 00 0a 92 00
INFO - 21 23 c8 3c 00 0a a9 00
INFO - 21 24 08 3c 00 0a 99 00
INFO - 21 26 48 3c 00 0a 80 00
INFO - 21 27 88 3c 00 0a 7f 00
INFO - 21 29 c8 3c 00 0a 9a 00
INFO - 21 2a 08 3c 00 0a 90 00
INFO - 21 2c 48 3c 00 0a 99 00
INFO - 21 2e 88 3c 00 0a a9 00
INFO - 21 30 c8 3c 00 0a 90 00
INFO - 21 31 08 3c 00 0a 81 00
INFO - 21 33 48 3c 00 0a 90 00
INFO - 21 35 88 3c 00 0a a2 00
INFO - 21 36 c8 3c 00 0a 71 00
INFO - 21 37 08 3c 00 0a 81 00
INFO - 21 39 48 3c 00 0a 99 00
INFO - 21 3a 88 3c 00 0a 89 00
INFO - 21 3d c8 3c 00 0a bb 00
INFO - 21 3f 08 3c 00 0a 9a 00
INFO - 21 40 48 3c 00 0a 93 00
INFO - 21 42 88 3c 00 0a 92 00
INFO - 21 43 c8 3c 00 0a 82 00
INFO - 21 45 08 3c 00 0a 9b 00
INFO - 21 47 48 3c 00 0a 8a 00
INFO - 21 49 88 3c 00 0a b4 00
INFO - 21 4a c8 3c 00 0a 83 00
INFO - 21 4b 08 3c 00 0a 7a 00
INFO - 21 4d 48 3c 00 0a 9b 00
INFO - 21 4f 88 3c 00 0a 83 00
INFO - 21 50 c8 3c 00 0a 9b 00
INFO - 21 52 08 3c 00 0a 7b 00
INFO - 21 53 48 3c 00 0a 93 00
INFO - 21 55 88 3c 00 0a 8b 00
INFO - 21 57 c8 3c 00 0a b6 00
INFO - 21 59 08 3c 00 0a a5 00
INFO - 21 5b 48 3c 00 0a ae 00
INFO - 21 5d 88 3c 00 0a 83 00
INFO - 21 5f c8 3c 00 0a 9d 00
INFO - 21 5f 08 3c 00 0a 62 00
INFO - 21 62 48 3c 00 0a c7 00
INFO - 21 63 88 3c 00 0a 7c 00
INFO - 21 65 c8 3c 00 0a b6 00
INFO - 21 67 08 3c 00 0a 8d 00
INFO - 21 69 48 3c 00 0a 97 00
INFO - 21 6a 88 3c 00 0a 8c 00
INFO - 21 6c c8 3c 00 0a a6 00
INFO - 21 6e 08 3c 00 0a 84 00
INFO - 21 70 48 3c 00 0a 9e 00
INFO - 21 72 88 3c 00 0a a6 00
INFO - 21 73 c8 3c 00 0a 8c 00
INFO - 21 75 08 3c 00 0a 8e 00
INFO - 21 77 48 3c 00 0a 9e 00
INFO - 21 78 88 3c 00 0a 96 00
INFO - 21 7a c8 3c 00 0a 95 00
INFO - 21 7c 08 3c 00 0a 8d 00
INFO - 21 7e 48 3c 00 0a 9e 00
INFO - 21 7f 88 3c 00 0a 8d 00
INFO - 21 81 c8 3c 00 0a 96 00
INFO - 21 82 08 3c 00 0a 8e 00
INFO - 21 84 48 3c 00 0a 9e 00
INFO - 21 86 88 3c 00 0a 97 00
INFO - 21 88 c8 3c 00 0a 9e 00
INFO - 21 89 08 3c 00 0a 85 00
INFO - 21 8b 48 3c 00 0a b0 00
INFO - 21 8d 88 3c 00 0a 96 00
INFO - 21 8f c8 3c 00 0a 8d 00
INFO - 21 90 08 3c 00 0a 85 00
INFO - 21 92 48 3c 00 0a b0 00
INFO - 21 93 88 3c 00 0a 6b 00
INFO - 21 96 c8 3c 00 0a b0 00
INFO - 21 98 08 3c 00 0a b8 00
INFO - 21 99 48 3c 00 0a 85 00
INFO - 21 9b 88 3c 00 0a 9f 00
INFO - 21 9d c8 3c 00 0a 8e 00
INFO - 21 9f 08 3c 00 0a 96 00
INFO - 21 a0 48 3c 00 0a 96 00
INFO - 21 a2 88 3c 00 0a 8e 00
INFO - 21 a4 c8 3c 00 0a 97 00
INFO - 21 a5 08 3c 00 0a 7d 00
INFO - 21 a7 48 3c 00 0a c2 00
INFO - 21 a8 88 3c 00 0a 6b 00
INFO - 21 aa c8 3c 00 0a a7 00
INFO - 21 ac 08 3c 00 0a a0 00
INFO - 21 ae 48 3c 00 0a 8e 00
INFO - 21 b0 88 3c 00 0a b9 00
INFO - 21 b2 c8 3c 00 0a 85 00
INFO - 21 b4 08 3c 00 0a a8 00
INFO - 21 b5 48 3c 00 0a 8e 00
INFO - 21 b7 88 3c 00 0a 9f 00
INFO - 21 b9 c8 3c 00 0a 8e 00
INFO - 21 ba 08 3c 00 0a 7d 00
INFO - 21 bc 48 3c 00 0a af 00
INFO - 21 be 88 3c 00 0a 97 00
INFO - 21 bf c8 3c 00 0a 85 00
INFO - 21 c2 08 3c 00 0a b1 00
INFO - 21 c3 48 3c 00 0a 85 00
INFO - 21 c5 88 3c 00 0a 8f 00
INFO - 21 c7 c8 3c 00 0a af 00
INFO - 21 c9 08 3c 00 0a a0 00
INFO - 21 c9 48 3c 00 0a 63 00
INFO - 21 cc 88 3c 00 0a d3 00
INFO - 21 ce c8 3c 00 0a 82 00
INFO - 21 cf 08 3c 00 0a 79 00
INFO - 21 d1 48 3c 00 0a 97 00
INFO - 21 d2 88 3c 00 0a 95 00
INFO - 21 d4 c8 3c 00 0a 8f 00
INFO - 21 d6 08 3c 00 0a b1 00
INFO - 21 d8 48 3c 00 0a 85 00
INFO - 21 d9 88 3c 00 0a 96 00
INFO - 21 db c8 3c 00 0a a9 00
INFO - 21 dd 08 3c 00 0a a9 00
INFO - 21 df 48 3c 00 0a 85 00
INFO - 21 e1 88 3c 00 0a b1 00
INFO - 21 e3 c8 3c 00 0a a7 00
INFO - 21 e5 08 3c 00 0a 8f 00
INFO - 21 e6 48 3c 00 0a 8f 00
INFO - 21 e8 88 3c 00 0a 9f 00
INFO - 21 ea c8 3c 00 0a 9f 00
INFO - 21 ec 08 3c 00 0a 98 00
INFO - 21 ed 48 3c 00 0a 85 00
INFO - 21 ef 88 3c 00 0a a8 00
INFO - 21 f1 c8 3c 00 0a 7e 00
INFO - 21 f2 08 3c 00 0a 8d 00
INFO - 21 f4 48 3c 00 0a a1 00
INFO - 21 f5 88 3c 00 0a 75 00
INFO - 21 f8 c8 3c 00 0a ba 00
INFO - 21 fa 08 3c 00 0a c2 00
INFO - 21 fc 48 3c 00 0a 8f 00
INFO - 21 fe 88 3c 00 0a 97 00
INFO - 21 ff c8 3c 00 0a 86 00
INFO - 22 01 08 3c 00 0a b9 00
INFO - 22 03 48 3c 00 0a 7f 00
INFO - 22 05 88 3c 00 0a a9 00
INFO - 22 06 c8 3c 00 0a 8e 00
INFO - 22 08 08 3c 00 0a a9 00
INFO - 22 0a 48 3c 00 0a 87 00
INFO - 22 0b 88 3c 00 0a 8f 00
INFO - 22 0d c8 3c 00 0a a0 00
INFO - 22 0f 08 3c 00 0a 7d 00
INFO - 22 10 48 3c 00 0a 96 00
INFO - 22 12 88 3c 00 0a 81 00
INFO - 22 13 c8 3c 00 0a 8b 00
INFO - 22 16 08 3c 00 0a 7d 00
INFO - 22 18 48 3c 00 0a a0 00
INFO - 22 1a 88 3c 00 0a a5 00
INFO - 22 1b c8 3c 00 0a 92 00
INFO - 22 1d 08 3c 00 0a a0 00
INFO - 22 1f 48 3c 00 0a b0 00
INFO - 22 21 88 3c 00 0a 8f 00
INFO - 22 23 c8 3c 00 0a 98 00
INFO - 22 24 08 3c 00 0a 97 00
INFO - 22 26 48 3c 00 0a 96 00
INFO - 22 28 88 3c 00 0a 98 00
INFO - 22 29 c8 3c 00 0a 86 00
INFO - 22 2c 08 3c 00 0a b1 00
INFO - 22 2d 48 3c 00 0a 7d 00
INFO - 22 2e 88 3c 00 0a 7e 00
INFO - 22 2f c8 3c 00 0a 6c 00
INFO - 22 31 08 3c 00 0a a1 00
INFO - 22 33 48 3c 00 0a a8 00
INFO - 22 35 88 3c 00 0a a8 00
INFO - 22 37 c8 3c 00 0a aa 00
INFO - 22 39 08 3c 00 0a 8f 00
INFO - 22 3b 48 3c 00 0a c3 00
INFO - 22 3d 88 3c 00 0a 8e 00
INFO - 22 3f c8 3c 00 0a aa 00
INFO - 22 41 08 3c 00 0a 86 00
INFO - 22 43 48 3c 00 0a aa 00
INFO - 22 45 88 3c 00 0a a7 00
INFO - 22 46 c8 3c 00 0a 7e 00
INFO - 22 48 08 3c 00 0a a9 00
INFO - 22 4a 48 3c 00 0a 97 00
INFO - 22 4b 88 3c 00 0a 8f 00
INFO - 22 4d c8 3c 00 0a 99 00
INFO - 22 4f 08 3c 00 0a 9e 00
INFO - 22 51 48 3c 00 0a a1 00
INFO - 22 52 88 3c 00 0a 79 00
INFO - 22 55 c8 3c 00 0a b6 00
INFO - 22 56 08 3c 00 0a 8e 00
INFO - 22 58 48 3c 00 0a 87 00
INFO - 22 5a 88 3c 00 0a a7 00
INFO - 22 5b c8 3c 00 0a 98 00
INFO - 22 5d 08 3c 00 0a 7e 00
INFO - 22 5f 48 3c 00 0a c2 00
INFO - 22 61 88 3c 00 0a 86 00
INFO - 22 63 c8 3c 00 0a a9 00
INFO - 22 64 08 3c 00 0a 90 00
INFO - 22 66 48 3c 00 0a 8f 00
INFO - 22 68 88 3c 00 0a a7 00
INFO - 22 69 c8 3c 00 0a 6d 00
INFO - 22 6b 08 3c 00 0a b1 00
INFO - 22 6d 48 3c 00 0a a0 00
INFO - 22 6f 88 3c 00 0a 8f 00
INFO - 22 71 c8 3c 00 0a a0 00
INFO - 22 72 08 3c 00 0a 7d 00
INFO - 22 74 48 3c 00 0a c4 00
INFO - 22 76 88 3c 00 0a 86 00
INFO - 22 78 c8 3c 00 0a aa 00
INFO - 22 7a 08 3c 00 0a 96 00
INFO - 22 7b 48 3c 00 0a 90 00
INFO - 22 7c 88 3c 00 0a 65 00
INFO - 22 7f c8 3c 00 0a db 00
INFO - 22 81 08 3c 00 0a 91 00
INFO - 22 82 48 3c 00 0a 74 00
INFO - 22 84 88 3c 00 0a a9 00
INFO - 22 86 c8 3c 00 0a 9f 00
INFO - 22 88 08 3c 00 0a b2 00
INFO - 22 8a 48 3c 00 0a 86 00
INFO - 22 8b 88 3c 00 0a 98 00
INFO - 22 8d c8 3c 00 0a a1 00
INFO - 22 8f 08 3c 00 0a a8 00
INFO - 22 91 48 3c 00 0a 8f 00
INFO - 22 93 88 3c 00 0a 90 00
INFO - 22 94 c8 3c 00 0a 9f 00
INFO - 22 96 08 3c 00 0a 74 00
INFO - 22 98 48 3c 00 0a b3 00
INFO - 22 9a 88 3c 00 0a 95 00
INFO - 22 9c c8 3c 00 0a a3 00
INFO - 22 9d 08 3c 00 0a 86 00
INFO - 22 9f 48 3c 00 0a a8 00
INFO - 22 a1 88 3c 00 0a 8f 00
INFO - 22 a3 c8 3c 00 0a a0 00
INFO - 22 a4 08 3c 00 0a a1 00
INFO - 22 a6 48 3c 00 0a 9f 00
INFO - 22 a8 88 3c 00 0a 86 00
INFO - 22 a9 c8 3c 00 0a 91 00
INFO - 22 ab 08 3c 00 0a 86 00
INFO - 22 ad 48 3c 00 0a a7 00
INFO - 22 af 88 3c 00 0a a2 00
INFO - 22 b0 c8 3c 00 0a 8e 00
INFO - 22 b2 08 3c 00 0a 7e 00
INFO - 22 b4 48 3c 00 0a a8 00
INFO - 22 b5 88 3c 00 0a 7e 00
INFO - 22 b7 c8 3c 00 0a bb 00
INFO - 22 b9 08 3c 00 0a 87 00
INFO - 22 bb 48 3c 00 0a bb 00
INFO - 22 bd 88 3c 00 0a 97 00
INFO - 22 bf c8 3c 00 0a a1 00
INFO - 22 c1 08 3c 00 0a 97 00
INFO - 22 c2 48 3c 00 0a 87 00
INFO - 22 c4 88 3c 00 0a 86 00
INFO - 22 c6 c8 3c 00 0a c2 00
INFO - 22 c8 08 3c 00 0a 97 00
INFO - 22 ca 48 3c 00 0a 91 00
INFO - 22 cb 88 3c 00 0a 86 00
INFO - 22 cd c8 3c 00 0a b1 00
INFO - 22 cf 08 3c 00 0a 90 00
INFO - 22 d0 48 3c 00 0a 8e 00
INFO - 22 d3 88 3c 00 0a aa 00
INFO - 22 d4 c8 3c 00 0a 8f 00
INFO - 22 d5 08 3c 00 0a 5b 00
INFO - 22 d8 48 3c 00 0a d4 00
INFO - 22 da 88 3c 00 0a a2 00
INFO - 22 db c8 3c 00 0a 85 00
INFO - 22 dd 08 3c 00 0a bc 00
INFO - 22 df 48 3c 00 0a 98 00
INFO - 22 e1 88 3c 00 0a 97 00
INFO - 22 e2 c8 3c 00 0a 75 00
INFO - 22 e5 08 3c 00 0a bb 00
INFO - 22 e6 48 3c 00 0a 7e 00
INFO - 22 e8 88 3c 00 0a b2 00
INFO - 22 ea c8 3c 00 0a a0 00
INFO - 22 ec 08 3c 00 0a 97 00
INFO - 22 ed 48 3c 00 0a 5f 00
INFO - 22 ef 88 3c 00 0a a1 00
INFO - 22 f1 c8 3c 00 0a 98 00
INFO - 22 f3 08 3c 00 0a a9 00
INFO - 22 f4 48 3c 00 0a 7c 00
INFO - 22 f6 88 3c 00 0a aa 00
INFO - 22 f7 c8 3c 00 0a 7d 00
INFO - 22 fa 08 3c 00 0a ba 00
INFO - 22 fb 48 3c 00 0a 87 00
INFO - 22 fd 88 3c 00 0a 9f 00
INFO - 22 ff c8 3c 00 0a 90 00
INFO - 23 00 08 3c 00 0a 7c 00
INFO - 23 02 48 3c 00 0a ab 00
INFO - 23 03 88 3c 00 0a 86 00
INFO - 23 06 c8 3c 00 0a b1 00
INFO - 23 08 08 3c 00 0a 98 00
INFO - 23 09 48 3c 00 0a 75 00
INFO - 23 0b 88 3c 00 0a a0 00
INFO - 23 0d c8 3c 00 0a b2 00
INFO - 23 0f 08 3c 00 0a b2 00
INFO - 23 11 48 3c 00 0a 8e 00
INFO - 23 12 88 3c 00 0a 9a 00
INFO - 23 15 c8 3c 00 0a a7 00
INFO - 23 16 08 3c 00 0a 88 00
INFO - 23 18 48 3c 00 0a 98 00
INFO - 23 1a 88 3c 00 0a a8 00
INFO - 23 1b c8 3c 00 0a 85 00
INFO - 23 1d 08 3c 00 0a 91 00
INFO - 23 1f 48 3c 00 0a 9e 00
INFO - 23 21 88 3c 00 0a a3 00
INFO - 23 22 c8 3c 00 0a 97 00
INFO - 23 24 08 3c 00 0a 86 00
INFO - 23 26 48 3c 00 0a a3 00
INFO - 23 28 88 3c 00 0a c0 00
INFO - 23 2a c8 3c 00 0a 86 00
INFO - 23 2c 08 3c 00 0a a2 00
INFO - 23 2d 48 3c 00 0a 7d 00
INFO - 23 2f 88 3c 00 0a a0 00
INFO - 23 31 c8 3c 00 0a 90 00
INFO - 23 32 08 3c 00 0a 9e 00
INFO - 23 34 48 3c 00 0a 91 00
INFO - 23 36 88 3c 00 0a 9f 00
INFO - 23 38 c8 3c 00 0a 9e 00
INFO - 23 3a 08 3c 00 0a 9d 00
INFO - 23 3b 48 3c 00 0a 8d 00
INFO - 23 3d 88 3c 00 0a ab 00
INFO - 23 3f c8 3c 00 0a a0 00
INFO - 23 41 08 3c 00 0a a1 00
INFO - 23 41 48 3c 00 0a 49 00
INFO - 23 45 88 3c 00 0a e7 00
INFO - 23 47 c8 3c 00 0a 97 00
INFO - 23 48 08 3c 00 0a 98 00
INFO - 23 4a 48 3c 00 0a 8d 00
INFO - 23 4b 88 3c 00 0a 88 00
INFO - 23 4d c8 3c 00 0a a2 00
INFO - 23 4f 08 3c 00 0a 8d 00
INFO - 23 51 48 3c 00 0a a2 00
INFO - 23 53 88 3c 00 0a a0 00
INFO - 23 55 c8 3c 00 0a a2 00
INFO - 23 56 08 3c 00 0a 96 00
INFO - 23 58 48 3c 00 0a 9b 00
INFO - 23 5a 88 3c 00 0a 7f 00
INFO - 23 5b c8 3c 00 0a 82 00
INFO - 23 5e 08 3c 00 0a cd 00
INFO - 23 60 48 3c 00 0a 9f 00
INFO - 23 61 88 3c 00 0a 7d 00
INFO - 23 63 c8 3c 00 0a a9 00
INFO - 23 65 08 3c 00 0a 8f 00
INFO - 23 66 48 3c 00 0a a0 00
INFO - 23 68 88 3c 00 0a 90 00
INFO - 23 6b c8 3c 00 0a ba 00
INFO - 23 6c 08 3c 00 0a 99 00
INFO - 23 6e 48 3c 00 0a 9f 00
INFO - 23 70 88 3c 00 0a 81 00
INFO - 23 71 c8 3c 00 0a 8e 00
INFO - 23 73 08 3c 00 0a 9f 00
INFO - 23 75 48 3c 00 0a ab 00
INFO - 23 76 88 3c 00 0a 7c 00
INFO - 23 78 c8 3c 00 0a a2 00
INFO - 23 7a 08 3c 00 0a 8e 00
INFO - 23 7c 48 3c 00 0a aa 00
INFO - 23 7e 88 3c 00 0a 98 00
INFO - 23 80 c8 3c 00 0a ab 00
INFO - 23 82 08 3c 00 0a 97 00
INFO - 23 83 48 3c 00 0a 98 00
INFO - 23 85 88 3c 00 0a 8f 00
INFO - 23 86 c8 3c 00 0a 7f 00
INFO - 23 89 08 3c 00 0a b1 00
INFO - 23 8a 48 3c 00 0a 7f 00
INFO - 23 8c 88 3c 00 0a 74 00
INFO - 23 8e c8 3c 00 0a 98 00
INFO - 23 90 08 3c 00 0a a2 00
INFO - 23 91 48 3c 00 0a 86 00
INFO - 23 93 88 3c 00 0a 9f 00
INFO - 23 95 c8 3c 00 0a a2 00
INFO - 23 96 08 3c 00 0a 85 00
INFO - 23 98 48 3c 00 0a 7d 00
INFO - 23 99 88 3c 00 0a 8f 00
INFO - 23 9b c8 3c 00 0a ab 00
INFO - 23 9c 08 3c 00 0a 62 00
INFO - 23 9f 48 3c 00 0a d7 00
INFO - 23 a0 88 3c 00 0a 6a 00
INFO - 23 a3 c8 3c 00 0a d5 00
INFO - 23 a5 08 3c 00 0a 99 00
INFO - 23 a6 48 3c 00 0a 96 00
INFO - 23 a8 88 3c 00 0a 98 00
INFO - 23 aa c8 3c 00 0a 99 00
INFO - 23 ac 08 3c 00 0a 98 00
INFO - 23 ae 48 3c 00 0a a0 00
INFO - 23 b0 88 3c 00 0a aa 00
INFO - 23 b2 c8 3c 00 0a a2 00
INFO - 23 b4 08 3c 00 0a a1 00
INFO - 23 b6 48 3c 00 0a ab 00
INFO - 23 b8 88 3c 00 0a 98 00
INFO - 23 b9 c8 3c 00 0a 99 00
INFO - 23 bb 08 3c 00 0a 91 00
INFO - 23 bd 48 3c 00 0a 9b 00
INFO - 23 be 88 3c 00 0a 91 00
INFO - 23 c0 c8 3c 00 0a 99 00
INFO - 23 c2 08 3c 00 0a 9c 00
INFO - 23 c4 48 3c 00 0a a2 00
INFO - 23 c6 88 3c 00 0a a4 00
INFO - 23 c8 c8 3c 00 0a a6 00
INFO - 23 ca 08 3c 00 0a a4 00
INFO - 23 cc 48 3c 00 0a 91 00
INFO - 23 ce 88 3c 00 0a a7 00
INFO - 23 cf c8 3c 00 0a 8a 00
INFO - 23 d0 08 3c 00 0a 5c 00
INFO - 23 d3 48 3c 00 0a de 00
INFO - 23 d5 88 3c 00 0a b8 00
INFO - 23 d7 c8 3c 00 0a 94 00
INFO - 23 d9 08 3c 00 0a a9 00
INFO - 23 db 48 3c 00 0a 9e 00
INFO - 23 dd 88 3c 00 0a a8 00
INFO - 23 df c8 3c 00 0a 8a 00
INFO - 23 e0 08 3c 00 0a 8d 00
INFO - 23 e2 48 3c 00 0a b2 00
INFO - 23 e4 88 3c 00 0a 77 00
INFO - 23 e6 c8 3c 00 0a ab 00
INFO - 23 e8 08 3c 00 0a a9 00
INFO - 23 e9 48 3c 00 0a 8d 00
INFO - 23 ec 88 3c 00 0a b1 00
INFO - 23 ee c8 3c 00 0a ad 00
INFO - 23 f0 08 3c 00 0a a7 00
INFO - 23 f2 48 3c 00 0a a2 00
INFO - 23 f3 88 3c 00 0a 8d 00
INFO - 23 f6 c8 3c 00 0a bf 00
INFO - 23 f8 08 3c 00 0a bc 00
INFO - 23 fb 48 3c 00 0a ae 00
INFO - 23 fd 88 3c 00 0a a0 00
INFO - 23 fe c8 3c 00 0a 8d 00
INFO - 24 00 08 3c 00 0a ad 00
INFO - 24 02 48 3c 00 0a 98 00
INFO - 24 04 88 3c 00 0a 98 00
INFO - 24 05 c8 3c 00 0a 85 00
INFO - 24 07 08 3c 00 0a 90 00
INFO - 24 0a 48 3c 00 0a d2 00
INFO - 24 0c 88 3c 00 0a ae 00
INFO - 24 0e c8 3c 00 0a 67 00
INFO - 24 10 08 3c 00 0a c1 00
INFO - 24 12 48 3c 00 0a 99 00
INFO - 24 15 88 3c 00 0a c2 00
INFO - 24 16 c8 3c 00 0a 84 00
INFO - 24 19 08 3c 00 0a c9 00
INFO - 24 1b 48 3c 00 0a af 00
INFO - 24 1d 88 3c 00 0a 9b 00
INFO - 24 1f c8 3c 00 0a ac 00
INFO - 24 21 08 3c 00 0a 9a 00
INFO - 24 23 48 3c 00 0a ab 00
INFO - 24 25 88 3c 00 0a 92 00
INFO - 24 26 c8 3c 00 0a 87 00
INFO - 24 29 08 3c 00 0a cb 00
INFO - 24 2c 48 3c 00 0a ca 00
INFO - 24 2d 88 3c 00 0a 90 00
INFO - 24 2e c8 3c 00 0a 7e 00
INFO - 24 31 08 3c 00 0a c2 00
INFO - 24 33 48 3c 00 0a a5 00
INFO - 24 35 88 3c 00 0a a6 00
INFO - 24 37 c8 3c 00 0a 98 00
INFO - 24 39 08 3c 00 0a b8 00
INFO - 24 3c 48 3c 00 0a af 00
INFO - 24 3e 88 3c 00 0a a4 00
INFO - 24 40 c8 3c 00 0a a6 00
INFO - 24 42 08 3c 00 0a b7 00
INFO - 24 44 48 3c 00 0a 91 00
INFO - 24 46 88 3c 00 0a af 00
INFO - 24 47 c8 3c 00 0a 72 00
INFO - 24 49 08 3c 00 0a b9 00
INFO - 24 4c 48 3c 00 0a bd 00
INFO - 24 4e 88 3c 00 0a ab 00
INFO - 24 50 c8 3c 00 0a 91 00
INFO - 24 52 08 3c 00 0a b9 00
INFO - 24 54 48 3c 00 0a a5 00
INFO - 24 56 88 3c 00 0a 9b 00
INFO - 24 58 c8 3c 00 0a af 00
INFO - 24 5b 08 3c 00 0a bb 00
INFO - 24 5d 48 3c 00 0a a6 00
INFO - 24 5f 88 3c 00 0a a3 00
INFO - 24 61 c8 3c 00 0a b0 00
INFO - 24 62 08 3c 00 0a 7c 00
INFO - 24 65 48 3c 00 0a d8 00
INFO - 24 67 88 3c 00 0a a5 00
INFO - 24 69 c8 3c 00 0a af 00
INFO - 24 6b 08 3c 00 0a 91 00
INFO - 24 6d 48 3c 00 0a ba 00
INFO - 24 6f 88 3c 00 0a 91 00
INFO - 24 71 c8 3c 00 0a 9d 00
INFO - 24 73 08 3c 00 0a ae 00
INFO - 24 75 48 3c 00 0a a5 00
INFO - 24 78 88 3c 00 0a c3 00
INFO - 24 79 c8 3c 00 0a 93 00
INFO - 24 7c 08 3c 00 0a c1 00
INFO - 24 7e 48 3c 00 0a 9b 00
INFO - 24 7f 88 3c 00 0a 89 00
INFO - 24 82 c8 3c 00 0a ae 00
INFO - 24 84 08 3c 00 0a a6 00
INFO - 24 85 48 3c 00 0a 9d 00
INFO - 24 88 88 3c 00 0a c3 00
INFO - 24 8a c8 3c 00 0a 99 00
INFO - 24 8c 08 3c 00 0a 93 00
INFO - 24 8e 48 3c 00 0a 81 00
INFO - 24 90 88 3c 00 0a 93 00
INFO - 24 91 c8 3c 00 0a 8f 00
INFO - 24 93 08 3c 00 0a 91 00
INFO - 24 94 48 3c 00 0a 7d 00
INFO - 24 97 88 3c 00 0a bc 00
INFO - 24 99 c8 3c 00 0a 9a 00
INFO - 24 9b 08 3c 00 0a b8 00
INFO - 24 9d 48 3c 00 0a 9e 00
INFO - 24 9f 88 3c 00 0a b8 00
INFO - 24 a1 c8 3c 00 0a 7d 00
INFO - 24 a3 08 3c 00 0a c6 00
INFO - 24 a5 48 3c 00 0a 87 00
INFO - 24 a6 88 3c 00 0a 99 00
INFO - 24 aa c8 3c 00 0a d9 00
INFO - 24 ac 08 3c 00 0a b2 00
INFO - 24 ae 48 3c 00 0a 9b 00
INFO - 24 af 88 3c 00 0a 99 00
INFO - 24 b2 c8 3c 00 0a a8 00
INFO - 24 b4 08 3c 00 0a ae 00
INFO - 24 b5 48 3c 00 0a 73 00
INFO - 24 b7 88 3c 00 0a c6 00
INFO - 24 b9 c8 3c 00 0a a3 00
INFO - 24 bc 08 3c 00 0a b2 00
INFO - 24 be 48 3c 00 0a ae 00
INFO - 24 c0 88 3c 00 0a 94 00
INFO - 24 c1 c8 3c 00 0a 91 00
INFO - 24 c4 08 3c 00 0a c2 00
INFO - 24 c6 48 3c 00 0a a8 00
INFO - 24 c8 88 3c 00 0a b7 00
INFO - 24 ca c8 3c 00 0a 8a 00
INFO - 24 cc 08 3c 00 0a b0 00
INFO - 24 ce 48 3c 00 0a a4 00
INFO - 24 d0 88 3c 00 0a 94 00
INFO - 24 d2 c8 3c 00 0a c2 00
INFO - 24 d5 08 3c 00 0a b2 00
INFO - 24 d6 48 3c 00 0a 92 00
INFO - 24 d9 88 3c 00 0a cf 00
INFO - 24 db c8 3c 00 0a a3 00
INFO - 24 dd 08 3c 00 0a 87 00
INFO - 24 df 48 3c 00 0a bc 00
INFO - 24 e1 88 3c 00 0a a6 00
INFO - 24 e3 c8 3c 00 0a a6 00
INFO - 24 e6 08 3c 00 0a c4 00
INFO - 24 e9 48 3c 00 0a c5 00
INFO - 24 ea 88 3c 00 0a 91 00
INFO - 24 ed c8 3c 00 0a d9 00
INFO - 24 ef 08 3c 00 0a 9c 00
INFO - 24 f1 48 3c 00 0a b1 00
INFO - 24 f3 88 3c 00 0a a6 00
INFO - 24 f7 c8 3c 00 0a d9 00
INFO - 24 f9 08 3c 00 0a b0 00
INFO - 24 fa 48 3c 00 0a 91 00
INFO - 24 fc 88 3c 00 0a 92 00
INFO - 24 fe c8 3c 00 0a 91 00
INFO - 24 ff 08 3c 00 0a 69 00
INFO - 25 01 48 3c 00 0a a6 00
INFO - 25 04 88 3c 00 0a b0 00
INFO - 25 06 c8 3c 00 0a a6 00
INFO - 25 08 08 3c 00 0a a6 00
INFO - 25 0a 48 3c 00 0a c4 00
INFO - 25 0d 88 3c 00 0a b1 00
INFO - 25 0f c8 3c 00 0a a4 00
INFO - 25 11 08 3c 00 0a b2 00
INFO - 25 14 48 3c 00 0a c4 00
INFO - 25 15 88 3c 00 0a 7d 00
INFO - 25 18 c8 3c 00 0a cf 00
INFO - 25 1a 08 3c 00 0a b0 00
INFO - 25 1d 48 3c 00 0a bd 00
INFO - 25 1e 88 3c 00 0a 85 00
INFO - 25 20 c8 3c 00 0a b0 00
INFO - 25 22 08 3c 00 0a a6 00
INFO - 25 24 48 3c 00 0a a6 00
INFO - 25 26 88 3c 00 0a 90 00
INFO - 25 27 c8 3c 00 0a 8c 00
INFO - 25 2a 08 3c 00 0a b8 00
INFO - 25 2d 48 3c 00 0a cf 00
INFO - 25 2f 88 3c 00 0a b0 00
INFO - 25 2f c8 3c 00 0a 5c 00
INFO - 25 33 08 3c 00 0a de 00
INFO - 25 35 48 3c 00 0a ae 00
INFO - 25 38 88 3c 00 0a d9 00
INFO - 25 3a c8 3c 00 0a ae 00
INFO - 25 3c 08 3c 00 0a 96 00
INFO - 25 3e 48 3c 00 0a ae 00
INFO - 25 41 88 3c 00 0a ba 00
INFO - 25 42 c8 3c 00 0a 92 00
INFO - 25 45 08 3c 00 0a cd 00
INFO - 25 47 48 3c 00 0a a0 00
INFO - 25 49 88 3c 00 0a ad 00
INFO - 25 4b c8 3c 00 0a 9c 00
INFO - 25 4d 08 3c 00 0a a2 00
INFO - 25 4f 48 3c 00 0a aa 00
INFO - 25 50 88 3c 00 0a 69 00
INFO - 25 53 c8 3c 00 0a e7 00
INFO - 25 56 08 3c 00 0a b8 00
INFO - 25 57 48 3c 00 0a 92 00
INFO - 25 5a 88 3c 00 0a b2 00
INFO - 25 5c c8 3c 00 0a a2 00
INFO - 25 5d 08 3c 00 0a 96 00
INFO - 25 60 48 3c 00 0a b8 00
INFO - 25 62 88 3c 00 0a b1 00
INFO - 25 64 c8 3c 00 0a ba 00
INFO - 25 66 08 3c 00 0a 94 00
INFO - 25 68 48 3c 00 0a 90 00
INFO - 25 6a 88 3c 00 0a c4 00
INFO - 25 6c c8 3c 00 0a 9f 00
INFO - 25 6f 08 3c 00 0a ae 00
INFO - 25 71 48 3c 00 0a b7 00
INFO - 25 73 88 3c 00 0a 98 00
INFO - 25 75 c8 3c 00 0a 9a 00
INFO - 25 77 08 3c 00 0a bd 00
INFO - 25 79 48 3c 00 0a 77 00
INFO - 25 7b 88 3c 00 0a a6 00
INFO - 25 7d c8 3c 00 0a 87 00
INFO - 25 7f 08 3c 00 0a bb 00
INFO - 25 81 48 3c 00 0a b0 00
INFO - 25 83 88 3c 00 0a 9e 00
INFO - 25 85 c8 3c 00 0a 9a 00
INFO - 25 87 08 3c 00 0a a9 00
INFO - 25 8a 48 3c 00 0a cc 00
INFO - 25 8c 88 3c 00 0a 94 00
INFO - 25 8e c8 3c 00 0a af 00
INFO - 25 90 08 3c 00 0a 9e 00
INFO - 25 91 48 3c 00 0a 7b 00
INFO - 25 94 88 3c 00 0a bd 00
INFO - 25 96 c8 3c 00 0a c3 00
INFO - 25 98 08 3c 00 0a 9e 00
INFO - 25 9a 48 3c 00 0a 92 00
INFO - 25 9c 88 3c 00 0a ac 00
INFO - 25 9d c8 3c 00 0a 81 00
INFO - 25 9f 08 3c 00 0a ae 00
INFO - 25 a2 48 3c 00 0a d1 00
INFO - 25 a4 88 3c 00 0a 90 00
INFO - 25 a5 c8 3c 00 0a 5f 00
INFO - 25 a8 08 3c 00 0a f8 00
INFO - 25 a9 48 3c 00 0a 5f 00
INFO - 25 ac 88 3c 00 0a f0 00
INFO - 25 af c8 3c 00 0a b8 00
INFO - 25 b1 08 3c 00 0a 9e 00
INFO - 25 b3 48 3c 00 0a c4 00
INFO - 25 b5 88 3c 00 0a 92 00
INFO - 25 b8 c8 3c 00 0a c2 00
INFO - 25 b9 08 3c 00 0a 93 00
INFO - 25 bb 48 3c 00 0a 88 00
INFO - 25 be 88 3c 00 0a ce 00
INFO - 25 c0 c8 3c 00 0a b8 00
INFO - 25 c2 08 3c 00 0a a8 00
INFO - 25 c4 48 3c 00 0a a5 00
INFO - 25 c5 88 3c 00 0a 85 00
INFO - 25 c8 c8 3c 00 0a b2 00
INFO - 25 ca 08 3c 00 0a a3 00
INFO - 25 cc 48 3c 00 0a c5 00
INFO - 25 ce 88 3c 00 0a a3 00
INFO - 25 d0 c8 3c 00 0a 9c 00
INFO - 25 d1 08 3c 00 0a 7a 00
INFO - 25 d4 48 3c 00 0a d7 00
INFO - 25 d7 88 3c 00 0a a9 00
INFO - 25 d8 c8 3c 00 0a a0 00
INFO - 25 da 08 3c 00 0a 88 00
INFO - 25 dc 48 3c 00 0a b6 00
INFO - 25 de 88 3c 00 0a 9c 00
INFO - 25 e0 c8 3c 00 0a b5 00
INFO - 25 e2 08 3c 00 0a a3 00
INFO - 25 e5 48 3c 00 0a b3 00
INFO - 25 e6 88 3c 00 0a 63 00
INFO - 25 e9 c8 3c 00 0a f0 00
INFO - 25 eb 08 3c 00 0a 97 00
INFO - 25 ec 48 3c 00 0a 93 00
INFO - 25 ee 88 3c 00 0a 98 00
INFO - 25 f1 c8 3c 00 0a b6 00
INFO - 25 f2 08 3c 00 0a 98 00
INFO - 25 f4 48 3c 00 0a a0 00
INFO - 25 f6 88 3c 00 0a 9a 00
INFO - 25 f9 c8 3c 00 0a bf 00
INFO - 25 fa 08 3c 00 0a 98 00
INFO - 25 fd 48 3c 00 0a a9 00
INFO - 25 ff 88 3c 00 0a a3 00
INFO - 26 00 c8 3c 00 0a a1 00
INFO - 26 02 08 3c 00 0a 98 00
INFO - 26 04 48 3c 00 0a a1 00
INFO - 26 06 88 3c 00 0a 96 00
INFO - 26 08 c8 3c 00 0a c1 00
INFO - 26 09 08 3c 00 0a 5d 00
INFO - 26 0c 48 3c 00 0a e6 00
INFO - 26 0f 88 3c 00 0a c0 00
INFO - 26 11 c8 3c 00 0a 98 00
INFO - 26 13 08 3c 00 0a 72 00
INFO - 26 14 48 3c 00 0a 8e 00
INFO - 26 17 88 3c 00 0a bb 00
INFO - 26 18 c8 3c 00 0a 8e 00
INFO - 26 1b 08 3c 00 0a ae 00
INFO - 26 1c 48 3c 00 0a 9c 00
INFO - 26 1e 88 3c 00 0a a4 00
INFO - 26 20 c8 3c 00 0a 92 00
INFO - 26 22 08 3c 00 0a a9 00
INFO - 26 24 48 3c 00 0a 90 00
INFO - 26 26 88 3c 00 0a a4 00
INFO - 26 28 c8 3c 00 0a b3 00
INFO - 26 2a 08 3c 00 0a b1 00
INFO - 26 2c 48 3c 00 0a 9b 00
INFO - 26 2e 88 3c 00 0a aa 00
INFO - 26 30 c8 3c 00 0a 7f 00
INFO - 26 32 08 3c 00 0a c0 00
INFO - 26 34 48 3c 00 0a 94 00
INFO - 26 36 88 3c 00 0a 9b 00
INFO - 26 38 c8 3c 00 0a 9e 00
INFO - 26 39 08 3c 00 0a 8f 00
INFO - 26 3b 48 3c 00 0a a3 00
INFO - 26 3d 88 3c 00 0a 92 00
INFO - 26 3f c8 3c 00 0a ab 00
INFO - 26 40 08 3c 00 0a 76 00
INFO - 26 42 48 3c 00 0a a1 00
INFO - 26 44 88 3c 00 0a b4 00
INFO - 26 46 c8 3c 00 0a 84 00
INFO - 26 47 08 3c 00 0a 97 00
INFO - 26 49 48 3c 00 0a 97 00
INFO - 26 4b 88 3c 00 0a 96 00
INFO - 26 4c c8 3c 00 0a 7c 00
INFO - 26 4f 08 3c 00 0a b9 00
INFO - 26 50 48 3c 00 0a 82 00
INFO - 26 52 88 3c 00 0a a5 00
INFO - 26 54 c8 3c 00 0a 9c 00
INFO - 26 56 08 3c 00 0a a4 00
INFO - 26 58 48 3c 00 0a 95 00
INFO - 26 59 88 3c 00 0a 90 00
INFO - 26 5a c8 3c 00 0a 51 00
INFO - 26 5c 08 3c 00 0a d3 00
INFO - 26 5e 48 3c 00 0a 91 00
INFO - 26 5f 88 3c 00 0a 81 00
INFO - 26 61 c8 3c 00 0a a3 00
INFO - 26 63 08 3c 00 0a 96 00
INFO - 26 65 48 3c 00 0a 88 00
INFO - 26 66 88 3c 00 0a 97 00
INFO - 26 67 c8 3c 00 0a 77 00
INFO - 26 6a 08 3c 00 0a b1 00
INFO - 26 6c 48 3c 00 0a 9b 00
INFO - 26 6d 88 3c 00 0a 87 00
INFO - 26 6f c8 3c 00 0a 8e 00
INFO - 26 70 08 3c 00 0a 88 00
INFO - 26 72 48 3c 00 0a 93 00
INFO - 26 73 88 3c 00 0a 7e 00
INFO - 26 75 c8 3c 00 0a 9f 00
INFO - 26 77 08 3c 00 0a 9c 00
INFO - 26 78 48 3c 00 0a 83 00
INFO - 26 79 88 3c 00 0a 85 00
INFO - 26 7b c8 3c 00 0a 7d 00
INFO - 26 7c 08 3c 00 0a 84 00
INFO - 26 7e 48 3c 00 0a a3 00
INFO - 26 80 88 3c 00 0a 93 00
INFO - 26 81 c8 3c 00 0a 86 00
INFO - 26 83 08 3c 00 0a a0 00
INFO - 26 84 48 3c 00 0a 8b 00
INFO - 26 86 88 3c 00 0a 7c 00
INFO - 26 87 c8 3c 00 0a 5a 00
INFO - 26 87 08 3c 00 0a 5e 00
INFO - 26 8a 48 3c 00 0a c0 00
INFO - 26 8b 88 3c 00 0a 8c 00
INFO - 26 8d c8 3c 00 0a 84 00
INFO - 26 8e 08 3c 00 0a 7d 00
INFO - 26 90 48 3c 00 0a 9b 00
INFO - 26 91 88 3c 00 0a 84 00
INFO - 26 93 c8 3c 00 0a 9c 00
INFO - 26 94 08 3c 00 0a 85 00
INFO - 26 96 48 3c 00 0a 9c 00
INFO - 26 98 88 3c 00 0a 95 00
INFO - 26 9a c8 3c 00 0a ac 00
INFO - 26 9b 08 3c 00 0a 79 00
INFO - 26 9d 48 3c 00 0a a2 00
INFO - 26 9f 88 3c 00 0a 8d 00
INFO - 26 a1 c8 3c 00 0a 9d 00
INFO - 26 a2 08 3c 00 0a 86 00
INFO - 26 a4 48 3c 00 0a 95 00
INFO - 26 a5 88 3c 00 0a 8e 00
INFO - 26 a7 c8 3c 00 0a 8e 00
INFO - 26 a9 08 3c 00 0a 96 00
INFO - 26 aa 48 3c 00 0a 8e 00
INFO - 26 ac 88 3c 00 0a 98 00
INFO - 26 ad c8 3c 00 0a 7c 00
INFO - 26 af 08 3c 00 0a 96 00
INFO - 26 b0 48 3c 00 0a 86 00
INFO - 26 b2 88 3c 00 0a a5 00
INFO - 26 b3 c8 3c 00 0a 76 00
INFO - 26 b5 08 3c 00 0a 9d 00
INFO - 26 b7 48 3c 00 0a 7e 00
INFO - 26 b7 88 3c 00 0a 57 00
INFO - 26 b9 c8 3c 00 0a b4 00
INFO - 26 bc 08 3c 00 0a bb 00
INFO - 26 bd 48 3c 00 0a 7e 00
INFO - 26 bf 88 3c 00 0a 8e 00
INFO - 26 c0 c8 3c 00 0a 8c 00
INFO - 26 c2 08 3c 00 0a 8f 00
INFO - 26 c3 48 3c 00 0a 8a 00
INFO - 26 c5 88 3c 00 0a 85 00
INFO - 26 c6 c8 3c 00 0a 7a 00
INFO - 26 c8 08 3c 00 0a c6 00
INFO - 26 ca 48 3c 00 0a 7b 00
INFO - 26 cb 88 3c 00 0a 7d 00
INFO - 26 cd c8 3c 00 0a 9b 00
INFO - 26 ce 08 3c 00 0a 7a 00
INFO - 26 cf 48 3c 00 0a 87 00
INFO - 26 d1 88 3c 00 0a a9 00
INFO - 26 d3 c8 3c 00 0a 9b 00
INFO - 26 d5 08 3c 00 0a 8b 00
INFO - 26 d6 48 3c 00 0a 7c 00
INFO - 26 d8 88 3c 00 0a 9b 00
INFO - 26 d9 c8 3c 00 0a 8b 00
INFO - 26 db 08 3c 00 0a 93 00
INFO - 26 dd 48 3c 00 0a 93 00
INFO - 26 de 88 3c 00 0a 74 00
INFO - 26 e0 c8 3c 00 0a 9f 00
INFO - 26 e1 08 3c 00 0a 81 00
INFO - 26 e2 48 3c 00 0a 66 00
INFO - 26 e3 88 3c 00 0a 6c 00
INFO - 26 e6 c8 3c 00 0a b6 00
INFO - 26 e7 08 3c 00 0a 84 00
INFO - 26 e8 48 3c 00 0a 74 00
INFO - 26 e9 88 3c 00 0a 83 00
INFO - 26 ea c8 3c 00 0a 75 00
INFO - 26 ec 08 3c 00 0a 8c 00
INFO - 26 ed 48 3c 00 0a 83 00
INFO - 26 ef 88 3c 00 0a 8b 00
INFO - 26 f0 c8 3c 00 0a 8b 00
INFO - 26 f2 08 3c 00 0a 9a 00
INFO - 26 f4 48 3c 00 0a 93 00
INFO - 26 f5 88 3c 00 0a 90 00
INFO - 26 f7 c8 3c 00 0a 9d 00
INFO - 26 f9 08 3c 00 0a 83 00
INFO - 26 fa 48 3c 00 0a 8b 00
INFO - 26 fc 88 3c 00 0a 92 00
INFO - 26 fd c8 3c 00 0a 81 00
INFO - 26 ff 08 3c 00 0a 8d 00
INFO - 27 00 48 3c 00 0a 84 00
INFO - 27 01 88 3c 00 0a 8b 00
INFO - 27 03 c8 3c 00 0a 83 00
INFO - 27 03 08 3c 00 0a 4f 00
INFO - 27 06 48 3c 00 0a d6 00
INFO - 27 08 88 3c 00 0a 90 00
INFO - 27 09 c8 3c 00 0a 86 00
INFO - 27 0b 08 3c 00 0a aa 00
INFO - 27 0d 48 3c 00 0a 8a 00
INFO - 27 0e 88 3c 00 0a 7c 00
INFO - 27 10 c8 3c 00 0a ae 00
INFO - 27 11 08 3c 00 0a 7f 00
INFO - 27 13 48 3c 00 0a 8b 00
INFO - 27 14 88 3c 00 0a 89 00
INFO - 27 16 c8 3c 00 0a 77 00
INFO - 27 17 08 3c 00 0a a0 00
INFO - 27 19 48 3c 00 0a 96 00
INFO - 27 1b 88 3c 00 0a 8c 00
INFO - 27 1b c8 3c 00 0a 48 00
INFO - 27 1e 08 3c 00 0a d1 00
INFO - 27 1f 48 3c 00 0a 8c 00
INFO - 27 21 88 3c 00 0a 85 00
INFO - 27 22 c8 3c 00 0a 85 00
INFO - 27 24 08 3c 00 0a a1 00
INFO - 27 25 48 3c 00 0a 80 00
INFO - 27 27 88 3c 00 0a 7e 00
INFO - 27 28 c8 3c 00 0a 95 00
INFO - 27 2a 08 3c 00 0a 8d 00
INFO - 27 2b 48 3c 00 0a 95 00
INFO - 27 2d 88 3c 00 0a 92 00
INFO - 27 2f c8 3c 00 0a 89 00
INFO - 27 30 08 3c 00 0a 95 00
INFO - 27 32 48 3c 00 0a 95 00
INFO - 27 33 88 3c 00 0a 7e 00
INFO - 27 35 c8 3c 00 0a 9e 00
INFO - 27 36 08 3c 00 0a 7e 00
INFO - 27 37 48 3c 00 0a 6f 00
INFO - 27 3a 88 3c 00 0a c3 00
INFO - 27 3b c8 3c 00 0a 79 00
INFO - 27 3d 08 3c 00 0a 9f 00
INFO - 27 3e 48 3c 00 0a 78 00
INFO - 27 40 88 3c 00 0a 84 00
INFO - 27 42 c8 3c 00 0a ba 00
INFO - 27 44 08 3c 00 0a 9f 00
INFO - 27 45 48 3c 00 0a 88 00
INFO - 27 47 88 3c 00 0a 8d 00
INFO - 27 48 c8 3c 00 0a 7f 00
INFO - 27 49 08 3c 00 0a 72 00
INFO - 27 4b 48 3c 00 0a 98 00
INFO - 27 4c 88 3c 00 0a 88 00
INFO - 27 4e c8 3c 00 0a 9f 00
INFO - 27 50 08 3c 00 0a 90 00
INFO - 27 52 48 3c 00 0a af 00
INFO - 27 54 88 3c 00 0a 90 00
INFO - 27 55 c8 3c 00 0a 88 00
INFO - 27 57 08 3c 00 0a 90 00
INFO - 27 58 48 3c 00 0a 90 00
INFO - 27 5a 88 3c 00 0a 95 00
INFO - 27 5c c8 3c 00 0a aa 00
INFO - 27 5d 08 3c 00 0a 70 00
INFO - 27 5f 48 3c 00 0a 98 00
INFO - 27 60 88 3c 00 0a 90 00
INFO - 27 62 c8 3c 00 0a 78 00
INFO - 27 63 08 3c 00 0a 98 00
INFO - 27 65 48 3c 00 0a 90 00
INFO - 27 67 88 3c 00 0a 98 00
INFO - 27 69 c8 3c 00 0a a0 00
INFO - 27 6a 08 3c 00 0a 81 00
INFO - 27 6b 48 3c 00 0a 88 00
INFO - 27 6e 88 3c 00 0a a9 00
INFO - 27 6f c8 3c 00 0a 8e 00
INFO - 27 71 08 3c 00 0a a6 00
INFO - 27 73 48 3c 00 0a 8a 00
INFO - 27 74 88 3c 00 0a 75 00
INFO - 27 76 c8 3c 00 0a 9f 00
INFO - 27 77 08 3c 00 0a 94 00
INFO - 27 79 48 3c 00 0a 92 00
INFO - 27 7a 88 3c 00 0a 81 00
INFO - 27 7d c8 3c 00 0a b2 00
INFO - 27 7d 08 3c 00 0a 68 00
INFO - 27 7f 48 3c 00 0a 9a 00
INFO - 27 81 88 3c 00 0a 9a 00
INFO - 27 83 c8 3c 00 0a a2 00
INFO - 27 85 08 3c 00 0a 9b 00
INFO - 27 86 48 3c 00 0a 82 00
INFO - 27 88 88 3c 00 0a ab 00
INFO - 27 8a c8 3c 00 0a 8b 00
INFO - 27 8b 08 3c 00 0a 83 00
INFO - 27 8d 48 3c 00 0a a1 00
INFO - 27 8e 88 3c 00 0a 7a 00
INFO - 27 91 c8 3c 00 0a b7 00
INFO - 27 93 08 3c 00 0a a4 00
INFO - 27 94 48 3c 00 0a 83 00
INFO - 27 96 88 3c 00 0a 94 00
INFO - 27 97 c8 3c 00 0a 9c 00
INFO - 27 99 08 3c 00 0a 9a 00
INFO - 27 9b 48 3c 00 0a 8f 00
INFO - 27 9d 88 3c 00 0a 9d 00
INFO - 27 9e c8 3c 00 0a 8c 00
INFO - 27 a0 08 3c 00 0a 9c 00
INFO - 27 a2 48 3c 00 0a 8d 00
INFO - 27 a3 88 3c 00 0a 93 00
INFO - 27 a5 c8 3c 00 0a 98 00
INFO - 27 a7 08 3c 00 0a 9d 00
INFO - 27 a9 48 3c 00 0a 93 00
INFO - 27 aa 88 3c 00 0a 8f 00
INFO - 27 ac c8 3c 00 0a 85 00
INFO - 27 ad 08 3c 00 0a 9e 00
INFO - 27 af 48 3c 00 0a 8a 00
INFO - 27 b0 88 3c 00 0a 73 00
INFO - 27 b2 c8 3c 00 0a a2 00
INFO - 27 b4 08 3c 00 0a 8d 00
INFO - 27 b5 48 3c 00 0a 96 00
INFO - 27 b7 88 3c 00 0a 8c 00
INFO - 27 b9 c8 3c 00 0a 96 00
INFO - 27 bb 08 3c 00 0a b1 00
INFO - 27 bd 48 3c 00 0a a7 00
INFO - 27 be 88 3c 00 0a 7c 00
INFO - 27 c0 c8 3c 00 0a a1 00
INFO - 27 c2 08 3c 00 0a 8c 00
INFO - 27 c4 48 3c 00 0a b3 00
INFO - 27 c6 88 3c 00 0a a1 00
INFO - 27 c8 c8 3c 00 0a b1 00
INFO - 27 ca 08 3c 00 0a a0 00
INFO - 27 cc 48 3c 00 0a 9f 00
INFO - 27 cd 88 3c 00 0a 7a 00
INFO - 27 cf c8 3c 00 0a 8c 00
INFO - 27 d0 08 3c 00 0a 80 00
INFO - 27 d1 48 3c 00 0a 92 00
INFO - 27 d3 88 3c 00 0a 86 00
INFO - 27 d5 c8 3c 00 0a b2 00
INFO - 27 d7 08 3c 00 0a a0 00
INFO - 27 d9 48 3c 00 0a a0 00
INFO - 27 db 88 3c 00 0a 7a 00
INFO - 27 dd c8 3c 00 0a 95 00
INFO - 27 df 08 3c 00 0a 98 00
INFO - 27 e1 48 3c 00 0a a1 00
INFO - 27 e3 88 3c 00 0a a0 00
INFO - 27 e4 c8 3c 00 0a 94 00
INFO - 27 e7 08 3c 00 0a ad 00
INFO - 27 e8 48 3c 00 0a 7f 00
INFO - 27 ea 88 3c 00 0a a7 00
INFO - 27 ec c8 3c 00 0a 97 00
INFO - 27 ec 08 3c 00 0a 63 00
INFO - 27 ef 48 3c 00 0a c3 00
INFO - 27 f1 88 3c 00 0a a0 00
INFO - 27 f3 c8 3c 00 0a 91 00
INFO - 27 f5 08 3c 00 0a a6 00
INFO - 27 f6 48 3c 00 0a 8f 00
INFO - 27 f8 88 3c 00 0a a5 00
INFO - 27 fa c8 3c 00 0a 8e 00
INFO - 27 fc 08 3c 00 0a a5 00
INFO - 27 fe 48 3c 00 0a 98 00
INFO - 27 ff 88 3c 00 0a 98 00
INFO - 28 01 c8 3c 00 0a 8f 00
INFO - 28 03 08 3c 00 0a 9d 00
INFO - 28 04 48 3c 00 0a 79 00
INFO - 28 06 88 3c 00 0a af 00
INFO - 28 08 c8 3c 00 0a a7 00
INFO - 28 0b 08 3c 00 0a b0 00
INFO - 28 0c 48 3c 00 0a 9d 00
INFO - 28 0e 88 3c 00 0a 91 00
INFO - 28 10 c8 3c 00 0a a2 00
INFO - 28 14 08 3c 00 0a f3 00
INFO - 28 15 48 3c 00 0a 8f 00
INFO - 28 17 88 3c 00 0a aa 00
INFO - 28 19 c8 3c 00 0a 90 00
INFO - 28 1b 08 3c 00 0a a2 00
INFO - 28 1c 48 3c 00 0a 7f 00
INFO - 28 1e 88 3c 00 0a 91 00
INFO - 28 20 c8 3c 00 0a ac 00
INFO - 28 22 08 3c 00 0a 9a 00
INFO - 28 24 48 3c 00 0a c7 00
INFO - 28 26 88 3c 00 0a 89 00
INFO - 28 28 c8 3c 00 0a a4 00
INFO - 28 29 08 3c 00 0a 80 00
INFO - 28 2b 48 3c 00 0a 80 00
INFO - 28 2c 88 3c 00 0a 80 00
INFO - 28 2e c8 3c 00 0a ae 00
INFO - 28 30 08 3c 00 0a 8a 00
INFO - 28 33 48 3c 00 0a de 00
INFO - 28 34 88 3c 00 0a 94 00
INFO - 28 36 c8 3c 00 0a a7 00
INFO - 28 39 08 3c 00 0a 78 00
INFO - 28 3a 48 3c 00 0a 95 00
INFO - 28 3c 88 3c 00 0a 82 00
INFO - 28 3e c8 3c 00 0a a9 00
INFO - 28 40 08 3c 00 0a 9f 00
INFO - 28 42 48 3c 00 0a b2 00
INFO - 28 43 88 3c 00 0a 5d 00
INFO - 28 46 c8 3c 00 0b 00 00
INFO - 28 47 08 3c 00 0a 71 00
INFO - 28 4a 48 3c 00 0a c6 00
INFO - 28 4c 88 3c 00 0a 91 00
INFO - 28 4f c8 3c 00 0a cf 00
INFO - 28 50 08 3c 00 0a 8e 00
INFO - 28 52 48 3c 00 0a 86 00
INFO - 28 52 88 3c 00 0a 4f 00
INFO - 28 52 c8 3c 00 0a 4f 00
INFO - 28 52 08 3c 00 0a 4f 00
INFO - 28 52 48 3c 00 0a 4f 00
INFO - 28 52 88 3c 00 0a 4f 00
INFO - 28 52 c8 3c 00 0a 4f 00
INFO - 28 52 08 3c 00 0a 4f 00
INFO - 28 52 48 3c 00 0a 4f 00
