INFO - 20 00 89 3c 00 0a 40 00
INFO - 20 01 c9 3c 00 0a 43 00
INFO - 20 04 09 3c 00 0a 7c 00
INFO - 20 05 49 3c 00 0a 72 00
INFO - 20 07 89 3c 00 0a 72 00
INFO - 20 08 c9 3c 00 0a 72 00
INFO - 20 08 09 3c 00 0a 71 00
INFO - 20 0a 49 3c 00 0a 72 00
INFO - 20 0b 89 3c 00 0a 72 00
INFO - 20 0c c9 3c 00 0a 72 00
INFO - 20 0d 09 3c 00 0a 71 00
INFO - 20 0e 49 3c 00 0a 72 00
INFO - 20 0f 89 3c 00 0a 72 00
INFO - 20 10 c9 3c 00 0a 72 00
INFO - 20 11 09 3c 00 0a 72 00
INFO - 20 12 49 3c 00 0a 72 00
INFO - 20 13 89 3c 00 0a 71 00
INFO - 20 14 c9 3c 00 0a 72 00
INFO - 20 15 09 3c 00 0a 72 00
INFO - 20 16 49 3c 00 0a 72 00
INFO - 20 17 89 3c 00 0a 74 00
INFO - 20 18 c9 3c 00 0a 72 00
INFO - 20 19 09 3c 00 0a 70 00
INFO - 20 1a 49 3c 00 0a 72 00
INFO - 20 1b 89 3c 00 0a 72 00
INFO - 20 1c c9 3c 00 0a 72 00
INFO - 20 1d 09 3c 00 0a 71 00
INFO - 20 1e 49 3c 00 0a 72 00
INFO - 20 1f 89 3c 00 0a 72 00
INFO - 20 20 c9 3c 00 0a 72 00
INFO - 20 21 09 3c 00 0a 71 00
INFO - 20 22 49 3c 00 0a 72 00
INFO - 20 23 89 3c 00 0a 72 00
INFO - 20 24 c9 3c 00 0a 72 00
INFO - 20 25 09 3c 00 0a 71 00
INFO - 20 27 49 3c 00 0a a4 00
INFO - 20 28 89 3c 00 0a 72 00
INFO - 20 29 c9 3c 00 0a 72 00
INFO - 20 2a 09 3c 00 0a 72 00
INFO - 20 2b 49 3c 00 0a 71 00
INFO - 20 2c 89 3c 00 0a 72 00
INFO - 20 2d c9 3c 00 0a 59 00
INFO - 20 2e 09 3c 00 0a 72 00
INFO - 20 2f 49 3c 00 0a 71 00
INFO - 20 30 89 3c 00 0a 72 00
INFO - 20 31 c9 3c 00 0a 72 00
INFO - 20 32 09 3c 00 0a 72 00
INFO - 20 33 49 3c 00 0a 71 00
INFO - 20 34 89 3c 00 0a 72 00
INFO - 20 35 c9 3c 00 0a 72 00
INFO - 20 36 09 3c 00 0a 72 00
INFO - 20 37 49 3c 00 0a 71 00
INFO - 20 38 89 3c 00 0a 72 00
INFO - 20 39 c9 3c 00 0a 72 00
INFO - 20 3a 09 3c 00 0a 72 00
INFO - 20 3b 49 3c 00 0a 70 00
INFO - 20 3c 89 3c 00 0a 72 00
INFO - 20 3d c9 3c 00 0a 74 00
INFO - 20 3e 09 3c 00 0a 72 00
INFO - 20 3f 49 3c 00 0a 72 00
INFO - 20 40 89 3c 00 0a 72 00
INFO - 20 41 c9 3c 00 0a 71 00
INFO - 20 42 09 3c 00 0a 72 00
INFO - 20 44 49 3c 00 0a a4 00
INFO - 20 45 89 3c 00 0a 71 00
INFO - 20 46 c9 3c 00 0a 72 00
INFO - 20 47 09 3c 00 0a 72 00
INFO - 20 48 49 3c 00 0a 71 00
INFO - 20 49 89 3c 00 0a 72 00
INFO - 20 4a c9 3c 00 0a 72 00
INFO - 20 4b 09 3c 00 0a 6e 00
INFO - 20 4c 49 3c 00 0a 72 00
INFO - 20 4d 89 3c 00 0a 75 00
INFO - 20 4e c9 3c 00 0a 72 00
INFO - 20 4f 09 3c 00 0a 59 00
INFO - 20 50 49 3c 00 0a 71 00
INFO - 20 51 89 3c 00 0a 6f 00
INFO - 20 52 c9 3c 00 0a 72 00
INFO - 20 53 09 3c 00 0a 75 00
INFO - 20 54 49 3c 00 0a 72 00
INFO - 20 55 89 3c 00 0a 6e 00
INFO - 20 56 c9 3c 00 0a 72 00
INFO - 20 57 09 3c 00 0a 75 00
INFO - 20 58 49 3c 00 0a 72 00
INFO - 20 59 89 3c 00 0a 71 00
INFO - 20 5a c9 3c 00 0a 72 00
INFO - 20 5b 09 3c 00 0a 6f 00
INFO - 20 5c 49 3c 00 0a 72 00
INFO - 20 5d 89 3c 00 0a 75 00
INFO - 20 5f c9 3c 00 0a a0 00
INFO - 20 60 09 3c 00 0a 72 00
INFO - 20 61 49 3c 00 0a 74 00
INFO - 20 62 89 3c 00 0a 72 00
INFO - 20 63 c9 3c 00 0a 72 00
INFO - 20 64 09 3c 00 0a 72 00
INFO - 20 65 49 3c 00 0a 6e 00
INFO - 20 66 89 3c 00 0a 72 00
INFO - 20 67 c9 3c 00 0a 75 00
INFO - 20 68 09 3c 00 0a 72 00
INFO - 20 69 49 3c 00 0a 6e 00
INFO - 20 6a 89 3c 00 0a 72 00
INFO - 20 6b c9 3c 00 0a 74 00
INFO - 20 6c 09 3c 00 0a 72 00
INFO - 20 6d 49 3c 00 0a 72 00
INFO - 20 6e 89 3c 00 0a 72 00
INFO - 20 6f c9 3c 00 0a 6e 00
INFO - 20 70 09 3c 00 0a 72 00
INFO - 20 71 49 3c 00 0a 5b 00
INFO - 20 72 89 3c 00 0a 71 00
INFO - 20 73 c9 3c 00 0a 6e 00
INFO - 20 74 09 3c 00 0a 72 00
INFO - 20 75 49 3c 00 0a 75 00
INFO - 20 76 89 3c 00 0a 71 00
INFO - 20 77 c9 3c 00 0a 71 00
INFO - 20 78 09 3c 00 0a 72 00
INFO - 20 7a 49 3c 00 0a a2 00
INFO - 20 7b 89 3c 00 0a 74 00
INFO - 20 7c c9 3c 00 0a 72 00
INFO - 20 7d 09 3c 00 0a 72 00
INFO - 20 7e 49 3c 00 0a 72 00
INFO - 20 7f 89 3c 00 0a 70 00
INFO - 20 80 c9 3c 00 0a 72 00
INFO - 20 81 09 3c 00 0a 74 00
INFO - 20 00 49 3c 00 0b fe 00
