INFO - a0 00 48 08 b3 00 9a bd
INFO - a0 00 88 10 47 a7 fd d6
INFO - a0 00 c8 18 00 01 86 a0
INFO - a0 00 08 08 b3 00 9a 70
INFO - a0 00 48 10 47 a7 fd e3
INFO - a0 00 88 18 00 01 86 a0
INFO - a0 02 c8 08 b3 00 99 a0
INFO - a0 02 08 10 47 a7 fd fd
INFO - a0 02 48 18 00 01 86 a0
INFO - a0 04 88 08 b3 00 98 d7
INFO - a0 04 c8 10 47 a7 fe 1f
INFO - a0 04 08 18 00 01 86 a0
INFO - a0 06 48 08 b3 00 98 07
INFO - a0 06 88 10 47 a7 fe 40
INFO - a0 06 c8 18 00 01 86 a0
INFO - a0 08 08 08 b3 00 97 3e
INFO - a0 08 48 10 47 a7 fe 5b
INFO - a0 08 88 18 00 01 86 a0
INFO - a0 0a c8 08 b3 00 96 6e
INFO - a0 0a 08 10 47 a7 fe 7d
INFO - a0 0a 48 18 00 01 86 a0
INFO - a0 0c 88 08 b3 00 95 a5
INFO - a0 0c c8 10 47 a7 fe 98
INFO - a0 0c 08 18 00 01 86 a0
INFO - a0 0e 48 08 b3 00 94 d5
INFO - a0 0e 88 10 47 a7 fe b9
INFO - a0 0e c8 18 00 01 86 a0
INFO - a0 10 08 08 b3 00 94 0b
INFO - a0 10 48 10 47 a7 fe db
INFO - a0 10 88 18 00 01 86 a0
INFO - a0 12 c8 08 b3 00 93 3c
INFO - a0 12 08 10 47 a7 fe f6
INFO - a0 12 48 18 00 01 86 a0
INFO - a0 14 88 08 b3 00 92 72
INFO - a0 14 c8 10 47 a7 ff 17
INFO - a0 14 08 18 00 01 86 a0
INFO - a0 16 48 08 b3 00 91 a3
INFO - a0 16 88 10 47 a7 ff 32
INFO - a0 16 c8 18 00 01 86 a0
INFO - a0 18 08 08 b3 00 90 d9
INFO - a0 18 48 10 47 a7 ff 53
INFO - a0 18 88 18 00 01 86 a0
INFO - a0 1a c8 08 b3 00 90 0a
INFO - a0 1a 08 10 47 a7 ff 75
INFO - a0 1a 48 18 00 01 86 a0
INFO - a0 1c 88 08 b3 00 8f 3a
INFO - a0 1c c8 10 47 a7 ff 90
INFO - a0 1c 08 18 00 01 86 a0
INFO - a0 1e 48 08 b3 00 8e 71
INFO - a0 1e 88 10 47 a7 ff b1
INFO - a0 1e c8 18 00 01 86 a0
INFO - a0 20 08 08 b3 00 8d a1
INFO - a0 20 48 10 47 a7 ff cc
INFO - a0 20 88 18 00 01 86 a0
INFO - a0 22 c8 08 b3 00 8c d7
INFO - a0 22 08 10 47 a7 ff ee
INFO - a0 22 48 18 00 01 86 a0
INFO - a0 24 88 08 b3 00 8c 08
INFO - a0 24 c8 10 47 a8 00 0f
INFO - a0 24 08 18 00 01 86 a0
INFO - a0 26 48 08 b3 00 8b 3e
INFO - a0 26 88 10 47 a8 00 2a
INFO - a0 26 c8 18 00 01 86 a0
INFO - a0 28 08 08 b3 00 8a 6f
INFO - a0 28 48 10 47 a8 00 4c
INFO - a0 28 88 18 00 01 86 a0
INFO - a0 2a c8 08 b3 00 89 a5
INFO - a0 2a 08 10 47 a8 00 6d
INFO - a0 2a 48 18 00 01 86 a0
INFO - a0 2c 88 08 b3 00 88 d6
INFO - a0 2c c8 10 47 a8 00 88
INFO - a0 2c 08 18 00 01 86 a0
INFO - a0 2e 48 08 b3 00 88 0c
INFO - a0 2e 88 10 47 a8 00 a9
INFO - a0 2e c8 18 00 01 86 a0
INFO - a0 30 08 08 b3 00 87 3c
INFO - a0 30 48 10 47 a8 00 c4
INFO - a0 30 88 18 00 01 86 a0
INFO - a0 32 c8 08 b3 00 86 73
INFO - a0 32 08 10 47 a8 00 e6
INFO - a0 32 48 18 00 01 86 a0
INFO - a0 34 88 08 b3 00 85 a3
INFO - a0 34 c8 10 47 a8 01 07
INFO - a0 34 08 18 00 01 86 a0
INFO - a0 36 48 08 b3 00 84 da
INFO - a0 36 88 10 47 a8 01 22
INFO - a0 36 c8 18 00 01 86 a0
INFO - a0 38 08 08 b3 00 84 0a
INFO - a0 38 48 10 47 a8 01 44
INFO - a0 38 88 18 00 01 86 a0
INFO - a0 3a c8 08 b3 00 83 41
INFO - a0 3a 08 10 47 a8 01 5e
INFO - a0 3a 48 18 00 01 86 a0
INFO - a0 3c 88 08 b3 00 82 71
INFO - a0 3c c8 10 47 a8 01 80
INFO - a0 3c 08 18 00 01 86 a0
INFO - a0 3e 48 08 b3 00 81 a8
INFO - a0 3e 88 10 47 a8 01 a1
INFO - a0 3e c8 18 00 01 86 a0
INFO - a0 40 08 08 b3 00 80 d8
INFO - a0 40 48 10 47 a8 01 bc
INFO - a0 40 88 18 00 01 86 a0
INFO - a0 42 c8 08 b3 00 80 0f
INFO - a0 42 08 10 47 a8 01 de
INFO - a0 42 48 18 00 01 86 a0
INFO - a0 44 88 08 b3 00 7f 3f
INFO - a0 44 c8 10 47 a8 01 f9
INFO - a0 44 08 18 00 01 86 a0
INFO - a0 46 48 08 b3 00 7e 76
INFO - a0 46 88 10 47 a8 02 1a
INFO - a0 46 c8 18 00 01 86 a0
INFO - a0 48 08 08 b3 00 7d a6
INFO - a0 48 48 10 47 a8 02 3c
INFO - a0 48 88 18 00 01 86 a0
INFO - a0 4a c8 08 b3 00 7c dd
INFO - a0 4a 08 10 47 a8 02 57
INFO - a0 4a 48 18 00 01 86 a0
INFO - a0 4c 88 08 b3 00 7c 0d
INFO - a0 4c c8 10 47 a8 02 78
INFO - a0 4c 08 18 00 01 86 a0
INFO - a0 4e 48 08 b3 00 7b 44
INFO - a0 4e 88 10 47 a8 02 9a
INFO - a0 4e c8 18 00 01 86 a0
INFO - a0 50 08 08 b3 00 7a 74
INFO - a0 50 48 10 47 a8 02 b4
INFO - a0 50 88 18 00 01 86 a0
INFO - a0 52 c8 08 b3 00 79 ab
INFO - a0 52 08 10 47 a8 02 d6
INFO - a0 52 48 18 00 01 86 a0
INFO - a0 54 88 08 b3 00 78 db
INFO - a0 54 c8 10 47 a8 02 f1
INFO - a0 54 08 18 00 01 86 a0
INFO - a0 56 48 08 b3 00 78 12
INFO - a0 56 88 10 47 a8 03 12
INFO - a0 56 c8 18 00 01 86 a0
INFO - a0 58 08 08 b3 00 77 42
INFO - a0 58 48 10 47 a8 03 34
INFO - a0 58 88 18 00 01 86 a0
INFO - a0 5a c8 08 b3 00 76 79
INFO - a0 5a 08 10 47 a8 03 4f
INFO - a0 5a 48 18 00 01 86 a0
INFO - a0 5c 88 08 b3 00 75 a9
INFO - a0 5c c8 10 47 a8 03 70
INFO - a0 5c 08 18 00 01 86 a0
INFO - a0 5e 48 08 b3 00 74 e0
INFO - a0 5e 88 10 47 a8 03 8b
INFO - a0 5e c8 18 00 01 86 a0
INFO - a0 60 08 08 b3 00 74 10
INFO - a0 60 48 10 47 a8 03 ad
INFO - a0 60 88 18 00 01 86 a0
INFO - a0 62 c8 08 b3 00 73 47
INFO - a0 62 08 10 47 a8 03 ce
INFO - a0 62 48 18 00 01 86 a0
INFO - a0 64 88 08 b3 00 72 77
INFO - a0 64 c8 10 47 a8 03 e9
INFO - a0 64 08 18 00 01 86 a0
INFO - a0 66 48 08 b3 00 71 ae
INFO - a0 66 88 10 47 a8 04 0a
INFO - a0 66 c8 18 00 01 86 a0
INFO - a0 68 08 08 b3 00 70 de
INFO - a0 68 48 10 47 a8 04 2c
INFO - a0 68 88 18 00 01 86 a0
INFO - a0 6a c8 08 b3 00 70 15
INFO - a0 6a 08 10 47 a8 04 47
INFO - a0 6a 48 18 00 01 86 a0
INFO - a0 6c 88 08 b3 00 6f 45
INFO - a0 6c c8 10 47 a8 04 68
INFO - a0 6c 08 18 00 01 86 a0
INFO - a0 6e 48 08 b3 00 6e 75
INFO - a0 6e 88 10 47 a8 04 83
INFO - a0 6e c8 18 00 01 86 a0
INFO - a0 70 08 08 b3 00 6d ac
INFO - a0 70 48 10 47 a8 04 a5
INFO - a0 70 88 18 00 01 86 a0
INFO - a0 72 c8 08 b3 00 6c dc
INFO - a0 72 08 10 47 a8 04 c6
INFO - a0 72 48 18 00 01 86 a0
INFO - a0 74 88 08 b3 00 6c 13
INFO - a0 74 c8 10 47 a8 04 e1
INFO - a0 74 08 18 00 01 86 a0
INFO - a0 76 48 08 b3 00 6b 43
INFO - a0 76 88 10 47 a8 05 02
INFO - a0 76 c8 18 00 01 86 a0
INFO - a0 78 08 08 b3 00 6a 73
INFO - a0 78 48 10 47 a8 05 1d
INFO - a0 78 88 18 00 01 86 a0
INFO - a0 7a c8 08 b3 00 69 aa
INFO - a0 7a 08 10 47 a8 05 3f
INFO - a0 7a 48 18 00 01 86 a0
INFO - a0 7c 88 08 b3 00 68 da
INFO - a0 7c c8 10 47 a8 05 5a
INFO - a0 7c 08 18 00 01 86 a0
INFO - a0 7e 48 08 b3 00 68 11
INFO - a0 7e 88 10 47 a8 05 7b
INFO - a0 7e c8 18 00 01 86 a0
INFO - a0 80 08 08 b3 00 67 41
INFO - a0 80 48 10 47 a8 05 9d
INFO - a0 80 88 18 00 01 86 a0
INFO - a0 82 c8 08 b3 00 66 78
INFO - a0 82 08 10 47 a8 05 b8
INFO - a0 82 48 18 00 01 86 a0
INFO - a0 84 88 08 b3 00 65 a8
INFO - a0 84 c8 10 47 a8 05 d9
INFO - a0 84 08 18 00 01 86 a0
INFO - a0 86 48 08 b3 00 64 df
INFO - a0 86 88 10 47 a8 05 fb
INFO - a0 86 c8 18 00 01 86 a0
INFO - a0 88 08 08 b3 00 64 0f
INFO - a0 88 48 10 47 a8 06 15
INFO - a0 88 88 18 00 01 86 a0
INFO - a0 8a c8 08 b3 00 63 46
INFO - a0 8a 08 10 47 a8 06 37
INFO - a0 8a 48 18 00 01 86 a0
INFO - a0 8c 88 08 b3 00 62 76
INFO - a0 8c c8 10 47 a8 06 52
INFO - a0 8c 08 18 00 01 86 a0
INFO - a0 8e 48 08 b3 00 61 ad
INFO - a0 8e 88 10 47 a8 06 73
INFO - a0 8e c8 18 00 01 86 a0
INFO - a0 90 08 08 b3 00 60 dd
INFO - a0 90 48 10 47 a8 06 95
INFO - a0 90 88 18 00 01 86 a0
INFO - a0 92 c8 08 b3 00 60 0d
INFO - a0 92 08 10 47 a8 06 b0
INFO - a0 92 48 18 00 01 86 a0
INFO - a0 94 88 08 b3 00 5f 44
INFO - a0 94 c8 10 47 a8 06 d1
INFO - a0 94 08 18 00 01 86 a0
INFO - a0 96 48 08 b3 00 5e 74
INFO - a0 96 88 10 47 a8 06 ec
INFO - a0 96 c8 18 00 01 86 a0
INFO - a0 98 08 08 b3 00 5d ab
INFO - a0 98 48 10 47 a8 07 0e
INFO - a0 98 88 18 00 01 86 a0
INFO - a0 9a c8 08 b3 00 5c db
INFO - a0 9a 08 10 47 a8 07 2f
INFO - a0 9a 48 18 00 01 86 a0
INFO - a0 9c 88 08 b3 00 5c 12
INFO - a0 9c c8 10 47 a8 07 4a
INFO - a0 9c 08 18 00 01 86 a0
INFO - a0 9e 48 08 b3 00 5b 42
INFO - a0 9e 88 10 47 a8 07 6b
INFO - a0 9e c8 18 00 01 86 a0
INFO - a0 a0 08 08 b3 00 5a 72
INFO - a0 a0 48 10 47 a8 07 8d
INFO - a0 a0 88 18 00 01 86 a0
INFO - a0 a2 c8 08 b3 00 59 a9
INFO - a0 a2 08 10 47 a8 07 a8
INFO - a0 a2 48 18 00 01 86 a0
INFO - a0 a4 88 08 b3 00 58 e0
INFO - a0 a4 c8 10 47 a8 07 c9
INFO - a0 a4 08 18 00 01 86 a0
INFO - a0 a6 48 08 b3 00 58 10
INFO - a0 a6 88 10 47 a8 07 e4
INFO - a0 a6 c8 18 00 01 86 a0
INFO - a0 a8 08 08 b3 00 57 40
INFO - a0 a8 48 10 47 a8 08 06
INFO - a0 a8 88 18 00 01 86 a0
INFO - a0 aa c8 08 b3 00 56 77
INFO - a0 aa 08 10 47 a8 08 20
INFO - a0 aa 48 18 00 01 86 a0
INFO - a0 ac 88 08 b3 00 55 a7
INFO - a0 ac c8 10 47 a8 08 42
INFO - a0 ac 08 18 00 01 86 a0
INFO - a0 ae 48 08 b3 00 54 de
INFO - a0 ae 88 10 47 a8 08 64
INFO - a0 ae c8 18 00 01 86 a0
INFO - a0 b0 08 08 b3 00 54 0e
INFO - a0 b0 48 10 47 a8 08 7e
INFO - a0 b0 88 18 00 01 86 a0
INFO - a0 b2 c8 08 b3 00 53 45
INFO - a0 b2 08 10 47 a8 08 a0
INFO - a0 b2 48 18 00 01 86 a0
INFO - a0 b4 88 08 b3 00 52 75
INFO - a0 b4 c8 10 47 a8 08 c1
INFO - a0 b4 08 18 00 01 86 a0
INFO - a0 b6 48 08 b3 00 51 ac
INFO - a0 b6 88 10 47 a8 08 dc
INFO - a0 b6 c8 18 00 01 86 a0
INFO - a0 b8 08 08 b3 00 50 dc
INFO - a0 b8 48 10 47 a8 08 fe
INFO - a0 b8 88 18 00 01 86 a0
INFO - a0 ba c8 08 b3 00 50 13
INFO - a0 ba 08 10 47 a8 09 19
INFO - a0 ba 48 18 00 01 86 a0
INFO - a0 bc 88 08 b3 00 4f 43
INFO - a0 bc c8 10 47 a8 09 3a
INFO - a0 bc 08 18 00 01 86 a0
INFO - a0 be 48 08 b3 00 4e 7a
INFO - a0 be 88 10 47 a8 09 5c
INFO - a0 be c8 18 00 01 86 a0
INFO - a0 c0 08 08 b3 00 4d b0
INFO - a0 c0 48 10 47 a8 09 76
INFO - a0 c0 88 18 00 01 86 a0
INFO - a0 c2 c8 08 b3 00 4c e1
INFO - a0 c2 08 10 47 a8 09 98
INFO - a0 c2 48 18 00 01 86 a0
INFO - a0 c4 88 08 b3 00 4c 17
INFO - a0 c4 c8 10 47 a8 09 b3
INFO - a0 c4 08 18 00 01 86 a0
INFO - a0 c6 48 08 b3 00 4b 48
INFO - a0 c6 88 10 47 a8 09 d4
INFO - a0 c6 c8 18 00 01 86 a0
INFO - a0 c8 08 08 b3 00 4a 7e
INFO - a0 c8 48 10 47 a8 09 f6
INFO - a0 c8 88 18 00 01 86 a0
INFO - a0 ca c8 08 b3 00 49 af
INFO - a0 ca 08 10 47 a8 0a 17
INFO - a0 ca 48 18 00 01 86 a0
INFO - a0 cc 88 08 b3 00 48 e5
INFO - a0 cc c8 10 47 a8 0a 32
INFO - a0 cc 08 18 00 01 86 a0
INFO - a0 ce 48 08 b3 00 48 15
INFO - a0 ce 88 10 47 a8 0a 54
INFO - a0 ce c8 18 00 01 86 a0
INFO - a0 d0 08 08 b3 00 47 4c
INFO - a0 d0 48 10 47 a8 0a 6f
INFO - a0 d0 88 18 00 01 86 a0
INFO - a0 d2 c8 08 b3 00 46 7c
INFO - a0 d2 08 10 47 a8 0a 90
INFO - a0 d2 48 18 00 01 86 a0
INFO - a0 d4 88 08 b3 00 45 ad
INFO - a0 d4 c8 10 47 a8 0a b2
INFO - a0 d4 08 18 00 01 86 a0
INFO - a0 d6 48 08 b3 00 44 e3
INFO - a0 d6 88 10 47 a8 0a cc
INFO - a0 d6 c8 18 00 01 86 a0
INFO - a0 d8 08 08 b3 00 44 14
INFO - a0 d8 48 10 47 a8 0a ee
INFO - a0 d8 88 18 00 01 86 a0
INFO - a0 da c8 08 b3 00 43 4a
INFO - a0 da 08 10 47 a8 0b 0f
INFO - a0 da 48 18 00 01 86 a0
INFO - a0 dc 88 08 b3 00 42 7a
INFO - a0 dc c8 10 47 a8 0b 2a
INFO - a0 dc 08 18 00 01 86 a0
INFO - a0 de 48 08 b3 00 41 b1
INFO - a0 de 88 10 47 a8 0b 4c
INFO - a0 de c8 18 00 01 86 a0
INFO - a0 e0 08 08 b3 00 40 e1
INFO - a0 e0 48 10 47 a8 0b 6d
INFO - a0 e0 88 18 00 01 86 a0
INFO - a0 e2 c8 08 b3 00 40 18
INFO - a0 e2 08 10 47 a8 0b 8f
INFO - a0 e2 48 18 00 01 86 a0
INFO - a0 e4 88 08 b3 00 3f 48
INFO - a0 e4 c8 10 47 a8 0b aa
INFO - a0 e4 08 18 00 01 86 a0
INFO - a0 e6 48 08 b3 00 3e 7f
INFO - a0 e6 88 10 47 a8 0b cb
INFO - a0 e6 c8 18 00 01 86 a0
INFO - a0 e8 08 08 b3 00 3d af
INFO - a0 e8 48 10 47 a8 0b e6
INFO - a0 e8 88 18 00 01 86 a0
INFO - a0 ea c8 08 b3 00 3c e0
INFO - a0 ea 08 10 47 a8 0c 08
INFO - a0 ea 48 18 00 01 86 a0
INFO - a0 ec 88 08 b3 00 3c 16
INFO - a0 ec c8 10 47 a8 0c 29
INFO - a0 ec 08 18 00 01 86 a0
INFO - a0 ee 48 08 b3 00 3b 4d
INFO - a0 ee 88 10 47 a8 0c 4b
INFO - a0 ee c8 18 00 01 86 a0
INFO - a0 f0 08 08 b3 00 3a 7d
INFO - a0 f0 48 10 47 a8 0c 65
INFO - a0 f0 88 18 00 01 86 a0
INFO - a0 f2 c8 08 b3 00 39 b4
INFO - a0 f2 08 10 47 a8 0c 87
INFO - a0 f2 48 18 00 01 86 a0
INFO - a0 f4 88 08 b3 00 38 e4
INFO - a0 f4 c8 10 47 a8 0c a9
INFO - a0 f4 08 18 00 01 86 a0
INFO - a0 f6 48 08 b3 00 38 1b
INFO - a0 f6 88 10 47 a8 0c c3
INFO - a0 f6 c8 18 00 01 86 a0
INFO - a0 f8 08 08 b3 00 37 4b
INFO - a0 f8 48 10 47 a8 0c e5
INFO - a0 f8 88 18 00 01 86 a0
INFO - a0 fa c8 08 b3 00 36 82
INFO - a0 fa 08 10 47 a8 0d 06
INFO - a0 fa 48 18 00 01 86 a0
INFO - a0 fc 88 08 b3 00 35 b2
INFO - a0 fc c8 10 47 a8 0d 28
INFO - a0 fc 08 18 00 01 86 a0
INFO - a0 fe 48 08 b3 00 34 e9
INFO - a0 fe 88 10 47 a8 0d 43
INFO - a0 fe c8 18 00 01 86 a0
INFO - a1 00 08 08 b3 00 34 19
INFO - a1 00 48 10 47 a8 0d 64
INFO - a1 00 88 18 00 01 86 a0
INFO - a1 02 c8 08 b3 00 33 50
INFO - a1 02 08 10 47 a8 0d 86
INFO - a1 02 48 18 00 01 86 a0
INFO - a1 04 88 08 b3 00 32 80
INFO - a1 04 c8 10 47 a8 0d a1
INFO - a1 04 08 18 00 01 86 a0
INFO - a1 06 48 08 b3 00 31 b7
INFO - a1 06 88 10 47 a8 0d c2
INFO - a1 06 c8 18 00 01 86 a0
INFO - a1 08 08 08 b3 00 30 e7
INFO - a1 08 48 10 47 a8 0d e4
INFO - a1 08 88 18 00 01 86 a0
INFO - a1 0a c8 08 b3 00 30 1e
INFO - a1 0a 08 10 47 a8 0d fe
INFO - a1 0a 48 18 00 01 86 a0
INFO - a1 0c 88 08 b3 00 2f 4e
INFO - a1 0c c8 10 47 a8 0e 20
INFO - a1 0c 08 18 00 01 86 a0
INFO - a1 0e 48 08 b3 00 2e 85
INFO - a1 0e 88 10 47 a8 0e 42
INFO - a1 0e c8 18 00 01 86 a0
INFO - a1 10 08 08 b3 00 2d b5
INFO - a1 10 48 10 47 a8 0e 5c
INFO - a1 10 88 18 00 01 86 a0
INFO - a1 12 c8 08 b3 00 2c ec
INFO - a1 12 08 10 47 a8 0e 7e
INFO - a1 12 48 18 00 01 86 a0
INFO - a1 14 88 08 b3 00 2c 1c
INFO - a1 14 c8 10 47 a8 0e 9f
INFO - a1 14 08 18 00 01 86 a0
INFO - a1 16 48 08 b3 00 2b 53
INFO - a1 16 88 10 47 a8 0e ba
INFO - a1 16 c8 18 00 01 86 a0
INFO - a1 18 08 08 b3 00 2a 83
INFO - a1 18 48 10 47 a8 0e dc
INFO - a1 18 88 18 00 01 86 a0
INFO - a1 1a c8 08 b3 00 29 b3
INFO - a1 1a 08 10 47 a8 0e fd
INFO - a1 1a 48 18 00 01 86 a0
INFO - a1 1c 88 08 b3 00 28 ea
INFO - a1 1c c8 10 47 a8 0f 18
INFO - a1 1c 08 18 00 01 86 a0
INFO - a1 1e 48 08 b3 00 28 1a
INFO - a1 1e 88 10 47 a8 0f 3a
INFO - a1 1e c8 18 00 01 86 a0
INFO - a1 20 08 08 b3 00 27 51
INFO - a1 20 48 10 47 a8 0f 5b
INFO - a1 20 88 18 00 01 86 a0
INFO - a1 22 c8 08 b3 00 26 81
INFO - a1 22 08 10 47 a8 0f 76
INFO - a1 22 48 18 00 01 86 a0
INFO - a1 24 88 08 b3 00 25 b8
INFO - a1 24 c8 10 47 a8 0f 98
INFO - a1 24 08 18 00 01 86 a0
INFO - a1 26 48 08 b3 00 24 e8
INFO - a1 26 88 10 47 a8 0f b9
INFO - a1 26 c8 18 00 01 86 a0
INFO - a1 28 08 08 b3 00 24 1f
INFO - a1 28 48 10 47 a8 0f d4
INFO - a1 28 88 18 00 01 86 a0
INFO - a1 2a c8 08 b3 00 23 4f
INFO - a1 2a 08 10 47 a8 0f f5
INFO - a1 2a 48 18 00 01 86 a0
INFO - a1 2c 88 08 b3 00 22 86
INFO - a1 2c c8 10 47 a8 10 17
INFO - a1 2c 08 18 00 01 86 a0
INFO - a1 2e 48 08 b3 00 21 b6
INFO - a1 2e 88 10 47 a8 10 32
INFO - a1 2e c8 18 00 01 86 a0
INFO - a1 30 08 08 b3 00 20 e6
INFO - a1 30 48 10 47 a8 10 53
INFO - a1 30 88 18 00 01 86 a0
INFO - a1 32 c8 08 b3 00 20 1d
INFO - a1 32 08 10 47 a8 10 75
INFO - a1 32 48 18 00 01 86 a0
INFO - a1 34 88 08 b3 00 1f 54
INFO - a1 34 c8 10 47 a8 10 90
INFO - a1 34 08 18 00 01 86 a0
INFO - a1 36 48 08 b3 00 1e 84
INFO - a1 36 88 10 47 a8 10 b1
INFO - a1 36 c8 18 00 01 86 a0
INFO - a1 38 08 08 b3 00 1d b4
INFO - a1 38 48 10 47 a8 10 d3
INFO - a1 38 88 18 00 01 86 a0
INFO - a1 3a c8 08 b3 00 1c eb
INFO - a1 3a 08 10 47 a8 10 ee
INFO - a1 3a 48 18 00 01 86 a0
INFO - a1 3c 88 08 b3 00 1c 1b
INFO - a1 3c c8 10 47 a8 11 0f
INFO - a1 3c 08 18 00 01 86 a0
INFO - a1 3e 48 08 b3 00 1b 52
INFO - a1 3e 88 10 47 a8 11 2a
INFO - a1 3e c8 18 00 01 86 a0
INFO - a1 40 08 08 b3 00 1a 82
INFO - a1 40 48 10 47 a8 11 4b
INFO - a1 40 88 18 00 01 86 a0
INFO - a1 42 c8 08 b3 00 19 b9
INFO - a1 42 08 10 47 a8 11 6d
INFO - a1 42 48 18 00 01 86 a0
INFO - a1 44 88 08 b3 00 18 e9
INFO - a1 44 c8 10 47 a8 11 88
INFO - a1 44 08 18 00 01 86 a0
INFO - a1 46 48 08 b3 00 18 20
INFO - a1 46 88 10 47 a8 11 a9
INFO - a1 46 c8 18 00 01 86 a0
INFO - a1 48 08 08 b3 00 17 50
INFO - a1 48 48 10 47 a8 11 cb
INFO - a1 48 88 18 00 01 86 a0
INFO - a1 4a c8 08 b3 00 16 87
INFO - a1 4a 08 10 47 a8 11 e6
INFO - a1 4a 48 18 00 01 86 a0
INFO - a1 4b 88 08 b3 00 16 51
INFO - a1 4b c8 10 47 a8 11 f3
INFO - a1 4b 08 18 00 01 86 a0
INFO - a1 4b 48 08 b3 00 16 51
INFO - a1 4b 88 10 47 a8 11 f3
INFO - a1 4b c8 18 00 01 86 a0
INFO - a1 4d 08 08 b3 00 15 81
INFO - a1 4d 48 10 47 a8 12 0e
INFO - a1 4d 88 18 00 01 86 a0
INFO - a1 4f c8 08 b3 00 14 b8
INFO - a1 4f 08 10 47 a8 12 2f
INFO - a1 4f 48 18 00 01 86 a0
INFO - a1 51 88 08 b3 00 13 e8
INFO - a1 51 c8 10 47 a8 12 51
INFO - a1 51 08 18 00 01 86 a0
INFO - a1 53 48 08 b3 00 13 1f
INFO - a1 53 88 10 47 a8 12 6c
INFO - a1 53 c8 18 00 01 86 a0
INFO - a1 55 08 08 b3 00 12 4f
INFO - a1 55 48 10 47 a8 12 8d
INFO - a1 55 88 18 00 01 86 a0
INFO - a1 57 c8 08 b3 00 11 7f
INFO - a1 57 08 10 47 a8 12 af
INFO - a1 57 48 18 00 01 86 a0
INFO - a1 59 88 08 b3 00 10 b6
INFO - a1 59 c8 10 47 a8 12 ca
INFO - a1 59 08 18 00 01 86 a0
INFO - a1 5b 48 08 b3 00 0f e6
INFO - a1 5b 88 10 47 a8 12 eb
INFO - a1 5b c8 18 00 01 86 a0
INFO - a1 5d 08 08 b3 00 0f 1d
INFO - a1 5d 48 10 47 a8 13 0d
INFO - a1 5d 88 18 00 01 86 a0
INFO - a1 5f c8 08 b3 00 0e 4d
INFO - a1 5f 08 10 47 a8 13 27
INFO - a1 5f 48 18 00 01 86 a0
INFO - a1 61 88 08 b3 00 0d 84
INFO - a1 61 c8 10 47 a8 13 49
INFO - a1 61 08 18 00 01 86 a0
INFO - a1 63 48 08 b3 00 0c b4
INFO - a1 63 88 10 47 a8 13 64
INFO - a1 63 c8 18 00 01 86 a0
INFO - a1 65 08 08 b3 00 0b eb
INFO - a1 65 48 10 47 a8 13 85
INFO - a1 65 88 18 00 01 86 a0
INFO - a1 67 c8 08 b3 00 0b 1b
INFO - a1 67 08 10 47 a8 13 a7
INFO - a1 67 48 18 00 01 86 a0
INFO - a1 69 88 08 b3 00 0a 52
INFO - a1 69 c8 10 47 a8 13 c2
INFO - a1 69 08 18 00 01 86 a0
INFO - a1 6b 48 08 b3 00 09 82
INFO - a1 6b 88 10 47 a8 13 e3
INFO - a1 6b c8 18 00 01 86 a0
INFO - a1 6d 08 08 b3 00 08 b9
INFO - a1 6d 48 10 47 a8 14 05
INFO - a1 6d 88 18 00 01 86 a0
INFO - a1 6f c8 08 b3 00 07 e9
INFO - a1 6f 08 10 47 a8 14 20
INFO - a1 6f 48 18 00 01 86 a0
INFO - a1 71 88 08 b3 00 07 20
INFO - a1 71 c8 10 47 a8 14 41
INFO - a1 71 08 18 00 01 86 a0
INFO - a1 73 48 08 b3 00 06 50
INFO - a1 73 88 10 47 a8 14 63
INFO - a1 73 c8 18 00 01 86 a0
INFO - a1 75 08 08 b3 00 05 87
INFO - a1 75 48 10 47 a8 14 7d
INFO - a1 75 88 18 00 01 86 a0
INFO - a1 77 c8 08 b3 00 04 b7
INFO - a1 77 08 10 47 a8 14 9f
INFO - a1 77 48 18 00 01 86 a0
INFO - a1 79 88 08 b3 00 03 ee
INFO - a1 79 c8 10 47 a8 14 ba
INFO - a1 79 08 18 00 01 86 a0
INFO - a1 7b 48 08 b3 00 03 1e
INFO - a1 7b 88 10 47 a8 14 db
INFO - a1 7b c8 18 00 01 86 a0
INFO - a1 7d 08 08 b3 00 02 55
INFO - a1 7d 48 10 47 a8 14 fd
INFO - a1 7d 88 18 00 01 86 a0
INFO - a1 7f c8 08 b3 00 01 85
INFO - a1 7f 08 10 47 a8 15 18
INFO - a1 7f 48 18 00 01 86 a0
INFO - a1 81 88 08 b3 00 00 bc
INFO - a1 81 c8 10 47 a8 15 39
INFO - a1 81 08 18 00 01 86 a0
INFO - a1 83 48 08 b2 ff ff ec
INFO - a1 83 88 10 47 a8 15 5b
INFO - a1 83 c8 18 00 01 86 a0
INFO - a1 85 08 08 b2 ff ff 23
INFO - a1 85 48 10 47 a8 15 76
INFO - a1 85 88 18 00 01 86 a0
INFO - a1 87 c8 08 b2 ff fe 53
INFO - a1 87 08 10 47 a8 15 97
INFO - a1 87 48 18 00 01 86 a0
INFO - a1 89 88 08 b2 ff fd 8a
INFO - a1 89 c8 10 47 a8 15 b2
INFO - a1 89 08 18 00 01 86 a0
INFO - a1 8b 48 08 b2 ff fc ba
INFO - a1 8b 88 10 47 a8 15 d3
INFO - a1 8b c8 18 00 01 86 a0
INFO - a1 8d 08 08 b2 ff fb f1
INFO - a1 8d 48 10 47 a8 15 f5
INFO - a1 8d 88 18 00 01 86 a0
INFO - a1 8f c8 08 b2 ff fb 21
INFO - a1 8f 08 10 47 a8 16 10
INFO - a1 8f 48 18 00 01 86 a0
INFO - a1 91 88 08 b2 ff fa 57
INFO - a1 91 c8 10 47 a8 16 31
INFO - a1 91 08 18 00 01 86 a0
INFO - a1 93 48 08 b2 ff f9 88
INFO - a1 93 88 10 47 a8 16 4c
INFO - a1 93 c8 18 00 01 86 a0
INFO - a1 95 08 08 b2 ff f8 be
INFO - a1 95 48 10 47 a8 16 6e
INFO - a1 95 88 18 00 01 86 a0
INFO - a1 97 c8 08 b2 ff f7 ef
INFO - a1 97 08 10 47 a8 16 8f
INFO - a1 97 48 18 00 01 86 a0
INFO - a1 99 88 08 b2 ff f7 25
INFO - a1 99 c8 10 47 a8 16 aa
INFO - a1 99 08 18 00 01 86 a0
INFO - a1 9b 48 08 b2 ff f6 56
INFO - a1 9b 88 10 47 a8 16 cc
INFO - a1 9b c8 18 00 01 86 a0
INFO - a1 9d 08 08 b2 ff f5 8c
INFO - a1 9d 48 10 47 a8 16 e6
INFO - a1 9d 88 18 00 01 86 a0
INFO - a1 9f c8 08 b2 ff f4 bd
INFO - a1 9f 08 10 47 a8 17 08
INFO - a1 9f 48 18 00 01 86 a0
INFO - a1 a1 88 08 b2 ff f3 f3
INFO - a1 a1 c8 10 47 a8 17 29
INFO - a1 a1 08 18 00 01 86 a0
INFO - a1 a3 48 08 b2 ff f3 23
INFO - a1 a3 88 10 47 a8 17 44
INFO - a1 a3 c8 18 00 01 86 a0
INFO - a1 a5 08 08 b2 ff f2 5a
INFO - a1 a5 48 10 47 a8 17 66
INFO - a1 a5 88 18 00 01 86 a0
INFO - a1 a7 c8 08 b2 ff f1 8a
INFO - a1 a7 08 10 47 a8 17 81
INFO - a1 a7 48 18 00 01 86 a0
INFO - a1 a9 88 08 b2 ff f0 c1
INFO - a1 a9 c8 10 47 a8 17 a2
INFO - a1 a9 08 18 00 01 86 a0
INFO - a1 ab 48 08 b2 ff ef f1
INFO - a1 ab 88 10 47 a8 17 c4
INFO - a1 ab c8 18 00 01 86 a0
INFO - a1 ad 08 08 b2 ff ef 22
INFO - a1 ad 48 10 47 a8 17 de
INFO - a1 ad 88 18 00 01 86 a0
INFO - a1 af c8 08 b2 ff ee 58
INFO - a1 af 08 10 47 a8 18 00
INFO - a1 af 48 18 00 01 86 a0
INFO - a1 b1 88 08 b2 ff ed 88
INFO - a1 b1 c8 10 47 a8 18 1b
INFO - a1 b1 08 18 00 01 86 a0
INFO - a1 b3 48 08 b2 ff ec bf
INFO - a1 b3 88 10 47 a8 18 3c
INFO - a1 b3 c8 18 00 01 86 a0
INFO - a1 b5 08 08 b2 ff eb ef
INFO - a1 b5 48 10 47 a8 18 5e
INFO - a1 b5 88 18 00 01 86 a0
INFO - a1 b7 c8 08 b2 ff eb 26
INFO - a1 b7 08 10 47 a8 18 79
INFO - a1 b7 48 18 00 01 86 a0
INFO - a1 b9 88 08 b2 ff ea 56
INFO - a1 b9 c8 10 47 a8 18 9a
INFO - a1 b9 08 18 00 01 86 a0
INFO - a1 bb 48 08 b2 ff e9 8d
INFO - a1 bb 88 10 47 a8 18 b5
INFO - a1 bb c8 18 00 01 86 a0
INFO - a1 bd 08 08 b2 ff e8 bd
INFO - a1 bd 48 10 47 a8 18 d7
INFO - a1 bd 88 18 00 01 86 a0
INFO - a1 bf c8 08 b2 ff e7 ed
INFO - a1 bf 08 10 47 a8 18 f8
INFO - a1 bf 48 18 00 01 86 a0
INFO - a1 c1 88 08 b2 ff e7 24
INFO - a1 c1 c8 10 47 a8 19 13
INFO - a1 c1 08 18 00 01 86 a0
INFO - a1 c3 48 08 b2 ff e6 54
INFO - a1 c3 88 10 47 a8 19 34
INFO - a1 c3 c8 18 00 01 86 a0
INFO - a1 c5 08 08 b2 ff e5 8b
INFO - a1 c5 48 10 47 a8 19 4f
INFO - a1 c5 88 18 00 01 86 a0
INFO - a1 c7 c8 08 b2 ff e4 bb
INFO - a1 c7 08 10 47 a8 19 71
INFO - a1 c7 48 18 00 01 86 a0
INFO - a1 c9 88 08 b2 ff e3 ec
INFO - a1 c9 c8 10 47 a8 19 92
INFO - a1 c9 08 18 00 01 86 a0
INFO - a1 cb 48 08 b2 ff e3 22
INFO - a1 cb 88 10 47 a8 19 ad
INFO - a1 cb c8 18 00 01 86 a0
INFO - a1 cd 08 08 b2 ff e2 53
INFO - a1 cd 48 10 47 a8 19 cf
INFO - a1 cd 88 18 00 01 86 a0
INFO - a1 cf c8 08 b2 ff e1 89
INFO - a1 cf 08 10 47 a8 19 ea
INFO - a1 cf 48 18 00 01 86 a0
INFO - a1 d1 88 08 b2 ff e0 b9
INFO - a1 d1 c8 10 47 a8 1a 0b
INFO - a1 d1 08 18 00 01 86 a0
INFO - a1 d3 48 08 b2 ff df f0
INFO - a1 d3 88 10 47 a8 1a 2d
INFO - a1 d3 c8 18 00 01 86 a0
INFO - a1 d5 08 08 b2 ff df 20
INFO - a1 d5 48 10 47 a8 1a 47
INFO - a1 d5 88 18 00 01 86 a0
INFO - a1 d7 c8 08 b2 ff de 57
INFO - a1 d7 08 10 47 a8 1a 69
INFO - a1 d7 48 18 00 01 86 a0
INFO - a1 d9 88 08 b2 ff dd 87
INFO - a1 d9 c8 10 47 a8 1a 8a
INFO - a1 d9 08 18 00 01 86 a0
INFO - a1 db 48 08 b2 ff dc be
INFO - a1 db 88 10 47 a8 1a a5
INFO - a1 db c8 18 00 01 86 a0
INFO - a1 dd 08 08 b2 ff db ee
INFO - a1 dd 48 10 47 a8 1a c7
INFO - a1 dd 88 18 00 01 86 a0
INFO - a1 df c8 08 b2 ff db 25
INFO - a1 df 08 10 47 a8 1a e2
INFO - a1 df 48 18 00 01 86 a0
INFO - a1 e1 88 08 b2 ff da 55
INFO - a1 e1 c8 10 47 a8 1b 03
INFO - a1 e1 08 18 00 01 86 a0
INFO - a1 e3 48 08 b2 ff d9 85
INFO - a1 e3 88 10 47 a8 1b 25
INFO - a1 e3 c8 18 00 01 86 a0
INFO - a1 e5 08 08 b2 ff d8 bc
INFO - a1 e5 48 10 47 a8 1b 3f
INFO - a1 e5 88 18 00 01 86 a0
INFO - a1 e7 c8 08 b2 ff d7 f3
INFO - a1 e7 08 10 47 a8 1b 61
INFO - a1 e7 48 18 00 01 86 a0
INFO - a1 e9 88 08 b2 ff d7 23
INFO - a1 e9 c8 10 47 a8 1b 83
INFO - a1 e9 08 18 00 01 86 a0
INFO - a1 eb 48 08 b2 ff d6 5a
INFO - a1 eb 88 10 47 a8 1b 9d
INFO - a1 eb c8 18 00 01 86 a0
INFO - a1 ed 08 08 b2 ff d5 8a
INFO - a1 ed 48 10 47 a8 1b bf
INFO - a1 ed 88 18 00 01 86 a0
INFO - a1 ef c8 08 b2 ff d4 c1
INFO - a1 ef 08 10 47 a8 1b da
INFO - a1 ef 48 18 00 01 86 a0
INFO - a1 f1 88 08 b2 ff d3 f1
INFO - a1 f1 c8 10 47 a8 1b fb
INFO - a1 f1 08 18 00 01 86 a0
INFO - a1 f3 48 08 b2 ff d3 21
INFO - a1 f3 88 10 47 a8 1c 1d
INFO - a1 f3 c8 18 00 01 86 a0
INFO - a1 f5 08 08 b2 ff d2 58
INFO - a1 f5 48 10 47 a8 1c 38
INFO - a1 f5 88 18 00 01 86 a0
INFO - a1 f7 c8 08 b2 ff d1 88
INFO - a1 f7 08 10 47 a8 1c 59
INFO - a1 f7 48 18 00 01 86 a0
INFO - a1 f9 88 08 b2 ff d0 b8
INFO - a1 f9 c8 10 47 a8 1c 74
INFO - a1 f9 08 18 00 01 86 a0
INFO - a1 fb 48 08 b2 ff cf ef
INFO - a1 fb 88 10 47 a8 1c 95
INFO - a1 fb c8 18 00 01 86 a0
INFO - a1 fd 08 08 b2 ff cf 1f
INFO - a1 fd 48 10 47 a8 1c b7
INFO - a1 fd 88 18 00 01 86 a0
INFO - a1 ff c8 08 b2 ff ce 56
INFO - a1 ff 08 10 47 a8 1c d2
INFO - a1 ff 48 18 00 01 86 a0
INFO - a2 01 88 08 b2 ff cd 86
INFO - a2 01 c8 10 47 a8 1c f3
INFO - a2 01 08 18 00 01 86 a0
INFO - a2 03 48 08 b2 ff cc bd
INFO - a2 03 88 10 47 a8 1d 15
INFO - a2 03 c8 18 00 01 86 a0
INFO - a2 05 08 08 b2 ff cb ed
INFO - a2 05 48 10 47 a8 1d 30
INFO - a2 05 88 18 00 01 86 a0
INFO - a2 07 c8 08 b2 ff cb 24
INFO - a2 07 08 10 47 a8 1d 51
INFO - a2 07 48 18 00 01 86 a0
INFO - a2 09 88 08 b2 ff ca 54
INFO - a2 09 c8 10 47 a8 1d 73
INFO - a2 09 08 18 00 01 86 a0
INFO - a2 0b 48 08 b2 ff c9 8b
INFO - a2 0b 88 10 47 a8 1d 8e
INFO - a2 0b c8 18 00 01 86 a0
INFO - a2 0d 08 08 b2 ff c8 bb
INFO - a2 0d 48 10 47 a8 1d af
INFO - a2 0d 88 18 00 01 86 a0
INFO - a2 0f c8 08 b2 ff c7 f2
INFO - a2 0f 08 10 47 a8 1d d1
INFO - a2 0f 48 18 00 01 86 a0
INFO - a2 11 88 08 b2 ff c7 22
INFO - a2 11 c8 10 47 a8 1d eb
INFO - a2 11 08 18 00 01 86 a0
INFO - a2 13 48 08 b2 ff c6 59
INFO - a2 13 88 10 47 a8 1e 0d
INFO - a2 13 c8 18 00 01 86 a0
INFO - a2 15 08 08 b2 ff c5 89
INFO - a2 15 48 10 47 a8 1e 28
INFO - a2 15 88 18 00 01 86 a0
INFO - a2 17 c8 08 b2 ff c4 c0
INFO - a2 17 08 10 47 a8 1e 49
INFO - a2 17 48 18 00 01 86 a0
INFO - a2 19 88 08 b2 ff c3 f0
INFO - a2 19 c8 10 47 a8 1e 6b
INFO - a2 19 08 18 00 01 86 a0
INFO - a2 1b 48 08 b2 ff c3 27
INFO - a2 1b 88 10 47 a8 1e 86
INFO - a2 1b c8 18 00 01 86 a0
INFO - a2 1d 08 08 b2 ff c2 57
INFO - a2 1d 48 10 47 a8 1e a7
INFO - a2 1d 88 18 00 01 86 a0
INFO - a2 1f c8 08 b2 ff c1 8e
INFO - a2 1f 08 10 47 a8 1e c2
INFO - a2 1f 48 18 00 01 86 a0
INFO - a2 21 88 08 b2 ff c0 be
INFO - a2 21 c8 10 47 a8 1e e4
INFO - a2 21 08 18 00 01 86 a0
INFO - a2 23 48 08 b2 ff bf ee
INFO - a2 23 88 10 47 a8 1f 05
INFO - a2 23 c8 18 00 01 86 a0
INFO - a2 25 08 08 b2 ff bf 25
INFO - a2 25 48 10 47 a8 1f 20
INFO - a2 25 88 18 00 01 86 a0
INFO - a2 27 c8 08 b2 ff be 55
INFO - a2 27 08 10 47 a8 1f 41
INFO - a2 27 48 18 00 01 86 a0
INFO - a2 29 88 08 b2 ff bd 8c
INFO - a2 29 c8 10 47 a8 1f 5c
INFO - a2 29 08 18 00 01 86 a0
INFO - a2 2b 48 08 b2 ff bc bc
INFO - a2 2b 88 10 47 a8 1f 7e
INFO - a2 2b c8 18 00 01 86 a0
INFO - a2 2d 08 08 b2 ff bb f3
INFO - a2 2d 48 10 47 a8 1f 9f
INFO - a2 2d 88 18 00 01 86 a0
INFO - a2 2f c8 08 b2 ff bb 23
INFO - a2 2f 08 10 47 a8 1f ba
INFO - a2 2f 48 18 00 01 86 a0
INFO - a2 31 88 08 b2 ff ba 5a
INFO - a2 31 c8 10 47 a8 1f dc
INFO - a2 31 08 18 00 01 86 a0
INFO - a2 33 48 08 b2 ff b9 8a
INFO - a2 33 88 10 47 a8 1f fd
INFO - a2 33 c8 18 00 01 86 a0
INFO - a2 35 08 08 b2 ff b8 c1
INFO - a2 35 48 10 47 a8 20 18
INFO - a2 35 88 18 00 01 86 a0
INFO - a2 37 c8 08 b2 ff b7 f1
INFO - a2 37 08 10 47 a8 20 3a
INFO - a2 37 48 18 00 01 86 a0
INFO - a2 39 88 08 b2 ff b7 28
INFO - a2 39 c8 10 47 a8 20 5b
INFO - a2 39 08 18 00 01 86 a0
INFO - a2 3b 48 08 b2 ff b6 58
INFO - a2 3b 88 10 47 a8 20 76
INFO - a2 3b c8 18 00 01 86 a0
INFO - a2 3d 08 08 b2 ff b5 8f
INFO - a2 3d 48 10 47 a8 20 97
INFO - a2 3d 88 18 00 01 86 a0
INFO - a2 3f c8 08 b2 ff b4 bf
INFO - a2 3f 08 10 47 a8 20 b2
INFO - a2 3f 48 18 00 01 86 a0
INFO - a2 41 88 08 b2 ff b3 ef
INFO - a2 41 c8 10 47 a8 20 d4
INFO - a2 41 08 18 00 01 86 a0
INFO - a2 43 48 08 b2 ff b3 26
INFO - a2 43 88 10 47 a8 20 f5
INFO - a2 43 c8 18 00 01 86 a0
INFO - a2 45 08 08 b2 ff b2 56
INFO - a2 45 48 10 47 a8 21 10
INFO - a2 45 88 18 00 01 86 a0
INFO - a2 47 c8 08 b2 ff b1 8d
INFO - a2 47 08 10 47 a8 21 32
INFO - a2 47 48 18 00 01 86 a0
INFO - a2 49 88 08 b2 ff b0 bd
INFO - a2 49 c8 10 47 a8 21 53
INFO - a2 49 08 18 00 01 86 a0
INFO - a2 4b 48 08 b2 ff af ed
INFO - a2 4b 88 10 47 a8 21 6e
INFO - a2 4b c8 18 00 01 86 a0
INFO - a2 4d 08 08 b2 ff af 24
INFO - a2 4d 48 10 47 a8 21 90
INFO - a2 4d 88 18 00 01 86 a0
INFO - a2 4f c8 08 b2 ff ae 54
INFO - a2 4f 08 10 47 a8 21 aa
INFO - a2 4f 48 18 00 01 86 a0
INFO - a2 51 88 08 b2 ff ad 8b
INFO - a2 51 c8 10 47 a8 21 cc
INFO - a2 51 08 18 00 01 86 a0
INFO - a2 53 48 08 b2 ff ac bb
INFO - a2 53 88 10 47 a8 21 ed
INFO - a2 53 c8 18 00 01 86 a0
INFO - a2 55 08 08 b2 ff ab f2
INFO - a2 55 48 10 47 a8 22 08
INFO - a2 55 88 18 00 01 86 a0
INFO - a2 57 c8 08 b2 ff ab 22
INFO - a2 57 08 10 47 a8 22 2a
INFO - a2 57 48 18 00 01 86 a0
INFO - a2 59 88 08 b2 ff aa 59
INFO - a2 59 c8 10 47 a8 22 4b
INFO - a2 59 08 18 00 01 86 a0
INFO - a2 5b 48 08 b2 ff a9 89
INFO - a2 5b 88 10 47 a8 22 66
INFO - a2 5b c8 18 00 01 86 a0
INFO - a2 5d 08 08 b2 ff a8 c0
INFO - a2 5d 48 10 47 a8 22 88
INFO - a2 5d 88 18 00 01 86 a0
INFO - a2 5f c8 08 b2 ff a7 f0
INFO - a2 5f 08 10 47 a8 22 a2
INFO - a2 5f 48 18 00 01 86 a0
INFO - a2 61 88 08 b2 ff a7 27
INFO - a2 61 c8 10 47 a8 22 c4
INFO - a2 61 08 18 00 01 86 a0
INFO - a2 63 48 08 b2 ff a6 57
INFO - a2 63 88 10 47 a8 22 e5
INFO - a2 63 c8 18 00 01 86 a0
INFO - a2 65 08 08 b2 ff a5 8e
INFO - a2 65 48 10 47 a8 23 00
INFO - a2 65 88 18 00 01 86 a0
INFO - a2 67 c8 08 b2 ff a4 be
INFO - a2 67 08 10 47 a8 23 22
INFO - a2 67 48 18 00 01 86 a0
INFO - a2 69 88 08 b2 ff a3 f5
INFO - a2 69 c8 10 47 a8 23 43
INFO - a2 69 08 18 00 01 86 a0
INFO - a2 6b 48 08 b2 ff a3 25
INFO - a2 6b 88 10 47 a8 23 5e
INFO - a2 6b c8 18 00 01 86 a0
INFO - a2 6d 08 08 b2 ff a2 5c
INFO - a2 6d 48 10 47 a8 23 80
INFO - a2 6d 88 18 00 01 86 a0
INFO - a2 6f c8 08 b2 ff a1 8c
INFO - a2 6f 08 10 47 a8 23 9b
INFO - a2 6f 48 18 00 01 86 a0
INFO - a2 71 88 08 b2 ff a0 c3
INFO - a2 71 c8 10 47 a8 23 bc
INFO - a2 71 08 18 00 01 86 a0
INFO - a2 73 48 08 b2 ff 9f f9
INFO - a2 73 88 10 47 a8 23 de
INFO - a2 73 c8 18 00 01 86 a0
INFO - a2 75 08 08 b2 ff 9f 2a
INFO - a2 75 48 10 47 a8 23 f8
INFO - a2 75 88 18 00 01 86 a0
INFO - a2 77 c8 08 b2 ff 9e 5a
INFO - a2 77 08 10 47 a8 24 1a
INFO - a2 77 48 18 00 01 86 a0
INFO - a2 79 88 08 b2 ff 9d 91
INFO - a2 79 c8 10 47 a8 24 35
INFO - a2 79 08 18 00 01 86 a0
INFO - a2 7b 48 08 b2 ff 9c c1
INFO - a2 7b 88 10 47 a8 24 56
INFO - a2 7b c8 18 00 01 86 a0
INFO - a2 7d 08 08 b2 ff 9b f7
INFO - a2 7d 48 10 47 a8 24 78
INFO - a2 7d 88 18 00 01 86 a0
INFO - a2 7f c8 08 b2 ff 9b 28
INFO - a2 7f 08 10 47 a8 24 93
INFO - a2 7f 48 18 00 01 86 a0
INFO - a2 81 88 08 b2 ff 9a 5e
INFO - a2 81 c8 10 47 a8 24 b4
INFO - a2 81 08 18 00 01 86 a0
INFO - a2 83 48 08 b2 ff 99 8f
INFO - a2 83 88 10 47 a8 24 d6
INFO - a2 83 c8 18 00 01 86 a0
INFO - a2 85 08 08 b2 ff 98 bf
INFO - a2 85 48 10 47 a8 24 f1
INFO - a2 85 88 18 00 01 86 a0
INFO - a2 87 c8 08 b2 ff 97 f6
INFO - a2 87 08 10 47 a8 25 12
INFO - a2 87 48 18 00 01 86 a0
INFO - a2 89 88 08 b2 ff 97 26
INFO - a2 89 c8 10 47 a8 25 2d
INFO - a2 89 08 18 00 01 86 a0
INFO - a2 8b 48 08 b2 ff 96 5d
INFO - a2 8b 88 10 47 a8 25 4e
INFO - a2 8b c8 18 00 01 86 a0
INFO - a2 8d 08 08 b2 ff 95 8d
INFO - a2 8d 48 10 47 a8 25 69
INFO - a2 8d 88 18 00 01 86 a0
INFO - a2 8f c8 08 b2 ff 94 c3
INFO - a2 8f 08 10 47 a8 25 8b
INFO - a2 8f 48 18 00 01 86 a0
INFO - a2 91 88 08 b2 ff 93 f4
INFO - a2 91 c8 10 47 a8 25 ac
INFO - a2 91 08 18 00 01 86 a0
INFO - a2 93 48 08 b2 ff 93 2a
INFO - a2 93 88 10 47 a8 25 c7
INFO - a2 93 c8 18 00 01 86 a0
INFO - a2 95 08 08 b2 ff 92 5b
INFO - a2 95 48 10 47 a8 25 e9
INFO - a2 95 88 18 00 01 86 a0
INFO - a2 97 c8 08 b2 ff 91 91
INFO - a2 97 08 10 47 a8 26 0a
INFO - a2 97 48 18 00 01 86 a0
INFO - a2 99 88 08 b2 ff 90 c2
INFO - a2 99 c8 10 47 a8 26 25
INFO - a2 99 08 18 00 01 86 a0
INFO - a2 9b 48 08 b2 ff 8f f8
INFO - a2 9b 88 10 47 a8 26 47
INFO - a2 9b c8 18 00 01 86 a0
INFO - a2 9d 08 08 b2 ff 8f 28
INFO - a2 9d 48 10 47 a8 26 61
INFO - a2 9d 88 18 00 01 86 a0
INFO - a2 9f c8 08 b2 ff 8e 5f
INFO - a2 9f 08 10 47 a8 26 83
INFO - a2 9f 48 18 00 01 86 a0
INFO - a2 a1 88 08 b2 ff 8d 8f
INFO - a2 a1 c8 10 47 a8 26 a4
INFO - a2 a1 08 18 00 01 86 a0
INFO - a2 a3 48 08 b2 ff 8c c6
INFO - a2 a3 88 10 47 a8 26 bf
INFO - a2 a3 c8 18 00 01 86 a0
INFO - a2 a5 08 08 b2 ff 8b f6
INFO - a2 a5 48 10 47 a8 26 e1
INFO - a2 a5 88 18 00 01 86 a0
INFO - a2 a7 c8 08 b2 ff 8b 2d
INFO - a2 a7 08 10 47 a8 26 fc
INFO - a2 a7 48 18 00 01 86 a0
INFO - a2 a9 88 08 b2 ff 8a 5d
INFO - a2 a9 c8 10 47 a8 27 1d
INFO - a2 a9 08 18 00 01 86 a0
INFO - a2 ab 48 08 b2 ff 89 94
INFO - a2 ab 88 10 47 a8 27 3f
INFO - a2 ab c8 18 00 01 86 a0
INFO - a2 ad 08 08 b2 ff 88 c4
INFO - a2 ad 48 10 47 a8 27 59
INFO - a2 ad 88 18 00 01 86 a0
INFO - a2 af c8 08 b2 ff 87 fb
INFO - a2 af 08 10 47 a8 27 7b
INFO - a2 af 48 18 00 01 86 a0
INFO - a2 b1 88 08 b2 ff 87 2b
INFO - a2 b1 c8 10 47 a8 27 9c
INFO - a2 b1 08 18 00 01 86 a0
INFO - a2 b3 48 08 b2 ff 86 5b
INFO - a2 b3 88 10 47 a8 27 b7
INFO - a2 b3 c8 18 00 01 86 a0
INFO - a2 b5 08 08 b2 ff 85 92
INFO - a2 b5 48 10 47 a8 27 d9
INFO - a2 b5 88 18 00 01 86 a0
INFO - a2 b7 c8 08 b2 ff 84 c2
INFO - a2 b7 08 10 47 a8 27 f4
INFO - a2 b7 48 18 00 01 86 a0
INFO - a2 b9 88 08 b2 ff 83 f9
INFO - a2 b9 c8 10 47 a8 28 15
INFO - a2 b9 08 18 00 01 86 a0
INFO - a2 bb 48 08 b2 ff 83 29
INFO - a2 bb 88 10 47 a8 28 37
INFO - a2 bb c8 18 00 01 86 a0
INFO - a2 bd 08 08 b2 ff 82 60
INFO - a2 bd 48 10 47 a8 28 52
INFO - a2 bd 88 18 00 01 86 a0
INFO - a2 bf c8 08 b2 ff 81 90
INFO - a2 bf 08 10 47 a8 28 73
INFO - a2 bf 48 18 00 01 86 a0
INFO - a2 c1 88 08 b2 ff 80 c0
INFO - a2 c1 c8 10 47 a8 28 95
INFO - a2 c1 08 18 00 01 86 a0
INFO - a2 c3 48 08 b2 ff 7f f7
INFO - a2 c3 88 10 47 a8 28 af
INFO - a2 c3 c8 18 00 01 86 a0
INFO - a2 c5 08 08 b2 ff 7f 2e
INFO - a2 c5 48 10 47 a8 28 d1
INFO - a2 c5 88 18 00 01 86 a0
INFO - a2 c7 c8 08 b2 ff 7e 5e
INFO - a2 c7 08 10 47 a8 28 ec
INFO - a2 c7 48 18 00 01 86 a0
INFO - a2 c9 88 08 b2 ff 7d 95
INFO - a2 c9 c8 10 47 a8 29 0d
INFO - a2 c9 08 18 00 01 86 a0
INFO - a2 cb 48 08 b2 ff 7c c5
INFO - a2 cb 88 10 47 a8 29 2f
INFO - a2 cb c8 18 00 01 86 a0
INFO - a2 cd 08 08 b2 ff 7b fc
INFO - a2 cd 48 10 47 a8 29 4a
INFO - a2 cd 88 18 00 01 86 a0
INFO - a2 cf c8 08 b2 ff 7b 2c
INFO - a2 cf 08 10 47 a8 29 6b
INFO - a2 cf 48 18 00 01 86 a0
INFO - a2 d1 88 08 b2 ff 7a 63
INFO - a2 d1 c8 10 47 a8 29 86
INFO - a2 d1 08 18 00 01 86 a0
INFO - a2 d3 48 08 b2 ff 79 93
INFO - a2 d3 88 10 47 a8 29 a8
INFO - a2 d3 c8 18 00 01 86 a0
INFO - a2 d5 08 08 b2 ff 78 ca
INFO - a2 d5 48 10 47 a8 29 c9
INFO - a2 d5 88 18 00 01 86 a0
INFO - a2 d7 c8 08 b2 ff 77 fa
INFO - a2 d7 08 10 47 a8 29 e4
INFO - a2 d7 48 18 00 01 86 a0
INFO - a2 d9 88 08 b2 ff 77 2a
INFO - a2 d9 c8 10 47 a8 2a 05
INFO - a2 d9 08 18 00 01 86 a0
INFO - a2 db 48 08 b2 ff 76 61
INFO - a2 db 88 10 47 a8 2a 27
INFO - a2 db c8 18 00 01 86 a0
INFO - a2 dd 08 08 b2 ff 75 91
INFO - a2 dd 48 10 47 a8 2a 42
INFO - a2 dd 88 18 00 01 86 a0
INFO - a2 df c8 08 b2 ff 74 c8
INFO - a2 df 08 10 47 a8 2a 63
INFO - a2 df 48 18 00 01 86 a0
INFO - a2 e1 88 08 b2 ff 73 f8
INFO - a2 e1 c8 10 47 a8 2a 85
INFO - a2 e1 08 18 00 01 86 a0
INFO - a2 e3 48 08 b2 ff 73 2f
INFO - a2 e3 88 10 47 a8 2a a0
INFO - a2 e3 c8 18 00 01 86 a0
INFO - a2 e5 08 08 b2 ff 72 5f
INFO - a2 e5 48 10 47 a8 2a c1
INFO - a2 e5 88 18 00 01 86 a0
INFO - a2 e7 c8 08 b2 ff 71 96
INFO - a2 e7 08 10 47 a8 2a e3
INFO - a2 e7 48 18 00 01 86 a0
INFO - a2 e9 88 08 b2 ff 70 c6
INFO - a2 e9 c8 10 47 a8 2a fe
INFO - a2 e9 08 18 00 01 86 a0
INFO - a2 eb 48 08 b2 ff 6f fd
INFO - a2 eb 88 10 47 a8 2b 1f
INFO - a2 eb c8 18 00 01 86 a0
INFO - a2 ed 08 08 b2 ff 6f 2d
INFO - a2 ed 48 10 47 a8 2b 3a
INFO - a2 ed 88 18 00 01 86 a0
INFO - a2 ef c8 08 b2 ff 6e 64
INFO - a2 ef 08 10 47 a8 2b 5b
INFO - a2 ef 48 18 00 01 86 a0
INFO - a2 f1 88 08 b2 ff 6d 94
INFO - a2 f1 c8 10 47 a8 2b 7d
INFO - a2 f1 08 18 00 01 86 a0
INFO - a2 f3 48 08 b2 ff 6c cb
INFO - a2 f3 88 10 47 a8 2b 98
INFO - a2 f3 c8 18 00 01 86 a0
INFO - a2 f5 08 08 b2 ff 6b fb
INFO - a2 f5 48 10 47 a8 2b b9
INFO - a2 f5 88 18 00 01 86 a0
INFO - a2 f7 c8 08 b2 ff 6b 32
INFO - a2 f7 08 10 47 a8 2b db
INFO - a2 f7 48 18 00 01 86 a0
INFO - a2 f9 88 08 b2 ff 6a 62
INFO - a2 f9 c8 10 47 a8 2b f6
INFO - a2 f9 08 18 00 01 86 a0
INFO - a2 fb 48 08 b2 ff 69 99
INFO - a2 fb 88 10 47 a8 2c 17
INFO - a2 fb c8 18 00 01 86 a0
INFO - a2 fd 08 08 b2 ff 68 c9
INFO - a2 fd 48 10 47 a8 2c 39
INFO - a2 fd 88 18 00 01 86 a0
INFO - a2 ff c8 08 b2 ff 68 00
INFO - a2 ff 08 10 47 a8 2c 53
INFO - a2 ff 48 18 00 01 86 a0
INFO - a3 01 88 08 b2 ff 67 30
INFO - a3 01 c8 10 47 a8 2c 75
INFO - a3 01 08 18 00 01 86 a0
INFO - a3 03 48 08 b2 ff 66 67
INFO - a3 03 88 10 47 a8 2c 90
INFO - a3 03 c8 18 00 01 86 a0
INFO - a3 05 08 08 b2 ff 65 97
INFO - a3 05 48 10 47 a8 2c b1
INFO - a3 05 88 18 00 01 86 a0
INFO - a3 07 c8 08 b2 ff 64 ce
INFO - a3 07 08 10 47 a8 2c d3
INFO - a3 07 48 18 00 01 86 a0
INFO - a3 09 88 08 b2 ff 63 fe
INFO - a3 09 c8 10 47 a8 2c ee
INFO - a3 09 08 18 00 01 86 a0
INFO - a3 0b 48 08 b2 ff 63 2e
INFO - a3 0b 88 10 47 a8 2d 0f
INFO - a3 0b c8 18 00 01 86 a0
INFO - a3 0d 08 08 b2 ff 62 65
INFO - a3 0d 48 10 47 a8 2d 31
INFO - a3 0d 88 18 00 01 86 a0
INFO - a3 0f c8 08 b2 ff 61 95
INFO - a3 0f 08 10 47 a8 2d 4c
INFO - a3 0f 48 18 00 01 86 a0
INFO - a3 11 88 08 b2 ff 60 cc
INFO - a3 11 c8 10 47 a8 2d 6d
INFO - a3 11 08 18 00 01 86 a0
INFO - a3 13 48 08 b2 ff 5f fc
INFO - a3 13 88 10 47 a8 2d 88
INFO - a3 13 c8 18 00 01 86 a0
INFO - a3 15 08 08 b2 ff 5f 33
INFO - a3 15 48 10 47 a8 2d a9
INFO - a3 15 88 18 00 01 86 a0
INFO - a3 17 c8 08 b2 ff 5e 63
INFO - a3 17 08 10 47 a8 2d cb
INFO - a3 17 48 18 00 01 86 a0
INFO - a3 19 88 08 b2 ff 5d 9a
INFO - a3 19 c8 10 47 a8 2d e6
INFO - a3 19 08 18 00 01 86 a0
INFO - a3 1b 48 08 b2 ff 5c ca
INFO - a3 1b 88 10 47 a8 2e 07
INFO - a3 1b c8 18 00 01 86 a0
INFO - a3 1d 08 08 b2 ff 5c 01
INFO - a3 1d 48 10 47 a8 2e 22
INFO - a3 1d 88 18 00 01 86 a0
INFO - a3 1f c8 08 b2 ff 5b 31
INFO - a3 1f 08 10 47 a8 2e 44
INFO - a3 1f 48 18 00 01 86 a0
INFO - a3 21 88 08 b2 ff 5a 68
INFO - a3 21 c8 10 47 a8 2e 65
INFO - a3 21 08 18 00 01 86 a0
INFO - a3 23 48 08 b2 ff 59 98
INFO - a3 23 88 10 47 a8 2e 80
INFO - a3 23 c8 18 00 01 86 a0
INFO - a3 25 08 08 b2 ff 58 cf
INFO - a3 25 48 10 47 a8 2e a2
INFO - a3 25 88 18 00 01 86 a0
INFO - a3 27 c8 08 b2 ff 58 05
INFO - a3 27 08 10 47 a8 2e c3
INFO - a3 27 48 18 00 01 86 a0
INFO - a3 29 88 08 b2 ff 57 35
INFO - a3 29 c8 10 47 a8 2e e5
INFO - a3 29 08 18 00 01 86 a0
INFO - a3 2b 48 08 b2 ff 56 6c
INFO - a3 2b 88 10 47 a8 2f 06
INFO - a3 2b c8 18 00 01 86 a0
INFO - a3 2d 08 08 b2 ff 55 9c
INFO - a3 2d 48 10 47 a8 2f 28
INFO - a3 2d 88 18 00 01 86 a0
INFO - a3 2f c8 08 b2 ff 54 d3
INFO - a3 2f 08 10 47 a8 2f 43
INFO - a3 2f 48 18 00 01 86 a0
INFO - a3 31 88 08 b2 ff 54 03
INFO - a3 31 c8 10 47 a8 2f 64
INFO - a3 31 08 18 00 01 86 a0
INFO - a3 33 48 08 b2 ff 53 3a
INFO - a3 33 88 10 47 a8 2f 86
INFO - a3 33 c8 18 00 01 86 a0
INFO - a3 35 08 08 b2 ff 52 6a
INFO - a3 35 48 10 47 a8 2f a7
INFO - a3 35 88 18 00 01 86 a0
INFO - a3 37 c8 08 b2 ff 51 a1
INFO - a3 37 08 10 47 a8 2f c9
INFO - a3 37 48 18 00 01 86 a0
INFO - a3 39 88 08 b2 ff 50 d1
INFO - a3 39 c8 10 47 a8 2f ea
INFO - a3 39 08 18 00 01 86 a0
INFO - a3 3b 48 08 b2 ff 50 08
INFO - a3 3b 88 10 47 a8 30 05
INFO - a3 3b c8 18 00 01 86 a0
INFO - a3 3d 08 08 b2 ff 4f 38
INFO - a3 3d 48 10 47 a8 30 26
INFO - a3 3d 88 18 00 01 86 a0
INFO - a3 3f c8 08 b2 ff 4e 83
INFO - a3 3f 08 10 47 a8 30 48
INFO - a3 3f 48 18 00 01 86 a0
INFO - a3 3f 88 08 b2 ff 4e 83
INFO - a3 3f c8 10 47 a8 30 48
INFO - a3 3f 08 18 00 01 86 a0
INFO - a3 41 48 08 b2 ff 4d b3
INFO - a3 41 88 10 47 a8 30 63
INFO - a3 41 c8 18 00 01 86 a0
INFO - a3 43 08 08 b2 ff 4c ea
INFO - a3 43 48 10 47 a8 30 7e
INFO - a3 43 88 18 00 01 86 a0
INFO - a3 45 c8 08 b2 ff 4c 1a
INFO - a3 45 08 10 47 a8 30 9f
INFO - a3 45 48 18 00 01 86 a0
INFO - a3 47 88 08 b2 ff 4b 4a
INFO - a3 47 c8 10 47 a8 30 ba
INFO - a3 47 08 18 00 01 86 a0
INFO - a3 49 48 08 b2 ff 4a 81
INFO - a3 49 88 10 47 a8 30 dc
INFO - a3 49 c8 18 00 01 86 a0
INFO - a3 4b 08 08 b2 ff 49 b1
INFO - a3 4b 48 10 47 a8 30 f6
INFO - a3 4b 88 18 00 01 86 a0
INFO - a3 4d c8 08 b2 ff 48 e8
INFO - a3 4d 08 10 47 a8 31 11
INFO - a3 4d 48 18 00 01 86 a0
INFO - a3 4f 88 08 b2 ff 48 18
INFO - a3 4f c8 10 47 a8 31 33
INFO - a3 4f 08 18 00 01 86 a0
INFO - a3 51 48 08 b2 ff 47 49
INFO - a3 51 88 10 47 a8 31 4e
INFO - a3 51 c8 18 00 01 86 a0
INFO - a3 53 08 08 b2 ff 46 7f
INFO - a3 53 48 10 47 a8 31 6f
INFO - a3 53 88 18 00 01 86 a0
INFO - a3 55 c8 08 b2 ff 45 af
INFO - a3 55 08 10 47 a8 31 8a
INFO - a3 55 48 18 00 01 86 a0
INFO - a3 57 88 08 b2 ff 44 e6
INFO - a3 57 c8 10 47 a8 31 a5
INFO - a3 57 08 18 00 01 86 a0
INFO - a3 59 48 08 b2 ff 44 16
INFO - a3 59 88 10 47 a8 31 c6
INFO - a3 59 c8 18 00 01 86 a0
INFO - a3 5b 08 08 b2 ff 43 47
INFO - a3 5b 48 10 47 a8 31 e1
INFO - a3 5b 88 18 00 01 86 a0
INFO - a3 5d c8 08 b2 ff 42 7d
INFO - a3 5d 08 10 47 a8 32 03
INFO - a3 5d 48 18 00 01 86 a0
INFO - a3 5f 88 08 b2 ff 41 ae
INFO - a3 5f c8 10 47 a8 32 24
INFO - a3 5f 08 18 00 01 86 a0
INFO - a3 61 48 08 b2 ff 40 e4
INFO - a3 61 88 10 47 a8 32 3f
INFO - a3 61 c8 18 00 01 86 a0
INFO - a3 63 08 08 b2 ff 40 15
INFO - a3 63 48 10 47 a8 32 60
INFO - a3 63 88 18 00 01 86 a0
INFO - a3 65 c8 08 b2 ff 3f 4b
INFO - a3 65 08 10 47 a8 32 7b
INFO - a3 65 48 18 00 01 86 a0
INFO - a3 67 88 08 b2 ff 3e 7b
INFO - a3 67 c8 10 47 a8 32 9d
INFO - a3 67 08 18 00 01 86 a0
INFO - a3 69 48 08 b2 ff 3d b2
INFO - a3 69 88 10 47 a8 32 be
INFO - a3 69 c8 18 00 01 86 a0
INFO - a3 6b 08 08 b2 ff 3c e2
INFO - a3 6b 48 10 47 a8 32 d9
INFO - a3 6b 88 18 00 01 86 a0
INFO - a3 6d c8 08 b2 ff 3c 19
INFO - a3 6d 08 10 47 a8 32 fb
INFO - a3 6d 48 18 00 01 86 a0
INFO - a3 6f 88 08 b2 ff 3b 49
INFO - a3 6f c8 10 47 a8 33 1c
INFO - a3 6f 08 18 00 01 86 a0
INFO - a3 71 48 08 b2 ff 3a 80
INFO - a3 71 88 10 47 a8 33 37
INFO - a3 71 c8 18 00 01 86 a0
INFO - a3 73 08 08 b2 ff 39 b0
INFO - a3 73 48 10 47 a8 33 59
INFO - a3 73 88 18 00 01 86 a0
INFO - a3 75 c8 08 b2 ff 38 e0
INFO - a3 75 08 10 47 a8 33 7a
INFO - a3 75 48 18 00 01 86 a0
INFO - a3 77 88 08 b2 ff 38 17
INFO - a3 77 c8 10 47 a8 33 95
INFO - a3 77 08 18 00 01 86 a0
INFO - a3 79 48 08 b2 ff 37 4e
INFO - a3 79 88 10 47 a8 33 b6
INFO - a3 79 c8 18 00 01 86 a0
INFO - a3 7b 08 08 b2 ff 36 7e
INFO - a3 7b 48 10 47 a8 33 d1
INFO - a3 7b 88 18 00 01 86 a0
INFO - a3 7d c8 08 b2 ff 35 b5
INFO - a3 7d 08 10 47 a8 33 f3
INFO - a3 7d 48 18 00 01 86 a0
INFO - a3 7f 88 08 b2 ff 34 e5
INFO - a3 7f c8 10 47 a8 34 14
INFO - a3 7f 08 18 00 01 86 a0
INFO - a3 81 48 08 b2 ff 34 1c
INFO - a3 81 88 10 47 a8 34 2f
INFO - a3 81 c8 18 00 01 86 a0
INFO - a3 83 08 08 b2 ff 33 4c
INFO - a3 83 48 10 47 a8 34 51
INFO - a3 83 88 18 00 01 86 a0
INFO - a3 85 c8 08 b2 ff 32 83
INFO - a3 85 08 10 47 a8 34 72
INFO - a3 85 48 18 00 01 86 a0
INFO - a3 87 88 08 b2 ff 31 b3
INFO - a3 87 c8 10 47 a8 34 8d
INFO - a3 87 08 18 00 01 86 a0
INFO - a3 89 48 08 b2 ff 30 e3
INFO - a3 89 88 10 47 a8 34 af
INFO - a3 89 c8 18 00 01 86 a0
INFO - a3 8b 08 08 b2 ff 30 1a
INFO - a3 8b 48 10 47 a8 34 d0
INFO - a3 8b 88 18 00 01 86 a0
INFO - a3 8d c8 08 b2 ff 2f 4a
INFO - a3 8d 08 10 47 a8 34 eb
INFO - a3 8d 48 18 00 01 86 a0
INFO - a3 8f 88 08 b2 ff 2e 81
INFO - a3 8f c8 10 47 a8 35 0c
INFO - a3 8f 08 18 00 01 86 a0
INFO - a3 91 48 08 b2 ff 2d b8
INFO - a3 91 88 10 47 a8 35 27
INFO - a3 91 c8 18 00 01 86 a0
INFO - a3 93 08 08 b2 ff 2c e8
INFO - a3 93 48 10 47 a8 35 49
INFO - a3 93 88 18 00 01 86 a0
INFO - a3 95 c8 08 b2 ff 2c 18
INFO - a3 95 08 10 47 a8 35 6a
INFO - a3 95 48 18 00 01 86 a0
INFO - a3 97 88 08 b2 ff 2b 4f
INFO - a3 97 c8 10 47 a8 35 85
INFO - a3 97 08 18 00 01 86 a0
INFO - a3 99 48 08 b2 ff 2a 7f
INFO - a3 99 88 10 47 a8 35 a7
INFO - a3 99 c8 18 00 01 86 a0
INFO - a3 9b 08 08 b2 ff 29 b6
INFO - a3 9b 48 10 47 a8 35 c8
INFO - a3 9b 88 18 00 01 86 a0
INFO - a3 9d c8 08 b2 ff 28 e6
INFO - a3 9d 08 10 47 a8 35 e3
INFO - a3 9d 48 18 00 01 86 a0
INFO - a3 9f 88 08 b2 ff 28 1d
INFO - a3 9f c8 10 47 a8 36 05
INFO - a3 9f 08 18 00 01 86 a0
INFO - a3 a1 48 08 b2 ff 27 4d
INFO - a3 a1 88 10 47 a8 36 1f
INFO - a3 a1 c8 18 00 01 86 a0
INFO - a3 a3 08 08 b2 ff 26 84
INFO - a3 a3 48 10 47 a8 36 41
INFO - a3 a3 88 18 00 01 86 a0
INFO - a3 a5 c8 08 b2 ff 25 b4
INFO - a3 a5 08 10 47 a8 36 62
INFO - a3 a5 48 18 00 01 86 a0
INFO - a3 a7 88 08 b2 ff 24 eb
INFO - a3 a7 c8 10 47 a8 36 7d
INFO - a3 a7 08 18 00 01 86 a0
INFO - a3 a9 48 08 b2 ff 24 1b
INFO - a3 a9 88 10 47 a8 36 9f
INFO - a3 a9 c8 18 00 01 86 a0
INFO - a3 ab 08 08 b2 ff 23 4b
INFO - a3 ab 48 10 47 a8 36 c0
INFO - a3 ab 88 18 00 01 86 a0
INFO - a3 ad c8 08 b2 ff 22 82
INFO - a3 ad 08 10 47 a8 36 db
INFO - a3 ad 48 18 00 01 86 a0
INFO - a3 af 88 08 b2 ff 21 b2
INFO - a3 af c8 10 47 a8 36 fd
INFO - a3 af 08 18 00 01 86 a0
INFO - a3 b1 48 08 b2 ff 20 e9
INFO - a3 b1 88 10 47 a8 37 17
INFO - a3 b1 c8 18 00 01 86 a0
INFO - a3 b3 08 08 b2 ff 20 20
INFO - a3 b3 48 10 47 a8 37 39
INFO - a3 b3 88 18 00 01 86 a0
INFO - a3 b5 c8 08 b2 ff 1f 50
INFO - a3 b5 08 10 47 a8 37 5b
INFO - a3 b5 48 18 00 01 86 a0
INFO - a3 b7 88 08 b2 ff 1e 87
INFO - a3 b7 c8 10 47 a8 37 75
INFO - a3 b7 08 18 00 01 86 a0
INFO - a3 b9 48 08 b2 ff 1d b7
INFO - a3 b9 88 10 47 a8 37 97
INFO - a3 b9 c8 18 00 01 86 a0
INFO - a3 bb 08 08 b2 ff 1c ee
INFO - a3 bb 48 10 47 a8 37 b2
INFO - a3 bb 88 18 00 01 86 a0
INFO - a3 bd c8 08 b2 ff 1c 1e
INFO - a3 bd 08 10 47 a8 37 d3
INFO - a3 bd 48 18 00 01 86 a0
INFO - a3 bf 88 08 b2 ff 1b 55
INFO - a3 bf c8 10 47 a8 37 f5
INFO - a3 bf 08 18 00 01 86 a0
INFO - a3 c1 48 08 b2 ff 1a 85
INFO - a3 c1 88 10 47 a8 38 10
INFO - a3 c1 c8 18 00 01 86 a0
INFO - a3 c3 08 08 b2 ff 19 bc
INFO - a3 c3 48 10 47 a8 38 31
INFO - a3 c3 88 18 00 01 86 a0
INFO - a3 c5 c8 08 b2 ff 18 ec
INFO - a3 c5 08 10 47 a8 38 53
INFO - a3 c5 48 18 00 01 86 a0
INFO - a3 c7 88 08 b2 ff 18 23
INFO - a3 c7 c8 10 47 a8 38 6d
INFO - a3 c7 08 18 00 01 86 a0
INFO - a3 c9 48 08 b2 ff 17 53
INFO - a3 c9 88 10 47 a8 38 8f
INFO - a3 c9 c8 18 00 01 86 a0
INFO - a3 cb 08 08 b2 ff 16 8a
INFO - a3 cb 48 10 47 a8 38 aa
INFO - a3 cb 88 18 00 01 86 a0
INFO - a3 cd c8 08 b2 ff 15 ba
INFO - a3 cd 08 10 47 a8 38 cb
INFO - a3 cd 48 18 00 01 86 a0
INFO - a3 cf 88 08 b2 ff 14 f1
INFO - a3 cf c8 10 47 a8 38 ed
INFO - a3 cf 08 18 00 01 86 a0
INFO - a3 d1 48 08 b2 ff 14 21
INFO - a3 d1 88 10 47 a8 39 08
INFO - a3 d1 c8 18 00 01 86 a0
INFO - a3 d3 08 08 b2 ff 13 57
INFO - a3 d3 48 10 47 a8 39 29
INFO - a3 d3 88 18 00 01 86 a0
INFO - a3 d5 c8 08 b2 ff 12 88
INFO - a3 d5 08 10 47 a8 39 4b
INFO - a3 d5 48 18 00 01 86 a0
INFO - a3 d7 88 08 b2 ff 11 b8
INFO - a3 d7 c8 10 47 a8 39 66
INFO - a3 d7 08 18 00 01 86 a0
INFO - a3 d9 48 08 b2 ff 10 ef
INFO - a3 d9 88 10 47 a8 39 87
INFO - a3 d9 c8 18 00 01 86 a0
INFO - a3 db 08 08 b2 ff 10 1f
INFO - a3 db 48 10 47 a8 39 a2
INFO - a3 db 88 18 00 01 86 a0
INFO - a3 dd c8 08 b2 ff 0f 56
INFO - a3 dd 08 10 47 a8 39 c3
INFO - a3 dd 48 18 00 01 86 a0
INFO - a3 df 88 08 b2 ff 0e 86
INFO - a3 df c8 10 47 a8 39 e5
INFO - a3 df 08 18 00 01 86 a0
INFO - a3 e1 48 08 b2 ff 0d bc
INFO - a3 e1 88 10 47 a8 3a 00
INFO - a3 e1 c8 18 00 01 86 a0
INFO - a3 e3 08 08 b2 ff 0c f3
INFO - a3 e3 48 10 47 a8 3a 21
INFO - a3 e3 88 18 00 01 86 a0
INFO - a3 e5 c8 08 b2 ff 0c 23
INFO - a3 e5 08 10 47 a8 3a 43
INFO - a3 e5 48 18 00 01 86 a0
INFO - a3 e7 88 08 b2 ff 0b 5a
INFO - a3 e7 c8 10 47 a8 3a 5e
INFO - a3 e7 08 18 00 01 86 a0
INFO - a3 e9 48 08 b2 ff 0a 8a
INFO - a3 e9 88 10 47 a8 3a 7f
INFO - a3 e9 c8 18 00 01 86 a0
INFO - a3 eb 08 08 b2 ff 09 c1
INFO - a3 eb 48 10 47 a8 3a 9a
INFO - a3 eb 88 18 00 01 86 a0
INFO - a3 ed c8 08 b2 ff 08 f1
INFO - a3 ed 08 10 47 a8 3a bc
INFO - a3 ed 48 18 00 01 86 a0
INFO - a3 ef 88 08 b2 ff 08 28
INFO - a3 ef c8 10 47 a8 3a dd
INFO - a3 ef 08 18 00 01 86 a0
INFO - a3 f1 48 08 b2 ff 07 58
INFO - a3 f1 88 10 47 a8 3a f8
INFO - a3 f1 c8 18 00 01 86 a0
INFO - a3 f3 08 08 b2 ff 06 8f
INFO - a3 f3 48 10 47 a8 3b 19
INFO - a3 f3 88 18 00 01 86 a0
INFO - a3 f5 c8 08 b2 ff 05 bf
INFO - a3 f5 08 10 47 a8 3b 3b
INFO - a3 f5 48 18 00 01 86 a0
INFO - a3 f7 88 08 b2 ff 04 f6
INFO - a3 f7 c8 10 47 a8 3b 56
INFO - a3 f7 08 18 00 01 86 a0
INFO - a3 f9 48 08 b2 ff 04 26
INFO - a3 f9 88 10 47 a8 3b 77
INFO - a3 f9 c8 18 00 01 86 a0
INFO - a3 fb 08 08 b2 ff 03 5d
INFO - a3 fb 48 10 47 a8 3b 99
INFO - a3 fb 88 18 00 01 86 a0
INFO - a3 fd c8 08 b2 ff 02 8d
INFO - a3 fd 08 10 47 a8 3b b4
INFO - a3 fd 48 18 00 01 86 a0
INFO - a3 ff 88 08 b2 ff 01 c4
INFO - a3 ff c8 10 47 a8 3b d5
INFO - a3 ff 08 18 00 01 86 a0
INFO - a4 01 48 08 b2 ff 00 f4
INFO - a4 01 88 10 47 a8 3b f0
INFO - a4 01 c8 18 00 01 86 a0
INFO - a4 03 08 08 b2 ff 00 2b
INFO - a4 03 48 10 47 a8 3c 12
INFO - a4 03 88 18 00 01 86 a0
INFO - a4 05 c8 08 b2 fe ff 5b
INFO - a4 05 08 10 47 a8 3c 33
INFO - a4 05 48 18 00 01 86 a0
INFO - a4 07 88 08 b2 fe fe 8b
INFO - a4 07 c8 10 47 a8 3c 4e
INFO - a4 07 08 18 00 01 86 a0
INFO - a4 09 48 08 b2 fe fd c2
INFO - a4 09 88 10 47 a8 3c 6f
INFO - a4 09 c8 18 00 01 86 a0
INFO - a4 0b 08 08 b2 fe fc f2
INFO - a4 0b 48 10 47 a8 3c 91
INFO - a4 0b 88 18 00 01 86 a0
INFO - a4 0d c8 08 b2 fe fc 22
INFO - a4 0d 08 10 47 a8 3c ac
INFO - a4 0d 48 18 00 01 86 a0
INFO - a4 0f 88 08 b2 fe fb 59
INFO - a4 0f c8 10 47 a8 3c cd
INFO - a4 0f 08 18 00 01 86 a0
INFO - a4 11 48 08 b2 fe fa 89
INFO - a4 11 88 10 47 a8 3c ef
INFO - a4 11 c8 18 00 01 86 a0
INFO - a4 13 08 08 b2 fe f9 b9
INFO - a4 13 48 10 47 a8 3d 0a
INFO - a4 13 88 18 00 01 86 a0
INFO - a4 15 c8 08 b2 fe f8 f0
INFO - a4 15 08 10 47 a8 3d 2b
INFO - a4 15 48 18 00 01 86 a0
INFO - a4 17 88 08 b2 fe f8 20
INFO - a4 17 c8 10 47 a8 3d 46
INFO - a4 17 08 18 00 01 86 a0
INFO - a4 19 48 08 b2 fe f7 57
INFO - a4 19 88 10 47 a8 3d 67
INFO - a4 19 c8 18 00 01 86 a0
INFO - a4 1b 08 08 b2 fe f6 87
INFO - a4 1b 48 10 47 a8 3d 89
INFO - a4 1b 88 18 00 01 86 a0
INFO - a4 1d c8 08 b2 fe f5 be
INFO - a4 1d 08 10 47 a8 3d a4
INFO - a4 1d 48 18 00 01 86 a0
INFO - a4 1f 88 08 b2 fe f4 ee
INFO - a4 1f c8 10 47 a8 3d c5
INFO - a4 1f 08 18 00 01 86 a0
INFO - a4 21 48 08 b2 fe f4 25
INFO - a4 21 88 10 47 a8 3d e7
INFO - a4 21 c8 18 00 01 86 a0
INFO - a4 23 08 08 b2 fe f3 55
INFO - a4 23 48 10 47 a8 3e 02
INFO - a4 23 88 18 00 01 86 a0
INFO - a4 25 c8 08 b2 fe f2 85
INFO - a4 25 08 10 47 a8 3e 23
INFO - a4 25 48 18 00 01 86 a0
INFO - a4 27 88 08 b2 fe f1 bc
INFO - a4 27 c8 10 47 a8 3e 3e
INFO - a4 27 08 18 00 01 86 a0
INFO - a4 29 48 08 b2 fe f0 ec
INFO - a4 29 88 10 47 a8 3e 60
INFO - a4 29 c8 18 00 01 86 a0
INFO - a4 2b 08 08 b2 fe f0 23
INFO - a4 2b 48 10 47 a8 3e 81
INFO - a4 2b 88 18 00 01 86 a0
INFO - a4 2d c8 08 b2 fe ef 53
INFO - a4 2d 08 10 47 a8 3e 9c
INFO - a4 2d 48 18 00 01 86 a0
INFO - a4 2f 88 08 b2 fe ee 8a
INFO - a4 2f c8 10 47 a8 3e bd
INFO - a4 2f 08 18 00 01 86 a0
INFO - a4 31 48 08 b2 fe ed ba
INFO - a4 31 88 10 47 a8 3e d8
INFO - a4 31 c8 18 00 01 86 a0
INFO - a4 33 08 08 b2 fe ec f1
INFO - a4 33 48 10 47 a8 3e fa
INFO - a4 33 88 18 00 01 86 a0
INFO - a4 35 c8 08 b2 fe ec 21
INFO - a4 35 08 10 47 a8 3f 1b
INFO - a4 35 48 18 00 01 86 a0
INFO - a4 37 88 08 b2 fe eb 58
INFO - a4 37 c8 10 47 a8 3f 36
INFO - a4 37 08 18 00 01 86 a0
INFO - a4 39 48 08 b2 fe ea 8f
INFO - a4 39 88 10 47 a8 3f 58
INFO - a4 39 c8 18 00 01 86 a0
INFO - a4 3b 08 08 b2 fe e9 bf
INFO - a4 3b 48 10 47 a8 3f 73
INFO - a4 3b 88 18 00 01 86 a0
INFO - a4 3d c8 08 b2 fe e8 f6
INFO - a4 3d 08 10 47 a8 3f 94
INFO - a4 3d 48 18 00 01 86 a0
INFO - a4 3f 88 08 b2 fe e8 26
INFO - a4 3f c8 10 47 a8 3f b6
INFO - a4 3f 08 18 00 01 86 a0
INFO - a4 41 48 08 b2 fe e7 5d
INFO - a4 41 88 10 47 a8 3f d0
INFO - a4 41 c8 18 00 01 86 a0
INFO - a4 43 08 08 b2 fe e6 8d
INFO - a4 43 48 10 47 a8 3f f2
INFO - a4 43 88 18 00 01 86 a0
INFO - a4 45 c8 08 b2 fe e5 c4
INFO - a4 45 08 10 47 a8 40 13
INFO - a4 45 48 18 00 01 86 a0
INFO - a4 47 88 08 b2 fe e4 f4
INFO - a4 47 c8 10 47 a8 40 2e
INFO - a4 47 08 18 00 01 86 a0
INFO - a4 49 48 08 b2 fe e4 2b
INFO - a4 49 88 10 47 a8 40 50
INFO - a4 49 c8 18 00 01 86 a0
INFO - a4 4b 08 08 b2 fe e3 5b
INFO - a4 4b 48 10 47 a8 40 6b
INFO - a4 4b 88 18 00 01 86 a0
INFO - a4 4d c8 08 b2 fe e2 92
INFO - a4 4d 08 10 47 a8 40 8c
INFO - a4 4d 48 18 00 01 86 a0
INFO - a4 4f 88 08 b2 fe e1 c2
INFO - a4 4f c8 10 47 a8 40 ae
INFO - a4 4f 08 18 00 01 86 a0
INFO - a4 51 48 08 b2 fe e0 f9
INFO - a4 51 88 10 47 a8 40 c8
INFO - a4 51 c8 18 00 01 86 a0
INFO - a4 53 08 08 b2 fe e0 29
INFO - a4 53 48 10 47 a8 40 ea
INFO - a4 53 88 18 00 01 86 a0
INFO - a4 55 c8 08 b2 fe df 60
INFO - a4 55 08 10 47 a8 41 0c
INFO - a4 55 48 18 00 01 86 a0
INFO - a4 57 88 08 b2 fe de 90
INFO - a4 57 c8 10 47 a8 41 26
INFO - a4 57 08 18 00 01 86 a0
INFO - a4 59 48 08 b2 fe dd c7
INFO - a4 59 88 10 47 a8 41 48
INFO - a4 59 c8 18 00 01 86 a0
INFO - a4 5b 08 08 b2 fe dc f7
INFO - a4 5b 48 10 47 a8 41 63
INFO - a4 5b 88 18 00 01 86 a0
INFO - a4 5d c8 08 b2 fe dc 2e
INFO - a4 5d 08 10 47 a8 41 84
INFO - a4 5d 48 18 00 01 86 a0
INFO - a4 5f 88 08 b2 fe db 5e
INFO - a4 5f c8 10 47 a8 41 a6
INFO - a4 5f 08 18 00 01 86 a0
INFO - a4 61 48 08 b2 fe da 95
INFO - a4 61 88 10 47 a8 41 c1
INFO - a4 61 c8 18 00 01 86 a0
INFO - a4 63 08 08 b2 fe d9 c5
INFO - a4 63 48 10 47 a8 41 e2
INFO - a4 63 88 18 00 01 86 a0
INFO - a4 65 c8 08 b2 fe d8 f5
INFO - a4 65 08 10 47 a8 42 04
INFO - a4 65 48 18 00 01 86 a0
INFO - a4 67 88 08 b2 fe d8 2c
INFO - a4 67 c8 10 47 a8 42 1e
INFO - a4 67 08 18 00 01 86 a0
INFO - a4 69 48 08 b2 fe d7 5c
INFO - a4 69 88 10 47 a8 42 40
INFO - a4 69 c8 18 00 01 86 a0
INFO - a4 6b 08 08 b2 fe d6 93
INFO - a4 6b 48 10 47 a8 42 62
INFO - a4 6b 88 18 00 01 86 a0
INFO - a4 6d c8 08 b2 fe d5 c3
INFO - a4 6d 08 10 47 a8 42 7c
INFO - a4 6d 48 18 00 01 86 a0
INFO - a4 6f 88 08 b2 fe d4 fa
INFO - a4 6f c8 10 47 a8 42 9e
INFO - a4 6f 08 18 00 01 86 a0
INFO - a4 71 48 08 b2 fe d4 30
INFO - a4 71 88 10 47 a8 42 b9
INFO - a4 71 c8 18 00 01 86 a0
INFO - a4 73 08 08 b2 fe d3 61
INFO - a4 73 48 10 47 a8 42 da
INFO - a4 73 88 18 00 01 86 a0
INFO - a4 75 c8 08 b2 fe d2 97
INFO - a4 75 08 10 47 a8 42 f5
INFO - a4 75 48 18 00 01 86 a0
INFO - a4 77 88 08 b2 fe d1 c8
INFO - a4 77 c8 10 47 a8 43 17
INFO - a4 77 08 18 00 01 86 a0
INFO - a4 79 48 08 b2 fe d0 fe
INFO - a4 79 88 10 47 a8 43 38
INFO - a4 79 c8 18 00 01 86 a0
INFO - a4 7b 08 08 b2 fe d0 2f
INFO - a4 7b 48 10 47 a8 43 53
INFO - a4 7b 88 18 00 01 86 a0
INFO - a4 7d c8 08 b2 fe cf 65
INFO - a4 7d 08 10 47 a8 43 74
INFO - a4 7d 48 18 00 01 86 a0
INFO - a4 7f 88 08 b2 fe ce 95
INFO - a4 7f c8 10 47 a8 43 96
INFO - a4 7f 08 18 00 01 86 a0
INFO - a4 81 48 08 b2 fe cd cc
INFO - a4 81 88 10 47 a8 43 b1
INFO - a4 81 c8 18 00 01 86 a0
INFO - a4 83 08 08 b2 fe cc fc
INFO - a4 83 48 10 47 a8 43 d2
INFO - a4 83 88 18 00 01 86 a0
INFO - a4 85 c8 08 b2 fe cc 33
INFO - a4 85 08 10 47 a8 43 f4
INFO - a4 85 48 18 00 01 86 a0
INFO - a4 87 88 08 b2 fe cb 63
INFO - a4 87 c8 10 47 a8 44 0f
INFO - a4 87 08 18 00 01 86 a0
INFO - a4 89 48 08 b2 fe ca 9a
INFO - a4 89 88 10 47 a8 44 30
INFO - a4 89 c8 18 00 01 86 a0
INFO - a4 8b 08 08 b2 fe c9 ca
INFO - a4 8b 48 10 47 a8 44 4b
INFO - a4 8b 88 18 00 01 86 a0
INFO - a4 8d c8 08 b2 fe c9 01
INFO - a4 8d 08 10 47 a8 44 6d
INFO - a4 8d 48 18 00 01 86 a0
INFO - a4 8f 88 08 b2 fe c8 31
INFO - a4 8f c8 10 47 a8 44 8e
INFO - a4 8f 08 18 00 01 86 a0
INFO - a4 91 48 08 b2 fe c7 68
INFO - a4 91 88 10 47 a8 44 a9
INFO - a4 91 c8 18 00 01 86 a0
INFO - a4 93 08 08 b2 fe c6 98
INFO - a4 93 48 10 47 a8 44 ca
INFO - a4 93 88 18 00 01 86 a0
INFO - a4 95 c8 08 b2 fe c5 c8
INFO - a4 95 08 10 47 a8 44 ec
INFO - a4 95 48 18 00 01 86 a0
INFO - a4 97 88 08 b2 fe c4 ff
INFO - a4 97 c8 10 47 a8 45 07
INFO - a4 97 08 18 00 01 86 a0
INFO - a4 99 48 08 b2 fe c4 2f
INFO - a4 99 88 10 47 a8 45 28
INFO - a4 99 c8 18 00 01 86 a0
INFO - a4 9b 08 08 b2 fe c3 66
INFO - a4 9b 48 10 47 a8 45 4a
INFO - a4 9b 88 18 00 01 86 a0
INFO - a4 9d c8 08 b2 fe c2 96
INFO - a4 9d 08 10 47 a8 45 6b
INFO - a4 9d 48 18 00 01 86 a0
INFO - a4 9f 88 08 b2 fe c1 cd
INFO - a4 9f c8 10 47 a8 45 86
INFO - a4 9f 08 18 00 01 86 a0
INFO - a4 a1 48 08 b2 fe c0 fd
INFO - a4 a1 88 10 47 a8 45 a8
INFO - a4 a1 c8 18 00 01 86 a0
INFO - a4 a3 08 08 b2 fe c0 34
INFO - a4 a3 48 10 47 a8 45 c3
INFO - a4 a3 88 18 00 01 86 a0
INFO - a4 a5 c8 08 b2 fe bf 64
INFO - a4 a5 08 10 47 a8 45 e4
INFO - a4 a5 48 18 00 01 86 a0
INFO - a4 a7 88 08 b2 fe be 94
INFO - a4 a7 c8 10 47 a8 45 ff
INFO - a4 a7 08 18 00 01 86 a0
INFO - a4 a9 48 08 b2 fe bd cb
INFO - a4 a9 88 10 47 a8 46 20
INFO - a4 a9 c8 18 00 01 86 a0
INFO - a4 ab 08 08 b2 fe bc fb
INFO - a4 ab 48 10 47 a8 46 42
INFO - a4 ab 88 18 00 01 86 a0
INFO - a4 ad c8 08 b2 fe bc 2b
INFO - a4 ad 08 10 47 a8 46 5d
INFO - a4 ad 48 18 00 01 86 a0
INFO - a4 af 88 08 b2 fe bb 62
INFO - a4 af c8 10 47 a8 46 7e
INFO - a4 af 08 18 00 01 86 a0
INFO - a4 b1 48 08 b2 fe ba 92
INFO - a4 b1 88 10 47 a8 46 a0
INFO - a4 b1 c8 18 00 01 86 a0
INFO - a4 b3 08 08 b2 fe b9 c3
INFO - a4 b3 48 10 47 a8 46 bb
INFO - a4 b3 88 18 00 01 86 a0
INFO - a4 b5 c8 08 b2 fe b8 f9
INFO - a4 b5 08 10 47 a8 46 dc
INFO - a4 b5 48 18 00 01 86 a0
INFO - a4 b7 88 08 b2 fe b8 2a
INFO - a4 b7 c8 10 47 a8 46 fe
INFO - a4 b7 08 18 00 01 86 a0
INFO - a4 b9 48 08 b2 fe b7 60
INFO - a4 b9 88 10 47 a8 47 19
INFO - a4 b9 c8 18 00 01 86 a0
INFO - a4 bb 08 08 b2 fe b6 91
INFO - a4 bb 48 10 47 a8 47 3a
INFO - a4 bb 88 18 00 01 86 a0
INFO - a4 bd c8 08 b2 fe b5 c7
INFO - a4 bd 08 10 47 a8 47 55
INFO - a4 bd 48 18 00 01 86 a0
INFO - a4 bf 88 08 b2 fe b4 fe
INFO - a4 bf c8 10 47 a8 47 76
INFO - a4 bf 08 18 00 01 86 a0
INFO - a4 c1 48 08 b2 fe b4 2e
INFO - a4 c1 88 10 47 a8 47 98
INFO - a4 c1 c8 18 00 01 86 a0
INFO - a4 c3 08 08 b2 fe b3 65
INFO - a4 c3 48 10 47 a8 47 b3
INFO - a4 c3 88 18 00 01 86 a0
INFO - a4 c5 c8 08 b2 fe b2 95
INFO - a4 c5 08 10 47 a8 47 d4
INFO - a4 c5 48 18 00 01 86 a0
INFO - a4 c7 88 08 b2 fe b1 cc
INFO - a4 c7 c8 10 47 a8 47 f6
INFO - a4 c7 08 18 00 01 86 a0
INFO - a4 c9 48 08 b2 fe b0 fc
INFO - a4 c9 88 10 47 a8 48 11
INFO - a4 c9 c8 18 00 01 86 a0
INFO - a4 cb 08 08 b2 fe b0 33
INFO - a4 cb 48 10 47 a8 48 32
INFO - a4 cb 88 18 00 01 86 a0
INFO - a4 cd c8 08 b2 fe af 6a
INFO - a4 cd 08 10 47 a8 48 4d
INFO - a4 cd 48 18 00 01 86 a0
INFO - a4 cf 88 08 b2 fe ae 9a
INFO - a4 cf c8 10 47 a8 48 6f
INFO - a4 cf 08 18 00 01 86 a0
INFO - a4 d1 48 08 b2 fe ad d1
INFO - a4 d1 88 10 47 a8 48 90
INFO - a4 d1 c8 18 00 01 86 a0
INFO - a4 d3 08 08 b2 fe ad 01
INFO - a4 d3 48 10 47 a8 48 ab
INFO - a4 d3 88 18 00 01 86 a0
INFO - a4 d5 c8 08 b2 fe ac 31
INFO - a4 d5 08 10 47 a8 48 cc
INFO - a4 d5 48 18 00 01 86 a0
INFO - a4 d7 88 08 b2 fe ab 68
INFO - a4 d7 c8 10 47 a8 48 ee
INFO - a4 d7 08 18 00 01 86 a0
INFO - a4 d9 48 08 b2 fe aa 98
INFO - a4 d9 88 10 47 a8 49 09
INFO - a4 d9 c8 18 00 01 86 a0
INFO - a4 db 08 08 b2 fe a9 cf
INFO - a4 db 48 10 47 a8 49 2a
INFO - a4 db 88 18 00 01 86 a0
INFO - a4 dd c8 08 b2 fe a8 ff
INFO - a4 dd 08 10 47 a8 49 4c
INFO - a4 dd 48 18 00 01 86 a0
INFO - a4 df 88 08 b2 fe a8 2f
INFO - a4 df c8 10 47 a8 49 67
INFO - a4 df 08 18 00 01 86 a0
INFO - a4 e1 48 08 b2 fe a7 66
INFO - a4 e1 88 10 47 a8 49 88
INFO - a4 e1 c8 18 00 01 86 a0
INFO - a4 e3 08 08 b2 fe a6 96
INFO - a4 e3 48 10 47 a8 49 aa
INFO - a4 e3 88 18 00 01 86 a0
INFO - a4 e5 c8 08 b2 fe a5 cd
INFO - a4 e5 08 10 47 a8 49 c4
INFO - a4 e5 48 18 00 01 86 a0
INFO - a4 e7 88 08 b2 fe a4 fd
INFO - a4 e7 c8 10 47 a8 49 e6
INFO - a4 e7 08 18 00 01 86 a0
INFO - a4 e9 48 08 b2 fe a4 2d
INFO - a4 e9 88 10 47 a8 4a 08
INFO - a4 e9 c8 18 00 01 86 a0
INFO - a4 eb 08 08 b2 fe a3 64
INFO - a4 eb 48 10 47 a8 4a 22
INFO - a4 eb 88 18 00 01 86 a0
INFO - a4 ed c8 08 b2 fe a2 9b
INFO - a4 ed 08 10 47 a8 4a 44
INFO - a4 ed 48 18 00 01 86 a0
INFO - a4 ef 88 08 b2 fe a1 cb
INFO - a4 ef c8 10 47 a8 4a 5f
INFO - a4 ef 08 18 00 01 86 a0
INFO - a4 f1 48 08 b2 fe a1 02
INFO - a4 f1 88 10 47 a8 4a 80
INFO - a4 f1 c8 18 00 01 86 a0
INFO - a4 f3 08 08 b2 fe a0 32
INFO - a4 f3 48 10 47 a8 4a a2
INFO - a4 f3 88 18 00 01 86 a0
INFO - a4 f5 c8 08 b2 fe 9f 69
INFO - a4 f5 08 10 47 a8 4a bd
INFO - a4 f5 48 18 00 01 86 a0
INFO - a4 f7 88 08 b2 fe 9e 99
INFO - a4 f7 c8 10 47 a8 4a de
INFO - a4 f7 08 18 00 01 86 a0
INFO - a4 f9 48 08 b2 fe 9d d0
INFO - a4 f9 88 10 47 a8 4a f9
INFO - a4 f9 c8 18 00 01 86 a0
INFO - a4 fb 08 08 b2 fe 9d 00
INFO - a4 fb 48 10 47 a8 4b 1a
INFO - a4 fb 88 18 00 01 86 a0
INFO - a4 fd c8 08 b2 fe 9c 37
INFO - a4 fd 08 10 47 a8 4b 3c
INFO - a4 fd 48 18 00 01 86 a0
INFO - a4 ff 88 08 b2 fe 9b 67
INFO - a4 ff c8 10 47 a8 4b 57
INFO - a4 ff 08 18 00 01 86 a0
INFO - a5 01 48 08 b2 fe 9a 9e
INFO - a5 01 88 10 47 a8 4b 78
INFO - a5 01 c8 18 00 01 86 a0
INFO - a5 03 08 08 b2 fe 99 ce
INFO - a5 03 48 10 47 a8 4b 9a
INFO - a5 03 88 18 00 01 86 a0
INFO - a5 05 c8 08 b2 fe 99 05
INFO - a5 05 08 10 47 a8 4b b5
INFO - a5 05 48 18 00 01 86 a0
INFO - a5 07 88 08 b2 fe 98 35
INFO - a5 07 c8 10 47 a8 4b d6
INFO - a5 07 08 18 00 01 86 a0
INFO - a5 09 48 08 b2 fe 97 6c
INFO - a5 09 88 10 47 a8 4b f1
INFO - a5 09 c8 18 00 01 86 a0
INFO - a5 0b 08 08 b2 fe 96 a2
INFO - a5 0b 48 10 47 a8 4c 13
INFO - a5 0b 88 18 00 01 86 a0
INFO - a5 0d c8 08 b2 fe 95 d3
INFO - a5 0d 08 10 47 a8 4c 34
INFO - a5 0d 48 18 00 01 86 a0
INFO - a5 0f 88 08 b2 fe 95 09
INFO - a5 0f c8 10 47 a8 4c 4f
INFO - a5 0f 08 18 00 01 86 a0
INFO - a5 11 48 08 b2 fe 94 3a
INFO - a5 11 88 10 47 a8 4c 70
INFO - a5 11 c8 18 00 01 86 a0
INFO - a5 13 08 08 b2 fe 93 70
INFO - a5 13 48 10 47 a8 4c 8b
INFO - a5 13 88 18 00 01 86 a0
INFO - a5 15 c8 08 b2 fe 92 a1
INFO - a5 15 08 10 47 a8 4c ad
INFO - a5 15 48 18 00 01 86 a0
INFO - a5 17 88 08 b2 fe 91 d1
INFO - a5 17 c8 10 47 a8 4c ce
INFO - a5 17 08 18 00 01 86 a0
INFO - a5 19 48 08 b2 fe 91 08
INFO - a5 19 88 10 47 a8 4c e9
INFO - a5 19 c8 18 00 01 86 a0
INFO - a5 1b 08 08 b2 fe 90 38
INFO - a5 1b 48 10 47 a8 4d 0b
INFO - a5 1b 88 18 00 01 86 a0
INFO - a5 1d c8 08 b2 fe 8f 6e
INFO - a5 1d 08 10 47 a8 4d 2c
INFO - a5 1d 48 18 00 01 86 a0
INFO - a5 1f 88 08 b2 fe 8e a5
INFO - a5 1f c8 10 47 a8 4d 47
INFO - a5 1f 08 18 00 01 86 a0
INFO - a5 21 48 08 b2 fe 8d d5
INFO - a5 21 88 10 47 a8 4d 69
INFO - a5 21 c8 18 00 01 86 a0
INFO - a5 23 08 08 b2 fe 8d 0c
INFO - a5 23 48 10 47 a8 4d 83
INFO - a5 23 88 18 00 01 86 a0
INFO - a5 25 c8 08 b2 fe 8c 3c
INFO - a5 25 08 10 47 a8 4d a5
INFO - a5 25 48 18 00 01 86 a0
INFO - a5 27 88 08 b2 fe 8b 73
INFO - a5 27 c8 10 47 a8 4d c6
INFO - a5 27 08 18 00 01 86 a0
INFO - a5 29 48 08 b2 fe 8a a3
INFO - a5 29 88 10 47 a8 4d e1
INFO - a5 29 c8 18 00 01 86 a0
INFO - a5 2b 08 08 b2 fe 89 d3
INFO - a5 2b 48 10 47 a8 4e 03
INFO - a5 2b 88 18 00 01 86 a0
INFO - a5 2d c8 08 b2 fe 89 0a
INFO - a5 2d 08 10 47 a8 4e 1e
INFO - a5 2d 48 18 00 01 86 a0
INFO - a5 2f 88 08 b2 fe 88 3a
INFO - a5 2f c8 10 47 a8 4e 3f
INFO - a5 2f 08 18 00 01 86 a0
INFO - a5 31 48 08 b2 fe 87 71
INFO - a5 31 88 10 47 a8 4e 5a
INFO - a5 31 c8 18 00 01 86 a0
INFO - a5 33 08 08 b2 fe 86 94
INFO - a5 33 48 10 47 a8 4e 7b
INFO - a5 33 88 18 00 01 86 a0
INFO - a5 33 c8 08 b2 fe 86 94
INFO - a5 33 08 10 47 a8 4e 7b
INFO - a5 33 48 18 00 01 86 a0
INFO - a5 35 88 08 b2 fe 85 c4
INFO - a5 35 c8 10 47 a8 4e 9d
INFO - a5 35 08 18 00 01 86 a0
INFO - a5 37 48 08 b2 fe 84 fb
INFO - a5 37 88 10 47 a8 4e bf
INFO - a5 37 c8 18 00 01 86 a0
INFO - a5 39 08 08 b2 fe 84 2b
INFO - a5 39 48 10 47 a8 4e d9
INFO - a5 39 88 18 00 01 86 a0
INFO - a5 3b c8 08 b2 fe 83 62
INFO - a5 3b 08 10 47 a8 4e fb
INFO - a5 3b 48 18 00 01 86 a0
INFO - a5 3d 88 08 b2 fe 82 99
INFO - a5 3d c8 10 47 a8 4f 16
INFO - a5 3d 08 18 00 01 86 a0
INFO - a5 3f 48 08 b2 fe 81 c9
INFO - a5 3f 88 10 47 a8 4f 37
INFO - a5 3f c8 18 00 01 86 a0
INFO - a5 41 08 08 b2 fe 81 00
INFO - a5 41 48 10 47 a8 4f 59
INFO - a5 41 88 18 00 01 86 a0
INFO - a5 43 c8 08 b2 fe 80 30
INFO - a5 43 08 10 47 a8 4f 74
INFO - a5 43 48 18 00 01 86 a0
INFO - a5 45 88 08 b2 fe 7f 67
INFO - a5 45 c8 10 47 a8 4f 95
INFO - a5 45 08 18 00 01 86 a0
INFO - a5 47 48 08 b2 fe 7e 97
INFO - a5 47 88 10 47 a8 4f b0
INFO - a5 47 c8 18 00 01 86 a0
INFO - a5 49 08 08 b2 fe 7d ce
INFO - a5 49 48 10 47 a8 4f d1
INFO - a5 49 88 18 00 01 86 a0
INFO - a5 4b c8 08 b2 fe 7c fe
INFO - a5 4b 08 10 47 a8 4f f3
INFO - a5 4b 48 18 00 01 86 a0
INFO - a5 4d 88 08 b2 fe 7c 2e
INFO - a5 4d c8 10 47 a8 50 0e
INFO - a5 4d 08 18 00 01 86 a0
INFO - a5 4f 48 08 b2 fe 7b 65
INFO - a5 4f 88 10 47 a8 50 2f
INFO - a5 4f c8 18 00 01 86 a0
INFO - a5 51 08 08 b2 fe 7a 95
INFO - a5 51 48 10 47 a8 50 4a
INFO - a5 51 88 18 00 01 86 a0
INFO - a5 53 c8 08 b2 fe 79 cc
INFO - a5 53 08 10 47 a8 50 6c
INFO - a5 53 48 18 00 01 86 a0
INFO - a5 55 88 08 b2 fe 78 fc
INFO - a5 55 c8 10 47 a8 50 8d
INFO - a5 55 08 18 00 01 86 a0
INFO - a5 57 48 08 b2 fe 78 33
INFO - a5 57 88 10 47 a8 50 a8
INFO - a5 57 c8 18 00 01 86 a0
INFO - a5 59 08 08 b2 fe 77 63
INFO - a5 59 48 10 47 a8 50 ca
INFO - a5 59 88 18 00 01 86 a0
INFO - a5 5b c8 08 b2 fe 76 9a
INFO - a5 5b 08 10 47 a8 50 eb
INFO - a5 5b 48 18 00 01 86 a0
INFO - a5 5d 88 08 b2 fe 75 ca
INFO - a5 5d c8 10 47 a8 51 06
INFO - a5 5d 08 18 00 01 86 a0
INFO - a5 5f 48 08 b2 fe 75 01
INFO - a5 5f 88 10 47 a8 51 27
INFO - a5 5f c8 18 00 01 86 a0
INFO - a5 61 08 08 b2 fe 74 31
INFO - a5 61 48 10 47 a8 51 42
INFO - a5 61 88 18 00 01 86 a0
INFO - a5 63 c8 08 b2 fe 73 68
INFO - a5 63 08 10 47 a8 51 64
INFO - a5 63 48 18 00 01 86 a0
INFO - a5 65 88 08 b2 fe 72 98
INFO - a5 65 c8 10 47 a8 51 85
INFO - a5 65 08 18 00 01 86 a0
INFO - a5 67 48 08 b2 fe 71 cf
INFO - a5 67 88 10 47 a8 51 a0
INFO - a5 67 c8 18 00 01 86 a0
INFO - a5 69 08 08 b2 fe 70 ff
INFO - a5 69 48 10 47 a8 51 c2
INFO - a5 69 88 18 00 01 86 a0
INFO - a5 6b c8 08 b2 fe 70 35
INFO - a5 6b 08 10 47 a8 51 dc
INFO - a5 6b 48 18 00 01 86 a0
INFO - a5 6d 88 08 b2 fe 6f 66
INFO - a5 6d c8 10 47 a8 51 fe
INFO - a5 6d 08 18 00 01 86 a0
INFO - a5 6f 48 08 b2 fe 6e 9c
INFO - a5 6f 88 10 47 a8 52 20
INFO - a5 6f c8 18 00 01 86 a0
INFO - a5 71 08 08 b2 fe 6d cd
INFO - a5 71 48 10 47 a8 52 3a
INFO - a5 71 88 18 00 01 86 a0
INFO - a5 73 c8 08 b2 fe 6d 03
INFO - a5 73 08 10 47 a8 52 5c
INFO - a5 73 48 18 00 01 86 a0
INFO - a5 75 88 08 b2 fe 6c 34
INFO - a5 75 c8 10 47 a8 52 7d
INFO - a5 75 08 18 00 01 86 a0
INFO - a5 77 48 08 b2 fe 6b 6a
INFO - a5 77 88 10 47 a8 52 98
INFO - a5 77 c8 18 00 01 86 a0
INFO - a5 79 08 08 b2 fe 6a 9b
INFO - a5 79 48 10 47 a8 52 ba
INFO - a5 79 88 18 00 01 86 a0
INFO - a5 7b c8 08 b2 fe 69 d1
INFO - a5 7b 08 10 47 a8 52 d5
INFO - a5 7b 48 18 00 01 86 a0
INFO - a5 7d 88 08 b2 fe 69 01
INFO - a5 7d c8 10 47 a8 52 f6
INFO - a5 7d 08 18 00 01 86 a0
INFO - a5 7f 48 08 b2 fe 68 38
INFO - a5 7f 88 10 47 a8 53 18
INFO - a5 7f c8 18 00 01 86 a0
INFO - a5 81 08 08 b2 fe 67 68
INFO - a5 81 48 10 47 a8 53 32
INFO - a5 81 88 18 00 01 86 a0
INFO - a5 83 c8 08 b2 fe 66 9f
INFO - a5 83 08 10 47 a8 53 54
INFO - a5 83 48 18 00 01 86 a0
INFO - a5 85 88 08 b2 fe 65 cf
INFO - a5 85 c8 10 47 a8 53 76
INFO - a5 85 08 18 00 01 86 a0
INFO - a5 87 48 08 b2 fe 65 06
INFO - a5 87 88 10 47 a8 53 90
INFO - a5 87 c8 18 00 01 86 a0
INFO - a5 89 08 08 b2 fe 64 36
INFO - a5 89 48 10 47 a8 53 b2
INFO - a5 89 88 18 00 01 86 a0
INFO - a5 8b c8 08 b2 fe 63 6d
INFO - a5 8b 08 10 47 a8 53 cd
INFO - a5 8b 48 18 00 01 86 a0
INFO - a5 8d 88 08 b2 fe 62 9d
INFO - a5 8d c8 10 47 a8 53 ee
INFO - a5 8d 08 18 00 01 86 a0
INFO - a5 8f 48 08 b2 fe 61 d4
INFO - a5 8f 88 10 47 a8 54 10
INFO - a5 8f c8 18 00 01 86 a0
INFO - a5 91 08 08 b2 fe 61 04
INFO - a5 91 48 10 47 a8 54 2b
INFO - a5 91 88 18 00 01 86 a0
INFO - a5 93 c8 08 b2 fe 60 3b
INFO - a5 93 08 10 47 a8 54 4c
INFO - a5 93 48 18 00 01 86 a0
INFO - a5 95 88 08 b2 fe 5f 6b
INFO - a5 95 c8 10 47 a8 54 6e
INFO - a5 95 08 18 00 01 86 a0
INFO - a5 97 48 08 b2 fe 5e 9b
INFO - a5 97 88 10 47 a8 54 88
INFO - a5 97 c8 18 00 01 86 a0
INFO - a5 99 08 08 b2 fe 5d d2
INFO - a5 99 48 10 47 a8 54 aa
INFO - a5 99 88 18 00 01 86 a0
INFO - a5 9b c8 08 b2 fe 5d 02
INFO - a5 9b 08 10 47 a8 54 cc
INFO - a5 9b 48 18 00 01 86 a0
INFO - a5 9d 88 08 b2 fe 5c 39
INFO - a5 9d c8 10 47 a8 54 e6
INFO - a5 9d 08 18 00 01 86 a0
INFO - a5 9f 48 08 b2 fe 5b 69
INFO - a5 9f 88 10 47 a8 55 08
INFO - a5 9f c8 18 00 01 86 a0
INFO - a5 a1 08 08 b2 fe 5a a0
INFO - a5 a1 48 10 47 a8 55 29
INFO - a5 a1 88 18 00 01 86 a0
INFO - a5 a3 c8 08 b2 fe 59 d0
INFO - a5 a3 08 10 47 a8 55 44
INFO - a5 a3 48 18 00 01 86 a0
INFO - a5 a5 88 08 b2 fe 59 07
INFO - a5 a5 c8 10 47 a8 55 66
INFO - a5 a5 08 18 00 01 86 a0
INFO - a5 a7 48 08 b2 fe 58 37
INFO - a5 a7 88 10 47 a8 55 87
INFO - a5 a7 c8 18 00 01 86 a0
INFO - a5 a9 08 08 b2 fe 57 6e
INFO - a5 a9 48 10 47 a8 55 a2
INFO - a5 a9 88 18 00 01 86 a0
INFO - a5 ab c8 08 b2 fe 56 9e
INFO - a5 ab 08 10 47 a8 55 c4
INFO - a5 ab 48 18 00 01 86 a0
INFO - a5 ad 88 08 b2 fe 55 d5
INFO - a5 ad c8 10 47 a8 55 e5
INFO - a5 ad 08 18 00 01 86 a0
INFO - a5 af 48 08 b2 fe 55 05
INFO - a5 af 88 10 47 a8 56 00
INFO - a5 af c8 18 00 01 86 a0
INFO - a5 b1 08 08 b2 fe 54 3c
INFO - a5 b1 48 10 47 a8 56 21
INFO - a5 b1 88 18 00 01 86 a0
INFO - a5 b3 c8 08 b2 fe 53 6c
INFO - a5 b3 08 10 47 a8 56 3c
INFO - a5 b3 48 18 00 01 86 a0
INFO - a5 b5 88 08 b2 fe 52 a3
INFO - a5 b5 c8 10 47 a8 56 5e
INFO - a5 b5 08 18 00 01 86 a0
INFO - a5 b7 48 08 b2 fe 51 d3
INFO - a5 b7 88 10 47 a8 56 7f
INFO - a5 b7 c8 18 00 01 86 a0
INFO - a5 b9 08 08 b2 fe 51 0a
INFO - a5 b9 48 10 47 a8 56 9a
INFO - a5 b9 88 18 00 01 86 a0
INFO - a5 bb c8 08 b2 fe 50 3a
INFO - a5 bb 08 10 47 a8 56 bc
INFO - a5 bb 48 18 00 01 86 a0
INFO - a5 bd 88 08 b2 fe 4f 71
INFO - a5 bd c8 10 47 a8 56 d7
INFO - a5 bd 08 18 00 01 86 a0
INFO - a5 bf 48 08 b2 fe 4e a1
INFO - a5 bf 88 10 47 a8 56 f8
INFO - a5 bf c8 18 00 01 86 a0
INFO - a5 c1 08 08 b2 fe 4d d1
INFO - a5 c1 48 10 47 a8 57 1a
INFO - a5 c1 88 18 00 01 86 a0
INFO - a5 c3 c8 08 b2 fe 4d 08
INFO - a5 c3 08 10 47 a8 57 34
INFO - a5 c3 48 18 00 01 86 a0
INFO - a5 c5 88 08 b2 fe 4c 38
INFO - a5 c5 c8 10 47 a8 57 56
INFO - a5 c5 08 18 00 01 86 a0
INFO - a5 c7 48 08 b2 fe 4b 6f
INFO - a5 c7 88 10 47 a8 57 71
INFO - a5 c7 c8 18 00 01 86 a0
INFO - a5 c9 08 08 b2 fe 4a 9f
INFO - a5 c9 48 10 47 a8 57 92
INFO - a5 c9 88 18 00 01 86 a0
INFO - a5 cb c8 08 b2 fe 49 d6
INFO - a5 cb 08 10 47 a8 57 b4
INFO - a5 cb 48 18 00 01 86 a0
INFO - a5 cd 88 08 b2 fe 49 06
INFO - a5 cd c8 10 47 a8 57 cf
INFO - a5 cd 08 18 00 01 86 a0
INFO - a5 cf 48 08 b2 fe 48 3d
INFO - a5 cf 88 10 47 a8 57 f0
INFO - a5 cf c8 18 00 01 86 a0
INFO - a5 d1 08 08 b2 fe 47 6d
INFO - a5 d1 48 10 47 a8 58 12
INFO - a5 d1 88 18 00 01 86 a0
INFO - a5 d3 c8 08 b2 fe 46 a4
INFO - a5 d3 08 10 47 a8 58 2d
INFO - a5 d3 48 18 00 01 86 a0
INFO - a5 d5 88 08 b2 fe 45 d4
INFO - a5 d5 c8 10 47 a8 58 4e
INFO - a5 d5 08 18 00 01 86 a0
INFO - a5 d7 48 08 b2 fe 45 0b
INFO - a5 d7 88 10 47 a8 58 70
INFO - a5 d7 c8 18 00 01 86 a0
INFO - a5 d9 08 08 b2 fe 44 3b
INFO - a5 d9 48 10 47 a8 58 8a
INFO - a5 d9 88 18 00 01 86 a0
INFO - a5 db c8 08 b2 fe 43 6b
INFO - a5 db 08 10 47 a8 58 ac
INFO - a5 db 48 18 00 01 86 a0
INFO - a5 dd 88 08 b2 fe 42 a2
INFO - a5 dd c8 10 47 a8 58 c7
INFO - a5 dd 08 18 00 01 86 a0
INFO - a5 df 48 08 b2 fe 41 d2
INFO - a5 df 88 10 47 a8 58 e8
INFO - a5 df c8 18 00 01 86 a0
INFO - a5 e1 08 08 b2 fe 41 09
INFO - a5 e1 48 10 47 a8 59 0a
INFO - a5 e1 88 18 00 01 86 a0
INFO - a5 e3 c8 08 b2 fe 40 39
INFO - a5 e3 08 10 47 a8 59 25
INFO - a5 e3 48 18 00 01 86 a0
INFO - a5 e5 88 08 b2 fe 3f 70
INFO - a5 e5 c8 10 47 a8 59 46
INFO - a5 e5 08 18 00 01 86 a0
INFO - a5 e7 48 08 b2 fe 3e a0
INFO - a5 e7 88 10 47 a8 59 68
INFO - a5 e7 c8 18 00 01 86 a0
INFO - a5 e9 08 08 b2 fe 3d d7
INFO - a5 e9 48 10 47 a8 59 83
INFO - a5 e9 88 18 00 01 86 a0
INFO - a5 eb c8 08 b2 fe 3d 07
INFO - a5 eb 08 10 47 a8 59 a4
INFO - a5 eb 48 18 00 01 86 a0
INFO - a5 ed 88 08 b2 fe 3c 3e
INFO - a5 ed c8 10 47 a8 59 bf
INFO - a5 ed 08 18 00 01 86 a0
INFO - a5 ef 48 08 b2 fe 3b 6e
INFO - a5 ef 88 10 47 a8 59 e0
INFO - a5 ef c8 18 00 01 86 a0
INFO - a5 f1 08 08 b2 fe 3a a5
INFO - a5 f1 48 10 47 a8 5a 02
INFO - a5 f1 88 18 00 01 86 a0
INFO - a5 f3 c8 08 b2 fe 39 d5
INFO - a5 f3 08 10 47 a8 5a 1d
INFO - a5 f3 48 18 00 01 86 a0
INFO - a5 f5 88 08 b2 fe 39 0c
INFO - a5 f5 c8 10 47 a8 5a 3e
INFO - a5 f5 08 18 00 01 86 a0
INFO - a5 f7 48 08 b2 fe 38 3c
INFO - a5 f7 88 10 47 a8 5a 60
INFO - a5 f7 c8 18 00 01 86 a0
INFO - a5 f9 08 08 b2 fe 37 73
INFO - a5 f9 48 10 47 a8 5a 7b
INFO - a5 f9 88 18 00 01 86 a0
INFO - a5 fb c8 08 b2 fe 36 a3
INFO - a5 fb 08 10 47 a8 5a 9c
INFO - a5 fb 48 18 00 01 86 a0
INFO - a5 fd 88 08 b2 fe 35 da
INFO - a5 fd c8 10 47 a8 5a b7
INFO - a5 fd 08 18 00 01 86 a0
INFO - a5 ff 48 08 b2 fe 35 0a
INFO - a5 ff 88 10 47 a8 5a d8
INFO - a5 ff c8 18 00 01 86 a0
INFO - a6 01 08 08 b2 fe 34 41
INFO - a6 01 48 10 47 a8 5a f3
INFO - a6 01 88 18 00 01 86 a0
INFO - a6 03 c8 08 b2 fe 33 71
INFO - a6 03 08 10 47 a8 5b 15
INFO - a6 03 48 18 00 01 86 a0
INFO - a6 05 88 08 b2 fe 32 a8
INFO - a6 05 c8 10 47 a8 5b 36
INFO - a6 05 08 18 00 01 86 a0
INFO - a6 07 48 08 b2 fe 31 d8
INFO - a6 07 88 10 47 a8 5b 51
INFO - a6 07 c8 18 00 01 86 a0
INFO - a6 0b 08 08 b2 fe 30 3f
INFO - a6 0b 48 10 47 a8 5b 94
INFO - a6 0b 88 18 00 01 86 a0
INFO - a6 0b c8 08 b2 fe 30 31
INFO - a6 0b 08 10 47 a8 5b 94
INFO - a6 0b 48 18 00 01 86 a0
INFO - a6 0b 88 08 b2 fe 30 2a
INFO - a6 0b c8 10 47 a8 5b 94
INFO - a6 0b 08 18 00 01 86 a0
INFO - a6 0d 48 08 b2 fe 2f 75
INFO - a6 0d 88 10 47 a8 5b af
INFO - a6 0d c8 18 00 01 86 a0
INFO - a6 0f 08 08 b2 fe 2e a6
INFO - a6 0f 48 10 47 a8 5b d1
INFO - a6 0f 88 18 00 01 86 a0
INFO - a6 11 c8 08 b2 fe 2d d6
INFO - a6 11 08 10 47 a8 5b eb
INFO - a6 11 48 18 00 01 86 a0
INFO - a6 13 88 08 b2 fe 2d 0d
INFO - a6 13 c8 10 47 a8 5c 0d
INFO - a6 13 08 18 00 01 86 a0
INFO - a6 15 48 08 b2 fe 2c 3d
INFO - a6 15 88 10 47 a8 5c 2e
INFO - a6 15 c8 18 00 01 86 a0
INFO - a6 17 08 08 b2 fe 2b 73
INFO - a6 17 48 10 47 a8 5c 49
INFO - a6 17 88 18 00 01 86 a0
INFO - a6 19 c8 08 b2 fe 2a a4
INFO - a6 19 08 10 47 a8 5c 6b
INFO - a6 19 48 18 00 01 86 a0
INFO - a6 1b 88 08 b2 fe 29 da
INFO - a6 1b c8 10 47 a8 5c 86
INFO - a6 1b 08 18 00 01 86 a0
INFO - a6 1d 48 08 b2 fe 29 0b
INFO - a6 1d 88 10 47 a8 5c a7
INFO - a6 1d c8 18 00 01 86 a0
INFO - a6 1f 08 08 b2 fe 28 41
INFO - a6 1f 48 10 47 a8 5c c9
INFO - a6 1f 88 18 00 01 86 a0
INFO - a6 21 c8 08 b2 fe 27 72
INFO - a6 21 08 10 47 a8 5c e4
INFO - a6 21 48 18 00 01 86 a0
INFO - a6 23 88 08 b2 fe 26 a8
INFO - a6 23 c8 10 47 a8 5d 05
INFO - a6 23 08 18 00 01 86 a0
INFO - a6 25 48 08 b2 fe 25 d9
INFO - a6 25 88 10 47 a8 5d 20
INFO - a6 25 c8 18 00 01 86 a0
INFO - a6 27 08 08 b2 fe 25 0f
INFO - a6 27 48 10 47 a8 5d 41
INFO - a6 27 88 18 00 01 86 a0
INFO - a6 29 c8 08 b2 fe 24 3f
INFO - a6 29 08 10 47 a8 5d 63
INFO - a6 29 48 18 00 01 86 a0
INFO - a6 2b 88 08 b2 fe 23 76
INFO - a6 2b c8 10 47 a8 5d 7e
INFO - a6 2b 08 18 00 01 86 a0
INFO - a6 2d 48 08 b2 fe 22 a6
INFO - a6 2d 88 10 47 a8 5d 9f
INFO - a6 2d c8 18 00 01 86 a0
INFO - a6 2f 08 08 b2 fe 21 dd
INFO - a6 2f 48 10 47 a8 5d ba
INFO - a6 2f 88 18 00 01 86 a0
INFO - a6 31 c8 08 b2 fe 21 14
INFO - a6 31 08 10 47 a8 5d dc
INFO - a6 31 48 18 00 01 86 a0
INFO - a6 33 88 08 b2 fe 20 44
INFO - a6 33 c8 10 47 a8 5d fd
INFO - a6 33 08 18 00 01 86 a0
INFO - a6 35 48 08 b2 fe 1f 7b
INFO - a6 35 88 10 47 a8 5e 18
INFO - a6 35 c8 18 00 01 86 a0
INFO - a6 37 08 08 b2 fe 1e ab
INFO - a6 37 48 10 47 a8 5e 3a
INFO - a6 37 88 18 00 01 86 a0
INFO - a6 39 c8 08 b2 fe 1d db
INFO - a6 39 08 10 47 a8 5e 5b
INFO - a6 39 48 18 00 01 86 a0
INFO - a6 3b 88 08 b2 fe 1d 12
INFO - a6 3b c8 10 47 a8 5e 76
INFO - a6 3b 08 18 00 01 86 a0
INFO - a6 3d 48 08 b2 fe 1c 42
INFO - a6 3d 88 10 47 a8 5e 97
INFO - a6 3d c8 18 00 01 86 a0
INFO - a6 3f 08 08 b2 fe 1b 79
INFO - a6 3f 48 10 47 a8 5e b2
INFO - a6 3f 88 18 00 01 86 a0
INFO - a6 41 c8 08 b2 fe 1a a9
INFO - a6 41 08 10 47 a8 5e d4
INFO - a6 41 48 18 00 01 86 a0
INFO - a6 43 88 08 b2 fe 19 e0
INFO - a6 43 c8 10 47 a8 5e f5
INFO - a6 43 08 18 00 01 86 a0
INFO - a6 45 48 08 b2 fe 19 10
INFO - a6 45 88 10 47 a8 5f 10
INFO - a6 45 c8 18 00 01 86 a0
INFO - a6 47 08 08 b2 fe 18 47
INFO - a6 47 48 10 47 a8 5f 32
INFO - a6 47 88 18 00 01 86 a0
INFO - a6 49 c8 08 b2 fe 17 77
INFO - a6 49 08 10 47 a8 5f 4c
INFO - a6 49 48 18 00 01 86 a0
INFO - a6 4b 88 08 b2 fe 16 a7
INFO - a6 4b c8 10 47 a8 5f 6e
INFO - a6 4b 08 18 00 01 86 a0
INFO - a6 4d 48 08 b2 fe 15 de
INFO - a6 4d 88 10 47 a8 5f 8f
INFO - a6 4d c8 18 00 01 86 a0
INFO - a6 4f 08 08 b2 fe 15 0e
INFO - a6 4f 48 10 47 a8 5f aa
INFO - a6 4f 88 18 00 01 86 a0
INFO - a6 51 c8 08 b2 fe 14 45
INFO - a6 51 08 10 47 a8 5f cc
INFO - a6 51 48 18 00 01 86 a0
INFO - a6 53 88 08 b2 fe 13 75
INFO - a6 53 c8 10 47 a8 5f e7
INFO - a6 53 08 18 00 01 86 a0
INFO - a6 55 48 08 b2 fe 12 ac
INFO - a6 55 88 10 47 a8 60 08
INFO - a6 55 c8 18 00 01 86 a0
INFO - a6 57 08 08 b2 fe 11 dc
INFO - a6 57 48 10 47 a8 60 2a
INFO - a6 57 88 18 00 01 86 a0
INFO - a6 59 c8 08 b2 fe 11 13
INFO - a6 59 08 10 47 a8 60 45
INFO - a6 59 48 18 00 01 86 a0
INFO - a6 5b 88 08 b2 fe 10 43
INFO - a6 5b c8 10 47 a8 60 66
INFO - a6 5b 08 18 00 01 86 a0
INFO - a6 5d 48 08 b2 fe 0f 7a
INFO - a6 5d 88 10 47 a8 60 88
INFO - a6 5d c8 18 00 01 86 a0
INFO - a6 5f 08 08 b2 fe 0e aa
INFO - a6 5f 48 10 47 a8 60 a2
INFO - a6 5f 88 18 00 01 86 a0
INFO - a6 61 c8 08 b2 fe 0d e1
INFO - a6 61 08 10 47 a8 60 c4
INFO - a6 61 48 18 00 01 86 a0
INFO - a6 63 88 08 b2 fe 0d 11
INFO - a6 63 c8 10 47 a8 60 df
INFO - a6 63 08 18 00 01 86 a0
INFO - a6 65 48 08 b2 fe 0c 48
INFO - a6 65 88 10 47 a8 61 00
INFO - a6 65 c8 18 00 01 86 a0
INFO - a6 67 08 08 b2 fe 0b 78
INFO - a6 67 48 10 47 a8 61 22
INFO - a6 67 88 18 00 01 86 a0
INFO - a6 69 c8 08 b2 fe 0a af
INFO - a6 69 08 10 47 a8 61 3d
INFO - a6 69 48 18 00 01 86 a0
INFO - a6 6b 88 08 b2 fe 09 df
INFO - a6 6b c8 10 47 a8 61 5e
INFO - a6 6b 08 18 00 01 86 a0
INFO - a6 6d 48 40 57 00 00 02
INFO - a6 6d 88 40 57 00 00 02
INFO - a6 6d c8 40 57 00 00 02
INFO - a6 6d 08 40 57 00 00 02
INFO - a6 6d 48 08 b2 fe 09 16
INFO - a6 6d 88 10 47 a8 61 79
INFO - a6 6d c8 18 00 01 86 a0
INFO - a6 6f 08 08 b2 fe 08 46
INFO - a6 6f 48 10 47 a8 61 9b
INFO - a6 6f 88 18 00 01 86 a0
INFO - a6 71 c8 08 b2 fe 07 7d
INFO - a6 71 08 10 47 a8 61 bc
INFO - a6 71 48 18 00 01 86 a0
INFO - a6 73 88 08 b2 fe 06 ad
INFO - a6 73 c8 10 47 a8 61 d7
INFO - a6 73 08 18 00 01 86 a0
INFO - a6 75 48 08 b2 fe 05 e4
INFO - a6 75 88 10 47 a8 61 f8
INFO - a6 75 c8 18 00 01 86 a0
INFO - a6 77 08 08 b2 fe 05 14
INFO - a6 77 48 10 47 a8 62 1a
INFO - a6 77 88 18 00 01 86 a0
INFO - a6 79 c8 08 b2 fe 04 4b
INFO - a6 79 08 10 47 a8 62 35
INFO - a6 79 48 18 00 01 86 a0
INFO - a6 7b 88 08 b2 fe 03 7b
INFO - a6 7b c8 10 47 a8 62 56
INFO - a6 7b 08 18 00 01 86 a0
INFO - a6 7d 48 08 b2 fe 02 b2
INFO - a6 7d 88 10 47 a8 62 78
INFO - a6 7d c8 18 00 01 86 a0
INFO - a6 7f 08 08 b2 fe 01 e2
INFO - a6 7f 48 10 47 a8 62 93
INFO - a6 7f 88 18 00 01 86 a0
INFO - a6 81 c8 08 b2 fe 01 19
INFO - a6 81 08 10 47 a8 62 b4
INFO - a6 81 48 18 00 01 86 a0
INFO - a6 83 88 08 b2 fe 00 49
INFO - a6 83 c8 10 47 a8 62 d6
INFO - a6 83 08 18 00 01 86 a0
INFO - a6 85 48 08 b2 fd ff 79
INFO - a6 85 88 10 47 a8 62 f0
INFO - a6 85 c8 18 00 01 86 a0
INFO - a6 87 08 08 b2 fd fe b0
INFO - a6 87 48 10 47 a8 63 12
INFO - a6 87 88 18 00 01 86 a0
INFO - a6 89 c8 08 b2 fd fd e7
INFO - a6 89 08 10 47 a8 63 34
INFO - a6 89 48 18 00 01 86 a0
INFO - a6 8b 88 08 b2 fd fd 17
INFO - a6 8b c8 10 47 a8 63 4e
INFO - a6 8b 08 18 00 01 86 a0
INFO - a6 8d 48 08 b2 fd fc 4e
INFO - a6 8d 88 10 47 a8 63 70
INFO - a6 8d c8 18 00 01 86 a0
INFO - a6 8f 08 08 b2 fd fb 7e
INFO - a6 8f 48 10 47 a8 63 8b
INFO - a6 8f 88 18 00 01 86 a0
INFO - a6 91 c8 08 b2 fd fa ae
INFO - a6 91 08 10 47 a8 63 ac
INFO - a6 91 48 18 00 01 86 a0
INFO - a6 93 88 08 b2 fd f9 e5
INFO - a6 93 c8 10 47 a8 63 ce
INFO - a6 93 08 18 00 01 86 a0
INFO - a6 95 48 08 b2 fd f9 15
INFO - a6 95 88 10 47 a8 63 e9
INFO - a6 95 c8 18 00 01 86 a0
INFO - a6 97 08 08 b2 fd f8 4c
INFO - a6 97 48 10 47 a8 64 0a
INFO - a6 97 88 18 00 01 86 a0
INFO - a6 99 c8 08 b2 fd f7 7c
INFO - a6 99 08 10 47 a8 64 2c
INFO - a6 99 48 18 00 01 86 a0
INFO - a6 9b 88 08 b2 fd f6 ac
INFO - a6 9b c8 10 47 a8 64 46
INFO - a6 9b 08 18 00 01 86 a0
INFO - a6 9d 48 08 b2 fd f5 e3
INFO - a6 9d 88 10 47 a8 64 68
INFO - a6 9d c8 18 00 01 86 a0
INFO - a6 9f 08 08 b2 fd f5 13
INFO - a6 9f 48 10 47 a8 64 8a
INFO - a6 9f 88 18 00 01 86 a0
INFO - a6 a1 c8 08 b2 fd f4 4a
INFO - a6 a1 08 10 47 a8 64 a4
INFO - a6 a1 48 18 00 01 86 a0
INFO - a6 a3 88 08 b2 fd f3 7a
INFO - a6 a3 c8 10 47 a8 64 c6
INFO - a6 a3 08 18 00 01 86 a0
INFO - a6 a5 48 08 b2 fd f2 aa
INFO - a6 a5 88 10 47 a8 64 e7
INFO - a6 a5 c8 18 00 01 86 a0
INFO - a6 a7 08 08 b2 fd f1 e1
INFO - a6 a7 48 10 47 a8 65 02
INFO - a6 a7 88 18 00 01 86 a0
INFO - a6 a9 c8 08 b2 fd f1 11
INFO - a6 a9 08 10 47 a8 65 24
INFO - a6 a9 48 18 00 01 86 a0
INFO - a6 ab 88 08 b2 fd f0 48
INFO - a6 ab c8 10 47 a8 65 3f
INFO - a6 ab 08 18 00 01 86 a0
INFO - a6 ad 48 08 b2 fd ef 78
INFO - a6 ad 88 10 47 a8 65 60
INFO - a6 ad c8 18 00 01 86 a0
INFO - a6 af 08 08 b2 fd ee af
INFO - a6 af 48 10 47 a8 65 82
INFO - a6 af 88 18 00 01 86 a0
INFO - a6 b1 c8 08 b2 fd ed df
INFO - a6 b1 08 10 47 a8 65 9c
INFO - a6 b1 48 18 00 01 86 a0
INFO - a6 b3 88 08 b2 fd ed 16
INFO - a6 b3 c8 10 47 a8 65 be
INFO - a6 b3 08 18 00 01 86 a0
INFO - a6 b5 48 08 b2 fd ec 46
INFO - a6 b5 88 10 47 a8 65 e0
INFO - a6 b5 c8 18 00 01 86 a0
INFO - a6 b7 08 08 b2 fd eb 76
INFO - a6 b7 48 10 47 a8 65 fa
INFO - a6 b7 88 18 00 01 86 a0
INFO - a6 b9 c8 08 b2 fd ea ad
INFO - a6 b9 08 10 47 a8 66 1c
INFO - a6 b9 48 18 00 01 86 a0
INFO - a6 bb 88 08 b2 fd e9 dd
INFO - a6 bb c8 10 47 a8 66 37
INFO - a6 bb 08 18 00 01 86 a0
INFO - a6 bd 48 08 b2 fd e9 14
INFO - a6 bd 88 10 47 a8 66 58
INFO - a6 bd c8 18 00 01 86 a0
INFO - a6 bf 08 08 b2 fd e8 4b
INFO - a6 bf 48 10 47 a8 66 7a
INFO - a6 bf 88 18 00 01 86 a0
INFO - a6 c1 c8 08 b2 fd e7 7b
INFO - a6 c1 08 10 47 a8 66 95
INFO - a6 c1 48 18 00 01 86 a0
INFO - a6 c3 88 08 b2 fd e6 b1
INFO - a6 c3 c8 10 47 a8 66 b6
INFO - a6 c3 08 18 00 01 86 a0
INFO - a6 c5 48 08 b2 fd e5 e2
INFO - a6 c5 88 10 47 a8 66 d8
INFO - a6 c5 c8 18 00 01 86 a0
INFO - a6 c7 08 08 b2 fd e5 18
INFO - a6 c7 48 10 47 a8 66 f2
INFO - a6 c7 88 18 00 01 86 a0
INFO - a6 c9 c8 08 b2 fd e4 49
INFO - a6 c9 08 10 47 a8 67 14
INFO - a6 c9 48 18 00 01 86 a0
INFO - a6 cb 88 08 b2 fd e3 7f
INFO - a6 cb c8 10 47 a8 67 35
INFO - a6 cb 08 18 00 01 86 a0
INFO - a6 cd 48 08 b2 fd e2 b0
INFO - a6 cd 88 10 47 a8 67 50
INFO - a6 cd c8 18 00 01 86 a0
INFO - a6 cf 08 08 b2 fd e1 e6
INFO - a6 cf 48 10 47 a8 67 72
INFO - a6 cf 88 18 00 01 86 a0
INFO - a6 d1 c8 08 b2 fd e1 17
INFO - a6 d1 08 10 47 a8 67 93
INFO - a6 d1 48 18 00 01 86 a0
INFO - a6 d3 88 08 b2 fd e0 4d
INFO - a6 d3 c8 10 47 a8 67 b5
INFO - a6 d3 08 18 00 01 86 a0
INFO - a6 d5 48 08 b2 fd df 7d
INFO - a6 d5 88 10 47 a8 67 d0
INFO - a6 d5 c8 18 00 01 86 a0
INFO - a6 d5 08 08 b2 fd df 7d
INFO - a6 d5 48 10 47 a8 67 d0
INFO - a6 d5 88 18 00 01 86 a0
INFO - a6 d7 c8 08 b2 fd de b4
INFO - a6 d7 08 10 47 a8 67 f1
INFO - a6 d7 48 18 00 01 86 a0
INFO - a6 d9 88 08 b2 fd dd e4
INFO - a6 d9 c8 10 47 a8 68 0c
INFO - a6 d9 08 18 00 01 86 a0
INFO - a6 db 48 08 b2 fd dd 1b
INFO - a6 db 88 10 47 a8 68 2e
INFO - a6 db c8 18 00 01 86 a0
INFO - a6 dd 08 08 b2 fd dc 4b
INFO - a6 dd 48 10 47 a8 68 4f
INFO - a6 dd 88 18 00 01 86 a0
INFO - a6 df c8 08 b2 fd db 82
INFO - a6 df 08 10 47 a8 68 6a
INFO - a6 df 48 18 00 01 86 a0
INFO - a6 e1 88 08 b2 fd da b2
INFO - a6 e1 c8 10 47 a8 68 8b
INFO - a6 e1 08 18 00 01 86 a0
INFO - a6 e3 48 08 b2 fd d9 e9
INFO - a6 e3 88 10 47 a8 68 a6
INFO - a6 e3 c8 18 00 01 86 a0
INFO - a6 e5 08 08 b2 fd d9 19
INFO - a6 e5 48 10 47 a8 68 c8
INFO - a6 e5 88 18 00 01 86 a0
INFO - a6 e7 c8 08 b2 fd d8 49
INFO - a6 e7 08 10 47 a8 68 e9
INFO - a6 e7 48 18 00 01 86 a0
INFO - a6 e9 88 08 b2 fd d7 80
INFO - a6 e9 c8 10 47 a8 69 04
INFO - a6 e9 08 18 00 01 86 a0
INFO - a6 eb 48 08 b2 fd d6 b0
INFO - a6 eb 88 10 47 a8 69 26
INFO - a6 eb c8 18 00 01 86 a0
INFO - a6 ed 08 08 b2 fd d5 e7
INFO - a6 ed 48 10 47 a8 69 47
INFO - a6 ed 88 18 00 01 86 a0
INFO - a6 ef c8 08 b2 fd d5 17
INFO - a6 ef 08 10 47 a8 69 62
INFO - a6 ef 48 18 00 01 86 a0
INFO - a6 f1 88 08 b2 fd d4 4e
INFO - a6 f1 c8 10 47 a8 69 84
INFO - a6 f1 08 18 00 01 86 a0
INFO - a6 f3 48 08 b2 fd d3 7e
INFO - a6 f3 88 10 47 a8 69 9e
INFO - a6 f3 c8 18 00 01 86 a0
INFO - a6 f5 08 08 b2 fd d2 b5
INFO - a6 f5 48 10 47 a8 69 c0
INFO - a6 f5 88 18 00 01 86 a0
INFO - a6 f7 c8 08 b2 fd d1 e5
INFO - a6 f7 08 10 47 a8 69 e1
INFO - a6 f7 48 18 00 01 86 a0
INFO - a6 f9 88 08 b2 fd d1 15
INFO - a6 f9 c8 10 47 a8 69 fc
INFO - a6 f9 08 18 00 01 86 a0
INFO - a6 fb 48 08 b2 fd d0 4c
INFO - a6 fb 88 10 47 a8 6a 1e
INFO - a6 fb c8 18 00 01 86 a0
INFO - a6 fd 08 08 b2 fd cf 7c
INFO - a6 fd 48 10 47 a8 6a 3f
INFO - a6 fd 88 18 00 01 86 a0
INFO - a6 ff c8 08 b2 fd ce b3
INFO - a6 ff 08 10 47 a8 6a 5a
INFO - a6 ff 48 18 00 01 86 a0
INFO - a7 01 88 08 b2 fd cd e3
INFO - a7 01 c8 10 47 a8 6a 7c
INFO - a7 01 08 18 00 01 86 a0
INFO - a7 03 48 08 b2 fd cd 13
INFO - a7 03 88 10 47 a8 6a 97
INFO - a7 03 c8 18 00 01 86 a0
INFO - a7 05 08 08 b2 fd cc 4a
INFO - a7 05 48 10 47 a8 6a b8
INFO - a7 05 88 18 00 01 86 a0
INFO - a7 07 c8 08 b2 fd cb 7a
INFO - a7 07 08 10 47 a8 6a da
INFO - a7 07 48 18 00 01 86 a0
INFO - a7 09 88 08 b2 fd ca b1
INFO - a7 09 c8 10 47 a8 6a f4
INFO - a7 09 08 18 00 01 86 a0
INFO - a7 0b 48 08 b2 fd c9 e1
INFO - a7 0b 88 10 47 a8 6b 16
INFO - a7 0b c8 18 00 01 86 a0
INFO - a7 0d 08 08 b2 fd c9 18
INFO - a7 0d 48 10 47 a8 6b 31
INFO - a7 0d 88 18 00 01 86 a0
INFO - a7 0f c8 08 b2 fd c8 48
INFO - a7 0f 08 10 47 a8 6b 52
INFO - a7 0f 48 18 00 01 86 a0
INFO - a7 11 88 08 b2 fd c7 79
INFO - a7 11 c8 10 47 a8 6b 74
INFO - a7 11 08 18 00 01 86 a0
INFO - a7 13 48 08 b2 fd c6 af
INFO - a7 13 88 10 47 a8 6b 8f
INFO - a7 13 c8 18 00 01 86 a0
INFO - a7 15 08 08 b2 fd c5 df
INFO - a7 15 48 10 47 a8 6b b0
INFO - a7 15 88 18 00 01 86 a0
INFO - a7 17 c8 08 b2 fd c5 10
INFO - a7 17 08 10 47 a8 6b d2
INFO - a7 17 48 18 00 01 86 a0
INFO - a7 19 88 08 b2 fd c4 46
INFO - a7 19 c8 10 47 a8 6b ec
INFO - a7 19 08 18 00 01 86 a0
INFO - a7 1b 48 08 b2 fd c3 77
INFO - a7 1b 88 10 47 a8 6c 0e
INFO - a7 1b c8 18 00 01 86 a0
INFO - a7 1d 08 08 b2 fd c2 ad
INFO - a7 1d 48 10 47 a8 6c 29
INFO - a7 1d 88 18 00 01 86 a0
INFO - a7 1f c8 08 b2 fd c1 de
INFO - a7 1f 08 10 47 a8 6c 4a
INFO - a7 1f 48 18 00 01 86 a0
INFO - a7 21 88 08 b2 fd c1 14
INFO - a7 21 c8 10 47 a8 6c 6c
INFO - a7 21 08 18 00 01 86 a0
INFO - a7 23 48 08 b2 fd c0 44
INFO - a7 23 88 10 47 a8 6c 87
INFO - a7 23 c8 18 00 01 86 a0
INFO - a7 25 08 08 b2 fd bf 7b
INFO - a7 25 48 10 47 a8 6c a8
INFO - a7 25 88 18 00 01 86 a0
INFO - a7 4f c8 08 b2 fd ae c5
INFO - a7 4f 08 10 47 a8 6f 2c
INFO - a7 4f 48 18 00 01 86 a0
INFO - a7 4f 88 08 b2 fd ae c5
INFO - a7 4f c8 10 47 a8 6f 2c
INFO - a7 4f 08 18 00 01 86 a0
INFO - a7 51 48 08 b2 fd ad fc
INFO - a7 51 88 10 47 a8 6f 4e
INFO - a7 51 c8 18 00 01 86 a0
INFO - a7 53 08 08 b2 fd ad 2c
INFO - a7 53 48 10 47 a8 6f 68
INFO - a7 53 88 18 00 01 86 a0
INFO - a7 55 c8 08 b2 fd ac 63
INFO - a7 55 08 10 47 a8 6f 8a
INFO - a7 55 48 18 00 01 86 a0
INFO - a7 57 88 08 b2 fd ab 93
INFO - a7 57 c8 10 47 a8 6f ab
INFO - a7 57 08 18 00 01 86 a0
INFO - a7 59 48 08 b2 fd aa ca
INFO - a7 59 88 10 47 a8 6f c6
INFO - a7 59 c8 18 00 01 86 a0
INFO - a7 5b 08 08 b2 fd a9 fa
INFO - a7 5b 48 10 47 a8 6f e8
INFO - a7 5b 88 18 00 01 86 a0
INFO - a7 5d c8 08 b2 fd a9 31
INFO - a7 5d 08 10 47 a8 70 09
INFO - a7 5d 48 18 00 01 86 a0
INFO - a7 5f 88 08 b2 fd a8 68
INFO - a7 5f c8 10 47 a8 70 24
INFO - a7 5f 08 18 00 01 86 a0
INFO - a7 61 48 08 b2 fd a7 98
INFO - a7 61 88 10 47 a8 70 46
INFO - a7 61 c8 18 00 01 86 a0
INFO - a7 63 08 08 b2 fd a6 cf
INFO - a7 63 48 10 47 a8 70 60
INFO - a7 63 88 18 00 01 86 a0
INFO - a7 65 c8 08 b2 fd a5 ff
INFO - a7 65 08 10 47 a8 70 82
INFO - a7 65 48 18 00 01 86 a0
INFO - a7 67 88 08 b2 fd a5 36
INFO - a7 67 c8 10 47 a8 70 a3
INFO - a7 67 08 18 00 01 86 a0
INFO - a7 69 48 08 b2 fd a4 6d
INFO - a7 69 88 10 47 a8 70 be
INFO - a7 69 c8 18 00 01 86 a0
INFO - a7 6b 08 08 b2 fd a3 9d
INFO - a7 6b 48 10 47 a8 70 e0
INFO - a7 6b 88 18 00 01 86 a0
INFO - a7 6d c8 08 b2 fd a2 d3
INFO - a7 6d 08 10 47 a8 71 01
INFO - a7 6d 48 18 00 01 86 a0
INFO - a7 6f 88 08 b2 fd a2 04
INFO - a7 6f c8 10 47 a8 71 1c
INFO - a7 6f 08 18 00 01 86 a0
INFO - a7 71 48 08 b2 fd a1 3a
INFO - a7 71 88 10 47 a8 71 3e
INFO - a7 71 c8 18 00 01 86 a0
INFO - a7 73 08 08 b2 fd a0 6b
INFO - a7 73 48 10 47 a8 71 5f
INFO - a7 73 88 18 00 01 86 a0
INFO - a7 75 c8 08 b2 fd 9f 9b
INFO - a7 75 08 10 47 a8 71 7a
INFO - a7 75 48 18 00 01 86 a0
INFO - a7 77 88 08 b2 fd 9e d2
INFO - a7 77 c8 10 47 a8 71 9c
INFO - a7 77 08 18 00 01 86 a0
INFO - a7 79 48 08 b2 fd 9e 02
INFO - a7 79 88 10 47 a8 71 b6
INFO - a7 79 c8 18 00 01 86 a0
INFO - a7 7b 08 08 b2 fd 9d 39
INFO - a7 7b 48 10 47 a8 71 d8
INFO - a7 7b 88 18 00 01 86 a0
INFO - a7 7d c8 08 b2 fd 9c 69
INFO - a7 7d 08 10 47 a8 71 f9
INFO - a7 7d 48 18 00 01 86 a0
INFO - a7 7f 88 08 b2 fd 9b 9f
INFO - a7 7f c8 10 47 a8 72 14
INFO - a7 7f 08 18 00 01 86 a0
INFO - a7 81 48 08 b2 fd 9a d0
INFO - a7 81 88 10 47 a8 72 36
INFO - a7 81 c8 18 00 01 86 a0
INFO - a7 83 08 08 b2 fd 9a 06
INFO - a7 83 48 10 47 a8 72 57
INFO - a7 83 88 18 00 01 86 a0
INFO - a7 85 c8 08 b2 fd 99 37
INFO - a7 85 08 10 47 a8 72 72
INFO - a7 85 48 18 00 01 86 a0
INFO - a7 87 88 08 b2 fd 98 6d
INFO - a7 87 c8 10 47 a8 72 94
INFO - a7 87 08 18 00 01 86 a0
INFO - a7 89 48 08 b2 fd 97 9e
INFO - a7 89 88 10 47 a8 72 af
INFO - a7 89 c8 18 00 01 86 a0
INFO - a7 8b 08 08 b2 fd 96 ce
INFO - a7 8b 48 10 47 a8 72 d0
INFO - a7 8b 88 18 00 01 86 a0
INFO - a7 8d c8 08 b2 fd 96 04
INFO - a7 8d 08 10 47 a8 72 f2
INFO - a7 8d 48 18 00 01 86 a0
INFO - a7 8f 88 08 b2 fd 95 35
INFO - a7 8f c8 10 47 a8 73 0c
INFO - a7 8f 08 18 00 01 86 a0
INFO - a7 91 48 08 b2 fd 94 6b
INFO - a7 91 88 10 47 a8 73 2e
INFO - a7 91 c8 18 00 01 86 a0
INFO - a7 93 08 08 b2 fd 93 a2
INFO - a7 93 48 10 47 a8 73 4f
INFO - a7 93 88 18 00 01 86 a0
INFO - a7 95 c8 08 b2 fd 92 d2
INFO - a7 95 08 10 47 a8 73 71
INFO - a7 95 48 18 00 01 86 a0
INFO - a7 97 88 08 b2 fd 92 09
INFO - a7 97 c8 10 47 a8 73 8c
INFO - a7 97 08 18 00 01 86 a0
INFO - a7 99 48 08 b2 fd 91 39
INFO - a7 99 88 10 47 a8 73 ad
INFO - a7 99 c8 18 00 01 86 a0
INFO - a7 9b 08 08 b2 fd 90 70
INFO - a7 9b 48 10 47 a8 73 cf
INFO - a7 9b 88 18 00 01 86 a0
INFO - a7 9d c8 08 b2 fd 8f a0
INFO - a7 9d 08 10 47 a8 73 ea
INFO - a7 9d 48 18 00 01 86 a0
INFO - a7 9f 88 08 b2 fd 8e d7
INFO - a7 9f c8 10 47 a8 74 0b
INFO - a7 9f 08 18 00 01 86 a0
INFO - a7 a1 48 08 b2 fd 8e 07
INFO - a7 a1 88 10 47 a8 74 26
INFO - a7 a1 c8 18 00 01 86 a0
INFO - a7 a3 08 08 b2 fd 8d 3e
INFO - a7 a3 48 10 47 a8 74 48
INFO - a7 a3 88 18 00 01 86 a0
INFO - a7 a5 c8 08 b2 fd 8c 6e
INFO - a7 a5 08 10 47 a8 74 62
INFO - a7 a5 48 18 00 01 86 a0
INFO - a7 a7 88 08 b2 fd 8b a5
INFO - a7 a7 c8 10 47 a8 74 84
INFO - a7 a7 08 18 00 01 86 a0
INFO - a7 a9 48 08 b2 fd 8a d5
INFO - a7 a9 88 10 47 a8 74 a5
INFO - a7 a9 c8 18 00 01 86 a0
INFO - a7 ab 08 08 b2 fd 8a 0c
INFO - a7 ab 48 10 47 a8 74 c0
INFO - a7 ab 88 18 00 01 86 a0
INFO - a7 ad c8 08 b2 fd 89 3c
INFO - a7 ad 08 10 47 a8 74 e2
INFO - a7 ad 48 18 00 01 86 a0
INFO - a7 af 88 08 b2 fd 88 73
INFO - a7 af c8 10 47 a8 74 fd
INFO - a7 af 08 18 00 01 86 a0
INFO - a7 b1 48 08 b2 fd 87 a3
INFO - a7 b1 88 10 47 a8 75 1e
INFO - a7 b1 c8 18 00 01 86 a0
INFO - a7 b3 08 08 b2 fd 86 da
INFO - a7 b3 48 10 47 a8 75 40
INFO - a7 b3 88 18 00 01 86 a0
INFO - a7 b5 c8 08 b2 fd 86 0a
INFO - a7 b5 08 10 47 a8 75 5a
INFO - a7 b5 48 18 00 01 86 a0
INFO - a7 b7 88 08 b2 fd 85 41
INFO - a7 b7 c8 10 47 a8 75 7c
INFO - a7 b7 08 18 00 01 86 a0
INFO - a7 b9 48 08 b2 fd 84 71
INFO - a7 b9 88 10 47 a8 75 97
INFO - a7 b9 c8 18 00 01 86 a0
INFO - a7 bb 08 08 b2 fd 83 a1
INFO - a7 bb 48 10 47 a8 75 b8
INFO - a7 bb 88 18 00 01 86 a0
INFO - a7 bd c8 08 b2 fd 82 d8
INFO - a7 bd 08 10 47 a8 75 da
INFO - a7 bd 48 18 00 01 86 a0
INFO - a7 bf 88 08 b2 fd 82 08
INFO - a7 bf c8 10 47 a8 75 f5
INFO - a7 bf 08 18 00 01 86 a0
INFO - a7 c1 48 08 b2 fd 81 38
INFO - a7 c1 88 10 47 a8 76 16
INFO - a7 c1 c8 18 00 01 86 a0
INFO - a7 c3 08 08 b2 fd 80 6f
INFO - a7 c3 48 10 47 a8 76 38
INFO - a7 c3 88 18 00 01 86 a0
INFO - a7 c5 c8 08 b2 fd 7f 9f
INFO - a7 c5 08 10 47 a8 76 53
INFO - a7 c5 48 18 00 01 86 a0
INFO - a7 c7 88 08 b2 fd 7e d6
INFO - a7 c7 c8 10 47 a8 76 74
INFO - a7 c7 08 18 00 01 86 a0
INFO - a7 c9 48 08 b2 fd 7e 06
INFO - a7 c9 88 10 47 a8 76 96
INFO - a7 c9 c8 18 00 01 86 a0
INFO - a7 cb 08 08 b2 fd 7d 3d
INFO - a7 cb 48 10 47 a8 76 b0
INFO - a7 cb 88 18 00 01 86 a0
INFO - a7 cd c8 08 b2 fd 7c 6d
INFO - a7 cd 08 10 47 a8 76 d2
INFO - a7 cd 48 18 00 01 86 a0
INFO - a7 cf 88 08 b2 fd 7b a4
INFO - a7 cf c8 10 47 a8 76 f4
INFO - a7 cf 08 18 00 01 86 a0
