INFO - a1 70 08 40 57 00 00 02
INFO - a1 70 48 40 57 00 00 02
INFO - a1 70 88 40 57 00 00 02
INFO - a1 70 c8 40 57 00 00 02
INFO - 89 0c 08 08 40 28 2e 0b
INFO - 89 0c 48 20 40 28 0e 03
INFO - 89 0c 88 40 40 20 00 78
INFO - 89 0e 88 08 40 28 2e 0b
INFO - 89 0e c8 20 40 28 0e 03
INFO - 89 0e 08 40 40 21 e0 01
INFO - 89 10 08 08 40 28 2e 0b
INFO - 89 10 48 20 40 28 0e 03
INFO - 89 10 88 40 40 20 04 fc
INFO - 89 12 88 08 40 28 2e 0b
INFO - 89 12 c8 20 40 28 0e 03
INFO - 89 12 08 40 40 23 f0 00
INFO - 89 14 08 08 40 28 2e 0b
INFO - 89 14 48 20 40 28 0e 01
INFO - 89 14 88 40 40 20 00 01
INFO - 89 16 88 08 40 28 2e 0b
INFO - 89 16 c8 20 40 28 06 01
INFO - 89 16 08 40 40 20 04 fc
INFO - 89 18 08 08 40 28 2e 0b
INFO - 89 18 48 20 40 28 06 01
INFO - 89 18 88 40 40 23 f0 01
INFO - 89 1a 88 08 40 28 2e 0f
INFO - 89 1a c8 20 40 28 06 03
INFO - 89 1a 08 40 40 20 04 fc
INFO - 89 1c 08 08 40 28 3e 10
INFO - 89 1c 48 20 40 28 0e 03
INFO - 89 1c 88 40 40 23 f0 fd
INFO - 89 1e 88 08 40 28 42 10
INFO - 89 1e c8 20 40 28 0e 03
INFO - 89 1e 08 40 40 23 f4 01
INFO - 89 20 08 08 40 28 42 10
INFO - 89 20 48 20 40 28 0e 03
INFO - 89 20 88 40 40 20 04 fc
INFO - 89 22 88 08 40 28 42 10
INFO - 89 22 c8 20 40 28 0e 01
INFO - 89 22 08 40 40 23 f0 01
INFO - 89 24 08 08 40 28 42 10
INFO - 89 24 48 20 40 28 06 01
INFO - 89 24 88 40 40 20 04 fc
INFO - 89 26 88 08 40 28 42 10
INFO - 89 26 c8 20 40 28 06 01
INFO - 89 26 08 40 40 23 f0 00
INFO - 89 28 08 08 40 28 42 10
INFO - 89 28 48 20 40 28 06 01
INFO - 89 28 88 40 40 20 00 01
INFO - 89 2a 88 08 40 28 42 10
INFO - 89 2a c8 20 40 28 06 01
INFO - 89 2a 08 40 40 20 04 fc
INFO - 89 2c 08 08 40 28 42 10
INFO - 89 2c 48 20 40 28 06 01
INFO - 89 2c 88 40 40 23 f0 01
INFO - 89 2e 88 08 40 28 42 10
INFO - 89 2e c8 20 40 28 06 01
INFO - 89 2e 08 40 40 20 04 fc
INFO - 89 30 08 08 40 28 42 10
INFO - 89 30 48 20 40 28 05 ff
INFO - 89 30 88 40 40 23 f0 00
INFO - 89 32 88 08 40 28 42 10
INFO - 89 32 c8 20 40 27 fd ff
INFO - 89 32 08 40 40 20 00 01
INFO - 89 34 08 08 40 28 42 10
INFO - 89 34 48 20 40 27 fd ff
INFO - 89 34 88 40 40 20 04 fc
INFO - 89 36 88 08 40 28 42 10
INFO - 89 36 c8 20 40 27 fe 01
INFO - 89 36 08 40 40 23 f0 00
INFO - 89 38 08 08 40 28 41 f6
INFO - 89 38 48 20 40 28 06 01
INFO - 89 38 88 40 40 20 00 01
INFO - 89 3a 88 08 40 27 d9 f1
INFO - 89 3a c8 20 40 28 06 03
INFO - 89 3a 08 40 40 20 04 fc
INFO - 89 3c 08 08 40 27 c6 13
INFO - 89 3c 48 20 40 28 0e 03
INFO - 89 3c 88 40 40 23 f0 01
INFO - 89 3e 88 08 40 28 4d fc
INFO - 89 3e c8 20 40 28 0e 03
INFO - 89 3e 08 40 40 20 04 fc
INFO - 89 40 08 08 40 27 f1 f5
INFO - 89 40 48 20 40 28 0e 03
INFO - 89 40 88 40 40 23 f0 fd
INFO - 89 42 88 08 40 27 d5 f5
INFO - 89 42 c8 20 40 28 0e 03
INFO - 89 42 08 40 40 23 f4 01
INFO - 89 44 08 08 40 27 d5 f5
INFO - 89 44 48 20 40 28 0e 03
INFO - 89 44 88 40 40 20 04 fc
INFO - 89 46 88 08 40 27 d5 f5
INFO - 89 46 c8 20 40 28 0e 03
INFO - 89 46 08 40 40 23 f0 01
INFO - 89 48 08 08 40 27 d5 f5
INFO - 89 48 48 20 40 28 0e 03
INFO - 89 48 88 40 40 20 04 fc
INFO - 89 4a 88 08 40 27 d5 f5
INFO - 89 4a c8 20 40 28 0e 01
INFO - 89 4a 08 40 40 23 f0 fd
INFO - 89 4c 08 08 40 27 d5 f5
INFO - 89 4c 48 20 40 28 05 ff
INFO - 89 4c 88 40 40 23 f4 01
INFO - 89 4e 88 08 40 27 d5 f5
INFO - 89 4e c8 20 40 27 fd ff
INFO - 89 4e 08 40 40 20 04 fc
INFO - 89 50 08 08 40 27 d5 f5
INFO - 89 50 48 20 40 27 fd ff
INFO - 89 50 88 40 40 23 f0 01
INFO - 89 52 88 08 40 27 d5 f5
INFO - 89 52 c8 20 40 27 fd ff
INFO - 89 52 08 40 40 20 04 fc
INFO - 89 54 08 08 40 27 d5 f5
INFO - 89 54 48 20 40 27 fd ff
INFO - 89 54 88 40 40 23 f0 00
INFO - 89 56 88 08 40 27 d5 f5
INFO - 89 56 c8 20 40 27 fd ff
INFO - 89 56 08 40 40 20 00 01
INFO - 89 58 08 08 40 27 d5 f5
INFO - 89 58 48 20 40 27 fd ff
INFO - 89 58 88 40 40 20 04 fc
INFO - 89 5a 88 08 40 27 d5 f5
INFO - 89 5a c8 20 40 27 fd ff
INFO - 89 5a 08 40 40 23 f0 fd
INFO - 89 5c 08 08 40 27 d5 f5
INFO - 89 5c 48 20 40 27 fd ff
INFO - 89 5c 88 40 40 23 f4 01
INFO - 89 5e 88 08 40 27 d6 42
INFO - 89 5e c8 20 40 27 fd ff
INFO - 89 5e 08 40 40 20 04 fc
INFO - 89 60 08 08 40 29 0a 4b
INFO - 89 60 48 20 40 27 fd ff
INFO - 89 60 88 40 40 23 f0 01
INFO - 89 62 88 08 40 29 2e 4b
INFO - 89 62 c8 20 40 27 fd ff
INFO - 89 62 08 40 40 20 04 fc
INFO - 89 64 08 08 40 29 2e 4b
INFO - 89 64 48 20 40 27 fd ff
INFO - 89 64 88 40 40 23 f0 00
INFO - 89 66 88 08 40 29 2e 4b
INFO - 89 66 c8 20 40 27 fd ff
INFO - 89 66 08 40 40 20 00 01
INFO - 89 68 08 08 40 29 2e 4b
INFO - 89 68 48 20 40 27 fd ff
INFO - 89 68 88 40 40 20 04 fc
INFO - 89 6a 88 08 40 29 2e 4b
INFO - 89 6a c8 20 40 27 fd ff
INFO - 89 6a 08 40 40 23 f0 01
INFO - a9 6c 48 40 57 00 00 02
INFO - a9 6c 88 40 57 00 00 02
INFO - a9 6c c8 40 57 00 00 02
INFO - a9 6c 08 40 57 00 00 02
INFO - 89 6c 08 08 40 29 2e 4b
INFO - 89 6c 48 20 40 27 fd ff
INFO - 89 6c 88 40 40 20 04 fc
INFO - 89 6e 88 08 40 29 2e 4b
INFO - 89 6e c8 20 40 27 fd ff
INFO - 89 6e 08 40 40 23 f0 fd
INFO - 89 70 08 08 40 29 2e 4b
INFO - 89 70 48 20 40 27 fd ff
INFO - 89 70 88 40 40 23 f4 01
INFO - 89 72 88 08 40 29 2e 4b
INFO - 89 72 c8 20 40 27 fd ff
INFO - 89 72 08 40 40 20 04 fc
INFO - 89 74 08 08 40 29 2e 4b
INFO - 89 74 48 20 40 27 fd ff
INFO - 89 74 88 40 40 23 f0 00
INFO - 89 76 88 08 40 29 2e 4b
INFO - 89 76 c8 20 40 27 fd ff
INFO - 89 76 08 40 40 20 00 01
INFO - 89 78 08 08 40 29 2e 4b
INFO - 89 78 48 20 40 27 fe 01
INFO - 89 78 88 40 40 20 04 fc
INFO - 89 7a 88 08 40 29 2e 4b
INFO - 89 7a c8 20 40 28 06 01
INFO - 89 7a 08 40 40 23 f0 fd
INFO - 89 7c 08 08 40 29 2e 4b
INFO - 89 7c 48 20 40 28 06 01
INFO - 89 7c 88 40 40 23 f4 01
INFO - 89 7e 88 08 40 29 2d fd
INFO - 89 7e c8 20 40 28 06 01
INFO - 89 7e 08 40 40 20 04 fc
INFO - 89 80 08 08 40 27 f5 eb
INFO - 89 80 48 20 40 28 06 01
INFO - 89 80 88 40 40 23 f0 00
INFO - 89 82 88 08 40 27 ad f7
INFO - 89 82 c8 20 40 28 06 01
INFO - 89 82 08 40 40 20 00 01
INFO - 89 84 08 08 40 27 dd ee
INFO - 89 84 48 20 40 28 06 03
INFO - 89 84 88 40 40 20 04 fc
INFO - 89 86 88 08 40 27 b9 eb
INFO - 89 86 c8 20 40 28 0e 01
INFO - 89 86 08 40 40 23 f0 00
INFO - 89 88 08 08 40 27 ad eb
INFO - 89 88 48 20 40 28 05 ff
INFO - 89 88 88 40 40 20 00 01
INFO - 89 8a 88 08 40 27 ad eb
INFO - 89 8a c8 20 40 27 fd ff
INFO - 89 8a 08 40 40 20 04 fc
INFO - 89 8c 08 08 40 27 ad eb
INFO - 89 8c 48 20 40 27 fd ff
INFO - 89 8c 88 40 40 23 f0 01
INFO - 89 8e 88 08 40 27 ad eb
INFO - 89 8e c8 20 40 27 fd ff
INFO - 89 8e 08 40 40 20 04 fc
INFO - 89 90 08 08 40 27 ad eb
INFO - 89 90 48 20 40 27 fd ff
INFO - 89 90 88 40 40 23 f0 fd
INFO - 89 92 88 08 40 27 ad eb
INFO - 89 92 c8 20 40 27 fd ff
INFO - 89 92 08 40 40 23 f4 01
INFO - 89 94 08 08 40 27 ad eb
INFO - 89 94 48 20 40 27 fd ff
INFO - 89 94 88 40 40 20 04 fc
INFO - 89 96 88 08 40 27 ad eb
INFO - 89 96 c8 20 40 27 fd ff
INFO - 89 96 08 40 40 23 f0 00
INFO - 89 98 08 08 40 27 ad eb
INFO - 89 98 48 20 40 27 fd ff
INFO - 89 98 88 40 40 20 00 01
INFO - 89 9a 88 08 40 27 ad e0
INFO - 89 9a c8 20 40 27 fd ff
INFO - 89 9a 08 40 40 20 04 fc
INFO - 89 9c 08 08 40 27 81 dd
INFO - 89 9c 48 20 40 27 fd ff
INFO - 89 9c 88 40 40 23 f0 00
INFO - 89 9e 88 08 40 27 75 dd
INFO - 89 9e c8 20 40 27 fd ff
INFO - 89 9e 08 40 40 20 00 01
INFO - 89 a0 08 08 40 27 75 dd
INFO - 89 a0 48 20 40 27 fd ff
INFO - 89 a0 88 40 40 20 04 fc
INFO - 89 a2 88 08 40 27 75 dd
INFO - 89 a2 c8 20 40 27 fd ff
INFO - 89 a2 08 40 40 23 f0 00
INFO - 89 a4 08 08 40 27 75 dd
INFO - 89 a4 48 20 40 27 fd ff
INFO - 89 a4 88 40 40 20 00 01
INFO - 89 a6 88 08 40 27 75 dd
INFO - 89 a6 c8 20 40 27 fd ff
INFO - 89 a6 08 40 40 20 04 fc
INFO - 89 a8 08 08 40 27 75 dd
INFO - 89 a8 48 20 40 27 fd ff
INFO - 89 a8 88 40 40 23 f0 01
INFO - 89 aa 88 08 40 27 75 dd
INFO - 89 aa c8 20 40 27 fd ff
INFO - 89 aa 08 40 40 20 04 fc
INFO - 89 ac 08 08 40 27 75 dd
INFO - 89 ac 48 20 40 27 fd ff
INFO - 89 ac 88 40 40 23 f0 fd
INFO - 89 ae 88 08 40 27 75 dd
INFO - 89 ae c8 20 40 27 fd ff
INFO - 89 ae 08 40 40 23 f4 01
INFO - 89 b0 08 08 40 27 76 06
INFO - 89 b0 48 20 40 27 fd ff
INFO - 89 b0 88 40 40 20 04 fc
INFO - 89 b2 88 08 40 28 1a 10
INFO - 89 b2 c8 20 40 27 fd ff
INFO - 89 b2 08 40 40 23 f0 00
INFO - 89 b4 08 08 40 28 42 10
INFO - 89 b4 48 20 40 27 fd ff
INFO - 89 b4 88 40 40 20 00 01
INFO - 89 b6 88 08 40 28 42 10
INFO - 89 b6 c8 20 40 27 fd ff
INFO - 89 b6 08 40 40 20 04 fc
INFO - 89 b8 08 08 40 28 42 10
INFO - 89 b8 48 20 40 27 fd ff
INFO - 89 b8 88 40 40 23 f0 01
INFO - 89 ba 88 08 40 28 42 10
INFO - 89 ba c8 20 40 27 fd ff
INFO - 89 ba 08 40 40 20 04 fc
INFO - 89 bc 08 08 40 28 42 10
INFO - 89 bc 48 20 40 27 fd ff
INFO - 89 bc 88 40 40 23 f0 00
INFO - 89 be 88 08 40 28 42 10
INFO - 89 be c8 20 40 27 fd ff
INFO - 89 be 08 40 40 20 00 01
INFO - 89 c0 08 08 40 28 42 10
INFO - 89 c0 48 20 40 27 fd ff
INFO - 89 c0 88 40 40 20 04 fc
INFO - 89 c2 88 08 40 28 42 10
INFO - 89 c2 c8 20 40 27 fd ff
INFO - 89 c2 08 40 40 23 f0 00
INFO - 89 c4 08 08 40 28 42 10
INFO - 89 c4 48 20 40 27 fd ff
INFO - 89 c4 88 40 40 20 00 01
INFO - 89 c6 88 08 40 28 42 10
INFO - 89 c6 c8 20 40 27 fd ff
INFO - 89 c6 08 40 40 20 04 fc
INFO - 89 c8 08 08 40 28 42 10
INFO - 89 c8 48 20 40 27 fd ff
INFO - 89 c8 88 40 40 23 f0 fd
INFO - 89 ca 88 08 40 28 42 10
INFO - 89 ca c8 20 40 27 fd ff
INFO - 89 ca 08 40 40 23 f4 01
INFO - 89 cc 08 08 40 28 42 10
INFO - 89 cc 48 20 40 27 fd ff
INFO - 89 cc 88 40 40 20 04 fc
INFO - 89 ce 88 08 40 28 42 15
INFO - 89 ce c8 20 40 27 fd ff
INFO - 89 ce 08 40 40 23 f0 00
INFO - 89 d0 08 08 40 28 56 16
INFO - 89 d0 48 20 40 27 fd ff
INFO - 89 d0 88 40 40 20 00 fd
INFO - 89 d2 88 08 40 48 5a 16
INFO - 89 d2 c8 20 40 47 fd ff
INFO - 89 d2 08 40 40 43 f4 00
INFO - 89 d6 88 08 40 28 5a 16
INFO - 89 d6 c8 20 40 27 fd ff
INFO - 89 d6 08 40 40 20 00 00
INFO - 89 d8 08 08 40 28 5a 16
INFO - 89 d8 48 20 40 27 fd ff
INFO - 89 d8 88 40 40 20 00 fc
INFO - 89 da 88 08 40 28 5a 16
INFO - 89 da c8 20 40 27 fd ff
INFO - 89 da 08 40 40 23 f0 00
INFO - 89 dc 08 08 40 28 5a 16
INFO - 89 dc 48 20 40 27 fd ff
INFO - 89 dc 88 40 40 20 00 01
INFO - 89 de 88 08 40 28 5a 16
INFO - 89 de c8 20 40 27 fd ff
INFO - 89 de 08 40 40 20 04 fc
INFO - 89 e0 08 08 40 28 5a 16
INFO - 89 e0 48 20 40 27 fd ff
INFO - 89 e0 88 40 40 23 f0 01
INFO - 89 e2 88 08 40 28 5a 16
INFO - 89 e2 c8 20 40 27 fd ff
INFO - 89 e2 08 40 40 20 04 fc
INFO - 89 e4 08 08 40 28 5a 16
INFO - 89 e4 48 20 40 27 fd fd
INFO - 89 e4 88 40 40 23 f0 00
INFO - 89 e6 88 08 40 28 5a 16
INFO - 89 e6 c8 20 40 27 f5 fd
INFO - 89 e6 08 40 40 20 00 01
INFO - 89 e8 08 08 40 28 5a 16
INFO - 89 e8 48 20 40 27 f5 fd
INFO - 89 e8 88 40 40 20 04 fc
INFO - 89 ea 88 08 40 28 5a 16
INFO - 89 ea c8 20 40 27 f5 fd
INFO - 89 ea 08 40 40 23 f0 fd
INFO - 89 ec 08 08 40 28 5a 16
INFO - 89 ec 48 20 40 27 f5 fd
INFO - 89 ec 88 40 40 23 f4 01
INFO - 89 ee 88 08 40 28 59 cd
INFO - 89 ee c8 20 40 27 f5 fd
INFO - 89 ee 08 40 40 20 04 fc
INFO - 89 f0 08 08 40 27 35 c0
INFO - 89 f0 48 20 40 27 f5 fd
INFO - 89 f0 88 40 40 23 f0 01
INFO - 89 f2 88 08 40 27 01 c0
INFO - 89 f2 c8 20 40 27 f5 ff
INFO - 89 f2 08 40 40 20 04 fc
INFO - 89 f4 08 08 40 27 01 c0
INFO - 89 f4 48 20 40 27 fd ff
INFO - 89 f4 88 40 40 23 f0 00
INFO - 89 f6 88 08 40 27 01 c0
INFO - 89 f6 c8 20 40 27 fd ff
INFO - 89 f6 08 40 40 20 00 01
INFO - 89 f8 08 08 40 27 01 c0
INFO - 89 f8 48 20 40 27 fd ff
INFO - 89 f8 88 40 40 20 04 fc
INFO - 89 fa 88 08 40 27 01 c0
INFO - 89 fa c8 20 40 27 fd ff
INFO - 89 fa 08 40 40 23 f0 00
INFO - 89 fc 08 08 40 27 01 c0
INFO - 89 fc 48 20 40 27 fd ff
INFO - 89 fc 88 40 40 20 00 01
INFO - 89 fe 88 08 40 27 01 c0
INFO - 89 fe c8 20 40 27 fd fd
INFO - 89 fe 08 40 40 20 04 fc
INFO - 8a 00 08 08 40 27 01 c0
INFO - 8a 00 48 20 40 27 f5 fd
INFO - 8a 00 88 40 40 23 f0 01
INFO - 8a 02 88 08 40 27 01 c0
INFO - 8a 02 c8 20 40 27 f5 ff
INFO - 8a 02 08 40 40 20 04 fc
INFO - 8a 04 08 08 40 27 01 c0
INFO - 8a 04 48 20 40 27 fd ff
INFO - 8a 04 88 40 40 23 f0 00
INFO - 8a 06 88 08 40 27 01 c0
INFO - 8a 06 c8 20 40 27 fd ff
INFO - 8a 06 08 40 40 20 00 01
INFO - 8a 08 08 08 40 27 01 c0
INFO - 8a 08 48 20 40 27 fd ff
INFO - 8a 08 88 40 40 20 04 fc
INFO - 8a 0a 88 08 40 27 01 c0
INFO - 8a 0a c8 20 40 27 fd ff
INFO - 8a 0a 08 40 40 23 f0 01
INFO - 8a 0c 08 08 40 27 01 bf
INFO - 8a 0c 48 20 40 27 fd fd
INFO - 8a 0c 88 40 40 20 04 fc
INFO - 8a 0e 88 08 40 26 fd be
INFO - 8a 0e c8 20 40 27 f5 fd
INFO - 8a 0e 08 40 40 23 f0 00
INFO - 8a 10 08 08 40 26 f9 be
INFO - 8a 10 48 20 40 27 f5 fd
INFO - 8a 10 88 40 40 20 00 01
INFO - 8a 12 88 08 40 26 f9 be
INFO - 8a 12 c8 20 40 27 f5 fd
INFO - 8a 12 08 40 40 20 04 fc
INFO - 8a 14 08 08 40 26 f9 f8
INFO - 8a 14 48 20 40 27 f5 fb
INFO - 8a 14 88 40 40 23 f0 00
INFO - 8a 16 88 08 40 27 e1 cf
INFO - 8a 16 c8 20 40 27 ed fb
INFO - 8a 16 08 40 40 20 00 01
INFO - 8a 18 08 08 40 27 3d bd
INFO - 8a 18 48 20 40 27 ed fb
INFO - 8a 18 88 40 40 20 04 fc
INFO - 8a 1a 88 08 40 26 f5 bd
INFO - 8a 1a c8 20 40 27 ed fb
INFO - 8a 1a 08 40 40 23 f0 01
INFO - 8a 1c 08 08 40 26 f5 bd
INFO - 8a 1c 48 20 40 27 ed fb
INFO - 8a 1c 88 40 40 20 04 fc
INFO - 8a 1e 88 08 40 26 f5 bd
INFO - 8a 1e c8 20 40 27 ed fb
INFO - 8a 1e 08 40 40 23 f0 fd
INFO - 8a 20 08 08 40 26 f5 bd
INFO - 8a 20 48 20 40 27 ed fb
INFO - 8a 20 88 40 40 23 f4 01
INFO - 8a 22 88 08 40 26 f5 bd
INFO - 8a 22 c8 20 40 27 ed fb
INFO - 8a 22 08 40 40 20 04 fc
INFO - 8a 24 08 08 42 c6 f6 15
INFO - 8a 24 48 20 42 c7 ed fd
INFO - 8a 24 88 40 42 c3 f0 00
INFO - 8a 50 08 08 40 28 56 15
INFO - 8a 50 48 20 40 27 f5 fd
INFO - 8a 50 88 40 40 20 00 00
INFO - 8a 52 88 08 40 28 55 bd
INFO - 8a 52 c8 20 40 27 f5 fd
INFO - 8a 52 08 40 40 20 00 fc
INFO - 8a 54 08 08 40 26 f5 b0
INFO - 8a 54 48 20 40 27 f5 fb
INFO - 8a 54 88 40 40 23 f0 00
INFO - 8a 56 88 08 40 26 c1 b0
INFO - 8a 56 c8 20 40 27 ed fb
INFO - 8a 56 08 40 40 20 00 01
INFO - 8a 58 08 08 40 26 c1 b0
INFO - 8a 58 48 20 40 27 ed fb
INFO - 8a 58 88 40 40 20 04 fc
INFO - 8a 5a 88 08 40 26 c1 b0
INFO - 8a 5a c8 20 40 27 ed fb
INFO - 8a 5a 08 40 40 23 f0 fd
INFO - 8a 5c 08 08 40 26 c1 b0
INFO - 8a 5c 48 20 40 27 ed fb
INFO - 8a 5c 88 40 40 23 f4 01
INFO - 8a 5e 88 08 40 26 c1 b0
INFO - 8a 5e c8 20 40 27 ed fb
INFO - 8a 5e 08 40 40 20 04 fc
INFO - 8a 60 08 08 40 26 c1 b0
INFO - 8a 60 48 20 40 27 ed fb
INFO - 8a 60 88 40 40 23 f0 01
INFO - 8a 62 88 08 40 26 c1 b0
INFO - 8a 62 c8 20 40 27 ed fd
INFO - 8a 62 08 40 40 20 04 fc
INFO - 8a 64 08 08 40 26 c1 b0
INFO - 8a 64 48 20 40 27 f5 fd
INFO - 8a 64 88 40 40 23 f0 fd
INFO - 8a 66 88 08 40 26 c1 b0
INFO - 8a 66 c8 20 40 27 f5 fd
INFO - 8a 66 08 40 40 23 f4 01
INFO - 8a 68 08 08 40 26 c1 b0
INFO - 8a 68 48 20 40 27 f5 fd
INFO - 8a 68 88 40 40 20 04 fc
INFO - 8a 6a 88 08 40 26 c1 b0
INFO - 8a 6a c8 20 40 27 f5 fd
INFO - 8a 6a 08 40 40 23 f0 fd
INFO - 8a 6c 08 08 40 26 c1 b0
INFO - 8a 6c 48 20 40 27 f5 fd
INFO - 8a 6c 88 40 40 23 f4 01
INFO - 8a 6e 88 08 40 26 c1 fe
INFO - 8a 6e c8 20 40 27 f5 ff
INFO - 8a 6e 08 40 40 20 04 fc
INFO - 8a 70 08 08 40 27 fa 10
INFO - 8a 70 48 20 40 27 fd ff
INFO - 8a 70 88 40 40 23 f0 00
INFO - 8a 72 88 08 40 28 42 10
INFO - 8a 72 c8 20 40 27 fd ff
INFO - 8a 72 08 40 40 20 00 01
INFO - 8a 74 08 08 40 28 42 10
INFO - 8a 74 48 20 40 27 fd fd
INFO - 8a 74 88 40 40 20 04 fc
INFO - 8a 76 88 08 40 28 42 10
INFO - 8a 76 c8 20 40 27 f5 fd
INFO - 8a 76 08 40 40 23 f0 01
INFO - 8a 78 08 08 40 28 42 10
INFO - 8a 78 48 20 40 27 f5 fd
INFO - 8a 78 88 40 40 20 04 fc
INFO - 8a 7a 88 08 40 28 42 10
INFO - 8a 7a c8 20 40 27 f5 fd
INFO - 8a 7a 08 40 40 23 f0 00
INFO - 8a 7c 08 08 40 28 42 10
INFO - 8a 7c 48 20 40 27 f5 ff
INFO - 8a 7c 88 40 40 20 00 01
INFO - 8a 7e 88 08 40 28 42 10
INFO - 8a 7e c8 20 40 27 fd ff
INFO - 8a 7e 08 40 40 20 04 fc
INFO - 8a 80 08 08 40 28 42 10
INFO - 8a 80 48 20 40 27 fd ff
INFO - 8a 80 88 40 40 23 f0 fd
INFO - 8a 82 88 08 40 28 41 f3
INFO - 8a 82 c8 20 40 27 fd ff
INFO - 8a 82 08 40 40 23 f4 01
INFO - 8a 84 08 08 40 27 ce 0b
INFO - 8a 84 48 20 40 27 fd ff
INFO - 8a 84 88 40 40 20 04 fc
INFO - 8a 86 88 08 40 28 2e 13
INFO - 8a 86 c8 20 40 27 fd ff
INFO - 8a 86 08 40 40 23 f0 01
INFO - 8a 88 08 08 40 28 4e 13
INFO - 8a 88 48 20 40 27 fd fd
INFO - 8a 88 88 40 40 20 04 fc
INFO - 8a 8a 88 08 40 28 4e 13
INFO - 8a 8a c8 20 40 27 f5 fd
INFO - 8a 8a 08 40 40 23 f0 fd
INFO - 8a 8c 08 08 40 28 4e 13
INFO - 8a 8c 48 20 40 27 f5 ff
INFO - 8a 8c 88 40 40 23 f4 01
INFO - 8a 8e 88 08 40 28 4e 13
INFO - 8a 8e c8 20 40 27 fd ff
INFO - 8a 8e 08 40 40 20 04 fc
INFO - 8a 90 08 08 40 28 4e 13
INFO - 8a 90 48 20 40 27 fd ff
INFO - 8a 90 88 40 40 23 f0 00
INFO - 8a 92 88 08 40 28 4e 13
INFO - 8a 92 c8 20 40 27 fd ff
INFO - 8a 92 08 40 40 20 00 00
INFO - 8a 94 08 08 40 28 4e 13
INFO - 8a 94 48 20 40 27 fd fd
INFO - 8a 94 88 40 40 20 00 01
INFO - 8a 96 88 08 40 28 4e 13
INFO - 8a 96 c8 20 40 27 f5 fd
INFO - 8a 96 08 40 40 20 04 fc
INFO - 8a 98 08 08 40 28 4e 13
INFO - 8a 98 48 20 40 27 f5 fb
INFO - 8a 98 88 40 40 23 f0 fd
INFO - 8a 9a 88 08 40 28 4e 13
INFO - 8a 9a c8 20 40 27 ed fd
INFO - 8a 9a 08 40 40 23 f4 01
INFO - 8a 9c 08 08 40 28 4e 13
INFO - 8a 9c 48 20 40 27 f5 fd
INFO - 8a 9c 88 40 40 20 04 fc
INFO - 8a 9e 88 08 40 28 4e 13
INFO - 8a 9e c8 20 40 27 f5 fd
INFO - 8a 9e 08 40 40 23 f0 01
INFO - 8a a0 08 08 40 28 4e 13
INFO - 8a a0 48 20 40 27 f5 fd
INFO - 8a a0 88 40 40 20 04 fc
INFO - 8a a2 88 08 40 28 4e 13
INFO - 8a a2 c8 20 40 27 f5 fd
INFO - 8a a2 08 40 40 23 f0 01
INFO - 8a a4 08 08 40 28 4d ef
INFO - 8a a4 48 20 40 27 f5 fd
INFO - 8a a4 88 40 40 20 04 fc
INFO - 8a a6 88 08 40 27 bd e8
INFO - 8a a6 c8 20 40 27 f5 fd
INFO - 8a a6 08 40 40 23 f0 00
INFO - 8a a8 08 08 40 27 a1 e8
INFO - 8a a8 48 20 40 27 f5 fd
INFO - 8a a8 88 40 40 20 00 01
INFO - 8a aa 88 08 40 27 a1 e8
INFO - 8a aa c8 20 40 27 f5 fd
INFO - 8a aa 08 40 40 20 04 fc
INFO - 8a ac 08 08 40 27 a1 e8
INFO - 8a ac 48 20 40 27 f5 fd
INFO - 8a ac 88 40 40 23 f0 01
INFO - 8a ae 88 08 40 27 a1 e8
INFO - 8a ae c8 20 40 27 f5 fd
INFO - 8a ae 08 40 40 20 04 fc
INFO - 8a b0 08 08 40 27 a1 e8
INFO - 8a b0 48 20 40 27 f5 fd
INFO - 8a b0 88 40 40 23 f0 fd
INFO - 8a b2 88 08 40 27 a1 e8
INFO - 8a b2 c8 20 40 27 f5 fb
INFO - 8a b2 08 40 40 23 f4 01
INFO - 8a b4 08 08 40 27 a1 e8
INFO - 8a b4 48 20 40 27 ed fb
INFO - 8a b4 88 40 40 20 04 fc
INFO - 8a b6 88 08 40 27 a1 e8
INFO - 8a b6 c8 20 40 27 ed fb
INFO - 8a b6 08 40 40 23 f0 01
INFO - 8a b8 08 08 40 27 a1 e8
INFO - 8a b8 48 20 40 27 ed fb
INFO - 8a b8 88 40 40 20 04 fc
INFO - 8a ba 88 08 40 27 a1 e8
INFO - 8a ba c8 20 40 27 ed fb
INFO - 8a ba 08 40 40 23 f0 fd
INFO - 8a bc 08 08 40 27 a1 e8
INFO - 8a bc 48 20 40 27 ed fd
INFO - 8a bc 88 40 40 23 f4 01
INFO - 8a be 88 08 40 27 a1 e8
INFO - 8a be c8 20 40 27 f5 fd
INFO - 8a be 08 40 40 20 04 fc
INFO - 8a c0 08 08 40 27 a1 e8
INFO - 8a c0 48 20 40 27 f5 ff
INFO - 8a c0 88 40 40 23 f0 fd
INFO - 8a c2 88 08 40 27 a2 02
INFO - 8a c2 c8 20 40 27 fd fd
INFO - 8a c2 08 40 40 23 f4 01
INFO - 8a c4 08 08 40 28 0a 09
INFO - 8a c4 48 20 40 27 f5 fd
INFO - 8a c4 88 40 40 20 04 fc
INFO - 8a c6 88 08 40 28 26 09
INFO - 8a c6 c8 20 40 27 f5 fd
INFO - 8a c6 08 40 40 23 f0 00
INFO - 8a c8 08 08 40 28 26 09
INFO - 8a c8 48 20 40 27 f5 fd
INFO - 8a c8 88 40 40 20 00 01
INFO - 8a ca 88 08 40 28 26 09
INFO - 8a ca c8 20 40 27 f5 fd
INFO - 8a ca 08 40 40 20 04 fc
INFO - 8a cc 08 08 40 28 26 09
INFO - 8a cc 48 20 40 27 f5 fd
INFO - 8a cc 88 40 40 23 f0 fd
INFO - 8a ce 88 08 40 28 26 09
INFO - 8a ce c8 20 40 27 f5 fd
INFO - 8a ce 08 40 40 23 f4 01
INFO - 8a d0 08 08 40 28 26 09
INFO - 8a d0 48 20 40 27 f5 fd
INFO - 8a d0 88 40 40 20 04 fc
INFO - 8a d2 88 08 40 28 26 09
INFO - 8a d2 c8 20 40 27 f5 ff
INFO - 8a d2 08 40 40 23 f0 00
INFO - 8a d4 08 08 40 28 26 09
INFO - 8a d4 48 20 40 27 fd ff
INFO - 8a d4 88 40 40 20 00 01
INFO - 8a d6 88 08 40 28 26 09
INFO - 8a d6 c8 20 40 27 fd ff
INFO - 8a d6 08 40 40 20 04 00
INFO - 8a d8 08 08 40 28 26 09
INFO - 8a d8 48 20 40 27 fd ff
INFO - 8a d8 88 40 40 20 00 fc
INFO - 8a da 88 08 40 28 26 09
INFO - 8a da c8 20 40 27 fd ff
INFO - 8a da 08 40 40 23 f0 00
INFO - 8a dc 08 08 40 28 26 09
INFO - 8a dc 48 20 40 27 fd fd
INFO - 8a dc 88 40 40 20 00 01
INFO - 8a de 88 08 40 28 25 eb
INFO - 8a de c8 20 40 27 f5 fd
INFO - 8a de 08 40 40 20 04 fc
INFO - 8a e0 08 08 40 27 ad e6
INFO - 8a e0 48 20 40 27 f5 fb
INFO - 8a e0 88 40 40 23 f0 00
INFO - 8a e2 88 08 40 27 99 e6
INFO - 8a e2 c8 20 40 27 ed fb
INFO - 8a e2 08 40 40 20 00 01
INFO - 8a e4 08 08 40 27 99 e6
INFO - 8a e4 48 20 40 27 ed fb
INFO - 8a e4 88 40 40 20 04 fc
INFO - 8a e6 88 08 40 27 99 e6
INFO - 8a e6 c8 20 40 27 ed fb
INFO - 8a e6 08 40 40 23 f0 fd
INFO - 8a e8 08 08 40 27 99 e6
INFO - 8a e8 48 20 40 27 ed fb
INFO - 8a e8 88 40 40 23 f4 01
INFO - 8a ea 88 08 40 27 99 e6
INFO - 8a ea c8 20 40 27 ed fb
INFO - 8a ea 08 40 40 20 04 fc
INFO - 8a ec 08 08 40 27 99 e6
INFO - 8a ec 48 20 40 27 ed f9
INFO - 8a ec 88 40 40 23 f0 01
INFO - 8a ee 88 08 40 27 99 e6
INFO - 8a ee c8 20 40 27 e5 fb
INFO - 8a ee 08 40 40 20 04 fc
INFO - 8a f0 08 08 40 27 99 e6
INFO - 8a f0 48 20 40 27 ed fb
INFO - 8a f0 88 40 40 23 f0 fd
INFO - 8a f2 88 08 40 27 99 e6
INFO - 8a f2 c8 20 40 27 ed fb
INFO - 8a f2 08 40 40 23 f4 01
INFO - 8a f4 08 08 40 27 99 e6
INFO - 8a f4 48 20 40 27 ed fd
INFO - 8a f4 88 40 40 20 04 fc
INFO - 8a f6 88 08 40 27 99 e6
INFO - 8a f6 c8 20 40 27 f5 fd
INFO - 8a f6 08 40 40 23 f0 01
INFO - 8a f8 08 08 40 27 99 e6
INFO - 8a f8 48 20 40 27 f5 fd
INFO - 8a f8 88 40 40 20 04 fc
INFO - 8a fa 88 08 40 27 99 e6
INFO - 8a fa c8 20 40 27 f5 ff
INFO - 8a fa 08 40 40 23 f0 fd
INFO - 8a fc 08 08 40 27 99 e6
INFO - 8a fc 48 20 40 27 fd ff
INFO - 8a fc 88 40 40 23 f4 01
INFO - 8a fe 88 08 40 27 9a 0f
INFO - 8a fe c8 20 40 27 fd ff
INFO - 8a fe 08 40 40 20 04 fc
INFO - 8b 00 08 08 40 28 3e 1a
INFO - 8b 00 48 20 40 27 fd ff
INFO - 8b 00 88 40 40 23 f0 01
INFO - 8b 02 88 08 40 28 6a 1a
INFO - 8b 02 c8 20 40 27 fd ff
INFO - 8b 02 08 40 40 20 04 fc
INFO - 8b 04 08 08 40 28 6a 1a
INFO - 8b 04 48 20 40 27 fd ff
INFO - 8b 04 88 40 40 23 f0 fd
INFO - 8b 06 88 08 40 28 6a 1a
INFO - 8b 06 c8 20 40 27 fd fd
INFO - 8b 06 08 40 40 23 f4 01
INFO - 8b 08 08 08 40 28 6a 1a
INFO - 8b 08 48 20 40 27 f5 fd
INFO - 8b 08 88 40 40 20 04 fc
INFO - 8b 0a 88 08 40 28 6a 1a
INFO - 8b 0a c8 20 40 27 f5 fd
INFO - 8b 0a 08 40 40 23 f0 01
INFO - 8b 0c 08 08 40 28 6a 1a
INFO - 8b 0c 48 20 40 27 f5 fb
INFO - 8b 0c 88 40 40 20 04 fc
INFO - 8b 0e 88 08 40 28 6a 1a
INFO - 8b 0e c8 20 40 27 ed fd
INFO - 8b 0e 08 40 40 23 f0 00
INFO - 8b 10 08 08 40 28 6a 1a
INFO - 8b 10 48 20 40 27 f5 fd
INFO - 8b 10 88 40 40 20 00 01
INFO - 8b 12 88 08 40 28 6a 1a
INFO - 8b 12 c8 20 40 27 f5 fd
INFO - 8b 12 08 40 40 20 04 fc
INFO - 8b 14 08 08 40 28 6a 1a
INFO - 8b 14 48 20 40 27 f5 ff
INFO - 8b 14 88 40 40 23 f0 00
INFO - 8b 16 88 08 40 28 6a 1a
INFO - 8b 16 c8 20 40 27 fd ff
INFO - 8b 16 08 40 40 20 00 01
INFO - 8b 18 08 08 40 28 6a 1a
INFO - 8b 18 48 20 40 27 fd ff
INFO - 8b 18 88 40 40 20 04 fc
INFO - 8b 1a 88 08 40 28 6a 1a
INFO - 8b 1a c8 20 40 27 fd ff
INFO - 8b 1a 08 40 40 23 f0 00
INFO - 8b 1c 08 08 40 28 69 fd
INFO - 8b 1c 48 20 40 27 fd ff
INFO - 8b 1c 88 40 40 20 00 01
INFO - 8b 1e 88 08 40 27 f5 f6
INFO - 8b 1e c8 20 40 27 fd fd
INFO - 8b 1e 08 40 40 20 04 fc
INFO - 8b 20 08 08 40 27 d9 f6
INFO - 8b 20 48 20 40 27 f5 fd
INFO - 8b 20 88 40 40 23 f0 01
INFO - 8b 22 88 08 40 27 d9 f6
INFO - 8b 22 c8 20 40 27 f5 ff
INFO - 8b 22 08 40 40 20 04 fc
INFO - 8b 24 08 08 40 27 d9 f6
INFO - 8b 24 48 20 40 27 fd ff
INFO - 8b 24 88 40 40 23 f0 fd
INFO - 8b 26 88 08 40 27 d9 f6
INFO - 8b 26 c8 20 40 27 fd ff
INFO - 8b 26 08 40 40 23 f4 01
INFO - 8b 28 08 08 40 27 d9 f6
INFO - 8b 28 48 20 40 27 fd ff
INFO - 8b 28 88 40 40 20 04 fc
INFO - 8b 2a 88 08 40 27 d9 f6
INFO - 8b 2a c8 20 40 27 fd ff
INFO - 8b 2a 08 40 40 23 f0 00
INFO - 8b 2c 08 08 40 27 d9 f6
INFO - 8b 2c 48 20 40 27 fd ff
INFO - 8b 2c 88 40 40 20 00 01
INFO - 8b 2e 88 08 40 27 d9 f6
INFO - 8b 2e c8 20 40 27 fd fd
INFO - 8b 2e 08 40 40 20 04 fc
INFO - 8b 30 08 08 40 27 d9 f6
INFO - 8b 30 48 20 40 27 f5 fd
INFO - 8b 30 88 40 40 23 f0 00
INFO - 8b 32 88 08 40 27 d9 f6
INFO - 8b 32 c8 20 40 27 f5 fd
INFO - 8b 32 08 40 40 20 00 01
INFO - 8b 34 08 08 40 27 d9 f6
INFO - 8b 34 48 20 40 27 f5 fd
INFO - 8b 34 88 40 40 20 04 fc
INFO - 8b 36 88 08 40 27 d9 f6
INFO - 8b 36 c8 20 40 27 f5 fd
INFO - 8b 36 08 40 40 23 f0 01
INFO - 8b 38 08 08 40 27 d9 f6
INFO - 8b 38 48 20 40 27 f5 fd
INFO - 8b 38 88 40 40 20 04 fc
INFO - 8b 3a 88 08 40 27 da 14
INFO - 8b 3a c8 20 40 27 f5 fd
INFO - 8b 3a 08 40 40 23 f0 fd
INFO - 8b 3c 08 08 40 28 52 1c
INFO - 8b 3c 48 20 40 27 f5 ff
INFO - 8b 3c 88 40 40 23 f4 01
INFO - 8b 3e 88 08 40 28 72 1c
INFO - 8b 3e c8 20 40 27 fd ff
INFO - 8b 3e 08 40 40 20 04 fc
INFO - 8b 40 08 08 40 28 72 1c
INFO - 8b 40 48 20 40 27 fd ff
INFO - 8b 40 88 40 40 23 f0 00
INFO - 8b 42 88 08 40 28 72 1c
INFO - 8b 42 c8 20 40 27 fd ff
INFO - 8b 42 08 40 40 20 00 01
INFO - 8b 44 08 08 40 28 72 1c
INFO - 8b 44 48 20 40 27 fd ff
INFO - 8b 44 88 40 40 20 04 fc
INFO - 8b 46 88 08 40 28 72 1c
INFO - 8b 46 c8 20 40 27 fd ff
INFO - 8b 46 08 40 40 23 f0 01
INFO - 8b 48 08 08 40 28 72 1c
INFO - 8b 48 48 20 40 27 fd ff
INFO - 8b 48 88 40 40 20 04 fc
INFO - 8b 4a 88 08 40 28 72 1c
INFO - 8b 4a c8 20 40 27 fd ff
INFO - 8b 4a 08 40 40 23 f0 fd
INFO - 8b 4c 08 08 40 28 72 1c
INFO - 8b 4c 48 20 40 27 fd ff
INFO - 8b 4c 88 40 40 23 f4 01
INFO - 8b 4e 88 08 40 28 72 1c
INFO - 8b 4e c8 20 40 27 fd ff
INFO - 8b 4e 08 40 40 20 04 fc
INFO - 8b 50 08 08 40 28 72 1c
INFO - 8b 50 48 20 40 27 fd ff
INFO - 8b 50 88 40 40 23 f0 00
INFO - 8b 52 88 08 40 28 72 1c
INFO - 8b 52 c8 20 40 27 fd ff
INFO - 8b 52 08 40 40 20 00 01
INFO - 8b 54 08 08 40 28 72 1c
INFO - 8b 54 48 20 40 27 fd ff
INFO - 8b 54 88 40 40 20 04 fc
INFO - 8b 56 88 08 40 28 72 1c
INFO - 8b 56 c8 20 40 27 fe 01
INFO - 8b 56 08 40 40 23 f0 01
INFO - 8b 58 08 08 40 28 71 f0
INFO - 8b 58 48 20 40 28 06 01
INFO - 8b 58 88 40 40 20 04 fc
INFO - 8b 5a 88 08 40 27 c1 e8
INFO - 8b 5a c8 20 40 28 06 01
INFO - 8b 5a 08 40 40 23 f0 00
INFO - 8b 5c 08 08 40 07 a1 e8
INFO - 8b 5c 48 20 40 08 06 01
INFO - 8b 5c 88 40 40 00 00 fd
INFO - 8b 5c 88 08 40 37 a1 92
INFO - 8b 5c c8 20 40 38 06 03
INFO - 8b 5c 08 40 40 33 f4 00
INFO - 8b 5f 88 08 40 26 49 ad
INFO - 8b 5f c8 20 40 28 0e 03
INFO - 8b 5f 08 40 40 20 00 00
INFO - 8b 61 08 08 40 26 b5 bd
INFO - 8b 61 48 20 40 28 0e 05
INFO - 8b 61 88 40 40 20 00 fc
INFO - 8b 63 88 08 40 26 f5 cd
INFO - 8b 63 c8 20 40 28 16 05
INFO - 8b 63 08 40 40 23 f0 fd
INFO - 8b 65 08 08 40 27 35 d2
INFO - 8b 65 48 20 40 28 16 05
INFO - 8b 65 88 40 40 23 f4 01
INFO - 8b 67 88 08 40 27 49 dd
INFO - 8b 67 c8 20 40 28 16 07
INFO - 8b 67 08 40 40 20 04 fc
INFO - 8b 69 08 08 40 27 75 e2
INFO - 8b 69 48 20 40 28 1e 07
INFO - 8b 69 88 40 40 23 f0 01
INFO - 8b 6b 88 08 40 27 89 e7
INFO - 8b 6b c8 20 40 28 1e 07
INFO - 8b 6b 08 40 40 20 04 fc
INFO - 8b 6d 08 08 40 27 9d ea
INFO - 8b 6d 48 20 40 28 1e 07
INFO - 8b 6d 88 40 40 23 f0 00
INFO - 8b 6f 88 08 40 27 a9 ed
INFO - 8b 6f c8 20 40 28 1e 07
INFO - 8b 6f 08 40 40 20 00 01
INFO - 8b 71 08 08 40 27 b5 ef
INFO - 8b 71 48 20 40 28 1e 07
INFO - 8b 71 88 40 40 20 04 fc
INFO - 8b 73 88 08 40 27 bd f1
INFO - 8b 73 c8 20 40 28 1e 07
INFO - 8b 73 08 40 40 23 f0 fd
INFO - 8b 75 08 08 40 27 c5 f2
INFO - 8b 75 48 20 40 28 1e 09
INFO - 8b 75 88 40 40 23 f4 01
INFO - 8b 77 88 08 40 27 c9 f4
INFO - 8b 77 c8 20 40 28 26 09
INFO - 8b 77 08 40 40 20 04 fc
INFO - 8b 79 08 08 40 27 d1 f5
INFO - 8b 79 48 20 40 28 26 09
INFO - 8b 79 88 40 40 23 f0 01
INFO - 8b 7b 88 08 40 27 d5 f6
INFO - 8b 7b c8 20 40 28 26 09
INFO - 8b 7b 08 40 40 20 04 fc
INFO - 8b 7d 08 08 40 27 d9 f7
INFO - 8b 7d 48 20 40 28 26 09
INFO - 8b 7d 88 40 40 23 f0 fd
INFO - 8b 7f 88 08 40 27 dd f8
INFO - 8b 7f c8 20 40 28 26 09
INFO - 8b 7f 08 40 40 23 f4 01
INFO - 8b 81 08 08 40 27 e1 f9
INFO - 8b 81 48 20 40 28 26 09
INFO - 8b 81 88 40 40 20 04 fc
INFO - 8b 83 88 08 40 27 e5 fa
INFO - 8b 83 c8 20 40 28 26 09
INFO - 8b 83 08 40 40 23 f0 01
INFO - 8b 85 08 08 40 27 e9 fa
INFO - 8b 85 48 20 40 28 26 09
INFO - 8b 85 88 40 40 20 04 fc
INFO - 8b 87 88 08 40 27 e9 fb
INFO - 8b 87 c8 20 40 28 26 09
INFO - 8b 87 08 40 40 23 f0 fd
INFO - 8b 89 08 08 40 27 ed fb
INFO - 8b 89 48 20 40 28 26 09
INFO - 8b 89 88 40 40 23 f4 01
INFO - 8b 8b 88 08 40 27 ed fc
INFO - 8b 8b c8 20 40 28 26 09
INFO - 8b 8b 08 40 40 20 04 fc
INFO - 8b 8d 08 08 40 27 f1 fc
INFO - 8b 8d 48 20 40 28 26 09
INFO - 8b 8d 88 40 40 23 f0 00
INFO - 8b 8f 88 08 40 27 f1 fd
INFO - 8b 8f c8 20 40 28 26 09
INFO - 8b 8f 08 40 40 20 00 01
INFO - 8b 91 08 08 40 27 f5 fd
INFO - 8b 91 48 20 40 28 26 09
INFO - 8b 91 88 40 40 20 04 fc
INFO - 8b 93 88 08 40 27 f5 fe
INFO - 8b 93 c8 20 40 28 26 09
INFO - 8b 93 08 40 40 23 f0 01
INFO - 8b 95 08 08 40 27 f9 fe
INFO - 8b 95 48 20 40 28 26 09
INFO - 8b 95 88 40 40 20 04 fc
INFO - 8b 97 88 08 40 27 f9 ff
INFO - 8b 97 c8 20 40 28 26 09
INFO - 8b 97 08 40 40 23 f0 fd
INFO - 8b 99 08 08 40 27 fd ff
INFO - 8b 99 48 20 40 28 26 09
INFO - 8b 99 88 40 40 23 f4 01
INFO - 8b 9b 88 08 40 27 fd ff
INFO - 8b 9b c8 20 40 28 26 09
INFO - 8b 9b 08 40 40 20 04 fc
INFO - 8b 9d 08 08 40 27 fe 00
INFO - 8b 9d 48 20 40 28 26 09
INFO - 8b 9d 88 40 40 23 f0 00
INFO - 8b 9f 88 08 40 28 02 01
INFO - 8b 9f c8 20 40 28 26 09
INFO - 8b 9f 08 40 40 20 00 01
INFO - 8b a1 08 08 40 28 06 02
INFO - 8b a1 48 20 40 28 26 07
INFO - 8b a1 88 40 40 20 04 fc
INFO - 8b a3 88 08 40 28 0a 03
INFO - 8b a3 c8 20 40 28 1e 07
INFO - 8b a3 08 40 40 23 f0 01
INFO - 8b a5 08 08 40 28 0e 04
INFO - 8b a5 48 20 40 28 1e 07
INFO - 8b a5 88 40 40 20 04 fc
INFO - 8b a7 88 08 40 28 12 06
INFO - 8b a7 c8 20 40 28 1e 07
INFO - 8b a7 08 40 40 23 f0 fd
INFO - 8b a9 08 08 40 28 1a 09
INFO - 8b a9 48 20 40 28 1e 07
INFO - 8b a9 88 40 40 23 f4 01
INFO - 8b ab 88 08 40 28 26 0e
INFO - 8b ab c8 20 40 28 1e 05
INFO - 8b ab 08 40 40 20 04 fc
INFO - 8b ad 08 08 40 28 3a 16
INFO - 8b ad 48 20 40 28 16 05
INFO - 8b ad 88 40 40 23 f0 fd
INFO - 8b af 88 08 40 28 5a 24
INFO - 8b af c8 20 40 28 16 03
INFO - 8b af 08 40 40 23 f4 01
INFO - 8b b1 08 08 40 28 92 44
INFO - 8b b1 48 20 40 28 0e 01
INFO - 8b b1 88 40 40 20 04 fc
INFO - 8b b3 88 08 40 29 12 79
INFO - 8b b3 c8 20 40 28 06 01
INFO - 8b b3 08 40 40 23 f0 01
INFO - 8b b5 08 08 40 09 e6 79
INFO - 8b b5 48 20 40 08 06 01
INFO - 8b b5 88 40 40 00 04 c3
INFO - ac 22 48 40 57 00 00 02
INFO - ac 22 88 40 57 00 00 02
INFO - ac 22 c8 40 57 00 00 02
INFO - ac 22 08 40 57 00 00 02
INFO - 8c a2 88 08 40 24 61 45
INFO - 8c a2 c8 20 40 28 16 05
INFO - 8c a2 08 40 40 23 0c 38
INFO - 8c a4 08 08 40 25 15 56
INFO - 8c a4 48 20 40 28 16 05
INFO - 8c a4 88 40 40 20 e0 01
INFO - 8c a6 88 08 40 25 59 72
INFO - 8c a6 c8 20 40 28 16 07
INFO - 8c a6 08 40 40 20 04 fc
INFO - 8c a8 08 08 40 25 c9 86
INFO - 8c a8 48 20 40 28 1e 07
INFO - 8c a8 88 40 40 23 f0 00
INFO - 8c aa 88 08 40 26 19 9c
INFO - 8c aa c8 20 40 28 1e 07
INFO - 8c aa 08 40 40 20 00 01
INFO - 8c ac 08 08 40 26 71 a8
INFO - 8c ac 48 20 40 28 1e 09
INFO - 8c ac 88 40 40 20 04 fc
INFO - 8c ae 88 08 40 26 a1 b1
INFO - 8c ae c8 20 40 28 26 09
INFO - 8c ae 08 40 40 23 f0 01
INFO - 8c b0 08 08 40 26 c5 b8
INFO - 8c b0 48 20 40 28 26 09
INFO - 8c b0 88 40 40 20 04 fc
INFO - 8c b2 88 08 40 26 e1 be
INFO - 8c b2 c8 20 40 28 26 09
INFO - 8c b2 08 40 40 23 f0 fd
INFO - 8c b4 08 08 40 26 f9 c5
INFO - 8c b4 48 20 40 28 26 09
INFO - 8c b4 88 40 40 23 f4 01
INFO - 8c b6 88 08 40 27 15 cc
INFO - 8c b6 c8 20 40 28 26 09
INFO - 8c b6 08 40 40 20 04 fc
INFO - 8c b8 08 08 40 27 31 cf
INFO - 8c b8 48 20 40 28 26 09
INFO - 8c b8 88 40 40 23 f0 01
INFO - 8c ba 88 08 40 27 3d d5
INFO - 8c ba c8 20 40 28 26 09
INFO - 8c ba 08 40 40 20 04 fc
INFO - 8c bc 08 08 40 27 55 dc
INFO - 8c bc 48 20 40 28 26 09
INFO - 8c bc 88 40 40 23 f0 fd
INFO - 8c be 88 08 40 27 71 e2
INFO - 8c be c8 20 40 28 26 07
INFO - 8c be 08 40 40 23 f4 01
INFO - 8c c0 08 08 40 27 89 ea
INFO - 8c c0 48 20 40 28 1e 07
INFO - 8c c0 88 40 40 20 04 fc
INFO - 8c c2 88 08 40 17 a9 f8
INFO - 8c c2 c8 20 40 18 1e 07
INFO - 8c c2 08 40 40 13 f0 01
INFO - 8c c3 08 08 40 37 e2 13
INFO - 8c c3 48 20 40 38 1e 05
INFO - 8c c3 88 40 40 30 04 fc
INFO - 8c c6 88 08 40 28 4e 6b
INFO - 8c c6 c8 20 40 28 16 01
INFO - 8c c6 08 40 40 23 f0 fd
INFO - 8c c8 08 08 40 29 ae b6
INFO - 8c c8 48 20 40 28 06 01
INFO - 8c c8 88 40 40 23 f4 01
INFO - 8c ca 88 08 40 0a da b6
INFO - 8c ca c8 20 40 08 06 01
INFO - 8c ca 08 40 40 00 04 c3
INFO - 8d 44 88 08 40 27 b1 ec
INFO - 8d 44 c8 20 40 28 26 09
INFO - 8d 44 08 40 40 23 0c 3a
INFO - 8d 46 08 08 40 27 b1 ec
INFO - 8d 46 48 20 40 28 26 09
INFO - 8d 46 88 40 40 20 e8 fd
INFO - 8d 48 88 08 40 27 b1 ec
INFO - 8d 48 c8 20 40 28 26 0b
INFO - 8d 48 08 40 40 23 f4 fd
INFO - 8d 4a 08 08 40 27 b1 ec
INFO - 8d 4a 48 20 40 28 2e 09
INFO - 8d 4a 88 40 40 23 f4 00
INFO - 8d 4c 88 08 40 27 b1 ec
INFO - 8d 4c c8 20 40 28 26 09
INFO - 8d 4c 08 40 40 20 00 01
INFO - 8d 4e 08 08 40 17 b1 ec
INFO - 8d 4e 48 20 40 18 26 09
INFO - 8d 4e 88 40 40 10 04 fc
INFO - 8d 4f 88 08 40 27 b1 ec
INFO - 8d 4f c8 20 40 28 26 09
INFO - 8d 4f 08 40 40 23 f0 02
INFO - 8d 51 08 08 40 27 b1 ec
INFO - 8d 51 48 20 40 28 26 09
INFO - 8d 51 88 40 40 20 08 fc
INFO - 8d 53 88 08 40 27 b1 ec
INFO - 8d 53 c8 20 40 28 26 09
INFO - 8d 53 08 40 40 23 f0 01
INFO - 8d 55 08 08 40 27 b1 ec
INFO - 8d 55 48 20 40 28 26 09
INFO - 8d 55 88 40 40 20 04 fc
INFO - 8d 57 88 08 40 37 b1 f6
INFO - 8d 57 c8 20 40 38 26 05
INFO - 8d 57 08 40 40 33 f0 00
INFO - 8d 5a 88 08 40 07 da 08
INFO - 8d 5a c8 20 40 08 16 05
INFO - 8d 5a 08 40 40 00 00 fd
INFO - 8d 5a 08 08 40 28 22 0c
INFO - 8d 5a 48 20 40 28 16 07
INFO - 8d 5a 88 40 40 23 f4 01
INFO - 8d 5c 88 08 40 28 32 0c
INFO - 8d 5c c8 20 40 28 1e 07
INFO - 8d 5c 08 40 40 20 04 fc
INFO - 8d 5e 08 08 40 28 32 0c
INFO - 8d 5e 48 20 40 28 1e 09
INFO - 8d 5e 88 40 40 23 f0 00
INFO - 8d 60 88 08 40 28 32 0c
INFO - 8d 60 c8 20 40 28 26 09
INFO - 8d 60 08 40 40 20 00 01
INFO - 8d 62 08 08 40 28 32 0c
INFO - 8d 62 48 20 40 28 26 09
INFO - 8d 62 88 40 40 20 04 fc
INFO - 8d 64 88 08 40 28 32 0c
INFO - 8d 64 c8 20 40 28 26 09
INFO - 8d 64 08 40 40 23 f0 00
INFO - 8d 66 08 08 40 28 32 0c
INFO - 8d 66 48 20 40 28 26 09
INFO - 8d 66 88 40 40 20 00 01
INFO - 8d 68 88 08 40 28 32 0c
INFO - 8d 68 c8 20 40 28 26 09
INFO - 8d 68 08 40 40 20 04 fc
INFO - 8d 6a 08 08 40 28 32 0c
INFO - 8d 6a 48 20 40 28 26 0b
INFO - 8d 6a 88 40 40 23 f0 00
INFO - 8d 6c 88 08 40 28 32 0c
INFO - 8d 6c c8 20 40 28 2e 0b
INFO - 8d 6c 08 40 40 20 00 01
INFO - 8d 6e 08 08 40 28 32 0c
INFO - 8d 6e 48 20 40 28 2e 0b
INFO - 8d 6e 88 40 40 20 04 fc
INFO - 8d 70 88 08 40 28 32 0c
INFO - 8d 70 c8 20 40 28 2e 09
INFO - 8d 70 08 40 40 23 f0 fd
INFO - 8d 72 08 08 40 28 32 0c
INFO - 8d 72 48 20 40 28 26 07
INFO - 8d 72 88 40 40 23 f4 01
INFO - 8d 74 88 08 40 28 32 0c
INFO - 8d 74 c8 20 40 28 1e 07
INFO - 8d 74 08 40 40 20 04 fc
INFO - 8d 76 08 08 40 28 32 0d
INFO - 8d 76 48 20 40 28 1e 07
INFO - 8d 76 88 40 40 23 f0 01
INFO - 8d 78 88 08 40 28 36 0d
INFO - 8d 78 c8 20 40 28 1e 07
INFO - 8d 78 08 40 40 20 04 fc
INFO - 8d 7a 08 08 40 28 36 0d
INFO - 8d 7a 48 20 40 28 1e 09
INFO - 8d 7a 88 40 40 23 f0 00
INFO - 8d 7c 88 08 40 28 36 0d
INFO - 8d 7c c8 20 40 28 26 09
INFO - 8d 7c 08 40 40 20 00 01
INFO - 8d 7e 08 08 40 28 36 0d
INFO - 8d 7e 48 20 40 28 26 0b
INFO - 8d 7e 88 40 40 20 04 fc
INFO - 8d 80 88 08 40 28 36 0d
INFO - 8d 80 c8 20 40 28 2e 0b
INFO - 8d 80 08 40 40 23 f0 fd
INFO - 8d 82 08 08 40 28 36 0d
INFO - 8d 82 48 20 40 28 2e 09
INFO - 8d 82 88 40 40 23 f4 01
INFO - 8d 84 88 08 40 28 36 0d
INFO - 8d 84 c8 20 40 28 26 09
INFO - 8d 84 08 40 40 20 04 fc
INFO - 8d 86 08 08 40 28 36 0d
INFO - 8d 86 48 20 40 28 26 09
INFO - 8d 86 88 40 40 23 f0 00
INFO - 8d 88 88 08 40 28 36 0d
INFO - 8d 88 c8 20 40 28 26 09
INFO - 8d 88 08 40 40 20 00 01
INFO - 8d 8a 08 08 40 28 36 0d
INFO - 8d 8a 48 20 40 28 26 09
INFO - 8d 8a 88 40 40 20 04 fc
INFO - 8d 8c 88 08 40 28 36 0d
INFO - 8d 8c c8 20 40 28 26 07
INFO - 8d 8c 08 40 40 23 f0 fd
INFO - 8d 8e 08 08 40 28 36 0d
INFO - 8d 8e 48 20 40 28 1e 07
INFO - 8d 8e 88 40 40 23 f4 01
INFO - 8d 90 88 08 40 28 36 0d
INFO - 8d 90 c8 20 40 28 1e 07
INFO - 8d 90 08 40 40 20 04 fc
INFO - 8d 92 08 08 40 28 36 0d
INFO - 8d 92 48 20 40 28 1e 07
INFO - 8d 92 88 40 40 23 f0 00
INFO - 8d 94 88 08 40 28 36 0d
INFO - 8d 94 c8 20 40 28 1e 09
INFO - 8d 94 08 40 40 20 00 01
INFO - 8d 96 08 08 40 28 35 f0
INFO - 8d 96 48 20 40 28 26 0b
INFO - 8d 96 88 40 40 20 04 fc
INFO - 8d 98 88 08 40 27 c1 e9
INFO - 8d 98 c8 20 40 28 2e 09
INFO - 8d 98 08 40 40 23 f0 fd
INFO - 8d 9a 08 08 40 27 a5 e9
INFO - 8d 9a 48 20 40 28 26 09
INFO - 8d 9a 88 40 40 23 f4 01
INFO - 8d 9c 88 08 40 27 a5 e9
INFO - 8d 9c c8 20 40 28 26 07
INFO - 8d 9c 08 40 40 20 04 fc
INFO - 8d 9e 08 08 40 27 a5 e9
INFO - 8d 9e 48 20 40 28 1e 07
INFO - 8d 9e 88 40 40 23 f0 01
INFO - 8d a0 88 08 40 27 a5 e9
INFO - 8d a0 c8 20 40 28 1e 09
INFO - 8d a0 08 40 40 20 04 fc
INFO - 8d a2 08 08 40 27 a5 e9
INFO - 8d a2 48 20 40 28 26 09
INFO - 8d a2 88 40 40 23 f0 01
INFO - 8d a4 88 08 40 27 a5 e9
INFO - 8d a4 c8 20 40 28 26 07
INFO - 8d a4 08 40 40 20 04 fc
INFO - 8d a6 08 08 40 27 a5 e9
INFO - 8d a6 48 20 40 28 1e 05
INFO - 8d a6 88 40 40 23 f0 00
INFO - 8d a8 88 08 40 27 a5 e9
INFO - 8d a8 c8 20 40 28 16 05
INFO - 8d a8 08 40 40 20 00 01
INFO - 8d aa 08 08 40 27 a5 e9
INFO - 8d aa 48 20 40 28 16 05
INFO - 8d aa 88 40 40 20 04 fc
INFO - 8d ac 88 08 40 27 a5 e9
INFO - 8d ac c8 20 40 28 16 07
INFO - 8d ac 08 40 40 23 f0 fd
INFO - 8d ae 08 08 40 27 a5 e9
INFO - 8d ae 48 20 40 28 1e 07
INFO - 8d ae 88 40 40 23 f4 01
INFO - 8d b0 88 08 40 27 a5 e9
INFO - 8d b0 c8 20 40 28 1e 07
INFO - 8d b0 08 40 40 20 04 fc
INFO - 8d b2 08 08 40 27 a5 e9
INFO - 8d b2 48 20 40 28 1e 05
INFO - 8d b2 88 40 40 23 f0 01
INFO - 8d b4 88 08 40 27 a6 1d
INFO - 8d b4 c8 20 40 28 16 05
INFO - 8d b4 08 40 40 20 04 fc
INFO - 8d b6 08 08 40 28 76 2c
INFO - 8d b6 48 20 40 28 16 05
INFO - 8d b6 88 40 40 23 f0 fd
INFO - 8d b8 88 08 40 28 b2 2c
INFO - 8d b8 c8 20 40 28 16 07
INFO - 8d b8 08 40 40 23 f4 01
INFO - 8d ba 08 08 40 28 b2 2c
INFO - 8d ba 48 20 40 28 1e 07
INFO - 8d ba 88 40 40 20 04 fc
INFO - 8d bc 88 08 40 28 b2 2c
INFO - 8d bc c8 20 40 28 1e 07
INFO - 8d bc 08 40 40 23 f0 00
INFO - 8d be 08 08 40 28 b2 2c
INFO - 8d be 48 20 40 28 1e 05
INFO - 8d be 88 40 40 20 00 01
INFO - 8d c0 88 08 40 28 b2 2c
INFO - 8d c0 c8 20 40 28 16 05
INFO - 8d c0 08 40 40 20 04 fc
INFO - 8d c2 08 08 40 28 b2 2c
INFO - 8d c2 48 20 40 28 16 05
INFO - 8d c2 88 40 40 23 f0 01
INFO - 8d c4 88 08 40 28 b2 2c
INFO - 8d c4 c8 20 40 28 16 05
INFO - 8d c4 08 40 40 20 04 fc
INFO - 8d c6 08 08 40 28 b2 2c
INFO - 8d c6 48 20 40 28 16 05
INFO - 8d c6 88 40 40 23 f0 fd
INFO - 8d c8 88 08 40 28 b2 2c
INFO - 8d c8 c8 20 40 28 16 05
INFO - 8d c8 08 40 40 23 f4 01
INFO - 8d ca 08 08 40 28 b2 2c
INFO - 8d ca 48 20 40 28 16 05
INFO - 8d ca 88 40 40 20 04 fc
INFO - 8d cc 88 08 40 28 b2 2c
INFO - 8d cc c8 20 40 28 16 05
INFO - 8d cc 08 40 40 23 f0 01
INFO - 8d ce 08 08 40 28 b2 2c
INFO - 8d ce 48 20 40 28 16 05
INFO - 8d ce 88 40 40 20 04 fc
INFO - 8d d0 88 08 40 28 b2 2c
INFO - 8d d0 c8 20 40 28 16 05
INFO - 8d d0 08 40 40 23 f0 01
INFO - 8d d2 08 08 40 28 b2 02
INFO - 8d d2 48 20 40 28 16 03
INFO - 8d d2 88 40 40 20 04 fc
INFO - 8d d4 88 08 40 28 09 fa
INFO - 8d d4 c8 20 40 28 0e 03
INFO - 8d d4 08 40 40 23 f0 00
INFO - 8d d6 08 08 40 07 e9 fa
INFO - 8d d6 48 20 40 08 0e 03
INFO - 8d d6 88 40 40 00 00 c5
INFO - 8e 10 88 08 40 27 e9 f0
INFO - 8e 10 c8 20 40 28 16 05
INFO - 8e 10 08 40 40 23 14 3a
INFO - 8e 12 08 08 40 27 c1 ee
INFO - 8e 12 48 20 40 28 16 05
INFO - 8e 12 88 40 40 20 e8 fc
INFO - 8e 14 88 08 40 27 b9 ee
INFO - 8e 14 c8 20 40 28 16 05
INFO - 8e 14 08 40 40 23 f0 00
INFO - 8e 16 08 08 40 27 b9 ee
INFO - 8e 16 48 20 40 28 16 05
INFO - 8e 16 88 40 40 20 00 01
INFO - 8e 18 88 08 40 27 b9 ee
INFO - 8e 18 c8 20 40 28 16 05
INFO - 8e 18 08 40 40 20 04 fc
INFO - 8e 1a 08 08 40 27 b9 ee
INFO - 8e 1a 48 20 40 28 16 05
INFO - 8e 1a 88 40 40 23 f0 01
INFO - 8e 1c 88 08 40 27 b9 ee
INFO - 8e 1c c8 20 40 28 16 05
INFO - 8e 1c 08 40 40 20 04 fc
INFO - 8e 1e 08 08 40 27 b9 ee
INFO - 8e 1e 48 20 40 28 16 05
INFO - 8e 1e 88 40 40 23 f0 fd
INFO - 8e 20 88 08 40 27 b9 ee
INFO - 8e 20 c8 20 40 28 16 05
INFO - 8e 20 08 40 40 23 f4 01
INFO - 8e 22 08 08 40 27 b9 ee
INFO - 8e 22 48 20 40 28 16 03
INFO - 8e 22 88 40 40 20 04 fc
INFO - 8e 24 88 08 40 27 b9 ee
INFO - 8e 24 c8 20 40 28 0e 01
INFO - 8e 24 08 40 40 23 f0 01
INFO - 8e 26 08 08 40 27 b9 ee
INFO - 8e 26 48 20 40 28 06 01
INFO - 8e 26 88 40 40 20 04 fc
INFO - 8e 28 88 08 40 27 b9 ee
INFO - 8e 28 c8 20 40 28 06 03
INFO - 8e 28 08 40 40 23 f0 00
INFO - 8e 2a 08 08 40 27 b9 ee
INFO - 8e 2a 48 20 40 28 0e 05
INFO - 8e 2a 88 40 40 20 00 01
INFO - 8e 2c 88 08 40 27 b9 ee
INFO - 8e 2c c8 20 40 28 16 05
INFO - 8e 2c 08 40 40 20 04 fc
INFO - 8e 2e 08 08 40 27 b9 f6
INFO - 8e 2e 48 20 40 28 16 03
INFO - 8e 2e 88 40 40 23 f0 01
INFO - 8e 30 88 08 40 27 d9 f8
INFO - 8e 30 c8 20 40 28 0e 01
INFO - 8e 30 08 40 40 20 04 fc
INFO - 8e 32 08 08 40 27 e1 f8
INFO - 8e 32 48 20 40 28 06 01
INFO - 8e 32 88 40 40 23 f0 00
INFO - 8e 34 88 08 40 27 e1 f8
INFO - 8e 34 c8 20 40 28 05 ff
INFO - 8e 34 08 40 40 20 00 01
INFO - 8e 36 08 08 40 27 e1 f8
INFO - 8e 36 48 20 40 27 fd ff
INFO - 8e 36 88 40 40 20 04 fc
INFO - 8e 38 88 08 40 27 e1 f8
INFO - 8e 38 c8 20 40 27 fd ff
INFO - 8e 38 08 40 40 23 f0 01
INFO - 8e 3a 08 08 40 27 e1 f8
INFO - 8e 3a 48 20 40 27 fe 01
INFO - 8e 3a 88 40 40 20 04 fc
INFO - 8e 3c 88 08 40 27 e1 f8
INFO - 8e 3c c8 20 40 28 06 01
INFO - 8e 3c 08 40 40 23 f0 fd
INFO - 8e 3e 08 08 40 27 e1 f8
INFO - 8e 3e 48 20 40 28 06 05
INFO - 8e 3e 88 40 40 23 f4 01
INFO - 8e 40 88 08 40 27 e1 f8
INFO - 8e 40 c8 20 40 28 16 07
INFO - 8e 40 08 40 40 20 04 fc
INFO - 8e 42 08 08 40 27 e1 f8
INFO - 8e 42 48 20 40 28 1e 07
INFO - 8e 42 88 40 40 23 f0 00
INFO - 8e 44 88 08 40 27 e1 f8
INFO - 8e 44 c8 20 40 28 1e 07
INFO - 8e 44 08 40 40 20 00 01
INFO - 8e 46 08 08 40 27 e1 f8
INFO - 8e 46 48 20 40 28 1e 05
INFO - 8e 46 88 40 40 20 04 fc
INFO - 8e 48 88 08 40 27 e1 f8
INFO - 8e 48 c8 20 40 28 16 03
INFO - 8e 48 08 40 40 23 f0 01
INFO - 8e 4a 08 08 40 27 e1 f3
INFO - 8e 4a 48 20 40 28 0e 01
INFO - 8e 4a 88 40 40 20 04 fc
INFO - 8e 4c 88 08 40 27 cd f2
INFO - 8e 4c c8 20 40 28 05 ff
INFO - 8e 4c 08 40 40 23 f0 00
INFO - 8e 4e 08 08 40 27 c9 f2
INFO - 8e 4e 48 20 40 27 fd ff
INFO - 8e 4e 88 40 40 20 00 01
INFO - 8e 50 88 08 40 27 c9 f2
INFO - 8e 50 c8 20 40 27 fd ff
INFO - 8e 50 08 40 40 20 04 fc
INFO - 8e 52 08 08 40 27 c9 f2
INFO - 8e 52 48 20 40 27 fd ff
INFO - 8e 52 88 40 40 23 f0 01
INFO - 8e 54 88 08 40 27 c9 f2
INFO - 8e 54 c8 20 40 27 fd ff
INFO - 8e 54 08 40 40 20 04 fc
INFO - 8e 56 08 08 40 27 c9 f2
INFO - 8e 56 48 20 40 27 fd ff
INFO - 8e 56 88 40 40 23 f0 fd
INFO - 8e 58 88 08 40 27 c9 f2
INFO - 8e 58 c8 20 40 27 fd ff
INFO - 8e 58 08 40 40 23 f4 01
INFO - 8e 5a 08 08 40 27 c9 f2
INFO - 8e 5a 48 20 40 27 fd ff
INFO - 8e 5a 88 40 40 20 04 fc
INFO - 8e 5c 88 08 40 27 c9 f2
INFO - 8e 5c c8 20 40 27 fd fd
INFO - 8e 5c 08 40 40 23 f0 00
INFO - 8e 5e 08 08 40 27 c9 f2
INFO - 8e 5e 48 20 40 27 f5 fd
INFO - 8e 5e 88 40 40 20 00 01
INFO - 8e 60 88 08 40 27 c9 f2
INFO - 8e 60 c8 20 40 27 f5 fd
INFO - 8e 60 08 40 40 20 04 fc
INFO - 8e 62 08 08 40 27 c9 f2
INFO - 8e 62 48 20 40 27 f5 ff
INFO - 8e 62 88 40 40 23 f0 fd
INFO - 8e 64 88 08 40 27 c9 f2
INFO - 8e 64 c8 20 40 27 fd ff
INFO - 8e 64 08 40 40 23 f4 01
INFO - 8e 66 08 08 40 27 c9 f2
INFO - 8e 66 48 20 40 27 fd ff
INFO - 8e 66 88 40 40 20 04 fc
INFO - 8e 68 88 08 40 27 c9 f2
INFO - 8e 68 c8 20 40 27 fd ff
INFO - 8e 68 08 40 40 23 f0 01
INFO - 8e 6a 08 08 40 27 ca 6f
INFO - 8e 6a 48 20 40 27 fd ff
INFO - 8e 6a 88 40 40 20 04 fc
INFO - 8e 6c 88 08 40 29 be 81
INFO - 8e 6c c8 20 40 27 fd ff
INFO - 8e 6c 08 40 40 23 f0 00
INFO - 8e 6e 08 08 40 2a 06 81
INFO - 8e 6e 48 20 40 27 fd ff
INFO - 8e 6e 88 40 40 20 00 01
INFO - 8e 70 88 08 40 2a 06 81
INFO - 8e 70 c8 20 40 27 fd ff
INFO - 8e 70 08 40 40 20 04 fc
INFO - 8e 72 08 08 40 2a 06 81
INFO - 8e 72 48 20 40 27 fd ff
INFO - 8e 72 88 40 40 23 f0 fd
INFO - 8e 74 88 08 40 2a 06 81
INFO - 8e 74 c8 20 40 27 fd ff
INFO - 8e 74 08 40 40 23 f4 01
INFO - 8e 76 08 08 40 2a 06 81
INFO - 8e 76 48 20 40 27 fe 01
INFO - 8e 76 88 40 40 20 04 fc
INFO - 8e 78 88 08 40 2a 06 1b
INFO - 8e 78 c8 20 40 28 06 01
INFO - 8e 78 08 40 40 23 f0 01
INFO - 8e 7a 08 08 40 28 6d f3
INFO - 8e 7a 48 20 40 28 06 01
INFO - 8e 7a 88 40 40 20 04 fc
INFO - 8e 7c 88 08 40 27 cd f3
INFO - 8e 7c c8 20 40 28 06 01
INFO - 8e 7c 08 40 40 23 f0 fd
INFO - 8e 7e 08 08 40 27 cd f3
INFO - 8e 7e 48 20 40 28 05 ff
INFO - 8e 7e 88 40 40 23 f4 01
INFO - 8e 80 88 08 40 27 cd f3
INFO - 8e 80 c8 20 40 27 fd ff
INFO - 8e 80 08 40 40 20 04 fc
INFO - 8e 82 08 08 40 27 cd f3
INFO - 8e 82 48 20 40 27 fd ff
INFO - 8e 82 88 40 40 23 f0 00
INFO - 8e 84 88 08 40 27 cd f3
INFO - 8e 84 c8 20 40 27 fd ff
INFO - 8e 84 08 40 40 20 00 01
INFO - 8e 86 08 08 40 27 cd f3
INFO - 8e 86 48 20 40 27 fd ff
INFO - 8e 86 88 40 40 20 04 fc
INFO - 8e 88 88 08 40 27 cd f3
INFO - 8e 88 c8 20 40 27 fd ff
INFO - 8e 88 08 40 40 23 f0 fd
INFO - 8e 8a 08 08 40 27 cd f3
INFO - 8e 8a 48 20 40 27 fd ff
INFO - 8e 8a 88 40 40 23 f4 01
INFO - 8e 8c 88 08 40 27 cd f3
INFO - 8e 8c c8 20 40 27 fd ff
INFO - 8e 8c 08 40 40 20 04 fc
INFO - 8e 8e 08 08 40 27 cd f3
INFO - 8e 8e 48 20 40 27 fd ff
INFO - 8e 8e 88 40 40 23 f0 01
INFO - 8e 90 88 08 40 27 cd f3
INFO - 8e 90 c8 20 40 27 fd ff
INFO - 8e 90 08 40 40 20 04 fc
INFO - 8e 92 08 08 40 27 cd f3
INFO - 8e 92 48 20 40 27 fd ff
INFO - 8e 92 88 40 40 23 f0 00
INFO - 8e 94 88 08 40 27 cd f3
INFO - 8e 94 c8 20 40 27 fd ff
INFO - 8e 94 08 40 40 20 00 01
INFO - 8e 96 08 08 40 27 cd f3
INFO - 8e 96 48 20 40 27 fd ff
INFO - 8e 96 88 40 40 20 04 fc
INFO - 8e 98 88 08 40 27 ce 05
INFO - 8e 98 c8 20 40 27 fd ff
INFO - 8e 98 08 40 40 23 f0 01
INFO - 8e 9a 08 08 40 28 16 0a
INFO - 8e 9a 48 20 40 27 fd ff
INFO - 8e 9a 88 40 40 20 04 fc
INFO - 8e 9c 88 08 40 28 2a 0a
INFO - 8e 9c c8 20 40 27 fd ff
INFO - 8e 9c 08 40 40 23 f0 00
INFO - 8e 9e 08 08 40 28 2a 0a
INFO - 8e 9e 48 20 40 27 fe 01
INFO - 8e 9e 88 40 40 20 00 01
INFO - 8e a0 88 08 40 28 2a 0a
INFO - 8e a0 c8 20 40 28 06 01
INFO - 8e a0 08 40 40 20 04 fc
INFO - 8e a2 08 08 40 28 2a 0a
INFO - 8e a2 48 20 40 28 05 ff
INFO - 8e a2 88 40 40 23 f0 00
INFO - 8e a4 88 08 40 28 2a 0a
INFO - 8e a4 c8 20 40 27 fd ff
INFO - 8e a4 08 40 40 20 00 01
INFO - 8e a6 08 08 40 28 2a 0a
INFO - 8e a6 48 20 40 27 fd ff
INFO - 8e a6 88 40 40 20 04 fc
INFO - 8e a8 88 08 40 28 2a 0a
INFO - 8e a8 c8 20 40 27 fd ff
INFO - 8e a8 08 40 40 23 f0 01
INFO - 8e aa 08 08 40 28 2a 0a
INFO - 8e aa 48 20 40 27 fd ff
INFO - 8e aa 88 40 40 20 04 fc
INFO - 8e ac 88 08 40 28 2a 0a
INFO - 8e ac c8 20 40 27 fd ff
INFO - 8e ac 08 40 40 23 f0 00
INFO - 8e ae 08 08 40 28 2a 0a
INFO - 8e ae 48 20 40 27 fd ff
INFO - 8e ae 88 40 40 20 00 01
INFO - 8e b0 88 08 40 28 2a 0a
INFO - 8e b0 c8 20 40 27 fd ff
INFO - 8e b0 08 40 40 20 04 fc
INFO - 8e b2 08 08 40 28 2a 0a
INFO - 8e b2 48 20 40 27 fd ff
INFO - 8e b2 88 40 40 23 f0 00
INFO - 8e b4 88 08 40 28 2a 0a
INFO - 8e b4 c8 20 40 27 fd ff
INFO - 8e b4 08 40 40 20 00 01
INFO - 8e b6 08 08 40 28 2a 0e
INFO - 8e b6 48 20 40 27 fd fb
INFO - 8e b6 88 40 40 20 04 fc
INFO - 8e b8 88 08 40 28 3a 10
INFO - 8e b8 c8 20 40 27 ed f9
INFO - 8e b8 08 40 40 23 f0 01
INFO - 8e ba 08 08 40 28 42 10
INFO - 8e ba 48 20 40 27 e5 f9
INFO - 8e ba 88 40 40 20 04 fc
INFO - 8e bc 88 08 40 28 42 10
INFO - 8e bc c8 20 40 27 e5 fb
INFO - 8e bc 08 40 40 23 f0 fd
INFO - 8e be 08 08 40 28 42 10
INFO - 8e be 48 20 40 27 ed fd
INFO - 8e be 88 40 40 23 f4 01
INFO - 8e c0 88 08 40 28 42 10
INFO - 8e c0 c8 20 40 27 f5 ff
INFO - 8e c0 08 40 40 20 04 fc
INFO - 8e c2 08 08 40 28 42 10
INFO - 8e c2 48 20 40 27 fd ff
INFO - 8e c2 88 40 40 23 f0 01
INFO - 8e c4 88 08 40 28 42 10
INFO - 8e c4 c8 20 40 27 fd ff
INFO - 8e c4 08 40 40 20 04 fc
INFO - 8e c6 08 08 40 28 42 10
INFO - 8e c6 48 20 40 27 fd fd
INFO - 8e c6 88 40 40 23 f0 00
INFO - 8e c8 88 08 40 28 42 10
INFO - 8e c8 c8 20 40 27 f5 fd
INFO - 8e c8 08 40 40 20 00 fd
INFO - 8e ca 08 08 40 28 42 10
INFO - 8e ca 48 20 40 27 f5 fd
INFO - 8e ca 88 40 40 23 f4 01
INFO - 8e cc 88 08 40 28 42 10
INFO - 8e cc c8 20 40 27 f5 fd
INFO - 8e cc 08 40 40 20 04 fc
INFO - 8e ce 08 08 40 28 42 10
INFO - 8e ce 48 20 40 27 f5 ff
INFO - 8e ce 88 40 40 23 f0 01
INFO - 8e d0 88 08 40 28 42 10
INFO - 8e d0 c8 20 40 27 fd ff
INFO - 8e d0 08 40 40 20 04 fc
INFO - 8e d2 08 08 40 28 42 10
INFO - 8e d2 48 20 40 27 fd ff
INFO - 8e d2 88 40 40 23 f0 00
INFO - 8e d4 88 08 40 28 41 f8
INFO - 8e d4 c8 20 40 27 fd ff
INFO - 8e d4 08 40 40 20 00 01
INFO - 8e d6 08 08 40 27 e1 f3
INFO - 8e d6 48 20 40 27 fd fd
INFO - 8e d6 88 40 40 20 04 fc
INFO - 8e d8 88 08 40 27 cd f3
INFO - 8e d8 c8 20 40 27 f5 fd
INFO - 8e d8 08 40 40 23 f0 01
INFO - 8e da 08 08 40 27 cd f3
INFO - 8e da 48 20 40 27 f5 fb
INFO - 8e da 88 40 40 20 04 fc
INFO - 8e dc 88 08 40 27 cd f3
INFO - 8e dc c8 20 40 27 ed fb
INFO - 8e dc 08 40 40 23 f0 00
INFO - 8e de 08 08 40 27 cd f3
INFO - 8e de 48 20 40 27 ed fd
INFO - 8e de 88 40 40 20 00 01
INFO - 8e e0 88 08 40 27 cd f3
INFO - 8e e0 c8 20 40 27 f5 fd
INFO - 8e e0 08 40 40 20 04 fc
INFO - 8e e2 08 08 40 27 cd f3
INFO - 8e e2 48 20 40 27 f5 fd
INFO - 8e e2 88 40 40 23 f0 fd
INFO - 8e e4 88 08 40 27 cd f3
INFO - 8e e4 c8 20 40 27 f5 fd
INFO - 8e e4 08 40 40 23 f4 01
INFO - 8e e6 08 08 40 27 cd f3
INFO - 8e e6 48 20 40 27 f5 fd
INFO - 8e e6 88 40 40 20 04 fc
INFO - 8e e8 88 08 40 27 cd f3
INFO - 8e e8 c8 20 40 27 f5 fd
INFO - 8e e8 08 40 40 23 f0 01
INFO - 8e ea 08 08 40 27 cd f3
INFO - 8e ea 48 20 40 27 f5 ff
INFO - 8e ea 88 40 40 20 04 fc
INFO - 8e ec 88 08 40 27 cd f3
INFO - 8e ec c8 20 40 27 fd ff
INFO - 8e ec 08 40 40 23 f0 00
INFO - 8e ee 08 08 40 27 cd f3
INFO - 8e ee 48 20 40 27 fd fd
INFO - 8e ee 88 40 40 20 00 01
INFO - 8e f0 88 08 40 27 cd ea
INFO - 8e f0 c8 20 40 27 f5 fb
INFO - 8e f0 08 40 40 20 04 fc
INFO - 8e f2 08 08 40 27 a9 e8
INFO - 8e f2 48 20 40 27 ed fb
INFO - 8e f2 88 40 40 23 f0 01
INFO - 8e f4 88 08 40 27 a1 e8
INFO - 8e f4 c8 20 40 27 ed f9
INFO - 8e f4 08 40 40 20 04 fc
INFO - 8e f6 08 08 40 27 a1 e8
INFO - 8e f6 48 20 40 27 e5 fb
INFO - 8e f6 88 40 40 23 f0 00
INFO - 8e f8 88 08 40 27 a1 e8
INFO - 8e f8 c8 20 40 27 ed fb
INFO - 8e f8 08 40 40 20 00 01
INFO - 8e fa 08 08 40 27 a1 e8
INFO - 8e fa 48 20 40 27 ed fb
INFO - 8e fa 88 40 40 20 04 fc
INFO - 8e fc 88 08 40 27 a1 e8
INFO - 8e fc c8 20 40 27 ed fb
INFO - 8e fc 08 40 40 23 f0 01
INFO - 8e fe 08 08 40 27 a1 e8
INFO - 8e fe 48 20 40 27 ed fb
INFO - 8e fe 88 40 40 20 04 fc
INFO - 8f 00 88 08 40 27 a1 e8
INFO - 8f 00 c8 20 40 27 ed fb
INFO - 8f 00 08 40 40 23 f0 00
INFO - 8f 02 08 08 40 27 a1 e8
INFO - 8f 02 48 20 40 27 ed f9
INFO - 8f 02 88 40 40 20 00 01
INFO - 8f 04 88 08 40 27 a1 e8
INFO - 8f 04 c8 20 40 27 e5 f9
INFO - 8f 04 08 40 40 20 04 fc
INFO - 8f 06 08 08 40 27 a1 e8
INFO - 8f 06 48 20 40 27 e5 fb
INFO - 8f 06 88 40 40 23 f0 fd
INFO - 8f 08 88 08 40 27 a1 e8
INFO - 8f 08 c8 20 40 27 ed fb
INFO - 8f 08 08 40 40 23 f4 01
INFO - 8f 0a 08 08 40 27 a1 e8
INFO - 8f 0a 48 20 40 27 ed fd
INFO - 8f 0a 88 40 40 20 04 fc
INFO - 8f 0c 88 08 40 27 a1 e8
INFO - 8f 0c c8 20 40 27 f5 fd
INFO - 8f 0c 08 40 40 23 f0 01
INFO - 8f 0e 08 08 40 27 a1 e8
INFO - 8f 0e 48 20 40 27 f5 fd
INFO - 8f 0e 88 40 40 20 04 fc
INFO - 8f 10 88 08 40 27 a2 0c
INFO - 8f 10 c8 20 40 27 f5 fb
INFO - 8f 10 08 40 40 23 f0 00
INFO - 8f 12 08 08 40 28 32 15
INFO - 8f 12 48 20 40 27 ed fb
INFO - 8f 12 88 40 40 20 00 01
INFO - 8f 14 88 08 40 28 56 15
INFO - 8f 14 c8 20 40 27 ed f9
INFO - 8f 14 08 40 40 20 04 fc
INFO - 8f 16 08 08 40 28 56 15
INFO - 8f 16 48 20 40 27 e5 f9
INFO - 8f 16 88 40 40 23 f0 00
INFO - 8f 18 88 08 40 28 56 15
INFO - 8f 18 c8 20 40 27 e5 f9
INFO - 8f 18 08 40 40 20 00 01
INFO - 8f 1a 08 08 40 28 56 15
INFO - 8f 1a 48 20 40 27 e5 fb
INFO - 8f 1a 88 40 40 20 04 fc
INFO - 8f 1c 88 08 40 28 56 15
INFO - 8f 1c c8 20 40 27 ed fb
INFO - 8f 1c 08 40 40 23 f0 01
INFO - 8f 1e 08 08 40 28 56 15
INFO - 8f 1e 48 20 40 27 ed fb
INFO - 8f 1e 88 40 40 20 04 fc
INFO - 8f 20 88 08 40 28 56 15
INFO - 8f 20 c8 20 40 27 ed fb
INFO - 8f 20 08 40 40 23 f0 00
INFO - 8f 22 08 08 40 28 56 15
INFO - 8f 22 48 20 40 27 ed fb
INFO - 8f 22 88 40 40 20 00 01
INFO - 8f 24 88 08 40 28 56 15
INFO - 8f 24 c8 20 40 27 ed f9
INFO - 8f 24 08 40 40 20 04 fc
INFO - 8f 26 08 08 40 28 56 15
INFO - 8f 26 48 20 40 27 e5 f9
INFO - 8f 26 88 40 40 23 f0 00
INFO - 8f 28 88 08 40 28 56 15
INFO - 8f 28 c8 20 40 27 e5 f9
INFO - 8f 28 08 40 40 20 00 01
INFO - 8f 2a 08 08 40 28 56 15
INFO - 8f 2a 48 20 40 27 e5 f9
INFO - 8f 2a 88 40 40 20 04 fc
INFO - 8f 2c 88 08 40 28 56 15
INFO - 8f 2c c8 20 40 27 e5 f7
INFO - 8f 2c 08 40 40 23 f0 01
INFO - 8f 2e 08 08 40 28 56 13
INFO - 8f 2e 48 20 40 27 dd f9
INFO - 8f 2e 88 40 40 20 04 fc
INFO - 8f 30 88 08 40 28 4e 13
INFO - 8f 30 c8 20 40 27 e5 f9
INFO - 8f 30 08 40 40 23 f0 fd
INFO - 8f 32 08 08 40 28 4e 13
INFO - 8f 32 48 20 40 27 e5 f9
INFO - 8f 32 88 40 40 23 f4 01
INFO - 8f 34 88 08 40 28 4e 13
INFO - 8f 34 c8 20 40 27 e5 f9
INFO - 8f 34 08 40 40 20 04 fc
INFO - 8f 36 08 08 40 28 4e 13
INFO - 8f 36 48 20 40 27 e5 f9
INFO - 8f 36 88 40 40 23 f0 00
INFO - 8f 38 88 08 40 28 4e 13
INFO - 8f 38 c8 20 40 27 e5 f9
INFO - 8f 38 08 40 40 20 00 01
INFO - 8f 3a 08 08 40 28 4e 13
INFO - 8f 3a 48 20 40 27 e5 f9
INFO - 8f 3a 88 40 40 20 04 fc
INFO - 8f 3c 88 08 40 28 4e 13
INFO - 8f 3c c8 20 40 27 e5 f9
INFO - 8f 3c 08 40 40 23 f0 01
INFO - 8f 3e 08 08 40 28 4e 13
INFO - 8f 3e 48 20 40 27 e5 f9
INFO - 8f 3e 88 40 40 20 04 fc
INFO - 8f 40 88 08 40 28 4e 13
INFO - 8f 40 c8 20 40 27 e5 f9
INFO - 8f 40 08 40 40 23 f0 fd
INFO - 8f 42 08 08 40 28 4e 13
INFO - 8f 42 48 20 40 27 e5 f7
INFO - 8f 42 88 40 40 23 f4 01
INFO - 8f 44 88 08 40 28 4e 13
INFO - 8f 44 c8 20 40 27 dd f9
INFO - 8f 44 08 40 40 20 04 fc
INFO - 8f 46 08 08 40 28 4e 13
INFO - 8f 46 48 20 40 27 e5 f9
INFO - 8f 46 88 40 40 23 f0 01
INFO - 8f 48 88 08 40 28 4e 13
INFO - 8f 48 c8 20 40 27 e5 f9
INFO - 8f 48 08 40 40 20 04 fc
INFO - 8f 4a 08 08 40 28 4e 13
INFO - 8f 4a 48 20 40 27 e5 f9
INFO - 8f 4a 88 40 40 23 f0 00
INFO - 8f 4c 88 08 40 28 4d f7
INFO - 8f 4c c8 20 40 27 e5 f7
INFO - 8f 4c 08 40 40 20 00 01
INFO - 8f 4e 08 08 40 27 dd f2
INFO - 8f 4e 48 20 40 27 dd f9
INFO - 8f 4e 88 40 40 20 04 fc
INFO - 8f 50 88 08 40 27 c9 f2
INFO - 8f 50 c8 20 40 27 e5 f9
INFO - 8f 50 08 40 40 23 f0 fd
INFO - 8f 52 08 08 40 27 c9 f2
INFO - 8f 52 48 20 40 27 e5 f9
INFO - 8f 52 88 40 40 23 f4 01
INFO - 8f 54 88 08 40 27 c9 f2
INFO - 8f 54 c8 20 40 27 e5 f9
INFO - 8f 54 08 40 40 20 04 fc
INFO - 8f 56 08 08 40 27 c9 f2
INFO - 8f 56 48 20 40 27 e5 f9
INFO - 8f 56 88 40 40 23 f0 01
INFO - 8f 58 88 08 40 27 c9 f2
INFO - 8f 58 c8 20 40 27 e5 f9
INFO - 8f 58 08 40 40 20 04 fc
INFO - 8f 5a 08 08 40 27 c9 f2
INFO - 8f 5a 48 20 40 27 e5 f9
INFO - 8f 5a 88 40 40 23 f0 01
INFO - 8f 5c 88 08 40 27 c9 f2
INFO - 8f 5c c8 20 40 27 e5 f9
INFO - 8f 5c 08 40 40 20 04 fc
INFO - 8f 5e 08 08 40 27 c9 f2
INFO - 8f 5e 48 20 40 27 e5 f9
INFO - 8f 5e 88 40 40 23 f0 01
INFO - 8f 60 88 08 40 27 c9 f2
INFO - 8f 60 c8 20 40 27 e5 f7
INFO - 8f 60 08 40 40 20 04 fc
INFO - 8f 62 08 08 40 27 c9 f2
INFO - 8f 62 48 20 40 27 dd f7
INFO - 8f 62 88 40 40 23 f0 00
INFO - 8f 64 88 08 40 27 c9 f2
INFO - 8f 64 c8 20 40 27 dd f9
INFO - 8f 64 08 40 40 20 00 01
INFO - 8f 66 08 08 40 27 c9 f2
INFO - 8f 66 48 20 40 27 e5 f9
INFO - 8f 66 88 40 40 20 04 fc
INFO - 8f 68 88 08 40 27 c9 f2
INFO - 8f 68 c8 20 40 27 e5 f9
INFO - 8f 68 08 40 40 23 f0 01
INFO - 8f 6a 08 08 40 27 c9 f2
INFO - 8f 6a 48 20 40 27 e5 f9
INFO - 8f 6a 88 40 40 20 04 fc
INFO - 8f 6c 88 08 40 27 c9 e2
INFO - 8f 6c c8 20 40 27 e5 f7
INFO - 8f 6c 08 40 40 23 f0 fd
INFO - 8f 6e 08 08 40 27 89 de
INFO - 8f 6e 48 20 40 27 dd f5
INFO - 8f 6e 88 40 40 23 f4 01
INFO - 8f 70 88 08 40 27 79 de
INFO - 8f 70 c8 20 40 27 d5 f5
INFO - 8f 70 08 40 40 20 04 fc
INFO - 8f 72 08 08 40 27 79 de
INFO - 8f 72 48 20 40 27 d5 f7
INFO - 8f 72 88 40 40 23 f0 01
INFO - 8f 74 88 08 40 27 79 de
INFO - 8f 74 c8 20 40 27 dd f7
INFO - 8f 74 08 40 40 20 04 fc
INFO - 8f 76 08 08 40 27 79 de
INFO - 8f 76 48 20 40 27 dd f7
INFO - 8f 76 88 40 40 23 f0 00
INFO - 8f 78 88 08 40 27 79 de
INFO - 8f 78 c8 20 40 27 dd f7
INFO - 8f 78 08 40 40 20 00 01
INFO - 8f 7a 08 08 40 27 79 de
INFO - 8f 7a 48 20 40 27 dd f7
INFO - 8f 7a 88 40 40 20 04 fc
INFO - 8f 7c 88 08 40 27 79 de
INFO - 8f 7c c8 20 40 27 dd f7
INFO - 8f 7c 08 40 40 23 f0 01
INFO - 8f 7e 08 08 40 27 79 de
INFO - 8f 7e 48 20 40 27 dd f7
INFO - 8f 7e 88 40 40 20 04 fc
INFO - 8f 80 88 08 40 27 79 de
INFO - 8f 80 c8 20 40 27 dd f7
INFO - 8f 80 08 40 40 23 f0 00
INFO - 8f 82 08 08 40 27 79 de
INFO - 8f 82 48 20 40 27 dd f9
INFO - 8f 82 88 40 40 20 00 01
INFO - 8f 84 88 08 40 27 79 de
INFO - 8f 84 c8 20 40 27 e5 f9
INFO - 8f 84 08 40 40 20 04 fc
INFO - 8f 86 08 08 40 27 79 de
INFO - 8f 86 48 20 40 27 e5 f9
INFO - 8f 86 88 40 40 23 f0 fd
INFO - 8f 88 88 08 40 27 79 c1
INFO - 8f 88 c8 20 40 27 e5 f9
INFO - 8f 88 08 40 40 23 f4 01
INFO - 8f 8a 08 08 40 27 05 bd
INFO - 8f 8a 48 20 40 27 e5 f9
INFO - 8f 8a 88 40 40 20 04 fc
INFO - 8f 8c 88 08 40 26 f5 bd
INFO - 8f 8c c8 20 40 27 e5 f9
INFO - 8f 8c 08 40 40 23 f0 01
INFO - 8f 8e 08 08 40 26 f5 bd
INFO - 8f 8e 48 20 40 27 e5 f9
INFO - 8f 8e 88 40 40 20 04 fc
INFO - 8f 90 88 08 40 26 f5 bd
INFO - 8f 90 c8 20 40 27 e5 f9
INFO - 8f 90 08 40 40 23 f0 fd
INFO - 8f 92 08 08 40 26 f5 bd
INFO - 8f 92 48 20 40 27 e5 f7
INFO - 8f 92 88 40 40 23 f4 01
INFO - 8f 94 88 08 40 26 f5 bd
INFO - 8f 94 c8 20 40 27 dd f7
INFO - 8f 94 08 40 40 20 04 fc
INFO - 8f 96 08 08 40 26 f5 bd
INFO - 8f 96 48 20 40 27 dd f7
INFO - 8f 96 88 40 40 23 f0 fd
INFO - 8f 98 88 08 40 26 f5 bd
INFO - 8f 98 c8 20 40 27 dd f7
INFO - 8f 98 08 40 40 23 f4 01
INFO - 8f 9a 08 08 40 26 f5 bd
INFO - 8f 9a 48 20 40 27 dd f9
INFO - 8f 9a 88 40 40 20 04 fc
INFO - 8f 9c 88 08 40 26 f5 bd
INFO - 8f 9c c8 20 40 27 e5 fb
INFO - 8f 9c 08 40 40 23 f0 00
INFO - 8f 9e 08 08 40 26 f5 bd
INFO - 8f 9e 48 20 40 27 ed fb
INFO - 8f 9e 88 40 40 20 00 01
INFO - 8f a0 88 08 40 26 f5 bd
INFO - 8f a0 c8 20 40 27 ed fb
INFO - 8f a0 08 40 40 20 04 fc
INFO - 8f a2 08 08 40 36 f5 ed
INFO - 8f a2 48 20 40 37 ed fb
INFO - 8f a2 88 40 40 33 f0 00
INFO - 8f a5 08 08 40 27 b5 f5
INFO - 8f a5 48 20 40 27 ed fb
INFO - 8f a5 88 40 40 20 00 fd
INFO - 8f a7 88 08 40 27 d5 f9
INFO - 8f a7 c8 20 40 27 ed f9
INFO - 8f a7 08 40 40 23 f4 fd
INFO - 8f a9 08 08 40 27 e5 fb
INFO - 8f a9 48 20 40 27 e5 f9
INFO - 8f a9 88 40 40 23 f4 01
INFO - 8f ab 88 08 40 27 ed fd
INFO - 8f ab c8 20 40 27 e5 f7
INFO - 8f ab 08 40 40 20 04 fc
INFO - 8f ad 08 08 40 27 f5 fe
INFO - 8f ad 48 20 40 27 dd f7
INFO - 8f ad 88 40 40 23 f0 01
INFO - 8f af 88 08 40 27 f9 ff
INFO - 8f af c8 20 40 27 dd f7
INFO - 8f af 08 40 40 20 04 fc
INFO - 8f b1 08 08 40 27 fd ff
INFO - 8f b1 48 20 40 27 dd f7
INFO - 8f b1 88 40 40 23 f0 00
INFO - 8f b3 88 08 40 27 fd ff
INFO - 8f b3 c8 20 40 27 dd f7
INFO - 8f b3 08 40 40 20 00 01
INFO - 8f b5 08 08 40 27 fe 00
INFO - 8f b5 48 20 40 27 dd f7
INFO - 8f b5 88 40 40 20 04 fc
INFO - 8f b7 88 08 40 28 02 01
INFO - 8f b7 c8 20 40 27 dd f5
INFO - 8f b7 08 40 40 23 f0 01
INFO - 8f b9 08 08 40 28 06 01
INFO - 8f b9 48 20 40 27 d5 f5
INFO - 8f b9 88 40 40 20 04 fc
INFO - 8f bb 88 08 40 28 06 02
INFO - 8f bb c8 20 40 27 d5 f5
INFO - 8f bb 08 40 40 23 f0 00
INFO - 8f bd 08 08 40 28 0a 02
INFO - 8f bd 48 20 40 27 d5 f5
INFO - 8f bd 88 40 40 20 00 01
INFO - 8f bf 88 08 40 28 0a 03
INFO - 8f bf c8 20 40 27 d5 f5
INFO - 8f bf 08 40 40 20 04 fc
INFO - 8f c1 08 08 40 28 0e 04
INFO - 8f c1 48 20 40 27 d5 f5
INFO - 8f c1 88 40 40 23 f0 fd
INFO - 8f c3 88 08 40 28 12 04
INFO - 8f c3 c8 20 40 27 d5 f5
INFO - 8f c3 08 40 40 23 f4 01
INFO - 8f c5 08 08 40 28 12 05
INFO - 8f c5 48 20 40 27 d5 f5
INFO - 8f c5 88 40 40 20 04 fc
INFO - 8f c7 88 08 40 28 16 06
INFO - 8f c7 c8 20 40 27 d5 f7
INFO - 8f c7 08 40 40 23 f0 fd
INFO - 8f c9 08 08 40 28 1a 08
INFO - 8f c9 48 20 40 27 dd f7
INFO - 8f c9 88 40 40 23 f4 01
INFO - 8f cb 88 08 40 28 22 08
INFO - 8f cb c8 20 40 27 dd f7
INFO - 8f cb 08 40 40 20 04 fc
INFO - 8f cd 08 08 40 28 22 0a
INFO - 8f cd 48 20 40 27 dd f7
INFO - 8f cd 88 40 40 23 f0 01
INFO - 8f cf 88 08 40 28 2a 0c
INFO - 8f cf c8 20 40 27 dd f7
INFO - 8f cf 08 40 40 20 04 fc
INFO - 8f d1 08 08 40 28 32 0e
INFO - 8f d1 48 20 40 27 dd f7
INFO - 8f d1 88 40 40 23 f0 00
INFO - 8f d3 88 08 40 08 3a 0e
INFO - 8f d3 c8 20 40 07 dd f7
INFO - 8f d3 08 40 40 00 00 c5
INFO - 90 0e 88 08 40 27 5d d7
INFO - 90 0e c8 20 40 27 e5 f9
INFO - 90 0e 08 40 40 23 14 3a
INFO - 90 10 08 08 40 27 5d d7
INFO - 90 10 48 20 40 27 e5 f9
INFO - 90 10 88 40 40 20 e8 fc
INFO - 90 12 88 08 40 27 5d d7
INFO - 90 12 c8 20 40 27 e5 f9
INFO - 90 12 08 40 40 23 f0 01
INFO - 90 14 08 08 40 67 5d d7
INFO - 90 14 48 20 40 67 e5 f7
INFO - 90 14 88 40 40 60 04 fd
INFO - 90 1a 88 08 40 27 5d d7
INFO - 90 1a c8 20 40 27 dd f7
INFO - 90 1a 08 40 40 23 f4 fd
INFO - 90 1c 08 08 40 27 5d d7
INFO - 90 1c 48 20 40 27 dd f7
INFO - 90 1c 88 40 40 23 f4 01
INFO - 90 1e 88 08 40 47 5d d7
INFO - 90 1e c8 20 40 47 dd f7
INFO - 90 1e 08 40 40 40 04 fc
INFO - 90 22 08 08 40 27 5d d7
INFO - 90 22 48 20 40 27 dd f7
INFO - 90 22 88 40 40 23 f0 01
INFO - 90 24 88 08 40 27 5d d1
INFO - 90 24 c8 20 40 27 dd f7
INFO - 90 24 08 40 40 20 04 fc
INFO - 90 26 08 08 40 27 45 bf
INFO - 90 26 48 20 40 27 dd f7
INFO - 90 26 88 40 40 23 f0 00
INFO - 90 28 88 08 40 26 fd b9
INFO - 90 28 c8 20 40 27 dd f7
INFO - 90 28 08 40 40 20 00 01
INFO - 90 2a 08 08 40 26 e5 b9
INFO - 90 2a 48 20 40 27 dd f9
INFO - 90 2a 88 40 40 20 04 fc
INFO - 90 2c 88 08 40 26 e5 b9
INFO - 90 2c c8 20 40 27 e5 f9
INFO - 90 2c 08 40 40 23 f0 fd
INFO - 90 2e 08 08 40 26 e5 b9
INFO - 90 2e 48 20 40 27 e5 f9
INFO - 90 2e 88 40 40 23 f4 01
INFO - 90 30 88 08 40 26 e5 b9
INFO - 90 30 c8 20 40 27 e5 f9
INFO - 90 30 08 40 40 20 04 fc
INFO - 90 32 08 08 40 26 e5 b9
INFO - 90 32 48 20 40 27 e5 f9
INFO - 90 32 88 40 40 23 f0 01
INFO - 90 34 88 08 40 26 e5 b9
INFO - 90 34 c8 20 40 27 e5 f9
INFO - 90 34 08 40 40 20 04 fc
INFO - 90 36 08 08 40 26 e5 b9
INFO - 90 36 48 20 40 27 e5 f7
INFO - 90 36 88 40 40 23 f0 00
INFO - 90 38 88 08 40 26 e5 b9
INFO - 90 38 c8 20 40 27 dd f7
INFO - 90 38 08 40 40 20 00 01
INFO - 90 3a 08 08 40 46 e5 b9
INFO - 90 3a 48 20 40 47 dd fb
INFO - 90 3a 88 40 40 40 04 fd
INFO - 90 3e 08 08 40 26 e5 d1
INFO - 90 3e 48 20 40 27 ed fb
INFO - 90 3e 88 40 40 23 f4 fd
INFO - 90 40 88 08 40 27 45 e8
INFO - 90 40 c8 20 40 27 ed fb
INFO - 90 40 08 40 40 23 f4 01
INFO - 90 42 08 08 40 27 a1 e8
INFO - 90 42 48 20 40 27 ed fb
INFO - 90 42 88 40 40 20 04 fc
INFO - 90 44 88 08 40 27 a1 e8
INFO - 90 44 c8 20 40 27 ed f9
INFO - 90 44 08 40 40 23 f0 00
INFO - 90 46 08 08 40 27 a1 e8
INFO - 90 46 48 20 40 27 e5 f7
INFO - 90 46 88 40 40 20 00 01
INFO - 90 48 88 08 40 27 a1 e8
INFO - 90 48 c8 20 40 27 dd f7
INFO - 90 48 08 40 40 20 04 fc
INFO - 90 4a 08 08 40 27 a1 e8
INFO - 90 4a 48 20 40 27 dd f5
INFO - 90 4a 88 40 40 23 f0 01
INFO - 90 4c 88 08 40 27 a1 e8
INFO - 90 4c c8 20 40 27 d5 f3
INFO - 90 4c 08 40 40 20 04 fc
INFO - 90 4e 08 08 40 27 a1 e8
INFO - 90 4e 48 20 40 27 cd f5
INFO - 90 4e 88 40 40 23 f0 01
INFO - 90 50 88 08 40 27 a1 e8
INFO - 90 50 c8 20 40 27 d5 f5
INFO - 90 50 08 40 40 20 04 fc
INFO - 90 52 08 08 40 27 a1 e8
INFO - 90 52 48 20 40 27 d5 f7
INFO - 90 52 88 40 40 23 f0 fd
INFO - 90 54 88 08 40 27 a1 e8
INFO - 90 54 c8 20 40 27 dd f9
INFO - 90 54 08 40 40 23 f4 01
INFO - 90 56 08 08 40 27 a1 e8
INFO - 90 56 48 20 40 27 e5 f9
INFO - 90 56 88 40 40 20 04 fc
INFO - 90 58 88 08 40 27 a1 e8
INFO - 90 58 c8 20 40 27 e5 f9
INFO - 90 58 08 40 40 23 f0 fd
INFO - 90 5a 08 08 40 27 a1 e8
INFO - 90 5a 48 20 40 27 e5 f9
INFO - 90 5a 88 40 40 23 f4 01
INFO - 90 5c 88 08 40 27 a1 e8
INFO - 90 5c c8 20 40 27 e5 f9
INFO - 90 5c 08 40 40 20 04 fc
INFO - 90 5e 08 08 40 27 a1 e8
INFO - 90 5e 48 20 40 27 e5 f9
INFO - 90 5e 88 40 40 23 f0 01
INFO - 90 60 88 08 40 27 a1 e8
INFO - 90 60 c8 20 40 27 e5 f9
INFO - 90 60 08 40 40 20 04 fc
INFO - 90 62 08 08 40 27 a1 e5
INFO - 90 62 48 20 40 27 e5 f9
INFO - 90 62 88 40 40 23 f0 fd
INFO - 90 64 88 08 40 27 95 e2
INFO - 90 64 c8 20 40 27 e5 f9
INFO - 90 64 08 40 40 23 f4 01
INFO - 90 66 08 08 40 27 89 e2
INFO - 90 66 48 20 40 27 e5 f9
INFO - 90 66 88 40 40 20 04 fc
INFO - 90 68 88 08 40 27 89 e2
INFO - 90 68 c8 20 40 27 e5 f9
INFO - 90 68 08 40 40 23 f0 00
INFO - 90 6a 08 08 40 27 89 e2
INFO - 90 6a 48 20 40 27 e5 f9
INFO - 90 6a 88 40 40 20 00 01
INFO - 90 6c 88 08 40 27 89 e2
INFO - 90 6c c8 20 40 27 e5 f9
INFO - 90 6c 08 40 40 20 04 fc
INFO - 90 6e 08 08 40 27 89 e2
INFO - 90 6e 48 20 40 27 e5 f9
INFO - 90 6e 88 40 40 23 f0 00
INFO - 90 70 88 08 40 27 89 e2
INFO - 90 70 c8 20 40 27 e5 f7
INFO - 90 70 08 40 40 20 00 01
INFO - 90 72 08 08 40 27 89 e2
INFO - 90 72 48 20 40 27 dd f7
INFO - 90 72 88 40 40 20 04 fc
INFO - 90 74 88 08 40 27 89 e2
INFO - 90 74 c8 20 40 27 dd f5
INFO - 90 74 08 40 40 23 f0 01
INFO - 90 76 08 08 40 27 89 e2
INFO - 90 76 48 20 40 27 d5 f5
INFO - 90 76 88 40 40 20 04 fc
INFO - 90 78 88 08 40 27 89 e2
INFO - 90 78 c8 20 40 27 d5 f7
INFO - 90 78 08 40 40 23 f0 fd
INFO - 90 7a 08 08 40 27 89 e2
INFO - 90 7a 48 20 40 27 dd f7
INFO - 90 7a 88 40 40 23 f4 01
INFO - 90 7c 88 08 40 27 89 e2
INFO - 90 7c c8 20 40 27 dd f9
INFO - 90 7c 08 40 40 20 04 fc
INFO - 90 7e 08 08 40 27 8a 08
INFO - 90 7e 48 20 40 27 e5 f9
INFO - 90 7e 88 40 40 23 f0 01
INFO - 90 80 88 08 40 28 22 26
INFO - 90 80 c8 20 40 27 e5 f9
INFO - 90 80 08 40 40 20 04 fc
INFO - 90 82 08 08 40 28 9a 26
INFO - 90 82 48 20 40 27 e5 f7
INFO - 90 82 88 40 40 23 f0 00
INFO - 90 84 88 08 40 28 9a 26
INFO - 90 84 c8 20 40 27 dd f9
INFO - 90 84 08 40 40 20 00 01
INFO - 90 86 08 08 40 28 9a 26
INFO - 90 86 48 20 40 27 e5 f9
INFO - 90 86 88 40 40 20 04 fc
INFO - 90 88 88 08 40 28 9a 26
INFO - 90 88 c8 20 40 27 e5 fb
INFO - 90 88 08 40 40 23 f0 01
INFO - 90 8a 08 08 40 28 9a 26
INFO - 90 8a 48 20 40 27 ed fb
INFO - 90 8a 88 40 40 20 04 fc
INFO - 90 8c 88 08 40 28 9a 26
INFO - 90 8c c8 20 40 27 ed fb
INFO - 90 8c 08 40 40 23 f0 01
INFO - 90 8e 08 08 40 28 9a 26
INFO - 90 8e 48 20 40 27 ed fb
INFO - 90 8e 88 40 40 20 04 fc
INFO - 90 90 88 08 40 28 9a 26
INFO - 90 90 c8 20 40 27 ed fb
INFO - 90 90 08 40 40 23 f0 00
INFO - 90 92 08 08 40 28 9a 26
INFO - 90 92 48 20 40 27 ed fb
INFO - 90 92 88 40 40 20 00 00
INFO - 90 94 88 08 40 28 9a 26
INFO - 90 94 c8 20 40 27 ed f9
INFO - 90 94 08 40 40 20 00 01
INFO - 90 96 08 08 40 28 9a 26
INFO - 90 96 48 20 40 27 e5 f9
INFO - 90 96 88 40 40 20 04 fc
INFO - 90 98 88 08 40 28 9a 26
INFO - 90 98 c8 20 40 27 e5 f7
INFO - 90 98 08 40 40 23 f0 01
INFO - 90 9a 08 08 40 28 9a 26
INFO - 90 9a 48 20 40 27 dd f5
INFO - 90 9a 88 40 40 20 04 fc
INFO - 90 9c 88 08 40 28 9a 26
INFO - 90 9c c8 20 40 27 d5 f5
INFO - 90 9c 08 40 40 23 f0 01
INFO - 90 9e 08 08 40 28 9a 04
INFO - 90 9e 48 20 40 27 d5 f5
INFO - 90 9e 88 40 40 20 04 fc
INFO - 90 a0 88 08 40 28 11 f4
INFO - 90 a0 c8 20 40 27 d5 f7
INFO - 90 a0 08 40 40 23 f0 fd
INFO - 90 a2 08 08 40 27 d1 f4
INFO - 90 a2 48 20 40 27 dd f7
INFO - 90 a2 88 40 40 23 f4 01
INFO - 90 a4 88 08 40 27 d1 f4
INFO - 90 a4 c8 20 40 27 dd f7
INFO - 90 a4 08 40 40 20 04 fc
INFO - 90 a6 08 08 40 27 d1 f4
INFO - 90 a6 48 20 40 27 dd f7
INFO - 90 a6 88 40 40 23 f0 fd
INFO - 90 a8 88 08 40 27 d1 f4
INFO - 90 a8 c8 20 40 27 dd f7
INFO - 90 a8 08 40 40 23 f4 01
INFO - 90 aa 08 08 40 27 d1 f4
INFO - 90 aa 48 20 40 27 dd f7
INFO - 90 aa 88 40 40 20 04 fc
INFO - 90 ac 88 08 40 27 d1 f4
INFO - 90 ac c8 20 40 27 dd f7
INFO - 90 ac 08 40 40 23 f0 01
INFO - 90 ae 08 08 40 27 d1 f4
INFO - 90 ae 48 20 40 27 dd f7
INFO - 90 ae 88 40 40 20 04 fc
INFO - 90 b0 88 08 40 27 d1 f4
INFO - 90 b0 c8 20 40 27 dd f7
INFO - 90 b0 08 40 40 23 f0 fd
INFO - 90 b2 08 08 40 27 d1 f4
INFO - 90 b2 48 20 40 27 dd f7
INFO - 90 b2 88 40 40 23 f4 01
INFO - 90 b4 88 08 40 27 d1 f4
INFO - 90 b4 c8 20 40 27 dd f7
INFO - 90 b4 08 40 40 20 04 fc
INFO - 90 b6 08 08 40 27 d1 f4
INFO - 90 b6 48 20 40 27 dd f7
INFO - 90 b6 88 40 40 23 f0 01
INFO - 90 b8 88 08 40 27 d1 f4
INFO - 90 b8 c8 20 40 27 dd f7
INFO - 90 b8 08 40 40 20 04 fc
INFO - 90 ba 08 08 40 27 d1 f4
INFO - 90 ba 48 20 40 27 dd f7
INFO - 90 ba 88 40 40 23 f0 00
INFO - 90 bc 88 08 40 27 d2 39
INFO - 90 bc c8 20 40 27 dd f7
INFO - 90 bc 08 40 40 20 00 01
INFO - 90 be 08 08 40 28 e6 4e
INFO - 90 be 48 20 40 27 dd f7
INFO - 90 be 88 40 40 20 04 fc
INFO - 90 c0 88 08 40 29 3a 4e
INFO - 90 c0 c8 20 40 27 dd f7
INFO - 90 c0 08 40 40 23 f0 01
INFO - 90 c2 08 08 40 29 3a 4e
INFO - 90 c2 48 20 40 27 dd f7
INFO - 90 c2 88 40 40 20 04 fc
INFO - 90 c4 88 08 40 29 3a 4e
INFO - 90 c4 c8 20 40 27 dd f9
INFO - 90 c4 08 40 40 23 f0 00
INFO - 90 c6 08 08 40 29 3a 4e
INFO - 90 c6 48 20 40 27 e5 f9
INFO - 90 c6 88 40 40 20 00 01
INFO - 90 c8 88 08 40 29 3a 4e
INFO - 90 c8 c8 20 40 27 e5 f9
INFO - 90 c8 08 40 40 20 04 fc
INFO - 90 ca 08 08 40 29 3a 4e
INFO - 90 ca 48 20 40 27 e5 f7
INFO - 90 ca 88 40 40 23 f0 01
INFO - 90 cc 88 08 40 29 3a 4e
INFO - 90 cc c8 20 40 27 dd f7
INFO - 90 cc 08 40 40 20 04 fc
INFO - 90 ce 08 08 40 29 3a 4e
INFO - 90 ce 48 20 40 27 dd f7
INFO - 90 ce 88 40 40 23 f0 00
INFO - 90 d0 88 08 40 29 3a 4e
INFO - 90 d0 c8 20 40 27 dd f7
INFO - 90 d0 08 40 40 20 00 01
INFO - 90 d2 08 08 40 29 3a 4e
INFO - 90 d2 48 20 40 27 dd f7
INFO - 90 d2 88 40 40 20 04 fc
INFO - 90 d4 88 08 40 29 3a 4e
INFO - 90 d4 c8 20 40 27 dd f7
INFO - 90 d4 08 40 40 23 f0 01
INFO - 90 d6 08 08 40 29 3a 4e
INFO - 90 d6 48 20 40 27 dd f7
INFO - 90 d6 88 40 40 20 04 fc
INFO - 90 d8 88 08 40 29 3a 4e
INFO - 90 d8 c8 20 40 27 dd f9
INFO - 90 d8 08 40 40 23 f0 00
INFO - 90 da 08 08 40 29 3a 04
INFO - 90 da 48 20 40 27 e5 f9
INFO - 90 da 88 40 40 20 00 01
INFO - 90 dc 88 08 40 28 11 d6
INFO - 90 dc c8 20 40 27 e5 f9
INFO - 90 dc 08 40 40 20 04 fc
INFO - 90 de 08 08 40 27 59 d6
INFO - 90 de 48 20 40 27 e5 f9
INFO - 90 de 88 40 40 23 f0 fd
INFO - 90 e0 88 08 40 27 59 d6
INFO - 90 e0 c8 20 40 27 e5 f9
INFO - 90 e0 08 40 40 23 f4 01
INFO - 90 e2 08 08 40 27 59 d6
INFO - 90 e2 48 20 40 27 e5 f9
INFO - 90 e2 88 40 40 20 04 fc
INFO - 90 e4 88 08 40 27 59 d6
INFO - 90 e4 c8 20 40 27 e5 f9
INFO - 90 e4 08 40 40 23 f0 fd
INFO - 90 e6 08 08 40 27 59 d6
INFO - 90 e6 48 20 40 27 e5 f9
INFO - 90 e6 88 40 40 23 f4 01
INFO - 90 e8 88 08 40 27 59 d6
INFO - 90 e8 c8 20 40 27 e5 f7
INFO - 90 e8 08 40 40 20 04 fc
INFO - 90 ea 08 08 40 27 59 d6
INFO - 90 ea 48 20 40 27 dd f7
INFO - 90 ea 88 40 40 23 f0 00
INFO - 90 ec 88 08 40 27 59 d6
INFO - 90 ec c8 20 40 27 dd f5
INFO - 90 ec 08 40 40 20 00 01
INFO - 90 ee 08 08 40 27 59 d6
INFO - 90 ee 48 20 40 27 d5 f5
INFO - 90 ee 88 40 40 20 04 fc
INFO - 90 f0 88 08 40 27 59 d6
INFO - 90 f0 c8 20 40 27 d5 f5
INFO - 90 f0 08 40 40 23 f0 01
INFO - 90 f2 08 08 40 27 59 d6
INFO - 90 f2 48 20 40 27 d5 f7
INFO - 90 f2 88 40 40 20 04 fc
INFO - 90 f4 88 08 40 27 59 d6
INFO - 90 f4 c8 20 40 27 dd f7
INFO - 90 f4 08 40 40 23 f0 fd
INFO - b0 f6 48 40 57 00 00 02
INFO - b0 f6 88 40 57 00 00 02
INFO - b0 f6 c8 40 57 00 00 02
INFO - b0 f6 08 40 57 00 00 02
INFO - b0 f6 48 40 57 00 00 02
INFO - 90 f6 48 08 40 27 5a 0b
INFO - 90 f6 88 20 40 27 dd f9
INFO - 90 f6 c8 40 40 23 f4 01
INFO - 90 f8 c8 08 40 28 2e 2c
INFO - 90 f8 08 20 40 27 e5 f9
INFO - 90 f8 48 40 40 20 04 fc
INFO - 90 fa 48 08 40 28 b2 2c
INFO - 90 fa 88 20 40 27 e5 f9
INFO - 90 fa c8 40 40 23 f0 01
INFO - 90 fc c8 08 40 28 b2 2c
INFO - 90 fc 08 20 40 27 e5 f9
INFO - 90 fc 48 40 40 20 04 fc
INFO - 90 fe 48 08 40 28 b2 2c
INFO - 90 fe 88 20 40 27 e5 f9
INFO - 90 fe c8 40 40 23 f0 fd
INFO - 91 00 c8 08 40 28 b2 2c
INFO - 91 00 08 20 40 27 e5 f9
INFO - 91 00 48 40 40 23 f4 01
INFO - 91 02 48 08 40 28 b2 2c
INFO - 91 02 88 20 40 27 e5 f9
INFO - 91 02 c8 40 40 20 04 fc
INFO - 91 04 c8 08 40 28 b2 2c
INFO - 91 04 08 20 40 27 e5 f9
INFO - 91 04 48 40 40 23 f0 01
INFO - 91 06 48 08 40 28 b2 2c
INFO - 91 06 88 20 40 27 e5 f9
INFO - 91 06 c8 40 40 20 04 fc
INFO - 91 08 c8 08 40 28 b2 2c
INFO - 91 08 08 20 40 27 e5 f9
INFO - 91 08 48 40 40 23 f0 fd
INFO - 91 0a 48 08 40 28 b2 2c
INFO - 91 0a 88 20 40 27 e5 f9
INFO - 91 0a c8 40 40 23 f4 01
INFO - 91 0c c8 08 40 28 b2 2c
INFO - 91 0c 08 20 40 27 e5 f9
INFO - 91 0c 48 40 40 20 04 fc
INFO - 91 0e 48 08 40 28 b2 2c
INFO - 91 0e 88 20 40 27 e5 f9
INFO - 91 0e c8 40 40 23 f0 00
INFO - 91 10 c8 08 40 28 b2 2c
INFO - 91 10 08 20 40 27 e5 f9
INFO - 91 10 48 40 40 20 00 01
INFO - 91 12 48 08 40 28 b2 2c
INFO - 91 12 88 20 40 27 e5 f9
INFO - 91 12 c8 40 40 20 04 fc
INFO - 91 14 c8 08 40 28 b2 15
INFO - 91 14 08 20 40 27 e5 f9
INFO - 91 14 48 40 40 23 f0 01
INFO - 91 16 48 08 40 28 56 0b
INFO - 91 16 88 20 40 27 e5 f9
INFO - 91 16 c8 40 40 20 04 fc
INFO - 91 18 c8 08 40 28 2e 0b
INFO - 91 18 08 20 40 27 e5 f9
INFO - 91 18 48 40 40 23 f0 fd
INFO - 91 1a 48 08 40 28 2e 0b
INFO - 91 1a 88 20 40 27 e5 f7
INFO - 91 1a c8 40 40 23 f4 01
INFO - 91 1c c8 08 40 28 2e 0b
INFO - 91 1c 08 20 40 27 dd f7
INFO - 91 1c 48 40 40 20 04 fc
INFO - 91 1e 48 08 40 28 2e 0b
INFO - 91 1e 88 20 40 27 dd f7
INFO - 91 1e c8 40 40 23 f0 fd
INFO - 91 20 c8 08 40 28 2e 0b
INFO - 91 20 08 20 40 27 dd f7
INFO - 91 20 48 40 40 23 f4 01
INFO - 91 22 48 08 40 28 2e 0b
INFO - 91 22 88 20 40 27 dd f7
INFO - 91 22 c8 40 40 20 04 fc
INFO - 91 24 c8 08 40 28 2e 0b
INFO - 91 24 08 20 40 27 dd f7
INFO - 91 24 48 40 40 23 f0 00
INFO - 91 26 48 08 40 28 2e 0b
INFO - 91 26 88 20 40 27 dd f9
INFO - 91 26 c8 40 40 20 00 01
INFO - 91 28 c8 08 40 28 2e 0b
INFO - 91 28 08 20 40 27 e5 f9
INFO - 91 28 48 40 40 20 04 fc
INFO - 91 2a 48 08 40 28 2e 0b
INFO - 91 2a 88 20 40 27 e5 f9
INFO - 91 2a c8 40 40 23 f0 01
INFO - 91 2c c8 08 40 28 2e 0b
INFO - 91 2c 08 20 40 27 e5 f9
INFO - 91 2c 48 40 40 20 04 fc
INFO - 91 2e 48 08 40 28 2e 0b
INFO - 91 2e 88 20 40 27 e5 f9
INFO - 91 2e c8 40 40 23 f0 fd
INFO - 91 30 c8 08 40 28 2e 0b
INFO - 91 30 08 20 40 27 e5 f9
INFO - 91 30 48 40 40 23 f4 01
INFO - 91 32 48 08 40 28 2e 0b
INFO - 91 32 88 20 40 27 e5 f9
INFO - 91 32 c8 40 40 20 04 fc
INFO - 91 34 c8 08 40 28 2d ff
INFO - 91 34 08 20 40 27 e5 f9
INFO - 91 34 48 40 40 23 f0 00
INFO - 91 36 48 08 40 27 fd fa
INFO - 91 36 88 20 40 27 e5 f9
INFO - 91 36 c8 40 40 20 00 01
INFO - 91 38 c8 08 40 27 e9 fa
INFO - 91 38 08 20 40 27 e5 f9
INFO - 91 38 48 40 40 20 04 fc
INFO - 91 3a 48 08 40 27 e9 fa
INFO - 91 3a 88 20 40 27 e5 f7
INFO - 91 3a c8 40 40 23 f0 01
INFO - 91 3c c8 08 40 27 e9 fa
INFO - 91 3c 08 20 40 27 dd f7
INFO - 91 3c 48 40 40 20 04 fc
INFO - 91 3e 48 08 40 27 e9 fa
INFO - 91 3e 88 20 40 27 dd f7
INFO - 91 3e c8 40 40 23 f0 fd
INFO - 91 40 c8 08 40 27 e9 fa
INFO - 91 40 08 20 40 27 dd f5
INFO - 91 40 48 40 40 23 f4 01
INFO - 91 42 48 08 40 27 e9 fa
INFO - 91 42 88 20 40 27 d5 f5
INFO - 91 42 c8 40 40 20 04 fc
INFO - 91 44 c8 08 40 27 e9 fa
INFO - 91 44 08 20 40 27 d5 f5
INFO - 91 44 48 40 40 23 f0 00
INFO - 91 46 48 08 40 27 e9 fa
INFO - 91 46 88 20 40 27 d5 f7
INFO - 91 46 c8 40 40 20 00 01
INFO - 91 48 c8 08 40 27 e9 fa
INFO - 91 48 08 20 40 27 dd f7
INFO - 91 48 48 40 40 20 04 fc
INFO - 91 4a 48 08 40 27 e9 fa
INFO - 91 4a 88 20 40 27 dd f7
INFO - 91 4a c8 40 40 23 f0 01
INFO - 91 4c c8 08 40 27 e9 fa
INFO - 91 4c 08 20 40 27 dd f9
INFO - 91 4c 48 40 40 20 04 fc
INFO - 91 4e 48 08 40 27 e9 fa
INFO - 91 4e 88 20 40 27 e5 f9
INFO - 91 4e c8 40 40 23 f0 fd
INFO - 91 50 c8 08 40 27 e9 fa
INFO - 91 50 08 20 40 27 e5 f9
INFO - 91 50 48 40 40 23 f4 01
INFO - 91 52 48 08 40 27 ea 14
INFO - 91 52 88 20 40 27 e5 f9
INFO - 91 52 c8 40 40 20 04 fc
INFO - 91 54 c8 08 40 28 52 20
INFO - 91 54 08 20 40 27 e5 f9
INFO - 91 54 48 40 40 23 f0 fd
INFO - 91 56 48 08 40 28 82 20
INFO - 91 56 88 20 40 27 e5 f9
INFO - 91 56 c8 40 40 23 f4 01
INFO - 91 58 c8 08 40 28 82 20
INFO - 91 58 08 20 40 27 e5 f9
INFO - 91 58 48 40 40 20 04 fc
INFO - 91 5a 48 08 40 28 82 20
INFO - 91 5a 88 20 40 27 e5 f9
INFO - 91 5a c8 40 40 23 f0 01
INFO - 91 5c c8 08 40 28 82 20
INFO - 91 5c 08 20 40 27 e5 f9
INFO - 91 5c 48 40 40 20 04 fc
INFO - 91 5e 48 08 40 28 82 20
INFO - 91 5e 88 20 40 27 e5 f9
INFO - 91 5e c8 40 40 23 f0 00
INFO - 91 60 c8 08 40 28 82 20
INFO - 91 60 08 20 40 27 e5 f9
INFO - 91 60 48 40 40 20 00 01
INFO - 91 62 48 08 40 28 82 20
INFO - 91 62 88 20 40 27 e5 f9
INFO - 91 62 c8 40 40 20 04 fc
INFO - 91 64 c8 08 40 28 82 20
INFO - 91 64 08 20 40 27 e5 f9
INFO - 91 64 48 40 40 23 f0 01
INFO - 91 66 48 08 40 28 82 20
INFO - 91 66 88 20 40 27 e5 f9
INFO - 91 66 c8 40 40 20 04 fc
INFO - 91 68 c8 08 40 28 82 20
INFO - 91 68 08 20 40 27 e5 f9
INFO - 91 68 48 40 40 23 f0 00
INFO - 91 6a 48 08 40 28 82 20
INFO - 91 6a 88 20 40 27 e5 f9
INFO - 91 6a c8 40 40 20 00 01
INFO - 91 6c c8 08 40 08 82 20
INFO - 91 6c 08 20 40 07 e5 f9
INFO - 91 6c 48 40 40 00 04 c3
INFO - b4 c0 88 40 57 00 00 02
INFO - b4 c0 c8 40 57 00 00 02
INFO - b4 c0 08 40 57 00 00 02
INFO - b4 c0 48 40 57 00 00 02
INFO - b4 c0 88 40 57 00 00 02
INFO - b5 ba 88 40 57 00 00 02
INFO - b5 ba c8 40 57 00 00 02
INFO - b5 ba 08 40 57 00 00 02
INFO - b5 ba 48 40 57 00 00 02
INFO - b6 87 08 40 57 00 00 02
INFO - b6 87 48 40 57 00 00 02
INFO - b6 87 88 40 57 00 00 02
INFO - b6 87 c8 40 57 00 00 02
INFO - bc 17 48 40 57 00 00 02
INFO - bc 17 88 40 57 00 00 02
INFO - bc 17 c8 40 57 00 00 02
INFO - bc 17 08 40 57 00 00 02
