INFO - 40 00 48 00 f9 41 00 23
INFO - 40 11 88 00 f9 51 00 20
INFO - 40 1d c8 00 f9 51 00 20
INFO - 40 27 08 00 f9 41 00 24
INFO - 40 67 48 00 f9 41 00 24
INFO - 40 cc 88 00 f9 51 00 20
INFO - 41 03 c8 00 f9 41 00 23
INFO - 42 3d 08 00 f9 41 00 23
INFO - 44 4a 48 00 f9 41 00 23
INFO - 46 3e 88 00 f9 41 00 23
INFO - 48 32 c8 00 f9 41 00 23
INFO - 49 d4 08 00 f9 41 00 23
INFO - 4a 4e 48 00 f9 41 00 23
INFO - 4b 5d 88 00 f9 41 00 23
INFO - 4c 4f c8 00 f9 51 00 20
INFO - 4c a0 08 00 f9 41 00 24
INFO - 4d 23 48 00 f9 51 00 20
INFO - 4d 34 88 00 f9 51 00 20
INFO - 4d 42 c8 00 f9 41 00 23
INFO - 4d 58 08 00 f9 41 00 23
INFO - 4d f4 48 00 f9 41 00 23
INFO - 4f a3 88 00 f9 41 00 23
INFO - 4f d4 c8 00 f9 51 00 20
INFO - 4f f3 08 00 f9 51 00 20
INFO - 50 0c 48 00 f9 41 00 24
INFO - 50 3c 88 00 f9 41 00 24
INFO - 51 db c8 00 f9 41 00 24
INFO - 53 d5 08 00 f9 41 00 24
INFO - 54 56 48 00 f9 41 00 24
INFO - 54 f1 88 00 f9 51 00 20
INFO - 55 02 c8 00 f9 51 00 20
INFO - 55 13 08 00 f9 41 00 23
INFO - 55 95 48 00 f9 41 00 23
INFO - 56 2b 88 00 f9 51 00 20
INFO - 56 82 c8 00 f9 41 00 24
INFO - 57 37 08 00 f9 51 00 20
INFO - 57 47 48 00 f9 51 00 20
INFO - 57 56 88 00 f9 41 00 23
INFO - 57 ce c8 00 f9 41 00 23
INFO - 58 3e 08 00 f9 41 00 23
INFO - 5a 28 48 00 f9 41 00 23
INFO - 5a 89 88 00 f9 41 00 23
INFO - 5a ed c8 00 f9 51 00 20
INFO - 5a fd 08 00 f9 51 00 20
INFO - 5b 10 48 00 f9 41 00 24
INFO - 5b 72 88 00 f9 51 00 20
INFO - 5b bd c8 00 f9 41 00 23
INFO - 5c 26 08 00 f9 41 00 23
INFO - 5e 1a 48 00 f9 41 00 23
INFO - 40 11 88 00 f9 41 00 23
