INFO - 20 00 cb 3c 00 0a 40 00
INFO - 20 07 0b 3c 00 0b 5b 00
INFO - 20 16 4b 3c 00 0a ad 00
INFO - 20 16 8b 3c 00 0a ad 00
INFO - 20 16 cb 3c 00 0a ad 00
INFO - 20 16 0b 3c 00 0a ad 00
INFO - 20 1d 4b 3c 00 0a 9b 00
INFO - 20 1d 8b 3c 00 0a 9b 00
INFO - 20 23 cb 3c 00 0a d0 00
INFO - 20 26 0b 3c 00 0a b4 00
INFO - 20 28 4b 3c 00 0a bd 00
INFO - 20 28 8b 3c 00 0a bd 00
INFO - 20 2b cb 3c 00 0a 8f 00
INFO - 20 2d 0b 3c 00 0a a2 00
INFO - 20 2d 4b 3c 00 0a a2 00
INFO - 20 2d 8b 3c 00 0a a2 00
INFO - 20 31 cb 3c 00 0a 86 00
INFO - 20 31 0b 3c 00 0a 86 00
INFO - 20 34 4b 3c 00 0a 7f 00
INFO - 20 39 8b 3c 00 0b 51 00
INFO - 20 3c cb 3c 00 0a b1 00
INFO - 20 3d 0b 3c 00 0a 6d 00
INFO - 20 3d 4b 3c 00 0a 6d 00
INFO - 20 42 8b 3c 00 0a bd 00
INFO - 20 42 cb 3c 00 0a bd 00
INFO - 20 48 0b 3c 00 0a d4 00
INFO - 20 48 4b 3c 00 0a d4 00
INFO - 20 48 8b 3c 00 0a d4 00
INFO - 20 49 cb 3c 00 0a 55 00
INFO - 20 49 0b 3c 00 0a 55 00
INFO - 20 49 4b 3c 00 0a 55 00
INFO - 20 51 8b 3c 00 0a c4 00
INFO - 20 54 cb 3c 00 0a cc 00
INFO - 20 56 0b 3c 00 0a bb 00
INFO - 20 58 4b 3c 00 0a a2 00
INFO - 20 5a 8b 3c 00 0a a9 00
INFO - 20 5c cb 3c 00 0a 9d 00
INFO - 20 5e 0b 3c 00 0a a1 00
INFO - 20 60 4b 3c 00 0a 95 00
INFO - 20 62 8b 3c 00 0a a6 00
INFO - 20 64 cb 3c 00 0a a1 00
INFO - 20 66 0b 3c 00 0a a0 00
INFO - 20 69 4b 3c 00 0a d4 00
INFO - 20 6b 8b 3c 00 0a b2 00
INFO - 20 6d cb 3c 00 0a a1 00
INFO - 20 6f 0b 3c 00 0a b4 00
INFO - 20 71 4b 3c 00 0a b3 00
INFO - 20 77 8b 3c 00 0b 68 00
INFO - 20 79 cb 3c 00 0a a2 00
INFO - 20 7b 0b 3c 00 0a a0 00
INFO - 20 7d 4b 3c 00 0a a7 00
INFO - 20 7f 8b 3c 00 0a 82 00
INFO - 20 82 cb 3c 00 0a d2 00
INFO - 20 84 0b 3c 00 0a b7 00
INFO - 20 86 4b 3c 00 0a aa 00
INFO - 20 88 8b 3c 00 0a 9e 00
INFO - 20 8a cb 3c 00 0a a2 00
INFO - 20 8c 0b 3c 00 0a a0 00
INFO - 20 8e 4b 3c 00 0a b5 00
INFO - 20 90 8b 3c 00 0a 8b 00
INFO - 20 92 cb 3c 00 0a a1 00
INFO - 20 95 0b 3c 00 0a ec 00
INFO - 20 97 4b 3c 00 0a 94 00
INFO - 20 99 8b 3c 00 0a 98 00
INFO - 20 9b cb 3c 00 0a ac 00
INFO - 20 9c 0b 3c 00 0a 8a 00
INFO - 20 a0 4b 3c 00 0a fb 00
INFO - 20 a2 8b 3c 00 0a 97 00
INFO - 20 a5 cb 3c 00 0a d9 00
INFO - 20 a7 0b 3c 00 0a ac 00
INFO - 20 aa 4b 3c 00 0a c6 00
INFO - 20 ae 8b 3c 00 0a f9 00
INFO - 20 b0 cb 3c 00 0a b0 00
INFO - 20 b3 0b 3c 00 0a 92 00
INFO - 20 b5 4b 3c 00 0a b1 00
INFO - 20 b8 8b 3c 00 0a ad 00
INFO - 20 bb cb 3c 00 0a c4 00
INFO - 20 be 0b 3c 00 0a ba 00
INFO - 20 c0 4b 3c 00 0a b2 00
INFO - 20 c2 8b 3c 00 0a a6 00
INFO - 20 c4 cb 3c 00 0a 8d 00
INFO - 20 c6 0b 3c 00 0a a8 00
INFO - 20 c8 4b 3c 00 0a a4 00
INFO - 20 ca 8b 3c 00 0a 9d 00
INFO - 20 cb cb 3c 00 0a 9c 00
INFO - 20 ce 0b 3c 00 0a a4 00
INFO - 20 cf 4b 3c 00 0a 9e 00
INFO - 20 d1 8b 3c 00 0a a7 00
INFO - 20 d3 cb 3c 00 0a 83 00
INFO - 20 d6 0b 3c 00 0a d7 00
INFO - 20 d8 4b 3c 00 0a a6 00
INFO - 20 db 8b 3c 00 0a d8 00
INFO - 20 de cb 3c 00 0a ca 00
INFO - 20 e0 0b 3c 00 0a c1 00
INFO - 20 e2 4b 3c 00 0a 9e 00
INFO - 20 e5 8b 3c 00 0a b8 00
INFO - 20 e7 cb 3c 00 0a a8 00
INFO - 20 e9 0b 3c 00 0a c4 00
INFO - 20 eb 4b 3c 00 0a 9f 00
INFO - 20 ef 8b 3c 00 0a e6 00
INFO - 20 f1 cb 3c 00 0a ad 00
INFO - 20 f3 0b 3c 00 0a c2 00
INFO - 20 f6 4b 3c 00 0a ac 00
INFO - 20 f9 8b 3c 00 0a e8 00
INFO - 20 fc cb 3c 00 0a c5 00
INFO - 20 fd 0b 3c 00 0a 95 00
INFO - 21 00 4b 3c 00 0a ad 00
INFO - 21 02 8b 3c 00 0a a2 00
INFO - 21 04 cb 3c 00 0a c6 00
INFO - 21 08 0b 3c 00 0b 03 00
INFO - 21 0b 4b 3c 00 0a bb 00
INFO - 21 0e 8b 3c 00 0a ee 00
INFO - 21 11 cb 3c 00 0a c6 00
INFO - 21 14 0b 3c 00 0a 97 00
INFO - 21 17 4b 3c 00 0a bf 00
INFO - 21 19 8b 3c 00 0a af 00
INFO - 21 1c cb 3c 00 0a bf 00
INFO - 21 1e 0b 3c 00 0a be 00
INFO - 21 20 4b 3c 00 0a a2 00
INFO - 21 22 8b 3c 00 0a b4 00
INFO - 21 25 cb 3c 00 0a be 00
INFO - 21 28 0b 3c 00 0a e3 00
INFO - 21 2b 4b 3c 00 0a bc 00
INFO - 21 2d 8b 3c 00 0a b2 00
INFO - 21 2f cb 3c 00 0a a7 00
INFO - 21 31 0b 3c 00 0a b2 00
INFO - 21 36 4b 3c 00 0a dd 00
INFO - 21 39 8b 3c 00 0a e3 00
INFO - 21 3b cb 3c 00 0a a7 00
INFO - 21 3d 0b 3c 00 0a b1 00
INFO - 21 40 4b 3c 00 0a b4 00
INFO - 21 42 8b 3c 00 0a c0 00
INFO - 21 45 cb 3c 00 0a be 00
INFO - 21 47 0b 3c 00 0a c0 00
INFO - 21 49 4b 3c 00 0a a8 00
INFO - 21 4d 8b 3c 00 0a db 00
INFO - 21 4f cb 3c 00 0a a5 00
INFO - 21 52 0b 3c 00 0a dc 00
INFO - 21 55 4b 3c 00 0a d8 00
INFO - 21 58 8b 3c 00 0a d0 00
INFO - 21 59 cb 3c 00 0a 99 00
INFO - 21 5d 0b 3c 00 0a e8 00
INFO - 21 5f 4b 3c 00 0a c3 00
INFO - 21 62 8b 3c 00 0a 7a 00
INFO - 21 64 cb 3c 00 0a b3 00
INFO - 21 67 0b 3c 00 0a c2 00
INFO - 21 6a 4b 3c 00 0a f3 00
INFO - 21 6d 8b 3c 00 0a c1 00
INFO - 21 6f cb 3c 00 0a a8 00
INFO - 21 72 0b 3c 00 0a db 00
INFO - 21 75 4b 3c 00 0a be 00
INFO - 21 77 8b 3c 00 0a c2 00
INFO - 21 7a cb 3c 00 0a d8 00
INFO - 21 7c 0b 3c 00 0a 9c 00
INFO - 21 7e 4b 3c 00 0a a5 00
INFO - 21 80 8b 3c 00 0a a8 00
INFO - 21 82 cb 3c 00 0a a7 00
INFO - 21 85 0b 3c 00 0a b2 00
INFO - 21 87 4b 3c 00 0a b3 00
INFO - 21 8a 8b 3c 00 0a c1 00
INFO - 21 8c cb 3c 00 0a b4 00
INFO - 21 8e 0b 3c 00 0a b2 00
INFO - 21 91 4b 3c 00 0a b5 00
INFO - 21 93 8b 3c 00 0a a7 00
INFO - 21 96 cb 3c 00 0a da 00
INFO - 21 98 0b 3c 00 0a b4 00
INFO - 21 9a 4b 3c 00 0a a6 00
INFO - 21 9d 8b 3c 00 0a db 00
INFO - 21 a0 cb 3c 00 0a dd 00
INFO - 21 a3 0b 3c 00 0a c0 00
INFO - 21 a6 4b 3c 00 0a ea 00
INFO - 21 ac 8b 3c 00 0b 5d 00
INFO - 21 af cb 3c 00 0a c2 00
INFO - 21 b2 0b 3c 00 0a cf 00
INFO - 21 b3 4b 3c 00 0a 98 00
INFO - 21 b6 8b 3c 00 0a b7 00
INFO - 21 bb cb 3c 00 0b 35 00
INFO - 21 bd 0b 3c 00 0a c2 00
INFO - 21 c0 4b 3c 00 0a d1 00
INFO - 21 c3 8b 3c 00 0a b6 00
INFO - 21 c5 cb 3c 00 0a a6 00
INFO - 21 c6 0b 3c 00 0a 9d 00
INFO - 21 c9 4b 3c 00 0a b3 00
INFO - 21 cb 8b 3c 00 0a c4 00
INFO - 21 cf cb 3c 00 0a da 00
INFO - 21 d2 0b 3c 00 0a dc 00
INFO - 21 d4 4b 3c 00 0a b7 00
INFO - 21 d7 8b 3c 00 0a c2 00
INFO - 21 d9 cb 3c 00 0a c2 00
INFO - 21 db 0b 3c 00 0a a8 00
INFO - 21 de 4b 3c 00 0a d9 00
INFO - 21 e1 8b 3c 00 0a b6 00
INFO - 21 e4 cb 3c 00 0a cf 00
INFO - 21 e7 0b 3c 00 0a ce 00
INFO - 21 e8 4b 3c 00 0a 99 00
INFO - 21 eb 8b 3c 00 0a dc 00
INFO - 21 ef cb 3c 00 0a dc 00
INFO - 21 f1 0b 3c 00 0a a7 00
INFO - 21 f4 4b 3c 00 0a f4 00
INFO - 21 f7 8b 3c 00 0a c1 00
INFO - 21 f9 cb 3c 00 0a a6 00
INFO - 21 fc 0b 3c 00 0a e6 00
INFO - 21 ff 4b 3c 00 0a b5 00
INFO - 22 01 8b 3c 00 0a a7 00
INFO - 22 03 cb 3c 00 0a b3 00
INFO - 22 05 0b 3c 00 0a a4 00
INFO - 22 08 4b 3c 00 0a d0 00
INFO - 22 0b 8b 3c 00 0a c0 00
INFO - 22 0d cb 3c 00 0a b3 00
INFO - 22 0f 0b 3c 00 0a b2 00
INFO - 22 14 4b 3c 00 0b 1d 00
INFO - 22 16 8b 3c 00 0a bf 00
INFO - 22 1a cb 3c 00 0b 03 00
INFO - 22 1c 0b 3c 00 0a b2 00
INFO - 22 1e 4b 3c 00 0a a9 00
INFO - 22 21 8b 3c 00 0a ce 00
INFO - 22 23 cb 3c 00 0a 6d 00
INFO - 22 26 0b 3c 00 0a d9 00
INFO - 22 29 4b 3c 00 0a c3 00
INFO - 22 2c 8b 3c 00 0a f5 00
INFO - 22 2e cb 3c 00 0a 98 00
INFO - 22 31 0b 3c 00 0a b7 00
INFO - 22 34 4b 3c 00 0a da 00
INFO - 22 36 8b 3c 00 0a c4 00
INFO - 22 39 cb 3c 00 0a cd 00
INFO - 22 3c 0b 3c 00 0a d2 00
INFO - 22 3f 4b 3c 00 0a c0 00
INFO - 22 42 8b 3c 00 0a dd 00
INFO - 22 44 cb 3c 00 0a 94 00
INFO - 22 46 0b 3c 00 0a c6 00
INFO - 22 4a 4b 3c 00 0b 04 00
INFO - 22 4d 8b 3c 00 0a ce 00
INFO - 22 50 cb 3c 00 0a d2 00
INFO - 22 53 0b 3c 00 0a b6 00
INFO - 22 54 4b 3c 00 0a 99 00
INFO - 22 58 8b 3c 00 0a f7 00
INFO - 22 5b cb 3c 00 0a eb 00
INFO - 22 5f 0b 3c 00 0a e0 00
INFO - 22 61 4b 3c 00 0a a9 00
INFO - 22 63 8b 3c 00 0a b6 00
INFO - 22 66 cb 3c 00 0a dd 00
INFO - 22 68 0b 3c 00 0a a7 00
INFO - 22 6b 4b 3c 00 0a b8 00
INFO - 22 6e 8b 3c 00 0a d0 00
INFO - 22 71 cb 3c 00 0a e9 00
INFO - 22 73 0b 3c 00 0a b8 00
INFO - 22 76 4b 3c 00 0a ce 00
INFO - 22 7a 8b 3c 00 0b 06 00
INFO - 22 7d cb 3c 00 0a cc 00
INFO - 22 80 0b 3c 00 0a d2 00
INFO - 22 82 4b 3c 00 0a a6 00
INFO - 22 85 8b 3c 00 0a d1 00
INFO - 22 87 cb 3c 00 0a 8e 00
INFO - 22 8a 0b 3c 00 0a cf 00
INFO - 22 8c 4b 3c 00 0a c3 00
INFO - 22 8e 8b 3c 00 0a 99 00
INFO - 22 91 cb 3c 00 0a c5 00
INFO - 22 93 0b 3c 00 0a cf 00
INFO - 22 96 4b 3c 00 0a c0 00
INFO - 22 98 8b 3c 00 0a ab 00
INFO - 22 9b cb 3c 00 0a b3 00
INFO - 22 9d 0b 3c 00 0a b8 00
INFO - 22 a0 4b 3c 00 0a c3 00
INFO - 22 a2 8b 3c 00 0a b3 00
INFO - 22 a4 cb 3c 00 0a ab 00
INFO - 22 a7 0b 3c 00 0a c3 00
INFO - 22 aa 4b 3c 00 0a d1 00
INFO - 22 ad 8b 3c 00 0a d1 00
INFO - 22 b0 cb 3c 00 0b 03 00
INFO - 22 b3 0b 3c 00 0a b8 00
INFO - 22 b5 4b 3c 00 0a c1 00
INFO - 22 b8 8b 3c 00 0a c6 00
INFO - 22 bb cb 3c 00 0a b6 00
INFO - 22 bd 0b 3c 00 0a b6 00
INFO - 22 c0 4b 3c 00 0a eb 00
INFO - 22 c2 8b 3c 00 0a 99 00
INFO - 22 c6 cb 3c 00 0a ed 00
INFO - 22 c8 0b 3c 00 0a b4 00
INFO - 22 ca 4b 3c 00 0a ab 00
INFO - 22 cd 8b 3c 00 0a db 00
INFO - 22 d0 cb 3c 00 0a c5 00
INFO - 22 d2 0b 3c 00 0a 6e 00
INFO - 22 d4 4b 3c 00 0a bf 00
INFO - 22 d7 8b 3c 00 0a c4 00
INFO - 22 d9 cb 3c 00 0a b3 00
INFO - 22 dc 0b 3c 00 0a b6 00
INFO - 22 de 4b 3c 00 0a c2 00
INFO - 22 e1 8b 3c 00 0a be 00
INFO - 22 e4 cb 3c 00 0a ea 00
INFO - 22 e7 0b 3c 00 0a da 00
INFO - 22 ea 4b 3c 00 0a b4 00
INFO - 22 ec 8b 3c 00 0a b2 00
INFO - 22 ee cb 3c 00 0a b5 00
INFO - 22 f1 0b 3c 00 0a b1 00
INFO - 22 f3 4b 3c 00 0a cf 00
INFO - 22 f6 8b 3c 00 0a d7 00
INFO - 22 fb cb 3c 00 0b 0e 00
INFO - 22 fd 0b 3c 00 0a cb 00
INFO - 22 ff 4b 3c 00 0a 8c 00
INFO - 23 02 8b 3c 00 0a dc 00
INFO - 23 05 cb 3c 00 0a be 00
INFO - 23 07 0b 3c 00 0a b5 00
INFO - 23 0a 4b 3c 00 0a e5 00
INFO - 23 0c 8b 3c 00 0a a9 00
INFO - 23 0f cb 3c 00 0a c1 00
INFO - 23 10 0b 3c 00 0a 8a 00
INFO - 23 14 4b 3c 00 0a e7 00
INFO - 23 18 8b 3c 00 0b 1e 00
INFO - 23 1a cb 3c 00 0a a4 00
INFO - 23 1d 0b 3c 00 0a c4 00
INFO - 23 1f 4b 3c 00 0a b5 00
INFO - 23 22 8b 3c 00 0a db 00
INFO - 23 25 cb 3c 00 0a c1 00
INFO - 23 28 0b 3c 00 0a c2 00
INFO - 23 2b 4b 3c 00 0a d9 00
INFO - 23 2d 8b 3c 00 0a b8 00
INFO - 23 30 cb 3c 00 0a be 00
INFO - 23 32 0b 3c 00 0a ad 00
INFO - 23 35 4b 3c 00 0a dc 00
INFO - 23 38 8b 3c 00 0a c1 00
INFO - 23 3a cb 3c 00 0a b1 00
INFO - 23 3d 0b 3c 00 0a ba 00
INFO - 23 3f 4b 3c 00 0a b7 00
INFO - 23 42 8b 3c 00 0a dd 00
INFO - 23 44 cb 3c 00 0a a3 00
INFO - 23 48 0b 3c 00 0a f0 00
INFO - 23 4b 4b 3c 00 0a cc 00
INFO - 23 4d 8b 3c 00 0a ae 00
INFO - 23 4f cb 3c 00 0a b1 00
INFO - 23 51 0b 3c 00 0a bc 00
INFO - 23 53 4b 3c 00 0a a3 00
INFO - 23 56 8b 3c 00 0a cb 00
INFO - 23 59 cb 3c 00 0a b0 00
INFO - 23 5c 0b 3c 00 0a f2 00
INFO - 23 5f 4b 3c 00 0a be 00
INFO - 23 61 8b 3c 00 0a cb 00
INFO - 23 64 cb 3c 00 0a c5 00
INFO - 23 67 0b 3c 00 0a d0 00
INFO - 23 69 4b 3c 00 0a a5 00
INFO - 23 6c 8b 3c 00 0a df 00
INFO - 23 6e cb 3c 00 0a b0 00
INFO - 23 72 0b 3c 00 0a da 00
INFO - 23 74 4b 3c 00 0a cb 00
INFO - 23 77 8b 3c 00 0a cc 00
INFO - 23 7b cb 3c 00 0b 0d 00
INFO - 23 7e 0b 3c 00 0a b8 00
INFO - 23 81 4b 3c 00 0a da 00
INFO - 23 83 8b 3c 00 0a b1 00
INFO - 23 86 cb 3c 00 0a ca 00
INFO - 23 88 0b 3c 00 0a b3 00
INFO - 23 8a 4b 3c 00 0a 9d 00
INFO - 23 8d 8b 3c 00 0a da 00
INFO - 23 91 cb 3c 00 0a fc 00
INFO - 23 93 0b 3c 00 0a a4 00
INFO - 23 96 4b 3c 00 0a db 00
INFO - 23 98 8b 3c 00 0a a5 00
INFO - 23 9a cb 3c 00 0a aa 00
INFO - 23 9c 0b 3c 00 0a a5 00
INFO - 23 9f 4b 3c 00 0a b2 00
INFO - 23 a1 8b 3c 00 0a c0 00
INFO - 23 a3 cb 3c 00 0a b2 00
INFO - 23 a6 0b 3c 00 0a 74 00
INFO - 23 a9 4b 3c 00 0a f2 00
INFO - 23 ad 8b 3c 00 0a f0 00
INFO - 23 b0 cb 3c 00 0a da 00
INFO - 23 b4 0b 3c 00 0b 03 00
INFO - 23 b6 4b 3c 00 0a cb 00
INFO - 23 b9 8b 3c 00 0a c1 00
INFO - 23 bb cb 3c 00 0a b8 00
INFO - 23 c0 0b 3c 00 0b 24 00
INFO - 23 c3 4b 3c 00 0a e4 00
INFO - 23 c7 8b 3c 00 0a fa 00
INFO - 23 ca cb 3c 00 0a da 00
INFO - 23 cc 0b 3c 00 0a b1 00
INFO - 23 cf 4b 3c 00 0a cb 00
INFO - 23 d2 8b 3c 00 0a df 00
INFO - 23 d5 cb 3c 00 0a aa 00
INFO - 23 d7 0b 3c 00 0a a4 00
INFO - 23 d9 4b 3c 00 0a a3 00
INFO - 23 db 8b 3c 00 0a b0 00
INFO - 23 dd cb 3c 00 0a b0 00
INFO - 23 e0 0b 3c 00 0a bc 00
INFO - 23 e2 4b 3c 00 0a cd 00
INFO - 23 e4 8b 3c 00 0a 9b 00
INFO - 23 e6 cb 3c 00 0a 96 00
INFO - 23 e9 0b 3c 00 0a e4 00
INFO - 23 ec 4b 3c 00 0a c9 00
INFO - 23 ef 8b 3c 00 0a bf 00
INFO - 23 f3 cb 3c 00 0b 12 00
INFO - 23 f5 0b 3c 00 0a 9e 00
INFO - 23 f6 4b 3c 00 0a 94 00
INFO - 23 fa 8b 3c 00 0a e6 00
INFO - 23 fc cb 3c 00 0a ca 00
INFO - 23 ff 0b 3c 00 0a cd 00
INFO - 24 03 4b 3c 00 0a ec 00
INFO - 24 05 8b 3c 00 0a b6 00
INFO - 24 07 cb 3c 00 0a b0 00
INFO - 24 0a 0b 3c 00 0a be 00
INFO - 24 0c 4b 3c 00 0a a1 00
INFO - 24 0f 8b 3c 00 0a cd 00
INFO - 24 11 cb 3c 00 0a ca 00
INFO - 24 15 0b 3c 00 0a e8 00
INFO - 24 17 4b 3c 00 0a be 00
INFO - 24 1a 8b 3c 00 0a bf 00
INFO - 24 1d cb 3c 00 0a d7 00
INFO - 24 1f 0b 3c 00 0a b3 00
INFO - 24 22 4b 3c 00 0a c6 00
INFO - 24 24 8b 3c 00 0a b8 00
INFO - 24 27 cb 3c 00 0a bc 00
INFO - 24 2a 0b 3c 00 0a c1 00
INFO - 24 2d 4b 3c 00 0a cb 00
INFO - 24 30 8b 3c 00 0a d0 00
INFO - 24 33 cb 3c 00 0a ff 00
INFO - 24 36 0b 3c 00 0a d8 00
INFO - 24 3a 4b 3c 00 0a db 00
INFO - 24 3d 8b 3c 00 0a e0 00
INFO - 24 41 cb 3c 00 0a a0 00
INFO - 24 43 0b 3c 00 0a c5 00
INFO - 24 45 4b 3c 00 0a a5 00
INFO - 24 49 8b 3c 00 0a f5 00
INFO - 24 4a cb 3c 00 0a 88 00
INFO - 24 4e 0b 3c 00 0a ef 00
INFO - 24 51 4b 3c 00 0a c1 00
INFO - 24 54 8b 3c 00 0a d3 00
INFO - 24 55 cb 3c 00 0a 98 00
INFO - 24 58 0b 3c 00 0a c7 00
INFO - 24 5a 4b 3c 00 0a b2 00
INFO - 24 5d 8b 3c 00 0a ba 00
INFO - 24 5f cb 3c 00 0a a3 00
INFO - 24 61 0b 3c 00 0a b4 00
INFO - 24 64 4b 3c 00 0a 7c 00
INFO - 24 66 8b 3c 00 0a a4 00
INFO - 24 69 cb 3c 00 0a ee 00
INFO - 24 6b 0b 3c 00 0a b4 00
INFO - 24 6e 4b 3c 00 0a cb 00
INFO - 24 70 8b 3c 00 0a b1 00
INFO - 24 74 cb 3c 00 0b 03 00
INFO - 24 78 0b 3c 00 0a db 00
INFO - 24 7f 4b 3c 00 0b c7 00
INFO - 24 82 8b 3c 00 0a c5 00
INFO - 24 85 cb 3c 00 0a d8 00
INFO - 24 88 0b 3c 00 0a bd 00
INFO - 24 8a 4b 3c 00 0a be 00
INFO - 24 8d 8b 3c 00 0a b8 00
INFO - 24 8f cb 3c 00 0a c9 00
INFO - 24 93 0b 3c 00 0a d8 00
INFO - 24 95 4b 3c 00 0a a3 00
INFO - 24 97 8b 3c 00 0a ca 00
INFO - 24 99 cb 3c 00 0a aa 00
INFO - 24 9c 0b 3c 00 0a d0 00
INFO - 24 9f 4b 3c 00 0a ad 00
INFO - 24 a3 8b 3c 00 0b 0b 00
INFO - 24 a5 cb 3c 00 0a bc 00
INFO - 24 a8 0b 3c 00 0a bd 00
INFO - 24 aa 4b 3c 00 0a ad 00
INFO - 24 ad 8b 3c 00 0a ca 00
INFO - 24 af cb 3c 00 0a a7 00
INFO - 24 b1 0b 3c 00 0a a2 00
INFO - 24 b3 4b 3c 00 0a bb 00
INFO - 24 b7 8b 3c 00 0b 0f 00
INFO - 24 ba cb 3c 00 0a 78 00
INFO - 24 bd 0b 3c 00 0a d5 00
INFO - 24 c0 4b 3c 00 0a cf 00
INFO - 24 c2 8b 3c 00 0a cf 00
INFO - 24 c6 cb 3c 00 0a e9 00
INFO - 24 c8 0b 3c 00 0a c1 00
INFO - 24 cb 4b 3c 00 0a bc 00
INFO - 24 ce 8b 3c 00 0a cf 00
INFO - 24 d0 cb 3c 00 0a a1 00
INFO - 24 d3 0b 3c 00 0a f8 00
INFO - 24 d6 4b 3c 00 0a b5 00
INFO - 24 d9 8b 3c 00 0a cc 00
INFO - 24 dc cb 3c 00 0a d9 00
INFO - 24 de 0b 3c 00 0a a8 00
INFO - 24 e0 4b 3c 00 0a b0 00
INFO - 24 e3 8b 3c 00 0a c8 00
INFO - 24 e6 cb 3c 00 0a d0 00
INFO - 24 ea 0b 3c 00 0a f8 00
INFO - 24 ed 4b 3c 00 0a e5 00
INFO - 24 f0 8b 3c 00 0a db 00
INFO - 24 f2 cb 3c 00 0a ab 00
INFO - 24 f5 0b 3c 00 0a b7 00
INFO - 24 f7 4b 3c 00 0a c8 00
INFO - 24 fa 8b 3c 00 0a ad 00
INFO - 24 fd cb 3c 00 0a d7 00
INFO - 24 ff 0b 3c 00 0a b7 00
INFO - 25 02 4b 3c 00 0a d0 00
INFO - 25 05 8b 3c 00 0a d9 00
INFO - 25 09 cb 3c 00 0a ff 00
INFO - 25 0c 0b 3c 00 0a d0 00
INFO - 25 0e 4b 3c 00 0a b1 00
INFO - 25 11 8b 3c 00 0a d0 00
INFO - 25 13 cb 3c 00 0a a3 00
INFO - 25 16 0b 3c 00 0a df 00
INFO - 25 18 4b 3c 00 0a 78 00
INFO - 25 1b 8b 3c 00 0a d2 00
INFO - 25 1e cb 3c 00 0a c4 00
INFO - 25 22 0b 3c 00 0a f1 00
INFO - 25 25 4b 3c 00 0a d7 00
INFO - 25 28 8b 3c 00 0a cf 00
INFO - 25 2a cb 3c 00 0a d4 00
INFO - 25 2d 0b 3c 00 0a c9 00
INFO - 25 31 4b 3c 00 0a f2 00
INFO - 25 34 8b 3c 00 0a de 00
INFO - 25 37 cb 3c 00 0a c5 00
INFO - 25 39 0b 3c 00 0a af 00
INFO - 25 3b 4b 3c 00 0a bd 00
INFO - 25 3f 8b 3c 00 0a e5 00
INFO - 25 42 cb 3c 00 0a df 00
INFO - 25 45 0b 3c 00 0a bc 00
INFO - 25 47 4b 3c 00 0a c4 00
INFO - 25 4a 8b 3c 00 0a b7 00
INFO - 25 4d cb 3c 00 0a e0 00
INFO - 25 4f 0b 3c 00 0a b0 00
INFO - 25 52 4b 3c 00 0a df 00
INFO - 25 56 8b 3c 00 0a ff 00
INFO - 25 58 cb 3c 00 0a b3 00
INFO - 25 5b 0b 3c 00 0a bb 00
INFO - 25 5f 4b 3c 00 0a f5 00
INFO - 25 61 8b 3c 00 0a bb 00
INFO - 25 63 cb 3c 00 0a b3 00
INFO - 25 66 0b 3c 00 0a ca 00
INFO - 25 68 4b 3c 00 0a 8b 00
INFO - 25 6c 8b 3c 00 0b 21 00
INFO - 25 6f cb 3c 00 0a bb 00
INFO - 25 71 0b 3c 00 0a c5 00
INFO - 25 73 4b 3c 00 0a a5 00
INFO - 25 76 8b 3c 00 0a bb 00
INFO - 25 78 cb 3c 00 0a a6 00
INFO - 25 7b 0b 3c 00 0a ee 00
INFO - 25 7d 4b 3c 00 0a 99 00
INFO - 25 80 8b 3c 00 0a c7 00
INFO - 25 83 cb 3c 00 0a a5 00
INFO - 25 92 0b 3c 00 0a cd 00
INFO - 25 94 4b 3c 00 0a 9f 00
INFO - 25 96 8b 3c 00 0a c3 00
INFO - 25 99 cb 3c 00 0a c1 00
INFO - 25 9c 0b 3c 00 0a c3 00
INFO - 25 9e 4b 3c 00 0a b8 00
INFO - 25 a0 8b 3c 00 0a aa 00
INFO - 25 a2 cb 3c 00 0a a6 00
INFO - 25 a4 0b 3c 00 0a 9f 00
INFO - 25 a6 4b 3c 00 0a b5 00
INFO - 25 a9 8b 3c 00 0a a7 00
INFO - 25 ab cb 3c 00 0a c6 00
INFO - 25 ad 0b 3c 00 0a 9d 00
INFO - 25 af 4b 3c 00 0a a6 00
INFO - 25 b2 8b 3c 00 0a c4 00
INFO - 25 b4 cb 3c 00 0a 9f 00
INFO - 25 b6 0b 3c 00 0a a9 00
INFO - 25 b8 4b 3c 00 0a 9b 00
INFO - 25 ba 8b 3c 00 0a ac 00
INFO - 25 be cb 3c 00 0b 03 00
INFO - 25 c1 0b 3c 00 0a d4 00
INFO - 25 c4 4b 3c 00 0a cf 00
INFO - 25 c7 8b 3c 00 0a d4 00
INFO - 25 cb cb 3c 00 0b 07 00
INFO - 25 cf 0b 3c 00 0b 2c 00
INFO - 25 d1 4b 3c 00 0a 9f 00
INFO - 25 d3 8b 3c 00 0a 9e 00
INFO - 25 d6 cb 3c 00 0a d2 00
INFO - 25 d9 0b 3c 00 0a d0 00
INFO - 25 de 4b 3c 00 0b 3c 00
INFO - 25 e0 8b 3c 00 0a ad 00
INFO - 25 e3 cb 3c 00 0a d0 00
INFO - 25 e5 0b 3c 00 0a ad 00
INFO - 25 e8 4b 3c 00 0a b5 00
INFO - 25 eb 8b 3c 00 0a d4 00
INFO - 25 ed cb 3c 00 0a b5 00
INFO - 25 f1 0b 3c 00 0a ef 00
INFO - 25 f3 4b 3c 00 0a b6 00
INFO - 25 f6 8b 3c 00 0a d5 00
INFO - 25 f9 cb 3c 00 0a c3 00
INFO - 25 fb 0b 3c 00 0a c8 00
INFO - 25 fe 4b 3c 00 0a d2 00
INFO - 26 01 8b 3c 00 0a 89 00
INFO - 26 04 cb 3c 00 0a b8 00
INFO - 26 07 0b 3c 00 0a d3 00
INFO - 26 09 4b 3c 00 0a c4 00
INFO - 26 0d 8b 3c 00 0a ee 00
INFO - 26 0f cb 3c 00 0a bb 00
INFO - 26 12 0b 3c 00 0a d2 00
INFO - 26 15 4b 3c 00 0a c8 00
INFO - 26 18 8b 3c 00 0a e0 00
INFO - 26 1c cb 3c 00 0a f1 00
INFO - 26 1e 0b 3c 00 0a aa 00
INFO - 26 21 4b 3c 00 0a c9 00
INFO - 26 24 8b 3c 00 0a d4 00
INFO - 26 27 cb 3c 00 0a d4 00
INFO - 26 29 0b 3c 00 0a ad 00
INFO - 26 2d 4b 3c 00 0b 17 00
INFO - 26 2f 8b 3c 00 0a ae 00
INFO - 26 32 cb 3c 00 0a d4 00
INFO - 26 35 0b 3c 00 0a ae 00
INFO - 26 37 4b 3c 00 0a bb 00
INFO - 26 3b 8b 3c 00 0a f1 00
INFO - 26 3e cb 3c 00 0a f1 00
INFO - 26 42 0b 3c 00 0a fe 00
INFO - 26 44 4b 3c 00 0a a1 00
INFO - 26 48 8b 3c 00 0a f0 00
INFO - 26 4a cb 3c 00 0a ca 00
INFO - 26 4d 0b 3c 00 0a bc 00
INFO - 26 4f 4b 3c 00 0a 92 00
INFO - 26 52 8b 3c 00 0b 00 00
INFO - 26 56 cb 3c 00 0a e5 00
INFO - 26 58 0b 3c 00 0a c8 00
INFO - 26 5c 4b 3c 00 0a d9 00
INFO - 26 5f 8b 3c 00 0a e4 00
INFO - 26 61 cb 3c 00 0a 78 00
INFO - 26 64 0b 3c 00 0a e4 00
INFO - 26 67 4b 3c 00 0a b0 00
INFO - 26 6b 8b 3c 00 0b 00 00
INFO - 26 6d cb 3c 00 0a be 00
INFO - 26 70 0b 3c 00 0a bd 00
INFO - 26 72 4b 3c 00 0a af 00
INFO - 26 75 8b 3c 00 0a c9 00
INFO - 26 77 cb 3c 00 0a cc 00
INFO - 26 7b 0b 3c 00 0a d7 00
INFO - 26 7d 4b 3c 00 0a b1 00
INFO - 26 80 8b 3c 00 0a e6 00
INFO - 26 82 cb 3c 00 0a b0 00
INFO - 26 85 0b 3c 00 0a bb 00
INFO - 26 88 4b 3c 00 0a cd 00
INFO - 26 8b 8b 3c 00 0a d0 00
INFO - 26 8e cb 3c 00 0a da 00
INFO - 26 91 0b 3c 00 0a d7 00
INFO - 26 94 4b 3c 00 0a db 00
INFO - 26 97 8b 3c 00 0a c9 00
INFO - 26 9b cb 3c 00 0a f6 00
INFO - 26 9d 0b 3c 00 0a c9 00
INFO - 26 a0 4b 3c 00 0a ca 00
INFO - 26 a3 8b 3c 00 0a cd 00
INFO - 26 a7 cb 3c 00 0a f3 00
INFO - 26 a9 0b 3c 00 0a bf 00
INFO - 26 ac 4b 3c 00 0a d9 00
INFO - 26 af 8b 3c 00 0a bd 00
INFO - 26 b3 cb 3c 00 0b 02 00
INFO - 26 b6 0b 3c 00 0a d7 00
INFO - 26 ba 4b 3c 00 0b 03 00
INFO - 26 bd 8b 3c 00 0a d5 00
INFO - 26 be cb 3c 00 0a 63 00
INFO - 26 c2 0b 3c 00 0b 02 00
INFO - 26 c4 4b 3c 00 0a 9f 00
INFO - 26 c8 8b 3c 00 0b 05 00
INFO - 26 cb cb 3c 00 0a bc 00
INFO - 26 cf 0b 3c 00 0b 13 00
INFO - 26 d2 4b 3c 00 0a cb 00
INFO - 26 d6 8b 3c 00 0b 2d 00
INFO - 26 da cb 3c 00 0a f4 00
INFO - 26 dd 0b 3c 00 0a cd 00
INFO - 26 e0 4b 3c 00 0a da 00
INFO - 26 e2 8b 3c 00 0a ae 00
INFO - 26 e4 cb 3c 00 0a b0 00
INFO - 26 e8 0b 3c 00 0a e8 00
INFO - 26 eb 4b 3c 00 0a d9 00
INFO - 26 ed 8b 3c 00 0a bf 00
INFO - 26 f0 cb 3c 00 0a be 00
INFO - 26 f5 0b 3c 00 0a d1 00
INFO - 26 f8 4b 3c 00 0a bf 00
INFO - 26 fa 8b 3c 00 0a a0 00
INFO - 26 fc cb 3c 00 0a bf 00
INFO - 26 fe 0b 3c 00 0a a1 00
INFO - 27 01 4b 3c 00 0a da 00
INFO - 27 04 8b 3c 00 0a cb 00
INFO - 27 06 cb 3c 00 0a bd 00
INFO - 27 0a 0b 3c 00 0a f4 00
INFO - 27 0d 4b 3c 00 0a d9 00
INFO - 27 0f 8b 3c 00 0a 93 00
INFO - 27 11 cb 3c 00 0a bd 00
INFO - 27 14 0b 3c 00 0a af 00
INFO - 27 17 4b 3c 00 0a d8 00
INFO - 27 19 8b 3c 00 0a bd 00
INFO - 27 1c cb 3c 00 0a ca 00
INFO - 27 1e 0b 3c 00 0a 92 00
INFO - 27 20 4b 3c 00 0a b6 00
INFO - 27 23 8b 3c 00 0a aa 00
INFO - 27 25 cb 3c 00 0a a0 00
INFO - 27 28 0b 3c 00 0a e7 00
INFO - 27 2a 4b 3c 00 0a a0 00
INFO - 27 2c 8b 3c 00 0a b0 00
INFO - 27 2f cb 3c 00 0a bb 00
INFO - 27 31 0b 3c 00 0a a1 00
INFO - 27 33 4b 3c 00 0a be 00
INFO - 27 35 8b 3c 00 0a 9f 00
INFO - 27 38 cb 3c 00 0a da 00
INFO - 27 3c 0b 3c 00 0b 0f 00
INFO - 27 40 4b 3c 00 0a f1 00
INFO - 27 43 8b 3c 00 0a e8 00
INFO - 27 46 cb 3c 00 0a e4 00
INFO - 27 50 0b 3c 00 0b fe 00
INFO - 27 52 4b 3c 00 0a a0 00
INFO - 27 55 8b 3c 00 0a bf 00
INFO - 27 57 cb 3c 00 0a c8 00
INFO - 27 5a 0b 3c 00 0a cc 00
INFO - 27 5d 4b 3c 00 0a 8b 00
INFO - 27 60 8b 3c 00 0a cd 00
INFO - 27 62 cb 3c 00 0a ac 00
INFO - 27 65 0b 3c 00 0a cd 00
INFO - 27 67 4b 3c 00 0a 90 00
INFO - 27 6a 8b 3c 00 0a f6 00
INFO - 27 6d cb 3c 00 0a ba 00
INFO - 27 70 0b 3c 00 0a f3 00
INFO - 27 73 4b 3c 00 0a af 00
INFO - 27 76 8b 3c 00 0a e5 00
INFO - 27 79 cb 3c 00 0a cc 00
INFO - 27 7c 0b 3c 00 0a d5 00
INFO - 27 7f 4b 3c 00 0a db 00
INFO - 27 81 8b 3c 00 0a b9 00
INFO - 27 84 cb 3c 00 0a bf 00
INFO - 27 87 0b 3c 00 0a d5 00
INFO - 27 8a 4b 3c 00 0a cd 00
INFO - 27 8c 8b 3c 00 0a ab 00
INFO - 27 8f cb 3c 00 0a da 00
INFO - 27 93 0b 3c 00 0a f1 00
INFO - 27 96 4b 3c 00 0a e5 00
INFO - 27 98 8b 3c 00 0a af 00
INFO - 27 9b cb 3c 00 0a cd 00
INFO - 27 9d 0b 3c 00 0a ba 00
INFO - 27 a0 4b 3c 00 0a af 00
INFO - 27 a2 8b 3c 00 0a ad 00
INFO - 27 a6 cb 3c 00 0b 0e 00
INFO - 27 a9 0b 3c 00 0a e6 00
INFO - 27 ab 4b 3c 00 0a 95 00
INFO - 27 ae 8b 3c 00 0a ca 00
INFO - 27 b1 cb 3c 00 0a e2 00
INFO - 27 b4 0b 3c 00 0a d7 00
INFO - 27 b7 4b 3c 00 0a bb 00
INFO - 27 ba 8b 3c 00 0a f3 00
INFO - 27 bd cb 3c 00 0a d7 00
INFO - 27 bf 0b 3c 00 0a 89 00
INFO - 27 c1 4b 3c 00 0a ba 00
INFO - 27 c4 8b 3c 00 0a d6 00
INFO - 27 c6 cb 3c 00 0a a0 00
INFO - 27 c9 0b 3c 00 0a b0 00
INFO - 27 cc 4b 3c 00 0a d3 00
INFO - 27 cf 8b 3c 00 0a d6 00
INFO - 27 d1 cb 3c 00 0a 9f 00
INFO - 27 d4 0b 3c 00 0a d9 00
INFO - 27 d7 4b 3c 00 0a d5 00
INFO - 27 da 8b 3c 00 0a e1 00
INFO - 27 dc cb 3c 00 0a bd 00
INFO - 27 df 0b 3c 00 0a c5 00
INFO - 27 e2 4b 3c 00 0a bd 00
INFO - 27 e4 8b 3c 00 0a b8 00
INFO - 27 e8 cb 3c 00 0a f3 00
INFO - 27 ec 0b 3c 00 0b 09 00
INFO - 27 ee 4b 3c 00 0a c7 00
INFO - 27 f1 8b 3c 00 0a ca 00
INFO - 27 f4 cb 3c 00 0a b7 00
INFO - 27 f6 0b 3c 00 0a bc 00
INFO - 27 f9 4b 3c 00 0a df 00
INFO - 27 fc 8b 3c 00 0a c7 00
INFO - 27 ff cb 3c 00 0a d4 00
INFO - 28 01 0b 3c 00 0a af 00
INFO - 28 04 4b 3c 00 0a d4 00
INFO - 28 07 8b 3c 00 0a de 00
INFO - 28 0b cb 3c 00 0a ff 00
INFO - 28 0e 0b 3c 00 0a b7 00
INFO - 28 10 4b 3c 00 0a c9 00
INFO - 28 13 8b 3c 00 0a b6 00
INFO - 28 16 cb 3c 00 0a d3 00
INFO - 28 18 0b 3c 00 0a c7 00
INFO - 28 1b 4b 3c 00 0a c8 00
INFO - 28 1e 8b 3c 00 0a d3 00
INFO - 28 22 cb 3c 00 0a ec 00
INFO - 28 24 0b 3c 00 0a bc 00
INFO - 28 26 4b 3c 00 0a b5 00
INFO - 28 29 8b 3c 00 0a c6 00
INFO - 28 2b cb 3c 00 0a ad 00
INFO - 28 2e 0b 3c 00 0a c3 00
INFO - 28 31 4b 3c 00 0a e4 00
INFO - 28 34 8b 3c 00 0a b5 00
INFO - 28 37 cb 3c 00 0a e3 00
INFO - 28 39 0b 3c 00 0a b5 00
INFO - 28 3d 4b 3c 00 0a e3 00
INFO - 28 3e 8b 3c 00 0a 9a 00
INFO - 28 42 cb 3c 00 0a ee 00
INFO - 28 44 0b 3c 00 0a aa 00
INFO - 28 47 4b 3c 00 0a e3 00
INFO - 28 4a 8b 3c 00 0a b5 00
INFO - 28 4c cb 3c 00 0a ae 00
INFO - 28 4f 0b 3c 00 0a ce 00
INFO - 28 52 4b 3c 00 0a e2 00
INFO - 28 57 8b 3c 00 0a 95 00
INFO - 28 59 cb 3c 00 0a a0 00
INFO - 28 5b 0b 3c 00 0a b5 00
INFO - 28 5e 4b 3c 00 0a ba 00
INFO - 28 60 8b 3c 00 0a b4 00
INFO - 28 62 cb 3c 00 0a a0 00
INFO - 28 63 0b 3c 00 0a 90 00
INFO - 28 67 4b 3c 00 0a e9 00
INFO - 28 6a 8b 3c 00 0a eb 00
INFO - 28 6d cb 3c 00 0a c8 00
INFO - 28 70 0b 3c 00 0a e8 00
INFO - 28 73 4b 3c 00 0a c8 00
INFO - 28 75 8b 3c 00 0a a6 00
INFO - 28 79 cb 3c 00 0b 0a 00
INFO - 28 7c 0b 3c 00 0a b4 00
INFO - 28 7f 4b 3c 00 0a ef 00
INFO - 28 82 8b 3c 00 0a c1 00
INFO - 28 85 cb 3c 00 0a ec 00
INFO - 28 87 0b 3c 00 0a a0 00
INFO - 28 8a 4b 3c 00 0a b3 00
INFO - 28 8c 8b 3c 00 0a c5 00
INFO - 28 8f cb 3c 00 0a e0 00
INFO - 28 92 0b 3c 00 0a ad 00
INFO - 28 93 4b 3c 00 0a 9b 00
INFO - 28 96 8b 3c 00 0a ad 00
INFO - 28 98 cb 3c 00 0a c2 00
INFO - 28 9a 0b 3c 00 0a a0 00
INFO - 28 9c 4b 3c 00 0a a7 00
INFO - 28 9e 8b 3c 00 0a 9c 00
INFO - 28 a1 cb 3c 00 0a bb 00
INFO - 28 a2 0b 3c 00 0a 9a 00
INFO - 28 a6 4b 3c 00 0a e3 00
INFO - 28 a9 8b 3c 00 0a cf 00
INFO - 28 ab cb 3c 00 0a ae 00
INFO - 28 ad 0b 3c 00 0a b4 00
INFO - 28 b0 4b 3c 00 0a c8 00
INFO - 28 b7 8b 3c 00 0b b0 00
INFO - 28 ba cb 3c 00 0a c8 00
INFO - 28 be 0b 3c 00 0b 06 00
INFO - 28 c1 4b 3c 00 0a c0 00
INFO - 28 c3 8b 3c 00 0a b7 00
INFO - 28 c6 cb 3c 00 0a d2 00
INFO - 28 c9 0b 3c 00 0a d2 00
INFO - 28 cc 4b 3c 00 0a ba 00
INFO - 28 ce 8b 3c 00 0a a8 00
INFO - 28 d0 cb 3c 00 0a c4 00
INFO - 28 d2 0b 3c 00 0a 9d 00
INFO - 28 d4 4b 3c 00 0a ad 00
INFO - 28 d7 8b 3c 00 0a db 00
INFO - 28 d9 cb 3c 00 0a 9e 00
INFO - 28 dd 0b 3c 00 0a ec 00
INFO - 28 e0 4b 3c 00 0a d1 00
INFO - 28 e2 8b 3c 00 0a b7 00
INFO - 28 e4 cb 3c 00 0a b7 00
INFO - 28 e7 0b 3c 00 0a b7 00
INFO - 28 ea 4b 3c 00 0a c4 00
INFO - 28 ec 8b 3c 00 0a d1 00
INFO - 28 ef cb 3c 00 0a a9 00
INFO - 28 f1 0b 3c 00 0a b6 00
INFO - 28 f4 4b 3c 00 0a c4 00
INFO - 28 f8 8b 3c 00 0b 12 00
INFO - 28 fb cb 3c 00 0a dd 00
INFO - 28 fd 0b 3c 00 0a b6 00
INFO - 29 00 4b 3c 00 0a b7 00
INFO - 29 02 8b 3c 00 0a 9c 00
INFO - 29 04 cb 3c 00 0a ab 00
INFO - 29 07 0b 3c 00 0a f4 00
INFO - 29 09 4b 3c 00 0a 9c 00
INFO - 29 0c 8b 3c 00 0a dd 00
INFO - 29 0e cb 3c 00 0a a8 00
INFO - 29 12 0b 3c 00 0a f8 00
INFO - 29 14 4b 3c 00 0a ab 00
INFO - 29 17 8b 3c 00 0a db 00
INFO - 29 19 cb 3c 00 0a a8 00
INFO - 29 1c 0b 3c 00 0a b6 00
INFO - 29 20 4b 3c 00 0a f9 00
INFO - 29 22 8b 3c 00 0a b2 00
INFO - 29 25 cb 3c 00 0a c3 00
INFO - 29 27 0b 3c 00 0a ab 00
INFO - 29 2b 4b 3c 00 0b 03 00
INFO - 29 2d 8b 3c 00 0a b2 00
INFO - 29 30 cb 3c 00 0a df 00
INFO - 29 32 0b 3c 00 0a a6 00
INFO - 29 35 4b 3c 00 0a c2 00
INFO - 29 37 8b 3c 00 0a b8 00
INFO - 29 3a cb 3c 00 0a c3 00
INFO - 29 3c 0b 3c 00 0a b2 00
INFO - 29 3e 4b 3c 00 0a a8 00
INFO - 29 42 8b 3c 00 0a f7 00
INFO - 29 45 cb 3c 00 0a dd 00
INFO - 29 47 0b 3c 00 0a b6 00
INFO - 29 4a 4b 3c 00 0a b6 00
INFO - 29 4d 8b 3c 00 0a d0 00
INFO - 29 4f cb 3c 00 0a ba 00
INFO - 29 51 0b 3c 00 0a b3 00
INFO - 29 54 4b 3c 00 0a c4 00
INFO - 29 56 8b 3c 00 0a ad 00
INFO - 29 58 cb 3c 00 0a 99 00
INFO - 29 5b 0b 3c 00 0a b7 00
INFO - 29 5d 4b 3c 00 0a ba 00
INFO - 29 60 8b 3c 00 0a c4 00
INFO - 29 61 cb 3c 00 0a 9d 00
INFO - 29 65 0b 3c 00 0a db 00
INFO - 29 67 4b 3c 00 0a c7 00
INFO - 29 6b 8b 3c 00 0a de 00
INFO - 29 6d cb 3c 00 0a b4 00
INFO - 29 70 0b 3c 00 0a d4 00
INFO - 29 72 4b 3c 00 0a c1 00
INFO - 29 75 8b 3c 00 0a c3 00
INFO - 29 78 cb 3c 00 0a c4 00
INFO - 29 7c 0b 3c 00 0b 15 00
INFO - 29 7f 4b 3c 00 0a c1 00
INFO - 29 82 8b 3c 00 0a fb 00
INFO - 29 85 cb 3c 00 0a cd 00
INFO - 29 87 0b 3c 00 0a a9 00
INFO - 29 8b 4b 3c 00 0a 97 00
INFO - 29 8d 8b 3c 00 0a a6 00
INFO - 29 90 cb 3c 00 0a ee 00
INFO - 29 94 0b 3c 00 0b 02 00
INFO - 29 96 4b 3c 00 0a ab 00
INFO - 29 99 8b 3c 00 0a b4 00
INFO - 29 9a cb 3c 00 0a 8e 00
INFO - 29 9e 0b 3c 00 0a f7 00
INFO - 29 a0 4b 3c 00 0a ab 00
INFO - 29 a2 8b 3c 00 0a a6 00
INFO - 29 a5 cb 3c 00 0a c2 00
INFO - 29 a6 0b 3c 00 0a 85 00
INFO - 29 ab 4b 3c 00 0b 38 00
INFO - 29 ad 8b 3c 00 0a a6 00
INFO - 29 b1 cb 3c 00 0a fa 00
INFO - 29 b4 0b 3c 00 0a c0 00
INFO - 29 b6 4b 3c 00 0a 9e 00
INFO - 29 b8 8b 3c 00 0a b3 00
INFO - 29 ba cb 3c 00 0a b9 00
INFO - 29 bd 0b 3c 00 0a cd 00
INFO - 29 c0 4b 3c 00 0a d0 00
INFO - 29 c3 8b 3c 00 0a c3 00
INFO - 29 c6 cb 3c 00 0a dc 00
INFO - 29 c9 0b 3c 00 0a ea 00
INFO - 29 cc 4b 3c 00 0a b8 00
INFO - 29 cf 8b 3c 00 0a d9 00
INFO - 29 d2 cb 3c 00 0a dc 00
INFO - 29 d4 0b 3c 00 0a b7 00
INFO - 29 d6 4b 3c 00 0a 8b 00
INFO - 29 d8 8b 3c 00 0a b4 00
INFO - 29 da cb 3c 00 0a aa 00
INFO - 29 dd 0b 3c 00 0a cb 00
INFO - 29 df 4b 3c 00 0a 9a 00
INFO - 29 e2 8b 3c 00 0a f4 00
INFO - 29 e5 cb 3c 00 0a ce 00
INFO - 29 e8 0b 3c 00 0a cd 00
INFO - 29 ea 4b 3c 00 0a a9 00
INFO - 29 ed 8b 3c 00 0a b1 00
INFO - 29 ef cb 3c 00 0a a6 00
INFO - 29 f1 0b 3c 00 0a a9 00
INFO - 29 f3 4b 3c 00 0a bd 00
INFO - 29 f6 8b 3c 00 0a b3 00
INFO - 29 f8 cb 3c 00 0a bf 00
INFO - 29 fa 0b 3c 00 0a 9b 00
INFO - 29 fc 4b 3c 00 0a 96 00
INFO - 29 fe 8b 3c 00 0a cb 00
INFO - 2a 01 cb 3c 00 0a ce 00
INFO - 2a 05 0b 3c 00 0a e2 00
INFO - 2a 08 4b 3c 00 0a d6 00
INFO - 2a 09 8b 3c 00 0a 98 00
INFO - 2a 0c cb 3c 00 0a b0 00
INFO - 2a 0e 0b 3c 00 0a a4 00
INFO - 2a 10 4b 3c 00 0a a4 00
INFO - 2a 12 8b 3c 00 0a ca 00
INFO - 2a 1a cb 3c 00 0b ac 00
INFO - 2a 1c 0b 3c 00 0a b9 00
INFO - 2a 1f 4b 3c 00 0a c9 00
INFO - 2a 22 8b 3c 00 0a ee 00
INFO - 2a 24 cb 3c 00 0a a5 00
INFO - 2a 27 0b 3c 00 0a ac 00
INFO - 2a 29 4b 3c 00 0a a5 00
INFO - 2a 2c 8b 3c 00 0a dc 00
INFO - 2a 30 cb 3c 00 0b 04 00
INFO - 2a 32 0b 3c 00 0a c6 00
INFO - 2a 34 4b 3c 00 0a 99 00
INFO - 2a 36 8b 3c 00 0a aa 00
INFO - 2a 39 cb 3c 00 0a b0 00
INFO - 2a 3b 0b 3c 00 0a 9f 00
INFO - 2a 3c 4b 3c 00 0a a0 00
INFO - 2a 3f 8b 3c 00 0a 83 00
INFO - 2a 42 cb 3c 00 0a b9 00
INFO - 2a 43 0b 3c 00 0a 96 00
INFO - 2a 46 4b 3c 00 0a da 00
INFO - 2a 48 8b 3c 00 0a a3 00
INFO - 2a 4c cb 3c 00 0a d9 00
INFO - 2a 4f 0b 3c 00 0a f3 00
INFO - 2a 52 4b 3c 00 0a c4 00
INFO - 2a 53 8b 3c 00 0a 96 00
INFO - 2a 56 cb 3c 00 0a cc 00
INFO - 2a 59 0b 3c 00 0a ad 00
INFO - 2a 5b 4b 3c 00 0a c0 00
INFO - 2a 5f 8b 3c 00 0a e9 00
INFO - 2a 61 cb 3c 00 0a c0 00
INFO - 2a 64 0b 3c 00 0a b9 00
INFO - 2a 66 4b 3c 00 0a b5 00
INFO - 2a 68 8b 3c 00 0a ad 00
INFO - 2a 6a cb 3c 00 0a a9 00
INFO - 2a 6d 0b 3c 00 0a c6 00
INFO - 2a 6f 4b 3c 00 0a 9c 00
INFO - 2a 71 8b 3c 00 0a 9f 00
INFO - 2a 74 cb 3c 00 0a d2 00
INFO - 2a 75 0b 3c 00 0a 92 00
INFO - 2a 78 4b 3c 00 0a ba 00
INFO - 2a 7a 8b 3c 00 0a 9e 00
INFO - 2a 7d cb 3c 00 0a eb 00
INFO - 2a 80 0b 3c 00 0a c1 00
INFO - 2a 82 4b 3c 00 0a c5 00
INFO - 2a 85 8b 3c 00 0a dc 00
INFO - 2a 88 cb 3c 00 0a af 00
INFO - 2a 8a 0b 3c 00 0a aa 00
INFO - 2a 8c 4b 3c 00 0a b9 00
INFO - 2a 8f 8b 3c 00 0a c5 00
INFO - 2a 92 cb 3c 00 0a d1 00
INFO - 2a 94 0b 3c 00 0a af 00
INFO - 2a 96 4b 3c 00 0a 9e 00
INFO - 2a 98 8b 3c 00 0a 95 00
INFO - 2a 9a cb 3c 00 0a bb 00
INFO - 2a 9d 0b 3c 00 0a d1 00
INFO - 2a a0 4b 3c 00 0a c2 00
INFO - 2a a3 8b 3c 00 0a df 00
INFO - 2a a5 cb 3c 00 0a 94 00
INFO - 2a a7 0b 3c 00 0a c2 00
INFO - 2a a9 4b 3c 00 0a a2 00
INFO - 2a ac 8b 3c 00 0a c2 00
INFO - 2a ae cb 3c 00 0a bb 00
INFO - 2a b0 0b 3c 00 0a a9 00
INFO - 2a b3 4b 3c 00 0a d2 00
INFO - 2a b6 8b 3c 00 0a da 00
INFO - 2a b8 cb 3c 00 0a 94 00
INFO - 2a bb 0b 3c 00 0a bf 00
INFO - 2a be 4b 3c 00 0a bb 00
INFO - 2a c1 8b 3c 00 0a e5 00
INFO - 2a c4 cb 3c 00 0a c6 00
INFO - 2a c5 0b 3c 00 0a 92 00
INFO - 2a c8 4b 3c 00 0a cf 00
INFO - 2a ca 8b 3c 00 0a a2 00
INFO - 2a cd cb 3c 00 0a b4 00
INFO - 2a cf 0b 3c 00 0a b7 00
INFO - 2a d1 4b 3c 00 0a b8 00
INFO - 2a d3 8b 3c 00 0a a2 00
INFO - 2a d6 cb 3c 00 0a d8 00
INFO - 2a d9 0b 3c 00 0a d2 00
INFO - 2a db 4b 3c 00 0a 91 00
INFO - 2a de 8b 3c 00 0a c5 00
INFO - 2a e1 cb 3c 00 0a cd 00
INFO - 2a e3 0b 3c 00 0a ae 00
INFO - 2a e6 4b 3c 00 0a cb 00
INFO - 2a e8 8b 3c 00 0a ab 00
INFO - 2a ea cb 3c 00 0a ad 00
INFO - 2a ec 0b 3c 00 0a bf 00
INFO - 2a ee 4b 3c 00 0a 8a 00
INFO - 2a f1 8b 3c 00 0a 85 00
INFO - 2a f3 cb 3c 00 0a ad 00
INFO - 2a f5 0b 3c 00 0a be 00
INFO - 2a f9 4b 3c 00 0a db 00
INFO - 2a fa 8b 3c 00 0a 9b 00
INFO - 2a fd cb 3c 00 0a db 00
INFO - 2a ff 0b 3c 00 0a 9a 00
INFO - 2b 02 4b 3c 00 0a b5 00
INFO - 2b 04 8b 3c 00 0a b3 00
INFO - 2b 07 cb 3c 00 0a bf 00
INFO - 2b 09 0b 3c 00 0a cb 00
INFO - 2b 0c 4b 3c 00 0a b4 00
INFO - 2b 0e 8b 3c 00 0a b3 00
INFO - 2b 10 cb 3c 00 0a 9c 00
INFO - 2b 12 0b 3c 00 0a be 00
INFO - 2b 15 4b 3c 00 0a d5 00
INFO - 2b 18 8b 3c 00 0a b3 00
INFO - 2b 1a cb 3c 00 0a b2 00
INFO - 2b 1c 0b 3c 00 0a a7 00
INFO - 2b 1f 4b 3c 00 0a c9 00
INFO - 2b 21 8b 3c 00 0a a7 00
INFO - 2b 23 cb 3c 00 0a bd 00
INFO - 2b 27 0b 3c 00 0b 01 00
INFO - 2b 29 4b 3c 00 0a 9a 00
INFO - 2b 2b 8b 3c 00 0a b1 00
INFO - 2b 2d cb 3c 00 0a 9a 00
INFO - 2b 30 0b 3c 00 0a bc 00
INFO - 2b 31 4b 3c 00 0a 9a 00
INFO - 2b 33 8b 3c 00 0a 9a 00
INFO - 2b 36 cb 3c 00 0a c7 00
INFO - 2b 38 0b 3c 00 0a bb 00
INFO - 2b 3a 4b 3c 00 0a 8c 00
INFO - 2b 3c 8b 3c 00 0a 97 00
INFO - 2b 3e cb 3c 00 0a af 00
INFO - 2b 40 0b 3c 00 0a 99 00
INFO - 2b 42 4b 3c 00 0a a4 00
INFO - 2b 44 8b 3c 00 0a a3 00
INFO - 2b 45 cb 3c 00 0a 8d 00
INFO - 2b 47 0b 3c 00 0a a3 00
INFO - 2b 49 4b 3c 00 0a 8d 00
INFO - 2b 4b 8b 3c 00 0a a3 00
INFO - 2b 4d cb 3c 00 0a a3 00
INFO - 2b 4f 0b 3c 00 0a b8 00
INFO - 2b 51 4b 3c 00 0a 8d 00
INFO - 2b 52 8b 3c 00 0a 8c 00
INFO - 2b 55 cb 3c 00 0a c5 00
INFO - 2b 59 0b 3c 00 0b 03 00
INFO - 2b 5a 4b 3c 00 0a 88 00
INFO - 2b 5d 8b 3c 00 0a c3 00
INFO - 2b 5f cb 3c 00 0a a4 00
INFO - 2b 62 0b 3c 00 0a e2 00
INFO - 2b 65 4b 3c 00 0a cb 00
INFO - 2b 68 8b 3c 00 0a c5 00
INFO - 2b 6c cb 3c 00 0b 19 00
INFO - 2b 6e 0b 3c 00 0a 94 00
INFO - 2b 70 4b 3c 00 0a b7 00
INFO - 2b 73 8b 3c 00 0a c7 00
INFO - 2b 76 cb 3c 00 0a c3 00
INFO - 2b 79 0b 3c 00 0a f7 00
INFO - 2b 7c 4b 3c 00 0a b1 00
INFO - 2b 7e 8b 3c 00 0a 75 00
INFO - 2b 7f cb 3c 00 0a 9b 00
INFO - 2b 81 0b 3c 00 0a 8c 00
INFO - 2b 83 4b 3c 00 0a ab 00
INFO - 2b 85 8b 3c 00 0a a6 00
INFO - 2b 88 cb 3c 00 0a c0 00
INFO - 2b 8a 0b 3c 00 0a 9b 00
INFO - 2b 8b 4b 3c 00 0a 95 00
INFO - 2b 8e 8b 3c 00 0a c7 00
INFO - 2b 90 cb 3c 00 0a 8a 00
INFO - 2b 93 0b 3c 00 0a f4 00
INFO - 2b 96 4b 3c 00 0a b5 00
INFO - 2b 97 8b 3c 00 0a 90 00
INFO - 2b 99 cb 3c 00 0a a0 00
INFO - 2b 9b 0b 3c 00 0a b1 00
INFO - 2b 9d 4b 3c 00 0a a0 00
INFO - 2b a0 8b 3c 00 0a ba 00
INFO - 2b a3 cb 3c 00 0a dd 00
INFO - 2b a5 0b 3c 00 0a 95 00
INFO - 2b a7 4b 3c 00 0a b9 00
INFO - 2b aa 8b 3c 00 0a bc 00
INFO - 2b ab cb 3c 00 0a 8a 00
INFO - 2b ae 0b 3c 00 0a d9 00
INFO - 2b b0 4b 3c 00 0a a6 00
INFO - 2b b2 8b 3c 00 0a 9f 00
INFO - 2b b4 cb 3c 00 0a b2 00
INFO - 2b b6 0b 3c 00 0a 7e 00
INFO - 2b b8 4b 3c 00 0a af 00
INFO - 2b bb 8b 3c 00 0a d1 00
INFO - 2b be cb 3c 00 0a cc 00
INFO - 2b c0 0b 3c 00 0a bc 00
INFO - 2b c2 4b 3c 00 0a ab 00
INFO - 2b c4 8b 3c 00 0a 99 00
INFO - 2b c7 cb 3c 00 0a d9 00
INFO - 2b ca 0b 3c 00 0a b9 00
INFO - 2b cc 4b 3c 00 0a b1 00
INFO - 2b cd 8b 3c 00 0a 95 00
INFO - 2b cf cb 3c 00 0a a4 00
INFO - 2b d2 0b 3c 00 0a a6 00
INFO - 2b d4 4b 3c 00 0a b6 00
INFO - 2b d6 8b 3c 00 0a ae 00
INFO - 2b d8 cb 3c 00 0a a3 00
INFO - 2b da 0b 3c 00 0a a3 00
INFO - 2b dd 4b 3c 00 0a ae 00
INFO - 2b de 8b 3c 00 0a 82 00
INFO - 2b e0 cb 3c 00 0a a3 00
INFO - 2b e2 0b 3c 00 0a ba 00
INFO - 2b e4 4b 3c 00 0a 8d 00
INFO - 2b e7 8b 3c 00 0a d0 00
INFO - 2b e8 cb 3c 00 0a 8d 00
INFO - 2b eb 0b 3c 00 0a af 00
INFO - 2b ec 4b 3c 00 0a 99 00
INFO - 2b ee 8b 3c 00 0a a4 00
INFO - 2b f1 cb 3c 00 0a db 00
INFO - 2b f4 0b 3c 00 0a b0 00
INFO - 2b f6 4b 3c 00 0a ba 00
INFO - 2b f8 8b 3c 00 0a 97 00
INFO - 2b fb cb 3c 00 0a c4 00
INFO - 2b fd 0b 3c 00 0a af 00
INFO - 2c 00 4b 3c 00 0a d5 00
INFO - 2c 02 8b 3c 00 0a 8a 00
INFO - 2c 04 cb 3c 00 0a c8 00
INFO - 2c 07 0b 3c 00 0a ca 00
INFO - 2c 0a 4b 3c 00 0a c5 00
INFO - 2c 0c 8b 3c 00 0a b3 00
INFO - 2c 0f cb 3c 00 0a e0 00
INFO - 2c 12 0b 3c 00 0a d1 00
INFO - 2c 14 4b 3c 00 0a 84 00
INFO - 2c 17 8b 3c 00 0a df 00
INFO - 2c 19 cb 3c 00 0a a7 00
INFO - 2c 1b 0b 3c 00 0a b4 00
INFO - 2c 1d 4b 3c 00 0a a4 00
INFO - 2c 1f 8b 3c 00 0a 9b 00
INFO - 2c 22 cb 3c 00 0a c0 00
INFO - 2c 23 0b 3c 00 0a 8e 00
INFO - 2c 25 4b 3c 00 0a b2 00
INFO - 2c 28 8b 3c 00 0a c9 00
INFO - 2c 2b cb 3c 00 0a c0 00
INFO - 2c 2d 0b 3c 00 0a c6 00
INFO - 2c 30 4b 3c 00 0a a7 00
INFO - 2c 32 8b 3c 00 0a a9 00
INFO - 2c 34 cb 3c 00 0a b0 00
INFO - 2c 37 0b 3c 00 0a cc 00
INFO - 2c 38 4b 3c 00 0a 99 00
INFO - 2c 3b 8b 3c 00 0a b2 00
INFO - 2c 3d cb 3c 00 0a a9 00
INFO - 2c 40 0b 3c 00 0a d2 00
INFO - 2c 42 4b 3c 00 0a c0 00
INFO - 2c 45 8b 3c 00 0a bb 00
INFO - 2c 47 cb 3c 00 0a 9c 00
INFO - 2c 49 0b 3c 00 0a b4 00
INFO - 2c 4c 4b 3c 00 0a bc 00
INFO - 2c 4e 8b 3c 00 0a b2 00
INFO - 2c 50 cb 3c 00 0a be 00
INFO - 2c 53 0b 3c 00 0a aa 00
INFO - 2c 55 4b 3c 00 0a a4 00
INFO - 2c 57 8b 3c 00 0a aa 00
INFO - 2c 58 cb 3c 00 0a 8e 00
INFO - 2c 5b 0b 3c 00 0a b3 00
INFO - 2c 5d 4b 3c 00 0a b5 00
INFO - 2c 5f 8b 3c 00 0a 9a 00
INFO - 2c 61 cb 3c 00 0a b3 00
INFO - 2c 63 0b 3c 00 0a 94 00
INFO - 2c 65 4b 3c 00 0a a5 00
INFO - 2c 67 8b 3c 00 0a c2 00
INFO - 2c 6a cb 3c 00 0a c7 00
INFO - 2c 6c 0b 3c 00 0a 9c 00
INFO - 2c 6f 4b 3c 00 0a cb 00
INFO - 2c 71 8b 3c 00 0a 9d 00
INFO - 2c 73 cb 3c 00 0a ab 00
INFO - 2c 75 0b 3c 00 0a b2 00
INFO - 2c 76 4b 3c 00 0a 88 00
INFO - 2c 78 8b 3c 00 0a 9a 00
INFO - 2c 7b cb 3c 00 0a bd 00
INFO - 2c 7e 0b 3c 00 0a c4 00
INFO - 2c 80 4b 3c 00 0a a5 00
INFO - 2c 82 8b 3c 00 0a ac 00
INFO - 2c 87 cb 3c 00 0b 48 00
INFO - 2c 8a 0b 3c 00 0a c1 00
INFO - 2c 8d 4b 3c 00 0a d8 00
INFO - 2c 90 8b 3c 00 0a cf 00
INFO - 2c 91 cb 3c 00 0a 90 00
INFO - 2c 94 0b 3c 00 0a cf 00
INFO - 2c 96 4b 3c 00 0a a7 00
INFO - 2c 99 8b 3c 00 0a ad 00
INFO - 2c 9b cb 3c 00 0a b2 00
INFO - 2c 9d 0b 3c 00 0a b6 00
INFO - 2c a1 4b 3c 00 0b 15 00
INFO - 2c a4 8b 3c 00 0a b6 00
INFO - 2c a7 cb 3c 00 0a e0 00
INFO - 2c aa 0b 3c 00 0a d4 00
INFO - 2c ad 4b 3c 00 0a da 00
INFO - 2c af 8b 3c 00 0a 9f 00
INFO - 2c b1 cb 3c 00 0a ab 00
INFO - 2c b4 0b 3c 00 0a c3 00
INFO - 2c b6 4b 3c 00 0a c3 00
INFO - 2c b9 8b 3c 00 0a c3 00
INFO - 2c bb cb 3c 00 0a 9f 00
INFO - 2c bf 0b 3c 00 0a ff 00
INFO - 2c c1 4b 3c 00 0a a0 00
INFO - 2c c3 8b 3c 00 0a c5 00
INFO - 2c c6 cb 3c 00 0a c1 00
INFO - 2c c9 0b 3c 00 0a b8 00
INFO - 2c ca 4b 3c 00 0a a2 00
INFO - 2c cd 8b 3c 00 0a c1 00
INFO - 2c cf cb 3c 00 0a a2 00
INFO - 2c d2 0b 3c 00 0a c2 00
INFO - 2c d4 4b 3c 00 0a bb 00
INFO - 2c d7 8b 3c 00 0a b5 00
INFO - 2c d8 cb 3c 00 0a 66 00
INFO - 2c da 0b 3c 00 0a 91 00
INFO - 2c da 4b 3c 00 0a 64 00
INFO - 2c da 8b 3c 00 0a 64 00
INFO - 2c da cb 3c 00 0a 64 00
INFO - 2c da 0b 3c 00 0a 64 00
INFO - 2c da 4b 3c 00 0a 64 00
INFO - 2c da 8b 3c 00 0a 64 00
INFO - 2c da cb 3c 00 0a 64 00
INFO - 2c da 0b 3c 00 0a 64 00
INFO - 2c da 4b 3c 00 0a 64 00
INFO - 2c da 8b 3c 00 0a 64 00
