INFO - 20 00 ce 3c 00 0a 40 00
INFO - 20 05 0e 3c 00 0b 1c 00
INFO - 20 0e 4e 3c 00 0a 8a 00
INFO - 20 10 8e 3c 00 0a b8 00
INFO - 20 10 ce 3c 00 0a b8 00
INFO - 20 10 0e 3c 00 0a b8 00
INFO - 20 21 4e 3c 00 0b 17 00
INFO - 20 24 8e 3c 00 0a c7 00
INFO - 20 24 ce 3c 00 0a c7 00
INFO - 20 27 0e 3c 00 0a 91 00
INFO - 20 27 4e 3c 00 0a 91 00
INFO - 20 27 8e 3c 00 0a 91 00
INFO - 20 28 ce 3c 00 0a 4e 00
INFO - 20 35 0e 3c 00 0b fe 00
INFO - 20 35 4e 3c 00 0b fe 00
INFO - 20 39 8e 3c 00 0a 99 00
INFO - 20 3b ce 3c 00 0a ae 00
INFO - 20 3d 0e 3c 00 0a 9f 00
INFO - 20 41 4e 3c 00 0a f2 00
INFO - 20 46 8e 3c 00 0b 46 00
INFO - 20 46 ce 3c 00 0b 46 00
INFO - 20 4b 0e 3c 00 0a bc 00
INFO - 20 4d 4e 3c 00 0a ac 00
INFO - 20 51 8e 3c 00 0b 03 00
INFO - 20 53 ce 3c 00 0a ad 00
INFO - 20 53 0e 3c 00 0a ad 00
INFO - 20 53 4e 3c 00 0a ad 00
INFO - 20 5e 8e 3c 00 0a f9 00
INFO - 20 5f ce 3c 00 0a 4e 00
INFO - 20 65 0e 3c 00 0b 8d 00
INFO - 20 66 4e 3c 00 0a 4d 00
INFO - 20 66 8e 3c 00 0a 4d 00
INFO - 20 6b ce 3c 00 0a be 00
INFO - 20 6e 0e 3c 00 0a e7 00
INFO - 20 71 4e 3c 00 0a e7 00
INFO - 20 75 8e 3c 00 0a f6 00
INFO - 20 78 ce 3c 00 0a bf 00
INFO - 20 7a 0e 3c 00 0a be 00
INFO - 20 7d 4e 3c 00 0a da 00
INFO - 20 7f 8e 3c 00 0a 94 00
INFO - 20 81 ce 3c 00 0a bf 00
INFO - 20 86 0e 3c 00 0b 14 00
INFO - 20 88 4e 3c 00 0a b0 00
INFO - 20 8b 8e 3c 00 0a db 00
INFO - 20 8f ce 3c 00 0a e9 00
INFO - 20 92 0e 3c 00 0a ea 00
INFO - 20 95 4e 3c 00 0a e9 00
INFO - 20 99 8e 3c 00 0b 06 00
INFO - 20 9c ce 3c 00 0a a7 00
INFO - 20 9e 0e 3c 00 0a a4 00
INFO - 20 a0 4e 3c 00 0a c2 00
INFO - 20 a2 8e 3c 00 0a 93 00
INFO - 20 a5 ce 3c 00 0a c0 00
INFO - 20 a8 0e 3c 00 0a dc 00
INFO - 20 aa 4e 3c 00 0a c0 00
INFO - 20 ad 8e 3c 00 0a c2 00
INFO - 20 b0 ce 3c 00 0a cc 00
INFO - 20 b2 0e 3c 00 0a b2 00
INFO - 20 b5 4e 3c 00 0a cd 00
INFO - 20 b9 8e 3c 00 0b 07 00
INFO - 20 bb ce 3c 00 0a a5 00
INFO - 20 bf 0e 3c 00 0a f6 00
INFO - 20 c1 4e 3c 00 0a bf 00
INFO - 20 c3 8e 3c 00 0a b1 00
INFO - 20 c6 ce 3c 00 0a be 00
INFO - 20 c9 0e 3c 00 0a db 00
INFO - 20 cc 4e 3c 00 0a 86 00
INFO - 20 ce 8e 3c 00 0a be 00
INFO - 20 d1 ce 3c 00 0a cc 00
INFO - 20 d4 0e 3c 00 0a bd 00
INFO - 20 d6 4e 3c 00 0a be 00
INFO - 20 d9 8e 3c 00 0a d9 00
INFO - 20 dc ce 3c 00 0a bb 00
INFO - 20 e0 0e 3c 00 0b 03 00
INFO - 20 e2 4e 3c 00 0a bd 00
INFO - 20 e5 8e 3c 00 0a d8 00
INFO - 20 e8 ce 3c 00 0a ac 00
INFO - 20 ea 0e 3c 00 0a cc 00
INFO - 20 ed 4e 3c 00 0a ae 00
INFO - 20 f2 8e 3c 00 0b 3b 00
INFO - 20 f5 ce 3c 00 0a cb 00
INFO - 20 f7 0e 3c 00 0a bb 00
INFO - 20 fa 4e 3c 00 0a e4 00
INFO - 20 fc 8e 3c 00 0a 90 00
INFO - 21 00 ce 3c 00 0b 0e 00
INFO - 21 02 0e 3c 00 0a 9f 00
INFO - 21 06 4e 3c 00 0b 19 00
INFO - 21 0a 8e 3c 00 0a f0 00
INFO - 21 0d ce 3c 00 0a c6 00
INFO - 21 0f 0e 3c 00 0a a0 00
INFO - 21 12 4e 3c 00 0a d4 00
INFO - 21 14 8e 3c 00 0a c6 00
INFO - 21 17 ce 3c 00 0a c7 00
INFO - 21 1a 0e 3c 00 0a df 00
INFO - 21 1d 4e 3c 00 0a c8 00
INFO - 21 21 8e 3c 00 0a ee 00
INFO - 21 23 ce 3c 00 0a ab 00
INFO - 21 26 0e 3c 00 0a d4 00
INFO - 21 27 4e 3c 00 0a 9c 00
INFO - 21 2a 8e 3c 00 0a c7 00
INFO - 21 2c ce 3c 00 0a a9 00
INFO - 21 2f 0e 3c 00 0a c5 00
INFO - 21 31 4e 3c 00 0a b9 00
INFO - 21 34 8e 3c 00 0a a9 00
INFO - 21 37 ce 3c 00 0a e0 00
INFO - 21 39 0e 3c 00 0a c3 00
INFO - 21 3c 4e 3c 00 0a ab 00
INFO - 21 3e 8e 3c 00 0a c2 00
INFO - 21 40 ce 3c 00 0a a9 00
INFO - 21 44 0e 3c 00 0a 96 00
INFO - 21 46 4e 3c 00 0a b6 00
INFO - 21 48 8e 3c 00 0a 9d 00
INFO - 21 4b ce 3c 00 0a dd 00
INFO - 21 4e 0e 3c 00 0a c2 00
INFO - 21 52 4e 3c 00 0a f7 00
INFO - 21 54 8e 3c 00 0a c2 00
INFO - 21 58 ce 3c 00 0a e9 00
INFO - 21 5e 0e 3c 00 0b 3c 00
INFO - 21 61 4e 3c 00 0a b6 00
INFO - 21 63 8e 3c 00 0a c1 00
INFO - 21 66 ce 3c 00 0a ce 00
INFO - 21 69 0e 3c 00 0a 88 00
INFO - 21 6d 4e 3c 00 0a f4 00
INFO - 21 6f 8e 3c 00 0a 9b 00
INFO - 21 72 ce 3c 00 0a e9 00
INFO - 21 74 0e 3c 00 0a b5 00
INFO - 21 77 4e 3c 00 0a cf 00
INFO - 21 79 8e 3c 00 0a 80 00
INFO - 21 7c ce 3c 00 0b 02 00
INFO - 21 7f 0e 3c 00 0a c1 00
INFO - 21 82 4e 3c 00 0a d6 00
INFO - 21 85 8e 3c 00 0a c1 00
INFO - 21 88 ce 3c 00 0a c1 00
INFO - 21 8b 0e 3c 00 0a ce 00
INFO - 21 8d 4e 3c 00 0a b6 00
INFO - 21 8f 8e 3c 00 0a b4 00
INFO - 21 92 ce 3c 00 0a c2 00
INFO - 21 94 0e 3c 00 0a c2 00
INFO - 21 98 4e 3c 00 0a db 00
INFO - 21 9b 8e 3c 00 0a f4 00
INFO - 21 9f ce 3c 00 0a f5 00
INFO - 21 a2 0e 3c 00 0a c1 00
INFO - 21 a5 4e 3c 00 0a f5 00
INFO - 21 a8 8e 3c 00 0a ce 00
INFO - 21 ab ce 3c 00 0a ce 00
INFO - 21 ad 0e 3c 00 0a 9b 00
INFO - 21 af 4e 3c 00 0a b4 00
INFO - 21 b1 8e 3c 00 0a a7 00
INFO - 21 b3 ce 3c 00 0a b4 00
INFO - 21 b6 0e 3c 00 0a a7 00
INFO - 21 b8 4e 3c 00 0a cb 00
INFO - 21 bb 8e 3c 00 0a cf 00
INFO - 21 be ce 3c 00 0a be 00
INFO - 21 c0 0e 3c 00 0a c2 00
INFO - 21 c2 4e 3c 00 0a 9a 00
INFO - 21 c5 8e 3c 00 0a b1 00
INFO - 21 c7 ce 3c 00 0a c2 00
INFO - 21 ca 0e 3c 00 0a ca 00
INFO - 21 cc 4e 3c 00 0a a8 00
INFO - 21 d0 8e 3c 00 0a f2 00
INFO - 21 d3 ce 3c 00 0a 8c 00
INFO - 21 d6 0e 3c 00 0a f2 00
INFO - 21 d9 4e 3c 00 0a b1 00
INFO - 21 dc 8e 3c 00 0a d4 00
INFO - 21 df ce 3c 00 0a f1 00
INFO - 21 e2 0e 3c 00 0a e4 00
INFO - 21 e4 4e 3c 00 0a 9a 00
INFO - 21 e6 8e 3c 00 0a af 00
INFO - 21 e9 ce 3c 00 0a a7 00
INFO - 21 ec 0e 3c 00 0a ee 00
INFO - 21 ef 4e 3c 00 0a c1 00
INFO - 21 f2 8e 3c 00 0a d7 00
INFO - 21 f4 ce 3c 00 0a a2 00
INFO - 21 f6 0e 3c 00 0a b1 00
INFO - 21 f9 4e 3c 00 0a c1 00
INFO - 21 fb 8e 3c 00 0a be 00
INFO - 21 fe ce 3c 00 0a d4 00
INFO - 22 01 0e 3c 00 0a db 00
INFO - 22 04 4e 3c 00 0a bb 00
INFO - 22 07 8e 3c 00 0a ce 00
INFO - 22 09 ce 3c 00 0a bc 00
INFO - 22 0c 0e 3c 00 0a e7 00
INFO - 22 0f 4e 3c 00 0a cb 00
INFO - 22 11 8e 3c 00 0a a3 00
INFO - 22 13 ce 3c 00 0a a6 00
INFO - 22 16 0e 3c 00 0a b2 00
INFO - 22 18 4e 3c 00 0a a6 00
INFO - 22 1a 8e 3c 00 0a a9 00
INFO - 22 1d ce 3c 00 0a ca 00
INFO - 22 1f 0e 3c 00 0a b3 00
INFO - 22 22 4e 3c 00 0a c0 00
INFO - 22 23 8e 3c 00 0a 99 00
INFO - 22 25 ce 3c 00 0a 74 00
INFO - 22 27 0e 3c 00 0a a6 00
INFO - 22 2a 4e 3c 00 0a a6 00
INFO - 22 2c 8e 3c 00 0a cf 00
INFO - 22 30 ce 3c 00 0a da 00
INFO - 22 32 0e 3c 00 0a a6 00
INFO - 22 34 4e 3c 00 0a c1 00
INFO - 22 36 8e 3c 00 0a a7 00
INFO - 22 3a ce 3c 00 0b 10 00
INFO - 22 3e 0e 3c 00 0a dc 00
INFO - 22 40 4e 3c 00 0a b5 00
INFO - 22 42 8e 3c 00 0a a8 00
INFO - 22 45 ce 3c 00 0a c3 00
INFO - 22 48 0e 3c 00 0a dc 00
INFO - 22 4c 4e 3c 00 0b 04 00
INFO - 22 4f 8e 3c 00 0a eb 00
INFO - 22 53 ce 3c 00 0a eb 00
INFO - 22 56 0e 3c 00 0a ea 00
INFO - 22 59 4e 3c 00 0a dc 00
INFO - 22 5f 8e 3c 00 0b 4a 00
INFO - 22 61 ce 3c 00 0a 9d 00
INFO - 22 63 0e 3c 00 0a b6 00
INFO - 22 66 4e 3c 00 0a dd 00
INFO - 22 69 8e 3c 00 0a ba 00
INFO - 22 6b ce 3c 00 0a b7 00
INFO - 22 6f 0e 3c 00 0b 12 00
INFO - 22 72 4e 3c 00 0a ba 00
INFO - 22 74 8e 3c 00 0a c5 00
INFO - 22 76 ce 3c 00 0a 9e 00
INFO - 22 79 0e 3c 00 0a d1 00
INFO - 22 7c 4e 3c 00 0a 85 00
INFO - 22 7e 8e 3c 00 0a b9 00
INFO - 22 81 ce 3c 00 0a c5 00
INFO - 22 84 0e 3c 00 0a e1 00
INFO - 22 87 4e 3c 00 0a c8 00
INFO - 22 8a 8e 3c 00 0a c5 00
INFO - 22 8e ce 3c 00 0a fd 00
INFO - 22 90 0e 3c 00 0a a2 00
INFO - 22 93 4e 3c 00 0a e4 00
INFO - 22 96 8e 3c 00 0a b6 00
INFO - 22 98 ce 3c 00 0a 9f 00
INFO - 22 9b 0e 3c 00 0a e1 00
INFO - 22 9d 4e 3c 00 0a ba 00
INFO - 22 a1 8e 3c 00 0a ee 00
INFO - 22 a4 ce 3c 00 0a c4 00
INFO - 22 a7 0e 3c 00 0a ee 00
INFO - 22 ac 4e 3c 00 0a e7 00
INFO - 22 af 8e 3c 00 0a e0 00
INFO - 22 b1 ce 3c 00 0a b7 00
INFO - 22 b4 0e 3c 00 0a ba 00
INFO - 22 b6 4e 3c 00 0a a8 00
INFO - 22 b8 8e 3c 00 0a 75 00
INFO - 22 bb ce 3c 00 0a c6 00
INFO - 22 bd 0e 3c 00 0a a7 00
INFO - 22 c0 4e 3c 00 0a e0 00
INFO - 22 c2 8e 3c 00 0a b5 00
INFO - 22 c5 ce 3c 00 0a d1 00
INFO - 22 c7 0e 3c 00 0a 9d 00
INFO - 22 ca 4e 3c 00 0a c1 00
INFO - 22 cc 8e 3c 00 0a c2 00
INFO - 22 d0 ce 3c 00 0a f6 00
INFO - 22 d3 0e 3c 00 0a cf 00
INFO - 22 d6 4e 3c 00 0a cf 00
INFO - 22 d7 8e 3c 00 0a 9b 00
INFO - 22 da ce 3c 00 0a cf 00
INFO - 22 dc 0e 3c 00 0a 9a 00
INFO - 22 e1 4e 3c 00 0b 1b 00
INFO - 22 e3 8e 3c 00 0a c2 00
INFO - 22 e6 ce 3c 00 0a b4 00
INFO - 22 e8 0e 3c 00 0a ce 00
INFO - 22 ea 4e 3c 00 0a a7 00
INFO - 22 ed 8e 3c 00 0a a7 00
INFO - 22 f0 ce 3c 00 0a f6 00
INFO - 22 f4 0e 3c 00 0b 00 00
INFO - 22 f7 4e 3c 00 0a db 00
INFO - 22 f9 8e 3c 00 0a a7 00
INFO - 22 fc ce 3c 00 0a dc 00
INFO - 22 fe 0e 3c 00 0a 9a 00
INFO - 23 00 4e 3c 00 0a a8 00
INFO - 23 04 8e 3c 00 0a e8 00
INFO - 23 06 ce 3c 00 0a b5 00
INFO - 23 09 0e 3c 00 0a cf 00
INFO - 23 0b 4e 3c 00 0a b5 00
INFO - 23 0e 8e 3c 00 0a dd 00
INFO - 23 11 ce 3c 00 0a cf 00
INFO - 23 14 0e 3c 00 0a dc 00
INFO - 23 17 4e 3c 00 0a c5 00
INFO - 23 1a 8e 3c 00 0a b5 00
INFO - 23 1b ce 3c 00 0a 9c 00
INFO - 23 1f 0e 3c 00 0a ea 00
INFO - 23 21 4e 3c 00 0a b6 00
INFO - 23 24 8e 3c 00 0a b2 00
INFO - 23 26 ce 3c 00 0a ac 00
INFO - 23 29 0e 3c 00 0a f6 00
INFO - 23 2d 4e 3c 00 0a 8f 00
INFO - 23 30 8e 3c 00 0a fb 00
INFO - 23 33 ce 3c 00 0a c2 00
INFO - 23 36 0e 3c 00 0a c7 00
INFO - 23 39 4e 3c 00 0a df 00
INFO - 23 3b 8e 3c 00 0a ab 00
INFO - 23 3e ce 3c 00 0a cf 00
INFO - 23 40 0e 3c 00 0a ba 00
INFO - 23 44 4e 3c 00 0a eb 00
INFO - 23 46 8e 3c 00 0a aa 00
INFO - 23 49 ce 3c 00 0a c5 00
INFO - 23 4a 0e 3c 00 0a 9a 00
INFO - 23 4d 4e 3c 00 0a ba 00
INFO - 23 50 8e 3c 00 0a ec 00
INFO - 23 53 ce 3c 00 0a c5 00
INFO - 23 55 0e 3c 00 0a aa 00
INFO - 23 57 4e 3c 00 0a a8 00
INFO - 23 5a 8e 3c 00 0a c6 00
INFO - 23 5c ce 3c 00 0a b6 00
INFO - 23 5f 0e 3c 00 0a c6 00
INFO - 23 62 4e 3c 00 0a c3 00
INFO - 23 64 8e 3c 00 0a c4 00
INFO - 23 69 ce 3c 00 0b 31 00
INFO - 23 6b 0e 3c 00 0a a9 00
INFO - 23 6e 4e 3c 00 0a b6 00
INFO - 23 72 8e 3c 00 0a f9 00
INFO - 23 75 ce 3c 00 0a fa 00
INFO - 23 78 0e 3c 00 0a b6 00
INFO - 23 7a 4e 3c 00 0a ac 00
INFO - 23 7e 8e 3c 00 0b 04 00
INFO - 23 81 ce 3c 00 0a c7 00
INFO - 23 83 0e 3c 00 0a c1 00
INFO - 23 85 4e 3c 00 0a 9d 00
INFO - 23 87 8e 3c 00 0a b7 00
INFO - 23 8a ce 3c 00 0a c4 00
INFO - 23 8c 0e 3c 00 0a ac 00
INFO - 23 8e 4e 3c 00 0a a7 00
INFO - 23 91 8e 3c 00 0a b7 00
INFO - 23 93 ce 3c 00 0a a9 00
INFO - 23 95 0e 3c 00 0a ba 00
INFO - 23 98 4e 3c 00 0a c1 00
INFO - 23 9a 8e 3c 00 0a 6e 00
INFO - 23 9c ce 3c 00 0a a9 00
INFO - 23 9e 0e 3c 00 0a ac 00
INFO - 23 a1 4e 3c 00 0a ce 00
INFO - 23 a4 8e 3c 00 0a d1 00
INFO - 23 a6 ce 3c 00 0a b9 00
INFO - 23 a9 0e 3c 00 0a b3 00
INFO - 23 aa 4e 3c 00 0a 9c 00
INFO - 23 b5 8e 3c 00 0b fe 00
INFO - 23 b8 ce 3c 00 0a df 00
INFO - 23 bb 0e 3c 00 0a d0 00
INFO - 23 bd 4e 3c 00 0a c3 00
INFO - 23 c0 8e 3c 00 0a b6 00
INFO - 23 c3 ce 3c 00 0a dc 00
INFO - 23 c5 0e 3c 00 0a a9 00
INFO - 23 c7 4e 3c 00 0a a7 00
INFO - 23 ca 8e 3c 00 0a b7 00
INFO - 23 cc ce 3c 00 0a cf 00
INFO - 23 cf 0e 3c 00 0a c2 00
INFO - 23 d1 4e 3c 00 0a 9a 00
INFO - 23 d3 8e 3c 00 0a b6 00
INFO - 23 d6 ce 3c 00 0a dc 00
INFO - 23 da 0e 3c 00 0a e8 00
INFO - 23 dc 4e 3c 00 0a c3 00
INFO - 23 df 8e 3c 00 0a b5 00
INFO - 23 e2 ce 3c 00 0a dc 00
INFO - 23 e4 0e 3c 00 0a 9a 00
INFO - 23 e7 4e 3c 00 0a d0 00
INFO - 23 ea 8e 3c 00 0a cf 00
INFO - 23 ec ce 3c 00 0a b7 00
INFO - 23 f0 0e 3c 00 0a e9 00
INFO - 23 f2 4e 3c 00 0a b4 00
INFO - 23 f4 8e 3c 00 0a b5 00
INFO - 23 f7 ce 3c 00 0a cd 00
INFO - 23 fa 0e 3c 00 0a c2 00
INFO - 23 fd 4e 3c 00 0a f4 00
INFO - 24 00 8e 3c 00 0a a9 00
INFO - 24 03 ce 3c 00 0a e7 00
INFO - 24 04 0e 3c 00 0a 67 00
INFO - 24 08 4e 3c 00 0a e5 00
INFO - 24 10 8e 3c 00 0a e0 00
INFO - 24 13 ce 3c 00 0a ce 00
INFO - 24 14 0e 3c 00 0a 82 00
INFO - 24 18 4e 3c 00 0a f2 00
INFO - 24 1c 8e 3c 00 0b 01 00
INFO - 24 1e ce 3c 00 0a a8 00
INFO - 24 20 0e 3c 00 0a a6 00
INFO - 24 23 4e 3c 00 0a cd 00
INFO - 24 26 8e 3c 00 0a d0 00
INFO - 24 28 ce 3c 00 0a c0 00
INFO - 24 2a 0e 3c 00 0a 9a 00
INFO - 24 2d 4e 3c 00 0a e5 00
INFO - 24 31 8e 3c 00 0a da 00
INFO - 24 33 ce 3c 00 0a a6 00
INFO - 24 35 0e 3c 00 0a a9 00
INFO - 24 37 4e 3c 00 0a a4 00
INFO - 24 3a 8e 3c 00 0a e7 00
INFO - 24 3c ce 3c 00 0a b3 00
INFO - 24 3f 0e 3c 00 0a cc 00
INFO - 24 41 4e 3c 00 0a a6 00
INFO - 24 43 8e 3c 00 0a 9b 00
INFO - 24 46 ce 3c 00 0a c9 00
INFO - 24 49 0e 3c 00 0a f5 00
INFO - 24 4b 4e 3c 00 0a a4 00
INFO - 24 4f 8e 3c 00 0a f2 00
INFO - 24 51 ce 3c 00 0a 81 00
INFO - 24 53 0e 3c 00 0a 97 00
INFO - 24 56 4e 3c 00 0a be 00
INFO - 24 58 8e 3c 00 0a cc 00
INFO - 24 5b ce 3c 00 0a b2 00
INFO - 24 5d 0e 3c 00 0a cb 00
INFO - 24 61 4e 3c 00 0a d9 00
INFO - 24 64 8e 3c 00 0a d6 00
INFO - 24 67 ce 3c 00 0a f0 00
INFO - 24 69 0e 3c 00 0a b1 00
INFO - 24 6d 4e 3c 00 0a f2 00
INFO - 24 6f 8e 3c 00 0a 96 00
INFO - 24 71 ce 3c 00 0a ca 00
INFO - 24 73 0e 3c 00 0a a4 00
INFO - 24 77 4e 3c 00 0a e4 00
INFO - 24 7a 8e 3c 00 0a e1 00
INFO - 24 7d ce 3c 00 0a be 00
INFO - 24 7f 0e 3c 00 0a a3 00
INFO - 24 82 4e 3c 00 0a ef 00
INFO - 24 84 8e 3c 00 0a 97 00
INFO - 24 86 ce 3c 00 0a bd 00
INFO - 24 89 0e 3c 00 0a b0 00
INFO - 24 8b 4e 3c 00 0a c9 00
INFO - 24 8d 8e 3c 00 0a a3 00
INFO - 24 8f ce 3c 00 0a a5 00
INFO - 24 91 0e 3c 00 0a a1 00
INFO - 24 94 4e 3c 00 0a c9 00
INFO - 24 97 8e 3c 00 0a e0 00
INFO - 24 9a ce 3c 00 0a be 00
INFO - 24 9d 0e 3c 00 0a d3 00
INFO - 24 9f 4e 3c 00 0a af 00
INFO - 24 a1 8e 3c 00 0a a4 00
INFO - 24 a3 ce 3c 00 0a a1 00
INFO - 24 a6 0e 3c 00 0a c7 00
INFO - 24 a7 4e 3c 00 0a 96 00
INFO - 24 ab 8e 3c 00 0a eb 00
INFO - 24 ae ce 3c 00 0a c6 00
INFO - 24 b0 0e 3c 00 0a c7 00
INFO - 24 b3 4e 3c 00 0a de 00
INFO - 24 b6 8e 3c 00 0a ba 00
INFO - 24 b9 ce 3c 00 0a d2 00
INFO - 24 bb 0e 3c 00 0a bb 00
INFO - 24 bd 4e 3c 00 0a ab 00
INFO - 24 bf 8e 3c 00 0a 88 00
INFO - 24 c1 ce 3c 00 0a ac 00
INFO - 24 c3 0e 3c 00 0a 94 00
INFO - 24 c5 4e 3c 00 0a a3 00
INFO - 24 c7 8e 3c 00 0a c2 00
INFO - 24 c9 ce 3c 00 0a 94 00
INFO - 24 cc 0e 3c 00 0a e7 00
INFO - 24 cf 4e 3c 00 0a ba 00
INFO - 24 d2 8e 3c 00 0a d8 00
INFO - 24 d5 ce 3c 00 0a db 00
INFO - 24 d7 0e 3c 00 0a ac 00
INFO - 24 d9 4e 3c 00 0a a9 00
INFO - 24 dc 8e 3c 00 0a ab 00
INFO - 24 de ce 3c 00 0a b8 00
INFO - 24 e0 0e 3c 00 0a 9c 00
INFO - 24 e2 4e 3c 00 0a 9d 00
INFO - 24 e4 8e 3c 00 0a b6 00
INFO - 24 e7 ce 3c 00 0a c1 00
INFO - 24 e9 0e 3c 00 0a cd 00
INFO - 24 ec 4e 3c 00 0a b5 00
INFO - 24 ee 8e 3c 00 0a c0 00
INFO - 24 f0 ce 3c 00 0a 91 00
INFO - 24 f2 0e 3c 00 0a a9 00
INFO - 24 f4 4e 3c 00 0a 92 00
INFO - 24 f6 8e 3c 00 0a b6 00
INFO - 24 f8 ce 3c 00 0a 9b 00
INFO - 24 fa 0e 3c 00 0a 9d 00
INFO - 24 fc 4e 3c 00 0a 9e 00
INFO - 24 fe 8e 3c 00 0a 9b 00
INFO - 25 00 ce 3c 00 0a a8 00
INFO - 25 01 0e 3c 00 0a 94 00
INFO - 25 08 4e 3c 00 0b 8f 00
INFO - 25 0a 8e 3c 00 0a b2 00
INFO - 25 0d ce 3c 00 0a ad 00
INFO - 25 0e 0e 3c 00 0a 93 00
INFO - 25 10 4e 3c 00 0a a8 00
INFO - 25 13 8e 3c 00 0a cd 00
INFO - 25 18 ce 3c 00 0a b1 00
INFO - 25 1b 0e 3c 00 0a e4 00
INFO - 25 1d 4e 3c 00 0a 93 00
INFO - 25 1f 8e 3c 00 0a ac 00
INFO - 25 21 ce 3c 00 0a b4 00
INFO - 25 23 0e 3c 00 0a ac 00
INFO - 25 27 4e 3c 00 0a dc 00
INFO - 25 29 8e 3c 00 0a c1 00
INFO - 25 2c ce 3c 00 0a b7 00
INFO - 25 2d 0e 3c 00 0a 88 00
INFO - 25 2f 4e 3c 00 0a b9 00
INFO - 25 32 8e 3c 00 0a b6 00
INFO - 25 34 ce 3c 00 0a ab 00
INFO - 25 38 0e 3c 00 0b 19 00
INFO - 25 3b 4e 3c 00 0a c3 00
INFO - 25 3d 8e 3c 00 0a b8 00
INFO - 25 41 ce 3c 00 0a f6 00
INFO - 25 43 0e 3c 00 0a b8 00
INFO - 25 46 4e 3c 00 0a d1 00
INFO - 25 48 8e 3c 00 0a a1 00
INFO - 25 4a ce 3c 00 0a a1 00
INFO - 25 4d 0e 3c 00 0a b9 00
INFO - 25 4f 4e 3c 00 0a a1 00
INFO - 25 52 8e 3c 00 0a d3 00
INFO - 25 54 ce 3c 00 0a ba 00
INFO - 25 57 0e 3c 00 0a c6 00
INFO - 25 59 4e 3c 00 0a bb 00
INFO - 25 5b 8e 3c 00 0a a2 00
INFO - 25 5e ce 3c 00 0a c7 00
INFO - 25 60 0e 3c 00 0a a2 00
INFO - 25 63 4e 3c 00 0a d5 00
INFO - 25 65 8e 3c 00 0a a3 00
INFO - 25 67 ce 3c 00 0a ae 00
INFO - 25 6a 0e 3c 00 0a e3 00
INFO - 25 6c 4e 3c 00 0a a3 00
INFO - 25 6f 8e 3c 00 0a bd 00
INFO - 25 72 ce 3c 00 0a d4 00
INFO - 25 74 0e 3c 00 0a 9a 00
INFO - 25 77 4e 3c 00 0a e2 00
INFO - 25 79 8e 3c 00 0a a4 00
INFO - 25 7c ce 3c 00 0a c7 00
INFO - 25 7e 0e 3c 00 0a c0 00
INFO - 25 80 4e 3c 00 0a a5 00
INFO - 25 83 8e 3c 00 0a be 00
INFO - 25 84 ce 3c 00 0a 98 00
INFO - 25 89 0e 3c 00 0b 0a 00
INFO - 25 8b 4e 3c 00 0a bf 00
INFO - 25 8e 8e 3c 00 0a cc 00
INFO - 25 90 ce 3c 00 0a bf 00
INFO - 25 93 0e 3c 00 0a b3 00
INFO - 25 96 4e 3c 00 0a e4 00
INFO - 25 99 8e 3c 00 0a c3 00
INFO - 25 9b ce 3c 00 0a c0 00
INFO - 25 9e 0e 3c 00 0a ce 00
INFO - 25 a1 4e 3c 00 0a cd 00
INFO - 25 a3 8e 3c 00 0a b1 00
INFO - 25 a7 ce 3c 00 0a eb 00
INFO - 25 a9 0e 3c 00 0a b4 00
INFO - 25 ac 4e 3c 00 0a dc 00
INFO - 25 af 8e 3c 00 0a c0 00
INFO - 25 b1 ce 3c 00 0a c2 00
INFO - 25 b3 0e 3c 00 0a 9b 00
INFO - 25 b5 4e 3c 00 0a a8 00
INFO - 25 b8 8e 3c 00 0a b2 00
INFO - 25 b9 ce 3c 00 0a 9f 00
INFO - 25 bc 0e 3c 00 0a c1 00
INFO - 25 be 4e 3c 00 0a b5 00
INFO - 25 c0 8e 3c 00 0a a6 00
INFO - 25 c3 ce 3c 00 0a ab 00
INFO - 25 c5 0e 3c 00 0a c2 00
INFO - 25 c7 4e 3c 00 0a aa 00
INFO - 25 c9 8e 3c 00 0a a4 00
INFO - 25 cc ce 3c 00 0a d3 00
INFO - 25 ce 0e 3c 00 0a 9b 00
INFO - 25 d2 4e 3c 00 0a f8 00
INFO - 25 d4 8e 3c 00 0a a4 00
INFO - 25 d7 ce 3c 00 0a e0 00
INFO - 25 db 0e 3c 00 0a f7 00
INFO - 25 de 4e 3c 00 0a f4 00
INFO - 25 e2 8e 3c 00 0a f8 00
INFO - 25 e5 ce 3c 00 0a cf 00
INFO - 25 e7 0e 3c 00 0a bf 00
INFO - 25 eb 4e 3c 00 0a df 00
INFO - 25 ee 8e 3c 00 0a e9 00
INFO - 25 f1 ce 3c 00 0a cc 00
INFO - 25 f3 0e 3c 00 0a b8 00
INFO - 25 f6 4e 3c 00 0a b6 00
INFO - 25 f9 8e 3c 00 0a db 00
INFO - 25 fb ce 3c 00 0a be 00
INFO - 25 fe 0e 3c 00 0a df 00
INFO - 26 00 4e 3c 00 0a 9a 00
INFO - 26 03 8e 3c 00 0a c2 00
INFO - 26 05 ce 3c 00 0a c2 00
INFO - 26 08 0e 3c 00 0a be 00
INFO - 26 0a 4e 3c 00 0a af 00
INFO - 26 0d 8e 3c 00 0a a5 00
INFO - 26 10 ce 3c 00 0a be 00
INFO - 26 13 0e 3c 00 0a eb 00
INFO - 26 15 4e 3c 00 0a 9a 00
INFO - 26 17 8e 3c 00 0a 97 00
INFO - 26 19 ce 3c 00 0a c4 00
INFO - 26 1b 0e 3c 00 0a b4 00
INFO - 26 1e 4e 3c 00 0a c2 00
INFO - 26 20 8e 3c 00 0a b3 00
INFO - 26 24 ce 3c 00 0a e4 00
INFO - 26 26 0e 3c 00 0a a9 00
INFO - 26 28 4e 3c 00 0a b5 00
INFO - 26 2a 8e 3c 00 0a b2 00
INFO - 26 2d ce 3c 00 0a b0 00
INFO - 26 2f 0e 3c 00 0a b6 00
INFO - 26 31 4e 3c 00 0a 9a 00
INFO - 26 34 8e 3c 00 0a da 00
INFO - 26 36 ce 3c 00 0a 9b 00
INFO - 26 39 0e 3c 00 0a cb 00
INFO - 26 3a 4e 3c 00 0a 8d 00
INFO - 26 3d 8e 3c 00 0a e6 00
INFO - 26 40 ce 3c 00 0a a6 00
INFO - 26 42 0e 3c 00 0a c0 00
INFO - 26 44 4e 3c 00 0a b3 00
INFO - 26 47 8e 3c 00 0a c0 00
INFO - 26 49 ce 3c 00 0a b3 00
INFO - 26 4c 0e 3c 00 0a bd 00
INFO - 26 4d 4e 3c 00 0a 90 00
INFO - 26 4f 8e 3c 00 0a a6 00
INFO - 26 52 ce 3c 00 0a c1 00
INFO - 26 54 0e 3c 00 0a af 00
INFO - 26 5c 4e 3c 00 0b aa 00
INFO - 26 5e 8e 3c 00 0a c0 00
INFO - 26 62 ce 3c 00 0b 0f 00
INFO - 26 65 0e 3c 00 0a c0 00
INFO - 26 68 4e 3c 00 0a cd 00
INFO - 26 6a 8e 3c 00 0a b4 00
INFO - 26 6c ce 3c 00 0a b4 00
INFO - 26 70 0e 3c 00 0b 02 00
INFO - 26 75 4e 3c 00 0b 34 00
INFO - 26 77 8e 3c 00 0a 9a 00
INFO - 26 79 ce 3c 00 0a b5 00
INFO - 26 7c 0e 3c 00 0a b1 00
INFO - 26 7e 4e 3c 00 0a b8 00
INFO - 26 80 8e 3c 00 0a b5 00
INFO - 26 84 ce 3c 00 0a dd 00
INFO - 26 86 0e 3c 00 0a be 00
INFO - 26 88 4e 3c 00 0a 9e 00
INFO - 26 8a 8e 3c 00 0a b5 00
INFO - 26 8c ce 3c 00 0a a5 00
INFO - 26 8f 0e 3c 00 0a ab 00
INFO - 26 91 4e 3c 00 0a cf 00
INFO - 26 95 8e 3c 00 0a eb 00
INFO - 26 97 ce 3c 00 0a c2 00
INFO - 26 9a 0e 3c 00 0a d0 00
INFO - 26 9c 4e 3c 00 0a 9c 00
INFO - 26 a0 8e 3c 00 0a eb 00
INFO - 26 a2 ce 3c 00 0a c3 00
INFO - 26 a6 0e 3c 00 0a f8 00
INFO - 26 a9 4e 3c 00 0a ce 00
INFO - 26 ab 8e 3c 00 0a ae 00
INFO - 26 af ce 3c 00 0a f0 00
INFO - 26 b2 0e 3c 00 0a de 00
INFO - 26 b5 4e 3c 00 0a ea 00
INFO - 26 b8 8e 3c 00 0a ad 00
INFO - 26 ba ce 3c 00 0a c5 00
INFO - 26 bc 0e 3c 00 0a 90 00
INFO - 26 bf 4e 3c 00 0a ed 00
INFO - 26 c2 8e 3c 00 0a c5 00
INFO - 26 c4 ce 3c 00 0a 9e 00
INFO - 26 c6 0e 3c 00 0a b8 00
INFO - 26 c9 4e 3c 00 0a ab 00
INFO - 26 cb 8e 3c 00 0a 7c 00
INFO - 26 cd ce 3c 00 0a 9f 00
INFO - 26 d0 0e 3c 00 0a d2 00
INFO - 26 d2 4e 3c 00 0a b6 00
INFO - 26 d4 8e 3c 00 0a ae 00
INFO - 26 d7 ce 3c 00 0a d4 00
INFO - 26 db 0e 3c 00 0a e0 00
INFO - 26 dd 4e 3c 00 0a ac 00
INFO - 26 e0 8e 3c 00 0a e2 00
INFO - 26 e3 ce 3c 00 0a c6 00
INFO - 26 e5 0e 3c 00 0a c7 00
INFO - 26 e7 4e 3c 00 0a 91 00
INFO - 26 ea 8e 3c 00 0a d1 00
INFO - 26 ed ce 3c 00 0a bc 00
INFO - 26 ef 0e 3c 00 0a ac 00
INFO - 26 f2 4e 3c 00 0a e2 00
INFO - 26 f4 8e 3c 00 0a b9 00
INFO - 26 f9 ce 3c 00 0b 27 00
INFO - 26 fb 0e 3c 00 0a ab 00
INFO - 26 fd 4e 3c 00 0a aa 00
INFO - 27 00 8e 3c 00 0a ca 00
INFO - 27 03 ce 3c 00 0a d5 00
INFO - 27 06 0e 3c 00 0a c5 00
INFO - 27 08 4e 3c 00 0a af 00
INFO - 27 0a 8e 3c 00 0a 93 00
INFO - 27 0e ce 3c 00 0a fe 00
INFO - 27 12 0e 3c 00 0b 0c 00
INFO - 27 14 4e 3c 00 0a bb 00
INFO - 27 19 8e 3c 00 0b 1a 00
INFO - 27 1b ce 3c 00 0a ad 00
INFO - 27 1e 0e 3c 00 0a e1 00
INFO - 27 21 4e 3c 00 0a e7 00
INFO - 27 24 8e 3c 00 0a bc 00
INFO - 27 27 ce 3c 00 0a c9 00
INFO - 27 2a 0e 3c 00 0a f3 00
INFO - 27 2d 4e 3c 00 0a c9 00
INFO - 27 2f 8e 3c 00 0a ae 00
INFO - 27 33 ce 3c 00 0a e5 00
INFO - 27 36 0e 3c 00 0a d8 00
INFO - 27 39 4e 3c 00 0a d6 00
INFO - 27 3b 8e 3c 00 0a b2 00
INFO - 27 3e ce 3c 00 0a d8 00
INFO - 27 40 0e 3c 00 0a af 00
INFO - 27 43 4e 3c 00 0a cb 00
INFO - 27 46 8e 3c 00 0a bd 00
INFO - 27 49 ce 3c 00 0a d9 00
INFO - 27 4c 0e 3c 00 0a d5 00
INFO - 27 4f 4e 3c 00 0a cb 00
INFO - 27 51 8e 3c 00 0a a5 00
INFO - 27 54 ce 3c 00 0a da 00
INFO - 27 56 0e 3c 00 0a 9f 00
INFO - 27 5a 4e 3c 00 0b 03 00
INFO - 27 5c 8e 3c 00 0a b2 00
INFO - 27 5e ce 3c 00 0a a0 00
INFO - 27 62 0e 3c 00 0a e8 00
INFO - 27 66 4e 3c 00 0b 03 00
INFO - 27 68 8e 3c 00 0a a5 00
INFO - 27 6b ce 3c 00 0a f2 00
INFO - 27 6e 0e 3c 00 0a ce 00
INFO - 27 6e 4e 3c 00 0a 4e 00
INFO - 27 6e 8e 3c 00 0a 4e 00
INFO - 27 6e ce 3c 00 0a 4e 00
INFO - 27 6e 0e 3c 00 0a 4e 00
INFO - 27 6e 4e 3c 00 0a 4e 00
INFO - 27 6e 8e 3c 00 0a 4e 00
INFO - 27 6e ce 3c 00 0a 4e 00
INFO - 27 6e 0e 3c 00 0a 4e 00
INFO - 27 6e 4e 3c 00 0a 4e 00
INFO - 27 6e 8e 3c 00 0a 4e 00
