INFO - a4 f2 08 40 57 00 00 02
INFO - a4 f2 48 40 57 00 00 02
INFO - a4 f2 88 40 57 00 00 02
INFO - a4 f2 c8 40 57 00 00 02
INFO - a7 a8 08 40 57 00 00 02
INFO - a7 a8 48 40 57 00 00 02
INFO - a7 a8 88 40 57 00 00 02
INFO - a7 a8 c8 40 57 00 00 02
INFO - ac 7c 88 40 57 00 00 02
INFO - ac 7c c8 40 57 00 00 02
INFO - ac 7c 08 40 57 00 00 02
INFO - ac 7c 48 40 57 00 00 02
INFO - ac 7c 88 40 57 00 00 02
INFO - b0 47 c8 40 57 00 00 02
INFO - b0 47 08 40 57 00 00 02
INFO - b0 47 48 40 57 00 00 02
INFO - b0 47 88 40 57 00 00 02
INFO - b0 47 c8 40 57 00 00 02
INFO - b1 41 c8 40 57 00 00 02
INFO - b1 41 08 40 57 00 00 02
INFO - b1 41 48 40 57 00 00 02
INFO - b1 41 88 40 57 00 00 02
INFO - b2 0d 48 40 57 00 00 02
INFO - b2 0d 88 40 57 00 00 02
INFO - b2 0d c8 40 57 00 00 02
INFO - b2 0d 08 40 57 00 00 02
INFO - b7 9d 88 40 57 00 00 02
INFO - b7 9d c8 40 57 00 00 02
INFO - b7 9d 08 40 57 00 00 02
INFO - b7 9d 48 40 57 00 00 02
INFO - be 5d 08 40 57 00 00 02
INFO - be 5d 48 40 57 00 00 02
INFO - be 5d 88 40 57 00 00 02
INFO - be 5d c8 40 57 00 00 02
