INFO - a0 00 b3 08 b2 f6 77 04
INFO - a0 00 f3 10 47 a8 77 93
INFO - a0 00 33 18 00 01 86 a0
INFO - a0 00 73 08 b2 f6 77 30
INFO - a0 00 b3 10 47 a8 77 a2
INFO - a0 00 f3 18 00 01 86 a0
INFO - a0 02 33 08 b2 f6 77 f3
INFO - a0 02 73 10 47 a8 77 de
INFO - a0 02 b3 18 00 01 86 a0
INFO - a0 04 f3 08 b2 f6 78 b5
INFO - a0 04 33 10 47 a8 78 1b
INFO - a0 04 73 18 00 01 86 a0
INFO - a0 06 b3 08 b2 f6 79 78
INFO - a0 06 f3 10 47 a8 78 5e
INFO - a0 06 33 18 00 01 86 a0
INFO - a0 08 73 08 b2 f6 7a 41
INFO - a0 08 b3 10 47 a8 78 9a
INFO - a0 08 f3 18 00 01 86 a0
INFO - a0 0a 33 08 b2 f6 7b 03
INFO - a0 0a 73 10 47 a8 78 dd
INFO - a0 0a b3 18 00 01 86 a0
INFO - a0 0c f3 08 b2 f6 7b bf
INFO - a0 0c 33 10 47 a8 79 19
INFO - a0 0c 73 18 00 01 86 a0
INFO - a0 0e b3 08 b2 f6 7c 88
INFO - a0 0e f3 10 47 a8 79 56
INFO - a0 0e 33 18 00 01 86 a0
INFO - a0 10 73 08 b2 f6 7d 4b
INFO - a0 10 b3 10 47 a8 79 99
INFO - a0 10 f3 18 00 01 86 a0
INFO - a0 12 33 08 b2 f6 7e 0d
INFO - a0 12 73 10 47 a8 79 d5
INFO - a0 12 b3 18 00 01 86 a0
INFO - a0 14 f3 08 b2 f6 7e c9
INFO - a0 14 33 10 47 a8 7a 18
INFO - a0 14 73 18 00 01 86 a0
INFO - a0 16 b3 08 b2 f6 7f 8c
INFO - a0 16 f3 10 47 a8 7a 55
INFO - a0 16 33 18 00 01 86 a0
INFO - a0 18 73 08 b2 f6 80 4e
INFO - a0 18 b3 10 47 a8 7a 98
INFO - a0 18 f3 18 00 01 86 a0
INFO - a0 1a 33 08 b2 f6 81 10
INFO - a0 1a 73 10 47 a8 7a d4
INFO - a0 1a b3 18 00 01 86 a0
INFO - a0 1c f3 08 b2 f6 81 d3
INFO - a0 1c 33 10 47 a8 7b 17
INFO - a0 1c 73 18 00 01 86 a0
INFO - a0 1e b3 08 b2 f6 82 95
INFO - a0 1e f3 10 47 a8 7b 53
INFO - a0 1e 33 18 00 01 86 a0
INFO - a0 20 73 08 b2 f6 83 58
INFO - a0 20 b3 10 47 a8 7b 96
INFO - a0 20 f3 18 00 01 86 a0
INFO - a0 22 33 08 b2 f6 84 1a
INFO - a0 22 73 10 47 a8 7b d3
INFO - a0 22 b3 18 00 01 86 a0
INFO - a0 24 f3 08 b2 f6 84 dd
INFO - a0 24 33 10 47 a8 7c 16
INFO - a0 24 73 18 00 01 86 a0
INFO - a0 26 b3 08 b2 f6 85 99
INFO - a0 26 f3 10 47 a8 7c 52
INFO - a0 26 33 18 00 01 86 a0
INFO - a0 28 73 08 b2 f6 86 62
INFO - a0 28 b3 10 47 a8 7c 95
INFO - a0 28 f3 18 00 01 86 a0
INFO - a0 29 33 08 b2 f6 86 9e
INFO - a0 29 73 10 47 a8 7c a9
INFO - a0 29 b3 18 00 01 86 a0
INFO - a0 29 f3 08 b2 f6 86 9e
INFO - a0 29 33 10 47 a8 7c a9
INFO - a0 29 73 18 00 01 86 a0
INFO - a0 2a b3 08 b2 f6 87 1d
INFO - a0 2a f3 10 47 a8 7c d2
INFO - a0 2a 33 18 00 01 86 a0
INFO - a0 2c 73 08 b2 f6 87 e0
INFO - a0 2c b3 10 47 a8 7d 15
INFO - a0 2c f3 18 00 01 86 a0
INFO - a0 2e 33 08 b2 f6 88 a2
INFO - a0 2e 73 10 47 a8 7d 51
INFO - a0 2e b3 18 00 01 86 a0
INFO - a0 30 f3 08 b2 f6 89 65
INFO - a0 30 33 10 47 a8 7d 94
INFO - a0 30 73 18 00 01 86 a0
INFO - a0 32 b3 08 b2 f6 8a 27
INFO - a0 32 f3 10 47 a8 7d d0
INFO - a0 32 33 18 00 01 86 a0
INFO - a0 34 73 08 b2 f6 8a ea
INFO - a0 34 b3 10 47 a8 7e 13
INFO - a0 34 f3 18 00 01 86 a0
INFO - a0 36 33 08 b2 f6 8b ac
INFO - a0 36 73 10 47 a8 7e 56
INFO - a0 36 b3 18 00 01 86 a0
INFO - a0 38 f3 08 b2 f6 8c 6f
INFO - a0 38 33 10 47 a8 7e 93
INFO - a0 38 73 18 00 01 86 a0
INFO - a0 3a b3 08 b2 f6 8d 31
INFO - a0 3a f3 10 47 a8 7e d6
INFO - a0 3a 33 18 00 01 86 a0
INFO - a0 3c 73 08 b2 f6 8d ed
INFO - a0 3c b3 10 47 a8 7f 19
INFO - a0 3c f3 18 00 01 86 a0
INFO - a0 3e 33 08 b2 f6 8e af
INFO - a0 3e 73 10 47 a8 7f 55
INFO - a0 3e b3 18 00 01 86 a0
INFO - a0 40 f3 08 b2 f6 8f 72
INFO - a0 40 33 10 47 a8 7f 98
INFO - a0 40 73 18 00 01 86 a0
INFO - a0 42 b3 08 b2 f6 90 34
INFO - a0 42 f3 10 47 a8 7f db
INFO - a0 42 33 18 00 01 86 a0
INFO - a0 44 73 08 b2 f6 90 f0
INFO - a0 44 b3 10 47 a8 80 18
INFO - a0 44 f3 18 00 01 86 a0
INFO - a0 46 33 08 b2 f6 91 b2
INFO - a0 46 73 10 47 a8 80 5b
INFO - a0 46 b3 18 00 01 86 a0
INFO - a0 48 f3 08 b2 f6 92 75
INFO - a0 48 33 10 47 a8 80 9e
INFO - a0 48 73 18 00 01 86 a0
INFO - a0 4a b3 08 b2 f6 93 37
INFO - a0 4a f3 10 47 a8 80 e1
INFO - a0 4a 33 18 00 01 86 a0
INFO - a0 4c 73 08 b2 f6 93 fa
INFO - a0 4c b3 10 47 a8 81 1d
INFO - a0 4c f3 18 00 01 86 a0
INFO - a0 4e 33 08 b2 f6 94 b6
INFO - a0 4e 73 10 47 a8 81 60
INFO - a0 4e b3 18 00 01 86 a0
INFO - a0 50 f3 08 b2 f6 95 78
INFO - a0 50 33 10 47 a8 81 a3
INFO - a0 50 73 18 00 01 86 a0
INFO - a0 52 b3 08 b2 f6 96 3b
INFO - a0 52 f3 10 47 a8 81 e0
INFO - a0 52 33 18 00 01 86 a0
INFO - a0 54 73 08 b2 f6 96 fd
INFO - a0 54 b3 10 47 a8 82 23
INFO - a0 54 f3 18 00 01 86 a0
INFO - a0 56 33 08 b2 f6 97 b9
INFO - a0 56 73 10 47 a8 82 66
INFO - a0 56 b3 18 00 01 86 a0
INFO - a0 58 f3 08 b2 f6 98 7b
INFO - a0 58 33 10 47 a8 82 a9
INFO - a0 58 73 18 00 01 86 a0
INFO - a0 5a b3 08 b2 f6 99 3e
INFO - a0 5a f3 10 47 a8 82 e5
INFO - a0 5a 33 18 00 01 86 a0
INFO - a0 5c 73 08 b2 f6 9a 00
INFO - a0 5c b3 10 47 a8 83 28
INFO - a0 5c f3 18 00 01 86 a0
INFO - a0 5e 33 08 b2 f6 9a bc
INFO - a0 5e 73 10 47 a8 83 6b
INFO - a0 5e b3 18 00 01 86 a0
INFO - a0 60 f3 08 b2 f6 9b 7e
INFO - a0 60 33 10 47 a8 83 a8
INFO - a0 60 73 18 00 01 86 a0
INFO - a0 62 b3 08 b2 f6 9c 41
INFO - a0 62 f3 10 47 a8 83 eb
INFO - a0 62 33 18 00 01 86 a0
INFO - a0 64 73 08 b2 f6 9d 03
INFO - a0 64 b3 10 47 a8 84 2e
INFO - a0 64 f3 18 00 01 86 a0
INFO - a0 66 33 08 b2 f6 9d c6
INFO - a0 66 73 10 47 a8 84 71
INFO - a0 66 b3 18 00 01 86 a0
INFO - a0 68 f3 08 b2 f6 9e 88
INFO - a0 68 33 10 47 a8 84 b4
INFO - a0 68 73 18 00 01 86 a0
INFO - a0 6a b3 08 b2 f6 9f 44
INFO - a0 6a f3 10 47 a8 84 f0
INFO - a0 6a 33 18 00 01 86 a0
INFO - a0 6c 73 08 b2 f6 a0 06
INFO - a0 6c b3 10 47 a8 85 33
INFO - a0 6c f3 18 00 01 86 a0
INFO - a0 6e 33 08 b2 f6 a0 c9
INFO - a0 6e 73 10 47 a8 85 76
INFO - a0 6e b3 18 00 01 86 a0
INFO - a0 70 f3 08 b2 f6 a1 8b
INFO - a0 70 33 10 47 a8 85 b9
INFO - a0 70 73 18 00 01 86 a0
INFO - a0 72 b3 08 b2 f6 a2 4e
INFO - a0 72 f3 10 47 a8 85 fc
INFO - a0 72 33 18 00 01 86 a0
INFO - a0 74 73 08 b2 f6 a3 0a
INFO - a0 74 b3 10 47 a8 86 40
INFO - a0 74 f3 18 00 01 86 a0
INFO - a0 76 33 08 b2 f6 a3 cc
INFO - a0 76 73 10 47 a8 86 7c
INFO - a0 76 b3 18 00 01 86 a0
INFO - a0 78 f3 08 b2 f6 a4 8e
INFO - a0 78 33 10 47 a8 86 bf
INFO - a0 78 73 18 00 01 86 a0
INFO - a0 7a b3 08 b2 f6 a5 51
INFO - a0 7a f3 10 47 a8 87 02
INFO - a0 7a 33 18 00 01 86 a0
INFO - a0 7c 73 08 b2 f6 a6 13
INFO - a0 7c b3 10 47 a8 87 45
INFO - a0 7c f3 18 00 01 86 a0
INFO - a0 7e 33 08 b2 f6 a6 d6
INFO - a0 7e 73 10 47 a8 87 88
INFO - a0 7e b3 18 00 01 86 a0
INFO - a0 80 f3 08 b2 f6 a7 92
INFO - a0 80 33 10 47 a8 87 c4
INFO - a0 80 73 18 00 01 86 a0
INFO - a0 82 b3 08 b2 f6 a8 54
INFO - a0 82 f3 10 47 a8 88 08
INFO - a0 82 33 18 00 01 86 a0
INFO - a0 84 73 08 b2 f6 a9 16
INFO - a0 84 b3 10 47 a8 88 4b
INFO - a0 84 f3 18 00 01 86 a0
INFO - a0 86 33 08 b2 f6 a9 e6
INFO - a0 86 73 10 47 a8 88 8e
INFO - a0 86 b3 18 00 01 86 a0
INFO - a0 86 f3 08 b2 f6 a9 e6
INFO - a0 86 33 10 47 a8 88 8e
INFO - a0 86 73 18 00 01 86 a0
INFO - a0 88 b3 08 b2 f6 aa a9
INFO - a0 88 f3 10 47 a8 88 d1
INFO - a0 88 33 18 00 01 86 a0
INFO - a0 8a 73 08 b2 f6 ab 6b
INFO - a0 8a b3 10 47 a8 89 14
INFO - a0 8a f3 18 00 01 86 a0
INFO - a0 8c 33 08 b2 f6 ac 2e
INFO - a0 8c 73 10 47 a8 89 57
INFO - a0 8c b3 18 00 01 86 a0
INFO - a0 8e f3 08 b2 f6 ac e9
INFO - a0 8e 33 10 47 a8 89 93
INFO - a0 8e 73 18 00 01 86 a0
INFO - a0 90 b3 08 b2 f6 ad ac
INFO - a0 90 f3 10 47 a8 89 d6
INFO - a0 90 33 18 00 01 86 a0
INFO - a0 92 73 08 b2 f6 ae 6e
INFO - a0 92 b3 10 47 a8 8a 19
INFO - a0 92 f3 18 00 01 86 a0
INFO - a0 94 33 08 b2 f6 af 31
INFO - a0 94 73 10 47 a8 8a 5c
INFO - a0 94 b3 18 00 01 86 a0
INFO - a0 96 f3 08 b2 f6 af f3
INFO - a0 96 33 10 47 a8 8a 9f
INFO - a0 96 73 18 00 01 86 a0
INFO - a0 98 b3 08 b2 f6 b0 b6
INFO - a0 98 f3 10 47 a8 8a dc
INFO - a0 98 33 18 00 01 86 a0
INFO - a0 9a 73 08 b2 f6 b1 78
INFO - a0 9a b3 10 47 a8 8b 1f
INFO - a0 9a f3 18 00 01 86 a0
INFO - a0 9c 33 08 b2 f6 b2 3b
INFO - a0 9c 73 10 47 a8 8b 62
INFO - a0 9c b3 18 00 01 86 a0
INFO - a0 9e f3 08 b2 f6 b2 fd
INFO - a0 9e 33 10 47 a8 8b a5
INFO - a0 9e 73 18 00 01 86 a0
INFO - a0 a0 b3 08 b2 f6 b3 b9
INFO - a0 a0 f3 10 47 a8 8b e8
INFO - a0 a0 33 18 00 01 86 a0
INFO - a0 a2 73 08 b2 f6 b4 7b
INFO - a0 a2 b3 10 47 a8 8c 24
INFO - a0 a2 f3 18 00 01 86 a0
INFO - a0 a4 33 08 b2 f6 b5 3e
INFO - a0 a4 73 10 47 a8 8c 67
INFO - a0 a4 b3 18 00 01 86 a0
INFO - a0 a6 f3 08 b2 f6 b6 00
INFO - a0 a6 33 10 47 a8 8c aa
INFO - a0 a6 73 18 00 01 86 a0
INFO - a0 a8 b3 08 b2 f6 b6 c3
INFO - a0 a8 f3 10 47 a8 8c ed
INFO - a0 a8 33 18 00 01 86 a0
INFO - a0 aa 73 08 b2 f6 b7 85
INFO - a0 aa b3 10 47 a8 8d 2a
INFO - a0 aa f3 18 00 01 86 a0
INFO - a0 ac 33 08 b2 f6 b8 48
INFO - a0 ac 73 10 47 a8 8d 6d
INFO - a0 ac b3 18 00 01 86 a0
INFO - a0 ae f3 08 b2 f6 b9 0a
INFO - a0 ae 33 10 47 a8 8d b0
INFO - a0 ae 73 18 00 01 86 a0
INFO - a0 b0 b3 08 b2 f6 b9 cd
INFO - a0 b0 f3 10 47 a8 8d f3
INFO - a0 b0 33 18 00 01 86 a0
INFO - a0 b2 73 08 b2 f6 ba 8f
INFO - a0 b2 b3 10 47 a8 8e 36
INFO - a0 b2 f3 18 00 01 86 a0
INFO - a0 b4 33 08 b2 f6 bb 52
INFO - a0 b4 73 10 47 a8 8e 79
INFO - a0 b4 b3 18 00 01 86 a0
INFO - a0 b6 f3 08 b2 f6 bc 0d
INFO - a0 b6 33 10 47 a8 8e bc
INFO - a0 b6 73 18 00 01 86 a0
INFO - a0 b8 b3 08 b2 f6 bc d6
INFO - a0 b8 f3 10 47 a8 8e f8
INFO - a0 b8 33 18 00 01 86 a0
INFO - a0 ba 73 08 b2 f6 bd 99
INFO - a0 ba b3 10 47 a8 8f 3c
INFO - a0 ba f3 18 00 01 86 a0
INFO - a0 bc 33 08 b2 f6 be 55
INFO - a0 bc 73 10 47 a8 8f 7f
INFO - a0 bc b3 18 00 01 86 a0
INFO - a0 be f3 08 b2 f6 bf 17
INFO - a0 be 33 10 47 a8 8f c2
INFO - a0 be 73 18 00 01 86 a0
INFO - a0 c0 b3 08 b2 f6 bf da
INFO - a0 c0 f3 10 47 a8 90 05
INFO - a0 c0 33 18 00 01 86 a0
INFO - a0 c2 73 08 b2 f6 c0 9c
INFO - a0 c2 b3 10 47 a8 90 48
INFO - a0 c2 f3 18 00 01 86 a0
INFO - a0 c4 33 08 b2 f6 c1 5f
INFO - a0 c4 73 10 47 a8 90 84
INFO - a0 c4 b3 18 00 01 86 a0
INFO - a0 c6 f3 08 b2 f6 c2 21
INFO - a0 c6 33 10 47 a8 90 c7
INFO - a0 c6 73 18 00 01 86 a0
INFO - a0 c8 b3 08 b2 f6 c2 e3
INFO - a0 c8 f3 10 47 a8 91 0a
INFO - a0 c8 33 18 00 01 86 a0
INFO - a0 ca 73 08 b2 f6 c3 a6
INFO - a0 ca b3 10 47 a8 91 4d
INFO - a0 ca f3 18 00 01 86 a0
INFO - a0 cc 33 08 b2 f6 c4 68
INFO - a0 cc 73 10 47 a8 91 90
INFO - a0 cc b3 18 00 01 86 a0
INFO - a0 ce f3 08 b2 f6 c5 2b
INFO - a0 ce 33 10 47 a8 91 cd
INFO - a0 ce 73 18 00 01 86 a0
INFO - a0 d0 b3 08 b2 f6 c5 ed
INFO - a0 d0 f3 10 47 a8 92 10
INFO - a0 d0 33 18 00 01 86 a0
INFO - a0 d2 73 08 b2 f6 c6 b0
INFO - a0 d2 b3 10 47 a8 92 53
INFO - a0 d2 f3 18 00 01 86 a0
INFO - a0 d4 33 08 b2 f6 c7 6b
INFO - a0 d4 73 10 47 a8 92 96
INFO - a0 d4 b3 18 00 01 86 a0
INFO - a0 d6 f3 08 b2 f6 c8 2e
INFO - a0 d6 33 10 47 a8 92 d9
INFO - a0 d6 73 18 00 01 86 a0
INFO - a0 d8 b3 08 b2 f6 c8 f0
INFO - a0 d8 f3 10 47 a8 93 15
INFO - a0 d8 33 18 00 01 86 a0
INFO - a0 da 73 08 b2 f6 c9 b3
INFO - a0 da b3 10 47 a8 93 58
INFO - a0 da f3 18 00 01 86 a0
INFO - a0 dc 33 08 b2 f6 ca 75
INFO - a0 dc 73 10 47 a8 93 9b
INFO - a0 dc b3 18 00 01 86 a0
INFO - a0 de f3 08 b2 f6 cb 38
INFO - a0 de 33 10 47 a8 93 de
INFO - a0 de 73 18 00 01 86 a0
INFO - a0 e0 b3 08 b2 f6 cb f4
INFO - a0 e0 f3 10 47 a8 94 1b
INFO - a0 e0 33 18 00 01 86 a0
INFO - a0 e2 73 08 b2 f6 cc b6
INFO - a0 e2 b3 10 47 a8 94 5e
INFO - a0 e2 f3 18 00 01 86 a0
INFO - a0 e4 33 08 b2 f6 cd 78
INFO - a0 e4 73 10 47 a8 94 a1
INFO - a0 e4 b3 18 00 01 86 a0
INFO - a0 e6 f3 08 b2 f6 ce 3b
INFO - a0 e6 33 10 47 a8 94 dd
INFO - a0 e6 73 18 00 01 86 a0
INFO - a0 e8 b3 08 b2 f6 ce fd
INFO - a0 e8 f3 10 47 a8 95 20
INFO - a0 e8 33 18 00 01 86 a0
INFO - a0 ea 73 08 b2 f6 cf b9
INFO - a0 ea b3 10 47 a8 95 63
INFO - a0 ea f3 18 00 01 86 a0
INFO - a0 ec 33 08 b2 f6 d0 7c
INFO - a0 ec 73 10 47 a8 95 a6
INFO - a0 ec b3 18 00 01 86 a0
INFO - a0 ee f3 08 b2 f6 d1 3e
INFO - a0 ee 33 10 47 a8 95 e3
INFO - a0 ee 73 18 00 01 86 a0
INFO - a0 f0 b3 08 b2 f6 d2 01
INFO - a0 f0 f3 10 47 a8 96 26
INFO - a0 f0 33 18 00 01 86 a0
INFO - a0 f2 73 08 b2 f6 d2 c3
INFO - a0 f2 b3 10 47 a8 96 69
INFO - a0 f2 f3 18 00 01 86 a0
INFO - a0 f4 33 08 b2 f6 d3 85
INFO - a0 f4 73 10 47 a8 96 ac
INFO - a0 f4 b3 18 00 01 86 a0
INFO - a0 f6 f3 08 b2 f6 d4 41
INFO - a0 f6 33 10 47 a8 96 e8
INFO - a0 f6 73 18 00 01 86 a0
INFO - a0 f8 b3 08 b2 f6 d5 04
INFO - a0 f8 f3 10 47 a8 97 2b
INFO - a0 f8 33 18 00 01 86 a0
INFO - a0 fa 73 08 b2 f6 d5 c6
INFO - a0 fa b3 10 47 a8 97 6e
INFO - a0 fa f3 18 00 01 86 a0
INFO - a0 fc 33 08 b2 f6 d6 89
INFO - a0 fc 73 10 47 a8 97 b1
INFO - a0 fc b3 18 00 01 86 a0
INFO - a0 fe f3 08 b2 f6 d7 4b
INFO - a0 fe 33 10 47 a8 97 ee
INFO - a0 fe 73 18 00 01 86 a0
INFO - a1 00 b3 08 b2 f6 d8 0d
INFO - a1 00 f3 10 47 a8 98 31
INFO - a1 00 33 18 00 01 86 a0
INFO - a1 02 73 08 b2 f6 d8 d0
INFO - a1 02 b3 10 47 a8 98 74
INFO - a1 02 f3 18 00 01 86 a0
INFO - a1 04 33 08 b2 f6 d9 92
INFO - a1 04 73 10 47 a8 98 b0
INFO - a1 04 b3 18 00 01 86 a0
INFO - a1 06 f3 08 b2 f6 da 55
INFO - a1 06 33 10 47 a8 98 f3
INFO - a1 06 73 18 00 01 86 a0
INFO - a1 08 b3 40 57 00 00 02
INFO - a1 08 f3 40 57 00 00 02
INFO - a1 08 33 40 57 00 00 02
INFO - a1 08 73 40 57 00 00 02
INFO - a1 08 b3 08 b2 f6 db 11
INFO - a1 08 f3 10 47 a8 99 36
INFO - a1 08 33 18 00 01 86 a0
INFO - a1 0a 73 08 b2 f6 db d3
INFO - a1 0a b3 10 47 a8 99 73
INFO - a1 0a f3 18 00 01 86 a0
INFO - a1 0c 33 08 b2 f6 dc 96
INFO - a1 0c 73 10 47 a8 99 b6
INFO - a1 0c b3 18 00 01 86 a0
INFO - a1 0e f3 08 b2 f6 dd 58
INFO - a1 0e 33 10 47 a8 99 f9
INFO - a1 0e 73 18 00 01 86 a0
INFO - a1 10 b3 08 b2 f6 de 1a
INFO - a1 10 f3 10 47 a8 9a 3c
INFO - a1 10 33 18 00 01 86 a0
INFO - a1 12 73 08 b2 f6 de dd
INFO - a1 12 b3 10 47 a8 9a 78
INFO - a1 12 f3 18 00 01 86 a0
INFO - a1 13 33 08 b2 f6 df 20
INFO - a1 13 73 10 47 a8 9a 93
INFO - a1 13 b3 18 00 01 86 a0
INFO - a1 13 f3 08 b2 f6 df 20
INFO - a1 13 33 10 47 a8 9a 93
INFO - a1 13 73 18 00 01 86 a0
INFO - a1 15 b3 08 b2 f6 df e9
INFO - a1 15 f3 10 47 a8 9a d6
INFO - a1 15 33 18 00 01 86 a0
INFO - a1 17 73 08 b2 f6 e0 a5
INFO - a1 17 b3 10 47 a8 9b 12
INFO - a1 17 f3 18 00 01 86 a0
INFO - a1 19 33 08 b2 f6 e1 67
INFO - a1 19 73 10 47 a8 9b 55
INFO - a1 19 b3 18 00 01 86 a0
INFO - a1 1b f3 08 b2 f6 e2 2a
INFO - a1 1b 33 10 47 a8 9b 99
INFO - a1 1b 73 18 00 01 86 a0
INFO - a1 1d b3 08 b2 f6 e2 ec
INFO - a1 1d f3 10 47 a8 9b dc
INFO - a1 1d 33 18 00 01 86 a0
INFO - a1 1f 73 08 b2 f6 e3 af
INFO - a1 1f b3 10 47 a8 9c 1f
INFO - a1 1f f3 18 00 01 86 a0
INFO - a1 21 33 08 b2 f6 e4 71
INFO - a1 21 73 10 47 a8 9c 5b
INFO - a1 21 b3 18 00 01 86 a0
INFO - a1 23 f3 08 b2 f6 e5 34
INFO - a1 23 33 10 47 a8 9c 9e
INFO - a1 23 73 18 00 01 86 a0
INFO - a1 25 b3 08 b2 f6 e5 f6
INFO - a1 25 f3 10 47 a8 9c e1
INFO - a1 25 33 18 00 01 86 a0
INFO - a1 27 73 08 b2 f6 e6 b9
INFO - a1 27 b3 10 47 a8 9d 1d
INFO - a1 27 f3 18 00 01 86 a0
INFO - a1 29 33 08 b2 f6 e7 7b
INFO - a1 29 73 10 47 a8 9d 61
INFO - a1 29 b3 18 00 01 86 a0
INFO - a1 2b f3 08 b2 f6 e8 37
INFO - a1 2b 33 10 47 a8 9d a4
INFO - a1 2b 73 18 00 01 86 a0
INFO - a1 2d b3 08 b2 f6 e8 f9
INFO - a1 2d f3 10 47 a8 9d e7
INFO - a1 2d 33 18 00 01 86 a0
INFO - a1 2f 73 08 b2 f6 e9 bc
INFO - a1 2f b3 10 47 a8 9e 23
INFO - a1 2f f3 18 00 01 86 a0
INFO - a1 31 33 08 b2 f6 ea 7e
INFO - a1 31 73 10 47 a8 9e 66
INFO - a1 31 b3 18 00 01 86 a0
INFO - a1 33 f3 08 b2 f6 eb 41
INFO - a1 33 33 10 47 a8 9e a9
INFO - a1 33 73 18 00 01 86 a0
INFO - a1 35 b3 08 b2 f6 ec 03
INFO - a1 35 f3 10 47 a8 9e ec
INFO - a1 35 33 18 00 01 86 a0
INFO - a1 37 73 08 b2 f6 ec c6
INFO - a1 37 b3 10 47 a8 9f 2f
INFO - a1 37 f3 18 00 01 86 a0
INFO - a1 39 33 08 b2 f6 ed 88
INFO - a1 39 73 10 47 a8 9f 6c
INFO - a1 39 b3 18 00 01 86 a0
INFO - a1 3b f3 08 b2 f6 ee 4a
INFO - a1 3b 33 10 47 a8 9f af
INFO - a1 3b 73 18 00 01 86 a0
INFO - a1 3d b3 08 b2 f6 ef 0d
INFO - a1 3d f3 10 47 a8 9f f2
INFO - a1 3d 33 18 00 01 86 a0
INFO - a1 3f 73 08 b2 f6 ef c9
INFO - a1 3f b3 10 47 a8 a0 35
INFO - a1 3f f3 18 00 01 86 a0
INFO - a1 41 33 08 b2 f6 f0 8b
INFO - a1 41 73 10 47 a8 a0 71
INFO - a1 41 b3 18 00 01 86 a0
INFO - a1 43 f3 08 b2 f6 f1 4e
INFO - a1 43 33 10 47 a8 a0 b4
INFO - a1 43 73 18 00 01 86 a0
INFO - a1 45 b3 08 b2 f6 f2 10
INFO - a1 45 f3 10 47 a8 a0 f7
INFO - a1 45 33 18 00 01 86 a0
INFO - a1 47 73 08 b2 f6 f2 d3
INFO - a1 47 b3 10 47 a8 a1 3a
INFO - a1 47 f3 18 00 01 86 a0
INFO - a1 49 33 08 b2 f6 f3 95
INFO - a1 49 73 10 47 a8 a1 77
INFO - a1 49 b3 18 00 01 86 a0
INFO - a1 4b f3 08 b2 f6 f4 57
INFO - a1 4b 33 10 47 a8 a1 ba
INFO - a1 4b 73 18 00 01 86 a0
INFO - a1 4d b3 08 b2 f6 f5 13
INFO - a1 4d f3 10 47 a8 a1 fd
INFO - a1 4d 33 18 00 01 86 a0
INFO - a1 4f 73 08 b2 f6 f5 d6
INFO - a1 4f b3 10 47 a8 a2 40
INFO - a1 4f f3 18 00 01 86 a0
INFO - a1 51 33 08 b2 f6 f6 98
INFO - a1 51 73 10 47 a8 a2 7c
INFO - a1 51 b3 18 00 01 86 a0
INFO - a1 53 f3 08 b2 f6 f7 5b
INFO - a1 53 33 10 47 a8 a2 bf
INFO - a1 53 73 18 00 01 86 a0
INFO - a1 55 b3 08 b2 f6 f8 1d
INFO - a1 55 f3 10 47 a8 a3 02
INFO - a1 55 33 18 00 01 86 a0
INFO - a1 56 73 08 b2 f6 f8 b7
INFO - a1 56 b3 10 47 a8 a3 38
INFO - a1 56 f3 18 00 01 86 a0
INFO - a1 56 33 08 b2 f6 f8 b7
INFO - a1 56 73 10 47 a8 a3 38
INFO - a1 56 b3 18 00 01 86 a0
INFO - a1 59 f3 08 b2 f6 f9 a2
INFO - a1 59 33 10 47 a8 a3 82
INFO - a1 59 73 18 00 01 86 a0
INFO - a1 5b b3 08 b2 f6 fa 64
INFO - a1 5b f3 10 47 a8 a3 c5
INFO - a1 5b 33 18 00 01 86 a0
INFO - a1 5d 73 08 b2 f6 fb 27
INFO - a1 5d b3 10 47 a8 a4 08
INFO - a1 5d f3 18 00 01 86 a0
INFO - a1 5f 33 08 b2 f6 fb e9
INFO - a1 5f 73 10 47 a8 a4 4b
INFO - a1 5f b3 18 00 01 86 a0
INFO - a1 61 f3 08 b2 f6 fc a5
INFO - a1 61 33 10 47 a8 a4 87
INFO - a1 61 73 18 00 01 86 a0
INFO - a1 63 b3 08 b2 f6 fd 68
INFO - a1 63 f3 10 47 a8 a4 ca
INFO - a1 63 33 18 00 01 86 a0
INFO - a1 65 73 08 b2 f6 fe 2a
INFO - a1 65 b3 10 47 a8 a5 0d
INFO - a1 65 f3 18 00 01 86 a0
INFO - a1 67 33 08 b2 f6 fe ec
INFO - a1 67 73 10 47 a8 a5 50
INFO - a1 67 b3 18 00 01 86 a0
INFO - a1 69 f3 08 b2 f6 ff af
INFO - a1 69 33 10 47 a8 a5 8d
INFO - a1 69 73 18 00 01 86 a0
INFO - a1 6b b3 08 b2 f7 00 71
INFO - a1 6b f3 10 47 a8 a5 d0
INFO - a1 6b 33 18 00 01 86 a0
INFO - a1 6d 73 08 b2 f7 01 34
INFO - a1 6d b3 10 47 a8 a6 13
INFO - a1 6d f3 18 00 01 86 a0
INFO - a1 6f 33 08 b2 f7 01 f0
INFO - a1 6f 73 10 47 a8 a6 56
INFO - a1 6f b3 18 00 01 86 a0
INFO - a1 71 f3 08 b2 f7 02 b2
INFO - a1 71 33 10 47 a8 a6 92
INFO - a1 71 73 18 00 01 86 a0
INFO - a1 73 b3 08 b2 f7 03 75
INFO - a1 73 f3 10 47 a8 a6 d5
INFO - a1 73 33 18 00 01 86 a0
INFO - a1 75 73 08 b2 f7 04 37
INFO - a1 75 b3 10 47 a8 a7 18
INFO - a1 75 f3 18 00 01 86 a0
INFO - a1 77 33 08 b2 f7 04 f9
INFO - a1 77 73 10 47 a8 a7 5b
INFO - a1 77 b3 18 00 01 86 a0
INFO - a1 79 f3 08 b2 f7 05 bc
INFO - a1 79 33 10 47 a8 a7 9e
INFO - a1 79 73 18 00 01 86 a0
INFO - a1 7b b3 08 b2 f7 06 7e
INFO - a1 7b f3 10 47 a8 a7 db
INFO - a1 7b 33 18 00 01 86 a0
INFO - a1 7d 73 08 b2 f7 07 3a
INFO - a1 7d b3 10 47 a8 a8 1e
INFO - a1 7d f3 18 00 01 86 a0
INFO - a1 7f 33 08 b2 f7 07 fd
INFO - a1 7f 73 10 47 a8 a8 61
INFO - a1 7f b3 18 00 01 86 a0
INFO - a1 81 f3 08 b2 f7 08 bf
INFO - a1 81 33 10 47 a8 a8 a4
INFO - a1 81 73 18 00 01 86 a0
INFO - a1 83 b3 08 b2 f7 09 82
INFO - a1 83 f3 10 47 a8 a8 e7
INFO - a1 83 33 18 00 01 86 a0
INFO - a1 85 73 08 b2 f7 0a 44
INFO - a1 85 b3 10 47 a8 a9 23
INFO - a1 85 f3 18 00 01 86 a0
INFO - a1 87 33 08 b2 f7 0b 06
INFO - a1 87 73 10 47 a8 a9 66
INFO - a1 87 b3 18 00 01 86 a0
INFO - a1 89 f3 08 b2 f7 0b c9
INFO - a1 89 33 10 47 a8 a9 a9
INFO - a1 89 73 18 00 01 86 a0
INFO - a1 8b b3 08 b2 f7 0c 8b
INFO - a1 8b f3 10 47 a8 a9 ec
INFO - a1 8b 33 18 00 01 86 a0
INFO - a1 8b 73 08 b2 f7 0c c1
INFO - a1 8b b3 10 47 a8 a9 fa
INFO - a1 8b f3 18 00 01 86 a0
INFO - a1 8b 33 08 b2 f7 0c c1
INFO - a1 8b 73 10 47 a8 a9 fa
INFO - a1 8b b3 18 00 01 86 a0
INFO - a1 8d f3 08 b2 f7 0d 83
INFO - a1 8d 33 10 47 a8 aa 3d
INFO - a1 8d 73 18 00 01 86 a0
INFO - a1 8f b3 08 b2 f7 0e 46
INFO - a1 8f f3 10 47 a8 aa 80
INFO - a1 8f 33 18 00 01 86 a0
INFO - a1 91 73 08 b2 f7 0f 08
INFO - a1 91 b3 10 47 a8 aa c3
INFO - a1 91 f3 18 00 01 86 a0
INFO - a1 93 33 08 b2 f7 0f cb
INFO - a1 93 73 10 47 a8 ab 06
INFO - a1 93 b3 18 00 01 86 a0
INFO - a1 95 f3 08 b2 f7 10 87
INFO - a1 95 33 10 47 a8 ab 42
INFO - a1 95 73 18 00 01 86 a0
INFO - a1 97 b3 08 b2 f7 11 49
INFO - a1 97 f3 10 47 a8 ab 86
INFO - a1 97 33 18 00 01 86 a0
INFO - a1 99 73 08 b2 f7 12 0c
INFO - a1 99 b3 10 47 a8 ab c9
INFO - a1 99 f3 18 00 01 86 a0
INFO - a1 9b 33 08 b2 f7 12 ce
INFO - a1 9b 73 10 47 a8 ac 0c
INFO - a1 9b b3 18 00 01 86 a0
INFO - a1 9d f3 08 b2 f7 13 90
INFO - a1 9d 33 10 47 a8 ac 4f
INFO - a1 9d 73 18 00 01 86 a0
INFO - a1 9f b3 08 b2 f7 14 53
INFO - a1 9f f3 10 47 a8 ac 8b
INFO - a1 9f 33 18 00 01 86 a0
INFO - a1 a1 73 08 b2 f7 15 15
INFO - a1 a1 b3 10 47 a8 ac ce
INFO - a1 a1 f3 18 00 01 86 a0
INFO - a1 a3 33 08 b2 f7 15 d8
INFO - a1 a3 73 10 47 a8 ad 11
INFO - a1 a3 b3 18 00 01 86 a0
INFO - a1 a5 f3 08 b2 f7 16 9a
INFO - a1 a5 33 10 47 a8 ad 54
INFO - a1 a5 73 18 00 01 86 a0
INFO - a1 a7 b3 08 b2 f7 17 56
INFO - a1 a7 f3 10 47 a8 ad 97
INFO - a1 a7 33 18 00 01 86 a0
INFO - a1 a9 73 08 b2 f7 18 18
INFO - a1 a9 b3 10 47 a8 ad da
INFO - a1 a9 f3 18 00 01 86 a0
INFO - a1 ab 33 08 b2 f7 18 db
INFO - a1 ab 73 10 47 a8 ae 17
INFO - a1 ab b3 18 00 01 86 a0
INFO - a1 ad f3 08 b2 f7 19 9d
INFO - a1 ad 33 10 47 a8 ae 5a
INFO - a1 ad 73 18 00 01 86 a0
INFO - a1 af b3 08 b2 f7 1a 60
INFO - a1 af f3 10 47 a8 ae 9d
INFO - a1 af 33 18 00 01 86 a0
INFO - a1 b1 73 08 b2 f7 1b 22
INFO - a1 b1 b3 10 47 a8 ae e0
INFO - a1 b1 f3 18 00 01 86 a0
INFO - a1 b3 33 08 b2 f7 1b e5
INFO - a1 b3 73 10 47 a8 af 1c
INFO - a1 b3 b3 18 00 01 86 a0
INFO - a1 b5 f3 08 b2 f7 1c a1
INFO - a1 b5 33 10 47 a8 af 5f
INFO - a1 b5 73 18 00 01 86 a0
INFO - a1 b7 b3 08 b2 f7 1d 63
INFO - a1 b7 f3 10 47 a8 af a2
INFO - a1 b7 33 18 00 01 86 a0
INFO - a1 b9 73 08 b2 f7 1e 25
INFO - a1 b9 b3 10 47 a8 af e5
INFO - a1 b9 f3 18 00 01 86 a0
INFO - a1 bb 33 08 b2 f7 1e e8
INFO - a1 bb 73 10 47 a8 b0 28
INFO - a1 bb b3 18 00 01 86 a0
INFO - a1 bd f3 08 b2 f7 1f aa
INFO - a1 bd 33 10 47 a8 b0 6b
INFO - a1 bd 73 18 00 01 86 a0
INFO - a1 bf b3 08 b2 f7 20 6d
INFO - a1 bf f3 10 47 a8 b0 a8
INFO - a1 bf 33 18 00 01 86 a0
INFO - a1 c1 73 08 b2 f7 21 29
INFO - a1 c1 b3 10 47 a8 b0 eb
INFO - a1 c1 f3 18 00 01 86 a0
INFO - a1 c3 33 08 b2 f7 21 eb
INFO - a1 c3 73 10 47 a8 b1 2e
INFO - a1 c3 b3 18 00 01 86 a0
INFO - a1 c5 f3 08 b2 f7 22 ae
INFO - a1 c5 33 10 47 a8 b1 71
INFO - a1 c5 73 18 00 01 86 a0
INFO - a1 c7 b3 08 b2 f7 23 70
INFO - a1 c7 f3 10 47 a8 b1 b4
INFO - a1 c7 33 18 00 01 86 a0
INFO - a1 c9 73 08 b2 f7 24 32
INFO - a1 c9 b3 10 47 a8 b1 f0
INFO - a1 c9 f3 18 00 01 86 a0
INFO - a1 cb 33 08 b2 f7 24 f5
INFO - a1 cb 73 10 47 a8 b2 33
INFO - a1 cb b3 18 00 01 86 a0
INFO - a1 cd f3 08 b2 f7 25 b7
INFO - a1 cd 33 10 47 a8 b2 76
INFO - a1 cd 73 18 00 01 86 a0
INFO - a1 cf b3 08 b2 f7 26 73
INFO - a1 cf f3 10 47 a8 b2 ba
INFO - a1 cf 33 18 00 01 86 a0
INFO - a1 d1 73 08 b2 f7 27 36
INFO - a1 d1 b3 10 47 a8 b2 f6
INFO - a1 d1 f3 18 00 01 86 a0
INFO - a1 d3 33 08 b2 f7 27 f8
INFO - a1 d3 73 10 47 a8 b3 39
INFO - a1 d3 b3 18 00 01 86 a0
INFO - a1 d5 f3 08 b2 f7 28 ba
INFO - a1 d5 33 10 47 a8 b3 7c
INFO - a1 d5 73 18 00 01 86 a0
INFO - a1 d7 b3 08 b2 f7 29 7d
INFO - a1 d7 f3 10 47 a8 b3 bf
INFO - a1 d7 33 18 00 01 86 a0
INFO - a1 d9 73 08 b2 f7 2a 3f
INFO - a1 d9 b3 10 47 a8 b4 02
INFO - a1 d9 f3 18 00 01 86 a0
INFO - a1 db 33 08 b2 f7 2a fb
INFO - a1 db 73 10 47 a8 b4 45
INFO - a1 db b3 18 00 01 86 a0
INFO - a1 dd f3 08 b2 f7 2b be
INFO - a1 dd 33 10 47 a8 b4 81
INFO - a1 dd 73 18 00 01 86 a0
INFO - a1 df b3 08 b2 f7 2c 80
INFO - a1 df f3 10 47 a8 b4 c5
INFO - a1 df 33 18 00 01 86 a0
INFO - a1 e1 73 08 b2 f7 2d 43
INFO - a1 e1 b3 10 47 a8 b5 08
INFO - a1 e1 f3 18 00 01 86 a0
INFO - a1 e3 33 08 b2 f7 2e 05
INFO - a1 e3 73 10 47 a8 b5 4b
INFO - a1 e3 b3 18 00 01 86 a0
INFO - a1 e5 f3 08 b2 f7 2e c7
INFO - a1 e5 33 10 47 a8 b5 8e
INFO - a1 e5 73 18 00 01 86 a0
INFO - a1 e7 b3 08 b2 f7 2f 83
INFO - a1 e7 f3 10 47 a8 b5 ca
INFO - a1 e7 33 18 00 01 86 a0
INFO - a1 e9 73 08 b2 f7 30 46
INFO - a1 e9 b3 10 47 a8 b6 0d
INFO - a1 e9 f3 18 00 01 86 a0
INFO - a1 eb 33 08 b2 f7 31 08
INFO - a1 eb 73 10 47 a8 b6 50
INFO - a1 eb b3 18 00 01 86 a0
INFO - a1 ed f3 08 b2 f7 31 cb
INFO - a1 ed 33 10 47 a8 b6 93
INFO - a1 ed 73 18 00 01 86 a0
INFO - a1 ef b3 08 b2 f7 32 8d
INFO - a1 ef f3 10 47 a8 b6 d0
INFO - a1 ef 33 18 00 01 86 a0
INFO - a1 f1 73 08 b2 f7 33 49
INFO - a1 f1 b3 10 47 a8 b7 13
INFO - a1 f1 f3 18 00 01 86 a0
INFO - a1 f3 33 08 b2 f7 34 0b
INFO - a1 f3 73 10 47 a8 b7 56
INFO - a1 f3 b3 18 00 01 86 a0
INFO - a1 f5 f3 08 b2 f7 34 ce
INFO - a1 f5 33 10 47 a8 b7 99
INFO - a1 f5 73 18 00 01 86 a0
INFO - a1 f7 b3 08 b2 f7 35 90
INFO - a1 f7 f3 10 47 a8 b7 dc
INFO - a1 f7 33 18 00 01 86 a0
INFO - a1 f9 73 08 b2 f7 36 53
INFO - a1 f9 b3 10 47 a8 b8 18
INFO - a1 f9 f3 18 00 01 86 a0
INFO - a1 fb 33 08 b2 f7 37 15
INFO - a1 fb 73 10 47 a8 b8 5b
INFO - a1 fb b3 18 00 01 86 a0
INFO - a1 fd f3 08 b2 f7 37 d1
INFO - a1 fd 33 10 47 a8 b8 9e
INFO - a1 fd 73 18 00 01 86 a0
INFO - a1 ff b3 08 b2 f7 38 93
INFO - a1 ff f3 10 47 a8 b8 e1
INFO - a1 ff 33 18 00 01 86 a0
INFO - a2 01 73 08 b2 f7 39 56
INFO - a2 01 b3 10 47 a8 b9 24
INFO - a2 01 f3 18 00 01 86 a0
INFO - a2 03 33 08 b2 f7 3a 18
INFO - a2 03 73 10 47 a8 b9 61
INFO - a2 03 b3 18 00 01 86 a0
INFO - a2 05 f3 08 b2 f7 3a db
INFO - a2 05 33 10 47 a8 b9 a4
INFO - a2 05 73 18 00 01 86 a0
INFO - a2 07 b3 08 b2 f7 3b 96
INFO - a2 07 f3 10 47 a8 b9 e7
INFO - a2 07 33 18 00 01 86 a0
INFO - a2 09 73 08 b2 f7 3c 59
INFO - a2 09 b3 10 47 a8 ba 2a
INFO - a2 09 f3 18 00 01 86 a0
INFO - a2 0a 33 08 b2 f7 3c 8f
INFO - a2 0a 73 10 47 a8 ba 3e
INFO - a2 0a b3 18 00 01 86 a0
INFO - a2 0a f3 08 b2 f7 3c 8f
INFO - a2 0a 33 10 47 a8 ba 3e
INFO - a2 0a 73 18 00 01 86 a0
INFO - a2 0c b3 08 b2 f7 3d 51
INFO - a2 0c f3 10 47 a8 ba 81
INFO - a2 0c 33 18 00 01 86 a0
INFO - a2 0e 73 08 b2 f7 3e 13
INFO - a2 0e b3 10 47 a8 ba c4
INFO - a2 0e f3 18 00 01 86 a0
INFO - a2 10 33 08 b2 f7 3e d6
INFO - a2 10 73 10 47 a8 bb 00
INFO - a2 10 b3 18 00 01 86 a0
INFO - a2 12 f3 08 b2 f7 3f 98
INFO - a2 12 33 10 47 a8 bb 44
INFO - a2 12 73 18 00 01 86 a0
INFO - a2 14 b3 08 b2 f7 40 5b
INFO - a2 14 f3 10 47 a8 bb 87
INFO - a2 14 33 18 00 01 86 a0
INFO - a2 16 73 08 b2 f7 41 1d
INFO - a2 16 b3 10 47 a8 bb ca
INFO - a2 16 f3 18 00 01 86 a0
INFO - a2 18 33 08 b2 f7 41 e0
INFO - a2 18 73 10 47 a8 bc 06
INFO - a2 18 b3 18 00 01 86 a0
INFO - a2 1a f3 08 b2 f7 42 9c
INFO - a2 1a 33 10 47 a8 bc 49
INFO - a2 1a 73 18 00 01 86 a0
INFO - a2 1c b3 08 b2 f7 43 5e
INFO - a2 1c f3 10 47 a8 bc 8c
INFO - a2 1c 33 18 00 01 86 a0
INFO - a2 1e 73 08 b2 f7 44 20
INFO - a2 1e b3 10 47 a8 bc cf
INFO - a2 1e f3 18 00 01 86 a0
INFO - a2 20 33 08 b2 f7 44 e3
INFO - a2 20 73 10 47 a8 bd 0b
INFO - a2 20 b3 18 00 01 86 a0
INFO - a2 22 f3 08 b2 f7 45 a5
INFO - a2 22 33 10 47 a8 bd 4f
INFO - a2 22 73 18 00 01 86 a0
INFO - a2 24 b3 08 b2 f7 46 68
INFO - a2 24 f3 10 47 a8 bd 92
INFO - a2 24 33 18 00 01 86 a0
INFO - a2 26 73 08 b2 f7 47 24
INFO - a2 26 b3 10 47 a8 bd d5
INFO - a2 26 f3 18 00 01 86 a0
INFO - a2 28 33 08 b2 f7 47 e6
INFO - a2 28 73 10 47 a8 be 18
INFO - a2 28 b3 18 00 01 86 a0
INFO - a2 2a f3 08 b2 f7 48 a9
INFO - a2 2a 33 10 47 a8 be 5b
INFO - a2 2a 73 18 00 01 86 a0
INFO - a2 2c b3 08 b2 f7 49 6b
INFO - a2 2c f3 10 47 a8 be 97
INFO - a2 2c 33 18 00 01 86 a0
INFO - a2 2e 73 08 b2 f7 4a 2d
INFO - a2 2e b3 10 47 a8 be da
INFO - a2 2e f3 18 00 01 86 a0
INFO - a2 30 33 08 b2 f7 4a e9
INFO - a2 30 73 10 47 a8 bf 1d
INFO - a2 30 b3 18 00 01 86 a0
INFO - a2 32 f3 08 b2 f7 4b ac
INFO - a2 32 33 10 47 a8 bf 60
INFO - a2 32 73 18 00 01 86 a0
INFO - a2 34 b3 08 b2 f7 4c 6e
INFO - a2 34 f3 10 47 a8 bf a3
INFO - a2 34 33 18 00 01 86 a0
INFO - a2 36 73 08 b2 f7 4d 31
INFO - a2 36 b3 10 47 a8 bf e0
INFO - a2 36 f3 18 00 01 86 a0
INFO - a2 38 33 08 b2 f7 4d f3
INFO - a2 38 73 10 47 a8 c0 23
INFO - a2 38 b3 18 00 01 86 a0
INFO - a2 3a f3 08 b2 f7 4e b6
INFO - a2 3a 33 10 47 a8 c0 66
INFO - a2 3a 73 18 00 01 86 a0
INFO - a2 3c b3 08 b2 f7 4f 78
INFO - a2 3c f3 10 47 a8 c0 a9
INFO - a2 3c 33 18 00 01 86 a0
INFO - a2 3e 73 08 b2 f7 50 34
INFO - a2 3e b3 10 47 a8 c0 ec
INFO - a2 3e f3 18 00 01 86 a0
INFO - a2 40 33 08 b2 f7 50 f6
INFO - a2 40 73 10 47 a8 c1 28
INFO - a2 40 b3 18 00 01 86 a0
INFO - a2 42 f3 08 b2 f7 51 b9
INFO - a2 42 33 10 47 a8 c1 6b
INFO - a2 42 73 18 00 01 86 a0
INFO - a2 44 b3 08 b2 f7 52 7b
INFO - a2 44 f3 10 47 a8 c1 ae
INFO - a2 44 33 18 00 01 86 a0
INFO - a2 46 73 08 b2 f7 53 3e
INFO - a2 46 b3 10 47 a8 c1 f1
INFO - a2 46 f3 18 00 01 86 a0
INFO - a2 48 33 08 b2 f7 54 00
INFO - a2 48 73 10 47 a8 c2 34
INFO - a2 48 b3 18 00 01 86 a0
INFO - a2 4a f3 08 b2 f7 54 c2
INFO - a2 4a 33 10 47 a8 c2 78
INFO - a2 4a 73 18 00 01 86 a0
INFO - a2 4c b3 08 b2 f7 55 7e
INFO - a2 4c f3 10 47 a8 c2 b4
INFO - a2 4c 33 18 00 01 86 a0
INFO - a2 4e 73 08 b2 f7 56 41
INFO - a2 4e b3 10 47 a8 c2 f7
INFO - a2 4e f3 18 00 01 86 a0
INFO - a2 50 33 08 b2 f7 57 03
INFO - a2 50 73 10 47 a8 c3 3a
INFO - a2 50 b3 18 00 01 86 a0
INFO - a2 52 f3 08 b2 f7 57 c6
INFO - a2 52 33 10 47 a8 c3 7d
INFO - a2 52 73 18 00 01 86 a0
INFO - a2 54 b3 08 b2 f7 58 88
INFO - a2 54 f3 10 47 a8 c3 b9
INFO - a2 54 33 18 00 01 86 a0
INFO - a2 56 73 08 b2 f7 59 4b
INFO - a2 56 b3 10 47 a8 c3 fc
INFO - a2 56 f3 18 00 01 86 a0
INFO - a2 58 33 08 b2 f7 5a 0d
INFO - a2 58 73 10 47 a8 c4 40
INFO - a2 58 b3 18 00 01 86 a0
INFO - a2 5a f3 08 b2 f7 5a c9
INFO - a2 5a 33 10 47 a8 c4 83
INFO - a2 5a 73 18 00 01 86 a0
INFO - a2 5c b3 08 b2 f7 5b 8b
INFO - a2 5c f3 10 47 a8 c4 c6
INFO - a2 5c 33 18 00 01 86 a0
INFO - a2 5e 73 08 b2 f7 5c 4e
INFO - a2 5e b3 10 47 a8 c5 02
INFO - a2 5e f3 18 00 01 86 a0
INFO - a2 60 33 08 b2 f7 5d 10
INFO - a2 60 73 10 47 a8 c5 45
INFO - a2 60 b3 18 00 01 86 a0
INFO - a2 62 f3 08 b2 f7 5d d3
INFO - a2 62 33 10 47 a8 c5 88
INFO - a2 62 73 18 00 01 86 a0
INFO - a2 64 b3 08 b2 f7 5e 95
INFO - a2 64 f3 10 47 a8 c5 cb
INFO - a2 64 33 18 00 01 86 a0
INFO - a2 66 73 08 b2 f7 5f 58
INFO - a2 66 b3 10 47 a8 c6 0e
INFO - a2 66 f3 18 00 01 86 a0
INFO - a2 68 33 08 b2 f7 60 1a
INFO - a2 68 73 10 47 a8 c6 51
INFO - a2 68 b3 18 00 01 86 a0
INFO - a2 6a f3 08 b2 f7 60 dc
INFO - a2 6a 33 10 47 a8 c6 8e
INFO - a2 6a 73 18 00 01 86 a0
INFO - a2 6c b3 08 b2 f7 61 98
INFO - a2 6c f3 10 47 a8 c6 d1
INFO - a2 6c 33 18 00 01 86 a0
INFO - a2 6e 73 08 b2 f7 62 5b
INFO - a2 6e b3 10 47 a8 c7 14
INFO - a2 6e f3 18 00 01 86 a0
INFO - a2 70 33 08 b2 f7 63 1d
INFO - a2 70 73 10 47 a8 c7 57
INFO - a2 70 b3 18 00 01 86 a0
INFO - a2 72 f3 08 b2 f7 63 e0
INFO - a2 72 33 10 47 a8 c7 9a
INFO - a2 72 73 18 00 01 86 a0
INFO - a2 74 b3 08 b2 f7 64 9b
INFO - a2 74 f3 10 47 a8 c7 d6
INFO - a2 74 33 18 00 01 86 a0
INFO - a2 76 73 08 b2 f7 65 5e
INFO - a2 76 b3 10 47 a8 c8 19
INFO - a2 76 f3 18 00 01 86 a0
INFO - a2 78 33 08 b2 f7 66 20
INFO - a2 78 73 10 47 a8 c8 5c
INFO - a2 78 b3 18 00 01 86 a0
INFO - a2 7a f3 08 b2 f7 66 dc
INFO - a2 7a 33 10 47 a8 c8 9f
INFO - a2 7a 73 18 00 01 86 a0
INFO - a2 7a b3 08 b2 f7 66 dc
INFO - a2 7a f3 10 47 a8 c8 9f
INFO - a2 7a 33 18 00 01 86 a0
INFO - a2 7c 73 08 b2 f7 67 9e
INFO - a2 7c b3 10 47 a8 c8 dc
INFO - a2 7c f3 18 00 01 86 a0
INFO - a2 7e 33 08 b2 f7 68 61
INFO - a2 7e 73 10 47 a8 c9 1f
INFO - a2 7e b3 18 00 01 86 a0
INFO - a2 80 f3 08 b2 f7 69 23
INFO - a2 80 33 10 47 a8 c9 62
INFO - a2 80 73 18 00 01 86 a0
INFO - a2 82 b3 08 b2 f7 69 e6
INFO - a2 82 f3 10 47 a8 c9 a5
INFO - a2 82 33 18 00 01 86 a0
INFO - a2 84 73 08 b2 f7 6a a8
INFO - a2 84 b3 10 47 a8 c9 e1
INFO - a2 84 f3 18 00 01 86 a0
INFO - a2 86 33 08 b2 f7 6b 6b
INFO - a2 86 73 10 47 a8 ca 24
INFO - a2 86 b3 18 00 01 86 a0
INFO - a2 88 f3 08 b2 f7 6c 2d
INFO - a2 88 33 10 47 a8 ca 67
INFO - a2 88 73 18 00 01 86 a0
INFO - a2 8a b3 08 b2 f7 6c f0
INFO - a2 8a f3 10 47 a8 ca aa
INFO - a2 8a 33 18 00 01 86 a0
INFO - a2 8c 73 08 b2 f7 6d ab
INFO - a2 8c b3 10 47 a8 ca ed
INFO - a2 8c f3 18 00 01 86 a0
INFO - a2 8e 33 08 b2 f7 6e 6e
INFO - a2 8e 73 10 47 a8 cb 2a
INFO - a2 8e b3 18 00 01 86 a0
INFO - a2 90 f3 08 b2 f7 6f 30
INFO - a2 90 33 10 47 a8 cb 6d
INFO - a2 90 73 18 00 01 86 a0
INFO - a2 92 b3 08 b2 f7 6f f3
INFO - a2 92 f3 10 47 a8 cb b0
INFO - a2 92 33 18 00 01 86 a0
INFO - a2 94 73 08 b2 f7 70 b5
INFO - a2 94 b3 10 47 a8 cb f3
INFO - a2 94 f3 18 00 01 86 a0
INFO - a2 96 33 08 b2 f7 71 78
INFO - a2 96 73 10 47 a8 cc 2f
INFO - a2 96 b3 18 00 01 86 a0
INFO - a2 98 f3 08 b2 f7 72 3a
INFO - a2 98 33 10 47 a8 cc 72
INFO - a2 98 73 18 00 01 86 a0
INFO - a2 9a b3 08 b2 f7 72 fd
INFO - a2 9a f3 10 47 a8 cc b5
INFO - a2 9a 33 18 00 01 86 a0
INFO - a2 9c 73 08 b2 f7 73 bf
INFO - a2 9c b3 10 47 a8 cc f8
INFO - a2 9c f3 18 00 01 86 a0
INFO - a2 9e 33 08 b2 f7 74 7b
INFO - a2 9e 73 10 47 a8 cd 3c
INFO - a2 9e b3 18 00 01 86 a0
INFO - a2 a0 f3 08 b2 f7 75 3d
INFO - a2 a0 33 10 47 a8 cd 7f
INFO - a2 a0 73 18 00 01 86 a0
INFO - a2 a2 b3 08 b2 f7 76 00
INFO - a2 a2 f3 10 47 a8 cd bb
INFO - a2 a2 33 18 00 01 86 a0
INFO - a2 a4 73 08 b2 f7 76 c2
INFO - a2 a4 b3 10 47 a8 cd fe
INFO - a2 a4 f3 18 00 01 86 a0
INFO - a2 a6 33 08 b2 f7 77 85
INFO - a2 a6 73 10 47 a8 ce 41
INFO - a2 a6 b3 18 00 01 86 a0
INFO - a2 a8 f3 08 b2 f7 78 47
INFO - a2 a8 33 10 47 a8 ce 84
INFO - a2 a8 73 18 00 01 86 a0
INFO - a2 aa b3 08 b2 f7 79 03
INFO - a2 aa f3 10 47 a8 ce c0
INFO - a2 aa 33 18 00 01 86 a0
INFO - a2 ac 73 08 b2 f7 79 c5
INFO - a2 ac b3 10 47 a8 cf 03
INFO - a2 ac f3 18 00 01 86 a0
INFO - a2 ae 33 08 b2 f7 7a 88
INFO - a2 ae 73 10 47 a8 cf 47
INFO - a2 ae b3 18 00 01 86 a0
INFO - a2 b0 f3 08 b2 f7 7b 4a
INFO - a2 b0 33 10 47 a8 cf 8a
INFO - a2 b0 73 18 00 01 86 a0
INFO - a2 b1 b3 08 b2 f7 7b 8d
INFO - a2 b1 f3 10 47 a8 cf 9e
INFO - a2 b1 33 18 00 01 86 a0
INFO - a2 b1 73 08 b2 f7 7b 94
INFO - a2 b1 b3 10 47 a8 cf 9e
INFO - a2 b1 f3 18 00 01 86 a0
INFO - a2 b2 33 08 b2 f7 7c 0d
INFO - a2 b2 73 10 47 a8 cf cd
INFO - a2 b2 b3 18 00 01 86 a0
INFO - a2 b4 f3 08 b2 f7 7c cf
INFO - a2 b4 33 10 47 a8 d0 09
INFO - a2 b4 73 18 00 01 86 a0
INFO - a2 b6 b3 08 b2 f7 7d 92
INFO - a2 b6 f3 10 47 a8 d0 4c
INFO - a2 b6 33 18 00 01 86 a0
INFO - a2 b8 73 08 b2 f7 7e 4d
INFO - a2 b8 b3 10 47 a8 d0 8f
INFO - a2 b8 f3 18 00 01 86 a0
INFO - a2 ba 33 08 b2 f7 7f 10
INFO - a2 ba 73 10 47 a8 d0 d2
INFO - a2 ba b3 18 00 01 86 a0
INFO - a2 bc f3 08 b2 f7 7f d2
INFO - a2 bc 33 10 47 a8 d1 15
INFO - a2 bc 73 18 00 01 86 a0
INFO - a2 be b3 08 b2 f7 80 95
INFO - a2 be f3 10 47 a8 d1 52
INFO - a2 be 33 18 00 01 86 a0
INFO - a2 c0 73 08 b2 f7 81 57
INFO - a2 c0 b3 10 47 a8 d1 95
INFO - a2 c0 f3 18 00 01 86 a0
INFO - a2 c2 33 08 b2 f7 82 1a
INFO - a2 c2 73 10 47 a8 d1 d8
INFO - a2 c2 b3 18 00 01 86 a0
INFO - a2 c4 f3 08 b2 f7 82 dc
INFO - a2 c4 33 10 47 a8 d2 1b
INFO - a2 c4 73 18 00 01 86 a0
INFO - a2 c6 b3 08 b2 f7 83 98
INFO - a2 c6 f3 10 47 a8 d2 57
INFO - a2 c6 33 18 00 01 86 a0
INFO - a2 c8 73 08 b2 f7 84 5a
INFO - a2 c8 b3 10 47 a8 d2 9a
INFO - a2 c8 f3 18 00 01 86 a0
INFO - a2 ca 33 08 b2 f7 85 1d
INFO - a2 ca 73 10 47 a8 d2 dd
INFO - a2 ca b3 18 00 01 86 a0
INFO - a2 cc f3 08 b2 f7 85 df
INFO - a2 cc 33 10 47 a8 d3 20
INFO - a2 cc 73 18 00 01 86 a0
INFO - a2 ce b3 08 b2 f7 86 a2
INFO - a2 ce f3 10 47 a8 d3 5d
INFO - a2 ce 33 18 00 01 86 a0
INFO - a2 d0 73 08 b2 f7 87 64
INFO - a2 d0 b3 10 47 a8 d3 a0
INFO - a2 d0 f3 18 00 01 86 a0
INFO - a2 d2 33 08 b2 f7 88 27
INFO - a2 d2 73 10 47 a8 d3 e3
INFO - a2 d2 b3 18 00 01 86 a0
INFO - a2 d4 f3 08 b2 f7 88 e9
INFO - a2 d4 33 10 47 a8 d4 26
INFO - a2 d4 73 18 00 01 86 a0
INFO - a2 d6 b3 08 b2 f7 89 a5
INFO - a2 d6 f3 10 47 a8 d4 69
INFO - a2 d6 33 18 00 01 86 a0
INFO - a2 d8 73 08 b2 f7 8a 67
INFO - a2 d8 b3 10 47 a8 d4 ac
INFO - a2 d8 f3 18 00 01 86 a0
INFO - a2 da 33 08 b2 f7 8b 2a
INFO - a2 da 73 10 47 a8 d4 e8
INFO - a2 da b3 18 00 01 86 a0
INFO - a2 dc f3 08 b2 f7 8b ec
INFO - a2 dc 33 10 47 a8 d5 2b
INFO - a2 dc 73 18 00 01 86 a0
INFO - a2 de b3 08 b2 f7 8c af
INFO - a2 de f3 10 47 a8 d5 6e
INFO - a2 de 33 18 00 01 86 a0
INFO - a2 e0 73 08 b2 f7 8d 6b
INFO - a2 e0 b3 10 47 a8 d5 b1
INFO - a2 e0 f3 18 00 01 86 a0
INFO - a2 e2 33 08 b2 f7 8e 2d
INFO - a2 e2 73 10 47 a8 d5 ee
INFO - a2 e2 b3 18 00 01 86 a0
INFO - a2 e4 f3 08 b2 f7 8e ef
INFO - a2 e4 33 10 47 a8 d6 31
INFO - a2 e4 73 18 00 01 86 a0
INFO - a2 e6 b3 08 b2 f7 8f b2
INFO - a2 e6 f3 10 47 a8 d6 74
INFO - a2 e6 33 18 00 01 86 a0
INFO - a2 e8 73 08 b2 f7 90 6e
INFO - a2 e8 b3 10 47 a8 d6 b7
INFO - a2 e8 f3 18 00 01 86 a0
INFO - a2 ea 33 08 b2 f7 91 30
INFO - a2 ea 73 10 47 a8 d6 f3
INFO - a2 ea b3 18 00 01 86 a0
INFO - a2 ec f3 08 b2 f7 91 f3
INFO - a2 ec 33 10 47 a8 d7 36
INFO - a2 ec 73 18 00 01 86 a0
INFO - a2 ee b3 08 b2 f7 92 b5
INFO - a2 ee f3 10 47 a8 d7 79
INFO - a2 ee 33 18 00 01 86 a0
INFO - a2 f0 73 08 b2 f7 93 77
INFO - a2 f0 b3 10 47 a8 d7 bc
INFO - a2 f0 f3 18 00 01 86 a0
INFO - a2 f2 33 08 b2 f7 94 3a
INFO - a2 f2 73 10 47 a8 d7 f9
INFO - a2 f2 b3 18 00 01 86 a0
INFO - a2 f4 f3 08 b2 f7 94 f6
INFO - a2 f4 33 10 47 a8 d8 3c
INFO - a2 f4 73 18 00 01 86 a0
INFO - a2 f6 b3 08 b2 f7 95 b8
INFO - a2 f6 f3 10 47 a8 d8 7f
INFO - a2 f6 33 18 00 01 86 a0
INFO - a2 f8 73 08 b2 f7 96 7b
INFO - a2 f8 b3 10 47 a8 d8 c2
INFO - a2 f8 f3 18 00 01 86 a0
INFO - a2 fa 33 08 b2 f7 97 3d
INFO - a2 fa 73 10 47 a8 d9 05
INFO - a2 fa b3 18 00 01 86 a0
INFO - a2 fc f3 08 b2 f7 98 00
INFO - a2 fc 33 10 47 a8 d9 41
INFO - a2 fc 73 18 00 01 86 a0
INFO - a2 fe b3 08 b2 f7 98 c2
INFO - a2 fe f3 10 47 a8 d9 84
INFO - a2 fe 33 18 00 01 86 a0
INFO - a3 00 73 08 b2 f7 99 84
INFO - a3 00 b3 10 47 a8 d9 c7
INFO - a3 00 f3 18 00 01 86 a0
INFO - a3 02 33 08 b2 f7 9a 40
INFO - a3 02 73 10 47 a8 da 0b
INFO - a3 02 b3 18 00 01 86 a0
INFO - a3 04 f3 08 b2 f7 9b 03
INFO - a3 04 33 10 47 a8 da 4e
INFO - a3 04 73 18 00 01 86 a0
INFO - a3 06 b3 08 b2 f7 9b c5
INFO - a3 06 f3 10 47 a8 da 8a
INFO - a3 06 33 18 00 01 86 a0
INFO - a3 08 73 08 b2 f7 9c 88
INFO - a3 08 b3 10 47 a8 da cd
INFO - a3 08 f3 18 00 01 86 a0
INFO - a3 0a 33 08 b2 f7 9d 4a
INFO - a3 0a 73 10 47 a8 db 10
INFO - a3 0a b3 18 00 01 86 a0
INFO - a3 0c f3 08 b2 f7 9e 0d
INFO - a3 0c 33 10 47 a8 db 53
INFO - a3 0c 73 18 00 01 86 a0
INFO - a3 0e b3 08 b2 f7 9e cf
INFO - a3 0e f3 10 47 a8 db 8f
INFO - a3 0e 33 18 00 01 86 a0
INFO - a3 10 73 08 b2 f7 9f 91
INFO - a3 10 b3 10 47 a8 db d2
INFO - a3 10 f3 18 00 01 86 a0
INFO - a3 12 33 08 b2 f7 a0 4d
INFO - a3 12 73 10 47 a8 dc 16
INFO - a3 12 b3 18 00 01 86 a0
INFO - a3 14 f3 08 b2 f7 a1 10
INFO - a3 14 33 10 47 a8 dc 59
INFO - a3 14 73 18 00 01 86 a0
INFO - a3 16 b3 08 b2 f7 a1 d2
INFO - a3 16 f3 10 47 a8 dc 9c
INFO - a3 16 33 18 00 01 86 a0
INFO - a3 18 73 08 b2 f7 a2 95
INFO - a3 18 b3 10 47 a8 dc d8
INFO - a3 18 f3 18 00 01 86 a0
INFO - a3 1a 33 08 b2 f7 a3 57
INFO - a3 1a 73 10 47 a8 dd 1b
INFO - a3 1a b3 18 00 01 86 a0
INFO - a3 1c f3 08 b2 f7 a4 1a
INFO - a3 1c 33 10 47 a8 dd 5e
INFO - a3 1c 73 18 00 01 86 a0
INFO - a3 1e b3 08 b2 f7 a4 dc
INFO - a3 1e f3 10 47 a8 dd 9a
INFO - a3 1e 33 18 00 01 86 a0
INFO - a3 20 73 08 b2 f7 a5 9e
INFO - a3 20 b3 10 47 a8 dd de
INFO - a3 20 f3 18 00 01 86 a0
INFO - a3 22 33 08 b2 f7 a6 61
INFO - a3 22 73 10 47 a8 de 21
INFO - a3 22 b3 18 00 01 86 a0
INFO - a3 24 f3 08 b2 f7 a7 23
INFO - a3 24 33 10 47 a8 de 64
INFO - a3 24 73 18 00 01 86 a0
INFO - a3 26 b3 08 b2 f7 a7 e6
INFO - a3 26 f3 10 47 a8 de a0
INFO - a3 26 33 18 00 01 86 a0
INFO - a3 28 73 08 b2 f7 a8 a8
INFO - a3 28 b3 10 47 a8 de e3
INFO - a3 28 f3 18 00 01 86 a0
INFO - a3 2a 33 08 b2 f7 a9 6b
INFO - a3 2a 73 10 47 a8 df 26
INFO - a3 2a b3 18 00 01 86 a0
INFO - a3 2c f3 08 b2 f7 aa 2d
INFO - a3 2c 33 10 47 a8 df 69
INFO - a3 2c 73 18 00 01 86 a0
INFO - a3 2e b3 08 b2 f7 aa f0
INFO - a3 2e f3 10 47 a8 df a5
INFO - a3 2e 33 18 00 01 86 a0
INFO - a3 30 73 08 b2 f7 ab b2
INFO - a3 30 b3 10 47 a8 df e9
INFO - a3 30 f3 18 00 01 86 a0
INFO - a3 32 33 08 b2 f7 ac 75
INFO - a3 32 73 10 47 a8 e0 2c
INFO - a3 32 b3 18 00 01 86 a0
INFO - a3 34 f3 08 b2 f7 ad 30
INFO - a3 34 33 10 47 a8 e0 68
INFO - a3 34 73 18 00 01 86 a0
INFO - a3 36 b3 08 b2 f7 ad f3
INFO - a3 36 f3 10 47 a8 e0 ab
INFO - a3 36 33 18 00 01 86 a0
INFO - a3 38 73 08 b2 f7 ae b5
INFO - a3 38 b3 10 47 a8 e0 ee
INFO - a3 38 f3 18 00 01 86 a0
INFO - a3 3a 33 08 b2 f7 af 78
INFO - a3 3a 73 10 47 a8 e1 2a
INFO - a3 3a b3 18 00 01 86 a0
INFO - a3 3c f3 08 b2 f7 b0 3a
INFO - a3 3c 33 10 47 a8 e1 6d
INFO - a3 3c 73 18 00 01 86 a0
INFO - a3 3e b3 08 b2 f7 b0 fd
INFO - a3 3e f3 10 47 a8 e1 b1
INFO - a3 3e 33 18 00 01 86 a0
INFO - a3 40 73 08 b2 f7 b1 bf
INFO - a3 40 b3 10 47 a8 e1 f4
INFO - a3 40 f3 18 00 01 86 a0
INFO - a3 42 33 08 b2 f7 b2 82
INFO - a3 42 73 10 47 a8 e2 30
INFO - a3 42 b3 18 00 01 86 a0
INFO - a3 44 f3 08 b2 f7 b3 3d
INFO - a3 44 33 10 47 a8 e2 73
INFO - a3 44 73 18 00 01 86 a0
INFO - a3 46 b3 08 b2 f7 b4 00
INFO - a3 46 f3 10 47 a8 e2 b6
INFO - a3 46 33 18 00 01 86 a0
INFO - a3 48 73 08 b2 f7 b4 c2
INFO - a3 48 b3 10 47 a8 e2 f2
INFO - a3 48 f3 18 00 01 86 a0
INFO - a3 4a 33 08 b2 f7 b5 85
INFO - a3 4a 73 10 47 a8 e3 35
INFO - a3 4a b3 18 00 01 86 a0
INFO - a3 4c f3 08 b2 f7 b6 47
INFO - a3 4c 33 10 47 a8 e3 78
INFO - a3 4c 73 18 00 01 86 a0
INFO - a3 4e b3 08 b2 f7 b7 0a
INFO - a3 4e f3 10 47 a8 e3 bc
INFO - a3 4e 33 18 00 01 86 a0
INFO - a3 50 73 08 b2 f7 b7 d3
INFO - a3 50 b3 10 47 a8 e3 f8
INFO - a3 50 f3 18 00 01 86 a0
INFO - a3 52 33 08 b2 f7 b8 95
INFO - a3 52 73 10 47 a8 e4 3b
INFO - a3 52 b3 18 00 01 86 a0
INFO - a3 54 f3 08 b2 f7 b9 58
INFO - a3 54 33 10 47 a8 e4 77
INFO - a3 54 73 18 00 01 86 a0
INFO - a3 56 b3 08 b2 f7 ba 1a
INFO - a3 56 f3 10 47 a8 e4 ba
INFO - a3 56 33 18 00 01 86 a0
INFO - a3 58 73 08 b2 f7 ba dd
INFO - a3 58 b3 10 47 a8 e4 f7
INFO - a3 58 f3 18 00 01 86 a0
INFO - a3 5a 33 08 b2 f7 bb 9f
INFO - a3 5a 73 10 47 a8 e5 3a
INFO - a3 5a b3 18 00 01 86 a0
INFO - a3 5c f3 08 b2 f7 bc 62
INFO - a3 5c 33 10 47 a8 e5 7d
INFO - a3 5c 73 18 00 01 86 a0
INFO - a3 5e b3 08 b2 f7 bd 24
INFO - a3 5e f3 10 47 a8 e5 b9
INFO - a3 5e 33 18 00 01 86 a0
INFO - a3 60 73 08 b2 f7 bd e6
INFO - a3 60 b3 10 47 a8 e5 fc
INFO - a3 60 f3 18 00 01 86 a0
INFO - a3 62 33 08 b2 f7 be a9
INFO - a3 62 73 10 47 a8 e6 39
INFO - a3 62 b3 18 00 01 86 a0
INFO - a3 64 f3 08 b2 f7 bf 6b
INFO - a3 64 33 10 47 a8 e6 7c
INFO - a3 64 73 18 00 01 86 a0
INFO - a3 66 b3 08 b2 f7 c0 2e
INFO - a3 66 f3 10 47 a8 e6 b8
INFO - a3 66 33 18 00 01 86 a0
INFO - a3 68 73 08 b2 f7 c0 f0
INFO - a3 68 b3 10 47 a8 e6 fb
INFO - a3 68 f3 18 00 01 86 a0
INFO - a3 6a 33 08 b2 f7 c1 b3
INFO - a3 6a 73 10 47 a8 e7 37
INFO - a3 6a b3 18 00 01 86 a0
INFO - a3 6c f3 08 b2 f7 c2 75
INFO - a3 6c 33 10 47 a8 e7 7a
INFO - a3 6c 73 18 00 01 86 a0
INFO - a3 6e b3 08 b2 f7 c3 3e
INFO - a3 6e f3 10 47 a8 e7 b7
INFO - a3 6e 33 18 00 01 86 a0
INFO - a3 70 73 08 b2 f7 c4 01
INFO - a3 70 b3 10 47 a8 e7 fa
INFO - a3 70 f3 18 00 01 86 a0
INFO - a3 72 33 08 b2 f7 c4 c3
INFO - a3 72 73 10 47 a8 e8 36
INFO - a3 72 b3 18 00 01 86 a0
INFO - a3 74 f3 08 b2 f7 c5 86
INFO - a3 74 33 10 47 a8 e8 73
INFO - a3 74 73 18 00 01 86 a0
INFO - a3 76 b3 08 b2 f7 c6 48
INFO - a3 76 f3 10 47 a8 e8 b6
INFO - a3 76 33 18 00 01 86 a0
INFO - a3 78 73 08 b2 f7 c7 0b
INFO - a3 78 b3 10 47 a8 e8 f2
INFO - a3 78 f3 18 00 01 86 a0
INFO - a3 7a 33 08 b2 f7 c7 cd
INFO - a3 7a 73 10 47 a8 e9 2e
INFO - a3 7a b3 18 00 01 86 a0
INFO - a3 7c f3 08 b2 f7 c8 90
INFO - a3 7c 33 10 47 a8 e9 71
INFO - a3 7c 73 18 00 01 86 a0
INFO - a3 7e b3 08 b2 f7 c9 52
INFO - a3 7e f3 10 47 a8 e9 ae
INFO - a3 7e 33 18 00 01 86 a0
INFO - a3 80 73 08 b2 f7 ca 15
INFO - a3 80 b3 10 47 a8 e9 ea
INFO - a3 80 f3 18 00 01 86 a0
INFO - a3 82 33 08 b2 f7 ca d7
INFO - a3 82 73 10 47 a8 ea 2d
INFO - a3 82 b3 18 00 01 86 a0
INFO - a3 84 f3 08 b2 f7 cb 99
INFO - a3 84 33 10 47 a8 ea 69
INFO - a3 84 73 18 00 01 86 a0
INFO - a3 86 b3 08 b2 f7 cc 63
INFO - a3 86 f3 10 47 a8 ea a6
INFO - a3 86 33 18 00 01 86 a0
INFO - a3 88 73 08 b2 f7 cd 25
INFO - a3 88 b3 10 47 a8 ea e9
INFO - a3 88 f3 18 00 01 86 a0
INFO - a3 8a 33 08 b2 f7 cd e8
INFO - a3 8a 73 10 47 a8 eb 25
INFO - a3 8a b3 18 00 01 86 a0
INFO - a3 8c f3 08 b2 f7 ce aa
INFO - a3 8c 33 10 47 a8 eb 62
INFO - a3 8c 73 18 00 01 86 a0
INFO - a3 8e b3 08 b2 f7 cf 6c
INFO - a3 8e f3 10 47 a8 eb 9e
INFO - a3 8e 33 18 00 01 86 a0
INFO - a3 90 73 08 b2 f7 d0 2f
INFO - a3 90 b3 10 47 a8 eb e1
INFO - a3 90 f3 18 00 01 86 a0
INFO - a3 92 33 08 b2 f7 d0 f1
INFO - a3 92 73 10 47 a8 ec 1d
INFO - a3 92 b3 18 00 01 86 a0
INFO - a3 94 f3 08 b2 f7 d1 b4
INFO - a3 94 33 10 47 a8 ec 5a
INFO - a3 94 73 18 00 01 86 a0
INFO - a3 96 b3 08 b2 f7 d2 7d
INFO - a3 96 f3 10 47 a8 ec 96
INFO - a3 96 33 18 00 01 86 a0
INFO - a3 98 73 08 b2 f7 d3 3f
INFO - a3 98 b3 10 47 a8 ec d2
INFO - a3 98 f3 18 00 01 86 a0
INFO - a3 9a 33 08 b2 f7 d4 02
INFO - a3 9a 73 10 47 a8 ed 15
INFO - a3 9a b3 18 00 01 86 a0
INFO - a3 9c f3 08 b2 f7 d4 c4
INFO - a3 9c 33 10 47 a8 ed 52
INFO - a3 9c 73 18 00 01 86 a0
INFO - a3 9e b3 08 b2 f7 d5 87
INFO - a3 9e f3 10 47 a8 ed 8e
INFO - a3 9e 33 18 00 01 86 a0
INFO - a3 a0 73 08 b2 f7 d6 50
INFO - a3 a0 b3 10 47 a8 ed ca
INFO - a3 a0 f3 18 00 01 86 a0
INFO - a3 a2 33 08 b2 f7 d7 12
INFO - a3 a2 73 10 47 a8 ee 07
INFO - a3 a2 b3 18 00 01 86 a0
INFO - a3 a4 f3 08 b2 f7 d7 d5
INFO - a3 a4 33 10 47 a8 ee 43
INFO - a3 a4 73 18 00 01 86 a0
INFO - a3 a6 b3 08 b2 f7 d8 97
INFO - a3 a6 f3 10 47 a8 ee 80
INFO - a3 a6 33 18 00 01 86 a0
INFO - a3 a8 73 08 b2 f7 d9 5a
INFO - a3 a8 b3 10 47 a8 ee bc
INFO - a3 a8 f3 18 00 01 86 a0
INFO - a3 aa 33 08 b2 f7 da 23
INFO - a3 aa 73 10 47 a8 ee f8
INFO - a3 aa b3 18 00 01 86 a0
INFO - a3 ac f3 08 b2 f7 da e5
INFO - a3 ac 33 10 47 a8 ef 35
INFO - a3 ac 73 18 00 01 86 a0
INFO - a3 ae b3 08 b2 f7 db a8
INFO - a3 ae f3 10 47 a8 ef 6a
INFO - a3 ae 33 18 00 01 86 a0
INFO - a3 b0 73 08 b2 f7 dc 71
INFO - a3 b0 b3 10 47 a8 ef a7
INFO - a3 b0 f3 18 00 01 86 a0
INFO - a3 b2 33 08 b2 f7 dd 34
INFO - a3 b2 73 10 47 a8 ef e3
INFO - a3 b2 b3 18 00 01 86 a0
INFO - a3 b4 f3 08 b2 f7 dd fd
INFO - a3 b4 33 10 47 a8 f0 1f
INFO - a3 b4 73 18 00 01 86 a0
INFO - a3 b6 b3 08 b2 f7 de bf
INFO - a3 b6 f3 10 47 a8 f0 55
INFO - a3 b6 33 18 00 01 86 a0
INFO - a3 b8 73 08 b2 f7 df 88
INFO - a3 b8 b3 10 47 a8 f0 91
INFO - a3 b8 f3 18 00 01 86 a0
INFO - a3 ba 33 08 b2 f7 e0 4b
INFO - a3 ba 73 10 47 a8 f0 ce
INFO - a3 ba b3 18 00 01 86 a0
INFO - a3 bc f3 08 b2 f7 e1 0d
INFO - a3 bc 33 10 47 a8 f1 0a
INFO - a3 bc 73 18 00 01 86 a0
INFO - a3 be b3 08 b2 f7 e1 d6
INFO - a3 be f3 10 47 a8 f1 40
INFO - a3 be 33 18 00 01 86 a0
INFO - a3 c0 73 08 b2 f7 e2 99
INFO - a3 c0 b3 10 47 a8 f1 7c
INFO - a3 c0 f3 18 00 01 86 a0
INFO - a3 c2 33 08 b2 f7 e3 5b
INFO - a3 c2 73 10 47 a8 f1 b8
INFO - a3 c2 b3 18 00 01 86 a0
INFO - a3 c4 f3 08 b2 f7 e4 25
INFO - a3 c4 33 10 47 a8 f1 f5
INFO - a3 c4 73 18 00 01 86 a0
INFO - a3 c6 b3 08 b2 f7 e4 e7
INFO - a3 c6 f3 10 47 a8 f2 2a
INFO - a3 c6 33 18 00 01 86 a0
INFO - a3 c8 73 08 b2 f7 e5 b0
INFO - a3 c8 b3 10 47 a8 f2 67
INFO - a3 c8 f3 18 00 01 86 a0
INFO - a3 ca 33 08 b2 f7 e6 73
INFO - a3 ca 73 10 47 a8 f2 a3
INFO - a3 ca b3 18 00 01 86 a0
INFO - a3 cc f3 08 b2 f7 e7 35
INFO - a3 cc 33 10 47 a8 f2 df
INFO - a3 cc 73 18 00 01 86 a0
INFO - a3 ce b3 08 b2 f7 e7 fe
INFO - a3 ce f3 10 47 a8 f3 15
INFO - a3 ce 33 18 00 01 86 a0
INFO - a3 d0 73 08 b2 f7 e8 c1
INFO - a3 d0 b3 10 47 a8 f3 51
INFO - a3 d0 f3 18 00 01 86 a0
INFO - a3 d2 33 08 b2 f7 e9 8a
INFO - a3 d2 73 10 47 a8 f3 8e
INFO - a3 d2 b3 18 00 01 86 a0
INFO - a3 d4 f3 08 b2 f7 ea 4c
INFO - a3 d4 33 10 47 a8 f3 ca
INFO - a3 d4 73 18 00 01 86 a0
INFO - a3 d6 b3 08 b2 f7 eb 0f
INFO - a3 d6 f3 10 47 a8 f4 00
INFO - a3 d6 33 18 00 01 86 a0
INFO - a3 d8 73 08 b2 f7 eb d8
INFO - a3 d8 b3 10 47 a8 f4 3c
INFO - a3 d8 f3 18 00 01 86 a0
INFO - a3 da 33 08 b2 f7 ec 9a
INFO - a3 da 73 10 47 a8 f4 78
INFO - a3 da b3 18 00 01 86 a0
INFO - a3 dc f3 08 b2 f7 ed 5d
INFO - a3 dc 33 10 47 a8 f4 b5
INFO - a3 dc 73 18 00 01 86 a0
INFO - a3 de b3 08 b2 f7 ee 26
INFO - a3 de f3 10 47 a8 f4 ea
INFO - a3 de 33 18 00 01 86 a0
INFO - a3 e0 73 08 b2 f7 ee e8
INFO - a3 e0 b3 10 47 a8 f5 27
INFO - a3 e0 f3 18 00 01 86 a0
INFO - a3 e2 33 08 b2 f7 ef b2
INFO - a3 e2 73 10 47 a8 f5 63
INFO - a3 e2 b3 18 00 01 86 a0
INFO - a3 e4 f3 08 b2 f7 f0 74
INFO - a3 e4 33 10 47 a8 f5 99
INFO - a3 e4 73 18 00 01 86 a0
INFO - a3 e6 b3 08 b2 f7 f1 3d
INFO - a3 e6 f3 10 47 a8 f5 ce
INFO - a3 e6 33 18 00 01 86 a0
INFO - a3 e8 73 08 b2 f7 f2 06
INFO - a3 e8 b3 10 47 a8 f6 0b
INFO - a3 e8 f3 18 00 01 86 a0
INFO - a3 ea 33 08 b2 f7 f2 c9
INFO - a3 ea 73 10 47 a8 f6 40
INFO - a3 ea b3 18 00 01 86 a0
INFO - a3 ec f3 08 b2 f7 f3 92
INFO - a3 ec 33 10 47 a8 f6 76
INFO - a3 ec 73 18 00 01 86 a0
INFO - a3 ee b3 08 b2 f7 f4 5b
INFO - a3 ee f3 10 47 a8 f6 b2
INFO - a3 ee 33 18 00 01 86 a0
INFO - a3 f0 73 08 b2 f7 f5 1e
INFO - a3 f0 b3 10 47 a8 f6 e8
INFO - a3 f0 f3 18 00 01 86 a0
INFO - a3 f2 33 08 b2 f7 f5 e7
INFO - a3 f2 73 10 47 a8 f7 1e
INFO - a3 f2 b3 18 00 01 86 a0
INFO - a3 f4 f3 08 b2 f7 f6 a9
INFO - a3 f4 33 10 47 a8 f7 53
INFO - a3 f4 73 18 00 01 86 a0
INFO - a3 f6 b3 08 b2 f7 f7 72
INFO - a3 f6 f3 10 47 a8 f7 90
INFO - a3 f6 33 18 00 01 86 a0
INFO - a3 f8 73 08 b2 f7 f8 3c
INFO - a3 f8 b3 10 47 a8 f7 c5
INFO - a3 f8 f3 18 00 01 86 a0
INFO - a3 fa 33 08 b2 f7 f8 fe
INFO - a3 fa 73 10 47 a8 f7 fb
INFO - a3 fa b3 18 00 01 86 a0
INFO - a3 fc f3 08 b2 f7 f9 c7
INFO - a3 fc 33 10 47 a8 f8 31
INFO - a3 fc 73 18 00 01 86 a0
INFO - a3 fe b3 08 b2 f7 fa 8a
INFO - a3 fe f3 10 47 a8 f8 66
INFO - a3 fe 33 18 00 01 86 a0
INFO - a4 00 73 08 b2 f7 fb 53
INFO - a4 00 b3 10 47 a8 f8 9c
INFO - a4 00 f3 18 00 01 86 a0
INFO - a4 02 33 08 b2 f7 fc 15
INFO - a4 02 73 10 47 a8 f8 d1
INFO - a4 02 b3 18 00 01 86 a0
INFO - a4 04 f3 08 b2 f7 fc df
INFO - a4 04 33 10 47 a8 f9 07
INFO - a4 04 73 18 00 01 86 a0
INFO - a4 06 b3 08 b2 f7 fd a8
INFO - a4 06 f3 10 47 a8 f9 3d
INFO - a4 06 33 18 00 01 86 a0
INFO - a4 08 73 08 b2 f7 fe 6a
INFO - a4 08 b3 10 47 a8 f9 72
INFO - a4 08 f3 18 00 01 86 a0
INFO - a4 0a 33 08 b2 f7 ff 33
INFO - a4 0a 73 10 47 a8 f9 a8
INFO - a4 0a b3 18 00 01 86 a0
INFO - a4 0c f3 08 b2 f7 ff fc
INFO - a4 0c 33 10 47 a8 f9 de
INFO - a4 0c 73 18 00 01 86 a0
INFO - a4 0e b3 08 b2 f8 00 bf
INFO - a4 0e f3 10 47 a8 fa 13
INFO - a4 0e 33 18 00 01 86 a0
INFO - a4 10 73 08 b2 f8 01 88
INFO - a4 10 b3 10 47 a8 fa 49
INFO - a4 10 f3 18 00 01 86 a0
INFO - a4 12 33 08 b2 f8 02 51
INFO - a4 12 73 10 47 a8 fa 78
INFO - a4 12 b3 18 00 01 86 a0
INFO - a4 14 f3 08 b2 f8 03 14
INFO - a4 14 33 10 47 a8 fa ae
INFO - a4 14 73 18 00 01 86 a0
INFO - a4 16 b3 08 b2 f8 03 dd
INFO - a4 16 f3 10 47 a8 fa e3
INFO - a4 16 33 18 00 01 86 a0
INFO - a4 18 73 08 b2 f8 04 a6
INFO - a4 18 b3 10 47 a8 fb 19
INFO - a4 18 f3 18 00 01 86 a0
INFO - a4 1a 33 08 b2 f8 05 69
INFO - a4 1a 73 10 47 a8 fb 48
INFO - a4 1a b3 18 00 01 86 a0
INFO - a4 1c f3 08 b2 f8 06 32
INFO - a4 1c 33 10 47 a8 fb 7d
INFO - a4 1c 73 18 00 01 86 a0
INFO - a4 1e b3 08 b2 f8 06 fb
INFO - a4 1e f3 10 47 a8 fb b3
INFO - a4 1e 33 18 00 01 86 a0
INFO - a4 20 73 08 b2 f8 07 c4
INFO - a4 20 b3 10 47 a8 fb e2
INFO - a4 20 f3 18 00 01 86 a0
INFO - a4 22 33 08 b2 f8 08 8d
INFO - a4 22 73 10 47 a8 fc 18
INFO - a4 22 b3 18 00 01 86 a0
INFO - a4 24 f3 08 b2 f8 09 56
INFO - a4 24 33 10 47 a8 fc 47
INFO - a4 24 73 18 00 01 86 a0
INFO - a4 26 b3 08 b2 f8 0a 19
INFO - a4 26 f3 10 47 a8 fc 7c
INFO - a4 26 33 18 00 01 86 a0
INFO - a4 28 73 08 b2 f8 0a e2
INFO - a4 28 b3 10 47 a8 fc b2
INFO - a4 28 f3 18 00 01 86 a0
INFO - a4 2a 33 08 b2 f8 0b ab
INFO - a4 2a 73 10 47 a8 fc e1
INFO - a4 2a b3 18 00 01 86 a0
INFO - a4 2c f3 08 b2 f8 0c 74
INFO - a4 2c 33 10 47 a8 fd 16
INFO - a4 2c 73 18 00 01 86 a0
INFO - a4 2e b3 08 b2 f8 0d 3d
INFO - a4 2e f3 10 47 a8 fd 45
INFO - a4 2e 33 18 00 01 86 a0
INFO - a4 31 73 08 b2 f8 0e 07
INFO - a4 31 b3 10 47 a8 fd 7b
INFO - a4 31 f3 18 00 01 86 a0
INFO - a4 33 33 08 b2 f8 0e d0
INFO - a4 33 73 10 47 a8 fd aa
INFO - a4 33 b3 18 00 01 86 a0
INFO - a4 35 f3 08 b2 f8 0f 99
INFO - a4 35 33 10 47 a8 fd e0
INFO - a4 35 73 18 00 01 86 a0
INFO - a4 37 b3 08 b2 f8 10 62
INFO - a4 37 f3 10 47 a8 fe 0f
INFO - a4 37 33 18 00 01 86 a0
INFO - a4 39 73 08 b2 f8 11 2b
INFO - a4 39 b3 10 47 a8 fe 3e
INFO - a4 39 f3 18 00 01 86 a0
INFO - a4 3b 33 08 b2 f8 11 ee
INFO - a4 3b 73 10 47 a8 fe 73
INFO - a4 3b b3 18 00 01 86 a0
INFO - a4 3d f3 08 b2 f8 12 b7
INFO - a4 3d 33 10 47 a8 fe a2
INFO - a4 3d 73 18 00 01 86 a0
INFO - a4 3f b3 08 b2 f8 13 80
INFO - a4 3f f3 10 47 a8 fe d1
INFO - a4 3f 33 18 00 01 86 a0
INFO - a4 41 73 08 b2 f8 14 49
INFO - a4 41 b3 10 47 a8 ff 07
INFO - a4 41 f3 18 00 01 86 a0
INFO - a4 43 33 08 b2 f8 15 12
INFO - a4 43 73 10 47 a8 ff 36
INFO - a4 43 b3 18 00 01 86 a0
INFO - a4 45 f3 08 b2 f8 15 dc
INFO - a4 45 33 10 47 a8 ff 65
INFO - a4 45 73 18 00 01 86 a0
INFO - a4 47 b3 08 b2 f8 16 a5
INFO - a4 47 f3 10 47 a8 ff 94
INFO - a4 47 33 18 00 01 86 a0
INFO - a4 49 73 08 b2 f8 17 6e
INFO - a4 49 b3 10 47 a8 ff c2
INFO - a4 49 f3 18 00 01 86 a0
INFO - a4 4b 33 08 b2 f8 18 3e
INFO - a4 4b 73 10 47 a8 ff f1
INFO - a4 4b b3 18 00 01 86 a0
INFO - a4 4d f3 08 b2 f8 19 07
INFO - a4 4d 33 10 47 a9 00 20
INFO - a4 4d 73 18 00 01 86 a0
INFO - a4 4f b3 08 b2 f8 19 d0
INFO - a4 4f f3 10 47 a9 00 4f
INFO - a4 4f 33 18 00 01 86 a0
INFO - a4 51 73 08 b2 f8 1a 99
INFO - a4 51 b3 10 47 a9 00 7e
INFO - a4 51 f3 18 00 01 86 a0
INFO - a4 53 33 08 b2 f8 1b 62
INFO - a4 53 73 10 47 a9 00 ad
INFO - a4 53 b3 18 00 01 86 a0
INFO - a4 55 f3 08 b2 f8 1c 2c
INFO - a4 55 33 10 47 a9 00 dc
INFO - a4 55 73 18 00 01 86 a0
INFO - a4 57 b3 08 b2 f8 1c f5
INFO - a4 57 f3 10 47 a9 01 0b
INFO - a4 57 33 18 00 01 86 a0
INFO - a4 59 73 08 b2 f8 1d be
INFO - a4 59 b3 10 47 a9 01 3a
INFO - a4 59 f3 18 00 01 86 a0
INFO - a4 5b 33 08 b2 f8 1e 87
INFO - a4 5b 73 10 47 a9 01 69
INFO - a4 5b b3 18 00 01 86 a0
INFO - a4 5d f3 08 b2 f8 1f 50
INFO - a4 5d 33 10 47 a9 01 98
INFO - a4 5d 73 18 00 01 86 a0
INFO - a4 5f b3 08 b2 f8 20 19
INFO - a4 5f f3 10 47 a9 01 c7
INFO - a4 5f 33 18 00 01 86 a0
INFO - a4 61 73 08 b2 f8 20 e3
INFO - a4 61 b3 10 47 a9 01 f6
INFO - a4 61 f3 18 00 01 86 a0
INFO - a4 63 33 08 b2 f8 21 ac
INFO - a4 63 73 10 47 a9 02 25
INFO - a4 63 b3 18 00 01 86 a0
INFO - a4 65 f3 08 b2 f8 22 75
INFO - a4 65 33 10 47 a9 02 54
INFO - a4 65 73 18 00 01 86 a0
INFO - a4 67 b3 08 b2 f8 23 3e
INFO - a4 67 f3 10 47 a9 02 83
INFO - a4 67 33 18 00 01 86 a0
INFO - a4 69 73 08 b2 f8 24 07
INFO - a4 69 b3 10 47 a9 02 b1
INFO - a4 69 f3 18 00 01 86 a0
INFO - a4 6b 33 08 b2 f8 24 d0
INFO - a4 6b 73 10 47 a9 02 e0
INFO - a4 6b b3 18 00 01 86 a0
INFO - a4 6d f3 08 b2 f8 25 9a
INFO - a4 6d 33 10 47 a9 03 0f
INFO - a4 6d 73 18 00 01 86 a0
INFO - a4 6f b3 08 b2 f8 26 5c
INFO - a4 6f f3 10 47 a9 03 38
INFO - a4 6f 33 18 00 01 86 a0
INFO - a4 6f 73 08 b2 f8 26 5c
INFO - a4 6f b3 10 47 a9 03 38
INFO - a4 6f f3 18 00 01 86 a0
INFO - a4 71 33 08 b2 f8 27 25
INFO - a4 71 73 10 47 a9 03 67
INFO - a4 71 b3 18 00 01 86 a0
INFO - a4 73 f3 08 b2 f8 27 ee
INFO - a4 73 33 10 47 a9 03 95
INFO - a4 73 73 18 00 01 86 a0
INFO - a4 75 b3 08 b2 f8 28 b8
INFO - a4 75 f3 10 47 a9 03 be
INFO - a4 75 33 18 00 01 86 a0
INFO - a4 77 73 08 b2 f8 29 81
INFO - a4 77 b3 10 47 a9 03 e6
INFO - a4 77 f3 18 00 01 86 a0
INFO - a4 79 33 08 b2 f8 2a 51
INFO - a4 79 73 10 47 a9 04 15
INFO - a4 79 b3 18 00 01 86 a0
INFO - a4 7b f3 08 b2 f8 2b 1a
INFO - a4 7b 33 10 47 a9 04 3d
INFO - a4 7b 73 18 00 01 86 a0
INFO - a4 7d b3 08 b2 f8 2b e3
INFO - a4 7d f3 10 47 a9 04 6c
INFO - a4 7d 33 18 00 01 86 a0
INFO - a4 7f 73 08 b2 f8 2c ac
INFO - a4 7f b3 10 47 a9 04 94
INFO - a4 7f f3 18 00 01 86 a0
INFO - a4 81 33 08 b2 f8 2d 75
INFO - a4 81 73 10 47 a9 04 bd
INFO - a4 81 b3 18 00 01 86 a0
INFO - a4 83 f3 08 b2 f8 2e 45
INFO - a4 83 33 10 47 a9 04 e5
INFO - a4 83 73 18 00 01 86 a0
INFO - a4 85 b3 08 b2 f8 2f 0e
INFO - a4 85 f3 10 47 a9 05 14
INFO - a4 85 33 18 00 01 86 a0
INFO - a4 87 73 08 b2 f8 2f d7
INFO - a4 87 b3 10 47 a9 05 3c
INFO - a4 87 f3 18 00 01 86 a0
INFO - a4 89 33 08 b2 f8 30 a1
INFO - a4 89 73 10 47 a9 05 64
INFO - a4 89 b3 18 00 01 86 a0
INFO - a4 8b f3 08 b2 f8 31 71
INFO - a4 8b 33 10 47 a9 05 8c
INFO - a4 8b 73 18 00 01 86 a0
INFO - a4 8d b3 08 b2 f8 32 3a
INFO - a4 8d f3 10 47 a9 05 b5
INFO - a4 8d 33 18 00 01 86 a0
INFO - a4 8f 73 08 b2 f8 33 03
INFO - a4 8f b3 10 47 a9 05 dd
INFO - a4 8f f3 18 00 01 86 a0
INFO - a4 91 33 08 b2 f8 33 cc
INFO - a4 91 73 10 47 a9 06 05
INFO - a4 91 b3 18 00 01 86 a0
INFO - a4 93 f3 08 b2 f8 34 9c
INFO - a4 93 33 10 47 a9 06 34
INFO - a4 93 73 18 00 01 86 a0
INFO - a4 95 b3 08 b2 f8 35 65
INFO - a4 95 f3 10 47 a9 06 5c
INFO - a4 95 33 18 00 01 86 a0
INFO - a4 97 73 08 b2 f8 36 2e
INFO - a4 97 b3 10 47 a9 06 84
INFO - a4 97 f3 18 00 01 86 a0
INFO - a4 99 33 08 b2 f8 36 f7
INFO - a4 99 73 10 47 a9 06 ad
INFO - a4 99 b3 18 00 01 86 a0
INFO - a4 9b f3 08 b2 f8 37 c7
INFO - a4 9b 33 10 47 a9 06 d5
INFO - a4 9b 73 18 00 01 86 a0
INFO - a4 9d b3 08 b2 f8 38 90
INFO - a4 9d f3 10 47 a9 06 fd
INFO - a4 9d 33 18 00 01 86 a0
INFO - a4 9f 73 08 b2 f8 39 5a
INFO - a4 9f b3 10 47 a9 07 25
INFO - a4 9f f3 18 00 01 86 a0
INFO - a4 a1 33 08 b2 f8 3a 23
INFO - a4 a1 73 10 47 a9 07 4e
INFO - a4 a1 b3 18 00 01 86 a0
INFO - a4 a3 f3 08 b2 f8 3a f3
INFO - a4 a3 33 10 47 a9 07 6f
INFO - a4 a3 73 18 00 01 86 a0
INFO - a4 a5 b3 08 b2 f8 3b bc
INFO - a4 a5 f3 10 47 a9 07 97
INFO - a4 a5 33 18 00 01 86 a0
INFO - a4 a7 73 08 b2 f8 3c 85
INFO - a4 a7 b3 10 47 a9 07 c0
INFO - a4 a7 f3 18 00 01 86 a0
INFO - a4 a9 33 08 b2 f8 3d 62
INFO - a4 a9 73 10 47 a9 07 ef
INFO - a4 a9 b3 18 00 01 86 a0
INFO - a4 ab f3 08 b2 f8 3e 2b
INFO - a4 ab 33 10 47 a9 08 17
INFO - a4 ab 73 18 00 01 86 a0
INFO - a4 ad b3 08 b2 f8 3e f5
INFO - a4 ad f3 10 47 a9 08 3f
INFO - a4 ad 33 18 00 01 86 a0
INFO - a4 af 73 08 b2 f8 3f c4
INFO - a4 af b3 10 47 a9 08 67
INFO - a4 af f3 18 00 01 86 a0
INFO - a4 b1 33 08 b2 f8 40 8e
INFO - a4 b1 73 10 47 a9 08 90
INFO - a4 b1 b3 18 00 01 86 a0
INFO - a4 b3 f3 08 b2 f8 41 57
INFO - a4 b3 33 10 47 a9 08 b8
INFO - a4 b3 73 18 00 01 86 a0
INFO - a4 b5 b3 08 b2 f8 42 13
INFO - a4 b5 f3 10 47 a9 08 e0
INFO - a4 b5 33 18 00 01 86 a0
INFO - a4 b7 73 08 b2 f8 42 e2
INFO - a4 b7 b3 10 47 a9 09 08
INFO - a4 b7 f3 18 00 01 86 a0
INFO - a4 b9 33 08 b2 f8 43 ac
INFO - a4 b9 73 10 47 a9 09 30
INFO - a4 b9 b3 18 00 01 86 a0
INFO - a4 bb f3 08 b2 f8 44 75
INFO - a4 bb 33 10 47 a9 09 59
INFO - a4 bb 73 18 00 01 86 a0
INFO - a4 bd b3 08 b2 f8 45 3e
INFO - a4 bd f3 10 47 a9 09 81
INFO - a4 bd 33 18 00 01 86 a0
INFO - a4 bf 73 08 b2 f8 46 07
INFO - a4 bf b3 10 47 a9 09 a9
INFO - a4 bf f3 18 00 01 86 a0
INFO - a4 c1 33 08 b2 f8 46 d7
INFO - a4 c1 73 10 47 a9 09 d1
INFO - a4 c1 b3 18 00 01 86 a0
INFO - a4 c3 f3 08 b2 f8 47 cf
INFO - a4 c3 33 10 47 a9 0a 00
INFO - a4 c3 73 18 00 01 86 a0
INFO - a4 c3 b3 08 b2 f8 47 cf
INFO - a4 c3 f3 10 47 a9 0a 00
INFO - a4 c3 33 18 00 01 86 a0
INFO - a4 c5 73 08 b2 f8 48 9f
INFO - a4 c5 b3 10 47 a9 0a 22
INFO - a4 c5 f3 18 00 01 86 a0
INFO - a4 c7 33 08 b2 f8 49 68
INFO - a4 c7 73 10 47 a9 0a 43
INFO - a4 c7 b3 18 00 01 86 a0
INFO - a4 c9 f3 08 b2 f8 4a 38
INFO - a4 c9 33 10 47 a9 0a 65
INFO - a4 c9 73 18 00 01 86 a0
INFO - a4 cb b3 08 b2 f8 4b 01
INFO - a4 cb f3 10 47 a9 0a 86
INFO - a4 cb 33 18 00 01 86 a0
INFO - a4 cd 73 08 b2 f8 4b d1
INFO - a4 cd b3 10 47 a9 0a a8
INFO - a4 cd f3 18 00 01 86 a0
INFO - a4 cf 33 08 b2 f8 4c a1
INFO - a4 cf 73 10 47 a9 0a c9
INFO - a4 cf b3 18 00 01 86 a0
INFO - a4 d1 f3 08 b2 f8 4d 6a
INFO - a4 d1 33 10 47 a9 0a eb
INFO - a4 d1 73 18 00 01 86 a0
INFO - a4 d3 b3 08 b2 f8 4e 3a
INFO - a4 d3 f3 10 47 a9 0b 0d
INFO - a4 d3 33 18 00 01 86 a0
INFO - a4 d5 73 08 b2 f8 4f 03
INFO - a4 d5 b3 10 47 a9 0b 27
INFO - a4 d5 f3 18 00 01 86 a0
INFO - a4 d7 33 08 b2 f8 4f d3
INFO - a4 d7 73 10 47 a9 0b 49
INFO - a4 d7 b3 18 00 01 86 a0
INFO - a4 d9 f3 08 b2 f8 50 9c
INFO - a4 d9 33 10 47 a9 0b 6a
INFO - a4 d9 73 18 00 01 86 a0
INFO - a4 db b3 08 b2 f8 51 6c
INFO - a4 db f3 10 47 a9 0b 8c
INFO - a4 db 33 18 00 01 86 a0
INFO - a4 dd 73 08 b2 f8 52 3c
INFO - a4 dd b3 10 47 a9 0b ad
INFO - a4 dd f3 18 00 01 86 a0
INFO - a4 df 33 08 b2 f8 53 05
INFO - a4 df 73 10 47 a9 0b cf
INFO - a4 df b3 18 00 01 86 a0
INFO - a4 e1 f3 08 b2 f8 53 d5
INFO - a4 e1 33 10 47 a9 0b f1
INFO - a4 e1 73 18 00 01 86 a0
INFO - a4 e3 b3 08 b2 f8 54 9e
INFO - a4 e3 f3 10 47 a9 0c 12
INFO - a4 e3 33 18 00 01 86 a0
INFO - a4 e5 73 08 b2 f8 55 6e
INFO - a4 e5 b3 10 47 a9 0c 34
INFO - a4 e5 f3 18 00 01 86 a0
INFO - a4 e7 33 08 b2 f8 56 3e
INFO - a4 e7 73 10 47 a9 0c 55
INFO - a4 e7 b3 18 00 01 86 a0
INFO - a4 e9 f3 08 b2 f8 57 07
INFO - a4 e9 33 10 47 a9 0c 77
INFO - a4 e9 73 18 00 01 86 a0
INFO - a4 ec b3 08 b2 f8 57 d7
INFO - a4 ec f3 10 47 a9 0c 98
INFO - a4 ec 33 18 00 01 86 a0
INFO - a4 ed 73 08 b2 f8 58 a0
INFO - a4 ed b3 10 47 a9 0c ba
INFO - a4 ed f3 18 00 01 86 a0
INFO - a4 f0 33 08 b2 f8 59 70
INFO - a4 f0 73 10 47 a9 0c db
INFO - a4 f0 b3 18 00 01 86 a0
INFO - a4 f1 f3 08 b2 f8 5a 39
INFO - a4 f1 33 10 47 a9 0c fd
INFO - a4 f1 73 18 00 01 86 a0
INFO - a4 f4 b3 08 b2 f8 5b 09
INFO - a4 f4 f3 10 47 a9 0d 1e
INFO - a4 f4 33 18 00 01 86 a0
INFO - a4 f5 73 08 b2 f8 5b d2
INFO - a4 f5 b3 10 47 a9 0d 39
INFO - a4 f5 f3 18 00 01 86 a0
INFO - a4 f8 33 08 b2 f8 5c a2
INFO - a4 f8 73 10 47 a9 0d 5b
INFO - a4 f8 b3 18 00 01 86 a0
INFO - a4 f9 f3 08 b2 f8 5d 6b
INFO - a4 f9 33 10 47 a9 0d 7c
INFO - a4 f9 73 18 00 01 86 a0
INFO - a4 fb b3 08 b2 f8 5e 34
INFO - a4 fb f3 10 47 a9 0d 9e
INFO - a4 fb 33 18 00 01 86 a0
INFO - a4 fd 73 08 b2 f8 5f 04
INFO - a4 fd b3 10 47 a9 0d bf
INFO - a4 fd f3 18 00 01 86 a0
INFO - a5 00 33 08 b2 f8 5f d4
INFO - a5 00 73 10 47 a9 0d da
INFO - a5 00 b3 18 00 01 86 a0
INFO - a5 01 f3 08 b2 f8 60 9d
INFO - a5 01 33 10 47 a9 0d fc
INFO - a5 01 73 18 00 01 86 a0
INFO - a5 04 b3 08 b2 f8 61 6d
INFO - a5 04 f3 10 47 a9 0e 16
INFO - a5 04 33 18 00 01 86 a0
INFO - a5 05 73 08 b2 f8 62 36
INFO - a5 05 b3 10 47 a9 0e 38
INFO - a5 05 f3 18 00 01 86 a0
INFO - a5 08 33 08 b2 f8 63 06
INFO - a5 08 73 10 47 a9 0e 59
INFO - a5 08 b3 18 00 01 86 a0
INFO - a5 0a f3 08 b2 f8 63 d6
INFO - a5 0a 33 10 47 a9 0e 74
INFO - a5 0a 73 18 00 01 86 a0
INFO - a5 0c b3 08 b2 f8 64 9f
INFO - a5 0c f3 10 47 a9 0e 96
INFO - a5 0c 33 18 00 01 86 a0
INFO - a5 0e 73 08 b2 f8 65 6f
INFO - a5 0e b3 10 47 a9 0e b7
INFO - a5 0e f3 18 00 01 86 a0
INFO - a5 10 33 08 b2 f8 66 3f
INFO - a5 10 73 10 47 a9 0e d2
INFO - a5 10 b3 18 00 01 86 a0
INFO - a5 12 f3 08 b2 f8 67 0f
INFO - a5 12 33 10 47 a9 0e ed
INFO - a5 12 73 18 00 01 86 a0
INFO - a5 14 b3 08 b2 f8 67 d8
INFO - a5 14 f3 10 47 a9 0f 0e
INFO - a5 14 33 18 00 01 86 a0
INFO - a5 16 73 08 b2 f8 68 a8
INFO - a5 16 b3 10 47 a9 0f 29
INFO - a5 16 f3 18 00 01 86 a0
INFO - a5 18 33 08 b2 f8 69 71
INFO - a5 18 73 10 47 a9 0f 4b
INFO - a5 18 b3 18 00 01 86 a0
INFO - a5 1a f3 08 b2 f8 6a 41
INFO - a5 1a 33 10 47 a9 0f 66
INFO - a5 1a 73 18 00 01 86 a0
INFO - a5 1c b3 08 b2 f8 6b 11
INFO - a5 1c f3 10 47 a9 0f 87
INFO - a5 1c 33 18 00 01 86 a0
INFO - a5 1e 73 08 b2 f8 6b da
INFO - a5 1e b3 10 47 a9 0f a2
INFO - a5 1e f3 18 00 01 86 a0
INFO - a5 20 33 08 b2 f8 6c aa
INFO - a5 20 73 10 47 a9 0f bd
INFO - a5 20 b3 18 00 01 86 a0
INFO - a5 22 f3 08 b2 f8 6d 7a
INFO - a5 22 33 10 47 a9 0f d8
INFO - a5 22 73 18 00 01 86 a0
INFO - a5 24 b3 08 b2 f8 6e 49
INFO - a5 24 f3 10 47 a9 0f f9
INFO - a5 24 33 18 00 01 86 a0
INFO - a5 26 73 08 b2 f8 6f 13
INFO - a5 26 b3 10 47 a9 10 14
INFO - a5 26 f3 18 00 01 86 a0
INFO - a5 28 33 08 b2 f8 6f e2
INFO - a5 28 73 10 47 a9 10 2f
INFO - a5 28 b3 18 00 01 86 a0
INFO - a5 2a f3 08 b2 f8 70 b2
INFO - a5 2a 33 10 47 a9 10 4a
INFO - a5 2a 73 18 00 01 86 a0
INFO - a5 2c b3 08 b2 f8 71 82
INFO - a5 2c f3 10 47 a9 10 64
INFO - a5 2c 33 18 00 01 86 a0
INFO - a5 2e 73 08 b2 f8 72 4b
INFO - a5 2e b3 10 47 a9 10 86
INFO - a5 2e f3 18 00 01 86 a0
INFO - a5 30 33 08 b2 f8 73 29
INFO - a5 30 73 10 47 a9 10 a1
INFO - a5 30 b3 18 00 01 86 a0
INFO - a5 30 f3 08 b2 f8 73 29
INFO - a5 30 33 10 47 a9 10 a1
INFO - a5 30 73 18 00 01 86 a0
INFO - a5 32 b3 08 b2 f8 73 f2
INFO - a5 32 f3 10 47 a9 10 bc
INFO - a5 32 33 18 00 01 86 a0
INFO - a5 34 73 08 b2 f8 74 c2
INFO - a5 34 b3 10 47 a9 10 d6
INFO - a5 34 f3 18 00 01 86 a0
INFO - a5 36 33 08 b2 f8 75 92
INFO - a5 36 73 10 47 a9 10 f1
INFO - a5 36 b3 18 00 01 86 a0
INFO - a5 38 f3 08 b2 f8 76 5b
INFO - a5 38 33 10 47 a9 11 0c
INFO - a5 38 73 18 00 01 86 a0
INFO - a5 3a b3 08 b2 f8 77 2b
INFO - a5 3a f3 10 47 a9 11 20
INFO - a5 3a 33 18 00 01 86 a0
INFO - a5 3b 73 08 b2 f8 77 b1
INFO - a5 3b b3 10 47 a9 11 34
INFO - a5 3b f3 18 00 01 86 a0
INFO - a5 3c 33 08 b2 f8 78 01
INFO - a5 3c 73 10 47 a9 11 3b
INFO - a5 3c b3 18 00 01 86 a0
INFO - a5 3e f3 08 b2 f8 78 ca
INFO - a5 3e 33 10 47 a9 11 56
INFO - a5 3e 73 18 00 01 86 a0
INFO - a5 40 b3 08 b2 f8 79 9a
INFO - a5 40 f3 10 47 a9 11 71
INFO - a5 40 33 18 00 01 86 a0
INFO - a5 42 73 08 b2 f8 7a 8c
INFO - a5 42 b3 10 47 a9 11 8c
INFO - a5 42 f3 18 00 01 86 a0
INFO - a5 42 33 08 b2 f8 7a 8c
INFO - a5 42 73 10 47 a9 11 8c
INFO - a5 42 b3 18 00 01 86 a0
INFO - a5 44 f3 08 b2 f8 7b 3a
INFO - a5 44 33 10 47 a9 11 a6
INFO - a5 44 73 18 00 01 86 a0
INFO - a5 46 b3 08 b2 f8 7c 03
INFO - a5 46 f3 10 47 a9 11 ba
INFO - a5 46 33 18 00 01 86 a0
INFO - a5 48 73 08 b2 f8 7c d3
INFO - a5 48 b3 10 47 a9 11 d5
INFO - a5 48 f3 18 00 01 86 a0
INFO - a5 4a 33 08 b2 f8 7d a3
INFO - a5 4a 73 10 47 a9 11 f0
INFO - a5 4a b3 18 00 01 86 a0
INFO - a5 4c f3 08 b2 f8 7e 73
INFO - a5 4c 33 10 47 a9 12 0b
INFO - a5 4c 73 18 00 01 86 a0
INFO - a5 4e b3 08 b2 f8 7f 3c
INFO - a5 4e f3 10 47 a9 12 1f
INFO - a5 4e 33 18 00 01 86 a0
INFO - a5 50 73 08 b2 f8 80 0c
INFO - a5 50 b3 10 47 a9 12 3a
INFO - a5 50 f3 18 00 01 86 a0
INFO - a5 52 33 08 b2 f8 80 dc
INFO - a5 52 73 10 47 a9 12 55
INFO - a5 52 b3 18 00 01 86 a0
INFO - a5 54 f3 08 b2 f8 81 ac
INFO - a5 54 33 10 47 a9 12 69
INFO - a5 54 73 18 00 01 86 a0
INFO - a5 56 b3 08 b2 f8 82 90
INFO - a5 56 f3 10 47 a9 12 84
INFO - a5 56 33 18 00 01 86 a0
INFO - a5 56 73 08 b2 f8 82 90
INFO - a5 56 b3 10 47 a9 12 84
INFO - a5 56 f3 18 00 01 86 a0
INFO - a5 58 33 08 b2 f8 83 5f
INFO - a5 58 73 10 47 a9 12 9e
INFO - a5 58 b3 18 00 01 86 a0
INFO - a5 5a f3 08 b2 f8 84 29
INFO - a5 5a 33 10 47 a9 12 b3
INFO - a5 5a 73 18 00 01 86 a0
INFO - a5 5c b3 08 b2 f8 84 f8
INFO - a5 5c f3 10 47 a9 12 cd
INFO - a5 5c 33 18 00 01 86 a0
INFO - a5 5e 73 08 b2 f8 85 c8
INFO - a5 5e b3 10 47 a9 12 e1
INFO - a5 5e f3 18 00 01 86 a0
INFO - a5 60 33 08 b2 f8 86 98
INFO - a5 60 73 10 47 a9 12 fc
INFO - a5 60 b3 18 00 01 86 a0
INFO - a5 62 f3 08 b2 f8 87 68
INFO - a5 62 33 10 47 a9 13 10
INFO - a5 62 73 18 00 01 86 a0
INFO - a5 64 b3 08 b2 f8 88 31
INFO - a5 64 f3 10 47 a9 13 2b
INFO - a5 64 33 18 00 01 86 a0
INFO - a5 66 73 08 b2 f8 89 01
INFO - a5 66 b3 10 47 a9 13 3f
INFO - a5 66 f3 18 00 01 86 a0
INFO - a5 68 33 08 b2 f8 89 d1
INFO - a5 68 73 10 47 a9 13 53
INFO - a5 68 b3 18 00 01 86 a0
INFO - a5 6a f3 08 b2 f8 8a a1
INFO - a5 6a 33 10 47 a9 13 6e
INFO - a5 6a 73 18 00 01 86 a0
INFO - a5 6c b3 08 b2 f8 8b 71
INFO - a5 6c f3 10 47 a9 13 82
INFO - a5 6c 33 18 00 01 86 a0
INFO - a5 6e 73 08 b2 f8 8c 41
INFO - a5 6e b3 10 47 a9 13 97
INFO - a5 6e f3 18 00 01 86 a0
INFO - a5 70 33 08 b2 f8 8d 0a
INFO - a5 70 73 10 47 a9 13 ab
INFO - a5 70 b3 18 00 01 86 a0
INFO - a5 72 f3 08 b2 f8 8d da
INFO - a5 72 33 10 47 a9 13 bf
INFO - a5 72 73 18 00 01 86 a0
INFO - a5 74 b3 08 b2 f8 8e a9
INFO - a5 74 f3 10 47 a9 13 da
INFO - a5 74 33 18 00 01 86 a0
INFO - a5 76 73 08 b2 f8 8f 79
INFO - a5 76 b3 10 47 a9 13 ee
INFO - a5 76 f3 18 00 01 86 a0
INFO - a5 78 33 08 b2 f8 90 49
INFO - a5 78 73 10 47 a9 14 02
INFO - a5 78 b3 18 00 01 86 a0
INFO - a5 7a f3 08 b2 f8 91 19
INFO - a5 7a 33 10 47 a9 14 16
INFO - a5 7a 73 18 00 01 86 a0
INFO - a5 7c b3 08 b2 f8 91 e9
INFO - a5 7c f3 10 47 a9 14 2a
INFO - a5 7c 33 18 00 01 86 a0
INFO - a5 7e 73 08 b2 f8 92 b2
INFO - a5 7e b3 10 47 a9 14 3e
INFO - a5 7e f3 18 00 01 86 a0
INFO - a5 80 33 08 b2 f8 93 82
INFO - a5 80 73 10 47 a9 14 52
INFO - a5 80 b3 18 00 01 86 a0
INFO - a5 82 f3 08 b2 f8 94 52
INFO - a5 82 33 10 47 a9 14 66
INFO - a5 82 73 18 00 01 86 a0
INFO - a5 84 b3 08 b2 f8 95 22
INFO - a5 84 f3 10 47 a9 14 7b
INFO - a5 84 33 18 00 01 86 a0
INFO - a5 86 73 08 b2 f8 95 f2
INFO - a5 86 b3 10 47 a9 14 8f
INFO - a5 86 f3 18 00 01 86 a0
INFO - a5 88 33 08 b2 f8 96 c1
INFO - a5 88 73 10 47 a9 14 9c
INFO - a5 88 b3 18 00 01 86 a0
INFO - a5 8a f3 08 b2 f8 97 8b
INFO - a5 8a 33 10 47 a9 14 b0
INFO - a5 8a 73 18 00 01 86 a0
INFO - a5 8c b3 08 b2 f8 98 5b
INFO - a5 8c f3 10 47 a9 14 c4
INFO - a5 8c 33 18 00 01 86 a0
INFO - a5 8e 73 08 b2 f8 99 2a
INFO - a5 8e b3 10 47 a9 14 d8
INFO - a5 8e f3 18 00 01 86 a0
INFO - a5 90 33 08 b2 f8 99 fa
INFO - a5 90 73 10 47 a9 14 e6
INFO - a5 90 b3 18 00 01 86 a0
INFO - a5 92 f3 08 b2 f8 9a ca
INFO - a5 92 33 10 47 a9 14 fa
INFO - a5 92 73 18 00 01 86 a0
INFO - a5 94 b3 08 b2 f8 9b 9a
INFO - a5 94 f3 10 47 a9 15 0e
INFO - a5 94 33 18 00 01 86 a0
INFO - a5 96 73 08 b2 f8 9c 6a
INFO - a5 96 b3 10 47 a9 15 1b
INFO - a5 96 f3 18 00 01 86 a0
INFO - a5 98 33 08 b2 f8 9d 33
INFO - a5 98 73 10 47 a9 15 30
INFO - a5 98 b3 18 00 01 86 a0
INFO - a5 9a f3 08 b2 f8 9e 03
INFO - a5 9a 33 10 47 a9 15 3d
INFO - a5 9a 73 18 00 01 86 a0
INFO - a5 9c b3 08 b2 f8 9e d3
INFO - a5 9c f3 10 47 a9 15 51
INFO - a5 9c 33 18 00 01 86 a0
INFO - a5 9e 73 08 b2 f8 9f a3
INFO - a5 9e b3 10 47 a9 15 65
INFO - a5 9e f3 18 00 01 86 a0
INFO - a5 a0 33 08 b2 f8 a0 73
INFO - a5 a0 73 10 47 a9 15 73
INFO - a5 a0 b3 18 00 01 86 a0
INFO - a5 a2 f3 08 b2 f8 a1 42
INFO - a5 a2 33 10 47 a9 15 87
INFO - a5 a2 73 18 00 01 86 a0
INFO - a5 a4 b3 08 b2 f8 a2 12
INFO - a5 a4 f3 10 47 a9 15 94
INFO - a5 a4 33 18 00 01 86 a0
INFO - a5 a6 73 08 b2 f8 a2 e2
INFO - a5 a6 b3 10 47 a9 15 a8
INFO - a5 a6 f3 18 00 01 86 a0
INFO - a5 a8 33 08 b2 f8 a3 b2
INFO - a5 a8 73 10 47 a9 15 b6
INFO - a5 a8 b3 18 00 01 86 a0
INFO - a5 aa f3 08 b2 f8 a4 82
INFO - a5 aa 33 10 47 a9 15 ca
INFO - a5 aa 73 18 00 01 86 a0
INFO - a5 ac b3 08 b2 f8 a5 52
INFO - a5 ac f3 10 47 a9 15 d7
INFO - a5 ac 33 18 00 01 86 a0
INFO - a5 ae 73 08 b2 f8 a6 22
INFO - a5 ae b3 10 47 a9 15 e5
INFO - a5 ae f3 18 00 01 86 a0
INFO - a5 b0 33 08 b2 f8 a6 f1
INFO - a5 b0 73 10 47 a9 15 f9
INFO - a5 b0 b3 18 00 01 86 a0
INFO - a5 b2 f3 08 b2 f8 a7 c1
INFO - a5 b2 33 10 47 a9 16 06
INFO - a5 b2 73 18 00 01 86 a0
INFO - a5 b4 b3 08 b2 f8 a8 91
INFO - a5 b4 f3 10 47 a9 16 14
INFO - a5 b4 33 18 00 01 86 a0
INFO - a5 b6 73 08 b2 f8 a9 61
INFO - a5 b6 b3 10 47 a9 16 28
INFO - a5 b6 f3 18 00 01 86 a0
INFO - a5 b8 33 08 b2 f8 aa 31
INFO - a5 b8 73 10 47 a9 16 35
INFO - a5 b8 b3 18 00 01 86 a0
INFO - a5 ba f3 08 b2 f8 ab 01
INFO - a5 ba 33 10 47 a9 16 43
INFO - a5 ba 73 18 00 01 86 a0
INFO - a5 bc b3 08 b2 f8 ab d1
INFO - a5 bc f3 10 47 a9 16 50
INFO - a5 bc 33 18 00 01 86 a0
INFO - a5 be 73 08 b2 f8 ac a1
INFO - a5 be b3 10 47 a9 16 64
INFO - a5 be f3 18 00 01 86 a0
INFO - a5 c0 33 08 b2 f8 ad 70
INFO - a5 c0 73 10 47 a9 16 71
INFO - a5 c0 b3 18 00 01 86 a0
INFO - a5 c2 f3 08 b2 f8 ad fb
INFO - a5 c2 33 10 47 a9 16 7a
INFO - a5 c2 73 18 00 01 86 a0
