INFO - a0 d7 c9 40 57 00 00 02
INFO - a0 d7 09 40 57 00 00 02
INFO - a0 d7 49 40 57 00 00 02
INFO - a0 d7 89 40 57 00 00 02
INFO - a5 ab 49 40 57 00 00 02
INFO - a5 ab 89 40 57 00 00 02
INFO - a5 ab c9 40 57 00 00 02
INFO - a5 ab 09 40 57 00 00 02
INFO - a5 ab 49 40 57 00 00 02
INFO - 86 23 c9 08 40 27 41 d0
INFO - 86 23 09 20 40 27 e5 f9
INFO - 86 23 49 40 40 20 00 79
INFO - 86 25 49 08 40 27 41 d0
INFO - 86 25 89 20 40 27 e5 f9
INFO - 86 25 c9 40 40 21 e4 fc
INFO - 86 27 c9 08 40 27 41 d0
INFO - 86 27 09 20 40 27 e5 f9
INFO - 86 27 49 40 40 23 f0 fd
INFO - 86 29 49 08 40 27 41 d0
INFO - 86 29 89 20 40 27 e5 f7
INFO - 86 29 c9 40 40 23 f4 01
INFO - 86 2b c9 08 40 27 41 d0
INFO - 86 2b 09 20 40 27 dd f7
INFO - 86 2b 49 40 40 20 04 fc
INFO - 86 2d 49 08 40 27 41 d0
INFO - 86 2d 89 20 40 27 dd f7
INFO - 86 2d c9 40 40 23 f0 00
INFO - 86 2f c9 08 40 27 41 d0
INFO - 86 2f 09 20 40 27 dd f7
INFO - 86 2f 49 40 40 20 00 01
INFO - 86 31 49 08 40 27 41 d0
INFO - 86 31 89 20 40 27 dd f9
INFO - 86 31 c9 40 40 20 04 fc
INFO - 86 33 c9 08 40 27 41 d0
INFO - 86 33 09 20 40 27 e5 f9
INFO - 86 33 49 40 40 23 f0 01
INFO - 86 35 49 08 40 27 41 d0
INFO - 86 35 89 20 40 27 e5 fb
INFO - 86 35 c9 40 40 20 04 fc
INFO - 86 37 c9 08 40 27 41 d0
INFO - 86 37 09 20 40 27 ed fb
INFO - 86 37 49 40 40 23 f0 00
INFO - 86 39 49 08 40 27 41 d0
INFO - 86 39 89 20 40 27 ed fb
INFO - 86 39 c9 40 40 20 00 01
INFO - 86 3b c9 08 40 27 41 d0
INFO - 86 3b 09 20 40 27 ed fb
INFO - 86 3b 49 40 40 20 04 fc
INFO - 86 3d 49 08 40 27 41 ff
INFO - 86 3d 89 20 40 27 ed f9
INFO - 86 3d c9 40 40 23 f0 00
INFO - 86 3f c9 08 40 27 fe 10
INFO - 86 3f 09 20 40 27 e5 f9
INFO - 86 3f 49 40 40 20 00 01
INFO - 86 41 49 08 40 28 42 10
INFO - 86 41 89 20 40 27 e5 f9
INFO - 86 41 c9 40 40 20 04 fc
INFO - 86 43 c9 08 40 28 42 10
INFO - 86 43 09 20 40 27 e5 f9
INFO - 86 43 49 40 40 23 f0 fd
INFO - 86 45 49 08 40 28 42 10
INFO - 86 45 89 20 40 27 e5 f9
INFO - 86 45 c9 40 40 23 f4 01
INFO - 86 47 c9 08 40 28 42 10
INFO - 86 47 09 20 40 27 e5 f9
INFO - 86 47 49 40 40 20 04 fc
INFO - 86 49 49 08 40 28 42 10
INFO - 86 49 89 20 40 27 e5 f9
INFO - 86 49 c9 40 40 23 f0 01
INFO - 86 4b c9 08 40 28 42 10
INFO - 86 4b 09 20 40 27 e5 f9
INFO - 86 4b 49 40 40 20 04 fc
INFO - 86 4d 49 08 40 28 42 10
INFO - 86 4d 89 20 40 27 e5 f9
INFO - 86 4d c9 40 40 23 f0 00
INFO - 86 4f c9 08 40 28 42 10
INFO - 86 4f 09 20 40 27 e5 f9
INFO - 86 4f 49 40 40 20 00 01
INFO - 86 51 49 08 40 28 42 10
INFO - 86 51 89 20 40 27 e5 f9
INFO - 86 51 c9 40 40 20 04 fc
INFO - 86 53 c9 08 40 28 42 10
INFO - 86 53 09 20 40 27 e5 f7
INFO - 86 53 49 40 40 23 f0 fd
INFO - 86 55 49 08 40 28 42 10
INFO - 86 55 89 20 40 27 dd f7
INFO - 86 55 c9 40 40 23 f4 01
INFO - 86 57 c9 08 40 28 42 10
INFO - 86 57 09 20 40 27 dd f7
INFO - 86 57 49 40 40 20 04 fc
INFO - 86 59 49 08 40 28 42 10
INFO - 86 59 89 20 40 27 dd f7
INFO - 86 59 c9 40 40 23 f0 fd
INFO - 86 5b c9 08 40 28 42 17
INFO - 86 5b 09 20 40 27 dd f9
INFO - 86 5b 49 40 40 23 f4 01
INFO - 86 5d 49 08 40 28 5e 1a
INFO - 86 5d 89 20 40 27 e5 f9
INFO - 86 5d c9 40 40 20 04 fc
INFO - 86 5f c9 08 40 28 6a 1a
INFO - 86 5f 09 20 40 27 e5 fb
INFO - 86 5f 49 40 40 23 f0 01
INFO - 86 61 49 08 40 28 6a 1a
INFO - 86 61 89 20 40 27 ed fb
INFO - 86 61 c9 40 40 20 04 fc
INFO - 86 63 c9 08 40 28 6a 1a
INFO - 86 63 09 20 40 27 ed fb
INFO - 86 63 49 40 40 23 f0 fd
INFO - 86 65 49 08 40 28 6a 1a
INFO - 86 65 89 20 40 27 ed fb
INFO - 86 65 c9 40 40 23 f4 01
INFO - 86 67 c9 08 40 28 6a 1a
INFO - 86 67 09 20 40 27 ed fb
INFO - 86 67 49 40 40 20 04 fc
INFO - 86 69 49 08 40 28 6a 1a
INFO - 86 69 89 20 40 27 ed fb
INFO - 86 69 c9 40 40 23 f0 fd
INFO - 86 6b c9 08 40 28 6a 1a
INFO - 86 6b 09 20 40 27 ed fb
INFO - 86 6b 49 40 40 23 f4 01
INFO - 86 6d 49 08 40 28 6a 1a
INFO - 86 6d 89 20 40 27 ed fb
INFO - 86 6d c9 40 40 20 04 fc
INFO - 86 6f c9 08 40 28 6a 1a
INFO - 86 6f 09 20 40 27 ed fb
INFO - 86 6f 49 40 40 23 f0 01
INFO - 86 71 49 08 40 28 6a 1a
INFO - 86 71 89 20 40 27 ed fb
INFO - 86 71 c9 40 40 20 04 fc
INFO - 86 73 c9 08 40 28 6a 1a
INFO - 86 73 09 20 40 27 ed fb
INFO - 86 73 49 40 40 23 f0 fd
INFO - 86 75 49 08 40 28 6a 1a
INFO - 86 75 89 20 40 27 ed fb
INFO - 86 75 c9 40 40 23 f4 01
INFO - 86 77 c9 08 40 28 6a 1a
INFO - 86 77 09 20 40 27 ed fb
INFO - 86 77 49 40 40 20 04 fc
INFO - 86 79 49 08 40 28 69 f8
INFO - 86 79 89 20 40 27 ed fb
INFO - 86 79 c9 40 40 23 f0 01
INFO - 86 7b c9 08 40 27 e1 eb
INFO - 86 7b 09 20 40 27 ed fb
INFO - 86 7b 49 40 40 20 04 fc
INFO - 86 7d 49 08 40 27 ad eb
INFO - 86 7d 89 20 40 27 ed fb
INFO - 86 7d c9 40 40 23 f0 00
INFO - 86 7f c9 08 40 27 ad eb
INFO - 86 7f 09 20 40 27 ed fd
INFO - 86 7f 49 40 40 20 00 01
INFO - 86 81 49 08 40 27 ad eb
INFO - 86 81 89 20 40 27 f5 fd
INFO - 86 81 c9 40 40 20 04 fc
INFO - 86 83 c9 08 40 27 ad eb
INFO - 86 83 09 20 40 27 f5 fd
INFO - 86 83 49 40 40 23 f0 fd
INFO - 86 85 49 08 40 27 ad eb
INFO - 86 85 89 20 40 27 f5 fd
INFO - 86 85 c9 40 40 23 f4 01
INFO - 86 87 c9 08 40 27 ad eb
INFO - 86 87 09 20 40 27 f5 fd
INFO - 86 87 49 40 40 20 04 fc
INFO - 86 89 49 08 40 27 ad eb
INFO - 86 89 89 20 40 27 f5 fb
INFO - 86 89 c9 40 40 23 f0 fd
INFO - 86 8b c9 08 40 27 ad eb
INFO - 86 8b 09 20 40 27 ed fb
INFO - 86 8b 49 40 40 23 f4 01
INFO - 86 8d 49 08 40 27 ad eb
INFO - 86 8d 89 20 40 27 ed fd
INFO - 86 8d c9 40 40 20 04 fc
INFO - 86 8f c9 08 41 d7 ae 14
INFO - 86 8f 09 20 41 d7 f5 ff
INFO - 86 8f 49 40 41 d3 f0 00
INFO - 86 ac c9 08 40 28 52 14
INFO - 86 ac 09 20 40 27 fd ff
INFO - 86 ac 49 40 40 20 00 fd
INFO - 86 ae 49 08 40 28 52 14
INFO - 86 ae 89 20 40 27 fd ff
INFO - 86 ae c9 40 40 23 f4 01
INFO - 86 b0 c9 08 40 28 52 14
INFO - 86 b0 09 20 40 27 fd ff
INFO - 86 b0 49 40 40 20 04 fc
INFO - 86 b2 49 08 40 28 52 14
INFO - 86 b2 89 20 40 27 fd ff
INFO - 86 b2 c9 40 40 23 f0 01
INFO - 86 b4 c9 08 40 28 52 14
INFO - 86 b4 09 20 40 27 fd ff
INFO - 86 b4 49 40 40 20 04 fc
INFO - 86 b6 49 08 40 28 52 14
INFO - 86 b6 89 20 40 27 fd ff
INFO - 86 b6 c9 40 40 23 f0 fd
INFO - 86 b8 c9 08 40 28 51 eb
INFO - 86 b8 09 20 40 27 fd ff
INFO - 86 b8 49 40 40 23 f4 01
INFO - 86 ba 49 08 40 27 ad dd
INFO - 86 ba 89 20 40 27 fd ff
INFO - 86 ba c9 40 40 20 04 fc
INFO - 86 bc c9 08 40 27 75 dd
INFO - 86 bc 09 20 40 27 fd ff
INFO - 86 bc 49 40 40 23 f0 00
INFO - 86 be 49 08 40 27 75 dd
INFO - 86 be 89 20 40 27 fd ff
INFO - 86 be c9 40 40 20 00 01
INFO - 86 c0 c9 08 40 27 75 dd
INFO - 86 c0 09 20 40 27 fd ff
INFO - 86 c0 49 40 40 20 04 fc
INFO - 86 c2 49 08 40 27 75 dd
INFO - 86 c2 89 20 40 27 fd ff
INFO - 86 c2 c9 40 40 23 f0 01
INFO - 86 c4 c9 08 40 27 75 dd
INFO - 86 c4 09 20 40 27 fd ff
INFO - 86 c4 49 40 40 20 04 fc
INFO - 86 c6 49 08 40 27 75 dd
INFO - 86 c6 89 20 40 27 fd ff
INFO - 86 c6 c9 40 40 23 f0 00
INFO - 86 c8 c9 08 40 27 75 dd
INFO - 86 c8 09 20 40 27 fd ff
INFO - 86 c8 49 40 40 20 00 01
INFO - 86 ca 49 08 40 27 75 dd
INFO - 86 ca 89 20 40 27 fd ff
INFO - 86 ca c9 40 40 20 04 fc
INFO - 86 cc c9 08 40 27 75 dd
INFO - 86 cc 09 20 40 27 fd ff
INFO - 86 cc 49 40 40 23 f0 00
INFO - 86 ce 49 08 40 27 75 dd
INFO - 86 ce 89 20 40 27 fd ff
INFO - 86 ce c9 40 40 20 00 01
INFO - 86 d0 c9 08 40 27 75 dd
INFO - 86 d0 09 20 40 27 fd ff
INFO - 86 d0 49 40 40 20 04 fc
INFO - 86 d2 49 08 40 27 75 dd
INFO - 86 d2 89 20 40 27 fd ff
INFO - 86 d2 c9 40 40 23 f0 01
INFO - 86 d4 c9 08 40 27 75 dd
INFO - 86 d4 09 20 40 27 fd ff
INFO - 86 d4 49 40 40 20 04 fc
INFO - 86 d6 49 08 40 27 75 ff
INFO - 86 d6 89 20 40 27 fd ff
INFO - 86 d6 c9 40 40 23 f0 00
INFO - 86 d8 c9 08 40 27 fe 0a
INFO - 86 d8 09 20 40 27 fd fd
INFO - 86 d8 49 40 40 20 00 01
INFO - 86 da 49 08 40 28 2a 0a
INFO - 86 da 89 20 40 27 f5 fd
INFO - 86 da c9 40 40 20 04 fc
INFO - 86 dc c9 08 40 28 2a 0a
INFO - 86 dc 09 20 40 27 f5 ff
INFO - 86 dc 49 40 40 23 f0 01
INFO - 86 de 49 08 40 28 2a 0a
INFO - 86 de 89 20 40 27 fd ff
INFO - 86 de c9 40 40 20 04 fc
INFO - 86 e0 c9 08 40 28 2a 0a
INFO - 86 e0 09 20 40 27 fd ff
INFO - 86 e0 49 40 40 23 f0 fd
INFO - 86 e2 49 08 40 28 2a 0a
INFO - 86 e2 89 20 40 27 fd ff
INFO - 86 e2 c9 40 40 23 f4 00
INFO - 86 e4 c9 08 40 28 2a 0a
INFO - 86 e4 09 20 40 27 fd ff
INFO - 86 e4 49 40 40 20 00 01
INFO - 86 e6 49 08 40 28 2a 0a
INFO - 86 e6 89 20 40 27 fd ff
INFO - 86 e6 c9 40 40 20 04 fc
INFO - 86 e8 c9 08 40 28 2a 0a
INFO - 86 e8 09 20 40 27 fd ff
INFO - 86 e8 49 40 40 23 f0 01
INFO - 86 ea 49 08 40 28 2a 0a
INFO - 86 ea 89 20 40 27 fd ff
INFO - 86 ea c9 40 40 20 04 fc
INFO - 86 ec c9 08 40 28 2a 0a
INFO - 86 ec 09 20 40 27 fd ff
INFO - 86 ec 49 40 40 23 f0 fd
INFO - 86 ee 49 08 40 28 2a 0a
INFO - 86 ee 89 20 40 27 fd ff
INFO - 86 ee c9 40 40 23 f4 01
INFO - 86 f0 c9 08 40 28 2a 0a
INFO - 86 f0 09 20 40 27 fe 01
INFO - 86 f0 49 40 40 20 04 fc
INFO - 86 f2 49 08 40 28 2a 0d
INFO - 86 f2 89 20 40 28 06 01
INFO - 86 f2 c9 40 40 23 f0 00
INFO - 86 f4 c9 08 40 28 36 0d
INFO - 86 f4 09 20 40 28 06 01
INFO - 86 f4 49 40 40 20 00 01
INFO - 86 f6 49 08 40 28 36 0d
INFO - 86 f6 89 20 40 28 05 ff
INFO - 86 f6 c9 40 40 20 04 fc
INFO - 86 f8 c9 08 40 28 36 0d
INFO - 86 f8 09 20 40 27 fd ff
INFO - 86 f8 49 40 40 23 f0 01
INFO - 86 fa 49 08 40 28 36 0d
INFO - 86 fa 89 20 40 27 fd ff
INFO - 86 fa c9 40 40 20 04 fc
INFO - 86 fc c9 08 40 28 36 0d
INFO - 86 fc 09 20 40 27 fd ff
INFO - 86 fc 49 40 40 23 f0 00
INFO - 86 fe 49 08 40 28 36 0d
INFO - 86 fe 89 20 40 27 fd ff
INFO - 86 fe c9 40 40 20 00 01
INFO - 87 00 c9 08 40 28 36 0d
INFO - 87 00 09 20 40 27 fd ff
INFO - 87 00 49 40 40 20 04 fc
INFO - 87 02 49 08 40 28 36 0d
INFO - 87 02 89 20 40 27 fd ff
INFO - 87 02 c9 40 40 23 f0 fd
INFO - 87 04 c9 08 40 28 36 0d
INFO - 87 04 09 20 40 27 fd ff
INFO - 87 04 49 40 40 23 f4 01
INFO - 87 06 49 08 40 28 36 0d
INFO - 87 06 89 20 40 27 fd ff
INFO - 87 06 c9 40 40 20 04 fc
INFO - 87 08 c9 08 40 28 36 0d
INFO - 87 08 09 20 40 27 fd ff
INFO - 87 08 49 40 40 23 f0 00
INFO - 87 0a 49 08 40 28 36 0d
INFO - 87 0a 89 20 40 27 fd ff
INFO - 87 0a c9 40 40 20 00 01
INFO - 87 0c c9 08 40 28 36 0d
INFO - 87 0c 09 20 40 27 fd ff
INFO - 87 0c 49 40 40 20 04 fc
INFO - 87 0e 49 08 40 28 36 0d
INFO - 87 0e 89 20 40 27 fd ff
INFO - 87 0e c9 40 40 23 f0 01
INFO - 87 10 c9 08 40 28 36 0d
INFO - 87 10 09 20 40 27 fd ff
INFO - 87 10 49 40 40 20 04 fc
INFO - 87 12 49 08 40 28 35 fa
INFO - 87 12 89 20 40 27 fd ff
INFO - 87 12 c9 40 40 23 f0 fd
INFO - 87 14 c9 08 40 27 e9 f4
INFO - 87 14 09 20 40 27 fd ff
INFO - 87 14 49 40 40 23 f4 01
INFO - 87 16 49 08 40 27 d1 f4
INFO - 87 16 89 20 40 27 fe 01
INFO - 87 16 c9 40 40 20 04 fc
INFO - 87 18 c9 08 40 27 d1 f4
INFO - 87 18 09 20 40 28 06 01
INFO - 87 18 49 40 40 23 f0 fd
INFO - 87 1a 49 08 40 27 d1 f4
INFO - 87 1a 89 20 40 28 06 01
INFO - 87 1a c9 40 40 23 f4 01
INFO - 87 1c c9 08 40 27 d1 f4
INFO - 87 1c 09 20 40 28 06 01
INFO - 87 1c 49 40 40 20 04 fc
INFO - 87 1e 49 08 40 27 d1 f4
INFO - 87 1e 89 20 40 28 06 01
INFO - 87 1e c9 40 40 23 f0 00
INFO - 87 20 c9 08 40 27 d1 f4
INFO - 87 20 09 20 40 28 06 01
INFO - 87 20 49 40 40 20 00 01
INFO - 87 22 49 08 40 27 d1 f4
INFO - 87 22 89 20 40 28 06 03
INFO - 87 22 c9 40 40 20 04 fc
INFO - 87 24 c9 08 40 27 d1 f4
INFO - 87 24 09 20 40 28 0e 03
INFO - 87 24 49 40 40 23 f0 00
INFO - 87 26 49 08 40 27 d1 f4
INFO - 87 26 89 20 40 28 0e 03
INFO - 87 26 c9 40 40 20 00 01
INFO - 87 28 c9 08 40 27 d1 f4
INFO - 87 28 09 20 40 28 0e 03
INFO - 87 28 49 40 40 20 04 fc
INFO - 87 2a 49 08 40 27 d1 f4
INFO - 87 2a 89 20 40 28 0e 03
INFO - 87 2a c9 40 40 23 f0 01
INFO - 87 2c c9 08 40 27 d1 f4
INFO - 87 2c 09 20 40 28 0e 03
INFO - 87 2c 49 40 40 20 04 fc
INFO - 87 2e 49 08 40 27 d1 f4
INFO - 87 2e 89 20 40 28 0e 01
INFO - 87 2e c9 40 40 23 f0 00
INFO - 87 30 c9 08 40 27 d2 3a
INFO - 87 30 09 20 40 28 06 01
INFO - 87 30 49 40 40 20 00 01
INFO - 87 32 49 08 40 28 ea 4b
INFO - 87 32 89 20 40 28 05 ff
INFO - 87 32 c9 40 40 20 04 fc
INFO - 87 34 c9 08 40 29 2e 4b
INFO - 87 34 09 20 40 27 fd ff
INFO - 87 34 49 40 40 23 f0 fd
INFO - 87 36 49 08 40 29 2e 4b
INFO - 87 36 89 20 40 27 fd ff
INFO - 87 36 c9 40 40 23 f4 01
INFO - 87 38 c9 08 40 29 2e 4b
INFO - 87 38 09 20 40 27 fe 01
INFO - 87 38 49 40 40 20 04 fc
INFO - 87 3a 49 08 40 29 2e 4b
INFO - 87 3a 89 20 40 28 06 01
INFO - 87 3a c9 40 40 23 f0 00
INFO - 87 3c c9 08 40 29 2e 4b
INFO - 87 3c 09 20 40 28 06 01
INFO - 87 3c 49 40 40 20 00 01
INFO - 87 3e 49 08 40 29 2e 4b
INFO - 87 3e 89 20 40 28 06 01
INFO - 87 3e c9 40 40 20 04 fc
INFO - 87 40 c9 08 40 29 2e 4b
INFO - 87 40 09 20 40 28 06 01
INFO - 87 40 49 40 40 23 f0 01
INFO - 87 42 49 08 40 29 2e 4b
INFO - 87 42 89 20 40 28 06 01
INFO - 87 42 c9 40 40 20 04 fc
INFO - 87 44 c9 08 40 29 2e 4b
INFO - 87 44 09 20 40 28 06 03
INFO - 87 44 49 40 40 23 f0 fd
INFO - 87 46 49 08 40 29 2e 4b
INFO - 87 46 89 20 40 28 0e 03
INFO - 87 46 c9 40 40 23 f4 01
INFO - 87 48 c9 08 40 29 2e 4b
INFO - 87 48 09 20 40 28 0e 03
INFO - 87 48 49 40 40 20 04 fc
INFO - 87 4a 49 08 40 29 2e 4b
INFO - 87 4a 89 20 40 28 0e 01
INFO - 87 4a c9 40 40 23 f0 fd
INFO - 87 4c c9 08 40 29 2e 4b
INFO - 87 4c 09 20 40 28 06 01
INFO - 87 4c 49 40 40 23 f4 01
INFO - 87 4e 49 08 40 29 2e 2a
INFO - 87 4e 89 20 40 28 06 01
INFO - 87 4e c9 40 40 20 04 fc
INFO - 87 50 c9 08 40 28 aa 18
INFO - 87 50 09 20 40 28 06 01
INFO - 87 50 49 40 40 23 f0 01
INFO - 87 52 49 08 40 28 62 18
INFO - 87 52 89 20 40 28 06 01
INFO - 87 52 c9 40 40 20 04 fc
INFO - 87 54 c9 08 40 28 62 18
INFO - 87 54 09 20 40 28 06 01
INFO - 87 54 49 40 40 23 f0 00
INFO - 87 56 49 08 40 28 62 18
INFO - 87 56 89 20 40 28 06 01
INFO - 87 56 c9 40 40 20 00 01
INFO - 87 58 c9 08 40 28 62 18
INFO - 87 58 09 20 40 28 06 01
INFO - 87 58 49 40 40 20 04 fc
INFO - 87 5a 49 08 40 28 62 18
INFO - 87 5a 89 20 40 28 06 03
INFO - 87 5a c9 40 40 23 f0 fd
INFO - 87 5c c9 08 40 28 62 18
INFO - 87 5c 09 20 40 28 0e 03
INFO - 87 5c 49 40 40 23 f4 01
INFO - 87 5e 49 08 40 28 62 18
INFO - 87 5e 89 20 40 28 0e 03
INFO - 87 5e c9 40 40 20 04 fc
INFO - 87 60 c9 08 40 28 62 18
INFO - 87 60 09 20 40 28 0e 03
INFO - 87 60 49 40 40 23 f0 01
INFO - 87 62 49 08 40 28 62 18
INFO - 87 62 89 20 40 28 0e 01
INFO - 87 62 c9 40 40 20 04 fc
INFO - 87 64 c9 08 40 28 62 18
INFO - 87 64 09 20 40 28 06 01
INFO - 87 64 49 40 40 23 f0 fd
INFO - 87 66 49 08 40 28 62 18
INFO - 87 66 89 20 40 28 05 ff
INFO - 87 66 c9 40 40 23 f4 01
INFO - 87 68 c9 08 40 28 62 18
INFO - 87 68 09 20 40 27 fd ff
INFO - 87 68 49 40 40 20 04 fc
INFO - 87 6a 49 08 40 28 62 18
INFO - 87 6a 89 20 40 27 fd ff
INFO - 87 6a c9 40 40 23 f0 00
INFO - 87 6c c9 08 40 28 62 01
INFO - 87 6c 09 20 40 27 fe 01
INFO - 87 6c 49 40 40 20 00 01
INFO - 87 6e 49 08 40 28 05 fa
INFO - 87 6e 89 20 40 28 06 01
INFO - 87 6e c9 40 40 20 04 fc
INFO - 87 70 c9 08 40 27 e9 fa
INFO - 87 70 09 20 40 28 06 01
INFO - 87 70 49 40 40 23 f0 01
INFO - 87 72 49 08 40 27 e9 fa
INFO - 87 72 89 20 40 28 06 01
INFO - 87 72 c9 40 40 20 04 fc
INFO - 87 74 c9 08 40 27 e9 fa
INFO - 87 74 09 20 40 28 06 01
INFO - 87 74 49 40 40 23 f0 00
INFO - 87 76 49 08 40 27 e9 fa
INFO - 87 76 89 20 40 28 06 01
INFO - 87 76 c9 40 40 20 00 01
INFO - 87 78 c9 08 40 27 e9 fa
INFO - 87 78 09 20 40 28 06 01
INFO - 87 78 49 40 40 20 04 fc
INFO - 87 7a 49 08 40 27 e9 fa
INFO - 87 7a 89 20 40 28 06 01
INFO - 87 7a c9 40 40 23 f0 00
INFO - 87 7c c9 08 40 27 e9 fa
INFO - 87 7c 09 20 40 28 06 01
INFO - 87 7c 49 40 40 20 00 01
INFO - 87 7e 49 08 40 27 e9 fa
INFO - 87 7e 89 20 40 28 06 01
INFO - 87 7e c9 40 40 20 04 fc
INFO - 87 80 c9 08 40 27 e9 fa
INFO - 87 80 09 20 40 28 06 01
INFO - 87 80 49 40 40 23 f0 fd
INFO - 87 82 49 08 40 27 e9 fa
INFO - 87 82 89 20 40 28 06 03
INFO - 87 82 c9 40 40 23 f4 01
INFO - 87 84 c9 08 40 27 e9 fa
INFO - 87 84 09 20 40 28 0e 01
INFO - 87 84 49 40 40 20 04 fc
INFO - 87 86 49 08 40 27 e9 fa
INFO - 87 86 89 20 40 28 06 01
INFO - 87 86 c9 40 40 23 f0 01
INFO - 87 88 c9 08 40 27 e9 fa
INFO - 87 88 09 20 40 28 06 01
INFO - 87 88 49 40 40 20 04 fc
INFO - 87 8a 49 08 40 27 e9 ea
INFO - 87 8a 89 20 40 28 06 01
INFO - 87 8a c9 40 40 23 f0 00
INFO - 87 8c c9 08 40 27 a9 e4
INFO - 87 8c 09 20 40 28 06 01
INFO - 87 8c 49 40 40 20 00 01
INFO - 87 8e 49 08 40 27 91 e4
INFO - 87 8e 89 20 40 28 06 01
INFO - 87 8e c9 40 40 20 04 fc
INFO - 87 90 c9 08 40 27 91 e4
INFO - 87 90 09 20 40 28 06 01
INFO - 87 90 49 40 40 23 f0 00
INFO - 87 92 49 08 40 27 91 e4
INFO - 87 92 89 20 40 28 06 01
INFO - 87 92 c9 40 40 20 00 01
INFO - 87 94 c9 08 40 27 91 e4
INFO - 87 94 09 20 40 28 06 01
INFO - 87 94 49 40 40 20 04 fc
INFO - 87 96 49 08 40 27 91 e4
INFO - 87 96 89 20 40 28 06 01
INFO - 87 96 c9 40 40 23 f0 01
INFO - 87 98 c9 08 40 27 91 e4
INFO - 87 98 09 20 40 28 06 01
INFO - 87 98 49 40 40 20 04 fc
INFO - 87 9a 49 08 40 27 91 e4
INFO - 87 9a 89 20 40 28 06 03
INFO - 87 9a c9 40 40 23 f0 fd
INFO - 87 9c c9 08 40 27 91 e4
INFO - 87 9c 09 20 40 28 0e 03
INFO - 87 9c 49 40 40 23 f4 01
INFO - 87 9e 49 08 40 27 91 e4
INFO - 87 9e 89 20 40 28 0e 03
INFO - 87 9e c9 40 40 20 04 fc
INFO - 87 a0 c9 08 40 27 91 e4
INFO - 87 a0 09 20 40 28 0e 01
INFO - 87 a0 49 40 40 23 f0 fd
INFO - 87 a2 49 08 40 27 91 e4
INFO - 87 a2 89 20 40 28 06 01
INFO - 87 a2 c9 40 40 23 f4 01
INFO - 87 a4 c9 08 40 27 91 e4
INFO - 87 a4 09 20 40 28 06 01
INFO - 87 a4 49 40 40 20 04 fc
INFO - 87 a6 49 08 40 27 91 e4
INFO - 87 a6 89 20 40 28 06 01
INFO - 87 a6 c9 40 40 23 f0 00
INFO - 87 a8 c9 08 40 27 91 ff
INFO - 87 a8 09 20 40 28 06 01
INFO - 87 a8 49 40 40 20 00 01
INFO - 87 aa 49 08 40 27 fe 0a
INFO - 87 aa 89 20 40 28 06 01
INFO - 87 aa c9 40 40 20 04 fc
INFO - 87 ac c9 08 40 28 2a 0a
INFO - 87 ac 09 20 40 28 06 01
INFO - 87 ac 49 40 40 23 f0 01
INFO - 87 ae 49 08 40 28 2a 0a
INFO - 87 ae 89 20 40 28 06 01
INFO - 87 ae c9 40 40 20 04 fc
INFO - 87 b0 c9 08 40 28 2a 0a
INFO - 87 b0 09 20 40 28 06 03
INFO - 87 b0 49 40 40 23 f0 fd
INFO - 87 b2 49 08 40 28 2a 0a
INFO - 87 b2 89 20 40 28 0e 03
INFO - 87 b2 c9 40 40 23 f4 01
INFO - 87 b4 c9 08 40 28 2a 0a
INFO - 87 b4 09 20 40 28 0e 01
INFO - 87 b4 49 40 40 20 04 fc
INFO - 87 b6 49 08 40 28 2a 0a
INFO - 87 b6 89 20 40 28 06 01
INFO - 87 b6 c9 40 40 23 f0 00
INFO - 87 b8 c9 08 40 28 2a 0a
INFO - 87 b8 09 20 40 28 06 01
INFO - 87 b8 49 40 40 20 00 01
INFO - 87 ba 49 08 40 28 2a 0a
INFO - 87 ba 89 20 40 28 06 01
INFO - 87 ba c9 40 40 20 04 fc
INFO - 87 bc c9 08 40 28 2a 0a
INFO - 87 bc 09 20 40 28 06 01
INFO - 87 bc 49 40 40 23 f0 01
INFO - 87 be 49 08 40 28 2a 0a
INFO - 87 be 89 20 40 28 06 01
INFO - 87 be c9 40 40 20 04 fc
INFO - 87 c0 c9 08 40 28 2a 0a
INFO - 87 c0 09 20 40 28 06 01
INFO - 87 c0 49 40 40 23 f0 fd
INFO - 87 c2 49 08 40 28 2a 0a
INFO - 87 c2 89 20 40 28 06 01
INFO - 87 c2 c9 40 40 23 f4 01
INFO - 87 c4 c9 08 40 28 2a 0a
INFO - 87 c4 09 20 40 28 06 01
INFO - 87 c4 49 40 40 20 04 fc
INFO - 87 c6 49 08 40 28 2a 0a
INFO - 87 c6 89 20 40 28 06 01
INFO - 87 c6 c9 40 40 23 f0 00
INFO - 87 c8 c9 08 40 28 2a 12
INFO - 87 c8 09 20 40 28 06 01
INFO - 87 c8 49 40 40 20 00 01
INFO - 87 ca 49 08 40 28 4a 14
INFO - 87 ca 89 20 40 28 06 01
INFO - 87 ca c9 40 40 20 04 fc
INFO - 87 cc c9 08 40 28 52 14
INFO - 87 cc 09 20 40 28 06 01
INFO - 87 cc 49 40 40 23 f0 01
INFO - 87 ce 49 08 40 28 52 14
INFO - 87 ce 89 20 40 28 06 01
INFO - 87 ce c9 40 40 20 04 fc
INFO - 87 d0 c9 08 40 28 52 14
INFO - 87 d0 09 20 40 28 06 01
INFO - 87 d0 49 40 40 23 f0 fd
INFO - 87 d2 49 08 40 28 52 14
INFO - 87 d2 89 20 40 28 06 01
INFO - 87 d2 c9 40 40 23 f4 01
INFO - 87 d4 c9 08 40 28 52 14
INFO - 87 d4 09 20 40 28 06 01
INFO - 87 d4 49 40 40 20 04 fc
INFO - 87 d6 49 08 40 28 52 14
INFO - 87 d6 89 20 40 28 06 01
INFO - 87 d6 c9 40 40 23 f0 00
INFO - 87 d8 c9 08 40 28 52 14
INFO - 87 d8 09 20 40 28 06 01
INFO - 87 d8 49 40 40 20 00 01
INFO - 87 da 49 08 40 28 52 14
INFO - 87 da 89 20 40 28 06 03
INFO - 87 da c9 40 40 20 04 fc
INFO - 87 dc c9 08 40 28 52 14
INFO - 87 dc 09 20 40 28 0e 03
INFO - 87 dc 49 40 40 23 f0 01
INFO - 87 de 49 08 40 28 52 14
INFO - 87 de 89 20 40 28 0e 03
INFO - 87 de c9 40 40 20 04 fc
INFO - 87 e0 c9 08 40 28 52 14
INFO - 87 e0 09 20 40 28 0e 01
INFO - 87 e0 49 40 40 23 f0 fd
INFO - 87 e2 49 08 40 28 52 14
INFO - 87 e2 89 20 40 28 06 01
INFO - 87 e2 c9 40 40 23 f4 01
INFO - 87 e4 c9 08 40 28 52 14
INFO - 87 e4 09 20 40 28 06 01
INFO - 87 e4 49 40 40 20 04 fc
INFO - 87 e6 49 08 40 28 52 0c
INFO - 87 e6 89 20 40 28 06 01
INFO - 87 e6 c9 40 40 23 f0 00
INFO - 87 e8 c9 08 40 28 32 09
INFO - 87 e8 09 20 40 28 06 01
INFO - 87 e8 49 40 40 20 00 01
INFO - 87 ea 49 08 40 28 26 09
INFO - 87 ea 89 20 40 28 06 03
INFO - 87 ea c9 40 40 20 04 fc
INFO - 87 ec c9 08 40 28 26 09
INFO - 87 ec 09 20 40 28 0e 03
INFO - 87 ec 49 40 40 23 f0 01
INFO - 87 ee 49 08 40 28 26 09
INFO - 87 ee 89 20 40 28 0e 03
INFO - 87 ee c9 40 40 20 04 fc
INFO - 87 f0 c9 08 40 28 26 09
INFO - 87 f0 09 20 40 28 0e 01
INFO - 87 f0 49 40 40 23 f0 00
INFO - 87 f2 49 08 40 28 26 09
INFO - 87 f2 89 20 40 28 06 01
INFO - 87 f2 c9 40 40 20 00 01
INFO - 87 f4 c9 08 40 28 26 09
INFO - 87 f4 09 20 40 28 06 01
INFO - 87 f4 49 40 40 20 04 fc
INFO - 87 f6 49 08 40 28 26 09
INFO - 87 f6 89 20 40 28 06 01
INFO - 87 f6 c9 40 40 23 f0 fd
INFO - 87 f8 c9 08 40 28 26 09
INFO - 87 f8 09 20 40 28 06 01
INFO - 87 f8 49 40 40 23 f4 01
INFO - 87 fa 49 08 40 28 26 09
INFO - 87 fa 89 20 40 28 06 01
INFO - 87 fa c9 40 40 20 04 fc
INFO - 87 fc c9 08 40 28 26 09
INFO - 87 fc 09 20 40 28 06 01
INFO - 87 fc 49 40 40 23 f0 01
INFO - 87 fe 49 08 40 28 26 09
INFO - 87 fe 89 20 40 28 06 01
INFO - 87 fe c9 40 40 20 04 fc
INFO - 88 00 c9 08 40 28 26 09
INFO - 88 00 09 20 40 28 06 01
INFO - 88 00 49 40 40 23 f0 fd
INFO - 88 02 49 08 40 28 26 09
INFO - 88 02 89 20 40 28 06 01
INFO - 88 02 c9 40 40 23 f4 01
INFO - 88 04 c9 08 40 28 25 ec
INFO - 88 04 09 20 40 28 06 01
INFO - 88 04 49 40 40 20 04 fc
INFO - 88 06 49 08 40 27 b1 e2
INFO - 88 06 89 20 40 28 06 01
INFO - 88 06 c9 40 40 23 f0 00
INFO - 88 08 c9 08 40 27 89 e2
INFO - 88 08 09 20 40 28 06 01
INFO - 88 08 49 40 40 20 00 01
INFO - 88 0a 49 08 40 27 89 e2
INFO - 88 0a 89 20 40 28 06 01
INFO - 88 0a c9 40 40 20 04 fc
INFO - 88 0c c9 08 40 27 89 e2
INFO - 88 0c 09 20 40 28 06 01
INFO - 88 0c 49 40 40 23 f0 01
INFO - 88 0e 49 08 40 27 89 e2
INFO - 88 0e 89 20 40 28 06 01
INFO - 88 0e c9 40 40 20 04 fc
INFO - 88 10 c9 08 40 27 89 e2
INFO - 88 10 09 20 40 28 06 01
INFO - 88 10 49 40 40 23 f0 fd
INFO - 88 12 49 08 40 27 89 e2
INFO - 88 12 89 20 40 28 06 01
INFO - 88 12 c9 40 40 23 f4 01
INFO - 88 14 c9 08 40 27 89 e2
INFO - 88 14 09 20 40 28 06 01
INFO - 88 14 49 40 40 20 04 fc
INFO - 88 16 49 08 40 27 89 e2
INFO - 88 16 89 20 40 28 06 01
INFO - 88 16 c9 40 40 23 f0 00
INFO - 88 18 c9 08 40 27 89 e2
INFO - 88 18 09 20 40 28 06 01
INFO - 88 18 49 40 40 20 00 01
INFO - 88 1a 49 08 40 27 89 e2
INFO - 88 1a 89 20 40 28 06 01
INFO - 88 1a c9 40 40 20 04 fc
INFO - 88 1c c9 08 40 27 89 e2
INFO - 88 1c 09 20 40 28 06 01
INFO - 88 1c 49 40 40 23 f0 01
INFO - 88 1e 49 08 40 27 89 e2
INFO - 88 1e 89 20 40 28 06 01
INFO - 88 1e c9 40 40 20 04 fc
INFO - 88 20 c9 08 40 27 89 e2
INFO - 88 20 09 20 40 28 05 ff
INFO - 88 20 49 40 40 23 f0 00
INFO - 88 22 49 08 40 27 89 c0
INFO - 88 22 89 20 40 27 fd ff
INFO - 88 22 c9 40 40 20 00 01
INFO - 88 24 c9 08 40 27 01 b9
INFO - 88 24 09 20 40 27 fd ff
INFO - 88 24 49 40 40 20 04 fc
INFO - 88 26 49 08 40 26 e5 b9
INFO - 88 26 89 20 40 27 fd ff
INFO - 88 26 c9 40 40 23 f0 00
INFO - 88 28 c9 08 40 26 e5 b9
INFO - 88 28 09 20 40 27 fd ff
INFO - 88 28 49 40 40 20 00 01
INFO - 88 2a 49 08 40 26 e5 b9
INFO - 88 2a 89 20 40 27 fd ff
INFO - 88 2a c9 40 40 20 04 fc
INFO - 88 2c c9 08 40 26 e5 b9
INFO - 88 2c 09 20 40 27 fd ff
INFO - 88 2c 49 40 40 23 f0 00
INFO - 88 2e 49 08 40 26 e5 b9
INFO - 88 2e 89 20 40 27 fd ff
INFO - 88 2e c9 40 40 20 00 01
INFO - 88 30 c9 08 40 26 e5 b9
INFO - 88 30 09 20 40 27 fe 01
INFO - 88 30 49 40 40 20 04 fc
INFO - 88 32 49 08 40 26 e5 b9
INFO - 88 32 89 20 40 28 05 ff
INFO - 88 32 c9 40 40 23 f0 00
INFO - 88 34 c9 08 40 26 e5 b9
INFO - 88 34 09 20 40 27 fd ff
INFO - 88 34 49 40 40 20 00 01
INFO - 88 36 49 08 40 26 e5 b9
INFO - 88 36 89 20 40 27 fd ff
INFO - 88 36 c9 40 40 20 04 fc
INFO - 88 38 c9 08 40 26 e5 b9
INFO - 88 38 09 20 40 27 fd ff
INFO - 88 38 49 40 40 23 f0 fd
INFO - 88 3a 49 08 40 26 e5 b9
INFO - 88 3a 89 20 40 27 fd ff
INFO - 88 3a c9 40 40 23 f4 01
INFO - 88 3c c9 08 40 26 e5 b9
INFO - 88 3c 09 20 40 27 fd ff
INFO - 88 3c 49 40 40 20 04 fc
INFO - 88 3e 49 08 40 26 e5 b9
INFO - 88 3e 89 20 40 27 fd ff
INFO - 88 3e c9 40 40 23 f0 fd
INFO - 88 40 c9 08 40 26 e6 14
INFO - 88 40 09 20 40 27 fd ff
INFO - 88 40 49 40 40 23 f4 01
INFO - 88 42 49 08 40 28 52 47
INFO - 88 42 89 20 40 27 fd ff
INFO - 88 42 c9 40 40 20 04 fc
INFO - 88 44 c9 08 40 29 1e 47
INFO - 88 44 09 20 40 27 fd ff
INFO - 88 44 49 40 40 23 f0 01
INFO - 88 46 49 08 40 29 1e 47
INFO - 88 46 89 20 40 27 fd ff
INFO - 88 46 c9 40 40 20 04 fc
INFO - 88 48 c9 08 40 29 1e 47
INFO - 88 48 09 20 40 27 fd ff
INFO - 88 48 49 40 40 23 f0 01
INFO - 88 4a 49 08 40 29 1e 47
INFO - 88 4a 89 20 40 27 fe 01
INFO - 88 4a c9 40 40 20 04 fc
INFO - 88 4c c9 08 40 29 1e 47
INFO - 88 4c 09 20 40 28 06 01
INFO - 88 4c 49 40 40 23 f0 00
INFO - 88 4e 49 08 40 29 1e 47
INFO - 88 4e 89 20 40 28 06 01
INFO - 88 4e c9 40 40 20 00 01
INFO - 88 50 c9 08 40 29 1e 47
INFO - 88 50 09 20 40 28 05 ff
INFO - 88 50 49 40 40 20 04 fc
INFO - 88 52 49 08 40 29 1e 47
INFO - 88 52 89 20 40 27 fd ff
INFO - 88 52 c9 40 40 23 f0 01
INFO - 88 54 c9 08 40 29 1e 47
INFO - 88 54 09 20 40 27 fd ff
INFO - 88 54 49 40 40 20 04 fc
INFO - 88 56 49 08 40 29 1e 47
INFO - 88 56 89 20 40 27 fd ff
INFO - 88 56 c9 40 40 23 f0 00
INFO - 88 58 c9 08 40 29 1e 47
INFO - 88 58 09 20 40 27 fd fd
INFO - 88 58 49 40 40 20 00 01
INFO - 88 5a 49 08 40 29 1e 47
INFO - 88 5a 89 20 40 27 f5 fd
INFO - 88 5a c9 40 40 20 04 fc
INFO - 88 5c c9 08 40 29 1e 47
INFO - 88 5c 09 20 40 27 f5 ff
INFO - 88 5c 49 40 40 23 f0 fd
INFO - 88 5e 49 08 40 29 1e 00
INFO - 88 5e 89 20 40 27 fd ff
INFO - 88 5e c9 40 40 23 f4 01
INFO - 88 60 c9 08 40 28 01 e6
INFO - 88 60 09 20 40 27 fd ff
INFO - 88 60 49 40 40 20 04 fc
INFO - 88 62 49 08 40 27 99 e6
INFO - 88 62 89 20 40 27 fe 01
INFO - 88 62 c9 40 40 23 f0 01
INFO - 88 64 c9 08 40 27 99 e6
INFO - 88 64 09 20 40 28 05 ff
INFO - 88 64 49 40 40 20 04 fc
INFO - 88 66 49 08 40 27 99 e6
INFO - 88 66 89 20 40 27 fd ff
INFO - 88 66 c9 40 40 23 f0 fd
INFO - 88 68 c9 08 40 27 99 e6
INFO - 88 68 09 20 40 27 fd ff
INFO - 88 68 49 40 40 23 f4 01
INFO - 88 6a 49 08 40 27 99 e6
INFO - 88 6a 89 20 40 27 fd ff
INFO - 88 6a c9 40 40 20 04 fc
INFO - 88 6c c9 08 40 27 99 e6
INFO - 88 6c 09 20 40 27 fd ff
INFO - 88 6c 49 40 40 23 f0 00
INFO - 88 6e 49 08 40 27 99 e6
INFO - 88 6e 89 20 40 27 fd ff
INFO - 88 6e c9 40 40 20 00 01
INFO - 88 70 c9 08 40 27 99 e6
INFO - 88 70 09 20 40 27 fd ff
INFO - 88 70 49 40 40 20 04 fc
INFO - 88 72 49 08 40 27 99 e6
INFO - 88 72 89 20 40 27 fe 01
INFO - 88 72 c9 40 40 23 f0 01
INFO - 88 74 c9 08 40 27 99 e6
INFO - 88 74 09 20 40 28 06 01
INFO - 88 74 49 40 40 20 04 fc
INFO - 88 76 49 08 40 27 99 e6
INFO - 88 76 89 20 40 28 05 ff
INFO - 88 76 c9 40 40 23 f0 00
INFO - 88 78 c9 08 40 27 99 e6
INFO - 88 78 09 20 40 27 fd ff
INFO - 88 78 49 40 40 20 00 01
INFO - 88 7a 49 08 40 27 99 e6
INFO - 88 7a 89 20 40 27 fd ff
INFO - 88 7a c9 40 40 20 04 fc
INFO - 88 7c c9 08 40 27 99 e6
INFO - 88 7c 09 20 40 27 fd ff
INFO - 88 7c 49 40 40 23 f0 00
INFO - 88 7e 49 08 40 27 9a 08
INFO - 88 7e 89 20 40 27 fd ff
INFO - 88 7e c9 40 40 20 00 01
INFO - 88 80 c9 08 40 28 22 18
INFO - 88 80 09 20 40 27 fd ff
INFO - 88 80 49 40 40 20 04 fc
INFO - 88 82 49 08 40 28 62 18
INFO - 88 82 89 20 40 27 fd ff
INFO - 88 82 c9 40 40 23 f0 fd
INFO - 88 84 c9 08 40 28 62 18
INFO - 88 84 09 20 40 27 fd ff
INFO - 88 84 49 40 40 23 f4 01
INFO - 88 86 49 08 40 28 62 18
INFO - 88 86 89 20 40 27 fd ff
INFO - 88 86 c9 40 40 20 04 fc
INFO - 88 88 c9 08 41 88 62 2f
INFO - 88 88 09 20 41 87 fd ff
INFO - 88 88 49 40 41 83 f0 00
