INFO - a0 00 89 08 b2 fd 49 d1
INFO - a0 00 c9 10 47 a8 7e 7c
INFO - a0 00 09 18 00 01 86 a0
INFO - a0 01 49 08 b2 fd 49 45
INFO - a0 01 89 10 47 a8 7e 93
INFO - a0 01 c9 18 00 01 86 a0
INFO - a0 03 09 08 b2 fd 48 75
INFO - a0 03 49 10 47 a8 7e ae
INFO - a0 03 89 18 00 01 86 a0
INFO - a0 05 c9 08 b2 fd 47 ac
INFO - a0 05 09 10 47 a8 7e cf
INFO - a0 05 49 18 00 01 86 a0
INFO - a0 07 89 08 b2 fd 46 dc
INFO - a0 07 c9 10 47 a8 7e f1
INFO - a0 07 09 18 00 01 86 a0
INFO - a0 09 49 08 b2 fd 46 13
INFO - a0 09 89 10 47 a8 7f 0c
INFO - a0 09 c9 18 00 01 86 a0
INFO - a0 0b 09 08 b2 fd 45 43
INFO - a0 0b 49 10 47 a8 7f 2d
INFO - a0 0b 89 18 00 01 86 a0
INFO - a0 0d c9 08 b2 fd 44 7a
INFO - a0 0d 09 10 47 a8 7f 48
INFO - a0 0d 49 18 00 01 86 a0
INFO - a0 0f 89 08 b2 fd 43 aa
INFO - a0 0f c9 10 47 a8 7f 69
INFO - a0 0f 09 18 00 01 86 a0
INFO - a0 11 49 08 b2 fd 42 da
INFO - a0 11 89 10 47 a8 7f 8b
INFO - a0 11 c9 18 00 01 86 a0
INFO - a0 11 09 08 b2 fd 42 b2
INFO - a0 11 49 10 47 a8 7f 92
INFO - a0 11 89 18 00 01 86 a0
INFO - a0 12 c9 08 b2 fd 42 76
INFO - a0 12 09 10 47 a8 7f 98
INFO - a0 12 49 18 00 01 86 a0
INFO - a0 12 89 08 b2 fd 42 76
INFO - a0 12 c9 10 47 a8 7f 98
INFO - a0 12 09 18 00 01 86 a0
INFO - a0 14 49 08 b2 fd 41 a6
INFO - a0 14 89 10 47 a8 7f ba
INFO - a0 14 c9 18 00 01 86 a0
INFO - a0 16 09 08 b2 fd 40 dd
INFO - a0 16 49 10 47 a8 7f d5
INFO - a0 16 89 18 00 01 86 a0
INFO - a0 18 c9 08 b2 fd 40 0d
INFO - a0 18 09 10 47 a8 7f f6
INFO - a0 18 49 18 00 01 86 a0
INFO - a0 1a 89 08 b2 fd 3f 44
INFO - a0 1a c9 10 47 a8 80 18
INFO - a0 1a 09 18 00 01 86 a0
INFO - a0 1c 49 08 b2 fd 3e 74
INFO - a0 1c 89 10 47 a8 80 33
INFO - a0 1c c9 18 00 01 86 a0
INFO - a0 1e 09 08 b2 fd 3d ab
INFO - a0 1e 49 10 47 a8 80 54
INFO - a0 1e 89 18 00 01 86 a0
INFO - a0 20 c9 08 b2 fd 3c db
INFO - a0 20 09 10 47 a8 80 6f
INFO - a0 20 49 18 00 01 86 a0
INFO - a0 22 89 08 b2 fd 3c 12
INFO - a0 22 c9 10 47 a8 80 90
INFO - a0 22 09 18 00 01 86 a0
INFO - a0 24 49 08 b2 fd 3b 42
INFO - a0 24 89 10 47 a8 80 b2
INFO - a0 24 c9 18 00 01 86 a0
INFO - a0 26 09 08 b2 fd 3a 79
INFO - a0 26 49 10 47 a8 80 cd
INFO - a0 26 89 18 00 01 86 a0
INFO - a0 28 c9 08 b2 fd 39 a9
INFO - a0 28 09 10 47 a8 80 ee
INFO - a0 28 49 18 00 01 86 a0
INFO - a0 2a 89 08 b2 fd 38 e0
INFO - a0 2a c9 10 47 a8 81 10
INFO - a0 2a 09 18 00 01 86 a0
INFO - a0 2c 49 08 b2 fd 38 10
INFO - a0 2c 89 10 47 a8 81 2b
INFO - a0 2c c9 18 00 01 86 a0
INFO - a0 2e 09 08 b2 fd 37 47
INFO - a0 2e 49 10 47 a8 81 4c
INFO - a0 2e 89 18 00 01 86 a0
INFO - a0 30 c9 08 b2 fd 36 77
INFO - a0 30 09 10 47 a8 81 67
INFO - a0 30 49 18 00 01 86 a0
INFO - a0 32 89 08 b2 fd 35 a7
INFO - a0 32 c9 10 47 a8 81 89
INFO - a0 32 09 18 00 01 86 a0
INFO - a0 34 49 08 b2 fd 34 de
INFO - a0 34 89 10 47 a8 81 aa
INFO - a0 34 c9 18 00 01 86 a0
INFO - a0 36 09 08 b2 fd 34 0e
INFO - a0 36 49 10 47 a8 81 c5
INFO - a0 36 89 18 00 01 86 a0
INFO - a0 38 c9 08 b2 fd 33 45
INFO - a0 38 09 10 47 a8 81 e6
INFO - a0 38 49 18 00 01 86 a0
INFO - a0 3a 89 08 b2 fd 32 75
INFO - a0 3a c9 10 47 a8 82 01
INFO - a0 3a 09 18 00 01 86 a0
INFO - a0 3c 49 08 b2 fd 31 a5
INFO - a0 3c 89 10 47 a8 82 23
INFO - a0 3c c9 18 00 01 86 a0
INFO - a0 3e 09 08 b2 fd 30 dc
INFO - a0 3e 49 10 47 a8 82 44
INFO - a0 3e 89 18 00 01 86 a0
INFO - a0 40 c9 08 b2 fd 30 0c
INFO - a0 40 09 10 47 a8 82 5f
INFO - a0 40 49 18 00 01 86 a0
INFO - a0 42 89 08 b2 fd 2f 43
INFO - a0 42 c9 10 47 a8 82 81
INFO - a0 42 09 18 00 01 86 a0
INFO - a0 44 49 08 b2 fd 2e 73
INFO - a0 44 89 10 47 a8 82 a2
INFO - a0 44 c9 18 00 01 86 a0
INFO - a0 46 09 08 b2 fd 2d aa
INFO - a0 46 49 10 47 a8 82 bd
INFO - a0 46 89 18 00 01 86 a0
INFO - a0 48 c9 08 b2 fd 2c da
INFO - a0 48 09 10 47 a8 82 df
INFO - a0 48 49 18 00 01 86 a0
INFO - a0 4a 89 08 b2 fd 2c 11
INFO - a0 4a c9 10 47 a8 82 f9
INFO - a0 4a 09 18 00 01 86 a0
INFO - a0 4c 49 08 b2 fd 2b 41
INFO - a0 4c 89 10 47 a8 83 1b
INFO - a0 4c c9 18 00 01 86 a0
INFO - a0 4e 09 08 b2 fd 2a 78
INFO - a0 4e 49 10 47 a8 83 3c
INFO - a0 4e 89 18 00 01 86 a0
INFO - a0 50 c9 08 b2 fd 29 a8
INFO - a0 50 09 10 47 a8 83 57
INFO - a0 50 49 18 00 01 86 a0
INFO - a0 52 89 08 b2 fd 28 df
INFO - a0 52 c9 10 47 a8 83 79
INFO - a0 52 09 18 00 01 86 a0
INFO - a0 54 49 08 b2 fd 28 0f
INFO - a0 54 89 10 47 a8 83 9a
INFO - a0 54 c9 18 00 01 86 a0
INFO - a0 56 09 08 b2 fd 27 46
INFO - a0 56 49 10 47 a8 83 b5
INFO - a0 56 89 18 00 01 86 a0
INFO - a0 58 c9 08 b2 fd 26 76
INFO - a0 58 09 10 47 a8 83 d7
INFO - a0 58 49 18 00 01 86 a0
INFO - a0 5a 89 08 b2 fd 25 ac
INFO - a0 5a c9 10 47 a8 83 f1
INFO - a0 5a 09 18 00 01 86 a0
INFO - a0 5c 49 08 b2 fd 24 dd
INFO - a0 5c 89 10 47 a8 84 13
INFO - a0 5c c9 18 00 01 86 a0
INFO - a0 5e 09 08 b2 fd 24 13
INFO - a0 5e 49 10 47 a8 84 35
INFO - a0 5e 89 18 00 01 86 a0
INFO - a0 60 c9 08 b2 fd 23 44
INFO - a0 60 09 10 47 a8 84 4f
INFO - a0 60 49 18 00 01 86 a0
INFO - a0 62 89 08 b2 fd 22 74
INFO - a0 62 c9 10 47 a8 84 71
INFO - a0 62 09 18 00 01 86 a0
INFO - a0 64 49 08 b2 fd 21 ab
INFO - a0 64 89 10 47 a8 84 92
INFO - a0 64 c9 18 00 01 86 a0
INFO - a0 66 09 08 b2 fd 20 e1
INFO - a0 66 49 10 47 a8 84 ad
INFO - a0 66 89 18 00 01 86 a0
INFO - a0 68 c9 08 b2 fd 20 12
INFO - a0 68 09 10 47 a8 84 cf
INFO - a0 68 49 18 00 01 86 a0
INFO - a0 6a 89 08 b2 fd 1f 48
INFO - a0 6a c9 10 47 a8 84 ea
INFO - a0 6a 09 18 00 01 86 a0
INFO - a0 6c 49 08 b2 fd 1e 78
INFO - a0 6c 89 10 47 a8 85 0b
INFO - a0 6c c9 18 00 01 86 a0
INFO - a0 6e 09 08 b2 fd 1d af
INFO - a0 6e 49 10 47 a8 85 2d
INFO - a0 6e 89 18 00 01 86 a0
INFO - a0 70 c9 08 b2 fd 1c df
INFO - a0 70 09 10 47 a8 85 47
INFO - a0 70 49 18 00 01 86 a0
INFO - a0 72 89 08 b2 fd 1c 16
INFO - a0 72 c9 10 47 a8 85 69
INFO - a0 72 09 18 00 01 86 a0
INFO - a0 74 49 08 b2 fd 1b 46
INFO - a0 74 89 10 47 a8 85 8a
INFO - a0 74 c9 18 00 01 86 a0
INFO - a0 76 09 08 b2 fd 1a 7d
INFO - a0 76 49 10 47 a8 85 a5
INFO - a0 76 89 18 00 01 86 a0
INFO - a0 78 c9 08 b2 fd 19 ad
INFO - a0 78 09 10 47 a8 85 c7
INFO - a0 78 49 18 00 01 86 a0
INFO - a0 7a 89 08 b2 fd 18 e4
INFO - a0 7a c9 10 47 a8 85 e2
INFO - a0 7a 09 18 00 01 86 a0
INFO - a0 7c 49 08 b2 fd 18 14
INFO - a0 7c 89 10 47 a8 86 03
INFO - a0 7c c9 18 00 01 86 a0
INFO - a0 7e 09 08 b2 fd 17 4b
INFO - a0 7e 49 10 47 a8 86 25
INFO - a0 7e 89 18 00 01 86 a0
INFO - a0 80 c9 08 b2 fd 16 7b
INFO - a0 80 09 10 47 a8 86 40
INFO - a0 80 49 18 00 01 86 a0
INFO - a0 82 89 08 b2 fd 15 b2
INFO - a0 82 c9 10 47 a8 86 61
INFO - a0 82 09 18 00 01 86 a0
INFO - a0 84 49 08 b2 fd 14 e2
INFO - a0 84 89 10 47 a8 86 83
INFO - a0 84 c9 18 00 01 86 a0
INFO - a0 86 09 08 b2 fd 14 19
INFO - a0 86 49 10 47 a8 86 9d
INFO - a0 86 89 18 00 01 86 a0
INFO - a0 88 c9 08 b2 fd 13 49
INFO - a0 88 09 10 47 a8 86 bf
INFO - a0 88 49 18 00 01 86 a0
INFO - a0 8a 89 08 b2 fd 12 79
INFO - a0 8a c9 10 47 a8 86 da
INFO - a0 8a 09 18 00 01 86 a0
INFO - a0 8c 49 08 b2 fd 11 b0
INFO - a0 8c 89 10 47 a8 86 fb
INFO - a0 8c c9 18 00 01 86 a0
INFO - a0 8e 09 08 b2 fd 10 e0
INFO - a0 8e 49 10 47 a8 87 1d
INFO - a0 8e 89 18 00 01 86 a0
INFO - a0 90 c9 08 b2 fd 10 17
INFO - a0 90 09 10 47 a8 87 38
INFO - a0 90 49 18 00 01 86 a0
INFO - a0 92 89 08 b2 fd 0f 47
INFO - a0 92 c9 10 47 a8 87 59
INFO - a0 92 09 18 00 01 86 a0
INFO - a0 94 49 08 b2 fd 0e 7e
INFO - a0 94 89 10 47 a8 87 7b
INFO - a0 94 c9 18 00 01 86 a0
INFO - a0 96 09 08 b2 fd 0d ae
INFO - a0 96 49 10 47 a8 87 96
INFO - a0 96 89 18 00 01 86 a0
INFO - a0 98 c9 08 b2 fd 0c e5
INFO - a0 98 09 10 47 a8 87 b7
INFO - a0 98 49 18 00 01 86 a0
INFO - a0 9a 89 08 b2 fd 0c 15
INFO - a0 9a c9 10 47 a8 87 d9
INFO - a0 9a 09 18 00 01 86 a0
INFO - a0 9c 49 08 b2 fd 0b 4c
INFO - a0 9c 89 10 47 a8 87 f3
INFO - a0 9c c9 18 00 01 86 a0
INFO - a0 9e 09 08 b2 fd 0a 7c
INFO - a0 9e 49 10 47 a8 88 15
INFO - a0 9e 89 18 00 01 86 a0
INFO - a0 a0 c9 08 b2 fd 09 b3
INFO - a0 a0 09 10 47 a8 88 30
INFO - a0 a0 49 18 00 01 86 a0
INFO - a0 a2 89 08 b2 fd 08 e3
INFO - a0 a2 c9 10 47 a8 88 51
INFO - a0 a2 09 18 00 01 86 a0
INFO - a0 a4 49 08 b2 fd 08 1a
INFO - a0 a4 89 10 47 a8 88 73
INFO - a0 a4 c9 18 00 01 86 a0
INFO - a0 a6 09 08 b2 fd 07 4a
INFO - a0 a6 49 10 47 a8 88 8e
INFO - a0 a6 89 18 00 01 86 a0
INFO - a0 a8 c9 08 b2 fd 06 81
INFO - a0 a8 09 10 47 a8 88 af
INFO - a0 a8 49 18 00 01 86 a0
INFO - a0 aa 89 08 b2 fd 05 b1
INFO - a0 aa c9 10 47 a8 88 d1
INFO - a0 aa 09 18 00 01 86 a0
INFO - a0 ac 49 08 b2 fd 04 e8
INFO - a0 ac 89 10 47 a8 88 ec
INFO - a0 ac c9 18 00 01 86 a0
INFO - a0 ae 09 08 b2 fd 04 18
INFO - a0 ae 49 10 47 a8 89 0d
INFO - a0 ae 89 18 00 01 86 a0
INFO - a0 b0 c9 08 b2 fd 03 48
INFO - a0 b0 09 10 47 a8 89 28
INFO - a0 b0 49 18 00 01 86 a0
INFO - a0 b2 89 08 b2 fd 02 7f
INFO - a0 b2 c9 10 47 a8 89 49
INFO - a0 b2 09 18 00 01 86 a0
INFO - a0 b4 49 08 b2 fd 01 af
INFO - a0 b4 89 10 47 a8 89 6b
INFO - a0 b4 c9 18 00 01 86 a0
INFO - a0 b6 09 08 b2 fd 00 e6
INFO - a0 b6 49 10 47 a8 89 86
INFO - a0 b6 89 18 00 01 86 a0
INFO - a0 b8 c9 08 b2 fd 00 16
INFO - a0 b8 09 10 47 a8 89 a7
INFO - a0 b8 49 18 00 01 86 a0
INFO - a0 ba 89 08 b2 fc ff 4d
INFO - a0 ba c9 10 47 a8 89 c9
INFO - a0 ba 09 18 00 01 86 a0
INFO - a0 bc 49 08 b2 fc fe 7d
INFO - a0 bc 89 10 47 a8 89 e4
INFO - a0 bc c9 18 00 01 86 a0
INFO - a0 be 09 08 b2 fc fd b4
INFO - a0 be 49 10 47 a8 8a 05
INFO - a0 be 89 18 00 01 86 a0
INFO - a0 c0 c9 08 b2 fc fc e4
INFO - a0 c0 09 10 47 a8 8a 20
INFO - a0 c0 49 18 00 01 86 a0
INFO - a0 c2 89 08 b2 fc fc 1b
INFO - a0 c2 c9 10 47 a8 8a 41
INFO - a0 c2 09 18 00 01 86 a0
INFO - a0 c4 49 08 b2 fc fb 4b
INFO - a0 c4 89 10 47 a8 8a 63
INFO - a0 c4 c9 18 00 01 86 a0
INFO - a0 c6 09 08 b2 fc fa 82
INFO - a0 c6 49 10 47 a8 8a 7e
INFO - a0 c6 89 18 00 01 86 a0
INFO - a0 c8 c9 08 b2 fc f9 b2
INFO - a0 c8 09 10 47 a8 8a 9f
INFO - a0 c8 49 18 00 01 86 a0
INFO - a0 ca 89 08 b2 fc f8 e9
INFO - a0 ca c9 10 47 a8 8a c1
INFO - a0 ca 09 18 00 01 86 a0
INFO - a0 cc 49 08 b2 fc f8 19
INFO - a0 cc 89 10 47 a8 8a dc
INFO - a0 cc c9 18 00 01 86 a0
INFO - a0 ce 09 08 b2 fc f7 50
INFO - a0 ce 49 10 47 a8 8a fd
INFO - a0 ce 89 18 00 01 86 a0
INFO - a0 d0 c9 08 b2 fc f6 80
INFO - a0 d0 09 10 47 a8 8b 18
INFO - a0 d0 49 18 00 01 86 a0
INFO - a0 d2 89 08 b2 fc f5 b7
INFO - a0 d2 c9 10 47 a8 8b 3a
INFO - a0 d2 09 18 00 01 86 a0
INFO - a0 d4 49 08 b2 fc f4 e7
INFO - a0 d4 89 10 47 a8 8b 5b
INFO - a0 d4 c9 18 00 01 86 a0
INFO - a0 d6 09 08 b2 fc f4 17
INFO - a0 d6 49 10 47 a8 8b 76
INFO - a0 d6 89 18 00 01 86 a0
INFO - a0 d7 c9 40 57 00 00 02
INFO - a0 d7 09 40 57 00 00 02
INFO - a0 d7 49 40 57 00 00 02
INFO - a0 d7 89 40 57 00 00 02
INFO - a0 d8 c9 08 b2 fc f3 4e
INFO - a0 d8 09 10 47 a8 8b 97
INFO - a0 d8 49 18 00 01 86 a0
INFO - a0 da 89 08 b2 fc f2 7e
INFO - a0 da c9 10 47 a8 8b b9
INFO - a0 da 09 18 00 01 86 a0
INFO - a0 dc 49 08 b2 fc f1 b5
INFO - a0 dc 89 10 47 a8 8b d4
INFO - a0 dc c9 18 00 01 86 a0
INFO - a0 de 09 08 b2 fc f0 e5
INFO - a0 de 49 10 47 a8 8b f5
INFO - a0 de 89 18 00 01 86 a0
INFO - a0 e0 c9 08 b2 fc f0 1c
INFO - a0 e0 09 10 47 a8 8c 10
INFO - a0 e0 49 18 00 01 86 a0
INFO - a0 e2 89 08 b2 fc ef 4c
INFO - a0 e2 c9 10 47 a8 8c 32
INFO - a0 e2 09 18 00 01 86 a0
INFO - a0 e4 49 08 b2 fc ee 83
INFO - a0 e4 89 10 47 a8 8c 53
INFO - a0 e4 c9 18 00 01 86 a0
INFO - a0 e6 09 08 b2 fc ed b3
INFO - a0 e6 49 10 47 a8 8c 6e
INFO - a0 e6 89 18 00 01 86 a0
INFO - a0 e8 c9 08 b2 fc ec ea
INFO - a0 e8 09 10 47 a8 8c 90
INFO - a0 e8 49 18 00 01 86 a0
INFO - a0 ea 89 08 b2 fc ec 1a
INFO - a0 ea c9 10 47 a8 8c b1
INFO - a0 ea 09 18 00 01 86 a0
INFO - a0 ec 49 08 b2 fc eb 4a
INFO - a0 ec 89 10 47 a8 8c cc
INFO - a0 ec c9 18 00 01 86 a0
INFO - a0 ee 09 08 b2 fc ea 81
INFO - a0 ee 49 10 47 a8 8c ed
INFO - a0 ee 89 18 00 01 86 a0
INFO - a0 f0 c9 08 b2 fc e9 b1
INFO - a0 f0 09 10 47 a8 8d 08
INFO - a0 f0 49 18 00 01 86 a0
INFO - a0 f2 89 08 b2 fc e8 e8
INFO - a0 f2 c9 10 47 a8 8d 2a
INFO - a0 f2 09 18 00 01 86 a0
INFO - a0 f4 49 08 b2 fc e8 18
INFO - a0 f4 89 10 47 a8 8d 4b
INFO - a0 f4 c9 18 00 01 86 a0
INFO - a0 f6 09 08 b2 fc e7 48
INFO - a0 f6 49 10 47 a8 8d 66
INFO - a0 f6 89 18 00 01 86 a0
INFO - a0 f8 c9 08 b2 fc e6 7f
INFO - a0 f8 09 10 47 a8 8d 88
INFO - a0 f8 49 18 00 01 86 a0
INFO - a0 fa 89 08 b2 fc e5 af
INFO - a0 fa c9 10 47 a8 8d a3
INFO - a0 fa 09 18 00 01 86 a0
INFO - a0 fc 49 08 b2 fc e4 e6
INFO - a0 fc 89 10 47 a8 8d c4
INFO - a0 fc c9 18 00 01 86 a0
INFO - a0 fe 09 08 b2 fc e4 16
INFO - a0 fe 49 10 47 a8 8d e6
INFO - a0 fe 89 18 00 01 86 a0
INFO - a1 00 c9 08 b2 fc e3 46
INFO - a1 00 09 10 47 a8 8e 00
INFO - a1 00 49 18 00 01 86 a0
INFO - a1 02 89 08 b2 fc e2 7d
INFO - a1 02 c9 10 47 a8 8e 22
INFO - a1 02 09 18 00 01 86 a0
INFO - a1 04 49 08 b2 fc e1 99
INFO - a1 04 89 10 47 a8 8e 43
INFO - a1 04 c9 18 00 01 86 a0
INFO - a1 04 09 08 b2 fc e1 99
INFO - a1 04 49 10 47 a8 8e 43
INFO - a1 04 89 18 00 01 86 a0
INFO - a1 54 c9 08 b2 fc c1 97
INFO - a1 54 09 10 47 a8 93 29
INFO - a1 54 49 18 00 01 86 a0
INFO - a1 54 89 08 b2 fc c1 97
INFO - a1 54 c9 10 47 a8 93 29
INFO - a1 54 09 18 00 01 86 a0
INFO - a1 56 49 08 b2 fc c0 c7
INFO - a1 56 89 10 47 a8 93 44
INFO - a1 56 c9 18 00 01 86 a0
INFO - a1 58 09 08 b2 fc bf fe
INFO - a1 58 49 10 47 a8 93 66
INFO - a1 58 89 18 00 01 86 a0
INFO - a1 5a c9 08 b2 fc bf 2e
INFO - a1 5a 09 10 47 a8 93 81
INFO - a1 5a 49 18 00 01 86 a0
INFO - a1 5c 89 08 b2 fc be 65
INFO - a1 5c c9 10 47 a8 93 a2
INFO - a1 5c 09 18 00 01 86 a0
INFO - a1 5e 49 08 b2 fc bd 95
INFO - a1 5e 89 10 47 a8 93 c4
INFO - a1 5e c9 18 00 01 86 a0
INFO - a1 60 09 08 b2 fc bc cc
INFO - a1 60 49 10 47 a8 93 de
INFO - a1 60 89 18 00 01 86 a0
INFO - a1 62 c9 08 b2 fc bb fc
INFO - a1 62 09 10 47 a8 94 00
INFO - a1 62 49 18 00 01 86 a0
INFO - a1 64 89 08 b2 fc bb 33
INFO - a1 64 c9 10 47 a8 94 1b
INFO - a1 64 09 18 00 01 86 a0
INFO - a1 66 49 08 b2 fc ba 63
INFO - a1 66 89 10 47 a8 94 3c
INFO - a1 66 c9 18 00 01 86 a0
INFO - a1 68 09 08 b2 fc b9 9a
INFO - a1 68 49 10 47 a8 94 5e
INFO - a1 68 89 18 00 01 86 a0
INFO - a1 6a c9 08 b2 fc b8 ca
INFO - a1 6a 09 10 47 a8 94 79
INFO - a1 6a 49 18 00 01 86 a0
INFO - a1 6c 89 08 b2 fc b7 fa
INFO - a1 6c c9 10 47 a8 94 9a
INFO - a1 6c 09 18 00 01 86 a0
INFO - a1 6e 49 08 b2 fc b7 31
INFO - a1 6e 89 10 47 a8 94 b5
INFO - a1 6e c9 18 00 01 86 a0
INFO - a1 70 09 08 b2 fc b6 61
INFO - a1 70 49 10 47 a8 94 d7
INFO - a1 70 89 18 00 01 86 a0
INFO - a1 72 c9 08 b2 fc b5 98
INFO - a1 72 09 10 47 a8 94 f8
INFO - a1 72 49 18 00 01 86 a0
INFO - a1 74 89 08 b2 fc b4 c8
INFO - a1 74 c9 10 47 a8 95 13
INFO - a1 74 09 18 00 01 86 a0
INFO - a1 76 49 08 b2 fc b3 ff
INFO - a1 76 89 10 47 a8 95 34
INFO - a1 76 c9 18 00 01 86 a0
INFO - a1 78 09 08 b2 fc b3 35
INFO - a1 78 49 10 47 a8 95 4f
INFO - a1 78 89 18 00 01 86 a0
INFO - a1 7a c9 08 b2 fc b2 65
INFO - a1 7a 09 10 47 a8 95 71
INFO - a1 7a 49 18 00 01 86 a0
INFO - a1 7c 89 08 b2 fc b1 9c
INFO - a1 7c c9 10 47 a8 95 92
INFO - a1 7c 09 18 00 01 86 a0
INFO - a1 7e 49 08 b2 fc b0 cc
INFO - a1 7e 89 10 47 a8 95 ad
INFO - a1 7e c9 18 00 01 86 a0
INFO - a1 80 09 08 b2 fc af fd
INFO - a1 80 49 10 47 a8 95 cf
INFO - a1 80 89 18 00 01 86 a0
INFO - a1 82 c9 08 b2 fc af 33
INFO - a1 82 09 10 47 a8 95 e9
INFO - a1 82 49 18 00 01 86 a0
INFO - a1 84 89 08 b2 fc ae 64
INFO - a1 84 c9 10 47 a8 96 0b
INFO - a1 84 09 18 00 01 86 a0
INFO - a1 86 49 08 b2 fc ad 9a
INFO - a1 86 89 10 47 a8 96 2d
INFO - a1 86 c9 18 00 01 86 a0
INFO - a1 88 09 08 b2 fc ac cb
INFO - a1 88 49 10 47 a8 96 47
INFO - a1 88 89 18 00 01 86 a0
INFO - a1 8a c9 08 b2 fc ac 01
INFO - a1 8a 09 10 47 a8 96 69
INFO - a1 8a 49 18 00 01 86 a0
INFO - a1 8c 89 08 b2 fc ab 38
INFO - a1 8c c9 10 47 a8 96 84
INFO - a1 8c 09 18 00 01 86 a0
INFO - a1 8e 49 08 b2 fc aa 6f
INFO - a1 8e 89 10 47 a8 96 a5
INFO - a1 8e c9 18 00 01 86 a0
INFO - a1 90 09 08 b2 fc a9 9f
INFO - a1 90 49 10 47 a8 96 c0
INFO - a1 90 89 18 00 01 86 a0
INFO - a1 92 c9 08 b2 fc a8 d6
INFO - a1 92 09 10 47 a8 96 e2
INFO - a1 92 49 18 00 01 86 a0
INFO - a1 94 89 08 b2 fc a8 0d
INFO - a1 94 c9 10 47 a8 97 03
INFO - a1 94 09 18 00 01 86 a0
INFO - a1 96 49 08 b2 fc a7 3d
INFO - a1 96 89 10 47 a8 97 1e
INFO - a1 96 c9 18 00 01 86 a0
INFO - a1 98 09 08 b2 fc a6 74
INFO - a1 98 49 10 47 a8 97 3f
INFO - a1 98 89 18 00 01 86 a0
INFO - a1 9a c9 08 b2 fc a5 ab
INFO - a1 9a 09 10 47 a8 97 5a
INFO - a1 9a 49 18 00 01 86 a0
INFO - a1 9c 89 08 b2 fc a4 db
INFO - a1 9c c9 10 47 a8 97 7c
INFO - a1 9c 09 18 00 01 86 a0
INFO - a1 9e 49 08 b2 fc a4 12
INFO - a1 9e 89 10 47 a8 97 97
INFO - a1 9e c9 18 00 01 86 a0
INFO - a1 a0 09 08 b2 fc a3 48
INFO - a1 a0 49 10 47 a8 97 b8
INFO - a1 a0 89 18 00 01 86 a0
INFO - a1 a2 c9 08 b2 fc a2 79
INFO - a1 a2 09 10 47 a8 97 da
INFO - a1 a2 49 18 00 01 86 a0
INFO - a1 a4 89 08 b2 fc a1 af
INFO - a1 a4 c9 10 47 a8 97 f4
INFO - a1 a4 09 18 00 01 86 a0
INFO - a1 a6 49 08 b2 fc a0 df
INFO - a1 a6 89 10 47 a8 98 16
INFO - a1 a6 c9 18 00 01 86 a0
INFO - a1 a8 09 08 b2 fc a0 16
INFO - a1 a8 49 10 47 a8 98 31
INFO - a1 a8 89 18 00 01 86 a0
INFO - a1 aa c9 08 b2 fc 9f 46
INFO - a1 aa 09 10 47 a8 98 52
INFO - a1 aa 49 18 00 01 86 a0
INFO - a1 ac 89 08 b2 fc 9e 7d
INFO - a1 ac c9 10 47 a8 98 6d
INFO - a1 ac 09 18 00 01 86 a0
INFO - a1 ae 49 08 b2 fc 9d ad
INFO - a1 ae 89 10 47 a8 98 8f
INFO - a1 ae c9 18 00 01 86 a0
INFO - a1 b0 09 08 b2 fc 9c e4
INFO - a1 b0 49 10 47 a8 98 b0
INFO - a1 b0 89 18 00 01 86 a0
INFO - a1 b2 c9 08 b2 fc 9c 14
INFO - a1 b2 09 10 47 a8 98 cb
INFO - a1 b2 49 18 00 01 86 a0
INFO - a1 b4 89 08 b2 fc 9b 4b
INFO - a1 b4 c9 10 47 a8 98 ed
INFO - a1 b4 09 18 00 01 86 a0
INFO - a1 b6 49 08 b2 fc 9a 7b
INFO - a1 b6 89 10 47 a8 99 07
INFO - a1 b6 c9 18 00 01 86 a0
INFO - a1 b8 09 08 b2 fc 99 b2
INFO - a1 b8 49 10 47 a8 99 29
INFO - a1 b8 89 18 00 01 86 a0
INFO - a1 ba c9 08 b2 fc 98 e2
INFO - a1 ba 09 10 47 a8 99 4a
INFO - a1 ba 49 18 00 01 86 a0
INFO - a1 bc 89 08 b2 fc 98 19
INFO - a1 bc c9 10 47 a8 99 65
INFO - a1 bc 09 18 00 01 86 a0
INFO - a1 be 49 08 b2 fc 97 49
INFO - a1 be 89 10 47 a8 99 87
INFO - a1 be c9 18 00 01 86 a0
INFO - a1 c0 09 08 b2 fc 96 79
INFO - a1 c0 49 10 47 a8 99 a8
INFO - a1 c0 89 18 00 01 86 a0
INFO - a1 c2 c9 08 b2 fc 95 aa
INFO - a1 c2 09 10 47 a8 99 c3
INFO - a1 c2 49 18 00 01 86 a0
INFO - a1 c4 89 08 b2 fc 94 e0
INFO - a1 c4 c9 10 47 a8 99 e5
INFO - a1 c4 09 18 00 01 86 a0
INFO - a1 c6 49 08 b2 fc 94 10
INFO - a1 c6 89 10 47 a8 9a 06
INFO - a1 c6 c9 18 00 01 86 a0
INFO - a1 c8 09 08 b2 fc 93 41
INFO - a1 c8 49 10 47 a8 9a 21
INFO - a1 c8 89 18 00 01 86 a0
INFO - a1 ca c9 08 b2 fc 92 71
INFO - a1 ca 09 10 47 a8 9a 43
INFO - a1 ca 49 18 00 01 86 a0
INFO - a1 cc 89 08 b2 fc 91 a1
INFO - a1 cc c9 10 47 a8 9a 64
INFO - a1 cc 09 18 00 01 86 a0
INFO - a1 ce 49 08 b2 fc 90 d8
INFO - a1 ce 89 10 47 a8 9a 7f
INFO - a1 ce c9 18 00 01 86 a0
INFO - a1 d0 09 08 b2 fc 90 08
INFO - a1 d0 49 10 47 a8 9a a0
INFO - a1 d0 89 18 00 01 86 a0
INFO - a1 d2 c9 08 b2 fc 8f 38
INFO - a1 d2 09 10 47 a8 9a c2
INFO - a1 d2 49 18 00 01 86 a0
INFO - a1 d4 89 08 b2 fc 8e 68
INFO - a1 d4 c9 10 47 a8 9a dd
INFO - a1 d4 09 18 00 01 86 a0
INFO - a1 d6 49 08 b2 fc 8d 98
INFO - a1 d6 89 10 47 a8 9a fe
INFO - a1 d6 c9 18 00 01 86 a0
INFO - a1 d8 09 08 b2 fc 8c ea
INFO - a1 d8 49 10 47 a8 9b 19
INFO - a1 d8 89 18 00 01 86 a0
INFO - a1 d8 c9 08 b2 fc 8c ea
INFO - a1 d8 09 10 47 a8 9b 19
INFO - a1 d8 49 18 00 01 86 a0
INFO - a1 e9 89 08 b2 fc 86 0d
INFO - a1 e9 c9 10 47 a8 9c 1f
INFO - a1 e9 09 18 00 01 86 a0
INFO - a1 e9 49 08 b2 fc 86 0d
INFO - a1 e9 89 10 47 a8 9c 1f
INFO - a1 e9 c9 18 00 01 86 a0
INFO - a1 f7 09 08 b2 fc 80 94
INFO - a1 f7 49 10 47 a8 9c f5
INFO - a1 f7 89 18 00 01 86 a0
INFO - a1 f7 c9 08 b2 fc 80 94
INFO - a1 f7 09 10 47 a8 9c f5
INFO - a1 f7 49 18 00 01 86 a0
INFO - a1 f9 89 08 b2 fc 7f c4
INFO - a1 f9 c9 10 47 a8 9d 17
INFO - a1 f9 09 18 00 01 86 a0
INFO - a1 fb 49 08 b2 fc 7e fb
INFO - a1 fb 89 10 47 a8 9d 32
INFO - a1 fb c9 18 00 01 86 a0
INFO - a1 fd 09 08 b2 fc 7e 4c
INFO - a1 fd 49 10 47 a8 9d 4c
INFO - a1 fd 89 18 00 01 86 a0
INFO - a1 ff c9 08 b2 fc 7d 83
INFO - a1 ff 09 10 47 a8 9d 6e
INFO - a1 ff 49 18 00 01 86 a0
INFO - a2 01 89 08 b2 fc 7c b3
INFO - a2 01 c9 10 47 a8 9d 8f
INFO - a2 01 09 18 00 01 86 a0
INFO - a2 03 49 08 b2 fc 7b ea
INFO - a2 03 89 10 47 a8 9d aa
INFO - a2 03 c9 18 00 01 86 a0
INFO - a2 03 09 08 b2 fc 7b a0
INFO - a2 03 49 10 47 a8 9d b8
INFO - a2 03 89 18 00 01 86 a0
INFO - a2 05 c9 08 b2 fc 7a d0
INFO - a2 05 09 10 47 a8 9d d3
INFO - a2 05 49 18 00 01 86 a0
INFO - a2 07 89 08 b2 fc 7a 07
INFO - a2 07 c9 10 47 a8 9d f4
INFO - a2 07 09 18 00 01 86 a0
INFO - a2 0a 49 08 b2 fc 79 16
INFO - a2 0a 89 10 47 a8 9e 16
INFO - a2 0a c9 18 00 01 86 a0
INFO - a2 0c 09 08 b2 fc 78 4d
INFO - a2 0c 49 10 47 a8 9e 37
INFO - a2 0c 89 18 00 01 86 a0
INFO - a2 0d c9 08 b2 fc 77 c0
INFO - a2 0d 09 10 47 a8 9e 4b
INFO - a2 0d 49 18 00 01 86 a0
INFO - a2 0d 89 08 b2 fc 77 c0
INFO - a2 0d c9 10 47 a8 9e 4b
INFO - a2 0d 09 18 00 01 86 a0
INFO - a2 0e 49 08 b2 fc 77 33
INFO - a2 0e 89 10 47 a8 9e 5f
INFO - a2 0e c9 18 00 01 86 a0
INFO - a2 0f 09 08 b2 fc 76 e3
INFO - a2 0f 49 10 47 a8 9e 6d
INFO - a2 0f 89 18 00 01 86 a0
INFO - a2 11 c9 08 b2 fc 76 13
INFO - a2 11 09 10 47 a8 9e 88
INFO - a2 11 49 18 00 01 86 a0
INFO - a2 13 89 08 b2 fc 75 4a
INFO - a2 13 c9 10 47 a8 9e a9
INFO - a2 13 09 18 00 01 86 a0
INFO - a2 15 49 08 b2 fc 74 7a
INFO - a2 15 89 10 47 a8 9e cb
INFO - a2 15 c9 18 00 01 86 a0
INFO - a2 17 09 08 b2 fc 73 b0
INFO - a2 17 49 10 47 a8 9e e5
INFO - a2 17 89 18 00 01 86 a0
INFO - a2 19 c9 08 b2 fc 72 e7
INFO - a2 19 09 10 47 a8 9f 07
INFO - a2 19 49 18 00 01 86 a0
INFO - a2 1b 89 08 b2 fc 72 17
INFO - a2 1b c9 10 47 a8 9f 28
INFO - a2 1b 09 18 00 01 86 a0
INFO - a2 1d 49 08 b2 fc 71 4e
INFO - a2 1d 89 10 47 a8 9f 43
INFO - a2 1d c9 18 00 01 86 a0
INFO - a2 1f 09 08 b2 fc 70 7e
INFO - a2 1f 49 10 47 a8 9f 65
INFO - a2 1f 89 18 00 01 86 a0
INFO - a2 21 c9 08 b2 fc 6f af
INFO - a2 21 09 10 47 a8 9f 86
INFO - a2 21 49 18 00 01 86 a0
INFO - a2 23 89 08 b2 fc 6e e5
INFO - a2 23 c9 10 47 a8 9f a1
INFO - a2 23 09 18 00 01 86 a0
INFO - a2 25 49 08 b2 fc 6e 15
INFO - a2 25 89 10 47 a8 9f c3
INFO - a2 25 c9 18 00 01 86 a0
INFO - a2 27 09 08 b2 fc 6d 4c
INFO - a2 27 49 10 47 a8 9f e4
INFO - a2 27 89 18 00 01 86 a0
INFO - a2 29 c9 08 b2 fc 6c 7c
INFO - a2 29 09 10 47 a8 9f ff
INFO - a2 29 49 18 00 01 86 a0
INFO - a2 2b 89 08 b2 fc 6b b3
INFO - a2 2b c9 10 47 a8 a0 21
INFO - a2 2b 09 18 00 01 86 a0
INFO - a2 2d 49 08 b2 fc 6a e3
INFO - a2 2d 89 10 47 a8 a0 3b
INFO - a2 2d c9 18 00 01 86 a0
INFO - a2 2f 09 08 b2 fc 6a 1a
INFO - a2 2f 49 10 47 a8 a0 5d
INFO - a2 2f 89 18 00 01 86 a0
INFO - a2 31 c9 08 b2 fc 69 4a
INFO - a2 31 09 10 47 a8 a0 7e
INFO - a2 31 49 18 00 01 86 a0
INFO - a2 33 89 08 b2 fc 68 81
INFO - a2 33 c9 10 47 a8 a0 99
INFO - a2 33 09 18 00 01 86 a0
INFO - a2 35 49 08 b2 fc 67 b1
INFO - a2 35 89 10 47 a8 a0 bb
INFO - a2 35 c9 18 00 01 86 a0
INFO - a2 37 09 08 b2 fc 66 e8
INFO - a2 37 49 10 47 a8 a0 dc
INFO - a2 37 89 18 00 01 86 a0
INFO - a2 39 c9 08 b2 fc 66 18
INFO - a2 39 09 10 47 a8 a0 f7
INFO - a2 39 49 18 00 01 86 a0
INFO - a2 3b 89 08 b2 fc 65 4f
INFO - a2 3b c9 10 47 a8 a1 19
INFO - a2 3b 09 18 00 01 86 a0
INFO - a2 3d 49 08 b2 fc 64 7f
INFO - a2 3d 89 10 47 a8 a1 3a
INFO - a2 3d c9 18 00 01 86 a0
INFO - a2 3f 09 08 b2 fc 63 b6
INFO - a2 3f 49 10 47 a8 a1 55
INFO - a2 3f 89 18 00 01 86 a0
INFO - a2 41 c9 08 b2 fc 62 e6
INFO - a2 41 09 10 47 a8 a1 77
INFO - a2 41 49 18 00 01 86 a0
INFO - a2 43 89 08 b2 fc 62 1d
INFO - a2 43 c9 10 47 a8 a1 98
INFO - a2 43 09 18 00 01 86 a0
INFO - a2 45 49 08 b2 fc 61 4d
INFO - a2 45 89 10 47 a8 a1 b3
INFO - a2 45 c9 18 00 01 86 a0
INFO - a2 47 09 08 b2 fc 60 84
INFO - a2 47 49 10 47 a8 a1 d4
INFO - a2 47 89 18 00 01 86 a0
INFO - a2 49 c9 08 b2 fc 5f b4
INFO - a2 49 09 10 47 a8 a1 f6
INFO - a2 49 49 18 00 01 86 a0
INFO - a2 4b 89 08 b2 fc 5e eb
INFO - a2 4b c9 10 47 a8 a2 11
INFO - a2 4b 09 18 00 01 86 a0
INFO - a2 4d 49 08 b2 fc 5e 1b
INFO - a2 4d 89 10 47 a8 a2 32
INFO - a2 4d c9 18 00 01 86 a0
INFO - a2 4f 09 08 b2 fc 5d 52
INFO - a2 4f 49 10 47 a8 a2 54
INFO - a2 4f 89 18 00 01 86 a0
INFO - a2 51 c9 08 b2 fc 5c 82
INFO - a2 51 09 10 47 a8 a2 6f
INFO - a2 51 49 18 00 01 86 a0
INFO - a2 53 89 08 b2 fc 5b b9
INFO - a2 53 c9 10 47 a8 a2 90
INFO - a2 53 09 18 00 01 86 a0
INFO - a2 55 49 08 b2 fc 5a e9
INFO - a2 55 89 10 47 a8 a2 ab
INFO - a2 55 c9 18 00 01 86 a0
INFO - a2 57 09 08 b2 fc 5a 20
INFO - a2 57 49 10 47 a8 a2 cd
INFO - a2 57 89 18 00 01 86 a0
INFO - a2 59 c9 08 b2 fc 59 50
INFO - a2 59 09 10 47 a8 a2 e7
INFO - a2 59 49 18 00 01 86 a0
INFO - a2 5b 89 08 b2 fc 58 87
INFO - a2 5b c9 10 47 a8 a3 09
INFO - a2 5b 09 18 00 01 86 a0
INFO - a2 5d 49 08 b2 fc 57 b7
INFO - a2 5d 89 10 47 a8 a3 2a
INFO - a2 5d c9 18 00 01 86 a0
INFO - a2 5f 09 08 b2 fc 56 ee
INFO - a2 5f 49 10 47 a8 a3 45
INFO - a2 5f 89 18 00 01 86 a0
INFO - a2 61 c9 08 b2 fc 56 1e
INFO - a2 61 09 10 47 a8 a3 67
INFO - a2 61 49 18 00 01 86 a0
INFO - a2 63 89 08 b2 fc 55 55
INFO - a2 63 c9 10 47 a8 a3 88
INFO - a2 63 09 18 00 01 86 a0
INFO - a2 65 49 08 b2 fc 54 85
INFO - a2 65 89 10 47 a8 a3 a3
INFO - a2 65 c9 18 00 01 86 a0
INFO - a2 67 09 08 b2 fc 53 b5
INFO - a2 67 49 10 47 a8 a3 c5
INFO - a2 67 89 18 00 01 86 a0
INFO - a2 69 c9 08 b2 fc 52 ec
INFO - a2 69 09 10 47 a8 a3 df
INFO - a2 69 49 18 00 01 86 a0
INFO - a2 6b 89 08 b2 fc 52 1c
INFO - a2 6b c9 10 47 a8 a4 01
INFO - a2 6b 09 18 00 01 86 a0
INFO - a2 6d 49 08 b2 fc 51 53
INFO - a2 6d 89 10 47 a8 a4 23
INFO - a2 6d c9 18 00 01 86 a0
INFO - a2 6f 09 08 b2 fc 50 83
INFO - a2 6f 49 10 47 a8 a4 3d
INFO - a2 6f 89 18 00 01 86 a0
INFO - a2 71 c9 08 b2 fc 4f ba
INFO - a2 71 09 10 47 a8 a4 5f
INFO - a2 71 49 18 00 01 86 a0
INFO - a2 73 89 08 b2 fc 4e ea
INFO - a2 73 c9 10 47 a8 a4 80
INFO - a2 73 09 18 00 01 86 a0
INFO - a2 75 49 08 b2 fc 4e 21
INFO - a2 75 89 10 47 a8 a4 9b
INFO - a2 75 c9 18 00 01 86 a0
INFO - a2 77 09 08 b2 fc 4d 51
INFO - a2 77 49 10 47 a8 a4 bd
INFO - a2 77 89 18 00 01 86 a0
INFO - a2 79 c9 08 b2 fc 4c 88
INFO - a2 79 09 10 47 a8 a4 d8
INFO - a2 79 49 18 00 01 86 a0
INFO - a2 7b 89 08 b2 fc 4b b8
INFO - a2 7b c9 10 47 a8 a4 f9
INFO - a2 7b 09 18 00 01 86 a0
INFO - a2 7d 49 08 b2 fc 4a ef
INFO - a2 7d 89 10 47 a8 a5 1b
INFO - a2 7d c9 18 00 01 86 a0
INFO - a2 7f 09 08 b2 fc 4a 1f
INFO - a2 7f 49 10 47 a8 a5 35
INFO - a2 7f 89 18 00 01 86 a0
INFO - a2 81 c9 08 b2 fc 49 56
INFO - a2 81 09 10 47 a8 a5 57
INFO - a2 81 49 18 00 01 86 a0
INFO - a2 83 89 08 b2 fc 48 86
INFO - a2 83 c9 10 47 a8 a5 72
INFO - a2 83 09 18 00 01 86 a0
INFO - a2 85 49 08 b2 fc 47 bd
INFO - a2 85 89 10 47 a8 a5 93
INFO - a2 85 c9 18 00 01 86 a0
INFO - a2 87 09 08 b2 fc 46 ed
INFO - a2 87 49 10 47 a8 a5 ae
INFO - a2 87 89 18 00 01 86 a0
INFO - a2 89 c9 08 b2 fc 46 24
INFO - a2 89 09 10 47 a8 a5 d0
INFO - a2 89 49 18 00 01 86 a0
INFO - a2 8b 89 08 b2 fc 45 54
INFO - a2 8b c9 10 47 a8 a5 f1
INFO - a2 8b 09 18 00 01 86 a0
INFO - a2 8d 49 08 b2 fc 44 8b
INFO - a2 8d 89 10 47 a8 a6 0c
INFO - a2 8d c9 18 00 01 86 a0
INFO - a2 8f 09 08 b2 fc 43 bb
INFO - a2 8f 49 10 47 a8 a6 2e
INFO - a2 8f 89 18 00 01 86 a0
INFO - a2 91 c9 08 b2 fc 42 f1
INFO - a2 91 09 10 47 a8 a6 48
INFO - a2 91 49 18 00 01 86 a0
INFO - a2 93 89 08 b2 fc 42 22
INFO - a2 93 c9 10 47 a8 a6 6a
INFO - a2 93 09 18 00 01 86 a0
INFO - a2 95 49 08 b2 fc 41 58
INFO - a2 95 89 10 47 a8 a6 8b
INFO - a2 95 c9 18 00 01 86 a0
INFO - a2 97 09 08 b2 fc 40 89
INFO - a2 97 49 10 47 a8 a6 a6
INFO - a2 97 89 18 00 01 86 a0
INFO - a2 99 c9 08 b2 fc 3f bf
INFO - a2 99 09 10 47 a8 a6 c8
INFO - a2 99 49 18 00 01 86 a0
INFO - a2 9b 89 08 b2 fc 3e f0
INFO - a2 9b c9 10 47 a8 a6 e3
INFO - a2 9b 09 18 00 01 86 a0
INFO - a2 9d 49 08 b2 fc 3e 26
INFO - a2 9d 89 10 47 a8 a7 04
INFO - a2 9d c9 18 00 01 86 a0
INFO - a2 9f 09 08 b2 fc 3d 5d
INFO - a2 9f 49 10 47 a8 a7 26
INFO - a2 9f 89 18 00 01 86 a0
INFO - a2 a1 c9 08 b2 fc 3c 8d
INFO - a2 a1 09 10 47 a8 a7 41
INFO - a2 a1 49 18 00 01 86 a0
INFO - a2 a3 89 08 b2 fc 3b bd
INFO - a2 a3 c9 10 47 a8 a7 62
INFO - a2 a3 09 18 00 01 86 a0
INFO - a2 a5 49 08 b2 fc 3a f4
INFO - a2 a5 89 10 47 a8 a7 84
INFO - a2 a5 c9 18 00 01 86 a0
INFO - a2 a7 09 08 b2 fc 3a 24
INFO - a2 a7 49 10 47 a8 a7 9e
INFO - a2 a7 89 18 00 01 86 a0
INFO - a2 a8 c9 08 b2 fc 39 b2
INFO - a2 a8 09 10 47 a8 a7 b2
INFO - a2 a8 49 18 00 01 86 a0
INFO - a2 a8 89 08 b2 fc 39 b2
INFO - a2 a8 c9 10 47 a8 a7 b2
INFO - a2 a8 09 18 00 01 86 a0
INFO - a2 c4 49 08 b2 fc 2e 7c
INFO - a2 c4 89 10 47 a8 a9 66
INFO - a2 c4 c9 18 00 01 86 a0
INFO - a2 c6 09 08 b2 fc 2d b3
INFO - a2 c6 49 10 47 a8 a9 81
INFO - a2 c6 89 18 00 01 86 a0
INFO - a2 c8 c9 08 b2 fc 2c e3
INFO - a2 c8 09 10 47 a8 a9 a3
INFO - a2 c8 49 18 00 01 86 a0
INFO - a2 ca 89 08 b2 fc 2c 14
INFO - a2 ca c9 10 47 a8 a9 c4
INFO - a2 ca 09 18 00 01 86 a0
INFO - a2 cc 49 08 b2 fc 2b 4a
INFO - a2 cc 89 10 47 a8 a9 df
INFO - a2 cc c9 18 00 01 86 a0
INFO - a2 ce 09 08 b2 fc 2a 7b
INFO - a2 ce 49 10 47 a8 aa 01
INFO - a2 ce 89 18 00 01 86 a0
INFO - a2 d0 c9 08 b2 fc 29 b1
INFO - a2 d0 09 10 47 a8 aa 1b
INFO - a2 d0 49 18 00 01 86 a0
INFO - a2 d2 89 08 b2 fc 28 e1
INFO - a2 d2 c9 10 47 a8 aa 3d
INFO - a2 d2 09 18 00 01 86 a0
INFO - a2 d4 49 08 b2 fc 28 18
INFO - a2 d4 89 10 47 a8 aa 5e
INFO - a2 d4 c9 18 00 01 86 a0
INFO - a2 d6 09 08 b2 fc 27 48
INFO - a2 d6 49 10 47 a8 aa 79
INFO - a2 d6 89 18 00 01 86 a0
INFO - a2 d8 c9 08 b2 fc 26 7f
INFO - a2 d8 09 10 47 a8 aa 9b
INFO - a2 d8 49 18 00 01 86 a0
INFO - a2 da 89 08 b2 fc 25 af
INFO - a2 da c9 10 47 a8 aa b6
INFO - a2 da 09 18 00 01 86 a0
INFO - a2 dc 49 08 b2 fc 24 e6
INFO - a2 dc 89 10 47 a8 aa d7
INFO - a2 dc c9 18 00 01 86 a0
INFO - a2 de 09 08 b2 fc 24 16
INFO - a2 de 49 10 47 a8 aa f9
INFO - a2 de 89 18 00 01 86 a0
INFO - a2 e0 c9 08 b2 fc 23 4d
INFO - a2 e0 09 10 47 a8 ab 14
INFO - a2 e0 49 18 00 01 86 a0
INFO - a2 e2 89 08 b2 fc 22 7d
INFO - a2 e2 c9 10 47 a8 ab 35
INFO - a2 e2 09 18 00 01 86 a0
INFO - a2 e4 49 08 b2 fc 21 b4
INFO - a2 e4 89 10 47 a8 ab 50
INFO - a2 e4 c9 18 00 01 86 a0
INFO - a2 e6 09 08 b2 fc 20 e4
INFO - a2 e6 49 10 47 a8 ab 71
INFO - a2 e6 89 18 00 01 86 a0
INFO - a2 e8 c9 08 b2 fc 20 14
INFO - a2 e8 09 10 47 a8 ab 93
INFO - a2 e8 49 18 00 01 86 a0
INFO - a2 ea 89 08 b2 fc 1f 4b
INFO - a2 ea c9 10 47 a8 ab ae
INFO - a2 ea 09 18 00 01 86 a0
INFO - a2 ec 49 08 b2 fc 1e 7b
INFO - a2 ec 89 10 47 a8 ab cf
INFO - a2 ec c9 18 00 01 86 a0
INFO - a2 ee 09 08 b2 fc 1d b2
INFO - a2 ee 49 10 47 a8 ab ea
INFO - a2 ee 89 18 00 01 86 a0
INFO - a2 f0 c9 08 b2 fc 1c e2
INFO - a2 f0 09 10 47 a8 ac 0c
INFO - a2 f0 49 18 00 01 86 a0
INFO - a2 f2 89 08 b2 fc 1c 19
INFO - a2 f2 c9 10 47 a8 ac 2d
INFO - a2 f2 09 18 00 01 86 a0
INFO - a2 f4 49 08 b2 fc 1b 49
INFO - a2 f4 89 10 47 a8 ac 48
INFO - a2 f4 c9 18 00 01 86 a0
INFO - a2 f6 09 08 b2 fc 1a 80
INFO - a2 f6 49 10 47 a8 ac 69
INFO - a2 f6 89 18 00 01 86 a0
INFO - a2 f8 c9 08 b2 fc 19 b0
INFO - a2 f8 09 10 47 a8 ac 8b
INFO - a2 f8 49 18 00 01 86 a0
INFO - a2 fa 89 08 b2 fc 18 e7
INFO - a2 fa c9 10 47 a8 ac a6
INFO - a2 fa 09 18 00 01 86 a0
INFO - a2 fc 49 08 b2 fc 18 17
INFO - a2 fc 89 10 47 a8 ac c7
INFO - a2 fc c9 18 00 01 86 a0
INFO - a2 fe 09 08 b2 fc 17 4e
INFO - a2 fe 49 10 47 a8 ac e2
INFO - a2 fe 89 18 00 01 86 a0
INFO - a3 00 c9 08 b2 fc 16 7e
INFO - a3 00 09 10 47 a8 ad 04
INFO - a3 00 49 18 00 01 86 a0
INFO - a3 02 89 08 b2 fc 15 ae
INFO - a3 02 c9 10 47 a8 ad 25
INFO - a3 02 09 18 00 01 86 a0
INFO - a3 04 49 08 b2 fc 14 e5
INFO - a3 04 89 10 47 a8 ad 40
INFO - a3 04 c9 18 00 01 86 a0
INFO - a3 06 09 08 b2 fc 14 15
INFO - a3 06 49 10 47 a8 ad 62
INFO - a3 06 89 18 00 01 86 a0
INFO - a3 08 c9 08 b2 fc 13 4c
INFO - a3 08 09 10 47 a8 ad 7c
INFO - a3 08 49 18 00 01 86 a0
INFO - a3 0a 89 08 b2 fc 12 7c
INFO - a3 0a c9 10 47 a8 ad 9e
INFO - a3 0a 09 18 00 01 86 a0
INFO - a3 0c 49 08 b2 fc 11 b3
INFO - a3 0c 89 10 47 a8 ad bf
INFO - a3 0c c9 18 00 01 86 a0
INFO - a3 0e 09 08 b2 fc 10 e3
INFO - a3 0e 49 10 47 a8 ad da
INFO - a3 0e 89 18 00 01 86 a0
INFO - a3 10 c9 08 b2 fc 10 1a
INFO - a3 10 09 10 47 a8 ad fc
INFO - a3 10 49 18 00 01 86 a0
INFO - a3 12 89 08 b2 fc 0f 4a
INFO - a3 12 c9 10 47 a8 ae 1d
INFO - a3 12 09 18 00 01 86 a0
INFO - a3 14 49 08 b2 fc 0e 81
INFO - a3 14 89 10 47 a8 ae 38
INFO - a3 14 c9 18 00 01 86 a0
INFO - a3 16 09 08 b2 fc 0d b1
INFO - a3 16 49 10 47 a8 ae 5a
INFO - a3 16 89 18 00 01 86 a0
INFO - a3 18 c9 08 b2 fc 0c e8
INFO - a3 18 09 10 47 a8 ae 7b
INFO - a3 18 49 18 00 01 86 a0
INFO - a3 1a 89 08 b2 fc 0c 18
INFO - a3 1a c9 10 47 a8 ae 96
INFO - a3 1a 09 18 00 01 86 a0
INFO - a3 1c 49 08 b2 fc 0b 4f
INFO - a3 1c 89 10 47 a8 ae b8
INFO - a3 1c c9 18 00 01 86 a0
INFO - a3 1e 09 08 b2 fc 0a 7f
INFO - a3 1e 49 10 47 a8 ae d2
INFO - a3 1e 89 18 00 01 86 a0
INFO - a3 20 c9 08 b2 fc 09 b6
INFO - a3 20 09 10 47 a8 ae f4
INFO - a3 20 49 18 00 01 86 a0
INFO - a3 22 89 08 b2 fc 08 e6
INFO - a3 22 c9 10 47 a8 af 15
INFO - a3 22 09 18 00 01 86 a0
INFO - a3 24 49 08 b2 fc 08 1d
INFO - a3 24 89 10 47 a8 af 30
INFO - a3 24 c9 18 00 01 86 a0
INFO - a3 26 09 08 b2 fc 07 4d
INFO - a3 26 49 10 47 a8 af 52
INFO - a3 26 89 18 00 01 86 a0
INFO - a3 28 c9 08 b2 fc 06 84
INFO - a3 28 09 10 47 a8 af 73
INFO - a3 28 49 18 00 01 86 a0
INFO - a3 2a 89 08 b2 fc 05 b4
INFO - a3 2a c9 10 47 a8 af 8e
INFO - a3 2a 09 18 00 01 86 a0
INFO - a3 2c 49 08 b2 fc 04 e4
INFO - a3 2c 89 10 47 a8 af b0
INFO - a3 2c c9 18 00 01 86 a0
INFO - a3 2e 09 08 b2 fc 04 1b
INFO - a3 2e 49 10 47 a8 af cb
INFO - a3 2e 89 18 00 01 86 a0
INFO - a3 30 c9 08 b2 fc 03 4b
INFO - a3 30 09 10 47 a8 af ec
INFO - a3 30 49 18 00 01 86 a0
INFO - a3 32 89 08 b2 fc 02 82
INFO - a3 32 c9 10 47 a8 b0 0e
INFO - a3 32 09 18 00 01 86 a0
INFO - a3 34 49 08 b2 fc 01 b2
INFO - a3 34 89 10 47 a8 b0 28
INFO - a3 34 c9 18 00 01 86 a0
INFO - a3 36 09 08 b2 fc 00 e9
INFO - a3 36 49 10 47 a8 b0 4a
INFO - a3 36 89 18 00 01 86 a0
INFO - a3 38 c9 08 b2 fc 00 19
INFO - a3 38 09 10 47 a8 b0 6b
INFO - a3 38 49 18 00 01 86 a0
INFO - a3 3a 89 08 b2 fb ff 50
INFO - a3 3a c9 10 47 a8 b0 86
INFO - a3 3a 09 18 00 01 86 a0
INFO - a3 3c 49 08 b2 fb fe 80
INFO - a3 3c 89 10 47 a8 b0 a8
INFO - a3 3c c9 18 00 01 86 a0
INFO - a3 3e 09 08 b2 fb fd b7
INFO - a3 3e 49 10 47 a8 b0 c9
INFO - a3 3e 89 18 00 01 86 a0
INFO - a3 40 c9 08 b2 fb fc e7
INFO - a3 40 09 10 47 a8 b0 e4
INFO - a3 40 49 18 00 01 86 a0
INFO - a3 42 89 08 b2 fb fc 17
INFO - a3 42 c9 10 47 a8 b1 06
INFO - a3 42 09 18 00 01 86 a0
INFO - a3 44 49 08 b2 fb fb 4e
INFO - a3 44 89 10 47 a8 b1 20
INFO - a3 44 c9 18 00 01 86 a0
INFO - a3 46 09 08 b2 fb fa 85
INFO - a3 46 49 10 47 a8 b1 42
INFO - a3 46 89 18 00 01 86 a0
INFO - a3 48 c9 08 b2 fb f9 b5
INFO - a3 48 09 10 47 a8 b1 64
INFO - a3 48 49 18 00 01 86 a0
INFO - a3 4a 89 08 b2 fb f8 e5
INFO - a3 4a c9 10 47 a8 b1 7e
INFO - a3 4a 09 18 00 01 86 a0
INFO - a3 4c 49 08 b2 fb f8 1c
INFO - a3 4c 89 10 47 a8 b1 a0
INFO - a3 4c c9 18 00 01 86 a0
INFO - a3 4e 09 08 b2 fb f7 4c
INFO - a3 4e 49 10 47 a8 b1 bb
INFO - a3 4e 89 18 00 01 86 a0
INFO - a3 50 c9 08 b2 fb f6 83
INFO - a3 50 09 10 47 a8 b1 dc
INFO - a3 50 49 18 00 01 86 a0
INFO - a3 52 89 08 b2 fb f5 b3
INFO - a3 52 c9 10 47 a8 b1 fe
INFO - a3 52 09 18 00 01 86 a0
INFO - a3 55 49 08 b2 fb f4 e3
INFO - a3 55 89 10 47 a8 b2 19
INFO - a3 55 c9 18 00 01 86 a0
INFO - a3 56 09 08 b2 fb f4 1a
INFO - a3 56 49 10 47 a8 b2 3a
INFO - a3 56 89 18 00 01 86 a0
INFO - a3 59 c9 08 b2 fb f3 4a
INFO - a3 59 09 10 47 a8 b2 5c
INFO - a3 59 49 18 00 01 86 a0
INFO - a3 5a 89 08 b2 fb f2 81
INFO - a3 5a c9 10 47 a8 b2 76
INFO - a3 5a 09 18 00 01 86 a0
INFO - a3 5d 49 08 b2 fb f1 b1
INFO - a3 5d 89 10 47 a8 b2 98
INFO - a3 5d c9 18 00 01 86 a0
INFO - a3 5e 09 08 b2 fb f0 e8
INFO - a3 5e 49 10 47 a8 b2 b3
INFO - a3 5e 89 18 00 01 86 a0
INFO - a3 61 c9 08 b2 fb f0 18
INFO - a3 61 09 10 47 a8 b2 d4
INFO - a3 61 49 18 00 01 86 a0
INFO - a3 63 89 08 b2 fb ef 48
INFO - a3 63 c9 10 47 a8 b2 f6
INFO - a3 63 09 18 00 01 86 a0
INFO - a3 64 49 08 b2 fb ee 7f
INFO - a3 64 89 10 47 a8 b3 11
INFO - a3 64 c9 18 00 01 86 a0
INFO - a3 66 09 08 b2 fb ed b6
INFO - a3 66 49 10 47 a8 b3 32
INFO - a3 66 89 18 00 01 86 a0
INFO - a3 69 c9 08 b2 fb ec e6
INFO - a3 69 09 10 47 a8 b3 54
INFO - a3 69 49 18 00 01 86 a0
INFO - a3 6a 89 08 b2 fb ec 1d
INFO - a3 6a c9 10 47 a8 b3 6f
INFO - a3 6a 09 18 00 01 86 a0
INFO - a3 6c 49 08 b2 fb eb 4d
INFO - a3 6c 89 10 47 a8 b3 90
INFO - a3 6c c9 18 00 01 86 a0
INFO - a3 6e 09 08 b2 fb ea 84
INFO - a3 6e 49 10 47 a8 b3 ab
INFO - a3 6e 89 18 00 01 86 a0
INFO - a3 70 c9 08 b2 fb e9 b4
INFO - a3 70 09 10 47 a8 b3 cc
INFO - a3 70 49 18 00 01 86 a0
INFO - a3 72 89 08 b2 fb e8 eb
INFO - a3 72 c9 10 47 a8 b3 ee
INFO - a3 72 09 18 00 01 86 a0
INFO - a3 74 49 08 b2 fb e8 1b
INFO - a3 74 89 10 47 a8 b4 09
INFO - a3 74 c9 18 00 01 86 a0
INFO - a3 76 09 08 b2 fb e7 52
INFO - a3 76 49 10 47 a8 b4 2a
INFO - a3 76 89 18 00 01 86 a0
INFO - a3 78 c9 08 b2 fb e6 82
INFO - a3 78 09 10 47 a8 b4 45
INFO - a3 78 49 18 00 01 86 a0
INFO - a3 7a 89 08 b2 fb e5 b9
INFO - a3 7a c9 10 47 a8 b4 67
INFO - a3 7a 09 18 00 01 86 a0
INFO - a3 7c 49 08 b2 fb e4 e9
INFO - a3 7c 89 10 47 a8 b4 88
INFO - a3 7c c9 18 00 01 86 a0
INFO - a3 7e 09 08 b2 fb e4 20
INFO - a3 7e 49 10 47 a8 b4 aa
INFO - a3 7e 89 18 00 01 86 a0
INFO - a3 80 c9 08 b2 fb e3 50
INFO - a3 80 09 10 47 a8 b4 c5
INFO - a3 80 49 18 00 01 86 a0
INFO - a3 82 89 08 b2 fb e2 86
INFO - a3 82 c9 10 47 a8 b4 e6
INFO - a3 82 09 18 00 01 86 a0
INFO - a3 84 49 08 b2 fb e1 b7
INFO - a3 84 89 10 47 a8 b5 01
INFO - a3 84 c9 18 00 01 86 a0
INFO - a3 86 09 08 b2 fb e0 ed
INFO - a3 86 49 10 47 a8 b5 22
INFO - a3 86 89 18 00 01 86 a0
INFO - a3 88 c9 08 b2 fb e0 1e
INFO - a3 88 09 10 47 a8 b5 44
INFO - a3 88 49 18 00 01 86 a0
INFO - a3 8a 89 08 b2 fb df 54
INFO - a3 8a c9 10 47 a8 b5 5f
INFO - a3 8a 09 18 00 01 86 a0
INFO - a3 8c 49 08 b2 fb de 85
INFO - a3 8c 89 10 47 a8 b5 80
INFO - a3 8c c9 18 00 01 86 a0
INFO - a3 8e 09 08 b2 fb dd bb
INFO - a3 8e 49 10 47 a8 b5 9b
INFO - a3 8e 89 18 00 01 86 a0
INFO - a3 90 c9 08 b2 fb dc eb
INFO - a3 90 09 10 47 a8 b5 bd
INFO - a3 90 49 18 00 01 86 a0
INFO - a3 93 89 08 b2 fb dc 1c
INFO - a3 93 c9 10 47 a8 b5 de
INFO - a3 93 09 18 00 01 86 a0
INFO - a3 94 49 08 b2 fb db 52
INFO - a3 94 89 10 47 a8 b5 f9
INFO - a3 94 c9 18 00 01 86 a0
INFO - a3 97 09 08 b2 fb da 83
INFO - a3 97 49 10 47 a8 b6 1b
INFO - a3 97 89 18 00 01 86 a0
INFO - a3 98 c9 08 b2 fb d9 b9
INFO - a3 98 09 10 47 a8 b6 3c
INFO - a3 98 49 18 00 01 86 a0
INFO - a3 9b 89 08 b2 fb d8 ea
INFO - a3 9b c9 10 47 a8 b6 57
INFO - a3 9b 09 18 00 01 86 a0
INFO - a3 9c 49 08 b2 fb d8 20
INFO - a3 9c 89 10 47 a8 b6 78
INFO - a3 9c c9 18 00 01 86 a0
INFO - a3 9e 09 08 b2 fb d7 51
INFO - a3 9e 49 10 47 a8 b6 93
INFO - a3 9e 89 18 00 01 86 a0
INFO - a3 a0 c9 08 b2 fb d6 87
INFO - a3 a0 09 10 47 a8 b6 b5
INFO - a3 a0 49 18 00 01 86 a0
INFO - a3 a3 89 08 b2 fb d5 b7
INFO - a3 a3 c9 10 47 a8 b6 d6
INFO - a3 a3 09 18 00 01 86 a0
INFO - a3 a5 49 08 b2 fb d4 e8
INFO - a3 a5 89 10 47 a8 b6 f1
INFO - a3 a5 c9 18 00 01 86 a0
INFO - a3 a7 09 08 b2 fb d4 1e
INFO - a3 a7 49 10 47 a8 b7 13
INFO - a3 a7 89 18 00 01 86 a0
INFO - a3 a9 c9 08 b2 fb d3 4f
INFO - a3 a9 09 10 47 a8 b7 2d
INFO - a3 a9 49 18 00 01 86 a0
INFO - a3 aa 89 08 b2 fb d2 85
INFO - a3 aa c9 10 47 a8 b7 4f
INFO - a3 aa 09 18 00 01 86 a0
INFO - a3 ad 49 08 b2 fb d1 b6
INFO - a3 ad 89 10 47 a8 b7 71
INFO - a3 ad c9 18 00 01 86 a0
INFO - a3 ae 09 08 b2 fb d0 ec
INFO - a3 ae 49 10 47 a8 b7 8b
INFO - a3 ae 89 18 00 01 86 a0
INFO - a3 b1 c9 08 b2 fb d0 1c
INFO - a3 b1 09 10 47 a8 b7 ad
INFO - a3 b1 49 18 00 01 86 a0
INFO - a3 b3 89 08 b2 fb cf 4d
INFO - a3 b3 c9 10 47 a8 b7 c8
INFO - a3 b3 09 18 00 01 86 a0
INFO - a3 b5 49 08 b2 fb ce 83
INFO - a3 b5 89 10 47 a8 b7 e9
INFO - a3 b5 c9 18 00 01 86 a0
INFO - a3 b7 09 08 b2 fb cd b4
INFO - a3 b7 49 10 47 a8 b8 0b
INFO - a3 b7 89 18 00 01 86 a0
INFO - a3 b9 c9 08 b2 fb cc ea
INFO - a3 b9 09 10 47 a8 b8 26
INFO - a3 b9 49 18 00 01 86 a0
INFO - a3 bb 89 08 b2 fb cc 1b
INFO - a3 bb c9 10 47 a8 b8 47
INFO - a3 bb 09 18 00 01 86 a0
INFO - a3 bd 49 08 b2 fb cb 51
INFO - a3 bd 89 10 47 a8 b8 69
INFO - a3 bd c9 18 00 01 86 a0
INFO - a3 bf 09 08 b2 fb ca 81
INFO - a3 bf 49 10 47 a8 b8 83
INFO - a3 bf 89 18 00 01 86 a0
INFO - a3 c1 c9 08 b2 fb c9 b8
INFO - a3 c1 09 10 47 a8 b8 a5
INFO - a3 c1 49 18 00 01 86 a0
INFO - a3 c3 89 08 b2 fb c8 e8
INFO - a3 c3 c9 10 47 a8 b8 c0
INFO - a3 c3 09 18 00 01 86 a0
INFO - a3 c5 49 08 b2 fb c8 1f
INFO - a3 c5 89 10 47 a8 b8 e1
INFO - a3 c5 c9 18 00 01 86 a0
INFO - a3 c7 09 08 b2 fb c7 4f
INFO - a3 c7 49 10 47 a8 b9 03
INFO - a3 c7 89 18 00 01 86 a0
INFO - a3 c9 c9 08 b2 fb c6 80
INFO - a3 c9 09 10 47 a8 b9 1e
INFO - a3 c9 49 18 00 01 86 a0
INFO - a3 cb 89 08 b2 fb c5 b6
INFO - a3 cb c9 10 47 a8 b9 3f
INFO - a3 cb 09 18 00 01 86 a0
INFO - a3 cd 49 08 b2 fb c4 e7
INFO - a3 cd 89 10 47 a8 b9 61
INFO - a3 cd c9 18 00 01 86 a0
INFO - a3 cf 09 08 b2 fb c4 1d
INFO - a3 cf 49 10 47 a8 b9 7c
INFO - a3 cf 89 18 00 01 86 a0
INFO - a3 d1 c9 08 b2 fb c3 4d
INFO - a3 d1 09 10 47 a8 b9 9d
INFO - a3 d1 49 18 00 01 86 a0
INFO - a3 d3 89 08 b2 fb c2 7e
INFO - a3 d3 c9 10 47 a8 b9 b8
INFO - a3 d3 09 18 00 01 86 a0
INFO - a3 d5 49 08 b2 fb c1 b4
INFO - a3 d5 89 10 47 a8 b9 d9
INFO - a3 d5 c9 18 00 01 86 a0
INFO - a3 d7 09 08 b2 fb c0 eb
INFO - a3 d7 49 10 47 a8 b9 fb
INFO - a3 d7 89 18 00 01 86 a0
INFO - a3 d9 c9 08 b2 fb c0 1b
INFO - a3 d9 09 10 47 a8 ba 16
INFO - a3 d9 49 18 00 01 86 a0
INFO - a3 db 89 08 b2 fb bf 52
INFO - a3 db c9 10 47 a8 ba 37
INFO - a3 db 09 18 00 01 86 a0
INFO - a3 dd 49 08 b2 fb be 82
INFO - a3 dd 89 10 47 a8 ba 59
INFO - a3 dd c9 18 00 01 86 a0
INFO - a3 df 09 08 b2 fb bd b9
INFO - a3 df 49 10 47 a8 ba 74
INFO - a3 df 89 18 00 01 86 a0
INFO - a3 e1 c9 08 b2 fb bc e9
INFO - a3 e1 09 10 47 a8 ba 95
INFO - a3 e1 49 18 00 01 86 a0
INFO - a3 e3 89 08 b2 fb bc 20
INFO - a3 e3 c9 10 47 a8 ba b0
INFO - a3 e3 09 18 00 01 86 a0
INFO - a3 e5 49 08 b2 fb bb 50
INFO - a3 e5 89 10 47 a8 ba d2
INFO - a3 e5 c9 18 00 01 86 a0
INFO - a3 e7 09 08 b2 fb ba 87
INFO - a3 e7 49 10 47 a8 ba f3
INFO - a3 e7 89 18 00 01 86 a0
INFO - a3 e9 c9 08 b2 fb b9 b7
INFO - a3 e9 09 10 47 a8 bb 0e
INFO - a3 e9 49 18 00 01 86 a0
INFO - a3 eb 89 08 b2 fb b8 ee
INFO - a3 eb c9 10 47 a8 bb 2f
INFO - a3 eb 09 18 00 01 86 a0
INFO - a3 ed 49 08 b2 fb b8 1e
INFO - a3 ed 89 10 47 a8 bb 51
INFO - a3 ed c9 18 00 01 86 a0
INFO - a3 ef 09 08 b2 fb b7 55
INFO - a3 ef 49 10 47 a8 bb 6c
INFO - a3 ef 89 18 00 01 86 a0
INFO - a3 f1 c9 08 b2 fb b6 85
INFO - a3 f1 09 10 47 a8 bb 8d
INFO - a3 f1 49 18 00 01 86 a0
INFO - a3 f3 89 08 b2 fb b5 bc
INFO - a3 f3 c9 10 47 a8 bb a8
INFO - a3 f3 09 18 00 01 86 a0
INFO - a3 f5 49 08 b2 fb b4 ec
INFO - a3 f5 89 10 47 a8 bb ca
INFO - a3 f5 c9 18 00 01 86 a0
INFO - a3 f7 09 08 b2 fb b4 23
INFO - a3 f7 49 10 47 a8 bb eb
INFO - a3 f7 89 18 00 01 86 a0
INFO - a3 f8 c9 08 b2 fb b3 5a
INFO - a3 f8 09 10 47 a8 bc 06
INFO - a3 f8 49 18 00 01 86 a0
INFO - a3 fb 89 08 b2 fb b2 8a
INFO - a3 fb c9 10 47 a8 bc 28
INFO - a3 fb 09 18 00 01 86 a0
INFO - a3 fc 49 08 b2 fb b1 c1
INFO - a3 fc 89 10 47 a8 bc 42
INFO - a3 fc c9 18 00 01 86 a0
INFO - a3 ff 09 08 b2 fb b0 f1
INFO - a3 ff 49 10 47 a8 bc 64
INFO - a3 ff 89 18 00 01 86 a0
INFO - a4 01 c9 08 b2 fb b0 21
INFO - a4 01 09 10 47 a8 bc 85
INFO - a4 01 49 18 00 01 86 a0
INFO - a4 03 89 08 b2 fb af 58
INFO - a4 03 c9 10 47 a8 bc a0
INFO - a4 03 09 18 00 01 86 a0
INFO - a4 05 49 08 b2 fb ae 88
INFO - a4 05 89 10 47 a8 bc c2
INFO - a4 05 c9 18 00 01 86 a0
INFO - a4 07 09 08 b2 fb ad bf
INFO - a4 07 49 10 47 a8 bc e3
INFO - a4 07 89 18 00 01 86 a0
INFO - a4 09 c9 08 b2 fb ac ef
INFO - a4 09 09 10 47 a8 bc fe
INFO - a4 09 49 18 00 01 86 a0
INFO - a4 0b 89 08 b2 fb ac 26
INFO - a4 0b c9 10 47 a8 bd 20
INFO - a4 0b 09 18 00 01 86 a0
INFO - a4 0d 49 08 b2 fb ab 56
INFO - a4 0d 89 10 47 a8 bd 3a
INFO - a4 0d c9 18 00 01 86 a0
INFO - a4 0f 09 08 b2 fb aa 8d
INFO - a4 0f 49 10 47 a8 bd 5c
INFO - a4 0f 89 18 00 01 86 a0
INFO - a4 11 c9 08 b2 fb a9 bd
INFO - a4 11 09 10 47 a8 bd 77
INFO - a4 11 49 18 00 01 86 a0
INFO - a4 12 89 08 b2 fb a8 f4
INFO - a4 12 c9 10 47 a8 bd 98
INFO - a4 12 09 18 00 01 86 a0
INFO - a4 15 49 08 b2 fb a8 24
INFO - a4 15 89 10 47 a8 bd b3
INFO - a4 15 c9 18 00 01 86 a0
INFO - a4 16 09 08 b2 fb a7 5b
INFO - a4 16 49 10 47 a8 bd d5
INFO - a4 16 89 18 00 01 86 a0
INFO - a4 19 c9 08 b2 fb a6 8b
INFO - a4 19 09 10 47 a8 bd f6
INFO - a4 19 49 18 00 01 86 a0
INFO - a4 1a 89 08 b2 fb a5 c2
INFO - a4 1a c9 10 47 a8 be 11
INFO - a4 1a 09 18 00 01 86 a0
INFO - a4 1d 49 08 b2 fb a4 f2
INFO - a4 1d 89 10 47 a8 be 33
INFO - a4 1d c9 18 00 01 86 a0
INFO - a4 1e 09 08 b2 fb a4 29
INFO - a4 1e 49 10 47 a8 be 4d
INFO - a4 1e 89 18 00 01 86 a0
INFO - a4 21 c9 08 b2 fb a3 59
INFO - a4 21 09 10 47 a8 be 6f
INFO - a4 21 49 18 00 01 86 a0
INFO - a4 22 89 08 b2 fb a2 90
INFO - a4 22 c9 10 47 a8 be 90
INFO - a4 22 09 18 00 01 86 a0
INFO - a4 25 49 08 b2 fb a1 c0
INFO - a4 25 89 10 47 a8 be ab
INFO - a4 25 c9 18 00 01 86 a0
INFO - a4 26 09 08 b2 fb a0 f7
INFO - a4 26 49 10 47 a8 be cd
INFO - a4 26 89 18 00 01 86 a0
INFO - a4 29 c9 08 b2 fb a0 27
INFO - a4 29 09 10 47 a8 be e8
INFO - a4 29 49 18 00 01 86 a0
INFO - a4 2a 89 08 b2 fb 9f 5e
INFO - a4 2a c9 10 47 a8 bf 09
INFO - a4 2a 09 18 00 01 86 a0
INFO - a4 2d 49 08 b2 fb 9e 8e
INFO - a4 2d 89 10 47 a8 bf 2b
INFO - a4 2d c9 18 00 01 86 a0
INFO - a4 2f 09 08 b2 fb 9d be
INFO - a4 2f 49 10 47 a8 bf 45
INFO - a4 2f 89 18 00 01 86 a0
INFO - a4 31 c9 08 b2 fb 9c f5
INFO - a4 31 09 10 47 a8 bf 67
INFO - a4 31 49 18 00 01 86 a0
INFO - a4 32 89 08 b2 fb 9c 2b
INFO - a4 32 c9 10 47 a8 bf 82
INFO - a4 32 09 18 00 01 86 a0
INFO - a4 35 49 08 b2 fb 9b 5c
INFO - a4 35 89 10 47 a8 bf a3
INFO - a4 35 c9 18 00 01 86 a0
INFO - a4 37 09 08 b2 fb 9a 8c
INFO - a4 37 49 10 47 a8 bf c5
INFO - a4 37 89 18 00 01 86 a0
INFO - a4 39 c9 08 b2 fb 99 c3
INFO - a4 39 09 10 47 a8 bf e0
INFO - a4 39 49 18 00 01 86 a0
INFO - a4 3b 89 08 b2 fb 98 f3
INFO - a4 3b c9 10 47 a8 c0 01
INFO - a4 3b 09 18 00 01 86 a0
INFO - a4 3d 49 08 b2 fb 98 29
INFO - a4 3d 89 10 47 a8 c0 23
INFO - a4 3d c9 18 00 01 86 a0
INFO - a4 3f 09 08 b2 fb 97 5a
INFO - a4 3f 49 10 47 a8 c0 3e
INFO - a4 3f 89 18 00 01 86 a0
INFO - a4 41 c9 08 b2 fb 96 90
INFO - a4 41 09 10 47 a8 c0 5f
INFO - a4 41 49 18 00 01 86 a0
INFO - a4 43 89 08 b2 fb 95 c1
INFO - a4 43 c9 10 47 a8 c0 7a
INFO - a4 43 09 18 00 01 86 a0
INFO - a4 45 49 08 b2 fb 94 f1
INFO - a4 45 89 10 47 a8 c0 9b
INFO - a4 45 c9 18 00 01 86 a0
INFO - a4 47 09 08 b2 fb 94 28
INFO - a4 47 49 10 47 a8 c0 bd
INFO - a4 47 89 18 00 01 86 a0
INFO - a4 49 c9 08 b2 fb 93 58
INFO - a4 49 09 10 47 a8 c0 d8
INFO - a4 49 49 18 00 01 86 a0
INFO - a4 4b 89 08 b2 fb 92 88
INFO - a4 4b c9 10 47 a8 c0 f9
INFO - a4 4b 09 18 00 01 86 a0
INFO - a4 4d 49 08 b2 fb 91 bf
INFO - a4 4d 89 10 47 a8 c1 1b
INFO - a4 4d c9 18 00 01 86 a0
INFO - a4 4f 09 08 b2 fb 90 ef
INFO - a4 4f 49 10 47 a8 c1 36
INFO - a4 4f 89 18 00 01 86 a0
INFO - a4 51 c9 08 b2 fb 90 26
INFO - a4 51 09 10 47 a8 c1 57
INFO - a4 51 49 18 00 01 86 a0
INFO - a4 53 89 08 b2 fb 8f 56
INFO - a4 53 c9 10 47 a8 c1 79
INFO - a4 53 09 18 00 01 86 a0
INFO - a4 55 49 08 b2 fb 8e 8d
INFO - a4 55 89 10 47 a8 c1 94
INFO - a4 55 c9 18 00 01 86 a0
INFO - a4 57 09 08 b2 fb 8d bd
INFO - a4 57 49 10 47 a8 c1 b5
INFO - a4 57 89 18 00 01 86 a0
INFO - a4 58 c9 08 b2 fb 8d 1c
INFO - a4 58 09 10 47 a8 c1 d0
INFO - a4 58 49 18 00 01 86 a0
INFO - a4 58 89 08 b2 fb 8d 1c
INFO - a4 58 c9 10 47 a8 c1 d0
INFO - a4 58 09 18 00 01 86 a0
INFO - a4 5a 49 08 b2 fb 8c 53
INFO - a4 5a 89 10 47 a8 c1 eb
INFO - a4 5a c9 18 00 01 86 a0
INFO - a4 5c 09 08 b2 fb 8b 83
INFO - a4 5c 49 10 47 a8 c2 0c
INFO - a4 5c 89 18 00 01 86 a0
INFO - a4 5e c9 08 b2 fb 8a ba
INFO - a4 5e 09 10 47 a8 c2 2e
INFO - a4 5e 49 18 00 01 86 a0
INFO - a4 60 89 08 b2 fb 89 f0
INFO - a4 60 c9 10 47 a8 c2 49
INFO - a4 60 09 18 00 01 86 a0
INFO - a4 62 49 08 b2 fb 89 21
INFO - a4 62 89 10 47 a8 c2 6a
INFO - a4 62 c9 18 00 01 86 a0
INFO - a4 64 09 08 b2 fb 88 57
INFO - a4 64 49 10 47 a8 c2 85
INFO - a4 64 89 18 00 01 86 a0
INFO - a4 66 c9 08 b2 fb 87 8e
INFO - a4 66 09 10 47 a8 c2 a6
INFO - a4 66 49 18 00 01 86 a0
INFO - a4 68 89 08 b2 fb 86 be
INFO - a4 68 c9 10 47 a8 c2 c8
INFO - a4 68 09 18 00 01 86 a0
INFO - a4 6a 49 08 b2 fb 85 f5
INFO - a4 6a 89 10 47 a8 c2 e3
INFO - a4 6a c9 18 00 01 86 a0
INFO - a4 6c 09 08 b2 fb 85 25
INFO - a4 6c 49 10 47 a8 c3 04
INFO - a4 6c 89 18 00 01 86 a0
INFO - a4 6e c9 08 b2 fb 84 5c
INFO - a4 6e 09 10 47 a8 c3 1f
INFO - a4 6e 49 18 00 01 86 a0
INFO - a4 70 89 08 b2 fb 83 8c
INFO - a4 70 c9 10 47 a8 c3 41
INFO - a4 70 09 18 00 01 86 a0
INFO - a4 72 49 08 b2 fb 82 bc
INFO - a4 72 89 10 47 a8 c3 62
INFO - a4 72 c9 18 00 01 86 a0
INFO - a4 74 09 08 b2 fb 81 f3
INFO - a4 74 49 10 47 a8 c3 7d
INFO - a4 74 89 18 00 01 86 a0
INFO - a4 76 c9 08 b2 fb 81 23
INFO - a4 76 09 10 47 a8 c3 9f
INFO - a4 76 49 18 00 01 86 a0
INFO - a4 78 89 08 b2 fb 80 5a
INFO - a4 78 c9 10 47 a8 c3 c0
INFO - a4 78 09 18 00 01 86 a0
INFO - a4 7a 49 08 b2 fb 7f 8a
INFO - a4 7a 89 10 47 a8 c3 db
INFO - a4 7a c9 18 00 01 86 a0
INFO - a4 7c 09 08 b2 fb 7e ba
INFO - a4 7c 49 10 47 a8 c3 fc
INFO - a4 7c 89 18 00 01 86 a0
INFO - a4 7e c9 08 b2 fb 7d f1
INFO - a4 7e 09 10 47 a8 c4 1e
INFO - a4 7e 49 18 00 01 86 a0
INFO - a4 80 89 08 b2 fb 7d 21
INFO - a4 80 c9 10 47 a8 c4 39
INFO - a4 80 09 18 00 01 86 a0
INFO - a4 82 49 08 b2 fb 7c 52
INFO - a4 82 89 10 47 a8 c4 5a
INFO - a4 82 c9 18 00 01 86 a0
INFO - a4 84 09 08 b2 fb 7b 82
INFO - a4 84 49 10 47 a8 c4 75
INFO - a4 84 89 18 00 01 86 a0
INFO - a4 86 c9 08 b2 fb 7a b8
INFO - a4 86 09 10 47 a8 c4 97
INFO - a4 86 49 18 00 01 86 a0
INFO - a4 88 89 08 b2 fb 79 e9
INFO - a4 88 c9 10 47 a8 c4 b8
INFO - a4 88 09 18 00 01 86 a0
INFO - a4 89 49 08 b2 fb 79 8b
INFO - a4 89 89 10 47 a8 c4 c6
INFO - a4 89 c9 18 00 01 86 a0
INFO - a4 89 09 08 b2 fb 79 8b
INFO - a4 89 49 10 47 a8 c4 c6
INFO - a4 89 89 18 00 01 86 a0
INFO - a4 a8 c9 08 b2 fb 6d 42
INFO - a4 a8 09 10 47 a8 c6 a2
INFO - a4 a8 49 18 00 01 86 a0
INFO - a4 a8 89 08 b2 fb 6d 42
INFO - a4 a8 c9 10 47 a8 c6 a2
INFO - a4 a8 09 18 00 01 86 a0
INFO - a4 c1 49 08 b2 fb 63 3a
INFO - a4 c1 89 10 47 a8 c8 27
INFO - a4 c1 c9 18 00 01 86 a0
INFO - a4 c1 09 08 b2 fb 63 3a
INFO - a4 c1 49 10 47 a8 c8 27
INFO - a4 c1 89 18 00 01 86 a0
INFO - a4 c3 c9 08 b2 fb 62 6a
INFO - a4 c3 09 10 47 a8 c8 48
INFO - a4 c3 49 18 00 01 86 a0
INFO - a4 c5 89 08 b2 fb 61 a1
INFO - a4 c5 c9 10 47 a8 c8 63
INFO - a4 c5 09 18 00 01 86 a0
INFO - a4 c7 49 08 b2 fb 60 d1
INFO - a4 c7 89 10 47 a8 c8 85
INFO - a4 c7 c9 18 00 01 86 a0
INFO - a4 c9 09 08 b2 fb 60 08
INFO - a4 c9 49 10 47 a8 c8 9f
INFO - a4 c9 89 18 00 01 86 a0
INFO - a4 cf c9 08 b2 fb 5d 9f
INFO - a4 cf 09 10 47 a8 c8 fd
INFO - a4 cf 49 18 00 01 86 a0
INFO - a4 d1 89 08 b2 fb 5c cf
INFO - a4 d1 c9 10 47 a8 c9 1f
INFO - a4 d1 09 18 00 01 86 a0
INFO - a4 d3 49 08 b2 fb 5b ff
INFO - a4 d3 89 10 47 a8 c9 3a
INFO - a4 d3 c9 18 00 01 86 a0
INFO - a4 d7 09 08 b2 fb 5a 66
INFO - a4 d7 49 10 47 a8 c9 7d
INFO - a4 d7 89 18 00 01 86 a0
INFO - a4 d9 c9 08 b2 fb 59 9d
INFO - a4 d9 09 10 47 a8 c9 97
INFO - a4 d9 49 18 00 01 86 a0
INFO - a4 db 89 08 b2 fb 58 cd
INFO - a4 db c9 10 47 a8 c9 b9
INFO - a4 db 09 18 00 01 86 a0
INFO - a4 dd 49 08 b2 fb 57 fd
INFO - a4 dd 89 10 47 a8 c9 da
INFO - a4 dd c9 18 00 01 86 a0
INFO - a4 df 09 08 b2 fb 57 34
INFO - a4 df 49 10 47 a8 c9 f5
INFO - a4 df 89 18 00 01 86 a0
INFO - a4 e1 c9 08 b2 fb 56 64
INFO - a4 e1 09 10 47 a8 ca 17
INFO - a4 e1 49 18 00 01 86 a0
INFO - a4 e3 89 08 b2 fb 55 9b
INFO - a4 e3 c9 10 47 a8 ca 38
INFO - a4 e3 09 18 00 01 86 a0
INFO - a4 e5 49 08 b2 fb 54 cb
INFO - a4 e5 89 10 47 a8 ca 53
INFO - a4 e5 c9 18 00 01 86 a0
INFO - a4 e7 09 08 b2 fb 53 fb
INFO - a4 e7 49 10 47 a8 ca 75
INFO - a4 e7 89 18 00 01 86 a0
INFO - a4 e9 c9 08 b2 fb 53 32
INFO - a4 e9 09 10 47 a8 ca 90
INFO - a4 e9 49 18 00 01 86 a0
INFO - a4 eb 89 08 b2 fb 52 62
INFO - a4 eb c9 10 47 a8 ca b1
INFO - a4 eb 09 18 00 01 86 a0
INFO - a4 ed 49 08 b2 fb 51 92
INFO - a4 ed 89 10 47 a8 ca d3
INFO - a4 ed c9 18 00 01 86 a0
INFO - a4 ef 09 08 b2 fb 50 c9
INFO - a4 ef 49 10 47 a8 ca ed
INFO - a4 ef 89 18 00 01 86 a0
INFO - a4 f1 c9 08 b2 fb 50 1b
INFO - a4 f1 09 10 47 a8 cb 08
INFO - a4 f1 49 18 00 01 86 a0
INFO - a4 f1 89 08 b2 fb 50 1b
INFO - a4 f1 c9 10 47 a8 cb 08
INFO - a4 f1 09 18 00 01 86 a0
INFO - a4 f3 49 08 b2 fb 4f 4b
INFO - a4 f3 89 10 47 a8 cb 2a
INFO - a4 f3 c9 18 00 01 86 a0
INFO - a4 f5 09 08 b2 fb 4e 82
INFO - a4 f5 49 10 47 a8 cb 4b
INFO - a4 f5 89 18 00 01 86 a0
INFO - a4 f7 c9 08 b2 fb 4d b2
INFO - a4 f7 09 10 47 a8 cb 66
INFO - a4 f7 49 18 00 01 86 a0
INFO - a4 f9 89 08 b2 fb 4c e9
INFO - a4 f9 c9 10 47 a8 cb 88
INFO - a4 f9 09 18 00 01 86 a0
INFO - a4 fb 49 08 b2 fb 4c 19
INFO - a4 fb 89 10 47 a8 cb a9
INFO - a4 fb c9 18 00 01 86 a0
INFO - a4 fd 09 08 b2 fb 4b 4f
INFO - a4 fd 49 10 47 a8 cb c4
INFO - a4 fd 89 18 00 01 86 a0
INFO - a4 ff c9 08 b2 fb 4a 80
INFO - a4 ff 09 10 47 a8 cb e6
INFO - a4 ff 49 18 00 01 86 a0
INFO - a5 01 89 08 b2 fb 49 b6
INFO - a5 01 c9 10 47 a8 cc 00
INFO - a5 01 09 18 00 01 86 a0
INFO - a5 03 49 08 b2 fb 48 e7
INFO - a5 03 89 10 47 a8 cc 22
INFO - a5 03 c9 18 00 01 86 a0
INFO - a5 05 09 08 b2 fb 48 1d
INFO - a5 05 49 10 47 a8 cc 3d
INFO - a5 05 89 18 00 01 86 a0
INFO - a5 07 c9 08 b2 fb 47 4e
INFO - a5 07 09 10 47 a8 cc 5e
INFO - a5 07 49 18 00 01 86 a0
INFO - a5 09 89 08 b2 fb 46 84
INFO - a5 09 c9 10 47 a8 cc 80
INFO - a5 09 09 18 00 01 86 a0
INFO - a5 0b 49 08 b2 fb 45 b5
INFO - a5 0b 89 10 47 a8 cc 9b
INFO - a5 0b c9 18 00 01 86 a0
INFO - a5 0d 09 08 b2 fb 44 e5
INFO - a5 0d 49 10 47 a8 cc bc
INFO - a5 0d 89 18 00 01 86 a0
INFO - a5 0f c9 08 b2 fb 44 1b
INFO - a5 0f 09 10 47 a8 cc de
INFO - a5 0f 49 18 00 01 86 a0
INFO - a5 11 89 08 b2 fb 43 4c
INFO - a5 11 c9 10 47 a8 cc f8
INFO - a5 11 09 18 00 01 86 a0
INFO - a5 13 49 08 b2 fb 42 82
INFO - a5 13 89 10 47 a8 cd 1a
INFO - a5 13 c9 18 00 01 86 a0
INFO - a5 15 09 08 b2 fb 41 b3
INFO - a5 15 49 10 47 a8 cd 35
INFO - a5 15 89 18 00 01 86 a0
INFO - a5 17 c9 08 b2 fb 40 e3
INFO - a5 17 09 10 47 a8 cd 56
INFO - a5 17 49 18 00 01 86 a0
INFO - a5 19 89 08 b2 fb 40 1a
INFO - a5 19 c9 10 47 a8 cd 78
INFO - a5 19 09 18 00 01 86 a0
INFO - a5 1b 49 08 b2 fb 3f 4a
INFO - a5 1b 89 10 47 a8 cd 93
INFO - a5 1b c9 18 00 01 86 a0
INFO - a5 1d 09 08 b2 fb 3e 80
INFO - a5 1d 49 10 47 a8 cd b4
INFO - a5 1d 89 18 00 01 86 a0
INFO - a5 1f c9 08 b2 fb 3d b1
INFO - a5 1f 09 10 47 a8 cd d6
INFO - a5 1f 49 18 00 01 86 a0
INFO - a5 21 89 08 b2 fb 3c e1
INFO - a5 21 c9 10 47 a8 cd f1
INFO - a5 21 09 18 00 01 86 a0
INFO - a5 23 49 08 b2 fb 3c 18
INFO - a5 23 89 10 47 a8 ce 12
INFO - a5 23 c9 18 00 01 86 a0
INFO - a5 25 09 08 b2 fb 3b 48
INFO - a5 25 49 10 47 a8 ce 34
INFO - a5 25 89 18 00 01 86 a0
INFO - a5 27 c9 08 b2 fb 3a 7f
INFO - a5 27 09 10 47 a8 ce 4e
INFO - a5 27 49 18 00 01 86 a0
INFO - a5 29 89 08 b2 fb 39 af
INFO - a5 29 c9 10 47 a8 ce 70
INFO - a5 29 09 18 00 01 86 a0
INFO - a5 2b 49 08 b2 fb 38 e6
INFO - a5 2b 89 10 47 a8 ce 8b
INFO - a5 2b c9 18 00 01 86 a0
INFO - a5 2d 09 08 b2 fb 38 16
INFO - a5 2d 49 10 47 a8 ce ac
INFO - a5 2d 89 18 00 01 86 a0
INFO - a5 2f c9 08 b2 fb 37 4c
INFO - a5 2f 09 10 47 a8 ce ce
INFO - a5 2f 49 18 00 01 86 a0
INFO - a5 31 89 08 b2 fb 36 7d
INFO - a5 31 c9 10 47 a8 ce e9
INFO - a5 31 09 18 00 01 86 a0
INFO - a5 33 49 08 b2 fb 35 b3
INFO - a5 33 89 10 47 a8 cf 0a
INFO - a5 33 c9 18 00 01 86 a0
INFO - a5 35 09 08 b2 fb 34 e4
INFO - a5 35 49 10 47 a8 cf 25
INFO - a5 35 89 18 00 01 86 a0
INFO - a5 37 c9 08 b2 fb 34 1a
INFO - a5 37 09 10 47 a8 cf 47
INFO - a5 37 49 18 00 01 86 a0
INFO - a5 39 89 08 b2 fb 33 4b
INFO - a5 39 c9 10 47 a8 cf 68
INFO - a5 39 09 18 00 01 86 a0
INFO - a5 3b 49 08 b2 fb 32 81
INFO - a5 3b 89 10 47 a8 cf 83
INFO - a5 3b c9 18 00 01 86 a0
INFO - a5 3d 09 08 b2 fb 31 b8
INFO - a5 3d 49 10 47 a8 cf a4
INFO - a5 3d 89 18 00 01 86 a0
INFO - a5 3f c9 08 b2 fb 30 e8
INFO - a5 3f 09 10 47 a8 cf bf
INFO - a5 3f 49 18 00 01 86 a0
INFO - a5 41 89 08 b2 fb 30 1f
INFO - a5 41 c9 10 47 a8 cf e1
INFO - a5 41 09 18 00 01 86 a0
INFO - a5 43 49 08 b2 fb 2f 4f
INFO - a5 43 89 10 47 a8 cf fc
INFO - a5 43 c9 18 00 01 86 a0
INFO - a5 45 09 08 b2 fb 2e 86
INFO - a5 45 49 10 47 a8 d0 1d
INFO - a5 45 89 18 00 01 86 a0
INFO - a5 47 c9 08 b2 fb 2d bd
INFO - a5 47 09 10 47 a8 d0 3f
INFO - a5 47 49 18 00 01 86 a0
INFO - a5 49 89 08 b2 fb 2c ed
INFO - a5 49 c9 10 47 a8 d0 60
INFO - a5 49 09 18 00 01 86 a0
INFO - a5 4b 49 08 b2 fb 2c 24
INFO - a5 4b 89 10 47 a8 d0 7b
INFO - a5 4b c9 18 00 01 86 a0
INFO - a5 4d 09 08 b2 fb 2b 54
INFO - a5 4d 49 10 47 a8 d0 9d
INFO - a5 4d 89 18 00 01 86 a0
INFO - a5 4f c9 08 b2 fb 2a 8b
INFO - a5 4f 09 10 47 a8 d0 b7
INFO - a5 4f 49 18 00 01 86 a0
INFO - a5 51 89 08 b2 fb 29 bb
INFO - a5 51 c9 10 47 a8 d0 d9
INFO - a5 51 09 18 00 01 86 a0
INFO - a5 53 49 08 b2 fb 28 f2
INFO - a5 53 89 10 47 a8 d0 f4
INFO - a5 53 c9 18 00 01 86 a0
INFO - a5 55 09 08 b2 fb 28 22
INFO - a5 55 49 10 47 a8 d1 15
INFO - a5 55 89 18 00 01 86 a0
INFO - a5 57 c9 08 b2 fb 27 59
INFO - a5 57 09 10 47 a8 d1 37
INFO - a5 57 49 18 00 01 86 a0
INFO - a5 59 89 08 b2 fb 26 89
INFO - a5 59 c9 10 47 a8 d1 52
INFO - a5 59 09 18 00 01 86 a0
INFO - a5 5b 49 08 b2 fb 25 b9
INFO - a5 5b 89 10 47 a8 d1 73
INFO - a5 5b c9 18 00 01 86 a0
INFO - a5 5d 09 08 b2 fb 24 f0
INFO - a5 5d 49 10 47 a8 d1 95
INFO - a5 5d 89 18 00 01 86 a0
INFO - a5 5f c9 08 b2 fb 24 20
INFO - a5 5f 09 10 47 a8 d1 af
INFO - a5 5f 49 18 00 01 86 a0
INFO - a5 61 89 08 b2 fb 23 57
INFO - a5 61 c9 10 47 a8 d1 d1
INFO - a5 61 09 18 00 01 86 a0
INFO - a5 63 49 08 b2 fb 22 87
INFO - a5 63 89 10 47 a8 d1 ec
INFO - a5 63 c9 18 00 01 86 a0
INFO - a5 65 09 08 b2 fb 21 b7
INFO - a5 65 49 10 47 a8 d2 0d
INFO - a5 65 89 18 00 01 86 a0
INFO - a5 67 c9 08 b2 fb 20 ee
INFO - a5 67 09 10 47 a8 d2 2f
INFO - a5 67 49 18 00 01 86 a0
INFO - a5 69 89 08 b2 fb 20 1e
INFO - a5 69 c9 10 47 a8 d2 4a
INFO - a5 69 09 18 00 01 86 a0
INFO - a5 6b 49 08 b2 fb 1f 55
INFO - a5 6b 89 10 47 a8 d2 6b
INFO - a5 6b c9 18 00 01 86 a0
INFO - a5 6d 09 08 b2 fb 1e 85
INFO - a5 6d 49 10 47 a8 d2 86
INFO - a5 6d 89 18 00 01 86 a0
INFO - a5 6f c9 08 b2 fb 1d bc
INFO - a5 6f 09 10 47 a8 d2 a8
INFO - a5 6f 49 18 00 01 86 a0
INFO - a5 71 89 08 b2 fb 1c ec
INFO - a5 71 c9 10 47 a8 d2 c9
INFO - a5 71 09 18 00 01 86 a0
INFO - a5 73 49 08 b2 fb 1c 23
INFO - a5 73 89 10 47 a8 d2 e4
INFO - a5 73 c9 18 00 01 86 a0
INFO - a5 75 09 08 b2 fb 1b 53
INFO - a5 75 49 10 47 a8 d3 05
INFO - a5 75 89 18 00 01 86 a0
INFO - a5 77 c9 08 b2 fb 1a 8a
INFO - a5 77 09 10 47 a8 d3 20
INFO - a5 77 49 18 00 01 86 a0
INFO - a5 79 89 08 b2 fb 19 c1
INFO - a5 79 c9 10 47 a8 d3 42
INFO - a5 79 09 18 00 01 86 a0
INFO - a5 7b 49 08 b2 fb 18 f1
INFO - a5 7b 89 10 47 a8 d3 63
INFO - a5 7b c9 18 00 01 86 a0
INFO - a5 7d 09 08 b2 fb 18 28
INFO - a5 7d 49 10 47 a8 d3 7e
INFO - a5 7d 89 18 00 01 86 a0
INFO - a5 7f c9 08 b2 fb 17 58
INFO - a5 7f 09 10 47 a8 d3 a0
INFO - a5 7f 49 18 00 01 86 a0
INFO - a5 81 89 08 b2 fb 16 88
INFO - a5 81 c9 10 47 a8 d3 ba
INFO - a5 81 09 18 00 01 86 a0
INFO - a5 83 49 08 b2 fb 15 bf
INFO - a5 83 89 10 47 a8 d3 dc
INFO - a5 83 c9 18 00 01 86 a0
INFO - a5 85 09 08 b2 fb 14 ef
INFO - a5 85 49 10 47 a8 d3 fe
INFO - a5 85 89 18 00 01 86 a0
INFO - a5 87 c9 08 b2 fb 14 26
INFO - a5 87 09 10 47 a8 d4 18
INFO - a5 87 49 18 00 01 86 a0
INFO - a5 89 89 08 b2 fb 13 56
INFO - a5 89 c9 10 47 a8 d4 3a
INFO - a5 89 09 18 00 01 86 a0
INFO - a5 8b 49 08 b2 fb 12 86
INFO - a5 8b 89 10 47 a8 d4 55
INFO - a5 8b c9 18 00 01 86 a0
INFO - a5 8d 09 08 b2 fb 11 bd
INFO - a5 8d 49 10 47 a8 d4 76
INFO - a5 8d 89 18 00 01 86 a0
INFO - a5 8f c9 08 b2 fb 10 ed
INFO - a5 8f 09 10 47 a8 d4 98
INFO - a5 8f 49 18 00 01 86 a0
INFO - a5 91 89 08 b2 fb 10 1d
INFO - a5 91 c9 10 47 a8 d4 b3
INFO - a5 91 09 18 00 01 86 a0
INFO - a5 93 49 08 b2 fb 0f 4d
INFO - a5 93 89 10 47 a8 d4 d4
INFO - a5 93 c9 18 00 01 86 a0
INFO - a5 95 09 08 b2 fb 0e 84
INFO - a5 95 49 10 47 a8 d4 f6
INFO - a5 95 89 18 00 01 86 a0
INFO - a5 97 c9 08 b2 fb 0d b4
INFO - a5 97 09 10 47 a8 d5 10
INFO - a5 97 49 18 00 01 86 a0
INFO - a5 99 89 08 b2 fb 0c e4
INFO - a5 99 c9 10 47 a8 d5 32
INFO - a5 99 09 18 00 01 86 a0
INFO - a5 9b 49 08 b2 fb 0c 1b
INFO - a5 9b 89 10 47 a8 d5 54
INFO - a5 9b c9 18 00 01 86 a0
INFO - a5 9d 09 08 b2 fb 0b 4b
INFO - a5 9d 49 10 47 a8 d5 6e
INFO - a5 9d 89 18 00 01 86 a0
INFO - a5 9f c9 08 b2 fb 0a 82
INFO - a5 9f 09 10 47 a8 d5 90
INFO - a5 9f 49 18 00 01 86 a0
INFO - a5 a1 89 08 b2 fb 09 b2
INFO - a5 a1 c9 10 47 a8 d5 b1
INFO - a5 a1 09 18 00 01 86 a0
INFO - a5 a3 49 08 b2 fb 08 e9
INFO - a5 a3 89 10 47 a8 d5 cc
INFO - a5 a3 c9 18 00 01 86 a0
INFO - a5 a5 09 08 b2 fb 08 19
INFO - a5 a5 49 10 47 a8 d5 ee
INFO - a5 a5 89 18 00 01 86 a0
INFO - a5 a7 c9 08 b2 fb 07 50
INFO - a5 a7 09 10 47 a8 d6 09
INFO - a5 a7 49 18 00 01 86 a0
INFO - a5 a9 89 08 b2 fb 06 80
INFO - a5 a9 c9 10 47 a8 d6 2a
INFO - a5 a9 09 18 00 01 86 a0
INFO - a5 ab 49 40 57 00 00 02
INFO - a5 ab 89 40 57 00 00 02
INFO - a5 ab c9 40 57 00 00 02
INFO - a5 ab 09 40 57 00 00 02
INFO - a5 ab 49 40 57 00 00 02
INFO - a5 ab 89 08 b2 fb 05 b7
INFO - a5 ab c9 10 47 a8 d6 4c
INFO - a5 ab 09 18 00 01 86 a0
INFO - a5 ad 49 08 b2 fb 04 ee
INFO - a5 ad 89 10 47 a8 d6 66
INFO - a5 ad c9 18 00 01 86 a0
INFO - a5 af 09 08 b2 fb 04 1e
INFO - a5 af 49 10 47 a8 d6 88
INFO - a5 af 89 18 00 01 86 a0
INFO - a5 b1 c9 08 b2 fb 03 55
INFO - a5 b1 09 10 47 a8 d6 a3
INFO - a5 b1 49 18 00 01 86 a0
INFO - a5 b3 89 08 b2 fb 02 85
INFO - a5 b3 c9 10 47 a8 d6 c4
INFO - a5 b3 09 18 00 01 86 a0
INFO - a5 b5 49 08 b2 fb 01 bc
INFO - a5 b5 89 10 47 a8 d6 e6
INFO - a5 b5 c9 18 00 01 86 a0
INFO - a5 b7 09 08 b2 fb 00 f3
INFO - a5 b7 49 10 47 a8 d7 01
INFO - a5 b7 89 18 00 01 86 a0
INFO - a5 b9 c9 08 b2 fb 00 23
INFO - a5 b9 09 10 47 a8 d7 22
INFO - a5 b9 49 18 00 01 86 a0
INFO - a5 bb 89 08 b2 fa ff 59
INFO - a5 bb c9 10 47 a8 d7 3d
INFO - a5 bb 09 18 00 01 86 a0
INFO - a5 bd 49 08 b2 fa fe 8a
INFO - a5 bd 89 10 47 a8 d7 5f
INFO - a5 bd c9 18 00 01 86 a0
INFO - a5 bf 09 08 b2 fa fd c0
INFO - a5 bf 49 10 47 a8 d7 80
INFO - a5 bf 89 18 00 01 86 a0
INFO - a5 c1 c9 08 b2 fa fc f1
INFO - a5 c1 09 10 47 a8 d7 9b
INFO - a5 c1 49 18 00 01 86 a0
INFO - a5 c3 89 08 b2 fa fc 27
INFO - a5 c3 c9 10 47 a8 d7 bc
INFO - a5 c3 09 18 00 01 86 a0
INFO - a5 c5 49 08 b2 fa fb 58
INFO - a5 c5 89 10 47 a8 d7 de
INFO - a5 c5 c9 18 00 01 86 a0
INFO - a5 c7 09 08 b2 fa fa 8e
INFO - a5 c7 49 10 47 a8 d7 f9
INFO - a5 c7 89 18 00 01 86 a0
INFO - a5 c9 c9 08 b2 fa f9 be
INFO - a5 c9 09 10 47 a8 d8 1a
INFO - a5 c9 49 18 00 01 86 a0
INFO - a5 cb 89 08 b2 fa f8 f5
INFO - a5 cb c9 10 47 a8 d8 35
INFO - a5 cb 09 18 00 01 86 a0
INFO - a5 cd 49 08 b2 fa f8 25
INFO - a5 cd 89 10 47 a8 d8 57
INFO - a5 cd c9 18 00 01 86 a0
INFO - a5 cf 09 08 b2 fa f7 5c
INFO - a5 cf 49 10 47 a8 d8 78
INFO - a5 cf 89 18 00 01 86 a0
INFO - a5 d1 c9 08 b2 fa f6 8c
INFO - a5 d1 09 10 47 a8 d8 93
INFO - a5 d1 49 18 00 01 86 a0
INFO - a5 d3 89 08 b2 fa f5 bd
INFO - a5 d3 c9 10 47 a8 d8 b5
INFO - a5 d3 09 18 00 01 86 a0
INFO - a5 d5 49 08 b2 fa f4 f3
INFO - a5 d5 89 10 47 a8 d8 d6
INFO - a5 d5 c9 18 00 01 86 a0
INFO - a5 d7 09 08 b2 fa f4 24
INFO - a5 d7 49 10 47 a8 d8 f1
INFO - a5 d7 89 18 00 01 86 a0
INFO - a5 d9 c9 08 b2 fa f3 5a
INFO - a5 d9 09 10 47 a8 d9 12
INFO - a5 d9 49 18 00 01 86 a0
INFO - a5 db 89 08 b2 fa f2 8a
INFO - a5 db c9 10 47 a8 d9 34
INFO - a5 db 09 18 00 01 86 a0
INFO - a5 dd 49 08 b2 fa f1 c1
INFO - a5 dd 89 10 47 a8 d9 4f
INFO - a5 dd c9 18 00 01 86 a0
INFO - a5 df 09 08 b2 fa f0 f1
INFO - a5 df 49 10 47 a8 d9 70
INFO - a5 df 89 18 00 01 86 a0
INFO - a5 e1 c9 08 b2 fa f0 28
INFO - a5 e1 09 10 47 a8 d9 8b
INFO - a5 e1 49 18 00 01 86 a0
INFO - a5 e3 89 08 b2 fa ef 58
INFO - a5 e3 c9 10 47 a8 d9 ad
INFO - a5 e3 09 18 00 01 86 a0
INFO - a5 e5 49 08 b2 fa ee 8f
INFO - a5 e5 89 10 47 a8 d9 ce
INFO - a5 e5 c9 18 00 01 86 a0
INFO - a5 e7 09 08 b2 fa ed bf
INFO - a5 e7 49 10 47 a8 d9 e9
INFO - a5 e7 89 18 00 01 86 a0
INFO - a5 e9 c9 08 b2 fa ec f6
INFO - a5 e9 09 10 47 a8 da 0b
INFO - a5 e9 49 18 00 01 86 a0
INFO - a5 eb 89 08 b2 fa ec 26
INFO - a5 eb c9 10 47 a8 da 2c
INFO - a5 eb 09 18 00 01 86 a0
INFO - a5 ed 49 08 b2 fa eb 5d
INFO - a5 ed 89 10 47 a8 da 47
INFO - a5 ed c9 18 00 01 86 a0
INFO - a5 ef 09 08 b2 fa ea 8d
INFO - a5 ef 49 10 47 a8 da 68
INFO - a5 ef 89 18 00 01 86 a0
INFO - a5 f1 c9 08 b2 fa e9 c4
INFO - a5 f1 09 10 47 a8 da 83
INFO - a5 f1 49 18 00 01 86 a0
INFO - a5 f3 89 08 b2 fa e8 f4
INFO - a5 f3 c9 10 47 a8 da a5
INFO - a5 f3 09 18 00 01 86 a0
INFO - a5 f5 49 08 b2 fa e8 2b
INFO - a5 f5 89 10 47 a8 da c6
INFO - a5 f5 c9 18 00 01 86 a0
INFO - a5 f7 09 08 b2 fa e7 5b
INFO - a5 f7 49 10 47 a8 da e1
INFO - a5 f7 89 18 00 01 86 a0
INFO - a5 f9 c9 08 b2 fa e6 92
INFO - a5 f9 09 10 47 a8 db 03
INFO - a5 f9 49 18 00 01 86 a0
INFO - a5 fb 89 08 b2 fa e5 c2
INFO - a5 fb c9 10 47 a8 db 24
INFO - a5 fb 09 18 00 01 86 a0
INFO - a5 fd 49 08 b2 fa e4 f9
INFO - a5 fd 89 10 47 a8 db 3f
INFO - a5 fd c9 18 00 01 86 a0
INFO - a5 ff 09 08 b2 fa e4 29
INFO - a5 ff 49 10 47 a8 db 60
INFO - a5 ff 89 18 00 01 86 a0
INFO - a6 01 c9 08 b2 fa e3 60
INFO - a6 01 09 10 47 a8 db 7b
INFO - a6 01 49 18 00 01 86 a0
INFO - a6 03 89 08 b2 fa e2 90
INFO - a6 03 c9 10 47 a8 db 9d
INFO - a6 03 09 18 00 01 86 a0
INFO - a6 05 49 08 b2 fa e1 c7
INFO - a6 05 89 10 47 a8 db be
INFO - a6 05 c9 18 00 01 86 a0
INFO - a6 07 09 08 b2 fa e0 f7
INFO - a6 07 49 10 47 a8 db d9
INFO - a6 07 89 18 00 01 86 a0
INFO - a6 09 c9 08 b2 fa e0 27
INFO - a6 09 09 10 47 a8 db fb
INFO - a6 09 49 18 00 01 86 a0
INFO - a6 0b 89 08 b2 fa df 5e
INFO - a6 0b c9 10 47 a8 dc 1c
INFO - a6 0b 09 18 00 01 86 a0
INFO - a6 0d 49 08 b2 fa de 8e
INFO - a6 0d 89 10 47 a8 dc 37
INFO - a6 0d c9 18 00 01 86 a0
INFO - a6 0f 09 08 b2 fa dd c5
INFO - a6 0f 49 10 47 a8 dc 59
INFO - a6 0f 89 18 00 01 86 a0
INFO - a6 11 c9 08 b2 fa dc f5
INFO - a6 11 09 10 47 a8 dc 73
INFO - a6 11 49 18 00 01 86 a0
INFO - a6 13 89 08 b2 fa dc 2c
INFO - a6 13 c9 10 47 a8 dc 95
INFO - a6 13 09 18 00 01 86 a0
INFO - a6 15 49 08 b2 fa db 63
INFO - a6 15 89 10 47 a8 dc b6
INFO - a6 15 c9 18 00 01 86 a0
INFO - a6 17 09 08 b2 fa da 93
INFO - a6 17 49 10 47 a8 dc d1
INFO - a6 17 89 18 00 01 86 a0
INFO - a6 19 c9 08 b2 fa d9 ca
INFO - a6 19 09 10 47 a8 dc f3
INFO - a6 19 49 18 00 01 86 a0
INFO - a6 1b 89 08 b2 fa d8 fa
INFO - a6 1b c9 10 47 a8 dd 0e
INFO - a6 1b 09 18 00 01 86 a0
INFO - a6 1d 49 08 b2 fa d8 31
INFO - a6 1d 89 10 47 a8 dd 2f
INFO - a6 1d c9 18 00 01 86 a0
INFO - a6 1f 09 08 b2 fa d7 68
INFO - a6 1f 49 10 47 a8 dd 51
INFO - a6 1f 89 18 00 01 86 a0
INFO - a6 21 c9 08 b2 fa d6 98
INFO - a6 21 09 10 47 a8 dd 6c
INFO - a6 21 49 18 00 01 86 a0
INFO - a6 23 89 08 b2 fa d5 e3
INFO - a6 23 c9 10 47 a8 dd 8d
INFO - a6 23 09 18 00 01 86 a0
INFO - a6 23 49 08 b2 fa d5 dc
INFO - a6 23 89 10 47 a8 dd 8d
INFO - a6 23 c9 18 00 01 86 a0
INFO - a6 23 09 08 b2 fa d5 cf
INFO - a6 23 49 10 47 a8 dd 8d
INFO - a6 23 89 18 00 01 86 a0
INFO - a6 25 89 08 b2 fa d5 05
INFO - a6 25 c9 10 47 a8 dd a8
INFO - a6 25 09 18 00 01 86 a0
INFO - a6 27 09 08 b2 fa d4 35
INFO - a6 27 49 10 47 a8 dd c9
INFO - a6 27 89 18 00 01 86 a0
INFO - a6 29 89 08 b2 fa d3 6c
INFO - a6 29 c9 10 47 a8 dd eb
INFO - a6 29 09 18 00 01 86 a0
INFO - a6 2b 09 08 b2 fa d2 9c
INFO - a6 2b 49 10 47 a8 de 06
INFO - a6 2b 89 18 00 01 86 a0
INFO - a6 2d 89 08 b2 fa d1 d3
INFO - a6 2d c9 10 47 a8 de 27
INFO - a6 2d 09 18 00 01 86 a0
INFO - a6 2f 09 08 b2 fa d1 0a
INFO - a6 2f 49 10 47 a8 de 49
INFO - a6 2f 89 18 00 01 86 a0
INFO - a6 31 89 08 b2 fa d0 3a
INFO - a6 31 c9 10 47 a8 de 64
INFO - a6 31 09 18 00 01 86 a0
INFO - a6 33 09 08 b2 fa cf 6a
INFO - a6 33 49 10 47 a8 de 85
INFO - a6 33 89 18 00 01 86 a0
INFO - a6 35 89 08 b2 fa ce a1
INFO - a6 35 c9 10 47 a8 de a0
INFO - a6 35 09 18 00 01 86 a0
INFO - a6 37 09 08 b2 fa cd d1
INFO - a6 37 49 10 47 a8 de c2
INFO - a6 37 89 18 00 01 86 a0
INFO - a6 39 89 08 b2 fa cd 01
INFO - a6 39 c9 10 47 a8 de e3
INFO - a6 39 09 18 00 01 86 a0
INFO - a6 3b 09 08 b2 fa cc 38
INFO - a6 3b 49 10 47 a8 de fe
INFO - a6 3b 89 18 00 01 86 a0
INFO - a6 3d 89 08 b2 fa cb 68
INFO - a6 3d c9 10 47 a8 df 1f
INFO - a6 3d 09 18 00 01 86 a0
INFO - a6 3f 09 08 b2 fa ca 99
INFO - a6 3f 49 10 47 a8 df 41
INFO - a6 3f 89 18 00 01 86 a0
INFO - a6 41 89 08 b2 fa c9 cf
INFO - a6 41 c9 10 47 a8 df 5c
INFO - a6 41 09 18 00 01 86 a0
INFO - a6 43 09 08 b2 fa c9 00
INFO - a6 43 49 10 47 a8 df 7d
INFO - a6 43 89 18 00 01 86 a0
INFO - a6 45 89 08 b2 fa c8 36
INFO - a6 45 c9 10 47 a8 df 9f
INFO - a6 45 09 18 00 01 86 a0
INFO - a6 47 09 08 b2 fa c7 66
INFO - a6 47 49 10 47 a8 df ba
INFO - a6 47 89 18 00 01 86 a0
INFO - a6 49 89 08 b2 fa c6 9d
INFO - a6 49 c9 10 47 a8 df db
INFO - a6 49 09 18 00 01 86 a0
INFO - a6 4b 09 08 b2 fa c5 cd
INFO - a6 4b 49 10 47 a8 df f6
INFO - a6 4b 89 18 00 01 86 a0
INFO - a6 4d 89 08 b2 fa c5 04
INFO - a6 4d c9 10 47 a8 e0 17
INFO - a6 4d 09 18 00 01 86 a0
INFO - a6 4f 09 08 b2 fa c4 34
INFO - a6 4f 49 10 47 a8 e0 39
INFO - a6 4f 89 18 00 01 86 a0
INFO - a6 51 89 08 b2 fa c3 6b
INFO - a6 51 c9 10 47 a8 e0 54
INFO - a6 51 09 18 00 01 86 a0
INFO - a6 53 09 08 b2 fa c2 9b
INFO - a6 53 49 10 47 a8 e0 75
INFO - a6 53 89 18 00 01 86 a0
INFO - a6 55 89 08 b2 fa c1 d2
INFO - a6 55 c9 10 47 a8 e0 97
INFO - a6 55 09 18 00 01 86 a0
INFO - a6 57 09 08 b2 fa c1 02
INFO - a6 57 49 10 47 a8 e0 b2
INFO - a6 57 89 18 00 01 86 a0
INFO - a6 59 89 08 b2 fa c0 32
INFO - a6 59 c9 10 47 a8 e0 d3
INFO - a6 59 09 18 00 01 86 a0
INFO - a6 5b 09 08 b2 fa bf 69
INFO - a6 5b 49 10 47 a8 e0 f5
INFO - a6 5b 89 18 00 01 86 a0
INFO - a6 5d 89 08 b2 fa be 99
INFO - a6 5d c9 10 47 a8 e1 10
INFO - a6 5d 09 18 00 01 86 a0
INFO - a6 5f 09 08 b2 fa bd ca
INFO - a6 5f 49 10 47 a8 e1 31
INFO - a6 5f 89 18 00 01 86 a0
INFO - a6 61 89 08 b2 fa bd 00
INFO - a6 61 c9 10 47 a8 e1 4c
INFO - a6 61 09 18 00 01 86 a0
INFO - a6 63 09 08 b2 fa bc 31
INFO - a6 63 49 10 47 a8 e1 6d
INFO - a6 63 89 18 00 01 86 a0
INFO - a6 65 89 08 b2 fa bb 67
INFO - a6 65 c9 10 47 a8 e1 8f
INFO - a6 65 09 18 00 01 86 a0
INFO - a6 67 09 08 b2 fa ba 97
INFO - a6 67 49 10 47 a8 e1 aa
INFO - a6 67 89 18 00 01 86 a0
INFO - a6 69 89 08 b2 fa b9 c8
INFO - a6 69 c9 10 47 a8 e1 cb
INFO - a6 69 09 18 00 01 86 a0
INFO - a6 6b 09 08 b2 fa b8 fe
INFO - a6 6b 49 10 47 a8 e1 ed
INFO - a6 6b 89 18 00 01 86 a0
INFO - a6 6d 89 08 b2 fa b8 35
INFO - a6 6d c9 10 47 a8 e2 08
INFO - a6 6d 09 18 00 01 86 a0
INFO - a6 6f 09 08 b2 fa b7 65
INFO - a6 6f 49 10 47 a8 e2 29
INFO - a6 6f 89 18 00 01 86 a0
INFO - a6 71 89 08 b2 fa b6 9c
INFO - a6 71 c9 10 47 a8 e2 44
INFO - a6 71 09 18 00 01 86 a0
INFO - a6 73 09 08 b2 fa b5 cc
INFO - a6 73 49 10 47 a8 e2 66
INFO - a6 73 89 18 00 01 86 a0
INFO - a6 75 89 08 b2 fa b5 03
INFO - a6 75 c9 10 47 a8 e2 87
INFO - a6 75 09 18 00 01 86 a0
INFO - a6 77 09 08 b2 fa b4 33
INFO - a6 77 49 10 47 a8 e2 a2
INFO - a6 77 89 18 00 01 86 a0
INFO - a6 79 89 08 b2 fa b3 6a
INFO - a6 79 c9 10 47 a8 e2 c3
INFO - a6 79 09 18 00 01 86 a0
INFO - a6 7b 09 08 b2 fa b2 9a
INFO - a6 7b 49 10 47 a8 e2 de
INFO - a6 7b 89 18 00 01 86 a0
INFO - a6 7d 89 08 b2 fa b1 d1
INFO - a6 7d c9 10 47 a8 e3 00
INFO - a6 7d 09 18 00 01 86 a0
INFO - a6 7f 09 08 b2 fa b1 01
INFO - a6 7f 49 10 47 a8 e3 21
INFO - a6 7f 89 18 00 01 86 a0
INFO - a6 81 89 08 b2 fa b0 38
INFO - a6 81 c9 10 47 a8 e3 3c
INFO - a6 81 09 18 00 01 86 a0
INFO - a6 83 09 08 b2 fa af 68
INFO - a6 83 49 10 47 a8 e3 5e
INFO - a6 83 89 18 00 01 86 a0
INFO - a6 85 89 08 b2 fa ae 9f
INFO - a6 85 c9 10 47 a8 e3 7f
INFO - a6 85 09 18 00 01 86 a0
INFO - a6 87 09 08 b2 fa ad cf
INFO - a6 87 49 10 47 a8 e3 9a
INFO - a6 87 89 18 00 01 86 a0
INFO - a6 89 89 08 b2 fa ac ff
INFO - a6 89 c9 10 47 a8 e3 bc
INFO - a6 89 09 18 00 01 86 a0
INFO - a6 8b 09 08 b2 fa ac 36
INFO - a6 8b 49 10 47 a8 e3 dd
INFO - a6 8b 89 18 00 01 86 a0
INFO - a6 8d 89 08 b2 fa ab 66
INFO - a6 8d c9 10 47 a8 e3 f8
INFO - a6 8d 09 18 00 01 86 a0
INFO - a6 8f 09 08 b2 fa aa 9d
INFO - a6 8f 49 10 47 a8 e4 19
INFO - a6 8f 89 18 00 01 86 a0
INFO - a6 90 89 08 b2 fa aa 24
INFO - a6 90 c9 10 47 a8 e4 27
INFO - a6 90 09 18 00 01 86 a0
INFO - a6 90 49 08 b2 fa aa 24
INFO - a6 90 89 10 47 a8 e4 27
INFO - a6 90 c9 18 00 01 86 a0
INFO - a6 ac 09 08 b2 fa 9e f5
INFO - a6 ac 49 10 47 a8 e5 db
INFO - a6 ac 89 18 00 01 86 a0
INFO - a6 ae 89 08 b2 fa 9e 2c
INFO - a6 ae c9 10 47 a8 e5 fc
INFO - a6 ae 09 18 00 01 86 a0
INFO - a6 b0 09 08 b2 fa 9d 5c
INFO - a6 b0 49 10 47 a8 e6 17
INFO - a6 b0 89 18 00 01 86 a0
INFO - a6 b2 89 08 b2 fa 9c 93
INFO - a6 b2 c9 10 47 a8 e6 39
INFO - a6 b2 09 18 00 01 86 a0
INFO - a6 b4 09 08 b2 fa 9b c3
INFO - a6 b4 49 10 47 a8 e6 53
INFO - a6 b4 89 18 00 01 86 a0
INFO - a6 b6 89 08 b2 fa 9a f3
INFO - a6 b6 c9 10 47 a8 e6 75
INFO - a6 b6 09 18 00 01 86 a0
INFO - a6 b8 09 08 b2 fa 9a 2a
INFO - a6 b8 49 10 47 a8 e6 96
INFO - a6 b8 89 18 00 01 86 a0
INFO - a6 ba 89 08 b2 fa 99 5a
INFO - a6 ba c9 10 47 a8 e6 b1
INFO - a6 ba 09 18 00 01 86 a0
INFO - a6 bc 09 08 b2 fa 98 91
INFO - a6 bc 49 10 47 a8 e6 d3
INFO - a6 bc 89 18 00 01 86 a0
INFO - a6 be 89 08 b2 fa 97 c1
INFO - a6 be c9 10 47 a8 e6 f4
INFO - a6 be 09 18 00 01 86 a0
INFO - a6 c0 09 08 b2 fa 96 f8
INFO - a6 c0 49 10 47 a8 e7 0f
INFO - a6 c0 89 18 00 01 86 a0
INFO - a6 c2 89 08 b2 fa 96 28
INFO - a6 c2 c9 10 47 a8 e7 31
INFO - a6 c2 09 18 00 01 86 a0
INFO - a6 c4 09 08 b2 fa 95 58
INFO - a6 c4 49 10 47 a8 e7 4c
INFO - a6 c4 89 18 00 01 86 a0
INFO - a6 c6 89 08 b2 fa 94 8f
INFO - a6 c6 c9 10 47 a8 e7 6d
INFO - a6 c6 09 18 00 01 86 a0
INFO - a6 c8 09 08 b2 fa 93 bf
INFO - a6 c8 49 10 47 a8 e7 8f
INFO - a6 c8 89 18 00 01 86 a0
INFO - a6 ca 89 08 b2 fa 92 f6
INFO - a6 ca c9 10 47 a8 e7 a9
INFO - a6 ca 09 18 00 01 86 a0
INFO - a6 cc 09 08 b2 fa 92 26
INFO - a6 cc 49 10 47 a8 e7 cb
INFO - a6 cc 89 18 00 01 86 a0
INFO - a6 ce 89 08 b2 fa 91 56
INFO - a6 ce c9 10 47 a8 e7 ec
INFO - a6 ce 09 18 00 01 86 a0
INFO - a6 d0 09 08 b2 fa 90 8d
INFO - a6 d0 49 10 47 a8 e8 07
INFO - a6 d0 89 18 00 01 86 a0
INFO - a6 d2 89 08 b2 fa 8f c4
INFO - a6 d2 c9 10 47 a8 e8 29
INFO - a6 d2 09 18 00 01 86 a0
INFO - a6 d4 09 08 b2 fa 8e f4
INFO - a6 d4 49 10 47 a8 e8 44
INFO - a6 d4 89 18 00 01 86 a0
INFO - a6 d6 89 08 b2 fa 8e 2b
INFO - a6 d6 c9 10 47 a8 e8 65
INFO - a6 d6 09 18 00 01 86 a0
INFO - a6 d8 09 08 b2 fa 8d 5b
INFO - a6 d8 49 10 47 a8 e8 87
INFO - a6 d8 89 18 00 01 86 a0
INFO - a6 da 89 08 b2 fa 8c 92
INFO - a6 da c9 10 47 a8 e8 a1
INFO - a6 da 09 18 00 01 86 a0
INFO - a6 dc 09 08 b2 fa 8b c2
INFO - a6 dc 49 10 47 a8 e8 c3
INFO - a6 dc 89 18 00 01 86 a0
INFO - a6 de 89 08 b2 fa 8a f9
INFO - a6 de c9 10 47 a8 e8 de
INFO - a6 de 09 18 00 01 86 a0
INFO - a6 e0 09 08 b2 fa 8a 29
INFO - a6 e0 49 10 47 a8 e8 ff
INFO - a6 e0 89 18 00 01 86 a0
INFO - a6 e2 89 08 b2 fa 89 60
INFO - a6 e2 c9 10 47 a8 e9 21
INFO - a6 e2 09 18 00 01 86 a0
INFO - a6 e4 09 08 b2 fa 88 90
INFO - a6 e4 49 10 47 a8 e9 42
INFO - a6 e4 89 18 00 01 86 a0
INFO - a6 e6 89 08 b2 fa 87 c7
INFO - a6 e6 c9 10 47 a8 e9 5d
INFO - a6 e6 09 18 00 01 86 a0
INFO - a6 e8 09 08 b2 fa 86 f7
INFO - a6 e8 49 10 47 a8 e9 7f
INFO - a6 e8 89 18 00 01 86 a0
INFO - a6 ea 89 08 b2 fa 86 2e
INFO - a6 ea c9 10 47 a8 e9 9a
INFO - a6 ea 09 18 00 01 86 a0
INFO - a6 ec 09 08 b2 fa 85 5e
INFO - a6 ec 49 10 47 a8 e9 bb
INFO - a6 ec 89 18 00 01 86 a0
INFO - a6 ee 89 08 b2 fa 84 95
INFO - a6 ee c9 10 47 a8 e9 dd
INFO - a6 ee 09 18 00 01 86 a0
INFO - a6 f0 09 08 b2 fa 83 c5
INFO - a6 f0 49 10 47 a8 e9 f7
INFO - a6 f0 89 18 00 01 86 a0
INFO - a6 f2 89 08 b2 fa 82 fc
INFO - a6 f2 c9 10 47 a8 ea 19
INFO - a6 f2 09 18 00 01 86 a0
INFO - a6 f4 09 08 b2 fa 82 2c
INFO - a6 f4 49 10 47 a8 ea 3b
INFO - a6 f4 89 18 00 01 86 a0
INFO - a6 f6 89 08 b2 fa 81 63
INFO - a6 f6 c9 10 47 a8 ea 55
INFO - a6 f6 09 18 00 01 86 a0
INFO - a6 f8 09 08 b2 fa 80 93
INFO - a6 f8 49 10 47 a8 ea 77
INFO - a6 f8 89 18 00 01 86 a0
INFO - a6 fa 89 08 b2 fa 7f ca
INFO - a6 fa c9 10 47 a8 ea 92
INFO - a6 fa 09 18 00 01 86 a0
INFO - a6 fc 09 08 b2 fa 7f 00
INFO - a6 fc 49 10 47 a8 ea b3
INFO - a6 fc 89 18 00 01 86 a0
INFO - a6 fe 89 08 b2 fa 7e 31
INFO - a6 fe c9 10 47 a8 ea d5
INFO - a6 fe 09 18 00 01 86 a0
INFO - a7 00 09 08 b2 fa 7d 67
INFO - a7 00 49 10 47 a8 ea f0
INFO - a7 00 89 18 00 01 86 a0
INFO - a7 02 89 08 b2 fa 7c 97
INFO - a7 02 c9 10 47 a8 eb 11
INFO - a7 02 09 18 00 01 86 a0
INFO - a7 04 09 08 b2 fa 7b ce
INFO - a7 04 49 10 47 a8 eb 33
INFO - a7 04 89 18 00 01 86 a0
INFO - a7 06 89 08 b2 fa 7a fe
INFO - a7 06 c9 10 47 a8 eb 4d
INFO - a7 06 09 18 00 01 86 a0
INFO - a7 08 09 08 b2 fa 7a 35
INFO - a7 08 49 10 47 a8 eb 6f
INFO - a7 08 89 18 00 01 86 a0
INFO - a7 0a 89 08 b2 fa 79 65
INFO - a7 0a c9 10 47 a8 eb 91
INFO - a7 0a 09 18 00 01 86 a0
INFO - a7 0c 09 08 b2 fa 78 96
INFO - a7 0c 49 10 47 a8 eb ab
INFO - a7 0c 89 18 00 01 86 a0
INFO - a7 0e 89 08 b2 fa 77 cc
INFO - a7 0e c9 10 47 a8 eb cd
INFO - a7 0e 09 18 00 01 86 a0
INFO - a7 10 09 08 b2 fa 76 fd
INFO - a7 10 49 10 47 a8 eb e8
INFO - a7 10 89 18 00 01 86 a0
INFO - a7 12 89 08 b2 fa 76 2d
INFO - a7 12 c9 10 47 a8 ec 09
INFO - a7 12 09 18 00 01 86 a0
INFO - a7 14 09 08 b2 fa 75 63
INFO - a7 14 49 10 47 a8 ec 2b
INFO - a7 14 89 18 00 01 86 a0
INFO - a7 16 89 08 b2 fa 74 94
INFO - a7 16 c9 10 47 a8 ec 46
INFO - a7 16 09 18 00 01 86 a0
INFO - a7 18 09 08 b2 fa 73 c4
INFO - a7 18 49 10 47 a8 ec 67
INFO - a7 18 89 18 00 01 86 a0
INFO - a7 1a 89 08 b2 fa 72 fb
INFO - a7 1a c9 10 47 a8 ec 89
INFO - a7 1a 09 18 00 01 86 a0
INFO - a7 1c 09 08 b2 fa 72 2b
INFO - a7 1c 49 10 47 a8 ec a3
INFO - a7 1c 89 18 00 01 86 a0
INFO - a7 1e 89 08 b2 fa 71 62
INFO - a7 1e c9 10 47 a8 ec c5
INFO - a7 1e 09 18 00 01 86 a0
INFO - a7 20 09 08 b2 fa 70 92
INFO - a7 20 49 10 47 a8 ec e6
INFO - a7 20 89 18 00 01 86 a0
INFO - a7 22 89 08 b2 fa 6f c8
INFO - a7 22 c9 10 47 a8 ed 01
INFO - a7 22 09 18 00 01 86 a0
INFO - a7 24 09 08 b2 fa 6e f9
INFO - a7 24 49 10 47 a8 ed 23
INFO - a7 24 89 18 00 01 86 a0
INFO - a7 26 89 08 b2 fa 6e 29
INFO - a7 26 c9 10 47 a8 ed 44
INFO - a7 26 09 18 00 01 86 a0
INFO - a7 28 09 08 b2 fa 6d 60
INFO - a7 28 49 10 47 a8 ed 5f
INFO - a7 28 89 18 00 01 86 a0
INFO - a7 2a 89 08 b2 fa 6c 90
INFO - a7 2a c9 10 47 a8 ed 81
INFO - a7 2a 09 18 00 01 86 a0
INFO - a7 2c 09 08 b2 fa 6b c7
INFO - a7 2c 49 10 47 a8 ed 9c
INFO - a7 2c 89 18 00 01 86 a0
INFO - a7 2e 89 08 b2 fa 6a f7
INFO - a7 2e c9 10 47 a8 ed bd
INFO - a7 2e 09 18 00 01 86 a0
INFO - a7 30 09 08 b2 fa 6a 27
INFO - a7 30 49 10 47 a8 ed df
INFO - a7 30 89 18 00 01 86 a0
INFO - a7 32 89 08 b2 fa 69 5e
INFO - a7 32 c9 10 47 a8 ed f9
INFO - a7 32 09 18 00 01 86 a0
INFO - a7 34 09 08 b2 fa 68 8e
INFO - a7 34 49 10 47 a8 ee 1b
INFO - a7 34 89 18 00 01 86 a0
INFO - a7 36 89 08 b2 fa 67 c5
INFO - a7 36 c9 10 47 a8 ee 3c
INFO - a7 36 09 18 00 01 86 a0
INFO - a7 38 09 08 b2 fa 66 f5
INFO - a7 38 49 10 47 a8 ee 57
INFO - a7 38 89 18 00 01 86 a0
INFO - a7 3a 89 08 b2 fa 66 2c
INFO - a7 3a c9 10 47 a8 ee 79
INFO - a7 3a 09 18 00 01 86 a0
INFO - a7 3c 09 08 b2 fa 65 5c
INFO - a7 3c 49 10 47 a8 ee 9a
INFO - a7 3c 89 18 00 01 86 a0
INFO - a7 3e 89 08 b2 fa 64 93
INFO - a7 3e c9 10 47 a8 ee b5
INFO - a7 3e 09 18 00 01 86 a0
INFO - a7 40 09 08 b2 fa 63 c3
INFO - a7 40 49 10 47 a8 ee d7
INFO - a7 40 89 18 00 01 86 a0
INFO - a7 42 89 08 b2 fa 62 f9
INFO - a7 42 c9 10 47 a8 ee f2
INFO - a7 42 09 18 00 01 86 a0
INFO - a7 44 09 08 b2 fa 62 2a
INFO - a7 44 49 10 47 a8 ef 13
INFO - a7 44 89 18 00 01 86 a0
INFO - a7 46 89 08 b2 fa 61 60
INFO - a7 46 c9 10 47 a8 ef 35
INFO - a7 46 09 18 00 01 86 a0
INFO - a7 48 09 08 b2 fa 60 91
INFO - a7 48 49 10 47 a8 ef 4f
INFO - a7 48 89 18 00 01 86 a0
INFO - a7 4a 89 08 b2 fa 5f c1
INFO - a7 4a c9 10 47 a8 ef 71
INFO - a7 4a 09 18 00 01 86 a0
INFO - a7 4c 09 08 b2 fa 5e f8
INFO - a7 4c 49 10 47 a8 ef 92
INFO - a7 4c 89 18 00 01 86 a0
INFO - a7 4e 89 08 b2 fa 5e 28
INFO - a7 4e c9 10 47 a8 ef ad
INFO - a7 4e 09 18 00 01 86 a0
INFO - a7 50 09 08 b2 fa 5d 5f
INFO - a7 50 49 10 47 a8 ef cf
INFO - a7 50 89 18 00 01 86 a0
INFO - a7 52 89 08 b2 fa 5c 8f
INFO - a7 52 c9 10 47 a8 ef ea
INFO - a7 52 09 18 00 01 86 a0
INFO - a7 54 09 08 b2 fa 5b c5
INFO - a7 54 49 10 47 a8 f0 0b
INFO - a7 54 89 18 00 01 86 a0
INFO - a7 56 89 08 b2 fa 5a f6
INFO - a7 56 c9 10 47 a8 f0 2d
INFO - a7 56 09 18 00 01 86 a0
INFO - a7 58 09 08 b2 fa 5a 2c
INFO - a7 58 49 10 47 a8 f0 47
INFO - a7 58 89 18 00 01 86 a0
INFO - a7 5a 89 08 b2 fa 59 5d
INFO - a7 5a c9 10 47 a8 f0 69
INFO - a7 5a 09 18 00 01 86 a0
INFO - a7 5c 09 08 b2 fa 58 93
INFO - a7 5c 49 10 47 a8 f0 8b
INFO - a7 5c 89 18 00 01 86 a0
INFO - a7 5e 89 08 b2 fa 57 ca
INFO - a7 5e c9 10 47 a8 f0 a5
INFO - a7 5e 09 18 00 01 86 a0
INFO - a7 60 09 08 b2 fa 56 fa
INFO - a7 60 49 10 47 a8 f0 c7
INFO - a7 60 89 18 00 01 86 a0
INFO - a7 62 89 08 b2 fa 56 31
INFO - a7 62 c9 10 47 a8 f0 e2
INFO - a7 62 09 18 00 01 86 a0
INFO - a7 64 09 08 b2 fa 55 61
INFO - a7 64 49 10 47 a8 f1 03
INFO - a7 64 89 18 00 01 86 a0
INFO - a7 66 89 08 b2 fa 54 98
INFO - a7 66 c9 10 47 a8 f1 25
INFO - a7 66 09 18 00 01 86 a0
INFO - a7 68 09 08 b2 fa 53 c8
INFO - a7 68 49 10 47 a8 f1 40
INFO - a7 68 89 18 00 01 86 a0
INFO - a7 6a 89 08 b2 fa 52 ff
INFO - a7 6a c9 10 47 a8 f1 61
INFO - a7 6a 09 18 00 01 86 a0
INFO - a7 6c 09 08 b2 fa 52 2f
INFO - a7 6c 49 10 47 a8 f1 83
INFO - a7 6c 89 18 00 01 86 a0
INFO - a7 6e 89 08 b2 fa 51 5f
INFO - a7 6e c9 10 47 a8 f1 9d
INFO - a7 6e 09 18 00 01 86 a0
INFO - a7 70 09 08 b2 fa 50 96
INFO - a7 70 49 10 47 a8 f1 bf
INFO - a7 70 89 18 00 01 86 a0
INFO - a7 72 89 08 b2 fa 4f c6
INFO - a7 72 c9 10 47 a8 f1 da
INFO - a7 72 09 18 00 01 86 a0
INFO - a7 74 09 08 b2 fa 4e fd
INFO - a7 74 49 10 47 a8 f1 fb
INFO - a7 74 89 18 00 01 86 a0
INFO - a7 76 89 08 b2 fa 4e 2d
INFO - a7 76 c9 10 47 a8 f2 1d
INFO - a7 76 09 18 00 01 86 a0
INFO - a7 78 09 08 b2 fa 4d 64
INFO - a7 78 49 10 47 a8 f2 38
INFO - a7 78 89 18 00 01 86 a0
INFO - a7 7a 89 08 b2 fa 4c 94
INFO - a7 7a c9 10 47 a8 f2 59
INFO - a7 7a 09 18 00 01 86 a0
INFO - a7 7c 09 08 b2 fa 4b c4
INFO - a7 7c 49 10 47 a8 f2 7b
INFO - a7 7c 89 18 00 01 86 a0
INFO - a7 7e 89 08 b2 fa 4a fb
INFO - a7 7e c9 10 47 a8 f2 96
INFO - a7 7e 09 18 00 01 86 a0
INFO - a7 80 09 08 b2 fa 4a 2b
INFO - a7 80 49 10 47 a8 f2 b7
INFO - a7 80 89 18 00 01 86 a0
INFO - a7 82 89 08 b2 fa 49 62
INFO - a7 82 c9 10 47 a8 f2 d9
INFO - a7 82 09 18 00 01 86 a0
INFO - a7 84 09 08 b2 fa 48 92
INFO - a7 84 49 10 47 a8 f2 f3
INFO - a7 84 89 18 00 01 86 a0
INFO - a7 86 89 08 b2 fa 47 c9
INFO - a7 86 c9 10 47 a8 f3 15
INFO - a7 86 09 18 00 01 86 a0
INFO - a7 88 09 08 b2 fa 46 f9
INFO - a7 88 49 10 47 a8 f3 30
INFO - a7 88 89 18 00 01 86 a0
INFO - a7 8a 89 08 b2 fa 46 30
INFO - a7 8a c9 10 47 a8 f3 51
INFO - a7 8a 09 18 00 01 86 a0
INFO - a7 8c 09 08 b2 fa 45 60
INFO - a7 8c 49 10 47 a8 f3 73
INFO - a7 8c 89 18 00 01 86 a0
INFO - a7 8e 89 08 b2 fa 44 97
INFO - a7 8e c9 10 47 a8 f3 8e
INFO - a7 8e 09 18 00 01 86 a0
INFO - a7 90 09 08 b2 fa 43 c7
INFO - a7 90 49 10 47 a8 f3 af
INFO - a7 90 89 18 00 01 86 a0
INFO - a7 92 89 08 b2 fa 42 f7
INFO - a7 92 c9 10 47 a8 f3 d1
INFO - a7 92 09 18 00 01 86 a0
INFO - a7 94 09 08 b2 fa 42 2e
INFO - a7 94 49 10 47 a8 f3 ec
INFO - a7 94 89 18 00 01 86 a0
INFO - a7 96 89 08 b2 fa 41 5e
INFO - a7 96 c9 10 47 a8 f4 0d
INFO - a7 96 09 18 00 01 86 a0
INFO - a7 98 09 08 b2 fa 40 95
INFO - a7 98 49 10 47 a8 f4 28
INFO - a7 98 89 18 00 01 86 a0
INFO - a7 9a 89 08 b2 fa 3f c5
INFO - a7 9a c9 10 47 a8 f4 49
INFO - a7 9a 09 18 00 01 86 a0
INFO - a7 9c 09 08 b2 fa 3e fc
INFO - a7 9c 49 10 47 a8 f4 6b
INFO - a7 9c 89 18 00 01 86 a0
INFO - a7 9e 89 08 b2 fa 3e 2c
INFO - a7 9e c9 10 47 a8 f4 86
INFO - a7 9e 09 18 00 01 86 a0
INFO - a7 a0 09 08 b2 fa 3d 5c
INFO - a7 a0 49 10 47 a8 f4 a7
INFO - a7 a0 89 18 00 01 86 a0
INFO - a7 a2 89 08 b2 fa 3c 93
INFO - a7 a2 c9 10 47 a8 f4 c9
INFO - a7 a2 09 18 00 01 86 a0
INFO - a7 a4 09 08 b2 fa 3b c3
INFO - a7 a4 49 10 47 a8 f4 e4
INFO - a7 a4 89 18 00 01 86 a0
INFO - a7 a6 89 08 b2 fa 3a fa
INFO - a7 a6 c9 10 47 a8 f5 05
INFO - a7 a6 09 18 00 01 86 a0
INFO - a7 a8 09 08 b2 fa 3a 2a
INFO - a7 a8 49 10 47 a8 f5 27
INFO - a7 a8 89 18 00 01 86 a0
INFO - a7 aa 89 08 b2 fa 39 61
INFO - a7 aa c9 10 47 a8 f5 42
INFO - a7 aa 09 18 00 01 86 a0
INFO - a7 ac 09 08 b2 fa 38 91
INFO - a7 ac 49 10 47 a8 f5 63
INFO - a7 ac 89 18 00 01 86 a0
INFO - a7 ae 89 08 b2 fa 37 c8
INFO - a7 ae c9 10 47 a8 f5 7e
INFO - a7 ae 09 18 00 01 86 a0
INFO - a7 b0 09 08 b2 fa 36 f8
INFO - a7 b0 49 10 47 a8 f5 9f
INFO - a7 b0 89 18 00 01 86 a0
INFO - a7 b2 89 08 b2 fa 36 2f
INFO - a7 b2 c9 10 47 a8 f5 c1
INFO - a7 b2 09 18 00 01 86 a0
INFO - a7 b4 09 08 b2 fa 35 5f
INFO - a7 b4 49 10 47 a8 f5 dc
INFO - a7 b4 89 18 00 01 86 a0
INFO - a7 b6 89 08 b2 fa 34 96
INFO - a7 b6 c9 10 47 a8 f5 fd
INFO - a7 b6 09 18 00 01 86 a0
INFO - a7 b8 09 08 b2 fa 33 c6
INFO - a7 b8 49 10 47 a8 f6 1f
INFO - a7 b8 89 18 00 01 86 a0
INFO - a7 ba 89 08 b2 fa 32 fd
INFO - a7 ba c9 10 47 a8 f6 3a
INFO - a7 ba 09 18 00 01 86 a0
INFO - a7 bc 09 08 b2 fa 32 2d
INFO - a7 bc 49 10 47 a8 f6 5b
INFO - a7 bc 89 18 00 01 86 a0
INFO - a7 be 89 08 b2 fa 31 64
INFO - a7 be c9 10 47 a8 f6 76
INFO - a7 be 09 18 00 01 86 a0
INFO - a7 c0 09 08 b2 fa 30 94
INFO - a7 c0 49 10 47 a8 f6 98
INFO - a7 c0 89 18 00 01 86 a0
INFO - a7 c2 89 08 b2 fa 2f cb
INFO - a7 c2 c9 10 47 a8 f6 b9
INFO - a7 c2 09 18 00 01 86 a0
INFO - a7 c4 09 08 b2 fa 2e fb
INFO - a7 c4 49 10 47 a8 f6 d4
INFO - a7 c4 89 18 00 01 86 a0
INFO - a7 c6 89 08 b2 fa 2e 32
INFO - a7 c6 c9 10 47 a8 f6 f5
INFO - a7 c6 09 18 00 01 86 a0
INFO - a7 c8 09 08 b2 fa 2d 62
INFO - a7 c8 49 10 47 a8 f7 17
INFO - a7 c8 89 18 00 01 86 a0
INFO - a7 ca 89 08 b2 fa 2c 99
INFO - a7 ca c9 10 47 a8 f7 32
INFO - a7 ca 09 18 00 01 86 a0
INFO - a7 cc 09 08 b2 fa 2b c9
INFO - a7 cc 49 10 47 a8 f7 53
INFO - a7 cc 89 18 00 01 86 a0
INFO - a7 ce 89 08 b2 fa 2b 00
INFO - a7 ce c9 10 47 a8 f7 6e
INFO - a7 ce 09 18 00 01 86 a0
INFO - a7 d0 09 08 b2 fa 2a 30
INFO - a7 d0 49 10 47 a8 f7 90
INFO - a7 d0 89 18 00 01 86 a0
INFO - a7 d2 89 08 b2 fa 29 67
INFO - a7 d2 c9 10 47 a8 f7 b1
INFO - a7 d2 09 18 00 01 86 a0
INFO - a7 d4 09 08 b2 fa 28 97
INFO - a7 d4 49 10 47 a8 f7 cc
INFO - a7 d4 89 18 00 01 86 a0
INFO - a7 d6 89 08 b2 fa 27 ce
INFO - a7 d6 c9 10 47 a8 f7 ee
INFO - a7 d6 09 18 00 01 86 a0
INFO - a7 d8 09 08 b2 fa 26 fe
INFO - a7 d8 49 10 47 a8 f8 0f
INFO - a7 d8 89 18 00 01 86 a0
INFO - a7 da 89 08 b2 fa 26 35
INFO - a7 da c9 10 47 a8 f8 2a
INFO - a7 da 09 18 00 01 86 a0
INFO - a7 dc 09 08 b2 fa 25 65
INFO - a7 dc 49 10 47 a8 f8 4b
INFO - a7 dc 89 18 00 01 86 a0
INFO - a7 de 89 08 b2 fa 24 9c
INFO - a7 de c9 10 47 a8 f8 66
INFO - a7 de 09 18 00 01 86 a0
INFO - a7 e0 09 08 b2 fa 23 cc
INFO - a7 e0 49 10 47 a8 f8 88
INFO - a7 e0 89 18 00 01 86 a0
INFO - a7 e2 89 08 b2 fa 23 03
INFO - a7 e2 c9 10 47 a8 f8 a9
INFO - a7 e2 09 18 00 01 86 a0
INFO - a7 e4 09 08 b2 fa 22 33
INFO - a7 e4 49 10 47 a8 f8 c4
INFO - a7 e4 89 18 00 01 86 a0
INFO - a7 e6 89 08 b2 fa 21 6a
INFO - a7 e6 c9 10 47 a8 f8 e6
INFO - a7 e6 09 18 00 01 86 a0
INFO - a7 e8 09 08 b2 fa 20 9a
INFO - a7 e8 49 10 47 a8 f9 07
INFO - a7 e8 89 18 00 01 86 a0
INFO - a7 ea 89 08 b2 fa 1f d1
INFO - a7 ea c9 10 47 a8 f9 22
INFO - a7 ea 09 18 00 01 86 a0
INFO - a7 ec 09 08 b2 fa 1f 01
INFO - a7 ec 49 10 47 a8 f9 43
INFO - a7 ec 89 18 00 01 86 a0
INFO - a7 ee 89 08 b2 fa 1e 38
INFO - a7 ee c9 10 47 a8 f9 5e
INFO - a7 ee 09 18 00 01 86 a0
INFO - a7 f0 09 08 b2 fa 1d 68
INFO - a7 f0 49 10 47 a8 f9 80
INFO - a7 f0 89 18 00 01 86 a0
INFO - a7 f2 89 08 b2 fa 1c 98
INFO - a7 f2 c9 10 47 a8 f9 a1
INFO - a7 f2 09 18 00 01 86 a0
INFO - a7 f4 09 08 b2 fa 1b cf
INFO - a7 f4 49 10 47 a8 f9 bc
INFO - a7 f4 89 18 00 01 86 a0
INFO - a7 f6 89 08 b2 fa 1a ff
INFO - a7 f6 c9 10 47 a8 f9 de
INFO - a7 f6 09 18 00 01 86 a0
INFO - a7 f8 09 08 b2 fa 1a 36
INFO - a7 f8 49 10 47 a8 f9 ff
INFO - a7 f8 89 18 00 01 86 a0
INFO - a7 fa 89 08 b2 fa 19 66
INFO - a7 fa c9 10 47 a8 fa 1a
INFO - a7 fa 09 18 00 01 86 a0
INFO - a7 fc 09 08 b2 fa 18 9d
INFO - a7 fc 49 10 47 a8 fa 3c
INFO - a7 fc 89 18 00 01 86 a0
INFO - a7 fe 89 08 b2 fa 17 d3
INFO - a7 fe c9 10 47 a8 fa 56
INFO - a7 fe 09 18 00 01 86 a0
INFO - a8 00 09 08 b2 fa 17 03
INFO - a8 00 49 10 47 a8 fa 78
INFO - a8 00 89 18 00 01 86 a0
INFO - a8 02 89 08 b2 fa 16 3a
INFO - a8 02 c9 10 47 a8 fa 99
INFO - a8 02 09 18 00 01 86 a0
INFO - a8 04 09 08 b2 fa 15 6a
INFO - a8 04 49 10 47 a8 fa b4
INFO - a8 04 89 18 00 01 86 a0
INFO - a8 06 89 08 b2 fa 14 a1
INFO - a8 06 c9 10 47 a8 fa d6
INFO - a8 06 09 18 00 01 86 a0
INFO - a8 08 09 08 b2 fa 13 d1
INFO - a8 08 49 10 47 a8 fa f7
INFO - a8 08 89 18 00 01 86 a0
INFO - a8 0a 89 08 b2 fa 13 08
INFO - a8 0a c9 10 47 a8 fb 12
INFO - a8 0a 09 18 00 01 86 a0
INFO - a8 0c 09 08 b2 fa 12 38
INFO - a8 0c 49 10 47 a8 fb 34
INFO - a8 0c 89 18 00 01 86 a0
INFO - a8 0e 89 08 b2 fa 11 6f
INFO - a8 0e c9 10 47 a8 fb 4f
INFO - a8 0e 09 18 00 01 86 a0
INFO - a8 10 09 08 b2 fa 10 9f
INFO - a8 10 49 10 47 a8 fb 70
INFO - a8 10 89 18 00 01 86 a0
INFO - a8 12 89 08 b2 fa 0f d6
INFO - a8 12 c9 10 47 a8 fb 92
INFO - a8 12 09 18 00 01 86 a0
INFO - a8 14 09 08 b2 fa 0f 06
INFO - a8 14 49 10 47 a8 fb ac
INFO - a8 14 89 18 00 01 86 a0
INFO - a8 16 89 08 b2 fa 0e 3d
INFO - a8 16 c9 10 47 a8 fb ce
INFO - a8 16 09 18 00 01 86 a0
INFO - a8 18 09 08 b2 fa 0d 6d
INFO - a8 18 49 10 47 a8 fb ef
INFO - a8 18 89 18 00 01 86 a0
INFO - a8 1a 89 08 b2 fa 0c a4
INFO - a8 1a c9 10 47 a8 fc 0a
INFO - a8 1a 09 18 00 01 86 a0
INFO - a8 1c 09 08 b2 fa 0b d4
INFO - a8 1c 49 10 47 a8 fc 2c
INFO - a8 1c 89 18 00 01 86 a0
INFO - a8 1e 89 08 b2 fa 0b 04
INFO - a8 1e c9 10 47 a8 fc 47
INFO - a8 1e 09 18 00 01 86 a0
INFO - a8 20 09 08 b2 fa 0a 3b
INFO - a8 20 49 10 47 a8 fc 68
INFO - a8 20 89 18 00 01 86 a0
INFO - a8 22 89 08 b2 fa 09 6b
INFO - a8 22 c9 10 47 a8 fc 8a
INFO - a8 22 09 18 00 01 86 a0
INFO - a8 24 09 08 b2 fa 08 9b
INFO - a8 24 49 10 47 a8 fc a5
INFO - a8 24 89 18 00 01 86 a0
INFO - a8 26 89 08 b2 fa 07 d2
INFO - a8 26 c9 10 47 a8 fc c6
INFO - a8 26 09 18 00 01 86 a0
INFO - a8 28 09 08 b2 fa 07 02
INFO - a8 28 49 10 47 a8 fc e8
INFO - a8 28 89 18 00 01 86 a0
INFO - a8 2a 89 08 b2 fa 06 33
INFO - a8 2a c9 10 47 a8 fd 02
INFO - a8 2a 09 18 00 01 86 a0
INFO - a8 2c 09 08 b2 fa 05 69
INFO - a8 2c 49 10 47 a8 fd 24
INFO - a8 2c 89 18 00 01 86 a0
INFO - a8 2e 89 08 b2 fa 04 99
INFO - a8 2e c9 10 47 a8 fd 45
INFO - a8 2e 09 18 00 01 86 a0
INFO - a8 30 09 08 b2 fa 03 ca
INFO - a8 30 49 10 47 a8 fd 60
INFO - a8 30 89 18 00 01 86 a0
INFO - a8 32 89 08 b2 fa 03 00
INFO - a8 32 c9 10 47 a8 fd 82
INFO - a8 32 09 18 00 01 86 a0
INFO - a8 34 09 08 b2 fa 02 31
INFO - a8 34 49 10 47 a8 fd a3
INFO - a8 34 89 18 00 01 86 a0
INFO - a8 36 89 08 b2 fa 01 61
INFO - a8 36 c9 10 47 a8 fd be
INFO - a8 36 09 18 00 01 86 a0
INFO - a8 38 09 08 b2 fa 00 91
INFO - a8 38 49 10 47 a8 fd e0
INFO - a8 38 89 18 00 01 86 a0
INFO - a8 3a 89 08 b2 f9 ff c8
INFO - a8 3a c9 10 47 a8 fe 01
INFO - a8 3a 09 18 00 01 86 a0
INFO - a8 3c 09 08 b2 f9 fe f8
INFO - a8 3c 49 10 47 a8 fe 1c
INFO - a8 3c 89 18 00 01 86 a0
INFO - a8 3e 89 08 b2 f9 fe 28
INFO - a8 3e c9 10 47 a8 fe 3e
INFO - a8 3e 09 18 00 01 86 a0
INFO - a8 40 09 08 b2 f9 fd 5f
INFO - a8 40 49 10 47 a8 fe 5f
INFO - a8 40 89 18 00 01 86 a0
INFO - a8 42 89 08 b2 f9 fc 8f
INFO - a8 42 c9 10 47 a8 fe 7a
INFO - a8 42 09 18 00 01 86 a0
INFO - a8 44 09 08 b2 f9 fb c6
INFO - a8 44 49 10 47 a8 fe 9b
INFO - a8 44 89 18 00 01 86 a0
INFO - a8 46 89 08 b2 f9 fa fd
INFO - a8 46 c9 10 47 a8 fe b6
INFO - a8 46 09 18 00 01 86 a0
INFO - a8 48 09 08 b2 f9 fa 33
INFO - a8 48 49 10 47 a8 fe d8
INFO - a8 48 89 18 00 01 86 a0
INFO - a8 4a 89 08 b2 f9 f9 64
INFO - a8 4a c9 10 47 a8 fe f3
INFO - a8 4a 09 18 00 01 86 a0
INFO - a8 4c 09 08 b2 f9 f8 9a
INFO - a8 4c 49 10 47 a8 ff 14
INFO - a8 4c 89 18 00 01 86 a0
INFO - a8 4e 89 08 b2 f9 f7 d1
INFO - a8 4e c9 10 47 a8 ff 36
INFO - a8 4e 09 18 00 01 86 a0
INFO - a8 50 09 08 b2 f9 f7 08
INFO - a8 50 49 10 47 a8 ff 50
INFO - a8 50 89 18 00 01 86 a0
INFO - a8 52 89 08 b2 f9 f6 38
INFO - a8 52 c9 10 47 a8 ff 72
INFO - a8 52 09 18 00 01 86 a0
INFO - a8 54 09 08 b2 f9 f5 6f
INFO - a8 54 49 10 47 a8 ff 8d
INFO - a8 54 89 18 00 01 86 a0
INFO - a8 56 89 08 b2 f9 f4 a6
INFO - a8 56 c9 10 47 a8 ff ae
INFO - a8 56 09 18 00 01 86 a0
INFO - a8 58 09 08 b2 f9 f3 d6
INFO - a8 58 49 10 47 a8 ff d0
INFO - a8 58 89 18 00 01 86 a0
INFO - a8 5a 89 08 b2 f9 f3 0d
INFO - a8 5a c9 10 47 a8 ff eb
INFO - a8 5a 09 18 00 01 86 a0
INFO - a8 5c 09 08 b2 f9 f2 3d
INFO - a8 5c 49 10 47 a9 00 0c
INFO - a8 5c 89 18 00 01 86 a0
INFO - a8 5e 89 08 b2 f9 f1 74
INFO - a8 5e c9 10 47 a9 00 2e
INFO - a8 5e 09 18 00 01 86 a0
INFO - a8 60 09 08 b2 f9 f0 a4
INFO - a8 60 49 10 47 a9 00 49
INFO - a8 60 89 18 00 01 86 a0
INFO - a8 62 89 08 b2 f9 ef d4
INFO - a8 62 c9 10 47 a9 00 6a
INFO - a8 62 09 18 00 01 86 a0
INFO - a8 64 09 08 b2 f9 ef 0b
INFO - a8 64 49 10 47 a9 00 85
INFO - a8 64 89 18 00 01 86 a0
INFO - a8 66 89 08 b2 f9 ee 3b
INFO - a8 66 c9 10 47 a9 00 a6
INFO - a8 66 09 18 00 01 86 a0
INFO - a8 68 09 08 b2 f9 ed 72
INFO - a8 68 49 10 47 a9 00 c8
INFO - a8 68 89 18 00 01 86 a0
INFO - a8 6a 89 08 b2 f9 ec a2
INFO - a8 6a c9 10 47 a9 00 e3
INFO - a8 6a 09 18 00 01 86 a0
INFO - a8 6c 09 08 b2 f9 eb d9
INFO - a8 6c 49 10 47 a9 01 04
INFO - a8 6c 89 18 00 01 86 a0
INFO - a8 6e 89 08 b2 f9 eb 09
INFO - a8 6e c9 10 47 a9 01 26
INFO - a8 6e 09 18 00 01 86 a0
INFO - a8 70 09 08 b2 f9 ea 40
INFO - a8 70 49 10 47 a9 01 41
INFO - a8 70 89 18 00 01 86 a0
INFO - a8 72 89 08 b2 f9 e9 70
INFO - a8 72 c9 10 47 a9 01 62
INFO - a8 72 09 18 00 01 86 a0
INFO - a8 74 09 08 b2 f9 e8 a7
INFO - a8 74 49 10 47 a9 01 7d
INFO - a8 74 89 18 00 01 86 a0
INFO - a8 76 89 08 b2 f9 e7 d7
INFO - a8 76 c9 10 47 a9 01 9f
INFO - a8 76 09 18 00 01 86 a0
INFO - a8 78 09 08 b2 f9 e7 07
INFO - a8 78 49 10 47 a9 01 c0
INFO - a8 78 89 18 00 01 86 a0
INFO - a8 7a 89 08 b2 f9 e6 3e
INFO - a8 7a c9 10 47 a9 01 db
INFO - a8 7a 09 18 00 01 86 a0
INFO - a8 7c 09 08 b2 f9 e5 6e
INFO - a8 7c 49 10 47 a9 01 fc
INFO - a8 7c 89 18 00 01 86 a0
INFO - a8 7e 89 08 b2 f9 e4 9e
INFO - a8 7e c9 10 47 a9 02 1e
INFO - a8 7e 09 18 00 01 86 a0
INFO - a8 80 09 08 b2 f9 e3 d5
INFO - a8 80 49 10 47 a9 02 39
INFO - a8 80 89 18 00 01 86 a0
INFO - a8 82 89 08 b2 f9 e3 05
INFO - a8 82 c9 10 47 a9 02 5a
INFO - a8 82 09 18 00 01 86 a0
INFO - a8 84 09 08 b2 f9 e2 3c
INFO - a8 84 49 10 47 a9 02 7c
INFO - a8 84 89 18 00 01 86 a0
INFO - a8 86 89 08 b2 f9 e1 6c
INFO - a8 86 c9 10 47 a9 02 97
INFO - a8 86 09 18 00 01 86 a0
INFO - a8 88 09 08 b2 f9 e0 a3
INFO - a8 88 49 10 47 a9 02 b8
INFO - a8 88 89 18 00 01 86 a0
INFO - a8 8a 89 08 b2 f9 e0 1d
INFO - a8 8a c9 10 47 a9 02 cc
INFO - a8 8a 09 18 00 01 86 a0
INFO - a8 8a 49 08 b2 f9 e0 1d
INFO - a8 8a 89 10 47 a9 02 cc
INFO - a8 8a c9 18 00 01 86 a0
