INFO - 20 00 48 3c 00 0a 40 00
INFO - 20 0a 88 3c 00 0b 8c 00
INFO - 20 17 c8 3c 00 0a 95 00
INFO - 20 1a 08 3c 00 0a fc 00
INFO - 20 1a 48 3c 00 0a fc 00
INFO - 20 1e 88 3c 00 0a 99 00
INFO - 20 1e c8 3c 00 0a 99 00
INFO - 20 22 08 3c 00 0a a9 00
INFO - 20 23 48 3c 00 0a 71 00
INFO - 20 23 88 3c 00 0a 71 00
INFO - 20 23 c8 3c 00 0a 71 00
INFO - 20 2b 08 3c 00 0a be 00
INFO - 20 2d 48 3c 00 0a a2 00
INFO - 20 30 88 3c 00 0a cd 00
INFO - 20 33 c8 3c 00 0a dd 00
INFO - 20 33 08 3c 00 0a dd 00
INFO - 20 33 48 3c 00 0a dd 00
INFO - 20 36 88 3c 00 0a 73 00
INFO - 20 36 c8 3c 00 0a 73 00
INFO - 20 3a 08 3c 00 0a b2 00
INFO - 20 3a 48 3c 00 0a b2 00
INFO - 20 3f 88 3c 00 0a a9 00
INFO - 20 41 c8 3c 00 0a bb 00
INFO - 20 41 08 3c 00 0a bb 00
INFO - 20 42 48 3c 00 0a 55 00
INFO - 20 42 88 3c 00 0a 55 00
INFO - 20 42 c8 3c 00 0a 55 00
INFO - 20 4a 08 3c 00 0a bb 00
INFO - 20 5a 48 3c 00 0a b6 00
INFO - 20 5c 88 3c 00 0a 9d 00
INFO - 20 5e c8 3c 00 0a a1 00
INFO - 20 60 08 3c 00 0a b0 00
INFO - 20 61 48 3c 00 0a 73 00
INFO - 20 63 88 3c 00 0a aa 00
INFO - 20 66 c8 3c 00 0a c4 00
INFO - 20 68 08 3c 00 0a 90 00
INFO - 20 6a 48 3c 00 0a 92 00
INFO - 20 6c 88 3c 00 0a b0 00
INFO - 20 6e c8 3c 00 0a 92 00
INFO - 20 70 08 3c 00 0a a4 00
INFO - 20 72 48 3c 00 0a 9c 00
INFO - 20 74 88 3c 00 0a b7 00
INFO - 20 76 c8 3c 00 0a af 00
INFO - 20 78 08 3c 00 0a b3 00
INFO - 20 7b 48 3c 00 0a af 00
INFO - 20 7d 88 3c 00 0a c4 00
INFO - 20 7f c8 3c 00 0a a7 00
INFO - 20 81 08 3c 00 0a 9f 00
INFO - 20 83 48 3c 00 0a 7e 00
INFO - 20 85 88 3c 00 0a a9 00
INFO - 20 87 c8 3c 00 0a a5 00
INFO - 20 89 08 3c 00 0a aa 00
INFO - 20 8b 48 3c 00 0a ba 00
INFO - 20 8d 88 3c 00 0a aa 00
INFO - 20 8f c8 3c 00 0a a5 00
INFO - 20 91 08 3c 00 0a 96 00
INFO - 20 94 48 3c 00 0a bb 00
INFO - 20 95 88 3c 00 0a 92 00
INFO - 20 97 c8 3c 00 0a a1 00
INFO - 20 99 08 3c 00 0a af 00
INFO - 20 9b 48 3c 00 0a 95 00
INFO - 20 9d 88 3c 00 0a 9f 00
INFO - 20 9f c8 3c 00 0a a7 00
INFO - 20 a2 08 3c 00 0a bc 00
INFO - 20 a7 48 3c 00 0b 3b 00
INFO - 20 a9 88 3c 00 0a b9 00
INFO - 20 ab c8 3c 00 0a 85 00
INFO - 20 ad 08 3c 00 0a a4 00
INFO - 20 ae 48 3c 00 0a 83 00
INFO - 20 b0 88 3c 00 0a ba 00
INFO - 20 b2 c8 3c 00 0a ab 00
INFO - 20 b4 08 3c 00 0a 96 00
INFO - 20 b7 48 3c 00 0a bc 00
INFO - 20 b9 88 3c 00 0a a1 00
INFO - 20 bb c8 3c 00 0a b1 00
INFO - 20 be 08 3c 00 0a d7 00
INFO - 20 c0 48 3c 00 0a bd 00
INFO - 20 c2 88 3c 00 0a 8c 00
INFO - 20 c4 c8 3c 00 0a b2 00
INFO - 20 c7 08 3c 00 0a be 00
INFO - 20 c8 48 3c 00 0a 84 00
INFO - 20 cb 88 3c 00 0a e0 00
INFO - 20 cf c8 3c 00 0a f8 00
INFO - 20 d1 08 3c 00 0a a0 00
INFO - 20 d3 48 3c 00 0a a0 00
INFO - 20 d5 88 3c 00 0a b5 00
INFO - 20 d8 c8 3c 00 0a b6 00
INFO - 20 d9 08 3c 00 0a 80 00
INFO - 20 db 48 3c 00 0a a0 00
INFO - 20 dd 88 3c 00 0a a0 00
INFO - 20 de c8 3c 00 0a 80 00
INFO - 20 e0 08 3c 00 0a b6 00
INFO - 20 e2 48 3c 00 0a 96 00
INFO - 20 e4 88 3c 00 0a a1 00
INFO - 20 e6 c8 3c 00 0a a0 00
INFO - 20 e8 08 3c 00 0a 8b 00
INFO - 20 e9 48 3c 00 0a a1 00
INFO - 20 eb 88 3c 00 0a 96 00
INFO - 20 ed c8 3c 00 0a a1 00
INFO - 20 ef 08 3c 00 0a 96 00
INFO - 20 f2 48 3c 00 0a cd 00
INFO - 20 f4 88 3c 00 0a cc 00
INFO - 20 f7 c8 3c 00 0a cc 00
INFO - 20 f9 08 3c 00 0a 96 00
INFO - 20 fc 48 3c 00 0a c2 00
INFO - 20 fe 88 3c 00 0a ac 00
INFO - 21 00 c8 3c 00 0a ac 00
INFO - 21 02 08 3c 00 0a a2 00
INFO - 21 04 48 3c 00 0a 96 00
INFO - 21 05 88 3c 00 0a 98 00
INFO - 21 08 c8 3c 00 0a ac 00
INFO - 21 09 08 3c 00 0a 93 00
INFO - 21 0b 48 3c 00 0a 96 00
INFO - 21 0d 88 3c 00 0a a6 00
INFO - 21 0f c8 3c 00 0a 9e 00
INFO - 21 11 08 3c 00 0a a6 00
INFO - 21 13 48 3c 00 0a 96 00
INFO - 21 14 88 3c 00 0a 94 00
INFO - 21 16 c8 3c 00 0a a5 00
INFO - 21 19 08 3c 00 0a b7 00
INFO - 21 1b 48 3c 00 0a b8 00
INFO - 21 1e 88 3c 00 0a b8 00
INFO - 21 20 c8 3c 00 0a 9f 00
INFO - 21 23 08 3c 00 0a f1 00
INFO - 21 25 48 3c 00 0a b8 00
INFO - 21 29 88 3c 00 0a d8 00
INFO - 21 2c c8 3c 00 0b 03 00
INFO - 21 2e 08 3c 00 0a 96 00
INFO - 21 31 48 3c 00 0a bf 00
INFO - 21 33 88 3c 00 0a ae 00
INFO - 21 34 c8 3c 00 0a 7f 00
INFO - 21 37 08 3c 00 0a ce 00
INFO - 21 39 48 3c 00 0a ac 00
INFO - 21 3b 88 3c 00 0a ac 00
INFO - 21 3e c8 3c 00 0a a9 00
INFO - 21 3f 08 3c 00 0a 93 00
INFO - 21 41 48 3c 00 0a ac 00
INFO - 21 43 88 3c 00 0a 96 00
INFO - 21 45 c8 3c 00 0a 93 00
INFO - 21 46 08 3c 00 0a 8d 00
INFO - 21 49 48 3c 00 0a c0 00
INFO - 21 4b 88 3c 00 0a b6 00
INFO - 21 4d c8 3c 00 0a a8 00
INFO - 21 50 08 3c 00 0a ae 00
INFO - 21 52 48 3c 00 0a b5 00
INFO - 21 54 88 3c 00 0a 93 00
INFO - 21 57 c8 3c 00 0a d8 00
INFO - 21 59 08 3c 00 0a c1 00
INFO - 21 5b 48 3c 00 0a ab 00
INFO - 21 5e 88 3c 00 0a ac 00
INFO - 21 60 c8 3c 00 0a a8 00
INFO - 21 62 08 3c 00 0a ce 00
INFO - 21 65 48 3c 00 0a ca 00
INFO - 21 67 88 3c 00 0a ac 00
INFO - 21 6a c8 3c 00 0a a8 00
INFO - 21 6c 08 3c 00 0a c2 00
INFO - 21 6d 48 3c 00 0a 80 00
INFO - 21 6f 88 3c 00 0a 9d 00
INFO - 21 72 c8 3c 00 0a c3 00
INFO - 21 74 08 3c 00 0a b4 00
INFO - 21 76 48 3c 00 0a 88 00
INFO - 21 78 88 3c 00 0a ac 00
INFO - 21 79 c8 3c 00 0a 80 00
INFO - 21 7c 08 3c 00 0a d4 00
INFO - 21 7e 48 3c 00 0a b2 00
INFO - 21 80 88 3c 00 0a 97 00
INFO - 21 82 c8 3c 00 0a b4 00
INFO - 21 84 08 3c 00 0a 91 00
INFO - 21 86 48 3c 00 0a 8d 00
INFO - 21 88 88 3c 00 0a be 00
INFO - 21 8a c8 3c 00 0a 91 00
INFO - 21 8c 08 3c 00 0a 97 00
INFO - 21 8f 48 3c 00 0a dd 00
INFO - 21 91 88 3c 00 0a c9 00
INFO - 21 93 c8 3c 00 0a 94 00
INFO - 21 95 08 3c 00 0a b3 00
INFO - 21 97 48 3c 00 0a 94 00
INFO - 21 99 88 3c 00 0a a7 00
INFO - 21 9c c8 3c 00 0a b6 00
INFO - 21 9d 08 3c 00 0a 8a 00
INFO - 21 a0 48 3c 00 0a bc 00
INFO - 21 a1 88 3c 00 0a 8a 00
INFO - 21 a4 c8 3c 00 0a be 00
INFO - 21 a6 08 3c 00 0a a1 00
INFO - 21 a7 48 3c 00 0a 94 00
INFO - 21 a9 88 3c 00 0a 9f 00
INFO - 21 ab c8 3c 00 0a 9d 00
INFO - 21 ad 08 3c 00 0a 97 00
INFO - 21 ae 48 3c 00 0a 94 00
INFO - 21 b0 88 3c 00 0a 87 00
INFO - 21 b2 c8 3c 00 0a 96 00
INFO - 21 b4 08 3c 00 0a aa 00
INFO - 21 b6 48 3c 00 0a 9d 00
INFO - 21 b9 88 3c 00 0a d6 00
INFO - 21 bb c8 3c 00 0a b2 00
INFO - 21 bd 08 3c 00 0a 97 00
INFO - 21 bf 48 3c 00 0a bf 00
INFO - 21 c5 88 3c 00 0b 71 00
INFO - 21 c7 c8 3c 00 0a 8a 00
INFO - 21 c9 08 3c 00 0a b7 00
INFO - 21 cb 48 3c 00 0a 8a 00
INFO - 21 cd 88 3c 00 0a a8 00
INFO - 21 cf c8 3c 00 0a b7 00
INFO - 21 d1 08 3c 00 0a b5 00
INFO - 21 d4 48 3c 00 0a b5 00
INFO - 21 d6 88 3c 00 0a 9e 00
INFO - 21 d8 c8 3c 00 0a a1 00
INFO - 21 da 08 3c 00 0a ab 00
INFO - 21 dc 48 3c 00 0a 93 00
INFO - 21 de 88 3c 00 0a ad 00
INFO - 21 df c8 3c 00 0a 96 00
INFO - 21 e3 08 3c 00 0a 90 00
INFO - 21 e5 48 3c 00 0a ad 00
INFO - 21 e7 88 3c 00 0a 95 00
INFO - 21 e9 c8 3c 00 0a a3 00
INFO - 21 eb 08 3c 00 0a ac 00
INFO - 21 ec 48 3c 00 0a 95 00
INFO - 21 f0 88 3c 00 0a e5 00
INFO - 21 f2 c8 3c 00 0a b6 00
INFO - 21 f4 08 3c 00 0a a4 00
INFO - 21 f8 48 3c 00 0b 10 00
INFO - 21 fa 88 3c 00 0a 98 00
INFO - 21 fd c8 3c 00 0a d8 00
INFO - 22 01 08 3c 00 0b 09 00
INFO - 22 03 48 3c 00 0a a1 00
INFO - 22 05 88 3c 00 0a ae 00
INFO - 22 07 c8 3c 00 0a a5 00
INFO - 22 0b 08 3c 00 0a bf 00
INFO - 22 0e 48 3c 00 0a dd 00
INFO - 22 10 88 3c 00 0a 84 00
INFO - 22 12 c8 3c 00 0a a3 00
INFO - 22 14 08 3c 00 0a 9d 00
INFO - 22 16 48 3c 00 0a a3 00
INFO - 22 18 88 3c 00 0a a8 00
INFO - 22 1a c8 3c 00 0a a6 00
INFO - 22 1c 08 3c 00 0a b0 00
INFO - 22 1e 48 3c 00 0a 92 00
INFO - 22 20 88 3c 00 0a a7 00
INFO - 22 21 c8 3c 00 0a 85 00
INFO - 22 23 08 3c 00 0a 8f 00
INFO - 22 26 48 3c 00 0a e1 00
INFO - 22 28 88 3c 00 0a b6 00
INFO - 22 2b c8 3c 00 0a c0 00
INFO - 22 2e 08 3c 00 0a e4 00
INFO - 22 30 48 3c 00 0a 90 00
INFO - 22 31 88 3c 00 0a 94 00
INFO - 22 35 c8 3c 00 0a d9 00
INFO - 22 37 08 3c 00 0a a8 00
INFO - 22 39 48 3c 00 0a c4 00
INFO - 22 3c 88 3c 00 0a b5 00
INFO - 22 3f c8 3c 00 0a d1 00
INFO - 22 41 08 3c 00 0a ac 00
INFO - 22 43 48 3c 00 0a c3 00
INFO - 22 47 88 3c 00 0a e8 00
INFO - 22 48 c8 3c 00 0a 89 00
INFO - 22 4c 08 3c 00 0a f5 00
INFO - 22 4d 48 3c 00 0a 88 00
INFO - 22 4f 88 3c 00 0a ad 00
INFO - 22 52 c8 3c 00 0a ae 00
INFO - 22 56 08 3c 00 0a a2 00
INFO - 22 58 48 3c 00 0a b1 00
INFO - 22 5f 88 3c 00 0b 8c 00
INFO - 22 61 c8 3c 00 0a be 00
INFO - 22 64 08 3c 00 0a ba 00
INFO - 22 67 48 3c 00 0a d8 00
INFO - 22 69 88 3c 00 0a 7e 00
INFO - 22 6c c8 3c 00 0a b2 00
INFO - 22 6e 08 3c 00 0a af 00
INFO - 22 70 48 3c 00 0a b4 00
INFO - 22 73 88 3c 00 0a bc 00
INFO - 22 75 c8 3c 00 0a b3 00
INFO - 22 79 08 3c 00 0a fb 00
INFO - 22 7b 48 3c 00 0a b3 00
INFO - 22 7d 88 3c 00 0a a3 00
INFO - 22 7f c8 3c 00 0a b4 00
INFO - 22 82 08 3c 00 0a c9 00
INFO - 22 86 48 3c 00 0a de 00
INFO - 22 89 88 3c 00 0a be 00
INFO - 22 8b c8 3c 00 0a b4 00
INFO - 22 8e 08 3c 00 0a bf 00
INFO - 22 90 48 3c 00 0a 99 00
INFO - 22 92 88 3c 00 0a be 00
INFO - 22 95 c8 3c 00 0a c1 00
INFO - 22 97 08 3c 00 0a bf 00
INFO - 22 9a 48 3c 00 0a c2 00
INFO - 22 9c 88 3c 00 0a bf 00
INFO - 22 9f c8 3c 00 0a c2 00
INFO - 22 a2 08 3c 00 0a c1 00
INFO - 22 a5 48 3c 00 0a ce 00
INFO - 22 a8 88 3c 00 0a da 00
INFO - 22 a9 c8 3c 00 0a 99 00
INFO - 22 ad 08 3c 00 0a e8 00
INFO - 22 b0 48 3c 00 0a cf 00
INFO - 22 b2 88 3c 00 0a 9a 00
INFO - 22 b4 c8 3c 00 0a 81 00
INFO - 22 b8 08 3c 00 0a f5 00
INFO - 22 bb 48 3c 00 0a e7 00
INFO - 22 bd 88 3c 00 0a a6 00
INFO - 22 c0 c8 3c 00 0a dc 00
INFO - 22 c2 08 3c 00 0a a5 00
INFO - 22 c5 48 3c 00 0a c2 00
INFO - 22 c7 88 3c 00 0a 9a 00
INFO - 22 ca c8 3c 00 0a e6 00
INFO - 22 cc 08 3c 00 0a a5 00
INFO - 22 ce 48 3c 00 0a 8d 00
INFO - 22 d0 88 3c 00 0a c2 00
INFO - 22 d2 c8 3c 00 0a 98 00
INFO - 22 d4 08 3c 00 0a b4 00
INFO - 22 d7 48 3c 00 0a b2 00
INFO - 22 da 88 3c 00 0a ce 00
INFO - 22 db c8 3c 00 0a 9a 00
INFO - 22 dd 08 3c 00 0a a5 00
INFO - 22 e0 48 3c 00 0a c2 00
INFO - 22 e2 88 3c 00 0a 99 00
INFO - 22 e5 c8 3c 00 0a dc 00
INFO - 22 e8 08 3c 00 0a d9 00
INFO - 22 eb 48 3c 00 0a c3 00
INFO - 22 ee 88 3c 00 0a e8 00
INFO - 22 f0 c8 3c 00 0a a7 00
INFO - 22 f4 08 3c 00 0b 0f 00
INFO - 22 f7 48 3c 00 0a dc 00
INFO - 22 fc 88 3c 00 0b 29 00
INFO - 22 fe c8 3c 00 0a b3 00
INFO - 23 01 08 3c 00 0a c3 00
INFO - 23 03 48 3c 00 0a b3 00
INFO - 23 05 88 3c 00 0a a9 00
INFO - 23 0b c8 3c 00 0b 51 00
INFO - 23 0e 08 3c 00 0a d0 00
INFO - 23 10 48 3c 00 0a c3 00
INFO - 23 13 88 3c 00 0a c0 00
INFO - 23 15 c8 3c 00 0a 90 00
INFO - 23 17 08 3c 00 0a c0 00
INFO - 23 1a 48 3c 00 0a b7 00
INFO - 23 1c 88 3c 00 0a b3 00
INFO - 23 20 c8 3c 00 0a f8 00
INFO - 23 22 08 3c 00 0a b5 00
INFO - 23 24 48 3c 00 0a b5 00
INFO - 23 27 88 3c 00 0a c0 00
INFO - 23 29 c8 3c 00 0a a9 00
INFO - 23 2b 08 3c 00 0a 9b 00
INFO - 23 2e 48 3c 00 0a db 00
INFO - 23 31 88 3c 00 0a d9 00
INFO - 23 35 c8 3c 00 0a f7 00
INFO - 23 37 08 3c 00 0a a6 00
INFO - 23 39 48 3c 00 0a c3 00
INFO - 23 3c 88 3c 00 0a b3 00
INFO - 23 3f c8 3c 00 0a dd 00
INFO - 23 41 08 3c 00 0a be 00
INFO - 23 44 48 3c 00 0a ce 00
INFO - 23 48 88 3c 00 0a e9 00
INFO - 23 4a c8 3c 00 0a b2 00
INFO - 23 4d 08 3c 00 0a cf 00
INFO - 23 4e 48 3c 00 0a 8d 00
INFO - 23 51 88 3c 00 0a be 00
INFO - 23 53 c8 3c 00 0a b5 00
INFO - 23 56 08 3c 00 0a c0 00
INFO - 23 58 48 3c 00 0a a6 00
INFO - 23 5a 88 3c 00 0a b2 00
INFO - 23 5e c8 3c 00 0a f3 00
INFO - 23 61 08 3c 00 0a cf 00
INFO - 23 63 48 3c 00 0a c1 00
INFO - 23 67 88 3c 00 0b 01 00
INFO - 23 69 c8 3c 00 0a b4 00
INFO - 23 6c 08 3c 00 0a cd 00
INFO - 23 6f 48 3c 00 0a d8 00
INFO - 23 72 88 3c 00 0a 75 00
INFO - 23 73 c8 3c 00 0a 9a 00
INFO - 23 76 08 3c 00 0a ce 00
INFO - 23 79 48 3c 00 0a d9 00
INFO - 23 7c 88 3c 00 0a dc 00
INFO - 23 7f c8 3c 00 0a b7 00
INFO - 23 82 08 3c 00 0a e7 00
INFO - 23 84 48 3c 00 0a 9d 00
INFO - 23 87 88 3c 00 0a dc 00
INFO - 23 89 c8 3c 00 0a 8b 00
INFO - 23 8c 08 3c 00 0a f7 00
INFO - 23 90 48 3c 00 0a e5 00
INFO - 23 91 88 3c 00 0a 8a 00
INFO - 23 94 c8 3c 00 0a d0 00
INFO - 23 98 08 3c 00 0b 04 00
INFO - 23 9a 48 3c 00 0a 9c 00
INFO - 23 9d 88 3c 00 0a ce 00
INFO - 23 a0 c8 3c 00 0a df 00
INFO - 23 a2 08 3c 00 0a 9a 00
INFO - 23 a5 48 3c 00 0a df 00
INFO - 23 a9 88 3c 00 0b 12 00
INFO - 23 ab c8 3c 00 0a 9a 00
INFO - 23 af 08 3c 00 0a ee 00
INFO - 23 b2 48 3c 00 0a cd 00
INFO - 23 b4 88 3c 00 0a b8 00
INFO - 23 b6 c8 3c 00 0a a7 00
INFO - 23 b8 08 3c 00 0a b8 00
INFO - 23 bc 48 3c 00 0a ea 00
INFO - 23 be 88 3c 00 0a a9 00
INFO - 23 c1 c8 3c 00 0a db 00
INFO - 23 c4 08 3c 00 0a dd 00
INFO - 23 c6 48 3c 00 0a ab 00
INFO - 23 cb 88 3c 00 0b 11 00
INFO - 23 ce c8 3c 00 0a da 00
INFO - 23 d0 08 3c 00 0a 9d 00
INFO - 23 d3 48 3c 00 0a dc 00
INFO - 23 d5 88 3c 00 0a a8 00
INFO - 23 d7 c8 3c 00 0a 99 00
INFO - 23 da 08 3c 00 0a eb 00
INFO - 23 dc 48 3c 00 0a a6 00
INFO - 23 de 88 3c 00 0a 9e 00
INFO - 23 e1 c8 3c 00 0a cf 00
INFO - 23 e4 08 3c 00 0a d0 00
INFO - 23 e6 48 3c 00 0a 99 00
INFO - 23 e9 88 3c 00 0a dd 00
INFO - 23 eb c8 3c 00 0a 9d 00
INFO - 23 ed 08 3c 00 0a b7 00
INFO - 23 f0 48 3c 00 0a e8 00
INFO - 23 f2 88 3c 00 0a 91 00
INFO - 23 f5 c8 3c 00 0a dd 00
INFO - 23 f7 08 3c 00 0a b4 00
INFO - 23 fb 48 3c 00 0a e0 00
INFO - 23 fe 88 3c 00 0a f6 00
INFO - 24 01 c8 3c 00 0a c5 00
INFO - 24 03 08 3c 00 0a a9 00
INFO - 24 05 48 3c 00 0a b4 00
INFO - 24 09 88 3c 00 0a e0 00
INFO - 24 0b c8 3c 00 0a b4 00
INFO - 24 0e 08 3c 00 0a e0 00
INFO - 24 11 48 3c 00 0a b4 00
INFO - 24 14 88 3c 00 0a e0 00
INFO - 24 16 c8 3c 00 0a a6 00
INFO - 24 19 08 3c 00 0a c5 00
INFO - 24 1b 48 3c 00 0a d0 00
INFO - 24 1e 88 3c 00 0a 81 00
INFO - 24 20 c8 3c 00 0a a9 00
INFO - 24 23 08 3c 00 0a c0 00
INFO - 24 25 48 3c 00 0a 9d 00
INFO - 24 27 88 3c 00 0a b5 00
INFO - 24 2b c8 3c 00 0a f6 00
INFO - 24 2d 08 3c 00 0a a8 00
INFO - 24 2f 48 3c 00 0a b2 00
INFO - 24 32 88 3c 00 0a d0 00
INFO - 24 34 c8 3c 00 0a b2 00
INFO - 24 38 08 3c 00 0a f6 00
INFO - 24 3a 48 3c 00 0a b2 00
INFO - 24 3c 88 3c 00 0a b5 00
INFO - 24 3e c8 3c 00 0a a5 00
INFO - 24 42 08 3c 00 0a e8 00
INFO - 24 44 48 3c 00 0a b1 00
INFO - 24 47 88 3c 00 0a cf 00
INFO - 24 4b c8 3c 00 0b 0a 00
INFO - 24 4d 08 3c 00 0a a6 00
INFO - 24 51 48 3c 00 0a e8 00
INFO - 24 53 88 3c 00 0a be 00
INFO - 24 55 c8 3c 00 0a 9c 00
INFO - 24 58 08 3c 00 0a f1 00
INFO - 24 5b 48 3c 00 0a a9 00
INFO - 24 5d 88 3c 00 0a c1 00
INFO - 24 5f c8 3c 00 0a 97 00
INFO - 24 62 08 3c 00 0a dd 00
INFO - 24 66 48 3c 00 0b 1b 00
INFO - 24 68 88 3c 00 0a 9a 00
INFO - 24 6b c8 3c 00 0a ce 00
INFO - 24 6d 08 3c 00 0a b5 00
INFO - 24 70 48 3c 00 0a ca 00
INFO - 24 73 88 3c 00 0a b8 00
INFO - 24 75 c8 3c 00 0a b2 00
INFO - 24 78 08 3c 00 0a d2 00
INFO - 24 7b 48 3c 00 0a e9 00
INFO - 24 7d 88 3c 00 0a a9 00
INFO - 24 80 c8 3c 00 0a cb 00
INFO - 24 83 08 3c 00 0a b8 00
INFO - 24 86 48 3c 00 0a c4 00
INFO - 24 88 88 3c 00 0a c6 00
INFO - 24 8b c8 3c 00 0a c3 00
INFO - 24 8d 08 3c 00 0a 9d 00
INFO - 24 91 48 3c 00 0a f8 00
INFO - 24 93 88 3c 00 0a b0 00
INFO - 24 96 c8 3c 00 0a ca 00
INFO - 24 99 08 3c 00 0a d9 00
INFO - 24 9b 48 3c 00 0a ad 00
INFO - 24 9d 88 3c 00 0a a5 00
INFO - 24 a0 c8 3c 00 0a e2 00
INFO - 24 a2 08 3c 00 0a 9d 00
INFO - 24 a4 48 3c 00 0a a3 00
INFO - 24 a7 88 3c 00 0a d1 00
INFO - 24 ab c8 3c 00 0a f2 00
INFO - 24 ad 08 3c 00 0a a4 00
INFO - 24 af 48 3c 00 0a be 00
INFO - 24 b2 88 3c 00 0a d8 00
INFO - 24 b5 c8 3c 00 0a d8 00
INFO - 24 b7 08 3c 00 0a a5 00
INFO - 24 ba 48 3c 00 0a e2 00
INFO - 24 bd 88 3c 00 0a ac 00
INFO - 24 c0 c8 3c 00 0a e0 00
INFO - 24 c3 08 3c 00 0a d2 00
INFO - 24 c6 48 3c 00 0a cd 00
INFO - 24 c9 88 3c 00 0a d8 00
INFO - 24 cb c8 3c 00 0a cd 00
INFO - 24 ce 08 3c 00 0a d5 00
INFO - 24 d1 48 3c 00 0a bc 00
INFO - 24 d4 88 3c 00 0a d4 00
INFO - 24 d7 c8 3c 00 0a c4 00
INFO - 24 d9 08 3c 00 0a aa 00
INFO - 24 db 48 3c 00 0a c0 00
INFO - 24 de 88 3c 00 0a b1 00
INFO - 24 e1 c8 3c 00 0a e1 00
INFO - 24 e3 08 3c 00 0a b9 00
INFO - 24 e6 48 3c 00 0a 87 00
INFO - 24 e8 88 3c 00 0a b3 00
INFO - 24 ea c8 3c 00 0a a6 00
INFO - 24 ed 08 3c 00 0a b0 00
INFO - 24 ee 48 3c 00 0a 98 00
INFO - 24 f1 88 3c 00 0a bf 00
INFO - 24 f3 c8 3c 00 0a b9 00
INFO - 24 f6 08 3c 00 0a c0 00
INFO - 24 f8 48 3c 00 0a b2 00
INFO - 24 fd 88 3c 00 0b 31 00
INFO - 25 01 c8 3c 00 0b 17 00
INFO - 25 03 08 3c 00 0a 9f 00
INFO - 25 07 48 3c 00 0a ee 00
INFO - 25 09 88 3c 00 0a b8 00
INFO - 25 0e c8 3c 00 0b 16 00
INFO - 25 11 08 3c 00 0a f3 00
INFO - 25 15 48 3c 00 0b 07 00
INFO - 25 19 88 3c 00 0a e7 00
INFO - 25 1b c8 3c 00 0a be 00
INFO - 25 1e 08 3c 00 0a cb 00
INFO - 25 21 48 3c 00 0a df 00
INFO - 25 23 88 3c 00 0a 9c 00
INFO - 25 25 c8 3c 00 0a a3 00
INFO - 25 27 08 3c 00 0a be 00
INFO - 25 29 48 3c 00 0a a3 00
INFO - 25 2c 88 3c 00 0a af 00
INFO - 25 2e c8 3c 00 0a 9e 00
INFO - 25 31 08 3c 00 0a de 00
INFO - 25 33 48 3c 00 0a a8 00
INFO - 25 35 88 3c 00 0a a3 00
INFO - 25 38 c8 3c 00 0a d7 00
INFO - 25 3a 08 3c 00 0a aa 00
INFO - 25 3d 48 3c 00 0a c4 00
INFO - 25 40 88 3c 00 0a d5 00
INFO - 25 43 c8 3c 00 0a e7 00
INFO - 25 45 08 3c 00 0a a1 00
INFO - 25 48 48 3c 00 0a e7 00
INFO - 25 4b 88 3c 00 0a d6 00
INFO - 25 4d c8 3c 00 0a a5 00
INFO - 25 51 08 3c 00 0a fa 00
INFO - 25 54 48 3c 00 0a b6 00
INFO - 25 56 88 3c 00 0a b0 00
INFO - 25 59 c8 3c 00 0a d7 00
INFO - 25 5b 08 3c 00 0a 94 00
INFO - 25 5d 48 3c 00 0a cd 00
INFO - 25 60 88 3c 00 0a c9 00
INFO - 25 63 c8 3c 00 0a bf 00
INFO - 25 65 08 3c 00 0a b1 00
INFO - 25 69 48 3c 00 0b 01 00
INFO - 25 6b 88 3c 00 0a bc 00
INFO - 25 6e c8 3c 00 0a b3 00
INFO - 25 70 08 3c 00 0a af 00
INFO - 25 73 48 3c 00 0a c1 00
INFO - 25 75 88 3c 00 0a ca 00
INFO - 25 78 c8 3c 00 0a c0 00
INFO - 25 7b 08 3c 00 0a d3 00
INFO - 25 7e 48 3c 00 0a ac 00
INFO - 25 81 88 3c 00 0a fb 00
INFO - 25 85 c8 3c 00 0a f3 00
INFO - 25 87 08 3c 00 0a c1 00
INFO - 25 8b 48 3c 00 0a f6 00
INFO - 25 90 88 3c 00 0a ad 00
INFO - 25 92 c8 3c 00 0a ab 00
INFO - 25 94 08 3c 00 0a b2 00
INFO - 25 97 48 3c 00 0a dc 00
INFO - 25 99 88 3c 00 0a 88 00
INFO - 25 9c c8 3c 00 0a f7 00
INFO - 25 9f 08 3c 00 0a b9 00
INFO - 25 a1 48 3c 00 0a c5 00
INFO - 25 a4 88 3c 00 0a b3 00
INFO - 25 a6 c8 3c 00 0a b2 00
INFO - 25 a8 08 3c 00 0a 98 00
INFO - 25 aa 48 3c 00 0a 80 00
INFO - 25 ad 88 3c 00 0a ad 00
INFO - 25 af c8 3c 00 0a ac 00
INFO - 25 b1 08 3c 00 0a c6 00
INFO - 25 b4 48 3c 00 0a b2 00
INFO - 25 b7 88 3c 00 0a ef 00
INFO - 25 b9 c8 3c 00 0a a7 00
INFO - 25 bc 08 3c 00 0a e0 00
INFO - 25 bf 48 3c 00 0a c6 00
INFO - 25 c3 88 3c 00 0a eb 00
INFO - 25 c5 c8 3c 00 0a be 00
INFO - 25 ce 08 3c 00 0b e3 00
INFO - 25 cf 48 3c 00 0a 97 00
INFO - 25 d2 88 3c 00 0a da 00
INFO - 25 d6 c8 3c 00 0a da 00
INFO - 25 d7 08 3c 00 0a 87 00
INFO - 25 db 48 3c 00 0a f3 00
INFO - 25 de 88 3c 00 0a d7 00
INFO - 25 df c8 3c 00 0a 98 00
INFO - 25 e2 08 3c 00 0a d0 00
INFO - 25 e5 48 3c 00 0a b6 00
INFO - 25 e7 88 3c 00 0a c5 00
INFO - 25 e9 c8 3c 00 0a 94 00
INFO - 25 ed 08 3c 00 0a f7 00
INFO - 25 ef 48 3c 00 0a b1 00
INFO - 25 f2 88 3c 00 0a e9 00
INFO - 25 f5 c8 3c 00 0a d0 00
INFO - 25 f7 08 3c 00 0a 9c 00
INFO - 25 fa 48 3c 00 0a ba 00
INFO - 25 fc 88 3c 00 0a cb 00
INFO - 25 fe c8 3c 00 0a 9a 00
INFO - 26 00 08 3c 00 0a a2 00
INFO - 26 03 48 3c 00 0a c2 00
INFO - 26 06 88 3c 00 0a c8 00
INFO - 26 09 c8 3c 00 0a f0 00
INFO - 26 0d 08 3c 00 0a ff 00
INFO - 26 0f 48 3c 00 0a a0 00
INFO - 26 12 88 3c 00 0a e4 00
INFO - 26 15 c8 3c 00 0a c3 00
INFO - 26 18 08 3c 00 0a dc 00
INFO - 26 1a 48 3c 00 0a a2 00
INFO - 26 1d 88 3c 00 0a dd 00
INFO - 26 1f c8 3c 00 0a a2 00
INFO - 26 23 08 3c 00 0a fd 00
INFO - 26 25 48 3c 00 0a a5 00
INFO - 26 28 88 3c 00 0a be 00
INFO - 26 2b c8 3c 00 0a eb 00
INFO - 26 2e 08 3c 00 0a b5 00
INFO - 26 30 48 3c 00 0a a4 00
INFO - 26 33 88 3c 00 0a c9 00
INFO - 26 36 c8 3c 00 0a de 00
INFO - 26 39 08 3c 00 0a d1 00
INFO - 26 3c 48 3c 00 0a d8 00
INFO - 26 3f 88 3c 00 0a dc 00
INFO - 26 41 c8 3c 00 0a b8 00
INFO - 26 44 08 3c 00 0a d2 00
INFO - 26 47 48 3c 00 0a c3 00
INFO - 26 49 88 3c 00 0a b2 00
INFO - 26 4b c8 3c 00 0a af 00
INFO - 26 4e 08 3c 00 0a b8 00
INFO - 26 51 48 3c 00 0a d0 00
INFO - 26 54 88 3c 00 0a e6 00
INFO - 26 57 c8 3c 00 0a e5 00
INFO - 26 59 08 3c 00 0a a2 00
INFO - 26 5d 48 3c 00 0a fa 00
INFO - 26 5f 88 3c 00 0a b6 00
INFO - 26 62 c8 3c 00 0a b1 00
INFO - 26 63 08 3c 00 0a 88 00
INFO - 26 67 48 3c 00 0b 06 00
INFO - 26 6a 88 3c 00 0a b8 00
INFO - 26 6b c8 3c 00 0a a1 00
INFO - 26 6f 08 3c 00 0a e5 00
INFO - 26 72 48 3c 00 0a e5 00
INFO - 26 76 88 3c 00 0a a6 00
INFO - 26 78 c8 3c 00 0a a4 00
INFO - 26 7b 08 3c 00 0a b6 00
INFO - 26 7f 48 3c 00 0b 26 00
INFO - 26 81 88 3c 00 0a a4 00
INFO - 26 84 c8 3c 00 0a d7 00
INFO - 26 87 08 3c 00 0a cb 00
INFO - 26 89 48 3c 00 0a b1 00
INFO - 26 8c 88 3c 00 0a d9 00
INFO - 26 8f c8 3c 00 0a d8 00
INFO - 26 92 08 3c 00 0a b1 00
INFO - 26 95 48 3c 00 0a d7 00
INFO - 26 97 88 3c 00 0a b2 00
INFO - 26 9a c8 3c 00 0a c9 00
INFO - 26 9d 08 3c 00 0a e7 00
INFO - 26 a0 48 3c 00 0a d8 00
INFO - 26 a2 88 3c 00 0a a4 00
INFO - 26 a6 c8 3c 00 0a ff 00
INFO - 26 a8 08 3c 00 0a 98 00
INFO - 26 ab 48 3c 00 0a d6 00
INFO - 26 af 88 3c 00 0a fa 00
INFO - 26 b1 c8 3c 00 0a c0 00
INFO - 26 b3 08 3c 00 0a a2 00
INFO - 26 b6 48 3c 00 0a b7 00
INFO - 26 b7 88 3c 00 0a 8b 00
INFO - 26 bc c8 3c 00 0b 2f 00
INFO - 26 bf 08 3c 00 0a c9 00
INFO - 26 c1 48 3c 00 0a a5 00
INFO - 26 c3 88 3c 00 0a af 00
INFO - 26 c5 c8 3c 00 0a b6 00
INFO - 26 c7 08 3c 00 0a 99 00
INFO - 26 cb 48 3c 00 0a ec 00
INFO - 26 cd 88 3c 00 0a ba 00
INFO - 26 cf c8 3c 00 0a 9d 00
INFO - 26 d2 08 3c 00 0a cd 00
INFO - 26 d4 48 3c 00 0a c7 00
INFO - 26 d6 88 3c 00 0a a6 00
INFO - 26 db c8 3c 00 0b 12 00
INFO - 26 df 08 3c 00 0b 08 00
INFO - 26 e1 48 3c 00 0a 9a 00
INFO - 26 e2 88 3c 00 0a 9e 00
INFO - 26 e5 c8 3c 00 0a a8 00
INFO - 26 e7 08 3c 00 0a a6 00
INFO - 26 eb 48 3c 00 0b 04 00
INFO - 26 ed 88 3c 00 0a b8 00
INFO - 26 ef c8 3c 00 0a aa 00
INFO - 26 f1 08 3c 00 0a a6 00
INFO - 26 f3 48 3c 00 0a 9f 00
INFO - 26 f5 88 3c 00 0a b6 00
INFO - 26 f8 c8 3c 00 0a b4 00
INFO - 26 fa 08 3c 00 0a b8 00
INFO - 26 fc 48 3c 00 0a 9d 00
INFO - 26 fe 88 3c 00 0a 99 00
INFO - 27 00 c8 3c 00 0a c3 00
INFO - 27 02 08 3c 00 0a 9c 00
INFO - 27 04 48 3c 00 0a ac 00
INFO - 27 06 88 3c 00 0a 9c 00
INFO - 27 09 c8 3c 00 0a b7 00
INFO - 27 0d 08 3c 00 0b 1e 00
INFO - 27 11 48 3c 00 0a ee 00
INFO - 27 13 88 3c 00 0a a8 00
INFO - 27 15 c8 3c 00 0a c7 00
INFO - 27 1b 08 3c 00 0b 48 00
INFO - 27 1e 48 3c 00 0a ea 00
INFO - 27 21 88 3c 00 0a ba 00
INFO - 27 23 c8 3c 00 0a 7b 00
INFO - 27 25 08 3c 00 0a ad 00
INFO - 27 28 48 3c 00 0a dd 00
INFO - 27 2e 88 3c 00 0b 49 00
INFO - 27 30 c8 3c 00 0a c8 00
INFO - 27 33 08 3c 00 0a aa 00
INFO - 27 35 48 3c 00 0a ab 00
INFO - 27 37 88 3c 00 0a a8 00
INFO - 27 3a c8 3c 00 0a d5 00
INFO - 27 3d 08 3c 00 0a d3 00
INFO - 27 40 48 3c 00 0a d3 00
INFO - 27 42 88 3c 00 0a c6 00
INFO - 27 46 c8 3c 00 0a e1 00
INFO - 27 48 08 3c 00 0a b6 00
INFO - 27 4b 48 3c 00 0a c6 00
INFO - 27 4d 88 3c 00 0a c8 00
INFO - 27 50 c8 3c 00 0a d3 00
INFO - 27 53 08 3c 00 0a c6 00
INFO - 27 56 48 3c 00 0a c6 00
INFO - 27 58 88 3c 00 0a b7 00
INFO - 27 5c c8 3c 00 0a ef 00
INFO - 27 5e 08 3c 00 0a bb 00
INFO - 27 61 48 3c 00 0a d2 00
INFO - 27 64 88 3c 00 0a e3 00
INFO - 27 68 c8 3c 00 0a e1 00
INFO - 27 6a 08 3c 00 0a c8 00
INFO - 27 6d 48 3c 00 0a b8 00
INFO - 27 70 88 3c 00 0a c9 00
INFO - 27 72 c8 3c 00 0a b8 00
INFO - 27 76 08 3c 00 0a f1 00
INFO - 27 78 48 3c 00 0a c9 00
INFO - 27 7c 88 3c 00 0a e2 00
INFO - 27 7e c8 3c 00 0a ca 00
INFO - 27 81 08 3c 00 0a b9 00
INFO - 27 83 48 3c 00 0a a1 00
INFO - 27 86 88 3c 00 0a e4 00
INFO - 27 89 c8 3c 00 0a c8 00
INFO - 27 8c 08 3c 00 0a e2 00
INFO - 27 90 48 3c 00 0b 02 00
INFO - 27 93 88 3c 00 0a c9 00
INFO - 27 95 c8 3c 00 0a a0 00
INFO - 27 98 08 3c 00 0b 00 00
INFO - 27 9c 48 3c 00 0a d8 00
INFO - 27 9d 88 3c 00 0a 84 00
INFO - 27 a0 c8 3c 00 0a e4 00
INFO - 27 a3 08 3c 00 0a ca 00
INFO - 27 a7 48 3c 00 0b 01 00
INFO - 27 a9 88 3c 00 0a b1 00
INFO - 27 ad c8 3c 00 0a f2 00
INFO - 27 af 08 3c 00 0a a3 00
INFO - 27 b3 48 3c 00 0a ff 00
INFO - 27 b5 88 3c 00 0a bf 00
INFO - 27 b7 c8 3c 00 0a a1 00
INFO - 27 bb 08 3c 00 0a f4 00
INFO - 27 be 48 3c 00 0a d7 00
INFO - 27 c0 88 3c 00 0a bf 00
INFO - 27 c3 c8 3c 00 0a 85 00
INFO - 27 c5 08 3c 00 0a b1 00
INFO - 27 c7 48 3c 00 0a a2 00
INFO - 27 cb 88 3c 00 0a e7 00
INFO - 27 cd c8 3c 00 0a ca 00
INFO - 27 d0 08 3c 00 0a b1 00
INFO - 27 d2 48 3c 00 0a ca 00
INFO - 27 d5 88 3c 00 0a bf 00
INFO - 27 d8 c8 3c 00 0a be 00
INFO - 27 db 08 3c 00 0a e3 00
INFO - 27 dd 48 3c 00 0a a1 00
INFO - 27 e0 88 3c 00 0a e6 00
INFO - 27 e2 c8 3c 00 0a b1 00
INFO - 27 e6 08 3c 00 0a e5 00
INFO - 27 e9 48 3c 00 0a f6 00
INFO - 27 ec 88 3c 00 0a ca 00
INFO - 27 f0 c8 3c 00 0a f4 00
INFO - 27 f2 08 3c 00 0a c0 00
INFO - 27 f6 48 3c 00 0a f4 00
INFO - 27 f9 88 3c 00 0a cb 00
INFO - 27 fb c8 3c 00 0a bf 00
INFO - 27 fe 08 3c 00 0a d7 00
INFO - 28 02 48 3c 00 0a db 00
INFO - 28 04 88 3c 00 0a af 00
INFO - 28 09 c8 3c 00 0b 2c 00
INFO - 28 0b 08 3c 00 0a ca 00
INFO - 28 0d 48 3c 00 0a a1 00
INFO - 28 11 88 3c 00 0a e7 00
INFO - 28 14 c8 3c 00 0a ca 00
INFO - 28 16 08 3c 00 0a b1 00
INFO - 28 1a 48 3c 00 0b 03 00
INFO - 28 1d 88 3c 00 0a f7 00
INFO - 28 20 c8 3c 00 0a ca 00
INFO - 28 25 08 3c 00 0b 3d 00
INFO - 28 29 48 3c 00 0a f4 00
INFO - 28 2c 88 3c 00 0a cd 00
INFO - 28 2f c8 3c 00 0a da 00
INFO - 28 31 08 3c 00 0a af 00
INFO - 28 33 48 3c 00 0a b1 00
INFO - 28 37 88 3c 00 0a e9 00
INFO - 28 3a c8 3c 00 0a cb 00
INFO - 28 3c 08 3c 00 0a ce 00
INFO - 28 3f 48 3c 00 0a be 00
INFO - 28 43 88 3c 00 0a 91 00
INFO - 28 46 c8 3c 00 0a bf 00
INFO - 28 49 08 3c 00 0a da 00
INFO - 28 4b 48 3c 00 0a a2 00
INFO - 28 4d 88 3c 00 0a a1 00
INFO - 28 4f c8 3c 00 0a a2 00
INFO - 28 52 08 3c 00 0a cc 00
INFO - 28 55 48 3c 00 0a e7 00
INFO - 28 58 88 3c 00 0a cb 00
INFO - 28 5c c8 3c 00 0a f4 00
INFO - 28 5e 08 3c 00 0a a2 00
INFO - 28 60 48 3c 00 0a bd 00
INFO - 28 62 88 3c 00 0a a2 00
INFO - 28 64 c8 3c 00 0a af 00
INFO - 28 68 08 3c 00 0a f5 00
INFO - 28 6a 48 3c 00 0a 93 00
INFO - 28 6c 88 3c 00 0a b0 00
INFO - 28 6e c8 3c 00 0a 96 00
INFO - 28 70 08 3c 00 0a c5 00
INFO - 28 76 48 3c 00 0b 0f 00
INFO - 28 78 88 3c 00 0a be 00
INFO - 28 7a c8 3c 00 0a ae 00
INFO - 28 7c 08 3c 00 0a a2 00
INFO - 28 7f 48 3c 00 0a ad 00
INFO - 28 81 88 3c 00 0a a3 00
INFO - 28 83 c8 3c 00 0a ad 00
INFO - 28 86 08 3c 00 0a cb 00
INFO - 28 89 48 3c 00 0a f4 00
INFO - 28 8c 88 3c 00 0a cc 00
INFO - 28 91 c8 3c 00 0b 2b 00
INFO - 28 94 08 3c 00 0a e4 00
INFO - 28 97 48 3c 00 0a da 00
INFO - 28 a1 88 3c 00 0b fe 00
INFO - 28 a3 c8 3c 00 0a bf 00
INFO - 28 a6 08 3c 00 0a ba 00
INFO - 28 a8 48 3c 00 0a bd 00
INFO - 28 ab 88 3c 00 0a bd 00
INFO - 28 ad c8 3c 00 0a c9 00
INFO - 28 b0 08 3c 00 0a cd 00
INFO - 28 b2 48 3c 00 0a ac 00
INFO - 28 b5 88 3c 00 0a ca 00
INFO - 28 b8 c8 3c 00 0a cb 00
INFO - 28 ba 08 3c 00 0a b1 00
INFO - 28 bd 48 3c 00 0a e5 00
INFO - 28 c0 88 3c 00 0a ba 00
INFO - 28 c2 c8 3c 00 0a bc 00
INFO - 28 c5 08 3c 00 0a d8 00
INFO - 28 c9 48 3c 00 0a da 00
INFO - 28 cc 88 3c 00 0a e3 00
INFO - 28 cf c8 3c 00 0a d7 00
INFO - 28 d1 08 3c 00 0a af 00
INFO - 28 d4 48 3c 00 0a bf 00
INFO - 28 d7 88 3c 00 0a d5 00
INFO - 28 d9 c8 3c 00 0a bf 00
INFO - 28 dc 08 3c 00 0a d5 00
INFO - 28 df 48 3c 00 0a d7 00
INFO - 28 e3 88 3c 00 0a e9 00
INFO - 28 e6 c8 3c 00 0a d4 00
INFO - 28 e8 08 3c 00 0a af 00
INFO - 28 eb 48 3c 00 0a d8 00
INFO - 28 ed 88 3c 00 0a a4 00
INFO - 28 ef c8 3c 00 0a 7d 00
INFO - 28 f2 08 3c 00 0a ca 00
INFO - 28 f5 48 3c 00 0a ca 00
INFO - 28 f9 88 3c 00 0b 04 00
INFO - 28 fb c8 3c 00 0a ba 00
INFO - 28 fe 08 3c 00 0a b1 00
INFO - 29 01 48 3c 00 0a e5 00
INFO - 29 04 88 3c 00 0a c7 00
INFO - 29 07 c8 3c 00 0a da 00
INFO - 29 09 08 3c 00 0a c6 00
INFO - 29 0c 48 3c 00 0a c9 00
INFO - 29 0e 88 3c 00 0a 99 00
INFO - 29 11 c8 3c 00 0a bd 00
INFO - 29 14 08 3c 00 0a d3 00
INFO - 29 16 48 3c 00 0a ae 00
INFO - 29 19 88 3c 00 0a c8 00
INFO - 29 1b c8 3c 00 0a be 00
INFO - 29 1e 08 3c 00 0a d4 00
INFO - 29 20 48 3c 00 0a ac 00
INFO - 29 23 88 3c 00 0a d6 00
INFO - 29 26 c8 3c 00 0a cc 00
INFO - 29 29 08 3c 00 0a e1 00
INFO - 29 2b 48 3c 00 0a a2 00
INFO - 29 2e 88 3c 00 0a d3 00
INFO - 29 31 c8 3c 00 0a af 00
INFO - 29 34 08 3c 00 0a e1 00
INFO - 29 36 48 3c 00 0a bc 00
INFO - 29 3b 88 3c 00 0b 17 00
INFO - 29 3d c8 3c 00 0a c8 00
INFO - 29 40 08 3c 00 0a ca 00
INFO - 29 42 48 3c 00 0a 9c 00
INFO - 29 44 88 3c 00 0a ac 00
INFO - 29 47 c8 3c 00 0a d5 00
INFO - 29 4b 08 3c 00 0a f0 00
INFO - 29 4d 48 3c 00 0a 9f 00
INFO - 29 50 88 3c 00 0a f3 00
INFO - 29 53 c8 3c 00 0a d5 00
INFO - 29 56 08 3c 00 0a c4 00
INFO - 29 5a 48 3c 00 0b 0d 00
INFO - 29 5e 88 3c 00 0a fa 00
INFO - 29 60 c8 3c 00 0a af 00
INFO - 29 62 08 3c 00 0a 9b 00
INFO - 29 64 48 3c 00 0a c9 00
INFO - 29 66 88 3c 00 0a 9b 00
INFO - 29 6a c8 3c 00 0a ff 00
INFO - 29 6d 08 3c 00 0a e1 00
INFO - 29 70 48 3c 00 0a b6 00
INFO - 29 73 88 3c 00 0a e4 00
INFO - 29 75 c8 3c 00 0a a7 00
INFO - 29 78 08 3c 00 0a b9 00
INFO - 29 7a 48 3c 00 0a c9 00
INFO - 29 7d 88 3c 00 0a c3 00
INFO - 29 7f c8 3c 00 0a bc 00
INFO - 29 83 08 3c 00 0a de 00
INFO - 29 86 48 3c 00 0a d6 00
INFO - 29 88 88 3c 00 0a b5 00
INFO - 29 8b c8 3c 00 0a d6 00
INFO - 29 8d 08 3c 00 0a b5 00
INFO - 29 90 48 3c 00 0a c9 00
INFO - 29 93 88 3c 00 0a c2 00
INFO - 29 96 c8 3c 00 0a e4 00
INFO - 29 98 08 3c 00 0a 8c 00
INFO - 29 9b 48 3c 00 0a e4 00
INFO - 29 9d 88 3c 00 0a 9a 00
INFO - 29 a0 c8 3c 00 0a e0 00
INFO - 29 a8 08 3c 00 0a d3 00
INFO - 29 aa 48 3c 00 0a a7 00
INFO - 29 ac 88 3c 00 0a bb 00
INFO - 29 af c8 3c 00 0a c2 00
INFO - 29 b0 08 3c 00 0a 83 00
INFO - 29 b2 48 3c 00 0a ae 00
INFO - 29 b5 88 3c 00 0a c2 00
INFO - 29 b8 c8 3c 00 0a d5 00
INFO - 29 bb 08 3c 00 0a ed 00
INFO - 29 be 48 3c 00 0a b4 00
INFO - 29 c1 88 3c 00 0a f0 00
INFO - 29 c3 c8 3c 00 0a 8c 00
INFO - 29 c7 08 3c 00 0a fa 00
INFO - 29 ca 48 3c 00 0a fa 00
INFO - 29 cc 88 3c 00 0a aa 00
INFO - 29 d0 c8 3c 00 0a ed 00
INFO - 29 d3 08 3c 00 0a df 00
INFO - 29 d6 48 3c 00 0a c9 00
INFO - 29 d8 88 3c 00 0a 99 00
INFO - 29 da c8 3c 00 0a c9 00
INFO - 29 de 08 3c 00 0a ea 00
INFO - 29 e0 48 3c 00 0a bb 00
INFO - 29 e2 88 3c 00 0a a8 00
INFO - 29 e4 c8 3c 00 0a a0 00
INFO - 29 e7 08 3c 00 0a b5 00
INFO - 29 e9 48 3c 00 0a 9e 00
INFO - 29 eb 88 3c 00 0a b8 00
INFO - 29 ed c8 3c 00 0a aa 00
INFO - 29 f0 08 3c 00 0a bc 00
INFO - 29 f1 48 3c 00 0a 9a 00
INFO - 29 f4 88 3c 00 0a c9 00
INFO - 29 f6 c8 3c 00 0a a7 00
INFO - 29 f9 08 3c 00 0a b8 00
INFO - 29 fc 48 3c 00 0a e0 00
INFO - 29 fe 88 3c 00 0a c6 00
INFO - 2a 05 c8 3c 00 0b 99 00
INFO - 2a 08 08 3c 00 0a ab 00
INFO - 2a 0b 48 3c 00 0a e0 00
INFO - 2a 0f 88 3c 00 0a fa 00
INFO - 2a 11 c8 3c 00 0a c2 00
INFO - 2a 13 08 3c 00 0a a0 00
INFO - 2a 17 48 3c 00 0a ea 00
INFO - 2a 1a 88 3c 00 0a d5 00
INFO - 2a 1c c8 3c 00 0a 9a 00
INFO - 2a 1e 08 3c 00 0a ba 00
INFO - 2a 20 48 3c 00 0a b5 00
INFO - 2a 23 88 3c 00 0a b7 00
INFO - 2a 25 c8 3c 00 0a b7 00
INFO - 2a 27 08 3c 00 0a ab 00
INFO - 2a 2a 48 3c 00 0a b7 00
INFO - 2a 2d 88 3c 00 0a ec 00
INFO - 2a 30 c8 3c 00 0a df 00
INFO - 2a 32 08 3c 00 0a 9c 00
INFO - 2a 35 48 3c 00 0a c4 00
INFO - 2a 37 88 3c 00 0a b7 00
INFO - 2a 3a c8 3c 00 0a d1 00
INFO - 2a 3d 08 3c 00 0a d1 00
INFO - 2a 3f 48 3c 00 0a 9c 00
INFO - 2a 41 88 3c 00 0a aa 00
INFO - 2a 45 c8 3c 00 0b 12 00
INFO - 2a 48 08 3c 00 0a b6 00
INFO - 2a 4b 48 3c 00 0a eb 00
INFO - 2a 4d 88 3c 00 0a 9d 00
INFO - 2a 50 c8 3c 00 0a d1 00
INFO - 2a 52 08 3c 00 0a a8 00
INFO - 2a 55 48 3c 00 0a dd 00
INFO - 2a 57 88 3c 00 0a aa 00
INFO - 2a 5a c8 3c 00 0a c5 00
INFO - 2a 5c 08 3c 00 0a c1 00
INFO - 2a 60 48 3c 00 0a e0 00
INFO - 2a 62 88 3c 00 0a c1 00
INFO - 2a 65 c8 3c 00 0a d0 00
INFO - 2a 68 08 3c 00 0a c3 00
INFO - 2a 6a 48 3c 00 0a b9 00
INFO - 2a 6c 88 3c 00 0a b3 00
INFO - 2a 6f c8 3c 00 0a d2 00
INFO - 2a 72 08 3c 00 0a b3 00
INFO - 2a 74 48 3c 00 0a c3 00
INFO - 2a 77 88 3c 00 0a c2 00
INFO - 2a 7b c8 3c 00 0a f7 00
INFO - 2a 7d 08 3c 00 0a c3 00
INFO - 2a 80 48 3c 00 0a b8 00
INFO - 2a 82 88 3c 00 0a cd 00
INFO - 2a 85 c8 3c 00 0a c5 00
INFO - 2a 87 08 3c 00 0a a5 00
INFO - 2a 8a 48 3c 00 0a c6 00
INFO - 2a 8c 88 3c 00 0a a6 00
INFO - 2a 8f c8 3c 00 0a d3 00
INFO - 2a 91 08 3c 00 0a bf 00
INFO - 2a 95 48 3c 00 0a f9 00
INFO - 2a 97 88 3c 00 0a 9f 00
INFO - 2a 9a c8 3c 00 0a c1 00
INFO - 2a 9d 08 3c 00 0a d4 00
INFO - 2a 9f 48 3c 00 0a b3 00
INFO - 2a a2 88 3c 00 0a d4 00
INFO - 2a a4 c8 3c 00 0a a6 00
INFO - 2a a6 08 3c 00 0a a0 00
INFO - 2a a8 48 3c 00 0a b4 00
INFO - 2a aa 88 3c 00 0a aa 00
INFO - 2a ad c8 3c 00 0a b7 00
INFO - 2a af 08 3c 00 0a ba 00
INFO - 2a b1 48 3c 00 0a b4 00
INFO - 2a b4 88 3c 00 0a c4 00
INFO - 2a b7 c8 3c 00 0a c4 00
INFO - 2a ba 08 3c 00 0a 98 00
INFO - 2a bc 48 3c 00 0a 99 00
INFO - 2a c0 88 3c 00 0a ee 00
INFO - 2a c1 c8 3c 00 0a 8c 00
INFO - 2a c5 08 3c 00 0a ef 00
INFO - 2a c9 48 3c 00 0b 10 00
INFO - 2a cb 88 3c 00 0a ac 00
INFO - 2a ce c8 3c 00 0a ce 00
INFO - 2a d2 08 3c 00 0b 08 00
INFO - 2a d5 48 3c 00 0a db 00
INFO - 2a d7 88 3c 00 0a 9f 00
INFO - 2a da c8 3c 00 0a eb 00
INFO - 2a dc 08 3c 00 0a a6 00
INFO - 2a e0 48 3c 00 0a ee 00
INFO - 2a e3 88 3c 00 0a e8 00
INFO - 2a e6 c8 3c 00 0a b9 00
INFO - 2a e8 08 3c 00 0a a7 00
INFO - 2a eb 48 3c 00 0a d3 00
INFO - 2a ed 88 3c 00 0a c1 00
INFO - 2a f0 c8 3c 00 0a c6 00
INFO - 2a f3 08 3c 00 0a c1 00
INFO - 2a f4 48 3c 00 0a 9b 00
INFO - 2a f7 88 3c 00 0a ac 00
INFO - 2a fa c8 3c 00 0a f7 00
INFO - 2a fc 08 3c 00 0a a6 00
INFO - 2b 00 48 3c 00 0b 07 00
INFO - 2b 03 88 3c 00 0a d0 00
INFO - 2b 05 c8 3c 00 0a 8c 00
INFO - 2b 08 08 3c 00 0a d0 00
INFO - 2b 09 48 3c 00 0a 9f 00
INFO - 2b 0c 88 3c 00 0a a5 00
INFO - 2b 0f c8 3c 00 0a ea 00
INFO - 2b 11 08 3c 00 0a a9 00
INFO - 2b 14 48 3c 00 0a e0 00
INFO - 2b 18 88 3c 00 0a e8 00
INFO - 2b 1b c8 3c 00 0a d2 00
INFO - 2b 1d 08 3c 00 0a c0 00
INFO - 2b 21 48 3c 00 0b 03 00
INFO - 2b 23 88 3c 00 0a b7 00
INFO - 2b 25 c8 3c 00 0a 8c 00
INFO - 2b 28 08 3c 00 0a c1 00
INFO - 2b 29 48 3c 00 0a 9e 00
INFO - 2b 2c 88 3c 00 0a cb 00
INFO - 2b 2e c8 3c 00 0a 9b 00
INFO - 2b 31 08 3c 00 0a e8 00
INFO - 2b 34 48 3c 00 0a c2 00
INFO - 2b 37 88 3c 00 0a ce 00
INFO - 2b 39 c8 3c 00 0a 9c 00
INFO - 2b 3b 08 3c 00 0a b1 00
INFO - 2b 3d 48 3c 00 0a b3 00
INFO - 2b 3f 88 3c 00 0a a9 00
INFO - 2b 42 c8 3c 00 0a d7 00
INFO - 2b 45 08 3c 00 0a a7 00
INFO - 2b 47 48 3c 00 0a bf 00
INFO - 2b 49 88 3c 00 0a 8f 00
INFO - 2b 4b c8 3c 00 0a bd 00
INFO - 2b 4d 08 3c 00 0a b1 00
INFO - 2b 51 48 3c 00 0a f1 00
INFO - 2b 54 88 3c 00 0a d8 00
INFO - 2b 57 c8 3c 00 0a ca 00
INFO - 2b 59 08 3c 00 0a a7 00
INFO - 2b 5b 48 3c 00 0a a2 00
INFO - 2b 5d 88 3c 00 0a a5 00
INFO - 2b 5f c8 3c 00 0a b5 00
INFO - 2b 61 08 3c 00 0a ad 00
INFO - 2b 67 48 3c 00 0b 6a 00
INFO - 2b 6a 88 3c 00 0a c9 00
INFO - 2b 6c c8 3c 00 0a b3 00
INFO - 2b 6f 08 3c 00 0a c6 00
INFO - 2b 72 48 3c 00 0a e3 00
INFO - 2b 75 88 3c 00 0a b9 00
INFO - 2b 77 c8 3c 00 0a 96 00
INFO - 2b 79 08 3c 00 0a ca 00
INFO - 2b 7d 48 3c 00 0a f8 00
INFO - 2b 81 88 3c 00 0a f4 00
INFO - 2b 83 c8 3c 00 0a a5 00
INFO - 2b 85 08 3c 00 0a aa 00
INFO - 2b 87 48 3c 00 0a bd 00
INFO - 2b 89 88 3c 00 0a 9f 00
INFO - 2b 8b c8 3c 00 0a a1 00
INFO - 2b 8d 08 3c 00 0a b0 00
INFO - 2b 8f 48 3c 00 0a 91 00
INFO - 2b 92 88 3c 00 0a c8 00
INFO - 2b 94 c8 3c 00 0a c2 00
INFO - 2b 96 08 3c 00 0a a3 00
INFO - 2b 99 48 3c 00 0a aa 00
INFO - 2b 9c 88 3c 00 0a df 00
INFO - 2b a0 c8 3c 00 0a fd 00
INFO - 2b a1 08 3c 00 0a a0 00
INFO - 2b a3 48 3c 00 0a a2 00
INFO - 2b a7 88 3c 00 0a db 00
INFO - 2b a9 c8 3c 00 0a c1 00
INFO - 2b ac 08 3c 00 0a dd 00
INFO - 2b af 48 3c 00 0a cc 00
INFO - 2b b2 88 3c 00 0a d1 00
INFO - 2b b4 c8 3c 00 0a a9 00
INFO - 2b b6 08 3c 00 0a a2 00
INFO - 2b b8 48 3c 00 0a a9 00
INFO - 2b bb 88 3c 00 0a b7 00
INFO - 2b bd c8 3c 00 0a af 00
INFO - 2b bf 08 3c 00 0a a8 00
INFO - 2b c1 48 3c 00 0a a0 00
INFO - 2b c3 88 3c 00 0a ba 00
INFO - 2b c6 c8 3c 00 0a b8 00
INFO - 2b c8 08 3c 00 0a 9f 00
INFO - 2b ca 48 3c 00 0a c2 00
INFO - 2b cc 88 3c 00 0a af 00
INFO - 2b d0 c8 3c 00 0a fe 00
INFO - 2b d2 08 3c 00 0a af 00
INFO - 2b d5 48 3c 00 0a ce 00
INFO - 2b d7 88 3c 00 0a 97 00
INFO - 2b da c8 3c 00 0a c2 00
INFO - 2b dc 08 3c 00 0a af 00
INFO - 2b df 48 3c 00 0a c3 00
INFO - 2b e1 88 3c 00 0a c5 00
INFO - 2b e3 c8 3c 00 0a b0 00
INFO - 2b e6 08 3c 00 0a ab 00
INFO - 2b e8 48 3c 00 0a 78 00
INFO - 2b ea 88 3c 00 0a 9e 00
INFO - 2b ec c8 3c 00 0a bb 00
INFO - 2b f0 08 3c 00 0a f2 00
INFO - 2b f2 48 3c 00 0a b0 00
INFO - 2b f4 88 3c 00 0a 9d 00
INFO - 2b f7 c8 3c 00 0a c5 00
INFO - 2b f9 08 3c 00 0a af 00
INFO - 2b fb 48 3c 00 0a aa 00
INFO - 2b fd 88 3c 00 0a bb 00
INFO - 2c 00 c8 3c 00 0a ce 00
INFO - 2c 02 08 3c 00 0a a2 00
INFO - 2c 06 48 3c 00 0a e6 00
INFO - 2c 08 88 3c 00 0a a0 00
INFO - 2c 0d c8 3c 00 0b 11 00
INFO - 2c 10 08 3c 00 0a f1 00
INFO - 2c 13 48 3c 00 0a ba 00
INFO - 2c 15 88 3c 00 0a 9e 00
INFO - 2c 17 c8 3c 00 0a b8 00
INFO - 2c 19 08 3c 00 0a a3 00
INFO - 2c 1c 48 3c 00 0a b5 00
INFO - 2c 1e 88 3c 00 0a b8 00
INFO - 2c 21 c8 3c 00 0a d0 00
INFO - 2c 23 08 3c 00 0a 96 00
INFO - 2c 25 48 3c 00 0a cc 00
INFO - 2c 28 88 3c 00 0a ac 00
INFO - 2c 2a c8 3c 00 0a 71 00
INFO - 2c 2c 08 3c 00 0a cf 00
INFO - 2c 2f 48 3c 00 0a b5 00
INFO - 2c 32 88 3c 00 0a e9 00
INFO - 2c 34 c8 3c 00 0a a8 00
INFO - 2c 36 08 3c 00 0a 9f 00
INFO - 2c 38 48 3c 00 0a ad 00
INFO - 2c 3a 88 3c 00 0a a8 00
INFO - 2c 3c c8 3c 00 0a a1 00
INFO - 2c 3f 08 3c 00 0a d6 00
INFO - 2c 42 48 3c 00 0a aa 00
INFO - 2c 45 88 3c 00 0a e4 00
INFO - 2c 47 c8 3c 00 0a c4 00
INFO - 2c 4a 08 3c 00 0a a6 00
INFO - 2c 4d 48 3c 00 0a e7 00
INFO - 2c 4f 88 3c 00 0a 9a 00
INFO - 2c 51 c8 3c 00 0a c1 00
INFO - 2c 53 08 3c 00 0a 9c 00
INFO - 2c 56 48 3c 00 0a cb 00
INFO - 2c 58 88 3c 00 0a b4 00
INFO - 2c 5a c8 3c 00 0a a8 00
INFO - 2c 5d 08 3c 00 0a b3 00
INFO - 2c 5f 48 3c 00 0a 9c 00
INFO - 2c 61 88 3c 00 0a ca 00
INFO - 2c 64 c8 3c 00 0a d5 00
INFO - 2c 66 08 3c 00 0a 90 00
INFO - 2c 68 48 3c 00 0a b2 00
INFO - 2c 6a 88 3c 00 0a b2 00
INFO - 2c 6d c8 3c 00 0a d5 00
INFO - 2c 70 08 3c 00 0a b2 00
INFO - 2c 72 48 3c 00 0a b2 00
INFO - 2c 75 88 3c 00 0a c8 00
INFO - 2c 78 c8 3c 00 0a df 00
INFO - 2c 7a 08 3c 00 0a 9b 00
INFO - 2c 7a 48 3c 00 0a 9b 00
INFO - 2c 7a 88 3c 00 0a 9b 00
INFO - 2c 7a c8 3c 00 0a 9b 00
INFO - 2c 7a 08 3c 00 0a 9b 00
INFO - 2c 7a 48 3c 00 0a 9b 00
INFO - 2c 7a 88 3c 00 0a 9b 00
INFO - 2c 7a c8 3c 00 0a 9b 00
INFO - 2c 7a 08 3c 00 0a 9b 00
INFO - 2c 7a 48 3c 00 0a 9b 00
INFO - 2c 7a 88 3c 00 0a 9b 00
