INFO - 40 00 48 00 f9 41 00 23
INFO - 40 13 88 00 f9 51 00 20
INFO - 40 1f c8 00 f9 51 00 20
INFO - 40 2a 08 00 f9 41 00 24
INFO - 40 69 48 00 f9 41 00 24
INFO - 40 ce 88 00 f9 51 00 20
INFO - 41 05 c8 00 f9 41 00 23
INFO - 42 40 08 00 f9 41 00 23
INFO - 44 4c 48 00 f9 41 00 23
INFO - 46 40 88 00 f9 41 00 23
INFO - 48 35 c8 00 f9 41 00 23
INFO - 49 d7 08 00 f9 41 00 23
INFO - 4a 51 48 00 f9 41 00 23
INFO - 4b 60 88 00 f9 41 00 23
INFO - 4c 52 c8 00 f9 51 00 20
INFO - 4c a2 08 00 f9 41 00 24
INFO - 4d 26 48 00 f9 51 00 20
INFO - 4d 37 88 00 f9 51 00 20
INFO - 4d 45 c8 00 f9 41 00 23
INFO - 4d 5b 08 00 f9 41 00 23
INFO - 4d f6 48 00 f9 41 00 23
INFO - 4f a6 88 00 f9 41 00 23
INFO - 4f d7 c8 00 f9 51 00 20
INFO - 4f f6 08 00 f9 51 00 20
INFO - 50 0f 48 00 f9 41 00 24
INFO - 50 3e 88 00 f9 41 00 24
INFO - 51 de c8 00 f9 41 00 24
INFO - 53 d7 08 00 f9 41 00 24
