INFO - 40 00 09 00 f9 41 00 23
INFO - 40 da 49 00 f9 41 00 23
INFO - 42 e7 89 00 f9 41 00 23
INFO - 44 db c9 00 f9 41 00 23
INFO - 46 cf 09 00 f9 41 00 23
INFO - 48 71 49 00 f9 41 00 23
INFO - 48 eb 89 00 f9 41 00 23
INFO - 49 fa c9 00 f9 41 00 23
INFO - 4a ec 09 00 f9 51 00 20
INFO - 4b 3c 49 00 f9 41 00 24
INFO - 4b c0 89 00 f9 51 00 20
INFO - 4b d1 c9 00 f9 51 00 20
INFO - 4b df 09 00 f9 41 00 23
INFO - 4b f5 49 00 f9 41 00 23
INFO - 4c 90 89 00 f9 41 00 23
INFO - 4e 40 c9 00 f9 41 00 23
INFO - 4e 71 09 00 f9 51 00 20
INFO - 4e 90 49 00 f9 51 00 20
INFO - 4e a9 89 00 f9 41 00 24
INFO - 4e d9 c9 00 f9 41 00 24
INFO - 50 78 09 00 f9 41 00 24
INFO - 52 71 49 00 f9 41 00 24
INFO - 52 f3 89 00 f9 41 00 24
INFO - 53 8d c9 00 f9 51 00 20
INFO - 53 9f 09 00 f9 51 00 20
INFO - 53 b0 49 00 f9 41 00 23
INFO - 54 31 89 00 f9 41 00 23
INFO - 54 c8 c9 00 f9 51 00 20
INFO - 55 1f 09 00 f9 41 00 24
INFO - 55 d4 49 00 f9 51 00 20
INFO - 55 e4 89 00 f9 51 00 20
INFO - 55 f2 c9 00 f9 41 00 23
INFO - 56 6b 09 00 f9 41 00 23
INFO - 56 db 49 00 f9 41 00 23
INFO - 58 c4 89 00 f9 41 00 23
INFO - 59 26 c9 00 f9 41 00 23
INFO - 59 8a 09 00 f9 51 00 20
INFO - 59 9a 49 00 f9 51 00 20
INFO - 59 ac 89 00 f9 41 00 24
INFO - 5a 0f c9 00 f9 51 00 20
INFO - 5a 5a 09 00 f9 41 00 23
INFO - 5a c3 49 00 f9 41 00 23
INFO - 5c b7 89 00 f9 41 00 23
INFO - 5e ac c9 00 f9 41 00 23
INFO - 40 a2 09 00 f9 41 00 23
INFO - 41 9d 49 00 f9 51 00 20
INFO - 41 e0 89 00 f9 59 00 00
INFO - 42 10 c9 00 f9 49 00 02
