INFO - 20 00 48 3c 00 0a 40 00
INFO - 20 08 88 3c 00 0b 51 00
INFO - 20 13 c8 3c 00 0a a1 00
INFO - 20 13 08 3c 00 0a a1 00
INFO - 20 1a 48 3c 00 0a e4 00
INFO - 20 1e 88 3c 00 0b 09 00
INFO - 20 1e c8 3c 00 0b 09 00
INFO - 20 23 08 3c 00 0a c3 00
INFO - 20 23 48 3c 00 0a c3 00
INFO - 20 23 88 3c 00 0a c3 00
INFO - 20 2c c8 3c 00 0a d6 00
INFO - 20 2c 08 3c 00 0a d6 00
INFO - 20 32 48 3c 00 0a c8 00
INFO - 20 36 88 3c 00 0b 1c 00
INFO - 20 3a c8 3c 00 0a f3 00
INFO - 20 3a 08 3c 00 0a f3 00
INFO - 20 3c 48 3c 00 0a 77 00
INFO - 20 42 88 3c 00 0b 63 00
INFO - 20 42 c8 3c 00 0b 63 00
INFO - 20 46 08 3c 00 0a a7 00
INFO - 20 46 48 3c 00 0a a7 00
INFO - 20 4b 88 3c 00 0a b6 00
INFO - 20 4b c8 3c 00 0a b6 00
INFO - 20 53 08 3c 00 0b 10 00
INFO - 20 53 48 3c 00 0b 10 00
INFO - 20 58 88 3c 00 0a b7 00
INFO - 20 59 c8 3c 00 0a 85 00
INFO - 20 5f 08 3c 00 0b 49 00
INFO - 20 61 48 3c 00 0a a2 00
INFO - 20 62 88 3c 00 0a 86 00
INFO - 20 66 c8 3c 00 0b 12 00
INFO - 20 68 08 3c 00 0a 94 00
INFO - 20 6b 48 3c 00 0a cd 00
INFO - 20 70 88 3c 00 0b 3d 00
INFO - 20 74 c8 3c 00 0b 06 00
INFO - 20 77 08 3c 00 0a cd 00
INFO - 20 79 48 3c 00 0a c0 00
INFO - 20 7c 88 3c 00 0a cc 00
INFO - 20 80 c8 3c 00 0a f9 00
INFO - 20 84 08 3c 00 0b 08 00
INFO - 20 87 48 3c 00 0a ca 00
INFO - 20 89 88 3c 00 0a a4 00
INFO - 20 8b c8 3c 00 0a b2 00
INFO - 20 8e 08 3c 00 0a c2 00
INFO - 20 90 48 3c 00 0a a2 00
INFO - 20 92 88 3c 00 0a c1 00
INFO - 20 95 c8 3c 00 0a c0 00
INFO - 20 98 08 3c 00 0a ce 00
INFO - 20 9b 48 3c 00 0a 8e 00
INFO - 20 9d 88 3c 00 0a a3 00
INFO - 20 a0 c8 3c 00 0a c0 00
INFO - 20 a2 08 3c 00 0a c0 00
INFO - 20 a6 48 3c 00 0b 17 00
INFO - 20 a9 88 3c 00 0a af 00
INFO - 20 ac c8 3c 00 0a cd 00
INFO - 20 ae 08 3c 00 0a cd 00
INFO - 20 b1 48 3c 00 0a bf 00
INFO - 20 b3 88 3c 00 0a b0 00
INFO - 20 b7 c8 3c 00 0a e9 00
INFO - 20 b9 08 3c 00 0a be 00
INFO - 20 bc 48 3c 00 0a be 00
INFO - 20 be 88 3c 00 0a cc 00
INFO - 20 c1 c8 3c 00 0a cb 00
INFO - 20 c4 08 3c 00 0a af 00
INFO - 20 c7 48 3c 00 0a d9 00
INFO - 20 c9 88 3c 00 0a a0 00
INFO - 20 cd c8 3c 00 0b 11 00
INFO - 20 d0 08 3c 00 0a d9 00
INFO - 20 d3 48 3c 00 0a d7 00
INFO - 20 d5 88 3c 00 0a bb 00
INFO - 20 d8 c8 3c 00 0a b1 00
INFO - 20 da 08 3c 00 0a ab 00
INFO - 20 e0 48 3c 00 0b 5f 00
INFO - 20 e2 88 3c 00 0a b0 00
INFO - 20 e5 c8 3c 00 0a c9 00
INFO - 20 e7 08 3c 00 0a c9 00
INFO - 20 ea 48 3c 00 0a b9 00
INFO - 20 ee 88 3c 00 0b 0e 00
INFO - 20 f1 c8 3c 00 0a c7 00
INFO - 20 f4 08 3c 00 0a ef 00
INFO - 20 f6 48 3c 00 0a ae 00
INFO - 20 fa 88 3c 00 0a ee 00
INFO - 20 fc c8 3c 00 0a ba 00
INFO - 20 ff 08 3c 00 0a bb 00
INFO - 21 01 48 3c 00 0a b9 00
INFO - 21 05 88 3c 00 0a e2 00
INFO - 21 08 c8 3c 00 0a ef 00
INFO - 21 0b 08 3c 00 0a c4 00
INFO - 21 0e 48 3c 00 0a d5 00
INFO - 21 10 88 3c 00 0a b7 00
INFO - 21 13 c8 3c 00 0a e2 00
INFO - 21 15 08 3c 00 0a 8e 00
INFO - 21 18 48 3c 00 0a d2 00
INFO - 21 1a 88 3c 00 0a ac 00
INFO - 21 1d c8 3c 00 0a 89 00
INFO - 21 1f 08 3c 00 0a ac 00
INFO - 21 21 48 3c 00 0a a8 00
INFO - 21 24 88 3c 00 0a c5 00
INFO - 21 27 c8 3c 00 0a c4 00
INFO - 21 29 08 3c 00 0a b9 00
INFO - 21 2c 48 3c 00 0a c3 00
INFO - 21 2e 88 3c 00 0a b8 00
INFO - 21 31 c8 3c 00 0a cf 00
INFO - 21 34 08 3c 00 0a c4 00
INFO - 21 36 48 3c 00 0a aa 00
INFO - 21 39 88 3c 00 0a d1 00
INFO - 21 3b c8 3c 00 0a 9a 00
INFO - 21 3e 08 3c 00 0a f8 00
INFO - 21 41 48 3c 00 0a cf 00
INFO - 21 45 88 3c 00 0b 04 00
INFO - 21 49 c8 3c 00 0a d9 00
INFO - 21 4b 08 3c 00 0a a9 00
INFO - 21 4e 48 3c 00 0a c4 00
INFO - 21 51 88 3c 00 0a ce 00
INFO - 21 53 c8 3c 00 0a c1 00
INFO - 21 55 08 3c 00 0a 9b 00
INFO - 21 59 48 3c 00 0b 0f 00
INFO - 21 5b 88 3c 00 0a a8 00
INFO - 21 5e c8 3c 00 0a cf 00
INFO - 21 61 08 3c 00 0a dc 00
INFO - 21 64 48 3c 00 0a c2 00
INFO - 21 67 88 3c 00 0a db 00
INFO - 21 6a c8 3c 00 0a c1 00
INFO - 21 6c 08 3c 00 0a a8 00
INFO - 21 6f 48 3c 00 0a e9 00
INFO - 21 73 88 3c 00 0a e8 00
INFO - 21 75 c8 3c 00 0a a8 00
INFO - 21 77 08 3c 00 0a a7 00
INFO - 21 7a 48 3c 00 0a dc 00
INFO - 21 7c 88 3c 00 0a b5 00
INFO - 21 7f c8 3c 00 0a a7 00
INFO - 21 82 08 3c 00 0a dc 00
INFO - 21 84 48 3c 00 0a c2 00
INFO - 21 88 88 3c 00 0b 02 00
INFO - 21 8c c8 3c 00 0a e9 00
INFO - 21 8e 08 3c 00 0a c2 00
INFO - 21 92 48 3c 00 0b 02 00
INFO - 21 95 88 3c 00 0a cf 00
INFO - 21 98 c8 3c 00 0a ce 00
INFO - 21 9a 08 3c 00 0a a8 00
INFO - 21 9c 48 3c 00 0a a7 00
INFO - 21 9e 88 3c 00 0a b4 00
INFO - 21 a0 c8 3c 00 0a a7 00
INFO - 21 a3 08 3c 00 0a c0 00
INFO - 21 a6 48 3c 00 0a cd 00
INFO - 21 a8 88 3c 00 0a c0 00
INFO - 21 ab c8 3c 00 0a be 00
INFO - 21 ad 08 3c 00 0a b6 00
INFO - 21 b0 48 3c 00 0a b3 00
INFO - 21 b2 88 3c 00 0a 74 00
INFO - 21 b4 c8 3c 00 0a bf 00
INFO - 21 b7 08 3c 00 0a cb 00
INFO - 21 b9 48 3c 00 0a a8 00
INFO - 21 bd 88 3c 00 0a e6 00
INFO - 21 bf c8 3c 00 0a bf 00
INFO - 21 c3 08 3c 00 0a f2 00
INFO - 21 c6 48 3c 00 0a ca 00
INFO - 21 c9 88 3c 00 0a d5 00
INFO - 21 cc c8 3c 00 0a e4 00
INFO - 21 cf 08 3c 00 0a e4 00
INFO - 21 d1 48 3c 00 0a a7 00
INFO - 21 d3 88 3c 00 0a 96 00
INFO - 21 d6 c8 3c 00 0a d7 00
INFO - 21 d9 08 3c 00 0a d8 00
INFO - 21 db 48 3c 00 0a b4 00
INFO - 21 de 88 3c 00 0a ca 00
INFO - 21 e1 c8 3c 00 0a d5 00
INFO - 21 e3 08 3c 00 0a a5 00
INFO - 21 e6 48 3c 00 0a b4 00
INFO - 21 e8 88 3c 00 0a cb 00
INFO - 21 eb c8 3c 00 0a c8 00
INFO - 21 ee 08 3c 00 0a ce 00
INFO - 21 f1 48 3c 00 0a c8 00
INFO - 21 f4 88 3c 00 0a e4 00
INFO - 21 f6 c8 3c 00 0a 8d 00
INFO - 21 f9 08 3c 00 0a db 00
INFO - 21 fc 48 3c 00 0a f2 00
INFO - 21 fe 88 3c 00 0a 96 00
INFO - 22 00 c8 3c 00 0a a6 00
INFO - 22 02 08 3c 00 0a b2 00
INFO - 22 05 48 3c 00 0a b3 00
INFO - 22 08 88 3c 00 0a cf 00
INFO - 22 0a c8 3c 00 0a a4 00
INFO - 22 0c 08 3c 00 0a cd 00
INFO - 22 0e 48 3c 00 0a 73 00
INFO - 22 11 88 3c 00 0a a6 00
INFO - 22 13 c8 3c 00 0a a7 00
INFO - 22 15 08 3c 00 0a b3 00
INFO - 22 17 48 3c 00 0a 9a 00
INFO - 22 1a 88 3c 00 0a cf 00
INFO - 22 1c c8 3c 00 0a cc 00
INFO - 22 1f 08 3c 00 0a b4 00
INFO - 22 21 48 3c 00 0a c1 00
INFO - 22 24 88 3c 00 0a a8 00
INFO - 22 27 c8 3c 00 0a db 00
INFO - 22 2a 08 3c 00 0a dc 00
INFO - 22 2c 48 3c 00 0a a8 00
INFO - 22 2f 88 3c 00 0a d0 00
INFO - 22 31 c8 3c 00 0a c2 00
INFO - 22 34 08 3c 00 0a d0 00
INFO - 22 38 48 3c 00 0b 03 00
INFO - 22 3b 88 3c 00 0a de 00
INFO - 22 3f c8 3c 00 0a eb 00
INFO - 22 43 08 3c 00 0b 06 00
INFO - 22 46 48 3c 00 0a dc 00
INFO - 22 4b 88 3c 00 0b 23 00
INFO - 22 4d c8 3c 00 0a c4 00
INFO - 22 50 08 3c 00 0a b7 00
INFO - 22 52 48 3c 00 0a b5 00
INFO - 22 54 88 3c 00 0a ac 00
INFO - 22 57 c8 3c 00 0a d1 00
INFO - 22 5a 08 3c 00 0a c5 00
INFO - 22 5e 48 3c 00 0b 16 00
INFO - 22 61 88 3c 00 0a b9 00
INFO - 22 62 c8 3c 00 0a 9d 00
INFO - 22 66 08 3c 00 0a e0 00
INFO - 22 68 48 3c 00 0a ac 00
INFO - 22 6b 88 3c 00 0a c6 00
INFO - 22 6d c8 3c 00 0a 84 00
INFO - 22 70 08 3c 00 0a d3 00
INFO - 22 72 48 3c 00 0a ae 00
INFO - 22 75 88 3c 00 0a d4 00
INFO - 22 7a c8 3c 00 0b 25 00
INFO - 22 7f 08 3c 00 0b 17 00
INFO - 22 82 48 3c 00 0a b9 00
INFO - 22 84 88 3c 00 0a 7d 00
INFO - 22 87 c8 3c 00 0a d5 00
INFO - 22 8a 08 3c 00 0a c7 00
INFO - 22 8d 48 3c 00 0a eb 00
INFO - 22 8f 88 3c 00 0a ad 00
INFO - 22 93 c8 3c 00 0a de 00
INFO - 22 97 08 3c 00 0a f4 00
INFO - 22 9b 48 3c 00 0a e1 00
INFO - 22 9d 88 3c 00 0a c3 00
INFO - 22 9f c8 3c 00 0a 8f 00
INFO - 22 a2 08 3c 00 0a c5 00
INFO - 22 a3 48 3c 00 0a 9d 00
INFO - 22 a7 88 3c 00 0a e0 00
INFO - 22 a9 c8 3c 00 0a 9b 00
INFO - 22 ac 08 3c 00 0a ed 00
INFO - 22 ae 48 3c 00 0a 74 00
INFO - 22 b0 88 3c 00 0a b6 00
INFO - 22 b3 c8 3c 00 0a c4 00
INFO - 22 b5 08 3c 00 0a 9d 00
INFO - 22 b8 48 3c 00 0a cd 00
INFO - 22 bc 88 3c 00 0b 04 00
INFO - 22 be c8 3c 00 0a c3 00
INFO - 22 c1 08 3c 00 0a c2 00
INFO - 22 c3 48 3c 00 0a a8 00
INFO - 22 c5 88 3c 00 0a b5 00
INFO - 22 c8 c8 3c 00 0a c2 00
INFO - 22 cb 08 3c 00 0a e8 00
INFO - 22 ce 48 3c 00 0a ce 00
INFO - 22 d1 88 3c 00 0a c2 00
INFO - 22 d3 c8 3c 00 0a b4 00
INFO - 22 d6 08 3c 00 0a db 00
INFO - 22 d8 48 3c 00 0a a7 00
INFO - 22 dc 88 3c 00 0a e9 00
INFO - 22 de c8 3c 00 0a c0 00
INFO - 22 e3 08 3c 00 0b 0e 00
INFO - 22 e6 48 3c 00 0a db 00
INFO - 22 e8 88 3c 00 0a c2 00
INFO - 22 ea c8 3c 00 0a 9a 00
INFO - 22 ec 08 3c 00 0a b5 00
INFO - 22 ee 48 3c 00 0a 9b 00
INFO - 22 f2 88 3c 00 0a e9 00
INFO - 22 f5 c8 3c 00 0a f6 00
INFO - 22 f7 08 3c 00 0a a9 00
INFO - 22 fa 48 3c 00 0a cf 00
INFO - 22 fd 88 3c 00 0a cf 00
INFO - 23 00 c8 3c 00 0a c2 00
INFO - 23 03 08 3c 00 0a df 00
INFO - 23 05 48 3c 00 0a a9 00
INFO - 23 08 88 3c 00 0a b6 00
INFO - 23 0a c8 3c 00 0a d0 00
INFO - 23 0d 08 3c 00 0a a9 00
INFO - 23 0f 48 3c 00 0a a8 00
INFO - 23 12 88 3c 00 0a d1 00
INFO - 23 14 c8 3c 00 0a b7 00
INFO - 23 18 08 3c 00 0a f9 00
INFO - 23 1b 48 3c 00 0a cf 00
INFO - 23 1e 88 3c 00 0a ee 00
INFO - 23 21 c8 3c 00 0a dc 00
INFO - 23 24 08 3c 00 0a c4 00
INFO - 23 27 48 3c 00 0a d4 00
INFO - 23 2a 88 3c 00 0a c2 00
INFO - 23 2c c8 3c 00 0a c7 00
INFO - 23 2f 08 3c 00 0a cf 00
INFO - 23 32 48 3c 00 0a ba 00
INFO - 23 34 88 3c 00 0a 81 00
INFO - 23 36 c8 3c 00 0a 9f 00
INFO - 23 39 08 3c 00 0a dc 00
INFO - 23 3c 48 3c 00 0a c7 00
INFO - 23 3f 88 3c 00 0a c3 00
INFO - 23 41 c8 3c 00 0a b9 00
INFO - 23 43 08 3c 00 0a aa 00
INFO - 23 46 48 3c 00 0a b8 00
INFO - 23 47 88 3c 00 0a 9b 00
INFO - 23 4b c8 3c 00 0a ee 00
INFO - 23 4d 08 3c 00 0a aa 00
INFO - 23 50 48 3c 00 0a df 00
INFO - 23 53 88 3c 00 0a d0 00
INFO - 23 57 c8 3c 00 0a ef 00
INFO - 23 59 08 3c 00 0a b5 00
INFO - 23 5d 48 3c 00 0a ee 00
INFO - 23 61 88 3c 00 0b 12 00
INFO - 23 63 c8 3c 00 0a b8 00
INFO - 23 66 08 3c 00 0a b9 00
INFO - 23 68 48 3c 00 0a a8 00
INFO - 23 6b 88 3c 00 0a df 00
INFO - 23 6e c8 3c 00 0a e2 00
INFO - 23 71 08 3c 00 0a c1 00
INFO - 23 73 48 3c 00 0a aa 00
INFO - 23 75 88 3c 00 0a aa 00
INFO - 23 78 c8 3c 00 0a ba 00
INFO - 23 7a 08 3c 00 0a c1 00
INFO - 23 7d 48 3c 00 0a b6 00
INFO - 23 7f 88 3c 00 0a aa 00
INFO - 23 81 c8 3c 00 0a 9d 00
INFO - 23 83 08 3c 00 0a d1 00
INFO - 23 86 48 3c 00 0a b7 00
INFO - 23 88 88 3c 00 0a 9c 00
INFO - 23 8a c8 3c 00 0a ac 00
INFO - 23 8c 08 3c 00 0a a8 00
INFO - 23 90 48 3c 00 0a f8 00
INFO - 23 92 88 3c 00 0a c3 00
INFO - 23 95 c8 3c 00 0a ac 00
INFO - 23 96 08 3c 00 0a 99 00
INFO - 23 98 48 3c 00 0a a9 00
INFO - 23 a4 88 3c 00 0b fe 00
INFO - 23 a6 c8 3c 00 0a b6 00
INFO - 23 a9 08 3c 00 0a d0 00
INFO - 23 ab 48 3c 00 0a 74 00
INFO - 23 ad 88 3c 00 0a a8 00
INFO - 23 b0 c8 3c 00 0a dd 00
INFO - 23 b3 08 3c 00 0a a9 00
INFO - 23 b5 48 3c 00 0a c2 00
INFO - 23 b8 88 3c 00 0a c4 00
INFO - 23 ba c8 3c 00 0a c3 00
INFO - 23 bc 08 3c 00 0a 9b 00
INFO - 23 bf 48 3c 00 0a c1 00
INFO - 23 c1 88 3c 00 0a 9d 00
INFO - 23 c4 c8 3c 00 0a dc 00
INFO - 23 c7 08 3c 00 0a ea 00
INFO - 23 ca 48 3c 00 0a c2 00
INFO - 23 cc 88 3c 00 0a b5 00
INFO - 23 cf c8 3c 00 0a ce 00
INFO - 23 d2 08 3c 00 0a b7 00
INFO - 23 d4 48 3c 00 0a c2 00
INFO - 23 d7 88 3c 00 0a d1 00
INFO - 23 da c8 3c 00 0a b6 00
INFO - 23 dd 08 3c 00 0a e8 00
INFO - 23 e0 48 3c 00 0a c0 00
INFO - 23 e2 88 3c 00 0a c3 00
INFO - 23 e5 c8 3c 00 0a b3 00
INFO - 23 e8 08 3c 00 0a d0 00
INFO - 23 ea 48 3c 00 0a cd 00
INFO - 23 ee 88 3c 00 0a e8 00
INFO - 23 f0 c8 3c 00 0a c3 00
INFO - 23 f3 08 3c 00 0a b5 00
INFO - 23 f8 48 3c 00 0a ac 00
INFO - 23 fb 88 3c 00 0a c3 00
INFO - 23 fe c8 3c 00 0a ce 00
INFO - 24 00 08 3c 00 0a bf 00
INFO - 24 03 48 3c 00 0a cf 00
INFO - 24 06 88 3c 00 0a c1 00
INFO - 24 09 c8 3c 00 0a e5 00
INFO - 24 0b 08 3c 00 0a a7 00
INFO - 24 0e 48 3c 00 0a c1 00
INFO - 24 11 88 3c 00 0a cd 00
INFO - 24 13 c8 3c 00 0a ce 00
INFO - 24 15 08 3c 00 0a 9b 00
INFO - 24 17 48 3c 00 0a a5 00
INFO - 24 1a 88 3c 00 0a b4 00
INFO - 24 1d c8 3c 00 0a e9 00
INFO - 24 20 08 3c 00 0a be 00
INFO - 24 22 48 3c 00 0a a9 00
INFO - 24 24 88 3c 00 0a a4 00
INFO - 24 27 c8 3c 00 0a da 00
INFO - 24 29 08 3c 00 0a a7 00
INFO - 24 2c 48 3c 00 0a cb 00
INFO - 24 2e 88 3c 00 0a b3 00
INFO - 24 31 c8 3c 00 0a db 00
INFO - 24 33 08 3c 00 0a a4 00
INFO - 24 37 48 3c 00 0b 02 00
INFO - 24 39 88 3c 00 0a a4 00
INFO - 24 3b c8 3c 00 0a bf 00
INFO - 24 40 08 3c 00 0a c9 00
INFO - 24 43 48 3c 00 0a cd 00
INFO - 24 46 88 3c 00 0a bd 00
INFO - 24 47 c8 3c 00 0a 98 00
INFO - 24 4b 08 3c 00 0a e4 00
INFO - 24 4e 48 3c 00 0a d9 00
INFO - 24 51 88 3c 00 0a c9 00
INFO - 24 54 c8 3c 00 0a f0 00
INFO - 24 56 08 3c 00 0a a4 00
INFO - 24 5a 48 3c 00 0b 0b 00
INFO - 24 5c 88 3c 00 0a a2 00
INFO - 24 5e c8 3c 00 0a b1 00
INFO - 24 60 08 3c 00 0a 98 00
INFO - 24 63 48 3c 00 0a ca 00
INFO - 24 66 88 3c 00 0a 91 00
INFO - 24 6a c8 3c 00 0a fd 00
INFO - 24 6d 08 3c 00 0a bc 00
INFO - 24 6f 48 3c 00 0a c9 00
INFO - 24 71 88 3c 00 0a 98 00
INFO - 24 74 c8 3c 00 0a c9 00
INFO - 24 76 08 3c 00 0a a4 00
INFO - 24 78 48 3c 00 0a bd 00
INFO - 24 7b 88 3c 00 0a b0 00
INFO - 24 7d c8 3c 00 0a a5 00
INFO - 24 7f 08 3c 00 0a c7 00
INFO - 24 81 48 3c 00 0a a3 00
INFO - 24 84 88 3c 00 0a d4 00
INFO - 24 87 c8 3c 00 0a d5 00
INFO - 24 8a 08 3c 00 0a bc 00
INFO - 24 8c 48 3c 00 0a bb 00
INFO - 24 8f 88 3c 00 0a b1 00
INFO - 24 91 c8 3c 00 0a d2 00
INFO - 24 93 08 3c 00 0a 96 00
INFO - 24 95 48 3c 00 0a ae 00
INFO - 24 98 88 3c 00 0a c6 00
INFO - 24 9b c8 3c 00 0a c6 00
INFO - 24 9d 08 3c 00 0a c6 00
INFO - 24 a0 48 3c 00 0a d2 00
INFO - 24 a3 88 3c 00 0a d3 00
INFO - 24 a6 c8 3c 00 0a c5 00
INFO - 24 a8 08 3c 00 0a af 00
INFO - 24 aa 48 3c 00 0a ab 00
INFO - 24 ac 88 3c 00 0a a1 00
INFO - 24 af c8 3c 00 0a ac 00
INFO - 24 b1 08 3c 00 0a a1 00
INFO - 24 b2 48 3c 00 0a a2 00
INFO - 24 b5 88 3c 00 0a b6 00
INFO - 24 b7 c8 3c 00 0a c3 00
INFO - 24 ba 08 3c 00 0a b9 00
INFO - 24 bd 48 3c 00 0a dd 00
INFO - 24 bf 88 3c 00 0a a9 00
INFO - 24 c2 c8 3c 00 0a db 00
INFO - 24 c4 08 3c 00 0a ac 00
INFO - 24 c7 48 3c 00 0a a9 00
INFO - 24 c9 88 3c 00 0a b7 00
INFO - 24 cc c8 3c 00 0a c1 00
INFO - 24 cd 08 3c 00 0a 93 00
INFO - 24 cf 48 3c 00 0a aa 00
INFO - 24 d2 88 3c 00 0a b7 00
INFO - 24 d5 c8 3c 00 0a ca 00
INFO - 24 d7 08 3c 00 0a cd 00
INFO - 24 da 48 3c 00 0a ab 00
INFO - 24 dc 88 3c 00 0a a7 00
INFO - 24 de c8 3c 00 0a a9 00
INFO - 24 e0 08 3c 00 0a 9d 00
INFO - 24 e1 48 3c 00 0a 91 00
INFO - 24 e4 88 3c 00 0a b4 00
INFO - 24 e5 c8 3c 00 0a 9d 00
INFO - 24 e8 08 3c 00 0a aa 00
INFO - 24 ea 48 3c 00 0a a7 00
INFO - 24 eb 88 3c 00 0a 9c 00
INFO - 24 ed c8 3c 00 0a a0 00
INFO - 24 ef 08 3c 00 0a 91 00
INFO - 24 f6 48 3c 00 0b 92 00
INFO - 24 f8 88 3c 00 0a a5 00
INFO - 24 fa c8 3c 00 0a b9 00
INFO - 24 fc 08 3c 00 0a 92 00
INFO - 24 fe 48 3c 00 0a b5 00
INFO - 25 01 88 3c 00 0a d9 00
INFO - 25 06 c8 3c 00 0b 2c 00
INFO - 25 09 08 3c 00 0a c2 00
INFO - 25 0b 48 3c 00 0a a1 00
INFO - 25 0d 88 3c 00 0a a9 00
INFO - 25 0f c8 3c 00 0a 9e 00
INFO - 25 11 08 3c 00 0a a0 00
INFO - 25 14 48 3c 00 0a fe 00
INFO - 25 16 88 3c 00 0a 9f 00
INFO - 25 18 c8 3c 00 0a ab 00
INFO - 25 1a 08 3c 00 0a a0 00
INFO - 25 1d 48 3c 00 0a ad 00
INFO - 25 20 88 3c 00 0a 93 00
INFO - 25 23 c8 3c 00 0a cf 00
INFO - 25 26 08 3c 00 0a f5 00
INFO - 25 28 48 3c 00 0a a0 00
INFO - 25 2b 88 3c 00 0a d1 00
INFO - 25 2d c8 3c 00 0a ad 00
INFO - 25 30 08 3c 00 0a d0 00
INFO - 25 34 48 3c 00 0a de 00
INFO - 25 35 88 3c 00 0a a1 00
INFO - 25 38 c8 3c 00 0a b9 00
INFO - 25 3a 08 3c 00 0a b9 00
INFO - 25 3c 48 3c 00 0a 95 00
INFO - 25 3f 88 3c 00 0a c6 00
INFO - 25 42 c8 3c 00 0a f8 00
INFO - 25 44 08 3c 00 0a 96 00
INFO - 25 47 48 3c 00 0a c7 00
INFO - 25 49 88 3c 00 0a af 00
INFO - 25 4c c8 3c 00 0a c7 00
INFO - 25 4e 08 3c 00 0a 95 00
INFO - 25 51 48 3c 00 0a ee 00
INFO - 25 53 88 3c 00 0a a4 00
INFO - 25 55 c8 3c 00 0a 95 00
INFO - 25 58 08 3c 00 0a e2 00
INFO - 25 5b 48 3c 00 0a bd 00
INFO - 25 5d 88 3c 00 0a bd 00
INFO - 25 60 c8 3c 00 0a c7 00
INFO - 25 62 08 3c 00 0a b3 00
INFO - 25 64 48 3c 00 0a b1 00
INFO - 25 67 88 3c 00 0a b0 00
INFO - 25 69 c8 3c 00 0a af 00
INFO - 25 6b 08 3c 00 0a c0 00
INFO - 25 6e 48 3c 00 0a be 00
INFO - 25 70 88 3c 00 0a ab 00
INFO - 25 74 c8 3c 00 0b 10 00
INFO - 25 76 08 3c 00 0a 98 00
INFO - 25 79 48 3c 00 0a bf 00
INFO - 25 7b 88 3c 00 0a b2 00
INFO - 25 7e c8 3c 00 0a e5 00
INFO - 25 80 08 3c 00 0a a6 00
INFO - 25 84 48 3c 00 0a f0 00
INFO - 25 86 88 3c 00 0a c3 00
INFO - 25 89 c8 3c 00 0a c0 00
INFO - 25 8c 08 3c 00 0a ce 00
INFO - 25 8f 48 3c 00 0a d7 00
INFO - 25 91 88 3c 00 0a aa 00
INFO - 25 94 c8 3c 00 0a e8 00
INFO - 25 97 08 3c 00 0a be 00
INFO - 25 9a 48 3c 00 0a d2 00
INFO - 25 9d 88 3c 00 0a ce 00
INFO - 25 9f c8 3c 00 0a b4 00
INFO - 25 a1 08 3c 00 0a 8e 00
INFO - 25 a3 48 3c 00 0a b2 00
INFO - 25 a5 88 3c 00 0a ab 00
INFO - 25 a7 c8 3c 00 0a a7 00
INFO - 25 a9 08 3c 00 0a a8 00
INFO - 25 ac 48 3c 00 0a b5 00
INFO - 25 ae 88 3c 00 0a a5 00
INFO - 25 b0 c8 3c 00 0a ab 00
INFO - 25 b2 08 3c 00 0a c3 00
INFO - 25 b5 48 3c 00 0a a9 00
INFO - 25 b7 88 3c 00 0a ce 00
INFO - 25 ba c8 3c 00 0a b5 00
INFO - 25 bd 08 3c 00 0a d0 00
INFO - 25 be 48 3c 00 0a 8e 00
INFO - 25 c3 88 3c 00 0b 1d 00
INFO - 25 c5 c8 3c 00 0a b5 00
INFO - 25 c8 08 3c 00 0a cf 00
INFO - 25 cd 48 3c 00 0b 44 00
INFO - 25 cf 88 3c 00 0a b5 00
INFO - 25 d3 c8 3c 00 0a e6 00
INFO - 25 d6 08 3c 00 0a c6 00
INFO - 25 d8 48 3c 00 0a c1 00
INFO - 25 dc 88 3c 00 0a e9 00
INFO - 25 de c8 3c 00 0a cb 00
INFO - 25 e1 08 3c 00 0a d3 00
INFO - 25 e3 48 3c 00 0a a6 00
INFO - 25 e7 88 3c 00 0a e6 00
INFO - 25 e8 c8 3c 00 0a 9a 00
INFO - 25 ec 08 3c 00 0a ed 00
INFO - 25 ee 48 3c 00 0a b3 00
INFO - 25 f1 88 3c 00 0a b4 00
INFO - 25 f3 c8 3c 00 0a c0 00
INFO - 25 f6 08 3c 00 0a c2 00
INFO - 25 f8 48 3c 00 0a 85 00
INFO - 25 fa 88 3c 00 0a b1 00
INFO - 25 fd c8 3c 00 0a dc 00
INFO - 26 00 08 3c 00 0a c0 00
INFO - 26 02 48 3c 00 0a a7 00
INFO - 26 04 88 3c 00 0a 97 00
INFO - 26 07 c8 3c 00 0a d0 00
INFO - 26 09 08 3c 00 0a c2 00
INFO - 26 0c 48 3c 00 0a cd 00
INFO - 26 0e 88 3c 00 0a 9a 00
INFO - 26 11 c8 3c 00 0a d7 00
INFO - 26 13 08 3c 00 0a a9 00
INFO - 26 15 48 3c 00 0a b4 00
INFO - 26 18 88 3c 00 0a c0 00
INFO - 26 1a c8 3c 00 0a bd 00
INFO - 26 1d 08 3c 00 0a aa 00
INFO - 26 1f 48 3c 00 0a a6 00
INFO - 26 21 88 3c 00 0a ce 00
INFO - 26 23 c8 3c 00 0a a2 00
INFO - 26 26 08 3c 00 0a b6 00
INFO - 26 28 48 3c 00 0a a6 00
INFO - 26 2b 88 3c 00 0a d9 00
INFO - 26 2d c8 3c 00 0a b3 00
INFO - 26 30 08 3c 00 0a b1 00
INFO - 26 32 48 3c 00 0a b5 00
INFO - 26 35 88 3c 00 0a d9 00
INFO - 26 37 c8 3c 00 0a a6 00
INFO - 26 39 08 3c 00 0a a3 00
INFO - 26 3b 48 3c 00 0a a9 00
INFO - 26 3d 88 3c 00 0a a8 00
INFO - 26 40 c8 3c 00 0a bf 00
INFO - 26 42 08 3c 00 0a b0 00
INFO - 26 49 48 3c 00 0b a9 00
INFO - 26 4c 88 3c 00 0a cd 00
INFO - 26 50 c8 3c 00 0a e8 00
INFO - 26 53 08 3c 00 0a da 00
INFO - 26 55 48 3c 00 0a c0 00
INFO - 26 57 88 3c 00 0a b2 00
INFO - 26 5a c8 3c 00 0a c3 00
INFO - 26 5e 08 3c 00 0a f6 00
INFO - 26 61 48 3c 00 0a e3 00
INFO - 26 65 88 3c 00 0a f8 00
INFO - 26 67 c8 3c 00 0a b4 00
INFO - 26 69 08 3c 00 0a b4 00
INFO - 26 6b 48 3c 00 0a 9b 00
INFO - 26 6f 88 3c 00 0b 11 00
INFO - 26 71 c8 3c 00 0a a3 00
INFO - 26 74 08 3c 00 0a ab 00
INFO - 26 75 48 3c 00 0a 9b 00
INFO - 26 78 88 3c 00 0a b5 00
INFO - 26 79 c8 3c 00 0a 8b 00
INFO - 26 7d 08 3c 00 0a df 00
INFO - 26 80 48 3c 00 0a dc 00
INFO - 26 82 88 3c 00 0a c4 00
INFO - 26 85 c8 3c 00 0a c2 00
INFO - 26 88 08 3c 00 0a c3 00
INFO - 26 8a 48 3c 00 0a a9 00
INFO - 26 8d 88 3c 00 0a ea 00
INFO - 26 91 c8 3c 00 0a eb 00
INFO - 26 94 08 3c 00 0a de 00
INFO - 26 97 48 3c 00 0a cf 00
INFO - 26 9a 88 3c 00 0a c0 00
INFO - 26 9d c8 3c 00 0a d3 00
INFO - 26 a0 08 3c 00 0a dd 00
INFO - 26 a3 48 3c 00 0a dc 00
INFO - 26 a5 88 3c 00 0a ad 00
INFO - 26 a7 c8 3c 00 0a b8 00
INFO - 26 a9 08 3c 00 0a 9b 00
INFO - 26 ac 48 3c 00 0a d5 00
INFO - 26 af 88 3c 00 0a c5 00
INFO - 26 b1 c8 3c 00 0a b5 00
INFO - 26 b4 08 3c 00 0a ad 00
INFO - 26 b6 48 3c 00 0a b8 00
INFO - 26 b8 88 3c 00 0a ab 00
INFO - 26 bb c8 3c 00 0a c7 00
INFO - 26 be 08 3c 00 0a c3 00
INFO - 26 c0 48 3c 00 0a bb 00
INFO - 26 c3 88 3c 00 0a c6 00
INFO - 26 c5 c8 3c 00 0a ba 00
INFO - 26 c8 08 3c 00 0a e0 00
INFO - 26 ca 48 3c 00 0a 9e 00
INFO - 26 ce 88 3c 00 0a ed 00
INFO - 26 d0 c8 3c 00 0a ae 00
INFO - 26 d3 08 3c 00 0a d4 00
INFO - 26 d5 48 3c 00 0a b6 00
INFO - 26 d8 88 3c 00 0a ca 00
INFO - 26 da c8 3c 00 0a ab 00
INFO - 26 dd 08 3c 00 0a d5 00
INFO - 26 e0 48 3c 00 0a c5 00
INFO - 26 e4 88 3c 00 0b 0d 00
INFO - 26 e7 c8 3c 00 0a ba 00
INFO - 26 e9 08 3c 00 0a 76 00
INFO - 26 eb 48 3c 00 0a ba 00
INFO - 26 ee 88 3c 00 0a e2 00
INFO - 26 f0 c8 3c 00 0a 9f 00
INFO - 26 f4 08 3c 00 0a e2 00
INFO - 26 f6 48 3c 00 0a a0 00
INFO - 26 f9 88 3c 00 0a e2 00
INFO - 26 fb c8 3c 00 0a b8 00
INFO - 26 ff 08 3c 00 0b 0e 00
INFO - 27 03 48 3c 00 0a e1 00
INFO - 27 06 88 3c 00 0a e6 00
INFO - 27 09 c8 3c 00 0a e1 00
INFO - 27 0c 08 3c 00 0a bd 00
INFO - 27 0f 48 3c 00 0a f2 00
INFO - 27 12 88 3c 00 0a ab 00
INFO - 27 15 c8 3c 00 0a f5 00
INFO - 27 18 08 3c 00 0a c8 00
INFO - 27 1b 48 3c 00 0a cc 00
INFO - 27 1d 88 3c 00 0a c7 00
INFO - 27 21 c8 3c 00 0a e8 00
INFO - 27 25 08 3c 00 0b 02 00
INFO - 27 26 48 3c 00 0a 90 00
INFO - 27 29 88 3c 00 0a b2 00
INFO - 27 2b c8 3c 00 0a c7 00
INFO - 27 2e 08 3c 00 0a b2 00
INFO - 27 31 48 3c 00 0a d9 00
INFO - 27 33 88 3c 00 0a ba 00
INFO - 27 36 c8 3c 00 0a cf 00
INFO - 27 39 08 3c 00 0a b2 00
INFO - 27 3d 48 3c 00 0a e7 00
INFO - 27 3f 88 3c 00 0a ce 00
INFO - 27 42 c8 3c 00 0a ad 00
INFO - 27 44 08 3c 00 0a a4 00
INFO - 27 47 48 3c 00 0a e5 00
INFO - 27 4a 88 3c 00 0a cc 00
INFO - 27 4d c8 3c 00 0a dd 00
INFO - 27 50 08 3c 00 0a cb 00
INFO - 27 53 48 3c 00 0a d6 00
INFO - 27 57 88 3c 00 0b 12 00
INFO - 27 59 c8 3c 00 0a b3 00
INFO - 27 5c 08 3c 00 0a ad 00
INFO - 27 5e 48 3c 00 0a bd 00
INFO - 27 62 88 3c 00 0b 11 00
INFO - 27 65 c8 3c 00 0a af 00
INFO - 27 67 08 3c 00 0a a5 00
INFO - 27 6a 48 3c 00 0a fe 00
INFO - 27 6e 88 3c 00 0a f5 00
INFO - 27 71 c8 3c 00 0a d8 00
INFO - 27 74 08 3c 00 0a c0 00
INFO - 27 76 48 3c 00 0a ab 00
INFO - 27 79 88 3c 00 0a ca 00
INFO - 27 7b c8 3c 00 0a c9 00
INFO - 27 7e 08 3c 00 0a b1 00
INFO - 27 80 48 3c 00 0a c6 00
INFO - 27 83 88 3c 00 0a ae 00
INFO - 27 85 c8 3c 00 0a ba 00
INFO - 27 89 08 3c 00 0a f3 00
INFO - 27 8c 48 3c 00 0a d6 00
INFO - 27 8d 88 3c 00 0a 91 00
INFO - 27 90 c8 3c 00 0a bc 00
INFO - 27 92 08 3c 00 0a 75 00
INFO - 27 95 48 3c 00 0a ca 00
INFO - 27 97 88 3c 00 0a ae 00
INFO - 27 9a c8 3c 00 0a d2 00
INFO - 27 9c 08 3c 00 0a af 00
INFO - 27 9f 48 3c 00 0a c8 00
INFO - 27 a2 88 3c 00 0a de 00
INFO - 27 a7 c8 3c 00 0b 1d 00
INFO - 27 ab 08 3c 00 0b 13 00
INFO - 27 ad 48 3c 00 0a ae 00
INFO - 27 af 88 3c 00 0a ad 00
INFO - 27 b6 c8 3c 00 0b 9c 00
INFO - 27 b8 08 3c 00 0a 92 00
INFO - 27 ba 48 3c 00 0a a8 00
INFO - 27 bc 88 3c 00 0a a0 00
INFO - 27 be c8 3c 00 0a 9e 00
INFO - 27 c1 08 3c 00 0a ed 00
INFO - 27 c3 48 3c 00 0a 8b 00
INFO - 27 c6 88 3c 00 0a e3 00
INFO - 27 c9 c8 3c 00 0a d0 00
INFO - 27 cc 08 3c 00 0a b9 00
INFO - 27 cf 48 3c 00 0a dd 00
INFO - 27 d2 88 3c 00 0a d3 00
INFO - 27 d5 c8 3c 00 0a ea 00
INFO - 27 d8 08 3c 00 0a b6 00
INFO - 27 db 48 3c 00 0a e2 00
INFO - 27 df 88 3c 00 0b 03 00
INFO - 27 e2 c8 3c 00 0a f8 00
INFO - 27 e6 08 3c 00 0a f8 00
INFO - 27 e9 48 3c 00 0a b6 00
INFO - 27 eb 88 3c 00 0a c4 00
INFO - 27 ed c8 3c 00 0a 9d 00
INFO - 27 f1 08 3c 00 0a f7 00
INFO - 27 f3 48 3c 00 0a ae 00
INFO - 27 f6 88 3c 00 0a b6 00
INFO - 27 f8 c8 3c 00 0a aa 00
INFO - 27 fa 08 3c 00 0a a9 00
INFO - 27 fc 48 3c 00 0a a9 00
INFO - 28 00 88 3c 00 0a f9 00
INFO - 28 02 c8 3c 00 0a b7 00
INFO - 28 05 08 3c 00 0a c0 00
INFO - 28 07 48 3c 00 0a 84 00
INFO - 28 0a 88 3c 00 0a c5 00
INFO - 28 0c c8 3c 00 0a b5 00
INFO - 28 10 08 3c 00 0a eb 00
INFO - 28 13 48 3c 00 0a e7 00
INFO - 28 16 88 3c 00 0a c4 00
INFO - 28 18 c8 3c 00 0a a0 00
INFO - 28 1b 08 3c 00 0a c0 00
INFO - 28 1d 48 3c 00 0a b6 00
INFO - 28 21 88 3c 00 0a f9 00
INFO - 28 24 c8 3c 00 0a e1 00
INFO - 28 26 08 3c 00 0a b3 00
INFO - 28 28 48 3c 00 0a 9c 00
INFO - 28 2c 88 3c 00 0a f7 00
INFO - 28 2e c8 3c 00 0a b5 00
INFO - 28 31 08 3c 00 0a de 00
INFO - 28 34 48 3c 00 0a d1 00
INFO - 28 36 88 3c 00 0a 9c 00
INFO - 28 39 c8 3c 00 0a c4 00
INFO - 28 3c 08 3c 00 0a d0 00
INFO - 28 3e 48 3c 00 0a 9c 00
INFO - 28 41 88 3c 00 0a dd 00
INFO - 28 44 c8 3c 00 0a d1 00
INFO - 28 47 08 3c 00 0a d0 00
INFO - 28 49 48 3c 00 0a c3 00
INFO - 28 4c 88 3c 00 0a d1 00
INFO - 28 4f c8 3c 00 0a c3 00
INFO - 28 52 08 3c 00 0a d1 00
INFO - 28 55 48 3c 00 0a f8 00
INFO - 28 57 88 3c 00 0a 8f 00
INFO - 28 5a c8 3c 00 0a e8 00
INFO - 28 5c 08 3c 00 0a 92 00
INFO - 28 5f 48 3c 00 0a db 00
INFO - 28 62 88 3c 00 0a d1 00
INFO - 28 64 c8 3c 00 0a b6 00
INFO - 28 69 08 3c 00 0b 15 00
INFO - 28 6b 48 3c 00 0a b3 00
INFO - 28 6d 88 3c 00 0a b6 00
INFO - 28 71 c8 3c 00 0a ea 00
INFO - 28 74 08 3c 00 0a dd 00
INFO - 28 76 48 3c 00 0a b8 00
INFO - 28 79 88 3c 00 0a c0 00
INFO - 28 7b c8 3c 00 0a b6 00
INFO - 28 7e 08 3c 00 0a b5 00
INFO - 28 80 48 3c 00 0a a8 00
INFO - 28 83 88 3c 00 0a ea 00
INFO - 28 86 c8 3c 00 0a b6 00
INFO - 28 88 08 3c 00 0a a4 00
INFO - 28 8b 48 3c 00 0a d3 00
INFO - 28 8d 88 3c 00 0a a9 00
INFO - 28 90 c8 3c 00 0a dc 00
INFO - 28 92 08 3c 00 0a 9b 00
INFO - 28 94 48 3c 00 0a d0 00
INFO - 28 98 88 3c 00 0a dd 00
INFO - 28 9a c8 3c 00 0a c2 00
INFO - 28 9d 08 3c 00 0a c3 00
INFO - 28 9f 48 3c 00 0a c2 00
INFO - 28 a2 88 3c 00 0a c2 00
INFO - 28 a5 c8 3c 00 0a dc 00
INFO - 28 a7 08 3c 00 0a 82 00
INFO - 28 aa 48 3c 00 0a cd 00
INFO - 28 ac 88 3c 00 0a 9b 00
INFO - 28 af c8 3c 00 0a e9 00
INFO - 28 b3 08 3c 00 0a e9 00
INFO - 28 b5 48 3c 00 0a a8 00
INFO - 28 b8 88 3c 00 0a db 00
INFO - 28 bb c8 3c 00 0a cf 00
INFO - 28 be 08 3c 00 0a d0 00
INFO - 28 c0 48 3c 00 0a 9a 00
INFO - 28 c2 88 3c 00 0a a8 00
INFO - 28 c4 c8 3c 00 0a b6 00
INFO - 28 cb 08 3c 00 0a ce 00
INFO - 28 ce 48 3c 00 0a dc 00
INFO - 28 d0 88 3c 00 0a a7 00
INFO - 28 d3 c8 3c 00 0a b6 00
INFO - 28 d5 08 3c 00 0a a8 00
INFO - 28 d8 48 3c 00 0a db 00
INFO - 28 da 88 3c 00 0a a5 00
INFO - 28 dd c8 3c 00 0a eb 00
INFO - 28 df 08 3c 00 0a a8 00
INFO - 28 e2 48 3c 00 0a ce 00
INFO - 28 e5 88 3c 00 0a b2 00
INFO - 28 e7 c8 3c 00 0a a8 00
INFO - 28 e9 08 3c 00 0a b8 00
INFO - 28 ec 48 3c 00 0a 87 00
INFO - 28 ee 88 3c 00 0a b2 00
INFO - 28 f1 c8 3c 00 0a b9 00
INFO - 28 f4 08 3c 00 0a d8 00
INFO - 28 f5 48 3c 00 0a 8e 00
INFO - 28 f8 88 3c 00 0a c5 00
INFO - 28 fa c8 3c 00 0a b1 00
INFO - 28 fd 08 3c 00 0a cf 00
INFO - 29 00 48 3c 00 0a b8 00
INFO - 29 02 88 3c 00 0a bf 00
INFO - 29 05 c8 3c 00 0a c1 00
INFO - 29 07 08 3c 00 0a a8 00
INFO - 29 09 48 3c 00 0a a8 00
INFO - 29 0c 88 3c 00 0a c1 00
INFO - 29 0e c8 3c 00 0a ce 00
INFO - 29 11 08 3c 00 0a c4 00
INFO - 29 17 48 3c 00 0b 72 00
INFO - 29 1a 88 3c 00 0a c1 00
INFO - 29 1d c8 3c 00 0a ce 00
INFO - 29 1f 08 3c 00 0a c2 00
INFO - 29 22 48 3c 00 0a cc 00
INFO - 29 24 88 3c 00 0a 99 00
INFO - 29 28 c8 3c 00 0a f5 00
INFO - 29 2a 08 3c 00 0a ae 00
INFO - 29 2c 48 3c 00 0a b5 00
INFO - 29 2f 88 3c 00 0a cc 00
INFO - 29 33 c8 3c 00 0a fc 00
INFO - 29 37 08 3c 00 0b 01 00
INFO - 29 39 48 3c 00 0a b0 00
INFO - 29 3b 88 3c 00 0a a8 00
INFO - 29 3d c8 3c 00 0a b3 00
INFO - 29 40 08 3c 00 0a cc 00
INFO - 29 42 48 3c 00 0a 8a 00
INFO - 29 44 88 3c 00 0a cf 00
INFO - 29 47 c8 3c 00 0a bd 00
INFO - 29 49 08 3c 00 0a b6 00
INFO - 29 4c 48 3c 00 0a bd 00
INFO - 29 4f 88 3c 00 0a d0 00
INFO - 29 52 c8 3c 00 0a e4 00
INFO - 29 55 08 3c 00 0a c1 00
INFO - 29 57 48 3c 00 0a b4 00
INFO - 29 5a 88 3c 00 0a ce 00
INFO - 29 5c c8 3c 00 0a b5 00
INFO - 29 5f 08 3c 00 0a dc 00
INFO - 29 61 48 3c 00 0a 81 00
INFO - 29 64 88 3c 00 0a e9 00
INFO - 29 66 c8 3c 00 0a a8 00
INFO - 29 69 08 3c 00 0a c1 00
INFO - 29 6b 48 3c 00 0a c1 00
INFO - 29 6f 88 3c 00 0a f6 00
INFO - 29 71 c8 3c 00 0a b5 00
INFO - 29 75 08 3c 00 0a e7 00
INFO - 29 78 48 3c 00 0a eb 00
INFO - 29 7a 88 3c 00 0a b2 00
INFO - 29 7d c8 3c 00 0a d1 00
INFO - 29 81 08 3c 00 0a e9 00
INFO - 29 84 48 3c 00 0a e5 00
INFO - 29 87 88 3c 00 0a c4 00
INFO - 29 89 c8 3c 00 0a b1 00
INFO - 29 8b 08 3c 00 0a 9d 00
INFO - 29 8d 48 3c 00 0a 98 00
INFO - 29 91 88 3c 00 0b 28 00
INFO - 29 94 c8 3c 00 0a b7 00
INFO - 29 96 08 3c 00 0a b1 00
INFO - 29 98 48 3c 00 0a a7 00
INFO - 29 9a 88 3c 00 0a b7 00
INFO - 29 9c c8 3c 00 0a a4 00
INFO - 29 9e 08 3c 00 0a 9a 00
INFO - 29 a1 48 3c 00 0a c1 00
INFO - 29 a3 88 3c 00 0a c3 00
INFO - 29 a6 c8 3c 00 0a b1 00
INFO - 29 a8 08 3c 00 0a c1 00
INFO - 29 ab 48 3c 00 0a c1 00
INFO - 29 ae 88 3c 00 0a c1 00
INFO - 29 b3 c8 3c 00 0b 4e 00
INFO - 29 b5 08 3c 00 0a a7 00
INFO - 29 b7 48 3c 00 0a a7 00
INFO - 29 b9 88 3c 00 0a 97 00
INFO - 29 bc c8 3c 00 0a d1 00
INFO - 29 be 08 3c 00 0a b4 00
INFO - 29 c1 48 3c 00 0a e8 00
INFO - 29 c4 88 3c 00 0a a5 00
INFO - 29 c6 c8 3c 00 0a b7 00
INFO - 29 c8 08 3c 00 0a a5 00
INFO - 29 ca 48 3c 00 0a aa 00
INFO - 29 cd 88 3c 00 0a bf 00
INFO - 29 cf c8 3c 00 0a 9e 00
INFO - 29 d0 08 3c 00 0a 9b 00
INFO - 29 d3 48 3c 00 0a cc 00
INFO - 29 d5 88 3c 00 0a 8e 00
INFO - 29 d7 c8 3c 00 0a b8 00
INFO - 29 d9 08 3c 00 0a b2 00
INFO - 29 dc 48 3c 00 0a b5 00
INFO - 29 de 88 3c 00 0a c2 00
INFO - 29 e1 c8 3c 00 0a a7 00
INFO - 29 e4 08 3c 00 0a b9 00
INFO - 29 e7 48 3c 00 0a cd 00
INFO - 29 ea 88 3c 00 0a d3 00
INFO - 29 ed c8 3c 00 0a f4 00
INFO - 29 f2 08 3c 00 0b 39 00
INFO - 29 f5 48 3c 00 0a c4 00
INFO - 29 f7 88 3c 00 0a c3 00
INFO - 29 fa c8 3c 00 0a b7 00
INFO - 29 fd 08 3c 00 0a de 00
INFO - 29 ff 48 3c 00 0a 9c 00
INFO - 2a 03 88 3c 00 0b 12 00
INFO - 2a 05 c8 3c 00 0a b3 00
INFO - 2a 08 08 3c 00 0a ba 00
INFO - 2a 0b 48 3c 00 0a de 00
INFO - 2a 0d 88 3c 00 0a b4 00
INFO - 2a 11 c8 3c 00 0b 09 00
INFO - 2a 15 08 3c 00 0a f9 00
INFO - 2a 19 48 3c 00 0a e8 00
INFO - 2a 1b 88 3c 00 0a ba 00
INFO - 2a 1d c8 3c 00 0a b4 00
INFO - 2a 21 08 3c 00 0a fc 00
INFO - 2a 23 48 3c 00 0a 9a 00
INFO - 2a 26 88 3c 00 0a c4 00
INFO - 2a 27 c8 3c 00 0a a0 00
INFO - 2a 2a 08 3c 00 0a a7 00
INFO - 2a 2c 48 3c 00 0a d1 00
INFO - 2a 2e 88 3c 00 0a 70 00
INFO - 2a 31 c8 3c 00 0a c1 00
INFO - 2a 34 08 3c 00 0a c4 00
INFO - 2a 37 48 3c 00 0a f9 00
INFO - 2a 3a 88 3c 00 0a c7 00
INFO - 2a 3d c8 3c 00 0a c0 00
INFO - 2a 40 08 3c 00 0a dd 00
INFO - 2a 41 48 3c 00 0a 82 00
INFO - 2a 44 88 3c 00 0a b6 00
INFO - 2a 46 c8 3c 00 0a c3 00
INFO - 2a 48 08 3c 00 0a 8f 00
INFO - 2a 4a 48 3c 00 0a b5 00
INFO - 2a 4d 88 3c 00 0a c3 00
INFO - 2a 50 c8 3c 00 0a e7 00
INFO - 2a 52 08 3c 00 0a ac 00
INFO - 2a 54 48 3c 00 0a 9b 00
INFO - 2a 57 88 3c 00 0a bf 00
INFO - 2a 59 c8 3c 00 0a 9e 00
INFO - 2a 5b 08 3c 00 0a bf 00
INFO - 2a 5d 48 3c 00 0a ab 00
INFO - 2a 62 88 3c 00 0b 19 00
INFO - 2a 64 c8 3c 00 0a c4 00
INFO - 2a 66 08 3c 00 0a 97 00
INFO - 2a 68 48 3c 00 0a b4 00
INFO - 2a 6a 88 3c 00 0a a7 00
INFO - 2a 6d c8 3c 00 0a d1 00
INFO - 2a 74 08 3c 00 0b 71 00
INFO - 2a 75 48 3c 00 0a 9a 00
INFO - 2a 79 88 3c 00 0a f6 00
INFO - 2a 7b c8 3c 00 0a a3 00
INFO - 2a 7e 08 3c 00 0a d9 00
INFO - 2a 80 48 3c 00 0a b3 00
INFO - 2a 82 88 3c 00 0a 9c 00
INFO - 2a 86 c8 3c 00 0a e2 00
INFO - 2a 87 08 3c 00 0a 99 00
INFO - 2a 8b 48 3c 00 0b 0b 00
INFO - 2a 8d 88 3c 00 0a a2 00
INFO - 2a 8f c8 3c 00 0a a8 00
INFO - 2a 92 08 3c 00 0a cb 00
INFO - 2a 95 48 3c 00 0a be 00
INFO - 2a 97 88 3c 00 0a be 00
INFO - 2a 9a c8 3c 00 0a cb 00
INFO - 2a 9d 08 3c 00 0a bd 00
INFO - 2a 9f 48 3c 00 0a b1 00
INFO - 2a a1 88 3c 00 0a ba 00
INFO - 2a a4 c8 3c 00 0a c0 00
INFO - 2a a7 08 3c 00 0a c6 00
INFO - 2a a9 48 3c 00 0a b3 00
INFO - 2a ad 88 3c 00 0b 04 00
INFO - 2a b0 c8 3c 00 0a cb 00
INFO - 2a b3 08 3c 00 0a d2 00
INFO - 2a b5 48 3c 00 0a c8 00
INFO - 2a b7 88 3c 00 0a a6 00
INFO - 2a b9 c8 3c 00 0a a0 00
INFO - 2a bc 08 3c 00 0a b2 00
INFO - 2a be 48 3c 00 0a b8 00
INFO - 2a c1 88 3c 00 0a ca 00
INFO - 2a c3 c8 3c 00 0a a0 00
INFO - 2a c6 08 3c 00 0a d3 00
INFO - 2a c9 48 3c 00 0a d3 00
INFO - 2a cb 88 3c 00 0a bd 00
INFO - 2a cd c8 3c 00 0a 9f 00
INFO - 2a cf 08 3c 00 0a ae 00
INFO - 2a d2 48 3c 00 0a d2 00
INFO - 2a d5 88 3c 00 0a c6 00
INFO - 2a d7 c8 3c 00 0a b9 00
INFO - 2a da 08 3c 00 0a c6 00
INFO - 2a dc 48 3c 00 0a 95 00
INFO - 2a df 88 3c 00 0a e9 00
INFO - 2a e2 c8 3c 00 0a de 00
INFO - 2a e4 08 3c 00 0a 95 00
INFO - 2a e8 48 3c 00 0a f6 00
INFO - 2a ea 88 3c 00 0a ad 00
INFO - 2a ed c8 3c 00 0a ea 00
INFO - 2a f1 08 3c 00 0a db 00
INFO - 2a f3 48 3c 00 0a a4 00
INFO - 2a f6 88 3c 00 0a ea 00
INFO - 2a f8 c8 3c 00 0a b9 00
INFO - 2a fa 08 3c 00 0a 9f 00
INFO - 2a fc 48 3c 00 0a a4 00
INFO - 2a fe 88 3c 00 0a 96 00
INFO - 2b 00 c8 3c 00 0a b7 00
INFO - 2b 04 08 3c 00 0a ee 00
INFO - 2b 06 48 3c 00 0a 93 00
INFO - 2b 07 88 3c 00 0a 96 00
INFO - 2b 09 c8 3c 00 0a a5 00
INFO - 2b 0b 08 3c 00 0a 93 00
INFO - 2b 0d 48 3c 00 0a 96 00
INFO - 2b 0f 88 3c 00 0a a5 00
INFO - 2b 10 c8 3c 00 0a 92 00
INFO - 2b 13 08 3c 00 0a d3 00
INFO - 2b 15 48 3c 00 0a a5 00
INFO - 2b 17 88 3c 00 0a 93 00
INFO - 2b 19 c8 3c 00 0a af 00
INFO - 2b 1b 08 3c 00 0a a3 00
INFO - 2b 1d 48 3c 00 0a 99 00
INFO - 2b 20 88 3c 00 0a d9 00
INFO - 2b 24 c8 3c 00 0a ee 00
INFO - 2b 26 08 3c 00 0a bc 00
INFO - 2b 28 48 3c 00 0a a2 00
INFO - 2b 2b 88 3c 00 0a e0 00
INFO - 2b 2f c8 3c 00 0b 05 00
INFO - 2b 33 08 3c 00 0a f6 00
INFO - 2b 35 48 3c 00 0a 99 00
INFO - 2b 37 88 3c 00 0a af 00
INFO - 2b 39 c8 3c 00 0a 8a 00
INFO - 2b 3b 08 3c 00 0a c5 00
INFO - 2b 3d 48 3c 00 0a 99 00
INFO - 2b 40 88 3c 00 0a d2 00
INFO - 2b 43 c8 3c 00 0a e1 00
INFO - 2b 46 08 3c 00 0a d6 00
INFO - 2b 48 48 3c 00 0a a0 00
INFO - 2b 4b 88 3c 00 0a d4 00
INFO - 2b 4e c8 3c 00 0a ca 00
INFO - 2b 51 08 3c 00 0a d4 00
INFO - 2b 54 48 3c 00 0a d3 00
INFO - 2b 56 88 3c 00 0a bd 00
INFO - 2b 59 c8 3c 00 0a be 00
INFO - 2b 5c 08 3c 00 0a c5 00
INFO - 2b 5f 48 3c 00 0a e4 00
INFO - 2b 62 88 3c 00 0a d2 00
INFO - 2b 65 c8 3c 00 0a d5 00
INFO - 2b 68 08 3c 00 0a cb 00
INFO - 2b 69 48 3c 00 0a 94 00
INFO - 2b 6d 88 3c 00 0a fa 00
INFO - 2b 6f c8 3c 00 0a 96 00
INFO - 2b 71 08 3c 00 0a bc 00
INFO - 2b 73 48 3c 00 0a a3 00
INFO - 2b 76 88 3c 00 0a b0 00
INFO - 2b 78 c8 3c 00 0a bf 00
INFO - 2b 7b 08 3c 00 0a c7 00
INFO - 2b 7e 48 3c 00 0a d5 00
INFO - 2b 80 88 3c 00 0a 97 00
INFO - 2b 82 c8 3c 00 0a b0 00
INFO - 2b 85 08 3c 00 0a d4 00
INFO - 2b 87 48 3c 00 0a bd 00
INFO - 2b 8b 88 3c 00 0a e0 00
INFO - 2b 8d c8 3c 00 0a c6 00
INFO - 2b 91 08 3c 00 0a e3 00
INFO - 2b 92 48 3c 00 0a 96 00
INFO - 2b 95 88 3c 00 0a d4 00
INFO - 2b 97 c8 3c 00 0a 8a 00
INFO - 2b 99 08 3c 00 0a 7e 00
INFO - 2b 9b 48 3c 00 0a a2 00
INFO - 2b 9e 88 3c 00 0a d4 00
INFO - 2b a0 c8 3c 00 0a 95 00
INFO - 2b a3 08 3c 00 0a c7 00
INFO - 2b a5 48 3c 00 0a af 00
INFO - 2b a8 88 3c 00 0a cf 00
INFO - 2b aa c8 3c 00 0a b1 00
INFO - 2b ac 08 3c 00 0a 95 00
INFO - 2b ae 48 3c 00 0a c4 00
INFO - 2b b0 88 3c 00 0a a4 00
INFO - 2b b3 c8 3c 00 0a cf 00
INFO - 2b b6 08 3c 00 0a b0 00
INFO - 2b b8 48 3c 00 0a ae 00
INFO - 2b bb 88 3c 00 0a f3 00
INFO - 2b be c8 3c 00 0a ad 00
INFO - 2b c0 08 3c 00 0a b0 00
INFO - 2b c2 48 3c 00 0a c5 00
INFO - 2b c6 88 3c 00 0a db 00
INFO - 2b c8 c8 3c 00 0a a1 00
INFO - 2b ca 08 3c 00 0a b9 00
INFO - 2b cc 48 3c 00 0a ac 00
INFO - 2b ce 88 3c 00 0a a0 00
INFO - 2b d1 c8 3c 00 0a d0 00
INFO - 2b d4 08 3c 00 0a c4 00
INFO - 2b d6 48 3c 00 0a c4 00
INFO - 2b d8 88 3c 00 0a ac 00
INFO - 2b da c8 3c 00 0a 9f 00
INFO - 2b dd 08 3c 00 0a d8 00
INFO - 2b df 48 3c 00 0a 93 00
INFO - 2b e2 88 3c 00 0a c3 00
INFO - 2b e5 c8 3c 00 0a db 00
INFO - 2b e7 08 3c 00 0a b7 00
INFO - 2b ea 48 3c 00 0a b7 00
INFO - 2b ec 88 3c 00 0a b7 00
INFO - 2b ee c8 3c 00 0a b6 00
INFO - 2b f1 08 3c 00 0a ce 00
INFO - 2b f4 48 3c 00 0a b6 00
INFO - 2b f6 88 3c 00 0a cc 00
INFO - 2b f8 c8 3c 00 0a 9e 00
INFO - 2b fb 08 3c 00 0a b5 00
INFO - 2b fd 48 3c 00 0a 9e 00
INFO - 2b ff 88 3c 00 0a b5 00
INFO - 2c 01 c8 3c 00 0a 92 00
INFO - 2c 03 08 3c 00 0a a9 00
INFO - 2c 06 48 3c 00 0a cc 00
INFO - 2c 08 88 3c 00 0a cc 00
INFO - 2c 0b c8 3c 00 0a b5 00
INFO - 2c 0d 08 3c 00 0a c2 00
INFO - 2c 10 48 3c 00 0a d4 00
INFO - 2c 12 88 3c 00 0a a0 00
INFO - 2c 14 c8 3c 00 0a 9c 00
INFO - 2c 16 08 3c 00 0a aa 00
INFO - 2c 19 48 3c 00 0a b2 00
INFO - 2c 1b 88 3c 00 0a a8 00
INFO - 2c 1d c8 3c 00 0a ac 00
INFO - 2c 21 08 3c 00 0a ec 00
INFO - 2c 23 48 3c 00 0a 9f 00
INFO - 2c 26 88 3c 00 0a e0 00
INFO - 2c 29 c8 3c 00 0a da 00
INFO - 2c 2b 08 3c 00 0a 9a 00
INFO - 2c 2d 48 3c 00 0a 9c 00
INFO - 2c 30 88 3c 00 0a df 00
INFO - 2c 32 c8 3c 00 0a 99 00
INFO - 2c 34 08 3c 00 0a 9c 00
INFO - 2c 36 48 3c 00 0a ab 00
INFO - 2c 38 88 3c 00 0a 99 00
INFO - 2c 39 c8 3c 00 0a 9a 00
INFO - 2c 3c 08 3c 00 0a c9 00
INFO - 2c 3e 48 3c 00 0a 9c 00
INFO - 2c 41 88 3c 00 0a c0 00
INFO - 2c 42 c8 3c 00 0a 8d 00
INFO - 2c 45 08 3c 00 0a b1 00
INFO - 2c 46 48 3c 00 0a 90 00
INFO - 2c 49 88 3c 00 0a c8 00
INFO - 2c 4b c8 3c 00 0a 90 00
INFO - 2c 4e 08 3c 00 0a e2 00
INFO - 2c 51 48 3c 00 0a df 00
INFO - 2c 53 88 3c 00 0a 97 00
INFO - 2c 56 c8 3c 00 0a c9 00
INFO - 2c 59 08 3c 00 0a d3 00
INFO - 2c 5b 48 3c 00 0a d3 00
INFO - 2c 5e 88 3c 00 0a b4 00
INFO - 2c 61 c8 3c 00 0a ea 00
INFO - 2c 64 08 3c 00 0a b9 00
INFO - 2c 67 48 3c 00 0a d5 00
INFO - 2c 6a 88 3c 00 0a e6 00
INFO - 2c 6c c8 3c 00 0a 9a 00
INFO - 2c 6f 08 3c 00 0a c6 00
INFO - 2c 71 48 3c 00 0a bc 00
INFO - 2c 73 88 3c 00 0a b3 00
INFO - 2c 76 c8 3c 00 0a b8 00
INFO - 2c 78 08 3c 00 0a a5 00
INFO - 2c 79 48 3c 00 0a 91 00
INFO - 2c 7c 88 3c 00 0a b9 00
INFO - 2c 7e c8 3c 00 0a be 00
INFO - 2c 81 08 3c 00 0a d2 00
INFO - 2c 83 48 3c 00 0a 97 00
INFO - 2c 85 88 3c 00 0a a5 00
INFO - 2c 87 c8 3c 00 0a a8 00
INFO - 2c 8a 08 3c 00 0a b9 00
INFO - 2c 8c 48 3c 00 0a 73 00
INFO - 2c 8e 88 3c 00 0a be 00
INFO - 2c 91 c8 3c 00 0a af 00
INFO - 2c 93 08 3c 00 0a bc 00
INFO - 2c 96 48 3c 00 0a bc 00
INFO - 2c 98 88 3c 00 0a a9 00
INFO - 2c 9b c8 3c 00 0a f6 00
INFO - 2c 9e 08 3c 00 0a c7 00
INFO - 2c a0 48 3c 00 0a 9d 00
INFO - 2c a2 88 3c 00 0a 9a 00
INFO - 2c a3 c8 3c 00 0a 90 00
INFO - 2c a6 08 3c 00 0a c0 00
INFO - 2c a8 48 3c 00 0a bc 00
INFO - 2c aa 88 3c 00 0a 9d 00
INFO - 2c ac c8 3c 00 0a 8f 00
INFO - 2c ae 08 3c 00 0a a8 00
INFO - 2c b1 48 3c 00 0a ca 00
INFO - 2c b3 88 3c 00 0a 9c 00
INFO - 2c b5 c8 3c 00 0a b2 00
INFO - 2c b7 08 3c 00 0a 9b 00
INFO - 2c b9 48 3c 00 0a b3 00
INFO - 2c bb 88 3c 00 0a b2 00
INFO - 2c bd c8 3c 00 0a 84 00
INFO - 2c bf 08 3c 00 0a a7 00
INFO - 2c c1 48 3c 00 0a a7 00
INFO - 2c c3 88 3c 00 0a b1 00
INFO - 2c c6 c8 3c 00 0a d5 00
INFO - 2c c8 08 3c 00 0a a7 00
INFO - 2c ca 48 3c 00 0a a6 00
INFO - 2c ce 88 3c 00 0a e0 00
INFO - 2c d0 c8 3c 00 0a b0 00
INFO - 2c d2 08 3c 00 0a bf 00
INFO - 2c d4 48 3c 00 0a 8e 00
INFO - 2c d6 88 3c 00 0a 91 00
INFO - 2c d8 c8 3c 00 0a b2 00
INFO - 2c da 08 3c 00 0a a5 00
INFO - 2c dd 48 3c 00 0a d6 00
INFO - 2c df 88 3c 00 0a a5 00
INFO - 2c e1 c8 3c 00 0a 6f 00
INFO - 2c e3 08 3c 00 0a bd 00
INFO - 2c e6 48 3c 00 0a bc 00
INFO - 2c e8 88 3c 00 0a bf 00
INFO - 2c eb c8 3c 00 0a b2 00
INFO - 2c ed 08 3c 00 0a be 00
INFO - 2c f3 48 3c 00 0b 52 00
INFO - 2c f6 88 3c 00 0a b7 00
INFO - 2c f8 c8 3c 00 0a a9 00
INFO - 2c fa 08 3c 00 0a a5 00
INFO - 2c fd 48 3c 00 0a cc 00
INFO - 2c fe 88 3c 00 0a 91 00
INFO - 2d 01 c8 3c 00 0a ca 00
INFO - 2d 03 08 3c 00 0a b4 00
INFO - 2d 06 48 3c 00 0a bc 00
INFO - 2d 08 88 3c 00 0a 9f 00
INFO - 2d 0b c8 3c 00 0a cc 00
INFO - 2d 0d 08 3c 00 0a c1 00
INFO - 2d 11 48 3c 00 0a e3 00
INFO - 2d 13 88 3c 00 0a cd 00
INFO - 2d 16 c8 3c 00 0a a8 00
INFO - 2d 17 08 3c 00 0a a0 00
INFO - 2d 1a 48 3c 00 0a b4 00
INFO - 2d 1c 88 3c 00 0a c4 00
INFO - 2d 1f c8 3c 00 0a b7 00
INFO - 2d 22 08 3c 00 0a f2 00
INFO - 2d 24 48 3c 00 0a 92 00
INFO - 2d 27 88 3c 00 0a c6 00
INFO - 2d 29 c8 3c 00 0a b6 00
INFO - 2d 2b 08 3c 00 0a ae 00
INFO - 2d 2e 48 3c 00 0a b8 00
INFO - 2d 31 88 3c 00 0a dd 00
INFO - 2d 34 c8 3c 00 0a c5 00
INFO - 2d 36 08 3c 00 0a ab 00
INFO - 2d 38 48 3c 00 0a a3 00
INFO - 2d 3b 88 3c 00 0a dc 00
INFO - 2d 40 c8 3c 00 0a a8 00
INFO - 2d 42 08 3c 00 0a c7 00
INFO - 2d 45 48 3c 00 0a af 00
INFO - 2d 47 88 3c 00 0a c6 00
INFO - 2d 49 c8 3c 00 0a a1 00
INFO - 2d 4c 08 3c 00 0a bc 00
INFO - 2d 4f 48 3c 00 0a c5 00
INFO - 2d 4f 88 3c 00 0a c5 00
INFO - 2d 4f c8 3c 00 0a c5 00
INFO - 2d 4f 08 3c 00 0a c5 00
INFO - 2d 4f 48 3c 00 0a c5 00
INFO - 2d 4f 88 3c 00 0a c5 00
INFO - 2d 4f c8 3c 00 0a c5 00
INFO - 2d 4f 08 3c 00 0a c5 00
INFO - 2d 4f 48 3c 00 0a c5 00
INFO - 2d 4f 88 3c 00 0a c5 00
INFO - 2d 4f c8 3c 00 0a c5 00
