INFO - 20 00 48 3c 00 0a 40 00
INFO - 20 04 88 3c 00 0b 09 00
INFO - 20 13 c8 3c 00 0a bc 00
INFO - 20 14 08 3c 00 0a 9f 00
INFO - 20 18 48 3c 00 0a ed 00
INFO - 20 18 88 3c 00 0a ed 00
INFO - 20 1c c8 3c 00 0a a8 00
INFO - 20 1e 08 3c 00 0a 91 00
INFO - 20 1e 48 3c 00 0a 91 00
INFO - 20 1e 88 3c 00 0a 91 00
INFO - 20 25 c8 3c 00 0a b3 00
INFO - 20 28 08 3c 00 0a d5 00
INFO - 20 2b 48 3c 00 0a ec 00
INFO - 20 2b 88 3c 00 0a ec 00
INFO - 20 2d c8 3c 00 0a 74 00
INFO - 20 2f 08 3c 00 0a 85 00
INFO - 20 32 48 3c 00 0a 9b 00
INFO - 20 32 88 3c 00 0a 9b 00
INFO - 20 39 c8 3c 00 0a ea 00
INFO - 20 39 08 3c 00 0a ea 00
INFO - 20 3c 48 3c 00 0a 8a 00
INFO - 20 41 88 3c 00 0b 2d 00
INFO - 20 41 c8 3c 00 0b 2d 00
INFO - 20 41 08 3c 00 0b 2d 00
INFO - 20 41 48 3c 00 0b 2d 00
INFO - 20 47 88 3c 00 0a 92 00
INFO - 20 49 c8 3c 00 0a a5 00
INFO - 20 49 08 3c 00 0a a5 00
INFO - 20 4f 48 3c 00 0a d6 00
INFO - 20 51 88 3c 00 0a a4 00
INFO - 20 53 c8 3c 00 0a 99 00
INFO - 20 56 08 3c 00 0a ba 00
INFO - 20 57 48 3c 00 0a 82 00
INFO - 20 59 88 3c 00 0a 98 00
INFO - 20 5b c8 3c 00 0a a3 00
INFO - 20 5d 08 3c 00 0a 98 00
INFO - 20 5e 48 3c 00 0a 98 00
INFO - 20 60 88 3c 00 0a ae 00
INFO - 20 62 c8 3c 00 0a a2 00
INFO - 20 64 08 3c 00 0a 98 00
INFO - 20 67 48 3c 00 0a ba 00
INFO - 20 6b 88 3c 00 0b 0f 00
INFO - 20 6c c8 3c 00 0a 88 00
INFO - 20 6f 08 3c 00 0a c2 00
INFO - 20 70 48 3c 00 0a 8e 00
INFO - 20 73 88 3c 00 0a ca 00
INFO - 20 76 c8 3c 00 0a b8 00
INFO - 20 79 08 3c 00 0a e3 00
INFO - 20 7e 48 3c 00 0b 28 00
INFO - 20 80 88 3c 00 0a aa 00
INFO - 20 82 c8 3c 00 0a ac 00
INFO - 20 85 08 3c 00 0a c6 00
INFO - 20 88 48 3c 00 0a d9 00
INFO - 20 8b 88 3c 00 0a e2 00
INFO - 20 8d c8 3c 00 0a ad 00
INFO - 20 8f 08 3c 00 0a a6 00
INFO - 20 91 48 3c 00 0a a0 00
INFO - 20 93 88 3c 00 0a 9a 00
INFO - 20 95 c8 3c 00 0a a0 00
INFO - 20 97 08 3c 00 0a 98 00
INFO - 20 99 48 3c 00 0a b1 00
INFO - 20 9b 88 3c 00 0a aa 00
INFO - 20 9d c8 3c 00 0a 9b 00
INFO - 20 9f 08 3c 00 0a c5 00
INFO - 20 a1 48 3c 00 0a 98 00
INFO - 20 a4 88 3c 00 0a d7 00
INFO - 20 a7 c8 3c 00 0a bd 00
INFO - 20 a9 08 3c 00 0a a0 00
INFO - 20 ab 48 3c 00 0a a6 00
INFO - 20 ac 88 3c 00 0a 95 00
INFO - 20 af c8 3c 00 0a bc 00
INFO - 20 b1 08 3c 00 0a ab 00
INFO - 20 b4 48 3c 00 0a bd 00
INFO - 20 b6 88 3c 00 0a c1 00
INFO - 20 b8 c8 3c 00 0a a6 00
INFO - 20 ba 08 3c 00 0a ac 00
INFO - 20 bd 48 3c 00 0a bc 00
INFO - 20 bf 88 3c 00 0a 95 00
INFO - 20 c2 c8 3c 00 0a dd 00
INFO - 20 c3 08 3c 00 0a 94 00
INFO - 20 c5 48 3c 00 0a 9c 00
INFO - 20 c7 88 3c 00 0a 9f 00
INFO - 20 c9 c8 3c 00 0a a4 00
INFO - 20 cc 08 3c 00 0a d2 00
INFO - 20 cf 48 3c 00 0a b6 00
INFO - 20 d1 88 3c 00 0a c4 00
INFO - 20 d3 c8 3c 00 0a ae 00
INFO - 20 d6 08 3c 00 0a af 00
INFO - 20 d8 48 3c 00 0a c7 00
INFO - 20 da 88 3c 00 0a 95 00
INFO - 20 dd c8 3c 00 0a cf 00
INFO - 20 de 08 3c 00 0a 90 00
INFO - 20 e0 48 3c 00 0a 96 00
INFO - 20 e2 88 3c 00 0a ae 00
INFO - 20 e4 c8 3c 00 0a a6 00
INFO - 20 e8 08 3c 00 0a d7 00
INFO - 20 ea 48 3c 00 0a ba 00
INFO - 20 ec 88 3c 00 0a 8d 00
INFO - 20 ee c8 3c 00 0a ae 00
INFO - 20 f0 08 3c 00 0a 99 00
INFO - 20 f1 48 3c 00 0a 98 00
INFO - 20 f4 88 3c 00 0a af 00
INFO - 20 f6 c8 3c 00 0a 77 00
INFO - 20 f8 08 3c 00 0a af 00
INFO - 20 fa 48 3c 00 0a 99 00
INFO - 20 fc 88 3c 00 0a a3 00
INFO - 20 fe c8 3c 00 0a a4 00
INFO - 21 00 08 3c 00 0a 99 00
INFO - 21 02 48 3c 00 0a ba 00
INFO - 21 04 88 3c 00 0a af 00
INFO - 21 07 c8 3c 00 0a dc 00
INFO - 21 09 08 3c 00 0a a4 00
INFO - 21 0b 48 3c 00 0a a7 00
INFO - 21 0e 88 3c 00 0a da 00
INFO - 21 11 c8 3c 00 0a a5 00
INFO - 21 13 08 3c 00 0a be 00
INFO - 21 16 48 3c 00 0a bc 00
INFO - 21 18 88 3c 00 0a b8 00
INFO - 21 1a c8 3c 00 0a b4 00
INFO - 21 1d 08 3c 00 0a c8 00
INFO - 21 1f 48 3c 00 0a b1 00
INFO - 21 22 88 3c 00 0a d5 00
INFO - 21 25 c8 3c 00 0a c6 00
INFO - 21 27 08 3c 00 0a b4 00
INFO - 21 2a 48 3c 00 0a ba 00
INFO - 21 2c 88 3c 00 0a a7 00
INFO - 21 2e c8 3c 00 0a b5 00
INFO - 21 30 08 3c 00 0a 99 00
INFO - 21 33 48 3c 00 0a d7 00
INFO - 21 35 88 3c 00 0a 99 00
INFO - 21 37 c8 3c 00 0a a6 00
INFO - 21 39 08 3c 00 0a b5 00
INFO - 21 3c 48 3c 00 0a c6 00
INFO - 21 3e 88 3c 00 0a aa 00
INFO - 21 41 c8 3c 00 0a c6 00
INFO - 21 43 08 3c 00 0a b4 00
INFO - 21 45 48 3c 00 0a 99 00
INFO - 21 47 88 3c 00 0a b2 00
INFO - 21 4a c8 3c 00 0a c0 00
INFO - 21 4c 08 3c 00 0a a4 00
INFO - 21 4e 48 3c 00 0a 9b 00
INFO - 21 50 88 3c 00 0a c9 00
INFO - 21 53 c8 3c 00 0a c9 00
INFO - 21 55 08 3c 00 0a 9e 00
INFO - 21 58 48 3c 00 0a d2 00
INFO - 21 5a 88 3c 00 0a 9c 00
INFO - 21 5c c8 3c 00 0a c9 00
INFO - 21 5f 08 3c 00 0a bd 00
INFO - 21 61 48 3c 00 0a 9e 00
INFO - 21 63 88 3c 00 0a a4 00
INFO - 21 66 c8 3c 00 0a cd 00
INFO - 21 68 08 3c 00 0a 99 00
INFO - 21 6a 48 3c 00 0a b6 00
INFO - 21 6c 88 3c 00 0a 99 00
INFO - 21 6e c8 3c 00 0a a8 00
INFO - 21 70 08 3c 00 0a aa 00
INFO - 21 72 48 3c 00 0a a6 00
INFO - 21 74 88 3c 00 0a a7 00
INFO - 21 76 c8 3c 00 0a 9f 00
INFO - 21 79 08 3c 00 0a ca 00
INFO - 21 7b 48 3c 00 0a b1 00
INFO - 21 7d 88 3c 00 0a bf 00
INFO - 21 7f c8 3c 00 0a a0 00
INFO - 21 81 08 3c 00 0a a5 00
INFO - 21 83 48 3c 00 0a 9d 00
INFO - 21 85 88 3c 00 0a ab 00
INFO - 21 88 c8 3c 00 0a b2 00
INFO - 21 8a 08 3c 00 0a ab 00
INFO - 21 8c 48 3c 00 0a a6 00
INFO - 21 8f 88 3c 00 0a cf 00
INFO - 21 91 c8 3c 00 0a 9a 00
INFO - 21 93 08 3c 00 0a ad 00
INFO - 21 98 48 3c 00 0b 4c 00
INFO - 21 9a 88 3c 00 0a b2 00
INFO - 21 9e c8 3c 00 0a e6 00
INFO - 21 a0 08 3c 00 0a c1 00
INFO - 21 a3 48 3c 00 0a b2 00
INFO - 21 a5 88 3c 00 0a a9 00
INFO - 21 a7 c8 3c 00 0a b9 00
INFO - 21 a9 08 3c 00 0a 9b 00
INFO - 21 ac 48 3c 00 0a b9 00
INFO - 21 ae 88 3c 00 0a b2 00
INFO - 21 b1 c8 3c 00 0a f4 00
INFO - 21 b4 08 3c 00 0a b4 00
INFO - 21 b8 48 3c 00 0b 00 00
INFO - 21 ba 88 3c 00 0a c0 00
INFO - 21 be c8 3c 00 0a e6 00
INFO - 21 c0 08 3c 00 0a b7 00
INFO - 21 c2 48 3c 00 0a b7 00
INFO - 21 c4 88 3c 00 0a 9f 00
INFO - 21 c7 c8 3c 00 0a b7 00
INFO - 21 c9 08 3c 00 0a cf 00
INFO - 21 cc 48 3c 00 0a cf 00
INFO - 21 cf 88 3c 00 0a c3 00
INFO - 21 d2 c8 3c 00 0a e7 00
INFO - 21 d4 08 3c 00 0a 94 00
INFO - 21 d7 48 3c 00 0a dd 00
INFO - 21 d9 88 3c 00 0a 91 00
INFO - 21 db c8 3c 00 0a ac 00
INFO - 21 dd 08 3c 00 0a a2 00
