INFO - 20 00 88 3c 00 0a 40 00
INFO - 20 09 c8 3c 00 0b c1 00
INFO - 20 0f 08 3c 00 0a 76 00
INFO - 20 0f 48 3c 00 0a 76 00
INFO - 20 16 88 3c 00 0a e2 00
INFO - 20 16 c8 3c 00 0a e2 00
INFO - 20 24 08 3c 00 0b 9b 00
INFO - 20 26 48 3c 00 0a b2 00
INFO - 20 2a 88 3c 00 0b 06 00
INFO - 20 2a c8 3c 00 0b 06 00
INFO - 20 2a 08 3c 00 0b 06 00
INFO - 20 2a 48 3c 00 0b 06 00
INFO - 20 32 88 3c 00 0a 9d 00
INFO - 20 33 c8 3c 00 0a 81 00
INFO - 20 36 08 3c 00 0a ce 00
INFO - 20 36 48 3c 00 0a ce 00
INFO - 20 36 88 3c 00 0a ce 00
INFO - 20 3a c8 3c 00 0a 82 00
INFO - 20 42 08 3c 00 0b d9 00
INFO - 20 42 48 3c 00 0b d9 00
INFO - 20 44 88 3c 00 0a 7b 00
INFO - 20 45 c8 3c 00 0a 66 00
INFO - 20 45 08 3c 00 0a 66 00
INFO - 20 45 48 3c 00 0a 66 00
INFO - 20 4e 88 3c 00 0a d0 00
INFO - 20 4e c8 3c 00 0a d0 00
INFO - 20 51 08 3c 00 0a 94 00
INFO - 20 53 48 3c 00 0a b3 00
INFO - 20 57 88 3c 00 0b 08 00
INFO - 20 57 c8 3c 00 0b 08 00
INFO - 20 5e 08 3c 00 0a d8 00
INFO - 20 61 48 3c 00 0a f2 00
INFO - 20 63 88 3c 00 0a 95 00
INFO - 20 65 c8 3c 00 0a b3 00
INFO - 20 68 08 3c 00 0a c8 00
INFO - 20 6a 48 3c 00 0a 7d 00
INFO - 20 6d 88 3c 00 0a d0 00
INFO - 20 74 c8 3c 00 0b a5 00
INFO - 20 77 08 3c 00 0a a6 00
INFO - 20 7a 48 3c 00 0a eb 00
INFO - 20 7d 88 3c 00 0a ca 00
INFO - 20 7f c8 3c 00 0a a0 00
INFO - 20 81 08 3c 00 0a ae 00
INFO - 20 84 48 3c 00 0a ca 00
INFO - 20 87 88 3c 00 0a d4 00
INFO - 20 8b c8 3c 00 0b 00 00
INFO - 20 8d 08 3c 00 0a bd 00
INFO - 20 8e 48 3c 00 0a 86 00
INFO - 20 91 88 3c 00 0a c9 00
INFO - 20 93 c8 3c 00 0a ab 00
INFO - 20 95 08 3c 00 0a 89 00
INFO - 20 97 48 3c 00 0a bc 00
INFO - 20 9a 88 3c 00 0a b6 00
INFO - 20 9c c8 3c 00 0a b9 00
INFO - 20 9f 08 3c 00 0a b8 00
INFO - 20 a1 48 3c 00 0a bb 00
INFO - 20 a3 88 3c 00 0a a9 00
INFO - 20 a6 c8 3c 00 0a cf 00
INFO - 20 aa 08 3c 00 0a f3 00
INFO - 20 ac 48 3c 00 0a ac 00
INFO - 20 ae 88 3c 00 0a 96 00
INFO - 20 b1 c8 3c 00 0a f2 00
INFO - 20 b4 08 3c 00 0a cd 00
INFO - 20 b7 48 3c 00 0a d1 00
INFO - 20 b9 88 3c 00 0a c0 00
INFO - 20 bc c8 3c 00 0a b6 00
INFO - 20 be 08 3c 00 0a ba 00
INFO - 20 c0 48 3c 00 0a a9 00
INFO - 20 c2 88 3c 00 0a a1 00
INFO - 20 c5 c8 3c 00 0a b4 00
INFO - 20 c7 08 3c 00 0a bb 00
INFO - 20 c9 48 3c 00 0a b4 00
INFO - 20 cc 88 3c 00 0a ac 00
INFO - 20 ce c8 3c 00 0a ae 00
INFO - 20 d0 08 3c 00 0a a9 00
INFO - 20 d2 48 3c 00 0a ba 00
INFO - 20 d5 88 3c 00 0a da 00
INFO - 20 d8 c8 3c 00 0a bb 00
INFO - 20 db 08 3c 00 0a da 00
INFO - 20 de 48 3c 00 0a c6 00
INFO - 20 e0 88 3c 00 0a 9e 00
INFO - 20 e2 c8 3c 00 0a af 00
INFO - 20 e4 08 3c 00 0a b6 00
INFO - 20 e7 48 3c 00 0a c8 00
INFO - 20 ea 88 3c 00 0a cf 00
INFO - 20 ec c8 3c 00 0a b8 00
INFO - 20 ee 08 3c 00 0a ad 00
INFO - 20 f0 48 3c 00 0a 95 00
INFO - 20 f3 88 3c 00 0a bc 00
INFO - 20 f5 c8 3c 00 0a 9e 00
INFO - 20 f8 08 3c 00 0a f7 00
INFO - 20 fb 48 3c 00 0a c2 00
INFO - 20 fd 88 3c 00 0a bb 00
INFO - 20 ff c8 3c 00 0a 92 00
INFO - 21 01 08 3c 00 0a b8 00
INFO - 21 04 48 3c 00 0a bb 00
INFO - 21 06 88 3c 00 0a b6 00
INFO - 21 09 c8 3c 00 0a b8 00
INFO - 21 0c 08 3c 00 0a 89 00
INFO - 21 0e 48 3c 00 0a ba 00
INFO - 21 11 88 3c 00 0a c2 00
