INFO - 40 00 8a 00 f9 41 00 23
INFO - 41 10 ca 00 f9 41 00 23
INFO - 43 1c 0a 00 f9 41 00 23
INFO - 45 10 4a 00 f9 41 00 23
INFO - 47 04 8a 00 f9 41 00 23
INFO - 48 a7 ca 00 f9 41 00 23
INFO - 49 20 0a 00 f9 41 00 23
INFO - 4a 2f 4a 00 f9 41 00 23
INFO - 4b 22 8a 00 f9 51 00 20
INFO - 4b 72 ca 00 f9 41 00 24
INFO - 4b f6 0a 00 f9 51 00 20
INFO - 4c 07 4a 00 f9 51 00 20
INFO - 4c 15 8a 00 f9 41 00 23
INFO - 4c 2b ca 00 f9 41 00 23
INFO - 4c c6 0a 00 f9 41 00 23
INFO - 4e 76 4a 00 f9 41 00 23
INFO - 4e a7 8a 00 f9 51 00 20
INFO - 4e c5 ca 00 f9 51 00 20
INFO - 4e de 0a 00 f9 41 00 24
INFO - 4f 0e 4a 00 f9 41 00 24
INFO - 50 ae 8a 00 f9 41 00 24
INFO - 52 a7 ca 00 f9 41 00 24
INFO - 53 29 0a 00 f9 41 00 24
INFO - 53 c3 4a 00 f9 51 00 20
INFO - 53 d5 8a 00 f9 51 00 20
INFO - 53 e5 ca 00 f9 41 00 23
INFO - 54 67 0a 00 f9 41 00 23
INFO - 54 fe 4a 00 f9 51 00 20
INFO - 55 55 8a 00 f9 41 00 24
INFO - 56 0a ca 00 f9 51 00 20
INFO - 56 19 0a 00 f9 51 00 20
INFO - 56 28 4a 00 f9 41 00 23
INFO - 56 a0 8a 00 f9 41 00 23
INFO - 57 11 ca 00 f9 41 00 23
INFO - 58 fa 0a 00 f9 41 00 23
INFO - 59 5c 4a 00 f9 41 00 23
INFO - 59 bf 8a 00 f9 51 00 20
INFO - 59 cf ca 00 f9 51 00 20
INFO - 59 e2 0a 00 f9 41 00 24
INFO - 5a 45 4a 00 f9 51 00 20
INFO - 5a 8f 8a 00 f9 41 00 23
INFO - 5a f8 ca 00 f9 41 00 23
INFO - 5c ed 0a 00 f9 41 00 23
