INFO - 20 00 4a 3c 00 0a 40 00
INFO - 20 0b 8a 3c 00 0b 4c 00
INFO - 20 1b ca 3c 00 0a b6 00
INFO - 20 1b 0a 3c 00 0a b6 00
INFO - 20 1b 4a 3c 00 0a b6 00
INFO - 20 21 8a 3c 00 0a a8 00
INFO - 20 25 ca 3c 00 0a ff 00
INFO - 20 25 0a 3c 00 0a ff 00
INFO - 20 2a 4a 3c 00 0a b1 00
INFO - 20 2a 8a 3c 00 0a b1 00
INFO - 20 2e ca 3c 00 0a 95 00
INFO - 20 31 0a 3c 00 0a e5 00
INFO - 20 31 4a 3c 00 0a e5 00
INFO - 20 31 8a 3c 00 0a e5 00
INFO - 20 38 ca 3c 00 0a b2 00
INFO - 20 38 0a 3c 00 0a b2 00
INFO - 20 3e 4a 3c 00 0a cd 00
INFO - 20 3e 8a 3c 00 0a cd 00
INFO - 20 41 ca 3c 00 0a 99 00
INFO - 20 41 0a 3c 00 0a 99 00
INFO - 20 48 4a 3c 00 0a e0 00
INFO - 20 4c 8a 3c 00 0b 0f 00
INFO - 20 4c ca 3c 00 0b 0f 00
INFO - 20 50 0a 3c 00 0a ae 00
INFO - 20 53 4a 3c 00 0a a5 00
INFO - 20 55 8a 3c 00 0a b6 00
INFO - 20 59 ca 3c 00 0b 01 00
INFO - 20 5d 0a 3c 00 0b 01 00
INFO - 20 5d 4a 3c 00 0a 58 00
INFO - 20 5d 8a 3c 00 0a 58 00
INFO - 20 66 ca 3c 00 0b 14 00
INFO - 20 68 0a 3c 00 0a bf 00
INFO - 20 6b 4a 3c 00 0a c2 00
INFO - 20 6d 8a 3c 00 0a b1 00
INFO - 20 70 ca 3c 00 0a c1 00
INFO - 20 72 0a 3c 00 0a a5 00
INFO - 20 74 4a 3c 00 0a 9b 00
INFO - 20 76 8a 3c 00 0a b4 00
INFO - 20 79 ca 3c 00 0a be 00
INFO - 20 7b 0a 3c 00 0a b3 00
INFO - 20 7d 4a 3c 00 0a 9a 00
INFO - 20 7f 8a 3c 00 0a c1 00
INFO - 20 82 ca 3c 00 0a b2 00
INFO - 20 84 0a 3c 00 0a c2 00
INFO - 20 86 4a 3c 00 0a 99 00
INFO - 20 88 8a 3c 00 0a b3 00
INFO - 20 8b ca 3c 00 0a 8e 00
INFO - 20 8e 0a 3c 00 0a bf 00
INFO - 20 91 4a 3c 00 0a c3 00
INFO - 20 94 8a 3c 00 0a f4 00
INFO - 20 96 ca 3c 00 0a a7 00
INFO - 20 9a 0a 3c 00 0b 01 00
INFO - 20 a0 4a 3c 00 0b 5b 00
INFO - 20 a3 8a 3c 00 0a c2 00
INFO - 20 a5 ca 3c 00 0a b4 00
INFO - 20 a7 0a 3c 00 0a c0 00
INFO - 20 aa 4a 3c 00 0a a9 00
INFO - 20 af 8a 3c 00 0b 50 00
INFO - 20 b2 ca 3c 00 0a cd 00
INFO - 20 b4 0a 3c 00 0a aa 00
INFO - 20 b6 4a 3c 00 0a b5 00
INFO - 20 b9 8a 3c 00 0a b5 00
INFO - 20 bb ca 3c 00 0a 9b 00
INFO - 20 be 0a 3c 00 0a ce 00
INFO - 20 c0 4a 3c 00 0a b5 00
INFO - 20 c3 8a 3c 00 0a cd 00
INFO - 20 c6 ca 3c 00 0a ce 00
INFO - 20 c8 0a 3c 00 0a c3 00
INFO - 20 cb 4a 3c 00 0a bf 00
INFO - 20 ce 8a 3c 00 0a dc 00
INFO - 20 d0 ca 3c 00 0a 8e 00
INFO - 20 d3 0a 3c 00 0b 02 00
INFO - 20 d6 4a 3c 00 0a bf 00
INFO - 20 d8 8a 3c 00 0a b6 00
INFO - 20 db ca 3c 00 0a b4 00
INFO - 20 de 0a 3c 00 0a cd 00
INFO - 20 e0 4a 3c 00 0a a6 00
INFO - 20 e3 8a 3c 00 0a e9 00
INFO - 20 e6 ca 3c 00 0a cb 00
INFO - 20 e9 0a 3c 00 0a ce 00
INFO - 20 ec 4a 3c 00 0a da 00
INFO - 20 ef 8a 3c 00 0a d8 00
INFO - 20 f1 ca 3c 00 0a a8 00
INFO - 20 f3 0a 3c 00 0a b3 00
INFO - 20 f5 4a 3c 00 0a a4 00
INFO - 20 f8 8a 3c 00 0a b5 00
INFO - 20 fb ca 3c 00 0a 8d 00
INFO - 20 fd 0a 3c 00 0a a6 00
INFO - 21 00 4a 3c 00 0a cb 00
INFO - 21 02 8a 3c 00 0a c1 00
INFO - 21 06 ca 3c 00 0a e6 00
INFO - 21 09 0a 3c 00 0a d8 00
INFO - 21 0c 4a 3c 00 0a f5 00
INFO - 21 0f 8a 3c 00 0a d8 00
INFO - 21 11 ca 3c 00 0a 9c 00
INFO - 21 14 0a 3c 00 0a d8 00
INFO - 21 16 4a 3c 00 0a aa 00
INFO - 21 18 8a 3c 00 0a 9a 00
INFO - 21 1c ca 3c 00 0a f4 00
INFO - 21 1f 0a 3c 00 0a db 00
INFO - 21 22 4a 3c 00 0a be 00
INFO - 21 24 8a 3c 00 0a c4 00
INFO - 21 27 ca 3c 00 0a cc 00
INFO - 21 2a 0a 3c 00 0a c4 00
INFO - 21 2c 4a 3c 00 0a c2 00
INFO - 21 30 8a 3c 00 0a f6 00
INFO - 21 33 ca 3c 00 0a bf 00
INFO - 21 35 0a 3c 00 0a b4 00
INFO - 21 38 4a 3c 00 0a ca 00
INFO - 21 3b 8a 3c 00 0a b8 00
INFO - 21 3e ca 3c 00 0a dc 00
INFO - 21 41 0a 3c 00 0a e7 00
INFO - 21 44 4a 3c 00 0a c5 00
INFO - 21 46 8a 3c 00 0a 9b 00
INFO - 21 48 ca 3c 00 0a b3 00
INFO - 21 4b 0a 3c 00 0a e9 00
INFO - 21 50 4a 3c 00 0b 12 00
INFO - 21 53 8a 3c 00 0a d2 00
INFO - 21 54 ca 3c 00 0a 9c 00
INFO - 21 57 0a 3c 00 0a c2 00
INFO - 21 5a 4a 3c 00 0a dc 00
INFO - 21 5d 8a 3c 00 0a b3 00
INFO - 21 5f ca 3c 00 0a c2 00
INFO - 21 63 0a 3c 00 0a ec 00
INFO - 21 65 4a 3c 00 0a c1 00
INFO - 21 68 8a 3c 00 0a b7 00
INFO - 21 6b ca 3c 00 0a e9 00
INFO - 21 6f 0a 3c 00 0b 03 00
INFO - 21 72 4a 3c 00 0a c0 00
INFO - 21 74 8a 3c 00 0a 89 00
INFO - 21 76 ca 3c 00 0a 99 00
INFO - 21 79 0a 3c 00 0a d1 00
INFO - 21 7c 4a 3c 00 0a b2 00
INFO - 21 7e 8a 3c 00 0a b6 00
INFO - 21 80 ca 3c 00 0a b5 00
INFO - 21 83 0a 3c 00 0a c2 00
INFO - 21 85 4a 3c 00 0a a8 00
INFO - 21 88 8a 3c 00 0a e9 00
INFO - 21 8a ca 3c 00 0a a5 00
INFO - 21 8d 0a 3c 00 0a b5 00
INFO - 21 8f 4a 3c 00 0a b8 00
INFO - 21 91 8a 3c 00 0a a8 00
INFO - 21 95 ca 3c 00 0a dc 00
INFO - 21 96 0a 3c 00 0a 99 00
INFO - 21 9a 4a 3c 00 0a df 00
INFO - 21 9c 8a 3c 00 0a b4 00
INFO - 21 9f ca 3c 00 0a ec 00
INFO - 21 a2 0a 3c 00 0a c3 00
INFO - 21 a5 4a 3c 00 0a d0 00
INFO - 21 a8 8a 3c 00 0a dd 00
INFO - 21 ab ca 3c 00 0a c1 00
INFO - 21 ae 0a 3c 00 0a d2 00
INFO - 21 af 4a 3c 00 0a 99 00
INFO - 21 b3 8a 3c 00 0a f9 00
INFO - 21 b6 ca 3c 00 0a c0 00
INFO - 21 b8 0a 3c 00 0a c5 00
INFO - 21 bb 4a 3c 00 0a c0 00
INFO - 21 be 8a 3c 00 0a c4 00
INFO - 21 c0 ca 3c 00 0a c2 00
INFO - 21 c3 0a 3c 00 0a c2 00
INFO - 21 c5 4a 3c 00 0a a8 00
INFO - 21 c8 8a 3c 00 0a 86 00
INFO - 21 ca ca 3c 00 0a 9d 00
INFO - 21 cd 0a 3c 00 0a ce 00
INFO - 21 d0 4a 3c 00 0a e8 00
INFO - 21 d2 8a 3c 00 0a a7 00
INFO - 21 d4 ca 3c 00 0a b1 00
INFO - 21 d7 0a 3c 00 0a d0 00
INFO - 21 db 4a 3c 00 0a f3 00
INFO - 21 de 8a 3c 00 0a c0 00
INFO - 21 e0 ca 3c 00 0a b1 00
INFO - 21 e2 0a 3c 00 0a b4 00
INFO - 21 e4 4a 3c 00 0a b1 00
INFO - 21 e7 8a 3c 00 0a cf 00
INFO - 21 eb ca 3c 00 0a e3 00
INFO - 21 ef 0a 3c 00 0b 01 00
INFO - 21 f1 4a 3c 00 0a ca 00
INFO - 21 f3 8a 3c 00 0a a8 00
INFO - 21 f6 ca 3c 00 0a cc 00
INFO - 21 f8 0a 3c 00 0a a4 00
INFO - 21 fb 4a 3c 00 0a ce 00
INFO - 21 fe 8a 3c 00 0a e4 00
INFO - 22 01 ca 3c 00 0a c2 00
INFO - 22 03 0a 3c 00 0a a7 00
INFO - 22 05 4a 3c 00 0a 89 00
INFO - 22 0b 8a 3c 00 0b 6b 00
INFO - 22 0c ca 3c 00 0a 9a 00
INFO - 22 0f 0a 3c 00 0a be 00
INFO - 22 11 4a 3c 00 0a aa 00
INFO - 22 14 8a 3c 00 0a be 00
INFO - 22 16 ca 3c 00 0a c5 00
INFO - 22 19 0a 3c 00 0a ce 00
INFO - 22 1c 4a 3c 00 0a dc 00
INFO - 22 20 8a 3c 00 0a e8 00
INFO - 22 22 ca 3c 00 0a 9b 00
INFO - 22 24 0a 3c 00 0a bd 00
INFO - 22 26 4a 3c 00 0a ad 00
INFO - 22 2a 8a 3c 00 0a a6 00
INFO - 22 30 ca 3c 00 0b 19 00
INFO - 22 32 0a 3c 00 0a aa 00
INFO - 22 35 4a 3c 00 0a d7 00
INFO - 22 37 8a 3c 00 0a a1 00
INFO - 22 3a ca 3c 00 0a d0 00
INFO - 22 3d 0a 3c 00 0a ea 00
INFO - 22 40 4a 3c 00 0a b6 00
INFO - 22 42 8a 3c 00 0a 72 00
INFO - 22 44 ca 3c 00 0a c8 00
INFO - 22 46 0a 3c 00 0a aa 00
INFO - 22 48 4a 3c 00 0a 96 00
INFO - 22 4c 8a 3c 00 0a eb 00
INFO - 22 4e ca 3c 00 0a b0 00
INFO - 22 51 0a 3c 00 0a f2 00
INFO - 22 53 4a 3c 00 0a a3 00
INFO - 22 57 8a 3c 00 0a d8 00
INFO - 22 5a ca 3c 00 0a e5 00
INFO - 22 5c 0a 3c 00 0a 97 00
INFO - 22 5f 4a 3c 00 0a d7 00
INFO - 22 61 8a 3c 00 0a bf 00
INFO - 22 64 ca 3c 00 0a e4 00
INFO - 22 68 0a 3c 00 0a df 00
INFO - 22 6b 4a 3c 00 0a cc 00
INFO - 22 6e 8a 3c 00 0a e5 00
INFO - 22 71 ca 3c 00 0a cd 00
INFO - 22 74 0a 3c 00 0a ed 00
INFO - 22 76 4a 3c 00 0a b1 00
INFO - 22 7a 8a 3c 00 0a d9 00
INFO - 22 7c ca 3c 00 0a a3 00
INFO - 22 7e 0a 3c 00 0a aa 00
INFO - 22 81 4a 3c 00 0a fb 00
INFO - 22 83 8a 3c 00 0a 9d 00
INFO - 22 86 ca 3c 00 0a d3 00
INFO - 22 89 0a 3c 00 0a c6 00
INFO - 22 8c 4a 3c 00 0a c7 00
INFO - 22 8e 8a 3c 00 0a aa 00
INFO - 22 90 ca 3c 00 0a a5 00
INFO - 22 92 0a 3c 00 0a a4 00
INFO - 22 95 4a 3c 00 0a cd 00
INFO - 22 97 8a 3c 00 0a b1 00
INFO - 22 99 ca 3c 00 0a ab 00
INFO - 22 9d 0a 3c 00 0a fc 00
INFO - 22 a1 4a 3c 00 0a ef 00
INFO - 22 a4 8a 3c 00 0a d9 00
INFO - 22 a8 ca 3c 00 0b 0f 00
INFO - 22 ab 0a 3c 00 0a ca 00
INFO - 22 ad 4a 3c 00 0a cd 00
INFO - 22 b1 8a 3c 00 0a 8d 00
INFO - 22 b4 ca 3c 00 0a e7 00
INFO - 22 b8 0a 3c 00 0a fa 00
INFO - 22 bb 4a 3c 00 0a f1 00
INFO - 22 be 8a 3c 00 0a d9 00
INFO - 22 c2 ca 3c 00 0a ec 00
INFO - 22 c4 0a 3c 00 0a 96 00
INFO - 22 c7 4a 3c 00 0a d8 00
INFO - 22 c9 8a 3c 00 0a aa 00
INFO - 22 cb ca 3c 00 0a b0 00
INFO - 22 cd 0a 3c 00 0a a3 00
INFO - 22 cf 4a 3c 00 0a b0 00
INFO - 22 d2 8a 3c 00 0a be 00
INFO - 22 d5 ca 3c 00 0a c8 00
INFO - 22 d7 0a 3c 00 0a b2 00
INFO - 22 d9 4a 3c 00 0a 9b 00
INFO - 22 dc 8a 3c 00 0a cf 00
INFO - 22 de ca 3c 00 0a c4 00
INFO - 22 e1 0a 3c 00 0a c8 00
INFO - 22 e3 4a 3c 00 0a bb 00
INFO - 22 e7 8a 3c 00 0a ed 00
INFO - 22 e9 ca 3c 00 0a aa 00
INFO - 22 ec 0a 3c 00 0a de 00
INFO - 22 ef 4a 3c 00 0a b5 00
INFO - 22 f2 8a 3c 00 0a df 00
INFO - 22 f5 ca 3c 00 0a d6 00
INFO - 22 f8 0a 3c 00 0a f3 00
INFO - 22 fb 4a 3c 00 0a b0 00
INFO - 22 fd 8a 3c 00 0a ae 00
INFO - 22 ff ca 3c 00 0a b8 00
INFO - 23 02 0a 3c 00 0a c4 00
INFO - 23 04 4a 3c 00 0a a1 00
INFO - 23 07 8a 3c 00 0a e8 00
INFO - 23 0a ca 3c 00 0a d7 00
INFO - 23 0d 0a 3c 00 0a bd 00
INFO - 23 10 4a 3c 00 0a 7f 00
INFO - 23 12 8a 3c 00 0a cd 00
INFO - 23 14 ca 3c 00 0a a1 00
INFO - 23 17 0a 3c 00 0a ce 00
INFO - 23 1a 4a 3c 00 0a d6 00
INFO - 23 20 8a 3c 00 0b 2a 00
INFO - 23 23 ca 3c 00 0a c6 00
INFO - 23 26 0a 3c 00 0a e0 00
INFO - 23 2a 4a 3c 00 0a a7 00
INFO - 23 2d 8a 3c 00 0a c1 00
INFO - 23 31 ca 3c 00 0a f8 00
INFO - 23 35 0a 3c 00 0a 99 00
INFO - 23 37 4a 3c 00 0a b7 00
INFO - 23 39 8a 3c 00 0a a5 00
INFO - 23 3c ca 3c 00 0a e8 00
INFO - 23 3e 0a 3c 00 0a a3 00
INFO - 23 42 4a 3c 00 0a fb 00
INFO - 23 44 8a 3c 00 0a b3 00
INFO - 23 48 ca 3c 00 0a da 00
INFO - 23 4a 0a 3c 00 0a b2 00
INFO - 23 4c 4a 3c 00 0a 98 00
INFO - 23 4e 8a 3c 00 0a b2 00
INFO - 23 51 ca 3c 00 0a d5 00
INFO - 23 53 0a 3c 00 0a a3 00
INFO - 23 55 4a 3c 00 0a a6 00
INFO - 23 58 8a 3c 00 0a be 00
INFO - 23 59 ca 3c 00 0a 9e 00
INFO - 23 5d 0a 3c 00 0a ee 00
INFO - 23 60 4a 3c 00 0a ce 00
INFO - 23 62 8a 3c 00 0a b2 00
INFO - 23 65 ca 3c 00 0a e7 00
INFO - 23 69 0a 3c 00 0a f5 00
INFO - 23 6d 4a 3c 00 0a ec 00
INFO - 23 74 8a 3c 00 0b ae 00
INFO - 23 77 ca 3c 00 0a d9 00
INFO - 23 7a 0a 3c 00 0a bf 00
INFO - 23 7c 4a 3c 00 0a ae 00
INFO - 23 7e 8a 3c 00 0a be 00
INFO - 23 81 ca 3c 00 0a d2 00
INFO - 23 84 0a 3c 00 0a c4 00
INFO - 23 87 4a 3c 00 0a cf 00
INFO - 23 89 8a 3c 00 0a a3 00
INFO - 23 8c ca 3c 00 0a 8c 00
INFO - 23 8e 0a 3c 00 0a 94 00
INFO - 23 91 4a 3c 00 0a d8 00
INFO - 23 94 8a 3c 00 0a d0 00
INFO - 23 97 ca 3c 00 0a e8 00
INFO - 23 99 0a 3c 00 0a af 00
INFO - 23 9c 4a 3c 00 0a c9 00
INFO - 23 9e 8a 3c 00 0a a0 00
INFO - 23 a1 ca 3c 00 0a bd 00
INFO - 23 a3 0a 3c 00 0a b4 00
INFO - 23 a5 4a 3c 00 0a 95 00
INFO - 23 a8 8a 3c 00 0a d1 00
INFO - 23 ac ca 3c 00 0b 20 00
INFO - 23 ae 0a 3c 00 0a a0 00
INFO - 23 b2 4a 3c 00 0b 0a 00
INFO - 23 b4 8a 3c 00 0a 93 00
INFO - 23 b7 ca 3c 00 0a c9 00
INFO - 23 ba 0a 3c 00 0b 03 00
INFO - 23 bd 4a 3c 00 0a c1 00
INFO - 23 c0 8a 3c 00 0a c2 00
INFO - 23 c2 ca 3c 00 0a af 00
INFO - 23 c4 0a 3c 00 0a a1 00
INFO - 23 c8 4a 3c 00 0a f2 00
INFO - 23 cb 8a 3c 00 0a eb 00
INFO - 23 cd ca 3c 00 0a b1 00
INFO - 23 d0 0a 3c 00 0a d0 00
INFO - 23 d3 4a 3c 00 0a b5 00
INFO - 23 d5 8a 3c 00 0a a3 00
INFO - 23 d8 ca 3c 00 0a d7 00
INFO - 23 db 0a 3c 00 0a 9c 00
INFO - 23 df 4a 3c 00 0a f8 00
INFO - 23 e2 8a 3c 00 0a d1 00
INFO - 23 e4 ca 3c 00 0a a1 00
INFO - 23 e7 0a 3c 00 0a d3 00
INFO - 23 ea 4a 3c 00 0a bd 00
INFO - 23 ec 8a 3c 00 0a bd 00
INFO - 23 ee ca 3c 00 0a a4 00
INFO - 23 f1 0a 3c 00 0a e5 00
INFO - 23 f4 4a 3c 00 0a bd 00
INFO - 23 f6 8a 3c 00 0a b0 00
INFO - 23 fa ca 3c 00 0a f9 00
INFO - 23 fd 0a 3c 00 0a d2 00
INFO - 24 00 4a 3c 00 0a dd 00
INFO - 24 03 8a 3c 00 0a d9 00
INFO - 24 05 ca 3c 00 0a b4 00
INFO - 24 08 0a 3c 00 0a ab 00
INFO - 24 0a 4a 3c 00 0a be 00
INFO - 24 0d 8a 3c 00 0a ca 00
INFO - 24 10 ca 3c 00 0a ca 00
INFO - 24 13 0a 3c 00 0a d8 00
INFO - 24 16 4a 3c 00 0a e4 00
INFO - 24 19 8a 3c 00 0a d7 00
INFO - 24 1c ca 3c 00 0a e6 00
INFO - 24 1f 0a 3c 00 0a ca 00
INFO - 24 23 4a 3c 00 0a f8 00
INFO - 24 25 8a 3c 00 0a b5 00
INFO - 24 28 ca 3c 00 0a c4 00
INFO - 24 2b 0a 3c 00 0a ea 00
INFO - 24 2d 4a 3c 00 0a ab 00
INFO - 24 30 8a 3c 00 0a d2 00
INFO - 24 35 ca 3c 00 0b 13 00
INFO - 24 37 0a 3c 00 0a a3 00
INFO - 24 39 4a 3c 00 0a af 00
INFO - 24 3c 8a 3c 00 0a cc 00
INFO - 24 3f ca 3c 00 0a e3 00
INFO - 24 42 0a 3c 00 0a bf 00
INFO - 24 44 4a 3c 00 0a bd 00
INFO - 24 47 8a 3c 00 0a be 00
INFO - 24 4b ca 3c 00 0a ff 00
INFO - 24 4d 0a 3c 00 0a c0 00
INFO - 24 50 4a 3c 00 0a 8b 00
INFO - 24 53 8a 3c 00 0a cd 00
INFO - 24 56 ca 3c 00 0a c4 00
INFO - 24 58 0a 3c 00 0a bd 00
INFO - 24 5b 4a 3c 00 0a b7 00
INFO - 24 5d 8a 3c 00 0a a6 00
INFO - 24 60 ca 3c 00 0a f9 00
INFO - 24 63 0a 3c 00 0a d5 00
INFO - 24 66 4a 3c 00 0a b3 00
INFO - 24 68 8a 3c 00 0a ae 00
INFO - 24 6a ca 3c 00 0a b6 00
INFO - 24 6d 0a 3c 00 0a b3 00
INFO - 24 70 4a 3c 00 0a d1 00
INFO - 24 71 8a 3c 00 0a 9f 00
INFO - 24 74 ca 3c 00 0a c4 00
INFO - 24 77 0a 3c 00 0a cc 00
INFO - 24 7a 4a 3c 00 0a c7 00
INFO - 24 7c 8a 3c 00 0a c0 00
INFO - 24 81 ca 3c 00 0b 1e 00
INFO - 24 84 0a 3c 00 0a d3 00
INFO - 24 86 4a 3c 00 0a a6 00
INFO - 24 88 8a 3c 00 0a 9e 00
INFO - 24 8a ca 3c 00 0a c2 00
INFO - 24 8d 0a 3c 00 0a c0 00
INFO - 24 90 4a 3c 00 0a ea 00
INFO - 24 92 8a 3c 00 0a 9e 00
INFO - 24 95 ca 3c 00 0a b7 00
INFO - 24 97 0a 3c 00 0a a5 00
INFO - 24 99 4a 3c 00 0a 9e 00
INFO - 24 9b 8a 3c 00 0a c2 00
INFO - 24 9e ca 3c 00 0a b6 00
INFO - 24 a0 0a 3c 00 0a b6 00
INFO - 24 a1 4a 3c 00 0a 8c 00
INFO - 24 a4 8a 3c 00 0a c6 00
INFO - 24 a6 ca 3c 00 0a a6 00
INFO - 24 a8 0a 3c 00 0a 9f 00
INFO - 24 aa 4a 3c 00 0a a9 00
INFO - 24 ac 8a 3c 00 0a a7 00
INFO - 24 b0 ca 3c 00 0a a4 00
INFO - 24 b3 0a 3c 00 0a c1 00
INFO - 24 b7 4a 3c 00 0a fb 00
INFO - 24 b9 8a 3c 00 0a c2 00
INFO - 24 bc ca 3c 00 0a d1 00
INFO - 24 c2 0a 3c 00 0b 48 00
INFO - 24 c5 4a 3c 00 0a d4 00
INFO - 24 c7 8a 3c 00 0a aa 00
INFO - 24 c9 ca 3c 00 0a c2 00
INFO - 24 cb 0a 3c 00 0a 9f 00
INFO - 24 cf 4a 3c 00 0b 06 00
INFO - 24 d3 8a 3c 00 0b 05 00
INFO - 24 d6 ca 3c 00 0a c5 00
INFO - 24 d8 0a 3c 00 0a ad 00
INFO - 24 db 4a 3c 00 0a df 00
INFO - 24 de 8a 3c 00 0a b8 00
INFO - 24 e0 ca 3c 00 0a c3 00
INFO - 24 e3 0a 3c 00 0a d5 00
INFO - 24 e6 4a 3c 00 0a d1 00
INFO - 24 e9 8a 3c 00 0a c7 00
INFO - 24 ec ca 3c 00 0a eb 00
INFO - 24 ef 0a 3c 00 0a c8 00
INFO - 24 f2 4a 3c 00 0a d3 00
INFO - 24 f5 8a 3c 00 0a d2 00
INFO - 24 f7 ca 3c 00 0a a9 00
INFO - 24 f9 0a 3c 00 0a ad 00
INFO - 24 fc 4a 3c 00 0a d1 00
INFO - 25 00 8a 3c 00 0b 09 00
INFO - 25 02 ca 3c 00 0a a0 00
INFO - 25 06 0a 3c 00 0a df 00
INFO - 25 08 4a 3c 00 0a ba 00
INFO - 25 0c 8a 3c 00 0b 08 00
INFO - 25 0f ca 3c 00 0a d6 00
INFO - 25 11 0a 3c 00 0a 9f 00
INFO - 25 14 4a 3c 00 0a 91 00
INFO - 25 18 8a 3c 00 0a e2 00
INFO - 25 1a ca 3c 00 0a d4 00
INFO - 25 1d 0a 3c 00 0a bb 00
INFO - 25 20 4a 3c 00 0a ee 00
INFO - 25 22 8a 3c 00 0a a1 00
INFO - 25 26 ca 3c 00 0a e1 00
INFO - 25 28 0a 3c 00 0a bc 00
INFO - 25 2b 4a 3c 00 0a c8 00
INFO - 25 2e 8a 3c 00 0a e3 00
INFO - 25 32 ca 3c 00 0a e4 00
INFO - 25 35 0a 3c 00 0a e4 00
INFO - 25 37 4a 3c 00 0a bb 00
INFO - 25 3b 8a 3c 00 0a e4 00
INFO - 25 3e ca 3c 00 0a e4 00
INFO - 25 40 0a 3c 00 0a bc 00
INFO - 25 42 4a 3c 00 0a a0 00
INFO - 25 46 8a 3c 00 0a e4 00
INFO - 25 48 ca 3c 00 0a ac 00
INFO - 25 4c 0a 3c 00 0b 0e 00
INFO - 25 4f 4a 3c 00 0a d9 00
INFO - 25 52 8a 3c 00 0a e3 00
INFO - 25 55 ca 3c 00 0a b0 00
INFO - 25 58 0a 3c 00 0a f2 00
INFO - 25 5b 4a 3c 00 0a cc 00
INFO - 25 5e 8a 3c 00 0a bb 00
INFO - 25 61 ca 3c 00 0a d9 00
INFO - 25 63 0a 3c 00 0a ad 00
INFO - 25 65 4a 3c 00 0a be 00
INFO - 25 69 8a 3c 00 0a d7 00
INFO - 25 6b ca 3c 00 0a be 00
INFO - 25 6e 0a 3c 00 0a d7 00
INFO - 25 70 4a 3c 00 0a 79 00
INFO - 25 74 8a 3c 00 0a d9 00
INFO - 25 76 ca 3c 00 0a b0 00
INFO - 25 79 0a 3c 00 0a c9 00
INFO - 25 7b 4a 3c 00 0a cd 00
INFO - 25 7f 8a 3c 00 0a de 00
INFO - 25 82 ca 3c 00 0a cd 00
INFO - 25 85 0a 3c 00 0a d7 00
INFO - 25 87 4a 3c 00 0a cd 00
INFO - 25 8a 8a 3c 00 0a d7 00
INFO - 25 8e ca 3c 00 0a da 00
INFO - 25 91 0a 3c 00 0a f2 00
INFO - 25 93 4a 3c 00 0a af 00
INFO - 25 96 8a 3c 00 0a cc 00
INFO - 25 9a ca 3c 00 0b 01 00
INFO - 25 9c 0a 3c 00 0a b1 00
INFO - 25 a0 4a 3c 00 0a d9 00
INFO - 25 a3 8a 3c 00 0a d9 00
INFO - 25 a5 ca 3c 00 0a ba 00
INFO - 25 a9 0a 3c 00 0a e8 00
INFO - 25 ac 4a 3c 00 0a f5 00
INFO - 25 b0 8a 3c 00 0a e0 00
INFO - 25 b2 ca 3c 00 0a cb 00
INFO - 25 b6 0a 3c 00 0a e7 00
INFO - 25 b8 4a 3c 00 0a ae 00
INFO - 25 bb 8a 3c 00 0a cc 00
INFO - 25 be ca 3c 00 0a e6 00
INFO - 25 c2 0a 3c 00 0a f7 00
INFO - 25 c5 4a 3c 00 0a f4 00
INFO - 25 ca 8a 3c 00 0b 11 00
INFO - 25 ce ca 3c 00 0b 0f 00
INFO - 25 d1 0a 3c 00 0a cd 00
INFO - 25 d3 4a 3c 00 0a 7e 00
INFO - 25 d6 8a 3c 00 0a be 00
INFO - 25 d8 ca 3c 00 0a be 00
INFO - 25 dc 0a 3c 00 0a e8 00
INFO - 25 df 4a 3c 00 0a cb 00
INFO - 25 e1 8a 3c 00 0a bf 00
INFO - 25 e4 ca 3c 00 0a be 00
INFO - 25 e8 0a 3c 00 0a c2 00
INFO - 25 eb 4a 3c 00 0a b1 00
INFO - 25 ed 8a 3c 00 0a ca 00
INFO - 25 f0 ca 3c 00 0a b1 00
INFO - 25 f2 0a 3c 00 0a af 00
INFO - 25 f5 4a 3c 00 0a cc 00
INFO - 25 f7 8a 3c 00 0a af 00
INFO - 25 fa ca 3c 00 0a e7 00
INFO - 25 fe 0a 3c 00 0a e6 00
INFO - 26 00 4a 3c 00 0a cb 00
INFO - 26 02 8a 3c 00 0a a1 00
INFO - 26 05 ca 3c 00 0a bd 00
INFO - 26 07 0a 3c 00 0a a2 00
INFO - 26 09 4a 3c 00 0a ae 00
INFO - 26 0d 8a 3c 00 0a f5 00
INFO - 26 0f ca 3c 00 0a ae 00
INFO - 26 12 0a 3c 00 0a bc 00
INFO - 26 14 4a 3c 00 0a b6 00
INFO - 26 16 8a 3c 00 0a 9e 00
INFO - 26 19 ca 3c 00 0a d7 00
INFO - 26 1c 0a 3c 00 0a da 00
INFO - 26 1f 4a 3c 00 0a ad 00
INFO - 26 21 8a 3c 00 0a be 00
INFO - 26 23 ca 3c 00 0a ae 00
INFO - 26 26 0a 3c 00 0a b0 00
INFO - 26 28 4a 3c 00 0a ad 00
INFO - 26 2a 8a 3c 00 0a a1 00
INFO - 26 2d ca 3c 00 0a e7 00
INFO - 26 30 0a 3c 00 0a e6 00
INFO - 26 35 4a 3c 00 0b 36 00
INFO - 26 39 8a 3c 00 0a 9a 00
INFO - 26 44 ca 3c 00 0b fe 00
INFO - 26 46 0a 3c 00 0a ae 00
INFO - 26 48 4a 3c 00 0a bf 00
INFO - 26 4b 8a 3c 00 0a b9 00
INFO - 26 4e ca 3c 00 0a cc 00
INFO - 26 50 0a 3c 00 0a ac 00
INFO - 26 53 4a 3c 00 0a ca 00
INFO - 26 56 8a 3c 00 0a d8 00
INFO - 26 58 ca 3c 00 0a b1 00
INFO - 26 5a 0a 3c 00 0a ab 00
INFO - 26 5d 4a 3c 00 0a e6 00
INFO - 26 5f 8a 3c 00 0a a3 00
INFO - 26 63 ca 3c 00 0b 01 00
INFO - 26 65 0a 3c 00 0a ac 00
INFO - 26 69 4a 3c 00 0a e8 00
INFO - 26 6c 8a 3c 00 0a d8 00
INFO - 26 6e ca 3c 00 0a ba 00
INFO - 26 71 0a 3c 00 0a d7 00
INFO - 26 74 4a 3c 00 0a ca 00
INFO - 26 77 8a 3c 00 0a bd 00
INFO - 26 7a ca 3c 00 0a d8 00
INFO - 26 7c 0a 3c 00 0a bb 00
INFO - 26 80 4a 3c 00 0a e7 00
INFO - 26 82 8a 3c 00 0a bd 00
INFO - 26 85 ca 3c 00 0a e3 00
INFO - 26 89 0a 3c 00 0a e8 00
INFO - 26 8b 4a 3c 00 0a c6 00
INFO - 26 8e 8a 3c 00 0a bf 00
INFO - 26 90 ca 3c 00 0a ba 00
INFO - 26 93 0a 3c 00 0a bf 00
INFO - 26 96 4a 3c 00 0a c7 00
INFO - 26 99 8a 3c 00 0a db 00
INFO - 26 9c ca 3c 00 0a f0 00
INFO - 26 9e 0a 3c 00 0a a3 00
INFO - 26 a1 4a 3c 00 0a c7 00
INFO - 26 a4 8a 3c 00 0a d7 00
INFO - 26 a7 ca 3c 00 0a da 00
INFO - 26 aa 0a 3c 00 0a c6 00
INFO - 26 ad 4a 3c 00 0a cd 00
INFO - 26 b0 8a 3c 00 0a d4 00
INFO - 26 b2 ca 3c 00 0a a2 00
INFO - 26 b5 0a 3c 00 0a c8 00
INFO - 26 b8 4a 3c 00 0a cc 00
INFO - 26 ba 8a 3c 00 0a aa 00
INFO - 26 bc ca 3c 00 0a a2 00
INFO - 26 bf 0a 3c 00 0a d4 00
INFO - 26 c2 4a 3c 00 0a e3 00
INFO - 26 c4 8a 3c 00 0a ad 00
INFO - 26 c6 ca 3c 00 0a a3 00
INFO - 26 ca 0a 3c 00 0a f1 00
INFO - 26 cc 4a 3c 00 0a c4 00
INFO - 26 cf 8a 3c 00 0a d6 00
INFO - 26 d2 ca 3c 00 0a ad 00
INFO - 26 d4 0a 3c 00 0a bd 00
INFO - 26 d8 4a 3c 00 0a ee 00
INFO - 26 da 8a 3c 00 0a bd 00
INFO - 26 de ca 3c 00 0b 09 00
INFO - 26 e1 0a 3c 00 0a d7 00
INFO - 26 e4 4a 3c 00 0a ba 00
INFO - 26 e6 8a 3c 00 0a b7 00
INFO - 26 e9 ca 3c 00 0a d4 00
INFO - 26 ec 0a 3c 00 0a bc 00
INFO - 26 ef 4a 3c 00 0a e3 00
INFO - 26 f1 8a 3c 00 0a b6 00
INFO - 26 f4 ca 3c 00 0a bc 00
INFO - 26 f7 0a 3c 00 0a d1 00
INFO - 26 fa 4a 3c 00 0a fd 00
INFO - 26 fe 8a 3c 00 0a ff 00
INFO - 27 01 ca 3c 00 0a c4 00
INFO - 27 04 0a 3c 00 0a ca 00
INFO - 27 06 4a 3c 00 0a c3 00
INFO - 27 09 8a 3c 00 0a bc 00
INFO - 27 0b ca 3c 00 0a a8 00
INFO - 27 0e 0a 3c 00 0a 92 00
INFO - 27 11 4a 3c 00 0a c4 00
INFO - 27 14 8a 3c 00 0a ee 00
INFO - 27 17 ca 3c 00 0a b8 00
INFO - 27 19 0a 3c 00 0a bc 00
INFO - 27 1c 4a 3c 00 0a c2 00
INFO - 27 1f 8a 3c 00 0a c8 00
INFO - 27 21 ca 3c 00 0a a8 00
INFO - 27 24 0a 3c 00 0a f1 00
INFO - 27 26 4a 3c 00 0a a7 00
INFO - 27 29 8a 3c 00 0a d4 00
INFO - 27 2d ca 3c 00 0a e0 00
INFO - 27 30 0a 3c 00 0a d6 00
INFO - 27 31 4a 3c 00 0a 83 00
INFO - 27 35 8a 3c 00 0a ed 00
INFO - 27 37 ca 3c 00 0a a7 00
INFO - 27 3a 0a 3c 00 0a f0 00
INFO - 27 3d 4a 3c 00 0a b4 00
INFO - 27 3f 8a 3c 00 0a c6 00
INFO - 27 42 ca 3c 00 0a b8 00
INFO - 27 45 0a 3c 00 0a d2 00
INFO - 27 47 4a 3c 00 0a c7 00
INFO - 27 4e 8a 3c 00 0a ba 00
INFO - 27 51 ca 3c 00 0a ba 00
INFO - 27 53 0a 3c 00 0a a7 00
INFO - 27 55 4a 3c 00 0a a9 00
INFO - 27 57 8a 3c 00 0a 93 00
INFO - 27 5a ca 3c 00 0a e9 00
INFO - 27 5d 0a 3c 00 0a c7 00
INFO - 27 60 4a 3c 00 0a df 00
INFO - 27 62 8a 3c 00 0a b3 00
INFO - 27 66 ca 3c 00 0b 0a 00
INFO - 27 68 0a 3c 00 0a 99 00
INFO - 27 6c 4a 3c 00 0a ec 00
INFO - 27 6f 8a 3c 00 0a f9 00
INFO - 27 72 ca 3c 00 0a c8 00
INFO - 27 74 0a 3c 00 0a b4 00
INFO - 27 79 4a 3c 00 0b 14 00
INFO - 27 7b 8a 3c 00 0a ae 00
INFO - 27 7d ca 3c 00 0a 99 00
INFO - 27 7f 0a 3c 00 0a c9 00
INFO - 27 83 4a 3c 00 0a dc 00
INFO - 27 85 8a 3c 00 0a bb 00
INFO - 27 87 ca 3c 00 0a a7 00
INFO - 27 89 0a 3c 00 0a a0 00
INFO - 27 8b 4a 3c 00 0a a8 00
INFO - 27 8d 8a 3c 00 0a aa 00
INFO - 27 90 ca 3c 00 0a b8 00
INFO - 27 92 0a 3c 00 0a aa 00
INFO - 27 94 4a 3c 00 0a bb 00
INFO - 27 96 8a 3c 00 0a 99 00
INFO - 27 98 ca 3c 00 0a a1 00
INFO - 27 9b 0a 3c 00 0a dc 00
INFO - 27 9e 4a 3c 00 0a e4 00
INFO - 27 a1 8a 3c 00 0a b4 00
INFO - 27 a3 ca 3c 00 0a ab 00
INFO - 27 aa 0a 3c 00 0b a6 00
INFO - 27 ad 4a 3c 00 0a d3 00
INFO - 27 b1 8a 3c 00 0b 07 00
INFO - 27 b3 ca 3c 00 0a b7 00
INFO - 27 b6 0a 3c 00 0a ae 00
INFO - 27 b9 4a 3c 00 0a d5 00
INFO - 27 bc 8a 3c 00 0a c2 00
INFO - 27 bf ca 3c 00 0a d5 00
INFO - 27 c0 0a 3c 00 0a 9a 00
INFO - 27 c3 4a 3c 00 0a ba 00
INFO - 27 c5 8a 3c 00 0a b5 00
INFO - 27 c7 ca 3c 00 0a a9 00
INFO - 27 ca 0a 3c 00 0a c4 00
INFO - 27 cc 4a 3c 00 0a ab 00
INFO - 27 cf 8a 3c 00 0a b7 00
INFO - 27 d2 ca 3c 00 0a f9 00
INFO - 27 d5 0a 3c 00 0a d1 00
INFO - 27 d7 4a 3c 00 0a a9 00
INFO - 27 da 8a 3c 00 0a b7 00
INFO - 27 dc ca 3c 00 0a aa 00
INFO - 27 df 0a 3c 00 0a de 00
INFO - 27 e1 4a 3c 00 0a b7 00
INFO - 27 e4 8a 3c 00 0a b6 00
INFO - 27 e6 ca 3c 00 0a c4 00
INFO - 27 ea 0a 3c 00 0a f8 00
INFO - 27 ec 4a 3c 00 0a b6 00
INFO - 27 f0 8a 3c 00 0a eb 00
INFO - 27 f2 ca 3c 00 0a b7 00
INFO - 27 f4 0a 3c 00 0a 9c 00
INFO - 27 f7 4a 3c 00 0a b5 00
INFO - 27 fa 8a 3c 00 0a f7 00
INFO - 27 fd ca 3c 00 0a c4 00
INFO - 28 00 0a 3c 00 0a dd 00
INFO - 28 02 4a 3c 00 0a 8e 00
INFO - 28 05 8a 3c 00 0a ec 00
INFO - 28 07 ca 3c 00 0a a7 00
INFO - 28 0a 0a 3c 00 0a cf 00
INFO - 28 0d 4a 3c 00 0a cf 00
INFO - 28 0f 8a 3c 00 0a ab 00
INFO - 28 12 ca 3c 00 0a c0 00
INFO - 28 15 0a 3c 00 0a df 00
INFO - 28 17 4a 3c 00 0a 98 00
INFO - 28 19 8a 3c 00 0a c3 00
INFO - 28 1c ca 3c 00 0a dc 00
INFO - 28 20 0a 3c 00 0a f6 00
INFO - 28 23 4a 3c 00 0a dd 00
INFO - 28 25 8a 3c 00 0a 9d 00
INFO - 28 27 ca 3c 00 0a b3 00
INFO - 28 2b 0a 3c 00 0a df 00
INFO - 28 2c 4a 3c 00 0a 98 00
INFO - 28 2f 8a 3c 00 0a d2 00
INFO - 28 32 ca 3c 00 0a b3 00
INFO - 28 35 0a 3c 00 0a e0 00
INFO - 28 37 4a 3c 00 0a b2 00
INFO - 28 3b 8a 3c 00 0a eb 00
INFO - 28 3d ca 3c 00 0a c6 00
INFO - 28 3f 0a 3c 00 0a a6 00
INFO - 28 42 4a 3c 00 0a d4 00
INFO - 28 44 8a 3c 00 0a 98 00
INFO - 28 47 ca 3c 00 0a c7 00
INFO - 28 49 0a 3c 00 0a b4 00
INFO - 28 4b 4a 3c 00 0a 70 00
INFO - 28 4d 8a 3c 00 0a b3 00
INFO - 28 50 ca 3c 00 0a ba 00
INFO - 28 53 0a 3c 00 0a ce 00
INFO - 28 55 4a 3c 00 0a ac 00
INFO - 28 58 8a 3c 00 0a db 00
INFO - 28 5a ca 3c 00 0a a0 00
INFO - 28 5d 0a 3c 00 0a e8 00
INFO - 28 60 4a 3c 00 0a c4 00
INFO - 28 63 8a 3c 00 0a c3 00
INFO - 28 65 ca 3c 00 0a c7 00
INFO - 28 68 0a 3c 00 0a c0 00
INFO - 28 6b 4a 3c 00 0a e1 00
INFO - 28 6e 8a 3c 00 0a db 00
INFO - 28 71 ca 3c 00 0a d3 00
INFO - 28 75 0a 3c 00 0b 02 00
INFO - 28 78 4a 3c 00 0a dd 00
INFO - 28 7b 8a 3c 00 0a b7 00
INFO - 28 7e ca 3c 00 0a d3 00
INFO - 28 80 0a 3c 00 0a b3 00
INFO - 28 83 4a 3c 00 0a de 00
INFO - 28 86 8a 3c 00 0a c3 00
INFO - 28 89 ca 3c 00 0a f8 00
INFO - 28 8c 0a 3c 00 0a a9 00
INFO - 28 8e 4a 3c 00 0a a8 00
INFO - 28 90 8a 3c 00 0a c6 00
INFO - 28 94 ca 3c 00 0a da 00
INFO - 28 95 0a 3c 00 0a 91 00
INFO - 28 98 4a 3c 00 0a c0 00
INFO - 28 9a 8a 3c 00 0a ac 00
INFO - 28 9e ca 3c 00 0b 1e 00
INFO - 28 a0 0a 3c 00 0a 99 00
INFO - 28 a4 4a 3c 00 0a f9 00
INFO - 28 a7 8a 3c 00 0a da 00
INFO - 28 a9 ca 3c 00 0a ab 00
INFO - 28 ab 0a 3c 00 0a 99 00
INFO - 28 ae 4a 3c 00 0a c5 00
INFO - 28 b0 8a 3c 00 0a a5 00
INFO - 28 b3 ca 3c 00 0a e0 00
INFO - 28 b5 0a 3c 00 0a b3 00
INFO - 28 b9 4a 3c 00 0a ed 00
INFO - 28 bb 8a 3c 00 0a a5 00
INFO - 28 be ca 3c 00 0a f9 00
INFO - 28 c2 0a 3c 00 0a e6 00
INFO - 28 c5 4a 3c 00 0a de 00
INFO - 28 c8 8a 3c 00 0a bf 00
INFO - 28 c9 ca 3c 00 0a 90 00
INFO - 28 cb 0a 3c 00 0a a5 00
INFO - 28 cd 4a 3c 00 0a a7 00
INFO - 28 cf 8a 3c 00 0a aa 00
INFO - 28 d2 ca 3c 00 0a be 00
INFO - 28 d4 0a 3c 00 0a aa 00
INFO - 28 d8 4a 3c 00 0b 0c 00
INFO - 28 dc 8a 3c 00 0a e7 00
INFO - 28 de ca 3c 00 0a a9 00
INFO - 28 e0 0a 3c 00 0a b1 00
INFO - 28 e2 4a 3c 00 0a b3 00
INFO - 28 e4 8a 3c 00 0a 9c 00
INFO - 28 e7 ca 3c 00 0a c9 00
INFO - 28 e9 0a 3c 00 0a c0 00
INFO - 28 ec 4a 3c 00 0a b2 00
INFO - 28 ed 8a 3c 00 0a 8c 00
INFO - 28 ef ca 3c 00 0a a8 00
INFO - 28 f2 0a 3c 00 0a c9 00
INFO - 28 f5 4a 3c 00 0a db 00
INFO - 28 f9 8a 3c 00 0a e1 00
INFO - 28 fc ca 3c 00 0a d6 00
INFO - 28 fd 0a 3c 00 0a 6c 00
INFO - 28 ff 4a 3c 00 0a a7 00
INFO - 29 01 8a 3c 00 0a 95 00
INFO - 29 04 ca 3c 00 0a bd 00
INFO - 29 06 0a 3c 00 0a b1 00
INFO - 29 08 4a 3c 00 0a a6 00
INFO - 29 0f 8a 3c 00 0b b2 00
INFO - 29 12 ca 3c 00 0a b3 00
INFO - 29 15 0a 3c 00 0a ea 00
INFO - 29 17 4a 3c 00 0a b1 00
INFO - 29 19 8a 3c 00 0a a0 00
INFO - 29 1b ca 3c 00 0a a2 00
INFO - 29 1f 0a 3c 00 0a e2 00
INFO - 29 22 4a 3c 00 0a ed 00
INFO - 29 26 8a 3c 00 0b 00 00
INFO - 29 28 ca 3c 00 0a a5 00
INFO - 29 2a 0a 3c 00 0a 9e 00
INFO - 29 2c 4a 3c 00 0a bd 00
INFO - 29 2e 8a 3c 00 0a 9e 00
INFO - 29 30 ca 3c 00 0a 88 00
INFO - 29 32 0a 3c 00 0a bc 00
INFO - 29 35 4a 3c 00 0a b5 00
INFO - 29 37 8a 3c 00 0a bc 00
INFO - 29 3a ca 3c 00 0a c2 00
INFO - 29 3c 0a 3c 00 0a af 00
INFO - 29 3e 4a 3c 00 0a a9 00
INFO - 29 41 8a 3c 00 0a ea 00
INFO - 29 45 ca 3c 00 0a e4 00
INFO - 29 47 0a 3c 00 0a a2 00
INFO - 29 49 4a 3c 00 0a c1 00
INFO - 29 4c 8a 3c 00 0a dd 00
INFO - 29 4f ca 3c 00 0a b4 00
INFO - 29 52 0a 3c 00 0a d1 00
INFO - 29 55 4a 3c 00 0a cc 00
INFO - 29 57 8a 3c 00 0a b9 00
INFO - 29 59 ca 3c 00 0a a8 00
INFO - 29 5b 0a 3c 00 0a b9 00
INFO - 29 5e 4a 3c 00 0a b5 00
INFO - 29 60 8a 3c 00 0a 9f 00
INFO - 29 62 ca 3c 00 0a bb 00
INFO - 29 64 0a 3c 00 0a a8 00
INFO - 29 66 4a 3c 00 0a a0 00
INFO - 29 68 8a 3c 00 0a ae 00
INFO - 29 6b ca 3c 00 0a c4 00
INFO - 29 6d 0a 3c 00 0a aa 00
INFO - 29 71 4a 3c 00 0a eb 00
INFO - 29 73 8a 3c 00 0a 9f 00
INFO - 29 76 ca 3c 00 0a e7 00
INFO - 29 79 0a 3c 00 0a c5 00
INFO - 29 7b 4a 3c 00 0a af 00
INFO - 29 7d 8a 3c 00 0a 9d 00
INFO - 29 7f ca 3c 00 0a c6 00
INFO - 29 83 0a 3c 00 0a e9 00
INFO - 29 85 4a 3c 00 0a a0 00
INFO - 29 88 8a 3c 00 0a d4 00
INFO - 29 89 ca 3c 00 0a 92 00
INFO - 29 8b 0a 3c 00 0a 95 00
INFO - 29 8e 4a 3c 00 0a bb 00
INFO - 29 90 8a 3c 00 0a b7 00
INFO - 29 94 ca 3c 00 0a f5 00
INFO - 29 96 0a 3c 00 0a c4 00
INFO - 29 98 4a 3c 00 0a 97 00
INFO - 29 9a 8a 3c 00 0a 9d 00
INFO - 29 9d ca 3c 00 0a c5 00
INFO - 29 9f 0a 3c 00 0a 71 00
INFO - 29 a1 4a 3c 00 0a d1 00
INFO - 29 a3 8a 3c 00 0a 92 00
INFO - 29 a6 ca 3c 00 0a dc 00
INFO - 29 a9 0a 3c 00 0a dc 00
INFO - 29 ac 4a 3c 00 0a ab 00
INFO - 29 ae 8a 3c 00 0a c7 00
INFO - 29 b4 ca 3c 00 0b 0a 00
INFO - 29 b7 0a 3c 00 0a ea 00
INFO - 29 b9 4a 3c 00 0a 9e 00
INFO - 29 bb 8a 3c 00 0a ab 00
INFO - 29 bd ca 3c 00 0a a3 00
INFO - 29 bf 0a 3c 00 0a a9 00
INFO - 29 c2 4a 3c 00 0a d2 00
INFO - 29 c4 8a 3c 00 0a a9 00
INFO - 29 c7 ca 3c 00 0a c7 00
INFO - 29 ca 0a 3c 00 0a c0 00
INFO - 29 cc 4a 3c 00 0a b8 00
INFO - 29 ce 8a 3c 00 0a 71 00
INFO - 29 d0 ca 3c 00 0a b5 00
INFO - 29 d3 0a 3c 00 0a c3 00
INFO - 29 d6 4a 3c 00 0a da 00
INFO - 29 d8 8a 3c 00 0a a2 00
INFO - 29 db ca 3c 00 0a bf 00
INFO - 29 dd 0a 3c 00 0a b9 00
INFO - 29 df 4a 3c 00 0a a7 00
INFO - 29 e1 8a 3c 00 0a a2 00
INFO - 29 e3 ca 3c 00 0a b3 00
INFO - 29 e6 0a 3c 00 0a aa 00
INFO - 29 e9 4a 3c 00 0a fb 00
INFO - 29 ec 8a 3c 00 0a b8 00
INFO - 29 ee ca 3c 00 0a 9b 00
INFO - 29 f0 0a 3c 00 0a a9 00
INFO - 29 f3 4a 3c 00 0a d7 00
INFO - 29 f5 8a 3c 00 0a aa 00
INFO - 29 f7 ca 3c 00 0a bf 00
INFO - 29 fa 0a 3c 00 0a a8 00
INFO - 29 fc 4a 3c 00 0a cb 00
INFO - 29 ff 8a 3c 00 0a cb 00
INFO - 2a 01 ca 3c 00 0a b3 00
INFO - 2a 03 0a 3c 00 0a 85 00
INFO - 2a 05 4a 3c 00 0a bf 00
INFO - 2a 07 8a 3c 00 0a 9c 00
INFO - 2a 0a ca 3c 00 0a e0 00
INFO - 2a 0d 0a 3c 00 0a b2 00
INFO - 2a 0f 4a 3c 00 0a b2 00
INFO - 2a 12 8a 3c 00 0a c9 00
INFO - 2a 14 ca 3c 00 0a b2 00
INFO - 2a 16 0a 3c 00 0a b2 00
INFO - 2a 1a 4a 3c 00 0a ea 00
INFO - 2a 1c 8a 3c 00 0a c8 00
INFO - 2a 1f ca 3c 00 0a a6 00
INFO - 2a 21 0a 3c 00 0a b1 00
INFO - 2a 23 4a 3c 00 0a b1 00
INFO - 2a 25 8a 3c 00 0a 8f 00
INFO - 2a 26 ca 3c 00 0a 9a 00
INFO - 2a 29 0a 3c 00 0a c7 00
INFO - 2a 2b 4a 3c 00 0a 9a 00
INFO - 2a 2e 8a 3c 00 0a c6 00
INFO - 2a 2f ca 3c 00 0a 8b 00
INFO - 2a 31 0a 3c 00 0a af 00
INFO - 2a 33 4a 3c 00 0a 99 00
INFO - 2a 35 8a 3c 00 0a a4 00
INFO - 2a 37 ca 3c 00 0a af 00
INFO - 2a 39 0a 3c 00 0a 8d 00
INFO - 2a 3b 4a 3c 00 0a ae 00
INFO - 2a 3d 8a 3c 00 0a 8d 00
INFO - 2a 3f ca 3c 00 0a a3 00
INFO - 2a 40 0a 3c 00 0a 67 00
INFO - 2a 43 4a 3c 00 0a c3 00
INFO - 2a 44 8a 3c 00 0a 8c 00
INFO - 2a 46 ca 3c 00 0a a2 00
INFO - 2a 49 0a 3c 00 0a ba 00
INFO - 2a 4d 4a 3c 00 0b 03 00
INFO - 2a 4e 8a 3c 00 0a 88 00
INFO - 2a 51 ca 3c 00 0a b8 00
INFO - 2a 52 0a 3c 00 0a 8e 00
INFO - 2a 55 4a 3c 00 0a d8 00
INFO - 2a 58 8a 3c 00 0a d5 00
INFO - 2a 5b ca 3c 00 0a ac 00
INFO - 2a 5e 0a 3c 00 0b 04 00
INFO - 2a 61 4a 3c 00 0a cd 00
INFO - 2a 63 8a 3c 00 0a ac 00
INFO - 2a 66 ca 3c 00 0a c6 00
INFO - 2a 69 0a 3c 00 0a b5 00
INFO - 2a 6c 4a 3c 00 0a fb 00
INFO - 2a 6f 8a 3c 00 0a c7 00
INFO - 2a 71 ca 3c 00 0a 97 00
INFO - 2a 73 0a 3c 00 0a a0 00
INFO - 2a 74 4a 3c 00 0a 8f 00
INFO - 2a 77 8a 3c 00 0a b6 00
INFO - 2a 79 ca 3c 00 0a a3 00
INFO - 2a 7b 0a 3c 00 0a b9 00
INFO - 2a 7d 4a 3c 00 0a 98 00
INFO - 2a 7f 8a 3c 00 0a 9b 00
INFO - 2a 81 ca 3c 00 0a ba 00
INFO - 2a 83 0a 3c 00 0a 9f 00
INFO - 2a 86 4a 3c 00 0a d9 00
INFO - 2a 89 8a 3c 00 0a cf 00
INFO - 2a 8b ca 3c 00 0a 8d 00
INFO - 2a 8d 0a 3c 00 0a a6 00
INFO - 2a 8f 4a 3c 00 0a a0 00
INFO - 2a 91 8a 3c 00 0a a6 00
INFO - 2a 93 ca 3c 00 0a ab 00
INFO - 2a 96 0a 3c 00 0a de 00
INFO - 2a 98 4a 3c 00 0a ab 00
INFO - 2a 9a 8a 3c 00 0a a5 00
INFO - 2a 9c ca 3c 00 0a b7 00
INFO - 2a 9e 0a 3c 00 0a 9b 00
INFO - 2a a1 4a 3c 00 0a c1 00
INFO - 2a a4 8a 3c 00 0a d2 00
INFO - 2a a6 ca 3c 00 0a 94 00
INFO - 2a a7 0a 3c 00 0a 9c 00
INFO - 2a a9 4a 3c 00 0a ab 00
INFO - 2a ab 8a 3c 00 0a 83 00
INFO - 2a ae ca 3c 00 0a dd 00
INFO - 2a b1 0a 3c 00 0a c1 00
INFO - 2a b3 4a 3c 00 0a bc 00
INFO - 2a b5 8a 3c 00 0a 9f 00
INFO - 2a b8 ca 3c 00 0a c5 00
INFO - 2a ba 0a 3c 00 0a bc 00
INFO - 2a bc 4a 3c 00 0a a0 00
INFO - 2a bf 8a 3c 00 0a c4 00
INFO - 2a c0 ca 3c 00 0a 90 00
INFO - 2a c2 0a 3c 00 0a a0 00
INFO - 2a c5 4a 3c 00 0a b9 00
INFO - 2a c7 8a 3c 00 0a b9 00
INFO - 2a c9 ca 3c 00 0a a3 00
INFO - 2a cc 0a 3c 00 0a ae 00
INFO - 2a cd 4a 3c 00 0a 8d 00
INFO - 2a cf 8a 3c 00 0a ae 00
INFO - 2a d1 ca 3c 00 0a a3 00
INFO - 2a d3 0a 3c 00 0a 99 00
INFO - 2a d5 4a 3c 00 0a a3 00
INFO - 2a d7 8a 3c 00 0a af 00
INFO - 2a da ca 3c 00 0a ba 00
INFO - 2a db 0a 3c 00 0a 8d 00
INFO - 2a dd 4a 3c 00 0a 98 00
INFO - 2a df 8a 3c 00 0a ae 00
INFO - 2a e2 ca 3c 00 0a af 00
INFO - 2a e4 0a 3c 00 0a c5 00
INFO - 2a e7 4a 3c 00 0a bb 00
INFO - 2a e9 8a 3c 00 0a af 00
INFO - 2a eb ca 3c 00 0a b9 00
INFO - 2a ed 0a 3c 00 0a 84 00
INFO - 2a f0 4a 3c 00 0a e5 00
INFO - 2a f3 8a 3c 00 0a b1 00
INFO - 2a f5 ca 3c 00 0a a8 00
INFO - 2a f7 0a 3c 00 0a bc 00
INFO - 2a fa 4a 3c 00 0a dd 00
INFO - 2a fc 8a 3c 00 0a 9a 00
INFO - 2a ff ca 3c 00 0a c7 00
INFO - 2b 01 0a 3c 00 0a ba 00
INFO - 2b 04 4a 3c 00 0a c8 00
INFO - 2b 07 8a 3c 00 0a d4 00
INFO - 2b 09 ca 3c 00 0a a9 00
INFO - 2b 0c 0a 3c 00 0a d2 00
INFO - 2b 0e 4a 3c 00 0a 9d 00
INFO - 2b 10 8a 3c 00 0a 9b 00
INFO - 2b 11 ca 3c 00 0a 8d 00
INFO - 2b 15 0a 3c 00 0a e2 00
INFO - 2b 16 4a 3c 00 0a 99 00
INFO - 2b 18 8a 3c 00 0a 9b 00
INFO - 2b 1b ca 3c 00 0a c1 00
INFO - 2b 1d 0a 3c 00 0a ba 00
INFO - 2b 20 4a 3c 00 0a b5 00
INFO - 2b 22 8a 3c 00 0a c6 00
INFO - 2b 25 ca 3c 00 0a c0 00
INFO - 2b 27 0a 3c 00 0a 99 00
INFO - 2b 29 4a 3c 00 0a c9 00
INFO - 2b 2c 8a 3c 00 0a aa 00
INFO - 2b 2e ca 3c 00 0a af 00
INFO - 2b 30 0a 3c 00 0a a7 00
INFO - 2b 32 4a 3c 00 0a bd 00
INFO - 2b 35 8a 3c 00 0a c9 00
INFO - 2b 37 ca 3c 00 0a 9e 00
INFO - 2b 3a 0a 3c 00 0a c7 00
INFO - 2b 3c 4a 3c 00 0a a7 00
INFO - 2b 3f 8a 3c 00 0a d5 00
INFO - 2b 42 ca 3c 00 0a c9 00
INFO - 2b 43 0a 3c 00 0a 93 00
INFO - 2b 46 4a 3c 00 0a bb 00
INFO - 2b 48 8a 3c 00 0a aa 00
INFO - 2b 49 ca 3c 00 0a 8d 00
INFO - 2b 4c 0a 3c 00 0a b5 00
INFO - 2b 4d 4a 3c 00 0a 99 00
INFO - 2b 50 8a 3c 00 0a c1 00
INFO - 2b 52 ca 3c 00 0a a5 00
INFO - 2b 54 0a 3c 00 0a a7 00
INFO - 2b 56 4a 3c 00 0a 94 00
INFO - 2b 58 8a 3c 00 0a a5 00
INFO - 2b 5b ca 3c 00 0a c1 00
INFO - 2b 5d 0a 3c 00 0a c8 00
INFO - 2b 5f 4a 3c 00 0a a7 00
INFO - 2b 61 8a 3c 00 0a 94 00
INFO - 2b 63 ca 3c 00 0a b0 00
INFO - 2b 66 0a 3c 00 0a b5 00
INFO - 2b 68 4a 3c 00 0a c0 00
INFO - 2b 6a 8a 3c 00 0a 85 00
INFO - 2b 6c ca 3c 00 0a 9f 00
INFO - 2b 6e 0a 3c 00 0a b1 00
INFO - 2b 71 4a 3c 00 0a cf 00
INFO - 2b 73 8a 3c 00 0a 9a 00
INFO - 2b 75 ca 3c 00 0a a1 00
INFO - 2b 7a 0a 3c 00 0b 40 00
INFO - 2b 7c 4a 3c 00 0a b2 00
INFO - 2b 80 8a 3c 00 0b 07 00
INFO - 2b 83 ca 3c 00 0a cf 00
INFO - 2b 85 0a 3c 00 0a 8f 00
INFO - 2b 87 4a 3c 00 0a c1 00
INFO - 2b 8a 8a 3c 00 0a c5 00
INFO - 2b 8b ca 3c 00 0a 83 00
INFO - 2b 8e 0a 3c 00 0a c4 00
INFO - 2b 91 4a 3c 00 0a ca 00
INFO - 2b 94 8a 3c 00 0a d1 00
INFO - 2b 97 ca 3c 00 0a d6 00
INFO - 2b 9a 0a 3c 00 0a fc 00
INFO - 2b 9c 4a 3c 00 0a 89 00
INFO - 2b 9f 8a 3c 00 0a e5 00
INFO - 2b a2 ca 3c 00 0a ce 00
INFO - 2b a4 0a 3c 00 0a b6 00
INFO - 2b a7 4a 3c 00 0a ab 00
INFO - 2b a9 8a 3c 00 0a c3 00
INFO - 2b ac ca 3c 00 0a b7 00
INFO - 2b ae 0a 3c 00 0a c3 00
INFO - 2b b1 4a 3c 00 0a db 00
INFO - 2b b4 8a 3c 00 0a db 00
INFO - 2b b6 ca 3c 00 0a 64 00
INFO - 2b b9 0a 3c 00 0a da 00
INFO - 2b bb 4a 3c 00 0a a0 00
INFO - 2b be 8a 3c 00 0a c6 00
INFO - 2b c0 ca 3c 00 0a 9d 00
INFO - 2b c2 0a 3c 00 0a ae 00
INFO - 2b c4 4a 3c 00 0a b6 00
INFO - 2b c7 8a 3c 00 0a d3 00
INFO - 2b c9 ca 3c 00 0a b5 00
INFO - 2b cb 0a 3c 00 0a a3 00
INFO - 2b cd 4a 3c 00 0a 88 00
INFO - 2b cf 8a 3c 00 0a b6 00
INFO - 2b d2 ca 3c 00 0a bb 00
INFO - 2b d4 0a 3c 00 0a b6 00
INFO - 2b d6 4a 3c 00 0a 8b 00
INFO - 2b d8 8a 3c 00 0a 9f 00
INFO - 2b da ca 3c 00 0a ad 00
INFO - 2b dc 0a 3c 00 0a c8 00
INFO - 2b df 4a 3c 00 0a ab 00
INFO - 2b e1 8a 3c 00 0a af 00
INFO - 2b e4 ca 3c 00 0a cf 00
INFO - 2b e6 0a 3c 00 0a 98 00
INFO - 2b e8 4a 3c 00 0a ce 00
INFO - 2b eb 8a 3c 00 0a c8 00
INFO - 2b ee ca 3c 00 0a c3 00
INFO - 2b f1 0a 3c 00 0a c9 00
INFO - 2b f4 4a 3c 00 0a e7 00
INFO - 2b f6 8a 3c 00 0a 98 00
INFO - 2b f8 ca 3c 00 0a 9e 00
INFO - 2b fb 0a 3c 00 0a ec 00
INFO - 2b fd 4a 3c 00 0a b6 00
INFO - 2c 00 8a 3c 00 0a d5 00
INFO - 2c 02 ca 3c 00 0a 9d 00
INFO - 2c 04 0a 3c 00 0a 7e 00
INFO - 2c 07 4a 3c 00 0a d4 00
INFO - 2c 09 8a 3c 00 0a 92 00
INFO - 2c 0c ca 3c 00 0a d5 00
INFO - 2c 0d 0a 3c 00 0a 90 00
INFO - 2c 10 4a 3c 00 0a b1 00
INFO - 2c 11 8a 3c 00 0a 9d 00
INFO - 2c 14 ca 3c 00 0a c5 00
INFO - 2c 16 0a 3c 00 0a a4 00
INFO - 2c 18 4a 3c 00 0a 9e 00
INFO - 2c 1b 8a 3c 00 0a e1 00
INFO - 2c 1f ca 3c 00 0a f2 00
INFO - 2c 21 0a 3c 00 0a a4 00
INFO - 2c 24 4a 3c 00 0a cd 00
INFO - 2c 27 8a 3c 00 0a e2 00
INFO - 2c 29 ca 3c 00 0a a9 00
INFO - 2c 2d 0a 3c 00 0b 1b 00
INFO - 2c 30 4a 3c 00 0a c5 00
INFO - 2c 32 8a 3c 00 0a a5 00
INFO - 2c 35 ca 3c 00 0a c2 00
INFO - 2c 37 0a 3c 00 0a c5 00
INFO - 2c 3a 4a 3c 00 0a c6 00
INFO - 2c 3d 8a 3c 00 0a bd 00
INFO - 2c 40 ca 3c 00 0a d2 00
INFO - 2c 42 0a 3c 00 0a b5 00
INFO - 2c 44 4a 3c 00 0a ae 00
INFO - 2c 46 8a 3c 00 0a 98 00
INFO - 2c 48 ca 3c 00 0a b5 00
INFO - 2c 4c 0a 3c 00 0a e1 00
INFO - 2c 4d 4a 3c 00 0a 9e 00
INFO - 2c 50 8a 3c 00 0a c7 00
INFO - 2c 53 ca 3c 00 0a b5 00
INFO - 2c 55 0a 3c 00 0a ac 00
INFO - 2c 58 4a 3c 00 0a db 00
INFO - 2c 5a 8a 3c 00 0a a0 00
INFO - 2c 5c ca 3c 00 0a a0 00
INFO - 2c 5e 0a 3c 00 0a 9c 00
INFO - 2c 61 4a 3c 00 0a d2 00
INFO - 2c 63 8a 3c 00 0a cb 00
INFO - 2c 65 ca 3c 00 0a a3 00
INFO - 2c 68 0a 3c 00 0a b2 00
INFO - 2c 6b 4a 3c 00 0a de 00
INFO - 2c 6e 8a 3c 00 0a cb 00
INFO - 2c 71 ca 3c 00 0a ce 00
INFO - 2c 73 0a 3c 00 0a ba 00
INFO - 2c 75 4a 3c 00 0a b6 00
INFO - 2c 78 8a 3c 00 0a ca 00
INFO - 2c 7a ca 3c 00 0a 70 00
INFO - 2c 7c 0a 3c 00 0a ad 00
INFO - 2c 7f 4a 3c 00 0a bf 00
INFO - 2c 82 8a 3c 00 0a cd 00
INFO - 2c 84 ca 3c 00 0a c2 00
INFO - 2c 86 0a 3c 00 0a a1 00
INFO - 2c 88 4a 3c 00 0a 9b 00
INFO - 2c 8c 8a 3c 00 0a f4 00
INFO - 2c 8e ca 3c 00 0a a6 00
INFO - 2c 8f 0a 3c 00 0a 8a 00
INFO - 2c 91 4a 3c 00 0a a5 00
INFO - 2c 93 8a 3c 00 0a 92 00
INFO - 2c 95 ca 3c 00 0a 9e 00
INFO - 2c 97 0a 3c 00 0a a0 00
INFO - 2c 99 4a 3c 00 0a a5 00
INFO - 2c 9b 8a 3c 00 0a c0 00
INFO - 2c 9d ca 3c 00 0a 86 00
INFO - 2c a0 0a 3c 00 0a e6 00
INFO - 2c a2 4a 3c 00 0a a5 00
INFO - 2c a5 8a 3c 00 0a c3 00
INFO - 2c a6 ca 3c 00 0a 8e 00
INFO - 2c aa 0a 3c 00 0a da 00
INFO - 2c ab 4a 3c 00 0a 99 00
INFO - 2c ae 8a 3c 00 0a b3 00
INFO - 2c b0 ca 3c 00 0a c3 00
INFO - 2c b3 0a 3c 00 0a bb 00
INFO - 2c b9 4a 3c 00 0b 5e 00
INFO - 2c ba 8a 3c 00 0a 9f 00
INFO - 2c bd ca 3c 00 0a c6 00
INFO - 2c c0 0a 3c 00 0a b5 00
INFO - 2c c1 4a 3c 00 0a 90 00
INFO - 2c c3 8a 3c 00 0a 98 00
INFO - 2c c6 ca 3c 00 0a d3 00
INFO - 2c c8 0a 3c 00 0a a6 00
INFO - 2c cb 4a 3c 00 0a d7 00
INFO - 2c cc 8a 3c 00 0a 8b 00
INFO - 2c d0 ca 3c 00 0a ea 00
INFO - 2c d3 0a 3c 00 0a da 00
INFO - 2c d6 4a 3c 00 0a dc 00
INFO - 2c d8 8a 3c 00 0a a3 00
INFO - 2c da ca 3c 00 0a 91 00
INFO - 2c dc 0a 3c 00 0a a0 00
INFO - 2c de 4a 3c 00 0a ba 00
INFO - 2c e1 8a 3c 00 0a b1 00
INFO - 2c e2 ca 3c 00 0a a0 00
INFO - 2c e5 0a 3c 00 0a b0 00
INFO - 2c e7 4a 3c 00 0a 7b 00
INFO - 2c e9 8a 3c 00 0a af 00
INFO - 2c eb ca 3c 00 0a 8b 00
INFO - 2c ed 0a 3c 00 0a b6 00
INFO - 2c ef 4a 3c 00 0a 96 00
INFO - 2c f1 8a 3c 00 0a b3 00
INFO - 2c f3 ca 3c 00 0a a2 00
INFO - 2c f5 0a 3c 00 0a 8a 00
INFO - 2c f7 4a 3c 00 0a a6 00
INFO - 2c f8 8a 3c 00 0a 93 00
INFO - 2c fa ca 3c 00 0a a2 00
INFO - 2c ff 0a 3c 00 0a d8 00
INFO - 2d 0b 4a 3c 00 0a b2 00
INFO - 2d 0d 8a 3c 00 0a 9b 00
INFO - 2d 10 ca 3c 00 0a cf 00
INFO - 2d 13 0a 3c 00 0a c5 00
INFO - 2d 14 4a 3c 00 0a 86 00
INFO - 2d 19 8a 3c 00 0b 0b 00
INFO - 2d 1b ca 3c 00 0a c3 00
INFO - 2d 1d 0a 3c 00 0a 91 00
INFO - 2d 1f 4a 3c 00 0a a6 00
INFO - 2d 22 8a 3c 00 0a c3 00
INFO - 2d 24 ca 3c 00 0a c7 00
INFO - 2d 26 0a 3c 00 0a 8e 00
INFO - 2d 28 4a 3c 00 0a 9b 00
INFO - 2d 2a 8a 3c 00 0a 9e 00
INFO - 2d 2b ca 3c 00 0a 87 00
INFO - 2d 2d 0a 3c 00 0a ac 00
INFO - 2d 2f 4a 3c 00 0a 8e 00
INFO - 2d 31 8a 3c 00 0a a9 00
INFO - 2d 33 ca 3c 00 0a af 00
INFO - 2d 35 0a 3c 00 0a 98 00
INFO - 2d 37 4a 3c 00 0a 9b 00
INFO - 2d 3a 8a 3c 00 0a bd 00
INFO - 2d 3c ca 3c 00 0a c1 00
INFO - 2d 3e 0a 3c 00 0a a5 00
INFO - 2d 40 4a 3c 00 0a aa 00
INFO - 2d 42 8a 3c 00 0a a2 00
INFO - 2d 44 ca 3c 00 0a 88 00
INFO - 2d 46 0a 3c 00 0a a9 00
INFO - 2d 49 4a 3c 00 0a e0 00
INFO - 2d 4b 8a 3c 00 0a b3 00
INFO - 2d 4d ca 3c 00 0a 85 00
INFO - 2d 4e 0a 3c 00 0a 69 00
INFO - 2d 51 4a 3c 00 0a a7 00
INFO - 2d 52 8a 3c 00 0a 95 00
INFO - 2d 54 ca 3c 00 0a ae 00
INFO - 2d 56 0a 3c 00 0a 95 00
INFO - 2d 58 4a 3c 00 0a 9a 00
INFO - 2d 5a 8a 3c 00 0a b2 00
INFO - 2d 5c ca 3c 00 0a 95 00
INFO - 2d 5e 0a 3c 00 0a 9a 00
INFO - 2d 5f 4a 3c 00 0a 95 00
INFO - 2d 62 8a 3c 00 0a c4 00
INFO - 2d 64 ca 3c 00 0a 9d 00
INFO - 2d 67 0a 3c 00 0a c7 00
INFO - 2d 69 4a 3c 00 0a a7 00
INFO - 2d 6a 8a 3c 00 0a 93 00
INFO - 2d 6e ca 3c 00 0a e6 00
INFO - 2d 70 0a 3c 00 0a 9c 00
INFO - 2d 72 4a 3c 00 0a c0 00
INFO - 2d 73 8a 3c 00 0a 7b 00
INFO - 2d 76 ca 3c 00 0a ca 00
INFO - 2d 78 0a 3c 00 0a a4 00
INFO - 2d 7a 4a 3c 00 0a b2 00
INFO - 2d 7c 8a 3c 00 0a 94 00
INFO - 2d 7e ca 3c 00 0a 93 00
INFO - 2d 80 0a 3c 00 0a b2 00
INFO - 2d 82 4a 3c 00 0a a8 00
INFO - 2d 84 8a 3c 00 0a 88 00
INFO - 2d 87 ca 3c 00 0a dc 00
INFO - 2d 88 0a 3c 00 0a 93 00
INFO - 2d 8a 4a 3c 00 0a 9d 00
INFO - 2d 8d 8a 3c 00 0a bc 00
INFO - 2d 8f ca 3c 00 0a 9d 00
INFO - 2d 91 0a 3c 00 0a b2 00
INFO - 2d 92 4a 3c 00 0a 89 00
INFO - 2d 95 8a 3c 00 0a bc 00
INFO - 2d 97 ca 3c 00 0a 93 00
INFO - 2d 99 0a 3c 00 0a b2 00
INFO - 2d 9b 4a 3c 00 0a bc 00
INFO - 2d 9d 8a 3c 00 0a 93 00
INFO - 2d 9f ca 3c 00 0a b2 00
INFO - 2d a1 0a 3c 00 0a 89 00
INFO - 2d a3 4a 3c 00 0a b2 00
INFO - 2d a6 8a 3c 00 0a bc 00
INFO - 2d ab ca 3c 00 0a c2 00
INFO - 2d ad 0a 3c 00 0a 93 00
INFO - 2d af 4a 3c 00 0a 88 00
INFO - 2d b1 8a 3c 00 0a 7e 00
INFO - 2d b2 ca 3c 00 0a 88 00
INFO - 2d b5 0a 3c 00 0a b1 00
INFO - 2d b6 4a 3c 00 0a 95 00
INFO - 2d b9 8a 3c 00 0a af 00
INFO - 2d ba ca 3c 00 0a 95 00
INFO - 2d bc 0a 3c 00 0a 9b 00
INFO - 2d be 4a 3c 00 0a a7 00
INFO - 2d c0 8a 3c 00 0a 9d 00
INFO - 2d c2 ca 3c 00 0a a7 00
INFO - 2d c5 0a 3c 00 0a bf 00
INFO - 2d c7 4a 3c 00 0a 99 00
INFO - 2d c8 8a 3c 00 0a 9d 00
INFO - 2d ca ca 3c 00 0a a0 00
INFO - 2d cc 0a 3c 00 0a a5 00
INFO - 2d ce 4a 3c 00 0a 9d 00
INFO - 2d d2 8a 3c 00 0b 0f 00
INFO - 2d d4 ca 3c 00 0a 88 00
INFO - 2d d6 0a 3c 00 0a a1 00
INFO - 2d d7 4a 3c 00 0a 89 00
INFO - 2d da 8a 3c 00 0a db 00
INFO - 2d dc ca 3c 00 0a 9b 00
INFO - 2d df 0a 3c 00 0a b2 00
INFO - 2d e1 4a 3c 00 0a c0 00
INFO - 2d e4 8a 3c 00 0a c4 00
INFO - 2d e7 ca 3c 00 0a c7 00
INFO - 2d e8 0a 3c 00 0a 8d 00
INFO - 2d ea 4a 3c 00 0a 90 00
INFO - 2d ec 8a 3c 00 0a b4 00
INFO - 2d ef ca 3c 00 0a d5 00
INFO - 2d f1 0a 3c 00 0a b1 00
INFO - 2d f4 4a 3c 00 0a c8 00
INFO - 2d f6 8a 3c 00 0a ab 00
INFO - 2d f8 ca 3c 00 0a b1 00
INFO - 2d fb 0a 3c 00 0a b3 00
INFO - 2d fd 4a 3c 00 0a ac 00
INFO - 2d ff 8a 3c 00 0a 9b 00
INFO - 2e 01 ca 3c 00 0a a8 00
INFO - 2e 04 0a 3c 00 0a d2 00
INFO - 2e 06 4a 3c 00 0a a2 00
INFO - 2e 08 8a 3c 00 0a 9b 00
INFO - 2e 09 ca 3c 00 0a 93 00
INFO - 2e 0b 0a 3c 00 0a a7 00
INFO - 2e 0d 4a 3c 00 0a a1 00
INFO - 2e 0f 8a 3c 00 0a a4 00
INFO - 2e 12 ca 3c 00 0a c0 00
INFO - 2e 14 0a 3c 00 0a 8f 00
INFO - 2e 16 4a 3c 00 0a b3 00
INFO - 2e 18 8a 3c 00 0a ad 00
INFO - 2e 1a ca 3c 00 0a 86 00
INFO - 2e 1c 0a 3c 00 0a b4 00
INFO - 2e 1e 4a 3c 00 0a 9a 00
INFO - 2e 20 8a 3c 00 0a a7 00
INFO - 2e 22 ca 3c 00 0a a0 00
INFO - 2e 24 0a 3c 00 0a 8f 00
INFO - 2e 26 4a 3c 00 0a a0 00
INFO - 2e 27 8a 3c 00 0a 9d 00
INFO - 2e 2a ca 3c 00 0a b9 00
INFO - 2e 2d 0a 3c 00 0a e7 00
INFO - 2e 2f 4a 3c 00 0a 99 00
INFO - 2e 32 8a 3c 00 0a c6 00
INFO - 2e 34 ca 3c 00 0a aa 00
INFO - 2e 36 0a 3c 00 0a b8 00
INFO - 2e 38 4a 3c 00 0a 9d 00
INFO - 2e 3c 8a 3c 00 0a f2 00
INFO - 2e 3e ca 3c 00 0a ae 00
INFO - 2e 40 0a 3c 00 0a aa 00
INFO - 2e 42 4a 3c 00 0a 9a 00
INFO - 2e 44 8a 3c 00 0a b3 00
INFO - 2e 47 ca 3c 00 0a b8 00
INFO - 2e 49 0a 3c 00 0a a6 00
INFO - 2e 4b 4a 3c 00 0a be 00
INFO - 2e 4d 8a 3c 00 0a 8f 00
INFO - 2e 4f ca 3c 00 0a 9c 00
INFO - 2e 51 0a 3c 00 0a be 00
INFO - 2e 53 4a 3c 00 0a 8e 00
INFO - 2e 55 8a 3c 00 0a be 00
INFO - 2e 57 ca 3c 00 0a a3 00
INFO - 2e 59 0a 3c 00 0a a5 00
INFO - 2e 5b 4a 3c 00 0a a9 00
INFO - 2e 5d 8a 3c 00 0a 8e 00
INFO - 2e 5f ca 3c 00 0a 9f 00
INFO - 2e 61 0a 3c 00 0a b6 00
INFO - 2e 64 4a 3c 00 0a bc 00
INFO - 2e 65 8a 3c 00 0a 90 00
INFO - 2e 67 ca 3c 00 0a 99 00
INFO - 2e 69 0a 3c 00 0a 93 00
INFO - 2e 6b 4a 3c 00 0a b6 00
INFO - 2e 6d 8a 3c 00 0a a5 00
INFO - 2e 6f ca 3c 00 0a 93 00
INFO - 2e 71 0a 3c 00 0a 8e 00
INFO - 2e 72 4a 3c 00 0a 94 00
INFO - 2e 74 8a 3c 00 0a 83 00
INFO - 2e 75 ca 3c 00 0a 87 00
INFO - 2e 77 0a 3c 00 0a a5 00
INFO - 2e 79 4a 3c 00 0a 6f 00
INFO - 2e 7b 8a 3c 00 0a a2 00
INFO - 2e 7d ca 3c 00 0a 94 00
INFO - 2e 80 0a 3c 00 0a d5 00
INFO - 2e 81 4a 3c 00 0a 9b 00
INFO - 2e 84 8a 3c 00 0a a6 00
INFO - 2e 86 ca 3c 00 0a c2 00
INFO - 2e 89 0a 3c 00 0a c8 00
INFO - 2e 8c 4a 3c 00 0a cc 00
INFO - 2e 8e 8a 3c 00 0a a0 00
INFO - 2e 90 ca 3c 00 0a ad 00
INFO - 2e 92 0a 3c 00 0a a7 00
INFO - 2e 95 4a 3c 00 0a c8 00
INFO - 2e 97 8a 3c 00 0a ae 00
INFO - 2e 99 ca 3c 00 0a 94 00
INFO - 2e 9a 0a 3c 00 0a 8f 00
INFO - 2e 9c 4a 3c 00 0a a6 00
INFO - 2e 9e 8a 3c 00 0a 9f 00
INFO - 2e a0 ca 3c 00 0a 9a 00
INFO - 2e a2 0a 3c 00 0a 94 00
INFO - 2e a3 4a 3c 00 0a 9c 00
INFO - 2e a5 8a 3c 00 0a 85 00
INFO - 2e a8 ca 3c 00 0a c7 00
INFO - 2e aa 0a 3c 00 0a a4 00
INFO - 2e ac 4a 3c 00 0a a8 00
INFO - 2e ae 8a 3c 00 0a ad 00
INFO - 2e b1 ca 3c 00 0a c3 00
INFO - 2e b3 0a 3c 00 0a d1 00
INFO - 2e b6 4a 3c 00 0a c1 00
INFO - 2e b8 8a 3c 00 0a 93 00
INFO - 2e bb ca 3c 00 0a cb 00
INFO - 2e bd 0a 3c 00 0a c5 00
INFO - 2e bf 4a 3c 00 0a 8e 00
INFO - 2e c1 8a 3c 00 0a ae 00
INFO - 2e c2 ca 3c 00 0a 7f 00
INFO - 2e c5 0a 3c 00 0a b5 00
INFO - 2e c6 4a 3c 00 0a 90 00
INFO - 2e c9 8a 3c 00 0a c5 00
INFO - 2e ca ca 3c 00 0a 82 00
INFO - 2e cc 0a 3c 00 0a a4 00
INFO - 2e ce 4a 3c 00 0a 92 00
INFO - 2e d0 8a 3c 00 0a 97 00
INFO - 2e d3 ca 3c 00 0a cd 00
INFO - 2e d4 0a 3c 00 0a a0 00
INFO - 2e d6 4a 3c 00 0a 8f 00
INFO - 2e d8 8a 3c 00 0a b0 00
INFO - 2e da ca 3c 00 0a 8b 00
INFO - 2e db 0a 3c 00 0a 85 00
INFO - 2e de 4a 3c 00 0a b8 00
INFO - 2e e0 8a 3c 00 0a 70 00
INFO - 2e e1 ca 3c 00 0a 98 00
INFO - 2e e6 0a 3c 00 0b 17 00
INFO - 2e e8 4a 3c 00 0a 9b 00
INFO - 2e e9 8a 3c 00 0a a0 00
INFO - 2e eb ca 3c 00 0a 8d 00
INFO - 2e ee 0a 3c 00 0a cb 00
INFO - 2e f0 4a 3c 00 0a 96 00
INFO - 2e f1 8a 3c 00 0a 8e 00
INFO - 2e f3 ca 3c 00 0a 90 00
INFO - 2e f4 0a 3c 00 0a 95 00
INFO - 2e f6 4a 3c 00 0a 97 00
INFO - 2e f9 8a 3c 00 0a b9 00
INFO - 2e fa ca 3c 00 0a 82 00
INFO - 2e fc 0a 3c 00 0a ac 00
INFO - 2e fe 4a 3c 00 0a 92 00
INFO - 2f 00 8a 3c 00 0a b3 00
INFO - 2f 02 ca 3c 00 0a 89 00
INFO - 2f 04 0a 3c 00 0a bd 00
INFO - 2f 06 4a 3c 00 0a a3 00
INFO - 2f 09 8a 3c 00 0a bb 00
INFO - 2f 0b ca 3c 00 0a a1 00
INFO - 2f 0d 0a 3c 00 0a bc 00
INFO - 2f 0f 4a 3c 00 0a 8d 00
INFO - 2f 11 8a 3c 00 0a ba 00
INFO - 2f 14 ca 3c 00 0a b9 00
INFO - 2f 16 0a 3c 00 0a b1 00
INFO - 2f 18 4a 3c 00 0a 9a 00
INFO - 2f 1a 8a 3c 00 0a bc 00
INFO - 2f 1d ca 3c 00 0a ab 00
INFO - 2f 1f 0a 3c 00 0a a5 00
INFO - 2f 21 4a 3c 00 0a be 00
INFO - 2f 23 8a 3c 00 0a a2 00
INFO - 2f 26 ca 3c 00 0a c8 00
INFO - 2f 28 0a 3c 00 0a b2 00
INFO - 2f 2b 4a 3c 00 0a c0 00
INFO - 2f 2d 8a 3c 00 0a b8 00
INFO - 2f 2f ca 3c 00 0a 9e 00
INFO - 2f 31 0a 3c 00 0a b6 00
INFO - 2f 34 4a 3c 00 0a ac 00
INFO - 2f 36 8a 3c 00 0a b6 00
INFO - 2f 38 ca 3c 00 0a b0 00
INFO - 2f 3b 0a 3c 00 0a bf 00
INFO - 2f 3d 4a 3c 00 0a b1 00
INFO - 2f 3f 8a 3c 00 0a b5 00
INFO - 2f 41 ca 3c 00 0a a6 00
INFO - 2f 44 0a 3c 00 0a ab 00
INFO - 2f 46 4a 3c 00 0a ae 00
INFO - 2f 48 8a 3c 00 0a a7 00
INFO - 2f 4b ca 3c 00 0a c2 00
INFO - 2f 4d 0a 3c 00 0a c5 00
INFO - 2f 4f 4a 3c 00 0a 87 00
INFO - 2f 51 8a 3c 00 0a ad 00
INFO - 2f 53 ca 3c 00 0a b3 00
INFO - 2f 55 0a 3c 00 0a ae 00
INFO - 2f 58 4a 3c 00 0a a9 00
INFO - 2f 5a 8a 3c 00 0a d0 00
INFO - 2f 5c ca 3c 00 0a 9a 00
INFO - 2f 5e 0a 3c 00 0a 9e 00
INFO - 2f 61 4a 3c 00 0a c6 00
INFO - 2f 64 8a 3c 00 0a ca 00
INFO - 2f 65 ca 3c 00 0a 9c 00
INFO - 2f 68 0a 3c 00 0a b7 00
INFO - 2f 6b 4a 3c 00 0a c6 00
INFO - 2f 6d 8a 3c 00 0a b8 00
INFO - 2f 6f ca 3c 00 0a b1 00
INFO - 2f 71 0a 3c 00 0a 92 00
INFO - 2f 74 4a 3c 00 0a c0 00
INFO - 2f 75 8a 3c 00 0a 9e 00
INFO - 2f 77 ca 3c 00 0a 9d 00
INFO - 2f 7b 0a 3c 00 0a e5 00
INFO - 2f 7d 4a 3c 00 0a a9 00
INFO - 2f 80 8a 3c 00 0a da 00
INFO - 2f 83 ca 3c 00 0a cc 00
INFO - 2f 85 0a 3c 00 0a c7 00
INFO - 2f 88 4a 3c 00 0a cf 00
INFO - 2f 8b 8a 3c 00 0a b8 00
INFO - 2f 8d ca 3c 00 0a c4 00
INFO - 2f 90 0a 3c 00 0a b9 00
INFO - 2f 93 4a 3c 00 0a dd 00
INFO - 2f 95 8a 3c 00 0a a1 00
INFO - 2f 97 ca 3c 00 0a 95 00
INFO - 2f 9a 0a 3c 00 0a de 00
INFO - 2f 9e 4a 3c 00 0a a8 00
INFO - 2f a0 8a 3c 00 0a 93 00
INFO - 2f a2 ca 3c 00 0a b2 00
INFO - 2f a4 0a 3c 00 0a a9 00
INFO - 2f a6 4a 3c 00 0a b1 00
INFO - 2f a9 8a 3c 00 0a b5 00
INFO - 2f ac ca 3c 00 0a ca 00
INFO - 2f ae 0a 3c 00 0a a9 00
INFO - 2f b0 4a 3c 00 0a ba 00
INFO - 2f b3 8a 3c 00 0a bc 00
INFO - 2f b5 ca 3c 00 0a ae 00
INFO - 2f b7 0a 3c 00 0a 9b 00
INFO - 2f bb 4a 3c 00 0a f6 00
INFO - 2f bd 8a 3c 00 0a ac 00
INFO - 2f bf ca 3c 00 0a ad 00
INFO - 2f c0 0a 3c 00 0a 88 00
INFO - 2f c2 4a 3c 00 0a a3 00
INFO - 2f c7 8a 3c 00 0b 15 00
INFO - 2f c9 ca 3c 00 0a b9 00
INFO - 2f cb 0a 3c 00 0a 97 00
INFO - 2f cd 4a 3c 00 0a b5 00
INFO - 2f cf 8a 3c 00 0a a3 00
INFO - 2f d1 ca 3c 00 0a 9c 00
INFO - 2f d4 0a 3c 00 0a b7 00
INFO - 2f d5 4a 3c 00 0a a0 00
INFO - 2f d8 8a 3c 00 0a af 00
INFO - 2f da ca 3c 00 0a 9c 00
INFO - 2f dc 0a 3c 00 0a ba 00
INFO - 2f de 4a 3c 00 0a b4 00
INFO - 2f e1 8a 3c 00 0a d2 00
INFO - 2f e5 ca 3c 00 0a e2 00
INFO - 2f e7 0a 3c 00 0a d2 00
INFO - 2f ea 4a 3c 00 0a bf 00
INFO - 2f ec 8a 3c 00 0a 8a 00
INFO - 2f ee ca 3c 00 0a a6 00
INFO - 2f f0 0a 3c 00 0a b6 00
INFO - 2f f4 4a 3c 00 0a f0 00
INFO - 2f f6 8a 3c 00 0a c1 00
INFO - 2f f8 ca 3c 00 0a ae 00
INFO - 2f fa 0a 3c 00 0a a5 00
INFO - 2f ff 4a 3c 00 0b 0f 00
INFO - 30 00 8a 3c 00 0a 7f 00
INFO - 30 02 ca 3c 00 0a b8 00
INFO - 30 05 0a 3c 00 0a b0 00
INFO - 30 07 4a 3c 00 0a b8 00
INFO - 30 09 8a 3c 00 0a 99 00
INFO - 30 0b ca 3c 00 0a b3 00
INFO - 30 0d 0a 3c 00 0a a1 00
INFO - 30 10 4a 3c 00 0a d1 00
INFO - 30 12 8a 3c 00 0a 92 00
INFO - 30 17 ca 3c 00 0b 31 00
INFO - 30 19 0a 3c 00 0a 7b 00
INFO - 30 1b 4a 3c 00 0a a4 00
INFO - 30 1d 8a 3c 00 0a aa 00
INFO - 30 1f ca 3c 00 0a a4 00
INFO - 30 22 0a 3c 00 0a d4 00
INFO - 30 24 4a 3c 00 0a 9d 00
INFO - 30 26 8a 3c 00 0a 8d 00
INFO - 30 28 ca 3c 00 0a a6 00
INFO - 30 2b 0a 3c 00 0a de 00
INFO - 30 2d 4a 3c 00 0a bd 00
INFO - 30 31 8a 3c 00 0a e0 00
INFO - 30 33 ca 3c 00 0a b0 00
INFO - 30 36 0a 3c 00 0a c4 00
INFO - 30 37 4a 3c 00 0a 9a 00
INFO - 30 3a 8a 3c 00 0a d5 00
INFO - 30 3c ca 3c 00 0a a1 00
INFO - 30 3f 0a 3c 00 0a bf 00
INFO - 30 41 4a 3c 00 0a ab 00
INFO - 30 45 8a 3c 00 0a ec 00
INFO - 30 47 ca 3c 00 0a c3 00
INFO - 30 49 0a 3c 00 0a 8e 00
INFO - 30 4b 4a 3c 00 0a c6 00
INFO - 30 4e 8a 3c 00 0a c6 00
INFO - 30 51 ca 3c 00 0a b4 00
INFO - 30 53 0a 3c 00 0a bb 00
INFO - 30 56 4a 3c 00 0a c3 00
INFO - 30 58 8a 3c 00 0a b0 00
INFO - 30 5a ca 3c 00 0a 92 00
INFO - 30 5c 0a 3c 00 0a ce 00
INFO - 30 5f 4a 3c 00 0a c9 00
INFO - 30 61 8a 3c 00 0a 8d 00
INFO - 30 64 ca 3c 00 0a c4 00
INFO - 30 65 0a 3c 00 0a 96 00
INFO - 30 68 4a 3c 00 0a b1 00
INFO - 30 69 8a 3c 00 0a 9d 00
INFO - 30 6c ca 3c 00 0a c4 00
INFO - 30 6e 0a 3c 00 0a b0 00
INFO - 30 70 4a 3c 00 0a 74 00
INFO - 30 73 8a 3c 00 0a b8 00
INFO - 30 76 ca 3c 00 0a d6 00
INFO - 30 78 0a 3c 00 0a a1 00
INFO - 30 7a 4a 3c 00 0a bf 00
INFO - 30 7d 8a 3c 00 0a ad 00
INFO - 30 7f ca 3c 00 0a a6 00
INFO - 30 81 0a 3c 00 0a b0 00
INFO - 30 84 4a 3c 00 0a dd 00
INFO - 30 86 8a 3c 00 0a 9d 00
INFO - 30 89 ca 3c 00 0a c4 00
INFO - 30 8b 0a 3c 00 0a a7 00
INFO - 30 8d 4a 3c 00 0a b9 00
INFO - 30 90 8a 3c 00 0a ca 00
INFO - 30 92 ca 3c 00 0a 8b 00
INFO - 30 95 0a 3c 00 0a eb 00
INFO - 30 98 4a 3c 00 0a c3 00
INFO - 30 9a 8a 3c 00 0a a5 00
INFO - 30 9c ca 3c 00 0a bd 00
INFO - 30 9e 0a 3c 00 0a 96 00
INFO - 30 a0 4a 3c 00 0a 91 00
INFO - 30 a3 8a 3c 00 0a d9 00
INFO - 30 a4 ca 3c 00 0a 98 00
INFO - 30 a6 0a 3c 00 0a 9d 00
INFO - 30 a9 4a 3c 00 0a b7 00
INFO - 30 ab 8a 3c 00 0a be 00
INFO - 30 ad ca 3c 00 0a 96 00
INFO - 30 b0 0a 3c 00 0a c8 00
INFO - 30 b2 4a 3c 00 0a a2 00
INFO - 30 b5 8a 3c 00 0a df 00
INFO - 30 b7 ca 3c 00 0a 99 00
INFO - 30 b9 0a 3c 00 0a a1 00
INFO - 30 ba 4a 3c 00 0a 6d 00
INFO - 30 bd 8a 3c 00 0a b2 00
INFO - 30 bf ca 3c 00 0a a2 00
INFO - 30 c2 0a 3c 00 0a d1 00
INFO - 30 c4 4a 3c 00 0a ba 00
INFO - 30 c6 8a 3c 00 0a 9c 00
INFO - 30 c9 ca 3c 00 0a b8 00
INFO - 30 cb 0a 3c 00 0a a5 00
INFO - 30 ce 4a 3c 00 0a d2 00
INFO - 30 cf 8a 3c 00 0a 90 00
INFO - 30 d3 ca 3c 00 0a e5 00
INFO - 30 d6 0a 3c 00 0a df 00
INFO - 30 d8 4a 3c 00 0a b7 00
INFO - 30 da 8a 3c 00 0a 9a 00
INFO - 30 dd ca 3c 00 0a c6 00
INFO - 30 de 0a 3c 00 0a 8d 00
INFO - 30 e1 4a 3c 00 0a d1 00
INFO - 30 e4 8a 3c 00 0a dc 00
INFO - 30 e7 ca 3c 00 0a b8 00
INFO - 30 ea 0a 3c 00 0a b9 00
INFO - 30 ec 4a 3c 00 0a be 00
INFO - 30 f0 8a 3c 00 0a e7 00
INFO - 30 f3 ca 3c 00 0a d9 00
INFO - 30 f4 0a 3c 00 0a 98 00
INFO - 30 f7 4a 3c 00 0a d1 00
INFO - 30 f9 8a 3c 00 0a 8f 00
INFO - 30 fb ca 3c 00 0a bd 00
INFO - 30 fd 0a 3c 00 0a a1 00
INFO - 31 00 4a 3c 00 0a c8 00
INFO - 31 03 8a 3c 00 0a b7 00
INFO - 31 05 ca 3c 00 0a c8 00
INFO - 31 08 0a 3c 00 0a b6 00
INFO - 31 09 4a 3c 00 0a 8e 00
INFO - 31 0b 8a 3c 00 0a a6 00
INFO - 31 0d ca 3c 00 0a a1 00
INFO - 31 10 0a 3c 00 0a b1 00
INFO - 31 12 4a 3c 00 0a 9f 00
INFO - 31 14 8a 3c 00 0a 72 00
INFO - 31 16 ca 3c 00 0a c7 00
INFO - 31 19 0a 3c 00 0a b4 00
INFO - 31 1b 4a 3c 00 0a b1 00
INFO - 31 1d 8a 3c 00 0a 97 00
INFO - 31 1f ca 3c 00 0a 9f 00
INFO - 31 20 0a 3c 00 0a 8c 00
INFO - 31 22 4a 3c 00 0a a5 00
INFO - 31 24 8a 3c 00 0a 9e 00
INFO - 31 26 ca 3c 00 0a 97 00
INFO - 31 28 0a 3c 00 0a 99 00
INFO - 31 2a 4a 3c 00 0a a9 00
INFO - 31 2c 8a 3c 00 0a c1 00
INFO - 31 2f ca 3c 00 0a af 00
INFO - 31 30 0a 3c 00 0a 9d 00
INFO - 31 32 4a 3c 00 0a 8a 00
INFO - 31 34 8a 3c 00 0a 8f 00
INFO - 31 35 ca 3c 00 0a 9c 00
INFO - 31 37 0a 3c 00 0a 98 00
INFO - 31 39 4a 3c 00 0a 9d 00
INFO - 31 3b 8a 3c 00 0a 95 00
INFO - 31 40 ca 3c 00 0b 29 00
INFO - 31 42 0a 3c 00 0a a3 00
INFO - 31 44 4a 3c 00 0a a7 00
INFO - 31 46 8a 3c 00 0a b6 00
INFO - 31 48 ca 3c 00 0a bb 00
INFO - 31 4b 0a 3c 00 0a a6 00
INFO - 31 4e 4a 3c 00 0a e5 00
INFO - 31 51 8a 3c 00 0a c0 00
INFO - 31 55 ca 3c 00 0a f8 00
INFO - 31 57 0a 3c 00 0a a1 00
INFO - 31 59 4a 3c 00 0a 73 00
INFO - 31 5b 8a 3c 00 0a c0 00
INFO - 31 5d ca 3c 00 0a 99 00
INFO - 31 5f 0a 3c 00 0a 93 00
INFO - 31 61 4a 3c 00 0a b5 00
INFO - 31 63 8a 3c 00 0a 92 00
INFO - 31 65 ca 3c 00 0a bb 00
INFO - 31 68 0a 3c 00 0a b8 00
INFO - 31 69 4a 3c 00 0a 92 00
INFO - 31 6d 8a 3c 00 0a e6 00
INFO - 31 6f ca 3c 00 0a ad 00
INFO - 31 71 0a 3c 00 0a b3 00
INFO - 31 73 4a 3c 00 0a 98 00
INFO - 31 75 8a 3c 00 0a 9b 00
INFO - 31 77 ca 3c 00 0a b3 00
INFO - 31 79 0a 3c 00 0a a1 00
INFO - 31 7a 4a 3c 00 0a 87 00
INFO - 31 7d 8a 3c 00 0a c5 00
INFO - 31 7f ca 3c 00 0a 9b 00
INFO - 31 81 0a 3c 00 0a af 00
INFO - 31 84 4a 3c 00 0a cd 00
INFO - 31 86 8a 3c 00 0a 9b 00
INFO - 31 87 ca 3c 00 0a 90 00
INFO - 31 8a 0a 3c 00 0a b8 00
INFO - 31 8c 4a 3c 00 0a ae 00
INFO - 31 8e 8a 3c 00 0a a4 00
INFO - 31 90 ca 3c 00 0a ae 00
INFO - 31 92 0a 3c 00 0a a5 00
INFO - 31 94 4a 3c 00 0a 9d 00
INFO - 31 98 8a 3c 00 0a 8e 00
INFO - 31 9b ca 3c 00 0a ad 00
INFO - 31 9d 0a 3c 00 0a b9 00
INFO - 31 9f 4a 3c 00 0a 8c 00
INFO - 31 a1 8a 3c 00 0a b9 00
INFO - 31 a3 ca 3c 00 0a 8c 00
INFO - 31 a5 0a 3c 00 0a a2 00
INFO - 31 a7 4a 3c 00 0a b9 00
INFO - 31 a9 8a 3c 00 0a aa 00
INFO - 31 ac ca 3c 00 0a b8 00
INFO - 31 ae 0a 3c 00 0a a9 00
INFO - 31 b0 4a 3c 00 0a b9 00
INFO - 31 b2 8a 3c 00 0a 8e 00
INFO - 31 b4 ca 3c 00 0a b2 00
INFO - 31 b5 0a 3c 00 0a 88 00
INFO - 31 b8 4a 3c 00 0a c6 00
INFO - 31 ba 8a 3c 00 0a 85 00
INFO - 31 bc ca 3c 00 0a b0 00
INFO - 31 bd 0a 3c 00 0a 95 00
INFO - 31 c0 4a 3c 00 0a ba 00
INFO - 31 c1 8a 3c 00 0a 8b 00
INFO - 31 c3 ca 3c 00 0a 8f 00
INFO - 31 c5 0a 3c 00 0a a6 00
INFO - 31 c7 4a 3c 00 0a b3 00
INFO - 31 c9 8a 3c 00 0a 8f 00
INFO - 31 ca ca 3c 00 0a 88 00
INFO - 31 cd 0a 3c 00 0a c6 00
INFO - 31 cf 4a 3c 00 0a 88 00
INFO - 31 d1 8a 3c 00 0a a8 00
INFO - 31 d2 ca 3c 00 0a 99 00
INFO - 31 d5 0a 3c 00 0a b8 00
INFO - 31 d6 4a 3c 00 0a 8c 00
INFO - 31 d8 8a 3c 00 0a a2 00
INFO - 31 db ca 3c 00 0a b8 00
INFO - 31 dc 0a 3c 00 0a 82 00
INFO - 31 de 4a 3c 00 0a ae 00
INFO - 31 e0 8a 3c 00 0a a8 00
INFO - 31 e3 ca 3c 00 0a aa 00
INFO - 31 e5 0a 3c 00 0a b9 00
INFO - 31 e7 4a 3c 00 0a b1 00
INFO - 31 e9 8a 3c 00 0a a5 00
INFO - 31 ec ca 3c 00 0a b1 00
INFO - 31 ed 0a 3c 00 0a 85 00
INFO - 31 ef 4a 3c 00 0a ae 00
INFO - 31 f1 8a 3c 00 0a 9d 00
INFO - 31 f4 ca 3c 00 0a c9 00
INFO - 31 f5 0a 3c 00 0a 87 00
INFO - 31 f8 4a 3c 00 0a bb 00
INFO - 31 f9 8a 3c 00 0a 92 00
INFO - 31 fb ca 3c 00 0a 9e 00
INFO - 31 fd 0a 3c 00 0a 8b 00
INFO - 32 04 4a 3c 00 0a b9 00
INFO - 32 05 8a 3c 00 0a 89 00
INFO - 32 07 ca 3c 00 0a a0 00
INFO - 32 09 0a 3c 00 0a af 00
INFO - 32 0b 4a 3c 00 0a aa 00
INFO - 32 0d 8a 3c 00 0a a3 00
INFO - 32 10 ca 3c 00 0a bb 00
INFO - 32 13 0a 3c 00 0a d3 00
INFO - 32 15 4a 3c 00 0a 9d 00
INFO - 32 17 8a 3c 00 0a bf 00
INFO - 32 18 ca 3c 00 0a 7f 00
INFO - 32 1b 0a 3c 00 0a d3 00
INFO - 32 1e 4a 3c 00 0a b8 00
INFO - 32 20 8a 3c 00 0a 9d 00
INFO - 32 21 ca 3c 00 0a 83 00
INFO - 32 24 0a 3c 00 0a cd 00
INFO - 32 26 4a 3c 00 0a a5 00
INFO - 32 28 8a 3c 00 0a b1 00
INFO - 32 2a ca 3c 00 0a 90 00
INFO - 32 2b 0a 3c 00 0a 84 00
INFO - 32 2d 4a 3c 00 0a 93 00
INFO - 32 2e 8a 3c 00 0a 8e 00
INFO - 32 30 ca 3c 00 0a 90 00
INFO - 32 31 0a 3c 00 0a 86 00
INFO - 32 33 4a 3c 00 0a 94 00
INFO - 32 34 8a 3c 00 0a 83 00
INFO - 32 36 ca 3c 00 0a 9d 00
INFO - 32 38 0a 3c 00 0a 8e 00
INFO - 32 3a 4a 3c 00 0a a7 00
INFO - 32 3c 8a 3c 00 0a aa 00
INFO - 32 3e ca 3c 00 0a 9e 00
INFO - 32 40 0a 3c 00 0a a0 00
INFO - 32 41 4a 3c 00 0a 90 00
INFO - 32 44 8a 3c 00 0a b1 00
INFO - 32 46 ca 3c 00 0a a0 00
INFO - 32 48 0a 3c 00 0a c1 00
INFO - 32 4a 4a 3c 00 0a 9d 00
INFO - 32 4c 8a 3c 00 0a b3 00
INFO - 32 51 ca 3c 00 0b 27 00
INFO - 32 53 0a 3c 00 0a aa 00
INFO - 32 54 4a 3c 00 0a 5f 00
INFO - 32 57 8a 3c 00 0a be 00
INFO - 32 59 ca 3c 00 0a af 00
INFO - 32 5b 0a 3c 00 0a 8c 00
INFO - 32 5d 4a 3c 00 0a 9c 00
INFO - 32 5e 8a 3c 00 0a 8f 00
INFO - 32 60 ca 3c 00 0a a9 00
INFO - 32 62 0a 3c 00 0a a6 00
INFO - 32 64 4a 3c 00 0a a1 00
INFO - 32 66 8a 3c 00 0a 7b 00
INFO - 32 67 ca 3c 00 0a 9f 00
INFO - 32 6a 0a 3c 00 0a ae 00
INFO - 32 6d 4a 3c 00 0a d9 00
INFO - 32 6f 8a 3c 00 0a a6 00
INFO - 32 70 ca 3c 00 0a 94 00
INFO - 32 72 0a 3c 00 0a 7b 00
INFO - 32 74 4a 3c 00 0a af 00
INFO - 32 76 8a 3c 00 0a b5 00
INFO - 32 78 ca 3c 00 0a 8b 00
INFO - 32 7b 0a 3c 00 0a cc 00
INFO - 32 7c 4a 3c 00 0a 8e 00
INFO - 32 7e 8a 3c 00 0a a3 00
INFO - 32 81 ca 3c 00 0a c0 00
INFO - 32 83 0a 3c 00 0a b3 00
INFO - 32 85 4a 3c 00 0a b0 00
INFO - 32 87 8a 3c 00 0a a3 00
INFO - 32 89 ca 3c 00 0a ad 00
INFO - 32 8c 0a 3c 00 0a ad 00
INFO - 32 8d 4a 3c 00 0a 8d 00
INFO - 32 8f 8a 3c 00 0a 93 00
INFO - 32 91 ca 3c 00 0a ae 00
INFO - 32 94 0a 3c 00 0a b8 00
INFO - 32 96 4a 3c 00 0a b0 00
INFO - 32 98 8a 3c 00 0a a4 00
INFO - 32 9a ca 3c 00 0a 97 00
INFO - 32 9b 0a 3c 00 0a 96 00
INFO - 32 9d 4a 3c 00 0a 9e 00
INFO - 32 9f 8a 3c 00 0a ad 00
INFO - 32 a2 ca 3c 00 0a b8 00
INFO - 32 a4 0a 3c 00 0a b7 00
INFO - 32 a6 4a 3c 00 0a 8f 00
INFO - 32 a8 8a 3c 00 0a c3 00
INFO - 32 aa ca 3c 00 0a 7b 00
INFO - 32 ab 0a 3c 00 0a 8b 00
INFO - 32 ad 4a 3c 00 0a b2 00
INFO - 32 af 8a 3c 00 0a a9 00
INFO - 32 b1 ca 3c 00 0a 98 00
INFO - 32 b3 0a 3c 00 0a ad 00
INFO - 32 b5 4a 3c 00 0a 99 00
INFO - 32 b7 8a 3c 00 0a 8e 00
INFO - 32 b9 ca 3c 00 0a b7 00
INFO - 32 bc 0a 3c 00 0a b9 00
INFO - 32 bd 4a 3c 00 0a 8c 00
INFO - 32 bf 8a 3c 00 0a a7 00
INFO - 32 c1 ca 3c 00 0a 9f 00
INFO - 32 c3 0a 3c 00 0a a2 00
INFO - 32 c5 4a 3c 00 0a 93 00
INFO - 32 c6 8a 3c 00 0a 96 00
INFO - 32 c8 ca 3c 00 0a 9c 00
INFO - 32 ca 0a 3c 00 0a aa 00
INFO - 32 cd 4a 3c 00 0a a7 00
INFO - 32 ce 8a 3c 00 0a 9f 00
INFO - 32 d1 ca 3c 00 0a a8 00
INFO - 32 d2 0a 3c 00 0a 9f 00
INFO - 32 d5 4a 3c 00 0a a8 00
INFO - 32 d7 8a 3c 00 0a c7 00
INFO - 32 d9 ca 3c 00 0a 8a 00
INFO - 32 db 0a 3c 00 0a a1 00
INFO - 32 dd 4a 3c 00 0a bb 00
INFO - 32 df 8a 3c 00 0a a5 00
INFO - 32 e1 ca 3c 00 0a 96 00
INFO - 32 e4 0a 3c 00 0a c6 00
INFO - 32 e5 4a 3c 00 0a 9a 00
INFO - 32 e7 8a 3c 00 0a 86 00
INFO - 32 e9 ca 3c 00 0a ab 00
INFO - 32 ec 0a 3c 00 0a c6 00
INFO - 32 ee 4a 3c 00 0a 9a 00
INFO - 32 f0 8a 3c 00 0a c2 00
INFO - 32 f2 ca 3c 00 0a af 00
INFO - 32 f4 0a 3c 00 0a 7c 00
INFO - 32 f6 4a 3c 00 0a ae 00
INFO - 32 f8 8a 3c 00 0a a5 00
INFO - 32 fa ca 3c 00 0a c2 00
INFO - 32 fd 0a 3c 00 0a ae 00
INFO - 32 fe 4a 3c 00 0a 90 00
INFO - 33 01 8a 3c 00 0a c3 00
INFO - 33 03 ca 3c 00 0a a5 00
INFO - 33 05 0a 3c 00 0a 9a 00
INFO - 33 07 4a 3c 00 0a ae 00
INFO - 33 08 8a 3c 00 0a 87 00
INFO - 33 0b ca 3c 00 0a c6 00
INFO - 33 0d 0a 3c 00 0a a1 00
INFO - 33 0f 4a 3c 00 0a 9b 00
INFO - 33 10 8a 3c 00 0a 87 00
INFO - 33 13 ca 3c 00 0a d1 00
INFO - 33 15 0a 3c 00 0a ab 00
INFO - 33 18 4a 3c 00 0a c6 00
INFO - 33 1a 8a 3c 00 0a ab 00
INFO - 33 1c ca 3c 00 0a 87 00
INFO - 33 1e 0a 3c 00 0a 9e 00
INFO - 33 1f 4a 3c 00 0a 8d 00
INFO - 33 21 8a 3c 00 0a 9e 00
INFO - 33 22 ca 3c 00 0a 6e 00
INFO - 33 25 0a 3c 00 0a d1 00
INFO - 33 28 4a 3c 00 0a dd 00
INFO - 33 2a 8a 3c 00 0a 9f 00
INFO - 33 2c ca 3c 00 0a ba 00
INFO - 33 2e 0a 3c 00 0a a5 00
INFO - 33 31 4a 3c 00 0a af 00
INFO - 33 33 8a 3c 00 0a bf 00
INFO - 33 35 ca 3c 00 0a 8a 00
INFO - 33 37 0a 3c 00 0a a5 00
INFO - 33 38 4a 3c 00 0a 83 00
INFO - 33 3a 8a 3c 00 0a 91 00
INFO - 33 3c ca 3c 00 0a b0 00
INFO - 33 3e 0a 3c 00 0a 8a 00
INFO - 33 40 4a 3c 00 0a bd 00
INFO - 33 42 8a 3c 00 0a 91 00
INFO - 33 44 ca 3c 00 0a ab 00
INFO - 33 45 0a 3c 00 0a 91 00
INFO - 33 48 4a 3c 00 0a a5 00
INFO - 33 49 8a 3c 00 0a 87 00
INFO - 33 4b ca 3c 00 0a a5 00
INFO - 33 4d 0a 3c 00 0a b9 00
INFO - 33 4f 4a 3c 00 0a 91 00
INFO - 33 52 8a 3c 00 0a bd 00
INFO - 33 53 ca 3c 00 0a 98 00
INFO - 33 55 0a 3c 00 0a 87 00
INFO - 33 56 4a 3c 00 0a 95 00
INFO - 33 5c 8a 3c 00 0b 57 00
INFO - 33 5e ca 3c 00 0a a5 00
INFO - 33 60 0a 3c 00 0a 91 00
INFO - 33 62 4a 3c 00 0a 70 00
INFO - 33 63 8a 3c 00 0a 87 00
INFO - 33 65 ca 3c 00 0a 97 00
INFO - 33 67 0a 3c 00 0a 95 00
INFO - 33 68 4a 3c 00 0a 97 00
INFO - 33 6a 8a 3c 00 0a 9f 00
INFO - 33 6c ca 3c 00 0a a2 00
INFO - 33 6e 0a 3c 00 0a 87 00
INFO - 33 70 4a 3c 00 0a 9f 00
INFO - 33 72 8a 3c 00 0a af 00
INFO - 33 74 ca 3c 00 0a a2 00
INFO - 33 76 0a 3c 00 0a bd 00
INFO - 33 79 4a 3c 00 0a d4 00
INFO - 33 7c 8a 3c 00 0a b3 00
INFO - 33 7e ca 3c 00 0a a5 00
INFO - 33 7f 0a 3c 00 0a 87 00
INFO - 33 81 4a 3c 00 0a a5 00
INFO - 33 83 8a 3c 00 0a 91 00
INFO - 33 85 ca 3c 00 0a af 00
INFO - 33 87 0a 3c 00 0a b0 00
INFO - 33 89 4a 3c 00 0a 9b 00
INFO - 33 8b 8a 3c 00 0a 8e 00
INFO - 33 8c ca 3c 00 0a 94 00
INFO - 33 8e 0a 3c 00 0a a5 00
INFO - 33 90 4a 3c 00 0a 9b 00
INFO - 33 92 8a 3c 00 0a 91 00
INFO - 33 93 ca 3c 00 0a 91 00
INFO - 33 95 0a 3c 00 0a a5 00
INFO - 33 97 4a 3c 00 0a a5 00
INFO - 33 99 8a 3c 00 0a 9b 00
INFO - 33 9b ca 3c 00 0a 9d 00
INFO - 33 9e 0a 3c 00 0a b6 00
INFO - 33 a0 4a 3c 00 0a c6 00
INFO - 33 a3 8a 3c 00 0a b6 00
INFO - 33 a5 ca 3c 00 0a cd 00
INFO - 33 a7 0a 3c 00 0a 9e 00
INFO - 33 ab 4a 3c 00 0a eb 00
INFO - 33 ae 8a 3c 00 0a eb 00
INFO - 33 b0 ca 3c 00 0a 91 00
INFO - 33 b1 0a 3c 00 0a 8d 00
INFO - 33 b3 4a 3c 00 0a 9b 00
INFO - 33 b6 8a 3c 00 0a cd 00
INFO - 33 b9 ca 3c 00 0a c6 00
INFO - 33 ba 0a 3c 00 0a 86 00
INFO - 33 bd 4a 3c 00 0a c3 00
INFO - 33 bf 8a 3c 00 0a a1 00
INFO - 33 c1 ca 3c 00 0a 9e 00
INFO - 33 c3 0a 3c 00 0a ae 00
INFO - 33 c5 4a 3c 00 0a 9a 00
INFO - 33 c7 8a 3c 00 0a a4 00
INFO - 33 c9 ca 3c 00 0a 9a 00
INFO - 33 cc 0a 3c 00 0a d3 00
INFO - 33 cd 4a 3c 00 0a 94 00
INFO - 33 cf 8a 3c 00 0a 90 00
INFO - 33 d1 ca 3c 00 0a b8 00
INFO - 33 d3 0a 3c 00 0a a5 00
INFO - 33 d5 4a 3c 00 0a 90 00
INFO - 33 d7 8a 3c 00 0a b8 00
INFO - 33 d9 ca 3c 00 0a a4 00
INFO - 33 db 0a 3c 00 0a 90 00
INFO - 33 dd 4a 3c 00 0a 9a 00
INFO - 33 df 8a 3c 00 0a b8 00
INFO - 33 e1 ca 3c 00 0a a5 00
INFO - 33 e4 0a 3c 00 0a b8 00
INFO - 33 e5 4a 3c 00 0a 90 00
INFO - 33 e7 8a 3c 00 0a 9a 00
INFO - 33 e9 ca 3c 00 0a 90 00
INFO - 33 eb 0a 3c 00 0a a4 00
INFO - 33 ed 4a 3c 00 0a ae 00
INFO - 33 ee 8a 3c 00 0a 86 00
INFO - 33 f0 ca 3c 00 0a 7e 00
INFO - 33 f2 0a 3c 00 0a a1 00
INFO - 33 f8 4a 3c 00 0a b6 00
INFO - 33 fa 8a 3c 00 0a a7 00
INFO - 33 fc ca 3c 00 0a 97 00
INFO - 33 ff 0a 3c 00 0a b8 00
INFO - 34 00 4a 3c 00 0a 89 00
INFO - 34 02 8a 3c 00 0a 9a 00
INFO - 34 04 ca 3c 00 0a aa 00
INFO - 34 07 0a 3c 00 0a d9 00
INFO - 34 09 4a 3c 00 0a 8d 00
INFO - 34 0b 8a 3c 00 0a cf 00
INFO - 34 0d ca 3c 00 0a 86 00
INFO - 34 0f 0a 3c 00 0a a1 00
INFO - 34 11 4a 3c 00 0a a7 00
INFO - 34 14 8a 3c 00 0a cc 00
INFO - 34 15 ca 3c 00 0a 86 00
INFO - 34 17 0a 3c 00 0a a1 00
INFO - 34 19 4a 3c 00 0a a7 00
INFO - 34 1d 8a 3c 00 0a e9 00
INFO - 34 1f ca 3c 00 0a ae 00
INFO - 34 21 0a 3c 00 0a 9a 00
INFO - 34 22 4a 3c 00 0a 8f 00
INFO - 34 24 8a 3c 00 0a ae 00
INFO - 34 26 ca 3c 00 0a 8f 00
INFO - 34 28 0a 3c 00 0a 9a 00
INFO - 34 2a 4a 3c 00 0a 9c 00
INFO - 34 2c 8a 3c 00 0a a2 00
INFO - 34 2d ca 3c 00 0a 68 00
INFO - 34 30 0a 3c 00 0a d9 00
INFO - 34 32 4a 3c 00 0a aa 00
INFO - 34 34 8a 3c 00 0a 90 00
INFO - 34 37 ca 3c 00 0a c5 00
INFO - 34 39 0a 3c 00 0a ab 00
INFO - 34 3b 4a 3c 00 0a a5 00
INFO - 34 3c 8a 3c 00 0a 86 00
INFO - 34 3e ca 3c 00 0a 94 00
INFO - 34 41 0a 3c 00 0a c0 00
INFO - 34 43 4a 3c 00 0a c6 00
INFO - 34 45 8a 3c 00 0a 8e 00
INFO - 34 47 ca 3c 00 0a a8 00
INFO - 34 48 0a 3c 00 0a 7a 00
INFO - 34 4a 4a 3c 00 0a b3 00
INFO - 34 4c 8a 3c 00 0a a2 00
INFO - 34 4e ca 3c 00 0a 9f 00
INFO - 34 50 0a 3c 00 0a 98 00
INFO - 34 52 4a 3c 00 0a 95 00
INFO - 34 54 8a 3c 00 0a b0 00
INFO - 34 56 ca 3c 00 0a 8f 00
INFO - 34 58 0a 3c 00 0a aa 00
INFO - 34 59 4a 3c 00 0a 88 00
INFO - 34 5c 8a 3c 00 0a c2 00
INFO - 34 5e ca 3c 00 0a aa 00
INFO - 34 60 0a 3c 00 0a b1 00
INFO - 34 63 4a 3c 00 0a b2 00
INFO - 34 65 8a 3c 00 0a b2 00
INFO - 34 68 ca 3c 00 0a db 00
INFO - 34 6c 0a 3c 00 0b 1a 00
INFO - 34 6e 4a 3c 00 0a a8 00
INFO - 34 71 8a 3c 00 0a b3 00
INFO - 34 73 ca 3c 00 0a bd 00
INFO - 34 76 0a 3c 00 0a d2 00
INFO - 34 78 4a 3c 00 0a 89 00
INFO - 34 7a 8a 3c 00 0a 9e 00
INFO - 34 7c ca 3c 00 0a 9f 00
INFO - 34 7f 0a 3c 00 0a de 00
INFO - 34 80 4a 3c 00 0a 94 00
INFO - 34 82 8a 3c 00 0a a2 00
INFO - 34 84 ca 3c 00 0a 91 00
INFO - 34 86 0a 3c 00 0a 95 00
INFO - 34 87 4a 3c 00 0a 98 00
INFO - 34 89 8a 3c 00 0a 94 00
INFO - 34 8b ca 3c 00 0a 9c 00
INFO - 34 8d 0a 3c 00 0a 95 00
INFO - 34 8f 4a 3c 00 0a b9 00
INFO - 34 91 8a 3c 00 0a 87 00
INFO - 34 93 ca 3c 00 0a 9f 00
INFO - 34 95 0a 3c 00 0a a4 00
INFO - 34 98 4a 3c 00 0a f2 00
INFO - 34 9a 8a 3c 00 0a a3 00
INFO - 34 9c ca 3c 00 0a 93 00
INFO - 34 9e 0a 3c 00 0a 99 00
INFO - 34 a0 4a 3c 00 0a ab 00
INFO - 34 a2 8a 3c 00 0a a8 00
INFO - 34 a5 ca 3c 00 0a cf 00
INFO - 34 a6 0a 3c 00 0a 88 00
INFO - 34 a9 4a 3c 00 0a ba 00
INFO - 34 ab 8a 3c 00 0a b7 00
INFO - 34 ae ca 3c 00 0a c2 00
INFO - 34 b1 0a 3c 00 0a e2 00
INFO - 34 b2 4a 3c 00 0a 88 00
INFO - 34 b5 8a 3c 00 0a d1 00
INFO - 34 b7 ca 3c 00 0a a1 00
INFO - 34 b9 0a 3c 00 0a ad 00
INFO - 34 bb 4a 3c 00 0a a1 00
INFO - 34 bd 8a 3c 00 0a 8b 00
INFO - 34 c0 ca 3c 00 0a c2 00
INFO - 34 c2 0a 3c 00 0a ac 00
INFO - 34 c4 4a 3c 00 0a a2 00
INFO - 34 c7 8a 3c 00 0a d7 00
INFO - 34 ca ca 3c 00 0a db 00
INFO - 34 cc 0a 3c 00 0a b4 00
INFO - 34 ce 4a 3c 00 0a 97 00
INFO - 34 d0 8a 3c 00 0a b7 00
INFO - 34 d2 ca 3c 00 0a 97 00
INFO - 34 d5 0a 3c 00 0a d1 00
INFO - 34 d6 4a 3c 00 0a 7e 00
INFO - 34 d9 8a 3c 00 0a bc 00
INFO - 34 db ca 3c 00 0a a9 00
INFO - 34 de 0a 3c 00 0a c7 00
INFO - 34 e0 4a 3c 00 0a c9 00
INFO - 34 e3 8a 3c 00 0a be 00
INFO - 34 e5 ca 3c 00 0a a7 00
INFO - 34 e7 0a 3c 00 0a b6 00
INFO - 34 e9 4a 3c 00 0a 92 00
INFO - 34 ec 8a 3c 00 0a d0 00
INFO - 34 ef ca 3c 00 0a c6 00
INFO - 34 f1 0a 3c 00 0a b5 00
INFO - 34 f3 4a 3c 00 0a bf 00
INFO - 34 f5 8a 3c 00 0a 83 00
INFO - 34 f8 ca 3c 00 0a c6 00
INFO - 34 f9 0a 3c 00 0a 99 00
INFO - 34 fc 4a 3c 00 0a ad 00
INFO - 34 fe 8a 3c 00 0a b2 00
INFO - 35 00 ca 3c 00 0a 99 00
INFO - 35 01 0a 3c 00 0a 99 00
INFO - 35 03 4a 3c 00 0a a5 00
INFO - 35 06 8a 3c 00 0a c5 00
INFO - 35 09 ca 3c 00 0a e7 00
INFO - 35 0c 0a 3c 00 0a be 00
INFO - 35 0e 4a 3c 00 0a a1 00
INFO - 35 10 8a 3c 00 0a a5 00
INFO - 35 12 ca 3c 00 0a a4 00
INFO - 35 14 0a 3c 00 0a a5 00
INFO - 35 15 4a 3c 00 0a 82 00
INFO - 35 18 8a 3c 00 0a bf 00
INFO - 35 1a ca 3c 00 0a a0 00
INFO - 35 1c 0a 3c 00 0a ba 00
INFO - 35 1e 4a 3c 00 0a a4 00
INFO - 35 21 8a 3c 00 0a dc 00
INFO - 35 24 ca 3c 00 0a b4 00
INFO - 35 26 0a 3c 00 0a ab 00
INFO - 35 28 4a 3c 00 0a a9 00
INFO - 35 2a 8a 3c 00 0a 89 00
INFO - 35 2b ca 3c 00 0a 9e 00
INFO - 35 2d 0a 3c 00 0a 8e 00
INFO - 35 2f 4a 3c 00 0a 99 00
INFO - 35 30 8a 3c 00 0a 8a 00
INFO - 35 33 ca 3c 00 0a d1 00
INFO - 35 35 0a 3c 00 0a a7 00
INFO - 35 38 4a 3c 00 0a c3 00
INFO - 35 3a 8a 3c 00 0a 9d 00
INFO - 35 3c ca 3c 00 0a c5 00
INFO - 35 3e 0a 3c 00 0a a1 00
INFO - 35 41 4a 3c 00 0a ca 00
INFO - 35 44 8a 3c 00 0a bb 00
INFO - 35 45 ca 3c 00 0a 8a 00
INFO - 35 48 0a 3c 00 0a d6 00
INFO - 35 4b 4a 3c 00 0a 89 00
INFO - 35 4e 8a 3c 00 0a e8 00
INFO - 35 52 ca 3c 00 0a e8 00
INFO - 35 54 0a 3c 00 0a bc 00
INFO - 35 56 4a 3c 00 0a a5 00
INFO - 35 59 8a 3c 00 0a b1 00
INFO - 35 5a ca 3c 00 0a 9a 00
INFO - 35 5c 0a 3c 00 0a 92 00
INFO - 35 5f 4a 3c 00 0a db 00
INFO - 35 61 8a 3c 00 0a b0 00
INFO - 35 64 ca 3c 00 0a c8 00
INFO - 35 66 0a 3c 00 0a 94 00
INFO - 35 68 4a 3c 00 0a ad 00
INFO - 35 6b 8a 3c 00 0a bd 00
INFO - 35 6c ca 3c 00 0a 94 00
INFO - 35 6e 0a 3c 00 0a 96 00
INFO - 35 70 4a 3c 00 0a 9b 00
INFO - 35 72 8a 3c 00 0a 9f 00
INFO - 35 74 ca 3c 00 0a 96 00
INFO - 35 76 0a 3c 00 0a b7 00
INFO - 35 78 4a 3c 00 0a 90 00
INFO - 35 7a 8a 3c 00 0a b9 00
INFO - 35 7d ca 3c 00 0a c1 00
INFO - 35 7f 0a 3c 00 0a b9 00
INFO - 35 81 4a 3c 00 0a b7 00
INFO - 35 84 8a 3c 00 0a ae 00
INFO - 35 86 ca 3c 00 0a ac 00
INFO - 35 88 0a 3c 00 0a 9c 00
INFO - 35 89 4a 3c 00 0a 9c 00
INFO - 35 8c 8a 3c 00 0a b3 00
INFO - 35 8f ca 3c 00 0a db 00
INFO - 35 95 0a 3c 00 0b 85 00
INFO - 35 98 4a 3c 00 0a a7 00
INFO - 35 99 8a 3c 00 0a 9c 00
INFO - 35 9b ca 3c 00 0a a9 00
INFO - 35 9d 0a 3c 00 0a 9c 00
INFO - 35 9f 4a 3c 00 0a a8 00
INFO - 35 a2 8a 3c 00 0a b3 00
INFO - 35 a5 ca 3c 00 0a e1 00
INFO - 35 a7 0a 3c 00 0a 9c 00
INFO - 35 aa 4a 3c 00 0a ca 00
INFO - 35 ac 8a 3c 00 0a a9 00
INFO - 35 ae ca 3c 00 0a b3 00
INFO - 35 b0 0a 3c 00 0a b7 00
INFO - 35 b3 4a 3c 00 0a d3 00
INFO - 35 b6 8a 3c 00 0a ce 00
INFO - 35 b9 ca 3c 00 0a b0 00
INFO - 35 bb 0a 3c 00 0a a8 00
INFO - 35 bd 4a 3c 00 0a a0 00
INFO - 35 bf 8a 3c 00 0a a4 00
INFO - 35 c3 ca 3c 00 0b 1f 00
INFO - 35 c6 0a 3c 00 0a bf 00
INFO - 35 c7 4a 3c 00 0a 92 00
INFO - 35 cb 8a 3c 00 0a e1 00
INFO - 35 cd ca 3c 00 0a b0 00
INFO - 35 cf 0a 3c 00 0a c4 00
INFO - 35 d3 4a 3c 00 0b 05 00
INFO - 35 d6 8a 3c 00 0a b4 00
INFO - 35 d9 ca 3c 00 0a d3 00
INFO - 35 db 0a 3c 00 0a ac 00
INFO - 35 dd 4a 3c 00 0a 92 00
INFO - 35 df 8a 3c 00 0a a9 00
INFO - 35 e1 ca 3c 00 0a cb 00
INFO - 35 e4 0a 3c 00 0a c3 00
INFO - 35 e6 4a 3c 00 0a 89 00
INFO - 35 ea 8a 3c 00 0a f3 00
INFO - 35 ec ca 3c 00 0a b1 00
INFO - 35 ef 0a 3c 00 0a cf 00
INFO - 35 f2 4a 3c 00 0a b5 00
INFO - 35 f4 8a 3c 00 0a b9 00
INFO - 35 f6 ca 3c 00 0a a5 00
INFO - 35 f9 0a 3c 00 0a c0 00
INFO - 35 fa 4a 3c 00 0a 92 00
INFO - 35 fe 8a 3c 00 0a d8 00
INFO - 36 00 ca 3c 00 0a ad 00
INFO - 36 03 0a 3c 00 0a ca 00
INFO - 36 04 4a 3c 00 0a 95 00
INFO - 36 07 8a 3c 00 0a be 00
INFO - 36 09 ca 3c 00 0a 7b 00
INFO - 36 0c 0a 3c 00 0a d1 00
INFO - 36 0e 4a 3c 00 0a 8e 00
INFO - 36 10 8a 3c 00 0a b5 00
INFO - 36 12 ca 3c 00 0a ba 00
INFO - 36 14 0a 3c 00 0a 8e 00
INFO - 36 16 4a 3c 00 0a 96 00
INFO - 36 18 8a 3c 00 0a 9b 00
INFO - 36 1a ca 3c 00 0a ad 00
INFO - 36 1b 0a 3c 00 0a 87 00
INFO - 36 1e 4a 3c 00 0a da 00
INFO - 36 21 8a 3c 00 0a b5 00
INFO - 36 23 ca 3c 00 0a b7 00
INFO - 36 25 0a 3c 00 0a 8d 00
INFO - 36 27 4a 3c 00 0a bb 00
INFO - 36 29 8a 3c 00 0a a9 00
INFO - 36 2c ca 3c 00 0a d6 00
INFO - 36 2f 0a 3c 00 0a d1 00
INFO - 36 33 4a 3c 00 0a f1 00
INFO - 36 35 8a 3c 00 0a c2 00
INFO - 36 37 ca 3c 00 0a 9e 00
INFO - 36 3c 0a 3c 00 0b 16 00
INFO - 36 3e 4a 3c 00 0a b6 00
INFO - 36 41 8a 3c 00 0a b8 00
INFO - 36 43 ca 3c 00 0a aa 00
INFO - 36 45 0a 3c 00 0a af 00
INFO - 36 47 4a 3c 00 0a a8 00
INFO - 36 4a 8a 3c 00 0a e6 00
INFO - 36 4d ca 3c 00 0a bb 00
INFO - 36 50 0a 3c 00 0a ee 00
INFO - 36 52 4a 3c 00 0a 92 00
INFO - 36 54 8a 3c 00 0a a5 00
INFO - 36 56 ca 3c 00 0a a7 00
INFO - 36 58 0a 3c 00 0a ae 00
INFO - 36 5a 4a 3c 00 0a 9c 00
INFO - 36 5d 8a 3c 00 0a c7 00
INFO - 36 5f ca 3c 00 0a 9a 00
INFO - 36 62 0a 3c 00 0a dd 00
INFO - 36 64 4a 3c 00 0a 92 00
INFO - 36 67 8a 3c 00 0a d5 00
INFO - 36 6a ca 3c 00 0a d6 00
INFO - 36 6c 0a 3c 00 0a b0 00
INFO - 36 6f 4a 3c 00 0a c4 00
INFO - 36 71 8a 3c 00 0a ab 00
INFO - 36 74 ca 3c 00 0a cf 00
INFO - 36 76 0a 3c 00 0a ab 00
INFO - 36 79 4a 3c 00 0a da 00
INFO - 36 7c 8a 3c 00 0a ce 00
INFO - 36 7f ca 3c 00 0a ce 00
INFO - 36 81 0a 3c 00 0a ab 00
INFO - 36 83 4a 3c 00 0a c2 00
INFO - 36 86 8a 3c 00 0a aa 00
INFO - 36 88 ca 3c 00 0a b6 00
INFO - 36 8a 0a 3c 00 0a a9 00
INFO - 36 8c 4a 3c 00 0a b6 00
INFO - 36 8f 8a 3c 00 0a b6 00
INFO - 36 92 ca 3c 00 0a d8 00
INFO - 36 94 0a 3c 00 0a b4 00
INFO - 36 96 4a 3c 00 0a aa 00
INFO - 36 99 8a 3c 00 0a 75 00
INFO - 36 9b ca 3c 00 0a b4 00
INFO - 36 9d 0a 3c 00 0a 9d 00
INFO - 36 9f 4a 3c 00 0a b2 00
INFO - 36 a2 8a 3c 00 0a c4 00
INFO - 36 a4 ca 3c 00 0a 99 00
INFO - 36 a5 0a 3c 00 0a 9c 00
INFO - 36 a7 4a 3c 00 0a 9c 00
INFO - 36 aa 8a 3c 00 0a be 00
INFO - 36 ab ca 3c 00 0a 91 00
INFO - 36 ae 0a 3c 00 0a b3 00
INFO - 36 af 4a 3c 00 0a 95 00
INFO - 36 b3 8a 3c 00 0a e9 00
INFO - 36 b5 ca 3c 00 0a a8 00
INFO - 36 b8 0a 3c 00 0a c3 00
INFO - 36 b9 4a 3c 00 0a 99 00
INFO - 36 bc 8a 3c 00 0a b3 00
INFO - 36 be ca 3c 00 0a a8 00
INFO - 36 c1 0a 3c 00 0a db 00
INFO - 36 c3 4a 3c 00 0a a4 00
INFO - 36 c6 8a 3c 00 0a cf 00
INFO - 36 c7 ca 3c 00 0a 85 00
INFO - 36 cc 0a 3c 00 0b 17 00
INFO - 36 ce 4a 3c 00 0a a8 00
INFO - 36 d1 8a 3c 00 0a cf 00
INFO - 36 d3 ca 3c 00 0a a8 00
INFO - 36 d6 0a 3c 00 0a d5 00
INFO - 36 d8 4a 3c 00 0a ae 00
INFO - 36 db 8a 3c 00 0a c2 00
INFO - 36 dd ca 3c 00 0a ba 00
INFO - 36 df 0a 3c 00 0a aa 00
INFO - 36 e2 4a 3c 00 0a b2 00
INFO - 36 e4 8a 3c 00 0a b9 00
INFO - 36 e7 ca 3c 00 0a c1 00
INFO - 36 e8 0a 3c 00 0a 97 00
INFO - 36 eb 4a 3c 00 0a d7 00
INFO - 36 ed 8a 3c 00 0a a2 00
INFO - 36 f0 ca 3c 00 0a d7 00
INFO - 36 f3 0a 3c 00 0a c4 00
INFO - 36 f6 4a 3c 00 0a cd 00
INFO - 36 f8 8a 3c 00 0a a1 00
INFO - 36 fa ca 3c 00 0a aa 00
INFO - 36 fc 0a 3c 00 0a a6 00
INFO - 36 ff 4a 3c 00 0a b9 00
INFO - 37 01 8a 3c 00 0a aa 00
INFO - 37 03 ca 3c 00 0a bd 00
INFO - 37 06 0a 3c 00 0a bd 00
INFO - 37 09 4a 3c 00 0a 90 00
INFO - 37 0b 8a 3c 00 0a af 00
INFO - 37 0e ca 3c 00 0a e2 00
INFO - 37 11 0a 3c 00 0a b2 00
INFO - 37 14 4a 3c 00 0a c8 00
INFO - 37 16 8a 3c 00 0a b2 00
INFO - 37 18 ca 3c 00 0a 9a 00
INFO - 37 19 0a 3c 00 0a 9a 00
INFO - 37 1c 4a 3c 00 0a ad 00
INFO - 37 1e 8a 3c 00 0a c9 00
INFO - 37 21 ca 3c 00 0a d0 00
INFO - 37 23 0a 3c 00 0a a1 00
INFO - 37 26 4a 3c 00 0a d0 00
INFO - 37 28 8a 3c 00 0a a3 00
INFO - 37 2b ca 3c 00 0a d5 00
INFO - 37 2d 0a 3c 00 0a 92 00
INFO - 37 2f 4a 3c 00 0a b9 00
INFO - 37 32 8a 3c 00 0a b0 00
INFO - 37 34 ca 3c 00 0a ad 00
INFO - 37 37 0a 3c 00 0a d3 00
INFO - 37 38 4a 3c 00 0a 95 00
INFO - 37 3c 8a 3c 00 0a dd 00
INFO - 37 3e ca 3c 00 0a a8 00
INFO - 37 3f 0a 3c 00 0a 89 00
INFO - 37 42 4a 3c 00 0a c7 00
INFO - 37 44 8a 3c 00 0a 90 00
INFO - 37 46 ca 3c 00 0a a2 00
INFO - 37 47 0a 3c 00 0a 89 00
INFO - 37 49 4a 3c 00 0a 9c 00
INFO - 37 4b 8a 3c 00 0a a7 00
INFO - 37 4d ca 3c 00 0a 9d 00
INFO - 37 4f 0a 3c 00 0a 99 00
INFO - 37 51 4a 3c 00 0a c0 00
INFO - 37 53 8a 3c 00 0a 88 00
INFO - 37 55 ca 3c 00 0a c4 00
INFO - 37 58 0a 3c 00 0a ba 00
INFO - 37 5a 4a 3c 00 0a 9c 00
INFO - 37 5c 8a 3c 00 0a c5 00
INFO - 37 5e ca 3c 00 0a 9c 00
INFO - 37 62 0a 3c 00 0a e3 00
INFO - 37 63 4a 3c 00 0a 9b 00
INFO - 37 67 8a 3c 00 0a 92 00
INFO - 37 69 ca 3c 00 0a c4 00
INFO - 37 6b 0a 3c 00 0a 87 00
INFO - 37 6d 4a 3c 00 0a 9b 00
INFO - 37 6e 8a 3c 00 0a 87 00
INFO - 37 70 ca 3c 00 0a 8f 00
INFO - 37 72 0a 3c 00 0a a8 00
INFO - 37 73 4a 3c 00 0a 7d 00
INFO - 37 75 8a 3c 00 0a af 00
INFO - 37 77 ca 3c 00 0a 91 00
INFO - 37 79 0a 3c 00 0a a6 00
INFO - 37 7b 4a 3c 00 0a 98 00
INFO - 37 7d 8a 3c 00 0a a1 00
INFO - 37 7f ca 3c 00 0a b8 00
INFO - 37 81 0a 3c 00 0a 9c 00
INFO - 37 83 4a 3c 00 0a ba 00
INFO - 37 86 8a 3c 00 0a a6 00
INFO - 37 87 ca 3c 00 0a 88 00
INFO - 37 8a 0a 3c 00 0a d8 00
INFO - 37 8d 4a 3c 00 0a bb 00
INFO - 37 8f 8a 3c 00 0a b8 00
INFO - 37 91 ca 3c 00 0a 98 00
INFO - 37 93 0a 3c 00 0a 95 00
INFO - 37 95 4a 3c 00 0a b9 00
INFO - 37 97 8a 3c 00 0a 92 00
INFO - 37 98 ca 3c 00 0a 96 00
INFO - 37 9c 0a 3c 00 0a e4 00
INFO - 37 9d 4a 3c 00 0a 86 00
INFO - 37 9f 8a 3c 00 0a a4 00
INFO - 37 a1 ca 3c 00 0a a0 00
INFO - 37 a3 0a 3c 00 0a 9e 00
INFO - 37 a5 4a 3c 00 0a ae 00
INFO - 37 a7 8a 3c 00 0a ab 00
INFO - 37 a9 ca 3c 00 0a 90 00
INFO - 37 ab 0a 3c 00 0a 95 00
INFO - 37 ad 4a 3c 00 0a a2 00
INFO - 37 af 8a 3c 00 0a b7 00
INFO - 37 b1 ca 3c 00 0a 9a 00
INFO - 37 b3 0a 3c 00 0a b7 00
INFO - 37 b5 4a 3c 00 0a 99 00
INFO - 37 b7 8a 3c 00 0a 9a 00
INFO - 37 b9 ca 3c 00 0a a4 00
INFO - 37 bc 0a 3c 00 0a c1 00
INFO - 37 be 4a 3c 00 0a b4 00
INFO - 37 c0 8a 3c 00 0a 93 00
INFO - 37 c1 ca 3c 00 0a 7c 00
INFO - 37 c3 0a 3c 00 0a 9a 00
INFO - 37 c4 4a 3c 00 0a 91 00
INFO - 37 c6 8a 3c 00 0a 8f 00
INFO - 37 c8 ca 3c 00 0a 97 00
INFO - 37 c9 0a 3c 00 0a 9c 00
INFO - 37 cc 4a 3c 00 0a ad 00
INFO - 37 cd 8a 3c 00 0a 7b 00
INFO - 37 cf ca 3c 00 0a b4 00
INFO - 37 d1 0a 3c 00 0a 9c 00
INFO - 37 d3 4a 3c 00 0a ad 00
INFO - 37 d5 8a 3c 00 0a ad 00
INFO - 37 d7 ca 3c 00 0a a3 00
INFO - 37 d9 0a 3c 00 0a 9f 00
INFO - 37 db 4a 3c 00 0a 87 00
INFO - 37 dd 8a 3c 00 0a ad 00
INFO - 37 e2 ca 3c 00 0b 1f 00
INFO - 37 e4 0a 3c 00 0a 9b 00
INFO - 37 e6 4a 3c 00 0a a3 00
INFO - 37 e8 8a 3c 00 0a a2 00
INFO - 37 eb ca 3c 00 0a ca 00
INFO - 37 ec 0a 3c 00 0a 82 00
INFO - 37 ee 4a 3c 00 0a ba 00
INFO - 37 f1 8a 3c 00 0a b6 00
INFO - 37 f2 ca 3c 00 0a 8f 00
INFO - 37 f4 0a 3c 00 0a 90 00
INFO - 37 f6 4a 3c 00 0a c1 00
INFO - 37 f8 8a 3c 00 0a 97 00
INFO - 37 fa ca 3c 00 0a b0 00
INFO - 37 fd 0a 3c 00 0a b7 00
INFO - 37 ff 4a 3c 00 0a 99 00
INFO - 38 00 8a 3c 00 0a 97 00
INFO - 38 02 ca 3c 00 0a 9d 00
INFO - 38 05 0a 3c 00 0a b7 00
INFO - 38 06 4a 3c 00 0a 90 00
INFO - 38 09 8a 3c 00 0a be 00
INFO - 38 0b ca 3c 00 0a b0 00
INFO - 38 0c 0a 3c 00 0a 87 00
INFO - 38 0e 4a 3c 00 0a a2 00
INFO - 38 10 8a 3c 00 0a 8f 00
INFO - 38 12 ca 3c 00 0a aa 00
INFO - 38 15 0a 3c 00 0a c4 00
INFO - 38 17 4a 3c 00 0a 98 00
INFO - 38 18 8a 3c 00 0a 99 00
INFO - 38 1a ca 3c 00 0a 8b 00
INFO - 38 1c 0a 3c 00 0a 92 00
INFO - 38 1e 4a 3c 00 0a c0 00
INFO - 38 20 8a 3c 00 0a 90 00
INFO - 38 21 ca 3c 00 0a 94 00
INFO - 38 24 0a 3c 00 0a af 00
INFO - 38 26 4a 3c 00 0a b6 00
INFO - 38 28 8a 3c 00 0a 98 00
INFO - 38 2a ca 3c 00 0a ab 00
INFO - 38 2c 0a 3c 00 0a b3 00
INFO - 38 2f 4a 3c 00 0a b7 00
INFO - 38 31 8a 3c 00 0a b3 00
INFO - 38 33 ca 3c 00 0a 9a 00
INFO - 38 34 0a 3c 00 0a 84 00
INFO - 38 36 4a 3c 00 0a 8e 00
INFO - 38 38 8a 3c 00 0a a2 00
INFO - 38 3a ca 3c 00 0a c5 00
INFO - 38 3c 0a 3c 00 0a a5 00
INFO - 38 3f 4a 3c 00 0a bf 00
INFO - 38 42 8a 3c 00 0a c0 00
INFO - 38 43 ca 3c 00 0a 8a 00
INFO - 38 46 0a 3c 00 0a cc 00
INFO - 38 47 4a 3c 00 0a 8e 00
INFO - 38 4a 8a 3c 00 0a ca 00
INFO - 38 4c ca 3c 00 0a 93 00
INFO - 38 4e 0a 3c 00 0a 9f 00
INFO - 38 50 4a 3c 00 0a 9c 00
INFO - 38 52 8a 3c 00 0a c1 00
INFO - 38 55 ca 3c 00 0a ab 00
INFO - 38 57 0a 3c 00 0a ac 00
INFO - 38 58 4a 3c 00 0a 8b 00
INFO - 38 5a 8a 3c 00 0a 9b 00
INFO - 38 5c ca 3c 00 0a ac 00
INFO - 38 5e 0a 3c 00 0a a2 00
INFO - 38 60 4a 3c 00 0a ab 00
INFO - 38 62 8a 3c 00 0a 9f 00
INFO - 38 64 ca 3c 00 0a a4 00
INFO - 38 66 0a 3c 00 0a 98 00
INFO - 38 68 4a 3c 00 0a ab 00
INFO - 38 6a 8a 3c 00 0a a7 00
INFO - 38 6c ca 3c 00 0a a5 00
INFO - 38 6e 0a 3c 00 0a a3 00
INFO - 38 70 4a 3c 00 0a 8d 00
INFO - 38 72 8a 3c 00 0a ab 00
INFO - 38 75 ca 3c 00 0a bf 00
INFO - 38 76 0a 3c 00 0a 95 00
INFO - 38 78 4a 3c 00 0a 92 00
INFO - 38 79 8a 3c 00 0a 7b 00
INFO - 38 7a ca 3c 00 0a 85 00
INFO - 38 7c 0a 3c 00 0a 90 00
INFO - 38 7e 4a 3c 00 0a 95 00
INFO - 38 7f 8a 3c 00 0a 92 00
INFO - 38 82 ca 3c 00 0a ad 00
INFO - 38 83 0a 3c 00 0a 8f 00
INFO - 38 85 4a 3c 00 0a 86 00
INFO - 38 87 8a 3c 00 0a ac 00
INFO - 38 89 ca 3c 00 0a b0 00
INFO - 38 8b 0a 3c 00 0a ae 00
INFO - 38 8e 4a 3c 00 0a b8 00
INFO - 38 8f 8a 3c 00 0a 97 00
INFO - 38 91 ca 3c 00 0a 9d 00
INFO - 38 93 0a 3c 00 0a 92 00
INFO - 38 95 4a 3c 00 0a a2 00
INFO - 38 97 8a 3c 00 0a 97 00
INFO - 38 99 ca 3c 00 0a c5 00
INFO - 38 9b 0a 3c 00 0a 9a 00
INFO - 38 9d 4a 3c 00 0a a4 00
INFO - 38 9f 8a 3c 00 0a 8d 00
INFO - 38 a0 ca 3c 00 0a 97 00
INFO - 38 a2 0a 3c 00 0a a0 00
INFO - 38 a5 4a 3c 00 0a b7 00
INFO - 38 a7 8a 3c 00 0a 9c 00
INFO - 38 a9 ca 3c 00 0a b8 00
INFO - 38 aa 0a 3c 00 0a 83 00
INFO - 38 ac 4a 3c 00 0a a7 00
INFO - 38 af 8a 3c 00 0a ae 00
INFO - 38 b1 ca 3c 00 0a ae 00
INFO - 38 b3 0a 3c 00 0a b6 00
INFO - 38 b6 4a 3c 00 0a c4 00
INFO - 38 b8 8a 3c 00 0a 90 00
INFO - 38 bb ca 3c 00 0a ea 00
INFO - 38 be 0a 3c 00 0a c3 00
INFO - 38 c0 4a 3c 00 0a a1 00
INFO - 38 c2 8a 3c 00 0a b1 00
INFO - 38 c3 ca 3c 00 0a 91 00
INFO - 38 c5 0a 3c 00 0a 9b 00
INFO - 38 c7 4a 3c 00 0a 90 00
INFO - 38 c9 8a 3c 00 0a a4 00
INFO - 38 ca ca 3c 00 0a 79 00
INFO - 38 cd 0a 3c 00 0a bc 00
INFO - 38 ce 4a 3c 00 0a 86 00
INFO - 38 d0 8a 3c 00 0a b8 00
INFO - 38 d3 ca 3c 00 0a b8 00
INFO - 38 d5 0a 3c 00 0a c2 00
INFO - 38 d7 4a 3c 00 0a 9d 00
INFO - 38 d9 8a 3c 00 0a 9a 00
INFO - 38 db ca 3c 00 0a 9a 00
INFO - 38 dd 0a 3c 00 0a a2 00
INFO - 38 de 4a 3c 00 0a 87 00
INFO - 38 e0 8a 3c 00 0a 85 00
INFO - 38 e3 ca 3c 00 0a f2 00
INFO - 38 e5 0a 3c 00 0a 8f 00
INFO - 38 e7 4a 3c 00 0a b7 00
INFO - 38 e9 8a 3c 00 0a 97 00
INFO - 38 ec ca 3c 00 0a b6 00
INFO - 38 ee 0a 3c 00 0a ab 00
INFO - 38 f0 4a 3c 00 0a b1 00
INFO - 38 f1 8a 3c 00 0a 87 00
INFO - 38 f4 ca 3c 00 0a aa 00
INFO - 38 f5 0a 3c 00 0a 8d 00
INFO - 38 f7 4a 3c 00 0a b0 00
INFO - 38 f9 8a 3c 00 0a 99 00
INFO - 38 fb ca 3c 00 0a 8c 00
INFO - 38 fd 0a 3c 00 0a b2 00
INFO - 38 ff 4a 3c 00 0a a8 00
INFO - 39 01 8a 3c 00 0a a6 00
INFO - 39 03 ca 3c 00 0a 94 00
INFO - 39 05 0a 3c 00 0a a2 00
INFO - 39 06 4a 3c 00 0a 94 00
INFO - 39 08 8a 3c 00 0a 9e 00
INFO - 39 0a ca 3c 00 0a 82 00
INFO - 39 0c 0a 3c 00 0a ba 00
INFO - 39 0e 4a 3c 00 0a a4 00
INFO - 39 10 8a 3c 00 0a 97 00
INFO - 39 12 ca 3c 00 0a 9d 00
INFO - 39 14 0a 3c 00 0a 9d 00
INFO - 39 15 4a 3c 00 0a 8a 00
INFO - 39 17 8a 3c 00 0a ac 00
INFO - 39 1a ca 3c 00 0a b5 00
INFO - 39 1b 0a 3c 00 0a 7e 00
INFO - 39 1c 4a 3c 00 0a 90 00
INFO - 39 1e 8a 3c 00 0a a0 00
INFO - 39 20 ca 3c 00 0a 7f 00
INFO - 39 22 0a 3c 00 0a a5 00
INFO - 39 24 4a 3c 00 0a a5 00
INFO - 39 26 8a 3c 00 0a ac 00
INFO - 39 28 ca 3c 00 0a 96 00
INFO - 39 2a 0a 3c 00 0a a4 00
INFO - 39 2c 4a 3c 00 0a 9c 00
INFO - 39 2d 8a 3c 00 0a 9c 00
INFO - 39 2f ca 3c 00 0a 86 00
INFO - 39 31 0a 3c 00 0a a8 00
INFO - 39 33 4a 3c 00 0a 94 00
INFO - 39 35 8a 3c 00 0a b6 00
INFO - 39 36 ca 3c 00 0a 8a 00
INFO - 39 39 0a 3c 00 0a c1 00
INFO - 39 3a 4a 3c 00 0a 75 00
INFO - 39 3d 8a 3c 00 0a c3 00
INFO - 39 3f ca 3c 00 0a b0 00
INFO - 39 41 0a 3c 00 0a 91 00
INFO - 39 43 4a 3c 00 0a a2 00
INFO - 39 44 8a 3c 00 0a 9e 00
INFO - 39 46 ca 3c 00 0a a4 00
INFO - 39 48 0a 3c 00 0a a1 00
INFO - 39 4a 4a 3c 00 0a 9e 00
INFO - 39 4c 8a 3c 00 0a 93 00
INFO - 39 4e ca 3c 00 0a 7b 00
INFO - 39 50 0a 3c 00 0a 8e 00
INFO - 39 52 4a 3c 00 0a a7 00
INFO - 39 54 8a 3c 00 0a 91 00
INFO - 39 55 ca 3c 00 0a 91 00
INFO - 39 57 0a 3c 00 0a 93 00
INFO - 39 59 4a 3c 00 0a 99 00
INFO - 39 5a 8a 3c 00 0a 8d 00
INFO - 39 5c ca 3c 00 0a a5 00
INFO - 39 5e 0a 3c 00 0a 9a 00
INFO - 39 60 4a 3c 00 0a 86 00
INFO - 39 61 8a 3c 00 0a 87 00
INFO - 39 62 ca 3c 00 0a 86 00
INFO - 39 64 0a 3c 00 0a 9d 00
INFO - 39 66 4a 3c 00 0a 81 00
INFO - 39 68 8a 3c 00 0a cb 00
INFO - 39 6a ca 3c 00 0a 85 00
INFO - 39 6b 0a 3c 00 0a 96 00
INFO - 39 6e 4a 3c 00 0a d2 00
INFO - 39 70 8a 3c 00 0a a3 00
INFO - 39 73 ca 3c 00 0a b1 00
INFO - 39 75 0a 3c 00 0a b6 00
INFO - 39 76 4a 3c 00 0a 7b 00
INFO - 39 79 8a 3c 00 0a db 00
INFO - 39 7b ca 3c 00 0a a7 00
INFO - 39 7d 0a 3c 00 0a 8b 00
INFO - 39 7e 4a 3c 00 0a 7a 00
INFO - 39 80 8a 3c 00 0a ba 00
INFO - 39 82 ca 3c 00 0a 91 00
INFO - 39 83 0a 3c 00 0a 75 00
INFO - 39 85 4a 3c 00 0a 8c 00
INFO - 39 86 8a 3c 00 0a 80 00
INFO - 39 87 ca 3c 00 0a 81 00
INFO - 39 89 0a 3c 00 0a 80 00
INFO - 39 8a 4a 3c 00 0a 89 00
INFO - 39 8c 8a 3c 00 0a 88 00
INFO - 39 8d ca 3c 00 0a 75 00
INFO - 39 8e 0a 3c 00 0a 90 00
INFO - 39 90 4a 3c 00 0a 8c 00
INFO - 39 91 8a 3c 00 0a 98 00
INFO - 39 93 ca 3c 00 0a 90 00
INFO - 39 95 0a 3c 00 0a 89 00
INFO - 39 97 4a 3c 00 0a ab 00
INFO - 39 98 8a 3c 00 0a 88 00
INFO - 39 9a ca 3c 00 0a 93 00
INFO - 39 9c 0a 3c 00 0a 98 00
INFO - 39 9d 4a 3c 00 0a 80 00
INFO - 39 9f 8a 3c 00 0a 9f 00
INFO - 39 a0 ca 3c 00 0a 90 00
INFO - 39 a2 0a 3c 00 0a 78 00
INFO - 39 a3 4a 3c 00 0a 84 00
INFO - 39 a4 8a 3c 00 0a 80 00
INFO - 39 a6 ca 3c 00 0a 84 00
INFO - 39 a7 0a 3c 00 0a 92 00
INFO - 39 a9 4a 3c 00 0a 98 00
INFO - 39 aa 8a 3c 00 0a 85 00
INFO - 39 ac ca 3c 00 0a 81 00
INFO - 39 ae 0a 3c 00 0a a6 00
INFO - 39 af 4a 3c 00 0a 82 00
INFO - 39 b1 8a 3c 00 0a 8a 00
INFO - 39 b2 ca 3c 00 0a 8a 00
INFO - 39 b4 0a 3c 00 0a 8c 00
INFO - 39 b5 4a 3c 00 0a 7e 00
INFO - 39 b7 8a 3c 00 0a 9f 00
INFO - 39 ba ca 3c 00 0a cf 00
INFO - 39 bb 0a 3c 00 0a 8e 00
INFO - 39 bd 4a 3c 00 0a 99 00
INFO - 39 bf 8a 3c 00 0a a1 00
INFO - 39 c1 ca 3c 00 0a 9e 00
INFO - 39 c2 0a 3c 00 0a 8d 00
INFO - 39 c4 4a 3c 00 0a 8d 00
INFO - 39 c5 8a 3c 00 0a 8d 00
INFO - 39 c8 ca 3c 00 0a a8 00
INFO - 39 c9 0a 3c 00 0a 8b 00
INFO - 39 cb 4a 3c 00 0a 90 00
INFO - 39 cd 8a 3c 00 0a c2 00
INFO - 39 cf ca 3c 00 0a a7 00
INFO - 39 d1 0a 3c 00 0a a0 00
INFO - 39 d3 4a 3c 00 0a a5 00
INFO - 39 d5 8a 3c 00 0a 8e 00
INFO - 39 d7 ca 3c 00 0a a2 00
INFO - 39 d8 0a 3c 00 0a 8e 00
INFO - 39 da 4a 3c 00 0a 7d 00
INFO - 39 db 8a 3c 00 0a 8e 00
INFO - 39 de ca 3c 00 0a b8 00
INFO - 39 df 0a 3c 00 0a 90 00
INFO - 39 e2 4a 3c 00 0a c4 00
INFO - 39 e4 8a 3c 00 0a a9 00
INFO - 39 e5 ca 3c 00 0a 7a 00
INFO - 39 e7 0a 3c 00 0a 86 00
INFO - 39 e9 4a 3c 00 0a a3 00
INFO - 39 eb 8a 3c 00 0a a9 00
INFO - 39 ed ca 3c 00 0a a6 00
INFO - 39 ef 0a 3c 00 0a a5 00
INFO - 39 f1 4a 3c 00 0a b1 00
INFO - 39 f3 8a 3c 00 0a 86 00
INFO - 39 f4 ca 3c 00 0a 8c 00
INFO - 39 f6 0a 3c 00 0a ad 00
INFO - 39 f9 4a 3c 00 0a bc 00
INFO - 39 fa 8a 3c 00 0a 84 00
INFO - 39 fc ca 3c 00 0a 9c 00
INFO - 39 fd 0a 3c 00 0a 7f 00
INFO - 39 ff 4a 3c 00 0a 68 00
INFO - 3a 01 8a 3c 00 0a a8 00
INFO - 3a 03 ca 3c 00 0a af 00
INFO - 3a 05 0a 3c 00 0a 91 00
INFO - 3a 05 4a 3c 00 0a 4f 00
INFO - 3a 05 8a 3c 00 0a 4f 00
INFO - 3a 05 ca 3c 00 0a 4f 00
INFO - 3a 05 0a 3c 00 0a 4f 00
INFO - 3a 05 4a 3c 00 0a 4f 00
INFO - 3a 05 8a 3c 00 0a 4f 00
INFO - 3a 05 ca 3c 00 0a 4f 00
INFO - 3a 05 0a 3c 00 0a 4f 00
INFO - 3a 05 4a 3c 00 0a 4f 00
INFO - 3a 05 8a 3c 00 0a 4f 00
