INFO - 40 00 8a 00 f9 41 00 23
INFO - 41 f1 ca 00 f9 41 00 23
INFO - 43 e5 0a 00 f9 41 00 23
INFO - 45 da 4a 00 f9 41 00 23
INFO - 47 7c 8a 00 f9 41 00 23
INFO - 47 f6 ca 00 f9 41 00 23
INFO - 49 05 0a 00 f9 41 00 23
INFO - 49 f7 4a 00 f9 51 00 20
INFO - 4a 47 8a 00 f9 41 00 24
INFO - 4a cb ca 00 f9 51 00 20
INFO - 4a dc 0a 00 f9 51 00 20
INFO - 4a ea 4a 00 f9 41 00 23
INFO - 4b 00 8a 00 f9 41 00 23
INFO - 4b 9b ca 00 f9 41 00 23
INFO - 4d 4b 0a 00 f9 41 00 23
INFO - 4d 7c 4a 00 f9 51 00 20
INFO - 4d 9a 8a 00 f9 51 00 20
INFO - 4d b4 ca 00 f9 41 00 24
INFO - 4d e3 0a 00 f9 41 00 24
INFO - 4f 83 4a 00 f9 41 00 24
INFO - 51 7c 8a 00 f9 41 00 24
INFO - 51 fe ca 00 f9 41 00 24
INFO - 52 98 0a 00 f9 51 00 20
INFO - 52 aa 4a 00 f9 51 00 20
INFO - 52 ba 8a 00 f9 41 00 23
INFO - 53 3c ca 00 f9 41 00 23
INFO - 53 d3 0a 00 f9 51 00 20
INFO - 54 2a 4a 00 f9 41 00 24
INFO - 54 df 8a 00 f9 51 00 20
INFO - 54 ef ca 00 f9 51 00 20
INFO - 54 fd 0a 00 f9 41 00 23
INFO - 55 75 4a 00 f9 41 00 23
INFO - 55 e6 8a 00 f9 41 00 23
INFO - 57 cf ca 00 f9 41 00 23
INFO - 58 31 0a 00 f9 41 00 23
INFO - 58 94 4a 00 f9 51 00 20
INFO - 58 a4 8a 00 f9 51 00 20
INFO - 58 b7 ca 00 f9 41 00 24
INFO - 59 1a 0a 00 f9 51 00 20
INFO - 59 64 4a 00 f9 41 00 23
INFO - 59 cd 8a 00 f9 41 00 23
INFO - 5b c2 ca 00 f9 41 00 23
INFO - 5d b6 0a 00 f9 41 00 23
INFO - 5f ab 4a 00 f9 41 00 23
INFO - 40 a8 8a 00 f9 51 00 20
INFO - 40 ea ca 00 f9 59 00 00
INFO - 41 1b 0a 00 f9 49 00 02
