INFO - 20 00 48 3c 00 0a 40 00
INFO - 20 07 88 3c 00 0b 6a 00
INFO - 20 18 c8 3c 00 0a b4 00
INFO - 20 18 08 3c 00 0a b4 00
INFO - 20 18 48 3c 00 0a b4 00
INFO - 20 18 88 3c 00 0a b4 00
INFO - 20 20 c8 3c 00 0a a5 00
INFO - 20 20 08 3c 00 0a a5 00
INFO - 20 25 48 3c 00 0a a9 00
INFO - 20 25 88 3c 00 0a a9 00
INFO - 20 2a c8 3c 00 0a c5 00
INFO - 20 2a 08 3c 00 0a c5 00
INFO - 20 2f 48 3c 00 0a c5 00
INFO - 20 2f 88 3c 00 0a c5 00
INFO - 20 2f c8 3c 00 0a c5 00
INFO - 20 36 08 3c 00 0a 90 00
INFO - 20 36 48 3c 00 0a 90 00
INFO - 20 3b 88 3c 00 0a b7 00
INFO - 20 3c c8 3c 00 0a 8e 00
INFO - 20 3c 08 3c 00 0a 8e 00
INFO - 20 41 48 3c 00 0a c6 00
INFO - 20 41 88 3c 00 0a c6 00
INFO - 20 44 c8 3c 00 0a 89 00
INFO - 20 44 08 3c 00 0a 89 00
INFO - 20 4a 48 3c 00 0a cb 00
INFO - 20 4d 88 3c 00 0a c6 00
INFO - 20 4d c8 3c 00 0a c6 00
INFO - 20 4e 08 3c 00 0a 56 00
INFO - 20 52 48 3c 00 0b 13 00
INFO - 20 52 88 3c 00 0b 13 00
INFO - 20 55 c8 3c 00 0a 8e 00
INFO - 20 5a 08 3c 00 0b 40 00
INFO - 20 5c 48 3c 00 0a 9e 00
INFO - 20 5f 88 3c 00 0a c2 00
INFO - 20 60 c8 3c 00 0a 98 00
INFO - 20 63 08 3c 00 0a bf 00
INFO - 20 66 48 3c 00 0a cd 00
INFO - 20 68 88 3c 00 0a b4 00
INFO - 20 6a c8 3c 00 0a a0 00
INFO - 20 6c 08 3c 00 0a b2 00
INFO - 20 6e 48 3c 00 0a 97 00
INFO - 20 70 88 3c 00 0a 9e 00
INFO - 20 71 c8 3c 00 0a 83 00
INFO - 20 73 08 3c 00 0a 96 00
INFO - 20 76 48 3c 00 0a be 00
INFO - 20 77 88 3c 00 0a 96 00
INFO - 20 7a c8 3c 00 0a c9 00
INFO - 20 7c 08 3c 00 0a 96 00
INFO - 20 7e 48 3c 00 0a be 00
INFO - 20 80 88 3c 00 0a 99 00
INFO - 20 83 c8 3c 00 0a dc 00
INFO - 20 85 08 3c 00 0a 9a 00
INFO - 20 87 48 3c 00 0a b0 00
INFO - 20 89 88 3c 00 0a a1 00
INFO - 20 8d c8 3c 00 0a f7 00
INFO - 20 8f 08 3c 00 0a bc 00
INFO - 20 93 48 3c 00 0a fe 00
INFO - 20 96 88 3c 00 0a d3 00
INFO - 20 98 c8 3c 00 0a b0 00
INFO - 20 9a 08 3c 00 0a 9b 00
INFO - 20 9c 48 3c 00 0a a5 00
INFO - 20 9e 88 3c 00 0a a9 00
INFO - 20 a0 c8 3c 00 0a a3 00
INFO - 20 a3 08 3c 00 0a d3 00
INFO - 20 a6 48 3c 00 0a bc 00
INFO - 20 a8 88 3c 00 0a b2 00
INFO - 20 aa c8 3c 00 0a 9f 00
INFO - 20 ac 08 3c 00 0a b9 00
INFO - 20 ae 48 3c 00 0a 9f 00
INFO - 20 b1 88 3c 00 0a ae 00
INFO - 20 b2 c8 3c 00 0a 8f 00
INFO - 20 b5 08 3c 00 0a b6 00
INFO - 20 b6 48 3c 00 0a 96 00
INFO - 20 b8 88 3c 00 0a a6 00
INFO - 20 ba c8 3c 00 0a a1 00
INFO - 20 bc 08 3c 00 0a a7 00
INFO - 20 be 48 3c 00 0a a3 00
INFO - 20 c0 88 3c 00 0a ab 00
INFO - 20 c3 c8 3c 00 0a c9 00
INFO - 20 c5 08 3c 00 0a a7 00
INFO - 20 c8 48 3c 00 0a ae 00
INFO - 20 ca 88 3c 00 0a ac 00
INFO - 20 cc c8 3c 00 0a a7 00
INFO - 20 ce 08 3c 00 0a b3 00
INFO - 20 d1 48 3c 00 0a c5 00
INFO - 20 d4 88 3c 00 0a ce 00
INFO - 20 da c8 3c 00 0b 6b 00
INFO - 20 dc 08 3c 00 0a b2 00
INFO - 20 de 48 3c 00 0a a9 00
INFO - 20 e0 88 3c 00 0a 91 00
INFO - 20 e1 c8 3c 00 0a 91 00
INFO - 20 e4 08 3c 00 0a d6 00
INFO - 20 e6 48 3c 00 0a 91 00
INFO - 20 e9 88 3c 00 0a e2 00
INFO - 20 ec c8 3c 00 0a bf 00
INFO - 20 ee 08 3c 00 0a a7 00
INFO - 20 f1 48 3c 00 0a cb 00
INFO - 20 f3 88 3c 00 0a b8 00
INFO - 20 f5 c8 3c 00 0a bb 00
INFO - 20 f8 08 3c 00 0a a8 00
INFO - 20 fa 48 3c 00 0a ac 00
INFO - 20 fd 88 3c 00 0a df 00
INFO - 20 ff c8 3c 00 0a a0 00
INFO - 21 00 08 3c 00 0a 91 00
INFO - 21 05 48 3c 00 0b 1b 00
INFO - 21 08 88 3c 00 0a c8 00
INFO - 21 0a c8 3c 00 0a a1 00
INFO - 21 0c 08 3c 00 0a b5 00
INFO - 21 0f 48 3c 00 0a c7 00
INFO - 21 12 88 3c 00 0a cf 00
INFO - 21 14 c8 3c 00 0a cb 00
INFO - 21 18 08 3c 00 0a e3 00
INFO - 21 1b 48 3c 00 0a e0 00
INFO - 21 1d 88 3c 00 0a ac 00
INFO - 21 1f c8 3c 00 0a a9 00
INFO - 21 21 08 3c 00 0a 9e 00
INFO - 21 23 48 3c 00 0a a5 00
INFO - 21 26 88 3c 00 0a e7 00
INFO - 21 29 c8 3c 00 0a bc 00
INFO - 21 2a 08 3c 00 0a 75 00
INFO - 21 2c 48 3c 00 0a aa 00
INFO - 21 2f 88 3c 00 0a b4 00
INFO - 21 31 c8 3c 00 0a c0 00
INFO - 21 34 08 3c 00 0a c1 00
INFO - 21 36 48 3c 00 0a 9d 00
INFO - 21 38 88 3c 00 0a c6 00
INFO - 21 3a c8 3c 00 0a 99 00
INFO - 21 3c 08 3c 00 0a b5 00
INFO - 21 3f 48 3c 00 0a c1 00
INFO - 21 42 88 3c 00 0a c1 00
INFO - 21 44 c8 3c 00 0a ae 00
INFO - 21 46 08 3c 00 0a b2 00
INFO - 21 49 48 3c 00 0a b8 00
INFO - 21 4b 88 3c 00 0a b3 00
INFO - 21 4e c8 3c 00 0a e7 00
INFO - 21 50 08 3c 00 0a 94 00
INFO - 21 52 48 3c 00 0a 9a 00
INFO - 21 54 88 3c 00 0a b6 00
INFO - 21 56 c8 3c 00 0a ae 00
INFO - 21 58 08 3c 00 0a 9a 00
INFO - 21 5a 48 3c 00 0a a2 00
INFO - 21 5c 88 3c 00 0a 84 00
INFO - 21 5e c8 3c 00 0a b9 00
INFO - 21 60 08 3c 00 0a a6 00
INFO - 21 63 48 3c 00 0a c6 00
INFO - 21 65 88 3c 00 0a b7 00
INFO - 21 67 c8 3c 00 0a 9a 00
INFO - 21 69 08 3c 00 0a bb 00
INFO - 21 6c 48 3c 00 0a a9 00
INFO - 21 6e 88 3c 00 0a c2 00
INFO - 21 71 c8 3c 00 0a ce 00
INFO - 21 75 08 3c 00 0a fe 00
INFO - 21 78 48 3c 00 0a cf 00
INFO - 21 7a 88 3c 00 0a 6f 00
INFO - 21 7e c8 3c 00 0b 21 00
INFO - 21 81 08 3c 00 0a b7 00
INFO - 21 82 48 3c 00 0a 9f 00
INFO - 21 85 88 3c 00 0a b7 00
INFO - 21 87 c8 3c 00 0a b0 00
INFO - 21 89 08 3c 00 0a 9c 00
INFO - 21 8d 48 3c 00 0a ff 00
INFO - 21 8f 88 3c 00 0a bb 00
INFO - 21 92 c8 3c 00 0a d6 00
INFO - 21 95 08 3c 00 0a ad 00
INFO - 21 97 48 3c 00 0a bb 00
INFO - 21 99 88 3c 00 0a 8f 00
INFO - 21 9b c8 3c 00 0a af 00
INFO - 21 9d 08 3c 00 0a a8 00
INFO - 21 9f 48 3c 00 0a 98 00
INFO - 21 a1 88 3c 00 0a bf 00
INFO - 21 a3 c8 3c 00 0a 99 00
INFO - 21 a6 08 3c 00 0a d7 00
INFO - 21 a9 48 3c 00 0a d4 00
INFO - 21 ac 88 3c 00 0a db 00
INFO - 21 af c8 3c 00 0a b8 00
INFO - 21 b0 08 3c 00 0a 88 00
INFO - 21 b3 48 3c 00 0a e8 00
INFO - 21 b6 88 3c 00 0a be 00
INFO - 21 b8 c8 3c 00 0a a5 00
INFO - 21 bb 08 3c 00 0a e7 00
INFO - 21 be 48 3c 00 0a bd 00
INFO - 21 c0 88 3c 00 0a 99 00
INFO - 21 c3 c8 3c 00 0a db 00
INFO - 21 c6 08 3c 00 0a e0 00
INFO - 21 c8 48 3c 00 0a 8c 00
INFO - 21 ca 88 3c 00 0a cd 00
INFO - 21 cd c8 3c 00 0a a9 00
INFO - 21 cf 08 3c 00 0a ab 00
INFO - 21 d1 48 3c 00 0a b6 00
INFO - 21 d4 88 3c 00 0a cd 00
INFO - 21 d7 c8 3c 00 0a cb 00
INFO - 21 d9 08 3c 00 0a aa 00
INFO - 21 db 48 3c 00 0a 9d 00
INFO - 21 de 88 3c 00 0a cb 00
INFO - 21 df c8 3c 00 0a 85 00
INFO - 21 e1 08 3c 00 0a a7 00
INFO - 21 e4 48 3c 00 0a c1 00
INFO - 21 e6 88 3c 00 0a ac 00
INFO - 21 e8 c8 3c 00 0a 99 00
INFO - 21 ea 08 3c 00 0a b4 00
INFO - 21 ed 48 3c 00 0a be 00
INFO - 21 ee 88 3c 00 0a 90 00
INFO - 21 f0 c8 3c 00 0a b5 00
INFO - 21 f2 08 3c 00 0a 6e 00
INFO - 21 f5 48 3c 00 0a cb 00
INFO - 21 f7 88 3c 00 0a b4 00
INFO - 21 fa c8 3c 00 0a b3 00
INFO - 21 fc 08 3c 00 0a ad 00
INFO - 21 fe 48 3c 00 0a a4 00
INFO - 22 00 88 3c 00 0a b4 00
INFO - 22 03 c8 3c 00 0a db 00
INFO - 22 05 08 3c 00 0a 8d 00
INFO - 22 07 48 3c 00 0a b4 00
INFO - 22 0a 88 3c 00 0a c4 00
INFO - 22 0c c8 3c 00 0a b0 00
INFO - 22 10 08 3c 00 0a ed 00
INFO - 22 13 48 3c 00 0a cf 00
INFO - 22 15 88 3c 00 0a a8 00
INFO - 22 18 c8 3c 00 0a e9 00
