INFO - a1 49 c9 40 57 00 00 02
INFO - a1 49 09 40 57 00 00 02
INFO - a1 49 49 40 57 00 00 02
INFO - a1 49 89 40 57 00 00 02
INFO - a9 45 09 40 57 00 00 02
INFO - a9 45 49 40 57 00 00 02
INFO - a9 45 89 40 57 00 00 02
INFO - a9 45 c9 40 57 00 00 02
INFO - ab fb 09 40 57 00 00 02
INFO - ab fb 49 40 57 00 00 02
INFO - ab fb 89 40 57 00 00 02
INFO - ab fb c9 40 57 00 00 02
INFO - b0 cf 89 40 57 00 00 02
INFO - b0 cf c9 40 57 00 00 02
INFO - b0 cf 09 40 57 00 00 02
INFO - b0 cf 49 40 57 00 00 02
INFO - b0 cf 89 40 57 00 00 02
INFO - 91 47 09 08 40 27 41 d0
INFO - 91 47 49 20 40 27 e5 f9
INFO - 91 47 89 40 40 20 00 79
INFO - 91 49 89 08 40 27 41 d0
INFO - 91 49 c9 20 40 27 e5 f9
INFO - 91 49 09 40 40 21 e4 fc
INFO - 91 4b 09 08 40 27 41 d0
INFO - 91 4b 49 20 40 27 e5 f9
INFO - 91 4b 89 40 40 23 f0 fd
INFO - 91 4d 89 08 40 27 41 d0
INFO - 91 4d c9 20 40 27 e5 f7
INFO - 91 4d 09 40 40 23 f4 01
INFO - 91 4f 09 08 40 27 41 d0
INFO - 91 4f 49 20 40 27 dd f7
INFO - 91 4f 89 40 40 20 04 fc
INFO - 91 51 89 08 40 27 41 d0
INFO - 91 51 c9 20 40 27 dd f7
INFO - 91 51 09 40 40 23 f0 00
INFO - 91 53 09 08 40 27 41 d0
INFO - 91 53 49 20 40 27 dd f7
INFO - 91 53 89 40 40 20 00 01
INFO - 91 55 89 08 40 27 41 d0
INFO - 91 55 c9 20 40 27 dd f9
INFO - 91 55 09 40 40 20 04 fc
INFO - 91 57 09 08 40 27 41 d0
INFO - 91 57 49 20 40 27 e5 f9
INFO - 91 57 89 40 40 23 f0 01
INFO - 91 59 89 08 40 27 41 d0
INFO - 91 59 c9 20 40 27 e5 fb
INFO - 91 59 09 40 40 20 04 fc
INFO - 91 5b 09 08 40 27 41 d0
INFO - 91 5b 49 20 40 27 ed fb
INFO - 91 5b 89 40 40 23 f0 00
INFO - 91 5d 89 08 40 27 41 d0
INFO - 91 5d c9 20 40 27 ed fb
INFO - 91 5d 09 40 40 20 00 01
INFO - 91 5f 09 08 40 27 41 d0
INFO - 91 5f 49 20 40 27 ed fb
INFO - 91 5f 89 40 40 20 04 fc
INFO - 91 61 89 08 40 27 41 ff
INFO - 91 61 c9 20 40 27 ed f9
INFO - 91 61 09 40 40 23 f0 00
INFO - 91 63 09 08 40 27 fe 10
INFO - 91 63 49 20 40 27 e5 f9
INFO - 91 63 89 40 40 20 00 01
INFO - 91 65 89 08 40 28 42 10
INFO - 91 65 c9 20 40 27 e5 f9
INFO - 91 65 09 40 40 20 04 fc
INFO - 91 67 09 08 40 28 42 10
INFO - 91 67 49 20 40 27 e5 f9
INFO - 91 67 89 40 40 23 f0 fd
INFO - 91 69 89 08 40 28 42 10
INFO - 91 69 c9 20 40 27 e5 f9
INFO - 91 69 09 40 40 23 f4 01
INFO - 91 6b 09 08 40 28 42 10
INFO - 91 6b 49 20 40 27 e5 f9
INFO - 91 6b 89 40 40 20 04 fc
INFO - 91 6d 89 08 40 28 42 10
INFO - 91 6d c9 20 40 27 e5 f9
INFO - 91 6d 09 40 40 23 f0 01
INFO - 91 6f 09 08 40 28 42 10
INFO - 91 6f 49 20 40 27 e5 f9
INFO - 91 6f 89 40 40 20 04 fc
INFO - 91 71 89 08 40 28 42 10
INFO - 91 71 c9 20 40 27 e5 f9
INFO - 91 71 09 40 40 23 f0 00
INFO - 91 73 09 08 40 28 42 10
INFO - 91 73 49 20 40 27 e5 f9
INFO - 91 73 89 40 40 20 00 01
INFO - 91 75 89 08 40 28 42 10
INFO - 91 75 c9 20 40 27 e5 f9
INFO - 91 75 09 40 40 20 04 fc
INFO - 91 77 09 08 40 28 42 10
INFO - 91 77 49 20 40 27 e5 f7
INFO - 91 77 89 40 40 23 f0 fd
INFO - 91 79 89 08 40 28 42 10
INFO - 91 79 c9 20 40 27 dd f7
INFO - 91 79 09 40 40 23 f4 01
INFO - 91 7b 09 08 40 28 42 10
INFO - 91 7b 49 20 40 27 dd f7
INFO - 91 7b 89 40 40 20 04 fc
INFO - 91 7d 89 08 40 28 42 10
INFO - 91 7d c9 20 40 27 dd f7
INFO - 91 7d 09 40 40 23 f0 fd
INFO - 91 7f 09 08 40 28 42 17
INFO - 91 7f 49 20 40 27 dd f9
INFO - 91 7f 89 40 40 23 f4 01
INFO - 91 81 89 08 40 28 5e 1a
INFO - 91 81 c9 20 40 27 e5 f9
INFO - 91 81 09 40 40 20 04 fc
INFO - 91 83 09 08 40 28 6a 1a
INFO - 91 83 49 20 40 27 e5 fb
INFO - 91 83 89 40 40 23 f0 01
INFO - 91 85 89 08 40 28 6a 1a
INFO - 91 85 c9 20 40 27 ed fb
INFO - 91 85 09 40 40 20 04 fc
INFO - 91 87 09 08 40 28 6a 1a
INFO - 91 87 49 20 40 27 ed fb
INFO - 91 87 89 40 40 23 f0 fd
INFO - 91 89 89 08 40 28 6a 1a
INFO - 91 89 c9 20 40 27 ed fb
INFO - 91 89 09 40 40 23 f4 01
INFO - 91 8b 09 08 40 28 6a 1a
INFO - 91 8b 49 20 40 27 ed fb
INFO - 91 8b 89 40 40 20 04 fc
INFO - 91 8d 89 08 40 28 6a 1a
INFO - 91 8d c9 20 40 27 ed fb
INFO - 91 8d 09 40 40 23 f0 fd
INFO - 91 8f 09 08 40 28 6a 1a
INFO - 91 8f 49 20 40 27 ed fb
INFO - 91 8f 89 40 40 23 f4 01
INFO - 91 91 89 08 40 28 6a 1a
INFO - 91 91 c9 20 40 27 ed fb
INFO - 91 91 09 40 40 20 04 fc
INFO - 91 93 09 08 40 28 6a 1a
INFO - 91 93 49 20 40 27 ed fb
INFO - 91 93 89 40 40 23 f0 01
INFO - 91 95 89 08 40 28 6a 1a
INFO - 91 95 c9 20 40 27 ed fb
INFO - 91 95 09 40 40 20 04 fc
INFO - 91 97 09 08 40 28 6a 1a
INFO - 91 97 49 20 40 27 ed fb
INFO - 91 97 89 40 40 23 f0 fd
INFO - 91 99 89 08 40 28 6a 1a
INFO - 91 99 c9 20 40 27 ed fb
INFO - 91 99 09 40 40 23 f4 01
INFO - 91 9b 09 08 40 28 6a 1a
INFO - 91 9b 49 20 40 27 ed fb
INFO - 91 9b 89 40 40 20 04 fc
INFO - 91 9d 89 08 40 28 69 f8
INFO - 91 9d c9 20 40 27 ed fb
INFO - 91 9d 09 40 40 23 f0 01
INFO - 91 9f 09 08 40 27 e1 eb
INFO - 91 9f 49 20 40 27 ed fb
INFO - 91 9f 89 40 40 20 04 fc
INFO - 91 a1 89 08 40 27 ad eb
INFO - 91 a1 c9 20 40 27 ed fb
INFO - 91 a1 09 40 40 23 f0 00
INFO - 91 a3 09 08 40 27 ad eb
INFO - 91 a3 49 20 40 27 ed fd
INFO - 91 a3 89 40 40 20 00 01
INFO - 91 a5 89 08 40 27 ad eb
INFO - 91 a5 c9 20 40 27 f5 fd
INFO - 91 a5 09 40 40 20 04 fc
INFO - 91 a7 09 08 40 27 ad eb
INFO - 91 a7 49 20 40 27 f5 fd
INFO - 91 a7 89 40 40 23 f0 fd
INFO - 91 a9 89 08 40 27 ad eb
INFO - 91 a9 c9 20 40 27 f5 fd
INFO - 91 a9 09 40 40 23 f4 01
INFO - 91 ab 09 08 40 27 ad eb
INFO - 91 ab 49 20 40 27 f5 fd
INFO - 91 ab 89 40 40 20 04 fc
INFO - 91 ad 89 08 40 27 ad eb
INFO - 91 ad c9 20 40 27 f5 fb
INFO - 91 ad 09 40 40 23 f0 fd
INFO - 91 af 09 08 40 27 ad eb
INFO - 91 af 49 20 40 27 ed fb
INFO - 91 af 89 40 40 23 f4 01
INFO - 91 b1 89 08 40 27 ad eb
INFO - 91 b1 c9 20 40 27 ed fd
INFO - 91 b1 09 40 40 20 04 fc
INFO - 91 b3 09 08 41 d7 ae 14
INFO - 91 b3 49 20 41 d7 f5 ff
INFO - 91 b3 89 40 41 d3 f0 00
INFO - 91 d0 09 08 40 28 52 14
INFO - 91 d0 49 20 40 27 fd ff
INFO - 91 d0 89 40 40 20 00 fd
INFO - 91 d2 89 08 40 28 52 14
INFO - 91 d2 c9 20 40 27 fd ff
INFO - 91 d2 09 40 40 23 f4 01
INFO - 91 d4 09 08 40 28 52 14
INFO - 91 d4 49 20 40 27 fd ff
INFO - 91 d4 89 40 40 20 04 fc
INFO - 91 d6 89 08 40 28 52 14
INFO - 91 d6 c9 20 40 27 fd ff
INFO - 91 d6 09 40 40 23 f0 01
INFO - 91 d8 09 08 40 28 52 14
INFO - 91 d8 49 20 40 27 fd ff
INFO - 91 d8 89 40 40 20 04 fc
INFO - 91 da 89 08 40 28 52 14
INFO - 91 da c9 20 40 27 fd ff
INFO - 91 da 09 40 40 23 f0 fd
INFO - 91 dc 09 08 40 28 51 eb
INFO - 91 dc 49 20 40 27 fd ff
INFO - 91 dc 89 40 40 23 f4 01
INFO - 91 de 89 08 40 27 ad dd
INFO - 91 de c9 20 40 27 fd ff
INFO - 91 de 09 40 40 20 04 fc
INFO - 91 e0 09 08 40 27 75 dd
INFO - 91 e0 49 20 40 27 fd ff
INFO - 91 e0 89 40 40 23 f0 00
INFO - 91 e2 89 08 40 27 75 dd
INFO - 91 e2 c9 20 40 27 fd ff
INFO - 91 e2 09 40 40 20 00 01
INFO - 91 e4 09 08 40 27 75 dd
INFO - 91 e4 49 20 40 27 fd ff
INFO - 91 e4 89 40 40 20 04 fc
INFO - 91 e6 89 08 40 27 75 dd
INFO - 91 e6 c9 20 40 27 fd ff
INFO - 91 e6 09 40 40 23 f0 01
INFO - 91 e8 09 08 40 27 75 dd
INFO - 91 e8 49 20 40 27 fd ff
INFO - 91 e8 89 40 40 20 04 fc
INFO - 91 ea 89 08 40 27 75 dd
INFO - 91 ea c9 20 40 27 fd ff
INFO - 91 ea 09 40 40 23 f0 00
INFO - 91 ec 09 08 40 27 75 dd
INFO - 91 ec 49 20 40 27 fd ff
INFO - 91 ec 89 40 40 20 00 01
INFO - 91 ee 89 08 40 27 75 dd
INFO - 91 ee c9 20 40 27 fd ff
INFO - 91 ee 09 40 40 20 04 fc
INFO - 91 f0 09 08 40 27 75 dd
INFO - 91 f0 49 20 40 27 fd ff
INFO - 91 f0 89 40 40 23 f0 00
INFO - 91 f2 89 08 40 27 75 dd
INFO - 91 f2 c9 20 40 27 fd ff
INFO - 91 f2 09 40 40 20 00 01
INFO - 91 f4 09 08 40 27 75 dd
INFO - 91 f4 49 20 40 27 fd ff
INFO - 91 f4 89 40 40 20 04 fc
INFO - 91 f6 89 08 40 27 75 dd
INFO - 91 f6 c9 20 40 27 fd ff
INFO - 91 f6 09 40 40 23 f0 01
INFO - 91 f8 09 08 40 27 75 dd
INFO - 91 f8 49 20 40 27 fd ff
INFO - 91 f8 89 40 40 20 04 fc
INFO - 91 fa 89 08 40 27 75 ff
INFO - 91 fa c9 20 40 27 fd ff
INFO - 91 fa 09 40 40 23 f0 00
INFO - 91 fc 09 08 40 27 fe 0a
INFO - 91 fc 49 20 40 27 fd fd
INFO - 91 fc 89 40 40 20 00 01
INFO - 91 fe 89 08 40 28 2a 0a
INFO - 91 fe c9 20 40 27 f5 fd
INFO - 91 fe 09 40 40 20 04 fc
INFO - 92 00 09 08 40 28 2a 0a
INFO - 92 00 49 20 40 27 f5 ff
INFO - 92 00 89 40 40 23 f0 01
INFO - 92 02 89 08 40 28 2a 0a
INFO - 92 02 c9 20 40 27 fd ff
INFO - 92 02 09 40 40 20 04 fc
INFO - 92 04 09 08 40 28 2a 0a
INFO - 92 04 49 20 40 27 fd ff
INFO - 92 04 89 40 40 23 f0 fd
INFO - 92 06 89 08 40 28 2a 0a
INFO - 92 06 c9 20 40 27 fd ff
INFO - 92 06 09 40 40 23 f4 00
INFO - 92 08 09 08 40 28 2a 0a
INFO - 92 08 49 20 40 27 fd ff
INFO - 92 08 89 40 40 20 00 01
INFO - 92 0a 89 08 40 28 2a 0a
INFO - 92 0a c9 20 40 27 fd ff
INFO - 92 0a 09 40 40 20 04 fc
INFO - 92 0c 09 08 40 28 2a 0a
INFO - 92 0c 49 20 40 27 fd ff
INFO - 92 0c 89 40 40 23 f0 01
INFO - 92 0e 89 08 40 28 2a 0a
INFO - 92 0e c9 20 40 27 fd ff
INFO - 92 0e 09 40 40 20 04 fc
INFO - 92 10 09 08 40 28 2a 0a
INFO - 92 10 49 20 40 27 fd ff
INFO - 92 10 89 40 40 23 f0 fd
INFO - 92 12 89 08 40 28 2a 0a
INFO - 92 12 c9 20 40 27 fd ff
INFO - 92 12 09 40 40 23 f4 01
INFO - 92 14 09 08 40 28 2a 0a
INFO - 92 14 49 20 40 27 fe 01
INFO - 92 14 89 40 40 20 04 fc
INFO - 92 16 89 08 40 28 2a 0d
INFO - 92 16 c9 20 40 28 06 01
INFO - 92 16 09 40 40 23 f0 00
INFO - 92 18 09 08 40 28 36 0d
INFO - 92 18 49 20 40 28 06 01
INFO - 92 18 89 40 40 20 00 01
INFO - 92 1a 89 08 40 28 36 0d
INFO - 92 1a c9 20 40 28 05 ff
INFO - 92 1a 09 40 40 20 04 fc
INFO - 92 1c 09 08 40 28 36 0d
INFO - 92 1c 49 20 40 27 fd ff
INFO - 92 1c 89 40 40 23 f0 01
INFO - 92 1e 89 08 40 28 36 0d
INFO - 92 1e c9 20 40 27 fd ff
INFO - 92 1e 09 40 40 20 04 fc
INFO - 92 20 09 08 40 28 36 0d
INFO - 92 20 49 20 40 27 fd ff
INFO - 92 20 89 40 40 23 f0 00
INFO - 92 22 89 08 40 28 36 0d
INFO - 92 22 c9 20 40 27 fd ff
INFO - 92 22 09 40 40 20 00 01
INFO - 92 24 09 08 40 28 36 0d
INFO - 92 24 49 20 40 27 fd ff
INFO - 92 24 89 40 40 20 04 fc
INFO - 92 26 89 08 40 28 36 0d
INFO - 92 26 c9 20 40 27 fd ff
INFO - 92 26 09 40 40 23 f0 fd
INFO - 92 28 09 08 40 28 36 0d
INFO - 92 28 49 20 40 27 fd ff
INFO - 92 28 89 40 40 23 f4 01
INFO - 92 2a 89 08 40 28 36 0d
INFO - 92 2a c9 20 40 27 fd ff
INFO - 92 2a 09 40 40 20 04 fc
INFO - 92 2c 09 08 40 28 36 0d
INFO - 92 2c 49 20 40 27 fd ff
INFO - 92 2c 89 40 40 23 f0 00
INFO - 92 2e 89 08 40 28 36 0d
INFO - 92 2e c9 20 40 27 fd ff
INFO - 92 2e 09 40 40 20 00 01
INFO - 92 30 09 08 40 28 36 0d
INFO - 92 30 49 20 40 27 fd ff
INFO - 92 30 89 40 40 20 04 fc
INFO - 92 32 89 08 40 28 36 0d
INFO - 92 32 c9 20 40 27 fd ff
INFO - 92 32 09 40 40 23 f0 01
INFO - 92 34 09 08 40 28 36 0d
INFO - 92 34 49 20 40 27 fd ff
INFO - 92 34 89 40 40 20 04 fc
INFO - 92 36 89 08 40 28 35 fa
INFO - 92 36 c9 20 40 27 fd ff
INFO - 92 36 09 40 40 23 f0 fd
INFO - 92 38 09 08 40 27 e9 f4
INFO - 92 38 49 20 40 27 fd ff
INFO - 92 38 89 40 40 23 f4 01
INFO - 92 3a 89 08 40 27 d1 f4
INFO - 92 3a c9 20 40 27 fe 01
INFO - 92 3a 09 40 40 20 04 fc
INFO - 92 3c 09 08 40 27 d1 f4
INFO - 92 3c 49 20 40 28 06 01
INFO - 92 3c 89 40 40 23 f0 fd
INFO - 92 3e 89 08 40 27 d1 f4
INFO - 92 3e c9 20 40 28 06 01
INFO - 92 3e 09 40 40 23 f4 01
INFO - 92 40 09 08 40 27 d1 f4
INFO - 92 40 49 20 40 28 06 01
INFO - 92 40 89 40 40 20 04 fc
INFO - 92 42 89 08 40 27 d1 f4
INFO - 92 42 c9 20 40 28 06 01
INFO - 92 42 09 40 40 23 f0 00
INFO - 92 44 09 08 40 27 d1 f4
INFO - 92 44 49 20 40 28 06 01
INFO - 92 44 89 40 40 20 00 01
INFO - 92 46 89 08 40 27 d1 f4
INFO - 92 46 c9 20 40 28 06 03
INFO - 92 46 09 40 40 20 04 fc
INFO - 92 48 09 08 40 27 d1 f4
INFO - 92 48 49 20 40 28 0e 03
INFO - 92 48 89 40 40 23 f0 00
INFO - 92 4a 89 08 40 27 d1 f4
INFO - 92 4a c9 20 40 28 0e 03
INFO - 92 4a 09 40 40 20 00 01
INFO - 92 4c 09 08 40 27 d1 f4
INFO - 92 4c 49 20 40 28 0e 03
INFO - 92 4c 89 40 40 20 04 fc
INFO - 92 4e 89 08 40 27 d1 f4
INFO - 92 4e c9 20 40 28 0e 03
INFO - 92 4e 09 40 40 23 f0 01
INFO - 92 50 09 08 40 27 d1 f4
INFO - 92 50 49 20 40 28 0e 03
INFO - 92 50 89 40 40 20 04 fc
INFO - 92 52 89 08 40 27 d1 f4
INFO - 92 52 c9 20 40 28 0e 01
INFO - 92 52 09 40 40 23 f0 00
INFO - 92 54 09 08 40 27 d2 3a
INFO - 92 54 49 20 40 28 06 01
INFO - 92 54 89 40 40 20 00 01
INFO - 92 56 89 08 40 28 ea 4b
INFO - 92 56 c9 20 40 28 05 ff
INFO - 92 56 09 40 40 20 04 fc
INFO - 92 58 09 08 40 29 2e 4b
INFO - 92 58 49 20 40 27 fd ff
INFO - 92 58 89 40 40 23 f0 fd
INFO - 92 5a 89 08 40 29 2e 4b
INFO - 92 5a c9 20 40 27 fd ff
INFO - 92 5a 09 40 40 23 f4 01
INFO - 92 5c 09 08 40 29 2e 4b
INFO - 92 5c 49 20 40 27 fe 01
INFO - 92 5c 89 40 40 20 04 fc
INFO - 92 5e 89 08 40 29 2e 4b
INFO - 92 5e c9 20 40 28 06 01
INFO - 92 5e 09 40 40 23 f0 00
INFO - 92 60 09 08 40 29 2e 4b
INFO - 92 60 49 20 40 28 06 01
INFO - 92 60 89 40 40 20 00 01
INFO - 92 62 89 08 40 29 2e 4b
INFO - 92 62 c9 20 40 28 06 01
INFO - 92 62 09 40 40 20 04 fc
INFO - 92 64 09 08 40 29 2e 4b
INFO - 92 64 49 20 40 28 06 01
INFO - 92 64 89 40 40 23 f0 01
INFO - 92 66 89 08 40 29 2e 4b
INFO - 92 66 c9 20 40 28 06 01
INFO - 92 66 09 40 40 20 04 fc
INFO - 92 68 09 08 40 29 2e 4b
INFO - 92 68 49 20 40 28 06 03
INFO - 92 68 89 40 40 23 f0 fd
INFO - 92 6a 89 08 40 29 2e 4b
INFO - 92 6a c9 20 40 28 0e 03
INFO - 92 6a 09 40 40 23 f4 01
INFO - 92 6c 09 08 40 29 2e 4b
INFO - 92 6c 49 20 40 28 0e 03
INFO - 92 6c 89 40 40 20 04 fc
INFO - 92 6e 89 08 40 29 2e 4b
INFO - 92 6e c9 20 40 28 0e 01
INFO - 92 6e 09 40 40 23 f0 fd
INFO - 92 70 09 08 40 29 2e 4b
INFO - 92 70 49 20 40 28 06 01
INFO - 92 70 89 40 40 23 f4 01
INFO - 92 72 89 08 40 29 2e 2a
INFO - 92 72 c9 20 40 28 06 01
INFO - 92 72 09 40 40 20 04 fc
INFO - 92 74 09 08 40 28 aa 18
INFO - 92 74 49 20 40 28 06 01
INFO - 92 74 89 40 40 23 f0 01
INFO - 92 76 89 08 40 28 62 18
INFO - 92 76 c9 20 40 28 06 01
INFO - 92 76 09 40 40 20 04 fc
INFO - 92 78 09 08 40 28 62 18
INFO - 92 78 49 20 40 28 06 01
INFO - 92 78 89 40 40 23 f0 00
INFO - 92 7a 89 08 40 28 62 18
INFO - 92 7a c9 20 40 28 06 01
INFO - 92 7a 09 40 40 20 00 01
INFO - 92 7c 09 08 40 28 62 18
INFO - 92 7c 49 20 40 28 06 01
INFO - 92 7c 89 40 40 20 04 fc
INFO - 92 7e 89 08 40 28 62 18
INFO - 92 7e c9 20 40 28 06 03
INFO - 92 7e 09 40 40 23 f0 fd
INFO - 92 80 09 08 40 28 62 18
INFO - 92 80 49 20 40 28 0e 03
INFO - 92 80 89 40 40 23 f4 01
INFO - 92 82 89 08 40 28 62 18
INFO - 92 82 c9 20 40 28 0e 03
INFO - 92 82 09 40 40 20 04 fc
INFO - 92 84 09 08 40 28 62 18
INFO - 92 84 49 20 40 28 0e 03
INFO - 92 84 89 40 40 23 f0 01
INFO - 92 86 89 08 40 28 62 18
INFO - 92 86 c9 20 40 28 0e 01
INFO - 92 86 09 40 40 20 04 fc
INFO - 92 88 09 08 40 28 62 18
INFO - 92 88 49 20 40 28 06 01
INFO - 92 88 89 40 40 23 f0 fd
INFO - 92 8a 89 08 40 28 62 18
INFO - 92 8a c9 20 40 28 05 ff
INFO - 92 8a 09 40 40 23 f4 01
INFO - 92 8c 09 08 40 28 62 18
INFO - 92 8c 49 20 40 27 fd ff
INFO - 92 8c 89 40 40 20 04 fc
INFO - 92 8e 89 08 40 28 62 18
INFO - 92 8e c9 20 40 27 fd ff
INFO - 92 8e 09 40 40 23 f0 00
INFO - 92 90 09 08 40 28 62 01
INFO - 92 90 49 20 40 27 fe 01
INFO - 92 90 89 40 40 20 00 01
INFO - 92 92 89 08 40 28 05 fa
INFO - 92 92 c9 20 40 28 06 01
INFO - 92 92 09 40 40 20 04 fc
INFO - 92 94 09 08 40 27 e9 fa
INFO - 92 94 49 20 40 28 06 01
INFO - 92 94 89 40 40 23 f0 01
INFO - 92 96 89 08 40 27 e9 fa
INFO - 92 96 c9 20 40 28 06 01
INFO - 92 96 09 40 40 20 04 fc
INFO - 92 98 09 08 40 27 e9 fa
INFO - 92 98 49 20 40 28 06 01
INFO - 92 98 89 40 40 23 f0 00
INFO - 92 9a 89 08 40 27 e9 fa
INFO - 92 9a c9 20 40 28 06 01
INFO - 92 9a 09 40 40 20 00 01
INFO - 92 9c 09 08 40 27 e9 fa
INFO - 92 9c 49 20 40 28 06 01
INFO - 92 9c 89 40 40 20 04 fc
INFO - 92 9e 89 08 40 27 e9 fa
INFO - 92 9e c9 20 40 28 06 01
INFO - 92 9e 09 40 40 23 f0 00
INFO - 92 a0 09 08 40 27 e9 fa
INFO - 92 a0 49 20 40 28 06 01
INFO - 92 a0 89 40 40 20 00 01
INFO - 92 a2 89 08 40 27 e9 fa
INFO - 92 a2 c9 20 40 28 06 01
INFO - 92 a2 09 40 40 20 04 fc
INFO - 92 a4 09 08 40 27 e9 fa
INFO - 92 a4 49 20 40 28 06 01
INFO - 92 a4 89 40 40 23 f0 fd
INFO - 92 a6 89 08 40 27 e9 fa
INFO - 92 a6 c9 20 40 28 06 03
INFO - 92 a6 09 40 40 23 f4 01
INFO - 92 a8 09 08 40 27 e9 fa
INFO - 92 a8 49 20 40 28 0e 01
INFO - 92 a8 89 40 40 20 04 fc
INFO - 92 aa 89 08 40 27 e9 fa
INFO - 92 aa c9 20 40 28 06 01
INFO - 92 aa 09 40 40 23 f0 01
INFO - 92 ac 09 08 40 27 e9 fa
INFO - 92 ac 49 20 40 28 06 01
INFO - 92 ac 89 40 40 20 04 fc
INFO - 92 ae 89 08 40 27 e9 ea
INFO - 92 ae c9 20 40 28 06 01
INFO - 92 ae 09 40 40 23 f0 00
INFO - 92 b0 09 08 40 27 a9 e4
INFO - 92 b0 49 20 40 28 06 01
INFO - 92 b0 89 40 40 20 00 01
INFO - 92 b2 89 08 40 27 91 e4
INFO - 92 b2 c9 20 40 28 06 01
INFO - 92 b2 09 40 40 20 04 fc
INFO - 92 b4 09 08 40 27 91 e4
INFO - 92 b4 49 20 40 28 06 01
INFO - 92 b4 89 40 40 23 f0 00
INFO - 92 b6 89 08 40 27 91 e4
INFO - 92 b6 c9 20 40 28 06 01
INFO - 92 b6 09 40 40 20 00 01
INFO - 92 b8 09 08 40 27 91 e4
INFO - 92 b8 49 20 40 28 06 01
INFO - 92 b8 89 40 40 20 04 fc
INFO - 92 ba 89 08 40 27 91 e4
INFO - 92 ba c9 20 40 28 06 01
INFO - 92 ba 09 40 40 23 f0 01
INFO - 92 bc 09 08 40 27 91 e4
INFO - 92 bc 49 20 40 28 06 01
INFO - 92 bc 89 40 40 20 04 fc
INFO - 92 be 89 08 40 27 91 e4
INFO - 92 be c9 20 40 28 06 03
INFO - 92 be 09 40 40 23 f0 fd
INFO - 92 c0 09 08 40 27 91 e4
INFO - 92 c0 49 20 40 28 0e 03
INFO - 92 c0 89 40 40 23 f4 01
INFO - 92 c2 89 08 40 27 91 e4
INFO - 92 c2 c9 20 40 28 0e 03
INFO - 92 c2 09 40 40 20 04 fc
INFO - 92 c4 09 08 40 27 91 e4
INFO - 92 c4 49 20 40 28 0e 01
INFO - 92 c4 89 40 40 23 f0 fd
INFO - 92 c6 89 08 40 27 91 e4
INFO - 92 c6 c9 20 40 28 06 01
INFO - 92 c6 09 40 40 23 f4 01
INFO - 92 c8 09 08 40 27 91 e4
INFO - 92 c8 49 20 40 28 06 01
INFO - 92 c8 89 40 40 20 04 fc
INFO - 92 ca 89 08 40 27 91 e4
INFO - 92 ca c9 20 40 28 06 01
INFO - 92 ca 09 40 40 23 f0 00
INFO - 92 cc 09 08 40 27 91 ff
INFO - 92 cc 49 20 40 28 06 01
INFO - 92 cc 89 40 40 20 00 01
INFO - 92 ce 89 08 40 27 fe 0a
INFO - 92 ce c9 20 40 28 06 01
INFO - 92 ce 09 40 40 20 04 fc
INFO - 92 d0 09 08 40 28 2a 0a
INFO - 92 d0 49 20 40 28 06 01
INFO - 92 d0 89 40 40 23 f0 01
INFO - 92 d2 89 08 40 28 2a 0a
INFO - 92 d2 c9 20 40 28 06 01
INFO - 92 d2 09 40 40 20 04 fc
INFO - 92 d4 09 08 40 28 2a 0a
INFO - 92 d4 49 20 40 28 06 03
INFO - 92 d4 89 40 40 23 f0 fd
INFO - 92 d6 89 08 40 28 2a 0a
INFO - 92 d6 c9 20 40 28 0e 03
INFO - 92 d6 09 40 40 23 f4 01
INFO - 92 d8 09 08 40 28 2a 0a
INFO - 92 d8 49 20 40 28 0e 01
INFO - 92 d8 89 40 40 20 04 fc
INFO - 92 da 89 08 40 28 2a 0a
INFO - 92 da c9 20 40 28 06 01
INFO - 92 da 09 40 40 23 f0 00
INFO - 92 dc 09 08 40 28 2a 0a
INFO - 92 dc 49 20 40 28 06 01
INFO - 92 dc 89 40 40 20 00 01
INFO - 92 de 89 08 40 28 2a 0a
INFO - 92 de c9 20 40 28 06 01
INFO - 92 de 09 40 40 20 04 fc
INFO - 92 e0 09 08 40 28 2a 0a
INFO - 92 e0 49 20 40 28 06 01
INFO - 92 e0 89 40 40 23 f0 01
INFO - 92 e2 89 08 40 28 2a 0a
INFO - 92 e2 c9 20 40 28 06 01
INFO - 92 e2 09 40 40 20 04 fc
INFO - 92 e4 09 08 40 28 2a 0a
INFO - 92 e4 49 20 40 28 06 01
INFO - 92 e4 89 40 40 23 f0 fd
INFO - 92 e6 89 08 40 28 2a 0a
INFO - 92 e6 c9 20 40 28 06 01
INFO - 92 e6 09 40 40 23 f4 01
INFO - 92 e8 09 08 40 28 2a 0a
INFO - 92 e8 49 20 40 28 06 01
INFO - 92 e8 89 40 40 20 04 fc
INFO - 92 ea 89 08 40 28 2a 0a
INFO - 92 ea c9 20 40 28 06 01
INFO - 92 ea 09 40 40 23 f0 00
INFO - 92 ec 09 08 40 28 2a 12
INFO - 92 ec 49 20 40 28 06 01
INFO - 92 ec 89 40 40 20 00 01
INFO - 92 ee 89 08 40 28 4a 14
INFO - 92 ee c9 20 40 28 06 01
INFO - 92 ee 09 40 40 20 04 fc
INFO - 92 f0 09 08 40 28 52 14
INFO - 92 f0 49 20 40 28 06 01
INFO - 92 f0 89 40 40 23 f0 01
INFO - 92 f2 89 08 40 28 52 14
INFO - 92 f2 c9 20 40 28 06 01
INFO - 92 f2 09 40 40 20 04 fc
INFO - 92 f4 09 08 40 28 52 14
INFO - 92 f4 49 20 40 28 06 01
INFO - 92 f4 89 40 40 23 f0 fd
INFO - 92 f6 89 08 40 28 52 14
INFO - 92 f6 c9 20 40 28 06 01
INFO - 92 f6 09 40 40 23 f4 01
INFO - 92 f8 09 08 40 28 52 14
INFO - 92 f8 49 20 40 28 06 01
INFO - 92 f8 89 40 40 20 04 fc
INFO - 92 fa 89 08 40 28 52 14
INFO - 92 fa c9 20 40 28 06 01
INFO - 92 fa 09 40 40 23 f0 00
INFO - 92 fc 09 08 40 28 52 14
INFO - 92 fc 49 20 40 28 06 01
INFO - 92 fc 89 40 40 20 00 01
INFO - 92 fe 89 08 40 28 52 14
INFO - 92 fe c9 20 40 28 06 03
INFO - 92 fe 09 40 40 20 04 fc
INFO - 93 00 09 08 40 28 52 14
INFO - 93 00 49 20 40 28 0e 03
INFO - 93 00 89 40 40 23 f0 01
INFO - 93 02 89 08 40 28 52 14
INFO - 93 02 c9 20 40 28 0e 03
INFO - 93 02 09 40 40 20 04 fc
INFO - 93 04 09 08 40 28 52 14
INFO - 93 04 49 20 40 28 0e 01
INFO - 93 04 89 40 40 23 f0 fd
INFO - 93 06 89 08 40 28 52 14
INFO - 93 06 c9 20 40 28 06 01
INFO - 93 06 09 40 40 23 f4 01
INFO - 93 08 09 08 40 28 52 14
INFO - 93 08 49 20 40 28 06 01
INFO - 93 08 89 40 40 20 04 fc
INFO - 93 0a 89 08 40 28 52 0c
INFO - 93 0a c9 20 40 28 06 01
INFO - 93 0a 09 40 40 23 f0 00
INFO - 93 0c 09 08 40 28 32 09
INFO - 93 0c 49 20 40 28 06 01
INFO - 93 0c 89 40 40 20 00 01
INFO - 93 0e 89 08 40 28 26 09
INFO - 93 0e c9 20 40 28 06 03
INFO - 93 0e 09 40 40 20 04 fc
INFO - 93 10 09 08 40 28 26 09
INFO - 93 10 49 20 40 28 0e 03
INFO - 93 10 89 40 40 23 f0 01
INFO - 93 12 89 08 40 28 26 09
INFO - 93 12 c9 20 40 28 0e 03
INFO - 93 12 09 40 40 20 04 fc
INFO - 93 14 09 08 40 28 26 09
INFO - 93 14 49 20 40 28 0e 01
INFO - 93 14 89 40 40 23 f0 00
INFO - 93 16 89 08 40 28 26 09
INFO - 93 16 c9 20 40 28 06 01
INFO - 93 16 09 40 40 20 00 01
INFO - 93 18 09 08 40 28 26 09
INFO - 93 18 49 20 40 28 06 01
INFO - 93 18 89 40 40 20 04 fc
INFO - 93 1a 89 08 40 28 26 09
INFO - 93 1a c9 20 40 28 06 01
INFO - 93 1a 09 40 40 23 f0 fd
INFO - 93 1c 09 08 40 28 26 09
INFO - 93 1c 49 20 40 28 06 01
INFO - 93 1c 89 40 40 23 f4 01
INFO - 93 1e 89 08 40 28 26 09
INFO - 93 1e c9 20 40 28 06 01
INFO - 93 1e 09 40 40 20 04 fc
INFO - 93 20 09 08 40 28 26 09
INFO - 93 20 49 20 40 28 06 01
INFO - 93 20 89 40 40 23 f0 01
INFO - 93 22 89 08 40 28 26 09
INFO - 93 22 c9 20 40 28 06 01
INFO - 93 22 09 40 40 20 04 fc
INFO - 93 24 09 08 40 28 26 09
INFO - 93 24 49 20 40 28 06 01
INFO - 93 24 89 40 40 23 f0 fd
INFO - 93 26 89 08 40 28 26 09
INFO - 93 26 c9 20 40 28 06 01
INFO - 93 26 09 40 40 23 f4 01
INFO - 93 28 09 08 40 28 25 ec
INFO - 93 28 49 20 40 28 06 01
INFO - 93 28 89 40 40 20 04 fc
INFO - 93 2a 89 08 40 27 b1 e2
INFO - 93 2a c9 20 40 28 06 01
INFO - 93 2a 09 40 40 23 f0 00
INFO - 93 2c 09 08 40 27 89 e2
INFO - 93 2c 49 20 40 28 06 01
INFO - 93 2c 89 40 40 20 00 01
INFO - 93 2e 89 08 40 27 89 e2
INFO - 93 2e c9 20 40 28 06 01
INFO - 93 2e 09 40 40 20 04 fc
INFO - 93 30 09 08 40 27 89 e2
INFO - 93 30 49 20 40 28 06 01
INFO - 93 30 89 40 40 23 f0 01
INFO - 93 32 89 08 40 27 89 e2
INFO - 93 32 c9 20 40 28 06 01
INFO - 93 32 09 40 40 20 04 fc
INFO - 93 34 09 08 40 27 89 e2
INFO - 93 34 49 20 40 28 06 01
INFO - 93 34 89 40 40 23 f0 fd
INFO - 93 36 89 08 40 27 89 e2
INFO - 93 36 c9 20 40 28 06 01
INFO - 93 36 09 40 40 23 f4 01
INFO - 93 38 09 08 40 27 89 e2
INFO - 93 38 49 20 40 28 06 01
INFO - 93 38 89 40 40 20 04 fc
INFO - 93 3a 89 08 40 27 89 e2
INFO - 93 3a c9 20 40 28 06 01
INFO - 93 3a 09 40 40 23 f0 00
INFO - 93 3c 09 08 40 27 89 e2
INFO - 93 3c 49 20 40 28 06 01
INFO - 93 3c 89 40 40 20 00 01
INFO - 93 3e 89 08 40 27 89 e2
INFO - 93 3e c9 20 40 28 06 01
INFO - 93 3e 09 40 40 20 04 fc
INFO - 93 40 09 08 40 27 89 e2
INFO - 93 40 49 20 40 28 06 01
INFO - 93 40 89 40 40 23 f0 01
INFO - 93 42 89 08 40 27 89 e2
INFO - 93 42 c9 20 40 28 06 01
INFO - 93 42 09 40 40 20 04 fc
INFO - 93 44 09 08 40 27 89 e2
INFO - 93 44 49 20 40 28 05 ff
INFO - 93 44 89 40 40 23 f0 00
INFO - 93 46 89 08 40 27 89 c0
INFO - 93 46 c9 20 40 27 fd ff
INFO - 93 46 09 40 40 20 00 01
INFO - 93 48 09 08 40 27 01 b9
INFO - 93 48 49 20 40 27 fd ff
INFO - 93 48 89 40 40 20 04 fc
INFO - 93 4a 89 08 40 26 e5 b9
INFO - 93 4a c9 20 40 27 fd ff
INFO - 93 4a 09 40 40 23 f0 00
INFO - 93 4c 09 08 40 26 e5 b9
INFO - 93 4c 49 20 40 27 fd ff
INFO - 93 4c 89 40 40 20 00 01
INFO - 93 4e 89 08 40 26 e5 b9
INFO - 93 4e c9 20 40 27 fd ff
INFO - 93 4e 09 40 40 20 04 fc
INFO - 93 50 09 08 40 26 e5 b9
INFO - 93 50 49 20 40 27 fd ff
INFO - 93 50 89 40 40 23 f0 00
INFO - 93 52 89 08 40 26 e5 b9
INFO - 93 52 c9 20 40 27 fd ff
INFO - 93 52 09 40 40 20 00 01
INFO - 93 54 09 08 40 26 e5 b9
INFO - 93 54 49 20 40 27 fe 01
INFO - 93 54 89 40 40 20 04 fc
INFO - 93 56 89 08 40 26 e5 b9
INFO - 93 56 c9 20 40 28 05 ff
INFO - 93 56 09 40 40 23 f0 00
INFO - 93 58 09 08 40 26 e5 b9
INFO - 93 58 49 20 40 27 fd ff
INFO - 93 58 89 40 40 20 00 01
INFO - 93 5a 89 08 40 26 e5 b9
INFO - 93 5a c9 20 40 27 fd ff
INFO - 93 5a 09 40 40 20 04 fc
INFO - 93 5c 09 08 40 26 e5 b9
INFO - 93 5c 49 20 40 27 fd ff
INFO - 93 5c 89 40 40 23 f0 fd
INFO - 93 5e 89 08 40 26 e5 b9
INFO - 93 5e c9 20 40 27 fd ff
INFO - 93 5e 09 40 40 23 f4 01
INFO - 93 60 09 08 40 26 e5 b9
INFO - 93 60 49 20 40 27 fd ff
INFO - 93 60 89 40 40 20 04 fc
INFO - 93 62 89 08 40 26 e5 b9
INFO - 93 62 c9 20 40 27 fd ff
INFO - 93 62 09 40 40 23 f0 fd
INFO - 93 64 09 08 40 26 e6 14
INFO - 93 64 49 20 40 27 fd ff
INFO - 93 64 89 40 40 23 f4 01
INFO - 93 66 89 08 40 28 52 47
INFO - 93 66 c9 20 40 27 fd ff
INFO - 93 66 09 40 40 20 04 fc
INFO - 93 68 09 08 40 29 1e 47
INFO - 93 68 49 20 40 27 fd ff
INFO - 93 68 89 40 40 23 f0 01
INFO - 93 6a 89 08 40 29 1e 47
INFO - 93 6a c9 20 40 27 fd ff
INFO - 93 6a 09 40 40 20 04 fc
INFO - 93 6c 09 08 40 29 1e 47
INFO - 93 6c 49 20 40 27 fd ff
INFO - 93 6c 89 40 40 23 f0 01
INFO - 93 6e 89 08 40 29 1e 47
INFO - 93 6e c9 20 40 27 fe 01
INFO - 93 6e 09 40 40 20 04 fc
INFO - 93 70 09 08 40 29 1e 47
INFO - 93 70 49 20 40 28 06 01
INFO - 93 70 89 40 40 23 f0 00
INFO - 93 72 89 08 40 29 1e 47
INFO - 93 72 c9 20 40 28 06 01
INFO - 93 72 09 40 40 20 00 01
INFO - 93 74 09 08 40 29 1e 47
INFO - 93 74 49 20 40 28 05 ff
INFO - 93 74 89 40 40 20 04 fc
INFO - 93 76 89 08 40 29 1e 47
INFO - 93 76 c9 20 40 27 fd ff
INFO - 93 76 09 40 40 23 f0 01
INFO - 93 78 09 08 40 29 1e 47
INFO - 93 78 49 20 40 27 fd ff
INFO - 93 78 89 40 40 20 04 fc
INFO - 93 7a 89 08 40 29 1e 47
INFO - 93 7a c9 20 40 27 fd ff
INFO - 93 7a 09 40 40 23 f0 00
INFO - 93 7c 09 08 40 29 1e 47
INFO - 93 7c 49 20 40 27 fd fd
INFO - 93 7c 89 40 40 20 00 01
INFO - 93 7e 89 08 40 29 1e 47
INFO - 93 7e c9 20 40 27 f5 fd
INFO - 93 7e 09 40 40 20 04 fc
INFO - 93 80 09 08 40 29 1e 47
INFO - 93 80 49 20 40 27 f5 ff
INFO - 93 80 89 40 40 23 f0 fd
INFO - 93 82 89 08 40 29 1e 00
INFO - 93 82 c9 20 40 27 fd ff
INFO - 93 82 09 40 40 23 f4 01
INFO - 93 84 09 08 40 28 01 e6
INFO - 93 84 49 20 40 27 fd ff
INFO - 93 84 89 40 40 20 04 fc
INFO - 93 86 89 08 40 27 99 e6
INFO - 93 86 c9 20 40 27 fe 01
INFO - 93 86 09 40 40 23 f0 01
INFO - 93 88 09 08 40 27 99 e6
INFO - 93 88 49 20 40 28 05 ff
INFO - 93 88 89 40 40 20 04 fc
INFO - 93 8a 89 08 40 27 99 e6
INFO - 93 8a c9 20 40 27 fd ff
INFO - 93 8a 09 40 40 23 f0 fd
INFO - 93 8c 09 08 40 27 99 e6
INFO - 93 8c 49 20 40 27 fd ff
INFO - 93 8c 89 40 40 23 f4 01
INFO - 93 8e 89 08 40 27 99 e6
INFO - 93 8e c9 20 40 27 fd ff
INFO - 93 8e 09 40 40 20 04 fc
INFO - 93 90 09 08 40 27 99 e6
INFO - 93 90 49 20 40 27 fd ff
INFO - 93 90 89 40 40 23 f0 00
INFO - 93 92 89 08 40 27 99 e6
INFO - 93 92 c9 20 40 27 fd ff
INFO - 93 92 09 40 40 20 00 01
INFO - 93 94 09 08 40 27 99 e6
INFO - 93 94 49 20 40 27 fd ff
INFO - 93 94 89 40 40 20 04 fc
INFO - 93 96 89 08 40 27 99 e6
INFO - 93 96 c9 20 40 27 fe 01
INFO - 93 96 09 40 40 23 f0 01
INFO - 93 98 09 08 40 27 99 e6
INFO - 93 98 49 20 40 28 06 01
INFO - 93 98 89 40 40 20 04 fc
INFO - 93 9a 89 08 40 27 99 e6
INFO - 93 9a c9 20 40 28 05 ff
INFO - 93 9a 09 40 40 23 f0 00
INFO - 93 9c 09 08 40 27 99 e6
INFO - 93 9c 49 20 40 27 fd ff
INFO - 93 9c 89 40 40 20 00 01
INFO - 93 9e 89 08 40 27 99 e6
INFO - 93 9e c9 20 40 27 fd ff
INFO - 93 9e 09 40 40 20 04 fc
INFO - 93 a0 09 08 40 27 99 e6
INFO - 93 a0 49 20 40 27 fd ff
INFO - 93 a0 89 40 40 23 f0 00
INFO - 93 a2 89 08 40 27 9a 08
INFO - 93 a2 c9 20 40 27 fd ff
INFO - 93 a2 09 40 40 20 00 01
INFO - 93 a4 09 08 40 28 22 18
INFO - 93 a4 49 20 40 27 fd ff
INFO - 93 a4 89 40 40 20 04 fc
INFO - 93 a6 89 08 40 28 62 18
INFO - 93 a6 c9 20 40 27 fd ff
INFO - 93 a6 09 40 40 23 f0 fd
INFO - 93 a8 09 08 40 28 62 18
INFO - 93 a8 49 20 40 27 fd ff
INFO - 93 a8 89 40 40 23 f4 01
INFO - 93 aa 89 08 40 28 62 18
INFO - 93 aa c9 20 40 27 fd ff
INFO - 93 aa 09 40 40 20 04 fc
INFO - 93 ac 09 08 41 88 62 2f
INFO - 93 ac 49 20 41 87 fd ff
INFO - 93 ac 89 40 41 83 f0 00
INFO - 93 c4 09 08 40 28 be 30
INFO - 93 c4 49 20 40 27 fd ff
INFO - 93 c4 89 40 40 20 00 00
INFO - 93 c6 89 08 40 28 c2 30
INFO - 93 c6 c9 20 40 27 fd ff
INFO - 93 c6 09 40 40 20 00 fc
INFO - 93 c8 09 08 40 28 c2 30
INFO - 93 c8 49 20 40 27 fd ff
INFO - 93 c8 89 40 40 23 f0 01
INFO - 93 ca 89 08 40 18 c2 30
INFO - 93 ca c9 20 40 17 fd fd
INFO - 93 ca 09 40 40 10 04 fc
INFO - 93 cb 09 08 40 38 c2 30
INFO - 93 cb 49 20 40 37 f5 fd
INFO - 93 cb 89 40 40 33 f0 00
INFO - 93 ce 89 08 40 18 c2 30
INFO - 93 ce c9 20 40 17 f5 fd
INFO - 93 ce 09 40 40 10 00 01
INFO - 93 cf 09 08 40 28 c2 30
INFO - 93 cf 49 20 40 27 f5 ff
INFO - 93 cf 89 40 40 20 04 fc
INFO - 93 d1 89 08 40 28 c2 30
INFO - 93 d1 c9 20 40 27 fd ff
INFO - 93 d1 09 40 40 23 f0 01
INFO - 93 d3 09 08 40 28 c2 30
INFO - 93 d3 49 20 40 27 fd ff
INFO - 93 d3 89 40 40 20 04 fc
INFO - 93 d5 89 08 40 28 c2 30
INFO - 93 d5 c9 20 40 27 fd ff
INFO - 93 d5 09 40 40 23 f0 fd
INFO - 93 d7 09 08 40 28 c2 30
INFO - 93 d7 49 20 40 27 fd ff
INFO - 93 d7 89 40 40 23 f4 01
INFO - 93 d9 89 08 40 28 c2 30
INFO - 93 d9 c9 20 40 27 fd ff
INFO - 93 d9 09 40 40 20 04 fc
INFO - 93 db 09 08 40 28 c2 30
INFO - 93 db 49 20 40 27 fd fd
INFO - 93 db 89 40 40 23 f0 01
INFO - 93 dd 89 08 40 28 c2 01
INFO - 93 dd c9 20 40 27 f5 fd
INFO - 93 dd 09 40 40 20 04 fc
INFO - 93 df 09 08 40 28 05 f4
INFO - 93 df 49 20 40 27 f5 fd
INFO - 93 df 89 40 40 23 f0 fd
INFO - 93 e1 89 08 40 27 d1 f4
INFO - 93 e1 c9 20 40 27 f5 fd
INFO - 93 e1 09 40 40 23 f4 01
INFO - 93 e3 09 08 40 27 d1 f4
INFO - 93 e3 49 20 40 27 f5 fd
INFO - 93 e3 89 40 40 20 04 fc
INFO - 93 e5 89 08 40 27 d1 f4
INFO - 93 e5 c9 20 40 27 f5 fd
INFO - 93 e5 09 40 40 23 f0 01
INFO - 93 e7 09 08 40 27 d1 f4
INFO - 93 e7 49 20 40 27 f5 fd
INFO - 93 e7 89 40 40 20 04 fc
INFO - 93 e9 89 08 40 27 d1 f4
INFO - 93 e9 c9 20 40 27 f5 fd
INFO - 93 e9 09 40 40 23 f0 fd
INFO - 93 eb 09 08 40 27 d1 f4
INFO - 93 eb 49 20 40 27 f5 fd
INFO - 93 eb 89 40 40 23 f4 01
INFO - 93 ed 89 08 40 27 d1 f4
INFO - 93 ed c9 20 40 27 f5 fd
INFO - 93 ed 09 40 40 20 04 fc
INFO - 93 ef 09 08 40 27 d1 f4
INFO - 93 ef 49 20 40 27 f5 fd
INFO - 93 ef 89 40 40 23 f0 01
INFO - 93 f1 89 08 40 27 d1 f4
INFO - 93 f1 c9 20 40 27 f5 fd
INFO - 93 f1 09 40 40 20 04 fc
INFO - 93 f3 09 08 40 27 d1 f4
INFO - 93 f3 49 20 40 27 f5 ff
INFO - 93 f3 89 40 40 23 f0 00
INFO - 93 f5 89 08 40 27 d1 f4
INFO - 93 f5 c9 20 40 27 fd ff
INFO - 93 f5 09 40 40 20 00 01
INFO - 93 f7 09 08 40 27 d1 f4
INFO - 93 f7 49 20 40 27 fd ff
INFO - 93 f7 89 40 40 20 04 fc
INFO - 93 f9 89 08 40 27 d1 f4
INFO - 93 f9 c9 20 40 27 fd ff
INFO - 93 f9 09 40 40 23 f0 00
INFO - 93 fb 09 08 40 27 d1 f4
INFO - 93 fb 49 20 40 27 fd ff
INFO - 93 fb 89 40 40 20 00 01
INFO - 93 fd 89 08 40 27 d2 06
INFO - 93 fd c9 20 40 27 fd fd
INFO - 93 fd 09 40 40 20 04 fc
INFO - 93 ff 09 08 40 28 1a 0c
INFO - 93 ff 49 20 40 27 f5 fd
INFO - 93 ff 89 40 40 23 f0 01
INFO - 94 01 89 08 40 28 32 0c
INFO - 94 01 c9 20 40 27 f5 fb
INFO - 94 01 09 40 40 20 04 fc
INFO - 94 03 09 08 40 28 32 0c
INFO - 94 03 49 20 40 27 ed fd
INFO - 94 03 89 40 40 23 f0 00
INFO - 94 05 89 08 40 28 32 0c
INFO - 94 05 c9 20 40 27 f5 fd
INFO - 94 05 09 40 40 20 00 01
INFO - 94 07 09 08 40 28 32 0c
INFO - 94 07 49 20 40 27 f5 fd
INFO - 94 07 89 40 40 20 04 fc
INFO - 94 09 89 08 40 38 32 0c
INFO - 94 09 c9 20 40 37 f5 fd
INFO - 94 09 09 40 40 33 f0 00
INFO - 94 0c 09 08 40 18 32 0c
INFO - 94 0c 49 20 40 17 f5 fd
INFO - 94 0c 89 40 40 10 00 01
INFO - 94 0d 89 08 40 38 32 0c
INFO - 94 0d c9 20 40 37 f5 fd
INFO - 94 0d 09 40 40 30 04 fc
INFO - 94 10 09 08 40 18 32 0c
INFO - 94 10 49 20 40 17 f5 fd
INFO - 94 10 89 40 40 13 f0 01
INFO - 94 11 89 08 40 38 32 0c
INFO - 94 11 c9 20 40 37 f5 fd
INFO - 94 11 09 40 40 30 04 fc
INFO - 94 14 09 08 40 18 32 0c
INFO - 94 14 49 20 40 17 f5 fd
INFO - 94 14 89 40 40 13 f0 fd
INFO - 94 15 89 08 40 38 32 0c
INFO - 94 15 c9 20 40 37 f5 fd
INFO - 94 15 09 40 40 33 f4 01
INFO - 94 18 09 08 40 18 32 0c
INFO - 94 18 49 20 40 17 f5 fd
INFO - 94 18 89 40 40 10 04 fc
INFO - 94 19 89 08 40 28 32 02
INFO - 94 19 c9 20 40 27 f5 fd
INFO - 94 19 09 40 40 23 f0 01
INFO - 94 1b 09 08 40 28 09 ff
INFO - 94 1b 49 20 40 27 f5 ff
INFO - 94 1b 89 40 40 20 04 fc
INFO - 94 1d 89 08 40 37 fd ff
INFO - 94 1d c9 20 40 37 fd ff
INFO - 94 1d 09 40 40 33 f0 00
INFO - 94 20 09 08 40 27 fd ff
INFO - 94 20 49 20 40 27 fd ff
INFO - 94 20 89 40 40 20 00 01
INFO - 94 22 89 08 40 27 fd ff
INFO - 94 22 c9 20 40 27 fd ff
INFO - 94 22 09 40 40 20 04 fc
INFO - 94 24 09 08 40 27 fd ed
INFO - 94 24 49 20 40 27 fd fd
INFO - 94 24 89 40 40 23 f0 00
INFO - 94 26 89 08 40 27 b5 e6
INFO - 94 26 c9 20 40 27 f5 fd
INFO - 94 26 09 40 40 20 00 01
INFO - 94 28 09 08 40 27 99 e6
INFO - 94 28 49 20 40 27 f5 ff
INFO - 94 28 89 40 40 20 04 fc
INFO - 94 2a 89 08 40 27 99 e6
INFO - 94 2a c9 20 40 27 fd ff
INFO - 94 2a 09 40 40 23 f0 01
INFO - 94 2c 09 08 40 27 99 e6
INFO - 94 2c 49 20 40 27 fd ff
INFO - 94 2c 89 40 40 20 04 fc
INFO - 94 2e 89 08 40 37 9a 8a
INFO - 94 2e c9 20 40 37 fd ff
INFO - 94 2e 09 40 40 33 f0 00
INFO - 94 31 89 08 40 2a 2a 66
INFO - 94 31 c9 20 40 27 fd ff
INFO - 94 31 09 40 40 20 00 fd
INFO - 94 33 09 08 40 29 9a 51
INFO - 94 33 49 20 40 27 fd ff
INFO - 94 33 89 40 40 23 f4 fd
INFO - 94 35 89 08 40 29 46 49
INFO - 94 35 c9 20 40 27 fd ff
INFO - 94 35 09 40 40 23 f4 01
INFO - 94 37 09 08 40 29 26 3f
INFO - 94 37 49 20 40 27 fd ff
INFO - 94 37 89 40 40 20 04 fc
INFO - 94 39 89 08 40 28 fe 33
INFO - 94 39 c9 20 40 27 fd ff
INFO - 94 39 09 40 40 23 f0 01
INFO - 94 3b 09 08 40 28 ce 2c
INFO - 94 3b 49 20 40 27 fd ff
INFO - 94 3b 89 40 40 20 04 fc
INFO - 94 3d 89 08 40 28 b2 27
INFO - 94 3d c9 20 40 27 fd ff
INFO - 94 3d 09 40 40 23 f0 fd
INFO - 94 3f 09 08 40 28 9e 23
INFO - 94 3f 49 20 40 27 fe 01
INFO - 94 3f 89 40 40 23 f4 01
INFO - 94 41 89 08 40 28 8e 22
INFO - 94 41 c9 20 40 28 06 01
INFO - 94 41 09 40 40 20 04 fc
INFO - 94 43 09 08 40 28 8a 20
INFO - 94 43 49 20 40 28 06 01
INFO - 94 43 89 40 40 23 f0 00
INFO - 94 45 89 08 40 28 82 1e
INFO - 94 45 c9 20 40 28 06 01
INFO - 94 45 09 40 40 20 00 01
INFO - 94 47 09 08 40 28 7a 1d
INFO - 94 47 49 20 40 28 05 ff
INFO - 94 47 89 40 40 20 04 fc
INFO - 94 49 89 08 40 28 76 1d
INFO - 94 49 c9 20 40 27 fd ff
INFO - 94 49 09 40 40 23 f0 01
INFO - 94 4b 09 08 40 28 76 1e
INFO - 94 4b 49 20 40 27 fd ff
INFO - 94 4b 89 40 40 20 04 fc
INFO - 94 4d 89 08 40 28 7a 1f
INFO - 94 4d c9 20 40 27 fd ff
INFO - 94 4d 09 40 40 23 f0 00
INFO - 94 4f 09 08 40 28 7e 22
INFO - 94 4f 49 20 40 27 fd ff
INFO - 94 4f 89 40 40 20 00 01
INFO - 94 51 89 08 40 28 8a 28
INFO - 94 51 c9 20 40 27 fd ff
INFO - 94 51 09 40 40 20 04 fc
INFO - 94 53 09 08 40 28 a2 31
INFO - 94 53 49 20 40 27 fd ff
INFO - 94 53 89 40 40 23 f0 01
INFO - 94 55 89 08 40 28 c6 40
INFO - 94 55 c9 20 40 27 fd ff
INFO - 94 55 09 40 40 20 04 fc
INFO - 94 57 09 08 40 29 02 52
INFO - 94 57 49 20 40 27 fd ff
INFO - 94 57 89 40 40 23 f0 00
INFO - 94 59 89 08 40 29 4a 83
INFO - 94 59 c9 20 40 27 fd ff
INFO - 94 59 09 40 40 20 00 01
INFO - 94 5b 09 08 40 0a 0e 83
INFO - 94 5b 49 20 40 07 fd ff
INFO - 94 5b 89 40 40 00 04 c3
INFO - b4 99 49 40 57 00 00 02
INFO - b4 99 89 40 57 00 00 02
INFO - b4 99 c9 40 57 00 00 02
INFO - b4 99 09 40 57 00 00 02
INFO - b4 99 49 40 57 00 00 02
INFO - 94 ee 09 08 40 28 4e 13
INFO - 94 ee 49 20 40 28 06 01
INFO - 94 ee 89 40 40 23 0c 3a
INFO - 94 f0 89 08 40 28 4e 13
INFO - 94 f0 c9 20 40 28 06 01
INFO - 94 f0 09 40 40 20 e8 01
INFO - 94 f2 09 08 40 28 4e 13
INFO - 94 f2 49 20 40 28 06 01
INFO - 94 f2 89 40 40 20 04 fc
INFO - 94 f4 89 08 40 28 4e 13
INFO - 94 f4 c9 20 40 28 05 ff
INFO - 94 f4 09 40 40 23 f0 fd
INFO - 94 f6 09 08 40 28 4e 13
INFO - 94 f6 49 20 40 27 fd ff
INFO - 94 f6 89 40 40 23 f4 01
INFO - 94 f8 89 08 40 28 4e 13
INFO - 94 f8 c9 20 40 27 fd ff
INFO - 94 f8 09 40 40 20 04 fc
INFO - 94 fa 09 08 40 28 4e 13
INFO - 94 fa 49 20 40 27 fd ff
INFO - 94 fa 89 40 40 23 f0 01
INFO - 94 fc 89 08 40 28 4e 13
INFO - 94 fc c9 20 40 27 fd ff
INFO - 94 fc 09 40 40 20 04 fc
INFO - 94 fe 09 08 40 28 4e 13
INFO - 94 fe 49 20 40 27 fd ff
INFO - 94 fe 89 40 40 23 f0 01
INFO - 95 00 89 08 40 28 4e 45
INFO - 95 00 c9 20 40 27 fe 01
INFO - 95 00 09 40 40 20 04 fc
INFO - 95 02 09 08 40 29 16 48
INFO - 95 02 49 20 40 28 05 ff
INFO - 95 02 89 40 40 23 f0 01
INFO - 95 04 89 08 40 19 22 48
INFO - 95 04 c9 20 40 17 fd ff
INFO - 95 04 09 40 40 10 04 fc
INFO - 95 05 09 08 40 39 22 48
INFO - 95 05 49 20 40 37 fe 01
INFO - 95 05 89 40 40 33 f0 01
INFO - 95 08 89 08 40 19 22 48
INFO - 95 08 c9 20 40 18 06 01
INFO - 95 08 09 40 40 10 04 fc
INFO - 95 09 09 08 40 29 22 48
INFO - 95 09 49 20 40 28 05 ff
INFO - 95 09 89 40 40 23 f0 01
INFO - 95 0b 89 08 40 39 22 48
INFO - 95 0b c9 20 40 37 fd ff
INFO - 95 0b 09 40 40 30 04 fc
INFO - 95 0e 09 08 40 19 22 48
INFO - 95 0e 49 20 40 17 fd ff
INFO - 95 0e 89 40 40 13 f0 01
INFO - 95 0f 89 08 40 29 22 48
INFO - 95 0f c9 20 40 27 fd ff
INFO - 95 0f 09 40 40 20 04 00
INFO - 95 11 09 08 40 29 22 48
INFO - 95 11 49 20 40 27 fe 01
INFO - 95 11 89 40 40 20 00 fc
INFO - 95 13 89 08 40 29 22 48
INFO - 95 13 c9 20 40 28 06 01
INFO - 95 13 09 40 40 23 f0 01
INFO - 95 15 09 08 40 29 22 48
INFO - 95 15 49 20 40 28 06 01
INFO - 95 15 89 40 40 20 04 00
INFO - 95 17 89 08 40 29 22 48
INFO - 95 17 c9 20 40 28 06 01
INFO - 95 17 09 40 40 20 00 fd
INFO - 95 19 09 08 40 29 22 48
INFO - 95 19 49 20 40 28 06 03
INFO - 95 19 89 40 40 23 f4 fc
INFO - 95 1b 89 08 40 29 22 48
INFO - 95 1b c9 20 40 28 0e 03
INFO - 95 1b 09 40 40 23 f0 01
INFO - 95 1d 09 08 40 29 22 3b
INFO - 95 1d 49 20 40 28 0e 01
INFO - 95 1d 89 40 40 20 04 fd
INFO - 95 1f 89 08 40 28 ee 39
INFO - 95 1f c9 20 40 28 05 ff
INFO - 95 1f 09 40 40 23 f4 00
INFO - 95 21 09 08 40 28 e6 39
INFO - 95 21 49 20 40 27 fd ff
INFO - 95 21 89 40 40 20 00 fd
INFO - 95 23 89 08 40 28 e6 39
INFO - 95 23 c9 20 40 27 fd ff
INFO - 95 23 09 40 40 23 f4 00
INFO - 95 25 09 08 40 28 e6 39
INFO - 95 25 49 20 40 27 fe 01
INFO - 95 25 89 40 40 20 00 00
INFO - 95 27 89 08 40 28 e6 39
INFO - 95 27 c9 20 40 28 06 01
INFO - 95 27 09 40 40 20 00 00
INFO - 95 29 09 08 40 28 e6 39
INFO - 95 29 49 20 40 28 06 01
INFO - 95 29 89 40 40 20 00 fd
INFO - 95 2b 89 08 40 28 e6 39
INFO - 95 2b c9 20 40 28 06 01
INFO - 95 2b 09 40 40 23 f4 00
INFO - 95 2d 09 08 40 28 e6 39
INFO - 95 2d 49 20 40 28 06 01
INFO - 95 2d 89 40 40 20 00 00
INFO - 95 2f 89 08 40 28 e6 39
INFO - 95 2f c9 20 40 28 06 01
INFO - 95 2f 09 40 40 20 00 fd
INFO - 95 31 09 08 40 28 e6 39
INFO - 95 31 49 20 40 28 06 01
INFO - 95 31 89 40 40 23 f4 00
INFO - 95 33 89 08 40 28 e6 39
INFO - 95 33 c9 20 40 28 05 ff
INFO - 95 33 09 40 40 20 00 00
INFO - 95 35 09 08 40 28 e6 39
INFO - 95 35 49 20 40 27 fd ff
INFO - 95 35 89 40 40 20 00 00
INFO - 95 37 89 08 40 28 e6 39
INFO - 95 37 c9 20 40 27 fd ff
INFO - 95 37 09 40 40 20 00 fd
INFO - 95 39 09 08 40 28 e6 39
INFO - 95 39 49 20 40 27 fe 01
INFO - 95 39 89 40 40 23 f4 00
INFO - 95 3b 89 08 40 28 e6 20
INFO - 95 3b c9 20 40 28 06 03
INFO - 95 3b 09 40 40 20 00 01
INFO - 95 3d 09 08 40 28 82 1e
INFO - 95 3d 49 20 40 28 0e 05
INFO - 95 3d 89 40 40 20 04 fc
INFO - 95 3f 89 08 40 28 7a 1e
INFO - 95 3f c9 20 40 28 16 03
INFO - 95 3f 09 40 40 23 f0 00
INFO - 95 41 09 08 40 28 7a 1e
INFO - 95 41 49 20 40 28 0e 03
INFO - 95 41 89 40 40 20 00 00
INFO - 95 43 89 08 40 28 7a 1e
INFO - 95 43 c9 20 40 28 0e 01
INFO - 95 43 09 40 40 20 00 01
INFO - 95 45 09 08 40 28 7a 1e
INFO - 95 45 49 20 40 28 06 01
INFO - 95 45 89 40 40 20 04 fc
INFO - 95 47 89 08 40 28 7a 1e
INFO - 95 47 c9 20 40 28 06 01
INFO - 95 47 09 40 40 23 f0 00
INFO - 95 49 09 08 40 28 7a 1e
INFO - 95 49 49 20 40 28 06 01
INFO - 95 49 89 40 40 20 00 01
INFO - 95 4b 89 08 40 28 7a 1e
INFO - 95 4b c9 20 40 28 05 ff
INFO - 95 4b 09 40 40 20 04 fc
INFO - 95 4d 09 08 40 28 7a 1e
INFO - 95 4d 49 20 40 27 fd ff
INFO - 95 4d 89 40 40 23 f0 01
INFO - 95 4f 89 08 40 28 7a 1e
INFO - 95 4f c9 20 40 27 fd ff
INFO - 95 4f 09 40 40 20 04 fc
INFO - 95 51 09 08 40 28 7a 1e
INFO - 95 51 49 20 40 27 fd ff
INFO - 95 51 89 40 40 23 f0 01
INFO - 95 53 89 08 40 28 7a 1e
INFO - 95 53 c9 20 40 27 fe 03
INFO - 95 53 09 40 40 20 04 fc
INFO - 95 55 09 08 40 28 7a 1e
INFO - 95 55 49 20 40 28 0e 05
INFO - 95 55 89 40 40 23 f0 01
INFO - 95 57 89 08 40 28 7a 1e
INFO - 95 57 c9 20 40 28 16 05
INFO - 95 57 09 40 40 20 04 00
INFO - 95 59 09 08 40 28 7a 25
INFO - 95 59 49 20 40 28 16 03
INFO - 95 59 89 40 40 20 00 fc
INFO - 95 5b 89 08 40 28 96 26
INFO - 95 5b c9 20 40 28 0e 01
INFO - 95 5b 09 40 40 23 f0 01
INFO - 95 5d 09 08 40 28 9a 26
INFO - 95 5d 49 20 40 28 06 01
INFO - 95 5d 89 40 40 20 04 00
INFO - 95 5f 89 08 40 28 9a 26
INFO - 95 5f c9 20 40 28 06 01
INFO - 95 5f 09 40 40 20 00 00
INFO - 95 61 09 08 40 28 9a 26
INFO - 95 61 49 20 40 28 06 01
INFO - 95 61 89 40 40 20 00 00
INFO - 95 63 89 08 40 28 9a 26
INFO - 95 63 c9 20 40 28 06 01
INFO - 95 63 09 40 40 20 00 fc
INFO - 95 65 09 08 40 28 9a 26
INFO - 95 65 49 20 40 28 06 01
INFO - 95 65 89 40 40 23 f0 01
INFO - 95 67 89 08 40 28 9a 26
INFO - 95 67 c9 20 40 28 06 03
INFO - 95 67 09 40 40 20 04 00
INFO - 95 69 09 08 40 28 9a 26
INFO - 95 69 49 20 40 28 0e 03
INFO - 95 69 89 40 40 20 00 fc
INFO - 95 6b 89 08 40 48 9a 8c
INFO - 95 6b c9 20 40 48 0d ff
INFO - 95 6b 09 40 40 43 f0 01
INFO - 95 6f 89 08 40 2a 32 78
INFO - 95 6f c9 20 40 27 fe 01
INFO - 95 6f 09 40 40 20 04 fd
INFO - 95 71 09 08 40 29 e2 62
INFO - 95 71 49 20 40 28 06 01
INFO - 95 71 89 40 40 23 f4 01
INFO - 95 73 89 08 40 29 8a 53
INFO - 95 73 c9 20 40 28 06 01
INFO - 95 73 09 40 40 20 04 fc
INFO - 95 75 09 08 40 29 4e 4c
INFO - 95 75 49 20 40 28 06 01
INFO - 95 75 89 40 40 23 f0 00
INFO - 95 77 89 08 40 29 32 46
INFO - 95 77 c9 20 40 28 06 01
INFO - 95 77 09 40 40 20 00 00
INFO - 95 79 09 08 40 29 1a 41
INFO - 95 79 49 20 40 28 06 01
INFO - 95 79 89 40 40 20 00 00
INFO - 95 7b 89 08 40 29 06 3f
INFO - 95 7b c9 20 40 28 06 03
INFO - 95 7b 09 40 40 20 00 00
INFO - 95 7d 09 08 40 28 fe 37
INFO - 95 7d 49 20 40 28 0e 03
INFO - 95 7d 89 40 40 20 00 fd
INFO - 95 7f 89 08 40 28 de 31
INFO - 95 7f c9 20 40 28 0e 03
INFO - 95 7f 09 40 40 23 f4 00
INFO - 95 81 09 08 40 28 c6 2c
INFO - 95 81 49 20 40 28 0e 03
INFO - 95 81 89 40 40 20 00 01
INFO - 95 83 89 08 40 28 b2 28
INFO - 95 83 c9 20 40 28 0e 03
INFO - 95 83 09 40 40 20 04 fc
INFO - 95 85 09 08 40 28 a2 24
INFO - 95 85 49 20 40 28 0e 03
INFO - 95 85 89 40 40 23 f0 00
INFO - 95 87 89 08 40 28 92 22
INFO - 95 87 c9 20 40 28 0e 03
INFO - 95 87 09 40 40 20 00 01
INFO - 95 89 09 08 40 28 8a 1f
INFO - 95 89 49 20 40 28 0e 03
INFO - 95 89 89 40 40 20 04 fc
INFO - 95 8b 89 08 40 28 7e 1d
INFO - 95 8b c9 20 40 28 0e 03
INFO - 95 8b 09 40 40 23 f0 01
INFO - 95 8d 09 08 40 28 76 1b
INFO - 95 8d 49 20 40 28 0e 03
INFO - 95 8d 89 40 40 20 04 fc
INFO - 95 8f 89 08 40 28 6e 19
INFO - 95 8f c9 20 40 28 0e 03
INFO - 95 8f 09 40 40 23 f0 00
INFO - 95 91 09 08 40 28 66 17
INFO - 95 91 49 20 40 28 0e 03
INFO - 95 91 89 40 40 20 00 01
INFO - b5 93 c9 40 57 00 00 02
INFO - b5 93 09 40 57 00 00 02
INFO - b5 93 49 40 57 00 00 02
INFO - b5 93 89 40 57 00 00 02
INFO - 95 93 89 08 40 28 5e 16
INFO - 95 93 c9 20 40 28 0e 03
INFO - 95 93 09 40 40 20 04 00
INFO - 95 95 09 08 40 28 5a 15
INFO - 95 95 49 20 40 28 0e 03
INFO - 95 95 89 40 40 20 00 fc
INFO - 95 97 89 08 40 28 56 14
INFO - 95 97 c9 20 40 28 0e 03
INFO - 95 97 09 40 40 23 f0 01
INFO - 95 99 09 08 40 28 52 13
INFO - 95 99 49 20 40 28 0e 03
INFO - 95 99 89 40 40 20 04 fc
INFO - 95 9b 89 08 40 28 4e 12
INFO - 95 9b c9 20 40 28 0e 03
INFO - 95 9b 09 40 40 23 f0 01
INFO - 95 9d 09 08 40 28 4a 11
INFO - 95 9d 49 20 40 28 0e 03
INFO - 95 9d 89 40 40 20 04 fc
INFO - 95 9f 89 08 40 28 46 11
INFO - 95 9f c9 20 40 28 0e 03
INFO - 95 9f 09 40 40 23 f0 01
INFO - 95 a1 09 08 40 28 46 10
INFO - 95 a1 49 20 40 28 0e 03
INFO - 95 a1 89 40 40 20 04 00
INFO - 95 a3 89 08 40 28 42 10
INFO - 95 a3 c9 20 40 28 0e 03
INFO - 95 a3 09 40 40 20 00 fc
INFO - 95 a5 09 08 40 28 42 10
INFO - 95 a5 49 20 40 28 0e 03
INFO - 95 a5 89 40 40 23 f0 01
INFO - 95 a7 89 08 40 28 42 0f
INFO - 95 a7 c9 20 40 28 0e 03
INFO - 95 a7 09 40 40 20 04 00
INFO - 95 a9 09 08 40 28 3e 0f
INFO - 95 a9 49 20 40 28 0e 03
INFO - 95 a9 89 40 40 20 00 fc
INFO - 95 ab 89 08 40 28 3e 0f
INFO - 95 ab c9 20 40 28 0e 03
INFO - 95 ab 09 40 40 23 f0 01
INFO - 95 ad 09 08 40 28 3e 0f
INFO - 95 ad 49 20 40 28 0e 03
INFO - 95 ad 89 40 40 20 04 00
INFO - 95 af 89 08 40 28 3e 0f
INFO - 95 af c9 20 40 28 0e 03
INFO - 95 af 09 40 40 20 00 00
INFO - 95 b1 09 08 40 28 3e 10
INFO - 95 b1 49 20 40 28 0e 03
INFO - 95 b1 89 40 40 20 00 00
INFO - 95 b3 89 08 40 28 42 10
INFO - 95 b3 c9 20 40 28 0e 03
INFO - 95 b3 09 40 40 20 00 00
INFO - 95 b5 09 08 40 28 42 11
INFO - 95 b5 49 20 40 28 0e 03
INFO - 95 b5 89 40 40 20 00 00
INFO - 95 b7 89 08 40 28 46 11
INFO - 95 b7 c9 20 40 28 0e 03
INFO - 95 b7 09 40 40 20 00 00
INFO - 95 b9 09 08 40 28 46 12
INFO - 95 b9 49 20 40 28 0e 03
INFO - 95 b9 89 40 40 20 00 00
INFO - 95 bb 89 08 40 28 4a 13
INFO - 95 bb c9 20 40 28 0e 03
INFO - 95 bb 09 40 40 20 00 fc
INFO - 95 bd 09 08 40 28 4e 15
INFO - 95 bd 49 20 40 28 0e 01
INFO - 95 bd 89 40 40 23 f0 01
INFO - 95 bf 89 08 40 28 56 17
INFO - 95 bf c9 20 40 28 06 01
INFO - 95 bf 09 40 40 20 04 00
INFO - 95 c1 09 08 40 28 5e 19
INFO - 95 c1 49 20 40 28 06 01
INFO - 95 c1 89 40 40 20 00 fe
INFO - 95 c3 89 08 40 28 66 1c
INFO - 95 c3 c9 20 40 28 06 01
INFO - 95 c3 09 40 40 23 f8 00
INFO - 95 c5 09 08 40 28 72 22
INFO - 95 c5 49 20 40 28 06 01
INFO - 95 c5 89 40 40 20 00 00
INFO - 95 c7 89 08 40 28 8a 2b
INFO - 95 c7 c9 20 40 28 05 ff
INFO - 95 c7 09 40 40 20 00 00
INFO - 95 c9 09 08 40 28 ae 39
INFO - 95 c9 49 20 40 27 fd ff
INFO - 95 c9 89 40 40 20 00 00
INFO - 95 cb 89 08 40 28 e6 47
INFO - 95 cb c9 20 40 27 fd ff
INFO - 95 cb 09 40 40 20 00 01
INFO - 95 cd 09 08 40 09 1e 47
INFO - 95 cd 49 20 40 07 fd ff
INFO - 95 cd 89 40 40 00 04 be
INFO - 96 5d 09 08 40 2a f6 90
INFO - 96 5d 49 20 40 27 fd ff
INFO - 96 5d 89 40 40 22 f8 40
INFO - 96 5f 89 08 40 2a 42 8b
INFO - 96 5f c9 20 40 27 fd ff
INFO - 96 5f 09 40 40 21 00 00
INFO - b6 60 49 40 57 00 00 02
INFO - b6 60 89 40 57 00 00 02
INFO - b6 60 c9 40 57 00 00 02
INFO - b6 60 09 40 57 00 00 02
INFO - 96 61 09 08 40 2a 2e 6d
INFO - 96 61 49 20 40 27 fd ff
INFO - 96 61 89 40 40 20 00 01
INFO - 96 63 89 08 40 29 b6 58
INFO - 96 63 c9 20 40 27 fd fd
INFO - 96 63 09 40 40 20 04 fc
INFO - 96 65 09 08 40 29 62 4a
INFO - 96 65 49 20 40 27 f5 fd
INFO - 96 65 89 40 40 23 f0 00
INFO - 96 67 89 08 40 29 2a 46
INFO - 96 67 c9 20 40 27 f5 fd
INFO - 96 67 09 40 40 20 00 01
INFO - 96 69 09 08 40 29 1a 3c
INFO - 96 69 49 20 40 27 f5 fd
INFO - 96 69 89 40 40 20 04 fc
INFO - 96 6b 89 08 40 28 f2 2f
INFO - 96 6b c9 20 40 27 f5 fd
INFO - 96 6b 09 40 40 23 f0 00
INFO - 96 6d 09 08 40 28 be 25
INFO - 96 6d 49 20 40 27 f5 fd
INFO - 96 6d 89 40 40 20 00 00
INFO - 96 6f 89 08 40 28 96 1c
INFO - 96 6f c9 20 40 27 f5 fd
INFO - 96 6f 09 40 40 20 00 01
INFO - 96 71 09 08 40 28 72 14
INFO - 96 71 49 20 40 27 f5 fd
INFO - 96 71 89 40 40 20 04 fc
INFO - 96 73 89 08 40 28 52 0d
INFO - 96 73 c9 20 40 27 f5 fd
INFO - 96 73 09 40 40 23 f0 01
INFO - 96 75 09 08 40 28 36 05
INFO - 96 75 49 20 40 27 f5 fd
INFO - 96 75 89 40 40 20 04 fc
INFO - 96 77 89 08 40 28 15 fd
INFO - 96 77 c9 20 40 27 f5 ff
INFO - 96 77 09 40 40 23 f0 01
INFO - 96 79 09 08 40 27 f5 f2
INFO - 96 79 49 20 40 27 fd ff
INFO - 96 79 89 40 40 20 04 fc
INFO - 96 7b 89 08 40 27 c9 dc
INFO - 96 7b c9 20 40 27 fd ff
INFO - 96 7b 09 40 40 23 f0 01
INFO - 96 7d 09 08 40 27 71 ba
INFO - 96 7d 49 20 40 27 fd ff
INFO - 96 7d 89 40 40 20 04 fc
INFO - 96 7f 89 08 40 26 e9 85
INFO - 96 7f c9 20 40 27 fd ff
INFO - 96 7f 09 40 40 23 f0 01
INFO - 96 81 09 08 40 26 15 6a
INFO - 96 81 49 20 40 27 fd ff
INFO - 96 81 89 40 40 20 04 fc
INFO - 96 83 89 08 40 05 a9 6a
INFO - 96 83 c9 20 40 07 fd ff
INFO - 96 83 09 40 40 03 f0 bd
INFO - 97 31 c9 08 40 28 5a 16
INFO - 97 31 09 20 40 27 f5 fd
INFO - 97 31 49 40 40 22 f4 44
INFO - 97 33 49 08 40 28 5a 16
INFO - 97 33 89 20 40 27 f5 fd
INFO - 97 33 c9 40 40 21 10 fd
INFO - 97 35 c9 08 40 28 5a 16
INFO - 97 35 09 20 40 27 f5 fd
INFO - 97 35 49 40 40 23 f4 00
INFO - 97 37 49 08 40 28 5a 16
INFO - 97 37 89 20 40 27 f5 fb
INFO - 97 37 c9 40 40 20 00 fd
INFO - 97 39 c9 08 40 28 5a 16
INFO - 97 39 09 20 40 27 ed fd
INFO - 97 39 49 40 40 23 f4 00
INFO - 97 3b 49 08 40 28 5a 18
INFO - 97 3b 89 20 40 27 f5 fd
INFO - 97 3b c9 40 40 20 00 00
INFO - 97 3d c9 08 40 28 62 22
INFO - 97 3d 09 20 40 27 f5 ff
INFO - 97 3d 49 40 40 20 00 01
INFO - 97 3f 49 08 40 28 8a 22
INFO - 97 3f 89 20 40 27 fd ff
INFO - 97 3f c9 40 40 20 04 fc
INFO - 97 41 c9 08 40 28 8a 22
INFO - 97 41 09 20 40 27 fd ff
INFO - 97 41 49 40 40 23 f0 00
INFO - 97 43 49 08 40 28 8a 22
INFO - 97 43 89 20 40 27 fd ff
INFO - 97 43 c9 40 40 20 00 fd
INFO - 97 45 c9 08 40 28 8a 22
INFO - 97 45 09 20 40 27 fd ff
INFO - 97 45 49 40 40 23 f4 00
INFO - 97 47 49 08 40 28 8a 22
INFO - 97 47 89 20 40 27 fd ff
INFO - 97 47 c9 40 40 20 00 fd
INFO - 97 49 c9 08 40 28 8a 22
INFO - 97 49 09 20 40 27 fd fd
INFO - 97 49 49 40 40 23 f4 01
INFO - 97 4b 49 08 40 28 8a 22
INFO - 97 4b 89 20 40 27 f5 fd
INFO - 97 4b c9 40 40 20 04 fc
INFO - 97 4d c9 08 40 28 8a 22
INFO - 97 4d 09 20 40 27 f5 fd
INFO - 97 4d 49 40 40 23 f0 00
INFO - 97 4f 49 08 40 28 8a 22
INFO - 97 4f 89 20 40 27 f5 fd
INFO - 97 4f c9 40 40 20 00 fd
INFO - 97 51 c9 08 40 28 8a 22
INFO - 97 51 09 20 40 27 f5 fd
INFO - 97 51 49 40 40 23 f4 01
INFO - 97 53 49 08 40 28 8a 22
INFO - 97 53 89 20 40 27 f5 fb
INFO - 97 53 c9 40 40 20 04 fc
INFO - 97 55 c9 08 40 28 8a 22
INFO - 97 55 09 20 40 27 ed f9
INFO - 97 55 49 40 40 23 f0 01
INFO - 97 57 49 08 40 28 8a 22
INFO - 97 57 89 20 40 27 e5 f7
INFO - 97 57 c9 40 40 20 04 fc
INFO - 97 59 c9 08 40 18 8a 24
INFO - 97 59 09 20 40 17 dd f7
INFO - 97 59 49 40 40 13 f0 01
INFO - 97 5a 49 08 40 38 92 39
INFO - 97 5a 89 20 40 37 dd f9
INFO - 97 5a c9 40 40 30 04 fc
INFO - 97 5d c9 08 40 18 e6 39
INFO - 97 5d 09 20 40 17 e5 ff
INFO - 97 5d 49 40 40 13 f0 01
INFO - 97 5e 49 08 40 38 e6 39
INFO - 97 5e 89 20 40 37 fd ff
INFO - 97 5e c9 40 40 30 04 fd
INFO - 97 61 c9 08 40 18 e6 39
INFO - 97 61 09 20 40 17 fd ff
INFO - 97 61 49 40 40 13 f4 fc
INFO - 97 62 49 08 40 38 e6 39
INFO - 97 62 89 20 40 37 fd ff
INFO - 97 62 c9 40 40 33 f0 01
INFO - 97 65 c9 08 40 18 e6 39
INFO - 97 65 09 20 40 17 fd ff
INFO - 97 65 49 40 40 10 04 fc
INFO - 97 66 49 08 40 38 e6 39
INFO - 97 66 89 20 40 37 fd ff
INFO - 97 66 c9 40 40 33 f0 01
INFO - 97 69 c9 08 40 18 e6 39
INFO - 97 69 09 20 40 17 fd ff
INFO - 97 69 49 40 40 10 04 fc
INFO - 97 6a 49 08 40 28 e6 39
INFO - 97 6a 89 20 40 27 fd ff
INFO - 97 6a c9 40 40 23 f0 01
INFO - 97 6c c9 08 40 28 e6 39
INFO - 97 6c 09 20 40 27 fd fd
INFO - 97 6c 49 40 40 20 04 fd
INFO - 97 6e 49 08 40 28 e6 39
INFO - 97 6e 89 20 40 27 f5 fd
INFO - 97 6e c9 40 40 23 f4 fc
INFO - 97 70 c9 08 40 28 e6 39
INFO - 97 70 09 20 40 27 f5 fb
INFO - 97 70 49 40 40 23 f0 01
INFO - 97 72 49 08 40 28 e6 39
INFO - 97 72 89 20 40 27 ed f9
INFO - 97 72 c9 40 40 20 04 00
INFO - 97 74 c9 08 40 28 e6 39
INFO - 97 74 09 20 40 27 e5 f9
INFO - 97 74 49 40 40 20 00 00
INFO - 97 76 49 08 40 28 e6 3b
INFO - 97 76 89 20 40 27 e5 f7
INFO - 97 76 c9 40 40 20 00 fc
INFO - 97 78 c9 08 40 28 ee 42
INFO - 97 78 09 20 40 27 dd f7
INFO - 97 78 49 40 40 23 f0 01
INFO - 97 7a 49 08 40 29 0a 42
INFO - 97 7a 89 20 40 27 dd f9
INFO - 97 7a c9 40 40 20 04 fd
INFO - 97 7c c9 08 40 29 0a 42
INFO - 97 7c 09 20 40 27 e5 fb
INFO - 97 7c 49 40 40 23 f4 00
INFO - 97 7e 49 08 40 29 0a 42
INFO - 97 7e 89 20 40 27 ed fd
INFO - 97 7e c9 40 40 20 00 00
INFO - 97 80 c9 08 40 29 0a 42
INFO - 97 80 09 20 40 27 f5 fd
INFO - 97 80 49 40 40 20 00 fd
INFO - 97 82 49 08 40 29 0a 42
INFO - 97 82 89 20 40 27 f5 ff
INFO - 97 82 c9 40 40 23 f4 00
INFO - 97 84 c9 08 40 29 0a 42
INFO - 97 84 09 20 40 27 fd ff
INFO - 97 84 49 40 40 20 00 00
INFO - 97 86 49 08 40 29 0a 42
INFO - 97 86 89 20 40 27 fd ff
INFO - 97 86 c9 40 40 20 00 fd
INFO - 97 88 c9 08 40 29 0a 42
INFO - 97 88 09 20 40 27 fd fd
INFO - 97 88 49 40 40 23 f4 00
INFO - 97 8a 49 08 40 29 0a 42
INFO - 97 8a 89 20 40 27 f5 fb
INFO - 97 8a c9 40 40 20 00 00
INFO - 97 8c c9 08 40 29 0a 42
INFO - 97 8c 09 20 40 27 ed f9
INFO - 97 8c 49 40 40 20 00 01
INFO - 97 8e 49 08 40 29 0a 42
INFO - 97 8e 89 20 40 27 e5 fb
INFO - 97 8e c9 40 40 20 04 fd
INFO - 97 90 c9 08 40 29 0a 42
INFO - 97 90 09 20 40 27 ed fb
INFO - 97 90 49 40 40 23 f4 00
INFO - 97 92 49 08 40 29 0a 42
INFO - 97 92 89 20 40 27 ed fb
INFO - 97 92 c9 40 40 20 00 fd
INFO - 97 94 c9 08 40 29 0a 42
INFO - 97 94 09 20 40 27 ed f9
INFO - 97 94 49 40 40 23 f4 00
INFO - 97 96 49 08 40 29 0a 41
INFO - 97 96 89 20 40 27 e5 f9
INFO - 97 96 c9 40 40 20 00 01
INFO - 97 98 c9 08 40 29 06 31
INFO - 97 98 09 20 40 27 e5 f9
INFO - 97 98 49 40 40 20 04 fc
INFO - 97 9a 49 08 40 28 c6 31
INFO - 97 9a 89 20 40 27 e5 f9
INFO - 97 9a c9 40 40 23 f0 00
INFO - 97 9c c9 08 40 28 c6 31
INFO - 97 9c 09 20 40 27 e5 fb
INFO - 97 9c 49 40 40 20 00 01
INFO - 97 9e 49 08 40 28 c6 31
INFO - 97 9e 89 20 40 27 ed fd
INFO - 97 9e c9 40 40 20 04 fc
INFO - 97 a0 c9 08 40 28 c6 31
INFO - 97 a0 09 20 40 27 f5 fd
INFO - 97 a0 49 40 40 23 f0 00
INFO - 97 a2 49 08 40 28 c6 31
INFO - 97 a2 89 20 40 27 f5 fd
INFO - 97 a2 c9 40 40 20 00 01
INFO - 97 a4 c9 08 40 58 c6 31
INFO - 97 a4 09 20 40 57 f5 fd
INFO - 97 a4 49 40 40 50 04 fd
INFO - 97 a9 c9 08 40 28 c6 31
INFO - 97 a9 09 20 40 27 f5 fb
INFO - 97 a9 49 40 40 23 f4 00
INFO - 97 ab 49 08 40 28 c6 31
INFO - 97 ab 89 20 40 27 ed fb
INFO - 97 ab c9 40 40 20 00 fc
INFO - 97 ad c9 08 40 28 c6 31
INFO - 97 ad 09 20 40 27 ed fb
INFO - 97 ad 49 40 40 23 f0 01
INFO - 97 af 49 08 40 28 c6 31
INFO - 97 af 89 20 40 27 ed fb
INFO - 97 af c9 40 40 20 04 fc
INFO - 97 b1 c9 08 40 28 c6 31
INFO - 97 b1 09 20 40 27 ed fb
INFO - 97 b1 49 40 40 23 f0 01
INFO - 97 b3 49 08 40 28 c6 2e
INFO - 97 b3 89 20 40 27 ed fb
INFO - 97 b3 c9 40 40 20 04 00
INFO - 97 b5 c9 08 40 28 ba 26
INFO - 97 b5 09 20 40 27 ed f9
INFO - 97 b5 49 40 40 20 00 fc
INFO - 97 b7 49 08 40 28 9a 26
INFO - 97 b7 89 20 40 27 e5 fb
INFO - 97 b7 c9 40 40 23 f0 01
INFO - 97 b9 c9 08 40 28 9a 26
INFO - 97 b9 09 20 40 27 ed fb
INFO - 97 b9 49 40 40 20 04 00
INFO - 97 bb 49 08 40 28 9a 26
INFO - 97 bb 89 20 40 27 ed fd
INFO - 97 bb c9 40 40 20 00 00
INFO - 97 bd c9 08 40 28 9a 26
INFO - 97 bd 09 20 40 27 f5 ff
INFO - 97 bd 49 40 40 20 00 00
INFO - 97 bf 49 08 40 28 9a 26
INFO - 97 bf 89 20 40 27 fd ff
INFO - 97 bf c9 40 40 20 00 fc
INFO - 97 c1 c9 08 40 28 9a 26
INFO - 97 c1 09 20 40 27 fd ff
INFO - 97 c1 49 40 40 23 f0 01
INFO - 97 c3 49 08 40 28 9a 26
INFO - 97 c3 89 20 40 27 fd ff
INFO - 97 c3 c9 40 40 20 04 00
INFO - 97 c5 c9 08 40 28 9a 26
INFO - 97 c5 09 20 40 27 fd ff
INFO - 97 c5 49 40 40 20 00 00
INFO - 97 c7 49 08 40 28 9a 26
INFO - 97 c7 89 20 40 27 fd ff
INFO - 97 c7 c9 40 40 20 00 00
INFO - 97 c9 c9 08 40 28 9a 26
INFO - 97 c9 09 20 40 27 fd ff
INFO - 97 c9 49 40 40 20 00 fd
INFO - 97 cb 49 08 40 28 9a 26
INFO - 97 cb 89 20 40 27 fd fd
INFO - 97 cb c9 40 40 23 f4 00
INFO - 97 cd c9 08 40 28 9a 26
INFO - 97 cd 09 20 40 27 f5 fb
INFO - 97 cd 49 40 40 20 00 00
INFO - 97 cf 49 08 40 28 9a 26
INFO - 97 cf 89 20 40 27 ed fb
INFO - 97 cf c9 40 40 20 00 00
INFO - 97 d1 c9 08 40 28 9a 26
INFO - 97 d1 09 20 40 27 ed fd
INFO - 97 d1 49 40 40 20 00 00
INFO - 97 d3 49 08 40 28 9a 24
INFO - 97 d3 89 20 40 27 f5 ff
INFO - 97 d3 c9 40 40 20 00 00
INFO - 97 d5 c9 08 40 28 92 20
INFO - 97 d5 09 20 40 27 fd ff
INFO - 97 d5 49 40 40 20 00 00
INFO - 97 d7 49 08 40 28 82 20
INFO - 97 d7 89 20 40 27 fd ff
INFO - 97 d7 c9 40 40 20 00 00
INFO - 97 d9 c9 08 40 28 82 20
INFO - 97 d9 09 20 40 27 fd fd
INFO - 97 d9 49 40 40 20 00 00
INFO - 97 db 49 08 40 28 82 20
INFO - 97 db 89 20 40 27 f5 fb
INFO - 97 db c9 40 40 20 00 fd
INFO - 97 dd c9 08 40 28 82 20
INFO - 97 dd 09 20 40 27 ed fb
INFO - 97 dd 49 40 40 23 f4 00
INFO - 97 df 49 08 40 28 82 20
INFO - 97 df 89 20 40 27 ed fd
INFO - 97 df c9 40 40 20 00 00
INFO - 97 e1 c9 08 40 28 82 20
INFO - 97 e1 09 20 40 27 f5 ff
INFO - 97 e1 49 40 40 20 00 01
INFO - 97 e3 49 08 40 28 82 20
INFO - 97 e3 89 20 40 27 fd ff
INFO - 97 e3 c9 40 40 20 04 fc
INFO - 97 e5 c9 08 40 28 82 20
INFO - 97 e5 09 20 40 27 fd fd
INFO - 97 e5 49 40 40 23 f0 00
INFO - 97 e7 49 08 40 28 82 20
INFO - 97 e7 89 20 40 27 f5 fb
INFO - 97 e7 c9 40 40 20 00 01
INFO - 97 e9 c9 08 40 28 82 20
INFO - 97 e9 09 20 40 27 ed fd
INFO - 97 e9 49 40 40 20 04 fc
INFO - 97 eb 49 08 40 28 82 20
INFO - 97 eb 89 20 40 27 f5 fd
INFO - 97 eb c9 40 40 23 f0 00
INFO - 97 ed c9 08 40 28 82 20
INFO - 97 ed 09 20 40 27 f5 ff
INFO - 97 ed 49 40 40 20 00 01
INFO - 97 ef 49 08 40 28 82 22
INFO - 97 ef 89 20 40 27 fd ff
INFO - 97 ef c9 40 40 20 04 fc
INFO - 97 f1 c9 08 40 28 8a 28
INFO - 97 f1 09 20 40 27 fd ff
INFO - 97 f1 49 40 40 23 f0 00
INFO - 97 f3 49 08 40 28 a2 28
INFO - 97 f3 89 20 40 27 fd ff
INFO - 97 f3 c9 40 40 20 00 01
INFO - 97 f5 c9 08 40 28 a2 28
INFO - 97 f5 09 20 40 27 fd ff
INFO - 97 f5 49 40 40 20 04 fc
INFO - 97 f7 49 08 40 28 a2 28
INFO - 97 f7 89 20 40 27 fd ff
INFO - 97 f7 c9 40 40 23 f0 01
INFO - 97 f9 c9 08 40 28 a2 28
INFO - 97 f9 09 20 40 27 fd ff
INFO - 97 f9 49 40 40 20 04 00
INFO - 97 fb 49 08 40 28 a2 28
INFO - 97 fb 89 20 40 27 fd ff
INFO - 97 fb c9 40 40 20 00 fd
INFO - 97 fd c9 08 40 28 a2 28
INFO - 97 fd 09 20 40 27 fd ff
INFO - 97 fd 49 40 40 23 f4 fc
INFO - 97 ff 49 08 40 28 a2 28
INFO - 97 ff 89 20 40 27 fd ff
INFO - 97 ff c9 40 40 23 f0 01
INFO - 98 01 c9 08 40 28 a2 28
INFO - 98 01 09 20 40 27 fd ff
INFO - 98 01 49 40 40 20 04 00
INFO - 98 03 49 08 40 28 a2 28
INFO - 98 03 89 20 40 27 fd ff
INFO - 98 03 c9 40 40 20 00 fc
INFO - 98 05 c9 08 40 28 a2 28
INFO - 98 05 09 20 40 27 fd ff
INFO - 98 05 49 40 40 23 f0 01
INFO - 98 07 49 08 40 28 a2 28
INFO - 98 07 89 20 40 27 fd ff
INFO - 98 07 c9 40 40 20 04 00
INFO - 98 09 c9 08 40 28 a2 28
INFO - 98 09 09 20 40 27 fd ff
INFO - 98 09 49 40 40 20 00 fc
INFO - 98 0b 49 08 40 28 a2 28
INFO - 98 0b 89 20 40 27 fd ff
INFO - 98 0b c9 40 40 23 f0 01
INFO - 98 0d c9 08 40 28 a2 28
INFO - 98 0d 09 20 40 27 fd ff
INFO - 98 0d 49 40 40 20 04 00
INFO - 98 0f 49 08 40 28 a2 2c
INFO - 98 0f 89 20 40 27 fd ff
INFO - 98 0f c9 40 40 20 00 00
INFO - 98 11 c9 08 40 28 b2 35
INFO - 98 11 09 20 40 27 fd ff
INFO - 98 11 49 40 40 20 00 fc
INFO - 98 13 49 08 40 28 d6 35
INFO - 98 13 89 20 40 27 fd ff
INFO - 98 13 c9 40 40 23 f0 01
INFO - 98 15 c9 08 40 48 d6 35
INFO - 98 15 09 20 40 47 fd ff
INFO - 98 15 49 40 40 40 04 00
INFO - 98 19 c9 08 40 28 d6 35
INFO - 98 19 09 20 40 27 fd ff
INFO - 98 19 49 40 40 20 00 fe
INFO - 98 1b 49 08 40 28 d6 35
INFO - 98 1b 89 20 40 27 fd ff
INFO - 98 1b c9 40 40 23 f8 fd
INFO - 98 1d c9 08 40 28 d6 35
INFO - 98 1d 09 20 40 27 fd ff
INFO - 98 1d 49 40 40 23 f4 fc
INFO - 98 1f 49 08 40 28 d6 35
INFO - 98 1f 89 20 40 27 fd ff
INFO - 98 1f c9 40 40 23 f0 01
INFO - 98 21 c9 08 40 28 d6 35
INFO - 98 21 09 20 40 27 fd ff
INFO - 98 21 49 40 40 20 04 00
INFO - 98 23 49 08 40 28 d6 35
INFO - 98 23 89 20 40 27 fe 01
INFO - 98 23 c9 40 40 20 00 00
INFO - 98 25 c9 08 40 28 d6 35
INFO - 98 25 09 20 40 28 06 01
INFO - 98 25 49 40 40 20 00 01
INFO - 98 27 49 08 40 28 d6 35
INFO - 98 27 89 20 40 28 06 01
INFO - 98 27 c9 40 40 20 04 fc
INFO - 98 29 c9 08 40 28 d6 35
INFO - 98 29 09 20 40 28 06 01
INFO - 98 29 49 40 40 23 f0 00
INFO - 98 2b 49 08 40 28 d6 35
INFO - 98 2b 89 20 40 28 06 01
INFO - 98 2b c9 40 40 20 00 00
INFO - 98 2d c9 08 40 28 d6 3c
INFO - 98 2d 09 20 40 28 05 ff
INFO - 98 2d 49 40 40 20 00 00
INFO - 98 2f 49 08 40 28 f2 45
INFO - 98 2f 89 20 40 27 fd ff
INFO - 98 2f c9 40 40 20 00 00
INFO - 98 31 c9 08 40 29 16 45
INFO - 98 31 09 20 40 27 fd ff
INFO - 98 31 49 40 40 20 00 01
INFO - 98 33 49 08 40 29 16 45
INFO - 98 33 89 20 40 27 fd ff
INFO - 98 33 c9 40 40 20 04 fd
INFO - 98 35 c9 08 40 29 16 45
INFO - 98 35 09 20 40 27 fd ff
INFO - 98 35 49 40 40 23 f4 00
INFO - 98 37 49 08 40 29 16 45
INFO - 98 37 89 20 40 27 fd ff
INFO - 98 37 c9 40 40 20 00 fc
INFO - 98 39 c9 08 40 29 16 45
INFO - 98 39 09 20 40 27 fd ff
INFO - 98 39 49 40 40 23 f0 00
INFO - 98 3b 49 08 40 29 16 45
INFO - 98 3b 89 20 40 27 fe 01
INFO - 98 3b c9 40 40 20 00 00
INFO - 98 3d c9 08 40 29 16 45
INFO - 98 3d 09 20 40 28 06 01
INFO - 98 3d 49 40 40 20 00 00
INFO - 98 3f 49 08 40 29 16 45
INFO - 98 3f 89 20 40 28 06 01
INFO - 98 3f c9 40 40 20 00 fc
INFO - 98 41 c9 08 40 29 16 45
INFO - 98 41 09 20 40 28 05 ff
INFO - 98 41 49 40 40 23 f0 00
INFO - 98 43 49 08 40 29 16 45
INFO - 98 43 89 20 40 27 fd ff
INFO - 98 43 c9 40 40 20 00 01
INFO - 98 45 c9 08 40 29 16 45
INFO - 98 45 09 20 40 27 fe 01
INFO - 98 45 49 40 40 20 04 fc
INFO - 98 47 49 08 40 29 16 45
INFO - 98 47 89 20 40 28 06 01
INFO - 98 47 c9 40 40 23 f0 01
INFO - 98 49 c9 08 40 29 16 45
INFO - 98 49 09 20 40 28 06 01
INFO - 98 49 49 40 40 20 04 fd
INFO - 98 4b 49 08 40 29 16 43
INFO - 98 4b 89 20 40 28 06 01
INFO - 98 4b c9 40 40 23 f4 00
INFO - 98 4d c9 08 40 29 0e 3d
INFO - 98 4d 09 20 40 28 06 01
INFO - 98 4d 49 40 40 20 00 fc
INFO - 98 4f 49 08 40 28 f6 3d
INFO - 98 4f 89 20 40 28 06 01
INFO - 98 4f c9 40 40 23 f0 01
INFO - 98 51 c9 08 40 28 f6 3d
INFO - 98 51 09 20 40 28 06 01
INFO - 98 51 49 40 40 20 04 fd
INFO - 98 53 49 08 40 28 f6 3d
INFO - 98 53 89 20 40 28 06 03
INFO - 98 53 c9 40 40 23 f4 00
INFO - 98 55 c9 08 40 28 f6 3d
INFO - 98 55 09 20 40 28 0e 03
INFO - 98 55 49 40 40 20 00 fc
INFO - 98 57 49 08 40 28 f6 3d
INFO - 98 57 89 20 40 28 0e 05
INFO - 98 57 c9 40 40 23 f0 01
INFO - 98 59 c9 08 40 28 f6 3d
INFO - 98 59 09 20 40 28 16 03
INFO - 98 59 49 40 40 20 04 fd
INFO - 98 5b 49 08 40 28 f6 3d
INFO - 98 5b 89 20 40 28 0e 03
INFO - 98 5b c9 40 40 23 f4 00
INFO - 98 5d c9 08 40 28 f6 3d
INFO - 98 5d 09 20 40 28 0e 03
INFO - 98 5d 49 40 40 20 00 fd
INFO - 98 5f 49 08 40 28 f6 3d
INFO - 98 5f 89 20 40 28 0e 03
INFO - 98 5f c9 40 40 23 f4 00
INFO - 98 61 c9 08 40 28 f6 3d
INFO - 98 61 09 20 40 28 0e 03
INFO - 98 61 49 40 40 20 00 00
INFO - 98 63 49 08 40 28 f6 3d
INFO - 98 63 89 20 40 28 0e 03
INFO - 98 63 c9 40 40 20 00 fd
INFO - 98 65 c9 08 40 28 f6 3d
INFO - 98 65 09 20 40 28 0e 03
INFO - 98 65 49 40 40 23 f4 00
INFO - 98 67 49 08 40 28 f6 3d
INFO - 98 67 89 20 40 28 0e 03
INFO - 98 67 c9 40 40 20 00 fd
INFO - 98 69 c9 08 40 28 f6 36
INFO - 98 69 09 20 40 28 0e 03
INFO - 98 69 49 40 40 23 f4 00
INFO - 98 6b 49 08 40 28 da 2a
INFO - 98 6b 89 20 40 28 0e 03
INFO - 98 6b c9 40 40 20 00 fd
INFO - 98 6d c9 08 40 28 aa 2a
INFO - 98 6d 09 20 40 28 0e 03
INFO - 98 6d 49 40 40 23 f4 00
INFO - 98 6f 49 08 40 28 aa 2a
INFO - 98 6f 89 20 40 28 0e 03
INFO - 98 6f c9 40 40 20 00 fd
INFO - 98 71 c9 08 40 28 aa 2a
INFO - 98 71 09 20 40 28 0e 03
INFO - 98 71 49 40 40 23 f4 00
INFO - 98 73 49 08 40 28 aa 2a
INFO - 98 73 89 20 40 28 0e 03
INFO - 98 73 c9 40 40 20 00 fd
INFO - 98 75 c9 08 40 28 aa 2a
INFO - 98 75 09 20 40 28 0e 03
INFO - 98 75 49 40 40 23 f4 01
INFO - 98 77 49 08 40 28 aa 2a
INFO - 98 77 89 20 40 28 0e 05
INFO - 98 77 c9 40 40 20 04 fd
INFO - 98 79 c9 08 40 28 aa 2a
INFO - 98 79 09 20 40 28 16 05
INFO - 98 79 49 40 40 23 f4 fd
INFO - 98 7b 49 08 40 28 aa 2a
INFO - 98 7b 89 20 40 28 16 05
INFO - 98 7b c9 40 40 23 f4 00
INFO - 98 7d c9 08 40 28 aa 2a
INFO - 98 7d 09 20 40 28 16 03
INFO - 98 7d 49 40 40 20 00 01
INFO - 98 7f 49 08 40 28 aa 2a
INFO - 98 7f 89 20 40 28 0e 03
INFO - 98 7f c9 40 40 20 04 fc
INFO - 98 81 c9 08 40 28 aa 2a
INFO - 98 81 09 20 40 28 0e 03
INFO - 98 81 49 40 40 23 f0 00
INFO - 98 83 49 08 40 28 aa 2a
INFO - 98 83 89 20 40 28 0e 03
INFO - 98 83 c9 40 40 20 00 fd
INFO - 98 85 c9 08 40 28 aa 2a
INFO - 98 85 09 20 40 28 0e 03
INFO - 98 85 49 40 40 23 f4 01
INFO - 98 87 49 08 40 28 aa 2a
INFO - 98 87 89 20 40 28 0e 03
INFO - 98 87 c9 40 40 20 04 fc
INFO - 98 89 c9 08 40 28 aa 26
INFO - 98 89 09 20 40 28 0e 03
INFO - 98 89 49 40 40 23 f0 00
INFO - 98 8b 49 08 40 28 9a 1e
INFO - 98 8b 89 20 40 28 0e 03
INFO - 98 8b c9 40 40 20 00 fd
INFO - 98 8d c9 08 40 28 7a 1e
INFO - 98 8d 09 20 40 28 0e 03
INFO - 98 8d 49 40 40 23 f4 01
INFO - 98 8f 49 08 40 28 7a 1e
INFO - 98 8f 89 20 40 28 0e 05
INFO - 98 8f c9 40 40 20 04 fc
INFO - 98 91 c9 08 40 28 7a 1e
INFO - 98 91 09 20 40 28 16 05
INFO - 98 91 49 40 40 23 f0 01
INFO - 98 93 49 08 40 28 7a 1e
INFO - 98 93 89 20 40 28 16 05
INFO - 98 93 c9 40 40 20 04 fc
INFO - 98 95 c9 08 40 28 7a 1e
INFO - 98 95 09 20 40 28 16 03
INFO - 98 95 49 40 40 23 f0 fd
INFO - 98 97 49 08 40 28 7a 1e
INFO - 98 97 89 20 40 28 0e 03
INFO - 98 97 c9 40 40 23 f4 01
INFO - 98 99 c9 08 40 28 7a 1e
INFO - 98 99 09 20 40 28 0e 03
INFO - 98 99 49 40 40 20 04 00
INFO - 98 9b 49 08 40 28 7a 1e
INFO - 98 9b 89 20 40 28 0e 03
INFO - 98 9b c9 40 40 20 00 fc
INFO - 98 9d c9 08 40 28 7a 1e
INFO - 98 9d 09 20 40 28 0e 05
INFO - 98 9d 49 40 40 23 f0 01
INFO - 98 9f 49 08 40 28 7a 1e
INFO - 98 9f 89 20 40 28 16 05
INFO - 98 9f c9 40 40 20 04 00
INFO - 98 a1 c9 08 40 28 7a 1e
INFO - 98 a1 09 20 40 28 16 05
INFO - 98 a1 49 40 40 20 00 00
INFO - 98 a3 49 08 40 28 7a 1e
INFO - 98 a3 89 20 40 28 16 05
INFO - 98 a3 c9 40 40 20 00 fc
INFO - 98 a5 c9 08 40 28 7a 18
INFO - 98 a5 09 20 40 28 16 05
INFO - 98 a5 49 40 40 23 f0 01
INFO - 98 a7 49 08 40 28 62 0c
INFO - 98 a7 89 20 40 28 16 05
INFO - 98 a7 c9 40 40 20 04 00
INFO - 98 a9 c9 08 40 28 32 0c
INFO - 98 a9 09 20 40 28 16 05
INFO - 98 a9 49 40 40 20 00 00
INFO - 98 ab 49 08 40 28 32 0c
INFO - 98 ab 89 20 40 28 16 07
INFO - 98 ab c9 40 40 20 00 fc
INFO - 98 ad c9 08 40 28 32 0c
INFO - 98 ad 09 20 40 28 1e 07
INFO - 98 ad 49 40 40 23 f0 01
INFO - 98 af 49 08 40 28 32 0c
INFO - 98 af 89 20 40 28 1e 07
INFO - 98 af c9 40 40 20 04 00
INFO - 98 b1 c9 08 40 28 32 0c
INFO - 98 b1 09 20 40 28 1e 07
INFO - 98 b1 49 40 40 20 00 00
INFO - 98 b3 49 08 40 28 32 0c
INFO - 98 b3 89 20 40 28 1e 07
INFO - 98 b3 c9 40 40 20 00 fc
INFO - 98 b5 c9 08 40 28 32 0c
INFO - 98 b5 09 20 40 28 1e 07
INFO - 98 b5 49 40 40 23 f0 01
INFO - 98 b7 49 08 40 28 32 0c
INFO - 98 b7 89 20 40 28 1e 07
INFO - 98 b7 c9 40 40 20 04 00
INFO - 98 b9 c9 08 40 28 32 0c
INFO - 98 b9 09 20 40 28 1e 05
INFO - 98 b9 49 40 40 20 00 00
INFO - 98 bb 49 08 40 28 32 0c
INFO - 98 bb 89 20 40 28 16 05
INFO - 98 bb c9 40 40 20 00 fd
INFO - 98 bd c9 08 40 28 32 0c
INFO - 98 bd 09 20 40 28 16 05
INFO - 98 bd 49 40 40 23 f4 00
INFO - 98 bf 49 08 40 28 32 0c
INFO - 98 bf 89 20 40 28 16 05
INFO - 98 bf c9 40 40 20 00 00
INFO - 98 c1 c9 08 40 28 32 0c
INFO - 98 c1 09 20 40 28 16 07
INFO - 98 c1 49 40 40 20 00 00
INFO - 98 c3 49 08 40 28 32 0c
INFO - 98 c3 89 20 40 28 1e 07
INFO - 98 c3 c9 40 40 20 00 00
INFO - 98 c5 c9 08 40 28 32 0d
INFO - 98 c5 09 20 40 28 1e 07
INFO - 98 c5 49 40 40 20 00 fd
INFO - 98 c7 49 08 40 28 36 10
INFO - 98 c7 89 20 40 28 1e 07
INFO - 98 c7 c9 40 40 23 f4 00
INFO - 98 c9 c9 08 40 28 42 10
INFO - 98 c9 09 20 40 28 1e 07
INFO - 98 c9 49 40 40 20 00 00
INFO - 98 cb 49 08 40 28 42 10
INFO - 98 cb 89 20 40 28 1e 07
INFO - 98 cb c9 40 40 20 00 00
INFO - 98 cd c9 08 40 28 42 10
INFO - 98 cd 09 20 40 28 1e 07
INFO - 98 cd 49 40 40 20 00 00
INFO - 98 cf 49 08 40 28 42 10
INFO - 98 cf 89 20 40 28 1e 07
INFO - 98 cf c9 40 40 20 00 fd
INFO - 98 d1 c9 08 40 28 42 10
INFO - 98 d1 09 20 40 28 1e 07
INFO - 98 d1 49 40 40 23 f4 00
INFO - 98 d3 49 08 40 28 42 10
INFO - 98 d3 89 20 40 28 1e 07
INFO - 98 d3 c9 40 40 20 00 01
INFO - 98 d5 c9 08 40 28 42 10
INFO - 98 d5 09 20 40 28 1e 07
INFO - 98 d5 49 40 40 20 04 fc
INFO - 98 d7 49 08 40 28 42 10
INFO - 98 d7 89 20 40 28 1e 07
INFO - 98 d7 c9 40 40 23 f0 00
INFO - 98 d9 c9 08 40 28 42 10
INFO - 98 d9 09 20 40 28 1e 07
INFO - 98 d9 49 40 40 20 00 00
INFO - 98 db 49 08 40 28 42 10
INFO - 98 db 89 20 40 28 1e 05
INFO - 98 db c9 40 40 20 00 fd
INFO - 98 dd c9 08 40 28 42 10
INFO - 98 dd 09 20 40 28 16 05
INFO - 98 dd 49 40 40 23 f4 00
INFO - 98 df 49 08 40 28 42 10
INFO - 98 df 89 20 40 28 16 05
INFO - 98 df c9 40 40 20 00 00
INFO - 98 e1 c9 08 40 28 42 10
INFO - 98 e1 09 20 40 28 16 03
INFO - 98 e1 49 40 40 20 00 01
INFO - 98 e3 49 08 40 28 42 17
INFO - 98 e3 89 20 40 28 0e 03
INFO - 98 e3 c9 40 40 20 04 fc
INFO - 98 e5 c9 08 40 28 5e 27
INFO - 98 e5 09 20 40 28 0e 03
INFO - 98 e5 49 40 40 23 f0 00
INFO - 98 e7 49 08 40 28 9e 27
INFO - 98 e7 89 20 40 28 0e 03
INFO - 98 e7 c9 40 40 20 00 00
INFO - 98 e9 c9 08 40 28 9e 27
INFO - 98 e9 09 20 40 28 0e 03
INFO - 98 e9 49 40 40 20 00 01
INFO - 98 eb 49 08 40 28 9e 27
INFO - 98 eb 89 20 40 28 0e 03
INFO - 98 eb c9 40 40 20 04 fc
INFO - 98 ed c9 08 40 28 9e 27
INFO - 98 ed 09 20 40 28 0e 03
INFO - 98 ed 49 40 40 23 f0 00
INFO - 98 ef 49 08 40 28 9e 27
INFO - 98 ef 89 20 40 28 0e 03
INFO - 98 ef c9 40 40 20 00 00
INFO - 98 f1 c9 08 40 28 9e 27
INFO - 98 f1 09 20 40 28 0e 03
INFO - 98 f1 49 40 40 20 00 01
INFO - 98 f3 49 08 40 28 9e 27
INFO - 98 f3 89 20 40 28 0e 03
INFO - 98 f3 c9 40 40 20 04 fc
INFO - 98 f5 c9 08 40 28 9e 27
INFO - 98 f5 09 20 40 28 0e 03
INFO - 98 f5 49 40 40 23 f0 00
INFO - 98 f7 49 08 40 28 9e 27
INFO - 98 f7 89 20 40 28 0e 03
INFO - 98 f7 c9 40 40 20 00 01
INFO - 98 f9 c9 08 40 28 9e 27
INFO - 98 f9 09 20 40 28 0e 03
INFO - 98 f9 49 40 40 20 04 fc
INFO - 98 fb 49 08 40 28 9e 27
INFO - 98 fb 89 20 40 28 0e 03
INFO - 98 fb c9 40 40 23 f0 01
INFO - 98 fd c9 08 40 28 9e 27
INFO - 98 fd 09 20 40 28 0e 03
INFO - 98 fd 49 40 40 20 04 fc
INFO - 98 ff 49 08 40 28 9e 27
INFO - 98 ff 89 20 40 28 0e 03
INFO - 98 ff c9 40 40 23 f0 00
INFO - 99 01 c9 08 40 28 9e 18
INFO - 99 01 09 20 40 28 0e 01
INFO - 99 01 49 40 40 20 00 01
INFO - 99 03 49 08 40 28 61 fc
INFO - 99 03 89 20 40 28 06 01
INFO - 99 03 c9 40 40 20 04 00
INFO - 99 05 c9 08 40 27 f1 fc
INFO - 99 05 09 20 40 28 06 01
INFO - 99 05 49 40 40 20 00 fc
INFO - 99 07 49 08 40 27 f1 fc
INFO - 99 07 89 20 40 28 06 01
INFO - 99 07 c9 40 40 23 f0 01
INFO - 99 09 c9 08 40 27 f1 fc
INFO - 99 09 09 20 40 28 06 03
INFO - 99 09 49 40 40 20 04 fc
INFO - 99 0b 49 08 40 27 f1 fc
INFO - 99 0b 89 20 40 28 0e 03
INFO - 99 0b c9 40 40 23 f0 01
INFO - 99 0d c9 08 40 27 f1 fc
INFO - 99 0d 09 20 40 28 0e 01
INFO - 99 0d 49 40 40 20 04 fc
INFO - 99 0f 49 08 40 27 f1 fc
INFO - 99 0f 89 20 40 28 06 01
INFO - 99 0f c9 40 40 23 f0 01
INFO - 99 11 c9 08 40 27 f1 fc
INFO - 99 11 09 20 40 28 06 01
INFO - 99 11 49 40 40 20 04 fc
INFO - 99 13 49 08 40 27 f1 fc
INFO - 99 13 89 20 40 28 06 01
INFO - 99 13 c9 40 40 23 f0 01
INFO - 99 15 c9 08 40 27 f1 fc
INFO - 99 15 09 20 40 28 06 01
INFO - 99 15 49 40 40 20 04 fc
INFO - 99 17 49 08 40 27 f1 fc
INFO - 99 17 89 20 40 28 06 03
INFO - 99 17 c9 40 40 23 f0 01
INFO - 99 19 c9 08 40 27 f1 fc
INFO - 99 19 09 20 40 28 0e 03
INFO - 99 19 49 40 40 20 04 fc
INFO - 99 1b 49 08 40 27 f1 fc
INFO - 99 1b 89 20 40 28 0e 03
INFO - 99 1b c9 40 40 23 f0 01
INFO - 99 1d c9 08 40 27 f1 fc
INFO - 99 1d 09 20 40 28 0e 03
INFO - 99 1d 49 40 40 20 04 00
INFO - 99 1f 49 08 40 27 f2 02
INFO - 99 1f 89 20 40 28 0e 05
INFO - 99 1f c9 40 40 20 00 fc
INFO - 99 21 c9 08 40 28 0a 11
INFO - 99 21 09 20 40 28 16 05
INFO - 99 21 49 40 40 23 f0 01
INFO - 99 23 49 08 40 28 46 11
INFO - 99 23 89 20 40 28 16 05
INFO - 99 23 c9 40 40 20 04 fc
INFO - 99 25 c9 08 40 28 46 11
INFO - 99 25 09 20 40 28 16 05
INFO - 99 25 49 40 40 23 f0 01
INFO - 99 27 49 08 40 28 46 11
INFO - 99 27 89 20 40 28 16 05
INFO - 99 27 c9 40 40 20 04 00
INFO - 99 29 c9 08 40 28 46 11
INFO - 99 29 09 20 40 28 16 03
INFO - 99 29 49 40 40 20 00 fc
INFO - 99 2b 49 08 40 28 46 11
INFO - 99 2b 89 20 40 28 0e 03
INFO - 99 2b c9 40 40 23 f0 01
INFO - 99 2d c9 08 40 28 46 11
INFO - 99 2d 09 20 40 28 0e 03
INFO - 99 2d 49 40 40 20 04 00
INFO - 99 2f 49 08 40 28 46 11
INFO - 99 2f 89 20 40 28 0e 03
INFO - 99 2f c9 40 40 20 00 fc
INFO - 99 31 c9 08 40 28 46 11
INFO - 99 31 09 20 40 28 0e 05
INFO - 99 31 49 40 40 23 f0 01
INFO - 99 33 49 08 40 28 46 11
INFO - 99 33 89 20 40 28 16 05
INFO - 99 33 c9 40 40 20 04 00
INFO - 99 35 c9 08 40 28 46 11
INFO - 99 35 09 20 40 28 16 03
INFO - 99 35 49 40 40 20 00 fc
INFO - 99 37 49 08 40 28 46 11
INFO - 99 37 89 20 40 28 0e 03
INFO - 99 37 c9 40 40 23 f0 01
INFO - 99 39 c9 08 40 28 46 11
INFO - 99 39 09 20 40 28 0e 03
INFO - 99 39 49 40 40 20 04 00
INFO - 99 3b 49 08 40 28 46 11
INFO - 99 3b 89 20 40 28 0e 03
INFO - 99 3b c9 40 40 20 00 fd
INFO - 99 3d c9 08 40 28 46 0e
INFO - 99 3d 09 20 40 28 0e 03
INFO - 99 3d 49 40 40 23 f4 00
INFO - 99 3f 49 08 40 28 3a 09
INFO - 99 3f 89 20 40 28 0e 03
INFO - 99 3f c9 40 40 20 00 00
INFO - 99 41 c9 08 40 28 26 09
INFO - 99 41 09 20 40 28 0e 03
INFO - 99 41 49 40 40 20 00 00
INFO - 99 43 49 08 40 28 26 09
INFO - 99 43 89 20 40 28 0e 03
INFO - 99 43 c9 40 40 20 00 fc
INFO - 99 45 c9 08 40 28 26 09
INFO - 99 45 09 20 40 28 0e 03
INFO - 99 45 49 40 40 23 f0 01
INFO - 99 47 49 08 40 28 26 09
INFO - 99 47 89 20 40 28 0e 03
INFO - 99 47 c9 40 40 20 04 00
INFO - 99 49 c9 08 40 28 26 09
INFO - 99 49 09 20 40 28 0e 03
INFO - 99 49 49 40 40 20 00 00
INFO - 99 4b 49 08 40 28 26 09
INFO - 99 4b 89 20 40 28 0e 03
INFO - 99 4b c9 40 40 20 00 00
INFO - 99 4d c9 08 40 28 26 09
INFO - 99 4d 09 20 40 28 0e 03
INFO - 99 4d 49 40 40 20 00 fc
INFO - 99 4f 49 08 40 28 26 09
INFO - 99 4f 89 20 40 28 0e 05
INFO - 99 4f c9 40 40 23 f0 01
INFO - 99 51 c9 08 40 28 26 09
INFO - 99 51 09 20 40 28 16 05
INFO - 99 51 49 40 40 20 04 00
INFO - 99 53 49 08 40 28 26 09
INFO - 99 53 89 20 40 28 16 05
INFO - 99 53 c9 40 40 20 00 fd
INFO - 99 55 c9 08 40 28 26 09
INFO - 99 55 09 20 40 28 16 05
INFO - 99 55 49 40 40 23 f4 fc
INFO - 99 57 49 08 40 28 26 09
INFO - 99 57 89 20 40 28 16 07
INFO - 99 57 c9 40 40 23 f0 01
INFO - 99 59 c9 08 40 28 26 09
INFO - 99 59 09 20 40 28 1e 07
INFO - 99 59 49 40 40 20 04 00
INFO - 99 5b 49 08 40 28 26 14
INFO - 99 5b 89 20 40 28 1e 05
INFO - 99 5b c9 40 40 20 00 fd
INFO - 99 5d c9 08 40 28 52 28
INFO - 99 5d 09 20 40 28 16 05
INFO - 99 5d 49 40 40 23 f4 fc
INFO - 99 5f 49 08 40 28 a2 28
INFO - 99 5f 89 20 40 28 16 05
INFO - 99 5f c9 40 40 23 f0 01
INFO - 99 61 c9 08 40 28 a2 28
INFO - 99 61 09 20 40 28 16 07
INFO - 99 61 49 40 40 20 04 00
INFO - 99 63 49 08 40 28 a2 28
INFO - 99 63 89 20 40 28 1e 07
INFO - 99 63 c9 40 40 20 00 fc
INFO - 99 65 c9 08 40 28 a2 28
INFO - 99 65 09 20 40 28 1e 07
INFO - 99 65 49 40 40 23 f0 01
INFO - 99 67 49 08 40 28 a2 28
INFO - 99 67 89 20 40 28 1e 07
INFO - 99 67 c9 40 40 20 04 00
INFO - 99 69 c9 08 40 28 a2 28
INFO - 99 69 09 20 40 28 1e 07
INFO - 99 69 49 40 40 20 00 00
INFO - 99 6b 49 08 40 28 a2 28
INFO - 99 6b 89 20 40 28 1e 07
INFO - 99 6b c9 40 40 20 00 fd
INFO - 99 6d c9 08 40 28 a2 28
INFO - 99 6d 09 20 40 28 1e 07
INFO - 99 6d 49 40 40 23 f4 00
INFO - 99 6f 49 08 40 28 a2 28
INFO - 99 6f 89 20 40 28 1e 07
INFO - 99 6f c9 40 40 20 00 00
INFO - 99 71 c9 08 40 28 a2 28
INFO - 99 71 09 20 40 28 1e 05
INFO - 99 71 49 40 40 20 00 00
INFO - 99 73 49 08 40 28 a2 28
INFO - 99 73 89 20 40 28 16 05
INFO - 99 73 c9 40 40 20 00 00
INFO - 99 75 c9 08 40 28 a2 28
INFO - 99 75 09 20 40 28 16 07
INFO - 99 75 49 40 40 20 00 fc
INFO - 99 77 49 08 40 28 a2 28
INFO - 99 77 89 20 40 28 1e 07
INFO - 99 77 c9 40 40 23 f0 01
INFO - 99 79 c9 08 40 28 a2 1d
INFO - 99 79 09 20 40 28 1e 07
INFO - 99 79 49 40 40 20 04 fd
INFO - 99 7b 49 08 40 28 76 09
INFO - 99 7b 89 20 40 28 1e 07
INFO - 99 7b c9 40 40 23 f4 00
INFO - 99 7d c9 08 40 28 26 09
INFO - 99 7d 09 20 40 28 1e 07
INFO - 99 7d 49 40 40 20 00 00
INFO - 99 7f 49 08 40 28 26 09
INFO - 99 7f 89 20 40 28 1e 07
INFO - 99 7f c9 40 40 20 00 fc
INFO - 99 81 c9 08 40 28 26 09
INFO - 99 81 09 20 40 28 1e 07
INFO - 99 81 49 40 40 23 f0 01
INFO - 99 83 49 08 40 28 26 09
INFO - 99 83 89 20 40 28 1e 07
INFO - 99 83 c9 40 40 20 04 00
INFO - 99 85 c9 08 40 28 26 09
INFO - 99 85 09 20 40 28 1e 07
INFO - 99 85 49 40 40 20 00 fc
INFO - 99 87 49 08 40 28 26 09
INFO - 99 87 89 20 40 28 1e 07
INFO - 99 87 c9 40 40 23 f0 01
INFO - 99 89 c9 08 40 28 26 09
INFO - 99 89 09 20 40 28 1e 07
INFO - 99 89 49 40 40 20 04 00
INFO - 99 8b 49 08 40 28 26 09
INFO - 99 8b 89 20 40 28 1e 07
INFO - 99 8b c9 40 40 20 00 00
INFO - 99 8d c9 08 40 28 26 09
INFO - 99 8d 09 20 40 28 1e 07
INFO - 99 8d 49 40 40 20 00 00
INFO - 99 8f 49 08 40 28 26 09
INFO - 99 8f 89 20 40 28 1e 05
INFO - 99 8f c9 40 40 20 00 00
INFO - 99 91 c9 08 40 28 26 09
INFO - 99 91 09 20 40 28 16 05
INFO - 99 91 49 40 40 20 00 fd
INFO - 99 93 49 08 40 28 26 09
INFO - 99 93 89 20 40 28 16 05
INFO - 99 93 c9 40 40 23 f4 00
INFO - 99 95 c9 08 40 28 26 09
INFO - 99 95 09 20 40 28 16 05
INFO - 99 95 49 40 40 20 00 00
INFO - 99 97 49 08 40 28 26 09
INFO - 99 97 89 20 40 28 16 05
INFO - 99 97 c9 40 40 20 00 00
INFO - 99 99 c9 08 40 28 26 09
INFO - 99 99 09 20 40 28 16 07
INFO - 99 99 49 40 40 20 00 fc
INFO - 99 9b 49 08 40 28 26 09
INFO - 99 9b 89 20 40 28 1e 07
INFO - 99 9b c9 40 40 23 f0 01
INFO - 99 9d c9 08 40 28 26 09
INFO - 99 9d 09 20 40 28 1e 07
INFO - 99 9d 49 40 40 20 04 00
INFO - 99 9f 49 08 40 28 26 09
INFO - 99 9f 89 20 40 28 1e 05
INFO - 99 9f c9 40 40 20 00 00
INFO - 99 a1 c9 08 40 28 26 09
INFO - 99 a1 09 20 40 28 16 05
INFO - 99 a1 49 40 40 20 00 fd
INFO - 99 a3 49 08 40 28 26 09
INFO - 99 a3 89 20 40 28 16 05
INFO - 99 a3 c9 40 40 23 f4 00
INFO - 99 a5 c9 08 40 28 26 09
INFO - 99 a5 09 20 40 28 16 05
INFO - 99 a5 49 40 40 20 00 00
INFO - 99 a7 49 08 40 28 26 09
INFO - 99 a7 89 20 40 28 16 05
INFO - 99 a7 c9 40 40 20 00 00
INFO - 99 a9 c9 08 40 28 26 09
INFO - 99 a9 09 20 40 28 16 05
INFO - 99 a9 49 40 40 20 00 00
INFO - 99 ab 49 08 40 28 26 09
INFO - 99 ab 89 20 40 28 16 05
INFO - 99 ab c9 40 40 20 00 fc
INFO - 99 ad c9 08 40 28 26 09
INFO - 99 ad 09 20 40 28 16 05
INFO - 99 ad 49 40 40 23 f0 01
INFO - 99 af 49 08 40 28 26 09
INFO - 99 af 89 20 40 28 16 03
INFO - 99 af c9 40 40 20 04 fd
INFO - 99 b1 c9 08 40 28 26 09
INFO - 99 b1 09 20 40 28 0e 03
INFO - 99 b1 49 40 40 23 f4 00
INFO - 99 b3 49 08 40 28 26 09
INFO - 99 b3 89 20 40 28 0e 03
INFO - 99 b3 c9 40 40 20 00 00
INFO - 99 b5 c9 08 40 08 26 09
INFO - 99 b5 09 20 40 08 0e 03
INFO - 99 b5 49 40 40 00 00 b1
INFO - bb f0 c9 40 57 00 00 02
INFO - bb f0 09 40 57 00 00 02
INFO - bb f0 49 40 57 00 00 02
INFO - bb f0 89 40 57 00 00 02
