INFO - 20 00 48 3c 00 0a 40 00
INFO - 20 02 88 3c 00 0a c2 00
INFO - 20 09 c8 3c 00 0a 8e 00
INFO - 20 09 08 3c 00 0a 8e 00
INFO - 20 0c 48 3c 00 0a 87 00
INFO - 20 13 88 3c 00 0b 8e 00
INFO - 20 13 c8 3c 00 0b 8e 00
INFO - 20 18 08 3c 00 0a b3 00
INFO - 20 18 48 3c 00 0a b3 00
INFO - 20 1c 88 3c 00 0a aa 00
INFO - 20 1e c8 3c 00 0a 95 00
INFO - 20 1f 08 3c 00 0a 96 00
INFO - 20 21 48 3c 00 0a 93 00
INFO - 20 23 88 3c 00 0a b5 00
INFO - 20 23 c8 3c 00 0a b5 00
INFO - 20 28 08 3c 00 0a b3 00
INFO - 20 28 48 3c 00 0a b3 00
INFO - 20 28 88 3c 00 0a b3 00
INFO - 20 29 c8 3c 00 0a 50 00
INFO - 20 29 08 3c 00 0a 50 00
INFO - 20 30 48 3c 00 0a f3 00
INFO - 20 33 88 3c 00 0a bf 00
INFO - 20 34 c8 3c 00 0a 70 00
INFO - 20 38 08 3c 00 0b 04 00
INFO - 20 38 48 3c 00 0b 04 00
INFO - 20 3a 88 3c 00 0a 7b 00
INFO - 20 3f c8 3c 00 0b 4b 00
INFO - 20 41 08 3c 00 0a 99 00
INFO - 20 42 48 3c 00 0a 87 00
INFO - 20 44 88 3c 00 0a 99 00
INFO - 20 46 c8 3c 00 0a 86 00
INFO - 20 48 08 3c 00 0a a2 00
INFO - 20 4b 48 3c 00 0a d9 00
INFO - 20 4d 88 3c 00 0a a7 00
INFO - 20 4f c8 3c 00 0a b7 00
INFO - 20 51 08 3c 00 0a 87 00
INFO - 20 52 48 3c 00 0a 9c 00
INFO - 20 54 88 3c 00 0a 8a 00
INFO - 20 56 c8 3c 00 0a ad 00
INFO - 20 58 08 3c 00 0a aa 00
INFO - 20 5a 48 3c 00 0a 99 00
INFO - 20 5c 88 3c 00 0a 9d 00
INFO - 20 5d c8 3c 00 0a 82 00
INFO - 20 60 08 3c 00 0a c2 00
INFO - 20 62 48 3c 00 0a a1 00
INFO - 20 64 88 3c 00 0a bd 00
INFO - 20 66 c8 3c 00 0a ae 00
INFO - 20 69 08 3c 00 0a ae 00
INFO - 20 6b 48 3c 00 0a b3 00
INFO - 20 6d 88 3c 00 0a b9 00
INFO - 20 70 c8 3c 00 0a c4 00
INFO - 20 72 08 3c 00 0a aa 00
INFO - 20 74 48 3c 00 0a a4 00
INFO - 20 76 88 3c 00 0a 9b 00
INFO - 20 78 c8 3c 00 0a a0 00
INFO - 20 7a 08 3c 00 0a aa 00
INFO - 20 7c 48 3c 00 0a b9 00
INFO - 20 7f 88 3c 00 0a d2 00
INFO - 20 82 c8 3c 00 0a b9 00
INFO - 20 85 08 3c 00 0a dd 00
INFO - 20 87 48 3c 00 0a a0 00
INFO - 20 89 88 3c 00 0a ae 00
INFO - 20 8b c8 3c 00 0a 92 00
INFO - 20 8d 08 3c 00 0a aa 00
INFO - 20 8f 48 3c 00 0a ae 00
INFO - 20 91 88 3c 00 0a a8 00
INFO - 20 93 c8 3c 00 0a 95 00
INFO - 20 95 08 3c 00 0a c0 00
INFO - 20 98 48 3c 00 0a b7 00
INFO - 20 9a 88 3c 00 0a a8 00
INFO - 20 9c c8 3c 00 0a a0 00
INFO - 20 9e 08 3c 00 0a 75 00
INFO - 20 a0 48 3c 00 0a 94 00
INFO - 20 a1 88 3c 00 0a 8b 00
INFO - 20 a3 c8 3c 00 0a 95 00
INFO - 20 a5 08 3c 00 0a 96 00
INFO - 20 a7 48 3c 00 0a a9 00
INFO - 20 a8 88 3c 00 0a 95 00
INFO - 20 aa c8 3c 00 0a 9f 00
INFO - 20 ac 08 3c 00 0a 8a 00
INFO - 20 ae 48 3c 00 0a bf 00
INFO - 20 b1 88 3c 00 0a c9 00
INFO - 20 b4 c8 3c 00 0a c9 00
INFO - 20 b6 08 3c 00 0a b2 00
INFO - 20 b9 48 3c 00 0a c0 00
INFO - 20 ba 88 3c 00 0a 94 00
INFO - 20 bd c8 3c 00 0a be 00
INFO - 20 be 08 3c 00 0a 8a 00
INFO - 20 c0 48 3c 00 0a a9 00
INFO - 20 c3 88 3c 00 0a a8 00
INFO - 20 c5 c8 3c 00 0a be 00
INFO - 20 c7 08 3c 00 0a 94 00
INFO - 20 c9 48 3c 00 0a 9e 00
INFO - 20 cb 88 3c 00 0a b3 00
INFO - 20 cd c8 3c 00 0a a8 00
INFO - 20 cf 08 3c 00 0a b0 00
INFO - 20 d1 48 3c 00 0a ab 00
INFO - 20 d3 88 3c 00 0a 7a 00
INFO - 20 d9 c8 3c 00 0a d3 00
INFO - 20 db 08 3c 00 0a 9c 00
INFO - 20 de 48 3c 00 0a b6 00
INFO - 20 e0 88 3c 00 0a b1 00
INFO - 20 e2 c8 3c 00 0a ac 00
INFO - 20 e4 08 3c 00 0a 9e 00
INFO - 20 e6 48 3c 00 0a b5 00
INFO - 20 e9 88 3c 00 0a b2 00
INFO - 20 eb c8 3c 00 0a a2 00
INFO - 20 ec 08 3c 00 0a 92 00
INFO - 20 ef 48 3c 00 0a cd 00
INFO - 20 f1 88 3c 00 0a 9d 00
INFO - 20 f3 c8 3c 00 0a 99 00
INFO - 20 f4 08 3c 00 0a 93 00
INFO - 20 f6 48 3c 00 0a 98 00
INFO - 20 f8 88 3c 00 0a 9e 00
INFO - 20 fa c8 3c 00 0a 8e 00
INFO - 20 fc 08 3c 00 0a b3 00
INFO - 20 fe 48 3c 00 0a 9a 00
INFO - 21 00 88 3c 00 0a 9e 00
INFO - 21 02 c8 3c 00 0a af 00
INFO - 21 05 08 3c 00 0a ca 00
INFO - 21 07 48 3c 00 0a a5 00
INFO - 21 0a 88 3c 00 0a d8 00
INFO - 21 0c c8 3c 00 0a 9f 00
INFO - 21 0d 08 3c 00 0a 9b 00
INFO - 21 10 48 3c 00 0a d6 00
INFO - 21 13 88 3c 00 0a bc 00
INFO - 21 18 c8 3c 00 0b 30 00
INFO - 21 1a 08 3c 00 0a bd 00
INFO - 21 1b 48 3c 00 0a 80 00
INFO - 21 1e 88 3c 00 0a b2 00
INFO - 21 1f c8 3c 00 0a 96 00
INFO - 21 22 08 3c 00 0a c8 00
INFO - 21 24 48 3c 00 0a ac 00
INFO - 21 26 88 3c 00 0a 9c 00
INFO - 21 28 c8 3c 00 0a a4 00
INFO - 21 2b 08 3c 00 0a db 00
INFO - 21 2d 48 3c 00 0a ac 00
INFO - 21 30 88 3c 00 0a bc 00
INFO - 21 32 c8 3c 00 0a ac 00
INFO - 21 34 08 3c 00 0a af 00
INFO - 21 36 48 3c 00 0a a6 00
INFO - 21 38 88 3c 00 0a 8a 00
INFO - 21 3a c8 3c 00 0a a3 00
INFO - 21 3c 08 3c 00 0a a6 00
INFO - 21 3e 48 3c 00 0a ac 00
INFO - 21 40 88 3c 00 0a ae 00
INFO - 21 42 c8 3c 00 0a ae 00
INFO - 21 44 08 3c 00 0a a3 00
INFO - 21 48 48 3c 00 0a da 00
INFO - 21 49 88 3c 00 0a 8d 00
INFO - 21 4b c8 3c 00 0a ad 00
INFO - 21 4e 08 3c 00 0a b8 00
INFO - 21 50 48 3c 00 0a ac 00
INFO - 21 52 88 3c 00 0a 97 00
INFO - 21 54 c8 3c 00 0a cd 00
INFO - 21 56 08 3c 00 0a a1 00
INFO - 21 59 48 3c 00 0a b7 00
INFO - 21 5b 88 3c 00 0a ac 00
INFO - 21 5e c8 3c 00 0a cc 00
INFO - 21 60 08 3c 00 0a c1 00
INFO - 21 64 48 3c 00 0a e1 00
INFO - 21 66 88 3c 00 0a b6 00
INFO - 21 68 c8 3c 00 0a ac 00
INFO - 21 6a 08 3c 00 0a b6 00
INFO - 21 6d 48 3c 00 0a c2 00
INFO - 21 6f 88 3c 00 0a 96 00
INFO - 21 70 c8 3c 00 0a 8c 00
INFO - 21 72 08 3c 00 0a a1 00
INFO - 21 74 48 3c 00 0a 97 00
INFO - 21 76 88 3c 00 0a 9e 00
INFO - 21 78 c8 3c 00 0a a5 00
INFO - 21 7b 08 3c 00 0a c2 00
INFO - 21 7d 48 3c 00 0a ad 00
INFO - 21 7f 88 3c 00 0a c3 00
INFO - 21 81 c8 3c 00 0a 95 00
INFO - 21 83 08 3c 00 0a b1 00
INFO - 21 85 48 3c 00 0a a3 00
INFO - 21 87 88 3c 00 0a a3 00
INFO - 21 8a c8 3c 00 0a b9 00
INFO - 21 8c 08 3c 00 0a ab 00
INFO - 21 8e 48 3c 00 0a bc 00
INFO - 21 92 88 3c 00 0a fc 00
INFO - 21 94 c8 3c 00 0a 8e 00
INFO - 21 96 08 3c 00 0a a4 00
INFO - 21 97 48 3c 00 0a 96 00
INFO - 21 9b 88 3c 00 0a de 00
INFO - 21 9d c8 3c 00 0a af 00
INFO - 21 9f 08 3c 00 0a a4 00
INFO - 21 a1 48 3c 00 0a b9 00
INFO - 21 a3 88 3c 00 0a 9b 00
INFO - 21 a5 c8 3c 00 0a b0 00
INFO - 21 a7 08 3c 00 0a 9a 00
INFO - 21 a9 48 3c 00 0a a5 00
INFO - 21 ab 88 3c 00 0a af 00
INFO - 21 ae c8 3c 00 0a bd 00
INFO - 21 b0 08 3c 00 0a bc 00
INFO - 21 b3 48 3c 00 0a b1 00
INFO - 21 b6 88 3c 00 0a d3 00
INFO - 21 b8 c8 3c 00 0a a6 00
INFO - 21 ba 08 3c 00 0a b1 00
INFO - 21 bc 48 3c 00 0a a6 00
INFO - 21 be 88 3c 00 0a a6 00
INFO - 21 c0 c8 3c 00 0a 9b 00
INFO - 21 c3 08 3c 00 0a c9 00
INFO - 21 c6 48 3c 00 0a d4 00
INFO - 21 c8 88 3c 00 0a bf 00
INFO - 21 ca c8 3c 00 0a 8f 00
INFO - 21 cc 08 3c 00 0a cb 00
INFO - 21 ce 48 3c 00 0a 9c 00
INFO - 21 d1 88 3c 00 0a b2 00
INFO - 21 d3 c8 3c 00 0a 9d 00
INFO - 21 d5 08 3c 00 0a a8 00
INFO - 21 d6 48 3c 00 0a 9c 00
INFO - 21 d9 88 3c 00 0a a7 00
INFO - 21 da c8 3c 00 0a 9e 00
INFO - 21 dd 08 3c 00 0a b4 00
INFO - 21 e0 48 3c 00 0a d6 00
INFO - 21 e2 88 3c 00 0a aa 00
INFO - 21 e5 c8 3c 00 0a cc 00
INFO - 21 e7 08 3c 00 0a 9d 00
INFO - 21 e9 48 3c 00 0a b5 00
INFO - 21 eb 88 3c 00 0a c1 00
INFO - 21 ee c8 3c 00 0a a9 00
INFO - 21 f0 08 3c 00 0a b3 00
INFO - 21 f2 48 3c 00 0a b8 00
INFO - 21 f5 88 3c 00 0a b6 00
INFO - 21 f7 c8 3c 00 0a a9 00
INFO - 21 f9 08 3c 00 0a ac 00
INFO - 21 fc 48 3c 00 0a da 00
INFO - 21 ff 88 3c 00 0a c1 00
INFO - 22 01 c8 3c 00 0a ad 00
INFO - 22 03 08 3c 00 0a b7 00
INFO - 22 06 48 3c 00 0a b4 00
INFO - 22 08 88 3c 00 0a ba 00
INFO - 22 0a c8 3c 00 0a b8 00
INFO - 22 0d 08 3c 00 0a c2 00
INFO - 22 0f 48 3c 00 0a af 00
INFO - 22 12 88 3c 00 0a c4 00
INFO - 22 14 c8 3c 00 0a b8 00
INFO - 22 17 08 3c 00 0a d1 00
INFO - 22 19 48 3c 00 0a ad 00
INFO - 22 1c 88 3c 00 0a b7 00
INFO - 22 1e c8 3c 00 0a a4 00
INFO - 22 20 08 3c 00 0a c5 00
INFO - 22 22 48 3c 00 0a a1 00
INFO - 22 25 88 3c 00 0a d2 00
INFO - 22 28 c8 3c 00 0a c6 00
INFO - 22 2a 08 3c 00 0a a2 00
INFO - 22 2c 48 3c 00 0a ad 00
INFO - 22 2e 88 3c 00 0a a4 00
INFO - 22 31 c8 3c 00 0a b8 00
INFO - 22 33 08 3c 00 0a ba 00
INFO - 22 35 48 3c 00 0a ae 00
INFO - 22 38 88 3c 00 0a c6 00
INFO - 22 3a c8 3c 00 0a af 00
INFO - 22 3c 08 3c 00 0a ae 00
INFO - 22 40 48 3c 00 0a fb 00
INFO - 22 45 88 3c 00 0b 1b 00
INFO - 22 46 c8 3c 00 0a 89 00
INFO - 22 49 08 3c 00 0a d7 00
INFO - 22 4c 48 3c 00 0a de 00
INFO - 22 4e 88 3c 00 0a af 00
INFO - 22 51 c8 3c 00 0a d5 00
INFO - 22 54 08 3c 00 0a bf 00
INFO - 22 56 48 3c 00 0a a1 00
INFO - 22 59 88 3c 00 0a c9 00
INFO - 22 5b c8 3c 00 0a a7 00
INFO - 22 5d 08 3c 00 0a ca 00
INFO - 22 61 48 3c 00 0a e0 00
INFO - 22 63 88 3c 00 0a a7 00
INFO - 22 66 c8 3c 00 0a cb 00
INFO - 22 67 08 3c 00 0a 71 00
INFO - 22 69 48 3c 00 0a 98 00
INFO - 22 6d 88 3c 00 0a f5 00
INFO - 22 70 c8 3c 00 0a d9 00
INFO - 22 72 08 3c 00 0a b0 00
INFO - 22 75 48 3c 00 0a db 00
INFO - 22 78 88 3c 00 0a c0 00
INFO - 22 7b c8 3c 00 0a c4 00
INFO - 22 7d 08 3c 00 0a be 00
INFO - 22 7f 48 3c 00 0a b7 00
INFO - 22 82 88 3c 00 0a b2 00
INFO - 22 86 c8 3c 00 0b 03 00
INFO - 22 88 08 3c 00 0a ac 00
INFO - 22 8a 48 3c 00 0a b5 00
INFO - 22 8d 88 3c 00 0a dd 00
INFO - 22 90 c8 3c 00 0a dc 00
INFO - 22 93 08 3c 00 0a cf 00
INFO - 22 96 48 3c 00 0a c0 00
INFO - 22 99 88 3c 00 0a d2 00
INFO - 22 9b c8 3c 00 0a a9 00
INFO - 22 9e 08 3c 00 0a c0 00
INFO - 22 a0 48 3c 00 0a ad 00
INFO - 22 a2 88 3c 00 0a b6 00
INFO - 22 a5 c8 3c 00 0a c0 00
INFO - 22 a7 08 3c 00 0a b9 00
INFO - 22 aa 48 3c 00 0a db 00
INFO - 22 ad 88 3c 00 0a c7 00
INFO - 22 b0 c8 3c 00 0a d2 00
INFO - 22 b2 08 3c 00 0a 99 00
INFO - 22 b5 48 3c 00 0a e2 00
INFO - 22 b7 88 3c 00 0a a9 00
INFO - 22 b9 c8 3c 00 0a aa 00
INFO - 22 bc 08 3c 00 0a b8 00
INFO - 22 be 48 3c 00 0a aa 00
INFO - 22 c1 88 3c 00 0a df 00
INFO - 22 c3 c8 3c 00 0a ab 00
INFO - 22 c6 08 3c 00 0a c5 00
INFO - 22 c8 48 3c 00 0a b9 00
INFO - 22 cc 88 3c 00 0a ee 00
INFO - 22 ce c8 3c 00 0a b9 00
INFO - 22 d1 08 3c 00 0a c6 00
INFO - 22 d3 48 3c 00 0a ab 00
INFO - 22 d6 88 3c 00 0a c7 00
INFO - 22 d8 c8 3c 00 0a ac 00
INFO - 22 dc 08 3c 00 0b 0a 00
INFO - 22 de 48 3c 00 0a ac 00
INFO - 22 e2 88 3c 00 0b 18 00
INFO - 22 e5 c8 3c 00 0a ba 00
INFO - 22 e7 08 3c 00 0a ba 00
INFO - 22 ea 48 3c 00 0a d5 00
INFO - 22 ec 88 3c 00 0a b0 00
INFO - 22 ef c8 3c 00 0a c5 00
INFO - 22 f3 08 3c 00 0b 1a 00
INFO - 22 f6 48 3c 00 0a be 00
INFO - 22 f8 88 3c 00 0a b8 00
INFO - 22 fb c8 3c 00 0a c9 00
INFO - 22 fe 08 3c 00 0a da 00
INFO - 23 01 48 3c 00 0a e2 00
INFO - 23 05 88 3c 00 0a f5 00
INFO - 23 07 c8 3c 00 0a ac 00
INFO - 23 0a 08 3c 00 0a da 00
INFO - 23 0d 48 3c 00 0a c8 00
INFO - 23 10 88 3c 00 0a da 00
INFO - 23 13 c8 3c 00 0a d8 00
INFO - 23 17 08 3c 00 0b 0e 00
INFO - 23 1a 48 3c 00 0a be 00
INFO - 23 1c 88 3c 00 0a bc 00
INFO - 23 1f c8 3c 00 0a b1 00
INFO - 23 22 08 3c 00 0a d8 00
INFO - 23 25 48 3c 00 0a e8 00
INFO - 23 27 88 3c 00 0a af 00
INFO - 23 2a c8 3c 00 0a b1 00
INFO - 23 2c 08 3c 00 0a b0 00
INFO - 23 2e 48 3c 00 0a b1 00
INFO - 23 32 88 3c 00 0a f6 00
INFO - 23 35 c8 3c 00 0a cc 00
INFO - 23 38 08 3c 00 0a e9 00
INFO - 23 3a 48 3c 00 0a be 00
INFO - 23 3d 88 3c 00 0a bf 00
INFO - 23 40 c8 3c 00 0a cd 00
INFO - 23 43 08 3c 00 0a ce 00
INFO - 23 46 48 3c 00 0a db 00
INFO - 23 49 88 3c 00 0a ea 00
INFO - 23 4c c8 3c 00 0a c0 00
INFO - 23 50 08 3c 00 0b 07 00
INFO - 23 52 48 3c 00 0a bf 00
INFO - 23 56 88 3c 00 0a ec 00
INFO - 23 59 c8 3c 00 0a db 00
INFO - 23 5b 08 3c 00 0a c0 00
INFO - 23 5e 48 3c 00 0a b2 00
INFO - 23 60 88 3c 00 0a c2 00
INFO - 23 62 c8 3c 00 0a a2 00
INFO - 23 65 08 3c 00 0a c1 00
INFO - 23 67 48 3c 00 0a b1 00
INFO - 23 6a 88 3c 00 0a dd 00
INFO - 23 6e c8 3c 00 0a dd 00
INFO - 23 70 08 3c 00 0a a3 00
INFO - 23 72 48 3c 00 0a c0 00
INFO - 23 75 88 3c 00 0a c0 00
INFO - 23 78 c8 3c 00 0a f8 00
INFO - 23 7b 08 3c 00 0a c0 00
INFO - 23 7e 48 3c 00 0a dc 00
INFO - 23 81 88 3c 00 0a bf 00
INFO - 23 83 c8 3c 00 0a 80 00
INFO - 23 86 08 3c 00 0a be 00
INFO - 23 89 48 3c 00 0a e9 00
INFO - 23 8c 88 3c 00 0a cd 00
INFO - 23 8e c8 3c 00 0a bf 00
INFO - 23 91 08 3c 00 0a cc 00
INFO - 23 94 48 3c 00 0a cb 00
INFO - 23 96 88 3c 00 0a b0 00
INFO - 23 99 c8 3c 00 0a d9 00
INFO - 23 9c 08 3c 00 0a ae 00
INFO - 23 9f 48 3c 00 0a f6 00
INFO - 23 a2 88 3c 00 0a bd 00
INFO - 23 a5 c8 3c 00 0a ca 00
INFO - 23 a7 08 3c 00 0a ad 00
INFO - 23 aa 48 3c 00 0a da 00
INFO - 23 ac 88 3c 00 0a ae 00
INFO - 23 b2 c8 3c 00 0b 52 00
INFO - 23 b4 08 3c 00 0a b0 00
INFO - 23 b6 48 3c 00 0a ad 00
INFO - 23 b8 88 3c 00 0a ae 00
INFO - 23 bb c8 3c 00 0a e3 00
INFO - 23 bf 08 3c 00 0a e6 00
INFO - 23 c2 48 3c 00 0a c8 00
INFO - 23 c5 88 3c 00 0a e4 00
INFO - 23 c9 c8 3c 00 0a fe 00
INFO - 23 cc 08 3c 00 0a d4 00
INFO - 23 ce 48 3c 00 0a bc 00
INFO - 23 d1 88 3c 00 0a b8 00
INFO - 23 d3 c8 3c 00 0a ae 00
INFO - 23 d5 08 3c 00 0a c6 00
INFO - 23 d8 48 3c 00 0a c9 00
INFO - 23 dc 88 3c 00 0a ef 00
INFO - 23 df c8 3c 00 0a d4 00
INFO - 23 e1 08 3c 00 0a c6 00
INFO - 23 e4 48 3c 00 0a c5 00
INFO - 23 e7 88 3c 00 0a d3 00
INFO - 23 ea c8 3c 00 0a c7 00
INFO - 23 ec 08 3c 00 0a aa 00
INFO - 23 ee 48 3c 00 0a c5 00
INFO - 23 f1 88 3c 00 0a b9 00
INFO - 23 f3 c8 3c 00 0a a9 00
INFO - 23 f6 08 3c 00 0a d3 00
INFO - 23 f8 48 3c 00 0a a9 00
INFO - 23 fb 88 3c 00 0a b9 00
INFO - 23 fd c8 3c 00 0a c3 00
INFO - 24 00 08 3c 00 0a c4 00
INFO - 24 02 48 3c 00 0a c5 00
INFO - 24 05 88 3c 00 0a c3 00
INFO - 24 07 c8 3c 00 0a ab 00
