INFO - 40 00 94 00 f9 41 00 23
INFO - 40 22 d4 00 f9 41 00 23
INFO - 40 af 14 00 f9 51 00 20
INFO - 40 f3 54 00 f9 51 00 20
INFO - 41 28 94 00 f9 41 00 23
INFO - 41 a6 d4 00 f9 41 00 23
INFO - 42 16 14 00 f9 41 00 23
INFO - 44 0b 54 00 f9 41 00 23
INFO - 44 60 94 00 f9 41 00 23
INFO - 44 cc d4 00 f9 51 00 20
INFO - 44 df 14 00 f9 51 00 20
INFO - 44 f3 54 00 f9 41 00 24
INFO - 45 a2 94 00 f9 51 00 20
INFO - 46 02 d4 00 f9 41 00 23
INFO - 46 1b 14 00 f9 41 00 23
INFO - 46 96 54 00 f9 41 00 23
INFO - 47 5d 94 00 f9 41 00 23
INFO - 47 7c d4 00 f9 51 00 20
INFO - 47 9d 14 00 f9 51 00 20
INFO - 47 c3 54 00 f9 41 00 24
INFO - 49 80 94 00 f9 41 00 24
INFO - 4b 79 d4 00 f9 41 00 24
INFO - 4c 2d 14 00 f9 51 00 20
INFO - 4c 3a 54 00 f9 51 00 20
INFO - 4c 4d 94 00 f9 41 00 23
INFO - 4d 67 d4 00 f9 41 00 23
INFO - 4f 61 14 00 f9 41 00 23
INFO - 4f 9f 54 00 f9 51 00 20
INFO - 4f b5 94 00 f9 51 00 20
INFO - 4f c0 d4 00 f9 41 00 24
INFO - 50 77 14 00 f9 51 00 20
INFO - 50 c2 54 00 f9 41 00 23
