INFO - 20 00 48 3c 00 0a 40 00
INFO - 21 26 88 3c 00 0b fe 00
INFO - 21 28 c8 3c 00 0a ba 00
INFO - 21 31 08 3c 00 0a 8d 00
INFO - 21 38 48 3c 00 0b 9d 00
INFO - 21 38 88 3c 00 0b 9d 00
INFO - 21 3e c8 3c 00 0a dd 00
INFO - 21 3e 08 3c 00 0a dd 00
INFO - 21 3e 48 3c 00 0a dd 00
INFO - 21 44 88 3c 00 0a 9f 00
INFO - 21 47 c8 3c 00 0a d3 00
INFO - 21 49 08 3c 00 0a a7 00
INFO - 21 4a 48 3c 00 0a 79 00
INFO - 21 4e 88 3c 00 0b 18 00
INFO - 21 4e c8 3c 00 0b 18 00
INFO - 21 52 08 3c 00 0a 97 00
INFO - 21 53 48 3c 00 0a 6b 00
INFO - 21 53 88 3c 00 0a 6b 00
INFO - 21 5a c8 3c 00 0a f7 00
INFO - 21 5c 08 3c 00 0a 93 00
INFO - 21 5c 48 3c 00 0a 93 00
INFO - 21 60 88 3c 00 0a b7 00
INFO - 21 60 c8 3c 00 0a b7 00
INFO - 21 64 08 3c 00 0a a0 00
INFO - 21 65 48 3c 00 0a 79 00
INFO - 21 65 88 3c 00 0a 79 00
INFO - 21 6c c8 3c 00 0a da 00
INFO - 21 6d 08 3c 00 0a 87 00
INFO - 21 6f 48 3c 00 0a a4 00
INFO - 21 6f 88 3c 00 0a a4 00
INFO - 21 72 c8 3c 00 0a 8a 00
INFO - 21 78 08 3c 00 0b 77 00
INFO - 21 7b 48 3c 00 0a b0 00
INFO - 21 7e 88 3c 00 0a d4 00
INFO - 21 80 c8 3c 00 0a c9 00
INFO - 21 83 08 3c 00 0a b5 00
INFO - 21 85 48 3c 00 0a a4 00
INFO - 21 87 88 3c 00 0a aa 00
INFO - 21 89 c8 3c 00 0a 99 00
INFO - 21 8b 08 3c 00 0a bf 00
INFO - 21 8d 48 3c 00 0a aa 00
INFO - 21 8f 88 3c 00 0a 99 00
INFO - 21 91 c8 3c 00 0a b3 00
INFO - 21 93 08 3c 00 0a 9f 00
INFO - 21 96 48 3c 00 0a bc 00
INFO - 21 98 88 3c 00 0a 9e 00
INFO - 21 9a c8 3c 00 0a c8 00
INFO - 21 9c 08 3c 00 0a a0 00
INFO - 21 9f 48 3c 00 0a b0 00
INFO - 21 a0 88 3c 00 0a 92 00
INFO - 21 a2 c8 3c 00 0a ab 00
INFO - 21 a4 08 3c 00 0a a6 00
INFO - 21 a6 48 3c 00 0a 9f 00
INFO - 21 a8 88 3c 00 0a a6 00
INFO - 21 ab c8 3c 00 0a cb 00
INFO - 21 ae 08 3c 00 0a ac 00
INFO - 21 b0 48 3c 00 0a b1 00
INFO - 21 b2 88 3c 00 0a a1 00
INFO - 21 b7 c8 3c 00 0b 49 00
INFO - 21 ba 08 3c 00 0a db 00
INFO - 21 bc 48 3c 00 0a a6 00
INFO - 21 bf 88 3c 00 0a b8 00
INFO - 21 c1 c8 3c 00 0a a7 00
INFO - 21 c4 08 3c 00 0a e7 00
INFO - 21 c7 48 3c 00 0a b2 00
INFO - 21 c8 88 3c 00 0a a1 00
INFO - 21 cb c8 3c 00 0a a7 00
INFO - 21 ce 08 3c 00 0a e5 00
INFO - 21 d1 48 3c 00 0a da 00
INFO - 21 d4 88 3c 00 0a d9 00
INFO - 21 d7 c8 3c 00 0a cc 00
INFO - 21 d9 08 3c 00 0a a1 00
INFO - 21 dc 48 3c 00 0a 99 00
INFO - 21 df 88 3c 00 0a ab 00
INFO - 21 e1 c8 3c 00 0a b6 00
INFO - 21 e4 08 3c 00 0a c3 00
INFO - 21 e7 48 3c 00 0a e6 00
INFO - 21 e9 88 3c 00 0a b8 00
INFO - 21 eb c8 3c 00 0a 94 00
INFO - 21 ef 08 3c 00 0b 0b 00
INFO - 21 f1 48 3c 00 0a b7 00
INFO - 21 f3 88 3c 00 0a 94 00
INFO - 21 f6 c8 3c 00 0a c3 00
INFO - 21 f7 08 3c 00 0a 93 00
INFO - 21 fa 48 3c 00 0a c6 00
INFO - 21 fc 88 3c 00 0a aa 00
INFO - 21 ff c8 3c 00 0a ae 00
INFO - 22 02 08 3c 00 0a e6 00
INFO - 22 04 48 3c 00 0a bb 00
INFO - 22 07 88 3c 00 0a b6 00
INFO - 22 08 c8 3c 00 0a 8c 00
INFO - 22 0a 08 3c 00 0a 91 00
INFO - 22 0d 48 3c 00 0a c5 00
INFO - 22 0f 88 3c 00 0a af 00
INFO - 22 11 c8 3c 00 0a aa 00
INFO - 22 12 08 3c 00 0a 8b 00
INFO - 22 15 48 3c 00 0a b6 00
INFO - 22 17 88 3c 00 0a ad 00
INFO - 22 19 c8 3c 00 0a af 00
INFO - 22 1b 08 3c 00 0a ad 00
INFO - 22 1e 48 3c 00 0a ab 00
INFO - 22 20 88 3c 00 0a b9 00
INFO - 22 23 c8 3c 00 0a bd 00
INFO - 22 25 08 3c 00 0a c2 00
INFO - 22 28 48 3c 00 0a c9 00
INFO - 22 2b 88 3c 00 0a c3 00
INFO - 22 2f c8 3c 00 0b 1b 00
INFO - 22 31 08 3c 00 0a a1 00
INFO - 22 33 48 3c 00 0a a4 00
INFO - 22 35 88 3c 00 0a ab 00
INFO - 22 38 c8 3c 00 0a e9 00
INFO - 22 3a 08 3c 00 0a a0 00
INFO - 22 3d 48 3c 00 0a c9 00
INFO - 22 3f 88 3c 00 0a 91 00
INFO - 22 41 c8 3c 00 0a ba 00
INFO - 22 43 08 3c 00 0a 91 00
INFO - 22 46 48 3c 00 0a ad 00
INFO - 22 49 88 3c 00 0a d5 00
INFO - 22 4b c8 3c 00 0a a9 00
INFO - 22 4c 08 3c 00 0a 8c 00
INFO - 22 4e 48 3c 00 0a 9d 00
INFO - 22 50 88 3c 00 0a a1 00
INFO - 22 52 c8 3c 00 0a b0 00
INFO - 22 55 08 3c 00 0a b6 00
INFO - 22 5a 48 3c 00 0b 32 00
INFO - 22 5c 88 3c 00 0a b0 00
INFO - 22 5e c8 3c 00 0a 92 00
INFO - 22 60 08 3c 00 0a c4 00
INFO - 22 64 48 3c 00 0b 02 00
INFO - 22 67 88 3c 00 0a de 00
INFO - 22 6a c8 3c 00 0a de 00
INFO - 22 6d 08 3c 00 0a b9 00
INFO - 22 6f 48 3c 00 0a 99 00
INFO - 22 71 88 3c 00 0a b6 00
INFO - 22 75 c8 3c 00 0b 02 00
INFO - 22 77 08 3c 00 0a be 00
INFO - 22 7a 48 3c 00 0a b5 00
INFO - 22 7d 88 3c 00 0a e2 00
INFO - 22 7f c8 3c 00 0a a9 00
INFO - 22 81 08 3c 00 0a b1 00
INFO - 22 83 48 3c 00 0a 9e 00
INFO - 22 86 88 3c 00 0a c4 00
INFO - 22 88 c8 3c 00 0a b0 00
INFO - 22 8a 08 3c 00 0a aa 00
INFO - 22 8d 48 3c 00 0a c7 00
INFO - 22 90 88 3c 00 0a cd 00
INFO - 22 92 c8 3c 00 0a 6c 00
INFO - 22 95 08 3c 00 0a d8 00
INFO - 22 97 48 3c 00 0a ac 00
INFO - 22 99 88 3c 00 0a ac 00
INFO - 22 9c c8 3c 00 0a cf 00
INFO - 22 9e 08 3c 00 0a a8 00
INFO - 22 a0 48 3c 00 0a 93 00
INFO - 22 a2 88 3c 00 0a bb 00
INFO - 22 a5 c8 3c 00 0a b3 00
INFO - 22 a9 08 3c 00 0b 0a 00
INFO - 22 ab 48 3c 00 0a b7 00
INFO - 22 ae 88 3c 00 0a c6 00
INFO - 22 b0 c8 3c 00 0a b2 00
INFO - 22 b3 08 3c 00 0a ba 00
INFO - 22 b5 48 3c 00 0a be 00
INFO - 22 b7 88 3c 00 0a 94 00
INFO - 22 b9 c8 3c 00 0a ad 00
INFO - 22 bc 08 3c 00 0a ce 00
INFO - 22 bf 48 3c 00 0a e2 00
INFO - 22 c1 88 3c 00 0a aa 00
INFO - 22 c3 c8 3c 00 0a a1 00
INFO - 22 c6 08 3c 00 0a be 00
INFO - 22 c9 48 3c 00 0a d1 00
INFO - 22 cb 88 3c 00 0a 9a 00
INFO - 22 cc c8 3c 00 0a a2 00
INFO - 22 ce 08 3c 00 0a 9a 00
INFO - 22 d0 48 3c 00 0a 93 00
INFO - 22 d2 88 3c 00 0a ad 00
INFO - 22 d4 c8 3c 00 0a 99 00
INFO - 22 d7 08 3c 00 0a d0 00
INFO - 22 d8 48 3c 00 0a 8e 00
INFO - 22 da 88 3c 00 0a 9e 00
INFO - 22 dd c8 3c 00 0a ce 00
INFO - 22 e0 08 3c 00 0a cc 00
INFO - 22 e2 48 3c 00 0a 8d 00
INFO - 22 e3 88 3c 00 0a 91 00
INFO - 22 e6 c8 3c 00 0a cf 00
INFO - 22 e8 08 3c 00 0a 99 00
INFO - 22 ea 48 3c 00 0a b3 00
INFO - 22 ed 88 3c 00 0a da 00
INFO - 22 f0 c8 3c 00 0a ca 00
INFO - 22 f6 08 3c 00 0b 5e 00
INFO - 22 f8 48 3c 00 0a 98 00
INFO - 22 fa 88 3c 00 0a ca 00
INFO - 22 fd c8 3c 00 0a b5 00
INFO - 22 fe 08 3c 00 0a 81 00
INFO - 23 01 48 3c 00 0a 91 00
INFO - 23 03 88 3c 00 0a 8c 00
INFO - 23 06 c8 3c 00 0a e2 00
INFO - 23 08 08 3c 00 0a 96 00
INFO - 23 0b 48 3c 00 0a de 00
INFO - 23 0d 88 3c 00 0a a8 00
INFO - 23 10 c8 3c 00 0a dc 00
INFO - 23 13 08 3c 00 0a ce 00
INFO - 23 15 48 3c 00 0a ae 00
INFO - 23 17 88 3c 00 0a 9c 00
INFO - 23 19 c8 3c 00 0a 8a 00
INFO - 23 1b 08 3c 00 0a ba 00
INFO - 23 1e 48 3c 00 0a b9 00
INFO - 23 20 88 3c 00 0a b1 00
INFO - 23 22 c8 3c 00 0a aa 00
INFO - 23 24 08 3c 00 0a b7 00
INFO - 23 26 48 3c 00 0a 8f 00
INFO - 23 28 88 3c 00 0a 9e 00
INFO - 23 2a c8 3c 00 0a ba 00
INFO - 23 2c 08 3c 00 0a 9d 00
INFO - 23 2e 48 3c 00 0a a0 00
INFO - 23 30 88 3c 00 0a a2 00
INFO - 23 32 c8 3c 00 0a 92 00
INFO - 23 34 08 3c 00 0a 9e 00
INFO - 23 36 48 3c 00 0a a3 00
INFO - 23 38 88 3c 00 0a 9a 00
INFO - 23 3a c8 3c 00 0a b6 00
INFO - 23 3b 08 3c 00 0a 8f 00
INFO - 23 3e 48 3c 00 0a ab 00
INFO - 23 40 88 3c 00 0a a3 00
INFO - 23 42 c8 3c 00 0a bf 00
INFO - 23 45 08 3c 00 0a b7 00
INFO - 23 48 48 3c 00 0a f1 00
INFO - 23 4b 88 3c 00 0a e3 00
INFO - 23 4d c8 3c 00 0a 91 00
INFO - 23 50 08 3c 00 0a b0 00
INFO - 23 52 48 3c 00 0a b3 00
INFO - 23 55 88 3c 00 0a d4 00
INFO - 23 58 c8 3c 00 0a d8 00
INFO - 23 5a 08 3c 00 0a 92 00
INFO - 23 5d 48 3c 00 0a db 00
INFO - 23 60 88 3c 00 0a cd 00
INFO - 23 61 c8 3c 00 0a 91 00
INFO - 23 63 08 3c 00 0a 98 00
INFO - 23 65 48 3c 00 0a a5 00
INFO - 23 66 88 3c 00 0a 60 00
INFO - 23 68 c8 3c 00 0a 98 00
INFO - 23 6a 08 3c 00 0a 90 00
INFO - 23 6c 48 3c 00 0a 9f 00
INFO - 23 70 88 3c 00 0a f7 00
INFO - 23 72 c8 3c 00 0a a2 00
INFO - 23 74 08 3c 00 0a 7d 00
INFO - 23 77 48 3c 00 0a a9 00
INFO - 23 79 88 3c 00 0a a3 00
INFO - 23 7c c8 3c 00 0a d2 00
INFO - 23 7d 08 3c 00 0a 9c 00
INFO - 23 7f 48 3c 00 0a 8e 00
INFO - 23 81 88 3c 00 0a a6 00
INFO - 23 84 c8 3c 00 0a cf 00
INFO - 23 87 08 3c 00 0a c5 00
INFO - 23 89 48 3c 00 0a 9f 00
INFO - 23 8a 88 3c 00 0a 85 00
INFO - 23 8c c8 3c 00 0a 9c 00
INFO - 23 8d 08 3c 00 0a 96 00
INFO - 23 8f 48 3c 00 0a 90 00
INFO - 23 92 88 3c 00 0a be 00
INFO - 23 93 c8 3c 00 0a 90 00
INFO - 23 95 08 3c 00 0a 92 00
INFO - 23 97 48 3c 00 0a b5 00
INFO - 23 99 88 3c 00 0a af 00
INFO - 23 9b c8 3c 00 0a 88 00
INFO - 23 9d 08 3c 00 0a b2 00
INFO - 23 9f 48 3c 00 0a a7 00
INFO - 23 a1 88 3c 00 0a aa 00
INFO - 23 a4 c8 3c 00 0a ce 00
INFO - 23 a6 08 3c 00 0a 92 00
INFO - 23 a8 48 3c 00 0a c0 00
INFO - 23 ab 88 3c 00 0a c3 00
INFO - 23 ad c8 3c 00 0a 93 00
INFO - 23 af 08 3c 00 0a bd 00
INFO - 23 b2 48 3c 00 0a b5 00
INFO - 23 b3 88 3c 00 0a 99 00
INFO - 23 b6 c8 3c 00 0a b2 00
INFO - 23 b8 08 3c 00 0a 9f 00
INFO - 23 b9 48 3c 00 0a 92 00
INFO - 23 bc 88 3c 00 0a b2 00
INFO - 23 be c8 3c 00 0a b2 00
INFO - 23 bf 08 3c 00 0a 89 00
INFO - 23 c2 48 3c 00 0a c7 00
INFO - 23 c4 88 3c 00 0a 9d 00
INFO - 23 c6 c8 3c 00 0a 9d 00
INFO - 23 c8 08 3c 00 0a 9d 00
INFO - 23 ca 48 3c 00 0a b2 00
INFO - 23 cc 88 3c 00 0a a8 00
INFO - 23 ce c8 3c 00 0a 93 00
INFO - 23 d0 08 3c 00 0a b2 00
INFO - 23 d2 48 3c 00 0a 9d 00
INFO - 23 d3 88 3c 00 0a 93 00
INFO - 23 d6 c8 3c 00 0a bd 00
INFO - 23 d8 08 3c 00 0a bd 00
INFO - 23 da 48 3c 00 0a 7e 00
INFO - 23 dc 88 3c 00 0a b2 00
INFO - 23 de c8 3c 00 0a 93 00
INFO - 23 e1 08 3c 00 0a e6 00
INFO - 23 e3 48 3c 00 0a a7 00
INFO - 23 e4 88 3c 00 0a 7e 00
INFO - 23 e8 c8 3c 00 0a 99 00
INFO - 23 ea 08 3c 00 0a 88 00
INFO - 23 ec 48 3c 00 0a a8 00
INFO - 23 ee 88 3c 00 0a a8 00
INFO - 23 f0 c8 3c 00 0a b1 00
INFO - 23 f2 08 3c 00 0a 93 00
INFO - 23 f4 48 3c 00 0a a7 00
INFO - 23 f5 88 3c 00 0a 89 00
INFO - 23 f7 c8 3c 00 0a 95 00
INFO - 23 f9 08 3c 00 0a 9b 00
INFO - 23 fb 48 3c 00 0a a8 00
INFO - 23 fd 88 3c 00 0a a7 00
INFO - 23 ff c8 3c 00 0a b1 00
INFO - 24 02 08 3c 00 0a c6 00
INFO - 24 04 48 3c 00 0a 93 00
INFO - 24 06 88 3c 00 0a 9d 00
INFO - 24 08 c8 3c 00 0a aa 00
INFO - 24 0a 08 3c 00 0a 9a 00
INFO - 24 0c 48 3c 00 0a a8 00
INFO - 24 0f 88 3c 00 0a f0 00
INFO - 24 11 c8 3c 00 0a 9d 00
INFO - 24 13 08 3c 00 0a 97 00
INFO - 24 14 48 3c 00 0a 90 00
INFO - 24 18 88 3c 00 0a e9 00
INFO - 24 1a c8 3c 00 0a b0 00
INFO - 24 1c 08 3c 00 0a 93 00
INFO - 24 1f 48 3c 00 0a dd 00
INFO - 24 21 88 3c 00 0a bc 00
INFO - 24 23 c8 3c 00 0a 93 00
INFO - 24 25 08 3c 00 0a ac 00
INFO - 24 28 48 3c 00 0a ba 00
INFO - 24 2a 88 3c 00 0a c1 00
INFO - 24 2c c8 3c 00 0a a6 00
INFO - 24 2f 08 3c 00 0a b6 00
INFO - 24 31 48 3c 00 0a bb 00
INFO - 24 33 88 3c 00 0a ac 00
INFO - 24 35 c8 3c 00 0a a6 00
INFO - 24 37 08 3c 00 0a a8 00
INFO - 24 3a 48 3c 00 0a be 00
INFO - 24 3c 88 3c 00 0a a8 00
INFO - 24 3f c8 3c 00 0a cc 00
INFO - 24 41 08 3c 00 0a 9b 00
INFO - 24 43 48 3c 00 0a a2 00
INFO - 24 45 88 3c 00 0a 9b 00
INFO - 24 47 c8 3c 00 0a a8 00
INFO - 24 49 08 3c 00 0a ac 00
INFO - 24 4b 48 3c 00 0a 9a 00
INFO - 24 4d 88 3c 00 0a c8 00
INFO - 24 4f c8 3c 00 0a 8c 00
INFO - 24 51 08 3c 00 0a 9a 00
INFO - 24 53 48 3c 00 0a a8 00
INFO - 24 55 88 3c 00 0a bf 00
INFO - 24 57 c8 3c 00 0a 8f 00
INFO - 24 5a 08 3c 00 0a c9 00
INFO - 24 5b 48 3c 00 0a 90 00
INFO - 24 5e 88 3c 00 0a b2 00
INFO - 24 60 c8 3c 00 0a a0 00
INFO - 24 61 08 3c 00 0a 85 00
INFO - 24 63 48 3c 00 0a a0 00
INFO - 24 65 88 3c 00 0a ae 00
INFO - 24 67 c8 3c 00 0a a8 00
INFO - 24 6a 08 3c 00 0a e4 00
INFO - 24 6d 48 3c 00 0a bf 00
INFO - 24 6f 88 3c 00 0a ae 00
INFO - 24 71 c8 3c 00 0a a0 00
INFO - 24 74 08 3c 00 0a b8 00
INFO - 24 76 48 3c 00 0a c6 00
INFO - 24 79 88 3c 00 0a 85 00
INFO - 24 7b c8 3c 00 0a b9 00
INFO - 24 7d 08 3c 00 0a 8a 00
INFO - 24 7f 48 3c 00 0a ae 00
INFO - 24 82 88 3c 00 0a c6 00
INFO - 24 84 c8 3c 00 0a ba 00
INFO - 24 87 08 3c 00 0a c9 00
INFO - 24 88 48 3c 00 0a 85 00
INFO - 24 8a 88 3c 00 0a 91 00
INFO - 24 8c c8 3c 00 0a 87 00
INFO - 24 8e 08 3c 00 0a cf 00
INFO - 24 90 48 3c 00 0a 95 00
INFO - 24 92 88 3c 00 0a a3 00
INFO - 24 95 c8 3c 00 0a ba 00
INFO - 24 97 08 3c 00 0a a9 00
INFO - 24 98 48 3c 00 0a 98 00
INFO - 24 9a 88 3c 00 0a 9f 00
INFO - 24 9c c8 3c 00 0a a2 00
INFO - 24 9f 08 3c 00 0a c4 00
INFO - 24 a1 48 3c 00 0a 94 00
INFO - 24 a2 88 3c 00 0a 84 00
INFO - 24 a4 c8 3c 00 0a a8 00
INFO - 24 a6 08 3c 00 0a 97 00
INFO - 24 a9 48 3c 00 0a c4 00
INFO - 24 aa 88 3c 00 0a 9d 00
INFO - 24 ac c8 3c 00 0a 84 00
INFO - 24 ad 08 3c 00 0a 91 00
INFO - 24 af 48 3c 00 0a 9e 00
INFO - 24 b1 88 3c 00 0a 83 00
INFO - 24 b2 c8 3c 00 0a 91 00
INFO - 24 b4 08 3c 00 0a 9d 00
INFO - 24 b6 48 3c 00 0a 98 00
INFO - 24 b8 88 3c 00 0a 9e 00
INFO - 24 ba c8 3c 00 0a ac 00
INFO - 24 bc 08 3c 00 0a ba 00
INFO - 24 bf 48 3c 00 0a c7 00
INFO - 24 c1 88 3c 00 0a a3 00
INFO - 24 c4 c8 3c 00 0a c7 00
INFO - 24 c6 08 3c 00 0a ad 00
INFO - 24 c9 48 3c 00 0a e3 00
INFO - 24 cb 88 3c 00 0a a0 00
INFO - 24 cd c8 3c 00 0a 99 00
INFO - 24 d0 08 3c 00 0a bc 00
INFO - 24 d2 48 3c 00 0a c5 00
INFO - 24 d4 88 3c 00 0a 9f 00
INFO - 24 d6 c8 3c 00 0a 87 00
INFO - 24 d7 08 3c 00 0a 90 00
INFO - 24 d9 48 3c 00 0a a6 00
INFO - 24 db 88 3c 00 0a 9f 00
INFO - 24 dd c8 3c 00 0a 9a 00
INFO - 24 df 08 3c 00 0a 9f 00
INFO - 24 e1 48 3c 00 0a 8f 00
INFO - 24 e3 88 3c 00 0a a5 00
INFO - 24 e5 c8 3c 00 0a 75 00
INFO - 24 e7 08 3c 00 0a a3 00
INFO - 24 e9 48 3c 00 0a a8 00
INFO - 24 eb 88 3c 00 0a a3 00
INFO - 24 ef c8 3c 00 0b 0d 00
INFO - 24 f1 08 3c 00 0a b6 00
INFO - 24 f3 48 3c 00 0a 91 00
INFO - 24 f5 88 3c 00 0a bc 00
INFO - 24 f8 c8 3c 00 0a cd 00
INFO - 24 fa 08 3c 00 0a a2 00
INFO - 24 fc 48 3c 00 0a 9a 00
INFO - 24 fe 88 3c 00 0a a8 00
INFO - 25 00 c8 3c 00 0a 90 00
INFO - 25 02 08 3c 00 0a a1 00
INFO - 25 04 48 3c 00 0a a3 00
INFO - 25 06 88 3c 00 0a ae 00
INFO - 25 07 c8 3c 00 0a 86 00
INFO - 25 0a 08 3c 00 0a ae 00
INFO - 25 0b 48 3c 00 0a 88 00
INFO - 25 0e 88 3c 00 0a cb 00
INFO - 25 10 c8 3c 00 0a a1 00
INFO - 25 12 08 3c 00 0a 99 00
INFO - 25 13 48 3c 00 0a 8f 00
INFO - 25 15 88 3c 00 0a 9c 00
INFO - 25 17 c8 3c 00 0a 8c 00
INFO - 25 19 08 3c 00 0a b7 00
INFO - 25 1b 48 3c 00 0a 9b 00
INFO - 25 1d 88 3c 00 0a bd 00
INFO - 25 1e c8 3c 00 0a 7e 00
INFO - 25 23 08 3c 00 0b 0a 00
INFO - 25 25 48 3c 00 0a af 00
INFO - 25 27 88 3c 00 0a 95 00
INFO - 25 29 c8 3c 00 0a b6 00
INFO - 25 2b 08 3c 00 0a a4 00
INFO - 25 2c 48 3c 00 0a 8c 00
INFO - 25 2e 88 3c 00 0a a4 00
INFO - 25 30 c8 3c 00 0a 8b 00
INFO - 25 32 08 3c 00 0a 98 00
INFO - 25 34 48 3c 00 0a ae 00
INFO - 25 36 88 3c 00 0a 8e 00
INFO - 25 37 c8 3c 00 0a 8c 00
INFO - 25 39 08 3c 00 0a ac 00
INFO - 25 3b 48 3c 00 0a 88 00
INFO - 25 3d 88 3c 00 0a a9 00
INFO - 25 3f c8 3c 00 0a 9c 00
INFO - 25 41 08 3c 00 0a 7f 00
INFO - 25 43 48 3c 00 0a 9a 00
INFO - 25 45 88 3c 00 0a b1 00
INFO - 25 49 c8 3c 00 0a eb 00
INFO - 25 4a 08 3c 00 0a 83 00
INFO - 25 4c 48 3c 00 0a b0 00
INFO - 25 4e 88 3c 00 0a a9 00
INFO - 25 51 c8 3c 00 0a c0 00
INFO - 25 53 08 3c 00 0a a4 00
INFO - 25 56 48 3c 00 0a c4 00
INFO - 25 58 88 3c 00 0a 93 00
INFO - 25 5a c8 3c 00 0a aa 00
INFO - 25 5d 08 3c 00 0a e6 00
INFO - 25 5f 48 3c 00 0a 98 00
INFO - 25 61 88 3c 00 0a bb 00
INFO - 25 64 c8 3c 00 0a b6 00
INFO - 25 66 08 3c 00 0a b3 00
INFO - 25 68 48 3c 00 0a b8 00
INFO - 25 6a 88 3c 00 0a a8 00
INFO - 25 6c c8 3c 00 0a a1 00
INFO - 25 6f 08 3c 00 0a ba 00
INFO - 25 71 48 3c 00 0a b4 00
INFO - 25 73 88 3c 00 0a ac 00
INFO - 25 76 c8 3c 00 0a c2 00
INFO - 25 78 08 3c 00 0a a6 00
INFO - 25 7a 48 3c 00 0a b5 00
INFO - 25 7c 88 3c 00 0a a3 00
INFO - 25 7e c8 3c 00 0a a6 00
INFO - 25 81 08 3c 00 0a c2 00
INFO - 25 83 48 3c 00 0a a3 00
INFO - 25 86 88 3c 00 0a c6 00
INFO - 25 88 c8 3c 00 0a 99 00
INFO - 25 8a 08 3c 00 0a c9 00
INFO - 25 8c 48 3c 00 0a 97 00
INFO - 25 8f 88 3c 00 0a bf 00
INFO - 25 91 c8 3c 00 0a a2 00
INFO - 25 92 08 3c 00 0a 8f 00
INFO - 25 95 48 3c 00 0a c0 00
INFO - 25 97 88 3c 00 0a ba 00
INFO - 25 99 c8 3c 00 0a 9b 00
INFO - 25 9c 08 3c 00 0a d5 00
INFO - 25 9e 48 3c 00 0a 9e 00
INFO - 25 a1 88 3c 00 0a c7 00
INFO - 25 a3 c8 3c 00 0a b2 00
INFO - 25 a5 08 3c 00 0a a0 00
INFO - 25 a8 48 3c 00 0a d6 00
INFO - 25 aa 88 3c 00 0a a4 00
INFO - 25 ac c8 3c 00 0a b5 00
INFO - 25 ae 08 3c 00 0a ac 00
INFO - 25 b0 48 3c 00 0a a6 00
INFO - 25 b3 88 3c 00 0a a9 00
INFO - 25 b5 c8 3c 00 0a a2 00
INFO - 25 b8 08 3c 00 0a d6 00
INFO - 25 ba 48 3c 00 0a aa 00
INFO - 25 bd 88 3c 00 0a e6 00
INFO - 25 c0 c8 3c 00 0a dc 00
INFO - 25 c2 08 3c 00 0a ac 00
INFO - 25 c6 48 3c 00 0a f4 00
INFO - 25 c8 88 3c 00 0a ac 00
INFO - 25 cb c8 3c 00 0a c4 00
INFO - 25 ce 08 3c 00 0a c5 00
INFO - 25 d0 48 3c 00 0a b9 00
INFO - 25 d2 88 3c 00 0a a1 00
INFO - 25 d4 c8 3c 00 0a b9 00
INFO - 25 d8 08 3c 00 0a f6 00
INFO - 25 db 48 3c 00 0a d0 00
INFO - 25 dd 88 3c 00 0a a5 00
INFO - 25 df c8 3c 00 0a 9f 00
INFO - 25 e1 08 3c 00 0a bd 00
INFO - 25 e4 48 3c 00 0a b6 00
INFO - 25 e6 88 3c 00 0a ad 00
INFO - 25 e9 c8 3c 00 0a bd 00
INFO - 25 eb 08 3c 00 0a a9 00
INFO - 25 ee 48 3c 00 0a ed 00
INFO - 25 f0 88 3c 00 0a 9e 00
INFO - 25 f2 c8 3c 00 0a a4 00
INFO - 25 f4 08 3c 00 0a 74 00
INFO - 25 fa 48 3c 00 0b 2b 00
INFO - 25 fc 88 3c 00 0a b9 00
INFO - 25 fe c8 3c 00 0a a4 00
INFO - 26 00 08 3c 00 0a 7b 00
INFO - 26 04 48 3c 00 0a f5 00
INFO - 26 06 88 3c 00 0a a1 00
INFO - 26 08 c8 3c 00 0a af 00
INFO - 26 0a 08 3c 00 0a a9 00
INFO - 26 0c 48 3c 00 0a a3 00
INFO - 26 0e 88 3c 00 0a a9 00
INFO - 26 10 c8 3c 00 0a ab 00
INFO - 26 12 08 3c 00 0a a0 00
INFO - 26 15 48 3c 00 0a af 00
INFO - 26 17 88 3c 00 0a a8 00
INFO - 26 19 c8 3c 00 0a b7 00
INFO - 26 1c 08 3c 00 0a da 00
INFO - 26 1f 48 3c 00 0a c4 00
INFO - 26 22 88 3c 00 0a ce 00
INFO - 26 25 c8 3c 00 0a d1 00
INFO - 26 27 08 3c 00 0a a8 00
INFO - 26 29 48 3c 00 0a a2 00
INFO - 26 2b 88 3c 00 0a b3 00
INFO - 26 2e c8 3c 00 0a c5 00
INFO - 26 31 08 3c 00 0a e1 00
INFO - 26 33 48 3c 00 0a ae 00
INFO - 26 35 88 3c 00 0a b1 00
INFO - 26 38 c8 3c 00 0a c1 00
INFO - 26 3b 08 3c 00 0a e0 00
INFO - 26 3e 48 3c 00 0a c4 00
INFO - 26 40 88 3c 00 0a 9a 00
INFO - 26 42 c8 3c 00 0a aa 00
INFO - 26 44 08 3c 00 0a ac 00
INFO - 26 46 48 3c 00 0a 99 00
INFO - 26 48 88 3c 00 0a b3 00
INFO - 26 4b c8 3c 00 0a b8 00
INFO - 26 4d 08 3c 00 0a b0 00
INFO - 26 52 48 3c 00 0b 25 00
INFO - 26 54 88 3c 00 0a a7 00
INFO - 26 56 c8 3c 00 0a aa 00
INFO - 26 58 08 3c 00 0a bb 00
INFO - 26 5a 48 3c 00 0a 93 00
INFO - 26 5d 88 3c 00 0a ba 00
INFO - 26 5f c8 3c 00 0a cb 00
INFO - 26 61 08 3c 00 0a 98 00
INFO - 26 64 48 3c 00 0a 7e 00
INFO - 26 65 88 3c 00 0a 94 00
INFO - 26 68 c8 3c 00 0a da 00
INFO - 26 6a 08 3c 00 0a 90 00
INFO - 26 6e 48 3c 00 0a f4 00
INFO - 26 70 88 3c 00 0a a8 00
INFO - 26 72 c8 3c 00 0a c4 00
INFO - 26 75 08 3c 00 0a af 00
INFO - 26 78 48 3c 00 0a d2 00
INFO - 26 7a 88 3c 00 0a a4 00
INFO - 26 7d c8 3c 00 0a ca 00
INFO - 26 7f 08 3c 00 0a c6 00
INFO - 26 81 48 3c 00 0a ac 00
INFO - 26 84 88 3c 00 0a d2 00
INFO - 26 86 c8 3c 00 0a a8 00
INFO - 26 89 08 3c 00 0a ad 00
INFO - 26 8c 48 3c 00 0a d4 00
INFO - 26 8e 88 3c 00 0a a2 00
INFO - 26 91 c8 3c 00 0a d5 00
INFO - 26 93 08 3c 00 0a a2 00
INFO - 26 95 48 3c 00 0a b0 00
INFO - 26 97 88 3c 00 0a bb 00
INFO - 26 9a c8 3c 00 0a bc 00
INFO - 26 9c 08 3c 00 0a a7 00
INFO - 26 9e 48 3c 00 0a a1 00
INFO - 26 a1 88 3c 00 0a ca 00
INFO - 26 a3 c8 3c 00 0a aa 00
INFO - 26 a5 08 3c 00 0a 9b 00
INFO - 26 a7 48 3c 00 0a bb 00
INFO - 26 aa 88 3c 00 0a bc 00
INFO - 26 ac c8 3c 00 0a a8 00
INFO - 26 ae 08 3c 00 0a a2 00
INFO - 26 b1 48 3c 00 0a d2 00
INFO - 26 b3 88 3c 00 0a bb 00
INFO - 26 b5 c8 3c 00 0a 8f 00
INFO - 26 b8 08 3c 00 0a 89 00
INFO - 26 ba 48 3c 00 0a 9b 00
INFO - 26 bc 88 3c 00 0a bf 00
INFO - 26 bf c8 3c 00 0a c4 00
INFO - 26 c1 08 3c 00 0a be 00
INFO - 26 c3 48 3c 00 0a 97 00
INFO - 26 c6 88 3c 00 0a ca 00
INFO - 26 c8 c8 3c 00 0a ad 00
INFO - 26 cb 08 3c 00 0a d5 00
INFO - 26 cd 48 3c 00 0a 9a 00
INFO - 26 d0 88 3c 00 0a e4 00
INFO - 26 d2 c8 3c 00 0a a8 00
INFO - 26 d5 08 3c 00 0a ac 00
INFO - 26 d7 48 3c 00 0a bc 00
INFO - 26 d9 88 3c 00 0a a4 00
INFO - 26 db c8 3c 00 0a a7 00
INFO - 26 dd 08 3c 00 0a ad 00
INFO - 26 e0 48 3c 00 0a af 00
INFO - 26 e2 88 3c 00 0a a7 00
INFO - 26 e4 c8 3c 00 0a a1 00
INFO - 26 e5 08 3c 00 0a 8e 00
INFO - 26 e8 48 3c 00 0a df 00
INFO - 26 ea 88 3c 00 0a 8b 00
INFO - 26 ed c8 3c 00 0a d3 00
INFO - 26 ef 08 3c 00 0a 97 00
INFO - 26 f2 48 3c 00 0a df 00
INFO - 26 f4 88 3c 00 0a a1 00
INFO - 26 f6 c8 3c 00 0a a5 00
INFO - 26 f8 08 3c 00 0a b2 00
INFO - 26 fa 48 3c 00 0a 97 00
INFO - 26 fd 88 3c 00 0a 85 00
INFO - 26 ff c8 3c 00 0a c3 00
INFO - 27 02 08 3c 00 0a be 00
INFO - 27 04 48 3c 00 0a 96 00
INFO - 27 06 88 3c 00 0a ad 00
INFO - 27 09 c8 3c 00 0a c9 00
INFO - 27 0b 08 3c 00 0a ad 00
INFO - 27 0e 48 3c 00 0a bb 00
INFO - 27 11 88 3c 00 0a dc 00
INFO - 27 13 c8 3c 00 0a c6 00
INFO - 27 16 08 3c 00 0a bb 00
INFO - 27 18 48 3c 00 0a a7 00
INFO - 27 1a 88 3c 00 0a a2 00
INFO - 27 1c c8 3c 00 0a be 00
INFO - 27 1f 08 3c 00 0a b8 00
INFO - 27 22 48 3c 00 0a eb 00
INFO - 27 24 88 3c 00 0a 9f 00
INFO - 27 27 c8 3c 00 0a ba 00
INFO - 27 2a 08 3c 00 0a d8 00
INFO - 27 2e 48 3c 00 0a e8 00
INFO - 27 2f 88 3c 00 0a 98 00
INFO - 27 32 c8 3c 00 0a ca 00
INFO - 27 35 08 3c 00 0a b7 00
INFO - 27 36 48 3c 00 0a 8f 00
INFO - 27 39 88 3c 00 0a bd 00
INFO - 27 3b c8 3c 00 0a a1 00
INFO - 27 3e 08 3c 00 0a d0 00
INFO - 27 41 48 3c 00 0a e6 00
INFO - 27 43 88 3c 00 0a af 00
INFO - 27 45 c8 3c 00 0a 99 00
INFO - 27 46 08 3c 00 0a 8e 00
INFO - 27 48 48 3c 00 0a 90 00
INFO - 27 4b 88 3c 00 0a c1 00
INFO - 27 4d c8 3c 00 0a b1 00
INFO - 27 4f 08 3c 00 0a ab 00
INFO - 27 51 48 3c 00 0a 73 00
INFO - 27 53 88 3c 00 0a 97 00
INFO - 27 55 c8 3c 00 0a b5 00
INFO - 27 58 08 3c 00 0a b0 00
INFO - 27 5a 48 3c 00 0a b4 00
INFO - 27 5b 88 3c 00 0a 82 00
INFO - 27 5d c8 3c 00 0a 97 00
INFO - 27 5f 08 3c 00 0a a4 00
INFO - 27 61 48 3c 00 0a 93 00
INFO - 27 63 88 3c 00 0a 97 00
INFO - 27 65 c8 3c 00 0a af 00
INFO - 27 67 08 3c 00 0a a9 00
INFO - 27 6a 48 3c 00 0a cf 00
INFO - 27 6b 88 3c 00 0a 88 00
INFO - 27 6d c8 3c 00 0a ab 00
INFO - 27 6f 08 3c 00 0a 80 00
INFO - 27 71 48 3c 00 0a a4 00
INFO - 27 72 88 3c 00 0a 92 00
INFO - 27 74 c8 3c 00 0a 99 00
INFO - 27 76 08 3c 00 0a 92 00
INFO - 27 78 48 3c 00 0a 98 00
INFO - 27 7c 88 3c 00 0b 26 00
INFO - 27 7e c8 3c 00 0a ad 00
INFO - 27 81 08 3c 00 0a ca 00
INFO - 27 84 48 3c 00 0a c5 00
INFO - 27 86 88 3c 00 0a be 00
INFO - 27 88 c8 3c 00 0a 6c 00
INFO - 27 8c 08 3c 00 0b 04 00
INFO - 27 92 48 3c 00 0a bf 00
INFO - 27 94 88 3c 00 0a a5 00
INFO - 27 96 c8 3c 00 0a a7 00
INFO - 27 98 08 3c 00 0a ac 00
INFO - 27 9a 48 3c 00 0a a4 00
INFO - 27 9c 88 3c 00 0a b2 00
INFO - 27 9f c8 3c 00 0a b4 00
INFO - 27 a1 08 3c 00 0a a4 00
INFO - 27 a3 48 3c 00 0a a9 00
INFO - 27 a5 88 3c 00 0a ae 00
INFO - 27 a7 c8 3c 00 0a b4 00
INFO - 27 aa 08 3c 00 0a d6 00
INFO - 27 ad 48 3c 00 0a b0 00
INFO - 27 af 88 3c 00 0a a9 00
INFO - 27 b1 c8 3c 00 0a 99 00
INFO - 27 b2 08 3c 00 0a 90 00
INFO - 27 b5 48 3c 00 0a b3 00
INFO - 27 b6 88 3c 00 0a 97 00
INFO - 27 b8 c8 3c 00 0a 93 00
INFO - 27 bb 08 3c 00 0a c4 00
INFO - 27 bc 48 3c 00 0a 91 00
INFO - 27 bf 88 3c 00 0a cd 00
INFO - 27 c2 c8 3c 00 0a b9 00
INFO - 27 c3 08 3c 00 0a 9a 00
INFO - 27 c5 48 3c 00 0a a4 00
INFO - 27 c8 88 3c 00 0a cc 00
INFO - 27 ca c8 3c 00 0a 86 00
INFO - 27 cc 08 3c 00 0a b8 00
INFO - 27 ce 48 3c 00 0a ae 00
INFO - 27 cf 88 3c 00 0a 7d 00
INFO - 27 d2 c8 3c 00 0a cd 00
INFO - 27 d4 08 3c 00 0a 9d 00
INFO - 27 d9 48 3c 00 0a 92 00
INFO - 27 da 88 3c 00 0a 85 00
INFO - 27 dc c8 3c 00 0a b3 00
INFO - 27 de 08 3c 00 0a ac 00
INFO - 27 e0 48 3c 00 0a 85 00
INFO - 27 e3 88 3c 00 0a cd 00
INFO - 27 e5 c8 3c 00 0a b3 00
INFO - 27 e7 08 3c 00 0a 91 00
INFO - 27 e9 48 3c 00 0a bd 00
INFO - 27 eb 88 3c 00 0a a2 00
INFO - 27 ed c8 3c 00 0a af 00
INFO - 27 f0 08 3c 00 0a bc 00
INFO - 27 f1 48 3c 00 0a 75 00
INFO - 27 f3 88 3c 00 0a b3 00
INFO - 27 f5 c8 3c 00 0a ac 00
INFO - 27 f7 08 3c 00 0a 9c 00
INFO - 27 f9 48 3c 00 0a a9 00
INFO - 27 fb 88 3c 00 0a 92 00
INFO - 27 fd c8 3c 00 0a 9f 00
INFO - 27 ff 08 3c 00 0a 99 00
INFO - 28 01 48 3c 00 0a ba 00
INFO - 28 03 88 3c 00 0a 9f 00
INFO - 28 05 c8 3c 00 0a 8f 00
INFO - 28 06 08 3c 00 0a 9b 00
INFO - 28 09 48 3c 00 0a b3 00
INFO - 28 0a 88 3c 00 0a 92 00
INFO - 28 0d c8 3c 00 0a b2 00
INFO - 28 0e 08 3c 00 0a 8f 00
INFO - 28 11 48 3c 00 0a af 00
INFO - 28 12 88 3c 00 0a 98 00
INFO - 28 14 c8 3c 00 0a 8c 00
INFO - 28 16 08 3c 00 0a c2 00
INFO - 28 18 48 3c 00 0a 8e 00
INFO - 28 1a 88 3c 00 0a b3 00
INFO - 28 1c c8 3c 00 0a 91 00
INFO - 28 1e 08 3c 00 0a b2 00
INFO - 28 20 48 3c 00 0a a1 00
INFO - 28 23 88 3c 00 0a c8 00
INFO - 28 25 c8 3c 00 0a 9b 00
INFO - 28 27 08 3c 00 0a 9d 00
INFO - 28 29 48 3c 00 0a ab 00
INFO - 28 2b 88 3c 00 0a b8 00
INFO - 28 2d c8 3c 00 0a 9e 00
INFO - 28 30 08 3c 00 0a bf 00
INFO - 28 31 48 3c 00 0a 87 00
INFO - 28 33 88 3c 00 0a 9d 00
INFO - 28 35 c8 3c 00 0a af 00
INFO - 28 37 08 3c 00 0a 94 00
INFO - 28 3a 48 3c 00 0a 9a 00
INFO - 28 3b 88 3c 00 0a 92 00
INFO - 28 3d c8 3c 00 0a a8 00
INFO - 28 42 08 3c 00 0a 9e 00
INFO - 28 44 48 3c 00 0a 99 00
INFO - 28 47 88 3c 00 0a cb 00
INFO - 28 49 c8 3c 00 0a b7 00
INFO - 28 4c 08 3c 00 0a c5 00
INFO - 28 4e 48 3c 00 0a a0 00
INFO - 28 50 88 3c 00 0a a4 00
INFO - 28 53 c8 3c 00 0a e0 00
INFO - 28 55 08 3c 00 0a 93 00
INFO - 28 57 48 3c 00 0a bf 00
INFO - 28 59 88 3c 00 0a a4 00
INFO - 28 5b c8 3c 00 0a a7 00
INFO - 28 5d 08 3c 00 0a 83 00
INFO - 28 5f 48 3c 00 0a b2 00
INFO - 28 61 88 3c 00 0a b6 00
INFO - 28 63 c8 3c 00 0a a4 00
INFO - 28 66 08 3c 00 0a b1 00
INFO - 28 67 48 3c 00 0a 83 00
INFO - 28 69 88 3c 00 0a 93 00
INFO - 28 6a c8 3c 00 0a 7c 00
INFO - 28 6b 08 3c 00 0a 84 00
INFO - 28 6d 48 3c 00 0a 90 00
INFO - 28 6f 88 3c 00 0a 9e 00
INFO - 28 70 c8 3c 00 0a 85 00
INFO - 28 72 08 3c 00 0a 8e 00
INFO - 28 74 48 3c 00 0a 9d 00
INFO - 28 76 88 3c 00 0a ab 00
INFO - 28 78 c8 3c 00 0a 9d 00
INFO - 28 79 08 3c 00 0a 96 00
INFO - 28 7b 48 3c 00 0a a7 00
INFO - 28 7d 88 3c 00 0a 96 00
INFO - 28 7f c8 3c 00 0a 73 00
INFO - 28 81 08 3c 00 0a aa 00
INFO - 28 84 48 3c 00 0a b1 00
INFO - 28 86 88 3c 00 0a aa 00
INFO - 28 88 c8 3c 00 0a b6 00
INFO - 28 8a 08 3c 00 0a 86 00
INFO - 28 8e 48 3c 00 0b 2d 00
INFO - 28 91 88 3c 00 0a af 00
INFO - 28 92 c8 3c 00 0a 8c 00
INFO - 28 95 08 3c 00 0a ba 00
INFO - 28 96 48 3c 00 0a 8c 00
INFO - 28 98 88 3c 00 0a a2 00
INFO - 28 9a c8 3c 00 0a 9c 00
INFO - 28 9c 08 3c 00 0a b3 00
INFO - 28 9e 48 3c 00 0a 99 00
INFO - 28 a0 88 3c 00 0a a6 00
INFO - 28 a1 c8 3c 00 0a 84 00
INFO - 28 a3 08 3c 00 0a 95 00
INFO - 28 a5 48 3c 00 0a a5 00
INFO - 28 a8 88 3c 00 0a ca 00
INFO - 28 aa c8 3c 00 0a ac 00
INFO - 28 ac 08 3c 00 0a a1 00
INFO - 28 ad 48 3c 00 0a 82 00
INFO - 28 b0 88 3c 00 0a ae 00
INFO - 28 b1 c8 3c 00 0a 8e 00
INFO - 28 b4 08 3c 00 0a bf 00
INFO - 28 b6 48 3c 00 0a b6 00
INFO - 28 b8 88 3c 00 0a a2 00
INFO - 28 ba c8 3c 00 0a 98 00
INFO - 28 bc 08 3c 00 0a b6 00
INFO - 28 bf 48 3c 00 0a b4 00
INFO - 28 c0 88 3c 00 0a 9c 00
INFO - 28 c3 c8 3c 00 0a b7 00
INFO - 28 c5 08 3c 00 0a b7 00
INFO - 28 c7 48 3c 00 0a 8f 00
INFO - 28 c9 88 3c 00 0a aa 00
INFO - 28 cb c8 3c 00 0a 9d 00
INFO - 28 cd 08 3c 00 0a ae 00
INFO - 28 d0 48 3c 00 0a c2 00
INFO - 28 d1 88 3c 00 0a 90 00
INFO - 28 d3 c8 3c 00 0a 9c 00
INFO - 28 d5 08 3c 00 0a b5 00
INFO - 28 d7 48 3c 00 0a 96 00
INFO - 28 d9 88 3c 00 0a a7 00
INFO - 28 db c8 3c 00 0a 8f 00
INFO - 28 dd 08 3c 00 0a a4 00
INFO - 28 e0 48 3c 00 0a ca 00
INFO - 28 e2 88 3c 00 0a a3 00
INFO - 28 e4 c8 3c 00 0a ac 00
INFO - 28 e6 08 3c 00 0a 9c 00
INFO - 28 e7 48 3c 00 0a 8b 00
INFO - 28 e9 88 3c 00 0a a8 00
INFO - 28 eb c8 3c 00 0a 96 00
INFO - 28 ed 08 3c 00 0a ac 00
INFO - 28 ef 48 3c 00 0a ad 00
INFO - 28 f1 88 3c 00 0a 85 00
INFO - 28 f3 c8 3c 00 0a a2 00
INFO - 28 f4 08 3c 00 0a 8f 00
INFO - 28 f7 48 3c 00 0a ce 00
INFO - 28 f9 88 3c 00 0a 96 00
INFO - 28 fa c8 3c 00 0a 8f 00
INFO - 28 fd 08 3c 00 0a ad 00
INFO - 28 fe 48 3c 00 0a 99 00
INFO - 29 00 88 3c 00 0a a3 00
INFO - 29 02 c8 3c 00 0a a7 00
INFO - 29 04 08 3c 00 0a 82 00
INFO - 29 06 48 3c 00 0a b1 00
INFO - 29 08 88 3c 00 0a a0 00
INFO - 29 0a c8 3c 00 0a 9d 00
INFO - 29 0c 08 3c 00 0a b4 00
INFO - 29 0e 48 3c 00 0a 8a 00
INFO - 29 10 88 3c 00 0a a9 00
INFO - 29 12 c8 3c 00 0a a8 00
INFO - 29 14 08 3c 00 0a aa 00
INFO - 29 16 48 3c 00 0a b2 00
INFO - 29 17 88 3c 00 0a 78 00
INFO - 29 1b c8 3c 00 0a d9 00
INFO - 29 1d 08 3c 00 0a b4 00
INFO - 29 1f 48 3c 00 0a 94 00
INFO - 29 22 88 3c 00 0a d6 00
INFO - 29 23 c8 3c 00 0a 7c 00
INFO - 29 25 08 3c 00 0a b5 00
INFO - 29 27 48 3c 00 0a b2 00
INFO - 29 29 88 3c 00 0a 9a 00
INFO - 29 2c c8 3c 00 0a c3 00
INFO - 29 2e 08 3c 00 0a 9a 00
INFO - 29 30 48 3c 00 0a ae 00
INFO - 29 31 88 3c 00 0a 86 00
INFO - 29 33 c8 3c 00 0a a5 00
INFO - 29 36 08 3c 00 0a ae 00
INFO - 29 38 48 3c 00 0a ae 00
INFO - 29 3a 88 3c 00 0a a5 00
INFO - 29 3c c8 3c 00 0a ae 00
INFO - 29 3f 08 3c 00 0a c3 00
INFO - 29 40 48 3c 00 0a 86 00
INFO - 29 42 88 3c 00 0a a5 00
INFO - 29 44 c8 3c 00 0a 9a 00
INFO - 29 46 08 3c 00 0a af 00
INFO - 29 49 48 3c 00 0a c3 00
INFO - 29 4b 88 3c 00 0a 9b 00
INFO - 29 4c c8 3c 00 0a 9b 00
INFO - 29 4e 08 3c 00 0a 87 00
INFO - 29 51 48 3c 00 0a d7 00
INFO - 29 53 88 3c 00 0a af 00
INFO - 29 55 c8 3c 00 0a b3 00
INFO - 29 58 08 3c 00 0a ab 00
INFO - 29 59 48 3c 00 0a 94 00
INFO - 29 5b 88 3c 00 0a 97 00
INFO - 29 5d c8 3c 00 0a 9f 00
INFO - 29 5e 08 3c 00 0a 82 00
INFO - 29 61 48 3c 00 0a bd 00
INFO - 29 63 88 3c 00 0a 9b 00
INFO - 29 65 c8 3c 00 0a ca 00
INFO - 29 68 08 3c 00 0a bc 00
INFO - 29 6a 48 3c 00 0a ba 00
INFO - 29 6d 88 3c 00 0a af 00
INFO - 29 6f c8 3c 00 0a ab 00
INFO - 29 71 08 3c 00 0a 6f 00
INFO - 29 73 48 3c 00 0a 9b 00
INFO - 29 74 88 3c 00 0a 91 00
INFO - 29 76 c8 3c 00 0a 83 00
INFO - 29 78 08 3c 00 0a aa 00
INFO - 29 7a 48 3c 00 0a a4 00
INFO - 29 7b 88 3c 00 0a 90 00
INFO - 29 7e c8 3c 00 0a b3 00
INFO - 29 80 08 3c 00 0a ab 00
INFO - 29 81 48 3c 00 0a 87 00
INFO - 29 83 88 3c 00 0a 9c 00
INFO - 29 85 c8 3c 00 0a a5 00
INFO - 29 86 08 3c 00 0a 87 00
INFO - 29 89 48 3c 00 0a c3 00
INFO - 29 8b 88 3c 00 0a 87 00
INFO - 29 8d c8 3c 00 0a c7 00
INFO - 29 8f 08 3c 00 0a 97 00
INFO - 29 91 48 3c 00 0a 91 00
INFO - 29 92 88 3c 00 0a 95 00
INFO - 29 98 c8 3c 00 0b 47 00
INFO - 29 9a 08 3c 00 0a a1 00
INFO - 29 9b 48 3c 00 0a 9c 00
INFO - 29 9d 88 3c 00 0a 9f 00
INFO - 29 9f c8 3c 00 0a 91 00
INFO - 29 a1 08 3c 00 0a a2 00
INFO - 29 a2 48 3c 00 0a 7d 00
INFO - 29 a4 88 3c 00 0a 9f 00
INFO - 29 a6 c8 3c 00 0a 98 00
INFO - 29 a7 08 3c 00 0a 8a 00
INFO - 29 aa 48 3c 00 0a b6 00
INFO - 29 ab 88 3c 00 0a 8a 00
INFO - 29 ae c8 3c 00 0a ba 00
INFO - 29 af 08 3c 00 0a 98 00
INFO - 29 b1 48 3c 00 0a 9e 00
INFO - 29 b4 88 3c 00 0a d4 00
INFO - 29 b7 c8 3c 00 0a c7 00
INFO - 29 ba 08 3c 00 0a ba 00
INFO - 29 bb 48 3c 00 0a 87 00
INFO - 29 bd 88 3c 00 0a 9b 00
INFO - 29 bf c8 3c 00 0a 9b 00
INFO - 29 c1 08 3c 00 0a af 00
INFO - 29 c3 48 3c 00 0a a5 00
INFO - 29 c5 88 3c 00 0a 91 00
INFO - 29 c6 c8 3c 00 0a 98 00
INFO - 29 c8 08 3c 00 0a 9b 00
INFO - 29 ca 48 3c 00 0a 94 00
INFO - 29 cc 88 3c 00 0a a5 00
INFO - 29 cd c8 3c 00 0a 91 00
INFO - 29 cf 08 3c 00 0a 87 00
INFO - 29 d1 48 3c 00 0a af 00
INFO - 29 d3 88 3c 00 0a a5 00
INFO - 29 d5 c8 3c 00 0a a5 00
INFO - 29 d7 08 3c 00 0a 93 00
INFO - 29 d9 48 3c 00 0a ac 00
INFO - 29 db 88 3c 00 0a ba 00
INFO - 29 df c8 3c 00 0a d7 00
INFO - 29 e0 08 3c 00 0a 90 00
INFO - 29 e3 48 3c 00 0a d0 00
INFO - 29 e6 88 3c 00 0a d4 00
INFO - 29 e9 c8 3c 00 0a e1 00
INFO - 29 ec 08 3c 00 0a b2 00
INFO - 29 ee 48 3c 00 0a a1 00
INFO - 29 ef 88 3c 00 0a 86 00
INFO - 29 f1 c8 3c 00 0a a8 00
INFO - 29 f4 08 3c 00 0a eb 00
INFO - 29 f6 48 3c 00 0a 9a 00
INFO - 29 f9 88 3c 00 0a c3 00
INFO - 29 fb c8 3c 00 0a a1 00
INFO - 29 fd 08 3c 00 0a 94 00
INFO - 29 ff 48 3c 00 0a a4 00
INFO - 2a 01 88 3c 00 0a b9 00
INFO - 2a 03 c8 3c 00 0a 90 00
INFO - 2a 04 08 3c 00 0a 86 00
INFO - 2a 07 48 3c 00 0a dd 00
INFO - 2a 09 88 3c 00 0a 9e 00
INFO - 2a 0b c8 3c 00 0a 91 00
INFO - 2a 0d 08 3c 00 0a b8 00
INFO - 2a 0f 48 3c 00 0a a5 00
INFO - 2a 10 88 3c 00 0a 7c 00
INFO - 2a 13 c8 3c 00 0a b8 00
INFO - 2a 15 08 3c 00 0a 9a 00
INFO - 2a 17 48 3c 00 0a b8 00
INFO - 2a 18 88 3c 00 0a 86 00
INFO - 2a 1b c8 3c 00 0a ae 00
INFO - 2a 1d 08 3c 00 0a b8 00
INFO - 2a 1f 48 3c 00 0a ae 00
INFO - 2a 21 88 3c 00 0a 9a 00
INFO - 2a 23 c8 3c 00 0a 9a 00
INFO - 2a 25 08 3c 00 0a 90 00
INFO - 2a 26 48 3c 00 0a 9a 00
INFO - 2a 28 88 3c 00 0a 90 00
INFO - 2a 2a c8 3c 00 0a 9a 00
INFO - 2a 2c 08 3c 00 0a a4 00
INFO - 2a 2e 48 3c 00 0a 7f 00
INFO - 2a 30 88 3c 00 0a be 00
INFO - 2a 36 c8 3c 00 0a ad 00
INFO - 2a 37 08 3c 00 0a 93 00
INFO - 2a 3b 48 3c 00 0a dc 00
INFO - 2a 3d 88 3c 00 0a 6f 00
INFO - 2a 3e c8 3c 00 0a 86 00
INFO - 2a 40 08 3c 00 0a 90 00
INFO - 2a 42 48 3c 00 0a aa 00
INFO - 2a 44 88 3c 00 0a ae 00
INFO - 2a 46 c8 3c 00 0a 9a 00
INFO - 2a 48 08 3c 00 0a c5 00
INFO - 2a 4b 48 3c 00 0a aa 00
INFO - 2a 4c 88 3c 00 0a 8a 00
INFO - 2a 4f c8 3c 00 0a d6 00
INFO - 2a 51 08 3c 00 0a 90 00
INFO - 2a 52 48 3c 00 0a 8d 00
INFO - 2a 55 88 3c 00 0a c5 00
INFO - 2a 58 c8 3c 00 0a d6 00
INFO - 2a 5b 08 3c 00 0a cc 00
INFO - 2a 5c 48 3c 00 0a 9a 00
INFO - 2a 5e 88 3c 00 0a 86 00
INFO - 2a 60 c8 3c 00 0a ae 00
INFO - 2a 61 08 3c 00 0a 7c 00
INFO - 2a 64 48 3c 00 0a b8 00
INFO - 2a 65 88 3c 00 0a 9a 00
INFO - 2a 68 c8 3c 00 0a ae 00
INFO - 2a 69 08 3c 00 0a 90 00
INFO - 2a 6c 48 3c 00 0a b8 00
INFO - 2a 6e 88 3c 00 0a a7 00
INFO - 2a 70 c8 3c 00 0a ab 00
INFO - 2a 71 08 3c 00 0a 86 00
INFO - 2a 74 48 3c 00 0a d6 00
INFO - 2a 76 88 3c 00 0a 9a 00
INFO - 2a 78 c8 3c 00 0a a5 00
INFO - 2a 7a 08 3c 00 0a 94 00
INFO - 2a 7c 48 3c 00 0a 9b 00
INFO - 2a 7e 88 3c 00 0a a2 00
INFO - 2a 80 c8 3c 00 0a c3 00
INFO - 2a 83 08 3c 00 0a b2 00
INFO - 2a 84 48 3c 00 0a 84 00
INFO - 2a 86 88 3c 00 0a a9 00
INFO - 2a 88 c8 3c 00 0a b7 00
INFO - 2a 8a 08 3c 00 0a 8a 00
INFO - 2a 8c 48 3c 00 0a ad 00
INFO - 2a 8e 88 3c 00 0a 88 00
INFO - 2a 90 c8 3c 00 0a a9 00
INFO - 2a 92 08 3c 00 0a 9d 00
INFO - 2a 93 48 3c 00 0a 8f 00
INFO - 2a 95 88 3c 00 0a 9f 00
INFO - 2a 97 c8 3c 00 0a 92 00
INFO - 2a 99 08 3c 00 0a c2 00
INFO - 2a 9b 48 3c 00 0a a0 00
INFO - 2a 9e 88 3c 00 0a bc 00
INFO - 2a a0 c8 3c 00 0a b2 00
INFO - 2a a3 08 3c 00 0a cd 00
INFO - 2a a7 48 3c 00 0b 08 00
INFO - 2a aa 88 3c 00 0a dc 00
INFO - 2a ac c8 3c 00 0a 93 00
INFO - 2a af 08 3c 00 0a dc 00
INFO - 2a b3 48 3c 00 0a fc 00
INFO - 2a b4 88 3c 00 0a 7f 00
INFO - 2a b6 c8 3c 00 0a a9 00
INFO - 2a b8 08 3c 00 0a 94 00
INFO - 2a ba 48 3c 00 0a a9 00
INFO - 2a bc 88 3c 00 0a 9e 00
INFO - 2a be c8 3c 00 0a ad 00
INFO - 2a c0 08 3c 00 0a 89 00
INFO - 2a c2 48 3c 00 0a a6 00
INFO - 2a c4 88 3c 00 0a a0 00
INFO - 2a c5 c8 3c 00 0a 8d 00
INFO - 2a c6 08 3c 00 0a 87 00
INFO - 2a c8 48 3c 00 0a 9f 00
INFO - 2a cb 88 3c 00 0a b8 00
INFO - 2a cc c8 3c 00 0a 92 00
INFO - 2a ce 08 3c 00 0a 96 00
INFO - 2a d0 48 3c 00 0a a4 00
INFO - 2a d3 88 3c 00 0a bc 00
INFO - 2a d6 c8 3c 00 0a cb 00
INFO - 2a d8 08 3c 00 0a af 00
INFO - 2a d9 48 3c 00 0a 92 00
INFO - 2a db 88 3c 00 0a 8f 00
INFO - 2a dd c8 3c 00 0a a1 00
INFO - 2a e0 08 3c 00 0a d6 00
INFO - 2a e2 48 3c 00 0a b3 00
INFO - 2a e5 88 3c 00 0a af 00
INFO - 2a e7 c8 3c 00 0a ad 00
INFO - 2a e9 08 3c 00 0a c2 00
INFO - 2a ec 48 3c 00 0a cd 00
INFO - 2a ee 88 3c 00 0a a9 00
INFO - 2a f1 c8 3c 00 0a b0 00
INFO - 2a f3 08 3c 00 0a ac 00
INFO - 2a f5 48 3c 00 0a b7 00
INFO - 2a f7 88 3c 00 0a 97 00
INFO - 2a f9 c8 3c 00 0a 96 00
INFO - 2a fb 08 3c 00 0a cd 00
INFO - 2a fd 48 3c 00 0a 8c 00
INFO - 2b 00 88 3c 00 0a cd 00
INFO - 2b 02 c8 3c 00 0a ac 00
INFO - 2b 05 08 3c 00 0a d7 00
INFO - 2b 07 48 3c 00 0a 7e 00
INFO - 2b 0a 88 3c 00 0a aa 00
INFO - 2b 0c c8 3c 00 0a a1 00
INFO - 2b 0e 08 3c 00 0a ad 00
INFO - 2b 10 48 3c 00 0a b1 00
INFO - 2b 13 88 3c 00 0a ca 00
INFO - 2b 15 c8 3c 00 0a 9b 00
INFO - 2b 17 08 3c 00 0a 9e 00
INFO - 2b 19 48 3c 00 0a d2 00
INFO - 2b 1c 88 3c 00 0a a7 00
INFO - 2b 1e c8 3c 00 0a c1 00
INFO - 2b 20 08 3c 00 0a a0 00
INFO - 2b 23 48 3c 00 0a c8 00
INFO - 2b 25 88 3c 00 0a ab 00
INFO - 2b 27 c8 3c 00 0a 9d 00
INFO - 2b 2a 08 3c 00 0a d8 00
INFO - 2b 2c 48 3c 00 0a b0 00
INFO - 2b 2f 88 3c 00 0a dd 00
INFO - 2b 31 c8 3c 00 0a 9a 00
INFO - 2b 34 08 3c 00 0a ba 00
INFO - 2b 35 48 3c 00 0a 83 00
INFO - 2b 37 88 3c 00 0a 9a 00
INFO - 2b 39 c8 3c 00 0a b8 00
INFO - 2b 3b 08 3c 00 0a a7 00
INFO - 2b 3d 48 3c 00 0a 9a 00
INFO - 2b 3f 88 3c 00 0a 8e 00
INFO - 2b 41 c8 3c 00 0a d1 00
INFO - 2b 44 08 3c 00 0a ba 00
INFO - 2b 48 48 3c 00 0a f6 00
INFO - 2b 4a 88 3c 00 0a a1 00
INFO - 2b 4b c8 3c 00 0a 83 00
INFO - 2b 4d 08 3c 00 0a bc 00
INFO - 2b 4f 48 3c 00 0a a4 00
INFO - 2b 51 88 3c 00 0a 83 00
INFO - 2b 53 c8 3c 00 0a af 00
INFO - 2b 55 08 3c 00 0a b4 00
INFO - 2b 58 48 3c 00 0a c1 00
INFO - 2b 5a 88 3c 00 0a ba 00
INFO - 2b 5d c8 3c 00 0a bf 00
INFO - 2b 5f 08 3c 00 0a b6 00
INFO - 2b 61 48 3c 00 0a a9 00
INFO - 2b 64 88 3c 00 0a bb 00
INFO - 2b 65 c8 3c 00 0a 8c 00
INFO - 2b 67 08 3c 00 0a 97 00
INFO - 2b 69 48 3c 00 0a 9e 00
INFO - 2b 6a 88 3c 00 0a 82 00
INFO - 2b 6c c8 3c 00 0a 96 00
INFO - 2b 6e 08 3c 00 0a a7 00
INFO - 2b 71 48 3c 00 0a b7 00
INFO - 2b 74 88 3c 00 0a d1 00
INFO - 2b 75 c8 3c 00 0a 8e 00
INFO - 2b 78 08 3c 00 0a be 00
INFO - 2b 79 48 3c 00 0a 99 00
INFO - 2b 7d 88 3c 00 0a dc 00
INFO - 2b 7e c8 3c 00 0a 8f 00
INFO - 2b 81 08 3c 00 0a c6 00
INFO - 2b 83 48 3c 00 0a a1 00
INFO - 2b 86 88 3c 00 0a e0 00
INFO - 2b 8a c8 3c 00 0a ff 00
INFO - 2b 8c 08 3c 00 0a bb 00
INFO - 2b 8f 48 3c 00 0a de 00
INFO - 2b 92 88 3c 00 0a c6 00
INFO - 2b 94 c8 3c 00 0a 8f 00
INFO - 2b 96 08 3c 00 0a 9a 00
INFO - 2b 98 48 3c 00 0a b4 00
INFO - 2b 9a 88 3c 00 0a ae 00
INFO - 2b 9d c8 3c 00 0a bc 00
INFO - 2b a0 08 3c 00 0a df 00
INFO - 2b a2 48 3c 00 0a 9e 00
INFO - 2b a4 88 3c 00 0a a2 00
INFO - 2b a6 c8 3c 00 0a b2 00
INFO - 2b a8 08 3c 00 0a aa 00
INFO - 2b aa 48 3c 00 0a 96 00
INFO - 2b ac 88 3c 00 0a 9b 00
INFO - 2b ae c8 3c 00 0a 9e 00
INFO - 2b af 08 3c 00 0a 96 00
INFO - 2b b1 48 3c 00 0a a6 00
INFO - 2b b4 88 3c 00 0a ac 00
INFO - 2b b6 c8 3c 00 0a c5 00
INFO - 2b b8 08 3c 00 0a ab 00
INFO - 2b ba 48 3c 00 0a 97 00
INFO - 2b bd 88 3c 00 0a b6 00
INFO - 2b bf c8 3c 00 0a b3 00
INFO - 2b c1 08 3c 00 0a ae 00
INFO - 2b c4 48 3c 00 0a c3 00
INFO - 2b c5 88 3c 00 0a 90 00
INFO - 2b c8 c8 3c 00 0a be 00
INFO - 2b cb 08 3c 00 0a d0 00
INFO - 2b ce 48 3c 00 0a ce 00
INFO - 2b d4 88 3c 00 0b 6b 00
INFO - 2b d5 c8 3c 00 0a 90 00
INFO - 2b d7 08 3c 00 0a a9 00
INFO - 2b d9 48 3c 00 0a 85 00
INFO - 2b db 88 3c 00 0a 9c 00
INFO - 2b de c8 3c 00 0a d6 00
INFO - 2b e0 08 3c 00 0a ca 00
INFO - 2b e3 48 3c 00 0a b3 00
INFO - 2b e5 88 3c 00 0a bf 00
INFO - 2b e7 c8 3c 00 0a a7 00
INFO - 2b ea 08 3c 00 0a c0 00
INFO - 2b ec 48 3c 00 0a ac 00
INFO - 2b ef 88 3c 00 0a c7 00
INFO - 2b f1 c8 3c 00 0a b4 00
INFO - 2b f4 08 3c 00 0a cb 00
INFO - 2b f6 48 3c 00 0a a8 00
INFO - 2b f8 88 3c 00 0a b8 00
INFO - 2b fa c8 3c 00 0a a4 00
INFO - 2b fe 08 3c 00 0a f0 00
INFO - 2c 02 48 3c 00 0a f9 00
INFO - 2c 03 88 3c 00 0a 91 00
INFO - 2c 06 c8 3c 00 0a cb 00
INFO - 2c 08 08 3c 00 0a 99 00
INFO - 2c 0b 48 3c 00 0a da 00
INFO - 2c 0e 88 3c 00 0a bc 00
INFO - 2c 11 c8 3c 00 0a da 00
INFO - 2c 14 08 3c 00 0a eb 00
INFO - 2c 16 48 3c 00 0a ac 00
INFO - 2c 18 88 3c 00 0a a9 00
INFO - 2c 1a c8 3c 00 0a 9d 00
INFO - 2c 1d 08 3c 00 0a b1 00
INFO - 2c 20 48 3c 00 0a e9 00
INFO - 2c 22 88 3c 00 0a 85 00
INFO - 2c 23 c8 3c 00 0a 79 00
INFO - 2c 26 08 3c 00 0a e4 00
INFO - 2c 28 48 3c 00 0a 8e 00
INFO - 2c 2a 88 3c 00 0a b8 00
INFO - 2c 2d c8 3c 00 0a cc 00
INFO - 2c 2f 08 3c 00 0a 9e 00
INFO - 2c 31 48 3c 00 0a 96 00
INFO - 2c 34 88 3c 00 0a df 00
INFO - 2c 36 c8 3c 00 0a aa 00
INFO - 2c 39 08 3c 00 0a b5 00
INFO - 2c 3b 48 3c 00 0a b5 00
INFO - 2c 3d 88 3c 00 0a b9 00
INFO - 2c 40 c8 3c 00 0a c1 00
INFO - 2c 42 08 3c 00 0a a6 00
INFO - 2c 44 48 3c 00 0a ab 00
INFO - 2c 48 88 3c 00 0a e7 00
INFO - 2c 49 c8 3c 00 0a 94 00
INFO - 2c 4b 08 3c 00 0a 99 00
INFO - 2c 4d 48 3c 00 0a aa 00
INFO - 2c 50 88 3c 00 0a ba 00
INFO - 2c 51 c8 3c 00 0a 8e 00
INFO - 2c 53 08 3c 00 0a a2 00
INFO - 2c 55 48 3c 00 0a 84 00
INFO - 2c 58 88 3c 00 0a d0 00
INFO - 2c 5a c8 3c 00 0a b7 00
INFO - 2c 5d 08 3c 00 0a c1 00
INFO - 2c 5f 48 3c 00 0a ab 00
INFO - 2c 60 88 3c 00 0a 8e 00
INFO - 2c 63 c8 3c 00 0a bb 00
INFO - 2c 65 08 3c 00 0a aa 00
INFO - 2c 68 48 3c 00 0a ee 00
INFO - 2c 6b 88 3c 00 0a ad 00
INFO - 2c 6f c8 3c 00 0b 15 00
INFO - 2c 71 08 3c 00 0a ac 00
INFO - 2c 73 48 3c 00 0a aa 00
INFO - 2c 78 88 3c 00 0b 15 00
INFO - 2c 7a c8 3c 00 0a ab 00
INFO - 2c 7c 08 3c 00 0a b8 00
INFO - 2c 7f 48 3c 00 0a cd 00
INFO - 2c 81 88 3c 00 0a a3 00
INFO - 2c 83 c8 3c 00 0a b4 00
INFO - 2c 86 08 3c 00 0a c3 00
INFO - 2c 88 48 3c 00 0a a3 00
INFO - 2c 8c 88 3c 00 0a fa 00
INFO - 2c 8e c8 3c 00 0a ab 00
INFO - 2c 90 08 3c 00 0a b1 00
INFO - 2c 92 48 3c 00 0a 9b 00
INFO - 2c 94 88 3c 00 0a a2 00
INFO - 2c 96 c8 3c 00 0a b4 00
INFO - 2c 98 08 3c 00 0a 8c 00
INFO - 2c 9b 48 3c 00 0a 8b 00
INFO - 2c 9d 88 3c 00 0a bd 00
INFO - 2c a0 c8 3c 00 0a be 00
INFO - 2c a2 08 3c 00 0a bd 00
INFO - 2c a5 48 3c 00 0a b8 00
INFO - 2c a8 88 3c 00 0a db 00
INFO - 2c aa c8 3c 00 0a 94 00
INFO - 2c ad 08 3c 00 0a d0 00
INFO - 2c af 48 3c 00 0a be 00
INFO - 2c b2 88 3c 00 0a c8 00
INFO - 2c b4 c8 3c 00 0a ab 00
INFO - 2c b7 08 3c 00 0a e1 00
INFO - 2c ba 48 3c 00 0a e0 00
INFO - 2c bc 88 3c 00 0a 9f 00
INFO - 2c bf c8 3c 00 0a d4 00
INFO - 2c c1 08 3c 00 0a a4 00
INFO - 2c c3 48 3c 00 0a 92 00
INFO - 2c c6 88 3c 00 0a cc 00
INFO - 2c c8 c8 3c 00 0a b6 00
INFO - 2c ca 08 3c 00 0a 92 00
INFO - 2c cd 48 3c 00 0a d8 00
INFO - 2c d0 88 3c 00 0a cb 00
INFO - 2c d2 c8 3c 00 0a b6 00
INFO - 2c d4 08 3c 00 0a a9 00
INFO - 2c d7 48 3c 00 0a b4 00
INFO - 2c d8 88 3c 00 0a 91 00
INFO - 2c da c8 3c 00 0a a7 00
INFO - 2c dd 08 3c 00 0a d7 00
INFO - 2c df 48 3c 00 0a a1 00
INFO - 2c e1 88 3c 00 0a a4 00
INFO - 2c e3 c8 3c 00 0a 9c 00
INFO - 2c e6 08 3c 00 0a be 00
INFO - 2c e8 48 3c 00 0a 9d 00
INFO - 2c ea 88 3c 00 0a a8 00
INFO - 2c eb c8 3c 00 0a 85 00
INFO - 2c ef 08 3c 00 0a ee 00
INFO - 2c f1 48 3c 00 0a a8 00
INFO - 2c f4 88 3c 00 0a ce 00
INFO - 2c f5 c8 3c 00 0a 91 00
INFO - 2c f8 08 3c 00 0a bb 00
INFO - 2c fa 48 3c 00 0a a8 00
INFO - 2c fd 88 3c 00 0a cf 00
INFO - 2c ff c8 3c 00 0a b0 00
INFO - 2d 01 08 3c 00 0a a8 00
INFO - 2d 03 48 3c 00 0a 96 00
INFO - 2d 08 88 3c 00 0b 2e 00
INFO - 2d 09 c8 3c 00 0a 91 00
INFO - 2d 0c 08 3c 00 0a b7 00
INFO - 2d 0f 48 3c 00 0a cb 00
INFO - 2d 11 88 3c 00 0a 89 00
INFO - 2d 14 c8 3c 00 0a b3 00
INFO - 2d 17 08 3c 00 0a ce 00
INFO - 2d 19 48 3c 00 0a b9 00
INFO - 2d 1b 88 3c 00 0a 94 00
INFO - 2d 1d c8 3c 00 0a b9 00
INFO - 2d 1f 08 3c 00 0a 9f 00
INFO - 2d 22 48 3c 00 0a bd 00
INFO - 2d 24 88 3c 00 0a b9 00
INFO - 2d 27 c8 3c 00 0a cc 00
INFO - 2d 29 08 3c 00 0a 9b 00
INFO - 2d 2c 48 3c 00 0a de 00
INFO - 2d 2e 88 3c 00 0a a2 00
INFO - 2d 31 c8 3c 00 0a cb 00
INFO - 2d 34 08 3c 00 0a d0 00
INFO - 2d 36 48 3c 00 0a aa 00
INFO - 2d 38 88 3c 00 0a a6 00
INFO - 2d 3a c8 3c 00 0a ae 00
INFO - 2d 3c 08 3c 00 0a 94 00
INFO - 2d 3f 48 3c 00 0a d4 00
INFO - 2d 40 88 3c 00 0a 8c 00
INFO - 2d 45 c8 3c 00 0b 11 00
INFO - 2d 47 08 3c 00 0a a4 00
INFO - 2d 4a 48 3c 00 0a ed 00
INFO - 2d 4c 88 3c 00 0a a7 00
INFO - 2d 4f c8 3c 00 0a c5 00
INFO - 2d 51 08 3c 00 0a c0 00
INFO - 2d 53 48 3c 00 0a a6 00
INFO - 2d 55 88 3c 00 0a 8f 00
INFO - 2d 57 c8 3c 00 0a b0 00
INFO - 2d 5a 08 3c 00 0a bb 00
INFO - 2d 5d 48 3c 00 0a e8 00
INFO - 2d 5f 88 3c 00 0a 97 00
INFO - 2d 63 c8 3c 00 0a ef 00
INFO - 2d 64 08 3c 00 0a 98 00
INFO - 2d 67 48 3c 00 0a b6 00
INFO - 2d 69 88 3c 00 0a a7 00
INFO - 2d 6b c8 3c 00 0a ad 00
INFO - 2d 6d 08 3c 00 0a a1 00
INFO - 2d 6f 48 3c 00 0a b0 00
INFO - 2d 72 88 3c 00 0a cc 00
INFO - 2d 75 c8 3c 00 0a d3 00
INFO - 2d 78 08 3c 00 0a 84 00
INFO - 2d 79 48 3c 00 0a 94 00
INFO - 2d 7c 88 3c 00 0a a8 00
INFO - 2d 7d c8 3c 00 0a 9e 00
INFO - 2d 7f 08 3c 00 0a 9e 00
INFO - 2d 82 48 3c 00 0a b4 00
INFO - 2d 83 88 3c 00 0a 89 00
INFO - 2d 85 c8 3c 00 0a 92 00
INFO - 2d 86 08 3c 00 0a 92 00
INFO - 2d 89 48 3c 00 0a c6 00
INFO - 2d 8a 88 3c 00 0a 7b 00
INFO - 2d 8d c8 3c 00 0a be 00
INFO - 2d 8f 08 3c 00 0a 9d 00
INFO - 2d 91 48 3c 00 0a ac 00
INFO - 2d 94 88 3c 00 0a be 00
INFO - 2d 95 c8 3c 00 0a 92 00
INFO - 2d 98 08 3c 00 0a c4 00
INFO - 2d 9b 48 3c 00 0a c5 00
INFO - 2d 9d 88 3c 00 0a ad 00
INFO - 2d 9f c8 3c 00 0a b2 00
INFO - 2d a2 08 3c 00 0a d9 00
INFO - 2d a4 48 3c 00 0a ac 00
INFO - 2d a7 88 3c 00 0a b3 00
INFO - 2d a8 c8 3c 00 0a 91 00
INFO - 2d aa 08 3c 00 0a 87 00
INFO - 2d ab 48 3c 00 0a 92 00
INFO - 2d ad 88 3c 00 0a a3 00
INFO - 2d af c8 3c 00 0a 9e 00
INFO - 2d b1 08 3c 00 0a 9c 00
INFO - 2d b3 48 3c 00 0a a5 00
INFO - 2d b5 88 3c 00 0a 9b 00
INFO - 2d b7 c8 3c 00 0a a2 00
INFO - 2d b9 08 3c 00 0a a1 00
INFO - 2d bb 48 3c 00 0a 9a 00
INFO - 2d bd 88 3c 00 0a ba 00
INFO - 2d bf c8 3c 00 0a 91 00
INFO - 2d c1 08 3c 00 0a b0 00
INFO - 2d c3 48 3c 00 0a 70 00
INFO - 2d c9 88 3c 00 0a c5 00
INFO - 2d cb c8 3c 00 0a c3 00
INFO - 2d cd 08 3c 00 0a 97 00
INFO - 2d cf 48 3c 00 0a 94 00
INFO - 2d d1 88 3c 00 0a a5 00
INFO - 2d d3 c8 3c 00 0a bb 00
INFO - 2d d5 08 3c 00 0a 82 00
INFO - 2d d7 48 3c 00 0a d0 00
INFO - 2d d9 88 3c 00 0a 91 00
INFO - 2d db c8 3c 00 0a af 00
INFO - 2d de 08 3c 00 0a b8 00
INFO - 2d e0 48 3c 00 0a a4 00
INFO - 2d e2 88 3c 00 0a ae 00
INFO - 2d e4 c8 3c 00 0a 8f 00
INFO - 2d e5 08 3c 00 0a 8e 00
INFO - 2d e7 48 3c 00 0a 95 00
INFO - 2d e9 88 3c 00 0a ad 00
INFO - 2d eb c8 3c 00 0a ae 00
INFO - 2d ed 08 3c 00 0a 90 00
INFO - 2d ef 48 3c 00 0a aa 00
INFO - 2d f1 88 3c 00 0a a7 00
INFO - 2d f3 c8 3c 00 0a 9a 00
INFO - 2d f5 08 3c 00 0a ad 00
INFO - 2d f7 48 3c 00 0a a5 00
INFO - 2d f9 88 3c 00 0a b6 00
INFO - 2d fc c8 3c 00 0a ae 00
INFO - 2d fd 08 3c 00 0a 86 00
INFO - 2d ff 48 3c 00 0a 90 00
INFO - 2e 00 88 3c 00 0a 91 00
INFO - 2e 02 c8 3c 00 0a 85 00
INFO - 2e 03 08 3c 00 0a 90 00
INFO - 2e 05 48 3c 00 0a a0 00
INFO - 2e 07 88 3c 00 0a a6 00
INFO - 2e 09 c8 3c 00 0a 90 00
INFO - 2e 0b 08 3c 00 0a be 00
INFO - 2e 0d 48 3c 00 0a 74 00
INFO - 2e 10 88 3c 00 0a d5 00
INFO - 2e 11 c8 3c 00 0a 85 00
INFO - 2e 14 08 3c 00 0a d5 00
INFO - 2e 16 48 3c 00 0a 96 00
INFO - 2e 1a 88 3c 00 0a d2 00
INFO - 2e 1e c8 3c 00 0b 16 00
INFO - 2e 1f 08 3c 00 0a 7b 00
INFO - 2e 22 48 3c 00 0a cd 00
INFO - 2e 24 88 3c 00 0a 8f 00
INFO - 2e 26 c8 3c 00 0a c0 00
INFO - 2e 28 08 3c 00 0a a0 00
INFO - 2e 2a 48 3c 00 0a b1 00
INFO - 2e 2d 88 3c 00 0a c0 00
INFO - 2e 2e c8 3c 00 0a 85 00
INFO - 2e 30 08 3c 00 0a 99 00
INFO - 2e 32 48 3c 00 0a a3 00
INFO - 2e 35 88 3c 00 0a c8 00
INFO - 2e 37 c8 3c 00 0a 9d 00
INFO - 2e 39 08 3c 00 0a ae 00
INFO - 2e 3b 48 3c 00 0a a3 00
INFO - 2e 3c 88 3c 00 0a 83 00
INFO - 2e 3f c8 3c 00 0a b2 00
INFO - 2e 41 08 3c 00 0a a3 00
INFO - 2e 42 48 3c 00 0a 99 00
INFO - 2e 45 88 3c 00 0a b5 00
INFO - 2e 47 c8 3c 00 0a ba 00
INFO - 2e 49 08 3c 00 0a 91 00
INFO - 2e 4b 48 3c 00 0a a3 00
INFO - 2e 4c 88 3c 00 0a 7b 00
INFO - 2e 4f c8 3c 00 0a be 00
INFO - 2e 51 08 3c 00 0a b1 00
INFO - 2e 53 48 3c 00 0a 98 00
INFO - 2e 55 88 3c 00 0a a3 00
INFO - 2e 56 c8 3c 00 0a 96 00
INFO - 2e 58 08 3c 00 0a a5 00
INFO - 2e 5a 48 3c 00 0a ac 00
INFO - 2e 5c 88 3c 00 0a 90 00
INFO - 2e 5e c8 3c 00 0a 94 00
INFO - 2e 60 08 3c 00 0a a5 00
INFO - 2e 62 48 3c 00 0a b6 00
INFO - 2e 65 88 3c 00 0a b6 00
INFO - 2e 66 c8 3c 00 0a 98 00
INFO - 2e 68 08 3c 00 0a a9 00
INFO - 2e 6b 48 3c 00 0a d4 00
INFO - 2e 6d 88 3c 00 0a a0 00
INFO - 2e 6f c8 3c 00 0a 9a 00
INFO - 2e 70 08 3c 00 0a 84 00
INFO - 2e 72 48 3c 00 0a 8e 00
INFO - 2e 74 88 3c 00 0a b5 00
INFO - 2e 77 c8 3c 00 0a b2 00
INFO - 2e 78 08 3c 00 0a 88 00
INFO - 2e 7c 48 3c 00 0a f0 00
INFO - 2e 7e 88 3c 00 0a ad 00
INFO - 2e 7f c8 3c 00 0a 80 00
INFO - 2e 82 08 3c 00 0a d6 00
INFO - 2e 84 48 3c 00 0a 8e 00
INFO - 2e 87 88 3c 00 0a d3 00
INFO - 2e 88 c8 3c 00 0a 78 00
INFO - 2e 8a 08 3c 00 0a 9f 00
INFO - 2e 8c 48 3c 00 0a 9c 00
INFO - 2e 8e 88 3c 00 0a a4 00
INFO - 2e 91 c8 3c 00 0a dc 00
INFO - 2e 93 08 3c 00 0a ac 00
INFO - 2e 95 48 3c 00 0a 8b 00
INFO - 2e 97 88 3c 00 0a a5 00
INFO - 2e 98 c8 3c 00 0a 85 00
INFO - 2e 9a 08 3c 00 0a b5 00
INFO - 2e 9c 48 3c 00 0a ac 00
INFO - 2e 9e 88 3c 00 0a 82 00
INFO - 2e a0 c8 3c 00 0a b7 00
INFO - 2e a2 08 3c 00 0a 98 00
INFO - 2e a4 48 3c 00 0a b5 00
INFO - 2e a7 88 3c 00 0a b1 00
INFO - 2e a9 c8 3c 00 0a a5 00
INFO - 2e ab 08 3c 00 0a 71 00
INFO - 2e ac 48 3c 00 0a 8d 00
INFO - 2e ae 88 3c 00 0a a1 00
INFO - 2e b0 c8 3c 00 0a ab 00
INFO - 2e b2 08 3c 00 0a a8 00
INFO - 2e b4 48 3c 00 0a 92 00
INFO - 2e b5 88 3c 00 0a 85 00
INFO - 2e b7 c8 3c 00 0a 85 00
INFO - 2e b8 08 3c 00 0a 90 00
INFO - 2e ba 48 3c 00 0a 81 00
INFO - 2e bc 88 3c 00 0a a6 00
INFO - 2e be c8 3c 00 0a 99 00
INFO - 2e bf 08 3c 00 0a 9a 00
INFO - 2e c1 48 3c 00 0a 9a 00
INFO - 2e c3 88 3c 00 0a 8f 00
INFO - 2e c5 c8 3c 00 0a c2 00
INFO - 2e c7 08 3c 00 0a 9a 00
INFO - 2e ca 48 3c 00 0a c2 00
INFO - 2e cc 88 3c 00 0a 97 00
INFO - 2e cd c8 3c 00 0a 93 00
INFO - 2e cf 08 3c 00 0a 9a 00
INFO - 2e d1 48 3c 00 0a a4 00
INFO - 2e d3 88 3c 00 0a a1 00
INFO - 2e d6 c8 3c 00 0a c5 00
INFO - 2e d7 08 3c 00 0a 9a 00
INFO - 2e d9 48 3c 00 0a 9a 00
INFO - 2e db 88 3c 00 0a 8d 00
INFO - 2e dd c8 3c 00 0a a1 00
INFO - 2e df 08 3c 00 0a a0 00
INFO - 2e e1 48 3c 00 0a b7 00
INFO - 2e e3 88 3c 00 0a 86 00
INFO - 2e e5 c8 3c 00 0a ba 00
INFO - 2e e7 08 3c 00 0a 97 00
INFO - 2e e9 48 3c 00 0a 9a 00
INFO - 2e ea 88 3c 00 0a 9d 00
INFO - 2e ed c8 3c 00 0a ae 00
INFO - 2e ef 08 3c 00 0a c1 00
INFO - 2e f2 48 3c 00 0a ba 00
INFO - 2e f4 88 3c 00 0a ae 00
INFO - 2e f6 c8 3c 00 0a c2 00
INFO - 2e f9 08 3c 00 0a d7 00
INFO - 2e fc 48 3c 00 0a c9 00
INFO - 2e fe 88 3c 00 0a 93 00
INFO - 2f 00 c8 3c 00 0a 90 00
INFO - 2f 01 08 3c 00 0a 9b 00
INFO - 2f 03 48 3c 00 0a 7c 00
INFO - 2f 05 88 3c 00 0a b9 00
INFO - 2f 06 c8 3c 00 0a 83 00
INFO - 2f 08 08 3c 00 0a a8 00
INFO - 2f 0a 48 3c 00 0a 87 00
INFO - 2f 0c 88 3c 00 0a a4 00
INFO - 2f 0e c8 3c 00 0a b8 00
INFO - 2f 11 08 3c 00 0a ca 00
INFO - 2f 14 48 3c 00 0a bc 00
INFO - 2f 16 88 3c 00 0a 9a 00
INFO - 2f 17 c8 3c 00 0a 86 00
INFO - 2f 19 08 3c 00 0a 8e 00
INFO - 2f 1b 48 3c 00 0a a5 00
INFO - 2f 1c 88 3c 00 0a 90 00
INFO - 2f 20 c8 3c 00 0a fc 00
INFO - 2f 21 08 3c 00 0a 85 00
INFO - 2f 24 48 3c 00 0a ad 00
INFO - 2f 25 88 3c 00 0a a1 00
INFO - 2f 28 c8 3c 00 0a b6 00
INFO - 2f 2a 08 3c 00 0a ab 00
INFO - 2f 2c 48 3c 00 0a 9e 00
INFO - 2f 2e 88 3c 00 0a 9a 00
INFO - 2f 30 c8 3c 00 0a aa 00
INFO - 2f 31 08 3c 00 0a 8d 00
INFO - 2f 33 48 3c 00 0a 8e 00
INFO - 2f 35 88 3c 00 0a a5 00
INFO - 2f 36 c8 3c 00 0a 7c 00
INFO - 2f 38 08 3c 00 0a b2 00
INFO - 2f 3b 48 3c 00 0a a8 00
INFO - 2f 3d 88 3c 00 0a ba 00
INFO - 2f 3f c8 3c 00 0a 92 00
INFO - 2f 41 08 3c 00 0a b5 00
INFO - 2f 43 48 3c 00 0a 8b 00
INFO - 2f 44 88 3c 00 0a 9e 00
INFO - 2f 46 c8 3c 00 0a 79 00
INFO - 2f 48 08 3c 00 0a cc 00
INFO - 2f 4a 48 3c 00 0a 91 00
INFO - 2f 4c 88 3c 00 0a aa 00
INFO - 2f 4e c8 3c 00 0a 8b 00
INFO - 2f 50 08 3c 00 0a 9d 00
INFO - 2f 51 48 3c 00 0a 94 00
INFO - 2f 53 88 3c 00 0a ac 00
INFO - 2f 55 c8 3c 00 0a 9d 00
INFO - 2f 57 08 3c 00 0a 96 00
INFO - 2f 58 48 3c 00 0a 87 00
INFO - 2f 5b 88 3c 00 0a b3 00
INFO - 2f 5c c8 3c 00 0a 7f 00
INFO - 2f 5e 08 3c 00 0a a5 00
INFO - 2f 60 48 3c 00 0a 9c 00
INFO - 2f 62 88 3c 00 0a a5 00
INFO - 2f 64 c8 3c 00 0a af 00
INFO - 2f 66 08 3c 00 0a 9b 00
INFO - 2f 68 48 3c 00 0a 93 00
INFO - 2f 69 88 3c 00 0a 93 00
INFO - 2f 6b c8 3c 00 0a 7d 00
INFO - 2f 6d 08 3c 00 0a c3 00
INFO - 2f 6e 48 3c 00 0a 81 00
INFO - 2f 71 88 3c 00 0a c0 00
INFO - 2f 73 c8 3c 00 0a 89 00
INFO - 2f 75 08 3c 00 0a b8 00
INFO - 2f 76 48 3c 00 0a 7e 00
INFO - 2f 78 88 3c 00 0a a8 00
INFO - 2f 7b c8 3c 00 0a b9 00
INFO - 2f 7d 08 3c 00 0a ad 00
INFO - 2f 7f 48 3c 00 0a ab 00
INFO - 2f 81 88 3c 00 0a 95 00
INFO - 2f 83 c8 3c 00 0a 9b 00
INFO - 2f 84 08 3c 00 0a 8f 00
INFO - 2f 86 48 3c 00 0a 89 00
INFO - 2f 88 88 3c 00 0a a7 00
INFO - 2f 8a c8 3c 00 0a c9 00
INFO - 2f 8c 08 3c 00 0a 7f 00
INFO - 2f 8e 48 3c 00 0a b6 00
INFO - 2f 90 88 3c 00 0a 92 00
INFO - 2f 92 c8 3c 00 0a 9a 00
INFO - 2f 93 08 3c 00 0a 93 00
INFO - 2f 95 48 3c 00 0a 99 00
INFO - 2f 97 88 3c 00 0a 8d 00
INFO - 2f 99 c8 3c 00 0a a5 00
INFO - 2f 9a 08 3c 00 0a 9a 00
INFO - 2f 9c 48 3c 00 0a 86 00
INFO - 2f 9d 88 3c 00 0a 7e 00
INFO - 2f 9f c8 3c 00 0a 8f 00
INFO - 2f a1 08 3c 00 0a 9d 00
INFO - 2f a2 48 3c 00 0a 78 00
INFO - 2f a4 88 3c 00 0a ae 00
INFO - 2f a6 c8 3c 00 0a a2 00
INFO - 2f a7 08 3c 00 0a 8e 00
INFO - 2f a9 48 3c 00 0a a8 00
INFO - 2f ac 88 3c 00 0a b6 00
INFO - 2f af c8 3c 00 0a c8 00
INFO - 2f b1 08 3c 00 0a b6 00
INFO - 2f b2 48 3c 00 0a 83 00
INFO - 2f b5 88 3c 00 0a d3 00
INFO - 2f b7 c8 3c 00 0a a7 00
INFO - 2f b9 08 3c 00 0a 94 00
INFO - 2f ba 48 3c 00 0a 7a 00
INFO - 2f bc 88 3c 00 0a a1 00
INFO - 2f be c8 3c 00 0a 9a 00
INFO - 2f bf 08 3c 00 0a 8e 00
INFO - 2f c1 48 3c 00 0a 84 00
INFO - 2f c2 88 3c 00 0a 81 00
INFO - 2f c3 c8 3c 00 0a 78 00
INFO - 2f c5 08 3c 00 0a 89 00
INFO - 2f c6 48 3c 00 0a 80 00
INFO - 2f c8 88 3c 00 0a 91 00
INFO - 2f c9 c8 3c 00 0a 7d 00
INFO - 2f ca 08 3c 00 0a 80 00
INFO - 2f cc 48 3c 00 0a 9c 00
INFO - 2f cd 88 3c 00 0a 88 00
INFO - 2f cf c8 3c 00 0a 80 00
INFO - 2f d1 08 3c 00 0a a9 00
INFO - 2f d3 48 3c 00 0a a3 00
INFO - 2f d4 88 3c 00 0a 68 00
INFO - 2f d6 c8 3c 00 0a 8b 00
INFO - 2f d8 08 3c 00 0a 8f 00
INFO - 2f d9 48 3c 00 0a 88 00
INFO - 2f db 88 3c 00 0a 90 00
INFO - 2f dd c8 3c 00 0a a0 00
INFO - 2f de 08 3c 00 0a 78 00
INFO - 2f df 48 3c 00 0a 84 00
INFO - 2f e0 88 3c 00 0a 80 00
INFO - 2f e2 c8 3c 00 0a 8c 00
INFO - 2f e3 08 3c 00 0a 8a 00
INFO - 2f e5 48 3c 00 0a 90 00
INFO - 2f e7 88 3c 00 0a 91 00
INFO - 2f e8 c8 3c 00 0a 7e 00
INFO - 2f ea 08 3c 00 0a ae 00
INFO - 2f eb 48 3c 00 0a 82 00
INFO - 2f ed 88 3c 00 0a 8a 00
INFO - 2f ee c8 3c 00 0a 8a 00
INFO - 2f f0 08 3c 00 0a 8c 00
INFO - 2f f1 48 3c 00 0a 7e 00
INFO - 2f f3 88 3c 00 0a 9f 00
INFO - 2f f5 c8 3c 00 0a b6 00
INFO - 2f f7 08 3c 00 0a a7 00
INFO - 2f f9 48 3c 00 0a 88 00
INFO - 2f fb 88 3c 00 0a b2 00
INFO - 2f fd c8 3c 00 0a 9e 00
INFO - 2f ff 08 3c 00 0a 85 00
INFO - 30 00 48 3c 00 0a 96 00
INFO - 30 02 88 3c 00 0a 8d 00
INFO - 30 04 c8 3c 00 0a a8 00
INFO - 30 05 08 3c 00 0a 83 00
INFO - 30 07 48 3c 00 0a 8f 00
INFO - 30 0a 88 3c 00 0a c8 00
INFO - 30 0b c8 3c 00 0a 89 00
INFO - 30 0d 08 3c 00 0a a7 00
INFO - 30 0f 48 3c 00 0a b1 00
INFO - 30 11 88 3c 00 0a 9c 00
INFO - 30 13 c8 3c 00 0a 9a 00
INFO - 30 15 08 3c 00 0a 8e 00
INFO - 30 16 48 3c 00 0a 7d 00
INFO - 30 17 88 3c 00 0a 8e 00
INFO - 30 1a c8 3c 00 0a c0 00
INFO - 30 1c 08 3c 00 0a 90 00
INFO - 30 1e 48 3c 00 0a b2 00
INFO - 30 20 88 3c 00 0a b2 00
INFO - 30 21 c8 3c 00 0a 7d 00
INFO - 30 23 08 3c 00 0a 83 00
INFO - 30 25 48 3c 00 0a be 00
INFO - 30 27 88 3c 00 0a 8f 00
INFO - 30 29 c8 3c 00 0a a6 00
INFO - 30 2b 08 3c 00 0a a5 00
INFO - 30 2d 48 3c 00 0a 97 00
INFO - 30 2f 88 3c 00 0a a1 00
INFO - 30 31 c8 3c 00 0a b8 00
INFO - 30 33 08 3c 00 0a 92 00
INFO - 30 35 48 3c 00 0a a2 00
INFO - 30 36 88 3c 00 0a 7b 00
INFO - 30 38 c8 3c 00 0a ae 00
INFO - 30 39 08 3c 00 0a 7f 00
INFO - 30 3b 48 3c 00 0a 88 00
INFO - 30 3d 88 3c 00 0a a9 00
INFO - 30 3f c8 3c 00 0a 95 00
INFO - 30 41 08 3c 00 0a a3 00
INFO - 30 43 48 3c 00 0a a1 00
INFO - 30 44 88 3c 00 0a 8c 00
INFO - 30 46 c8 3c 00 0a 89 00
INFO - 30 48 08 3c 00 0a b4 00
INFO - 30 4a 48 3c 00 0a b0 00
INFO - 30 4c 88 3c 00 0a 93 00
INFO - 30 4d c8 3c 00 0a 89 00
INFO - 30 4f 08 3c 00 0a 71 00
INFO - 30 51 48 3c 00 0a 97 00
INFO - 30 53 88 3c 00 0a a1 00
INFO - 30 56 c8 3c 00 0a c0 00
INFO - 30 57 08 3c 00 0a 92 00
INFO - 30 5a 48 3c 00 0a b0 00
INFO - 30 5b 88 3c 00 0a 99 00
INFO - 30 5e c8 3c 00 0a c9 00
INFO - 30 60 08 3c 00 0a 8b 00
INFO - 30 62 48 3c 00 0a a5 00
INFO - 30 63 88 3c 00 0a 92 00
INFO - 30 65 c8 3c 00 0a a9 00
INFO - 30 67 08 3c 00 0a 7f 00
INFO - 30 69 48 3c 00 0a c1 00
INFO - 30 6b 88 3c 00 0a 97 00
INFO - 30 6d c8 3c 00 0a af 00
INFO - 30 70 08 3c 00 0a b4 00
INFO - 30 71 48 3c 00 0a 7f 00
INFO - 30 73 88 3c 00 0a 97 00
INFO - 30 74 c8 3c 00 0a 90 00
INFO - 30 76 08 3c 00 0a 8a 00
INFO - 30 78 48 3c 00 0a b0 00
INFO - 30 7a 88 3c 00 0a b6 00
INFO - 30 7c c8 3c 00 0a 8d 00
INFO - 30 7e 08 3c 00 0a 90 00
INFO - 30 7f 48 3c 00 0a 98 00
INFO - 30 81 88 3c 00 0a 9c 00
INFO - 30 83 c8 3c 00 0a 82 00
INFO - 30 85 08 3c 00 0a bc 00
INFO - 30 86 48 3c 00 0a 86 00
INFO - 30 88 88 3c 00 0a 98 00
INFO - 30 8a c8 3c 00 0a 9b 00
INFO - 30 8c 08 3c 00 0a b7 00
INFO - 30 8e 48 3c 00 0a 8d 00
INFO - 30 90 88 3c 00 0a aa 00
INFO - 30 93 c8 3c 00 0a b9 00
INFO - 30 94 08 3c 00 0a 80 00
INFO - 30 96 48 3c 00 0a 97 00
INFO - 30 97 88 3c 00 0a 8a 00
INFO - 30 99 c8 3c 00 0a 8e 00
INFO - 30 9a 08 3c 00 0a 96 00
INFO - 30 9d 48 3c 00 0a c8 00
INFO - 30 9f 88 3c 00 0a 8a 00
INFO - 30 a0 c8 3c 00 0a 92 00
INFO - 30 a2 08 3c 00 0a 96 00
INFO - 30 a4 48 3c 00 0a a7 00
INFO - 30 a6 88 3c 00 0a 6b 00
INFO - 30 a8 c8 3c 00 0a a9 00
INFO - 30 aa 08 3c 00 0a 95 00
INFO - 30 ac 48 3c 00 0a 9c 00
INFO - 30 ad 88 3c 00 0a 8d 00
INFO - 30 af c8 3c 00 0a 9e 00
INFO - 30 b0 08 3c 00 0a 85 00
INFO - 30 b3 48 3c 00 0a c1 00
INFO - 30 b5 88 3c 00 0a 9e 00
INFO - 30 b6 c8 3c 00 0a 80 00
INFO - 30 b9 08 3c 00 0a bd 00
INFO - 30 ba 48 3c 00 0a 98 00
INFO - 30 bc 88 3c 00 0a 9f 00
INFO - 30 be c8 3c 00 0a 8e 00
INFO - 30 c0 08 3c 00 0a 9e 00
INFO - 30 c2 48 3c 00 0a 9f 00
INFO - 30 c4 88 3c 00 0a a1 00
INFO - 30 c5 c8 3c 00 0a 86 00
INFO - 30 c7 08 3c 00 0a 94 00
INFO - 30 c9 48 3c 00 0a 9b 00
INFO - 30 cb 88 3c 00 0a a0 00
INFO - 30 cc c8 3c 00 0a 87 00
INFO - 30 ce 08 3c 00 0a 87 00
INFO - 30 cf 48 3c 00 0a 87 00
INFO - 30 d0 88 3c 00 0a 7e 00
INFO - 30 d2 c8 3c 00 0a 96 00
INFO - 30 d3 08 3c 00 0a 7f 00
INFO - 30 d5 48 3c 00 0a 95 00
INFO - 30 d6 88 3c 00 0a 7f 00
INFO - 30 d8 c8 3c 00 0a 92 00
INFO - 30 d9 08 3c 00 0a 92 00
INFO - 30 db 48 3c 00 0a 88 00
INFO - 30 dc 88 3c 00 0a 8a 00
INFO - 30 de c8 3c 00 0a 80 00
INFO - 30 e0 08 3c 00 0a ac 00
INFO - 30 e2 48 3c 00 0a a9 00
INFO - 30 e4 88 3c 00 0a 94 00
INFO - 30 e6 c8 3c 00 0a b0 00
INFO - 30 e9 08 3c 00 0a ce 00
INFO - 30 ea 48 3c 00 0a 93 00
INFO - 30 ed 88 3c 00 0a d0 00
INFO - 30 ef c8 3c 00 0a 8b 00
INFO - 30 f4 08 3c 00 0b 4a 00
INFO - 30 f6 48 3c 00 0a 85 00
INFO - 30 f8 88 3c 00 0a 71 00
INFO - 30 f9 c8 3c 00 0a 88 00
INFO - 30 fa 08 3c 00 0a 86 00
INFO - 30 fc 48 3c 00 0a a3 00
INFO - 30 fe 88 3c 00 0a 94 00
INFO - 31 00 c8 3c 00 0a 91 00
INFO - 31 01 08 3c 00 0a 88 00
INFO - 31 03 48 3c 00 0a b0 00
INFO - 31 05 88 3c 00 0a 9f 00
INFO - 31 08 c8 3c 00 0a b2 00
INFO - 31 0b 08 3c 00 0a d5 00
INFO - 31 0d 48 3c 00 0a 9e 00
INFO - 31 0e 88 3c 00 0a 97 00
INFO - 31 12 c8 3c 00 0a ec 00
INFO - 31 14 08 3c 00 0a c1 00
INFO - 31 17 48 3c 00 0a b9 00
INFO - 31 19 88 3c 00 0a 96 00
INFO - 31 1b c8 3c 00 0a af 00
INFO - 31 1d 08 3c 00 0a b8 00
INFO - 31 20 48 3c 00 0a b9 00
INFO - 31 23 88 3c 00 0a dc 00
INFO - 31 25 c8 3c 00 0a a7 00
INFO - 31 27 08 3c 00 0a ae 00
INFO - 31 29 48 3c 00 0a 9b 00
INFO - 31 2c 88 3c 00 0a c9 00
INFO - 31 2e c8 3c 00 0a 9a 00
INFO - 31 30 08 3c 00 0a bd 00
INFO - 31 32 48 3c 00 0a a6 00
INFO - 31 35 88 3c 00 0a d8 00
INFO - 31 38 c8 3c 00 0a b1 00
INFO - 31 3a 08 3c 00 0a b4 00
INFO - 31 3d 48 3c 00 0a cc 00
INFO - 31 3f 88 3c 00 0a a7 00
INFO - 31 41 c8 3c 00 0a b5 00
INFO - 31 43 08 3c 00 0a aa 00
INFO - 31 45 48 3c 00 0a 9d 00
INFO - 31 48 88 3c 00 0a c0 00
INFO - 31 4a c8 3c 00 0a 9d 00
INFO - 31 4d 08 3c 00 0a 9e 00
INFO - 31 50 48 3c 00 0a c0 00
INFO - 31 52 88 3c 00 0a a9 00
INFO - 31 54 c8 3c 00 0a 92 00
INFO - 31 57 08 3c 00 0a d7 00
INFO - 31 59 48 3c 00 0a 9d 00
INFO - 31 5c 88 3c 00 0a cc 00
INFO - 31 5f c8 3c 00 0a e3 00
INFO - 31 61 08 3c 00 0a 9d 00
INFO - 31 63 48 3c 00 0a c0 00
INFO - 31 66 88 3c 00 0a bf 00
INFO - 31 69 c8 3c 00 0a cb 00
INFO - 31 6b 08 3c 00 0a 9d 00
INFO - 31 6e 48 3c 00 0a d7 00
INFO - 31 70 88 3c 00 0a a8 00
INFO - 31 72 c8 3c 00 0a a8 00
INFO - 31 74 08 3c 00 0a 9c 00
INFO - 31 78 48 3c 00 0b 03 00
INFO - 31 7a 88 3c 00 0a b3 00
INFO - 31 7c c8 3c 00 0a a7 00
INFO - 31 7f 08 3c 00 0a c9 00
INFO - 31 81 48 3c 00 0a be 00
INFO - 31 83 88 3c 00 0a 90 00
INFO - 31 86 c8 3c 00 0a d4 00
INFO - 31 89 08 3c 00 0a c9 00
INFO - 31 8b 48 3c 00 0a a7 00
INFO - 31 8e 88 3c 00 0a c8 00
INFO - 31 90 c8 3c 00 0a a6 00
INFO - 31 93 08 3c 00 0a d4 00
INFO - 31 95 48 3c 00 0a b1 00
INFO - 31 97 88 3c 00 0a be 00
INFO - 31 9a c8 3c 00 0a b1 00
INFO - 31 9c 08 3c 00 0a a5 00
INFO - 31 9e 48 3c 00 0a b1 00
INFO - 31 a0 88 3c 00 0a b1 00
INFO - 31 a2 c8 3c 00 0a 99 00
INFO - 31 a4 08 3c 00 0a 79 00
INFO - 31 a6 48 3c 00 0a a6 00
INFO - 31 a9 88 3c 00 0a ba 00
INFO - 31 aa c8 3c 00 0a 8f 00
INFO - 31 ad 08 3c 00 0a a5 00
INFO - 31 af 48 3c 00 0a c8 00
INFO - 31 b2 88 3c 00 0a dd 00
INFO - 31 b5 c8 3c 00 0a bd 00
INFO - 31 b7 08 3c 00 0a a4 00
INFO - 31 b9 48 3c 00 0a b1 00
INFO - 31 bb 88 3c 00 0a 9c 00
INFO - 31 bd c8 3c 00 0a a4 00
INFO - 31 c0 08 3c 00 0a bd 00
INFO - 31 c2 48 3c 00 0a b3 00
INFO - 31 c5 88 3c 00 0a de 00
INFO - 31 c7 c8 3c 00 0a 9d 00
INFO - 31 c9 08 3c 00 0a b0 00
INFO - 31 cc 48 3c 00 0a d7 00
INFO - 31 ce 88 3c 00 0a 9b 00
INFO - 31 d1 c8 3c 00 0a b0 00
INFO - 31 d3 08 3c 00 0a c1 00
INFO - 31 d5 48 3c 00 0a 9a 00
INFO - 31 d7 88 3c 00 0a aa 00
INFO - 31 d9 c8 3c 00 0a a5 00
INFO - 31 dc 08 3c 00 0a c2 00
INFO - 31 de 48 3c 00 0a a6 00
INFO - 31 e0 88 3c 00 0a b3 00
INFO - 31 e2 c8 3c 00 0a ab 00
INFO - 31 e5 08 3c 00 0a bf 00
INFO - 31 e7 48 3c 00 0a a6 00
INFO - 31 ea 88 3c 00 0a ce 00
INFO - 31 ec c8 3c 00 0a 6e 00
INFO - 31 ef 08 3c 00 0a f1 00
INFO - 31 f1 48 3c 00 0a a6 00
INFO - 31 f5 88 3c 00 0b 0b 00
INFO - 31 f8 c8 3c 00 0a bf 00
INFO - 31 fb 08 3c 00 0a d0 00
INFO - 31 fe 48 3c 00 0a cb 00
INFO - 32 00 88 3c 00 0a aa 00
INFO - 32 03 c8 3c 00 0a ca 00
INFO - 32 06 08 3c 00 0a f4 00
INFO - 32 09 48 3c 00 0a be 00
INFO - 32 0b 88 3c 00 0a c5 00
INFO - 32 0d c8 3c 00 0a 92 00
INFO - 32 0f 08 3c 00 0a b6 00
INFO - 32 11 48 3c 00 0a 92 00
INFO - 32 13 88 3c 00 0a 9e 00
INFO - 32 15 c8 3c 00 0a 9a 00
INFO - 32 17 08 3c 00 0a a1 00
INFO - 32 19 48 3c 00 0a 9d 00
INFO - 32 1a 88 3c 00 0a 9d 00
INFO - 32 1d c8 3c 00 0a a8 00
INFO - 32 1f 08 3c 00 0a c0 00
INFO - 32 21 48 3c 00 0a 91 00
INFO - 32 28 88 3c 00 0b 9b 00
INFO - 32 2a c8 3c 00 0a 98 00
INFO - 32 2c 08 3c 00 0a b8 00
INFO - 32 2e 48 3c 00 0a a8 00
INFO - 32 32 88 3c 00 0a ed 00
INFO - 32 33 c8 3c 00 0a 91 00
INFO - 32 35 08 3c 00 0a b3 00
INFO - 32 38 48 3c 00 0a b4 00
INFO - 32 3a 88 3c 00 0a c1 00
INFO - 32 3d c8 3c 00 0a b0 00
INFO - 32 40 08 3c 00 0a e2 00
INFO - 32 42 48 3c 00 0a a8 00
INFO - 32 44 88 3c 00 0a a8 00
INFO - 32 47 c8 3c 00 0a c0 00
INFO - 32 49 08 3c 00 0a 9d 00
INFO - 32 4c 48 3c 00 0a d6 00
INFO - 32 4f 88 3c 00 0a f8 00
INFO - 32 51 c8 3c 00 0a a8 00
INFO - 32 53 08 3c 00 0a 9d 00
INFO - 32 55 48 3c 00 0a a8 00
INFO - 32 58 88 3c 00 0a d5 00
INFO - 32 5b c8 3c 00 0a d5 00
INFO - 32 5d 08 3c 00 0a a7 00
INFO - 32 60 48 3c 00 0a aa 00
INFO - 32 62 88 3c 00 0a a4 00
INFO - 32 63 c8 3c 00 0a 90 00
INFO - 32 66 08 3c 00 0a 7f 00
INFO - 32 68 48 3c 00 0a be 00
INFO - 32 6a 88 3c 00 0a 90 00
INFO - 32 6d c8 3c 00 0a ca 00
INFO - 32 6e 08 3c 00 0a 8d 00
INFO - 32 71 48 3c 00 0a c9 00
INFO - 32 73 88 3c 00 0a a5 00
INFO - 32 76 c8 3c 00 0a c9 00
INFO - 32 78 08 3c 00 0a ae 00
INFO - 32 7a 48 3c 00 0a 9c 00
INFO - 32 7c 88 3c 00 0a c4 00
INFO - 32 7f c8 3c 00 0a b1 00
INFO - 32 80 08 3c 00 0a 97 00
INFO - 32 83 48 3c 00 0a bc 00
INFO - 32 85 88 3c 00 0a a2 00
INFO - 32 87 c8 3c 00 0a bb 00
INFO - 32 89 08 3c 00 0a 96 00
INFO - 32 8b 48 3c 00 0a af 00
INFO - 32 8e 88 3c 00 0a ac 00
INFO - 32 90 c8 3c 00 0a b0 00
INFO - 32 92 08 3c 00 0a a0 00
INFO - 32 94 48 3c 00 0a af 00
INFO - 32 97 88 3c 00 0a c3 00
INFO - 32 99 c8 3c 00 0a ab 00
INFO - 32 9b 08 3c 00 0a a4 00
INFO - 32 9d 48 3c 00 0a ab 00
INFO - 32 9f 88 3c 00 0a ad 00
INFO - 32 a2 c8 3c 00 0a b7 00
INFO - 32 a3 08 3c 00 0a 9f 00
INFO - 32 a6 48 3c 00 0a b8 00
INFO - 32 a8 88 3c 00 0a ac 00
INFO - 32 ab c8 3c 00 0a cb 00
INFO - 32 ae 08 3c 00 0a c4 00
INFO - 32 b0 48 3c 00 0a ac 00
INFO - 32 b3 88 3c 00 0a e3 00
INFO - 32 b5 c8 3c 00 0a b6 00
INFO - 32 b7 08 3c 00 0a a4 00
INFO - 32 ba 48 3c 00 0a ad 00
INFO - 32 bb 88 3c 00 0a 98 00
INFO - 32 bd c8 3c 00 0a 97 00
INFO - 32 bf 08 3c 00 0a a1 00
INFO - 32 c1 48 3c 00 0a ba 00
INFO - 32 c3 88 3c 00 0a a3 00
INFO - 32 c6 c8 3c 00 0a 7d 00
INFO - 32 c8 08 3c 00 0a 98 00
INFO - 32 ca 48 3c 00 0a ae 00
INFO - 32 cc 88 3c 00 0a ae 00
INFO - 32 ce c8 3c 00 0a af 00
INFO - 32 d0 08 3c 00 0a 8d 00
INFO - 32 d2 48 3c 00 0a b9 00
INFO - 32 d4 88 3c 00 0a 98 00
INFO - 32 d7 c8 3c 00 0a c5 00
INFO - 32 d9 08 3c 00 0a ae 00
INFO - 32 db 48 3c 00 0a af 00
INFO - 32 de 88 3c 00 0a c4 00
INFO - 32 e2 c8 3c 00 0b 05 00
INFO - 32 e4 08 3c 00 0a ae 00
INFO - 32 e7 48 3c 00 0a b9 00
INFO - 32 e9 88 3c 00 0a ae 00
INFO - 32 eb c8 3c 00 0a a3 00
INFO - 32 ed 08 3c 00 0a c4 00
INFO - 32 f0 48 3c 00 0a cd 00
INFO - 32 f3 88 3c 00 0a c3 00
INFO - 32 f5 c8 3c 00 0a ac 00
INFO - 32 f7 08 3c 00 0a 99 00
INFO - 32 fa 48 3c 00 0a cc 00
INFO - 32 fc 88 3c 00 0a b7 00
INFO - 32 fe c8 3c 00 0a ac 00
INFO - 33 00 08 3c 00 0a a1 00
INFO - 33 03 48 3c 00 0a cc 00
INFO - 33 05 88 3c 00 0a 96 00
INFO - 33 07 c8 3c 00 0a a1 00
INFO - 33 09 08 3c 00 0a c0 00
INFO - 33 0c 48 3c 00 0a c1 00
INFO - 33 0e 88 3c 00 0a 97 00
INFO - 33 10 c8 3c 00 0a be 00
INFO - 33 12 08 3c 00 0a 96 00
INFO - 33 14 48 3c 00 0a b5 00
INFO - 33 16 88 3c 00 0a 9f 00
INFO - 33 19 c8 3c 00 0a ca 00
INFO - 33 1c 08 3c 00 0a 80 00
INFO - 33 1e 48 3c 00 0a a1 00
INFO - 33 20 88 3c 00 0a b3 00
INFO - 33 21 c8 3c 00 0a 8a 00
INFO - 33 23 08 3c 00 0a 95 00
INFO - 33 25 48 3c 00 0a a0 00
INFO - 33 27 88 3c 00 0a b4 00
INFO - 33 29 c8 3c 00 0a a9 00
INFO - 33 2b 08 3c 00 0a 8b 00
INFO - 33 2e 48 3c 00 0a c8 00
INFO - 33 2f 88 3c 00 0a 8a 00
INFO - 33 32 c8 3c 00 0a cb 00
INFO - 33 34 08 3c 00 0a 94 00
INFO - 33 35 48 3c 00 0a 96 00
INFO - 33 38 88 3c 00 0a bd 00
INFO - 33 3a c8 3c 00 0a a1 00
INFO - 33 3c 08 3c 00 0a 94 00
INFO - 33 3d 48 3c 00 0a 8a 00
INFO - 33 3f 88 3c 00 0a b5 00
INFO - 33 41 c8 3c 00 0a 9d 00
INFO - 33 44 08 3c 00 0a b6 00
INFO - 33 46 48 3c 00 0a 9d 00
INFO - 33 48 88 3c 00 0a ca 00
INFO - 33 4b c8 3c 00 0a bf 00
INFO - 33 51 08 3c 00 0b 5a 00
INFO - 33 53 48 3c 00 0a c0 00
INFO - 33 55 88 3c 00 0a a7 00
INFO - 33 59 c8 3c 00 0b 08 00
INFO - 33 5b 08 3c 00 0a 96 00
INFO - 33 5d 48 3c 00 0a 9f 00
INFO - 33 5f 88 3c 00 0a 9c 00
INFO - 33 61 c8 3c 00 0a a0 00
INFO - 33 63 08 3c 00 0a c8 00
INFO - 33 65 48 3c 00 0a 9c 00
INFO - 33 67 88 3c 00 0a a0 00
INFO - 33 69 c8 3c 00 0a 94 00
INFO - 33 6b 08 3c 00 0a 94 00
INFO - 33 6d 48 3c 00 0a a7 00
INFO - 33 6f 88 3c 00 0a aa 00
INFO - 33 71 c8 3c 00 0a 7a 00
INFO - 33 73 08 3c 00 0a 9c 00
INFO - 33 75 48 3c 00 0a a0 00
INFO - 33 76 88 3c 00 0a 89 00
INFO - 33 78 c8 3c 00 0a 9e 00
INFO - 33 7b 08 3c 00 0a bc 00
INFO - 33 7d 48 3c 00 0a b2 00
INFO - 33 7f 88 3c 00 0a b2 00
INFO - 33 81 c8 3c 00 0a 9b 00
INFO - 33 84 08 3c 00 0a b4 00
INFO - 33 86 48 3c 00 0a 9d 00
INFO - 33 88 88 3c 00 0a c4 00
INFO - 33 8a c8 3c 00 0a b3 00
INFO - 33 8c 08 3c 00 0a 93 00
INFO - 33 8e 48 3c 00 0a 93 00
INFO - 33 8f 88 3c 00 0a 91 00
INFO - 33 92 c8 3c 00 0a a9 00
INFO - 33 94 08 3c 00 0a a7 00
INFO - 33 95 48 3c 00 0a 90 00
INFO - 33 98 88 3c 00 0a be 00
INFO - 33 99 c8 3c 00 0a 92 00
INFO - 33 9c 08 3c 00 0a a8 00
INFO - 33 9e 48 3c 00 0a a7 00
INFO - 33 a0 88 3c 00 0a a6 00
INFO - 33 a2 c8 3c 00 0a aa 00
INFO - 33 a4 08 3c 00 0a bd 00
INFO - 33 a7 48 3c 00 0a b2 00
INFO - 33 a9 88 3c 00 0a 9e 00
INFO - 33 ac c8 3c 00 0a d3 00
INFO - 33 ae 08 3c 00 0a c8 00
INFO - 33 b1 48 3c 00 0a d4 00
INFO - 33 b4 88 3c 00 0a c7 00
INFO - 33 b6 c8 3c 00 0a ac 00
INFO - 33 b8 08 3c 00 0a ab 00
INFO - 33 ba 48 3c 00 0a 93 00
INFO - 33 bd 88 3c 00 0a c0 00
INFO - 33 be c8 3c 00 0a 6b 00
INFO - 33 c0 08 3c 00 0a 8a 00
INFO - 33 c4 48 3c 00 0b 00 00
INFO - 33 c6 88 3c 00 0a b6 00
INFO - 33 c9 c8 3c 00 0a cc 00
INFO - 33 ca 08 3c 00 0a 8b 00
INFO - 33 cc 48 3c 00 0a a2 00
INFO - 33 ce 88 3c 00 0a 97 00
INFO - 33 d0 c8 3c 00 0a ad 00
INFO - 33 d2 08 3c 00 0a 97 00
INFO - 33 d4 48 3c 00 0a ba 00
INFO - 33 d8 88 3c 00 0a e1 00
INFO - 33 da c8 3c 00 0a 97 00
INFO - 33 dc 08 3c 00 0a bb 00
INFO - 33 de 48 3c 00 0a a0 00
INFO - 33 e0 88 3c 00 0a 98 00
INFO - 33 e2 c8 3c 00 0a b1 00
INFO - 33 e4 08 3c 00 0a a1 00
INFO - 33 e6 48 3c 00 0a b1 00
INFO - 33 e8 88 3c 00 0a 8b 00
INFO - 33 ea c8 3c 00 0a b0 00
INFO - 33 ee 08 3c 00 0a f4 00
INFO - 33 f0 48 3c 00 0a c3 00
INFO - 33 f2 88 3c 00 0a 9b 00
INFO - 33 f5 c8 3c 00 0a d2 00
INFO - 33 f8 08 3c 00 0a be 00
INFO - 33 f9 48 3c 00 0a 8c 00
INFO - 33 fb 88 3c 00 0a a9 00
INFO - 33 fd c8 3c 00 0a a3 00
INFO - 34 00 08 3c 00 0a d6 00
INFO - 34 03 48 3c 00 0a b0 00
INFO - 34 06 88 3c 00 0a d5 00
INFO - 34 09 c8 3c 00 0a e2 00
INFO - 34 0c 08 3c 00 0a c7 00
INFO - 34 0e 48 3c 00 0a aa 00
INFO - 34 10 88 3c 00 0a a5 00
INFO - 34 12 c8 3c 00 0a 7b 00
INFO - 34 14 08 3c 00 0a 91 00
INFO - 34 16 48 3c 00 0a bf 00
INFO - 34 19 88 3c 00 0a c0 00
INFO - 34 1c c8 3c 00 0a d7 00
INFO - 34 1e 08 3c 00 0a b2 00
INFO - 34 21 48 3c 00 0a c3 00
INFO - 34 24 88 3c 00 0a d8 00
INFO - 34 26 c8 3c 00 0a 90 00
INFO - 34 28 08 3c 00 0a ac 00
INFO - 34 2a 48 3c 00 0a aa 00
INFO - 34 2d 88 3c 00 0a cd 00
INFO - 34 2f c8 3c 00 0a c3 00
INFO - 34 31 08 3c 00 0a 9e 00
INFO - 34 34 48 3c 00 0a c2 00
INFO - 34 36 88 3c 00 0a 9f 00
INFO - 34 38 c8 3c 00 0a c3 00
INFO - 34 3b 08 3c 00 0a b7 00
INFO - 34 3d 48 3c 00 0a c3 00
INFO - 34 3f 88 3c 00 0a 9f 00
INFO - 34 42 c8 3c 00 0a b7 00
INFO - 34 44 08 3c 00 0a 9f 00
INFO - 34 47 48 3c 00 0a cf 00
INFO - 34 48 88 3c 00 0a 94 00
INFO - 34 4b c8 3c 00 0a da 00
INFO - 34 4e 08 3c 00 0a c3 00
INFO - 34 50 48 3c 00 0a b6 00
INFO - 34 52 88 3c 00 0a 94 00
INFO - 34 54 c8 3c 00 0a ab 00
INFO - 34 56 08 3c 00 0a aa 00
INFO - 34 59 48 3c 00 0a c3 00
INFO - 34 5b 88 3c 00 0a ac 00
INFO - 34 5e c8 3c 00 0a cc 00
INFO - 34 60 08 3c 00 0a 93 00
INFO - 34 63 48 3c 00 0a e5 00
INFO - 34 65 88 3c 00 0a ab 00
INFO - 34 67 c8 3c 00 0a aa 00
INFO - 34 6a 08 3c 00 0a c1 00
INFO - 34 6d 48 3c 00 0a cf 00
INFO - 34 6f 88 3c 00 0a 9d 00
INFO - 34 71 c8 3c 00 0a cc 00
INFO - 34 74 08 3c 00 0a b5 00
INFO - 34 76 48 3c 00 0a 6f 00
INFO - 34 7c 88 3c 00 0b 88 00
INFO - 34 7e c8 3c 00 0a 9c 00
INFO - 34 81 08 3c 00 0a bf 00
INFO - 34 83 48 3c 00 0a a9 00
INFO - 34 85 88 3c 00 0a b4 00
INFO - 34 87 c8 3c 00 0a a8 00
INFO - 34 8a 08 3c 00 0a cd 00
INFO - 34 8c 48 3c 00 0a a6 00
INFO - 34 8f 88 3c 00 0a d8 00
INFO - 34 91 c8 3c 00 0a b0 00
INFO - 34 95 08 3c 00 0b 05 00
INFO - 34 98 48 3c 00 0a bb 00
INFO - 34 9b 88 3c 00 0a d5 00
INFO - 34 9d c8 3c 00 0a a7 00
INFO - 34 9f 08 3c 00 0a aa 00
INFO - 34 a2 48 3c 00 0a bb 00
INFO - 34 a5 88 3c 00 0a f7 00
INFO - 34 a8 c8 3c 00 0a b2 00
INFO - 34 aa 08 3c 00 0a c2 00
INFO - 34 ac 48 3c 00 0a 8c 00
INFO - 34 ae 88 3c 00 0a ab 00
INFO - 34 b0 c8 3c 00 0a 97 00
INFO - 34 b2 08 3c 00 0a c4 00
INFO - 34 b4 48 3c 00 0a a2 00
INFO - 34 b6 88 3c 00 0a a7 00
INFO - 34 b9 c8 3c 00 0a be 00
INFO - 34 bb 08 3c 00 0a ad 00
INFO - 34 bd 48 3c 00 0a 9b 00
INFO - 34 bf 88 3c 00 0a ba 00
INFO - 34 c3 c8 3c 00 0a dc 00
INFO - 34 c5 08 3c 00 0a ad 00
INFO - 34 c7 48 3c 00 0a 9b 00
INFO - 34 c9 88 3c 00 0a c6 00
INFO - 34 cc c8 3c 00 0a ac 00
INFO - 34 ce 08 3c 00 0a d2 00
INFO - 34 d0 48 3c 00 0a 9c 00
INFO - 34 d2 88 3c 00 0a 6f 00
INFO - 34 d4 c8 3c 00 0a 95 00
INFO - 34 d6 08 3c 00 0a 99 00
INFO - 34 d8 48 3c 00 0a b4 00
INFO - 34 da 88 3c 00 0a b7 00
INFO - 34 dd c8 3c 00 0a d4 00
INFO - 34 e0 08 3c 00 0a a8 00
INFO - 34 e2 48 3c 00 0a b8 00
INFO - 34 e4 88 3c 00 0a b1 00
INFO - 34 e6 c8 3c 00 0a a9 00
INFO - 34 e9 08 3c 00 0a b3 00
INFO - 34 eb 48 3c 00 0a b9 00
INFO - 34 ed 88 3c 00 0a b1 00
INFO - 34 f0 c8 3c 00 0a c0 00
INFO - 34 f3 08 3c 00 0a c0 00
INFO - 34 f4 48 3c 00 0a a1 00
INFO - 34 f7 88 3c 00 0a c9 00
INFO - 34 fb c8 3c 00 0a e3 00
INFO - 34 fc 08 3c 00 0a 9d 00
INFO - 34 ff 48 3c 00 0a c1 00
INFO - 35 01 88 3c 00 0a b5 00
INFO - 35 04 c8 3c 00 0a a9 00
INFO - 35 06 08 3c 00 0a b5 00
INFO - 35 09 48 3c 00 0a e4 00
INFO - 35 0b 88 3c 00 0a a9 00
INFO - 35 0e c8 3c 00 0a b6 00
INFO - 35 11 08 3c 00 0a d8 00
INFO - 35 13 48 3c 00 0a c1 00
INFO - 35 16 88 3c 00 0a cc 00
INFO - 35 19 c8 3c 00 0a c2 00
INFO - 35 1c 08 3c 00 0a e4 00
INFO - 35 1e 48 3c 00 0a b5 00
INFO - 35 21 88 3c 00 0a b7 00
INFO - 35 23 c8 3c 00 0a bd 00
INFO - 35 26 08 3c 00 0a d0 00
INFO - 35 29 48 3c 00 0a c2 00
INFO - 35 2b 88 3c 00 0a 9e 00
INFO - 35 2d c8 3c 00 0a 7b 00
INFO - 35 30 08 3c 00 0a bd 00
INFO - 35 33 48 3c 00 0a d0 00
INFO - 35 35 88 3c 00 0a ca 00
INFO - 35 37 c8 3c 00 0a a2 00
INFO - 35 39 08 3c 00 0a 9e 00
INFO - 35 3c 48 3c 00 0a cc 00
INFO - 35 3f 88 3c 00 0a d3 00
INFO - 35 41 c8 3c 00 0a 95 00
INFO - 35 44 08 3c 00 0a c8 00
INFO - 35 46 48 3c 00 0a ad 00
INFO - 35 48 88 3c 00 0a a9 00
INFO - 35 4a c8 3c 00 0a b0 00
INFO - 35 4c 08 3c 00 0a 95 00
INFO - 35 4f 48 3c 00 0a f4 00
INFO - 35 52 88 3c 00 0a c3 00
INFO - 35 54 c8 3c 00 0a af 00
INFO - 35 56 08 3c 00 0a 94 00
INFO - 35 58 48 3c 00 0a b3 00
INFO - 35 5b 88 3c 00 0a ba 00
INFO - 35 5e c8 3c 00 0a c9 00
INFO - 35 60 08 3c 00 0a b6 00
INFO - 35 62 48 3c 00 0a 90 00
INFO - 35 65 88 3c 00 0a da 00
INFO - 35 67 c8 3c 00 0a 9e 00
INFO - 35 69 08 3c 00 0a c7 00
INFO - 35 6c 48 3c 00 0a c3 00
INFO - 35 6e 88 3c 00 0a be 00
INFO - 35 71 c8 3c 00 0a ac 00
INFO - 35 73 08 3c 00 0a a7 00
INFO - 35 75 48 3c 00 0a b6 00
INFO - 35 77 88 3c 00 0a a9 00
INFO - 35 7a c8 3c 00 0a b2 00
INFO - 35 7c 08 3c 00 0a 7f 00
INFO - 35 7e 48 3c 00 0a aa 00
INFO - 35 81 88 3c 00 0a bb 00
INFO - 35 84 c8 3c 00 0a e0 00
INFO - 35 86 08 3c 00 0a 99 00
INFO - 35 88 48 3c 00 0a a9 00
INFO - 35 8a 88 3c 00 0a c1 00
INFO - 35 8c c8 3c 00 0a 8e 00
INFO - 35 8e 08 3c 00 0a 92 00
INFO - 35 8f 48 3c 00 0a 95 00
INFO - 35 92 88 3c 00 0a bf 00
INFO - 35 93 c8 3c 00 0a 8c 00
INFO - 35 96 08 3c 00 0a d0 00
INFO - 35 98 48 3c 00 0a a9 00
INFO - 35 9a 88 3c 00 0a 9e 00
INFO - 35 9d c8 3c 00 0a b2 00
INFO - 35 9e 08 3c 00 0a 93 00
INFO - 35 a1 48 3c 00 0a b4 00
INFO - 35 a3 88 3c 00 0a c4 00
INFO - 35 a6 c8 3c 00 0a b1 00
INFO - 35 a7 08 3c 00 0a 9c 00
INFO - 35 aa 48 3c 00 0a b0 00
INFO - 35 ab 88 3c 00 0a 8b 00
INFO - 35 ae c8 3c 00 0a e1 00
INFO - 35 b1 08 3c 00 0a c5 00
INFO - 35 b4 48 3c 00 0a bb 00
INFO - 35 b5 88 3c 00 0a 91 00
INFO - 35 b7 c8 3c 00 0a a5 00
INFO - 35 b9 08 3c 00 0a 9b 00
INFO - 35 bb 48 3c 00 0a af 00
INFO - 35 be 88 3c 00 0a c3 00
INFO - 35 c0 c8 3c 00 0a af 00
INFO - 35 c2 08 3c 00 0a 6d 00
INFO - 35 c4 48 3c 00 0a a5 00
INFO - 35 c6 88 3c 00 0a 9a 00
INFO - 35 c8 c8 3c 00 0a ae 00
INFO - 35 ca 08 3c 00 0a a4 00
INFO - 35 cc 48 3c 00 0a 9a 00
INFO - 35 cf 88 3c 00 0a c2 00
INFO - 35 d0 c8 3c 00 0a 8f 00
INFO - 35 d2 08 3c 00 0a 9a 00
INFO - 35 d5 48 3c 00 0a cb 00
INFO - 35 d7 88 3c 00 0a b7 00
INFO - 35 d9 c8 3c 00 0a 86 00
INFO - 35 db 08 3c 00 0a ba 00
INFO - 35 dd 48 3c 00 0a 96 00
INFO - 35 df 88 3c 00 0a ad 00
INFO - 35 e1 c8 3c 00 0a 86 00
INFO - 35 e4 08 3c 00 0a de 00
INFO - 35 e7 48 3c 00 0a c9 00
INFO - 35 e9 88 3c 00 0a a5 00
INFO - 35 eb c8 3c 00 0a bf 00
INFO - 35 ee 08 3c 00 0a b7 00
INFO - 35 f0 48 3c 00 0a b9 00
INFO - 35 f3 88 3c 00 0a c8 00
INFO - 35 f5 c8 3c 00 0a 9b 00
INFO - 35 f7 08 3c 00 0a b6 00
INFO - 35 f9 48 3c 00 0a 99 00
INFO - 35 fb 88 3c 00 0a ca 00
INFO - 35 fd c8 3c 00 0a a2 00
INFO - 35 ff 08 3c 00 0a 8e 00
INFO - 36 01 48 3c 00 0a aa 00
INFO - 36 03 88 3c 00 0a 9b 00
INFO - 36 05 c8 3c 00 0a a0 00
INFO - 36 06 08 3c 00 0a 91 00
INFO - 36 08 48 3c 00 0a 84 00
INFO - 36 0a 88 3c 00 0a a0 00
INFO - 36 0b c8 3c 00 0a 90 00
INFO - 36 0d 08 3c 00 0a 98 00
INFO - 36 0f 48 3c 00 0a 95 00
INFO - 36 11 88 3c 00 0a 9a 00
INFO - 36 12 c8 3c 00 0a 8e 00
INFO - 36 15 08 3c 00 0a b3 00
INFO - 36 16 48 3c 00 0a 9a 00
INFO - 36 18 88 3c 00 0a 9f 00
INFO - 36 1b c8 3c 00 0a b7 00
INFO - 36 1d 08 3c 00 0a b2 00
INFO - 36 1f 48 3c 00 0a a3 00
INFO - 36 21 88 3c 00 0a 95 00
INFO - 36 23 c8 3c 00 0a b6 00
INFO - 36 25 08 3c 00 0a 9f 00
INFO - 36 27 48 3c 00 0a a3 00
INFO - 36 29 88 3c 00 0a b4 00
INFO - 36 2b c8 3c 00 0a a7 00
INFO - 36 2d 08 3c 00 0a 97 00
INFO - 36 2f 48 3c 00 0a 8d 00
INFO - 36 30 88 3c 00 0a 7c 00
INFO - 36 32 c8 3c 00 0a ba 00
INFO - 36 34 08 3c 00 0a 8f 00
INFO - 36 36 48 3c 00 0a 9e 00
INFO - 36 38 88 3c 00 0a a0 00
INFO - 36 39 c8 3c 00 0a 96 00
INFO - 36 3b 08 3c 00 0a 96 00
INFO - 36 3d 48 3c 00 0a 8f 00
INFO - 36 3f 88 3c 00 0a ba 00
INFO - 36 41 c8 3c 00 0a 66 00
INFO - 36 43 08 3c 00 0a a2 00
INFO - 36 45 48 3c 00 0a c3 00
INFO - 36 47 88 3c 00 0a 9f 00
INFO - 36 4a c8 3c 00 0a cf 00
INFO - 36 4c 08 3c 00 0a a9 00
INFO - 36 4e 48 3c 00 0a 95 00
INFO - 36 50 88 3c 00 0a 96 00
INFO - 36 51 c8 3c 00 0a 8c 00
INFO - 36 54 08 3c 00 0a c5 00
INFO - 36 56 48 3c 00 0a 95 00
INFO - 36 58 88 3c 00 0a 9c 00
INFO - 36 59 c8 3c 00 0a 79 00
INFO - 36 5b 08 3c 00 0a aa 00
INFO - 36 5d 48 3c 00 0a a1 00
INFO - 36 60 88 3c 00 0a cb 00
INFO - 36 61 c8 3c 00 0a 8b 00
INFO - 36 63 08 3c 00 0a 9d 00
INFO - 36 65 48 3c 00 0a 94 00
INFO - 36 66 88 3c 00 0a 94 00
INFO - 36 68 c8 3c 00 0a 7a 00
INFO - 36 69 08 3c 00 0a 8a 00
INFO - 36 6c 48 3c 00 0a c9 00
INFO - 36 6e 88 3c 00 0a a5 00
INFO - 36 70 c8 3c 00 0a a5 00
INFO - 36 72 08 3c 00 0a 9c 00
INFO - 36 74 48 3c 00 0a a5 00
INFO - 36 76 88 3c 00 0a 9b 00
INFO - 36 77 c8 3c 00 0a 89 00
INFO - 36 79 08 3c 00 0a a5 00
INFO - 36 7b 48 3c 00 0a 9b 00
INFO - 36 7d 88 3c 00 0a 92 00
INFO - 36 7f c8 3c 00 0a a4 00
INFO - 36 81 08 3c 00 0a a4 00
INFO - 36 83 48 3c 00 0a 9b 00
INFO - 36 85 88 3c 00 0a a4 00
INFO - 36 86 c8 3c 00 0a 92 00
INFO - 36 88 08 3c 00 0a 92 00
INFO - 36 89 48 3c 00 0a 90 00
INFO - 36 8b 88 3c 00 0a 80 00
INFO - 36 8d c8 3c 00 0a 9d 00
INFO - 36 8e 08 3c 00 0a 89 00
INFO - 36 90 48 3c 00 0a ae 00
INFO - 36 92 88 3c 00 0a 89 00
INFO - 36 94 c8 3c 00 0a ae 00
INFO - 36 96 08 3c 00 0a 93 00
INFO - 36 97 48 3c 00 0a 8a 00
INFO - 36 99 88 3c 00 0a 8a 00
INFO - 36 9a c8 3c 00 0a 9a 00
INFO - 36 9c 08 3c 00 0a 83 00
INFO - 36 9d 48 3c 00 0a 81 00
INFO - 36 9f 88 3c 00 0a 9c 00
INFO - 36 a0 c8 3c 00 0a 8a 00
INFO - 36 a3 08 3c 00 0a b9 00
INFO - 36 a5 48 3c 00 0a 92 00
INFO - 36 a7 88 3c 00 0a bb 00
INFO - 36 a9 c8 3c 00 0a 9d 00
INFO - 36 ab 08 3c 00 0a ba 00
INFO - 36 ad 48 3c 00 0a a6 00
INFO - 36 b2 88 3c 00 0b 28 00
INFO - 36 b4 c8 3c 00 0a 8d 00
INFO - 36 b6 08 3c 00 0a a5 00
INFO - 36 b8 48 3c 00 0a a0 00
INFO - 36 b9 88 3c 00 0a 95 00
INFO - 36 bb c8 3c 00 0a 95 00
INFO - 36 bd 08 3c 00 0a 9c 00
INFO - 36 bf 48 3c 00 0a 96 00
INFO - 36 c1 88 3c 00 0a af 00
INFO - 36 c2 c8 3c 00 0a 8d 00
INFO - 36 c4 08 3c 00 0a 8b 00
INFO - 36 c6 48 3c 00 0a a6 00
INFO - 36 c8 88 3c 00 0a bc 00
INFO - 36 cb c8 3c 00 0a cc 00
INFO - 36 cd 08 3c 00 0a 8d 00
INFO - 36 cf 48 3c 00 0a af 00
INFO - 36 d0 88 3c 00 0a 83 00
INFO - 36 d2 c8 3c 00 0a 93 00
INFO - 36 d4 08 3c 00 0a 8c 00
INFO - 36 d6 48 3c 00 0a a5 00
INFO - 36 d7 88 3c 00 0a 9c 00
INFO - 36 d9 c8 3c 00 0a 84 00
INFO - 36 db 08 3c 00 0a b7 00
INFO - 36 dd 48 3c 00 0a 8a 00
INFO - 36 df 88 3c 00 0a b0 00
INFO - 36 e1 c8 3c 00 0a 9b 00
INFO - 36 e3 08 3c 00 0a c0 00
INFO - 36 e5 48 3c 00 0a 93 00
INFO - 36 e7 88 3c 00 0a 91 00
INFO - 36 e8 c8 3c 00 0a 7f 00
INFO - 36 ea 08 3c 00 0a 93 00
INFO - 36 eb 48 3c 00 0a 81 00
INFO - 36 ed 88 3c 00 0a a3 00
INFO - 36 ef c8 3c 00 0a 91 00
INFO - 36 f1 08 3c 00 0a a4 00
INFO - 36 f3 48 3c 00 0a a3 00
INFO - 36 f4 88 3c 00 0a 91 00
INFO - 36 f6 c8 3c 00 0a a3 00
INFO - 36 f9 08 3c 00 0a c6 00
INFO - 36 fb 48 3c 00 0a a2 00
INFO - 36 fd 88 3c 00 0a 99 00
INFO - 36 ff c8 3c 00 0a a1 00
INFO - 37 00 08 3c 00 0a 98 00
INFO - 37 02 48 3c 00 0a 7d 00
INFO - 37 04 88 3c 00 0a b3 00
INFO - 37 07 c8 3c 00 0a d5 00
INFO - 37 08 08 3c 00 0a 8d 00
INFO - 37 0a 48 3c 00 0a 6c 00
INFO - 37 0c 88 3c 00 0a 96 00
INFO - 37 0d c8 3c 00 0a 8e 00
INFO - 37 0f 08 3c 00 0a 85 00
INFO - 37 11 48 3c 00 0a b8 00
INFO - 37 13 88 3c 00 0a 96 00
INFO - 37 15 c8 3c 00 0a 8c 00
INFO - 37 16 08 3c 00 0a 84 00
INFO - 37 18 48 3c 00 0a 95 00
INFO - 37 19 88 3c 00 0a 81 00
INFO - 37 1b c8 3c 00 0a c2 00
INFO - 37 1d 08 3c 00 0a 95 00
INFO - 37 1f 48 3c 00 0a 8c 00
INFO - 37 20 88 3c 00 0a 7a 00
INFO - 37 22 c8 3c 00 0a b5 00
INFO - 37 25 08 3c 00 0a db 00
INFO - 37 27 48 3c 00 0a 9b 00
INFO - 37 29 88 3c 00 0a 82 00
INFO - 37 2a c8 3c 00 0a 93 00
INFO - 37 2c 08 3c 00 0a 82 00
INFO - 37 2d 48 3c 00 0a 82 00
INFO - 37 2f 88 3c 00 0a 9a 00
INFO - 37 30 c8 3c 00 0a 9a 00
INFO - 37 32 08 3c 00 0a 9a 00
INFO - 37 34 48 3c 00 0a a2 00
INFO - 37 36 88 3c 00 0a 89 00
INFO - 37 37 c8 3c 00 0a 92 00
INFO - 37 39 08 3c 00 0a 9a 00
INFO - 37 3c 48 3c 00 0a ba 00
INFO - 37 3e 88 3c 00 0a a1 00
INFO - 37 3f c8 3c 00 0a 79 00
INFO - 37 41 08 3c 00 0a aa 00
INFO - 37 42 48 3c 00 0a 8a 00
INFO - 37 44 88 3c 00 0a a1 00
INFO - 37 46 c8 3c 00 0a 91 00
INFO - 37 47 08 3c 00 0a 81 00
INFO - 37 49 48 3c 00 0a 89 00
INFO - 37 4a 88 3c 00 0a 79 00
INFO - 37 4b c8 3c 00 0a 91 00
INFO - 37 4d 08 3c 00 0a 81 00
INFO - 37 4e 48 3c 00 0a 88 00
INFO - 37 50 88 3c 00 0a 91 00
INFO - 37 51 c8 3c 00 0a 90 00
INFO - 37 53 08 3c 00 0a 88 00
INFO - 37 54 48 3c 00 0a 88 00
INFO - 37 56 88 3c 00 0a 9b 00
INFO - 37 58 c8 3c 00 0a 98 00
INFO - 37 5a 08 3c 00 0a a0 00
