INFO - a4 da 48 40 57 00 00 02
INFO - a4 da 88 40 57 00 00 02
INFO - a4 da c8 40 57 00 00 02
INFO - a4 da 08 40 57 00 00 02
INFO - a4 da 48 40 57 00 00 02
INFO - a8 a4 88 40 57 00 00 02
INFO - a8 a4 c8 40 57 00 00 02
INFO - a8 a4 08 40 57 00 00 02
INFO - a8 a4 48 40 57 00 00 02
INFO - a8 a4 88 40 57 00 00 02
INFO - a9 9e 88 40 57 00 00 02
INFO - a9 9e c8 40 57 00 00 02
INFO - a9 9e 08 40 57 00 00 02
INFO - a9 9e 48 40 57 00 00 02
INFO - aa 6b 08 40 57 00 00 02
INFO - aa 6b 48 40 57 00 00 02
INFO - aa 6b 88 40 57 00 00 02
INFO - aa 6b c8 40 57 00 00 02
INFO - 8e 17 88 08 40 27 5d d7
INFO - 8e 17 c8 20 40 27 fe 01
INFO - 8e 17 08 40 40 20 00 8c
INFO - 8e 19 08 08 40 27 5d d9
INFO - 8e 19 48 20 40 28 06 01
INFO - 8e 19 88 40 40 22 30 00
INFO - 8e 1b 88 08 40 37 65 da
INFO - 8e 1b c8 20 40 38 06 01
INFO - 8e 1b 08 40 40 30 00 00
INFO - 8e 1e 08 08 40 27 69 da
INFO - 8e 1e 48 20 40 28 06 01
INFO - 8e 1e 88 40 40 20 00 fc
INFO - 8e 20 88 08 40 27 69 da
INFO - 8e 20 c8 20 40 28 06 01
INFO - 8e 20 08 40 40 23 f0 01
INFO - 8e 22 08 08 40 27 69 da
INFO - 8e 22 48 20 40 28 06 01
INFO - 8e 22 88 40 40 20 04 00
INFO - 8e 24 88 08 40 27 69 da
INFO - 8e 24 c8 20 40 28 06 01
INFO - 8e 24 08 40 40 20 00 00
INFO - 8e 26 08 08 40 27 69 da
INFO - 8e 26 48 20 40 28 06 01
INFO - 8e 26 88 40 40 20 00 00
INFO - 8e 28 88 08 40 27 69 da
INFO - 8e 28 c8 20 40 28 06 03
INFO - 8e 28 08 40 40 20 00 fc
INFO - 8e 2a 08 08 40 17 69 da
INFO - 8e 2a 48 20 40 18 0e 03
INFO - 8e 2a 88 40 40 13 f0 01
INFO - 8e 2b 88 08 40 37 69 da
INFO - 8e 2b c8 20 40 38 0e 03
INFO - 8e 2b 08 40 40 30 04 fd
INFO - 8e 2e 08 08 40 27 69 da
INFO - 8e 2e 48 20 40 28 0e 03
INFO - 8e 2e 88 40 40 23 f4 00
INFO - 8e 30 88 08 40 27 69 da
INFO - 8e 30 c8 20 40 28 0e 01
INFO - 8e 30 08 40 40 20 00 00
INFO - 8e 32 08 08 40 27 69 da
INFO - 8e 32 48 20 40 28 06 01
INFO - 8e 32 88 40 40 20 00 00
INFO - 8e 34 88 08 40 27 69 da
INFO - 8e 34 c8 20 40 28 05 ff
INFO - 8e 34 08 40 40 20 00 fc
INFO - 8e 36 08 08 40 27 69 da
INFO - 8e 36 48 20 40 27 fd ff
INFO - 8e 36 88 40 40 23 f0 01
INFO - 8e 38 88 08 40 27 69 da
INFO - 8e 38 c8 20 40 27 fd ff
INFO - 8e 38 08 40 40 20 04 00
INFO - 8e 3a 08 08 40 27 69 f4
INFO - 8e 3a 48 20 40 27 fd ff
INFO - 8e 3a 88 40 40 20 00 00
INFO - 8e 3c 88 08 40 27 d2 23
INFO - 8e 3c c8 20 40 27 fd ff
INFO - 8e 3c 08 40 40 20 00 fc
INFO - 8e 3e 08 08 40 28 8e 23
INFO - 8e 3e 48 20 40 27 fd ff
INFO - 8e 3e 88 40 40 23 f0 01
INFO - 8e 40 88 08 40 28 8e 23
INFO - 8e 40 c8 20 40 27 fd ff
INFO - 8e 40 08 40 40 20 04 fd
INFO - 8e 42 08 08 40 28 8e 23
INFO - 8e 42 48 20 40 27 fe 01
INFO - 8e 42 88 40 40 23 f4 00
INFO - 8e 44 88 08 40 28 8e 23
INFO - 8e 44 c8 20 40 28 06 01
INFO - 8e 44 08 40 40 20 00 fc
INFO - 8e 46 08 08 40 28 8e 23
INFO - 8e 46 48 20 40 28 05 ff
INFO - 8e 46 88 40 40 23 f0 01
INFO - 8e 48 88 08 40 28 8e 23
INFO - 8e 48 c8 20 40 27 fd ff
INFO - 8e 48 08 40 40 20 04 00
INFO - 8e 4a 08 08 40 28 8e 23
INFO - 8e 4a 48 20 40 27 fd ff
INFO - 8e 4a 88 40 40 20 00 fd
INFO - 8e 4c 88 08 40 28 8e 23
INFO - 8e 4c c8 20 40 27 fd ff
INFO - 8e 4c 08 40 40 23 f4 00
INFO - 8e 4e 08 08 40 28 8e 23
INFO - 8e 4e 48 20 40 27 fd ff
INFO - 8e 4e 88 40 40 20 00 fc
INFO - 8e 50 88 08 40 18 8e 23
INFO - 8e 50 c8 20 40 17 fd ff
INFO - 8e 50 08 40 40 13 f0 01
INFO - 8e 51 08 08 40 28 8e 23
INFO - 8e 51 48 20 40 27 fd ff
INFO - 8e 51 88 40 40 20 04 fd
INFO - 8e 53 88 08 40 38 8e 23
INFO - 8e 53 c8 20 40 37 fd ff
INFO - 8e 53 08 40 40 33 f4 00
INFO - 8e 56 08 08 40 28 8e 23
INFO - 8e 56 48 20 40 27 fd ff
INFO - 8e 56 88 40 40 20 00 fc
INFO - 8e 58 88 08 40 28 8e 11
INFO - 8e 58 c8 20 40 27 fd ff
INFO - 8e 58 08 40 40 23 f0 01
INFO - 8e 5a 08 08 40 28 45 f5
INFO - 8e 5a 48 20 40 27 fd ff
INFO - 8e 5a 88 40 40 20 04 00
INFO - 8e 5c 88 08 40 17 d5 f5
INFO - 8e 5c c8 20 40 17 fd ff
INFO - 8e 5c 08 40 40 10 00 00
INFO - 8e 5d 08 08 40 27 d5 f5
INFO - 8e 5d 48 20 40 27 fd ff
INFO - 8e 5d 88 40 40 20 00 fc
INFO - 8e 5f 88 08 40 27 d5 f5
INFO - 8e 5f c8 20 40 27 fd ff
INFO - 8e 5f 08 40 40 23 f0 01
INFO - 8e 61 08 08 40 27 d5 f5
INFO - 8e 61 48 20 40 27 fd ff
INFO - 8e 61 88 40 40 20 04 00
INFO - 8e 63 88 08 40 37 d5 f5
INFO - 8e 63 c8 20 40 37 fd ff
INFO - 8e 63 08 40 40 30 00 00
INFO - 8e 66 08 08 40 27 d5 f5
INFO - 8e 66 48 20 40 27 fd ff
INFO - 8e 66 88 40 40 20 00 00
INFO - 8e 68 88 08 40 17 d5 f5
INFO - 8e 68 c8 20 40 17 fd ff
INFO - 8e 68 08 40 40 10 00 fd
INFO - 8e 69 08 08 40 27 d5 f5
INFO - 8e 69 48 20 40 27 fd ff
INFO - 8e 69 88 40 40 23 f4 00
INFO - 8e 6b 88 08 40 47 d5 cc
INFO - 8e 6b c8 20 40 47 fd fb
INFO - 8e 6b 08 40 40 40 00 fd
INFO - 8e 6f 88 08 40 27 31 e3
INFO - 8e 6f c8 20 40 27 ed fb
INFO - 8e 6f 08 40 40 23 f4 00
INFO - 8e 71 08 08 40 27 8d ed
INFO - 8e 71 48 20 40 27 ed fb
INFO - 8e 71 88 40 40 20 00 00
INFO - 8e 73 88 08 40 27 b5 f3
INFO - 8e 73 c8 20 40 27 ed f9
INFO - 8e 73 08 40 40 20 00 00
INFO - 8e 75 08 08 40 27 cd f7
INFO - 8e 75 48 20 40 27 e5 f9
INFO - 8e 75 88 40 40 20 00 fc
INFO - 8e 77 88 08 40 27 dd fa
INFO - 8e 77 c8 20 40 27 e5 f9
INFO - 8e 77 08 40 40 23 f0 01
INFO - 8e 79 08 08 40 27 e9 fc
INFO - 8e 79 48 20 40 27 e5 f9
INFO - 8e 79 88 40 40 20 04 00
INFO - 8e 7b 88 08 40 27 f1 fd
INFO - 8e 7b c8 20 40 27 e5 f9
INFO - 8e 7b 08 40 40 20 00 00
INFO - 8e 7d 08 08 40 27 f5 ff
INFO - 8e 7d 48 20 40 27 e5 f9
INFO - 8e 7d 88 40 40 20 00 00
INFO - 8e 7f 88 08 40 27 fd ff
INFO - 8e 7f c8 20 40 27 e5 f9
INFO - 8e 7f 08 40 40 20 00 fc
INFO - 8e 81 08 08 40 27 fe 00
INFO - 8e 81 48 20 40 27 e5 f9
INFO - 8e 81 88 40 40 23 f0 01
INFO - 8e 83 88 08 40 28 02 02
INFO - 8e 83 c8 20 40 27 e5 f9
INFO - 8e 83 08 40 40 20 04 00
INFO - 8e 85 08 08 40 28 0a 03
INFO - 8e 85 48 20 40 27 e5 f9
INFO - 8e 85 88 40 40 20 00 00
INFO - 8e 87 88 08 40 28 0e 05
INFO - 8e 87 c8 20 40 27 e5 f9
INFO - 8e 87 08 40 40 20 00 00
INFO - 8e 89 08 08 40 28 16 08
INFO - 8e 89 48 20 40 27 e5 f9
INFO - 8e 89 88 40 40 20 00 fc
INFO - 8e 8b 88 08 40 28 22 0a
INFO - 8e 8b c8 20 40 27 e5 f9
INFO - 8e 8b 08 40 40 23 f0 01
INFO - 8e 8d 08 08 40 28 2a 0f
INFO - 8e 8d 48 20 40 27 e5 fb
INFO - 8e 8d 88 40 40 20 04 00
INFO - 8e 8f 88 08 40 28 3e 17
INFO - 8e 8f c8 20 40 27 ed fb
INFO - 8e 8f 08 40 40 20 00 fd
INFO - 8e 91 08 08 40 28 5e 23
INFO - 8e 91 48 20 40 27 ed fb
INFO - 8e 91 88 40 40 23 f4 00
INFO - 8e 93 88 08 40 28 8e 3e
INFO - 8e 93 c8 20 40 27 ed ff
INFO - 8e 93 08 40 40 20 00 fc
INFO - 8e 95 08 08 40 28 fa 67
INFO - 8e 95 48 20 40 27 fd ff
INFO - 8e 95 88 40 40 23 f0 01
INFO - 8e 97 88 08 40 09 9e 67
INFO - 8e 97 c8 20 40 07 fd ff
INFO - 8e 97 08 40 40 00 04 b1
INFO - 8e f5 88 08 40 26 ed ca
INFO - 8e f5 c8 20 40 27 f5 fd
INFO - 8e f5 08 40 40 22 c4 4c
INFO - 8e f7 08 08 40 27 29 d6
INFO - 8e f7 48 20 40 27 f5 fd
INFO - 8e f7 88 40 40 21 30 00
INFO - 8e f9 88 08 40 27 59 de
INFO - 8e f9 c8 20 40 27 f5 fb
INFO - 8e f9 08 40 40 20 00 00
INFO - 8e fb 08 08 40 27 79 e4
INFO - 8e fb 48 20 40 27 ed fb
INFO - 8e fb 88 40 40 20 00 fc
INFO - 8e fd 88 08 40 27 91 e8
INFO - 8e fd c8 20 40 27 ed fb
INFO - 8e fd 08 40 40 23 f0 01
INFO - 8e ff 08 08 40 27 a1 eb
INFO - 8e ff 48 20 40 27 ed fb
INFO - 8e ff 88 40 40 20 04 00
INFO - 8f 01 88 08 40 27 ad ed
INFO - 8f 01 c8 20 40 27 ed fb
INFO - 8f 01 08 40 40 20 00 00
INFO - 8f 03 08 08 40 27 b5 ee
INFO - 8f 03 48 20 40 27 ed fb
INFO - 8f 03 88 40 40 20 00 00
INFO - 8f 05 88 08 40 27 b9 f0
INFO - 8f 05 c8 20 40 27 ed fb
INFO - 8f 05 08 40 40 20 00 fc
INFO - 8f 07 08 08 40 27 c1 f1
INFO - 8f 07 48 20 40 27 ed fb
INFO - 8f 07 88 40 40 23 f0 01
INFO - 8f 09 88 08 40 27 c5 f1
INFO - 8f 09 c8 20 40 27 ed fb
INFO - 8f 09 08 40 40 20 04 00
INFO - 8f 0b 08 08 40 27 c5 f2
INFO - 8f 0b 48 20 40 27 ed fb
INFO - 8f 0b 88 40 40 20 00 00
INFO - 8f 0d 88 08 40 27 c9 f2
INFO - 8f 0d c8 20 40 27 ed fb
INFO - 8f 0d 08 40 40 20 00 00
INFO - 8f 0f 08 08 40 27 c9 f3
INFO - 8f 0f 48 20 40 27 ed f9
INFO - 8f 0f 88 40 40 20 00 fc
INFO - 8f 11 88 08 40 27 cd f3
INFO - 8f 11 c8 20 40 27 e5 f9
INFO - 8f 11 08 40 40 23 f0 01
INFO - 8f 13 08 08 40 27 cd f3
INFO - 8f 13 48 20 40 27 e5 f9
INFO - 8f 13 88 40 40 20 04 00
INFO - 8f 15 88 08 40 27 cd f3
INFO - 8f 15 c8 20 40 27 e5 f9
INFO - 8f 15 08 40 40 20 00 00
INFO - 8f 17 08 08 40 27 cd f4
INFO - 8f 17 48 20 40 27 e5 f9
INFO - 8f 17 88 40 40 20 00 fd
INFO - 8f 19 88 08 40 27 d1 f4
INFO - 8f 19 c8 20 40 27 e5 f9
INFO - 8f 19 08 40 40 23 f4 00
INFO - 8f 1b 08 08 40 27 d1 f3
INFO - 8f 1b 48 20 40 27 e5 f9
INFO - 8f 1b 88 40 40 20 00 00
INFO - 8f 1d 88 08 40 27 cd f3
INFO - 8f 1d c8 20 40 27 e5 f9
INFO - 8f 1d 08 40 40 20 00 00
INFO - 8f 1f 08 08 40 27 cd f3
INFO - 8f 1f 48 20 40 27 e5 f9
INFO - 8f 1f 88 40 40 20 00 00
INFO - 8f 21 88 08 40 27 cd f3
INFO - 8f 21 c8 20 40 27 e5 f9
INFO - 8f 21 08 40 40 20 00 fc
INFO - 8f 23 08 08 40 27 cd f2
INFO - 8f 23 48 20 40 27 e5 f9
INFO - 8f 23 88 40 40 23 f0 01
INFO - 8f 25 88 08 40 27 c9 f2
INFO - 8f 25 c8 20 40 27 e5 f9
INFO - 8f 25 08 40 40 20 04 fd
INFO - 8f 27 08 08 40 27 c9 f1
INFO - 8f 27 48 20 40 27 e5 fb
INFO - 8f 27 88 40 40 23 f4 00
INFO - 8f 29 88 08 40 27 c5 f1
INFO - 8f 29 c8 20 40 27 ed fb
INFO - 8f 29 08 40 40 20 00 00
INFO - 8f 2b 08 08 40 27 c5 f0
INFO - 8f 2b 48 20 40 27 ed fb
INFO - 8f 2b 88 40 40 20 00 fc
INFO - 8f 2d 88 08 40 27 c1 ef
INFO - 8f 2d c8 20 40 27 ed fb
INFO - 8f 2d 08 40 40 23 f0 01
INFO - 8f 2f 08 08 40 27 bd ee
INFO - 8f 2f 48 20 40 27 ed fb
INFO - 8f 2f 88 40 40 20 04 00
INFO - 8f 31 88 08 40 27 b9 ec
INFO - 8f 31 c8 20 40 27 ed fb
INFO - 8f 31 08 40 40 20 00 00
INFO - 8f 33 08 08 40 27 b1 eb
INFO - 8f 33 48 20 40 27 ed fb
INFO - 8f 33 88 40 40 20 00 fc
INFO - 8f 35 88 08 40 27 ad e9
INFO - 8f 35 c8 20 40 27 ed fb
INFO - 8f 35 08 40 40 23 f0 01
INFO - 8f 37 08 08 40 27 a5 e7
INFO - 8f 37 48 20 40 27 ed fb
INFO - 8f 37 88 40 40 20 04 00
INFO - 8f 39 88 08 40 27 9d e5
INFO - 8f 39 c8 20 40 27 ed fb
INFO - 8f 39 08 40 40 20 00 00
INFO - 8f 3b 08 08 40 27 95 e1
INFO - 8f 3b 48 20 40 27 ed fb
INFO - 8f 3b 88 40 40 20 00 00
INFO - 8f 3d 88 08 40 27 85 da
INFO - 8f 3d c8 20 40 27 ed fb
INFO - 8f 3d 08 40 40 20 00 fc
INFO - 8f 3f 08 08 40 27 69 d2
INFO - 8f 3f 48 20 40 27 ed fd
INFO - 8f 3f 88 40 40 23 f0 01
INFO - 8f 41 88 08 40 27 49 c6
INFO - 8f 41 c8 20 40 27 f5 fd
INFO - 8f 41 08 40 40 20 04 fd
INFO - 8f 43 08 08 40 27 19 ba
INFO - 8f 43 48 20 40 27 f5 fd
INFO - 8f 43 88 40 40 23 f4 00
INFO - 8f 45 88 08 40 26 e9 ad
INFO - 8f 45 c8 20 40 27 f5 ff
INFO - 8f 45 08 40 40 20 00 00
INFO - 8f 47 08 08 40 26 b5 8e
INFO - 8f 47 48 20 40 27 fd ff
INFO - 8f 47 88 40 40 20 00 00
INFO - 8f 49 88 08 40 06 39 8e
INFO - 8f 49 c8 20 40 07 fd ff
INFO - 8f 49 08 40 40 00 00 b1
INFO - 8f a3 48 08 40 28 46 11
INFO - 8f a3 88 20 40 27 f5 fd
INFO - 8f a3 c8 40 40 22 c4 4b
INFO - 8f a5 c8 08 40 28 46 11
INFO - 8f a5 08 20 40 27 f5 ff
INFO - 8f a5 48 40 40 21 2c 01
INFO - 8f a7 48 08 40 28 46 11
INFO - 8f a7 88 20 40 27 fd ff
INFO - 8f a7 c8 40 40 20 04 00
INFO - 8f a9 c8 08 40 18 46 11
INFO - 8f a9 08 20 40 17 fd ff
INFO - 8f a9 48 40 40 10 00 00
INFO - 8f aa 48 08 40 38 46 11
INFO - 8f aa 88 20 40 37 fd ff
INFO - 8f aa c8 40 40 30 00 fd
INFO - 8f ad c8 08 40 18 46 11
INFO - 8f ad 08 20 40 17 fd fd
INFO - 8f ad 48 40 40 13 f4 fc
INFO - 8f ae 48 08 40 38 46 11
INFO - 8f ae 88 20 40 37 f5 fd
INFO - 8f ae c8 40 40 33 f0 01
INFO - 8f b1 c8 08 40 28 46 11
INFO - 8f b1 08 20 40 27 f5 fd
INFO - 8f b1 48 40 40 20 04 00
INFO - 8f b3 48 08 40 28 46 11
INFO - 8f b3 88 20 40 27 f5 fd
INFO - 8f b3 c8 40 40 20 00 00
INFO - 8f b5 c8 08 40 28 46 11
INFO - 8f b5 08 20 40 27 f5 fd
INFO - 8f b5 48 40 40 20 00 fc
INFO - 8f b7 48 08 40 28 46 11
INFO - 8f b7 88 20 40 27 f5 fd
INFO - 8f b7 c8 40 40 23 f0 01
INFO - 8f b9 c8 08 40 18 46 11
INFO - 8f b9 08 20 40 17 f5 fd
INFO - 8f b9 48 40 40 10 04 00
INFO - 8f ba 48 08 40 38 45 f8
INFO - 8f ba 88 20 40 37 f5 fd
INFO - 8f ba c8 40 40 30 00 fd
INFO - 8f bd c8 08 40 27 e1 d2
INFO - 8f bd 08 20 40 27 f5 fd
INFO - 8f bd 48 40 40 23 f4 00
INFO - 8f bf 48 08 40 27 49 d2
INFO - 8f bf 88 20 40 27 f5 fb
INFO - 8f bf c8 40 40 20 00 fc
INFO - 8f c1 c8 08 40 27 49 d2
INFO - 8f c1 08 20 40 27 ed fd
INFO - 8f c1 48 40 40 23 f0 01
INFO - 8f c3 48 08 40 27 49 d2
INFO - 8f c3 88 20 40 27 f5 fd
INFO - 8f c3 c8 40 40 20 04 00
INFO - 8f c5 c8 08 40 27 49 d2
INFO - 8f c5 08 20 40 27 f5 fd
INFO - 8f c5 48 40 40 20 00 00
INFO - 8f c7 48 08 40 27 49 d2
INFO - 8f c7 88 20 40 27 f5 fd
INFO - 8f c7 c8 40 40 20 00 00
INFO - 8f c9 c8 08 40 27 49 d2
INFO - 8f c9 08 20 40 27 f5 fd
INFO - 8f c9 48 40 40 20 00 fc
INFO - 8f cb 48 08 40 27 49 d2
INFO - 8f cb 88 20 40 27 f5 fd
INFO - 8f cb c8 40 40 23 f0 01
INFO - 8f cd c8 08 40 27 49 d2
INFO - 8f cd 08 20 40 27 f5 fb
INFO - 8f cd 48 40 40 20 04 00
INFO - 8f cf 48 08 40 27 49 d2
INFO - 8f cf 88 20 40 27 ed fb
INFO - 8f cf c8 40 40 20 00 00
INFO - 8f d1 c8 08 40 27 49 d2
INFO - 8f d1 08 20 40 27 ed fd
INFO - 8f d1 48 40 40 20 00 00
INFO - 8f d3 48 08 40 27 49 d2
INFO - 8f d3 88 20 40 27 f5 fd
INFO - 8f d3 c8 40 40 20 00 fc
INFO - 8f d5 c8 08 40 27 49 d2
INFO - 8f d5 08 20 40 27 f5 fd
INFO - 8f d5 48 40 40 23 f0 01
INFO - 8f d7 48 08 40 27 49 d2
INFO - 8f d7 88 20 40 27 f5 fd
INFO - 8f d7 c8 40 40 20 04 00
INFO - 8f d9 c8 08 40 27 49 d2
INFO - 8f d9 08 20 40 27 f5 fd
INFO - 8f d9 48 40 40 20 00 00
INFO - 8f db 48 08 40 27 49 ed
INFO - 8f db 88 20 40 27 f5 fd
INFO - 8f db c8 40 40 20 00 00
INFO - 8f dd c8 08 40 27 b6 1a
INFO - 8f dd 08 20 40 27 f5 fd
INFO - 8f dd 48 40 40 20 00 00
INFO - 8f df 48 08 40 28 6a 1a
INFO - 8f df 88 20 40 27 f5 fd
INFO - 8f df c8 40 40 20 00 fc
INFO - 8f e1 c8 08 40 28 6a 1a
INFO - 8f e1 08 20 40 27 f5 fd
INFO - 8f e1 48 40 40 23 f0 01
INFO - 8f e3 48 08 40 28 6a 1a
INFO - 8f e3 88 20 40 27 f5 fd
INFO - 8f e3 c8 40 40 20 04 00
INFO - 8f e5 c8 08 40 28 6a 1a
INFO - 8f e5 08 20 40 27 f5 fd
INFO - 8f e5 48 40 40 20 00 fd
INFO - 8f e7 48 08 40 28 6a 1a
INFO - 8f e7 88 20 40 27 f5 fb
INFO - 8f e7 c8 40 40 23 f4 fc
INFO - 8f e9 c8 08 40 28 6a 1a
INFO - 8f e9 08 20 40 27 ed fb
INFO - 8f e9 48 40 40 23 f0 01
INFO - 8f eb 48 08 40 28 6a 1a
INFO - 8f eb 88 20 40 27 ed fb
INFO - 8f eb c8 40 40 20 04 00
INFO - 8f ed c8 08 40 28 6a 1a
INFO - 8f ed 08 20 40 27 ed fb
INFO - 8f ed 48 40 40 20 00 00
INFO - 8f ef 48 08 40 28 6a 1a
INFO - 8f ef 88 20 40 27 ed fd
INFO - 8f ef c8 40 40 20 00 00
INFO - 8f f1 c8 08 40 28 6a 1a
INFO - 8f f1 08 20 40 27 f5 fd
INFO - 8f f1 48 40 40 20 00 fc
INFO - 8f f3 48 08 40 28 6a 1a
INFO - 8f f3 88 20 40 27 f5 fd
INFO - 8f f3 c8 40 40 23 f0 01
INFO - 8f f5 c8 08 40 28 6a 1a
INFO - 8f f5 08 20 40 27 f5 fb
INFO - 8f f5 48 40 40 20 04 00
INFO - 8f f7 48 08 40 28 6a 1a
INFO - 8f f7 88 20 40 27 ed fb
INFO - 8f f7 c8 40 40 20 00 00
INFO - 8f f9 c8 08 40 28 6a 0b
INFO - 8f f9 08 20 40 27 ed fd
INFO - 8f f9 48 40 40 20 00 fc
INFO - af fb 88 40 57 00 00 02
INFO - af fb c8 40 57 00 00 02
INFO - af fb 08 40 57 00 00 02
INFO - af fb 48 40 57 00 00 02
INFO - 8f fb 48 08 40 28 2d f3
INFO - 8f fb 88 20 40 27 f5 fd
INFO - 8f fb c8 40 40 23 f0 01
INFO - 8f fd c8 08 40 27 cd f3
INFO - 8f fd 08 20 40 27 f5 fd
INFO - 8f fd 48 40 40 20 04 00
INFO - 8f ff 48 08 40 27 cd f3
INFO - 8f ff 88 20 40 27 f5 fb
INFO - 8f ff c8 40 40 20 00 00
INFO - 90 01 c8 08 40 27 cd f3
INFO - 90 01 08 20 40 27 ed fb
INFO - 90 01 48 40 40 20 00 00
INFO - 90 03 48 08 40 27 cd f3
INFO - 90 03 88 20 40 27 ed fb
INFO - 90 03 c8 40 40 20 00 00
INFO - 90 05 c8 08 40 27 cd f3
INFO - 90 05 08 20 40 27 ed fd
INFO - 90 05 48 40 40 20 00 fd
INFO - 90 07 48 08 40 27 cd f3
INFO - 90 07 88 20 40 27 f5 fd
INFO - 90 07 c8 40 40 23 f4 00
INFO - 90 09 c8 08 40 37 cd f3
INFO - 90 09 08 20 40 37 f5 fd
INFO - 90 09 48 40 40 30 00 00
INFO - 90 0c c8 08 40 27 cd f3
INFO - 90 0c 08 20 40 27 f5 fd
INFO - 90 0c 48 40 40 20 00 fd
INFO - 90 0e 48 08 40 27 cd f3
INFO - 90 0e 88 20 40 27 f5 fd
INFO - 90 0e c8 40 40 23 f4 00
INFO - 90 10 c8 08 40 27 cd f3
INFO - 90 10 08 20 40 27 f5 fd
INFO - 90 10 48 40 40 20 00 fc
INFO - 90 12 48 08 40 27 cd f3
INFO - 90 12 88 20 40 27 f5 fd
INFO - 90 12 c8 40 40 23 f0 01
INFO - 90 14 c8 08 40 27 cd f3
INFO - 90 14 08 20 40 27 f5 fd
INFO - 90 14 48 40 40 20 04 00
INFO - 90 16 48 08 40 27 cd ff
INFO - 90 16 88 20 40 27 f5 fb
INFO - 90 16 c8 40 40 20 00 00
INFO - 90 18 c8 08 40 27 fe 13
INFO - 90 18 08 20 40 27 ed fb
INFO - 90 18 48 40 40 20 00 00
INFO - 90 1a 48 08 40 28 4e 13
INFO - 90 1a 88 20 40 27 ed fb
INFO - 90 1a c8 40 40 20 00 fd
INFO - 90 1c c8 08 40 28 4e 13
INFO - 90 1c 08 20 40 27 ed fb
INFO - 90 1c 48 40 40 23 f4 00
INFO - 90 1e 48 08 40 28 4e 13
INFO - 90 1e 88 20 40 27 ed fb
INFO - 90 1e c8 40 40 20 00 00
INFO - 90 20 c8 08 40 28 4e 13
INFO - 90 20 08 20 40 27 ed fb
INFO - 90 20 48 40 40 20 00 00
INFO - 90 22 48 08 40 28 4e 13
INFO - 90 22 88 20 40 27 ed fb
INFO - 90 22 c8 40 40 20 00 fc
INFO - 90 24 c8 08 40 28 4e 13
INFO - 90 24 08 20 40 27 ed fb
INFO - 90 24 48 40 40 23 f0 01
INFO - 90 26 48 08 40 28 4e 13
INFO - 90 26 88 20 40 27 ed fb
INFO - 90 26 c8 40 40 20 04 00
INFO - 90 28 c8 08 40 28 4e 13
INFO - 90 28 08 20 40 27 ed fb
INFO - 90 28 48 40 40 20 00 fc
INFO - 90 2a 48 08 40 28 4e 13
INFO - 90 2a 88 20 40 27 ed fb
INFO - 90 2a c8 40 40 23 f0 01
INFO - 90 2c c8 08 40 28 4e 13
INFO - 90 2c 08 20 40 27 ed fb
INFO - 90 2c 48 40 40 20 04 fd
INFO - 90 2e 48 08 40 28 4e 13
INFO - 90 2e 88 20 40 27 ed fb
INFO - 90 2e c8 40 40 23 f4 00
INFO - 90 30 c8 08 40 28 4e 13
INFO - 90 30 08 20 40 27 ed fd
INFO - 90 30 48 40 40 20 00 fc
INFO - 90 32 48 08 40 28 4e 13
INFO - 90 32 88 20 40 27 f5 fd
INFO - 90 32 c8 40 40 23 f0 01
INFO - 90 34 c8 08 40 28 4e 13
INFO - 90 34 08 20 40 27 f5 fd
INFO - 90 34 48 40 40 20 04 00
INFO - 90 36 48 08 40 28 4e 0d
INFO - 90 36 88 20 40 27 f5 fd
INFO - 90 36 c8 40 40 20 00 fc
INFO - 90 38 c8 08 40 28 36 04
INFO - 90 38 08 20 40 27 f5 fb
INFO - 90 38 48 40 40 23 f0 01
INFO - 90 3a 48 08 40 28 12 04
INFO - 90 3a 88 20 40 27 ed fd
INFO - 90 3a c8 40 40 20 04 00
INFO - 90 3c c8 08 40 28 12 04
INFO - 90 3c 08 20 40 27 f5 fd
INFO - 90 3c 48 40 40 20 00 fc
INFO - 90 3e 48 08 40 28 12 04
INFO - 90 3e 88 20 40 27 f5 ff
INFO - 90 3e c8 40 40 23 f0 01
INFO - 90 40 c8 08 40 28 12 04
INFO - 90 40 08 20 40 27 fd ff
INFO - 90 40 48 40 40 20 04 fd
INFO - 90 42 48 08 40 28 12 04
INFO - 90 42 88 20 40 27 fd fd
INFO - 90 42 c8 40 40 23 f4 fc
INFO - 90 44 c8 08 40 28 12 04
INFO - 90 44 08 20 40 27 f5 fd
INFO - 90 44 48 40 40 23 f0 01
INFO - 90 46 48 08 40 28 12 04
INFO - 90 46 88 20 40 27 f5 fb
INFO - 90 46 c8 40 40 20 04 00
INFO - 90 48 c8 08 40 28 12 04
INFO - 90 48 08 20 40 27 ed fb
INFO - 90 48 48 40 40 20 00 fc
INFO - 90 4a 48 08 40 28 12 04
INFO - 90 4a 88 20 40 27 ed fd
INFO - 90 4a c8 40 40 23 f0 01
INFO - 90 4c c8 08 40 28 12 04
INFO - 90 4c 08 20 40 27 f5 fd
INFO - 90 4c 48 40 40 20 04 00
INFO - 90 4e 48 08 40 28 12 04
INFO - 90 4e 88 20 40 27 f5 ff
INFO - 90 4e c8 40 40 20 00 fc
INFO - 90 50 c8 08 40 28 12 04
INFO - 90 50 08 20 40 27 fd ff
INFO - 90 50 48 40 40 23 f0 01
INFO - 90 52 48 08 40 28 12 04
INFO - 90 52 88 20 40 27 fd ff
INFO - 90 52 c8 40 40 20 04 fc
INFO - 90 54 c8 08 40 28 11 f2
INFO - 90 54 08 20 40 27 fd ff
INFO - 90 54 48 40 40 23 f0 01
INFO - 90 56 48 08 40 27 c9 d9
INFO - 90 56 88 20 40 27 fd ff
INFO - 90 56 c8 40 40 20 04 fc
INFO - 90 58 c8 08 40 27 65 d9
INFO - 90 58 08 20 40 27 fd ff
INFO - 90 58 48 40 40 23 f0 01
INFO - 90 5a 48 08 40 27 65 d9
INFO - 90 5a 88 20 40 27 fd ff
INFO - 90 5a c8 40 40 20 04 fc
INFO - 90 5c c8 08 40 27 65 d9
INFO - 90 5c 08 20 40 27 fd ff
INFO - 90 5c 48 40 40 23 f0 01
INFO - 90 5e 48 08 40 27 65 d9
INFO - 90 5e 88 20 40 27 fd fd
INFO - 90 5e c8 40 40 20 04 fc
INFO - 90 60 c8 08 40 27 65 d9
INFO - 90 60 08 20 40 27 f5 fd
INFO - 90 60 48 40 40 23 f0 00
INFO - 90 62 48 08 40 27 65 d9
INFO - 90 62 88 20 40 27 f5 fd
INFO - 90 62 c8 40 40 20 00 00
INFO - 90 64 c8 08 40 27 65 d9
INFO - 90 64 08 20 40 27 f5 fd
INFO - 90 64 48 40 40 20 00 fc
INFO - 90 66 48 08 40 27 65 d9
INFO - 90 66 88 20 40 27 f5 fd
INFO - 90 66 c8 40 40 23 f0 00
INFO - 90 68 c8 08 40 27 65 d9
INFO - 90 68 08 20 40 27 f5 fd
INFO - 90 68 48 40 40 20 00 01
INFO - 90 6a 48 08 40 27 65 d9
INFO - 90 6a 88 20 40 27 f5 fb
INFO - 90 6a c8 40 40 20 04 fc
INFO - 90 6c c8 08 40 27 65 d9
INFO - 90 6c 08 20 40 27 ed fb
INFO - 90 6c 48 40 40 23 f0 01
INFO - 90 6e 48 08 40 27 65 d9
INFO - 90 6e 88 20 40 27 ed fb
INFO - 90 6e c8 40 40 20 04 fc
INFO - 90 70 c8 08 40 27 65 ce
INFO - 90 70 08 20 40 27 ed fb
INFO - 90 70 48 40 40 23 f0 00
INFO - 90 72 48 08 40 27 39 bd
INFO - 90 72 88 20 40 27 ed fb
INFO - 90 72 c8 40 40 20 00 fd
INFO - 90 74 c8 08 40 26 f5 bd
INFO - 90 74 08 20 40 27 ed fb
INFO - 90 74 48 40 40 23 f4 00
INFO - 90 76 48 08 40 26 f5 bd
INFO - 90 76 88 20 40 27 ed fb
INFO - 90 76 c8 40 40 20 00 01
INFO - 90 78 c8 08 40 26 f5 bd
INFO - 90 78 08 20 40 27 ed fb
INFO - 90 78 48 40 40 20 04 fc
INFO - 90 7a 48 08 40 26 f5 bd
INFO - 90 7a 88 20 40 27 ed fd
INFO - 90 7a c8 40 40 23 f0 00
INFO - 90 7c c8 08 40 26 f5 bd
INFO - 90 7c 08 20 40 27 f5 fd
INFO - 90 7c 48 40 40 20 00 fd
INFO - 90 7e 48 08 40 26 f5 bd
INFO - 90 7e 88 20 40 27 f5 fd
INFO - 90 7e c8 40 40 23 f4 00
INFO - 90 80 c8 08 40 26 f5 bd
INFO - 90 80 08 20 40 27 f5 fd
INFO - 90 80 48 40 40 20 00 01
INFO - 90 82 48 08 40 26 f5 bd
INFO - 90 82 88 20 40 27 f5 fd
INFO - 90 82 c8 40 40 20 04 fc
INFO - 90 84 c8 08 40 26 f5 bd
INFO - 90 84 08 20 40 27 f5 fd
INFO - 90 84 48 40 40 23 f0 00
INFO - 90 86 48 08 40 26 f5 bd
INFO - 90 86 88 20 40 27 f5 fd
INFO - 90 86 c8 40 40 20 00 00
INFO - 90 88 c8 08 40 26 f5 bd
INFO - 90 88 08 20 40 27 f5 fd
INFO - 90 88 48 40 40 20 00 00
INFO - 90 8a 48 08 40 26 f5 bd
INFO - 90 8a 88 20 40 27 f5 fb
INFO - 90 8a c8 40 40 20 00 01
INFO - 90 8c c8 08 40 26 f5 bd
INFO - 90 8c 08 20 40 27 ed fb
INFO - 90 8c 48 40 40 20 04 fc
INFO - 90 8e 48 08 40 26 f5 bd
INFO - 90 8e 88 20 40 27 ed fb
INFO - 90 8e c8 40 40 23 f0 fd
INFO - 90 90 c8 08 40 26 f5 cb
INFO - 90 90 08 20 40 27 ed fb
INFO - 90 90 48 40 40 23 f4 00
INFO - 90 92 48 08 40 27 2d ec
INFO - 90 92 88 20 40 27 ed fb
INFO - 90 92 c8 40 40 20 00 00
INFO - 90 94 c8 08 40 27 b1 ec
INFO - 90 94 08 20 40 27 ed fb
INFO - 90 94 48 40 40 20 00 01
INFO - 90 96 48 08 40 27 b1 ec
INFO - 90 96 88 20 40 27 ed fb
INFO - 90 96 c8 40 40 20 04 fc
INFO - 90 98 c8 08 40 27 b1 ec
INFO - 90 98 08 20 40 27 ed fd
INFO - 90 98 48 40 40 23 f0 00
INFO - 90 9a 48 08 40 27 b1 ec
INFO - 90 9a 88 20 40 27 f5 fd
INFO - 90 9a c8 40 40 20 00 00
INFO - 90 9c c8 08 40 27 b1 ec
INFO - 90 9c 08 20 40 27 f5 ff
INFO - 90 9c 48 40 40 20 00 fd
INFO - 90 9e 48 08 40 27 b1 ec
INFO - 90 9e 88 20 40 27 fd ff
INFO - 90 9e c8 40 40 23 f4 01
INFO - 90 a0 c8 08 40 27 b1 ec
INFO - 90 a0 08 20 40 27 fd ff
INFO - 90 a0 48 40 40 20 04 fc
INFO - 90 a2 48 08 40 27 b1 ec
INFO - 90 a2 88 20 40 27 fd ff
INFO - 90 a2 c8 40 40 23 f0 00
INFO - 90 a4 c8 08 40 27 b1 ec
INFO - 90 a4 08 20 40 27 fd fd
INFO - 90 a4 48 40 40 20 00 00
INFO - 90 a6 48 08 40 27 b1 ec
INFO - 90 a6 88 20 40 27 f5 fb
INFO - 90 a6 c8 40 40 20 00 00
INFO - 90 a8 c8 08 40 27 b1 ec
INFO - 90 a8 08 20 40 27 ed fb
INFO - 90 a8 48 40 40 20 00 00
INFO - 90 aa 48 08 40 27 b1 ec
INFO - 90 aa 88 20 40 27 ed fb
INFO - 90 aa c8 40 40 20 00 fd
INFO - 90 ac c8 08 40 27 b1 ec
INFO - 90 ac 08 20 40 27 ed fb
INFO - 90 ac 48 40 40 23 f4 00
INFO - 90 ae 48 08 40 27 b1 e7
INFO - 90 ae 88 20 40 27 ed fb
INFO - 90 ae c8 40 40 20 00 00
INFO - 90 b0 c8 08 40 27 9d d9
INFO - 90 b0 08 20 40 27 ed f9
INFO - 90 b0 48 40 40 20 00 00
INFO - 90 b2 48 08 40 27 65 d9
INFO - 90 b2 88 20 40 27 e5 fb
INFO - 90 b2 c8 40 40 20 00 00
INFO - 90 b4 c8 08 40 27 65 d9
INFO - 90 b4 08 20 40 27 ed fb
INFO - 90 b4 48 40 40 20 00 00
INFO - 90 b6 48 08 40 27 65 d9
INFO - 90 b6 88 20 40 27 ed fb
INFO - 90 b6 c8 40 40 20 00 01
INFO - 90 b8 c8 08 40 27 65 d9
INFO - 90 b8 08 20 40 27 ed fb
INFO - 90 b8 48 40 40 20 04 fc
INFO - 90 ba 48 08 40 27 65 d9
INFO - 90 ba 88 20 40 27 ed fd
INFO - 90 ba c8 40 40 23 f0 00
INFO - 90 bc c8 08 40 27 65 d9
INFO - 90 bc 08 20 40 27 f5 fd
INFO - 90 bc 48 40 40 20 00 00
INFO - 90 be 48 08 40 27 65 d9
INFO - 90 be 88 20 40 27 f5 fd
INFO - 90 be c8 40 40 20 00 00
INFO - 90 c0 c8 08 40 27 65 d9
INFO - 90 c0 08 20 40 27 f5 fd
INFO - 90 c0 48 40 40 20 00 fd
INFO - 90 c2 48 08 40 27 65 d9
INFO - 90 c2 88 20 40 27 f5 fd
INFO - 90 c2 c8 40 40 23 f4 00
INFO - 90 c4 c8 08 40 27 65 d9
INFO - 90 c4 08 20 40 27 f5 fd
INFO - 90 c4 48 40 40 20 00 00
INFO - 90 c6 48 08 40 27 65 d9
INFO - 90 c6 88 20 40 27 f5 fd
INFO - 90 c6 c8 40 40 20 00 fc
INFO - 90 c8 c8 08 40 27 65 d9
INFO - 90 c8 08 20 40 27 f5 fd
INFO - 90 c8 48 40 40 23 f0 01
INFO - 90 ca 48 08 40 27 65 ec
INFO - 90 ca 88 20 40 27 f5 fd
INFO - 90 ca c8 40 40 20 04 fd
INFO - 90 cc c8 08 40 27 b2 0b
INFO - 90 cc 08 20 40 27 f5 fb
INFO - 90 cc 48 40 40 23 f4 00
INFO - 90 ce 48 08 40 28 2e 0b
INFO - 90 ce 88 20 40 27 ed fb
INFO - 90 ce c8 40 40 20 00 00
INFO - 90 d0 c8 08 40 28 2e 0b
INFO - 90 d0 08 20 40 27 ed fb
INFO - 90 d0 48 40 40 20 00 00
INFO - 90 d2 48 08 40 28 2e 0b
INFO - 90 d2 88 20 40 27 ed fb
INFO - 90 d2 c8 40 40 20 00 fc
INFO - 90 d4 c8 08 40 28 2e 0b
INFO - 90 d4 08 20 40 27 ed fb
INFO - 90 d4 48 40 40 23 f0 01
INFO - 90 d6 48 08 40 28 2e 0b
INFO - 90 d6 88 20 40 27 ed fd
INFO - 90 d6 c8 40 40 20 04 00
INFO - 90 d8 c8 08 40 28 2e 0b
INFO - 90 d8 08 20 40 27 f5 fd
INFO - 90 d8 48 40 40 20 00 00
INFO - 90 da 48 08 40 28 2e 0b
INFO - 90 da 88 20 40 27 f5 ff
INFO - 90 da c8 40 40 20 00 fd
INFO - 90 dc c8 08 40 28 2e 0b
INFO - 90 dc 08 20 40 27 fd ff
INFO - 90 dc 48 40 40 23 f4 00
INFO - 90 de 48 08 40 28 2e 0b
INFO - 90 de 88 20 40 27 fd ff
INFO - 90 de c8 40 40 20 00 00
INFO - 90 e0 c8 08 40 28 2e 0b
INFO - 90 e0 08 20 40 27 fd fd
INFO - 90 e0 48 40 40 20 00 fc
INFO - 90 e2 48 08 40 28 2e 0b
INFO - 90 e2 88 20 40 27 f5 fd
INFO - 90 e2 c8 40 40 23 f0 01
INFO - 90 e4 c8 08 40 28 2e 0b
INFO - 90 e4 08 20 40 27 f5 fd
INFO - 90 e4 48 40 40 20 04 00
INFO - 90 e6 48 08 40 28 2e 0b
INFO - 90 e6 88 20 40 27 f5 fd
INFO - 90 e6 c8 40 40 20 00 fd
INFO - 90 e8 c8 08 40 28 2e 0b
INFO - 90 e8 08 20 40 27 f5 fd
INFO - 90 e8 48 40 40 23 f4 00
INFO - 90 ea 48 08 40 28 2d f8
INFO - 90 ea 88 20 40 27 f5 fd
INFO - 90 ea c8 40 40 20 00 fc
INFO - 90 ec c8 08 40 27 e1 d9
INFO - 90 ec 08 20 40 27 f5 fd
INFO - 90 ec 48 40 40 23 f0 00
INFO - 90 ee 48 08 40 27 65 d9
INFO - 90 ee 88 20 40 27 f5 fd
INFO - 90 ee c8 40 40 20 00 fd
INFO - 90 f0 c8 08 40 27 65 d9
INFO - 90 f0 08 20 40 27 f5 fd
INFO - 90 f0 48 40 40 23 f4 01
INFO - 90 f2 48 08 40 27 65 d9
INFO - 90 f2 88 20 40 27 f5 fd
INFO - 90 f2 c8 40 40 20 04 fd
INFO - 90 f4 c8 08 40 27 65 d9
INFO - 90 f4 08 20 40 27 f5 fd
INFO - 90 f4 48 40 40 23 f4 00
INFO - 90 f6 48 08 40 27 65 d9
INFO - 90 f6 88 20 40 27 f5 fd
INFO - 90 f6 c8 40 40 20 00 fc
INFO - 90 f8 c8 08 40 27 65 d9
INFO - 90 f8 08 20 40 27 f5 fd
INFO - 90 f8 48 40 40 23 f0 01
INFO - 90 fa 48 08 40 27 65 d9
INFO - 90 fa 88 20 40 27 f5 fd
INFO - 90 fa c8 40 40 20 04 fd
INFO - 90 fc c8 08 40 27 65 d9
INFO - 90 fc 08 20 40 27 f5 fd
INFO - 90 fc 48 40 40 23 f4 fd
INFO - 90 fe 48 08 40 27 65 d9
INFO - 90 fe 88 20 40 27 f5 fd
INFO - 90 fe c8 40 40 23 f4 01
INFO - 91 00 c8 08 40 27 65 d9
INFO - 91 00 08 20 40 27 f5 fd
INFO - 91 00 48 40 40 20 04 fd
INFO - 91 02 48 08 40 27 65 d9
INFO - 91 02 88 20 40 27 f5 fd
INFO - 91 02 c8 40 40 23 f4 fd
INFO - 91 04 c8 08 40 27 65 d9
INFO - 91 04 08 20 40 27 f5 fd
INFO - 91 04 48 40 40 23 f4 00
INFO - 91 06 48 08 40 27 65 d9
INFO - 91 06 88 20 40 27 f5 fd
INFO - 91 06 c8 40 40 20 00 fd
INFO - 91 08 c8 08 40 27 65 d7
INFO - 91 08 08 20 40 27 f5 fd
INFO - 91 08 48 40 40 23 f4 01
INFO - 91 0a 48 08 40 27 5d d2
INFO - 91 0a 88 20 40 27 f5 fd
INFO - 91 0a c8 40 40 20 04 fd
INFO - 91 0c c8 08 40 27 49 d2
INFO - 91 0c 08 20 40 27 f5 fd
INFO - 91 0c 48 40 40 23 f4 fd
INFO - 91 0e 48 08 40 27 49 d2
INFO - 91 0e 88 20 40 27 f5 fd
INFO - 91 0e c8 40 40 23 f4 00
INFO - 91 10 c8 08 40 27 49 d2
INFO - 91 10 08 20 40 27 f5 fb
INFO - 91 10 48 40 40 20 00 fd
INFO - 91 12 48 08 40 27 49 d2
INFO - 91 12 88 20 40 27 ed fb
INFO - 91 12 c8 40 40 23 f4 00
INFO - 91 14 c8 08 40 27 49 d2
INFO - 91 14 08 20 40 27 ed fd
INFO - 91 14 48 40 40 20 00 fd
INFO - 91 16 48 08 40 27 49 d2
INFO - 91 16 88 20 40 27 f5 fd
INFO - 91 16 c8 40 40 23 f4 00
INFO - 91 18 c8 08 40 27 49 d2
INFO - 91 18 08 20 40 27 f5 fd
INFO - 91 18 48 40 40 20 00 fd
INFO - 91 1a 48 08 40 27 49 d2
INFO - 91 1a 88 20 40 27 f5 fd
INFO - 91 1a c8 40 40 23 f4 00
INFO - 91 1c c8 08 40 27 49 d2
INFO - 91 1c 08 20 40 27 f5 fd
INFO - 91 1c 48 40 40 20 00 fd
INFO - 91 1e 48 08 40 27 49 d2
INFO - 91 1e 88 20 40 27 f5 fd
INFO - 91 1e c8 40 40 23 f4 fd
INFO - 91 20 c8 08 40 27 49 d2
INFO - 91 20 08 20 40 27 f5 fd
INFO - 91 20 48 40 40 23 f4 01
INFO - 91 22 48 08 40 27 49 d2
INFO - 91 22 88 20 40 27 f5 fd
INFO - 91 22 c8 40 40 20 04 fc
INFO - 91 24 c8 08 40 27 49 d2
INFO - 91 24 08 20 40 27 f5 ff
INFO - 91 24 48 40 40 23 f0 01
INFO - 91 26 48 08 40 27 49 d6
INFO - 91 26 88 20 40 27 fd ff
INFO - 91 26 c8 40 40 20 04 fc
INFO - 91 28 c8 08 40 27 59 dd
INFO - 91 28 08 20 40 27 fd ff
INFO - 91 28 48 40 40 23 f0 00
INFO - 91 2a 48 08 40 27 75 dd
INFO - 91 2a 88 20 40 27 fd ff
INFO - 91 2a c8 40 40 20 00 00
INFO - 91 2c c8 08 40 27 75 dd
INFO - 91 2c 08 20 40 27 fd ff
INFO - 91 2c 48 40 40 20 00 fd
INFO - 91 2e 48 08 40 27 75 dd
INFO - 91 2e 88 20 40 27 fd ff
INFO - 91 2e c8 40 40 23 f4 00
INFO - 91 30 c8 08 40 27 75 dd
INFO - 91 30 08 20 40 27 fe 01
INFO - 91 30 48 40 40 20 00 fd
INFO - 91 32 48 08 40 27 75 dd
INFO - 91 32 88 20 40 28 06 01
INFO - 91 32 c8 40 40 23 f4 fd
INFO - 91 34 c8 08 40 27 75 dd
INFO - 91 34 08 20 40 28 05 ff
INFO - 91 34 48 40 40 23 f4 01
INFO - 91 36 48 08 40 27 75 dd
INFO - 91 36 88 20 40 27 fd ff
INFO - 91 36 c8 40 40 20 04 fc
INFO - 91 38 c8 08 40 27 75 dd
INFO - 91 38 08 20 40 27 fd ff
INFO - 91 38 48 40 40 23 f0 00
INFO - 91 3a 48 08 40 27 75 dd
INFO - 91 3a 88 20 40 27 fd ff
INFO - 91 3a c8 40 40 20 00 fd
INFO - 91 3c c8 08 40 27 75 dd
INFO - 91 3c 08 20 40 27 fd ff
INFO - 91 3c 48 40 40 23 f4 01
INFO - 91 3e 48 08 40 27 75 dd
INFO - 91 3e 88 20 40 27 fd ff
INFO - 91 3e c8 40 40 20 04 fc
INFO - 91 40 c8 08 40 27 75 dd
INFO - 91 40 08 20 40 27 fd ff
INFO - 91 40 48 40 40 23 f0 00
INFO - 91 42 48 08 40 27 75 dd
INFO - 91 42 88 20 40 27 fd ff
INFO - 91 42 c8 40 40 20 00 00
INFO - 91 44 c8 08 40 27 75 e0
INFO - 91 44 08 20 40 27 fd ff
INFO - 91 44 48 40 40 20 00 fd
INFO - 91 46 48 08 40 27 81 e4
INFO - 91 46 88 20 40 27 fd ff
INFO - 91 46 c8 40 40 23 f4 fd
INFO - 91 48 c8 08 40 27 91 e4
INFO - 91 48 08 20 40 27 fd ff
INFO - 91 48 48 40 40 23 f4 00
INFO - 91 4a 48 08 40 27 91 e4
INFO - 91 4a 88 20 40 27 fd ff
INFO - 91 4a c8 40 40 20 00 00
INFO - 91 4c c8 08 40 27 91 e4
INFO - 91 4c 08 20 40 27 fd ff
INFO - 91 4c 48 40 40 20 00 fd
INFO - 91 4e 48 08 40 27 91 e4
INFO - 91 4e 88 20 40 27 fd fd
INFO - 91 4e c8 40 40 23 f4 01
INFO - 91 50 c8 08 40 27 91 e4
INFO - 91 50 08 20 40 27 f5 fd
INFO - 91 50 48 40 40 20 04 fc
INFO - 91 52 48 08 40 27 91 e4
INFO - 91 52 88 20 40 27 f5 ff
INFO - 91 52 c8 40 40 23 f0 00
INFO - 91 54 c8 08 40 27 91 e4
INFO - 91 54 08 20 40 27 fd ff
INFO - 91 54 48 40 40 20 00 00
INFO - 91 56 48 08 40 27 91 e4
INFO - 91 56 88 20 40 27 fd ff
INFO - 91 56 c8 40 40 20 00 fd
INFO - 91 58 c8 08 40 27 91 e4
INFO - 91 58 08 20 40 27 fd ff
INFO - 91 58 48 40 40 23 f4 00
INFO - 91 5a 48 08 40 27 91 e4
INFO - 91 5a 88 20 40 27 fd ff
INFO - 91 5a c8 40 40 20 00 00
INFO - 91 5c c8 08 40 27 91 e4
INFO - 91 5c 08 20 40 27 fd ff
INFO - 91 5c 48 40 40 20 00 fd
INFO - 91 5e 48 08 40 27 91 e4
INFO - 91 5e 88 20 40 27 fd ff
INFO - 91 5e c8 40 40 23 f4 fd
INFO - 91 60 c8 08 40 27 91 e4
INFO - 91 60 08 20 40 27 fd ff
INFO - 91 60 48 40 40 23 f4 00
INFO - 91 62 48 08 40 27 91 e7
INFO - 91 62 88 20 40 27 fd ff
INFO - 91 62 c8 40 40 20 00 fd
INFO - 91 64 c8 08 40 27 9d ee
INFO - 91 64 08 20 40 27 fd ff
INFO - 91 64 48 40 40 23 f4 00
INFO - 91 66 48 08 40 27 b9 ee
INFO - 91 66 88 20 40 27 fd ff
INFO - 91 66 c8 40 40 20 00 00
INFO - 91 68 c8 08 40 27 b9 ee
INFO - 91 68 08 20 40 27 fd ff
INFO - 91 68 48 40 40 20 00 fd
INFO - 91 6a 48 08 40 27 b9 ee
INFO - 91 6a 88 20 40 27 fd ff
INFO - 91 6a c8 40 40 23 f4 fd
INFO - 91 6c c8 08 40 27 b9 ee
INFO - 91 6c 08 20 40 27 fd ff
INFO - 91 6c 48 40 40 23 f4 00
INFO - 91 6e 48 08 40 27 b9 ee
INFO - 91 6e 88 20 40 27 fd ff
INFO - 91 6e c8 40 40 20 00 fd
INFO - 91 70 c8 08 40 27 b9 ee
INFO - 91 70 08 20 40 27 fd ff
INFO - 91 70 48 40 40 23 f4 00
INFO - 91 72 48 08 40 27 b9 ee
INFO - 91 72 88 20 40 27 fd ff
INFO - 91 72 c8 40 40 20 00 00
INFO - 91 74 c8 08 40 27 b9 ee
INFO - 91 74 08 20 40 27 fd ff
INFO - 91 74 48 40 40 20 00 fd
INFO - 91 76 48 08 40 27 b9 ee
INFO - 91 76 88 20 40 27 fd ff
INFO - 91 76 c8 40 40 23 f4 00
INFO - 91 78 c8 08 40 27 b9 ee
INFO - 91 78 08 20 40 27 fd ff
INFO - 91 78 48 40 40 20 00 fd
INFO - 91 7a 48 08 40 27 b9 ee
INFO - 91 7a 88 20 40 27 fd ff
INFO - 91 7a c8 40 40 23 f4 00
INFO - 91 7c c8 08 40 27 b9 ee
INFO - 91 7c 08 20 40 27 fd ff
INFO - 91 7c 48 40 40 20 00 00
INFO - 91 7e 48 08 40 27 b9 ee
INFO - 91 7e 88 20 40 27 fd ff
INFO - 91 7e c8 40 40 20 00 fd
INFO - 91 80 c8 08 40 27 b9 f0
INFO - 91 80 08 20 40 27 fd ff
INFO - 91 80 48 40 40 23 f4 00
INFO - 91 82 48 08 40 27 c1 f3
INFO - 91 82 88 20 40 27 fd ff
INFO - 91 82 c8 40 40 20 00 fd
INFO - 91 84 c8 08 40 27 cd f3
INFO - 91 84 08 20 40 27 fd ff
INFO - 91 84 48 40 40 23 f4 00
INFO - 91 86 48 08 40 27 cd f3
INFO - 91 86 88 20 40 27 fd ff
INFO - 91 86 c8 40 40 20 00 fd
INFO - 91 88 c8 08 40 27 cd f3
INFO - 91 88 08 20 40 27 fd ff
INFO - 91 88 48 40 40 23 f4 00
INFO - 91 8a 48 08 40 27 cd f3
INFO - 91 8a 88 20 40 27 fd ff
INFO - 91 8a c8 40 40 20 00 fd
INFO - 91 8c c8 08 40 27 cd f3
INFO - 91 8c 08 20 40 27 fd ff
INFO - 91 8c 48 40 40 23 f4 00
INFO - 91 8e 48 08 40 27 cd f3
INFO - 91 8e 88 20 40 27 fd ff
INFO - 91 8e c8 40 40 20 00 00
INFO - 91 90 c8 08 40 27 cd f3
INFO - 91 90 08 20 40 27 fd ff
INFO - 91 90 48 40 40 20 00 fc
INFO - 91 92 48 08 40 27 cd f3
INFO - 91 92 88 20 40 27 fd ff
INFO - 91 92 c8 40 40 23 f0 01
INFO - 91 94 c8 08 40 27 cd f3
INFO - 91 94 08 20 40 27 fd ff
INFO - 91 94 48 40 40 20 04 00
INFO - 91 96 48 08 40 27 cd f3
INFO - 91 96 88 20 40 27 fd ff
INFO - 91 96 c8 40 40 20 00 fd
INFO - 91 98 c8 08 40 27 cd f3
INFO - 91 98 08 20 40 27 fd ff
INFO - 91 98 48 40 40 23 f4 00
INFO - 91 9a 48 08 40 27 cd f3
INFO - 91 9a 88 20 40 27 fd ff
INFO - 91 9a c8 40 40 20 00 00
INFO - 91 9c c8 08 40 27 cd f3
INFO - 91 9c 08 20 40 27 fd ff
INFO - 91 9c 48 40 40 20 00 fd
INFO - 91 9e 48 08 40 27 cd f3
INFO - 91 9e 88 20 40 27 fd ff
INFO - 91 9e c8 40 40 23 f4 00
INFO - 91 a0 c8 08 40 27 cd f3
INFO - 91 a0 08 20 40 27 fd ff
INFO - 91 a0 48 40 40 20 00 fd
INFO - 91 a2 48 08 40 27 cd f5
INFO - 91 a2 88 20 40 27 fd ff
INFO - 91 a2 c8 40 40 23 f4 00
INFO - 91 a4 c8 08 40 27 d5 f5
INFO - 91 a4 08 20 40 27 fd ff
INFO - 91 a4 48 40 40 20 00 00
INFO - 91 a6 48 08 40 27 d5 f5
INFO - 91 a6 88 20 40 27 fd ff
INFO - 91 a6 c8 40 40 20 00 fc
INFO - 91 a8 c8 08 40 27 d5 f5
INFO - 91 a8 08 20 40 27 fd ff
INFO - 91 a8 48 40 40 23 f0 01
INFO - 91 aa 48 08 40 27 d5 f5
INFO - 91 aa 88 20 40 27 fd ff
INFO - 91 aa c8 40 40 20 04 fd
INFO - 91 ac c8 08 40 27 d5 f5
INFO - 91 ac 08 20 40 27 fd ff
INFO - 91 ac 48 40 40 23 f4 00
INFO - 91 ae 48 08 40 27 d5 f5
INFO - 91 ae 88 20 40 27 fd ff
INFO - 91 ae c8 40 40 20 00 fd
INFO - 91 b0 c8 08 40 27 d5 f5
INFO - 91 b0 08 20 40 27 fd ff
INFO - 91 b0 48 40 40 23 f4 00
INFO - 91 b2 48 08 40 27 d5 f5
INFO - 91 b2 88 20 40 27 fd ff
INFO - 91 b2 c8 40 40 20 00 00
INFO - 91 b4 c8 08 40 27 d5 f5
INFO - 91 b4 08 20 40 27 fd ff
INFO - 91 b4 48 40 40 20 00 fd
INFO - 91 b6 48 08 40 27 d5 f5
INFO - 91 b6 88 20 40 27 fd ff
INFO - 91 b6 c8 40 40 23 f4 00
INFO - 91 b8 c8 08 40 27 d5 f5
INFO - 91 b8 08 20 40 27 fe 01
INFO - 91 b8 48 40 40 20 00 00
INFO - 91 ba 48 08 40 27 d5 f5
INFO - 91 ba 88 20 40 28 06 01
INFO - 91 ba c8 40 40 20 00 fc
INFO - 91 bc c8 08 40 27 d5 ef
INFO - 91 bc 08 20 40 28 06 01
INFO - 91 bc 48 40 40 23 f0 01
INFO - 91 be 48 08 40 27 bd e4
INFO - 91 be 88 20 40 28 06 01
INFO - 91 be c8 40 40 20 04 fd
INFO - 91 c0 c8 08 40 27 91 e4
INFO - 91 c0 08 20 40 28 06 01
INFO - 91 c0 48 40 40 23 f4 fc
INFO - 91 c2 48 08 40 27 91 e4
INFO - 91 c2 88 20 40 28 06 01
INFO - 91 c2 c8 40 40 23 f0 01
INFO - 91 c4 c8 08 40 27 91 e4
INFO - 91 c4 08 20 40 28 06 01
INFO - 91 c4 48 40 40 20 04 fd
INFO - 91 c6 48 08 40 27 91 e4
INFO - 91 c6 88 20 40 28 06 01
INFO - 91 c6 c8 40 40 23 f4 fc
INFO - 91 c8 c8 08 40 27 91 e4
INFO - 91 c8 08 20 40 28 06 01
INFO - 91 c8 48 40 40 23 f0 01
INFO - 91 ca 48 08 40 27 91 e4
INFO - 91 ca 88 20 40 28 06 01
INFO - 91 ca c8 40 40 20 04 fd
INFO - 91 cc c8 08 40 27 91 e4
INFO - 91 cc 08 20 40 28 06 01
INFO - 91 cc 48 40 40 23 f4 fc
INFO - 91 ce 48 08 40 27 91 e4
INFO - 91 ce 88 20 40 28 06 01
INFO - 91 ce c8 40 40 23 f0 00
INFO - 91 d0 c8 08 40 27 91 e4
INFO - 91 d0 08 20 40 28 06 01
INFO - 91 d0 48 40 40 20 00 01
INFO - 91 d2 48 08 40 27 91 e4
INFO - 91 d2 88 20 40 28 06 01
INFO - 91 d2 c8 40 40 20 04 fc
INFO - 91 d4 c8 08 40 27 91 e4
INFO - 91 d4 08 20 40 28 06 01
INFO - 91 d4 48 40 40 23 f0 01
INFO - 91 d6 48 08 40 27 91 e4
INFO - 91 d6 88 20 40 28 06 03
INFO - 91 d6 c8 40 40 20 04 fc
INFO - 91 d8 c8 08 40 27 91 e4
INFO - 91 d8 08 20 40 28 0e 01
INFO - 91 d8 48 40 40 23 f0 01
INFO - 91 da 48 08 40 27 91 e4
INFO - 91 da 88 20 40 28 06 01
INFO - 91 da c8 40 40 20 04 fc
INFO - 91 dc c8 08 40 27 91 e4
INFO - 91 dc 08 20 40 28 05 ff
INFO - 91 dc 48 40 40 23 f0 01
INFO - 91 de 48 08 40 27 91 e4
INFO - 91 de 88 20 40 27 fd ff
INFO - 91 de c8 40 40 20 04 fc
INFO - 91 e0 c8 08 40 27 91 e4
INFO - 91 e0 08 20 40 27 fd ff
INFO - 91 e0 48 40 40 23 f0 01
INFO - 91 e2 48 08 40 27 91 e4
INFO - 91 e2 88 20 40 27 fe 01
INFO - 91 e2 c8 40 40 20 04 fc
INFO - 91 e4 c8 08 40 27 91 e4
INFO - 91 e4 08 20 40 28 06 01
INFO - 91 e4 48 40 40 23 f0 00
INFO - 91 e6 48 08 40 27 91 e4
INFO - 91 e6 88 20 40 28 06 03
INFO - 91 e6 c8 40 40 20 00 00
INFO - 91 e8 c8 08 40 27 91 e4
INFO - 91 e8 08 20 40 28 0e 03
INFO - 91 e8 48 40 40 20 00 fc
INFO - 91 ea 48 08 40 27 91 e4
INFO - 91 ea 88 20 40 28 0e 03
INFO - 91 ea c8 40 40 23 f0 01
INFO - 91 ec c8 08 40 27 91 e4
INFO - 91 ec 08 20 40 28 0e 03
INFO - 91 ec 48 40 40 20 04 fc
INFO - 91 ee 48 08 40 27 91 e4
INFO - 91 ee 88 20 40 28 0e 03
INFO - 91 ee c8 40 40 23 f0 00
INFO - 91 f0 c8 08 40 27 91 e4
INFO - 91 f0 08 20 40 28 0e 01
INFO - 91 f0 48 40 40 20 00 01
INFO - 91 f2 48 08 40 27 91 e4
INFO - 91 f2 88 20 40 28 06 01
INFO - 91 f2 c8 40 40 20 04 fc
INFO - 91 f4 c8 08 40 27 91 e4
INFO - 91 f4 08 20 40 28 06 01
INFO - 91 f4 48 40 40 23 f0 00
INFO - 91 f6 48 08 40 27 91 e4
INFO - 91 f6 88 20 40 28 05 ff
INFO - 91 f6 c8 40 40 20 00 01
INFO - 91 f8 c8 08 40 27 91 e4
INFO - 91 f8 08 20 40 27 fd ff
INFO - 91 f8 48 40 40 20 04 fc
INFO - 91 fa 48 08 40 27 91 e6
INFO - 91 fa 88 20 40 27 fd ff
INFO - 91 fa c8 40 40 23 f0 00
INFO - 91 fc c8 08 40 47 99 e9
INFO - 91 fc 08 20 40 47 fe 01
INFO - 91 fc 48 40 40 40 00 00
INFO - 92 00 c8 08 40 27 a5 e9
INFO - 92 00 08 20 40 28 06 01
INFO - 92 00 48 40 40 20 00 fd
INFO - 92 02 48 08 40 27 a5 e9
INFO - 92 02 88 20 40 28 06 03
INFO - 92 02 c8 40 40 23 f4 01
INFO - 92 04 c8 08 40 27 a5 e9
INFO - 92 04 08 20 40 28 0e 03
INFO - 92 04 48 40 40 20 04 fd
INFO - 92 06 48 08 40 27 a5 e9
INFO - 92 06 88 20 40 28 0e 03
INFO - 92 06 c8 40 40 23 f4 fd
INFO - 92 08 c8 08 40 27 a5 e9
INFO - 92 08 08 20 40 28 0e 03
INFO - 92 08 48 40 40 23 f4 01
INFO - 92 0a 48 08 40 27 a5 e9
INFO - 92 0a 88 20 40 28 0e 03
INFO - 92 0a c8 40 40 20 04 fc
INFO - 92 0c c8 08 40 27 a5 e9
INFO - 92 0c 08 20 40 28 0e 01
INFO - 92 0c 48 40 40 23 f0 00
INFO - 92 0e 48 08 40 27 a5 e9
INFO - 92 0e 88 20 40 28 06 01
INFO - 92 0e c8 40 40 20 00 00
INFO - 92 10 c8 08 40 27 a5 e9
INFO - 92 10 08 20 40 28 06 01
INFO - 92 10 48 40 40 20 00 00
INFO - 92 12 48 08 40 27 a5 e9
INFO - 92 12 88 20 40 28 06 01
INFO - 92 12 c8 40 40 20 00 00
INFO - 92 14 c8 08 40 27 a5 e9
INFO - 92 14 08 20 40 28 06 01
INFO - 92 14 48 40 40 20 00 01
INFO - 92 16 48 08 40 27 a5 e9
INFO - 92 16 88 20 40 28 06 03
INFO - 92 16 c8 40 40 20 04 fc
INFO - 92 18 c8 08 40 27 a5 e7
INFO - 92 18 08 20 40 28 0e 03
INFO - 92 18 48 40 40 23 f0 00
INFO - 92 1a 48 08 40 27 9d e4
INFO - 92 1a 88 20 40 28 0e 03
INFO - 92 1a c8 40 40 20 00 00
INFO - 92 1c c8 08 40 27 91 e4
INFO - 92 1c 08 20 40 28 0e 03
INFO - 92 1c 48 40 40 20 00 00
INFO - 92 1e 48 08 40 27 91 e4
INFO - 92 1e 88 20 40 28 0e 03
INFO - 92 1e c8 40 40 20 00 00
INFO - 92 20 c8 08 40 27 91 e4
INFO - 92 20 08 20 40 28 0e 03
INFO - 92 20 48 40 40 20 00 00
INFO - 92 22 48 08 40 27 91 e4
INFO - 92 22 88 20 40 28 0e 03
INFO - 92 22 c8 40 40 20 00 00
INFO - 92 24 c8 08 40 27 91 e4
INFO - 92 24 08 20 40 28 0e 01
INFO - 92 24 48 40 40 20 00 00
INFO - 92 26 48 08 40 27 91 e4
INFO - 92 26 88 20 40 28 06 01
INFO - 92 26 c8 40 40 20 00 00
INFO - 92 28 c8 08 40 27 91 e4
INFO - 92 28 08 20 40 28 06 01
INFO - 92 28 48 40 40 20 00 01
INFO - 92 2a 48 08 40 27 91 e4
INFO - 92 2a 88 20 40 28 06 03
INFO - 92 2a c8 40 40 20 04 fc
INFO - 92 2c c8 08 40 27 91 e4
INFO - 92 2c 08 20 40 28 0e 03
INFO - 92 2c 48 40 40 23 f0 00
INFO - 92 2e 48 08 40 27 91 e4
INFO - 92 2e 88 20 40 28 0e 03
INFO - 92 2e c8 40 40 20 00 00
INFO - 92 30 c8 08 40 27 91 e4
INFO - 92 30 08 20 40 28 0e 03
INFO - 92 30 48 40 40 20 00 00
INFO - 92 32 48 08 40 27 91 e4
INFO - 92 32 88 20 40 28 0e 03
INFO - 92 32 c8 40 40 20 00 00
INFO - 92 34 c8 08 40 27 92 01
INFO - 92 34 08 20 40 28 0e 03
INFO - 92 34 48 40 40 20 00 00
INFO - 92 36 48 08 40 28 06 47
INFO - 92 36 88 20 40 28 0e 03
INFO - 92 36 c8 40 40 20 00 fd
INFO - 92 38 c8 08 40 29 1e 47
INFO - 92 38 08 20 40 28 0e 03
INFO - 92 38 48 40 40 23 f4 00
INFO - 92 3a 48 08 40 29 1e 47
INFO - 92 3a 88 20 40 28 0e 03
INFO - 92 3a c8 40 40 20 00 fc
INFO - 92 3c c8 08 40 29 1e 47
INFO - 92 3c 08 20 40 28 0e 03
INFO - 92 3c 48 40 40 23 f0 01
INFO - 92 3e 48 08 40 29 1e 47
INFO - 92 3e 88 20 40 28 0e 01
INFO - 92 3e c8 40 40 20 04 00
INFO - 92 40 c8 08 40 29 1e 47
INFO - 92 40 08 20 40 28 06 01
INFO - 92 40 48 40 40 20 00 00
INFO - 92 42 48 08 40 29 1e 47
INFO - 92 42 88 20 40 28 06 01
INFO - 92 42 c8 40 40 20 00 00
INFO - 92 44 c8 08 40 29 1e 47
INFO - 92 44 08 20 40 28 06 01
INFO - 92 44 48 40 40 20 00 00
INFO - 92 46 48 08 40 29 1e 47
INFO - 92 46 88 20 40 28 06 01
INFO - 92 46 c8 40 40 20 00 00
INFO - 92 48 c8 08 40 29 1e 47
INFO - 92 48 08 20 40 28 06 03
INFO - 92 48 48 40 40 20 00 00
INFO - 92 4a 48 08 40 29 1e 47
INFO - 92 4a 88 20 40 28 0e 03
INFO - 92 4a c8 40 40 20 00 00
INFO - 92 4c c8 08 40 29 1e 47
INFO - 92 4c 08 20 40 28 0e 01
INFO - 92 4c 48 40 40 20 00 fc
INFO - 92 4e 48 08 40 29 1e 47
INFO - 92 4e 88 20 40 28 06 01
INFO - 92 4e c8 40 40 23 f0 01
INFO - 92 50 c8 08 40 29 1e 47
INFO - 92 50 08 20 40 28 06 01
INFO - 92 50 48 40 40 20 04 00
INFO - 92 52 48 08 40 29 1e 47
INFO - 92 52 88 20 40 28 06 01
INFO - 92 52 c8 40 40 20 00 00
INFO - 92 54 c8 08 40 29 1e 34
INFO - 92 54 08 20 40 28 06 01
INFO - 92 54 48 40 40 20 00 00
INFO - 92 56 48 08 40 28 d1 eb
INFO - 92 56 88 20 40 28 06 01
INFO - 92 56 c8 40 40 20 00 00
INFO - 92 58 c8 08 40 27 ad eb
INFO - 92 58 08 20 40 28 06 03
INFO - 92 58 48 40 40 20 00 00
INFO - 92 5a 48 08 40 27 ad eb
INFO - 92 5a 88 20 40 28 0e 03
INFO - 92 5a c8 40 40 20 00 00
INFO - 92 5c c8 08 40 27 ad eb
INFO - 92 5c 08 20 40 28 0e 03
INFO - 92 5c 48 40 40 20 00 00
INFO - 92 5e 48 08 40 27 ad eb
INFO - 92 5e 88 20 40 28 0e 03
INFO - 92 5e c8 40 40 20 00 fc
INFO - 92 60 c8 08 40 27 ad eb
INFO - 92 60 08 20 40 28 0e 03
INFO - 92 60 48 40 40 23 f0 01
INFO - 92 62 48 08 40 27 ad eb
INFO - 92 62 88 20 40 28 0e 03
INFO - 92 62 c8 40 40 20 04 00
INFO - 92 64 c8 08 40 27 ad eb
INFO - 92 64 08 20 40 28 0e 03
INFO - 92 64 48 40 40 20 00 00
INFO - 92 66 48 08 40 27 ad eb
INFO - 92 66 88 20 40 28 0e 03
INFO - 92 66 c8 40 40 20 00 fc
INFO - 92 68 c8 08 40 27 ad eb
INFO - 92 68 08 20 40 28 0e 03
INFO - 92 68 48 40 40 23 f0 01
INFO - 92 6a 48 08 40 27 ad eb
INFO - 92 6a 88 20 40 28 0e 03
INFO - 92 6a c8 40 40 20 04 00
INFO - 92 6c c8 08 40 27 ad eb
INFO - 92 6c 08 20 40 28 0e 03
INFO - 92 6c 48 40 40 20 00 fc
INFO - 92 6e 48 08 40 27 ad eb
INFO - 92 6e 88 20 40 28 0e 03
INFO - 92 6e c8 40 40 23 f0 01
INFO - 92 70 c8 08 40 27 ad eb
INFO - 92 70 08 20 40 28 0e 03
INFO - 92 70 48 40 40 20 04 fd
INFO - 92 72 48 08 40 27 ad ea
INFO - 92 72 88 20 40 28 0e 05
INFO - 92 72 c8 40 40 23 f4 00
INFO - 92 74 c8 08 40 27 a9 e9
INFO - 92 74 08 20 40 28 16 05
INFO - 92 74 48 40 40 20 00 fc
INFO - 92 76 48 08 40 27 a5 e9
INFO - 92 76 88 20 40 28 16 05
INFO - 92 76 c8 40 40 23 f0 01
INFO - 92 78 c8 08 40 27 a5 e9
INFO - 92 78 08 20 40 28 16 05
INFO - 92 78 48 40 40 20 04 fc
INFO - 92 7a 48 08 40 27 a5 e9
INFO - 92 7a 88 20 40 28 16 05
INFO - 92 7a c8 40 40 23 f0 01
INFO - 92 7c c8 08 40 27 a5 e9
INFO - 92 7c 08 20 40 28 16 03
INFO - 92 7c 48 40 40 20 04 00
INFO - 92 7e 48 08 40 27 a5 e9
INFO - 92 7e 88 20 40 28 0e 01
INFO - 92 7e c8 40 40 20 00 fc
INFO - 92 80 c8 08 40 27 a5 e9
INFO - 92 80 08 20 40 28 06 01
INFO - 92 80 48 40 40 23 f0 01
INFO - 92 82 48 08 40 27 a5 e9
INFO - 92 82 88 20 40 28 06 01
INFO - 92 82 c8 40 40 20 04 fc
INFO - 92 84 c8 08 40 27 a5 e9
INFO - 92 84 08 20 40 28 06 03
INFO - 92 84 48 40 40 23 f0 00
INFO - 92 86 48 08 40 27 a5 e9
INFO - 92 86 88 20 40 28 0e 03
INFO - 92 86 c8 40 40 20 00 fd
INFO - 92 88 c8 08 40 27 a5 e9
INFO - 92 88 08 20 40 28 0e 03
INFO - 92 88 48 40 40 23 f4 01
INFO - 92 8a 48 08 40 27 a5 e9
INFO - 92 8a 88 20 40 28 0e 01
INFO - 92 8a c8 40 40 20 04 fc
INFO - 92 8c c8 08 40 27 a5 e9
INFO - 92 8c 08 20 40 28 06 01
INFO - 92 8c 48 40 40 23 f0 01
INFO - 92 8e 48 08 40 27 a5 e9
INFO - 92 8e 88 20 40 28 06 01
INFO - 92 8e c8 40 40 20 04 fc
INFO - 92 90 c8 08 40 27 a5 ec
INFO - 92 90 08 20 40 28 06 01
INFO - 92 90 48 40 40 23 f0 01
INFO - 92 92 48 08 40 27 b1 f6
INFO - 92 92 88 20 40 28 06 03
INFO - 92 92 c8 40 40 20 04 fc
INFO - 92 94 c8 08 40 27 d9 f6
INFO - 92 94 08 20 40 28 0e 03
INFO - 92 94 48 40 40 23 f0 01
INFO - 92 96 48 08 40 27 d9 f6
INFO - 92 96 88 20 40 28 0e 03
INFO - 92 96 c8 40 40 20 04 fc
INFO - 92 98 c8 08 40 27 d9 f6
INFO - 92 98 08 20 40 28 0e 03
INFO - 92 98 48 40 40 23 f0 01
INFO - 92 9a 48 08 40 27 d9 f6
INFO - 92 9a 88 20 40 28 0e 03
INFO - 92 9a c8 40 40 20 04 fc
INFO - 92 9c c8 08 40 27 d9 f6
INFO - 92 9c 08 20 40 28 0e 03
INFO - 92 9c 48 40 40 23 f0 00
INFO - 92 9e 48 08 40 27 d9 f6
INFO - 92 9e 88 20 40 28 0e 03
INFO - 92 9e c8 40 40 20 00 fd
INFO - 92 a0 c8 08 40 27 d9 f6
INFO - 92 a0 08 20 40 28 0e 03
INFO - 92 a0 48 40 40 23 f4 00
INFO - 92 a2 48 08 40 27 d9 f6
INFO - 92 a2 88 20 40 28 0e 03
INFO - 92 a2 c8 40 40 20 00 01
INFO - 92 a4 c8 08 40 27 d9 f6
INFO - 92 a4 08 20 40 28 0e 01
INFO - 92 a4 48 40 40 20 04 fc
INFO - 92 a6 48 08 40 27 d9 f6
INFO - 92 a6 88 20 40 28 06 01
INFO - 92 a6 c8 40 40 23 f0 00
INFO - 92 a8 c8 08 40 27 d9 f6
INFO - 92 a8 08 20 40 28 06 01
INFO - 92 a8 48 40 40 20 00 00
INFO - 92 aa 48 08 40 27 d9 f6
INFO - 92 aa 88 20 40 28 06 01
INFO - 92 aa c8 40 40 20 00 01
INFO - 92 ac c8 08 40 27 d9 f6
INFO - 92 ac 08 20 40 28 06 01
INFO - 92 ac 48 40 40 20 04 fc
INFO - 92 ae 48 08 40 27 d9 f2
INFO - 92 ae 88 20 40 28 06 01
INFO - 92 ae c8 40 40 23 f0 00
INFO - 92 b0 c8 08 40 27 c9 e6
INFO - 92 b0 08 20 40 28 06 03
INFO - 92 b0 48 40 40 20 00 01
INFO - 92 b2 48 08 40 27 99 e6
INFO - 92 b2 88 20 40 28 0e 03
INFO - 92 b2 c8 40 40 20 04 fc
INFO - 92 b4 c8 08 40 27 99 e6
INFO - 92 b4 08 20 40 28 0e 05
INFO - 92 b4 48 40 40 23 f0 01
INFO - 92 b6 48 08 40 27 99 e6
INFO - 92 b6 88 20 40 28 16 05
INFO - 92 b6 c8 40 40 20 04 fc
INFO - 92 b8 c8 08 40 27 99 e6
INFO - 92 b8 08 20 40 28 16 07
INFO - 92 b8 48 40 40 23 f0 00
INFO - 92 ba 48 08 40 27 99 e6
INFO - 92 ba 88 20 40 28 1e 05
INFO - 92 ba c8 40 40 20 00 fd
INFO - 92 bc c8 08 40 27 99 e6
INFO - 92 bc 08 20 40 28 16 05
INFO - 92 bc 48 40 40 23 f4 00
INFO - 92 be 48 08 40 27 99 e6
INFO - 92 be 88 20 40 28 16 01
INFO - 92 be c8 40 40 20 00 01
INFO - 92 c0 c8 08 40 27 99 e6
INFO - 92 c0 08 20 40 28 06 01
INFO - 92 c0 48 40 40 20 04 fc
INFO - 92 c2 48 08 40 27 99 e6
INFO - 92 c2 88 20 40 28 06 01
INFO - 92 c2 c8 40 40 23 f0 00
INFO - 92 c4 c8 08 40 27 99 e6
INFO - 92 c4 08 20 40 28 06 03
INFO - 92 c4 48 40 40 20 00 00
INFO - 92 c6 48 08 40 27 99 e6
INFO - 92 c6 88 20 40 28 0e 03
INFO - 92 c6 c8 40 40 20 00 fd
INFO - 92 c8 c8 08 40 27 99 e6
INFO - 92 c8 08 20 40 28 0e 03
INFO - 92 c8 48 40 40 23 f4 00
INFO - 92 ca 48 08 40 27 99 e6
INFO - 92 ca 88 20 40 28 0e 03
INFO - 92 ca c8 40 40 20 00 00
INFO - 92 cc c8 08 40 27 99 ea
INFO - 92 cc 08 20 40 28 0e 03
INFO - 92 cc 48 40 40 20 00 01
INFO - 92 ce 48 08 40 27 a9 f6
INFO - 92 ce 88 20 40 28 0e 03
INFO - 92 ce c8 40 40 20 04 fc
INFO - 92 d0 c8 08 40 27 d9 f6
INFO - 92 d0 08 20 40 28 0e 03
INFO - 92 d0 48 40 40 23 f0 00
INFO - 92 d2 48 08 40 27 d9 f6
INFO - 92 d2 88 20 40 28 0e 03
INFO - 92 d2 c8 40 40 20 00 00
INFO - 92 d4 c8 08 40 27 d9 f6
INFO - 92 d4 08 20 40 28 0e 03
INFO - 92 d4 48 40 40 20 00 00
INFO - 92 d6 48 08 40 27 d9 f6
INFO - 92 d6 88 20 40 28 0e 03
INFO - 92 d6 c8 40 40 20 00 00
INFO - 92 d8 c8 08 40 27 d9 f6
INFO - 92 d8 08 20 40 28 0e 03
INFO - 92 d8 48 40 40 20 00 00
INFO - 92 da 48 08 40 27 d9 f6
INFO - 92 da 88 20 40 28 0e 03
INFO - 92 da c8 40 40 20 00 fd
INFO - 92 dc c8 08 40 27 d9 f6
INFO - 92 dc 08 20 40 28 0e 03
INFO - 92 dc 48 40 40 23 f4 00
INFO - 92 de 48 08 40 27 d9 f6
INFO - 92 de 88 20 40 28 0e 03
INFO - 92 de c8 40 40 20 00 00
INFO - 92 e0 c8 08 40 27 d9 f6
INFO - 92 e0 08 20 40 28 0e 03
INFO - 92 e0 48 40 40 20 00 00
INFO - 92 e2 48 08 40 27 d9 f6
INFO - 92 e2 88 20 40 28 0e 03
INFO - 92 e2 c8 40 40 20 00 00
INFO - 92 e4 c8 08 40 27 d9 f6
INFO - 92 e4 08 20 40 28 0e 03
INFO - 92 e4 48 40 40 20 00 fd
INFO - 92 e6 48 08 40 27 d9 f6
INFO - 92 e6 88 20 40 28 0e 03
INFO - 92 e6 c8 40 40 23 f4 00
INFO - 92 e8 c8 08 40 27 d9 f6
INFO - 92 e8 08 20 40 28 0e 03
INFO - 92 e8 48 40 40 20 00 00
INFO - 92 ea 48 08 40 27 d9 e5
INFO - 92 ea 88 20 40 28 0e 03
INFO - 92 ea c8 40 40 20 00 00
INFO - 92 ec c8 08 40 27 95 bb
INFO - 92 ec 08 20 40 28 0e 03
INFO - 92 ec 48 40 40 20 00 fd
INFO - 92 ee 48 08 40 26 ed bb
INFO - 92 ee 88 20 40 28 0e 03
INFO - 92 ee c8 40 40 23 f4 00
INFO - 92 f0 c8 08 40 26 ed bb
INFO - 92 f0 08 20 40 28 0e 01
INFO - 92 f0 48 40 40 20 00 00
INFO - 92 f2 48 08 40 26 ed bb
INFO - 92 f2 88 20 40 28 06 01
INFO - 92 f2 c8 40 40 20 00 fd
INFO - 92 f4 c8 08 40 26 ed bb
INFO - 92 f4 08 20 40 28 06 01
INFO - 92 f4 48 40 40 23 f4 00
INFO - 92 f6 48 08 40 26 ed bb
INFO - 92 f6 88 20 40 28 06 03
INFO - 92 f6 c8 40 40 20 00 fc
INFO - 92 f8 c8 08 40 26 ed bb
INFO - 92 f8 08 20 40 28 0e 03
INFO - 92 f8 48 40 40 23 f0 01
INFO - 92 fa 48 08 40 26 ed bb
INFO - 92 fa 88 20 40 28 0e 03
INFO - 92 fa c8 40 40 20 04 00
INFO - 92 fc c8 08 40 26 ed bb
INFO - 92 fc 08 20 40 28 0e 03
INFO - 92 fc 48 40 40 20 00 00
INFO - 92 fe 48 08 40 26 ed bb
INFO - 92 fe 88 20 40 28 0e 01
INFO - 92 fe c8 40 40 20 00 00
INFO - 93 00 c8 08 40 26 ed bb
INFO - 93 00 08 20 40 28 06 01
INFO - 93 00 48 40 40 20 00 fd
INFO - 93 02 48 08 40 26 ed bb
INFO - 93 02 88 20 40 28 06 01
INFO - 93 02 c8 40 40 23 f4 00
INFO - 93 04 c8 08 40 26 ed bb
INFO - 93 04 08 20 40 28 06 03
INFO - 93 04 48 40 40 20 00 00
INFO - 93 06 48 08 40 26 ed bb
INFO - 93 06 88 20 40 28 0e 03
INFO - 93 06 c8 40 40 20 00 fd
INFO - 93 08 c8 08 40 26 ed bb
INFO - 93 08 08 20 40 28 0e 03
INFO - 93 08 48 40 40 23 f4 00
INFO - 93 0a 48 08 40 26 ed c4
INFO - 93 0a 88 20 40 28 0e 03
INFO - 93 0a c8 40 40 20 00 fd
INFO - 93 0c c8 08 40 27 11 f8
INFO - 93 0c 08 20 40 28 0e 03
INFO - 93 0c 48 40 40 23 f4 fd
INFO - 93 0e 48 08 40 27 e1 f8
INFO - 93 0e 88 20 40 28 0e 03
INFO - 93 0e c8 40 40 23 f4 01
INFO - 93 10 c8 08 40 27 e1 f8
INFO - 93 10 08 20 40 28 0e 03
INFO - 93 10 48 40 40 20 04 fd
INFO - 93 12 48 08 40 27 e1 f8
INFO - 93 12 88 20 40 28 0e 03
INFO - 93 12 c8 40 40 23 f4 00
INFO - 93 14 c8 08 40 27 e1 f8
INFO - 93 14 08 20 40 28 0e 03
INFO - 93 14 48 40 40 20 00 00
INFO - 93 16 48 08 40 27 e1 f8
INFO - 93 16 88 20 40 28 0e 03
INFO - 93 16 c8 40 40 20 00 fc
INFO - 93 18 c8 08 40 27 e1 f8
INFO - 93 18 08 20 40 28 0e 03
INFO - 93 18 48 40 40 23 f0 01
INFO - 93 1a 48 08 40 27 e1 f8
INFO - 93 1a 88 20 40 28 0e 03
INFO - 93 1a c8 40 40 20 04 00
INFO - 93 1c c8 08 40 27 e1 f8
INFO - 93 1c 08 20 40 28 0e 01
INFO - 93 1c 48 40 40 20 00 fc
INFO - 93 1e 48 08 40 27 e1 f8
INFO - 93 1e 88 20 40 28 06 01
INFO - 93 1e c8 40 40 23 f0 01
INFO - 93 20 c8 08 40 27 e1 f8
INFO - 93 20 08 20 40 28 06 01
INFO - 93 20 48 40 40 20 04 fd
INFO - 93 22 48 08 40 27 e1 f8
INFO - 93 22 88 20 40 28 06 01
INFO - 93 22 c8 40 40 23 f4 00
INFO - 93 24 c8 08 40 27 e1 f8
INFO - 93 24 08 20 40 28 06 01
INFO - 93 24 48 40 40 20 00 fc
INFO - 93 26 48 08 40 27 e1 f8
INFO - 93 26 88 20 40 28 06 01
INFO - 93 26 c8 40 40 23 f0 01
INFO - 93 28 c8 08 40 27 e1 f9
INFO - 93 28 08 20 40 28 06 03
INFO - 93 28 48 40 40 20 04 00
INFO - 93 2a 48 08 40 27 e5 f9
INFO - 93 2a 88 20 40 28 0e 03
INFO - 93 2a c8 40 40 20 00 fc
INFO - 93 2c c8 08 40 27 e5 f9
INFO - 93 2c 08 20 40 28 0e 03
INFO - 93 2c 48 40 40 23 f0 01
INFO - 93 2e 48 08 40 27 e5 f9
INFO - 93 2e 88 20 40 28 0e 03
INFO - 93 2e c8 40 40 20 04 fd
INFO - 93 30 c8 08 40 27 e5 f9
INFO - 93 30 08 20 40 28 0e 03
INFO - 93 30 48 40 40 23 f4 fd
INFO - 93 32 48 08 40 27 e5 f9
INFO - 93 32 88 20 40 28 0e 03
INFO - 93 32 c8 40 40 23 f4 01
INFO - 93 34 c8 08 40 27 e5 f9
INFO - 93 34 08 20 40 28 0e 03
INFO - 93 34 48 40 40 20 04 fc
INFO - 93 36 48 08 40 27 e5 f9
INFO - 93 36 88 20 40 28 0e 03
INFO - 93 36 c8 40 40 23 f0 01
INFO - 93 38 c8 08 40 27 e5 f9
INFO - 93 38 08 20 40 28 0e 03
INFO - 93 38 48 40 40 20 04 fc
INFO - 93 3a 48 08 40 27 e5 f9
INFO - 93 3a 88 20 40 28 0e 03
INFO - 93 3a c8 40 40 23 f0 01
INFO - 93 3c c8 08 40 27 e5 f9
INFO - 93 3c 08 20 40 28 0e 03
INFO - 93 3c 48 40 40 20 04 fd
INFO - 93 3e 48 08 40 27 e5 f9
INFO - 93 3e 88 20 40 28 0e 03
INFO - 93 3e c8 40 40 23 f4 fd
INFO - 93 40 c8 08 40 27 e5 f9
INFO - 93 40 08 20 40 28 0e 03
INFO - 93 40 48 40 40 23 f4 01
INFO - 93 42 48 08 40 27 e5 f9
INFO - 93 42 88 20 40 28 0e 03
INFO - 93 42 c8 40 40 20 04 fc
INFO - 93 44 c8 08 40 27 e5 f9
INFO - 93 44 08 20 40 28 0e 01
INFO - 93 44 48 40 40 23 f0 01
INFO - 93 46 48 08 40 27 e5 f9
INFO - 93 46 88 20 40 28 06 01
INFO - 93 46 c8 40 40 20 04 fc
INFO - 93 48 c8 08 40 27 e5 f9
INFO - 93 48 08 20 40 28 06 01
INFO - 93 48 48 40 40 23 f0 01
INFO - 93 4a 48 08 40 27 e5 f9
INFO - 93 4a 88 20 40 28 06 01
INFO - 93 4a c8 40 40 20 04 fd
INFO - 93 4c c8 08 40 27 e5 f9
INFO - 93 4c 08 20 40 28 06 03
INFO - 93 4c 48 40 40 23 f4 01
INFO - 93 4e 48 08 40 27 e5 f9
INFO - 93 4e 88 20 40 28 0e 03
INFO - 93 4e c8 40 40 20 04 fd
INFO - 93 50 c8 08 40 27 e5 f9
INFO - 93 50 08 20 40 28 0e 03
INFO - 93 50 48 40 40 23 f4 01
INFO - 93 52 48 08 40 27 e5 f9
INFO - 93 52 88 20 40 28 0e 03
INFO - 93 52 c8 40 40 20 04 fc
INFO - 93 54 c8 08 40 27 e5 f9
INFO - 93 54 08 20 40 28 0e 03
INFO - 93 54 48 40 40 23 f0 01
INFO - 93 56 48 08 40 27 e5 f9
INFO - 93 56 88 20 40 28 0e 03
INFO - 93 56 c8 40 40 20 04 fc
INFO - 93 58 c8 08 40 27 e5 f9
INFO - 93 58 08 20 40 28 0e 03
INFO - 93 58 48 40 40 23 f0 01
INFO - 93 5a 48 08 40 27 e5 f9
INFO - 93 5a 88 20 40 28 0e 03
INFO - 93 5a c8 40 40 20 04 fc
INFO - 93 5c c8 08 40 27 e5 f9
INFO - 93 5c 08 20 40 28 0e 03
INFO - 93 5c 48 40 40 23 f0 fd
INFO - 93 5e 48 08 40 27 e5 f9
INFO - 93 5e 88 20 40 28 0e 03
INFO - 93 5e c8 40 40 23 f4 01
INFO - 93 60 c8 08 40 27 e5 f9
INFO - 93 60 08 20 40 28 0e 05
INFO - 93 60 48 40 40 20 04 fc
INFO - 93 62 48 08 40 27 e5 f9
INFO - 93 62 88 20 40 28 16 05
INFO - 93 62 c8 40 40 23 f0 fd
INFO - 93 64 c8 08 40 27 e5 fd
INFO - 93 64 08 20 40 28 16 03
INFO - 93 64 48 40 40 23 f4 01
INFO - 93 66 48 08 40 27 f6 09
INFO - 93 66 88 20 40 28 0e 03
INFO - 93 66 c8 40 40 20 04 fc
INFO - 93 68 c8 08 40 28 26 09
INFO - 93 68 08 20 40 28 0e 03
INFO - 93 68 48 40 40 23 f0 00
INFO - 93 6a 48 08 40 28 26 09
INFO - 93 6a 88 20 40 28 0e 03
INFO - 93 6a c8 40 40 20 00 00
INFO - 93 6c c8 08 40 28 26 09
INFO - 93 6c 08 20 40 28 0e 01
INFO - 93 6c 48 40 40 20 00 01
INFO - 93 6e 48 08 40 28 26 09
INFO - 93 6e 88 20 40 28 06 01
INFO - 93 6e c8 40 40 20 04 fd
INFO - 93 70 c8 08 40 28 26 09
INFO - 93 70 08 20 40 28 06 01
INFO - 93 70 48 40 40 23 f4 fd
INFO - 93 72 48 08 40 28 26 09
INFO - 93 72 88 20 40 28 06 01
INFO - 93 72 c8 40 40 23 f4 01
INFO - 93 74 c8 08 40 28 26 09
INFO - 93 74 08 20 40 28 06 01
INFO - 93 74 48 40 40 20 04 fc
INFO - 93 76 48 08 40 28 26 09
INFO - 93 76 88 20 40 28 06 01
INFO - 93 76 c8 40 40 23 f0 fd
INFO - 93 78 c8 08 40 28 26 09
INFO - 93 78 08 20 40 28 06 01
INFO - 93 78 48 40 40 23 f4 01
INFO - 93 7a 48 08 40 28 26 09
INFO - 93 7a 88 20 40 28 06 01
INFO - 93 7a c8 40 40 20 04 fc
INFO - 93 7c c8 08 40 28 26 09
INFO - 93 7c 08 20 40 28 06 01
INFO - 93 7c 48 40 40 23 f0 fd
INFO - 93 7e 48 08 40 28 26 09
INFO - 93 7e 88 20 40 28 06 01
INFO - 93 7e c8 40 40 23 f4 00
INFO - 93 80 c8 08 40 28 26 09
INFO - 93 80 08 20 40 28 06 01
INFO - 93 80 48 40 40 20 00 01
INFO - 93 82 48 08 40 28 25 ff
INFO - 93 82 88 20 40 28 06 01
INFO - 93 82 c8 40 40 20 04 fc
INFO - 93 84 c8 08 40 27 fd d8
INFO - 93 84 08 20 40 28 06 01
INFO - 93 84 48 40 40 23 f0 00
INFO - 93 86 48 08 40 27 61 d8
INFO - 93 86 88 20 40 28 06 01
INFO - 93 86 c8 40 40 20 00 01
INFO - 93 88 c8 08 40 27 61 d8
INFO - 93 88 08 20 40 28 06 01
INFO - 93 88 48 40 40 20 04 fc
INFO - 93 8a 48 08 40 27 61 d8
INFO - 93 8a 88 20 40 28 06 01
INFO - 93 8a c8 40 40 23 f0 00
INFO - 93 8c c8 08 40 27 61 d8
INFO - 93 8c 08 20 40 28 06 01
INFO - 93 8c 48 40 40 20 00 fd
INFO - 93 8e 48 08 40 27 61 d8
INFO - 93 8e 88 20 40 28 06 01
INFO - 93 8e c8 40 40 23 f4 01
INFO - 93 90 c8 08 40 27 61 d8
INFO - 93 90 08 20 40 28 06 01
INFO - 93 90 48 40 40 20 04 fc
INFO - 93 92 48 08 40 27 61 d8
INFO - 93 92 88 20 40 28 06 01
INFO - 93 92 c8 40 40 23 f0 00
INFO - 93 94 c8 08 40 27 61 d8
INFO - 93 94 08 20 40 28 06 01
INFO - 93 94 48 40 40 20 00 01
INFO - 93 96 48 08 40 27 61 d8
INFO - 93 96 88 20 40 28 06 01
INFO - 93 96 c8 40 40 20 04 fc
INFO - 93 98 c8 08 40 27 61 d8
INFO - 93 98 08 20 40 28 06 01
INFO - 93 98 48 40 40 23 f0 00
INFO - 93 9a 48 08 40 27 61 d8
INFO - 93 9a 88 20 40 28 06 01
INFO - 93 9a c8 40 40 20 00 fd
INFO - 93 9c c8 08 40 27 61 d8
INFO - 93 9c 08 20 40 28 06 01
INFO - 93 9c 48 40 40 23 f4 00
INFO - 93 9e 48 08 40 27 61 d8
INFO - 93 9e 88 20 40 28 06 01
INFO - 93 9e c8 40 40 20 00 01
INFO - 93 a0 c8 08 40 27 61 d6
INFO - 93 a0 08 20 40 28 06 01
INFO - 93 a0 48 40 40 20 04 fd
INFO - 93 a2 48 08 40 37 59 d6
INFO - 93 a2 88 20 40 38 06 01
INFO - 93 a2 c8 40 40 33 f4 fd
INFO - 93 a5 c8 08 40 17 59 d6
INFO - 93 a5 08 20 40 18 06 01
INFO - 93 a5 48 40 40 13 f4 00
INFO - 93 a6 48 08 40 37 59 d6
INFO - 93 a6 88 20 40 38 06 03
INFO - 93 a6 c8 40 40 30 00 fd
INFO - 93 a9 c8 08 40 17 59 d6
INFO - 93 a9 08 20 40 18 0e 03
INFO - 93 a9 48 40 40 13 f4 00
INFO - 93 aa 48 08 40 37 59 d6
INFO - 93 aa 88 20 40 38 0e 01
INFO - 93 aa c8 40 40 30 00 fd
INFO - 93 ad c8 08 40 17 59 d6
INFO - 93 ad 08 20 40 18 06 01
INFO - 93 ad 48 40 40 13 f4 00
INFO - 93 ae 48 08 40 37 59 d6
INFO - 93 ae 88 20 40 38 06 01
INFO - 93 ae c8 40 40 30 00 fd
INFO - 93 b1 c8 08 40 27 59 d6
INFO - 93 b1 08 20 40 28 06 01
INFO - 93 b1 48 40 40 23 f4 00
INFO - 93 b3 48 08 40 17 59 d6
INFO - 93 b3 88 20 40 18 06 01
INFO - 93 b3 c8 40 40 10 00 01
INFO - 93 b4 c8 08 40 37 59 d6
INFO - 93 b4 08 20 40 38 06 01
INFO - 93 b4 48 40 40 30 04 fc
INFO - 93 b7 48 08 40 17 59 d6
INFO - 93 b7 88 20 40 18 06 01
INFO - 93 b7 c8 40 40 13 f0 fc
INFO - 93 b8 c8 08 40 37 59 d6
INFO - 93 b8 08 20 40 38 06 01
INFO - 93 b8 48 40 40 33 f0 01
INFO - 93 bb 48 08 40 17 59 d6
INFO - 93 bb 88 20 40 18 05 ff
INFO - 93 bb c8 40 40 10 04 00
INFO - 93 bc c8 08 40 37 59 d6
INFO - 93 bc 08 20 40 37 fd ff
INFO - 93 bc 48 40 40 30 00 fd
INFO - 93 bf 48 08 40 27 59 dc
INFO - 93 bf 88 20 40 27 fd ff
INFO - 93 bf c8 40 40 23 f4 00
INFO - 93 c1 c8 08 40 27 71 fa
INFO - 93 c1 08 20 40 27 fd ff
INFO - 93 c1 48 40 40 20 00 fd
INFO - 93 c3 48 08 40 27 e9 fa
INFO - 93 c3 88 20 40 27 fd ff
INFO - 93 c3 c8 40 40 23 f4 00
INFO - 93 c5 c8 08 40 17 e9 fa
INFO - 93 c5 08 20 40 17 fe 01
INFO - 93 c5 48 40 40 10 00 00
INFO - 93 c6 48 08 40 37 e9 fa
INFO - 93 c6 88 20 40 38 06 01
INFO - 93 c6 c8 40 40 30 00 fc
INFO - 93 c9 c8 08 40 17 e9 fa
INFO - 93 c9 08 20 40 18 06 01
INFO - 93 c9 48 40 40 13 f0 01
INFO - 93 ca 48 08 40 37 e9 fa
INFO - 93 ca 88 20 40 38 06 01
INFO - 93 ca c8 40 40 30 04 fd
INFO - 93 cd c8 08 40 17 e9 fa
INFO - 93 cd 08 20 40 18 05 ff
INFO - 93 cd 48 40 40 13 f4 00
INFO - 93 ce 48 08 40 37 e9 fa
INFO - 93 ce 88 20 40 37 fd ff
INFO - 93 ce c8 40 40 30 00 fd
INFO - 93 d1 c8 08 40 17 e9 fa
INFO - 93 d1 08 20 40 17 fd ff
INFO - 93 d1 48 40 40 13 f4 00
INFO - 93 d2 48 08 40 37 e9 fa
INFO - 93 d2 88 20 40 37 fe 01
INFO - 93 d2 c8 40 40 30 00 fc
INFO - 93 d5 c8 08 40 17 e9 fa
INFO - 93 d5 08 20 40 18 06 01
INFO - 93 d5 48 40 40 13 f0 01
INFO - 93 d6 48 08 40 37 e9 fa
INFO - 93 d6 88 20 40 38 06 01
INFO - 93 d6 c8 40 40 30 04 fd
INFO - 93 d9 c8 08 40 17 e9 fa
INFO - 93 d9 08 20 40 18 06 01
INFO - 93 d9 48 40 40 13 f4 00
INFO - 93 da 48 08 40 37 e9 fa
INFO - 93 da 88 20 40 38 06 01
INFO - 93 da c8 40 40 30 00 fc
INFO - 93 dd c8 08 40 17 e9 f8
INFO - 93 dd 08 20 40 18 06 01
INFO - 93 dd 48 40 40 13 f0 01
INFO - 93 de 48 08 40 37 e1 f4
INFO - 93 de 88 20 40 38 05 ff
INFO - 93 de c8 40 40 30 04 fd
INFO - 93 e1 c8 08 40 27 d1 f4
INFO - 93 e1 08 20 40 27 fd ff
INFO - 93 e1 48 40 40 23 f4 fc
INFO - 93 e3 48 08 40 27 d1 f4
INFO - 93 e3 88 20 40 27 fd ff
INFO - 93 e3 c8 40 40 23 f0 01
INFO - 93 e5 c8 08 40 27 d1 f4
INFO - 93 e5 08 20 40 27 fd ff
INFO - 93 e5 48 40 40 20 04 fc
INFO - 93 e7 48 08 40 27 d1 f4
INFO - 93 e7 88 20 40 27 fe 01
INFO - 93 e7 c8 40 40 23 f0 01
INFO - 93 e9 c8 08 40 27 d1 f4
INFO - 93 e9 08 20 40 28 06 01
INFO - 93 e9 48 40 40 20 04 fd
INFO - 93 eb 48 08 40 27 d1 f4
INFO - 93 eb 88 20 40 28 06 01
INFO - 93 eb c8 40 40 23 f4 00
INFO - 93 ed c8 08 40 27 d1 f4
INFO - 93 ed 08 20 40 28 05 ff
INFO - 93 ed 48 40 40 20 00 fc
INFO - 93 ef 48 08 40 27 d1 f4
INFO - 93 ef 88 20 40 27 fd ff
INFO - 93 ef c8 40 40 23 f0 01
INFO - 93 f1 c8 08 40 47 d1 f4
INFO - 93 f1 08 20 40 47 fd ff
INFO - 93 f1 48 40 40 40 04 fc
INFO - 93 f5 c8 08 40 27 d1 f4
INFO - 93 f5 08 20 40 27 fd ff
INFO - 93 f5 48 40 40 23 f0 01
INFO - 93 f7 48 08 40 27 d1 f4
INFO - 93 f7 88 20 40 27 fe 01
INFO - 93 f7 c8 40 40 20 04 fc
INFO - 93 f9 c8 08 40 27 d1 f4
INFO - 93 f9 08 20 40 28 06 01
INFO - 93 f9 48 40 40 23 f0 01
INFO - 93 fb 48 08 40 27 d1 f1
INFO - 93 fb 88 20 40 28 05 ff
INFO - 93 fb c8 40 40 20 04 fc
INFO - 93 fd c8 08 40 27 c5 e6
INFO - 93 fd 08 20 40 27 fd ff
INFO - 93 fd 48 40 40 23 f0 01
INFO - 93 ff 48 08 40 27 99 e6
INFO - 93 ff 88 20 40 27 fd ff
INFO - 93 ff c8 40 40 20 04 fc
INFO - 94 01 c8 08 40 27 99 e6
INFO - 94 01 08 20 40 27 fd ff
INFO - 94 01 48 40 40 23 f0 01
INFO - 94 03 48 08 40 27 99 e6
INFO - 94 03 88 20 40 27 fd ff
INFO - 94 03 c8 40 40 20 04 fc
INFO - 94 05 c8 08 40 27 99 e6
INFO - 94 05 08 20 40 27 fd ff
INFO - 94 05 48 40 40 23 f0 01
INFO - 94 07 48 08 40 27 99 e6
INFO - 94 07 88 20 40 27 fd ff
INFO - 94 07 c8 40 40 20 04 fc
INFO - 94 09 c8 08 40 27 99 e6
INFO - 94 09 08 20 40 27 fd ff
INFO - 94 09 48 40 40 23 f0 fd
INFO - 94 0b 48 08 40 27 99 e6
INFO - 94 0b 88 20 40 27 fd ff
INFO - 94 0b c8 40 40 23 f4 01
INFO - 94 0d c8 08 40 27 99 e6
INFO - 94 0d 08 20 40 27 fd ff
INFO - 94 0d 48 40 40 20 04 fc
INFO - 94 0f 48 08 40 27 99 e6
INFO - 94 0f 88 20 40 27 fd ff
INFO - 94 0f c8 40 40 23 f0 01
INFO - 94 11 c8 08 40 27 99 e6
INFO - 94 11 08 20 40 27 fd ff
INFO - 94 11 48 40 40 20 04 fc
INFO - 94 13 48 08 40 27 99 e6
INFO - 94 13 88 20 40 27 fd ff
INFO - 94 13 c8 40 40 23 f0 fd
INFO - 94 15 c8 08 40 27 99 e6
INFO - 94 15 08 20 40 27 fd ff
INFO - 94 15 48 40 40 23 f4 00
INFO - 94 17 48 08 40 27 99 e6
INFO - 94 17 88 20 40 27 fd ff
INFO - 94 17 c8 40 40 20 00 01
INFO - 94 19 c8 08 40 27 99 e6
INFO - 94 19 08 20 40 27 fd ff
INFO - 94 19 48 40 40 20 04 fc
INFO - 94 1b 48 08 40 27 99 e6
INFO - 94 1b 88 20 40 27 fd ff
INFO - 94 1b c8 40 40 23 f0 00
INFO - 94 1d c8 08 40 27 99 e6
INFO - 94 1d 08 20 40 27 fd ff
INFO - 94 1d 48 40 40 20 00 01
INFO - 94 1f 48 08 40 27 99 e6
INFO - 94 1f 88 20 40 27 fd ff
INFO - 94 1f c8 40 40 20 04 fc
INFO - 94 21 c8 08 40 27 99 e6
INFO - 94 21 08 20 40 27 fd ff
INFO - 94 21 48 40 40 23 f0 00
INFO - 94 23 48 08 40 27 99 e6
INFO - 94 23 88 20 40 27 fd ff
INFO - 94 23 c8 40 40 20 00 00
INFO - 94 25 c8 08 40 27 99 e6
INFO - 94 25 08 20 40 27 fd ff
INFO - 94 25 48 40 40 20 00 01
INFO - 94 27 48 08 40 27 99 e6
INFO - 94 27 88 20 40 27 fd ff
INFO - 94 27 c8 40 40 20 04 fc
INFO - 94 29 c8 08 40 27 99 e6
INFO - 94 29 08 20 40 27 fd ff
INFO - 94 29 48 40 40 23 f0 00
INFO - 94 2b 48 08 40 27 99 e6
INFO - 94 2b 88 20 40 27 fd ff
INFO - 94 2b c8 40 40 20 00 00
INFO - 94 2d c8 08 40 27 99 e6
INFO - 94 2d 08 20 40 27 fd ff
INFO - 94 2d 48 40 40 20 00 01
INFO - 94 2f 48 08 40 27 99 e6
INFO - 94 2f 88 20 40 27 fd ff
INFO - 94 2f c8 40 40 20 04 fc
INFO - 94 31 c8 08 40 27 99 e6
INFO - 94 31 08 20 40 27 fd ff
INFO - 94 31 48 40 40 23 f0 00
INFO - 94 33 48 08 40 27 99 e6
INFO - 94 33 88 20 40 27 fd ff
INFO - 94 33 c8 40 40 20 00 fd
INFO - 94 35 c8 08 40 27 99 e6
INFO - 94 35 08 20 40 27 fd ff
INFO - 94 35 48 40 40 23 f4 00
INFO - 94 37 48 08 40 27 99 e8
INFO - 94 37 88 20 40 27 fd ff
INFO - 94 37 c8 40 40 20 00 00
INFO - 94 39 c8 08 40 27 a1 f4
INFO - 94 39 08 20 40 27 fd ff
INFO - 94 39 48 40 40 20 00 01
INFO - 94 3b 48 08 40 27 d1 f4
INFO - 94 3b 88 20 40 27 fd ff
INFO - 94 3b c8 40 40 20 04 fc
INFO - 94 3d c8 08 40 27 d1 f4
INFO - 94 3d 08 20 40 27 fd fd
INFO - 94 3d 48 40 40 23 f0 fd
INFO - 94 3f 48 08 40 27 d1 f4
INFO - 94 3f 88 20 40 27 f5 fd
INFO - 94 3f c8 40 40 23 f4 00
INFO - 94 41 c8 08 40 27 d1 f4
INFO - 94 41 08 20 40 27 f5 fd
INFO - 94 41 48 40 40 20 00 00
INFO - 94 43 48 08 40 27 d1 f4
INFO - 94 43 88 20 40 27 f5 ff
INFO - 94 43 c8 40 40 20 00 00
INFO - 94 45 c8 08 40 27 d1 f4
INFO - 94 45 08 20 40 27 fd ff
INFO - 94 45 48 40 40 20 00 fd
INFO - 94 47 48 08 40 27 d1 f4
INFO - 94 47 88 20 40 27 fd ff
INFO - 94 47 c8 40 40 23 f4 00
INFO - 94 49 c8 08 40 27 d1 f4
INFO - 94 49 08 20 40 27 fd ff
INFO - 94 49 48 40 40 20 00 00
INFO - 94 4b 48 08 40 27 d1 f4
INFO - 94 4b 88 20 40 27 fd ff
INFO - 94 4b c8 40 40 20 00 fd
INFO - 94 4d c8 08 40 27 d1 f4
INFO - 94 4d 08 20 40 27 fd ff
INFO - 94 4d 48 40 40 23 f4 00
INFO - 94 4f 48 08 40 27 d1 f4
INFO - 94 4f 88 20 40 27 fd ff
INFO - 94 4f c8 40 40 20 00 00
INFO - 94 51 c8 08 40 27 d1 f4
INFO - 94 51 08 20 40 27 fd ff
INFO - 94 51 48 40 40 20 00 fd
INFO - 94 53 48 08 40 27 d1 f4
INFO - 94 53 88 20 40 27 fd ff
INFO - 94 53 c8 40 40 23 f4 00
INFO - 94 55 c8 08 40 27 d1 ed
INFO - 94 55 08 20 40 27 fd ff
INFO - 94 55 48 40 40 20 00 00
INFO - 94 57 48 08 40 27 b5 d4
INFO - 94 57 88 20 40 27 fd ff
INFO - 94 57 c8 40 40 20 00 fd
INFO - 94 59 c8 08 40 27 51 d4
INFO - 94 59 08 20 40 27 fd ff
INFO - 94 59 48 40 40 23 f4 00
INFO - 94 5b 48 08 40 27 51 d4
INFO - 94 5b 88 20 40 27 fd ff
INFO - 94 5b c8 40 40 20 00 fc
INFO - 94 5d c8 08 40 27 51 d4
INFO - 94 5d 08 20 40 27 fd ff
INFO - 94 5d 48 40 40 23 f0 01
INFO - 94 5f 48 08 40 27 51 d4
INFO - 94 5f 88 20 40 27 fd ff
INFO - 94 5f c8 40 40 20 04 00
INFO - 94 61 c8 08 40 27 51 d4
INFO - 94 61 08 20 40 27 fd ff
INFO - 94 61 48 40 40 20 00 00
INFO - 94 63 48 08 40 27 51 d4
INFO - 94 63 88 20 40 27 fd ff
INFO - 94 63 c8 40 40 20 00 00
INFO - 94 65 c8 08 40 27 51 d4
INFO - 94 65 08 20 40 27 fd ff
INFO - 94 65 48 40 40 20 00 fd
INFO - 94 67 48 08 40 27 51 d4
INFO - 94 67 88 20 40 27 fd ff
INFO - 94 67 c8 40 40 23 f4 00
INFO - 94 69 c8 08 40 27 51 d4
INFO - 94 69 08 20 40 27 fd ff
INFO - 94 69 48 40 40 20 00 00
INFO - 94 6b 48 08 40 27 51 d4
INFO - 94 6b 88 20 40 27 fd ff
INFO - 94 6b c8 40 40 20 00 fc
INFO - 94 6d c8 08 40 27 51 d4
INFO - 94 6d 08 20 40 27 fd ff
INFO - 94 6d 48 40 40 23 f0 01
INFO - 94 6f 48 08 40 27 51 d4
INFO - 94 6f 88 20 40 27 fd ff
INFO - 94 6f c8 40 40 20 04 00
INFO - 94 71 c8 08 40 27 51 d4
INFO - 94 71 08 20 40 27 fd ff
INFO - 94 71 48 40 40 20 00 00
INFO - 94 73 48 08 40 27 51 d6
INFO - 94 73 88 20 40 27 fd ff
INFO - 94 73 c8 40 40 20 00 fd
INFO - 94 75 c8 08 40 27 59 e2
INFO - 94 75 08 20 40 27 fd ff
INFO - 94 75 48 40 40 23 f4 00
INFO - 94 77 48 08 40 27 89 e2
INFO - 94 77 88 20 40 27 fd ff
INFO - 94 77 c8 40 40 20 00 00
INFO - 94 79 c8 08 40 27 89 e2
INFO - 94 79 08 20 40 27 fd ff
INFO - 94 79 48 40 40 20 00 00
INFO - 94 7b 48 08 40 27 89 e2
INFO - 94 7b 88 20 40 27 fd ff
INFO - 94 7b c8 40 40 20 00 fc
INFO - 94 7d c8 08 40 27 89 e2
INFO - 94 7d 08 20 40 27 fd ff
INFO - 94 7d 48 40 40 23 f0 01
INFO - 94 7f 48 08 40 27 89 e2
INFO - 94 7f 88 20 40 27 fd fd
INFO - 94 7f c8 40 40 20 04 00
INFO - 94 81 c8 08 40 27 89 e2
INFO - 94 81 08 20 40 27 f5 fd
INFO - 94 81 48 40 40 20 00 fd
INFO - 94 83 48 08 40 27 89 e2
INFO - 94 83 88 20 40 27 f5 fb
INFO - 94 83 c8 40 40 23 f4 00
INFO - 94 85 c8 08 40 27 89 e2
INFO - 94 85 08 20 40 27 ed fd
INFO - 94 85 48 40 40 20 00 00
INFO - 94 87 48 08 40 27 89 e2
INFO - 94 87 88 20 40 27 f5 fd
INFO - 94 87 c8 40 40 20 00 00
INFO - 94 89 c8 08 40 27 89 e2
INFO - 94 89 08 20 40 27 f5 fd
INFO - 94 89 48 40 40 20 00 fc
INFO - 94 8b 48 08 40 27 89 e2
INFO - 94 8b 88 20 40 27 f5 fd
INFO - 94 8b c8 40 40 23 f0 01
INFO - 94 8d c8 08 40 27 89 e2
INFO - 94 8d 08 20 40 27 f5 fb
INFO - 94 8d 48 40 40 20 04 00
INFO - 94 8f 48 08 40 27 89 e2
INFO - 94 8f 88 20 40 27 ed fd
INFO - 94 8f c8 40 40 20 00 fc
INFO - 94 91 c8 08 40 27 89 e2
INFO - 94 91 08 20 40 27 f5 fd
INFO - 94 91 48 40 40 23 f0 01
INFO - 94 93 48 08 40 27 89 e8
INFO - 94 93 88 20 40 27 f5 fd
INFO - 94 93 c8 40 40 20 04 00
INFO - 94 95 c8 08 40 27 a1 e8
INFO - 94 95 08 20 40 27 f5 ff
INFO - 94 95 48 40 40 20 00 fc
INFO - 94 97 48 08 40 27 a1 e8
INFO - 94 97 88 20 40 27 fd ff
INFO - 94 97 c8 40 40 23 f0 01
INFO - 94 99 c8 08 40 27 a1 e8
INFO - 94 99 08 20 40 27 fd ff
INFO - 94 99 48 40 40 20 04 fc
INFO - 94 9b 48 08 40 27 a1 e8
INFO - 94 9b 88 20 40 27 fd ff
INFO - 94 9b c8 40 40 23 f0 01
INFO - 94 9d c8 08 40 27 a1 e8
INFO - 94 9d 08 20 40 27 fd ff
INFO - 94 9d 48 40 40 20 04 00
INFO - 94 9f 48 08 40 27 a1 e8
INFO - 94 9f 88 20 40 27 fd fd
INFO - 94 9f c8 40 40 20 00 fc
INFO - 94 a1 c8 08 40 27 a1 e8
INFO - 94 a1 08 20 40 27 f5 fd
INFO - 94 a1 48 40 40 23 f0 01
INFO - 94 a3 48 08 40 27 a1 e8
INFO - 94 a3 88 20 40 27 f5 fd
INFO - 94 a3 c8 40 40 20 04 fc
INFO - 94 a5 c8 08 40 27 a1 e8
INFO - 94 a5 08 20 40 27 f5 fd
INFO - 94 a5 48 40 40 23 f0 01
INFO - 94 a7 48 08 40 27 a1 e8
INFO - 94 a7 88 20 40 27 f5 fd
INFO - 94 a7 c8 40 40 20 04 00
INFO - 94 a9 c8 08 40 27 a1 e8
INFO - 94 a9 08 20 40 27 f5 ff
INFO - 94 a9 48 40 40 20 00 fc
INFO - 94 ab 48 08 40 27 a1 e8
INFO - 94 ab 88 20 40 27 fd ff
INFO - 94 ab c8 40 40 23 f0 01
INFO - 94 ad c8 08 40 27 a1 e8
INFO - 94 ad 08 20 40 27 fd ff
INFO - 94 ad 48 40 40 20 04 fc
INFO - 94 af 48 08 40 27 a1 e9
INFO - 94 af 88 20 40 27 fd ff
INFO - 94 af c8 40 40 23 f0 01
INFO - 94 b1 c8 08 40 27 a5 f6
INFO - 94 b1 08 20 40 27 fd ff
INFO - 94 b1 48 40 40 20 04 fc
INFO - 94 b3 48 08 40 27 d9 f6
INFO - 94 b3 88 20 40 27 fd ff
INFO - 94 b3 c8 40 40 23 f0 01
INFO - 94 b5 c8 08 40 27 d9 f6
INFO - 94 b5 08 20 40 27 fd ff
INFO - 94 b5 48 40 40 20 04 00
INFO - 94 b7 48 08 40 27 d9 f6
INFO - 94 b7 88 20 40 27 fd ff
INFO - 94 b7 c8 40 40 20 00 fc
INFO - 94 b9 c8 08 40 27 d9 f6
INFO - 94 b9 08 20 40 27 fd ff
INFO - 94 b9 48 40 40 23 f0 01
INFO - 94 bb 48 08 40 27 d9 f6
INFO - 94 bb 88 20 40 27 fd ff
INFO - 94 bb c8 40 40 20 04 fc
INFO - 94 bd c8 08 40 27 d9 f6
INFO - 94 bd 08 20 40 27 fd ff
INFO - 94 bd 48 40 40 23 f0 00
INFO - 94 bf 48 08 40 27 d9 f6
INFO - 94 bf 88 20 40 27 fd ff
INFO - 94 bf c8 40 40 20 00 01
INFO - 94 c1 c8 08 40 27 d9 f6
INFO - 94 c1 08 20 40 27 fd ff
INFO - 94 c1 48 40 40 20 04 fc
INFO - 94 c3 48 08 40 27 d9 f6
INFO - 94 c3 88 20 40 27 fd ff
INFO - 94 c3 c8 40 40 23 f0 01
INFO - 94 c5 c8 08 40 27 d9 f6
INFO - 94 c5 08 20 40 27 fd ff
INFO - 94 c5 48 40 40 20 04 00
INFO - 94 c7 48 08 40 27 d9 f6
INFO - 94 c7 88 20 40 27 fd ff
INFO - 94 c7 c8 40 40 20 00 fc
INFO - 94 c9 c8 08 40 27 d9 f6
INFO - 94 c9 08 20 40 27 fd ff
INFO - 94 c9 48 40 40 23 f0 00
INFO - 94 cb 48 08 40 27 d9 f6
INFO - 94 cb 88 20 40 27 fd ff
INFO - 94 cb c8 40 40 20 00 01
INFO - 94 cd c8 08 40 27 d9 f7
INFO - 94 cd 08 20 40 27 fd ff
INFO - 94 cd 48 40 40 20 04 fc
INFO - 94 cf 48 08 40 27 dd fa
INFO - 94 cf 88 20 40 27 fd fd
INFO - 94 cf c8 40 40 23 f0 00
INFO - 94 d1 c8 08 40 27 e9 fa
INFO - 94 d1 08 20 40 27 f5 ff
INFO - 94 d1 48 40 40 20 00 fd
INFO - 94 d3 48 08 40 27 e9 fa
INFO - 94 d3 88 20 40 27 fd ff
INFO - 94 d3 c8 40 40 23 f4 01
INFO - 94 d5 c8 08 40 27 e9 fa
INFO - 94 d5 08 20 40 27 fd ff
INFO - 94 d5 48 40 40 20 04 fc
INFO - 94 d7 48 08 40 27 e9 fa
INFO - 94 d7 88 20 40 27 fd ff
INFO - 94 d7 c8 40 40 23 f0 00
INFO - 94 d9 c8 08 40 27 e9 fa
INFO - 94 d9 08 20 40 27 fd ff
INFO - 94 d9 48 40 40 20 00 01
INFO - 94 db 48 08 40 27 e9 fa
INFO - 94 db 88 20 40 27 fd ff
INFO - 94 db c8 40 40 20 04 fc
INFO - 94 dd c8 08 40 27 e9 fa
INFO - 94 dd 08 20 40 27 fd ff
INFO - 94 dd 48 40 40 23 f0 00
INFO - 94 df 48 08 40 27 e9 fa
INFO - 94 df 88 20 40 27 fd ff
INFO - 94 df c8 40 40 20 00 00
INFO - 94 e1 c8 08 40 27 e9 fa
INFO - 94 e1 08 20 40 27 fd ff
INFO - 94 e1 48 40 40 20 00 01
INFO - 94 e3 48 08 40 27 e9 fa
INFO - 94 e3 88 20 40 27 fd ff
INFO - 94 e3 c8 40 40 20 04 fc
INFO - 94 e5 c8 08 40 27 e9 fa
INFO - 94 e5 08 20 40 27 fd ff
INFO - 94 e5 48 40 40 23 f0 00
INFO - 94 e7 48 08 40 27 e9 fa
INFO - 94 e7 88 20 40 27 fd ff
INFO - 94 e7 c8 40 40 20 00 00
INFO - 94 e9 c8 08 40 27 e9 fa
INFO - 94 e9 08 20 40 27 fd ff
INFO - 94 e9 48 40 40 20 00 fd
INFO - 94 eb 48 08 40 27 e9 fa
INFO - 94 eb 88 20 40 27 fd ff
INFO - 94 eb c8 40 40 23 f4 01
INFO - 94 ed c8 08 40 27 e9 f7
INFO - 94 ed 08 20 40 27 fd ff
INFO - 94 ed 48 40 40 20 04 fc
INFO - 94 ef 48 08 40 27 dd e6
INFO - 94 ef 88 20 40 27 fd ff
INFO - 94 ef c8 40 40 23 f0 00
INFO - 94 f1 c8 08 40 27 99 e6
INFO - 94 f1 08 20 40 27 fd ff
INFO - 94 f1 48 40 40 20 00 00
INFO - 94 f3 48 08 40 27 99 e6
INFO - 94 f3 88 20 40 27 fd ff
INFO - 94 f3 c8 40 40 20 00 01
INFO - 94 f5 c8 08 40 27 99 e6
INFO - 94 f5 08 20 40 27 fd ff
INFO - 94 f5 48 40 40 20 04 fc
INFO - 94 f7 48 08 40 27 99 e6
INFO - 94 f7 88 20 40 27 fd ff
INFO - 94 f7 c8 40 40 23 f0 fd
INFO - 94 f9 c8 08 40 27 99 e6
INFO - 94 f9 08 20 40 27 fd ff
INFO - 94 f9 48 40 40 23 f4 00
INFO - 94 fb 48 08 40 27 99 e6
INFO - 94 fb 88 20 40 27 fd ff
INFO - 94 fb c8 40 40 20 00 00
INFO - 94 fd c8 08 40 27 99 e6
INFO - 94 fd 08 20 40 27 fd ff
INFO - 94 fd 48 40 40 20 00 00
INFO - 94 ff 48 08 40 27 99 e6
INFO - 94 ff 88 20 40 27 fd ff
INFO - 94 ff c8 40 40 20 00 00
INFO - 95 01 c8 08 40 27 99 e6
INFO - 95 01 08 20 40 27 fd ff
INFO - 95 01 48 40 40 20 00 fd
INFO - 95 03 48 08 40 27 99 e6
INFO - 95 03 88 20 40 27 fd ff
INFO - 95 03 c8 40 40 23 f4 00
INFO - 95 05 c8 08 40 27 99 e6
INFO - 95 05 08 20 40 27 fd ff
INFO - 95 05 48 40 40 20 00 00
INFO - 95 07 48 08 40 27 99 e6
INFO - 95 07 88 20 40 27 fd ff
INFO - 95 07 c8 40 40 20 00 00
INFO - 95 09 c8 08 40 27 99 e8
INFO - 95 09 08 20 40 27 fd ff
INFO - 95 09 48 40 40 20 00 00
INFO - 95 0b 48 08 40 27 a1 f5
INFO - 95 0b 88 20 40 27 fd ff
INFO - 95 0b c8 40 40 20 00 00
INFO - 95 0d c8 08 40 27 d5 f5
INFO - 95 0d 08 20 40 27 fd ff
INFO - 95 0d 48 40 40 20 00 fd
INFO - 95 0f 48 08 40 27 d5 f5
INFO - 95 0f 88 20 40 27 fd ff
INFO - 95 0f c8 40 40 23 f4 00
INFO - 95 11 c8 08 40 27 d5 f5
INFO - 95 11 08 20 40 27 fd fd
INFO - 95 11 48 40 40 20 00 00
INFO - 95 13 48 08 40 27 d5 f5
INFO - 95 13 88 20 40 27 f5 fd
INFO - 95 13 c8 40 40 20 00 00
INFO - 95 15 c8 08 40 27 d5 f5
INFO - 95 15 08 20 40 27 f5 fd
INFO - 95 15 48 40 40 20 00 00
INFO - 95 17 48 08 40 27 d5 f5
INFO - 95 17 88 20 40 27 f5 ff
INFO - 95 17 c8 40 40 20 00 fd
INFO - 95 19 c8 08 40 27 d5 f5
INFO - 95 19 08 20 40 27 fd ff
INFO - 95 19 48 40 40 23 f4 00
INFO - 95 1b 48 08 40 27 d5 f5
INFO - 95 1b 88 20 40 27 fd ff
INFO - 95 1b c8 40 40 20 00 00
INFO - 95 1d c8 08 40 27 d5 f5
INFO - 95 1d 08 20 40 27 fd ff
INFO - 95 1d 48 40 40 20 00 00
INFO - 95 1f 48 08 40 27 d5 f5
INFO - 95 1f 88 20 40 27 fd ff
INFO - 95 1f c8 40 40 20 00 fd
INFO - 95 21 c8 08 40 27 d5 f5
INFO - 95 21 08 20 40 27 fd ff
INFO - 95 21 48 40 40 23 f4 00
INFO - 95 23 48 08 40 27 d5 f5
INFO - 95 23 88 20 40 27 fd ff
INFO - 95 23 c8 40 40 20 00 fc
INFO - 95 25 c8 08 40 27 d5 f5
INFO - 95 25 08 20 40 27 fd ff
INFO - 95 25 48 40 40 23 f0 01
INFO - 95 27 48 08 40 27 d5 f4
INFO - 95 27 88 20 40 27 fd ff
INFO - 95 27 c8 40 40 20 04 fd
INFO - 95 29 c8 08 40 27 d1 ed
INFO - 95 29 08 20 40 27 fd ff
INFO - 95 29 48 40 40 23 f4 00
INFO - 95 2b 48 08 40 27 b5 ed
INFO - 95 2b 88 20 40 27 fd ff
INFO - 95 2b c8 40 40 20 00 00
INFO - 95 2d c8 08 40 27 b5 ed
INFO - 95 2d 08 20 40 27 fd ff
INFO - 95 2d 48 40 40 20 00 00
INFO - 95 2f 48 08 40 27 b5 ed
INFO - 95 2f 88 20 40 27 fd ff
INFO - 95 2f c8 40 40 20 00 fc
INFO - 95 31 c8 08 40 27 b5 ed
INFO - 95 31 08 20 40 27 fd ff
INFO - 95 31 48 40 40 23 f0 01
INFO - 95 33 48 08 40 27 b5 ed
INFO - 95 33 88 20 40 27 fd fd
INFO - 95 33 c8 40 40 20 04 fd
INFO - 95 35 c8 08 40 27 b5 ed
INFO - 95 35 08 20 40 27 f5 fd
INFO - 95 35 48 40 40 23 f4 fc
INFO - 95 37 48 08 40 27 b5 ed
INFO - 95 37 88 20 40 27 f5 fd
INFO - 95 37 c8 40 40 23 f0 01
INFO - 95 39 c8 08 40 27 b5 ed
INFO - 95 39 08 20 40 27 f5 ff
INFO - 95 39 48 40 40 20 04 00
INFO - 95 3b 48 08 40 27 b5 ed
INFO - 95 3b 88 20 40 27 fd ff
INFO - 95 3b c8 40 40 20 00 00
INFO - 95 3d c8 08 40 27 b5 ed
INFO - 95 3d 08 20 40 27 fd ff
INFO - 95 3d 48 40 40 20 00 fc
INFO - 95 3f 48 08 40 27 b5 ed
INFO - 95 3f 88 20 40 27 fd ff
INFO - 95 3f c8 40 40 23 f0 01
INFO - 95 41 c8 08 40 27 b5 ed
INFO - 95 41 08 20 40 27 fd ff
INFO - 95 41 48 40 40 20 04 fd
INFO - 95 43 48 08 40 27 b5 ed
INFO - 95 43 88 20 40 27 fd ff
INFO - 95 43 c8 40 40 23 f4 fc
INFO - 95 45 c8 08 40 27 b5 ed
INFO - 95 45 08 20 40 27 fd ff
INFO - 95 45 48 40 40 23 f0 01
INFO - 95 47 48 08 40 27 b5 ed
INFO - 95 47 88 20 40 27 fd ff
INFO - 95 47 c8 40 40 20 04 00
INFO - 95 49 c8 08 40 27 b5 ea
INFO - 95 49 08 20 40 27 fd fd
INFO - 95 49 48 40 40 20 00 fc
INFO - 95 4b 48 08 40 27 a9 ea
INFO - 95 4b 88 20 40 27 f5 fd
INFO - 95 4b c8 40 40 23 f0 01
INFO - 95 4d c8 08 40 27 a9 ea
INFO - 95 4d 08 20 40 27 f5 fd
INFO - 95 4d 48 40 40 20 04 00
INFO - 95 4f 48 08 40 27 a9 ea
INFO - 95 4f 88 20 40 27 f5 fb
INFO - 95 4f c8 40 40 20 00 fc
INFO - 95 51 c8 08 40 27 a9 ea
INFO - 95 51 08 20 40 27 ed fd
INFO - 95 51 48 40 40 23 f0 01
INFO - 95 53 48 08 40 27 a9 ea
INFO - 95 53 88 20 40 27 f5 fd
INFO - 95 53 c8 40 40 20 04 fc
INFO - 95 55 c8 08 40 27 a9 ea
INFO - 95 55 08 20 40 27 f5 ff
INFO - 95 55 48 40 40 23 f0 01
INFO - 95 57 48 08 40 27 a9 ea
INFO - 95 57 88 20 40 27 fd ff
INFO - 95 57 c8 40 40 20 04 00
INFO - 95 59 c8 08 40 27 a9 ea
INFO - 95 59 08 20 40 27 fd fd
INFO - 95 59 48 40 40 20 00 fc
INFO - 95 5b 48 08 40 27 a9 ea
INFO - 95 5b 88 20 40 27 f5 fd
INFO - 95 5b c8 40 40 23 f0 01
INFO - 95 5d c8 08 40 27 a9 ea
INFO - 95 5d 08 20 40 27 f5 ff
INFO - 95 5d 48 40 40 20 04 fc
INFO - 95 5f 48 08 40 27 a9 ea
INFO - 95 5f 88 20 40 27 fd ff
INFO - 95 5f c8 40 40 23 f0 01
INFO - 95 61 c8 08 40 27 a9 ea
INFO - 95 61 08 20 40 27 fd ff
INFO - 95 61 48 40 40 20 04 00
INFO - 95 63 48 08 40 27 a9 ea
INFO - 95 63 88 20 40 27 fd ff
INFO - 95 63 c8 40 40 20 00 fc
INFO - 95 65 c8 08 40 27 a9 e9
INFO - 95 65 08 20 40 27 fd ff
INFO - 95 65 48 40 40 23 f0 01
INFO - 95 67 48 08 40 27 a5 e4
INFO - 95 67 88 20 40 27 fd ff
INFO - 95 67 c8 40 40 20 04 fc
INFO - 95 69 c8 08 40 27 91 e4
INFO - 95 69 08 20 40 27 fd fd
INFO - 95 69 48 40 40 23 f0 01
INFO - 95 6b 48 08 40 27 91 e4
INFO - 95 6b 88 20 40 27 f5 fd
INFO - 95 6b c8 40 40 20 04 fc
INFO - 95 6d c8 08 40 27 91 e4
INFO - 95 6d 08 20 40 27 f5 fd
INFO - 95 6d 48 40 40 23 f0 01
INFO - 95 6f 48 08 40 27 91 e4
INFO - 95 6f 88 20 40 27 f5 ff
INFO - 95 6f c8 40 40 20 04 fc
INFO - 95 71 c8 08 40 27 91 e4
INFO - 95 71 08 20 40 27 fd ff
INFO - 95 71 48 40 40 23 f0 01
INFO - 95 73 48 08 40 27 91 e4
INFO - 95 73 88 20 40 27 fd ff
INFO - 95 73 c8 40 40 20 04 fc
INFO - 95 75 c8 08 40 27 91 e4
INFO - 95 75 08 20 40 27 fd ff
INFO - 95 75 48 40 40 23 f0 00
INFO - 95 77 48 08 40 27 91 e4
INFO - 95 77 88 20 40 27 fd ff
INFO - 95 77 c8 40 40 20 00 01
INFO - 95 79 c8 08 40 27 91 e4
INFO - 95 79 08 20 40 27 fd ff
INFO - 95 79 48 40 40 20 04 fc
INFO - 95 7b 48 08 40 27 91 e4
INFO - 95 7b 88 20 40 27 fd ff
INFO - 95 7b c8 40 40 23 f0 01
INFO - 95 7d c8 08 40 27 91 e4
INFO - 95 7d 08 20 40 27 fd ff
INFO - 95 7d 48 40 40 20 04 fc
INFO - 95 7f 48 08 40 27 91 e4
INFO - 95 7f 88 20 40 27 fd ff
INFO - 95 7f c8 40 40 23 f0 01
INFO - 95 81 c8 08 40 27 91 e9
INFO - 95 81 08 20 40 27 fd ff
INFO - 95 81 48 40 40 20 04 fc
INFO - 95 83 48 08 40 27 a6 1c
INFO - 95 83 88 20 40 27 fd fd
INFO - 95 83 c8 40 40 23 f0 00
INFO - 95 85 c8 08 40 28 72 1c
INFO - 95 85 08 20 40 27 f5 fd
INFO - 95 85 48 40 40 20 00 01
INFO - 95 87 48 08 40 28 72 1c
INFO - 95 87 88 20 40 27 f5 ff
INFO - 95 87 c8 40 40 20 04 fc
INFO - 95 89 c8 08 40 28 72 1c
INFO - 95 89 08 20 40 27 fd ff
INFO - 95 89 48 40 40 23 f0 00
INFO - 95 8b 48 08 40 28 72 1c
INFO - 95 8b 88 20 40 27 fd ff
INFO - 95 8b c8 40 40 20 00 01
INFO - 95 8d c8 08 40 28 72 1c
INFO - 95 8d 08 20 40 27 fd ff
INFO - 95 8d 48 40 40 20 04 fc
INFO - 95 8f 48 08 40 28 72 1c
INFO - 95 8f 88 20 40 27 fd ff
INFO - 95 8f c8 40 40 23 f0 00
INFO - 95 91 c8 08 40 28 72 1c
INFO - 95 91 08 20 40 27 fd ff
INFO - 95 91 48 40 40 20 00 00
INFO - 95 93 48 08 40 28 72 1c
INFO - 95 93 88 20 40 27 fd ff
INFO - 95 93 c8 40 40 20 00 01
INFO - 95 95 c8 08 40 28 72 1c
INFO - 95 95 08 20 40 27 fd ff
INFO - 95 95 48 40 40 20 04 fc
INFO - 95 97 48 08 40 28 72 1c
INFO - 95 97 88 20 40 27 fd ff
INFO - 95 97 c8 40 40 23 f0 fd
INFO - 95 99 c8 08 40 28 72 1c
INFO - 95 99 08 20 40 27 fd ff
INFO - 95 99 48 40 40 23 f4 00
INFO - 95 9b 48 08 40 28 72 1c
INFO - 95 9b 88 20 40 27 fd ff
INFO - 95 9b c8 40 40 20 00 00
INFO - 95 9d c8 08 40 28 72 1c
INFO - 95 9d 08 20 40 27 fd ff
INFO - 95 9d 48 40 40 20 00 00
INFO - 95 9f 48 08 40 28 72 1c
INFO - 95 9f 88 20 40 27 fd ff
INFO - 95 9f c8 40 40 20 00 01
INFO - 95 a1 c8 08 40 28 72 17
INFO - 95 a1 08 20 40 27 fd ff
INFO - 95 a1 48 40 40 20 04 fc
INFO - 95 a3 48 08 40 28 5d e9
INFO - 95 a3 88 20 40 27 fd ff
INFO - 95 a3 c8 40 40 23 f0 00
INFO - 95 a5 c8 08 40 27 a5 e9
INFO - 95 a5 08 20 40 27 fd ff
INFO - 95 a5 48 40 40 20 00 00
INFO - 95 a7 48 08 40 27 a5 e9
INFO - 95 a7 88 20 40 27 fd ff
INFO - 95 a7 c8 40 40 20 00 00
INFO - 95 a9 c8 08 40 27 a5 e9
INFO - 95 a9 08 20 40 27 fd ff
INFO - 95 a9 48 40 40 20 00 00
INFO - 95 ab 48 08 40 27 a5 e9
INFO - 95 ab 88 20 40 27 fd ff
INFO - 95 ab c8 40 40 20 00 01
INFO - 95 ad c8 08 40 27 a5 e9
INFO - 95 ad 08 20 40 27 fd ff
INFO - 95 ad 48 40 40 20 04 fc
INFO - 95 af 48 08 40 27 a5 e9
INFO - 95 af 88 20 40 27 fd ff
INFO - 95 af c8 40 40 23 f0 00
INFO - 95 b1 c8 08 40 27 a5 e9
INFO - 95 b1 08 20 40 27 fd ff
INFO - 95 b1 48 40 40 20 00 00
INFO - 95 b3 48 08 40 27 a5 e9
INFO - 95 b3 88 20 40 27 fd ff
INFO - 95 b3 c8 40 40 20 00 00
INFO - 95 b5 c8 08 40 27 a5 e9
INFO - 95 b5 08 20 40 27 fd ff
INFO - 95 b5 48 40 40 20 00 00
INFO - 95 b7 48 08 40 27 a5 e9
INFO - 95 b7 88 20 40 27 fd ff
INFO - 95 b7 c8 40 40 20 00 00
INFO - 95 b9 c8 08 40 27 a5 e9
INFO - 95 b9 08 20 40 27 fd ff
INFO - 95 b9 48 40 40 20 00 00
INFO - 95 bb 48 08 40 27 a5 e9
INFO - 95 bb 88 20 40 27 fd ff
INFO - 95 bb c8 40 40 20 00 00
INFO - 95 bd c8 08 40 27 a5 e9
INFO - 95 bd 08 20 40 27 fd ff
INFO - 95 bd 48 40 40 20 00 fd
INFO - 95 bf 48 08 40 27 a5 e7
INFO - 95 bf 88 20 40 27 fd ff
INFO - 95 bf c8 40 40 23 f4 00
INFO - 95 c1 c8 08 40 27 9d db
INFO - 95 c1 08 20 40 27 fd ff
INFO - 95 c1 48 40 40 20 00 00
INFO - 95 c3 48 08 40 27 6d db
INFO - 95 c3 88 20 40 27 fd ff
INFO - 95 c3 c8 40 40 20 00 00
INFO - 95 c5 c8 08 40 27 6d db
INFO - 95 c5 08 20 40 27 fe 01
INFO - 95 c5 48 40 40 20 00 00
INFO - 95 c7 48 08 40 27 6d db
INFO - 95 c7 88 20 40 28 06 01
INFO - 95 c7 c8 40 40 20 00 00
INFO - 95 c9 c8 08 40 27 6d db
INFO - 95 c9 08 20 40 28 06 01
INFO - 95 c9 48 40 40 20 00 00
INFO - 95 cb 48 08 40 27 6d db
INFO - 95 cb 88 20 40 28 06 01
INFO - 95 cb c8 40 40 20 00 00
INFO - 95 cd c8 08 40 27 6d db
INFO - 95 cd 08 20 40 28 06 01
INFO - 95 cd 48 40 40 20 00 00
INFO - 95 cf 48 08 40 27 6d db
INFO - 95 cf 88 20 40 28 06 01
INFO - 95 cf c8 40 40 20 00 00
INFO - 95 d1 c8 08 40 27 6d db
INFO - 95 d1 08 20 40 28 06 01
INFO - 95 d1 48 40 40 20 00 fd
INFO - 95 d3 48 08 40 27 6d db
INFO - 95 d3 88 20 40 28 06 01
INFO - 95 d3 c8 40 40 23 f4 00
INFO - 95 d5 c8 08 40 27 6d db
INFO - 95 d5 08 20 40 28 06 01
INFO - 95 d5 48 40 40 20 00 00
INFO - 95 d7 48 08 40 27 6d db
INFO - 95 d7 88 20 40 28 06 01
INFO - 95 d7 c8 40 40 20 00 00
INFO - 95 d9 c8 08 40 27 6d db
INFO - 95 d9 08 20 40 28 06 01
INFO - 95 d9 48 40 40 20 00 fc
INFO - 95 db 48 08 40 27 6d db
INFO - 95 db 88 20 40 28 06 01
INFO - 95 db c8 40 40 23 f0 01
INFO - 95 dd c8 08 40 27 6d dc
INFO - 95 dd 08 20 40 28 06 01
INFO - 95 dd 48 40 40 20 04 00
INFO - 95 df 48 08 40 27 71 de
INFO - 95 df 88 20 40 28 06 01
INFO - 95 df c8 40 40 20 00 00
INFO - 95 e1 c8 08 40 27 79 de
INFO - 95 e1 08 20 40 28 06 01
INFO - 95 e1 48 40 40 20 00 00
INFO - 95 e3 48 08 40 27 79 de
INFO - 95 e3 88 20 40 28 06 01
INFO - 95 e3 c8 40 40 20 00 00
INFO - 95 e5 c8 08 40 47 79 de
INFO - 95 e5 08 20 40 48 06 01
INFO - 95 e5 48 40 40 40 00 00
INFO - 95 e9 c8 08 40 27 79 de
INFO - 95 e9 08 20 40 28 06 01
INFO - 95 e9 48 40 40 20 00 fc
INFO - 95 eb 48 08 40 27 79 de
INFO - 95 eb 88 20 40 28 06 01
INFO - 95 eb c8 40 40 23 f0 01
INFO - 95 ed c8 08 40 27 79 de
INFO - 95 ed 08 20 40 28 06 03
INFO - 95 ed 48 40 40 20 04 fc
INFO - 95 ef 48 08 40 27 79 de
INFO - 95 ef 88 20 40 28 0e 03
INFO - 95 ef c8 40 40 23 f0 01
INFO - 95 f1 c8 08 40 27 79 de
INFO - 95 f1 08 20 40 28 0e 03
INFO - 95 f1 48 40 40 20 04 fc
INFO - 95 f3 48 08 40 27 79 de
INFO - 95 f3 88 20 40 28 0e 03
INFO - 95 f3 c8 40 40 23 f0 01
INFO - 95 f5 c8 08 40 27 79 de
INFO - 95 f5 08 20 40 28 0e 03
INFO - 95 f5 48 40 40 20 04 00
INFO - 95 f7 48 08 40 27 79 de
INFO - 95 f7 88 20 40 28 0e 03
INFO - 95 f7 c8 40 40 20 00 00
INFO - 95 f9 c8 08 40 27 79 de
INFO - 95 f9 08 20 40 28 0e 03
INFO - 95 f9 48 40 40 20 00 fc
INFO - 95 fb 48 08 40 27 79 e1
INFO - 95 fb 88 20 40 28 0e 03
INFO - 95 fb c8 40 40 23 f0 01
INFO - 95 fd c8 08 40 27 86 13
INFO - 95 fd 08 20 40 28 0e 03
INFO - 95 fd 48 40 40 20 04 00
INFO - 95 ff 48 08 40 28 4e 13
INFO - 95 ff 88 20 40 28 0e 03
INFO - 95 ff c8 40 40 20 00 fc
INFO - 96 01 c8 08 40 28 4e 13
INFO - 96 01 08 20 40 28 0e 03
INFO - 96 01 48 40 40 23 f0 01
INFO - 96 03 48 08 40 28 4e 13
INFO - 96 03 88 20 40 28 0e 03
INFO - 96 03 c8 40 40 20 04 fc
INFO - 96 05 c8 08 40 28 4e 13
INFO - 96 05 08 20 40 28 0e 05
INFO - 96 05 48 40 40 23 f0 01
INFO - 96 07 48 08 40 28 4e 13
INFO - 96 07 88 20 40 28 16 05
INFO - 96 07 c8 40 40 20 04 00
INFO - 96 09 c8 08 40 28 4e 13
INFO - 96 09 08 20 40 28 16 05
INFO - 96 09 48 40 40 20 00 fc
INFO - 96 0b 48 08 40 28 4e 13
INFO - 96 0b 88 20 40 28 16 05
INFO - 96 0b c8 40 40 23 f0 01
INFO - 96 0d c8 08 40 28 4e 13
INFO - 96 0d 08 20 40 28 16 03
INFO - 96 0d 48 40 40 20 04 fc
INFO - 96 0f 48 08 40 28 4e 13
INFO - 96 0f 88 20 40 28 0e 03
INFO - 96 0f c8 40 40 23 f0 01
INFO - 96 11 c8 08 40 28 4e 13
INFO - 96 11 08 20 40 28 0e 03
INFO - 96 11 48 40 40 20 04 00
INFO - 96 13 48 08 40 28 4e 13
INFO - 96 13 88 20 40 28 0e 03
INFO - 96 13 c8 40 40 20 00 fc
INFO - 96 15 c8 08 40 28 4e 13
INFO - 96 15 08 20 40 28 0e 03
INFO - 96 15 48 40 40 23 f0 01
INFO - 96 17 48 08 40 28 4e 13
INFO - 96 17 88 20 40 28 0e 05
INFO - 96 17 c8 40 40 20 04 fc
INFO - 96 19 c8 08 40 28 4e 0f
INFO - 96 19 08 20 40 28 16 05
INFO - 96 19 48 40 40 23 f0 01
INFO - 96 1b 48 08 40 28 3d e4
INFO - 96 1b 88 20 40 28 16 05
INFO - 96 1b c8 40 40 20 04 fc
INFO - 96 1d c8 08 40 27 91 e4
INFO - 96 1d 08 20 40 28 16 07
INFO - 96 1d 48 40 40 23 f0 01
INFO - 96 1f 48 08 40 27 91 e4
INFO - 96 1f 88 20 40 28 1e 07
INFO - 96 1f c8 40 40 20 04 fc
INFO - 96 21 c8 08 40 27 91 e4
INFO - 96 21 08 20 40 28 1e 07
INFO - 96 21 48 40 40 23 f0 01
INFO - 96 23 48 08 40 27 91 e4
INFO - 96 23 88 20 40 28 1e 07
INFO - 96 23 c8 40 40 20 04 fc
INFO - 96 25 c8 08 40 27 91 e4
INFO - 96 25 08 20 40 28 1e 07
INFO - 96 25 48 40 40 23 f0 01
INFO - 96 27 48 08 40 27 91 e4
INFO - 96 27 88 20 40 28 1e 07
INFO - 96 27 c8 40 40 20 04 fc
INFO - 96 29 c8 08 40 27 91 e4
INFO - 96 29 08 20 40 28 1e 05
INFO - 96 29 48 40 40 23 f0 01
INFO - 96 2b 48 08 40 27 91 e4
INFO - 96 2b 88 20 40 28 16 05
INFO - 96 2b c8 40 40 20 04 fc
INFO - 96 2d c8 08 40 27 91 e4
INFO - 96 2d 08 20 40 28 16 07
INFO - 96 2d 48 40 40 23 f0 fe
INFO - 96 2f 48 08 40 27 91 e4
INFO - 96 2f 88 20 40 28 1e 07
INFO - 96 2f c8 40 40 23 f8 01
INFO - 96 31 c8 08 40 27 91 e4
INFO - 96 31 08 20 40 28 1e 07
INFO - 96 31 48 40 40 20 04 fc
INFO - 96 33 48 08 40 27 91 e4
INFO - 96 33 88 20 40 28 1e 05
INFO - 96 33 c8 40 40 23 f0 01
INFO - 96 35 c8 08 40 27 91 e4
INFO - 96 35 08 20 40 28 16 05
INFO - 96 35 48 40 40 20 04 fc
INFO - 96 37 48 08 40 27 91 e4
INFO - 96 37 88 20 40 28 16 05
INFO - 96 37 c8 40 40 23 f0 00
INFO - 96 39 c8 08 40 27 91 e2
INFO - 96 39 08 20 40 28 16 05
INFO - 96 39 48 40 40 20 00 fe
INFO - 96 3b 48 08 40 27 89 cd
INFO - 96 3b 88 20 40 28 16 05
INFO - 96 3b c8 40 40 23 f8 01
INFO - 96 3d c8 08 40 27 35 cd
INFO - 96 3d 08 20 40 28 16 05
INFO - 96 3d 48 40 40 20 04 fc
INFO - 96 3f 48 08 40 27 35 cd
INFO - 96 3f 88 20 40 28 16 05
INFO - 96 3f c8 40 40 23 f0 00
INFO - 96 41 c8 08 40 27 35 cd
INFO - 96 41 08 20 40 28 16 05
INFO - 96 41 48 40 40 20 00 01
INFO - 96 43 48 08 40 27 35 cd
INFO - 96 43 88 20 40 28 16 05
INFO - 96 43 c8 40 40 20 04 fc
INFO - 96 45 c8 08 40 27 35 cd
INFO - 96 45 08 20 40 28 16 03
INFO - 96 45 48 40 40 23 f0 00
INFO - 96 47 48 08 40 27 35 cd
INFO - 96 47 88 20 40 28 0e 03
INFO - 96 47 c8 40 40 20 00 01
INFO - 96 49 c8 08 40 27 35 cd
INFO - 96 49 08 20 40 28 0e 05
INFO - 96 49 48 40 40 20 04 fc
INFO - 96 4b 48 08 40 27 35 cd
INFO - 96 4b 88 20 40 28 16 05
INFO - 96 4b c8 40 40 23 f0 00
INFO - 96 4d c8 08 40 27 35 cd
INFO - 96 4d 08 20 40 28 16 07
INFO - 96 4d 48 40 40 20 00 fe
INFO - 96 4f 48 08 40 27 35 cd
INFO - 96 4f 88 20 40 28 1e 07
INFO - 96 4f c8 40 40 23 f8 00
INFO - 96 51 c8 08 40 27 35 cd
INFO - 96 51 08 20 40 28 1e 07
INFO - 96 51 48 40 40 20 00 01
INFO - 96 53 48 08 40 27 35 cd
INFO - 96 53 88 20 40 28 1e 09
INFO - 96 53 c8 40 40 20 04 fc
INFO - 96 55 c8 08 40 27 35 ce
INFO - 96 55 08 20 40 28 26 09
INFO - 96 55 48 40 40 23 f0 00
INFO - 96 57 48 08 40 07 39 ce
INFO - 96 57 88 20 40 08 26 09
INFO - 96 57 c8 40 40 00 00 bd
INFO - b6 ba 48 40 57 00 00 02
INFO - b6 ba 88 40 57 00 00 02
INFO - b6 ba c8 40 57 00 00 02
INFO - b6 ba 08 40 57 00 00 02
