INFO - a0 02 49 40 57 00 00 02
INFO - a0 02 89 40 57 00 00 02
INFO - a0 02 c9 40 57 00 00 02
INFO - a0 02 09 40 57 00 00 02
INFO - a7 fe 49 40 57 00 00 02
INFO - a7 fe 89 40 57 00 00 02
INFO - a7 fe c9 40 57 00 00 02
INFO - a7 fe 09 40 57 00 00 02
INFO - aa b3 89 40 57 00 00 02
INFO - aa b3 c9 40 57 00 00 02
INFO - aa b3 09 40 57 00 00 02
INFO - aa b3 49 40 57 00 00 02
INFO - af 87 09 40 57 00 00 02
INFO - af 87 49 40 57 00 00 02
INFO - af 87 89 40 57 00 00 02
INFO - af 87 c9 40 57 00 00 02
INFO - af 87 09 40 57 00 00 02
INFO - b3 52 49 40 57 00 00 02
INFO - b3 52 89 40 57 00 00 02
INFO - b3 52 c9 40 57 00 00 02
INFO - b3 52 09 40 57 00 00 02
INFO - b3 52 49 40 57 00 00 02
INFO - b4 4c 49 40 57 00 00 02
INFO - b4 4c 89 40 57 00 00 02
INFO - b4 4c c9 40 57 00 00 02
INFO - b4 4c 09 40 57 00 00 02
INFO - b5 18 c9 40 57 00 00 02
INFO - b5 18 09 40 57 00 00 02
INFO - b5 18 49 40 57 00 00 02
INFO - b5 18 89 40 57 00 00 02
INFO - ba a8 09 40 57 00 00 02
INFO - ba a8 49 40 57 00 00 02
INFO - ba a8 89 40 57 00 00 02
INFO - ba a8 c9 40 57 00 00 02
INFO - a1 6a 89 40 57 00 00 02
INFO - a1 6a c9 40 57 00 00 02
INFO - a1 6a 09 40 57 00 00 02
INFO - a1 6a 49 40 57 00 00 02
