INFO - 40 00 4d 00 f9 41 00 23
INFO - 40 08 8d 00 f9 41 00 23
INFO - 40 94 cd 00 f9 51 00 20
INFO - 40 d8 0d 00 f9 51 00 20
INFO - 41 0d 4d 00 f9 41 00 23
INFO - 41 8c 8d 00 f9 41 00 23
INFO - 41 fc cd 00 f9 41 00 23
INFO - 43 f0 0d 00 f9 41 00 23
INFO - 44 45 4d 00 f9 41 00 23
INFO - 44 b2 8d 00 f9 51 00 20
INFO - 44 c4 cd 00 f9 51 00 20
INFO - 44 d8 0d 00 f9 41 00 24
INFO - 45 87 4d 00 f9 51 00 20
INFO - 45 e8 8d 00 f9 41 00 23
INFO - 46 00 cd 00 f9 41 00 23
INFO - 46 7b 0d 00 f9 41 00 23
INFO - 47 42 4d 00 f9 41 00 23
INFO - 47 61 8d 00 f9 51 00 20
INFO - 47 82 cd 00 f9 51 00 20
INFO - 47 a9 0d 00 f9 41 00 24
INFO - 49 65 4d 00 f9 41 00 24
INFO - 4b 5f 8d 00 f9 41 00 24
INFO - 4c 13 cd 00 f9 51 00 20
INFO - 4c 20 0d 00 f9 51 00 20
INFO - 4c 32 4d 00 f9 41 00 23
INFO - 4d 4c 8d 00 f9 41 00 23
INFO - 4f 46 cd 00 f9 41 00 23
INFO - 4f 84 0d 00 f9 51 00 20
INFO - 4f 9a 4d 00 f9 51 00 20
INFO - 4f a5 8d 00 f9 41 00 24
INFO - 50 5d cd 00 f9 51 00 20
INFO - 50 a7 0d 00 f9 41 00 23
INFO - 51 34 4d 00 f9 41 00 23
