INFO - 20 00 4c 3c 00 0a 40 00
INFO - 20 09 8c 3c 00 0b 9e 00
INFO - 20 1f cc 3c 00 0a eb 00
INFO - 20 22 0c 3c 00 0a 7c 00
INFO - 20 22 4c 3c 00 0a 7c 00
INFO - 20 22 8c 3c 00 0a 7c 00
INFO - 20 28 cc 3c 00 0a ae 00
INFO - 20 29 0c 3c 00 0a 6c 00
INFO - 20 2c 4c 3c 00 0a c0 00
INFO - 20 30 8c 3c 00 0b 0b 00
INFO - 20 32 cc 3c 00 0a bd 00
INFO - 20 36 0c 3c 00 0a e3 00
INFO - 20 3a 4c 3c 00 0b 11 00
INFO - 20 3a 8c 3c 00 0b 11 00
INFO - 20 3e cc 3c 00 0a ac 00
INFO - 20 41 0c 3c 00 0a c2 00
INFO - 20 43 4c 3c 00 0a 9d 00
INFO - 20 44 8c 3c 00 0a 74 00
INFO - 20 44 cc 3c 00 0a 74 00
INFO - 20 49 0c 3c 00 0a c2 00
INFO - 20 49 4c 3c 00 0a c2 00
INFO - 20 4c 8c 3c 00 0a 91 00
INFO - 20 52 cc 3c 00 0b 71 00
INFO - 20 56 0c 3c 00 0a ef 00
INFO - 20 5a 4c 3c 00 0a f1 00
INFO - 20 5a 8c 3c 00 0a f1 00
INFO - 20 5e cc 3c 00 0a bc 00
INFO - 20 63 0c 3c 00 0b 36 00
INFO - 20 63 4c 3c 00 0b 36 00
INFO - 20 67 8c 3c 00 0a 9b 00
INFO - 20 6b cc 3c 00 0a f7 00
INFO - 20 6e 0c 3c 00 0a de 00
INFO - 20 70 4c 3c 00 0a 7d 00
INFO - 20 73 8c 3c 00 0a c7 00
INFO - 20 76 cc 3c 00 0a d7 00
INFO - 20 79 0c 3c 00 0a d1 00
INFO - 20 7c 4c 3c 00 0a be 00
INFO - 20 7e 8c 3c 00 0a a2 00
INFO - 20 81 cc 3c 00 0a c5 00
INFO - 20 85 0c 3c 00 0b 12 00
INFO - 20 88 4c 3c 00 0a e5 00
INFO - 20 8b 8c 3c 00 0a ce 00
INFO - 20 8d cc 3c 00 0a 9e 00
INFO - 20 90 0c 3c 00 0a d2 00
INFO - 20 92 4c 3c 00 0a c8 00
INFO - 20 94 8c 3c 00 0a 97 00
INFO - 20 97 cc 3c 00 0a d2 00
INFO - 20 9a 0c 3c 00 0a c5 00
INFO - 20 9d 4c 3c 00 0a c3 00
INFO - 20 a0 8c 3c 00 0a f3 00
INFO - 20 a3 cc 3c 00 0a ca 00
INFO - 20 a6 0c 3c 00 0a d7 00
INFO - 20 a8 4c 3c 00 0a b0 00
INFO - 20 ac 8c 3c 00 0b 00 00
INFO - 20 ae cc 3c 00 0a 96 00
INFO - 20 b0 0c 3c 00 0a b0 00
INFO - 20 b3 4c 3c 00 0a de 00
INFO - 20 b6 8c 3c 00 0a b8 00
INFO - 20 b8 cc 3c 00 0a bb 00
INFO - 20 bb 0c 3c 00 0a cb 00
INFO - 20 be 4c 3c 00 0a e5 00
INFO - 20 c2 8c 3c 00 0a e4 00
INFO - 20 c6 cc 3c 00 0b 07 00
INFO - 20 c8 0c 3c 00 0a c9 00
INFO - 20 cc 4c 3c 00 0a e5 00
INFO - 20 ce 8c 3c 00 0a b0 00
INFO - 20 d0 cc 3c 00 0a af 00
INFO - 20 d3 0c 3c 00 0a d8 00
INFO - 20 d7 4c 3c 00 0a e5 00
INFO - 20 da 8c 3c 00 0a d8 00
INFO - 20 dd cc 3c 00 0a d2 00
INFO - 20 df 0c 3c 00 0a c9 00
INFO - 20 e1 4c 3c 00 0a 9c 00
INFO - 20 e5 8c 3c 00 0a 9d 00
INFO - 20 e8 cc 3c 00 0a d2 00
INFO - 20 ea 0c 3c 00 0a 96 00
INFO - 20 ed 4c 3c 00 0a d2 00
INFO - 20 f0 8c 3c 00 0a f2 00
INFO - 20 f3 cc 3c 00 0a bf 00
INFO - 20 f6 0c 3c 00 0a e3 00
INFO - 20 f9 4c 3c 00 0a c2 00
INFO - 20 fc 8c 3c 00 0a d4 00
INFO - 20 fe cc 3c 00 0a c0 00
INFO - 21 00 0c 3c 00 0a a2 00
INFO - 21 03 4c 3c 00 0a b6 00
INFO - 21 06 8c 3c 00 0a ec 00
INFO - 21 09 cc 3c 00 0a d2 00
INFO - 21 0c 0c 3c 00 0a e0 00
INFO - 21 0e 4c 3c 00 0a a5 00
INFO - 21 10 8c 3c 00 0a a1 00
INFO - 21 12 cc 3c 00 0a b6 00
INFO - 21 15 0c 3c 00 0a d1 00
INFO - 21 18 4c 3c 00 0a b3 00
INFO - 21 1a 8c 3c 00 0a ac 00
INFO - 21 1d cc 3c 00 0a c0 00
INFO - 21 20 0c 3c 00 0a e1 00
INFO - 21 23 4c 3c 00 0a cd 00
INFO - 21 25 8c 3c 00 0a c7 00
INFO - 21 2a cc 3c 00 0b 11 00
INFO - 21 2c 0c 3c 00 0a d0 00
INFO - 21 2e 4c 3c 00 0a 99 00
INFO - 21 30 8c 3c 00 0a ab 00
INFO - 21 33 cc 3c 00 0a b3 00
INFO - 21 36 0c 3c 00 0a df 00
INFO - 21 38 4c 3c 00 0a b3 00
INFO - 21 3a 8c 3c 00 0a 9e 00
INFO - 21 3c cc 3c 00 0a b5 00
INFO - 21 3f 0c 3c 00 0a b8 00
INFO - 21 41 4c 3c 00 0a a8 00
INFO - 21 43 8c 3c 00 0a a7 00
INFO - 21 45 cc 3c 00 0a b8 00
INFO - 21 47 0c 3c 00 0a 9c 00
INFO - 21 4a 4c 3c 00 0a 7a 00
INFO - 21 4c 8c 3c 00 0a b9 00
INFO - 21 4e cc 3c 00 0a 99 00
INFO - 21 50 0c 3c 00 0a 9f 00
INFO - 21 52 4c 3c 00 0a b6 00
INFO - 21 54 8c 3c 00 0a a7 00
INFO - 21 59 cc 3c 00 0b 20 00
INFO - 21 5c 0c 3c 00 0a d3 00
INFO - 21 5f 4c 3c 00 0a dc 00
INFO - 21 62 8c 3c 00 0a c7 00
INFO - 21 66 cc 3c 00 0b 20 00
INFO - 21 6a 0c 3c 00 0b 11 00
INFO - 21 6d 4c 3c 00 0a ba 00
INFO - 21 6f 8c 3c 00 0a b5 00
INFO - 21 71 cc 3c 00 0a ac 00
INFO - 21 74 0c 3c 00 0a b5 00
INFO - 21 79 4c 3c 00 0b 56 00
INFO - 21 7c 8c 3c 00 0a ba 00
INFO - 21 7f cc 3c 00 0a d2 00
INFO - 21 81 0c 3c 00 0a b7 00
INFO - 21 83 4c 3c 00 0a a9 00
INFO - 21 86 8c 3c 00 0a e2 00
INFO - 21 89 cc 3c 00 0a b8 00
INFO - 21 8c 0c 3c 00 0a d2 00
INFO - 21 8e 4c 3c 00 0a a9 00
INFO - 21 91 8c 3c 00 0a e2 00
INFO - 21 95 cc 3c 00 0a fa 00
INFO - 21 97 0c 3c 00 0a b6 00
INFO - 21 9b 4c 3c 00 0a e2 00
INFO - 21 9d 8c 3c 00 0a b6 00
INFO - 21 9f cc 3c 00 0a 9f 00
INFO - 21 a2 0c 3c 00 0a d4 00
INFO - 21 a5 4c 3c 00 0a e1 00
INFO - 21 a8 8c 3c 00 0a df 00
INFO - 21 ac cc 3c 00 0a e3 00
INFO - 21 ae 0c 3c 00 0a b7 00
INFO - 21 b1 4c 3c 00 0a 7e 00
INFO - 21 b5 8c 3c 00 0b 0a 00
INFO - 21 b8 cc 3c 00 0a d5 00
INFO - 21 ba 0c 3c 00 0a aa 00
INFO - 21 bc 4c 3c 00 0a c9 00
INFO - 21 bf 8c 3c 00 0a d4 00
INFO - 21 c3 cc 3c 00 0a e2 00
INFO - 21 c5 0c 3c 00 0a ad 00
INFO - 21 c9 4c 3c 00 0a fe 00
INFO - 21 cc 8c 3c 00 0a c7 00
INFO - 21 ce cc 3c 00 0a b9 00
INFO - 21 d0 0c 3c 00 0a bc 00
INFO - 21 d4 4c 3c 00 0a f0 00
INFO - 21 d8 8c 3c 00 0a f1 00
INFO - 21 db cc 3c 00 0a d8 00
INFO - 21 de 0c 3c 00 0a d5 00
INFO - 21 e0 4c 3c 00 0a bd 00
INFO - 21 e2 8c 3c 00 0a a0 00
INFO - 21 e6 cc 3c 00 0a f2 00
INFO - 21 e9 0c 3c 00 0a d7 00
INFO - 21 eb 4c 3c 00 0a c8 00
INFO - 21 ee 8c 3c 00 0a af 00
INFO - 21 f1 cc 3c 00 0a d7 00
INFO - 21 f5 0c 3c 00 0b 1d 00
INFO - 21 f7 4c 3c 00 0a ae 00
INFO - 21 fa 8c 3c 00 0a d6 00
INFO - 21 fd cc 3c 00 0a be 00
INFO - 22 00 0c 3c 00 0a d7 00
INFO - 22 03 4c 3c 00 0a da 00
INFO - 22 06 8c 3c 00 0a c9 00
INFO - 22 09 cc 3c 00 0a ca 00
INFO - 22 0b 0c 3c 00 0a b1 00
INFO - 22 0e 4c 3c 00 0a ca 00
INFO - 22 11 8c 3c 00 0a 85 00
INFO - 22 16 cc 3c 00 0b 2b 00
INFO - 22 19 0c 3c 00 0a b0 00
INFO - 22 27 4c 3c 00 0a c9 00
INFO - 22 2a 8c 3c 00 0a d3 00
INFO - 22 2d cc 3c 00 0a da 00
INFO - 22 2f 0c 3c 00 0a a1 00
INFO - 22 32 4c 3c 00 0a ca 00
INFO - 22 36 8c 3c 00 0a e8 00
INFO - 22 39 cc 3c 00 0a f6 00
INFO - 22 3c 0c 3c 00 0a c9 00
INFO - 22 3f 4c 3c 00 0a db 00
INFO - 22 42 8c 3c 00 0a d8 00
INFO - 22 44 cc 3c 00 0a b2 00
INFO - 22 47 0c 3c 00 0a cb 00
INFO - 22 4a 4c 3c 00 0a da 00
INFO - 22 4e 8c 3c 00 0a e7 00
INFO - 22 51 cc 3c 00 0a d8 00
INFO - 22 54 0c 3c 00 0a f7 00
INFO - 22 58 4c 3c 00 0a d6 00
INFO - 22 5a 8c 3c 00 0a cc 00
INFO - 22 5d cc 3c 00 0a bd 00
INFO - 22 5f 0c 3c 00 0a bc 00
INFO - 22 62 4c 3c 00 0a bf 00
INFO - 22 65 8c 3c 00 0a 93 00
INFO - 22 68 cc 3c 00 0a db 00
INFO - 22 6c 0c 3c 00 0a f4 00
INFO - 22 71 4c 3c 00 0b 30 00
INFO - 22 75 8c 3c 00 0b 02 00
INFO - 22 78 cc 3c 00 0a db 00
INFO - 22 7b 0c 3c 00 0a cc 00
INFO - 22 7d 4c 3c 00 0a af 00
INFO - 22 7f 8c 3c 00 0a b1 00
INFO - 22 82 cc 3c 00 0a db 00
INFO - 22 85 0c 3c 00 0a da 00
INFO - 22 88 4c 3c 00 0a b2 00
INFO - 22 8b 8c 3c 00 0a da 00
INFO - 22 90 cc 3c 00 0a cc 00
INFO - 22 92 0c 3c 00 0a bf 00
INFO - 22 95 4c 3c 00 0a bd 00
INFO - 22 97 8c 3c 00 0a b1 00
INFO - 22 99 cc 3c 00 0a a1 00
INFO - 22 9b 0c 3c 00 0a b0 00
INFO - 22 9e 4c 3c 00 0a cc 00
INFO - 22 a2 8c 3c 00 0a f6 00
INFO - 22 a5 cc 3c 00 0a e7 00
INFO - 22 a8 0c 3c 00 0a cb 00
INFO - 22 aa 4c 3c 00 0a a2 00
INFO - 22 ac 8c 3c 00 0a bd 00
INFO - 22 ae cc 3c 00 0a a2 00
INFO - 22 b0 0c 3c 00 0a af 00
INFO - 22 b4 4c 3c 00 0a f5 00
INFO - 22 b6 8c 3c 00 0a a0 00
INFO - 22 b8 cc 3c 00 0a be 00
INFO - 22 bb 0c 3c 00 0a a9 00
INFO - 22 bd 4c 3c 00 0a b2 00
INFO - 22 bf 8c 3c 00 0a a0 00
INFO - 22 c3 cc 3c 00 0b 11 00
INFO - 22 c5 0c 3c 00 0a ae 00
INFO - 22 c8 4c 3c 00 0a bd 00
INFO - 22 ca 8c 3c 00 0a ae 00
INFO - 22 cc cc 3c 00 0a af 00
INFO - 22 cf 0c 3c 00 0a b0 00
INFO - 22 d1 4c 3c 00 0a ad 00
INFO - 22 d3 8c 3c 00 0a be 00
INFO - 22 d7 cc 3c 00 0a f4 00
INFO - 22 db 0c 3c 00 0b 00 00
INFO - 22 df 4c 3c 00 0a 9b 00
INFO - 22 e2 8c 3c 00 0a d6 00
INFO - 22 ec cc 3c 00 0b fe 00
INFO - 22 ee 0c 3c 00 0a a1 00
INFO - 22 f0 4c 3c 00 0a bf 00
INFO - 22 f2 8c 3c 00 0a ac 00
INFO - 22 f5 cc 3c 00 0a cd 00
INFO - 22 f7 0c 3c 00 0a ad 00
INFO - 22 fb 4c 3c 00 0a e5 00
INFO - 22 fd 8c 3c 00 0a ca 00
INFO - 23 00 cc 3c 00 0a b1 00
INFO - 23 02 0c 3c 00 0a ab 00
INFO - 23 05 4c 3c 00 0a da 00
INFO - 23 08 8c 3c 00 0a c8 00
INFO - 23 0b cc 3c 00 0a d9 00
INFO - 23 0d 0c 3c 00 0a ca 00
INFO - 23 11 4c 3c 00 0a da 00
INFO - 23 13 8c 3c 00 0a bd 00
INFO - 23 16 cc 3c 00 0a e4 00
INFO - 23 19 0c 3c 00 0a ae 00
INFO - 23 1c 4c 3c 00 0a e6 00
INFO - 23 1e 8c 3c 00 0a a1 00
INFO - 23 22 cc 3c 00 0b 01 00
INFO - 23 24 0c 3c 00 0a ae 00
INFO - 23 27 4c 3c 00 0a cc 00
INFO - 23 29 8c 3c 00 0a be 00
INFO - 23 2d cc 3c 00 0a e3 00
INFO - 23 30 0c 3c 00 0a f7 00
INFO - 23 33 4c 3c 00 0a c7 00
INFO - 23 35 8c 3c 00 0a a3 00
INFO - 23 39 cc 3c 00 0b 02 00
INFO - 23 3a 0c 3c 00 0a 93 00
INFO - 23 3d 4c 3c 00 0a b9 00
INFO - 23 40 8c 3c 00 0a dc 00
INFO - 23 44 cc 3c 00 0a f1 00
INFO - 23 46 0c 3c 00 0a b1 00
INFO - 23 49 4c 3c 00 0a c7 00
INFO - 23 4b 8c 3c 00 0a bc 00
INFO - 23 4e cc 3c 00 0a e8 00
INFO - 23 51 0c 3c 00 0a c6 00
INFO - 23 54 4c 3c 00 0a db 00
INFO - 23 57 8c 3c 00 0a c7 00
INFO - 23 59 cc 3c 00 0a a8 00
INFO - 23 5b 0c 3c 00 0a 9f 00
INFO - 23 5e 4c 3c 00 0a da 00
INFO - 23 61 8c 3c 00 0a b8 00
INFO - 23 63 cc 3c 00 0a b1 00
INFO - 23 66 0c 3c 00 0a d4 00
INFO - 23 69 4c 3c 00 0a d6 00
INFO - 23 6b 8c 3c 00 0a 9f 00
INFO - 23 6d cc 3c 00 0a a0 00
INFO - 23 70 0c 3c 00 0a e4 00
INFO - 23 74 4c 3c 00 0a f1 00
INFO - 23 76 8c 3c 00 0a bc 00
INFO - 23 78 cc 3c 00 0a af 00
INFO - 23 7b 0c 3c 00 0a d6 00
INFO - 23 7d 4c 3c 00 0a aa 00
INFO - 23 81 8c 3c 00 0a e7 00
INFO - 23 85 cc 3c 00 0b 09 00
INFO - 23 88 0c 3c 00 0a d8 00
INFO - 23 8b 4c 3c 00 0a d5 00
INFO - 23 8d 8c 3c 00 0a aa 00
INFO - 23 90 cc 3c 00 0a c7 00
INFO - 23 92 0c 3c 00 0a bd 00
INFO - 23 95 4c 3c 00 0a e2 00
INFO - 23 98 8c 3c 00 0a a9 00
INFO - 23 9b cc 3c 00 0a d4 00
INFO - 23 9e 0c 3c 00 0a d4 00
INFO - 23 a1 4c 3c 00 0a d8 00
INFO - 23 a4 8c 3c 00 0a d2 00
INFO - 23 a7 cc 3c 00 0a fd 00
INFO - 23 aa 0c 3c 00 0a c6 00
INFO - 23 ac 4c 3c 00 0a af 00
INFO - 23 b0 8c 3c 00 0a ef 00
INFO - 23 b2 cc 3c 00 0a 9b 00
INFO - 23 b4 0c 3c 00 0a ba 00
INFO - 23 b7 4c 3c 00 0a e1 00
INFO - 23 bb 8c 3c 00 0a ef 00
INFO - 23 bd cc 3c 00 0a c6 00
INFO - 23 c0 0c 3c 00 0a ca 00
INFO - 23 c2 4c 3c 00 0a a8 00
INFO - 23 c5 8c 3c 00 0a c9 00
INFO - 23 c7 cc 3c 00 0a a9 00
INFO - 23 ca 0c 3c 00 0a e0 00
INFO - 23 cd 4c 3c 00 0a b9 00
INFO - 23 d0 8c 3c 00 0a d4 00
INFO - 23 d3 cc 3c 00 0a c9 00
INFO - 23 d6 0c 3c 00 0a ea 00
INFO - 23 d8 4c 3c 00 0a a1 00
INFO - 23 db 8c 3c 00 0a d3 00
INFO - 23 dd cc 3c 00 0a a8 00
INFO - 23 e0 0c 3c 00 0a ed 00
INFO - 23 e3 4c 3c 00 0a ae 00
INFO - 23 e4 8c 3c 00 0a 9a 00
INFO - 23 e8 cc 3c 00 0a e4 00
INFO - 23 ea 0c 3c 00 0a a7 00
INFO - 23 ed 4c 3c 00 0a f0 00
INFO - 23 f4 8c 3c 00 0a c3 00
INFO - 23 f7 cc 3c 00 0a b5 00
INFO - 23 f9 0c 3c 00 0a b8 00
INFO - 23 fb 4c 3c 00 0a 90 00
INFO - 23 fd 8c 3c 00 0a 9c 00
INFO - 23 ff cc 3c 00 0a c5 00
INFO - 24 02 0c 3c 00 0a c6 00
INFO - 24 05 4c 3c 00 0a ec 00
INFO - 24 08 8c 3c 00 0a c8 00
INFO - 24 0c cc 3c 00 0a e9 00
INFO - 24 0e 0c 3c 00 0a c8 00
INFO - 24 11 4c 3c 00 0a dc 00
INFO - 24 14 8c 3c 00 0a c7 00
INFO - 24 17 cc 3c 00 0a dc 00
INFO - 24 1a 0c 3c 00 0a d6 00
INFO - 24 1d 4c 3c 00 0a 8e 00
INFO - 24 1f 8c 3c 00 0a 9c 00
INFO - 24 23 cc 3c 00 0a e3 00
INFO - 24 24 0c 3c 00 0a 8c 00
INFO - 24 27 4c 3c 00 0a d3 00
INFO - 24 2a 8c 3c 00 0a d3 00
INFO - 24 2c cc 3c 00 0a bb 00
INFO - 24 2e 0c 3c 00 0a a8 00
INFO - 24 30 4c 3c 00 0a a0 00
INFO - 24 33 8c 3c 00 0a b5 00
INFO - 24 34 cc 3c 00 0a 90 00
INFO - 24 37 0c 3c 00 0a b8 00
INFO - 24 39 4c 3c 00 0a aa 00
INFO - 24 3b 8c 3c 00 0a ae 00
INFO - 24 3d cc 3c 00 0a b4 00
INFO - 24 40 0c 3c 00 0a c9 00
INFO - 24 44 4c 3c 00 0a ea 00
INFO - 24 47 8c 3c 00 0a d6 00
INFO - 24 49 cc 3c 00 0a a7 00
INFO - 24 4b 0c 3c 00 0a c8 00
INFO - 24 52 4c 3c 00 0b 96 00
INFO - 24 54 8c 3c 00 0a ab 00
INFO - 24 58 cc 3c 00 0a fb 00
INFO - 24 5c 0c 3c 00 0a e8 00
INFO - 24 60 4c 3c 00 0a f8 00
INFO - 24 63 8c 3c 00 0a b5 00
INFO - 24 66 cc 3c 00 0a e2 00
INFO - 24 68 0c 3c 00 0a a8 00
INFO - 24 6b 4c 3c 00 0a ba 00
INFO - 24 6d 8c 3c 00 0a a7 00
INFO - 24 6f cc 3c 00 0a a9 00
INFO - 24 71 0c 3c 00 0a c5 00
INFO - 24 74 4c 3c 00 0a c6 00
INFO - 24 77 8c 3c 00 0a d2 00
INFO - 24 7a cc 3c 00 0a c4 00
INFO - 24 7d 0c 3c 00 0a d2 00
INFO - 24 7f 4c 3c 00 0a b6 00
INFO - 24 82 8c 3c 00 0a c5 00
INFO - 24 84 cc 3c 00 0a a9 00
INFO - 24 87 0c 3c 00 0a d1 00
INFO - 24 89 4c 3c 00 0a c4 00
INFO - 24 8b 8c 3c 00 0a 9c 00
INFO - 24 8e cc 3c 00 0a c4 00
INFO - 24 92 0c 3c 00 0a f8 00
INFO - 24 94 4c 3c 00 0a c3 00
INFO - 24 98 8c 3c 00 0a eb 00
INFO - 24 9a cc 3c 00 0a c4 00
INFO - 24 9c 0c 3c 00 0a 9c 00
INFO - 24 9e 4c 3c 00 0a 9b 00
INFO - 24 a1 8c 3c 00 0a ea 00
INFO - 24 a4 cc 3c 00 0a b7 00
INFO - 24 a7 0c 3c 00 0a ea 00
INFO - 24 aa 4c 3c 00 0a b5 00
INFO - 24 ac 8c 3c 00 0a d3 00
INFO - 24 af cc 3c 00 0a b6 00
INFO - 24 b2 0c 3c 00 0a db 00
INFO - 24 b4 4c 3c 00 0a a8 00
INFO - 24 b6 8c 3c 00 0a b8 00
INFO - 24 b9 cc 3c 00 0a cd 00
INFO - 24 bc 0c 3c 00 0a c6 00
INFO - 24 be 4c 3c 00 0a b3 00
INFO - 24 c0 8c 3c 00 0a a9 00
INFO - 24 c4 cc 3c 00 0a dc 00
INFO - 24 c7 0c 3c 00 0a f6 00
INFO - 24 ca 4c 3c 00 0a dd 00
INFO - 24 cd 8c 3c 00 0a b5 00
INFO - 24 cf cc 3c 00 0a b5 00
INFO - 24 d2 0c 3c 00 0a c6 00
INFO - 24 d3 4c 3c 00 0a 98 00
INFO - 24 d6 8c 3c 00 0a d3 00
INFO - 24 d8 cc 3c 00 0a a6 00
INFO - 24 dc 0c 3c 00 0a ed 00
INFO - 24 de 4c 3c 00 0a b2 00
INFO - 24 e2 8c 3c 00 0a f9 00
INFO - 24 e4 cc 3c 00 0a ac 00
INFO - 24 e6 0c 3c 00 0a b4 00
INFO - 24 ea 4c 3c 00 0a e1 00
INFO - 24 eb 8c 3c 00 0a 8b 00
INFO - 24 ee cc 3c 00 0a d5 00
INFO - 24 f0 0c 3c 00 0a a7 00
INFO - 24 f2 4c 3c 00 0a a0 00
INFO - 24 f5 8c 3c 00 0a b4 00
INFO - 24 f6 cc 3c 00 0a 9d 00
INFO - 24 fa 0c 3c 00 0a ec 00
INFO - 24 fc 4c 3c 00 0a 9f 00
INFO - 24 ff 8c 3c 00 0a 88 00
INFO - 25 01 cc 3c 00 0a ad 00
INFO - 25 04 0c 3c 00 0a db 00
INFO - 25 07 4c 3c 00 0a c5 00
INFO - 25 09 8c 3c 00 0a b5 00
INFO - 25 0c cc 3c 00 0a ef 00
INFO - 25 0f 0c 3c 00 0a c1 00
INFO - 25 12 4c 3c 00 0a c7 00
INFO - 25 15 8c 3c 00 0a e9 00
INFO - 25 18 cc 3c 00 0a c6 00
INFO - 25 1b 0c 3c 00 0a e8 00
INFO - 25 1f 4c 3c 00 0a f8 00
INFO - 25 21 8c 3c 00 0a b7 00
INFO - 25 24 cc 3c 00 0a b9 00
INFO - 25 27 0c 3c 00 0a cf 00
INFO - 25 29 4c 3c 00 0a a8 00
INFO - 25 2c 8c 3c 00 0a fb 00
INFO - 25 30 cc 3c 00 0a f5 00
INFO - 25 32 0c 3c 00 0a ab 00
INFO - 25 35 4c 3c 00 0a b4 00
INFO - 25 37 8c 3c 00 0a ac 00
INFO - 25 39 cc 3c 00 0a c1 00
INFO - 25 3c 0c 3c 00 0a b9 00
INFO - 25 3f 4c 3c 00 0a ce 00
INFO - 25 41 8c 3c 00 0a ac 00
INFO - 25 44 cc 3c 00 0a e7 00
INFO - 25 47 0c 3c 00 0a b9 00
INFO - 25 49 4c 3c 00 0a a6 00
INFO - 25 4d 8c 3c 00 0b 11 00
INFO - 25 50 cc 3c 00 0a c5 00
INFO - 25 51 0c 3c 00 0a 99 00
INFO - 25 54 4c 3c 00 0a b5 00
INFO - 25 56 8c 3c 00 0a c6 00
INFO - 25 58 cc 3c 00 0a a6 00
INFO - 25 5b 0c 3c 00 0a c2 00
INFO - 25 5e 4c 3c 00 0a d0 00
INFO - 25 61 8c 3c 00 0a cf 00
INFO - 25 65 cc 3c 00 0b 07 00
INFO - 25 67 0c 3c 00 0a 9b 00
INFO - 25 6b 4c 3c 00 0b 10 00
INFO - 25 6e 8c 3c 00 0a cd 00
INFO - 25 70 cc 3c 00 0a 9d 00
INFO - 25 71 0c 3c 00 0a 7f 00
INFO - 25 73 4c 3c 00 0a b4 00
INFO - 25 76 8c 3c 00 0a b8 00
INFO - 25 78 cc 3c 00 0a be 00
INFO - 25 7a 0c 3c 00 0a 9b 00
INFO - 25 7e 4c 3c 00 0b 1b 00
INFO - 25 81 8c 3c 00 0a b5 00
INFO - 25 83 cc 3c 00 0a c0 00
INFO - 25 85 0c 3c 00 0a a9 00
INFO - 25 88 4c 3c 00 0a cb 00
INFO - 25 8a 8c 3c 00 0a 99 00
INFO - 25 8c cc 3c 00 0a 9c 00
INFO - 25 8e 0c 3c 00 0a bd 00
INFO - 25 91 4c 3c 00 0a b4 00
INFO - 25 93 8c 3c 00 0a bf 00
INFO - 25 95 cc 3c 00 0a 8f 00
INFO - 25 97 0c 3c 00 0a 98 00
INFO - 25 99 4c 3c 00 0a b0 00
INFO - 25 9c 8c 3c 00 0a e8 00
INFO - 25 9f cc 3c 00 0a d5 00
INFO - 25 a2 0c 3c 00 0a d9 00
INFO - 25 a4 4c 3c 00 0a 96 00
INFO - 25 a6 8c 3c 00 0a b3 00
INFO - 25 a8 cc 3c 00 0a 96 00
INFO - 25 aa 0c 3c 00 0a b1 00
INFO - 25 ad 4c 3c 00 0a ca 00
INFO - 25 b5 8c 3c 00 0b dc 00
INFO - 25 b7 cc 3c 00 0a 94 00
INFO - 25 b9 0c 3c 00 0a a6 00
INFO - 25 bd 4c 3c 00 0a f7 00
INFO - 25 bf 8c 3c 00 0a a5 00
INFO - 25 c1 cc 3c 00 0a c5 00
INFO - 25 c3 0c 3c 00 0a 96 00
INFO - 25 c6 4c 3c 00 0a c8 00
INFO - 25 ca 8c 3c 00 0a fb 00
INFO - 25 ce cc 3c 00 0b 00 00
INFO - 25 cf 0c 3c 00 0a 99 00
INFO - 25 d1 4c 3c 00 0a 92 00
INFO - 25 d4 8c 3c 00 0a c9 00
INFO - 25 d5 cc 3c 00 0a 92 00
INFO - 25 d7 0c 3c 00 0a a1 00
INFO - 25 da 4c 3c 00 0a ba 00
INFO - 25 dc 8c 3c 00 0a a0 00
INFO - 25 de cc 3c 00 0a bc 00
INFO - 25 e1 0c 3c 00 0a ce 00
INFO - 25 e3 4c 3c 00 0a a3 00
INFO - 25 e6 8c 3c 00 0a cd 00
INFO - 25 e9 cc 3c 00 0a c7 00
INFO - 25 ec 0c 3c 00 0a fd 00
INFO - 25 ee 4c 3c 00 0a a2 00
INFO - 25 f1 8c 3c 00 0a c1 00
INFO - 25 f4 cc 3c 00 0a c5 00
INFO - 25 f6 0c 3c 00 0a b5 00
INFO - 25 f9 4c 3c 00 0a d2 00
INFO - 25 fc 8c 3c 00 0a cc 00
INFO - 25 fe cc 3c 00 0a c5 00
INFO - 26 00 0c 3c 00 0a a9 00
INFO - 26 02 4c 3c 00 0a 96 00
INFO - 26 04 8c 3c 00 0a a9 00
INFO - 26 07 cc 3c 00 0a b7 00
INFO - 26 09 0c 3c 00 0a c7 00
INFO - 26 0b 4c 3c 00 0a 9c 00
INFO - 26 0d 8c 3c 00 0a ac 00
INFO - 26 10 cc 3c 00 0a ae 00
INFO - 26 12 0c 3c 00 0a b8 00
INFO - 26 14 4c 3c 00 0a 9e 00
INFO - 26 17 8c 3c 00 0a d0 00
INFO - 26 19 cc 3c 00 0a bb 00
INFO - 26 1d 0c 3c 00 0a e6 00
INFO - 26 1f 4c 3c 00 0a a3 00
INFO - 26 21 8c 3c 00 0a ce 00
INFO - 26 23 cc 3c 00 0a a3 00
INFO - 26 27 0c 3c 00 0a db 00
INFO - 26 29 4c 3c 00 0a a3 00
INFO - 26 2b 8c 3c 00 0a b7 00
INFO - 26 2e cc 3c 00 0a c5 00
INFO - 26 30 0c 3c 00 0a b9 00
INFO - 26 32 4c 3c 00 0a 95 00
INFO - 26 34 8c 3c 00 0a bb 00
INFO - 26 36 cc 3c 00 0a ab 00
INFO - 26 3a 0c 3c 00 0a f5 00
INFO - 26 3b 4c 3c 00 0a 89 00
INFO - 26 3e 8c 3c 00 0a d3 00
INFO - 26 40 cc 3c 00 0a 92 00
INFO - 26 43 0c 3c 00 0a d1 00
INFO - 26 45 4c 3c 00 0a af 00
INFO - 26 48 8c 3c 00 0a 89 00
INFO - 26 4a cc 3c 00 0a 93 00
INFO - 26 4d 0c 3c 00 0a cf 00
INFO - 26 4f 4c 3c 00 0a c7 00
INFO - 26 52 8c 3c 00 0a cc 00
INFO - 26 54 cc 3c 00 0a 88 00
INFO - 26 59 0c 3c 00 0b 1d 00
INFO - 26 5d 4c 3c 00 0a f1 00
INFO - 26 5f 8c 3c 00 0a ae 00
INFO - 26 61 cc 3c 00 0a b6 00
INFO - 26 64 0c 3c 00 0a c6 00
INFO - 26 66 4c 3c 00 0a a9 00
INFO - 26 69 8c 3c 00 0a d2 00
INFO - 26 6b cc 3c 00 0a 91 00
INFO - 26 6d 0c 3c 00 0a c4 00
INFO - 26 6f 4c 3c 00 0a a2 00
INFO - 26 72 8c 3c 00 0a c1 00
INFO - 26 74 cc 3c 00 0a c6 00
INFO - 26 76 0c 3c 00 0a 91 00
INFO - 26 79 4c 3c 00 0a c6 00
INFO - 26 7c 8c 3c 00 0a cd 00
INFO - 26 7e cc 3c 00 0a 83 00
INFO - 26 81 0c 3c 00 0a bf 00
INFO - 26 83 4c 3c 00 0a ac 00
INFO - 26 85 8c 3c 00 0a a2 00
INFO - 26 87 cc 3c 00 0a bf 00
INFO - 26 89 0c 3c 00 0a 8a 00
INFO - 26 8c 4c 3c 00 0a ca 00
INFO - 26 8f 8c 3c 00 0a e8 00
INFO - 26 91 cc 3c 00 0a 9b 00
INFO - 26 93 0c 3c 00 0a b8 00
INFO - 26 96 4c 3c 00 0a be 00
INFO - 26 98 8c 3c 00 0a b7 00
INFO - 26 9a cc 3c 00 0a a6 00
INFO - 26 9d 0c 3c 00 0a cd 00
INFO - 26 9f 4c 3c 00 0a 9c 00
INFO - 26 a2 8c 3c 00 0a bf 00
INFO - 26 a4 cc 3c 00 0a bf 00
INFO - 26 a7 0c 3c 00 0a c0 00
INFO - 26 a9 4c 3c 00 0a b3 00
INFO - 26 ab 8c 3c 00 0a 9c 00
INFO - 26 ad cc 3c 00 0a a7 00
INFO - 26 b0 0c 3c 00 0a ca 00
INFO - 26 b2 4c 3c 00 0a 9c 00
INFO - 26 b4 8c 3c 00 0a be 00
INFO - 26 b6 cc 3c 00 0a a7 00
INFO - 26 b9 0c 3c 00 0a e0 00
INFO - 26 bb 4c 3c 00 0a 90 00
INFO - 26 be 8c 3c 00 0a d4 00
INFO - 26 c0 cc 3c 00 0a bd 00
INFO - 26 c4 0c 3c 00 0b 01 00
INFO - 26 c6 4c 3c 00 0a a6 00
INFO - 26 c8 8c 3c 00 0a 79 00
INFO - 26 ca cc 3c 00 0a c7 00
INFO - 26 cc 0c 3c 00 0a 8f 00
INFO - 26 ce 4c 3c 00 0a 9a 00
INFO - 26 d1 8c 3c 00 0a d2 00
INFO - 26 d2 cc 3c 00 0a 8e 00
INFO - 26 d5 0c 3c 00 0a b9 00
INFO - 26 d6 4c 3c 00 0a 8d 00
INFO - 26 d8 8c 3c 00 0a a2 00
INFO - 26 da cc 3c 00 0a a4 00
INFO - 26 dc 0c 3c 00 0a 99 00
INFO - 26 de 4c 3c 00 0a a3 00
INFO - 26 e0 8c 3c 00 0a 99 00
INFO - 26 e2 cc 3c 00 0a a3 00
INFO - 26 e3 0c 3c 00 0a 8d 00
INFO - 26 e5 4c 3c 00 0a 8e 00
INFO - 26 e7 8c 3c 00 0a a3 00
INFO - 26 e9 cc 3c 00 0a a3 00
INFO - 26 eb 0c 3c 00 0a ae 00
INFO - 26 ed 4c 3c 00 0a 97 00
INFO - 26 ef 8c 3c 00 0a b0 00
INFO - 26 f3 cc 3c 00 0b 04 00
INFO - 26 f5 0c 3c 00 0a 93 00
INFO - 26 f7 4c 3c 00 0a c3 00
INFO - 26 f9 8c 3c 00 0a a4 00
INFO - 26 fc cc 3c 00 0a ca 00
INFO - 26 ff 0c 3c 00 0a c2 00
INFO - 27 01 4c 3c 00 0a c2 00
INFO - 27 06 8c 3c 00 0b 1a 00
INFO - 27 08 cc 3c 00 0a ce 00
INFO - 27 0a 0c 3c 00 0a 97 00
INFO - 27 0d 4c 3c 00 0a bc 00
INFO - 27 10 8c 3c 00 0a d5 00
INFO - 27 13 cc 3c 00 0a fb 00
INFO - 27 16 0c 3c 00 0a b8 00
INFO - 27 18 4c 3c 00 0a 9b 00
INFO - 27 19 8c 3c 00 0a 95 00
INFO - 27 1b cc 3c 00 0a a5 00
INFO - 27 1d 0c 3c 00 0a 95 00
INFO - 27 1f 4c 3c 00 0a ae 00
INFO - 27 22 8c 3c 00 0a b2 00
INFO - 27 24 cc 3c 00 0a aa 00
INFO - 27 26 0c 3c 00 0a 9b 00
INFO - 27 28 4c 3c 00 0a a0 00
INFO - 27 2a 8c 3c 00 0a b2 00
INFO - 27 2c cc 3c 00 0a b6 00
INFO - 27 2f 0c 3c 00 0a d3 00
INFO - 27 31 4c 3c 00 0a aa 00
INFO - 27 33 8c 3c 00 0a a6 00
INFO - 27 35 cc 3c 00 0a a1 00
INFO - 27 37 0c 3c 00 0a 90 00
INFO - 27 3a 4c 3c 00 0a d7 00
INFO - 27 3c 8c 3c 00 0a bd 00
INFO - 27 3f cc 3c 00 0a c1 00
INFO - 27 41 0c 3c 00 0a 90 00
INFO - 27 43 4c 3c 00 0a c2 00
INFO - 27 45 8c 3c 00 0a 90 00
INFO - 27 47 cc 3c 00 0a a1 00
INFO - 27 4a 0c 3c 00 0a cf 00
INFO - 27 4c 4c 3c 00 0a c4 00
INFO - 27 4e 8c 3c 00 0a 82 00
INFO - 27 50 cc 3c 00 0a b3 00
INFO - 27 52 0c 3c 00 0a a0 00
INFO - 27 54 4c 3c 00 0a a3 00
INFO - 27 56 8c 3c 00 0a c4 00
INFO - 27 59 cc 3c 00 0a c4 00
INFO - 27 5b 0c 3c 00 0a a6 00
INFO - 27 5e 4c 3c 00 0a c1 00
INFO - 27 60 8c 3c 00 0a a4 00
INFO - 27 63 cc 3c 00 0a da 00
INFO - 27 65 0c 3c 00 0a 98 00
INFO - 27 67 4c 3c 00 0a b1 00
INFO - 27 69 8c 3c 00 0a 95 00
INFO - 27 6b cc 3c 00 0a a4 00
INFO - 27 6d 0c 3c 00 0a bc 00
INFO - 27 70 4c 3c 00 0a c1 00
INFO - 27 72 8c 3c 00 0a 9c 00
INFO - 27 74 cc 3c 00 0a af 00
INFO - 27 75 0c 3c 00 0a 8d 00
INFO - 27 78 4c 3c 00 0a af 00
INFO - 27 79 8c 3c 00 0a 8d 00
INFO - 27 7b cc 3c 00 0a ae 00
INFO - 27 7d 0c 3c 00 0a a4 00
INFO - 27 7f 4c 3c 00 0a 98 00
INFO - 27 82 8c 3c 00 0a c5 00
INFO - 27 83 cc 3c 00 0a 8d 00
INFO - 27 86 0c 3c 00 0a af 00
INFO - 27 87 4c 3c 00 0a 99 00
INFO - 27 8a 8c 3c 00 0a af 00
INFO - 27 8d cc 3c 00 0a d1 00
INFO - 27 8f 0c 3c 00 0a bb 00
INFO - 27 91 4c 3c 00 0a 98 00
INFO - 27 93 8c 3c 00 0a bb 00
INFO - 27 96 cc 3c 00 0a b2 00
INFO - 27 98 0c 3c 00 0a af 00
INFO - 27 9b 4c 3c 00 0a d5 00
INFO - 27 9c 8c 3c 00 0a 81 00
INFO - 27 9f cc 3c 00 0a be 00
INFO - 27 a2 0c 3c 00 0a d2 00
INFO - 27 a4 4c 3c 00 0a af 00
INFO - 27 a7 8c 3c 00 0a d5 00
INFO - 27 aa cc 3c 00 0a be 00
INFO - 27 ad 0c 3c 00 0a d0 00
INFO - 27 af 4c 3c 00 0a b2 00
INFO - 27 b2 8c 3c 00 0a d3 00
INFO - 27 b4 cc 3c 00 0a a7 00
INFO - 27 b6 0c 3c 00 0a a9 00
INFO - 27 b8 4c 3c 00 0a 99 00
INFO - 27 ba 8c 3c 00 0a b3 00
INFO - 27 bd cc 3c 00 0a c0 00
INFO - 27 be 0c 3c 00 0a 99 00
INFO - 27 c0 4c 3c 00 0a a7 00
INFO - 27 c3 8c 3c 00 0a aa 00
INFO - 27 c6 cc 3c 00 0a f7 00
INFO - 27 c8 0c 3c 00 0a a4 00
INFO - 27 cb 4c 3c 00 0a b2 00
INFO - 27 cd 8c 3c 00 0a be 00
INFO - 27 cf cc 3c 00 0a 9c 00
INFO - 27 d2 0c 3c 00 0a c0 00
INFO - 27 d4 4c 3c 00 0a a4 00
INFO - 27 d6 8c 3c 00 0a b2 00
INFO - 27 d8 cc 3c 00 0a b5 00
INFO - 27 da 0c 3c 00 0a 99 00
INFO - 27 dd 4c 3c 00 0a e3 00
INFO - 27 df 8c 3c 00 0a 85 00
INFO - 27 e2 cc 3c 00 0a d2 00
INFO - 27 e4 0c 3c 00 0a c0 00
INFO - 27 e7 4c 3c 00 0a bc 00
INFO - 27 e9 8c 3c 00 0a c1 00
INFO - 27 eb cc 3c 00 0a 9c 00
INFO - 27 ee 0c 3c 00 0a be 00
INFO - 27 ef 4c 3c 00 0a 99 00
INFO - 27 f1 8c 3c 00 0a 90 00
INFO - 27 f4 cc 3c 00 0a be 00
INFO - 27 f6 0c 3c 00 0a a8 00
INFO - 27 f8 4c 3c 00 0a c1 00
INFO - 27 fa 8c 3c 00 0a 8e 00
INFO - 27 fc cc 3c 00 0a b3 00
INFO - 27 fe 0c 3c 00 0a 88 00
INFO - 28 00 4c 3c 00 0a b1 00
INFO - 28 02 8c 3c 00 0a c2 00
INFO - 28 05 cc 3c 00 0a c8 00
INFO - 28 07 0c 3c 00 0a 91 00
INFO - 28 09 4c 3c 00 0a bf 00
INFO - 28 0b 8c 3c 00 0a 9d 00
INFO - 28 0d cc 3c 00 0a ab 00
INFO - 28 0f 0c 3c 00 0a a6 00
INFO - 28 11 4c 3c 00 0a 91 00
INFO - 28 13 8c 3c 00 0a b2 00
INFO - 28 16 cc 3c 00 0a b7 00
INFO - 28 19 0c 3c 00 0a d0 00
INFO - 28 1a 4c 3c 00 0a 83 00
INFO - 28 1d 8c 3c 00 0a c4 00
INFO - 28 22 cc 3c 00 0b 49 00
INFO - 28 25 0c 3c 00 0a cd 00
INFO - 28 28 4c 3c 00 0a d8 00
INFO - 28 2a 8c 3c 00 0a b8 00
INFO - 28 2c cc 3c 00 0a a7 00
INFO - 28 2f 0c 3c 00 0a b5 00
INFO - 28 31 4c 3c 00 0a ad 00
INFO - 28 33 8c 3c 00 0a aa 00
INFO - 28 36 cc 3c 00 0a be 00
INFO - 28 39 0c 3c 00 0a da 00
INFO - 28 3b 4c 3c 00 0a b7 00
INFO - 28 3e 8c 3c 00 0a d9 00
INFO - 28 42 cc 3c 00 0a e5 00
INFO - 28 44 0c 3c 00 0a ad 00
INFO - 28 47 4c 3c 00 0a da 00
INFO - 28 49 8c 3c 00 0a ab 00
INFO - 28 4b cc 3c 00 0a b7 00
INFO - 28 4e 0c 3c 00 0a b7 00
INFO - 28 51 4c 3c 00 0a cf 00
INFO - 28 53 8c 3c 00 0a 9f 00
INFO - 28 55 cc 3c 00 0a b8 00
INFO - 28 57 0c 3c 00 0a b7 00
INFO - 28 5c 4c 3c 00 0b 17 00
INFO - 28 5d 8c 3c 00 0a 94 00
INFO - 28 60 cc 3c 00 0a db 00
INFO - 28 62 0c 3c 00 0a 94 00
INFO - 28 65 4c 3c 00 0a bb 00
INFO - 28 67 8c 3c 00 0a aa 00
INFO - 28 69 cc 3c 00 0a ba 00
INFO - 28 6b 0c 3c 00 0a aa 00
INFO - 28 6e 4c 3c 00 0a c4 00
INFO - 28 70 8c 3c 00 0a b9 00
INFO - 28 72 cc 3c 00 0a a3 00
INFO - 28 74 0c 3c 00 0a 94 00
INFO - 28 76 4c 3c 00 0a aa 00
INFO - 28 79 8c 3c 00 0a c7 00
INFO - 28 7b cc 3c 00 0a aa 00
INFO - 28 7d 0c 3c 00 0a 97 00
INFO - 28 7f 4c 3c 00 0a 9f 00
INFO - 28 81 8c 3c 00 0a ad 00
INFO - 28 83 cc 3c 00 0a b0 00
INFO - 28 85 0c 3c 00 0a ab 00
INFO - 28 87 4c 3c 00 0a 97 00
INFO - 28 8a 8c 3c 00 0a db 00
INFO - 28 8c cc 3c 00 0a 78 00
INFO - 28 8f 0c 3c 00 0a ce 00
INFO - 28 92 4c 3c 00 0a c6 00
INFO - 28 94 8c 3c 00 0a ba 00
INFO - 28 98 cc 3c 00 0a fa 00
INFO - 28 9b 0c 3c 00 0a cf 00
INFO - 28 9d 4c 3c 00 0a 98 00
INFO - 28 9f 8c 3c 00 0a aa 00
INFO - 28 a2 cc 3c 00 0a c8 00
INFO - 28 a4 0c 3c 00 0a c2 00
INFO - 28 a7 4c 3c 00 0a c9 00
INFO - 28 a9 8c 3c 00 0a 9d 00
INFO - 28 ab cc 3c 00 0a a2 00
INFO - 28 af 0c 3c 00 0a f5 00
INFO - 28 b2 4c 3c 00 0a c5 00
INFO - 28 b4 8c 3c 00 0a b0 00
INFO - 28 b6 cc 3c 00 0a 92 00
INFO - 28 b8 0c 3c 00 0a b1 00
INFO - 28 ba 4c 3c 00 0a a9 00
INFO - 28 bc 8c 3c 00 0a a4 00
INFO - 28 be cc 3c 00 0a 70 00
INFO - 28 c1 0c 3c 00 0a dc 00
INFO - 28 c5 4c 3c 00 0a ea 00
INFO - 28 c7 8c 3c 00 0a b1 00
INFO - 28 c9 cc 3c 00 0a aa 00
INFO - 28 cc 0c 3c 00 0a d1 00
INFO - 28 cf 4c 3c 00 0a c6 00
INFO - 28 d2 8c 3c 00 0a eb 00
INFO - 28 d6 cc 3c 00 0a f6 00
INFO - 28 d8 0c 3c 00 0a ad 00
INFO - 28 da 4c 3c 00 0a af 00
INFO - 28 dd 8c 3c 00 0a e1 00
INFO - 28 e0 cc 3c 00 0a b6 00
INFO - 28 e3 0c 3c 00 0a ca 00
INFO - 28 e5 4c 3c 00 0a c2 00
INFO - 28 e8 8c 3c 00 0a ca 00
INFO - 28 ea cc 3c 00 0a a9 00
INFO - 28 ec 0c 3c 00 0a a1 00
INFO - 28 ee 4c 3c 00 0a 98 00
INFO - 28 f1 8c 3c 00 0a ce 00
INFO - 28 f3 cc 3c 00 0a bc 00
INFO - 28 f6 0c 3c 00 0a b6 00
INFO - 28 f8 4c 3c 00 0a bc 00
INFO - 28 fb 8c 3c 00 0a c1 00
INFO - 28 fd cc 3c 00 0a a3 00
INFO - 28 ff 0c 3c 00 0a bf 00
INFO - 29 02 4c 3c 00 0a c4 00
INFO - 29 04 8c 3c 00 0a ad 00
INFO - 29 06 cc 3c 00 0a 9d 00
INFO - 29 09 0c 3c 00 0a c4 00
INFO - 29 0b 4c 3c 00 0a 9f 00
INFO - 29 0d 8c 3c 00 0a af 00
INFO - 29 0f cc 3c 00 0a b3 00
INFO - 29 12 0c 3c 00 0a e7 00
INFO - 29 16 4c 3c 00 0a e7 00
INFO - 29 18 8c 3c 00 0a b6 00
INFO - 29 1a cc 3c 00 0a ab 00
INFO - 29 1d 0c 3c 00 0a d2 00
INFO - 29 1f 4c 3c 00 0a a7 00
INFO - 29 22 8c 3c 00 0a c3 00
INFO - 29 24 cc 3c 00 0a 96 00
INFO - 29 27 0c 3c 00 0a ce 00
INFO - 29 28 4c 3c 00 0a 9c 00
INFO - 29 2c 8c 3c 00 0a e5 00
INFO - 29 2e cc 3c 00 0a a1 00
INFO - 29 30 0c 3c 00 0a b3 00
INFO - 29 32 4c 3c 00 0a aa 00
INFO - 29 35 8c 3c 00 0a c2 00
INFO - 29 37 cc 3c 00 0a a2 00
INFO - 29 39 0c 3c 00 0a a5 00
INFO - 29 3a 4c 3c 00 0a 93 00
INFO - 29 3d 8c 3c 00 0a ad 00
INFO - 29 3e cc 3c 00 0a 92 00
INFO - 29 41 0c 3c 00 0a b5 00
INFO - 29 43 4c 3c 00 0a b1 00
INFO - 29 45 8c 3c 00 0a 9e 00
INFO - 29 47 cc 3c 00 0a c3 00
INFO - 29 49 0c 3c 00 0a 9a 00
INFO - 29 4c 4c 3c 00 0a c3 00
INFO - 29 4d 8c 3c 00 0a 8d 00
INFO - 29 50 cc 3c 00 0a b4 00
INFO - 29 52 0c 3c 00 0a a0 00
INFO - 29 54 4c 3c 00 0a bd 00
INFO - 29 57 8c 3c 00 0a b7 00
INFO - 29 5a cc 3c 00 0a de 00
INFO - 29 5c 0c 3c 00 0a ab 00
INFO - 29 62 4c 3c 00 0b 5f 00
INFO - 29 64 8c 3c 00 0a a4 00
INFO - 29 66 cc 3c 00 0a b3 00
INFO - 29 68 0c 3c 00 0a b5 00
INFO - 29 6a 4c 3c 00 0a 82 00
INFO - 29 6d 8c 3c 00 0a d4 00
INFO - 29 6f cc 3c 00 0a bd 00
INFO - 29 72 0c 3c 00 0a c0 00
INFO - 29 73 4c 3c 00 0a 97 00
INFO - 29 76 8c 3c 00 0a d6 00
INFO - 29 7a cc 3c 00 0a da 00
INFO - 29 7c 0c 3c 00 0a b3 00
INFO - 29 7e 4c 3c 00 0a b8 00
INFO - 29 80 8c 3c 00 0a 98 00
INFO - 29 82 cc 3c 00 0a b3 00
INFO - 29 84 0c 3c 00 0a 8a 00
INFO - 29 86 4c 3c 00 0a af 00
INFO - 29 88 8c 3c 00 0a b9 00
INFO - 29 8b cc 3c 00 0a bc 00
INFO - 29 8d 0c 3c 00 0a b6 00
INFO - 29 90 4c 3c 00 0a c2 00
INFO - 29 92 8c 3c 00 0a 8f 00
INFO - 29 94 cc 3c 00 0a a9 00
INFO - 29 95 0c 3c 00 0a 6d 00
INFO - 29 98 4c 3c 00 0a a8 00
INFO - 29 9a 8c 3c 00 0a ab 00
INFO - 29 9b cc 3c 00 0a 98 00
INFO - 29 9d 0c 3c 00 0a 9c 00
INFO - 29 9f 4c 3c 00 0a 93 00
INFO - 29 a1 8c 3c 00 0a 8e 00
INFO - 29 a2 cc 3c 00 0a 9a 00
INFO - 29 a5 0c 3c 00 0a b7 00
INFO - 29 a6 4c 3c 00 0a 8f 00
INFO - 29 a9 8c 3c 00 0a ab 00
INFO - 29 aa cc 3c 00 0a 93 00
INFO - 29 ad 0c 3c 00 0a c6 00
INFO - 29 b0 4c 3c 00 0a d6 00
INFO - 29 b3 8c 3c 00 0a dd 00
INFO - 29 b5 cc 3c 00 0a b8 00
INFO - 29 b8 0c 3c 00 0a a9 00
INFO - 29 bb 4c 3c 00 0a cc 00
INFO - 29 bd 8c 3c 00 0a c8 00
INFO - 29 c0 cc 3c 00 0a c0 00
INFO - 29 c3 0c 3c 00 0a c4 00
INFO - 29 c4 4c 3c 00 0a 87 00
INFO - 29 c7 8c 3c 00 0a dc 00
INFO - 29 ca cc 3c 00 0a b6 00
INFO - 29 cc 0c 3c 00 0a a8 00
INFO - 29 cd 4c 3c 00 0a 99 00
INFO - 29 cf 8c 3c 00 0a a5 00
INFO - 29 d1 cc 3c 00 0a 80 00
INFO - 29 d2 0c 3c 00 0a 97 00
INFO - 29 d4 4c 3c 00 0a 92 00
INFO - 29 d6 8c 3c 00 0a a5 00
INFO - 29 d8 cc 3c 00 0a 97 00
INFO - 29 db 0c 3c 00 0a ba 00
INFO - 29 dc 4c 3c 00 0a 98 00
INFO - 29 de 8c 3c 00 0a 9c 00
INFO - 29 e0 cc 3c 00 0a 9b 00
INFO - 29 e3 0c 3c 00 0a c5 00
INFO - 29 e5 4c 3c 00 0a ba 00
INFO - 29 e7 8c 3c 00 0a b4 00
INFO - 29 e9 cc 3c 00 0a 8e 00
INFO - 29 ea 0c 3c 00 0a 88 00
INFO - 29 ed 4c 3c 00 0a be 00
INFO - 29 f0 8c 3c 00 0a cd 00
INFO - 29 f2 cc 3c 00 0a a6 00
INFO - 29 f4 0c 3c 00 0a 95 00
INFO - 29 f5 4c 3c 00 0a 90 00
INFO - 29 f7 8c 3c 00 0a 92 00
INFO - 29 f9 cc 3c 00 0a aa 00
INFO - 29 fb 0c 3c 00 0a af 00
INFO - 29 fd 4c 3c 00 0a a0 00
INFO - 29 ff 8c 3c 00 0a 85 00
INFO - 2a 01 cc 3c 00 0a b2 00
INFO - 2a 03 0c 3c 00 0a aa 00
INFO - 2a 05 4c 3c 00 0a a5 00
INFO - 2a 06 8c 3c 00 0a 8b 00
INFO - 2a 09 cc 3c 00 0a ce 00
INFO - 2a 0b 0c 3c 00 0a 9d 00
INFO - 2a 0e 4c 3c 00 0a b5 00
INFO - 2a 10 8c 3c 00 0a af 00
INFO - 2a 12 cc 3c 00 0a 9d 00
INFO - 2a 14 0c 3c 00 0a c7 00
INFO - 2a 17 4c 3c 00 0a b2 00
INFO - 2a 19 8c 3c 00 0a b6 00
INFO - 2a 1a cc 3c 00 0a 86 00
INFO - 2a 1d 0c 3c 00 0a b6 00
INFO - 2a 1f 4c 3c 00 0a b9 00
INFO - 2a 21 8c 3c 00 0a a8 00
INFO - 2a 23 cc 3c 00 0a 94 00
INFO - 2a 24 0c 3c 00 0a 89 00
INFO - 2a 27 4c 3c 00 0a b2 00
INFO - 2a 29 8c 3c 00 0a b2 00
INFO - 2a 2b cc 3c 00 0a 93 00
INFO - 2a 2e 0c 3c 00 0a d1 00
INFO - 2a 2f 4c 3c 00 0a 9e 00
INFO - 2a 31 8c 3c 00 0a a8 00
INFO - 2a 34 cc 3c 00 0a a8 00
INFO - 2a 35 0c 3c 00 0a 93 00
INFO - 2a 38 4c 3c 00 0a b2 00
INFO - 2a 39 8c 3c 00 0a 9e 00
INFO - 2a 3c cc 3c 00 0a bd 00
INFO - 2a 3e 0c 3c 00 0a 93 00
INFO - 2a 3f 4c 3c 00 0a 89 00
INFO - 2a 42 8c 3c 00 0a dc 00
INFO - 2a 44 cc 3c 00 0a 93 00
INFO - 2a 45 0c 3c 00 0a 7e 00
INFO - 2a 48 4c 3c 00 0a bd 00
INFO - 2a 4a 8c 3c 00 0a a8 00
INFO - 2a 4c cc 3c 00 0a c5 00
INFO - 2a 4e 0c 3c 00 0a a8 00
INFO - 2a 52 4c 3c 00 0a 9b 00
INFO - 2a 54 8c 3c 00 0a 93 00
INFO - 2a 55 cc 3c 00 0a 7e 00
INFO - 2a 58 0c 3c 00 0a c7 00
INFO - 2a 59 4c 3c 00 0a 7e 00
INFO - 2a 5b 8c 3c 00 0a b1 00
INFO - 2a 5d cc 3c 00 0a 96 00
INFO - 2a 5f 0c 3c 00 0a af 00
INFO - 2a 61 4c 3c 00 0a 96 00
INFO - 2a 63 8c 3c 00 0a 93 00
INFO - 2a 64 cc 3c 00 0a 91 00
INFO - 2a 66 0c 3c 00 0a a7 00
INFO - 2a 69 4c 3c 00 0a b2 00
INFO - 2a 6c 8c 3c 00 0a d3 00
INFO - 2a 6d cc 3c 00 0a 9a 00
INFO - 2a 6f 0c 3c 00 0a 93 00
INFO - 2a 70 4c 3c 00 0a 89 00
INFO - 2a 72 8c 3c 00 0a a0 00
INFO - 2a 74 cc 3c 00 0a a5 00
INFO - 2a 77 0c 3c 00 0a c0 00
INFO - 2a 7a 4c 3c 00 0a ee 00
INFO - 2a 7d 8c 3c 00 0a a8 00
INFO - 2a 7e cc 3c 00 0a 8c 00
INFO - 2a 81 0c 3c 00 0a b9 00
INFO - 2a 83 4c 3c 00 0a ab 00
INFO - 2a 85 8c 3c 00 0a ba 00
INFO - 2a 87 cc 3c 00 0a 93 00
INFO - 2a 8a 0c 3c 00 0a dd 00
INFO - 2a 8d 4c 3c 00 0a c6 00
INFO - 2a 8f 8c 3c 00 0a 9e 00
INFO - 2a 90 cc 3c 00 0a 97 00
INFO - 2a 92 0c 3c 00 0a a5 00
INFO - 2a 94 4c 3c 00 0a 94 00
INFO - 2a 97 8c 3c 00 0a d3 00
INFO - 2a 9a cc 3c 00 0a d6 00
INFO - 2a 9c 0c 3c 00 0a b1 00
INFO - 2a 9e 4c 3c 00 0a a1 00
INFO - 2a a0 8c 3c 00 0a 91 00
INFO - 2a a3 cc 3c 00 0a cc 00
INFO - 2a a5 0c 3c 00 0a b0 00
INFO - 2a a7 4c 3c 00 0a a9 00
INFO - 2a aa 8c 3c 00 0a eb 00
INFO - 2a ac cc 3c 00 0a 7c 00
INFO - 2a ae 0c 3c 00 0a a2 00
INFO - 2a af 4c 3c 00 0a 9b 00
INFO - 2a b1 8c 3c 00 0a 9e 00
INFO - 2a b4 cc 3c 00 0a b6 00
INFO - 2a b5 0c 3c 00 0a 90 00
INFO - 2a b8 4c 3c 00 0a d2 00
INFO - 2a ba 8c 3c 00 0a 8c 00
INFO - 2a bc cc 3c 00 0a 94 00
INFO - 2a be 0c 3c 00 0a 9e 00
INFO - 2a c0 4c 3c 00 0a b6 00
INFO - 2a c2 8c 3c 00 0a 90 00
INFO - 2a c4 cc 3c 00 0a b5 00
INFO - 2a c6 0c 3c 00 0a a4 00
INFO - 2a c8 4c 3c 00 0a a7 00
INFO - 2a ca 8c 3c 00 0a 97 00
INFO - 2a cc cc 3c 00 0a 99 00
INFO - 2a ce 0c 3c 00 0a 96 00
INFO - 2a d0 4c 3c 00 0a a4 00
INFO - 2a d2 8c 3c 00 0a a8 00
INFO - 2a d5 cc 3c 00 0a da 00
INFO - 2a d7 0c 3c 00 0a ab 00
INFO - 2a da 4c 3c 00 0a e2 00
INFO - 2a db 8c 3c 00 0a 81 00
INFO - 2a de cc 3c 00 0a b8 00
INFO - 2a e1 0c 3c 00 0a c6 00
INFO - 2a e3 4c 3c 00 0a c9 00
INFO - 2a e6 8c 3c 00 0a b9 00
INFO - 2a e8 cc 3c 00 0a a0 00
INFO - 2a ea 0c 3c 00 0a a4 00
INFO - 2a ec 4c 3c 00 0a aa 00
INFO - 2a ef 8c 3c 00 0a d7 00
INFO - 2a f1 cc 3c 00 0a b5 00
INFO - 2a f3 0c 3c 00 0a 86 00
INFO - 2a f4 4c 3c 00 0a 91 00
INFO - 2a f6 8c 3c 00 0a 87 00
INFO - 2a f9 cc 3c 00 0a e4 00
INFO - 2a fb 0c 3c 00 0a 96 00
INFO - 2a fd 4c 3c 00 0a b7 00
INFO - 2a ff 8c 3c 00 0a 9b 00
INFO - 2b 01 cc 3c 00 0a 91 00
INFO - 2b 03 0c 3c 00 0a b0 00
INFO - 2b 04 4c 3c 00 0a 91 00
INFO - 2b 06 8c 3c 00 0a 9f 00
INFO - 2b 09 cc 3c 00 0a b6 00
INFO - 2b 0b 0c 3c 00 0a 9c 00
INFO - 2b 0d 4c 3c 00 0a a7 00
INFO - 2b 0e 8c 3c 00 0a 99 00
INFO - 2b 10 cc 3c 00 0a 93 00
INFO - 2b 12 0c 3c 00 0a a2 00
INFO - 2b 14 4c 3c 00 0a af 00
INFO - 2b 16 8c 3c 00 0a 93 00
INFO - 2b 18 cc 3c 00 0a 8e 00
INFO - 2b 19 0c 3c 00 0a 8a 00
INFO - 2b 1b 4c 3c 00 0a 91 00
INFO - 2b 1c 8c 3c 00 0a 83 00
INFO - 2b 1e cc 3c 00 0a 9c 00
INFO - 2b 1f 0c 3c 00 0a 93 00
INFO - 2b 22 4c 3c 00 0a b7 00
INFO - 2b 24 8c 3c 00 0a b2 00
INFO - 2b 27 cc 3c 00 0a b7 00
INFO - 2b 29 0c 3c 00 0a a6 00
INFO - 2b 2b 4c 3c 00 0a a7 00
INFO - 2b 2d 8c 3c 00 0a b9 00
INFO - 2b 2f cc 3c 00 0a b3 00
INFO - 2b 31 0c 3c 00 0a 99 00
INFO - 2b 35 4c 3c 00 0a e4 00
INFO - 2b 37 8c 3c 00 0a b1 00
INFO - 2b 38 cc 3c 00 0a 88 00
INFO - 2b 3b 0c 3c 00 0a c8 00
INFO - 2b 3d 4c 3c 00 0a b9 00
INFO - 2b 3f 8c 3c 00 0a 95 00
INFO - 2b 41 cc 3c 00 0a 88 00
INFO - 2b 43 0c 3c 00 0a ae 00
INFO - 2b 45 4c 3c 00 0a 9c 00
INFO - 2b 46 8c 3c 00 0a 6a 00
INFO - 2b 48 cc 3c 00 0a 9a 00
INFO - 2b 4a 0c 3c 00 0a 95 00
INFO - 2b 4c 4c 3c 00 0a 99 00
INFO - 2b 4d 8c 3c 00 0a 91 00
INFO - 2b 50 cc 3c 00 0a c8 00
INFO - 2b 52 0c 3c 00 0a 99 00
INFO - 2b 54 4c 3c 00 0a 9e 00
INFO - 2b 56 8c 3c 00 0a a4 00
INFO - 2b 5a cc 3c 00 0b 0e 00
INFO - 2b 5c 0c 3c 00 0a a2 00
INFO - 2b 5e 4c 3c 00 0a b0 00
INFO - 2b 61 8c 3c 00 0a cd 00
INFO - 2b 63 cc 3c 00 0a b1 00
INFO - 2b 65 0c 3c 00 0a a3 00
INFO - 2b 67 4c 3c 00 0a 9a 00
INFO - 2b 69 8c 3c 00 0a 90 00
INFO - 2b 6a cc 3c 00 0a 9e 00
INFO - 2b 6c 0c 3c 00 0a a2 00
INFO - 2b 6e 4c 3c 00 0a 99 00
INFO - 2b 71 8c 3c 00 0a ba 00
INFO - 2b 72 cc 3c 00 0a 84 00
INFO - 2b 74 0c 3c 00 0a a4 00
INFO - 2b 75 4c 3c 00 0a 88 00
INFO - 2b 78 8c 3c 00 0a c9 00
INFO - 2b 7a cc 3c 00 0a b0 00
INFO - 2b 7c 0c 3c 00 0a 97 00
INFO - 2b 7e 4c 3c 00 0a 85 00
INFO - 2b 80 8c 3c 00 0a a6 00
INFO - 2b 81 cc 3c 00 0a 96 00
INFO - 2b 83 0c 3c 00 0a 85 00
INFO - 2b 85 4c 3c 00 0a a5 00
INFO - 2b 88 8c 3c 00 0a c8 00
INFO - 2b 89 cc 3c 00 0a 87 00
INFO - 2b 8d 0c 3c 00 0b 01 00
INFO - 2b 8f 4c 3c 00 0a af 00
INFO - 2b 91 8c 3c 00 0a 9e 00
INFO - 2b 92 cc 3c 00 0a 85 00
INFO - 2b 96 0c 3c 00 0a e0 00
INFO - 2b 97 4c 3c 00 0a 8c 00
INFO - 2b 99 8c 3c 00 0a 84 00
INFO - 2b 9a cc 3c 00 0a 91 00
INFO - 2b 9c 0c 3c 00 0a 96 00
INFO - 2b 9d 4c 3c 00 0a 8e 00
INFO - 2b a0 8c 3c 00 0a c3 00
INFO - 2b a2 cc 3c 00 0a 8b 00
INFO - 2b a4 0c 3c 00 0a a2 00
INFO - 2b a5 4c 3c 00 0a 92 00
INFO - 2b a7 8c 3c 00 0a a9 00
INFO - 2b a9 cc 3c 00 0a 93 00
INFO - 2b ab 0c 3c 00 0a b4 00
INFO - 2b ad 4c 3c 00 0a 9a 00
INFO - 2b af 8c 3c 00 0a b2 00
INFO - 2b b2 cc 3c 00 0a b5 00
INFO - 2b b4 0c 3c 00 0a b3 00
INFO - 2b b6 4c 3c 00 0a ac 00
INFO - 2b b8 8c 3c 00 0a a6 00
INFO - 2b bb cc 3c 00 0a b9 00
INFO - 2b bd 0c 3c 00 0a b8 00
INFO - 2b bf 4c 3c 00 0a 9a 00
INFO - 2b c2 8c 3c 00 0a bc 00
INFO - 2b c4 cc 3c 00 0a a1 00
INFO - 2b c6 0c 3c 00 0a a5 00
INFO - 2b c8 4c 3c 00 0a be 00
INFO - 2b cb 8c 3c 00 0a b7 00
INFO - 2b cd cc 3c 00 0a be 00
INFO - 2b cf 0c 3c 00 0a b2 00
INFO - 2b d1 4c 3c 00 0a a0 00
INFO - 2b d4 8c 3c 00 0a b8 00
INFO - 2b d5 cc 3c 00 0a 93 00
INFO - 2b d9 0c 3c 00 0a e1 00
INFO - 2b db 4c 3c 00 0a ac 00
INFO - 2b dd 8c 3c 00 0a a1 00
INFO - 2b df cc 3c 00 0a c6 00
INFO - 2b e2 0c 3c 00 0a b4 00
INFO - 2b e4 4c 3c 00 0a bc 00
INFO - 2b e6 8c 3c 00 0a aa 00
INFO - 2b e8 cc 3c 00 0a 8d 00
INFO - 2b eb 0c 3c 00 0a da 00
INFO - 2b ed 4c 3c 00 0a 98 00
INFO - 2b ef 8c 3c 00 0a be 00
INFO - 2b f1 cc 3c 00 0a 80 00
INFO - 2b f4 0c 3c 00 0a f2 00
INFO - 2b f6 4c 3c 00 0a 92 00
INFO - 2b f9 8c 3c 00 0a c4 00
INFO - 2b fb cc 3c 00 0a a8 00
INFO - 2b fd 0c 3c 00 0a a3 00
INFO - 2b fe 4c 3c 00 0a 84 00
INFO - 2c 01 8c 3c 00 0a c8 00
INFO - 2c 03 cc 3c 00 0a a6 00
INFO - 2c 05 0c 3c 00 0a 9b 00
INFO - 2c 08 4c 3c 00 0a d5 00
INFO - 2c 09 8c 3c 00 0a 88 00
INFO - 2c 0c cc 3c 00 0a d3 00
INFO - 2c 0e 0c 3c 00 0a a7 00
INFO - 2c 10 4c 3c 00 0a b7 00
INFO - 2c 14 8c 3c 00 0a ee 00
INFO - 2c 15 cc 3c 00 0a 8e 00
INFO - 2c 17 0c 3c 00 0a 92 00
INFO - 2c 1a 4c 3c 00 0a cf 00
INFO - 2c 1c 8c 3c 00 0a 9b 00
INFO - 2c 1e cc 3c 00 0a b5 00
INFO - 2c 20 0c 3c 00 0a ae 00
INFO - 2c 23 4c 3c 00 0a d6 00
INFO - 2c 26 8c 3c 00 0a af 00
INFO - 2c 29 cc 3c 00 0a e8 00
INFO - 2c 2c 0c 3c 00 0a bf 00
INFO - 2c 2e 4c 3c 00 0a ac 00
INFO - 2c 31 8c 3c 00 0a e8 00
INFO - 2c 33 cc 3c 00 0a a1 00
INFO - 2c 36 0c 3c 00 0a c5 00
INFO - 2c 38 4c 3c 00 0a ad 00
INFO - 2c 3b 8c 3c 00 0a d2 00
INFO - 2c 3d cc 3c 00 0a a2 00
INFO - 2c 3f 0c 3c 00 0a ba 00
INFO - 2c 42 4c 3c 00 0a d2 00
INFO - 2c 45 8c 3c 00 0a de 00
INFO - 2c 48 cc 3c 00 0a ac 00
INFO - 2c 4a 0c 3c 00 0a a6 00
INFO - 2c 4d 4c 3c 00 0a d2 00
INFO - 2c 4e 8c 3c 00 0a 9e 00
INFO - 2c 51 cc 3c 00 0a ad 00
INFO - 2c 53 0c 3c 00 0a be 00
INFO - 2c 56 4c 3c 00 0a b6 00
INFO - 2c 58 8c 3c 00 0a 77 00
INFO - 2c 5a cc 3c 00 0a c6 00
INFO - 2c 5c 0c 3c 00 0a a5 00
INFO - 2c 5f 4c 3c 00 0a cd 00
INFO - 2c 63 8c 3c 00 0a e1 00
INFO - 2c 64 cc 3c 00 0a 92 00
INFO - 2c 67 0c 3c 00 0a ad 00
INFO - 2c 68 4c 3c 00 0a 8c 00
INFO - 2c 6c 8c 3c 00 0a f1 00
INFO - 2c 6f cc 3c 00 0a d1 00
INFO - 2c 71 0c 3c 00 0a a1 00
INFO - 2c 73 4c 3c 00 0a a3 00
INFO - 2c 75 8c 3c 00 0a c1 00
INFO - 2c 77 cc 3c 00 0a 97 00
INFO - 2c 79 0c 3c 00 0a a9 00
INFO - 2c 7b 4c 3c 00 0a ab 00
INFO - 2c 7d 8c 3c 00 0a a1 00
INFO - 2c 7f cc 3c 00 0a af 00
INFO - 2c 81 0c 3c 00 0a 9d 00
INFO - 2c 84 4c 3c 00 0a c3 00
INFO - 2c 86 8c 3c 00 0a aa 00
INFO - 2c 89 cc 3c 00 0a d3 00
INFO - 2c 8c 0c 3c 00 0a cb 00
INFO - 2c 8f 4c 3c 00 0a de 00
INFO - 2c 91 8c 3c 00 0a bf 00
INFO - 2c 93 cc 3c 00 0a 96 00
INFO - 2c 96 0c 3c 00 0a bf 00
INFO - 2c 98 4c 3c 00 0a 9f 00
INFO - 2c 9b 8c 3c 00 0a d9 00
INFO - 2c 9e cc 3c 00 0a cd 00
INFO - 2c a0 0c 3c 00 0a ae 00
INFO - 2c a2 4c 3c 00 0a b2 00
INFO - 2c a5 8c 3c 00 0a dc 00
INFO - 2c a8 cc 3c 00 0a bd 00
INFO - 2c aa 0c 3c 00 0a af 00
INFO - 2c ac 4c 3c 00 0a 9d 00
INFO - 2c ae 8c 3c 00 0a a2 00
INFO - 2c b0 cc 3c 00 0a a5 00
INFO - 2c b2 0c 3c 00 0a bf 00
INFO - 2c b4 4c 3c 00 0a a1 00
INFO - 2c b7 8c 3c 00 0a af 00
INFO - 2c b9 cc 3c 00 0a 9d 00
INFO - 2c bd 0c 3c 00 0b 27 00
INFO - 2c c0 4c 3c 00 0a bf 00
INFO - 2c c2 8c 3c 00 0a aa 00
INFO - 2c c4 cc 3c 00 0a 99 00
INFO - 2c c6 0c 3c 00 0a be 00
INFO - 2c c8 4c 3c 00 0a b2 00
INFO - 2c cb 8c 3c 00 0a b5 00
INFO - 2c cd cc 3c 00 0a a3 00
INFO - 2c cf 0c 3c 00 0a b1 00
INFO - 2c d1 4c 3c 00 0a aa 00
INFO - 2c d4 8c 3c 00 0a b9 00
INFO - 2c d6 cc 3c 00 0a a6 00
INFO - 2c d9 0c 3c 00 0a d3 00
INFO - 2c dc 4c 3c 00 0a e9 00
INFO - 2c de 8c 3c 00 0a a5 00
INFO - 2c e1 cc 3c 00 0a cb 00
INFO - 2c e3 0c 3c 00 0a 97 00
INFO - 2c e5 4c 3c 00 0a a5 00
INFO - 2c e8 8c 3c 00 0a e1 00
INFO - 2c ea cc 3c 00 0a b0 00
INFO - 2c ec 0c 3c 00 0a ac 00
INFO - 2c ef 4c 3c 00 0a bc 00
INFO - 2c f2 8c 3c 00 0a c9 00
INFO - 2c f4 cc 3c 00 0a b8 00
INFO - 2c f7 0c 3c 00 0a d6 00
INFO - 2c f9 4c 3c 00 0a a2 00
INFO - 2c fb 8c 3c 00 0a b3 00
INFO - 2c fd cc 3c 00 0a ae 00
INFO - 2d 00 0c 3c 00 0a b0 00
INFO - 2d 02 4c 3c 00 0a bc 00
INFO - 2d 05 8c 3c 00 0a b1 00
INFO - 2d 07 cc 3c 00 0a a8 00
INFO - 2d 09 0c 3c 00 0a b8 00
INFO - 2d 0b 4c 3c 00 0a a7 00
INFO - 2d 0d 8c 3c 00 0a 71 00
INFO - 2d 0f cc 3c 00 0a a6 00
INFO - 2d 11 0c 3c 00 0a 9d 00
INFO - 2d 14 4c 3c 00 0a d0 00
INFO - 2d 16 8c 3c 00 0a b4 00
INFO - 2d 18 cc 3c 00 0a 84 00
INFO - 2d 1a 0c 3c 00 0a a3 00
INFO - 2d 1d 4c 3c 00 0a e2 00
INFO - 2d 1f 8c 3c 00 0a ad 00
INFO - 2d 21 cc 3c 00 0a b5 00
INFO - 2d 24 0c 3c 00 0a d0 00
INFO - 2d 26 4c 3c 00 0a 84 00
INFO - 2d 28 8c 3c 00 0a a8 00
INFO - 2d 2b cc 3c 00 0a f2 00
INFO - 2d 2d 0c 3c 00 0a 9d 00
INFO - 2d 2f 4c 3c 00 0a a3 00
INFO - 2d 32 8c 3c 00 0a c9 00
INFO - 2d 34 cc 3c 00 0a b9 00
INFO - 2d 37 0c 3c 00 0a d6 00
INFO - 2d 39 4c 3c 00 0a 8c 00
INFO - 2d 3c 8c 3c 00 0a eb 00
INFO - 2d 3e cc 3c 00 0a a1 00
INFO - 2d 41 0c 3c 00 0a bc 00
INFO - 2d 43 4c 3c 00 0a 9c 00
INFO - 2d 45 8c 3c 00 0a a2 00
INFO - 2d 47 cc 3c 00 0a a7 00
INFO - 2d 49 0c 3c 00 0a b8 00
INFO - 2d 4b 4c 3c 00 0a 99 00
INFO - 2d 4d 8c 3c 00 0a b3 00
INFO - 2d 4f cc 3c 00 0a a1 00
INFO - 2d 52 0c 3c 00 0a c6 00
INFO - 2d 54 4c 3c 00 0a a7 00
INFO - 2d 56 8c 3c 00 0a a2 00
INFO - 2d 58 cc 3c 00 0a af 00
INFO - 2d 5b 0c 3c 00 0a c6 00
INFO - 2d 5d 4c 3c 00 0a b3 00
INFO - 2d 5f 8c 3c 00 0a 96 00
INFO - 2d 61 cc 3c 00 0a 9a 00
INFO - 2d 63 0c 3c 00 0a be 00
INFO - 2d 65 4c 3c 00 0a 97 00
INFO - 2d 68 8c 3c 00 0a c9 00
INFO - 2d 6a cc 3c 00 0a a3 00
INFO - 2d 6d 0c 3c 00 0a ca 00
INFO - 2d 6e 4c 3c 00 0a 91 00
INFO - 2d 71 8c 3c 00 0a d3 00
INFO - 2d 74 cc 3c 00 0a c9 00
INFO - 2d 76 0c 3c 00 0a a3 00
INFO - 2d 78 4c 3c 00 0a b0 00
INFO - 2d 7b 8c 3c 00 0a dd 00
INFO - 2d 7e cc 3c 00 0a bf 00
INFO - 2d 81 0c 3c 00 0a c4 00
INFO - 2d 83 4c 3c 00 0a b3 00
INFO - 2d 85 8c 3c 00 0a 97 00
INFO - 2d 87 cc 3c 00 0a b3 00
INFO - 2d 89 0c 3c 00 0a ae 00
INFO - 2d 8c 4c 3c 00 0a df 00
INFO - 2d 8f 8c 3c 00 0a ce 00
INFO - 2d 91 cc 3c 00 0a 9f 00
INFO - 2d 94 0c 3c 00 0a dd 00
INFO - 2d 96 4c 3c 00 0a a8 00
INFO - 2d 99 8c 3c 00 0a cf 00
INFO - 2d 9c cc 3c 00 0a ca 00
INFO - 2d 9e 0c 3c 00 0a a1 00
INFO - 2d a1 4c 3c 00 0a 7e 00
INFO - 2d a3 8c 3c 00 0a b3 00
INFO - 2d a5 cc 3c 00 0a a2 00
INFO - 2d a8 0c 3c 00 0a d4 00
INFO - 2d ab 4c 3c 00 0a ce 00
INFO - 2d ad 8c 3c 00 0a c9 00
INFO - 2d af cc 3c 00 0a 96 00
INFO - 2d b1 0c 3c 00 0a 99 00
INFO - 2d b3 4c 3c 00 0a 91 00
INFO - 2d b5 8c 3c 00 0a ac 00
INFO - 2d b6 cc 3c 00 0a 91 00
INFO - 2d b9 0c 3c 00 0a c1 00
INFO - 2d bb 4c 3c 00 0a af 00
INFO - 2d bd 8c 3c 00 0a a6 00
INFO - 2d c0 cc 3c 00 0a b5 00
INFO - 2d c2 0c 3c 00 0a ae 00
INFO - 2d c4 4c 3c 00 0a 9b 00
INFO - 2d c6 8c 3c 00 0a aa 00
INFO - 2d c7 cc 3c 00 0a 8d 00
INFO - 2d c9 0c 3c 00 0a a5 00
INFO - 2d cb 4c 3c 00 0a 9e 00
INFO - 2d cd 8c 3c 00 0a 97 00
INFO - 2d cf cc 3c 00 0a 9a 00
INFO - 2d d1 0c 3c 00 0a bf 00
INFO - 2d d4 4c 3c 00 0a c1 00
INFO - 2d d6 8c 3c 00 0a a5 00
INFO - 2d d8 cc 3c 00 0a 9e 00
INFO - 2d d9 0c 3c 00 0a 8b 00
INFO - 2d db 4c 3c 00 0a a4 00
INFO - 2d dd 8c 3c 00 0a 88 00
INFO - 2d df cc 3c 00 0a a4 00
INFO - 2d e1 0c 3c 00 0a 9d 00
INFO - 2d e2 4c 3c 00 0a 8e 00
INFO - 2d e7 8c 3c 00 0b 27 00
INFO - 2d e9 cc 3c 00 0a ae 00
INFO - 2d eb 0c 3c 00 0a a7 00
INFO - 2d ee 4c 3c 00 0a d3 00
INFO - 2d f0 8c 3c 00 0a aa 00
INFO - 2d f3 cc 3c 00 0a c1 00
INFO - 2d f5 0c 3c 00 0a b3 00
INFO - 2d f8 4c 3c 00 0a b3 00
INFO - 2d fa 8c 3c 00 0a be 00
INFO - 2d fc cc 3c 00 0a a1 00
INFO - 2d fe 0c 3c 00 0a 9b 00
INFO - 2e 00 4c 3c 00 0a 9e 00
INFO - 2e 03 8c 3c 00 0a c0 00
INFO - 2e 04 cc 3c 00 0a 8f 00
INFO - 2e 06 0c 3c 00 0a a9 00
INFO - 2e 08 4c 3c 00 0a aa 00
INFO - 2e 0b 8c 3c 00 0a af 00
INFO - 2e 0d cc 3c 00 0a b4 00
INFO - 2e 0f 0c 3c 00 0a b9 00
INFO - 2e 11 4c 3c 00 0a 69 00
INFO - 2e 14 8c 3c 00 0a c8 00
INFO - 2e 16 cc 3c 00 0a ae 00
INFO - 2e 19 0c 3c 00 0a d2 00
INFO - 2e 1a 4c 3c 00 0a 8f 00
INFO - 2e 1c 8c 3c 00 0a 91 00
INFO - 2e 1e cc 3c 00 0a 9b 00
INFO - 2e 20 0c 3c 00 0a b0 00
INFO - 2e 22 4c 3c 00 0a 87 00
INFO - 2e 25 8c 3c 00 0a db 00
INFO - 2e 26 cc 3c 00 0a 87 00
INFO - 2e 28 0c 3c 00 0a af 00
INFO - 2e 2a 4c 3c 00 0a a5 00
INFO - 2e 2d 8c 3c 00 0a af 00
INFO - 2e 2f cc 3c 00 0a a5 00
INFO - 2e 31 0c 3c 00 0a ae 00
INFO - 2e 33 4c 3c 00 0a c3 00
INFO - 2e 35 8c 3c 00 0a 9a 00
INFO - 2e 38 cc 3c 00 0a c2 00
INFO - 2e 3a 0c 3c 00 0a 91 00
INFO - 2e 3b 4c 3c 00 0a 86 00
INFO - 2e 3e 8c 3c 00 0a cb 00
INFO - 2e 44 cc 3c 00 0a be 00
INFO - 2e 45 0c 3c 00 0a 7b 00
INFO - 2e 47 4c 3c 00 0a a0 00
INFO - 2e 49 8c 3c 00 0a 9c 00
INFO - 2e 4b cc 3c 00 0a 96 00
INFO - 2e 4d 0c 3c 00 0a c3 00
INFO - 2e 50 4c 3c 00 0a aa 00
INFO - 2e 52 8c 3c 00 0a b8 00
INFO - 2e 54 cc 3c 00 0a aa 00
INFO - 2e 56 0c 3c 00 0a 98 00
INFO - 2e 58 4c 3c 00 0a b0 00
INFO - 2e 5a 8c 3c 00 0a a8 00
INFO - 2e 5c cc 3c 00 0a 9c 00
INFO - 2e 5e 0c 3c 00 0a a9 00
INFO - 2e 60 4c 3c 00 0a ac 00
INFO - 2e 62 8c 3c 00 0a 9c 00
INFO - 2e 64 cc 3c 00 0a 95 00
INFO - 2e 66 0c 3c 00 0a a7 00
INFO - 2e 68 4c 3c 00 0a 95 00
INFO - 2e 6a 8c 3c 00 0a a3 00
INFO - 2e 6c cc 3c 00 0a b0 00
INFO - 2e 6e 0c 3c 00 0a 95 00
INFO - 2e 6f 4c 3c 00 0a 9a 00
INFO - 2e 72 8c 3c 00 0a af 00
INFO - 2e 74 cc 3c 00 0a 9f 00
INFO - 2e 75 0c 3c 00 0a 8f 00
INFO - 2e 77 4c 3c 00 0a 9c 00
INFO - 2e 79 8c 3c 00 0a 9e 00
INFO - 2e 7b cc 3c 00 0a b7 00
INFO - 2e 7d 0c 3c 00 0a 9b 00
INFO - 2e 7f 4c 3c 00 0a 96 00
INFO - 2e 81 8c 3c 00 0a a2 00
INFO - 2e 83 cc 3c 00 0a a5 00
INFO - 2e 85 0c 3c 00 0a 9f 00
INFO - 2e 87 4c 3c 00 0a a5 00
INFO - 2e 88 8c 3c 00 0a 95 00
INFO - 2e 8b cc 3c 00 0a b4 00
INFO - 2e 8d 0c 3c 00 0a b0 00
INFO - 2e 8f 4c 3c 00 0a a7 00
INFO - 2e 91 8c 3c 00 0a b5 00
INFO - 2e 93 cc 3c 00 0a 98 00
INFO - 2e 95 0c 3c 00 0a af 00
INFO - 2e 98 4c 3c 00 0a b1 00
INFO - 2e 99 8c 3c 00 0a 98 00
INFO - 2e 9c cc 3c 00 0a 77 00
INFO - 2e 9d 0c 3c 00 0a 8e 00
INFO - 2e 9f 4c 3c 00 0a a8 00
INFO - 2e a1 8c 3c 00 0a ab 00
INFO - 2e a4 cc 3c 00 0a b5 00
INFO - 2e a5 0c 3c 00 0a 89 00
INFO - 2e a7 4c 3c 00 0a a9 00
INFO - 2e ad 8c 3c 00 0a ab 00
INFO - 2e af cc 3c 00 0a aa 00
INFO - 2e b1 0c 3c 00 0a a6 00
INFO - 2e b3 4c 3c 00 0a a1 00
INFO - 2e b5 8c 3c 00 0a a3 00
INFO - 2e b7 cc 3c 00 0a c2 00
INFO - 2e ba 0c 3c 00 0a c3 00
INFO - 2e bd 4c 3c 00 0a c5 00
INFO - 2e bf 8c 3c 00 0a 97 00
INFO - 2e c0 cc 3c 00 0a 93 00
INFO - 2e c3 0c 3c 00 0a dd 00
INFO - 2e c5 4c 3c 00 0a a7 00
INFO - 2e c7 8c 3c 00 0a a2 00
INFO - 2e c9 cc 3c 00 0a 93 00
INFO - 2e cb 0c 3c 00 0a b6 00
INFO - 2e cd 4c 3c 00 0a 90 00
INFO - 2e cf 8c 3c 00 0a b1 00
INFO - 2e d1 cc 3c 00 0a 98 00
INFO - 2e d3 0c 3c 00 0a 90 00
INFO - 2e d5 4c 3c 00 0a 9d 00
INFO - 2e d6 8c 3c 00 0a 84 00
INFO - 2e d8 cc 3c 00 0a 90 00
INFO - 2e d9 0c 3c 00 0a 94 00
INFO - 2e db 4c 3c 00 0a 91 00
INFO - 2e dc 8c 3c 00 0a 8d 00
INFO - 2e de cc 3c 00 0a a6 00
INFO - 2e e0 0c 3c 00 0a 83 00
INFO - 2e e2 4c 3c 00 0a 94 00
INFO - 2e e4 8c 3c 00 0a aa 00
INFO - 2e e5 cc 3c 00 0a 94 00
INFO - 2e e7 0c 3c 00 0a a0 00
INFO - 2e e8 4c 3c 00 0a 7c 00
INFO - 2e eb 8c 3c 00 0a bb 00
INFO - 2e ed cc 3c 00 0a a0 00
INFO - 2e ef 0c 3c 00 0a c1 00
INFO - 2e f1 4c 3c 00 0a 9d 00
INFO - 2e f4 8c 3c 00 0a bd 00
INFO - 2e f8 cc 3c 00 0b 1d 00
INFO - 2e fa 0c 3c 00 0a aa 00
INFO - 2e fc 4c 3c 00 0a 92 00
INFO - 2e fe 8c 3c 00 0a ab 00
INFO - 2f 00 cc 3c 00 0a 9c 00
INFO - 2f 02 0c 3c 00 0a a0 00
INFO - 2f 04 4c 3c 00 0a a6 00
INFO - 2f 05 8c 3c 00 0a 86 00
INFO - 2f 08 cc 3c 00 0a a9 00
INFO - 2f 0a 0c 3c 00 0a ba 00
INFO - 2f 0c 4c 3c 00 0a 8e 00
INFO - 2f 0d 8c 3c 00 0a 8c 00
INFO - 2f 0f cc 3c 00 0a 8f 00
INFO - 2f 11 0c 3c 00 0a af 00
INFO - 2f 14 4c 3c 00 0a da 00
INFO - 2f 16 8c 3c 00 0a 92 00
INFO - 2f 17 cc 3c 00 0a 9f 00
INFO - 2f 19 0c 3c 00 0a 9b 00
INFO - 2f 1b 4c 3c 00 0a 98 00
INFO - 2f 1d 8c 3c 00 0a 98 00
INFO - 2f 1f cc 3c 00 0a a2 00
INFO - 2f 21 0c 3c 00 0a b7 00
INFO - 2f 23 4c 3c 00 0a ab 00
INFO - 2f 25 8c 3c 00 0a 90 00
INFO - 2f 28 cc 3c 00 0a c0 00
INFO - 2f 2a 0c 3c 00 0a be 00
INFO - 2f 2c 4c 3c 00 0a 92 00
INFO - 2f 2e 8c 3c 00 0a b7 00
INFO - 2f 30 cc 3c 00 0a a3 00
INFO - 2f 32 0c 3c 00 0a ad 00
INFO - 2f 34 4c 3c 00 0a ab 00
INFO - 2f 36 8c 3c 00 0a 9d 00
INFO - 2f 39 cc 3c 00 0a b9 00
INFO - 2f 3b 0c 3c 00 0a ae 00
INFO - 2f 3d 4c 3c 00 0a 99 00
INFO - 2f 3e 8c 3c 00 0a 93 00
INFO - 2f 40 cc 3c 00 0a a2 00
INFO - 2f 42 0c 3c 00 0a a0 00
INFO - 2f 44 4c 3c 00 0a 9e 00
INFO - 2f 46 8c 3c 00 0a 6d 00
INFO - 2f 47 cc 3c 00 0a 86 00
INFO - 2f 4b 0c 3c 00 0a df 00
INFO - 2f 4d 4c 3c 00 0a a3 00
INFO - 2f 4f 8c 3c 00 0a ad 00
INFO - 2f 50 cc 3c 00 0a 92 00
INFO - 2f 52 0c 3c 00 0a 8b 00
INFO - 2f 54 4c 3c 00 0a b2 00
INFO - 2f 56 8c 3c 00 0a 9f 00
INFO - 2f 57 cc 3c 00 0a 85 00
INFO - 2f 5a 0c 3c 00 0a b7 00
INFO - 2f 5c 4c 3c 00 0a 99 00
INFO - 2f 5e 8c 3c 00 0a a2 00
INFO - 2f 60 cc 3c 00 0a a4 00
INFO - 2f 62 0c 3c 00 0a b9 00
INFO - 2f 64 4c 3c 00 0a a0 00
INFO - 2f 66 8c 3c 00 0a a7 00
INFO - 2f 68 cc 3c 00 0a 8c 00
INFO - 2f 69 0c 3c 00 0a 85 00
INFO - 2f 6c 4c 3c 00 0a c5 00
INFO - 2f 6d 8c 3c 00 0a 9a 00
INFO - 2f 6f cc 3c 00 0a 82 00
INFO - 2f 71 0c 3c 00 0a b1 00
INFO - 2f 73 4c 3c 00 0a 96 00
INFO - 2f 75 8c 3c 00 0a a8 00
INFO - 2f 77 cc 3c 00 0a be 00
INFO - 2f 79 0c 3c 00 0a 94 00
INFO - 2f 7b 4c 3c 00 0a 96 00
INFO - 2f 7e 8c 3c 00 0a d6 00
INFO - 2f 7f cc 3c 00 0a 86 00
INFO - 2f 81 0c 3c 00 0a a8 00
INFO - 2f 83 4c 3c 00 0a 8d 00
INFO - 2f 85 8c 3c 00 0a bb 00
INFO - 2f 88 cc 3c 00 0a bf 00
INFO - 2f 8a 0c 3c 00 0a bc 00
INFO - 2f 8c 4c 3c 00 0a 91 00
INFO - 2f 8e 8c 3c 00 0a a4 00
INFO - 2f 90 cc 3c 00 0a a1 00
INFO - 2f 92 0c 3c 00 0a bc 00
INFO - 2f 94 4c 3c 00 0a a4 00
INFO - 2f 97 8c 3c 00 0a af 00
INFO - 2f 98 cc 3c 00 0a 86 00
INFO - 2f 9a 0c 3c 00 0a af 00
INFO - 2f 9c 4c 3c 00 0a 9b 00
INFO - 2f 9e 8c 3c 00 0a 9b 00
INFO - 2f a0 cc 3c 00 0a ae 00
INFO - 2f a2 0c 3c 00 0a 9b 00
INFO - 2f a5 4c 3c 00 0a cd 00
INFO - 2f a7 8c 3c 00 0a a4 00
INFO - 2f a9 cc 3c 00 0a 9b 00
INFO - 2f ab 0c 3c 00 0a af 00
INFO - 2f ad 4c 3c 00 0a af 00
INFO - 2f af 8c 3c 00 0a a4 00
INFO - 2f b1 cc 3c 00 0a 9b 00
INFO - 2f b4 0c 3c 00 0a c3 00
INFO - 2f b5 4c 3c 00 0a 91 00
INFO - 2f b7 8c 3c 00 0a 9b 00
INFO - 2f b8 cc 3c 00 0a 87 00
INFO - 2f bc 0c 3c 00 0a e1 00
INFO - 2f be 4c 3c 00 0a a5 00
INFO - 2f c0 8c 3c 00 0a c7 00
INFO - 2f c2 cc 3c 00 0a a2 00
INFO - 2f c4 0c 3c 00 0a 9f 00
INFO - 2f c6 4c 3c 00 0a 97 00
INFO - 2f c8 8c 3c 00 0a 95 00
INFO - 2f c9 cc 3c 00 0a 87 00
INFO - 2f cb 0c 3c 00 0a 97 00
INFO - 2f cd 4c 3c 00 0a 9f 00
INFO - 2f d0 8c 3c 00 0a e8 00
INFO - 2f d2 cc 3c 00 0a 8a 00
INFO - 2f d4 0c 3c 00 0a a6 00
INFO - 2f d7 4c 3c 00 0a d8 00
INFO - 2f d9 8c 3c 00 0a a5 00
INFO - 2f db cc 3c 00 0a a1 00
INFO - 2f dc 0c 3c 00 0a 8a 00
INFO - 2f df 4c 3c 00 0a ba 00
INFO - 2f e0 8c 3c 00 0a 83 00
INFO - 2f e2 cc 3c 00 0a a0 00
INFO - 2f e4 0c 3c 00 0a af 00
INFO - 2f e6 4c 3c 00 0a 91 00
INFO - 2f e8 8c 3c 00 0a be 00
INFO - 2f ea cc 3c 00 0a 97 00
INFO - 2f ec 0c 3c 00 0a a5 00
INFO - 2f ee 4c 3c 00 0a 87 00
INFO - 2f f0 8c 3c 00 0a b0 00
INFO - 2f f1 cc 3c 00 0a 7d 00
INFO - 2f f3 0c 3c 00 0a b0 00
INFO - 2f f5 4c 3c 00 0a a5 00
INFO - 2f f7 8c 3c 00 0a a9 00
INFO - 2f f9 cc 3c 00 0a a1 00
INFO - 2f fb 0c 3c 00 0a 9b 00
INFO - 2f fd 4c 3c 00 0a 91 00
INFO - 30 02 8c 3c 00 0b 4c 00
INFO - 30 04 cc 3c 00 0a 98 00
INFO - 30 06 0c 3c 00 0a a6 00
INFO - 30 08 4c 3c 00 0a 95 00
INFO - 30 09 8c 3c 00 0a 91 00
INFO - 30 0b cc 3c 00 0a 91 00
INFO - 30 0d 0c 3c 00 0a 98 00
INFO - 30 0e 4c 3c 00 0a 8b 00
INFO - 30 10 8c 3c 00 0a 98 00
INFO - 30 12 cc 3c 00 0a a9 00
INFO - 30 14 0c 3c 00 0a 98 00
INFO - 30 16 4c 3c 00 0a 95 00
INFO - 30 18 8c 3c 00 0a af 00
INFO - 30 19 cc 3c 00 0a 8e 00
INFO - 30 1c 0c 3c 00 0a bd 00
INFO - 30 1f 4c 3c 00 0a c4 00
INFO - 30 20 8c 3c 00 0a a2 00
INFO - 30 23 cc 3c 00 0a c7 00
INFO - 30 25 0c 3c 00 0a af 00
INFO - 30 27 4c 3c 00 0a 87 00
INFO - 30 29 8c 3c 00 0a 9b 00
INFO - 30 2b cc 3c 00 0a 9b 00
INFO - 30 2d 0c 3c 00 0a c4 00
INFO - 30 2f 4c 3c 00 0a 91 00
INFO - 30 31 8c 3c 00 0a a6 00
INFO - 30 33 cc 3c 00 0a 98 00
INFO - 30 35 0c 3c 00 0a 9e 00
INFO - 30 36 4c 3c 00 0a 9b 00
INFO - 30 38 8c 3c 00 0a 9b 00
INFO - 30 3a cc 3c 00 0a 91 00
INFO - 30 3c 0c 3c 00 0a 9b 00
INFO - 30 3e 4c 3c 00 0a a5 00
INFO - 30 3f 8c 3c 00 0a 91 00
INFO - 30 41 cc 3c 00 0a 91 00
INFO - 30 43 0c 3c 00 0a 94 00
INFO - 30 45 4c 3c 00 0a ac 00
INFO - 30 47 8c 3c 00 0a bc 00
INFO - 30 4a cc 3c 00 0a c0 00
INFO - 30 4d 0c 3c 00 0a ef 00
INFO - 30 50 4c 3c 00 0a b6 00
INFO - 30 54 8c 3c 00 0b 00 00
INFO - 30 56 cc 3c 00 0a b2 00
INFO - 30 57 0c 3c 00 0a 83 00
INFO - 30 59 4c 3c 00 0a 9b 00
INFO - 30 5b 8c 3c 00 0a a8 00
INFO - 30 5e cc 3c 00 0a c0 00
INFO - 30 60 0c 3c 00 0a bb 00
INFO - 30 62 4c 3c 00 0a 9b 00
INFO - 30 64 8c 3c 00 0a af 00
INFO - 30 66 cc 3c 00 0a a2 00
INFO - 30 68 0c 3c 00 0a 9e 00
INFO - 30 6a 4c 3c 00 0a a4 00
INFO - 30 6c 8c 3c 00 0a af 00
INFO - 30 6f cc 3c 00 0a b9 00
INFO - 30 70 0c 3c 00 0a 91 00
INFO - 30 73 4c 3c 00 0a b5 00
INFO - 30 74 8c 3c 00 0a 94 00
INFO - 30 76 cc 3c 00 0a 91 00
INFO - 30 78 0c 3c 00 0a b9 00
INFO - 30 7a 4c 3c 00 0a a5 00
INFO - 30 7c 8c 3c 00 0a 91 00
INFO - 30 7e cc 3c 00 0a a4 00
INFO - 30 80 0c 3c 00 0a 87 00
INFO - 30 82 4c 3c 00 0a ae 00
INFO - 30 83 8c 3c 00 0a 87 00
INFO - 30 86 cc 3c 00 0a d6 00
INFO - 30 88 0c 3c 00 0a a5 00
INFO - 30 8a 4c 3c 00 0a a4 00
INFO - 30 8c 8c 3c 00 0a 9a 00
INFO - 30 8e cc 3c 00 0a a4 00
INFO - 30 90 0c 3c 00 0a 91 00
INFO - 30 92 4c 3c 00 0a ae 00
INFO - 30 93 8c 3c 00 0a 86 00
INFO - 30 95 cc 3c 00 0a ae 00
INFO - 30 97 0c 3c 00 0a 90 00
INFO - 30 9a 4c 3c 00 0a c0 00
INFO - 30 9e 8c 3c 00 0a 93 00
INFO - 30 9f cc 3c 00 0a 79 00
INFO - 30 a1 0c 3c 00 0a 9b 00
INFO - 30 a3 4c 3c 00 0a 9e 00
INFO - 30 a5 8c 3c 00 0a ab 00
INFO - 30 a7 cc 3c 00 0a bb 00
INFO - 30 a9 0c 3c 00 0a 9a 00
INFO - 30 ab 4c 3c 00 0a 90 00
INFO - 30 ac 8c 3c 00 0a 97 00
INFO - 30 af cc 3c 00 0a d6 00
INFO - 30 b2 0c 3c 00 0a c6 00
INFO - 30 b3 4c 3c 00 0a 86 00
INFO - 30 b6 8c 3c 00 0a ab 00
INFO - 30 b8 cc 3c 00 0a a8 00
INFO - 30 bb 0c 3c 00 0a cc 00
INFO - 30 bc 4c 3c 00 0a 90 00
INFO - 30 be 8c 3c 00 0a ab 00
INFO - 30 c0 cc 3c 00 0a 93 00
INFO - 30 c3 0c 3c 00 0a e0 00
INFO - 30 c5 4c 3c 00 0a a4 00
INFO - 30 c8 8c 3c 00 0a b8 00
INFO - 30 c9 cc 3c 00 0a 9a 00
INFO - 30 cb 0c 3c 00 0a 9a 00
INFO - 30 cd 4c 3c 00 0a 90 00
INFO - 30 cf 8c 3c 00 0a ae 00
INFO - 30 d1 cc 3c 00 0a 9c 00
INFO - 30 d3 0c 3c 00 0a a2 00
INFO - 30 d4 4c 3c 00 0a 90 00
INFO - 30 d7 8c 3c 00 0a bc 00
INFO - 30 d9 cc 3c 00 0a a1 00
INFO - 30 db 0c 3c 00 0a ae 00
INFO - 30 dd 4c 3c 00 0a 9d 00
INFO - 30 df 8c 3c 00 0a bf 00
INFO - 30 e1 cc 3c 00 0a 91 00
INFO - 30 e3 0c 3c 00 0a 9b 00
INFO - 30 e5 4c 3c 00 0a a8 00
INFO - 30 e7 8c 3c 00 0a 91 00
INFO - 30 e9 cc 3c 00 0a c3 00
INFO - 30 eb 0c 3c 00 0a a2 00
INFO - 30 ee 4c 3c 00 0a b3 00
INFO - 30 ef 8c 3c 00 0a 8e 00
INFO - 30 f1 cc 3c 00 0a 95 00
INFO - 30 f3 0c 3c 00 0a c1 00
INFO - 30 f5 4c 3c 00 0a 8a 00
INFO - 30 f7 8c 3c 00 0a b7 00
INFO - 30 f9 cc 3c 00 0a 95 00
INFO - 30 fb 0c 3c 00 0a b1 00
INFO - 30 fd 4c 3c 00 0a 8f 00
INFO - 30 ff 8c 3c 00 0a aa 00
INFO - 31 00 cc 3c 00 0a 88 00
INFO - 31 02 0c 3c 00 0a 9d 00
INFO - 31 04 4c 3c 00 0a a4 00
INFO - 31 07 8c 3c 00 0a bf 00
INFO - 31 09 cc 3c 00 0a 9e 00
INFO - 31 0b 0c 3c 00 0a b2 00
INFO - 31 0d 4c 3c 00 0a b9 00
INFO - 31 12 8c 3c 00 0b 1d 00
INFO - 31 15 cc 3c 00 0a dd 00
INFO - 31 17 0c 3c 00 0a a9 00
INFO - 31 19 4c 3c 00 0a b3 00
INFO - 31 1d 8c 3c 00 0a fc 00
INFO - 31 1f cc 3c 00 0a 8a 00
INFO - 31 20 0c 3c 00 0a 94 00
INFO - 31 23 4c 3c 00 0a a9 00
INFO - 31 25 8c 3c 00 0a b4 00
INFO - 31 27 cc 3c 00 0a 94 00
INFO - 31 29 0c 3c 00 0a ad 00
INFO - 31 2a 4c 3c 00 0a 8a 00
INFO - 31 2c 8c 3c 00 0a a6 00
INFO - 31 2e cc 3c 00 0a 80 00
INFO - 31 2f 0c 3c 00 0a 98 00
INFO - 31 31 4c 3c 00 0a 92 00
INFO - 31 33 8c 3c 00 0a 95 00
INFO - 31 35 cc 3c 00 0a ae 00
INFO - 31 37 0c 3c 00 0a 9c 00
INFO - 31 38 4c 3c 00 0a 8b 00
INFO - 31 3a 8c 3c 00 0a 96 00
INFO - 31 3c cc 3c 00 0a a4 00
INFO - 31 40 0c 3c 00 0a f2 00
INFO - 31 42 4c 3c 00 0a a4 00
INFO - 31 43 8c 3c 00 0a 9d 00
INFO - 31 45 cc 3c 00 0a 9a 00
INFO - 31 47 0c 3c 00 0a a1 00
INFO - 31 49 4c 3c 00 0a a8 00
INFO - 31 4c 8c 3c 00 0a c5 00
INFO - 31 4d cc 3c 00 0a 88 00
INFO - 31 50 0c 3c 00 0a c5 00
INFO - 31 52 4c 3c 00 0a ac 00
INFO - 31 56 8c 3c 00 0a e3 00
INFO - 31 58 cc 3c 00 0a cd 00
INFO - 31 5a 0c 3c 00 0a 7e 00
INFO - 31 5d 4c 3c 00 0a d1 00
INFO - 31 5e 8c 3c 00 0a 96 00
INFO - 31 60 cc 3c 00 0a ad 00
INFO - 31 63 0c 3c 00 0a ad 00
INFO - 31 65 4c 3c 00 0a ad 00
INFO - 31 67 8c 3c 00 0a b7 00
INFO - 31 69 cc 3c 00 0a ad 00
INFO - 31 6b 0c 3c 00 0a a2 00
INFO - 31 6f 4c 3c 00 0a e3 00
INFO - 31 71 8c 3c 00 0a b0 00
INFO - 31 73 cc 3c 00 0a aa 00
INFO - 31 76 0c 3c 00 0a c3 00
INFO - 31 78 4c 3c 00 0a a2 00
INFO - 31 79 8c 3c 00 0a 8d 00
INFO - 31 7c cc 3c 00 0a bb 00
INFO - 31 7e 0c 3c 00 0a aa 00
INFO - 31 80 4c 3c 00 0a b1 00
INFO - 31 82 8c 3c 00 0a aa 00
INFO - 31 86 cc 3c 00 0a e9 00
INFO - 31 88 0c 3c 00 0a a8 00
INFO - 31 8a 4c 3c 00 0a ab 00
INFO - 31 8d 8c 3c 00 0a d0 00
INFO - 31 8f cc 3c 00 0a ab 00
INFO - 31 91 0c 3c 00 0a a8 00
INFO - 31 93 4c 3c 00 0a a4 00
INFO - 31 95 8c 3c 00 0a a1 00
INFO - 31 98 cc 3c 00 0a 84 00
INFO - 31 99 0c 3c 00 0a 8c 00
INFO - 31 9c 4c 3c 00 0a d5 00
INFO - 31 9f 8c 3c 00 0a bb 00
INFO - 31 a0 cc 3c 00 0a 8e 00
INFO - 31 a2 0c 3c 00 0a 8f 00
INFO - 31 a5 4c 3c 00 0a e7 00
INFO - 31 a7 8c 3c 00 0a 9a 00
INFO - 31 a9 cc 3c 00 0a 99 00
INFO - 31 aa 0c 3c 00 0a 8e 00
INFO - 31 ad 4c 3c 00 0a c6 00
INFO - 31 af 8c 3c 00 0a 99 00
INFO - 31 b2 cc 3c 00 0a f3 00
INFO - 31 b4 0c 3c 00 0a af 00
INFO - 31 b7 4c 3c 00 0a b1 00
INFO - 31 b8 8c 3c 00 0a 8e 00
INFO - 31 bb cc 3c 00 0a b0 00
INFO - 31 bc 0c 3c 00 0a 8e 00
INFO - 31 be 4c 3c 00 0a a4 00
INFO - 31 c0 8c 3c 00 0a a9 00
INFO - 31 c3 cc 3c 00 0a cd 00
INFO - 31 c5 0c 3c 00 0a af 00
INFO - 31 c7 4c 3c 00 0a a9 00
INFO - 31 ca 8c 3c 00 0a cd 00
INFO - 31 cc cc 3c 00 0a a9 00
INFO - 31 cf 0c 3c 00 0a d2 00
INFO - 31 d1 4c 3c 00 0a 95 00
INFO - 31 d2 8c 3c 00 0a 83 00
INFO - 31 d4 cc 3c 00 0a 9e 00
INFO - 31 d6 0c 3c 00 0a 8e 00
INFO - 31 d7 4c 3c 00 0a 96 00
INFO - 31 da 8c 3c 00 0a be 00
INFO - 31 dc cc 3c 00 0a a1 00
INFO - 31 df 0c 3c 00 0a c6 00
INFO - 31 e0 4c 3c 00 0a 8e 00
INFO - 31 e3 8c 3c 00 0a c9 00
INFO - 31 e4 cc 3c 00 0a 8b 00
INFO - 31 e8 0c 3c 00 0a eb 00
INFO - 31 ea 4c 3c 00 0a 9a 00
INFO - 31 ec 8c 3c 00 0a a5 00
INFO - 31 ee cc 3c 00 0a a1 00
INFO - 31 f1 0c 3c 00 0a f7 00
INFO - 31 f3 4c 3c 00 0a a6 00
INFO - 31 f7 8c 3c 00 0b 0a 00
INFO - 31 fa cc 3c 00 0a c8 00
INFO - 31 fd 0c 3c 00 0a c6 00
INFO - 31 ff 4c 3c 00 0a bd 00
INFO - 32 01 8c 3c 00 0a 9a 00
INFO - 32 03 cc 3c 00 0a 9e 00
INFO - 32 05 0c 3c 00 0a a3 00
INFO - 32 08 4c 3c 00 0a d4 00
INFO - 32 0a 8c 3c 00 0a b1 00
INFO - 32 0d cc 3c 00 0a b6 00
INFO - 32 0e 0c 3c 00 0a 8c 00
INFO - 32 11 4c 3c 00 0a c8 00
INFO - 32 14 8c 3c 00 0a c1 00
INFO - 32 15 cc 3c 00 0a 8b 00
INFO - 32 17 0c 3c 00 0a 9c 00
INFO - 32 19 4c 3c 00 0a aa 00
INFO - 32 1b 8c 3c 00 0a 96 00
INFO - 32 1d cc 3c 00 0a b7 00
INFO - 32 1f 0c 3c 00 0a a7 00
INFO - 32 21 4c 3c 00 0a a3 00
INFO - 32 24 8c 3c 00 0a c2 00
INFO - 32 26 cc 3c 00 0a a2 00
INFO - 32 28 0c 3c 00 0a b7 00
INFO - 32 2a 4c 3c 00 0a b3 00
INFO - 32 2c 8c 3c 00 0a 97 00
INFO - 32 2e cc 3c 00 0a ac 00
INFO - 32 30 0c 3c 00 0a 9c 00
INFO - 32 33 4c 3c 00 0a b3 00
INFO - 32 35 8c 3c 00 0a ae 00
INFO - 32 38 cc 3c 00 0a ce 00
INFO - 32 3e 0c 3c 00 0b 6b 00
INFO - 32 40 4c 3c 00 0a a7 00
INFO - 32 42 8c 3c 00 0a b4 00
INFO - 32 44 cc 3c 00 0a 91 00
INFO - 32 45 0c 3c 00 0a 9c 00
INFO - 32 48 4c 3c 00 0a a8 00
INFO - 32 4a 8c 3c 00 0a b3 00
INFO - 32 4d cc 3c 00 0a d7 00
INFO - 32 4f 0c 3c 00 0a 9c 00
INFO - 32 52 4c 3c 00 0a ed 00
INFO - 32 55 8c 3c 00 0a c0 00
INFO - 32 57 cc 3c 00 0a ac 00
INFO - 32 5a 0c 3c 00 0a c7 00
INFO - 32 5c 4c 3c 00 0a bf 00
INFO - 32 5f 8c 3c 00 0a b5 00
INFO - 32 61 cc 3c 00 0a bf 00
INFO - 32 63 0c 3c 00 0a a1 00
INFO - 32 65 4c 3c 00 0a 8d 00
INFO - 32 69 8c 3c 00 0b 1f 00
INFO - 32 6c cc 3c 00 0a bc 00
INFO - 32 6e 0c 3c 00 0a b8 00
INFO - 32 70 4c 3c 00 0a 9e 00
INFO - 32 72 8c 3c 00 0a b3 00
INFO - 32 75 cc 3c 00 0a d7 00
INFO - 32 78 0c 3c 00 0a b4 00
INFO - 32 7c 4c 3c 00 0b 06 00
INFO - 32 7e 8c 3c 00 0a cc 00
INFO - 32 81 cc 3c 00 0a c0 00
INFO - 32 83 0c 3c 00 0a a9 00
INFO - 32 85 4c 3c 00 0a 9e 00
INFO - 32 87 8c 3c 00 0a bd 00
INFO - 32 8a cc 3c 00 0a d0 00
INFO - 32 8d 0c 3c 00 0a bd 00
INFO - 32 8e 4c 3c 00 0a 79 00
INFO - 32 90 8c 3c 00 0a 93 00
INFO - 32 92 cc 3c 00 0a b4 00
INFO - 32 95 0c 3c 00 0a bd 00
INFO - 32 97 4c 3c 00 0a b9 00
INFO - 32 99 8c 3c 00 0a b5 00
INFO - 32 9c cc 3c 00 0a c6 00
INFO - 32 9e 0c 3c 00 0a 99 00
INFO - 32 a0 4c 3c 00 0a b5 00
INFO - 32 a3 8c 3c 00 0a b6 00
INFO - 32 a6 cc 3c 00 0a e5 00
INFO - 32 a8 0c 3c 00 0a a2 00
INFO - 32 aa 4c 3c 00 0a b3 00
INFO - 32 ad 8c 3c 00 0a b9 00
INFO - 32 ae cc 3c 00 0a 83 00
INFO - 32 b1 0c 3c 00 0a dd 00
INFO - 32 b4 4c 3c 00 0a b7 00
INFO - 32 b5 8c 3c 00 0a 9a 00
INFO - 32 b7 cc 3c 00 0a 9e 00
INFO - 32 ba 0c 3c 00 0a ba 00
INFO - 32 bb 4c 3c 00 0a 9a 00
INFO - 32 bd 8c 3c 00 0a a2 00
INFO - 32 bf cc 3c 00 0a 90 00
INFO - 32 c1 0c 3c 00 0a ad 00
INFO - 32 c3 4c 3c 00 0a 8f 00
INFO - 32 c6 8c 3c 00 0a c7 00
INFO - 32 c8 cc 3c 00 0a b6 00
INFO - 32 ca 0c 3c 00 0a b8 00
INFO - 32 cd 4c 3c 00 0a b6 00
INFO - 32 cf 8c 3c 00 0a b6 00
INFO - 32 d1 cc 3c 00 0a 9f 00
INFO - 32 d4 0c 3c 00 0a c0 00
INFO - 32 d6 4c 3c 00 0a d1 00
INFO - 32 db 8c 3c 00 0b 23 00
INFO - 32 dd cc 3c 00 0a 9e 00
INFO - 32 df 0c 3c 00 0a 93 00
INFO - 32 e4 4c 3c 00 0b 47 00
INFO - 32 e6 8c 3c 00 0a 92 00
INFO - 32 e7 cc 3c 00 0a a0 00
INFO - 32 ea 0c 3c 00 0a b6 00
INFO - 32 ec 4c 3c 00 0a b0 00
INFO - 32 ee 8c 3c 00 0a b4 00
INFO - 32 f2 cc 3c 00 0a e7 00
INFO - 32 f4 0c 3c 00 0a b0 00
INFO - 32 f7 4c 3c 00 0a e3 00
INFO - 32 f9 8c 3c 00 0a 93 00
INFO - 32 fb cc 3c 00 0a bd 00
INFO - 32 fd 0c 3c 00 0a 9c 00
INFO - 33 00 4c 3c 00 0a af 00
INFO - 33 01 8c 3c 00 0a 9d 00
INFO - 33 04 cc 3c 00 0a b0 00
INFO - 33 06 0c 3c 00 0a 9a 00
INFO - 33 09 4c 3c 00 0a dd 00
INFO - 33 0b 8c 3c 00 0a b7 00
INFO - 33 0e cc 3c 00 0a d5 00
INFO - 33 10 0c 3c 00 0a b8 00
INFO - 33 13 4c 3c 00 0a b8 00
INFO - 33 15 8c 3c 00 0a a0 00
INFO - 33 18 cc 3c 00 0a d0 00
INFO - 33 1a 0c 3c 00 0a be 00
INFO - 33 1d 4c 3c 00 0a c9 00
INFO - 33 1f 8c 3c 00 0a a0 00
INFO - 33 22 cc 3c 00 0a e1 00
INFO - 33 24 0c 3c 00 0a b1 00
INFO - 33 27 4c 3c 00 0a c3 00
INFO - 33 2a 8c 3c 00 0a d5 00
INFO - 33 2c cc 3c 00 0a 98 00
INFO - 33 2f 0c 3c 00 0a da 00
INFO - 33 31 4c 3c 00 0a a9 00
INFO - 33 33 8c 3c 00 0a 93 00
INFO - 33 35 cc 3c 00 0a c2 00
INFO - 33 38 0c 3c 00 0a c1 00
INFO - 33 3a 4c 3c 00 0a b5 00
INFO - 33 3d 8c 3c 00 0a c0 00
INFO - 33 3f cc 3c 00 0a 9d 00
INFO - 33 42 0c 3c 00 0a cc 00
INFO - 33 43 4c 3c 00 0a 9d 00
INFO - 33 45 8c 3c 00 0a 9c 00
INFO - 33 48 cc 3c 00 0a b5 00
INFO - 33 4a 0c 3c 00 0a ac 00
INFO - 33 4c 4c 3c 00 0a 99 00
INFO - 33 4e 8c 3c 00 0a b4 00
INFO - 33 51 cc 3c 00 0a be 00
INFO - 33 52 0c 3c 00 0a 91 00
INFO - 33 54 4c 3c 00 0a 7b 00
INFO - 33 56 8c 3c 00 0a 91 00
INFO - 33 59 cc 3c 00 0a c0 00
INFO - 33 5c 0c 3c 00 0a d7 00
INFO - 33 5e 4c 3c 00 0a b4 00
INFO - 33 60 8c 3c 00 0a ad 00
INFO - 33 62 cc 3c 00 0a b0 00
INFO - 33 64 0c 3c 00 0a 9d 00
INFO - 33 67 4c 3c 00 0a db 00
INFO - 33 69 8c 3c 00 0a 8d 00
INFO - 33 6b cc 3c 00 0a 9d 00
INFO - 33 6e 0c 3c 00 0a c4 00
INFO - 33 6f 4c 3c 00 0a 8d 00
INFO - 33 74 8c 3c 00 0b 28 00
INFO - 33 76 cc 3c 00 0a a8 00
INFO - 33 79 0c 3c 00 0a c4 00
INFO - 33 7b 4c 3c 00 0a af 00
INFO - 33 7d 8c 3c 00 0a c3 00
INFO - 33 80 cc 3c 00 0a c6 00
INFO - 33 83 0c 3c 00 0a be 00
INFO - 33 85 4c 3c 00 0a ce 00
INFO - 33 87 8c 3c 00 0a a3 00
INFO - 33 8a cc 3c 00 0a ab 00
INFO - 33 8c 0c 3c 00 0a ae 00
INFO - 33 8e 4c 3c 00 0a c1 00
INFO - 33 91 8c 3c 00 0a bd 00
INFO - 33 93 cc 3c 00 0a 9b 00
INFO - 33 96 0c 3c 00 0a d0 00
INFO - 33 97 4c 3c 00 0a 94 00
INFO - 33 9a 8c 3c 00 0a b9 00
INFO - 33 9e cc 3c 00 0a fb 00
INFO - 33 a0 0c 3c 00 0a a2 00
INFO - 33 a2 4c 3c 00 0a b5 00
INFO - 33 a4 8c 3c 00 0a a7 00
INFO - 33 a6 cc 3c 00 0a a3 00
INFO - 33 a8 0c 3c 00 0a aa 00
INFO - 33 ab 4c 3c 00 0a ba 00
INFO - 33 ae 8c 3c 00 0a d8 00
INFO - 33 b0 cc 3c 00 0a c9 00
INFO - 33 b2 0c 3c 00 0a a5 00
INFO - 33 b6 4c 3c 00 0a e3 00
INFO - 33 b8 8c 3c 00 0a c9 00
INFO - 33 bb cc 3c 00 0a c9 00
INFO - 33 bd 0c 3c 00 0a 8f 00
INFO - 33 bf 4c 3c 00 0a b2 00
INFO - 33 c0 8c 3c 00 0a 84 00
INFO - 33 c3 cc 3c 00 0a c4 00
INFO - 33 c6 0c 3c 00 0a be 00
INFO - 33 c8 4c 3c 00 0a c7 00
INFO - 33 ca 8c 3c 00 0a 8c 00
INFO - 33 cc cc 3c 00 0a b5 00
INFO - 33 cf 0c 3c 00 0a bd 00
INFO - 33 d2 4c 3c 00 0a d7 00
INFO - 33 d4 8c 3c 00 0a 9d 00
INFO - 33 d6 cc 3c 00 0a ae 00
INFO - 33 d9 0c 3c 00 0a d2 00
INFO - 33 db 4c 3c 00 0a b8 00
INFO - 33 dd 8c 3c 00 0a aa 00
INFO - 33 df cc 3c 00 0a aa 00
INFO - 33 e2 0c 3c 00 0a d4 00
INFO - 33 e4 4c 3c 00 0a 9f 00
INFO - 33 e7 8c 3c 00 0a b4 00
INFO - 33 e8 cc 3c 00 0a 94 00
INFO - 33 eb 0c 3c 00 0a b0 00
INFO - 33 ed 4c 3c 00 0a a2 00
INFO - 33 ee 8c 3c 00 0a 88 00
INFO - 33 f0 cc 3c 00 0a 92 00
INFO - 33 f1 0c 3c 00 0a 88 00
INFO - 33 f4 4c 3c 00 0a bd 00
INFO - 33 f5 8c 3c 00 0a 8f 00
INFO - 33 f7 cc 3c 00 0a ab 00
INFO - 33 fa 0c 3c 00 0a 74 00
INFO - 33 fc 4c 3c 00 0a ad 00
INFO - 33 fe 8c 3c 00 0a 9f 00
INFO - 33 ff cc 3c 00 0a 93 00
INFO - 34 01 0c 3c 00 0a 92 00
INFO - 34 04 4c 3c 00 0a c5 00
INFO - 34 06 8c 3c 00 0a c5 00
INFO - 34 09 cc 3c 00 0a c5 00
INFO - 34 0b 0c 3c 00 0a 92 00
INFO - 34 0d 4c 3c 00 0a ba 00
INFO - 34 11 8c 3c 00 0b 01 00
INFO - 34 13 cc 3c 00 0a 92 00
INFO - 34 14 0c 3c 00 0a 9c 00
INFO - 34 16 4c 3c 00 0a 92 00
INFO - 34 18 8c 3c 00 0a 99 00
INFO - 34 1a cc 3c 00 0a 94 00
INFO - 34 1b 0c 3c 00 0a 87 00
INFO - 34 1d 4c 3c 00 0a 9c 00
INFO - 34 1e 8c 3c 00 0a 7d 00
INFO - 34 21 cc 3c 00 0a cc 00
INFO - 34 23 0c 3c 00 0a 96 00
INFO - 34 25 4c 3c 00 0a 9b 00
INFO - 34 27 8c 3c 00 0a a6 00
INFO - 34 29 cc 3c 00 0a a6 00
INFO - 34 2b 0c 3c 00 0a a6 00
INFO - 34 2d 4c 3c 00 0a b2 00
INFO - 34 2e 8c 3c 00 0a 7d 00
INFO - 34 31 cc 3c 00 0a cf 00
INFO - 34 34 0c 3c 00 0a c6 00
INFO - 34 36 4c 3c 00 0a b9 00
INFO - 34 38 8c 3c 00 0a a2 00
INFO - 34 3b cc 3c 00 0a b3 00
INFO - 34 3d 0c 3c 00 0a a7 00
INFO - 34 3e 4c 3c 00 0a 97 00
INFO - 34 41 8c 3c 00 0a a9 00
INFO - 34 43 cc 3c 00 0a af 00
INFO - 34 45 0c 3c 00 0a a5 00
INFO - 34 46 4c 3c 00 0a 90 00
INFO - 34 49 8c 3c 00 0a ae 00
INFO - 34 4b cc 3c 00 0a c3 00
INFO - 34 4c 0c 3c 00 0a 7c 00
INFO - 34 4f 4c 3c 00 0a b5 00
INFO - 34 50 8c 3c 00 0a 86 00
INFO - 34 52 cc 3c 00 0a 95 00
INFO - 34 54 0c 3c 00 0a a3 00
INFO - 34 56 4c 3c 00 0a b8 00
INFO - 34 58 8c 3c 00 0a 9a 00
INFO - 34 5b cc 3c 00 0a b8 00
INFO - 34 5c 0c 3c 00 0a 90 00
INFO - 34 5e 4c 3c 00 0a a4 00
INFO - 34 60 8c 3c 00 0a 9a 00
INFO - 34 62 cc 3c 00 0a b9 00
INFO - 34 65 0c 3c 00 0a b4 00
INFO - 34 67 4c 3c 00 0a 9d 00
INFO - 34 68 8c 3c 00 0a 86 00
INFO - 34 6a cc 3c 00 0a 9a 00
INFO - 34 6b 0c 3c 00 0a 91 00
INFO - 34 6d 4c 3c 00 0a 8f 00
INFO - 34 6f 8c 3c 00 0a 97 00
INFO - 34 71 cc 3c 00 0a b0 00
INFO - 34 73 0c 3c 00 0a a4 00
INFO - 34 75 4c 3c 00 0a 91 00
INFO - 34 76 8c 3c 00 0a 95 00
INFO - 34 78 cc 3c 00 0a 9c 00
INFO - 34 7a 0c 3c 00 0a 9a 00
INFO - 34 7c 4c 3c 00 0a 99 00
INFO - 34 7f 8c 3c 00 0a cb 00
INFO - 34 81 cc 3c 00 0a ad 00
INFO - 34 82 0c 3c 00 0a 86 00
INFO - 34 85 4c 3c 00 0a ad 00
INFO - 34 89 8c 3c 00 0b 16 00
INFO - 34 8b cc 3c 00 0a af 00
INFO - 34 8d 0c 3c 00 0a 99 00
INFO - 34 8f 4c 3c 00 0a a3 00
INFO - 34 92 8c 3c 00 0a c1 00
INFO - 34 93 cc 3c 00 0a 82 00
INFO - 34 96 0c 3c 00 0a ce 00
INFO - 34 97 4c 3c 00 0a 8e 00
INFO - 34 99 8c 3c 00 0a a3 00
INFO - 34 9b cc 3c 00 0a 9a 00
INFO - 34 9e 0c 3c 00 0a c1 00
INFO - 34 9f 4c 3c 00 0a 97 00
INFO - 34 a2 8c 3c 00 0a b0 00
INFO - 34 a3 cc 3c 00 0a 9a 00
INFO - 34 a6 0c 3c 00 0a b8 00
INFO - 34 a8 4c 3c 00 0a a1 00
INFO - 34 a9 8c 3c 00 0a 94 00
INFO - 34 ab cc 3c 00 0a a3 00
INFO - 34 ad 0c 3c 00 0a 90 00
INFO - 34 b0 4c 3c 00 0a d2 00
INFO - 34 b2 8c 3c 00 0a a6 00
INFO - 34 b3 cc 3c 00 0a 87 00
INFO - 34 b5 0c 3c 00 0a 98 00
INFO - 34 b7 4c 3c 00 0a a4 00
INFO - 34 ba 8c 3c 00 0a b4 00
INFO - 34 bb cc 3c 00 0a 93 00
INFO - 34 bd 0c 3c 00 0a ac 00
INFO - 34 bf 4c 3c 00 0a 99 00
INFO - 34 c1 8c 3c 00 0a a0 00
INFO - 34 c3 cc 3c 00 0a 88 00
INFO - 34 c5 0c 3c 00 0a c0 00
INFO - 34 c7 4c 3c 00 0a 90 00
INFO - 34 c8 8c 3c 00 0a 94 00
INFO - 34 cb cc 3c 00 0a b9 00
INFO - 34 cd 0c 3c 00 0a c0 00
INFO - 34 cf 4c 3c 00 0a 85 00
INFO - 34 d1 8c 3c 00 0a 98 00
INFO - 34 d3 cc 3c 00 0a b3 00
INFO - 34 d5 0c 3c 00 0a a4 00
INFO - 34 d8 4c 3c 00 0a d8 00
INFO - 34 da 8c 3c 00 0a 90 00
INFO - 34 db cc 3c 00 0a 87 00
INFO - 34 dd 0c 3c 00 0a 98 00
INFO - 34 df 4c 3c 00 0a a2 00
INFO - 34 e1 8c 3c 00 0a 9f 00
INFO - 34 e3 cc 3c 00 0a b9 00
INFO - 34 e6 0c 3c 00 0a bf 00
INFO - 34 e9 4c 3c 00 0a d5 00
INFO - 34 ea 8c 3c 00 0a 94 00
INFO - 34 ed cc 3c 00 0a b9 00
INFO - 34 ee 0c 3c 00 0a 98 00
INFO - 34 f1 4c 3c 00 0a c0 00
INFO - 34 f3 8c 3c 00 0a 96 00
INFO - 34 f5 cc 3c 00 0a a9 00
INFO - 34 f6 0c 3c 00 0a 88 00
INFO - 34 f9 4c 3c 00 0a d5 00
INFO - 34 fb 8c 3c 00 0a a1 00
INFO - 34 fe cc 3c 00 0a c0 00
INFO - 34 ff 0c 3c 00 0a 8b 00
INFO - 35 01 4c 3c 00 0a 92 00
INFO - 35 03 8c 3c 00 0a 99 00
INFO - 35 05 cc 3c 00 0a ac 00
INFO - 35 07 0c 3c 00 0a a2 00
INFO - 35 09 4c 3c 00 0a 9f 00
INFO - 35 0b 8c 3c 00 0a a4 00
INFO - 35 0d cc 3c 00 0a 98 00
INFO - 35 0e 0c 3c 00 0a 98 00
INFO - 35 11 4c 3c 00 0a bb 00
INFO - 35 14 8c 3c 00 0a c2 00
INFO - 35 15 cc 3c 00 0a 8f 00
INFO - 35 16 0c 3c 00 0a 83 00
INFO - 35 18 4c 3c 00 0a 98 00
INFO - 35 1c 8c 3c 00 0a f0 00
INFO - 35 1d cc 3c 00 0a 8b 00
INFO - 35 1f 0c 3c 00 0a 9c 00
INFO - 35 20 4c 3c 00 0a 7b 00
INFO - 35 22 8c 3c 00 0a 85 00
INFO - 35 23 cc 3c 00 0a 90 00
INFO - 35 25 0c 3c 00 0a 81 00
INFO - 35 26 4c 3c 00 0a 93 00
INFO - 35 28 8c 3c 00 0a a4 00
INFO - 35 2a cc 3c 00 0a 8f 00
INFO - 35 2c 0c 3c 00 0a ae 00
INFO - 35 2d 4c 3c 00 0a 86 00
INFO - 35 30 8c 3c 00 0a b6 00
INFO - 35 32 cc 3c 00 0a b0 00
INFO - 35 35 0c 3c 00 0a c2 00
INFO - 35 36 4c 3c 00 0a 97 00
INFO - 35 39 8c 3c 00 0a a7 00
INFO - 35 3a cc 3c 00 0a 92 00
INFO - 35 3c 0c 3c 00 0a 99 00
INFO - 35 3e 4c 3c 00 0a a1 00
INFO - 35 41 8c 3c 00 0a c5 00
INFO - 35 42 cc 3c 00 0a 9a 00
INFO - 35 44 0c 3c 00 0a a4 00
INFO - 35 46 4c 3c 00 0a 8e 00
INFO - 35 48 8c 3c 00 0a 97 00
INFO - 35 49 cc 3c 00 0a 90 00
INFO - 35 4b 0c 3c 00 0a a0 00
INFO - 35 4d 4c 3c 00 0a 99 00
INFO - 35 4f 8c 3c 00 0a 92 00
INFO - 35 51 cc 3c 00 0a c2 00
INFO - 35 53 0c 3c 00 0a a1 00
INFO - 35 55 4c 3c 00 0a 9d 00
INFO - 35 57 8c 3c 00 0a a4 00
INFO - 35 5a cc 3c 00 0a d5 00
INFO - 35 5d 0c 3c 00 0a ba 00
INFO - 35 5e 4c 3c 00 0a 93 00
INFO - 35 61 8c 3c 00 0a dd 00
INFO - 35 64 cc 3c 00 0a c3 00
INFO - 35 66 0c 3c 00 0a ae 00
INFO - 35 68 4c 3c 00 0a a5 00
INFO - 35 6a 8c 3c 00 0a 87 00
INFO - 35 6c cc 3c 00 0a a5 00
INFO - 35 6d 0c 3c 00 0a 91 00
INFO - 35 6f 4c 3c 00 0a a4 00
INFO - 35 71 8c 3c 00 0a 8e 00
INFO - 35 73 cc 3c 00 0a a8 00
INFO - 35 75 0c 3c 00 0a a5 00
INFO - 35 77 4c 3c 00 0a 90 00
INFO - 35 79 8c 3c 00 0a b9 00
INFO - 35 7b cc 3c 00 0a b6 00
INFO - 35 7e 0c 3c 00 0a ad 00
INFO - 35 80 4c 3c 00 0a a5 00
INFO - 35 82 8c 3c 00 0a ae 00
INFO - 35 83 cc 3c 00 0a 8e 00
INFO - 35 85 0c 3c 00 0a 92 00
INFO - 35 87 4c 3c 00 0a 8f 00
INFO - 35 89 8c 3c 00 0a ad 00
INFO - 35 8c cc 3c 00 0a e9 00
INFO - 35 8e 0c 3c 00 0a 8c 00
INFO - 35 90 4c 3c 00 0a 9d 00
INFO - 35 92 8c 3c 00 0a b5 00
INFO - 35 94 cc 3c 00 0a bf 00
INFO - 35 96 0c 3c 00 0a 9f 00
INFO - 35 98 4c 3c 00 0a 97 00
INFO - 35 9a 8c 3c 00 0a 9a 00
INFO - 35 9c cc 3c 00 0a a0 00
INFO - 35 9e 0c 3c 00 0a a2 00
INFO - 35 9f 4c 3c 00 0a 92 00
INFO - 35 a1 8c 3c 00 0a 90 00
INFO - 35 a3 cc 3c 00 0a 9f 00
INFO - 35 a5 0c 3c 00 0a a9 00
INFO - 35 a8 4c 3c 00 0a bb 00
INFO - 35 a9 8c 3c 00 0a 9b 00
INFO - 35 ab cc 3c 00 0a 99 00
INFO - 35 ad 0c 3c 00 0a 8b 00
INFO - 35 af 4c 3c 00 0a a7 00
INFO - 35 b0 8c 3c 00 0a 82 00
INFO - 35 b2 cc 3c 00 0a a7 00
INFO - 35 b4 0c 3c 00 0a ad 00
INFO - 35 b6 4c 3c 00 0a 8a 00
INFO - 35 b8 8c 3c 00 0a a1 00
INFO - 35 b9 cc 3c 00 0a 8b 00
INFO - 35 bb 0c 3c 00 0a 9d 00
INFO - 35 bd 4c 3c 00 0a 8c 00
INFO - 35 bf 8c 3c 00 0a be 00
INFO - 35 c1 cc 3c 00 0a 9f 00
INFO - 35 c3 0c 3c 00 0a 8a 00
INFO - 35 c4 4c 3c 00 0a 99 00
INFO - 35 c7 8c 3c 00 0a aa 00
INFO - 35 c8 cc 3c 00 0a 80 00
INFO - 35 ca 0c 3c 00 0a af 00
INFO - 35 cc 4c 3c 00 0a 8a 00
INFO - 35 ce 8c 3c 00 0a d0 00
INFO - 35 d0 cc 3c 00 0a a0 00
INFO - 35 d2 0c 3c 00 0a 7f 00
INFO - 35 d3 4c 3c 00 0a 8a 00
INFO - 35 d5 8c 3c 00 0a 93 00
INFO - 35 d7 cc 3c 00 0a af 00
INFO - 35 d8 0c 3c 00 0a 89 00
INFO - 35 da 4c 3c 00 0a 8b 00
INFO - 35 dd 8c 3c 00 0a d2 00
INFO - 35 de cc 3c 00 0a 8a 00
INFO - 35 e0 0c 3c 00 0a a5 00
INFO - 35 e2 4c 3c 00 0a 87 00
INFO - 35 e4 8c 3c 00 0a c4 00
INFO - 35 e6 cc 3c 00 0a 9d 00
INFO - 35 e8 0c 3c 00 0a 92 00
INFO - 35 ea 4c 3c 00 0a bd 00
INFO - 35 ec 8c 3c 00 0a 83 00
INFO - 35 ee cc 3c 00 0a 9c 00
INFO - 35 ef 0c 3c 00 0a 90 00
INFO - 35 f1 4c 3c 00 0a 9e 00
INFO - 35 f3 8c 3c 00 0a af 00
INFO - 35 f6 cc 3c 00 0a ac 00
INFO - 35 f8 0c 3c 00 0a a1 00
INFO - 35 f9 4c 3c 00 0a 94 00
INFO - 35 fb 8c 3c 00 0a 89 00
INFO - 35 fd cc 3c 00 0a a4 00
INFO - 35 fe 0c 3c 00 0a 89 00
INFO - 36 00 4c 3c 00 0a 99 00
INFO - 36 01 8c 3c 00 0a 8d 00
INFO - 36 04 cc 3c 00 0a a5 00
INFO - 36 05 0c 3c 00 0a a3 00
INFO - 36 07 4c 3c 00 0a 86 00
INFO - 36 08 8c 3c 00 0a 8f 00
INFO - 36 0a cc 3c 00 0a 98 00
INFO - 36 0c 0c 3c 00 0a 86 00
INFO - 36 0d 4c 3c 00 0a 86 00
INFO - 36 10 8c 3c 00 0a b9 00
INFO - 36 11 cc 3c 00 0a 97 00
INFO - 36 13 0c 3c 00 0a 9f 00
INFO - 36 16 4c 3c 00 0a b8 00
INFO - 36 18 8c 3c 00 0a a3 00
INFO - 36 1a cc 3c 00 0a a9 00
INFO - 36 1c 0c 3c 00 0a ae 00
INFO - 36 1e 4c 3c 00 0a 9c 00
INFO - 36 20 8c 3c 00 0a b2 00
INFO - 36 22 cc 3c 00 0a af 00
INFO - 36 24 0c 3c 00 0a a4 00
INFO - 36 26 4c 3c 00 0a 80 00
INFO - 36 27 8c 3c 00 0a 9a 00
INFO - 36 29 cc 3c 00 0a a2 00
INFO - 36 2a 0c 3c 00 0a 75 00
INFO - 36 2c 4c 3c 00 0a 8d 00
INFO - 36 2e 8c 3c 00 0a 91 00
INFO - 36 2f cc 3c 00 0a 70 00
INFO - 36 30 0c 3c 00 0a 81 00
INFO - 36 31 4c 3c 00 0a 81 00
INFO - 36 33 8c 3c 00 0a 91 00
INFO - 36 34 cc 3c 00 0a 7d 00
INFO - 36 36 0c 3c 00 0a 9c 00
INFO - 36 37 4c 3c 00 0a 91 00
INFO - 36 39 8c 3c 00 0a 80 00
INFO - 36 3a cc 3c 00 0a 98 00
INFO - 36 3c 0c 3c 00 0a a1 00
INFO - 36 3e 4c 3c 00 0a 93 00
INFO - 36 40 8c 3c 00 0a 8b 00
INFO - 36 41 cc 3c 00 0a 88 00
INFO - 36 43 0c 3c 00 0a a0 00
INFO - 36 44 4c 3c 00 0a 88 00
INFO - 36 46 8c 3c 00 0a a8 00
INFO - 36 48 cc 3c 00 0a 80 00
INFO - 36 49 0c 3c 00 0a 80 00
INFO - 36 4a 4c 3c 00 0a 7c 00
INFO - 36 4c 8c 3c 00 0a 84 00
INFO - 36 4d cc 3c 00 0a 91 00
INFO - 36 4e 0c 3c 00 0a 7a 00
INFO - 36 50 4c 3c 00 0a 98 00
INFO - 36 52 8c 3c 00 0a 85 00
INFO - 36 53 cc 3c 00 0a 81 00
INFO - 36 54 0c 3c 00 0a 8d 00
INFO - 36 56 4c 3c 00 0a 82 00
INFO - 36 57 8c 3c 00 0a 8b 00
INFO - 36 59 cc 3c 00 0a 8b 00
INFO - 36 5a 0c 3c 00 0a 95 00
INFO - 36 5c 4c 3c 00 0a 86 00
INFO - 36 5e 8c 3c 00 0a a0 00
INFO - 36 60 cc 3c 00 0a ae 00
INFO - 36 62 0c 3c 00 0a b8 00
INFO - 36 64 4c 3c 00 0a 91 00
INFO - 36 66 8c 3c 00 0a aa 00
INFO - 36 68 cc 3c 00 0a 9f 00
INFO - 36 6a 0c 3c 00 0a 8d 00
INFO - 36 6b 4c 3c 00 0a 96 00
INFO - 36 6d 8c 3c 00 0a 8e 00
INFO - 36 6f cc 3c 00 0a a8 00
INFO - 36 70 0c 3c 00 0a 7a 00
INFO - 36 72 4c 3c 00 0a 87 00
INFO - 36 74 8c 3c 00 0a d0 00
INFO - 36 76 cc 3c 00 0a 92 00
INFO - 36 78 0c 3c 00 0a 6f 00
INFO - 36 7a 4c 3c 00 0a a8 00
INFO - 36 7c 8c 3c 00 0a 94 00
INFO - 36 7e cc 3c 00 0a 9a 00
INFO - 36 7f 0c 3c 00 0a 86 00
INFO - 36 80 4c 3c 00 0a 86 00
INFO - 36 82 8c 3c 00 0a 8f 00
INFO - 36 85 cc 3c 00 0a c1 00
INFO - 36 87 0c 3c 00 0a ab 00
INFO - 36 89 4c 3c 00 0a a1 00
INFO - 36 8b 8c 3c 00 0a bb 00
INFO - 36 8c cc 3c 00 0a 75 00
INFO - 36 8e 0c 3c 00 0a 8c 00
INFO - 36 90 4c 3c 00 0a ac 00
INFO - 36 92 8c 3c 00 0a aa 00
INFO - 36 94 cc 3c 00 0a 95 00
INFO - 36 95 0c 3c 00 0a 93 00
INFO - 36 97 4c 3c 00 0a a0 00
INFO - 36 99 8c 3c 00 0a 98 00
INFO - 36 9b cc 3c 00 0a 95 00
INFO - 36 9d 0c 3c 00 0a bf 00
INFO - 36 a0 4c 3c 00 0a b3 00
INFO - 36 a1 8c 3c 00 0a 8d 00
INFO - 36 a3 cc 3c 00 0a 9c 00
INFO - 36 a4 0c 3c 00 0a 7f 00
INFO - 36 a6 4c 3c 00 0a 7f 00
INFO - 36 a8 8c 3c 00 0a b2 00
INFO - 36 aa cc 3c 00 0a 95 00
INFO - 36 ac 0c 3c 00 0a a3 00
INFO - 36 ad 4c 3c 00 0a 86 00
INFO - 36 af 8c 3c 00 0a 9e 00
INFO - 36 b1 cc 3c 00 0a 9c 00
INFO - 36 b2 0c 3c 00 0a 92 00
INFO - 36 b4 4c 3c 00 0a 99 00
INFO - 36 b6 8c 3c 00 0a 9e 00
INFO - 36 b8 cc 3c 00 0a 9c 00
INFO - 36 ba 0c 3c 00 0a ab 00
INFO - 36 bc 4c 3c 00 0a 8e 00
INFO - 36 bd 8c 3c 00 0a 85 00
INFO - 36 bf cc 3c 00 0a ba 00
INFO - 36 c2 0c 3c 00 0a ab 00
INFO - 36 c4 4c 3c 00 0a a8 00
INFO - 36 c5 8c 3c 00 0a 90 00
INFO - 36 c8 cc 3c 00 0a d5 00
INFO - 36 ca 0c 3c 00 0a 86 00
INFO - 36 cc 4c 3c 00 0a a6 00
INFO - 36 ce 8c 3c 00 0a 9c 00
INFO - 36 cf cc 3c 00 0a 98 00
INFO - 36 d1 0c 3c 00 0a 91 00
INFO - 36 d3 4c 3c 00 0a b0 00
INFO - 36 d5 8c 3c 00 0a 85 00
INFO - 36 d7 cc 3c 00 0a 9d 00
INFO - 36 d9 0c 3c 00 0a cd 00
INFO - 36 db 4c 3c 00 0a 93 00
INFO - 36 dc 8c 3c 00 0a 88 00
INFO - 36 de cc 3c 00 0a 97 00
INFO - 36 e0 0c 3c 00 0a 7f 00
INFO - 36 e2 4c 3c 00 0a b7 00
INFO - 36 e3 8c 3c 00 0a 8d 00
INFO - 36 e6 cc 3c 00 0a ad 00
INFO - 36 e7 0c 3c 00 0a 8d 00
INFO - 36 e9 4c 3c 00 0a a2 00
INFO - 36 eb 8c 3c 00 0a 93 00
INFO - 36 ec cc 3c 00 0a 87 00
INFO - 36 ee 0c 3c 00 0a 8b 00
INFO - 36 f0 4c 3c 00 0a bc 00
INFO - 36 f2 8c 3c 00 0a 86 00
INFO - 36 f3 cc 3c 00 0a 98 00
INFO - 36 f6 0c 3c 00 0a b6 00
INFO - 36 f8 4c 3c 00 0a 9d 00
INFO - 36 fa 8c 3c 00 0a b1 00
INFO - 36 fc cc 3c 00 0a aa 00
INFO - 36 fe 0c 3c 00 0a 97 00
INFO - 36 ff 4c 3c 00 0a 81 00
INFO - 37 01 8c 3c 00 0a ad 00
INFO - 37 03 cc 3c 00 0a 85 00
INFO - 37 04 0c 3c 00 0a 97 00
INFO - 37 06 4c 3c 00 0a 7d 00
INFO - 37 08 8c 3c 00 0a c8 00
INFO - 37 0a cc 3c 00 0a 8a 00
INFO - 37 0b 0c 3c 00 0a 8a 00
INFO - 37 0d 4c 3c 00 0a 8d 00
INFO - 37 0f 8c 3c 00 0a a7 00
INFO - 37 11 cc 3c 00 0a 96 00
INFO - 37 13 0c 3c 00 0a b2 00
INFO - 37 14 4c 3c 00 0a 84 00
INFO - 37 16 8c 3c 00 0a 94 00
INFO - 37 18 cc 3c 00 0a 6b 00
INFO - 37 1a 0c 3c 00 0a 9e 00
INFO - 37 1b 4c 3c 00 0a 8d 00
INFO - 37 1e 8c 3c 00 0a b9 00
INFO - 37 1f cc 3c 00 0a 8e 00
INFO - 37 21 0c 3c 00 0a 92 00
INFO - 37 23 4c 3c 00 0a b5 00
INFO - 37 25 8c 3c 00 0a a9 00
INFO - 37 27 cc 3c 00 0a 97 00
INFO - 37 29 0c 3c 00 0a 85 00
INFO - 37 2a 4c 3c 00 0a a0 00
INFO - 37 2c 8c 3c 00 0a 96 00
INFO - 37 2e cc 3c 00 0a a1 00
INFO - 37 30 0c 3c 00 0a 8f 00
INFO - 37 31 4c 3c 00 0a 95 00
INFO - 37 33 8c 3c 00 0a 9b 00
INFO - 37 35 cc 3c 00 0a 86 00
INFO - 37 36 0c 3c 00 0a 98 00
INFO - 37 38 4c 3c 00 0a 7f 00
INFO - 37 39 8c 3c 00 0a 90 00
INFO - 37 3b cc 3c 00 0a 87 00
INFO - 37 3d 0c 3c 00 0a a0 00
INFO - 37 3e 4c 3c 00 0a 7e 00
INFO - 37 3f 8c 3c 00 0a 83 00
INFO - 37 41 cc 3c 00 0a 88 00
INFO - 37 42 0c 3c 00 0a 89 00
INFO - 37 44 4c 3c 00 0a 92 00
INFO - 37 45 8c 3c 00 0a 7f 00
INFO - 37 47 cc 3c 00 0a 8a 00
INFO - 37 48 0c 3c 00 0a 94 00
INFO - 37 4a 4c 3c 00 0a 93 00
INFO - 37 4c 8c 3c 00 0a ac 00
INFO - 37 4e cc 3c 00 0a 8e 00
INFO - 37 50 0c 3c 00 0a b0 00
INFO - 37 53 4c 3c 00 0a c4 00
INFO - 37 55 8c 3c 00 0a b0 00
INFO - 37 57 cc 3c 00 0a bd 00
INFO - 37 59 0c 3c 00 0a 8b 00
INFO - 37 5b 4c 3c 00 0a ad 00
INFO - 37 60 8c 3c 00 0b 2b 00
INFO - 37 61 cc 3c 00 0a 83 00
INFO - 37 63 0c 3c 00 0a a6 00
INFO - 37 65 4c 3c 00 0a 86 00
INFO - 37 66 8c 3c 00 0a 90 00
INFO - 37 68 cc 3c 00 0a 90 00
INFO - 37 6a 0c 3c 00 0a a8 00
INFO - 37 6b 4c 3c 00 0a 7d 00
INFO - 37 6d 8c 3c 00 0a 9b 00
INFO - 37 6f cc 3c 00 0a a9 00
INFO - 37 71 0c 3c 00 0a 9c 00
INFO - 37 74 4c 3c 00 0a cb 00
INFO - 37 76 8c 3c 00 0a ca 00
INFO - 37 78 cc 3c 00 0a 9e 00
INFO - 37 7b 0c 3c 00 0a ad 00
INFO - 37 7e 4c 3c 00 0a e2 00
INFO - 37 80 8c 3c 00 0a c1 00
INFO - 37 83 cc 3c 00 0a af 00
INFO - 37 85 0c 3c 00 0a a2 00
INFO - 37 87 4c 3c 00 0a af 00
INFO - 37 89 8c 3c 00 0a b9 00
INFO - 37 8b cc 3c 00 0a a7 00
INFO - 37 8e 0c 3c 00 0a cf 00
INFO - 37 90 4c 3c 00 0a a8 00
INFO - 37 93 8c 3c 00 0a ba 00
INFO - 37 95 cc 3c 00 0a a8 00
INFO - 37 97 0c 3c 00 0a b1 00
INFO - 37 99 4c 3c 00 0a a8 00
INFO - 37 9c 8c 3c 00 0a bd 00
INFO - 37 9e cc 3c 00 0a be 00
INFO - 37 a0 0c 3c 00 0a aa 00
INFO - 37 a3 4c 3c 00 0a ca 00
INFO - 37 a5 8c 3c 00 0a b4 00
INFO - 37 a8 cc 3c 00 0a 7b 00
INFO - 37 aa 0c 3c 00 0a bf 00
INFO - 37 ad 4c 3c 00 0a b5 00
INFO - 37 af 8c 3c 00 0a 9f 00
INFO - 37 b1 cc 3c 00 0a 9d 00
INFO - 37 b3 0c 3c 00 0a b5 00
INFO - 37 b5 4c 3c 00 0a 9e 00
INFO - 37 b8 8c 3c 00 0a f0 00
INFO - 37 bb cc 3c 00 0a c1 00
INFO - 37 bd 0c 3c 00 0a 9e 00
INFO - 37 bf 4c 3c 00 0a 9e 00
INFO - 37 c2 8c 3c 00 0a cc 00
INFO - 37 c3 cc 3c 00 0a 9e 00
INFO - 37 c6 0c 3c 00 0a a9 00
INFO - 37 c8 4c 3c 00 0a cc 00
INFO - 37 cb 8c 3c 00 0a d8 00
INFO - 37 ce cc 3c 00 0a c0 00
INFO - 37 d0 0c 3c 00 0a 9d 00
INFO - 37 d3 4c 3c 00 0a d7 00
INFO - 37 d5 8c 3c 00 0a a9 00
INFO - 37 d7 cc 3c 00 0a a8 00
INFO - 37 d9 0c 3c 00 0a b4 00
INFO - 37 dc 4c 3c 00 0a cb 00
INFO - 37 df 8c 3c 00 0a bf 00
INFO - 37 e1 cc 3c 00 0a a8 00
INFO - 37 e4 0c 3c 00 0a cb 00
INFO - 37 e6 4c 3c 00 0a a7 00
INFO - 37 e9 8c 3c 00 0a d6 00
INFO - 37 eb cc 3c 00 0a b3 00
INFO - 37 ed 0c 3c 00 0a a8 00
INFO - 37 f0 4c 3c 00 0a d5 00
INFO - 37 f2 8c 3c 00 0a 9c 00
INFO - 37 f5 cc 3c 00 0a c9 00
INFO - 37 f7 0c 3c 00 0a b2 00
INFO - 37 fa 4c 3c 00 0a bd 00
INFO - 37 fd 8c 3c 00 0a d6 00
INFO - 37 ff cc 3c 00 0a b0 00
INFO - 38 01 0c 3c 00 0a b2 00
INFO - 38 03 4c 3c 00 0a a6 00
INFO - 38 06 8c 3c 00 0a bd 00
INFO - 38 08 cc 3c 00 0a 9b 00
INFO - 38 0a 0c 3c 00 0a a5 00
INFO - 38 0c 4c 3c 00 0a a7 00
INFO - 38 0e 8c 3c 00 0a b0 00
INFO - 38 10 cc 3c 00 0a 9a 00
INFO - 38 12 0c 3c 00 0a a7 00
INFO - 38 14 4c 3c 00 0a c5 00
INFO - 38 16 8c 3c 00 0a 9b 00
INFO - 38 19 cc 3c 00 0a c9 00
INFO - 38 1b 0c 3c 00 0a a4 00
INFO - 38 1e 4c 3c 00 0a d3 00
INFO - 38 21 8c 3c 00 0a c9 00
INFO - 38 22 cc 3c 00 0a 83 00
INFO - 38 25 0c 3c 00 0a bd 00
INFO - 38 27 4c 3c 00 0a a8 00
INFO - 38 29 8c 3c 00 0a 99 00
INFO - 38 2b cc 3c 00 0a c0 00
INFO - 38 2d 0c 3c 00 0a 9b 00
INFO - 38 30 4c 3c 00 0a ea 00
INFO - 38 32 8c 3c 00 0a 9d 00
INFO - 38 34 cc 3c 00 0a b1 00
INFO - 38 38 0c 3c 00 0a e3 00
INFO - 38 3a 4c 3c 00 0a 9c 00
INFO - 38 3c 8c 3c 00 0a a5 00
INFO - 38 3e cc 3c 00 0a 81 00
INFO - 38 40 0c 3c 00 0a 9a 00
INFO - 38 42 4c 3c 00 0a aa 00
INFO - 38 44 8c 3c 00 0a 9a 00
INFO - 38 47 cc 3c 00 0a c2 00
INFO - 38 49 0c 3c 00 0a a7 00
INFO - 38 4b 4c 3c 00 0a aa 00
INFO - 38 4d 8c 3c 00 0a b5 00
INFO - 38 50 cc 3c 00 0a bf 00
INFO - 38 52 0c 3c 00 0a b3 00
INFO - 38 55 4c 3c 00 0a c3 00
INFO - 38 56 8c 3c 00 0a 8f 00
INFO - 38 59 cc 3c 00 0a cf 00
INFO - 38 5b 0c 3c 00 0a a6 00
INFO - 38 5f 4c 3c 00 0b 0b 00
INFO - 38 62 8c 3c 00 0a bf 00
INFO - 38 64 cc 3c 00 0a b9 00
INFO - 38 68 0c 3c 00 0a fb 00
INFO - 38 6a 4c 3c 00 0a 9f 00
INFO - 38 6c 8c 3c 00 0a aa 00
INFO - 38 6f cc 3c 00 0a e5 00
INFO - 38 73 0c 3c 00 0a ee 00
INFO - 38 75 4c 3c 00 0a b9 00
INFO - 38 77 8c 3c 00 0a aa 00
INFO - 38 79 cc 3c 00 0a 9e 00
INFO - 38 7b 0c 3c 00 0a 9e 00
INFO - 38 7d 4c 3c 00 0a a9 00
INFO - 38 7f 8c 3c 00 0a 9a 00
INFO - 38 81 cc 3c 00 0a a2 00
INFO - 38 83 0c 3c 00 0a 9d 00
INFO - 38 85 4c 3c 00 0a 9d 00
INFO - 38 87 8c 3c 00 0a 92 00
INFO - 38 89 cc 3c 00 0a a9 00
INFO - 38 8b 0c 3c 00 0a b4 00
INFO - 38 92 4c 3c 00 0b 9c 00
INFO - 38 94 8c 3c 00 0a 98 00
INFO - 38 96 cc 3c 00 0a ad 00
INFO - 38 98 0c 3c 00 0a b3 00
INFO - 38 9c 4c 3c 00 0a ed 00
INFO - 38 9e 8c 3c 00 0a 9c 00
INFO - 38 a0 cc 3c 00 0a a8 00
INFO - 38 a2 0c 3c 00 0a c0 00
INFO - 38 a5 4c 3c 00 0a bd 00
INFO - 38 a7 8c 3c 00 0a ac 00
INFO - 38 a9 cc 3c 00 0a b1 00
INFO - 38 ab 0c 3c 00 0a a8 00
INFO - 38 ae 4c 3c 00 0a bf 00
INFO - 38 b0 8c 3c 00 0a c0 00
INFO - 38 b2 cc 3c 00 0a a8 00
INFO - 38 b6 0c 3c 00 0a ee 00
INFO - 38 b9 4c 3c 00 0a d6 00
INFO - 38 bb 8c 3c 00 0a 9c 00
INFO - 38 bd cc 3c 00 0a a8 00
INFO - 38 bf 0c 3c 00 0a 9c 00
INFO - 38 c1 4c 3c 00 0a bf 00
INFO - 38 c4 8c 3c 00 0a ca 00
INFO - 38 c6 cc 3c 00 0a b3 00
INFO - 38 ca 0c 3c 00 0a d8 00
INFO - 38 cc 4c 3c 00 0a a4 00
INFO - 38 cd 8c 3c 00 0a 9c 00
INFO - 38 cf cc 3c 00 0a a7 00
INFO - 38 d2 0c 3c 00 0a b5 00
INFO - 38 d4 4c 3c 00 0a a4 00
INFO - 38 d5 8c 3c 00 0a 90 00
INFO - 38 d8 cc 3c 00 0a b4 00
INFO - 38 d9 0c 3c 00 0a 8d 00
INFO - 38 dc 4c 3c 00 0a c9 00
INFO - 38 de 8c 3c 00 0a 73 00
INFO - 38 e1 cc 3c 00 0a be 00
INFO - 38 e3 0c 3c 00 0a bc 00
INFO - 38 e6 4c 3c 00 0a da 00
INFO - 38 e8 8c 3c 00 0a 8e 00
INFO - 38 ea cc 3c 00 0a b2 00
INFO - 38 ec 0c 3c 00 0a a2 00
INFO - 38 ee 4c 3c 00 0a b1 00
INFO - 38 f0 8c 3c 00 0a ad 00
INFO - 38 f3 cc 3c 00 0a b0 00
INFO - 38 f4 0c 3c 00 0a 96 00
INFO - 38 f7 4c 3c 00 0a bb 00
INFO - 38 f8 8c 3c 00 0a 80 00
INFO - 38 f8 cc 3c 00 0a 80 00
INFO - 38 f8 0c 3c 00 0a 80 00
INFO - 38 f8 4c 3c 00 0a 80 00
INFO - 38 f8 8c 3c 00 0a 80 00
INFO - 38 f8 cc 3c 00 0a 80 00
INFO - 38 f8 0c 3c 00 0a 80 00
INFO - 38 f8 4c 3c 00 0a 80 00
INFO - 38 f8 8c 3c 00 0a 80 00
INFO - 38 f8 cc 3c 00 0a 80 00
INFO - 38 f8 0c 3c 00 0a 80 00
