INFO - 40 00 4c 00 f9 41 00 23
INFO - 40 8c 8c 00 f9 41 00 23
INFO - 42 81 cc 00 f9 41 00 23
INFO - 44 23 0c 00 f9 41 00 23
INFO - 44 9d 4c 00 f9 41 00 23
INFO - 45 ac 8c 00 f9 41 00 23
INFO - 46 9e cc 00 f9 51 00 20
INFO - 46 ee 0c 00 f9 41 00 24
INFO - 47 72 4c 00 f9 51 00 20
INFO - 47 83 8c 00 f9 51 00 20
INFO - 47 91 cc 00 f9 41 00 23
INFO - 47 a7 0c 00 f9 41 00 23
INFO - 48 42 4c 00 f9 41 00 23
INFO - 49 f2 8c 00 f9 41 00 23
INFO - 4a 23 cc 00 f9 51 00 20
INFO - 4a 42 0c 00 f9 51 00 20
INFO - 4a 5b 4c 00 f9 41 00 24
INFO - 4a 8b 8c 00 f9 41 00 24
INFO - 4c 2a cc 00 f9 41 00 24
INFO - 4e 23 0c 00 f9 41 00 24
INFO - 4e a5 4c 00 f9 41 00 24
INFO - 4f 3f 8c 00 f9 51 00 20
INFO - 4f 51 cc 00 f9 51 00 20
INFO - 4f 61 0c 00 f9 41 00 23
INFO - 4f e3 4c 00 f9 41 00 23
INFO - 50 7a 8c 00 f9 51 00 20
INFO - 50 d1 cc 00 f9 41 00 24
INFO - 51 86 0c 00 f9 51 00 20
INFO - 51 96 4c 00 f9 51 00 20
INFO - 51 a4 8c 00 f9 41 00 23
INFO - 52 1d cc 00 f9 41 00 23
INFO - 52 8d 0c 00 f9 41 00 23
INFO - 54 76 4c 00 f9 41 00 23
INFO - 54 d8 8c 00 f9 41 00 23
INFO - 55 3b cc 00 f9 51 00 20
INFO - 55 4c 0c 00 f9 51 00 20
INFO - 55 5e 4c 00 f9 41 00 24
INFO - 55 c1 8c 00 f9 51 00 20
INFO - 56 0b cc 00 f9 41 00 23
INFO - 56 74 0c 00 f9 41 00 23
INFO - 58 69 4c 00 f9 41 00 23
INFO - 5a 5e 8c 00 f9 41 00 23
INFO - 5c 52 cc 00 f9 41 00 23
INFO - 5d 4d 0c 00 f9 51 00 20
INFO - 5d 8f 4c 00 f9 59 00 00
INFO - 5d c0 8c 00 f9 49 00 02
