INFO - a0 dc ca 40 57 00 00 02
INFO - a0 dc 0a 40 57 00 00 02
INFO - a0 dc 4a 40 57 00 00 02
INFO - a0 dc 8a 40 57 00 00 02
INFO - a0 dc ca 40 57 00 00 02
INFO - a1 d6 ca 40 57 00 00 02
INFO - a1 d6 0a 40 57 00 00 02
INFO - a1 d6 4a 40 57 00 00 02
INFO - a1 d6 8a 40 57 00 00 02
INFO - a2 a3 4a 40 57 00 00 02
INFO - a2 a3 8a 40 57 00 00 02
INFO - a2 a3 ca 40 57 00 00 02
INFO - a2 a3 0a 40 57 00 00 02
INFO - a8 33 8a 40 57 00 00 02
INFO - a8 33 ca 40 57 00 00 02
INFO - a8 33 0a 40 57 00 00 02
INFO - a8 33 4a 40 57 00 00 02
INFO - ae f2 4a 40 57 00 00 02
INFO - ae f2 8a 40 57 00 00 02
INFO - ae f2 ca 40 57 00 00 02
INFO - ae f2 0a 40 57 00 00 02
