INFO - 40 00 4a 00 f9 41 00 23
INFO - 41 05 8a 00 f9 41 00 23
INFO - 43 12 ca 00 f9 41 00 23
INFO - 45 06 0a 00 f9 41 00 23
INFO - 46 fa 4a 00 f9 41 00 23
INFO - 48 9c 8a 00 f9 41 00 23
INFO - 49 16 ca 00 f9 41 00 23
INFO - 4a 25 0a 00 f9 41 00 23
INFO - 4b 17 4a 00 f9 51 00 20
INFO - 4b 67 8a 00 f9 41 00 24
INFO - 4b eb ca 00 f9 51 00 20
INFO - 4b fc 0a 00 f9 51 00 20
INFO - 4c 0a 4a 00 f9 41 00 23
INFO - 4c 20 8a 00 f9 41 00 23
INFO - 4c bb ca 00 f9 41 00 23
INFO - 4e 6b 0a 00 f9 41 00 23
INFO - 4e 9c 4a 00 f9 51 00 20
INFO - 4e bb 8a 00 f9 51 00 20
INFO - 4e d4 ca 00 f9 41 00 24
INFO - 4f 04 0a 00 f9 41 00 24
INFO - 50 a3 4a 00 f9 41 00 24
INFO - 52 9c 8a 00 f9 41 00 24
INFO - 53 1e ca 00 f9 41 00 24
INFO - 53 b8 0a 00 f9 51 00 20
INFO - 53 ca 4a 00 f9 51 00 20
INFO - 53 da 8a 00 f9 41 00 23
INFO - 54 5c ca 00 f9 41 00 23
INFO - 54 f3 0a 00 f9 51 00 20
INFO - 55 4a 4a 00 f9 41 00 24
INFO - 55 ff 8a 00 f9 51 00 20
INFO - 56 0f ca 00 f9 51 00 20
INFO - 56 1d 0a 00 f9 41 00 23
INFO - 56 96 4a 00 f9 41 00 23
INFO - 57 06 8a 00 f9 41 00 23
INFO - 58 ef ca 00 f9 41 00 23
INFO - 59 51 0a 00 f9 41 00 23
INFO - 59 b5 4a 00 f9 51 00 20
INFO - 59 c5 8a 00 f9 51 00 20
INFO - 59 d7 ca 00 f9 41 00 24
INFO - 5a 3a 0a 00 f9 51 00 20
INFO - 5a 84 4a 00 f9 41 00 23
INFO - 5a ee 8a 00 f9 41 00 23
INFO - 5c e2 ca 00 f9 41 00 23
INFO - 5e d7 0a 00 f9 41 00 23
INFO - 40 cd 4a 00 f9 41 00 23
INFO - 41 c8 8a 00 f9 51 00 20
INFO - 42 0b ca 00 f9 59 00 00
INFO - 42 3b 0a 00 f9 49 00 02
