INFO - 20 00 8f 3c 00 0a 40 00
INFO - 20 00 cf 3c 00 0a 42 00
INFO - 20 04 0f 3c 00 0a 6c 00
INFO - 20 05 4f 3c 00 0a 72 00
INFO - 20 06 8f 3c 00 0a 72 00
INFO - 20 07 cf 3c 00 0a 72 00
INFO - 20 09 0f 3c 00 0a a4 00
INFO - 20 0a 4f 3c 00 0a 72 00
INFO - 20 0b 8f 3c 00 0a 72 00
INFO - 20 0c cf 3c 00 0a 72 00
INFO - 20 0d 0f 3c 00 0a 73 00
INFO - 20 0e 4f 3c 00 0a 72 00
INFO - 20 0e 8f 3c 00 0a 6e 00
INFO - 20 0f cf 3c 00 0a 72 00
INFO - 20 11 0f 3c 00 0a 76 00
INFO - 20 12 4f 3c 00 0a 72 00
INFO - 20 13 8f 3c 00 0a 73 00
INFO - 20 14 cf 3c 00 0a 72 00
INFO - 20 15 0f 3c 00 0a 71 00
INFO - 20 16 4f 3c 00 0a 72 00
INFO - 20 17 8f 3c 00 0a 72 00
INFO - 20 18 cf 3c 00 0a 72 00
INFO - 20 19 0f 3c 00 0a 72 00
INFO - 20 1a 4f 3c 00 0a 72 00
INFO - 20 1b 8f 3c 00 0a 6f 00
INFO - 20 1c cf 3c 00 0a 72 00
INFO - 20 1d 0f 3c 00 0a 75 00
INFO - 20 1e 4f 3c 00 0a 72 00
INFO - 20 1f 8f 3c 00 0a 72 00
INFO - 20 20 cf 3c 00 0a 72 00
INFO - 20 21 0f 3c 00 0a 72 00
INFO - 20 22 4f 3c 00 0a 72 00
INFO - 20 23 8f 3c 00 0a 72 00
INFO - 20 24 cf 3c 00 0a 72 00
INFO - 20 25 0f 3c 00 0a 6f 00
INFO - 20 26 4f 3c 00 0a 72 00
INFO - 20 27 8f 3c 00 0a 75 00
INFO - 20 28 cf 3c 00 0a 72 00
INFO - 20 29 0f 3c 00 0a 72 00
INFO - 20 2a 4f 3c 00 0a 72 00
INFO - 20 2b 8f 3c 00 0a 73 00
INFO - 20 2c cf 3c 00 0a 72 00
INFO - 20 2d 0f 3c 00 0a 71 00
INFO - 20 2e 4f 3c 00 0a 72 00
INFO - 20 2f 8f 3c 00 0a 6f 00
INFO - 20 30 cf 3c 00 0a 72 00
INFO - 20 31 0f 3c 00 0a 75 00
INFO - 20 32 4f 3c 00 0a 72 00
INFO - 20 33 8f 3c 00 0a 72 00
INFO - 20 34 cf 3c 00 0a 72 00
INFO - 20 35 0f 3c 00 0a 72 00
INFO - 20 36 4f 3c 00 0a 72 00
INFO - 20 37 8f 3c 00 0a 70 00
INFO - 20 38 cf 3c 00 0a 72 00
INFO - 20 39 0f 3c 00 0a 74 00
INFO - 20 3a 4f 3c 00 0a 72 00
INFO - 20 3b 8f 3c 00 0a 72 00
INFO - 20 3c cf 3c 00 0a 72 00
INFO - 20 3d 0f 3c 00 0a 6f 00
INFO - 20 3e 4f 3c 00 0a 72 00
INFO - 20 3f 8f 3c 00 0a 75 00
INFO - 20 40 cf 3c 00 0a 72 00
INFO - 20 41 0f 3c 00 0a 73 00
INFO - 20 42 4f 3c 00 0a 72 00
INFO - 20 43 8f 3c 00 0a 71 00
INFO - 20 44 cf 3c 00 0a 72 00
INFO - 20 45 0f 3c 00 0a 6f 00
INFO - 20 46 4f 3c 00 0a 72 00
INFO - 20 47 8f 3c 00 0a 75 00
INFO - 20 48 cf 3c 00 0a 72 00
INFO - 20 49 0f 3c 00 0a 72 00
INFO - 20 4a 4f 3c 00 0a 72 00
INFO - 20 4b 8f 3c 00 0a 72 00
INFO - 20 4c cf 3c 00 0a 72 00
INFO - 20 4d 0f 3c 00 0a 70 00
INFO - 20 4e 4f 3c 00 0a 72 00
INFO - 20 4f 8f 3c 00 0a 74 00
INFO - 20 50 cf 3c 00 0a 72 00
INFO - 20 51 0f 3c 00 0a 72 00
INFO - 20 52 4f 3c 00 0a 72 00
INFO - 20 53 8f 3c 00 0a 72 00
INFO - 20 54 cf 3c 00 0a 72 00
INFO - 20 55 0f 3c 00 0a 6f 00
INFO - 20 56 4f 3c 00 0a 72 00
INFO - 20 57 8f 3c 00 0a 75 00
INFO - 20 58 cf 3c 00 0a 72 00
INFO - 20 59 0f 3c 00 0a 72 00
INFO - 20 5a 4f 3c 00 0a 72 00
INFO - 20 5b 8f 3c 00 0a 6f 00
INFO - 20 5c cf 3c 00 0a 72 00
INFO - 20 5d 0f 3c 00 0a 75 00
INFO - 20 5e 4f 3c 00 0a 72 00
INFO - 20 5f 8f 3c 00 0a 73 00
INFO - 20 60 cf 3c 00 0a 72 00
INFO - 20 61 0f 3c 00 0a 6e 00
INFO - 20 62 4f 3c 00 0a 72 00
INFO - 20 63 8f 3c 00 0a 75 00
INFO - 20 64 cf 3c 00 0a 72 00
INFO - 20 65 0f 3c 00 0a 72 00
INFO - 20 66 4f 3c 00 0a 72 00
INFO - 20 67 8f 3c 00 0a 72 00
INFO - 20 68 cf 3c 00 0a 72 00
INFO - 20 69 0f 3c 00 0a 6f 00
INFO - 20 6a 4f 3c 00 0a 72 00
INFO - 20 6b 8f 3c 00 0a 74 00
INFO - 20 6c cf 3c 00 0a 72 00
INFO - 20 6d 0f 3c 00 0a 71 00
INFO - 20 6e 4f 3c 00 0a 72 00
INFO - 20 6f 8f 3c 00 0a 74 00
INFO - 20 70 cf 3c 00 0a 72 00
INFO - 20 71 0f 3c 00 0a 72 00
INFO - 20 72 4f 3c 00 0a 72 00
INFO - 20 73 8f 3c 00 0a 72 00
INFO - 20 74 cf 3c 00 0a 72 00
INFO - 20 75 0f 3c 00 0a 72 00
INFO - 20 76 4f 3c 00 0a 72 00
INFO - 20 77 8f 3c 00 0a 6f 00
INFO - 20 78 cf 3c 00 0a 72 00
INFO - 20 79 0f 3c 00 0a 75 00
INFO - 20 7a 4f 3c 00 0a 72 00
INFO - 20 7b 8f 3c 00 0a 72 00
INFO - 20 7c cf 3c 00 0a 72 00
INFO - 20 7d 0f 3c 00 0a 6f 00
INFO - 20 7e 4f 3c 00 0a 72 00
INFO - 20 7f 8f 3c 00 0a 75 00
INFO - 20 80 cf 3c 00 0a 72 00
INFO - 20 81 0f 3c 00 0a 73 00
INFO - 20 82 4f 3c 00 0a 72 00
INFO - 20 83 8f 3c 00 0a 71 00
INFO - 20 84 cf 3c 00 0a 72 00
INFO - 20 85 0f 3c 00 0a 6f 00
INFO - 20 86 4f 3c 00 0a 72 00
INFO - 20 87 8f 3c 00 0a 75 00
INFO - 20 88 cf 3c 00 0a 72 00
INFO - 20 89 0f 3c 00 0a 72 00
INFO - 20 8a 4f 3c 00 0a 72 00
INFO - 20 8b 8f 3c 00 0a 72 00
INFO - 20 8c cf 3c 00 0a 72 00
INFO - 20 8d 0f 3c 00 0a 72 00
INFO - 20 8e 4f 3c 00 0a 72 00
INFO - 20 8f 8f 3c 00 0a 6f 00
INFO - 20 90 cf 3c 00 0a 72 00
INFO - 20 91 0f 3c 00 0a 75 00
INFO - 20 92 4f 3c 00 0a 72 00
INFO - 20 93 8f 3c 00 0a 72 00
INFO - 20 94 cf 3c 00 0a 72 00
INFO - 20 95 0f 3c 00 0a 73 00
INFO - 20 96 4f 3c 00 0a 72 00
INFO - 20 97 8f 3c 00 0a 6e 00
INFO - 20 98 cf 3c 00 0a 72 00
INFO - 20 99 0f 3c 00 0a 75 00
INFO - 20 9a 4f 3c 00 0a 72 00
INFO - 20 9b 8f 3c 00 0a 72 00
INFO - 20 9c cf 3c 00 0a 72 00
INFO - 20 9d 0f 3c 00 0a 72 00
INFO - 20 9e 4f 3c 00 0a 72 00
INFO - 20 9f 8f 3c 00 0a 6f 00
INFO - 20 a0 cf 3c 00 0a 72 00
INFO - 20 a1 0f 3c 00 0a 75 00
INFO - 20 a2 4f 3c 00 0a 72 00
INFO - 20 a3 8f 3c 00 0a 73 00
INFO - 20 a4 cf 3c 00 0a 72 00
INFO - 20 a5 0f 3c 00 0a 71 00
INFO - 20 a6 4f 3c 00 0a 72 00
INFO - 20 a7 8f 3c 00 0a 6f 00
INFO - 20 a8 cf 3c 00 0a 72 00
INFO - 20 a9 0f 3c 00 0a 75 00
INFO - 20 aa 4f 3c 00 0a 72 00
INFO - 20 ab 8f 3c 00 0a 72 00
INFO - 20 ac cf 3c 00 0a 72 00
INFO - 20 ad 0f 3c 00 0a 72 00
INFO - 20 ae 4f 3c 00 0a 72 00
INFO - 20 af 8f 3c 00 0a 6f 00
INFO - 20 b0 cf 3c 00 0a 72 00
INFO - 20 b1 0f 3c 00 0a 74 00
INFO - 20 b2 4f 3c 00 0a 72 00
INFO - 20 b3 8f 3c 00 0a 72 00
INFO - 20 b4 cf 3c 00 0a 72 00
INFO - 20 b5 0f 3c 00 0a 72 00
INFO - 20 b6 4f 3c 00 0a 72 00
INFO - 20 b7 8f 3c 00 0a 70 00
INFO - 20 b8 cf 3c 00 0a 72 00
INFO - 20 b9 0f 3c 00 0a 74 00
INFO - 20 ba 4f 3c 00 0a 72 00
INFO - 20 bb 8f 3c 00 0a 72 00
INFO - 20 bd cf 3c 00 0a a4 00
INFO - 20 be 0f 3c 00 0a 59 00
INFO - 20 bf 4f 3c 00 0a 6f 00
INFO - 20 c0 8f 3c 00 0a 72 00
INFO - 20 c1 cf 3c 00 0a 75 00
INFO - 20 c2 0f 3c 00 0a 72 00
INFO - 20 c3 4f 3c 00 0a 72 00
INFO - 20 c4 8f 3c 00 0a 72 00
INFO - 20 c5 cf 3c 00 0a 73 00
INFO - 20 c6 0f 3c 00 0a 72 00
INFO - 20 c7 4f 3c 00 0a 6e 00
INFO - 20 c8 8f 3c 00 0a 72 00
INFO - 20 c9 cf 3c 00 0a 75 00
INFO - 20 ca 0f 3c 00 0a 72 00
INFO - 20 cb 4f 3c 00 0a 72 00
INFO - 20 cc 8f 3c 00 0a 72 00
INFO - 20 cd cf 3c 00 0a 72 00
INFO - 20 ce 0f 3c 00 0a 72 00
INFO - 20 cf 4f 3c 00 0a 72 00
INFO - 20 d0 8f 3c 00 0a 72 00
INFO - 20 d1 cf 3c 00 0a 6f 00
INFO - 20 d2 0f 3c 00 0a 72 00
INFO - 20 d3 4f 3c 00 0a 76 00
INFO - 20 d4 8f 3c 00 0a 72 00
INFO - 20 d5 cf 3c 00 0a 71 00
INFO - 20 d6 0f 3c 00 0a 72 00
INFO - 20 d7 4f 3c 00 0a 72 00
INFO - 20 d8 8f 3c 00 0a 72 00
INFO - 20 d9 cf 3c 00 0a 72 00
INFO - 20 da 0f 3c 00 0a 72 00
INFO - 20 db 4f 3c 00 0a 6f 00
INFO - 20 dc 8f 3c 00 0a 72 00
INFO - 20 dd cf 3c 00 0a 75 00
INFO - 20 de 0f 3c 00 0a 72 00
INFO - 20 df 4f 3c 00 0a 72 00
INFO - 20 e0 8f 3c 00 0a 72 00
INFO - 20 e1 cf 3c 00 0a 72 00
INFO - 20 e2 0f 3c 00 0a 72 00
INFO - 20 e3 4f 3c 00 0a 6b 00
INFO - 20 e4 8f 3c 00 0a 7a 00
INFO - 20 e5 cf 3c 00 0a 72 00
INFO - 20 e6 0f 3c 00 0a 72 00
INFO - 20 e7 4f 3c 00 0a 72 00
INFO - 20 e8 8f 3c 00 0a 72 00
INFO - 20 e9 cf 3c 00 0a 72 00
INFO - 20 ea 0f 3c 00 0a 72 00
INFO - 20 eb 4f 3c 00 0a 72 00
INFO - 20 ec 8f 3c 00 0a 70 00
INFO - 20 ed cf 3c 00 0a 72 00
INFO - 20 ee 0f 3c 00 0a 74 00
INFO - 20 ef 4f 3c 00 0a 72 00
INFO - 20 f0 8f 3c 00 0a 72 00
INFO - 20 f1 cf 3c 00 0a 72 00
INFO - 20 f2 0f 3c 00 0a 72 00
INFO - 20 f3 4f 3c 00 0a 72 00
INFO - 20 f4 8f 3c 00 0a 72 00
INFO - 20 f5 cf 3c 00 0a 72 00
INFO - 20 f6 0f 3c 00 0a 6f 00
INFO - 20 f7 4f 3c 00 0a 72 00
INFO - 20 f8 8f 3c 00 0a 75 00
INFO - 20 f9 cf 3c 00 0a 72 00
INFO - 20 fa 0f 3c 00 0a 72 00
INFO - 20 fb 4f 3c 00 0a 72 00
INFO - 20 fc 8f 3c 00 0a 72 00
INFO - 20 fd cf 3c 00 0a 72 00
INFO - 20 fe 0f 3c 00 0a 73 00
INFO - 20 ff 4f 3c 00 0a 72 00
INFO - 21 00 8f 3c 00 0a 71 00
INFO - 21 01 cf 3c 00 0a 72 00
INFO - 21 02 0f 3c 00 0a 6f 00
INFO - 21 03 4f 3c 00 0a 72 00
INFO - 21 04 8f 3c 00 0a 75 00
INFO - 21 05 cf 3c 00 0a 72 00
INFO - 21 06 0f 3c 00 0a 72 00
INFO - 21 07 4f 3c 00 0a 72 00
INFO - 21 08 8f 3c 00 0a 72 00
INFO - 21 09 cf 3c 00 0a 72 00
INFO - 21 0a 0f 3c 00 0a 6f 00
INFO - 21 0b 4f 3c 00 0a 72 00
INFO - 21 0c 8f 3c 00 0a 76 00
INFO - 21 0d cf 3c 00 0a 72 00
INFO - 21 0e 0f 3c 00 0a 71 00
INFO - 21 0f 4f 3c 00 0a 72 00
INFO - 21 10 8f 3c 00 0a 72 00
INFO - 21 11 cf 3c 00 0a 72 00
INFO - 21 12 0f 3c 00 0a 72 00
INFO - 21 13 4f 3c 00 0a 72 00
INFO - 21 14 8f 3c 00 0a 72 00
INFO - 21 15 cf 3c 00 0a 72 00
INFO - 21 16 0f 3c 00 0a 6f 00
INFO - 21 17 4f 3c 00 0a 72 00
INFO - 21 18 8f 3c 00 0a 76 00
INFO - 21 19 cf 3c 00 0a 72 00
INFO - 21 1a 0f 3c 00 0a 71 00
INFO - 21 1b 4f 3c 00 0a 72 00
INFO - 21 1c 8f 3c 00 0a 72 00
INFO - 21 1d cf 3c 00 0a 72 00
INFO - 21 1e 0f 3c 00 0a 72 00
INFO - 21 1f 4f 3c 00 0a 72 00
INFO - 21 20 8f 3c 00 0a 6f 00
INFO - 21 21 cf 3c 00 0a 72 00
INFO - 21 22 0f 3c 00 0a 75 00
INFO - 21 23 4f 3c 00 0a 72 00
INFO - 21 24 8f 3c 00 0a 72 00
INFO - 21 25 cf 3c 00 0a 72 00
INFO - 21 26 0f 3c 00 0a 73 00
INFO - 21 27 4f 3c 00 0a 72 00
INFO - 21 28 8f 3c 00 0a 6e 00
INFO - 21 29 cf 3c 00 0a 72 00
INFO - 21 2a 0f 3c 00 0a 75 00
INFO - 21 2b 4f 3c 00 0a 72 00
INFO - 21 2c 8f 3c 00 0a 72 00
INFO - 21 2d cf 3c 00 0a 72 00
INFO - 21 2e 0f 3c 00 0a 72 00
INFO - 21 2f 4f 3c 00 0a 72 00
INFO - 21 30 8f 3c 00 0a 72 00
INFO - 21 31 cf 3c 00 0a 72 00
INFO - 21 32 0f 3c 00 0a 73 00
INFO - 21 33 4f 3c 00 0a 72 00
INFO - 21 34 8f 3c 00 0a 6e 00
INFO - 21 35 cf 3c 00 0a 72 00
INFO - 21 36 0f 3c 00 0a 75 00
INFO - 21 37 4f 3c 00 0a 72 00
INFO - 21 38 8f 3c 00 0a 72 00
INFO - 21 39 cf 3c 00 0a 72 00
INFO - 21 3a 0f 3c 00 0a 72 00
INFO - 21 3b 4f 3c 00 0a 72 00
INFO - 21 3c 8f 3c 00 0a 72 00
INFO - 21 3d cf 3c 00 0a 72 00
INFO - 21 3e 0f 3c 00 0a 70 00
INFO - 21 3f 4f 3c 00 0a 72 00
INFO - 21 40 8f 3c 00 0a 74 00
INFO - 21 41 cf 3c 00 0a 72 00
INFO - 21 42 0f 3c 00 0a 72 00
INFO - 21 43 4f 3c 00 0a 72 00
INFO - 21 44 8f 3c 00 0a 72 00
INFO - 21 45 cf 3c 00 0a 72 00
INFO - 21 46 0f 3c 00 0a 6f 00
INFO - 21 47 4f 3c 00 0a 72 00
INFO - 21 48 8f 3c 00 0a 76 00
INFO - 21 49 cf 3c 00 0a 71 00
INFO - 21 4a 0f 3c 00 0a 72 00
INFO - 21 4b 4f 3c 00 0a 72 00
INFO - 21 4c 8f 3c 00 0a 72 00
INFO - 21 4d cf 3c 00 0a 72 00
INFO - 21 4e 0f 3c 00 0a 72 00
INFO - 21 4f 4f 3c 00 0a 71 00
INFO - 21 50 8f 3c 00 0a 70 00
INFO - 21 51 cf 3c 00 0a 75 00
INFO - 21 52 0f 3c 00 0a 72 00
INFO - 21 53 4f 3c 00 0a 73 00
INFO - 21 54 8f 3c 00 0a 72 00
INFO - 21 55 cf 3c 00 0a 71 00
INFO - 21 56 0f 3c 00 0a 72 00
INFO - 21 57 4f 3c 00 0a 72 00
INFO - 21 58 8f 3c 00 0a 72 00
INFO - 21 59 cf 3c 00 0a 6f 00
INFO - 21 5a 0f 3c 00 0a 72 00
INFO - 21 5b 4f 3c 00 0a 75 00
INFO - 21 5c 8f 3c 00 0a 72 00
INFO - 21 5d cf 3c 00 0a 73 00
INFO - 21 5e 0f 3c 00 0a 72 00
INFO - 21 5f 4f 3c 00 0a 71 00
INFO - 21 60 8f 3c 00 0a 72 00
INFO - 21 62 cf 3c 00 0a 74 00
INFO - 21 62 0f 3c 00 0a 70 00
INFO - 21 63 4f 3c 00 0a 72 00
INFO - 21 64 8f 3c 00 0a 72 00
INFO - 21 65 cf 3c 00 0a 72 00
INFO - 21 66 0f 3c 00 0a 70 00
INFO - 21 67 4f 3c 00 0a 72 00
INFO - 21 68 8f 3c 00 0a 74 00
INFO - 21 69 cf 3c 00 0a 72 00
INFO - 21 6b 0f 3c 00 0a 72 00
INFO - 21 6c 4f 3c 00 0a 6a 00
INFO - 21 6d 8f 3c 00 0a 72 00
INFO - 21 6e cf 3c 00 0a 72 00
INFO - 21 6e 0f 3c 00 0a 71 00
INFO - 21 6f 4f 3c 00 0a 72 00
INFO - 21 71 8f 3c 00 0a 74 00
INFO - 21 72 cf 3c 00 0a 72 00
INFO - 21 73 0f 3c 00 0a 72 00
INFO - 21 74 4f 3c 00 0a 72 00
INFO - 21 75 8f 3c 00 0a 72 00
INFO - 21 76 cf 3c 00 0a 72 00
INFO - 21 77 0f 3c 00 0a 72 00
INFO - 21 78 4f 3c 00 0a 72 00
INFO - 21 79 8f 3c 00 0a 73 00
INFO - 21 7a cf 3c 00 0a 72 00
INFO - 21 7b 0f 3c 00 0a 72 00
INFO - 21 7c 4f 3c 00 0a 72 00
INFO - 21 7d 8f 3c 00 0a 72 00
INFO - 21 7e cf 3c 00 0a 72 00
INFO - 21 7f 0f 3c 00 0a 72 00
INFO - 21 80 4f 3c 00 0a 72 00
INFO - 21 81 8f 3c 00 0a 72 00
INFO - 21 82 cf 3c 00 0a 72 00
INFO - 21 83 0f 3c 00 0a 73 00
INFO - 21 84 4f 3c 00 0a 72 00
INFO - 21 85 8f 3c 00 0a 71 00
INFO - 21 86 cf 3c 00 0a 72 00
INFO - 21 87 0f 3c 00 0a 72 00
INFO - 21 88 4f 3c 00 0a 72 00
INFO - 21 89 8f 3c 00 0a 73 00
INFO - 21 8a cf 3c 00 0a 72 00
INFO - 21 8b 0f 3c 00 0a 72 00
INFO - 21 8c 4f 3c 00 0a 72 00
INFO - 21 8d 8f 3c 00 0a 74 00
INFO - 21 8e cf 3c 00 0a 72 00
INFO - 21 8f 0f 3c 00 0a 70 00
INFO - 21 90 4f 3c 00 0a 72 00
INFO - 21 91 8f 3c 00 0a 72 00
INFO - 21 92 cf 3c 00 0a 72 00
INFO - 21 93 0f 3c 00 0a 72 00
INFO - 21 94 4f 3c 00 0a 72 00
INFO - 21 95 8f 3c 00 0a 71 00
INFO - 21 96 cf 3c 00 0a 72 00
INFO - 21 97 0f 3c 00 0a 76 00
INFO - 21 98 4f 3c 00 0a 72 00
INFO - 21 99 8f 3c 00 0a 70 00
INFO - 21 9a cf 3c 00 0a 72 00
INFO - 21 9b 0f 3c 00 0a 72 00
INFO - 21 9c 4f 3c 00 0a 72 00
INFO - 21 9d 8f 3c 00 0a 72 00
INFO - 21 9e cf 3c 00 0a 72 00
INFO - 21 9f 0f 3c 00 0a 72 00
INFO - 21 a0 4f 3c 00 0a 72 00
INFO - 21 a1 8f 3c 00 0a 72 00
INFO - 21 a2 cf 3c 00 0a 72 00
INFO - 21 a3 0f 3c 00 0a 74 00
INFO - 21 a4 4f 3c 00 0a 72 00
INFO - 21 a5 8f 3c 00 0a 70 00
INFO - 21 a6 cf 3c 00 0a 72 00
INFO - 21 a7 0f 3c 00 0a 72 00
INFO - 21 a8 4f 3c 00 0a 72 00
INFO - 21 a9 8f 3c 00 0a 72 00
INFO - 21 aa cf 3c 00 0a 72 00
INFO - 21 ab 0f 3c 00 0a 75 00
INFO - 21 ac 4f 3c 00 0a 72 00
INFO - 21 ad 8f 3c 00 0a 6f 00
INFO - 21 ae cf 3c 00 0a 72 00
INFO - 21 af 0f 3c 00 0a 72 00
INFO - 21 b0 4f 3c 00 0a 72 00
INFO - 21 b1 8f 3c 00 0a 71 00
INFO - 21 b2 cf 3c 00 0a 72 00
INFO - 21 b3 0f 3c 00 0a 73 00
INFO - 21 b4 4f 3c 00 0a 72 00
INFO - 21 b5 8f 3c 00 0a 75 00
INFO - 21 b6 cf 3c 00 0a 72 00
INFO - 21 b7 0f 3c 00 0a 6f 00
INFO - 21 b8 4f 3c 00 0a 72 00
INFO - 21 b9 8f 3c 00 0a 72 00
INFO - 21 ba cf 3c 00 0a 72 00
INFO - 21 bb 0f 3c 00 0a 72 00
INFO - 21 bc 4f 3c 00 0a 72 00
INFO - 21 bd 8f 3c 00 0a 72 00
INFO - 21 be cf 3c 00 0a 72 00
INFO - 21 bf 0f 3c 00 0a 72 00
INFO - 21 c0 4f 3c 00 0a 72 00
INFO - 21 c1 8f 3c 00 0a 75 00
INFO - 21 c2 cf 3c 00 0a 72 00
INFO - 21 c3 0f 3c 00 0a 6f 00
INFO - 21 c4 4f 3c 00 0a 72 00
INFO - 21 c5 8f 3c 00 0a 73 00
INFO - 21 c6 cf 3c 00 0a 72 00
INFO - 21 c7 0f 3c 00 0a 72 00
INFO - 21 c8 4f 3c 00 0a 72 00
INFO - 21 c9 8f 3c 00 0a 72 00
INFO - 21 ca cf 3c 00 0a 72 00
INFO - 21 cb 0f 3c 00 0a 74 00
INFO - 21 cc 4f 3c 00 0a 70 00
INFO - 21 cd 8f 3c 00 0a 72 00
INFO - 21 ce cf 3c 00 0a 72 00
INFO - 21 cf 0f 3c 00 0a 72 00
INFO - 21 d0 4f 3c 00 0a 72 00
INFO - 21 d1 8f 3c 00 0a 71 00
INFO - 21 d2 cf 3c 00 0a 71 00
INFO - 21 d3 0f 3c 00 0a 77 00
INFO - 21 d4 4f 3c 00 0a 6f 00
INFO - 21 d6 8f 3c 00 0a a4 00
INFO - 21 d7 cf 3c 00 0a 72 00
INFO - 21 d8 0f 3c 00 0a 72 00
INFO - 21 d9 4f 3c 00 0a 72 00
INFO - 21 da 8f 3c 00 0a 75 00
INFO - 21 db cf 3c 00 0a 72 00
INFO - 21 dc 0f 3c 00 0a 6f 00
INFO - 21 dd 4f 3c 00 0a 72 00
INFO - 21 de 8f 3c 00 0a 72 00
INFO - 21 df cf 3c 00 0a 72 00
INFO - 21 e0 0f 3c 00 0a 72 00
INFO - 21 e1 4f 3c 00 0a 72 00
INFO - 21 e2 8f 3c 00 0a 71 00
INFO - 21 e3 cf 3c 00 0a 72 00
INFO - 21 e4 0f 3c 00 0a 76 00
INFO - 21 e5 4f 3c 00 0a 72 00
INFO - 21 e6 8f 3c 00 0a 6f 00
INFO - 21 e7 cf 3c 00 0a 72 00
INFO - 21 e8 0f 3c 00 0a 72 00
INFO - 21 e9 4f 3c 00 0a 72 00
INFO - 21 ea 8f 3c 00 0a 72 00
INFO - 21 eb cf 3c 00 0a 72 00
INFO - 21 ec 0f 3c 00 0a 75 00
INFO - 21 ed 4f 3c 00 0a 72 00
INFO - 21 ee 8f 3c 00 0a 6f 00
INFO - 21 ef cf 3c 00 0a 72 00
INFO - 21 f0 0f 3c 00 0a 72 00
INFO - 21 f1 4f 3c 00 0a 72 00
INFO - 21 f2 8f 3c 00 0a 72 00
INFO - 21 f3 cf 3c 00 0a 72 00
INFO - 21 f4 0f 3c 00 0a 71 00
INFO - 21 f5 4f 3c 00 0a 72 00
INFO - 21 f6 8f 3c 00 0a 73 00
INFO - 21 f7 cf 3c 00 0a 72 00
INFO - 21 f8 0f 3c 00 0a 75 00
INFO - 21 f9 4f 3c 00 0a 72 00
INFO - 21 fa 8f 3c 00 0a 6f 00
INFO - 21 fb cf 3c 00 0a 72 00
INFO - 21 fc 0f 3c 00 0a 72 00
INFO - 21 fd 4f 3c 00 0a 72 00
INFO - 21 fe 8f 3c 00 0a 72 00
INFO - 21 ff cf 3c 00 0a 72 00
INFO - 22 00 0f 3c 00 0a 74 00
INFO - 22 01 4f 3c 00 0a 72 00
INFO - 22 02 8f 3c 00 0a 70 00
INFO - 22 03 cf 3c 00 0a 72 00
INFO - 22 04 0f 3c 00 0a 72 00
INFO - 22 05 4f 3c 00 0a 72 00
INFO - 22 06 8f 3c 00 0a 72 00
INFO - 22 07 cf 3c 00 0a 72 00
INFO - 22 08 0f 3c 00 0a 75 00
INFO - 22 09 4f 3c 00 0a 6a 00
INFO - 22 0a 8f 3c 00 0a 78 00
INFO - 22 0b cf 3c 00 0a 72 00
INFO - 22 0c 0f 3c 00 0a 6f 00
INFO - 22 0d 4f 3c 00 0a 72 00
INFO - 22 0e 8f 3c 00 0a 71 00
INFO - 22 0f cf 3c 00 0a 72 00
INFO - 22 10 0f 3c 00 0a 73 00
INFO - 22 11 4f 3c 00 0a 72 00
INFO - 22 12 8f 3c 00 0a 72 00
INFO - 22 13 cf 3c 00 0a 72 00
INFO - 22 14 0f 3c 00 0a 74 00
INFO - 22 15 4f 3c 00 0a 72 00
INFO - 22 16 8f 3c 00 0a 6f 00
INFO - 22 17 cf 3c 00 0a 72 00
INFO - 22 18 0f 3c 00 0a 72 00
INFO - 22 19 4f 3c 00 0a 72 00
INFO - 22 1a 8f 3c 00 0a 72 00
INFO - 22 1b cf 3c 00 0a 72 00
INFO - 22 1c 0f 3c 00 0a 74 00
INFO - 22 1d 4f 3c 00 0a 72 00
INFO - 22 1e 8f 3c 00 0a 70 00
INFO - 22 1f cf 3c 00 0a 72 00
INFO - 22 20 0f 3c 00 0a 72 00
INFO - 22 21 4f 3c 00 0a 72 00
INFO - 22 22 8f 3c 00 0a 72 00
INFO - 22 23 cf 3c 00 0a 72 00
INFO - 22 24 0f 3c 00 0a 74 00
INFO - 22 25 4f 3c 00 0a 72 00
INFO - 22 26 8f 3c 00 0a 6f 00
INFO - 22 27 cf 3c 00 0a 72 00
INFO - 22 28 0f 3c 00 0a 72 00
INFO - 22 29 4f 3c 00 0a 72 00
INFO - 22 2a 8f 3c 00 0a 72 00
INFO - 22 2b cf 3c 00 0a 72 00
INFO - 22 2c 0f 3c 00 0a 71 00
INFO - 22 2d 4f 3c 00 0a 72 00
INFO - 22 2e 8f 3c 00 0a 73 00
INFO - 22 2f cf 3c 00 0a 72 00
INFO - 22 30 0f 3c 00 0a 74 00
INFO - 22 31 4f 3c 00 0a 72 00
INFO - 22 32 8f 3c 00 0a 6f 00
INFO - 22 33 cf 3c 00 0a 72 00
INFO - 22 34 0f 3c 00 0a 72 00
INFO - 22 35 4f 3c 00 0a 72 00
INFO - 22 36 8f 3c 00 0a 71 00
INFO - 22 37 cf 3c 00 0a 72 00
INFO - 22 38 0f 3c 00 0a 76 00
INFO - 22 39 4f 3c 00 0a 72 00
INFO - 22 3a 8f 3c 00 0a 6f 00
INFO - 22 3b cf 3c 00 0a 72 00
INFO - 22 3c 0f 3c 00 0a 72 00
INFO - 22 3d 4f 3c 00 0a 72 00
INFO - 22 3e 8f 3c 00 0a 71 00
INFO - 22 3f cf 3c 00 0a 72 00
INFO - 22 40 0f 3c 00 0a 75 00
INFO - 22 41 4f 3c 00 0a 72 00
INFO - 22 42 8f 3c 00 0a 6f 00
INFO - 22 43 cf 3c 00 0a 72 00
INFO - 22 44 0f 3c 00 0a 6e 00
INFO - 22 45 4f 3c 00 0a 72 00
INFO - 22 46 8f 3c 00 0a 72 00
INFO - 22 47 cf 3c 00 0a 72 00
INFO - 22 48 0f 3c 00 0a 75 00
INFO - 22 49 4f 3c 00 0a 72 00
INFO - 22 4a 8f 3c 00 0a 6f 00
INFO - 22 4b cf 3c 00 0a 72 00
INFO - 22 4c 0f 3c 00 0a 73 00
INFO - 22 4d 4f 3c 00 0a 72 00
INFO - 22 4e 8f 3c 00 0a 72 00
INFO - 22 4f cf 3c 00 0a 72 00
INFO - 22 50 0f 3c 00 0a 72 00
INFO - 22 51 4f 3c 00 0a 72 00
INFO - 22 52 8f 3c 00 0a 75 00
INFO - 22 53 cf 3c 00 0a 72 00
INFO - 22 54 0f 3c 00 0a 6f 00
INFO - 22 55 4f 3c 00 0a 72 00
INFO - 22 56 8f 3c 00 0a 72 00
INFO - 22 57 cf 3c 00 0a 72 00
INFO - 22 58 0f 3c 00 0a 71 00
INFO - 22 59 4f 3c 00 0a 72 00
INFO - 22 5a 8f 3c 00 0a 73 00
INFO - 22 5b cf 3c 00 0a 72 00
INFO - 22 5c 0f 3c 00 0a 75 00
INFO - 22 5d 4f 3c 00 0a 72 00
INFO - 22 5e 8f 3c 00 0a 6f 00
INFO - 22 5f cf 3c 00 0a 72 00
INFO - 22 60 0f 3c 00 0a 72 00
INFO - 22 61 4f 3c 00 0a 72 00
INFO - 22 62 8f 3c 00 0a 72 00
INFO - 22 63 cf 3c 00 0a 72 00
INFO - 22 64 0f 3c 00 0a 75 00
INFO - 22 65 4f 3c 00 0a 72 00
INFO - 22 66 8f 3c 00 0a 6f 00
INFO - 22 67 cf 3c 00 0a 72 00
INFO - 22 68 0f 3c 00 0a 71 00
INFO - 22 6a 4f 3c 00 0a a5 00
INFO - 22 6b 8f 3c 00 0a 72 00
INFO - 22 6c cf 3c 00 0a 72 00
INFO - 22 6d 0f 3c 00 0a 72 00
INFO - 22 6e 4f 3c 00 0a 75 00
INFO - 22 6f 8f 3c 00 0a 72 00
INFO - 22 70 cf 3c 00 0a 6f 00
INFO - 22 71 0f 3c 00 0a 59 00
INFO - 22 72 4f 3c 00 0a 72 00
INFO - 22 73 8f 3c 00 0a 72 00
INFO - 22 75 cf 3c 00 0a 6e 00
INFO - 22 76 0f 3c 00 0a a1 00
INFO - 22 77 4f 3c 00 0a 72 00
INFO - 22 78 8f 3c 00 0a 72 00
INFO - 22 79 cf 3c 00 0a 72 00
INFO - 22 7a 0f 3c 00 0a 72 00
INFO - 22 7b 4f 3c 00 0a 72 00
INFO - 22 7d 8f 3c 00 0a 75 00
INFO - 22 7e cf 3c 00 0a 72 00
INFO - 22 7e 0f 3c 00 0a 6f 00
INFO - 22 7f 4f 3c 00 0a 72 00
INFO - 22 80 8f 3c 00 0a 59 00
INFO - 22 81 cf 3c 00 0a 72 00
INFO - 22 82 0f 3c 00 0a 72 00
INFO - 22 84 4f 3c 00 0a 72 00
INFO - 22 85 8f 3c 00 0a 75 00
INFO - 22 86 cf 3c 00 0a 72 00
INFO - 22 87 0f 3c 00 0a 6f 00
INFO - 22 88 4f 3c 00 0a 72 00
INFO - 22 89 8f 3c 00 0a 72 00
INFO - 22 8a cf 3c 00 0a 72 00
INFO - 22 8b 0f 3c 00 0a 74 00
INFO - 22 8c 4f 3c 00 0a 72 00
INFO - 22 8d 8f 3c 00 0a 70 00
INFO - 22 8e cf 3c 00 0a 72 00
INFO - 22 8f 0f 3c 00 0a 72 00
INFO - 22 90 4f 3c 00 0a 72 00
INFO - 22 91 8f 3c 00 0a 75 00
INFO - 22 92 cf 3c 00 0a 72 00
INFO - 22 93 0f 3c 00 0a 6f 00
INFO - 22 94 4f 3c 00 0a 72 00
INFO - 22 95 8f 3c 00 0a 72 00
INFO - 22 96 cf 3c 00 0a 72 00
INFO - 22 97 0f 3c 00 0a 72 00
INFO - 22 98 4f 3c 00 0a 72 00
INFO - 22 99 8f 3c 00 0a 75 00
INFO - 22 9a cf 3c 00 0a 72 00
INFO - 22 9b 0f 3c 00 0a 6f 00
INFO - 22 9c 4f 3c 00 0a 72 00
INFO - 22 9d 8f 3c 00 0a 73 00
INFO - 22 9e cf 3c 00 0a 72 00
INFO - 22 9f 0f 3c 00 0a 75 00
INFO - 22 a0 4f 3c 00 0a 72 00
INFO - 22 a1 8f 3c 00 0a 6f 00
INFO - 22 a2 cf 3c 00 0a 72 00
INFO - 22 a3 0f 3c 00 0a 72 00
INFO - 22 a5 4f 3c 00 0a 81 00
INFO - 22 a6 8f 3c 00 0a 72 00
INFO - 22 a7 cf 3c 00 0a 75 00
INFO - 22 a8 0f 3c 00 0a 72 00
INFO - 22 a9 4f 3c 00 0a 6e 00
INFO - 23 31 8f 3c 00 0a 67 00
INFO - 23 5f cf 3c 00 0b 37 00
INFO - 23 60 0f 3c 00 0a 72 00
INFO - 23 61 4f 3c 00 0a 73 00
INFO - 23 62 8f 3c 00 0a 72 00
INFO - 23 63 cf 3c 00 0a 72 00
INFO - 23 64 0f 3c 00 0a 4a 00
INFO - 23 68 4f 3c 00 0a 4b 00
INFO - 23 7b 8f 3c 00 0b fe 00
INFO - 23 7c cf 3c 00 0a 72 00
INFO - 23 7d 0f 3c 00 0a 6e 00
INFO - 23 7e 4f 3c 00 0a 72 00
INFO - 23 7f 8f 3c 00 0a 72 00
INFO - 23 80 cf 3c 00 0a 72 00
INFO - 23 81 0f 3c 00 0a 74 00
INFO - 23 82 4f 3c 00 0a 71 00
INFO - 23 83 8f 3c 00 0a 6f 00
INFO - 23 85 cf 3c 00 0a a6 00
INFO - 23 86 0f 3c 00 0a 72 00
INFO - 23 87 4f 3c 00 0a 6f 00
INFO - 23 88 8f 3c 00 0a 72 00
INFO - 23 89 cf 3c 00 0a 74 00
INFO - 23 8a 0f 3c 00 0a 72 00
INFO - 23 8b 4f 3c 00 0a 6f 00
INFO - 23 8c 8f 3c 00 0a 72 00
INFO - 23 8d cf 3c 00 0a 74 00
INFO - 23 8e 0f 3c 00 0a 59 00
INFO - 23 8f 4f 3c 00 0a 72 00
INFO - 23 90 8f 3c 00 0a 72 00
INFO - 23 91 cf 3c 00 0a 6f 00
INFO - 23 92 0f 3c 00 0a 72 00
INFO - 23 93 4f 3c 00 0a 75 00
INFO - 23 94 8f 3c 00 0a 72 00
INFO - 23 95 cf 3c 00 0a 72 00
INFO - 23 96 0f 3c 00 0a 72 00
INFO - 23 97 4f 3c 00 0a 6f 00
INFO - 23 98 8f 3c 00 0a 72 00
INFO - 23 99 cf 3c 00 0a 74 00
INFO - 23 9a 0f 3c 00 0a 71 00
INFO - 23 9b 4f 3c 00 0a 71 00
INFO - 23 9c 8f 3c 00 0a 72 00
INFO - 23 9d cf 3c 00 0a 4d 00
INFO - 23 a1 0f 3c 00 0b 06 00
INFO - 23 a2 4f 3c 00 0a 72 00
INFO - 23 a3 8f 3c 00 0a 71 00
INFO - 23 a4 cf 3c 00 0a 72 00
INFO - 23 a6 0f 3c 00 0a a3 00
INFO - 23 a7 4f 3c 00 0a 71 00
INFO - 23 a8 8f 3c 00 0a 72 00
INFO - 23 a9 cf 3c 00 0a 72 00
INFO - 23 aa 0f 3c 00 0a 72 00
INFO - 23 ab 4f 3c 00 0a 71 00
INFO - 23 ac 8f 3c 00 0a 72 00
INFO - 23 ad cf 3c 00 0a 71 00
INFO - 23 ae 0f 3c 00 0a 71 00
INFO - 23 af 4f 3c 00 0a 71 00
INFO - 23 b0 8f 3c 00 0a 59 00
INFO - 23 b1 cf 3c 00 0a 71 00
INFO - 23 b2 0f 3c 00 0a 71 00
INFO - 23 b3 4f 3c 00 0a 72 00
INFO - 23 b4 8f 3c 00 0a 72 00
INFO - 23 b5 cf 3c 00 0a 72 00
INFO - 23 b6 0f 3c 00 0a 72 00
INFO - 23 b7 4f 3c 00 0a 72 00
INFO - 23 b8 8f 3c 00 0a 71 00
INFO - 23 b9 cf 3c 00 0a 71 00
INFO - 23 ba 0f 3c 00 0a 71 00
INFO - 23 bb 4f 3c 00 0a 71 00
INFO - 23 bd 8f 3c 00 0a a3 00
INFO - 23 be cf 3c 00 0a 71 00
INFO - 23 bf 0f 3c 00 0a 72 00
INFO - 23 c1 4f 3c 00 0a 72 00
INFO - 23 c2 8f 3c 00 0a 71 00
INFO - 23 c3 cf 3c 00 0a 72 00
INFO - 23 c4 0f 3c 00 0a 72 00
INFO - 23 c5 4f 3c 00 0a 72 00
INFO - 23 c6 8f 3c 00 0a 74 00
INFO - 23 c7 cf 3c 00 0a 72 00
INFO - 23 c8 0f 3c 00 0a 70 00
INFO - 23 cc 4f 3c 00 0a 6d 00
INFO - 23 cd 8f 3c 00 0a 72 00
INFO - 23 ce cf 3c 00 0a 72 00
INFO - 23 cf 0f 3c 00 0a 72 00
INFO - 23 d0 4f 3c 00 0a 70 00
INFO - 23 d1 8f 3c 00 0a 72 00
INFO - 23 d2 cf 3c 00 0a 74 00
INFO - 23 d3 0f 3c 00 0a 72 00
INFO - 23 d4 4f 3c 00 0a 6f 00
INFO - 23 d5 8f 3c 00 0a 72 00
INFO - 23 d6 cf 3c 00 0a 75 00
INFO - 23 d7 0f 3c 00 0a 72 00
INFO - 23 d8 4f 3c 00 0a 72 00
INFO - 23 d9 8f 3c 00 0a 72 00
INFO - 23 da cf 3c 00 0a 72 00
INFO - 23 db 0f 3c 00 0a 72 00
INFO - 23 dc 4f 3c 00 0a 6f 00
INFO - 23 dd 8f 3c 00 0a 72 00
INFO - 23 de cf 3c 00 0a 75 00
INFO - 23 df 0f 3c 00 0a 72 00
INFO - 23 e0 4f 3c 00 0a 72 00
INFO - 23 e1 8f 3c 00 0a 72 00
INFO - 23 e2 cf 3c 00 0a 72 00
INFO - 23 e3 0f 3c 00 0a 72 00
INFO - 23 e4 4f 3c 00 0a 71 00
INFO - 23 e5 8f 3c 00 0a 72 00
INFO - 23 e6 cf 3c 00 0a 72 00
INFO - 23 e7 0f 3c 00 0a 72 00
INFO - 23 e8 4f 3c 00 0a 72 00
INFO - 23 e9 8f 3c 00 0a 72 00
INFO - 23 ea cf 3c 00 0a 70 00
INFO - 23 eb 0f 3c 00 0a 72 00
INFO - 23 ec 4f 3c 00 0a 74 00
INFO - 23 ed 8f 3c 00 0a 72 00
INFO - 23 ee cf 3c 00 0a 72 00
INFO - 23 ef 0f 3c 00 0a 72 00
INFO - 23 f0 4f 3c 00 0a 72 00
INFO - 23 f1 8f 3c 00 0a 72 00
INFO - 23 f2 cf 3c 00 0a 72 00
INFO - 23 f3 0f 3c 00 0a 72 00
INFO - 23 f4 4f 3c 00 0a 71 00
INFO - 23 f5 8f 3c 00 0a 72 00
INFO - 23 f6 cf 3c 00 0a 72 00
INFO - 23 f8 0f 3c 00 0a a4 00
INFO - 23 f9 4f 3c 00 0a 72 00
INFO - 23 fa 8f 3c 00 0a 75 00
INFO - 23 fb cf 3c 00 0a 72 00
INFO - 23 fc 0f 3c 00 0a 6f 00
INFO - 23 fd 4f 3c 00 0a 72 00
INFO - 23 fe 8f 3c 00 0a 72 00
INFO - 23 ff cf 3c 00 0a 72 00
INFO - 24 00 0f 3c 00 0a 71 00
INFO - 24 01 4f 3c 00 0a 72 00
INFO - 24 02 8f 3c 00 0a 73 00
INFO - 24 03 cf 3c 00 0a 72 00
INFO - 24 04 0f 3c 00 0a 72 00
INFO - 24 05 4f 3c 00 0a 72 00
INFO - 24 06 8f 3c 00 0a 73 00
INFO - 24 07 cf 3c 00 0a 72 00
INFO - 24 08 0f 3c 00 0a 71 00
INFO - 24 09 4f 3c 00 0a 72 00
INFO - 24 0a 8f 3c 00 0a 72 00
INFO - 24 0b cf 3c 00 0a 72 00
INFO - 24 0c 0f 3c 00 0a 71 00
INFO - 24 0d 4f 3c 00 0a 72 00
INFO - 24 0e 8f 3c 00 0a 74 00
INFO - 24 0f cf 3c 00 0a 72 00
INFO - 24 10 0f 3c 00 0a 71 00
INFO - 24 11 4f 3c 00 0a 72 00
INFO - 24 12 8f 3c 00 0a 72 00
INFO - 24 13 cf 3c 00 0a 72 00
INFO - 24 14 0f 3c 00 0a 72 00
INFO - 24 15 4f 3c 00 0a 72 00
INFO - 24 16 8f 3c 00 0a 72 00
INFO - 24 17 cf 3c 00 0a 72 00
INFO - 24 18 0f 3c 00 0a 54 00
INFO - 24 1a 4f 3c 00 0a 55 00
INFO - 24 24 8f 3c 00 0a 9b 00
INFO - 24 25 cf 3c 00 0a 72 00
INFO - 24 26 0f 3c 00 0a 72 00
INFO - 24 27 4f 3c 00 0a 72 00
INFO - 24 28 8f 3c 00 0a 72 00
INFO - 24 29 cf 3c 00 0a 72 00
INFO - 24 2a 0f 3c 00 0a 73 00
INFO - 24 2b 4f 3c 00 0a 72 00
INFO - 24 2c 8f 3c 00 0a 74 00
INFO - 24 2d cf 3c 00 0a 72 00
INFO - 24 2e 0f 3c 00 0a 70 00
INFO - 24 2f 4f 3c 00 0a 72 00
INFO - 24 30 8f 3c 00 0a 72 00
INFO - 24 31 cf 3c 00 0a 72 00
INFO - 24 32 0f 3c 00 0a 72 00
INFO - 24 33 4f 3c 00 0a 72 00
INFO - 24 34 8f 3c 00 0a 72 00
INFO - 24 35 cf 3c 00 0a 72 00
INFO - 24 36 0f 3c 00 0a 72 00
INFO - 24 37 4f 3c 00 0a 72 00
INFO - 24 38 8f 3c 00 0a 72 00
INFO - 24 39 cf 3c 00 0a 52 00
INFO - 24 3b 0f 3c 00 0a a3 00
INFO - 24 3c 4f 3c 00 0a 72 00
INFO - 24 3d 8f 3c 00 0a 72 00
INFO - 24 3e cf 3c 00 0a 72 00
INFO - 24 3f 0f 3c 00 0a 72 00
INFO - 24 40 4f 3c 00 0a 72 00
INFO - 24 41 8f 3c 00 0a 72 00
INFO - 24 42 cf 3c 00 0a 73 00
INFO - 24 43 0f 3c 00 0a 72 00
INFO - 24 44 4f 3c 00 0a 72 00
INFO - 24 45 8f 3c 00 0a 72 00
INFO - 24 46 cf 3c 00 0a 72 00
INFO - 24 47 0f 3c 00 0a 72 00
INFO - 24 48 4f 3c 00 0a 72 00
INFO - 24 49 8f 3c 00 0a 72 00
INFO - 24 4a cf 3c 00 0a 72 00
INFO - 24 4b 0f 3c 00 0a 72 00
INFO - 24 4c 4f 3c 00 0a 74 00
INFO - 24 4d 8f 3c 00 0a 72 00
INFO - 24 4e cf 3c 00 0a 70 00
INFO - 24 4f 0f 3c 00 0a 72 00
INFO - 24 50 4f 3c 00 0a 72 00
INFO - 24 51 8f 3c 00 0a 72 00
INFO - 24 52 cf 3c 00 0a 72 00
INFO - 24 53 0f 3c 00 0a 72 00
INFO - 24 54 4f 3c 00 0a 72 00
INFO - 24 55 8f 3c 00 0a 72 00
INFO - 24 56 cf 3c 00 0a 74 00
INFO - 24 57 0f 3c 00 0a 72 00
INFO - 24 58 4f 3c 00 0a 6f 00
INFO - 24 59 8f 3c 00 0a 72 00
INFO - 24 5a cf 3c 00 0a 75 00
INFO - 24 5b 0f 3c 00 0a 72 00
INFO - 24 5c 4f 3c 00 0a 6f 00
INFO - 24 5d 8f 3c 00 0a 72 00
INFO - 24 5e cf 3c 00 0a 72 00
INFO - 24 5f 0f 3c 00 0a 72 00
INFO - 24 60 4f 3c 00 0a 75 00
INFO - 24 61 8f 3c 00 0a 72 00
INFO - 24 62 cf 3c 00 0a 6f 00
INFO - 24 63 0f 3c 00 0a 72 00
INFO - 24 64 4f 3c 00 0a 72 00
INFO - 24 65 8f 3c 00 0a 72 00
INFO - 24 66 cf 3c 00 0a 75 00
INFO - 24 67 0f 3c 00 0a 72 00
INFO - 24 68 4f 3c 00 0a 72 00
INFO - 24 69 8f 3c 00 0a 72 00
INFO - 24 6a cf 3c 00 0a 6f 00
INFO - 24 6b 0f 3c 00 0a 72 00
INFO - 24 6c 4f 3c 00 0a 75 00
INFO - 24 6d 8f 3c 00 0a 72 00
INFO - 24 6e cf 3c 00 0a 69 00
INFO - 24 6f 0f 3c 00 0a 72 00
INFO - 24 70 4f 3c 00 0a 75 00
INFO - 24 71 8f 3c 00 0a 72 00
INFO - 24 72 cf 3c 00 0a 6f 00
INFO - 24 73 0f 3c 00 0a 72 00
INFO - 24 74 4f 3c 00 0a 74 00
INFO - 24 75 8f 3c 00 0a 72 00
INFO - 24 76 cf 3c 00 0a 72 00
INFO - 24 77 0f 3c 00 0a 72 00
INFO - 24 78 4f 3c 00 0a 72 00
INFO - 24 79 8f 3c 00 0a 72 00
INFO - 24 7a cf 3c 00 0a 6f 00
INFO - 24 7b 0f 3c 00 0a 72 00
INFO - 24 7c 4f 3c 00 0a 74 00
INFO - 24 7d 8f 3c 00 0a 72 00
INFO - 24 7e cf 3c 00 0a 72 00
INFO - 24 7f 0f 3c 00 0a 72 00
INFO - 24 80 4f 3c 00 0a 72 00
INFO - 24 81 8f 3c 00 0a 72 00
INFO - 24 82 cf 3c 00 0a 72 00
INFO - 24 83 0f 3c 00 0a 72 00
INFO - 24 84 4f 3c 00 0a 6f 00
INFO - 24 85 8f 3c 00 0a 72 00
INFO - 24 86 cf 3c 00 0a 76 00
INFO - 24 87 0f 3c 00 0a 72 00
INFO - 24 88 4f 3c 00 0a 71 00
INFO - 24 89 8f 3c 00 0a 72 00
INFO - 24 8a cf 3c 00 0a 72 00
INFO - 24 8b 0f 3c 00 0a 72 00
INFO - 24 8c 4f 3c 00 0a 72 00
INFO - 24 8d 8f 3c 00 0a 72 00
INFO - 24 8e cf 3c 00 0a 72 00
INFO - 24 8f 0f 3c 00 0a 72 00
INFO - 24 90 4f 3c 00 0a 75 00
INFO - 24 91 8f 3c 00 0a 72 00
INFO - 24 92 cf 3c 00 0a 6d 00
INFO - 24 93 0f 3c 00 0a 78 00
INFO - 24 94 4f 3c 00 0a 6e 00
INFO - 24 95 8f 3c 00 0a 72 00
INFO - 24 96 cf 3c 00 0a 73 00
INFO - 24 97 0f 3c 00 0a 72 00
INFO - 24 98 4f 3c 00 0a 73 00
INFO - 24 99 8f 3c 00 0a 72 00
INFO - 24 9a cf 3c 00 0a 71 00
INFO - 24 9b 0f 3c 00 0a 6f 00
INFO - 24 9c 4f 3c 00 0a 77 00
INFO - 24 9d 8f 3c 00 0a 72 00
INFO - 24 9e cf 3c 00 0a 6f 00
INFO - 24 9f 0f 3c 00 0a 72 00
INFO - 24 a0 4f 3c 00 0a 72 00
INFO - 24 a1 8f 3c 00 0a 72 00
INFO - 24 a2 cf 3c 00 0a 72 00
INFO - 24 a3 0f 3c 00 0a 72 00
INFO - 24 a4 4f 3c 00 0a 74 00
INFO - 24 a5 8f 3c 00 0a 72 00
INFO - 24 a6 cf 3c 00 0a 70 00
INFO - 24 a7 0f 3c 00 0a 72 00
INFO - 24 a8 4f 3c 00 0a 72 00
INFO - 24 a9 8f 3c 00 0a 72 00
INFO - 24 aa cf 3c 00 0a 75 00
INFO - 24 ab 0f 3c 00 0a 72 00
INFO - 24 ac 4f 3c 00 0a 70 00
INFO - 24 ad 8f 3c 00 0a 72 00
INFO - 24 ae cf 3c 00 0a 6c 00
INFO - 24 b0 0f 3c 00 0a ab 00
INFO - 24 b1 4f 3c 00 0a 72 00
INFO - 24 b2 8f 3c 00 0a 70 00
INFO - 24 b3 cf 3c 00 0a 72 00
INFO - 24 b4 0f 3c 00 0a 75 00
INFO - 24 b5 4f 3c 00 0a 72 00
INFO - 24 b6 8f 3c 00 0a 6f 00
INFO - 24 b7 cf 3c 00 0a 72 00
INFO - 24 b8 0f 3c 00 0a 75 00
INFO - 24 b9 4f 3c 00 0a 72 00
INFO - 24 ba 8f 3c 00 0a 6f 00
INFO - 24 bb cf 3c 00 0a 72 00
INFO - 24 bc 0f 3c 00 0a 75 00
INFO - 24 bd 4f 3c 00 0a 72 00
INFO - 24 be 8f 3c 00 0a 72 00
INFO - 24 bf cf 3c 00 0a 72 00
INFO - 24 c0 0f 3c 00 0a 6f 00
INFO - 24 c1 4f 3c 00 0a 72 00
INFO - 24 c2 8f 3c 00 0a 75 00
INFO - 24 c3 cf 3c 00 0a 72 00
INFO - 24 c4 0f 3c 00 0a 72 00
INFO - 24 c5 4f 3c 00 0a 72 00
INFO - 24 c6 8f 3c 00 0a 72 00
INFO - 24 c7 cf 3c 00 0a 72 00
INFO - 24 c8 0f 3c 00 0a 72 00
INFO - 24 c9 4f 3c 00 0a 72 00
INFO - 24 ca 8f 3c 00 0a 70 00
INFO - 24 cb cf 3c 00 0a 72 00
INFO - 24 cc 0f 3c 00 0a 75 00
INFO - 24 cd 4f 3c 00 0a 72 00
INFO - 24 ce 8f 3c 00 0a 72 00
INFO - 24 cf cf 3c 00 0a 72 00
INFO - 24 d0 0f 3c 00 0a 72 00
INFO - 24 d1 4f 3c 00 0a 72 00
INFO - 24 d2 8f 3c 00 0a 72 00
INFO - 24 d3 cf 3c 00 0a 72 00
INFO - 24 d4 0f 3c 00 0a 6d 00
INFO - 24 d5 4f 3c 00 0a 72 00
INFO - 24 d6 8f 3c 00 0a 72 00
INFO - 24 d7 cf 3c 00 0a 72 00
INFO - 24 d8 0f 3c 00 0a 72 00
INFO - 24 d9 4f 3c 00 0a 72 00
INFO - 24 da 8f 3c 00 0a 72 00
INFO - 24 db cf 3c 00 0a 72 00
INFO - 24 dc 0f 3c 00 0a 72 00
INFO - 24 dd 4f 3c 00 0a 72 00
INFO - 24 df 8f 3c 00 0a 75 00
INFO - 24 e0 cf 3c 00 0a 72 00
INFO - 24 e0 0f 3c 00 0a 6f 00
INFO - 24 e1 4f 3c 00 0a 72 00
INFO - 24 e2 8f 3c 00 0a 72 00
INFO - 24 e3 cf 3c 00 0a 72 00
INFO - 24 e4 0f 3c 00 0a 72 00
INFO - 24 e5 4f 3c 00 0a 72 00
INFO - 24 e7 8f 3c 00 0a 75 00
INFO - 24 e8 cf 3c 00 0a 72 00
INFO - 24 e9 0f 3c 00 0a 6f 00
INFO - 24 ea 4f 3c 00 0a 72 00
INFO - 24 eb 8f 3c 00 0a 72 00
INFO - 24 ec cf 3c 00 0a 72 00
INFO - 24 ed 0f 3c 00 0a 75 00
INFO - 24 ee 4f 3c 00 0a 72 00
INFO - 24 ef 8f 3c 00 0a 6f 00
INFO - 24 f0 cf 3c 00 0a 72 00
INFO - 24 f1 0f 3c 00 0a 75 00
INFO - 24 f2 4f 3c 00 0a 72 00
INFO - 24 f3 8f 3c 00 0a 6f 00
INFO - 24 f4 cf 3c 00 0a 72 00
INFO - 24 f5 0f 3c 00 0a 72 00
INFO - 24 f6 4f 3c 00 0a 72 00
INFO - 24 f7 8f 3c 00 0a 75 00
INFO - 24 f8 cf 3c 00 0a 72 00
INFO - 24 f9 0f 3c 00 0a 6f 00
INFO - 24 fa 4f 3c 00 0a 72 00
INFO - 24 fb 8f 3c 00 0a 75 00
INFO - 24 fc cf 3c 00 0a 72 00
INFO - 24 fd 0f 3c 00 0a 6f 00
INFO - 24 fe 4f 3c 00 0a 72 00
INFO - 24 ff 8f 3c 00 0a 75 00
INFO - 25 00 cf 3c 00 0a 72 00
INFO - 25 01 0f 3c 00 0a 6f 00
INFO - 25 02 4f 3c 00 0a 72 00
INFO - 25 03 8f 3c 00 0a 75 00
INFO - 25 04 cf 3c 00 0a 72 00
INFO - 25 05 0f 3c 00 0a 72 00
INFO - 25 06 4f 3c 00 0a 59 00
INFO - 25 08 8f 3c 00 0a a2 00
INFO - 25 09 cf 3c 00 0a 75 00
INFO - 25 0a 0f 3c 00 0a 72 00
INFO - 25 0b 4f 3c 00 0a 72 00
INFO - 25 0c 8f 3c 00 0a 72 00
INFO - 25 0d cf 3c 00 0a 70 00
INFO - 25 0e 0f 3c 00 0a 72 00
INFO - 25 0f 4f 3c 00 0a 75 00
INFO - 25 10 8f 3c 00 0a 72 00
INFO - 25 11 cf 3c 00 0a 72 00
INFO - 25 12 0f 3c 00 0a 72 00
INFO - 25 13 4f 3c 00 0a 72 00
INFO - 25 14 8f 3c 00 0a 72 00
INFO - 25 15 cf 3c 00 0a 6f 00
INFO - 25 16 0f 3c 00 0a 72 00
INFO - 25 17 4f 3c 00 0a 75 00
INFO - 25 18 8f 3c 00 0a 72 00
INFO - 25 19 cf 3c 00 0a 72 00
INFO - 25 1a 0f 3c 00 0a 72 00
INFO - 25 1b 4f 3c 00 0a 72 00
INFO - 25 1c 8f 3c 00 0a 72 00
INFO - 25 1d cf 3c 00 0a 72 00
INFO - 25 1e 0f 3c 00 0a 72 00
INFO - 25 1f 4f 3c 00 0a 72 00
INFO - 25 20 8f 3c 00 0a 72 00
INFO - 25 21 cf 3c 00 0a 72 00
INFO - 25 22 0f 3c 00 0a 72 00
INFO - 25 23 4f 3c 00 0a 72 00
INFO - 25 24 8f 3c 00 0a 72 00
INFO - 25 25 cf 3c 00 0a 72 00
INFO - 25 26 0f 3c 00 0a 72 00
INFO - 25 27 4f 3c 00 0a 72 00
INFO - 25 28 8f 3c 00 0a 72 00
INFO - 25 29 cf 3c 00 0a 72 00
INFO - 25 2a 0f 3c 00 0a 72 00
INFO - 25 2b 4f 3c 00 0a 75 00
INFO - 25 2c 8f 3c 00 0a 72 00
INFO - 25 2d cf 3c 00 0a 6f 00
INFO - 25 2e 0f 3c 00 0a 72 00
INFO - 25 2f 4f 3c 00 0a 72 00
INFO - 25 30 8f 3c 00 0a 72 00
INFO - 25 31 cf 3c 00 0a 72 00
INFO - 25 32 0f 3c 00 0a 72 00
INFO - 25 33 4f 3c 00 0a 72 00
INFO - 25 34 8f 3c 00 0a 72 00
INFO - 25 35 cf 3c 00 0a 75 00
INFO - 25 36 0f 3c 00 0a 72 00
INFO - 25 37 4f 3c 00 0a 6f 00
INFO - 25 38 8f 3c 00 0a 72 00
INFO - 25 39 cf 3c 00 0a 72 00
INFO - 25 3a 0f 3c 00 0a 72 00
INFO - 25 3b 4f 3c 00 0a 75 00
INFO - 25 3c 8f 3c 00 0a 72 00
INFO - 25 3d cf 3c 00 0a 6f 00
INFO - 25 3e 0f 3c 00 0a 72 00
INFO - 25 3f 4f 3c 00 0a 75 00
INFO - 25 40 8f 3c 00 0a 72 00
INFO - 25 41 cf 3c 00 0a 6f 00
INFO - 25 42 0f 3c 00 0a 72 00
INFO - 25 43 4f 3c 00 0a 59 00
INFO - 25 44 8f 3c 00 0a 72 00
INFO - 25 45 cf 3c 00 0a 75 00
INFO - 25 46 0f 3c 00 0a 72 00
INFO - 25 47 4f 3c 00 0a 72 00
INFO - 25 48 8f 3c 00 0a 72 00
INFO - 25 49 cf 3c 00 0a 6f 00
INFO - 25 4a 0f 3c 00 0a 72 00
INFO - 25 4b 4f 3c 00 0a 75 00
INFO - 25 4c 8f 3c 00 0a 72 00
INFO - 25 4d cf 3c 00 0a 72 00
INFO - 25 4e 0f 3c 00 0a 72 00
INFO - 25 4f 4f 3c 00 0a 6f 00
INFO - 25 50 8f 3c 00 0a 72 00
INFO - 25 51 cf 3c 00 0a 75 00
INFO - 25 52 0f 3c 00 0a 72 00
INFO - 25 53 4f 3c 00 0a 72 00
INFO - 25 54 8f 3c 00 0a 72 00
INFO - 25 55 cf 3c 00 0a 6f 00
INFO - 25 57 0f 3c 00 0a a6 00
INFO - 25 58 4f 3c 00 0a 72 00
INFO - 25 59 8f 3c 00 0a 72 00
INFO - 25 5a cf 3c 00 0a 72 00
INFO - 25 5b 0f 3c 00 0a 6f 00
INFO - 25 5c 4f 3c 00 0a 72 00
INFO - 25 5d 8f 3c 00 0a 77 00
INFO - 25 5e cf 3c 00 0a 70 00
INFO - 25 67 0f 3c 00 0a 75 00
INFO - 25 68 4f 3c 00 0a 72 00
INFO - 25 69 8f 3c 00 0a 72 00
INFO - 25 6a cf 3c 00 0a 72 00
INFO - 25 6b 0f 3c 00 0a 72 00
INFO - 25 6c 4f 3c 00 0a 72 00
INFO - 25 6d 8f 3c 00 0a 72 00
INFO - 25 6e cf 3c 00 0a 72 00
INFO - 25 6f 0f 3c 00 0a 72 00
INFO - 25 70 4f 3c 00 0a 72 00
INFO - 25 71 8f 3c 00 0a 72 00
INFO - 25 72 cf 3c 00 0a 72 00
INFO - 25 73 0f 3c 00 0a 72 00
INFO - 25 74 4f 3c 00 0a 72 00
INFO - 25 75 8f 3c 00 0a 72 00
INFO - 25 76 cf 3c 00 0a 72 00
INFO - 25 77 0f 3c 00 0a 72 00
INFO - 25 78 4f 3c 00 0a 75 00
INFO - 25 79 8f 3c 00 0a 72 00
INFO - 25 7a cf 3c 00 0a 6f 00
INFO - 25 7b 0f 3c 00 0a 72 00
INFO - 25 7c 4f 3c 00 0a 72 00
INFO - 25 7d 8f 3c 00 0a 59 00
INFO - 25 7e cf 3c 00 0a 72 00
INFO - 25 7f 0f 3c 00 0a 72 00
INFO - 25 80 4f 3c 00 0a 75 00
INFO - 25 81 8f 3c 00 0a 72 00
INFO - 25 82 cf 3c 00 0a 6f 00
INFO - 25 83 0f 3c 00 0a 72 00
INFO - 25 84 4f 3c 00 0a 72 00
INFO - 25 85 8f 3c 00 0a 72 00
INFO - 25 86 cf 3c 00 0a 75 00
INFO - 25 87 0f 3c 00 0a 72 00
INFO - 25 88 4f 3c 00 0a 6f 00
INFO - 25 89 8f 3c 00 0a 72 00
INFO - 25 8a cf 3c 00 0a 75 00
INFO - 25 8b 0f 3c 00 0a 72 00
INFO - 25 8c 4f 3c 00 0a 6f 00
INFO - 25 8d 8f 3c 00 0a 72 00
INFO - 25 8e cf 3c 00 0a 72 00
INFO - 25 8f 0f 3c 00 0a 72 00
INFO - 25 90 4f 3c 00 0a 75 00
INFO - 25 91 8f 3c 00 0a 72 00
INFO - 25 92 cf 3c 00 0a 72 00
INFO - 25 93 0f 3c 00 0a 72 00
INFO - 25 94 4f 3c 00 0a 6f 00
INFO - 25 95 8f 3c 00 0a 72 00
INFO - 25 96 cf 3c 00 0a 75 00
INFO - 25 97 0f 3c 00 0a 72 00
INFO - 25 98 4f 3c 00 0a 72 00
INFO - 25 99 8f 3c 00 0a 72 00
INFO - 25 9a cf 3c 00 0a 6f 00
INFO - 25 9b 0f 3c 00 0a 72 00
INFO - 25 9c 4f 3c 00 0a 75 00
INFO - 25 9d 8f 3c 00 0a 72 00
INFO - 25 9e cf 3c 00 0a 72 00
INFO - 25 9f 0f 3c 00 0a 72 00
INFO - 25 a0 4f 3c 00 0a 6f 00
INFO - 25 a1 8f 3c 00 0a 72 00
INFO - 25 a2 cf 3c 00 0a 75 00
INFO - 25 a3 0f 3c 00 0a 72 00
INFO - 25 a4 4f 3c 00 0a 72 00
INFO - 25 a5 8f 3c 00 0a 72 00
INFO - 25 a6 cf 3c 00 0a 72 00
INFO - 25 a7 0f 3c 00 0a 72 00
INFO - 25 a8 4f 3c 00 0a 72 00
INFO - 25 a9 8f 3c 00 0a 72 00
INFO - 25 aa cf 3c 00 0a 72 00
INFO - 25 ab 0f 3c 00 0a 72 00
INFO - 25 ac 4f 3c 00 0a 6f 00
INFO - 25 ad 8f 3c 00 0a 72 00
INFO - 25 ae cf 3c 00 0a 75 00
INFO - 25 af 0f 3c 00 0a 72 00
INFO - 25 b0 4f 3c 00 0a 72 00
INFO - 25 b1 8f 3c 00 0a 72 00
INFO - 25 b2 cf 3c 00 0a 72 00
INFO - 25 b3 0f 3c 00 0a 72 00
INFO - 25 b4 4f 3c 00 0a 72 00
INFO - 25 b5 8f 3c 00 0a 72 00
INFO - 25 b6 cf 3c 00 0a 72 00
INFO - 25 b7 0f 3c 00 0a 72 00
INFO - 25 b8 4f 3c 00 0a 72 00
INFO - 25 b9 8f 3c 00 0a 72 00
INFO - 25 ba cf 3c 00 0a 72 00
INFO - 25 bb 0f 3c 00 0a 72 00
INFO - 25 bc 4f 3c 00 0a 72 00
INFO - 25 bd 8f 3c 00 0a 72 00
INFO - 25 be cf 3c 00 0a 6f 00
INFO - 25 bf 0f 3c 00 0a 72 00
INFO - 25 c0 4f 3c 00 0a 72 00
INFO - 25 c1 8f 3c 00 0a 72 00
INFO - 25 c2 cf 3c 00 0a 75 00
INFO - 25 c3 0f 3c 00 0a 72 00
INFO - 25 c4 4f 3c 00 0a 6f 00
INFO - 25 c5 8f 3c 00 0a 72 00
INFO - 25 c6 cf 3c 00 0a 72 00
INFO - 25 c7 0f 3c 00 0a 72 00
INFO - 25 c8 4f 3c 00 0a 75 00
INFO - 25 c9 8f 3c 00 0a 72 00
INFO - 25 ca cf 3c 00 0a 6f 00
INFO - 25 cb 0f 3c 00 0a 72 00
INFO - 25 cc 4f 3c 00 0a 72 00
INFO - 25 cd 8f 3c 00 0a 72 00
INFO - 25 ce cf 3c 00 0a 75 00
INFO - 25 cf 0f 3c 00 0a 72 00
INFO - 25 d0 4f 3c 00 0a 70 00
INFO - 25 d1 8f 3c 00 0a 72 00
INFO - 25 d2 cf 3c 00 0a 72 00
INFO - 25 d3 0f 3c 00 0a 72 00
INFO - 25 d4 4f 3c 00 0a 74 00
INFO - 25 d5 8f 3c 00 0a 72 00
INFO - 25 d6 cf 3c 00 0a 68 00
INFO - 25 d7 0f 3c 00 0a 72 00
INFO - 25 d8 4f 3c 00 0a 75 00
INFO - 25 d9 8f 3c 00 0a 72 00
INFO - 25 da cf 3c 00 0a 72 00
INFO - 25 dc 0f 3c 00 0a a4 00
INFO - 25 dd 4f 3c 00 0a 72 00
INFO - 25 de 8f 3c 00 0a 6f 00
INFO - 25 df cf 3c 00 0a 72 00
INFO - 25 e0 0f 3c 00 0a 75 00
INFO - 25 e1 4f 3c 00 0a 72 00
INFO - 25 e2 8f 3c 00 0a 72 00
INFO - 25 e5 cf 3c 00 0a 76 00
INFO - 25 e6 0f 3c 00 0a 74 00
INFO - 25 e7 4f 3c 00 0a 72 00
INFO - 25 e8 8f 3c 00 0a 72 00
INFO - 25 e9 cf 3c 00 0a 72 00
INFO - 25 ea 0f 3c 00 0a 6f 00
INFO - 25 eb 4f 3c 00 0a 72 00
INFO - 25 ec 8f 3c 00 0a 74 00
INFO - 25 ed cf 3c 00 0a 72 00
INFO - 25 ee 0f 3c 00 0a 72 00
INFO - 25 ef 4f 3c 00 0a 72 00
INFO - 25 f0 8f 3c 00 0a 72 00
INFO - 25 f1 cf 3c 00 0a 72 00
INFO - 25 f2 0f 3c 00 0a 72 00
INFO - 25 f3 4f 3c 00 0a 72 00
INFO - 25 f4 8f 3c 00 0a 6f 00
INFO - 25 f5 cf 3c 00 0a 72 00
INFO - 25 f6 0f 3c 00 0a 75 00
INFO - 25 f7 4f 3c 00 0a 72 00
INFO - 25 f8 8f 3c 00 0a 72 00
INFO - 25 f9 cf 3c 00 0a 72 00
INFO - 25 fa 0f 3c 00 0a 72 00
INFO - 25 fb 4f 3c 00 0a 42 00
INFO - 26 16 8f 3c 00 0b fe 00
INFO - 26 17 cf 3c 00 0a 72 00
INFO - 26 19 0f 3c 00 0a 75 00
INFO - 26 1a 4f 3c 00 0a 72 00
INFO - 26 1a 8f 3c 00 0a 6f 00
INFO - 26 1b cf 3c 00 0a 72 00
INFO - 26 1c 0f 3c 00 0a 72 00
INFO - 26 1d 4f 3c 00 0a 72 00
INFO - 26 1f 8f 3c 00 0a 74 00
INFO - 26 20 cf 3c 00 0a 72 00
INFO - 26 21 0f 3c 00 0a 72 00
INFO - 26 21 4f 3c 00 0a 70 00
INFO - 26 22 8f 3c 00 0a 72 00
INFO - 26 23 cf 3c 00 0a 72 00
INFO - 26 24 0f 3c 00 0a 72 00
INFO - 26 26 4f 3c 00 0a 75 00
INFO - 26 27 8f 3c 00 0a 72 00
INFO - 26 28 cf 3c 00 0a 72 00
INFO - 26 29 0f 3c 00 0a 72 00
INFO - 26 29 4f 3c 00 0a 6f 00
INFO - 26 2a 8f 3c 00 0a 72 00
INFO - 26 2c cf 3c 00 0a 75 00
INFO - 26 2d 0f 3c 00 0a 72 00
INFO - 26 2d 4f 3c 00 0a 67 00
INFO - 26 2e 8f 3c 00 0a 72 00
INFO - 26 30 cf 3c 00 0a 75 00
INFO - 26 31 0f 3c 00 0a 72 00
INFO - 26 32 4f 3c 00 0a 72 00
INFO - 26 33 8f 3c 00 0a 72 00
INFO - 26 34 cf 3c 00 0a 6f 00
INFO - 26 35 0f 3c 00 0a 72 00
INFO - 26 36 4f 3c 00 0a 75 00
INFO - 26 37 8f 3c 00 0a 72 00
INFO - 26 38 cf 3c 00 0a 72 00
INFO - 26 39 0f 3c 00 0a 72 00
INFO - 26 3a 4f 3c 00 0a 72 00
INFO - 26 3b 8f 3c 00 0a 72 00
INFO - 26 3c cf 3c 00 0a 72 00
INFO - 26 3d 0f 3c 00 0a 72 00
INFO - 26 3e 4f 3c 00 0a 47 00
INFO - 26 45 8f 3c 00 0b a1 00
INFO - 26 46 cf 3c 00 0a 72 00
INFO - 26 47 0f 3c 00 0a 72 00
INFO - 26 48 4f 3c 00 0a 72 00
INFO - 26 49 8f 3c 00 0a 72 00
INFO - 26 4a cf 3c 00 0a 72 00
INFO - 26 4b 0f 3c 00 0a 72 00
INFO - 26 4c 4f 3c 00 0a 72 00
INFO - 26 4d 8f 3c 00 0a 72 00
INFO - 26 4e cf 3c 00 0a 63 00
INFO - 26 4f 0f 3c 00 0a 74 00
INFO - 26 50 4f 3c 00 0a 72 00
INFO - 26 51 8f 3c 00 0a 72 00
INFO - 26 52 cf 3c 00 0a 69 00
INFO - 26 53 0f 3c 00 0a 72 00
INFO - 26 54 4f 3c 00 0a 72 00
INFO - 26 55 8f 3c 00 0a 72 00
INFO - 26 56 cf 3c 00 0a 72 00
INFO - 26 57 0f 3c 00 0a 72 00
INFO - 26 58 4f 3c 00 0a 72 00
INFO - 26 59 8f 3c 00 0a 72 00
INFO - 26 5a cf 3c 00 0a 72 00
INFO - 26 5b 0f 3c 00 0a 72 00
INFO - 26 5c 4f 3c 00 0a 72 00
INFO - 26 5d 8f 3c 00 0a 72 00
INFO - 26 5e cf 3c 00 0a 74 00
INFO - 26 5f 0f 3c 00 0a 72 00
INFO - 26 60 4f 3c 00 0a 6f 00
INFO - 26 61 8f 3c 00 0a 72 00
INFO - 26 62 cf 3c 00 0a 72 00
INFO - 26 63 0f 3c 00 0a 72 00
INFO - 26 64 4f 3c 00 0a 74 00
INFO - 26 65 8f 3c 00 0a 72 00
INFO - 26 66 cf 3c 00 0a 6f 00
INFO - 26 67 0f 3c 00 0a 72 00
INFO - 26 68 4f 3c 00 0a 72 00
INFO - 26 69 8f 3c 00 0a 72 00
INFO - 26 6a cf 3c 00 0a 75 00
INFO - 26 6b 0f 3c 00 0a 72 00
INFO - 26 6c 4f 3c 00 0a 70 00
INFO - 26 6d 8f 3c 00 0a 72 00
INFO - 26 6e cf 3c 00 0a 74 00
INFO - 26 6f 0f 3c 00 0a 72 00
INFO - 26 70 4f 3c 00 0a 6f 00
INFO - 26 71 8f 3c 00 0a 72 00
INFO - 26 72 cf 3c 00 0a 75 00
INFO - 26 73 0f 3c 00 0a 72 00
INFO - 26 74 4f 3c 00 0a 72 00
INFO - 26 75 8f 3c 00 0a 72 00
INFO - 26 76 cf 3c 00 0a 70 00
INFO - 26 77 0f 3c 00 0a 72 00
INFO - 26 78 4f 3c 00 0a 74 00
INFO - 26 79 8f 3c 00 0a 72 00
INFO - 26 7a cf 3c 00 0a 72 00
INFO - 26 7b 0f 3c 00 0a 72 00
INFO - 26 7c 4f 3c 00 0a 6f 00
INFO - 26 7d 8f 3c 00 0a 72 00
INFO - 26 7e cf 3c 00 0a 74 00
INFO - 26 7f 0f 3c 00 0a 72 00
INFO - 26 80 4f 3c 00 0a 72 00
INFO - 26 81 8f 3c 00 0a 72 00
INFO - 26 82 cf 3c 00 0a 6f 00
INFO - 26 83 0f 3c 00 0a 72 00
INFO - 26 84 4f 3c 00 0a 75 00
INFO - 26 85 8f 3c 00 0a 72 00
INFO - 26 86 cf 3c 00 0a 72 00
INFO - 26 87 0f 3c 00 0a 72 00
INFO - 26 88 4f 3c 00 0a 6f 00
INFO - 26 89 8f 3c 00 0a 72 00
INFO - 26 8a cf 3c 00 0a 75 00
INFO - 26 8b 0f 3c 00 0a 72 00
INFO - 26 8c 4f 3c 00 0a 72 00
INFO - 26 8d 8f 3c 00 0a 72 00
INFO - 26 8e cf 3c 00 0a 72 00
INFO - 26 8f 0f 3c 00 0a 72 00
INFO - 26 90 4f 3c 00 0a 6f 00
INFO - 26 91 8f 3c 00 0a 72 00
INFO - 26 92 cf 3c 00 0a 77 00
INFO - 26 93 0f 3c 00 0a 72 00
INFO - 26 94 4f 3c 00 0a 70 00
INFO - 26 95 8f 3c 00 0a 72 00
INFO - 26 96 cf 3c 00 0a 72 00
INFO - 26 97 0f 3c 00 0a 72 00
INFO - 26 98 4f 3c 00 0a 71 00
INFO - 26 99 8f 3c 00 0a 72 00
INFO - 26 9a cf 3c 00 0a 72 00
INFO - 26 9b 0f 3c 00 0a 72 00
INFO - 26 9c 4f 3c 00 0a 72 00
INFO - 26 9d 8f 3c 00 0a 72 00
INFO - 26 9e cf 3c 00 0a 72 00
INFO - 26 9f 0f 3c 00 0a 72 00
INFO - 26 a0 4f 3c 00 0a 72 00
INFO - 26 a1 8f 3c 00 0a 72 00
INFO - 26 a2 cf 3c 00 0a 72 00
INFO - 26 a3 0f 3c 00 0a 72 00
INFO - 26 a4 4f 3c 00 0a 72 00
INFO - 26 a5 8f 3c 00 0a 72 00
INFO - 26 a6 cf 3c 00 0a 74 00
INFO - 26 a7 0f 3c 00 0a 72 00
INFO - 26 a9 4f 3c 00 0a a2 00
INFO - 26 aa 8f 3c 00 0a 72 00
INFO - 26 ab cf 3c 00 0a 72 00
INFO - 26 ac 0f 3c 00 0a 72 00
INFO - 26 ad 4f 3c 00 0a 72 00
INFO - 26 ae 8f 3c 00 0a 75 00
INFO - 26 af cf 3c 00 0a 72 00
INFO - 26 b0 0f 3c 00 0a 6f 00
INFO - 26 b1 4f 3c 00 0a 72 00
INFO - 26 b2 8f 3c 00 0a 75 00
INFO - 26 b3 cf 3c 00 0a 72 00
INFO - 26 b4 0f 3c 00 0a 6f 00
INFO - 26 b5 4f 3c 00 0a 72 00
INFO - 26 b6 8f 3c 00 0a 74 00
INFO - 26 b7 cf 3c 00 0a 72 00
INFO - 26 b8 0f 3c 00 0a 6f 00
INFO - 26 b9 4f 3c 00 0a 72 00
INFO - 26 ba 8f 3c 00 0a 74 00
INFO - 26 bb cf 3c 00 0a 72 00
INFO - 26 bc 0f 3c 00 0a 70 00
INFO - 26 bd 4f 3c 00 0a 72 00
INFO - 26 be 8f 3c 00 0a 74 00
INFO - 26 bf cf 3c 00 0a 72 00
INFO - 26 c0 0f 3c 00 0a 6f 00
INFO - 26 c1 4f 3c 00 0a 72 00
INFO - 26 c2 8f 3c 00 0a 74 00
INFO - 26 c3 cf 3c 00 0a 72 00
INFO - 26 c4 0f 3c 00 0a 70 00
INFO - 26 c5 4f 3c 00 0a 72 00
INFO - 26 c6 8f 3c 00 0a 74 00
INFO - 26 c7 cf 3c 00 0a 72 00
INFO - 26 c8 0f 3c 00 0a 6f 00
INFO - 26 c9 4f 3c 00 0a 72 00
INFO - 26 ca 8f 3c 00 0a 75 00
INFO - 26 cb cf 3c 00 0a 72 00
INFO - 26 cc 0f 3c 00 0a 6f 00
INFO - 26 cd 4f 3c 00 0a 72 00
INFO - 26 ce 8f 3c 00 0a 75 00
INFO - 26 cf cf 3c 00 0a 72 00
INFO - 26 d0 0f 3c 00 0a 72 00
INFO - 26 d1 4f 3c 00 0a 72 00
INFO - 26 d2 8f 3c 00 0a 6f 00
INFO - 26 d3 cf 3c 00 0a 72 00
INFO - 26 d4 0f 3c 00 0a 75 00
INFO - 26 d5 4f 3c 00 0a 72 00
INFO - 26 d6 8f 3c 00 0a 72 00
INFO - 26 d7 cf 3c 00 0a 72 00
INFO - 26 d8 0f 3c 00 0a 72 00
INFO - 26 d9 4f 3c 00 0a 72 00
INFO - 26 da 8f 3c 00 0a 6f 00
INFO - 26 db cf 3c 00 0a 72 00
INFO - 26 dc 0f 3c 00 0a 75 00
INFO - 26 dd 4f 3c 00 0a 72 00
INFO - 26 de 8f 3c 00 0a 72 00
INFO - 26 df cf 3c 00 0a 72 00
INFO - 26 e0 0f 3c 00 0a 72 00
INFO - 26 e1 4f 3c 00 0a 72 00
INFO - 26 e2 8f 3c 00 0a 72 00
INFO - 26 e3 cf 3c 00 0a 72 00
INFO - 26 e4 0f 3c 00 0a 72 00
INFO - 26 e5 4f 3c 00 0a 72 00
INFO - 26 e6 8f 3c 00 0a 72 00
INFO - 26 e7 cf 3c 00 0a 72 00
INFO - 26 e8 0f 3c 00 0a 72 00
INFO - 26 e9 4f 3c 00 0a 72 00
INFO - 26 ea 8f 3c 00 0a 6f 00
INFO - 26 eb cf 3c 00 0a 72 00
INFO - 26 ec 0f 3c 00 0a 78 00
INFO - 26 ed 4f 3c 00 0a 72 00
INFO - 26 ee 8f 3c 00 0a 6f 00
INFO - 26 ef cf 3c 00 0a 72 00
INFO - 26 f0 0f 3c 00 0a 72 00
INFO - 26 f1 4f 3c 00 0a 72 00
INFO - 26 f2 8f 3c 00 0a 72 00
INFO - 26 f3 cf 3c 00 0a 72 00
INFO - 26 f4 0f 3c 00 0a 72 00
INFO - 26 f5 4f 3c 00 0a 72 00
INFO - 26 f6 8f 3c 00 0a 72 00
INFO - 26 f7 cf 3c 00 0a 72 00
INFO - 26 f8 0f 3c 00 0a 72 00
INFO - 26 f9 4f 3c 00 0a 72 00
INFO - 26 fa 8f 3c 00 0a 72 00
INFO - 26 fb cf 3c 00 0a 72 00
INFO - 26 fc 0f 3c 00 0a 72 00
INFO - 26 fd 4f 3c 00 0a 72 00
INFO - 26 fe 8f 3c 00 0a 72 00
INFO - 26 ff cf 3c 00 0a 72 00
INFO - 27 00 0f 3c 00 0a 74 00
INFO - 27 01 4f 3c 00 0a 72 00
INFO - 27 02 8f 3c 00 0a 6f 00
INFO - 27 03 cf 3c 00 0a 72 00
INFO - 27 04 0f 3c 00 0a 72 00
INFO - 27 05 4f 3c 00 0a 72 00
INFO - 27 06 8f 3c 00 0a 72 00
INFO - 27 07 cf 3c 00 0a 72 00
INFO - 27 08 0f 3c 00 0a 72 00
INFO - 27 09 4f 3c 00 0a 72 00
INFO - 27 0a 8f 3c 00 0a 72 00
INFO - 27 0b cf 3c 00 0a 72 00
INFO - 27 0c 0f 3c 00 0a 72 00
INFO - 27 0d 4f 3c 00 0a 72 00
INFO - 27 0e 8f 3c 00 0a 72 00
INFO - 27 0f cf 3c 00 0a 72 00
INFO - 27 10 0f 3c 00 0a 72 00
INFO - 27 11 4f 3c 00 0a 72 00
INFO - 27 12 8f 3c 00 0a 6d 00
INFO - 27 13 cf 3c 00 0a 77 00
INFO - 27 14 0f 3c 00 0a 72 00
INFO - 27 15 4f 3c 00 0a 72 00
INFO - 27 16 8f 3c 00 0a 72 00
INFO - 27 17 cf 3c 00 0a 71 00
INFO - 27 18 0f 3c 00 0a 71 00
INFO - 27 19 4f 3c 00 0a 4a 00
INFO - 27 1f 8f 3c 00 0b 1d 00
INFO - 27 20 cf 3c 00 0a 72 00
INFO - 27 21 0f 3c 00 0a 74 00
INFO - 27 22 4f 3c 00 0a 72 00
INFO - 27 23 8f 3c 00 0a 70 00
INFO - 27 24 cf 3c 00 0a 72 00
INFO - 27 25 0f 3c 00 0a 74 00
INFO - 27 26 4f 3c 00 0a 72 00
INFO - 27 27 8f 3c 00 0a 6f 00
INFO - 27 28 cf 3c 00 0a 72 00
INFO - 27 29 0f 3c 00 0a 75 00
INFO - 27 2a 4f 3c 00 0a 72 00
INFO - 27 2b 8f 3c 00 0a 6f 00
INFO - 27 2c cf 3c 00 0a 72 00
INFO - 27 2d 0f 3c 00 0a 75 00
INFO - 27 2e 4f 3c 00 0a 72 00
INFO - 27 2f 8f 3c 00 0a 72 00
INFO - 27 30 cf 3c 00 0a 72 00
INFO - 27 31 0f 3c 00 0a 58 00
INFO - 27 32 4f 3c 00 0a 72 00
INFO - 27 33 8f 3c 00 0a 75 00
INFO - 27 34 cf 3c 00 0a 72 00
INFO - 27 35 0f 3c 00 0a 70 00
INFO - 27 36 4f 3c 00 0a 72 00
INFO - 27 37 8f 3c 00 0a 74 00
INFO - 27 38 cf 3c 00 0a 72 00
INFO - 27 39 0f 3c 00 0a 72 00
INFO - 27 3a 4f 3c 00 0a 72 00
INFO - 27 3b 8f 3c 00 0a 72 00
INFO - 27 3c cf 3c 00 0a 72 00
INFO - 27 3d 0f 3c 00 0a 72 00
INFO - 27 3e 4f 3c 00 0a 72 00
INFO - 27 3f 8f 3c 00 0a 72 00
INFO - 27 40 cf 3c 00 0a 72 00
INFO - 27 41 0f 3c 00 0a 72 00
INFO - 27 42 4f 3c 00 0a 72 00
INFO - 27 43 8f 3c 00 0a 72 00
INFO - 27 44 cf 3c 00 0a 72 00
INFO - 27 45 0f 3c 00 0a 72 00
INFO - 27 46 4f 3c 00 0a 72 00
INFO - 27 47 8f 3c 00 0a 72 00
INFO - 27 48 cf 3c 00 0a 72 00
INFO - 27 49 0f 3c 00 0a 72 00
INFO - 27 4a 4f 3c 00 0a 72 00
INFO - 27 4b 8f 3c 00 0a 72 00
INFO - 27 4c cf 3c 00 0a 72 00
INFO - 27 4d 0f 3c 00 0a 72 00
INFO - 27 4e 4f 3c 00 0a 72 00
INFO - 27 4f 8f 3c 00 0a 72 00
INFO - 27 50 cf 3c 00 0a 72 00
INFO - 27 51 0f 3c 00 0a 72 00
INFO - 27 52 4f 3c 00 0a 72 00
INFO - 27 53 8f 3c 00 0a 72 00
INFO - 27 54 cf 3c 00 0a 72 00
INFO - 27 55 0f 3c 00 0a 72 00
INFO - 27 56 4f 3c 00 0a 72 00
INFO - 27 57 8f 3c 00 0a 72 00
INFO - 27 58 cf 3c 00 0a 72 00
INFO - 27 59 0f 3c 00 0a 72 00
INFO - 27 5a 4f 3c 00 0a 72 00
INFO - 27 5b 8f 3c 00 0a 72 00
INFO - 27 5c cf 3c 00 0a 72 00
INFO - 27 5d 0f 3c 00 0a 72 00
INFO - 27 5e 4f 3c 00 0a 72 00
INFO - 27 5f 8f 3c 00 0a 72 00
INFO - 27 60 cf 3c 00 0a 72 00
INFO - 27 61 0f 3c 00 0a 72 00
INFO - 27 62 4f 3c 00 0a 72 00
INFO - 27 63 8f 3c 00 0a 72 00
INFO - 27 64 cf 3c 00 0a 72 00
INFO - 27 65 0f 3c 00 0a 72 00
INFO - 27 66 4f 3c 00 0a 72 00
INFO - 27 67 8f 3c 00 0a 72 00
INFO - 27 68 cf 3c 00 0a 72 00
INFO - 27 69 0f 3c 00 0a 72 00
INFO - 27 6a 4f 3c 00 0a 72 00
INFO - 27 6b 8f 3c 00 0a 72 00
INFO - 27 6c cf 3c 00 0a 72 00
INFO - 27 6d 0f 3c 00 0a 72 00
INFO - 27 6e 4f 3c 00 0a 72 00
INFO - 27 6f 8f 3c 00 0a 72 00
INFO - 27 70 cf 3c 00 0a 72 00
INFO - 27 71 0f 3c 00 0a 72 00
INFO - 27 72 4f 3c 00 0a 72 00
INFO - 27 73 8f 3c 00 0a 72 00
INFO - 27 74 cf 3c 00 0a 72 00
INFO - 27 75 0f 3c 00 0a 72 00
INFO - 27 76 4f 3c 00 0a 72 00
INFO - 27 78 8f 3c 00 0a 72 00
INFO - 27 79 cf 3c 00 0a 72 00
INFO - 27 7a 0f 3c 00 0a 72 00
INFO - 27 7b 4f 3c 00 0a 72 00
INFO - 27 7c 8f 3c 00 0a 72 00
INFO - 27 7d cf 3c 00 0a 72 00
INFO - 27 7e 0f 3c 00 0a 72 00
INFO - 27 7f 4f 3c 00 0a 72 00
INFO - 27 7f 8f 3c 00 0a 59 00
INFO - 27 83 cf 3c 00 0a d9 00
INFO - 27 84 0f 3c 00 0a 71 00
INFO - 27 85 4f 3c 00 0a 72 00
INFO - 27 86 8f 3c 00 0a 67 00
INFO - 27 87 cf 3c 00 0a 72 00
INFO - 27 88 0f 3c 00 0a 74 00
INFO - 27 89 4f 3c 00 0a 72 00
INFO - 27 8a 8f 3c 00 0a 70 00
INFO - 27 8b cf 3c 00 0a 72 00
INFO - 27 8c 0f 3c 00 0a 74 00
INFO - 27 8d 4f 3c 00 0a 72 00
INFO - 27 8e 8f 3c 00 0a 72 00
INFO - 27 8f cf 3c 00 0a 72 00
INFO - 27 90 0f 3c 00 0a 6f 00
INFO - 27 91 4f 3c 00 0a 72 00
INFO - 27 92 8f 3c 00 0a 74 00
INFO - 27 93 cf 3c 00 0a 72 00
INFO - 27 94 0f 3c 00 0a 72 00
INFO - 27 95 4f 3c 00 0a 72 00
INFO - 27 96 8f 3c 00 0a 70 00
INFO - 27 97 cf 3c 00 0a 72 00
INFO - 27 98 0f 3c 00 0a 74 00
INFO - 27 99 4f 3c 00 0a 72 00
INFO - 27 9a 8f 3c 00 0a 63 00
INFO - 27 9b cf 3c 00 0a 72 00
INFO - 27 9c 0f 3c 00 0a 6f 00
INFO - 27 9d 4f 3c 00 0a 72 00
INFO - 27 9e 8f 3c 00 0a 75 00
INFO - 27 9f cf 3c 00 0a 72 00
INFO - 27 a0 0f 3c 00 0a 72 00
INFO - 27 a1 4f 3c 00 0a 72 00
INFO - 27 a2 8f 3c 00 0a 6f 00
INFO - 27 a3 cf 3c 00 0a 72 00
INFO - 27 a4 0f 3c 00 0a 75 00
INFO - 27 a5 4f 3c 00 0a 72 00
INFO - 27 a6 8f 3c 00 0a 72 00
INFO - 27 a7 cf 3c 00 0a 72 00
INFO - 27 a8 0f 3c 00 0a 6f 00
INFO - 27 a9 4f 3c 00 0a 72 00
INFO - 27 aa 8f 3c 00 0a 75 00
INFO - 27 ab cf 3c 00 0a 72 00
INFO - 27 ac 0f 3c 00 0a 72 00
INFO - 27 ad 4f 3c 00 0a 72 00
INFO - 27 ae 8f 3c 00 0a 6f 00
INFO - 27 af cf 3c 00 0a 72 00
INFO - 27 b0 0f 3c 00 0a 75 00
INFO - 27 b1 4f 3c 00 0a 72 00
INFO - 27 b2 8f 3c 00 0a 72 00
INFO - 27 b3 cf 3c 00 0a 72 00
INFO - 27 b4 0f 3c 00 0a 6f 00
INFO - 27 b5 4f 3c 00 0a 72 00
INFO - 27 b6 8f 3c 00 0a 75 00
INFO - 27 b7 cf 3c 00 0a 72 00
INFO - 27 b8 0f 3c 00 0a 73 00
INFO - 27 b9 4f 3c 00 0a 72 00
INFO - 27 ba 8f 3c 00 0a 6f 00
INFO - 27 bb cf 3c 00 0a 72 00
INFO - 27 bc 0f 3c 00 0a 75 00
INFO - 27 bd 4f 3c 00 0a 72 00
INFO - 27 be 8f 3c 00 0a 72 00
INFO - 27 bf cf 3c 00 0a 72 00
INFO - 27 c0 0f 3c 00 0a 6f 00
INFO - 27 c2 4f 3c 00 0a a7 00
INFO - 27 c3 8f 3c 00 0a 72 00
INFO - 27 c4 cf 3c 00 0a 6f 00
INFO - 27 c5 0f 3c 00 0a 72 00
INFO - 27 c6 4f 3c 00 0a 75 00
INFO - 27 c7 8f 3c 00 0a 72 00
INFO - 27 c8 cf 3c 00 0a 72 00
INFO - 27 c9 0f 3c 00 0a 72 00
INFO - 27 ca 4f 3c 00 0a 70 00
INFO - 27 cb 8f 3c 00 0a 72 00
INFO - 27 cc cf 3c 00 0a 75 00
INFO - 27 cd 0f 3c 00 0a 72 00
INFO - 27 ce 4f 3c 00 0a 72 00
INFO - 27 cf 8f 3c 00 0a 72 00
INFO - 27 d0 cf 3c 00 0a 70 00
INFO - 27 d1 0f 3c 00 0a 72 00
INFO - 27 d2 4f 3c 00 0a 74 00
INFO - 27 d3 8f 3c 00 0a 72 00
INFO - 27 d4 cf 3c 00 0a 6f 00
INFO - 27 d5 0f 3c 00 0a 72 00
INFO - 27 d6 4f 3c 00 0a 75 00
INFO - 27 d7 8f 3c 00 0a 72 00
INFO - 27 d8 cf 3c 00 0a 72 00
INFO - 27 d9 0f 3c 00 0a 72 00
INFO - 27 da 4f 3c 00 0a 70 00
INFO - 27 db 8f 3c 00 0a 72 00
INFO - 27 dc cf 3c 00 0a 74 00
INFO - 27 dd 0f 3c 00 0a 72 00
INFO - 27 de 4f 3c 00 0a 72 00
INFO - 27 df 8f 3c 00 0a 72 00
INFO - 27 e0 cf 3c 00 0a 6f 00
INFO - 27 e1 0f 3c 00 0a 72 00
INFO - 27 e2 4f 3c 00 0a 75 00
INFO - 27 e3 8f 3c 00 0a 72 00
INFO - 27 e4 cf 3c 00 0a 72 00
INFO - 27 e5 0f 3c 00 0a 72 00
INFO - 27 e6 4f 3c 00 0a 6f 00
INFO - 27 e7 8f 3c 00 0a 72 00
INFO - 27 e8 cf 3c 00 0a 75 00
INFO - 27 e9 0f 3c 00 0a 72 00
INFO - 27 ea 4f 3c 00 0a 72 00
INFO - 27 eb 8f 3c 00 0a 72 00
INFO - 27 ec cf 3c 00 0a 6f 00
INFO - 27 ed 0f 3c 00 0a 72 00
INFO - 27 ee 4f 3c 00 0a 75 00
INFO - 27 ef 8f 3c 00 0a 72 00
INFO - 27 f0 cf 3c 00 0a 6f 00
INFO - 27 f1 0f 3c 00 0a 72 00
INFO - 27 f2 4f 3c 00 0a 75 00
INFO - 27 f3 8f 3c 00 0a 72 00
INFO - 27 f4 cf 3c 00 0a 6f 00
INFO - 27 f5 0f 3c 00 0a 59 00
INFO - 27 f6 4f 3c 00 0a 75 00
INFO - 27 f7 8f 3c 00 0a 72 00
INFO - 27 f8 cf 3c 00 0a 72 00
INFO - 27 f9 0f 3c 00 0a 72 00
INFO - 27 fa 4f 3c 00 0a 6f 00
INFO - 27 fb 8f 3c 00 0a 72 00
INFO - 27 fc cf 3c 00 0a 75 00
INFO - 27 fd 0f 3c 00 0a 72 00
INFO - 27 fe 4f 3c 00 0a 72 00
INFO - 27 ff 8f 3c 00 0a 72 00
INFO - 28 00 cf 3c 00 0a 70 00
INFO - 28 01 0f 3c 00 0a 72 00
INFO - 28 02 4f 3c 00 0a 74 00
INFO - 28 03 8f 3c 00 0a 72 00
INFO - 28 04 cf 3c 00 0a 70 00
INFO - 28 05 0f 3c 00 0a 72 00
INFO - 28 06 4f 3c 00 0a 74 00
INFO - 28 07 8f 3c 00 0a 72 00
INFO - 28 08 cf 3c 00 0a 73 00
INFO - 28 09 0f 3c 00 0a 72 00
INFO - 28 0a 4f 3c 00 0a 6f 00
INFO - 28 0b 8f 3c 00 0a 72 00
INFO - 28 0c cf 3c 00 0a 74 00
INFO - 28 0d 0f 3c 00 0a 72 00
INFO - 28 0e 4f 3c 00 0a 70 00
INFO - 28 0f 8f 3c 00 0a 72 00
INFO - 28 10 cf 3c 00 0a 74 00
INFO - 28 11 0f 3c 00 0a 72 00
INFO - 28 12 4f 3c 00 0a 70 00
INFO - 28 13 8f 3c 00 0a 72 00
INFO - 28 14 cf 3c 00 0a 74 00
INFO - 28 15 0f 3c 00 0a 72 00
INFO - 28 16 4f 3c 00 0a 72 00
INFO - 28 17 8f 3c 00 0a 72 00
INFO - 28 18 cf 3c 00 0a 6f 00
INFO - 28 19 0f 3c 00 0a 72 00
INFO - 28 1a 4f 3c 00 0a 75 00
INFO - 28 1b 8f 3c 00 0a 72 00
INFO - 28 1c cf 3c 00 0a 6f 00
INFO - 28 1d 0f 3c 00 0a 72 00
INFO - 28 1e 4f 3c 00 0a 75 00
INFO - 28 1f 8f 3c 00 0a 72 00
INFO - 28 20 cf 3c 00 0a 72 00
INFO - 28 21 0f 3c 00 0a 72 00
INFO - 28 22 4f 3c 00 0a 70 00
INFO - 28 23 8f 3c 00 0a 72 00
INFO - 28 24 cf 3c 00 0a 74 00
INFO - 28 25 0f 3c 00 0a 72 00
INFO - 28 26 4f 3c 00 0a 70 00
INFO - 28 27 8f 3c 00 0a 72 00
INFO - 28 28 cf 3c 00 0a 74 00
INFO - 28 2a 0f 3c 00 0a a4 00
INFO - 28 2b 4f 3c 00 0a 72 00
INFO - 28 2c 8f 3c 00 0a 70 00
INFO - 28 2d cf 3c 00 0a 72 00
INFO - 28 2e 0f 3c 00 0a 74 00
INFO - 28 2f 4f 3c 00 0a 72 00
INFO - 28 30 8f 3c 00 0a 72 00
INFO - 28 31 cf 3c 00 0a 72 00
INFO - 28 32 0f 3c 00 0a 6f 00
INFO - 28 33 4f 3c 00 0a 72 00
INFO - 28 34 8f 3c 00 0a 75 00
INFO - 28 35 cf 3c 00 0a 72 00
INFO - 28 36 0f 3c 00 0a 6f 00
INFO - 28 37 4f 3c 00 0a 72 00
INFO - 28 38 8f 3c 00 0a 74 00
INFO - 28 39 cf 3c 00 0a 72 00
INFO - 28 3a 0f 3c 00 0a 72 00
INFO - 28 3b 4f 3c 00 0a 72 00
INFO - 28 3c 8f 3c 00 0a 6f 00
INFO - 28 3d cf 3c 00 0a 72 00
INFO - 28 3e 0f 3c 00 0a 74 00
INFO - 28 3f 4f 3c 00 0a 72 00
INFO - 28 40 8f 3c 00 0a 72 00
INFO - 28 41 cf 3c 00 0a 72 00
INFO - 28 42 0f 3c 00 0a 6f 00
INFO - 28 43 4f 3c 00 0a 72 00
INFO - 28 44 8f 3c 00 0a 75 00
INFO - 28 45 cf 3c 00 0a 72 00
INFO - 28 46 0f 3c 00 0a 6f 00
INFO - 28 47 4f 3c 00 0a 72 00
INFO - 28 48 8f 3c 00 0a 74 00
INFO - 28 49 cf 3c 00 0a 72 00
INFO - 28 4a 0f 3c 00 0a 72 00
INFO - 28 4b 4f 3c 00 0a 71 00
INFO - 28 4c 8f 3c 00 0a 70 00
INFO - 28 4d cf 3c 00 0a 74 00
INFO - 28 4e 0f 3c 00 0a 72 00
INFO - 28 4f 4f 3c 00 0a 72 00
INFO - 28 50 8f 3c 00 0a 72 00
INFO - 28 51 cf 3c 00 0a 70 00
INFO - 28 52 0f 3c 00 0a 71 00
INFO - 28 53 4f 3c 00 0a 75 00
INFO - 28 54 8f 3c 00 0a 72 00
INFO - 28 55 cf 3c 00 0a 71 00
INFO - 28 56 0f 3c 00 0a 72 00
INFO - 28 57 4f 3c 00 0a 71 00
INFO - 28 58 8f 3c 00 0a 71 00
INFO - 28 59 cf 3c 00 0a 74 00
INFO - 28 5a 0f 3c 00 0a 72 00
INFO - 28 5b 4f 3c 00 0a 70 00
INFO - 28 5c 8f 3c 00 0a 72 00
INFO - 28 5d cf 3c 00 0a 74 00
INFO - 28 5e 0f 3c 00 0a 72 00
INFO - 28 5f 4f 3c 00 0a 72 00
INFO - 28 60 8f 3c 00 0a 72 00
INFO - 28 61 cf 3c 00 0a 6f 00
INFO - 28 62 0f 3c 00 0a 72 00
INFO - 28 63 4f 3c 00 0a 74 00
INFO - 28 64 8f 3c 00 0a 72 00
INFO - 28 65 cf 3c 00 0a 72 00
INFO - 28 66 0f 3c 00 0a 72 00
INFO - 28 67 4f 3c 00 0a 6f 00
INFO - 28 68 8f 3c 00 0a 72 00
INFO - 28 69 cf 3c 00 0a 74 00
INFO - 28 6a 0f 3c 00 0a 72 00
INFO - 28 6b 4f 3c 00 0a 70 00
INFO - 28 6c 8f 3c 00 0a 72 00
INFO - 28 6d cf 3c 00 0a 74 00
INFO - 28 6e 0f 3c 00 0a 72 00
INFO - 28 6f 4f 3c 00 0a 72 00
INFO - 28 70 8f 3c 00 0a 72 00
INFO - 28 71 cf 3c 00 0a 6f 00
INFO - 28 72 0f 3c 00 0a 72 00
INFO - 28 73 4f 3c 00 0a 5a 00
INFO - 28 74 8f 3c 00 0a 72 00
INFO - 28 75 cf 3c 00 0a 72 00
INFO - 28 76 0f 3c 00 0a 72 00
INFO - 28 77 4f 3c 00 0a 6f 00
INFO - 28 78 8f 3c 00 0a 72 00
INFO - 28 79 cf 3c 00 0a 74 00
INFO - 28 7a 0f 3c 00 0a 72 00
INFO - 28 7b 4f 3c 00 0a 70 00
INFO - 28 7c 8f 3c 00 0a 72 00
INFO - 28 7d cf 3c 00 0a 74 00
INFO - 28 7e 0f 3c 00 0a 72 00
INFO - 28 80 4f 3c 00 0a a4 00
INFO - 28 81 8f 3c 00 0a 6f 00
INFO - 28 82 cf 3c 00 0a 72 00
INFO - 28 83 0f 3c 00 0a 75 00
INFO - 28 84 4f 3c 00 0a 72 00
INFO - 28 85 8f 3c 00 0a 72 00
INFO - 28 86 cf 3c 00 0a 72 00
INFO - 28 87 0f 3c 00 0a 6f 00
INFO - 28 88 4f 3c 00 0a 72 00
INFO - 28 89 8f 3c 00 0a 74 00
INFO - 28 8a cf 3c 00 0a 72 00
INFO - 28 8b 0f 3c 00 0a 70 00
INFO - 28 8c 4f 3c 00 0a 72 00
INFO - 28 8d 8f 3c 00 0a 74 00
INFO - 28 8e cf 3c 00 0a 72 00
INFO - 28 8f 0f 3c 00 0a 70 00
INFO - 28 90 4f 3c 00 0a 72 00
INFO - 28 91 8f 3c 00 0a 75 00
INFO - 28 92 cf 3c 00 0a 72 00
INFO - 28 93 0f 3c 00 0a 72 00
INFO - 28 94 4f 3c 00 0a 72 00
INFO - 28 95 8f 3c 00 0a 70 00
INFO - 28 96 cf 3c 00 0a 72 00
INFO - 28 97 0f 3c 00 0a 74 00
INFO - 28 98 4f 3c 00 0a 72 00
INFO - 28 99 8f 3c 00 0a 72 00
INFO - 28 9a cf 3c 00 0a 72 00
INFO - 28 9b 0f 3c 00 0a 6f 00
INFO - 28 9c 4f 3c 00 0a 72 00
INFO - 28 9d 8f 3c 00 0a 75 00
INFO - 28 9e cf 3c 00 0a 72 00
INFO - 28 9f 0f 3c 00 0a 71 00
INFO - 28 a0 4f 3c 00 0a 72 00
INFO - 28 a1 8f 3c 00 0a 70 00
INFO - 28 a2 cf 3c 00 0a 72 00
INFO - 28 a3 0f 3c 00 0a 74 00
INFO - 28 a4 4f 3c 00 0a 72 00
INFO - 28 a5 8f 3c 00 0a 71 00
INFO - 28 a6 cf 3c 00 0a 72 00
INFO - 28 a7 0f 3c 00 0a 70 00
INFO - 28 a8 4f 3c 00 0a 72 00
INFO - 28 a9 8f 3c 00 0a 74 00
INFO - 28 aa cf 3c 00 0a 72 00
INFO - 28 ab 0f 3c 00 0a 72 00
INFO - 28 ac 4f 3c 00 0a 72 00
INFO - 28 ad 8f 3c 00 0a 6f 00
INFO - 28 ae cf 3c 00 0a 72 00
INFO - 28 af 0f 3c 00 0a 74 00
INFO - 28 b0 4f 3c 00 0a 72 00
INFO - 28 b1 8f 3c 00 0a 70 00
INFO - 28 b2 cf 3c 00 0a 72 00
INFO - 28 b3 0f 3c 00 0a 74 00
INFO - 28 b4 4f 3c 00 0a 72 00
INFO - 28 b5 8f 3c 00 0a 70 00
INFO - 28 b6 cf 3c 00 0a 72 00
INFO - 28 b7 0f 3c 00 0a 75 00
INFO - 28 b8 4f 3c 00 0a 72 00
INFO - 28 b9 8f 3c 00 0a 71 00
INFO - 28 ba cf 3c 00 0a 72 00
INFO - 28 bb 0f 3c 00 0a 70 00
INFO - 28 bc 4f 3c 00 0a 72 00
INFO - 28 bd 8f 3c 00 0a 74 00
INFO - 28 be cf 3c 00 0a 72 00
INFO - 28 c0 0f 3c 00 0a 72 00
INFO - 28 c1 4f 3c 00 0a 72 00
INFO - 28 c1 8f 3c 00 0a 6f 00
INFO - 28 c2 cf 3c 00 0a 72 00
INFO - 28 c4 0f 3c 00 0a 74 00
INFO - 28 c5 4f 3c 00 0a 72 00
INFO - 28 c6 8f 3c 00 0a 72 00
INFO - 28 c7 cf 3c 00 0a 72 00
INFO - 28 c7 0f 3c 00 0a 70 00
INFO - 28 c8 4f 3c 00 0a 72 00
INFO - 28 ca 8f 3c 00 0a 74 00
INFO - 28 cc cf 3c 00 0a a4 00
INFO - 28 cd 0f 3c 00 0a 72 00
INFO - 28 cd 4f 3c 00 0a 6f 00
INFO - 28 ce 8f 3c 00 0a 72 00
INFO - 28 d0 cf 3c 00 0a 75 00
INFO - 28 d1 0f 3c 00 0a 72 00
INFO - 28 d2 4f 3c 00 0a 58 00
INFO - 28 d3 8f 3c 00 0a 72 00
INFO - 28 d4 cf 3c 00 0a 75 00
INFO - 28 d5 0f 3c 00 0a 59 00
INFO - 28 d6 4f 3c 00 0a 6f 00
INFO - 28 d8 8f 3c 00 0a a7 00
INFO - 28 d9 cf 3c 00 0a 72 00
INFO - 28 da 0f 3c 00 0a 6f 00
INFO - 28 db 4f 3c 00 0a 72 00
INFO - 28 dc 8f 3c 00 0a 74 00
INFO - 28 dd cf 3c 00 0a 72 00
INFO - 28 de 0f 3c 00 0a 72 00
INFO - 28 df 4f 3c 00 0a 72 00
INFO - 28 e0 8f 3c 00 0a 6f 00
INFO - 28 e1 cf 3c 00 0a 72 00
INFO - 28 e2 0f 3c 00 0a 74 00
INFO - 28 e3 4f 3c 00 0a 72 00
INFO - 28 e4 8f 3c 00 0a 58 00
INFO - 28 e5 cf 3c 00 0a 72 00
INFO - 28 e6 0f 3c 00 0a 74 00
INFO - 28 e7 4f 3c 00 0a 72 00
INFO - 28 e8 8f 3c 00 0a 72 00
INFO - 28 e9 cf 3c 00 0a 72 00
INFO - 28 ea 0f 3c 00 0a 6f 00
INFO - 28 eb 4f 3c 00 0a 72 00
INFO - 28 ec 8f 3c 00 0a 74 00
INFO - 28 ee cf 3c 00 0a a4 00
INFO - 28 ef 0f 3c 00 0a 72 00
INFO - 28 f0 4f 3c 00 0a 72 00
INFO - 28 f1 8f 3c 00 0a 72 00
INFO - 28 f2 cf 3c 00 0a 6f 00
INFO - 28 f3 0f 3c 00 0a 72 00
INFO - 28 f4 4f 3c 00 0a 74 00
INFO - 28 f5 8f 3c 00 0a 72 00
INFO - 28 f6 cf 3c 00 0a 70 00
INFO - 28 f7 0f 3c 00 0a 72 00
INFO - 28 f8 4f 3c 00 0a 74 00
INFO - 28 fa 8f 3c 00 0a 80 00
INFO - 28 fb cf 3c 00 0a 72 00
INFO - 28 fc 0f 3c 00 0a 6f 00
INFO - 28 fd 4f 3c 00 0a 72 00
INFO - 28 fe 8f 3c 00 0a 75 00
INFO - 28 ff cf 3c 00 0a 72 00
INFO - 29 00 0f 3c 00 0a 72 00
INFO - 29 01 4f 3c 00 0a 72 00
INFO - 29 02 8f 3c 00 0a 70 00
INFO - 29 03 cf 3c 00 0a 72 00
INFO - 29 04 0f 3c 00 0a 75 00
INFO - 29 05 4f 3c 00 0a 72 00
INFO - 29 06 8f 3c 00 0a 6f 00
INFO - 29 07 cf 3c 00 0a 72 00
INFO - 29 08 0f 3c 00 0a 75 00
INFO - 29 09 4f 3c 00 0a 72 00
INFO - 29 0a 8f 3c 00 0a 71 00
INFO - 29 0b cf 3c 00 0a 72 00
INFO - 29 0c 0f 3c 00 0a 58 00
INFO - 29 0d 4f 3c 00 0a 72 00
INFO - 29 10 8f 3c 00 0a 7f 00
INFO - 29 11 cf 3c 00 0a 72 00
INFO - 29 12 0f 3c 00 0a 6f 00
INFO - 29 13 4f 3c 00 0a 72 00
INFO - 29 14 8f 3c 00 0a 74 00
INFO - 29 15 cf 3c 00 0a 72 00
INFO - 29 16 0f 3c 00 0a 70 00
INFO - 29 17 4f 3c 00 0a 72 00
INFO - 29 18 8f 3c 00 0a 74 00
INFO - 29 19 cf 3c 00 0a 72 00
INFO - 29 1a 0f 3c 00 0a 6f 00
INFO - 29 1b 4f 3c 00 0a 72 00
INFO - 29 1c 8f 3c 00 0a 74 00
INFO - 29 1d cf 3c 00 0a 72 00
INFO - 29 1e 0f 3c 00 0a 70 00
INFO - 29 1f 4f 3c 00 0a 72 00
INFO - 29 20 8f 3c 00 0a 75 00
INFO - 29 21 cf 3c 00 0a 72 00
INFO - 29 22 0f 3c 00 0a 6f 00
INFO - 29 23 4f 3c 00 0a 72 00
INFO - 29 24 8f 3c 00 0a 75 00
INFO - 29 25 cf 3c 00 0a 72 00
INFO - 29 26 0f 3c 00 0a 72 00
INFO - 29 27 4f 3c 00 0a 72 00
INFO - 29 28 8f 3c 00 0a 70 00
INFO - 29 29 cf 3c 00 0a 72 00
INFO - 29 2b 0f 3c 00 0a a7 00
INFO - 29 2c 4f 3c 00 0a 6f 00
INFO - 29 2d 8f 3c 00 0a 72 00
INFO - 29 2e cf 3c 00 0a 74 00
INFO - 29 2f 0f 3c 00 0a 72 00
INFO - 29 30 4f 3c 00 0a 70 00
INFO - 29 31 8f 3c 00 0a 72 00
INFO - 29 32 cf 3c 00 0a 75 00
INFO - 29 33 0f 3c 00 0a 72 00
INFO - 29 34 4f 3c 00 0a 59 00
INFO - 29 35 8f 3c 00 0a 72 00
INFO - 29 36 cf 3c 00 0a 70 00
INFO - 29 37 0f 3c 00 0a 72 00
INFO - 29 38 4f 3c 00 0a 74 00
INFO - 29 39 8f 3c 00 0a 72 00
INFO - 29 3a cf 3c 00 0a 71 00
INFO - 29 3b 0f 3c 00 0a 72 00
INFO - 29 3c 4f 3c 00 0a 46 00
INFO - 29 49 8f 3c 00 0a c9 00
INFO - 29 4a cf 3c 00 0a 72 00
INFO - 29 4b 0f 3c 00 0a 72 00
INFO - 29 4c 4f 3c 00 0a 72 00
INFO - 29 4d 8f 3c 00 0a 72 00
INFO - 29 4e cf 3c 00 0a 72 00
INFO - 29 4f 0f 3c 00 0a 72 00
INFO - 29 50 4f 3c 00 0a 72 00
INFO - 29 51 8f 3c 00 0a 72 00
INFO - 29 53 cf 3c 00 0a a4 00
INFO - 29 54 0f 3c 00 0a 72 00
INFO - 29 55 4f 3c 00 0a 72 00
INFO - 29 56 8f 3c 00 0a 72 00
INFO - 29 57 cf 3c 00 0a 72 00
INFO - 29 58 0f 3c 00 0a 72 00
INFO - 29 59 4f 3c 00 0a 72 00
INFO - 29 5a 8f 3c 00 0a 70 00
INFO - 29 5b cf 3c 00 0a 72 00
INFO - 29 5c 0f 3c 00 0a 75 00
INFO - 29 5d 4f 3c 00 0a 5c 00
INFO - 29 5e 8f 3c 00 0a 70 00
INFO - 29 5f cf 3c 00 0a 72 00
INFO - 29 60 0f 3c 00 0a 74 00
INFO - 29 61 4f 3c 00 0a 72 00
INFO - 29 62 8f 3c 00 0a 72 00
INFO - 29 63 cf 3c 00 0a 72 00
INFO - 29 64 0f 3c 00 0a 72 00
INFO - 29 65 4f 3c 00 0a 72 00
INFO - 29 66 8f 3c 00 0a 6f 00
INFO - 29 67 cf 3c 00 0a 72 00
INFO - 29 68 0f 3c 00 0a 74 00
INFO - 29 69 4f 3c 00 0a 72 00
INFO - 29 6a 8f 3c 00 0a 70 00
INFO - 29 6b cf 3c 00 0a 72 00
INFO - 29 6c 0f 3c 00 0a 74 00
INFO - 29 6d 4f 3c 00 0a 72 00
INFO - 29 6e 8f 3c 00 0a 72 00
INFO - 29 6f cf 3c 00 0a 72 00
INFO - 29 70 0f 3c 00 0a 70 00
INFO - 29 71 4f 3c 00 0a 72 00
INFO - 29 72 8f 3c 00 0a 74 00
INFO - 29 73 cf 3c 00 0a 72 00
INFO - 29 74 0f 3c 00 0a 72 00
INFO - 29 75 4f 3c 00 0a 72 00
INFO - 29 76 8f 3c 00 0a 70 00
INFO - 29 77 cf 3c 00 0a 72 00
INFO - 29 78 0f 3c 00 0a 74 00
INFO - 29 79 4f 3c 00 0a 72 00
INFO - 29 7a 8f 3c 00 0a 72 00
INFO - 29 7b cf 3c 00 0a 72 00
INFO - 29 7c 0f 3c 00 0a 48 00
INFO - 29 7d 4f 3c 00 0a 72 00
INFO - 29 7e 8f 3c 00 0a 74 00
INFO - 29 7f cf 3c 00 0a 72 00
INFO - 29 80 0f 3c 00 0a 70 00
INFO - 29 81 4f 3c 00 0a 72 00
INFO - 29 82 8f 3c 00 0a 74 00
INFO - 29 83 cf 3c 00 0a 72 00
INFO - 29 84 0f 3c 00 0a 72 00
INFO - 29 85 4f 3c 00 0a 72 00
INFO - 29 86 8f 3c 00 0a 6f 00
INFO - 29 87 cf 3c 00 0a 72 00
INFO - 29 88 0f 3c 00 0a 75 00
INFO - 29 89 4f 3c 00 0a 72 00
INFO - 29 8a 8f 3c 00 0a 6f 00
INFO - 29 8c cf 3c 00 0a 6f 00
INFO - 29 8d 0f 3c 00 0a 72 00
INFO - 29 8e 4f 3c 00 0a 72 00
INFO - 29 8f 8f 3c 00 0a 72 00
INFO - 29 90 cf 3c 00 0a 70 00
INFO - 29 91 0f 3c 00 0a 72 00
INFO - 29 92 4f 3c 00 0a 75 00
INFO - 29 93 8f 3c 00 0a 72 00
INFO - 29 94 cf 3c 00 0a 6f 00
INFO - 29 95 0f 3c 00 0a 72 00
INFO - 29 96 4f 3c 00 0a 75 00
INFO - 29 97 8f 3c 00 0a 72 00
INFO - 29 98 cf 3c 00 0a 72 00
INFO - 29 99 0f 3c 00 0a 72 00
INFO - 29 9a 4f 3c 00 0a 70 00
INFO - 29 9b 8f 3c 00 0a 72 00
INFO - 29 9c cf 3c 00 0a 74 00
INFO - 29 9d 0f 3c 00 0a 72 00
INFO - 29 9e 4f 3c 00 0a 73 00
INFO - 29 9f 8f 3c 00 0a 72 00
INFO - 29 a0 cf 3c 00 0a 6f 00
INFO - 29 a1 0f 3c 00 0a 72 00
INFO - 29 a2 4f 3c 00 0a 75 00
INFO - 29 a3 8f 3c 00 0a 72 00
INFO - 29 a4 cf 3c 00 0a 6f 00
INFO - 29 a5 0f 3c 00 0a 72 00
INFO - 29 a6 4f 3c 00 0a 75 00
INFO - 29 a7 8f 3c 00 0a 72 00
INFO - 29 a8 cf 3c 00 0a 73 00
INFO - 29 a9 0f 3c 00 0a 72 00
INFO - 29 aa 4f 3c 00 0a 6f 00
INFO - 29 ab 8f 3c 00 0a 72 00
INFO - 29 ac cf 3c 00 0a 75 00
INFO - 29 ad 0f 3c 00 0a 72 00
INFO - 29 ae 4f 3c 00 0a 6f 00
INFO - 29 af 8f 3c 00 0a 72 00
INFO - 29 b0 cf 3c 00 0a 75 00
INFO - 29 b1 0f 3c 00 0a 72 00
INFO - 29 b2 4f 3c 00 0a 72 00
INFO - 29 b3 8f 3c 00 0a 72 00
INFO - 29 b4 cf 3c 00 0a 70 00
INFO - 29 b6 0f 3c 00 0a a6 00
INFO - 29 b7 4f 3c 00 0a 72 00
INFO - 29 b8 8f 3c 00 0a 72 00
INFO - 29 b9 cf 3c 00 0a 72 00
INFO - 29 ba 0f 3c 00 0a 70 00
INFO - 29 bb 4f 3c 00 0a 72 00
INFO - 29 bc 8f 3c 00 0a 74 00
INFO - 29 bd cf 3c 00 0a 72 00
INFO - 29 be 0f 3c 00 0a 70 00
INFO - 29 bf 4f 3c 00 0a 72 00
INFO - 29 c0 8f 3c 00 0a 74 00
INFO - 29 c1 cf 3c 00 0a 72 00
INFO - 29 c2 0f 3c 00 0a 73 00
INFO - 29 c3 4f 3c 00 0a 72 00
INFO - 29 c4 8f 3c 00 0a 6f 00
INFO - 29 c5 cf 3c 00 0a 72 00
INFO - 29 c6 0f 3c 00 0a 75 00
INFO - 29 c7 4f 3c 00 0a 72 00
INFO - 29 c8 8f 3c 00 0a 72 00
INFO - 29 c9 cf 3c 00 0a 72 00
INFO - 29 ca 0f 3c 00 0a 70 00
INFO - 29 cb 4f 3c 00 0a 72 00
INFO - 29 cc 8f 3c 00 0a 74 00
INFO - 29 cd cf 3c 00 0a 72 00
INFO - 29 ce 0f 3c 00 0a 72 00
INFO - 29 cf 4f 3c 00 0a 72 00
INFO - 29 d0 8f 3c 00 0a 6f 00
INFO - 29 d1 cf 3c 00 0a 72 00
INFO - 29 d2 0f 3c 00 0a 75 00
INFO - 29 d3 4f 3c 00 0a 72 00
INFO - 29 d4 8f 3c 00 0a 72 00
INFO - 29 d5 cf 3c 00 0a 72 00
INFO - 29 d6 0f 3c 00 0a 6f 00
INFO - 29 d7 4f 3c 00 0a 72 00
INFO - 29 d8 8f 3c 00 0a 75 00
INFO - 29 d9 cf 3c 00 0a 72 00
INFO - 29 da 0f 3c 00 0a 6f 00
INFO - 29 db 4f 3c 00 0a 72 00
INFO - 29 dc 8f 3c 00 0a 74 00
INFO - 29 dd cf 3c 00 0a 72 00
INFO - 29 de 0f 3c 00 0a 72 00
INFO - 29 df 4f 3c 00 0a 72 00
INFO - 29 e0 8f 3c 00 0a 6f 00
INFO - 29 e1 cf 3c 00 0a 72 00
INFO - 29 e2 0f 3c 00 0a 75 00
INFO - 29 e3 4f 3c 00 0a 59 00
INFO - 29 e4 8f 3c 00 0a 72 00
INFO - 29 e5 cf 3c 00 0a 72 00
INFO - 29 e6 0f 3c 00 0a 6f 00
INFO - 29 e7 4f 3c 00 0a 72 00
INFO - 29 e8 8f 3c 00 0a 75 00
INFO - 29 e9 cf 3c 00 0a 72 00
INFO - 29 ea 0f 3c 00 0a 72 00
INFO - 29 eb 4f 3c 00 0a 72 00
INFO - 29 ec 8f 3c 00 0a 70 00
INFO - 29 ed cf 3c 00 0a 72 00
INFO - 29 ee 0f 3c 00 0a 74 00
INFO - 29 f0 4f 3c 00 0a a2 00
INFO - 29 f1 8f 3c 00 0a 72 00
INFO - 29 f2 cf 3c 00 0a 74 00
INFO - 29 f3 0f 3c 00 0a 72 00
INFO - 29 f4 4f 3c 00 0a 72 00
INFO - 29 f5 8f 3c 00 0a 72 00
INFO - 29 f6 cf 3c 00 0a 70 00
INFO - 29 f7 0f 3c 00 0a 72 00
INFO - 29 f8 4f 3c 00 0a 74 00
INFO - 29 f9 8f 3c 00 0a 72 00
INFO - 29 fa cf 3c 00 0a 70 00
INFO - 29 fb 0f 3c 00 0a 72 00
INFO - 29 fc 4f 3c 00 0a 74 00
INFO - 29 fd 8f 3c 00 0a 72 00
INFO - 29 fe cf 3c 00 0a 72 00
INFO - 29 ff 0f 3c 00 0a 72 00
INFO - 2a 00 4f 3c 00 0a 6f 00
INFO - 2a 01 8f 3c 00 0a 72 00
INFO - 2a 02 cf 3c 00 0a 75 00
INFO - 2a 04 0f 3c 00 0a 72 00
INFO - 2a 05 4f 3c 00 0a 72 00
INFO - 2a 06 8f 3c 00 0a 72 00
INFO - 2a 06 cf 3c 00 0a 70 00
INFO - 2a 07 0f 3c 00 0a 72 00
INFO - 2a 09 4f 3c 00 0a 75 00
INFO - 2a 0a 8f 3c 00 0a 72 00
INFO - 2a 0a cf 3c 00 0a 6f 00
INFO - 2a 0b 0f 3c 00 0a 72 00
INFO - 2a 0d 4f 3c 00 0a 74 00
INFO - 2a 0e 8f 3c 00 0a 43 00
INFO - 2a 0f cf 3c 00 0a 72 00
INFO - 2a 10 0f 3c 00 0a 72 00
INFO - 2a 11 4f 3c 00 0a 6f 00
INFO - 2a 12 8f 3c 00 0a 72 00
INFO - 2a 13 cf 3c 00 0a 75 00
INFO - 2a 14 0f 3c 00 0a 72 00
INFO - 2a 15 4f 3c 00 0a 71 00
INFO - 2a 16 8f 3c 00 0a 72 00
INFO - 2a 17 cf 3c 00 0a 6f 00
INFO - 2a 18 0f 3c 00 0a 72 00
INFO - 2a 19 4f 3c 00 0a 75 00
INFO - 2a 1a 8f 3c 00 0a 72 00
INFO - 2a 1b cf 3c 00 0a 71 00
INFO - 2a 1c 0f 3c 00 0a 72 00
INFO - 2a 1e 4f 3c 00 0a a1 00
INFO - 2a 1f 8f 3c 00 0a 74 00
INFO - 2a 20 cf 3c 00 0a 72 00
INFO - 2a 21 0f 3c 00 0a 6f 00
INFO - 2a 22 4f 3c 00 0a 72 00
INFO - 2a 23 8f 3c 00 0a 75 00
INFO - 2a 24 cf 3c 00 0a 72 00
INFO - 2a 25 0f 3c 00 0a 6f 00
INFO - 2a 26 4f 3c 00 0a 72 00
INFO - 2a 27 8f 3c 00 0a 75 00
INFO - 2a 28 cf 3c 00 0a 71 00
INFO - 2a 29 0f 3c 00 0a 72 00
INFO - 2a 2a 4f 3c 00 0a 72 00
INFO - 2a 2b 8f 3c 00 0a 6f 00
INFO - 2a 2c cf 3c 00 0a 72 00
INFO - 2a 2d 0f 3c 00 0a 74 00
INFO - 2a 2e 4f 3c 00 0a 72 00
INFO - 2a 2f 8f 3c 00 0a 72 00
INFO - 2a 30 cf 3c 00 0a 70 00
INFO - 2a 31 0f 3c 00 0a 58 00
INFO - 2a 32 4f 3c 00 0a 72 00
INFO - 2a 33 8f 3c 00 0a 75 00
INFO - 2a 34 cf 3c 00 0a 6f 00
INFO - 2a 35 0f 3c 00 0a 71 00
INFO - 2a 36 4f 3c 00 0a 72 00
INFO - 2a 37 8f 3c 00 0a 75 00
INFO - 2a 39 cf 3c 00 0a a3 00
INFO - 2a 3a 0f 3c 00 0a 70 00
INFO - 2a 3b 4f 3c 00 0a 71 00
INFO - 2a 3c 8f 3c 00 0a 74 00
INFO - 2a 3d cf 3c 00 0a 72 00
INFO - 2a 3e 0f 3c 00 0a 72 00
INFO - 2a 3f 4f 3c 00 0a 72 00
INFO - 2a 40 8f 3c 00 0a 6f 00
INFO - 2a 41 cf 3c 00 0a 72 00
INFO - 2a 42 0f 3c 00 0a 74 00
INFO - 2a 43 4f 3c 00 0a 72 00
INFO - 2a 44 8f 3c 00 0a 70 00
INFO - 2a 45 cf 3c 00 0a 72 00
INFO - 2a 46 0f 3c 00 0a 74 00
INFO - 2a 47 4f 3c 00 0a 72 00
INFO - 2a 48 8f 3c 00 0a 72 00
INFO - 2a 49 cf 3c 00 0a 72 00
INFO - 2a 4a 0f 3c 00 0a 6f 00
INFO - 2a 4b 4f 3c 00 0a 72 00
INFO - 2a 4c 8f 3c 00 0a 74 00
INFO - 2a 4d cf 3c 00 0a 72 00
INFO - 2a 4e 0f 3c 00 0a 70 00
INFO - 2a 4f 4f 3c 00 0a 72 00
INFO - 2a 50 8f 3c 00 0a 74 00
INFO - 2a 51 cf 3c 00 0a 72 00
INFO - 2a 52 0f 3c 00 0a 72 00
INFO - 2a 53 4f 3c 00 0a 72 00
INFO - 2a 54 8f 3c 00 0a 6f 00
INFO - 2a 55 cf 3c 00 0a 72 00
INFO - 2a 56 0f 3c 00 0a 75 00
INFO - 2a 57 4f 3c 00 0a 72 00
INFO - 2a 58 8f 3c 00 0a 6f 00
INFO - 2a 59 cf 3c 00 0a 72 00
INFO - 2a 5a 0f 3c 00 0a 74 00
INFO - 2a 5b 4f 3c 00 0a 72 00
INFO - 2a 5c 8f 3c 00 0a 72 00
INFO - 2a 5e cf 3c 00 0a 70 00
INFO - 2a 5f 0f 3c 00 0a 72 00
INFO - 2a 60 4f 3c 00 0a 74 00
INFO - 2a 61 8f 3c 00 0a 72 00
INFO - 2a 62 cf 3c 00 0a 6f 00
INFO - 2a 63 0f 3c 00 0a 72 00
INFO - 2a 64 4f 3c 00 0a 74 00
INFO - 2a 65 8f 3c 00 0a 72 00
INFO - 2a 66 cf 3c 00 0a 72 00
INFO - 2a 67 0f 3c 00 0a 72 00
INFO - 2a 68 4f 3c 00 0a 71 00
INFO - 2a 69 8f 3c 00 0a 72 00
INFO - 2a 6a cf 3c 00 0a 70 00
INFO - 2a 6b 0f 3c 00 0a 72 00
INFO - 2a 6c 4f 3c 00 0a 74 00
INFO - 2a 6d 8f 3c 00 0a 72 00
INFO - 2a 6e cf 3c 00 0a 70 00
INFO - 2a 6f 0f 3c 00 0a 72 00
INFO - 2a 70 4f 3c 00 0a 74 00
INFO - 2a 71 8f 3c 00 0a 72 00
INFO - 2a 72 cf 3c 00 0a 72 00
INFO - 2a 73 0f 3c 00 0a 72 00
INFO - 2a 74 4f 3c 00 0a 6f 00
INFO - 2a 75 8f 3c 00 0a 72 00
INFO - 2a 76 cf 3c 00 0a 75 00
INFO - 2a 77 0f 3c 00 0a 72 00
INFO - 2a 78 4f 3c 00 0a 73 00
INFO - 2a 79 8f 3c 00 0a 67 00
INFO - 2a 7a cf 3c 00 0a 40 00
