INFO - 40 00 cf 00 f9 41 00 23
INFO - 40 6b 0f 00 f9 51 00 20
INFO - 40 ae 4f 00 f9 51 00 20
INFO - 40 e3 8f 00 f9 41 00 23
INFO - 41 62 cf 00 f9 41 00 23
INFO - 41 d2 0f 00 f9 41 00 23
INFO - 43 c7 4f 00 f9 41 00 23
INFO - 44 1b 8f 00 f9 41 00 23
INFO - 44 88 cf 00 f9 51 00 20
INFO - 44 9a 0f 00 f9 51 00 20
INFO - 44 ae 4f 00 f9 41 00 24
INFO - 45 5d 8f 00 f9 51 00 20
INFO - 45 be cf 00 f9 41 00 23
INFO - 45 d6 0f 00 f9 41 00 23
INFO - 46 51 4f 00 f9 41 00 23
INFO - 47 19 8f 00 f9 41 00 23
INFO - 47 38 cf 00 f9 51 00 20
INFO - 47 58 0f 00 f9 51 00 20
INFO - 47 7f 4f 00 f9 41 00 24
INFO - 49 3b 8f 00 f9 41 00 24
INFO - 4b 35 cf 00 f9 41 00 24
INFO - 4b e9 0f 00 f9 51 00 20
INFO - 4b f6 4f 00 f9 51 00 20
INFO - 4c 08 8f 00 f9 41 00 23
