INFO - 20 00 48 3c 00 0a 40 00
INFO - 20 0b 88 3c 00 0b d3 00
INFO - 20 15 c8 3c 00 0a 88 00
INFO - 20 1c 08 3c 00 0b 7b 00
INFO - 20 1c 48 3c 00 0a 5d 00
INFO - 20 1c 88 3c 00 0a 5d 00
INFO - 20 21 c8 3c 00 0a c4 00
INFO - 20 23 08 3c 00 0a 94 00
INFO - 20 26 48 3c 00 0a b7 00
INFO - 20 27 88 3c 00 0a 77 00
INFO - 20 2a c8 3c 00 0a fd 00
INFO - 20 2a 08 3c 00 0a fd 00
INFO - 20 2e 48 3c 00 0a 7d 00
INFO - 20 31 88 3c 00 0a c6 00
INFO - 20 31 c8 3c 00 0a c6 00
INFO - 20 31 08 3c 00 0a c6 00
INFO - 20 34 48 3c 00 0a 79 00
INFO - 20 37 88 3c 00 0a df 00
INFO - 20 37 c8 3c 00 0a df 00
INFO - 20 3a 08 3c 00 0a 7c 00
INFO - 20 3a 48 3c 00 0a 7c 00
INFO - 20 3e 88 3c 00 0a af 00
INFO - 20 3e c8 3c 00 0a af 00
INFO - 20 43 08 3c 00 0a bd 00
INFO - 20 43 48 3c 00 0a bd 00
INFO - 20 48 88 3c 00 0a bc 00
INFO - 20 4a c8 3c 00 0a a3 00
INFO - 20 4c 08 3c 00 0a 85 00
INFO - 20 50 48 3c 00 0b 1b 00
INFO - 20 52 88 3c 00 0a b7 00
INFO - 20 55 c8 3c 00 0a ad 00
INFO - 20 57 08 3c 00 0a c0 00
INFO - 20 59 48 3c 00 0a 89 00
INFO - 20 5b 88 3c 00 0a cc 00
INFO - 20 5d c8 3c 00 0a 90 00
INFO - 20 5f 08 3c 00 0a ab 00
INFO - 20 60 48 3c 00 0a 7c 00
INFO - 20 62 88 3c 00 0a 9e 00
INFO - 20 64 c8 3c 00 0a 98 00
INFO - 20 65 08 3c 00 0a 86 00
INFO - 20 67 48 3c 00 0a a5 00
INFO - 20 69 88 3c 00 0a a4 00
INFO - 20 6c c8 3c 00 0a b9 00
INFO - 20 6d 08 3c 00 0a 88 00
INFO - 20 6f 48 3c 00 0a 9c 00
INFO - 20 71 88 3c 00 0a 81 00
INFO - 20 73 c8 3c 00 0a b2 00
INFO - 20 75 08 3c 00 0a a3 00
INFO - 20 76 48 3c 00 0a 7c 00
INFO - 20 78 88 3c 00 0a b9 00
INFO - 20 7a c8 3c 00 0a a7 00
INFO - 20 7d 08 3c 00 0a ad 00
INFO - 20 7e 48 3c 00 0a 94 00
INFO - 20 81 88 3c 00 0a ad 00
INFO - 20 83 c8 3c 00 0a c6 00
INFO - 20 85 08 3c 00 0a a4 00
INFO - 20 87 48 3c 00 0a 88 00
INFO - 20 89 88 3c 00 0a b9 00
INFO - 20 8b c8 3c 00 0a 9d 00
INFO - 20 8d 08 3c 00 0a b6 00
INFO - 20 8f 48 3c 00 0a 92 00
INFO - 20 91 88 3c 00 0a b3 00
INFO - 20 93 c8 3c 00 0a 91 00
INFO - 20 95 08 3c 00 0a a6 00
INFO - 20 98 48 3c 00 0a b1 00
INFO - 20 9a 88 3c 00 0a 9c 00
INFO - 20 9b c8 3c 00 0a 88 00
INFO - 20 9d 08 3c 00 0a b8 00
INFO - 20 a0 48 3c 00 0a b1 00
INFO - 20 a1 88 3c 00 0a 99 00
INFO - 20 a3 c8 3c 00 0a a5 00
INFO - 20 a6 08 3c 00 0a b3 00
INFO - 20 a8 48 3c 00 0a 9a 00
INFO - 20 ab 88 3c 00 0a e3 00
INFO - 20 ad c8 3c 00 0a a7 00
INFO - 20 af 08 3c 00 0a 95 00
INFO - 20 b0 48 3c 00 0a 99 00
INFO - 20 b2 88 3c 00 0a 99 00
INFO - 20 b4 c8 3c 00 0a a5 00
INFO - 20 b7 08 3c 00 0a b4 00
INFO - 20 b9 48 3c 00 0a bb 00
INFO - 20 bb 88 3c 00 0a a0 00
INFO - 20 bd c8 3c 00 0a a5 00
INFO - 20 be 08 3c 00 0a 8c 00
INFO - 20 c0 48 3c 00 0a 93 00
INFO - 20 c3 88 3c 00 0a ba 00
INFO - 20 c5 c8 3c 00 0a a1 00
INFO - 20 c7 08 3c 00 0a af 00
INFO - 20 c8 48 3c 00 0a 95 00
INFO - 20 cb 88 3c 00 0a a9 00
INFO - 20 cd c8 3c 00 0a a7 00
INFO - 20 d0 08 3c 00 0a d1 00
INFO - 20 d3 48 3c 00 0a fc 00
INFO - 20 d6 88 3c 00 0a d8 00
INFO - 20 d8 c8 3c 00 0a 8e 00
INFO - 20 da 08 3c 00 0a 90 00
INFO - 20 db 48 3c 00 0a 97 00
INFO - 20 de 88 3c 00 0a c5 00
INFO - 20 e0 c8 3c 00 0a aa 00
INFO - 20 e2 08 3c 00 0a 8b 00
INFO - 20 e4 48 3c 00 0a b2 00
INFO - 20 e5 88 3c 00 0a 81 00
INFO - 20 e8 c8 3c 00 0a dc 00
INFO - 20 ec 08 3c 00 0a e0 00
INFO - 20 ed 48 3c 00 0a 92 00
INFO - 20 ef 88 3c 00 0a ac 00
INFO - 20 f2 c8 3c 00 0a b2 00
INFO - 20 f3 08 3c 00 0a 94 00
INFO - 20 f6 48 3c 00 0a b9 00
INFO - 20 f9 88 3c 00 0a df 00
INFO - 20 fd c8 3c 00 0b 03 00
INFO - 20 ff 08 3c 00 0a 8b 00
INFO - 21 01 48 3c 00 0a aa 00
INFO - 21 03 88 3c 00 0a ab 00
INFO - 21 05 c8 3c 00 0a b5 00
INFO - 21 07 08 3c 00 0a 8b 00
INFO - 21 08 48 3c 00 0a 96 00
INFO - 21 0a 88 3c 00 0a a0 00
INFO - 21 0c c8 3c 00 0a 96 00
INFO - 21 0e 08 3c 00 0a a0 00
INFO - 21 0f 48 3c 00 0a 8b 00
INFO - 21 12 88 3c 00 0a ac 00
INFO - 21 14 c8 3c 00 0a a0 00
INFO - 21 15 08 3c 00 0a 8b 00
INFO - 21 17 48 3c 00 0a a1 00
INFO - 21 19 88 3c 00 0a 96 00
INFO - 21 1b c8 3c 00 0a a1 00
INFO - 21 1c 08 3c 00 0a 8b 00
INFO - 21 1f 48 3c 00 0a d8 00
INFO - 21 22 88 3c 00 0a cd 00
INFO - 21 25 c8 3c 00 0a cc 00
INFO - 21 27 08 3c 00 0a 96 00
INFO - 21 29 48 3c 00 0a cc 00
INFO - 21 2c 88 3c 00 0a ad 00
INFO - 21 2d c8 3c 00 0a a2 00
INFO - 21 30 08 3c 00 0a ac 00
INFO - 21 31 48 3c 00 0a 8c 00
INFO - 21 33 88 3c 00 0a 98 00
INFO - 21 35 c8 3c 00 0a b7 00
INFO - 21 37 08 3c 00 0a 87 00
INFO - 21 39 48 3c 00 0a a6 00
INFO - 21 3a 88 3c 00 0a 93 00
INFO - 21 3d c8 3c 00 0a b1 00
INFO - 21 3e 08 3c 00 0a 96 00
INFO - 21 40 48 3c 00 0a 96 00
INFO - 21 42 88 3c 00 0a 9f 00
INFO - 21 44 c8 3c 00 0a 9a 00
INFO - 21 47 08 3c 00 0a c1 00
INFO - 21 49 48 3c 00 0a ae 00
INFO - 21 4b 88 3c 00 0a b8 00
INFO - 21 4d c8 3c 00 0a 9e 00
INFO - 21 50 08 3c 00 0a e6 00
INFO - 21 53 48 3c 00 0a d8 00
INFO - 21 56 88 3c 00 0a cc 00
INFO - 21 5a c8 3c 00 0a ee 00
INFO - 21 5c 08 3c 00 0a a1 00
INFO - 21 5e 48 3c 00 0a 9f 00
INFO - 21 60 88 3c 00 0a b9 00
INFO - 21 62 c8 3c 00 0a 9f 00
INFO - 21 65 08 3c 00 0a d9 00
INFO - 21 67 48 3c 00 0a 9f 00
INFO - 21 69 88 3c 00 0a 98 00
INFO - 21 6b c8 3c 00 0a b3 00
INFO - 21 6d 08 3c 00 0a 9e 00
INFO - 21 6f 48 3c 00 0a a1 00
INFO - 21 70 88 3c 00 0a 8b 00
INFO - 21 72 c8 3c 00 0a 9d 00
INFO - 21 74 08 3c 00 0a 98 00
INFO - 21 76 48 3c 00 0a ab 00
INFO - 21 79 88 3c 00 0a d6 00
INFO - 21 7b c8 3c 00 0a 9d 00
INFO - 21 7d 08 3c 00 0a 98 00
INFO - 21 7f 48 3c 00 0a c0 00
INFO - 21 82 88 3c 00 0a c9 00
INFO - 21 84 c8 3c 00 0a 8d 00
INFO - 21 87 08 3c 00 0a cb 00
INFO - 21 89 48 3c 00 0a ab 00
INFO - 21 8b 88 3c 00 0a ac 00
INFO - 21 8d c8 3c 00 0a bd 00
INFO - 21 90 08 3c 00 0a d9 00
INFO - 21 93 48 3c 00 0a b3 00
INFO - 21 95 88 3c 00 0a ad 00
INFO - 21 97 c8 3c 00 0a bd 00
INFO - 21 99 08 3c 00 0a a2 00
INFO - 21 9b 48 3c 00 0a a0 00
INFO - 21 9d 88 3c 00 0a 9d 00
INFO - 21 9f c8 3c 00 0a a3 00
INFO - 21 a2 08 3c 00 0a bf 00
INFO - 21 a4 48 3c 00 0a 9d 00
INFO - 21 a6 88 3c 00 0a a2 00
INFO - 21 a7 c8 3c 00 0a 9d 00
INFO - 21 a9 08 3c 00 0a a2 00
INFO - 21 ab 48 3c 00 0a 9d 00
INFO - 21 ad 88 3c 00 0a ac 00
INFO - 21 af c8 3c 00 0a 9f 00
INFO - 21 b1 08 3c 00 0a a6 00
INFO - 21 b3 48 3c 00 0a a1 00
INFO - 21 b6 88 3c 00 0a b3 00
INFO - 21 b7 c8 3c 00 0a 91 00
INFO - 21 ba 08 3c 00 0a c1 00
INFO - 21 bd 48 3c 00 0a d1 00
INFO - 21 bf 88 3c 00 0a c0 00
INFO - 21 c1 c8 3c 00 0a 9c 00
INFO - 21 c3 08 3c 00 0a ab 00
INFO - 21 c5 48 3c 00 0a 8a 00
INFO - 21 c7 88 3c 00 0a bb 00
INFO - 21 c9 c8 3c 00 0a 96 00
INFO - 21 cb 08 3c 00 0a 95 00
INFO - 21 cd 48 3c 00 0a a7 00
INFO - 21 cf 88 3c 00 0a b7 00
INFO - 21 d1 c8 3c 00 0a 9c 00
INFO - 21 d3 08 3c 00 0a 97 00
INFO - 21 d5 48 3c 00 0a a9 00
INFO - 21 d7 88 3c 00 0a 92 00
INFO - 21 d9 c8 3c 00 0a a1 00
INFO - 21 da 08 3c 00 0a 94 00
INFO - 21 dc 48 3c 00 0a 95 00
INFO - 21 de 88 3c 00 0a 92 00
INFO - 21 df c8 3c 00 0a 8c 00
INFO - 21 e1 08 3c 00 0a 7a 00
INFO - 21 e3 48 3c 00 0a 9d 00
INFO - 21 e6 88 3c 00 0a cc 00
INFO - 21 e8 c8 3c 00 0a a7 00
INFO - 21 ea 08 3c 00 0a ac 00
INFO - 21 ec 48 3c 00 0a aa 00
INFO - 21 f3 88 3c 00 0b 7c 00
INFO - 21 f4 c8 3c 00 0a 8a 00
INFO - 21 f7 08 3c 00 0a ac 00
INFO - 21 f9 48 3c 00 0a bd 00
INFO - 21 fb 88 3c 00 0a 8a 00
INFO - 21 fd c8 3c 00 0a b5 00
INFO - 22 00 08 3c 00 0a cc 00
INFO - 22 01 48 3c 00 0a 95 00
INFO - 22 04 88 3c 00 0a b4 00
INFO - 22 05 c8 3c 00 0a 8c 00
INFO - 22 07 08 3c 00 0a ab 00
INFO - 22 09 48 3c 00 0a 9e 00
INFO - 22 0b 88 3c 00 0a a3 00
INFO - 22 0d c8 3c 00 0a 8b 00
INFO - 22 10 08 3c 00 0a f5 00
INFO - 22 12 48 3c 00 0a 98 00
INFO - 22 14 88 3c 00 0a aa 00
INFO - 22 16 c8 3c 00 0a 98 00
INFO - 22 18 08 3c 00 0a ac 00
INFO - 22 1b 48 3c 00 0a c2 00
INFO - 22 1d 88 3c 00 0a c2 00
INFO - 22 20 c8 3c 00 0a ac 00
INFO - 22 23 08 3c 00 0a d9 00
INFO - 22 26 48 3c 00 0a d1 00
INFO - 22 27 88 3c 00 0a 98 00
INFO - 22 2b c8 3c 00 0a f0 00
INFO - 22 2d 08 3c 00 0a ba 00
INFO - 22 30 48 3c 00 0a ce 00
INFO - 22 33 88 3c 00 0a c4 00
INFO - 22 35 c8 3c 00 0a 9b 00
INFO - 22 39 08 3c 00 0a c2 00
INFO - 22 3c 48 3c 00 0a dd 00
INFO - 22 3d 88 3c 00 0a 8f 00
INFO - 22 40 c8 3c 00 0a ba 00
INFO - 22 41 08 3c 00 0a 86 00
INFO - 22 43 48 3c 00 0a 8d 00
INFO - 22 45 88 3c 00 0a a7 00
INFO - 22 47 c8 3c 00 0a be 00
INFO - 22 49 08 3c 00 0a a4 00
INFO - 22 4b 48 3c 00 0a 9e 00
INFO - 22 4d 88 3c 00 0a a7 00
INFO - 22 4f c8 3c 00 0a 67 00
INFO - 22 50 08 3c 00 0a 85 00
INFO - 22 53 48 3c 00 0a e1 00
INFO - 22 56 88 3c 00 0a aa 00
INFO - 22 59 c8 3c 00 0a f8 00
INFO - 22 5c 08 3c 00 0a ce 00
INFO - 22 5e 48 3c 00 0a 90 00
INFO - 22 60 88 3c 00 0a c3 00
INFO - 22 62 c8 3c 00 0a 92 00
INFO - 22 65 08 3c 00 0a ce 00
INFO - 22 67 48 3c 00 0a 9f 00
INFO - 22 69 88 3c 00 0a b5 00
INFO - 22 6c c8 3c 00 0a c5 00
INFO - 22 6e 08 3c 00 0a ac 00
INFO - 22 71 48 3c 00 0a d0 00
INFO - 22 74 88 3c 00 0a c4 00
INFO - 22 77 c8 3c 00 0a dd 00
INFO - 22 79 08 3c 00 0a b9 00
INFO - 22 7b 48 3c 00 0a 95 00
INFO - 22 7d 88 3c 00 0a ae 00
INFO - 22 7f c8 3c 00 0a ae 00
INFO - 22 81 08 3c 00 0a ae 00
INFO - 22 86 48 3c 00 0b 17 00
INFO - 22 88 88 3c 00 0a b0 00
INFO - 22 8c c8 3c 00 0a df 00
INFO - 22 8f 08 3c 00 0a f0 00
INFO - 22 93 48 3c 00 0a ef 00
INFO - 22 94 88 3c 00 0a 97 00
INFO - 22 97 c8 3c 00 0a ca 00
INFO - 22 99 08 3c 00 0a b1 00
INFO - 22 9c 48 3c 00 0a ae 00
INFO - 22 9e 88 3c 00 0a c0 00
INFO - 22 a1 c8 3c 00 0a bc 00
INFO - 22 a3 08 3c 00 0a c0 00
INFO - 22 a7 48 3c 00 0a ee 00
INFO - 22 a9 88 3c 00 0a a7 00
INFO - 22 ab c8 3c 00 0a b2 00
INFO - 22 ad 08 3c 00 0a b2 00
INFO - 22 b0 48 3c 00 0a af 00
INFO - 22 b1 88 3c 00 0a 83 00
INFO - 22 b4 c8 3c 00 0a cb 00
INFO - 22 b6 08 3c 00 0a a4 00
INFO - 22 b9 48 3c 00 0a b4 00
INFO - 22 bb 88 3c 00 0a bf 00
INFO - 22 be c8 3c 00 0a cd 00
INFO - 22 c0 08 3c 00 0a a4 00
INFO - 22 c3 48 3c 00 0a c2 00
INFO - 22 c5 88 3c 00 0a b2 00
INFO - 22 c7 c8 3c 00 0a b6 00
INFO - 22 ca 08 3c 00 0a bf 00
INFO - 22 cc 48 3c 00 0a b5 00
INFO - 22 cf 88 3c 00 0a ce 00
INFO - 22 d2 c8 3c 00 0a e7 00
INFO - 22 d5 08 3c 00 0a cc 00
INFO - 22 d7 48 3c 00 0a 8d 00
INFO - 22 db 88 3c 00 0b 02 00
INFO - 22 dd c8 3c 00 0a b6 00
INFO - 22 df 08 3c 00 0a a7 00
INFO - 22 e3 48 3c 00 0a f5 00
INFO - 22 e5 88 3c 00 0a b4 00
INFO - 22 e8 c8 3c 00 0a e7 00
INFO - 22 eb 08 3c 00 0a bf 00
INFO - 22 ed 48 3c 00 0a b5 00
INFO - 22 f0 88 3c 00 0a cc 00
INFO - 22 f3 c8 3c 00 0a c2 00
INFO - 22 f5 08 3c 00 0a b3 00
INFO - 22 f8 48 3c 00 0a cd 00
INFO - 22 fa 88 3c 00 0a 98 00
INFO - 22 fc c8 3c 00 0a a8 00
INFO - 22 fe 08 3c 00 0a b4 00
INFO - 23 00 48 3c 00 0a a5 00
INFO - 23 02 88 3c 00 0a 9b 00
INFO - 23 04 c8 3c 00 0a b2 00
INFO - 23 07 08 3c 00 0a ce 00
INFO - 23 09 48 3c 00 0a 8d 00
INFO - 23 0b 88 3c 00 0a c1 00
INFO - 23 0e c8 3c 00 0a b4 00
INFO - 23 10 08 3c 00 0a a6 00
INFO - 23 12 48 3c 00 0a cf 00
INFO - 23 16 88 3c 00 0a e6 00
INFO - 23 18 c8 3c 00 0a b6 00
INFO - 23 1c 08 3c 00 0a f5 00
INFO - 23 1e 48 3c 00 0a 9a 00
INFO - 23 20 88 3c 00 0a c0 00
INFO - 23 26 c8 3c 00 0b 50 00
INFO - 23 2a 08 3c 00 0b 04 00
INFO - 23 2c 48 3c 00 0a a6 00
INFO - 23 2f 88 3c 00 0a de 00
INFO - 23 31 c8 3c 00 0a a6 00
INFO - 23 36 08 3c 00 0b 51 00
INFO - 23 39 48 3c 00 0a c3 00
INFO - 23 3c 88 3c 00 0a c2 00
INFO - 23 3d c8 3c 00 0a 81 00
INFO - 23 40 08 3c 00 0a db 00
INFO - 23 42 48 3c 00 0a aa 00
INFO - 23 44 88 3c 00 0a 99 00
INFO - 23 47 c8 3c 00 0a eb 00
INFO - 23 49 08 3c 00 0a 99 00
INFO - 23 4c 48 3c 00 0a c4 00
INFO - 23 4f 88 3c 00 0a e8 00
INFO - 23 52 c8 3c 00 0a ce 00
INFO - 23 54 08 3c 00 0a a6 00
INFO - 23 57 48 3c 00 0a c2 00
INFO - 23 59 88 3c 00 0a 9b 00
INFO - 23 5c c8 3c 00 0a db 00
INFO - 23 5f 08 3c 00 0a 8c 00
INFO - 23 62 48 3c 00 0a d0 00
INFO - 23 64 88 3c 00 0a b2 00
INFO - 23 67 c8 3c 00 0a c2 00
INFO - 23 69 08 3c 00 0a b2 00
INFO - 23 6c 48 3c 00 0a dc 00
INFO - 23 70 88 3c 00 0a e7 00
INFO - 23 72 c8 3c 00 0a cb 00
INFO - 23 75 08 3c 00 0a c3 00
INFO - 23 78 48 3c 00 0a cb 00
INFO - 23 7a 88 3c 00 0a c1 00
INFO - 23 7c c8 3c 00 0a 8d 00
INFO - 23 7e 08 3c 00 0a bd 00
INFO - 23 81 48 3c 00 0a b5 00
INFO - 23 84 88 3c 00 0a cd 00
INFO - 23 86 c8 3c 00 0a a6 00
INFO - 23 89 08 3c 00 0a e6 00
INFO - 23 8b 48 3c 00 0a a5 00
INFO - 23 8f 88 3c 00 0b 0f 00
INFO - 23 92 c8 3c 00 0a d8 00
INFO - 23 96 08 3c 00 0a f5 00
INFO - 23 99 48 3c 00 0a bf 00
INFO - 23 9a 88 3c 00 0a 9b 00
INFO - 23 9d c8 3c 00 0a b2 00
