INFO - a1 a0 08 40 57 00 00 02
INFO - a1 a0 48 40 57 00 00 02
INFO - a1 a0 88 40 57 00 00 02
INFO - a1 a0 c8 40 57 00 00 02
INFO - 89 3c 08 08 40 28 2e 0b
INFO - 89 3c 48 20 40 28 0e 03
INFO - 89 3c 88 40 40 20 00 78
INFO - 89 3e 88 08 40 28 2e 0b
INFO - 89 3e c8 20 40 28 0e 03
INFO - 89 3e 08 40 40 21 e0 01
INFO - 89 40 08 08 40 28 2e 0b
INFO - 89 40 48 20 40 28 0e 03
INFO - 89 40 88 40 40 20 04 fc
INFO - 89 42 88 08 40 28 2e 0b
INFO - 89 42 c8 20 40 28 0e 03
INFO - 89 42 08 40 40 23 f0 00
INFO - 89 44 08 08 40 28 2e 0b
INFO - 89 44 48 20 40 28 0e 01
INFO - 89 44 88 40 40 20 00 01
INFO - 89 46 88 08 40 28 2e 0b
INFO - 89 46 c8 20 40 28 06 01
INFO - 89 46 08 40 40 20 04 fc
INFO - 89 48 08 08 40 28 2e 0b
INFO - 89 48 48 20 40 28 06 01
INFO - 89 48 88 40 40 23 f0 01
INFO - 89 4a 88 08 40 28 2e 0f
INFO - 89 4a c8 20 40 28 06 03
INFO - 89 4a 08 40 40 20 04 fc
INFO - 89 4c 08 08 40 28 3e 10
INFO - 89 4c 48 20 40 28 0e 03
INFO - 89 4c 88 40 40 23 f0 fd
INFO - 89 4e 88 08 40 28 42 10
INFO - 89 4e c8 20 40 28 0e 03
INFO - 89 4e 08 40 40 23 f4 01
INFO - 89 50 08 08 40 28 42 10
INFO - 89 50 48 20 40 28 0e 03
INFO - 89 50 88 40 40 20 04 fc
INFO - 89 52 88 08 40 28 42 10
INFO - 89 52 c8 20 40 28 0e 01
INFO - 89 52 08 40 40 23 f0 01
INFO - 89 54 08 08 40 28 42 10
INFO - 89 54 48 20 40 28 06 01
INFO - 89 54 88 40 40 20 04 fc
INFO - 89 56 88 08 40 28 42 10
INFO - 89 56 c8 20 40 28 06 01
INFO - 89 56 08 40 40 23 f0 00
INFO - 89 58 08 08 40 28 42 10
INFO - 89 58 48 20 40 28 06 01
INFO - 89 58 88 40 40 20 00 01
INFO - 89 5a 88 08 40 28 42 10
INFO - 89 5a c8 20 40 28 06 01
INFO - 89 5a 08 40 40 20 04 fc
INFO - 89 5c 08 08 40 28 42 10
INFO - 89 5c 48 20 40 28 06 01
INFO - 89 5c 88 40 40 23 f0 01
INFO - 89 5e 88 08 40 28 42 10
INFO - 89 5e c8 20 40 28 06 01
INFO - 89 5e 08 40 40 20 04 fc
INFO - 89 60 08 08 40 28 42 10
INFO - 89 60 48 20 40 28 05 ff
INFO - 89 60 88 40 40 23 f0 00
INFO - 89 62 88 08 40 28 42 10
INFO - 89 62 c8 20 40 27 fd ff
INFO - 89 62 08 40 40 20 00 01
INFO - 89 64 08 08 40 28 42 10
INFO - 89 64 48 20 40 27 fd ff
INFO - 89 64 88 40 40 20 04 fc
INFO - 89 66 88 08 40 28 42 10
INFO - 89 66 c8 20 40 27 fe 01
INFO - 89 66 08 40 40 23 f0 00
INFO - 89 68 08 08 40 28 41 f6
INFO - 89 68 48 20 40 28 06 01
INFO - 89 68 88 40 40 20 00 01
INFO - 89 6a 88 08 40 27 d9 f1
INFO - 89 6a c8 20 40 28 06 03
INFO - 89 6a 08 40 40 20 04 fc
INFO - 89 6c 08 08 40 27 c6 13
INFO - 89 6c 48 20 40 28 0e 03
INFO - 89 6c 88 40 40 23 f0 01
INFO - 89 6e 88 08 40 28 4d fc
INFO - 89 6e c8 20 40 28 0e 03
INFO - 89 6e 08 40 40 20 04 fc
INFO - 89 70 08 08 40 27 f1 f5
INFO - 89 70 48 20 40 28 0e 03
INFO - 89 70 88 40 40 23 f0 fd
INFO - 89 72 88 08 40 27 d5 f5
INFO - 89 72 c8 20 40 28 0e 03
INFO - 89 72 08 40 40 23 f4 01
INFO - 89 74 08 08 40 27 d5 f5
INFO - 89 74 48 20 40 28 0e 03
INFO - 89 74 88 40 40 20 04 fc
INFO - 89 76 88 08 40 27 d5 f5
INFO - 89 76 c8 20 40 28 0e 03
INFO - 89 76 08 40 40 23 f0 01
INFO - 89 78 08 08 40 27 d5 f5
INFO - 89 78 48 20 40 28 0e 03
INFO - 89 78 88 40 40 20 04 fc
INFO - 89 7a 88 08 40 27 d5 f5
INFO - 89 7a c8 20 40 28 0e 01
INFO - 89 7a 08 40 40 23 f0 fd
INFO - 89 7c 08 08 40 27 d5 f5
INFO - 89 7c 48 20 40 28 05 ff
INFO - 89 7c 88 40 40 23 f4 01
INFO - 89 7e 88 08 40 27 d5 f5
INFO - 89 7e c8 20 40 27 fd ff
INFO - 89 7e 08 40 40 20 04 fc
INFO - 89 80 08 08 40 27 d5 f5
INFO - 89 80 48 20 40 27 fd ff
INFO - 89 80 88 40 40 23 f0 01
INFO - 89 82 88 08 40 27 d5 f5
INFO - 89 82 c8 20 40 27 fd ff
INFO - 89 82 08 40 40 20 04 fc
INFO - 89 84 08 08 40 27 d5 f5
INFO - 89 84 48 20 40 27 fd ff
INFO - 89 84 88 40 40 23 f0 00
INFO - 89 86 88 08 40 27 d5 f5
INFO - 89 86 c8 20 40 27 fd ff
INFO - 89 86 08 40 40 20 00 01
INFO - 89 88 08 08 40 27 d5 f5
INFO - 89 88 48 20 40 27 fd ff
INFO - 89 88 88 40 40 20 04 fc
INFO - 89 8a 88 08 40 27 d5 f5
INFO - 89 8a c8 20 40 27 fd ff
INFO - 89 8a 08 40 40 23 f0 fd
INFO - 89 8c 08 08 40 27 d5 f5
INFO - 89 8c 48 20 40 27 fd ff
INFO - 89 8c 88 40 40 23 f4 01
INFO - 89 8e 88 08 40 27 d6 42
INFO - 89 8e c8 20 40 27 fd ff
INFO - 89 8e 08 40 40 20 04 fc
INFO - 89 90 08 08 40 29 0a 4b
INFO - 89 90 48 20 40 27 fd ff
INFO - 89 90 88 40 40 23 f0 01
INFO - 89 92 88 08 40 29 2e 4b
INFO - 89 92 c8 20 40 27 fd ff
INFO - 89 92 08 40 40 20 04 fc
INFO - 89 94 08 08 40 29 2e 4b
INFO - 89 94 48 20 40 27 fd ff
INFO - 89 94 88 40 40 23 f0 00
INFO - 89 96 88 08 40 29 2e 4b
INFO - 89 96 c8 20 40 27 fd ff
INFO - 89 96 08 40 40 20 00 01
INFO - 89 98 08 08 40 29 2e 4b
INFO - 89 98 48 20 40 27 fd ff
INFO - 89 98 88 40 40 20 04 fc
INFO - 89 9a 88 08 40 29 2e 4b
INFO - 89 9a c8 20 40 27 fd ff
INFO - 89 9a 08 40 40 23 f0 01
INFO - a9 9c 48 40 57 00 00 02
INFO - a9 9c 88 40 57 00 00 02
INFO - a9 9c c8 40 57 00 00 02
INFO - a9 9c 08 40 57 00 00 02
INFO - 89 9c 08 08 40 29 2e 4b
INFO - 89 9c 48 20 40 27 fd ff
INFO - 89 9c 88 40 40 20 04 fc
INFO - 89 9e 88 08 40 29 2e 4b
INFO - 89 9e c8 20 40 27 fd ff
INFO - 89 9e 08 40 40 23 f0 fd
INFO - 89 a0 08 08 40 29 2e 4b
INFO - 89 a0 48 20 40 27 fd ff
INFO - 89 a0 88 40 40 23 f4 01
INFO - 89 a2 88 08 40 29 2e 4b
INFO - 89 a2 c8 20 40 27 fd ff
INFO - 89 a2 08 40 40 20 04 fc
INFO - 89 a4 08 08 40 29 2e 4b
INFO - 89 a4 48 20 40 27 fd ff
INFO - 89 a4 88 40 40 23 f0 00
INFO - 89 a6 88 08 40 29 2e 4b
INFO - 89 a6 c8 20 40 27 fd ff
INFO - 89 a6 08 40 40 20 00 01
INFO - 89 a8 08 08 40 29 2e 4b
INFO - 89 a8 48 20 40 27 fe 01
INFO - 89 a8 88 40 40 20 04 fc
INFO - 89 aa 88 08 40 29 2e 4b
INFO - 89 aa c8 20 40 28 06 01
INFO - 89 aa 08 40 40 23 f0 fd
INFO - 89 ac 08 08 40 29 2e 4b
INFO - 89 ac 48 20 40 28 06 01
INFO - 89 ac 88 40 40 23 f4 01
INFO - 89 ae 88 08 40 29 2d fd
INFO - 89 ae c8 20 40 28 06 01
INFO - 89 ae 08 40 40 20 04 fc
INFO - 89 b0 08 08 40 27 f5 eb
INFO - 89 b0 48 20 40 28 06 01
INFO - 89 b0 88 40 40 23 f0 00
INFO - 89 b2 88 08 40 27 ad f7
INFO - 89 b2 c8 20 40 28 06 01
INFO - 89 b2 08 40 40 20 00 01
INFO - 89 b4 08 08 40 27 dd ee
INFO - 89 b4 48 20 40 28 06 03
INFO - 89 b4 88 40 40 20 04 fc
INFO - 89 b6 88 08 40 27 b9 eb
INFO - 89 b6 c8 20 40 28 0e 01
INFO - 89 b6 08 40 40 23 f0 00
INFO - 89 b8 08 08 40 27 ad eb
INFO - 89 b8 48 20 40 28 05 ff
INFO - 89 b8 88 40 40 20 00 01
INFO - 89 ba 88 08 40 27 ad eb
INFO - 89 ba c8 20 40 27 fd ff
INFO - 89 ba 08 40 40 20 04 fc
INFO - 89 bc 08 08 40 27 ad eb
INFO - 89 bc 48 20 40 27 fd ff
INFO - 89 bc 88 40 40 23 f0 01
INFO - 89 be 88 08 40 27 ad eb
INFO - 89 be c8 20 40 27 fd ff
INFO - 89 be 08 40 40 20 04 fc
INFO - 89 c0 08 08 40 27 ad eb
INFO - 89 c0 48 20 40 27 fd ff
INFO - 89 c0 88 40 40 23 f0 fd
INFO - 89 c2 88 08 40 27 ad eb
INFO - 89 c2 c8 20 40 27 fd ff
INFO - 89 c2 08 40 40 23 f4 01
INFO - 89 c4 08 08 40 27 ad eb
INFO - 89 c4 48 20 40 27 fd ff
INFO - 89 c4 88 40 40 20 04 fc
INFO - 89 c6 88 08 40 27 ad eb
INFO - 89 c6 c8 20 40 27 fd ff
INFO - 89 c6 08 40 40 23 f0 00
INFO - 89 c8 08 08 40 27 ad eb
INFO - 89 c8 48 20 40 27 fd ff
INFO - 89 c8 88 40 40 20 00 01
INFO - 89 ca 88 08 40 27 ad e0
INFO - 89 ca c8 20 40 27 fd ff
INFO - 89 ca 08 40 40 20 04 fc
INFO - 89 cc 08 08 40 27 81 dd
INFO - 89 cc 48 20 40 27 fd ff
INFO - 89 cc 88 40 40 23 f0 00
INFO - 89 ce 88 08 40 27 75 dd
INFO - 89 ce c8 20 40 27 fd ff
INFO - 89 ce 08 40 40 20 00 01
INFO - 89 d0 08 08 40 27 75 dd
INFO - 89 d0 48 20 40 27 fd ff
INFO - 89 d0 88 40 40 20 04 fc
INFO - 89 d2 88 08 40 27 75 dd
INFO - 89 d2 c8 20 40 27 fd ff
INFO - 89 d2 08 40 40 23 f0 00
INFO - 89 d4 08 08 40 27 75 dd
INFO - 89 d4 48 20 40 27 fd ff
INFO - 89 d4 88 40 40 20 00 01
INFO - 89 d6 88 08 40 27 75 dd
INFO - 89 d6 c8 20 40 27 fd ff
INFO - 89 d6 08 40 40 20 04 fc
INFO - 89 d8 08 08 40 27 75 dd
INFO - 89 d8 48 20 40 27 fd ff
INFO - 89 d8 88 40 40 23 f0 01
INFO - 89 da 88 08 40 27 75 dd
INFO - 89 da c8 20 40 27 fd ff
INFO - 89 da 08 40 40 20 04 fc
INFO - 89 dc 08 08 40 27 75 dd
INFO - 89 dc 48 20 40 27 fd ff
INFO - 89 dc 88 40 40 23 f0 fd
INFO - 89 de 88 08 40 27 75 dd
INFO - 89 de c8 20 40 27 fd ff
INFO - 89 de 08 40 40 23 f4 01
INFO - 89 e0 08 08 40 27 76 06
INFO - 89 e0 48 20 40 27 fd ff
INFO - 89 e0 88 40 40 20 04 fc
INFO - 89 e2 88 08 40 28 1a 10
INFO - 89 e2 c8 20 40 27 fd ff
INFO - 89 e2 08 40 40 23 f0 00
INFO - 89 e4 08 08 40 28 42 10
INFO - 89 e4 48 20 40 27 fd ff
INFO - 89 e4 88 40 40 20 00 01
INFO - 89 e6 88 08 40 28 42 10
INFO - 89 e6 c8 20 40 27 fd ff
INFO - 89 e6 08 40 40 20 04 fc
INFO - 89 e8 08 08 40 28 42 10
INFO - 89 e8 48 20 40 27 fd ff
INFO - 89 e8 88 40 40 23 f0 01
INFO - 89 ea 88 08 40 28 42 10
INFO - 89 ea c8 20 40 27 fd ff
INFO - 89 ea 08 40 40 20 04 fc
INFO - 89 ec 08 08 40 28 42 10
INFO - 89 ec 48 20 40 27 fd ff
INFO - 89 ec 88 40 40 23 f0 00
INFO - 89 ee 88 08 40 28 42 10
INFO - 89 ee c8 20 40 27 fd ff
INFO - 89 ee 08 40 40 20 00 01
INFO - 89 f0 08 08 40 28 42 10
INFO - 89 f0 48 20 40 27 fd ff
INFO - 89 f0 88 40 40 20 04 fc
INFO - 89 f2 88 08 40 28 42 10
INFO - 89 f2 c8 20 40 27 fd ff
INFO - 89 f2 08 40 40 23 f0 00
INFO - 89 f4 08 08 40 28 42 10
INFO - 89 f4 48 20 40 27 fd ff
INFO - 89 f4 88 40 40 20 00 01
INFO - 89 f6 88 08 40 28 42 10
INFO - 89 f6 c8 20 40 27 fd ff
INFO - 89 f6 08 40 40 20 04 fc
INFO - 89 f8 08 08 40 28 42 10
INFO - 89 f8 48 20 40 27 fd ff
INFO - 89 f8 88 40 40 23 f0 fd
INFO - 89 fa 88 08 40 28 42 10
INFO - 89 fa c8 20 40 27 fd ff
INFO - 89 fa 08 40 40 23 f4 01
INFO - 89 fc 08 08 40 28 42 10
INFO - 89 fc 48 20 40 27 fd ff
INFO - 89 fc 88 40 40 20 04 fc
INFO - 89 fe 88 08 40 28 42 15
INFO - 89 fe c8 20 40 27 fd ff
INFO - 89 fe 08 40 40 23 f0 00
INFO - 8a 00 08 08 40 28 56 16
INFO - 8a 00 48 20 40 27 fd ff
INFO - 8a 00 88 40 40 20 00 fd
INFO - 8a 02 88 08 40 48 5a 16
INFO - 8a 02 c8 20 40 47 fd ff
INFO - 8a 02 08 40 40 43 f4 00
INFO - 8a 06 88 08 40 28 5a 16
INFO - 8a 06 c8 20 40 27 fd ff
INFO - 8a 06 08 40 40 20 00 00
INFO - 8a 08 08 08 40 28 5a 16
INFO - 8a 08 48 20 40 27 fd ff
INFO - 8a 08 88 40 40 20 00 fc
INFO - 8a 0a 88 08 40 28 5a 16
INFO - 8a 0a c8 20 40 27 fd ff
INFO - 8a 0a 08 40 40 23 f0 00
INFO - 8a 0c 08 08 40 28 5a 16
INFO - 8a 0c 48 20 40 27 fd ff
INFO - 8a 0c 88 40 40 20 00 01
INFO - 8a 0e 88 08 40 28 5a 16
INFO - 8a 0e c8 20 40 27 fd ff
INFO - 8a 0e 08 40 40 20 04 fc
INFO - 8a 10 08 08 40 28 5a 16
INFO - 8a 10 48 20 40 27 fd ff
INFO - 8a 10 88 40 40 23 f0 01
INFO - 8a 12 88 08 40 28 5a 16
INFO - 8a 12 c8 20 40 27 fd ff
INFO - 8a 12 08 40 40 20 04 fc
INFO - 8a 14 08 08 40 28 5a 16
INFO - 8a 14 48 20 40 27 fd fd
INFO - 8a 14 88 40 40 23 f0 00
INFO - 8a 16 88 08 40 28 5a 16
INFO - 8a 16 c8 20 40 27 f5 fd
INFO - 8a 16 08 40 40 20 00 01
INFO - 8a 18 08 08 40 28 5a 16
INFO - 8a 18 48 20 40 27 f5 fd
INFO - 8a 18 88 40 40 20 04 fc
INFO - 8a 1a 88 08 40 28 5a 16
INFO - 8a 1a c8 20 40 27 f5 fd
INFO - 8a 1a 08 40 40 23 f0 fd
INFO - 8a 1c 08 08 40 28 5a 16
INFO - 8a 1c 48 20 40 27 f5 fd
INFO - 8a 1c 88 40 40 23 f4 01
INFO - 8a 1e 88 08 40 28 59 cd
INFO - 8a 1e c8 20 40 27 f5 fd
INFO - 8a 1e 08 40 40 20 04 fc
INFO - 8a 20 08 08 40 27 35 c0
INFO - 8a 20 48 20 40 27 f5 fd
INFO - 8a 20 88 40 40 23 f0 01
INFO - 8a 22 88 08 40 27 01 c0
INFO - 8a 22 c8 20 40 27 f5 ff
INFO - 8a 22 08 40 40 20 04 fc
INFO - 8a 24 08 08 40 27 01 c0
INFO - 8a 24 48 20 40 27 fd ff
INFO - 8a 24 88 40 40 23 f0 00
INFO - 8a 26 88 08 40 27 01 c0
INFO - 8a 26 c8 20 40 27 fd ff
INFO - 8a 26 08 40 40 20 00 01
INFO - 8a 28 08 08 40 27 01 c0
INFO - 8a 28 48 20 40 27 fd ff
INFO - 8a 28 88 40 40 20 04 fc
INFO - 8a 2a 88 08 40 27 01 c0
INFO - 8a 2a c8 20 40 27 fd ff
INFO - 8a 2a 08 40 40 23 f0 00
INFO - 8a 2c 08 08 40 27 01 c0
INFO - 8a 2c 48 20 40 27 fd ff
INFO - 8a 2c 88 40 40 20 00 01
INFO - 8a 2e 88 08 40 27 01 c0
INFO - 8a 2e c8 20 40 27 fd fd
INFO - 8a 2e 08 40 40 20 04 fc
INFO - 8a 30 08 08 40 27 01 c0
INFO - 8a 30 48 20 40 27 f5 fd
INFO - 8a 30 88 40 40 23 f0 01
INFO - 8a 32 88 08 40 27 01 c0
INFO - 8a 32 c8 20 40 27 f5 ff
INFO - 8a 32 08 40 40 20 04 fc
INFO - 8a 34 08 08 40 27 01 c0
INFO - 8a 34 48 20 40 27 fd ff
INFO - 8a 34 88 40 40 23 f0 00
INFO - 8a 36 88 08 40 27 01 c0
INFO - 8a 36 c8 20 40 27 fd ff
INFO - 8a 36 08 40 40 20 00 01
INFO - 8a 38 08 08 40 27 01 c0
INFO - 8a 38 48 20 40 27 fd ff
INFO - 8a 38 88 40 40 20 04 fc
INFO - 8a 3a 88 08 40 27 01 c0
INFO - 8a 3a c8 20 40 27 fd ff
INFO - 8a 3a 08 40 40 23 f0 01
INFO - 8a 3c 08 08 40 27 01 bf
INFO - 8a 3c 48 20 40 27 fd fd
INFO - 8a 3c 88 40 40 20 04 fc
INFO - 8a 3e 88 08 40 26 fd be
INFO - 8a 3e c8 20 40 27 f5 fd
INFO - 8a 3e 08 40 40 23 f0 00
INFO - 8a 40 08 08 40 26 f9 be
INFO - 8a 40 48 20 40 27 f5 fd
INFO - 8a 40 88 40 40 20 00 01
INFO - 8a 42 88 08 40 26 f9 be
INFO - 8a 42 c8 20 40 27 f5 fd
INFO - 8a 42 08 40 40 20 04 fc
INFO - 8a 44 08 08 40 26 f9 f8
INFO - 8a 44 48 20 40 27 f5 fb
INFO - 8a 44 88 40 40 23 f0 00
INFO - 8a 46 88 08 40 27 e1 cf
INFO - 8a 46 c8 20 40 27 ed fb
INFO - 8a 46 08 40 40 20 00 01
INFO - 8a 48 08 08 40 27 3d bd
INFO - 8a 48 48 20 40 27 ed fb
INFO - 8a 48 88 40 40 20 04 fc
INFO - 8a 4a 88 08 40 26 f5 bd
INFO - 8a 4a c8 20 40 27 ed fb
INFO - 8a 4a 08 40 40 23 f0 01
INFO - 8a 4c 08 08 40 26 f5 bd
INFO - 8a 4c 48 20 40 27 ed fb
INFO - 8a 4c 88 40 40 20 04 fc
INFO - 8a 4e 88 08 40 26 f5 bd
INFO - 8a 4e c8 20 40 27 ed fb
INFO - 8a 4e 08 40 40 23 f0 fd
INFO - 8a 50 08 08 40 26 f5 bd
INFO - 8a 50 48 20 40 27 ed fb
INFO - 8a 50 88 40 40 23 f4 01
INFO - 8a 52 88 08 40 26 f5 bd
INFO - 8a 52 c8 20 40 27 ed fb
INFO - 8a 52 08 40 40 20 04 fc
INFO - 8a 54 08 08 42 c6 f6 15
INFO - 8a 54 48 20 42 c7 ed fd
INFO - 8a 54 88 40 42 c3 f0 00
INFO - 8a 80 08 08 40 28 56 15
INFO - 8a 80 48 20 40 27 f5 fd
INFO - 8a 80 88 40 40 20 00 00
INFO - 8a 82 88 08 40 28 55 bd
INFO - 8a 82 c8 20 40 27 f5 fd
INFO - 8a 82 08 40 40 20 00 fc
INFO - 8a 84 08 08 40 26 f5 b0
INFO - 8a 84 48 20 40 27 f5 fb
INFO - 8a 84 88 40 40 23 f0 00
INFO - 8a 86 88 08 40 26 c1 b0
INFO - 8a 86 c8 20 40 27 ed fb
INFO - 8a 86 08 40 40 20 00 01
INFO - 8a 88 08 08 40 26 c1 b0
INFO - 8a 88 48 20 40 27 ed fb
INFO - 8a 88 88 40 40 20 04 fc
INFO - 8a 8a 88 08 40 26 c1 b0
INFO - 8a 8a c8 20 40 27 ed fb
INFO - 8a 8a 08 40 40 23 f0 fd
INFO - 8a 8c 08 08 40 26 c1 b0
INFO - 8a 8c 48 20 40 27 ed fb
INFO - 8a 8c 88 40 40 23 f4 01
INFO - 8a 8e 88 08 40 26 c1 b0
INFO - 8a 8e c8 20 40 27 ed fb
INFO - 8a 8e 08 40 40 20 04 fc
INFO - 8a 90 08 08 40 26 c1 b0
INFO - 8a 90 48 20 40 27 ed fb
INFO - 8a 90 88 40 40 23 f0 01
INFO - 8a 92 88 08 40 26 c1 b0
INFO - 8a 92 c8 20 40 27 ed fd
INFO - 8a 92 08 40 40 20 04 fc
INFO - 8a 94 08 08 40 26 c1 b0
INFO - 8a 94 48 20 40 27 f5 fd
INFO - 8a 94 88 40 40 23 f0 fd
INFO - 8a 96 88 08 40 26 c1 b0
INFO - 8a 96 c8 20 40 27 f5 fd
INFO - 8a 96 08 40 40 23 f4 01
INFO - 8a 98 08 08 40 26 c1 b0
INFO - 8a 98 48 20 40 27 f5 fd
INFO - 8a 98 88 40 40 20 04 fc
INFO - 8a 9a 88 08 40 26 c1 b0
INFO - 8a 9a c8 20 40 27 f5 fd
INFO - 8a 9a 08 40 40 23 f0 fd
INFO - 8a 9c 08 08 40 26 c1 b0
INFO - 8a 9c 48 20 40 27 f5 fd
INFO - 8a 9c 88 40 40 23 f4 01
INFO - 8a 9e 88 08 40 26 c1 fe
INFO - 8a 9e c8 20 40 27 f5 ff
INFO - 8a 9e 08 40 40 20 04 fc
INFO - 8a a0 08 08 40 27 fa 10
INFO - 8a a0 48 20 40 27 fd ff
INFO - 8a a0 88 40 40 23 f0 00
INFO - 8a a2 88 08 40 28 42 10
INFO - 8a a2 c8 20 40 27 fd ff
INFO - 8a a2 08 40 40 20 00 01
INFO - 8a a4 08 08 40 28 42 10
INFO - 8a a4 48 20 40 27 fd fd
INFO - 8a a4 88 40 40 20 04 fc
INFO - 8a a6 88 08 40 28 42 10
INFO - 8a a6 c8 20 40 27 f5 fd
INFO - 8a a6 08 40 40 23 f0 01
INFO - 8a a8 08 08 40 28 42 10
INFO - 8a a8 48 20 40 27 f5 fd
INFO - 8a a8 88 40 40 20 04 fc
INFO - 8a aa 88 08 40 28 42 10
INFO - 8a aa c8 20 40 27 f5 fd
INFO - 8a aa 08 40 40 23 f0 00
INFO - 8a ac 08 08 40 28 42 10
INFO - 8a ac 48 20 40 27 f5 ff
INFO - 8a ac 88 40 40 20 00 01
INFO - 8a ae 88 08 40 28 42 10
INFO - 8a ae c8 20 40 27 fd ff
INFO - 8a ae 08 40 40 20 04 fc
INFO - 8a b0 08 08 40 28 42 10
INFO - 8a b0 48 20 40 27 fd ff
INFO - 8a b0 88 40 40 23 f0 fd
INFO - 8a b2 88 08 40 28 41 f3
INFO - 8a b2 c8 20 40 27 fd ff
INFO - 8a b2 08 40 40 23 f4 01
INFO - 8a b4 08 08 40 27 ce 0b
INFO - 8a b4 48 20 40 27 fd ff
INFO - 8a b4 88 40 40 20 04 fc
INFO - 8a b6 88 08 40 28 2e 13
INFO - 8a b6 c8 20 40 27 fd ff
INFO - 8a b6 08 40 40 23 f0 01
INFO - 8a b8 08 08 40 28 4e 13
INFO - 8a b8 48 20 40 27 fd fd
INFO - 8a b8 88 40 40 20 04 fc
INFO - 8a ba 88 08 40 28 4e 13
INFO - 8a ba c8 20 40 27 f5 fd
INFO - 8a ba 08 40 40 23 f0 fd
INFO - 8a bc 08 08 40 28 4e 13
INFO - 8a bc 48 20 40 27 f5 ff
INFO - 8a bc 88 40 40 23 f4 01
INFO - 8a be 88 08 40 28 4e 13
INFO - 8a be c8 20 40 27 fd ff
INFO - 8a be 08 40 40 20 04 fc
INFO - 8a c0 08 08 40 28 4e 13
INFO - 8a c0 48 20 40 27 fd ff
INFO - 8a c0 88 40 40 23 f0 00
INFO - 8a c2 88 08 40 28 4e 13
INFO - 8a c2 c8 20 40 27 fd ff
INFO - 8a c2 08 40 40 20 00 00
INFO - 8a c4 08 08 40 28 4e 13
INFO - 8a c4 48 20 40 27 fd fd
INFO - 8a c4 88 40 40 20 00 01
INFO - 8a c6 88 08 40 28 4e 13
INFO - 8a c6 c8 20 40 27 f5 fd
INFO - 8a c6 08 40 40 20 04 fc
INFO - 8a c8 08 08 40 28 4e 13
INFO - 8a c8 48 20 40 27 f5 fb
INFO - 8a c8 88 40 40 23 f0 fd
INFO - 8a ca 88 08 40 28 4e 13
INFO - 8a ca c8 20 40 27 ed fd
INFO - 8a ca 08 40 40 23 f4 01
INFO - 8a cc 08 08 40 28 4e 13
INFO - 8a cc 48 20 40 27 f5 fd
INFO - 8a cc 88 40 40 20 04 fc
INFO - 8a ce 88 08 40 28 4e 13
INFO - 8a ce c8 20 40 27 f5 fd
INFO - 8a ce 08 40 40 23 f0 01
INFO - 8a d0 08 08 40 28 4e 13
INFO - 8a d0 48 20 40 27 f5 fd
INFO - 8a d0 88 40 40 20 04 fc
INFO - 8a d2 88 08 40 28 4e 13
INFO - 8a d2 c8 20 40 27 f5 fd
INFO - 8a d2 08 40 40 23 f0 01
INFO - 8a d4 08 08 40 28 4d ef
INFO - 8a d4 48 20 40 27 f5 fd
INFO - 8a d4 88 40 40 20 04 fc
INFO - 8a d6 88 08 40 27 bd e8
INFO - 8a d6 c8 20 40 27 f5 fd
INFO - 8a d6 08 40 40 23 f0 00
INFO - 8a d8 08 08 40 27 a1 e8
INFO - 8a d8 48 20 40 27 f5 fd
INFO - 8a d8 88 40 40 20 00 01
INFO - 8a da 88 08 40 27 a1 e8
INFO - 8a da c8 20 40 27 f5 fd
INFO - 8a da 08 40 40 20 04 fc
INFO - 8a dc 08 08 40 27 a1 e8
INFO - 8a dc 48 20 40 27 f5 fd
INFO - 8a dc 88 40 40 23 f0 01
INFO - 8a de 88 08 40 27 a1 e8
INFO - 8a de c8 20 40 27 f5 fd
INFO - 8a de 08 40 40 20 04 fc
INFO - 8a e0 08 08 40 27 a1 e8
INFO - 8a e0 48 20 40 27 f5 fd
INFO - 8a e0 88 40 40 23 f0 fd
INFO - 8a e2 88 08 40 27 a1 e8
INFO - 8a e2 c8 20 40 27 f5 fb
INFO - 8a e2 08 40 40 23 f4 01
INFO - 8a e4 08 08 40 27 a1 e8
INFO - 8a e4 48 20 40 27 ed fb
INFO - 8a e4 88 40 40 20 04 fc
INFO - 8a e6 88 08 40 27 a1 e8
INFO - 8a e6 c8 20 40 27 ed fb
INFO - 8a e6 08 40 40 23 f0 01
INFO - 8a e8 08 08 40 27 a1 e8
INFO - 8a e8 48 20 40 27 ed fb
INFO - 8a e8 88 40 40 20 04 fc
INFO - 8a ea 88 08 40 27 a1 e8
INFO - 8a ea c8 20 40 27 ed fb
INFO - 8a ea 08 40 40 23 f0 fd
INFO - 8a ec 08 08 40 27 a1 e8
INFO - 8a ec 48 20 40 27 ed fd
INFO - 8a ec 88 40 40 23 f4 01
INFO - 8a ee 88 08 40 27 a1 e8
INFO - 8a ee c8 20 40 27 f5 fd
INFO - 8a ee 08 40 40 20 04 fc
INFO - 8a f0 08 08 40 27 a1 e8
INFO - 8a f0 48 20 40 27 f5 ff
INFO - 8a f0 88 40 40 23 f0 fd
INFO - 8a f2 88 08 40 27 a2 02
INFO - 8a f2 c8 20 40 27 fd fd
INFO - 8a f2 08 40 40 23 f4 01
INFO - 8a f4 08 08 40 28 0a 09
INFO - 8a f4 48 20 40 27 f5 fd
INFO - 8a f4 88 40 40 20 04 fc
INFO - 8a f6 88 08 40 28 26 09
INFO - 8a f6 c8 20 40 27 f5 fd
INFO - 8a f6 08 40 40 23 f0 00
INFO - 8a f8 08 08 40 28 26 09
INFO - 8a f8 48 20 40 27 f5 fd
INFO - 8a f8 88 40 40 20 00 01
INFO - 8a fa 88 08 40 28 26 09
INFO - 8a fa c8 20 40 27 f5 fd
INFO - 8a fa 08 40 40 20 04 fc
INFO - 8a fc 08 08 40 28 26 09
INFO - 8a fc 48 20 40 27 f5 fd
INFO - 8a fc 88 40 40 23 f0 fd
INFO - 8a fe 88 08 40 28 26 09
INFO - 8a fe c8 20 40 27 f5 fd
INFO - 8a fe 08 40 40 23 f4 01
INFO - 8b 00 08 08 40 28 26 09
INFO - 8b 00 48 20 40 27 f5 fd
INFO - 8b 00 88 40 40 20 04 fc
INFO - 8b 02 88 08 40 28 26 09
INFO - 8b 02 c8 20 40 27 f5 ff
INFO - 8b 02 08 40 40 23 f0 00
INFO - 8b 04 08 08 40 28 26 09
INFO - 8b 04 48 20 40 27 fd ff
INFO - 8b 04 88 40 40 20 00 01
INFO - 8b 06 88 08 40 28 26 09
INFO - 8b 06 c8 20 40 27 fd ff
INFO - 8b 06 08 40 40 20 04 00
INFO - 8b 08 08 08 40 28 26 09
INFO - 8b 08 48 20 40 27 fd ff
INFO - 8b 08 88 40 40 20 00 fc
INFO - 8b 0a 88 08 40 28 26 09
INFO - 8b 0a c8 20 40 27 fd ff
INFO - 8b 0a 08 40 40 23 f0 00
INFO - 8b 0c 08 08 40 28 26 09
INFO - 8b 0c 48 20 40 27 fd fd
INFO - 8b 0c 88 40 40 20 00 01
INFO - 8b 0e 88 08 40 28 25 eb
INFO - 8b 0e c8 20 40 27 f5 fd
INFO - 8b 0e 08 40 40 20 04 fc
INFO - 8b 10 08 08 40 27 ad e6
INFO - 8b 10 48 20 40 27 f5 fb
INFO - 8b 10 88 40 40 23 f0 00
INFO - 8b 12 88 08 40 27 99 e6
INFO - 8b 12 c8 20 40 27 ed fb
INFO - 8b 12 08 40 40 20 00 01
INFO - 8b 14 08 08 40 27 99 e6
INFO - 8b 14 48 20 40 27 ed fb
INFO - 8b 14 88 40 40 20 04 fc
INFO - 8b 16 88 08 40 27 99 e6
INFO - 8b 16 c8 20 40 27 ed fb
INFO - 8b 16 08 40 40 23 f0 fd
INFO - 8b 18 08 08 40 27 99 e6
INFO - 8b 18 48 20 40 27 ed fb
INFO - 8b 18 88 40 40 23 f4 01
INFO - 8b 1a 88 08 40 27 99 e6
INFO - 8b 1a c8 20 40 27 ed fb
INFO - 8b 1a 08 40 40 20 04 fc
INFO - 8b 1c 08 08 40 27 99 e6
INFO - 8b 1c 48 20 40 27 ed f9
INFO - 8b 1c 88 40 40 23 f0 01
INFO - 8b 1e 88 08 40 27 99 e6
INFO - 8b 1e c8 20 40 27 e5 fb
INFO - 8b 1e 08 40 40 20 04 fc
INFO - 8b 20 08 08 40 27 99 e6
INFO - 8b 20 48 20 40 27 ed fb
INFO - 8b 20 88 40 40 23 f0 fd
INFO - 8b 22 88 08 40 27 99 e6
INFO - 8b 22 c8 20 40 27 ed fb
INFO - 8b 22 08 40 40 23 f4 01
INFO - 8b 24 08 08 40 27 99 e6
INFO - 8b 24 48 20 40 27 ed fd
INFO - 8b 24 88 40 40 20 04 fc
INFO - 8b 26 88 08 40 27 99 e6
INFO - 8b 26 c8 20 40 27 f5 fd
INFO - 8b 26 08 40 40 23 f0 01
INFO - 8b 28 08 08 40 27 99 e6
INFO - 8b 28 48 20 40 27 f5 fd
INFO - 8b 28 88 40 40 20 04 fc
INFO - 8b 2a 88 08 40 27 99 e6
INFO - 8b 2a c8 20 40 27 f5 ff
INFO - 8b 2a 08 40 40 23 f0 fd
INFO - 8b 2c 08 08 40 27 99 e6
INFO - 8b 2c 48 20 40 27 fd ff
INFO - 8b 2c 88 40 40 23 f4 01
INFO - 8b 2e 88 08 40 27 9a 0f
INFO - 8b 2e c8 20 40 27 fd ff
INFO - 8b 2e 08 40 40 20 04 fc
INFO - 8b 30 08 08 40 28 3e 1a
INFO - 8b 30 48 20 40 27 fd ff
INFO - 8b 30 88 40 40 23 f0 01
INFO - 8b 32 88 08 40 28 6a 1a
INFO - 8b 32 c8 20 40 27 fd ff
INFO - 8b 32 08 40 40 20 04 fc
INFO - 8b 34 08 08 40 28 6a 1a
INFO - 8b 34 48 20 40 27 fd ff
INFO - 8b 34 88 40 40 23 f0 fd
INFO - 8b 36 88 08 40 28 6a 1a
INFO - 8b 36 c8 20 40 27 fd fd
INFO - 8b 36 08 40 40 23 f4 01
INFO - 8b 38 08 08 40 28 6a 1a
INFO - 8b 38 48 20 40 27 f5 fd
INFO - 8b 38 88 40 40 20 04 fc
INFO - 8b 3a 88 08 40 28 6a 1a
INFO - 8b 3a c8 20 40 27 f5 fd
INFO - 8b 3a 08 40 40 23 f0 01
INFO - 8b 3c 08 08 40 28 6a 1a
INFO - 8b 3c 48 20 40 27 f5 fb
INFO - 8b 3c 88 40 40 20 04 fc
INFO - 8b 3e 88 08 40 28 6a 1a
INFO - 8b 3e c8 20 40 27 ed fd
INFO - 8b 3e 08 40 40 23 f0 00
INFO - 8b 40 08 08 40 28 6a 1a
INFO - 8b 40 48 20 40 27 f5 fd
INFO - 8b 40 88 40 40 20 00 01
INFO - 8b 42 88 08 40 28 6a 1a
INFO - 8b 42 c8 20 40 27 f5 fd
INFO - 8b 42 08 40 40 20 04 fc
INFO - 8b 44 08 08 40 28 6a 1a
INFO - 8b 44 48 20 40 27 f5 ff
INFO - 8b 44 88 40 40 23 f0 00
INFO - 8b 46 88 08 40 28 6a 1a
INFO - 8b 46 c8 20 40 27 fd ff
INFO - 8b 46 08 40 40 20 00 01
INFO - 8b 48 08 08 40 28 6a 1a
INFO - 8b 48 48 20 40 27 fd ff
INFO - 8b 48 88 40 40 20 04 fc
INFO - 8b 4a 88 08 40 28 6a 1a
INFO - 8b 4a c8 20 40 27 fd ff
INFO - 8b 4a 08 40 40 23 f0 00
INFO - 8b 4c 08 08 40 28 69 fd
INFO - 8b 4c 48 20 40 27 fd ff
INFO - 8b 4c 88 40 40 20 00 01
INFO - 8b 4e 88 08 40 27 f5 f6
INFO - 8b 4e c8 20 40 27 fd fd
INFO - 8b 4e 08 40 40 20 04 fc
INFO - 8b 50 08 08 40 27 d9 f6
INFO - 8b 50 48 20 40 27 f5 fd
INFO - 8b 50 88 40 40 23 f0 01
INFO - 8b 52 88 08 40 27 d9 f6
INFO - 8b 52 c8 20 40 27 f5 ff
INFO - 8b 52 08 40 40 20 04 fc
INFO - 8b 54 08 08 40 27 d9 f6
INFO - 8b 54 48 20 40 27 fd ff
INFO - 8b 54 88 40 40 23 f0 fd
INFO - 8b 56 88 08 40 27 d9 f6
INFO - 8b 56 c8 20 40 27 fd ff
INFO - 8b 56 08 40 40 23 f4 01
INFO - 8b 58 08 08 40 27 d9 f6
INFO - 8b 58 48 20 40 27 fd ff
INFO - 8b 58 88 40 40 20 04 fc
INFO - 8b 5a 88 08 40 27 d9 f6
INFO - 8b 5a c8 20 40 27 fd ff
INFO - 8b 5a 08 40 40 23 f0 00
INFO - 8b 5c 08 08 40 27 d9 f6
INFO - 8b 5c 48 20 40 27 fd ff
INFO - 8b 5c 88 40 40 20 00 01
INFO - 8b 5e 88 08 40 27 d9 f6
INFO - 8b 5e c8 20 40 27 fd fd
INFO - 8b 5e 08 40 40 20 04 fc
INFO - 8b 60 08 08 40 27 d9 f6
INFO - 8b 60 48 20 40 27 f5 fd
INFO - 8b 60 88 40 40 23 f0 00
INFO - 8b 62 88 08 40 27 d9 f6
INFO - 8b 62 c8 20 40 27 f5 fd
INFO - 8b 62 08 40 40 20 00 01
INFO - 8b 64 08 08 40 27 d9 f6
INFO - 8b 64 48 20 40 27 f5 fd
INFO - 8b 64 88 40 40 20 04 fc
INFO - 8b 66 88 08 40 27 d9 f6
INFO - 8b 66 c8 20 40 27 f5 fd
INFO - 8b 66 08 40 40 23 f0 01
INFO - 8b 68 08 08 40 27 d9 f6
INFO - 8b 68 48 20 40 27 f5 fd
INFO - 8b 68 88 40 40 20 04 fc
INFO - 8b 6a 88 08 40 27 da 14
INFO - 8b 6a c8 20 40 27 f5 fd
INFO - 8b 6a 08 40 40 23 f0 fd
INFO - 8b 6c 08 08 40 28 52 1c
INFO - 8b 6c 48 20 40 27 f5 ff
INFO - 8b 6c 88 40 40 23 f4 01
