INFO - a1 42 88 40 57 00 00 02
INFO - a1 42 c8 40 57 00 00 02
INFO - a1 42 08 40 57 00 00 02
INFO - a1 42 48 40 57 00 00 02
INFO - a9 3e c8 40 57 00 00 02
INFO - a9 3e 08 40 57 00 00 02
INFO - a9 3e 48 40 57 00 00 02
INFO - a9 3e 88 40 57 00 00 02
INFO - ab f4 c8 40 57 00 00 02
INFO - ab f4 08 40 57 00 00 02
INFO - ab f4 48 40 57 00 00 02
INFO - ab f4 88 40 57 00 00 02
INFO - b0 c8 48 40 57 00 00 02
INFO - b0 c8 88 40 57 00 00 02
INFO - b0 c8 c8 40 57 00 00 02
INFO - b0 c8 08 40 57 00 00 02
INFO - b0 c8 48 40 57 00 00 02
INFO - b4 92 88 40 57 00 00 02
INFO - b4 92 c8 40 57 00 00 02
INFO - b4 92 08 40 57 00 00 02
INFO - b4 92 48 40 57 00 00 02
INFO - b4 92 88 40 57 00 00 02
INFO - b5 8c 88 40 57 00 00 02
INFO - b5 8c c8 40 57 00 00 02
INFO - b5 8c 08 40 57 00 00 02
INFO - b5 8c 48 40 57 00 00 02
INFO - b6 59 08 40 57 00 00 02
INFO - b6 59 48 40 57 00 00 02
INFO - b6 59 88 40 57 00 00 02
INFO - b6 59 c8 40 57 00 00 02
INFO - bb e9 48 40 57 00 00 02
INFO - bb e9 88 40 57 00 00 02
INFO - bb e9 c8 40 57 00 00 02
INFO - bb e9 08 40 57 00 00 02
