INFO - 20 00 48 3c 00 0a 40 00
INFO - 20 08 88 3c 00 0b 72 00
INFO - 20 14 c8 3c 00 0a 9d 00
INFO - 20 15 08 3c 00 0a 68 00
INFO - 20 15 48 3c 00 0a 68 00
INFO - 20 1d 88 3c 00 0b 00 00
INFO - 20 1e c8 3c 00 0a 80 00
INFO - 20 1e 08 3c 00 0a 80 00
INFO - 20 1e 48 3c 00 0a 80 00
INFO - 20 20 88 3c 00 0a 66 00
INFO - 20 25 c8 3c 00 0b 2b 00
INFO - 20 28 08 3c 00 0a e2 00
INFO - 20 28 48 3c 00 0a e2 00
INFO - 20 2d 88 3c 00 0a b0 00
INFO - 20 2d c8 3c 00 0a b0 00
INFO - 20 32 08 3c 00 0a cb 00
INFO - 20 32 48 3c 00 0a cb 00
INFO - 20 32 88 3c 00 0a cb 00
INFO - 20 39 c8 3c 00 0a a9 00
INFO - 20 3b 08 3c 00 0a aa 00
INFO - 20 3b 48 3c 00 0a aa 00
INFO - 20 3f 88 3c 00 0a b3 00
INFO - 20 42 c8 3c 00 0a c2 00
INFO - 20 45 08 3c 00 0a e4 00
INFO - 20 45 48 3c 00 0a e4 00
INFO - 20 4c 88 3c 00 0a ea 00
INFO - 20 4c c8 3c 00 0a ea 00
INFO - 20 4c 08 3c 00 0a ea 00
INFO - 20 4f 48 3c 00 0a 78 00
INFO - 20 4f 88 3c 00 0a 78 00
INFO - 20 55 c8 3c 00 0a ca 00
INFO - 20 59 08 3c 00 0b 09 00
INFO - 20 5c 48 3c 00 0a a4 00
INFO - 20 5f 88 3c 00 0a c9 00
INFO - 20 60 c8 3c 00 0a 8f 00
INFO - 20 62 08 3c 00 0a 8d 00
INFO - 20 64 48 3c 00 0a b3 00
INFO - 20 66 88 3c 00 0a 98 00
INFO - 20 68 c8 3c 00 0a a9 00
INFO - 20 6a 08 3c 00 0a a7 00
INFO - 20 6c 48 3c 00 0a a4 00
INFO - 20 6e 88 3c 00 0a 9e 00
INFO - 20 70 c8 3c 00 0a 9c 00
INFO - 20 71 08 3c 00 0a 8f 00
INFO - 20 74 48 3c 00 0a cc 00
INFO - 20 77 88 3c 00 0a b4 00
INFO - 20 7a c8 3c 00 0a d7 00
INFO - 20 7d 08 3c 00 0a d8 00
INFO - 20 7f 48 3c 00 0a a7 00
INFO - 20 81 88 3c 00 0a a0 00
INFO - 20 83 c8 3c 00 0a c1 00
INFO - 20 85 08 3c 00 0a 91 00
INFO - 20 88 48 3c 00 0a d0 00
INFO - 20 8a 88 3c 00 0a 9f 00
INFO - 20 8d c8 3c 00 0a da 00
INFO - 20 8f 08 3c 00 0a ad 00
INFO - 20 92 48 3c 00 0a c2 00
INFO - 20 94 88 3c 00 0a c4 00
INFO - 20 97 c8 3c 00 0a c4 00
INFO - 20 9a 08 3c 00 0a d1 00
INFO - 20 9c 48 3c 00 0a a1 00
INFO - 20 9e 88 3c 00 0a a1 00
INFO - 20 a0 c8 3c 00 0a ae 00
INFO - 20 a2 08 3c 00 0a ba 00
INFO - 20 a7 48 3c 00 0b 10 00
INFO - 20 aa 88 3c 00 0a d4 00
INFO - 20 ac c8 3c 00 0a c8 00
INFO - 20 b0 08 3c 00 0a e1 00
INFO - 20 b2 48 3c 00 0a c6 00
INFO - 20 b6 88 3c 00 0a e4 00
INFO - 20 b7 c8 3c 00 0a a2 00
INFO - 20 ba 08 3c 00 0a b2 00
INFO - 20 bc 48 3c 00 0a be 00
INFO - 20 bf 88 3c 00 0a af 00
INFO - 20 c1 c8 3c 00 0a a7 00
INFO - 20 c3 08 3c 00 0a be 00
INFO - 20 c6 48 3c 00 0a e3 00
INFO - 20 c9 88 3c 00 0a bc 00
INFO - 20 cb c8 3c 00 0a b2 00
INFO - 20 ce 08 3c 00 0a c0 00
INFO - 20 d0 48 3c 00 0a bf 00
INFO - 20 d2 88 3c 00 0a 89 00
INFO - 20 d4 c8 3c 00 0a 9b 00
INFO - 20 d7 08 3c 00 0a e3 00
INFO - 20 d9 48 3c 00 0a a7 00
INFO - 20 dc 88 3c 00 0a a5 00
INFO - 20 de c8 3c 00 0a c1 00
INFO - 20 e1 08 3c 00 0a c0 00
INFO - 20 e3 48 3c 00 0a b1 00
INFO - 20 e6 88 3c 00 0a da 00
INFO - 20 e8 c8 3c 00 0a a8 00
INFO - 20 eb 08 3c 00 0a ce 00
INFO - 20 ee 48 3c 00 0a c0 00
INFO - 20 f0 88 3c 00 0a c1 00
INFO - 20 f3 c8 3c 00 0a cb 00
INFO - 20 f6 08 3c 00 0a e9 00
INFO - 20 f8 48 3c 00 0a 99 00
INFO - 20 fb 88 3c 00 0a ce 00
INFO - 20 fe c8 3c 00 0a c3 00
INFO - 21 00 08 3c 00 0a b4 00
INFO - 21 03 48 3c 00 0a db 00
INFO - 21 06 88 3c 00 0a c1 00
INFO - 21 09 c8 3c 00 0a e7 00
INFO - 21 0b 08 3c 00 0a b2 00
INFO - 21 0e 48 3c 00 0a b5 00
INFO - 21 11 88 3c 00 0a ce 00
INFO - 21 14 c8 3c 00 0a da 00
INFO - 21 15 08 3c 00 0a 9a 00
INFO - 21 18 48 3c 00 0a d8 00
INFO - 21 1b 88 3c 00 0a b5 00
INFO - 21 1d c8 3c 00 0a 98 00
INFO - 21 1f 08 3c 00 0a c2 00
INFO - 21 21 48 3c 00 0a a5 00
INFO - 21 24 88 3c 00 0a c1 00
INFO - 21 26 c8 3c 00 0a 99 00
INFO - 21 28 08 3c 00 0a c2 00
INFO - 21 2a 48 3c 00 0a a7 00
INFO - 21 2d 88 3c 00 0a ce 00
INFO - 21 2f c8 3c 00 0a a6 00
INFO - 21 31 08 3c 00 0a 99 00
INFO - 21 34 48 3c 00 0a e8 00
INFO - 21 37 88 3c 00 0a b4 00
INFO - 21 39 c8 3c 00 0a a5 00
INFO - 21 3c 08 3c 00 0a db 00
INFO - 21 3f 48 3c 00 0a dd 00
INFO - 21 42 88 3c 00 0a da 00
INFO - 21 46 c8 3c 00 0a f7 00
INFO - 21 4a 08 3c 00 0b 29 00
INFO - 21 4d 48 3c 00 0a c1 00
INFO - 21 50 88 3c 00 0a d0 00
INFO - 21 52 c8 3c 00 0a 8d 00
INFO - 21 54 08 3c 00 0a d1 00
INFO - 21 59 48 3c 00 0b 36 00
INFO - 21 5d 88 3c 00 0a e8 00
INFO - 21 5f c8 3c 00 0a aa 00
INFO - 21 61 08 3c 00 0a 81 00
INFO - 21 63 48 3c 00 0a 9d 00
INFO - 21 65 88 3c 00 0a 9a 00
INFO - 21 68 c8 3c 00 0a c4 00
INFO - 21 6a 08 3c 00 0a b5 00
INFO - 21 6d 48 3c 00 0a c0 00
INFO - 21 70 88 3c 00 0a dc 00
INFO - 21 73 c8 3c 00 0a c4 00
INFO - 21 75 08 3c 00 0a cd 00
INFO - 21 78 48 3c 00 0a d0 00
INFO - 21 7a 88 3c 00 0a 9b 00
INFO - 21 7d c8 3c 00 0a e8 00
INFO - 21 80 08 3c 00 0a b3 00
INFO - 21 83 48 3c 00 0a d1 00
INFO - 21 85 88 3c 00 0a b4 00
INFO - 21 87 c8 3c 00 0a b4 00
INFO - 21 8a 08 3c 00 0a da 00
INFO - 21 8d 48 3c 00 0a c3 00
INFO - 21 90 88 3c 00 0a be 00
INFO - 21 93 c8 3c 00 0a e9 00
INFO - 21 96 08 3c 00 0a c2 00
INFO - 21 98 48 3c 00 0a cd 00
INFO - 21 9b 88 3c 00 0a b2 00
INFO - 21 9d c8 3c 00 0a a8 00
INFO - 21 9f 08 3c 00 0a b1 00
INFO - 21 a1 48 3c 00 0a b6 00
INFO - 21 a4 88 3c 00 0a b1 00
INFO - 21 a7 c8 3c 00 0a d0 00
INFO - 21 a9 08 3c 00 0a b3 00
INFO - 21 ac 48 3c 00 0a cd 00
INFO - 21 af 88 3c 00 0a d8 00
INFO - 21 b2 c8 3c 00 0a d0 00
INFO - 21 b6 08 3c 00 0b 0e 00
INFO - 21 b8 48 3c 00 0a b4 00
INFO - 21 bb 88 3c 00 0a ce 00
INFO - 21 bd c8 3c 00 0a a5 00
INFO - 21 c0 08 3c 00 0a c3 00
INFO - 21 c2 48 3c 00 0a a7 00
INFO - 21 c5 88 3c 00 0a cc 00
INFO - 21 c8 c8 3c 00 0a db 00
INFO - 21 cb 08 3c 00 0a e8 00
INFO - 21 cd 48 3c 00 0a 9b 00
INFO - 21 d0 88 3c 00 0a de 00
INFO - 21 d3 c8 3c 00 0a c0 00
INFO - 21 d6 08 3c 00 0a d2 00
INFO - 21 d8 48 3c 00 0a bf 00
INFO - 21 db 88 3c 00 0a c5 00
INFO - 21 de c8 3c 00 0a dd 00
INFO - 21 e0 08 3c 00 0a b4 00
INFO - 21 e2 48 3c 00 0a a1 00
INFO - 21 e6 88 3c 00 0a f7 00
INFO - 21 e9 c8 3c 00 0a c6 00
INFO - 21 ec 08 3c 00 0a db 00
INFO - 21 ee 48 3c 00 0a b8 00
INFO - 21 f1 88 3c 00 0a b6 00
INFO - 21 f3 c8 3c 00 0a b3 00
INFO - 21 f6 08 3c 00 0a dd 00
INFO - 21 fa 48 3c 00 0b 13 00
INFO - 21 fd 88 3c 00 0a d3 00
INFO - 22 00 c8 3c 00 0a c0 00
INFO - 22 02 08 3c 00 0a ab 00
INFO - 22 05 48 3c 00 0a c3 00
INFO - 22 07 88 3c 00 0a b6 00
INFO - 22 0a c8 3c 00 0a c1 00
INFO - 22 0d 08 3c 00 0a ed 00
INFO - 22 10 48 3c 00 0a c1 00
INFO - 22 12 88 3c 00 0a 7c 00
INFO - 22 15 c8 3c 00 0a dc 00
INFO - 22 19 08 3c 00 0a ea 00
INFO - 22 1b 48 3c 00 0a b3 00
INFO - 22 1f 88 3c 00 0a eb 00
INFO - 22 21 c8 3c 00 0a a6 00
INFO - 22 23 08 3c 00 0a d1 00
INFO - 22 26 48 3c 00 0a a6 00
INFO - 22 28 88 3c 00 0a aa 00
INFO - 22 2b c8 3c 00 0a cf 00
INFO - 22 2d 08 3c 00 0a b3 00
INFO - 22 2f 48 3c 00 0a b8 00
INFO - 22 33 88 3c 00 0a e9 00
INFO - 22 34 c8 3c 00 0a 99 00
INFO - 22 37 08 3c 00 0a ab 00
INFO - 22 39 48 3c 00 0a b3 00
INFO - 22 3c 88 3c 00 0a c5 00
INFO - 22 3e c8 3c 00 0a c3 00
INFO - 22 40 08 3c 00 0a a6 00
INFO - 22 43 48 3c 00 0a c6 00
INFO - 22 46 88 3c 00 0a c1 00
INFO - 22 49 c8 3c 00 0a d3 00
INFO - 22 4b 08 3c 00 0a d1 00
INFO - 22 4f 48 3c 00 0a e9 00
INFO - 22 51 88 3c 00 0a b8 00
INFO - 22 54 c8 3c 00 0a ce 00
INFO - 22 57 08 3c 00 0a b9 00
INFO - 22 59 48 3c 00 0a c2 00
INFO - 22 5c 88 3c 00 0a b8 00
INFO - 22 5e c8 3c 00 0a c4 00
INFO - 22 61 08 3c 00 0a dd 00
INFO - 22 64 48 3c 00 0a c3 00
INFO - 22 67 88 3c 00 0a c1 00
INFO - 22 69 c8 3c 00 0a 9e 00
INFO - 22 6b 08 3c 00 0a cd 00
INFO - 22 6e 48 3c 00 0a c5 00
INFO - 22 70 88 3c 00 0a 9c 00
INFO - 22 73 c8 3c 00 0a d9 00
INFO - 22 76 08 3c 00 0a c4 00
INFO - 22 78 48 3c 00 0a c0 00
INFO - 22 7b 88 3c 00 0a c3 00
INFO - 22 7d c8 3c 00 0a a8 00
INFO - 22 80 08 3c 00 0a ce 00
INFO - 22 83 48 3c 00 0a ce 00
INFO - 22 87 88 3c 00 0b 00 00
INFO - 22 89 c8 3c 00 0a b4 00
INFO - 22 8b 08 3c 00 0a a5 00
INFO - 22 8d 48 3c 00 0a b4 00
INFO - 22 90 88 3c 00 0a b5 00
INFO - 22 93 c8 3c 00 0a da 00
INFO - 22 95 08 3c 00 0a c0 00
INFO - 22 99 48 3c 00 0b 0a 00
INFO - 22 9c 88 3c 00 0a b3 00
INFO - 22 9e c8 3c 00 0a a9 00
INFO - 22 a1 08 3c 00 0a f3 00
INFO - 22 a4 48 3c 00 0a 79 00
INFO - 22 a6 88 3c 00 0a c2 00
INFO - 22 a9 c8 3c 00 0a be 00
INFO - 22 ab 08 3c 00 0a c3 00
INFO - 22 ae 48 3c 00 0a b2 00
INFO - 22 af 88 3c 00 0a 99 00
INFO - 22 b5 c8 3c 00 0b 5f 00
INFO - 22 b7 08 3c 00 0a 9a 00
INFO - 22 b9 48 3c 00 0a b1 00
INFO - 22 bc 88 3c 00 0a b8 00
INFO - 22 be c8 3c 00 0a be 00
INFO - 22 c1 08 3c 00 0a b8 00
INFO - 22 c3 48 3c 00 0a c1 00
INFO - 22 c6 88 3c 00 0a cf 00
INFO - 22 c9 c8 3c 00 0a e5 00
INFO - 22 cc 08 3c 00 0a ac 00
INFO - 22 ce 48 3c 00 0a cb 00
INFO - 22 d1 88 3c 00 0a ad 00
INFO - 22 d4 c8 3c 00 0a f2 00
INFO - 22 d7 08 3c 00 0a ac 00
INFO - 22 da 48 3c 00 0a dd 00
INFO - 22 dc 88 3c 00 0a aa 00
INFO - 22 de c8 3c 00 0a a3 00
INFO - 22 e1 08 3c 00 0a d6 00
INFO - 22 e3 48 3c 00 0a a3 00
INFO - 22 e6 88 3c 00 0a d6 00
INFO - 22 e9 c8 3c 00 0a d9 00
INFO - 22 eb 08 3c 00 0a ae 00
INFO - 22 ee 48 3c 00 0a c3 00
INFO - 22 f0 88 3c 00 0a b8 00
INFO - 22 f2 c8 3c 00 0a 96 00
INFO - 22 f5 08 3c 00 0a ca 00
INFO - 22 f7 48 3c 00 0a be 00
INFO - 22 fb 88 3c 00 0b 0c 00
INFO - 22 fd c8 3c 00 0a a4 00
INFO - 23 00 08 3c 00 0a c5 00
INFO - 23 03 48 3c 00 0a d8 00
INFO - 23 05 88 3c 00 0a b6 00
INFO - 23 07 c8 3c 00 0a a5 00
INFO - 23 0b 08 3c 00 0a ed 00
INFO - 23 0d 48 3c 00 0a bd 00
INFO - 23 10 88 3c 00 0a cd 00
INFO - 23 13 c8 3c 00 0a d8 00
INFO - 23 17 08 3c 00 0a ed 00
INFO - 23 1a 48 3c 00 0a d1 00
INFO - 23 1d 88 3c 00 0a d5 00
INFO - 23 20 c8 3c 00 0a cd 00
INFO - 23 22 08 3c 00 0a bf 00
INFO - 23 25 48 3c 00 0a ca 00
INFO - 23 27 88 3c 00 0a b3 00
INFO - 23 2a c8 3c 00 0a bf 00
INFO - 23 2c 08 3c 00 0a a3 00
INFO - 23 2f 48 3c 00 0a f6 00
INFO - 23 32 88 3c 00 0a b2 00
INFO - 23 35 c8 3c 00 0a cd 00
INFO - 23 37 08 3c 00 0a b3 00
INFO - 23 39 48 3c 00 0a b8 00
INFO - 23 3b 88 3c 00 0a 8b 00
INFO - 23 3d c8 3c 00 0a b2 00
INFO - 23 40 08 3c 00 0a c6 00
INFO - 23 42 48 3c 00 0a b9 00
INFO - 23 44 88 3c 00 0a b3 00
INFO - 23 48 c8 3c 00 0a ee 00
INFO - 23 4c 08 3c 00 0a f7 00
INFO - 23 50 48 3c 00 0b 01 00
INFO - 23 52 88 3c 00 0a cd 00
INFO - 23 55 c8 3c 00 0a be 00
INFO - 23 58 08 3c 00 0a db 00
INFO - 23 5b 48 3c 00 0a cd 00
INFO - 23 60 88 3c 00 0b 32 00
INFO - 23 63 c8 3c 00 0a e5 00
INFO - 23 67 08 3c 00 0a ed 00
INFO - 23 69 48 3c 00 0a b6 00
INFO - 23 6c 88 3c 00 0a d2 00
INFO - 23 6e c8 3c 00 0a a4 00
INFO - 23 71 08 3c 00 0a e5 00
INFO - 23 73 48 3c 00 0a aa 00
INFO - 23 76 88 3c 00 0a b0 00
INFO - 23 78 c8 3c 00 0a a3 00
INFO - 23 7a 08 3c 00 0a a3 00
INFO - 23 7c 48 3c 00 0a 7f 00
INFO - 23 7e 88 3c 00 0a ae 00
INFO - 23 81 c8 3c 00 0a cc 00
INFO - 23 83 08 3c 00 0a 9b 00
INFO - 23 86 48 3c 00 0a d0 00
INFO - 23 88 88 3c 00 0a b8 00
INFO - 23 8b c8 3c 00 0a c8 00
INFO - 23 8e 08 3c 00 0a c9 00
INFO - 23 91 48 3c 00 0a ee 00
INFO - 23 93 88 3c 00 0a ab 00
INFO - 23 96 c8 3c 00 0a c4 00
INFO - 23 98 08 3c 00 0a a9 00
INFO - 23 9c 48 3c 00 0a f2 00
INFO - 23 9f 88 3c 00 0a ec 00
INFO - 23 a2 c8 3c 00 0a d9 00
INFO - 23 a4 08 3c 00 0a a3 00
INFO - 23 a7 48 3c 00 0a bd 00
INFO - 23 a9 88 3c 00 0a aa 00
INFO - 23 ab c8 3c 00 0a ae 00
INFO - 23 ae 08 3c 00 0a c0 00
INFO - 23 b0 48 3c 00 0a c5 00
INFO - 23 b4 88 3c 00 0a f3 00
INFO - 23 b6 c8 3c 00 0a be 00
INFO - 23 b9 08 3c 00 0a b9 00
INFO - 23 bb 48 3c 00 0a bc 00
INFO - 23 be 88 3c 00 0a b4 00
INFO - 23 c1 c8 3c 00 0a d3 00
INFO - 23 c3 08 3c 00 0a ab 00
INFO - 23 c6 48 3c 00 0a ec 00
INFO - 23 c9 88 3c 00 0a bb 00
INFO - 23 cc c8 3c 00 0a cd 00
INFO - 23 cf 08 3c 00 0a cb 00
INFO - 23 d2 48 3c 00 0a e8 00
INFO - 23 d6 88 3c 00 0a fc 00
INFO - 23 d8 c8 3c 00 0a be 00
INFO - 23 dc 08 3c 00 0a e5 00
INFO - 23 e0 48 3c 00 0a a7 00
INFO - 23 e2 88 3c 00 0a a5 00
INFO - 23 e4 c8 3c 00 0a bf 00
INFO - 23 e8 08 3c 00 0a e3 00
INFO - 23 eb 48 3c 00 0a d4 00
INFO - 23 ed 88 3c 00 0a b0 00
INFO - 23 f1 c8 3c 00 0a f6 00
INFO - 23 f2 08 3c 00 0a 98 00
INFO - 23 f5 48 3c 00 0a b2 00
INFO - 23 f7 88 3c 00 0a a6 00
INFO - 23 f9 c8 3c 00 0a b2 00
INFO - 23 fb 08 3c 00 0a bb 00
INFO - 23 fe 48 3c 00 0a b9 00
INFO - 24 00 88 3c 00 0a b8 00
INFO - 24 03 c8 3c 00 0a b2 00
INFO - 24 06 08 3c 00 0a f0 00
INFO - 24 08 48 3c 00 0a 99 00
INFO - 24 0b 88 3c 00 0a d3 00
INFO - 24 0d c8 3c 00 0a b2 00
INFO - 24 10 08 3c 00 0a cd 00
INFO - 24 13 48 3c 00 0a db 00
INFO - 24 16 88 3c 00 0a df 00
INFO - 24 1e c8 3c 00 0b ca 00
INFO - 24 21 08 3c 00 0a b2 00
INFO - 24 23 48 3c 00 0a b1 00
INFO - 24 27 88 3c 00 0a ff 00
INFO - 24 29 c8 3c 00 0a a4 00
INFO - 24 2c 08 3c 00 0a d3 00
INFO - 24 2e 48 3c 00 0a b7 00
INFO - 24 30 88 3c 00 0a a9 00
INFO - 24 33 c8 3c 00 0a be 00
INFO - 24 35 08 3c 00 0a 85 00
INFO - 24 38 48 3c 00 0a b3 00
INFO - 24 3a 88 3c 00 0a ae 00
INFO - 24 3d c8 3c 00 0a e2 00
INFO - 24 40 08 3c 00 0a d8 00
INFO - 24 43 48 3c 00 0a d7 00
INFO - 24 46 88 3c 00 0a af 00
INFO - 24 48 c8 3c 00 0a af 00
INFO - 24 49 08 3c 00 0a 80 00
INFO - 24 4c 48 3c 00 0a d7 00
INFO - 24 4e 88 3c 00 0a af 00
INFO - 24 51 c8 3c 00 0a ae 00
INFO - 24 54 08 3c 00 0a d6 00
INFO - 24 57 48 3c 00 0a f1 00
INFO - 24 59 88 3c 00 0a ad 00
INFO - 24 5d c8 3c 00 0a f2 00
INFO - 24 60 08 3c 00 0a c7 00
INFO - 24 62 48 3c 00 0a ad 00
INFO - 24 65 88 3c 00 0a ee 00
INFO - 24 68 c8 3c 00 0a c9 00
INFO - 24 6b 08 3c 00 0a d6 00
INFO - 24 6d 48 3c 00 0a b0 00
INFO - 24 70 88 3c 00 0a ca 00
INFO - 24 72 c8 3c 00 0a ad 00
INFO - 24 76 08 3c 00 0a f0 00
INFO - 24 78 48 3c 00 0a b3 00
INFO - 24 7b 88 3c 00 0a df 00
INFO - 24 7e c8 3c 00 0a a8 00
INFO - 24 80 08 3c 00 0a b6 00
INFO - 24 83 48 3c 00 0a c5 00
INFO - 24 86 88 3c 00 0a eb 00
INFO - 24 8a c8 3c 00 0a f7 00
INFO - 24 8c 08 3c 00 0a c4 00
INFO - 24 8f 48 3c 00 0a c9 00
INFO - 24 91 88 3c 00 0a ac 00
INFO - 24 94 c8 3c 00 0a be 00
INFO - 24 96 08 3c 00 0a be 00
INFO - 24 99 48 3c 00 0a b1 00
INFO - 24 9c 88 3c 00 0a e5 00
INFO - 24 9f c8 3c 00 0a e5 00
INFO - 24 a1 08 3c 00 0a 96 00
INFO - 24 a5 48 3c 00 0b 07 00
INFO - 24 a7 88 3c 00 0a aa 00
INFO - 24 aa c8 3c 00 0a d0 00
INFO - 24 ad 08 3c 00 0a e6 00
INFO - 24 b0 48 3c 00 0a bd 00
INFO - 24 b2 88 3c 00 0a b0 00
INFO - 24 b4 c8 3c 00 0a a4 00
INFO - 24 b7 08 3c 00 0a ca 00
INFO - 24 ba 48 3c 00 0a c5 00
INFO - 24 bc 88 3c 00 0a c4 00
INFO - 24 c0 c8 3c 00 0b 0c 00
INFO - 24 c3 08 3c 00 0a bd 00
INFO - 24 c6 48 3c 00 0a f3 00
INFO - 24 c9 88 3c 00 0a be 00
INFO - 24 cb c8 3c 00 0a bc 00
INFO - 24 cf 08 3c 00 0a f2 00
INFO - 24 d2 48 3c 00 0a d1 00
INFO - 24 d5 88 3c 00 0a e0 00
INFO - 24 d7 c8 3c 00 0a b0 00
INFO - 24 da 08 3c 00 0a d9 00
INFO - 24 de 48 3c 00 0a d8 00
INFO - 24 e0 88 3c 00 0a b8 00
INFO - 24 e2 c8 3c 00 0a bd 00
INFO - 24 e5 08 3c 00 0a d1 00
INFO - 24 e8 48 3c 00 0a 7c 00
INFO - 24 eb 88 3c 00 0a d3 00
INFO - 24 ed c8 3c 00 0a be 00
INFO - 24 f0 08 3c 00 0a c5 00
INFO - 24 f3 48 3c 00 0a e6 00
INFO - 24 f6 88 3c 00 0a cd 00
INFO - 24 f9 c8 3c 00 0a e4 00
INFO - 24 fc 08 3c 00 0a c0 00
INFO - 24 ff 48 3c 00 0a d7 00
INFO - 25 01 88 3c 00 0a b3 00
INFO - 25 03 c8 3c 00 0a a2 00
INFO - 25 06 08 3c 00 0a b7 00
INFO - 25 0a 48 3c 00 0b 07 00
INFO - 25 0c 88 3c 00 0a c5 00
INFO - 25 0f c8 3c 00 0a b8 00
INFO - 25 11 08 3c 00 0a b2 00
INFO - 25 13 48 3c 00 0a 94 00
INFO - 25 16 88 3c 00 0a db 00
INFO - 25 19 c8 3c 00 0a c8 00
INFO - 25 1b 08 3c 00 0a b3 00
INFO - 25 1d 48 3c 00 0a ba 00
INFO - 25 20 88 3c 00 0a b3 00
INFO - 25 22 c8 3c 00 0a ba 00
INFO - 25 25 08 3c 00 0a c3 00
INFO - 25 28 48 3c 00 0a de 00
INFO - 25 2c 88 3c 00 0a f5 00
INFO - 25 2f c8 3c 00 0a ee 00
INFO - 25 31 08 3c 00 0a 99 00
INFO - 25 33 48 3c 00 0a ac 00
INFO - 25 35 88 3c 00 0a b5 00
INFO - 25 38 c8 3c 00 0a c3 00
INFO - 25 3b 08 3c 00 0a db 00
INFO - 25 3d 48 3c 00 0a 9e 00
INFO - 25 3f 88 3c 00 0a 9d 00
INFO - 25 41 c8 3c 00 0a b3 00
INFO - 25 44 08 3c 00 0a b9 00
INFO - 25 46 48 3c 00 0a b3 00
INFO - 25 48 88 3c 00 0a b9 00
INFO - 25 4a c8 3c 00 0a 9c 00
INFO - 25 4c 08 3c 00 0a a7 00
INFO - 25 4f 48 3c 00 0a b9 00
INFO - 25 51 88 3c 00 0a b4 00
INFO - 25 53 c8 3c 00 0a 92 00
INFO - 25 55 08 3c 00 0a a9 00
INFO - 25 57 48 3c 00 0a a7 00
INFO - 25 5b 88 3c 00 0b 16 00
INFO - 25 5e c8 3c 00 0a c4 00
INFO - 25 60 08 3c 00 0a b6 00
INFO - 25 64 48 3c 00 0a ea 00
INFO - 25 66 88 3c 00 0a b7 00
INFO - 25 6b c8 3c 00 0b 23 00
INFO - 25 6e 08 3c 00 0a fa 00
INFO - 25 70 48 3c 00 0a 9d 00
INFO - 25 73 88 3c 00 0a dd 00
INFO - 25 76 c8 3c 00 0a ad 00
INFO - 25 79 08 3c 00 0a fa 00
INFO - 25 7d 48 3c 00 0a f8 00
INFO - 25 80 88 3c 00 0a c8 00
INFO - 25 82 c8 3c 00 0a aa 00
INFO - 25 84 08 3c 00 0a ab 00
INFO - 25 87 48 3c 00 0a de 00
INFO - 25 8a 88 3c 00 0a c5 00
INFO - 25 8d c8 3c 00 0a e3 00
INFO - 25 90 08 3c 00 0a c4 00
INFO - 25 92 48 3c 00 0a ba 00
INFO - 25 95 88 3c 00 0a e0 00
INFO - 25 98 c8 3c 00 0a c6 00
INFO - 25 9b 08 3c 00 0a d1 00
INFO - 25 9e 48 3c 00 0a e3 00
INFO - 25 a0 88 3c 00 0a 75 00
INFO - 25 a3 c8 3c 00 0a ad 00
INFO - 25 a6 08 3c 00 0a d4 00
INFO - 25 a9 48 3c 00 0a ef 00
INFO - 25 ab 88 3c 00 0a b7 00
INFO - 25 af c8 3c 00 0a ff 00
INFO - 25 b1 08 3c 00 0a aa 00
INFO - 25 b4 48 3c 00 0a d6 00
INFO - 25 b7 88 3c 00 0a b8 00
INFO - 25 ba c8 3c 00 0a f2 00
INFO - 25 bd 08 3c 00 0a b7 00
INFO - 25 c0 48 3c 00 0a e3 00
INFO - 25 c2 88 3c 00 0a ae 00
INFO - 25 c5 c8 3c 00 0a c7 00
INFO - 25 c8 08 3c 00 0a c9 00
INFO - 25 cb 48 3c 00 0a ef 00
INFO - 25 ce 88 3c 00 0a ca 00
INFO - 25 d1 c8 3c 00 0a c7 00
INFO - 25 d3 08 3c 00 0a a1 00
INFO - 25 d6 48 3c 00 0a e2 00
INFO - 25 d9 88 3c 00 0a cb 00
INFO - 25 dd c8 3c 00 0b 1b 00
INFO - 25 e0 08 3c 00 0a d5 00
INFO - 25 e2 48 3c 00 0a a1 00
INFO - 25 e6 88 3c 00 0a fe 00
INFO - 25 e8 c8 3c 00 0a b0 00
INFO - 25 eb 08 3c 00 0a ca 00
INFO - 25 ed 48 3c 00 0a a0 00
INFO - 25 f0 88 3c 00 0a d8 00
INFO - 25 f3 c8 3c 00 0a e4 00
INFO - 25 f7 08 3c 00 0a e6 00
INFO - 25 f9 48 3c 00 0a cd 00
INFO - 25 fd 88 3c 00 0a e4 00
INFO - 25 ff c8 3c 00 0a b0 00
INFO - 26 02 08 3c 00 0a e4 00
INFO - 26 05 48 3c 00 0a cd 00
INFO - 26 08 88 3c 00 0a d7 00
INFO - 26 0b c8 3c 00 0a bf 00
INFO - 26 0e 08 3c 00 0a c9 00
INFO - 26 10 48 3c 00 0a be 00
INFO - 26 13 88 3c 00 0a bc 00
INFO - 26 15 c8 3c 00 0a b1 00
INFO - 26 19 08 3c 00 0b 01 00
INFO - 26 1b 48 3c 00 0a a4 00
INFO - 26 1d 88 3c 00 0a ca 00
INFO - 26 20 c8 3c 00 0a b2 00
INFO - 26 23 08 3c 00 0a ca 00
INFO - 26 25 48 3c 00 0a bf 00
INFO - 26 29 88 3c 00 0a ee 00
INFO - 26 2b c8 3c 00 0a bf 00
INFO - 26 2e 08 3c 00 0a c9 00
INFO - 26 31 48 3c 00 0a cd 00
INFO - 26 33 88 3c 00 0a bd 00
INFO - 26 38 c8 3c 00 0b 11 00
INFO - 26 3a 08 3c 00 0a 85 00
INFO - 26 3d 48 3c 00 0a db 00
INFO - 26 40 88 3c 00 0a ad 00
INFO - 26 43 c8 3c 00 0a f8 00
INFO - 26 46 08 3c 00 0a cb 00
INFO - 26 49 48 3c 00 0a bc 00
INFO - 26 4c 88 3c 00 0a db 00
INFO - 26 4e c8 3c 00 0a bb 00
INFO - 26 52 08 3c 00 0a f7 00
INFO - 26 56 48 3c 00 0a f4 00
INFO - 26 59 88 3c 00 0a da 00
INFO - 26 5c c8 3c 00 0a ca 00
INFO - 26 5e 08 3c 00 0a ca 00
INFO - 26 61 48 3c 00 0a cd 00
INFO - 26 63 88 3c 00 0a 92 00
INFO - 26 67 c8 3c 00 0b 13 00
INFO - 26 69 08 3c 00 0a af 00
INFO - 26 6e 48 3c 00 0b 2e 00
INFO - 26 71 88 3c 00 0a db 00
INFO - 26 75 c8 3c 00 0b 04 00
INFO - 26 79 08 3c 00 0b 03 00
INFO - 26 7b 48 3c 00 0a b2 00
INFO - 26 7e 88 3c 00 0a da 00
INFO - 26 81 c8 3c 00 0a af 00
