INFO - 20 00 8a 3c 00 0a 40 00
INFO - 20 09 ca 3c 00 0b 9a 00
INFO - 20 16 0a 3c 00 0a a3 00
INFO - 20 16 4a 3c 00 0a a3 00
INFO - 20 1b 8a 3c 00 0a cf 00
INFO - 20 1b ca 3c 00 0a cf 00
INFO - 20 1b 0a 3c 00 0a cf 00
INFO - 20 21 4a 3c 00 0a 98 00
INFO - 20 21 8a 3c 00 0a 98 00
INFO - 20 21 ca 3c 00 0a 98 00
INFO - 20 28 0a 3c 00 0a b2 00
INFO - 20 2a 4a 3c 00 0a c9 00
INFO - 20 2c 8a 3c 00 0a 98 00
INFO - 20 2e ca 3c 00 0a 8a 00
INFO - 20 31 0a 3c 00 0a df 00
INFO - 20 32 4a 3c 00 0a 8d 00
INFO - 20 33 8a 3c 00 0a 60 00
INFO - 20 37 ca 3c 00 0b 0e 00
INFO - 20 3b 0a 3c 00 0a eb 00
INFO - 20 3d 4a 3c 00 0a af 00
INFO - 20 3f 8a 3c 00 0a 97 00
INFO - 20 41 ca 3c 00 0a b8 00
INFO - 20 42 0a 3c 00 0a 82 00
INFO - 20 42 4a 3c 00 0a 82 00
INFO - 20 42 8a 3c 00 0a 82 00
INFO - 20 42 ca 3c 00 0a 82 00
INFO - 20 4f 0a 3c 00 0a df 00
INFO - 20 4f 4a 3c 00 0a df 00
INFO - 20 53 8a 3c 00 0a 9f 00
INFO - 20 55 ca 3c 00 0a b8 00
INFO - 20 58 0a 3c 00 0a 86 00
INFO - 20 5c 4a 3c 00 0b 20 00
INFO - 20 5e 8a 3c 00 0a 8f 00
INFO - 20 5f ca 3c 00 0a 8d 00
INFO - 20 61 0a 3c 00 0a 9c 00
INFO - 20 63 4a 3c 00 0a a3 00
INFO - 20 65 8a 3c 00 0a a7 00
INFO - 20 67 ca 3c 00 0a 9b 00
INFO - 20 69 0a 3c 00 0a b0 00
INFO - 20 6b 4a 3c 00 0a a9 00
INFO - 20 6d 8a 3c 00 0a 9c 00
INFO - 20 6f ca 3c 00 0a 9a 00
INFO - 20 71 0a 3c 00 0a 91 00
INFO - 20 73 4a 3c 00 0a b5 00
INFO - 20 76 8a 3c 00 0a d6 00
INFO - 20 79 ca 3c 00 0a e1 00
INFO - 20 7c 0a 3c 00 0a d9 00
INFO - 20 7e 4a 3c 00 0a 8f 00
INFO - 20 81 8a 3c 00 0a c3 00
INFO - 20 82 ca 3c 00 0a 9e 00
INFO - 20 85 0a 3c 00 0a c1 00
INFO - 20 87 4a 3c 00 0a 9f 00
INFO - 20 8a 8a 3c 00 0a c0 00
INFO - 20 8c ca 3c 00 0a d1 00
INFO - 20 8e 0a 3c 00 0a 9f 00
INFO - 20 91 4a 3c 00 0a cf 00
INFO - 20 94 8a 3c 00 0a d0 00
INFO - 20 97 ca 3c 00 0a b8 00
INFO - 20 9a 0a 3c 00 0a d1 00
INFO - 20 9b 4a 3c 00 0a 95 00
INFO - 20 9d 8a 3c 00 0a ad 00
INFO - 20 9f ca 3c 00 0a a2 00
INFO - 20 a3 0a 3c 00 0b 03 00
INFO - 20 a7 4a 3c 00 0a f8 00
INFO - 20 a9 8a 3c 00 0a bc 00
INFO - 20 ad ca 3c 00 0a f7 00
INFO - 20 af 0a 3c 00 0a b2 00
INFO - 20 b2 4a 3c 00 0a c9 00
INFO - 20 b5 8a 3c 00 0a c9 00
INFO - 20 b7 ca 3c 00 0a bd 00
INFO - 20 ba 0a 3c 00 0a b1 00
INFO - 20 bc 4a 3c 00 0a ae 00
INFO - 20 bf 8a 3c 00 0a c0 00
INFO - 20 c1 ca 3c 00 0a 7e 00
INFO - 20 c4 0a 3c 00 0a c0 00
INFO - 20 c7 4a 3c 00 0a d5 00
INFO - 20 c9 8a 3c 00 0a c0 00
INFO - 20 cb ca 3c 00 0a b2 00
INFO - 20 ce 0a 3c 00 0a bf 00
INFO - 20 d2 4a 3c 00 0a d5 00
INFO - 20 d5 8a 3c 00 0a cc 00
INFO - 20 d7 ca 3c 00 0a b0 00
INFO - 20 da 0a 3c 00 0a b3 00
INFO - 20 dc 4a 3c 00 0a a7 00
INFO - 20 de 8a 3c 00 0a c0 00
INFO - 20 e1 ca 3c 00 0a bd 00
INFO - 20 e4 0a 3c 00 0a da 00
INFO - 20 e6 4a 3c 00 0a 9b 00
INFO - 20 e9 8a 3c 00 0a e8 00
INFO - 20 eb ca 3c 00 0a a5 00
INFO - 20 ee 0a 3c 00 0a c3 00
INFO - 20 f1 4a 3c 00 0a e5 00
INFO - 20 f4 8a 3c 00 0a b5 00
INFO - 20 f6 ca 3c 00 0a b3 00
INFO - 20 f8 0a 3c 00 0a b6 00
INFO - 20 fc 4a 3c 00 0b 01 00
INFO - 20 fe 8a 3c 00 0a a7 00
INFO - 21 01 ca 3c 00 0a 80 00
INFO - 21 04 0a 3c 00 0a cf 00
INFO - 21 07 4a 3c 00 0a d9 00
INFO - 21 0a 8a 3c 00 0a cd 00
INFO - 21 0c ca 3c 00 0a a7 00
INFO - 21 0f 0a 3c 00 0a da 00
INFO - 21 11 4a 3c 00 0a be 00
INFO - 21 14 8a 3c 00 0a c2 00
INFO - 21 16 ca 3c 00 0a b1 00
INFO - 21 19 0a 3c 00 0a db 00
INFO - 21 1b 4a 3c 00 0a 8b 00
INFO - 21 1d 8a 3c 00 0a a8 00
INFO - 21 1f ca 3c 00 0a b4 00
INFO - 21 22 0a 3c 00 0a b3 00
INFO - 21 24 4a 3c 00 0a b2 00
INFO - 21 26 8a 3c 00 0a b4 00
INFO - 21 29 ca 3c 00 0a b4 00
INFO - 21 2b 0a 3c 00 0a bf 00
INFO - 21 2d 4a 3c 00 0a a8 00
INFO - 21 2f 8a 3c 00 0a a7 00
INFO - 21 32 ca 3c 00 0a da 00
INFO - 21 35 0a 3c 00 0a cd 00
INFO - 21 37 4a 3c 00 0a a5 00
INFO - 21 3a 8a 3c 00 0a db 00
INFO - 21 3d ca 3c 00 0a d0 00
INFO - 21 41 0a 3c 00 0a ff 00
INFO - 21 45 4a 3c 00 0a ea 00
INFO - 21 49 8a 3c 00 0b 35 00
INFO - 21 4c ca 3c 00 0a b3 00
INFO - 21 4f 0a 3c 00 0a d0 00
INFO - 21 51 4a 3c 00 0a 99 00
INFO - 21 54 8a 3c 00 0a de 00
INFO - 21 58 ca 3c 00 0b 1d 00
INFO - 21 5b 0a 3c 00 0a cd 00
INFO - 21 5e 4a 3c 00 0a d1 00
INFO - 21 60 8a 3c 00 0a c0 00
INFO - 21 62 ca 3c 00 0a 90 00
INFO - 21 64 0a 3c 00 0a 99 00
INFO - 21 67 4a 3c 00 0a d1 00
INFO - 21 69 8a 3c 00 0a a7 00
INFO - 21 6c ca 3c 00 0a e9 00
INFO - 21 6f 0a 3c 00 0a c0 00
INFO - 21 72 4a 3c 00 0a de 00
INFO - 21 75 8a 3c 00 0a 80 00
INFO - 21 77 ca 3c 00 0a c3 00
INFO - 21 79 0a 3c 00 0a 9b 00
INFO - 21 7c 4a 3c 00 0a db 00
INFO - 21 7f 8a 3c 00 0a bf 00
INFO - 21 82 ca 3c 00 0a d0 00
INFO - 21 84 0a 3c 00 0a bf 00
INFO - 21 87 4a 3c 00 0a b5 00
INFO - 21 89 8a 3c 00 0a cc 00
INFO - 21 8c ca 3c 00 0a c3 00
INFO - 21 8f 0a 3c 00 0a e5 00
INFO - 21 92 4a 3c 00 0a c1 00
INFO - 21 95 8a 3c 00 0a dc 00
INFO - 21 98 ca 3c 00 0a bf 00
INFO - 21 9a 0a 3c 00 0a a8 00
INFO - 21 9c 4a 3c 00 0a b3 00
INFO - 21 9f 8a 3c 00 0a be 00
INFO - 21 a1 ca 3c 00 0a a9 00
INFO - 21 a4 0a 3c 00 0a cd 00
INFO - 21 a6 4a 3c 00 0a b3 00
INFO - 21 a9 8a 3c 00 0a cb 00
INFO - 21 ac ca 3c 00 0a cd 00
INFO - 21 af 0a 3c 00 0b 02 00
INFO - 21 b2 4a 3c 00 0a b2 00
INFO - 21 b5 8a 3c 00 0a e9 00
INFO - 21 b8 ca 3c 00 0a e5 00
INFO - 21 bb 0a 3c 00 0a a8 00
INFO - 21 bd 4a 3c 00 0a cb 00
INFO - 21 bf 8a 3c 00 0a 9c 00
INFO - 21 c1 ca 3c 00 0a 9a 00
INFO - 21 c5 0a 3c 00 0b 01 00
INFO - 21 c8 4a 3c 00 0a ce 00
INFO - 21 ca 8a 3c 00 0a bf 00
INFO - 21 cd ca 3c 00 0a aa 00
INFO - 21 cf 0a 3c 00 0a cf 00
INFO - 21 d3 4a 3c 00 0a e9 00
INFO - 21 d5 8a 3c 00 0a c2 00
INFO - 21 d9 ca 3c 00 0a dc 00
INFO - 21 db 0a 3c 00 0a b2 00
INFO - 21 de 4a 3c 00 0a dc 00
INFO - 21 e0 8a 3c 00 0a 93 00
INFO - 21 e3 ca 3c 00 0a d3 00
INFO - 21 e6 0a 3c 00 0a dd 00
INFO - 21 ea 4a 3c 00 0b 02 00
INFO - 21 ec 8a 3c 00 0a ab 00
INFO - 21 ef ca 3c 00 0a c3 00
INFO - 21 f1 0a 3c 00 0a a6 00
INFO - 21 f4 4a 3c 00 0a ea 00
INFO - 21 f8 8a 3c 00 0a eb 00
INFO - 21 fb ca 3c 00 0a df 00
INFO - 21 fd 0a 3c 00 0a c4 00
INFO - 21 ff 4a 3c 00 0a a6 00
INFO - 22 02 8a 3c 00 0a d2 00
INFO - 22 05 ca 3c 00 0a b4 00
INFO - 22 07 0a 3c 00 0a 7c 00
INFO - 22 0a 4a 3c 00 0a c3 00
INFO - 22 0d 8a 3c 00 0a ea 00
INFO - 22 10 ca 3c 00 0a c2 00
INFO - 22 12 0a 3c 00 0a c0 00
INFO - 22 16 4a 3c 00 0a df 00
INFO - 22 19 8a 3c 00 0a f6 00
INFO - 22 1c ca 3c 00 0a cf 00
INFO - 22 1e 0a 3c 00 0a a6 00
INFO - 22 21 4a 3c 00 0a d1 00
INFO - 22 23 8a 3c 00 0a a8 00
INFO - 22 25 ca 3c 00 0a a6 00
INFO - 22 28 0a 3c 00 0a c4 00
INFO - 22 2b 4a 3c 00 0a c0 00
INFO - 22 2d 8a 3c 00 0a c4 00
INFO - 22 30 ca 3c 00 0a c2 00
INFO - 22 32 0a 3c 00 0a b3 00
INFO - 22 34 4a 3c 00 0a ab 00
INFO - 22 37 8a 3c 00 0a c0 00
INFO - 22 3a ca 3c 00 0a c5 00
INFO - 22 3c 0a 3c 00 0a b6 00
INFO - 22 3f 4a 3c 00 0a c0 00
INFO - 22 41 8a 3c 00 0a ab 00
INFO - 22 43 ca 3c 00 0a c3 00
INFO - 22 46 0a 3c 00 0a d0 00
INFO - 22 49 4a 3c 00 0a de 00
INFO - 22 4d 8a 3c 00 0a e8 00
INFO - 22 4f ca 3c 00 0a ab 00
INFO - 22 53 0a 3c 00 0a f6 00
INFO - 22 55 4a 3c 00 0a ac 00
INFO - 22 58 8a 3c 00 0a cf 00
INFO - 22 5a ca 3c 00 0a ab 00
INFO - 22 5d 0a 3c 00 0a d1 00
INFO - 22 5f 4a 3c 00 0a c0 00
INFO - 22 62 8a 3c 00 0a d2 00
INFO - 22 65 ca 3c 00 0a cd 00
INFO - 22 67 0a 3c 00 0a 90 00
INFO - 22 6a 4a 3c 00 0a e7 00
INFO - 22 6d 8a 3c 00 0a c4 00
INFO - 22 6f ca 3c 00 0a a8 00
INFO - 22 71 0a 3c 00 0a b2 00
INFO - 22 74 4a 3c 00 0a c4 00
INFO - 22 77 8a 3c 00 0a cd 00
INFO - 22 79 ca 3c 00 0a 82 00
INFO - 22 7b 0a 3c 00 0a a8 00
INFO - 22 7d 4a 3c 00 0a a4 00
INFO - 22 81 8a 3c 00 0a f7 00
INFO - 22 84 ca 3c 00 0a da 00
INFO - 22 87 0a 3c 00 0a cd 00
INFO - 22 89 4a 3c 00 0a b1 00
INFO - 22 8b 8a 3c 00 0a a9 00
INFO - 22 8e ca 3c 00 0a c0 00
INFO - 22 91 0a 3c 00 0a da 00
INFO - 22 94 4a 3c 00 0a c0 00
INFO - 22 98 8a 3c 00 0b 23 00
INFO - 22 9a ca 3c 00 0a a6 00
INFO - 22 9c 0a 3c 00 0a a9 00
INFO - 22 a0 4a 3c 00 0a d9 00
INFO - 22 a1 8a 3c 00 0a 98 00
INFO - 22 a4 ca 3c 00 0a dc 00
INFO - 22 a7 0a 3c 00 0a cb 00
INFO - 22 aa 4a 3c 00 0a dd 00
INFO - 22 ac 8a 3c 00 0a 97 00
INFO - 22 af ca 3c 00 0a c3 00
INFO - 22 b4 0a 3c 00 0b 35 00
INFO - 22 b5 4a 3c 00 0a 9a 00
INFO - 22 b8 8a 3c 00 0a b1 00
INFO - 22 ba ca 3c 00 0a b7 00
INFO - 22 bc 0a 3c 00 0a b0 00
INFO - 22 c0 4a 3c 00 0a ec 00
INFO - 22 c2 8a 3c 00 0a a7 00
INFO - 22 c5 ca 3c 00 0a ce 00
INFO - 22 c8 0a 3c 00 0a d8 00
INFO - 22 ca 4a 3c 00 0a ab 00
INFO - 22 cd 8a 3c 00 0a e5 00
INFO - 22 d0 ca 3c 00 0a ad 00
INFO - 22 d3 0a 3c 00 0a d6 00
INFO - 22 d5 4a 3c 00 0a ac 00
INFO - 22 d8 8a 3c 00 0a be 00
INFO - 22 db ca 3c 00 0a c8 00
INFO - 22 de 0a 3c 00 0a d7 00
INFO - 22 e0 4a 3c 00 0a a1 00
INFO - 22 e3 8a 3c 00 0a d0 00
INFO - 22 e6 ca 3c 00 0a dd 00
INFO - 22 e8 0a 3c 00 0a b1 00
INFO - 22 ea 4a 3c 00 0a b6 00
INFO - 22 ed 8a 3c 00 0a c8 00
INFO - 22 ef ca 3c 00 0a 9d 00
INFO - 22 f1 0a 3c 00 0a a3 00
INFO - 22 f4 4a 3c 00 0a d7 00
INFO - 22 f7 8a 3c 00 0a c4 00
INFO - 22 fa ca 3c 00 0a ea 00
INFO - 22 fc 0a 3c 00 0a 97 00
INFO - 22 ff 4a 3c 00 0a df 00
INFO - 23 02 8a 3c 00 0a cb 00
INFO - 23 05 ca 3c 00 0a cb 00
INFO - 23 08 0a 3c 00 0a e4 00
INFO - 23 0a 4a 3c 00 0a b7 00
INFO - 23 0e 8a 3c 00 0a e0 00
INFO - 23 10 ca 3c 00 0a c5 00
INFO - 23 13 0a 3c 00 0a d9 00
INFO - 23 16 4a 3c 00 0a 8c 00
INFO - 23 19 8a 3c 00 0a cd 00
INFO - 23 1c ca 3c 00 0a d5 00
INFO - 23 1f 0a 3c 00 0a bc 00
INFO - 23 22 4a 3c 00 0a d4 00
INFO - 23 24 8a 3c 00 0a af 00
INFO - 23 26 ca 3c 00 0a b2 00
INFO - 23 29 0a 3c 00 0a cd 00
INFO - 23 2c 4a 3c 00 0a cc 00
INFO - 23 2f 8a 3c 00 0a d3 00
INFO - 23 31 ca 3c 00 0a b9 00
INFO - 23 34 0a 3c 00 0a ce 00
INFO - 23 36 4a 3c 00 0a b1 00
INFO - 23 38 8a 3c 00 0a 9a 00
INFO - 23 3a ca 3c 00 0a af 00
INFO - 23 3c 0a 3c 00 0a a5 00
INFO - 23 3f 4a 3c 00 0a cc 00
INFO - 23 41 8a 3c 00 0a ab 00
INFO - 23 44 ca 3c 00 0a b3 00
INFO - 23 48 0a 3c 00 0b 16 00
INFO - 23 4b 4a 3c 00 0a e8 00
INFO - 23 4f 8a 3c 00 0b 09 00
INFO - 23 52 ca 3c 00 0a c6 00
INFO - 23 55 0a 3c 00 0a b9 00
INFO - 23 58 4a 3c 00 0a ed 00
INFO - 23 5c 8a 3c 00 0a fb 00
INFO - 23 5f ca 3c 00 0a e5 00
INFO - 23 63 0a 3c 00 0a ed 00
INFO - 23 66 4a 3c 00 0a f3 00
INFO - 23 6a 8a 3c 00 0a f3 00
INFO - 23 6c ca 3c 00 0a a3 00
INFO - 23 6f 0a 3c 00 0a df 00
INFO - 23 71 4a 3c 00 0a 9c 00
INFO - 23 73 8a 3c 00 0a b0 00
INFO - 23 75 ca 3c 00 0a b0 00
INFO - 23 77 0a 3c 00 0a a3 00
INFO - 23 7a 4a 3c 00 0a af 00
INFO - 23 7c 8a 3c 00 0a bc 00
INFO - 23 7e ca 3c 00 0a b2 00
INFO - 23 81 0a 3c 00 0a b5 00
INFO - 23 83 4a 3c 00 0a bd 00
INFO - 23 86 8a 3c 00 0a ca 00
INFO - 23 88 ca 3c 00 0a af 00
INFO - 23 8c 0a 3c 00 0a e7 00
INFO - 23 8f 4a 3c 00 0a ea 00
INFO - 23 91 8a 3c 00 0a 68 00
INFO - 23 94 ca 3c 00 0a c8 00
INFO - 23 96 0a 3c 00 0a cb 00
INFO - 23 99 4a 3c 00 0a d7 00
INFO - 23 9c 8a 3c 00 0a d1 00
INFO - 23 a0 ca 3c 00 0a f5 00
INFO - 23 a2 0a 3c 00 0a a8 00
INFO - 23 a5 4a 3c 00 0a c4 00
INFO - 23 a7 8a 3c 00 0a aa 00
INFO - 23 a9 ca 3c 00 0a ae 00
INFO - 23 ac 0a 3c 00 0a cd 00
INFO - 23 af 4a 3c 00 0a c5 00
INFO - 23 b2 8a 3c 00 0a d1 00
INFO - 23 b5 ca 3c 00 0a df 00
INFO - 23 b7 0a 3c 00 0a b8 00
INFO - 23 ba 4a 3c 00 0a bc 00
INFO - 23 bc 8a 3c 00 0a c0 00
INFO - 23 bf ca 3c 00 0a d3 00
INFO - 23 c1 0a 3c 00 0a aa 00
INFO - 23 c4 4a 3c 00 0a bc 00
INFO - 23 c7 8a 3c 00 0a c1 00
INFO - 23 ca ca 3c 00 0a e7 00
INFO - 23 cd 0a 3c 00 0a be 00
INFO - 23 d0 4a 3c 00 0a e9 00
INFO - 23 d3 8a 3c 00 0a e6 00
INFO - 23 d6 ca 3c 00 0a d3 00
INFO - 23 da 0a 3c 00 0a e8 00
INFO - 23 de 4a 3c 00 0a ac 00
INFO - 23 e0 8a 3c 00 0a b1 00
INFO - 23 e2 ca 3c 00 0a a4 00
INFO - 23 e6 0a 3c 00 0a fd 00
INFO - 23 e8 4a 3c 00 0a 88 00
INFO - 23 eb 8a 3c 00 0a fb 00
INFO - 23 ef ca 3c 00 0a e9 00
INFO - 23 f1 0a 3c 00 0a a1 00
INFO - 23 f3 4a 3c 00 0a a5 00
INFO - 23 f5 8a 3c 00 0a 98 00
