INFO - 20 00 cd 3c 00 0a 40 00
INFO - 20 07 0d 3c 00 0b 59 00
INFO - 20 13 4d 3c 00 0a b4 00
INFO - 20 15 8d 3c 00 0a 9c 00
INFO - 20 19 cd 3c 00 0a fc 00
INFO - 20 19 0d 3c 00 0a fc 00
INFO - 20 19 4d 3c 00 0a fc 00
INFO - 20 22 8d 3c 00 0a dd 00
INFO - 20 23 cd 3c 00 0a 5a 00
INFO - 20 23 0d 3c 00 0a 5a 00
INFO - 20 27 4d 3c 00 0a a4 00
INFO - 20 27 8d 3c 00 0a a4 00
INFO - 20 2c cd 3c 00 0a b8 00
INFO - 20 2c 0d 3c 00 0a b8 00
INFO - 20 34 4d 3c 00 0b 07 00
INFO - 20 34 8d 3c 00 0b 07 00
INFO - 20 3a cd 3c 00 0a d8 00
INFO - 20 3a 0d 3c 00 0a d8 00
INFO - 20 3a 4d 3c 00 0a d8 00
INFO - 20 3f 8d 3c 00 0a 8b 00
INFO - 20 43 cd 3c 00 0b 13 00
INFO - 20 46 0d 3c 00 0a dc 00
INFO - 20 48 4d 3c 00 0a 83 00
INFO - 20 48 8d 3c 00 0a 83 00
INFO - 20 4b cd 3c 00 0a 9b 00
INFO - 20 53 0d 3c 00 0b ae 00
INFO - 20 58 4d 3c 00 0b 25 00
INFO - 20 58 8d 3c 00 0b 25 00
INFO - 20 5b cd 3c 00 0a 8f 00
INFO - 20 5f 0d 3c 00 0b 0f 00
INFO - 20 62 4d 3c 00 0a b5 00
INFO - 20 62 8d 3c 00 0a b5 00
INFO - 20 68 cd 3c 00 0a e2 00
INFO - 20 6b 0d 3c 00 0a c2 00
INFO - 20 6e 4d 3c 00 0a cf 00
INFO - 20 71 8d 3c 00 0a db 00
INFO - 20 73 cd 3c 00 0a a8 00
INFO - 20 76 0d 3c 00 0a c2 00
INFO - 20 78 4d 3c 00 0a b4 00
INFO - 20 7b 8d 3c 00 0a db 00
INFO - 20 7e cd 3c 00 0a cf 00
INFO - 20 82 0d 3c 00 0a e9 00
INFO - 20 84 4d 3c 00 0a b4 00
INFO - 20 86 8d 3c 00 0a b3 00
INFO - 20 89 cd 3c 00 0a c3 00
INFO - 20 8b 0d 3c 00 0a a8 00
INFO - 20 8e 4d 3c 00 0a db 00
INFO - 20 91 8d 3c 00 0a b4 00
INFO - 20 94 cd 3c 00 0a e9 00
INFO - 20 97 0d 3c 00 0a ce 00
INFO - 20 9a 4d 3c 00 0a f5 00
INFO - 20 9e 8d 3c 00 0b 02 00
INFO - 20 a1 cd 3c 00 0a 93 00
INFO - 20 b0 0d 3c 00 0a c3 00
INFO - 20 b2 4d 3c 00 0a b4 00
INFO - 20 b5 8d 3c 00 0a c1 00
INFO - 20 b8 cd 3c 00 0a cc 00
INFO - 20 b9 0d 3c 00 0a 98 00
INFO - 20 bb 4d 3c 00 0a a9 00
INFO - 20 be 8d 3c 00 0a cd 00
INFO - 20 c1 cd 3c 00 0a b4 00
INFO - 20 c2 0d 3c 00 0a 66 00
INFO - 20 c6 4d 3c 00 0a f0 00
INFO - 20 c8 8d 3c 00 0a a8 00
INFO - 20 cb cd 3c 00 0a e5 00
INFO - 20 ce 0d 3c 00 0a d8 00
INFO - 20 d2 4d 3c 00 0a f2 00
INFO - 20 d5 8d 3c 00 0a c8 00
INFO - 20 d7 cd 3c 00 0a be 00
INFO - 20 db 0d 3c 00 0a f1 00
INFO - 20 de 4d 3c 00 0a e4 00
INFO - 20 e0 8d 3c 00 0a 8e 00
INFO - 20 e2 cd 3c 00 0a c8 00
INFO - 20 e4 0d 3c 00 0a 9b 00
INFO - 20 e8 4d 3c 00 0a ee 00
INFO - 20 ea 8d 3c 00 0a b4 00
INFO - 20 ee cd 3c 00 0a f0 00
INFO - 20 f0 0d 3c 00 0a af 00
INFO - 20 f2 4d 3c 00 0a a5 00
INFO - 20 f4 8d 3c 00 0a b4 00
INFO - 20 f7 cd 3c 00 0a cb 00
INFO - 20 fa 0d 3c 00 0a c8 00
INFO - 20 fd 4d 3c 00 0a ce 00
INFO - 21 00 8d 3c 00 0a d5 00
INFO - 21 03 cd 3c 00 0a e4 00
INFO - 21 05 0d 3c 00 0a 99 00
INFO - 21 08 4d 3c 00 0a e7 00
INFO - 21 0b 8d 3c 00 0a be 00
INFO - 21 0d cd 3c 00 0a a3 00
INFO - 21 0f 0d 3c 00 0a a6 00
INFO - 21 11 4d 3c 00 0a b2 00
INFO - 21 13 8d 3c 00 0a b3 00
INFO - 21 15 cd 3c 00 0a a9 00
INFO - 21 19 0d 3c 00 0a e3 00
INFO - 21 1b 4d 3c 00 0a 7a 00
INFO - 21 1d 8d 3c 00 0a a6 00
INFO - 21 20 cd 3c 00 0a c0 00
INFO - 21 21 0d 3c 00 0a 9a 00
INFO - 21 23 4d 3c 00 0a a6 00
INFO - 21 26 8d 3c 00 0a b3 00
INFO - 21 28 cd 3c 00 0a b5 00
INFO - 21 2b 0d 3c 00 0a cb 00
INFO - 21 2e 4d 3c 00 0a c1 00
INFO - 21 30 8d 3c 00 0a c1 00
INFO - 21 32 cd 3c 00 0a a8 00
INFO - 21 35 0d 3c 00 0a ce 00
INFO - 21 39 4d 3c 00 0b 03 00
INFO - 21 3c 8d 3c 00 0a b5 00
INFO - 21 3e cd 3c 00 0a cf 00
INFO - 21 40 0d 3c 00 0a 9b 00
INFO - 21 44 4d 3c 00 0a f6 00
INFO - 21 47 8d 3c 00 0a e9 00
INFO - 21 4b cd 3c 00 0a eb 00
INFO - 21 4d 0d 3c 00 0a b6 00
INFO - 21 52 4d 3c 00 0b 1f 00
INFO - 21 55 8d 3c 00 0a dc 00
INFO - 21 5a cd 3c 00 0b 4a 00
INFO - 21 5c 0d 3c 00 0a 9d 00
INFO - 21 5e 4d 3c 00 0a b6 00
INFO - 21 62 8d 3c 00 0a dd 00
INFO - 21 64 cd 3c 00 0a c7 00
INFO - 21 68 0d 3c 00 0a e0 00
INFO - 21 6b 4d 3c 00 0a de 00
INFO - 21 6e 8d 3c 00 0a 84 00
INFO - 21 70 cd 3c 00 0a b8 00
INFO - 21 73 0d 3c 00 0a d3 00
INFO - 21 75 4d 3c 00 0a b7 00
INFO - 21 78 8d 3c 00 0a bb 00
INFO - 21 7b cd 3c 00 0a c7 00
INFO - 21 7d 0d 3c 00 0a b9 00
INFO - 21 80 4d 3c 00 0a f0 00
INFO - 21 83 8d 3c 00 0a ab 00
INFO - 21 86 cd 3c 00 0a e0 00
INFO - 21 8a 0d 3c 00 0a fe 00
INFO - 21 8c 4d 3c 00 0a 8f 00
INFO - 21 8f 8d 3c 00 0a e4 00
INFO - 21 90 cd 3c 00 0a 8e 00
INFO - 21 93 0d 3c 00 0a d4 00
INFO - 21 96 4d 3c 00 0a d4 00
INFO - 21 99 8d 3c 00 0a d5 00
INFO - 21 9c cd 3c 00 0a d3 00
INFO - 21 9f 0d 3c 00 0a c4 00
INFO - 21 a2 4d 3c 00 0a d3 00
INFO - 21 a4 8d 3c 00 0a 9a 00
INFO - 21 a8 cd 3c 00 0a df 00
INFO - 21 aa 0d 3c 00 0a c6 00
INFO - 21 ac 4d 3c 00 0a aa 00
INFO - 21 af 8d 3c 00 0a ac 00
INFO - 21 b1 cd 3c 00 0a b5 00
INFO - 21 b3 0d 3c 00 0a 9c 00
INFO - 21 b6 4d 3c 00 0a e1 00
INFO - 21 b8 8d 3c 00 0a a7 00
INFO - 21 bb cd 3c 00 0a e0 00
INFO - 21 bd 0d 3c 00 0a a8 00
INFO - 21 c1 4d 3c 00 0a de 00
INFO - 21 c2 8d 3c 00 0a 90 00
INFO - 21 c5 cd 3c 00 0a c1 00
INFO - 21 c7 0d 3c 00 0a c2 00
INFO - 21 cb 4d 3c 00 0a ea 00
INFO - 21 ce 8d 3c 00 0a d0 00
INFO - 21 d0 cd 3c 00 0a c2 00
INFO - 21 d3 0d 3c 00 0a c2 00
INFO - 21 d6 4d 3c 00 0a c2 00
INFO - 21 d7 8d 3c 00 0a 9a 00
INFO - 21 db cd 3c 00 0a f5 00
INFO - 21 de 0d 3c 00 0a db 00
INFO - 21 e1 4d 3c 00 0a b4 00
INFO - 21 e3 8d 3c 00 0a b5 00
INFO - 21 e6 cd 3c 00 0a ce 00
INFO - 21 e9 0d 3c 00 0a e8 00
INFO - 21 eb 4d 3c 00 0a a8 00
INFO - 21 ef 8d 3c 00 0a f4 00
INFO - 21 f3 cd 3c 00 0b 02 00
INFO - 21 f5 0d 3c 00 0a a7 00
INFO - 21 f8 4d 3c 00 0a cf 00
INFO - 21 fa 8d 3c 00 0a a7 00
INFO - 21 fc cd 3c 00 0a 9b 00
INFO - 21 fe 0d 3c 00 0a ce 00
INFO - 22 01 4d 3c 00 0a cf 00
INFO - 22 04 8d 3c 00 0a dc 00
INFO - 22 07 cd 3c 00 0a a7 00
INFO - 22 09 0d 3c 00 0a d0 00
INFO - 22 0c 4d 3c 00 0a cf 00
INFO - 22 0f 8d 3c 00 0a c2 00
INFO - 22 12 cd 3c 00 0a ec 00
INFO - 22 15 0d 3c 00 0a a8 00
INFO - 22 17 4d 3c 00 0a b6 00
INFO - 22 1a 8d 3c 00 0a d0 00
INFO - 22 1c cd 3c 00 0a c3 00
INFO - 22 1f 0d 3c 00 0a b2 00
INFO - 22 21 4d 3c 00 0a ac 00
INFO - 22 25 8d 3c 00 0a a2 00
INFO - 22 27 cd 3c 00 0a ac 00
INFO - 22 2b 0d 3c 00 0a ec 00
INFO - 22 2e 4d 3c 00 0a f6 00
INFO - 22 31 8d 3c 00 0a ba 00
INFO - 22 34 cd 3c 00 0a ec 00
INFO - 22 37 0d 3c 00 0a b8 00
INFO - 22 39 4d 3c 00 0a cf 00
INFO - 22 3c 8d 3c 00 0a ad 00
INFO - 22 3f cd 3c 00 0a df 00
INFO - 22 41 0d 3c 00 0a c4 00
INFO - 22 44 4d 3c 00 0a a8 00
INFO - 22 46 8d 3c 00 0a a0 00
INFO - 22 48 cd 3c 00 0a c5 00
INFO - 22 4c 0d 3c 00 0a f9 00
INFO - 22 4f 4d 3c 00 0a c5 00
INFO - 22 50 8d 3c 00 0a 9d 00
INFO - 22 53 cd 3c 00 0a a9 00
INFO - 22 55 0d 3c 00 0a c6 00
INFO - 22 57 4d 3c 00 0a 9b 00
INFO - 22 5a 8d 3c 00 0a e1 00
INFO - 22 5d cd 3c 00 0a b6 00
INFO - 22 60 0d 3c 00 0a d4 00
INFO - 22 64 4d 3c 00 0b 21 00
INFO - 22 67 8d 3c 00 0a b6 00
INFO - 22 69 cd 3c 00 0a aa 00
INFO - 22 6d 0d 3c 00 0b 13 00
INFO - 22 70 4d 3c 00 0a e0 00
INFO - 22 73 8d 3c 00 0a d1 00
INFO - 22 76 cd 3c 00 0a b9 00
INFO - 22 79 0d 3c 00 0a d0 00
INFO - 22 7c 4d 3c 00 0a ef 00
INFO - 22 7e 8d 3c 00 0a a7 00
INFO - 22 80 cd 3c 00 0a aa 00
INFO - 22 83 0d 3c 00 0a d2 00
INFO - 22 85 4d 3c 00 0a aa 00
INFO - 22 87 8d 3c 00 0a ad 00
INFO - 22 8a cd 3c 00 0a b4 00
INFO - 22 8c 0d 3c 00 0a b7 00
INFO - 22 8e 4d 3c 00 0a 75 00
INFO - 22 91 8d 3c 00 0a ad 00
INFO - 22 93 cd 3c 00 0a ce 00
INFO - 22 96 0d 3c 00 0a a9 00
INFO - 22 98 4d 3c 00 0a b9 00
INFO - 22 9a 8d 3c 00 0a 8f 00
INFO - 22 9c cd 3c 00 0a cf 00
INFO - 22 9f 0d 3c 00 0a d1 00
INFO - 22 a2 4d 3c 00 0a c7 00
INFO - 22 a4 8d 3c 00 0a a6 00
INFO - 22 a6 cd 3c 00 0a 9c 00
INFO - 22 b0 0d 3c 00 0b fe 00
INFO - 22 b3 4d 3c 00 0a df 00
INFO - 22 b6 8d 3c 00 0a d0 00
INFO - 22 b9 cd 3c 00 0a c3 00
INFO - 22 bc 0d 3c 00 0a c3 00
INFO - 22 be 4d 3c 00 0a cf 00
INFO - 22 c0 8d 3c 00 0a 9c 00
INFO - 22 c2 cd 3c 00 0a 9a 00
INFO - 22 c6 0d 3c 00 0a eb 00
INFO - 22 c7 4d 3c 00 0a 9b 00
INFO - 22 ca 8d 3c 00 0a b5 00
INFO - 22 cc cd 3c 00 0a b4 00
INFO - 22 cf 0d 3c 00 0a d1 00
INFO - 22 d2 4d 3c 00 0a cf 00
INFO - 22 d5 8d 3c 00 0a c1 00
INFO - 22 d7 cd 3c 00 0a c3 00
INFO - 22 da 0d 3c 00 0a cf 00
INFO - 22 dd 4d 3c 00 0a c2 00
INFO - 22 df 8d 3c 00 0a c1 00
INFO - 22 e2 cd 3c 00 0a d0 00
INFO - 22 e5 0d 3c 00 0a b8 00
INFO - 22 e7 4d 3c 00 0a c0 00
INFO - 22 ea 8d 3c 00 0a d0 00
INFO - 22 ed cd 3c 00 0a c1 00
INFO - 22 f0 0d 3c 00 0a db 00
INFO - 22 f3 4d 3c 00 0a c0 00
INFO - 22 f5 8d 3c 00 0a b6 00
INFO - 22 f8 cd 3c 00 0a cd 00
INFO - 22 fb 0d 3c 00 0a d0 00
INFO - 22 fe 4d 3c 00 0a 8d 00
INFO - 23 00 8d 3c 00 0a a8 00
INFO - 23 03 cd 3c 00 0a d9 00
INFO - 23 0b 0d 3c 00 0a db 00
INFO - 23 0e 4d 3c 00 0a e8 00
INFO - 23 11 8d 3c 00 0a dc 00
INFO - 23 13 cd 3c 00 0a a5 00
INFO - 23 17 0d 3c 00 0a da 00
INFO - 23 19 4d 3c 00 0a a8 00
INFO - 23 1b 8d 3c 00 0a c0 00
INFO - 23 1e cd 3c 00 0a b5 00
INFO - 23 21 0d 3c 00 0a e8 00
INFO - 23 23 4d 3c 00 0a b2 00
INFO - 23 26 8d 3c 00 0a b5 00
INFO - 23 28 cd 3c 00 0a cb 00
INFO - 23 2b 0d 3c 00 0a cf 00
INFO - 23 2e 4d 3c 00 0a b1 00
INFO - 23 30 8d 3c 00 0a b6 00
INFO - 23 32 cd 3c 00 0a 97 00
INFO - 23 35 0d 3c 00 0a e7 00
INFO - 23 37 4d 3c 00 0a a7 00
INFO - 23 39 8d 3c 00 0a b1 00
INFO - 23 3c cd 3c 00 0a cc 00
INFO - 23 3e 0d 3c 00 0a a8 00
INFO - 23 41 4d 3c 00 0a c9 00
INFO - 23 45 8d 3c 00 0b 02 00
INFO - 23 47 cd 3c 00 0a 72 00
INFO - 23 4b 0d 3c 00 0a f2 00
INFO - 23 4f 4d 3c 00 0a bc 00
INFO - 23 51 8d 3c 00 0a b1 00
INFO - 23 53 cd 3c 00 0a 8f 00
INFO - 23 56 0d 3c 00 0a e2 00
INFO - 23 59 4d 3c 00 0a d7 00
INFO - 23 5c 8d 3c 00 0a d9 00
INFO - 23 5f cd 3c 00 0a c9 00
INFO - 23 62 0d 3c 00 0a e4 00
INFO - 23 65 4d 3c 00 0a be 00
INFO - 23 68 8d 3c 00 0a e5 00
INFO - 23 6a cd 3c 00 0a af 00
INFO - 23 6c 0d 3c 00 0a b1 00
INFO - 23 6f 4d 3c 00 0a ca 00
INFO - 23 72 8d 3c 00 0a b1 00
INFO - 23 75 cd 3c 00 0a e3 00
INFO - 23 78 0d 3c 00 0a d7 00
INFO - 23 79 4d 3c 00 0a 8b 00
INFO - 23 7d 8d 3c 00 0a fa 00
INFO - 23 7f cd 3c 00 0a 97 00
INFO - 23 82 0d 3c 00 0a ca 00
INFO - 23 84 4d 3c 00 0a a3 00
INFO - 23 87 8d 3c 00 0a d5 00
INFO - 23 89 cd 3c 00 0a a4 00
INFO - 23 8a 0d 3c 00 0a 8c 00
INFO - 23 8d 4d 3c 00 0a ba 00
INFO - 23 8f 8d 3c 00 0a bc 00
INFO - 23 92 cd 3c 00 0a e0 00
INFO - 23 95 0d 3c 00 0a cb 00
INFO - 23 98 4d 3c 00 0a d3 00
INFO - 23 9a 8d 3c 00 0a af 00
INFO - 23 9c cd 3c 00 0a a4 00
INFO - 23 9f 0d 3c 00 0a d2 00
INFO - 23 a1 4d 3c 00 0a af 00
INFO - 23 a3 8d 3c 00 0a a2 00
INFO - 23 a6 cd 3c 00 0a bb 00
INFO - 23 a9 0d 3c 00 0a c6 00
INFO - 23 ab 4d 3c 00 0a bd 00
INFO - 23 ae 8d 3c 00 0a db 00
INFO - 23 b1 cd 3c 00 0a df 00
INFO - 23 b4 0d 3c 00 0a d2 00
INFO - 23 b7 4d 3c 00 0a af 00
INFO - 23 b9 8d 3c 00 0a ab 00
INFO - 23 ba cd 3c 00 0a 89 00
INFO - 23 bd 0d 3c 00 0a b8 00
INFO - 23 be 4d 3c 00 0a 88 00
INFO - 23 c0 8d 3c 00 0a ae 00
INFO - 23 c3 cd 3c 00 0a c2 00
INFO - 23 c5 0d 3c 00 0a ac 00
INFO - 23 c8 4d 3c 00 0a dc 00
INFO - 23 cb 8d 3c 00 0a d1 00
INFO - 23 cd cd 3c 00 0a a9 00
INFO - 23 d0 0d 3c 00 0a cf 00
INFO - 23 d3 4d 3c 00 0a b8 00
INFO - 23 d5 8d 3c 00 0a a9 00
INFO - 23 d7 cd 3c 00 0a ab 00
INFO - 23 da 0d 3c 00 0a d9 00
INFO - 23 dc 4d 3c 00 0a 9f 00
INFO - 23 de 8d 3c 00 0a aa 00
INFO - 23 e0 cd 3c 00 0a b7 00
INFO - 23 e3 0d 3c 00 0a ca 00
INFO - 23 e5 4d 3c 00 0a b5 00
INFO - 23 e8 8d 3c 00 0a c2 00
INFO - 23 ea cd 3c 00 0a a7 00
INFO - 23 ec 0d 3c 00 0a 9d 00
INFO - 23 ee 4d 3c 00 0a 9d 00
INFO - 23 f0 8d 3c 00 0a 69 00
INFO - 23 f2 cd 3c 00 0a b4 00
INFO - 23 f4 0d 3c 00 0a 9d 00
INFO - 23 f6 4d 3c 00 0a b6 00
INFO - 23 f8 8d 3c 00 0a 91 00
INFO - 23 fa cd 3c 00 0a 9b 00
INFO - 23 fc 0d 3c 00 0a b6 00
INFO - 23 fe 4d 3c 00 0a 91 00
INFO - 24 04 8d 3c 00 0b 6d 00
INFO - 24 06 cd 3c 00 0a b2 00
INFO - 24 08 0d 3c 00 0a ad 00
INFO - 24 0a 4d 3c 00 0a aa 00
INFO - 24 0c 8d 3c 00 0a 91 00
INFO - 24 0f cd 3c 00 0a e4 00
INFO - 24 13 0d 3c 00 0a ff 00
INFO - 24 16 4d 3c 00 0a d8 00
INFO - 24 18 8d 3c 00 0a 9e 00
INFO - 24 1a cd 3c 00 0a ac 00
INFO - 24 1d 0d 3c 00 0a c0 00
INFO - 24 1f 4d 3c 00 0a ac 00
INFO - 24 22 8d 3c 00 0a dc 00
INFO - 24 24 cd 3c 00 0a 9e 00
INFO - 24 27 0d 3c 00 0a c3 00
INFO - 24 28 4d 3c 00 0a 94 00
INFO - 24 2a 8d 3c 00 0a ac 00
INFO - 24 2d cd 3c 00 0a ac 00
INFO - 24 2f 0d 3c 00 0a ce 00
INFO - 24 34 4d 3c 00 0b 1a 00
INFO - 24 36 8d 3c 00 0a ab 00
INFO - 24 38 cd 3c 00 0a b9 00
INFO - 24 3c 0d 3c 00 0a f5 00
INFO - 24 3e 4d 3c 00 0a b8 00
INFO - 24 41 8d 3c 00 0a d2 00
INFO - 24 44 cd 3c 00 0a b9 00
INFO - 24 46 0d 3c 00 0a a1 00
INFO - 24 48 4d 3c 00 0a a1 00
INFO - 24 4a 8d 3c 00 0a b9 00
INFO - 24 4d cd 3c 00 0a d2 00
INFO - 24 4f 0d 3c 00 0a ae 00
INFO - 24 52 4d 3c 00 0a c7 00
INFO - 24 55 8d 3c 00 0a c7 00
INFO - 24 57 cd 3c 00 0a a2 00
INFO - 24 59 0d 3c 00 0a c7 00
INFO - 24 5c 4d 3c 00 0a ae 00
INFO - 24 5e 8d 3c 00 0a c9 00
INFO - 24 61 cd 3c 00 0a bc 00
INFO - 24 63 0d 3c 00 0a a1 00
INFO - 24 65 4d 3c 00 0a bd 00
INFO - 24 68 8d 3c 00 0a bc 00
INFO - 24 6b cd 3c 00 0a d6 00
INFO - 24 6e 0d 3c 00 0a d3 00
INFO - 24 6f 4d 3c 00 0a 8e 00
INFO - 24 72 8d 3c 00 0a d5 00
INFO - 24 75 cd 3c 00 0a be 00
INFO - 24 77 0d 3c 00 0a af 00
INFO - 24 7a 4d 3c 00 0a c0 00
INFO - 24 7c 8d 3c 00 0a a5 00
INFO - 24 7e cd 3c 00 0a be 00
INFO - 24 81 0d 3c 00 0a cb 00
INFO - 24 84 4d 3c 00 0a e4 00
INFO - 24 86 8d 3c 00 0a a5 00
INFO - 24 89 cd 3c 00 0a bd 00
INFO - 24 8c 0d 3c 00 0a da 00
INFO - 24 8e 4d 3c 00 0a a6 00
INFO - 24 92 8d 3c 00 0a f0 00
INFO - 24 94 cd 3c 00 0a a9 00
INFO - 24 96 0d 3c 00 0a a6 00
INFO - 24 99 4d 3c 00 0a f5 00
INFO - 24 9c 8d 3c 00 0a b3 00
INFO - 24 9f cd 3c 00 0a e5 00
INFO - 24 a2 0d 3c 00 0a d1 00
INFO - 24 a4 4d 3c 00 0a 9a 00
INFO - 24 a8 8d 3c 00 0b 03 00
INFO - 24 aa cd 3c 00 0a b3 00
INFO - 24 ac 0d 3c 00 0a b5 00
INFO - 24 ae 4d 3c 00 0a a7 00
INFO - 24 b0 8d 3c 00 0a 8e 00
INFO - 24 b3 cd 3c 00 0a bf 00
INFO - 24 b4 0d 3c 00 0a 9f 00
INFO - 24 b7 4d 3c 00 0a c1 00
INFO - 24 b9 8d 3c 00 0a a8 00
INFO - 24 bb cd 3c 00 0a 6e 00
INFO - 24 bd 0d 3c 00 0a b5 00
INFO - 24 c0 4d 3c 00 0a b5 00
INFO - 24 c2 8d 3c 00 0a b6 00
INFO - 24 c5 cd 3c 00 0a be 00
INFO - 24 c7 0d 3c 00 0a c5 00
INFO - 24 c9 4d 3c 00 0a a8 00
INFO - 24 cc 8d 3c 00 0a c3 00
INFO - 24 cf cd 3c 00 0a de 00
INFO - 24 d2 0d 3c 00 0a db 00
INFO - 24 d6 4d 3c 00 0a ea 00
INFO - 24 d9 8d 3c 00 0a dd 00
INFO - 24 dd cd 3c 00 0b 10 00
INFO - 24 e0 0d 3c 00 0a dc 00
INFO - 24 e2 4d 3c 00 0a b2 00
INFO - 24 e6 8d 3c 00 0a ec 00
INFO - 24 e9 cd 3c 00 0a c2 00
INFO - 24 eb 0d 3c 00 0a c2 00
INFO - 24 ed 4d 3c 00 0a b4 00
INFO - 24 f1 8d 3c 00 0a ea 00
INFO - 24 f3 cd 3c 00 0a a7 00
INFO - 24 f7 0d 3c 00 0a f2 00
INFO - 24 f9 4d 3c 00 0a ab 00
INFO - 24 fc 8d 3c 00 0a e8 00
INFO - 24 fe cd 3c 00 0a a8 00
INFO - 25 00 0d 3c 00 0a a7 00
INFO - 25 03 4d 3c 00 0a cb 00
INFO - 25 06 8d 3c 00 0a c3 00
INFO - 25 0b cd 3c 00 0b 03 00
INFO - 25 0e 0d 3c 00 0a de 00
INFO - 25 10 4d 3c 00 0a a7 00
INFO - 25 12 8d 3c 00 0a a4 00
INFO - 25 15 cd 3c 00 0a c4 00
INFO - 25 17 0d 3c 00 0a b4 00
INFO - 25 1a 4d 3c 00 0a c2 00
INFO - 25 1c 8d 3c 00 0a b3 00
INFO - 25 1e cd 3c 00 0a a4 00
INFO - 25 21 0d 3c 00 0a dd 00
INFO - 25 23 4d 3c 00 0a a8 00
INFO - 25 26 8d 3c 00 0a bf 00
INFO - 25 28 cd 3c 00 0a bd 00
INFO - 25 2a 0d 3c 00 0a 9c 00
INFO - 25 2c 4d 3c 00 0a a6 00
INFO - 25 30 8d 3c 00 0a e7 00
INFO - 25 31 cd 3c 00 0a 8e 00
INFO - 25 34 0d 3c 00 0a cb 00
INFO - 25 36 4d 3c 00 0a 99 00
INFO - 25 39 8d 3c 00 0a e6 00
INFO - 25 3b cd 3c 00 0a 8d 00
INFO - 25 3e 0d 3c 00 0a d9 00
INFO - 25 40 4d 3c 00 0a b3 00
INFO - 25 42 8d 3c 00 0a a6 00
INFO - 25 45 cd 3c 00 0a cd 00
INFO - 25 47 0d 3c 00 0a a3 00
INFO - 25 49 4d 3c 00 0a 9c 00
INFO - 25 4b 8d 3c 00 0a a7 00
INFO - 25 4d cd 3c 00 0a c1 00
INFO - 25 50 0d 3c 00 0a 85 00
INFO - 25 57 4d 3c 00 0b 9d 00
INFO - 25 5a 8d 3c 00 0a da 00
INFO - 25 5e cd 3c 00 0a f5 00
INFO - 25 60 0d 3c 00 0a c0 00
INFO - 25 63 4d 3c 00 0a ce 00
INFO - 25 65 8d 3c 00 0a a7 00
INFO - 25 68 cd 3c 00 0a db 00
INFO - 25 6b 0d 3c 00 0a b4 00
INFO - 25 70 4d 3c 00 0b 4f 00
INFO - 25 73 8d 3c 00 0a b4 00
INFO - 25 74 cd 3c 00 0a 9b 00
INFO - 25 77 0d 3c 00 0a cb 00
INFO - 25 79 4d 3c 00 0a ab 00
INFO - 25 7c 8d 3c 00 0a cf 00
INFO - 25 7f cd 3c 00 0a dd 00
INFO - 25 82 0d 3c 00 0a b0 00
INFO - 25 83 4d 3c 00 0a 9e 00
INFO - 25 86 8d 3c 00 0a b5 00
INFO - 25 88 cd 3c 00 0a a5 00
INFO - 25 8a 0d 3c 00 0a ab 00
INFO - 25 8c 4d 3c 00 0a a8 00
INFO - 25 90 8d 3c 00 0b 12 00
INFO - 25 93 cd 3c 00 0a b5 00
INFO - 25 95 0d 3c 00 0a b3 00
INFO - 25 98 4d 3c 00 0a c6 00
INFO - 25 9b 8d 3c 00 0a dd 00
INFO - 25 9e cd 3c 00 0a eb 00
INFO - 25 a2 0d 3c 00 0a eb 00
INFO - 25 a4 4d 3c 00 0a a6 00
INFO - 25 a7 8d 3c 00 0a c2 00
INFO - 25 ab cd 3c 00 0a fd 00
INFO - 25 ad 0d 3c 00 0a d1 00
INFO - 25 b1 4d 3c 00 0a e9 00
INFO - 25 b3 8d 3c 00 0a ad 00
INFO - 25 b6 cd 3c 00 0a b8 00
INFO - 25 b8 0d 3c 00 0a b6 00
INFO - 25 bb 4d 3c 00 0a d5 00
INFO - 25 bd 8d 3c 00 0a ab 00
INFO - 25 bf cd 3c 00 0a b8 00
INFO - 25 c1 0d 3c 00 0a 9b 00
INFO - 25 c4 4d 3c 00 0a bb 00
INFO - 25 c6 8d 3c 00 0a b8 00
INFO - 25 c8 cd 3c 00 0a ac 00
INFO - 25 cb 0d 3c 00 0a d2 00
INFO - 25 cd 4d 3c 00 0a 9b 00
INFO - 25 d0 8d 3c 00 0a c8 00
INFO - 25 d3 cd 3c 00 0a d4 00
INFO - 25 d6 0d 3c 00 0a d2 00
INFO - 25 d9 4d 3c 00 0a c7 00
INFO - 25 dc 8d 3c 00 0a df 00
INFO - 25 de cd 3c 00 0a bc 00
INFO - 25 e1 0d 3c 00 0a c7 00
INFO - 25 e3 4d 3c 00 0a 9e 00
INFO - 25 e6 8d 3c 00 0a c4 00
INFO - 25 e8 cd 3c 00 0a bc 00
INFO - 25 eb 0d 3c 00 0a e2 00
INFO - 25 ed 4d 3c 00 0a ac 00
INFO - 25 f1 8d 3c 00 0a fd 00
INFO - 25 f4 cd 3c 00 0a d5 00
INFO - 25 f6 0d 3c 00 0a ac 00
INFO - 25 f9 4d 3c 00 0a aa 00
INFO - 25 fb 8d 3c 00 0a bc 00
INFO - 25 fe cd 3c 00 0a d5 00
INFO - 26 01 0d 3c 00 0a c5 00
INFO - 26 03 4d 3c 00 0a bd 00
INFO - 26 06 8d 3c 00 0a bb 00
INFO - 26 09 cd 3c 00 0a c8 00
INFO - 26 0d 0d 3c 00 0b 19 00
INFO - 26 10 4d 3c 00 0a c8 00
INFO - 26 13 8d 3c 00 0a f1 00
INFO - 26 16 cd 3c 00 0a d6 00
INFO - 26 1a 0d 3c 00 0a e1 00
INFO - 26 1d 4d 3c 00 0a e7 00
INFO - 26 1f 8d 3c 00 0a bc 00
INFO - 26 23 cd 3c 00 0a f2 00
INFO - 26 26 0d 3c 00 0a d5 00
INFO - 26 29 4d 3c 00 0a cc 00
INFO - 26 2c 8d 3c 00 0a d5 00
INFO - 26 2e cd 3c 00 0a bf 00
INFO - 26 31 0d 3c 00 0a bc 00
INFO - 26 34 4d 3c 00 0a e4 00
INFO - 26 36 8d 3c 00 0a b2 00
INFO - 26 39 cd 3c 00 0a bc 00
INFO - 26 3c 0d 3c 00 0a 86 00
INFO - 26 3f 4d 3c 00 0a d9 00
INFO - 26 41 8d 3c 00 0a bd 00
INFO - 26 45 cd 3c 00 0a f5 00
INFO - 26 4a 0d 3c 00 0b 1b 00
INFO - 26 4d 4d 3c 00 0a cf 00
INFO - 26 50 8d 3c 00 0a be 00
INFO - 26 53 cd 3c 00 0a cc 00
INFO - 26 56 0d 3c 00 0a d6 00
INFO - 26 58 4d 3c 00 0a 79 00
INFO - 26 5a 8d 3c 00 0a b1 00
INFO - 26 5d cd 3c 00 0a c9 00
INFO - 26 61 0d 3c 00 0b 03 00
INFO - 26 64 4d 3c 00 0a e8 00
INFO - 26 67 8d 3c 00 0a bd 00
INFO - 26 6a cd 3c 00 0a cf 00
INFO - 26 6c 0d 3c 00 0a ad 00
INFO - 26 6f 4d 3c 00 0a ea 00
INFO - 26 72 8d 3c 00 0a d6 00
INFO - 26 74 cd 3c 00 0a a5 00
INFO - 26 78 0d 3c 00 0a e3 00
INFO - 26 7b 4d 3c 00 0a dc 00
INFO - 26 7e 8d 3c 00 0a d5 00
INFO - 26 81 cd 3c 00 0a f3 00
INFO - 26 84 0d 3c 00 0a be 00
INFO - 26 87 4d 3c 00 0a c8 00
INFO - 26 89 8d 3c 00 0a c9 00
INFO - 26 8b cd 3c 00 0a a2 00
INFO - 26 8e 0d 3c 00 0a ca 00
INFO - 26 90 4d 3c 00 0a ae 00
INFO - 26 93 8d 3c 00 0a c8 00
INFO - 26 96 cd 3c 00 0a d8 00
INFO - 26 99 0d 3c 00 0a e4 00
INFO - 26 9b 4d 3c 00 0a a0 00
INFO - 26 9e 8d 3c 00 0a ac 00
INFO - 26 a0 cd 3c 00 0a c6 00
INFO - 26 a3 0d 3c 00 0a af 00
INFO - 26 a5 4d 3c 00 0a ae 00
INFO - 26 a7 8d 3c 00 0a ba 00
INFO - 26 aa cd 3c 00 0a c4 00
INFO - 26 ac 0d 3c 00 0a be 00
INFO - 26 af 4d 3c 00 0a ad 00
INFO - 26 b4 8d 3c 00 0b 5c 00
INFO - 26 b8 cd 3c 00 0a e1 00
INFO - 26 bb 0d 3c 00 0a d4 00
INFO - 26 bd 4d 3c 00 0a ad 00
INFO - 26 c4 8d 3c 00 0b aa 00
INFO - 26 c6 cd 3c 00 0a ac 00
INFO - 26 c8 0d 3c 00 0a a8 00
INFO - 26 ca 4d 3c 00 0a a0 00
INFO - 26 cc 8d 3c 00 0a ac 00
INFO - 26 cf cd 3c 00 0a 83 00
INFO - 26 d1 0d 3c 00 0a 99 00
INFO - 26 d4 4d 3c 00 0a d7 00
INFO - 26 d7 8d 3c 00 0a c1 00
INFO - 26 d9 cd 3c 00 0a c4 00
INFO - 26 dd 0d 3c 00 0a e0 00
INFO - 26 df 4d 3c 00 0a b6 00
INFO - 26 e2 8d 3c 00 0a e2 00
INFO - 26 e5 cd 3c 00 0a c1 00
INFO - 26 e8 0d 3c 00 0a d2 00
INFO - 26 eb 4d 3c 00 0a f8 00
INFO - 26 ef 8d 3c 00 0a f8 00
INFO - 26 f3 cd 3c 00 0a f9 00
INFO - 26 f6 0d 3c 00 0a df 00
INFO - 26 f9 4d 3c 00 0a c3 00
INFO - 26 fb 8d 3c 00 0a 9d 00
INFO - 26 fe cd 3c 00 0a f7 00
INFO - 27 01 0d 3c 00 0a b3 00
INFO - 27 03 4d 3c 00 0a b5 00
INFO - 27 05 8d 3c 00 0a b3 00
INFO - 27 07 cd 3c 00 0a a0 00
INFO - 27 0a 0d 3c 00 0a a9 00
INFO - 27 0c 4d 3c 00 0a ce 00
INFO - 27 0f 8d 3c 00 0a c7 00
INFO - 27 12 cd 3c 00 0a c4 00
INFO - 27 15 0d 3c 00 0a d1 00
INFO - 27 17 4d 3c 00 0a b3 00
INFO - 27 1a 8d 3c 00 0a c9 00
INFO - 27 1c cd 3c 00 0a bf 00
INFO - 27 20 0d 3c 00 0a fc 00
INFO - 27 24 4d 3c 00 0a eb 00
INFO - 27 26 8d 3c 00 0a b3 00
INFO - 27 28 cd 3c 00 0a ad 00
INFO - 27 2a 0d 3c 00 0a a6 00
INFO - 27 2d 4d 3c 00 0a e3 00
INFO - 27 31 8d 3c 00 0a e7 00
INFO - 27 34 cd 3c 00 0a d4 00
INFO - 27 36 0d 3c 00 0a b3 00
INFO - 27 38 4d 3c 00 0a 8f 00
INFO - 27 3b 8d 3c 00 0a 9c 00
INFO - 27 3f cd 3c 00 0a de 00
INFO - 27 42 0d 3c 00 0a de 00
INFO - 27 44 4d 3c 00 0a aa 00
INFO - 27 47 8d 3c 00 0a d0 00
INFO - 27 49 cd 3c 00 0a b6 00
INFO - 27 4b 0d 3c 00 0a 9c 00
INFO - 27 4e 4d 3c 00 0a c4 00
INFO - 27 51 8d 3c 00 0a d0 00
INFO - 27 54 cd 3c 00 0a de 00
INFO - 27 56 0d 3c 00 0a c3 00
INFO - 27 59 4d 3c 00 0a c3 00
INFO - 27 5c 8d 3c 00 0a d1 00
INFO - 27 5f cd 3c 00 0a dd 00
INFO - 27 62 0d 3c 00 0a b3 00
INFO - 27 65 4d 3c 00 0a ed 00
INFO - 27 67 8d 3c 00 0a b3 00
INFO - 27 6a cd 3c 00 0a b6 00
INFO - 27 6c 0d 3c 00 0a b9 00
INFO - 27 6f 4d 3c 00 0a d1 00
INFO - 27 72 8d 3c 00 0a cd 00
INFO - 27 75 cd 3c 00 0a ea 00
INFO - 27 79 0d 3c 00 0a eb 00
INFO - 27 7b 4d 3c 00 0a 9b 00
INFO - 27 7e 8d 3c 00 0a e9 00
INFO - 27 81 cd 3c 00 0a ea 00
INFO - 27 84 0d 3c 00 0a b6 00
INFO - 27 86 4d 3c 00 0a b9 00
INFO - 27 89 8d 3c 00 0a da 00
INFO - 27 8b cd 3c 00 0a a9 00
INFO - 27 8e 0d 3c 00 0a c2 00
INFO - 27 91 4d 3c 00 0a c3 00
INFO - 27 93 8d 3c 00 0a b5 00
INFO - 27 95 cd 3c 00 0a 97 00
INFO - 27 98 0d 3c 00 0a c6 00
INFO - 27 9a 4d 3c 00 0a cf 00
INFO - 27 9d 8d 3c 00 0a b7 00
INFO - 27 9f cd 3c 00 0a c1 00
INFO - 27 a1 0d 3c 00 0a 9b 00
INFO - 27 a5 4d 3c 00 0a f7 00
INFO - 27 a8 8d 3c 00 0a de 00
INFO - 27 aa cd 3c 00 0a b3 00
INFO - 27 ac 0d 3c 00 0a 9c 00
INFO - 27 af 4d 3c 00 0a cf 00
INFO - 27 b2 8d 3c 00 0a dd 00
INFO - 27 b5 cd 3c 00 0a a3 00
INFO - 27 b8 0d 3c 00 0a c0 00
INFO - 27 ba 4d 3c 00 0a a9 00
INFO - 27 bd 8d 3c 00 0a cf 00
INFO - 27 c0 cd 3c 00 0a e9 00
INFO - 27 c2 0d 3c 00 0a b4 00
INFO - 27 c5 4d 3c 00 0a c3 00
INFO - 27 c8 8d 3c 00 0a cc 00
INFO - 27 cb cd 3c 00 0a d2 00
INFO - 27 ce 0d 3c 00 0a cf 00
INFO - 27 cf 4d 3c 00 0a 8e 00
INFO - 27 d2 8d 3c 00 0a b6 00
INFO - 27 d9 cd 3c 00 0a ac 00
INFO - 27 de 0d 3c 00 0a bc 00
INFO - 27 e0 4d 3c 00 0a b5 00
INFO - 27 e2 8d 3c 00 0a b5 00
INFO - 27 e5 cd 3c 00 0a d0 00
INFO - 27 e8 0d 3c 00 0a bf 00
INFO - 27 ea 4d 3c 00 0a b7 00
INFO - 27 ed 8d 3c 00 0a cf 00
INFO - 27 f0 cd 3c 00 0a db 00
INFO - 27 f3 0d 3c 00 0a bf 00
INFO - 27 f5 4d 3c 00 0a 9f 00
INFO - 27 f7 8d 3c 00 0a b1 00
INFO - 27 fa cd 3c 00 0a d1 00
INFO - 27 fc 0d 3c 00 0a bf 00
INFO - 27 ff 4d 3c 00 0a b8 00
INFO - 28 02 8d 3c 00 0a cc 00
INFO - 28 03 cd 3c 00 0a 9a 00
INFO - 28 06 0d 3c 00 0a d3 00
INFO - 28 08 4d 3c 00 0a 97 00
INFO - 28 0b 8d 3c 00 0a e9 00
INFO - 28 0e cd 3c 00 0a ab 00
INFO - 28 10 0d 3c 00 0a b2 00
INFO - 28 12 4d 3c 00 0a a7 00
INFO - 28 15 8d 3c 00 0a ce 00
INFO - 28 17 cd 3c 00 0a ab 00
INFO - 28 19 0d 3c 00 0a a5 00
INFO - 28 1c 4d 3c 00 0a c1 00
INFO - 28 1f 8d 3c 00 0a ce 00
INFO - 28 23 cd 3c 00 0b 35 00
INFO - 28 27 0d 3c 00 0a e8 00
INFO - 28 2a 4d 3c 00 0a f4 00
INFO - 28 2d 8d 3c 00 0a b1 00
INFO - 28 2f cd 3c 00 0a bf 00
INFO - 28 32 0d 3c 00 0a d1 00
INFO - 28 35 4d 3c 00 0a cb 00
INFO - 28 37 8d 3c 00 0a b7 00
INFO - 28 3a cd 3c 00 0a ca 00
INFO - 28 3d 0d 3c 00 0a bf 00
INFO - 28 40 4d 3c 00 0a fc 00
INFO - 28 44 8d 3c 00 0a e8 00
INFO - 28 46 cd 3c 00 0a bd 00
INFO - 28 49 0d 3c 00 0a b4 00
INFO - 28 4b 4d 3c 00 0a b4 00
INFO - 28 4e 8d 3c 00 0a bd 00
INFO - 28 4f cd 3c 00 0a 89 00
INFO - 28 54 0d 3c 00 0a ec 00
INFO - 28 65 4d 3c 00 0a cc 00
INFO - 28 68 8d 3c 00 0a e8 00
INFO - 28 6a cd 3c 00 0a a8 00
INFO - 28 6d 0d 3c 00 0a b5 00
INFO - 28 6f 4d 3c 00 0a c2 00
INFO - 28 72 8d 3c 00 0a c2 00
INFO - 28 74 cd 3c 00 0a c2 00
INFO - 28 77 0d 3c 00 0a b5 00
INFO - 28 79 4d 3c 00 0a b5 00
INFO - 28 7d 8d 3c 00 0b 04 00
INFO - 28 7f cd 3c 00 0a 6e 00
INFO - 28 82 0d 3c 00 0a e7 00
INFO - 28 85 4d 3c 00 0a df 00
INFO - 28 88 8d 3c 00 0a cc 00
INFO - 28 8c cd 3c 00 0a eb 00
INFO - 28 8e 0d 3c 00 0a c1 00
INFO - 28 92 4d 3c 00 0a f5 00
INFO - 28 95 8d 3c 00 0a ce 00
INFO - 28 97 cd 3c 00 0a a5 00
INFO - 28 99 0d 3c 00 0a 9d 00
INFO - 28 9a 4d 3c 00 0a 98 00
INFO - 28 9e 8d 3c 00 0b 01 00
INFO - 28 a1 cd 3c 00 0a ce 00
INFO - 28 a3 0d 3c 00 0a 9d 00
INFO - 28 a5 4d 3c 00 0a a4 00
INFO - 28 a8 8d 3c 00 0a c1 00
INFO - 28 aa cd 3c 00 0a aa 00
INFO - 28 ac 0d 3c 00 0a b1 00
INFO - 28 af 4d 3c 00 0a c0 00
INFO - 28 b1 8d 3c 00 0a c4 00
INFO - 28 b4 cd 3c 00 0a be 00
INFO - 28 b6 0d 3c 00 0a a7 00
INFO - 28 b9 4d 3c 00 0a ce 00
INFO - 28 bc 8d 3c 00 0a ce 00
INFO - 28 be cd 3c 00 0a c1 00
INFO - 28 c2 0d 3c 00 0a f4 00
INFO - 28 c5 4d 3c 00 0a da 00
INFO - 28 c7 8d 3c 00 0a a4 00
INFO - 28 c9 cd 3c 00 0a b7 00
INFO - 28 cc 0d 3c 00 0a ce 00
INFO - 28 cf 4d 3c 00 0a c1 00
INFO - 28 d2 8d 3c 00 0a cb 00
INFO - 28 d3 cd 3c 00 0a 9d 00
INFO - 28 d6 0d 3c 00 0a b4 00
INFO - 28 d8 4d 3c 00 0a 98 00
INFO - 28 da 8d 3c 00 0a c4 00
INFO - 28 dc cd 3c 00 0a a5 00
INFO - 28 de 0d 3c 00 0a 9e 00
INFO - 28 e1 4d 3c 00 0a bf 00
INFO - 28 e3 8d 3c 00 0a a7 00
INFO - 28 e5 cd 3c 00 0a ab 00
INFO - 28 e7 0d 3c 00 0a a5 00
INFO - 28 e9 4d 3c 00 0a b5 00
INFO - 28 ec 8d 3c 00 0a d2 00
INFO - 28 ef cd 3c 00 0a bf 00
INFO - 28 f1 0d 3c 00 0a b5 00
INFO - 28 f4 4d 3c 00 0a da 00
INFO - 28 f7 8d 3c 00 0a c6 00
INFO - 28 fa cd 3c 00 0a da 00
INFO - 28 fe 0d 3c 00 0b 12 00
INFO - 29 02 4d 3c 00 0a de 00
INFO - 29 05 8d 3c 00 0b 05 00
INFO - 29 08 cd 3c 00 0a a9 00
INFO - 29 0a 0d 3c 00 0a d0 00
INFO - 29 0d 4d 3c 00 0a c3 00
INFO - 29 11 8d 3c 00 0a eb 00
INFO - 29 13 cd 3c 00 0a c4 00
INFO - 29 16 0d 3c 00 0a c4 00
INFO - 29 18 4d 3c 00 0a aa 00
INFO - 29 1b 8d 3c 00 0a d1 00
INFO - 29 1e cd 3c 00 0a ec 00
INFO - 29 22 0d 3c 00 0a dc 00
INFO - 29 26 4d 3c 00 0b 21 00
INFO - 29 29 8d 3c 00 0a c8 00
INFO - 29 2b cd 3c 00 0a c0 00
INFO - 29 2e 0d 3c 00 0a d2 00
INFO - 29 31 4d 3c 00 0a bb 00
INFO - 29 33 8d 3c 00 0a a7 00
INFO - 29 35 cd 3c 00 0a b7 00
INFO - 29 38 0d 3c 00 0a c4 00
INFO - 29 3b 4d 3c 00 0a c5 00
INFO - 29 3d 8d 3c 00 0a ad 00
INFO - 29 3f cd 3c 00 0a 9a 00
INFO - 29 42 0d 3c 00 0a f9 00
INFO - 29 46 4d 3c 00 0a eb 00
INFO - 29 48 8d 3c 00 0a 70 00
INFO - 29 4a cd 3c 00 0a cd 00
INFO - 29 4e 0d 3c 00 0a de 00
INFO - 29 50 4d 3c 00 0a a9 00
INFO - 29 52 8d 3c 00 0a b6 00
INFO - 29 55 cd 3c 00 0a c3 00
INFO - 29 57 0d 3c 00 0a 9b 00
INFO - 29 59 4d 3c 00 0a a8 00
INFO - 29 5b 8d 3c 00 0a c3 00
INFO - 29 5f cd 3c 00 0a f4 00
INFO - 29 61 0d 3c 00 0a ac 00
INFO - 29 63 4d 3c 00 0a a8 00
INFO - 29 66 8d 3c 00 0a b2 00
INFO - 29 68 cd 3c 00 0a c6 00
INFO - 29 6a 0d 3c 00 0a a4 00
INFO - 29 6c 4d 3c 00 0a 9e 00
INFO - 29 6e 8d 3c 00 0a b5 00
INFO - 29 72 cd 3c 00 0a d9 00
INFO - 29 74 0d 3c 00 0a c1 00
INFO - 29 76 4d 3c 00 0a a8 00
INFO - 29 79 8d 3c 00 0a b4 00
INFO - 29 7b cd 3c 00 0a d0 00
INFO - 29 81 0d 3c 00 0b 5b 00
INFO - 29 83 4d 3c 00 0a b0 00
INFO - 29 86 8d 3c 00 0a c0 00
INFO - 29 89 cd 3c 00 0a c0 00
INFO - 29 8c 0d 3c 00 0a d9 00
INFO - 29 8e 4d 3c 00 0a a6 00
INFO - 29 90 8d 3c 00 0a a6 00
INFO - 29 93 cd 3c 00 0a e6 00
INFO - 29 95 0d 3c 00 0a b2 00
INFO - 29 98 4d 3c 00 0a bf 00
INFO - 29 9b 8d 3c 00 0a d5 00
INFO - 29 9d cd 3c 00 0a c2 00
INFO - 29 a0 0d 3c 00 0a a5 00
INFO - 29 a2 4d 3c 00 0a b1 00
INFO - 29 a5 8d 3c 00 0a cb 00
INFO - 29 a7 cd 3c 00 0a bb 00
INFO - 29 aa 0d 3c 00 0a c1 00
INFO - 29 ac 4d 3c 00 0a ca 00
INFO - 29 ae 8d 3c 00 0a 98 00
INFO - 29 b2 cd 3c 00 0a ef 00
INFO - 29 b5 0d 3c 00 0a d3 00
INFO - 29 b6 4d 3c 00 0a 9a 00
INFO - 29 b9 8d 3c 00 0a b0 00
INFO - 29 bd cd 3c 00 0b 13 00
INFO - 29 bf 0d 3c 00 0a bc 00
INFO - 29 c2 4d 3c 00 0a c6 00
INFO - 29 c5 8d 3c 00 0a d7 00
INFO - 29 c7 cd 3c 00 0a a1 00
INFO - 29 ca 0d 3c 00 0a be 00
INFO - 29 cc 4d 3c 00 0a ad 00
INFO - 29 ce 8d 3c 00 0a ae 00
INFO - 29 d1 cd 3c 00 0a bb 00
INFO - 29 d4 0d 3c 00 0a e0 00
INFO - 29 d6 4d 3c 00 0a a2 00
INFO - 29 d8 8d 3c 00 0a ba 00
INFO - 29 db cd 3c 00 0a c6 00
INFO - 29 dd 0d 3c 00 0a ae 00
INFO - 29 df 4d 3c 00 0a a1 00
INFO - 29 e3 8d 3c 00 0a f7 00
INFO - 29 e5 cd 3c 00 0a ad 00
INFO - 29 e7 0d 3c 00 0a ad 00
INFO - 29 e9 4d 3c 00 0a ae 00
INFO - 29 ec 8d 3c 00 0a b8 00
INFO - 29 ef cd 3c 00 0a df 00
INFO - 29 f2 0d 3c 00 0a dd 00
INFO - 29 f5 4d 3c 00 0a d2 00
INFO - 29 f8 8d 3c 00 0a de 00
INFO - 29 fb cd 3c 00 0a b7 00
INFO - 29 fe 0d 3c 00 0a e1 00
INFO - 2a 00 4d 3c 00 0a ab 00
INFO - 2a 03 8d 3c 00 0a d5 00
INFO - 2a 06 cd 3c 00 0a cf 00
INFO - 2a 08 0d 3c 00 0a a4 00
INFO - 2a 0a 4d 3c 00 0a b7 00
INFO - 2a 0c 8d 3c 00 0a 99 00
INFO - 2a 0f cd 3c 00 0a b7 00
INFO - 2a 11 0d 3c 00 0a ae 00
INFO - 2a 14 4d 3c 00 0a d3 00
INFO - 2a 15 8d 3c 00 0a 96 00
INFO - 2a 17 cd 3c 00 0a a5 00
INFO - 2a 19 0d 3c 00 0a 9f 00
INFO - 2a 1b 4d 3c 00 0a 95 00
INFO - 2a 1d 8d 3c 00 0a b2 00
INFO - 2a 1f cd 3c 00 0a 88 00
INFO - 2a 21 0d 3c 00 0a b9 00
INFO - 2a 23 4d 3c 00 0a a5 00
INFO - 2a 25 8d 3c 00 0a 93 00
INFO - 2a 27 cd 3c 00 0a bb 00
INFO - 2a 29 0d 3c 00 0a 96 00
INFO - 2a 2b 4d 3c 00 0a a5 00
INFO - 2a 2e 8d 3c 00 0a b5 00
INFO - 2a 31 cd 3c 00 0a e2 00
INFO - 2a 33 0d 3c 00 0a bc 00
INFO - 2a 36 4d 3c 00 0a ae 00
INFO - 2a 38 8d 3c 00 0a bc 00
INFO - 2a 3b cd 3c 00 0a e0 00
INFO - 2a 40 0d 3c 00 0b 1e 00
INFO - 2a 42 4d 3c 00 0a c5 00
INFO - 2a 45 8d 3c 00 0a ca 00
INFO - 2a 47 cd 3c 00 0a 8a 00
INFO - 2a 49 0d 3c 00 0a b9 00
INFO - 2a 4b 4d 3c 00 0a 96 00
INFO - 2a 4d 8d 3c 00 0a a6 00
INFO - 2a 50 cd 3c 00 0a e1 00
INFO - 2a 53 0d 3c 00 0a d4 00
INFO - 2a 56 4d 3c 00 0a d2 00
INFO - 2a 59 8d 3c 00 0a ca 00
INFO - 2a 5c cd 3c 00 0a d4 00
INFO - 2a 5f 0d 3c 00 0a d2 00
INFO - 2a 61 4d 3c 00 0a af 00
INFO - 2a 63 8d 3c 00 0a b2 00
INFO - 2a 66 cd 3c 00 0a df 00
INFO - 2a 69 0d 3c 00 0a a6 00
INFO - 2a 6c 4d 3c 00 0b 04 00
INFO - 2a 6f 8d 3c 00 0a be 00
INFO - 2a 72 cd 3c 00 0a d2 00
INFO - 2a 76 0d 3c 00 0a f1 00
INFO - 2a 78 4d 3c 00 0a ac 00
INFO - 2a 7b 8d 3c 00 0a ee 00
INFO - 2a 7d cd 3c 00 0a a3 00
INFO - 2a 7f 0d 3c 00 0a 97 00
INFO - 2a 82 4d 3c 00 0a c8 00
INFO - 2a 83 8d 3c 00 0a 8a 00
INFO - 2a 86 cd 3c 00 0a cc 00
INFO - 2a 88 0d 3c 00 0a aa 00
INFO - 2a 8c 4d 3c 00 0a f1 00
INFO - 2a 8e 8d 3c 00 0a a3 00
INFO - 2a 90 cd 3c 00 0a bc 00
INFO - 2a 93 0d 3c 00 0a c8 00
INFO - 2a 95 4d 3c 00 0a b0 00
INFO - 2a 99 8d 3c 00 0a ee 00
INFO - 2a 9b cd 3c 00 0a af 00
INFO - 2a 9d 0d 3c 00 0a ad 00
INFO - 2a a0 4d 3c 00 0a be 00
INFO - 2a a2 8d 3c 00 0a af 00
INFO - 2a a4 cd 3c 00 0a bb 00
INFO - 2a a7 0d 3c 00 0a bc 00
INFO - 2a a9 4d 3c 00 0a a2 00
INFO - 2a ab 8d 3c 00 0a ae 00
INFO - 2a ae cd 3c 00 0a c0 00
INFO - 2a b0 0d 3c 00 0a c1 00
INFO - 2a b3 4d 3c 00 0a bb 00
INFO - 2a b5 8d 3c 00 0a b9 00
INFO - 2a b7 cd 3c 00 0a ac 00
INFO - 2a ba 0d 3c 00 0a b0 00
INFO - 2a bc 4d 3c 00 0a 77 00
INFO - 2a be 8d 3c 00 0a ab 00
INFO - 2a c0 cd 3c 00 0a b9 00
INFO - 2a c3 0d 3c 00 0a b0 00
INFO - 2a c6 4d 3c 00 0a cf 00
INFO - 2a c9 8d 3c 00 0a ea 00
INFO - 2a cb cd 3c 00 0a 95 00
INFO - 2a cd 0d 3c 00 0a bc 00
INFO - 2a d0 4d 3c 00 0a c3 00
INFO - 2a d2 8d 3c 00 0a bb 00
INFO - 2a d5 cd 3c 00 0a b7 00
INFO - 2a d7 0d 3c 00 0a ac 00
INFO - 2a d9 4d 3c 00 0a b9 00
INFO - 2a db 8d 3c 00 0a 95 00
INFO - 2a de cd 3c 00 0a c4 00
INFO - 2a e1 0d 3c 00 0a d0 00
INFO - 2a e4 4d 3c 00 0a dc 00
INFO - 2a e5 8d 3c 00 0a 94 00
INFO - 2a e8 cd 3c 00 0a b8 00
INFO - 2a ea 0d 3c 00 0a b3 00
INFO - 2a ed 4d 3c 00 0a cf 00
INFO - 2a f0 8d 3c 00 0a c3 00
INFO - 2a f2 cd 3c 00 0a b7 00
INFO - 2a f4 0d 3c 00 0a b7 00
INFO - 2a f7 4d 3c 00 0a b7 00
INFO - 2a f9 8d 3c 00 0a ab 00
INFO - 2a fc cd 3c 00 0a ce 00
INFO - 2a fe 0d 3c 00 0a aa 00
INFO - 2b 01 4d 3c 00 0a d9 00
INFO - 2b 03 8d 3c 00 0a b5 00
INFO - 2b 06 cd 3c 00 0a b6 00
INFO - 2b 08 0d 3c 00 0a b5 00
INFO - 2b 0a 4d 3c 00 0a b6 00
INFO - 2b 0c 8d 3c 00 0a 9e 00
INFO - 2b 0f cd 3c 00 0a b5 00
INFO - 2b 11 0d 3c 00 0a 9d 00
INFO - 2b 13 4d 3c 00 0a b5 00
INFO - 2b 15 8d 3c 00 0a c0 00
INFO - 2b 17 cd 3c 00 0a 9d 00
INFO - 2b 1b 0d 3c 00 0a e3 00
INFO - 2b 1e 4d 3c 00 0a e2 00
INFO - 2b 20 8d 3c 00 0a 9e 00
INFO - 2b 22 cd 3c 00 0a b7 00
INFO - 2b 24 0d 3c 00 0a a6 00
INFO - 2b 26 4d 3c 00 0a 94 00
INFO - 2b 28 8d 3c 00 0a a6 00
INFO - 2b 2d cd 3c 00 0a f1 00
INFO - 2b 30 0d 3c 00 0a e3 00
INFO - 2b 33 4d 3c 00 0a e3 00
INFO - 2b 36 8d 3c 00 0a 8b 00
INFO - 2b 38 cd 3c 00 0a ac 00
INFO - 2b 3a 0d 3c 00 0a a5 00
INFO - 2b 3d 4d 3c 00 0a a8 00
INFO - 2b 3f 8d 3c 00 0a b4 00
INFO - 2b 41 cd 3c 00 0a be 00
INFO - 2b 43 0d 3c 00 0a 94 00
INFO - 2b 45 4d 3c 00 0a af 00
INFO - 2b 47 8d 3c 00 0a 9a 00
INFO - 2b 49 cd 3c 00 0a 97 00
INFO - 2b 4c 0d 3c 00 0a d2 00
INFO - 2b 4e 4d 3c 00 0a b2 00
INFO - 2b 50 8d 3c 00 0a 9f 00
INFO - 2b 52 cd 3c 00 0a 98 00
INFO - 2b 55 0d 3c 00 0a bd 00
INFO - 2b 57 4d 3c 00 0a aa 00
INFO - 2b 59 8d 3c 00 0a af 00
INFO - 2b 5b cd 3c 00 0a b5 00
INFO - 2b 5e 0d 3c 00 0a c4 00
INFO - 2b 61 4d 3c 00 0a d3 00
INFO - 2b 63 8d 3c 00 0a a6 00
INFO - 2b 66 cd 3c 00 0a c0 00
INFO - 2b 68 0d 3c 00 0a c4 00
INFO - 2b 6b 4d 3c 00 0a cb 00
INFO - 2b 6d 8d 3c 00 0a ae 00
INFO - 2b 71 cd 3c 00 0a ed 00
INFO - 2b 73 0d 3c 00 0a c4 00
INFO - 2b 76 4d 3c 00 0a c9 00
INFO - 2b 7a 8d 3c 00 0a f1 00
INFO - 2b 7c cd 3c 00 0a a8 00
INFO - 2b 7e 0d 3c 00 0a c4 00
INFO - 2b 81 4d 3c 00 0a b1 00
INFO - 2b 82 8d 3c 00 0a 86 00
INFO - 2b 85 cd 3c 00 0a e5 00
INFO - 2b 87 0d 3c 00 0a 92 00
INFO - 2b 8a 4d 3c 00 0a b8 00
INFO - 2b 8c 8d 3c 00 0a b3 00
INFO - 2b 8f cd 3c 00 0a da 00
INFO - 2b 91 0d 3c 00 0a 9d 00
INFO - 2b 93 4d 3c 00 0a a2 00
INFO - 2b 95 8d 3c 00 0a a5 00
INFO - 2b 97 cd 3c 00 0a bc 00
INFO - 2b 99 0d 3c 00 0a 9a 00
INFO - 2b 9c 4d 3c 00 0a be 00
INFO - 2b 9e 8d 3c 00 0a ba 00
INFO - 2b a0 cd 3c 00 0a 9d 00
INFO - 2b a3 0d 3c 00 0a d1 00
INFO - 2b a6 4d 3c 00 0a ca 00
INFO - 2b a8 8d 3c 00 0a a4 00
INFO - 2b ab cd 3c 00 0a 9b 00
INFO - 2b ad 0d 3c 00 0a 92 00
INFO - 2b af 4d 3c 00 0a b0 00
INFO - 2b b1 8d 3c 00 0a a7 00
INFO - 2b b4 cd 3c 00 0a a9 00
INFO - 2b b5 0d 3c 00 0a 9a 00
INFO - 2b b8 4d 3c 00 0a c0 00
INFO - 2b ba 8d 3c 00 0a 8f 00
INFO - 2b bc cd 3c 00 0a a7 00
INFO - 2b be 0d 3c 00 0a bf 00
INFO - 2b c0 4d 3c 00 0a 90 00
INFO - 2b c2 8d 3c 00 0a b3 00
INFO - 2b c4 cd 3c 00 0a 9b 00
INFO - 2b c6 0d 3c 00 0a 9b 00
INFO - 2b c8 4d 3c 00 0a be 00
INFO - 2b cb 8d 3c 00 0a b2 00
INFO - 2b cd cd 3c 00 0a a7 00
INFO - 2b ce 0d 3c 00 0a 90 00
INFO - 2b d1 4d 3c 00 0a b2 00
INFO - 2b d3 8d 3c 00 0a c8 00
INFO - 2b d5 cd 3c 00 0a 9b 00
INFO - 2b d8 0d 3c 00 0a c8 00
INFO - 2b da 4d 3c 00 0a a7 00
INFO - 2b dd 8d 3c 00 0a ea 00
INFO - 2b df cd 3c 00 0a 9c 00
INFO - 2b e1 0d 3c 00 0a a6 00
INFO - 2b e3 4d 3c 00 0a 9c 00
INFO - 2b e5 8d 3c 00 0a 9b 00
INFO - 2b e7 cd 3c 00 0a a5 00
INFO - 2b ea 0d 3c 00 0a e0 00
INFO - 2b ec 4d 3c 00 0a 9b 00
INFO - 2b ef 8d 3c 00 0a bb 00
INFO - 2b f1 cd 3c 00 0a 9e 00
INFO - 2b f3 0d 3c 00 0a bb 00
INFO - 2b f5 4d 3c 00 0a a8 00
INFO - 2b f8 8d 3c 00 0a d2 00
INFO - 2b fb cd 3c 00 0a cb 00
INFO - 2c 00 0d 3c 00 0b 46 00
INFO - 2c 02 4d 3c 00 0a 9c 00
INFO - 2c 05 8d 3c 00 0a c9 00
INFO - 2c 07 cd 3c 00 0a a5 00
INFO - 2c 09 0d 3c 00 0a 9e 00
INFO - 2c 0b 4d 3c 00 0a b3 00
INFO - 2c 0d 8d 3c 00 0a 9a 00
INFO - 2c 10 cd 3c 00 0a cd 00
INFO - 2c 13 0d 3c 00 0a d4 00
INFO - 2c 15 4d 3c 00 0a 75 00
INFO - 2c 17 8d 3c 00 0a a7 00
INFO - 2c 1a cd 3c 00 0a d9 00
INFO - 2c 1d 0d 3c 00 0a ca 00
INFO - 2c 21 4d 3c 00 0a e6 00
INFO - 2c 23 8d 3c 00 0a b6 00
INFO - 2c 25 cd 3c 00 0a 9c 00
INFO - 2c 28 0d 3c 00 0a cd 00
INFO - 2c 2a 4d 3c 00 0a a1 00
INFO - 2c 2c 8d 3c 00 0a a9 00
INFO - 2c 2f cd 3c 00 0a dd 00
INFO - 2c 31 0d 3c 00 0a b5 00
INFO - 2c 35 4d 3c 00 0a f5 00
INFO - 2c 37 8d 3c 00 0a 95 00
INFO - 2c 38 cd 3c 00 0a 9e 00
INFO - 2c 3b 0d 3c 00 0a bb 00
INFO - 2c 3d 4d 3c 00 0a b6 00
INFO - 2c 41 8d 3c 00 0a df 00
INFO - 2c 43 cd 3c 00 0a cf 00
INFO - 2c 46 0d 3c 00 0a af 00
INFO - 2c 48 4d 3c 00 0a ba 00
INFO - 2c 4b 8d 3c 00 0a b7 00
INFO - 2c 50 cd 3c 00 0a be 00
INFO - 2c 52 0d 3c 00 0a ac 00
INFO - 2c 55 4d 3c 00 0a b0 00
INFO - 2c 57 8d 3c 00 0a a2 00
INFO - 2c 58 cd 3c 00 0a 7c 00
INFO - 2c 58 0d 3c 00 0a 7c 00
INFO - 2c 58 4d 3c 00 0a 7c 00
INFO - 2c 58 8d 3c 00 0a 7c 00
INFO - 2c 58 cd 3c 00 0a 7c 00
INFO - 2c 58 0d 3c 00 0a 7c 00
INFO - 2c 58 4d 3c 00 0a 7c 00
INFO - 2c 58 8d 3c 00 0a 7c 00
INFO - 2c 58 cd 3c 00 0a 7c 00
INFO - 2c 58 0d 3c 00 0a 7c 00
