INFO - a0 d4 08 40 57 00 00 02
INFO - a0 d4 48 40 57 00 00 02
INFO - a0 d4 88 40 57 00 00 02
INFO - a0 d4 c8 40 57 00 00 02
INFO - 88 70 08 08 40 28 2e 0b
INFO - 88 70 48 20 40 28 0e 03
INFO - 88 70 88 40 40 20 00 78
INFO - 88 72 88 08 40 28 2e 0b
INFO - 88 72 c8 20 40 28 0e 03
INFO - 88 72 08 40 40 21 e0 01
INFO - 88 74 08 08 40 28 2e 0b
INFO - 88 74 48 20 40 28 0e 03
INFO - 88 74 88 40 40 20 04 fc
INFO - 88 76 88 08 40 28 2e 0b
INFO - 88 76 c8 20 40 28 0e 03
INFO - 88 76 08 40 40 23 f0 00
INFO - 88 78 08 08 40 28 2e 0b
INFO - 88 78 48 20 40 28 0e 01
INFO - 88 78 88 40 40 20 00 01
INFO - 88 7a 88 08 40 28 2e 0b
INFO - 88 7a c8 20 40 28 06 01
INFO - 88 7a 08 40 40 20 04 fc
INFO - 88 7c 08 08 40 28 2e 0b
INFO - 88 7c 48 20 40 28 06 01
INFO - 88 7c 88 40 40 23 f0 01
INFO - 88 7e 88 08 40 28 2e 0f
INFO - 88 7e c8 20 40 28 06 03
INFO - 88 7e 08 40 40 20 04 fc
INFO - 88 80 08 08 40 28 3e 10
INFO - 88 80 48 20 40 28 0e 03
INFO - 88 80 88 40 40 23 f0 fd
INFO - 88 82 88 08 40 28 42 10
INFO - 88 82 c8 20 40 28 0e 03
INFO - 88 82 08 40 40 23 f4 01
INFO - 88 84 08 08 40 28 42 10
INFO - 88 84 48 20 40 28 0e 03
INFO - 88 84 88 40 40 20 04 fc
INFO - 88 86 88 08 40 28 42 10
INFO - 88 86 c8 20 40 28 0e 01
INFO - 88 86 08 40 40 23 f0 01
INFO - 88 88 08 08 40 28 42 10
INFO - 88 88 48 20 40 28 06 01
INFO - 88 88 88 40 40 20 04 fc
INFO - 88 8a 88 08 40 28 42 10
INFO - 88 8a c8 20 40 28 06 01
INFO - 88 8a 08 40 40 23 f0 00
INFO - 88 8c 08 08 40 28 42 10
INFO - 88 8c 48 20 40 28 06 01
INFO - 88 8c 88 40 40 20 00 01
INFO - 88 8e 88 08 40 28 42 10
INFO - 88 8e c8 20 40 28 06 01
INFO - 88 8e 08 40 40 20 04 fc
INFO - 88 90 08 08 40 28 42 10
INFO - 88 90 48 20 40 28 06 01
INFO - 88 90 88 40 40 23 f0 01
INFO - 88 92 88 08 40 28 42 10
INFO - 88 92 c8 20 40 28 06 01
INFO - 88 92 08 40 40 20 04 fc
INFO - 88 94 08 08 40 28 42 10
INFO - 88 94 48 20 40 28 05 ff
INFO - 88 94 88 40 40 23 f0 00
INFO - 88 96 88 08 40 28 42 10
INFO - 88 96 c8 20 40 27 fd ff
INFO - 88 96 08 40 40 20 00 01
INFO - 88 98 08 08 40 28 42 10
INFO - 88 98 48 20 40 27 fd ff
INFO - 88 98 88 40 40 20 04 fc
INFO - 88 9a 88 08 40 28 42 10
INFO - 88 9a c8 20 40 27 fe 01
INFO - 88 9a 08 40 40 23 f0 00
INFO - 88 9c 08 08 40 28 41 f6
INFO - 88 9c 48 20 40 28 06 01
INFO - 88 9c 88 40 40 20 00 01
INFO - 88 9e 88 08 40 27 d9 f1
INFO - 88 9e c8 20 40 28 06 03
INFO - 88 9e 08 40 40 20 04 fc
INFO - 88 a0 08 08 40 27 c6 13
INFO - 88 a0 48 20 40 28 0e 03
INFO - 88 a0 88 40 40 23 f0 01
INFO - 88 a2 88 08 40 28 4d fc
INFO - 88 a2 c8 20 40 28 0e 03
INFO - 88 a2 08 40 40 20 04 fc
INFO - 88 a4 08 08 40 27 f1 f5
INFO - 88 a4 48 20 40 28 0e 03
INFO - 88 a4 88 40 40 23 f0 fd
INFO - 88 a6 88 08 40 27 d5 f5
INFO - 88 a6 c8 20 40 28 0e 03
INFO - 88 a6 08 40 40 23 f4 01
INFO - 88 a8 08 08 40 27 d5 f5
INFO - 88 a8 48 20 40 28 0e 03
INFO - 88 a8 88 40 40 20 04 fc
INFO - 88 aa 88 08 40 27 d5 f5
INFO - 88 aa c8 20 40 28 0e 03
INFO - 88 aa 08 40 40 23 f0 01
INFO - 88 ac 08 08 40 27 d5 f5
INFO - 88 ac 48 20 40 28 0e 03
INFO - 88 ac 88 40 40 20 04 fc
INFO - 88 ae 88 08 40 27 d5 f5
INFO - 88 ae c8 20 40 28 0e 01
INFO - 88 ae 08 40 40 23 f0 fd
INFO - 88 b0 08 08 40 27 d5 f5
INFO - 88 b0 48 20 40 28 05 ff
INFO - 88 b0 88 40 40 23 f4 01
INFO - 88 b2 88 08 40 27 d5 f5
INFO - 88 b2 c8 20 40 27 fd ff
INFO - 88 b2 08 40 40 20 04 fc
INFO - 88 b4 08 08 40 27 d5 f5
INFO - 88 b4 48 20 40 27 fd ff
INFO - 88 b4 88 40 40 23 f0 01
INFO - 88 b6 88 08 40 27 d5 f5
INFO - 88 b6 c8 20 40 27 fd ff
INFO - 88 b6 08 40 40 20 04 fc
INFO - 88 b8 08 08 40 27 d5 f5
INFO - 88 b8 48 20 40 27 fd ff
INFO - 88 b8 88 40 40 23 f0 00
INFO - 88 ba 88 08 40 27 d5 f5
INFO - 88 ba c8 20 40 27 fd ff
INFO - 88 ba 08 40 40 20 00 01
INFO - 88 bc 08 08 40 27 d5 f5
INFO - 88 bc 48 20 40 27 fd ff
INFO - 88 bc 88 40 40 20 04 fc
INFO - 88 be 88 08 40 27 d5 f5
INFO - 88 be c8 20 40 27 fd ff
INFO - 88 be 08 40 40 23 f0 fd
INFO - 88 c0 08 08 40 27 d5 f5
INFO - 88 c0 48 20 40 27 fd ff
INFO - 88 c0 88 40 40 23 f4 01
INFO - 88 c2 88 08 40 27 d6 42
INFO - 88 c2 c8 20 40 27 fd ff
INFO - 88 c2 08 40 40 20 04 fc
INFO - 88 c4 08 08 40 29 0a 4b
INFO - 88 c4 48 20 40 27 fd ff
INFO - 88 c4 88 40 40 23 f0 01
INFO - 88 c6 88 08 40 29 2e 4b
INFO - 88 c6 c8 20 40 27 fd ff
INFO - 88 c6 08 40 40 20 04 fc
INFO - 88 c8 08 08 40 29 2e 4b
INFO - 88 c8 48 20 40 27 fd ff
INFO - 88 c8 88 40 40 23 f0 00
INFO - 88 ca 88 08 40 29 2e 4b
INFO - 88 ca c8 20 40 27 fd ff
INFO - 88 ca 08 40 40 20 00 01
INFO - 88 cc 08 08 40 29 2e 4b
INFO - 88 cc 48 20 40 27 fd ff
INFO - 88 cc 88 40 40 20 04 fc
INFO - 88 ce 88 08 40 29 2e 4b
INFO - 88 ce c8 20 40 27 fd ff
INFO - 88 ce 08 40 40 23 f0 01
INFO - a8 d0 48 40 57 00 00 02
INFO - a8 d0 88 40 57 00 00 02
INFO - a8 d0 c8 40 57 00 00 02
INFO - a8 d0 08 40 57 00 00 02
INFO - 88 d0 08 08 40 29 2e 4b
INFO - 88 d0 48 20 40 27 fd ff
INFO - 88 d0 88 40 40 20 04 fc
INFO - 88 d2 88 08 40 29 2e 4b
INFO - 88 d2 c8 20 40 27 fd ff
INFO - 88 d2 08 40 40 23 f0 fd
INFO - 88 d4 08 08 40 29 2e 4b
INFO - 88 d4 48 20 40 27 fd ff
INFO - 88 d4 88 40 40 23 f4 01
INFO - 88 d6 88 08 40 29 2e 4b
INFO - 88 d6 c8 20 40 27 fd ff
INFO - 88 d6 08 40 40 20 04 fc
INFO - 88 d8 08 08 40 29 2e 4b
INFO - 88 d8 48 20 40 27 fd ff
INFO - 88 d8 88 40 40 23 f0 00
INFO - 88 da 88 08 40 29 2e 4b
INFO - 88 da c8 20 40 27 fd ff
INFO - 88 da 08 40 40 20 00 01
INFO - 88 dc 08 08 40 29 2e 4b
INFO - 88 dc 48 20 40 27 fe 01
INFO - 88 dc 88 40 40 20 04 fc
INFO - 88 de 88 08 40 29 2e 4b
INFO - 88 de c8 20 40 28 06 01
INFO - 88 de 08 40 40 23 f0 fd
INFO - 88 e0 08 08 40 29 2e 4b
INFO - 88 e0 48 20 40 28 06 01
INFO - 88 e0 88 40 40 23 f4 01
INFO - 88 e2 88 08 40 29 2d fd
INFO - 88 e2 c8 20 40 28 06 01
INFO - 88 e2 08 40 40 20 04 fc
INFO - 88 e4 08 08 40 27 f5 eb
INFO - 88 e4 48 20 40 28 06 01
INFO - 88 e4 88 40 40 23 f0 00
INFO - 88 e6 88 08 40 27 ad f7
INFO - 88 e6 c8 20 40 28 06 01
INFO - 88 e6 08 40 40 20 00 01
INFO - 88 e8 08 08 40 27 dd ee
INFO - 88 e8 48 20 40 28 06 03
INFO - 88 e8 88 40 40 20 04 fc
INFO - 88 ea 88 08 40 27 b9 eb
INFO - 88 ea c8 20 40 28 0e 01
INFO - 88 ea 08 40 40 23 f0 00
INFO - 88 ec 08 08 40 27 ad eb
INFO - 88 ec 48 20 40 28 05 ff
INFO - 88 ec 88 40 40 20 00 01
INFO - 88 ee 88 08 40 27 ad eb
INFO - 88 ee c8 20 40 27 fd ff
INFO - 88 ee 08 40 40 20 04 fc
INFO - 88 f0 08 08 40 27 ad eb
INFO - 88 f0 48 20 40 27 fd ff
INFO - 88 f0 88 40 40 23 f0 01
INFO - 88 f2 88 08 40 27 ad eb
INFO - 88 f2 c8 20 40 27 fd ff
INFO - 88 f2 08 40 40 20 04 fc
INFO - 88 f4 08 08 40 27 ad eb
INFO - 88 f4 48 20 40 27 fd ff
INFO - 88 f4 88 40 40 23 f0 fd
INFO - 88 f6 88 08 40 27 ad eb
INFO - 88 f6 c8 20 40 27 fd ff
INFO - 88 f6 08 40 40 23 f4 01
INFO - 88 f8 08 08 40 27 ad eb
INFO - 88 f8 48 20 40 27 fd ff
INFO - 88 f8 88 40 40 20 04 fc
INFO - 88 fa 88 08 40 27 ad eb
INFO - 88 fa c8 20 40 27 fd ff
INFO - 88 fa 08 40 40 23 f0 00
INFO - 88 fc 08 08 40 27 ad eb
INFO - 88 fc 48 20 40 27 fd ff
INFO - 88 fc 88 40 40 20 00 01
INFO - 88 fe 88 08 40 27 ad e0
INFO - 88 fe c8 20 40 27 fd ff
INFO - 88 fe 08 40 40 20 04 fc
INFO - 89 00 08 08 40 27 81 dd
INFO - 89 00 48 20 40 27 fd ff
INFO - 89 00 88 40 40 23 f0 00
INFO - 89 02 88 08 40 27 75 dd
INFO - 89 02 c8 20 40 27 fd ff
INFO - 89 02 08 40 40 20 00 01
INFO - 89 04 08 08 40 27 75 dd
INFO - 89 04 48 20 40 27 fd ff
INFO - 89 04 88 40 40 20 04 fc
INFO - 89 06 88 08 40 27 75 dd
INFO - 89 06 c8 20 40 27 fd ff
INFO - 89 06 08 40 40 23 f0 00
INFO - 89 08 08 08 40 27 75 dd
INFO - 89 08 48 20 40 27 fd ff
INFO - 89 08 88 40 40 20 00 01
INFO - 89 0a 88 08 40 27 75 dd
INFO - 89 0a c8 20 40 27 fd ff
INFO - 89 0a 08 40 40 20 04 fc
INFO - 89 0c 08 08 40 27 75 dd
INFO - 89 0c 48 20 40 27 fd ff
INFO - 89 0c 88 40 40 23 f0 01
INFO - 89 0e 88 08 40 27 75 dd
INFO - 89 0e c8 20 40 27 fd ff
INFO - 89 0e 08 40 40 20 04 fc
INFO - 89 10 08 08 40 27 75 dd
INFO - 89 10 48 20 40 27 fd ff
INFO - 89 10 88 40 40 23 f0 fd
INFO - 89 12 88 08 40 27 75 dd
INFO - 89 12 c8 20 40 27 fd ff
INFO - 89 12 08 40 40 23 f4 01
INFO - 89 14 08 08 40 27 76 06
INFO - 89 14 48 20 40 27 fd ff
INFO - 89 14 88 40 40 20 04 fc
INFO - 89 16 88 08 40 28 1a 10
INFO - 89 16 c8 20 40 27 fd ff
INFO - 89 16 08 40 40 23 f0 00
INFO - 89 18 08 08 40 28 42 10
INFO - 89 18 48 20 40 27 fd ff
INFO - 89 18 88 40 40 20 00 01
INFO - 89 1a 88 08 40 28 42 10
INFO - 89 1a c8 20 40 27 fd ff
INFO - 89 1a 08 40 40 20 04 fc
INFO - 89 1c 08 08 40 28 42 10
INFO - 89 1c 48 20 40 27 fd ff
INFO - 89 1c 88 40 40 23 f0 01
INFO - 89 1e 88 08 40 28 42 10
INFO - 89 1e c8 20 40 27 fd ff
INFO - 89 1e 08 40 40 20 04 fc
INFO - 89 20 08 08 40 28 42 10
INFO - 89 20 48 20 40 27 fd ff
INFO - 89 20 88 40 40 23 f0 00
INFO - 89 22 88 08 40 28 42 10
INFO - 89 22 c8 20 40 27 fd ff
INFO - 89 22 08 40 40 20 00 01
INFO - 89 24 08 08 40 28 42 10
INFO - 89 24 48 20 40 27 fd ff
INFO - 89 24 88 40 40 20 04 fc
INFO - 89 26 88 08 40 28 42 10
INFO - 89 26 c8 20 40 27 fd ff
INFO - 89 26 08 40 40 23 f0 00
INFO - 89 28 08 08 40 28 42 10
INFO - 89 28 48 20 40 27 fd ff
INFO - 89 28 88 40 40 20 00 01
INFO - 89 2a 88 08 40 28 42 10
INFO - 89 2a c8 20 40 27 fd ff
INFO - 89 2a 08 40 40 20 04 fc
INFO - 89 2c 08 08 40 28 42 10
INFO - 89 2c 48 20 40 27 fd ff
INFO - 89 2c 88 40 40 23 f0 fd
INFO - 89 2e 88 08 40 28 42 10
INFO - 89 2e c8 20 40 27 fd ff
INFO - 89 2e 08 40 40 23 f4 01
INFO - 89 30 08 08 40 28 42 10
INFO - 89 30 48 20 40 27 fd ff
INFO - 89 30 88 40 40 20 04 fc
INFO - 89 32 88 08 40 28 42 15
INFO - 89 32 c8 20 40 27 fd ff
INFO - 89 32 08 40 40 23 f0 00
INFO - 89 34 08 08 40 28 56 16
INFO - 89 34 48 20 40 27 fd ff
INFO - 89 34 88 40 40 20 00 fd
INFO - 89 36 88 08 40 48 5a 16
INFO - 89 36 c8 20 40 47 fd ff
INFO - 89 36 08 40 40 43 f4 00
INFO - 89 3a 88 08 40 28 5a 16
INFO - 89 3a c8 20 40 27 fd ff
INFO - 89 3a 08 40 40 20 00 00
INFO - 89 3c 08 08 40 28 5a 16
INFO - 89 3c 48 20 40 27 fd ff
INFO - 89 3c 88 40 40 20 00 fc
INFO - 89 3e 88 08 40 28 5a 16
INFO - 89 3e c8 20 40 27 fd ff
INFO - 89 3e 08 40 40 23 f0 00
INFO - 89 40 08 08 40 28 5a 16
INFO - 89 40 48 20 40 27 fd ff
INFO - 89 40 88 40 40 20 00 01
INFO - 89 42 88 08 40 28 5a 16
INFO - 89 42 c8 20 40 27 fd ff
INFO - 89 42 08 40 40 20 04 fc
INFO - 89 44 08 08 40 28 5a 16
INFO - 89 44 48 20 40 27 fd ff
INFO - 89 44 88 40 40 23 f0 01
INFO - 89 46 88 08 40 28 5a 16
INFO - 89 46 c8 20 40 27 fd ff
INFO - 89 46 08 40 40 20 04 fc
INFO - 89 48 08 08 40 28 5a 16
INFO - 89 48 48 20 40 27 fd fd
INFO - 89 48 88 40 40 23 f0 00
INFO - 89 4a 88 08 40 28 5a 16
INFO - 89 4a c8 20 40 27 f5 fd
INFO - 89 4a 08 40 40 20 00 01
INFO - 89 4c 08 08 40 28 5a 16
INFO - 89 4c 48 20 40 27 f5 fd
INFO - 89 4c 88 40 40 20 04 fc
INFO - 89 4e 88 08 40 28 5a 16
INFO - 89 4e c8 20 40 27 f5 fd
INFO - 89 4e 08 40 40 23 f0 fd
INFO - 89 50 08 08 40 28 5a 16
INFO - 89 50 48 20 40 27 f5 fd
INFO - 89 50 88 40 40 23 f4 01
INFO - 89 52 88 08 40 28 59 cd
INFO - 89 52 c8 20 40 27 f5 fd
INFO - 89 52 08 40 40 20 04 fc
INFO - 89 54 08 08 40 27 35 c0
INFO - 89 54 48 20 40 27 f5 fd
INFO - 89 54 88 40 40 23 f0 01
INFO - 89 56 88 08 40 27 01 c0
INFO - 89 56 c8 20 40 27 f5 ff
INFO - 89 56 08 40 40 20 04 fc
INFO - 89 58 08 08 40 27 01 c0
INFO - 89 58 48 20 40 27 fd ff
INFO - 89 58 88 40 40 23 f0 00
INFO - 89 5a 88 08 40 27 01 c0
INFO - 89 5a c8 20 40 27 fd ff
INFO - 89 5a 08 40 40 20 00 01
INFO - 89 5c 08 08 40 27 01 c0
INFO - 89 5c 48 20 40 27 fd ff
INFO - 89 5c 88 40 40 20 04 fc
INFO - 89 5e 88 08 40 27 01 c0
INFO - 89 5e c8 20 40 27 fd ff
INFO - 89 5e 08 40 40 23 f0 00
INFO - 89 60 08 08 40 27 01 c0
INFO - 89 60 48 20 40 27 fd ff
INFO - 89 60 88 40 40 20 00 01
INFO - 89 62 88 08 40 27 01 c0
INFO - 89 62 c8 20 40 27 fd fd
INFO - 89 62 08 40 40 20 04 fc
INFO - 89 64 08 08 40 27 01 c0
INFO - 89 64 48 20 40 27 f5 fd
INFO - 89 64 88 40 40 23 f0 01
INFO - 89 66 88 08 40 27 01 c0
INFO - 89 66 c8 20 40 27 f5 ff
INFO - 89 66 08 40 40 20 04 fc
INFO - 89 68 08 08 40 27 01 c0
INFO - 89 68 48 20 40 27 fd ff
INFO - 89 68 88 40 40 23 f0 00
INFO - 89 6a 88 08 40 27 01 c0
INFO - 89 6a c8 20 40 27 fd ff
INFO - 89 6a 08 40 40 20 00 01
INFO - 89 6c 08 08 40 27 01 c0
INFO - 89 6c 48 20 40 27 fd ff
INFO - 89 6c 88 40 40 20 04 fc
INFO - 89 6e 88 08 40 27 01 c0
INFO - 89 6e c8 20 40 27 fd ff
INFO - 89 6e 08 40 40 23 f0 01
INFO - 89 70 08 08 40 27 01 bf
INFO - 89 70 48 20 40 27 fd fd
INFO - 89 70 88 40 40 20 04 fc
INFO - 89 72 88 08 40 26 fd be
INFO - 89 72 c8 20 40 27 f5 fd
INFO - 89 72 08 40 40 23 f0 00
INFO - 89 74 08 08 40 26 f9 be
INFO - 89 74 48 20 40 27 f5 fd
INFO - 89 74 88 40 40 20 00 01
INFO - 89 76 88 08 40 26 f9 be
INFO - 89 76 c8 20 40 27 f5 fd
INFO - 89 76 08 40 40 20 04 fc
INFO - 89 78 08 08 40 26 f9 f8
INFO - 89 78 48 20 40 27 f5 fb
INFO - 89 78 88 40 40 23 f0 00
INFO - 89 7a 88 08 40 27 e1 cf
INFO - 89 7a c8 20 40 27 ed fb
INFO - 89 7a 08 40 40 20 00 01
INFO - 89 7c 08 08 40 27 3d bd
INFO - 89 7c 48 20 40 27 ed fb
INFO - 89 7c 88 40 40 20 04 fc
INFO - 89 7e 88 08 40 26 f5 bd
INFO - 89 7e c8 20 40 27 ed fb
INFO - 89 7e 08 40 40 23 f0 01
INFO - 89 80 08 08 40 26 f5 bd
INFO - 89 80 48 20 40 27 ed fb
INFO - 89 80 88 40 40 20 04 fc
INFO - 89 82 88 08 40 26 f5 bd
INFO - 89 82 c8 20 40 27 ed fb
INFO - 89 82 08 40 40 23 f0 fd
INFO - 89 84 08 08 40 26 f5 bd
INFO - 89 84 48 20 40 27 ed fb
INFO - 89 84 88 40 40 23 f4 01
INFO - 89 86 88 08 40 26 f5 bd
INFO - 89 86 c8 20 40 27 ed fb
INFO - 89 86 08 40 40 20 04 fc
INFO - 89 88 08 08 42 c6 f6 15
INFO - 89 88 48 20 42 c7 ed fd
INFO - 89 88 88 40 42 c3 f0 00
INFO - 89 b4 08 08 40 28 56 15
INFO - 89 b4 48 20 40 27 f5 fd
INFO - 89 b4 88 40 40 20 00 00
INFO - 89 b6 88 08 40 28 55 bd
INFO - 89 b6 c8 20 40 27 f5 fd
INFO - 89 b6 08 40 40 20 00 fc
INFO - 89 b8 08 08 40 26 f5 b0
INFO - 89 b8 48 20 40 27 f5 fb
INFO - 89 b8 88 40 40 23 f0 00
INFO - 89 ba 88 08 40 26 c1 b0
INFO - 89 ba c8 20 40 27 ed fb
INFO - 89 ba 08 40 40 20 00 01
INFO - 89 bc 08 08 40 26 c1 b0
INFO - 89 bc 48 20 40 27 ed fb
INFO - 89 bc 88 40 40 20 04 fc
INFO - 89 be 88 08 40 26 c1 b0
INFO - 89 be c8 20 40 27 ed fb
INFO - 89 be 08 40 40 23 f0 fd
INFO - 89 c0 08 08 40 26 c1 b0
INFO - 89 c0 48 20 40 27 ed fb
INFO - 89 c0 88 40 40 23 f4 01
INFO - 89 c2 88 08 40 26 c1 b0
INFO - 89 c2 c8 20 40 27 ed fb
INFO - 89 c2 08 40 40 20 04 fc
INFO - 89 c4 08 08 40 26 c1 b0
INFO - 89 c4 48 20 40 27 ed fb
INFO - 89 c4 88 40 40 23 f0 01
INFO - 89 c6 88 08 40 26 c1 b0
INFO - 89 c6 c8 20 40 27 ed fd
INFO - 89 c6 08 40 40 20 04 fc
INFO - 89 c8 08 08 40 26 c1 b0
INFO - 89 c8 48 20 40 27 f5 fd
INFO - 89 c8 88 40 40 23 f0 fd
INFO - 89 ca 88 08 40 26 c1 b0
INFO - 89 ca c8 20 40 27 f5 fd
INFO - 89 ca 08 40 40 23 f4 01
INFO - 89 cc 08 08 40 26 c1 b0
INFO - 89 cc 48 20 40 27 f5 fd
INFO - 89 cc 88 40 40 20 04 fc
INFO - 89 ce 88 08 40 26 c1 b0
INFO - 89 ce c8 20 40 27 f5 fd
INFO - 89 ce 08 40 40 23 f0 fd
INFO - 89 d0 08 08 40 26 c1 b0
INFO - 89 d0 48 20 40 27 f5 fd
INFO - 89 d0 88 40 40 23 f4 01
INFO - 89 d2 88 08 40 26 c1 fe
INFO - 89 d2 c8 20 40 27 f5 ff
INFO - 89 d2 08 40 40 20 04 fc
INFO - 89 d4 08 08 40 27 fa 10
INFO - 89 d4 48 20 40 27 fd ff
INFO - 89 d4 88 40 40 23 f0 00
INFO - 89 d6 88 08 40 28 42 10
INFO - 89 d6 c8 20 40 27 fd ff
INFO - 89 d6 08 40 40 20 00 01
INFO - 89 d8 08 08 40 28 42 10
INFO - 89 d8 48 20 40 27 fd fd
INFO - 89 d8 88 40 40 20 04 fc
INFO - 89 da 88 08 40 28 42 10
INFO - 89 da c8 20 40 27 f5 fd
INFO - 89 da 08 40 40 23 f0 01
INFO - 89 dc 08 08 40 28 42 10
INFO - 89 dc 48 20 40 27 f5 fd
INFO - 89 dc 88 40 40 20 04 fc
INFO - 89 de 88 08 40 28 42 10
INFO - 89 de c8 20 40 27 f5 fd
INFO - 89 de 08 40 40 23 f0 00
INFO - 89 e0 08 08 40 28 42 10
INFO - 89 e0 48 20 40 27 f5 ff
INFO - 89 e0 88 40 40 20 00 01
INFO - 89 e2 88 08 40 28 42 10
INFO - 89 e2 c8 20 40 27 fd ff
INFO - 89 e2 08 40 40 20 04 fc
INFO - 89 e4 08 08 40 28 42 10
INFO - 89 e4 48 20 40 27 fd ff
INFO - 89 e4 88 40 40 23 f0 fd
INFO - 89 e6 88 08 40 28 41 f3
INFO - 89 e6 c8 20 40 27 fd ff
INFO - 89 e6 08 40 40 23 f4 01
INFO - 89 e8 08 08 40 27 ce 0b
INFO - 89 e8 48 20 40 27 fd ff
INFO - 89 e8 88 40 40 20 04 fc
INFO - 89 ea 88 08 40 28 2e 13
INFO - 89 ea c8 20 40 27 fd ff
INFO - 89 ea 08 40 40 23 f0 01
INFO - 89 ec 08 08 40 28 4e 13
INFO - 89 ec 48 20 40 27 fd fd
INFO - 89 ec 88 40 40 20 04 fc
INFO - 89 ee 88 08 40 28 4e 13
INFO - 89 ee c8 20 40 27 f5 fd
INFO - 89 ee 08 40 40 23 f0 fd
INFO - 89 f0 08 08 40 28 4e 13
INFO - 89 f0 48 20 40 27 f5 ff
INFO - 89 f0 88 40 40 23 f4 01
INFO - 89 f2 88 08 40 28 4e 13
INFO - 89 f2 c8 20 40 27 fd ff
INFO - 89 f2 08 40 40 20 04 fc
INFO - 89 f4 08 08 40 28 4e 13
INFO - 89 f4 48 20 40 27 fd ff
INFO - 89 f4 88 40 40 23 f0 00
INFO - 89 f6 88 08 40 28 4e 13
INFO - 89 f6 c8 20 40 27 fd ff
INFO - 89 f6 08 40 40 20 00 00
INFO - 89 f8 08 08 40 28 4e 13
INFO - 89 f8 48 20 40 27 fd fd
INFO - 89 f8 88 40 40 20 00 01
INFO - 89 fa 88 08 40 28 4e 13
INFO - 89 fa c8 20 40 27 f5 fd
INFO - 89 fa 08 40 40 20 04 fc
INFO - 89 fc 08 08 40 28 4e 13
INFO - 89 fc 48 20 40 27 f5 fb
INFO - 89 fc 88 40 40 23 f0 fd
INFO - 89 fe 88 08 40 28 4e 13
INFO - 89 fe c8 20 40 27 ed fd
INFO - 89 fe 08 40 40 23 f4 01
INFO - 8a 00 08 08 40 28 4e 13
INFO - 8a 00 48 20 40 27 f5 fd
INFO - 8a 00 88 40 40 20 04 fc
INFO - 8a 02 88 08 40 28 4e 13
INFO - 8a 02 c8 20 40 27 f5 fd
INFO - 8a 02 08 40 40 23 f0 01
INFO - 8a 04 08 08 40 28 4e 13
INFO - 8a 04 48 20 40 27 f5 fd
INFO - 8a 04 88 40 40 20 04 fc
INFO - 8a 06 88 08 40 28 4e 13
INFO - 8a 06 c8 20 40 27 f5 fd
INFO - 8a 06 08 40 40 23 f0 01
INFO - 8a 08 08 08 40 28 4d ef
INFO - 8a 08 48 20 40 27 f5 fd
INFO - 8a 08 88 40 40 20 04 fc
INFO - 8a 0a 88 08 40 27 bd e8
INFO - 8a 0a c8 20 40 27 f5 fd
INFO - 8a 0a 08 40 40 23 f0 00
INFO - 8a 0c 08 08 40 27 a1 e8
INFO - 8a 0c 48 20 40 27 f5 fd
INFO - 8a 0c 88 40 40 20 00 01
INFO - 8a 0e 88 08 40 27 a1 e8
INFO - 8a 0e c8 20 40 27 f5 fd
INFO - 8a 0e 08 40 40 20 04 fc
INFO - 8a 10 08 08 40 27 a1 e8
INFO - 8a 10 48 20 40 27 f5 fd
INFO - 8a 10 88 40 40 23 f0 01
INFO - 8a 12 88 08 40 27 a1 e8
INFO - 8a 12 c8 20 40 27 f5 fd
INFO - 8a 12 08 40 40 20 04 fc
INFO - 8a 14 08 08 40 27 a1 e8
INFO - 8a 14 48 20 40 27 f5 fd
INFO - 8a 14 88 40 40 23 f0 fd
INFO - 8a 16 88 08 40 27 a1 e8
INFO - 8a 16 c8 20 40 27 f5 fb
INFO - 8a 16 08 40 40 23 f4 01
INFO - 8a 18 08 08 40 27 a1 e8
INFO - 8a 18 48 20 40 27 ed fb
INFO - 8a 18 88 40 40 20 04 fc
INFO - 8a 1a 88 08 40 27 a1 e8
INFO - 8a 1a c8 20 40 27 ed fb
INFO - 8a 1a 08 40 40 23 f0 01
INFO - 8a 1c 08 08 40 27 a1 e8
INFO - 8a 1c 48 20 40 27 ed fb
INFO - 8a 1c 88 40 40 20 04 fc
INFO - 8a 1e 88 08 40 27 a1 e8
INFO - 8a 1e c8 20 40 27 ed fb
INFO - 8a 1e 08 40 40 23 f0 fd
INFO - 8a 20 08 08 40 27 a1 e8
INFO - 8a 20 48 20 40 27 ed fd
INFO - 8a 20 88 40 40 23 f4 01
INFO - 8a 22 88 08 40 27 a1 e8
INFO - 8a 22 c8 20 40 27 f5 fd
INFO - 8a 22 08 40 40 20 04 fc
INFO - 8a 24 08 08 40 27 a1 e8
INFO - 8a 24 48 20 40 27 f5 ff
INFO - 8a 24 88 40 40 23 f0 fd
INFO - 8a 26 88 08 40 27 a2 02
INFO - 8a 26 c8 20 40 27 fd fd
INFO - 8a 26 08 40 40 23 f4 01
INFO - 8a 28 08 08 40 28 0a 09
INFO - 8a 28 48 20 40 27 f5 fd
INFO - 8a 28 88 40 40 20 04 fc
INFO - 8a 2a 88 08 40 28 26 09
INFO - 8a 2a c8 20 40 27 f5 fd
INFO - 8a 2a 08 40 40 23 f0 00
INFO - 8a 2c 08 08 40 28 26 09
INFO - 8a 2c 48 20 40 27 f5 fd
INFO - 8a 2c 88 40 40 20 00 01
INFO - 8a 2e 88 08 40 28 26 09
INFO - 8a 2e c8 20 40 27 f5 fd
INFO - 8a 2e 08 40 40 20 04 fc
INFO - 8a 30 08 08 40 28 26 09
INFO - 8a 30 48 20 40 27 f5 fd
INFO - 8a 30 88 40 40 23 f0 fd
INFO - 8a 32 88 08 40 28 26 09
INFO - 8a 32 c8 20 40 27 f5 fd
INFO - 8a 32 08 40 40 23 f4 01
INFO - 8a 34 08 08 40 28 26 09
INFO - 8a 34 48 20 40 27 f5 fd
INFO - 8a 34 88 40 40 20 04 fc
INFO - 8a 36 88 08 40 28 26 09
INFO - 8a 36 c8 20 40 27 f5 ff
INFO - 8a 36 08 40 40 23 f0 00
INFO - 8a 38 08 08 40 28 26 09
INFO - 8a 38 48 20 40 27 fd ff
INFO - 8a 38 88 40 40 20 00 01
INFO - 8a 3a 88 08 40 28 26 09
INFO - 8a 3a c8 20 40 27 fd ff
INFO - 8a 3a 08 40 40 20 04 00
INFO - 8a 3c 08 08 40 28 26 09
INFO - 8a 3c 48 20 40 27 fd ff
INFO - 8a 3c 88 40 40 20 00 fc
INFO - 8a 3e 88 08 40 28 26 09
INFO - 8a 3e c8 20 40 27 fd ff
INFO - 8a 3e 08 40 40 23 f0 00
INFO - 8a 40 08 08 40 28 26 09
INFO - 8a 40 48 20 40 27 fd fd
INFO - 8a 40 88 40 40 20 00 01
INFO - 8a 42 88 08 40 28 25 eb
INFO - 8a 42 c8 20 40 27 f5 fd
INFO - 8a 42 08 40 40 20 04 fc
INFO - 8a 44 08 08 40 27 ad e6
INFO - 8a 44 48 20 40 27 f5 fb
INFO - 8a 44 88 40 40 23 f0 00
INFO - 8a 46 88 08 40 27 99 e6
INFO - 8a 46 c8 20 40 27 ed fb
INFO - 8a 46 08 40 40 20 00 01
INFO - 8a 48 08 08 40 27 99 e6
INFO - 8a 48 48 20 40 27 ed fb
INFO - 8a 48 88 40 40 20 04 fc
INFO - 8a 4a 88 08 40 27 99 e6
INFO - 8a 4a c8 20 40 27 ed fb
INFO - 8a 4a 08 40 40 23 f0 fd
INFO - 8a 4c 08 08 40 27 99 e6
INFO - 8a 4c 48 20 40 27 ed fb
INFO - 8a 4c 88 40 40 23 f4 01
INFO - 8a 4e 88 08 40 27 99 e6
INFO - 8a 4e c8 20 40 27 ed fb
INFO - 8a 4e 08 40 40 20 04 fc
INFO - 8a 50 08 08 40 27 99 e6
INFO - 8a 50 48 20 40 27 ed f9
INFO - 8a 50 88 40 40 23 f0 01
INFO - 8a 52 88 08 40 27 99 e6
INFO - 8a 52 c8 20 40 27 e5 fb
INFO - 8a 52 08 40 40 20 04 fc
INFO - 8a 54 08 08 40 27 99 e6
INFO - 8a 54 48 20 40 27 ed fb
INFO - 8a 54 88 40 40 23 f0 fd
INFO - 8a 56 88 08 40 27 99 e6
INFO - 8a 56 c8 20 40 27 ed fb
INFO - 8a 56 08 40 40 23 f4 01
INFO - 8a 58 08 08 40 27 99 e6
INFO - 8a 58 48 20 40 27 ed fd
INFO - 8a 58 88 40 40 20 04 fc
INFO - 8a 5a 88 08 40 27 99 e6
INFO - 8a 5a c8 20 40 27 f5 fd
INFO - 8a 5a 08 40 40 23 f0 01
INFO - 8a 5c 08 08 40 27 99 e6
INFO - 8a 5c 48 20 40 27 f5 fd
INFO - 8a 5c 88 40 40 20 04 fc
INFO - 8a 5e 88 08 40 27 99 e6
INFO - 8a 5e c8 20 40 27 f5 ff
INFO - 8a 5e 08 40 40 23 f0 fd
INFO - 8a 60 08 08 40 27 99 e6
INFO - 8a 60 48 20 40 27 fd ff
INFO - 8a 60 88 40 40 23 f4 01
INFO - 8a 62 88 08 40 27 9a 0f
INFO - 8a 62 c8 20 40 27 fd ff
INFO - 8a 62 08 40 40 20 04 fc
INFO - 8a 64 08 08 40 28 3e 1a
INFO - 8a 64 48 20 40 27 fd ff
INFO - 8a 64 88 40 40 23 f0 01
INFO - 8a 66 88 08 40 28 6a 1a
INFO - 8a 66 c8 20 40 27 fd ff
INFO - 8a 66 08 40 40 20 04 fc
INFO - 8a 68 08 08 40 28 6a 1a
INFO - 8a 68 48 20 40 27 fd ff
INFO - 8a 68 88 40 40 23 f0 fd
INFO - 8a 6a 88 08 40 28 6a 1a
INFO - 8a 6a c8 20 40 27 fd fd
INFO - 8a 6a 08 40 40 23 f4 01
INFO - 8a 6c 08 08 40 28 6a 1a
INFO - 8a 6c 48 20 40 27 f5 fd
INFO - 8a 6c 88 40 40 20 04 fc
INFO - 8a 6e 88 08 40 28 6a 1a
INFO - 8a 6e c8 20 40 27 f5 fd
INFO - 8a 6e 08 40 40 23 f0 01
INFO - 8a 70 08 08 40 28 6a 1a
INFO - 8a 70 48 20 40 27 f5 fb
INFO - 8a 70 88 40 40 20 04 fc
INFO - 8a 72 88 08 40 28 6a 1a
INFO - 8a 72 c8 20 40 27 ed fd
INFO - 8a 72 08 40 40 23 f0 00
INFO - 8a 74 08 08 40 28 6a 1a
INFO - 8a 74 48 20 40 27 f5 fd
INFO - 8a 74 88 40 40 20 00 01
INFO - 8a 76 88 08 40 28 6a 1a
INFO - 8a 76 c8 20 40 27 f5 fd
INFO - 8a 76 08 40 40 20 04 fc
INFO - 8a 78 08 08 40 28 6a 1a
INFO - 8a 78 48 20 40 27 f5 ff
INFO - 8a 78 88 40 40 23 f0 00
INFO - 8a 7a 88 08 40 28 6a 1a
INFO - 8a 7a c8 20 40 27 fd ff
INFO - 8a 7a 08 40 40 20 00 01
INFO - 8a 7c 08 08 40 28 6a 1a
INFO - 8a 7c 48 20 40 27 fd ff
INFO - 8a 7c 88 40 40 20 04 fc
INFO - 8a 7e 88 08 40 28 6a 1a
INFO - 8a 7e c8 20 40 27 fd ff
INFO - 8a 7e 08 40 40 23 f0 00
INFO - 8a 80 08 08 40 28 69 fd
INFO - 8a 80 48 20 40 27 fd ff
INFO - 8a 80 88 40 40 20 00 01
INFO - 8a 82 88 08 40 27 f5 f6
INFO - 8a 82 c8 20 40 27 fd fd
INFO - 8a 82 08 40 40 20 04 fc
INFO - 8a 84 08 08 40 27 d9 f6
INFO - 8a 84 48 20 40 27 f5 fd
INFO - 8a 84 88 40 40 23 f0 01
INFO - 8a 86 88 08 40 27 d9 f6
INFO - 8a 86 c8 20 40 27 f5 ff
INFO - 8a 86 08 40 40 20 04 fc
INFO - 8a 88 08 08 40 27 d9 f6
INFO - 8a 88 48 20 40 27 fd ff
INFO - 8a 88 88 40 40 23 f0 fd
INFO - 8a 8a 88 08 40 27 d9 f6
INFO - 8a 8a c8 20 40 27 fd ff
INFO - 8a 8a 08 40 40 23 f4 01
INFO - 8a 8c 08 08 40 27 d9 f6
INFO - 8a 8c 48 20 40 27 fd ff
INFO - 8a 8c 88 40 40 20 04 fc
INFO - 8a 8e 88 08 40 27 d9 f6
INFO - 8a 8e c8 20 40 27 fd ff
INFO - 8a 8e 08 40 40 23 f0 00
INFO - 8a 90 08 08 40 27 d9 f6
INFO - 8a 90 48 20 40 27 fd ff
INFO - 8a 90 88 40 40 20 00 01
INFO - 8a 92 88 08 40 27 d9 f6
INFO - 8a 92 c8 20 40 27 fd fd
INFO - 8a 92 08 40 40 20 04 fc
INFO - 8a 94 08 08 40 27 d9 f6
INFO - 8a 94 48 20 40 27 f5 fd
INFO - 8a 94 88 40 40 23 f0 00
INFO - 8a 96 88 08 40 27 d9 f6
INFO - 8a 96 c8 20 40 27 f5 fd
INFO - 8a 96 08 40 40 20 00 01
INFO - 8a 98 08 08 40 27 d9 f6
INFO - 8a 98 48 20 40 27 f5 fd
INFO - 8a 98 88 40 40 20 04 fc
INFO - 8a 9a 88 08 40 27 d9 f6
INFO - 8a 9a c8 20 40 27 f5 fd
INFO - 8a 9a 08 40 40 23 f0 01
INFO - 8a 9c 08 08 40 27 d9 f6
INFO - 8a 9c 48 20 40 27 f5 fd
INFO - 8a 9c 88 40 40 20 04 fc
INFO - 8a 9e 88 08 40 27 da 14
INFO - 8a 9e c8 20 40 27 f5 fd
INFO - 8a 9e 08 40 40 23 f0 fd
INFO - 8a a0 08 08 40 28 52 1c
INFO - 8a a0 48 20 40 27 f5 ff
INFO - 8a a0 88 40 40 23 f4 01
INFO - 8a a2 88 08 40 28 72 1c
INFO - 8a a2 c8 20 40 27 fd ff
INFO - 8a a2 08 40 40 20 04 fc
INFO - 8a a4 08 08 40 28 72 1c
INFO - 8a a4 48 20 40 27 fd ff
INFO - 8a a4 88 40 40 23 f0 00
INFO - 8a a6 88 08 40 28 72 1c
INFO - 8a a6 c8 20 40 27 fd ff
INFO - 8a a6 08 40 40 20 00 01
INFO - 8a a8 08 08 40 28 72 1c
INFO - 8a a8 48 20 40 27 fd ff
INFO - 8a a8 88 40 40 20 04 fc
INFO - 8a aa 88 08 40 28 72 1c
INFO - 8a aa c8 20 40 27 fd ff
INFO - 8a aa 08 40 40 23 f0 01
INFO - 8a ac 08 08 40 28 72 1c
INFO - 8a ac 48 20 40 27 fd ff
INFO - 8a ac 88 40 40 20 04 fc
INFO - 8a ae 88 08 40 28 72 1c
INFO - 8a ae c8 20 40 27 fd ff
INFO - 8a ae 08 40 40 23 f0 fd
INFO - 8a b0 08 08 40 28 72 1c
INFO - 8a b0 48 20 40 27 fd ff
INFO - 8a b0 88 40 40 23 f4 01
INFO - 8a b2 88 08 40 28 72 1c
INFO - 8a b2 c8 20 40 27 fd ff
INFO - 8a b2 08 40 40 20 04 fc
INFO - 8a b4 08 08 40 28 72 1c
INFO - 8a b4 48 20 40 27 fd ff
INFO - 8a b4 88 40 40 23 f0 00
INFO - 8a b6 88 08 40 28 72 1c
INFO - 8a b6 c8 20 40 27 fd ff
INFO - 8a b6 08 40 40 20 00 01
INFO - 8a b8 08 08 40 28 72 1c
INFO - 8a b8 48 20 40 27 fd ff
INFO - 8a b8 88 40 40 20 04 fc
INFO - 8a ba 88 08 40 28 72 1c
INFO - 8a ba c8 20 40 27 fe 01
INFO - 8a ba 08 40 40 23 f0 01
INFO - 8a bc 08 08 40 28 71 f0
INFO - 8a bc 48 20 40 28 06 01
INFO - 8a bc 88 40 40 20 04 fc
INFO - 8a be 88 08 40 27 c1 e8
INFO - 8a be c8 20 40 28 06 01
INFO - 8a be 08 40 40 23 f0 00
INFO - 8a c0 08 08 40 07 a1 e8
INFO - 8a c0 48 20 40 08 06 01
INFO - 8a c0 88 40 40 00 00 fd
INFO - 8a c0 88 08 40 37 a1 92
INFO - 8a c0 c8 20 40 38 06 03
INFO - 8a c0 08 40 40 33 f4 00
INFO - 8a c3 88 08 40 26 49 ad
INFO - 8a c3 c8 20 40 28 0e 03
INFO - 8a c3 08 40 40 20 00 00
INFO - 8a c5 08 08 40 26 b5 bd
INFO - 8a c5 48 20 40 28 0e 05
INFO - 8a c5 88 40 40 20 00 fc
INFO - 8a c7 88 08 40 26 f5 cd
INFO - 8a c7 c8 20 40 28 16 05
INFO - 8a c7 08 40 40 23 f0 fd
INFO - 8a c9 08 08 40 27 35 d2
INFO - 8a c9 48 20 40 28 16 05
INFO - 8a c9 88 40 40 23 f4 01
INFO - 8a cb 88 08 40 27 49 dd
INFO - 8a cb c8 20 40 28 16 07
INFO - 8a cb 08 40 40 20 04 fc
INFO - 8a cd 08 08 40 27 75 e2
INFO - 8a cd 48 20 40 28 1e 07
INFO - 8a cd 88 40 40 23 f0 01
INFO - 8a cf 88 08 40 27 89 e7
INFO - 8a cf c8 20 40 28 1e 07
INFO - 8a cf 08 40 40 20 04 fc
INFO - 8a d1 08 08 40 27 9d ea
INFO - 8a d1 48 20 40 28 1e 07
INFO - 8a d1 88 40 40 23 f0 00
INFO - 8a d3 88 08 40 27 a9 ed
INFO - 8a d3 c8 20 40 28 1e 07
INFO - 8a d3 08 40 40 20 00 01
INFO - 8a d5 08 08 40 27 b5 ef
INFO - 8a d5 48 20 40 28 1e 07
INFO - 8a d5 88 40 40 20 04 fc
INFO - 8a d7 88 08 40 27 bd f1
INFO - 8a d7 c8 20 40 28 1e 07
INFO - 8a d7 08 40 40 23 f0 fd
INFO - 8a d9 08 08 40 27 c5 f2
INFO - 8a d9 48 20 40 28 1e 09
INFO - 8a d9 88 40 40 23 f4 01
INFO - 8a db 88 08 40 27 c9 f4
INFO - 8a db c8 20 40 28 26 09
INFO - 8a db 08 40 40 20 04 fc
INFO - 8a dd 08 08 40 27 d1 f5
INFO - 8a dd 48 20 40 28 26 09
INFO - 8a dd 88 40 40 23 f0 01
INFO - 8a df 88 08 40 27 d5 f6
INFO - 8a df c8 20 40 28 26 09
INFO - 8a df 08 40 40 20 04 fc
INFO - 8a e1 08 08 40 27 d9 f7
INFO - 8a e1 48 20 40 28 26 09
INFO - 8a e1 88 40 40 23 f0 fd
INFO - 8a e3 88 08 40 27 dd f8
INFO - 8a e3 c8 20 40 28 26 09
INFO - 8a e3 08 40 40 23 f4 01
INFO - 8a e5 08 08 40 27 e1 f9
INFO - 8a e5 48 20 40 28 26 09
INFO - 8a e5 88 40 40 20 04 fc
INFO - 8a e7 88 08 40 27 e5 fa
INFO - 8a e7 c8 20 40 28 26 09
INFO - 8a e7 08 40 40 23 f0 01
INFO - 8a e9 08 08 40 27 e9 fa
INFO - 8a e9 48 20 40 28 26 09
INFO - 8a e9 88 40 40 20 04 fc
INFO - 8a eb 88 08 40 27 e9 fb
INFO - 8a eb c8 20 40 28 26 09
INFO - 8a eb 08 40 40 23 f0 fd
INFO - 8a ed 08 08 40 27 ed fb
INFO - 8a ed 48 20 40 28 26 09
INFO - 8a ed 88 40 40 23 f4 01
INFO - 8a ef 88 08 40 27 ed fc
INFO - 8a ef c8 20 40 28 26 09
INFO - 8a ef 08 40 40 20 04 fc
INFO - 8a f1 08 08 40 27 f1 fc
INFO - 8a f1 48 20 40 28 26 09
INFO - 8a f1 88 40 40 23 f0 00
INFO - 8a f3 88 08 40 27 f1 fd
INFO - 8a f3 c8 20 40 28 26 09
INFO - 8a f3 08 40 40 20 00 01
INFO - 8a f5 08 08 40 27 f5 fd
INFO - 8a f5 48 20 40 28 26 09
INFO - 8a f5 88 40 40 20 04 fc
INFO - 8a f7 88 08 40 27 f5 fe
INFO - 8a f7 c8 20 40 28 26 09
INFO - 8a f7 08 40 40 23 f0 01
INFO - 8a f9 08 08 40 27 f9 fe
INFO - 8a f9 48 20 40 28 26 09
INFO - 8a f9 88 40 40 20 04 fc
INFO - 8a fb 88 08 40 27 f9 ff
INFO - 8a fb c8 20 40 28 26 09
INFO - 8a fb 08 40 40 23 f0 fd
INFO - 8a fd 08 08 40 27 fd ff
INFO - 8a fd 48 20 40 28 26 09
INFO - 8a fd 88 40 40 23 f4 01
INFO - 8a ff 88 08 40 27 fd ff
INFO - 8a ff c8 20 40 28 26 09
INFO - 8a ff 08 40 40 20 04 fc
INFO - 8b 01 08 08 40 27 fe 00
INFO - 8b 01 48 20 40 28 26 09
INFO - 8b 01 88 40 40 23 f0 00
INFO - 8b 03 88 08 40 28 02 01
INFO - 8b 03 c8 20 40 28 26 09
INFO - 8b 03 08 40 40 20 00 01
INFO - 8b 05 08 08 40 28 06 02
INFO - 8b 05 48 20 40 28 26 07
INFO - 8b 05 88 40 40 20 04 fc
INFO - 8b 07 88 08 40 28 0a 03
INFO - 8b 07 c8 20 40 28 1e 07
INFO - 8b 07 08 40 40 23 f0 01
INFO - 8b 09 08 08 40 28 0e 04
INFO - 8b 09 48 20 40 28 1e 07
INFO - 8b 09 88 40 40 20 04 fc
INFO - 8b 0b 88 08 40 28 12 06
INFO - 8b 0b c8 20 40 28 1e 07
INFO - 8b 0b 08 40 40 23 f0 fd
INFO - 8b 0d 08 08 40 28 1a 09
INFO - 8b 0d 48 20 40 28 1e 07
INFO - 8b 0d 88 40 40 23 f4 01
INFO - 8b 0f 88 08 40 28 26 0e
INFO - 8b 0f c8 20 40 28 1e 05
INFO - 8b 0f 08 40 40 20 04 fc
INFO - 8b 11 08 08 40 28 3a 16
INFO - 8b 11 48 20 40 28 16 05
INFO - 8b 11 88 40 40 23 f0 fd
INFO - 8b 13 88 08 40 28 5a 24
INFO - 8b 13 c8 20 40 28 16 03
INFO - 8b 13 08 40 40 23 f4 01
INFO - 8b 15 08 08 40 28 92 44
INFO - 8b 15 48 20 40 28 0e 01
INFO - 8b 15 88 40 40 20 04 fc
INFO - 8b 17 88 08 40 29 12 79
INFO - 8b 17 c8 20 40 28 06 01
INFO - 8b 17 08 40 40 23 f0 01
INFO - 8b 19 08 08 40 09 e6 79
INFO - 8b 19 48 20 40 08 06 01
INFO - 8b 19 88 40 40 00 04 c3
INFO - ab 85 88 40 57 00 00 02
INFO - ab 85 c8 40 57 00 00 02
INFO - ab 85 08 40 57 00 00 02
INFO - ab 85 48 40 57 00 00 02
INFO - 8c 05 88 08 40 24 61 45
INFO - 8c 05 c8 20 40 28 16 05
INFO - 8c 05 08 40 40 23 0c 38
INFO - 8c 07 08 08 40 25 15 56
INFO - 8c 07 48 20 40 28 16 05
INFO - 8c 07 88 40 40 20 e0 01
INFO - 8c 09 88 08 40 25 59 72
INFO - 8c 09 c8 20 40 28 16 07
INFO - 8c 09 08 40 40 20 04 fc
INFO - 8c 0b 08 08 40 25 c9 86
INFO - 8c 0b 48 20 40 28 1e 07
INFO - 8c 0b 88 40 40 23 f0 00
INFO - 8c 0d 88 08 40 26 19 9c
INFO - 8c 0d c8 20 40 28 1e 07
INFO - 8c 0d 08 40 40 20 00 01
INFO - 8c 0f 08 08 40 26 71 a8
INFO - 8c 0f 48 20 40 28 1e 09
INFO - 8c 0f 88 40 40 20 04 fc
INFO - 8c 11 88 08 40 26 a1 b1
INFO - 8c 11 c8 20 40 28 26 09
INFO - 8c 11 08 40 40 23 f0 01
INFO - 8c 13 08 08 40 26 c5 b8
INFO - 8c 13 48 20 40 28 26 09
INFO - 8c 13 88 40 40 20 04 fc
INFO - 8c 15 88 08 40 26 e1 be
INFO - 8c 15 c8 20 40 28 26 09
INFO - 8c 15 08 40 40 23 f0 fd
INFO - 8c 17 08 08 40 26 f9 c5
INFO - 8c 17 48 20 40 28 26 09
INFO - 8c 17 88 40 40 23 f4 01
INFO - 8c 19 88 08 40 27 15 cc
INFO - 8c 19 c8 20 40 28 26 09
INFO - 8c 19 08 40 40 20 04 fc
INFO - 8c 1b 08 08 40 27 31 cf
INFO - 8c 1b 48 20 40 28 26 09
INFO - 8c 1b 88 40 40 23 f0 01
INFO - 8c 1d 88 08 40 27 3d d5
INFO - 8c 1d c8 20 40 28 26 09
INFO - 8c 1d 08 40 40 20 04 fc
INFO - 8c 1f 08 08 40 27 55 dc
INFO - 8c 1f 48 20 40 28 26 09
INFO - 8c 1f 88 40 40 23 f0 fd
INFO - 8c 21 88 08 40 27 71 e2
INFO - 8c 21 c8 20 40 28 26 07
INFO - 8c 21 08 40 40 23 f4 01
INFO - 8c 23 08 08 40 27 89 ea
INFO - 8c 23 48 20 40 28 1e 07
INFO - 8c 23 88 40 40 20 04 fc
INFO - 8c 25 88 08 40 27 a9 f8
INFO - 8c 25 c8 20 40 28 1e 07
INFO - 8c 25 08 40 40 23 f0 01
INFO - 8c 27 08 08 40 27 e2 13
INFO - 8c 27 48 20 40 28 1e 05
INFO - 8c 27 88 40 40 20 04 fc
INFO - 8c 29 88 08 40 28 4e 6b
INFO - 8c 29 c8 20 40 28 16 01
INFO - 8c 29 08 40 40 23 f0 fd
INFO - 8c 2b 08 08 40 29 ae b6
INFO - 8c 2b 48 20 40 28 06 01
INFO - 8c 2b 88 40 40 23 f4 01
INFO - 8c 2d 88 08 40 0a da b6
INFO - 8c 2d c8 20 40 08 06 01
INFO - 8c 2d 08 40 40 00 04 c3
INFO - 8c a8 88 08 40 27 b1 ec
INFO - 8c a8 c8 20 40 28 26 09
INFO - 8c a8 08 40 40 23 0c 3a
INFO - 8c aa 08 08 40 27 b1 ec
INFO - 8c aa 48 20 40 28 26 09
INFO - 8c aa 88 40 40 20 e8 fd
INFO - 8c ac 88 08 40 27 b1 ec
INFO - 8c ac c8 20 40 28 26 0b
INFO - 8c ac 08 40 40 23 f4 fd
INFO - 8c ae 08 08 40 27 b1 ec
INFO - 8c ae 48 20 40 28 2e 09
INFO - 8c ae 88 40 40 23 f4 00
INFO - 8c b0 88 08 40 27 b1 ec
INFO - 8c b0 c8 20 40 28 26 09
INFO - 8c b0 08 40 40 20 00 01
INFO - 8c b2 08 08 40 07 b1 ec
INFO - 8c b2 48 20 40 08 26 09
INFO - 8c b2 88 40 40 00 04 fc
INFO - 8c b2 88 08 40 27 b1 ec
INFO - 8c b2 c8 20 40 28 26 09
INFO - 8c b2 08 40 40 23 f0 02
INFO - 8c b4 08 08 40 27 b1 ec
INFO - 8c b4 48 20 40 28 26 09
INFO - 8c b4 88 40 40 20 08 fc
INFO - 8c b6 88 08 40 37 b1 ec
INFO - 8c b6 c8 20 40 38 26 09
INFO - 8c b6 08 40 40 33 f0 01
INFO - 8c b9 08 08 40 27 b1 ec
INFO - 8c b9 48 20 40 28 26 09
INFO - 8c b9 88 40 40 20 04 fc
INFO - 8c bb 88 08 40 27 b1 f6
INFO - 8c bb c8 20 40 28 26 05
INFO - 8c bb 08 40 40 23 f0 00
INFO - 8c bd 88 08 40 17 da 08
INFO - 8c bd c8 20 40 18 16 05
INFO - 8c bd 08 40 40 10 00 fd
INFO - 8c be 08 08 40 28 22 0c
INFO - 8c be 48 20 40 28 16 07
INFO - 8c be 88 40 40 23 f4 01
INFO - 8c c0 88 08 40 28 32 0c
INFO - 8c c0 c8 20 40 28 1e 07
INFO - 8c c0 08 40 40 20 04 fc
INFO - 8c c2 08 08 40 28 32 0c
INFO - 8c c2 48 20 40 28 1e 09
INFO - 8c c2 88 40 40 23 f0 00
INFO - 8c c4 88 08 40 28 32 0c
INFO - 8c c4 c8 20 40 28 26 09
INFO - 8c c4 08 40 40 20 00 01
INFO - 8c c6 08 08 40 28 32 0c
INFO - 8c c6 48 20 40 28 26 09
INFO - 8c c6 88 40 40 20 04 fc
INFO - 8c c8 88 08 40 28 32 0c
INFO - 8c c8 c8 20 40 28 26 09
INFO - 8c c8 08 40 40 23 f0 00
INFO - 8c ca 08 08 40 28 32 0c
INFO - 8c ca 48 20 40 28 26 09
INFO - 8c ca 88 40 40 20 00 01
INFO - 8c cc 88 08 40 28 32 0c
INFO - 8c cc c8 20 40 28 26 09
INFO - 8c cc 08 40 40 20 04 fc
INFO - 8c ce 08 08 40 28 32 0c
INFO - 8c ce 48 20 40 28 26 0b
INFO - 8c ce 88 40 40 23 f0 00
INFO - 8c d0 88 08 40 28 32 0c
INFO - 8c d0 c8 20 40 28 2e 0b
INFO - 8c d0 08 40 40 20 00 01
INFO - 8c d2 08 08 40 28 32 0c
INFO - 8c d2 48 20 40 28 2e 0b
INFO - 8c d2 88 40 40 20 04 fc
INFO - 8c d4 88 08 40 28 32 0c
INFO - 8c d4 c8 20 40 28 2e 09
INFO - 8c d4 08 40 40 23 f0 fd
INFO - 8c d6 08 08 40 28 32 0c
INFO - 8c d6 48 20 40 28 26 07
INFO - 8c d6 88 40 40 23 f4 01
INFO - 8c d8 88 08 40 28 32 0c
INFO - 8c d8 c8 20 40 28 1e 07
INFO - 8c d8 08 40 40 20 04 fc
INFO - 8c da 08 08 40 28 32 0d
INFO - 8c da 48 20 40 28 1e 07
INFO - 8c da 88 40 40 23 f0 01
INFO - 8c dc 88 08 40 28 36 0d
INFO - 8c dc c8 20 40 28 1e 07
INFO - 8c dc 08 40 40 20 04 fc
INFO - 8c de 08 08 40 28 36 0d
INFO - 8c de 48 20 40 28 1e 09
INFO - 8c de 88 40 40 23 f0 00
INFO - 8c e0 88 08 40 28 36 0d
INFO - 8c e0 c8 20 40 28 26 09
INFO - 8c e0 08 40 40 20 00 01
INFO - 8c e2 08 08 40 28 36 0d
INFO - 8c e2 48 20 40 28 26 0b
INFO - 8c e2 88 40 40 20 04 fc
INFO - 8c e4 88 08 40 28 36 0d
INFO - 8c e4 c8 20 40 28 2e 0b
INFO - 8c e4 08 40 40 23 f0 fd
INFO - 8c e6 08 08 40 28 36 0d
INFO - 8c e6 48 20 40 28 2e 09
INFO - 8c e6 88 40 40 23 f4 01
INFO - 8c e8 88 08 40 28 36 0d
INFO - 8c e8 c8 20 40 28 26 09
INFO - 8c e8 08 40 40 20 04 fc
INFO - 8c ea 08 08 40 28 36 0d
INFO - 8c ea 48 20 40 28 26 09
INFO - 8c ea 88 40 40 23 f0 00
INFO - 8c ec 88 08 40 28 36 0d
INFO - 8c ec c8 20 40 28 26 09
INFO - 8c ec 08 40 40 20 00 01
INFO - 8c ee 08 08 40 28 36 0d
INFO - 8c ee 48 20 40 28 26 09
INFO - 8c ee 88 40 40 20 04 fc
INFO - 8c f0 88 08 40 28 36 0d
INFO - 8c f0 c8 20 40 28 26 07
INFO - 8c f0 08 40 40 23 f0 fd
INFO - 8c f2 08 08 40 28 36 0d
INFO - 8c f2 48 20 40 28 1e 07
INFO - 8c f2 88 40 40 23 f4 01
INFO - 8c f4 88 08 40 28 36 0d
INFO - 8c f4 c8 20 40 28 1e 07
INFO - 8c f4 08 40 40 20 04 fc
INFO - 8c f6 08 08 40 28 36 0d
INFO - 8c f6 48 20 40 28 1e 07
INFO - 8c f6 88 40 40 23 f0 00
INFO - 8c f8 88 08 40 28 36 0d
INFO - 8c f8 c8 20 40 28 1e 09
INFO - 8c f8 08 40 40 20 00 01
INFO - 8c fa 08 08 40 28 35 f0
INFO - 8c fa 48 20 40 28 26 0b
INFO - 8c fa 88 40 40 20 04 fc
INFO - 8c fc 88 08 40 27 c1 e9
INFO - 8c fc c8 20 40 28 2e 09
INFO - 8c fc 08 40 40 23 f0 fd
INFO - 8c fe 08 08 40 27 a5 e9
INFO - 8c fe 48 20 40 28 26 09
INFO - 8c fe 88 40 40 23 f4 01
INFO - 8d 00 88 08 40 27 a5 e9
INFO - 8d 00 c8 20 40 28 26 07
INFO - 8d 00 08 40 40 20 04 fc
INFO - 8d 02 08 08 40 27 a5 e9
INFO - 8d 02 48 20 40 28 1e 07
INFO - 8d 02 88 40 40 23 f0 01
INFO - 8d 04 88 08 40 27 a5 e9
INFO - 8d 04 c8 20 40 28 1e 09
INFO - 8d 04 08 40 40 20 04 fc
INFO - 8d 06 08 08 40 27 a5 e9
INFO - 8d 06 48 20 40 28 26 09
INFO - 8d 06 88 40 40 23 f0 01
INFO - 8d 08 88 08 40 27 a5 e9
INFO - 8d 08 c8 20 40 28 26 07
INFO - 8d 08 08 40 40 20 04 fc
INFO - 8d 0a 08 08 40 27 a5 e9
INFO - 8d 0a 48 20 40 28 1e 05
INFO - 8d 0a 88 40 40 23 f0 00
INFO - 8d 0c 88 08 40 27 a5 e9
INFO - 8d 0c c8 20 40 28 16 05
INFO - 8d 0c 08 40 40 20 00 01
INFO - 8d 0e 08 08 40 27 a5 e9
INFO - 8d 0e 48 20 40 28 16 05
INFO - 8d 0e 88 40 40 20 04 fc
INFO - 8d 10 88 08 40 27 a5 e9
INFO - 8d 10 c8 20 40 28 16 07
INFO - 8d 10 08 40 40 23 f0 fd
INFO - 8d 12 08 08 40 27 a5 e9
INFO - 8d 12 48 20 40 28 1e 07
INFO - 8d 12 88 40 40 23 f4 01
INFO - 8d 14 88 08 40 27 a5 e9
INFO - 8d 14 c8 20 40 28 1e 07
INFO - 8d 14 08 40 40 20 04 fc
INFO - 8d 16 08 08 40 27 a5 e9
INFO - 8d 16 48 20 40 28 1e 05
INFO - 8d 16 88 40 40 23 f0 01
INFO - 8d 18 88 08 40 27 a6 1d
INFO - 8d 18 c8 20 40 28 16 05
INFO - 8d 18 08 40 40 20 04 fc
INFO - 8d 1a 08 08 40 28 76 2c
INFO - 8d 1a 48 20 40 28 16 05
INFO - 8d 1a 88 40 40 23 f0 fd
INFO - 8d 1c 88 08 40 28 b2 2c
INFO - 8d 1c c8 20 40 28 16 07
INFO - 8d 1c 08 40 40 23 f4 01
INFO - 8d 1e 08 08 40 28 b2 2c
INFO - 8d 1e 48 20 40 28 1e 07
INFO - 8d 1e 88 40 40 20 04 fc
INFO - 8d 20 88 08 40 28 b2 2c
INFO - 8d 20 c8 20 40 28 1e 07
INFO - 8d 20 08 40 40 23 f0 00
INFO - 8d 22 08 08 40 28 b2 2c
INFO - 8d 22 48 20 40 28 1e 05
INFO - 8d 22 88 40 40 20 00 01
INFO - 8d 24 88 08 40 28 b2 2c
INFO - 8d 24 c8 20 40 28 16 05
INFO - 8d 24 08 40 40 20 04 fc
INFO - 8d 26 08 08 40 28 b2 2c
INFO - 8d 26 48 20 40 28 16 05
INFO - 8d 26 88 40 40 23 f0 01
INFO - 8d 28 88 08 40 28 b2 2c
INFO - 8d 28 c8 20 40 28 16 05
INFO - 8d 28 08 40 40 20 04 fc
INFO - 8d 2a 08 08 40 28 b2 2c
INFO - 8d 2a 48 20 40 28 16 05
INFO - 8d 2a 88 40 40 23 f0 fd
INFO - 8d 2c 88 08 40 28 b2 2c
INFO - 8d 2c c8 20 40 28 16 05
INFO - 8d 2c 08 40 40 23 f4 01
INFO - 8d 2e 08 08 40 28 b2 2c
INFO - 8d 2e 48 20 40 28 16 05
INFO - 8d 2e 88 40 40 20 04 fc
INFO - 8d 30 88 08 40 28 b2 2c
INFO - 8d 30 c8 20 40 28 16 05
INFO - 8d 30 08 40 40 23 f0 01
INFO - 8d 32 08 08 40 28 b2 2c
INFO - 8d 32 48 20 40 28 16 05
INFO - 8d 32 88 40 40 20 04 fc
INFO - 8d 34 88 08 40 28 b2 2c
INFO - 8d 34 c8 20 40 28 16 05
INFO - 8d 34 08 40 40 23 f0 01
INFO - 8d 36 08 08 40 28 b2 02
INFO - 8d 36 48 20 40 28 16 03
INFO - 8d 36 88 40 40 20 04 fc
INFO - 8d 38 88 08 40 28 09 fa
INFO - 8d 38 c8 20 40 28 0e 03
INFO - 8d 38 08 40 40 23 f0 00
INFO - 8d 3a 08 08 40 07 e9 fa
INFO - 8d 3a 48 20 40 08 0e 03
INFO - 8d 3a 88 40 40 00 00 c5
INFO - 8d 73 88 08 40 27 e9 f0
INFO - 8d 73 c8 20 40 28 16 05
INFO - 8d 73 08 40 40 23 14 3a
INFO - 8d 75 08 08 40 27 c1 ee
INFO - 8d 75 48 20 40 28 16 05
INFO - 8d 75 88 40 40 20 e8 fc
INFO - 8d 77 88 08 40 27 b9 ee
INFO - 8d 77 c8 20 40 28 16 05
INFO - 8d 77 08 40 40 23 f0 00
INFO - 8d 79 08 08 40 27 b9 ee
INFO - 8d 79 48 20 40 28 16 05
INFO - 8d 79 88 40 40 20 00 01
INFO - 8d 7b 88 08 40 27 b9 ee
INFO - 8d 7b c8 20 40 28 16 05
INFO - 8d 7b 08 40 40 20 04 fc
INFO - 8d 7d 08 08 40 27 b9 ee
INFO - 8d 7d 48 20 40 28 16 05
INFO - 8d 7d 88 40 40 23 f0 01
INFO - 8d 7f 88 08 40 27 b9 ee
INFO - 8d 7f c8 20 40 28 16 05
INFO - 8d 7f 08 40 40 20 04 fc
INFO - 8d 81 08 08 40 27 b9 ee
INFO - 8d 81 48 20 40 28 16 05
INFO - 8d 81 88 40 40 23 f0 fd
INFO - 8d 83 88 08 40 27 b9 ee
INFO - 8d 83 c8 20 40 28 16 05
INFO - 8d 83 08 40 40 23 f4 01
INFO - 8d 85 08 08 40 27 b9 ee
INFO - 8d 85 48 20 40 28 16 03
INFO - 8d 85 88 40 40 20 04 fc
INFO - 8d 87 88 08 40 27 b9 ee
INFO - 8d 87 c8 20 40 28 0e 01
INFO - 8d 87 08 40 40 23 f0 01
INFO - 8d 89 08 08 40 27 b9 ee
INFO - 8d 89 48 20 40 28 06 01
INFO - 8d 89 88 40 40 20 04 fc
INFO - 8d 8b 88 08 40 27 b9 ee
INFO - 8d 8b c8 20 40 28 06 03
INFO - 8d 8b 08 40 40 23 f0 00
INFO - 8d 8d 08 08 40 27 b9 ee
INFO - 8d 8d 48 20 40 28 0e 05
INFO - 8d 8d 88 40 40 20 00 01
INFO - 8d 8f 88 08 40 27 b9 ee
INFO - 8d 8f c8 20 40 28 16 05
INFO - 8d 8f 08 40 40 20 04 fc
INFO - 8d 91 08 08 40 27 b9 f6
INFO - 8d 91 48 20 40 28 16 03
INFO - 8d 91 88 40 40 23 f0 01
INFO - 8d 93 88 08 40 27 d9 f8
INFO - 8d 93 c8 20 40 28 0e 01
INFO - 8d 93 08 40 40 20 04 fc
INFO - 8d 95 08 08 40 27 e1 f8
INFO - 8d 95 48 20 40 28 06 01
INFO - 8d 95 88 40 40 23 f0 00
INFO - 8d 97 88 08 40 27 e1 f8
INFO - 8d 97 c8 20 40 28 05 ff
INFO - 8d 97 08 40 40 20 00 01
INFO - 8d 99 08 08 40 27 e1 f8
INFO - 8d 99 48 20 40 27 fd ff
INFO - 8d 99 88 40 40 20 04 fc
INFO - 8d 9b 88 08 40 27 e1 f8
INFO - 8d 9b c8 20 40 27 fd ff
INFO - 8d 9b 08 40 40 23 f0 01
INFO - 8d 9d 08 08 40 27 e1 f8
INFO - 8d 9d 48 20 40 27 fe 01
INFO - 8d 9d 88 40 40 20 04 fc
INFO - 8d 9f 88 08 40 27 e1 f8
INFO - 8d 9f c8 20 40 28 06 01
INFO - 8d 9f 08 40 40 23 f0 fd
INFO - 8d a1 08 08 40 27 e1 f8
INFO - 8d a1 48 20 40 28 06 05
INFO - 8d a1 88 40 40 23 f4 01
INFO - 8d a3 88 08 40 27 e1 f8
INFO - 8d a3 c8 20 40 28 16 07
INFO - 8d a3 08 40 40 20 04 fc
INFO - 8d a5 08 08 40 27 e1 f8
INFO - 8d a5 48 20 40 28 1e 07
INFO - 8d a5 88 40 40 23 f0 00
INFO - 8d a7 88 08 40 27 e1 f8
INFO - 8d a7 c8 20 40 28 1e 07
INFO - 8d a7 08 40 40 20 00 01
INFO - 8d a9 08 08 40 27 e1 f8
INFO - 8d a9 48 20 40 28 1e 05
INFO - 8d a9 88 40 40 20 04 fc
INFO - 8d ab 88 08 40 27 e1 f8
INFO - 8d ab c8 20 40 28 16 03
INFO - 8d ab 08 40 40 23 f0 01
INFO - 8d ad 08 08 40 27 e1 f3
INFO - 8d ad 48 20 40 28 0e 01
INFO - 8d ad 88 40 40 20 04 fc
INFO - 8d af 88 08 40 27 cd f2
INFO - 8d af c8 20 40 28 05 ff
INFO - 8d af 08 40 40 23 f0 00
INFO - 8d b1 08 08 40 27 c9 f2
INFO - 8d b1 48 20 40 27 fd ff
INFO - 8d b1 88 40 40 20 00 01
INFO - 8d b3 88 08 40 27 c9 f2
INFO - 8d b3 c8 20 40 27 fd ff
INFO - 8d b3 08 40 40 20 04 fc
INFO - 8d b5 08 08 40 27 c9 f2
INFO - 8d b5 48 20 40 27 fd ff
INFO - 8d b5 88 40 40 23 f0 01
INFO - 8d b7 88 08 40 27 c9 f2
INFO - 8d b7 c8 20 40 27 fd ff
INFO - 8d b7 08 40 40 20 04 fc
INFO - 8d b9 08 08 40 27 c9 f2
INFO - 8d b9 48 20 40 27 fd ff
INFO - 8d b9 88 40 40 23 f0 fd
INFO - 8d bb 88 08 40 27 c9 f2
INFO - 8d bb c8 20 40 27 fd ff
INFO - 8d bb 08 40 40 23 f4 01
INFO - 8d bd 08 08 40 27 c9 f2
INFO - 8d bd 48 20 40 27 fd ff
INFO - 8d bd 88 40 40 20 04 fc
INFO - 8d bf 88 08 40 27 c9 f2
INFO - 8d bf c8 20 40 27 fd fd
INFO - 8d bf 08 40 40 23 f0 00
INFO - 8d c1 08 08 40 27 c9 f2
INFO - 8d c1 48 20 40 27 f5 fd
INFO - 8d c1 88 40 40 20 00 01
INFO - 8d c3 88 08 40 27 c9 f2
INFO - 8d c3 c8 20 40 27 f5 fd
INFO - 8d c3 08 40 40 20 04 fc
INFO - 8d c5 08 08 40 27 c9 f2
INFO - 8d c5 48 20 40 27 f5 ff
INFO - 8d c5 88 40 40 23 f0 fd
INFO - 8d c7 88 08 40 27 c9 f2
INFO - 8d c7 c8 20 40 27 fd ff
INFO - 8d c7 08 40 40 23 f4 01
INFO - 8d c9 08 08 40 27 c9 f2
INFO - 8d c9 48 20 40 27 fd ff
INFO - 8d c9 88 40 40 20 04 fc
INFO - 8d cb 88 08 40 27 c9 f2
INFO - 8d cb c8 20 40 27 fd ff
INFO - 8d cb 08 40 40 23 f0 01
INFO - 8d cd 08 08 40 27 ca 6f
INFO - 8d cd 48 20 40 27 fd ff
INFO - 8d cd 88 40 40 20 04 fc
INFO - 8d cf 88 08 40 29 be 81
INFO - 8d cf c8 20 40 27 fd ff
INFO - 8d cf 08 40 40 23 f0 00
INFO - 8d d1 08 08 40 2a 06 81
INFO - 8d d1 48 20 40 27 fd ff
INFO - 8d d1 88 40 40 20 00 01
INFO - 8d d3 88 08 40 2a 06 81
INFO - 8d d3 c8 20 40 27 fd ff
INFO - 8d d3 08 40 40 20 04 fc
INFO - 8d d5 08 08 40 2a 06 81
INFO - 8d d5 48 20 40 27 fd ff
INFO - 8d d5 88 40 40 23 f0 fd
INFO - 8d d7 88 08 40 2a 06 81
INFO - 8d d7 c8 20 40 27 fd ff
INFO - 8d d7 08 40 40 23 f4 01
INFO - 8d d9 08 08 40 2a 06 81
INFO - 8d d9 48 20 40 27 fe 01
INFO - 8d d9 88 40 40 20 04 fc
INFO - 8d db 88 08 40 2a 06 1b
INFO - 8d db c8 20 40 28 06 01
INFO - 8d db 08 40 40 23 f0 01
INFO - 8d dd 08 08 40 28 6d f3
INFO - 8d dd 48 20 40 28 06 01
INFO - 8d dd 88 40 40 20 04 fc
INFO - 8d df 88 08 40 27 cd f3
INFO - 8d df c8 20 40 28 06 01
INFO - 8d df 08 40 40 23 f0 fd
INFO - 8d e1 08 08 40 27 cd f3
INFO - 8d e1 48 20 40 28 05 ff
INFO - 8d e1 88 40 40 23 f4 01
INFO - 8d e3 88 08 40 27 cd f3
INFO - 8d e3 c8 20 40 27 fd ff
INFO - 8d e3 08 40 40 20 04 fc
INFO - 8d e5 08 08 40 27 cd f3
INFO - 8d e5 48 20 40 27 fd ff
INFO - 8d e5 88 40 40 23 f0 00
INFO - 8d e7 88 08 40 27 cd f3
INFO - 8d e7 c8 20 40 27 fd ff
INFO - 8d e7 08 40 40 20 00 01
INFO - 8d e9 08 08 40 27 cd f3
INFO - 8d e9 48 20 40 27 fd ff
INFO - 8d e9 88 40 40 20 04 fc
INFO - 8d eb 88 08 40 27 cd f3
INFO - 8d eb c8 20 40 27 fd ff
INFO - 8d eb 08 40 40 23 f0 fd
INFO - 8d ed 08 08 40 27 cd f3
INFO - 8d ed 48 20 40 27 fd ff
INFO - 8d ed 88 40 40 23 f4 01
INFO - 8d ef 88 08 40 27 cd f3
INFO - 8d ef c8 20 40 27 fd ff
INFO - 8d ef 08 40 40 20 04 fc
INFO - 8d f1 08 08 40 27 cd f3
INFO - 8d f1 48 20 40 27 fd ff
INFO - 8d f1 88 40 40 23 f0 01
INFO - 8d f3 88 08 40 27 cd f3
INFO - 8d f3 c8 20 40 27 fd ff
INFO - 8d f3 08 40 40 20 04 fc
INFO - 8d f5 08 08 40 27 cd f3
INFO - 8d f5 48 20 40 27 fd ff
INFO - 8d f5 88 40 40 23 f0 00
INFO - 8d f7 88 08 40 27 cd f3
INFO - 8d f7 c8 20 40 27 fd ff
INFO - 8d f7 08 40 40 20 00 01
INFO - 8d f9 08 08 40 27 cd f3
INFO - 8d f9 48 20 40 27 fd ff
INFO - 8d f9 88 40 40 20 04 fc
INFO - 8d fb 88 08 40 27 ce 05
INFO - 8d fb c8 20 40 27 fd ff
INFO - 8d fb 08 40 40 23 f0 01
INFO - 8d fd 08 08 40 28 16 0a
INFO - 8d fd 48 20 40 27 fd ff
INFO - 8d fd 88 40 40 20 04 fc
INFO - 8d ff 88 08 40 28 2a 0a
INFO - 8d ff c8 20 40 27 fd ff
INFO - 8d ff 08 40 40 23 f0 00
INFO - 8e 01 08 08 40 28 2a 0a
INFO - 8e 01 48 20 40 27 fe 01
INFO - 8e 01 88 40 40 20 00 01
INFO - 8e 03 88 08 40 28 2a 0a
INFO - 8e 03 c8 20 40 28 06 01
INFO - 8e 03 08 40 40 20 04 fc
INFO - 8e 05 08 08 40 28 2a 0a
INFO - 8e 05 48 20 40 28 05 ff
INFO - 8e 05 88 40 40 23 f0 00
INFO - 8e 07 88 08 40 28 2a 0a
INFO - 8e 07 c8 20 40 27 fd ff
INFO - 8e 07 08 40 40 20 00 01
INFO - 8e 09 08 08 40 28 2a 0a
INFO - 8e 09 48 20 40 27 fd ff
INFO - 8e 09 88 40 40 20 04 fc
INFO - 8e 0b 88 08 40 28 2a 0a
INFO - 8e 0b c8 20 40 27 fd ff
INFO - 8e 0b 08 40 40 23 f0 01
INFO - 8e 0d 08 08 40 28 2a 0a
INFO - 8e 0d 48 20 40 27 fd ff
INFO - 8e 0d 88 40 40 20 04 fc
INFO - 8e 0f 88 08 40 28 2a 0a
INFO - 8e 0f c8 20 40 27 fd ff
INFO - 8e 0f 08 40 40 23 f0 00
INFO - 8e 11 08 08 40 28 2a 0a
INFO - 8e 11 48 20 40 27 fd ff
INFO - 8e 11 88 40 40 20 00 01
INFO - 8e 13 88 08 40 28 2a 0a
INFO - 8e 13 c8 20 40 27 fd ff
INFO - 8e 13 08 40 40 20 04 fc
INFO - 8e 15 08 08 40 28 2a 0a
INFO - 8e 15 48 20 40 27 fd ff
INFO - 8e 15 88 40 40 23 f0 00
INFO - 8e 17 88 08 40 28 2a 0a
INFO - 8e 17 c8 20 40 27 fd ff
INFO - 8e 17 08 40 40 20 00 01
INFO - 8e 19 08 08 40 28 2a 0e
INFO - 8e 19 48 20 40 27 fd fb
INFO - 8e 19 88 40 40 20 04 fc
INFO - 8e 1b 88 08 40 28 3a 10
INFO - 8e 1b c8 20 40 27 ed f9
INFO - 8e 1b 08 40 40 23 f0 01
INFO - 8e 1d 08 08 40 28 42 10
INFO - 8e 1d 48 20 40 27 e5 f9
INFO - 8e 1d 88 40 40 20 04 fc
INFO - 8e 1f 88 08 40 28 42 10
INFO - 8e 1f c8 20 40 27 e5 fb
INFO - 8e 1f 08 40 40 23 f0 fd
INFO - 8e 21 08 08 40 28 42 10
INFO - 8e 21 48 20 40 27 ed fd
INFO - 8e 21 88 40 40 23 f4 01
INFO - 8e 23 88 08 40 28 42 10
INFO - 8e 23 c8 20 40 27 f5 ff
INFO - 8e 23 08 40 40 20 04 fc
INFO - 8e 25 08 08 40 28 42 10
INFO - 8e 25 48 20 40 27 fd ff
INFO - 8e 25 88 40 40 23 f0 01
INFO - 8e 27 88 08 40 28 42 10
INFO - 8e 27 c8 20 40 27 fd ff
INFO - 8e 27 08 40 40 20 04 fc
INFO - 8e 29 08 08 40 28 42 10
INFO - 8e 29 48 20 40 27 fd fd
INFO - 8e 29 88 40 40 23 f0 00
INFO - 8e 2b 88 08 40 28 42 10
INFO - 8e 2b c8 20 40 27 f5 fd
INFO - 8e 2b 08 40 40 20 00 fd
INFO - 8e 2d 08 08 40 28 42 10
INFO - 8e 2d 48 20 40 27 f5 fd
INFO - 8e 2d 88 40 40 23 f4 01
INFO - 8e 2f 88 08 40 28 42 10
INFO - 8e 2f c8 20 40 27 f5 fd
INFO - 8e 2f 08 40 40 20 04 fc
INFO - 8e 31 08 08 40 28 42 10
INFO - 8e 31 48 20 40 27 f5 ff
INFO - 8e 31 88 40 40 23 f0 01
INFO - 8e 33 88 08 40 28 42 10
INFO - 8e 33 c8 20 40 27 fd ff
INFO - 8e 33 08 40 40 20 04 fc
INFO - 8e 35 08 08 40 28 42 10
INFO - 8e 35 48 20 40 27 fd ff
INFO - 8e 35 88 40 40 23 f0 00
INFO - 8e 37 88 08 40 28 41 f8
INFO - 8e 37 c8 20 40 27 fd ff
INFO - 8e 37 08 40 40 20 00 01
INFO - 8e 39 08 08 40 27 e1 f3
INFO - 8e 39 48 20 40 27 fd fd
INFO - 8e 39 88 40 40 20 04 fc
INFO - 8e 3b 88 08 40 27 cd f3
INFO - 8e 3b c8 20 40 27 f5 fd
INFO - 8e 3b 08 40 40 23 f0 01
INFO - 8e 3d 08 08 40 27 cd f3
INFO - 8e 3d 48 20 40 27 f5 fb
INFO - 8e 3d 88 40 40 20 04 fc
INFO - 8e 3f 88 08 40 27 cd f3
INFO - 8e 3f c8 20 40 27 ed fb
INFO - 8e 3f 08 40 40 23 f0 00
INFO - 8e 41 08 08 40 27 cd f3
INFO - 8e 41 48 20 40 27 ed fd
INFO - 8e 41 88 40 40 20 00 01
INFO - 8e 43 88 08 40 27 cd f3
INFO - 8e 43 c8 20 40 27 f5 fd
INFO - 8e 43 08 40 40 20 04 fc
INFO - 8e 45 08 08 40 27 cd f3
INFO - 8e 45 48 20 40 27 f5 fd
INFO - 8e 45 88 40 40 23 f0 fd
INFO - 8e 47 88 08 40 27 cd f3
INFO - 8e 47 c8 20 40 27 f5 fd
INFO - 8e 47 08 40 40 23 f4 01
INFO - 8e 49 08 08 40 27 cd f3
INFO - 8e 49 48 20 40 27 f5 fd
INFO - 8e 49 88 40 40 20 04 fc
INFO - 8e 4b 88 08 40 27 cd f3
INFO - 8e 4b c8 20 40 27 f5 fd
INFO - 8e 4b 08 40 40 23 f0 01
INFO - 8e 4d 08 08 40 27 cd f3
INFO - 8e 4d 48 20 40 27 f5 ff
INFO - 8e 4d 88 40 40 20 04 fc
INFO - 8e 4f 88 08 40 27 cd f3
INFO - 8e 4f c8 20 40 27 fd ff
INFO - 8e 4f 08 40 40 23 f0 00
INFO - 8e 51 08 08 40 27 cd f3
INFO - 8e 51 48 20 40 27 fd fd
INFO - 8e 51 88 40 40 20 00 01
INFO - 8e 53 88 08 40 27 cd ea
INFO - 8e 53 c8 20 40 27 f5 fb
INFO - 8e 53 08 40 40 20 04 fc
INFO - 8e 55 08 08 40 27 a9 e8
INFO - 8e 55 48 20 40 27 ed fb
INFO - 8e 55 88 40 40 23 f0 01
INFO - 8e 57 88 08 40 27 a1 e8
INFO - 8e 57 c8 20 40 27 ed f9
INFO - 8e 57 08 40 40 20 04 fc
INFO - 8e 59 08 08 40 27 a1 e8
INFO - 8e 59 48 20 40 27 e5 fb
INFO - 8e 59 88 40 40 23 f0 00
INFO - 8e 5b 88 08 40 27 a1 e8
INFO - 8e 5b c8 20 40 27 ed fb
INFO - 8e 5b 08 40 40 20 00 01
INFO - 8e 5d 08 08 40 27 a1 e8
INFO - 8e 5d 48 20 40 27 ed fb
INFO - 8e 5d 88 40 40 20 04 fc
INFO - 8e 5f 88 08 40 27 a1 e8
INFO - 8e 5f c8 20 40 27 ed fb
INFO - 8e 5f 08 40 40 23 f0 01
INFO - 8e 61 08 08 40 27 a1 e8
INFO - 8e 61 48 20 40 27 ed fb
INFO - 8e 61 88 40 40 20 04 fc
INFO - 8e 63 88 08 40 27 a1 e8
INFO - 8e 63 c8 20 40 27 ed fb
INFO - 8e 63 08 40 40 23 f0 00
INFO - 8e 65 08 08 40 27 a1 e8
INFO - 8e 65 48 20 40 27 ed f9
INFO - 8e 65 88 40 40 20 00 01
INFO - 8e 67 88 08 40 27 a1 e8
INFO - 8e 67 c8 20 40 27 e5 f9
INFO - 8e 67 08 40 40 20 04 fc
INFO - 8e 69 08 08 40 27 a1 e8
INFO - 8e 69 48 20 40 27 e5 fb
INFO - 8e 69 88 40 40 23 f0 fd
INFO - 8e 6b 88 08 40 27 a1 e8
INFO - 8e 6b c8 20 40 27 ed fb
INFO - 8e 6b 08 40 40 23 f4 01
INFO - 8e 6d 08 08 40 27 a1 e8
INFO - 8e 6d 48 20 40 27 ed fd
INFO - 8e 6d 88 40 40 20 04 fc
INFO - 8e 6f 88 08 40 27 a1 e8
INFO - 8e 6f c8 20 40 27 f5 fd
INFO - 8e 6f 08 40 40 23 f0 01
INFO - 8e 71 08 08 40 27 a1 e8
INFO - 8e 71 48 20 40 27 f5 fd
INFO - 8e 71 88 40 40 20 04 fc
INFO - 8e 73 88 08 40 27 a2 0c
INFO - 8e 73 c8 20 40 27 f5 fb
INFO - 8e 73 08 40 40 23 f0 00
INFO - 8e 75 08 08 40 28 32 15
INFO - 8e 75 48 20 40 27 ed fb
INFO - 8e 75 88 40 40 20 00 01
INFO - 8e 77 88 08 40 28 56 15
INFO - 8e 77 c8 20 40 27 ed f9
INFO - 8e 77 08 40 40 20 04 fc
INFO - 8e 79 08 08 40 28 56 15
INFO - 8e 79 48 20 40 27 e5 f9
INFO - 8e 79 88 40 40 23 f0 00
INFO - 8e 7b 88 08 40 28 56 15
INFO - 8e 7b c8 20 40 27 e5 f9
INFO - 8e 7b 08 40 40 20 00 01
INFO - 8e 7d 08 08 40 28 56 15
INFO - 8e 7d 48 20 40 27 e5 fb
INFO - 8e 7d 88 40 40 20 04 fc
INFO - 8e 7f 88 08 40 28 56 15
INFO - 8e 7f c8 20 40 27 ed fb
INFO - 8e 7f 08 40 40 23 f0 01
INFO - 8e 81 08 08 40 28 56 15
INFO - 8e 81 48 20 40 27 ed fb
INFO - 8e 81 88 40 40 20 04 fc
INFO - 8e 83 88 08 40 28 56 15
INFO - 8e 83 c8 20 40 27 ed fb
INFO - 8e 83 08 40 40 23 f0 00
INFO - 8e 85 08 08 40 28 56 15
INFO - 8e 85 48 20 40 27 ed fb
INFO - 8e 85 88 40 40 20 00 01
INFO - 8e 87 88 08 40 28 56 15
INFO - 8e 87 c8 20 40 27 ed f9
INFO - 8e 87 08 40 40 20 04 fc
INFO - 8e 89 08 08 40 28 56 15
INFO - 8e 89 48 20 40 27 e5 f9
INFO - 8e 89 88 40 40 23 f0 00
INFO - 8e 8b 88 08 40 28 56 15
INFO - 8e 8b c8 20 40 27 e5 f9
INFO - 8e 8b 08 40 40 20 00 01
INFO - 8e 8d 08 08 40 28 56 15
INFO - 8e 8d 48 20 40 27 e5 f9
INFO - 8e 8d 88 40 40 20 04 fc
INFO - 8e 8f 88 08 40 28 56 15
INFO - 8e 8f c8 20 40 27 e5 f7
INFO - 8e 8f 08 40 40 23 f0 01
INFO - 8e 91 08 08 40 28 56 13
INFO - 8e 91 48 20 40 27 dd f9
INFO - 8e 91 88 40 40 20 04 fc
INFO - 8e 93 88 08 40 28 4e 13
INFO - 8e 93 c8 20 40 27 e5 f9
INFO - 8e 93 08 40 40 23 f0 fd
INFO - 8e 95 08 08 40 28 4e 13
INFO - 8e 95 48 20 40 27 e5 f9
INFO - 8e 95 88 40 40 23 f4 01
INFO - 8e 97 88 08 40 28 4e 13
INFO - 8e 97 c8 20 40 27 e5 f9
INFO - 8e 97 08 40 40 20 04 fc
INFO - 8e 99 08 08 40 28 4e 13
INFO - 8e 99 48 20 40 27 e5 f9
INFO - 8e 99 88 40 40 23 f0 00
INFO - 8e 9b 88 08 40 28 4e 13
INFO - 8e 9b c8 20 40 27 e5 f9
INFO - 8e 9b 08 40 40 20 00 01
INFO - 8e 9d 08 08 40 28 4e 13
INFO - 8e 9d 48 20 40 27 e5 f9
INFO - 8e 9d 88 40 40 20 04 fc
INFO - 8e 9f 88 08 40 28 4e 13
INFO - 8e 9f c8 20 40 27 e5 f9
INFO - 8e 9f 08 40 40 23 f0 01
INFO - 8e a1 08 08 40 28 4e 13
INFO - 8e a1 48 20 40 27 e5 f9
INFO - 8e a1 88 40 40 20 04 fc
INFO - 8e a3 88 08 40 28 4e 13
INFO - 8e a3 c8 20 40 27 e5 f9
INFO - 8e a3 08 40 40 23 f0 fd
INFO - 8e a5 08 08 40 28 4e 13
INFO - 8e a5 48 20 40 27 e5 f7
INFO - 8e a5 88 40 40 23 f4 01
INFO - 8e a7 88 08 40 28 4e 13
INFO - 8e a7 c8 20 40 27 dd f9
INFO - 8e a7 08 40 40 20 04 fc
INFO - 8e a9 08 08 40 28 4e 13
INFO - 8e a9 48 20 40 27 e5 f9
INFO - 8e a9 88 40 40 23 f0 01
INFO - 8e ab 88 08 40 28 4e 13
INFO - 8e ab c8 20 40 27 e5 f9
INFO - 8e ab 08 40 40 20 04 fc
INFO - 8e ad 08 08 40 28 4e 13
INFO - 8e ad 48 20 40 27 e5 f9
INFO - 8e ad 88 40 40 23 f0 00
INFO - 8e af 88 08 40 28 4d f7
INFO - 8e af c8 20 40 27 e5 f7
INFO - 8e af 08 40 40 20 00 01
INFO - 8e b1 08 08 40 27 dd f2
INFO - 8e b1 48 20 40 27 dd f9
INFO - 8e b1 88 40 40 20 04 fc
INFO - 8e b3 88 08 40 27 c9 f2
INFO - 8e b3 c8 20 40 27 e5 f9
INFO - 8e b3 08 40 40 23 f0 fd
INFO - 8e b5 08 08 40 27 c9 f2
INFO - 8e b5 48 20 40 27 e5 f9
INFO - 8e b5 88 40 40 23 f4 01
INFO - 8e b7 88 08 40 27 c9 f2
INFO - 8e b7 c8 20 40 27 e5 f9
INFO - 8e b7 08 40 40 20 04 fc
INFO - 8e b9 08 08 40 27 c9 f2
INFO - 8e b9 48 20 40 27 e5 f9
INFO - 8e b9 88 40 40 23 f0 01
INFO - 8e bb 88 08 40 27 c9 f2
INFO - 8e bb c8 20 40 27 e5 f9
INFO - 8e bb 08 40 40 20 04 fc
INFO - 8e bd 08 08 40 27 c9 f2
INFO - 8e bd 48 20 40 27 e5 f9
INFO - 8e bd 88 40 40 23 f0 01
INFO - 8e bf 88 08 40 27 c9 f2
INFO - 8e bf c8 20 40 27 e5 f9
INFO - 8e bf 08 40 40 20 04 fc
INFO - 8e c1 08 08 40 27 c9 f2
INFO - 8e c1 48 20 40 27 e5 f9
INFO - 8e c1 88 40 40 23 f0 01
INFO - 8e c3 88 08 40 27 c9 f2
INFO - 8e c3 c8 20 40 27 e5 f7
INFO - 8e c3 08 40 40 20 04 fc
INFO - 8e c5 08 08 40 27 c9 f2
INFO - 8e c5 48 20 40 27 dd f7
INFO - 8e c5 88 40 40 23 f0 00
INFO - 8e c7 88 08 40 27 c9 f2
INFO - 8e c7 c8 20 40 27 dd f9
INFO - 8e c7 08 40 40 20 00 01
INFO - 8e c9 08 08 40 27 c9 f2
INFO - 8e c9 48 20 40 27 e5 f9
INFO - 8e c9 88 40 40 20 04 fc
INFO - 8e cb 88 08 40 27 c9 f2
INFO - 8e cb c8 20 40 27 e5 f9
INFO - 8e cb 08 40 40 23 f0 01
INFO - 8e cd 08 08 40 27 c9 f2
INFO - 8e cd 48 20 40 27 e5 f9
INFO - 8e cd 88 40 40 20 04 fc
INFO - 8e cf 88 08 40 27 c9 e2
INFO - 8e cf c8 20 40 27 e5 f7
INFO - 8e cf 08 40 40 23 f0 fd
INFO - 8e d1 08 08 40 27 89 de
INFO - 8e d1 48 20 40 27 dd f5
INFO - 8e d1 88 40 40 23 f4 01
INFO - 8e d3 88 08 40 27 79 de
INFO - 8e d3 c8 20 40 27 d5 f5
INFO - 8e d3 08 40 40 20 04 fc
INFO - 8e d5 08 08 40 27 79 de
INFO - 8e d5 48 20 40 27 d5 f7
INFO - 8e d5 88 40 40 23 f0 01
INFO - 8e d7 88 08 40 27 79 de
INFO - 8e d7 c8 20 40 27 dd f7
INFO - 8e d7 08 40 40 20 04 fc
INFO - 8e d9 08 08 40 27 79 de
INFO - 8e d9 48 20 40 27 dd f7
INFO - 8e d9 88 40 40 23 f0 00
INFO - 8e db 88 08 40 27 79 de
INFO - 8e db c8 20 40 27 dd f7
INFO - 8e db 08 40 40 20 00 01
INFO - 8e dd 08 08 40 27 79 de
INFO - 8e dd 48 20 40 27 dd f7
INFO - 8e dd 88 40 40 20 04 fc
INFO - 8e df 88 08 40 27 79 de
INFO - 8e df c8 20 40 27 dd f7
INFO - 8e df 08 40 40 23 f0 01
INFO - 8e e1 08 08 40 27 79 de
INFO - 8e e1 48 20 40 27 dd f7
INFO - 8e e1 88 40 40 20 04 fc
INFO - 8e e3 88 08 40 27 79 de
INFO - 8e e3 c8 20 40 27 dd f7
INFO - 8e e3 08 40 40 23 f0 00
INFO - 8e e5 08 08 40 27 79 de
INFO - 8e e5 48 20 40 27 dd f9
INFO - 8e e5 88 40 40 20 00 01
INFO - 8e e7 88 08 40 27 79 de
INFO - 8e e7 c8 20 40 27 e5 f9
INFO - 8e e7 08 40 40 20 04 fc
INFO - 8e e9 08 08 40 27 79 de
INFO - 8e e9 48 20 40 27 e5 f9
INFO - 8e e9 88 40 40 23 f0 fd
INFO - 8e eb 88 08 40 27 79 c1
INFO - 8e eb c8 20 40 27 e5 f9
INFO - 8e eb 08 40 40 23 f4 01
INFO - 8e ed 08 08 40 27 05 bd
INFO - 8e ed 48 20 40 27 e5 f9
INFO - 8e ed 88 40 40 20 04 fc
INFO - 8e ef 88 08 40 26 f5 bd
INFO - 8e ef c8 20 40 27 e5 f9
INFO - 8e ef 08 40 40 23 f0 01
INFO - 8e f1 08 08 40 26 f5 bd
INFO - 8e f1 48 20 40 27 e5 f9
INFO - 8e f1 88 40 40 20 04 fc
INFO - 8e f3 88 08 40 26 f5 bd
INFO - 8e f3 c8 20 40 27 e5 f9
INFO - 8e f3 08 40 40 23 f0 fd
INFO - 8e f5 08 08 40 26 f5 bd
INFO - 8e f5 48 20 40 27 e5 f7
INFO - 8e f5 88 40 40 23 f4 01
INFO - 8e f7 88 08 40 26 f5 bd
INFO - 8e f7 c8 20 40 27 dd f7
INFO - 8e f7 08 40 40 20 04 fc
INFO - 8e f9 08 08 40 26 f5 bd
INFO - 8e f9 48 20 40 27 dd f7
INFO - 8e f9 88 40 40 23 f0 fd
INFO - 8e fb 88 08 40 26 f5 bd
INFO - 8e fb c8 20 40 27 dd f7
INFO - 8e fb 08 40 40 23 f4 01
INFO - 8e fd 08 08 40 26 f5 bd
INFO - 8e fd 48 20 40 27 dd f9
INFO - 8e fd 88 40 40 20 04 fc
INFO - 8e ff 88 08 40 26 f5 bd
INFO - 8e ff c8 20 40 27 e5 fb
INFO - 8e ff 08 40 40 23 f0 00
INFO - 8f 01 08 08 40 26 f5 bd
INFO - 8f 01 48 20 40 27 ed fb
INFO - 8f 01 88 40 40 20 00 01
INFO - 8f 03 88 08 40 26 f5 bd
INFO - 8f 03 c8 20 40 27 ed fb
INFO - 8f 03 08 40 40 20 04 fc
INFO - 8f 05 08 08 40 46 f5 ed
INFO - 8f 05 48 20 40 47 ed fb
INFO - 8f 05 88 40 40 43 f0 00
INFO - 8f 09 08 08 40 27 b5 f5
INFO - 8f 09 48 20 40 27 ed fb
INFO - 8f 09 88 40 40 20 00 fd
INFO - 8f 0b 88 08 40 27 d5 f9
INFO - 8f 0b c8 20 40 27 ed f9
INFO - 8f 0b 08 40 40 23 f4 fd
INFO - 8f 0d 08 08 40 27 e5 fb
INFO - 8f 0d 48 20 40 27 e5 f9
INFO - 8f 0d 88 40 40 23 f4 01
INFO - 8f 0f 88 08 40 27 ed fd
INFO - 8f 0f c8 20 40 27 e5 f7
INFO - 8f 0f 08 40 40 20 04 fc
INFO - 8f 11 08 08 40 27 f5 fe
INFO - 8f 11 48 20 40 27 dd f7
INFO - 8f 11 88 40 40 23 f0 01
INFO - 8f 13 88 08 40 27 f9 ff
INFO - 8f 13 c8 20 40 27 dd f7
INFO - 8f 13 08 40 40 20 04 fc
INFO - 8f 15 08 08 40 27 fd ff
INFO - 8f 15 48 20 40 27 dd f7
INFO - 8f 15 88 40 40 23 f0 00
INFO - 8f 17 88 08 40 27 fd ff
INFO - 8f 17 c8 20 40 27 dd f7
INFO - 8f 17 08 40 40 20 00 01
INFO - 8f 19 08 08 40 27 fe 00
INFO - 8f 19 48 20 40 27 dd f7
INFO - 8f 19 88 40 40 20 04 fc
INFO - 8f 1b 88 08 40 28 02 01
INFO - 8f 1b c8 20 40 27 dd f5
INFO - 8f 1b 08 40 40 23 f0 01
INFO - 8f 1d 08 08 40 28 06 01
INFO - 8f 1d 48 20 40 27 d5 f5
INFO - 8f 1d 88 40 40 20 04 fc
INFO - 8f 1f 88 08 40 28 06 02
INFO - 8f 1f c8 20 40 27 d5 f5
INFO - 8f 1f 08 40 40 23 f0 00
INFO - 8f 21 08 08 40 28 0a 02
INFO - 8f 21 48 20 40 27 d5 f5
INFO - 8f 21 88 40 40 20 00 01
INFO - 8f 23 88 08 40 28 0a 03
INFO - 8f 23 c8 20 40 27 d5 f5
INFO - 8f 23 08 40 40 20 04 fc
INFO - 8f 25 08 08 40 28 0e 04
INFO - 8f 25 48 20 40 27 d5 f5
INFO - 8f 25 88 40 40 23 f0 fd
INFO - 8f 27 88 08 40 28 12 04
INFO - 8f 27 c8 20 40 27 d5 f5
INFO - 8f 27 08 40 40 23 f4 01
INFO - 8f 29 08 08 40 28 12 05
INFO - 8f 29 48 20 40 27 d5 f5
INFO - 8f 29 88 40 40 20 04 fc
INFO - 8f 2b 88 08 40 28 16 06
INFO - 8f 2b c8 20 40 27 d5 f7
INFO - 8f 2b 08 40 40 23 f0 fd
INFO - 8f 2d 08 08 40 28 1a 08
INFO - 8f 2d 48 20 40 27 dd f7
INFO - 8f 2d 88 40 40 23 f4 01
INFO - 8f 2f 88 08 40 28 22 08
INFO - 8f 2f c8 20 40 27 dd f7
INFO - 8f 2f 08 40 40 20 04 fc
INFO - 8f 31 08 08 40 28 22 0a
INFO - 8f 31 48 20 40 27 dd f7
INFO - 8f 31 88 40 40 23 f0 01
INFO - 8f 33 88 08 40 28 2a 0c
INFO - 8f 33 c8 20 40 27 dd f7
INFO - 8f 33 08 40 40 20 04 fc
INFO - 8f 35 08 08 40 28 32 0e
INFO - 8f 35 48 20 40 27 dd f7
INFO - 8f 35 88 40 40 23 f0 00
INFO - 8f 37 88 08 40 08 3a 0e
INFO - 8f 37 c8 20 40 07 dd f7
INFO - 8f 37 08 40 40 00 00 c5
INFO - 8f 72 88 08 40 27 5d d7
INFO - 8f 72 c8 20 40 27 e5 f9
INFO - 8f 72 08 40 40 23 14 3a
INFO - 8f 74 08 08 40 27 5d d7
INFO - 8f 74 48 20 40 27 e5 f9
INFO - 8f 74 88 40 40 20 e8 fc
INFO - 8f 76 88 08 40 27 5d d7
INFO - 8f 76 c8 20 40 27 e5 f9
INFO - 8f 76 08 40 40 23 f0 01
INFO - 8f 78 08 08 40 67 5d d7
INFO - 8f 78 48 20 40 67 e5 f7
INFO - 8f 78 88 40 40 60 04 fd
INFO - 8f 7e 88 08 40 27 5d d7
INFO - 8f 7e c8 20 40 27 dd f7
INFO - 8f 7e 08 40 40 23 f4 fd
INFO - 8f 80 08 08 40 27 5d d7
INFO - 8f 80 48 20 40 27 dd f7
INFO - 8f 80 88 40 40 23 f4 01
INFO - 8f 82 88 08 40 47 5d d7
INFO - 8f 82 c8 20 40 47 dd f7
INFO - 8f 82 08 40 40 40 04 fc
INFO - 8f 86 08 08 40 27 5d d7
INFO - 8f 86 48 20 40 27 dd f7
INFO - 8f 86 88 40 40 23 f0 01
INFO - 8f 88 88 08 40 27 5d d1
INFO - 8f 88 c8 20 40 27 dd f7
INFO - 8f 88 08 40 40 20 04 fc
INFO - 8f 8a 08 08 40 27 45 bf
INFO - 8f 8a 48 20 40 27 dd f7
INFO - 8f 8a 88 40 40 23 f0 00
INFO - 8f 8c 88 08 40 26 fd b9
INFO - 8f 8c c8 20 40 27 dd f7
INFO - 8f 8c 08 40 40 20 00 01
INFO - 8f 8e 08 08 40 26 e5 b9
INFO - 8f 8e 48 20 40 27 dd f9
INFO - 8f 8e 88 40 40 20 04 fc
INFO - 8f 90 88 08 40 26 e5 b9
INFO - 8f 90 c8 20 40 27 e5 f9
INFO - 8f 90 08 40 40 23 f0 fd
INFO - 8f 92 08 08 40 26 e5 b9
INFO - 8f 92 48 20 40 27 e5 f9
INFO - 8f 92 88 40 40 23 f4 01
INFO - 8f 94 88 08 40 26 e5 b9
INFO - 8f 94 c8 20 40 27 e5 f9
INFO - 8f 94 08 40 40 20 04 fc
INFO - 8f 96 08 08 40 26 e5 b9
INFO - 8f 96 48 20 40 27 e5 f9
INFO - 8f 96 88 40 40 23 f0 01
INFO - 8f 98 88 08 40 26 e5 b9
INFO - 8f 98 c8 20 40 27 e5 f9
INFO - 8f 98 08 40 40 20 04 fc
INFO - 8f 9a 08 08 40 26 e5 b9
INFO - 8f 9a 48 20 40 27 e5 f7
INFO - 8f 9a 88 40 40 23 f0 00
INFO - 8f 9c 88 08 40 26 e5 b9
INFO - 8f 9c c8 20 40 27 dd f7
INFO - 8f 9c 08 40 40 20 00 01
INFO - 8f 9e 08 08 40 46 e5 b9
INFO - 8f 9e 48 20 40 47 dd fb
INFO - 8f 9e 88 40 40 40 04 fd
INFO - 8f a2 08 08 40 26 e5 d1
INFO - 8f a2 48 20 40 27 ed fb
INFO - 8f a2 88 40 40 23 f4 fd
INFO - 8f a4 88 08 40 27 45 e8
INFO - 8f a4 c8 20 40 27 ed fb
INFO - 8f a4 08 40 40 23 f4 01
INFO - 8f a6 08 08 40 27 a1 e8
INFO - 8f a6 48 20 40 27 ed fb
INFO - 8f a6 88 40 40 20 04 fc
INFO - 8f a8 88 08 40 27 a1 e8
INFO - 8f a8 c8 20 40 27 ed f9
INFO - 8f a8 08 40 40 23 f0 00
INFO - 8f aa 08 08 40 27 a1 e8
INFO - 8f aa 48 20 40 27 e5 f7
INFO - 8f aa 88 40 40 20 00 01
INFO - 8f ac 88 08 40 27 a1 e8
INFO - 8f ac c8 20 40 27 dd f7
INFO - 8f ac 08 40 40 20 04 fc
INFO - 8f ae 08 08 40 27 a1 e8
INFO - 8f ae 48 20 40 27 dd f5
INFO - 8f ae 88 40 40 23 f0 01
INFO - 8f b0 88 08 40 27 a1 e8
INFO - 8f b0 c8 20 40 27 d5 f3
INFO - 8f b0 08 40 40 20 04 fc
INFO - 8f b2 08 08 40 27 a1 e8
INFO - 8f b2 48 20 40 27 cd f5
INFO - 8f b2 88 40 40 23 f0 01
INFO - 8f b4 88 08 40 27 a1 e8
INFO - 8f b4 c8 20 40 27 d5 f5
INFO - 8f b4 08 40 40 20 04 fc
INFO - 8f b6 08 08 40 27 a1 e8
INFO - 8f b6 48 20 40 27 d5 f7
INFO - 8f b6 88 40 40 23 f0 fd
INFO - 8f b8 88 08 40 27 a1 e8
INFO - 8f b8 c8 20 40 27 dd f9
INFO - 8f b8 08 40 40 23 f4 01
INFO - 8f ba 08 08 40 27 a1 e8
INFO - 8f ba 48 20 40 27 e5 f9
INFO - 8f ba 88 40 40 20 04 fc
INFO - 8f bc 88 08 40 27 a1 e8
INFO - 8f bc c8 20 40 27 e5 f9
INFO - 8f bc 08 40 40 23 f0 fd
INFO - 8f be 08 08 40 27 a1 e8
INFO - 8f be 48 20 40 27 e5 f9
INFO - 8f be 88 40 40 23 f4 01
INFO - 8f c0 88 08 40 27 a1 e8
INFO - 8f c0 c8 20 40 27 e5 f9
INFO - 8f c0 08 40 40 20 04 fc
INFO - 8f c2 08 08 40 27 a1 e8
INFO - 8f c2 48 20 40 27 e5 f9
INFO - 8f c2 88 40 40 23 f0 01
INFO - 8f c4 88 08 40 27 a1 e8
INFO - 8f c4 c8 20 40 27 e5 f9
INFO - 8f c4 08 40 40 20 04 fc
INFO - 8f c6 08 08 40 27 a1 e5
INFO - 8f c6 48 20 40 27 e5 f9
INFO - 8f c6 88 40 40 23 f0 fd
INFO - 8f c8 88 08 40 27 95 e2
INFO - 8f c8 c8 20 40 27 e5 f9
INFO - 8f c8 08 40 40 23 f4 01
INFO - 8f ca 08 08 40 27 89 e2
INFO - 8f ca 48 20 40 27 e5 f9
INFO - 8f ca 88 40 40 20 04 fc
INFO - 8f cc 88 08 40 27 89 e2
INFO - 8f cc c8 20 40 27 e5 f9
INFO - 8f cc 08 40 40 23 f0 00
INFO - 8f ce 08 08 40 27 89 e2
INFO - 8f ce 48 20 40 27 e5 f9
INFO - 8f ce 88 40 40 20 00 01
INFO - 8f d0 88 08 40 27 89 e2
INFO - 8f d0 c8 20 40 27 e5 f9
INFO - 8f d0 08 40 40 20 04 fc
INFO - 8f d2 08 08 40 27 89 e2
INFO - 8f d2 48 20 40 27 e5 f9
INFO - 8f d2 88 40 40 23 f0 00
INFO - 8f d4 88 08 40 27 89 e2
INFO - 8f d4 c8 20 40 27 e5 f7
INFO - 8f d4 08 40 40 20 00 01
INFO - 8f d6 08 08 40 27 89 e2
INFO - 8f d6 48 20 40 27 dd f7
INFO - 8f d6 88 40 40 20 04 fc
INFO - 8f d8 88 08 40 27 89 e2
INFO - 8f d8 c8 20 40 27 dd f5
INFO - 8f d8 08 40 40 23 f0 01
INFO - 8f da 08 08 40 27 89 e2
INFO - 8f da 48 20 40 27 d5 f5
INFO - 8f da 88 40 40 20 04 fc
INFO - 8f dc 88 08 40 27 89 e2
INFO - 8f dc c8 20 40 27 d5 f7
INFO - 8f dc 08 40 40 23 f0 fd
INFO - 8f de 08 08 40 27 89 e2
INFO - 8f de 48 20 40 27 dd f7
INFO - 8f de 88 40 40 23 f4 01
INFO - 8f e0 88 08 40 27 89 e2
INFO - 8f e0 c8 20 40 27 dd f9
INFO - 8f e0 08 40 40 20 04 fc
INFO - 8f e2 08 08 40 27 8a 08
INFO - 8f e2 48 20 40 27 e5 f9
INFO - 8f e2 88 40 40 23 f0 01
INFO - 8f e4 88 08 40 28 22 26
INFO - 8f e4 c8 20 40 27 e5 f9
INFO - 8f e4 08 40 40 20 04 fc
INFO - 8f e6 08 08 40 28 9a 26
INFO - 8f e6 48 20 40 27 e5 f7
INFO - 8f e6 88 40 40 23 f0 00
INFO - 8f e8 88 08 40 28 9a 26
INFO - 8f e8 c8 20 40 27 dd f9
INFO - 8f e8 08 40 40 20 00 01
INFO - 8f ea 08 08 40 28 9a 26
INFO - 8f ea 48 20 40 27 e5 f9
INFO - 8f ea 88 40 40 20 04 fc
INFO - 8f ec 88 08 40 28 9a 26
INFO - 8f ec c8 20 40 27 e5 fb
INFO - 8f ec 08 40 40 23 f0 01
INFO - 8f ee 08 08 40 28 9a 26
INFO - 8f ee 48 20 40 27 ed fb
INFO - 8f ee 88 40 40 20 04 fc
INFO - 8f f0 88 08 40 28 9a 26
INFO - 8f f0 c8 20 40 27 ed fb
INFO - 8f f0 08 40 40 23 f0 01
INFO - 8f f2 08 08 40 28 9a 26
INFO - 8f f2 48 20 40 27 ed fb
INFO - 8f f2 88 40 40 20 04 fc
INFO - 8f f4 88 08 40 28 9a 26
INFO - 8f f4 c8 20 40 27 ed fb
INFO - 8f f4 08 40 40 23 f0 00
INFO - 8f f6 08 08 40 28 9a 26
INFO - 8f f6 48 20 40 27 ed fb
INFO - 8f f6 88 40 40 20 00 00
INFO - 8f f8 88 08 40 28 9a 26
INFO - 8f f8 c8 20 40 27 ed f9
INFO - 8f f8 08 40 40 20 00 01
INFO - 8f fa 08 08 40 28 9a 26
INFO - 8f fa 48 20 40 27 e5 f9
INFO - 8f fa 88 40 40 20 04 fc
INFO - 8f fc 88 08 40 28 9a 26
INFO - 8f fc c8 20 40 27 e5 f7
INFO - 8f fc 08 40 40 23 f0 01
INFO - 8f fe 08 08 40 28 9a 26
INFO - 8f fe 48 20 40 27 dd f5
INFO - 8f fe 88 40 40 20 04 fc
INFO - 90 00 88 08 40 28 9a 26
INFO - 90 00 c8 20 40 27 d5 f5
INFO - 90 00 08 40 40 23 f0 01
INFO - 90 02 08 08 40 28 9a 04
INFO - 90 02 48 20 40 27 d5 f5
INFO - 90 02 88 40 40 20 04 fc
INFO - 90 04 88 08 40 28 11 f4
INFO - 90 04 c8 20 40 27 d5 f7
INFO - 90 04 08 40 40 23 f0 fd
INFO - 90 06 08 08 40 27 d1 f4
INFO - 90 06 48 20 40 27 dd f7
INFO - 90 06 88 40 40 23 f4 01
INFO - 90 08 88 08 40 27 d1 f4
INFO - 90 08 c8 20 40 27 dd f7
INFO - 90 08 08 40 40 20 04 fc
INFO - 90 0a 08 08 40 27 d1 f4
INFO - 90 0a 48 20 40 27 dd f7
INFO - 90 0a 88 40 40 23 f0 fd
INFO - 90 0c 88 08 40 27 d1 f4
INFO - 90 0c c8 20 40 27 dd f7
INFO - 90 0c 08 40 40 23 f4 01
INFO - 90 0e 08 08 40 27 d1 f4
INFO - 90 0e 48 20 40 27 dd f7
INFO - 90 0e 88 40 40 20 04 fc
INFO - 90 10 88 08 40 27 d1 f4
INFO - 90 10 c8 20 40 27 dd f7
INFO - 90 10 08 40 40 23 f0 01
INFO - 90 12 08 08 40 27 d1 f4
INFO - 90 12 48 20 40 27 dd f7
INFO - 90 12 88 40 40 20 04 fc
INFO - 90 14 88 08 40 27 d1 f4
INFO - 90 14 c8 20 40 27 dd f7
INFO - 90 14 08 40 40 23 f0 fd
INFO - 90 16 08 08 40 27 d1 f4
INFO - 90 16 48 20 40 27 dd f7
INFO - 90 16 88 40 40 23 f4 01
INFO - 90 18 88 08 40 27 d1 f4
INFO - 90 18 c8 20 40 27 dd f7
INFO - 90 18 08 40 40 20 04 fc
INFO - 90 1a 08 08 40 27 d1 f4
INFO - 90 1a 48 20 40 27 dd f7
INFO - 90 1a 88 40 40 23 f0 01
INFO - 90 1c 88 08 40 27 d1 f4
INFO - 90 1c c8 20 40 27 dd f7
INFO - 90 1c 08 40 40 20 04 fc
INFO - 90 1e 08 08 40 27 d1 f4
INFO - 90 1e 48 20 40 27 dd f7
INFO - 90 1e 88 40 40 23 f0 00
INFO - 90 20 88 08 40 27 d2 39
INFO - 90 20 c8 20 40 27 dd f7
INFO - 90 20 08 40 40 20 00 01
INFO - 90 22 08 08 40 28 e6 4e
INFO - 90 22 48 20 40 27 dd f7
INFO - 90 22 88 40 40 20 04 fc
INFO - 90 24 88 08 40 29 3a 4e
INFO - 90 24 c8 20 40 27 dd f7
INFO - 90 24 08 40 40 23 f0 01
INFO - 90 26 08 08 40 29 3a 4e
INFO - 90 26 48 20 40 27 dd f7
INFO - 90 26 88 40 40 20 04 fc
INFO - 90 28 88 08 40 29 3a 4e
INFO - 90 28 c8 20 40 27 dd f9
INFO - 90 28 08 40 40 23 f0 00
INFO - 90 2a 08 08 40 29 3a 4e
INFO - 90 2a 48 20 40 27 e5 f9
INFO - 90 2a 88 40 40 20 00 01
INFO - 90 2c 88 08 40 29 3a 4e
INFO - 90 2c c8 20 40 27 e5 f9
INFO - 90 2c 08 40 40 20 04 fc
INFO - 90 2e 08 08 40 29 3a 4e
INFO - 90 2e 48 20 40 27 e5 f7
INFO - 90 2e 88 40 40 23 f0 01
INFO - 90 30 88 08 40 29 3a 4e
INFO - 90 30 c8 20 40 27 dd f7
INFO - 90 30 08 40 40 20 04 fc
INFO - 90 32 08 08 40 29 3a 4e
INFO - 90 32 48 20 40 27 dd f7
INFO - 90 32 88 40 40 23 f0 00
INFO - 90 34 88 08 40 29 3a 4e
INFO - 90 34 c8 20 40 27 dd f7
INFO - 90 34 08 40 40 20 00 01
INFO - 90 36 08 08 40 29 3a 4e
INFO - 90 36 48 20 40 27 dd f7
INFO - 90 36 88 40 40 20 04 fc
INFO - 90 38 88 08 40 29 3a 4e
INFO - 90 38 c8 20 40 27 dd f7
INFO - 90 38 08 40 40 23 f0 01
INFO - 90 3a 08 08 40 29 3a 4e
INFO - 90 3a 48 20 40 27 dd f7
INFO - 90 3a 88 40 40 20 04 fc
INFO - 90 3c 88 08 40 29 3a 4e
INFO - 90 3c c8 20 40 27 dd f9
INFO - 90 3c 08 40 40 23 f0 00
INFO - 90 3e 08 08 40 29 3a 04
INFO - 90 3e 48 20 40 27 e5 f9
INFO - 90 3e 88 40 40 20 00 01
INFO - 90 40 88 08 40 28 11 d6
INFO - 90 40 c8 20 40 27 e5 f9
INFO - 90 40 08 40 40 20 04 fc
INFO - 90 42 08 08 40 27 59 d6
INFO - 90 42 48 20 40 27 e5 f9
INFO - 90 42 88 40 40 23 f0 fd
INFO - 90 44 88 08 40 27 59 d6
INFO - 90 44 c8 20 40 27 e5 f9
INFO - 90 44 08 40 40 23 f4 01
INFO - 90 46 08 08 40 27 59 d6
INFO - 90 46 48 20 40 27 e5 f9
INFO - 90 46 88 40 40 20 04 fc
INFO - 90 48 88 08 40 27 59 d6
INFO - 90 48 c8 20 40 27 e5 f9
INFO - 90 48 08 40 40 23 f0 fd
INFO - 90 4a 08 08 40 27 59 d6
INFO - 90 4a 48 20 40 27 e5 f9
INFO - 90 4a 88 40 40 23 f4 01
INFO - 90 4c 88 08 40 27 59 d6
INFO - 90 4c c8 20 40 27 e5 f7
INFO - 90 4c 08 40 40 20 04 fc
INFO - 90 4e 08 08 40 27 59 d6
INFO - 90 4e 48 20 40 27 dd f7
INFO - 90 4e 88 40 40 23 f0 00
INFO - 90 50 88 08 40 27 59 d6
INFO - 90 50 c8 20 40 27 dd f5
INFO - 90 50 08 40 40 20 00 01
INFO - 90 52 08 08 40 27 59 d6
INFO - 90 52 48 20 40 27 d5 f5
INFO - 90 52 88 40 40 20 04 fc
INFO - 90 54 88 08 40 27 59 d6
INFO - 90 54 c8 20 40 27 d5 f5
INFO - 90 54 08 40 40 23 f0 01
INFO - 90 56 08 08 40 27 59 d6
INFO - 90 56 48 20 40 27 d5 f7
INFO - 90 56 88 40 40 20 04 fc
INFO - 90 58 88 08 40 27 59 d6
INFO - 90 58 c8 20 40 27 dd f7
INFO - 90 58 08 40 40 23 f0 fd
INFO - b0 5a 48 40 57 00 00 02
INFO - b0 5a 88 40 57 00 00 02
INFO - b0 5a c8 40 57 00 00 02
INFO - b0 5a 08 40 57 00 00 02
INFO - b0 5a 48 40 57 00 00 02
INFO - 90 5a 48 08 40 27 5a 0b
INFO - 90 5a 88 20 40 27 dd f9
INFO - 90 5a c8 40 40 23 f4 01
INFO - 90 5c c8 08 40 28 2e 2c
INFO - 90 5c 08 20 40 27 e5 f9
INFO - 90 5c 48 40 40 20 04 fc
INFO - 90 5e 48 08 40 28 b2 2c
INFO - 90 5e 88 20 40 27 e5 f9
INFO - 90 5e c8 40 40 23 f0 01
INFO - 90 60 c8 08 40 28 b2 2c
INFO - 90 60 08 20 40 27 e5 f9
INFO - 90 60 48 40 40 20 04 fc
INFO - 90 62 48 08 40 28 b2 2c
INFO - 90 62 88 20 40 27 e5 f9
INFO - 90 62 c8 40 40 23 f0 fd
INFO - 90 64 c8 08 40 28 b2 2c
INFO - 90 64 08 20 40 27 e5 f9
INFO - 90 64 48 40 40 23 f4 01
INFO - 90 66 48 08 40 28 b2 2c
INFO - 90 66 88 20 40 27 e5 f9
INFO - 90 66 c8 40 40 20 04 fc
INFO - 90 68 c8 08 40 28 b2 2c
INFO - 90 68 08 20 40 27 e5 f9
INFO - 90 68 48 40 40 23 f0 01
INFO - 90 6a 48 08 40 28 b2 2c
INFO - 90 6a 88 20 40 27 e5 f9
INFO - 90 6a c8 40 40 20 04 fc
INFO - 90 6c c8 08 40 28 b2 2c
INFO - 90 6c 08 20 40 27 e5 f9
INFO - 90 6c 48 40 40 23 f0 fd
INFO - 90 6e 48 08 40 28 b2 2c
INFO - 90 6e 88 20 40 27 e5 f9
INFO - 90 6e c8 40 40 23 f4 01
INFO - 90 70 c8 08 40 28 b2 2c
INFO - 90 70 08 20 40 27 e5 f9
INFO - 90 70 48 40 40 20 04 fc
INFO - 90 72 48 08 40 28 b2 2c
INFO - 90 72 88 20 40 27 e5 f9
INFO - 90 72 c8 40 40 23 f0 00
INFO - 90 74 c8 08 40 28 b2 2c
INFO - 90 74 08 20 40 27 e5 f9
INFO - 90 74 48 40 40 20 00 01
INFO - 90 76 48 08 40 28 b2 2c
INFO - 90 76 88 20 40 27 e5 f9
INFO - 90 76 c8 40 40 20 04 fc
INFO - 90 78 c8 08 40 28 b2 15
INFO - 90 78 08 20 40 27 e5 f9
INFO - 90 78 48 40 40 23 f0 01
INFO - 90 7a 48 08 40 28 56 0b
INFO - 90 7a 88 20 40 27 e5 f9
INFO - 90 7a c8 40 40 20 04 fc
INFO - 90 7c c8 08 40 28 2e 0b
INFO - 90 7c 08 20 40 27 e5 f9
INFO - 90 7c 48 40 40 23 f0 fd
INFO - 90 7e 48 08 40 28 2e 0b
INFO - 90 7e 88 20 40 27 e5 f7
INFO - 90 7e c8 40 40 23 f4 01
INFO - 90 80 c8 08 40 28 2e 0b
INFO - 90 80 08 20 40 27 dd f7
INFO - 90 80 48 40 40 20 04 fc
INFO - 90 82 48 08 40 28 2e 0b
INFO - 90 82 88 20 40 27 dd f7
INFO - 90 82 c8 40 40 23 f0 fd
INFO - 90 84 c8 08 40 28 2e 0b
INFO - 90 84 08 20 40 27 dd f7
INFO - 90 84 48 40 40 23 f4 01
INFO - 90 86 48 08 40 28 2e 0b
INFO - 90 86 88 20 40 27 dd f7
INFO - 90 86 c8 40 40 20 04 fc
INFO - 90 88 c8 08 40 28 2e 0b
INFO - 90 88 08 20 40 27 dd f7
INFO - 90 88 48 40 40 23 f0 00
INFO - 90 8a 48 08 40 28 2e 0b
INFO - 90 8a 88 20 40 27 dd f9
INFO - 90 8a c8 40 40 20 00 01
INFO - 90 8c c8 08 40 28 2e 0b
INFO - 90 8c 08 20 40 27 e5 f9
INFO - 90 8c 48 40 40 20 04 fc
INFO - 90 8e 48 08 40 28 2e 0b
INFO - 90 8e 88 20 40 27 e5 f9
INFO - 90 8e c8 40 40 23 f0 01
INFO - 90 90 c8 08 40 28 2e 0b
INFO - 90 90 08 20 40 27 e5 f9
INFO - 90 90 48 40 40 20 04 fc
INFO - 90 92 48 08 40 28 2e 0b
INFO - 90 92 88 20 40 27 e5 f9
INFO - 90 92 c8 40 40 23 f0 fd
INFO - 90 94 c8 08 40 28 2e 0b
INFO - 90 94 08 20 40 27 e5 f9
INFO - 90 94 48 40 40 23 f4 01
INFO - 90 96 48 08 40 28 2e 0b
INFO - 90 96 88 20 40 27 e5 f9
INFO - 90 96 c8 40 40 20 04 fc
INFO - 90 98 c8 08 40 28 2d ff
INFO - 90 98 08 20 40 27 e5 f9
INFO - 90 98 48 40 40 23 f0 00
INFO - 90 9a 48 08 40 27 fd fa
INFO - 90 9a 88 20 40 27 e5 f9
INFO - 90 9a c8 40 40 20 00 01
INFO - 90 9c c8 08 40 27 e9 fa
INFO - 90 9c 08 20 40 27 e5 f9
INFO - 90 9c 48 40 40 20 04 fc
INFO - 90 9e 48 08 40 27 e9 fa
INFO - 90 9e 88 20 40 27 e5 f7
INFO - 90 9e c8 40 40 23 f0 01
INFO - 90 a0 c8 08 40 27 e9 fa
INFO - 90 a0 08 20 40 27 dd f7
INFO - 90 a0 48 40 40 20 04 fc
INFO - 90 a2 48 08 40 27 e9 fa
INFO - 90 a2 88 20 40 27 dd f7
INFO - 90 a2 c8 40 40 23 f0 fd
INFO - 90 a4 c8 08 40 27 e9 fa
INFO - 90 a4 08 20 40 27 dd f5
INFO - 90 a4 48 40 40 23 f4 01
INFO - 90 a6 48 08 40 27 e9 fa
INFO - 90 a6 88 20 40 27 d5 f5
INFO - 90 a6 c8 40 40 20 04 fc
INFO - 90 a8 c8 08 40 27 e9 fa
INFO - 90 a8 08 20 40 27 d5 f5
INFO - 90 a8 48 40 40 23 f0 00
INFO - 90 aa 48 08 40 27 e9 fa
INFO - 90 aa 88 20 40 27 d5 f7
INFO - 90 aa c8 40 40 20 00 01
INFO - 90 ac c8 08 40 27 e9 fa
INFO - 90 ac 08 20 40 27 dd f7
INFO - 90 ac 48 40 40 20 04 fc
INFO - 90 ae 48 08 40 27 e9 fa
INFO - 90 ae 88 20 40 27 dd f7
INFO - 90 ae c8 40 40 23 f0 01
INFO - 90 b0 c8 08 40 27 e9 fa
INFO - 90 b0 08 20 40 27 dd f9
INFO - 90 b0 48 40 40 20 04 fc
INFO - 90 b2 48 08 40 27 e9 fa
INFO - 90 b2 88 20 40 27 e5 f9
INFO - 90 b2 c8 40 40 23 f0 fd
INFO - 90 b4 c8 08 40 27 e9 fa
INFO - 90 b4 08 20 40 27 e5 f9
INFO - 90 b4 48 40 40 23 f4 01
INFO - 90 b6 48 08 40 27 ea 14
INFO - 90 b6 88 20 40 27 e5 f9
INFO - 90 b6 c8 40 40 20 04 fc
INFO - 90 b8 c8 08 40 28 52 20
INFO - 90 b8 08 20 40 27 e5 f9
INFO - 90 b8 48 40 40 23 f0 fd
INFO - 90 ba 48 08 40 28 82 20
INFO - 90 ba 88 20 40 27 e5 f9
INFO - 90 ba c8 40 40 23 f4 01
INFO - 90 bc c8 08 40 28 82 20
INFO - 90 bc 08 20 40 27 e5 f9
INFO - 90 bc 48 40 40 20 04 fc
INFO - 90 be 48 08 40 28 82 20
INFO - 90 be 88 20 40 27 e5 f9
INFO - 90 be c8 40 40 23 f0 01
INFO - 90 c0 c8 08 40 28 82 20
INFO - 90 c0 08 20 40 27 e5 f9
INFO - 90 c0 48 40 40 20 04 fc
INFO - 90 c2 48 08 40 28 82 20
INFO - 90 c2 88 20 40 27 e5 f9
INFO - 90 c2 c8 40 40 23 f0 00
INFO - 90 c4 c8 08 40 28 82 20
INFO - 90 c4 08 20 40 27 e5 f9
INFO - 90 c4 48 40 40 20 00 01
INFO - 90 c6 48 08 40 28 82 20
INFO - 90 c6 88 20 40 27 e5 f9
INFO - 90 c6 c8 40 40 20 04 fc
INFO - 90 c8 c8 08 40 28 82 20
INFO - 90 c8 08 20 40 27 e5 f9
INFO - 90 c8 48 40 40 23 f0 01
INFO - 90 ca 48 08 40 28 82 20
INFO - 90 ca 88 20 40 27 e5 f9
INFO - 90 ca c8 40 40 20 04 fc
INFO - 90 cc c8 08 40 28 82 20
INFO - 90 cc 08 20 40 27 e5 f9
INFO - 90 cc 48 40 40 23 f0 00
INFO - 90 ce 48 08 40 28 82 20
INFO - 90 ce 88 20 40 27 e5 f9
INFO - 90 ce c8 40 40 20 00 01
INFO - 90 d0 c8 08 40 08 82 20
INFO - 90 d0 08 20 40 07 e5 f9
INFO - 90 d0 48 40 40 00 04 c3
INFO - b4 24 88 40 57 00 00 02
INFO - b4 24 c8 40 57 00 00 02
INFO - b4 24 08 40 57 00 00 02
INFO - b4 24 48 40 57 00 00 02
INFO - b4 24 88 40 57 00 00 02
INFO - b5 1e 88 40 57 00 00 02
INFO - b5 1e c8 40 57 00 00 02
INFO - b5 1e 08 40 57 00 00 02
INFO - b5 1e 48 40 57 00 00 02
