INFO - 40 00 48 00 f9 41 00 23
INFO - 41 24 88 00 f9 41 00 23
INFO - 43 30 c8 00 f9 41 00 23
INFO - 45 24 08 00 f9 41 00 23
INFO - 47 19 48 00 f9 41 00 23
INFO - 48 bb 88 00 f9 41 00 23
INFO - 49 35 c8 00 f9 41 00 23
INFO - 4a 44 08 00 f9 41 00 23
INFO - 4b 36 48 00 f9 51 00 20
INFO - 4b 86 88 00 f9 41 00 24
INFO - 4c 0a c8 00 f9 51 00 20
INFO - 4c 1b 08 00 f9 51 00 20
INFO - 4c 29 48 00 f9 41 00 23
INFO - 4c 3f 88 00 f9 41 00 23
INFO - 4c da c8 00 f9 41 00 23
INFO - 4e 8a 08 00 f9 41 00 23
INFO - 4e bb 48 00 f9 51 00 20
INFO - 4e da 88 00 f9 51 00 20
INFO - 4e f3 c8 00 f9 41 00 24
INFO - 4f 23 08 00 f9 41 00 24
INFO - 50 c2 48 00 f9 41 00 24
INFO - 52 bb 88 00 f9 41 00 24
INFO - 53 3d c8 00 f9 41 00 24
INFO - 53 d7 08 00 f9 51 00 20
INFO - 53 e9 48 00 f9 51 00 20
INFO - 53 f9 88 00 f9 41 00 23
INFO - 54 7b c8 00 f9 41 00 23
INFO - 55 12 08 00 f9 51 00 20
