INFO - 40 00 49 00 f9 41 00 23
INFO - 40 b5 89 00 f9 41 00 23
INFO - 42 c1 c9 00 f9 41 00 23
INFO - 44 b5 09 00 f9 41 00 23
INFO - 46 a9 49 00 f9 41 00 23
INFO - 48 4c 89 00 f9 41 00 23
INFO - 48 c5 c9 00 f9 41 00 23
INFO - 49 d4 09 00 f9 41 00 23
INFO - 4a c7 49 00 f9 51 00 20
INFO - 4b 17 89 00 f9 41 00 24
INFO - 4b 9b c9 00 f9 51 00 20
INFO - 4b ac 09 00 f9 51 00 20
INFO - 4b ba 49 00 f9 41 00 23
INFO - 4b d0 89 00 f9 41 00 23
INFO - 4c 6b c9 00 f9 41 00 23
INFO - 4e 1b 09 00 f9 41 00 23
INFO - 4e 4c 49 00 f9 51 00 20
INFO - 4e 6a 89 00 f9 51 00 20
INFO - 4e 83 c9 00 f9 41 00 24
INFO - 4e b3 09 00 f9 41 00 24
INFO - 50 53 49 00 f9 41 00 24
INFO - 52 4c 89 00 f9 41 00 24
INFO - 52 ce c9 00 f9 41 00 24
INFO - 53 68 09 00 f9 51 00 20
INFO - 53 7a 49 00 f9 51 00 20
INFO - 53 8a 89 00 f9 41 00 23
INFO - 54 0c c9 00 f9 41 00 23
INFO - 54 a3 09 00 f9 51 00 20
INFO - 54 fa 49 00 f9 41 00 24
INFO - 55 af 89 00 f9 51 00 20
INFO - 55 be c9 00 f9 51 00 20
INFO - 55 cd 09 00 f9 41 00 23
INFO - 56 45 49 00 f9 41 00 23
INFO - 56 b6 89 00 f9 41 00 23
