INFO - 20 00 49 3c 00 0a 40 00
INFO - 20 01 89 3c 00 0a 8a 00
INFO - 20 02 c9 3c 00 0a 60 00
INFO - 20 03 09 3c 00 0a 76 00
INFO - 20 04 49 3c 00 0a 8b 00
INFO - 20 05 89 3c 00 0a 6b 00
INFO - 20 06 c9 3c 00 0a 61 00
INFO - 20 06 09 3c 00 0a 61 00
INFO - 20 08 49 3c 00 0a 7b 00
INFO - 20 08 89 3c 00 0a 7b 00
INFO - 20 0d c9 3c 00 0a b6 00
INFO - 20 0d 09 3c 00 0a b6 00
INFO - 20 0d 49 3c 00 0a b6 00
INFO - 20 12 89 3c 00 0a 9d 00
INFO - 20 12 c9 3c 00 0a 9d 00
INFO - 20 1a 09 3c 00 0b 02 00
INFO - 20 1a 49 3c 00 0b 02 00
INFO - 20 1d 89 3c 00 0a 86 00
INFO - 20 1d c9 3c 00 0a 86 00
INFO - 20 22 09 3c 00 0a b2 00
INFO - 20 23 49 3c 00 0a 76 00
INFO - 20 23 89 3c 00 0a 76 00
INFO - 20 23 c9 3c 00 0a 76 00
INFO - 20 23 09 3c 00 0a 76 00
INFO - 20 2b 49 3c 00 0a a4 00
INFO - 20 2c 89 3c 00 0a 8c 00
INFO - 20 2e c9 3c 00 0a 7d 00
INFO - 20 2e 09 3c 00 0a 7d 00
INFO - 20 32 49 3c 00 0a a7 00
INFO - 20 32 89 3c 00 0a a7 00
INFO - 20 35 c9 3c 00 0a 99 00
INFO - 20 38 09 3c 00 0a b5 00
INFO - 20 38 49 3c 00 0a b5 00
INFO - 20 3e 89 3c 00 0a e3 00
INFO - 20 3e c9 3c 00 0a e3 00
INFO - 20 43 09 3c 00 0a c2 00
INFO - 20 45 49 3c 00 0a 81 00
INFO - 20 4b 89 3c 00 0b 69 00
INFO - 20 4e c9 3c 00 0a e0 00
INFO - 20 51 09 3c 00 0a db 00
INFO - 20 53 49 3c 00 0a aa 00
INFO - 20 55 89 3c 00 0a 95 00
INFO - 20 57 c9 3c 00 0a c2 00
INFO - 20 59 09 3c 00 0a 99 00
INFO - 20 5c 49 3c 00 0a c1 00
INFO - 20 5d 89 3c 00 0a 94 00
INFO - 20 5f c9 3c 00 0a 98 00
INFO - 20 62 09 3c 00 0a b4 00
INFO - 20 64 49 3c 00 0a a3 00
INFO - 20 65 89 3c 00 0a a1 00
INFO - 20 68 c9 3c 00 0a a8 00
INFO - 20 68 09 3c 00 0a 55 00
INFO - 20 6b 49 3c 00 0a e3 00
INFO - 20 6e 89 3c 00 0a c8 00
INFO - 20 70 c9 3c 00 0a 98 00
INFO - 20 72 09 3c 00 0a 74 00
INFO - 20 74 49 3c 00 0a 98 00
INFO - 20 77 89 3c 00 0a d5 00
INFO - 20 79 c9 3c 00 0a cb 00
INFO - 20 7b 09 3c 00 0a 96 00
INFO - 20 7d 49 3c 00 0a b4 00
INFO - 20 80 89 3c 00 0a ad 00
INFO - 20 83 c9 3c 00 0a d6 00
INFO - 20 84 09 3c 00 0a 7d 00
INFO - 20 87 49 3c 00 0a ee 00
INFO - 20 89 89 3c 00 0a a8 00
INFO - 20 8c c9 3c 00 0a cd 00
INFO - 20 8f 09 3c 00 0a b3 00
INFO - 20 91 49 3c 00 0a a2 00
INFO - 20 92 89 3c 00 0a 8b 00
INFO - 20 94 c9 3c 00 0a a8 00
INFO - 20 96 09 3c 00 0a a3 00
INFO - 20 99 49 3c 00 0a bf 00
INFO - 20 9b 89 3c 00 0a a7 00
INFO - 20 9d c9 3c 00 0a a2 00
INFO - 20 9f 09 3c 00 0a bf 00
INFO - 20 a1 49 3c 00 0a 94 00
INFO - 20 a3 89 3c 00 0a 9d 00
INFO - 20 a5 c9 3c 00 0a a1 00
INFO - 20 a7 09 3c 00 0a aa 00
INFO - 20 a9 49 3c 00 0a a6 00
INFO - 20 ab 89 3c 00 0a 97 00
INFO - 20 ad c9 3c 00 0a a9 00
INFO - 20 af 09 3c 00 0a a6 00
INFO - 20 b1 49 3c 00 0a b6 00
INFO - 20 b5 89 3c 00 0a e6 00
INFO - 20 b7 c9 3c 00 0a a1 00
INFO - 20 b9 09 3c 00 0a b1 00
INFO - 20 bb 49 3c 00 0a 96 00
INFO - 20 bc 89 3c 00 0a 89 00
INFO - 20 bf c9 3c 00 0a bc 00
INFO - 20 c0 09 3c 00 0a 8c 00
INFO - 20 c2 49 3c 00 0a aa 00
INFO - 20 c4 89 3c 00 0a a7 00
INFO - 20 c7 c9 3c 00 0a c1 00
INFO - 20 c8 09 3c 00 0a 91 00
INFO - 20 ca 49 3c 00 0a a2 00
INFO - 20 cc 89 3c 00 0a 94 00
INFO - 20 ce c9 3c 00 0a 9d 00
INFO - 20 d0 09 3c 00 0a 97 00
INFO - 20 d1 49 3c 00 0a 94 00
INFO - 20 d3 89 3c 00 0a 9c 00
INFO - 20 d5 c9 3c 00 0a 8a 00
INFO - 20 d7 09 3c 00 0a b7 00
INFO - 20 d9 49 3c 00 0a 8a 00
INFO - 20 dc 89 3c 00 0a e9 00
INFO - 20 de c9 3c 00 0a 92 00
INFO - 20 e0 09 3c 00 0a b7 00
INFO - 20 e3 49 3c 00 0a bf 00
INFO - 20 e9 89 3c 00 0b 86 00
INFO - 20 eb c9 3c 00 0a 95 00
INFO - 20 ed 09 3c 00 0a a1 00
INFO - 20 ee 49 3c 00 0a 8b 00
INFO - 20 f1 89 3c 00 0a bc 00
INFO - 20 f2 c9 3c 00 0a 8c 00
INFO - 20 f5 09 3c 00 0a 7e 00
INFO - 20 f7 49 3c 00 0a b7 00
INFO - 20 f9 89 3c 00 0a a9 00
INFO - 20 fb c9 3c 00 0a a1 00
INFO - 20 fd 09 3c 00 0a a0 00
INFO - 20 ff 49 3c 00 0a 9e 00
INFO - 21 01 89 3c 00 0a ad 00
INFO - 21 04 c9 3c 00 0a b6 00
INFO - 21 06 09 3c 00 0a ca 00
INFO - 21 08 49 3c 00 0a a3 00
INFO - 21 0a 89 3c 00 0a a0 00
INFO - 21 0c c9 3c 00 0a 98 00
INFO - 21 0f 09 3c 00 0a c3 00
INFO - 21 11 49 3c 00 0a c3 00
INFO - 21 14 89 3c 00 0a ad 00
INFO - 21 16 c9 3c 00 0a b6 00
INFO - 21 19 09 3c 00 0a c5 00
INFO - 21 1c 49 3c 00 0a f0 00
INFO - 21 1e 89 3c 00 0a 98 00
INFO - 21 21 c9 3c 00 0a e5 00
INFO - 21 25 09 3c 00 0a fc 00
INFO - 21 27 49 3c 00 0a a1 00
INFO - 21 29 89 3c 00 0a ba 00
INFO - 21 2b c9 3c 00 0a 8d 00
INFO - 21 2d 09 3c 00 0a a6 00
INFO - 21 2f 49 3c 00 0a a4 00
INFO - 21 32 89 3c 00 0a bb 00
INFO - 21 34 c9 3c 00 0a a6 00
INFO - 21 36 09 3c 00 0a b9 00
INFO - 21 38 49 3c 00 0a 91 00
INFO - 21 39 89 3c 00 0a 98 00
INFO - 21 3c c9 3c 00 0a a8 00
INFO - 21 3e 09 3c 00 0a a6 00
INFO - 21 40 49 3c 00 0a b0 00
INFO - 21 42 89 3c 00 0a 9e 00
INFO - 21 44 c9 3c 00 0a a7 00
INFO - 21 45 09 3c 00 0a 8f 00
INFO - 21 48 49 3c 00 0a c0 00
INFO - 21 4a 89 3c 00 0a b2 00
INFO - 21 4d c9 3c 00 0a d9 00
INFO - 21 50 09 3c 00 0a ca 00
INFO - 21 53 49 3c 00 0a ce 00
INFO - 21 54 89 3c 00 0a 84 00
INFO - 21 57 c9 3c 00 0a c4 00
INFO - 21 59 09 3c 00 0a b4 00
INFO - 21 5c 49 3c 00 0a b8 00
INFO - 21 5e 89 3c 00 0a ab 00
INFO - 21 61 c9 3c 00 0a d8 00
INFO - 21 63 09 3c 00 0a ad 00
INFO - 21 66 49 3c 00 0a c4 00
INFO - 21 68 89 3c 00 0a 70 00
INFO - 21 6b c9 3c 00 0a dc 00
INFO - 21 6e 09 3c 00 0a dd 00
INFO - 21 70 49 3c 00 0a a1 00
INFO - 21 72 89 3c 00 0a ad 00
INFO - 21 74 c9 3c 00 0a 95 00
INFO - 21 76 09 3c 00 0a ba 00
INFO - 21 7b 49 3c 00 0b 1c 00
INFO - 21 7d 89 3c 00 0a c7 00
INFO - 21 80 c9 3c 00 0a c9 00
INFO - 21 84 09 3c 00 0a eb 00
INFO - 21 86 49 3c 00 0a b0 00
INFO - 21 8a 89 3c 00 0a fd 00
INFO - 21 8c c9 3c 00 0a a4 00
INFO - 21 8e 09 3c 00 0a bd 00
INFO - 21 90 49 3c 00 0a b1 00
INFO - 21 93 89 3c 00 0a bc 00
INFO - 21 95 c9 3c 00 0a a7 00
INFO - 21 97 09 3c 00 0a bc 00
INFO - 21 9a 49 3c 00 0a d9 00
INFO - 21 9d 89 3c 00 0a c9 00
INFO - 21 a0 c9 3c 00 0a bf 00
INFO - 21 a2 09 3c 00 0a a7 00
INFO - 21 a5 49 3c 00 0a f1 00
INFO - 21 a7 89 3c 00 0a 97 00
INFO - 21 a9 c9 3c 00 0a 9b 00
INFO - 21 ac 09 3c 00 0a d7 00
INFO - 21 ae 49 3c 00 0a a7 00
INFO - 21 b0 89 3c 00 0a a5 00
INFO - 21 b3 c9 3c 00 0a db 00
INFO - 21 b6 09 3c 00 0a be 00
INFO - 21 b8 49 3c 00 0a 9a 00
INFO - 21 ba 89 3c 00 0a cd 00
INFO - 21 bc c9 3c 00 0a 9c 00
INFO - 21 c0 09 3c 00 0a e7 00
INFO - 21 c2 49 3c 00 0a c0 00
INFO - 21 c5 89 3c 00 0a ce 00
INFO - 21 c8 c9 3c 00 0a be 00
INFO - 21 ca 09 3c 00 0a d0 00
INFO - 21 cd 49 3c 00 0a b2 00
INFO - 21 d0 89 3c 00 0a f5 00
INFO - 21 d3 c9 3c 00 0a b6 00
INFO - 21 d5 09 3c 00 0a 80 00
INFO - 21 d8 49 3c 00 0a b5 00
INFO - 21 db 89 3c 00 0a e7 00
INFO - 21 de c9 3c 00 0a da 00
INFO - 21 e0 09 3c 00 0a a5 00
INFO - 21 e4 49 3c 00 0a f6 00
INFO - 21 e6 89 3c 00 0a 98 00
INFO - 21 e9 c9 3c 00 0a db 00
INFO - 21 eb 09 3c 00 0a 9a 00
INFO - 21 ee 49 3c 00 0a e6 00
INFO - 21 f0 89 3c 00 0a a5 00
INFO - 21 f1 c9 3c 00 0a 8d 00
INFO - 21 f4 09 3c 00 0a c2 00
INFO - 21 f6 49 3c 00 0a 98 00
INFO - 21 f9 89 3c 00 0a db 00
INFO - 21 fb c9 3c 00 0a 99 00
INFO - 21 fe 09 3c 00 0a ce 00
INFO - 21 ff 49 3c 00 0a 8d 00
INFO - 22 02 89 3c 00 0a db 00
INFO - 22 04 c9 3c 00 0a a6 00
INFO - 22 06 09 3c 00 0a a6 00
INFO - 22 09 49 3c 00 0a cf 00
INFO - 22 0c 89 3c 00 0a d9 00
INFO - 22 0e c9 3c 00 0a 8f 00
INFO - 22 12 09 3c 00 0b 1c 00
INFO - 22 14 49 3c 00 0a 9a 00
INFO - 22 18 89 3c 00 0b 0f 00
INFO - 22 1d c9 3c 00 0b 1b 00
INFO - 22 21 09 3c 00 0b 11 00
INFO - 22 23 49 3c 00 0a a6 00
INFO - 22 25 89 3c 00 0a b7 00
INFO - 22 28 c9 3c 00 0a c2 00
INFO - 22 2d 09 3c 00 0b 43 00
INFO - 22 30 49 3c 00 0a c2 00
INFO - 22 32 89 3c 00 0a b7 00
INFO - 22 34 c9 3c 00 0a a9 00
INFO - 22 36 09 3c 00 0a 99 00
INFO - 22 39 49 3c 00 0a d1 00
INFO - 22 3c 89 3c 00 0a 80 00
INFO - 22 3d c9 3c 00 0a 9d 00
INFO - 22 40 09 3c 00 0a cd 00
INFO - 22 44 49 3c 00 0a f6 00
INFO - 22 47 89 3c 00 0a d1 00
INFO - 22 49 c9 3c 00 0a a8 00
INFO - 22 4c 09 3c 00 0a c0 00
INFO - 22 4e 49 3c 00 0a a9 00
INFO - 22 50 89 3c 00 0a c0 00
INFO - 22 53 c9 3c 00 0a d0 00
INFO - 22 56 09 3c 00 0a e8 00
INFO - 22 59 49 3c 00 0a c1 00
INFO - 22 5b 89 3c 00 0a a6 00
INFO - 22 5d c9 3c 00 0a b6 00
INFO - 22 61 09 3c 00 0a e8 00
INFO - 22 64 49 3c 00 0a d9 00
INFO - 22 67 89 3c 00 0a dd 00
INFO - 22 69 c9 3c 00 0a b2 00
INFO - 22 6d 09 3c 00 0a dd 00
INFO - 22 6f 49 3c 00 0a bf 00
INFO - 22 71 89 3c 00 0a a8 00
INFO - 22 73 c9 3c 00 0a 9a 00
INFO - 22 76 09 3c 00 0a be 00
INFO - 22 78 49 3c 00 0a a7 00
INFO - 22 7b 89 3c 00 0a dc 00
INFO - 22 7d c9 3c 00 0a c0 00
INFO - 22 80 09 3c 00 0a da 00
INFO - 22 83 49 3c 00 0a d8 00
INFO - 22 87 89 3c 00 0a dd 00
INFO - 22 89 c9 3c 00 0a cb 00
INFO - 22 8d 09 3c 00 0b 03 00
INFO - 22 90 49 3c 00 0a b4 00
INFO - 22 92 89 3c 00 0a 80 00
INFO - 22 95 c9 3c 00 0a c3 00
INFO - 22 97 09 3c 00 0a 9a 00
INFO - 22 9a 49 3c 00 0a db 00
INFO - 22 9c 89 3c 00 0a c0 00
INFO - 22 a0 c9 3c 00 0a e8 00
INFO - 22 a2 09 3c 00 0a aa 00
INFO - 22 a4 49 3c 00 0a c2 00
INFO - 22 a8 89 3c 00 0a da 00
INFO - 22 ab c9 3c 00 0a df 00
INFO - 22 ad 09 3c 00 0a c0 00
INFO - 22 b0 49 3c 00 0a cf 00
INFO - 22 b3 89 3c 00 0a df 00
INFO - 22 b5 c9 3c 00 0a 99 00
INFO - 22 b8 09 3c 00 0a c3 00
INFO - 22 bb 49 3c 00 0a cd 00
INFO - 22 be 89 3c 00 0a fa 00
INFO - 22 c1 c9 3c 00 0a ce 00
INFO - 22 c4 09 3c 00 0a c5 00
INFO - 22 c6 49 3c 00 0a 9a 00
INFO - 22 c9 89 3c 00 0a e0 00
INFO - 22 cd c9 3c 00 0b 12 00
INFO - 22 d0 09 3c 00 0a b4 00
INFO - 22 d3 49 3c 00 0a ee 00
INFO - 22 d5 89 3c 00 0a b3 00
INFO - 22 d7 c9 3c 00 0a 9e 00
INFO - 22 da 09 3c 00 0a db 00
INFO - 22 dd 49 3c 00 0a b8 00
INFO - 22 e0 89 3c 00 0a ea 00
INFO - 22 e3 c9 3c 00 0a d1 00
INFO - 22 e5 09 3c 00 0a 99 00
INFO - 22 e9 49 3c 00 0a 9c 00
INFO - 22 eb 89 3c 00 0a ab 00
INFO - 22 ef c9 3c 00 0b 2b 00
INFO - 22 f2 09 3c 00 0a cf 00
INFO - 22 f5 49 3c 00 0a b3 00
INFO - 22 f7 89 3c 00 0a aa 00
INFO - 22 f9 c9 3c 00 0a a8 00
INFO - 22 fb 09 3c 00 0a c0 00
INFO - 22 ff 49 3c 00 0a df 00
INFO - 23 00 89 3c 00 0a 99 00
INFO - 23 03 c9 3c 00 0a c5 00
INFO - 23 06 09 3c 00 0a c3 00
INFO - 23 08 49 3c 00 0a c0 00
INFO - 23 0a 89 3c 00 0a ab 00
INFO - 23 0d c9 3c 00 0a c0 00
INFO - 23 10 09 3c 00 0a c5 00
INFO - 23 13 49 3c 00 0a d0 00
INFO - 23 15 89 3c 00 0a a6 00
INFO - 23 17 c9 3c 00 0a 9e 00
INFO - 23 19 09 3c 00 0a d0 00
INFO - 23 1d 49 3c 00 0a de 00
INFO - 23 20 89 3c 00 0a eb 00
INFO - 23 23 c9 3c 00 0a e9 00
INFO - 23 26 09 3c 00 0a b8 00
INFO - 23 28 49 3c 00 0a c1 00
INFO - 23 2b 89 3c 00 0a b9 00
INFO - 23 2e c9 3c 00 0a dc 00
INFO - 23 30 09 3c 00 0a ab 00
INFO - 23 33 49 3c 00 0a 8f 00
INFO - 23 37 89 3c 00 0a eb 00
INFO - 23 39 c9 3c 00 0a b6 00
INFO - 23 3c 09 3c 00 0a c3 00
INFO - 23 3e 49 3c 00 0a a9 00
INFO - 23 41 89 3c 00 0a ce 00
INFO - 23 43 c9 3c 00 0a b7 00
INFO - 23 45 09 3c 00 0a 9b 00
INFO - 23 48 49 3c 00 0a e9 00
INFO - 23 4b 89 3c 00 0a a8 00
INFO - 23 4d c9 3c 00 0a cd 00
INFO - 23 51 09 3c 00 0a ea 00
INFO - 23 52 49 3c 00 0a 8b 00
INFO - 23 56 89 3c 00 0a ea 00
INFO - 23 59 c9 3c 00 0a e5 00
INFO - 23 5c 09 3c 00 0a d0 00
INFO - 23 5e 49 3c 00 0a b1 00
INFO - 23 61 89 3c 00 0a b5 00
INFO - 23 62 c9 3c 00 0a 98 00
INFO - 23 65 09 3c 00 0a c2 00
INFO - 23 68 49 3c 00 0a f1 00
INFO - 23 6c 89 3c 00 0a db 00
INFO - 23 6f c9 3c 00 0a e2 00
INFO - 23 71 09 3c 00 0a bf 00
INFO - 23 74 49 3c 00 0a cf 00
INFO - 23 77 89 3c 00 0a be 00
INFO - 23 79 c9 3c 00 0a b6 00
INFO - 23 7d 09 3c 00 0a 92 00
INFO - 23 7f 49 3c 00 0a b6 00
INFO - 23 82 89 3c 00 0a c1 00
INFO - 23 83 c9 3c 00 0a 97 00
INFO - 23 87 09 3c 00 0a f4 00
INFO - 23 8b 49 3c 00 0b 05 00
INFO - 23 8d 89 3c 00 0a a4 00
INFO - 23 8f c9 3c 00 0a b7 00
INFO - 23 92 09 3c 00 0a c2 00
INFO - 23 94 49 3c 00 0a b0 00
INFO - 23 97 89 3c 00 0a d2 00
INFO - 23 9a c9 3c 00 0a cb 00
INFO - 23 9d 09 3c 00 0a e9 00
INFO - 23 9f 49 3c 00 0a ac 00
INFO - 23 a2 89 3c 00 0a d9 00
INFO - 23 a4 c9 3c 00 0a a0 00
INFO - 23 a7 09 3c 00 0a cf 00
INFO - 23 ab 49 3c 00 0a f7 00
INFO - 23 ad 89 3c 00 0a a5 00
INFO - 23 b0 c9 3c 00 0a d4 00
INFO - 23 b2 09 3c 00 0a 90 00
INFO - 23 b5 49 3c 00 0a dd 00
INFO - 23 b7 89 3c 00 0a be 00
INFO - 23 bb c9 3c 00 0a fd 00
INFO - 23 be 09 3c 00 0a bf 00
INFO - 23 c0 49 3c 00 0a ae 00
INFO - 23 c2 89 3c 00 0a a4 00
INFO - 23 c5 c9 3c 00 0a ca 00
INFO - 23 c7 09 3c 00 0a a4 00
INFO - 23 c9 49 3c 00 0a ca 00
INFO - 23 cc 89 3c 00 0a b0 00
INFO - 23 cf c9 3c 00 0a f2 00
INFO - 23 d1 09 3c 00 0a b1 00
INFO - 23 d5 49 3c 00 0a df 00
INFO - 23 d7 89 3c 00 0a be 00
INFO - 23 da c9 3c 00 0a c4 00
INFO - 23 dc 09 3c 00 0a a5 00
INFO - 23 df 49 3c 00 0a df 00
INFO - 23 e2 89 3c 00 0a d8 00
INFO - 23 e5 c9 3c 00 0a e8 00
INFO - 23 e7 09 3c 00 0a a3 00
INFO - 23 eb 49 3c 00 0a ed 00
INFO - 23 ee 89 3c 00 0a 90 00
INFO - 23 f1 c9 3c 00 0a e0 00
INFO - 23 f4 09 3c 00 0a cd 00
INFO - 23 f7 49 3c 00 0a bf 00
INFO - 23 f9 89 3c 00 0a bd 00
INFO - 23 fc c9 3c 00 0a b3 00
INFO - 23 fe 09 3c 00 0a cd 00
INFO - 24 01 49 3c 00 0a cb 00
INFO - 24 04 89 3c 00 0a c0 00
INFO - 24 06 c9 3c 00 0a b1 00
INFO - 24 09 09 3c 00 0a db 00
INFO - 24 0b 49 3c 00 0a b3 00
INFO - 24 0e 89 3c 00 0a b8 00
INFO - 24 10 c9 3c 00 0a 98 00
INFO - 24 12 09 3c 00 0a b1 00
INFO - 24 15 49 3c 00 0a d4 00
INFO - 24 17 89 3c 00 0a 9e 00
INFO - 24 1a c9 3c 00 0a db 00
INFO - 24 1d 09 3c 00 0a d3 00
INFO - 24 21 49 3c 00 0b 03 00
INFO - 24 25 89 3c 00 0b 24 00
INFO - 24 28 c9 3c 00 0a ad 00
INFO - 24 2b 09 3c 00 0a e1 00
INFO - 24 2d 49 3c 00 0a aa 00
INFO - 24 31 89 3c 00 0b 24 00
INFO - 24 35 c9 3c 00 0a f3 00
INFO - 24 38 09 3c 00 0a c0 00
INFO - 24 3c 49 3c 00 0b 15 00
INFO - 24 3f 89 3c 00 0a ca 00
INFO - 24 41 c9 3c 00 0a cb 00
INFO - 24 45 09 3c 00 0a df 00
INFO - 24 47 49 3c 00 0a 9d 00
INFO - 24 49 89 3c 00 0a b0 00
INFO - 24 4b c9 3c 00 0a a3 00
INFO - 24 4d 09 3c 00 0a 78 00
INFO - 24 50 49 3c 00 0a bd 00
INFO - 24 52 89 3c 00 0a b8 00
INFO - 24 55 c9 3c 00 0a c4 00
INFO - 24 57 09 3c 00 0a a8 00
INFO - 24 59 49 3c 00 0a bd 00
INFO - 24 5c 89 3c 00 0a bd 00
INFO - 24 5e c9 3c 00 0a c0 00
INFO - 24 61 09 3c 00 0a d6 00
INFO - 24 64 49 3c 00 0a dd 00
INFO - 24 67 89 3c 00 0a c5 00
INFO - 24 69 c9 3c 00 0a a1 00
INFO - 24 6c 09 3c 00 0a da 00
INFO - 24 6f 49 3c 00 0a d6 00
INFO - 24 72 89 3c 00 0a c0 00
INFO - 24 75 c9 3c 00 0a ec 00
INFO - 24 78 09 3c 00 0a d0 00
INFO - 24 7b 49 3c 00 0a c4 00
INFO - 24 7d 89 3c 00 0a 9e 00
INFO - 24 7f c9 3c 00 0a bc 00
INFO - 24 81 09 3c 00 0a b3 00
INFO - 24 84 49 3c 00 0a ca 00
INFO - 24 88 89 3c 00 0a f5 00
INFO - 24 8b c9 3c 00 0a c5 00
INFO - 24 8d 09 3c 00 0a c6 00
INFO - 24 90 49 3c 00 0a bd 00
INFO - 24 92 89 3c 00 0a c1 00
INFO - 24 95 c9 3c 00 0a b8 00
INFO - 24 97 09 3c 00 0a b8 00
INFO - 24 99 49 3c 00 0a a2 00
INFO - 24 9d 89 3c 00 0b 16 00
INFO - 24 a0 c9 3c 00 0a cc 00
INFO - 24 a2 09 3c 00 0a 74 00
INFO - 24 a7 49 3c 00 0b 34 00
INFO - 24 ab 89 3c 00 0a e1 00
INFO - 24 ad c9 3c 00 0a be 00
INFO - 24 b0 09 3c 00 0a da 00
INFO - 24 b2 49 3c 00 0a 88 00
INFO - 24 b4 89 3c 00 0a c1 00
INFO - 24 b6 c9 3c 00 0a b2 00
INFO - 24 b9 09 3c 00 0a bf 00
INFO - 24 bc 49 3c 00 0a d5 00
INFO - 24 be 89 3c 00 0a 96 00
INFO - 24 c1 c9 3c 00 0a ee 00
INFO - 24 c5 09 3c 00 0a e9 00
INFO - 24 c7 49 3c 00 0a a6 00
INFO - 24 c9 89 3c 00 0a b2 00
INFO - 24 cb c9 3c 00 0a a6 00
INFO - 24 cd 09 3c 00 0a b2 00
INFO - 24 d0 49 3c 00 0a c8 00
INFO - 24 d2 89 3c 00 0a a3 00
INFO - 24 d5 c9 3c 00 0a c1 00
INFO - 24 d7 09 3c 00 0a b2 00
INFO - 24 d9 49 3c 00 0a a7 00
INFO - 24 dd 89 3c 00 0a fc 00
INFO - 24 e0 c9 3c 00 0a ed 00
INFO - 24 e2 09 3c 00 0a 8a 00
INFO - 24 e5 49 3c 00 0a f5 00
INFO - 24 e9 89 3c 00 0a f0 00
INFO - 24 f1 c9 3c 00 0b c9 00
INFO - 24 f3 09 3c 00 0a 80 00
INFO - 24 f7 49 3c 00 0a ed 00
INFO - 24 fa 89 3c 00 0a d4 00
INFO - 24 fc c9 3c 00 0a 94 00
INFO - 24 fe 09 3c 00 0a cc 00
INFO - 25 01 49 3c 00 0a d7 00
INFO - 25 03 89 3c 00 0a a5 00
INFO - 25 06 c9 3c 00 0a d0 00
INFO - 25 08 09 3c 00 0a 96 00
INFO - 25 0b 49 3c 00 0a d8 00
INFO - 25 0d 89 3c 00 0a ae 00
INFO - 25 11 c9 3c 00 0a ea 00
INFO - 25 14 09 3c 00 0a cc 00
INFO - 25 17 49 3c 00 0a d5 00
INFO - 25 19 89 3c 00 0a bc 00
INFO - 25 1b c9 3c 00 0a b7 00
INFO - 25 1e 09 3c 00 0a ad 00
INFO - 25 20 49 3c 00 0a ca 00
INFO - 25 22 89 3c 00 0a 9b 00
INFO - 25 25 c9 3c 00 0a c2 00
INFO - 25 28 09 3c 00 0a d6 00
INFO - 25 2b 49 3c 00 0a f1 00
INFO - 25 2e 89 3c 00 0a ad 00
INFO - 25 31 c9 3c 00 0a f1 00
INFO - 25 34 09 3c 00 0a d4 00
INFO - 25 36 49 3c 00 0a ad 00
INFO - 25 3a 89 3c 00 0a a4 00
INFO - 25 3d c9 3c 00 0a b0 00
INFO - 25 3f 09 3c 00 0a ae 00
INFO - 25 42 49 3c 00 0a ca 00
INFO - 25 45 89 3c 00 0a d7 00
INFO - 25 47 c9 3c 00 0a bb 00
INFO - 25 4a 09 3c 00 0a e2 00
INFO - 25 4d 49 3c 00 0a c2 00
INFO - 25 50 89 3c 00 0a d2 00
INFO - 25 52 c9 3c 00 0a a8 00
INFO - 25 55 09 3c 00 0a d1 00
INFO - 25 57 49 3c 00 0a b8 00
INFO - 25 5b 89 3c 00 0a f8 00
INFO - 25 5e c9 3c 00 0a dd 00
INFO - 25 62 09 3c 00 0a ec 00
INFO - 25 64 49 3c 00 0a ba 00
INFO - 25 67 89 3c 00 0a bb 00
INFO - 25 69 c9 3c 00 0a bd 00
INFO - 25 6b 09 3c 00 0a b1 00
INFO - 25 6e 49 3c 00 0a bf 00
INFO - 25 71 89 3c 00 0a be 00
INFO - 25 74 c9 3c 00 0a e5 00
INFO - 25 76 09 3c 00 0a 96 00
INFO - 25 7a 49 3c 00 0b 21 00
INFO - 25 7d 89 3c 00 0a cb 00
INFO - 25 7f c9 3c 00 0a bd 00
INFO - 25 82 09 3c 00 0a d8 00
INFO - 25 85 49 3c 00 0a be 00
INFO - 25 87 89 3c 00 0a b0 00
INFO - 25 8a c9 3c 00 0a cc 00
INFO - 25 8c 09 3c 00 0a b1 00
INFO - 25 8f 49 3c 00 0a 7e 00
INFO - 25 92 89 3c 00 0a e6 00
INFO - 25 96 c9 3c 00 0a ff 00
INFO - 25 99 09 3c 00 0a e4 00
INFO - 25 9c 49 3c 00 0a e0 00
INFO - 25 9e 89 3c 00 0a a2 00
INFO - 25 a2 c9 3c 00 0a ff 00
INFO - 25 a6 09 3c 00 0a e6 00
INFO - 25 a9 49 3c 00 0a d8 00
INFO - 25 ab 89 3c 00 0a a2 00
INFO - 25 ad c9 3c 00 0a a3 00
INFO - 25 b1 09 3c 00 0b 0d 00
INFO - 25 b4 49 3c 00 0a e6 00
INFO - 25 b6 89 3c 00 0a 96 00
INFO - 25 b9 c9 3c 00 0a d7 00
INFO - 25 bb 09 3c 00 0a b2 00
INFO - 25 bf 49 3c 00 0a f3 00
INFO - 25 c1 89 3c 00 0a be 00
INFO - 25 c4 c9 3c 00 0a df 00
INFO - 25 c7 09 3c 00 0a be 00
INFO - 25 ca 49 3c 00 0a de 00
INFO - 25 cd 89 3c 00 0a b8 00
INFO - 25 d0 c9 3c 00 0a df 00
INFO - 25 d2 09 3c 00 0a c5 00
INFO - 25 d5 49 3c 00 0a ce 00
INFO - 25 d7 89 3c 00 0a a3 00
INFO - 25 da c9 3c 00 0a c4 00
INFO - 25 dc 09 3c 00 0a b7 00
INFO - 25 e0 49 3c 00 0b 07 00
INFO - 25 e3 89 3c 00 0a c5 00
INFO - 25 e5 c9 3c 00 0a a6 00
INFO - 25 e7 09 3c 00 0a a1 00
INFO - 25 e9 49 3c 00 0a b7 00
INFO - 25 ec 89 3c 00 0a d2 00
INFO - 25 ef c9 3c 00 0a ce 00
INFO - 25 f2 09 3c 00 0a ba 00
INFO - 25 f4 49 3c 00 0a aa 00
INFO - 25 f7 89 3c 00 0a 89 00
INFO - 25 f9 c9 3c 00 0a c3 00
INFO - 25 fc 09 3c 00 0a de 00
INFO - 26 01 49 3c 00 0b 12 00
INFO - 26 03 89 3c 00 0a c3 00
INFO - 26 05 c9 3c 00 0a 99 00
INFO - 26 07 09 3c 00 0a 9f 00
INFO - 26 09 49 3c 00 0a b6 00
INFO - 26 0c 89 3c 00 0a c1 00
INFO - 26 10 c9 3c 00 0a f8 00
INFO - 26 12 09 3c 00 0a ab 00
INFO - 26 14 49 3c 00 0a 9d 00
INFO - 26 16 89 3c 00 0a b3 00
INFO - 26 18 c9 3c 00 0a ac 00
INFO - 26 1b 09 3c 00 0a b3 00
INFO - 26 1d 49 3c 00 0a b9 00
INFO - 26 1f 89 3c 00 0a 9c 00
INFO - 26 21 c9 3c 00 0a b4 00
INFO - 26 24 09 3c 00 0a c6 00
INFO - 26 26 49 3c 00 0a 9a 00
INFO - 26 28 89 3c 00 0a 9f 00
INFO - 26 2a c9 3c 00 0a a9 00
INFO - 26 2c 09 3c 00 0a b4 00
INFO - 26 30 49 3c 00 0b 09 00
INFO - 26 32 89 3c 00 0a b7 00
INFO - 26 36 c9 3c 00 0a eb 00
INFO - 26 39 09 3c 00 0a d2 00
INFO - 26 3d 49 3c 00 0a fa 00
INFO - 26 41 89 3c 00 0b 2c 00
INFO - 26 44 c9 3c 00 0a c7 00
INFO - 26 46 09 3c 00 0a 9e 00
INFO - 26 49 49 3c 00 0a d2 00
INFO - 26 4b 89 3c 00 0a c3 00
INFO - 26 51 c9 3c 00 0a c5 00
INFO - 26 53 09 3c 00 0a ad 00
INFO - 26 55 49 3c 00 0a b5 00
INFO - 26 58 89 3c 00 0a ad 00
INFO - 26 5b c9 3c 00 0a de 00
INFO - 26 5e 09 3c 00 0a d5 00
INFO - 26 60 49 3c 00 0a a8 00
INFO - 26 63 89 3c 00 0a f0 00
INFO - 26 66 c9 3c 00 0a b6 00
INFO - 26 69 09 3c 00 0a d5 00
INFO - 26 6c 49 3c 00 0a ec 00
INFO - 26 6f 89 3c 00 0a b9 00
INFO - 26 71 c9 3c 00 0a c8 00
INFO - 26 74 09 3c 00 0a d3 00
INFO - 26 76 49 3c 00 0a 9c 00
INFO - 26 79 89 3c 00 0a d6 00
INFO - 26 7c c9 3c 00 0a e1 00
INFO - 26 7f 09 3c 00 0a d2 00
INFO - 26 82 49 3c 00 0a c9 00
INFO - 26 85 89 3c 00 0a ed 00
INFO - 26 87 c9 3c 00 0a 93 00
INFO - 26 8b 09 3c 00 0b 09 00
INFO - 26 8e 49 3c 00 0a e4 00
INFO - 26 91 89 3c 00 0a c5 00
INFO - 26 94 c9 3c 00 0a d7 00
INFO - 26 97 09 3c 00 0a c7 00
INFO - 26 99 49 3c 00 0a b9 00
INFO - 26 9c 89 3c 00 0a c9 00
INFO - 26 a0 c9 3c 00 0b 0a 00
INFO - 26 a3 09 3c 00 0a bc 00
INFO - 26 a5 49 3c 00 0a 84 00
INFO - 26 a8 89 3c 00 0a af 00
INFO - 26 aa c9 3c 00 0a bb 00
INFO - 26 ae 09 3c 00 0a f2 00
INFO - 26 b2 49 3c 00 0b 00 00
INFO - 26 b5 89 3c 00 0a e3 00
INFO - 26 b7 c9 3c 00 0a bd 00
INFO - 26 bb 09 3c 00 0a f1 00
INFO - 26 bd 49 3c 00 0a af 00
INFO - 26 c0 89 3c 00 0a ca 00
INFO - 26 c2 c9 3c 00 0a a1 00
INFO - 26 c5 09 3c 00 0a e5 00
INFO - 26 c9 49 3c 00 0b 01 00
INFO - 26 cc 89 3c 00 0a bb 00
INFO - 26 ce c9 3c 00 0a cc 00
INFO - 26 d2 09 3c 00 0a f2 00
INFO - 26 d4 49 3c 00 0a a3 00
INFO - 26 d7 89 3c 00 0a f2 00
INFO - 26 db c9 3c 00 0a e8 00
INFO - 26 dd 09 3c 00 0a ae 00
INFO - 26 e0 49 3c 00 0a cd 00
INFO - 26 e2 89 3c 00 0a bd 00
INFO - 26 e5 c9 3c 00 0a bd 00
INFO - 26 e8 09 3c 00 0a ca 00
INFO - 26 ea 49 3c 00 0a b1 00
INFO - 26 ed 89 3c 00 0a e5 00
INFO - 26 f0 c9 3c 00 0a c0 00
INFO - 26 f3 09 3c 00 0a cc 00
INFO - 26 f5 49 3c 00 0a 7f 00
INFO - 26 f8 89 3c 00 0a da 00
INFO - 26 fb c9 3c 00 0a b0 00
INFO - 26 ff 09 3c 00 0b 1f 00
INFO - 27 01 49 3c 00 0a a1 00
INFO - 27 05 89 3c 00 0a f5 00
INFO - 27 07 c9 3c 00 0a b0 00
INFO - 27 0a 09 3c 00 0a e5 00
INFO - 27 0d 49 3c 00 0a db 00
INFO - 27 10 89 3c 00 0a ca 00
INFO - 27 13 c9 3c 00 0a d9 00
INFO - 27 16 09 3c 00 0a ce 00
INFO - 27 1a 49 3c 00 0a f3 00
INFO - 27 1c 89 3c 00 0a b1 00
INFO - 27 1e c9 3c 00 0a be 00
INFO - 27 22 09 3c 00 0a e7 00
INFO - 27 25 49 3c 00 0a e7 00
INFO - 27 28 89 3c 00 0a d9 00
INFO - 27 2c c9 3c 00 0b 10 00
INFO - 27 30 09 3c 00 0a dc 00
INFO - 27 32 49 3c 00 0a be 00
INFO - 27 35 89 3c 00 0a d9 00
INFO - 27 37 c9 3c 00 0a a0 00
INFO - 27 3b 09 3c 00 0a f7 00
INFO - 27 3e 49 3c 00 0a d8 00
INFO - 27 42 89 3c 00 0a f7 00
INFO - 27 46 c9 3c 00 0a a9 00
INFO - 27 4a 09 3c 00 0b 04 00
INFO - 27 4d 49 3c 00 0a e6 00
INFO - 27 50 89 3c 00 0a ce 00
INFO - 27 53 c9 3c 00 0a da 00
INFO - 27 55 09 3c 00 0a a1 00
INFO - 27 58 49 3c 00 0a db 00
INFO - 27 5b 89 3c 00 0a db 00
INFO - 27 5e c9 3c 00 0a bd 00
INFO - 27 60 09 3c 00 0a c0 00
INFO - 27 63 49 3c 00 0a be 00
INFO - 27 64 89 3c 00 0a 94 00
INFO - 27 68 c9 3c 00 0a e7 00
INFO - 27 6b 09 3c 00 0a cc 00
INFO - 27 6d 49 3c 00 0a bf 00
INFO - 27 6f 89 3c 00 0a a2 00
INFO - 27 71 c9 3c 00 0a a1 00
INFO - 27 74 09 3c 00 0a cc 00
INFO - 27 77 49 3c 00 0a da 00
INFO - 27 7a 89 3c 00 0a d9 00
INFO - 27 7e c9 3c 00 0b 03 00
INFO - 27 80 09 3c 00 0a af 00
INFO - 27 82 49 3c 00 0a a2 00
INFO - 27 85 89 3c 00 0a bd 00
INFO - 27 87 c9 3c 00 0a a1 00
INFO - 27 8a 09 3c 00 0a e6 00
INFO - 27 8d 49 3c 00 0a cb 00
INFO - 27 8f 89 3c 00 0a b0 00
INFO - 27 91 c9 3c 00 0a a0 00
INFO - 27 93 09 3c 00 0a b6 00
INFO - 27 96 49 3c 00 0a b0 00
INFO - 27 98 89 3c 00 0a bc 00
INFO - 27 9b c9 3c 00 0a cc 00
INFO - 27 9d 09 3c 00 0a ae 00
INFO - 27 a0 49 3c 00 0a bd 00
INFO - 27 a2 89 3c 00 0a a0 00
INFO - 27 a4 c9 3c 00 0a af 00
INFO - 27 a6 09 3c 00 0a be 00
INFO - 27 a8 49 3c 00 0a 9f 00
INFO - 27 ac 89 3c 00 0a e8 00
INFO - 27 af c9 3c 00 0a e6 00
INFO - 27 b2 09 3c 00 0a d6 00
INFO - 27 b7 49 3c 00 0b 2a 00
INFO - 27 ba 89 3c 00 0a e7 00
INFO - 27 c3 c9 3c 00 0b fe 00
INFO - 27 c5 09 3c 00 0a a1 00
INFO - 27 c7 49 3c 00 0a b1 00
INFO - 27 cb 89 3c 00 0a f1 00
INFO - 27 ce c9 3c 00 0a bf 00
INFO - 27 d0 09 3c 00 0a ba 00
INFO - 27 d3 49 3c 00 0a db 00
INFO - 27 d5 89 3c 00 0a 9e 00
INFO - 27 d8 c9 3c 00 0a db 00
INFO - 27 da 09 3c 00 0a 9e 00
INFO - 27 dd 49 3c 00 0a e8 00
INFO - 27 e0 89 3c 00 0a ac 00
INFO - 27 e3 c9 3c 00 0a e6 00
INFO - 27 e6 09 3c 00 0a d8 00
INFO - 27 e9 49 3c 00 0a 8c 00
INFO - 27 ec 89 3c 00 0a be 00
INFO - 27 ef c9 3c 00 0a d5 00
INFO - 27 f1 09 3c 00 0a cd 00
INFO - 27 f4 49 3c 00 0a c7 00
INFO - 27 f7 89 3c 00 0a bf 00
INFO - 27 fa c9 3c 00 0a f1 00
INFO - 27 fc 09 3c 00 0a 85 00
INFO - 28 00 49 3c 00 0b 02 00
INFO - 28 02 89 3c 00 0a bf 00
INFO - 28 06 c9 3c 00 0a f0 00
INFO - 28 09 09 3c 00 0a e6 00
INFO - 28 0b 49 3c 00 0a a1 00
INFO - 28 0e 89 3c 00 0a cd 00
INFO - 28 11 c9 3c 00 0a d8 00
INFO - 28 13 09 3c 00 0a ac 00
INFO - 28 15 49 3c 00 0a bc 00
INFO - 28 1a 89 3c 00 0b 2b 00
INFO - 28 1c c9 3c 00 0a a1 00
INFO - 28 1f 09 3c 00 0a bc 00
INFO - 28 21 49 3c 00 0a b1 00
INFO - 28 24 89 3c 00 0a d5 00
INFO - 28 27 c9 3c 00 0a d7 00
INFO - 28 2a 09 3c 00 0a e5 00
INFO - 28 2d 49 3c 00 0a ca 00
INFO - 28 30 89 3c 00 0a d7 00
INFO - 28 32 c9 3c 00 0a 8a 00
INFO - 28 34 09 3c 00 0a ba 00
INFO - 28 37 49 3c 00 0a bb 00
INFO - 28 39 89 3c 00 0a bc 00
INFO - 28 3c c9 3c 00 0a be 00
INFO - 28 3f 09 3c 00 0a f2 00
INFO - 28 42 49 3c 00 0a c6 00
INFO - 28 44 89 3c 00 0a 9f 00
INFO - 28 47 c9 3c 00 0a d6 00
INFO - 28 49 09 3c 00 0a be 00
INFO - 28 4d 49 3c 00 0a e1 00
INFO - 28 4f 89 3c 00 0a bd 00
INFO - 28 52 c9 3c 00 0a c6 00
INFO - 28 55 09 3c 00 0a c8 00
INFO - 28 58 49 3c 00 0a d6 00
INFO - 28 5a 89 3c 00 0a bd 00
INFO - 28 5e c9 3c 00 0b 09 00
INFO - 28 61 09 3c 00 0a d5 00
INFO - 28 64 49 3c 00 0a d7 00
INFO - 28 67 89 3c 00 0a b7 00
INFO - 28 69 c9 3c 00 0a be 00
INFO - 28 6b 09 3c 00 0a a9 00
INFO - 28 6f 49 3c 00 0a f0 00
INFO - 28 71 89 3c 00 0a c7 00
INFO - 28 74 c9 3c 00 0a af 00
INFO - 28 77 09 3c 00 0a e2 00
INFO - 28 7b 49 3c 00 0a fa 00
INFO - 28 7e 89 3c 00 0a e4 00
INFO - 28 81 c9 3c 00 0a ec 00
INFO - 28 83 09 3c 00 0a 94 00
INFO - 28 87 49 3c 00 0a ef 00
INFO - 28 89 89 3c 00 0a a8 00
INFO - 28 8b c9 3c 00 0a c7 00
INFO - 28 8e 09 3c 00 0a c9 00
INFO - 28 91 49 3c 00 0a d4 00
INFO - 28 94 89 3c 00 0a d1 00
INFO - 28 97 c9 3c 00 0a d7 00
INFO - 28 99 09 3c 00 0a a8 00
INFO - 28 9c 49 3c 00 0a c7 00
INFO - 28 9e 89 3c 00 0a ba 00
INFO - 28 a1 c9 3c 00 0a c4 00
INFO - 28 a4 09 3c 00 0a e4 00
INFO - 28 a8 49 3c 00 0a de 00
INFO - 28 a9 89 3c 00 0a a0 00
INFO - 28 ad c9 3c 00 0b 05 00
INFO - 28 af 09 3c 00 0a a1 00
INFO - 28 b1 49 3c 00 0a a7 00
INFO - 28 b5 89 3c 00 0a e1 00
INFO - 28 b8 c9 3c 00 0a ed 00
INFO - 28 ba 09 3c 00 0a a1 00
INFO - 28 bc 49 3c 00 0a b5 00
INFO - 28 bf 89 3c 00 0a c9 00
INFO - 28 c2 c9 3c 00 0a b4 00
INFO - 28 c5 09 3c 00 0a e3 00
INFO - 28 c8 49 3c 00 0a dd 00
INFO - 28 ca 89 3c 00 0a 9d 00
INFO - 28 cc c9 3c 00 0a ad 00
INFO - 28 ce 09 3c 00 0a 8d 00
INFO - 28 d0 49 3c 00 0a c8 00
INFO - 28 d3 89 3c 00 0a b4 00
INFO - 28 d5 c9 3c 00 0a a1 00
INFO - 28 d6 09 3c 00 0a 90 00
INFO - 28 da 49 3c 00 0a 9c 00
INFO - 28 dd 89 3c 00 0a df 00
INFO - 28 e0 c9 3c 00 0a d6 00
INFO - 28 e3 09 3c 00 0a e9 00
INFO - 28 e6 49 3c 00 0a bb 00
INFO - 28 e9 89 3c 00 0a e9 00
INFO - 28 ec c9 3c 00 0a c7 00
INFO - 28 ef 09 3c 00 0a c1 00
INFO - 28 f2 49 3c 00 0a d6 00
INFO - 28 f5 89 3c 00 0a e9 00
INFO - 28 f8 c9 3c 00 0a d2 00
INFO - 28 fa 09 3c 00 0a ae 00
INFO - 28 fc 49 3c 00 0a 8c 00
INFO - 28 ff 89 3c 00 0a e0 00
INFO - 29 02 c9 3c 00 0a e0 00
INFO - 29 04 09 3c 00 0a ad 00
INFO - 29 06 49 3c 00 0a 9b 00
INFO - 29 08 89 3c 00 0a ad 00
INFO - 29 0b c9 3c 00 0a b5 00
INFO - 29 0c 09 3c 00 0a 90 00
INFO - 29 0f 49 3c 00 0a b8 00
INFO - 29 11 89 3c 00 0a aa 00
INFO - 29 13 c9 3c 00 0a ae 00
INFO - 29 15 09 3c 00 0a a7 00
INFO - 29 19 49 3c 00 0a fa 00
INFO - 29 1c 89 3c 00 0a c6 00
INFO - 29 1e c9 3c 00 0a c9 00
INFO - 29 21 09 3c 00 0a b5 00
INFO - 29 28 49 3c 00 0b aa 00
INFO - 29 2b 89 3c 00 0a c1 00
INFO - 29 2d c9 3c 00 0a c9 00
INFO - 29 31 09 3c 00 0a eb 00
INFO - 29 35 49 3c 00 0b 03 00
INFO - 29 37 89 3c 00 0a 9d 00
INFO - 29 39 c9 3c 00 0a ab 00
INFO - 29 3c 09 3c 00 0a d2 00
INFO - 29 3e 49 3c 00 0a c7 00
INFO - 29 40 89 3c 00 0a a8 00
INFO - 29 43 c9 3c 00 0a b7 00
INFO - 29 45 09 3c 00 0a 9c 00
INFO - 29 47 49 3c 00 0a ae 00
INFO - 29 4a 89 3c 00 0a db 00
INFO - 29 4c c9 3c 00 0a 9f 00
INFO - 29 50 09 3c 00 0a f9 00
INFO - 29 52 49 3c 00 0a b7 00
INFO - 29 55 89 3c 00 0a d2 00
INFO - 29 57 c9 3c 00 0a b7 00
INFO - 29 5a 09 3c 00 0a b7 00
INFO - 29 5c 49 3c 00 0a b7 00
INFO - 29 5f 89 3c 00 0a d1 00
INFO - 29 62 c9 3c 00 0a c4 00
INFO - 29 64 09 3c 00 0a c3 00
INFO - 29 67 49 3c 00 0a b7 00
INFO - 29 6b 89 3c 00 0b 05 00
INFO - 29 6d c9 3c 00 0a d1 00
INFO - 29 70 09 3c 00 0a c3 00
INFO - 29 72 49 3c 00 0a aa 00
INFO - 29 74 89 3c 00 0a a9 00
INFO - 29 76 c9 3c 00 0a ab 00
INFO - 29 7a 09 3c 00 0a f4 00
INFO - 29 7d 49 3c 00 0a b9 00
INFO - 29 7f 89 3c 00 0a ce 00
INFO - 29 82 c9 3c 00 0a b5 00
INFO - 29 85 09 3c 00 0a eb 00
INFO - 29 88 49 3c 00 0a c5 00
INFO - 29 8b 89 3c 00 0a da 00
INFO - 29 8d c9 3c 00 0a 9f 00
INFO - 29 8f 09 3c 00 0a b3 00
INFO - 29 92 49 3c 00 0a e0 00
INFO - 29 94 89 3c 00 0a a5 00
INFO - 29 97 c9 3c 00 0a d1 00
INFO - 29 99 09 3c 00 0a ab 00
INFO - 29 9c 49 3c 00 0a bf 00
INFO - 29 a0 89 3c 00 0a f7 00
INFO - 29 a3 c9 3c 00 0a ec 00
INFO - 29 a5 09 3c 00 0a 99 00
INFO - 29 a7 49 3c 00 0a a8 00
