INFO - a0 a6 23 40 57 00 00 02
INFO - a0 a6 63 40 57 00 00 02
INFO - a0 a6 a3 40 57 00 00 02
INFO - a0 a6 e3 40 57 00 00 02
INFO - a0 a6 23 40 57 00 00 02
INFO - 83 7f e3 08 40 37 99 e6
INFO - 83 7f 23 20 40 38 1e 07
INFO - 83 7f 63 40 40 30 00 f7
INFO - 83 82 63 08 40 17 99 e6
INFO - 83 82 a3 20 40 18 1e 05
INFO - 83 82 e3 40 40 13 dc fd
INFO - 83 83 e3 08 40 37 99 e6
INFO - 83 83 23 20 40 38 16 07
INFO - 83 83 63 40 40 33 f4 01
INFO - 83 86 63 08 40 27 99 e6
INFO - 83 86 a3 20 40 28 1e 07
INFO - 83 86 e3 40 40 20 04 fc
INFO - 83 88 e3 08 40 27 99 e6
INFO - 83 88 23 20 40 28 1e 07
INFO - 83 88 63 40 40 23 f0 fd
INFO - 83 8a 63 08 40 27 99 e6
INFO - 83 8a a3 20 40 28 1e 07
INFO - 83 8a e3 40 40 23 f4 01
INFO - 83 8c e3 08 40 27 99 e6
INFO - 83 8c 23 20 40 28 1e 07
INFO - 83 8c 63 40 40 20 04 fc
INFO - 83 8e 63 08 40 27 99 ed
INFO - 83 8e a3 20 40 28 1e 07
INFO - 83 8e e3 40 40 23 f0 01
INFO - 83 90 e3 08 40 17 b5 f0
INFO - 83 90 23 20 40 18 1e 07
INFO - 83 90 63 40 40 10 04 fc
INFO - 83 91 63 08 40 37 c1 f0
INFO - 83 91 a3 20 40 38 1e 05
INFO - 83 91 e3 40 40 33 f0 00
INFO - 83 94 e3 08 40 27 c1 f0
INFO - 83 94 23 20 40 28 16 03
INFO - 83 94 63 40 40 20 00 01
INFO - 83 96 63 08 40 27 c1 f0
INFO - 83 96 a3 20 40 28 0e 03
INFO - 83 96 e3 40 40 20 04 fc
INFO - 83 98 e3 08 40 27 c1 f0
INFO - 83 98 23 20 40 28 0e 03
INFO - 83 98 63 40 40 23 f0 00
INFO - 83 9a 63 08 40 27 c1 f0
INFO - 83 9a a3 20 40 28 0e 03
INFO - 83 9a e3 40 40 20 00 01
INFO - 83 9c e3 08 40 27 c1 f0
INFO - 83 9c 23 20 40 28 0e 03
INFO - 83 9c 63 40 40 20 04 fc
INFO - 83 9e 63 08 40 27 c1 f0
INFO - 83 9e a3 20 40 28 0e 05
INFO - 83 9e e3 40 40 23 f0 fd
INFO - 83 a0 e3 08 40 27 c1 f0
INFO - 83 a0 23 20 40 28 16 07
INFO - 83 a0 63 40 40 23 f4 01
INFO - 83 a2 63 08 40 27 c1 f0
INFO - 83 a2 a3 20 40 28 1e 09
INFO - 83 a2 e3 40 40 20 04 fc
INFO - 83 a4 e3 08 40 27 c1 f0
INFO - 83 a4 23 20 40 28 26 09
INFO - 83 a4 63 40 40 23 f0 01
INFO - 83 a6 63 08 40 27 c1 f0
INFO - 83 a6 a3 20 40 28 26 09
INFO - 83 a6 e3 40 40 20 04 fc
INFO - 83 a8 e3 08 40 27 c1 e5
INFO - 83 a8 23 20 40 28 26 09
INFO - 83 a8 63 40 40 23 f0 01
INFO - 83 aa 63 08 40 27 95 e2
INFO - 83 aa a3 20 40 28 26 09
INFO - 83 aa e3 40 40 20 04 fc
INFO - 83 ac e3 08 40 27 89 e2
INFO - 83 ac 23 20 40 28 26 07
INFO - 83 ac 63 40 40 23 f0 00
INFO - 83 ae 63 08 40 27 89 e2
INFO - 83 ae a3 20 40 28 1e 07
INFO - 83 ae e3 40 40 20 00 01
INFO - 83 b0 e3 08 40 27 89 e2
INFO - 83 b0 23 20 40 28 1e 07
INFO - 83 b0 63 40 40 20 04 fc
INFO - 83 b2 63 08 40 27 89 e2
INFO - 83 b2 a3 20 40 28 1e 07
INFO - 83 b2 e3 40 40 23 f0 fd
INFO - 83 b4 e3 08 40 27 89 e2
INFO - 83 b4 23 20 40 28 1e 07
INFO - 83 b4 63 40 40 23 f4 01
INFO - 83 b6 63 08 40 27 89 e2
INFO - 83 b6 a3 20 40 28 1e 07
INFO - 83 b6 e3 40 40 20 04 fc
INFO - 83 b8 e3 08 40 27 89 e2
INFO - 83 b8 23 20 40 28 1e 09
INFO - 83 b8 63 40 40 23 f0 fd
INFO - 83 ba 63 08 40 27 89 e2
INFO - 83 ba a3 20 40 28 26 07
INFO - 83 ba e3 40 40 23 f4 01
INFO - 83 bc e3 08 40 27 89 e2
INFO - 83 bc 23 20 40 28 1e 07
INFO - 83 bc 63 40 40 20 04 fc
INFO - 83 be 63 08 40 27 89 e2
INFO - 83 be a3 20 40 28 1e 07
INFO - 83 be e3 40 40 23 f0 00
INFO - 83 c0 e3 08 40 27 89 e2
INFO - 83 c0 23 20 40 28 1e 07
INFO - 83 c0 63 40 40 20 00 01
INFO - 83 c2 63 08 40 27 8a 06
INFO - 83 c2 a3 20 40 28 1e 07
INFO - 83 c2 e3 40 40 20 04 fc
INFO - 83 c4 e3 08 40 28 1a 16
INFO - 83 c4 23 20 40 28 1e 07
INFO - 83 c4 63 40 40 23 f0 01
INFO - 83 c6 63 08 40 28 5a 16
INFO - 83 c6 a3 20 40 28 1e 07
INFO - 83 c6 e3 40 40 20 04 fc
INFO - 83 c8 e3 08 40 28 5a 16
INFO - 83 c8 23 20 40 28 1e 07
INFO - 83 c8 63 40 40 23 f0 00
INFO - 83 ca 63 08 40 28 5a 16
INFO - 83 ca a3 20 40 28 1e 07
INFO - 83 ca e3 40 40 20 00 01
INFO - 83 cc e3 08 40 28 5a 16
INFO - 83 cc 23 20 40 28 1e 07
INFO - 83 cc 63 40 40 20 04 fc
INFO - 83 ce 63 08 40 28 5a 16
INFO - 83 ce a3 20 40 28 1e 07
INFO - 83 ce e3 40 40 23 f0 01
INFO - 83 d0 e3 08 40 28 5a 16
INFO - 83 d0 23 20 40 28 1e 05
INFO - 83 d0 63 40 40 20 04 fc
INFO - 83 d2 63 08 40 28 5a 16
INFO - 83 d2 a3 20 40 28 16 05
INFO - 83 d2 e3 40 40 23 f0 fd
INFO - 83 d4 e3 08 40 28 5a 16
INFO - 83 d4 23 20 40 28 16 05
INFO - 83 d4 63 40 40 23 f4 01
INFO - 83 d6 63 08 40 28 5a 16
INFO - 83 d6 a3 20 40 28 16 05
INFO - 83 d6 e3 40 40 20 04 fc
INFO - 83 d8 e3 08 40 28 5a 16
INFO - 83 d8 23 20 40 28 16 07
INFO - 83 d8 63 40 40 23 f0 00
INFO - 83 da 63 08 40 28 5a 16
INFO - 83 da a3 20 40 28 1e 07
INFO - 83 da e3 40 40 20 00 01
INFO - 83 dc e3 08 40 28 5a 16
INFO - 83 dc 23 20 40 28 1e 07
INFO - 83 dc 63 40 40 20 04 fc
INFO - 83 de 63 08 40 28 5a 16
INFO - 83 de a3 20 40 28 1e 07
INFO - 83 de e3 40 40 23 f0 01
INFO - 83 e0 e3 08 40 28 59 ff
INFO - 83 e0 23 20 40 28 1e 07
INFO - 83 e0 63 40 40 20 04 fc
INFO - 83 e2 63 08 40 27 fd f8
INFO - 83 e2 a3 20 40 28 1e 05
INFO - 83 e2 e3 40 40 23 f0 fd
INFO - 83 e4 e3 08 40 27 e1 f8
INFO - 83 e4 23 20 40 28 16 05
INFO - 83 e4 63 40 40 23 f4 01
INFO - 83 e6 63 08 40 27 e1 f8
INFO - 83 e6 a3 20 40 28 16 07
INFO - 83 e6 e3 40 40 20 04 fc
INFO - 83 e8 e3 08 40 27 e1 f8
INFO - 83 e8 23 20 40 28 1e 09
INFO - 83 e8 63 40 40 23 f0 01
INFO - 83 ea 63 08 40 27 e1 f8
INFO - 83 ea a3 20 40 28 26 09
INFO - 83 ea e3 40 40 20 04 fc
INFO - 83 ec e3 08 40 27 e1 f8
INFO - 83 ec 23 20 40 28 26 09
INFO - 83 ec 63 40 40 23 f0 00
INFO - 83 ee 63 08 40 27 e1 f8
INFO - 83 ee a3 20 40 28 26 07
INFO - 83 ee e3 40 40 20 00 01
INFO - 83 f0 e3 08 40 27 e1 f8
INFO - 83 f0 23 20 40 28 1e 07
INFO - 83 f0 63 40 40 20 04 fc
INFO - 83 f2 63 08 40 27 e1 f8
INFO - 83 f2 a3 20 40 28 1e 05
INFO - 83 f2 e3 40 40 23 f0 01
INFO - 83 f4 e3 08 40 27 e1 f8
INFO - 83 f4 23 20 40 28 16 03
INFO - 83 f4 63 40 40 20 04 fc
INFO - 83 f6 63 08 40 27 e1 f8
INFO - 83 f6 a3 20 40 28 0e 01
INFO - 83 f6 e3 40 40 23 f0 fd
INFO - 83 f8 e3 08 40 27 e1 f8
INFO - 83 f8 23 20 40 28 06 01
INFO - 83 f8 63 40 40 23 f4 01
INFO - 83 fa 63 08 40 27 e1 f8
INFO - 83 fa a3 20 40 28 06 01
INFO - 83 fa e3 40 40 20 04 fc
INFO - 83 fc e3 08 40 27 e1 f8
INFO - 83 fc 23 20 40 28 06 01
INFO - 83 fc 63 40 40 23 f0 00
INFO - 83 fe 63 08 40 27 e2 0b
INFO - 83 fe a3 20 40 28 06 03
INFO - 83 fe e3 40 40 20 00 01
INFO - 84 00 e3 08 40 28 2e 13
INFO - 84 00 23 20 40 28 0e 05
INFO - 84 00 63 40 40 20 04 fc
INFO - 84 02 63 08 40 28 4e 13
INFO - 84 02 a3 20 40 28 16 07
INFO - 84 02 e3 40 40 23 f0 01
INFO - 84 04 e3 08 40 28 4e 13
INFO - 84 04 23 20 40 28 1e 09
INFO - 84 04 63 40 40 20 04 fc
INFO - 84 06 63 08 40 28 4e 13
INFO - 84 06 a3 20 40 28 26 09
INFO - 84 06 e3 40 40 23 f0 00
INFO - 84 08 e3 08 40 28 4e 13
INFO - 84 08 23 20 40 28 26 09
INFO - 84 08 63 40 40 20 00 01
INFO - 84 0a 63 08 40 28 4e 13
INFO - 84 0a a3 20 40 28 26 09
INFO - 84 0a e3 40 40 20 04 fc
INFO - 84 0c e3 08 40 28 4e 13
INFO - 84 0c 23 20 40 28 26 09
INFO - 84 0c 63 40 40 23 f0 fd
INFO - 84 0e 63 08 40 28 4e 13
INFO - 84 0e a3 20 40 28 26 07
INFO - 84 0e e3 40 40 23 f4 01
INFO - 84 10 e3 08 40 28 4e 13
INFO - 84 10 23 20 40 28 1e 07
INFO - 84 10 63 40 40 20 04 fc
INFO - 84 12 63 08 40 28 4e 13
INFO - 84 12 a3 20 40 28 1e 05
INFO - 84 12 e3 40 40 23 f0 01
INFO - 84 14 e3 08 40 28 4e 13
INFO - 84 14 23 20 40 28 16 05
INFO - 84 14 63 40 40 20 04 fc
INFO - 84 16 63 08 40 28 4e 13
INFO - 84 16 a3 20 40 28 16 05
INFO - 84 16 e3 40 40 23 f0 fd
INFO - 84 18 e3 08 40 28 4e 13
INFO - 84 18 23 20 40 28 16 05
INFO - 84 18 63 40 40 23 f4 01
INFO - 84 1a 63 08 40 28 4e 13
INFO - 84 1a a3 20 40 28 16 05
INFO - 84 1a e3 40 40 20 04 fc
INFO - 84 1c e3 08 40 28 4e 3e
INFO - 84 1c 23 20 40 28 16 05
INFO - 84 1c 63 40 40 23 f0 01
INFO - 84 1e 63 08 40 28 fa 46
INFO - 84 1e a3 20 40 28 16 05
INFO - 84 1e e3 40 40 20 04 fc
INFO - 84 20 e3 08 40 29 1a 46
INFO - 84 20 23 20 40 28 16 07
INFO - 84 20 63 40 40 23 f0 00
INFO - 84 22 63 08 40 29 1a 46
INFO - 84 22 a3 20 40 28 1e 07
INFO - 84 22 e3 40 40 20 00 01
INFO - 84 24 e3 08 40 29 1a 46
INFO - 84 24 23 20 40 28 1e 07
INFO - 84 24 63 40 40 20 04 fc
INFO - 84 26 63 08 40 29 1a 46
INFO - 84 26 a3 20 40 28 1e 07
INFO - 84 26 e3 40 40 23 f0 fd
INFO - 84 28 e3 08 40 29 1a 46
INFO - 84 28 23 20 40 28 1e 05
INFO - 84 28 63 40 40 23 f4 01
INFO - 84 2a 63 08 40 29 1a 46
INFO - 84 2a a3 20 40 28 16 05
INFO - 84 2a e3 40 40 20 04 fc
INFO - 84 2c e3 08 40 29 1a 46
INFO - 84 2c 23 20 40 28 16 05
INFO - 84 2c 63 40 40 23 f0 01
INFO - 84 2e 63 08 40 29 1a 46
INFO - 84 2e a3 20 40 28 16 05
INFO - 84 2e e3 40 40 20 04 fc
INFO - 84 30 e3 08 42 39 19 42
INFO - 84 30 23 20 42 38 16 05
INFO - 84 30 63 40 42 33 f0 00
INFO - 84 53 a3 08 40 25 09 90
INFO - 84 53 e3 20 40 28 16 07
INFO - 84 53 23 40 40 20 00 00
INFO - 84 55 23 08 40 26 41 b8
INFO - 84 55 63 20 40 28 1e 07
INFO - 84 55 a3 40 40 20 00 fc
INFO - 84 57 a3 08 40 26 e1 d0
INFO - 84 57 e3 20 40 28 1e 07
INFO - 84 57 23 40 40 23 f0 fd
INFO - 84 59 23 08 40 27 41 e3
INFO - 84 59 63 20 40 28 1e 07
INFO - 84 59 a3 40 40 23 f4 01
INFO - 84 5b a3 08 40 27 8d ee
INFO - 84 5b e3 20 40 28 1e 07
INFO - 84 5b 23 40 40 20 04 fc
INFO - 84 5d 23 08 40 27 b9 f7
INFO - 84 5d 63 20 40 28 1e 07
INFO - 84 5d a3 40 40 23 f0 01
INFO - 84 5f a3 08 40 27 dd fe
INFO - 84 5f e3 20 40 28 1e 07
INFO - 84 5f 23 40 40 20 04 fc
INFO - 84 61 23 08 40 27 fa 03
INFO - 84 61 63 20 40 28 1e 07
INFO - 84 61 a3 40 40 23 f0 01
INFO - 84 63 a3 08 40 28 0e 09
INFO - 84 63 e3 20 40 28 1e 07
INFO - 84 63 23 40 40 20 04 fc
INFO - 84 65 23 08 40 28 26 11
INFO - 84 65 63 20 40 28 1e 07
INFO - 84 65 a3 40 40 23 f0 00
INFO - 84 67 a3 08 40 28 46 19
INFO - 84 67 e3 20 40 28 1e 07
INFO - 84 67 23 40 40 20 00 01
INFO - 84 69 23 08 40 28 66 23
INFO - 84 69 63 20 40 28 1e 07
INFO - 84 69 a3 40 40 20 04 fc
INFO - 84 6b a3 08 40 28 8e 31
INFO - 84 6b e3 20 40 28 1e 07
INFO - 84 6b 23 40 40 23 f0 01
INFO - 84 6d 23 08 40 28 c6 44
INFO - 84 6d 63 20 40 28 1e 05
INFO - 84 6d a3 40 40 20 04 fc
INFO - 84 6f a3 08 40 29 12 4b
INFO - 84 6f e3 20 40 28 16 05
INFO - 84 6f 23 40 40 23 f0 00
INFO - 84 71 23 08 40 29 2e 66
INFO - 84 71 63 20 40 28 16 05
INFO - 84 71 a3 40 40 20 00 01
INFO - a4 72 e3 40 57 00 00 02
INFO - a4 72 23 40 57 00 00 02
INFO - a4 72 63 40 57 00 00 02
INFO - a4 72 a3 40 57 00 00 02
INFO - a4 72 e3 40 57 00 00 02
INFO - 84 73 e3 08 40 29 9a 94
INFO - 84 73 23 20 40 28 16 03
INFO - 84 73 63 40 40 20 04 fc
INFO - 84 75 63 08 40 2a 52 ea
INFO - 84 75 a3 20 40 28 0e 01
INFO - 84 75 e3 40 40 23 f0 01
INFO - 84 77 e3 08 40 2b ab 63
INFO - 84 77 23 20 40 28 06 01
INFO - 84 77 63 40 40 20 04 fc
INFO - 84 79 63 08 49 7d 8d f6
INFO - 84 79 a3 20 49 78 06 05
INFO - 84 79 e3 40 49 73 f0 00
INFO - 85 10 e3 08 40 27 d9 f6
INFO - 85 10 23 20 40 28 16 05
INFO - 85 10 63 40 40 20 00 fd
INFO - 85 12 63 08 40 27 d9 f6
INFO - 85 12 a3 20 40 28 16 05
INFO - 85 12 e3 40 40 23 f4 01
INFO - 85 14 e3 08 40 27 d9 f6
INFO - 85 14 23 20 40 28 16 07
INFO - 85 14 63 40 40 20 04 fc
INFO - 85 16 63 08 40 27 d9 f6
INFO - 85 16 a3 20 40 28 1e 09
INFO - 85 16 e3 40 40 23 f0 fd
INFO - 85 18 e3 08 40 27 d9 f6
INFO - 85 18 23 20 40 28 26 09
INFO - 85 18 63 40 40 23 f4 01
INFO - 85 1a 63 08 40 27 d9 f6
INFO - 85 1a a3 20 40 28 26 09
INFO - 85 1a e3 40 40 20 04 fc
INFO - 85 1c e3 08 40 27 d9 f6
INFO - 85 1c 23 20 40 28 26 09
INFO - 85 1c 63 40 40 23 f0 01
INFO - 85 1e 63 08 40 27 d9 f6
INFO - 85 1e a3 20 40 28 26 09
INFO - 85 1e e3 40 40 20 04 fc
INFO - 85 20 e3 08 40 27 d9 f6
INFO - 85 20 23 20 40 28 26 09
INFO - 85 20 63 40 40 23 f0 00
INFO - 85 22 63 08 40 27 d9 b9
INFO - 85 22 a3 20 40 28 26 09
INFO - 85 22 e3 40 40 20 00 01
INFO - 85 24 e3 08 40 26 e5 b2
INFO - 85 24 23 20 40 28 26 07
INFO - 85 24 63 40 40 20 04 fc
INFO - 85 26 63 08 40 26 c9 b2
INFO - 85 26 a3 20 40 28 1e 07
INFO - 85 26 e3 40 40 23 f0 01
INFO - 85 28 e3 08 40 26 c9 b2
INFO - 85 28 23 20 40 28 1e 07
INFO - 85 28 63 40 40 20 04 fc
INFO - 85 2a 63 08 40 26 c9 b2
INFO - 85 2a a3 20 40 28 1e 07
INFO - 85 2a e3 40 40 23 f0 fd
INFO - 85 2c e3 08 40 26 c9 b2
INFO - 85 2c 23 20 40 28 1e 07
INFO - 85 2c 63 40 40 23 f4 01
INFO - 85 2e 63 08 40 26 c9 b2
INFO - 85 2e a3 20 40 28 1e 07
INFO - 85 2e e3 40 40 20 04 fc
INFO - 85 30 e3 08 40 26 c9 b2
INFO - 85 30 23 20 40 28 1e 07
INFO - 85 30 63 40 40 23 f0 00
INFO - 85 32 63 08 40 26 c9 b2
INFO - 85 32 a3 20 40 28 1e 07
INFO - 85 32 e3 40 40 20 00 01
INFO - 85 34 e3 08 40 26 c9 b2
INFO - 85 34 23 20 40 28 1e 07
INFO - 85 34 63 40 40 20 04 fc
INFO - 85 36 63 08 40 26 c9 b2
INFO - 85 36 a3 20 40 28 1e 07
INFO - 85 36 e3 40 40 23 f0 01
INFO - 85 38 e3 08 40 26 c9 b2
INFO - 85 38 23 20 40 28 1e 07
INFO - 85 38 63 40 40 20 04 fc
INFO - 85 3a 63 08 40 26 c9 b2
INFO - 85 3a a3 20 40 28 1e 07
INFO - 85 3a e3 40 40 23 f0 fd
INFO - 85 3c e3 08 40 26 c9 b2
INFO - 85 3c 23 20 40 28 1e 07
INFO - 85 3c 63 40 40 23 f4 01
INFO - 85 3e 63 08 40 26 c9 b2
INFO - 85 3e a3 20 40 28 1e 07
INFO - 85 3e e3 40 40 20 04 fc
INFO - 85 40 e3 08 40 26 c9 f6
INFO - 85 40 23 20 40 28 1e 07
INFO - 85 40 63 40 40 23 f0 01
INFO - 85 42 63 08 40 27 da 11
INFO - 85 42 a3 20 40 28 1e 07
INFO - 85 42 e3 40 40 20 04 fc
INFO - 85 44 e3 08 40 28 46 11
INFO - 85 44 23 20 40 28 1e 07
INFO - 85 44 63 40 40 23 f0 00
INFO - 85 46 63 08 40 28 46 11
INFO - 85 46 a3 20 40 28 1e 07
INFO - 85 46 e3 40 40 20 00 01
INFO - 85 48 e3 08 40 28 46 11
INFO - 85 48 23 20 40 28 1e 07
INFO - 85 48 63 40 40 20 04 fc
INFO - 85 4a 63 08 40 28 46 11
INFO - 85 4a a3 20 40 28 1e 07
INFO - 85 4a e3 40 40 23 f0 01
INFO - 85 4c e3 08 40 28 46 11
INFO - 85 4c 23 20 40 28 1e 07
INFO - 85 4c 63 40 40 20 04 fc
INFO - 85 4e 63 08 40 28 46 11
INFO - 85 4e a3 20 40 28 1e 07
INFO - 85 4e e3 40 40 23 f0 00
INFO - 85 50 e3 08 40 28 46 11
INFO - 85 50 23 20 40 28 1e 05
INFO - 85 50 63 40 40 20 00 01
INFO - 85 52 63 08 40 28 46 11
INFO - 85 52 a3 20 40 28 16 05
INFO - 85 52 e3 40 40 20 04 fc
INFO - 85 54 e3 08 40 28 46 11
INFO - 85 54 23 20 40 28 16 05
INFO - 85 54 63 40 40 23 f0 00
INFO - 85 56 63 08 40 28 46 11
INFO - 85 56 a3 20 40 28 16 07
INFO - 85 56 e3 40 40 20 00 01
INFO - 85 58 e3 08 40 28 46 11
INFO - 85 58 23 20 40 28 1e 07
INFO - 85 58 63 40 40 20 04 fc
INFO - 85 5a 63 08 40 28 46 11
INFO - 85 5a a3 20 40 28 1e 05
INFO - 85 5a e3 40 40 23 f0 fd
INFO - 85 5c e3 08 40 28 46 11
INFO - 85 5c 23 20 40 28 16 05
INFO - 85 5c 63 40 40 23 f4 01
INFO - 85 5e 63 08 40 28 46 11
INFO - 85 5e a3 20 40 28 16 05
INFO - 85 5e e3 40 40 20 04 fc
INFO - 85 60 e3 08 40 28 46 2c
INFO - 85 60 23 20 40 28 16 05
INFO - 85 60 63 40 40 23 f0 01
INFO - 85 62 63 08 40 28 b2 34
INFO - 85 62 a3 20 40 28 16 05
INFO - 85 62 e3 40 40 20 04 fc
INFO - 85 64 e3 08 40 28 d2 34
INFO - 85 64 23 20 40 28 16 07
INFO - 85 64 63 40 40 23 f0 00
INFO - 85 66 63 08 40 28 d2 34
INFO - 85 66 a3 20 40 28 1e 07
INFO - 85 66 e3 40 40 20 00 01
INFO - 85 68 e3 08 40 28 d2 34
INFO - 85 68 23 20 40 28 1e 07
INFO - 85 68 63 40 40 20 04 fc
INFO - 85 6a 63 08 40 28 d2 34
INFO - 85 6a a3 20 40 28 1e 07
INFO - 85 6a e3 40 40 23 f0 fd
INFO - 85 6c e3 08 40 28 d2 34
INFO - 85 6c 23 20 40 28 1e 07
INFO - 85 6c 63 40 40 23 f4 01
INFO - 85 6e 63 08 40 28 d2 34
INFO - 85 6e a3 20 40 28 1e 07
INFO - 85 6e e3 40 40 20 04 fc
INFO - 85 70 e3 08 40 28 d2 34
INFO - 85 70 23 20 40 28 1e 07
INFO - 85 70 63 40 40 23 f0 01
INFO - 85 72 63 08 40 28 d2 34
INFO - 85 72 a3 20 40 28 1e 07
INFO - 85 72 e3 40 40 20 04 fc
INFO - 85 74 e3 08 40 28 d2 34
INFO - 85 74 23 20 40 28 1e 05
INFO - 85 74 63 40 40 23 f0 fd
INFO - 85 76 63 08 40 28 d2 34
INFO - 85 76 a3 20 40 28 16 05
INFO - 85 76 e3 40 40 23 f4 01
INFO - 85 78 e3 08 40 28 d2 34
INFO - 85 78 23 20 40 28 16 05
INFO - 85 78 63 40 40 20 04 fc
INFO - 85 7a 63 08 40 28 d2 34
INFO - 85 7a a3 20 40 28 16 05
INFO - 85 7a e3 40 40 23 f0 00
INFO - 85 7c e3 08 40 28 d1 f4
INFO - 85 7c 23 20 40 28 16 05
INFO - 85 7c 63 40 40 20 00 01
INFO - 85 7e 63 08 40 27 d1 e8
INFO - 85 7e a3 20 40 28 16 07
INFO - 85 7e e3 40 40 20 04 fc
INFO - 85 80 e3 08 40 27 a1 e8
INFO - 85 80 23 20 40 28 1e 05
INFO - 85 80 63 40 40 23 f0 fd
INFO - 85 82 63 08 40 27 a1 e8
INFO - 85 82 a3 20 40 28 16 03
INFO - 85 82 e3 40 40 23 f4 01
INFO - 85 84 e3 08 40 27 a1 e8
INFO - 85 84 23 20 40 28 0e 01
INFO - 85 84 63 40 40 20 04 fc
INFO - 85 86 63 08 40 27 a1 e8
INFO - 85 86 a3 20 40 28 06 01
INFO - 85 86 e3 40 40 23 f0 01
INFO - 85 88 e3 08 40 27 a1 e8
INFO - 85 88 23 20 40 28 06 01
INFO - 85 88 63 40 40 20 04 fc
INFO - 85 8a 63 08 40 27 a1 e8
INFO - 85 8a a3 20 40 28 06 03
INFO - 85 8a e3 40 40 23 f0 fd
INFO - 85 8c e3 08 40 27 a1 e8
INFO - 85 8c 23 20 40 28 0e 05
INFO - 85 8c 63 40 40 23 f4 01
INFO - 85 8e 63 08 40 27 a1 e8
INFO - 85 8e a3 20 40 28 16 05
INFO - 85 8e e3 40 40 20 04 fc
INFO - 85 90 e3 08 40 27 a1 e8
INFO - 85 90 23 20 40 28 16 07
INFO - 85 90 63 40 40 23 f0 fd
INFO - 85 92 63 08 40 27 a1 e8
INFO - 85 92 a3 20 40 28 1e 05
INFO - 85 92 e3 40 40 23 f4 01
INFO - 85 94 e3 08 40 27 a1 e8
INFO - 85 94 23 20 40 28 16 03
INFO - 85 94 63 40 40 20 04 fc
INFO - 85 96 63 08 40 27 a1 e8
INFO - 85 96 a3 20 40 28 0e 01
INFO - 85 96 e3 40 40 23 f0 01
INFO - 85 98 e3 08 40 27 a1 e8
INFO - 85 98 23 20 40 28 06 01
INFO - 85 98 63 40 40 20 04 fc
INFO - 85 9a 63 08 40 27 a1 ff
INFO - 85 9a a3 20 40 28 06 01
INFO - 85 9a e3 40 40 23 f0 00
INFO - 85 9c e3 08 40 27 fe 04
INFO - 85 9c 23 20 40 28 06 03
INFO - 85 9c 63 40 40 20 00 01
INFO - 85 9e 63 08 40 28 12 04
INFO - 85 9e a3 20 40 28 0e 03
INFO - 85 9e e3 40 40 20 04 fc
INFO - 85 a0 e3 08 40 28 12 04
INFO - 85 a0 23 20 40 28 0e 05
INFO - 85 a0 63 40 40 23 f0 01
INFO - 85 a2 63 08 40 28 12 04
INFO - 85 a2 a3 20 40 28 16 03
INFO - 85 a2 e3 40 40 20 04 fc
INFO - 85 a4 e3 08 40 28 12 04
INFO - 85 a4 23 20 40 28 0e 03
INFO - 85 a4 63 40 40 23 f0 fd
INFO - 85 a6 63 08 40 28 12 04
INFO - 85 a6 a3 20 40 28 0e 03
INFO - 85 a6 e3 40 40 23 f4 01
INFO - 85 a8 e3 08 40 28 12 04
INFO - 85 a8 23 20 40 28 0e 03
INFO - 85 a8 63 40 40 20 04 fc
INFO - 85 aa 63 08 40 28 12 04
INFO - 85 aa a3 20 40 28 0e 05
INFO - 85 aa e3 40 40 23 f0 01
INFO - 85 ac e3 08 40 28 12 04
INFO - 85 ac 23 20 40 28 16 05
INFO - 85 ac 63 40 40 20 04 fc
INFO - 85 ae 63 08 40 28 12 04
INFO - 85 ae a3 20 40 28 16 05
INFO - 85 ae e3 40 40 23 f0 00
INFO - 85 b0 e3 08 40 28 12 04
INFO - 85 b0 23 20 40 28 16 03
INFO - 85 b0 63 40 40 20 00 01
INFO - 85 b2 63 08 40 28 12 04
INFO - 85 b2 a3 20 40 28 0e 03
INFO - 85 b2 e3 40 40 20 04 fc
INFO - 85 b4 e3 08 40 28 12 04
INFO - 85 b4 23 20 40 28 0e 05
INFO - 85 b4 63 40 40 23 f0 01
INFO - 85 b6 63 08 40 28 12 04
INFO - 85 b6 a3 20 40 28 16 05
INFO - 85 b6 e3 40 40 20 04 fc
INFO - 85 b8 e3 08 40 28 12 04
INFO - 85 b8 23 20 40 28 16 03
INFO - 85 b8 63 40 40 23 f0 00
INFO - 85 ba 63 08 40 28 11 ee
INFO - 85 ba a3 20 40 28 0e 03
INFO - 85 ba e3 40 40 20 00 01
INFO - 85 bc e3 08 40 27 b9 eb
INFO - 85 bc 23 20 40 28 0e 01
INFO - 85 bc 63 40 40 20 04 fc
INFO - 85 be 63 08 40 27 ad eb
INFO - 85 be a3 20 40 28 06 01
INFO - 85 be e3 40 40 23 f0 01
INFO - 85 c0 e3 08 40 27 ad eb
INFO - 85 c0 23 20 40 28 06 01
INFO - 85 c0 63 40 40 20 04 fc
INFO - 85 c2 63 08 40 27 ad eb
INFO - 85 c2 a3 20 40 28 06 01
INFO - 85 c2 e3 40 40 23 f0 00
INFO - 85 c4 e3 08 40 27 ad eb
INFO - 85 c4 23 20 40 28 06 01
INFO - 85 c4 63 40 40 20 00 01
INFO - 85 c6 63 08 40 27 ad eb
INFO - 85 c6 a3 20 40 28 06 03
INFO - 85 c6 e3 40 40 20 04 fc
INFO - 85 c8 e3 08 40 27 ad eb
INFO - 85 c8 23 20 40 28 0e 03
INFO - 85 c8 63 40 40 23 f0 01
INFO - 85 ca 63 08 40 27 ad eb
INFO - 85 ca a3 20 40 28 0e 03
INFO - 85 ca e3 40 40 20 04 fc
INFO - 85 cc e3 08 40 27 ad eb
INFO - 85 cc 23 20 40 28 0e 05
INFO - 85 cc 63 40 40 23 f0 01
INFO - 85 ce 63 08 40 27 ad eb
INFO - 85 ce a3 20 40 28 16 05
INFO - 85 ce e3 40 40 20 04 fc
INFO - 85 d0 e3 08 47 97 ad e1
INFO - 85 d0 23 20 47 98 15 ff
INFO - 85 d0 63 40 47 93 f0 00
INFO - 86 49 e3 08 40 27 85 e0
INFO - 86 49 23 20 40 27 fe 01
INFO - 86 49 63 40 40 20 00 fd
INFO - 86 4b 63 08 40 27 81 e0
INFO - 86 4b a3 20 40 28 06 01
INFO - 86 4b e3 40 40 23 f4 01
INFO - 86 4d e3 08 40 27 81 e0
INFO - 86 4d 23 20 40 28 06 01
INFO - 86 4d 63 40 40 20 04 fc
INFO - 86 4f 63 08 40 27 82 1a
INFO - 86 4f a3 20 40 28 06 01
INFO - 86 4f e3 40 40 23 f0 00
INFO - 86 51 e3 08 40 28 6a 2a
INFO - 86 51 23 20 40 28 05 ff
INFO - 86 51 63 40 40 20 00 01
INFO - 86 53 63 08 40 28 aa 2a
INFO - 86 53 a3 20 40 27 fd ff
INFO - 86 53 e3 40 40 20 04 fc
INFO - 86 55 e3 08 40 28 aa 2a
INFO - 86 55 23 20 40 27 fd ff
INFO - 86 55 63 40 40 23 f0 00
INFO - 86 57 63 08 40 28 aa 2a
INFO - 86 57 a3 20 40 27 fd ff
INFO - 86 57 e3 40 40 20 00 01
INFO - 86 59 e3 08 40 28 aa 2a
INFO - 86 59 23 20 40 27 fd ff
INFO - 86 59 63 40 40 20 04 fc
INFO - 86 5b 63 08 40 28 aa 2a
INFO - 86 5b a3 20 40 27 fd ff
INFO - 86 5b e3 40 40 23 f0 01
INFO - 86 5d e3 08 40 28 aa 2a
INFO - 86 5d 23 20 40 27 fd ff
INFO - 86 5d 63 40 40 20 04 fc
INFO - 86 5f 63 08 40 28 aa 2a
INFO - 86 5f a3 20 40 27 fe 01
INFO - 86 5f e3 40 40 23 f0 fd
INFO - 86 61 e3 08 40 28 aa 2a
INFO - 86 61 23 20 40 28 06 01
INFO - 86 61 63 40 40 23 f4 01
INFO - 86 63 63 08 40 28 aa 2a
INFO - 86 63 a3 20 40 28 06 03
INFO - 86 63 e3 40 40 20 04 fc
INFO - 86 65 e3 08 40 28 aa 2a
INFO - 86 65 23 20 40 28 0e 01
INFO - 86 65 63 40 40 23 f0 01
INFO - 86 67 63 08 40 28 aa 2a
INFO - 86 67 a3 20 40 28 05 ff
INFO - 86 67 e3 40 40 20 04 fc
INFO - 86 69 e3 08 40 28 aa 2a
INFO - 86 69 23 20 40 27 fd fd
INFO - 86 69 63 40 40 23 f0 fd
INFO - 86 6b 63 08 40 28 aa 2a
INFO - 86 6b a3 20 40 27 f5 fd
INFO - 86 6b e3 40 40 23 f4 01
INFO - 86 6d e3 08 40 28 aa 2a
INFO - 86 6d 23 20 40 27 f5 fd
INFO - 86 6d 63 40 40 20 04 fc
INFO - 86 6f 63 08 40 28 a9 fe
INFO - 86 6f a3 20 40 27 f5 ff
INFO - 86 6f e3 40 40 23 f0 00
INFO - 86 71 e3 08 40 27 f9 f5
INFO - 86 71 23 20 40 27 fd ff
INFO - 86 71 63 40 40 20 00 01
INFO - 86 73 63 08 40 27 d5 f5
INFO - 86 73 a3 20 40 27 fd ff
INFO - 86 73 e3 40 40 20 04 fc
INFO - 86 75 e3 08 40 27 d5 f5
INFO - 86 75 23 20 40 27 fd ff
INFO - 86 75 63 40 40 23 f0 01
INFO - 86 77 63 08 40 27 d5 f5
INFO - 86 77 a3 20 40 27 fd ff
INFO - 86 77 e3 40 40 20 04 fc
INFO - 86 79 e3 08 40 27 d5 f5
INFO - 86 79 23 20 40 27 fd ff
INFO - 86 79 63 40 40 23 f0 00
INFO - 86 7b 63 08 40 27 d5 f5
INFO - 86 7b a3 20 40 27 fd ff
INFO - 86 7b e3 40 40 20 00 01
INFO - 86 7d e3 08 40 27 d5 f5
INFO - 86 7d 23 20 40 27 fd ff
INFO - 86 7d 63 40 40 20 04 fc
INFO - 86 7f 63 08 40 27 d5 f5
INFO - 86 7f a3 20 40 27 fd ff
INFO - 86 7f e3 40 40 23 f0 fd
INFO - 86 81 e3 08 40 27 d5 f5
INFO - 86 81 23 20 40 27 fd fd
INFO - 86 81 63 40 40 23 f4 01
INFO - 86 83 63 08 40 27 d5 f5
INFO - 86 83 a3 20 40 27 f5 fd
INFO - 86 83 e3 40 40 20 04 fc
INFO - 86 85 e3 08 40 27 d5 f5
INFO - 86 85 23 20 40 27 f5 fd
INFO - 86 85 63 40 40 23 f0 01
INFO - 86 87 63 08 40 27 d5 f5
INFO - 86 87 a3 20 40 27 f5 ff
INFO - 86 87 e3 40 40 20 04 fc
INFO - 86 89 e3 08 40 27 d5 f5
INFO - 86 89 23 20 40 27 fd ff
INFO - 86 89 63 40 40 23 f0 00
INFO - 86 8b 63 08 40 27 d5 f5
INFO - 86 8b a3 20 40 27 fd ff
INFO - 86 8b e3 40 40 20 00 01
INFO - 86 8d e3 08 40 27 d5 d1
INFO - 86 8d 23 20 40 27 fd ff
INFO - 86 8d 63 40 40 20 04 fc
INFO - 86 8f 63 08 40 27 45 c8
INFO - 86 8f a3 20 40 27 fd ff
INFO - 86 8f e3 40 40 23 f0 fd
INFO - 86 91 e3 08 40 27 21 c8
INFO - 86 91 23 20 40 27 fd ff
INFO - 86 91 63 40 40 23 f4 01
INFO - 86 93 63 08 40 27 21 c8
INFO - 86 93 a3 20 40 27 fd ff
INFO - 86 93 e3 40 40 20 04 fc
INFO - 86 95 e3 08 40 27 21 c8
INFO - 86 95 23 20 40 27 fd ff
INFO - 86 95 63 40 40 23 f0 01
INFO - 86 97 63 08 40 27 21 c8
INFO - 86 97 a3 20 40 27 fd ff
INFO - 86 97 e3 40 40 20 04 fc
INFO - 86 99 e3 08 40 27 21 c8
INFO - 86 99 23 20 40 27 fd ff
INFO - 86 99 63 40 40 23 f0 01
INFO - 86 9b 63 08 40 27 21 c8
INFO - 86 9b a3 20 40 27 fd ff
INFO - 86 9b e3 40 40 20 04 fc
INFO - 86 9d e3 08 40 27 21 c8
INFO - 86 9d 23 20 40 27 fe 01
INFO - 86 9d 63 40 40 23 f0 00
INFO - 86 9f 63 08 40 27 21 c8
INFO - 86 9f a3 20 40 28 05 ff
INFO - 86 9f e3 40 40 20 00 01
INFO - 86 a1 e3 08 40 27 21 c8
INFO - 86 a1 23 20 40 27 fd ff
INFO - 86 a1 63 40 40 20 04 fc
INFO - 86 a3 63 08 40 27 21 c8
INFO - 86 a3 a3 20 40 27 fd ff
INFO - 86 a3 e3 40 40 23 f0 01
INFO - 86 a5 e3 08 40 27 21 c8
INFO - 86 a5 23 20 40 27 fd ff
INFO - 86 a5 63 40 40 20 04 fc
INFO - 86 a7 63 08 40 27 21 c8
INFO - 86 a7 a3 20 40 27 fd fd
INFO - 86 a7 e3 40 40 23 f0 fd
INFO - 86 a9 e3 08 40 27 21 c8
INFO - 86 a9 23 20 40 27 f5 ff
INFO - 86 a9 63 40 40 23 f4 00
INFO - 86 ab 63 08 40 27 21 e6
INFO - 86 ab a3 20 40 27 fd ff
INFO - 86 ab e3 40 40 20 00 01
INFO - 86 ad e3 08 40 27 99 ed
INFO - 86 ad 23 20 40 27 fd ff
INFO - 86 ad 63 40 40 20 04 fc
INFO - 86 af 63 08 40 27 b5 ed
INFO - 86 af a3 20 40 27 fd ff
INFO - 86 af e3 40 40 23 f0 01
INFO - 86 b1 e3 08 40 27 b5 ed
INFO - 86 b1 23 20 40 27 fd ff
INFO - 86 b1 63 40 40 20 04 fc
INFO - 86 b3 63 08 40 27 b5 ed
INFO - 86 b3 a3 20 40 27 fd ff
INFO - 86 b3 e3 40 40 23 f0 00
INFO - 86 b5 e3 08 40 27 b5 ed
INFO - 86 b5 23 20 40 27 fd ff
INFO - 86 b5 63 40 40 20 00 01
INFO - 86 b7 63 08 40 27 b5 ed
INFO - 86 b7 a3 20 40 27 fd ff
INFO - 86 b7 e3 40 40 20 04 fc
INFO - 86 b9 e3 08 40 27 b5 ed
INFO - 86 b9 23 20 40 27 fd ff
INFO - 86 b9 63 40 40 23 f0 00
INFO - 86 bb 63 08 40 27 b5 ed
INFO - 86 bb a3 20 40 27 fd fd
INFO - 86 bb e3 40 40 20 00 01
INFO - 86 bd e3 08 40 27 b5 ed
INFO - 86 bd 23 20 40 27 f5 fd
INFO - 86 bd 63 40 40 20 04 fc
INFO - 86 bf 63 08 40 27 b5 ed
INFO - 86 bf a3 20 40 27 f5 fd
INFO - 86 bf e3 40 40 23 f0 01
INFO - 86 c1 e3 08 40 27 b5 ed
INFO - 86 c1 23 20 40 27 f5 fb
INFO - 86 c1 63 40 40 20 04 fc
INFO - 86 c3 63 08 40 27 b5 ed
INFO - 86 c3 a3 20 40 27 ed fb
INFO - 86 c3 e3 40 40 23 f0 00
INFO - 86 c5 e3 08 40 27 b5 ed
INFO - 86 c5 23 20 40 27 ed fb
INFO - 86 c5 63 40 40 20 00 01
INFO - 86 c7 63 08 40 27 b5 ed
INFO - 86 c7 a3 20 40 27 ed fb
INFO - 86 c7 e3 40 40 20 04 fc
INFO - 86 c9 e3 08 40 27 b5 ed
INFO - 86 c9 23 20 40 27 ed fd
INFO - 86 c9 63 40 40 23 f0 00
INFO - 86 cb 63 08 40 27 b6 04
INFO - 86 cb a3 20 40 27 f5 fd
INFO - 86 cb e3 40 40 20 00 01
INFO - 86 cd e3 08 40 28 12 09
INFO - 86 cd 23 20 40 27 f5 fd
INFO - 86 cd 63 40 40 20 04 fc
INFO - 86 cf 63 08 40 28 26 09
INFO - 86 cf a3 20 40 27 f5 fd
INFO - 86 cf e3 40 40 23 f0 fd
INFO - 86 d1 e3 08 40 28 26 09
INFO - 86 d1 23 20 40 27 f5 fb
INFO - 86 d1 63 40 40 23 f4 01
INFO - 86 d3 63 08 40 28 26 09
INFO - 86 d3 a3 20 40 27 ed f9
INFO - 86 d3 e3 40 40 20 04 fc
INFO - 86 d5 e3 08 40 28 26 09
INFO - 86 d5 23 20 40 27 e5 f9
INFO - 86 d5 63 40 40 23 f0 01
INFO - 86 d7 63 08 40 28 26 09
INFO - 86 d7 a3 20 40 27 e5 fb
INFO - 86 d7 e3 40 40 20 04 fc
INFO - 86 d9 e3 08 40 28 26 09
INFO - 86 d9 23 20 40 27 ed fb
INFO - 86 d9 63 40 40 23 f0 00
INFO - 86 db 63 08 40 28 26 09
INFO - 86 db a3 20 40 27 ed fb
INFO - 86 db e3 40 40 20 00 01
INFO - 86 dd e3 08 40 28 26 09
INFO - 86 dd 23 20 40 27 ed fb
INFO - 86 dd 63 40 40 20 04 fc
INFO - 86 df 63 08 40 28 26 09
INFO - 86 df a3 20 40 27 ed fb
INFO - 86 df e3 40 40 23 f0 01
INFO - 86 e1 e3 08 40 28 26 09
INFO - 86 e1 23 20 40 27 ed fb
INFO - 86 e1 63 40 40 20 04 fc
INFO - 86 e3 63 08 40 28 26 09
INFO - 86 e3 a3 20 40 27 ed fb
INFO - 86 e3 e3 40 40 23 f0 fd
INFO - 86 e5 e3 08 40 28 26 09
INFO - 86 e5 23 20 40 27 ed fb
INFO - 86 e5 63 40 40 23 f4 00
INFO - 86 e7 63 08 40 28 25 e8
INFO - 86 e7 a3 20 40 27 ed fb
INFO - 86 e7 e3 40 40 20 00 01
INFO - 86 e9 e3 08 40 27 a1 e0
INFO - 86 e9 23 20 40 27 ed f9
INFO - 86 e9 63 40 40 20 04 fc
INFO - 86 eb 63 08 40 27 81 e0
INFO - 86 eb a3 20 40 27 e5 fb
INFO - 86 eb e3 40 40 23 f0 01
INFO - 86 ed e3 08 40 27 81 e0
INFO - 86 ed 23 20 40 27 ed fb
INFO - 86 ed 63 40 40 20 04 fc
INFO - 86 ef 63 08 40 27 81 e0
INFO - 86 ef a3 20 40 27 ed fb
INFO - 86 ef e3 40 40 23 f0 fd
INFO - 86 f1 e3 08 40 27 81 e0
INFO - 86 f1 23 20 40 27 ed fb
INFO - 86 f1 63 40 40 23 f4 01
INFO - 86 f3 63 08 40 27 81 e0
INFO - 86 f3 a3 20 40 27 ed f9
INFO - 86 f3 e3 40 40 20 04 fc
INFO - 86 f5 e3 08 40 27 81 e0
INFO - 86 f5 23 20 40 27 e5 fb
INFO - 86 f5 63 40 40 23 f0 01
INFO - 86 f7 63 08 40 27 81 e0
INFO - 86 f7 a3 20 40 27 ed fb
INFO - 86 f7 e3 40 40 20 04 fc
INFO - 86 f9 e3 08 40 27 81 e0
INFO - 86 f9 23 20 40 27 ed fb
INFO - 86 f9 63 40 40 23 f0 fd
INFO - 86 fb 63 08 40 27 81 e0
INFO - 86 fb a3 20 40 27 ed fb
INFO - 86 fb e3 40 40 23 f4 01
INFO - 86 fd e3 08 40 27 81 e0
INFO - 86 fd 23 20 40 27 ed fb
INFO - 86 fd 63 40 40 20 04 fc
INFO - 86 ff 63 08 40 27 81 e0
INFO - 86 ff a3 20 40 27 ed fb
INFO - 86 ff e3 40 40 23 f0 fd
INFO - 87 01 e3 08 40 27 81 e0
INFO - 87 01 23 20 40 27 ed fb
INFO - 87 01 63 40 40 23 f4 01
INFO - 87 03 63 08 40 27 81 e0
INFO - 87 03 a3 20 40 27 ed fb
INFO - 87 03 e3 40 40 20 04 fc
INFO - 87 05 e3 08 40 27 82 00
INFO - 87 05 23 20 40 27 ed f9
INFO - 87 05 63 40 40 23 f0 01
INFO - 87 07 63 08 40 28 02 09
INFO - 87 07 a3 20 40 27 e5 f9
INFO - 87 07 e3 40 40 20 04 fc
INFO - 87 09 e3 08 40 28 26 09
INFO - 87 09 23 20 40 27 e5 f7
INFO - 87 09 63 40 40 23 f0 00
INFO - 87 0b 63 08 40 28 26 09
INFO - 87 0b a3 20 40 27 dd f9
INFO - 87 0b e3 40 40 20 00 01
INFO - 87 0d e3 08 40 28 26 09
INFO - 87 0d 23 20 40 27 e5 f9
INFO - 87 0d 63 40 40 20 04 fc
INFO - 87 0f 63 08 40 28 26 09
INFO - 87 0f a3 20 40 27 e5 f9
INFO - 87 0f e3 40 40 23 f0 01
INFO - 87 11 e3 08 40 28 26 09
INFO - 87 11 23 20 40 27 e5 f9
INFO - 87 11 63 40 40 20 04 fc
INFO - 87 13 63 08 40 28 26 09
INFO - 87 13 a3 20 40 27 e5 f9
INFO - 87 13 e3 40 40 23 f0 00
INFO - 87 15 e3 08 40 28 26 09
INFO - 87 15 23 20 40 27 e5 f9
INFO - 87 15 63 40 40 20 00 01
INFO - 87 17 63 08 40 28 26 09
INFO - 87 17 a3 20 40 27 e5 f9
INFO - 87 17 e3 40 40 20 04 fc
INFO - 87 19 e3 08 40 28 26 09
INFO - 87 19 23 20 40 27 e5 f9
INFO - 87 19 63 40 40 23 f0 01
INFO - 87 1b 63 08 40 28 26 09
INFO - 87 1b a3 20 40 27 e5 f9
INFO - 87 1b e3 40 40 20 04 fc
INFO - 87 1d e3 08 40 28 26 09
INFO - 87 1d 23 20 40 27 e5 f7
INFO - 87 1d 63 40 40 23 f0 fd
INFO - 87 1f 63 08 40 28 26 09
INFO - 87 1f a3 20 40 27 dd f7
INFO - 87 1f e3 40 40 23 f4 01
INFO - 87 21 e3 08 40 28 26 09
INFO - 87 21 23 20 40 27 dd f7
INFO - 87 21 63 40 40 20 04 fc
INFO - 87 23 63 08 40 28 26 09
INFO - 87 23 a3 20 40 27 dd f7
INFO - 87 23 e3 40 40 23 f0 01
INFO - 87 25 e3 08 40 28 25 fa
INFO - 87 25 23 20 40 27 dd f7
INFO - 87 25 63 40 40 20 04 fc
INFO - 87 27 63 08 40 27 e9 f6
INFO - 87 27 a3 20 40 27 dd f7
INFO - 87 27 e3 40 40 23 f0 00
INFO - 87 29 e3 08 40 27 d9 f6
INFO - 87 29 23 20 40 27 dd f7
INFO - 87 29 63 40 40 20 00 01
INFO - 87 2b 63 08 40 27 d9 f6
INFO - 87 2b a3 20 40 27 dd f7
INFO - 87 2b e3 40 40 20 04 fc
INFO - 87 2d e3 08 40 27 d9 f6
INFO - 87 2d 23 20 40 27 dd f9
INFO - 87 2d 63 40 40 23 f0 fd
INFO - 87 2f 63 08 40 27 d9 f6
INFO - 87 2f a3 20 40 27 e5 f9
INFO - 87 2f e3 40 40 23 f4 01
INFO - 87 31 e3 08 40 27 d9 f6
INFO - 87 31 23 20 40 27 e5 f9
INFO - 87 31 63 40 40 20 04 fc
INFO - 87 33 63 08 40 27 d9 f6
INFO - 87 33 a3 20 40 27 e5 f9
INFO - 87 33 e3 40 40 23 f0 01
INFO - 87 35 e3 08 40 27 d9 f6
INFO - 87 35 23 20 40 27 e5 f9
INFO - 87 35 63 40 40 20 04 fc
INFO - 87 37 63 08 40 27 d9 f6
INFO - 87 37 a3 20 40 27 e5 f7
INFO - 87 37 e3 40 40 23 f0 01
INFO - 87 39 e3 08 40 27 d9 f6
INFO - 87 39 23 20 40 27 dd f7
INFO - 87 39 63 40 40 20 04 fb
INFO - 87 3b 63 08 40 27 d9 f6
INFO - 87 3b a3 20 40 27 dd f7
INFO - 87 3b e3 40 40 23 ec 02
INFO - 87 3d e3 08 40 27 d9 f6
INFO - 87 3d 23 20 40 27 dd f7
INFO - 87 3d 63 40 40 20 08 fc
INFO - 87 3f 63 08 40 27 d9 f6
INFO - 87 3f a3 20 40 27 dd f5
INFO - 87 3f e3 40 40 23 f0 01
INFO - 87 41 e3 08 40 27 d9 f6
INFO - 87 41 23 20 40 27 d5 f5
INFO - 87 41 63 40 40 20 04 fc
INFO - 87 43 63 08 40 27 d9 b3
INFO - 87 43 a3 20 40 27 d5 f5
INFO - 87 43 e3 40 40 23 f0 01
INFO - 87 45 e3 08 40 26 cd a9
INFO - 87 45 23 20 40 27 d5 f5
INFO - 87 45 63 40 40 20 04 fc
INFO - 87 47 63 08 40 26 a5 a9
INFO - 87 47 a3 20 40 27 d5 f7
INFO - 87 47 e3 40 40 23 f0 fd
INFO - 87 49 e3 08 40 26 a5 a9
INFO - 87 49 23 20 40 27 dd f7
INFO - 87 49 63 40 40 23 f4 01
INFO - 87 4b 63 08 40 26 a5 a9
INFO - 87 4b a3 20 40 27 dd f7
INFO - 87 4b e3 40 40 20 04 fc
INFO - 87 4d e3 08 40 26 a5 a9
INFO - 87 4d 23 20 40 27 dd f7
INFO - 87 4d 63 40 40 23 f0 01
INFO - 87 4f 63 08 40 26 a5 a9
INFO - 87 4f a3 20 40 27 dd f7
INFO - 87 4f e3 40 40 20 04 fc
INFO - 87 51 e3 08 40 26 a5 a9
INFO - 87 51 23 20 40 27 dd f7
INFO - 87 51 63 40 40 23 f0 fd
INFO - 87 53 63 08 40 26 a5 a9
INFO - 87 53 a3 20 40 27 dd f7
INFO - 87 53 e3 40 40 23 f4 01
INFO - 87 55 e3 08 40 26 a5 a9
INFO - 87 55 23 20 40 27 dd f7
INFO - 87 55 63 40 40 20 04 fc
INFO - 87 57 63 08 40 26 a5 a9
INFO - 87 57 a3 20 40 27 dd f7
INFO - 87 57 e3 40 40 23 f0 00
INFO - 87 59 e3 08 40 26 a5 a9
INFO - 87 59 23 20 40 27 dd f7
INFO - 87 59 63 40 40 20 00 01
INFO - 87 5b 63 08 40 26 a5 a9
INFO - 87 5b a3 20 40 27 dd f7
INFO - 87 5b e3 40 40 20 04 fc
INFO - 87 5d e3 08 40 26 a6 06
INFO - 87 5d 23 20 40 27 dd f7
INFO - 87 5d 63 40 40 23 f0 01
INFO - 87 5f 63 08 40 28 1a 23
INFO - 87 5f a3 20 40 27 dd f7
INFO - 87 5f e3 40 40 20 04 fc
INFO - 87 61 e3 08 40 28 8e 23
INFO - 87 61 23 20 40 27 dd f7
INFO - 87 61 63 40 40 23 f0 00
INFO - 87 63 63 08 40 28 8e 23
INFO - 87 63 a3 20 40 27 dd f7
INFO - 87 63 e3 40 40 20 00 01
INFO - 87 65 e3 08 40 28 8e 23
INFO - 87 65 23 20 40 27 dd f5
INFO - 87 65 63 40 40 20 04 fc
INFO - 87 67 63 08 40 28 8e 23
INFO - 87 67 a3 20 40 27 d5 f5
INFO - 87 67 e3 40 40 23 f0 01
INFO - 87 69 e3 08 40 28 8e 23
INFO - 87 69 23 20 40 27 d5 f5
INFO - 87 69 63 40 40 20 04 fc
INFO - 87 6b 63 08 40 28 8e 23
INFO - 87 6b a3 20 40 27 d5 f5
INFO - 87 6b e3 40 40 23 f0 00
INFO - 87 6d e3 08 40 28 8e 23
INFO - 87 6d 23 20 40 27 d5 f7
INFO - 87 6d 63 40 40 20 00 01
INFO - 87 6f 63 08 40 28 8e 23
INFO - 87 6f a3 20 40 27 dd f7
INFO - 87 6f e3 40 40 20 04 fc
INFO - 87 71 e3 08 40 28 8e 23
INFO - 87 71 23 20 40 27 dd f9
INFO - 87 71 63 40 40 23 f0 01
INFO - 87 73 63 08 40 28 8e 23
INFO - 87 73 a3 20 40 27 e5 f9
INFO - 87 73 e3 40 40 20 04 fc
INFO - 87 75 e3 08 40 28 8e 23
INFO - 87 75 23 20 40 27 e5 f7
INFO - 87 75 63 40 40 23 f0 00
INFO - 87 77 63 08 40 28 8e 23
INFO - 87 77 a3 20 40 27 dd f7
INFO - 87 77 e3 40 40 20 00 01
INFO - 87 79 e3 08 40 28 8e 68
INFO - 87 79 23 20 40 27 dd f7
INFO - 87 79 63 40 40 20 04 fc
INFO - 87 7b 63 08 40 29 a2 73
INFO - 87 7b a3 20 40 27 dd f7
INFO - 87 7b e3 40 40 23 f0 fd
INFO - 87 7d e3 08 40 29 ce 73
INFO - 87 7d 23 20 40 27 dd f7
INFO - 87 7d 63 40 40 23 f4 01
INFO - 87 7f 63 08 40 29 ce 73
INFO - 87 7f a3 20 40 27 dd f7
INFO - 87 7f e3 40 40 20 04 fc
INFO - 87 81 e3 08 40 29 ce 73
INFO - 87 81 23 20 40 27 dd f5
INFO - 87 81 63 40 40 23 f0 00
INFO - 87 83 63 08 40 29 ce 73
INFO - 87 83 a3 20 40 27 d5 f5
INFO - 87 83 e3 40 40 20 00 01
INFO - 87 85 e3 08 40 29 ce 73
INFO - 87 85 23 20 40 27 d5 f7
INFO - 87 85 63 40 40 20 04 fc
INFO - 87 87 63 08 40 29 ce 73
INFO - 87 87 a3 20 40 27 dd f7
INFO - 87 87 e3 40 40 23 f0 fd
INFO - 87 89 e3 08 40 29 ce 73
INFO - 87 89 23 20 40 27 dd f9
INFO - 87 89 63 40 40 23 f4 01
INFO - 87 8b 63 08 40 29 ce 0d
INFO - 87 8b a3 20 40 27 e5 f9
INFO - 87 8b e3 40 40 20 04 fc
INFO - 87 8d e3 08 40 28 35 f0
INFO - 87 8d 23 20 40 27 e5 f7
INFO - 87 8d 63 40 40 23 f0 01
INFO - 87 8f 63 08 40 27 c1 f0
INFO - 87 8f a3 20 40 27 dd f7
INFO - 87 8f e3 40 40 20 04 fc
INFO - 87 91 e3 08 40 27 c1 f0
INFO - 87 91 23 20 40 27 dd f7
INFO - 87 91 63 40 40 23 f0 00
INFO - 87 93 63 08 40 27 c1 f0
INFO - 87 93 a3 20 40 27 dd f5
INFO - 87 93 e3 40 40 20 00 01
INFO - 87 95 e3 08 40 27 c1 f0
INFO - 87 95 23 20 40 27 d5 f5
INFO - 87 95 63 40 40 20 04 fc
INFO - 87 97 63 08 40 27 c1 f0
INFO - 87 97 a3 20 40 27 d5 f3
INFO - 87 97 e3 40 40 23 f0 01
INFO - 87 99 e3 08 40 27 c1 f0
INFO - 87 99 23 20 40 27 cd f3
INFO - 87 99 63 40 40 20 04 fc
INFO - 87 9b 63 08 40 27 c1 f0
INFO - 87 9b a3 20 40 27 cd f5
INFO - 87 9b e3 40 40 23 f0 00
INFO - 87 9d e3 08 40 27 c1 f0
INFO - 87 9d 23 20 40 27 d5 f5
INFO - 87 9d 63 40 40 20 00 01
INFO - 87 9f 63 08 40 27 c1 f0
INFO - 87 9f a3 20 40 27 d5 f7
INFO - 87 9f e3 40 40 20 04 fc
INFO - 87 a1 e3 08 40 27 c1 f0
INFO - 87 a1 23 20 40 27 dd f7
INFO - 87 a1 63 40 40 23 f0 fd
INFO - 87 a3 63 08 40 27 c1 f0
INFO - 87 a3 a3 20 40 27 dd f7
INFO - 87 a3 e3 40 40 23 f4 01
INFO - 87 a5 e3 08 40 27 c1 f0
INFO - 87 a5 23 20 40 27 dd f9
INFO - 87 a5 63 40 40 20 04 fc
INFO - 87 a7 63 08 40 27 c1 f0
INFO - 87 a7 a3 20 40 27 e5 f9
INFO - 87 a7 e3 40 40 23 f0 00
INFO - 87 a9 e3 08 40 27 c1 f0
INFO - 87 a9 23 20 40 27 e5 fb
INFO - 87 a9 63 40 40 20 00 01
INFO - 87 ab 63 08 40 27 c1 f6
INFO - 87 ab a3 20 40 27 ed fb
INFO - 87 ab e3 40 40 20 04 fc
INFO - 87 ad e3 08 40 27 d9 f8
INFO - 87 ad 23 20 40 27 ed f9
INFO - 87 ad 63 40 40 23 f0 00
INFO - 87 af 63 08 40 27 e1 f8
INFO - 87 af a3 20 40 27 e5 f9
INFO - 87 af e3 40 40 20 00 01
INFO - 87 b1 e3 08 40 27 e1 f8
INFO - 87 b1 23 20 40 27 e5 f9
INFO - 87 b1 63 40 40 20 04 fc
INFO - 87 b3 63 08 40 27 e1 f8
INFO - 87 b3 a3 20 40 27 e5 f9
INFO - 87 b3 e3 40 40 23 f0 01
INFO - 87 b5 e3 08 40 27 e1 f8
INFO - 87 b5 23 20 40 27 e5 f9
INFO - 87 b5 63 40 40 20 04 fc
INFO - 87 b7 63 08 40 27 e1 f8
INFO - 87 b7 a3 20 40 27 e5 f9
INFO - 87 b7 e3 40 40 23 f0 fd
INFO - 87 b9 e3 08 40 27 e1 f8
INFO - 87 b9 23 20 40 27 e5 f7
INFO - 87 b9 63 40 40 23 f4 01
INFO - 87 bb 63 08 40 27 e1 f8
INFO - 87 bb a3 20 40 27 dd f5
INFO - 87 bb e3 40 40 20 04 fc
INFO - 87 bd e3 08 40 27 e1 f8
INFO - 87 bd 23 20 40 27 d5 f5
INFO - 87 bd 63 40 40 23 f0 01
INFO - 87 bf 63 08 40 27 e1 f8
INFO - 87 bf a3 20 40 27 d5 f5
INFO - 87 bf e3 40 40 20 04 fc
INFO - 87 c1 e3 08 40 27 e1 f8
INFO - 87 c1 23 20 40 27 d5 f5
INFO - 87 c1 63 40 40 23 f0 00
INFO - 87 c3 63 08 40 27 e1 f8
INFO - 87 c3 a3 20 40 27 d5 f5
INFO - 87 c3 e3 40 40 20 00 01
INFO - 87 c5 e3 08 40 27 e1 f8
INFO - 87 c5 23 20 40 27 d5 f5
INFO - 87 c5 63 40 40 20 04 fc
INFO - 87 c7 63 08 40 27 e1 f8
INFO - 87 c7 a3 20 40 27 d5 f7
INFO - 87 c7 e3 40 40 23 f0 fd
INFO - 87 c9 e3 08 40 27 e1 e6
INFO - 87 c9 23 20 40 27 dd f7
INFO - 87 c9 63 40 40 23 f4 01
INFO - 87 cb 63 08 40 27 99 e2
INFO - 87 cb a3 20 40 27 dd f7
INFO - 87 cb e3 40 40 20 04 fc
INFO - 87 cd e3 08 40 27 89 e2
INFO - 87 cd 23 20 40 27 dd f7
INFO - 87 cd 63 40 40 23 f0 fd
INFO - 87 cf 63 08 40 27 89 e2
INFO - 87 cf a3 20 40 27 dd f7
INFO - 87 cf e3 40 40 23 f4 01
INFO - 87 d1 e3 08 40 27 89 e2
INFO - 87 d1 23 20 40 27 dd f5
INFO - 87 d1 63 40 40 20 04 fc
INFO - 87 d3 63 08 40 27 89 e2
INFO - 87 d3 a3 20 40 27 d5 f5
INFO - 87 d3 e3 40 40 23 f0 00
INFO - 87 d5 e3 08 40 27 89 e2
INFO - 87 d5 23 20 40 27 d5 f5
INFO - 87 d5 63 40 40 20 00 01
INFO - 87 d7 63 08 40 27 89 e2
INFO - 87 d7 a3 20 40 27 d5 f5
INFO - 87 d7 e3 40 40 20 04 fc
INFO - 87 d9 e3 08 40 27 89 e2
INFO - 87 d9 23 20 40 27 d5 f5
INFO - 87 d9 63 40 40 23 f0 fd
INFO - 87 db 63 08 40 27 89 e2
INFO - 87 db a3 20 40 27 d5 f5
INFO - 87 db e3 40 40 23 f4 01
INFO - 87 dd e3 08 40 27 89 e2
INFO - 87 dd 23 20 40 27 d5 f7
INFO - 87 dd 63 40 40 20 04 fc
INFO - 87 df 63 08 40 27 89 e2
INFO - 87 df a3 20 40 27 dd f9
INFO - 87 df e3 40 40 23 f0 01
INFO - 87 e1 e3 08 40 27 89 e5
INFO - 87 e1 23 20 40 27 e5 f7
INFO - 87 e1 63 40 40 20 04 fc
INFO - 87 e3 63 08 45 97 95 b0
INFO - 87 e3 a3 20 45 97 dd f9
INFO - 87 e3 e3 40 45 93 f0 00
INFO - 88 3c a3 08 40 26 c1 d0
INFO - 88 3c e3 20 40 27 e5 f7
INFO - 88 3c 23 40 40 20 00 fd
INFO - 88 3e 23 08 40 27 41 e4
INFO - 88 3e 63 20 40 27 dd f7
INFO - 88 3e a3 40 40 23 f4 00
INFO - 88 40 a3 08 40 27 91 ed
INFO - 88 40 e3 20 40 27 dd f7
INFO - 88 40 23 40 40 20 00 fd
INFO - 88 42 23 08 40 27 b5 f3
INFO - 88 42 63 20 40 27 dd f5
INFO - 88 42 a3 40 40 23 f4 01
INFO - 88 44 a3 08 40 27 cd f6
INFO - 88 44 e3 20 40 27 d5 f5
INFO - 88 44 23 40 40 20 04 fc
INFO - 88 46 23 08 40 27 d9 f9
INFO - 88 46 63 20 40 27 d5 f5
INFO - 88 46 a3 40 40 23 f0 00
INFO - 88 48 a3 08 40 27 e5 fa
INFO - 88 48 e3 20 40 27 d5 f5
INFO - 88 48 23 40 40 20 00 01
INFO - 88 4a 23 08 40 27 e9 fc
INFO - 88 4a 63 20 40 27 d5 f5
INFO - 88 4a a3 40 40 20 04 fc
INFO - 88 4c a3 08 40 27 f1 fd
INFO - 88 4c e3 20 40 27 d5 f5
INFO - 88 4c 23 40 40 23 f0 00
INFO - 88 4e 23 08 40 27 f5 ff
INFO - 88 4e 63 20 40 27 d5 f5
INFO - 88 4e a3 40 40 20 00 01
INFO - 88 50 a3 08 40 27 fd ff
INFO - 88 50 e3 20 40 27 d5 f5
INFO - 88 50 23 40 40 20 04 fc
INFO - 88 52 23 08 40 27 fe 00
INFO - 88 52 63 20 40 27 d5 f5
INFO - 88 52 a3 40 40 23 f0 fd
INFO - 88 54 a3 08 40 28 02 02
INFO - 88 54 e3 20 40 27 d5 f7
INFO - 88 54 23 40 40 23 f4 01
