INFO - a0 00 8b 08 b2 f5 a7 a0
INFO - a0 00 cb 10 47 a8 3f ea
INFO - a0 00 0b 18 00 01 86 a0
INFO - a0 00 4b 08 b2 f5 a7 c3
INFO - a0 00 8b 10 47 a8 3f f2
INFO - a0 00 cb 18 00 01 86 a0
INFO - a0 02 0b 08 b2 f5 a8 8d
INFO - a0 02 4b 10 47 a8 40 21
INFO - a0 02 8b 18 00 01 86 a0
INFO - a0 04 cb 08 b2 f5 a9 56
INFO - a0 04 0b 10 47 a8 40 49
INFO - a0 04 4b 18 00 01 86 a0
INFO - a0 06 8b 08 b2 f5 aa 1f
INFO - a0 06 cb 10 47 a8 40 78
INFO - a0 06 0b 18 00 01 86 a0
INFO - a0 08 4b 08 b2 f5 aa e8
INFO - a0 08 8b 10 47 a8 40 a0
INFO - a0 08 cb 18 00 01 86 a0
INFO - a0 0a 0b 08 b2 f5 ab b1
INFO - a0 0a 4b 10 47 a8 40 cf
INFO - a0 0a 8b 18 00 01 86 a0
INFO - a0 0c cb 08 b2 f5 ac 7a
INFO - a0 0c 0b 10 47 a8 40 fe
INFO - a0 0c 4b 18 00 01 86 a0
INFO - a0 0e 8b 08 b2 f5 ad 44
INFO - a0 0e cb 10 47 a8 41 26
INFO - a0 0e 0b 18 00 01 86 a0
INFO - a0 10 4b 08 b2 f5 ae 0d
INFO - a0 10 8b 10 47 a8 41 55
INFO - a0 10 cb 18 00 01 86 a0
INFO - a0 12 0b 08 b2 f5 ae d6
INFO - a0 12 4b 10 47 a8 41 7e
INFO - a0 12 8b 18 00 01 86 a0
INFO - a0 14 cb 08 b2 f5 af 9f
INFO - a0 14 0b 10 47 a8 41 ac
INFO - a0 14 4b 18 00 01 86 a0
INFO - a0 16 8b 08 b2 f5 b0 68
INFO - a0 16 cb 10 47 a8 41 db
INFO - a0 16 0b 18 00 01 86 a0
INFO - a0 18 4b 08 b2 f5 b1 31
INFO - a0 18 8b 10 47 a8 42 04
INFO - a0 18 cb 18 00 01 86 a0
INFO - a0 1a 0b 08 b2 f5 b1 fb
INFO - a0 1a 4b 10 47 a8 42 33
INFO - a0 1a 8b 18 00 01 86 a0
INFO - a0 1c cb 08 b2 f5 b2 c4
INFO - a0 1c 0b 10 47 a8 42 5b
INFO - a0 1c 4b 18 00 01 86 a0
INFO - a0 1e 8b 08 b2 f5 b3 8d
INFO - a0 1e cb 10 47 a8 42 8a
INFO - a0 1e 0b 18 00 01 86 a0
INFO - a0 20 4b 08 b2 f5 b4 56
INFO - a0 20 8b 10 47 a8 42 b9
INFO - a0 20 cb 18 00 01 86 a0
INFO - a0 22 0b 08 b2 f5 b5 1f
INFO - a0 22 4b 10 47 a8 42 e1
INFO - a0 22 8b 18 00 01 86 a0
INFO - a0 24 cb 08 b2 f5 b5 e8
INFO - a0 24 0b 10 47 a8 43 10
INFO - a0 24 4b 18 00 01 86 a0
INFO - a0 26 8b 08 b2 f5 b6 b2
INFO - a0 26 cb 10 47 a8 43 38
INFO - a0 26 0b 18 00 01 86 a0
INFO - a0 28 4b 08 b2 f5 b7 7b
INFO - a0 28 8b 10 47 a8 43 67
INFO - a0 28 cb 18 00 01 86 a0
INFO - a0 2a 0b 08 b2 f5 b8 44
INFO - a0 2a 4b 10 47 a8 43 96
INFO - a0 2a 8b 18 00 01 86 a0
INFO - a0 2c cb 08 b2 f5 b9 0d
INFO - a0 2c 0b 10 47 a8 43 be
INFO - a0 2c 4b 18 00 01 86 a0
INFO - a0 2e 8b 08 b2 f5 b9 d6
INFO - a0 2e cb 10 47 a8 43 ed
INFO - a0 2e 0b 18 00 01 86 a0
INFO - a0 30 4b 08 b2 f5 ba 9f
INFO - a0 30 8b 10 47 a8 44 15
INFO - a0 30 cb 18 00 01 86 a0
INFO - a0 32 0b 08 b2 f5 bb 69
INFO - a0 32 4b 10 47 a8 44 44
INFO - a0 32 8b 18 00 01 86 a0
INFO - a0 34 cb 08 b2 f5 bc 32
INFO - a0 34 0b 10 47 a8 44 73
INFO - a0 34 4b 18 00 01 86 a0
INFO - a0 36 8b 08 b2 f5 bc f4
INFO - a0 36 cb 10 47 a8 44 a2
INFO - a0 36 0b 18 00 01 86 a0
INFO - a0 38 4b 08 b2 f5 bd bd
INFO - a0 38 8b 10 47 a8 44 d1
INFO - a0 38 cb 18 00 01 86 a0
INFO - a0 3a 0b 08 b2 f5 be 87
INFO - a0 3a 4b 10 47 a8 44 f9
INFO - a0 3a 8b 18 00 01 86 a0
INFO - a0 3c cb 08 b2 f5 bf 50
INFO - a0 3c 0b 10 47 a8 45 28
INFO - a0 3c 4b 18 00 01 86 a0
INFO - a0 3e 8b 08 b2 f5 c0 19
INFO - a0 3e cb 10 47 a8 45 57
INFO - a0 3e 0b 18 00 01 86 a0
INFO - a0 40 4b 08 b2 f5 c0 e2
INFO - a0 40 8b 10 47 a8 45 86
INFO - a0 40 cb 18 00 01 86 a0
INFO - a0 42 0b 08 b2 f5 c1 ab
INFO - a0 42 4b 10 47 a8 45 b5
INFO - a0 42 8b 18 00 01 86 a0
INFO - a0 44 cb 08 b2 f5 c2 74
INFO - a0 44 0b 10 47 a8 45 e4
INFO - a0 44 4b 18 00 01 86 a0
INFO - a0 46 8b 08 b2 f5 c3 3e
INFO - a0 46 cb 10 47 a8 46 13
INFO - a0 46 0b 18 00 01 86 a0
INFO - a0 48 4b 08 b2 f5 c4 07
INFO - a0 48 8b 10 47 a8 46 42
INFO - a0 48 cb 18 00 01 86 a0
INFO - a0 4a 0b 08 b2 f5 c4 c9
INFO - a0 4a 4b 10 47 a8 46 71
INFO - a0 4a 8b 18 00 01 86 a0
INFO - a0 4c cb 08 b2 f5 c5 92
INFO - a0 4c 0b 10 47 a8 46 a0
INFO - a0 4c 4b 18 00 01 86 a0
INFO - a0 4e 8b 08 b2 f5 c6 5b
INFO - a0 4e cb 10 47 a8 46 cf
INFO - a0 4e 0b 18 00 01 86 a0
INFO - a0 50 4b 08 b2 f5 c7 25
INFO - a0 50 8b 10 47 a8 46 fe
INFO - a0 50 cb 18 00 01 86 a0
INFO - a0 52 0b 08 b2 f5 c7 ee
INFO - a0 52 4b 10 47 a8 47 2d
INFO - a0 52 8b 18 00 01 86 a0
INFO - a0 54 cb 08 b2 f5 c8 b7
INFO - a0 54 0b 10 47 a8 47 5c
INFO - a0 54 4b 18 00 01 86 a0
INFO - a0 56 8b 08 b2 f5 c9 80
INFO - a0 56 cb 10 47 a8 47 8b
INFO - a0 56 0b 18 00 01 86 a0
INFO - a0 58 4b 08 b2 f5 ca 49
INFO - a0 58 8b 10 47 a8 47 b9
INFO - a0 58 cb 18 00 01 86 a0
INFO - a0 5a 0b 08 b2 f5 cb 12
INFO - a0 5a 4b 10 47 a8 47 e8
INFO - a0 5a 8b 18 00 01 86 a0
INFO - a0 5c cb 08 b2 f5 cb dc
INFO - a0 5c 0b 10 47 a8 48 17
INFO - a0 5c 4b 18 00 01 86 a0
INFO - a0 5e 8b 08 b2 f5 cc a5
INFO - a0 5e cb 10 47 a8 48 46
INFO - a0 5e 0b 18 00 01 86 a0
INFO - a0 60 4b 08 b2 f5 cd 6e
INFO - a0 60 8b 10 47 a8 48 75
INFO - a0 60 cb 18 00 01 86 a0
INFO - a0 62 0b 08 b2 f5 ce 37
INFO - a0 62 4b 10 47 a8 48 a4
INFO - a0 62 8b 18 00 01 86 a0
INFO - a0 64 cb 08 b2 f5 cf 00
INFO - a0 64 0b 10 47 a8 48 d3
INFO - a0 64 4b 18 00 01 86 a0
INFO - a0 66 8b 08 b2 f5 cf c9
INFO - a0 66 cb 10 47 a8 49 02
INFO - a0 66 0b 18 00 01 86 a0
INFO - a0 68 4b 08 b2 f5 d0 93
INFO - a0 68 8b 10 47 a8 49 31
INFO - a0 68 cb 18 00 01 86 a0
INFO - a0 6a 0b 08 b2 f5 d1 5c
INFO - a0 6a 4b 10 47 a8 49 60
INFO - a0 6a 8b 18 00 01 86 a0
INFO - a0 6c cb 08 b2 f5 d2 1e
INFO - a0 6c 0b 10 47 a8 49 8f
INFO - a0 6c 4b 18 00 01 86 a0
INFO - a0 6e 8b 08 b2 f5 d2 e7
INFO - a0 6e cb 10 47 a8 49 be
INFO - a0 6e 0b 18 00 01 86 a0
INFO - a0 70 4b 08 b2 f5 d3 b1
INFO - a0 70 8b 10 47 a8 49 ed
INFO - a0 70 cb 18 00 01 86 a0
INFO - a0 72 0b 08 b2 f5 d4 7a
INFO - a0 72 4b 10 47 a8 4a 1c
INFO - a0 72 8b 18 00 01 86 a0
INFO - a0 74 cb 08 b2 f5 d5 43
INFO - a0 74 0b 10 47 a8 4a 4b
INFO - a0 74 4b 18 00 01 86 a0
INFO - a0 76 8b 08 b2 f5 d6 0c
INFO - a0 76 cb 10 47 a8 4a 7a
INFO - a0 76 0b 18 00 01 86 a0
INFO - a0 78 4b 08 b2 f5 d6 d5
INFO - a0 78 8b 10 47 a8 4a a8
INFO - a0 78 cb 18 00 01 86 a0
INFO - a0 7a 0b 08 b2 f5 d7 9e
INFO - a0 7a 4b 10 47 a8 4a de
INFO - a0 7a 8b 18 00 01 86 a0
INFO - a0 7c cb 08 b2 f5 d8 68
INFO - a0 7c 0b 10 47 a8 4b 0d
INFO - a0 7c 4b 18 00 01 86 a0
INFO - a0 7e 8b 08 b2 f5 d9 31
INFO - a0 7e cb 10 47 a8 4b 3c
INFO - a0 7e 0b 18 00 01 86 a0
INFO - a0 80 4b 08 b2 f5 d9 fa
INFO - a0 80 8b 10 47 a8 4b 6b
INFO - a0 80 cb 18 00 01 86 a0
INFO - a0 82 0b 08 b2 f5 da c3
INFO - a0 82 4b 10 47 a8 4b 9a
INFO - a0 82 8b 18 00 01 86 a0
INFO - a0 84 cb 08 b2 f5 db 86
INFO - a0 84 0b 10 47 a8 4b c9
INFO - a0 84 4b 18 00 01 86 a0
INFO - a0 86 8b 08 b2 f5 dc 4f
INFO - a0 86 cb 10 47 a8 4b fe
INFO - a0 86 0b 18 00 01 86 a0
INFO - a0 88 4b 08 b2 f5 dd 18
INFO - a0 88 8b 10 47 a8 4c 2d
INFO - a0 88 cb 18 00 01 86 a0
INFO - a0 8a 0b 08 b2 f5 dd e1
INFO - a0 8a 4b 10 47 a8 4c 5c
INFO - a0 8a 8b 18 00 01 86 a0
INFO - a0 8c cb 08 b2 f5 de aa
INFO - a0 8c 0b 10 47 a8 4c 8b
INFO - a0 8c 4b 18 00 01 86 a0
INFO - a0 8e 8b 08 b2 f5 df 6d
INFO - a0 8e cb 10 47 a8 4c ba
INFO - a0 8e 0b 18 00 01 86 a0
INFO - a0 90 4b 08 b2 f5 e0 36
INFO - a0 90 8b 10 47 a8 4c f0
INFO - a0 90 cb 18 00 01 86 a0
INFO - a0 92 0b 08 b2 f5 e0 ff
INFO - a0 92 4b 10 47 a8 4d 1f
INFO - a0 92 8b 18 00 01 86 a0
INFO - a0 94 cb 08 b2 f5 e1 c8
INFO - a0 94 0b 10 47 a8 4d 4e
INFO - a0 94 4b 18 00 01 86 a0
INFO - a0 96 8b 08 b2 f5 e2 91
INFO - a0 96 cb 10 47 a8 4d 7d
INFO - a0 96 0b 18 00 01 86 a0
INFO - a0 98 4b 08 b2 f5 e3 54
INFO - a0 98 8b 10 47 a8 4d ac
INFO - a0 98 cb 18 00 01 86 a0
INFO - a0 9a 0b 08 b2 f5 e4 1d
INFO - a0 9a 4b 10 47 a8 4d e1
INFO - a0 9a 8b 18 00 01 86 a0
INFO - a0 9c cb 08 b2 f5 e4 e6
INFO - a0 9c 0b 10 47 a8 4e 10
INFO - a0 9c 4b 18 00 01 86 a0
INFO - a0 9e 8b 08 b2 f5 e5 af
INFO - a0 9e cb 10 47 a8 4e 3f
INFO - a0 9e 0b 18 00 01 86 a0
INFO - a0 a0 4b 08 b2 f5 e6 78
INFO - a0 a0 8b 10 47 a8 4e 6e
INFO - a0 a0 cb 18 00 01 86 a0
INFO - a0 a2 0b 08 b2 f5 e7 3b
INFO - a0 a2 4b 10 47 a8 4e 9d
INFO - a0 a2 8b 18 00 01 86 a0
INFO - a0 a4 cb 08 b2 f5 e8 04
INFO - a0 a4 0b 10 47 a8 4e d3
INFO - a0 a4 4b 18 00 01 86 a0
INFO - a0 a6 8b 08 b2 f5 e8 cd
INFO - a0 a6 cb 10 47 a8 4f 02
INFO - a0 a6 0b 18 00 01 86 a0
INFO - a0 a8 4b 08 b2 f5 e9 96
INFO - a0 a8 8b 10 47 a8 4f 31
INFO - a0 a8 cb 18 00 01 86 a0
INFO - a0 aa 0b 08 b2 f5 ea 52
INFO - a0 aa 4b 10 47 a8 4f 5f
INFO - a0 aa 8b 18 00 01 86 a0
INFO - a0 aa cb 08 b2 f5 ea 52
INFO - a0 aa 0b 10 47 a8 4f 5f
INFO - a0 aa 4b 18 00 01 86 a0
INFO - a0 ac 8b 08 b2 f5 eb 1b
INFO - a0 ac cb 10 47 a8 4f 95
INFO - a0 ac 0b 18 00 01 86 a0
INFO - a0 ae 4b 08 b2 f5 eb e4
INFO - a0 ae 8b 10 47 a8 4f c4
INFO - a0 ae cb 18 00 01 86 a0
INFO - a0 b0 0b 08 b2 f5 ec a7
INFO - a0 b0 4b 10 47 a8 4f fa
INFO - a0 b0 8b 18 00 01 86 a0
INFO - a0 b2 cb 08 b2 f5 ed 70
INFO - a0 b2 0b 10 47 a8 50 2f
INFO - a0 b2 4b 18 00 01 86 a0
INFO - a0 b4 8b 08 b2 f5 ee 39
INFO - a0 b4 cb 10 47 a8 50 5e
INFO - a0 b4 0b 18 00 01 86 a0
INFO - a0 b6 4b 08 b2 f5 ee fc
INFO - a0 b6 8b 10 47 a8 50 94
INFO - a0 b6 cb 18 00 01 86 a0
INFO - a0 b8 0b 08 b2 f5 ef c5
INFO - a0 b8 4b 10 47 a8 50 ca
INFO - a0 b8 8b 18 00 01 86 a0
INFO - a0 ba cb 08 b2 f5 f0 87
INFO - a0 ba 0b 10 47 a8 50 f9
INFO - a0 ba 4b 18 00 01 86 a0
INFO - a0 bc 8b 08 b2 f5 f1 51
INFO - a0 bc cb 10 47 a8 51 2e
INFO - a0 bc 0b 18 00 01 86 a0
INFO - a0 be 4b 08 b2 f5 f2 1a
INFO - a0 be 8b 10 47 a8 51 5d
INFO - a0 be cb 18 00 01 86 a0
INFO - a0 c0 0b 08 b2 f5 f2 dc
INFO - a0 c0 4b 10 47 a8 51 93
INFO - a0 c0 8b 18 00 01 86 a0
INFO - a0 c2 cb 08 b2 f5 f3 a5
INFO - a0 c2 0b 10 47 a8 51 c2
INFO - a0 c2 4b 18 00 01 86 a0
INFO - a0 c4 8b 08 b2 f5 f4 6e
INFO - a0 c4 cb 10 47 a8 51 f7
INFO - a0 c4 0b 18 00 01 86 a0
INFO - a0 c6 4b 08 b2 f5 f5 31
INFO - a0 c6 8b 10 47 a8 52 2d
INFO - a0 c6 cb 18 00 01 86 a0
INFO - a0 c8 0b 08 b2 f5 f5 fa
INFO - a0 c8 4b 10 47 a8 52 5c
INFO - a0 c8 8b 18 00 01 86 a0
INFO - a0 ca cb 08 b2 f5 f6 c3
INFO - a0 ca 0b 10 47 a8 52 92
INFO - a0 ca 4b 18 00 01 86 a0
INFO - a0 cc 8b 08 b2 f5 f7 86
INFO - a0 cc cb 10 47 a8 52 c7
INFO - a0 cc 0b 18 00 01 86 a0
INFO - a0 ce 4b 08 b2 f5 f8 4f
INFO - a0 ce 8b 10 47 a8 52 f6
INFO - a0 ce cb 18 00 01 86 a0
INFO - a0 d0 0b 08 b2 f5 f9 18
INFO - a0 d0 4b 10 47 a8 53 2c
INFO - a0 d0 8b 18 00 01 86 a0
INFO - a0 d2 cb 08 b2 f5 f9 db
INFO - a0 d2 0b 10 47 a8 53 61
INFO - a0 d2 4b 18 00 01 86 a0
INFO - a0 d4 8b 08 b2 f5 fa a4
INFO - a0 d4 cb 10 47 a8 53 90
INFO - a0 d4 0b 18 00 01 86 a0
INFO - a0 d6 4b 08 b2 f5 fb 6d
INFO - a0 d6 8b 10 47 a8 53 c6
INFO - a0 d6 cb 18 00 01 86 a0
INFO - a0 d8 0b 08 b2 f5 fc 2f
INFO - a0 d8 4b 10 47 a8 53 fc
INFO - a0 d8 8b 18 00 01 86 a0
INFO - a0 da cb 08 b2 f5 fc f8
INFO - a0 da 0b 10 47 a8 54 2b
INFO - a0 da 4b 18 00 01 86 a0
INFO - a0 dc 8b 08 b2 f5 fd c2
INFO - a0 dc cb 10 47 a8 54 60
INFO - a0 dc 0b 18 00 01 86 a0
INFO - a0 de 4b 08 b2 f5 fe 84
INFO - a0 de 8b 10 47 a8 54 96
INFO - a0 de cb 18 00 01 86 a0
INFO - a0 e0 0b 08 b2 f5 ff 4d
INFO - a0 e0 4b 10 47 a8 54 c5
INFO - a0 e0 8b 18 00 01 86 a0
INFO - a0 e2 cb 08 b2 f6 00 16
INFO - a0 e2 0b 10 47 a8 54 fa
INFO - a0 e2 4b 18 00 01 86 a0
INFO - a0 e4 8b 08 b2 f6 00 d9
INFO - a0 e4 cb 10 47 a8 55 30
INFO - a0 e4 0b 18 00 01 86 a0
INFO - a0 e6 4b 08 b2 f6 01 a2
INFO - a0 e6 8b 10 47 a8 55 66
INFO - a0 e6 cb 18 00 01 86 a0
INFO - a0 e8 0b 08 b2 f6 02 6b
INFO - a0 e8 4b 10 47 a8 55 95
INFO - a0 e8 8b 18 00 01 86 a0
INFO - a0 ea cb 08 b2 f6 03 34
INFO - a0 ea 0b 10 47 a8 55 ca
INFO - a0 ea 4b 18 00 01 86 a0
INFO - a0 ec 8b 08 b2 f6 03 f7
INFO - a0 ec cb 10 47 a8 56 00
INFO - a0 ec 0b 18 00 01 86 a0
INFO - a0 ee 4b 08 b2 f6 04 c0
INFO - a0 ee 8b 10 47 a8 56 36
INFO - a0 ee cb 18 00 01 86 a0
INFO - a0 f0 0b 08 b2 f6 05 82
INFO - a0 f0 4b 10 47 a8 56 6b
INFO - a0 f0 8b 18 00 01 86 a0
INFO - a0 f2 cb 08 b2 f6 06 4c
INFO - a0 f2 0b 10 47 a8 56 a1
INFO - a0 f2 4b 18 00 01 86 a0
INFO - a0 f4 8b 08 b2 f6 07 0e
INFO - a0 f4 cb 10 47 a8 56 d7
INFO - a0 f4 0b 18 00 01 86 a0
INFO - a0 f6 4b 08 b2 f6 07 d7
INFO - a0 f6 8b 10 47 a8 57 0c
INFO - a0 f6 cb 18 00 01 86 a0
INFO - a0 f8 0b 08 b2 f6 08 a0
INFO - a0 f8 4b 10 47 a8 57 42
INFO - a0 f8 8b 18 00 01 86 a0
INFO - a0 fa cb 08 b2 f6 09 63
INFO - a0 fa 0b 10 47 a8 57 71
INFO - a0 fa 4b 18 00 01 86 a0
INFO - a0 fc 8b 08 b2 f6 0a 2c
INFO - a0 fc cb 10 47 a8 57 a6
INFO - a0 fc 0b 18 00 01 86 a0
INFO - a0 fe 4b 08 b2 f6 0a ef
INFO - a0 fe 8b 10 47 a8 57 dc
INFO - a0 fe cb 18 00 01 86 a0
INFO - a1 00 0b 08 b2 f6 0b b8
INFO - a1 00 4b 10 47 a8 58 12
INFO - a1 00 8b 18 00 01 86 a0
INFO - a1 02 cb 08 b2 f6 0c 7a
INFO - a1 02 0b 10 47 a8 58 47
INFO - a1 02 4b 18 00 01 86 a0
INFO - a1 04 8b 08 b2 f6 0d 43
INFO - a1 04 cb 10 47 a8 58 7d
INFO - a1 04 0b 18 00 01 86 a0
INFO - a1 06 4b 08 b2 f6 0e 06
INFO - a1 06 8b 10 47 a8 58 b3
INFO - a1 06 cb 18 00 01 86 a0
INFO - a1 08 0b 08 b2 f6 0e cf
INFO - a1 08 4b 10 47 a8 58 e8
INFO - a1 08 8b 18 00 01 86 a0
INFO - a1 0a cb 08 b2 f6 0f 98
INFO - a1 0a 0b 10 47 a8 59 1e
INFO - a1 0a 4b 18 00 01 86 a0
INFO - a1 0c 8b 08 b2 f6 10 5b
INFO - a1 0c cb 10 47 a8 59 54
INFO - a1 0c 0b 18 00 01 86 a0
INFO - a1 0e 4b 08 b2 f6 11 24
INFO - a1 0e 8b 10 47 a8 59 89
INFO - a1 0e cb 18 00 01 86 a0
INFO - a1 10 0b 08 b2 f6 11 e6
INFO - a1 10 4b 10 47 a8 59 b8
INFO - a1 10 8b 18 00 01 86 a0
INFO - a1 12 cb 08 b2 f6 12 af
INFO - a1 12 0b 10 47 a8 59 ee
INFO - a1 12 4b 18 00 01 86 a0
INFO - a1 14 8b 08 b2 f6 13 79
INFO - a1 14 cb 10 47 a8 5a 23
INFO - a1 14 0b 18 00 01 86 a0
INFO - a1 16 4b 08 b2 f6 14 3b
INFO - a1 16 8b 10 47 a8 5a 59
INFO - a1 16 cb 18 00 01 86 a0
INFO - a1 18 0b 08 b2 f6 15 04
INFO - a1 18 4b 10 47 a8 5a 8f
INFO - a1 18 8b 18 00 01 86 a0
INFO - a1 1a cb 08 b2 f6 15 c7
INFO - a1 1a 0b 10 47 a8 5a c4
INFO - a1 1a 4b 18 00 01 86 a0
INFO - a1 1c 8b 08 b2 f6 16 90
INFO - a1 1c cb 10 47 a8 5a fa
INFO - a1 1c 0b 18 00 01 86 a0
INFO - a1 1e 4b 08 b2 f6 17 52
INFO - a1 1e 8b 10 47 a8 5b 30
INFO - a1 1e cb 18 00 01 86 a0
INFO - a1 20 0b 08 b2 f6 18 1b
INFO - a1 20 4b 10 47 a8 5b 65
INFO - a1 20 8b 18 00 01 86 a0
INFO - a1 22 cb 08 b2 f6 18 e5
INFO - a1 22 0b 10 47 a8 5b 9b
INFO - a1 22 4b 18 00 01 86 a0
INFO - a1 24 8b 08 b2 f6 19 a7
INFO - a1 24 cb 10 47 a8 5b d1
INFO - a1 24 0b 18 00 01 86 a0
INFO - a1 26 4b 08 b2 f6 1a 70
INFO - a1 26 8b 10 47 a8 5c 06
INFO - a1 26 cb 18 00 01 86 a0
INFO - a1 28 0b 08 b2 f6 1b 33
INFO - a1 28 4b 10 47 a8 5c 3c
INFO - a1 28 8b 18 00 01 86 a0
INFO - a1 2a cb 08 b2 f6 1b fc
INFO - a1 2a 0b 10 47 a8 5c 72
INFO - a1 2a 4b 18 00 01 86 a0
INFO - a1 2c 8b 08 b2 f6 1c be
INFO - a1 2c cb 10 47 a8 5c a7
INFO - a1 2c 0b 18 00 01 86 a0
INFO - a1 2e 4b 08 b2 f6 1d 87
INFO - a1 2e 8b 10 47 a8 5c dd
INFO - a1 2e cb 18 00 01 86 a0
INFO - a1 30 0b 08 b2 f6 1e 4a
INFO - a1 30 4b 10 47 a8 5d 12
INFO - a1 30 8b 18 00 01 86 a0
INFO - a1 31 cb 08 b2 f6 1f 0c
INFO - a1 31 0b 10 47 a8 5d 48
INFO - a1 31 4b 18 00 01 86 a0
INFO - a1 34 8b 08 b2 f6 1f d6
INFO - a1 34 cb 10 47 a8 5d 84
INFO - a1 34 0b 18 00 01 86 a0
INFO - a1 35 4b 08 b2 f6 20 98
INFO - a1 35 8b 10 47 a8 5d ba
INFO - a1 35 cb 18 00 01 86 a0
INFO - a1 38 0b 08 b2 f6 21 61
INFO - a1 38 4b 10 47 a8 5d f0
INFO - a1 38 8b 18 00 01 86 a0
INFO - a1 39 cb 08 b2 f6 22 24
INFO - a1 39 0b 10 47 a8 5e 25
INFO - a1 39 4b 18 00 01 86 a0
INFO - a1 3c 8b 08 b2 f6 22 ed
INFO - a1 3c cb 10 47 a8 5e 5b
INFO - a1 3c 0b 18 00 01 86 a0
INFO - a1 3d 4b 08 b2 f6 23 af
INFO - a1 3d 8b 10 47 a8 5e 91
INFO - a1 3d cb 18 00 01 86 a0
INFO - a1 3f 0b 08 b2 f6 24 72
INFO - a1 3f 4b 10 47 a8 5e c6
INFO - a1 3f 8b 18 00 01 86 a0
INFO - a1 41 cb 08 b2 f6 25 3b
INFO - a1 41 0b 10 47 a8 5e fc
INFO - a1 41 4b 18 00 01 86 a0
INFO - a1 43 8b 08 b2 f6 25 fd
INFO - a1 43 cb 10 47 a8 5f 38
INFO - a1 43 0b 18 00 01 86 a0
INFO - a1 45 4b 08 b2 f6 26 c7
INFO - a1 45 8b 10 47 a8 5f 6e
INFO - a1 45 cb 18 00 01 86 a0
INFO - a1 47 0b 08 b2 f6 27 89
INFO - a1 47 4b 10 47 a8 5f a4
INFO - a1 47 8b 18 00 01 86 a0
INFO - a1 49 cb 08 b2 f6 28 4b
INFO - a1 49 0b 10 47 a8 5f e0
INFO - a1 49 4b 18 00 01 86 a0
INFO - a1 4b 8b 08 b2 f6 29 15
INFO - a1 4b cb 10 47 a8 60 16
INFO - a1 4b 0b 18 00 01 86 a0
INFO - a1 4d 4b 08 b2 f6 29 d7
INFO - a1 4d 8b 10 47 a8 60 52
INFO - a1 4d cb 18 00 01 86 a0
INFO - a1 4f 0b 08 b2 f6 2a a0
INFO - a1 4f 4b 10 47 a8 60 88
INFO - a1 4f 8b 18 00 01 86 a0
INFO - a1 51 cb 08 b2 f6 2b 63
INFO - a1 51 0b 10 47 a8 60 bd
INFO - a1 51 4b 18 00 01 86 a0
INFO - a1 53 8b 08 b2 f6 2c 25
INFO - a1 53 cb 10 47 a8 60 fa
INFO - a1 53 0b 18 00 01 86 a0
INFO - a1 55 4b 08 b2 f6 2c ee
INFO - a1 55 8b 10 47 a8 61 2f
INFO - a1 55 cb 18 00 01 86 a0
INFO - a1 57 0b 08 b2 f6 2d b1
INFO - a1 57 4b 10 47 a8 61 6c
INFO - a1 57 8b 18 00 01 86 a0
INFO - a1 59 cb 08 b2 f6 2e 73
INFO - a1 59 0b 10 47 a8 61 a1
INFO - a1 59 4b 18 00 01 86 a0
INFO - a1 5b 8b 08 b2 f6 2f 3c
INFO - a1 5b cb 10 47 a8 61 d7
INFO - a1 5b 0b 18 00 01 86 a0
INFO - a1 5d 4b 08 b2 f6 2f ff
INFO - a1 5d 8b 10 47 a8 62 13
INFO - a1 5d cb 18 00 01 86 a0
INFO - a1 5f 0b 08 b2 f6 30 c8
INFO - a1 5f 4b 10 47 a8 62 49
INFO - a1 5f 8b 18 00 01 86 a0
INFO - a1 61 cb 08 b2 f6 31 8a
INFO - a1 61 0b 10 47 a8 62 85
INFO - a1 61 4b 18 00 01 86 a0
INFO - a1 63 8b 08 b2 f6 32 4d
INFO - a1 63 cb 10 47 a8 62 bb
INFO - a1 63 0b 18 00 01 86 a0
INFO - a1 65 4b 08 b2 f6 33 16
INFO - a1 65 8b 10 47 a8 62 f0
INFO - a1 65 cb 18 00 01 86 a0
INFO - a1 67 0b 08 b2 f6 33 d9
INFO - a1 67 4b 10 47 a8 63 2d
INFO - a1 67 8b 18 00 01 86 a0
INFO - a1 69 cb 08 b2 f6 34 a2
INFO - a1 69 0b 10 47 a8 63 62
INFO - a1 69 4b 18 00 01 86 a0
INFO - a1 6b 8b 08 b2 f6 35 64
INFO - a1 6b cb 10 47 a8 63 9f
INFO - a1 6b 0b 18 00 01 86 a0
INFO - a1 6d 4b 08 b2 f6 36 2d
INFO - a1 6d 8b 10 47 a8 63 d4
INFO - a1 6d cb 18 00 01 86 a0
INFO - a1 6f 0b 08 b2 f6 36 f0
INFO - a1 6f 4b 10 47 a8 64 0a
INFO - a1 6f 8b 18 00 01 86 a0
INFO - a1 71 cb 08 b2 f6 37 b9
INFO - a1 71 0b 10 47 a8 64 46
INFO - a1 71 4b 18 00 01 86 a0
INFO - a1 73 8b 08 b2 f6 38 7b
INFO - a1 73 cb 10 47 a8 64 7c
INFO - a1 73 0b 18 00 01 86 a0
INFO - a1 75 4b 08 b2 f6 39 3e
INFO - a1 75 8b 10 47 a8 64 b2
INFO - a1 75 cb 18 00 01 86 a0
INFO - a1 77 0b 08 b2 f6 3a 07
INFO - a1 77 4b 10 47 a8 64 ee
INFO - a1 77 8b 18 00 01 86 a0
INFO - a1 79 cb 08 b2 f6 3a ca
INFO - a1 79 0b 10 47 a8 65 24
INFO - a1 79 4b 18 00 01 86 a0
INFO - a1 7b 8b 08 b2 f6 3b 93
INFO - a1 7b cb 10 47 a8 65 60
INFO - a1 7b 0b 18 00 01 86 a0
INFO - a1 7d 4b 08 b2 f6 3c 55
INFO - a1 7d 8b 10 47 a8 65 96
INFO - a1 7d cb 18 00 01 86 a0
INFO - a1 7f 0b 08 b2 f6 3d 18
INFO - a1 7f 4b 10 47 a8 65 cb
INFO - a1 7f 8b 18 00 01 86 a0
INFO - a1 81 cb 08 b2 f6 3d e1
INFO - a1 81 0b 10 47 a8 66 08
INFO - a1 81 4b 18 00 01 86 a0
INFO - a1 83 8b 08 b2 f6 3e a3
INFO - a1 83 cb 10 47 a8 66 3d
INFO - a1 83 0b 18 00 01 86 a0
INFO - a1 85 4b 08 b2 f6 3f 66
INFO - a1 85 8b 10 47 a8 66 7a
INFO - a1 85 cb 18 00 01 86 a0
INFO - a1 87 0b 08 b2 f6 40 2f
INFO - a1 87 4b 10 47 a8 66 af
INFO - a1 87 8b 18 00 01 86 a0
INFO - a1 89 cb 08 b2 f6 40 f1
INFO - a1 89 0b 10 47 a8 66 e5
INFO - a1 89 4b 18 00 01 86 a0
INFO - a1 8b 8b 08 b2 f6 41 ba
INFO - a1 8b cb 10 47 a8 67 21
INFO - a1 8b 0b 18 00 01 86 a0
INFO - a1 8d 4b 08 b2 f6 42 7d
INFO - a1 8d 8b 10 47 a8 67 5e
INFO - a1 8d cb 18 00 01 86 a0
INFO - a1 8f 0b 08 b2 f6 43 3f
INFO - a1 8f 4b 10 47 a8 67 93
INFO - a1 8f 8b 18 00 01 86 a0
INFO - a1 91 cb 08 b2 f6 44 02
INFO - a1 91 0b 10 47 a8 67 d0
INFO - a1 91 4b 18 00 01 86 a0
INFO - a1 93 8b 08 b2 f6 44 c4
INFO - a1 93 cb 10 47 a8 68 0c
INFO - a1 93 0b 18 00 01 86 a0
INFO - a1 95 4b 08 b2 f6 45 8d
INFO - a1 95 8b 10 47 a8 68 48
INFO - a1 95 cb 18 00 01 86 a0
INFO - a1 97 0b 08 b2 f6 46 50
INFO - a1 97 4b 10 47 a8 68 85
INFO - a1 97 8b 18 00 01 86 a0
INFO - a1 99 cb 08 b2 f6 47 12
INFO - a1 99 0b 10 47 a8 68 ba
INFO - a1 99 4b 18 00 01 86 a0
INFO - a1 9b 8b 08 b2 f6 47 d5
INFO - a1 9b cb 10 47 a8 68 f7
INFO - a1 9b 0b 18 00 01 86 a0
INFO - a1 9d 4b 08 b2 f6 48 97
INFO - a1 9d 8b 10 47 a8 69 33
INFO - a1 9d cb 18 00 01 86 a0
INFO - a1 9f 0b 08 b2 f6 49 5a
INFO - a1 9f 4b 10 47 a8 69 6f
INFO - a1 9f 8b 18 00 01 86 a0
INFO - a1 a1 cb 08 b2 f6 4a 23
INFO - a1 a1 0b 10 47 a8 69 a5
INFO - a1 a1 4b 18 00 01 86 a0
INFO - a1 a3 8b 08 b2 f6 4a e5
INFO - a1 a3 cb 10 47 a8 69 e1
INFO - a1 a3 0b 18 00 01 86 a0
INFO - a1 a5 4b 08 b2 f6 4b a8
INFO - a1 a5 8b 10 47 a8 6a 1e
INFO - a1 a5 cb 18 00 01 86 a0
INFO - a1 a7 0b 08 b2 f6 4c 6a
INFO - a1 a7 4b 10 47 a8 6a 5a
INFO - a1 a7 8b 18 00 01 86 a0
INFO - a1 a9 cb 08 b2 f6 4d 2d
INFO - a1 a9 0b 10 47 a8 6a 97
INFO - a1 a9 4b 18 00 01 86 a0
INFO - a1 ab 8b 08 b2 f6 4d f6
INFO - a1 ab cb 10 47 a8 6a cc
INFO - a1 ab 0b 18 00 01 86 a0
INFO - a1 ad 4b 08 b2 f6 4e b8
INFO - a1 ad 8b 10 47 a8 6b 09
INFO - a1 ad cb 18 00 01 86 a0
INFO - a1 af 0b 08 b2 f6 4f 7b
INFO - a1 af 4b 10 47 a8 6b 45
INFO - a1 af 8b 18 00 01 86 a0
INFO - a1 b1 cb 08 b2 f6 50 3d
INFO - a1 b1 0b 10 47 a8 6b 81
INFO - a1 b1 4b 18 00 01 86 a0
INFO - a1 b3 8b 08 b2 f6 51 00
INFO - a1 b3 cb 10 47 a8 6b be
INFO - a1 b3 0b 18 00 01 86 a0
INFO - a1 b5 4b 08 b2 f6 51 c9
INFO - a1 b5 8b 10 47 a8 6b f3
INFO - a1 b5 cb 18 00 01 86 a0
INFO - a1 b7 0b 08 b2 f6 52 8b
INFO - a1 b7 4b 10 47 a8 6c 30
INFO - a1 b7 8b 18 00 01 86 a0
INFO - a1 b9 cb 08 b2 f6 53 4e
INFO - a1 b9 0b 10 47 a8 6c 6c
INFO - a1 b9 4b 18 00 01 86 a0
INFO - a1 bb 8b 08 b2 f6 54 10
INFO - a1 bb cb 10 47 a8 6c a8
INFO - a1 bb 0b 18 00 01 86 a0
INFO - a1 bd 4b 08 b2 f6 54 d3
INFO - a1 bd 8b 10 47 a8 6c de
INFO - a1 bd cb 18 00 01 86 a0
INFO - a1 bf 0b 08 b2 f6 55 9c
INFO - a1 bf 4b 10 47 a8 6d 1a
INFO - a1 bf 8b 18 00 01 86 a0
INFO - a1 c1 cb 08 b2 f6 56 5e
INFO - a1 c1 0b 10 47 a8 6d 57
INFO - a1 c1 4b 18 00 01 86 a0
INFO - a1 c3 8b 08 b2 f6 57 21
INFO - a1 c3 cb 10 47 a8 6d 93
INFO - a1 c3 0b 18 00 01 86 a0
INFO - a1 c5 4b 08 b2 f6 57 e3
INFO - a1 c5 8b 10 47 a8 6d cf
INFO - a1 c5 cb 18 00 01 86 a0
INFO - a1 c7 0b 08 b2 f6 58 ad
INFO - a1 c7 4b 10 47 a8 6e 05
INFO - a1 c7 8b 18 00 01 86 a0
INFO - a1 c9 cb 08 b2 f6 59 6f
INFO - a1 c9 0b 10 47 a8 6e 41
INFO - a1 c9 4b 18 00 01 86 a0
INFO - a1 cb 8b 08 b2 f6 5a 31
INFO - a1 cb cb 10 47 a8 6e 7e
INFO - a1 cb 0b 18 00 01 86 a0
INFO - a1 cd 4b 08 b2 f6 5a fb
INFO - a1 cd 8b 10 47 a8 6e ba
INFO - a1 cd cb 18 00 01 86 a0
INFO - a1 cf 0b 08 b2 f6 5b bd
INFO - a1 cf 4b 10 47 a8 6e f6
INFO - a1 cf 8b 18 00 01 86 a0
INFO - a1 d1 cb 08 b2 f6 5c 80
INFO - a1 d1 0b 10 47 a8 6f 33
INFO - a1 d1 4b 18 00 01 86 a0
INFO - a1 d3 8b 08 b2 f6 5d 49
INFO - a1 d3 cb 10 47 a8 6f 68
INFO - a1 d3 0b 18 00 01 86 a0
INFO - a1 d5 4b 08 b2 f6 5e 0b
INFO - a1 d5 8b 10 47 a8 6f ab
INFO - a1 d5 cb 18 00 01 86 a0
INFO - a1 d7 0b 08 b2 f6 5e ce
INFO - a1 d7 4b 10 47 a8 6f e8
INFO - a1 d7 8b 18 00 01 86 a0
INFO - a1 d9 cb 08 b2 f6 5f 90
INFO - a1 d9 0b 10 47 a8 70 24
INFO - a1 d9 4b 18 00 01 86 a0
INFO - a1 db 8b 08 b2 f6 60 53
INFO - a1 db cb 10 47 a8 70 60
INFO - a1 db 0b 18 00 01 86 a0
INFO - a1 dd 4b 08 b2 f6 61 15
INFO - a1 dd 8b 10 47 a8 70 9d
INFO - a1 dd cb 18 00 01 86 a0
INFO - a1 df 0b 08 b2 f6 61 de
INFO - a1 df 4b 10 47 a8 70 d9
INFO - a1 df 8b 18 00 01 86 a0
INFO - a1 e1 cb 08 b2 f6 62 a1
INFO - a1 e1 0b 10 47 a8 71 15
INFO - a1 e1 4b 18 00 01 86 a0
INFO - a1 e3 8b 08 b2 f6 63 63
INFO - a1 e3 cb 10 47 a8 71 52
INFO - a1 e3 0b 18 00 01 86 a0
INFO - a1 e5 4b 08 b2 f6 64 26
INFO - a1 e5 8b 10 47 a8 71 8e
INFO - a1 e5 cb 18 00 01 86 a0
INFO - a1 e7 0b 08 b2 f6 64 e8
INFO - a1 e7 4b 10 47 a8 71 d1
INFO - a1 e7 8b 18 00 01 86 a0
INFO - a1 e9 cb 08 b2 f6 65 aa
INFO - a1 e9 0b 10 47 a8 72 0e
INFO - a1 e9 4b 18 00 01 86 a0
INFO - a1 eb 8b 08 b2 f6 66 6d
INFO - a1 eb cb 10 47 a8 72 4a
INFO - a1 eb 0b 18 00 01 86 a0
INFO - a1 ed 4b 08 b2 f6 67 2f
INFO - a1 ed 8b 10 47 a8 72 86
INFO - a1 ed cb 18 00 01 86 a0
INFO - a1 ef 0b 08 b2 f6 67 f2
INFO - a1 ef 4b 10 47 a8 72 c3
INFO - a1 ef 8b 18 00 01 86 a0
INFO - a1 f1 cb 08 b2 f6 68 b4
INFO - a1 f1 0b 10 47 a8 73 06
INFO - a1 f1 4b 18 00 01 86 a0
INFO - a1 f3 8b 08 b2 f6 69 77
INFO - a1 f3 cb 10 47 a8 73 42
INFO - a1 f3 0b 18 00 01 86 a0
INFO - a1 f5 4b 08 b2 f6 6a 39
INFO - a1 f5 8b 10 47 a8 73 7e
INFO - a1 f5 cb 18 00 01 86 a0
INFO - a1 f7 0b 08 b2 f6 6a fc
INFO - a1 f7 4b 10 47 a8 73 bb
INFO - a1 f7 8b 18 00 01 86 a0
INFO - a1 f9 cb 08 b2 f6 6b c5
INFO - a1 f9 0b 10 47 a8 73 fe
INFO - a1 f9 4b 18 00 01 86 a0
INFO - a1 fb 8b 08 b2 f6 6c 87
INFO - a1 fb cb 10 47 a8 74 3a
INFO - a1 fb 0b 18 00 01 86 a0
INFO - a1 fd 4b 08 b2 f6 6d 4a
INFO - a1 fd 8b 10 47 a8 74 76
INFO - a1 fd cb 18 00 01 86 a0
INFO - a1 ff 0b 08 b2 f6 6e 0c
INFO - a1 ff 4b 10 47 a8 74 b3
INFO - a1 ff 8b 18 00 01 86 a0
INFO - a2 01 cb 08 b2 f6 6e cf
INFO - a2 01 0b 10 47 a8 74 ef
INFO - a2 01 4b 18 00 01 86 a0
INFO - a2 03 8b 08 b2 f6 6f 91
INFO - a2 03 cb 10 47 a8 75 32
INFO - a2 03 0b 18 00 01 86 a0
INFO - a2 05 4b 08 b2 f6 70 54
INFO - a2 05 8b 10 47 a8 75 6f
INFO - a2 05 cb 18 00 01 86 a0
INFO - a2 07 0b 08 b2 f6 71 16
INFO - a2 07 4b 10 47 a8 75 ab
INFO - a2 07 8b 18 00 01 86 a0
INFO - a2 09 cb 08 b2 f6 71 df
INFO - a2 09 0b 10 47 a8 75 e7
INFO - a2 09 4b 18 00 01 86 a0
INFO - a2 0b 8b 08 b2 f6 72 a2
INFO - a2 0b cb 10 47 a8 76 2a
INFO - a2 0b 0b 18 00 01 86 a0
INFO - a2 0d 4b 08 b2 f6 73 64
INFO - a2 0d 8b 10 47 a8 76 67
INFO - a2 0d cb 18 00 01 86 a0
INFO - a2 0f 0b 08 b2 f6 74 27
INFO - a2 0f 4b 10 47 a8 76 a3
INFO - a2 0f 8b 18 00 01 86 a0
INFO - a2 11 cb 08 b2 f6 74 e9
INFO - a2 11 0b 10 47 a8 76 df
INFO - a2 11 4b 18 00 01 86 a0
INFO - a2 13 8b 08 b2 f6 75 ac
INFO - a2 13 cb 10 47 a8 77 22
INFO - a2 13 0b 18 00 01 86 a0
INFO - a2 15 4b 08 b2 f6 76 6e
INFO - a2 15 8b 10 47 a8 77 5f
INFO - a2 15 cb 18 00 01 86 a0
INFO - a2 17 0b 08 b2 f6 77 30
INFO - a2 17 4b 10 47 a8 77 a2
INFO - a2 17 8b 18 00 01 86 a0
INFO - a2 19 cb 08 b2 f6 77 f3
INFO - a2 19 0b 10 47 a8 77 de
INFO - a2 19 4b 18 00 01 86 a0
INFO - a2 1b 8b 08 b2 f6 78 b5
INFO - a2 1b cb 10 47 a8 78 1b
INFO - a2 1b 0b 18 00 01 86 a0
INFO - a2 1d 4b 08 b2 f6 79 78
INFO - a2 1d 8b 10 47 a8 78 5e
INFO - a2 1d cb 18 00 01 86 a0
INFO - a2 1f 0b 08 b2 f6 7a 41
INFO - a2 1f 4b 10 47 a8 78 9a
INFO - a2 1f 8b 18 00 01 86 a0
INFO - a2 21 cb 08 b2 f6 7b 03
INFO - a2 21 0b 10 47 a8 78 dd
INFO - a2 21 4b 18 00 01 86 a0
INFO - a2 23 8b 08 b2 f6 7b bf
INFO - a2 23 cb 10 47 a8 79 19
INFO - a2 23 0b 18 00 01 86 a0
INFO - a2 25 4b 08 b2 f6 7c 88
INFO - a2 25 8b 10 47 a8 79 56
INFO - a2 25 cb 18 00 01 86 a0
INFO - a2 27 0b 08 b2 f6 7d 4b
INFO - a2 27 4b 10 47 a8 79 99
INFO - a2 27 8b 18 00 01 86 a0
INFO - a2 29 cb 08 b2 f6 7e 0d
INFO - a2 29 0b 10 47 a8 79 d5
INFO - a2 29 4b 18 00 01 86 a0
INFO - a2 2b 8b 08 b2 f6 7e c9
INFO - a2 2b cb 10 47 a8 7a 18
INFO - a2 2b 0b 18 00 01 86 a0
INFO - a2 2d 4b 08 b2 f6 7f 8c
INFO - a2 2d 8b 10 47 a8 7a 55
INFO - a2 2d cb 18 00 01 86 a0
INFO - a2 2f 0b 08 b2 f6 80 4e
INFO - a2 2f 4b 10 47 a8 7a 98
INFO - a2 2f 8b 18 00 01 86 a0
INFO - a2 31 cb 08 b2 f6 81 10
INFO - a2 31 0b 10 47 a8 7a d4
INFO - a2 31 4b 18 00 01 86 a0
INFO - a2 33 8b 08 b2 f6 81 d3
INFO - a2 33 cb 10 47 a8 7b 17
INFO - a2 33 0b 18 00 01 86 a0
INFO - a2 35 4b 08 b2 f6 82 95
INFO - a2 35 8b 10 47 a8 7b 53
INFO - a2 35 cb 18 00 01 86 a0
INFO - a2 37 0b 08 b2 f6 83 58
INFO - a2 37 4b 10 47 a8 7b 96
INFO - a2 37 8b 18 00 01 86 a0
INFO - a2 39 cb 08 b2 f6 84 1a
INFO - a2 39 0b 10 47 a8 7b d3
INFO - a2 39 4b 18 00 01 86 a0
INFO - a2 3b 8b 08 b2 f6 84 dd
INFO - a2 3b cb 10 47 a8 7c 16
INFO - a2 3b 0b 18 00 01 86 a0
INFO - a2 3d 4b 08 b2 f6 85 99
INFO - a2 3d 8b 10 47 a8 7c 52
INFO - a2 3d cb 18 00 01 86 a0
INFO - a2 3f 0b 08 b2 f6 86 62
INFO - a2 3f 4b 10 47 a8 7c 95
INFO - a2 3f 8b 18 00 01 86 a0
INFO - a2 40 cb 08 b2 f6 86 9e
INFO - a2 40 0b 10 47 a8 7c a9
INFO - a2 40 4b 18 00 01 86 a0
INFO - a2 40 8b 08 b2 f6 86 9e
INFO - a2 40 cb 10 47 a8 7c a9
INFO - a2 40 0b 18 00 01 86 a0
INFO - a2 41 4b 08 b2 f6 87 1d
INFO - a2 41 8b 10 47 a8 7c d2
INFO - a2 41 cb 18 00 01 86 a0
INFO - a2 43 0b 08 b2 f6 87 e0
INFO - a2 43 4b 10 47 a8 7d 15
INFO - a2 43 8b 18 00 01 86 a0
INFO - a2 45 cb 08 b2 f6 88 a2
INFO - a2 45 0b 10 47 a8 7d 51
INFO - a2 45 4b 18 00 01 86 a0
INFO - a2 47 8b 08 b2 f6 89 65
INFO - a2 47 cb 10 47 a8 7d 94
INFO - a2 47 0b 18 00 01 86 a0
INFO - a2 49 4b 08 b2 f6 8a 27
INFO - a2 49 8b 10 47 a8 7d d0
INFO - a2 49 cb 18 00 01 86 a0
INFO - a2 4b 0b 08 b2 f6 8a ea
INFO - a2 4b 4b 10 47 a8 7e 13
INFO - a2 4b 8b 18 00 01 86 a0
INFO - a2 4d cb 08 b2 f6 8b ac
INFO - a2 4d 0b 10 47 a8 7e 56
INFO - a2 4d 4b 18 00 01 86 a0
INFO - a2 4f 8b 08 b2 f6 8c 6f
INFO - a2 4f cb 10 47 a8 7e 93
INFO - a2 4f 0b 18 00 01 86 a0
INFO - a2 51 4b 08 b2 f6 8d 31
INFO - a2 51 8b 10 47 a8 7e d6
INFO - a2 51 cb 18 00 01 86 a0
INFO - a2 53 0b 08 b2 f6 8d ed
INFO - a2 53 4b 10 47 a8 7f 19
INFO - a2 53 8b 18 00 01 86 a0
INFO - a2 55 cb 08 b2 f6 8e af
INFO - a2 55 0b 10 47 a8 7f 55
INFO - a2 55 4b 18 00 01 86 a0
INFO - a2 57 8b 08 b2 f6 8f 72
INFO - a2 57 cb 10 47 a8 7f 98
INFO - a2 57 0b 18 00 01 86 a0
INFO - a2 59 4b 08 b2 f6 90 34
INFO - a2 59 8b 10 47 a8 7f db
INFO - a2 59 cb 18 00 01 86 a0
INFO - a2 5b 0b 08 b2 f6 90 f0
INFO - a2 5b 4b 10 47 a8 80 18
INFO - a2 5b 8b 18 00 01 86 a0
INFO - a2 5d cb 08 b2 f6 91 b2
INFO - a2 5d 0b 10 47 a8 80 5b
INFO - a2 5d 4b 18 00 01 86 a0
INFO - a2 5f 8b 08 b2 f6 92 75
INFO - a2 5f cb 10 47 a8 80 9e
INFO - a2 5f 0b 18 00 01 86 a0
INFO - a2 61 4b 08 b2 f6 93 37
INFO - a2 61 8b 10 47 a8 80 e1
INFO - a2 61 cb 18 00 01 86 a0
INFO - a2 63 0b 08 b2 f6 93 fa
INFO - a2 63 4b 10 47 a8 81 1d
INFO - a2 63 8b 18 00 01 86 a0
INFO - a2 65 cb 08 b2 f6 94 b6
INFO - a2 65 0b 10 47 a8 81 60
INFO - a2 65 4b 18 00 01 86 a0
INFO - a2 67 8b 08 b2 f6 95 78
INFO - a2 67 cb 10 47 a8 81 a3
INFO - a2 67 0b 18 00 01 86 a0
INFO - a2 69 4b 08 b2 f6 96 3b
INFO - a2 69 8b 10 47 a8 81 e0
INFO - a2 69 cb 18 00 01 86 a0
INFO - a2 6b 0b 08 b2 f6 96 fd
INFO - a2 6b 4b 10 47 a8 82 23
INFO - a2 6b 8b 18 00 01 86 a0
INFO - a2 6d cb 08 b2 f6 97 b9
INFO - a2 6d 0b 10 47 a8 82 66
INFO - a2 6d 4b 18 00 01 86 a0
INFO - a2 6f 8b 08 b2 f6 98 7b
INFO - a2 6f cb 10 47 a8 82 a9
INFO - a2 6f 0b 18 00 01 86 a0
INFO - a2 71 4b 08 b2 f6 99 3e
INFO - a2 71 8b 10 47 a8 82 e5
INFO - a2 71 cb 18 00 01 86 a0
INFO - a2 73 0b 08 b2 f6 9a 00
INFO - a2 73 4b 10 47 a8 83 28
INFO - a2 73 8b 18 00 01 86 a0
INFO - a2 75 cb 08 b2 f6 9a bc
INFO - a2 75 0b 10 47 a8 83 6b
INFO - a2 75 4b 18 00 01 86 a0
INFO - a2 77 8b 08 b2 f6 9b 7e
INFO - a2 77 cb 10 47 a8 83 a8
INFO - a2 77 0b 18 00 01 86 a0
INFO - a2 79 4b 08 b2 f6 9c 41
INFO - a2 79 8b 10 47 a8 83 eb
INFO - a2 79 cb 18 00 01 86 a0
INFO - a2 7b 0b 08 b2 f6 9d 03
INFO - a2 7b 4b 10 47 a8 84 2e
INFO - a2 7b 8b 18 00 01 86 a0
INFO - a2 7d cb 08 b2 f6 9d c6
INFO - a2 7d 0b 10 47 a8 84 71
INFO - a2 7d 4b 18 00 01 86 a0
INFO - a2 7f 8b 08 b2 f6 9e 88
INFO - a2 7f cb 10 47 a8 84 b4
INFO - a2 7f 0b 18 00 01 86 a0
INFO - a2 81 4b 08 b2 f6 9f 44
INFO - a2 81 8b 10 47 a8 84 f0
INFO - a2 81 cb 18 00 01 86 a0
INFO - a2 83 0b 08 b2 f6 a0 06
INFO - a2 83 4b 10 47 a8 85 33
INFO - a2 83 8b 18 00 01 86 a0
INFO - a2 85 cb 08 b2 f6 a0 c9
INFO - a2 85 0b 10 47 a8 85 76
INFO - a2 85 4b 18 00 01 86 a0
INFO - a2 87 8b 08 b2 f6 a1 8b
INFO - a2 87 cb 10 47 a8 85 b9
INFO - a2 87 0b 18 00 01 86 a0
INFO - a2 89 4b 08 b2 f6 a2 4e
INFO - a2 89 8b 10 47 a8 85 fc
INFO - a2 89 cb 18 00 01 86 a0
INFO - a2 8b 0b 08 b2 f6 a3 0a
INFO - a2 8b 4b 10 47 a8 86 40
INFO - a2 8b 8b 18 00 01 86 a0
INFO - a2 8d cb 08 b2 f6 a3 cc
INFO - a2 8d 0b 10 47 a8 86 7c
INFO - a2 8d 4b 18 00 01 86 a0
INFO - a2 8f 8b 08 b2 f6 a4 8e
INFO - a2 8f cb 10 47 a8 86 bf
INFO - a2 8f 0b 18 00 01 86 a0
INFO - a2 91 4b 08 b2 f6 a5 51
INFO - a2 91 8b 10 47 a8 87 02
INFO - a2 91 cb 18 00 01 86 a0
INFO - a2 93 0b 08 b2 f6 a6 13
INFO - a2 93 4b 10 47 a8 87 45
INFO - a2 93 8b 18 00 01 86 a0
INFO - a2 95 cb 08 b2 f6 a6 d6
INFO - a2 95 0b 10 47 a8 87 88
INFO - a2 95 4b 18 00 01 86 a0
INFO - a2 97 8b 08 b2 f6 a7 92
INFO - a2 97 cb 10 47 a8 87 c4
INFO - a2 97 0b 18 00 01 86 a0
INFO - a2 99 4b 08 b2 f6 a8 54
INFO - a2 99 8b 10 47 a8 88 08
INFO - a2 99 cb 18 00 01 86 a0
INFO - a2 9b 0b 08 b2 f6 a9 16
INFO - a2 9b 4b 10 47 a8 88 4b
INFO - a2 9b 8b 18 00 01 86 a0
INFO - a2 9d cb 08 b2 f6 a9 e6
INFO - a2 9d 0b 10 47 a8 88 8e
INFO - a2 9d 4b 18 00 01 86 a0
INFO - a2 9d 8b 08 b2 f6 a9 e6
INFO - a2 9d cb 10 47 a8 88 8e
INFO - a2 9d 0b 18 00 01 86 a0
INFO - a2 9f 4b 08 b2 f6 aa a9
INFO - a2 9f 8b 10 47 a8 88 d1
INFO - a2 9f cb 18 00 01 86 a0
INFO - a2 a1 0b 08 b2 f6 ab 6b
INFO - a2 a1 4b 10 47 a8 89 14
INFO - a2 a1 8b 18 00 01 86 a0
INFO - a2 a3 cb 08 b2 f6 ac 2e
INFO - a2 a3 0b 10 47 a8 89 57
INFO - a2 a3 4b 18 00 01 86 a0
INFO - a2 a5 8b 08 b2 f6 ac e9
INFO - a2 a5 cb 10 47 a8 89 93
INFO - a2 a5 0b 18 00 01 86 a0
INFO - a2 a7 4b 08 b2 f6 ad ac
INFO - a2 a7 8b 10 47 a8 89 d6
INFO - a2 a7 cb 18 00 01 86 a0
INFO - a2 a9 0b 08 b2 f6 ae 6e
INFO - a2 a9 4b 10 47 a8 8a 19
INFO - a2 a9 8b 18 00 01 86 a0
INFO - a2 ab cb 08 b2 f6 af 31
INFO - a2 ab 0b 10 47 a8 8a 5c
INFO - a2 ab 4b 18 00 01 86 a0
INFO - a2 ad 8b 08 b2 f6 af f3
INFO - a2 ad cb 10 47 a8 8a 9f
INFO - a2 ad 0b 18 00 01 86 a0
INFO - a2 af 4b 08 b2 f6 b0 b6
INFO - a2 af 8b 10 47 a8 8a dc
INFO - a2 af cb 18 00 01 86 a0
INFO - a2 b1 0b 08 b2 f6 b1 78
INFO - a2 b1 4b 10 47 a8 8b 1f
INFO - a2 b1 8b 18 00 01 86 a0
INFO - a2 b3 cb 08 b2 f6 b2 3b
INFO - a2 b3 0b 10 47 a8 8b 62
INFO - a2 b3 4b 18 00 01 86 a0
INFO - a2 b5 8b 08 b2 f6 b2 fd
INFO - a2 b5 cb 10 47 a8 8b a5
INFO - a2 b5 0b 18 00 01 86 a0
INFO - a2 b7 4b 08 b2 f6 b3 b9
INFO - a2 b7 8b 10 47 a8 8b e8
INFO - a2 b7 cb 18 00 01 86 a0
INFO - a2 b9 0b 08 b2 f6 b4 7b
INFO - a2 b9 4b 10 47 a8 8c 24
INFO - a2 b9 8b 18 00 01 86 a0
INFO - a2 bb cb 08 b2 f6 b5 3e
INFO - a2 bb 0b 10 47 a8 8c 67
INFO - a2 bb 4b 18 00 01 86 a0
INFO - a2 bd 8b 08 b2 f6 b6 00
INFO - a2 bd cb 10 47 a8 8c aa
INFO - a2 bd 0b 18 00 01 86 a0
INFO - a2 bf 4b 08 b2 f6 b6 c3
INFO - a2 bf 8b 10 47 a8 8c ed
INFO - a2 bf cb 18 00 01 86 a0
INFO - a2 c1 0b 08 b2 f6 b7 85
INFO - a2 c1 4b 10 47 a8 8d 2a
INFO - a2 c1 8b 18 00 01 86 a0
INFO - a2 c3 cb 08 b2 f6 b8 48
INFO - a2 c3 0b 10 47 a8 8d 6d
INFO - a2 c3 4b 18 00 01 86 a0
INFO - a2 c5 8b 08 b2 f6 b9 0a
INFO - a2 c5 cb 10 47 a8 8d b0
INFO - a2 c5 0b 18 00 01 86 a0
INFO - a2 c7 4b 08 b2 f6 b9 cd
INFO - a2 c7 8b 10 47 a8 8d f3
INFO - a2 c7 cb 18 00 01 86 a0
INFO - a2 c9 0b 08 b2 f6 ba 8f
INFO - a2 c9 4b 10 47 a8 8e 36
INFO - a2 c9 8b 18 00 01 86 a0
INFO - a2 cb cb 08 b2 f6 bb 52
INFO - a2 cb 0b 10 47 a8 8e 79
INFO - a2 cb 4b 18 00 01 86 a0
INFO - a2 cd 8b 08 b2 f6 bc 0d
INFO - a2 cd cb 10 47 a8 8e bc
INFO - a2 cd 0b 18 00 01 86 a0
INFO - a2 cf 4b 08 b2 f6 bc d6
INFO - a2 cf 8b 10 47 a8 8e f8
INFO - a2 cf cb 18 00 01 86 a0
INFO - a2 d1 0b 08 b2 f6 bd 99
INFO - a2 d1 4b 10 47 a8 8f 3c
INFO - a2 d1 8b 18 00 01 86 a0
INFO - a2 d3 cb 08 b2 f6 be 55
INFO - a2 d3 0b 10 47 a8 8f 7f
INFO - a2 d3 4b 18 00 01 86 a0
INFO - a2 d5 8b 08 b2 f6 bf 17
INFO - a2 d5 cb 10 47 a8 8f c2
INFO - a2 d5 0b 18 00 01 86 a0
INFO - a2 d7 4b 08 b2 f6 bf da
INFO - a2 d7 8b 10 47 a8 90 05
INFO - a2 d7 cb 18 00 01 86 a0
INFO - a2 d9 0b 08 b2 f6 c0 9c
INFO - a2 d9 4b 10 47 a8 90 48
INFO - a2 d9 8b 18 00 01 86 a0
INFO - a2 db cb 08 b2 f6 c1 5f
INFO - a2 db 0b 10 47 a8 90 84
INFO - a2 db 4b 18 00 01 86 a0
INFO - a2 dd 8b 08 b2 f6 c2 21
INFO - a2 dd cb 10 47 a8 90 c7
INFO - a2 dd 0b 18 00 01 86 a0
INFO - a2 df 4b 08 b2 f6 c2 e3
INFO - a2 df 8b 10 47 a8 91 0a
INFO - a2 df cb 18 00 01 86 a0
INFO - a2 e1 0b 08 b2 f6 c3 a6
INFO - a2 e1 4b 10 47 a8 91 4d
INFO - a2 e1 8b 18 00 01 86 a0
INFO - a2 e3 cb 08 b2 f6 c4 68
INFO - a2 e3 0b 10 47 a8 91 90
INFO - a2 e3 4b 18 00 01 86 a0
INFO - a2 e5 8b 08 b2 f6 c5 2b
INFO - a2 e5 cb 10 47 a8 91 cd
INFO - a2 e5 0b 18 00 01 86 a0
INFO - a2 e7 4b 08 b2 f6 c5 ed
INFO - a2 e7 8b 10 47 a8 92 10
INFO - a2 e7 cb 18 00 01 86 a0
INFO - a2 e9 0b 08 b2 f6 c6 b0
INFO - a2 e9 4b 10 47 a8 92 53
INFO - a2 e9 8b 18 00 01 86 a0
INFO - a2 eb cb 08 b2 f6 c7 6b
INFO - a2 eb 0b 10 47 a8 92 96
INFO - a2 eb 4b 18 00 01 86 a0
INFO - a2 ed 8b 08 b2 f6 c8 2e
INFO - a2 ed cb 10 47 a8 92 d9
INFO - a2 ed 0b 18 00 01 86 a0
INFO - a2 ef 4b 08 b2 f6 c8 f0
INFO - a2 ef 8b 10 47 a8 93 15
INFO - a2 ef cb 18 00 01 86 a0
INFO - a2 f1 0b 08 b2 f6 c9 b3
INFO - a2 f1 4b 10 47 a8 93 58
INFO - a2 f1 8b 18 00 01 86 a0
INFO - a2 f3 cb 08 b2 f6 ca 75
INFO - a2 f3 0b 10 47 a8 93 9b
INFO - a2 f3 4b 18 00 01 86 a0
INFO - a2 f5 8b 08 b2 f6 cb 38
INFO - a2 f5 cb 10 47 a8 93 de
INFO - a2 f5 0b 18 00 01 86 a0
INFO - a2 f7 4b 08 b2 f6 cb f4
INFO - a2 f7 8b 10 47 a8 94 1b
INFO - a2 f7 cb 18 00 01 86 a0
INFO - a2 f9 0b 08 b2 f6 cc b6
INFO - a2 f9 4b 10 47 a8 94 5e
INFO - a2 f9 8b 18 00 01 86 a0
INFO - a2 fb cb 08 b2 f6 cd 78
INFO - a2 fb 0b 10 47 a8 94 a1
INFO - a2 fb 4b 18 00 01 86 a0
INFO - a2 fd 8b 08 b2 f6 ce 3b
INFO - a2 fd cb 10 47 a8 94 dd
INFO - a2 fd 0b 18 00 01 86 a0
INFO - a2 ff 4b 08 b2 f6 ce fd
INFO - a2 ff 8b 10 47 a8 95 20
INFO - a2 ff cb 18 00 01 86 a0
INFO - a3 01 0b 08 b2 f6 cf b9
INFO - a3 01 4b 10 47 a8 95 63
INFO - a3 01 8b 18 00 01 86 a0
INFO - a3 03 cb 08 b2 f6 d0 7c
INFO - a3 03 0b 10 47 a8 95 a6
INFO - a3 03 4b 18 00 01 86 a0
INFO - a3 05 8b 08 b2 f6 d1 3e
INFO - a3 05 cb 10 47 a8 95 e3
INFO - a3 05 0b 18 00 01 86 a0
INFO - a3 07 4b 08 b2 f6 d2 01
INFO - a3 07 8b 10 47 a8 96 26
INFO - a3 07 cb 18 00 01 86 a0
INFO - a3 09 0b 08 b2 f6 d2 c3
INFO - a3 09 4b 10 47 a8 96 69
INFO - a3 09 8b 18 00 01 86 a0
INFO - a3 0b cb 08 b2 f6 d3 85
INFO - a3 0b 0b 10 47 a8 96 ac
INFO - a3 0b 4b 18 00 01 86 a0
INFO - a3 0d 8b 08 b2 f6 d4 41
INFO - a3 0d cb 10 47 a8 96 e8
INFO - a3 0d 0b 18 00 01 86 a0
INFO - a3 0f 4b 08 b2 f6 d5 04
INFO - a3 0f 8b 10 47 a8 97 2b
INFO - a3 0f cb 18 00 01 86 a0
INFO - a3 11 0b 08 b2 f6 d5 c6
INFO - a3 11 4b 10 47 a8 97 6e
INFO - a3 11 8b 18 00 01 86 a0
INFO - a3 13 cb 08 b2 f6 d6 89
INFO - a3 13 0b 10 47 a8 97 b1
INFO - a3 13 4b 18 00 01 86 a0
INFO - a3 15 8b 08 b2 f6 d7 4b
INFO - a3 15 cb 10 47 a8 97 ee
INFO - a3 15 0b 18 00 01 86 a0
INFO - a3 17 4b 08 b2 f6 d8 0d
INFO - a3 17 8b 10 47 a8 98 31
INFO - a3 17 cb 18 00 01 86 a0
INFO - a3 19 0b 08 b2 f6 d8 d0
INFO - a3 19 4b 10 47 a8 98 74
INFO - a3 19 8b 18 00 01 86 a0
INFO - a3 1b cb 08 b2 f6 d9 92
INFO - a3 1b 0b 10 47 a8 98 b0
INFO - a3 1b 4b 18 00 01 86 a0
INFO - a3 1d 8b 08 b2 f6 da 55
INFO - a3 1d cb 10 47 a8 98 f3
INFO - a3 1d 0b 18 00 01 86 a0
INFO - a3 1f 4b 40 57 00 00 02
INFO - a3 1f 8b 40 57 00 00 02
INFO - a3 1f cb 40 57 00 00 02
INFO - a3 1f 0b 40 57 00 00 02
INFO - a3 1f 4b 08 b2 f6 db 11
INFO - a3 1f 8b 10 47 a8 99 36
INFO - a3 1f cb 18 00 01 86 a0
INFO - a3 21 0b 08 b2 f6 db d3
INFO - a3 21 4b 10 47 a8 99 73
INFO - a3 21 8b 18 00 01 86 a0
INFO - a3 23 cb 08 b2 f6 dc 96
INFO - a3 23 0b 10 47 a8 99 b6
INFO - a3 23 4b 18 00 01 86 a0
INFO - a3 25 8b 08 b2 f6 dd 58
INFO - a3 25 cb 10 47 a8 99 f9
INFO - a3 25 0b 18 00 01 86 a0
INFO - a3 27 4b 08 b2 f6 de 1a
INFO - a3 27 8b 10 47 a8 9a 3c
INFO - a3 27 cb 18 00 01 86 a0
INFO - a3 29 0b 08 b2 f6 de dd
INFO - a3 29 4b 10 47 a8 9a 78
INFO - a3 29 8b 18 00 01 86 a0
INFO - a3 2a cb 08 b2 f6 df 20
INFO - a3 2a 0b 10 47 a8 9a 93
INFO - a3 2a 4b 18 00 01 86 a0
INFO - a3 2a 8b 08 b2 f6 df 20
INFO - a3 2a cb 10 47 a8 9a 93
INFO - a3 2a 0b 18 00 01 86 a0
INFO - a3 2c 4b 08 b2 f6 df e9
INFO - a3 2c 8b 10 47 a8 9a d6
INFO - a3 2c cb 18 00 01 86 a0
INFO - a3 2e 0b 08 b2 f6 e0 a5
INFO - a3 2e 4b 10 47 a8 9b 12
INFO - a3 2e 8b 18 00 01 86 a0
INFO - a3 30 cb 08 b2 f6 e1 67
INFO - a3 30 0b 10 47 a8 9b 55
INFO - a3 30 4b 18 00 01 86 a0
INFO - a3 32 8b 08 b2 f6 e2 2a
INFO - a3 32 cb 10 47 a8 9b 99
INFO - a3 32 0b 18 00 01 86 a0
INFO - a3 34 4b 08 b2 f6 e2 ec
INFO - a3 34 8b 10 47 a8 9b dc
INFO - a3 34 cb 18 00 01 86 a0
INFO - a3 36 0b 08 b2 f6 e3 af
INFO - a3 36 4b 10 47 a8 9c 1f
INFO - a3 36 8b 18 00 01 86 a0
INFO - a3 38 cb 08 b2 f6 e4 71
INFO - a3 38 0b 10 47 a8 9c 5b
INFO - a3 38 4b 18 00 01 86 a0
INFO - a3 3a 8b 08 b2 f6 e5 34
INFO - a3 3a cb 10 47 a8 9c 9e
INFO - a3 3a 0b 18 00 01 86 a0
INFO - a3 3c 4b 08 b2 f6 e5 f6
INFO - a3 3c 8b 10 47 a8 9c e1
INFO - a3 3c cb 18 00 01 86 a0
INFO - a3 3e 0b 08 b2 f6 e6 b9
INFO - a3 3e 4b 10 47 a8 9d 1d
INFO - a3 3e 8b 18 00 01 86 a0
INFO - a3 40 cb 08 b2 f6 e7 7b
INFO - a3 40 0b 10 47 a8 9d 61
INFO - a3 40 4b 18 00 01 86 a0
INFO - a3 42 8b 08 b2 f6 e8 37
INFO - a3 42 cb 10 47 a8 9d a4
INFO - a3 42 0b 18 00 01 86 a0
INFO - a3 44 4b 08 b2 f6 e8 f9
INFO - a3 44 8b 10 47 a8 9d e7
INFO - a3 44 cb 18 00 01 86 a0
INFO - a3 46 0b 08 b2 f6 e9 bc
INFO - a3 46 4b 10 47 a8 9e 23
INFO - a3 46 8b 18 00 01 86 a0
INFO - a3 48 cb 08 b2 f6 ea 7e
INFO - a3 48 0b 10 47 a8 9e 66
INFO - a3 48 4b 18 00 01 86 a0
INFO - a3 4a 8b 08 b2 f6 eb 41
INFO - a3 4a cb 10 47 a8 9e a9
INFO - a3 4a 0b 18 00 01 86 a0
INFO - a3 4c 4b 08 b2 f6 ec 03
INFO - a3 4c 8b 10 47 a8 9e ec
INFO - a3 4c cb 18 00 01 86 a0
INFO - a3 4e 0b 08 b2 f6 ec c6
INFO - a3 4e 4b 10 47 a8 9f 2f
INFO - a3 4e 8b 18 00 01 86 a0
INFO - a3 50 cb 08 b2 f6 ed 88
INFO - a3 50 0b 10 47 a8 9f 6c
INFO - a3 50 4b 18 00 01 86 a0
INFO - a3 52 8b 08 b2 f6 ee 4a
INFO - a3 52 cb 10 47 a8 9f af
INFO - a3 52 0b 18 00 01 86 a0
INFO - a3 54 4b 08 b2 f6 ef 0d
INFO - a3 54 8b 10 47 a8 9f f2
INFO - a3 54 cb 18 00 01 86 a0
INFO - a3 56 0b 08 b2 f6 ef c9
INFO - a3 56 4b 10 47 a8 a0 35
INFO - a3 56 8b 18 00 01 86 a0
INFO - a3 58 cb 08 b2 f6 f0 8b
INFO - a3 58 0b 10 47 a8 a0 71
INFO - a3 58 4b 18 00 01 86 a0
INFO - a3 5a 8b 08 b2 f6 f1 4e
INFO - a3 5a cb 10 47 a8 a0 b4
INFO - a3 5a 0b 18 00 01 86 a0
INFO - a3 5c 4b 08 b2 f6 f2 10
INFO - a3 5c 8b 10 47 a8 a0 f7
INFO - a3 5c cb 18 00 01 86 a0
INFO - a3 5e 0b 08 b2 f6 f2 d3
INFO - a3 5e 4b 10 47 a8 a1 3a
INFO - a3 5e 8b 18 00 01 86 a0
INFO - a3 60 cb 08 b2 f6 f3 95
INFO - a3 60 0b 10 47 a8 a1 77
INFO - a3 60 4b 18 00 01 86 a0
INFO - a3 62 8b 08 b2 f6 f4 57
INFO - a3 62 cb 10 47 a8 a1 ba
INFO - a3 62 0b 18 00 01 86 a0
INFO - a3 64 4b 08 b2 f6 f5 13
INFO - a3 64 8b 10 47 a8 a1 fd
INFO - a3 64 cb 18 00 01 86 a0
INFO - a3 66 0b 08 b2 f6 f5 d6
INFO - a3 66 4b 10 47 a8 a2 40
INFO - a3 66 8b 18 00 01 86 a0
INFO - a3 68 cb 08 b2 f6 f6 98
INFO - a3 68 0b 10 47 a8 a2 7c
INFO - a3 68 4b 18 00 01 86 a0
INFO - a3 6a 8b 08 b2 f6 f7 5b
INFO - a3 6a cb 10 47 a8 a2 bf
INFO - a3 6a 0b 18 00 01 86 a0
INFO - a3 6c 4b 08 b2 f6 f8 1d
INFO - a3 6c 8b 10 47 a8 a3 02
INFO - a3 6c cb 18 00 01 86 a0
INFO - a3 6e 0b 08 b2 f6 f8 b7
INFO - a3 6e 4b 10 47 a8 a3 38
INFO - a3 6e 8b 18 00 01 86 a0
INFO - a3 6e cb 08 b2 f6 f8 b7
INFO - a3 6e 0b 10 47 a8 a3 38
INFO - a3 6e 4b 18 00 01 86 a0
INFO - a3 70 8b 08 b2 f6 f9 a2
INFO - a3 70 cb 10 47 a8 a3 82
INFO - a3 70 0b 18 00 01 86 a0
INFO - a3 72 4b 08 b2 f6 fa 64
INFO - a3 72 8b 10 47 a8 a3 c5
INFO - a3 72 cb 18 00 01 86 a0
INFO - a3 74 0b 08 b2 f6 fb 27
INFO - a3 74 4b 10 47 a8 a4 08
INFO - a3 74 8b 18 00 01 86 a0
INFO - a3 76 cb 08 b2 f6 fb e9
INFO - a3 76 0b 10 47 a8 a4 4b
INFO - a3 76 4b 18 00 01 86 a0
INFO - a3 78 8b 08 b2 f6 fc a5
INFO - a3 78 cb 10 47 a8 a4 87
INFO - a3 78 0b 18 00 01 86 a0
INFO - a3 7a 4b 08 b2 f6 fd 68
INFO - a3 7a 8b 10 47 a8 a4 ca
INFO - a3 7a cb 18 00 01 86 a0
INFO - a3 7c 0b 08 b2 f6 fe 2a
INFO - a3 7c 4b 10 47 a8 a5 0d
INFO - a3 7c 8b 18 00 01 86 a0
INFO - a3 7e cb 08 b2 f6 fe ec
INFO - a3 7e 0b 10 47 a8 a5 50
INFO - a3 7e 4b 18 00 01 86 a0
INFO - a3 80 8b 08 b2 f6 ff af
INFO - a3 80 cb 10 47 a8 a5 8d
INFO - a3 80 0b 18 00 01 86 a0
INFO - a3 82 4b 08 b2 f7 00 71
INFO - a3 82 8b 10 47 a8 a5 d0
INFO - a3 82 cb 18 00 01 86 a0
INFO - a3 84 0b 08 b2 f7 01 34
INFO - a3 84 4b 10 47 a8 a6 13
INFO - a3 84 8b 18 00 01 86 a0
INFO - a3 86 cb 08 b2 f7 01 f0
INFO - a3 86 0b 10 47 a8 a6 56
INFO - a3 86 4b 18 00 01 86 a0
INFO - a3 88 8b 08 b2 f7 02 b2
INFO - a3 88 cb 10 47 a8 a6 92
INFO - a3 88 0b 18 00 01 86 a0
INFO - a3 8a 4b 08 b2 f7 03 75
INFO - a3 8a 8b 10 47 a8 a6 d5
INFO - a3 8a cb 18 00 01 86 a0
INFO - a3 8c 0b 08 b2 f7 04 37
INFO - a3 8c 4b 10 47 a8 a7 18
INFO - a3 8c 8b 18 00 01 86 a0
INFO - a3 8e cb 08 b2 f7 04 f9
INFO - a3 8e 0b 10 47 a8 a7 5b
INFO - a3 8e 4b 18 00 01 86 a0
INFO - a3 90 8b 08 b2 f7 05 bc
INFO - a3 90 cb 10 47 a8 a7 9e
INFO - a3 90 0b 18 00 01 86 a0
INFO - a3 92 4b 08 b2 f7 06 7e
INFO - a3 92 8b 10 47 a8 a7 db
INFO - a3 92 cb 18 00 01 86 a0
INFO - a3 94 0b 08 b2 f7 07 3a
INFO - a3 94 4b 10 47 a8 a8 1e
INFO - a3 94 8b 18 00 01 86 a0
INFO - a3 96 cb 08 b2 f7 07 fd
INFO - a3 96 0b 10 47 a8 a8 61
INFO - a3 96 4b 18 00 01 86 a0
INFO - a3 98 8b 08 b2 f7 08 bf
INFO - a3 98 cb 10 47 a8 a8 a4
INFO - a3 98 0b 18 00 01 86 a0
INFO - a3 9a 4b 08 b2 f7 09 82
INFO - a3 9a 8b 10 47 a8 a8 e7
INFO - a3 9a cb 18 00 01 86 a0
INFO - a3 9c 0b 08 b2 f7 0a 44
INFO - a3 9c 4b 10 47 a8 a9 23
INFO - a3 9c 8b 18 00 01 86 a0
INFO - a3 9e cb 08 b2 f7 0b 06
INFO - a3 9e 0b 10 47 a8 a9 66
INFO - a3 9e 4b 18 00 01 86 a0
INFO - a3 a0 8b 08 b2 f7 0b c9
INFO - a3 a0 cb 10 47 a8 a9 a9
INFO - a3 a0 0b 18 00 01 86 a0
INFO - a3 a2 4b 08 b2 f7 0c 8b
INFO - a3 a2 8b 10 47 a8 a9 ec
INFO - a3 a2 cb 18 00 01 86 a0
INFO - a3 a3 0b 08 b2 f7 0c c1
INFO - a3 a3 4b 10 47 a8 a9 fa
INFO - a3 a3 8b 18 00 01 86 a0
INFO - a3 a3 cb 08 b2 f7 0c c1
INFO - a3 a3 0b 10 47 a8 a9 fa
INFO - a3 a3 4b 18 00 01 86 a0
INFO - a3 a5 8b 08 b2 f7 0d 83
INFO - a3 a5 cb 10 47 a8 aa 3d
INFO - a3 a5 0b 18 00 01 86 a0
INFO - a3 a7 4b 08 b2 f7 0e 46
INFO - a3 a7 8b 10 47 a8 aa 80
INFO - a3 a7 cb 18 00 01 86 a0
INFO - a3 a9 0b 08 b2 f7 0f 08
INFO - a3 a9 4b 10 47 a8 aa c3
INFO - a3 a9 8b 18 00 01 86 a0
INFO - a3 ab cb 08 b2 f7 0f cb
INFO - a3 ab 0b 10 47 a8 ab 06
INFO - a3 ab 4b 18 00 01 86 a0
INFO - a3 ad 8b 08 b2 f7 10 87
INFO - a3 ad cb 10 47 a8 ab 42
INFO - a3 ad 0b 18 00 01 86 a0
INFO - a3 af 4b 08 b2 f7 11 49
INFO - a3 af 8b 10 47 a8 ab 86
INFO - a3 af cb 18 00 01 86 a0
INFO - a3 b1 0b 08 b2 f7 12 0c
INFO - a3 b1 4b 10 47 a8 ab c9
INFO - a3 b1 8b 18 00 01 86 a0
INFO - a3 b3 cb 08 b2 f7 12 ce
INFO - a3 b3 0b 10 47 a8 ac 0c
INFO - a3 b3 4b 18 00 01 86 a0
INFO - a3 b5 8b 08 b2 f7 13 90
INFO - a3 b5 cb 10 47 a8 ac 4f
INFO - a3 b5 0b 18 00 01 86 a0
INFO - a3 b7 4b 08 b2 f7 14 53
INFO - a3 b7 8b 10 47 a8 ac 8b
INFO - a3 b7 cb 18 00 01 86 a0
INFO - a3 b9 0b 08 b2 f7 15 15
INFO - a3 b9 4b 10 47 a8 ac ce
INFO - a3 b9 8b 18 00 01 86 a0
INFO - a3 bb cb 08 b2 f7 15 d8
INFO - a3 bb 0b 10 47 a8 ad 11
INFO - a3 bb 4b 18 00 01 86 a0
INFO - a3 bd 8b 08 b2 f7 16 9a
INFO - a3 bd cb 10 47 a8 ad 54
INFO - a3 bd 0b 18 00 01 86 a0
INFO - a3 bf 4b 08 b2 f7 17 56
INFO - a3 bf 8b 10 47 a8 ad 97
INFO - a3 bf cb 18 00 01 86 a0
INFO - a3 c1 0b 08 b2 f7 18 18
INFO - a3 c1 4b 10 47 a8 ad da
INFO - a3 c1 8b 18 00 01 86 a0
INFO - a3 c3 cb 08 b2 f7 18 db
INFO - a3 c3 0b 10 47 a8 ae 17
INFO - a3 c3 4b 18 00 01 86 a0
INFO - a3 c5 8b 08 b2 f7 19 9d
INFO - a3 c5 cb 10 47 a8 ae 5a
INFO - a3 c5 0b 18 00 01 86 a0
INFO - a3 c7 4b 08 b2 f7 1a 60
INFO - a3 c7 8b 10 47 a8 ae 9d
INFO - a3 c7 cb 18 00 01 86 a0
INFO - a3 c9 0b 08 b2 f7 1b 22
INFO - a3 c9 4b 10 47 a8 ae e0
INFO - a3 c9 8b 18 00 01 86 a0
INFO - a3 cb cb 08 b2 f7 1b e5
INFO - a3 cb 0b 10 47 a8 af 1c
INFO - a3 cb 4b 18 00 01 86 a0
INFO - a3 cd 8b 08 b2 f7 1c a1
INFO - a3 cd cb 10 47 a8 af 5f
INFO - a3 cd 0b 18 00 01 86 a0
INFO - a3 cf 4b 08 b2 f7 1d 63
INFO - a3 cf 8b 10 47 a8 af a2
INFO - a3 cf cb 18 00 01 86 a0
INFO - a3 d1 0b 08 b2 f7 1e 25
INFO - a3 d1 4b 10 47 a8 af e5
INFO - a3 d1 8b 18 00 01 86 a0
INFO - a3 d3 cb 08 b2 f7 1e e8
INFO - a3 d3 0b 10 47 a8 b0 28
INFO - a3 d3 4b 18 00 01 86 a0
INFO - a3 d5 8b 08 b2 f7 1f aa
INFO - a3 d5 cb 10 47 a8 b0 6b
INFO - a3 d5 0b 18 00 01 86 a0
INFO - a3 d7 4b 08 b2 f7 20 6d
INFO - a3 d7 8b 10 47 a8 b0 a8
INFO - a3 d7 cb 18 00 01 86 a0
INFO - a3 d9 0b 08 b2 f7 21 29
INFO - a3 d9 4b 10 47 a8 b0 eb
INFO - a3 d9 8b 18 00 01 86 a0
INFO - a3 db cb 08 b2 f7 21 eb
INFO - a3 db 0b 10 47 a8 b1 2e
INFO - a3 db 4b 18 00 01 86 a0
INFO - a3 dd 8b 08 b2 f7 22 ae
INFO - a3 dd cb 10 47 a8 b1 71
INFO - a3 dd 0b 18 00 01 86 a0
INFO - a3 df 4b 08 b2 f7 23 70
INFO - a3 df 8b 10 47 a8 b1 b4
INFO - a3 df cb 18 00 01 86 a0
INFO - a3 e1 0b 08 b2 f7 24 32
INFO - a3 e1 4b 10 47 a8 b1 f0
INFO - a3 e1 8b 18 00 01 86 a0
INFO - a3 e3 cb 08 b2 f7 24 f5
INFO - a3 e3 0b 10 47 a8 b2 33
INFO - a3 e3 4b 18 00 01 86 a0
INFO - a3 e5 8b 08 b2 f7 25 b7
INFO - a3 e5 cb 10 47 a8 b2 76
INFO - a3 e5 0b 18 00 01 86 a0
INFO - a3 e7 4b 08 b2 f7 26 73
INFO - a3 e7 8b 10 47 a8 b2 ba
INFO - a3 e7 cb 18 00 01 86 a0
INFO - a3 e9 0b 08 b2 f7 27 36
INFO - a3 e9 4b 10 47 a8 b2 f6
INFO - a3 e9 8b 18 00 01 86 a0
INFO - a3 eb cb 08 b2 f7 27 f8
INFO - a3 eb 0b 10 47 a8 b3 39
INFO - a3 eb 4b 18 00 01 86 a0
INFO - a3 ed 8b 08 b2 f7 28 ba
INFO - a3 ed cb 10 47 a8 b3 7c
INFO - a3 ed 0b 18 00 01 86 a0
INFO - a3 ef 4b 08 b2 f7 29 7d
INFO - a3 ef 8b 10 47 a8 b3 bf
INFO - a3 ef cb 18 00 01 86 a0
INFO - a3 f1 0b 08 b2 f7 2a 3f
INFO - a3 f1 4b 10 47 a8 b4 02
INFO - a3 f1 8b 18 00 01 86 a0
INFO - a3 f3 cb 08 b2 f7 2a fb
INFO - a3 f3 0b 10 47 a8 b4 45
INFO - a3 f3 4b 18 00 01 86 a0
INFO - a3 f5 8b 08 b2 f7 2b be
INFO - a3 f5 cb 10 47 a8 b4 81
INFO - a3 f5 0b 18 00 01 86 a0
INFO - a3 f7 4b 08 b2 f7 2c 80
INFO - a3 f7 8b 10 47 a8 b4 c5
INFO - a3 f7 cb 18 00 01 86 a0
INFO - a3 f9 0b 08 b2 f7 2d 43
INFO - a3 f9 4b 10 47 a8 b5 08
INFO - a3 f9 8b 18 00 01 86 a0
INFO - a3 fb cb 08 b2 f7 2e 05
INFO - a3 fb 0b 10 47 a8 b5 4b
INFO - a3 fb 4b 18 00 01 86 a0
INFO - a3 fd 8b 08 b2 f7 2e c7
INFO - a3 fd cb 10 47 a8 b5 8e
INFO - a3 fd 0b 18 00 01 86 a0
INFO - a3 ff 4b 08 b2 f7 2f 83
INFO - a3 ff 8b 10 47 a8 b5 ca
INFO - a3 ff cb 18 00 01 86 a0
INFO - a4 01 0b 08 b2 f7 30 46
INFO - a4 01 4b 10 47 a8 b6 0d
INFO - a4 01 8b 18 00 01 86 a0
INFO - a4 03 cb 08 b2 f7 31 08
INFO - a4 03 0b 10 47 a8 b6 50
INFO - a4 03 4b 18 00 01 86 a0
INFO - a4 05 8b 08 b2 f7 31 cb
INFO - a4 05 cb 10 47 a8 b6 93
INFO - a4 05 0b 18 00 01 86 a0
INFO - a4 07 4b 08 b2 f7 32 8d
INFO - a4 07 8b 10 47 a8 b6 d0
INFO - a4 07 cb 18 00 01 86 a0
INFO - a4 09 0b 08 b2 f7 33 49
INFO - a4 09 4b 10 47 a8 b7 13
INFO - a4 09 8b 18 00 01 86 a0
INFO - a4 0b cb 08 b2 f7 34 0b
INFO - a4 0b 0b 10 47 a8 b7 56
INFO - a4 0b 4b 18 00 01 86 a0
INFO - a4 0d 8b 08 b2 f7 34 ce
INFO - a4 0d cb 10 47 a8 b7 99
INFO - a4 0d 0b 18 00 01 86 a0
INFO - a4 0f 4b 08 b2 f7 35 90
INFO - a4 0f 8b 10 47 a8 b7 dc
INFO - a4 0f cb 18 00 01 86 a0
INFO - a4 11 0b 08 b2 f7 36 53
INFO - a4 11 4b 10 47 a8 b8 18
INFO - a4 11 8b 18 00 01 86 a0
INFO - a4 13 cb 08 b2 f7 37 15
INFO - a4 13 0b 10 47 a8 b8 5b
INFO - a4 13 4b 18 00 01 86 a0
INFO - a4 15 8b 08 b2 f7 37 d1
INFO - a4 15 cb 10 47 a8 b8 9e
INFO - a4 15 0b 18 00 01 86 a0
INFO - a4 17 4b 08 b2 f7 38 93
INFO - a4 17 8b 10 47 a8 b8 e1
INFO - a4 17 cb 18 00 01 86 a0
INFO - a4 19 0b 08 b2 f7 39 56
INFO - a4 19 4b 10 47 a8 b9 24
INFO - a4 19 8b 18 00 01 86 a0
INFO - a4 1b cb 08 b2 f7 3a 18
INFO - a4 1b 0b 10 47 a8 b9 61
INFO - a4 1b 4b 18 00 01 86 a0
INFO - a4 1d 8b 08 b2 f7 3a db
INFO - a4 1d cb 10 47 a8 b9 a4
INFO - a4 1d 0b 18 00 01 86 a0
INFO - a4 1f 4b 08 b2 f7 3b 96
INFO - a4 1f 8b 10 47 a8 b9 e7
INFO - a4 1f cb 18 00 01 86 a0
INFO - a4 21 0b 08 b2 f7 3c 59
INFO - a4 21 4b 10 47 a8 ba 2a
INFO - a4 21 8b 18 00 01 86 a0
INFO - a4 21 cb 08 b2 f7 3c 8f
INFO - a4 21 0b 10 47 a8 ba 3e
INFO - a4 21 4b 18 00 01 86 a0
INFO - a4 21 8b 08 b2 f7 3c 8f
INFO - a4 21 cb 10 47 a8 ba 3e
INFO - a4 21 0b 18 00 01 86 a0
INFO - a4 23 4b 08 b2 f7 3d 51
INFO - a4 23 8b 10 47 a8 ba 81
INFO - a4 23 cb 18 00 01 86 a0
INFO - a4 25 0b 08 b2 f7 3e 13
INFO - a4 25 4b 10 47 a8 ba c4
INFO - a4 25 8b 18 00 01 86 a0
INFO - a4 27 cb 08 b2 f7 3e d6
INFO - a4 27 0b 10 47 a8 bb 00
INFO - a4 27 4b 18 00 01 86 a0
INFO - a4 29 8b 08 b2 f7 3f 98
INFO - a4 29 cb 10 47 a8 bb 44
INFO - a4 29 0b 18 00 01 86 a0
INFO - a4 2b 4b 08 b2 f7 40 5b
INFO - a4 2b 8b 10 47 a8 bb 87
INFO - a4 2b cb 18 00 01 86 a0
INFO - a4 2d 0b 08 b2 f7 41 1d
INFO - a4 2d 4b 10 47 a8 bb ca
INFO - a4 2d 8b 18 00 01 86 a0
INFO - a4 2f cb 08 b2 f7 41 e0
INFO - a4 2f 0b 10 47 a8 bc 06
INFO - a4 2f 4b 18 00 01 86 a0
INFO - a4 31 8b 08 b2 f7 42 9c
INFO - a4 31 cb 10 47 a8 bc 49
INFO - a4 31 0b 18 00 01 86 a0
INFO - a4 33 4b 08 b2 f7 43 5e
INFO - a4 33 8b 10 47 a8 bc 8c
INFO - a4 33 cb 18 00 01 86 a0
INFO - a4 35 0b 08 b2 f7 44 20
INFO - a4 35 4b 10 47 a8 bc cf
INFO - a4 35 8b 18 00 01 86 a0
INFO - a4 37 cb 08 b2 f7 44 e3
INFO - a4 37 0b 10 47 a8 bd 0b
INFO - a4 37 4b 18 00 01 86 a0
INFO - a4 39 8b 08 b2 f7 45 a5
INFO - a4 39 cb 10 47 a8 bd 4f
INFO - a4 39 0b 18 00 01 86 a0
INFO - a4 3b 4b 08 b2 f7 46 68
INFO - a4 3b 8b 10 47 a8 bd 92
INFO - a4 3b cb 18 00 01 86 a0
INFO - a4 3d 0b 08 b2 f7 47 24
INFO - a4 3d 4b 10 47 a8 bd d5
INFO - a4 3d 8b 18 00 01 86 a0
INFO - a4 3f cb 08 b2 f7 47 e6
INFO - a4 3f 0b 10 47 a8 be 18
INFO - a4 3f 4b 18 00 01 86 a0
INFO - a4 41 8b 08 b2 f7 48 a9
INFO - a4 41 cb 10 47 a8 be 5b
INFO - a4 41 0b 18 00 01 86 a0
INFO - a4 43 4b 08 b2 f7 49 6b
INFO - a4 43 8b 10 47 a8 be 97
INFO - a4 43 cb 18 00 01 86 a0
INFO - a4 45 0b 08 b2 f7 4a 2d
INFO - a4 45 4b 10 47 a8 be da
INFO - a4 45 8b 18 00 01 86 a0
INFO - a4 47 cb 08 b2 f7 4a e9
INFO - a4 47 0b 10 47 a8 bf 1d
INFO - a4 47 4b 18 00 01 86 a0
INFO - a4 49 8b 08 b2 f7 4b ac
INFO - a4 49 cb 10 47 a8 bf 60
INFO - a4 49 0b 18 00 01 86 a0
INFO - a4 4b 4b 08 b2 f7 4c 6e
INFO - a4 4b 8b 10 47 a8 bf a3
INFO - a4 4b cb 18 00 01 86 a0
INFO - a4 4d 0b 08 b2 f7 4d 31
INFO - a4 4d 4b 10 47 a8 bf e0
INFO - a4 4d 8b 18 00 01 86 a0
INFO - a4 4f cb 08 b2 f7 4d f3
INFO - a4 4f 0b 10 47 a8 c0 23
INFO - a4 4f 4b 18 00 01 86 a0
INFO - a4 51 8b 08 b2 f7 4e b6
INFO - a4 51 cb 10 47 a8 c0 66
INFO - a4 51 0b 18 00 01 86 a0
INFO - a4 53 4b 08 b2 f7 4f 78
INFO - a4 53 8b 10 47 a8 c0 a9
INFO - a4 53 cb 18 00 01 86 a0
INFO - a4 55 0b 08 b2 f7 50 34
INFO - a4 55 4b 10 47 a8 c0 ec
INFO - a4 55 8b 18 00 01 86 a0
INFO - a4 57 cb 08 b2 f7 50 f6
INFO - a4 57 0b 10 47 a8 c1 28
INFO - a4 57 4b 18 00 01 86 a0
INFO - a4 59 8b 08 b2 f7 51 b9
INFO - a4 59 cb 10 47 a8 c1 6b
INFO - a4 59 0b 18 00 01 86 a0
INFO - a4 5b 4b 08 b2 f7 52 7b
INFO - a4 5b 8b 10 47 a8 c1 ae
INFO - a4 5b cb 18 00 01 86 a0
INFO - a4 5d 0b 08 b2 f7 53 3e
INFO - a4 5d 4b 10 47 a8 c1 f1
INFO - a4 5d 8b 18 00 01 86 a0
INFO - a4 5f cb 08 b2 f7 54 00
INFO - a4 5f 0b 10 47 a8 c2 34
INFO - a4 5f 4b 18 00 01 86 a0
INFO - a4 61 8b 08 b2 f7 54 c2
INFO - a4 61 cb 10 47 a8 c2 78
INFO - a4 61 0b 18 00 01 86 a0
INFO - a4 63 4b 08 b2 f7 55 7e
INFO - a4 63 8b 10 47 a8 c2 b4
INFO - a4 63 cb 18 00 01 86 a0
INFO - a4 65 0b 08 b2 f7 56 41
INFO - a4 65 4b 10 47 a8 c2 f7
INFO - a4 65 8b 18 00 01 86 a0
INFO - a4 67 cb 08 b2 f7 57 03
INFO - a4 67 0b 10 47 a8 c3 3a
INFO - a4 67 4b 18 00 01 86 a0
INFO - a4 69 8b 08 b2 f7 57 c6
INFO - a4 69 cb 10 47 a8 c3 7d
INFO - a4 69 0b 18 00 01 86 a0
INFO - a4 6b 4b 08 b2 f7 58 88
INFO - a4 6b 8b 10 47 a8 c3 b9
INFO - a4 6b cb 18 00 01 86 a0
INFO - a4 6d 0b 08 b2 f7 59 4b
INFO - a4 6d 4b 10 47 a8 c3 fc
INFO - a4 6d 8b 18 00 01 86 a0
INFO - a4 6f cb 08 b2 f7 5a 0d
INFO - a4 6f 0b 10 47 a8 c4 40
INFO - a4 6f 4b 18 00 01 86 a0
INFO - a4 71 8b 08 b2 f7 5a c9
INFO - a4 71 cb 10 47 a8 c4 83
INFO - a4 71 0b 18 00 01 86 a0
INFO - a4 73 4b 08 b2 f7 5b 8b
INFO - a4 73 8b 10 47 a8 c4 c6
INFO - a4 73 cb 18 00 01 86 a0
INFO - a4 75 0b 08 b2 f7 5c 4e
INFO - a4 75 4b 10 47 a8 c5 02
INFO - a4 75 8b 18 00 01 86 a0
INFO - a4 77 cb 08 b2 f7 5d 10
INFO - a4 77 0b 10 47 a8 c5 45
INFO - a4 77 4b 18 00 01 86 a0
INFO - a4 79 8b 08 b2 f7 5d d3
INFO - a4 79 cb 10 47 a8 c5 88
INFO - a4 79 0b 18 00 01 86 a0
INFO - a4 7b 4b 08 b2 f7 5e 95
INFO - a4 7b 8b 10 47 a8 c5 cb
INFO - a4 7b cb 18 00 01 86 a0
INFO - a4 7d 0b 08 b2 f7 5f 58
INFO - a4 7d 4b 10 47 a8 c6 0e
INFO - a4 7d 8b 18 00 01 86 a0
INFO - a4 7f cb 08 b2 f7 60 1a
INFO - a4 7f 0b 10 47 a8 c6 51
INFO - a4 7f 4b 18 00 01 86 a0
INFO - a4 81 8b 08 b2 f7 60 dc
INFO - a4 81 cb 10 47 a8 c6 8e
INFO - a4 81 0b 18 00 01 86 a0
INFO - a4 83 4b 08 b2 f7 61 98
INFO - a4 83 8b 10 47 a8 c6 d1
INFO - a4 83 cb 18 00 01 86 a0
INFO - a4 85 0b 08 b2 f7 62 5b
INFO - a4 85 4b 10 47 a8 c7 14
INFO - a4 85 8b 18 00 01 86 a0
INFO - a4 87 cb 08 b2 f7 63 1d
INFO - a4 87 0b 10 47 a8 c7 57
INFO - a4 87 4b 18 00 01 86 a0
INFO - a4 89 8b 08 b2 f7 63 e0
INFO - a4 89 cb 10 47 a8 c7 9a
INFO - a4 89 0b 18 00 01 86 a0
INFO - a4 8b 4b 08 b2 f7 64 9b
INFO - a4 8b 8b 10 47 a8 c7 d6
INFO - a4 8b cb 18 00 01 86 a0
INFO - a4 8d 0b 08 b2 f7 65 5e
INFO - a4 8d 4b 10 47 a8 c8 19
INFO - a4 8d 8b 18 00 01 86 a0
INFO - a4 8f cb 08 b2 f7 66 20
INFO - a4 8f 0b 10 47 a8 c8 5c
INFO - a4 8f 4b 18 00 01 86 a0
INFO - a4 91 8b 08 b2 f7 66 dc
INFO - a4 91 cb 10 47 a8 c8 9f
INFO - a4 91 0b 18 00 01 86 a0
INFO - a4 91 4b 08 b2 f7 66 dc
INFO - a4 91 8b 10 47 a8 c8 9f
INFO - a4 91 cb 18 00 01 86 a0
INFO - a4 93 0b 08 b2 f7 67 9e
INFO - a4 93 4b 10 47 a8 c8 dc
INFO - a4 93 8b 18 00 01 86 a0
INFO - a4 95 cb 08 b2 f7 68 61
INFO - a4 95 0b 10 47 a8 c9 1f
INFO - a4 95 4b 18 00 01 86 a0
INFO - a4 97 8b 08 b2 f7 69 23
INFO - a4 97 cb 10 47 a8 c9 62
INFO - a4 97 0b 18 00 01 86 a0
INFO - a4 99 4b 08 b2 f7 69 e6
INFO - a4 99 8b 10 47 a8 c9 a5
INFO - a4 99 cb 18 00 01 86 a0
INFO - a4 9b 0b 08 b2 f7 6a a8
INFO - a4 9b 4b 10 47 a8 c9 e1
INFO - a4 9b 8b 18 00 01 86 a0
INFO - a4 9d cb 08 b2 f7 6b 6b
INFO - a4 9d 0b 10 47 a8 ca 24
INFO - a4 9d 4b 18 00 01 86 a0
INFO - a4 9f 8b 08 b2 f7 6c 2d
INFO - a4 9f cb 10 47 a8 ca 67
INFO - a4 9f 0b 18 00 01 86 a0
INFO - a4 a1 4b 08 b2 f7 6c f0
INFO - a4 a1 8b 10 47 a8 ca aa
INFO - a4 a1 cb 18 00 01 86 a0
INFO - a4 a3 0b 08 b2 f7 6d ab
INFO - a4 a3 4b 10 47 a8 ca ed
INFO - a4 a3 8b 18 00 01 86 a0
INFO - a4 a5 cb 08 b2 f7 6e 6e
INFO - a4 a5 0b 10 47 a8 cb 2a
INFO - a4 a5 4b 18 00 01 86 a0
INFO - a4 a7 8b 08 b2 f7 6f 30
INFO - a4 a7 cb 10 47 a8 cb 6d
INFO - a4 a7 0b 18 00 01 86 a0
INFO - a4 a9 4b 08 b2 f7 6f f3
INFO - a4 a9 8b 10 47 a8 cb b0
INFO - a4 a9 cb 18 00 01 86 a0
INFO - a4 ab 0b 08 b2 f7 70 b5
INFO - a4 ab 4b 10 47 a8 cb f3
INFO - a4 ab 8b 18 00 01 86 a0
INFO - a4 ad cb 08 b2 f7 71 78
INFO - a4 ad 0b 10 47 a8 cc 2f
INFO - a4 ad 4b 18 00 01 86 a0
INFO - a4 af 8b 08 b2 f7 72 3a
INFO - a4 af cb 10 47 a8 cc 72
INFO - a4 af 0b 18 00 01 86 a0
INFO - a4 b1 4b 08 b2 f7 72 fd
INFO - a4 b1 8b 10 47 a8 cc b5
INFO - a4 b1 cb 18 00 01 86 a0
INFO - a4 b3 0b 08 b2 f7 73 bf
INFO - a4 b3 4b 10 47 a8 cc f8
INFO - a4 b3 8b 18 00 01 86 a0
INFO - a4 b5 cb 08 b2 f7 74 7b
INFO - a4 b5 0b 10 47 a8 cd 3c
INFO - a4 b5 4b 18 00 01 86 a0
INFO - a4 b7 8b 08 b2 f7 75 3d
INFO - a4 b7 cb 10 47 a8 cd 7f
INFO - a4 b7 0b 18 00 01 86 a0
INFO - a4 b9 4b 08 b2 f7 76 00
INFO - a4 b9 8b 10 47 a8 cd bb
INFO - a4 b9 cb 18 00 01 86 a0
INFO - a4 bb 0b 08 b2 f7 76 c2
INFO - a4 bb 4b 10 47 a8 cd fe
INFO - a4 bb 8b 18 00 01 86 a0
INFO - a4 bd cb 08 b2 f7 77 85
INFO - a4 bd 0b 10 47 a8 ce 41
INFO - a4 bd 4b 18 00 01 86 a0
INFO - a4 bf 8b 08 b2 f7 78 47
INFO - a4 bf cb 10 47 a8 ce 84
INFO - a4 bf 0b 18 00 01 86 a0
INFO - a4 c1 4b 08 b2 f7 79 03
INFO - a4 c1 8b 10 47 a8 ce c0
INFO - a4 c1 cb 18 00 01 86 a0
INFO - a4 c3 0b 08 b2 f7 79 c5
INFO - a4 c3 4b 10 47 a8 cf 03
INFO - a4 c3 8b 18 00 01 86 a0
INFO - a4 c5 cb 08 b2 f7 7a 88
INFO - a4 c5 0b 10 47 a8 cf 47
INFO - a4 c5 4b 18 00 01 86 a0
INFO - a4 c7 8b 08 b2 f7 7b 4a
INFO - a4 c7 cb 10 47 a8 cf 8a
INFO - a4 c7 0b 18 00 01 86 a0
INFO - a4 c8 4b 08 b2 f7 7b 8d
INFO - a4 c8 8b 10 47 a8 cf 9e
INFO - a4 c8 cb 18 00 01 86 a0
INFO - a4 c8 0b 08 b2 f7 7b 94
INFO - a4 c8 4b 10 47 a8 cf 9e
INFO - a4 c8 8b 18 00 01 86 a0
INFO - a4 c9 cb 08 b2 f7 7c 0d
INFO - a4 c9 0b 10 47 a8 cf cd
INFO - a4 c9 4b 18 00 01 86 a0
INFO - a4 cb 8b 08 b2 f7 7c cf
INFO - a4 cb cb 10 47 a8 d0 09
INFO - a4 cb 0b 18 00 01 86 a0
INFO - a4 cd 4b 08 b2 f7 7d 92
INFO - a4 cd 8b 10 47 a8 d0 4c
INFO - a4 cd cb 18 00 01 86 a0
INFO - a4 cf 0b 08 b2 f7 7e 4d
INFO - a4 cf 4b 10 47 a8 d0 8f
INFO - a4 cf 8b 18 00 01 86 a0
INFO - a4 d1 cb 08 b2 f7 7f 10
INFO - a4 d1 0b 10 47 a8 d0 d2
INFO - a4 d1 4b 18 00 01 86 a0
INFO - a4 d3 8b 08 b2 f7 7f d2
INFO - a4 d3 cb 10 47 a8 d1 15
INFO - a4 d3 0b 18 00 01 86 a0
INFO - a4 d5 4b 08 b2 f7 80 95
INFO - a4 d5 8b 10 47 a8 d1 52
INFO - a4 d5 cb 18 00 01 86 a0
INFO - a4 d7 0b 08 b2 f7 81 57
INFO - a4 d7 4b 10 47 a8 d1 95
INFO - a4 d7 8b 18 00 01 86 a0
INFO - a4 d9 cb 08 b2 f7 82 1a
INFO - a4 d9 0b 10 47 a8 d1 d8
INFO - a4 d9 4b 18 00 01 86 a0
INFO - a4 db 8b 08 b2 f7 82 dc
INFO - a4 db cb 10 47 a8 d2 1b
INFO - a4 db 0b 18 00 01 86 a0
INFO - a4 dd 4b 08 b2 f7 83 98
INFO - a4 dd 8b 10 47 a8 d2 57
INFO - a4 dd cb 18 00 01 86 a0
INFO - a4 df 0b 08 b2 f7 84 5a
INFO - a4 df 4b 10 47 a8 d2 9a
INFO - a4 df 8b 18 00 01 86 a0
INFO - a4 e1 cb 08 b2 f7 85 1d
INFO - a4 e1 0b 10 47 a8 d2 dd
INFO - a4 e1 4b 18 00 01 86 a0
INFO - a4 e3 8b 08 b2 f7 85 df
INFO - a4 e3 cb 10 47 a8 d3 20
INFO - a4 e3 0b 18 00 01 86 a0
INFO - a4 e5 4b 08 b2 f7 86 a2
INFO - a4 e5 8b 10 47 a8 d3 5d
INFO - a4 e5 cb 18 00 01 86 a0
INFO - a4 e7 0b 08 b2 f7 87 64
INFO - a4 e7 4b 10 47 a8 d3 a0
INFO - a4 e7 8b 18 00 01 86 a0
INFO - a4 e9 cb 08 b2 f7 88 27
INFO - a4 e9 0b 10 47 a8 d3 e3
INFO - a4 e9 4b 18 00 01 86 a0
INFO - a4 eb 8b 08 b2 f7 88 e9
INFO - a4 eb cb 10 47 a8 d4 26
INFO - a4 eb 0b 18 00 01 86 a0
INFO - a4 ed 4b 08 b2 f7 89 a5
INFO - a4 ed 8b 10 47 a8 d4 69
INFO - a4 ed cb 18 00 01 86 a0
INFO - a4 ef 0b 08 b2 f7 8a 67
INFO - a4 ef 4b 10 47 a8 d4 ac
INFO - a4 ef 8b 18 00 01 86 a0
INFO - a4 f1 cb 08 b2 f7 8b 2a
INFO - a4 f1 0b 10 47 a8 d4 e8
INFO - a4 f1 4b 18 00 01 86 a0
INFO - a4 f3 8b 08 b2 f7 8b ec
INFO - a4 f3 cb 10 47 a8 d5 2b
INFO - a4 f3 0b 18 00 01 86 a0
INFO - a4 f5 4b 08 b2 f7 8c af
INFO - a4 f5 8b 10 47 a8 d5 6e
INFO - a4 f5 cb 18 00 01 86 a0
INFO - a4 f7 0b 08 b2 f7 8d 6b
INFO - a4 f7 4b 10 47 a8 d5 b1
INFO - a4 f7 8b 18 00 01 86 a0
INFO - a4 f9 cb 08 b2 f7 8e 2d
INFO - a4 f9 0b 10 47 a8 d5 ee
INFO - a4 f9 4b 18 00 01 86 a0
INFO - a4 fb 8b 08 b2 f7 8e ef
INFO - a4 fb cb 10 47 a8 d6 31
INFO - a4 fb 0b 18 00 01 86 a0
INFO - a4 fd 4b 08 b2 f7 8f b2
INFO - a4 fd 8b 10 47 a8 d6 74
INFO - a4 fd cb 18 00 01 86 a0
INFO - a4 ff 0b 08 b2 f7 90 6e
INFO - a4 ff 4b 10 47 a8 d6 b7
INFO - a4 ff 8b 18 00 01 86 a0
INFO - a5 01 cb 08 b2 f7 91 30
INFO - a5 01 0b 10 47 a8 d6 f3
INFO - a5 01 4b 18 00 01 86 a0
INFO - a5 03 8b 08 b2 f7 91 f3
INFO - a5 03 cb 10 47 a8 d7 36
INFO - a5 03 0b 18 00 01 86 a0
INFO - a5 05 4b 08 b2 f7 92 b5
INFO - a5 05 8b 10 47 a8 d7 79
INFO - a5 05 cb 18 00 01 86 a0
INFO - a5 07 0b 08 b2 f7 93 77
INFO - a5 07 4b 10 47 a8 d7 bc
INFO - a5 07 8b 18 00 01 86 a0
INFO - a5 09 cb 08 b2 f7 94 3a
INFO - a5 09 0b 10 47 a8 d7 f9
INFO - a5 09 4b 18 00 01 86 a0
INFO - a5 0b 8b 08 b2 f7 94 f6
INFO - a5 0b cb 10 47 a8 d8 3c
INFO - a5 0b 0b 18 00 01 86 a0
INFO - a5 0d 4b 08 b2 f7 95 b8
INFO - a5 0d 8b 10 47 a8 d8 7f
INFO - a5 0d cb 18 00 01 86 a0
INFO - a5 0f 0b 08 b2 f7 96 7b
INFO - a5 0f 4b 10 47 a8 d8 c2
INFO - a5 0f 8b 18 00 01 86 a0
INFO - a5 11 cb 08 b2 f7 97 3d
INFO - a5 11 0b 10 47 a8 d9 05
INFO - a5 11 4b 18 00 01 86 a0
INFO - a5 13 8b 08 b2 f7 98 00
INFO - a5 13 cb 10 47 a8 d9 41
INFO - a5 13 0b 18 00 01 86 a0
INFO - a5 15 4b 08 b2 f7 98 c2
INFO - a5 15 8b 10 47 a8 d9 84
INFO - a5 15 cb 18 00 01 86 a0
INFO - a5 17 0b 08 b2 f7 99 84
INFO - a5 17 4b 10 47 a8 d9 c7
INFO - a5 17 8b 18 00 01 86 a0
INFO - a5 19 cb 08 b2 f7 9a 40
INFO - a5 19 0b 10 47 a8 da 0b
INFO - a5 19 4b 18 00 01 86 a0
INFO - a5 1b 8b 08 b2 f7 9b 03
INFO - a5 1b cb 10 47 a8 da 4e
INFO - a5 1b 0b 18 00 01 86 a0
INFO - a5 1d 4b 08 b2 f7 9b c5
INFO - a5 1d 8b 10 47 a8 da 8a
INFO - a5 1d cb 18 00 01 86 a0
INFO - a5 1f 0b 08 b2 f7 9c 88
INFO - a5 1f 4b 10 47 a8 da cd
INFO - a5 1f 8b 18 00 01 86 a0
INFO - a5 21 cb 08 b2 f7 9d 4a
INFO - a5 21 0b 10 47 a8 db 10
INFO - a5 21 4b 18 00 01 86 a0
INFO - a5 23 8b 08 b2 f7 9e 0d
INFO - a5 23 cb 10 47 a8 db 53
INFO - a5 23 0b 18 00 01 86 a0
INFO - a5 25 4b 08 b2 f7 9e cf
INFO - a5 25 8b 10 47 a8 db 8f
INFO - a5 25 cb 18 00 01 86 a0
INFO - a5 27 0b 08 b2 f7 9f 91
INFO - a5 27 4b 10 47 a8 db d2
INFO - a5 27 8b 18 00 01 86 a0
INFO - a5 29 cb 08 b2 f7 a0 4d
INFO - a5 29 0b 10 47 a8 dc 16
INFO - a5 29 4b 18 00 01 86 a0
INFO - a5 2b 8b 08 b2 f7 a1 10
INFO - a5 2b cb 10 47 a8 dc 59
INFO - a5 2b 0b 18 00 01 86 a0
INFO - a5 2d 4b 08 b2 f7 a1 d2
INFO - a5 2d 8b 10 47 a8 dc 9c
INFO - a5 2d cb 18 00 01 86 a0
INFO - a5 2f 0b 08 b2 f7 a2 95
INFO - a5 2f 4b 10 47 a8 dc d8
INFO - a5 2f 8b 18 00 01 86 a0
INFO - a5 31 cb 08 b2 f7 a3 57
INFO - a5 31 0b 10 47 a8 dd 1b
INFO - a5 31 4b 18 00 01 86 a0
INFO - a5 33 8b 08 b2 f7 a4 1a
INFO - a5 33 cb 10 47 a8 dd 5e
INFO - a5 33 0b 18 00 01 86 a0
INFO - a5 35 4b 08 b2 f7 a4 dc
INFO - a5 35 8b 10 47 a8 dd 9a
INFO - a5 35 cb 18 00 01 86 a0
INFO - a5 37 0b 08 b2 f7 a5 9e
INFO - a5 37 4b 10 47 a8 dd de
INFO - a5 37 8b 18 00 01 86 a0
INFO - a5 39 cb 08 b2 f7 a6 61
INFO - a5 39 0b 10 47 a8 de 21
INFO - a5 39 4b 18 00 01 86 a0
INFO - a5 3b 8b 08 b2 f7 a7 23
INFO - a5 3b cb 10 47 a8 de 64
INFO - a5 3b 0b 18 00 01 86 a0
INFO - a5 3d 4b 08 b2 f7 a7 e6
INFO - a5 3d 8b 10 47 a8 de a0
INFO - a5 3d cb 18 00 01 86 a0
INFO - a5 3f 0b 08 b2 f7 a8 a8
INFO - a5 3f 4b 10 47 a8 de e3
INFO - a5 3f 8b 18 00 01 86 a0
INFO - a5 41 cb 08 b2 f7 a9 6b
INFO - a5 41 0b 10 47 a8 df 26
INFO - a5 41 4b 18 00 01 86 a0
INFO - a5 43 8b 08 b2 f7 aa 2d
INFO - a5 43 cb 10 47 a8 df 69
INFO - a5 43 0b 18 00 01 86 a0
INFO - a5 45 4b 08 b2 f7 aa f0
INFO - a5 45 8b 10 47 a8 df a5
INFO - a5 45 cb 18 00 01 86 a0
INFO - a5 47 0b 08 b2 f7 ab b2
INFO - a5 47 4b 10 47 a8 df e9
INFO - a5 47 8b 18 00 01 86 a0
INFO - a5 49 cb 08 b2 f7 ac 75
INFO - a5 49 0b 10 47 a8 e0 2c
INFO - a5 49 4b 18 00 01 86 a0
INFO - a5 4b 8b 08 b2 f7 ad 30
INFO - a5 4b cb 10 47 a8 e0 68
INFO - a5 4b 0b 18 00 01 86 a0
INFO - a5 4d 4b 08 b2 f7 ad f3
INFO - a5 4d 8b 10 47 a8 e0 ab
INFO - a5 4d cb 18 00 01 86 a0
INFO - a5 4f 0b 08 b2 f7 ae b5
INFO - a5 4f 4b 10 47 a8 e0 ee
INFO - a5 4f 8b 18 00 01 86 a0
INFO - a5 51 cb 08 b2 f7 af 78
INFO - a5 51 0b 10 47 a8 e1 2a
INFO - a5 51 4b 18 00 01 86 a0
INFO - a5 53 8b 08 b2 f7 b0 3a
INFO - a5 53 cb 10 47 a8 e1 6d
INFO - a5 53 0b 18 00 01 86 a0
INFO - a5 55 4b 08 b2 f7 b0 fd
INFO - a5 55 8b 10 47 a8 e1 b1
INFO - a5 55 cb 18 00 01 86 a0
INFO - a5 57 0b 08 b2 f7 b1 bf
INFO - a5 57 4b 10 47 a8 e1 f4
INFO - a5 57 8b 18 00 01 86 a0
INFO - a5 59 cb 08 b2 f7 b2 82
INFO - a5 59 0b 10 47 a8 e2 30
INFO - a5 59 4b 18 00 01 86 a0
INFO - a5 5b 8b 08 b2 f7 b3 3d
INFO - a5 5b cb 10 47 a8 e2 73
INFO - a5 5b 0b 18 00 01 86 a0
INFO - a5 5d 4b 08 b2 f7 b4 00
INFO - a5 5d 8b 10 47 a8 e2 b6
INFO - a5 5d cb 18 00 01 86 a0
INFO - a5 5f 0b 08 b2 f7 b4 c2
INFO - a5 5f 4b 10 47 a8 e2 f2
INFO - a5 5f 8b 18 00 01 86 a0
INFO - a5 61 cb 08 b2 f7 b5 85
INFO - a5 61 0b 10 47 a8 e3 35
INFO - a5 61 4b 18 00 01 86 a0
INFO - a5 63 8b 08 b2 f7 b6 47
INFO - a5 63 cb 10 47 a8 e3 78
INFO - a5 63 0b 18 00 01 86 a0
INFO - a5 65 4b 08 b2 f7 b7 0a
INFO - a5 65 8b 10 47 a8 e3 bc
INFO - a5 65 cb 18 00 01 86 a0
INFO - a5 67 0b 08 b2 f7 b7 d3
INFO - a5 67 4b 10 47 a8 e3 f8
INFO - a5 67 8b 18 00 01 86 a0
INFO - a5 69 cb 08 b2 f7 b8 95
INFO - a5 69 0b 10 47 a8 e4 3b
INFO - a5 69 4b 18 00 01 86 a0
INFO - a5 6b 8b 08 b2 f7 b9 58
INFO - a5 6b cb 10 47 a8 e4 77
INFO - a5 6b 0b 18 00 01 86 a0
INFO - a5 6d 4b 08 b2 f7 ba 1a
INFO - a5 6d 8b 10 47 a8 e4 ba
INFO - a5 6d cb 18 00 01 86 a0
INFO - a5 6f 0b 08 b2 f7 ba dd
INFO - a5 6f 4b 10 47 a8 e4 f7
INFO - a5 6f 8b 18 00 01 86 a0
INFO - a5 71 cb 08 b2 f7 bb 9f
INFO - a5 71 0b 10 47 a8 e5 3a
INFO - a5 71 4b 18 00 01 86 a0
INFO - a5 73 8b 08 b2 f7 bc 62
INFO - a5 73 cb 10 47 a8 e5 7d
INFO - a5 73 0b 18 00 01 86 a0
INFO - a5 75 4b 08 b2 f7 bd 24
INFO - a5 75 8b 10 47 a8 e5 b9
INFO - a5 75 cb 18 00 01 86 a0
INFO - a5 77 0b 08 b2 f7 bd e6
INFO - a5 77 4b 10 47 a8 e5 fc
INFO - a5 77 8b 18 00 01 86 a0
INFO - a5 79 cb 08 b2 f7 be a9
INFO - a5 79 0b 10 47 a8 e6 39
INFO - a5 79 4b 18 00 01 86 a0
INFO - a5 7b 8b 08 b2 f7 bf 6b
INFO - a5 7b cb 10 47 a8 e6 7c
INFO - a5 7b 0b 18 00 01 86 a0
INFO - a5 7d 4b 08 b2 f7 c0 2e
INFO - a5 7d 8b 10 47 a8 e6 b8
INFO - a5 7d cb 18 00 01 86 a0
INFO - a5 7f 0b 08 b2 f7 c0 f0
INFO - a5 7f 4b 10 47 a8 e6 fb
INFO - a5 7f 8b 18 00 01 86 a0
INFO - a5 81 cb 08 b2 f7 c1 b3
INFO - a5 81 0b 10 47 a8 e7 37
INFO - a5 81 4b 18 00 01 86 a0
INFO - a5 83 8b 08 b2 f7 c2 75
INFO - a5 83 cb 10 47 a8 e7 7a
INFO - a5 83 0b 18 00 01 86 a0
INFO - a5 85 4b 08 b2 f7 c3 3e
INFO - a5 85 8b 10 47 a8 e7 b7
INFO - a5 85 cb 18 00 01 86 a0
INFO - a5 87 0b 08 b2 f7 c4 01
INFO - a5 87 4b 10 47 a8 e7 fa
INFO - a5 87 8b 18 00 01 86 a0
INFO - a5 89 cb 08 b2 f7 c4 c3
INFO - a5 89 0b 10 47 a8 e8 36
INFO - a5 89 4b 18 00 01 86 a0
INFO - a5 8b 8b 08 b2 f7 c5 86
INFO - a5 8b cb 10 47 a8 e8 73
INFO - a5 8b 0b 18 00 01 86 a0
INFO - a5 8d 4b 08 b2 f7 c6 48
INFO - a5 8d 8b 10 47 a8 e8 b6
INFO - a5 8d cb 18 00 01 86 a0
INFO - a5 8f 0b 08 b2 f7 c7 0b
INFO - a5 8f 4b 10 47 a8 e8 f2
INFO - a5 8f 8b 18 00 01 86 a0
INFO - a5 91 cb 08 b2 f7 c7 cd
INFO - a5 91 0b 10 47 a8 e9 2e
INFO - a5 91 4b 18 00 01 86 a0
INFO - a5 93 8b 08 b2 f7 c8 90
INFO - a5 93 cb 10 47 a8 e9 71
INFO - a5 93 0b 18 00 01 86 a0
INFO - a5 95 4b 08 b2 f7 c9 52
INFO - a5 95 8b 10 47 a8 e9 ae
INFO - a5 95 cb 18 00 01 86 a0
INFO - a5 97 0b 08 b2 f7 ca 15
INFO - a5 97 4b 10 47 a8 e9 ea
INFO - a5 97 8b 18 00 01 86 a0
INFO - a5 99 cb 08 b2 f7 ca d7
INFO - a5 99 0b 10 47 a8 ea 2d
INFO - a5 99 4b 18 00 01 86 a0
INFO - a5 9b 8b 08 b2 f7 cb 99
INFO - a5 9b cb 10 47 a8 ea 69
INFO - a5 9b 0b 18 00 01 86 a0
INFO - a5 9d 4b 08 b2 f7 cc 63
INFO - a5 9d 8b 10 47 a8 ea a6
INFO - a5 9d cb 18 00 01 86 a0
INFO - a5 9f 0b 08 b2 f7 cd 25
INFO - a5 9f 4b 10 47 a8 ea e9
INFO - a5 9f 8b 18 00 01 86 a0
INFO - a5 a1 cb 08 b2 f7 cd e8
INFO - a5 a1 0b 10 47 a8 eb 25
INFO - a5 a1 4b 18 00 01 86 a0
INFO - a5 a3 8b 08 b2 f7 ce aa
INFO - a5 a3 cb 10 47 a8 eb 62
INFO - a5 a3 0b 18 00 01 86 a0
INFO - a5 a5 4b 08 b2 f7 cf 6c
INFO - a5 a5 8b 10 47 a8 eb 9e
INFO - a5 a5 cb 18 00 01 86 a0
INFO - a5 a7 0b 08 b2 f7 d0 2f
INFO - a5 a7 4b 10 47 a8 eb e1
INFO - a5 a7 8b 18 00 01 86 a0
INFO - a5 a9 cb 08 b2 f7 d0 f1
INFO - a5 a9 0b 10 47 a8 ec 1d
INFO - a5 a9 4b 18 00 01 86 a0
INFO - a5 ab 8b 08 b2 f7 d1 b4
INFO - a5 ab cb 10 47 a8 ec 5a
INFO - a5 ab 0b 18 00 01 86 a0
INFO - a5 ad 4b 08 b2 f7 d2 7d
INFO - a5 ad 8b 10 47 a8 ec 96
INFO - a5 ad cb 18 00 01 86 a0
INFO - a5 af 0b 08 b2 f7 d3 3f
INFO - a5 af 4b 10 47 a8 ec d2
INFO - a5 af 8b 18 00 01 86 a0
INFO - a5 b1 cb 08 b2 f7 d4 02
INFO - a5 b1 0b 10 47 a8 ed 15
INFO - a5 b1 4b 18 00 01 86 a0
INFO - a5 b3 8b 08 b2 f7 d4 c4
INFO - a5 b3 cb 10 47 a8 ed 52
INFO - a5 b3 0b 18 00 01 86 a0
INFO - a5 b5 4b 08 b2 f7 d5 87
INFO - a5 b5 8b 10 47 a8 ed 8e
INFO - a5 b5 cb 18 00 01 86 a0
INFO - a5 b7 0b 08 b2 f7 d6 50
INFO - a5 b7 4b 10 47 a8 ed ca
INFO - a5 b7 8b 18 00 01 86 a0
INFO - a5 b9 cb 08 b2 f7 d7 12
INFO - a5 b9 0b 10 47 a8 ee 07
INFO - a5 b9 4b 18 00 01 86 a0
INFO - a5 bb 8b 08 b2 f7 d7 d5
INFO - a5 bb cb 10 47 a8 ee 43
INFO - a5 bb 0b 18 00 01 86 a0
INFO - a5 bd 4b 08 b2 f7 d8 97
INFO - a5 bd 8b 10 47 a8 ee 80
INFO - a5 bd cb 18 00 01 86 a0
INFO - a5 bf 0b 08 b2 f7 d9 5a
INFO - a5 bf 4b 10 47 a8 ee bc
INFO - a5 bf 8b 18 00 01 86 a0
INFO - a5 c1 cb 08 b2 f7 da 23
INFO - a5 c1 0b 10 47 a8 ee f8
INFO - a5 c1 4b 18 00 01 86 a0
INFO - a5 c3 8b 08 b2 f7 da e5
INFO - a5 c3 cb 10 47 a8 ef 35
INFO - a5 c3 0b 18 00 01 86 a0
INFO - a5 c5 4b 08 b2 f7 db a8
INFO - a5 c5 8b 10 47 a8 ef 6a
INFO - a5 c5 cb 18 00 01 86 a0
INFO - a5 c7 0b 08 b2 f7 dc 71
INFO - a5 c7 4b 10 47 a8 ef a7
INFO - a5 c7 8b 18 00 01 86 a0
INFO - a5 c9 cb 08 b2 f7 dd 34
INFO - a5 c9 0b 10 47 a8 ef e3
INFO - a5 c9 4b 18 00 01 86 a0
INFO - a5 cb 8b 08 b2 f7 dd fd
INFO - a5 cb cb 10 47 a8 f0 1f
INFO - a5 cb 0b 18 00 01 86 a0
INFO - a5 cd 4b 08 b2 f7 de bf
INFO - a5 cd 8b 10 47 a8 f0 55
INFO - a5 cd cb 18 00 01 86 a0
INFO - a5 cf 0b 08 b2 f7 df 88
INFO - a5 cf 4b 10 47 a8 f0 91
INFO - a5 cf 8b 18 00 01 86 a0
INFO - a5 d1 cb 08 b2 f7 e0 4b
INFO - a5 d1 0b 10 47 a8 f0 ce
INFO - a5 d1 4b 18 00 01 86 a0
INFO - a5 d3 8b 08 b2 f7 e1 0d
INFO - a5 d3 cb 10 47 a8 f1 0a
INFO - a5 d3 0b 18 00 01 86 a0
INFO - a5 d5 4b 08 b2 f7 e1 d6
INFO - a5 d5 8b 10 47 a8 f1 40
INFO - a5 d5 cb 18 00 01 86 a0
INFO - a5 d7 0b 08 b2 f7 e2 99
INFO - a5 d7 4b 10 47 a8 f1 7c
INFO - a5 d7 8b 18 00 01 86 a0
INFO - a5 d9 cb 08 b2 f7 e3 5b
INFO - a5 d9 0b 10 47 a8 f1 b8
INFO - a5 d9 4b 18 00 01 86 a0
INFO - a5 dc 8b 08 b2 f7 e4 25
INFO - a5 dc cb 10 47 a8 f1 f5
INFO - a5 dc 0b 18 00 01 86 a0
INFO - a5 dd 4b 08 b2 f7 e4 e7
INFO - a5 dd 8b 10 47 a8 f2 2a
INFO - a5 dd cb 18 00 01 86 a0
INFO - a5 e0 0b 08 b2 f7 e5 b0
INFO - a5 e0 4b 10 47 a8 f2 67
INFO - a5 e0 8b 18 00 01 86 a0
INFO - a5 e2 cb 08 b2 f7 e6 73
INFO - a5 e2 0b 10 47 a8 f2 a3
INFO - a5 e2 4b 18 00 01 86 a0
INFO - a5 e4 8b 08 b2 f7 e7 35
INFO - a5 e4 cb 10 47 a8 f2 df
INFO - a5 e4 0b 18 00 01 86 a0
INFO - a5 e6 4b 08 b2 f7 e7 fe
INFO - a5 e6 8b 10 47 a8 f3 15
INFO - a5 e6 cb 18 00 01 86 a0
INFO - a5 e8 0b 08 b2 f7 e8 c1
INFO - a5 e8 4b 10 47 a8 f3 51
INFO - a5 e8 8b 18 00 01 86 a0
INFO - a5 ea cb 08 b2 f7 e9 8a
INFO - a5 ea 0b 10 47 a8 f3 8e
INFO - a5 ea 4b 18 00 01 86 a0
INFO - a5 ec 8b 08 b2 f7 ea 4c
INFO - a5 ec cb 10 47 a8 f3 ca
INFO - a5 ec 0b 18 00 01 86 a0
INFO - a5 ee 4b 08 b2 f7 eb 0f
INFO - a5 ee 8b 10 47 a8 f4 00
INFO - a5 ee cb 18 00 01 86 a0
INFO - a5 f0 0b 08 b2 f7 eb d8
INFO - a5 f0 4b 10 47 a8 f4 3c
INFO - a5 f0 8b 18 00 01 86 a0
INFO - a5 f2 cb 08 b2 f7 ec 9a
INFO - a5 f2 0b 10 47 a8 f4 78
INFO - a5 f2 4b 18 00 01 86 a0
INFO - a5 f4 8b 08 b2 f7 ed 5d
INFO - a5 f4 cb 10 47 a8 f4 b5
INFO - a5 f4 0b 18 00 01 86 a0
INFO - a5 f6 4b 08 b2 f7 ee 26
INFO - a5 f6 8b 10 47 a8 f4 ea
INFO - a5 f6 cb 18 00 01 86 a0
INFO - a5 f8 0b 08 b2 f7 ee e8
INFO - a5 f8 4b 10 47 a8 f5 27
INFO - a5 f8 8b 18 00 01 86 a0
INFO - a5 fa cb 08 b2 f7 ef b2
INFO - a5 fa 0b 10 47 a8 f5 63
INFO - a5 fa 4b 18 00 01 86 a0
INFO - a5 fc 8b 08 b2 f7 f0 74
INFO - a5 fc cb 10 47 a8 f5 99
INFO - a5 fc 0b 18 00 01 86 a0
INFO - a5 fe 4b 08 b2 f7 f1 3d
INFO - a5 fe 8b 10 47 a8 f5 ce
INFO - a5 fe cb 18 00 01 86 a0
INFO - a6 00 0b 08 b2 f7 f2 06
INFO - a6 00 4b 10 47 a8 f6 0b
INFO - a6 00 8b 18 00 01 86 a0
INFO - a6 02 cb 08 b2 f7 f2 c9
INFO - a6 02 0b 10 47 a8 f6 40
INFO - a6 02 4b 18 00 01 86 a0
INFO - a6 04 8b 08 b2 f7 f3 92
INFO - a6 04 cb 10 47 a8 f6 76
INFO - a6 04 0b 18 00 01 86 a0
INFO - a6 06 4b 08 b2 f7 f4 5b
INFO - a6 06 8b 10 47 a8 f6 b2
INFO - a6 06 cb 18 00 01 86 a0
INFO - a6 08 0b 08 b2 f7 f5 1e
INFO - a6 08 4b 10 47 a8 f6 e8
INFO - a6 08 8b 18 00 01 86 a0
INFO - a6 0a cb 08 b2 f7 f5 e7
INFO - a6 0a 0b 10 47 a8 f7 1e
INFO - a6 0a 4b 18 00 01 86 a0
INFO - a6 0c 8b 08 b2 f7 f6 a9
INFO - a6 0c cb 10 47 a8 f7 53
INFO - a6 0c 0b 18 00 01 86 a0
INFO - a6 0e 4b 08 b2 f7 f7 72
INFO - a6 0e 8b 10 47 a8 f7 90
INFO - a6 0e cb 18 00 01 86 a0
INFO - a6 10 0b 08 b2 f7 f8 3c
INFO - a6 10 4b 10 47 a8 f7 c5
INFO - a6 10 8b 18 00 01 86 a0
INFO - a6 12 cb 08 b2 f7 f8 fe
INFO - a6 12 0b 10 47 a8 f7 fb
INFO - a6 12 4b 18 00 01 86 a0
INFO - a6 14 8b 08 b2 f7 f9 c7
INFO - a6 14 cb 10 47 a8 f8 31
INFO - a6 14 0b 18 00 01 86 a0
INFO - a6 16 4b 08 b2 f7 fa 8a
INFO - a6 16 8b 10 47 a8 f8 66
INFO - a6 16 cb 18 00 01 86 a0
INFO - a6 18 0b 08 b2 f7 fb 53
INFO - a6 18 4b 10 47 a8 f8 9c
INFO - a6 18 8b 18 00 01 86 a0
INFO - a6 1a cb 08 b2 f7 fc 15
INFO - a6 1a 0b 10 47 a8 f8 d1
INFO - a6 1a 4b 18 00 01 86 a0
INFO - a6 1c 8b 08 b2 f7 fc df
INFO - a6 1c cb 10 47 a8 f9 07
INFO - a6 1c 0b 18 00 01 86 a0
INFO - a6 1e 4b 08 b2 f7 fd a8
INFO - a6 1e 8b 10 47 a8 f9 3d
INFO - a6 1e cb 18 00 01 86 a0
INFO - a6 20 0b 08 b2 f7 fe 6a
INFO - a6 20 4b 10 47 a8 f9 72
INFO - a6 20 8b 18 00 01 86 a0
INFO - a6 22 cb 08 b2 f7 ff 33
INFO - a6 22 0b 10 47 a8 f9 a8
INFO - a6 22 4b 18 00 01 86 a0
INFO - a6 24 8b 08 b2 f7 ff fc
INFO - a6 24 cb 10 47 a8 f9 de
INFO - a6 24 0b 18 00 01 86 a0
INFO - a6 26 4b 08 b2 f8 00 bf
INFO - a6 26 8b 10 47 a8 fa 13
INFO - a6 26 cb 18 00 01 86 a0
INFO - a6 28 0b 08 b2 f8 01 88
INFO - a6 28 4b 10 47 a8 fa 49
INFO - a6 28 8b 18 00 01 86 a0
INFO - a6 2a cb 08 b2 f8 02 51
INFO - a6 2a 0b 10 47 a8 fa 78
INFO - a6 2a 4b 18 00 01 86 a0
INFO - a6 2c 8b 08 b2 f8 03 14
INFO - a6 2c cb 10 47 a8 fa ae
INFO - a6 2c 0b 18 00 01 86 a0
INFO - a6 2e 4b 08 b2 f8 03 dd
INFO - a6 2e 8b 10 47 a8 fa e3
INFO - a6 2e cb 18 00 01 86 a0
INFO - a6 30 0b 08 b2 f8 04 a6
INFO - a6 30 4b 10 47 a8 fb 19
INFO - a6 30 8b 18 00 01 86 a0
INFO - a6 32 cb 08 b2 f8 05 69
INFO - a6 32 0b 10 47 a8 fb 48
INFO - a6 32 4b 18 00 01 86 a0
INFO - a6 34 8b 08 b2 f8 06 32
INFO - a6 34 cb 10 47 a8 fb 7d
INFO - a6 34 0b 18 00 01 86 a0
INFO - a6 36 4b 08 b2 f8 06 fb
INFO - a6 36 8b 10 47 a8 fb b3
INFO - a6 36 cb 18 00 01 86 a0
INFO - a6 38 0b 08 b2 f8 07 c4
INFO - a6 38 4b 10 47 a8 fb e2
INFO - a6 38 8b 18 00 01 86 a0
INFO - a6 3a cb 08 b2 f8 08 8d
INFO - a6 3a 0b 10 47 a8 fc 18
INFO - a6 3a 4b 18 00 01 86 a0
INFO - a6 3c 8b 08 b2 f8 09 56
INFO - a6 3c cb 10 47 a8 fc 47
INFO - a6 3c 0b 18 00 01 86 a0
INFO - a6 3e 4b 08 b2 f8 0a 19
INFO - a6 3e 8b 10 47 a8 fc 7c
INFO - a6 3e cb 18 00 01 86 a0
INFO - a6 40 0b 08 b2 f8 0a e2
INFO - a6 40 4b 10 47 a8 fc b2
INFO - a6 40 8b 18 00 01 86 a0
INFO - a6 42 cb 08 b2 f8 0b ab
INFO - a6 42 0b 10 47 a8 fc e1
INFO - a6 42 4b 18 00 01 86 a0
INFO - a6 44 8b 08 b2 f8 0c 74
INFO - a6 44 cb 10 47 a8 fd 16
INFO - a6 44 0b 18 00 01 86 a0
INFO - a6 46 4b 08 b2 f8 0d 3d
INFO - a6 46 8b 10 47 a8 fd 45
INFO - a6 46 cb 18 00 01 86 a0
INFO - a6 48 0b 08 b2 f8 0e 07
INFO - a6 48 4b 10 47 a8 fd 7b
INFO - a6 48 8b 18 00 01 86 a0
INFO - a6 4a cb 08 b2 f8 0e d0
INFO - a6 4a 0b 10 47 a8 fd aa
INFO - a6 4a 4b 18 00 01 86 a0
INFO - a6 4c 8b 08 b2 f8 0f 99
INFO - a6 4c cb 10 47 a8 fd e0
INFO - a6 4c 0b 18 00 01 86 a0
INFO - a6 4e 4b 08 b2 f8 10 62
INFO - a6 4e 8b 10 47 a8 fe 0f
INFO - a6 4e cb 18 00 01 86 a0
INFO - a6 50 0b 08 b2 f8 11 2b
INFO - a6 50 4b 10 47 a8 fe 3e
INFO - a6 50 8b 18 00 01 86 a0
INFO - a6 52 cb 08 b2 f8 11 ee
INFO - a6 52 0b 10 47 a8 fe 73
INFO - a6 52 4b 18 00 01 86 a0
INFO - a6 54 8b 08 b2 f8 12 b7
INFO - a6 54 cb 10 47 a8 fe a2
INFO - a6 54 0b 18 00 01 86 a0
INFO - a6 56 4b 08 b2 f8 13 80
INFO - a6 56 8b 10 47 a8 fe d1
INFO - a6 56 cb 18 00 01 86 a0
INFO - a6 58 0b 08 b2 f8 14 49
INFO - a6 58 4b 10 47 a8 ff 07
INFO - a6 58 8b 18 00 01 86 a0
INFO - a6 5a cb 08 b2 f8 15 12
INFO - a6 5a 0b 10 47 a8 ff 36
INFO - a6 5a 4b 18 00 01 86 a0
INFO - a6 5c 8b 08 b2 f8 15 dc
INFO - a6 5c cb 10 47 a8 ff 65
INFO - a6 5c 0b 18 00 01 86 a0
INFO - a6 5e 4b 08 b2 f8 16 a5
INFO - a6 5e 8b 10 47 a8 ff 94
INFO - a6 5e cb 18 00 01 86 a0
INFO - a6 60 0b 08 b2 f8 17 6e
INFO - a6 60 4b 10 47 a8 ff c2
INFO - a6 60 8b 18 00 01 86 a0
INFO - a6 62 cb 08 b2 f8 18 3e
INFO - a6 62 0b 10 47 a8 ff f1
INFO - a6 62 4b 18 00 01 86 a0
INFO - a6 64 8b 08 b2 f8 19 07
INFO - a6 64 cb 10 47 a9 00 20
INFO - a6 64 0b 18 00 01 86 a0
INFO - a6 66 4b 08 b2 f8 19 d0
INFO - a6 66 8b 10 47 a9 00 4f
INFO - a6 66 cb 18 00 01 86 a0
INFO - a6 68 0b 08 b2 f8 1a 99
INFO - a6 68 4b 10 47 a9 00 7e
INFO - a6 68 8b 18 00 01 86 a0
INFO - a6 6a cb 08 b2 f8 1b 62
INFO - a6 6a 0b 10 47 a9 00 ad
INFO - a6 6a 4b 18 00 01 86 a0
INFO - a6 6c 8b 08 b2 f8 1c 2c
INFO - a6 6c cb 10 47 a9 00 dc
INFO - a6 6c 0b 18 00 01 86 a0
INFO - a6 6e 4b 08 b2 f8 1c f5
INFO - a6 6e 8b 10 47 a9 01 0b
INFO - a6 6e cb 18 00 01 86 a0
INFO - a6 70 0b 08 b2 f8 1d be
INFO - a6 70 4b 10 47 a9 01 3a
INFO - a6 70 8b 18 00 01 86 a0
INFO - a6 72 cb 08 b2 f8 1e 87
INFO - a6 72 0b 10 47 a9 01 69
INFO - a6 72 4b 18 00 01 86 a0
INFO - a6 74 8b 08 b2 f8 1f 50
INFO - a6 74 cb 10 47 a9 01 98
INFO - a6 74 0b 18 00 01 86 a0
INFO - a6 76 4b 08 b2 f8 20 19
INFO - a6 76 8b 10 47 a9 01 c7
INFO - a6 76 cb 18 00 01 86 a0
INFO - a6 78 0b 08 b2 f8 20 e3
INFO - a6 78 4b 10 47 a9 01 f6
INFO - a6 78 8b 18 00 01 86 a0
INFO - a6 7a cb 08 b2 f8 21 ac
INFO - a6 7a 0b 10 47 a9 02 25
INFO - a6 7a 4b 18 00 01 86 a0
INFO - a6 7c 8b 08 b2 f8 22 75
INFO - a6 7c cb 10 47 a9 02 54
INFO - a6 7c 0b 18 00 01 86 a0
INFO - a6 7e 4b 08 b2 f8 23 3e
INFO - a6 7e 8b 10 47 a9 02 83
INFO - a6 7e cb 18 00 01 86 a0
INFO - a6 80 0b 08 b2 f8 24 07
INFO - a6 80 4b 10 47 a9 02 b1
INFO - a6 80 8b 18 00 01 86 a0
INFO - a6 82 cb 08 b2 f8 24 d0
INFO - a6 82 0b 10 47 a9 02 e0
INFO - a6 82 4b 18 00 01 86 a0
INFO - a6 84 8b 08 b2 f8 25 9a
INFO - a6 84 cb 10 47 a9 03 0f
INFO - a6 84 0b 18 00 01 86 a0
INFO - a6 86 4b 08 b2 f8 26 5c
INFO - a6 86 8b 10 47 a9 03 38
INFO - a6 86 cb 18 00 01 86 a0
INFO - a6 86 0b 08 b2 f8 26 5c
INFO - a6 86 4b 10 47 a9 03 38
INFO - a6 86 8b 18 00 01 86 a0
INFO - a6 88 cb 08 b2 f8 27 25
INFO - a6 88 0b 10 47 a9 03 67
INFO - a6 88 4b 18 00 01 86 a0
INFO - a6 8a 8b 08 b2 f8 27 ee
INFO - a6 8a cb 10 47 a9 03 95
INFO - a6 8a 0b 18 00 01 86 a0
INFO - a6 8c 4b 08 b2 f8 28 b8
INFO - a6 8c 8b 10 47 a9 03 be
INFO - a6 8c cb 18 00 01 86 a0
INFO - a6 8e 0b 08 b2 f8 29 81
INFO - a6 8e 4b 10 47 a9 03 e6
INFO - a6 8e 8b 18 00 01 86 a0
INFO - a6 90 cb 08 b2 f8 2a 51
INFO - a6 90 0b 10 47 a9 04 15
INFO - a6 90 4b 18 00 01 86 a0
INFO - a6 92 8b 08 b2 f8 2b 1a
INFO - a6 92 cb 10 47 a9 04 3d
INFO - a6 92 0b 18 00 01 86 a0
INFO - a6 94 4b 08 b2 f8 2b e3
INFO - a6 94 8b 10 47 a9 04 6c
INFO - a6 94 cb 18 00 01 86 a0
INFO - a6 96 0b 08 b2 f8 2c ac
INFO - a6 96 4b 10 47 a9 04 94
INFO - a6 96 8b 18 00 01 86 a0
INFO - a6 98 cb 08 b2 f8 2d 75
INFO - a6 98 0b 10 47 a9 04 bd
INFO - a6 98 4b 18 00 01 86 a0
INFO - a6 9a 8b 08 b2 f8 2e 45
INFO - a6 9a cb 10 47 a9 04 e5
INFO - a6 9a 0b 18 00 01 86 a0
INFO - a6 9c 4b 08 b2 f8 2f 0e
INFO - a6 9c 8b 10 47 a9 05 14
INFO - a6 9c cb 18 00 01 86 a0
INFO - a6 9e 0b 08 b2 f8 2f d7
INFO - a6 9e 4b 10 47 a9 05 3c
INFO - a6 9e 8b 18 00 01 86 a0
INFO - a6 a0 cb 08 b2 f8 30 a1
INFO - a6 a0 0b 10 47 a9 05 64
INFO - a6 a0 4b 18 00 01 86 a0
INFO - a6 a2 8b 08 b2 f8 31 71
INFO - a6 a2 cb 10 47 a9 05 8c
INFO - a6 a2 0b 18 00 01 86 a0
INFO - a6 a4 4b 08 b2 f8 32 3a
INFO - a6 a4 8b 10 47 a9 05 b5
INFO - a6 a4 cb 18 00 01 86 a0
INFO - a6 a6 0b 08 b2 f8 33 03
INFO - a6 a6 4b 10 47 a9 05 dd
INFO - a6 a6 8b 18 00 01 86 a0
INFO - a6 a8 cb 08 b2 f8 33 cc
INFO - a6 a8 0b 10 47 a9 06 05
INFO - a6 a8 4b 18 00 01 86 a0
INFO - a6 aa 8b 08 b2 f8 34 9c
INFO - a6 aa cb 10 47 a9 06 34
INFO - a6 aa 0b 18 00 01 86 a0
INFO - a6 ac 4b 08 b2 f8 35 65
INFO - a6 ac 8b 10 47 a9 06 5c
INFO - a6 ac cb 18 00 01 86 a0
INFO - a6 ae 0b 08 b2 f8 36 2e
INFO - a6 ae 4b 10 47 a9 06 84
INFO - a6 ae 8b 18 00 01 86 a0
INFO - a6 b0 cb 08 b2 f8 36 f7
INFO - a6 b0 0b 10 47 a9 06 ad
INFO - a6 b0 4b 18 00 01 86 a0
INFO - a6 b2 8b 08 b2 f8 37 c7
INFO - a6 b2 cb 10 47 a9 06 d5
INFO - a6 b2 0b 18 00 01 86 a0
INFO - a6 b4 4b 08 b2 f8 38 90
INFO - a6 b4 8b 10 47 a9 06 fd
INFO - a6 b4 cb 18 00 01 86 a0
INFO - a6 b6 0b 08 b2 f8 39 5a
INFO - a6 b6 4b 10 47 a9 07 25
INFO - a6 b6 8b 18 00 01 86 a0
INFO - a6 b8 cb 08 b2 f8 3a 23
INFO - a6 b8 0b 10 47 a9 07 4e
INFO - a6 b8 4b 18 00 01 86 a0
INFO - a6 ba 8b 08 b2 f8 3a f3
INFO - a6 ba cb 10 47 a9 07 6f
INFO - a6 ba 0b 18 00 01 86 a0
INFO - a6 bc 4b 08 b2 f8 3b bc
INFO - a6 bc 8b 10 47 a9 07 97
INFO - a6 bc cb 18 00 01 86 a0
INFO - a6 be 0b 08 b2 f8 3c 85
INFO - a6 be 4b 10 47 a9 07 c0
INFO - a6 be 8b 18 00 01 86 a0
INFO - a6 c0 cb 08 b2 f8 3d 62
INFO - a6 c0 0b 10 47 a9 07 ef
INFO - a6 c0 4b 18 00 01 86 a0
INFO - a6 c2 8b 08 b2 f8 3e 2b
INFO - a6 c2 cb 10 47 a9 08 17
INFO - a6 c2 0b 18 00 01 86 a0
INFO - a6 c4 4b 08 b2 f8 3e f5
INFO - a6 c4 8b 10 47 a9 08 3f
INFO - a6 c4 cb 18 00 01 86 a0
INFO - a6 c6 0b 08 b2 f8 3f c4
INFO - a6 c6 4b 10 47 a9 08 67
INFO - a6 c6 8b 18 00 01 86 a0
INFO - a6 c8 cb 08 b2 f8 40 8e
INFO - a6 c8 0b 10 47 a9 08 90
INFO - a6 c8 4b 18 00 01 86 a0
INFO - a6 ca 8b 08 b2 f8 41 57
INFO - a6 ca cb 10 47 a9 08 b8
INFO - a6 ca 0b 18 00 01 86 a0
INFO - a6 cc 4b 08 b2 f8 42 13
INFO - a6 cc 8b 10 47 a9 08 e0
INFO - a6 cc cb 18 00 01 86 a0
INFO - a6 ce 0b 08 b2 f8 42 e2
INFO - a6 ce 4b 10 47 a9 09 08
INFO - a6 ce 8b 18 00 01 86 a0
INFO - a6 d0 cb 08 b2 f8 43 ac
INFO - a6 d0 0b 10 47 a9 09 30
INFO - a6 d0 4b 18 00 01 86 a0
INFO - a6 d2 8b 08 b2 f8 44 75
INFO - a6 d2 cb 10 47 a9 09 59
INFO - a6 d2 0b 18 00 01 86 a0
INFO - a6 d4 4b 08 b2 f8 45 3e
INFO - a6 d4 8b 10 47 a9 09 81
INFO - a6 d4 cb 18 00 01 86 a0
INFO - a6 d6 0b 08 b2 f8 46 07
INFO - a6 d6 4b 10 47 a9 09 a9
INFO - a6 d6 8b 18 00 01 86 a0
INFO - a6 d8 cb 08 b2 f8 46 d7
INFO - a6 d8 0b 10 47 a9 09 d1
INFO - a6 d8 4b 18 00 01 86 a0
INFO - a6 db 8b 08 b2 f8 47 cf
INFO - a6 db cb 10 47 a9 0a 00
INFO - a6 db 0b 18 00 01 86 a0
INFO - a6 db 4b 08 b2 f8 47 cf
INFO - a6 db 8b 10 47 a9 0a 00
INFO - a6 db cb 18 00 01 86 a0
INFO - a6 dd 0b 08 b2 f8 48 9f
INFO - a6 dd 4b 10 47 a9 0a 22
INFO - a6 dd 8b 18 00 01 86 a0
INFO - a6 df cb 08 b2 f8 49 68
INFO - a6 df 0b 10 47 a9 0a 43
INFO - a6 df 4b 18 00 01 86 a0
INFO - a6 e1 8b 08 b2 f8 4a 38
INFO - a6 e1 cb 10 47 a9 0a 65
INFO - a6 e1 0b 18 00 01 86 a0
INFO - a6 e3 4b 08 b2 f8 4b 01
INFO - a6 e3 8b 10 47 a9 0a 86
INFO - a6 e3 cb 18 00 01 86 a0
INFO - a6 e5 0b 08 b2 f8 4b d1
INFO - a6 e5 4b 10 47 a9 0a a8
INFO - a6 e5 8b 18 00 01 86 a0
INFO - a6 e7 cb 08 b2 f8 4c a1
INFO - a6 e7 0b 10 47 a9 0a c9
INFO - a6 e7 4b 18 00 01 86 a0
INFO - a6 e9 8b 08 b2 f8 4d 6a
INFO - a6 e9 cb 10 47 a9 0a eb
INFO - a6 e9 0b 18 00 01 86 a0
INFO - a6 eb 4b 08 b2 f8 4e 3a
INFO - a6 eb 8b 10 47 a9 0b 0d
INFO - a6 eb cb 18 00 01 86 a0
INFO - a6 ed 0b 08 b2 f8 4f 03
INFO - a6 ed 4b 10 47 a9 0b 27
INFO - a6 ed 8b 18 00 01 86 a0
INFO - a6 ef cb 08 b2 f8 4f d3
INFO - a6 ef 0b 10 47 a9 0b 49
INFO - a6 ef 4b 18 00 01 86 a0
INFO - a6 f1 8b 08 b2 f8 50 9c
INFO - a6 f1 cb 10 47 a9 0b 6a
INFO - a6 f1 0b 18 00 01 86 a0
INFO - a6 f3 4b 08 b2 f8 51 6c
INFO - a6 f3 8b 10 47 a9 0b 8c
INFO - a6 f3 cb 18 00 01 86 a0
INFO - a6 f5 0b 08 b2 f8 52 3c
INFO - a6 f5 4b 10 47 a9 0b ad
INFO - a6 f5 8b 18 00 01 86 a0
INFO - a6 f7 cb 08 b2 f8 53 05
INFO - a6 f7 0b 10 47 a9 0b cf
INFO - a6 f7 4b 18 00 01 86 a0
INFO - a6 f9 8b 08 b2 f8 53 d5
INFO - a6 f9 cb 10 47 a9 0b f1
INFO - a6 f9 0b 18 00 01 86 a0
INFO - a6 fb 4b 08 b2 f8 54 9e
INFO - a6 fb 8b 10 47 a9 0c 12
INFO - a6 fb cb 18 00 01 86 a0
INFO - a6 fd 0b 08 b2 f8 55 6e
INFO - a6 fd 4b 10 47 a9 0c 34
INFO - a6 fd 8b 18 00 01 86 a0
INFO - a6 ff cb 08 b2 f8 56 3e
INFO - a6 ff 0b 10 47 a9 0c 55
INFO - a6 ff 4b 18 00 01 86 a0
INFO - a7 01 8b 08 b2 f8 57 07
INFO - a7 01 cb 10 47 a9 0c 77
INFO - a7 01 0b 18 00 01 86 a0
INFO - a7 03 4b 08 b2 f8 57 d7
INFO - a7 03 8b 10 47 a9 0c 98
INFO - a7 03 cb 18 00 01 86 a0
INFO - a7 05 0b 08 b2 f8 58 a0
INFO - a7 05 4b 10 47 a9 0c ba
INFO - a7 05 8b 18 00 01 86 a0
INFO - a7 07 cb 08 b2 f8 59 70
INFO - a7 07 0b 10 47 a9 0c db
INFO - a7 07 4b 18 00 01 86 a0
INFO - a7 09 8b 08 b2 f8 5a 39
INFO - a7 09 cb 10 47 a9 0c fd
INFO - a7 09 0b 18 00 01 86 a0
INFO - a7 0b 4b 08 b2 f8 5b 09
INFO - a7 0b 8b 10 47 a9 0d 1e
INFO - a7 0b cb 18 00 01 86 a0
INFO - a7 0d 0b 08 b2 f8 5b d2
INFO - a7 0d 4b 10 47 a9 0d 39
INFO - a7 0d 8b 18 00 01 86 a0
INFO - a7 0f cb 08 b2 f8 5c a2
INFO - a7 0f 0b 10 47 a9 0d 5b
INFO - a7 0f 4b 18 00 01 86 a0
INFO - a7 11 8b 08 b2 f8 5d 6b
INFO - a7 11 cb 10 47 a9 0d 7c
INFO - a7 11 0b 18 00 01 86 a0
INFO - a7 13 4b 08 b2 f8 5e 34
INFO - a7 13 8b 10 47 a9 0d 9e
INFO - a7 13 cb 18 00 01 86 a0
INFO - a7 15 0b 08 b2 f8 5f 04
INFO - a7 15 4b 10 47 a9 0d bf
INFO - a7 15 8b 18 00 01 86 a0
INFO - a7 17 cb 08 b2 f8 5f d4
INFO - a7 17 0b 10 47 a9 0d da
INFO - a7 17 4b 18 00 01 86 a0
INFO - a7 19 8b 08 b2 f8 60 9d
INFO - a7 19 cb 10 47 a9 0d fc
INFO - a7 19 0b 18 00 01 86 a0
INFO - a7 1b 4b 08 b2 f8 61 6d
INFO - a7 1b 8b 10 47 a9 0e 16
INFO - a7 1b cb 18 00 01 86 a0
INFO - a7 1d 0b 08 b2 f8 62 36
INFO - a7 1d 4b 10 47 a9 0e 38
INFO - a7 1d 8b 18 00 01 86 a0
INFO - a7 1f cb 08 b2 f8 63 06
INFO - a7 1f 0b 10 47 a9 0e 59
INFO - a7 1f 4b 18 00 01 86 a0
INFO - a7 21 8b 08 b2 f8 63 d6
INFO - a7 21 cb 10 47 a9 0e 74
INFO - a7 21 0b 18 00 01 86 a0
INFO - a7 23 4b 08 b2 f8 64 9f
INFO - a7 23 8b 10 47 a9 0e 96
INFO - a7 23 cb 18 00 01 86 a0
INFO - a7 25 0b 08 b2 f8 65 6f
INFO - a7 25 4b 10 47 a9 0e b7
INFO - a7 25 8b 18 00 01 86 a0
INFO - a7 27 cb 08 b2 f8 66 3f
INFO - a7 27 0b 10 47 a9 0e d2
INFO - a7 27 4b 18 00 01 86 a0
INFO - a7 29 8b 08 b2 f8 67 0f
INFO - a7 29 cb 10 47 a9 0e ed
INFO - a7 29 0b 18 00 01 86 a0
INFO - a7 2b 4b 08 b2 f8 67 d8
INFO - a7 2b 8b 10 47 a9 0f 0e
INFO - a7 2b cb 18 00 01 86 a0
INFO - a7 2d 0b 08 b2 f8 68 a8
INFO - a7 2d 4b 10 47 a9 0f 29
INFO - a7 2d 8b 18 00 01 86 a0
INFO - a7 2f cb 08 b2 f8 69 71
INFO - a7 2f 0b 10 47 a9 0f 4b
INFO - a7 2f 4b 18 00 01 86 a0
INFO - a7 31 8b 08 b2 f8 6a 41
INFO - a7 31 cb 10 47 a9 0f 66
INFO - a7 31 0b 18 00 01 86 a0
INFO - a7 33 4b 08 b2 f8 6b 11
INFO - a7 33 8b 10 47 a9 0f 87
INFO - a7 33 cb 18 00 01 86 a0
INFO - a7 35 0b 08 b2 f8 6b da
INFO - a7 35 4b 10 47 a9 0f a2
INFO - a7 35 8b 18 00 01 86 a0
INFO - a7 37 cb 08 b2 f8 6c aa
INFO - a7 37 0b 10 47 a9 0f bd
INFO - a7 37 4b 18 00 01 86 a0
INFO - a7 39 8b 08 b2 f8 6d 7a
INFO - a7 39 cb 10 47 a9 0f d8
INFO - a7 39 0b 18 00 01 86 a0
INFO - a7 3b 4b 08 b2 f8 6e 49
INFO - a7 3b 8b 10 47 a9 0f f9
INFO - a7 3b cb 18 00 01 86 a0
INFO - a7 3d 0b 08 b2 f8 6f 13
INFO - a7 3d 4b 10 47 a9 10 14
INFO - a7 3d 8b 18 00 01 86 a0
INFO - a7 3f cb 08 b2 f8 6f e2
INFO - a7 3f 0b 10 47 a9 10 2f
INFO - a7 3f 4b 18 00 01 86 a0
INFO - a7 41 8b 08 b2 f8 70 b2
INFO - a7 41 cb 10 47 a9 10 4a
INFO - a7 41 0b 18 00 01 86 a0
INFO - a7 43 4b 08 b2 f8 71 82
INFO - a7 43 8b 10 47 a9 10 64
INFO - a7 43 cb 18 00 01 86 a0
INFO - a7 45 0b 08 b2 f8 72 4b
INFO - a7 45 4b 10 47 a9 10 86
INFO - a7 45 8b 18 00 01 86 a0
INFO - a7 47 cb 08 b2 f8 73 29
INFO - a7 47 0b 10 47 a9 10 a1
INFO - a7 47 4b 18 00 01 86 a0
INFO - a7 47 8b 08 b2 f8 73 29
INFO - a7 47 cb 10 47 a9 10 a1
INFO - a7 47 0b 18 00 01 86 a0
INFO - a7 49 4b 08 b2 f8 73 f2
INFO - a7 49 8b 10 47 a9 10 bc
INFO - a7 49 cb 18 00 01 86 a0
INFO - a7 4b 0b 08 b2 f8 74 c2
INFO - a7 4b 4b 10 47 a9 10 d6
INFO - a7 4b 8b 18 00 01 86 a0
INFO - a7 4d cb 08 b2 f8 75 92
INFO - a7 4d 0b 10 47 a9 10 f1
INFO - a7 4d 4b 18 00 01 86 a0
INFO - a7 4f 8b 08 b2 f8 76 5b
INFO - a7 4f cb 10 47 a9 11 0c
INFO - a7 4f 0b 18 00 01 86 a0
INFO - a7 51 4b 08 b2 f8 77 2b
INFO - a7 51 8b 10 47 a9 11 20
INFO - a7 51 cb 18 00 01 86 a0
INFO - a7 52 0b 08 b2 f8 77 b1
INFO - a7 52 4b 10 47 a9 11 34
INFO - a7 52 8b 18 00 01 86 a0
INFO - a7 53 cb 08 b2 f8 78 01
INFO - a7 53 0b 10 47 a9 11 3b
INFO - a7 53 4b 18 00 01 86 a0
INFO - a7 55 8b 08 b2 f8 78 ca
INFO - a7 55 cb 10 47 a9 11 56
INFO - a7 55 0b 18 00 01 86 a0
INFO - a7 57 4b 08 b2 f8 79 9a
INFO - a7 57 8b 10 47 a9 11 71
INFO - a7 57 cb 18 00 01 86 a0
INFO - a7 5a 0b 08 b2 f8 7a 8c
INFO - a7 5a 4b 10 47 a9 11 8c
INFO - a7 5a 8b 18 00 01 86 a0
INFO - a7 5a cb 08 b2 f8 7a 8c
INFO - a7 5a 0b 10 47 a9 11 8c
INFO - a7 5a 4b 18 00 01 86 a0
INFO - a7 5b 8b 08 b2 f8 7b 3a
INFO - a7 5b cb 10 47 a9 11 a6
INFO - a7 5b 0b 18 00 01 86 a0
INFO - a7 5d 4b 08 b2 f8 7c 03
INFO - a7 5d 8b 10 47 a9 11 ba
INFO - a7 5d cb 18 00 01 86 a0
INFO - a7 5f 0b 08 b2 f8 7c d3
INFO - a7 5f 4b 10 47 a9 11 d5
INFO - a7 5f 8b 18 00 01 86 a0
INFO - a7 61 cb 08 b2 f8 7d a3
INFO - a7 61 0b 10 47 a9 11 f0
INFO - a7 61 4b 18 00 01 86 a0
INFO - a7 63 8b 08 b2 f8 7e 73
INFO - a7 63 cb 10 47 a9 12 0b
INFO - a7 63 0b 18 00 01 86 a0
INFO - a7 65 4b 08 b2 f8 7f 3c
INFO - a7 65 8b 10 47 a9 12 1f
INFO - a7 65 cb 18 00 01 86 a0
INFO - a7 67 0b 08 b2 f8 80 0c
INFO - a7 67 4b 10 47 a9 12 3a
INFO - a7 67 8b 18 00 01 86 a0
INFO - a7 69 cb 08 b2 f8 80 dc
INFO - a7 69 0b 10 47 a9 12 55
INFO - a7 69 4b 18 00 01 86 a0
INFO - a7 6b 8b 08 b2 f8 81 ac
INFO - a7 6b cb 10 47 a9 12 69
INFO - a7 6b 0b 18 00 01 86 a0
INFO - a7 6d 4b 08 b2 f8 82 90
INFO - a7 6d 8b 10 47 a9 12 84
INFO - a7 6d cb 18 00 01 86 a0
INFO - a7 6d 0b 08 b2 f8 82 90
INFO - a7 6d 4b 10 47 a9 12 84
INFO - a7 6d 8b 18 00 01 86 a0
INFO - a7 6f cb 08 b2 f8 83 5f
INFO - a7 6f 0b 10 47 a9 12 9e
INFO - a7 6f 4b 18 00 01 86 a0
INFO - a7 71 8b 08 b2 f8 84 29
INFO - a7 71 cb 10 47 a9 12 b3
INFO - a7 71 0b 18 00 01 86 a0
INFO - a7 73 4b 08 b2 f8 84 f8
INFO - a7 73 8b 10 47 a9 12 cd
INFO - a7 73 cb 18 00 01 86 a0
INFO - a7 75 0b 08 b2 f8 85 c8
INFO - a7 75 4b 10 47 a9 12 e1
INFO - a7 75 8b 18 00 01 86 a0
INFO - a7 77 cb 08 b2 f8 86 98
INFO - a7 77 0b 10 47 a9 12 fc
INFO - a7 77 4b 18 00 01 86 a0
INFO - a7 7a 8b 08 b2 f8 87 68
INFO - a7 7a cb 10 47 a9 13 10
INFO - a7 7a 0b 18 00 01 86 a0
INFO - a7 7b 4b 08 b2 f8 88 31
INFO - a7 7b 8b 10 47 a9 13 2b
INFO - a7 7b cb 18 00 01 86 a0
INFO - a7 7d 0b 08 b2 f8 89 01
INFO - a7 7d 4b 10 47 a9 13 3f
INFO - a7 7d 8b 18 00 01 86 a0
INFO - a7 7f cb 08 b2 f8 89 d1
INFO - a7 7f 0b 10 47 a9 13 53
INFO - a7 7f 4b 18 00 01 86 a0
INFO - a7 82 8b 08 b2 f8 8a a1
INFO - a7 82 cb 10 47 a9 13 6e
INFO - a7 82 0b 18 00 01 86 a0
INFO - a7 84 4b 08 b2 f8 8b 71
INFO - a7 84 8b 10 47 a9 13 82
INFO - a7 84 cb 18 00 01 86 a0
INFO - a7 86 0b 08 b2 f8 8c 41
INFO - a7 86 4b 10 47 a9 13 97
INFO - a7 86 8b 18 00 01 86 a0
INFO - a7 87 cb 08 b2 f8 8d 0a
INFO - a7 87 0b 10 47 a9 13 ab
INFO - a7 87 4b 18 00 01 86 a0
INFO - a7 8a 8b 08 b2 f8 8d da
INFO - a7 8a cb 10 47 a9 13 bf
INFO - a7 8a 0b 18 00 01 86 a0
INFO - a7 8c 4b 08 b2 f8 8e a9
INFO - a7 8c 8b 10 47 a9 13 da
INFO - a7 8c cb 18 00 01 86 a0
INFO - a7 8e 0b 08 b2 f8 8f 79
INFO - a7 8e 4b 10 47 a9 13 ee
INFO - a7 8e 8b 18 00 01 86 a0
INFO - a7 90 cb 08 b2 f8 90 49
INFO - a7 90 0b 10 47 a9 14 02
INFO - a7 90 4b 18 00 01 86 a0
INFO - a7 92 8b 08 b2 f8 91 19
INFO - a7 92 cb 10 47 a9 14 16
INFO - a7 92 0b 18 00 01 86 a0
INFO - a7 94 4b 08 b2 f8 91 e9
INFO - a7 94 8b 10 47 a9 14 2a
INFO - a7 94 cb 18 00 01 86 a0
INFO - a7 96 0b 08 b2 f8 92 b2
INFO - a7 96 4b 10 47 a9 14 3e
INFO - a7 96 8b 18 00 01 86 a0
INFO - a7 98 cb 08 b2 f8 93 82
INFO - a7 98 0b 10 47 a9 14 52
INFO - a7 98 4b 18 00 01 86 a0
INFO - a7 9a 8b 08 b2 f8 94 52
INFO - a7 9a cb 10 47 a9 14 66
INFO - a7 9a 0b 18 00 01 86 a0
INFO - a7 9c 4b 08 b2 f8 95 22
INFO - a7 9c 8b 10 47 a9 14 7b
INFO - a7 9c cb 18 00 01 86 a0
INFO - a7 9e 0b 08 b2 f8 95 f2
INFO - a7 9e 4b 10 47 a9 14 8f
INFO - a7 9e 8b 18 00 01 86 a0
INFO - a7 a0 cb 08 b2 f8 96 c1
INFO - a7 a0 0b 10 47 a9 14 9c
INFO - a7 a0 4b 18 00 01 86 a0
INFO - a7 a2 8b 08 b2 f8 97 8b
INFO - a7 a2 cb 10 47 a9 14 b0
INFO - a7 a2 0b 18 00 01 86 a0
INFO - a7 a4 4b 08 b2 f8 98 5b
INFO - a7 a4 8b 10 47 a9 14 c4
INFO - a7 a4 cb 18 00 01 86 a0
INFO - a7 a6 0b 08 b2 f8 99 2a
INFO - a7 a6 4b 10 47 a9 14 d8
INFO - a7 a6 8b 18 00 01 86 a0
INFO - a7 a8 cb 08 b2 f8 99 fa
INFO - a7 a8 0b 10 47 a9 14 e6
INFO - a7 a8 4b 18 00 01 86 a0
INFO - a7 aa 8b 08 b2 f8 9a ca
INFO - a7 aa cb 10 47 a9 14 fa
INFO - a7 aa 0b 18 00 01 86 a0
INFO - a7 ac 4b 08 b2 f8 9b 9a
INFO - a7 ac 8b 10 47 a9 15 0e
INFO - a7 ac cb 18 00 01 86 a0
INFO - a7 ae 0b 08 b2 f8 9c 6a
INFO - a7 ae 4b 10 47 a9 15 1b
INFO - a7 ae 8b 18 00 01 86 a0
INFO - a7 b0 cb 08 b2 f8 9d 33
INFO - a7 b0 0b 10 47 a9 15 30
INFO - a7 b0 4b 18 00 01 86 a0
INFO - a7 b2 8b 08 b2 f8 9e 03
INFO - a7 b2 cb 10 47 a9 15 3d
INFO - a7 b2 0b 18 00 01 86 a0
INFO - a7 b4 4b 08 b2 f8 9e d3
INFO - a7 b4 8b 10 47 a9 15 51
INFO - a7 b4 cb 18 00 01 86 a0
INFO - a7 b6 0b 08 b2 f8 9f a3
INFO - a7 b6 4b 10 47 a9 15 65
INFO - a7 b6 8b 18 00 01 86 a0
INFO - a7 b8 cb 08 b2 f8 a0 73
INFO - a7 b8 0b 10 47 a9 15 73
INFO - a7 b8 4b 18 00 01 86 a0
INFO - a7 ba 8b 08 b2 f8 a1 42
INFO - a7 ba cb 10 47 a9 15 87
INFO - a7 ba 0b 18 00 01 86 a0
INFO - a7 bc 4b 08 b2 f8 a2 12
INFO - a7 bc 8b 10 47 a9 15 94
INFO - a7 bc cb 18 00 01 86 a0
INFO - a7 be 0b 08 b2 f8 a2 e2
INFO - a7 be 4b 10 47 a9 15 a8
INFO - a7 be 8b 18 00 01 86 a0
INFO - a7 c0 cb 08 b2 f8 a3 b2
INFO - a7 c0 0b 10 47 a9 15 b6
INFO - a7 c0 4b 18 00 01 86 a0
INFO - a7 c2 8b 08 b2 f8 a4 82
INFO - a7 c2 cb 10 47 a9 15 ca
INFO - a7 c2 0b 18 00 01 86 a0
INFO - a7 c4 4b 08 b2 f8 a5 52
INFO - a7 c4 8b 10 47 a9 15 d7
INFO - a7 c4 cb 18 00 01 86 a0
INFO - a7 c6 0b 08 b2 f8 a6 22
INFO - a7 c6 4b 10 47 a9 15 e5
INFO - a7 c6 8b 18 00 01 86 a0
INFO - a7 c8 cb 08 b2 f8 a6 f1
INFO - a7 c8 0b 10 47 a9 15 f9
INFO - a7 c8 4b 18 00 01 86 a0
INFO - a7 ca 8b 08 b2 f8 a7 c1
INFO - a7 ca cb 10 47 a9 16 06
INFO - a7 ca 0b 18 00 01 86 a0
INFO - a7 cc 4b 08 b2 f8 a8 91
INFO - a7 cc 8b 10 47 a9 16 14
INFO - a7 cc cb 18 00 01 86 a0
INFO - a7 ce 0b 08 b2 f8 a9 61
INFO - a7 ce 4b 10 47 a9 16 28
INFO - a7 ce 8b 18 00 01 86 a0
INFO - a7 d0 cb 08 b2 f8 aa 31
INFO - a7 d0 0b 10 47 a9 16 35
INFO - a7 d0 4b 18 00 01 86 a0
INFO - a7 d2 8b 08 b2 f8 ab 01
INFO - a7 d2 cb 10 47 a9 16 43
INFO - a7 d2 0b 18 00 01 86 a0
INFO - a7 d4 4b 08 b2 f8 ab d1
INFO - a7 d4 8b 10 47 a9 16 50
INFO - a7 d4 cb 18 00 01 86 a0
INFO - a7 d6 0b 08 b2 f8 ac a1
INFO - a7 d6 4b 10 47 a9 16 64
INFO - a7 d6 8b 18 00 01 86 a0
INFO - a7 d8 cb 08 b2 f8 ad 70
INFO - a7 d8 0b 10 47 a9 16 71
INFO - a7 d8 4b 18 00 01 86 a0
INFO - a7 da 8b 08 b2 f8 ae 40
INFO - a7 da cb 10 47 a9 16 7f
INFO - a7 da 0b 18 00 01 86 a0
INFO - a7 dc 4b 08 b2 f8 af 10
INFO - a7 dc 8b 10 47 a9 16 8c
INFO - a7 dc cb 18 00 01 86 a0
INFO - a7 de 0b 08 b2 f8 af e0
INFO - a7 de 4b 10 47 a9 16 9a
INFO - a7 de 8b 18 00 01 86 a0
INFO - a7 e0 cb 08 b2 f8 b0 b0
INFO - a7 e0 0b 10 47 a9 16 a7
INFO - a7 e0 4b 18 00 01 86 a0
INFO - a7 e2 8b 08 b2 f8 b1 80
INFO - a7 e2 cb 10 47 a9 16 b4
INFO - a7 e2 0b 18 00 01 86 a0
INFO - a7 e4 4b 08 b2 f8 b2 50
INFO - a7 e4 8b 10 47 a9 16 c2
INFO - a7 e4 cb 18 00 01 86 a0
INFO - a7 e6 0b 08 b2 f8 b3 20
INFO - a7 e6 4b 10 47 a9 16 cf
INFO - a7 e6 8b 18 00 01 86 a0
INFO - a7 e8 cb 08 b2 f8 b3 ef
INFO - a7 e8 0b 10 47 a9 16 dd
INFO - a7 e8 4b 18 00 01 86 a0
INFO - a7 ea 8b 08 b2 f8 b4 bf
INFO - a7 ea cb 10 47 a9 16 ea
INFO - a7 ea 0b 18 00 01 86 a0
INFO - a7 ec 4b 08 b2 f8 b5 8f
INFO - a7 ec 8b 10 47 a9 16 f1
INFO - a7 ec cb 18 00 01 86 a0
INFO - a7 ee 0b 08 b2 f8 b6 5f
INFO - a7 ee 4b 10 47 a9 16 fe
INFO - a7 ee 8b 18 00 01 86 a0
INFO - a7 f0 cb 08 b2 f8 b7 2f
INFO - a7 f0 0b 10 47 a9 17 0c
INFO - a7 f0 4b 18 00 01 86 a0
