INFO - a1 97 09 40 57 00 00 02
INFO - a1 97 49 40 57 00 00 02
INFO - a1 97 89 40 57 00 00 02
INFO - a1 97 c9 40 57 00 00 02
INFO - 89 32 09 08 40 28 2e 0b
INFO - 89 32 49 20 40 28 0e 03
INFO - 89 32 89 40 40 20 00 78
INFO - 89 34 89 08 40 28 2e 0b
INFO - 89 34 c9 20 40 28 0e 03
INFO - 89 34 09 40 40 21 e0 01
INFO - 89 36 09 08 40 28 2e 0b
INFO - 89 36 49 20 40 28 0e 03
INFO - 89 36 89 40 40 20 04 fc
INFO - 89 38 89 08 40 28 2e 0b
INFO - 89 38 c9 20 40 28 0e 03
INFO - 89 38 09 40 40 23 f0 00
INFO - 89 3a 09 08 40 28 2e 0b
INFO - 89 3a 49 20 40 28 0e 01
INFO - 89 3a 89 40 40 20 00 01
INFO - 89 3c 89 08 40 28 2e 0b
INFO - 89 3c c9 20 40 28 06 01
INFO - 89 3c 09 40 40 20 04 fc
INFO - 89 3e 09 08 40 28 2e 0b
INFO - 89 3e 49 20 40 28 06 01
INFO - 89 3e 89 40 40 23 f0 01
INFO - 89 40 89 08 40 28 2e 0f
INFO - 89 40 c9 20 40 28 06 03
INFO - 89 40 09 40 40 20 04 fc
INFO - 89 42 09 08 40 28 3e 10
INFO - 89 42 49 20 40 28 0e 03
INFO - 89 42 89 40 40 23 f0 fd
INFO - 89 44 89 08 40 28 42 10
INFO - 89 44 c9 20 40 28 0e 03
INFO - 89 44 09 40 40 23 f4 01
INFO - 89 46 09 08 40 28 42 10
INFO - 89 46 49 20 40 28 0e 03
INFO - 89 46 89 40 40 20 04 fc
INFO - 89 48 89 08 40 28 42 10
INFO - 89 48 c9 20 40 28 0e 01
INFO - 89 48 09 40 40 23 f0 01
INFO - 89 4a 09 08 40 28 42 10
INFO - 89 4a 49 20 40 28 06 01
INFO - 89 4a 89 40 40 20 04 fc
INFO - 89 4c 89 08 40 28 42 10
INFO - 89 4c c9 20 40 28 06 01
INFO - 89 4c 09 40 40 23 f0 00
INFO - 89 4e 09 08 40 28 42 10
INFO - 89 4e 49 20 40 28 06 01
INFO - 89 4e 89 40 40 20 00 01
INFO - 89 50 89 08 40 28 42 10
INFO - 89 50 c9 20 40 28 06 01
INFO - 89 50 09 40 40 20 04 fc
INFO - 89 52 09 08 40 28 42 10
INFO - 89 52 49 20 40 28 06 01
INFO - 89 52 89 40 40 23 f0 01
INFO - 89 54 89 08 40 28 42 10
INFO - 89 54 c9 20 40 28 06 01
INFO - 89 54 09 40 40 20 04 fc
INFO - 89 56 09 08 40 28 42 10
INFO - 89 56 49 20 40 28 05 ff
INFO - 89 56 89 40 40 23 f0 00
INFO - 89 58 89 08 40 28 42 10
INFO - 89 58 c9 20 40 27 fd ff
INFO - 89 58 09 40 40 20 00 01
INFO - 89 5a 09 08 40 28 42 10
INFO - 89 5a 49 20 40 27 fd ff
INFO - 89 5a 89 40 40 20 04 fc
INFO - 89 5c 89 08 40 28 42 10
INFO - 89 5c c9 20 40 27 fe 01
INFO - 89 5c 09 40 40 23 f0 00
INFO - 89 5e 09 08 40 28 41 f6
INFO - 89 5e 49 20 40 28 06 01
INFO - 89 5e 89 40 40 20 00 01
INFO - 89 60 89 08 40 27 d9 f1
INFO - 89 60 c9 20 40 28 06 03
INFO - 89 60 09 40 40 20 04 fc
INFO - 89 62 09 08 40 27 c6 13
INFO - 89 62 49 20 40 28 0e 03
INFO - 89 62 89 40 40 23 f0 01
INFO - 89 64 89 08 40 28 4d fc
INFO - 89 64 c9 20 40 28 0e 03
INFO - 89 64 09 40 40 20 04 fc
INFO - 89 66 09 08 40 27 f1 f5
INFO - 89 66 49 20 40 28 0e 03
INFO - 89 66 89 40 40 23 f0 fd
INFO - 89 68 89 08 40 27 d5 f5
INFO - 89 68 c9 20 40 28 0e 03
INFO - 89 68 09 40 40 23 f4 01
INFO - 89 6a 09 08 40 27 d5 f5
INFO - 89 6a 49 20 40 28 0e 03
INFO - 89 6a 89 40 40 20 04 fc
INFO - 89 6c 89 08 40 27 d5 f5
INFO - 89 6c c9 20 40 28 0e 03
INFO - 89 6c 09 40 40 23 f0 01
INFO - 89 6e 09 08 40 27 d5 f5
INFO - 89 6e 49 20 40 28 0e 03
INFO - 89 6e 89 40 40 20 04 fc
INFO - 89 70 89 08 40 27 d5 f5
INFO - 89 70 c9 20 40 28 0e 01
INFO - 89 70 09 40 40 23 f0 fd
INFO - 89 72 09 08 40 27 d5 f5
INFO - 89 72 49 20 40 28 05 ff
INFO - 89 72 89 40 40 23 f4 01
INFO - 89 74 89 08 40 27 d5 f5
INFO - 89 74 c9 20 40 27 fd ff
INFO - 89 74 09 40 40 20 04 fc
INFO - 89 76 09 08 40 27 d5 f5
INFO - 89 76 49 20 40 27 fd ff
INFO - 89 76 89 40 40 23 f0 01
INFO - 89 78 89 08 40 27 d5 f5
INFO - 89 78 c9 20 40 27 fd ff
INFO - 89 78 09 40 40 20 04 fc
INFO - 89 7a 09 08 40 27 d5 f5
INFO - 89 7a 49 20 40 27 fd ff
INFO - 89 7a 89 40 40 23 f0 00
INFO - 89 7c 89 08 40 27 d5 f5
INFO - 89 7c c9 20 40 27 fd ff
INFO - 89 7c 09 40 40 20 00 01
INFO - 89 7e 09 08 40 27 d5 f5
INFO - 89 7e 49 20 40 27 fd ff
INFO - 89 7e 89 40 40 20 04 fc
INFO - 89 80 89 08 40 27 d5 f5
INFO - 89 80 c9 20 40 27 fd ff
INFO - 89 80 09 40 40 23 f0 fd
INFO - 89 82 09 08 40 27 d5 f5
INFO - 89 82 49 20 40 27 fd ff
INFO - 89 82 89 40 40 23 f4 01
INFO - 89 84 89 08 40 27 d6 42
INFO - 89 84 c9 20 40 27 fd ff
INFO - 89 84 09 40 40 20 04 fc
INFO - 89 86 09 08 40 29 0a 4b
INFO - 89 86 49 20 40 27 fd ff
INFO - 89 86 89 40 40 23 f0 01
INFO - 89 88 89 08 40 29 2e 4b
INFO - 89 88 c9 20 40 27 fd ff
INFO - 89 88 09 40 40 20 04 fc
INFO - 89 8a 09 08 40 29 2e 4b
INFO - 89 8a 49 20 40 27 fd ff
INFO - 89 8a 89 40 40 23 f0 00
INFO - 89 8c 89 08 40 29 2e 4b
INFO - 89 8c c9 20 40 27 fd ff
INFO - 89 8c 09 40 40 20 00 01
INFO - 89 8e 09 08 40 29 2e 4b
INFO - 89 8e 49 20 40 27 fd ff
INFO - 89 8e 89 40 40 20 04 fc
INFO - 89 90 89 08 40 29 2e 4b
INFO - 89 90 c9 20 40 27 fd ff
INFO - 89 90 09 40 40 23 f0 01
INFO - 89 92 09 08 40 29 2e 4b
INFO - 89 92 49 20 40 27 fd ff
INFO - 89 92 89 40 40 20 04 fc
INFO - a9 93 c9 40 57 00 00 02
INFO - a9 93 09 40 57 00 00 02
INFO - a9 93 49 40 57 00 00 02
INFO - a9 93 89 40 57 00 00 02
INFO - 89 94 89 08 40 29 2e 4b
INFO - 89 94 c9 20 40 27 fd ff
INFO - 89 94 09 40 40 23 f0 fd
INFO - 89 96 09 08 40 29 2e 4b
INFO - 89 96 49 20 40 27 fd ff
INFO - 89 96 89 40 40 23 f4 01
INFO - 89 98 89 08 40 29 2e 4b
INFO - 89 98 c9 20 40 27 fd ff
INFO - 89 98 09 40 40 20 04 fc
INFO - 89 9a 09 08 40 29 2e 4b
INFO - 89 9a 49 20 40 27 fd ff
INFO - 89 9a 89 40 40 23 f0 00
INFO - 89 9c 89 08 40 29 2e 4b
INFO - 89 9c c9 20 40 27 fd ff
INFO - 89 9c 09 40 40 20 00 01
INFO - 89 9e 09 08 40 29 2e 4b
INFO - 89 9e 49 20 40 27 fe 01
INFO - 89 9e 89 40 40 20 04 fc
INFO - 89 a0 89 08 40 29 2e 4b
INFO - 89 a0 c9 20 40 28 06 01
INFO - 89 a0 09 40 40 23 f0 fd
INFO - 89 a2 09 08 40 29 2e 4b
INFO - 89 a2 49 20 40 28 06 01
INFO - 89 a2 89 40 40 23 f4 01
INFO - 89 a4 89 08 40 29 2d fd
INFO - 89 a4 c9 20 40 28 06 01
INFO - 89 a4 09 40 40 20 04 fc
INFO - 89 a6 09 08 40 27 f5 eb
INFO - 89 a6 49 20 40 28 06 01
INFO - 89 a6 89 40 40 23 f0 00
INFO - 89 a8 89 08 40 27 ad f7
INFO - 89 a8 c9 20 40 28 06 01
INFO - 89 a8 09 40 40 20 00 01
INFO - 89 aa 09 08 40 27 dd ee
INFO - 89 aa 49 20 40 28 06 03
INFO - 89 aa 89 40 40 20 04 fc
INFO - 89 ac 89 08 40 27 b9 eb
INFO - 89 ac c9 20 40 28 0e 01
INFO - 89 ac 09 40 40 23 f0 00
INFO - 89 ae 09 08 40 27 ad eb
INFO - 89 ae 49 20 40 28 05 ff
INFO - 89 ae 89 40 40 20 00 01
INFO - 89 b0 89 08 40 27 ad eb
INFO - 89 b0 c9 20 40 27 fd ff
INFO - 89 b0 09 40 40 20 04 fc
INFO - 89 b2 09 08 40 27 ad eb
INFO - 89 b2 49 20 40 27 fd ff
INFO - 89 b2 89 40 40 23 f0 01
INFO - 89 b4 89 08 40 27 ad eb
INFO - 89 b4 c9 20 40 27 fd ff
INFO - 89 b4 09 40 40 20 04 fc
INFO - 89 b6 09 08 40 27 ad eb
INFO - 89 b6 49 20 40 27 fd ff
INFO - 89 b6 89 40 40 23 f0 fd
INFO - 89 b8 89 08 40 27 ad eb
INFO - 89 b8 c9 20 40 27 fd ff
INFO - 89 b8 09 40 40 23 f4 01
INFO - 89 ba 09 08 40 27 ad eb
INFO - 89 ba 49 20 40 27 fd ff
INFO - 89 ba 89 40 40 20 04 fc
INFO - 89 bc 89 08 40 27 ad eb
INFO - 89 bc c9 20 40 27 fd ff
INFO - 89 bc 09 40 40 23 f0 00
INFO - 89 be 09 08 40 27 ad eb
INFO - 89 be 49 20 40 27 fd ff
INFO - 89 be 89 40 40 20 00 01
INFO - 89 c0 89 08 40 27 ad e0
INFO - 89 c0 c9 20 40 27 fd ff
INFO - 89 c0 09 40 40 20 04 fc
INFO - 89 c2 09 08 40 27 81 dd
INFO - 89 c2 49 20 40 27 fd ff
INFO - 89 c2 89 40 40 23 f0 00
INFO - 89 c4 89 08 40 27 75 dd
INFO - 89 c4 c9 20 40 27 fd ff
INFO - 89 c4 09 40 40 20 00 01
INFO - 89 c6 09 08 40 27 75 dd
INFO - 89 c6 49 20 40 27 fd ff
INFO - 89 c6 89 40 40 20 04 fc
INFO - 89 c8 89 08 40 27 75 dd
INFO - 89 c8 c9 20 40 27 fd ff
INFO - 89 c8 09 40 40 23 f0 00
INFO - 89 ca 09 08 40 27 75 dd
INFO - 89 ca 49 20 40 27 fd ff
INFO - 89 ca 89 40 40 20 00 01
INFO - 89 cc 89 08 40 27 75 dd
INFO - 89 cc c9 20 40 27 fd ff
INFO - 89 cc 09 40 40 20 04 fc
INFO - 89 ce 09 08 40 27 75 dd
INFO - 89 ce 49 20 40 27 fd ff
INFO - 89 ce 89 40 40 23 f0 01
INFO - 89 d0 89 08 40 27 75 dd
INFO - 89 d0 c9 20 40 27 fd ff
INFO - 89 d0 09 40 40 20 04 fc
INFO - 89 d2 09 08 40 27 75 dd
INFO - 89 d2 49 20 40 27 fd ff
INFO - 89 d2 89 40 40 23 f0 fd
INFO - 89 d4 89 08 40 27 75 dd
INFO - 89 d4 c9 20 40 27 fd ff
INFO - 89 d4 09 40 40 23 f4 01
INFO - 89 d6 09 08 40 27 76 06
INFO - 89 d6 49 20 40 27 fd ff
INFO - 89 d6 89 40 40 20 04 fc
INFO - 89 d8 89 08 40 28 1a 10
INFO - 89 d8 c9 20 40 27 fd ff
INFO - 89 d8 09 40 40 23 f0 00
INFO - 89 da 09 08 40 28 42 10
INFO - 89 da 49 20 40 27 fd ff
INFO - 89 da 89 40 40 20 00 01
INFO - 89 dc 89 08 40 28 42 10
INFO - 89 dc c9 20 40 27 fd ff
INFO - 89 dc 09 40 40 20 04 fc
INFO - 89 de 09 08 40 28 42 10
INFO - 89 de 49 20 40 27 fd ff
INFO - 89 de 89 40 40 23 f0 01
INFO - 89 e0 89 08 40 28 42 10
INFO - 89 e0 c9 20 40 27 fd ff
INFO - 89 e0 09 40 40 20 04 fc
INFO - 89 e2 09 08 40 28 42 10
INFO - 89 e2 49 20 40 27 fd ff
INFO - 89 e2 89 40 40 23 f0 00
INFO - 89 e4 89 08 40 28 42 10
INFO - 89 e4 c9 20 40 27 fd ff
INFO - 89 e4 09 40 40 20 00 01
INFO - 89 e6 09 08 40 28 42 10
INFO - 89 e6 49 20 40 27 fd ff
INFO - 89 e6 89 40 40 20 04 fc
INFO - 89 e8 89 08 40 28 42 10
INFO - 89 e8 c9 20 40 27 fd ff
INFO - 89 e8 09 40 40 23 f0 00
INFO - 89 ea 09 08 40 28 42 10
INFO - 89 ea 49 20 40 27 fd ff
INFO - 89 ea 89 40 40 20 00 01
INFO - 89 ec 89 08 40 28 42 10
INFO - 89 ec c9 20 40 27 fd ff
INFO - 89 ec 09 40 40 20 04 fc
INFO - 89 ee 09 08 40 28 42 10
INFO - 89 ee 49 20 40 27 fd ff
INFO - 89 ee 89 40 40 23 f0 fd
INFO - 89 f0 89 08 40 28 42 10
INFO - 89 f0 c9 20 40 27 fd ff
INFO - 89 f0 09 40 40 23 f4 01
INFO - 89 f2 09 08 40 28 42 10
INFO - 89 f2 49 20 40 27 fd ff
INFO - 89 f2 89 40 40 20 04 fc
INFO - 89 f4 89 08 40 28 42 15
INFO - 89 f4 c9 20 40 27 fd ff
INFO - 89 f4 09 40 40 23 f0 00
INFO - 89 f6 09 08 40 28 56 16
INFO - 89 f6 49 20 40 27 fd ff
INFO - 89 f6 89 40 40 20 00 fd
INFO - 89 f8 89 08 40 48 5a 16
INFO - 89 f8 c9 20 40 47 fd ff
INFO - 89 f8 09 40 40 43 f4 00
INFO - 89 fc 89 08 40 28 5a 16
INFO - 89 fc c9 20 40 27 fd ff
INFO - 89 fc 09 40 40 20 00 00
INFO - 89 fe 09 08 40 28 5a 16
INFO - 89 fe 49 20 40 27 fd ff
INFO - 89 fe 89 40 40 20 00 fc
INFO - 8a 00 89 08 40 28 5a 16
INFO - 8a 00 c9 20 40 27 fd ff
INFO - 8a 00 09 40 40 23 f0 00
INFO - 8a 02 09 08 40 28 5a 16
INFO - 8a 02 49 20 40 27 fd ff
INFO - 8a 02 89 40 40 20 00 01
INFO - 8a 04 89 08 40 28 5a 16
INFO - 8a 04 c9 20 40 27 fd ff
INFO - 8a 04 09 40 40 20 04 fc
INFO - 8a 06 09 08 40 28 5a 16
INFO - 8a 06 49 20 40 27 fd ff
INFO - 8a 06 89 40 40 23 f0 01
INFO - 8a 08 89 08 40 28 5a 16
INFO - 8a 08 c9 20 40 27 fd ff
INFO - 8a 08 09 40 40 20 04 fc
INFO - 8a 0a 09 08 40 28 5a 16
INFO - 8a 0a 49 20 40 27 fd fd
INFO - 8a 0a 89 40 40 23 f0 00
INFO - 8a 0c 89 08 40 28 5a 16
INFO - 8a 0c c9 20 40 27 f5 fd
INFO - 8a 0c 09 40 40 20 00 01
INFO - 8a 0e 09 08 40 28 5a 16
INFO - 8a 0e 49 20 40 27 f5 fd
INFO - 8a 0e 89 40 40 20 04 fc
INFO - 8a 10 89 08 40 28 5a 16
INFO - 8a 10 c9 20 40 27 f5 fd
INFO - 8a 10 09 40 40 23 f0 fd
INFO - 8a 12 09 08 40 28 5a 16
INFO - 8a 12 49 20 40 27 f5 fd
INFO - 8a 12 89 40 40 23 f4 01
INFO - 8a 14 89 08 40 28 59 cd
INFO - 8a 14 c9 20 40 27 f5 fd
INFO - 8a 14 09 40 40 20 04 fc
INFO - 8a 16 09 08 40 27 35 c0
INFO - 8a 16 49 20 40 27 f5 fd
INFO - 8a 16 89 40 40 23 f0 01
INFO - 8a 18 89 08 40 27 01 c0
INFO - 8a 18 c9 20 40 27 f5 ff
INFO - 8a 18 09 40 40 20 04 fc
INFO - 8a 1a 09 08 40 27 01 c0
INFO - 8a 1a 49 20 40 27 fd ff
INFO - 8a 1a 89 40 40 23 f0 00
INFO - 8a 1c 89 08 40 27 01 c0
INFO - 8a 1c c9 20 40 27 fd ff
INFO - 8a 1c 09 40 40 20 00 01
INFO - 8a 1e 09 08 40 27 01 c0
INFO - 8a 1e 49 20 40 27 fd ff
INFO - 8a 1e 89 40 40 20 04 fc
INFO - 8a 20 89 08 40 27 01 c0
INFO - 8a 20 c9 20 40 27 fd ff
INFO - 8a 20 09 40 40 23 f0 00
INFO - 8a 22 09 08 40 27 01 c0
INFO - 8a 22 49 20 40 27 fd ff
INFO - 8a 22 89 40 40 20 00 01
INFO - 8a 24 89 08 40 27 01 c0
INFO - 8a 24 c9 20 40 27 fd fd
INFO - 8a 24 09 40 40 20 04 fc
INFO - 8a 26 09 08 40 27 01 c0
INFO - 8a 26 49 20 40 27 f5 fd
INFO - 8a 26 89 40 40 23 f0 01
INFO - 8a 28 89 08 40 27 01 c0
INFO - 8a 28 c9 20 40 27 f5 ff
INFO - 8a 28 09 40 40 20 04 fc
INFO - 8a 2a 09 08 40 27 01 c0
INFO - 8a 2a 49 20 40 27 fd ff
INFO - 8a 2a 89 40 40 23 f0 00
INFO - 8a 2c 89 08 40 27 01 c0
INFO - 8a 2c c9 20 40 27 fd ff
INFO - 8a 2c 09 40 40 20 00 01
INFO - 8a 2e 09 08 40 27 01 c0
INFO - 8a 2e 49 20 40 27 fd ff
INFO - 8a 2e 89 40 40 20 04 fc
INFO - 8a 30 89 08 40 27 01 c0
INFO - 8a 30 c9 20 40 27 fd ff
INFO - 8a 30 09 40 40 23 f0 01
INFO - 8a 32 09 08 40 27 01 bf
INFO - 8a 32 49 20 40 27 fd fd
INFO - 8a 32 89 40 40 20 04 fc
INFO - 8a 34 89 08 40 26 fd be
INFO - 8a 34 c9 20 40 27 f5 fd
INFO - 8a 34 09 40 40 23 f0 00
INFO - 8a 36 09 08 40 26 f9 be
INFO - 8a 36 49 20 40 27 f5 fd
INFO - 8a 36 89 40 40 20 00 01
INFO - 8a 38 89 08 40 26 f9 be
INFO - 8a 38 c9 20 40 27 f5 fd
INFO - 8a 38 09 40 40 20 04 fc
INFO - 8a 3a 09 08 40 36 f9 f8
INFO - 8a 3a 49 20 40 37 f5 fb
INFO - 8a 3a 89 40 40 33 f0 00
INFO - 8a 3d 89 08 40 17 e1 cf
INFO - 8a 3d c9 20 40 17 ed fb
INFO - 8a 3d 09 40 40 10 00 01
INFO - 8a 3e 09 08 40 37 3d bd
INFO - 8a 3e 49 20 40 37 ed fb
INFO - 8a 3e 89 40 40 30 04 fc
INFO - 8a 41 89 08 40 16 f5 bd
INFO - 8a 41 c9 20 40 17 ed fb
INFO - 8a 41 09 40 40 13 f0 01
INFO - 8a 42 09 08 40 36 f5 bd
INFO - 8a 42 49 20 40 37 ed fb
INFO - 8a 42 89 40 40 30 04 fc
INFO - 8a 45 89 08 40 16 f5 bd
INFO - 8a 45 c9 20 40 17 ed fb
INFO - 8a 45 09 40 40 13 f0 fd
INFO - 8a 46 09 08 40 36 f5 bd
INFO - 8a 46 49 20 40 37 ed fb
INFO - 8a 46 89 40 40 33 f4 01
INFO - 8a 49 89 08 40 16 f5 bd
INFO - 8a 49 c9 20 40 17 ed fb
INFO - 8a 49 09 40 40 10 04 fc
INFO - 8a 4a 09 08 42 c6 f6 15
INFO - 8a 4a 49 20 42 c7 ed fd
INFO - 8a 4a 89 40 42 c3 f0 00
INFO - 8a 76 09 08 40 28 56 15
INFO - 8a 76 49 20 40 27 f5 fd
INFO - 8a 76 89 40 40 20 00 00
INFO - 8a 78 89 08 40 28 55 bd
INFO - 8a 78 c9 20 40 27 f5 fd
INFO - 8a 78 09 40 40 20 00 fc
INFO - 8a 7a 09 08 40 26 f5 b0
INFO - 8a 7a 49 20 40 27 f5 fb
INFO - 8a 7a 89 40 40 23 f0 00
INFO - 8a 7c 89 08 40 26 c1 b0
INFO - 8a 7c c9 20 40 27 ed fb
INFO - 8a 7c 09 40 40 20 00 01
INFO - 8a 7e 09 08 40 26 c1 b0
INFO - 8a 7e 49 20 40 27 ed fb
INFO - 8a 7e 89 40 40 20 04 fc
INFO - 8a 80 89 08 40 26 c1 b0
INFO - 8a 80 c9 20 40 27 ed fb
INFO - 8a 80 09 40 40 23 f0 fd
INFO - 8a 82 09 08 40 26 c1 b0
INFO - 8a 82 49 20 40 27 ed fb
INFO - 8a 82 89 40 40 23 f4 01
INFO - 8a 84 89 08 40 26 c1 b0
INFO - 8a 84 c9 20 40 27 ed fb
INFO - 8a 84 09 40 40 20 04 fc
INFO - 8a 86 09 08 40 26 c1 b0
INFO - 8a 86 49 20 40 27 ed fb
INFO - 8a 86 89 40 40 23 f0 01
INFO - 8a 88 89 08 40 26 c1 b0
INFO - 8a 88 c9 20 40 27 ed fd
INFO - 8a 88 09 40 40 20 04 fc
INFO - 8a 8a 09 08 40 26 c1 b0
INFO - 8a 8a 49 20 40 27 f5 fd
INFO - 8a 8a 89 40 40 23 f0 fd
INFO - 8a 8c 89 08 40 26 c1 b0
INFO - 8a 8c c9 20 40 27 f5 fd
INFO - 8a 8c 09 40 40 23 f4 01
INFO - 8a 8e 09 08 40 26 c1 b0
INFO - 8a 8e 49 20 40 27 f5 fd
INFO - 8a 8e 89 40 40 20 04 fc
INFO - 8a 90 89 08 40 26 c1 b0
INFO - 8a 90 c9 20 40 27 f5 fd
INFO - 8a 90 09 40 40 23 f0 fd
INFO - 8a 92 09 08 40 26 c1 b0
INFO - 8a 92 49 20 40 27 f5 fd
INFO - 8a 92 89 40 40 23 f4 01
INFO - 8a 94 89 08 40 26 c1 fe
INFO - 8a 94 c9 20 40 27 f5 ff
INFO - 8a 94 09 40 40 20 04 fc
INFO - 8a 96 09 08 40 27 fa 10
INFO - 8a 96 49 20 40 27 fd ff
INFO - 8a 96 89 40 40 23 f0 00
INFO - 8a 98 89 08 40 28 42 10
INFO - 8a 98 c9 20 40 27 fd ff
INFO - 8a 98 09 40 40 20 00 01
INFO - 8a 9a 09 08 40 28 42 10
INFO - 8a 9a 49 20 40 27 fd fd
INFO - 8a 9a 89 40 40 20 04 fc
INFO - 8a 9c 89 08 40 28 42 10
INFO - 8a 9c c9 20 40 27 f5 fd
INFO - 8a 9c 09 40 40 23 f0 01
INFO - 8a 9e 09 08 40 28 42 10
INFO - 8a 9e 49 20 40 27 f5 fd
INFO - 8a 9e 89 40 40 20 04 fc
INFO - 8a a0 89 08 40 28 42 10
INFO - 8a a0 c9 20 40 27 f5 fd
INFO - 8a a0 09 40 40 23 f0 00
INFO - 8a a2 09 08 40 28 42 10
INFO - 8a a2 49 20 40 27 f5 ff
INFO - 8a a2 89 40 40 20 00 01
INFO - 8a a4 89 08 40 28 42 10
INFO - 8a a4 c9 20 40 27 fd ff
INFO - 8a a4 09 40 40 20 04 fc
INFO - 8a a6 09 08 40 28 42 10
INFO - 8a a6 49 20 40 27 fd ff
INFO - 8a a6 89 40 40 23 f0 fd
INFO - 8a a8 89 08 40 28 41 f3
INFO - 8a a8 c9 20 40 27 fd ff
INFO - 8a a8 09 40 40 23 f4 01
INFO - 8a aa 09 08 40 27 ce 0b
INFO - 8a aa 49 20 40 27 fd ff
INFO - 8a aa 89 40 40 20 04 fc
INFO - 8a ac 89 08 40 28 2e 13
INFO - 8a ac c9 20 40 27 fd ff
INFO - 8a ac 09 40 40 23 f0 01
INFO - 8a ae 09 08 40 28 4e 13
INFO - 8a ae 49 20 40 27 fd fd
INFO - 8a ae 89 40 40 20 04 fc
INFO - 8a b0 89 08 40 28 4e 13
INFO - 8a b0 c9 20 40 27 f5 fd
INFO - 8a b0 09 40 40 23 f0 fd
INFO - 8a b2 09 08 40 28 4e 13
INFO - 8a b2 49 20 40 27 f5 ff
INFO - 8a b2 89 40 40 23 f4 01
INFO - 8a b4 89 08 40 28 4e 13
INFO - 8a b4 c9 20 40 27 fd ff
INFO - 8a b4 09 40 40 20 04 fc
INFO - 8a b6 09 08 40 28 4e 13
INFO - 8a b6 49 20 40 27 fd ff
INFO - 8a b6 89 40 40 23 f0 00
INFO - 8a b8 89 08 40 28 4e 13
INFO - 8a b8 c9 20 40 27 fd ff
INFO - 8a b8 09 40 40 20 00 00
INFO - 8a ba 09 08 40 28 4e 13
INFO - 8a ba 49 20 40 27 fd fd
INFO - 8a ba 89 40 40 20 00 01
INFO - 8a bc 89 08 40 28 4e 13
INFO - 8a bc c9 20 40 27 f5 fd
INFO - 8a bc 09 40 40 20 04 fc
INFO - 8a be 09 08 40 28 4e 13
INFO - 8a be 49 20 40 27 f5 fb
INFO - 8a be 89 40 40 23 f0 fd
INFO - 8a c0 89 08 40 28 4e 13
INFO - 8a c0 c9 20 40 27 ed fd
INFO - 8a c0 09 40 40 23 f4 01
INFO - 8a c2 09 08 40 28 4e 13
INFO - 8a c2 49 20 40 27 f5 fd
INFO - 8a c2 89 40 40 20 04 fc
INFO - 8a c4 89 08 40 28 4e 13
INFO - 8a c4 c9 20 40 27 f5 fd
INFO - 8a c4 09 40 40 23 f0 01
INFO - 8a c6 09 08 40 28 4e 13
INFO - 8a c6 49 20 40 27 f5 fd
INFO - 8a c6 89 40 40 20 04 fc
INFO - 8a c8 89 08 40 28 4e 13
INFO - 8a c8 c9 20 40 27 f5 fd
INFO - 8a c8 09 40 40 23 f0 01
INFO - 8a ca 09 08 40 28 4d ef
INFO - 8a ca 49 20 40 27 f5 fd
INFO - 8a ca 89 40 40 20 04 fc
INFO - 8a cc 89 08 40 27 bd e8
INFO - 8a cc c9 20 40 27 f5 fd
INFO - 8a cc 09 40 40 23 f0 00
INFO - 8a ce 09 08 40 27 a1 e8
INFO - 8a ce 49 20 40 27 f5 fd
INFO - 8a ce 89 40 40 20 00 01
INFO - 8a d0 89 08 40 27 a1 e8
INFO - 8a d0 c9 20 40 27 f5 fd
INFO - 8a d0 09 40 40 20 04 fc
INFO - 8a d2 09 08 40 27 a1 e8
INFO - 8a d2 49 20 40 27 f5 fd
INFO - 8a d2 89 40 40 23 f0 01
INFO - 8a d4 89 08 40 27 a1 e8
INFO - 8a d4 c9 20 40 27 f5 fd
INFO - 8a d4 09 40 40 20 04 fc
INFO - 8a d6 09 08 40 27 a1 e8
INFO - 8a d6 49 20 40 27 f5 fd
INFO - 8a d6 89 40 40 23 f0 fd
INFO - 8a d8 89 08 40 27 a1 e8
INFO - 8a d8 c9 20 40 27 f5 fb
INFO - 8a d8 09 40 40 23 f4 01
INFO - 8a da 09 08 40 27 a1 e8
INFO - 8a da 49 20 40 27 ed fb
INFO - 8a da 89 40 40 20 04 fc
INFO - 8a dc 89 08 40 27 a1 e8
INFO - 8a dc c9 20 40 27 ed fb
INFO - 8a dc 09 40 40 23 f0 01
INFO - 8a de 09 08 40 27 a1 e8
INFO - 8a de 49 20 40 27 ed fb
INFO - 8a de 89 40 40 20 04 fc
INFO - 8a e0 89 08 40 27 a1 e8
INFO - 8a e0 c9 20 40 27 ed fb
INFO - 8a e0 09 40 40 23 f0 fd
INFO - 8a e2 09 08 40 27 a1 e8
INFO - 8a e2 49 20 40 27 ed fd
INFO - 8a e2 89 40 40 23 f4 01
INFO - 8a e4 89 08 40 27 a1 e8
INFO - 8a e4 c9 20 40 27 f5 fd
INFO - 8a e4 09 40 40 20 04 fc
INFO - 8a e6 09 08 40 27 a1 e8
INFO - 8a e6 49 20 40 27 f5 ff
INFO - 8a e6 89 40 40 23 f0 fd
INFO - 8a e8 89 08 40 27 a2 02
INFO - 8a e8 c9 20 40 27 fd fd
INFO - 8a e8 09 40 40 23 f4 01
INFO - 8a ea 09 08 40 28 0a 09
INFO - 8a ea 49 20 40 27 f5 fd
INFO - 8a ea 89 40 40 20 04 fc
INFO - 8a ec 89 08 40 28 26 09
INFO - 8a ec c9 20 40 27 f5 fd
INFO - 8a ec 09 40 40 23 f0 00
INFO - 8a ee 09 08 40 28 26 09
INFO - 8a ee 49 20 40 27 f5 fd
INFO - 8a ee 89 40 40 20 00 01
INFO - 8a f0 89 08 40 28 26 09
INFO - 8a f0 c9 20 40 27 f5 fd
INFO - 8a f0 09 40 40 20 04 fc
INFO - 8a f2 09 08 40 28 26 09
INFO - 8a f2 49 20 40 27 f5 fd
INFO - 8a f2 89 40 40 23 f0 fd
INFO - 8a f4 89 08 40 28 26 09
INFO - 8a f4 c9 20 40 27 f5 fd
INFO - 8a f4 09 40 40 23 f4 01
INFO - 8a f6 09 08 40 28 26 09
INFO - 8a f6 49 20 40 27 f5 fd
INFO - 8a f6 89 40 40 20 04 fc
INFO - 8a f8 89 08 40 28 26 09
INFO - 8a f8 c9 20 40 27 f5 ff
INFO - 8a f8 09 40 40 23 f0 00
INFO - 8a fa 09 08 40 28 26 09
INFO - 8a fa 49 20 40 27 fd ff
INFO - 8a fa 89 40 40 20 00 01
INFO - 8a fc 89 08 40 28 26 09
INFO - 8a fc c9 20 40 27 fd ff
INFO - 8a fc 09 40 40 20 04 00
INFO - 8a fe 09 08 40 28 26 09
INFO - 8a fe 49 20 40 27 fd ff
INFO - 8a fe 89 40 40 20 00 fc
INFO - 8b 00 89 08 40 28 26 09
INFO - 8b 00 c9 20 40 27 fd ff
INFO - 8b 00 09 40 40 23 f0 00
INFO - 8b 02 09 08 40 28 26 09
INFO - 8b 02 49 20 40 27 fd fd
INFO - 8b 02 89 40 40 20 00 01
INFO - 8b 04 89 08 40 28 25 eb
INFO - 8b 04 c9 20 40 27 f5 fd
INFO - 8b 04 09 40 40 20 04 fc
INFO - 8b 06 09 08 40 27 ad e6
INFO - 8b 06 49 20 40 27 f5 fb
INFO - 8b 06 89 40 40 23 f0 00
INFO - 8b 08 89 08 40 27 99 e6
INFO - 8b 08 c9 20 40 27 ed fb
INFO - 8b 08 09 40 40 20 00 01
INFO - 8b 0a 09 08 40 27 99 e6
INFO - 8b 0a 49 20 40 27 ed fb
INFO - 8b 0a 89 40 40 20 04 fc
INFO - 8b 0c 89 08 40 27 99 e6
INFO - 8b 0c c9 20 40 27 ed fb
INFO - 8b 0c 09 40 40 23 f0 fd
INFO - 8b 0e 09 08 40 27 99 e6
INFO - 8b 0e 49 20 40 27 ed fb
INFO - 8b 0e 89 40 40 23 f4 01
INFO - 8b 10 89 08 40 27 99 e6
INFO - 8b 10 c9 20 40 27 ed fb
INFO - 8b 10 09 40 40 20 04 fc
INFO - 8b 12 09 08 40 27 99 e6
INFO - 8b 12 49 20 40 27 ed f9
INFO - 8b 12 89 40 40 23 f0 01
INFO - 8b 14 89 08 40 27 99 e6
INFO - 8b 14 c9 20 40 27 e5 fb
INFO - 8b 14 09 40 40 20 04 fc
INFO - 8b 16 09 08 40 27 99 e6
INFO - 8b 16 49 20 40 27 ed fb
INFO - 8b 16 89 40 40 23 f0 fd
INFO - 8b 18 89 08 40 27 99 e6
INFO - 8b 18 c9 20 40 27 ed fb
INFO - 8b 18 09 40 40 23 f4 01
INFO - 8b 1a 09 08 40 27 99 e6
INFO - 8b 1a 49 20 40 27 ed fd
INFO - 8b 1a 89 40 40 20 04 fc
INFO - 8b 1c 89 08 40 27 99 e6
INFO - 8b 1c c9 20 40 27 f5 fd
INFO - 8b 1c 09 40 40 23 f0 01
INFO - 8b 1e 09 08 40 27 99 e6
INFO - 8b 1e 49 20 40 27 f5 fd
INFO - 8b 1e 89 40 40 20 04 fc
INFO - 8b 20 89 08 40 27 99 e6
INFO - 8b 20 c9 20 40 27 f5 ff
INFO - 8b 20 09 40 40 23 f0 fd
INFO - 8b 22 09 08 40 27 99 e6
INFO - 8b 22 49 20 40 27 fd ff
INFO - 8b 22 89 40 40 23 f4 01
INFO - 8b 24 89 08 40 27 9a 0f
INFO - 8b 24 c9 20 40 27 fd ff
INFO - 8b 24 09 40 40 20 04 fc
INFO - 8b 26 09 08 40 28 3e 1a
INFO - 8b 26 49 20 40 27 fd ff
INFO - 8b 26 89 40 40 23 f0 01
INFO - 8b 28 89 08 40 28 6a 1a
INFO - 8b 28 c9 20 40 27 fd ff
INFO - 8b 28 09 40 40 20 04 fc
INFO - 8b 2a 09 08 40 28 6a 1a
INFO - 8b 2a 49 20 40 27 fd ff
INFO - 8b 2a 89 40 40 23 f0 fd
INFO - 8b 2c 89 08 40 28 6a 1a
INFO - 8b 2c c9 20 40 27 fd fd
INFO - 8b 2c 09 40 40 23 f4 01
INFO - 8b 2e 09 08 40 28 6a 1a
INFO - 8b 2e 49 20 40 27 f5 fd
INFO - 8b 2e 89 40 40 20 04 fc
INFO - 8b 30 89 08 40 28 6a 1a
INFO - 8b 30 c9 20 40 27 f5 fd
INFO - 8b 30 09 40 40 23 f0 01
INFO - 8b 32 09 08 40 28 6a 1a
INFO - 8b 32 49 20 40 27 f5 fb
INFO - 8b 32 89 40 40 20 04 fc
INFO - 8b 34 89 08 40 28 6a 1a
INFO - 8b 34 c9 20 40 27 ed fd
INFO - 8b 34 09 40 40 23 f0 00
INFO - 8b 36 09 08 40 28 6a 1a
INFO - 8b 36 49 20 40 27 f5 fd
INFO - 8b 36 89 40 40 20 00 01
INFO - 8b 38 89 08 40 28 6a 1a
INFO - 8b 38 c9 20 40 27 f5 fd
INFO - 8b 38 09 40 40 20 04 fc
INFO - 8b 3a 09 08 40 28 6a 1a
INFO - 8b 3a 49 20 40 27 f5 ff
INFO - 8b 3a 89 40 40 23 f0 00
INFO - 8b 3c 89 08 40 28 6a 1a
INFO - 8b 3c c9 20 40 27 fd ff
INFO - 8b 3c 09 40 40 20 00 01
INFO - 8b 3e 09 08 40 28 6a 1a
INFO - 8b 3e 49 20 40 27 fd ff
INFO - 8b 3e 89 40 40 20 04 fc
INFO - 8b 40 89 08 40 28 6a 1a
INFO - 8b 40 c9 20 40 27 fd ff
INFO - 8b 40 09 40 40 23 f0 00
INFO - 8b 42 09 08 40 28 69 fd
INFO - 8b 42 49 20 40 27 fd ff
INFO - 8b 42 89 40 40 20 00 01
INFO - 8b 44 89 08 40 27 f5 f6
INFO - 8b 44 c9 20 40 27 fd fd
INFO - 8b 44 09 40 40 20 04 fc
INFO - 8b 46 09 08 40 27 d9 f6
INFO - 8b 46 49 20 40 27 f5 fd
INFO - 8b 46 89 40 40 23 f0 01
INFO - 8b 48 89 08 40 27 d9 f6
INFO - 8b 48 c9 20 40 27 f5 ff
INFO - 8b 48 09 40 40 20 04 fc
INFO - 8b 4a 09 08 40 27 d9 f6
INFO - 8b 4a 49 20 40 27 fd ff
INFO - 8b 4a 89 40 40 23 f0 fd
INFO - 8b 4c 89 08 40 27 d9 f6
INFO - 8b 4c c9 20 40 27 fd ff
INFO - 8b 4c 09 40 40 23 f4 01
INFO - 8b 4e 09 08 40 27 d9 f6
INFO - 8b 4e 49 20 40 27 fd ff
INFO - 8b 4e 89 40 40 20 04 fc
INFO - 8b 50 89 08 40 27 d9 f6
INFO - 8b 50 c9 20 40 27 fd ff
INFO - 8b 50 09 40 40 23 f0 00
INFO - 8b 52 09 08 40 27 d9 f6
INFO - 8b 52 49 20 40 27 fd ff
INFO - 8b 52 89 40 40 20 00 01
INFO - 8b 54 89 08 40 27 d9 f6
INFO - 8b 54 c9 20 40 27 fd fd
INFO - 8b 54 09 40 40 20 04 fc
INFO - 8b 56 09 08 40 27 d9 f6
INFO - 8b 56 49 20 40 27 f5 fd
INFO - 8b 56 89 40 40 23 f0 00
INFO - 8b 58 89 08 40 27 d9 f6
INFO - 8b 58 c9 20 40 27 f5 fd
INFO - 8b 58 09 40 40 20 00 01
INFO - 8b 5a 09 08 40 27 d9 f6
INFO - 8b 5a 49 20 40 27 f5 fd
INFO - 8b 5a 89 40 40 20 04 fc
INFO - 8b 5c 89 08 40 27 d9 f6
INFO - 8b 5c c9 20 40 27 f5 fd
INFO - 8b 5c 09 40 40 23 f0 01
INFO - 8b 5e 09 08 40 27 d9 f6
INFO - 8b 5e 49 20 40 27 f5 fd
INFO - 8b 5e 89 40 40 20 04 fc
INFO - 8b 60 89 08 40 27 da 14
INFO - 8b 60 c9 20 40 27 f5 fd
INFO - 8b 60 09 40 40 23 f0 fd
INFO - 8b 62 09 08 40 28 52 1c
INFO - 8b 62 49 20 40 27 f5 ff
INFO - 8b 62 89 40 40 23 f4 01
INFO - 8b 64 89 08 40 28 72 1c
INFO - 8b 64 c9 20 40 27 fd ff
INFO - 8b 64 09 40 40 20 04 fc
INFO - 8b 66 09 08 40 28 72 1c
INFO - 8b 66 49 20 40 27 fd ff
INFO - 8b 66 89 40 40 23 f0 00
INFO - 8b 68 89 08 40 28 72 1c
INFO - 8b 68 c9 20 40 27 fd ff
INFO - 8b 68 09 40 40 20 00 01
INFO - 8b 6a 09 08 40 28 72 1c
INFO - 8b 6a 49 20 40 27 fd ff
INFO - 8b 6a 89 40 40 20 04 fc
INFO - 8b 6c 89 08 40 28 72 1c
INFO - 8b 6c c9 20 40 27 fd ff
INFO - 8b 6c 09 40 40 23 f0 01
INFO - 8b 6e 09 08 40 28 72 1c
INFO - 8b 6e 49 20 40 27 fd ff
INFO - 8b 6e 89 40 40 20 04 fc
INFO - 8b 70 89 08 40 28 72 1c
INFO - 8b 70 c9 20 40 27 fd ff
INFO - 8b 70 09 40 40 23 f0 fd
INFO - 8b 72 09 08 40 28 72 1c
INFO - 8b 72 49 20 40 27 fd ff
INFO - 8b 72 89 40 40 23 f4 01
INFO - 8b 74 89 08 40 28 72 1c
INFO - 8b 74 c9 20 40 27 fd ff
INFO - 8b 74 09 40 40 20 04 fc
INFO - 8b 76 09 08 40 28 72 1c
INFO - 8b 76 49 20 40 27 fd ff
INFO - 8b 76 89 40 40 23 f0 00
INFO - 8b 78 89 08 40 28 72 1c
INFO - 8b 78 c9 20 40 27 fd ff
INFO - 8b 78 09 40 40 20 00 01
INFO - 8b 7a 09 08 40 28 72 1c
INFO - 8b 7a 49 20 40 27 fd ff
INFO - 8b 7a 89 40 40 20 04 fc
INFO - 8b 7c 89 08 40 28 72 1c
INFO - 8b 7c c9 20 40 27 fe 01
INFO - 8b 7c 09 40 40 23 f0 01
INFO - 8b 7e 09 08 40 28 71 f0
INFO - 8b 7e 49 20 40 28 06 01
INFO - 8b 7e 89 40 40 20 04 fc
INFO - 8b 80 89 08 40 27 c1 e8
INFO - 8b 80 c9 20 40 28 06 01
INFO - 8b 80 09 40 40 23 f0 00
INFO - 8b 82 09 08 40 17 a1 e8
INFO - 8b 82 49 20 40 18 06 01
INFO - 8b 82 89 40 40 10 00 fd
INFO - 8b 83 89 08 40 27 a1 92
INFO - 8b 83 c9 20 40 28 06 03
INFO - 8b 83 09 40 40 23 f4 00
INFO - 8b 85 89 08 40 26 49 ad
INFO - 8b 85 c9 20 40 28 0e 03
INFO - 8b 85 09 40 40 20 00 00
INFO - 8b 87 09 08 40 26 b5 bd
INFO - 8b 87 49 20 40 28 0e 05
INFO - 8b 87 89 40 40 20 00 fc
INFO - 8b 89 89 08 40 26 f5 cd
INFO - 8b 89 c9 20 40 28 16 05
INFO - 8b 89 09 40 40 23 f0 fd
INFO - 8b 8b 09 08 40 27 35 d2
INFO - 8b 8b 49 20 40 28 16 05
INFO - 8b 8b 89 40 40 23 f4 01
INFO - 8b 8d 89 08 40 27 49 dd
INFO - 8b 8d c9 20 40 28 16 07
INFO - 8b 8d 09 40 40 20 04 fc
INFO - 8b 8f 09 08 40 27 75 e2
INFO - 8b 8f 49 20 40 28 1e 07
INFO - 8b 8f 89 40 40 23 f0 01
INFO - 8b 91 89 08 40 27 89 e7
INFO - 8b 91 c9 20 40 28 1e 07
INFO - 8b 91 09 40 40 20 04 fc
INFO - 8b 93 09 08 40 27 9d ea
INFO - 8b 93 49 20 40 28 1e 07
INFO - 8b 93 89 40 40 23 f0 00
INFO - 8b 95 89 08 40 27 a9 ed
INFO - 8b 95 c9 20 40 28 1e 07
INFO - 8b 95 09 40 40 20 00 01
INFO - 8b 97 09 08 40 27 b5 ef
INFO - 8b 97 49 20 40 28 1e 07
INFO - 8b 97 89 40 40 20 04 fc
INFO - 8b 99 89 08 40 27 bd f1
INFO - 8b 99 c9 20 40 28 1e 07
INFO - 8b 99 09 40 40 23 f0 fd
INFO - 8b 9b 09 08 40 27 c5 f2
INFO - 8b 9b 49 20 40 28 1e 09
INFO - 8b 9b 89 40 40 23 f4 01
INFO - 8b 9d 89 08 40 27 c9 f4
INFO - 8b 9d c9 20 40 28 26 09
INFO - 8b 9d 09 40 40 20 04 fc
INFO - 8b 9f 09 08 40 27 d1 f5
INFO - 8b 9f 49 20 40 28 26 09
INFO - 8b 9f 89 40 40 23 f0 01
INFO - 8b a1 89 08 40 27 d5 f6
INFO - 8b a1 c9 20 40 28 26 09
INFO - 8b a1 09 40 40 20 04 fc
INFO - 8b a3 09 08 40 27 d9 f7
INFO - 8b a3 49 20 40 28 26 09
INFO - 8b a3 89 40 40 23 f0 fd
INFO - 8b a5 89 08 40 27 dd f8
INFO - 8b a5 c9 20 40 28 26 09
INFO - 8b a5 09 40 40 23 f4 01
INFO - 8b a7 09 08 40 27 e1 f9
INFO - 8b a7 49 20 40 28 26 09
INFO - 8b a7 89 40 40 20 04 fc
INFO - 8b a9 89 08 40 27 e5 fa
INFO - 8b a9 c9 20 40 28 26 09
INFO - 8b a9 09 40 40 23 f0 01
INFO - 8b ab 09 08 40 27 e9 fa
INFO - 8b ab 49 20 40 28 26 09
INFO - 8b ab 89 40 40 20 04 fc
INFO - 8b ad 89 08 40 27 e9 fb
INFO - 8b ad c9 20 40 28 26 09
INFO - 8b ad 09 40 40 23 f0 fd
INFO - 8b af 09 08 40 27 ed fb
INFO - 8b af 49 20 40 28 26 09
INFO - 8b af 89 40 40 23 f4 01
INFO - 8b b1 89 08 40 27 ed fc
INFO - 8b b1 c9 20 40 28 26 09
INFO - 8b b1 09 40 40 20 04 fc
INFO - 8b b3 09 08 40 27 f1 fc
INFO - 8b b3 49 20 40 28 26 09
INFO - 8b b3 89 40 40 23 f0 00
INFO - 8b b5 89 08 40 27 f1 fd
INFO - 8b b5 c9 20 40 28 26 09
INFO - 8b b5 09 40 40 20 00 01
INFO - 8b b7 09 08 40 27 f5 fd
INFO - 8b b7 49 20 40 28 26 09
INFO - 8b b7 89 40 40 20 04 fc
INFO - 8b b9 89 08 40 27 f5 fe
INFO - 8b b9 c9 20 40 28 26 09
INFO - 8b b9 09 40 40 23 f0 01
INFO - 8b bb 09 08 40 27 f9 fe
INFO - 8b bb 49 20 40 28 26 09
INFO - 8b bb 89 40 40 20 04 fc
INFO - 8b bd 89 08 40 27 f9 ff
INFO - 8b bd c9 20 40 28 26 09
INFO - 8b bd 09 40 40 23 f0 fd
INFO - 8b bf 09 08 40 27 fd ff
INFO - 8b bf 49 20 40 28 26 09
INFO - 8b bf 89 40 40 23 f4 01
INFO - 8b c1 89 08 40 27 fd ff
INFO - 8b c1 c9 20 40 28 26 09
INFO - 8b c1 09 40 40 20 04 fc
INFO - 8b c3 09 08 40 27 fe 00
INFO - 8b c3 49 20 40 28 26 09
INFO - 8b c3 89 40 40 23 f0 00
INFO - 8b c5 89 08 40 28 02 01
INFO - 8b c5 c9 20 40 28 26 09
INFO - 8b c5 09 40 40 20 00 01
INFO - 8b c7 09 08 40 28 06 02
INFO - 8b c7 49 20 40 28 26 07
INFO - 8b c7 89 40 40 20 04 fc
INFO - 8b c9 89 08 40 28 0a 03
INFO - 8b c9 c9 20 40 28 1e 07
INFO - 8b c9 09 40 40 23 f0 01
INFO - 8b cb 09 08 40 28 0e 04
INFO - 8b cb 49 20 40 28 1e 07
INFO - 8b cb 89 40 40 20 04 fc
INFO - 8b cd 89 08 40 28 12 06
INFO - 8b cd c9 20 40 28 1e 07
INFO - 8b cd 09 40 40 23 f0 fd
INFO - 8b cf 09 08 40 28 1a 09
INFO - 8b cf 49 20 40 28 1e 07
INFO - 8b cf 89 40 40 23 f4 01
INFO - 8b d1 89 08 40 28 26 0e
INFO - 8b d1 c9 20 40 28 1e 05
INFO - 8b d1 09 40 40 20 04 fc
INFO - 8b d3 09 08 40 28 3a 16
INFO - 8b d3 49 20 40 28 16 05
INFO - 8b d3 89 40 40 23 f0 fd
INFO - 8b d5 89 08 40 28 5a 24
INFO - 8b d5 c9 20 40 28 16 03
INFO - 8b d5 09 40 40 23 f4 01
INFO - 8b d7 09 08 40 28 92 44
INFO - 8b d7 49 20 40 28 0e 01
INFO - 8b d7 89 40 40 20 04 fc
INFO - 8b d9 89 08 40 29 12 79
INFO - 8b d9 c9 20 40 28 06 01
INFO - 8b d9 09 40 40 23 f0 01
INFO - 8b db 09 08 40 09 e6 79
INFO - 8b db 49 20 40 08 06 01
INFO - 8b db 89 40 40 00 04 c3
INFO - ac 48 49 40 57 00 00 02
INFO - ac 48 89 40 57 00 00 02
INFO - ac 48 c9 40 57 00 00 02
INFO - ac 48 09 40 57 00 00 02
INFO - 8c c8 89 08 40 24 61 45
INFO - 8c c8 c9 20 40 28 16 05
INFO - 8c c8 09 40 40 23 0c 38
INFO - 8c ca 09 08 40 25 15 56
INFO - 8c ca 49 20 40 28 16 05
INFO - 8c ca 89 40 40 20 e0 01
INFO - 8c cc 89 08 40 25 59 72
INFO - 8c cc c9 20 40 28 16 07
INFO - 8c cc 09 40 40 20 04 fc
INFO - 8c ce 09 08 40 25 c9 86
INFO - 8c ce 49 20 40 28 1e 07
INFO - 8c ce 89 40 40 23 f0 00
INFO - 8c d0 89 08 40 26 19 9c
INFO - 8c d0 c9 20 40 28 1e 07
INFO - 8c d0 09 40 40 20 00 01
INFO - 8c d2 09 08 40 26 71 a8
INFO - 8c d2 49 20 40 28 1e 09
INFO - 8c d2 89 40 40 20 04 fc
INFO - 8c d4 89 08 40 26 a1 b1
INFO - 8c d4 c9 20 40 28 26 09
INFO - 8c d4 09 40 40 23 f0 01
INFO - 8c d6 09 08 40 26 c5 b8
INFO - 8c d6 49 20 40 28 26 09
INFO - 8c d6 89 40 40 20 04 fc
INFO - 8c d8 89 08 40 26 e1 be
INFO - 8c d8 c9 20 40 28 26 09
INFO - 8c d8 09 40 40 23 f0 fd
INFO - 8c da 09 08 40 26 f9 c5
INFO - 8c da 49 20 40 28 26 09
INFO - 8c da 89 40 40 23 f4 01
INFO - 8c dc 89 08 40 27 15 cc
INFO - 8c dc c9 20 40 28 26 09
INFO - 8c dc 09 40 40 20 04 fc
INFO - 8c de 09 08 40 27 31 cf
INFO - 8c de 49 20 40 28 26 09
INFO - 8c de 89 40 40 23 f0 01
INFO - 8c e0 89 08 40 27 3d d5
INFO - 8c e0 c9 20 40 28 26 09
INFO - 8c e0 09 40 40 20 04 fc
INFO - 8c e2 09 08 40 27 55 dc
INFO - 8c e2 49 20 40 28 26 09
INFO - 8c e2 89 40 40 23 f0 fd
INFO - 8c e4 89 08 40 27 71 e2
INFO - 8c e4 c9 20 40 28 26 07
INFO - 8c e4 09 40 40 23 f4 01
INFO - 8c e6 09 08 40 27 89 ea
INFO - 8c e6 49 20 40 28 1e 07
INFO - 8c e6 89 40 40 20 04 fc
INFO - 8c e8 89 08 40 27 a9 f8
INFO - 8c e8 c9 20 40 28 1e 07
INFO - 8c e8 09 40 40 23 f0 01
INFO - 8c ea 09 08 40 27 e2 13
INFO - 8c ea 49 20 40 28 1e 05
INFO - 8c ea 89 40 40 20 04 fc
INFO - 8c ec 89 08 40 28 4e 6b
INFO - 8c ec c9 20 40 28 16 01
INFO - 8c ec 09 40 40 23 f0 fd
INFO - 8c ee 09 08 40 29 ae b6
INFO - 8c ee 49 20 40 28 06 01
INFO - 8c ee 89 40 40 23 f4 01
INFO - 8c f0 89 08 40 0a da b6
INFO - 8c f0 c9 20 40 08 06 01
INFO - 8c f0 09 40 40 00 04 c3
INFO - 8d 6a 89 08 40 27 b1 ec
INFO - 8d 6a c9 20 40 28 26 09
INFO - 8d 6a 09 40 40 23 0c 3a
INFO - 8d 6c 09 08 40 27 b1 ec
INFO - 8d 6c 49 20 40 28 26 09
INFO - 8d 6c 89 40 40 20 e8 fd
INFO - 8d 6e 89 08 40 27 b1 ec
INFO - 8d 6e c9 20 40 28 26 0b
INFO - 8d 6e 09 40 40 23 f4 fd
INFO - 8d 70 09 08 40 27 b1 ec
INFO - 8d 70 49 20 40 28 2e 09
INFO - 8d 70 89 40 40 23 f4 00
INFO - 8d 72 89 08 40 27 b1 ec
INFO - 8d 72 c9 20 40 28 26 09
INFO - 8d 72 09 40 40 20 00 01
INFO - 8d 74 09 08 40 17 b1 ec
INFO - 8d 74 49 20 40 18 26 09
INFO - 8d 74 89 40 40 10 04 fc
INFO - 8d 75 89 08 40 27 b1 ec
INFO - 8d 75 c9 20 40 28 26 09
INFO - 8d 75 09 40 40 23 f0 02
INFO - 8d 77 09 08 40 27 b1 ec
INFO - 8d 77 49 20 40 28 26 09
INFO - 8d 77 89 40 40 20 08 fc
INFO - 8d 79 89 08 40 27 b1 ec
INFO - 8d 79 c9 20 40 28 26 09
INFO - 8d 79 09 40 40 23 f0 01
INFO - 8d 7b 09 08 40 27 b1 ec
INFO - 8d 7b 49 20 40 28 26 09
INFO - 8d 7b 89 40 40 20 04 fc
INFO - 8d 7d 89 08 40 37 b1 f6
INFO - 8d 7d c9 20 40 38 26 05
INFO - 8d 7d 09 40 40 33 f0 00
INFO - 8d 80 89 08 40 17 da 08
INFO - 8d 80 c9 20 40 18 16 05
INFO - 8d 80 09 40 40 10 00 fd
INFO - 8d 81 09 08 40 28 22 0c
INFO - 8d 81 49 20 40 28 16 07
INFO - 8d 81 89 40 40 23 f4 01
INFO - 8d 83 89 08 40 28 32 0c
INFO - 8d 83 c9 20 40 28 1e 07
INFO - 8d 83 09 40 40 20 04 fc
INFO - 8d 85 09 08 40 28 32 0c
INFO - 8d 85 49 20 40 28 1e 09
INFO - 8d 85 89 40 40 23 f0 00
INFO - 8d 87 89 08 40 28 32 0c
INFO - 8d 87 c9 20 40 28 26 09
INFO - 8d 87 09 40 40 20 00 01
INFO - 8d 89 09 08 40 28 32 0c
INFO - 8d 89 49 20 40 28 26 09
INFO - 8d 89 89 40 40 20 04 fc
INFO - 8d 8b 89 08 40 28 32 0c
INFO - 8d 8b c9 20 40 28 26 09
INFO - 8d 8b 09 40 40 23 f0 00
INFO - 8d 8d 09 08 40 28 32 0c
INFO - 8d 8d 49 20 40 28 26 09
INFO - 8d 8d 89 40 40 20 00 01
INFO - 8d 8f 89 08 40 28 32 0c
INFO - 8d 8f c9 20 40 28 26 09
INFO - 8d 8f 09 40 40 20 04 fc
INFO - 8d 91 09 08 40 28 32 0c
INFO - 8d 91 49 20 40 28 26 0b
INFO - 8d 91 89 40 40 23 f0 00
INFO - 8d 93 89 08 40 28 32 0c
INFO - 8d 93 c9 20 40 28 2e 0b
INFO - 8d 93 09 40 40 20 00 01
INFO - 8d 95 09 08 40 28 32 0c
INFO - 8d 95 49 20 40 28 2e 0b
INFO - 8d 95 89 40 40 20 04 fc
INFO - 8d 97 89 08 40 28 32 0c
INFO - 8d 97 c9 20 40 28 2e 09
INFO - 8d 97 09 40 40 23 f0 fd
INFO - 8d 99 09 08 40 28 32 0c
INFO - 8d 99 49 20 40 28 26 07
INFO - 8d 99 89 40 40 23 f4 01
INFO - 8d 9b 89 08 40 28 32 0c
INFO - 8d 9b c9 20 40 28 1e 07
INFO - 8d 9b 09 40 40 20 04 fc
INFO - 8d 9d 09 08 40 28 32 0d
INFO - 8d 9d 49 20 40 28 1e 07
INFO - 8d 9d 89 40 40 23 f0 01
INFO - 8d 9f 89 08 40 28 36 0d
INFO - 8d 9f c9 20 40 28 1e 07
INFO - 8d 9f 09 40 40 20 04 fc
INFO - 8d a1 09 08 40 28 36 0d
INFO - 8d a1 49 20 40 28 1e 09
INFO - 8d a1 89 40 40 23 f0 00
INFO - 8d a3 89 08 40 28 36 0d
INFO - 8d a3 c9 20 40 28 26 09
INFO - 8d a3 09 40 40 20 00 01
INFO - 8d a5 09 08 40 28 36 0d
INFO - 8d a5 49 20 40 28 26 0b
INFO - 8d a5 89 40 40 20 04 fc
INFO - 8d a7 89 08 40 28 36 0d
INFO - 8d a7 c9 20 40 28 2e 0b
INFO - 8d a7 09 40 40 23 f0 fd
INFO - 8d a9 09 08 40 28 36 0d
INFO - 8d a9 49 20 40 28 2e 09
INFO - 8d a9 89 40 40 23 f4 01
INFO - 8d ab 89 08 40 28 36 0d
INFO - 8d ab c9 20 40 28 26 09
INFO - 8d ab 09 40 40 20 04 fc
INFO - 8d ad 09 08 40 28 36 0d
INFO - 8d ad 49 20 40 28 26 09
INFO - 8d ad 89 40 40 23 f0 00
INFO - 8d af 89 08 40 28 36 0d
INFO - 8d af c9 20 40 28 26 09
INFO - 8d af 09 40 40 20 00 01
INFO - 8d b1 09 08 40 28 36 0d
INFO - 8d b1 49 20 40 28 26 09
INFO - 8d b1 89 40 40 20 04 fc
INFO - 8d b3 89 08 40 28 36 0d
INFO - 8d b3 c9 20 40 28 26 07
INFO - 8d b3 09 40 40 23 f0 fd
INFO - 8d b5 09 08 40 28 36 0d
INFO - 8d b5 49 20 40 28 1e 07
INFO - 8d b5 89 40 40 23 f4 01
INFO - 8d b7 89 08 40 28 36 0d
INFO - 8d b7 c9 20 40 28 1e 07
INFO - 8d b7 09 40 40 20 04 fc
INFO - 8d b9 09 08 40 28 36 0d
INFO - 8d b9 49 20 40 28 1e 07
INFO - 8d b9 89 40 40 23 f0 00
INFO - 8d bb 89 08 40 28 36 0d
INFO - 8d bb c9 20 40 28 1e 09
INFO - 8d bb 09 40 40 20 00 01
INFO - 8d bd 09 08 40 28 35 f0
INFO - 8d bd 49 20 40 28 26 0b
INFO - 8d bd 89 40 40 20 04 fc
INFO - 8d bf 89 08 40 27 c1 e9
INFO - 8d bf c9 20 40 28 2e 09
INFO - 8d bf 09 40 40 23 f0 fd
INFO - 8d c1 09 08 40 27 a5 e9
INFO - 8d c1 49 20 40 28 26 09
INFO - 8d c1 89 40 40 23 f4 01
INFO - 8d c3 89 08 40 27 a5 e9
INFO - 8d c3 c9 20 40 28 26 07
INFO - 8d c3 09 40 40 20 04 fc
INFO - 8d c5 09 08 40 27 a5 e9
INFO - 8d c5 49 20 40 28 1e 07
INFO - 8d c5 89 40 40 23 f0 01
INFO - 8d c7 89 08 40 27 a5 e9
INFO - 8d c7 c9 20 40 28 1e 09
INFO - 8d c7 09 40 40 20 04 fc
INFO - 8d c9 09 08 40 27 a5 e9
INFO - 8d c9 49 20 40 28 26 09
INFO - 8d c9 89 40 40 23 f0 01
INFO - 8d cb 89 08 40 27 a5 e9
INFO - 8d cb c9 20 40 28 26 07
INFO - 8d cb 09 40 40 20 04 fc
INFO - 8d cd 09 08 40 27 a5 e9
INFO - 8d cd 49 20 40 28 1e 05
INFO - 8d cd 89 40 40 23 f0 00
INFO - 8d cf 89 08 40 27 a5 e9
INFO - 8d cf c9 20 40 28 16 05
INFO - 8d cf 09 40 40 20 00 01
INFO - 8d d1 09 08 40 27 a5 e9
INFO - 8d d1 49 20 40 28 16 05
INFO - 8d d1 89 40 40 20 04 fc
INFO - 8d d3 89 08 40 27 a5 e9
INFO - 8d d3 c9 20 40 28 16 07
INFO - 8d d3 09 40 40 23 f0 fd
INFO - 8d d5 09 08 40 27 a5 e9
INFO - 8d d5 49 20 40 28 1e 07
INFO - 8d d5 89 40 40 23 f4 01
INFO - 8d d7 89 08 40 27 a5 e9
INFO - 8d d7 c9 20 40 28 1e 07
INFO - 8d d7 09 40 40 20 04 fc
INFO - 8d d9 09 08 40 27 a5 e9
INFO - 8d d9 49 20 40 28 1e 05
INFO - 8d d9 89 40 40 23 f0 01
INFO - 8d db 89 08 40 27 a6 1d
INFO - 8d db c9 20 40 28 16 05
INFO - 8d db 09 40 40 20 04 fc
INFO - 8d dd 09 08 40 28 76 2c
INFO - 8d dd 49 20 40 28 16 05
INFO - 8d dd 89 40 40 23 f0 fd
INFO - 8d df 89 08 40 28 b2 2c
INFO - 8d df c9 20 40 28 16 07
INFO - 8d df 09 40 40 23 f4 01
INFO - 8d e1 09 08 40 28 b2 2c
INFO - 8d e1 49 20 40 28 1e 07
INFO - 8d e1 89 40 40 20 04 fc
INFO - 8d e3 89 08 40 28 b2 2c
INFO - 8d e3 c9 20 40 28 1e 07
INFO - 8d e3 09 40 40 23 f0 00
INFO - 8d e5 09 08 40 28 b2 2c
INFO - 8d e5 49 20 40 28 1e 05
INFO - 8d e5 89 40 40 20 00 01
INFO - 8d e7 89 08 40 28 b2 2c
INFO - 8d e7 c9 20 40 28 16 05
INFO - 8d e7 09 40 40 20 04 fc
INFO - 8d e9 09 08 40 28 b2 2c
INFO - 8d e9 49 20 40 28 16 05
INFO - 8d e9 89 40 40 23 f0 01
INFO - 8d eb 89 08 40 28 b2 2c
INFO - 8d eb c9 20 40 28 16 05
INFO - 8d eb 09 40 40 20 04 fc
INFO - 8d ed 09 08 40 28 b2 2c
INFO - 8d ed 49 20 40 28 16 05
INFO - 8d ed 89 40 40 23 f0 fd
INFO - 8d ef 89 08 40 28 b2 2c
INFO - 8d ef c9 20 40 28 16 05
INFO - 8d ef 09 40 40 23 f4 01
INFO - 8d f1 09 08 40 28 b2 2c
INFO - 8d f1 49 20 40 28 16 05
INFO - 8d f1 89 40 40 20 04 fc
INFO - 8d f3 89 08 40 28 b2 2c
INFO - 8d f3 c9 20 40 28 16 05
INFO - 8d f3 09 40 40 23 f0 01
INFO - 8d f5 09 08 40 28 b2 2c
INFO - 8d f5 49 20 40 28 16 05
INFO - 8d f5 89 40 40 20 04 fc
INFO - 8d f7 89 08 40 28 b2 2c
INFO - 8d f7 c9 20 40 28 16 05
INFO - 8d f7 09 40 40 23 f0 01
INFO - 8d f9 09 08 40 28 b2 02
INFO - 8d f9 49 20 40 28 16 03
INFO - 8d f9 89 40 40 20 04 fc
INFO - 8d fb 89 08 40 28 09 fa
INFO - 8d fb c9 20 40 28 0e 03
INFO - 8d fb 09 40 40 23 f0 00
INFO - 8d fd 09 08 40 07 e9 fa
INFO - 8d fd 49 20 40 08 0e 03
INFO - 8d fd 89 40 40 00 00 c5
INFO - 8e 36 89 08 40 27 e9 f0
INFO - 8e 36 c9 20 40 28 16 05
INFO - 8e 36 09 40 40 23 14 3a
INFO - 8e 38 09 08 40 27 c1 ee
INFO - 8e 38 49 20 40 28 16 05
INFO - 8e 38 89 40 40 20 e8 fc
INFO - 8e 3a 89 08 40 27 b9 ee
INFO - 8e 3a c9 20 40 28 16 05
INFO - 8e 3a 09 40 40 23 f0 00
INFO - 8e 3c 09 08 40 27 b9 ee
INFO - 8e 3c 49 20 40 28 16 05
INFO - 8e 3c 89 40 40 20 00 01
INFO - 8e 3e 89 08 40 27 b9 ee
INFO - 8e 3e c9 20 40 28 16 05
INFO - 8e 3e 09 40 40 20 04 fc
INFO - 8e 40 09 08 40 27 b9 ee
INFO - 8e 40 49 20 40 28 16 05
INFO - 8e 40 89 40 40 23 f0 01
INFO - 8e 42 89 08 40 27 b9 ee
INFO - 8e 42 c9 20 40 28 16 05
INFO - 8e 42 09 40 40 20 04 fc
INFO - 8e 44 09 08 40 27 b9 ee
INFO - 8e 44 49 20 40 28 16 05
INFO - 8e 44 89 40 40 23 f0 fd
INFO - 8e 46 89 08 40 27 b9 ee
INFO - 8e 46 c9 20 40 28 16 05
INFO - 8e 46 09 40 40 23 f4 01
INFO - 8e 48 09 08 40 27 b9 ee
INFO - 8e 48 49 20 40 28 16 03
INFO - 8e 48 89 40 40 20 04 fc
INFO - 8e 4a 89 08 40 27 b9 ee
INFO - 8e 4a c9 20 40 28 0e 01
INFO - 8e 4a 09 40 40 23 f0 01
INFO - 8e 4c 09 08 40 27 b9 ee
INFO - 8e 4c 49 20 40 28 06 01
INFO - 8e 4c 89 40 40 20 04 fc
INFO - 8e 4e 89 08 40 27 b9 ee
INFO - 8e 4e c9 20 40 28 06 03
INFO - 8e 4e 09 40 40 23 f0 00
INFO - 8e 50 09 08 40 27 b9 ee
INFO - 8e 50 49 20 40 28 0e 05
INFO - 8e 50 89 40 40 20 00 01
INFO - 8e 52 89 08 40 27 b9 ee
INFO - 8e 52 c9 20 40 28 16 05
INFO - 8e 52 09 40 40 20 04 fc
INFO - 8e 54 09 08 40 27 b9 f6
INFO - 8e 54 49 20 40 28 16 03
INFO - 8e 54 89 40 40 23 f0 01
INFO - 8e 56 89 08 40 27 d9 f8
INFO - 8e 56 c9 20 40 28 0e 01
INFO - 8e 56 09 40 40 20 04 fc
INFO - 8e 58 09 08 40 27 e1 f8
INFO - 8e 58 49 20 40 28 06 01
INFO - 8e 58 89 40 40 23 f0 00
INFO - 8e 5a 89 08 40 27 e1 f8
INFO - 8e 5a c9 20 40 28 05 ff
INFO - 8e 5a 09 40 40 20 00 01
INFO - 8e 5c 09 08 40 27 e1 f8
INFO - 8e 5c 49 20 40 27 fd ff
INFO - 8e 5c 89 40 40 20 04 fc
INFO - 8e 5e 89 08 40 27 e1 f8
INFO - 8e 5e c9 20 40 27 fd ff
INFO - 8e 5e 09 40 40 23 f0 01
INFO - 8e 60 09 08 40 27 e1 f8
INFO - 8e 60 49 20 40 27 fe 01
INFO - 8e 60 89 40 40 20 04 fc
INFO - 8e 62 89 08 40 27 e1 f8
INFO - 8e 62 c9 20 40 28 06 01
INFO - 8e 62 09 40 40 23 f0 fd
INFO - 8e 64 09 08 40 27 e1 f8
INFO - 8e 64 49 20 40 28 06 05
INFO - 8e 64 89 40 40 23 f4 01
INFO - 8e 66 89 08 40 27 e1 f8
INFO - 8e 66 c9 20 40 28 16 07
INFO - 8e 66 09 40 40 20 04 fc
INFO - 8e 68 09 08 40 27 e1 f8
INFO - 8e 68 49 20 40 28 1e 07
INFO - 8e 68 89 40 40 23 f0 00
INFO - 8e 6a 89 08 40 27 e1 f8
INFO - 8e 6a c9 20 40 28 1e 07
INFO - 8e 6a 09 40 40 20 00 01
INFO - 8e 6c 09 08 40 27 e1 f8
INFO - 8e 6c 49 20 40 28 1e 05
INFO - 8e 6c 89 40 40 20 04 fc
INFO - 8e 6e 89 08 40 27 e1 f8
INFO - 8e 6e c9 20 40 28 16 03
INFO - 8e 6e 09 40 40 23 f0 01
INFO - 8e 70 09 08 40 27 e1 f3
INFO - 8e 70 49 20 40 28 0e 01
INFO - 8e 70 89 40 40 20 04 fc
INFO - 8e 72 89 08 40 27 cd f2
INFO - 8e 72 c9 20 40 28 05 ff
INFO - 8e 72 09 40 40 23 f0 00
INFO - 8e 74 09 08 40 27 c9 f2
INFO - 8e 74 49 20 40 27 fd ff
INFO - 8e 74 89 40 40 20 00 01
INFO - 8e 76 89 08 40 27 c9 f2
INFO - 8e 76 c9 20 40 27 fd ff
INFO - 8e 76 09 40 40 20 04 fc
INFO - 8e 78 09 08 40 27 c9 f2
INFO - 8e 78 49 20 40 27 fd ff
INFO - 8e 78 89 40 40 23 f0 01
INFO - 8e 7a 89 08 40 27 c9 f2
INFO - 8e 7a c9 20 40 27 fd ff
INFO - 8e 7a 09 40 40 20 04 fc
INFO - 8e 7c 09 08 40 27 c9 f2
INFO - 8e 7c 49 20 40 27 fd ff
INFO - 8e 7c 89 40 40 23 f0 fd
INFO - 8e 7e 89 08 40 27 c9 f2
INFO - 8e 7e c9 20 40 27 fd ff
INFO - 8e 7e 09 40 40 23 f4 01
INFO - 8e 80 09 08 40 27 c9 f2
INFO - 8e 80 49 20 40 27 fd ff
INFO - 8e 80 89 40 40 20 04 fc
INFO - 8e 82 89 08 40 27 c9 f2
INFO - 8e 82 c9 20 40 27 fd fd
INFO - 8e 82 09 40 40 23 f0 00
INFO - 8e 84 09 08 40 27 c9 f2
INFO - 8e 84 49 20 40 27 f5 fd
INFO - 8e 84 89 40 40 20 00 01
INFO - 8e 86 89 08 40 27 c9 f2
INFO - 8e 86 c9 20 40 27 f5 fd
INFO - 8e 86 09 40 40 20 04 fc
INFO - 8e 88 09 08 40 27 c9 f2
INFO - 8e 88 49 20 40 27 f5 ff
INFO - 8e 88 89 40 40 23 f0 fd
INFO - 8e 8a 89 08 40 27 c9 f2
INFO - 8e 8a c9 20 40 27 fd ff
INFO - 8e 8a 09 40 40 23 f4 01
INFO - 8e 8c 09 08 40 27 c9 f2
INFO - 8e 8c 49 20 40 27 fd ff
INFO - 8e 8c 89 40 40 20 04 fc
INFO - 8e 8e 89 08 40 27 c9 f2
INFO - 8e 8e c9 20 40 27 fd ff
INFO - 8e 8e 09 40 40 23 f0 01
INFO - 8e 90 09 08 40 27 ca 6f
INFO - 8e 90 49 20 40 27 fd ff
INFO - 8e 90 89 40 40 20 04 fc
INFO - 8e 92 89 08 40 29 be 81
INFO - 8e 92 c9 20 40 27 fd ff
INFO - 8e 92 09 40 40 23 f0 00
INFO - 8e 94 09 08 40 2a 06 81
INFO - 8e 94 49 20 40 27 fd ff
INFO - 8e 94 89 40 40 20 00 01
INFO - 8e 96 89 08 40 2a 06 81
INFO - 8e 96 c9 20 40 27 fd ff
INFO - 8e 96 09 40 40 20 04 fc
INFO - 8e 98 09 08 40 2a 06 81
INFO - 8e 98 49 20 40 27 fd ff
INFO - 8e 98 89 40 40 23 f0 fd
INFO - 8e 9a 89 08 40 2a 06 81
INFO - 8e 9a c9 20 40 27 fd ff
INFO - 8e 9a 09 40 40 23 f4 01
INFO - 8e 9c 09 08 40 2a 06 81
INFO - 8e 9c 49 20 40 27 fe 01
INFO - 8e 9c 89 40 40 20 04 fc
INFO - 8e 9e 89 08 40 2a 06 1b
INFO - 8e 9e c9 20 40 28 06 01
INFO - 8e 9e 09 40 40 23 f0 01
INFO - 8e a0 09 08 40 28 6d f3
INFO - 8e a0 49 20 40 28 06 01
INFO - 8e a0 89 40 40 20 04 fc
INFO - 8e a2 89 08 40 27 cd f3
INFO - 8e a2 c9 20 40 28 06 01
INFO - 8e a2 09 40 40 23 f0 fd
INFO - 8e a4 09 08 40 27 cd f3
INFO - 8e a4 49 20 40 28 05 ff
INFO - 8e a4 89 40 40 23 f4 01
INFO - 8e a6 89 08 40 27 cd f3
INFO - 8e a6 c9 20 40 27 fd ff
INFO - 8e a6 09 40 40 20 04 fc
INFO - 8e a8 09 08 40 27 cd f3
INFO - 8e a8 49 20 40 27 fd ff
INFO - 8e a8 89 40 40 23 f0 00
INFO - 8e aa 89 08 40 27 cd f3
INFO - 8e aa c9 20 40 27 fd ff
INFO - 8e aa 09 40 40 20 00 01
INFO - 8e ac 09 08 40 27 cd f3
INFO - 8e ac 49 20 40 27 fd ff
INFO - 8e ac 89 40 40 20 04 fc
INFO - 8e ae 89 08 40 27 cd f3
INFO - 8e ae c9 20 40 27 fd ff
INFO - 8e ae 09 40 40 23 f0 fd
INFO - 8e b0 09 08 40 27 cd f3
INFO - 8e b0 49 20 40 27 fd ff
INFO - 8e b0 89 40 40 23 f4 01
INFO - 8e b2 89 08 40 27 cd f3
INFO - 8e b2 c9 20 40 27 fd ff
INFO - 8e b2 09 40 40 20 04 fc
INFO - 8e b4 09 08 40 27 cd f3
INFO - 8e b4 49 20 40 27 fd ff
INFO - 8e b4 89 40 40 23 f0 01
INFO - 8e b6 89 08 40 27 cd f3
INFO - 8e b6 c9 20 40 27 fd ff
INFO - 8e b6 09 40 40 20 04 fc
INFO - 8e b8 09 08 40 27 cd f3
INFO - 8e b8 49 20 40 27 fd ff
INFO - 8e b8 89 40 40 23 f0 00
INFO - 8e ba 89 08 40 27 cd f3
INFO - 8e ba c9 20 40 27 fd ff
INFO - 8e ba 09 40 40 20 00 01
INFO - 8e bc 09 08 40 27 cd f3
INFO - 8e bc 49 20 40 27 fd ff
INFO - 8e bc 89 40 40 20 04 fc
INFO - 8e be 89 08 40 27 ce 05
INFO - 8e be c9 20 40 27 fd ff
INFO - 8e be 09 40 40 23 f0 01
INFO - 8e c0 09 08 40 28 16 0a
INFO - 8e c0 49 20 40 27 fd ff
INFO - 8e c0 89 40 40 20 04 fc
INFO - 8e c2 89 08 40 28 2a 0a
INFO - 8e c2 c9 20 40 27 fd ff
INFO - 8e c2 09 40 40 23 f0 00
INFO - 8e c4 09 08 40 28 2a 0a
INFO - 8e c4 49 20 40 27 fe 01
INFO - 8e c4 89 40 40 20 00 01
INFO - 8e c6 89 08 40 28 2a 0a
INFO - 8e c6 c9 20 40 28 06 01
INFO - 8e c6 09 40 40 20 04 fc
INFO - 8e c8 09 08 40 28 2a 0a
INFO - 8e c8 49 20 40 28 05 ff
INFO - 8e c8 89 40 40 23 f0 00
INFO - 8e ca 89 08 40 28 2a 0a
INFO - 8e ca c9 20 40 27 fd ff
INFO - 8e ca 09 40 40 20 00 01
INFO - 8e cc 09 08 40 28 2a 0a
INFO - 8e cc 49 20 40 27 fd ff
INFO - 8e cc 89 40 40 20 04 fc
INFO - 8e ce 89 08 40 28 2a 0a
INFO - 8e ce c9 20 40 27 fd ff
INFO - 8e ce 09 40 40 23 f0 01
INFO - 8e d0 09 08 40 28 2a 0a
INFO - 8e d0 49 20 40 27 fd ff
INFO - 8e d0 89 40 40 20 04 fc
INFO - 8e d2 89 08 40 28 2a 0a
INFO - 8e d2 c9 20 40 27 fd ff
INFO - 8e d2 09 40 40 23 f0 00
INFO - 8e d4 09 08 40 28 2a 0a
INFO - 8e d4 49 20 40 27 fd ff
INFO - 8e d4 89 40 40 20 00 01
INFO - 8e d6 89 08 40 28 2a 0a
INFO - 8e d6 c9 20 40 27 fd ff
INFO - 8e d6 09 40 40 20 04 fc
INFO - 8e d8 09 08 40 28 2a 0a
INFO - 8e d8 49 20 40 27 fd ff
INFO - 8e d8 89 40 40 23 f0 00
INFO - 8e da 89 08 40 28 2a 0a
INFO - 8e da c9 20 40 27 fd ff
INFO - 8e da 09 40 40 20 00 01
INFO - 8e dc 09 08 40 28 2a 0e
INFO - 8e dc 49 20 40 27 fd fb
INFO - 8e dc 89 40 40 20 04 fc
INFO - 8e de 89 08 40 28 3a 10
INFO - 8e de c9 20 40 27 ed f9
INFO - 8e de 09 40 40 23 f0 01
INFO - 8e e0 09 08 40 28 42 10
INFO - 8e e0 49 20 40 27 e5 f9
INFO - 8e e0 89 40 40 20 04 fc
INFO - 8e e2 89 08 40 28 42 10
INFO - 8e e2 c9 20 40 27 e5 fb
INFO - 8e e2 09 40 40 23 f0 fd
INFO - 8e e4 09 08 40 28 42 10
INFO - 8e e4 49 20 40 27 ed fd
INFO - 8e e4 89 40 40 23 f4 01
INFO - 8e e6 89 08 40 28 42 10
INFO - 8e e6 c9 20 40 27 f5 ff
INFO - 8e e6 09 40 40 20 04 fc
INFO - 8e e8 09 08 40 28 42 10
INFO - 8e e8 49 20 40 27 fd ff
INFO - 8e e8 89 40 40 23 f0 01
INFO - 8e ea 89 08 40 28 42 10
INFO - 8e ea c9 20 40 27 fd ff
INFO - 8e ea 09 40 40 20 04 fc
INFO - 8e ec 09 08 40 28 42 10
INFO - 8e ec 49 20 40 27 fd fd
INFO - 8e ec 89 40 40 23 f0 00
INFO - 8e ee 89 08 40 28 42 10
INFO - 8e ee c9 20 40 27 f5 fd
INFO - 8e ee 09 40 40 20 00 fd
INFO - 8e f0 09 08 40 28 42 10
INFO - 8e f0 49 20 40 27 f5 fd
INFO - 8e f0 89 40 40 23 f4 01
INFO - 8e f2 89 08 40 28 42 10
INFO - 8e f2 c9 20 40 27 f5 fd
INFO - 8e f2 09 40 40 20 04 fc
INFO - 8e f4 09 08 40 28 42 10
INFO - 8e f4 49 20 40 27 f5 ff
INFO - 8e f4 89 40 40 23 f0 01
INFO - 8e f6 89 08 40 28 42 10
INFO - 8e f6 c9 20 40 27 fd ff
INFO - 8e f6 09 40 40 20 04 fc
INFO - 8e f8 09 08 40 28 42 10
INFO - 8e f8 49 20 40 27 fd ff
INFO - 8e f8 89 40 40 23 f0 00
INFO - 8e fa 89 08 40 28 41 f8
INFO - 8e fa c9 20 40 27 fd ff
INFO - 8e fa 09 40 40 20 00 01
INFO - 8e fc 09 08 40 27 e1 f3
INFO - 8e fc 49 20 40 27 fd fd
INFO - 8e fc 89 40 40 20 04 fc
INFO - 8e fe 89 08 40 27 cd f3
INFO - 8e fe c9 20 40 27 f5 fd
INFO - 8e fe 09 40 40 23 f0 01
INFO - 8f 00 09 08 40 27 cd f3
INFO - 8f 00 49 20 40 27 f5 fb
INFO - 8f 00 89 40 40 20 04 fc
INFO - 8f 02 89 08 40 27 cd f3
INFO - 8f 02 c9 20 40 27 ed fb
INFO - 8f 02 09 40 40 23 f0 00
INFO - 8f 04 09 08 40 27 cd f3
INFO - 8f 04 49 20 40 27 ed fd
INFO - 8f 04 89 40 40 20 00 01
INFO - 8f 06 89 08 40 27 cd f3
INFO - 8f 06 c9 20 40 27 f5 fd
INFO - 8f 06 09 40 40 20 04 fc
INFO - 8f 08 09 08 40 27 cd f3
INFO - 8f 08 49 20 40 27 f5 fd
INFO - 8f 08 89 40 40 23 f0 fd
INFO - 8f 0a 89 08 40 27 cd f3
INFO - 8f 0a c9 20 40 27 f5 fd
INFO - 8f 0a 09 40 40 23 f4 01
INFO - 8f 0c 09 08 40 27 cd f3
INFO - 8f 0c 49 20 40 27 f5 fd
INFO - 8f 0c 89 40 40 20 04 fc
INFO - 8f 0e 89 08 40 27 cd f3
INFO - 8f 0e c9 20 40 27 f5 fd
INFO - 8f 0e 09 40 40 23 f0 01
INFO - 8f 10 09 08 40 27 cd f3
INFO - 8f 10 49 20 40 27 f5 ff
INFO - 8f 10 89 40 40 20 04 fc
INFO - 8f 12 89 08 40 27 cd f3
INFO - 8f 12 c9 20 40 27 fd ff
INFO - 8f 12 09 40 40 23 f0 00
INFO - 8f 14 09 08 40 27 cd f3
INFO - 8f 14 49 20 40 27 fd fd
INFO - 8f 14 89 40 40 20 00 01
INFO - 8f 16 89 08 40 27 cd ea
INFO - 8f 16 c9 20 40 27 f5 fb
INFO - 8f 16 09 40 40 20 04 fc
INFO - 8f 18 09 08 40 27 a9 e8
INFO - 8f 18 49 20 40 27 ed fb
INFO - 8f 18 89 40 40 23 f0 01
INFO - 8f 1a 89 08 40 27 a1 e8
INFO - 8f 1a c9 20 40 27 ed f9
INFO - 8f 1a 09 40 40 20 04 fc
INFO - 8f 1c 09 08 40 27 a1 e8
INFO - 8f 1c 49 20 40 27 e5 fb
INFO - 8f 1c 89 40 40 23 f0 00
INFO - 8f 1e 89 08 40 27 a1 e8
INFO - 8f 1e c9 20 40 27 ed fb
INFO - 8f 1e 09 40 40 20 00 01
INFO - 8f 20 09 08 40 27 a1 e8
INFO - 8f 20 49 20 40 27 ed fb
INFO - 8f 20 89 40 40 20 04 fc
INFO - 8f 22 89 08 40 27 a1 e8
INFO - 8f 22 c9 20 40 27 ed fb
INFO - 8f 22 09 40 40 23 f0 01
INFO - 8f 24 09 08 40 27 a1 e8
INFO - 8f 24 49 20 40 27 ed fb
INFO - 8f 24 89 40 40 20 04 fc
INFO - 8f 26 89 08 40 27 a1 e8
INFO - 8f 26 c9 20 40 27 ed fb
INFO - 8f 26 09 40 40 23 f0 00
INFO - 8f 28 09 08 40 27 a1 e8
INFO - 8f 28 49 20 40 27 ed f9
INFO - 8f 28 89 40 40 20 00 01
INFO - 8f 2a 89 08 40 27 a1 e8
INFO - 8f 2a c9 20 40 27 e5 f9
INFO - 8f 2a 09 40 40 20 04 fc
INFO - 8f 2c 09 08 40 27 a1 e8
INFO - 8f 2c 49 20 40 27 e5 fb
INFO - 8f 2c 89 40 40 23 f0 fd
INFO - 8f 2e 89 08 40 27 a1 e8
INFO - 8f 2e c9 20 40 27 ed fb
INFO - 8f 2e 09 40 40 23 f4 01
INFO - 8f 30 09 08 40 27 a1 e8
INFO - 8f 30 49 20 40 27 ed fd
INFO - 8f 30 89 40 40 20 04 fc
INFO - 8f 32 89 08 40 27 a1 e8
INFO - 8f 32 c9 20 40 27 f5 fd
INFO - 8f 32 09 40 40 23 f0 01
INFO - 8f 34 09 08 40 27 a1 e8
INFO - 8f 34 49 20 40 27 f5 fd
INFO - 8f 34 89 40 40 20 04 fc
INFO - 8f 36 89 08 40 27 a2 0c
INFO - 8f 36 c9 20 40 27 f5 fb
INFO - 8f 36 09 40 40 23 f0 00
INFO - 8f 38 09 08 40 28 32 15
INFO - 8f 38 49 20 40 27 ed fb
INFO - 8f 38 89 40 40 20 00 01
INFO - 8f 3a 89 08 40 28 56 15
INFO - 8f 3a c9 20 40 27 ed f9
INFO - 8f 3a 09 40 40 20 04 fc
INFO - 8f 3c 09 08 40 28 56 15
INFO - 8f 3c 49 20 40 27 e5 f9
INFO - 8f 3c 89 40 40 23 f0 00
INFO - 8f 3e 89 08 40 28 56 15
INFO - 8f 3e c9 20 40 27 e5 f9
INFO - 8f 3e 09 40 40 20 00 01
INFO - 8f 40 09 08 40 28 56 15
INFO - 8f 40 49 20 40 27 e5 fb
INFO - 8f 40 89 40 40 20 04 fc
INFO - 8f 42 89 08 40 28 56 15
INFO - 8f 42 c9 20 40 27 ed fb
INFO - 8f 42 09 40 40 23 f0 01
INFO - 8f 44 09 08 40 28 56 15
INFO - 8f 44 49 20 40 27 ed fb
INFO - 8f 44 89 40 40 20 04 fc
INFO - 8f 46 89 08 40 28 56 15
INFO - 8f 46 c9 20 40 27 ed fb
INFO - 8f 46 09 40 40 23 f0 00
INFO - 8f 48 09 08 40 28 56 15
INFO - 8f 48 49 20 40 27 ed fb
INFO - 8f 48 89 40 40 20 00 01
INFO - 8f 4a 89 08 40 28 56 15
INFO - 8f 4a c9 20 40 27 ed f9
INFO - 8f 4a 09 40 40 20 04 fc
INFO - 8f 4c 09 08 40 28 56 15
INFO - 8f 4c 49 20 40 27 e5 f9
INFO - 8f 4c 89 40 40 23 f0 00
INFO - 8f 4e 89 08 40 28 56 15
INFO - 8f 4e c9 20 40 27 e5 f9
INFO - 8f 4e 09 40 40 20 00 01
INFO - 8f 50 09 08 40 28 56 15
INFO - 8f 50 49 20 40 27 e5 f9
INFO - 8f 50 89 40 40 20 04 fc
INFO - 8f 52 89 08 40 28 56 15
INFO - 8f 52 c9 20 40 27 e5 f7
INFO - 8f 52 09 40 40 23 f0 01
INFO - 8f 54 09 08 40 28 56 13
INFO - 8f 54 49 20 40 27 dd f9
INFO - 8f 54 89 40 40 20 04 fc
INFO - 8f 56 89 08 40 28 4e 13
INFO - 8f 56 c9 20 40 27 e5 f9
INFO - 8f 56 09 40 40 23 f0 fd
INFO - 8f 58 09 08 40 28 4e 13
INFO - 8f 58 49 20 40 27 e5 f9
INFO - 8f 58 89 40 40 23 f4 01
INFO - 8f 5a 89 08 40 28 4e 13
INFO - 8f 5a c9 20 40 27 e5 f9
INFO - 8f 5a 09 40 40 20 04 fc
INFO - 8f 5c 09 08 40 28 4e 13
INFO - 8f 5c 49 20 40 27 e5 f9
INFO - 8f 5c 89 40 40 23 f0 00
INFO - 8f 5e 89 08 40 28 4e 13
INFO - 8f 5e c9 20 40 27 e5 f9
INFO - 8f 5e 09 40 40 20 00 01
INFO - 8f 60 09 08 40 28 4e 13
INFO - 8f 60 49 20 40 27 e5 f9
INFO - 8f 60 89 40 40 20 04 fc
INFO - 8f 62 89 08 40 28 4e 13
INFO - 8f 62 c9 20 40 27 e5 f9
INFO - 8f 62 09 40 40 23 f0 01
INFO - 8f 64 09 08 40 28 4e 13
INFO - 8f 64 49 20 40 27 e5 f9
INFO - 8f 64 89 40 40 20 04 fc
INFO - 8f 66 89 08 40 28 4e 13
INFO - 8f 66 c9 20 40 27 e5 f9
INFO - 8f 66 09 40 40 23 f0 fd
INFO - 8f 68 09 08 40 28 4e 13
INFO - 8f 68 49 20 40 27 e5 f7
INFO - 8f 68 89 40 40 23 f4 01
INFO - 8f 6a 89 08 40 28 4e 13
INFO - 8f 6a c9 20 40 27 dd f9
INFO - 8f 6a 09 40 40 20 04 fc
INFO - 8f 6c 09 08 40 28 4e 13
INFO - 8f 6c 49 20 40 27 e5 f9
INFO - 8f 6c 89 40 40 23 f0 01
INFO - 8f 6e 89 08 40 28 4e 13
INFO - 8f 6e c9 20 40 27 e5 f9
INFO - 8f 6e 09 40 40 20 04 fc
INFO - 8f 70 09 08 40 28 4e 13
INFO - 8f 70 49 20 40 27 e5 f9
INFO - 8f 70 89 40 40 23 f0 00
INFO - 8f 72 89 08 40 28 4d f7
INFO - 8f 72 c9 20 40 27 e5 f7
INFO - 8f 72 09 40 40 20 00 01
INFO - 8f 74 09 08 40 27 dd f2
INFO - 8f 74 49 20 40 27 dd f9
INFO - 8f 74 89 40 40 20 04 fc
INFO - 8f 76 89 08 40 27 c9 f2
INFO - 8f 76 c9 20 40 27 e5 f9
INFO - 8f 76 09 40 40 23 f0 fd
INFO - 8f 78 09 08 40 27 c9 f2
INFO - 8f 78 49 20 40 27 e5 f9
INFO - 8f 78 89 40 40 23 f4 01
INFO - 8f 7a 89 08 40 27 c9 f2
INFO - 8f 7a c9 20 40 27 e5 f9
INFO - 8f 7a 09 40 40 20 04 fc
INFO - 8f 7c 09 08 40 27 c9 f2
INFO - 8f 7c 49 20 40 27 e5 f9
INFO - 8f 7c 89 40 40 23 f0 01
INFO - 8f 7e 89 08 40 27 c9 f2
INFO - 8f 7e c9 20 40 27 e5 f9
INFO - 8f 7e 09 40 40 20 04 fc
INFO - 8f 80 09 08 40 27 c9 f2
INFO - 8f 80 49 20 40 27 e5 f9
INFO - 8f 80 89 40 40 23 f0 01
INFO - 8f 82 89 08 40 27 c9 f2
INFO - 8f 82 c9 20 40 27 e5 f9
INFO - 8f 82 09 40 40 20 04 fc
INFO - 8f 84 09 08 40 27 c9 f2
INFO - 8f 84 49 20 40 27 e5 f9
INFO - 8f 84 89 40 40 23 f0 01
INFO - 8f 86 89 08 40 27 c9 f2
INFO - 8f 86 c9 20 40 27 e5 f7
INFO - 8f 86 09 40 40 20 04 fc
INFO - 8f 88 09 08 40 27 c9 f2
INFO - 8f 88 49 20 40 27 dd f7
INFO - 8f 88 89 40 40 23 f0 00
INFO - 8f 8a 89 08 40 27 c9 f2
INFO - 8f 8a c9 20 40 27 dd f9
INFO - 8f 8a 09 40 40 20 00 01
INFO - 8f 8c 09 08 40 27 c9 f2
INFO - 8f 8c 49 20 40 27 e5 f9
INFO - 8f 8c 89 40 40 20 04 fc
INFO - 8f 8e 89 08 40 27 c9 f2
INFO - 8f 8e c9 20 40 27 e5 f9
INFO - 8f 8e 09 40 40 23 f0 01
INFO - 8f 90 09 08 40 27 c9 f2
INFO - 8f 90 49 20 40 27 e5 f9
INFO - 8f 90 89 40 40 20 04 fc
INFO - 8f 92 89 08 40 27 c9 e2
INFO - 8f 92 c9 20 40 27 e5 f7
INFO - 8f 92 09 40 40 23 f0 fd
INFO - 8f 94 09 08 40 27 89 de
INFO - 8f 94 49 20 40 27 dd f5
INFO - 8f 94 89 40 40 23 f4 01
INFO - 8f 96 89 08 40 27 79 de
INFO - 8f 96 c9 20 40 27 d5 f5
INFO - 8f 96 09 40 40 20 04 fc
INFO - 8f 98 09 08 40 27 79 de
INFO - 8f 98 49 20 40 27 d5 f7
INFO - 8f 98 89 40 40 23 f0 01
INFO - 8f 9a 89 08 40 27 79 de
INFO - 8f 9a c9 20 40 27 dd f7
INFO - 8f 9a 09 40 40 20 04 fc
INFO - 8f 9c 09 08 40 27 79 de
INFO - 8f 9c 49 20 40 27 dd f7
INFO - 8f 9c 89 40 40 23 f0 00
INFO - 8f 9e 89 08 40 27 79 de
INFO - 8f 9e c9 20 40 27 dd f7
INFO - 8f 9e 09 40 40 20 00 01
INFO - 8f a0 09 08 40 27 79 de
INFO - 8f a0 49 20 40 27 dd f7
INFO - 8f a0 89 40 40 20 04 fc
INFO - 8f a2 89 08 40 27 79 de
INFO - 8f a2 c9 20 40 27 dd f7
INFO - 8f a2 09 40 40 23 f0 01
INFO - 8f a4 09 08 40 27 79 de
INFO - 8f a4 49 20 40 27 dd f7
INFO - 8f a4 89 40 40 20 04 fc
INFO - 8f a6 89 08 40 27 79 de
INFO - 8f a6 c9 20 40 27 dd f7
INFO - 8f a6 09 40 40 23 f0 00
INFO - 8f a8 09 08 40 27 79 de
INFO - 8f a8 49 20 40 27 dd f9
INFO - 8f a8 89 40 40 20 00 01
INFO - 8f aa 89 08 40 27 79 de
INFO - 8f aa c9 20 40 27 e5 f9
INFO - 8f aa 09 40 40 20 04 fc
INFO - 8f ac 09 08 40 27 79 de
INFO - 8f ac 49 20 40 27 e5 f9
INFO - 8f ac 89 40 40 23 f0 fd
INFO - 8f ae 89 08 40 27 79 c1
INFO - 8f ae c9 20 40 27 e5 f9
INFO - 8f ae 09 40 40 23 f4 01
INFO - 8f b0 09 08 40 27 05 bd
INFO - 8f b0 49 20 40 27 e5 f9
INFO - 8f b0 89 40 40 20 04 fc
INFO - 8f b2 89 08 40 26 f5 bd
INFO - 8f b2 c9 20 40 27 e5 f9
INFO - 8f b2 09 40 40 23 f0 01
INFO - 8f b4 09 08 40 26 f5 bd
INFO - 8f b4 49 20 40 27 e5 f9
INFO - 8f b4 89 40 40 20 04 fc
INFO - 8f b6 89 08 40 26 f5 bd
INFO - 8f b6 c9 20 40 27 e5 f9
INFO - 8f b6 09 40 40 23 f0 fd
INFO - 8f b8 09 08 40 26 f5 bd
INFO - 8f b8 49 20 40 27 e5 f7
INFO - 8f b8 89 40 40 23 f4 01
INFO - 8f ba 89 08 40 26 f5 bd
INFO - 8f ba c9 20 40 27 dd f7
INFO - 8f ba 09 40 40 20 04 fc
INFO - 8f bc 09 08 40 26 f5 bd
INFO - 8f bc 49 20 40 27 dd f7
INFO - 8f bc 89 40 40 23 f0 fd
INFO - 8f be 89 08 40 26 f5 bd
INFO - 8f be c9 20 40 27 dd f7
INFO - 8f be 09 40 40 23 f4 01
INFO - 8f c0 09 08 40 26 f5 bd
INFO - 8f c0 49 20 40 27 dd f9
INFO - 8f c0 89 40 40 20 04 fc
INFO - 8f c2 89 08 40 26 f5 bd
INFO - 8f c2 c9 20 40 27 e5 fb
INFO - 8f c2 09 40 40 23 f0 00
INFO - 8f c4 09 08 40 26 f5 bd
INFO - 8f c4 49 20 40 27 ed fb
INFO - 8f c4 89 40 40 20 00 01
INFO - 8f c6 89 08 40 26 f5 bd
INFO - 8f c6 c9 20 40 27 ed fb
INFO - 8f c6 09 40 40 20 04 fc
INFO - 8f c8 09 08 40 46 f5 ed
INFO - 8f c8 49 20 40 47 ed fb
INFO - 8f c8 89 40 40 43 f0 00
INFO - 8f cc 09 08 40 27 b5 f5
INFO - 8f cc 49 20 40 27 ed fb
INFO - 8f cc 89 40 40 20 00 fd
INFO - 8f ce 89 08 40 27 d5 f9
INFO - 8f ce c9 20 40 27 ed f9
INFO - 8f ce 09 40 40 23 f4 fd
INFO - 8f d0 09 08 40 17 e5 fb
INFO - 8f d0 49 20 40 17 e5 f9
INFO - 8f d0 89 40 40 13 f4 01
INFO - 8f d1 89 08 40 37 ed fd
INFO - 8f d1 c9 20 40 37 e5 f7
INFO - 8f d1 09 40 40 30 04 fc
INFO - 8f d4 09 08 40 17 f5 fe
INFO - 8f d4 49 20 40 17 dd f7
INFO - 8f d4 89 40 40 13 f0 01
INFO - 8f d5 89 08 40 27 f9 ff
INFO - 8f d5 c9 20 40 27 dd f7
INFO - 8f d5 09 40 40 20 04 fc
INFO - 8f d7 09 08 40 27 fd ff
INFO - 8f d7 49 20 40 27 dd f7
INFO - 8f d7 89 40 40 23 f0 00
INFO - 8f d9 89 08 40 27 fd ff
INFO - 8f d9 c9 20 40 27 dd f7
INFO - 8f d9 09 40 40 20 00 01
INFO - 8f db 09 08 40 27 fe 00
INFO - 8f db 49 20 40 27 dd f7
INFO - 8f db 89 40 40 20 04 fc
INFO - 8f dd 89 08 40 28 02 01
INFO - 8f dd c9 20 40 27 dd f5
INFO - 8f dd 09 40 40 23 f0 01
INFO - 8f df 09 08 40 28 06 01
INFO - 8f df 49 20 40 27 d5 f5
INFO - 8f df 89 40 40 20 04 fc
INFO - 8f e1 89 08 40 38 06 02
INFO - 8f e1 c9 20 40 37 d5 f5
INFO - 8f e1 09 40 40 33 f0 00
INFO - 8f e4 09 08 40 18 0a 02
INFO - 8f e4 49 20 40 17 d5 f5
INFO - 8f e4 89 40 40 10 00 01
INFO - 8f e5 89 08 40 38 0a 03
INFO - 8f e5 c9 20 40 37 d5 f5
INFO - 8f e5 09 40 40 30 04 fc
INFO - 8f e8 09 08 40 18 0e 04
INFO - 8f e8 49 20 40 17 d5 f5
INFO - 8f e8 89 40 40 13 f0 fd
INFO - 8f e9 89 08 40 38 12 04
INFO - 8f e9 c9 20 40 37 d5 f5
INFO - 8f e9 09 40 40 33 f4 01
INFO - 8f ec 09 08 40 28 12 05
INFO - 8f ec 49 20 40 27 d5 f5
INFO - 8f ec 89 40 40 20 04 fc
INFO - 8f ee 89 08 40 28 16 06
INFO - 8f ee c9 20 40 27 d5 f7
INFO - 8f ee 09 40 40 23 f0 fd
INFO - 8f f0 09 08 40 28 1a 08
INFO - 8f f0 49 20 40 27 dd f7
INFO - 8f f0 89 40 40 23 f4 01
INFO - 8f f2 89 08 40 28 22 08
INFO - 8f f2 c9 20 40 27 dd f7
INFO - 8f f2 09 40 40 20 04 fc
INFO - 8f f4 09 08 40 28 22 0a
INFO - 8f f4 49 20 40 27 dd f7
INFO - 8f f4 89 40 40 23 f0 01
INFO - 8f f6 89 08 40 28 2a 0c
INFO - 8f f6 c9 20 40 27 dd f7
INFO - 8f f6 09 40 40 20 04 fc
INFO - 8f f8 09 08 40 28 32 0e
INFO - 8f f8 49 20 40 27 dd f7
INFO - 8f f8 89 40 40 23 f0 00
INFO - 8f fa 89 08 40 08 3a 0e
INFO - 8f fa c9 20 40 07 dd f7
INFO - 8f fa 09 40 40 00 00 c5
INFO - 90 34 89 08 40 27 5d d7
INFO - 90 34 c9 20 40 27 e5 f9
INFO - 90 34 09 40 40 23 14 3a
INFO - 90 36 09 08 40 27 5d d7
INFO - 90 36 49 20 40 27 e5 f9
INFO - 90 36 89 40 40 20 e8 fc
INFO - 90 38 89 08 40 27 5d d7
INFO - 90 38 c9 20 40 27 e5 f9
INFO - 90 38 09 40 40 23 f0 01
INFO - 90 3a 09 08 40 67 5d d7
INFO - 90 3a 49 20 40 67 e5 f7
INFO - 90 3a 89 40 40 60 04 fd
INFO - 90 40 89 08 40 27 5d d7
INFO - 90 40 c9 20 40 27 dd f7
INFO - 90 40 09 40 40 23 f4 fd
INFO - 90 42 09 08 40 27 5d d7
INFO - 90 42 49 20 40 27 dd f7
INFO - 90 42 89 40 40 23 f4 01
INFO - 90 44 89 08 40 47 5d d7
INFO - 90 44 c9 20 40 47 dd f7
INFO - 90 44 09 40 40 40 04 fc
INFO - 90 48 09 08 40 27 5d d7
INFO - 90 48 49 20 40 27 dd f7
INFO - 90 48 89 40 40 23 f0 01
INFO - 90 4a 89 08 40 27 5d d1
INFO - 90 4a c9 20 40 27 dd f7
INFO - 90 4a 09 40 40 20 04 fc
INFO - 90 4c 09 08 40 27 45 bf
INFO - 90 4c 49 20 40 27 dd f7
INFO - 90 4c 89 40 40 23 f0 00
INFO - 90 4e 89 08 40 26 fd b9
INFO - 90 4e c9 20 40 27 dd f7
INFO - 90 4e 09 40 40 20 00 01
INFO - 90 50 09 08 40 26 e5 b9
INFO - 90 50 49 20 40 27 dd f9
INFO - 90 50 89 40 40 20 04 fc
INFO - 90 52 89 08 40 26 e5 b9
INFO - 90 52 c9 20 40 27 e5 f9
INFO - 90 52 09 40 40 23 f0 fd
INFO - 90 54 09 08 40 26 e5 b9
INFO - 90 54 49 20 40 27 e5 f9
INFO - 90 54 89 40 40 23 f4 01
INFO - 90 56 89 08 40 26 e5 b9
INFO - 90 56 c9 20 40 27 e5 f9
INFO - 90 56 09 40 40 20 04 fc
INFO - 90 58 09 08 40 26 e5 b9
INFO - 90 58 49 20 40 27 e5 f9
INFO - 90 58 89 40 40 23 f0 01
INFO - 90 5a 89 08 40 26 e5 b9
INFO - 90 5a c9 20 40 27 e5 f9
INFO - 90 5a 09 40 40 20 04 fc
INFO - 90 5c 09 08 40 36 e5 b9
INFO - 90 5c 49 20 40 37 e5 f7
INFO - 90 5c 89 40 40 33 f0 00
INFO - 90 5f 89 08 40 16 e5 b9
INFO - 90 5f c9 20 40 17 dd f7
INFO - 90 5f 09 40 40 10 00 01
INFO - 90 60 09 08 40 46 e5 b9
INFO - 90 60 49 20 40 47 dd fb
INFO - 90 60 89 40 40 40 04 fd
INFO - 90 64 09 08 40 26 e5 d1
INFO - 90 64 49 20 40 27 ed fb
INFO - 90 64 89 40 40 23 f4 fd
INFO - 90 66 89 08 40 27 45 e8
INFO - 90 66 c9 20 40 27 ed fb
INFO - 90 66 09 40 40 23 f4 01
INFO - 90 68 09 08 40 27 a1 e8
INFO - 90 68 49 20 40 27 ed fb
INFO - 90 68 89 40 40 20 04 fc
INFO - 90 6a 89 08 40 27 a1 e8
INFO - 90 6a c9 20 40 27 ed f9
INFO - 90 6a 09 40 40 23 f0 00
INFO - 90 6c 09 08 40 27 a1 e8
INFO - 90 6c 49 20 40 27 e5 f7
INFO - 90 6c 89 40 40 20 00 01
INFO - 90 6e 89 08 40 27 a1 e8
INFO - 90 6e c9 20 40 27 dd f7
INFO - 90 6e 09 40 40 20 04 fc
INFO - 90 70 09 08 40 27 a1 e8
INFO - 90 70 49 20 40 27 dd f5
INFO - 90 70 89 40 40 23 f0 01
INFO - 90 72 89 08 40 27 a1 e8
INFO - 90 72 c9 20 40 27 d5 f3
INFO - 90 72 09 40 40 20 04 fc
INFO - 90 74 09 08 40 27 a1 e8
INFO - 90 74 49 20 40 27 cd f5
INFO - 90 74 89 40 40 23 f0 01
INFO - 90 76 89 08 40 27 a1 e8
INFO - 90 76 c9 20 40 27 d5 f5
INFO - 90 76 09 40 40 20 04 fc
INFO - 90 78 09 08 40 27 a1 e8
INFO - 90 78 49 20 40 27 d5 f7
INFO - 90 78 89 40 40 23 f0 fd
INFO - 90 7a 89 08 40 27 a1 e8
INFO - 90 7a c9 20 40 27 dd f9
INFO - 90 7a 09 40 40 23 f4 01
INFO - 90 7c 09 08 40 27 a1 e8
INFO - 90 7c 49 20 40 27 e5 f9
INFO - 90 7c 89 40 40 20 04 fc
INFO - 90 7e 89 08 40 27 a1 e8
INFO - 90 7e c9 20 40 27 e5 f9
INFO - 90 7e 09 40 40 23 f0 fd
INFO - 90 80 09 08 40 27 a1 e8
INFO - 90 80 49 20 40 27 e5 f9
INFO - 90 80 89 40 40 23 f4 01
INFO - 90 82 89 08 40 27 a1 e8
INFO - 90 82 c9 20 40 27 e5 f9
INFO - 90 82 09 40 40 20 04 fc
INFO - 90 84 09 08 40 27 a1 e8
INFO - 90 84 49 20 40 27 e5 f9
INFO - 90 84 89 40 40 23 f0 01
INFO - 90 86 89 08 40 27 a1 e8
INFO - 90 86 c9 20 40 27 e5 f9
INFO - 90 86 09 40 40 20 04 fc
INFO - 90 88 09 08 40 27 a1 e5
INFO - 90 88 49 20 40 27 e5 f9
INFO - 90 88 89 40 40 23 f0 fd
INFO - 90 8a 89 08 40 27 95 e2
INFO - 90 8a c9 20 40 27 e5 f9
INFO - 90 8a 09 40 40 23 f4 01
INFO - 90 8c 09 08 40 27 89 e2
INFO - 90 8c 49 20 40 27 e5 f9
INFO - 90 8c 89 40 40 20 04 fc
INFO - 90 8e 89 08 40 27 89 e2
INFO - 90 8e c9 20 40 27 e5 f9
INFO - 90 8e 09 40 40 23 f0 00
INFO - 90 90 09 08 40 27 89 e2
INFO - 90 90 49 20 40 27 e5 f9
INFO - 90 90 89 40 40 20 00 01
INFO - 90 92 89 08 40 27 89 e2
INFO - 90 92 c9 20 40 27 e5 f9
INFO - 90 92 09 40 40 20 04 fc
INFO - 90 94 09 08 40 27 89 e2
INFO - 90 94 49 20 40 27 e5 f9
INFO - 90 94 89 40 40 23 f0 00
INFO - 90 96 89 08 40 27 89 e2
INFO - 90 96 c9 20 40 27 e5 f7
INFO - 90 96 09 40 40 20 00 01
INFO - 90 98 09 08 40 27 89 e2
INFO - 90 98 49 20 40 27 dd f7
INFO - 90 98 89 40 40 20 04 fc
INFO - 90 9a 89 08 40 27 89 e2
INFO - 90 9a c9 20 40 27 dd f5
INFO - 90 9a 09 40 40 23 f0 01
INFO - 90 9c 09 08 40 27 89 e2
INFO - 90 9c 49 20 40 27 d5 f5
INFO - 90 9c 89 40 40 20 04 fc
INFO - 90 9e 89 08 40 27 89 e2
INFO - 90 9e c9 20 40 27 d5 f7
INFO - 90 9e 09 40 40 23 f0 fd
INFO - 90 a0 09 08 40 27 89 e2
INFO - 90 a0 49 20 40 27 dd f7
INFO - 90 a0 89 40 40 23 f4 01
INFO - 90 a2 89 08 40 27 89 e2
INFO - 90 a2 c9 20 40 27 dd f9
INFO - 90 a2 09 40 40 20 04 fc
INFO - 90 a4 09 08 40 27 8a 08
INFO - 90 a4 49 20 40 27 e5 f9
INFO - 90 a4 89 40 40 23 f0 01
INFO - 90 a6 89 08 40 28 22 26
INFO - 90 a6 c9 20 40 27 e5 f9
INFO - 90 a6 09 40 40 20 04 fc
INFO - 90 a8 09 08 40 28 9a 26
INFO - 90 a8 49 20 40 27 e5 f7
INFO - 90 a8 89 40 40 23 f0 00
INFO - 90 aa 89 08 40 28 9a 26
INFO - 90 aa c9 20 40 27 dd f9
INFO - 90 aa 09 40 40 20 00 01
INFO - 90 ac 09 08 40 28 9a 26
INFO - 90 ac 49 20 40 27 e5 f9
INFO - 90 ac 89 40 40 20 04 fc
INFO - 90 ae 89 08 40 28 9a 26
INFO - 90 ae c9 20 40 27 e5 fb
INFO - 90 ae 09 40 40 23 f0 01
INFO - 90 b0 09 08 40 28 9a 26
INFO - 90 b0 49 20 40 27 ed fb
INFO - 90 b0 89 40 40 20 04 fc
INFO - 90 b2 89 08 40 28 9a 26
INFO - 90 b2 c9 20 40 27 ed fb
INFO - 90 b2 09 40 40 23 f0 01
INFO - 90 b4 09 08 40 28 9a 26
INFO - 90 b4 49 20 40 27 ed fb
INFO - 90 b4 89 40 40 20 04 fc
INFO - 90 b6 89 08 40 28 9a 26
INFO - 90 b6 c9 20 40 27 ed fb
INFO - 90 b6 09 40 40 23 f0 00
INFO - 90 b8 09 08 40 28 9a 26
INFO - 90 b8 49 20 40 27 ed fb
INFO - 90 b8 89 40 40 20 00 00
INFO - 90 ba 89 08 40 28 9a 26
INFO - 90 ba c9 20 40 27 ed f9
INFO - 90 ba 09 40 40 20 00 01
INFO - 90 bc 09 08 40 28 9a 26
INFO - 90 bc 49 20 40 27 e5 f9
INFO - 90 bc 89 40 40 20 04 fc
INFO - 90 be 89 08 40 28 9a 26
INFO - 90 be c9 20 40 27 e5 f7
INFO - 90 be 09 40 40 23 f0 01
INFO - 90 c0 09 08 40 28 9a 26
INFO - 90 c0 49 20 40 27 dd f5
INFO - 90 c0 89 40 40 20 04 fc
INFO - 90 c2 89 08 40 28 9a 26
INFO - 90 c2 c9 20 40 27 d5 f5
INFO - 90 c2 09 40 40 23 f0 01
INFO - 90 c4 09 08 40 28 9a 04
INFO - 90 c4 49 20 40 27 d5 f5
INFO - 90 c4 89 40 40 20 04 fc
INFO - 90 c6 89 08 40 28 11 f4
INFO - 90 c6 c9 20 40 27 d5 f7
INFO - 90 c6 09 40 40 23 f0 fd
INFO - 90 c8 09 08 40 27 d1 f4
INFO - 90 c8 49 20 40 27 dd f7
INFO - 90 c8 89 40 40 23 f4 01
INFO - 90 ca 89 08 40 27 d1 f4
INFO - 90 ca c9 20 40 27 dd f7
INFO - 90 ca 09 40 40 20 04 fc
INFO - 90 cc 09 08 40 27 d1 f4
INFO - 90 cc 49 20 40 27 dd f7
INFO - 90 cc 89 40 40 23 f0 fd
INFO - 90 ce 89 08 40 27 d1 f4
INFO - 90 ce c9 20 40 27 dd f7
INFO - 90 ce 09 40 40 23 f4 01
INFO - 90 d0 09 08 40 27 d1 f4
INFO - 90 d0 49 20 40 27 dd f7
INFO - 90 d0 89 40 40 20 04 fc
INFO - 90 d2 89 08 40 27 d1 f4
INFO - 90 d2 c9 20 40 27 dd f7
INFO - 90 d2 09 40 40 23 f0 01
INFO - 90 d4 09 08 40 27 d1 f4
INFO - 90 d4 49 20 40 27 dd f7
INFO - 90 d4 89 40 40 20 04 fc
INFO - 90 d6 89 08 40 27 d1 f4
INFO - 90 d6 c9 20 40 27 dd f7
INFO - 90 d6 09 40 40 23 f0 fd
INFO - 90 d8 09 08 40 27 d1 f4
INFO - 90 d8 49 20 40 27 dd f7
INFO - 90 d8 89 40 40 23 f4 01
INFO - 90 da 89 08 40 27 d1 f4
INFO - 90 da c9 20 40 27 dd f7
INFO - 90 da 09 40 40 20 04 fc
INFO - 90 dc 09 08 40 27 d1 f4
INFO - 90 dc 49 20 40 27 dd f7
INFO - 90 dc 89 40 40 23 f0 01
INFO - 90 de 89 08 40 27 d1 f4
INFO - 90 de c9 20 40 27 dd f7
INFO - 90 de 09 40 40 20 04 fc
INFO - 90 e0 09 08 40 27 d1 f4
INFO - 90 e0 49 20 40 27 dd f7
INFO - 90 e0 89 40 40 23 f0 00
INFO - 90 e2 89 08 40 27 d2 39
INFO - 90 e2 c9 20 40 27 dd f7
INFO - 90 e2 09 40 40 20 00 01
INFO - 90 e4 09 08 40 28 e6 4e
INFO - 90 e4 49 20 40 27 dd f7
INFO - 90 e4 89 40 40 20 04 fc
INFO - 90 e6 89 08 40 29 3a 4e
INFO - 90 e6 c9 20 40 27 dd f7
INFO - 90 e6 09 40 40 23 f0 01
INFO - 90 e8 09 08 40 29 3a 4e
INFO - 90 e8 49 20 40 27 dd f7
INFO - 90 e8 89 40 40 20 04 fc
INFO - 90 ea 89 08 40 29 3a 4e
INFO - 90 ea c9 20 40 27 dd f9
INFO - 90 ea 09 40 40 23 f0 00
INFO - 90 ec 09 08 40 29 3a 4e
INFO - 90 ec 49 20 40 27 e5 f9
INFO - 90 ec 89 40 40 20 00 01
INFO - 90 ee 89 08 40 29 3a 4e
INFO - 90 ee c9 20 40 27 e5 f9
INFO - 90 ee 09 40 40 20 04 fc
INFO - 90 f0 09 08 40 29 3a 4e
INFO - 90 f0 49 20 40 27 e5 f7
INFO - 90 f0 89 40 40 23 f0 01
INFO - 90 f2 89 08 40 29 3a 4e
INFO - 90 f2 c9 20 40 27 dd f7
INFO - 90 f2 09 40 40 20 04 fc
INFO - 90 f4 09 08 40 29 3a 4e
INFO - 90 f4 49 20 40 27 dd f7
INFO - 90 f4 89 40 40 23 f0 00
INFO - 90 f6 89 08 40 29 3a 4e
INFO - 90 f6 c9 20 40 27 dd f7
INFO - 90 f6 09 40 40 20 00 01
INFO - 90 f8 09 08 40 29 3a 4e
INFO - 90 f8 49 20 40 27 dd f7
INFO - 90 f8 89 40 40 20 04 fc
INFO - 90 fa 89 08 40 29 3a 4e
INFO - 90 fa c9 20 40 27 dd f7
INFO - 90 fa 09 40 40 23 f0 01
INFO - 90 fc 09 08 40 29 3a 4e
INFO - 90 fc 49 20 40 27 dd f7
INFO - 90 fc 89 40 40 20 04 fc
INFO - 90 fe 89 08 40 29 3a 4e
INFO - 90 fe c9 20 40 27 dd f9
INFO - 90 fe 09 40 40 23 f0 00
INFO - 91 00 09 08 40 29 3a 04
INFO - 91 00 49 20 40 27 e5 f9
INFO - 91 00 89 40 40 20 00 01
INFO - 91 02 89 08 40 28 11 d6
INFO - 91 02 c9 20 40 27 e5 f9
INFO - 91 02 09 40 40 20 04 fc
INFO - 91 04 09 08 40 27 59 d6
INFO - 91 04 49 20 40 27 e5 f9
INFO - 91 04 89 40 40 23 f0 fd
INFO - 91 06 89 08 40 27 59 d6
INFO - 91 06 c9 20 40 27 e5 f9
INFO - 91 06 09 40 40 23 f4 01
INFO - 91 08 09 08 40 27 59 d6
INFO - 91 08 49 20 40 27 e5 f9
INFO - 91 08 89 40 40 20 04 fc
INFO - 91 0a 89 08 40 27 59 d6
INFO - 91 0a c9 20 40 27 e5 f9
INFO - 91 0a 09 40 40 23 f0 fd
INFO - 91 0c 09 08 40 27 59 d6
INFO - 91 0c 49 20 40 27 e5 f9
INFO - 91 0c 89 40 40 23 f4 01
INFO - 91 0e 89 08 40 27 59 d6
INFO - 91 0e c9 20 40 27 e5 f7
INFO - 91 0e 09 40 40 20 04 fc
INFO - 91 10 09 08 40 27 59 d6
INFO - 91 10 49 20 40 27 dd f7
INFO - 91 10 89 40 40 23 f0 00
INFO - 91 12 89 08 40 27 59 d6
INFO - 91 12 c9 20 40 27 dd f5
INFO - 91 12 09 40 40 20 00 01
INFO - 91 14 09 08 40 27 59 d6
INFO - 91 14 49 20 40 27 d5 f5
INFO - 91 14 89 40 40 20 04 fc
INFO - 91 16 89 08 40 27 59 d6
INFO - 91 16 c9 20 40 27 d5 f5
INFO - 91 16 09 40 40 23 f0 01
INFO - 91 18 09 08 40 27 59 d6
INFO - 91 18 49 20 40 27 d5 f7
INFO - 91 18 89 40 40 20 04 fc
INFO - 91 1a 89 08 40 27 59 d6
INFO - 91 1a c9 20 40 27 dd f7
INFO - 91 1a 09 40 40 23 f0 fd
INFO - b1 1c 49 40 57 00 00 02
INFO - b1 1c 89 40 57 00 00 02
INFO - b1 1c c9 40 57 00 00 02
INFO - b1 1c 09 40 57 00 00 02
INFO - b1 1c 49 40 57 00 00 02
INFO - 91 1c 49 08 40 27 5a 0b
INFO - 91 1c 89 20 40 27 dd f9
INFO - 91 1c c9 40 40 23 f4 01
INFO - 91 1e c9 08 40 28 2e 2c
INFO - 91 1e 09 20 40 27 e5 f9
INFO - 91 1e 49 40 40 20 04 fc
INFO - 91 20 49 08 40 28 b2 2c
INFO - 91 20 89 20 40 27 e5 f9
INFO - 91 20 c9 40 40 23 f0 01
INFO - 91 22 c9 08 40 28 b2 2c
INFO - 91 22 09 20 40 27 e5 f9
INFO - 91 22 49 40 40 20 04 fc
INFO - 91 24 49 08 40 28 b2 2c
INFO - 91 24 89 20 40 27 e5 f9
INFO - 91 24 c9 40 40 23 f0 fd
INFO - 91 26 c9 08 40 28 b2 2c
INFO - 91 26 09 20 40 27 e5 f9
INFO - 91 26 49 40 40 23 f4 01
INFO - 91 28 49 08 40 28 b2 2c
INFO - 91 28 89 20 40 27 e5 f9
INFO - 91 28 c9 40 40 20 04 fc
INFO - 91 2a c9 08 40 28 b2 2c
INFO - 91 2a 09 20 40 27 e5 f9
INFO - 91 2a 49 40 40 23 f0 01
INFO - 91 2c 49 08 40 28 b2 2c
INFO - 91 2c 89 20 40 27 e5 f9
INFO - 91 2c c9 40 40 20 04 fc
INFO - 91 2e c9 08 40 28 b2 2c
INFO - 91 2e 09 20 40 27 e5 f9
INFO - 91 2e 49 40 40 23 f0 fd
INFO - 91 30 49 08 40 28 b2 2c
INFO - 91 30 89 20 40 27 e5 f9
INFO - 91 30 c9 40 40 23 f4 01
INFO - 91 32 c9 08 40 28 b2 2c
INFO - 91 32 09 20 40 27 e5 f9
INFO - 91 32 49 40 40 20 04 fc
INFO - 91 34 49 08 40 28 b2 2c
INFO - 91 34 89 20 40 27 e5 f9
INFO - 91 34 c9 40 40 23 f0 00
INFO - 91 36 c9 08 40 28 b2 2c
INFO - 91 36 09 20 40 27 e5 f9
INFO - 91 36 49 40 40 20 00 01
INFO - 91 38 49 08 40 28 b2 2c
INFO - 91 38 89 20 40 27 e5 f9
INFO - 91 38 c9 40 40 20 04 fc
INFO - 91 3a c9 08 40 28 b2 15
INFO - 91 3a 09 20 40 27 e5 f9
INFO - 91 3a 49 40 40 23 f0 01
INFO - 91 3c 49 08 40 28 56 0b
INFO - 91 3c 89 20 40 27 e5 f9
INFO - 91 3c c9 40 40 20 04 fc
INFO - 91 3e c9 08 40 28 2e 0b
INFO - 91 3e 09 20 40 27 e5 f9
INFO - 91 3e 49 40 40 23 f0 fd
INFO - 91 40 49 08 40 28 2e 0b
INFO - 91 40 89 20 40 27 e5 f7
INFO - 91 40 c9 40 40 23 f4 01
INFO - 91 42 c9 08 40 28 2e 0b
INFO - 91 42 09 20 40 27 dd f7
INFO - 91 42 49 40 40 20 04 fc
INFO - 91 44 49 08 40 28 2e 0b
INFO - 91 44 89 20 40 27 dd f7
INFO - 91 44 c9 40 40 23 f0 fd
INFO - 91 46 c9 08 40 28 2e 0b
INFO - 91 46 09 20 40 27 dd f7
INFO - 91 46 49 40 40 23 f4 01
INFO - 91 48 49 08 40 28 2e 0b
INFO - 91 48 89 20 40 27 dd f7
INFO - 91 48 c9 40 40 20 04 fc
INFO - 91 4a c9 08 40 28 2e 0b
INFO - 91 4a 09 20 40 27 dd f7
INFO - 91 4a 49 40 40 23 f0 00
INFO - 91 4c 49 08 40 28 2e 0b
INFO - 91 4c 89 20 40 27 dd f9
INFO - 91 4c c9 40 40 20 00 01
INFO - 91 4e c9 08 40 28 2e 0b
INFO - 91 4e 09 20 40 27 e5 f9
INFO - 91 4e 49 40 40 20 04 fc
INFO - 91 50 49 08 40 28 2e 0b
INFO - 91 50 89 20 40 27 e5 f9
INFO - 91 50 c9 40 40 23 f0 01
INFO - 91 52 c9 08 40 28 2e 0b
INFO - 91 52 09 20 40 27 e5 f9
INFO - 91 52 49 40 40 20 04 fc
INFO - 91 54 49 08 40 28 2e 0b
INFO - 91 54 89 20 40 27 e5 f9
INFO - 91 54 c9 40 40 23 f0 fd
INFO - 91 56 c9 08 40 28 2e 0b
INFO - 91 56 09 20 40 27 e5 f9
INFO - 91 56 49 40 40 23 f4 01
INFO - 91 58 49 08 40 28 2e 0b
INFO - 91 58 89 20 40 27 e5 f9
INFO - 91 58 c9 40 40 20 04 fc
INFO - 91 5a c9 08 40 28 2d ff
INFO - 91 5a 09 20 40 27 e5 f9
INFO - 91 5a 49 40 40 23 f0 00
INFO - 91 5c 49 08 40 27 fd fa
INFO - 91 5c 89 20 40 27 e5 f9
INFO - 91 5c c9 40 40 20 00 01
INFO - 91 5e c9 08 40 27 e9 fa
INFO - 91 5e 09 20 40 27 e5 f9
INFO - 91 5e 49 40 40 20 04 fc
INFO - 91 60 49 08 40 27 e9 fa
INFO - 91 60 89 20 40 27 e5 f7
INFO - 91 60 c9 40 40 23 f0 01
INFO - 91 62 c9 08 40 27 e9 fa
INFO - 91 62 09 20 40 27 dd f7
INFO - 91 62 49 40 40 20 04 fc
INFO - 91 64 49 08 40 27 e9 fa
INFO - 91 64 89 20 40 27 dd f7
INFO - 91 64 c9 40 40 23 f0 fd
INFO - 91 66 c9 08 40 27 e9 fa
INFO - 91 66 09 20 40 27 dd f5
INFO - 91 66 49 40 40 23 f4 01
INFO - 91 68 49 08 40 27 e9 fa
INFO - 91 68 89 20 40 27 d5 f5
INFO - 91 68 c9 40 40 20 04 fc
INFO - 91 6a c9 08 40 27 e9 fa
INFO - 91 6a 09 20 40 27 d5 f5
INFO - 91 6a 49 40 40 23 f0 00
INFO - 91 6c 49 08 40 27 e9 fa
INFO - 91 6c 89 20 40 27 d5 f7
INFO - 91 6c c9 40 40 20 00 01
INFO - 91 6e c9 08 40 27 e9 fa
INFO - 91 6e 09 20 40 27 dd f7
INFO - 91 6e 49 40 40 20 04 fc
INFO - 91 70 49 08 40 27 e9 fa
INFO - 91 70 89 20 40 27 dd f7
INFO - 91 70 c9 40 40 23 f0 01
INFO - 91 72 c9 08 40 27 e9 fa
INFO - 91 72 09 20 40 27 dd f9
INFO - 91 72 49 40 40 20 04 fc
INFO - 91 74 49 08 40 27 e9 fa
INFO - 91 74 89 20 40 27 e5 f9
INFO - 91 74 c9 40 40 23 f0 fd
INFO - 91 76 c9 08 40 27 e9 fa
INFO - 91 76 09 20 40 27 e5 f9
INFO - 91 76 49 40 40 23 f4 01
INFO - 91 78 49 08 40 27 ea 14
INFO - 91 78 89 20 40 27 e5 f9
INFO - 91 78 c9 40 40 20 04 fc
INFO - 91 7a c9 08 40 28 52 20
INFO - 91 7a 09 20 40 27 e5 f9
INFO - 91 7a 49 40 40 23 f0 fd
INFO - 91 7c 49 08 40 28 82 20
INFO - 91 7c 89 20 40 27 e5 f9
INFO - 91 7c c9 40 40 23 f4 01
INFO - 91 7e c9 08 40 28 82 20
INFO - 91 7e 09 20 40 27 e5 f9
INFO - 91 7e 49 40 40 20 04 fc
INFO - 91 80 49 08 40 28 82 20
INFO - 91 80 89 20 40 27 e5 f9
INFO - 91 80 c9 40 40 23 f0 01
INFO - 91 82 c9 08 40 28 82 20
INFO - 91 82 09 20 40 27 e5 f9
INFO - 91 82 49 40 40 20 04 fc
INFO - 91 84 49 08 40 28 82 20
INFO - 91 84 89 20 40 27 e5 f9
INFO - 91 84 c9 40 40 23 f0 00
INFO - 91 86 c9 08 40 28 82 20
INFO - 91 86 09 20 40 27 e5 f9
INFO - 91 86 49 40 40 20 00 01
INFO - 91 88 49 08 40 28 82 20
INFO - 91 88 89 20 40 27 e5 f9
INFO - 91 88 c9 40 40 20 04 fc
INFO - 91 8a c9 08 40 28 82 20
INFO - 91 8a 09 20 40 27 e5 f9
INFO - 91 8a 49 40 40 23 f0 01
INFO - 91 8c 49 08 40 28 82 20
INFO - 91 8c 89 20 40 27 e5 f9
INFO - 91 8c c9 40 40 20 04 fc
INFO - 91 8e c9 08 40 28 82 20
INFO - 91 8e 09 20 40 27 e5 f9
INFO - 91 8e 49 40 40 23 f0 00
INFO - 91 90 49 08 40 28 82 20
INFO - 91 90 89 20 40 27 e5 f9
INFO - 91 90 c9 40 40 20 00 01
INFO - 91 92 c9 08 40 08 82 20
INFO - 91 92 09 20 40 07 e5 f9
INFO - 91 92 49 40 40 00 04 c3
INFO - b4 e7 89 40 57 00 00 02
INFO - b4 e7 c9 40 57 00 00 02
INFO - b4 e7 09 40 57 00 00 02
INFO - b4 e7 49 40 57 00 00 02
INFO - b4 e7 89 40 57 00 00 02
INFO - b5 e1 89 40 57 00 00 02
INFO - b5 e1 c9 40 57 00 00 02
INFO - b5 e1 09 40 57 00 00 02
INFO - b5 e1 49 40 57 00 00 02
INFO - b6 ad 09 40 57 00 00 02
INFO - b6 ad 49 40 57 00 00 02
INFO - b6 ad 89 40 57 00 00 02
INFO - b6 ad c9 40 57 00 00 02
INFO - bc 3d 49 40 57 00 00 02
INFO - bc 3d 89 40 57 00 00 02
INFO - bc 3d c9 40 57 00 00 02
INFO - bc 3d 09 40 57 00 00 02
