INFO - 40 00 89 00 f9 41 00 23
INFO - 40 37 c9 00 f9 51 00 20
INFO - 40 43 09 00 f9 51 00 20
INFO - 40 4e 49 00 f9 41 00 24
INFO - 40 8d 89 00 f9 41 00 24
INFO - 40 f2 c9 00 f9 51 00 20
INFO - 41 29 09 00 f9 41 00 23
INFO - 42 63 49 00 f9 41 00 23
INFO - 44 70 89 00 f9 41 00 23
INFO - 46 64 c9 00 f9 41 00 23
INFO - 48 58 09 00 f9 41 00 23
INFO - 49 fa 49 00 f9 41 00 23
INFO - 4a 74 89 00 f9 41 00 23
INFO - 4b 83 c9 00 f9 41 00 23
INFO - 4c 76 09 00 f9 51 00 20
INFO - 4c c6 49 00 f9 41 00 24
INFO - 4d 4a 89 00 f9 51 00 20
INFO - 4d 5b c9 00 f9 51 00 20
INFO - 4d 68 09 00 f9 41 00 23
INFO - 4d 7e 49 00 f9 41 00 23
INFO - 4e 1a 89 00 f9 41 00 23
INFO - 4f ca c9 00 f9 41 00 23
INFO - 4f fb 09 00 f9 51 00 20
INFO - 50 19 49 00 f9 51 00 20
INFO - 50 32 89 00 f9 41 00 24
INFO - 50 62 c9 00 f9 41 00 24
INFO - 52 01 09 00 f9 41 00 24
INFO - 53 fb 49 00 f9 41 00 24
INFO - 54 7c 89 00 f9 41 00 24
INFO - 55 17 c9 00 f9 51 00 20
INFO - 55 29 09 00 f9 51 00 20
INFO - 55 39 49 00 f9 41 00 23
INFO - 55 bb 89 00 f9 41 00 23
INFO - 56 51 c9 00 f9 51 00 20
INFO - 56 a8 09 00 f9 41 00 24
INFO - 57 5e 49 00 f9 51 00 20
INFO - 57 6d 89 00 f9 51 00 20
INFO - 57 7c c9 00 f9 41 00 23
INFO - 57 f4 09 00 f9 41 00 23
INFO - 58 64 49 00 f9 41 00 23
INFO - 5a 4e 89 00 f9 41 00 23
INFO - 5a b0 c9 00 f9 41 00 23
INFO - 5b 13 09 00 f9 51 00 20
INFO - 5b 23 49 00 f9 51 00 20
INFO - 5b 36 89 00 f9 41 00 24
INFO - 5b 98 c9 00 f9 51 00 20
INFO - 5b e3 09 00 f9 41 00 23
INFO - 5c 4c 49 00 f9 41 00 23
INFO - 5e 40 89 00 f9 41 00 23
INFO - 40 37 c9 00 f9 41 00 23
