INFO - 20 00 49 3c 00 0a 40 00
INFO - 20 07 89 3c 00 0b 4e 00
INFO - 20 11 c9 3c 00 0a 9e 00
INFO - 20 15 09 3c 00 0a fd 00
INFO - 20 15 49 3c 00 0a fd 00
INFO - 20 1d 89 3c 00 0a fa 00
INFO - 20 1e c9 3c 00 0a 89 00
INFO - 20 24 09 3c 00 0b 67 00
INFO - 20 24 49 3c 00 0b 67 00
INFO - 20 27 89 3c 00 0a 70 00
INFO - 20 2a c9 3c 00 0a e8 00
INFO - 20 2d 09 3c 00 0a c1 00
INFO - 20 2f 49 3c 00 0a 97 00
INFO - 20 34 89 3c 00 0b 3a 00
INFO - 20 34 c9 3c 00 0b 3a 00
INFO - 20 38 09 3c 00 0a a6 00
INFO - 20 38 49 3c 00 0a a6 00
INFO - 20 3e 89 3c 00 0a e3 00
INFO - 20 41 c9 3c 00 0a b8 00
INFO - 20 44 09 3c 00 0a cf 00
INFO - 20 46 49 3c 00 0a a8 00
INFO - 20 46 89 3c 00 0a a8 00
INFO - 20 46 c9 3c 00 0a a8 00
INFO - 20 4d 09 3c 00 0a be 00
INFO - 20 50 49 3c 00 0a cd 00
INFO - 20 50 89 3c 00 0a cd 00
INFO - 20 50 c9 3c 00 0a cd 00
INFO - 20 50 09 3c 00 0a cd 00
INFO - 20 58 49 3c 00 0a a6 00
INFO - 20 5d 89 3c 00 0b 20 00
INFO - 20 5d c9 3c 00 0b 20 00
INFO - 20 61 09 3c 00 0a a9 00
INFO - 20 64 49 3c 00 0a d0 00
INFO - 20 68 89 3c 00 0a f9 00
INFO - 20 6a c9 3c 00 0a aa 00
INFO - 20 71 09 3c 00 0a f2 00
INFO - 20 7f 49 3c 00 0a b0 00
INFO - 20 82 89 3c 00 0a c6 00
INFO - 20 84 c9 3c 00 0a ac 00
INFO - 20 87 09 3c 00 0a d4 00
INFO - 20 89 49 3c 00 0a c7 00
INFO - 20 8e 89 3c 00 0b 0a 00
INFO - 20 91 c9 3c 00 0a d5 00
INFO - 20 93 09 3c 00 0a ab 00
INFO - 20 95 49 3c 00 0a ba 00
INFO - 20 98 89 3c 00 0a ca 00
INFO - 20 9a c9 3c 00 0a b7 00
INFO - 20 9f 09 3c 00 0b 35 00
INFO - 20 a2 49 3c 00 0a cb 00
INFO - 20 a4 89 3c 00 0a b8 00
INFO - 20 a6 c9 3c 00 0a 92 00
INFO - 20 a9 09 3c 00 0a e6 00
INFO - 20 ad 49 3c 00 0a ef 00
INFO - 20 b1 89 3c 00 0a f2 00
INFO - 20 b3 c9 3c 00 0a c9 00
INFO - 20 b6 09 3c 00 0a be 00
INFO - 20 b9 49 3c 00 0a d5 00
INFO - 20 bb 89 3c 00 0a ae 00
INFO - 20 bf c9 3c 00 0b 0e 00
INFO - 20 c3 09 3c 00 0b 0f 00
INFO - 20 c6 49 3c 00 0a be 00
INFO - 20 c8 89 3c 00 0a bc 00
INFO - 20 ca c9 3c 00 0a a2 00
INFO - 20 cd 09 3c 00 0a d8 00
INFO - 20 d1 49 3c 00 0a d9 00
INFO - 20 d4 89 3c 00 0a d8 00
INFO - 20 d6 c9 3c 00 0a a2 00
INFO - 20 d8 09 3c 00 0a bd 00
INFO - 20 db 49 3c 00 0a da 00
INFO - 20 dd 89 3c 00 0a af 00
INFO - 20 e1 c9 3c 00 0a f5 00
INFO - 20 e4 09 3c 00 0a cd 00
INFO - 20 e7 49 3c 00 0a cc 00
INFO - 20 ea 89 3c 00 0a cc 00
INFO - 20 ec c9 3c 00 0a b0 00
INFO - 20 ef 09 3c 00 0a e9 00
INFO - 20 f2 49 3c 00 0a db 00
INFO - 20 f5 89 3c 00 0a cc 00
INFO - 20 f8 c9 3c 00 0a bf 00
INFO - 20 fc 09 3c 00 0a f8 00
INFO - 20 ff 49 3c 00 0a f7 00
INFO - 21 02 89 3c 00 0a cf 00
INFO - 21 05 c9 3c 00 0a ca 00
INFO - 21 08 09 3c 00 0a c0 00
INFO - 21 0a 49 3c 00 0a b2 00
INFO - 21 0c 89 3c 00 0a b3 00
INFO - 21 0f c9 3c 00 0a b0 00
INFO - 21 11 09 3c 00 0a c1 00
INFO - 21 14 49 3c 00 0a dc 00
INFO - 21 17 89 3c 00 0a c0 00
INFO - 21 1a c9 3c 00 0a ce 00
INFO - 21 1c 09 3c 00 0a a3 00
INFO - 21 1f 49 3c 00 0a ce 00
INFO - 21 22 89 3c 00 0a ce 00
INFO - 21 25 c9 3c 00 0a fa 00
INFO - 21 28 09 3c 00 0a cb 00
INFO - 21 2b 49 3c 00 0a bf 00
INFO - 21 2d 89 3c 00 0a be 00
INFO - 21 30 c9 3c 00 0a bf 00
INFO - 21 32 09 3c 00 0a be 00
INFO - 21 36 49 3c 00 0a e8 00
INFO - 21 38 89 3c 00 0a be 00
INFO - 21 3b c9 3c 00 0a 7f 00
INFO - 21 3d 09 3c 00 0a be 00
INFO - 21 40 49 3c 00 0a cb 00
INFO - 21 42 89 3c 00 0a af 00
INFO - 21 45 c9 3c 00 0a d9 00
INFO - 21 48 09 3c 00 0a ae 00
INFO - 21 4b 49 3c 00 0a f6 00
INFO - 21 4f 89 3c 00 0a e7 00
INFO - 21 52 c9 3c 00 0a d7 00
INFO - 21 54 09 3c 00 0a ad 00
INFO - 21 56 49 3c 00 0a be 00
INFO - 21 59 89 3c 00 0a ae 00
INFO - 21 5e c9 3c 00 0b 58 00
INFO - 21 62 09 3c 00 0a d8 00
INFO - 21 63 49 3c 00 0a 92 00
INFO - 21 66 89 3c 00 0a d6 00
INFO - 21 68 c9 3c 00 0a 9e 00
INFO - 21 6c 09 3c 00 0b 01 00
INFO - 21 6f 49 3c 00 0a d5 00
INFO - 21 72 89 3c 00 0a e3 00
INFO - 21 76 c9 3c 00 0b 0b 00
INFO - 21 79 09 3c 00 0a c8 00
INFO - 21 7b 49 3c 00 0a ab 00
INFO - 21 7e 89 3c 00 0a bb 00
INFO - 21 80 c9 3c 00 0a b9 00
INFO - 21 83 09 3c 00 0a e2 00
INFO - 21 87 49 3c 00 0a ef 00
INFO - 21 89 89 3c 00 0a a9 00
INFO - 21 8c c9 3c 00 0a e3 00
INFO - 21 8f 09 3c 00 0a b8 00
INFO - 21 92 49 3c 00 0a e0 00
INFO - 21 94 89 3c 00 0a 8f 00
INFO - 21 97 c9 3c 00 0a d4 00
INFO - 21 99 09 3c 00 0a b8 00
INFO - 21 9b 49 3c 00 0a b6 00
INFO - 21 9e 89 3c 00 0a ac 00
INFO - 21 a0 c9 3c 00 0a a9 00
INFO - 21 a3 09 3c 00 0a d3 00
INFO - 21 a5 49 3c 00 0a b5 00
INFO - 21 a8 89 3c 00 0a d3 00
INFO - 21 ab c9 3c 00 0a c2 00
INFO - 21 ac 09 3c 00 0a 8f 00
INFO - 21 b0 49 3c 00 0a eb 00
INFO - 21 b2 89 3c 00 0a b6 00
INFO - 21 b4 c9 3c 00 0a b7 00
INFO - 21 b7 09 3c 00 0a c3 00
INFO - 21 ba 49 3c 00 0a c2 00
INFO - 21 bd 89 3c 00 0a f7 00
INFO - 21 c0 c9 3c 00 0a c2 00
INFO - 21 c4 09 3c 00 0a a2 00
INFO - 21 ca 49 3c 00 0b 25 00
INFO - 21 cd 89 3c 00 0a c3 00
INFO - 21 cf c9 3c 00 0a c1 00
INFO - 21 d2 09 3c 00 0a cf 00
INFO - 21 d4 49 3c 00 0a b5 00
INFO - 21 d8 89 3c 00 0a f5 00
INFO - 21 db c9 3c 00 0a cf 00
INFO - 21 dd 09 3c 00 0a a8 00
INFO - 21 df 49 3c 00 0a b5 00
INFO - 21 e3 89 3c 00 0a f6 00
INFO - 21 e6 c9 3c 00 0a ce 00
INFO - 21 e8 09 3c 00 0a b4 00
INFO - 21 ea 49 3c 00 0a 74 00
INFO - 21 f1 89 3c 00 0b 65 00
INFO - 21 f4 c9 3c 00 0a c1 00
INFO - 21 f6 09 3c 00 0a 7a 00
INFO - 21 f8 49 3c 00 0a b6 00
INFO - 21 fb 89 3c 00 0a c2 00
INFO - 21 fd c9 3c 00 0a c1 00
INFO - 22 00 09 3c 00 0a cf 00
INFO - 22 03 49 3c 00 0a ce 00
INFO - 22 07 89 3c 00 0a f5 00
INFO - 22 09 c9 3c 00 0a c1 00
INFO - 22 0d 09 3c 00 0a e8 00
INFO - 22 10 49 3c 00 0a f4 00
INFO - 22 14 89 3c 00 0a db 00
INFO - 22 16 c9 3c 00 0a cc 00
INFO - 22 19 09 3c 00 0a aa 00
INFO - 22 1a 49 3c 00 0a 9b 00
INFO - 22 1d 89 3c 00 0a b4 00
INFO - 22 1f c9 3c 00 0a b4 00
INFO - 22 21 09 3c 00 0a b4 00
INFO - 22 23 49 3c 00 0a a4 00
INFO - 22 27 89 3c 00 0a e9 00
INFO - 22 29 c9 3c 00 0a a4 00
INFO - 22 2b 09 3c 00 0a c2 00
INFO - 22 2e 49 3c 00 0a b3 00
INFO - 22 30 89 3c 00 0a a4 00
INFO - 22 32 c9 3c 00 0a c3 00
INFO - 22 35 09 3c 00 0a bd 00
INFO - 22 37 49 3c 00 0a b5 00
INFO - 22 3a 89 3c 00 0a b1 00
INFO - 22 3d c9 3c 00 0a f4 00
INFO - 22 40 09 3c 00 0a e3 00
INFO - 22 43 49 3c 00 0a cd 00
INFO - 22 47 89 3c 00 0a ee 00
INFO - 22 4a c9 3c 00 0a e7 00
INFO - 22 4d 09 3c 00 0a d5 00
INFO - 22 50 49 3c 00 0a b4 00
INFO - 22 52 89 3c 00 0a a2 00
INFO - 22 54 c9 3c 00 0a b4 00
INFO - 22 56 09 3c 00 0a bb 00
INFO - 22 59 49 3c 00 0a ce 00
INFO - 22 5d 89 3c 00 0a f1 00
INFO - 22 5f c9 3c 00 0a a2 00
INFO - 22 61 09 3c 00 0a b1 00
INFO - 22 64 49 3c 00 0a ce 00
INFO - 22 66 89 3c 00 0a 7e 00
INFO - 22 69 c9 3c 00 0a b1 00
INFO - 22 6c 09 3c 00 0a e4 00
INFO - 22 6f 49 3c 00 0a d7 00
INFO - 22 72 89 3c 00 0a ce 00
INFO - 22 74 c9 3c 00 0a af 00
INFO - 22 77 09 3c 00 0a c1 00
INFO - 22 7a 49 3c 00 0a e1 00
INFO - 22 7c 89 3c 00 0a a8 00
INFO - 22 7e c9 3c 00 0a af 00
INFO - 22 80 09 3c 00 0a a6 00
INFO - 22 83 49 3c 00 0a b3 00
INFO - 22 85 89 3c 00 0a c2 00
INFO - 22 88 c9 3c 00 0a bc 00
INFO - 22 8a 09 3c 00 0a b3 00
INFO - 22 8d 49 3c 00 0a b3 00
INFO - 22 8f 89 3c 00 0a b3 00
INFO - 22 91 c9 3c 00 0a a7 00
INFO - 22 93 09 3c 00 0a 9a 00
INFO - 22 95 49 3c 00 0a a6 00
INFO - 22 97 89 3c 00 0a b5 00
INFO - 22 9b c9 3c 00 0a e7 00
INFO - 22 9d 09 3c 00 0a bf 00
INFO - 22 9f 49 3c 00 0a b4 00
INFO - 22 a1 89 3c 00 0a 9b 00
INFO - 22 a4 c9 3c 00 0a ce 00
INFO - 22 a8 09 3c 00 0b 03 00
INFO - 22 aa 49 3c 00 0a b5 00
INFO - 22 ad 89 3c 00 0a d0 00
INFO - 22 af c9 3c 00 0a a8 00
INFO - 22 b3 09 3c 00 0a ea 00
INFO - 22 b7 49 3c 00 0b 04 00
INFO - 22 ba 89 3c 00 0a de 00
INFO - 22 bd c9 3c 00 0a d0 00
INFO - 22 c1 09 3c 00 0b 05 00
INFO - 22 c4 49 3c 00 0a d1 00
INFO - 22 c6 89 3c 00 0a c2 00
INFO - 22 cb c9 3c 00 0a b9 00
INFO - 22 cd 09 3c 00 0a 9d 00
INFO - 22 d0 49 3c 00 0a c4 00
INFO - 22 d3 89 3c 00 0a d3 00
INFO - 22 d5 c9 3c 00 0a b8 00
INFO - 22 d8 09 3c 00 0a e0 00
INFO - 22 dc 49 3c 00 0a eb 00
INFO - 22 de 89 3c 00 0a a0 00
INFO - 22 e1 c9 3c 00 0a c6 00
INFO - 22 e3 09 3c 00 0a d3 00
INFO - 22 e6 49 3c 00 0a b7 00
INFO - 22 e8 89 3c 00 0a ae 00
INFO - 22 eb c9 3c 00 0a e2 00
INFO - 22 ee 09 3c 00 0a c6 00
INFO - 22 f1 49 3c 00 0a d5 00
INFO - 22 f3 89 3c 00 0a ac 00
INFO - 22 f8 c9 3c 00 0b 16 00
INFO - 22 fa 09 3c 00 0a c8 00
INFO - 22 fd 49 3c 00 0a ae 00
INFO - 23 00 89 3c 00 0a c9 00
INFO - 23 02 c9 3c 00 0a c4 00
INFO - 23 04 09 3c 00 0a 9f 00
INFO - 23 08 49 3c 00 0a e1 00
INFO - 23 0b 89 3c 00 0a e1 00
INFO - 23 0d c9 3c 00 0a ad 00
INFO - 23 10 09 3c 00 0a df 00
INFO - 23 13 49 3c 00 0a d4 00
INFO - 23 15 89 3c 00 0a 93 00
INFO - 23 19 c9 3c 00 0a e1 00
INFO - 23 1b 09 3c 00 0a a8 00
INFO - 23 1d 49 3c 00 0a b7 00
INFO - 23 1f 89 3c 00 0a b9 00
INFO - 23 22 c9 3c 00 0a b5 00
INFO - 23 24 09 3c 00 0a 9c 00
INFO - 23 27 49 3c 00 0a d2 00
INFO - 23 29 89 3c 00 0a b7 00
INFO - 23 2c c9 3c 00 0a d3 00
INFO - 23 2e 09 3c 00 0a a8 00
INFO - 23 31 49 3c 00 0a de 00
INFO - 23 33 89 3c 00 0a 9d 00
INFO - 23 36 c9 3c 00 0a ce 00
INFO - 23 38 09 3c 00 0a a8 00
INFO - 23 3c 49 3c 00 0a f6 00
INFO - 23 3f 89 3c 00 0a cf 00
INFO - 23 41 c9 3c 00 0a b5 00
INFO - 23 44 09 3c 00 0a c2 00
INFO - 23 46 49 3c 00 0a ce 00
INFO - 23 48 89 3c 00 0a 9a 00
INFO - 23 4c c9 3c 00 0b 02 00
INFO - 23 4f 09 3c 00 0a ce 00
INFO - 23 51 49 3c 00 0a a7 00
INFO - 23 53 89 3c 00 0a b5 00
INFO - 23 57 c9 3c 00 0a da 00
INFO - 23 59 09 3c 00 0a ce 00
INFO - 23 5c 49 3c 00 0a cf 00
INFO - 23 60 89 3c 00 0a f3 00
INFO - 23 63 c9 3c 00 0a e8 00
INFO - 23 66 09 3c 00 0a b4 00
INFO - 23 69 49 3c 00 0a db 00
INFO - 23 6a 89 3c 00 0a 8e 00
INFO - 23 6c c9 3c 00 0a a8 00
INFO - 23 70 09 3c 00 0a e9 00
INFO - 23 72 49 3c 00 0a c2 00
INFO - 23 75 89 3c 00 0a cf 00
INFO - 23 77 c9 3c 00 0a a8 00
INFO - 23 7b 09 3c 00 0a dd 00
INFO - 23 7d 49 3c 00 0a c3 00
INFO - 23 80 89 3c 00 0a dc 00
INFO - 23 83 c9 3c 00 0a b8 00
INFO - 23 85 09 3c 00 0a b5 00
INFO - 23 87 49 3c 00 0a b6 00
INFO - 23 8a 89 3c 00 0a c3 00
INFO - 23 8d c9 3c 00 0a d1 00
INFO - 23 8f 09 3c 00 0a a6 00
INFO - 23 92 49 3c 00 0a 7d 00
INFO - 23 94 89 3c 00 0a cf 00
INFO - 23 99 c9 3c 00 0b 20 00
INFO - 23 9b 09 3c 00 0a ac 00
INFO - 23 9f 49 3c 00 0b 04 00
INFO - 23 a2 89 3c 00 0a ba 00
INFO - 23 a4 c9 3c 00 0a b5 00
INFO - 23 a7 09 3c 00 0a ef 00
INFO - 23 aa 49 3c 00 0a c2 00
INFO - 23 ac 89 3c 00 0a ad 00
INFO - 23 af c9 3c 00 0a df 00
INFO - 23 b2 09 3c 00 0a b7 00
INFO - 23 b4 49 3c 00 0a a8 00
INFO - 23 b6 89 3c 00 0a b7 00
INFO - 23 b9 c9 3c 00 0a ba 00
INFO - 23 bc 09 3c 00 0a ec 00
INFO - 23 bf 49 3c 00 0a c5 00
INFO - 23 c1 89 3c 00 0a aa 00
INFO - 23 c3 c9 3c 00 0a b6 00
INFO - 23 c6 09 3c 00 0a ac 00
INFO - 23 c8 49 3c 00 0a a9 00
INFO - 23 ca 89 3c 00 0a c6 00
INFO - 23 ce c9 3c 00 0a de 00
INFO - 23 d0 09 3c 00 0a b9 00
INFO - 23 d5 49 3c 00 0b 21 00
INFO - 23 d7 89 3c 00 0a b6 00
INFO - 23 da c9 3c 00 0a ee 00
INFO - 23 de 09 3c 00 0a ea 00
INFO - 23 e1 49 3c 00 0a c6 00
INFO - 23 e3 89 3c 00 0a b7 00
INFO - 23 e6 c9 3c 00 0a c7 00
INFO - 23 e8 09 3c 00 0a c2 00
INFO - 23 ec 49 3c 00 0a f9 00
INFO - 23 ee 89 3c 00 0a b7 00
INFO - 23 f1 c9 3c 00 0a aa 00
INFO - 23 f3 09 3c 00 0a aa 00
INFO - 23 f6 49 3c 00 0a d1 00
INFO - 23 f8 89 3c 00 0a ad 00
INFO - 23 fa c9 3c 00 0a b4 00
INFO - 23 fc 09 3c 00 0a aa 00
INFO - 23 ff 49 3c 00 0a b6 00
INFO - 24 01 89 3c 00 0a ad 00
INFO - 24 03 c9 3c 00 0a c0 00
INFO - 24 05 09 3c 00 0a 9d 00
INFO - 24 08 49 3c 00 0a b6 00
INFO - 24 0a 89 3c 00 0a ac 00
INFO - 24 0c c9 3c 00 0a 7a 00
INFO - 24 0f 09 3c 00 0a de 00
INFO - 24 12 49 3c 00 0a c7 00
INFO - 24 14 89 3c 00 0a b3 00
INFO - 24 16 c9 3c 00 0a 9c 00
INFO - 24 20 09 3c 00 0b fe 00
INFO - 24 24 49 3c 00 0a ec 00
INFO - 24 26 89 3c 00 0a c3 00
INFO - 24 29 c9 3c 00 0a c2 00
INFO - 24 2c 09 3c 00 0a c3 00
INFO - 24 2f 49 3c 00 0a cf 00
INFO - 24 30 89 3c 00 0a 8f 00
INFO - 24 32 c9 3c 00 0a b4 00
INFO - 24 35 09 3c 00 0a b7 00
INFO - 24 38 49 3c 00 0a e9 00
INFO - 24 3a 89 3c 00 0a 9c 00
INFO - 24 3c c9 3c 00 0a b4 00
INFO - 24 3f 09 3c 00 0a c4 00
INFO - 24 41 49 3c 00 0a b5 00
INFO - 24 45 89 3c 00 0b 02 00
INFO - 24 48 c9 3c 00 0a a9 00
INFO - 24 4a 09 3c 00 0a c2 00
INFO - 24 4d 49 3c 00 0a cf 00
INFO - 24 4f 89 3c 00 0a a7 00
INFO - 24 52 c9 3c 00 0a dd 00
INFO - 24 55 09 3c 00 0a cf 00
INFO - 24 58 49 3c 00 0a b6 00
INFO - 24 5b 89 3c 00 0a d0 00
INFO - 24 5d c9 3c 00 0a c2 00
INFO - 24 60 09 3c 00 0a b3 00
INFO - 24 63 49 3c 00 0a e8 00
INFO - 24 65 89 3c 00 0a b6 00
INFO - 24 68 c9 3c 00 0a cd 00
INFO - 24 6b 09 3c 00 0a dd 00
INFO - 24 6e 49 3c 00 0a c0 00
INFO - 24 70 89 3c 00 0a b6 00
INFO - 24 73 c9 3c 00 0a cc 00
INFO - 24 79 09 3c 00 0a b2 00
INFO - 24 7b 49 3c 00 0a a6 00
INFO - 24 7e 89 3c 00 0a e8 00
INFO - 24 81 c9 3c 00 0a c3 00
INFO - 24 83 09 3c 00 0a b2 00
INFO - 24 87 49 3c 00 0a f4 00
INFO - 24 89 89 3c 00 0a a8 00
INFO - 24 8c c9 3c 00 0a bf 00
INFO - 24 8e 09 3c 00 0a b5 00
INFO - 24 91 49 3c 00 0a e8 00
INFO - 24 93 89 3c 00 0a a5 00
INFO - 24 96 c9 3c 00 0a b5 00
INFO - 24 98 09 3c 00 0a be 00
INFO - 24 9a 49 3c 00 0a a8 00
INFO - 24 9e 89 3c 00 0a e5 00
INFO - 24 9f c9 3c 00 0a 99 00
INFO - 24 a2 09 3c 00 0a b5 00
INFO - 24 a4 49 3c 00 0a be 00
INFO - 24 a7 89 3c 00 0a ce 00
INFO - 24 a9 c9 3c 00 0a b2 00
INFO - 24 ad 09 3c 00 0a d9 00
INFO - 24 af 49 3c 00 0a a8 00
INFO - 24 b1 89 3c 00 0a bc 00
INFO - 24 b4 c9 3c 00 0a c0 00
INFO - 24 b7 09 3c 00 0a e5 00
INFO - 24 ba 49 3c 00 0a d9 00
INFO - 24 bd 89 3c 00 0a 8c 00
INFO - 24 bf c9 3c 00 0a b0 00
INFO - 24 c1 09 3c 00 0a b2 00
INFO - 24 c3 49 3c 00 0a 9b 00
INFO - 24 c6 89 3c 00 0a e2 00
INFO - 24 c9 c9 3c 00 0a be 00
INFO - 24 cc 09 3c 00 0a e6 00
INFO - 24 ce 49 3c 00 0a a3 00
INFO - 24 d2 89 3c 00 0a f1 00
INFO - 24 d4 c9 3c 00 0a ca 00
INFO - 24 d8 09 3c 00 0a ff 00
INFO - 24 da 49 3c 00 0a 96 00
INFO - 24 dd 89 3c 00 0a be 00
INFO - 24 df c9 3c 00 0a c9 00
INFO - 24 e1 09 3c 00 0a a4 00
INFO - 24 e5 49 3c 00 0a e2 00
INFO - 24 e8 89 3c 00 0a e4 00
INFO - 24 ea c9 3c 00 0a 97 00
INFO - 24 ed 09 3c 00 0a ee 00
INFO - 24 ef 49 3c 00 0a a4 00
INFO - 24 f2 89 3c 00 0a be 00
INFO - 24 f4 c9 3c 00 0a a2 00
INFO - 24 f6 09 3c 00 0a c9 00
INFO - 24 f9 49 3c 00 0a b0 00
INFO - 24 fa 89 3c 00 0a 99 00
INFO - 24 fd c9 3c 00 0a ba 00
INFO - 25 00 09 3c 00 0a c9 00
INFO - 25 02 49 3c 00 0a c8 00
INFO - 25 05 89 3c 00 0a d7 00
INFO - 25 08 c9 3c 00 0a ae 00
INFO - 25 0a 09 3c 00 0a bb 00
INFO - 25 0d 49 3c 00 0a bd 00
INFO - 25 0f 89 3c 00 0a ad 00
INFO - 25 11 c9 3c 00 0a bb 00
INFO - 25 13 09 3c 00 0a 96 00
INFO - 25 16 49 3c 00 0a e0 00
INFO - 25 18 89 3c 00 0a ad 00
INFO - 25 1b c9 3c 00 0a ca 00
INFO - 25 1e 09 3c 00 0a dc 00
INFO - 25 21 49 3c 00 0a d3 00
INFO - 25 24 89 3c 00 0a d1 00
INFO - 25 26 c9 3c 00 0a 95 00
INFO - 25 29 09 3c 00 0a d1 00
INFO - 25 2a 49 3c 00 0a 88 00
INFO - 25 2c 89 3c 00 0a a0 00
INFO - 25 2e c9 3c 00 0a ac 00
INFO - 25 30 09 3c 00 0a 94 00
INFO - 25 33 49 3c 00 0a c4 00
INFO - 25 35 89 3c 00 0a a0 00
INFO - 25 38 c9 3c 00 0a e7 00
INFO - 25 3a 09 3c 00 0a ae 00
INFO - 25 3d 49 3c 00 0a cd 00
INFO - 25 40 89 3c 00 0a e6 00
INFO - 25 42 c9 3c 00 0a a1 00
INFO - 25 45 09 3c 00 0a b5 00
INFO - 25 47 49 3c 00 0a b7 00
INFO - 25 49 89 3c 00 0a ad 00
INFO - 25 4b c9 3c 00 0a a8 00
INFO - 25 4d 09 3c 00 0a 9d 00
INFO - 25 50 49 3c 00 0a c2 00
INFO - 25 52 89 3c 00 0a c1 00
INFO - 25 55 c9 3c 00 0a cd 00
INFO - 25 58 09 3c 00 0a b5 00
INFO - 25 5a 49 3c 00 0a b6 00
INFO - 25 5c 89 3c 00 0a 90 00
INFO - 25 5e c9 3c 00 0a a9 00
INFO - 25 5f 09 3c 00 0a 91 00
INFO - 25 62 49 3c 00 0a b6 00
INFO - 25 64 89 3c 00 0a 9b 00
INFO - 25 66 c9 3c 00 0a a9 00
INFO - 25 68 09 3c 00 0a 9e 00
INFO - 25 69 49 3c 00 0a 9b 00
INFO - 25 6b 89 3c 00 0a a8 00
INFO - 25 6d c9 3c 00 0a 9f 00
INFO - 25 6f 09 3c 00 0a 9b 00
INFO - 25 76 49 3c 00 0b 88 00
INFO - 25 78 89 3c 00 0a 9d 00
INFO - 25 7a c9 3c 00 0a b6 00
INFO - 25 7c 09 3c 00 0a a8 00
INFO - 25 7f 49 3c 00 0a cd 00
INFO - 25 82 89 3c 00 0a d9 00
INFO - 25 86 c9 3c 00 0a fd 00
INFO - 25 89 09 3c 00 0a 81 00
INFO - 25 8a 49 3c 00 0a a0 00
INFO - 25 8d 89 3c 00 0a a9 00
INFO - 25 8f c9 3c 00 0a b7 00
INFO - 25 92 09 3c 00 0a e8 00
INFO - 25 94 49 3c 00 0a 9e 00
INFO - 25 97 89 3c 00 0a c3 00
INFO - 25 99 c9 3c 00 0a 94 00
INFO - 25 9b 09 3c 00 0a ac 00
INFO - 25 9d 49 3c 00 0a ac 00
INFO - 25 9f 89 3c 00 0a b6 00
INFO - 25 a3 c9 3c 00 0b 01 00
INFO - 25 a6 09 3c 00 0a db 00
INFO - 25 a9 49 3c 00 0a d1 00
INFO - 25 ac 89 3c 00 0a b9 00
INFO - 25 ae c9 3c 00 0a c4 00
INFO - 25 b2 09 3c 00 0a ea 00
INFO - 25 b4 49 3c 00 0a ae 00
INFO - 25 b6 89 3c 00 0a 94 00
INFO - 25 b9 c9 3c 00 0a d2 00
INFO - 25 ba 09 3c 00 0a a1 00
INFO - 25 bd 49 3c 00 0a ba 00
INFO - 25 bf 89 3c 00 0a ba 00
INFO - 25 c2 c9 3c 00 0a c6 00
INFO - 25 c5 09 3c 00 0a ba 00
INFO - 25 c7 49 3c 00 0a af 00
INFO - 25 c9 89 3c 00 0a c8 00
INFO - 25 cc c9 3c 00 0a ae 00
INFO - 25 cf 09 3c 00 0a d5 00
INFO - 25 d1 49 3c 00 0a bc 00
INFO - 25 d3 89 3c 00 0a 95 00
INFO - 25 d6 c9 3c 00 0a d6 00
INFO - 25 d8 09 3c 00 0a a3 00
INFO - 25 da 49 3c 00 0a b0 00
INFO - 25 dd 89 3c 00 0a e0 00
INFO - 25 df c9 3c 00 0a a6 00
INFO - 25 e2 09 3c 00 0a d5 00
INFO - 25 e4 49 3c 00 0a a4 00
INFO - 25 e7 89 3c 00 0a c8 00
INFO - 25 ea c9 3c 00 0a c0 00
INFO - 25 ec 09 3c 00 0a b1 00
INFO - 25 ef 49 3c 00 0a be 00
INFO - 25 f1 89 3c 00 0a b2 00
INFO - 25 f4 c9 3c 00 0a e4 00
INFO - 25 f7 09 3c 00 0a be 00
INFO - 25 f9 49 3c 00 0a b0 00
INFO - 25 fc 89 3c 00 0a e7 00
INFO - 25 fe c9 3c 00 0a 99 00
INFO - 26 00 09 3c 00 0a b2 00
INFO - 26 03 49 3c 00 0a d7 00
INFO - 26 06 89 3c 00 0a cf 00
INFO - 26 09 c9 3c 00 0a da 00
INFO - 26 0b 09 3c 00 0a 8e 00
INFO - 26 0f 49 3c 00 0a fd 00
INFO - 26 12 89 3c 00 0a de 00
INFO - 26 14 c9 3c 00 0a b4 00
INFO - 26 17 09 3c 00 0a d8 00
INFO - 26 1a 49 3c 00 0a d1 00
INFO - 26 1c 89 3c 00 0a 9b 00
INFO - 26 1e c9 3c 00 0a a8 00
INFO - 26 20 09 3c 00 0a 9b 00
INFO - 26 22 49 3c 00 0a b2 00
INFO - 26 24 89 3c 00 0a ac 00
INFO - 26 27 c9 3c 00 0a b4 00
INFO - 26 29 09 3c 00 0a c2 00
INFO - 26 2b 49 3c 00 0a 9b 00
INFO - 26 2e 89 3c 00 0a b5 00
INFO - 26 30 c9 3c 00 0a a8 00
INFO - 26 32 09 3c 00 0a b6 00
INFO - 26 34 49 3c 00 0a a4 00
INFO - 26 37 89 3c 00 0a df 00
INFO - 26 3a c9 3c 00 0a b5 00
INFO - 26 3d 09 3c 00 0a ea 00
INFO - 26 3f 49 3c 00 0a b6 00
INFO - 26 43 89 3c 00 0a db 00
INFO - 26 46 c9 3c 00 0a dc 00
INFO - 26 49 09 3c 00 0a cf 00
INFO - 26 4e 49 3c 00 0b 37 00
INFO - 26 50 89 3c 00 0a a8 00
INFO - 26 52 c9 3c 00 0a cc 00
INFO - 26 56 09 3c 00 0a df 00
INFO - 26 59 49 3c 00 0a dc 00
INFO - 26 5c 89 3c 00 0a e5 00
INFO - 26 5e c9 3c 00 0a 9e 00
INFO - 26 61 09 3c 00 0a cf 00
INFO - 26 63 49 3c 00 0a b4 00
