INFO - 40 00 49 00 f9 41 00 23
INFO - 41 03 89 00 f9 41 00 23
INFO - 42 f6 c9 00 f9 41 00 23
INFO - 44 8d 09 00 f9 41 00 23
INFO - 44 ea 49 00 f9 41 00 23
INFO - 45 77 89 00 f9 51 00 20
INFO - 45 ba c9 00 f9 51 00 20
INFO - 45 ef 09 00 f9 41 00 23
INFO - 46 6e 49 00 f9 41 00 23
INFO - 46 de 89 00 f9 41 00 23
INFO - 48 d3 c9 00 f9 41 00 23
INFO - 49 27 09 00 f9 41 00 23
INFO - 49 94 49 00 f9 51 00 20
INFO - 49 a6 89 00 f9 51 00 20
INFO - 49 ba c9 00 f9 41 00 24
INFO - 4a 69 09 00 f9 51 00 20
INFO - 4a ca 49 00 f9 41 00 23
INFO - 4a e2 89 00 f9 41 00 23
INFO - 4b 5d c9 00 f9 41 00 23
INFO - 4c 25 09 00 f9 41 00 23
INFO - 4c 44 49 00 f9 51 00 20
INFO - 4c 64 89 00 f9 51 00 20
INFO - 4c 8b c9 00 f9 41 00 24
