INFO - 20 00 48 3c 00 0a 40 00
INFO - 20 0d 88 3c 00 0b 9d 00
INFO - 20 0f c8 3c 00 0a 51 00
INFO - 20 1b 08 3c 00 0b fe 00
INFO - 20 1b 48 3c 00 0b fe 00
INFO - 20 20 88 3c 00 0a bd 00
INFO - 20 20 c8 3c 00 0a bd 00
INFO - 20 21 08 3c 00 0a 5e 00
INFO - 20 23 48 3c 00 0a 9c 00
INFO - 20 23 88 3c 00 0a 9c 00
INFO - 20 25 c8 3c 00 0a 7e 00
INFO - 20 25 08 3c 00 0a 7e 00
INFO - 20 25 48 3c 00 0a 7e 00
INFO - 20 2e 88 3c 00 0a d7 00
INFO - 20 2e c8 3c 00 0a d7 00
INFO - 20 2e 08 3c 00 0a d7 00
INFO - 20 33 48 3c 00 0a 91 00
INFO - 20 33 88 3c 00 0a 91 00
INFO - 20 33 c8 3c 00 0a 91 00
INFO - 20 33 08 3c 00 0a 91 00
INFO - 20 37 48 3c 00 0a 6d 00
INFO - 20 3c 88 3c 00 0b 39 00
INFO - 20 3f c8 3c 00 0a d9 00
INFO - 20 3f 08 3c 00 0a d9 00
INFO - 20 41 48 3c 00 0a 76 00
INFO - 20 43 88 3c 00 0a a8 00
INFO - 20 43 c8 3c 00 0a a8 00
INFO - 20 46 08 3c 00 0a 8b 00
INFO - 20 4b 48 3c 00 0b 2a 00
INFO - 20 4b 88 3c 00 0b 2a 00
INFO - 20 50 c8 3c 00 0a ba 00
INFO - 20 52 08 3c 00 0a ab 00
INFO - 20 54 48 3c 00 0a a6 00
INFO - 20 56 88 3c 00 0a a5 00
INFO - 20 58 c8 3c 00 0a 87 00
INFO - 20 5c 08 3c 00 0a df 00
INFO - 20 5e 48 3c 00 0a a6 00
INFO - 20 60 88 3c 00 0a a6 00
INFO - 20 62 c8 3c 00 0a 99 00
INFO - 20 64 08 3c 00 0a a6 00
INFO - 20 66 48 3c 00 0a ad 00
INFO - 20 68 88 3c 00 0a 9a 00
INFO - 20 6b c8 3c 00 0a dc 00
INFO - 20 6d 08 3c 00 0a 9a 00
INFO - 20 6f 48 3c 00 0a a5 00
INFO - 20 72 88 3c 00 0a bb 00
INFO - 20 73 c8 3c 00 0a 9d 00
INFO - 20 75 08 3c 00 0a 8a 00
INFO - 20 77 48 3c 00 0a 95 00
INFO - 20 78 88 3c 00 0a 9a 00
INFO - 20 7b c8 3c 00 0a b4 00
INFO - 20 7d 08 3c 00 0a 8f 00
INFO - 20 8c 48 3c 00 0a b0 00
INFO - 20 8e 88 3c 00 0a 95 00
INFO - 20 90 c8 3c 00 0a 9e 00
INFO - 20 92 08 3c 00 0a 9d 00
INFO - 20 94 48 3c 00 0a b1 00
INFO - 20 99 88 3c 00 0b 46 00
INFO - 20 9c c8 3c 00 0a b9 00
INFO - 20 9d 08 3c 00 0a 85 00
INFO - 20 9f 48 3c 00 0a a4 00
INFO - 20 a1 88 3c 00 0a 8d 00
INFO - 20 a4 c8 3c 00 0a cf 00
INFO - 20 a6 08 3c 00 0a a0 00
INFO - 20 a7 48 3c 00 0a 81 00
INFO - 20 a9 88 3c 00 0a b2 00
INFO - 20 aa c8 3c 00 0a 76 00
INFO - 20 ad 08 3c 00 0a db 00
INFO - 20 b1 48 3c 00 0a e2 00
INFO - 20 b3 88 3c 00 0a 9d 00
INFO - 20 b5 c8 3c 00 0a ac 00
INFO - 20 b7 08 3c 00 0a b2 00
INFO - 20 b9 48 3c 00 0a 89 00
INFO - 20 bb 88 3c 00 0a b9 00
INFO - 20 be c8 3c 00 0a e0 00
INFO - 20 c2 08 3c 00 0b 0e 00
INFO - 20 c4 48 3c 00 0a 8b 00
INFO - 20 c6 88 3c 00 0a 9f 00
INFO - 20 c8 c8 3c 00 0a b5 00
INFO - 20 ca 08 3c 00 0a b6 00
INFO - 20 cc 48 3c 00 0a 8b 00
INFO - 20 ce 88 3c 00 0a 96 00
INFO - 20 cf c8 3c 00 0a 8b 00
INFO - 20 d1 08 3c 00 0a ab 00
INFO - 20 d3 48 3c 00 0a a0 00
INFO - 20 d5 88 3c 00 0a 8b 00
INFO - 20 d7 c8 3c 00 0a ac 00
INFO - 20 d9 08 3c 00 0a a1 00
INFO - 20 da 48 3c 00 0a 80 00
INFO - 20 dc 88 3c 00 0a a0 00
INFO - 20 de c8 3c 00 0a a1 00
INFO - 20 e0 08 3c 00 0a 96 00
INFO - 20 e1 48 3c 00 0a 96 00
INFO - 20 e5 88 3c 00 0a e2 00
INFO - 20 e7 c8 3c 00 0a b7 00
INFO - 20 ea 08 3c 00 0a d7 00
INFO - 20 ec 48 3c 00 0a 96 00
INFO - 20 ee 88 3c 00 0a c1 00
INFO - 20 f1 c8 3c 00 0a c2 00
INFO - 20 f3 08 3c 00 0a a2 00
INFO - 20 f5 48 3c 00 0a 97 00
INFO - 20 f6 88 3c 00 0a 96 00
INFO - 20 f8 c8 3c 00 0a 98 00
INFO - 20 fa 08 3c 00 0a ac 00
INFO - 20 fc 48 3c 00 0a 93 00
INFO - 20 fe 88 3c 00 0a 96 00
INFO - 21 00 c8 3c 00 0a a6 00
INFO - 21 02 08 3c 00 0a 9e 00
INFO - 21 04 48 3c 00 0a 9b 00
INFO - 21 05 88 3c 00 0a a1 00
INFO - 21 07 c8 3c 00 0a 89 00
INFO - 21 09 08 3c 00 0a af 00
INFO - 21 0b 48 3c 00 0a ad 00
INFO - 21 0e 88 3c 00 0a aa 00
INFO - 21 10 c8 3c 00 0a d0 00
INFO - 21 12 08 3c 00 0a 9f 00
INFO - 21 16 48 3c 00 0a e6 00
INFO - 21 19 88 3c 00 0a d9 00
INFO - 21 1c c8 3c 00 0a d7 00
INFO - 21 20 08 3c 00 0b 04 00
INFO - 21 22 48 3c 00 0a a1 00
INFO - 21 24 88 3c 00 0a 9f 00
INFO - 21 26 c8 3c 00 0a ae 00
INFO - 21 27 08 3c 00 0a 8a 00
INFO - 21 2a 48 3c 00 0a c4 00
INFO - 21 2c 88 3c 00 0a ac 00
INFO - 21 2e c8 3c 00 0a 9f 00
INFO - 21 30 08 3c 00 0a b6 00
INFO - 21 32 48 3c 00 0a 7d 00
INFO - 21 34 88 3c 00 0a c3 00
INFO - 21 36 c8 3c 00 0a 96 00
INFO - 21 38 08 3c 00 0a 93 00
INFO - 21 39 48 3c 00 0a 98 00
INFO - 21 3c 88 3c 00 0a c0 00
INFO - 21 3f c8 3c 00 0a c0 00
INFO - 21 40 08 3c 00 0a 9d 00
INFO - 21 42 48 3c 00 0a a3 00
INFO - 21 45 88 3c 00 0a c0 00
INFO - 21 47 c8 3c 00 0a b4 00
INFO - 21 49 08 3c 00 0a a3 00
INFO - 21 4c 48 3c 00 0a cb 00
INFO - 21 4e 88 3c 00 0a 93 00
INFO - 21 50 c8 3c 00 0a c3 00
INFO - 21 52 08 3c 00 0a 93 00
INFO - 21 55 48 3c 00 0a e3 00
INFO - 21 58 88 3c 00 0a c0 00
INFO - 21 5a c8 3c 00 0a a9 00
INFO - 21 5d 08 3c 00 0a d5 00
INFO - 21 5f 48 3c 00 0a a2 00
INFO - 21 60 88 3c 00 0a 80 00
INFO - 21 62 c8 3c 00 0a 9d 00
INFO - 21 64 08 3c 00 0a a3 00
INFO - 21 66 48 3c 00 0a b5 00
INFO - 21 68 88 3c 00 0a a8 00
INFO - 21 6b c8 3c 00 0a ac 00
INFO - 21 6c 08 3c 00 0a 88 00
INFO - 21 6f 48 3c 00 0a cc 00
INFO - 21 71 88 3c 00 0a b2 00
INFO - 21 73 c8 3c 00 0a 97 00
INFO - 21 75 08 3c 00 0a 95 00
INFO - 21 77 48 3c 00 0a b1 00
INFO - 21 79 88 3c 00 0a 97 00
INFO - 21 7a c8 3c 00 0a 94 00
INFO - 21 7d 08 3c 00 0a bb 00
INFO - 21 7f 48 3c 00 0a a1 00
INFO - 21 82 88 3c 00 0a d3 00
INFO - 21 85 c8 3c 00 0a d3 00
INFO - 21 87 08 3c 00 0a 9d 00
INFO - 21 88 48 3c 00 0a 6b 00
INFO - 21 8a 88 3c 00 0a 9f 00
INFO - 21 8d c8 3c 00 0a bb 00
INFO - 21 8f 08 3c 00 0a a1 00
INFO - 21 90 48 3c 00 0a 8a 00
INFO - 21 92 88 3c 00 0a b1 00
INFO - 21 94 c8 3c 00 0a 97 00
INFO - 21 97 08 3c 00 0a bc 00
INFO - 21 98 48 3c 00 0a 97 00
INFO - 21 9a 88 3c 00 0a a9 00
INFO - 21 9c c8 3c 00 0a 92 00
INFO - 21 9e 08 3c 00 0a a1 00
INFO - 21 a0 48 3c 00 0a 8a 00
INFO - 21 a1 88 3c 00 0a 95 00
INFO - 21 a3 c8 3c 00 0a 91 00
INFO - 21 a4 08 3c 00 0a 81 00
INFO - 21 a6 48 3c 00 0a aa 00
INFO - 21 a8 88 3c 00 0a a7 00
INFO - 21 ac c8 3c 00 0a e1 00
INFO - 21 ad 08 3c 00 0a 92 00
INFO - 21 af 48 3c 00 0a ac 00
INFO - 21 b2 88 3c 00 0a bf 00
INFO - 21 b8 c8 3c 00 0b 69 00
INFO - 21 ba 08 3c 00 0a 9d 00
INFO - 21 bc 48 3c 00 0a ac 00
INFO - 21 be 88 3c 00 0a a0 00
INFO - 21 c0 c8 3c 00 0a 9d 00
INFO - 21 c2 08 3c 00 0a ac 00
INFO - 21 c4 48 3c 00 0a b5 00
INFO - 21 c7 88 3c 00 0a bf 00
INFO - 21 c9 c8 3c 00 0a a9 00
INFO - 21 cb 08 3c 00 0a 97 00
INFO - 21 cd 48 3c 00 0a a0 00
INFO - 21 ce 88 3c 00 0a 93 00
INFO - 21 d0 c8 3c 00 0a ad 00
INFO - 21 d2 08 3c 00 0a 96 00
INFO - 21 d5 48 3c 00 0a ca 00
INFO - 21 d7 88 3c 00 0a ad 00
INFO - 21 da c8 3c 00 0a b5 00
INFO - 21 db 08 3c 00 0a 8d 00
INFO - 21 dd 48 3c 00 0a ad 00
INFO - 21 e0 88 3c 00 0a c0 00
INFO - 21 e3 c8 3c 00 0a cf 00
INFO - 21 e5 08 3c 00 0a ab 00
INFO - 21 e8 48 3c 00 0a c5 00
INFO - 21 e9 88 3c 00 0a 8b 00
INFO - 21 ed c8 3c 00 0a f1 00
INFO - 21 f0 08 3c 00 0a e4 00
INFO - 21 f2 48 3c 00 0a bc 00
INFO - 21 f6 88 3c 00 0a ef 00
INFO - 21 f8 c8 3c 00 0a a6 00
INFO - 21 f9 08 3c 00 0a 8b 00
INFO - 21 fe 48 3c 00 0a d2 00
INFO - 22 00 88 3c 00 0a 98 00
INFO - 22 03 c8 3c 00 0a d4 00
INFO - 22 04 08 3c 00 0a 6c 00
INFO - 22 06 48 3c 00 0a 9d 00
INFO - 22 08 88 3c 00 0a a4 00
INFO - 22 0a c8 3c 00 0a a7 00
INFO - 22 0c 08 3c 00 0a 9b 00
INFO - 22 0e 48 3c 00 0a a5 00
INFO - 22 10 88 3c 00 0a b4 00
INFO - 22 12 c8 3c 00 0a 9c 00
INFO - 22 14 08 3c 00 0a 9a 00
INFO - 22 16 48 3c 00 0a 91 00
INFO - 22 18 88 3c 00 0a bf 00
INFO - 22 1b c8 3c 00 0a cd 00
INFO - 22 1e 08 3c 00 0a d6 00
INFO - 22 21 48 3c 00 0a cd 00
INFO - 22 23 88 3c 00 0a 90 00
INFO - 22 24 c8 3c 00 0a 94 00
INFO - 22 27 08 3c 00 0a cd 00
INFO - 22 29 48 3c 00 0a 9d 00
INFO - 22 2c 88 3c 00 0a c3 00
INFO - 22 2e c8 3c 00 0a b7 00
INFO - 22 32 08 3c 00 0a f2 00
INFO - 22 33 48 3c 00 0a 87 00
INFO - 22 35 88 3c 00 0a b8 00
INFO - 22 39 c8 3c 00 0a f4 00
INFO - 22 3b 08 3c 00 0a a0 00
INFO - 22 3e 48 3c 00 0a dd 00
INFO - 22 40 88 3c 00 0a a1 00
INFO - 22 42 c8 3c 00 0a 95 00
INFO - 22 43 08 3c 00 0a 96 00
INFO - 22 47 48 3c 00 0a eb 00
INFO - 22 4a 88 3c 00 0a d3 00
INFO - 22 4d c8 3c 00 0a e0 00
INFO - 22 52 08 3c 00 0b 10 00
INFO - 22 54 48 3c 00 0a b2 00
INFO - 22 57 88 3c 00 0a c6 00
INFO - 22 5a c8 3c 00 0a d8 00
INFO - 22 5c 08 3c 00 0a bb 00
INFO - 22 5e 48 3c 00 0a 99 00
INFO - 22 60 88 3c 00 0a bd 00
INFO - 22 62 c8 3c 00 0a 96 00
INFO - 22 65 08 3c 00 0a cb 00
INFO - 22 67 48 3c 00 0a c0 00
INFO - 22 6b 88 3c 00 0a e1 00
INFO - 22 6d c8 3c 00 0a c0 00
INFO - 22 70 08 3c 00 0a bd 00
INFO - 22 72 48 3c 00 0a a7 00
INFO - 22 75 88 3c 00 0a d6 00
INFO - 22 77 c8 3c 00 0a 82 00
INFO - 22 79 08 3c 00 0a bf 00
INFO - 22 7c 48 3c 00 0a be 00
INFO - 22 7e 88 3c 00 0a 9b 00
INFO - 22 80 c8 3c 00 0a a4 00
INFO - 22 82 08 3c 00 0a c1 00
INFO - 22 85 48 3c 00 0a e4 00
INFO - 22 88 88 3c 00 0a a8 00
INFO - 22 8a c8 3c 00 0a cb 00
INFO - 22 8d 08 3c 00 0a b6 00
INFO - 22 8f 48 3c 00 0a bf 00
INFO - 22 91 88 3c 00 0a a9 00
INFO - 22 94 c8 3c 00 0a da 00
INFO - 22 97 08 3c 00 0a c1 00
INFO - 22 9a 48 3c 00 0a ce 00
INFO - 22 9c 88 3c 00 0a a6 00
INFO - 22 9f c8 3c 00 0a e8 00
INFO - 22 a2 08 3c 00 0a d0 00
INFO - 22 a5 48 3c 00 0a b4 00
INFO - 22 a7 88 3c 00 0a b4 00
INFO - 22 aa c8 3c 00 0a db 00
INFO - 22 ad 08 3c 00 0a da 00
INFO - 22 af 48 3c 00 0a a5 00
INFO - 22 b2 88 3c 00 0a dc 00
INFO - 22 b5 c8 3c 00 0a b2 00
INFO - 22 b7 08 3c 00 0a c2 00
INFO - 22 ba 48 3c 00 0a c1 00
INFO - 22 bd 88 3c 00 0a cb 00
INFO - 22 bf c8 3c 00 0a a7 00
INFO - 22 c0 08 3c 00 0a 9a 00
INFO - 22 c3 48 3c 00 0a b5 00
INFO - 22 c5 88 3c 00 0a 98 00
INFO - 22 c7 c8 3c 00 0a c2 00
INFO - 22 c9 08 3c 00 0a 8c 00
INFO - 22 cc 48 3c 00 0a db 00
INFO - 22 ce 88 3c 00 0a b4 00
INFO - 22 d0 c8 3c 00 0a a5 00
INFO - 22 d3 08 3c 00 0a c2 00
INFO - 22 d5 48 3c 00 0a 99 00
INFO - 22 d7 88 3c 00 0a cf 00
INFO - 22 da c8 3c 00 0a ce 00
INFO - 22 dd 08 3c 00 0a c1 00
INFO - 22 e0 48 3c 00 0a cd 00
INFO - 22 e3 88 3c 00 0a d0 00
INFO - 22 e7 c8 3c 00 0b 0f 00
INFO - 22 eb 08 3c 00 0b 01 00
INFO - 22 ef 48 3c 00 0b 03 00
INFO - 22 f1 88 3c 00 0a c0 00
INFO - 22 f2 c8 3c 00 0a 81 00
INFO - 22 f6 08 3c 00 0a dc 00
INFO - 22 f8 48 3c 00 0a c4 00
INFO - 22 fe 88 3c 00 0b 50 00
INFO - 23 00 c8 3c 00 0a c1 00
INFO - 23 02 08 3c 00 0a aa 00
INFO - 23 05 48 3c 00 0a a9 00
INFO - 23 07 88 3c 00 0a b5 00
INFO - 23 09 c8 3c 00 0a a6 00
INFO - 23 0c 08 3c 00 0a c4 00
INFO - 23 0e 48 3c 00 0a cf 00
INFO - 23 11 88 3c 00 0a c2 00
INFO - 23 14 c8 3c 00 0a c0 00
INFO - 23 17 08 3c 00 0a d1 00
INFO - 23 19 48 3c 00 0a c0 00
INFO - 23 1b 88 3c 00 0a aa 00
INFO - 23 1e c8 3c 00 0a b5 00
INFO - 23 21 08 3c 00 0a f5 00
INFO - 23 23 48 3c 00 0a 98 00
INFO - 23 27 88 3c 00 0a f7 00
INFO - 23 28 c8 3c 00 0a 8d 00
INFO - 23 2b 08 3c 00 0a b5 00
INFO - 23 2e 48 3c 00 0b 00 00
INFO - 23 31 88 3c 00 0a b6 00
INFO - 23 33 c8 3c 00 0a b2 00
INFO - 23 37 08 3c 00 0a a1 00
INFO - 23 3a 48 3c 00 0a c2 00
INFO - 23 3c 88 3c 00 0a a7 00
INFO - 23 3e c8 3c 00 0a bf 00
INFO - 23 41 08 3c 00 0a c2 00
INFO - 23 43 48 3c 00 0a b1 00
INFO - 23 45 88 3c 00 0a 9c 00
INFO - 23 48 c8 3c 00 0a cb 00
INFO - 23 4a 08 3c 00 0a c3 00
INFO - 23 4d 48 3c 00 0a a6 00
INFO - 23 4f 88 3c 00 0a cd 00
INFO - 23 52 c8 3c 00 0a d8 00
INFO - 23 56 08 3c 00 0a e9 00
INFO - 23 59 48 3c 00 0a f4 00
INFO - 23 5d 88 3c 00 0a f2 00
INFO - 23 5f c8 3c 00 0a 8f 00
INFO - 23 61 08 3c 00 0a cc 00
INFO - 23 64 48 3c 00 0a b6 00
INFO - 23 65 88 3c 00 0a 8e 00
INFO - 23 69 c8 3c 00 0a e8 00
INFO - 23 6b 08 3c 00 0a 9b 00
INFO - 23 6f 48 3c 00 0b 0c 00
INFO - 23 71 88 3c 00 0a aa 00
INFO - 23 73 c8 3c 00 0a c1 00
INFO - 23 77 08 3c 00 0a da 00
INFO - 23 79 48 3c 00 0a b8 00
INFO - 23 7b 88 3c 00 0a a6 00
INFO - 23 7f c8 3c 00 0b 03 00
INFO - 23 82 08 3c 00 0a da 00
INFO - 23 84 48 3c 00 0a 94 00
INFO - 23 87 88 3c 00 0a dd 00
INFO - 23 8a c8 3c 00 0a da 00
INFO - 23 8c 08 3c 00 0a ab 00
INFO - 23 90 48 3c 00 0a f5 00
INFO - 23 92 88 3c 00 0a b8 00
INFO - 23 95 c8 3c 00 0a a9 00
INFO - 23 97 08 3c 00 0a d0 00
INFO - 23 9b 48 3c 00 0a f7 00
INFO - 23 9d 88 3c 00 0a b4 00
INFO - 23 a1 c8 3c 00 0a ee 00
INFO - 23 a4 08 3c 00 0a cd 00
INFO - 23 a6 48 3c 00 0a 9e 00
INFO - 23 a9 88 3c 00 0a db 00
INFO - 23 ab c8 3c 00 0a ab 00
INFO - 23 ad 08 3c 00 0a a7 00
INFO - 23 b1 48 3c 00 0a fa 00
INFO - 23 b3 88 3c 00 0a c1 00
INFO - 23 b5 c8 3c 00 0a aa 00
INFO - 23 b9 08 3c 00 0a f7 00
INFO - 23 bd 48 3c 00 0a f7 00
INFO - 23 bf 88 3c 00 0a c0 00
INFO - 23 c3 c8 3c 00 0a df 00
INFO - 23 c5 08 3c 00 0a a9 00
INFO - 23 c7 48 3c 00 0a b5 00
INFO - 23 ca 88 3c 00 0a cd 00
INFO - 23 cc c8 3c 00 0a aa 00
INFO - 23 ce 08 3c 00 0a b5 00
INFO - 23 d1 48 3c 00 0a c3 00
INFO - 23 d4 88 3c 00 0a c2 00
INFO - 23 d6 c8 3c 00 0a c3 00
INFO - 23 d8 08 3c 00 0a 99 00
INFO - 23 db 48 3c 00 0a c3 00
INFO - 23 dd 88 3c 00 0a ab 00
INFO - 23 df c8 3c 00 0a b6 00
INFO - 23 e1 08 3c 00 0a a9 00
INFO - 23 e4 48 3c 00 0a c0 00
INFO - 23 e7 88 3c 00 0a e0 00
INFO - 23 e9 c8 3c 00 0a a7 00
INFO - 23 ec 08 3c 00 0a d3 00
INFO - 23 f0 48 3c 00 0a eb 00
INFO - 23 f2 88 3c 00 0a c2 00
INFO - 23 f5 c8 3c 00 0a 83 00
INFO - 23 f8 08 3c 00 0a e9 00
INFO - 23 fb 48 3c 00 0a d3 00
INFO - 23 fe 88 3c 00 0a b5 00
INFO - 24 01 c8 3c 00 0a e0 00
INFO - 24 03 08 3c 00 0a a7 00
INFO - 24 06 48 3c 00 0a d3 00
INFO - 24 09 88 3c 00 0a ce 00
INFO - 24 0b c8 3c 00 0a b8 00
INFO - 24 0d 08 3c 00 0a b6 00
INFO - 24 10 48 3c 00 0a c1 00
INFO - 24 12 88 3c 00 0a aa 00
INFO - 24 14 c8 3c 00 0a a8 00
INFO - 24 17 08 3c 00 0a c2 00
INFO - 24 19 48 3c 00 0a a8 00
INFO - 24 1c 88 3c 00 0a e7 00
INFO - 24 1f c8 3c 00 0a c3 00
INFO - 24 21 08 3c 00 0a a5 00
INFO - 24 24 48 3c 00 0a c3 00
INFO - 24 27 88 3c 00 0a e5 00
INFO - 24 2a c8 3c 00 0a c3 00
INFO - 24 2d 08 3c 00 0a e5 00
INFO - 24 2f 48 3c 00 0a 9c 00
INFO - 24 31 88 3c 00 0a a5 00
INFO - 24 33 c8 3c 00 0a c2 00
INFO - 24 37 08 3c 00 0a f1 00
INFO - 24 39 48 3c 00 0a b5 00
INFO - 24 3d 88 3c 00 0b 0a 00
INFO - 24 40 c8 3c 00 0a b3 00
INFO - 24 42 08 3c 00 0a c3 00
INFO - 24 45 48 3c 00 0a bf 00
INFO - 24 47 88 3c 00 0a b1 00
INFO - 24 4a c8 3c 00 0a c2 00
INFO - 24 4d 08 3c 00 0a e5 00
INFO - 24 50 48 3c 00 0a c3 00
INFO - 24 51 88 3c 00 0a 97 00
INFO - 24 54 c8 3c 00 0a c4 00
INFO - 24 59 08 3c 00 0b 29 00
INFO - 24 5b 48 3c 00 0a 9a 00
INFO - 24 5d 88 3c 00 0a ce 00
INFO - 24 60 c8 3c 00 0a cf 00
INFO - 24 62 08 3c 00 0a 97 00
INFO - 24 65 48 3c 00 0a c5 00
INFO - 24 67 88 3c 00 0a be 00
INFO - 24 6a c8 3c 00 0a c5 00
INFO - 24 6e 08 3c 00 0a f6 00
INFO - 24 70 48 3c 00 0a c3 00
INFO - 24 73 88 3c 00 0a be 00
INFO - 24 75 c8 3c 00 0a a0 00
INFO - 24 78 08 3c 00 0a c8 00
INFO - 24 7a 48 3c 00 0a c6 00
INFO - 24 7d 88 3c 00 0a d0 00
INFO - 24 7f c8 3c 00 0a 8f 00
INFO - 24 83 08 3c 00 0b 00 00
INFO - 24 85 48 3c 00 0a af 00
INFO - 24 88 88 3c 00 0a c3 00
INFO - 24 8b c8 3c 00 0a dd 00
INFO - 24 8d 08 3c 00 0a b2 00
INFO - 24 8f 48 3c 00 0a ac 00
INFO - 24 92 88 3c 00 0a d3 00
INFO - 24 94 c8 3c 00 0a aa 00
INFO - 24 96 08 3c 00 0a 96 00
INFO - 24 99 48 3c 00 0a d7 00
INFO - 24 9c 88 3c 00 0a c4 00
INFO - 24 9f c8 3c 00 0a de 00
INFO - 24 a1 08 3c 00 0a a4 00
INFO - 24 a4 48 3c 00 0a df 00
INFO - 24 a7 88 3c 00 0a cb 00
INFO - 24 aa c8 3c 00 0a cc 00
INFO - 24 ad 08 3c 00 0a e4 00
INFO - 24 af 48 3c 00 0a a5 00
INFO - 24 b2 88 3c 00 0a 85 00
INFO - 24 b5 c8 3c 00 0a da 00
INFO - 24 b7 08 3c 00 0a b0 00
INFO - 24 bb 48 3c 00 0a fa 00
INFO - 24 bd 88 3c 00 0a c0 00
INFO - 24 c0 c8 3c 00 0a cb 00
INFO - 24 c3 08 3c 00 0a e0 00
INFO - 24 c6 48 3c 00 0a d4 00
INFO - 24 c9 88 3c 00 0a af 00
INFO - 24 cb c8 3c 00 0a b3 00
INFO - 24 ce 08 3c 00 0a bf 00
INFO - 24 d0 48 3c 00 0a b1 00
INFO - 24 d3 88 3c 00 0a db 00
INFO - 24 d5 c8 3c 00 0a b2 00
INFO - 24 d8 08 3c 00 0a db 00
INFO - 24 da 48 3c 00 0a a5 00
INFO - 24 dd 88 3c 00 0a b8 00
INFO - 24 de c8 3c 00 0a 8b 00
INFO - 24 e1 08 3c 00 0a b2 00
INFO - 24 e3 48 3c 00 0a c6 00
INFO - 24 e6 88 3c 00 0a c6 00
INFO - 24 e8 c8 3c 00 0a b3 00
INFO - 24 eb 08 3c 00 0a cd 00
INFO - 24 ef 48 3c 00 0b 0b 00
INFO - 24 f3 88 3c 00 0a f4 00
INFO - 24 f6 c8 3c 00 0a f6 00
INFO - 24 f9 08 3c 00 0a b0 00
INFO - 24 fb 48 3c 00 0a c0 00
INFO - 24 ff 88 3c 00 0b 09 00
INFO - 25 03 c8 3c 00 0a fc 00
INFO - 25 07 08 3c 00 0a fa 00
INFO - 25 0b 48 3c 00 0a fa 00
INFO - 25 0c 88 3c 00 0a 9c 00
INFO - 25 10 c8 3c 00 0a ed 00
INFO - 25 12 08 3c 00 0a a4 00
INFO - 25 15 48 3c 00 0a cb 00
INFO - 25 17 88 3c 00 0a aa 00
INFO - 25 19 c8 3c 00 0a b0 00
INFO - 25 1b 08 3c 00 0a a3 00
INFO - 25 1e 48 3c 00 0a c4 00
INFO - 25 20 88 3c 00 0a c5 00
INFO - 25 22 c8 3c 00 0a 86 00
INFO - 25 25 08 3c 00 0a da 00
INFO - 25 27 48 3c 00 0a 9b 00
INFO - 25 29 88 3c 00 0a b0 00
INFO - 25 2c c8 3c 00 0a d9 00
INFO - 25 2f 08 3c 00 0a bb 00
INFO - 25 31 48 3c 00 0a c9 00
INFO - 25 35 88 3c 00 0a fb 00
INFO - 25 37 c8 3c 00 0a 9e 00
INFO - 25 39 08 3c 00 0a ae 00
INFO - 25 3c 48 3c 00 0a e6 00
INFO - 25 40 88 3c 00 0a ed 00
INFO - 25 42 c8 3c 00 0a bb 00
INFO - 25 46 08 3c 00 0b 01 00
INFO - 25 48 48 3c 00 0a 96 00
INFO - 25 4b 88 3c 00 0a ca 00
INFO - 25 4d c8 3c 00 0a b8 00
INFO - 25 50 08 3c 00 0a b7 00
INFO - 25 52 48 3c 00 0a ca 00
INFO - 25 55 88 3c 00 0a c1 00
INFO - 25 58 c8 3c 00 0a ca 00
INFO - 25 5b 08 3c 00 0a cb 00
INFO - 25 5d 48 3c 00 0a b8 00
INFO - 25 60 88 3c 00 0a e0 00
INFO - 25 62 c8 3c 00 0a 88 00
INFO - 25 65 08 3c 00 0a 8e 00
INFO - 25 67 48 3c 00 0a ab 00
INFO - 25 6d 88 3c 00 0b 39 00
INFO - 25 70 c8 3c 00 0a da 00
INFO - 25 74 08 3c 00 0b 16 00
INFO - 25 77 48 3c 00 0a d2 00
INFO - 25 79 88 3c 00 0a 96 00
INFO - 25 7b c8 3c 00 0a 83 00
INFO - 25 7f 08 3c 00 0a e4 00
INFO - 25 84 48 3c 00 0a c7 00
INFO - 25 86 88 3c 00 0a a5 00
INFO - 25 89 c8 3c 00 0a b2 00
INFO - 25 8b 08 3c 00 0a c8 00
INFO - 25 8d 48 3c 00 0a 88 00
INFO - 25 90 88 3c 00 0a ee 00
INFO - 25 94 c8 3c 00 0a f6 00
INFO - 25 96 08 3c 00 0a 98 00
INFO - 25 98 48 3c 00 0a b2 00
INFO - 25 9a 88 3c 00 0a 98 00
INFO - 25 9c c8 3c 00 0a b2 00
INFO - 25 9f 08 3c 00 0a c8 00
INFO - 25 a1 48 3c 00 0a a3 00
INFO - 25 a3 88 3c 00 0a b4 00
INFO - 25 a5 c8 3c 00 0a aa 00
INFO - 25 a8 08 3c 00 0a c8 00
INFO - 25 ac 48 3c 00 0a fc 00
INFO - 25 ae 88 3c 00 0a c5 00
INFO - 25 b2 c8 3c 00 0a e1 00
INFO - 25 b4 08 3c 00 0a c6 00
INFO - 25 b7 48 3c 00 0a b3 00
INFO - 25 bb 88 3c 00 0b 15 00
INFO - 25 c2 c8 3c 00 0b b0 00
INFO - 25 c4 08 3c 00 0a 97 00
INFO - 25 c8 48 3c 00 0a e7 00
INFO - 25 ca 88 3c 00 0a c9 00
INFO - 25 cb c8 3c 00 0a 7c 00
INFO - 25 cf 08 3c 00 0a ed 00
INFO - 25 d2 48 3c 00 0a d2 00
INFO - 25 d4 88 3c 00 0a b6 00
INFO - 25 d7 c8 3c 00 0a be 00
INFO - 25 da 08 3c 00 0a cb 00
INFO - 25 db 48 3c 00 0a 8f 00
INFO - 25 de 88 3c 00 0a b6 00
INFO - 25 e1 c8 3c 00 0a e2 00
INFO - 25 e5 08 3c 00 0b 0b 00
INFO - 25 e7 48 3c 00 0a af 00
INFO - 25 e9 88 3c 00 0a b0 00
INFO - 25 eb c8 3c 00 0a a1 00
INFO - 25 ee 08 3c 00 0a b0 00
INFO - 25 f0 48 3c 00 0a ce 00
INFO - 25 f2 88 3c 00 0a 95 00
INFO - 25 f5 c8 3c 00 0a bb 00
INFO - 25 f8 08 3c 00 0a f6 00
INFO - 25 fb 48 3c 00 0a b7 00
INFO - 25 fd 88 3c 00 0a ad 00
INFO - 26 01 c8 3c 00 0b 19 00
INFO - 26 04 08 3c 00 0a b5 00
INFO - 26 06 48 3c 00 0a c7 00
INFO - 26 0a 88 3c 00 0a f1 00
INFO - 26 0c c8 3c 00 0a af 00
INFO - 26 0e 08 3c 00 0a 95 00
INFO - 26 11 48 3c 00 0a e4 00
INFO - 26 15 88 3c 00 0a f2 00
INFO - 26 17 c8 3c 00 0a 7d 00
INFO - 26 1a 08 3c 00 0a b3 00
INFO - 26 20 48 3c 00 0b 5b 00
INFO - 26 22 88 3c 00 0a b1 00
INFO - 26 24 c8 3c 00 0a af 00
INFO - 26 27 08 3c 00 0a c5 00
INFO - 26 2a 48 3c 00 0a de 00
INFO - 26 2e 88 3c 00 0a f2 00
INFO - 26 31 c8 3c 00 0a d6 00
INFO - 26 33 08 3c 00 0a ba 00
INFO - 26 36 48 3c 00 0a c9 00
INFO - 26 38 88 3c 00 0a 7e 00
INFO - 26 3a c8 3c 00 0a a3 00
INFO - 26 3d 08 3c 00 0a bf 00
INFO - 26 40 48 3c 00 0a cb 00
INFO - 26 43 88 3c 00 0a d7 00
INFO - 26 45 c8 3c 00 0a 96 00
INFO - 26 48 08 3c 00 0b 06 00
INFO - 26 4b 48 3c 00 0a aa 00
INFO - 26 4e 88 3c 00 0a de 00
INFO - 26 50 c8 3c 00 0a b2 00
INFO - 26 53 08 3c 00 0a e5 00
INFO - 26 56 48 3c 00 0a bd 00
INFO - 26 58 88 3c 00 0a a4 00
INFO - 26 5b c8 3c 00 0a ca 00
INFO - 26 5d 08 3c 00 0a b8 00
INFO - 26 60 48 3c 00 0a c4 00
INFO - 26 64 88 3c 00 0b 0c 00
INFO - 26 67 c8 3c 00 0a d7 00
INFO - 26 6a 08 3c 00 0a f3 00
INFO - 26 6d 48 3c 00 0a be 00
INFO - 26 71 88 3c 00 0a f9 00
INFO - 26 73 c8 3c 00 0a 9b 00
INFO - 26 76 08 3c 00 0a eb 00
INFO - 26 79 48 3c 00 0a dd 00
INFO - 26 7b 88 3c 00 0a 98 00
INFO - 26 7e c8 3c 00 0a e6 00
INFO - 26 81 08 3c 00 0a af 00
INFO - 26 83 48 3c 00 0a d3 00
INFO - 26 87 88 3c 00 0a d7 00
INFO - 26 89 c8 3c 00 0a c4 00
INFO - 26 8c 08 3c 00 0a b8 00
INFO - 26 8f 48 3c 00 0a d3 00
INFO - 26 92 88 3c 00 0a ec 00
INFO - 26 94 c8 3c 00 0a a4 00
INFO - 26 97 08 3c 00 0a e5 00
INFO - 26 9a 48 3c 00 0a c0 00
INFO - 26 9c 88 3c 00 0a af 00
INFO - 26 a0 c8 3c 00 0a f5 00
INFO - 26 a3 08 3c 00 0a ee 00
INFO - 26 a5 48 3c 00 0a ae 00
INFO - 26 a8 88 3c 00 0a b7 00
INFO - 26 a9 c8 3c 00 0a 82 00
INFO - 26 ad 08 3c 00 0a ec 00
INFO - 26 b0 48 3c 00 0a df 00
INFO - 26 b2 88 3c 00 0a ab 00
INFO - 26 b5 c8 3c 00 0a cd 00
INFO - 26 b7 08 3c 00 0a a1 00
INFO - 26 ba 48 3c 00 0a ce 00
INFO - 26 bc 88 3c 00 0a a0 00
INFO - 26 be c8 3c 00 0a ce 00
INFO - 26 c0 08 3c 00 0a 93 00
INFO - 26 c3 48 3c 00 0a da 00
INFO - 26 c6 88 3c 00 0a d5 00
INFO - 26 c9 c8 3c 00 0a b6 00
INFO - 26 cb 08 3c 00 0a d1 00
INFO - 26 d0 48 3c 00 0b 12 00
INFO - 26 d2 88 3c 00 0a a9 00
INFO - 26 d4 c8 3c 00 0a c1 00
INFO - 26 d6 08 3c 00 0a 91 00
INFO - 26 d8 48 3c 00 0a b6 00
INFO - 26 dc 88 3c 00 0a dd 00
INFO - 26 df c8 3c 00 0a f7 00
INFO - 26 e1 08 3c 00 0a 9c 00
INFO - 26 e3 48 3c 00 0a 90 00
INFO - 26 e5 88 3c 00 0a b3 00
INFO - 26 e7 c8 3c 00 0a ac 00
INFO - 26 e9 08 3c 00 0a b3 00
INFO - 26 eb 48 3c 00 0a 9e 00
INFO - 26 ee 88 3c 00 0a b6 00
INFO - 26 f0 c8 3c 00 0a a7 00
INFO - 26 f2 08 3c 00 0a b9 00
INFO - 26 f4 48 3c 00 0a a7 00
INFO - 26 f6 88 3c 00 0a 9f 00
INFO - 26 f8 c8 3c 00 0a a9 00
INFO - 26 fa 08 3c 00 0a 74 00
INFO - 26 fe 48 3c 00 0a fb 00
INFO - 27 01 88 3c 00 0a c1 00
INFO - 27 05 c8 3c 00 0b 21 00
INFO - 27 08 08 3c 00 0a ba 00
INFO - 27 0a 48 3c 00 0a b5 00
INFO - 27 10 88 3c 00 0b 70 00
INFO - 27 13 c8 3c 00 0a b9 00
INFO - 27 14 08 3c 00 0a 83 00
INFO - 27 17 48 3c 00 0a ed 00
INFO - 27 1a 88 3c 00 0a a9 00
INFO - 27 1d c8 3c 00 0a ee 00
INFO - 27 22 08 3c 00 0b 22 00
INFO - 27 24 48 3c 00 0a b6 00
INFO - 27 26 88 3c 00 0a a0 00
INFO - 27 29 c8 3c 00 0a c5 00
INFO - 27 2b 08 3c 00 0a a9 00
INFO - 27 2e 48 3c 00 0a df 00
INFO - 27 31 88 3c 00 0a c8 00
INFO - 27 33 c8 3c 00 0a b8 00
INFO - 27 36 08 3c 00 0a e1 00
INFO - 27 39 48 3c 00 0a de 00
INFO - 27 3d 88 3c 00 0a e3 00
INFO - 27 3f c8 3c 00 0a 9b 00
INFO - 27 42 08 3c 00 0a e3 00
INFO - 27 45 48 3c 00 0a c4 00
INFO - 27 46 88 3c 00 0a 9f 00
INFO - 27 4a c8 3c 00 0a fa 00
INFO - 27 4d 08 3c 00 0a d6 00
INFO - 27 4f 48 3c 00 0a 9c 00
INFO - 27 53 88 3c 00 0b 0c 00
INFO - 27 55 c8 3c 00 0a ac 00
INFO - 27 59 08 3c 00 0a fd 00
INFO - 27 5c 48 3c 00 0a b9 00
INFO - 27 5f 88 3c 00 0a d5 00
INFO - 27 60 c8 3c 00 0a 9d 00
INFO - 27 64 08 3c 00 0a f0 00
INFO - 27 66 48 3c 00 0a bc 00
INFO - 27 69 88 3c 00 0a b8 00
INFO - 27 6c c8 3c 00 0a d7 00
INFO - 27 6f 08 3c 00 0a f1 00
INFO - 27 72 48 3c 00 0a ad 00
INFO - 27 75 88 3c 00 0a d5 00
INFO - 27 77 c8 3c 00 0a a1 00
INFO - 27 7a 08 3c 00 0a e2 00
INFO - 27 7d 48 3c 00 0a e5 00
INFO - 27 81 88 3c 00 0b 0e 00
INFO - 27 84 c8 3c 00 0a ba 00
INFO - 27 86 08 3c 00 0a bd 00
INFO - 27 8a 48 3c 00 0a f1 00
INFO - 27 8c 88 3c 00 0a a2 00
INFO - 27 8f c8 3c 00 0a e6 00
INFO - 27 92 08 3c 00 0a ba 00
INFO - 27 94 48 3c 00 0a cb 00
INFO - 27 97 88 3c 00 0a d8 00
INFO - 27 9b c8 3c 00 0a e4 00
INFO - 27 9d 08 3c 00 0a be 00
INFO - 27 a1 48 3c 00 0b 00 00
INFO - 27 a3 88 3c 00 0a 95 00
INFO - 27 a6 c8 3c 00 0a e4 00
INFO - 27 a9 08 3c 00 0a bf 00
INFO - 27 ac 48 3c 00 0a f2 00
INFO - 27 ae 88 3c 00 0a a3 00
INFO - 27 b1 c8 3c 00 0a c9 00
INFO - 27 b3 08 3c 00 0a 78 00
INFO - 27 b6 48 3c 00 0a bc 00
INFO - 27 b9 88 3c 00 0a db 00
INFO - 27 bd c8 3c 00 0a f3 00
INFO - 27 be 08 3c 00 0a 96 00
INFO - 27 c1 48 3c 00 0a ca 00
INFO - 27 c4 88 3c 00 0a c0 00
INFO - 27 c6 c8 3c 00 0a bc 00
INFO - 27 c9 08 3c 00 0a da 00
INFO - 27 cc 48 3c 00 0a c6 00
INFO - 27 ce 88 3c 00 0a b2 00
INFO - 27 d2 c8 3c 00 0a e5 00
INFO - 27 d5 08 3c 00 0a dc 00
INFO - 27 d8 48 3c 00 0a ca 00
INFO - 27 db 88 3c 00 0a e8 00
INFO - 27 de c8 3c 00 0a e6 00
INFO - 27 e0 08 3c 00 0a b1 00
INFO - 27 e4 48 3c 00 0a d9 00
INFO - 27 e7 88 3c 00 0b 01 00
INFO - 27 ea c8 3c 00 0a b1 00
INFO - 27 ed 08 3c 00 0a d8 00
INFO - 27 f0 48 3c 00 0a cd 00
INFO - 27 f2 88 3c 00 0a ad 00
INFO - 27 f6 c8 3c 00 0a f7 00
INFO - 27 f9 08 3c 00 0a f4 00
INFO - 27 fb 48 3c 00 0a b0 00
INFO - 27 ff 88 3c 00 0a f3 00
INFO - 28 02 c8 3c 00 0a ca 00
INFO - 28 04 08 3c 00 0a a3 00
INFO - 28 07 48 3c 00 0a d8 00
INFO - 28 0b 88 3c 00 0b 13 00
INFO - 28 0d c8 3c 00 0a 92 00
INFO - 28 12 08 3c 00 0b 2e 00
INFO - 28 16 48 3c 00 0b 12 00
INFO - 28 18 88 3c 00 0a bf 00
INFO - 28 1d c8 3c 00 0b 11 00
INFO - 28 20 08 3c 00 0a f7 00
INFO - 28 23 48 3c 00 0a b1 00
INFO - 28 24 88 3c 00 0a a1 00
INFO - 28 28 c8 3c 00 0a db 00
INFO - 28 2a 08 3c 00 0a bf 00
INFO - 28 2d 48 3c 00 0a bd 00
INFO - 28 2f 88 3c 00 0a cd 00
INFO - 28 32 c8 3c 00 0a bf 00
INFO - 28 37 08 3c 00 0a d2 00
INFO - 28 39 48 3c 00 0a 79 00
INFO - 28 3c 88 3c 00 0a cc 00
INFO - 28 3e c8 3c 00 0a a2 00
INFO - 28 40 08 3c 00 0a a1 00
INFO - 28 43 48 3c 00 0a e8 00
INFO - 28 46 88 3c 00 0a cc 00
INFO - 28 48 c8 3c 00 0a af 00
INFO - 28 4c 08 3c 00 0a f5 00
INFO - 28 4f 48 3c 00 0a cb 00
INFO - 28 51 88 3c 00 0a a2 00
INFO - 28 53 c8 3c 00 0a af 00
INFO - 28 55 08 3c 00 0a af 00
INFO - 28 58 48 3c 00 0a d8 00
INFO - 28 5b 88 3c 00 0a be 00
INFO - 28 5d c8 3c 00 0a a0 00
INFO - 28 5f 08 3c 00 0a bd 00
INFO - 28 62 48 3c 00 0a ae 00
INFO - 28 66 88 3c 00 0a ef 00
INFO - 28 69 c8 3c 00 0a bd 00
INFO - 28 6b 08 3c 00 0a cb 00
INFO - 28 6e 48 3c 00 0a af 00
INFO - 28 70 88 3c 00 0a ae 00
INFO - 28 72 c8 3c 00 0a a1 00
INFO - 28 75 08 3c 00 0a cc 00
INFO - 28 76 48 3c 00 0a 9f 00
INFO - 28 78 88 3c 00 0a a1 00
INFO - 28 7d c8 3c 00 0b 1d 00
INFO - 28 81 08 3c 00 0b 01 00
INFO - 28 84 48 3c 00 0a cc 00
INFO - 28 88 88 3c 00 0b 0d 00
INFO - 28 92 c8 3c 00 0b fe 00
INFO - 28 94 08 3c 00 0a a0 00
INFO - 28 96 48 3c 00 0a bf 00
INFO - 28 98 88 3c 00 0a 75 00
INFO - 28 9b c8 3c 00 0a e6 00
INFO - 28 9e 08 3c 00 0a f4 00
INFO - 28 a2 48 3c 00 0a da 00
INFO - 28 a3 88 3c 00 0a 9e 00
INFO - 28 a6 c8 3c 00 0a b1 00
INFO - 28 a8 08 3c 00 0a ba 00
INFO - 28 ab 48 3c 00 0a d8 00
INFO - 28 ae 88 3c 00 0a bc 00
INFO - 28 b1 c8 3c 00 0a f4 00
INFO - 28 b4 08 3c 00 0a ae 00
INFO - 28 b7 48 3c 00 0a e8 00
INFO - 28 ba 88 3c 00 0a ca 00
INFO - 28 bd c8 3c 00 0a e3 00
INFO - 28 bf 08 3c 00 0a ae 00
INFO - 28 c3 48 3c 00 0a 93 00
INFO - 28 c4 88 3c 00 0a a1 00
INFO - 28 c8 c8 3c 00 0a d8 00
INFO - 28 cb 08 3c 00 0a d7 00
INFO - 28 cd 48 3c 00 0a cc 00
INFO - 28 d0 88 3c 00 0a b0 00
INFO - 28 d3 c8 3c 00 0a fe 00
INFO - 28 d6 08 3c 00 0a b2 00
INFO - 28 d9 48 3c 00 0a f0 00
INFO - 28 dc 88 3c 00 0a bf 00
INFO - 28 de c8 3c 00 0a ba 00
INFO - 28 e1 08 3c 00 0a bf 00
INFO - 28 e3 48 3c 00 0a ac 00
INFO - 28 e6 88 3c 00 0a bf 00
INFO - 28 ea c8 3c 00 0b 0c 00
INFO - 28 ec 08 3c 00 0a a3 00
INFO - 28 ef 48 3c 00 0a e3 00
INFO - 28 f2 88 3c 00 0a ca 00
INFO - 28 f5 c8 3c 00 0a da 00
INFO - 28 f7 08 3c 00 0a 9e 00
INFO - 28 fb 48 3c 00 0b 03 00
INFO - 28 fd 88 3c 00 0a 9d 00
INFO - 29 00 c8 3c 00 0a ce 00
INFO - 29 02 08 3c 00 0a ab 00
INFO - 29 04 48 3c 00 0a b1 00
INFO - 29 06 88 3c 00 0a b8 00
INFO - 29 09 c8 3c 00 0a ae 00
INFO - 29 0b 08 3c 00 0a be 00
INFO - 29 0e 48 3c 00 0a c9 00
INFO - 29 11 88 3c 00 0a c6 00
INFO - 29 13 c8 3c 00 0a 9f 00
INFO - 29 16 08 3c 00 0a f1 00
INFO - 29 19 48 3c 00 0a cc 00
INFO - 29 1c 88 3c 00 0a d3 00
INFO - 29 1e c8 3c 00 0a a2 00
INFO - 29 21 08 3c 00 0a d3 00
INFO - 29 23 48 3c 00 0a af 00
INFO - 29 27 88 3c 00 0a ee 00
INFO - 29 29 c8 3c 00 0a af 00
INFO - 29 2d 08 3c 00 0b 24 00
INFO - 29 30 48 3c 00 0a ac 00
INFO - 29 33 88 3c 00 0a f3 00
INFO - 29 36 c8 3c 00 0a e0 00
INFO - 29 38 08 3c 00 0a a2 00
INFO - 29 3c 48 3c 00 0a f0 00
INFO - 29 3e 88 3c 00 0a 9b 00
INFO - 29 41 c8 3c 00 0a d4 00
INFO - 29 43 08 3c 00 0a c8 00
INFO - 29 47 48 3c 00 0a ff 00
INFO - 29 4a 88 3c 00 0a c4 00
INFO - 29 4e c8 3c 00 0b 0a 00
INFO - 29 50 08 3c 00 0a b9 00
INFO - 29 53 48 3c 00 0a af 00
INFO - 29 56 88 3c 00 0a ef 00
INFO - 29 58 c8 3c 00 0a a8 00
INFO - 29 5b 08 3c 00 0a ba 00
INFO - 29 5d 48 3c 00 0a c6 00
INFO - 29 61 88 3c 00 0a e4 00
INFO - 29 63 c8 3c 00 0a c4 00
INFO - 29 67 08 3c 00 0a f2 00
INFO - 29 69 48 3c 00 0a b5 00
INFO - 29 6c 88 3c 00 0a bc 00
INFO - 29 6e c8 3c 00 0a b6 00
INFO - 29 71 08 3c 00 0a b8 00
INFO - 29 73 48 3c 00 0a c9 00
INFO - 29 76 88 3c 00 0a b6 00
INFO - 29 78 c8 3c 00 0a bc 00
INFO - 29 7c 08 3c 00 0b 12 00
INFO - 29 7f 48 3c 00 0a af 00
INFO - 29 81 88 3c 00 0a c2 00
INFO - 29 84 c8 3c 00 0a b8 00
INFO - 29 87 08 3c 00 0a ed 00
INFO - 29 89 48 3c 00 0a a1 00
INFO - 29 8b 88 3c 00 0a b5 00
INFO - 29 8d c8 3c 00 0a 9d 00
INFO - 29 91 08 3c 00 0a df 00
INFO - 29 94 48 3c 00 0a e3 00
INFO - 29 9b 88 3c 00 0a c7 00
INFO - 29 9d c8 3c 00 0a 9b 00
INFO - 29 9f 08 3c 00 0a ad 00
INFO - 29 a1 48 3c 00 0a b5 00
INFO - 29 a3 88 3c 00 0a 9c 00
INFO - 29 a5 c8 3c 00 0a ae 00
INFO - 29 a9 08 3c 00 0a e9 00
INFO - 29 ab 48 3c 00 0a bb 00
INFO - 29 af 88 3c 00 0a ed 00
INFO - 29 b2 c8 3c 00 0a dc 00
INFO - 29 b4 08 3c 00 0a bb 00
INFO - 29 b8 48 3c 00 0a e9 00
INFO - 29 bb 88 3c 00 0a e2 00
INFO - 29 be c8 3c 00 0a cf 00
INFO - 29 c1 08 3c 00 0a d6 00
INFO - 29 c4 48 3c 00 0a c2 00
INFO - 29 c6 88 3c 00 0a d1 00
INFO - 29 c9 c8 3c 00 0a bb 00
INFO - 29 cb 08 3c 00 0a 99 00
INFO - 29 ce 48 3c 00 0a e0 00
INFO - 29 d1 88 3c 00 0a c6 00
INFO - 29 d3 c8 3c 00 0a bb 00
INFO - 29 d5 08 3c 00 0a a8 00
INFO - 29 d7 48 3c 00 0a ad 00
INFO - 29 da 88 3c 00 0a b5 00
INFO - 29 dc c8 3c 00 0a ad 00
INFO - 29 de 08 3c 00 0a a8 00
INFO - 29 e0 48 3c 00 0a aa 00
INFO - 29 e2 88 3c 00 0a ae 00
INFO - 29 e4 c8 3c 00 0a a7 00
INFO - 29 e7 08 3c 00 0a bb 00
INFO - 29 e9 48 3c 00 0a c2 00
INFO - 29 ec 88 3c 00 0a d6 00
INFO - 29 ef c8 3c 00 0a b4 00
INFO - 29 f1 08 3c 00 0a b8 00
INFO - 29 f9 48 3c 00 0b c1 00
INFO - 29 fc 88 3c 00 0a c9 00
INFO - 29 fe c8 3c 00 0a c2 00
INFO - 2a 03 08 3c 00 0b 2d 00
INFO - 2a 05 48 3c 00 0a 95 00
INFO - 2a 07 88 3c 00 0a a0 00
INFO - 2a 0b c8 3c 00 0a f7 00
INFO - 2a 0d 08 3c 00 0a ad 00
INFO - 2a 0f 48 3c 00 0a b5 00
INFO - 2a 12 88 3c 00 0a c5 00
INFO - 2a 14 c8 3c 00 0a 9c 00
INFO - 2a 16 08 3c 00 0a ae 00
INFO - 2a 18 48 3c 00 0a c1 00
INFO - 2a 1b 88 3c 00 0a ab 00
INFO - 2a 1e c8 3c 00 0a df 00
INFO - 2a 21 08 3c 00 0a d1 00
INFO - 2a 24 48 3c 00 0a df 00
INFO - 2a 26 88 3c 00 0a aa 00
INFO - 2a 28 c8 3c 00 0a b7 00
INFO - 2a 2b 08 3c 00 0a c4 00
INFO - 2a 2e 48 3c 00 0a d1 00
INFO - 2a 30 88 3c 00 0a aa 00
INFO - 2a 33 c8 3c 00 0a c4 00
INFO - 2a 35 08 3c 00 0a aa 00
INFO - 2a 38 48 3c 00 0a eb 00
INFO - 2a 3b 88 3c 00 0a d1 00
INFO - 2a 3e c8 3c 00 0a de 00
INFO - 2a 41 08 3c 00 0a c4 00
INFO - 2a 43 48 3c 00 0a 9c 00
INFO - 2a 45 88 3c 00 0a b5 00
INFO - 2a 49 c8 3c 00 0a ea 00
INFO - 2a 4b 08 3c 00 0a b7 00
INFO - 2a 4d 48 3c 00 0a ab 00
INFO - 2a 50 88 3c 00 0a cd 00
INFO - 2a 53 c8 3c 00 0a c6 00
INFO - 2a 57 08 3c 00 0b 04 00
INFO - 2a 59 48 3c 00 0a c1 00
INFO - 2a 5b 88 3c 00 0a 9b 00
INFO - 2a 5e c8 3c 00 0a c3 00
INFO - 2a 60 08 3c 00 0a b5 00
INFO - 2a 63 48 3c 00 0a e0 00
INFO - 2a 65 88 3c 00 0a b3 00
INFO - 2a 68 c8 3c 00 0a ab 00
INFO - 2a 6a 08 3c 00 0a cd 00
INFO - 2a 6e 48 3c 00 0a e9 00
INFO - 2a 71 88 3c 00 0a d0 00
INFO - 2a 73 c8 3c 00 0a 9e 00
INFO - 2a 76 08 3c 00 0a e6 00
INFO - 2a 78 48 3c 00 0a b9 00
INFO - 2a 7b 88 3c 00 0a b2 00
INFO - 2a 7d c8 3c 00 0a b9 00
INFO - 2a 7f 08 3c 00 0a a6 00
INFO - 2a 82 48 3c 00 0a c6 00
INFO - 2a 85 88 3c 00 0a da 00
INFO - 2a 88 c8 3c 00 0a eb 00
INFO - 2a 8b 08 3c 00 0a c6 00
INFO - 2a 8d 48 3c 00 0a b3 00
INFO - 2a 90 88 3c 00 0a c7 00
INFO - 2a 92 c8 3c 00 0a 98 00
INFO - 2a 95 08 3c 00 0a d5 00
INFO - 2a 97 48 3c 00 0a b4 00
INFO - 2a 99 88 3c 00 0a aa 00
INFO - 2a 9c c8 3c 00 0a 7c 00
INFO - 2a 9e 08 3c 00 0a ac 00
INFO - 2a a0 48 3c 00 0a c2 00
INFO - 2a a2 88 3c 00 0a 9f 00
INFO - 2a a6 c8 3c 00 0a e9 00
INFO - 2a a8 08 3c 00 0a a1 00
INFO - 2a ab 48 3c 00 0a ce 00
INFO - 2a ad 88 3c 00 0a c5 00
INFO - 2a b0 c8 3c 00 0a d0 00
INFO - 2a b3 08 3c 00 0a c7 00
INFO - 2a b5 48 3c 00 0a c1 00
INFO - 2a b8 88 3c 00 0a c7 00
INFO - 2a bc c8 3c 00 0a f6 00
INFO - 2a bf 08 3c 00 0a d3 00
INFO - 2a c1 48 3c 00 0a c1 00
INFO - 2a c6 88 3c 00 0b 13 00
INFO - 2a c8 c8 3c 00 0a c4 00
INFO - 2a cb 08 3c 00 0a b9 00
INFO - 2a ce 48 3c 00 0a ce 00
INFO - 2a d0 88 3c 00 0a c4 00
INFO - 2a d3 c8 3c 00 0a d3 00
INFO - 2a d6 08 3c 00 0a db 00
INFO - 2a d9 48 3c 00 0a b9 00
INFO - 2a db 88 3c 00 0a c1 00
INFO - 2a de c8 3c 00 0a c6 00
INFO - 2a e1 08 3c 00 0a ce 00
INFO - 2a e3 48 3c 00 0a ab 00
INFO - 2a e6 88 3c 00 0a c1 00
INFO - 2a e8 c8 3c 00 0a ac 00
INFO - 2a ea 08 3c 00 0a b3 00
INFO - 2a ed 48 3c 00 0a eb 00
INFO - 2a ef 88 3c 00 0a 9c 00
INFO - 2a f3 c8 3c 00 0a fa 00
INFO - 2a f6 08 3c 00 0a dd 00
INFO - 2a f8 48 3c 00 0a 99 00
INFO - 2a fb 88 3c 00 0a d0 00
INFO - 2a fd c8 3c 00 0a ac 00
INFO - 2a ff 08 3c 00 0a b3 00
INFO - 2b 02 48 3c 00 0a c2 00
INFO - 2b 05 88 3c 00 0a c3 00
INFO - 2b 07 c8 3c 00 0a d0 00
INFO - 2b 0b 08 3c 00 0a eb 00
INFO - 2b 0e 48 3c 00 0a cf 00
INFO - 2b 12 88 3c 00 0a f9 00
INFO - 2b 14 c8 3c 00 0a a6 00
INFO - 2b 16 08 3c 00 0a d1 00
INFO - 2b 18 48 3c 00 0a 99 00
INFO - 2b 1b 88 3c 00 0a c2 00
INFO - 2b 1d c8 3c 00 0a ab 00
INFO - 2b 20 08 3c 00 0a be 00
INFO - 2b 21 48 3c 00 0a 9e 00
INFO - 2b 25 88 3c 00 0a e5 00
INFO - 2b 27 c8 3c 00 0a b5 00
INFO - 2b 2a 08 3c 00 0a c1 00
INFO - 2b 2c 48 3c 00 0a c3 00
INFO - 2b 2f 88 3c 00 0a ca 00
INFO - 2b 31 c8 3c 00 0a 9a 00
INFO - 2b 34 08 3c 00 0a cd 00
INFO - 2b 36 48 3c 00 0a a7 00
INFO - 2b 39 88 3c 00 0a cf 00
INFO - 2b 3a c8 3c 00 0a 97 00
INFO - 2b 3c 08 3c 00 0a 9b 00
INFO - 2b 3f 48 3c 00 0a bd 00
INFO - 2b 42 88 3c 00 0a ce 00
INFO - 2b 45 c8 3c 00 0a ee 00
INFO - 2b 48 08 3c 00 0a da 00
INFO - 2b 4a 48 3c 00 0a a2 00
INFO - 2b 4d 88 3c 00 0a c0 00
INFO - 2b 4e c8 3c 00 0a 96 00
INFO - 2b 50 08 3c 00 0a a4 00
INFO - 2b 52 48 3c 00 0a a0 00
INFO - 2b 55 88 3c 00 0a ab 00
INFO - 2b 5c c8 3c 00 0b 9c 00
INFO - 2b 5d 08 3c 00 0a a1 00
INFO - 2b 60 48 3c 00 0a b3 00
INFO - 2b 63 88 3c 00 0a f7 00
INFO - 2b 66 c8 3c 00 0a bd 00
INFO - 2b 68 08 3c 00 0a ad 00
INFO - 2b 6a 48 3c 00 0a 8a 00
INFO - 2b 6c 88 3c 00 0a ca 00
INFO - 2b 71 c8 3c 00 0b 27 00
INFO - 2b 74 08 3c 00 0a de 00
INFO - 2b 76 48 3c 00 0a 8d 00
INFO - 2b 78 88 3c 00 0a 9e 00
INFO - 2b 7a c8 3c 00 0a c9 00
INFO - 2b 7c 08 3c 00 0a 9f 00
INFO - 2b 7e 48 3c 00 0a a0 00
INFO - 2b 80 88 3c 00 0a ae 00
INFO - 2b 82 c8 3c 00 0a a0 00
INFO - 2b 85 08 3c 00 0a b0 00
INFO - 2b 87 48 3c 00 0a c2 00
INFO - 2b 8a 88 3c 00 0a c7 00
INFO - 2b 8c c8 3c 00 0a 9e 00
INFO - 2b 8f 08 3c 00 0a eb 00
INFO - 2b 93 48 3c 00 0a f1 00
INFO - 2b 95 88 3c 00 0a a2 00
INFO - 2b 97 c8 3c 00 0a b5 00
INFO - 2b 9a 08 3c 00 0a dd 00
INFO - 2b 9d 48 3c 00 0a c0 00
INFO - 2b a0 88 3c 00 0a ea 00
INFO - 2b a3 c8 3c 00 0a b4 00
INFO - 2b a5 08 3c 00 0a ba 00
INFO - 2b a7 48 3c 00 0a a9 00
INFO - 2b a9 88 3c 00 0a 96 00
INFO - 2b ab c8 3c 00 0a a9 00
INFO - 2b ad 08 3c 00 0a ab 00
INFO - 2b af 48 3c 00 0a af 00
INFO - 2b b2 88 3c 00 0a b5 00
INFO - 2b b4 c8 3c 00 0a b8 00
INFO - 2b b6 08 3c 00 0a 96 00
INFO - 2b b9 48 3c 00 0a d0 00
INFO - 2b bb 88 3c 00 0a 9e 00
INFO - 2b bd c8 3c 00 0a b8 00
INFO - 2b c0 08 3c 00 0a ea 00
INFO - 2b c4 48 3c 00 0a e7 00
INFO - 2b c6 88 3c 00 0a a3 00
INFO - 2b c8 c8 3c 00 0a c3 00
INFO - 2b ca 08 3c 00 0a 97 00
INFO - 2b cd 48 3c 00 0a c2 00
INFO - 2b cf 88 3c 00 0a bb 00
INFO - 2b d2 c8 3c 00 0a cf 00
INFO - 2b d5 08 3c 00 0a c8 00
INFO - 2b d7 48 3c 00 0a 9e 00
INFO - 2b d8 88 3c 00 0a 95 00
INFO - 2b db c8 3c 00 0a c7 00
INFO - 2b dd 08 3c 00 0a 69 00
INFO - 2b e0 48 3c 00 0a f5 00
INFO - 2b e3 88 3c 00 0a ac 00
INFO - 2b e5 c8 3c 00 0a bc 00
INFO - 2b e7 08 3c 00 0a 92 00
INFO - 2b ea 48 3c 00 0a d1 00
INFO - 2b ec 88 3c 00 0a a2 00
INFO - 2b ee c8 3c 00 0a c2 00
INFO - 2b f1 08 3c 00 0a b8 00
INFO - 2b f4 48 3c 00 0a d1 00
INFO - 2b f6 88 3c 00 0a ba 00
INFO - 2b f9 c8 3c 00 0a c2 00
INFO - 2b fb 08 3c 00 0a a3 00
INFO - 2c 00 48 3c 00 0b 1c 00
INFO - 2c 03 88 3c 00 0a d9 00
INFO - 2c 06 c8 3c 00 0a c6 00
INFO - 2c 08 08 3c 00 0a 9e 00
INFO - 2c 0b 48 3c 00 0a d3 00
INFO - 2c 0d 88 3c 00 0a a9 00
INFO - 2c 10 c8 3c 00 0a df 00
INFO - 2c 12 08 3c 00 0a a9 00
INFO - 2c 14 48 3c 00 0a 76 00
INFO - 2c 16 88 3c 00 0a ae 00
INFO - 2c 19 c8 3c 00 0a c1 00
INFO - 2c 1b 08 3c 00 0a ae 00
INFO - 2c 1d 48 3c 00 0a 91 00
INFO - 2c 1f 88 3c 00 0a c6 00
INFO - 2c 22 c8 3c 00 0a d8 00
INFO - 2c 24 08 3c 00 0a a3 00
INFO - 2c 27 48 3c 00 0a cb 00
INFO - 2c 29 88 3c 00 0a 94 00
INFO - 2c 2b c8 3c 00 0a b9 00
INFO - 2c 2e 08 3c 00 0a bf 00
INFO - 2c 30 48 3c 00 0a 96 00
INFO - 2c 32 88 3c 00 0a bf 00
INFO - 2c 35 c8 3c 00 0a b9 00
INFO - 2c 38 08 3c 00 0a d5 00
INFO - 2c 3a 48 3c 00 0a b8 00
INFO - 2c 3c 88 3c 00 0a b2 00
INFO - 2c 3f c8 3c 00 0a c4 00
INFO - 2c 41 08 3c 00 0a a6 00
INFO - 2c 44 48 3c 00 0a cd 00
INFO - 2c 46 88 3c 00 0a 9c 00
INFO - 2c 48 c8 3c 00 0a c0 00
INFO - 2c 4a 08 3c 00 0a a8 00
INFO - 2c 4d 48 3c 00 0a bf 00
INFO - 2c 4f 88 3c 00 0a bf 00
INFO - 2c 51 c8 3c 00 0a 9c 00
INFO - 2c 54 08 3c 00 0a b3 00
INFO - 2c 57 48 3c 00 0a d5 00
INFO - 2c 59 88 3c 00 0a a7 00
INFO - 2c 5b c8 3c 00 0a b2 00
INFO - 2c 5e 08 3c 00 0a be 00
INFO - 2c 60 48 3c 00 0a be 00
INFO - 2c 62 88 3c 00 0a 9b 00
INFO - 2c 65 c8 3c 00 0a e0 00
INFO - 2c 67 08 3c 00 0a 9b 00
INFO - 2c 6b 48 3c 00 0a f6 00
INFO - 2c 6d 88 3c 00 0a a6 00
INFO - 2c 6f c8 3c 00 0a a6 00
INFO - 2c 71 08 3c 00 0a b1 00
INFO - 2c 73 48 3c 00 0a 9a 00
INFO - 2c 74 88 3c 00 0a 8f 00
INFO - 2c 77 c8 3c 00 0a d2 00
INFO - 2c 79 08 3c 00 0a 9a 00
INFO - 2c 7b 48 3c 00 0a bb 00
INFO - 2c 7d 88 3c 00 0a 8e 00
INFO - 2c 7f c8 3c 00 0a ad 00
INFO - 2c 82 08 3c 00 0a b0 00
INFO - 2c 83 48 3c 00 0a 8d 00
INFO - 2c 85 88 3c 00 0a af 00
INFO - 2c 87 c8 3c 00 0a 8e 00
INFO - 2c 89 08 3c 00 0a af 00
INFO - 2c 8b 48 3c 00 0a 98 00
INFO - 2c 8d 88 3c 00 0a ae 00
INFO - 2c 8f c8 3c 00 0a 98 00
INFO - 2c 91 08 3c 00 0a ae 00
INFO - 2c 93 48 3c 00 0a 8d 00
INFO - 2c 94 88 3c 00 0a 97 00
INFO - 2c 97 c8 3c 00 0a c2 00
INFO - 2c 9b 08 3c 00 0b 04 00
INFO - 2c 9d 48 3c 00 0a 97 00
INFO - 2c 9f 88 3c 00 0a ba 00
INFO - 2c a1 c8 3c 00 0a 97 00
INFO - 2c a3 08 3c 00 0a b7 00
INFO - 2c a6 48 3c 00 0a b5 00
INFO - 2c a8 88 3c 00 0a c2 00
INFO - 2c ac c8 3c 00 0b 0f 00
INFO - 2c af 08 3c 00 0a ce 00
INFO - 2c b2 48 3c 00 0a c3 00
INFO - 2c b4 88 3c 00 0a c6 00
INFO - 2c b7 c8 3c 00 0a aa 00
INFO - 2c ba 08 3c 00 0a fb 00
INFO - 2c bd 48 3c 00 0a ad 00
INFO - 2c be 88 3c 00 0a 9b 00
INFO - 2c c0 c8 3c 00 0a 95 00
INFO - 2c c1 08 3c 00 0a 61 00
INFO - 2c c1 48 3c 00 0a 61 00
INFO - 2c c1 88 3c 00 0a 61 00
INFO - 2c c1 c8 3c 00 0a 61 00
INFO - 2c c1 08 3c 00 0a 61 00
INFO - 2c c1 48 3c 00 0a 61 00
INFO - 2c c1 88 3c 00 0a 61 00
INFO - 2c c1 c8 3c 00 0a 61 00
INFO - 2c c1 08 3c 00 0a 61 00
INFO - 2c c1 48 3c 00 0a 61 00
