INFO - a0 00 48 08 b2 f3 c7 b1
INFO - a0 00 88 10 47 a8 0a 40
INFO - a0 00 c8 18 00 01 86 a0
INFO - a0 02 08 08 b2 f3 c8 87
INFO - a0 02 48 10 47 a8 0a 46
INFO - a0 02 88 18 00 01 86 a0
INFO - a0 04 c8 08 b2 f3 c9 57
INFO - a0 04 08 10 47 a8 0a 4d
INFO - a0 04 48 18 00 01 86 a0
INFO - a0 06 88 08 b2 f3 ca 27
INFO - a0 06 c8 10 47 a8 0a 54
INFO - a0 06 08 18 00 01 86 a0
INFO - a0 08 48 08 b2 f3 ca f7
INFO - a0 08 88 10 47 a8 0a 61
INFO - a0 08 c8 18 00 01 86 a0
INFO - a0 0a 08 08 b2 f3 cb db
INFO - a0 0a 48 10 47 a8 0a 68
INFO - a0 0a 88 18 00 01 86 a0
INFO - a0 0c c8 08 b2 f3 cc ab
INFO - a0 0c 08 10 47 a8 0a 75
INFO - a0 0c 48 18 00 01 86 a0
INFO - a0 0e 88 08 b2 f3 cd 7b
INFO - a0 0e c8 10 47 a8 0a 7c
INFO - a0 0e 08 18 00 01 86 a0
INFO - a0 0f 48 08 b2 f3 ce 15
INFO - a0 0f 88 10 47 a8 0a 83
INFO - a0 0f c8 18 00 01 86 a0
INFO - a0 0f 08 08 b2 f3 ce 15
INFO - a0 0f 48 10 47 a8 0a 83
INFO - a0 0f 88 18 00 01 86 a0
INFO - a0 1c c8 08 b2 f3 d2 46
INFO - a0 1c 08 10 47 a8 0d 35
INFO - a0 1c 48 18 00 01 86 a0
INFO - a0 1c 88 08 b2 f3 d2 46
INFO - a0 1c c8 10 47 a8 0d 35
INFO - a0 1c 08 18 00 01 86 a0
INFO - a0 1e 48 08 b2 f3 d2 e7
INFO - a0 1e 88 10 47 a8 0d 35
INFO - a0 1e c8 18 00 01 86 a0
INFO - a0 20 08 08 b2 f3 d3 c4
INFO - a0 20 48 10 47 a8 0d 35
INFO - a0 20 88 18 00 01 86 a0
INFO - a0 22 c8 08 b2 f3 d4 94
INFO - a0 22 08 10 47 a8 0d 35
INFO - a0 22 48 18 00 01 86 a0
INFO - a0 24 88 08 b2 f3 d5 64
INFO - a0 24 c8 10 47 a8 0d 35
INFO - a0 24 08 18 00 01 86 a0
INFO - a0 26 48 08 b2 f3 d6 33
INFO - a0 26 88 10 47 a8 0d 3c
INFO - a0 26 c8 18 00 01 86 a0
INFO - a0 28 08 08 b2 f3 d7 03
INFO - a0 28 48 10 47 a8 0d 3c
INFO - a0 28 88 18 00 01 86 a0
INFO - a0 29 c8 08 b2 f3 d7 4d
INFO - a0 29 08 10 47 a8 0d 3c
INFO - a0 29 48 18 00 01 86 a0
INFO - a0 29 88 08 b2 f3 d7 4d
INFO - a0 29 c8 10 47 a8 0d 3c
INFO - a0 29 08 18 00 01 86 a0
INFO - a0 2b 48 08 b2 f3 d8 1d
INFO - a0 2b 88 10 47 a8 0d 3c
INFO - a0 2b c8 18 00 01 86 a0
INFO - a0 2d 08 08 b2 f3 d8 ed
INFO - a0 2d 48 10 47 a8 0d 3c
INFO - a0 2d 88 18 00 01 86 a0
INFO - a0 2f c8 08 b2 f3 d9 bd
INFO - a0 2f 08 10 47 a8 0d 43
INFO - a0 2f 48 18 00 01 86 a0
INFO - a0 30 88 08 b2 f3 da 86
INFO - a0 30 c8 10 47 a8 0d 43
INFO - a0 30 08 18 00 01 86 a0
INFO - a0 32 48 08 b2 f3 db 56
INFO - a0 32 88 10 47 a8 0d 43
INFO - a0 32 c8 18 00 01 86 a0
INFO - a0 34 08 08 b2 f3 dc 26
INFO - a0 34 48 10 47 a8 0d 43
INFO - a0 34 88 18 00 01 86 a0
INFO - a0 36 c8 08 b2 f3 dc f5
INFO - a0 36 08 10 47 a8 0d 43
INFO - a0 36 48 18 00 01 86 a0
INFO - a0 38 88 08 b2 f3 dd c5
INFO - a0 38 c8 10 47 a8 0d 49
INFO - a0 38 08 18 00 01 86 a0
INFO - a0 3a 48 08 b2 f3 de 95
INFO - a0 3a 88 10 47 a8 0d 49
INFO - a0 3a c8 18 00 01 86 a0
INFO - a0 3c 08 08 b2 f3 df 5e
INFO - a0 3c 48 10 47 a8 0d 49
INFO - a0 3c 88 18 00 01 86 a0
INFO - a0 3e c8 08 b2 f3 e0 2e
INFO - a0 3e 08 10 47 a8 0d 49
INFO - a0 3e 48 18 00 01 86 a0
INFO - a0 40 88 08 b2 f3 e0 fe
INFO - a0 40 c8 10 47 a8 0d 49
INFO - a0 40 08 18 00 01 86 a0
INFO - a0 42 48 08 b2 f3 e1 ce
INFO - a0 42 88 10 47 a8 0d 50
INFO - a0 42 c8 18 00 01 86 a0
INFO - a0 44 08 08 b2 f3 e2 9e
INFO - a0 44 48 10 47 a8 0d 50
INFO - a0 44 88 18 00 01 86 a0
INFO - a0 46 c8 08 b2 f3 e3 6e
INFO - a0 46 08 10 47 a8 0d 50
INFO - a0 46 48 18 00 01 86 a0
INFO - a0 48 88 08 b2 f3 e4 3e
INFO - a0 48 c8 10 47 a8 0d 50
INFO - a0 48 08 18 00 01 86 a0
INFO - a0 4a 48 08 b2 f3 e5 0e
INFO - a0 4a 88 10 47 a8 0d 57
INFO - a0 4a c8 18 00 01 86 a0
INFO - a0 4c 08 08 b2 f3 e5 dd
INFO - a0 4c 48 10 47 a8 0d 57
INFO - a0 4c 88 18 00 01 86 a0
INFO - a0 4e c8 08 b2 f3 e6 ad
INFO - a0 4e 08 10 47 a8 0d 57
INFO - a0 4e 48 18 00 01 86 a0
INFO - a0 50 88 08 b2 f3 e7 7d
INFO - a0 50 c8 10 47 a8 0d 5e
INFO - a0 50 08 18 00 01 86 a0
INFO - a0 52 48 08 b2 f3 e8 4d
INFO - a0 52 88 10 47 a8 0d 5e
INFO - a0 52 c8 18 00 01 86 a0
INFO - a0 54 08 08 b2 f3 e9 1d
INFO - a0 54 48 10 47 a8 0d 5e
INFO - a0 54 88 18 00 01 86 a0
INFO - a0 55 c8 08 b2 f3 e9 88
INFO - a0 55 08 10 47 a8 0d 64
INFO - a0 55 48 18 00 01 86 a0
INFO - a0 55 88 08 b2 f3 e9 88
INFO - a0 55 c8 10 47 a8 0d 64
INFO - a0 55 08 18 00 01 86 a0
INFO - a0 57 48 08 b2 f3 ea 58
INFO - a0 57 88 10 47 a8 0d 64
INFO - a0 57 c8 18 00 01 86 a0
INFO - a0 59 08 08 b2 f3 eb 21
INFO - a0 59 48 10 47 a8 0d 64
INFO - a0 59 88 18 00 01 86 a0
INFO - a0 5b c8 08 b2 f3 eb f1
INFO - a0 5b 08 10 47 a8 0d 6b
INFO - a0 5b 48 18 00 01 86 a0
INFO - a0 5d 88 08 b2 f3 ec c1
INFO - a0 5d c8 10 47 a8 0d 6b
INFO - a0 5d 08 18 00 01 86 a0
INFO - a0 5f 48 08 b2 f3 ed 91
INFO - a0 5f 88 10 47 a8 0d 6b
INFO - a0 5f c8 18 00 01 86 a0
INFO - a0 61 08 08 b2 f3 ee 61
INFO - a0 61 48 10 47 a8 0d 72
INFO - a0 61 88 18 00 01 86 a0
INFO - a0 63 c8 08 b2 f3 ef 31
INFO - a0 63 08 10 47 a8 0d 72
INFO - a0 63 48 18 00 01 86 a0
INFO - a0 65 88 08 b2 f3 f0 00
INFO - a0 65 c8 10 47 a8 0d 78
INFO - a0 65 08 18 00 01 86 a0
INFO - a0 67 48 08 b2 f3 f0 d0
INFO - a0 67 88 10 47 a8 0d 78
INFO - a0 67 c8 18 00 01 86 a0
INFO - a0 69 08 08 b2 f3 f1 a0
INFO - a0 69 48 10 47 a8 0d 78
INFO - a0 69 88 18 00 01 86 a0
INFO - a0 6b c8 08 b2 f3 f2 70
INFO - a0 6b 08 10 47 a8 0d 7f
INFO - a0 6b 48 18 00 01 86 a0
INFO - a0 6d 88 08 b2 f3 f3 40
INFO - a0 6d c8 10 47 a8 0d 7f
INFO - a0 6d 08 18 00 01 86 a0
INFO - a0 6f 48 08 b2 f3 f4 10
INFO - a0 6f 88 10 47 a8 0d 86
INFO - a0 6f c8 18 00 01 86 a0
INFO - a0 71 08 08 b2 f3 f4 e0
INFO - a0 71 48 10 47 a8 0d 8c
INFO - a0 71 88 18 00 01 86 a0
INFO - a0 73 c8 08 b2 f3 f5 b0
INFO - a0 73 08 10 47 a8 0d 8c
INFO - a0 73 48 18 00 01 86 a0
INFO - a0 75 88 08 b2 f3 f6 7f
INFO - a0 75 c8 10 47 a8 0d 93
INFO - a0 75 08 18 00 01 86 a0
INFO - a0 77 48 08 b2 f3 f7 4f
INFO - a0 77 88 10 47 a8 0d 9a
INFO - a0 77 c8 18 00 01 86 a0
INFO - a0 79 08 08 b2 f3 f8 18
INFO - a0 79 48 10 47 a8 0d a1
INFO - a0 79 88 18 00 01 86 a0
INFO - a0 7b c8 08 b2 f3 f8 e8
INFO - a0 7b 08 10 47 a8 0d a1
INFO - a0 7b 48 18 00 01 86 a0
INFO - a0 7d 88 08 b2 f3 f9 b8
INFO - a0 7d c8 10 47 a8 0d a7
INFO - a0 7d 08 18 00 01 86 a0
INFO - a0 7f 48 08 b2 f3 fa 88
INFO - a0 7f 88 10 47 a8 0d ae
INFO - a0 7f c8 18 00 01 86 a0
INFO - a0 81 08 08 b2 f3 fb 58
INFO - a0 81 48 10 47 a8 0d ae
INFO - a0 81 88 18 00 01 86 a0
INFO - a0 83 c8 08 b2 f3 fc 28
INFO - a0 83 08 10 47 a8 0d b5
INFO - a0 83 48 18 00 01 86 a0
INFO - a0 85 88 08 b2 f3 fc f1
INFO - a0 85 c8 10 47 a8 0d bb
INFO - a0 85 08 18 00 01 86 a0
INFO - a0 87 48 08 b2 f3 fd c1
INFO - a0 87 88 10 47 a8 0d c2
INFO - a0 87 c8 18 00 01 86 a0
INFO - a0 89 08 08 b2 f3 fe 91
INFO - a0 89 48 10 47 a8 0d c2
INFO - a0 89 88 18 00 01 86 a0
INFO - a0 8b c8 08 b2 f3 ff 61
INFO - a0 8b 08 10 47 a8 0d c9
INFO - a0 8b 48 18 00 01 86 a0
INFO - a0 8d 88 08 b2 f4 00 30
INFO - a0 8d c8 10 47 a8 0d d0
INFO - a0 8d 08 18 00 01 86 a0
INFO - a0 8f 48 08 b2 f4 01 00
INFO - a0 8f 88 10 47 a8 0d d0
INFO - a0 8f c8 18 00 01 86 a0
INFO - a0 91 08 08 b2 f4 01 d0
INFO - a0 91 48 10 47 a8 0d d6
INFO - a0 91 88 18 00 01 86 a0
INFO - a0 93 c8 08 b2 f4 02 a0
INFO - a0 93 08 10 47 a8 0d dd
INFO - a0 93 48 18 00 01 86 a0
INFO - a0 95 88 08 b2 f4 03 70
INFO - a0 95 c8 10 47 a8 0d e4
INFO - a0 95 08 18 00 01 86 a0
INFO - a0 97 48 08 b2 f4 04 39
INFO - a0 97 88 10 47 a8 0d e4
INFO - a0 97 c8 18 00 01 86 a0
INFO - a0 99 08 08 b2 f4 05 09
INFO - a0 99 48 10 47 a8 0d ea
INFO - a0 99 88 18 00 01 86 a0
INFO - a0 9b c8 08 b2 f4 05 d9
INFO - a0 9b 08 10 47 a8 0d f1
INFO - a0 9b 48 18 00 01 86 a0
INFO - a0 9d 88 08 b2 f4 06 a9
INFO - a0 9d c8 10 47 a8 0d f1
INFO - a0 9d 08 18 00 01 86 a0
INFO - a0 9f 48 08 b2 f4 07 79
INFO - a0 9f 88 10 47 a8 0d f8
INFO - a0 9f c8 18 00 01 86 a0
INFO - a0 a1 08 08 b2 f4 08 48
INFO - a0 a1 48 10 47 a8 0d fe
INFO - a0 a1 88 18 00 01 86 a0
INFO - a0 a3 c8 08 b2 f4 09 18
INFO - a0 a3 08 10 47 a8 0e 05
INFO - a0 a3 48 18 00 01 86 a0
INFO - a0 a5 88 08 b2 f4 09 e8
INFO - a0 a5 c8 10 47 a8 0e 05
INFO - a0 a5 08 18 00 01 86 a0
INFO - a0 a7 48 08 b2 f4 0a b8
INFO - a0 a7 88 10 47 a8 0e 0c
INFO - a0 a7 c8 18 00 01 86 a0
INFO - a0 a9 08 08 b2 f4 0b 88
INFO - a0 a9 48 10 47 a8 0e 13
INFO - a0 a9 88 18 00 01 86 a0
INFO - a0 ab c8 08 b2 f4 0c 58
INFO - a0 ab 08 10 47 a8 0e 19
INFO - a0 ab 48 18 00 01 86 a0
INFO - a0 ad 88 08 b2 f4 0c eb
INFO - a0 ad c8 10 47 a8 0e 20
INFO - a0 ad 08 18 00 01 86 a0
INFO - a0 af 48 08 b2 f4 0d bb
INFO - a0 af 88 10 47 a8 0e 27
INFO - a0 af c8 18 00 01 86 a0
INFO - a0 b1 08 08 b2 f4 0e 8b
INFO - a0 b1 48 10 47 a8 0e 2d
INFO - a0 b1 88 18 00 01 86 a0
INFO - a0 b3 c8 08 b2 f4 0f 8a
INFO - a0 b3 08 10 47 a8 0e 34
INFO - a0 b3 48 18 00 01 86 a0
INFO - a0 b5 88 08 b2 f4 10 5a
INFO - a0 b5 c8 10 47 a8 0e 3b
INFO - a0 b5 08 18 00 01 86 a0
INFO - a0 b7 48 08 b2 f4 11 2a
INFO - a0 b7 88 10 47 a8 0e 42
INFO - a0 b7 c8 18 00 01 86 a0
INFO - a0 b9 08 08 b2 f4 11 f9
INFO - a0 b9 48 10 47 a8 0e 48
INFO - a0 b9 88 18 00 01 86 a0
INFO - a0 bb c8 08 b2 f4 12 c9
INFO - a0 bb 08 10 47 a8 0e 4f
INFO - a0 bb 48 18 00 01 86 a0
INFO - a0 bc 88 08 b2 f4 13 42
INFO - a0 bc c8 10 47 a8 0e 4f
INFO - a0 bc 08 18 00 01 86 a0
INFO - a0 bc 48 08 b2 f4 13 42
INFO - a0 bc 88 10 47 a8 0e 4f
INFO - a0 bc c8 18 00 01 86 a0
INFO - a0 be 08 08 b2 f4 14 12
INFO - a0 be 48 10 47 a8 0e 56
INFO - a0 be 88 18 00 01 86 a0
INFO - a0 c0 c8 08 b2 f4 14 e2
INFO - a0 c0 08 10 47 a8 0e 5c
INFO - a0 c0 48 18 00 01 86 a0
INFO - a0 c2 88 08 b2 f4 15 b2
INFO - a0 c2 c8 10 47 a8 0e 63
INFO - a0 c2 08 18 00 01 86 a0
INFO - a0 c4 48 08 b2 f4 16 82
INFO - a0 c4 88 10 47 a8 0e 70
INFO - a0 c4 c8 18 00 01 86 a0
INFO - a0 c6 08 08 b2 f4 17 51
INFO - a0 c6 48 10 47 a8 0e 77
INFO - a0 c6 88 18 00 01 86 a0
INFO - a0 c8 c8 08 b2 f4 18 21
INFO - a0 c8 08 10 47 a8 0e 7e
INFO - a0 c8 48 18 00 01 86 a0
INFO - a0 ca 88 08 b2 f4 18 f1
INFO - a0 ca c8 10 47 a8 0e 85
INFO - a0 ca 08 18 00 01 86 a0
INFO - a0 cc 48 08 b2 f4 19 c1
INFO - a0 cc 88 10 47 a8 0e 8b
INFO - a0 cc c8 18 00 01 86 a0
INFO - a0 ce 08 08 b2 f4 1a 91
INFO - a0 ce 48 10 47 a8 0e 92
INFO - a0 ce 88 18 00 01 86 a0
INFO - a0 d0 c8 08 b2 f4 1b 61
INFO - a0 d0 08 10 47 a8 0e 99
INFO - a0 d0 48 18 00 01 86 a0
INFO - a0 d2 88 08 b2 f4 1c 31
INFO - a0 d2 c8 10 47 a8 0e 9f
INFO - a0 d2 08 18 00 01 86 a0
INFO - a0 d4 48 08 b2 f4 1d 00
INFO - a0 d4 88 10 47 a8 0e a6
INFO - a0 d4 c8 18 00 01 86 a0
INFO - a0 d6 08 08 b2 f4 1d d0
INFO - a0 d6 48 10 47 a8 0e ad
INFO - a0 d6 88 18 00 01 86 a0
INFO - a0 d8 c8 08 b2 f4 1e a0
INFO - a0 d8 08 10 47 a8 0e b4
INFO - a0 d8 48 18 00 01 86 a0
INFO - a0 da 88 08 b2 f4 1f 70
INFO - a0 da c8 10 47 a8 0e ba
INFO - a0 da 08 18 00 01 86 a0
INFO - a0 dc 48 08 b2 f4 20 40
INFO - a0 dc 88 10 47 a8 0e c8
INFO - a0 dc c8 18 00 01 86 a0
INFO - a0 de 08 08 b2 f4 21 10
INFO - a0 de 48 10 47 a8 0e ce
INFO - a0 de 88 18 00 01 86 a0
INFO - a0 df c8 08 b2 f4 21 3f
INFO - a0 df 08 10 47 a8 0e ce
INFO - a0 df 48 18 00 01 86 a0
INFO - a0 df 88 08 b2 f4 21 46
INFO - a0 df c8 10 47 a8 0e ce
INFO - a0 df 08 18 00 01 86 a0
INFO - a0 e0 48 08 b2 f4 21 e0
INFO - a0 e0 88 10 47 a8 0e d5
INFO - a0 e0 c8 18 00 01 86 a0
INFO - a0 e2 08 08 b2 f4 22 b0
INFO - a0 e2 48 10 47 a8 0e dc
INFO - a0 e2 88 18 00 01 86 a0
INFO - a0 e4 c8 08 b2 f4 23 7f
INFO - a0 e4 08 10 47 a8 0e e2
INFO - a0 e4 48 18 00 01 86 a0
INFO - a0 e6 88 08 b2 f4 24 4f
INFO - a0 e6 c8 10 47 a8 0e e9
INFO - a0 e6 08 18 00 01 86 a0
INFO - a0 e8 48 08 b2 f4 25 1f
INFO - a0 e8 88 10 47 a8 0e f7
INFO - a0 e8 c8 18 00 01 86 a0
INFO - a0 ea 08 08 b2 f4 25 ef
INFO - a0 ea 48 10 47 a8 0e fd
INFO - a0 ea 88 18 00 01 86 a0
INFO - a0 ec c8 08 b2 f4 26 bf
INFO - a0 ec 08 10 47 a8 0f 04
INFO - a0 ec 48 18 00 01 86 a0
INFO - a0 ee 88 08 b2 f4 27 8f
INFO - a0 ee c8 10 47 a8 0f 11
INFO - a0 ee 08 18 00 01 86 a0
INFO - a0 f0 48 08 b2 f4 28 5f
INFO - a0 f0 88 10 47 a8 0f 18
INFO - a0 f0 c8 18 00 01 86 a0
INFO - a0 f2 08 08 b2 f4 28 f9
INFO - a0 f2 48 10 47 a8 0f 1f
INFO - a0 f2 88 18 00 01 86 a0
INFO - a0 f2 c8 08 b2 f4 28 f9
INFO - a0 f2 08 10 47 a8 0f 1f
INFO - a0 f2 48 18 00 01 86 a0
INFO - a0 f4 88 08 b2 f4 29 c2
INFO - a0 f4 c8 10 47 a8 0f 26
INFO - a0 f4 08 18 00 01 86 a0
INFO - a0 f6 48 08 b2 f4 2a 92
INFO - a0 f6 88 10 47 a8 0f 33
INFO - a0 f6 c8 18 00 01 86 a0
INFO - a0 f8 08 08 b2 f4 2b 62
INFO - a0 f8 48 10 47 a8 0f 3a
INFO - a0 f8 88 18 00 01 86 a0
INFO - a0 fa c8 08 b2 f4 2c 32
INFO - a0 fa 08 10 47 a8 0f 47
INFO - a0 fa 48 18 00 01 86 a0
INFO - a0 fc 88 08 b2 f4 2d 02
INFO - a0 fc c8 10 47 a8 0f 4e
INFO - a0 fc 08 18 00 01 86 a0
INFO - a0 fe 48 08 b2 f4 2d d1
INFO - a0 fe 88 10 47 a8 0f 5b
INFO - a0 fe c8 18 00 01 86 a0
INFO - a1 00 08 08 b2 f4 2e a1
INFO - a1 00 48 10 47 a8 0f 62
INFO - a1 00 88 18 00 01 86 a0
INFO - a1 02 c8 08 b2 f4 2f 71
INFO - a1 02 08 10 47 a8 0f 6f
INFO - a1 02 48 18 00 01 86 a0
INFO - a1 04 88 08 b2 f4 30 41
INFO - a1 04 c8 10 47 a8 0f 76
INFO - a1 04 08 18 00 01 86 a0
INFO - a1 06 48 08 b2 f4 31 11
INFO - a1 06 88 10 47 a8 0f 83
INFO - a1 06 c8 18 00 01 86 a0
INFO - a1 08 08 08 b2 f4 31 e1
INFO - a1 08 48 10 47 a8 0f 8a
INFO - a1 08 88 18 00 01 86 a0
INFO - a1 0a c8 08 b2 f4 32 b1
INFO - a1 0a 08 10 47 a8 0f 98
INFO - a1 0a 48 18 00 01 86 a0
INFO - a1 0c 88 08 b2 f4 33 81
INFO - a1 0c c8 10 47 a8 0f 9e
INFO - a1 0c 08 18 00 01 86 a0
INFO - a1 0e 48 08 b2 f4 34 50
INFO - a1 0e 88 10 47 a8 0f ac
INFO - a1 0e c8 18 00 01 86 a0
INFO - a1 10 08 08 b2 f4 35 20
INFO - a1 10 48 10 47 a8 0f b2
INFO - a1 10 88 18 00 01 86 a0
INFO - a1 12 c8 08 b2 f4 35 f0
INFO - a1 12 08 10 47 a8 0f c0
INFO - a1 12 48 18 00 01 86 a0
INFO - a1 14 88 08 b2 f4 36 c0
INFO - a1 14 c8 10 47 a8 0f c6
INFO - a1 14 08 18 00 01 86 a0
INFO - a1 16 48 08 b2 f4 37 90
INFO - a1 16 88 10 47 a8 0f d4
INFO - a1 16 c8 18 00 01 86 a0
INFO - a1 18 08 08 b2 f4 38 60
INFO - a1 18 48 10 47 a8 0f db
INFO - a1 18 88 18 00 01 86 a0
INFO - a1 1a c8 08 b2 f4 39 29
INFO - a1 1a 08 10 47 a8 0f e8
INFO - a1 1a 48 18 00 01 86 a0
INFO - a1 1c 88 08 b2 f4 39 f9
INFO - a1 1c c8 10 47 a8 0f ef
INFO - a1 1c 08 18 00 01 86 a0
INFO - a1 1e 48 08 b2 f4 3a c9
INFO - a1 1e 88 10 47 a8 0f fc
INFO - a1 1e c8 18 00 01 86 a0
INFO - a1 20 08 08 b2 f4 3b 99
INFO - a1 20 48 10 47 a8 10 03
INFO - a1 20 88 18 00 01 86 a0
INFO - a1 22 c8 08 b2 f4 3c 68
INFO - a1 22 08 10 47 a8 10 10
INFO - a1 22 48 18 00 01 86 a0
INFO - a1 24 88 08 b2 f4 3d 38
INFO - a1 24 c8 10 47 a8 10 17
INFO - a1 24 08 18 00 01 86 a0
INFO - a1 26 48 08 b2 f4 3e 08
INFO - a1 26 88 10 47 a8 10 24
INFO - a1 26 c8 18 00 01 86 a0
INFO - a1 28 08 08 b2 f4 3e d8
INFO - a1 28 48 10 47 a8 10 2b
INFO - a1 28 88 18 00 01 86 a0
INFO - a1 2a c8 08 b2 f4 3f a1
INFO - a1 2a 08 10 47 a8 10 38
INFO - a1 2a 48 18 00 01 86 a0
INFO - a1 2c 88 08 b2 f4 40 71
INFO - a1 2c c8 10 47 a8 10 3f
INFO - a1 2c 08 18 00 01 86 a0
INFO - a1 2e 48 08 b2 f4 41 41
INFO - a1 2e 88 10 47 a8 10 4d
INFO - a1 2e c8 18 00 01 86 a0
INFO - a1 30 08 08 b2 f4 42 11
INFO - a1 30 48 10 47 a8 10 53
INFO - a1 30 88 18 00 01 86 a0
INFO - a1 32 c8 08 b2 f4 42 da
INFO - a1 32 08 10 47 a8 10 61
INFO - a1 32 48 18 00 01 86 a0
INFO - a1 34 88 08 b2 f4 43 aa
INFO - a1 34 c8 10 47 a8 10 67
INFO - a1 34 08 18 00 01 86 a0
INFO - a1 36 48 08 b2 f4 44 7a
INFO - a1 36 88 10 47 a8 10 6e
INFO - a1 36 c8 18 00 01 86 a0
INFO - a1 38 08 08 b2 f4 45 4a
INFO - a1 38 48 10 47 a8 10 7c
INFO - a1 38 88 18 00 01 86 a0
INFO - a1 3a c8 08 b2 f4 46 19
INFO - a1 3a 08 10 47 a8 10 82
INFO - a1 3a 48 18 00 01 86 a0
INFO - a1 3c 88 08 b2 f4 46 e9
INFO - a1 3c c8 10 47 a8 10 90
INFO - a1 3c 08 18 00 01 86 a0
INFO - a1 3e 48 08 b2 f4 47 b3
INFO - a1 3e 88 10 47 a8 10 96
INFO - a1 3e c8 18 00 01 86 a0
INFO - a1 40 08 08 b2 f4 48 82
INFO - a1 40 48 10 47 a8 10 a4
INFO - a1 40 88 18 00 01 86 a0
INFO - a1 42 c8 08 b2 f4 49 52
INFO - a1 42 08 10 47 a8 10 b1
INFO - a1 42 48 18 00 01 86 a0
INFO - a1 44 88 08 b2 f4 4a 22
INFO - a1 44 c8 10 47 a8 10 b8
INFO - a1 44 08 18 00 01 86 a0
INFO - a1 46 48 08 b2 f4 4a f2
INFO - a1 46 88 10 47 a8 10 c5
INFO - a1 46 c8 18 00 01 86 a0
INFO - a1 48 08 08 b2 f4 4b c2
INFO - a1 48 48 10 47 a8 10 d3
INFO - a1 48 88 18 00 01 86 a0
INFO - a1 4a c8 08 b2 f4 4c 92
INFO - a1 4a 08 10 47 a8 10 d9
INFO - a1 4a 48 18 00 01 86 a0
INFO - a1 4c 88 08 b2 f4 4d 62
INFO - a1 4c c8 10 47 a8 10 e7
INFO - a1 4c 08 18 00 01 86 a0
INFO - a1 4e 48 08 b2 f4 4e 31
INFO - a1 4e 88 10 47 a8 10 f4
INFO - a1 4e c8 18 00 01 86 a0
INFO - a1 50 08 08 b2 f4 4f 01
INFO - a1 50 48 10 47 a8 11 02
INFO - a1 50 88 18 00 01 86 a0
INFO - a1 52 c8 08 b2 f4 4f cb
INFO - a1 52 08 10 47 a8 11 0f
INFO - a1 52 48 18 00 01 86 a0
INFO - a1 54 88 08 b2 f4 50 9a
INFO - a1 54 c8 10 47 a8 11 16
INFO - a1 54 08 18 00 01 86 a0
INFO - a1 56 48 08 b2 f4 51 6a
INFO - a1 56 88 10 47 a8 11 23
INFO - a1 56 c8 18 00 01 86 a0
INFO - a1 58 08 08 b2 f4 52 3a
INFO - a1 58 48 10 47 a8 11 31
INFO - a1 58 88 18 00 01 86 a0
INFO - a1 5a c8 08 b2 f4 53 0a
INFO - a1 5a 08 10 47 a8 11 3e
INFO - a1 5a 48 18 00 01 86 a0
INFO - a1 5c 88 08 b2 f4 53 d3
INFO - a1 5c c8 10 47 a8 11 4b
INFO - a1 5c 08 18 00 01 86 a0
INFO - a1 5c 48 08 b2 f4 53 d3
INFO - a1 5c 88 10 47 a8 11 4b
INFO - a1 5c c8 18 00 01 86 a0
INFO - a1 72 08 08 b2 f4 5c b4
INFO - a1 72 48 10 47 a8 11 ec
INFO - a1 72 88 18 00 01 86 a0
INFO - a1 74 c8 08 b2 f4 5d 84
INFO - a1 74 08 10 47 a8 11 fa
INFO - a1 74 48 18 00 01 86 a0
INFO - a1 76 88 08 b2 f4 5e 54
INFO - a1 76 c8 10 47 a8 12 07
INFO - a1 76 08 18 00 01 86 a0
INFO - a1 78 48 08 b2 f4 5f 24
INFO - a1 78 88 10 47 a8 12 15
INFO - a1 78 c8 18 00 01 86 a0
INFO - a1 7a 08 08 b2 f4 5f f4
INFO - a1 7a 48 10 47 a8 12 29
INFO - a1 7a 88 18 00 01 86 a0
INFO - a1 7c c8 08 b2 f4 60 c4
INFO - a1 7c 08 10 47 a8 12 36
INFO - a1 7c 48 18 00 01 86 a0
INFO - a1 7e 88 08 b2 f4 61 8d
INFO - a1 7e c8 10 47 a8 12 43
INFO - a1 7e 08 18 00 01 86 a0
INFO - a1 80 48 08 b2 f4 62 5d
INFO - a1 80 88 10 47 a8 12 51
INFO - a1 80 c8 18 00 01 86 a0
INFO - a1 82 08 08 b2 f4 63 2d
INFO - a1 82 48 10 47 a8 12 5e
INFO - a1 82 88 18 00 01 86 a0
INFO - a1 84 c8 08 b2 f4 63 fc
INFO - a1 84 08 10 47 a8 12 72
INFO - a1 84 48 18 00 01 86 a0
INFO - a1 86 88 08 b2 f4 64 cc
INFO - a1 86 c8 10 47 a8 12 80
INFO - a1 86 08 18 00 01 86 a0
INFO - a1 88 48 08 b2 f4 65 9c
INFO - a1 88 88 10 47 a8 12 8d
INFO - a1 88 c8 18 00 01 86 a0
INFO - a1 8a 08 08 b2 f4 66 6c
INFO - a1 8a 48 10 47 a8 12 9b
INFO - a1 8a 88 18 00 01 86 a0
INFO - a1 8c c8 08 b2 f4 67 3c
INFO - a1 8c 08 10 47 a8 12 a8
INFO - a1 8c 48 18 00 01 86 a0
INFO - a1 8e 88 08 b2 f4 68 0c
INFO - a1 8e c8 10 47 a8 12 b5
INFO - a1 8e 08 18 00 01 86 a0
INFO - a1 90 48 08 b2 f4 68 d5
INFO - a1 90 88 10 47 a8 12 ca
INFO - a1 90 c8 18 00 01 86 a0
INFO - a1 92 08 08 b2 f4 69 a5
INFO - a1 92 48 10 47 a8 12 d7
INFO - a1 92 88 18 00 01 86 a0
INFO - a1 94 c8 08 b2 f4 6a 75
INFO - a1 94 08 10 47 a8 12 e4
INFO - a1 94 48 18 00 01 86 a0
INFO - a1 96 88 08 b2 f4 6b 45
INFO - a1 96 c8 10 47 a8 12 f2
INFO - a1 96 08 18 00 01 86 a0
INFO - a1 98 48 08 b2 f4 6c 14
INFO - a1 98 88 10 47 a8 12 ff
INFO - a1 98 c8 18 00 01 86 a0
INFO - a1 9a 08 08 b2 f4 6c de
INFO - a1 9a 48 10 47 a8 13 13
INFO - a1 9a 88 18 00 01 86 a0
INFO - a1 9c c8 08 b2 f4 6d ae
INFO - a1 9c 08 10 47 a8 13 21
INFO - a1 9c 48 18 00 01 86 a0
INFO - a1 9e 88 08 b2 f4 6e 7d
INFO - a1 9e c8 10 47 a8 13 2e
INFO - a1 9e 08 18 00 01 86 a0
INFO - a1 a0 48 08 b2 f4 6f 4d
INFO - a1 a0 88 10 47 a8 13 3c
INFO - a1 a0 c8 18 00 01 86 a0
INFO - a1 a2 08 08 b2 f4 70 1d
INFO - a1 a2 48 10 47 a8 13 49
INFO - a1 a2 88 18 00 01 86 a0
INFO - a1 a4 c8 08 b2 f4 70 ed
INFO - a1 a4 08 10 47 a8 13 56
INFO - a1 a4 48 18 00 01 86 a0
INFO - a1 a6 88 08 b2 f4 71 b6
INFO - a1 a6 c8 10 47 a8 13 6b
INFO - a1 a6 08 18 00 01 86 a0
INFO - a1 a8 48 08 b2 f4 72 86
INFO - a1 a8 88 10 47 a8 13 78
INFO - a1 a8 c8 18 00 01 86 a0
INFO - a1 aa 08 08 b2 f4 73 56
INFO - a1 aa 48 10 47 a8 13 85
INFO - a1 aa 88 18 00 01 86 a0
INFO - a1 ac c8 08 b2 f4 74 26
INFO - a1 ac 08 10 47 a8 13 93
INFO - a1 ac 48 18 00 01 86 a0
INFO - a1 ae 88 08 b2 f4 74 f6
INFO - a1 ae c8 10 47 a8 13 a0
INFO - a1 ae 08 18 00 01 86 a0
INFO - a1 b0 48 08 b2 f4 75 c6
INFO - a1 b0 88 10 47 a8 13 b4
INFO - a1 b0 c8 18 00 01 86 a0
INFO - a1 b2 08 08 b2 f4 76 95
INFO - a1 b2 48 10 47 a8 13 c2
INFO - a1 b2 88 18 00 01 86 a0
INFO - a1 b4 c8 08 b2 f4 77 65
INFO - a1 b4 08 10 47 a8 13 cf
INFO - a1 b4 48 18 00 01 86 a0
INFO - a1 b6 88 08 b2 f4 78 2e
INFO - a1 b6 c8 10 47 a8 13 dd
INFO - a1 b6 08 18 00 01 86 a0
INFO - a1 b8 48 08 b2 f4 78 fe
INFO - a1 b8 88 10 47 a8 13 ea
INFO - a1 b8 c8 18 00 01 86 a0
INFO - a1 ba 08 08 b2 f4 79 ce
INFO - a1 ba 48 10 47 a8 13 fe
INFO - a1 ba 88 18 00 01 86 a0
INFO - a1 bc c8 08 b2 f4 7a 9e
INFO - a1 bc 08 10 47 a8 14 0b
INFO - a1 bc 48 18 00 01 86 a0
INFO - a1 be 88 08 b2 f4 7b 6e
INFO - a1 be c8 10 47 a8 14 19
INFO - a1 be 08 18 00 01 86 a0
INFO - a1 c0 48 08 b2 f4 7c 3e
INFO - a1 c0 88 10 47 a8 14 26
INFO - a1 c0 c8 18 00 01 86 a0
INFO - a1 c2 08 08 b2 f4 7d 0e
INFO - a1 c2 48 10 47 a8 14 34
INFO - a1 c2 88 18 00 01 86 a0
INFO - a1 c4 c8 08 b2 f4 7d de
INFO - a1 c4 08 10 47 a8 14 41
INFO - a1 c4 48 18 00 01 86 a0
INFO - a1 c6 88 08 b2 f4 7e ad
INFO - a1 c6 c8 10 47 a8 14 55
INFO - a1 c6 08 18 00 01 86 a0
INFO - a1 c8 48 08 b2 f4 7f 77
INFO - a1 c8 88 10 47 a8 14 63
INFO - a1 c8 c8 18 00 01 86 a0
INFO - a1 ca 08 08 b2 f4 80 46
INFO - a1 ca 48 10 47 a8 14 70
INFO - a1 ca 88 18 00 01 86 a0
INFO - a1 cc c8 08 b2 f4 81 16
INFO - a1 cc 08 10 47 a8 14 7d
INFO - a1 cc 48 18 00 01 86 a0
INFO - a1 ce 88 08 b2 f4 81 e6
INFO - a1 ce c8 10 47 a8 14 8b
INFO - a1 ce 08 18 00 01 86 a0
INFO - a1 d0 48 08 b2 f4 82 b6
INFO - a1 d0 88 10 47 a8 14 9f
INFO - a1 d0 c8 18 00 01 86 a0
INFO - a1 d2 08 08 b2 f4 83 7f
INFO - a1 d2 48 10 47 a8 14 ac
INFO - a1 d2 88 18 00 01 86 a0
INFO - a1 d4 c8 08 b2 f4 84 4f
INFO - a1 d4 08 10 47 a8 14 ba
INFO - a1 d4 48 18 00 01 86 a0
INFO - a1 d6 88 08 b2 f4 85 1f
INFO - a1 d6 c8 10 47 a8 14 ce
INFO - a1 d6 08 18 00 01 86 a0
INFO - a1 d8 48 08 b2 f4 85 e8
INFO - a1 d8 88 10 47 a8 14 db
INFO - a1 d8 c8 18 00 01 86 a0
INFO - a1 da 08 08 b2 f4 86 b8
INFO - a1 da 48 10 47 a8 14 ef
INFO - a1 da 88 18 00 01 86 a0
INFO - a1 dc c8 08 b2 f4 87 88
INFO - a1 dc 08 10 47 a8 15 04
INFO - a1 dc 48 18 00 01 86 a0
INFO - a1 de 88 08 b2 f4 88 51
INFO - a1 de c8 10 47 a8 15 11
INFO - a1 de 08 18 00 01 86 a0
INFO - a1 e0 48 08 b2 f4 89 21
INFO - a1 e0 88 10 47 a8 15 25
INFO - a1 e0 c8 18 00 01 86 a0
INFO - a1 e2 08 08 b2 f4 89 f1
INFO - a1 e2 48 10 47 a8 15 39
INFO - a1 e2 88 18 00 01 86 a0
INFO - a1 e4 c8 08 b2 f4 8a ba
INFO - a1 e4 08 10 47 a8 15 4d
INFO - a1 e4 48 18 00 01 86 a0
INFO - a1 e6 88 08 b2 f4 8b 8a
INFO - a1 e6 c8 10 47 a8 15 5b
INFO - a1 e6 08 18 00 01 86 a0
INFO - a1 e8 48 08 b2 f4 8c 5a
INFO - a1 e8 88 10 47 a8 15 6f
INFO - a1 e8 c8 18 00 01 86 a0
INFO - a1 ea 08 08 b2 f4 8d 2a
INFO - a1 ea 48 10 47 a8 15 83
INFO - a1 ea 88 18 00 01 86 a0
INFO - a1 ec c8 08 b2 f4 8d f9
INFO - a1 ec 08 10 47 a8 15 97
INFO - a1 ec 48 18 00 01 86 a0
INFO - a1 ee 88 08 b2 f4 8e c9
INFO - a1 ee c8 10 47 a8 15 a5
INFO - a1 ee 08 18 00 01 86 a0
INFO - a1 f0 48 08 b2 f4 8f 92
INFO - a1 f0 88 10 47 a8 15 b9
INFO - a1 f0 c8 18 00 01 86 a0
INFO - a1 f2 08 08 b2 f4 90 62
INFO - a1 f2 48 10 47 a8 15 cd
INFO - a1 f2 88 18 00 01 86 a0
INFO - a1 f4 c8 08 b2 f4 91 32
INFO - a1 f4 08 10 47 a8 15 e1
INFO - a1 f4 48 18 00 01 86 a0
INFO - a1 f6 88 08 b2 f4 92 02
INFO - a1 f6 c8 10 47 a8 15 ee
INFO - a1 f6 08 18 00 01 86 a0
INFO - a1 f8 48 08 b2 f4 92 d2
INFO - a1 f8 88 10 47 a8 16 02
INFO - a1 f8 c8 18 00 01 86 a0
INFO - a1 fa 08 08 b2 f4 93 9b
INFO - a1 fa 48 10 47 a8 16 16
INFO - a1 fa 88 18 00 01 86 a0
INFO - a1 fc c8 08 b2 f4 94 6b
INFO - a1 fc 08 10 47 a8 16 2b
INFO - a1 fc 48 18 00 01 86 a0
INFO - a1 fe 88 08 b2 f4 95 3b
INFO - a1 fe c8 10 47 a8 16 38
INFO - a1 fe 08 18 00 01 86 a0
INFO - a2 00 48 08 b2 f4 96 0b
INFO - a2 00 88 10 47 a8 16 4c
INFO - a2 00 c8 18 00 01 86 a0
INFO - a2 02 08 08 b2 f4 96 db
INFO - a2 02 48 10 47 a8 16 60
INFO - a2 02 88 18 00 01 86 a0
INFO - a2 04 c8 08 b2 f4 97 a4
INFO - a2 04 08 10 47 a8 16 74
INFO - a2 04 48 18 00 01 86 a0
INFO - a2 06 88 08 b2 f4 98 74
INFO - a2 06 c8 10 47 a8 16 82
INFO - a2 06 08 18 00 01 86 a0
INFO - a2 08 48 08 b2 f4 99 43
INFO - a2 08 88 10 47 a8 16 96
INFO - a2 08 c8 18 00 01 86 a0
INFO - a2 0a 08 08 b2 f4 9a 13
INFO - a2 0a 48 10 47 a8 16 aa
INFO - a2 0a 88 18 00 01 86 a0
INFO - a2 0c c8 08 b2 f4 9a dd
INFO - a2 0c 08 10 47 a8 16 b7
INFO - a2 0c 48 18 00 01 86 a0
INFO - a2 0e 88 08 b2 f4 9b ac
INFO - a2 0e c8 10 47 a8 16 cc
INFO - a2 0e 08 18 00 01 86 a0
INFO - a2 10 48 08 b2 f4 9c 7c
INFO - a2 10 88 10 47 a8 16 e0
INFO - a2 10 c8 18 00 01 86 a0
INFO - a2 11 08 08 b2 f4 9d 45
INFO - a2 11 48 10 47 a8 16 f4
INFO - a2 11 88 18 00 01 86 a0
INFO - a2 13 c8 08 b2 f4 9e 15
INFO - a2 13 08 10 47 a8 17 01
INFO - a2 13 48 18 00 01 86 a0
INFO - a2 16 88 08 b2 f4 9e e5
INFO - a2 16 c8 10 47 a8 17 15
INFO - a2 16 08 18 00 01 86 a0
INFO - a2 18 48 08 b2 f4 9f b5
INFO - a2 18 88 10 47 a8 17 29
INFO - a2 18 c8 18 00 01 86 a0
INFO - a2 1a 08 08 b2 f4 a0 85
INFO - a2 1a 48 10 47 a8 17 3e
INFO - a2 1a 88 18 00 01 86 a0
INFO - a2 1c c8 08 b2 f4 a1 55
INFO - a2 1c 08 10 47 a8 17 4b
INFO - a2 1c 48 18 00 01 86 a0
INFO - a2 1d 88 08 b2 f4 a2 1e
INFO - a2 1d c8 10 47 a8 17 5f
INFO - a2 1d 08 18 00 01 86 a0
INFO - a2 20 48 08 b2 f4 a2 ee
INFO - a2 20 88 10 47 a8 17 73
INFO - a2 20 c8 18 00 01 86 a0
INFO - a2 22 08 08 b2 f4 a3 be
INFO - a2 22 48 10 47 a8 17 87
INFO - a2 22 88 18 00 01 86 a0
INFO - a2 23 c8 08 b2 f4 a4 87
INFO - a2 23 08 10 47 a8 17 95
INFO - a2 23 48 18 00 01 86 a0
INFO - a2 25 88 08 b2 f4 a5 57
INFO - a2 25 c8 10 47 a8 17 a9
INFO - a2 25 08 18 00 01 86 a0
INFO - a2 27 48 08 b2 f4 a6 27
INFO - a2 27 88 10 47 a8 17 bd
INFO - a2 27 c8 18 00 01 86 a0
INFO - a2 29 08 08 b2 f4 a6 f6
INFO - a2 29 48 10 47 a8 17 ca
INFO - a2 29 88 18 00 01 86 a0
INFO - a2 2b c8 08 b2 f4 a7 c0
INFO - a2 2b 08 10 47 a8 17 de
INFO - a2 2b 48 18 00 01 86 a0
INFO - a2 2d 88 08 b2 f4 a8 90
INFO - a2 2d c8 10 47 a8 17 f3
INFO - a2 2d 08 18 00 01 86 a0
INFO - a2 2f 48 08 b2 f4 a9 5f
INFO - a2 2f 88 10 47 a8 18 07
INFO - a2 2f c8 18 00 01 86 a0
INFO - a2 31 08 08 b2 f4 aa 29
INFO - a2 31 48 10 47 a8 18 1b
INFO - a2 31 88 18 00 01 86 a0
INFO - a2 33 c8 08 b2 f4 aa f8
INFO - a2 33 08 10 47 a8 18 2f
INFO - a2 33 48 18 00 01 86 a0
INFO - a2 35 88 08 b2 f4 ab c8
INFO - a2 35 c8 10 47 a8 18 43
INFO - a2 35 08 18 00 01 86 a0
INFO - a2 37 48 08 b2 f4 ac 91
INFO - a2 37 88 10 47 a8 18 57
INFO - a2 37 c8 18 00 01 86 a0
INFO - a2 39 08 08 b2 f4 ad 61
INFO - a2 39 48 10 47 a8 18 6b
INFO - a2 39 88 18 00 01 86 a0
INFO - a2 3b c8 08 b2 f4 ae 31
INFO - a2 3b 08 10 47 a8 18 86
INFO - a2 3b 48 18 00 01 86 a0
INFO - a2 3d 88 08 b2 f4 af 01
INFO - a2 3d c8 10 47 a8 18 9a
INFO - a2 3d 08 18 00 01 86 a0
INFO - a2 3f 48 08 b2 f4 af ca
INFO - a2 3f 88 10 47 a8 18 ae
INFO - a2 3f c8 18 00 01 86 a0
INFO - a2 41 08 08 b2 f4 b0 9a
INFO - a2 41 48 10 47 a8 18 c2
INFO - a2 41 88 18 00 01 86 a0
INFO - a2 43 c8 08 b2 f4 b1 6a
INFO - a2 43 08 10 47 a8 18 d7
INFO - a2 43 48 18 00 01 86 a0
INFO - a2 45 88 08 b2 f4 b2 3a
INFO - a2 45 c8 10 47 a8 18 eb
INFO - a2 45 08 18 00 01 86 a0
INFO - a2 47 48 08 b2 f4 b3 03
INFO - a2 47 88 10 47 a8 18 ff
INFO - a2 47 c8 18 00 01 86 a0
INFO - a2 49 08 08 b2 f4 b3 d3
INFO - a2 49 48 10 47 a8 19 13
INFO - a2 49 88 18 00 01 86 a0
INFO - a2 4b c8 08 b2 f4 b4 a3
INFO - a2 4b 08 10 47 a8 19 27
INFO - a2 4b 48 18 00 01 86 a0
INFO - a2 4d 88 08 b2 f4 b5 73
INFO - a2 4d c8 10 47 a8 19 42
INFO - a2 4d 08 18 00 01 86 a0
INFO - a2 4f 48 08 b2 f4 b6 3c
INFO - a2 4f 88 10 47 a8 19 56
INFO - a2 4f c8 18 00 01 86 a0
INFO - a2 51 08 08 b2 f4 b7 0c
INFO - a2 51 48 10 47 a8 19 6a
INFO - a2 51 88 18 00 01 86 a0
INFO - a2 53 c8 08 b2 f4 b7 dc
INFO - a2 53 08 10 47 a8 19 7e
INFO - a2 53 48 18 00 01 86 a0
INFO - a2 55 88 08 b2 f4 b8 ab
INFO - a2 55 c8 10 47 a8 19 92
INFO - a2 55 08 18 00 01 86 a0
INFO - a2 57 48 08 b2 f4 b9 7b
INFO - a2 57 88 10 47 a8 19 ad
INFO - a2 57 c8 18 00 01 86 a0
INFO - a2 59 08 08 b2 f4 ba 44
INFO - a2 59 48 10 47 a8 19 c1
INFO - a2 59 88 18 00 01 86 a0
INFO - a2 5b c8 08 b2 f4 bb 14
INFO - a2 5b 08 10 47 a8 19 d5
INFO - a2 5b 48 18 00 01 86 a0
INFO - a2 5c 88 08 b2 f4 bb 57
INFO - a2 5c c8 10 47 a8 19 dc
INFO - a2 5c 08 18 00 01 86 a0
INFO - a2 5c 48 08 b2 f4 bb 57
INFO - a2 5c 88 10 47 a8 19 dc
INFO - a2 5c c8 18 00 01 86 a0
INFO - a2 5e 08 08 b2 f4 bc 21
INFO - a2 5e 48 10 47 a8 19 f7
INFO - a2 5e 88 18 00 01 86 a0
INFO - a2 60 c8 08 b2 f4 bc f0
INFO - a2 60 08 10 47 a8 1a 0b
INFO - a2 60 48 18 00 01 86 a0
INFO - a2 62 88 08 b2 f4 bd c0
INFO - a2 62 c8 10 47 a8 1a 26
INFO - a2 62 08 18 00 01 86 a0
INFO - a2 64 48 08 b2 f4 be 89
INFO - a2 64 88 10 47 a8 1a 3a
INFO - a2 64 c8 18 00 01 86 a0
INFO - a2 66 08 08 b2 f4 bf 59
INFO - a2 66 48 10 47 a8 1a 4e
INFO - a2 66 88 18 00 01 86 a0
INFO - a2 68 c8 08 b2 f4 c0 29
INFO - a2 68 08 10 47 a8 1a 69
INFO - a2 68 48 18 00 01 86 a0
INFO - a2 6a 88 08 b2 f4 c0 f9
INFO - a2 6a c8 10 47 a8 1a 7d
INFO - a2 6a 08 18 00 01 86 a0
INFO - a2 6c 48 08 b2 f4 c1 c2
INFO - a2 6c 88 10 47 a8 1a 98
INFO - a2 6c c8 18 00 01 86 a0
INFO - a2 6e 08 08 b2 f4 c2 92
INFO - a2 6e 48 10 47 a8 1a ac
INFO - a2 6e 88 18 00 01 86 a0
INFO - a2 70 c8 08 b2 f4 c3 62
INFO - a2 70 08 10 47 a8 1a c7
INFO - a2 70 48 18 00 01 86 a0
INFO - a2 72 88 08 b2 f4 c4 2b
INFO - a2 72 c8 10 47 a8 1a db
INFO - a2 72 08 18 00 01 86 a0
INFO - a2 74 48 08 b2 f4 c4 fb
INFO - a2 74 88 10 47 a8 1a f6
INFO - a2 74 c8 18 00 01 86 a0
INFO - a2 76 08 08 b2 f4 c5 cb
INFO - a2 76 48 10 47 a8 1b 0a
INFO - a2 76 88 18 00 01 86 a0
INFO - a2 78 c8 08 b2 f4 c6 9b
INFO - a2 78 08 10 47 a8 1b 1e
INFO - a2 78 48 18 00 01 86 a0
INFO - a2 7a 88 08 b2 f4 c7 64
INFO - a2 7a c8 10 47 a8 1b 39
INFO - a2 7a 08 18 00 01 86 a0
INFO - a2 7c 48 08 b2 f4 c8 34
INFO - a2 7c 88 10 47 a8 1b 4d
INFO - a2 7c c8 18 00 01 86 a0
INFO - a2 7e 08 08 b2 f4 c8 fd
INFO - a2 7e 48 10 47 a8 1b 68
INFO - a2 7e 88 18 00 01 86 a0
INFO - a2 80 c8 08 b2 f4 c9 cd
INFO - a2 80 08 10 47 a8 1b 7c
INFO - a2 80 48 18 00 01 86 a0
INFO - a2 82 88 08 b2 f4 ca 9d
INFO - a2 82 c8 10 47 a8 1b 97
INFO - a2 82 08 18 00 01 86 a0
INFO - a2 84 48 08 b2 f4 cb 66
INFO - a2 84 88 10 47 a8 1b ab
INFO - a2 84 c8 18 00 01 86 a0
INFO - a2 86 08 08 b2 f4 cc 36
INFO - a2 86 48 10 47 a8 1b bf
INFO - a2 86 88 18 00 01 86 a0
INFO - a2 88 c8 08 b2 f4 cd 06
INFO - a2 88 08 10 47 a8 1b da
INFO - a2 88 48 18 00 01 86 a0
INFO - a2 8a 88 08 b2 f4 cd cf
INFO - a2 8a c8 10 47 a8 1b ee
INFO - a2 8a 08 18 00 01 86 a0
INFO - a2 8c 48 08 b2 f4 ce 9f
INFO - a2 8c 88 10 47 a8 1c 09
INFO - a2 8c c8 18 00 01 86 a0
INFO - a2 8e 08 08 b2 f4 cf 6f
INFO - a2 8e 48 10 47 a8 1c 23
INFO - a2 8e 88 18 00 01 86 a0
INFO - a2 90 c8 08 b2 f4 d0 3e
INFO - a2 90 08 10 47 a8 1c 38
INFO - a2 90 48 18 00 01 86 a0
INFO - a2 92 88 08 b2 f4 d1 08
INFO - a2 92 c8 10 47 a8 1c 52
INFO - a2 92 08 18 00 01 86 a0
INFO - a2 94 48 08 b2 f4 d1 d7
INFO - a2 94 88 10 47 a8 1c 67
INFO - a2 94 c8 18 00 01 86 a0
INFO - a2 96 08 08 b2 f4 d2 a1
INFO - a2 96 48 10 47 a8 1c 81
INFO - a2 96 88 18 00 01 86 a0
INFO - a2 98 c8 08 b2 f4 d3 70
INFO - a2 98 08 10 47 a8 1c 9c
INFO - a2 98 48 18 00 01 86 a0
INFO - a2 9a 88 08 b2 f4 d4 40
INFO - a2 9a c8 10 47 a8 1c b0
INFO - a2 9a 08 18 00 01 86 a0
INFO - a2 9c 48 08 b2 f4 d5 0a
INFO - a2 9c 88 10 47 a8 1c cb
INFO - a2 9c c8 18 00 01 86 a0
INFO - a2 9e 08 08 b2 f4 d5 d9
INFO - a2 9e 48 10 47 a8 1c e6
INFO - a2 9e 88 18 00 01 86 a0
INFO - a2 a0 c8 08 b2 f4 d6 a9
INFO - a2 a0 08 10 47 a8 1c fa
INFO - a2 a0 48 18 00 01 86 a0
INFO - a2 a2 88 08 b2 f4 d7 79
INFO - a2 a2 c8 10 47 a8 1d 15
INFO - a2 a2 08 18 00 01 86 a0
INFO - a2 a4 48 08 b2 f4 d8 42
INFO - a2 a4 88 10 47 a8 1d 29
INFO - a2 a4 c8 18 00 01 86 a0
INFO - a2 a6 08 08 b2 f4 d9 12
INFO - a2 a6 48 10 47 a8 1d 44
INFO - a2 a6 88 18 00 01 86 a0
INFO - a2 a8 c8 08 b2 f4 d9 e2
INFO - a2 a8 08 10 47 a8 1d 5f
INFO - a2 a8 48 18 00 01 86 a0
INFO - a2 aa 88 08 b2 f4 da ab
INFO - a2 aa c8 10 47 a8 1d 79
INFO - a2 aa 08 18 00 01 86 a0
INFO - a2 ac 48 08 b2 f4 db 7b
INFO - a2 ac 88 10 47 a8 1d 8e
INFO - a2 ac c8 18 00 01 86 a0
INFO - a2 ae 08 08 b2 f4 dc 44
INFO - a2 ae 48 10 47 a8 1d a8
INFO - a2 ae 88 18 00 01 86 a0
INFO - a2 b0 c8 08 b2 f4 dd 14
INFO - a2 b0 08 10 47 a8 1d c3
INFO - a2 b0 48 18 00 01 86 a0
INFO - a2 b2 88 08 b2 f4 dd dd
INFO - a2 b2 c8 10 47 a8 1d d7
INFO - a2 b2 08 18 00 01 86 a0
INFO - a2 b4 48 08 b2 f4 de ad
INFO - a2 b4 88 10 47 a8 1d f2
INFO - a2 b4 c8 18 00 01 86 a0
INFO - a2 b6 08 08 b2 f4 df 7d
INFO - a2 b6 48 10 47 a8 1e 0d
INFO - a2 b6 88 18 00 01 86 a0
INFO - a2 b8 c8 08 b2 f4 e0 46
INFO - a2 b8 08 10 47 a8 1e 21
INFO - a2 b8 48 18 00 01 86 a0
INFO - a2 ba 88 08 b2 f4 e1 16
INFO - a2 ba c8 10 47 a8 1e 3c
INFO - a2 ba 08 18 00 01 86 a0
INFO - a2 bc 48 08 b2 f4 e1 e6
INFO - a2 bc 88 10 47 a8 1e 57
INFO - a2 bc c8 18 00 01 86 a0
INFO - a2 be 08 08 b2 f4 e2 af
INFO - a2 be 48 10 47 a8 1e 72
INFO - a2 be 88 18 00 01 86 a0
INFO - a2 c0 c8 08 b2 f4 e3 7f
INFO - a2 c0 08 10 47 a8 1e 86
INFO - a2 c0 48 18 00 01 86 a0
INFO - a2 c2 88 08 b2 f4 e4 48
INFO - a2 c2 c8 10 47 a8 1e a0
INFO - a2 c2 08 18 00 01 86 a0
INFO - a2 c4 48 08 b2 f4 e5 18
INFO - a2 c4 88 10 47 a8 1e bb
INFO - a2 c4 c8 18 00 01 86 a0
INFO - a2 c6 08 08 b2 f4 e5 e8
INFO - a2 c6 48 10 47 a8 1e d6
INFO - a2 c6 88 18 00 01 86 a0
INFO - a2 c8 c8 08 b2 f4 e6 b1
INFO - a2 c8 08 10 47 a8 1e f1
INFO - a2 c8 48 18 00 01 86 a0
INFO - a2 ca 88 08 b2 f4 e7 81
INFO - a2 ca c8 10 47 a8 1f 0c
INFO - a2 ca 08 18 00 01 86 a0
INFO - a2 cc 48 08 b2 f4 e8 4a
INFO - a2 cc 88 10 47 a8 1f 27
INFO - a2 cc c8 18 00 01 86 a0
INFO - a2 ce 08 08 b2 f4 e9 1a
INFO - a2 ce 48 10 47 a8 1f 41
INFO - a2 ce 88 18 00 01 86 a0
INFO - a2 d0 c8 08 b2 f4 e9 ea
INFO - a2 d0 08 10 47 a8 1f 5c
INFO - a2 d0 48 18 00 01 86 a0
INFO - a2 d2 88 08 b2 f4 ea b3
INFO - a2 d2 c8 10 47 a8 1f 70
INFO - a2 d2 08 18 00 01 86 a0
INFO - a2 d4 48 08 b2 f4 eb 83
INFO - a2 d4 88 10 47 a8 1f 8b
INFO - a2 d4 c8 18 00 01 86 a0
INFO - a2 d6 08 08 b2 f4 ec 53
INFO - a2 d6 48 10 47 a8 1f a6
INFO - a2 d6 88 18 00 01 86 a0
INFO - a2 d8 c8 08 b2 f4 ed 1c
INFO - a2 d8 08 10 47 a8 1f c1
INFO - a2 d8 48 18 00 01 86 a0
INFO - a2 da 88 08 b2 f4 ed ec
INFO - a2 da c8 10 47 a8 1f dc
INFO - a2 da 08 18 00 01 86 a0
INFO - a2 dc 48 08 b2 f4 ee b5
INFO - a2 dc 88 10 47 a8 1f f6
INFO - a2 dc c8 18 00 01 86 a0
INFO - a2 de 08 08 b2 f4 ef 85
INFO - a2 de 48 10 47 a8 20 11
INFO - a2 de 88 18 00 01 86 a0
INFO - a2 e0 c8 08 b2 f4 f0 55
INFO - a2 e0 08 10 47 a8 20 2c
INFO - a2 e0 48 18 00 01 86 a0
INFO - a2 e2 88 08 b2 f4 f1 1e
INFO - a2 e2 c8 10 47 a8 20 47
INFO - a2 e2 08 18 00 01 86 a0
INFO - a2 e4 48 08 b2 f4 f1 ee
INFO - a2 e4 88 10 47 a8 20 62
INFO - a2 e4 c8 18 00 01 86 a0
INFO - a2 e6 08 08 b2 f4 f2 b7
INFO - a2 e6 48 10 47 a8 20 7d
INFO - a2 e6 88 18 00 01 86 a0
INFO - a2 e8 c8 08 b2 f4 f3 87
INFO - a2 e8 08 10 47 a8 20 97
INFO - a2 e8 48 18 00 01 86 a0
INFO - a2 ea 88 08 b2 f4 f4 57
INFO - a2 ea c8 10 47 a8 20 b2
INFO - a2 ea 08 18 00 01 86 a0
INFO - a2 ec 48 08 b2 f4 f5 20
INFO - a2 ec 88 10 47 a8 20 cd
INFO - a2 ec c8 18 00 01 86 a0
INFO - a2 ee 08 08 b2 f4 f5 f0
INFO - a2 ee 48 10 47 a8 20 e8
INFO - a2 ee 88 18 00 01 86 a0
INFO - a2 f0 c8 08 b2 f4 f6 c0
INFO - a2 f0 08 10 47 a8 21 03
INFO - a2 f0 48 18 00 01 86 a0
INFO - a2 f2 88 08 b2 f4 f7 89
INFO - a2 f2 c8 10 47 a8 21 1e
INFO - a2 f2 08 18 00 01 86 a0
INFO - a2 f4 48 08 b2 f4 f8 59
INFO - a2 f4 88 10 47 a8 21 38
INFO - a2 f4 c8 18 00 01 86 a0
INFO - a2 f6 08 08 b2 f4 f9 22
INFO - a2 f6 48 10 47 a8 21 53
INFO - a2 f6 88 18 00 01 86 a0
INFO - a2 f8 c8 08 b2 f4 f9 f2
INFO - a2 f8 08 10 47 a8 21 6e
INFO - a2 f8 48 18 00 01 86 a0
INFO - a2 fa 88 08 b2 f4 fa bb
INFO - a2 fa c8 10 47 a8 21 90
INFO - a2 fa 08 18 00 01 86 a0
INFO - a2 fc 48 08 b2 f4 fb 8b
INFO - a2 fc 88 10 47 a8 21 aa
INFO - a2 fc c8 18 00 01 86 a0
INFO - a2 fe 08 08 b2 f4 fc 5a
INFO - a2 fe 48 10 47 a8 21 c5
INFO - a2 fe 88 18 00 01 86 a0
INFO - a3 00 c8 08 b2 f4 fd 24
INFO - a3 00 08 10 47 a8 21 e0
INFO - a3 00 48 18 00 01 86 a0
INFO - a3 02 88 08 b2 f4 fd f4
INFO - a3 02 c8 10 47 a8 21 fb
INFO - a3 02 08 18 00 01 86 a0
INFO - a3 04 48 08 b2 f4 fe bd
INFO - a3 04 88 10 47 a8 22 1c
INFO - a3 04 c8 18 00 01 86 a0
INFO - a3 06 08 08 b2 f4 ff 8d
INFO - a3 06 48 10 47 a8 22 37
INFO - a3 06 88 18 00 01 86 a0
INFO - a3 08 c8 08 b2 f5 00 56
INFO - a3 08 08 10 47 a8 22 52
INFO - a3 08 48 18 00 01 86 a0
INFO - a3 0a 88 08 b2 f5 01 26
INFO - a3 0a c8 10 47 a8 22 6d
INFO - a3 0a 08 18 00 01 86 a0
INFO - a3 0c 48 08 b2 f5 01 ef
INFO - a3 0c 88 10 47 a8 22 8e
INFO - a3 0c c8 18 00 01 86 a0
INFO - a3 0e 08 08 b2 f5 02 bf
INFO - a3 0e 48 10 47 a8 22 a9
INFO - a3 0e 88 18 00 01 86 a0
INFO - a3 10 c8 08 b2 f5 03 88
INFO - a3 10 08 10 47 a8 22 c4
INFO - a3 10 48 18 00 01 86 a0
INFO - a3 12 88 08 b2 f5 04 58
INFO - a3 12 c8 10 47 a8 22 df
INFO - a3 12 08 18 00 01 86 a0
INFO - a3 14 48 08 b2 f5 05 21
INFO - a3 14 88 10 47 a8 23 00
INFO - a3 14 c8 18 00 01 86 a0
INFO - a3 16 08 08 b2 f5 05 f1
INFO - a3 16 48 10 47 a8 23 1b
INFO - a3 16 88 18 00 01 86 a0
INFO - a3 18 c8 08 b2 f5 06 ba
INFO - a3 18 08 10 47 a8 23 3d
INFO - a3 18 48 18 00 01 86 a0
INFO - a3 1a 88 08 b2 f5 07 8a
INFO - a3 1a c8 10 47 a8 23 57
INFO - a3 1a 08 18 00 01 86 a0
INFO - a3 1c 48 08 b2 f5 08 53
INFO - a3 1c 88 10 47 a8 23 72
INFO - a3 1c c8 18 00 01 86 a0
INFO - a3 1e 08 08 b2 f5 09 23
INFO - a3 1e 48 10 47 a8 23 94
INFO - a3 1e 88 18 00 01 86 a0
INFO - a3 20 c8 08 b2 f5 09 ec
INFO - a3 20 08 10 47 a8 23 af
INFO - a3 20 48 18 00 01 86 a0
INFO - a3 22 88 08 b2 f5 0a bc
INFO - a3 22 c8 10 47 a8 23 d0
INFO - a3 22 08 18 00 01 86 a0
INFO - a3 24 48 08 b2 f5 0b 8c
INFO - a3 24 88 10 47 a8 23 eb
INFO - a3 24 c8 18 00 01 86 a0
INFO - a3 26 08 08 b2 f5 0c 55
INFO - a3 26 48 10 47 a8 24 06
INFO - a3 26 88 18 00 01 86 a0
INFO - a3 28 c8 08 b2 f5 0d 25
INFO - a3 28 08 10 47 a8 24 27
INFO - a3 28 48 18 00 01 86 a0
INFO - a3 2a 88 08 b2 f5 0d ee
INFO - a3 2a c8 10 47 a8 24 42
INFO - a3 2a 08 18 00 01 86 a0
INFO - a3 2c 48 08 b2 f5 0e be
INFO - a3 2c 88 10 47 a8 24 64
INFO - a3 2c c8 18 00 01 86 a0
INFO - a3 2e 08 08 b2 f5 0f 8e
INFO - a3 2e 48 10 47 a8 24 7f
INFO - a3 2e 88 18 00 01 86 a0
INFO - a3 30 c8 08 b2 f5 10 57
INFO - a3 30 08 10 47 a8 24 99
INFO - a3 30 48 18 00 01 86 a0
INFO - a3 32 88 08 b2 f5 11 27
INFO - a3 32 c8 10 47 a8 24 bb
INFO - a3 32 08 18 00 01 86 a0
INFO - a3 34 48 08 b2 f5 11 f0
INFO - a3 34 88 10 47 a8 24 d6
INFO - a3 34 c8 18 00 01 86 a0
INFO - a3 36 08 08 b2 f5 12 c0
INFO - a3 36 48 10 47 a8 24 f1
INFO - a3 36 88 18 00 01 86 a0
INFO - a3 38 c8 08 b2 f5 13 89
INFO - a3 38 08 10 47 a8 25 12
INFO - a3 38 48 18 00 01 86 a0
INFO - a3 3a 88 08 b2 f5 14 59
INFO - a3 3a c8 10 47 a8 25 2d
INFO - a3 3a 08 18 00 01 86 a0
INFO - a3 3c 48 08 b2 f5 15 29
INFO - a3 3c 88 10 47 a8 25 4e
INFO - a3 3c c8 18 00 01 86 a0
INFO - a3 3e 08 08 b2 f5 15 f2
INFO - a3 3e 48 10 47 a8 25 69
INFO - a3 3e 88 18 00 01 86 a0
INFO - a3 40 c8 08 b2 f5 16 c2
INFO - a3 40 08 10 47 a8 25 8b
INFO - a3 40 48 18 00 01 86 a0
INFO - a3 42 88 08 b2 f5 17 8b
INFO - a3 42 c8 10 47 a8 25 a6
INFO - a3 42 08 18 00 01 86 a0
INFO - a3 44 48 08 b2 f5 18 5b
INFO - a3 44 88 10 47 a8 25 c7
INFO - a3 44 c8 18 00 01 86 a0
INFO - a3 46 08 08 b2 f5 19 24
INFO - a3 46 48 10 47 a8 25 e2
INFO - a3 46 88 18 00 01 86 a0
INFO - a3 48 c8 08 b2 f5 19 f4
INFO - a3 48 08 10 47 a8 26 03
INFO - a3 48 48 18 00 01 86 a0
INFO - a3 4a 88 08 b2 f5 1a bd
INFO - a3 4a c8 10 47 a8 26 25
INFO - a3 4a 08 18 00 01 86 a0
INFO - a3 4c 48 08 b2 f5 1b 8d
INFO - a3 4c 88 10 47 a8 26 40
INFO - a3 4c c8 18 00 01 86 a0
INFO - a3 4e 08 08 b2 f5 1c 56
INFO - a3 4e 48 10 47 a8 26 61
INFO - a3 4e 88 18 00 01 86 a0
INFO - a3 50 c8 08 b2 f5 1d 26
INFO - a3 50 08 10 47 a8 26 7c
INFO - a3 50 48 18 00 01 86 a0
INFO - a3 52 88 08 b2 f5 1d ef
INFO - a3 52 c8 10 47 a8 26 9e
INFO - a3 52 08 18 00 01 86 a0
INFO - a3 54 48 08 b2 f5 1e bf
INFO - a3 54 88 10 47 a8 26 b9
INFO - a3 54 c8 18 00 01 86 a0
INFO - a3 56 08 08 b2 f5 1f 88
INFO - a3 56 48 10 47 a8 26 da
INFO - a3 56 88 18 00 01 86 a0
INFO - a3 58 c8 08 b2 f5 20 58
INFO - a3 58 08 10 47 a8 26 fc
INFO - a3 58 48 18 00 01 86 a0
INFO - a3 5a 88 08 b2 f5 21 21
INFO - a3 5a c8 10 47 a8 27 16
INFO - a3 5a 08 18 00 01 86 a0
INFO - a3 5c 48 08 b2 f5 21 ea
INFO - a3 5c 88 10 47 a8 27 38
INFO - a3 5c c8 18 00 01 86 a0
INFO - a3 5e 08 08 b2 f5 22 ba
INFO - a3 5e 48 10 47 a8 27 53
INFO - a3 5e 88 18 00 01 86 a0
INFO - a3 60 c8 08 b2 f5 23 8a
INFO - a3 60 08 10 47 a8 27 74
INFO - a3 60 48 18 00 01 86 a0
INFO - a3 62 88 08 b2 f5 24 53
INFO - a3 62 c8 10 47 a8 27 96
INFO - a3 62 08 18 00 01 86 a0
INFO - a3 63 48 08 b2 f5 25 01
INFO - a3 63 88 10 47 a8 27 aa
INFO - a3 63 c8 18 00 01 86 a0
INFO - a3 63 08 08 b2 f5 25 01
INFO - a3 63 48 10 47 a8 27 aa
INFO - a3 63 88 18 00 01 86 a0
INFO - a3 66 c8 08 b2 f5 25 d1
INFO - a3 66 08 10 47 a8 27 cb
INFO - a3 66 48 18 00 01 86 a0
INFO - a3 67 88 08 b2 f5 26 9a
INFO - a3 67 c8 10 47 a8 27 ed
INFO - a3 67 08 18 00 01 86 a0
INFO - a3 6a 48 08 b2 f5 27 6a
INFO - a3 6a 88 10 47 a8 28 0e
INFO - a3 6a c8 18 00 01 86 a0
INFO - a3 6b 08 08 b2 f5 28 34
INFO - a3 6b 48 10 47 a8 28 30
INFO - a3 6b 88 18 00 01 86 a0
INFO - a3 6e c8 08 b2 f5 29 03
INFO - a3 6e 08 10 47 a8 28 4b
INFO - a3 6e 48 18 00 01 86 a0
INFO - a3 6f 88 08 b2 f5 29 cd
INFO - a3 6f c8 10 47 a8 28 6c
INFO - a3 6f 08 18 00 01 86 a0
INFO - a3 71 48 08 b2 f5 2a 96
INFO - a3 71 88 10 47 a8 28 8e
INFO - a3 71 c8 18 00 01 86 a0
INFO - a3 73 08 08 b2 f5 2b 66
INFO - a3 73 48 10 47 a8 28 af
INFO - a3 73 88 18 00 01 86 a0
INFO - a3 75 c8 08 b2 f5 2c 2f
INFO - a3 75 08 10 47 a8 28 d1
INFO - a3 75 48 18 00 01 86 a0
INFO - a3 78 88 08 b2 f5 2c ff
INFO - a3 78 c8 10 47 a8 28 f2
INFO - a3 78 08 18 00 01 86 a0
INFO - a3 79 48 08 b2 f5 2d c8
INFO - a3 79 88 10 47 a8 29 0d
INFO - a3 79 c8 18 00 01 86 a0
INFO - a3 7b 08 08 b2 f5 2e 98
INFO - a3 7b 48 10 47 a8 29 2f
INFO - a3 7b 88 18 00 01 86 a0
INFO - a3 7d c8 08 b2 f5 2f 61
INFO - a3 7d 08 10 47 a8 29 50
INFO - a3 7d 48 18 00 01 86 a0
INFO - a3 80 88 08 b2 f5 30 31
INFO - a3 80 c8 10 47 a8 29 72
INFO - a3 80 08 18 00 01 86 a0
INFO - a3 81 48 08 b2 f5 30 fa
INFO - a3 81 88 10 47 a8 29 93
INFO - a3 81 c8 18 00 01 86 a0
INFO - a3 84 08 08 b2 f5 31 ca
INFO - a3 84 48 10 47 a8 29 b5
INFO - a3 84 88 18 00 01 86 a0
INFO - a3 85 c8 08 b2 f5 32 93
INFO - a3 85 08 10 47 a8 29 d6
INFO - a3 85 48 18 00 01 86 a0
INFO - a3 88 88 08 b2 f5 33 63
INFO - a3 88 c8 10 47 a8 29 f1
INFO - a3 88 08 18 00 01 86 a0
INFO - a3 89 48 08 b2 f5 34 2c
INFO - a3 89 88 10 47 a8 2a 13
INFO - a3 89 c8 18 00 01 86 a0
INFO - a3 8c 08 08 b2 f5 34 fc
INFO - a3 8c 48 10 47 a8 2a 34
INFO - a3 8c 88 18 00 01 86 a0
INFO - a3 8d c8 08 b2 f5 35 c5
INFO - a3 8d 08 10 47 a8 2a 56
INFO - a3 8d 48 18 00 01 86 a0
INFO - a3 8f 88 08 b2 f5 36 8e
INFO - a3 8f c8 10 47 a8 2a 77
INFO - a3 8f 08 18 00 01 86 a0
INFO - a3 91 48 08 b2 f5 37 5e
INFO - a3 91 88 10 47 a8 2a 99
INFO - a3 91 c8 18 00 01 86 a0
INFO - a3 93 08 08 b2 f5 38 27
INFO - a3 93 48 10 47 a8 2a ba
INFO - a3 93 88 18 00 01 86 a0
INFO - a3 96 c8 08 b2 f5 38 f7
INFO - a3 96 08 10 47 a8 2a dc
INFO - a3 96 48 18 00 01 86 a0
INFO - a3 97 88 08 b2 f5 39 c0
INFO - a3 97 c8 10 47 a8 2a fe
INFO - a3 97 08 18 00 01 86 a0
INFO - a3 99 48 08 b2 f5 3a 89
INFO - a3 99 88 10 47 a8 2b 1f
INFO - a3 99 c8 18 00 01 86 a0
INFO - a3 9b 08 08 b2 f5 3b 59
INFO - a3 9b 48 10 47 a8 2b 41
INFO - a3 9b 88 18 00 01 86 a0
INFO - a3 9d c8 08 b2 f5 3c 22
INFO - a3 9d 08 10 47 a8 2b 62
INFO - a3 9d 48 18 00 01 86 a0
INFO - a3 9f 88 08 b2 f5 3c f2
INFO - a3 9f c8 10 47 a8 2b 84
INFO - a3 9f 08 18 00 01 86 a0
INFO - a3 a1 48 08 b2 f5 3d bb
INFO - a3 a1 88 10 47 a8 2b a5
INFO - a3 a1 c8 18 00 01 86 a0
INFO - a3 a3 08 08 b2 f5 3e 85
INFO - a3 a3 48 10 47 a8 2b c7
INFO - a3 a3 88 18 00 01 86 a0
INFO - a3 a5 c8 08 b2 f5 3f 55
INFO - a3 a5 08 10 47 a8 2b e8
INFO - a3 a5 48 18 00 01 86 a0
INFO - a3 a7 88 08 b2 f5 40 1e
INFO - a3 a7 c8 10 47 a8 2c 0a
INFO - a3 a7 08 18 00 01 86 a0
INFO - a3 a9 48 08 b2 f5 40 ee
INFO - a3 a9 88 10 47 a8 2c 32
INFO - a3 a9 c8 18 00 01 86 a0
INFO - a3 ab 08 08 b2 f5 41 b7
INFO - a3 ab 48 10 47 a8 2c 53
INFO - a3 ab 88 18 00 01 86 a0
INFO - a3 ad c8 08 b2 f5 42 80
INFO - a3 ad 08 10 47 a8 2c 75
INFO - a3 ad 48 18 00 01 86 a0
INFO - a3 af 88 08 b2 f5 43 50
INFO - a3 af c8 10 47 a8 2c 97
INFO - a3 af 08 18 00 01 86 a0
INFO - a3 b1 48 08 b2 f5 44 19
INFO - a3 b1 88 10 47 a8 2c b8
INFO - a3 b1 c8 18 00 01 86 a0
INFO - a3 b3 08 08 b2 f5 44 e2
INFO - a3 b3 48 10 47 a8 2c da
INFO - a3 b3 88 18 00 01 86 a0
INFO - a3 b5 c8 08 b2 f5 45 ab
INFO - a3 b5 08 10 47 a8 2d 02
INFO - a3 b5 48 18 00 01 86 a0
INFO - a3 b7 88 08 b2 f5 46 7b
INFO - a3 b7 c8 10 47 a8 2d 23
INFO - a3 b7 08 18 00 01 86 a0
INFO - a3 b9 48 08 b2 f5 47 44
INFO - a3 b9 88 10 47 a8 2d 45
INFO - a3 b9 c8 18 00 01 86 a0
INFO - a3 bb 08 08 b2 f5 48 0d
INFO - a3 bb 48 10 47 a8 2d 66
INFO - a3 bb 88 18 00 01 86 a0
INFO - a3 bd c8 08 b2 f5 48 dd
INFO - a3 bd 08 10 47 a8 2d 88
INFO - a3 bd 48 18 00 01 86 a0
INFO - a3 bf 88 08 b2 f5 49 a6
INFO - a3 bf c8 10 47 a8 2d b0
INFO - a3 bf 08 18 00 01 86 a0
INFO - a3 c1 48 08 b2 f5 4a 76
INFO - a3 c1 88 10 47 a8 2d d2
INFO - a3 c1 c8 18 00 01 86 a0
INFO - a3 c3 08 08 b2 f5 4b 40
INFO - a3 c3 48 10 47 a8 2d f3
INFO - a3 c3 88 18 00 01 86 a0
INFO - a3 c5 c8 08 b2 f5 4c 09
INFO - a3 c5 08 10 47 a8 2e 15
INFO - a3 c5 48 18 00 01 86 a0
INFO - a3 c7 88 08 b2 f5 4c d9
INFO - a3 c7 c8 10 47 a8 2e 36
INFO - a3 c7 08 18 00 01 86 a0
INFO - a3 c9 48 08 b2 f5 4d a2
INFO - a3 c9 88 10 47 a8 2e 5f
INFO - a3 c9 c8 18 00 01 86 a0
INFO - a3 cb 08 08 b2 f5 4e 6b
INFO - a3 cb 48 10 47 a8 2e 80
INFO - a3 cb 88 18 00 01 86 a0
INFO - a3 cd c8 08 b2 f5 4f 3b
INFO - a3 cd 08 10 47 a8 2e a2
INFO - a3 cd 48 18 00 01 86 a0
INFO - a3 cf 88 08 b2 f5 50 04
INFO - a3 cf c8 10 47 a8 2e c3
INFO - a3 cf 08 18 00 01 86 a0
INFO - a3 d1 48 08 b2 f5 50 cd
INFO - a3 d1 88 10 47 a8 2e e5
INFO - a3 d1 c8 18 00 01 86 a0
INFO - a3 d3 08 08 b2 f5 51 9d
INFO - a3 d3 48 10 47 a8 2f 06
INFO - a3 d3 88 18 00 01 86 a0
INFO - a3 d5 c8 08 b2 f5 52 66
INFO - a3 d5 08 10 47 a8 2f 2e
INFO - a3 d5 48 18 00 01 86 a0
INFO - a3 d7 88 08 b2 f5 53 2f
INFO - a3 d7 c8 10 47 a8 2f 50
INFO - a3 d7 08 18 00 01 86 a0
INFO - a3 d9 48 08 b2 f5 53 f8
INFO - a3 d9 88 10 47 a8 2f 78
INFO - a3 d9 c8 18 00 01 86 a0
INFO - a3 db 08 08 b2 f5 54 c8
INFO - a3 db 48 10 47 a8 2f 9a
INFO - a3 db 88 18 00 01 86 a0
INFO - a3 dd c8 08 b2 f5 55 92
INFO - a3 dd 08 10 47 a8 2f c2
INFO - a3 dd 48 18 00 01 86 a0
INFO - a3 df 88 08 b2 f5 56 5b
INFO - a3 df c8 10 47 a8 2f e3
INFO - a3 df 08 18 00 01 86 a0
INFO - a3 e1 48 08 b2 f5 57 24
INFO - a3 e1 88 10 47 a8 30 05
INFO - a3 e1 c8 18 00 01 86 a0
INFO - a3 e3 08 08 b2 f5 57 ed
INFO - a3 e3 48 10 47 a8 30 2d
INFO - a3 e3 88 18 00 01 86 a0
INFO - a3 e5 c8 08 b2 f5 58 bd
INFO - a3 e5 08 10 47 a8 30 4f
INFO - a3 e5 48 18 00 01 86 a0
INFO - a3 e7 88 08 b2 f5 59 86
INFO - a3 e7 c8 10 47 a8 30 77
INFO - a3 e7 08 18 00 01 86 a0
INFO - a3 e9 48 08 b2 f5 5a 4f
INFO - a3 e9 88 10 47 a8 30 98
INFO - a3 e9 c8 18 00 01 86 a0
INFO - a3 eb 08 08 b2 f5 5b 18
INFO - a3 eb 48 10 47 a8 30 c1
INFO - a3 eb 88 18 00 01 86 a0
INFO - a3 ed c8 08 b2 f5 5b e8
INFO - a3 ed 08 10 47 a8 30 e2
INFO - a3 ed 48 18 00 01 86 a0
INFO - a3 ef 88 08 b2 f5 5c b1
INFO - a3 ef c8 10 47 a8 31 04
INFO - a3 ef 08 18 00 01 86 a0
INFO - a3 f1 48 08 b2 f5 5d 7b
INFO - a3 f1 88 10 47 a8 31 2c
INFO - a3 f1 c8 18 00 01 86 a0
INFO - a3 f3 08 08 b2 f5 5e 4a
INFO - a3 f3 48 10 47 a8 31 4e
INFO - a3 f3 88 18 00 01 86 a0
INFO - a3 f5 c8 08 b2 f5 5f 14
INFO - a3 f5 08 10 47 a8 31 76
INFO - a3 f5 48 18 00 01 86 a0
INFO - a3 f7 88 08 b2 f5 5f dd
INFO - a3 f7 c8 10 47 a8 31 97
INFO - a3 f7 08 18 00 01 86 a0
INFO - a3 f9 48 08 b2 f5 60 ad
INFO - a3 f9 88 10 47 a8 31 c0
INFO - a3 f9 c8 18 00 01 86 a0
INFO - a3 fb 08 08 b2 f5 61 76
INFO - a3 fb 48 10 47 a8 31 e1
INFO - a3 fb 88 18 00 01 86 a0
INFO - a3 fd c8 08 b2 f5 62 3f
INFO - a3 fd 08 10 47 a8 32 09
INFO - a3 fd 48 18 00 01 86 a0
INFO - a3 ff 88 08 b2 f5 63 0f
INFO - a3 ff c8 10 47 a8 32 2b
INFO - a3 ff 08 18 00 01 86 a0
INFO - a4 01 48 08 b2 f5 63 d8
INFO - a4 01 88 10 47 a8 32 53
INFO - a4 01 c8 18 00 01 86 a0
INFO - a4 03 08 08 b2 f5 64 a1
INFO - a4 03 48 10 47 a8 32 75
INFO - a4 03 88 18 00 01 86 a0
INFO - a4 05 c8 08 b2 f5 65 71
INFO - a4 05 08 10 47 a8 32 9d
INFO - a4 05 48 18 00 01 86 a0
INFO - a4 07 88 08 b2 f5 66 3a
INFO - a4 07 c8 10 47 a8 32 c5
INFO - a4 07 08 18 00 01 86 a0
INFO - a4 09 48 08 b2 f5 67 03
INFO - a4 09 88 10 47 a8 32 e7
INFO - a4 09 c8 18 00 01 86 a0
INFO - a4 0b 08 08 b2 f5 67 cd
INFO - a4 0b 48 10 47 a8 33 0f
INFO - a4 0b 88 18 00 01 86 a0
INFO - a4 0d c8 08 b2 f5 68 96
INFO - a4 0d 08 10 47 a8 33 37
INFO - a4 0d 48 18 00 01 86 a0
INFO - a4 0f 88 08 b2 f5 69 66
INFO - a4 0f c8 10 47 a8 33 59
INFO - a4 0f 08 18 00 01 86 a0
INFO - a4 11 48 08 b2 f5 6a 2f
INFO - a4 11 88 10 47 a8 33 81
INFO - a4 11 c8 18 00 01 86 a0
INFO - a4 13 08 08 b2 f5 6a f8
INFO - a4 13 48 10 47 a8 33 a9
INFO - a4 13 88 18 00 01 86 a0
INFO - a4 15 c8 08 b2 f5 6b c1
INFO - a4 15 08 10 47 a8 33 cb
INFO - a4 15 48 18 00 01 86 a0
INFO - a4 17 88 08 b2 f5 6c 8a
INFO - a4 17 c8 10 47 a8 33 f3
INFO - a4 17 08 18 00 01 86 a0
INFO - a4 19 48 08 b2 f5 6d 5a
INFO - a4 19 88 10 47 a8 34 14
INFO - a4 19 c8 18 00 01 86 a0
INFO - a4 1b 08 08 b2 f5 6e 23
INFO - a4 1b 48 10 47 a8 34 3d
INFO - a4 1b 88 18 00 01 86 a0
INFO - a4 1d c8 08 b2 f5 6e ec
INFO - a4 1d 08 10 47 a8 34 65
INFO - a4 1d 48 18 00 01 86 a0
INFO - a4 1f 88 08 b2 f5 6f bc
INFO - a4 1f c8 10 47 a8 34 8d
INFO - a4 1f 08 18 00 01 86 a0
INFO - a4 21 48 08 b2 f5 70 85
INFO - a4 21 88 10 47 a8 34 b5
INFO - a4 21 c8 18 00 01 86 a0
INFO - a4 23 08 08 b2 f5 71 4f
INFO - a4 23 48 10 47 a8 34 d7
INFO - a4 23 88 18 00 01 86 a0
INFO - a4 25 c8 08 b2 f5 72 18
INFO - a4 25 08 10 47 a8 34 ff
INFO - a4 25 48 18 00 01 86 a0
INFO - a4 27 88 08 b2 f5 72 e8
INFO - a4 27 c8 10 47 a8 35 27
INFO - a4 27 08 18 00 01 86 a0
INFO - a4 29 48 08 b2 f5 73 b1
INFO - a4 29 88 10 47 a8 35 4f
INFO - a4 29 c8 18 00 01 86 a0
INFO - a4 2b 08 08 b2 f5 74 7a
INFO - a4 2b 48 10 47 a8 35 78
INFO - a4 2b 88 18 00 01 86 a0
INFO - a4 2d c8 08 b2 f5 75 43
INFO - a4 2d 08 10 47 a8 35 99
INFO - a4 2d 48 18 00 01 86 a0
INFO - a4 2f 88 08 b2 f5 76 0c
INFO - a4 2f c8 10 47 a8 35 c1
INFO - a4 2f 08 18 00 01 86 a0
INFO - a4 31 48 08 b2 f5 76 dc
INFO - a4 31 88 10 47 a8 35 ea
INFO - a4 31 c8 18 00 01 86 a0
INFO - a4 33 08 08 b2 f5 77 a5
INFO - a4 33 48 10 47 a8 36 12
INFO - a4 33 88 18 00 01 86 a0
INFO - a4 35 c8 08 b2 f5 78 6f
INFO - a4 35 08 10 47 a8 36 3a
INFO - a4 35 48 18 00 01 86 a0
INFO - a4 37 88 08 b2 f5 79 38
INFO - a4 37 c8 10 47 a8 36 5c
INFO - a4 37 08 18 00 01 86 a0
INFO - a4 39 48 08 b2 f5 7a 01
INFO - a4 39 88 10 47 a8 36 84
INFO - a4 39 c8 18 00 01 86 a0
INFO - a4 3b 08 08 b2 f5 7a ca
INFO - a4 3b 48 10 47 a8 36 ac
INFO - a4 3b 88 18 00 01 86 a0
INFO - a4 3d c8 08 b2 f5 7b 93
INFO - a4 3d 08 10 47 a8 36 d4
INFO - a4 3d 48 18 00 01 86 a0
INFO - a4 3f 88 08 b2 f5 7c 63
INFO - a4 3f c8 10 47 a8 36 fd
INFO - a4 3f 08 18 00 01 86 a0
INFO - a4 41 48 08 b2 f5 7d 2c
INFO - a4 41 88 10 47 a8 37 25
INFO - a4 41 c8 18 00 01 86 a0
INFO - a4 43 08 08 b2 f5 7d f5
INFO - a4 43 48 10 47 a8 37 4d
INFO - a4 43 88 18 00 01 86 a0
INFO - a4 45 c8 08 b2 f5 7e bf
INFO - a4 45 08 10 47 a8 37 75
INFO - a4 45 48 18 00 01 86 a0
INFO - a4 47 88 08 b2 f5 7f 88
INFO - a4 47 c8 10 47 a8 37 9e
INFO - a4 47 08 18 00 01 86 a0
INFO - a4 49 48 08 b2 f5 80 51
INFO - a4 49 88 10 47 a8 37 c6
INFO - a4 49 c8 18 00 01 86 a0
INFO - a4 4b 08 08 b2 f5 81 21
INFO - a4 4b 48 10 47 a8 37 ee
INFO - a4 4b 88 18 00 01 86 a0
INFO - a4 4d c8 08 b2 f5 81 ea
INFO - a4 4d 08 10 47 a8 38 16
INFO - a4 4d 48 18 00 01 86 a0
INFO - a4 4f 88 08 b2 f5 82 b3
INFO - a4 4f c8 10 47 a8 38 3e
INFO - a4 4f 08 18 00 01 86 a0
INFO - a4 51 48 08 b2 f5 83 7c
INFO - a4 51 88 10 47 a8 38 67
INFO - a4 51 c8 18 00 01 86 a0
INFO - a4 53 08 08 b2 f5 84 45
INFO - a4 53 48 10 47 a8 38 8f
INFO - a4 53 88 18 00 01 86 a0
INFO - a4 55 c8 08 b2 f5 85 0f
INFO - a4 55 08 10 47 a8 38 b7
INFO - a4 55 48 18 00 01 86 a0
INFO - a4 57 88 08 b2 f5 85 de
INFO - a4 57 c8 10 47 a8 38 e6
INFO - a4 57 08 18 00 01 86 a0
INFO - a4 59 48 08 b2 f5 86 a8
INFO - a4 59 88 10 47 a8 39 0e
INFO - a4 59 c8 18 00 01 86 a0
INFO - a4 5b 08 08 b2 f5 87 71
INFO - a4 5b 48 10 47 a8 39 37
INFO - a4 5b 88 18 00 01 86 a0
INFO - a4 5d c8 08 b2 f5 88 3a
INFO - a4 5d 08 10 47 a8 39 5f
INFO - a4 5d 48 18 00 01 86 a0
INFO - a4 5f 88 08 b2 f5 89 03
INFO - a4 5f c8 10 47 a8 39 87
INFO - a4 5f 08 18 00 01 86 a0
INFO - a4 61 48 08 b2 f5 89 cc
INFO - a4 61 88 10 47 a8 39 af
INFO - a4 61 c8 18 00 01 86 a0
INFO - a4 63 08 08 b2 f5 8a 95
INFO - a4 63 48 10 47 a8 39 d8
INFO - a4 63 88 18 00 01 86 a0
INFO - a4 65 c8 08 b2 f5 8b 65
INFO - a4 65 08 10 47 a8 3a 00
INFO - a4 65 48 18 00 01 86 a0
INFO - a4 67 88 08 b2 f5 8c 2f
INFO - a4 67 c8 10 47 a8 3a 2f
INFO - a4 67 08 18 00 01 86 a0
INFO - a4 69 48 08 b2 f5 8c f8
INFO - a4 69 88 10 47 a8 3a 57
INFO - a4 69 c8 18 00 01 86 a0
INFO - a4 6b 08 08 b2 f5 8d c1
INFO - a4 6b 48 10 47 a8 3a 7f
INFO - a4 6b 88 18 00 01 86 a0
INFO - a4 6d c8 08 b2 f5 8e 8a
INFO - a4 6d 08 10 47 a8 3a a7
INFO - a4 6d 48 18 00 01 86 a0
INFO - a4 6f 88 08 b2 f5 8f 53
INFO - a4 6f c8 10 47 a8 3a d0
INFO - a4 6f 08 18 00 01 86 a0
INFO - a4 71 48 08 b2 f5 90 1c
INFO - a4 71 88 10 47 a8 3a f8
INFO - a4 71 c8 18 00 01 86 a0
INFO - a4 73 08 08 b2 f5 90 e6
INFO - a4 73 48 10 47 a8 3b 20
INFO - a4 73 88 18 00 01 86 a0
INFO - a4 75 c8 08 b2 f5 91 af
INFO - a4 75 08 10 47 a8 3b 48
INFO - a4 75 48 18 00 01 86 a0
INFO - a4 77 88 08 b2 f5 92 78
INFO - a4 77 c8 10 47 a8 3b 77
INFO - a4 77 08 18 00 01 86 a0
INFO - a4 79 48 08 b2 f5 93 41
INFO - a4 79 88 10 47 a8 3b a0
INFO - a4 79 c8 18 00 01 86 a0
INFO - a4 7b 08 08 b2 f5 94 11
INFO - a4 7b 48 10 47 a8 3b c8
INFO - a4 7b 88 18 00 01 86 a0
INFO - a4 7d c8 08 b2 f5 94 da
INFO - a4 7d 08 10 47 a8 3b f0
INFO - a4 7d 48 18 00 01 86 a0
INFO - a4 7f 88 08 b2 f5 95 a3
INFO - a4 7f c8 10 47 a8 3c 18
INFO - a4 7f 08 18 00 01 86 a0
INFO - a4 81 48 08 b2 f5 96 6c
INFO - a4 81 88 10 47 a8 3c 40
INFO - a4 81 c8 18 00 01 86 a0
INFO - a4 83 08 08 b2 f5 97 36
INFO - a4 83 48 10 47 a8 3c 69
INFO - a4 83 88 18 00 01 86 a0
INFO - a4 85 c8 08 b2 f5 97 ff
INFO - a4 85 08 10 47 a8 3c 98
INFO - a4 85 48 18 00 01 86 a0
INFO - a4 87 88 08 b2 f5 98 c8
INFO - a4 87 c8 10 47 a8 3c c0
INFO - a4 87 08 18 00 01 86 a0
INFO - a4 89 48 08 b2 f5 99 91
INFO - a4 89 88 10 47 a8 3c e8
INFO - a4 89 c8 18 00 01 86 a0
INFO - a4 8b 08 08 b2 f5 9a 5a
INFO - a4 8b 48 10 47 a8 3d 17
INFO - a4 8b 88 18 00 01 86 a0
INFO - a4 8d c8 08 b2 f5 9b 23
INFO - a4 8d 08 10 47 a8 3d 3f
INFO - a4 8d 48 18 00 01 86 a0
INFO - a4 8f 88 08 b2 f5 9b ed
INFO - a4 8f c8 10 47 a8 3d 67
INFO - a4 8f 08 18 00 01 86 a0
INFO - a4 91 48 08 b2 f5 9c b6
INFO - a4 91 88 10 47 a8 3d 96
INFO - a4 91 c8 18 00 01 86 a0
INFO - a4 93 08 08 b2 f5 9d 86
INFO - a4 93 48 10 47 a8 3d bf
INFO - a4 93 88 18 00 01 86 a0
INFO - a4 95 c8 08 b2 f5 9e 4f
INFO - a4 95 08 10 47 a8 3d e7
INFO - a4 95 48 18 00 01 86 a0
INFO - a4 97 88 08 b2 f5 9f 18
INFO - a4 97 c8 10 47 a8 3e 16
INFO - a4 97 08 18 00 01 86 a0
INFO - a4 99 48 08 b2 f5 9f e1
INFO - a4 99 88 10 47 a8 3e 3e
INFO - a4 99 c8 18 00 01 86 a0
INFO - a4 9b 08 08 b2 f5 a0 aa
INFO - a4 9b 48 10 47 a8 3e 6d
INFO - a4 9b 88 18 00 01 86 a0
INFO - a4 9d c8 08 b2 f5 a1 73
INFO - a4 9d 08 10 47 a8 3e 95
INFO - a4 9d 48 18 00 01 86 a0
INFO - a4 9f 88 08 b2 f5 a2 3d
INFO - a4 9f c8 10 47 a8 3e bd
INFO - a4 9f 08 18 00 01 86 a0
INFO - a4 a1 48 08 b2 f5 a3 06
INFO - a4 a1 88 10 47 a8 3e ec
INFO - a4 a1 c8 18 00 01 86 a0
INFO - a4 a3 08 08 b2 f5 a3 d6
INFO - a4 a3 48 10 47 a8 3f 15
INFO - a4 a3 88 18 00 01 86 a0
INFO - a4 a5 c8 08 b2 f5 a4 9f
INFO - a4 a5 08 10 47 a8 3f 3d
INFO - a4 a5 48 18 00 01 86 a0
INFO - a4 a7 88 08 b2 f5 a5 68
INFO - a4 a7 c8 10 47 a8 3f 6c
INFO - a4 a7 08 18 00 01 86 a0
INFO - a4 a9 48 08 b2 f5 a6 31
INFO - a4 a9 88 10 47 a8 3f 9b
INFO - a4 a9 c8 18 00 01 86 a0
INFO - a4 ab 08 08 b2 f5 a6 fa
INFO - a4 ab 48 10 47 a8 3f c3
INFO - a4 ab 88 18 00 01 86 a0
INFO - a4 ad c8 08 b2 f5 a7 c3
INFO - a4 ad 08 10 47 a8 3f f2
INFO - a4 ad 48 18 00 01 86 a0
INFO - a4 af 88 08 b2 f5 a8 8d
INFO - a4 af c8 10 47 a8 40 21
INFO - a4 af 08 18 00 01 86 a0
INFO - a4 b1 48 08 b2 f5 a9 56
INFO - a4 b1 88 10 47 a8 40 49
INFO - a4 b1 c8 18 00 01 86 a0
INFO - a4 b3 08 08 b2 f5 aa 1f
INFO - a4 b3 48 10 47 a8 40 78
INFO - a4 b3 88 18 00 01 86 a0
INFO - a4 b5 c8 08 b2 f5 aa e8
INFO - a4 b5 08 10 47 a8 40 a0
INFO - a4 b5 48 18 00 01 86 a0
INFO - a4 b7 88 08 b2 f5 ab b1
INFO - a4 b7 c8 10 47 a8 40 cf
INFO - a4 b7 08 18 00 01 86 a0
INFO - a4 b9 48 08 b2 f5 ac 7a
INFO - a4 b9 88 10 47 a8 40 fe
INFO - a4 b9 c8 18 00 01 86 a0
INFO - a4 bb 08 08 b2 f5 ad 44
INFO - a4 bb 48 10 47 a8 41 26
INFO - a4 bb 88 18 00 01 86 a0
INFO - a4 bd c8 08 b2 f5 ae 0d
INFO - a4 bd 08 10 47 a8 41 55
INFO - a4 bd 48 18 00 01 86 a0
INFO - a4 bf 88 08 b2 f5 ae d6
INFO - a4 bf c8 10 47 a8 41 7e
INFO - a4 bf 08 18 00 01 86 a0
INFO - a4 c1 48 08 b2 f5 af 9f
INFO - a4 c1 88 10 47 a8 41 ac
INFO - a4 c1 c8 18 00 01 86 a0
INFO - a4 c3 08 08 b2 f5 b0 68
INFO - a4 c3 48 10 47 a8 41 db
INFO - a4 c3 88 18 00 01 86 a0
INFO - a4 c5 c8 08 b2 f5 b1 31
INFO - a4 c5 08 10 47 a8 42 04
INFO - a4 c5 48 18 00 01 86 a0
INFO - a4 c7 88 08 b2 f5 b1 fb
INFO - a4 c7 c8 10 47 a8 42 33
INFO - a4 c7 08 18 00 01 86 a0
INFO - a4 c9 48 08 b2 f5 b2 c4
INFO - a4 c9 88 10 47 a8 42 5b
INFO - a4 c9 c8 18 00 01 86 a0
INFO - a4 cb 08 08 b2 f5 b3 8d
INFO - a4 cb 48 10 47 a8 42 8a
INFO - a4 cb 88 18 00 01 86 a0
INFO - a4 cd c8 08 b2 f5 b4 56
INFO - a4 cd 08 10 47 a8 42 b9
INFO - a4 cd 48 18 00 01 86 a0
INFO - a4 cf 88 08 b2 f5 b5 1f
INFO - a4 cf c8 10 47 a8 42 e1
INFO - a4 cf 08 18 00 01 86 a0
INFO - a4 d1 48 08 b2 f5 b5 e8
INFO - a4 d1 88 10 47 a8 43 10
INFO - a4 d1 c8 18 00 01 86 a0
INFO - a4 d3 08 08 b2 f5 b6 b2
INFO - a4 d3 48 10 47 a8 43 38
INFO - a4 d3 88 18 00 01 86 a0
INFO - a4 d5 c8 08 b2 f5 b7 7b
INFO - a4 d5 08 10 47 a8 43 67
INFO - a4 d5 48 18 00 01 86 a0
INFO - a4 d7 88 08 b2 f5 b8 44
INFO - a4 d7 c8 10 47 a8 43 96
INFO - a4 d7 08 18 00 01 86 a0
INFO - a4 d9 48 08 b2 f5 b9 0d
INFO - a4 d9 88 10 47 a8 43 be
INFO - a4 d9 c8 18 00 01 86 a0
INFO - a4 db 08 08 b2 f5 b9 d6
INFO - a4 db 48 10 47 a8 43 ed
INFO - a4 db 88 18 00 01 86 a0
INFO - a4 dd c8 08 b2 f5 ba 9f
INFO - a4 dd 08 10 47 a8 44 15
INFO - a4 dd 48 18 00 01 86 a0
INFO - a4 df 88 08 b2 f5 bb 69
INFO - a4 df c8 10 47 a8 44 44
INFO - a4 df 08 18 00 01 86 a0
INFO - a4 e1 48 08 b2 f5 bc 32
INFO - a4 e1 88 10 47 a8 44 73
INFO - a4 e1 c8 18 00 01 86 a0
INFO - a4 e3 08 08 b2 f5 bc f4
INFO - a4 e3 48 10 47 a8 44 a2
INFO - a4 e3 88 18 00 01 86 a0
INFO - a4 e5 c8 08 b2 f5 bd bd
INFO - a4 e5 08 10 47 a8 44 d1
INFO - a4 e5 48 18 00 01 86 a0
INFO - a4 e7 88 08 b2 f5 be 87
INFO - a4 e7 c8 10 47 a8 44 f9
INFO - a4 e7 08 18 00 01 86 a0
INFO - a4 e9 48 08 b2 f5 bf 50
INFO - a4 e9 88 10 47 a8 45 28
INFO - a4 e9 c8 18 00 01 86 a0
INFO - a4 eb 08 08 b2 f5 c0 19
INFO - a4 eb 48 10 47 a8 45 57
INFO - a4 eb 88 18 00 01 86 a0
INFO - a4 ed c8 08 b2 f5 c0 e2
INFO - a4 ed 08 10 47 a8 45 86
INFO - a4 ed 48 18 00 01 86 a0
INFO - a4 ef 88 08 b2 f5 c1 ab
INFO - a4 ef c8 10 47 a8 45 b5
INFO - a4 ef 08 18 00 01 86 a0
INFO - a4 f1 48 08 b2 f5 c2 74
INFO - a4 f1 88 10 47 a8 45 e4
INFO - a4 f1 c8 18 00 01 86 a0
INFO - a4 f3 08 08 b2 f5 c3 3e
INFO - a4 f3 48 10 47 a8 46 13
INFO - a4 f3 88 18 00 01 86 a0
INFO - a4 f5 c8 08 b2 f5 c4 07
INFO - a4 f5 08 10 47 a8 46 42
INFO - a4 f5 48 18 00 01 86 a0
INFO - a4 f7 88 08 b2 f5 c4 c9
INFO - a4 f7 c8 10 47 a8 46 71
INFO - a4 f7 08 18 00 01 86 a0
INFO - a4 f9 48 08 b2 f5 c5 92
INFO - a4 f9 88 10 47 a8 46 a0
INFO - a4 f9 c8 18 00 01 86 a0
INFO - a4 fb 08 08 b2 f5 c6 5b
INFO - a4 fb 48 10 47 a8 46 cf
INFO - a4 fb 88 18 00 01 86 a0
INFO - a4 fd c8 08 b2 f5 c7 25
INFO - a4 fd 08 10 47 a8 46 fe
INFO - a4 fd 48 18 00 01 86 a0
INFO - a4 ff 88 08 b2 f5 c7 ee
INFO - a4 ff c8 10 47 a8 47 2d
INFO - a4 ff 08 18 00 01 86 a0
INFO - a5 01 48 08 b2 f5 c8 b7
INFO - a5 01 88 10 47 a8 47 5c
INFO - a5 01 c8 18 00 01 86 a0
INFO - a5 03 08 08 b2 f5 c9 80
INFO - a5 03 48 10 47 a8 47 8b
INFO - a5 03 88 18 00 01 86 a0
INFO - a5 05 c8 08 b2 f5 ca 49
INFO - a5 05 08 10 47 a8 47 b9
INFO - a5 05 48 18 00 01 86 a0
INFO - a5 07 88 08 b2 f5 cb 12
INFO - a5 07 c8 10 47 a8 47 e8
INFO - a5 07 08 18 00 01 86 a0
INFO - a5 09 48 08 b2 f5 cb dc
INFO - a5 09 88 10 47 a8 48 17
INFO - a5 09 c8 18 00 01 86 a0
INFO - a5 0b 08 08 b2 f5 cc a5
INFO - a5 0b 48 10 47 a8 48 46
INFO - a5 0b 88 18 00 01 86 a0
INFO - a5 0d c8 08 b2 f5 cd 6e
INFO - a5 0d 08 10 47 a8 48 75
INFO - a5 0d 48 18 00 01 86 a0
INFO - a5 0f 88 08 b2 f5 ce 37
INFO - a5 0f c8 10 47 a8 48 a4
INFO - a5 0f 08 18 00 01 86 a0
INFO - a5 11 48 08 b2 f5 cf 00
INFO - a5 11 88 10 47 a8 48 d3
INFO - a5 11 c8 18 00 01 86 a0
INFO - a5 13 08 08 b2 f5 cf c9
INFO - a5 13 48 10 47 a8 49 02
INFO - a5 13 88 18 00 01 86 a0
INFO - a5 15 c8 08 b2 f5 d0 93
INFO - a5 15 08 10 47 a8 49 31
INFO - a5 15 48 18 00 01 86 a0
INFO - a5 17 88 08 b2 f5 d1 5c
INFO - a5 17 c8 10 47 a8 49 60
INFO - a5 17 08 18 00 01 86 a0
INFO - a5 19 48 08 b2 f5 d2 1e
INFO - a5 19 88 10 47 a8 49 8f
INFO - a5 19 c8 18 00 01 86 a0
INFO - a5 1b 08 08 b2 f5 d2 e7
INFO - a5 1b 48 10 47 a8 49 be
INFO - a5 1b 88 18 00 01 86 a0
INFO - a5 1d c8 08 b2 f5 d3 b1
INFO - a5 1d 08 10 47 a8 49 ed
INFO - a5 1d 48 18 00 01 86 a0
INFO - a5 1f 88 08 b2 f5 d4 7a
INFO - a5 1f c8 10 47 a8 4a 1c
INFO - a5 1f 08 18 00 01 86 a0
INFO - a5 21 48 08 b2 f5 d5 43
INFO - a5 21 88 10 47 a8 4a 4b
INFO - a5 21 c8 18 00 01 86 a0
INFO - a5 23 08 08 b2 f5 d6 0c
INFO - a5 23 48 10 47 a8 4a 7a
INFO - a5 23 88 18 00 01 86 a0
INFO - a5 25 c8 08 b2 f5 d6 d5
INFO - a5 25 08 10 47 a8 4a a8
INFO - a5 25 48 18 00 01 86 a0
INFO - a5 27 88 08 b2 f5 d7 9e
INFO - a5 27 c8 10 47 a8 4a de
INFO - a5 27 08 18 00 01 86 a0
INFO - a5 29 48 08 b2 f5 d8 68
INFO - a5 29 88 10 47 a8 4b 0d
INFO - a5 29 c8 18 00 01 86 a0
INFO - a5 2b 08 08 b2 f5 d9 31
INFO - a5 2b 48 10 47 a8 4b 3c
INFO - a5 2b 88 18 00 01 86 a0
INFO - a5 2d c8 08 b2 f5 d9 fa
INFO - a5 2d 08 10 47 a8 4b 6b
INFO - a5 2d 48 18 00 01 86 a0
INFO - a5 2f 88 08 b2 f5 da c3
INFO - a5 2f c8 10 47 a8 4b 9a
INFO - a5 2f 08 18 00 01 86 a0
INFO - a5 31 48 08 b2 f5 db 86
INFO - a5 31 88 10 47 a8 4b c9
INFO - a5 31 c8 18 00 01 86 a0
INFO - a5 33 08 08 b2 f5 dc 4f
INFO - a5 33 48 10 47 a8 4b fe
INFO - a5 33 88 18 00 01 86 a0
INFO - a5 35 c8 08 b2 f5 dd 18
INFO - a5 35 08 10 47 a8 4c 2d
INFO - a5 35 48 18 00 01 86 a0
INFO - a5 37 88 08 b2 f5 dd e1
INFO - a5 37 c8 10 47 a8 4c 5c
INFO - a5 37 08 18 00 01 86 a0
INFO - a5 39 48 08 b2 f5 de aa
INFO - a5 39 88 10 47 a8 4c 8b
INFO - a5 39 c8 18 00 01 86 a0
INFO - a5 3b 08 08 b2 f5 df 6d
INFO - a5 3b 48 10 47 a8 4c ba
INFO - a5 3b 88 18 00 01 86 a0
INFO - a5 3d c8 08 b2 f5 e0 36
INFO - a5 3d 08 10 47 a8 4c f0
INFO - a5 3d 48 18 00 01 86 a0
INFO - a5 3f 88 08 b2 f5 e0 ff
INFO - a5 3f c8 10 47 a8 4d 1f
INFO - a5 3f 08 18 00 01 86 a0
INFO - a5 41 48 08 b2 f5 e1 c8
INFO - a5 41 88 10 47 a8 4d 4e
INFO - a5 41 c8 18 00 01 86 a0
INFO - a5 43 08 08 b2 f5 e2 91
INFO - a5 43 48 10 47 a8 4d 7d
INFO - a5 43 88 18 00 01 86 a0
INFO - a5 45 c8 08 b2 f5 e3 54
INFO - a5 45 08 10 47 a8 4d ac
INFO - a5 45 48 18 00 01 86 a0
INFO - a5 47 88 08 b2 f5 e4 1d
INFO - a5 47 c8 10 47 a8 4d e1
INFO - a5 47 08 18 00 01 86 a0
INFO - a5 49 48 08 b2 f5 e4 e6
INFO - a5 49 88 10 47 a8 4e 10
INFO - a5 49 c8 18 00 01 86 a0
INFO - a5 4b 08 08 b2 f5 e5 af
INFO - a5 4b 48 10 47 a8 4e 3f
INFO - a5 4b 88 18 00 01 86 a0
INFO - a5 4d c8 08 b2 f5 e6 78
INFO - a5 4d 08 10 47 a8 4e 6e
INFO - a5 4d 48 18 00 01 86 a0
INFO - a5 4f 88 08 b2 f5 e7 3b
INFO - a5 4f c8 10 47 a8 4e 9d
INFO - a5 4f 08 18 00 01 86 a0
INFO - a5 51 48 08 b2 f5 e8 04
INFO - a5 51 88 10 47 a8 4e d3
INFO - a5 51 c8 18 00 01 86 a0
INFO - a5 53 08 08 b2 f5 e8 cd
INFO - a5 53 48 10 47 a8 4f 02
INFO - a5 53 88 18 00 01 86 a0
INFO - a5 55 c8 08 b2 f5 e9 96
INFO - a5 55 08 10 47 a8 4f 31
INFO - a5 55 48 18 00 01 86 a0
INFO - a5 57 88 08 b2 f5 ea 52
INFO - a5 57 c8 10 47 a8 4f 5f
INFO - a5 57 08 18 00 01 86 a0
INFO - a5 57 48 08 b2 f5 ea 52
INFO - a5 57 88 10 47 a8 4f 5f
INFO - a5 57 c8 18 00 01 86 a0
INFO - a5 59 08 08 b2 f5 eb 1b
INFO - a5 59 48 10 47 a8 4f 95
INFO - a5 59 88 18 00 01 86 a0
INFO - a5 5b c8 08 b2 f5 eb e4
INFO - a5 5b 08 10 47 a8 4f c4
INFO - a5 5b 48 18 00 01 86 a0
INFO - a5 5d 88 08 b2 f5 ec a7
INFO - a5 5d c8 10 47 a8 4f fa
INFO - a5 5d 08 18 00 01 86 a0
INFO - a5 5f 48 08 b2 f5 ed 70
INFO - a5 5f 88 10 47 a8 50 2f
INFO - a5 5f c8 18 00 01 86 a0
INFO - a5 61 08 08 b2 f5 ee 39
INFO - a5 61 48 10 47 a8 50 5e
INFO - a5 61 88 18 00 01 86 a0
INFO - a5 63 c8 08 b2 f5 ee fc
INFO - a5 63 08 10 47 a8 50 94
INFO - a5 63 48 18 00 01 86 a0
INFO - a5 65 88 08 b2 f5 ef c5
INFO - a5 65 c8 10 47 a8 50 ca
INFO - a5 65 08 18 00 01 86 a0
INFO - a5 67 48 08 b2 f5 f0 87
INFO - a5 67 88 10 47 a8 50 f9
INFO - a5 67 c8 18 00 01 86 a0
INFO - a5 69 08 08 b2 f5 f1 51
INFO - a5 69 48 10 47 a8 51 2e
INFO - a5 69 88 18 00 01 86 a0
INFO - a5 6b c8 08 b2 f5 f2 1a
INFO - a5 6b 08 10 47 a8 51 5d
INFO - a5 6b 48 18 00 01 86 a0
INFO - a5 6d 88 08 b2 f5 f2 dc
INFO - a5 6d c8 10 47 a8 51 93
INFO - a5 6d 08 18 00 01 86 a0
INFO - a5 6f 48 08 b2 f5 f3 a5
INFO - a5 6f 88 10 47 a8 51 c2
INFO - a5 6f c8 18 00 01 86 a0
INFO - a5 71 08 08 b2 f5 f4 6e
INFO - a5 71 48 10 47 a8 51 f7
INFO - a5 71 88 18 00 01 86 a0
INFO - a5 73 c8 08 b2 f5 f5 31
INFO - a5 73 08 10 47 a8 52 2d
INFO - a5 73 48 18 00 01 86 a0
INFO - a5 75 88 08 b2 f5 f5 fa
INFO - a5 75 c8 10 47 a8 52 5c
INFO - a5 75 08 18 00 01 86 a0
INFO - a5 77 48 08 b2 f5 f6 c3
INFO - a5 77 88 10 47 a8 52 92
INFO - a5 77 c8 18 00 01 86 a0
INFO - a5 79 08 08 b2 f5 f7 86
INFO - a5 79 48 10 47 a8 52 c7
INFO - a5 79 88 18 00 01 86 a0
INFO - a5 7b c8 08 b2 f5 f8 4f
INFO - a5 7b 08 10 47 a8 52 f6
INFO - a5 7b 48 18 00 01 86 a0
INFO - a5 7d 88 08 b2 f5 f9 18
INFO - a5 7d c8 10 47 a8 53 2c
INFO - a5 7d 08 18 00 01 86 a0
INFO - a5 7f 48 08 b2 f5 f9 db
INFO - a5 7f 88 10 47 a8 53 61
INFO - a5 7f c8 18 00 01 86 a0
INFO - a5 81 08 08 b2 f5 fa a4
INFO - a5 81 48 10 47 a8 53 90
INFO - a5 81 88 18 00 01 86 a0
INFO - a5 83 c8 08 b2 f5 fb 6d
INFO - a5 83 08 10 47 a8 53 c6
INFO - a5 83 48 18 00 01 86 a0
INFO - a5 85 88 08 b2 f5 fc 2f
INFO - a5 85 c8 10 47 a8 53 fc
INFO - a5 85 08 18 00 01 86 a0
INFO - a5 87 48 08 b2 f5 fc f8
INFO - a5 87 88 10 47 a8 54 2b
INFO - a5 87 c8 18 00 01 86 a0
INFO - a5 89 08 08 b2 f5 fd c2
INFO - a5 89 48 10 47 a8 54 60
INFO - a5 89 88 18 00 01 86 a0
INFO - a5 8b c8 08 b2 f5 fe 84
INFO - a5 8b 08 10 47 a8 54 96
INFO - a5 8b 48 18 00 01 86 a0
INFO - a5 8d 88 08 b2 f5 ff 4d
INFO - a5 8d c8 10 47 a8 54 c5
INFO - a5 8d 08 18 00 01 86 a0
INFO - a5 8f 48 08 b2 f6 00 16
INFO - a5 8f 88 10 47 a8 54 fa
INFO - a5 8f c8 18 00 01 86 a0
INFO - a5 91 08 08 b2 f6 00 d9
INFO - a5 91 48 10 47 a8 55 30
INFO - a5 91 88 18 00 01 86 a0
INFO - a5 93 c8 08 b2 f6 01 a2
INFO - a5 93 08 10 47 a8 55 66
INFO - a5 93 48 18 00 01 86 a0
INFO - a5 95 88 08 b2 f6 02 6b
INFO - a5 95 c8 10 47 a8 55 95
INFO - a5 95 08 18 00 01 86 a0
INFO - a5 97 48 08 b2 f6 03 34
INFO - a5 97 88 10 47 a8 55 ca
INFO - a5 97 c8 18 00 01 86 a0
INFO - a5 99 08 08 b2 f6 03 f7
INFO - a5 99 48 10 47 a8 56 00
INFO - a5 99 88 18 00 01 86 a0
INFO - a5 9b c8 08 b2 f6 04 c0
INFO - a5 9b 08 10 47 a8 56 36
INFO - a5 9b 48 18 00 01 86 a0
INFO - a5 9d 88 08 b2 f6 05 82
INFO - a5 9d c8 10 47 a8 56 6b
INFO - a5 9d 08 18 00 01 86 a0
INFO - a5 9f 48 08 b2 f6 06 4c
INFO - a5 9f 88 10 47 a8 56 a1
INFO - a5 9f c8 18 00 01 86 a0
INFO - a5 a1 08 08 b2 f6 07 0e
INFO - a5 a1 48 10 47 a8 56 d7
INFO - a5 a1 88 18 00 01 86 a0
INFO - a5 a3 c8 08 b2 f6 07 d7
INFO - a5 a3 08 10 47 a8 57 0c
INFO - a5 a3 48 18 00 01 86 a0
INFO - a5 a5 88 08 b2 f6 08 a0
INFO - a5 a5 c8 10 47 a8 57 42
INFO - a5 a5 08 18 00 01 86 a0
INFO - a5 a7 48 08 b2 f6 09 63
INFO - a5 a7 88 10 47 a8 57 71
INFO - a5 a7 c8 18 00 01 86 a0
INFO - a5 a9 08 08 b2 f6 0a 2c
INFO - a5 a9 48 10 47 a8 57 a6
INFO - a5 a9 88 18 00 01 86 a0
INFO - a5 ab c8 08 b2 f6 0a ef
INFO - a5 ab 08 10 47 a8 57 dc
INFO - a5 ab 48 18 00 01 86 a0
INFO - a5 ad 88 08 b2 f6 0b b8
INFO - a5 ad c8 10 47 a8 58 12
INFO - a5 ad 08 18 00 01 86 a0
INFO - a5 af 48 08 b2 f6 0c 7a
INFO - a5 af 88 10 47 a8 58 47
INFO - a5 af c8 18 00 01 86 a0
INFO - a5 b1 08 08 b2 f6 0d 43
INFO - a5 b1 48 10 47 a8 58 7d
INFO - a5 b1 88 18 00 01 86 a0
INFO - a5 b3 c8 08 b2 f6 0e 06
INFO - a5 b3 08 10 47 a8 58 b3
INFO - a5 b3 48 18 00 01 86 a0
INFO - a5 b5 88 08 b2 f6 0e cf
INFO - a5 b5 c8 10 47 a8 58 e8
INFO - a5 b5 08 18 00 01 86 a0
INFO - a5 b7 48 08 b2 f6 0f 98
INFO - a5 b7 88 10 47 a8 59 1e
INFO - a5 b7 c8 18 00 01 86 a0
INFO - a5 b9 08 08 b2 f6 10 5b
INFO - a5 b9 48 10 47 a8 59 54
INFO - a5 b9 88 18 00 01 86 a0
INFO - a5 bb c8 08 b2 f6 11 24
INFO - a5 bb 08 10 47 a8 59 89
INFO - a5 bb 48 18 00 01 86 a0
INFO - a5 bd 88 08 b2 f6 11 e6
INFO - a5 bd c8 10 47 a8 59 b8
INFO - a5 bd 08 18 00 01 86 a0
INFO - a5 bf 48 08 b2 f6 12 af
INFO - a5 bf 88 10 47 a8 59 ee
INFO - a5 bf c8 18 00 01 86 a0
INFO - a5 c1 08 08 b2 f6 13 79
INFO - a5 c1 48 10 47 a8 5a 23
INFO - a5 c1 88 18 00 01 86 a0
INFO - a5 c3 c8 08 b2 f6 14 3b
INFO - a5 c3 08 10 47 a8 5a 59
INFO - a5 c3 48 18 00 01 86 a0
INFO - a5 c5 88 08 b2 f6 15 04
INFO - a5 c5 c8 10 47 a8 5a 8f
INFO - a5 c5 08 18 00 01 86 a0
INFO - a5 c7 48 08 b2 f6 15 c7
INFO - a5 c7 88 10 47 a8 5a c4
INFO - a5 c7 c8 18 00 01 86 a0
INFO - a5 c9 08 08 b2 f6 16 90
INFO - a5 c9 48 10 47 a8 5a fa
INFO - a5 c9 88 18 00 01 86 a0
INFO - a5 cb c8 08 b2 f6 17 52
INFO - a5 cb 08 10 47 a8 5b 30
INFO - a5 cb 48 18 00 01 86 a0
INFO - a5 cd 88 08 b2 f6 18 1b
INFO - a5 cd c8 10 47 a8 5b 65
INFO - a5 cd 08 18 00 01 86 a0
INFO - a5 cf 48 08 b2 f6 18 e5
INFO - a5 cf 88 10 47 a8 5b 9b
INFO - a5 cf c8 18 00 01 86 a0
INFO - a5 d1 08 08 b2 f6 19 a7
INFO - a5 d1 48 10 47 a8 5b d1
INFO - a5 d1 88 18 00 01 86 a0
INFO - a5 d3 c8 08 b2 f6 1a 70
INFO - a5 d3 08 10 47 a8 5c 06
INFO - a5 d3 48 18 00 01 86 a0
INFO - a5 d5 88 08 b2 f6 1b 33
INFO - a5 d5 c8 10 47 a8 5c 3c
INFO - a5 d5 08 18 00 01 86 a0
INFO - a5 d7 48 08 b2 f6 1b fc
INFO - a5 d7 88 10 47 a8 5c 72
INFO - a5 d7 c8 18 00 01 86 a0
INFO - a5 d9 08 08 b2 f6 1c be
INFO - a5 d9 48 10 47 a8 5c a7
INFO - a5 d9 88 18 00 01 86 a0
INFO - a5 db c8 08 b2 f6 1d 87
INFO - a5 db 08 10 47 a8 5c dd
INFO - a5 db 48 18 00 01 86 a0
INFO - a5 dd 88 08 b2 f6 1e 4a
INFO - a5 dd c8 10 47 a8 5d 12
INFO - a5 dd 08 18 00 01 86 a0
INFO - a5 df 48 08 b2 f6 1f 0c
INFO - a5 df 88 10 47 a8 5d 48
INFO - a5 df c8 18 00 01 86 a0
INFO - a5 e1 08 08 b2 f6 1f d6
INFO - a5 e1 48 10 47 a8 5d 84
INFO - a5 e1 88 18 00 01 86 a0
INFO - a5 e3 c8 08 b2 f6 20 98
INFO - a5 e3 08 10 47 a8 5d ba
INFO - a5 e3 48 18 00 01 86 a0
INFO - a5 e5 88 08 b2 f6 21 61
INFO - a5 e5 c8 10 47 a8 5d f0
INFO - a5 e5 08 18 00 01 86 a0
INFO - a5 e7 48 08 b2 f6 22 24
INFO - a5 e7 88 10 47 a8 5e 25
INFO - a5 e7 c8 18 00 01 86 a0
INFO - a5 e9 08 08 b2 f6 22 ed
INFO - a5 e9 48 10 47 a8 5e 5b
INFO - a5 e9 88 18 00 01 86 a0
INFO - a5 eb c8 08 b2 f6 23 af
INFO - a5 eb 08 10 47 a8 5e 91
INFO - a5 eb 48 18 00 01 86 a0
INFO - a5 ed 88 08 b2 f6 24 72
INFO - a5 ed c8 10 47 a8 5e c6
INFO - a5 ed 08 18 00 01 86 a0
INFO - a5 ef 48 08 b2 f6 25 3b
INFO - a5 ef 88 10 47 a8 5e fc
INFO - a5 ef c8 18 00 01 86 a0
INFO - a5 f1 08 08 b2 f6 25 fd
INFO - a5 f1 48 10 47 a8 5f 38
INFO - a5 f1 88 18 00 01 86 a0
INFO - a5 f3 c8 08 b2 f6 26 c7
INFO - a5 f3 08 10 47 a8 5f 6e
INFO - a5 f3 48 18 00 01 86 a0
INFO - a5 f5 88 08 b2 f6 27 89
INFO - a5 f5 c8 10 47 a8 5f a4
INFO - a5 f5 08 18 00 01 86 a0
INFO - a5 f7 48 08 b2 f6 28 4b
INFO - a5 f7 88 10 47 a8 5f e0
INFO - a5 f7 c8 18 00 01 86 a0
INFO - a5 f9 08 08 b2 f6 29 15
INFO - a5 f9 48 10 47 a8 60 16
INFO - a5 f9 88 18 00 01 86 a0
INFO - a5 fb c8 08 b2 f6 29 d7
INFO - a5 fb 08 10 47 a8 60 52
INFO - a5 fb 48 18 00 01 86 a0
INFO - a5 fd 88 08 b2 f6 2a a0
INFO - a5 fd c8 10 47 a8 60 88
INFO - a5 fd 08 18 00 01 86 a0
INFO - a5 ff 48 08 b2 f6 2b 63
INFO - a5 ff 88 10 47 a8 60 bd
INFO - a5 ff c8 18 00 01 86 a0
INFO - a6 01 08 08 b2 f6 2c 25
INFO - a6 01 48 10 47 a8 60 fa
INFO - a6 01 88 18 00 01 86 a0
INFO - a6 03 c8 08 b2 f6 2c ee
INFO - a6 03 08 10 47 a8 61 2f
INFO - a6 03 48 18 00 01 86 a0
INFO - a6 05 88 08 b2 f6 2d b1
INFO - a6 05 c8 10 47 a8 61 6c
INFO - a6 05 08 18 00 01 86 a0
INFO - a6 07 48 08 b2 f6 2e 73
INFO - a6 07 88 10 47 a8 61 a1
INFO - a6 07 c8 18 00 01 86 a0
INFO - a6 09 08 08 b2 f6 2f 3c
INFO - a6 09 48 10 47 a8 61 d7
INFO - a6 09 88 18 00 01 86 a0
INFO - a6 0b c8 08 b2 f6 2f ff
INFO - a6 0b 08 10 47 a8 62 13
INFO - a6 0b 48 18 00 01 86 a0
INFO - a6 0d 88 08 b2 f6 30 c8
INFO - a6 0d c8 10 47 a8 62 49
INFO - a6 0d 08 18 00 01 86 a0
INFO - a6 0f 48 08 b2 f6 31 8a
INFO - a6 0f 88 10 47 a8 62 85
INFO - a6 0f c8 18 00 01 86 a0
INFO - a6 11 08 08 b2 f6 32 4d
INFO - a6 11 48 10 47 a8 62 bb
INFO - a6 11 88 18 00 01 86 a0
INFO - a6 13 c8 08 b2 f6 33 16
INFO - a6 13 08 10 47 a8 62 f0
INFO - a6 13 48 18 00 01 86 a0
INFO - a6 15 88 08 b2 f6 33 d9
INFO - a6 15 c8 10 47 a8 63 2d
INFO - a6 15 08 18 00 01 86 a0
INFO - a6 17 48 08 b2 f6 34 a2
INFO - a6 17 88 10 47 a8 63 62
INFO - a6 17 c8 18 00 01 86 a0
INFO - a6 19 08 08 b2 f6 35 64
INFO - a6 19 48 10 47 a8 63 9f
INFO - a6 19 88 18 00 01 86 a0
INFO - a6 1b c8 08 b2 f6 36 2d
INFO - a6 1b 08 10 47 a8 63 d4
INFO - a6 1b 48 18 00 01 86 a0
INFO - a6 1d 88 08 b2 f6 36 f0
INFO - a6 1d c8 10 47 a8 64 0a
INFO - a6 1d 08 18 00 01 86 a0
INFO - a6 1f 48 08 b2 f6 37 b9
INFO - a6 1f 88 10 47 a8 64 46
INFO - a6 1f c8 18 00 01 86 a0
INFO - a6 21 08 08 b2 f6 38 7b
INFO - a6 21 48 10 47 a8 64 7c
INFO - a6 21 88 18 00 01 86 a0
INFO - a6 23 c8 08 b2 f6 39 3e
INFO - a6 23 08 10 47 a8 64 b2
INFO - a6 23 48 18 00 01 86 a0
INFO - a6 25 88 08 b2 f6 3a 07
INFO - a6 25 c8 10 47 a8 64 ee
INFO - a6 25 08 18 00 01 86 a0
INFO - a6 27 48 08 b2 f6 3a ca
INFO - a6 27 88 10 47 a8 65 24
INFO - a6 27 c8 18 00 01 86 a0
INFO - a6 29 08 08 b2 f6 3b 93
INFO - a6 29 48 10 47 a8 65 60
INFO - a6 29 88 18 00 01 86 a0
INFO - a6 2b c8 08 b2 f6 3c 55
INFO - a6 2b 08 10 47 a8 65 96
INFO - a6 2b 48 18 00 01 86 a0
INFO - a6 2d 88 08 b2 f6 3d 18
INFO - a6 2d c8 10 47 a8 65 cb
INFO - a6 2d 08 18 00 01 86 a0
INFO - a6 2f 48 08 b2 f6 3d e1
INFO - a6 2f 88 10 47 a8 66 08
INFO - a6 2f c8 18 00 01 86 a0
INFO - a6 31 08 08 b2 f6 3e a3
INFO - a6 31 48 10 47 a8 66 3d
INFO - a6 31 88 18 00 01 86 a0
INFO - a6 33 c8 08 b2 f6 3f 66
INFO - a6 33 08 10 47 a8 66 7a
INFO - a6 33 48 18 00 01 86 a0
INFO - a6 35 88 08 b2 f6 40 2f
INFO - a6 35 c8 10 47 a8 66 af
INFO - a6 35 08 18 00 01 86 a0
INFO - a6 37 48 08 b2 f6 40 f1
INFO - a6 37 88 10 47 a8 66 e5
INFO - a6 37 c8 18 00 01 86 a0
INFO - a6 39 08 08 b2 f6 41 ba
INFO - a6 39 48 10 47 a8 67 21
INFO - a6 39 88 18 00 01 86 a0
INFO - a6 3b c8 08 b2 f6 42 7d
INFO - a6 3b 08 10 47 a8 67 5e
INFO - a6 3b 48 18 00 01 86 a0
INFO - a6 3d 88 08 b2 f6 43 3f
INFO - a6 3d c8 10 47 a8 67 93
INFO - a6 3d 08 18 00 01 86 a0
INFO - a6 3f 48 08 b2 f6 44 02
INFO - a6 3f 88 10 47 a8 67 d0
INFO - a6 3f c8 18 00 01 86 a0
INFO - a6 41 08 08 b2 f6 44 c4
INFO - a6 41 48 10 47 a8 68 0c
INFO - a6 41 88 18 00 01 86 a0
INFO - a6 43 c8 08 b2 f6 45 8d
INFO - a6 43 08 10 47 a8 68 48
INFO - a6 43 48 18 00 01 86 a0
INFO - a6 45 88 08 b2 f6 46 50
INFO - a6 45 c8 10 47 a8 68 85
INFO - a6 45 08 18 00 01 86 a0
INFO - a6 47 48 08 b2 f6 47 12
INFO - a6 47 88 10 47 a8 68 ba
INFO - a6 47 c8 18 00 01 86 a0
INFO - a6 49 08 08 b2 f6 47 d5
INFO - a6 49 48 10 47 a8 68 f7
INFO - a6 49 88 18 00 01 86 a0
INFO - a6 4b c8 08 b2 f6 48 97
INFO - a6 4b 08 10 47 a8 69 33
INFO - a6 4b 48 18 00 01 86 a0
INFO - a6 4d 88 08 b2 f6 49 5a
INFO - a6 4d c8 10 47 a8 69 6f
INFO - a6 4d 08 18 00 01 86 a0
INFO - a6 4f 48 08 b2 f6 4a 23
INFO - a6 4f 88 10 47 a8 69 a5
INFO - a6 4f c8 18 00 01 86 a0
INFO - a6 51 08 08 b2 f6 4a e5
INFO - a6 51 48 10 47 a8 69 e1
INFO - a6 51 88 18 00 01 86 a0
INFO - a6 53 c8 08 b2 f6 4b a8
INFO - a6 53 08 10 47 a8 6a 1e
INFO - a6 53 48 18 00 01 86 a0
INFO - a6 55 88 08 b2 f6 4c 6a
INFO - a6 55 c8 10 47 a8 6a 5a
INFO - a6 55 08 18 00 01 86 a0
INFO - a6 57 48 08 b2 f6 4d 2d
INFO - a6 57 88 10 47 a8 6a 97
INFO - a6 57 c8 18 00 01 86 a0
INFO - a6 59 08 08 b2 f6 4d f6
INFO - a6 59 48 10 47 a8 6a cc
INFO - a6 59 88 18 00 01 86 a0
INFO - a6 5b c8 08 b2 f6 4e b8
INFO - a6 5b 08 10 47 a8 6b 09
INFO - a6 5b 48 18 00 01 86 a0
INFO - a6 5d 88 08 b2 f6 4f 7b
INFO - a6 5d c8 10 47 a8 6b 45
INFO - a6 5d 08 18 00 01 86 a0
INFO - a6 5f 48 08 b2 f6 50 3d
INFO - a6 5f 88 10 47 a8 6b 81
INFO - a6 5f c8 18 00 01 86 a0
INFO - a6 61 08 08 b2 f6 51 00
INFO - a6 61 48 10 47 a8 6b be
INFO - a6 61 88 18 00 01 86 a0
INFO - a6 63 c8 08 b2 f6 51 c9
INFO - a6 63 08 10 47 a8 6b f3
INFO - a6 63 48 18 00 01 86 a0
INFO - a6 65 88 08 b2 f6 52 8b
INFO - a6 65 c8 10 47 a8 6c 30
INFO - a6 65 08 18 00 01 86 a0
INFO - a6 67 48 08 b2 f6 53 4e
INFO - a6 67 88 10 47 a8 6c 6c
INFO - a6 67 c8 18 00 01 86 a0
INFO - a6 69 08 08 b2 f6 54 10
INFO - a6 69 48 10 47 a8 6c a8
INFO - a6 69 88 18 00 01 86 a0
INFO - a6 6a c8 08 b2 f6 54 d3
INFO - a6 6a 08 10 47 a8 6c de
INFO - a6 6a 48 18 00 01 86 a0
INFO - a6 6d 88 08 b2 f6 55 9c
INFO - a6 6d c8 10 47 a8 6d 1a
INFO - a6 6d 08 18 00 01 86 a0
INFO - a6 6f 48 08 b2 f6 56 5e
INFO - a6 6f 88 10 47 a8 6d 57
INFO - a6 6f c8 18 00 01 86 a0
INFO - a6 71 08 08 b2 f6 57 21
INFO - a6 71 48 10 47 a8 6d 93
INFO - a6 71 88 18 00 01 86 a0
INFO - a6 73 c8 08 b2 f6 57 e3
INFO - a6 73 08 10 47 a8 6d cf
INFO - a6 73 48 18 00 01 86 a0
INFO - a6 75 88 08 b2 f6 58 ad
INFO - a6 75 c8 10 47 a8 6e 05
INFO - a6 75 08 18 00 01 86 a0
INFO - a6 77 48 08 b2 f6 59 6f
INFO - a6 77 88 10 47 a8 6e 41
INFO - a6 77 c8 18 00 01 86 a0
INFO - a6 79 08 08 b2 f6 5a 31
INFO - a6 79 48 10 47 a8 6e 7e
INFO - a6 79 88 18 00 01 86 a0
INFO - a6 7b c8 08 b2 f6 5a fb
INFO - a6 7b 08 10 47 a8 6e ba
INFO - a6 7b 48 18 00 01 86 a0
INFO - a6 7d 88 08 b2 f6 5b bd
INFO - a6 7d c8 10 47 a8 6e f6
INFO - a6 7d 08 18 00 01 86 a0
INFO - a6 7f 48 08 b2 f6 5c 80
INFO - a6 7f 88 10 47 a8 6f 33
INFO - a6 7f c8 18 00 01 86 a0
INFO - a6 81 08 08 b2 f6 5d 49
INFO - a6 81 48 10 47 a8 6f 68
INFO - a6 81 88 18 00 01 86 a0
INFO - a6 83 c8 08 b2 f6 5e 0b
INFO - a6 83 08 10 47 a8 6f ab
INFO - a6 83 48 18 00 01 86 a0
INFO - a6 85 88 08 b2 f6 5e ce
INFO - a6 85 c8 10 47 a8 6f e8
INFO - a6 85 08 18 00 01 86 a0
INFO - a6 87 48 08 b2 f6 5f 90
INFO - a6 87 88 10 47 a8 70 24
INFO - a6 87 c8 18 00 01 86 a0
INFO - a6 89 08 08 b2 f6 60 53
INFO - a6 89 48 10 47 a8 70 60
INFO - a6 89 88 18 00 01 86 a0
INFO - a6 8b c8 08 b2 f6 61 15
INFO - a6 8b 08 10 47 a8 70 9d
INFO - a6 8b 48 18 00 01 86 a0
INFO - a6 8d 88 08 b2 f6 61 de
INFO - a6 8d c8 10 47 a8 70 d9
INFO - a6 8d 08 18 00 01 86 a0
INFO - a6 8f 48 08 b2 f6 62 a1
INFO - a6 8f 88 10 47 a8 71 15
INFO - a6 8f c8 18 00 01 86 a0
INFO - a6 91 08 08 b2 f6 63 63
INFO - a6 91 48 10 47 a8 71 52
INFO - a6 91 88 18 00 01 86 a0
INFO - a6 93 c8 08 b2 f6 64 26
INFO - a6 93 08 10 47 a8 71 8e
INFO - a6 93 48 18 00 01 86 a0
INFO - a6 95 88 08 b2 f6 64 e8
INFO - a6 95 c8 10 47 a8 71 d1
INFO - a6 95 08 18 00 01 86 a0
INFO - a6 97 48 08 b2 f6 65 aa
INFO - a6 97 88 10 47 a8 72 0e
INFO - a6 97 c8 18 00 01 86 a0
INFO - a6 99 08 08 b2 f6 66 6d
INFO - a6 99 48 10 47 a8 72 4a
INFO - a6 99 88 18 00 01 86 a0
INFO - a6 9b c8 08 b2 f6 67 2f
INFO - a6 9b 08 10 47 a8 72 86
INFO - a6 9b 48 18 00 01 86 a0
INFO - a6 9d 88 08 b2 f6 67 f2
INFO - a6 9d c8 10 47 a8 72 c3
INFO - a6 9d 08 18 00 01 86 a0
INFO - a6 9f 48 08 b2 f6 68 b4
INFO - a6 9f 88 10 47 a8 73 06
INFO - a6 9f c8 18 00 01 86 a0
INFO - a6 a1 08 08 b2 f6 69 77
INFO - a6 a1 48 10 47 a8 73 42
INFO - a6 a1 88 18 00 01 86 a0
INFO - a6 a2 c8 08 b2 f6 6a 39
INFO - a6 a2 08 10 47 a8 73 7e
INFO - a6 a2 48 18 00 01 86 a0
INFO - a6 a4 88 08 b2 f6 6a fc
INFO - a6 a4 c8 10 47 a8 73 bb
INFO - a6 a4 08 18 00 01 86 a0
INFO - a6 a7 48 08 b2 f6 6b c5
INFO - a6 a7 88 10 47 a8 73 fe
INFO - a6 a7 c8 18 00 01 86 a0
INFO - a6 a9 08 08 b2 f6 6c 87
INFO - a6 a9 48 10 47 a8 74 3a
INFO - a6 a9 88 18 00 01 86 a0
INFO - a6 ab c8 08 b2 f6 6d 4a
INFO - a6 ab 08 10 47 a8 74 76
INFO - a6 ab 48 18 00 01 86 a0
INFO - a6 ad 88 08 b2 f6 6e 0c
INFO - a6 ad c8 10 47 a8 74 b3
INFO - a6 ad 08 18 00 01 86 a0
INFO - a6 af 48 08 b2 f6 6e cf
INFO - a6 af 88 10 47 a8 74 ef
INFO - a6 af c8 18 00 01 86 a0
INFO - a6 b1 08 08 b2 f6 6f 91
INFO - a6 b1 48 10 47 a8 75 32
INFO - a6 b1 88 18 00 01 86 a0
INFO - a6 b3 c8 08 b2 f6 70 54
INFO - a6 b3 08 10 47 a8 75 6f
INFO - a6 b3 48 18 00 01 86 a0
INFO - a6 b4 88 08 b2 f6 71 16
INFO - a6 b4 c8 10 47 a8 75 ab
INFO - a6 b4 08 18 00 01 86 a0
INFO - a6 b7 48 08 b2 f6 71 df
INFO - a6 b7 88 10 47 a8 75 e7
INFO - a6 b7 c8 18 00 01 86 a0
INFO - a6 b9 08 08 b2 f6 72 a2
INFO - a6 b9 48 10 47 a8 76 2a
INFO - a6 b9 88 18 00 01 86 a0
INFO - a6 bb c8 08 b2 f6 73 64
INFO - a6 bb 08 10 47 a8 76 67
INFO - a6 bb 48 18 00 01 86 a0
INFO - a6 bd 88 08 b2 f6 74 27
INFO - a6 bd c8 10 47 a8 76 a3
INFO - a6 bd 08 18 00 01 86 a0
INFO - a6 bf 48 08 b2 f6 74 e9
INFO - a6 bf 88 10 47 a8 76 df
INFO - a6 bf c8 18 00 01 86 a0
INFO - a6 c1 08 08 b2 f6 75 ac
INFO - a6 c1 48 10 47 a8 77 22
INFO - a6 c1 88 18 00 01 86 a0
INFO - a6 c3 c8 08 b2 f6 76 6e
INFO - a6 c3 08 10 47 a8 77 5f
INFO - a6 c3 48 18 00 01 86 a0
INFO - a6 c5 88 08 b2 f6 77 30
INFO - a6 c5 c8 10 47 a8 77 a2
INFO - a6 c5 08 18 00 01 86 a0
INFO - a6 c7 48 08 b2 f6 77 f3
INFO - a6 c7 88 10 47 a8 77 de
INFO - a6 c7 c8 18 00 01 86 a0
INFO - a6 c9 08 08 b2 f6 78 b5
INFO - a6 c9 48 10 47 a8 78 1b
INFO - a6 c9 88 18 00 01 86 a0
INFO - a6 cb c8 08 b2 f6 79 78
INFO - a6 cb 08 10 47 a8 78 5e
INFO - a6 cb 48 18 00 01 86 a0
INFO - a6 cd 88 08 b2 f6 7a 41
INFO - a6 cd c8 10 47 a8 78 9a
INFO - a6 cd 08 18 00 01 86 a0
INFO - a6 cf 48 08 b2 f6 7b 03
INFO - a6 cf 88 10 47 a8 78 dd
INFO - a6 cf c8 18 00 01 86 a0
INFO - a6 d1 08 08 b2 f6 7b bf
INFO - a6 d1 48 10 47 a8 79 19
INFO - a6 d1 88 18 00 01 86 a0
INFO - a6 d3 c8 08 b2 f6 7c 88
INFO - a6 d3 08 10 47 a8 79 56
INFO - a6 d3 48 18 00 01 86 a0
INFO - a6 d5 88 08 b2 f6 7d 4b
INFO - a6 d5 c8 10 47 a8 79 99
INFO - a6 d5 08 18 00 01 86 a0
INFO - a6 d7 48 08 b2 f6 7e 0d
INFO - a6 d7 88 10 47 a8 79 d5
INFO - a6 d7 c8 18 00 01 86 a0
INFO - a6 d9 08 08 b2 f6 7e c9
INFO - a6 d9 48 10 47 a8 7a 18
INFO - a6 d9 88 18 00 01 86 a0
INFO - a6 db c8 08 b2 f6 7f 8c
INFO - a6 db 08 10 47 a8 7a 55
INFO - a6 db 48 18 00 01 86 a0
INFO - a6 dd 88 08 b2 f6 80 4e
INFO - a6 dd c8 10 47 a8 7a 98
INFO - a6 dd 08 18 00 01 86 a0
INFO - a6 df 48 08 b2 f6 81 10
INFO - a6 df 88 10 47 a8 7a d4
INFO - a6 df c8 18 00 01 86 a0
INFO - a6 e1 08 08 b2 f6 81 d3
INFO - a6 e1 48 10 47 a8 7b 17
INFO - a6 e1 88 18 00 01 86 a0
INFO - a6 e3 c8 08 b2 f6 82 95
INFO - a6 e3 08 10 47 a8 7b 53
INFO - a6 e3 48 18 00 01 86 a0
INFO - a6 e5 88 08 b2 f6 83 58
INFO - a6 e5 c8 10 47 a8 7b 96
INFO - a6 e5 08 18 00 01 86 a0
INFO - a6 e7 48 08 b2 f6 84 1a
INFO - a6 e7 88 10 47 a8 7b d3
INFO - a6 e7 c8 18 00 01 86 a0
INFO - a6 e9 08 08 b2 f6 84 dd
INFO - a6 e9 48 10 47 a8 7c 16
INFO - a6 e9 88 18 00 01 86 a0
INFO - a6 ea c8 08 b2 f6 85 99
INFO - a6 ea 08 10 47 a8 7c 52
INFO - a6 ea 48 18 00 01 86 a0
INFO - a6 ed 88 08 b2 f6 86 62
INFO - a6 ed c8 10 47 a8 7c 95
INFO - a6 ed 08 18 00 01 86 a0
INFO - a6 ed 48 08 b2 f6 86 9e
INFO - a6 ed 88 10 47 a8 7c a9
INFO - a6 ed c8 18 00 01 86 a0
INFO - a6 ed 08 08 b2 f6 86 9e
INFO - a6 ed 48 10 47 a8 7c a9
INFO - a6 ed 88 18 00 01 86 a0
INFO - a6 ee c8 08 b2 f6 87 1d
INFO - a6 ee 08 10 47 a8 7c d2
INFO - a6 ee 48 18 00 01 86 a0
INFO - a6 f0 88 08 b2 f6 87 e0
INFO - a6 f0 c8 10 47 a8 7d 15
INFO - a6 f0 08 18 00 01 86 a0
INFO - a6 f2 48 08 b2 f6 88 a2
INFO - a6 f2 88 10 47 a8 7d 51
INFO - a6 f2 c8 18 00 01 86 a0
INFO - a6 f4 08 08 b2 f6 89 65
INFO - a6 f4 48 10 47 a8 7d 94
INFO - a6 f4 88 18 00 01 86 a0
INFO - a6 f6 c8 08 b2 f6 8a 27
INFO - a6 f6 08 10 47 a8 7d d0
INFO - a6 f6 48 18 00 01 86 a0
INFO - a6 f8 88 08 b2 f6 8a ea
INFO - a6 f8 c8 10 47 a8 7e 13
INFO - a6 f8 08 18 00 01 86 a0
INFO - a6 fa 48 08 b2 f6 8b ac
INFO - a6 fa 88 10 47 a8 7e 56
INFO - a6 fa c8 18 00 01 86 a0
INFO - a6 fc 08 08 b2 f6 8c 6f
INFO - a6 fc 48 10 47 a8 7e 93
INFO - a6 fc 88 18 00 01 86 a0
INFO - a6 ff c8 08 b2 f6 8d 31
INFO - a6 ff 08 10 47 a8 7e d6
INFO - a6 ff 48 18 00 01 86 a0
INFO - a7 00 88 08 b2 f6 8d ed
INFO - a7 00 c8 10 47 a8 7f 19
INFO - a7 00 08 18 00 01 86 a0
INFO - a7 02 48 08 b2 f6 8e af
INFO - a7 02 88 10 47 a8 7f 55
INFO - a7 02 c8 18 00 01 86 a0
INFO - a7 04 08 08 b2 f6 8f 72
INFO - a7 04 48 10 47 a8 7f 98
INFO - a7 04 88 18 00 01 86 a0
INFO - a7 06 c8 08 b2 f6 90 34
INFO - a7 06 08 10 47 a8 7f db
INFO - a7 06 48 18 00 01 86 a0
INFO - a7 08 88 08 b2 f6 90 f0
INFO - a7 08 c8 10 47 a8 80 18
INFO - a7 08 08 18 00 01 86 a0
INFO - a7 0a 48 08 b2 f6 91 b2
INFO - a7 0a 88 10 47 a8 80 5b
INFO - a7 0a c8 18 00 01 86 a0
INFO - a7 0c 08 08 b2 f6 92 75
INFO - a7 0c 48 10 47 a8 80 9e
INFO - a7 0c 88 18 00 01 86 a0
INFO - a7 0e c8 08 b2 f6 93 37
INFO - a7 0e 08 10 47 a8 80 e1
INFO - a7 0e 48 18 00 01 86 a0
INFO - a7 10 88 08 b2 f6 93 fa
INFO - a7 10 c8 10 47 a8 81 1d
INFO - a7 10 08 18 00 01 86 a0
INFO - a7 12 48 08 b2 f6 94 b6
INFO - a7 12 88 10 47 a8 81 60
INFO - a7 12 c8 18 00 01 86 a0
INFO - a7 14 08 08 b2 f6 95 78
INFO - a7 14 48 10 47 a8 81 a3
INFO - a7 14 88 18 00 01 86 a0
INFO - a7 16 c8 08 b2 f6 96 3b
INFO - a7 16 08 10 47 a8 81 e0
INFO - a7 16 48 18 00 01 86 a0
INFO - a7 18 88 08 b2 f6 96 fd
INFO - a7 18 c8 10 47 a8 82 23
INFO - a7 18 08 18 00 01 86 a0
INFO - a7 1a 48 08 b2 f6 97 b9
INFO - a7 1a 88 10 47 a8 82 66
INFO - a7 1a c8 18 00 01 86 a0
INFO - a7 1c 08 08 b2 f6 98 7b
INFO - a7 1c 48 10 47 a8 82 a9
INFO - a7 1c 88 18 00 01 86 a0
INFO - a7 1e c8 08 b2 f6 99 3e
INFO - a7 1e 08 10 47 a8 82 e5
INFO - a7 1e 48 18 00 01 86 a0
INFO - a7 20 88 08 b2 f6 9a 00
INFO - a7 20 c8 10 47 a8 83 28
INFO - a7 20 08 18 00 01 86 a0
INFO - a7 22 48 08 b2 f6 9a bc
INFO - a7 22 88 10 47 a8 83 6b
INFO - a7 22 c8 18 00 01 86 a0
INFO - a7 24 08 08 b2 f6 9b 7e
INFO - a7 24 48 10 47 a8 83 a8
INFO - a7 24 88 18 00 01 86 a0
INFO - a7 26 c8 08 b2 f6 9c 41
INFO - a7 26 08 10 47 a8 83 eb
INFO - a7 26 48 18 00 01 86 a0
INFO - a7 28 88 08 b2 f6 9d 03
INFO - a7 28 c8 10 47 a8 84 2e
INFO - a7 28 08 18 00 01 86 a0
INFO - a7 2a 48 08 b2 f6 9d c6
INFO - a7 2a 88 10 47 a8 84 71
INFO - a7 2a c8 18 00 01 86 a0
INFO - a7 2c 08 08 b2 f6 9e 88
INFO - a7 2c 48 10 47 a8 84 b4
INFO - a7 2c 88 18 00 01 86 a0
INFO - a7 2e c8 08 b2 f6 9f 44
INFO - a7 2e 08 10 47 a8 84 f0
INFO - a7 2e 48 18 00 01 86 a0
INFO - a7 30 88 08 b2 f6 a0 06
INFO - a7 30 c8 10 47 a8 85 33
INFO - a7 30 08 18 00 01 86 a0
INFO - a7 32 48 08 b2 f6 a0 c9
INFO - a7 32 88 10 47 a8 85 76
INFO - a7 32 c8 18 00 01 86 a0
INFO - a7 34 08 08 b2 f6 a1 8b
INFO - a7 34 48 10 47 a8 85 b9
INFO - a7 34 88 18 00 01 86 a0
INFO - a7 36 c8 08 b2 f6 a2 4e
INFO - a7 36 08 10 47 a8 85 fc
INFO - a7 36 48 18 00 01 86 a0
INFO - a7 38 88 08 b2 f6 a3 0a
INFO - a7 38 c8 10 47 a8 86 40
INFO - a7 38 08 18 00 01 86 a0
INFO - a7 3a 48 08 b2 f6 a3 cc
INFO - a7 3a 88 10 47 a8 86 7c
INFO - a7 3a c8 18 00 01 86 a0
INFO - a7 3c 08 08 b2 f6 a4 8e
INFO - a7 3c 48 10 47 a8 86 bf
INFO - a7 3c 88 18 00 01 86 a0
INFO - a7 3e c8 08 b2 f6 a5 51
INFO - a7 3e 08 10 47 a8 87 02
INFO - a7 3e 48 18 00 01 86 a0
INFO - a7 40 88 08 b2 f6 a6 13
INFO - a7 40 c8 10 47 a8 87 45
INFO - a7 40 08 18 00 01 86 a0
INFO - a7 42 48 08 b2 f6 a6 d6
INFO - a7 42 88 10 47 a8 87 88
INFO - a7 42 c8 18 00 01 86 a0
INFO - a7 44 08 08 b2 f6 a7 92
INFO - a7 44 48 10 47 a8 87 c4
INFO - a7 44 88 18 00 01 86 a0
INFO - a7 46 c8 08 b2 f6 a8 54
INFO - a7 46 08 10 47 a8 88 08
INFO - a7 46 48 18 00 01 86 a0
INFO - a7 48 88 08 b2 f6 a9 16
INFO - a7 48 c8 10 47 a8 88 4b
INFO - a7 48 08 18 00 01 86 a0
INFO - a7 4a 48 08 b2 f6 a9 e6
INFO - a7 4a 88 10 47 a8 88 8e
INFO - a7 4a c8 18 00 01 86 a0
INFO - a7 4a 08 08 b2 f6 a9 e6
INFO - a7 4a 48 10 47 a8 88 8e
INFO - a7 4a 88 18 00 01 86 a0
INFO - a7 4c c8 08 b2 f6 aa a9
INFO - a7 4c 08 10 47 a8 88 d1
INFO - a7 4c 48 18 00 01 86 a0
INFO - a7 4e 88 08 b2 f6 ab 6b
INFO - a7 4e c8 10 47 a8 89 14
INFO - a7 4e 08 18 00 01 86 a0
INFO - a7 50 48 08 b2 f6 ac 2e
INFO - a7 50 88 10 47 a8 89 57
INFO - a7 50 c8 18 00 01 86 a0
INFO - a7 52 08 08 b2 f6 ac e9
INFO - a7 52 48 10 47 a8 89 93
INFO - a7 52 88 18 00 01 86 a0
INFO - a7 54 c8 08 b2 f6 ad ac
INFO - a7 54 08 10 47 a8 89 d6
INFO - a7 54 48 18 00 01 86 a0
INFO - a7 56 88 08 b2 f6 ae 6e
INFO - a7 56 c8 10 47 a8 8a 19
INFO - a7 56 08 18 00 01 86 a0
INFO - a7 58 48 08 b2 f6 af 31
INFO - a7 58 88 10 47 a8 8a 5c
INFO - a7 58 c8 18 00 01 86 a0
INFO - a7 5a 08 08 b2 f6 af f3
INFO - a7 5a 48 10 47 a8 8a 9f
INFO - a7 5a 88 18 00 01 86 a0
INFO - a7 5c c8 08 b2 f6 b0 b6
INFO - a7 5c 08 10 47 a8 8a dc
INFO - a7 5c 48 18 00 01 86 a0
INFO - a7 5e 88 08 b2 f6 b1 78
INFO - a7 5e c8 10 47 a8 8b 1f
INFO - a7 5e 08 18 00 01 86 a0
INFO - a7 60 48 08 b2 f6 b2 3b
INFO - a7 60 88 10 47 a8 8b 62
INFO - a7 60 c8 18 00 01 86 a0
INFO - a7 63 08 08 b2 f6 b2 fd
INFO - a7 63 48 10 47 a8 8b a5
INFO - a7 63 88 18 00 01 86 a0
INFO - a7 64 c8 08 b2 f6 b3 b9
INFO - a7 64 08 10 47 a8 8b e8
INFO - a7 64 48 18 00 01 86 a0
INFO - a7 66 88 08 b2 f6 b4 7b
INFO - a7 66 c8 10 47 a8 8c 24
INFO - a7 66 08 18 00 01 86 a0
INFO - a7 68 48 08 b2 f6 b5 3e
INFO - a7 68 88 10 47 a8 8c 67
INFO - a7 68 c8 18 00 01 86 a0
INFO - a7 6a 08 08 b2 f6 b6 00
INFO - a7 6a 48 10 47 a8 8c aa
INFO - a7 6a 88 18 00 01 86 a0
INFO - a7 6c c8 08 b2 f6 b6 c3
INFO - a7 6c 08 10 47 a8 8c ed
INFO - a7 6c 48 18 00 01 86 a0
INFO - a7 6e 88 08 b2 f6 b7 85
INFO - a7 6e c8 10 47 a8 8d 2a
INFO - a7 6e 08 18 00 01 86 a0
INFO - a7 70 48 08 b2 f6 b8 48
INFO - a7 70 88 10 47 a8 8d 6d
INFO - a7 70 c8 18 00 01 86 a0
INFO - a7 73 08 08 b2 f6 b9 0a
INFO - a7 73 48 10 47 a8 8d b0
INFO - a7 73 88 18 00 01 86 a0
INFO - a7 75 c8 08 b2 f6 b9 cd
INFO - a7 75 08 10 47 a8 8d f3
INFO - a7 75 48 18 00 01 86 a0
INFO - a7 77 88 08 b2 f6 ba 8f
INFO - a7 77 c8 10 47 a8 8e 36
INFO - a7 77 08 18 00 01 86 a0
INFO - a7 79 48 08 b2 f6 bb 52
INFO - a7 79 88 10 47 a8 8e 79
INFO - a7 79 c8 18 00 01 86 a0
INFO - a7 7b 08 08 b2 f6 bc 0d
INFO - a7 7b 48 10 47 a8 8e bc
INFO - a7 7b 88 18 00 01 86 a0
INFO - a7 7d c8 08 b2 f6 bc d6
INFO - a7 7d 08 10 47 a8 8e f8
INFO - a7 7d 48 18 00 01 86 a0
INFO - a7 7f 88 08 b2 f6 bd 99
INFO - a7 7f c8 10 47 a8 8f 3c
INFO - a7 7f 08 18 00 01 86 a0
INFO - a7 81 48 08 b2 f6 be 55
INFO - a7 81 88 10 47 a8 8f 7f
INFO - a7 81 c8 18 00 01 86 a0
INFO - a7 83 08 08 b2 f6 bf 17
INFO - a7 83 48 10 47 a8 8f c2
INFO - a7 83 88 18 00 01 86 a0
INFO - a7 85 c8 08 b2 f6 bf da
INFO - a7 85 08 10 47 a8 90 05
INFO - a7 85 48 18 00 01 86 a0
INFO - a7 87 88 08 b2 f6 c0 9c
INFO - a7 87 c8 10 47 a8 90 48
INFO - a7 87 08 18 00 01 86 a0
INFO - a7 89 48 08 b2 f6 c1 5f
INFO - a7 89 88 10 47 a8 90 84
INFO - a7 89 c8 18 00 01 86 a0
INFO - a7 8b 08 08 b2 f6 c2 21
INFO - a7 8b 48 10 47 a8 90 c7
INFO - a7 8b 88 18 00 01 86 a0
INFO - a7 8d c8 08 b2 f6 c2 e3
INFO - a7 8d 08 10 47 a8 91 0a
INFO - a7 8d 48 18 00 01 86 a0
INFO - a7 8f 88 08 b2 f6 c3 a6
INFO - a7 8f c8 10 47 a8 91 4d
INFO - a7 8f 08 18 00 01 86 a0
INFO - a7 91 48 08 b2 f6 c4 68
INFO - a7 91 88 10 47 a8 91 90
INFO - a7 91 c8 18 00 01 86 a0
INFO - a7 93 08 08 b2 f6 c5 2b
INFO - a7 93 48 10 47 a8 91 cd
INFO - a7 93 88 18 00 01 86 a0
INFO - a7 95 c8 08 b2 f6 c5 ed
INFO - a7 95 08 10 47 a8 92 10
INFO - a7 95 48 18 00 01 86 a0
INFO - a7 97 88 08 b2 f6 c6 b0
INFO - a7 97 c8 10 47 a8 92 53
INFO - a7 97 08 18 00 01 86 a0
INFO - a7 99 48 08 b2 f6 c7 6b
INFO - a7 99 88 10 47 a8 92 96
INFO - a7 99 c8 18 00 01 86 a0
INFO - a7 9b 08 08 b2 f6 c8 2e
INFO - a7 9b 48 10 47 a8 92 d9
INFO - a7 9b 88 18 00 01 86 a0
INFO - a7 9d c8 08 b2 f6 c8 f0
INFO - a7 9d 08 10 47 a8 93 15
INFO - a7 9d 48 18 00 01 86 a0
INFO - a7 9f 88 08 b2 f6 c9 b3
INFO - a7 9f c8 10 47 a8 93 58
INFO - a7 9f 08 18 00 01 86 a0
INFO - a7 a1 48 08 b2 f6 ca 75
INFO - a7 a1 88 10 47 a8 93 9b
INFO - a7 a1 c8 18 00 01 86 a0
INFO - a7 a3 08 08 b2 f6 cb 38
INFO - a7 a3 48 10 47 a8 93 de
INFO - a7 a3 88 18 00 01 86 a0
INFO - a7 a5 c8 08 b2 f6 cb f4
INFO - a7 a5 08 10 47 a8 94 1b
INFO - a7 a5 48 18 00 01 86 a0
INFO - a7 a7 88 08 b2 f6 cc b6
INFO - a7 a7 c8 10 47 a8 94 5e
INFO - a7 a7 08 18 00 01 86 a0
INFO - a7 a9 48 08 b2 f6 cd 78
INFO - a7 a9 88 10 47 a8 94 a1
INFO - a7 a9 c8 18 00 01 86 a0
INFO - a7 ab 08 08 b2 f6 ce 3b
INFO - a7 ab 48 10 47 a8 94 dd
INFO - a7 ab 88 18 00 01 86 a0
INFO - a7 ad c8 08 b2 f6 ce fd
INFO - a7 ad 08 10 47 a8 95 20
INFO - a7 ad 48 18 00 01 86 a0
INFO - a7 af 88 08 b2 f6 cf b9
INFO - a7 af c8 10 47 a8 95 63
INFO - a7 af 08 18 00 01 86 a0
INFO - a7 b1 48 08 b2 f6 d0 7c
INFO - a7 b1 88 10 47 a8 95 a6
INFO - a7 b1 c8 18 00 01 86 a0
INFO - a7 b3 08 08 b2 f6 d1 3e
INFO - a7 b3 48 10 47 a8 95 e3
INFO - a7 b3 88 18 00 01 86 a0
INFO - a7 b5 c8 08 b2 f6 d2 01
INFO - a7 b5 08 10 47 a8 96 26
INFO - a7 b5 48 18 00 01 86 a0
INFO - a7 b7 88 08 b2 f6 d2 c3
INFO - a7 b7 c8 10 47 a8 96 69
INFO - a7 b7 08 18 00 01 86 a0
INFO - a7 b9 48 08 b2 f6 d3 85
INFO - a7 b9 88 10 47 a8 96 ac
INFO - a7 b9 c8 18 00 01 86 a0
INFO - a7 bb 08 08 b2 f6 d4 41
INFO - a7 bb 48 10 47 a8 96 e8
INFO - a7 bb 88 18 00 01 86 a0
INFO - a7 bd c8 08 b2 f6 d5 04
INFO - a7 bd 08 10 47 a8 97 2b
INFO - a7 bd 48 18 00 01 86 a0
INFO - a7 bf 88 08 b2 f6 d5 c6
INFO - a7 bf c8 10 47 a8 97 6e
INFO - a7 bf 08 18 00 01 86 a0
INFO - a7 c1 48 08 b2 f6 d6 89
INFO - a7 c1 88 10 47 a8 97 b1
INFO - a7 c1 c8 18 00 01 86 a0
INFO - a7 c3 08 08 b2 f6 d7 4b
INFO - a7 c3 48 10 47 a8 97 ee
INFO - a7 c3 88 18 00 01 86 a0
INFO - a7 c5 c8 08 b2 f6 d8 0d
INFO - a7 c5 08 10 47 a8 98 31
INFO - a7 c5 48 18 00 01 86 a0
INFO - a7 c7 88 08 b2 f6 d8 d0
INFO - a7 c7 c8 10 47 a8 98 74
INFO - a7 c7 08 18 00 01 86 a0
INFO - a7 c9 48 08 b2 f6 d9 92
INFO - a7 c9 88 10 47 a8 98 b0
INFO - a7 c9 c8 18 00 01 86 a0
INFO - a7 cb 08 08 b2 f6 da 55
INFO - a7 cb 48 10 47 a8 98 f3
INFO - a7 cb 88 18 00 01 86 a0
INFO - a7 cc c8 40 57 00 00 02
INFO - a7 cc 08 40 57 00 00 02
INFO - a7 cc 48 40 57 00 00 02
INFO - a7 cc 88 40 57 00 00 02
INFO - a7 cd c8 08 b2 f6 db 11
INFO - a7 cd 08 10 47 a8 99 36
INFO - a7 cd 48 18 00 01 86 a0
INFO - a7 cf 88 08 b2 f6 db d3
INFO - a7 cf c8 10 47 a8 99 73
INFO - a7 cf 08 18 00 01 86 a0
INFO - a7 d1 48 08 b2 f6 dc 96
INFO - a7 d1 88 10 47 a8 99 b6
INFO - a7 d1 c8 18 00 01 86 a0
INFO - a7 d3 08 08 b2 f6 dd 58
INFO - a7 d3 48 10 47 a8 99 f9
INFO - a7 d3 88 18 00 01 86 a0
INFO - a7 d5 c8 08 b2 f6 de 1a
INFO - a7 d5 08 10 47 a8 9a 3c
INFO - a7 d5 48 18 00 01 86 a0
INFO - a7 d7 88 08 b2 f6 de dd
INFO - a7 d7 c8 10 47 a8 9a 78
INFO - a7 d7 08 18 00 01 86 a0
INFO - a7 d7 48 08 b2 f6 df 20
INFO - a7 d7 88 10 47 a8 9a 93
INFO - a7 d7 c8 18 00 01 86 a0
INFO - a7 d7 08 08 b2 f6 df 20
INFO - a7 d7 48 10 47 a8 9a 93
INFO - a7 d7 88 18 00 01 86 a0
INFO - a7 d9 c8 08 b2 f6 df e9
INFO - a7 d9 08 10 47 a8 9a d6
INFO - a7 d9 48 18 00 01 86 a0
INFO - a7 db 88 08 b2 f6 e0 a5
INFO - a7 db c8 10 47 a8 9b 12
INFO - a7 db 08 18 00 01 86 a0
INFO - a7 dd 48 08 b2 f6 e1 67
INFO - a7 dd 88 10 47 a8 9b 55
INFO - a7 dd c8 18 00 01 86 a0
INFO - a7 df 08 08 b2 f6 e2 2a
INFO - a7 df 48 10 47 a8 9b 99
INFO - a7 df 88 18 00 01 86 a0
INFO - a7 e1 c8 08 b2 f6 e2 ec
INFO - a7 e1 08 10 47 a8 9b dc
INFO - a7 e1 48 18 00 01 86 a0
INFO - a7 e3 88 08 b2 f6 e3 af
INFO - a7 e3 c8 10 47 a8 9c 1f
INFO - a7 e3 08 18 00 01 86 a0
INFO - a7 e5 48 08 b2 f6 e4 71
INFO - a7 e5 88 10 47 a8 9c 5b
INFO - a7 e5 c8 18 00 01 86 a0
INFO - a7 e7 08 08 b2 f6 e5 34
INFO - a7 e7 48 10 47 a8 9c 9e
INFO - a7 e7 88 18 00 01 86 a0
INFO - a7 e9 c8 08 b2 f6 e5 f6
INFO - a7 e9 08 10 47 a8 9c e1
INFO - a7 e9 48 18 00 01 86 a0
INFO - a7 eb 88 08 b2 f6 e6 b9
INFO - a7 eb c8 10 47 a8 9d 1d
INFO - a7 eb 08 18 00 01 86 a0
INFO - a7 ed 48 08 b2 f6 e7 7b
INFO - a7 ed 88 10 47 a8 9d 61
INFO - a7 ed c8 18 00 01 86 a0
INFO - a7 ef 08 08 b2 f6 e8 37
INFO - a7 ef 48 10 47 a8 9d a4
INFO - a7 ef 88 18 00 01 86 a0
INFO - a7 f1 c8 08 b2 f6 e8 f9
INFO - a7 f1 08 10 47 a8 9d e7
INFO - a7 f1 48 18 00 01 86 a0
INFO - a7 f3 88 08 b2 f6 e9 bc
INFO - a7 f3 c8 10 47 a8 9e 23
INFO - a7 f3 08 18 00 01 86 a0
INFO - a7 f5 48 08 b2 f6 ea 7e
INFO - a7 f5 88 10 47 a8 9e 66
INFO - a7 f5 c8 18 00 01 86 a0
INFO - a7 f7 08 08 b2 f6 eb 41
INFO - a7 f7 48 10 47 a8 9e a9
INFO - a7 f7 88 18 00 01 86 a0
INFO - a7 f9 c8 08 b2 f6 ec 03
INFO - a7 f9 08 10 47 a8 9e ec
INFO - a7 f9 48 18 00 01 86 a0
INFO - a7 fb 88 08 b2 f6 ec c6
INFO - a7 fb c8 10 47 a8 9f 2f
INFO - a7 fb 08 18 00 01 86 a0
INFO - a7 fd 48 08 b2 f6 ed 88
INFO - a7 fd 88 10 47 a8 9f 6c
INFO - a7 fd c8 18 00 01 86 a0
INFO - a7 ff 08 08 b2 f6 ee 4a
INFO - a7 ff 48 10 47 a8 9f af
INFO - a7 ff 88 18 00 01 86 a0
INFO - a8 01 c8 08 b2 f6 ef 0d
INFO - a8 01 08 10 47 a8 9f f2
INFO - a8 01 48 18 00 01 86 a0
INFO - a8 03 88 08 b2 f6 ef c9
INFO - a8 03 c8 10 47 a8 a0 35
INFO - a8 03 08 18 00 01 86 a0
INFO - a8 05 48 08 b2 f6 f0 8b
INFO - a8 05 88 10 47 a8 a0 71
INFO - a8 05 c8 18 00 01 86 a0
INFO - a8 07 08 08 b2 f6 f1 4e
INFO - a8 07 48 10 47 a8 a0 b4
INFO - a8 07 88 18 00 01 86 a0
INFO - a8 09 c8 08 b2 f6 f2 10
INFO - a8 09 08 10 47 a8 a0 f7
INFO - a8 09 48 18 00 01 86 a0
INFO - a8 0b 88 08 b2 f6 f2 d3
INFO - a8 0b c8 10 47 a8 a1 3a
INFO - a8 0b 08 18 00 01 86 a0
INFO - a8 0d 48 08 b2 f6 f3 95
INFO - a8 0d 88 10 47 a8 a1 77
INFO - a8 0d c8 18 00 01 86 a0
INFO - a8 0f 08 08 b2 f6 f4 57
INFO - a8 0f 48 10 47 a8 a1 ba
INFO - a8 0f 88 18 00 01 86 a0
INFO - a8 11 c8 08 b2 f6 f5 13
INFO - a8 11 08 10 47 a8 a1 fd
INFO - a8 11 48 18 00 01 86 a0
INFO - a8 13 88 08 b2 f6 f5 d6
INFO - a8 13 c8 10 47 a8 a2 40
INFO - a8 13 08 18 00 01 86 a0
INFO - a8 15 48 08 b2 f6 f6 98
INFO - a8 15 88 10 47 a8 a2 7c
INFO - a8 15 c8 18 00 01 86 a0
INFO - a8 17 08 08 b2 f6 f7 5b
INFO - a8 17 48 10 47 a8 a2 bf
INFO - a8 17 88 18 00 01 86 a0
INFO - a8 19 c8 08 b2 f6 f8 1d
INFO - a8 19 08 10 47 a8 a3 02
INFO - a8 19 48 18 00 01 86 a0
INFO - a8 1b 88 08 b2 f6 f8 b7
INFO - a8 1b c8 10 47 a8 a3 38
INFO - a8 1b 08 18 00 01 86 a0
INFO - a8 1b 48 08 b2 f6 f8 b7
INFO - a8 1b 88 10 47 a8 a3 38
INFO - a8 1b c8 18 00 01 86 a0
INFO - a8 51 08 08 b2 f7 0e 67
INFO - a8 51 48 10 47 a8 a6 48
INFO - a8 51 88 18 00 01 86 a0
INFO - a8 51 c8 08 b2 f7 0e 67
INFO - a8 51 08 10 47 a8 a6 48
INFO - a8 51 48 18 00 01 86 a0
INFO - a8 53 88 08 b2 f7 0f 31
INFO - a8 53 c8 10 47 a8 a6 7e
INFO - a8 53 08 18 00 01 86 a0
INFO - a8 55 48 08 b2 f7 0f f3
INFO - a8 55 88 10 47 a8 a6 ba
INFO - a8 55 c8 18 00 01 86 a0
INFO - a8 57 08 08 b2 f7 10 bc
INFO - a8 57 48 10 47 a8 a6 f0
INFO - a8 57 88 18 00 01 86 a0
INFO - a8 59 c8 08 b2 f7 11 7f
INFO - a8 59 08 10 47 a8 a7 2c
INFO - a8 59 48 18 00 01 86 a0
INFO - a8 5b 88 08 b2 f7 12 29
INFO - a8 5b c8 10 47 a8 a7 61
INFO - a8 5b 08 18 00 01 86 a0
