INFO - 20 00 49 3c 00 0a 40 00
INFO - 20 07 89 3c 00 0b 5c 00
INFO - 20 12 c9 3c 00 0a 90 00
INFO - 20 12 09 3c 00 0a 90 00
INFO - 20 17 49 3c 00 0a bf 00
INFO - 20 17 89 3c 00 0a bf 00
INFO - 20 17 c9 3c 00 0a bf 00
INFO - 20 1a 09 3c 00 0a 72 00
INFO - 20 1f 49 3c 00 0b 2b 00
INFO - 20 1f 89 3c 00 0b 2b 00
INFO - 20 25 c9 3c 00 0a e0 00
INFO - 20 25 09 3c 00 0a e0 00
INFO - 20 29 49 3c 00 0a a0 00
INFO - 20 2d 89 3c 00 0a f2 00
INFO - 20 2e c9 3c 00 0a 75 00
INFO - 20 33 09 3c 00 0b 2b 00
INFO - 20 33 49 3c 00 0b 2b 00
INFO - 20 37 89 3c 00 0a b0 00
INFO - 20 37 c9 3c 00 0a b0 00
INFO - 20 3b 09 3c 00 0a 96 00
INFO - 20 3c 49 3c 00 0a 92 00
INFO - 20 3d 89 3c 00 0a 6b 00
INFO - 20 41 c9 3c 00 0b 17 00
INFO - 20 41 09 3c 00 0b 17 00
INFO - 20 46 49 3c 00 0a aa 00
INFO - 20 46 89 3c 00 0a aa 00
INFO - 20 49 c9 3c 00 0a 9a 00
INFO - 20 49 09 3c 00 0a 9a 00
INFO - 20 49 49 3c 00 0a 9a 00
INFO - 20 49 89 3c 00 0a 9a 00
INFO - 20 49 c9 3c 00 0a 9a 00
INFO - 20 54 09 3c 00 0a 9b 00
INFO - 20 56 49 3c 00 0a 9e 00
INFO - 20 58 89 3c 00 0a 92 00
INFO - 20 5a c9 3c 00 0a b6 00
INFO - 20 5d 09 3c 00 0a bb 00
INFO - 20 5e 49 3c 00 0a 96 00
INFO - 20 61 89 3c 00 0a d1 00
INFO - 20 63 c9 3c 00 0a aa 00
INFO - 20 65 09 3c 00 0a 7f 00
INFO - 20 67 49 3c 00 0a c6 00
INFO - 20 69 89 3c 00 0a 8c 00
INFO - 20 6a c9 3c 00 0a 8a 00
INFO - 20 6d 09 3c 00 0a b1 00
INFO - 20 6f 49 3c 00 0a ac 00
INFO - 20 71 89 3c 00 0a b1 00
INFO - 20 73 c9 3c 00 0a a1 00
INFO - 20 75 09 3c 00 0a 89 00
INFO - 20 76 49 3c 00 0a 92 00
INFO - 20 78 89 3c 00 0a a1 00
INFO - 20 7a c9 3c 00 0a 94 00
INFO - 20 7c 09 3c 00 0a 95 00
INFO - 20 7d 49 3c 00 0a 9c 00
INFO - 20 7f 89 3c 00 0a 96 00
INFO - 20 81 c9 3c 00 0a aa 00
INFO - 20 85 09 3c 00 0a de 00
INFO - 20 87 49 3c 00 0a a7 00
INFO - 20 89 89 3c 00 0a ac 00
INFO - 20 8b c9 3c 00 0a a9 00
INFO - 20 8d 09 3c 00 0a a8 00
INFO - 20 93 49 3c 00 0b 72 00
INFO - 20 95 89 3c 00 0a a1 00
INFO - 20 97 c9 3c 00 0a aa 00
INFO - 20 99 09 3c 00 0a a7 00
INFO - 20 9b 49 3c 00 0a ac 00
INFO - 20 9e 89 3c 00 0a a7 00
INFO - 20 a0 c9 3c 00 0a c1 00
INFO - 20 a2 09 3c 00 0a 94 00
INFO - 20 a4 49 3c 00 0a b5 00
INFO - 20 a6 89 3c 00 0a 95 00
INFO - 20 a7 c9 3c 00 0a 8b 00
INFO - 20 aa 09 3c 00 0a ca 00
INFO - 20 ac 49 3c 00 0a ab 00
INFO - 20 af 89 3c 00 0a aa 00
INFO - 20 b2 c9 3c 00 0a d8 00
INFO - 20 b3 09 3c 00 0a 94 00
INFO - 20 b5 49 3c 00 0a 98 00
INFO - 20 b7 89 3c 00 0a b7 00
INFO - 20 b9 c9 3c 00 0a 9f 00
INFO - 20 bd 09 3c 00 0a e4 00
INFO - 20 bf 49 3c 00 0a a1 00
INFO - 20 c2 89 3c 00 0a da 00
INFO - 20 c4 c9 3c 00 0a c4 00
INFO - 20 c8 09 3c 00 0a e4 00
INFO - 20 ca 49 3c 00 0a c4 00
INFO - 20 cd 89 3c 00 0a cf 00
INFO - 20 d0 c9 3c 00 0a cd 00
INFO - 20 d2 09 3c 00 0a 99 00
INFO - 20 d4 49 3c 00 0a a0 00
INFO - 20 d6 89 3c 00 0a 7a 00
INFO - 20 d8 c9 3c 00 0a 99 00
INFO - 20 db 09 3c 00 0a dc 00
INFO - 20 dc 49 3c 00 0a 8f 00
INFO - 20 de 89 3c 00 0a af 00
INFO - 20 e0 c9 3c 00 0a 9c 00
INFO - 20 e2 09 3c 00 0a 9a 00
INFO - 20 e4 49 3c 00 0a a3 00
INFO - 20 e6 89 3c 00 0a a8 00
INFO - 20 e8 c9 3c 00 0a a5 00
INFO - 20 eb 09 3c 00 0a b4 00
INFO - 20 ec 49 3c 00 0a 9b 00
INFO - 20 ee 89 3c 00 0a 99 00
INFO - 20 f0 c9 3c 00 0a 90 00
INFO - 20 f3 09 3c 00 0a e1 00
INFO - 20 f6 49 3c 00 0a c1 00
INFO - 20 f9 89 3c 00 0a c9 00
INFO - 20 fb c9 3c 00 0a c2 00
INFO - 20 fd 09 3c 00 0a a7 00
INFO - 21 00 49 3c 00 0a c3 00
INFO - 21 02 89 3c 00 0a 9e 00
INFO - 21 05 c9 3c 00 0a cd 00
INFO - 21 06 09 3c 00 0a 93 00
INFO - 21 0a 49 3c 00 0a fb 00
INFO - 21 0c 89 3c 00 0a ad 00
INFO - 21 0f c9 3c 00 0a c3 00
INFO - 21 11 09 3c 00 0a a0 00
INFO - 21 13 49 3c 00 0a b8 00
INFO - 21 17 89 3c 00 0a e8 00
INFO - 21 19 c9 3c 00 0a ad 00
INFO - 21 1b 09 3c 00 0a a1 00
INFO - 21 1d 49 3c 00 0a ad 00
INFO - 21 1e 89 3c 00 0a 65 00
INFO - 21 24 c9 3c 00 0b 27 00
INFO - 21 29 09 3c 00 0b 4f 00
INFO - 21 2c 49 3c 00 0a de 00
INFO - 21 2f 89 3c 00 0a c8 00
INFO - 21 32 c9 3c 00 0a be 00
INFO - 21 35 09 3c 00 0a 8b 00
INFO - 21 37 49 3c 00 0a b1 00
INFO - 21 3a 89 3c 00 0a bd 00
INFO - 21 3c c9 3c 00 0a af 00
INFO - 21 3e 09 3c 00 0a a7 00
INFO - 21 41 49 3c 00 0a c8 00
INFO - 21 44 89 3c 00 0a d9 00
INFO - 21 46 c9 3c 00 0a c9 00
INFO - 21 48 09 3c 00 0a a7 00
INFO - 21 4b 49 3c 00 0a cb 00
INFO - 21 4e 89 3c 00 0a cb 00
INFO - 21 52 c9 3c 00 0a bf 00
INFO - 21 55 09 3c 00 0a cb 00
INFO - 21 57 49 3c 00 0a b2 00
INFO - 21 59 89 3c 00 0a b1 00
INFO - 21 5c c9 3c 00 0a b4 00
INFO - 21 5f 09 3c 00 0a e3 00
INFO - 21 60 49 3c 00 0a 8c 00
INFO - 21 63 89 3c 00 0a cd 00
INFO - 21 65 c9 3c 00 0a 9b 00
INFO - 21 68 09 3c 00 0a e7 00
INFO - 21 6b 49 3c 00 0a 73 00
INFO - 21 6e 89 3c 00 0a dc 00
INFO - 21 70 c9 3c 00 0a b1 00
INFO - 21 74 09 3c 00 0b 02 00
INFO - 21 76 49 3c 00 0a a5 00
INFO - 21 79 89 3c 00 0a db 00
INFO - 21 7c c9 3c 00 0a c2 00
INFO - 21 7e 09 3c 00 0a b4 00
INFO - 21 81 49 3c 00 0a ce 00
INFO - 21 83 89 3c 00 0a b4 00
INFO - 21 87 c9 3c 00 0a f3 00
INFO - 21 89 09 3c 00 0a a5 00
INFO - 21 8c 49 3c 00 0a f4 00
INFO - 21 8f 89 3c 00 0a b2 00
INFO - 21 91 c9 3c 00 0a c1 00
INFO - 21 93 09 3c 00 0a a7 00
INFO - 21 97 49 3c 00 0a e4 00
INFO - 21 99 89 3c 00 0a a7 00
INFO - 21 9a c9 3c 00 0a 8c 00
INFO - 21 9d 09 3c 00 0a c1 00
INFO - 21 9f 49 3c 00 0a 98 00
INFO - 21 a1 89 3c 00 0a c1 00
INFO - 21 a4 c9 3c 00 0a b1 00
INFO - 21 a7 09 3c 00 0a ce 00
INFO - 21 a9 49 3c 00 0a a6 00
INFO - 21 ab 89 3c 00 0a b4 00
INFO - 21 ad c9 3c 00 0a a6 00
INFO - 21 af 09 3c 00 0a 99 00
INFO - 21 b2 49 3c 00 0a e8 00
INFO - 21 b5 89 3c 00 0a cc 00
INFO - 21 b8 c9 3c 00 0a c2 00
INFO - 21 bb 09 3c 00 0a e7 00
INFO - 21 bd 49 3c 00 0a 9a 00
INFO - 21 c1 89 3c 00 0b 28 00
INFO - 21 c4 c9 3c 00 0a ce 00
INFO - 21 ca 09 3c 00 0b 42 00
INFO - 21 cc 49 3c 00 0a b3 00
INFO - 21 cf 89 3c 00 0a c4 00
INFO - 21 d1 c9 3c 00 0a c2 00
INFO - 21 d3 09 3c 00 0a a7 00
INFO - 21 d8 49 3c 00 0b 43 00
INFO - 21 db 89 3c 00 0a b5 00
INFO - 21 de c9 3c 00 0a 88 00
INFO - 21 e0 09 3c 00 0a b3 00
INFO - 21 e2 49 3c 00 0a 9d 00
INFO - 21 e5 89 3c 00 0a cd 00
INFO - 21 e7 c9 3c 00 0a 9d 00
INFO - 21 e9 09 3c 00 0a b3 00
INFO - 21 ed 49 3c 00 0b 02 00
INFO - 21 f0 89 3c 00 0a dd 00
INFO - 21 f3 c9 3c 00 0a c1 00
INFO - 21 f5 09 3c 00 0a c1 00
INFO - 21 f7 49 3c 00 0a 9b 00
INFO - 21 f9 89 3c 00 0a 98 00
INFO - 21 fc c9 3c 00 0a ea 00
INFO - 22 00 09 3c 00 0a e8 00
INFO - 22 02 49 3c 00 0a cd 00
INFO - 22 04 89 3c 00 0a 98 00
INFO - 22 07 c9 3c 00 0a ce 00
INFO - 22 0a 09 3c 00 0a dc 00
INFO - 22 0d 49 3c 00 0a d8 00
INFO - 22 10 89 3c 00 0a cf 00
INFO - 22 13 c9 3c 00 0a da 00
INFO - 22 16 09 3c 00 0a b3 00
INFO - 22 18 49 3c 00 0a be 00
INFO - 22 1b 89 3c 00 0a b4 00
INFO - 22 1d c9 3c 00 0a a7 00
INFO - 22 1f 09 3c 00 0a b3 00
INFO - 22 21 49 3c 00 0a be 00
INFO - 22 24 89 3c 00 0a c2 00
INFO - 22 26 c9 3c 00 0a b3 00
INFO - 22 2a 09 3c 00 0a d9 00
INFO - 22 2d 49 3c 00 0a d8 00
INFO - 22 30 89 3c 00 0a e9 00
INFO - 22 33 c9 3c 00 0a da 00
INFO - 22 36 09 3c 00 0a cd 00
INFO - 22 39 49 3c 00 0a cd 00
INFO - 22 3b 89 3c 00 0a a5 00
INFO - 22 3e c9 3c 00 0a 8e 00
INFO - 22 40 09 3c 00 0a 9a 00
INFO - 22 42 49 3c 00 0a b2 00
INFO - 22 46 89 3c 00 0b 01 00
INFO - 22 49 c9 3c 00 0a cd 00
INFO - 22 4b 09 3c 00 0a aa 00
INFO - 22 4e 49 3c 00 0a e8 00
INFO - 22 51 89 3c 00 0a c2 00
INFO - 22 53 c9 3c 00 0a b5 00
INFO - 22 56 09 3c 00 0a d9 00
INFO - 22 5a 49 3c 00 0a e8 00
INFO - 22 5d 89 3c 00 0a be 00
INFO - 22 5f c9 3c 00 0a a5 00
INFO - 22 61 09 3c 00 0a b7 00
INFO - 22 64 49 3c 00 0a bf 00
INFO - 22 68 89 3c 00 0b 06 00
INFO - 22 6a c9 3c 00 0a c1 00
INFO - 22 6d 09 3c 00 0a c5 00
INFO - 22 6f 49 3c 00 0a b3 00
INFO - 22 72 89 3c 00 0a d2 00
INFO - 22 77 c9 3c 00 0b 1c 00
INFO - 22 79 09 3c 00 0a ab 00
INFO - 22 7c 49 3c 00 0a d1 00
INFO - 22 7f 89 3c 00 0a cd 00
INFO - 22 80 c9 3c 00 0a 91 00
INFO - 22 84 09 3c 00 0a e7 00
INFO - 22 86 49 3c 00 0a c4 00
INFO - 22 89 89 3c 00 0a d0 00
INFO - 22 8d c9 3c 00 0a dd 00
INFO - 22 8f 09 3c 00 0a c2 00
INFO - 22 92 49 3c 00 0a c0 00
INFO - 22 96 89 3c 00 0b 1f 00
INFO - 22 99 c9 3c 00 0a b4 00
INFO - 22 9c 09 3c 00 0a e8 00
INFO - 22 9e 49 3c 00 0a a6 00
INFO - 22 a0 89 3c 00 0a 9d 00
INFO - 22 a3 c9 3c 00 0a c2 00
INFO - 22 a5 09 3c 00 0a a5 00
INFO - 22 a8 49 3c 00 0a eb 00
INFO - 22 aa 89 3c 00 0a a5 00
INFO - 22 ad c9 3c 00 0a 7c 00
INFO - 22 af 09 3c 00 0a cf 00
INFO - 22 b2 49 3c 00 0a bf 00
INFO - 22 b4 89 3c 00 0a b8 00
INFO - 22 b6 c9 3c 00 0a a6 00
INFO - 22 b9 09 3c 00 0a c5 00
INFO - 22 bc 49 3c 00 0a b6 00
INFO - 22 be 89 3c 00 0a c0 00
INFO - 22 c1 c9 3c 00 0a b8 00
INFO - 22 c3 09 3c 00 0a b3 00
INFO - 22 c6 49 3c 00 0a df 00
INFO - 22 c9 89 3c 00 0a dd 00
INFO - 22 cd c9 3c 00 0a e9 00
INFO - 22 cf 09 3c 00 0a aa 00
INFO - 22 d2 49 3c 00 0a f5 00
INFO - 22 d4 89 3c 00 0a 9e 00
INFO - 22 d7 c9 3c 00 0a db 00
INFO - 22 db 09 3c 00 0a ec 00
INFO - 22 dd 49 3c 00 0a 9b 00
INFO - 22 e1 89 3c 00 0a f8 00
INFO - 22 e3 c9 3c 00 0a b3 00
INFO - 22 e5 09 3c 00 0a aa 00
INFO - 22 e8 49 3c 00 0a c2 00
INFO - 22 ea 89 3c 00 0a b3 00
INFO - 22 ed c9 3c 00 0a c4 00
INFO - 22 ef 09 3c 00 0a cd 00
INFO - 22 f1 49 3c 00 0a 9d 00
INFO - 22 f4 89 3c 00 0a c1 00
INFO - 22 f7 c9 3c 00 0a e8 00
INFO - 22 f9 09 3c 00 0a 9a 00
INFO - 22 fb 49 3c 00 0a 79 00
INFO - 22 ff 89 3c 00 0a dc 00
INFO - 23 02 c9 3c 00 0a d8 00
INFO - 23 05 09 3c 00 0a e9 00
INFO - 23 07 49 3c 00 0a b1 00
INFO - 23 0a 89 3c 00 0a b5 00
INFO - 23 0c c9 3c 00 0a a4 00
INFO - 23 0f 09 3c 00 0a da 00
INFO - 23 12 49 3c 00 0a ca 00
INFO - 23 16 89 3c 00 0b 27 00
INFO - 23 19 c9 3c 00 0a c5 00
INFO - 23 1b 09 3c 00 0a 9d 00
INFO - 23 1e 49 3c 00 0a c2 00
INFO - 23 20 89 3c 00 0a ca 00
INFO - 23 23 c9 3c 00 0a c1 00
INFO - 23 26 09 3c 00 0a e4 00
INFO - 23 28 49 3c 00 0a a9 00
INFO - 23 2b 89 3c 00 0a c1 00
INFO - 23 2d c9 3c 00 0a 96 00
INFO - 23 30 09 3c 00 0a da 00
INFO - 23 34 49 3c 00 0b 2a 00
INFO - 23 37 89 3c 00 0a a5 00
INFO - 23 39 c9 3c 00 0a b7 00
INFO - 23 3b 09 3c 00 0a b4 00
INFO - 23 3e 49 3c 00 0a b4 00
INFO - 23 41 89 3c 00 0a e8 00
INFO - 23 44 c9 3c 00 0a c1 00
INFO - 23 47 09 3c 00 0a d8 00
INFO - 23 49 49 3c 00 0a c5 00
INFO - 23 4c 89 3c 00 0a be 00
INFO - 23 4e c9 3c 00 0a ad 00
INFO - 23 51 09 3c 00 0a cc 00
INFO - 23 54 49 3c 00 0a cc 00
INFO - 23 57 89 3c 00 0a cb 00
INFO - 23 59 c9 3c 00 0a a0 00
INFO - 23 5c 09 3c 00 0a be 00
INFO - 23 5f 49 3c 00 0a d6 00
INFO - 23 62 89 3c 00 0a dd 00
INFO - 23 64 c9 3c 00 0a c2 00
INFO - 23 67 09 3c 00 0a bf 00
INFO - 23 69 49 3c 00 0a ae 00
INFO - 23 6c 89 3c 00 0a b6 00
INFO - 23 6e c9 3c 00 0a c4 00
INFO - 23 70 09 3c 00 0a 96 00
INFO - 23 73 49 3c 00 0a 85 00
INFO - 23 75 89 3c 00 0a b0 00
INFO - 23 79 c9 3c 00 0b 19 00
INFO - 23 7b 09 3c 00 0a 97 00
INFO - 23 7e 49 3c 00 0a de 00
INFO - 23 81 89 3c 00 0a cb 00
INFO - 23 84 c9 3c 00 0a be 00
INFO - 23 87 09 3c 00 0a d7 00
INFO - 23 89 49 3c 00 0a b2 00
INFO - 23 8c 89 3c 00 0a d7 00
INFO - 23 8f c9 3c 00 0a ed 00
INFO - 23 92 09 3c 00 0a bf 00
INFO - 23 95 49 3c 00 0a e5 00
INFO - 23 98 89 3c 00 0a da 00
INFO - 23 9c c9 3c 00 0a fb 00
INFO - 23 9e 09 3c 00 0a a3 00
INFO - 23 a1 49 3c 00 0a c6 00
INFO - 23 a3 89 3c 00 0a ad 00
INFO - 23 a6 c9 3c 00 0a bf 00
INFO - 23 a9 09 3c 00 0a cd 00
INFO - 23 ab 49 3c 00 0a be 00
INFO - 23 ae 89 3c 00 0a c5 00
INFO - 23 b0 c9 3c 00 0a b9 00
INFO - 23 b3 09 3c 00 0a cd 00
INFO - 23 b5 49 3c 00 0a 98 00
INFO - 23 b7 89 3c 00 0a aa 00
INFO - 23 b9 c9 3c 00 0a a5 00
INFO - 23 bc 09 3c 00 0a c6 00
INFO - 23 bf 49 3c 00 0a da 00
INFO - 23 c1 89 3c 00 0a b8 00
INFO - 23 c4 c9 3c 00 0a c6 00
INFO - 23 c8 09 3c 00 0b 17 00
INFO - 23 cb 49 3c 00 0a de 00
INFO - 23 d0 89 3c 00 0b 18 00
INFO - 23 d2 c9 3c 00 0a bd 00
INFO - 23 d4 09 3c 00 0a a6 00
INFO - 23 d8 49 3c 00 0b 01 00
