INFO - 40 00 09 00 fb 43 00 22
INFO - 40 23 49 00 fb 43 00 22
INFO - 40 60 89 00 fb 43 00 22
INFO - 40 87 c9 00 fb 53 00 20
INFO - 40 99 09 00 fb 53 00 20
INFO - 40 ad 49 00 fb 43 00 22
INFO - 40 e0 89 00 fb 43 00 22
INFO - 41 31 c9 00 fb 43 00 22
INFO - 41 62 09 00 fb 43 00 22
INFO - 41 bf 49 00 fb 53 00 20
INFO - 41 d3 89 00 fb 53 00 20
INFO - 41 e6 c9 00 fb 43 00 23
INFO - 42 0b 09 00 fb 43 00 23
INFO - 42 48 49 00 fb 43 00 22
INFO - 42 5d 89 00 fb 53 00 20
INFO - 42 6b c9 00 fb 53 00 20
INFO - 42 7b 09 00 fb 43 00 22
INFO - 42 8b 49 00 fb 53 00 20
INFO - 42 a7 89 00 fb 43 00 23
INFO - 42 bf c9 00 fb 43 00 23
INFO - 42 da 09 00 fb 53 00 20
INFO - 42 f9 49 00 fb 53 00 20
INFO - 43 00 89 00 fb 53 00 20
INFO - 43 22 c9 00 fb 43 00 22
INFO - 43 4f 09 00 fb 43 00 22
INFO - 43 68 49 00 fb 43 00 22
INFO - 43 86 89 00 fb 43 00 22
INFO - 43 ef c9 00 fb 43 00 22
INFO - 44 13 09 00 fb 53 00 20
INFO - 44 30 49 00 fb 53 00 20
INFO - 44 4c 89 00 fb 43 00 22
INFO - 44 6f c9 00 fb 43 00 22
INFO - 44 96 09 00 fb 43 00 22
INFO - 44 e6 49 00 fb 43 00 22
INFO - 45 22 89 00 fb 53 00 20
INFO - 45 3f c9 00 fb 53 00 20
INFO - 45 5a 09 00 fb 43 00 22
INFO - 45 78 49 00 fb 43 00 22
INFO - 45 8f 89 00 fb 43 00 23
INFO - 45 e2 c9 00 fb 43 00 22
INFO - 45 ff 09 00 fb 43 00 22
INFO - 46 26 49 00 fb 43 00 22
INFO - 46 4b 89 00 fb 53 00 20
INFO - 46 5e c9 00 fb 53 00 20
INFO - 46 78 09 00 fb 43 00 22
INFO - 46 c1 49 00 fb 53 00 20
INFO - 46 d7 89 00 fb 43 00 23
INFO - 47 07 c9 00 fb 43 00 23
INFO - 47 25 09 00 fb 53 00 20
INFO - 47 3c 49 00 fb 53 00 20
INFO - 47 48 89 00 fa 53 00 20
INFO - 47 50 c9 00 fa 53 00 20
INFO - 47 68 09 00 fa 43 00 24
INFO - 47 8d 49 00 fa 43 00 24
INFO - 47 bd 89 00 fa 43 00 24
INFO - 47 f3 c9 00 fa 43 00 24
INFO - 48 6e 09 00 fa 43 00 24
