INFO - 20 00 48 3c 00 0a 40 00
INFO - 20 0e 88 3c 00 0b fe 00
INFO - 20 1b c8 3c 00 0a b2 00
INFO - 20 1b 08 3c 00 0a b2 00
INFO - 20 1d 48 3c 00 0a 5c 00
INFO - 20 1d 88 3c 00 0a 5c 00
INFO - 20 24 c8 3c 00 0a f1 00
INFO - 20 26 08 3c 00 0a a2 00
INFO - 20 26 48 3c 00 0a a2 00
INFO - 20 2f 88 3c 00 0b 17 00
INFO - 20 30 c8 3c 00 0a 8a 00
INFO - 20 35 08 3c 00 0b 14 00
INFO - 20 36 48 3c 00 0a a0 00
INFO - 20 39 88 3c 00 0a af 00
INFO - 20 3a c8 3c 00 0a 8d 00
INFO - 20 3a 08 3c 00 0a 8d 00
INFO - 20 3a 48 3c 00 0a 8d 00
INFO - 20 42 88 3c 00 0a bb 00
INFO - 20 44 c8 3c 00 0a c0 00
INFO - 20 48 08 3c 00 0a fb 00
INFO - 20 48 48 3c 00 0a fb 00
INFO - 20 4d 88 3c 00 0a b7 00
INFO - 20 4d c8 3c 00 0a b7 00
INFO - 20 52 08 3c 00 0a bc 00
INFO - 20 52 48 3c 00 0a bc 00
INFO - 20 52 88 3c 00 0a bc 00
INFO - 20 5b c8 3c 00 0a d5 00
INFO - 20 5e 08 3c 00 0a cd 00
INFO - 20 5f 48 3c 00 0a 73 00
INFO - 20 62 88 3c 00 0a e4 00
INFO - 20 66 c8 3c 00 0b 1c 00
INFO - 20 66 08 3c 00 0b 1c 00
INFO - 20 66 48 3c 00 0b 1c 00
INFO - 20 6f 88 3c 00 0a d7 00
INFO - 20 71 c8 3c 00 0a 8e 00
INFO - 20 74 08 3c 00 0a c6 00
INFO - 20 76 48 3c 00 0a bf 00
INFO - 20 78 88 3c 00 0a 9f 00
INFO - 20 7d c8 3c 00 0b 26 00
INFO - 20 80 08 3c 00 0a dd 00
INFO - 20 82 48 3c 00 0a ab 00
INFO - 20 84 88 3c 00 0a b6 00
INFO - 20 87 c8 3c 00 0a a9 00
INFO - 20 89 08 3c 00 0a b2 00
INFO - 20 8b 48 3c 00 0a 9f 00
INFO - 20 8e 88 3c 00 0a da 00
INFO - 20 90 c8 3c 00 0a b9 00
INFO - 20 94 08 3c 00 0a e8 00
INFO - 20 96 48 3c 00 0a 9f 00
INFO - 20 99 88 3c 00 0a dd 00
INFO - 20 9b c8 3c 00 0a b6 00
INFO - 20 9e 08 3c 00 0a d3 00
INFO - 20 a0 48 3c 00 0a a9 00
INFO - 20 a3 88 3c 00 0a d2 00
INFO - 20 a5 c8 3c 00 0a aa 00
INFO - 20 a7 08 3c 00 0a 9d 00
INFO - 20 aa 48 3c 00 0a c5 00
INFO - 20 ac 88 3c 00 0a c5 00
INFO - 20 af c8 3c 00 0a c5 00
INFO - 20 b1 08 3c 00 0a ab 00
INFO - 20 b5 48 3c 00 0a e0 00
INFO - 20 b7 88 3c 00 0a b8 00
INFO - 20 ba c8 3c 00 0a ee 00
INFO - 20 bd 08 3c 00 0a b8 00
INFO - 20 bf 48 3c 00 0a b9 00
INFO - 20 c2 88 3c 00 0a b9 00
INFO - 20 c5 c8 3c 00 0a ee 00
INFO - 20 c8 08 3c 00 0a ba 00
INFO - 20 cd 48 3c 00 0b 32 00
INFO - 20 ce 88 3c 00 0a 9f 00
INFO - 20 d1 c8 3c 00 0a c7 00
INFO - 20 d4 08 3c 00 0a 84 00
INFO - 20 d6 48 3c 00 0a af 00
INFO - 20 d9 88 3c 00 0a d3 00
INFO - 20 de c8 3c 00 0b 35 00
INFO - 20 e1 08 3c 00 0a bd 00
INFO - 20 e3 48 3c 00 0a b8 00
INFO - 20 e5 88 3c 00 0a ba 00
INFO - 20 e8 c8 3c 00 0a cc 00
INFO - 20 ec 08 3c 00 0a e2 00
INFO - 20 ef 48 3c 00 0b 02 00
INFO - 20 f1 88 3c 00 0a 9e 00
INFO - 20 f4 c8 3c 00 0a be 00
INFO - 20 f8 08 3c 00 0a ff 00
INFO - 20 fa 48 3c 00 0a be 00
INFO - 20 fe 88 3c 00 0b 01 00
INFO - 21 02 c8 3c 00 0b 00 00
INFO - 21 04 08 3c 00 0a b0 00
INFO - 21 07 48 3c 00 0a c9 00
INFO - 21 09 88 3c 00 0a af 00
INFO - 21 0c c8 3c 00 0a cb 00
INFO - 21 0f 08 3c 00 0a e7 00
INFO - 21 12 48 3c 00 0a bd 00
INFO - 21 14 88 3c 00 0a b1 00
INFO - 21 16 c8 3c 00 0a a1 00
INFO - 21 19 08 3c 00 0a cd 00
INFO - 21 1d 48 3c 00 0b 03 00
INFO - 21 20 88 3c 00 0a e8 00
INFO - 21 22 c8 3c 00 0a a2 00
INFO - 21 25 08 3c 00 0a cc 00
INFO - 21 28 48 3c 00 0a bf 00
INFO - 21 2a 88 3c 00 0a cc 00
INFO - 21 2e c8 3c 00 0b 05 00
INFO - 21 31 08 3c 00 0a bf 00
INFO - 21 34 48 3c 00 0a cd 00
INFO - 21 37 88 3c 00 0a ce 00
INFO - 21 3a c8 3c 00 0a f8 00
INFO - 21 3d 08 3c 00 0a cd 00
INFO - 21 41 48 3c 00 0b 06 00
INFO - 21 44 88 3c 00 0a cd 00
INFO - 21 46 c8 3c 00 0a a4 00
INFO - 21 48 08 3c 00 0a a3 00
INFO - 21 4a 48 3c 00 0a a5 00
INFO - 21 4d 88 3c 00 0a cd 00
INFO - 21 50 c8 3c 00 0a cf 00
INFO - 21 53 08 3c 00 0a ce 00
INFO - 21 55 48 3c 00 0a a5 00
INFO - 21 58 88 3c 00 0a db 00
INFO - 21 5b c8 3c 00 0a bf 00
INFO - 21 5d 08 3c 00 0a c0 00
INFO - 21 62 48 3c 00 0b 22 00
INFO - 21 64 88 3c 00 0a a6 00
INFO - 21 66 c8 3c 00 0a bd 00
INFO - 21 6a 08 3c 00 0a db 00
INFO - 21 6c 48 3c 00 0a b1 00
INFO - 21 6e 88 3c 00 0a bf 00
INFO - 21 71 c8 3c 00 0a 8d 00
INFO - 21 74 08 3c 00 0a be 00
INFO - 21 77 48 3c 00 0a da 00
INFO - 21 7a 88 3c 00 0a be 00
INFO - 21 7c c8 3c 00 0a be 00
INFO - 21 7e 08 3c 00 0a af 00
INFO - 21 81 48 3c 00 0a bd 00
INFO - 21 84 88 3c 00 0a ca 00
INFO - 21 87 c8 3c 00 0a d9 00
INFO - 21 8b 08 3c 00 0b 02 00
INFO - 21 8e 48 3c 00 0a e5 00
INFO - 21 91 88 3c 00 0a bc 00
INFO - 21 93 c8 3c 00 0a bc 00
INFO - 21 95 08 3c 00 0a a0 00
INFO - 21 98 48 3c 00 0a c9 00
INFO - 21 9d 88 3c 00 0b 30 00
INFO - 21 a0 c8 3c 00 0a d6 00
INFO - 21 a2 08 3c 00 0a bb 00
INFO - 21 a5 48 3c 00 0a c7 00
INFO - 21 a9 88 3c 00 0b 01 00
INFO - 21 ab c8 3c 00 0a ba 00
INFO - 21 af 08 3c 00 0a f1 00
INFO - 21 b3 48 3c 00 0a fd 00
INFO - 21 b5 88 3c 00 0a c6 00
INFO - 21 b8 c8 3c 00 0a bc 00
INFO - 21 ba 08 3c 00 0a b8 00
INFO - 21 bd 48 3c 00 0a c8 00
INFO - 21 bf 88 3c 00 0a b8 00
INFO - 21 c3 c8 3c 00 0a e2 00
INFO - 21 c6 08 3c 00 0a d5 00
INFO - 21 c9 48 3c 00 0a e1 00
INFO - 21 cb 88 3c 00 0a b8 00
INFO - 21 ce c8 3c 00 0a c4 00
INFO - 21 d1 08 3c 00 0a ba 00
INFO - 21 d3 48 3c 00 0a aa 00
INFO - 21 d5 88 3c 00 0a c4 00
INFO - 21 d8 c8 3c 00 0a b9 00
INFO - 21 da 08 3c 00 0a b6 00
INFO - 21 dd 48 3c 00 0a b8 00
INFO - 21 df 88 3c 00 0a b8 00
INFO - 21 e2 c8 3c 00 0a d0 00
INFO - 21 e5 08 3c 00 0a c6 00
INFO - 21 e7 48 3c 00 0a 81 00
INFO - 21 e9 88 3c 00 0a aa 00
INFO - 21 ec c8 3c 00 0a c5 00
INFO - 21 ef 08 3c 00 0a dc 00
INFO - 21 f1 48 3c 00 0a ab 00
INFO - 21 f4 88 3c 00 0a ce 00
INFO - 21 f6 c8 3c 00 0a 9d 00
INFO - 21 fa 08 3c 00 0b 10 00
INFO - 21 fc 48 3c 00 0a a8 00
INFO - 22 01 88 3c 00 0b 10 00
INFO - 22 04 c8 3c 00 0a f6 00
INFO - 22 09 08 3c 00 0a ef 00
INFO - 22 0c 48 3c 00 0a 94 00
INFO - 22 0f 88 3c 00 0a c2 00
INFO - 22 11 c8 3c 00 0a b5 00
INFO - 22 15 08 3c 00 0b 02 00
INFO - 22 18 48 3c 00 0a b5 00
INFO - 22 19 88 3c 00 0a 9b 00
INFO - 22 1d c8 3c 00 0a e9 00
INFO - 22 20 08 3c 00 0a e9 00
INFO - 22 22 48 3c 00 0a 9a 00
INFO - 22 25 88 3c 00 0a db 00
INFO - 22 27 c8 3c 00 0a a8 00
INFO - 22 2b 08 3c 00 0a e7 00
INFO - 22 2e 48 3c 00 0a d5 00
INFO - 22 31 88 3c 00 0a c1 00
INFO - 22 33 c8 3c 00 0a a6 00
INFO - 22 35 08 3c 00 0a c3 00
INFO - 22 37 48 3c 00 0a a8 00
INFO - 22 3a 88 3c 00 0a c2 00
INFO - 22 3d c8 3c 00 0a e8 00
INFO - 22 41 08 3c 00 0a db 00
INFO - 22 43 48 3c 00 0a bf 00
INFO - 22 47 88 3c 00 0a ea 00
INFO - 22 4a c8 3c 00 0a e7 00
INFO - 22 4d 08 3c 00 0a e8 00
INFO - 22 50 48 3c 00 0a ce 00
INFO - 22 53 88 3c 00 0a d9 00
INFO - 22 56 c8 3c 00 0a b6 00
INFO - 22 58 08 3c 00 0a 9b 00
INFO - 22 5a 48 3c 00 0a b4 00
INFO - 22 5c 88 3c 00 0a b4 00
INFO - 22 5f c8 3c 00 0a b4 00
INFO - 22 61 08 3c 00 0a a5 00
INFO - 22 64 48 3c 00 0a dc 00
INFO - 22 66 88 3c 00 0a c0 00
INFO - 22 69 c8 3c 00 0a b4 00
INFO - 22 6b 08 3c 00 0a a7 00
INFO - 22 6d 48 3c 00 0a be 00
INFO - 22 70 88 3c 00 0a b6 00
INFO - 22 73 c8 3c 00 0a e3 00
INFO - 22 75 08 3c 00 0a 6e 00
INFO - 22 78 48 3c 00 0a ca 00
INFO - 22 7b 88 3c 00 0a e8 00
INFO - 22 7e c8 3c 00 0a e2 00
INFO - 22 81 08 3c 00 0a cd 00
INFO - 22 84 48 3c 00 0a d5 00
INFO - 22 88 88 3c 00 0a f3 00
INFO - 22 8b c8 3c 00 0a e1 00
INFO - 22 8d 08 3c 00 0a b4 00
INFO - 22 8f 48 3c 00 0a a2 00
INFO - 22 91 88 3c 00 0a a7 00
INFO - 22 94 c8 3c 00 0a d5 00
INFO - 22 97 08 3c 00 0a cd 00
INFO - 22 9a 48 3c 00 0a d4 00
INFO - 22 9c 88 3c 00 0a b2 00
INFO - 22 9f c8 3c 00 0a b1 00
INFO - 22 a1 08 3c 00 0a a8 00
INFO - 22 a4 48 3c 00 0a e1 00
INFO - 22 a6 88 3c 00 0a a8 00
INFO - 22 a9 c8 3c 00 0a e1 00
INFO - 22 ac 08 3c 00 0a ce 00
INFO - 22 af 48 3c 00 0a bf 00
INFO - 22 b2 88 3c 00 0a e2 00
INFO - 22 b4 c8 3c 00 0a b5 00
INFO - 22 b7 08 3c 00 0a d5 00
INFO - 22 ba 48 3c 00 0a c2 00
INFO - 22 bc 88 3c 00 0a a3 00
INFO - 22 be c8 3c 00 0a 99 00
INFO - 22 c1 08 3c 00 0a cc 00
INFO - 22 c3 48 3c 00 0a a9 00
INFO - 22 c6 88 3c 00 0a c9 00
INFO - 22 c8 c8 3c 00 0a b3 00
INFO - 22 cb 08 3c 00 0a 80 00
INFO - 22 cd 48 3c 00 0a a6 00
INFO - 22 cf 88 3c 00 0a a7 00
INFO - 22 d1 c8 3c 00 0a a6 00
INFO - 22 d3 08 3c 00 0a a7 00
INFO - 22 d5 48 3c 00 0a c1 00
INFO - 22 d8 88 3c 00 0a cd 00
INFO - 22 db c8 3c 00 0a bf 00
INFO - 22 dd 08 3c 00 0a c1 00
INFO - 22 e0 48 3c 00 0a a7 00
INFO - 22 e2 88 3c 00 0a b5 00
INFO - 22 e6 c8 3c 00 0b 10 00
INFO - 22 e8 08 3c 00 0a b5 00
INFO - 22 eb 48 3c 00 0a cf 00
INFO - 22 ee 88 3c 00 0a b5 00
INFO - 22 f1 c8 3c 00 0a dd 00
INFO - 22 f5 08 3c 00 0a f6 00
INFO - 22 f8 48 3c 00 0a ea 00
INFO - 22 fb 88 3c 00 0a d0 00
INFO - 22 ff c8 3c 00 0b 12 00
INFO - 23 03 08 3c 00 0a f6 00
INFO - 23 07 48 3c 00 0b 16 00
INFO - 23 09 88 3c 00 0a aa 00
INFO - 23 0c c8 3c 00 0a b7 00
INFO - 23 0e 08 3c 00 0a c2 00
INFO - 23 11 48 3c 00 0a ad 00
INFO - 23 15 88 3c 00 0b 07 00
INFO - 23 17 c8 3c 00 0a b7 00
INFO - 23 1a 08 3c 00 0a df 00
INFO - 23 1d 48 3c 00 0a d5 00
INFO - 23 1f 88 3c 00 0a 75 00
INFO - 23 22 c8 3c 00 0a df 00
INFO - 23 24 08 3c 00 0a a0 00
INFO - 23 27 48 3c 00 0a c6 00
INFO - 23 2a 88 3c 00 0a c7 00
INFO - 23 2d c8 3c 00 0a e0 00
INFO - 23 2f 08 3c 00 0a ae 00
INFO - 23 33 48 3c 00 0a e1 00
INFO - 23 37 88 3c 00 0b 0b 00
INFO - 23 39 c8 3c 00 0a aa 00
INFO - 23 3b 08 3c 00 0a b7 00
INFO - 23 3e 48 3c 00 0a c6 00
INFO - 23 41 88 3c 00 0a b9 00
INFO - 23 44 c8 3c 00 0a d5 00
INFO - 23 46 08 3c 00 0a c6 00
INFO - 23 49 48 3c 00 0a d1 00
INFO - 23 4c 88 3c 00 0a c8 00
INFO - 23 4f c8 3c 00 0a de 00
INFO - 23 52 08 3c 00 0a c7 00
INFO - 23 54 48 3c 00 0a 8e 00
INFO - 23 57 88 3c 00 0a d5 00
INFO - 23 59 c8 3c 00 0a b6 00
INFO - 23 5c 08 3c 00 0a b7 00
INFO - 23 5e 48 3c 00 0a c5 00
INFO - 23 60 88 3c 00 0a 9c 00
INFO - 23 63 c8 3c 00 0a d4 00
INFO - 23 65 08 3c 00 0a a8 00
INFO - 23 68 48 3c 00 0a c3 00
INFO - 23 6b 88 3c 00 0a c4 00
INFO - 23 6d c8 3c 00 0a 9b 00
INFO - 23 70 08 3c 00 0a de 00
INFO - 23 72 48 3c 00 0a 9d 00
INFO - 23 74 88 3c 00 0a cd 00
INFO - 23 77 c8 3c 00 0a d0 00
INFO - 23 7b 08 3c 00 0a ea 00
INFO - 23 7d 48 3c 00 0a b5 00
INFO - 23 80 88 3c 00 0a cf 00
INFO - 23 82 c8 3c 00 0a a8 00
INFO - 23 85 08 3c 00 0a c1 00
INFO - 23 88 48 3c 00 0a e8 00
INFO - 23 8b 88 3c 00 0a ce 00
INFO - 23 8e c8 3c 00 0a c2 00
INFO - 23 90 08 3c 00 0a b4 00
INFO - 23 93 48 3c 00 0a ce 00
INFO - 23 95 88 3c 00 0a b4 00
INFO - 23 98 c8 3c 00 0a dc 00
INFO - 23 9b 08 3c 00 0a c0 00
INFO - 23 9f 48 3c 00 0b 0e 00
INFO - 23 a2 88 3c 00 0a e8 00
INFO - 23 a4 c8 3c 00 0a a8 00
INFO - 23 a7 08 3c 00 0a b4 00
INFO - 23 a9 48 3c 00 0a b5 00
INFO - 23 ab 88 3c 00 0a a8 00
INFO - 23 ae c8 3c 00 0a dc 00
INFO - 23 b1 08 3c 00 0a dc 00
INFO - 23 b4 48 3c 00 0a b6 00
INFO - 23 b6 88 3c 00 0a a8 00
INFO - 23 ba c8 3c 00 0b 04 00
INFO - 23 bc 08 3c 00 0a c2 00
INFO - 23 c0 48 3c 00 0a de 00
INFO - 23 c2 88 3c 00 0a a9 00
INFO - 23 c4 c8 3c 00 0a b6 00
INFO - 23 c7 08 3c 00 0a c3 00
INFO - 23 c9 48 3c 00 0a c3 00
INFO - 23 cc 88 3c 00 0a b7 00
INFO - 23 ce c8 3c 00 0a 73 00
INFO - 23 d2 08 3c 00 0a fa 00
INFO - 23 d5 48 3c 00 0a d2 00
INFO - 23 d8 88 3c 00 0a ec 00
INFO - 23 db c8 3c 00 0a c4 00
INFO - 23 de 08 3c 00 0a ed 00
INFO - 23 e1 48 3c 00 0a cf 00
INFO - 23 e3 88 3c 00 0a ba 00
INFO - 23 e6 c8 3c 00 0a d0 00
INFO - 23 e9 08 3c 00 0a ba 00
INFO - 23 eb 48 3c 00 0a b4 00
INFO - 23 ee 88 3c 00 0a d4 00
INFO - 23 f1 c8 3c 00 0a c2 00
INFO - 23 f3 08 3c 00 0a a0 00
INFO - 23 f4 48 3c 00 0a 8d 00
INFO - 23 f8 88 3c 00 0a fc 00
INFO - 23 fb c8 3c 00 0a dd 00
INFO - 23 fe 08 3c 00 0a b9 00
INFO - 24 00 48 3c 00 0a 9d 00
INFO - 24 02 88 3c 00 0a d2 00
INFO - 24 04 c8 3c 00 0a 9b 00
INFO - 24 08 08 3c 00 0a e1 00
INFO - 24 0a 48 3c 00 0a aa 00
INFO - 24 0d 88 3c 00 0a fa 00
INFO - 24 10 c8 3c 00 0a d3 00
INFO - 24 14 08 3c 00 0a eb 00
INFO - 24 16 48 3c 00 0a b5 00
INFO - 24 1a 88 3c 00 0a ef 00
INFO - 24 1e c8 3c 00 0b 05 00
INFO - 24 20 08 3c 00 0a b7 00
INFO - 24 23 48 3c 00 0a ba 00
INFO - 24 25 88 3c 00 0a a7 00
INFO - 24 29 c8 3c 00 0b 07 00
INFO - 24 2c 08 3c 00 0a d4 00
INFO - 24 2d 48 3c 00 0a 9a 00
INFO - 24 30 88 3c 00 0a aa 00
INFO - 24 33 c8 3c 00 0a d2 00
INFO - 24 34 08 3c 00 0a a0 00
INFO - 24 37 48 3c 00 0a b4 00
INFO - 24 39 88 3c 00 0a 7b 00
INFO - 24 3c c8 3c 00 0a c4 00
INFO - 24 3e 08 3c 00 0a ad 00
INFO - 24 40 48 3c 00 0a a6 00
INFO - 24 42 88 3c 00 0a b7 00
INFO - 24 45 c8 3c 00 0a a9 00
INFO - 24 47 08 3c 00 0a ac 00
INFO - 24 49 48 3c 00 0a a8 00
INFO - 24 4c 88 3c 00 0a ea 00
INFO - 24 4f c8 3c 00 0a d0 00
INFO - 24 51 08 3c 00 0a ac 00
INFO - 24 53 48 3c 00 0a 99 00
INFO - 24 56 88 3c 00 0a b6 00
INFO - 24 60 c8 3c 00 0b fe 00
INFO - 24 63 08 3c 00 0a c3 00
INFO - 24 66 48 3c 00 0a dd 00
INFO - 24 69 88 3c 00 0a d0 00
INFO - 24 6b c8 3c 00 0a b5 00
INFO - 24 6e 08 3c 00 0a b6 00
INFO - 24 6f 48 3c 00 0a 8e 00
INFO - 24 72 88 3c 00 0a c2 00
INFO - 24 75 c8 3c 00 0a d0 00
INFO - 24 78 08 3c 00 0a c2 00
INFO - 24 79 48 3c 00 0a 9b 00
INFO - 24 7c 88 3c 00 0a b6 00
INFO - 24 7f c8 3c 00 0a cf 00
INFO - 24 82 08 3c 00 0a f5 00
INFO - 24 84 48 3c 00 0a a9 00
INFO - 24 88 88 3c 00 0a dc 00
INFO - 24 89 c8 3c 00 0a 9b 00
INFO - 24 8c 08 3c 00 0a ce 00
INFO - 24 90 48 3c 00 0a eb 00
INFO - 24 92 88 3c 00 0a b5 00
INFO - 24 94 c8 3c 00 0a b3 00
INFO - 24 97 08 3c 00 0a c4 00
INFO - 24 9b 48 3c 00 0a e8 00
INFO - 24 9d 88 3c 00 0a 99 00
INFO - 24 a0 c8 3c 00 0a e8 00
INFO - 24 a2 08 3c 00 0a a9 00
INFO - 24 a5 48 3c 00 0a db 00
INFO - 24 a9 88 3c 00 0a 94 00
INFO - 24 ab c8 3c 00 0a b3 00
INFO - 24 ae 08 3c 00 0a cf 00
INFO - 24 b0 48 3c 00 0a c0 00
INFO - 24 b2 88 3c 00 0a 9c 00
INFO - 24 b6 c8 3c 00 0b 02 00
INFO - 24 bd 08 3c 00 0a ca 00
INFO - 24 c1 48 3c 00 0a e7 00
INFO - 24 c3 88 3c 00 0a a9 00
INFO - 24 c6 c8 3c 00 0a f3 00
INFO - 24 c8 08 3c 00 0a a6 00
INFO - 24 cb 48 3c 00 0a ce 00
INFO - 24 ce 88 3c 00 0a db 00
INFO - 24 d1 c8 3c 00 0a b2 00
INFO - 24 d3 08 3c 00 0a a8 00
INFO - 24 d5 48 3c 00 0a bf 00
INFO - 24 d8 88 3c 00 0a b4 00
INFO - 24 db c8 3c 00 0a da 00
INFO - 24 dd 08 3c 00 0a 99 00
INFO - 24 df 48 3c 00 0a a9 00
INFO - 24 e1 88 3c 00 0a be 00
INFO - 24 e4 c8 3c 00 0a db 00
INFO - 24 e7 08 3c 00 0a b2 00
INFO - 24 e9 48 3c 00 0a cc 00
INFO - 24 ec 88 3c 00 0a b5 00
INFO - 24 ee c8 3c 00 0a b0 00
INFO - 24 f1 08 3c 00 0a cd 00
INFO - 24 f5 48 3c 00 0a ff 00
INFO - 24 f7 88 3c 00 0a bf 00
INFO - 24 fa c8 3c 00 0a cb 00
INFO - 24 fc 08 3c 00 0a 73 00
INFO - 24 ff 48 3c 00 0a cb 00
INFO - 25 00 88 3c 00 0a 9b 00
INFO - 25 03 c8 3c 00 0a c9 00
INFO - 25 06 08 3c 00 0a be 00
INFO - 25 08 48 3c 00 0a be 00
INFO - 25 0b 88 3c 00 0a cc 00
INFO - 25 0e c8 3c 00 0a d6 00
INFO - 25 12 08 3c 00 0a f0 00
INFO - 25 15 48 3c 00 0a d6 00
INFO - 25 18 88 3c 00 0a cd 00
INFO - 25 19 c8 3c 00 0a a3 00
INFO - 25 1d 08 3c 00 0a d6 00
INFO - 25 1f 48 3c 00 0a bd 00
INFO - 25 22 88 3c 00 0a bd 00
INFO - 25 25 c8 3c 00 0a f0 00
INFO - 25 27 08 3c 00 0a 98 00
INFO - 25 29 48 3c 00 0a bc 00
INFO - 25 2c 88 3c 00 0a d6 00
INFO - 25 2e c8 3c 00 0a 98 00
INFO - 25 31 08 3c 00 0a c8 00
INFO - 25 33 48 3c 00 0a a4 00
INFO - 25 36 88 3c 00 0a c9 00
INFO - 25 38 c8 3c 00 0a a4 00
INFO - 25 3a 08 3c 00 0a b0 00
INFO - 25 3c 48 3c 00 0a bc 00
INFO - 25 3f 88 3c 00 0a d5 00
INFO - 25 43 c8 3c 00 0a ef 00
INFO - 25 45 08 3c 00 0a ae 00
INFO - 25 47 48 3c 00 0a a3 00
INFO - 25 49 88 3c 00 0a af 00
INFO - 25 4c c8 3c 00 0a bb 00
INFO - 25 4e 08 3c 00 0a c8 00
INFO - 25 50 48 3c 00 0a a2 00
INFO - 25 53 88 3c 00 0a bb 00
INFO - 25 55 c8 3c 00 0a ae 00
INFO - 25 58 08 3c 00 0a d6 00
INFO - 25 5b 48 3c 00 0a c4 00
INFO - 25 5f 88 3c 00 0b 03 00
INFO - 25 61 c8 3c 00 0a c6 00
INFO - 25 64 08 3c 00 0a ad 00
INFO - 25 66 48 3c 00 0a b9 00
INFO - 25 68 88 3c 00 0a 95 00
INFO - 25 6a c8 3c 00 0a a1 00
INFO - 25 6b 08 3c 00 0a 94 00
INFO - 25 6d 48 3c 00 0a a0 00
INFO - 25 70 88 3c 00 0a ba 00
INFO - 25 72 c8 3c 00 0a aa 00
INFO - 25 74 08 3c 00 0a 8d 00
INFO - 25 84 48 3c 00 0a d3 00
INFO - 25 86 88 3c 00 0a ad 00
INFO - 25 89 c8 3c 00 0a b4 00
INFO - 25 8a 08 3c 00 0a 86 00
INFO - 25 8c 48 3c 00 0a b6 00
INFO - 25 8f 88 3c 00 0a c3 00
INFO - 25 92 c8 3c 00 0a e2 00
INFO - 25 94 08 3c 00 0a 9e 00
INFO - 25 97 48 3c 00 0a c2 00
INFO - 25 99 88 3c 00 0a 9c 00
INFO - 25 9b c8 3c 00 0a b4 00
INFO - 25 9d 08 3c 00 0a 69 00
INFO - 25 9f 48 3c 00 0a aa 00
INFO - 25 a1 88 3c 00 0a 9b 00
INFO - 25 a3 c8 3c 00 0a a9 00
INFO - 25 a5 08 3c 00 0a aa 00
INFO - 25 a7 48 3c 00 0a 9b 00
INFO - 25 a9 88 3c 00 0a a8 00
INFO - 25 aa c8 3c 00 0a 94 00
INFO - 25 ac 08 3c 00 0a a7 00
INFO - 25 b2 48 3c 00 0b 65 00
INFO - 25 b5 88 3c 00 0a b4 00
INFO - 25 b7 c8 3c 00 0a b6 00
INFO - 25 b9 08 3c 00 0a 9d 00
INFO - 25 bb 48 3c 00 0a b5 00
INFO - 25 bf 88 3c 00 0a f1 00
INFO - 25 c3 c8 3c 00 0a fd 00
INFO - 25 c5 08 3c 00 0a c2 00
INFO - 25 c7 48 3c 00 0a a0 00
INFO - 25 c9 88 3c 00 0a a9 00
INFO - 25 cb c8 3c 00 0a aa 00
INFO - 25 cf 08 3c 00 0a f5 00
INFO - 25 d1 48 3c 00 0a b5 00
INFO - 25 d4 88 3c 00 0a ac 00
INFO - 25 d6 c8 3c 00 0a 9f 00
INFO - 25 d8 08 3c 00 0a ac 00
INFO - 25 d9 48 3c 00 0a 95 00
INFO - 25 dd 88 3c 00 0a e6 00
INFO - 25 e0 c8 3c 00 0a dc 00
INFO - 25 e3 08 3c 00 0a e9 00
INFO - 25 e5 48 3c 00 0a a0 00
INFO - 25 e9 88 3c 00 0a e9 00
INFO - 25 eb c8 3c 00 0a a1 00
INFO - 25 ee 08 3c 00 0a f4 00
INFO - 25 f1 48 3c 00 0a d2 00
INFO - 25 f3 88 3c 00 0a a1 00
INFO - 25 f5 c8 3c 00 0a a1 00
INFO - 25 f7 08 3c 00 0a a1 00
INFO - 25 f9 48 3c 00 0a ba 00
INFO - 25 fc 88 3c 00 0a c6 00
INFO - 25 ff c8 3c 00 0a df 00
INFO - 26 01 08 3c 00 0a 96 00
INFO - 26 03 48 3c 00 0a bb 00
INFO - 26 06 88 3c 00 0a d4 00
INFO - 26 09 c8 3c 00 0a ae 00
INFO - 26 0b 08 3c 00 0a bc 00
INFO - 26 0d 48 3c 00 0a af 00
INFO - 26 10 88 3c 00 0a c9 00
INFO - 26 12 c8 3c 00 0a 95 00
INFO - 26 14 08 3c 00 0a bd 00
INFO - 26 18 48 3c 00 0a e2 00
INFO - 26 1a 88 3c 00 0a bd 00
INFO - 26 1c c8 3c 00 0a ae 00
INFO - 26 1f 08 3c 00 0a d8 00
INFO - 26 22 48 3c 00 0a b1 00
INFO - 26 24 88 3c 00 0a bd 00
INFO - 26 27 c8 3c 00 0a ca 00
INFO - 26 29 08 3c 00 0a 98 00
INFO - 26 2b 48 3c 00 0a cb 00
INFO - 26 2d 88 3c 00 0a 85 00
INFO - 26 30 c8 3c 00 0a d1 00
INFO - 26 33 08 3c 00 0a f1 00
INFO - 26 36 48 3c 00 0a b1 00
INFO - 26 39 88 3c 00 0a da 00
INFO - 26 3b c8 3c 00 0a bf 00
INFO - 26 3d 08 3c 00 0a 99 00
INFO - 26 40 48 3c 00 0a e3 00
INFO - 26 43 88 3c 00 0a c3 00
INFO - 26 45 c8 3c 00 0a b4 00
INFO - 26 48 08 3c 00 0a db 00
INFO - 26 4c 48 3c 00 0a e4 00
INFO - 26 4d 88 3c 00 0a 90 00
INFO - 26 51 c8 3c 00 0a f5 00
INFO - 26 54 08 3c 00 0a d8 00
INFO - 26 57 48 3c 00 0a d2 00
INFO - 26 5a 88 3c 00 0a c0 00
INFO - 26 5c c8 3c 00 0a 74 00
INFO - 26 5d 08 3c 00 0a 9b 00
INFO - 26 60 48 3c 00 0a b2 00
INFO - 26 62 88 3c 00 0a ac 00
INFO - 26 64 c8 3c 00 0a 9a 00
INFO - 26 66 08 3c 00 0a b5 00
INFO - 26 68 48 3c 00 0a b5 00
INFO - 26 6a 88 3c 00 0a a5 00
INFO - 26 6d c8 3c 00 0a ac 00
INFO - 26 6f 08 3c 00 0a c2 00
INFO - 26 71 48 3c 00 0a a5 00
INFO - 26 74 88 3c 00 0a d3 00
INFO - 26 77 c8 3c 00 0a b5 00
INFO - 26 79 08 3c 00 0a c3 00
INFO - 26 7c 48 3c 00 0a c3 00
INFO - 26 7f 88 3c 00 0a f6 00
INFO - 26 82 c8 3c 00 0a d0 00
INFO - 26 85 08 3c 00 0a c3 00
INFO - 26 89 48 3c 00 0b 01 00
INFO - 26 8c 88 3c 00 0a eb 00
INFO - 26 8f c8 3c 00 0a d9 00
INFO - 26 92 08 3c 00 0a c6 00
INFO - 26 95 48 3c 00 0a db 00
INFO - 26 98 88 3c 00 0a cf 00
INFO - 26 9b c8 3c 00 0a cb 00
INFO - 26 9e 08 3c 00 0a d3 00
INFO - 26 a0 48 3c 00 0a a6 00
INFO - 26 a3 88 3c 00 0a f3 00
INFO - 26 a6 c8 3c 00 0a ab 00
INFO - 26 a9 08 3c 00 0a cf 00
INFO - 26 ac 48 3c 00 0a df 00
INFO - 26 ad 88 3c 00 0a 96 00
INFO - 26 b0 c8 3c 00 0a d8 00
INFO - 26 b3 08 3c 00 0a aa 00
INFO - 26 b5 48 3c 00 0a aa 00
INFO - 26 b8 88 3c 00 0a be 00
INFO - 26 bd c8 3c 00 0a ff 00
INFO - 26 bf 08 3c 00 0a 8d 00
INFO - 26 c1 48 3c 00 0a a4 00
INFO - 26 c4 88 3c 00 0a ea 00
INFO - 26 c6 c8 3c 00 0a b5 00
INFO - 26 c9 08 3c 00 0a c0 00
INFO - 26 cb 48 3c 00 0a 9a 00
INFO - 26 ce 88 3c 00 0a f4 00
INFO - 26 d1 c8 3c 00 0a b5 00
INFO - 26 d3 08 3c 00 0a a5 00
INFO - 26 d5 48 3c 00 0a c0 00
INFO - 26 d8 88 3c 00 0a b0 00
INFO - 26 d9 c8 3c 00 0a 9d 00
INFO - 26 dc 08 3c 00 0a c0 00
INFO - 26 de 48 3c 00 0a b4 00
INFO - 26 e1 88 3c 00 0a af 00
INFO - 26 e3 c8 3c 00 0a b6 00
INFO - 26 e5 08 3c 00 0a b3 00
INFO - 26 e8 48 3c 00 0a c0 00
INFO - 26 ea 88 3c 00 0a c0 00
INFO - 26 ed c8 3c 00 0a b1 00
INFO - 26 ef 08 3c 00 0a c2 00
INFO - 26 f2 48 3c 00 0a cc 00
INFO - 26 f4 88 3c 00 0a a3 00
INFO - 26 f6 c8 3c 00 0a a9 00
INFO - 26 f8 08 3c 00 0a a6 00
INFO - 26 fa 48 3c 00 0a a8 00
INFO - 26 fd 88 3c 00 0a bf 00
INFO - 26 ff c8 3c 00 0a bd 00
INFO - 27 06 08 3c 00 0b 91 00
INFO - 27 0a 48 3c 00 0b 0a 00
INFO - 27 0d 88 3c 00 0a c5 00
INFO - 27 10 c8 3c 00 0a d9 00
INFO - 27 13 08 3c 00 0a c1 00
INFO - 27 14 48 3c 00 0a 98 00
INFO - 27 17 88 3c 00 0a d0 00
INFO - 27 1b c8 3c 00 0b 03 00
INFO - 27 20 08 3c 00 0b 1a 00
INFO - 27 22 48 3c 00 0a a7 00
INFO - 27 24 88 3c 00 0a be 00
INFO - 27 26 c8 3c 00 0a 9d 00
INFO - 27 29 08 3c 00 0a e8 00
INFO - 27 2c 48 3c 00 0a d0 00
INFO - 27 2f 88 3c 00 0a b1 00
INFO - 27 31 c8 3c 00 0a ab 00
INFO - 27 32 08 3c 00 0a 8e 00
INFO - 27 35 48 3c 00 0a b5 00
INFO - 27 37 88 3c 00 0a a5 00
INFO - 27 3a c8 3c 00 0a d2 00
INFO - 27 3c 08 3c 00 0a cf 00
INFO - 27 3f 48 3c 00 0a d1 00
INFO - 27 42 88 3c 00 0a cc 00
INFO - 27 44 c8 3c 00 0a ac 00
INFO - 27 48 08 3c 00 0a de 00
INFO - 27 4a 48 3c 00 0a ce 00
INFO - 27 4e 88 3c 00 0a e0 00
INFO - 27 51 c8 3c 00 0a eb 00
INFO - 27 54 08 3c 00 0a b5 00
INFO - 27 57 48 3c 00 0a d2 00
INFO - 27 5a 88 3c 00 0a f9 00
INFO - 27 5e c8 3c 00 0a df 00
INFO - 27 60 08 3c 00 0a b7 00
INFO - 27 62 48 3c 00 0a aa 00
INFO - 27 65 88 3c 00 0a b8 00
INFO - 27 67 c8 3c 00 0a a9 00
INFO - 27 6a 08 3c 00 0a e2 00
INFO - 27 6c 48 3c 00 0a b8 00
INFO - 27 6e 88 3c 00 0a 74 00
INFO - 27 71 c8 3c 00 0a bb 00
INFO - 27 74 08 3c 00 0a c6 00
INFO - 27 76 48 3c 00 0a ac 00
INFO - 27 78 88 3c 00 0a 9e 00
INFO - 27 7b c8 3c 00 0a d0 00
INFO - 27 7d 08 3c 00 0a bb 00
INFO - 27 7f 48 3c 00 0a ab 00
INFO - 27 82 88 3c 00 0a c3 00
INFO - 27 85 c8 3c 00 0a f0 00
INFO - 27 88 08 3c 00 0a ba 00
INFO - 27 8b 48 3c 00 0a d1 00
INFO - 27 8d 88 3c 00 0a bc 00
INFO - 27 90 c8 3c 00 0a b9 00
INFO - 27 92 08 3c 00 0a c4 00
INFO - 27 95 48 3c 00 0a bd 00
INFO - 27 97 88 3c 00 0a b9 00
INFO - 27 9b c8 3c 00 0a e2 00
INFO - 27 9c 08 3c 00 0a 8f 00
INFO - 27 a1 48 3c 00 0b 28 00
INFO - 27 a3 88 3c 00 0a bb 00
INFO - 27 a6 c8 3c 00 0a ab 00
INFO - 27 a8 08 3c 00 0a c7 00
INFO - 27 ab 48 3c 00 0a d5 00
INFO - 27 ae 88 3c 00 0a b7 00
INFO - 27 b0 c8 3c 00 0a cb 00
INFO - 27 b2 08 3c 00 0a a0 00
INFO - 27 b6 48 3c 00 0a fe 00
INFO - 27 b9 88 3c 00 0a b8 00
INFO - 27 bc c8 3c 00 0a f3 00
INFO - 27 bf 08 3c 00 0a b8 00
INFO - 27 c3 48 3c 00 0b 0e 00
INFO - 27 c6 88 3c 00 0a ee 00
INFO - 27 c9 c8 3c 00 0a cb 00
INFO - 27 cc 08 3c 00 0a d7 00
INFO - 27 ce 48 3c 00 0a ab 00
INFO - 27 d2 88 3c 00 0a e7 00
INFO - 27 d6 c8 3c 00 0b 0e 00
INFO - 27 d8 08 3c 00 0a a0 00
INFO - 27 db 48 3c 00 0a f1 00
INFO - 27 de 88 3c 00 0a b1 00
INFO - 27 e1 c8 3c 00 0a f4 00
INFO - 27 e4 08 3c 00 0a ac 00
INFO - 27 e6 48 3c 00 0a c0 00
INFO - 27 e9 88 3c 00 0a ba 00
INFO - 27 eb c8 3c 00 0a c0 00
INFO - 27 ee 08 3c 00 0a d9 00
INFO - 27 f1 48 3c 00 0a b9 00
INFO - 27 f5 88 3c 00 0b 03 00
INFO - 27 f7 c8 3c 00 0a 97 00
INFO - 27 f9 08 3c 00 0a ba 00
INFO - 27 fc 48 3c 00 0a c0 00
INFO - 27 fe 88 3c 00 0a ad 00
INFO - 28 02 c8 3c 00 0a f5 00
INFO - 28 04 08 3c 00 0a b3 00
INFO - 28 06 48 3c 00 0a ad 00
INFO - 28 0b 88 3c 00 0b 11 00
INFO - 28 0e c8 3c 00 0a dd 00
INFO - 28 10 08 3c 00 0a b0 00
INFO - 28 14 48 3c 00 0b 0e 00
INFO - 28 16 88 3c 00 0a 97 00
INFO - 28 19 c8 3c 00 0a d6 00
INFO - 28 1c 08 3c 00 0a cb 00
INFO - 28 1f 48 3c 00 0a cb 00
INFO - 28 21 88 3c 00 0a cb 00
INFO - 28 24 c8 3c 00 0a cb 00
INFO - 28 27 08 3c 00 0a c9 00
INFO - 28 2b 48 3c 00 0b 03 00
INFO - 28 2e 88 3c 00 0a 85 00
INFO - 28 31 c8 3c 00 0a ce 00
INFO - 28 33 08 3c 00 0a b9 00
INFO - 28 36 48 3c 00 0a e4 00
INFO - 28 38 88 3c 00 0a 94 00
INFO - 28 3a c8 3c 00 0a b1 00
INFO - 28 3d 08 3c 00 0a d4 00
INFO - 28 40 48 3c 00 0a c8 00
INFO - 28 42 88 3c 00 0a a0 00
INFO - 28 46 c8 3c 00 0b 01 00
INFO - 28 48 08 3c 00 0a bb 00
INFO - 28 4a 48 3c 00 0a 9f 00
INFO - 28 4d 88 3c 00 0a bc 00
INFO - 28 4f c8 3c 00 0a 9c 00
INFO - 28 52 08 3c 00 0a d8 00
INFO - 28 54 48 3c 00 0a a0 00
INFO - 28 57 88 3c 00 0a d1 00
INFO - 28 59 c8 3c 00 0a af 00
INFO - 28 5c 08 3c 00 0a c8 00
INFO - 28 5f 48 3c 00 0a f9 00
INFO - 28 64 88 3c 00 0b 36 00
INFO - 28 68 c8 3c 00 0a ec 00
INFO - 28 6a 08 3c 00 0a a1 00
INFO - 28 6c 48 3c 00 0a ad 00
INFO - 28 73 88 3c 00 0b 9b 00
INFO - 28 75 c8 3c 00 0a 9e 00
INFO - 28 77 08 3c 00 0a 9b 00
INFO - 28 79 48 3c 00 0a c7 00
INFO - 28 7b 88 3c 00 0a 91 00
INFO - 28 7e c8 3c 00 0a c5 00
INFO - 28 80 08 3c 00 0a a7 00
INFO - 28 83 48 3c 00 0a e3 00
INFO - 28 86 88 3c 00 0a cf 00
INFO - 28 8a c8 3c 00 0a fc 00
INFO - 28 8c 08 3c 00 0a c1 00
INFO - 28 90 48 3c 00 0a e1 00
INFO - 28 92 88 3c 00 0a a7 00
INFO - 28 93 c8 3c 00 0a 8e 00
INFO - 28 98 08 3c 00 0b 3b 00
INFO - 28 9c 48 3c 00 0a ec 00
INFO - 28 9f 88 3c 00 0a c4 00
INFO - 28 a2 c8 3c 00 0a 9d 00
INFO - 28 a5 08 3c 00 0a dd 00
INFO - 28 a8 48 3c 00 0a c3 00
INFO - 28 aa 88 3c 00 0a b7 00
INFO - 28 ae c8 3c 00 0a e8 00
INFO - 28 b0 08 3c 00 0a a7 00
INFO - 28 b2 48 3c 00 0a af 00
INFO - 28 b5 88 3c 00 0a ae 00
INFO - 28 b7 c8 3c 00 0a c3 00
INFO - 28 b9 08 3c 00 0a 9c 00
INFO - 28 bc 48 3c 00 0a de 00
INFO - 28 bf 88 3c 00 0a b7 00
INFO - 28 c2 c8 3c 00 0a cd 00
INFO - 28 c4 08 3c 00 0a ad 00
INFO - 28 c7 48 3c 00 0a d2 00
INFO - 28 c9 88 3c 00 0a a8 00
INFO - 28 cd c8 3c 00 0a f8 00
INFO - 28 d0 08 3c 00 0a e7 00
INFO - 28 d3 48 3c 00 0a c4 00
INFO - 28 d5 88 3c 00 0a ad 00
INFO - 28 d8 c8 3c 00 0a cd 00
INFO - 28 da 08 3c 00 0a b6 00
INFO - 28 df 48 3c 00 0b 47 00
INFO - 28 e1 88 3c 00 0a 9f 00
INFO - 28 e3 c8 3c 00 0a 99 00
INFO - 28 e5 08 3c 00 0a a9 00
INFO - 28 e8 48 3c 00 0a d0 00
INFO - 28 eb 88 3c 00 0a d0 00
INFO - 28 ee c8 3c 00 0a de 00
INFO - 28 f1 08 3c 00 0a d0 00
INFO - 28 f3 48 3c 00 0a 8f 00
INFO - 28 f5 88 3c 00 0a c3 00
INFO - 28 f8 c8 3c 00 0a d0 00
INFO - 28 fa 08 3c 00 0a a9 00
INFO - 28 fe 48 3c 00 0a de 00
INFO - 29 01 88 3c 00 0a dd 00
INFO - 29 03 c8 3c 00 0a b7 00
INFO - 29 06 08 3c 00 0a de 00
INFO - 29 09 48 3c 00 0a 82 00
INFO - 29 0b 88 3c 00 0a 9c 00
INFO - 29 0e c8 3c 00 0a dd 00
INFO - 29 12 08 3c 00 0b 13 00
INFO - 29 14 48 3c 00 0a 9d 00
INFO - 29 17 88 3c 00 0a ce 00
INFO - 29 19 c8 3c 00 0a ac 00
INFO - 29 1c 08 3c 00 0a c1 00
INFO - 29 1f 48 3c 00 0a d1 00
INFO - 29 22 88 3c 00 0a ea 00
INFO - 29 26 c8 3c 00 0a fb 00
INFO - 29 28 08 3c 00 0a a6 00
INFO - 29 2a 48 3c 00 0a a8 00
INFO - 29 2f 88 3c 00 0b 2b 00
INFO - 29 31 c8 3c 00 0a b6 00
INFO - 29 33 08 3c 00 0a ab 00
INFO - 29 36 48 3c 00 0a b3 00
INFO - 29 38 88 3c 00 0a c3 00
INFO - 29 3a c8 3c 00 0a a8 00
INFO - 29 3d 08 3c 00 0a c3 00
INFO - 29 3f 48 3c 00 0a c3 00
INFO - 29 42 88 3c 00 0a c3 00
INFO - 29 44 c8 3c 00 0a b1 00
INFO - 29 47 08 3c 00 0a b9 00
INFO - 29 49 48 3c 00 0a c3 00
INFO - 29 4d 88 3c 00 0a db 00
INFO - 29 4e c8 3c 00 0a 9b 00
INFO - 29 52 08 3c 00 0a e9 00
INFO - 29 54 48 3c 00 0a c2 00
INFO - 29 57 88 3c 00 0a c2 00
INFO - 29 59 c8 3c 00 0a a9 00
INFO - 29 5c 08 3c 00 0a d0 00
INFO - 29 5f 48 3c 00 0a c2 00
INFO - 29 62 88 3c 00 0a e9 00
INFO - 29 64 c8 3c 00 0a a8 00
INFO - 29 69 08 3c 00 0a e0 00
INFO - 29 6c 48 3c 00 0a e9 00
INFO - 29 70 88 3c 00 0a de 00
INFO - 29 72 c8 3c 00 0a a9 00
INFO - 29 75 08 3c 00 0a cf 00
INFO - 29 77 48 3c 00 0a b2 00
INFO - 29 7b 88 3c 00 0a ed 00
INFO - 29 7d c8 3c 00 0a a7 00
INFO - 29 7f 08 3c 00 0a b5 00
INFO - 29 81 48 3c 00 0a 9c 00
INFO - 29 83 88 3c 00 0a a7 00
INFO - 29 87 c8 3c 00 0a 9b 00
INFO - 29 8b 08 3c 00 0a e9 00
INFO - 29 8c 48 3c 00 0a 8d 00
INFO - 29 90 88 3c 00 0a dc 00
INFO - 29 92 c8 3c 00 0a b6 00
INFO - 29 94 08 3c 00 0a b5 00
INFO - 29 97 48 3c 00 0a b2 00
INFO - 29 9a 88 3c 00 0a df 00
INFO - 29 9c c8 3c 00 0a c1 00
INFO - 29 9f 08 3c 00 0a d9 00
INFO - 29 a2 48 3c 00 0a ab 00
INFO - 29 a4 88 3c 00 0a b1 00
INFO - 29 a6 c8 3c 00 0a 9f 00
INFO - 29 a9 08 3c 00 0a f4 00
INFO - 29 ab 48 3c 00 0a 8c 00
INFO - 29 ad 88 3c 00 0a ab 00
INFO - 29 b0 c8 3c 00 0a d8 00
INFO - 29 b2 08 3c 00 0a 8e 00
INFO - 29 b5 48 3c 00 0a d2 00
INFO - 29 b7 88 3c 00 0a b1 00
INFO - 29 ba c8 3c 00 0a cf 00
INFO - 29 bc 08 3c 00 0a b8 00
INFO - 29 be 48 3c 00 0a b2 00
INFO - 29 c1 88 3c 00 0a b4 00
INFO - 29 c3 c8 3c 00 0a b5 00
INFO - 29 c6 08 3c 00 0a b5 00
INFO - 29 c9 48 3c 00 0a db 00
INFO - 29 cb 88 3c 00 0a c1 00
INFO - 29 ce c8 3c 00 0a c4 00
INFO - 29 d4 08 3c 00 0b 72 00
INFO - 29 d6 48 3c 00 0a b4 00
INFO - 29 da 88 3c 00 0a e4 00
INFO - 29 dc c8 3c 00 0a ab 00
INFO - 29 df 08 3c 00 0a cc 00
INFO - 29 e2 48 3c 00 0a f1 00
INFO - 29 e5 88 3c 00 0a b7 00
INFO - 29 e7 c8 3c 00 0a ae 00
INFO - 29 e9 08 3c 00 0a b5 00
INFO - 29 ec 48 3c 00 0a d9 00
INFO - 29 f1 88 3c 00 0b 32 00
INFO - 29 f4 c8 3c 00 0a c9 00
INFO - 29 f6 08 3c 00 0a 99 00
INFO - 29 f7 48 3c 00 0a 9b 00
INFO - 29 fa 88 3c 00 0a b3 00
INFO - 29 fd c8 3c 00 0a cc 00
INFO - 29 ff 08 3c 00 0a a3 00
INFO - 2a 01 48 3c 00 0a c2 00
INFO - 2a 04 88 3c 00 0a b1 00
INFO - 2a 07 c8 3c 00 0a e6 00
INFO - 2a 09 08 3c 00 0a a6 00
INFO - 2a 0d 48 3c 00 0a f4 00
INFO - 2a 0f 88 3c 00 0a b4 00
INFO - 2a 11 c8 3c 00 0a c1 00
INFO - 2a 14 08 3c 00 0a b3 00
INFO - 2a 16 48 3c 00 0a c1 00
INFO - 2a 19 88 3c 00 0a b5 00
INFO - 2a 1c c8 3c 00 0a e8 00
INFO - 2a 1f 08 3c 00 0a c2 00
INFO - 2a 21 48 3c 00 0a b5 00
INFO - 2a 23 88 3c 00 0a 9b 00
INFO - 2a 26 c8 3c 00 0a ce 00
INFO - 2a 28 08 3c 00 0a bf 00
INFO - 2a 2c 48 3c 00 0a ed 00
INFO - 2a 2e 88 3c 00 0a b5 00
INFO - 2a 32 c8 3c 00 0a f4 00
INFO - 2a 35 08 3c 00 0a f8 00
INFO - 2a 38 48 3c 00 0a a5 00
INFO - 2a 3a 88 3c 00 0a ce 00
INFO - 2a 3d c8 3c 00 0a d2 00
INFO - 2a 41 08 3c 00 0b 0c 00
INFO - 2a 43 48 3c 00 0a 9d 00
INFO - 2a 46 88 3c 00 0a b1 00
INFO - 2a 47 c8 3c 00 0a 90 00
INFO - 2a 4a 08 3c 00 0a cb 00
INFO - 2a 4e 48 3c 00 0b 01 00
INFO - 2a 51 88 3c 00 0a c4 00
INFO - 2a 53 c8 3c 00 0a a4 00
INFO - 2a 55 08 3c 00 0a a7 00
INFO - 2a 57 48 3c 00 0a b7 00
INFO - 2a 59 88 3c 00 0a a4 00
INFO - 2a 5b c8 3c 00 0a b3 00
INFO - 2a 5d 08 3c 00 0a a7 00
INFO - 2a 60 48 3c 00 0a da 00
INFO - 2a 63 88 3c 00 0a a7 00
INFO - 2a 65 c8 3c 00 0a b4 00
INFO - 2a 68 08 3c 00 0a ce 00
INFO - 2a 6b 48 3c 00 0a a8 00
INFO - 2a 7c 88 3c 00 0a d4 00
INFO - 2a 7f c8 3c 00 0a d8 00
INFO - 2a 81 08 3c 00 0a 9e 00
INFO - 2a 83 48 3c 00 0a b4 00
INFO - 2a 85 88 3c 00 0a 98 00
INFO - 2a 87 c8 3c 00 0a c4 00
INFO - 2a 89 08 3c 00 0a a5 00
INFO - 2a 8b 48 3c 00 0a 9e 00
INFO - 2a 8e 88 3c 00 0a b5 00
INFO - 2a 90 c8 3c 00 0a b2 00
INFO - 2a 92 08 3c 00 0a a8 00
INFO - 2a 94 48 3c 00 0a 6f 00
INFO - 2a 96 88 3c 00 0a b2 00
INFO - 2a 98 c8 3c 00 0a a8 00
INFO - 2a 9c 08 3c 00 0a dc 00
INFO - 2a 9e 48 3c 00 0a a8 00
INFO - 2a a3 88 3c 00 0b 36 00
INFO - 2a a7 c8 3c 00 0a e7 00
INFO - 2a aa 08 3c 00 0a ed 00
INFO - 2a ad 48 3c 00 0a dd 00
INFO - 2a b1 88 3c 00 0b 06 00
INFO - 2a b4 c8 3c 00 0a c3 00
INFO - 2a b7 08 3c 00 0a eb 00
INFO - 2a b9 48 3c 00 0a 9c 00
INFO - 2a bd 88 3c 00 0a f8 00
INFO - 2a c0 c8 3c 00 0a d1 00
INFO - 2a c2 08 3c 00 0a c1 00
INFO - 2a c5 48 3c 00 0a ad 00
INFO - 2a c7 88 3c 00 0a c4 00
INFO - 2a ca c8 3c 00 0a c0 00
INFO - 2a cd 08 3c 00 0a e2 00
INFO - 2a d0 48 3c 00 0a db 00
INFO - 2a d5 88 3c 00 0b 3f 00
INFO - 2a d8 c8 3c 00 0a d1 00
INFO - 2a da 08 3c 00 0a a7 00
INFO - 2a de 48 3c 00 0a 98 00
INFO - 2a df 88 3c 00 0a 8c 00
INFO - 2a e2 c8 3c 00 0a c4 00
INFO - 2a e4 08 3c 00 0a a0 00
INFO - 2a e7 48 3c 00 0a db 00
INFO - 2a e9 88 3c 00 0a 8f 00
INFO - 2a ec c8 3c 00 0a d2 00
INFO - 2a ef 08 3c 00 0a d1 00
INFO - 2a f2 48 3c 00 0a de 00
INFO - 2a f4 88 3c 00 0a a9 00
INFO - 2a f7 c8 3c 00 0a e1 00
INFO - 2a fb 08 3c 00 0a e8 00
INFO - 2a fd 48 3c 00 0a a9 00
INFO - 2a ff 88 3c 00 0a 9c 00
INFO - 2b 01 c8 3c 00 0a a9 00
INFO - 2b 03 08 3c 00 0a b6 00
INFO - 2b 05 48 3c 00 0a 8e 00
INFO - 2b 07 88 3c 00 0a b6 00
INFO - 2b 0a c8 3c 00 0a d0 00
INFO - 2b 0d 08 3c 00 0a da 00
INFO - 2b 0f 48 3c 00 0a ac 00
INFO - 2b 11 88 3c 00 0a a8 00
INFO - 2b 14 c8 3c 00 0a b2 00
INFO - 2b 16 08 3c 00 0a ab 00
INFO - 2b 18 48 3c 00 0a b2 00
INFO - 2b 1a 88 3c 00 0a b8 00
INFO - 2b 1e c8 3c 00 0a e6 00
INFO - 2b 21 08 3c 00 0a de 00
INFO - 2b 23 48 3c 00 0a a4 00
INFO - 2b 25 88 3c 00 0a 9b 00
INFO - 2b 27 c8 3c 00 0a b4 00
INFO - 2b 2a 08 3c 00 0a d1 00
INFO - 2b 30 48 3c 00 0b 71 00
INFO - 2b 32 88 3c 00 0a a7 00
INFO - 2b 35 c8 3c 00 0a dd 00
INFO - 2b 38 08 3c 00 0a b0 00
INFO - 2b 3a 48 3c 00 0a cc 00
INFO - 2b 3c 88 3c 00 0a a6 00
INFO - 2b 3e c8 3c 00 0a 9d 00
INFO - 2b 42 08 3c 00 0a ef 00
INFO - 2b 45 48 3c 00 0a e5 00
INFO - 2b 48 88 3c 00 0a cb 00
INFO - 2b 4a c8 3c 00 0a a2 00
INFO - 2b 4c 08 3c 00 0a a8 00
INFO - 2b 4f 48 3c 00 0a cb 00
INFO - 2b 51 88 3c 00 0a be 00
INFO - 2b 54 c8 3c 00 0a be 00
INFO - 2b 57 08 3c 00 0a e3 00
INFO - 2b 59 48 3c 00 0a a4 00
INFO - 2b 5b 88 3c 00 0a a4 00
INFO - 2b 5e c8 3c 00 0a c7 00
INFO - 2b 60 08 3c 00 0a c0 00
INFO - 2b 63 48 3c 00 0a d3 00
INFO - 2b 66 88 3c 00 0a a6 00
INFO - 2b 68 c8 3c 00 0a c9 00
INFO - 2b 6c 08 3c 00 0a fa 00
INFO - 2b 6e 48 3c 00 0a b0 00
INFO - 2b 71 88 3c 00 0a de 00
INFO - 2b 74 c8 3c 00 0a ca 00
INFO - 2b 76 08 3c 00 0a 94 00
INFO - 2b 79 48 3c 00 0a c8 00
INFO - 2b 7a 88 3c 00 0a 96 00
INFO - 2b 7d c8 3c 00 0a ca 00
INFO - 2b 7f 08 3c 00 0a a0 00
INFO - 2b 82 48 3c 00 0a d3 00
INFO - 2b 85 88 3c 00 0a df 00
INFO - 2b 88 c8 3c 00 0a b0 00
INFO - 2b 89 08 3c 00 0a 93 00
INFO - 2b 8c 48 3c 00 0a c6 00
INFO - 2b 8e 88 3c 00 0a ba 00
INFO - 2b 91 c8 3c 00 0a d2 00
INFO - 2b 93 08 3c 00 0a ae 00
INFO - 2b 96 48 3c 00 0a ad 00
INFO - 2b 99 88 3c 00 0a d0 00
INFO - 2b 9b c8 3c 00 0a a1 00
INFO - 2b 9e 08 3c 00 0a eb 00
INFO - 2b a1 48 3c 00 0a de 00
INFO - 2b a5 88 3c 00 0b 02 00
INFO - 2b a7 c8 3c 00 0a b7 00
INFO - 2b a9 08 3c 00 0a a4 00
INFO - 2b ac 48 3c 00 0a b9 00
INFO - 2b af 88 3c 00 0a c3 00
INFO - 2b b3 c8 3c 00 0b 11 00
INFO - 2b b5 08 3c 00 0a ba 00
INFO - 2b b7 48 3c 00 0a 9f 00
INFO - 2b b9 88 3c 00 0a 98 00
INFO - 2b bb c8 3c 00 0a 96 00
INFO - 2b bd 08 3c 00 0a b7 00
INFO - 2b c1 48 3c 00 0a ee 00
INFO - 2b c2 88 3c 00 0a 93 00
INFO - 2b c4 c8 3c 00 0a 96 00
INFO - 2b c6 08 3c 00 0a 99 00
INFO - 2b c8 48 3c 00 0a 9f 00
INFO - 2b c9 88 3c 00 0a 96 00
INFO - 2b cc c8 3c 00 0a b1 00
INFO - 2b cd 08 3c 00 0a 92 00
INFO - 2b d0 48 3c 00 0a c7 00
INFO - 2b d2 88 3c 00 0a a5 00
INFO - 2b d4 c8 3c 00 0a 9f 00
INFO - 2b d6 08 3c 00 0a a2 00
INFO - 2b d8 48 3c 00 0a a3 00
INFO - 2b da 88 3c 00 0a b2 00
INFO - 2b dd c8 3c 00 0a c1 00
INFO - 2b e0 08 3c 00 0a ca 00
INFO - 2b e2 48 3c 00 0a bb 00
INFO - 2b e5 88 3c 00 0a e0 00
INFO - 2b e8 c8 3c 00 0a c7 00
INFO - 2b eb 08 3c 00 0a ec 00
INFO - 2b f0 48 3c 00 0b 0f 00
INFO - 2b f2 88 3c 00 0a a6 00
INFO - 2b f4 c8 3c 00 0a a2 00
INFO - 2b f5 08 3c 00 0a 8a 00
INFO - 2b f8 48 3c 00 0a b9 00
INFO - 2b fa 88 3c 00 0a be 00
INFO - 2b fd c8 3c 00 0a c5 00
INFO - 2b ff 08 3c 00 0a bb 00
INFO - 2c 03 48 3c 00 0a e3 00
INFO - 2c 06 88 3c 00 0a e0 00
INFO - 2c 08 c8 3c 00 0a b9 00
INFO - 2c 0b 08 3c 00 0a d4 00
INFO - 2c 0f 48 3c 00 0a e3 00
INFO - 2c 10 88 3c 00 0a a1 00
INFO - 2c 13 c8 3c 00 0a b2 00
INFO - 2c 16 08 3c 00 0a c9 00
INFO - 2c 18 48 3c 00 0a c5 00
INFO - 2c 1b 88 3c 00 0a d8 00
INFO - 2c 1e c8 3c 00 0a de 00
INFO - 2c 21 08 3c 00 0a d5 00
INFO - 2c 24 48 3c 00 0a cb 00
INFO - 2c 26 88 3c 00 0a 94 00
INFO - 2c 2a c8 3c 00 0a fa 00
INFO - 2c 2b 08 3c 00 0a 8a 00
INFO - 2c 2f 48 3c 00 0a ed 00
INFO - 2c 31 88 3c 00 0a a4 00
INFO - 2c 33 c8 3c 00 0a a3 00
INFO - 2c 35 08 3c 00 0a b2 00
INFO - 2c 38 48 3c 00 0a c6 00
INFO - 2c 3b 88 3c 00 0a d5 00
INFO - 2c 3d c8 3c 00 0a af 00
INFO - 2c 3f 08 3c 00 0a a3 00
INFO - 2c 41 48 3c 00 0a a3 00
INFO - 2c 44 88 3c 00 0a e1 00
INFO - 2c 47 c8 3c 00 0a e1 00
INFO - 2c 4a 08 3c 00 0a b9 00
INFO - 2c 4d 48 3c 00 0a 8c 00
INFO - 2c 4f 88 3c 00 0a 96 00
INFO - 2c 51 c8 3c 00 0a c7 00
INFO - 2c 53 08 3c 00 0a a3 00
INFO - 2c 56 48 3c 00 0a bb 00
INFO - 2c 58 88 3c 00 0a 96 00
INFO - 2c 5a c8 3c 00 0a c7 00
INFO - 2c 5c 08 3c 00 0a 97 00
INFO - 2c 60 48 3c 00 0a ea 00
INFO - 2c 62 88 3c 00 0a a3 00
INFO - 2c 63 c8 3c 00 0a a0 00
INFO - 2c 66 08 3c 00 0a b8 00
INFO - 2c 68 48 3c 00 0a bd 00
INFO - 2c 6b 88 3c 00 0a b7 00
INFO - 2c 6d c8 3c 00 0a b0 00
INFO - 2c 6f 08 3c 00 0a b7 00
INFO - 2c 72 48 3c 00 0a c8 00
INFO - 2c 74 88 3c 00 0a 9e 00
INFO - 2c 77 c8 3c 00 0a ea 00
INFO - 2c 7a 08 3c 00 0a ad 00
INFO - 2c 7c 48 3c 00 0a b0 00
INFO - 2c 7f 88 3c 00 0a e9 00
INFO - 2c 81 c8 3c 00 0a a5 00
INFO - 2c 84 08 3c 00 0a cb 00
INFO - 2c 86 48 3c 00 0a a0 00
INFO - 2c 88 88 3c 00 0a b9 00
INFO - 2c 8a c8 3c 00 0a a0 00
INFO - 2c 8d 08 3c 00 0a d0 00
INFO - 2c 8f 48 3c 00 0a ac 00
INFO - 2c 93 88 3c 00 0a dc 00
INFO - 2c 94 c8 3c 00 0a 94 00
INFO - 2c 96 08 3c 00 0a ab 00
INFO - 2c 99 48 3c 00 0a b5 00
INFO - 2c 9b 88 3c 00 0a b7 00
INFO - 2c 9f c8 3c 00 0a f3 00
INFO - 2c a1 08 3c 00 0a c3 00
INFO - 2c a4 48 3c 00 0a b7 00
INFO - 2c a6 88 3c 00 0a ab 00
INFO - 2c a9 c8 3c 00 0a c2 00
INFO - 2c ab 08 3c 00 0a b6 00
INFO - 2c ae 48 3c 00 0a c2 00
INFO - 2c b0 88 3c 00 0a c2 00
INFO - 2c b3 c8 3c 00 0a cc 00
INFO - 2c b5 08 3c 00 0a aa 00
INFO - 2c b8 48 3c 00 0a c1 00
INFO - 2c b9 88 3c 00 0a 86 00
INFO - 2c bc c8 3c 00 0a c1 00
INFO - 2c be 08 3c 00 0a 9e 00
INFO - 2c bf 48 3c 00 0a 92 00
INFO - 2c c1 88 3c 00 0a a9 00
INFO - 2c c5 c8 3c 00 0a e3 00
INFO - 2c c6 08 3c 00 0a 92 00
INFO - 2c ca 48 3c 00 0b 08 00
INFO - 2c cd 88 3c 00 0a b1 00
INFO - 2c cf c8 3c 00 0a 9e 00
INFO - 2c d1 08 3c 00 0a b4 00
INFO - 2c d3 48 3c 00 0a a0 00
INFO - 2c d5 88 3c 00 0a a6 00
INFO - 2c d7 c8 3c 00 0a 9f 00
INFO - 2c da 08 3c 00 0a ac 00
INFO - 2c dc 48 3c 00 0a bd 00
INFO - 2c df 88 3c 00 0a c0 00
INFO - 2c e3 c8 3c 00 0b 05 00
INFO - 2c e5 08 3c 00 0a c3 00
INFO - 2c e7 48 3c 00 0a 99 00
INFO - 2c e9 88 3c 00 0a a8 00
INFO - 2c ec c8 3c 00 0a c9 00
INFO - 2c ee 08 3c 00 0a b0 00
INFO - 2c f0 48 3c 00 0a 90 00
INFO - 2c f2 88 3c 00 0a a0 00
INFO - 2c f4 c8 3c 00 0a af 00
INFO - 2c f6 08 3c 00 0a 99 00
INFO - 2c f9 48 3c 00 0a c8 00
INFO - 2c fb 88 3c 00 0a 9c 00
INFO - 2c fd c8 3c 00 0a b5 00
INFO - 2c ff 08 3c 00 0a 98 00
INFO - 2d 01 48 3c 00 0a b1 00
INFO - 2d 03 88 3c 00 0a 90 00
INFO - 2d 06 c8 3c 00 0a df 00
INFO - 2d 08 08 3c 00 0a a7 00
INFO - 2d 0a 48 3c 00 0a b5 00
INFO - 2d 0d 88 3c 00 0a d3 00
INFO - 2d 10 c8 3c 00 0a c4 00
INFO - 2d 12 08 3c 00 0a a6 00
INFO - 2d 15 48 3c 00 0a d2 00
INFO - 2d 18 88 3c 00 0a d3 00
INFO - 2d 1a c8 3c 00 0a b3 00
INFO - 2d 1e 08 3c 00 0a df 00
INFO - 2d 20 48 3c 00 0a ae 00
INFO - 2d 23 88 3c 00 0a ec 00
INFO - 2d 26 c8 3c 00 0a db 00
INFO - 2d 28 08 3c 00 0a 8f 00
INFO - 2d 2b 48 3c 00 0a e8 00
INFO - 2d 2d 88 3c 00 0a 9a 00
INFO - 2d 2f c8 3c 00 0a a8 00
INFO - 2d 31 08 3c 00 0a ad 00
INFO - 2d 34 48 3c 00 0a c7 00
INFO - 2d 36 88 3c 00 0a 9c 00
INFO - 2d 38 c8 3c 00 0a a2 00
INFO - 2d 3a 08 3c 00 0a b3 00
INFO - 2d 3e 48 3c 00 0a f3 00
INFO - 2d 3f 88 3c 00 0a 81 00
INFO - 2d 42 c8 3c 00 0a bb 00
INFO - 2d 44 08 3c 00 0a 9d 00
INFO - 2d 46 48 3c 00 0a b9 00
INFO - 2d 49 88 3c 00 0a bc 00
INFO - 2d 4b c8 3c 00 0a b3 00
INFO - 2d 4d 08 3c 00 0a 98 00
INFO - 2d 4f 48 3c 00 0a bc 00
INFO - 2d 51 88 3c 00 0a a6 00
INFO - 2d 55 c8 3c 00 0a ed 00
INFO - 2d 57 08 3c 00 0a c8 00
INFO - 2d 5a 48 3c 00 0a 8a 00
INFO - 2d 5c 88 3c 00 0a 9d 00
INFO - 2d 5e c8 3c 00 0a 9a 00
INFO - 2d 60 08 3c 00 0a 9b 00
INFO - 2d 62 48 3c 00 0a b5 00
INFO - 2d 65 88 3c 00 0a c8 00
INFO - 2d 67 c8 3c 00 0a 9d 00
INFO - 2d 68 08 3c 00 0a 8f 00
INFO - 2d 6b 48 3c 00 0a a8 00
INFO - 2d 6d 88 3c 00 0a be 00
INFO - 2d 6f c8 3c 00 0a 9c 00
INFO - 2d 71 08 3c 00 0a b2 00
INFO - 2d 73 48 3c 00 0a 9c 00
INFO - 2d 75 88 3c 00 0a 9b 00
INFO - 2d 77 c8 3c 00 0a be 00
INFO - 2d 79 08 3c 00 0a 9b 00
INFO - 2d 7b 48 3c 00 0a 9b 00
INFO - 2d 7d 88 3c 00 0a b2 00
INFO - 2d 80 c8 3c 00 0a a6 00
INFO - 2d 83 08 3c 00 0a d5 00
INFO - 2d 85 48 3c 00 0a a7 00
INFO - 2d 87 88 3c 00 0a bd 00
INFO - 2d 8b c8 3c 00 0a ec 00
INFO - 2d 8c 08 3c 00 0a 99 00
INFO - 2d 8f 48 3c 00 0a b3 00
INFO - 2d 90 88 3c 00 0a 9a 00
INFO - 2d 92 c8 3c 00 0a 9d 00
INFO - 2d 94 08 3c 00 0a a7 00
INFO - 2d 97 48 3c 00 0a b0 00
INFO - 2d 99 88 3c 00 0a ca 00
INFO - 2d 9b c8 3c 00 0a 8e 00
INFO - 2d 9d 08 3c 00 0a a8 00
INFO - 2d 9f 48 3c 00 0a b2 00
INFO - 2d a2 88 3c 00 0a bc 00
INFO - 2d a4 c8 3c 00 0a b4 00
INFO - 2d a7 08 3c 00 0a c8 00
INFO - 2d aa 48 3c 00 0a be 00
INFO - 2d af 88 3c 00 0a c7 00
INFO - 2d b4 c8 3c 00 0b 16 00
INFO - 2d b6 08 3c 00 0a 9a 00
INFO - 2d b9 48 3c 00 0a c1 00
INFO - 2d bb 88 3c 00 0a 9d 00
INFO - 2d be c8 3c 00 0a d6 00
INFO - 2d c0 08 3c 00 0a b4 00
INFO - 2d c3 48 3c 00 0a bc 00
INFO - 2d c4 88 3c 00 0a a0 00
INFO - 2d c8 c8 3c 00 0a 8c 00
INFO - 2d ca 08 3c 00 0a a9 00
INFO - 2d cd 48 3c 00 0a e1 00
INFO - 2d cf 88 3c 00 0a ac 00
INFO - 2d d1 c8 3c 00 0a b4 00
INFO - 2d d4 08 3c 00 0a b8 00
INFO - 2d d7 48 3c 00 0a cc 00
INFO - 2d d9 88 3c 00 0a b8 00
INFO - 2d db c8 3c 00 0a ab 00
INFO - 2d df 08 3c 00 0a f2 00
INFO - 2d e1 48 3c 00 0a b7 00
INFO - 2d e4 88 3c 00 0a c4 00
INFO - 2d e6 c8 3c 00 0a 9e 00
INFO - 2d e8 08 3c 00 0a ae 00
INFO - 2d eb 48 3c 00 0a d1 00
INFO - 2d ee 88 3c 00 0a c4 00
INFO - 2d f0 c8 3c 00 0a c5 00
INFO - 2d f3 08 3c 00 0a b7 00
INFO - 2d f5 48 3c 00 0a af 00
INFO - 2d f8 88 3c 00 0a c4 00
INFO - 2d fc c8 3c 00 0a a7 00
INFO - 2d ff 08 3c 00 0a bc 00
INFO - 2e 01 48 3c 00 0a ba 00
INFO - 2e 03 88 3c 00 0a ae 00
INFO - 2e 05 c8 3c 00 0a a0 00
INFO - 2e 08 08 3c 00 0a d5 00
INFO - 2e 0b 48 3c 00 0a c5 00
INFO - 2e 0d 88 3c 00 0a b0 00
INFO - 2e 11 c8 3c 00 0a f7 00
INFO - 2e 14 08 3c 00 0a bd 00
INFO - 2e 16 48 3c 00 0a a3 00
INFO - 2e 18 88 3c 00 0a a0 00
INFO - 2e 1a c8 3c 00 0a be 00
INFO - 2e 1d 08 3c 00 0a b9 00
INFO - 2e 20 48 3c 00 0a ee 00
INFO - 2e 22 88 3c 00 0a a6 00
INFO - 2e 25 c8 3c 00 0a d5 00
INFO - 2e 27 08 3c 00 0a a5 00
INFO - 2e 2a 48 3c 00 0a d3 00
INFO - 2e 2d 88 3c 00 0a 8c 00
INFO - 2e 30 c8 3c 00 0a cc 00
INFO - 2e 32 08 3c 00 0a b1 00
INFO - 2e 35 48 3c 00 0a cb 00
INFO - 2e 38 88 3c 00 0a be 00
INFO - 2e 3a c8 3c 00 0a b2 00
INFO - 2e 3d 08 3c 00 0a c8 00
INFO - 2e 40 48 3c 00 0a e6 00
INFO - 2e 43 88 3c 00 0a c2 00
INFO - 2e 45 c8 3c 00 0a b3 00
INFO - 2e 47 08 3c 00 0a b3 00
INFO - 2e 4a 48 3c 00 0a b3 00
INFO - 2e 4c 88 3c 00 0a cb 00
INFO - 2e 4f c8 3c 00 0a c1 00
INFO - 2e 52 08 3c 00 0a c4 00
INFO - 2e 54 48 3c 00 0a 9b 00
INFO - 2e 56 88 3c 00 0a c0 00
INFO - 2e 59 c8 3c 00 0a d0 00
INFO - 2e 5c 08 3c 00 0a c0 00
INFO - 2e 5f 48 3c 00 0a de 00
INFO - 2e 62 88 3c 00 0a dc 00
INFO - 2e 64 c8 3c 00 0a 8d 00
INFO - 2e 66 08 3c 00 0a b8 00
INFO - 2e 68 48 3c 00 0a a7 00
INFO - 2e 6a 88 3c 00 0a 91 00
INFO - 2e 6c c8 3c 00 0a c1 00
INFO - 2e 6f 08 3c 00 0a d2 00
INFO - 2e 72 48 3c 00 0a dc 00
INFO - 2e 76 88 3c 00 0a f8 00
INFO - 2e 79 c8 3c 00 0a de 00
INFO - 2e 7d 08 3c 00 0a fa 00
INFO - 2e 80 48 3c 00 0a dd 00
INFO - 2e 84 88 3c 00 0a 89 00
INFO - 2e 89 c8 3c 00 0b 58 00
INFO - 2e 8d 08 3c 00 0a df 00
INFO - 2e 91 48 3c 00 0b 23 00
INFO - 2e 94 88 3c 00 0a c6 00
INFO - 2e 97 c8 3c 00 0a d3 00
INFO - 2e 9a 08 3c 00 0a e0 00
INFO - 2e 9d 48 3c 00 0a e1 00
INFO - 2e a0 88 3c 00 0a ab 00
INFO - 2e a2 c8 3c 00 0a ab 00
INFO - 2e a4 08 3c 00 0a aa 00
INFO - 2e a6 48 3c 00 0a ba 00
INFO - 2e a8 88 3c 00 0a a9 00
INFO - 2e ac c8 3c 00 0a e2 00
INFO - 2e ae 08 3c 00 0a b9 00
INFO - 2e b0 48 3c 00 0a 8e 00
INFO - 2e b4 88 3c 00 0b 0a 00
INFO - 2e b6 c8 3c 00 0a bb 00
INFO - 2e b8 08 3c 00 0a ab 00
INFO - 2e bc 48 3c 00 0a fc 00
INFO - 2e bf 88 3c 00 0a ba 00
INFO - 2e c1 c8 3c 00 0a b8 00
INFO - 2e c4 08 3c 00 0a bc 00
INFO - 2e c6 48 3c 00 0a c6 00
INFO - 2e cb 88 3c 00 0b 36 00
INFO - 2e ce c8 3c 00 0a c8 00
INFO - 2e d0 08 3c 00 0a b8 00
INFO - 2e d2 48 3c 00 0a a2 00
INFO - 2e d4 88 3c 00 0a 9d 00
INFO - 2e d6 c8 3c 00 0a 6a 00
INFO - 2e d9 08 3c 00 0a c8 00
INFO - 2e db 48 3c 00 0a ab 00
INFO - 2e de 88 3c 00 0a d7 00
INFO - 2e e0 c8 3c 00 0a a2 00
INFO - 2e e2 08 3c 00 0a ad 00
INFO - 2e e4 48 3c 00 0a ac 00
INFO - 2e e6 88 3c 00 0a af 00
INFO - 2e e9 c8 3c 00 0a bc 00
INFO - 2e eb 08 3c 00 0a bb 00
INFO - 2e ee 48 3c 00 0a c6 00
INFO - 2e f1 88 3c 00 0a bc 00
INFO - 2e f3 c8 3c 00 0a c6 00
INFO - 2e f6 08 3c 00 0a ae 00
INFO - 2e f9 48 3c 00 0a e0 00
INFO - 2e fc 88 3c 00 0a ca 00
INFO - 2e ff c8 3c 00 0a d3 00
INFO - 2f 02 08 3c 00 0a d6 00
INFO - 2f 09 48 3c 00 0b c4 00
INFO - 2f 0b 88 3c 00 0a 9e 00
INFO - 2f 0d c8 3c 00 0a aa 00
INFO - 2f 10 08 3c 00 0a ba 00
INFO - 2f 12 48 3c 00 0a 9e 00
INFO - 2f 16 88 3c 00 0b 08 00
INFO - 2f 1a c8 3c 00 0b 13 00
INFO - 2f 1d 08 3c 00 0a b9 00
INFO - 2f 1f 48 3c 00 0a c5 00
INFO - 2f 21 88 3c 00 0a 9b 00
INFO - 2f 24 c8 3c 00 0a c5 00
INFO - 2f 26 08 3c 00 0a c5 00
INFO - 2f 2a 48 3c 00 0a ea 00
INFO - 2f 2d 88 3c 00 0a e0 00
INFO - 2f 30 c8 3c 00 0a c1 00
INFO - 2f 32 08 3c 00 0a 9e 00
INFO - 2f 35 48 3c 00 0a f7 00
INFO - 2f 38 88 3c 00 0a dd 00
INFO - 2f 3c c8 3c 00 0a dd 00
INFO - 2f 40 08 3c 00 0b 02 00
INFO - 2f 42 48 3c 00 0a b6 00
INFO - 2f 44 88 3c 00 0a b4 00
INFO - 2f 46 c8 3c 00 0a a9 00
INFO - 2f 4a 08 3c 00 0a e7 00
INFO - 2f 4d 48 3c 00 0a d1 00
INFO - 2f 4f 88 3c 00 0a cc 00
INFO - 2f 52 c8 3c 00 0a c3 00
INFO - 2f 55 08 3c 00 0a cb 00
INFO - 2f 57 48 3c 00 0a a8 00
INFO - 2f 5a 88 3c 00 0a cb 00
INFO - 2f 5c c8 3c 00 0a a8 00
INFO - 2f 5e 08 3c 00 0a b3 00
INFO - 2f 60 48 3c 00 0a b1 00
INFO - 2f 63 88 3c 00 0a c1 00
INFO - 2f 67 c8 3c 00 0a fd 00
INFO - 2f 69 08 3c 00 0a be 00
INFO - 2f 6b 48 3c 00 0a 99 00
INFO - 2f 6e 88 3c 00 0a b2 00
INFO - 2f 70 c8 3c 00 0a c0 00
INFO - 2f 73 08 3c 00 0a bd 00
INFO - 2f 74 48 3c 00 0a 6b 00
INFO - 2f 77 88 3c 00 0a d7 00
INFO - 2f 79 c8 3c 00 0a 8b 00
INFO - 2f 7c 08 3c 00 0a c8 00
INFO - 2f 7e 48 3c 00 0a b9 00
INFO - 2f 82 88 3c 00 0a ed 00
INFO - 2f 84 c8 3c 00 0a a1 00
INFO - 2f 87 08 3c 00 0a d3 00
INFO - 2f 89 48 3c 00 0a d1 00
INFO - 2f 8c 88 3c 00 0a b9 00
INFO - 2f 8e c8 3c 00 0a 9f 00
INFO - 2f 90 08 3c 00 0a ad 00
INFO - 2f 92 48 3c 00 0a b7 00
INFO - 2f 95 88 3c 00 0a b5 00
INFO - 2f 97 c8 3c 00 0a ab 00
INFO - 2f 9a 08 3c 00 0a d9 00
INFO - 2f 9d 48 3c 00 0a cd 00
INFO - 2f 9f 88 3c 00 0a c0 00
INFO - 2f a2 c8 3c 00 0a b3 00
INFO - 2f a4 08 3c 00 0a b4 00
INFO - 2f a7 48 3c 00 0a ca 00
INFO - 2f a9 88 3c 00 0a b1 00
INFO - 2f ab c8 3c 00 0a b3 00
INFO - 2f ae 08 3c 00 0a a8 00
INFO - 2f b0 48 3c 00 0a c9 00
INFO - 2f b3 88 3c 00 0a b1 00
INFO - 2f b5 c8 3c 00 0a b1 00
INFO - 2f b7 08 3c 00 0a 9c 00
INFO - 2f b9 48 3c 00 0a 99 00
INFO - 2f bb 88 3c 00 0a be 00
INFO - 2f be c8 3c 00 0a d1 00
INFO - 2f bf 08 3c 00 0a 85 00
INFO - 2f c2 48 3c 00 0a d3 00
INFO - 2f c4 88 3c 00 0a 8e 00
INFO - 2f c6 c8 3c 00 0a a5 00
INFO - 2f c9 08 3c 00 0a c4 00
INFO - 2f cb 48 3c 00 0a b1 00
INFO - 2f ce 88 3c 00 0a c4 00
INFO - 2f d0 c8 3c 00 0a b1 00
INFO - 2f d2 08 3c 00 0a ad 00
INFO - 2f d4 48 3c 00 0a 9b 00
INFO - 2f d6 88 3c 00 0a 99 00
INFO - 2f d9 c8 3c 00 0a c4 00
INFO - 2f db 08 3c 00 0a b1 00
INFO - 2f dd 48 3c 00 0a c4 00
INFO - 2f e1 88 3c 00 0a e8 00
INFO - 2f e3 c8 3c 00 0a a4 00
INFO - 2f e6 08 3c 00 0a f0 00
INFO - 2f e8 48 3c 00 0a a1 00
INFO - 2f ec 88 3c 00 0a db 00
INFO - 2f ee c8 3c 00 0a a5 00
INFO - 2f f0 08 3c 00 0a c4 00
INFO - 2f f4 48 3c 00 0a fa 00
INFO - 2f f6 88 3c 00 0a 8d 00
INFO - 2f f8 c8 3c 00 0a b7 00
INFO - 2f fa 08 3c 00 0a 8f 00
INFO - 2f fc 48 3c 00 0a cf 00
INFO - 2f ff 88 3c 00 0a ac 00
INFO - 30 01 c8 3c 00 0a b0 00
INFO - 30 03 08 3c 00 0a ae 00
INFO - 30 06 48 3c 00 0a c4 00
INFO - 30 08 88 3c 00 0a a1 00
INFO - 30 0b c8 3c 00 0a d2 00
INFO - 30 0d 08 3c 00 0a a3 00
INFO - 30 0f 48 3c 00 0a ae 00
INFO - 30 12 88 3c 00 0a db 00
INFO - 30 14 c8 3c 00 0a 9a 00
INFO - 30 15 08 3c 00 0a 83 00
INFO - 30 18 48 3c 00 0a b9 00
INFO - 30 19 88 3c 00 0a 8d 00
INFO - 30 1b c8 3c 00 0a 90 00
INFO - 30 1d 08 3c 00 0a a4 00
INFO - 30 1f 48 3c 00 0a a3 00
INFO - 30 21 88 3c 00 0a 9a 00
INFO - 30 22 c8 3c 00 0a 6c 00
INFO - 30 24 08 3c 00 0a 9a 00
INFO - 30 26 48 3c 00 0a 8e 00
INFO - 30 27 88 3c 00 0a 8e 00
INFO - 30 29 c8 3c 00 0a a1 00
INFO - 30 2b 08 3c 00 0a 90 00
INFO - 30 2d 48 3c 00 0a 96 00
INFO - 30 2e 88 3c 00 0a 9b 00
INFO - 30 30 c8 3c 00 0a a3 00
INFO - 30 33 08 3c 00 0a ad 00
INFO - 30 35 48 3c 00 0a a5 00
INFO - 30 38 88 3c 00 0a ef 00
INFO - 30 3a c8 3c 00 0a 98 00
INFO - 30 3c 08 3c 00 0a a0 00
INFO - 30 41 48 3c 00 0b 50 00
INFO - 30 44 88 3c 00 0a ae 00
INFO - 30 46 c8 3c 00 0a aa 00
INFO - 30 48 08 3c 00 0a 99 00
INFO - 30 49 48 3c 00 0a 96 00
INFO - 30 4b 88 3c 00 0a 80 00
INFO - 30 4d c8 3c 00 0a a9 00
INFO - 30 4f 08 3c 00 0a ad 00
INFO - 30 51 48 3c 00 0a aa 00
INFO - 30 54 88 3c 00 0a be 00
INFO - 30 55 c8 3c 00 0a 8a 00
INFO - 30 57 08 3c 00 0a 9c 00
INFO - 30 5e 48 3c 00 0a cc 00
INFO - 30 60 88 3c 00 0a 9b 00
INFO - 30 62 c8 3c 00 0a be 00
INFO - 30 65 08 3c 00 0a d9 00
INFO - 30 68 48 3c 00 0a ce 00
INFO - 30 6b 88 3c 00 0a d8 00
INFO - 30 6e c8 3c 00 0a af 00
INFO - 30 70 08 3c 00 0a b6 00
INFO - 30 72 48 3c 00 0a a6 00
INFO - 30 74 88 3c 00 0a 90 00
INFO - 30 75 c8 3c 00 0a 86 00
INFO - 30 77 08 3c 00 0a b4 00
INFO - 30 7a 48 3c 00 0a d6 00
INFO - 30 7d 88 3c 00 0a 75 00
INFO - 30 7f c8 3c 00 0a ad 00
INFO - 30 84 08 3c 00 0a ad 00
INFO - 30 86 48 3c 00 0a aa 00
INFO - 30 88 88 3c 00 0a 8d 00
INFO - 30 8a c8 3c 00 0a c6 00
INFO - 30 8c 08 3c 00 0a a0 00
INFO - 30 8e 48 3c 00 0a 96 00
INFO - 30 90 88 3c 00 0a b2 00
INFO - 30 92 c8 3c 00 0a 9f 00
INFO - 30 94 08 3c 00 0a 96 00
INFO - 30 96 48 3c 00 0a b2 00
INFO - 30 98 88 3c 00 0a 81 00
INFO - 30 9a c8 3c 00 0a a9 00
INFO - 30 9c 08 3c 00 0a 9e 00
INFO - 30 9e 48 3c 00 0a ad 00
INFO - 30 a0 88 3c 00 0a a7 00
INFO - 30 a3 c8 3c 00 0a c5 00
INFO - 30 a4 08 3c 00 0a 9b 00
INFO - 30 a6 48 3c 00 0a 7c 00
INFO - 30 a7 88 3c 00 0a 9a 00
INFO - 30 a9 c8 3c 00 0a 7d 00
INFO - 30 aa 08 3c 00 0a 7c 00
INFO - 30 ac 48 3c 00 0a 9c 00
INFO - 30 ad 88 3c 00 0a 87 00
INFO - 30 af c8 3c 00 0a 9b 00
INFO - 30 b1 08 3c 00 0a b7 00
INFO - 30 b3 48 3c 00 0a 82 00
INFO - 30 b4 88 3c 00 0a 92 00
INFO - 30 b6 c8 3c 00 0a 88 00
INFO - 30 b7 08 3c 00 0a 7a 00
INFO - 30 b9 48 3c 00 0a 9f 00
INFO - 30 ba 88 3c 00 0a 80 00
INFO - 30 bc c8 3c 00 0a a2 00
INFO - 30 bd 08 3c 00 0a 80 00
INFO - 30 bf 48 3c 00 0a 8d 00
INFO - 30 c0 88 3c 00 0a 64 00
INFO - 30 c2 c8 3c 00 0a 98 00
INFO - 30 c4 08 3c 00 0a ac 00
INFO - 30 c6 48 3c 00 0a 90 00
INFO - 30 c7 88 3c 00 0a 77 00
INFO - 30 c9 c8 3c 00 0a 93 00
INFO - 30 ca 08 3c 00 0a 7f 00
INFO - 30 cc 48 3c 00 0a 90 00
INFO - 30 cd 88 3c 00 0a 7c 00
INFO - 30 d0 c8 3c 00 0a ce 00
INFO - 30 d2 08 3c 00 0a 9c 00
INFO - 30 d2 48 3c 00 0a 67 00
INFO - 30 d4 88 3c 00 0a 8b 00
INFO - 30 d5 c8 3c 00 0a 90 00
INFO - 30 d7 08 3c 00 0a 86 00
INFO - 30 d9 48 3c 00 0a 95 00
INFO - 30 da 88 3c 00 0a 93 00
INFO - 30 dc c8 3c 00 0a 97 00
INFO - 30 dd 08 3c 00 0a 84 00
INFO - 30 e0 48 3c 00 0a af 00
INFO - 30 e1 88 3c 00 0a 96 00
INFO - 30 e3 c8 3c 00 0a 7f 00
INFO - 30 e4 08 3c 00 0a 8c 00
INFO - 30 e6 48 3c 00 0a 98 00
INFO - 30 e7 88 3c 00 0a 8f 00
INFO - 30 e9 c8 3c 00 0a 8c 00
INFO - 30 ea 08 3c 00 0a 6f 00
INFO - 30 ec 48 3c 00 0a a0 00
INFO - 30 ed 88 3c 00 0a 8f 00
INFO - 30 ef c8 3c 00 0a 84 00
INFO - 30 f1 08 3c 00 0a 97 00
INFO - 30 f2 48 3c 00 0a 8a 00
INFO - 30 f3 88 3c 00 0a 7f 00
INFO - 30 f5 c8 3c 00 0a 8d 00
INFO - 30 f6 08 3c 00 0a 88 00
INFO - 30 f8 48 3c 00 0a 9a 00
INFO - 30 fb 88 3c 00 0a b6 00
INFO - 30 fc c8 3c 00 0a 84 00
INFO - 30 fe 08 3c 00 0a ae 00
INFO - 31 00 48 3c 00 0a ac 00
INFO - 31 02 88 3c 00 0a a1 00
INFO - 31 03 c8 3c 00 0a 77 00
INFO - 31 05 08 3c 00 0a 9d 00
INFO - 31 07 48 3c 00 0a 90 00
INFO - 31 09 88 3c 00 0a b6 00
INFO - 31 0c c8 3c 00 0a bd 00
INFO - 31 0d 08 3c 00 0a 99 00
INFO - 31 10 48 3c 00 0a b9 00
INFO - 31 12 88 3c 00 0a b6 00
INFO - 31 13 c8 3c 00 0a 79 00
INFO - 31 15 08 3c 00 0a 97 00
INFO - 31 16 48 3c 00 0a 7c 00
INFO - 31 18 88 3c 00 0a 96 00
INFO - 31 19 c8 3c 00 0a 82 00
INFO - 31 1a 08 3c 00 0a 73 00
INFO - 31 1c 48 3c 00 0a 88 00
INFO - 31 1d 88 3c 00 0a 8e 00
INFO - 31 1f c8 3c 00 0a 84 00
INFO - 31 21 08 3c 00 0a 97 00
INFO - 31 22 48 3c 00 0a 88 00
INFO - 31 24 88 3c 00 0a 98 00
INFO - 31 25 c8 3c 00 0a 85 00
INFO - 31 27 08 3c 00 0a 9b 00
INFO - 31 29 48 3c 00 0a 90 00
INFO - 31 2a 88 3c 00 0a 7d 00
INFO - 31 2c c8 3c 00 0a 9c 00
INFO - 31 30 08 3c 00 0b 16 00
INFO - 31 32 48 3c 00 0a b0 00
INFO - 31 34 88 3c 00 0a 87 00
INFO - 31 36 c8 3c 00 0a a4 00
INFO - 31 37 08 3c 00 0a 89 00
INFO - 31 39 48 3c 00 0a 9b 00
INFO - 31 3a 88 3c 00 0a 80 00
INFO - 31 3c c8 3c 00 0a 92 00
INFO - 31 3e 08 3c 00 0a 92 00
INFO - 31 40 48 3c 00 0a a2 00
INFO - 31 41 88 3c 00 0a 7a 00
INFO - 31 42 c8 3c 00 0a 92 00
INFO - 31 45 08 3c 00 0a ae 00
INFO - 31 46 48 3c 00 0a 65 00
INFO - 31 47 88 3c 00 0a 81 00
INFO - 31 49 c8 3c 00 0a a5 00
INFO - 31 4b 08 3c 00 0a 89 00
INFO - 31 4d 48 3c 00 0a 9c 00
INFO - 31 4f 88 3c 00 0a 9c 00
INFO - 31 51 c8 3c 00 0a af 00
INFO - 31 53 08 3c 00 0a c2 00
INFO - 31 55 48 3c 00 0a 93 00
INFO - 31 57 88 3c 00 0a ad 00
INFO - 31 59 c8 3c 00 0a a8 00
INFO - 31 5c 08 3c 00 0a c0 00
INFO - 31 5e 48 3c 00 0a b3 00
INFO - 31 60 88 3c 00 0a 91 00
INFO - 31 61 c8 3c 00 0a 82 00
INFO - 31 63 08 3c 00 0a ab 00
INFO - 31 65 48 3c 00 0a 82 00
INFO - 31 67 88 3c 00 0a a6 00
INFO - 31 69 c8 3c 00 0a b4 00
INFO - 31 6b 08 3c 00 0a 9d 00
INFO - 31 6d 48 3c 00 0a b5 00
INFO - 31 70 88 3c 00 0a aa 00
INFO - 31 72 c8 3c 00 0a c6 00
INFO - 31 75 08 3c 00 0a bd 00
INFO - 31 76 48 3c 00 0a 8b 00
INFO - 31 78 88 3c 00 0a 90 00
INFO - 31 7a c8 3c 00 0a a9 00
INFO - 31 7c 08 3c 00 0a b7 00
INFO - 31 7f 48 3c 00 0a ac 00
INFO - 31 81 88 3c 00 0a c7 00
INFO - 31 84 c8 3c 00 0a af 00
INFO - 31 85 08 3c 00 0a 96 00
INFO - 31 88 48 3c 00 0a b9 00
INFO - 31 8a 88 3c 00 0a a4 00
INFO - 31 8b c8 3c 00 0a 8c 00
INFO - 31 8d 08 3c 00 0a a7 00
INFO - 31 8f 48 3c 00 0a 97 00
INFO - 31 91 88 3c 00 0a b1 00
INFO - 31 93 c8 3c 00 0a a4 00
INFO - 31 95 08 3c 00 0a 84 00
INFO - 31 97 48 3c 00 0a c5 00
INFO - 31 9a 88 3c 00 0a c1 00
INFO - 31 9c c8 3c 00 0a 91 00
INFO - 31 9e 08 3c 00 0a a8 00
INFO - 31 a0 48 3c 00 0a a6 00
INFO - 31 a2 88 3c 00 0a a3 00
INFO - 31 a4 c8 3c 00 0a bb 00
INFO - 31 a6 08 3c 00 0a 88 00
INFO - 31 a7 48 3c 00 0a 8a 00
INFO - 31 aa 88 3c 00 0a ce 00
INFO - 31 ac c8 3c 00 0a 9e 00
INFO - 31 ae 08 3c 00 0a b3 00
INFO - 31 b0 48 3c 00 0a 91 00
INFO - 31 b2 88 3c 00 0a 9d 00
INFO - 31 b3 c8 3c 00 0a 96 00
INFO - 31 b6 08 3c 00 0a b0 00
INFO - 31 b7 48 3c 00 0a 96 00
INFO - 31 b9 88 3c 00 0a 8a 00
INFO - 31 bb c8 3c 00 0a a7 00
INFO - 31 bd 08 3c 00 0a 8c 00
INFO - 31 bf 48 3c 00 0a b3 00
INFO - 31 c1 88 3c 00 0a 9e 00
INFO - 31 c3 c8 3c 00 0a ac 00
INFO - 31 c5 08 3c 00 0a ab 00
INFO - 31 c7 48 3c 00 0a a8 00
INFO - 31 c9 88 3c 00 0a a2 00
INFO - 31 cc c8 3c 00 0a be 00
INFO - 31 ce 08 3c 00 0a a2 00
INFO - 31 d1 48 3c 00 0a d3 00
INFO - 31 d3 88 3c 00 0a ac 00
INFO - 31 d5 c8 3c 00 0a b6 00
INFO - 31 d8 08 3c 00 0a c9 00
INFO - 31 da 48 3c 00 0a a9 00
INFO - 31 dc 88 3c 00 0a ac 00
INFO - 31 de c8 3c 00 0a 95 00
INFO - 31 e0 08 3c 00 0a 95 00
INFO - 31 e2 48 3c 00 0a bf 00
INFO - 31 e5 88 3c 00 0a d3 00
INFO - 31 e7 c8 3c 00 0a 97 00
INFO - 31 e8 08 3c 00 0a 80 00
INFO - 31 eb 48 3c 00 0a b3 00
INFO - 31 ed 88 3c 00 0a cd 00
INFO - 31 ef c8 3c 00 0a 89 00
INFO - 31 f1 08 3c 00 0a 98 00
INFO - 31 f3 48 3c 00 0a b6 00
INFO - 31 f5 88 3c 00 0a 9f 00
INFO - 31 f9 c8 3c 00 0b 01 00
INFO - 31 fb 08 3c 00 0a c3 00
INFO - 31 fd 48 3c 00 0a a1 00
INFO - 32 00 88 3c 00 0a 81 00
INFO - 32 02 c8 3c 00 0a ab 00
INFO - 32 04 08 3c 00 0a af 00
INFO - 32 06 48 3c 00 0a 8c 00
INFO - 32 08 88 3c 00 0a c1 00
INFO - 32 0b c8 3c 00 0a a5 00
INFO - 32 0c 08 3c 00 0a 96 00
INFO - 32 10 48 3c 00 0a fc 00
INFO - 32 12 88 3c 00 0a b2 00
INFO - 32 15 c8 3c 00 0a c3 00
INFO - 32 18 08 3c 00 0a bf 00
INFO - 32 1a 48 3c 00 0a a5 00
INFO - 32 1d 88 3c 00 0a d2 00
INFO - 32 1f c8 3c 00 0a af 00
INFO - 32 20 08 3c 00 0a 87 00
INFO - 32 22 48 3c 00 0a 9d 00
INFO - 32 24 88 3c 00 0a a3 00
INFO - 32 26 c8 3c 00 0a 90 00
INFO - 32 29 08 3c 00 0a da 00
INFO - 32 2b 48 3c 00 0a 99 00
INFO - 32 2d 88 3c 00 0a b8 00
INFO - 32 30 c8 3c 00 0a d4 00
INFO - 32 32 08 3c 00 0a 91 00
INFO - 32 34 48 3c 00 0a ac 00
INFO - 32 36 88 3c 00 0a ab 00
INFO - 32 38 c8 3c 00 0a 93 00
INFO - 32 3a 08 3c 00 0a bc 00
INFO - 32 3c 48 3c 00 0a a1 00
INFO - 32 3e 88 3c 00 0a 92 00
INFO - 32 41 c8 3c 00 0a eb 00
INFO - 32 44 08 3c 00 0a c1 00
INFO - 32 4a 48 3c 00 0b 68 00
INFO - 32 4c 88 3c 00 0a ad 00
INFO - 32 4f c8 3c 00 0a d9 00
INFO - 32 52 08 3c 00 0a ce 00
INFO - 32 54 48 3c 00 0a bd 00
INFO - 32 58 88 3c 00 0a ec 00
INFO - 32 5b c8 3c 00 0a df 00
INFO - 32 5d 08 3c 00 0a a7 00
INFO - 32 60 48 3c 00 0a e0 00
INFO - 32 63 88 3c 00 0a c8 00
INFO - 32 65 c8 3c 00 0a b2 00
INFO - 32 67 08 3c 00 0a a5 00
INFO - 32 6a 48 3c 00 0a bc 00
INFO - 32 6c 88 3c 00 0a 99 00
INFO - 32 72 c8 3c 00 0a b7 00
INFO - 32 74 08 3c 00 0a ac 00
INFO - 32 75 48 3c 00 0a 88 00
INFO - 32 78 88 3c 00 0a b9 00
INFO - 32 7a c8 3c 00 0a a1 00
INFO - 32 7c 08 3c 00 0a a1 00
INFO - 32 7e 48 3c 00 0a ae 00
INFO - 32 80 88 3c 00 0a ae 00
INFO - 32 83 c8 3c 00 0a ba 00
INFO - 32 85 08 3c 00 0a ba 00
INFO - 32 88 48 3c 00 0a d3 00
INFO - 32 8b 88 3c 00 0a df 00
INFO - 32 8e c8 3c 00 0a d7 00
INFO - 32 91 08 3c 00 0a c7 00
INFO - 32 94 48 3c 00 0a bb 00
INFO - 32 96 88 3c 00 0a a9 00
INFO - 32 98 c8 3c 00 0a 9f 00
INFO - 32 9a 08 3c 00 0a ae 00
INFO - 32 9c 48 3c 00 0a c2 00
INFO - 32 9f 88 3c 00 0a c9 00
INFO - 32 a2 c8 3c 00 0a cf 00
INFO - 32 a4 08 3c 00 0a a5 00
INFO - 32 a6 48 3c 00 0a 9d 00
INFO - 32 a8 88 3c 00 0a 9d 00
INFO - 32 aa c8 3c 00 0a b6 00
INFO - 32 ac 08 3c 00 0a ab 00
INFO - 32 ae 48 3c 00 0a a6 00
INFO - 32 b1 88 3c 00 0a b1 00
INFO - 32 b3 c8 3c 00 0a a3 00
INFO - 32 b6 08 3c 00 0a dd 00
INFO - 32 b9 48 3c 00 0a cb 00
INFO - 32 bb 88 3c 00 0a c4 00
INFO - 32 be c8 3c 00 0a ca 00
INFO - 32 c1 08 3c 00 0a d8 00
INFO - 32 c5 48 3c 00 0b 03 00
INFO - 32 c8 88 3c 00 0a d3 00
INFO - 32 cb c8 3c 00 0a d7 00
INFO - 32 ce 08 3c 00 0a ca 00
INFO - 32 d1 48 3c 00 0a d8 00
INFO - 32 d4 88 3c 00 0a c0 00
INFO - 32 d6 c8 3c 00 0a aa 00
INFO - 32 d9 08 3c 00 0a cc 00
INFO - 32 db 48 3c 00 0a ae 00
INFO - 32 dd 88 3c 00 0a 75 00
INFO - 32 e0 c8 3c 00 0a c8 00
INFO - 32 e2 08 3c 00 0a be 00
INFO - 32 e4 48 3c 00 0a ac 00
INFO - 32 e7 88 3c 00 0a b3 00
INFO - 32 e9 c8 3c 00 0a ac 00
INFO - 32 ed 08 3c 00 0b 19 00
INFO - 32 f0 48 3c 00 0a df 00
INFO - 32 f3 88 3c 00 0a a9 00
INFO - 32 f6 c8 3c 00 0a e9 00
INFO - 32 f8 08 3c 00 0a 99 00
INFO - 32 fa 48 3c 00 0a ac 00
INFO - 32 fd 88 3c 00 0a d3 00
INFO - 32 ff c8 3c 00 0a ab 00
INFO - 33 02 08 3c 00 0a d4 00
INFO - 33 04 48 3c 00 0a b7 00
INFO - 33 08 88 3c 00 0b 06 00
INFO - 33 0a c8 3c 00 0a 9e 00
INFO - 33 0d 08 3c 00 0a d3 00
INFO - 33 0f 48 3c 00 0a 86 00
INFO - 33 12 88 3c 00 0a eb 00
INFO - 33 14 c8 3c 00 0a a6 00
INFO - 33 16 08 3c 00 0a 9d 00
INFO - 33 18 48 3c 00 0a ad 00
INFO - 33 1a 88 3c 00 0a 90 00
INFO - 33 1d c8 3c 00 0a c5 00
INFO - 33 1e 08 3c 00 0a 98 00
INFO - 33 21 48 3c 00 0a d7 00
INFO - 33 24 88 3c 00 0a d0 00
INFO - 33 27 c8 3c 00 0a b8 00
INFO - 33 2a 08 3c 00 0a e1 00
INFO - 33 2c 48 3c 00 0a b7 00
INFO - 33 30 88 3c 00 0a e2 00
INFO - 33 32 c8 3c 00 0a b6 00
INFO - 33 35 08 3c 00 0a db 00
INFO - 33 38 48 3c 00 0a c3 00
INFO - 33 3b 88 3c 00 0a d5 00
INFO - 33 3d c8 3c 00 0a a4 00
INFO - 33 41 08 3c 00 0b 04 00
INFO - 33 44 48 3c 00 0a ee 00
INFO - 33 48 88 3c 00 0a ec 00
INFO - 33 4a c8 3c 00 0a a7 00
INFO - 33 4d 08 3c 00 0a ce 00
INFO - 33 4f 48 3c 00 0a a8 00
INFO - 33 51 88 3c 00 0a 75 00
INFO - 33 53 c8 3c 00 0a b2 00
INFO - 33 56 08 3c 00 0a da 00
INFO - 33 59 48 3c 00 0a b4 00
INFO - 33 5b 88 3c 00 0a b3 00
INFO - 33 5d c8 3c 00 0a 9c 00
INFO - 33 5f 08 3c 00 0a b3 00
INFO - 33 62 48 3c 00 0a d3 00
INFO - 33 65 88 3c 00 0a de 00
INFO - 33 67 c8 3c 00 0a 99 00
INFO - 33 6a 08 3c 00 0a b5 00
INFO - 33 6c 48 3c 00 0a ac 00
INFO - 33 6e 88 3c 00 0a a7 00
INFO - 33 70 c8 3c 00 0a b3 00
INFO - 33 73 08 3c 00 0a b9 00
INFO - 33 75 48 3c 00 0a b9 00
INFO - 33 77 88 3c 00 0a b0 00
INFO - 33 7a c8 3c 00 0a c0 00
INFO - 33 7c 08 3c 00 0a 98 00
INFO - 33 7f 48 3c 00 0a d3 00
INFO - 33 82 88 3c 00 0a d4 00
INFO - 33 85 c8 3c 00 0a e6 00
INFO - 33 88 08 3c 00 0a d5 00
INFO - 33 8a 48 3c 00 0a 99 00
INFO - 33 8c 88 3c 00 0a b8 00
INFO - 33 8f c8 3c 00 0a c2 00
INFO - 33 91 08 3c 00 0a 9e 00
INFO - 33 94 48 3c 00 0a cf 00
INFO - 33 97 88 3c 00 0a eb 00
INFO - 33 99 c8 3c 00 0a a7 00
INFO - 33 9c 08 3c 00 0a b6 00
INFO - 33 9e 48 3c 00 0a ae 00
INFO - 33 a0 88 3c 00 0a be 00
INFO - 33 a3 c8 3c 00 0a c1 00
INFO - 33 a5 08 3c 00 0a aa 00
INFO - 33 a7 48 3c 00 0a b9 00
INFO - 33 aa 88 3c 00 0a bd 00
INFO - 33 ac c8 3c 00 0a 8a 00
INFO - 33 ae 08 3c 00 0a 79 00
INFO - 33 b0 48 3c 00 0a 9c 00
INFO - 33 b2 88 3c 00 0a c6 00
INFO - 33 b5 c8 3c 00 0a af 00
INFO - 33 b7 08 3c 00 0a cc 00
INFO - 33 bb 48 3c 00 0a d8 00
INFO - 33 bd 88 3c 00 0a cc 00
INFO - 33 c0 c8 3c 00 0a cc 00
INFO - 33 c2 08 3c 00 0a a0 00
INFO - 33 c5 48 3c 00 0a d3 00
INFO - 33 c8 88 3c 00 0a ba 00
INFO - 33 ca c8 3c 00 0a ba 00
INFO - 33 cc 08 3c 00 0a a9 00
INFO - 33 ce 48 3c 00 0a 9f 00
INFO - 33 d0 88 3c 00 0a b0 00
INFO - 33 d2 c8 3c 00 0a 9f 00
INFO - 33 d5 08 3c 00 0a d1 00
INFO - 33 d8 48 3c 00 0a b8 00
INFO - 33 da 88 3c 00 0a ae 00
INFO - 33 dc c8 3c 00 0a a1 00
INFO - 33 de 08 3c 00 0a c4 00
INFO - 33 e1 48 3c 00 0a af 00
INFO - 33 e3 88 3c 00 0a aa 00
INFO - 33 e5 c8 3c 00 0a a8 00
INFO - 33 e7 08 3c 00 0a b5 00
INFO - 33 ea 48 3c 00 0a ba 00
INFO - 33 ed 88 3c 00 0a e2 00
INFO - 33 ef c8 3c 00 0a b7 00
INFO - 33 f3 08 3c 00 0a de 00
INFO - 33 f5 48 3c 00 0a 9f 00
INFO - 33 f6 88 3c 00 0a a0 00
INFO - 33 fa c8 3c 00 0a e7 00
INFO - 33 fc 08 3c 00 0a 9a 00
INFO - 33 fe 48 3c 00 0a c8 00
INFO - 34 01 88 3c 00 0a 77 00
INFO - 34 02 c8 3c 00 0a 90 00
INFO - 34 04 08 3c 00 0a ac 00
INFO - 34 06 48 3c 00 0a a3 00
INFO - 34 08 88 3c 00 0a 9d 00
INFO - 34 0b c8 3c 00 0a cb 00
INFO - 34 0d 08 3c 00 0a 9b 00
INFO - 34 0f 48 3c 00 0a a9 00
INFO - 34 11 88 3c 00 0a 99 00
INFO - 34 13 c8 3c 00 0a 9b 00
INFO - 34 15 08 3c 00 0a aa 00
INFO - 34 17 48 3c 00 0a c2 00
INFO - 34 1a 88 3c 00 0a c7 00
INFO - 34 1d c8 3c 00 0a bf 00
INFO - 34 1f 08 3c 00 0a a4 00
INFO - 34 21 48 3c 00 0a b4 00
INFO - 34 23 88 3c 00 0a ae 00
INFO - 34 27 c8 3c 00 0a fe 00
INFO - 34 2b 08 3c 00 0a f7 00
INFO - 34 2e 48 3c 00 0a cb 00
INFO - 34 30 88 3c 00 0a ba 00
INFO - 34 32 c8 3c 00 0a 9c 00
INFO - 34 34 08 3c 00 0a 8f 00
INFO - 34 37 48 3c 00 0a d8 00
INFO - 34 38 88 3c 00 0a 88 00
INFO - 34 3b c8 3c 00 0a be 00
INFO - 34 3c 08 3c 00 0a 8f 00
INFO - 34 3e 48 3c 00 0a a7 00
INFO - 34 40 88 3c 00 0a 8f 00
INFO - 34 42 c8 3c 00 0a b3 00
INFO - 34 44 08 3c 00 0a ad 00
INFO - 34 47 48 3c 00 0a a9 00
INFO - 34 48 88 3c 00 0a 8d 00
INFO - 34 4b c8 3c 00 0a d4 00
INFO - 34 4d 08 3c 00 0a 8e 00
INFO - 34 4f 48 3c 00 0a 7f 00
INFO - 34 51 88 3c 00 0a 9b 00
INFO - 34 53 c8 3c 00 0a a7 00
INFO - 34 55 08 3c 00 0a a5 00
INFO - 34 58 48 3c 00 0a c8 00
INFO - 34 5a 88 3c 00 0a 90 00
INFO - 34 5c c8 3c 00 0a b3 00
INFO - 34 5e 08 3c 00 0a a4 00
INFO - 34 61 48 3c 00 0a d7 00
INFO - 34 63 88 3c 00 0a 9f 00
INFO - 34 66 c8 3c 00 0a e1 00
INFO - 34 6e 08 3c 00 0a d6 00
INFO - 34 70 48 3c 00 0a 98 00
INFO - 34 72 88 3c 00 0a a4 00
INFO - 34 74 c8 3c 00 0a c5 00
INFO - 34 77 08 3c 00 0a bb 00
INFO - 34 79 48 3c 00 0a 99 00
INFO - 34 7b 88 3c 00 0a c7 00
INFO - 34 7d c8 3c 00 0a a5 00
INFO - 34 80 08 3c 00 0a bb 00
INFO - 34 83 48 3c 00 0a d4 00
INFO - 34 85 88 3c 00 0a b2 00
INFO - 34 87 c8 3c 00 0a 9e 00
INFO - 34 89 08 3c 00 0a ba 00
INFO - 34 8c 48 3c 00 0a b1 00
INFO - 34 8d 88 3c 00 0a 95 00
INFO - 34 90 c8 3c 00 0a b9 00
INFO - 34 92 08 3c 00 0a b3 00
INFO - 34 94 48 3c 00 0a b3 00
INFO - 34 98 88 3c 00 0a e2 00
INFO - 34 9a c8 3c 00 0a ab 00
INFO - 34 9c 08 3c 00 0a a5 00
INFO - 34 9e 48 3c 00 0a b3 00
INFO - 34 a0 88 3c 00 0a a8 00
INFO - 34 a3 c8 3c 00 0a c1 00
INFO - 34 a5 08 3c 00 0a 9a 00
INFO - 34 a7 48 3c 00 0a 9d 00
INFO - 34 a9 88 3c 00 0a c1 00
INFO - 34 ac c8 3c 00 0a c1 00
INFO - 34 ae 08 3c 00 0a b6 00
INFO - 34 b0 48 3c 00 0a 9e 00
INFO - 34 b2 88 3c 00 0a 9e 00
INFO - 34 b5 c8 3c 00 0a ce 00
INFO - 34 b8 08 3c 00 0a ce 00
INFO - 34 ba 48 3c 00 0a ab 00
INFO - 34 bb 88 3c 00 0a 94 00
INFO - 34 be c8 3c 00 0a cf 00
INFO - 34 c1 08 3c 00 0a db 00
INFO - 34 c3 48 3c 00 0a a0 00
INFO - 34 c5 88 3c 00 0a 9a 00
INFO - 34 c8 c8 3c 00 0a e7 00
INFO - 34 cb 08 3c 00 0a a8 00
INFO - 34 ce 48 3c 00 0a e7 00
INFO - 34 d1 88 3c 00 0a da 00
INFO - 34 d2 c8 3c 00 0a 81 00
INFO - 34 d5 08 3c 00 0a c9 00
INFO - 34 d8 48 3c 00 0a c6 00
INFO - 34 db 88 3c 00 0a c6 00
INFO - 34 dc c8 3c 00 0a 8b 00
INFO - 34 df 08 3c 00 0a 8c 00
INFO - 34 e1 48 3c 00 0a 8d 00
INFO - 34 e3 88 3c 00 0a cd 00
INFO - 34 e5 c8 3c 00 0a 91 00
INFO - 34 e8 08 3c 00 0a be 00
INFO - 34 ea 48 3c 00 0a ac 00
INFO - 34 ed 88 3c 00 0a cc 00
INFO - 34 f0 c8 3c 00 0a ce 00
INFO - 34 f1 08 3c 00 0a 93 00
INFO - 34 f4 48 3c 00 0a be 00
INFO - 34 f6 88 3c 00 0a b5 00
INFO - 34 f8 c8 3c 00 0a b6 00
INFO - 34 fb 08 3c 00 0a b1 00
INFO - 34 fd 48 3c 00 0a b4 00
INFO - 35 01 88 3c 00 0a f7 00
INFO - 35 03 c8 3c 00 0a aa 00
INFO - 35 05 08 3c 00 0a b3 00
INFO - 35 08 48 3c 00 0a c2 00
INFO - 35 0b 88 3c 00 0a ca 00
INFO - 35 0d c8 3c 00 0a ca 00
INFO - 35 11 08 3c 00 0a f1 00
INFO - 35 14 48 3c 00 0a c9 00
INFO - 35 17 88 3c 00 0a e2 00
INFO - 35 19 c8 3c 00 0a 91 00
INFO - 35 1d 08 3c 00 0b 08 00
INFO - 35 1f 48 3c 00 0a b7 00
INFO - 35 21 88 3c 00 0a aa 00
INFO - 35 24 c8 3c 00 0a b6 00
INFO - 35 26 08 3c 00 0a cf 00
INFO - 35 2a 48 3c 00 0a dc 00
INFO - 35 2b 88 3c 00 0a 8e 00
INFO - 35 2f c8 3c 00 0a ff 00
INFO - 35 31 08 3c 00 0a a3 00
INFO - 35 34 48 3c 00 0a ef 00
INFO - 35 37 88 3c 00 0a cd 00
INFO - 35 3a c8 3c 00 0a c2 00
INFO - 35 3c 08 3c 00 0a 9f 00
INFO - 35 3f 48 3c 00 0a dd 00
INFO - 35 41 88 3c 00 0a 92 00
INFO - 35 42 c8 3c 00 0a 97 00
INFO - 35 45 08 3c 00 0a ca 00
INFO - 35 48 48 3c 00 0a cb 00
INFO - 35 4a 88 3c 00 0a 91 00
INFO - 35 4b c8 3c 00 0a 93 00
INFO - 35 4d 08 3c 00 0a a3 00
INFO - 35 4f 48 3c 00 0a 8c 00
INFO - 35 52 88 3c 00 0a cb 00
INFO - 35 54 c8 3c 00 0a be 00
INFO - 35 56 08 3c 00 0a 8e 00
INFO - 35 58 48 3c 00 0a b0 00
INFO - 35 5a 88 3c 00 0a ab 00
INFO - 35 5c c8 3c 00 0a 8d 00
INFO - 35 5e 08 3c 00 0a af 00
INFO - 35 61 48 3c 00 0a cc 00
INFO - 35 63 88 3c 00 0a af 00
INFO - 35 64 c8 3c 00 0a 8a 00
INFO - 35 66 08 3c 00 0a a0 00
INFO - 35 69 48 3c 00 0a af 00
INFO - 35 6b 88 3c 00 0a a2 00
INFO - 35 6d c8 3c 00 0a a4 00
INFO - 35 6f 08 3c 00 0a 9f 00
INFO - 35 71 48 3c 00 0a aa 00
INFO - 35 72 88 3c 00 0a 9c 00
INFO - 35 74 c8 3c 00 0a 88 00
INFO - 35 75 08 3c 00 0a 8d 00
INFO - 35 77 48 3c 00 0a 9a 00
INFO - 35 79 88 3c 00 0a a2 00
INFO - 35 7b c8 3c 00 0a 89 00
INFO - 35 7d 08 3c 00 0a b8 00
INFO - 35 7f 48 3c 00 0a 9f 00
INFO - 35 81 88 3c 00 0a 9f 00
INFO - 35 83 c8 3c 00 0a 9f 00
INFO - 35 86 08 3c 00 0a df 00
INFO - 35 88 48 3c 00 0a b5 00
INFO - 35 8b 88 3c 00 0a c0 00
INFO - 35 8e c8 3c 00 0a d6 00
INFO - 35 90 08 3c 00 0a a1 00
INFO - 35 92 48 3c 00 0a b6 00
INFO - 35 94 88 3c 00 0a ab 00
INFO - 35 98 c8 3c 00 0a d8 00
INFO - 35 9a 08 3c 00 0a a2 00
INFO - 35 9b 48 3c 00 0a a2 00
INFO - 35 9e 88 3c 00 0a b8 00
INFO - 35 a0 c8 3c 00 0a 7c 00
INFO - 35 a3 08 3c 00 0a c4 00
INFO - 35 a5 48 3c 00 0a b9 00
INFO - 35 a7 88 3c 00 0a 98 00
INFO - 35 aa c8 3c 00 0a cf 00
INFO - 35 ac 08 3c 00 0a 99 00
INFO - 35 af 48 3c 00 0a c6 00
INFO - 35 b1 88 3c 00 0a b0 00
INFO - 35 b3 c8 3c 00 0a a5 00
INFO - 35 b5 08 3c 00 0a a5 00
INFO - 35 b7 48 3c 00 0a a6 00
INFO - 35 ba 88 3c 00 0a d3 00
INFO - 35 bd c8 3c 00 0a c9 00
INFO - 35 c0 08 3c 00 0a d4 00
INFO - 35 c2 48 3c 00 0a ca 00
INFO - 35 c4 88 3c 00 0a 9c 00
INFO - 35 c7 c8 3c 00 0a be 00
INFO - 35 c9 08 3c 00 0a a3 00
INFO - 35 cb 48 3c 00 0a a5 00
INFO - 35 ce 88 3c 00 0a ce 00
INFO - 35 cf c8 3c 00 0a 85 00
INFO - 35 d2 08 3c 00 0a ea 00
INFO - 35 d4 48 3c 00 0a 89 00
INFO - 35 d6 88 3c 00 0a bd 00
INFO - 35 d8 c8 3c 00 0a 90 00
INFO - 35 db 08 3c 00 0a c6 00
INFO - 35 dd 48 3c 00 0a a4 00
INFO - 35 df 88 3c 00 0a ab 00
INFO - 35 e1 c8 3c 00 0a 95 00
INFO - 35 e2 08 3c 00 0a 9b 00
INFO - 35 e4 48 3c 00 0a 96 00
INFO - 35 e6 88 3c 00 0a 9b 00
INFO - 35 e9 c8 3c 00 0a c1 00
INFO - 35 eb 08 3c 00 0a a4 00
INFO - 35 ee 48 3c 00 0a ee 00
INFO - 35 f0 88 3c 00 0a 8b 00
INFO - 35 f3 c8 3c 00 0a d8 00
INFO - 35 f5 08 3c 00 0a af 00
INFO - 35 f8 48 3c 00 0a cc 00
INFO - 35 fa 88 3c 00 0a af 00
INFO - 36 00 c8 3c 00 0b 85 00
INFO - 36 03 08 3c 00 0a b5 00
INFO - 36 06 48 3c 00 0a d0 00
INFO - 36 08 88 3c 00 0a ba 00
INFO - 36 0b c8 3c 00 0a bd 00
INFO - 36 0d 08 3c 00 0a a9 00
INFO - 36 0f 48 3c 00 0a b3 00
INFO - 36 11 88 3c 00 0a 9c 00
INFO - 36 13 c8 3c 00 0a af 00
INFO - 36 16 08 3c 00 0a c6 00
INFO - 36 18 48 3c 00 0a 96 00
INFO - 36 1a 88 3c 00 0a bd 00
INFO - 36 1c c8 3c 00 0a ab 00
INFO - 36 20 08 3c 00 0b 0f 00
INFO - 36 22 48 3c 00 0a a5 00
INFO - 36 25 88 3c 00 0a ab 00
INFO - 36 27 c8 3c 00 0a c5 00
INFO - 36 29 08 3c 00 0a 9b 00
INFO - 36 2b 48 3c 00 0a a9 00
INFO - 36 2e 88 3c 00 0a bf 00
INFO - 36 30 c8 3c 00 0a b7 00
INFO - 36 32 08 3c 00 0a a5 00
INFO - 36 35 48 3c 00 0a b6 00
INFO - 36 38 88 3c 00 0a ef 00
INFO - 36 3b c8 3c 00 0a e8 00
INFO - 36 3e 08 3c 00 0a b2 00
INFO - 36 41 48 3c 00 0a d0 00
INFO - 36 43 88 3c 00 0a c5 00
INFO - 36 45 c8 3c 00 0a 9b 00
INFO - 36 48 08 3c 00 0a b6 00
INFO - 36 4a 48 3c 00 0a a5 00
INFO - 36 4c 88 3c 00 0a b8 00
INFO - 36 4e c8 3c 00 0a ad 00
INFO - 36 51 08 3c 00 0a cd 00
INFO - 36 53 48 3c 00 0a 9d 00
INFO - 36 56 88 3c 00 0a de 00
INFO - 36 58 c8 3c 00 0a a3 00
INFO - 36 5b 08 3c 00 0a c7 00
INFO - 36 5e 48 3c 00 0a e1 00
INFO - 36 61 88 3c 00 0a c8 00
INFO - 36 63 c8 3c 00 0a bc 00
INFO - 36 65 08 3c 00 0a a3 00
INFO - 36 69 48 3c 00 0b 06 00
INFO - 36 6b 88 3c 00 0a 97 00
INFO - 36 6e c8 3c 00 0a bd 00
INFO - 36 70 08 3c 00 0a b0 00
INFO - 36 73 48 3c 00 0a e6 00
INFO - 36 76 88 3c 00 0a a7 00
INFO - 36 78 c8 3c 00 0a b6 00
INFO - 36 7b 08 3c 00 0a d5 00
INFO - 36 7e 48 3c 00 0a d3 00
INFO - 36 80 88 3c 00 0a ae 00
INFO - 36 83 c8 3c 00 0a d8 00
INFO - 36 86 08 3c 00 0a d7 00
INFO - 36 89 48 3c 00 0a b3 00
INFO - 36 8c 88 3c 00 0a cd 00
INFO - 36 8e c8 3c 00 0a ad 00
INFO - 36 90 08 3c 00 0a 9a 00
INFO - 36 92 48 3c 00 0a b5 00
INFO - 36 94 88 3c 00 0a be 00
INFO - 36 97 c8 3c 00 0a d4 00
INFO - 36 99 08 3c 00 0a 97 00
INFO - 36 9d 48 3c 00 0a f1 00
INFO - 36 9f 88 3c 00 0a b4 00
INFO - 36 a2 c8 3c 00 0a c2 00
INFO - 36 a4 08 3c 00 0a af 00
INFO - 36 a7 48 3c 00 0a e6 00
INFO - 36 aa 88 3c 00 0a d9 00
INFO - 36 ae c8 3c 00 0a 99 00
INFO - 36 b0 08 3c 00 0a ac 00
INFO - 36 b3 48 3c 00 0a e2 00
INFO - 36 b7 88 3c 00 0a f1 00
INFO - 36 ba c8 3c 00 0a ce 00
INFO - 36 bc 08 3c 00 0a 9d 00
INFO - 36 be 48 3c 00 0a b0 00
INFO - 36 c0 88 3c 00 0a a5 00
INFO - 36 c2 c8 3c 00 0a 9f 00
INFO - 36 c5 08 3c 00 0a e8 00
INFO - 36 c8 48 3c 00 0a bd 00
INFO - 36 ca 88 3c 00 0a 9a 00
INFO - 36 cc c8 3c 00 0a 9e 00
INFO - 36 ce 08 3c 00 0a be 00
INFO - 36 d1 48 3c 00 0a b9 00
INFO - 36 d2 88 3c 00 0a a1 00
INFO - 36 d5 c8 3c 00 0a a9 00
INFO - 36 d6 08 3c 00 0a 91 00
INFO - 36 d9 48 3c 00 0a bc 00
INFO - 36 db 88 3c 00 0a 9c 00
INFO - 36 dd c8 3c 00 0a ab 00
INFO - 36 df 08 3c 00 0a be 00
INFO - 36 e2 48 3c 00 0a db 00
INFO - 36 e6 88 3c 00 0a da 00
INFO - 36 e8 c8 3c 00 0a ae 00
INFO - 36 eb 08 3c 00 0a ca 00
INFO - 36 ee 48 3c 00 0a df 00
INFO - 36 f1 88 3c 00 0a e5 00
INFO - 36 f6 c8 3c 00 0b 1c 00
INFO - 36 f8 08 3c 00 0a c7 00
INFO - 36 fc 48 3c 00 0a e4 00
INFO - 36 ff 88 3c 00 0a dc 00
INFO - 37 00 c8 3c 00 0a 93 00
INFO - 37 04 08 3c 00 0a fd 00
INFO - 37 07 48 3c 00 0a bb 00
INFO - 37 09 88 3c 00 0a bc 00
INFO - 37 0b c8 3c 00 0a a9 00
INFO - 37 0d 08 3c 00 0a 9f 00
INFO - 37 11 48 3c 00 0a fe 00
INFO - 37 14 88 3c 00 0a d5 00
INFO - 37 18 c8 3c 00 0b 0b 00
INFO - 37 1b 08 3c 00 0a dc 00
INFO - 37 1e 48 3c 00 0a ac 00
INFO - 37 20 88 3c 00 0a cf 00
INFO - 37 23 c8 3c 00 0a cb 00
INFO - 37 25 08 3c 00 0a a7 00
INFO - 37 28 48 3c 00 0a c7 00
INFO - 37 2a 88 3c 00 0a af 00
INFO - 37 2d c8 3c 00 0a c3 00
INFO - 37 2f 08 3c 00 0a aa 00
INFO - 37 32 48 3c 00 0a c6 00
INFO - 37 35 88 3c 00 0a 8f 00
INFO - 37 38 c8 3c 00 0a e4 00
INFO - 37 3a 08 3c 00 0a 8e 00
INFO - 37 3d 48 3c 00 0a de 00
INFO - 37 3f 88 3c 00 0a b4 00
INFO - 37 41 c8 3c 00 0a a2 00
INFO - 37 44 08 3c 00 0a af 00
INFO - 37 46 48 3c 00 0a d0 00
INFO - 37 49 88 3c 00 0a aa 00
INFO - 37 4b c8 3c 00 0a ba 00
INFO - 37 4e 08 3c 00 0a cc 00
INFO - 37 52 48 3c 00 0b 1f 00
INFO - 37 54 88 3c 00 0a 9c 00
INFO - 37 58 c8 3c 00 0a f7 00
INFO - 37 5a 08 3c 00 0a b5 00
INFO - 37 5d 48 3c 00 0a c3 00
INFO - 37 5f 88 3c 00 0a a2 00
INFO - 37 63 c8 3c 00 0a f7 00
INFO - 37 65 08 3c 00 0a a3 00
INFO - 37 68 48 3c 00 0a f6 00
INFO - 37 6a 88 3c 00 0a ad 00
INFO - 37 6e c8 3c 00 0a ea 00
INFO - 37 70 08 3c 00 0a a3 00
INFO - 37 72 48 3c 00 0a b0 00
INFO - 37 75 88 3c 00 0a d7 00
INFO - 37 78 c8 3c 00 0a cc 00
INFO - 37 7b 08 3c 00 0a c5 00
INFO - 37 7e 48 3c 00 0a f1 00
INFO - 37 82 88 3c 00 0a e5 00
INFO - 37 84 c8 3c 00 0a aa 00
INFO - 37 86 08 3c 00 0a c5 00
INFO - 37 88 48 3c 00 0a 9e 00
INFO - 37 8c 88 3c 00 0a e3 00
INFO - 37 8e c8 3c 00 0a b3 00
INFO - 37 91 08 3c 00 0a c5 00
INFO - 37 93 48 3c 00 0a a9 00
INFO - 37 95 88 3c 00 0a a2 00
INFO - 37 98 c8 3c 00 0a db 00
INFO - 37 9a 08 3c 00 0a bd 00
INFO - 37 9d 48 3c 00 0a cc 00
INFO - 37 a0 88 3c 00 0a b9 00
INFO - 37 a2 c8 3c 00 0a af 00
INFO - 37 a5 08 3c 00 0a e9 00
INFO - 37 a8 48 3c 00 0a 85 00
INFO - 37 aa 88 3c 00 0a a7 00
INFO - 37 ad c8 3c 00 0a b8 00
INFO - 37 af 08 3c 00 0a b7 00
INFO - 37 b2 48 3c 00 0a d9 00
INFO - 37 b7 88 3c 00 0b 2e 00
INFO - 37 ba c8 3c 00 0a dc 00
INFO - 37 be 08 3c 00 0a fa 00
INFO - 37 c0 48 3c 00 0a b8 00
INFO - 37 c4 88 3c 00 0a ee 00
INFO - 37 c6 c8 3c 00 0a bf 00
INFO - 37 c9 08 3c 00 0a d6 00
INFO - 37 cc 48 3c 00 0a c9 00
INFO - 37 cf 88 3c 00 0a bc 00
INFO - 37 d1 c8 3c 00 0a be 00
INFO - 37 d4 08 3c 00 0a b5 00
INFO - 37 d6 48 3c 00 0a aa 00
INFO - 37 d9 88 3c 00 0a de 00
INFO - 37 db c8 3c 00 0a b8 00
INFO - 37 df 08 3c 00 0a fe 00
INFO - 37 e1 48 3c 00 0a 9e 00
INFO - 37 e4 88 3c 00 0a d6 00
INFO - 37 e6 c8 3c 00 0a 9d 00
INFO - 37 e9 08 3c 00 0a c5 00
INFO - 37 eb 48 3c 00 0a b6 00
INFO - 37 ef 88 3c 00 0a ee 00
INFO - 37 f1 c8 3c 00 0a b7 00
INFO - 37 f5 08 3c 00 0a fb 00
INFO - 37 f7 48 3c 00 0a b8 00
INFO - 37 fa 88 3c 00 0a b8 00
INFO - 37 fd c8 3c 00 0a f9 00
INFO - 38 00 08 3c 00 0a b9 00
INFO - 38 04 48 3c 00 0a fa 00
INFO - 38 06 88 3c 00 0a c4 00
INFO - 38 09 c8 3c 00 0a b9 00
INFO - 38 0c 08 3c 00 0a df 00
INFO - 38 0f 48 3c 00 0a ed 00
INFO - 38 12 88 3c 00 0a b6 00
INFO - 38 14 c8 3c 00 0a ab 00
INFO - 38 17 08 3c 00 0a eb 00
INFO - 38 19 48 3c 00 0a 75 00
INFO - 38 1d 88 3c 00 0a eb 00
INFO - 38 1e c8 3c 00 0a 89 00
INFO - 38 23 08 3c 00 0b 0c 00
INFO - 38 26 48 3c 00 0a d5 00
INFO - 38 2a 88 3c 00 0a f5 00
INFO - 38 2b c8 3c 00 0a 94 00
INFO - 38 2f 08 3c 00 0a f9 00
INFO - 38 32 48 3c 00 0a e5 00
INFO - 38 35 88 3c 00 0a d2 00
INFO - 38 37 c8 3c 00 0a a5 00
INFO - 38 3b 08 3c 00 0a df 00
INFO - 38 3f 48 3c 00 0b 17 00
INFO - 38 41 88 3c 00 0a 98 00
INFO - 38 45 c8 3c 00 0b 0b 00
INFO - 38 47 08 3c 00 0a ae 00
INFO - 38 4b 48 3c 00 0b 13 00
INFO - 38 4e 88 3c 00 0a ba 00
INFO - 38 4f c8 3c 00 0a 90 00
INFO - 38 52 08 3c 00 0a ba 00
INFO - 38 54 48 3c 00 0a b3 00
INFO - 38 56 88 3c 00 0a 98 00
INFO - 38 58 c8 3c 00 0a b4 00
INFO - 38 5a 08 3c 00 0a 9c 00
INFO - 38 5c 48 3c 00 0a a8 00
INFO - 38 5f 88 3c 00 0a ce 00
INFO - 38 61 c8 3c 00 0a 94 00
INFO - 38 63 08 3c 00 0a b3 00
INFO - 38 65 48 3c 00 0a a4 00
INFO - 38 68 88 3c 00 0a e8 00
INFO - 38 6b c8 3c 00 0a bb 00
INFO - 38 6e 08 3c 00 0a b9 00
INFO - 38 70 48 3c 00 0a c6 00
INFO - 38 73 88 3c 00 0a c8 00
INFO - 38 76 c8 3c 00 0a c7 00
INFO - 38 79 08 3c 00 0a f0 00
INFO - 38 7c 48 3c 00 0a b9 00
INFO - 38 7f 88 3c 00 0a d6 00
INFO - 38 82 c8 3c 00 0a ea 00
INFO - 38 86 08 3c 00 0a ea 00
INFO - 38 88 48 3c 00 0a bc 00
INFO - 38 8a 88 3c 00 0a 92 00
INFO - 38 8d c8 3c 00 0a c9 00
INFO - 38 8f 08 3c 00 0a ae 00
INFO - 38 91 48 3c 00 0a bb 00
INFO - 38 93 88 3c 00 0a a6 00
INFO - 38 96 c8 3c 00 0a c6 00
INFO - 38 98 08 3c 00 0a b3 00
INFO - 38 9b 48 3c 00 0a be 00
INFO - 38 9d 88 3c 00 0a b1 00
INFO - 38 a0 c8 3c 00 0a b7 00
INFO - 38 a2 08 3c 00 0a a5 00
INFO - 38 a5 48 3c 00 0a e9 00
INFO - 38 a9 88 3c 00 0a f2 00
INFO - 38 ad c8 3c 00 0b 08 00
INFO - 38 b1 08 3c 00 0b 1c 00
INFO - 38 b3 48 3c 00 0a a6 00
INFO - 38 b5 88 3c 00 0a b7 00
INFO - 38 bc c8 3c 00 0b 80 00
INFO - 38 bf 08 3c 00 0a ae 00
INFO - 38 c2 48 3c 00 0a bb 00
INFO - 38 c4 88 3c 00 0a ae 00
INFO - 38 c7 c8 3c 00 0a df 00
INFO - 38 ca 08 3c 00 0a d2 00
INFO - 38 cd 48 3c 00 0a cf 00
INFO - 38 d0 88 3c 00 0a d9 00
INFO - 38 d3 c8 3c 00 0a df 00
INFO - 38 d7 08 3c 00 0b 08 00
INFO - 38 da 48 3c 00 0a b7 00
INFO - 38 dc 88 3c 00 0a bc 00
INFO - 38 de c8 3c 00 0a ad 00
INFO - 38 e2 08 3c 00 0a f2 00
INFO - 38 e5 48 3c 00 0a d2 00
INFO - 38 e8 88 3c 00 0a ee 00
INFO - 38 eb c8 3c 00 0a c1 00
INFO - 38 ee 08 3c 00 0a c5 00
INFO - 38 f1 48 3c 00 0a d7 00
INFO - 38 f3 88 3c 00 0a a8 00
INFO - 38 f7 c8 3c 00 0a fb 00
INFO - 38 f9 08 3c 00 0a a8 00
INFO - 38 fc 48 3c 00 0a d1 00
INFO - 38 ff 88 3c 00 0a f4 00
INFO - 39 01 c8 3c 00 0a af 00
INFO - 39 06 08 3c 00 0b 1e 00
INFO - 39 09 48 3c 00 0a c4 00
INFO - 39 0b 88 3c 00 0a a8 00
INFO - 39 0e c8 3c 00 0a d1 00
INFO - 39 10 08 3c 00 0a a8 00
INFO - 39 12 48 3c 00 0a b5 00
INFO - 39 15 88 3c 00 0a e2 00
INFO - 39 18 c8 3c 00 0a b4 00
INFO - 39 1b 08 3c 00 0a cc 00
INFO - 39 1d 48 3c 00 0a d1 00
INFO - 39 20 88 3c 00 0a d1 00
INFO - 39 23 c8 3c 00 0a 8a 00
INFO - 39 2b 08 3c 00 0a d7 00
INFO - 39 2d 48 3c 00 0a b8 00
INFO - 39 30 88 3c 00 0a ca 00
INFO - 39 32 c8 3c 00 0a b0 00
INFO - 39 35 08 3c 00 0a de 00
INFO - 39 38 48 3c 00 0a d8 00
INFO - 39 3c 88 3c 00 0a f4 00
INFO - 39 3f c8 3c 00 0a d4 00
INFO - 39 41 08 3c 00 0a ae 00
INFO - 39 44 48 3c 00 0a da 00
INFO - 39 47 88 3c 00 0a cf 00
INFO - 39 49 c8 3c 00 0a aa 00
INFO - 39 4d 08 3c 00 0a df 00
INFO - 39 50 48 3c 00 0a f4 00
INFO - 39 55 88 3c 00 0b 19 00
INFO - 39 58 c8 3c 00 0a d0 00
INFO - 39 5b 08 3c 00 0a 9b 00
INFO - 39 5e 48 3c 00 0a c4 00
INFO - 39 60 88 3c 00 0a b5 00
INFO - 39 64 c8 3c 00 0a e2 00
INFO - 39 66 08 3c 00 0a bd 00
INFO - 39 68 48 3c 00 0a a0 00
INFO - 39 6b 88 3c 00 0a e0 00
INFO - 39 6e c8 3c 00 0a cb 00
INFO - 39 71 08 3c 00 0a df 00
INFO - 39 71 48 3c 00 0a df 00
INFO - 39 71 88 3c 00 0a df 00
INFO - 39 71 c8 3c 00 0a df 00
INFO - 39 71 08 3c 00 0a df 00
INFO - 39 71 48 3c 00 0a df 00
INFO - 39 71 88 3c 00 0a df 00
INFO - 39 71 c8 3c 00 0a df 00
INFO - 39 71 08 3c 00 0a df 00
INFO - 39 71 48 3c 00 0a df 00
INFO - 39 71 88 3c 00 0a df 00
