INFO - 40 00 48 00 f9 41 00 23
INFO - 40 39 88 00 f9 41 00 23
INFO - 41 41 c8 00 f9 41 00 23
INFO - 43 34 08 00 f9 41 00 23
INFO - 44 ca 48 00 f9 41 00 23
INFO - 45 28 88 00 f9 41 00 23
INFO - 45 b4 c8 00 f9 51 00 20
INFO - 45 f8 08 00 f9 51 00 20
INFO - 46 2d 48 00 f9 41 00 23
INFO - 46 ac 88 00 f9 41 00 23
INFO - 47 1c c8 00 f9 41 00 23
INFO - 49 10 08 00 f9 41 00 23
INFO - 49 65 48 00 f9 41 00 23
INFO - 49 d2 88 00 f9 51 00 20
INFO - 49 e4 c8 00 f9 51 00 20
INFO - 49 f8 08 00 f9 41 00 24
INFO - 4a a7 48 00 f9 51 00 20
INFO - 4b 08 88 00 f9 41 00 23
INFO - 4b 20 c8 00 f9 41 00 23
INFO - 4b 9b 08 00 f9 41 00 23
INFO - 4c 62 48 00 f9 41 00 23
INFO - 4c 81 88 00 f9 51 00 20
INFO - 4c a2 c8 00 f9 51 00 20
INFO - 4c c9 08 00 f9 41 00 24
INFO - 4e 85 48 00 f9 41 00 24
INFO - 50 7f 88 00 f9 41 00 24
INFO - 51 33 c8 00 f9 51 00 20
INFO - 51 40 08 00 f9 51 00 20
INFO - 51 52 48 00 f9 41 00 23
INFO - 52 6d 88 00 f9 41 00 23
INFO - 54 66 c8 00 f9 41 00 23
INFO - 54 a5 08 00 f9 51 00 20
INFO - 54 bb 48 00 f9 51 00 20
INFO - 54 c5 88 00 f9 41 00 24
INFO - 55 7d c8 00 f9 51 00 20
INFO - 55 c7 08 00 f9 41 00 23
INFO - 56 54 48 00 f9 41 00 23
INFO - 58 4e 88 00 f9 41 00 23
INFO - 5a 3c c8 00 f9 41 00 23
INFO - 5c 35 08 00 f9 41 00 23
INFO - 5e 43 48 00 f9 41 00 23
INFO - 40 39 88 00 f9 41 00 23
INFO - 40 8c c8 00 f9 51 00 20
INFO - 40 b3 08 00 f9 51 00 20
INFO - 40 f6 48 00 f9 41 00 23
