INFO - 40 00 0a 00 f9 41 00 23
INFO - 40 b2 4a 00 f9 41 00 23
INFO - 42 a5 8a 00 f9 41 00 23
INFO - 44 3b ca 00 f9 41 00 23
INFO - 44 98 0a 00 f9 41 00 23
INFO - 45 25 4a 00 f9 51 00 20
INFO - 45 69 8a 00 f9 51 00 20
INFO - 45 9e ca 00 f9 41 00 23
INFO - 46 1d 0a 00 f9 41 00 23
INFO - 46 8c 4a 00 f9 41 00 23
INFO - 48 81 8a 00 f9 41 00 23
INFO - 48 d6 ca 00 f9 41 00 23
INFO - 49 42 0a 00 f9 51 00 20
INFO - 49 55 4a 00 f9 51 00 20
INFO - 49 69 8a 00 f9 41 00 24
INFO - 4a 18 ca 00 f9 51 00 20
INFO - 4a 78 0a 00 f9 41 00 23
INFO - 4a 91 4a 00 f9 41 00 23
INFO - 4b 0c 8a 00 f9 41 00 23
INFO - 4b d3 ca 00 f9 41 00 23
INFO - 4b f2 0a 00 f9 51 00 20
INFO - 4c 13 4a 00 f9 51 00 20
INFO - 4c 39 8a 00 f9 41 00 24
INFO - 4d f6 ca 00 f9 41 00 24
INFO - 4f ef 0a 00 f9 41 00 24
INFO - 50 a3 4a 00 f9 51 00 20
INFO - 50 b0 8a 00 f9 51 00 20
INFO - 50 c3 ca 00 f9 41 00 23
INFO - 51 dd 0a 00 f9 41 00 23
INFO - 53 d7 4a 00 f9 41 00 23
INFO - 54 15 8a 00 f9 51 00 20
INFO - 54 2b ca 00 f9 51 00 20
INFO - 54 36 0a 00 f9 41 00 24
INFO - 54 ed 4a 00 f9 51 00 20
INFO - 55 38 8a 00 f9 41 00 23
INFO - 55 c5 ca 00 f9 41 00 23
INFO - 57 bf 0a 00 f9 41 00 23
INFO - 59 ad 4a 00 f9 41 00 23
INFO - 5b a6 8a 00 f9 41 00 23
