INFO - 20 00 48 3c 00 0a 40 00
INFO - 20 04 88 3c 00 0a ea 00
INFO - 20 10 c8 3c 00 0a b1 00
INFO - 20 14 08 3c 00 0a f9 00
INFO - 20 18 48 3c 00 0b 1c 00
INFO - 20 19 88 3c 00 0a 78 00
INFO - 20 1d c8 3c 00 0a dd 00
INFO - 20 20 08 3c 00 0a a1 00
INFO - 20 22 48 3c 00 0a 75 00
INFO - 20 22 88 3c 00 0a 75 00
INFO - 20 26 c8 3c 00 0a b1 00
INFO - 20 2b 08 3c 00 0b 1c 00
INFO - 20 2e 48 3c 00 0a e1 00
INFO - 20 30 88 3c 00 0a 9b 00
INFO - 20 31 c8 3c 00 0a 99 00
INFO - 20 35 08 3c 00 0a df 00
INFO - 20 39 48 3c 00 0b 2b 00
INFO - 20 39 88 3c 00 0b 2b 00
INFO - 20 39 c8 3c 00 0b 2b 00
INFO - 20 3e 08 3c 00 0a 86 00
INFO - 20 3e 48 3c 00 0a 67 00
INFO - 20 44 88 3c 00 0b 46 00
INFO - 20 47 c8 3c 00 0a da 00
INFO - 20 48 08 3c 00 0a 8f 00
INFO - 20 49 48 3c 00 0a 77 00
INFO - 20 49 88 3c 00 0a 77 00
INFO - 20 4d c8 3c 00 0a 8e 00
INFO - 20 4d 08 3c 00 0a 8e 00
INFO - 20 4d 48 3c 00 0a 8e 00
INFO - 20 55 88 3c 00 0a c4 00
INFO - 20 59 c8 3c 00 0b 06 00
INFO - 20 5d 08 3c 00 0b 10 00
INFO - 20 60 48 3c 00 0a d3 00
INFO - 20 62 88 3c 00 0a c4 00
INFO - 20 66 c8 3c 00 0a df 00
INFO - 20 69 08 3c 00 0a de 00
INFO - 20 6e 48 3c 00 0b 53 00
INFO - 20 70 88 3c 00 0a ac 00
INFO - 20 73 c8 3c 00 0a a8 00
INFO - 20 75 08 3c 00 0a c7 00
INFO - 20 78 48 3c 00 0a c2 00
INFO - 20 7d 88 3c 00 0b 49 00
INFO - 20 80 c8 3c 00 0a ba 00
INFO - 20 82 08 3c 00 0a b5 00
INFO - 20 85 48 3c 00 0a 84 00
INFO - 20 87 88 3c 00 0a a8 00
INFO - 20 8a c8 3c 00 0a ef 00
INFO - 20 8d 08 3c 00 0a b7 00
INFO - 20 90 48 3c 00 0a d2 00
INFO - 20 92 88 3c 00 0a c6 00
INFO - 20 95 c8 3c 00 0a c6 00
INFO - 20 98 08 3c 00 0a dd 00
INFO - 20 9b 48 3c 00 0a b8 00
INFO - 20 9e 88 3c 00 0a e2 00
INFO - 20 a0 c8 3c 00 0a b8 00
INFO - 20 a3 08 3c 00 0a b8 00
INFO - 20 a6 48 3c 00 0a d4 00
INFO - 20 a9 88 3c 00 0a e1 00
INFO - 20 ac c8 3c 00 0a d2 00
INFO - 20 af 08 3c 00 0a d5 00
INFO - 20 b2 48 3c 00 0a c5 00
INFO - 20 b5 88 3c 00 0a e3 00
INFO - 20 b8 c8 3c 00 0a c5 00
INFO - 20 bb 08 3c 00 0a e4 00
INFO - 20 be 48 3c 00 0a c5 00
INFO - 20 c1 88 3c 00 0a e2 00
INFO - 20 c3 c8 3c 00 0a ae 00
INFO - 20 c6 08 3c 00 0a d3 00
INFO - 20 c9 48 3c 00 0a bc 00
INFO - 20 cc 88 3c 00 0a fc 00
INFO - 20 cf c8 3c 00 0a ae 00
INFO - 20 d2 08 3c 00 0a d4 00
INFO - 20 d4 48 3c 00 0a ae 00
INFO - 20 d7 88 3c 00 0a e2 00
INFO - 20 da c8 3c 00 0a cb 00
INFO - 20 de 08 3c 00 0b 0d 00
INFO - 20 e1 48 3c 00 0a e2 00
INFO - 20 e3 88 3c 00 0a a1 00
INFO - 20 e7 c8 3c 00 0b 0b 00
INFO - 20 ea 08 3c 00 0a af 00
INFO - 20 ec 48 3c 00 0a 7e 00
INFO - 20 ee 88 3c 00 0a ae 00
INFO - 20 f2 c8 3c 00 0a e5 00
INFO - 20 f5 08 3c 00 0a d7 00
INFO - 20 f8 48 3c 00 0a e4 00
INFO - 20 fb 88 3c 00 0a e7 00
INFO - 20 fe c8 3c 00 0a c8 00
INFO - 21 00 08 3c 00 0a a2 00
INFO - 21 04 48 3c 00 0a ff 00
INFO - 21 07 88 3c 00 0a bf 00
INFO - 21 0a c8 3c 00 0a e4 00
INFO - 21 0d 08 3c 00 0a ca 00
INFO - 21 0f 48 3c 00 0a b1 00
INFO - 21 11 88 3c 00 0a af 00
INFO - 21 14 c8 3c 00 0a d7 00
INFO - 21 17 08 3c 00 0a bf 00
INFO - 21 1a 48 3c 00 0a e5 00
INFO - 21 1c 88 3c 00 0a a3 00
INFO - 21 1f c8 3c 00 0a d9 00
INFO - 21 22 08 3c 00 0a be 00
INFO - 21 24 48 3c 00 0a ad 00
INFO - 21 27 88 3c 00 0a db 00
INFO - 21 2a c8 3c 00 0a de 00
INFO - 21 2d 08 3c 00 0a cd 00
INFO - 21 30 48 3c 00 0a d7 00
INFO - 21 33 88 3c 00 0a cd 00
INFO - 21 36 c8 3c 00 0a c9 00
INFO - 21 3a 08 3c 00 0a f6 00
INFO - 21 3d 48 3c 00 0b 03 00
INFO - 21 40 88 3c 00 0a bb 00
INFO - 21 43 c8 3c 00 0a bf 00
INFO - 21 46 08 3c 00 0a e5 00
INFO - 21 48 48 3c 00 0a a3 00
INFO - 21 4b 88 3c 00 0a 94 00
INFO - 21 4e c8 3c 00 0a d9 00
INFO - 21 52 08 3c 00 0a e7 00
INFO - 21 55 48 3c 00 0a d7 00
INFO - 21 58 88 3c 00 0a f6 00
INFO - 21 5c c8 3c 00 0a d3 00
INFO - 21 5e 08 3c 00 0a bd 00
INFO - 21 61 48 3c 00 0a d9 00
INFO - 21 63 88 3c 00 0a a0 00
INFO - 21 67 c8 3c 00 0b 05 00
INFO - 21 6a 08 3c 00 0a d8 00
INFO - 21 6d 48 3c 00 0a e9 00
INFO - 21 71 88 3c 00 0a d9 00
INFO - 21 76 c8 3c 00 0b 3a 00
INFO - 21 79 08 3c 00 0a f4 00
INFO - 21 7c 48 3c 00 0a cd 00
INFO - 21 7f 88 3c 00 0a cc 00
INFO - 21 81 c8 3c 00 0a ae 00
INFO - 21 84 08 3c 00 0a cc 00
INFO - 21 87 48 3c 00 0a cc 00
INFO - 21 8a 88 3c 00 0a d9 00
INFO - 21 8c c8 3c 00 0a bf 00
INFO - 21 8f 08 3c 00 0a be 00
INFO - 21 94 48 3c 00 0a c8 00
INFO - 21 97 88 3c 00 0a bf 00
INFO - 21 99 c8 3c 00 0a cb 00
INFO - 21 9b 08 3c 00 0a a2 00
INFO - 21 9d 48 3c 00 0a a1 00
INFO - 21 a0 88 3c 00 0a cc 00
INFO - 21 a3 c8 3c 00 0a d9 00
INFO - 21 a6 08 3c 00 0a bd 00
INFO - 21 a9 48 3c 00 0a f4 00
INFO - 21 ac 88 3c 00 0a cb 00
INFO - 21 ae c8 3c 00 0a 93 00
INFO - 21 b0 08 3c 00 0a bd 00
INFO - 21 b3 48 3c 00 0a af 00
INFO - 21 b6 88 3c 00 0a d8 00
INFO - 21 b8 c8 3c 00 0a bd 00
INFO - 21 bb 08 3c 00 0a 85 00
INFO - 21 bd 48 3c 00 0a a0 00
INFO - 21 bf 88 3c 00 0a b7 00
INFO - 21 c4 c8 3c 00 0b 06 00
INFO - 21 c7 08 3c 00 0a cc 00
INFO - 21 c9 48 3c 00 0a ad 00
INFO - 21 cb 88 3c 00 0a af 00
INFO - 21 ce c8 3c 00 0a ae 00
INFO - 21 d0 08 3c 00 0a a1 00
INFO - 21 d2 48 3c 00 0a be 00
INFO - 21 d4 88 3c 00 0a ad 00
INFO - 21 d7 c8 3c 00 0a cc 00
INFO - 21 db 08 3c 00 0b 0f 00
INFO - 21 de 48 3c 00 0a d6 00
INFO - 21 e2 88 3c 00 0b 03 00
INFO - 21 e6 c8 3c 00 0a e4 00
INFO - 21 f0 08 3c 00 0b fe 00
INFO - 21 f2 48 3c 00 0a 77 00
INFO - 21 f4 88 3c 00 0a b1 00
INFO - 21 f7 c8 3c 00 0a c7 00
INFO - 21 fa 08 3c 00 0a da 00
INFO - 21 fc 48 3c 00 0a ba 00
INFO - 21 ff 88 3c 00 0a cd 00
INFO - 22 01 c8 3c 00 0a ac 00
INFO - 22 04 08 3c 00 0a cd 00
INFO - 22 07 48 3c 00 0a b9 00
INFO - 22 0a 88 3c 00 0a da 00
INFO - 22 0c c8 3c 00 0a b9 00
INFO - 22 0f 08 3c 00 0a e5 00
INFO - 22 12 48 3c 00 0a bc 00
INFO - 22 15 88 3c 00 0a d8 00
INFO - 22 18 c8 3c 00 0a cc 00
INFO - 22 1b 08 3c 00 0a d5 00
INFO - 22 1e 48 3c 00 0a cd 00
INFO - 22 20 88 3c 00 0a b9 00
INFO - 22 23 c8 3c 00 0a cd 00
INFO - 22 26 08 3c 00 0a c7 00
INFO - 22 28 48 3c 00 0a c9 00
INFO - 22 2b 88 3c 00 0a d8 00
INFO - 22 2e c8 3c 00 0a be 00
INFO - 22 32 08 3c 00 0a f1 00
INFO - 22 35 48 3c 00 0a e5 00
INFO - 22 37 88 3c 00 0a af 00
INFO - 22 3a c8 3c 00 0a cd 00
INFO - 22 3d 08 3c 00 0a d8 00
INFO - 22 3f 48 3c 00 0a 9e 00
INFO - 22 42 88 3c 00 0a c9 00
INFO - 22 45 c8 3c 00 0a d7 00
INFO - 22 48 08 3c 00 0a f4 00
INFO - 22 4b 48 3c 00 0a b1 00
INFO - 22 4d 88 3c 00 0a c9 00
INFO - 22 50 c8 3c 00 0a c7 00
INFO - 22 53 08 3c 00 0a d7 00
INFO - 22 56 48 3c 00 0a bb 00
INFO - 22 59 88 3c 00 0a f3 00
INFO - 22 5c c8 3c 00 0a d7 00
INFO - 22 5e 08 3c 00 0a 89 00
INFO - 22 61 48 3c 00 0a cb 00
INFO - 22 63 88 3c 00 0a b8 00
INFO - 22 66 c8 3c 00 0a bb 00
INFO - 22 68 08 3c 00 0a b0 00
INFO - 22 6b 48 3c 00 0a f2 00
INFO - 22 6e 88 3c 00 0a b8 00
INFO - 22 70 c8 3c 00 0a 9f 00
INFO - 22 73 08 3c 00 0a e4 00
INFO - 22 76 48 3c 00 0a d9 00
INFO - 22 79 88 3c 00 0a d3 00
INFO - 22 7b c8 3c 00 0a a2 00
INFO - 22 7e 08 3c 00 0a d3 00
INFO - 22 81 48 3c 00 0a bd 00
INFO - 22 84 88 3c 00 0a e1 00
INFO - 22 86 c8 3c 00 0a bc 00
INFO - 22 8b 08 3c 00 0b 16 00
INFO - 22 8d 48 3c 00 0a c7 00
INFO - 22 90 88 3c 00 0a d7 00
INFO - 22 93 c8 3c 00 0a aa 00
INFO - 22 95 08 3c 00 0a ca 00
INFO - 22 98 48 3c 00 0a d1 00
INFO - 22 9b 88 3c 00 0a ba 00
INFO - 22 9d c8 3c 00 0a ac 00
INFO - 22 a0 08 3c 00 0a f3 00
INFO - 22 a2 48 3c 00 0a 9b 00
INFO - 22 a6 88 3c 00 0b 0a 00
INFO - 22 aa c8 3c 00 0a f2 00
INFO - 22 ad 08 3c 00 0a de 00
INFO - 22 af 48 3c 00 0a af 00
INFO - 22 b3 88 3c 00 0a ef 00
INFO - 22 b5 c8 3c 00 0a a8 00
INFO - 22 b8 08 3c 00 0a c7 00
INFO - 22 ba 48 3c 00 0a c9 00
INFO - 22 bf 88 3c 00 0b 09 00
INFO - 22 c1 c8 3c 00 0a a9 00
INFO - 22 c3 08 3c 00 0a c9 00
INFO - 22 c6 48 3c 00 0a c2 00
INFO - 22 c8 88 3c 00 0a b9 00
INFO - 22 cb c8 3c 00 0a ad 00
INFO - 22 ce 08 3c 00 0a de 00
INFO - 22 d0 48 3c 00 0a bc 00
INFO - 22 d3 88 3c 00 0a b5 00
INFO - 22 d6 c8 3c 00 0a d6 00
INFO - 22 d8 08 3c 00 0a c2 00
INFO - 22 dc 48 3c 00 0a e3 00
INFO - 22 de 88 3c 00 0a a7 00
INFO - 22 e1 c8 3c 00 0a d4 00
INFO - 22 e4 08 3c 00 0a fa 00
INFO - 22 e6 48 3c 00 0a a1 00
INFO - 22 e9 88 3c 00 0a b5 00
INFO - 22 eb c8 3c 00 0a c8 00
INFO - 22 ee 08 3c 00 0a b4 00
INFO - 22 f1 48 3c 00 0a e2 00
INFO - 22 f6 88 3c 00 0a 9a 00
INFO - 22 f8 c8 3c 00 0a a0 00
INFO - 22 fa 08 3c 00 0a a8 00
INFO - 22 fc 48 3c 00 0a ad 00
INFO - 22 ff 88 3c 00 0a c1 00
INFO - 23 01 c8 3c 00 0a a0 00
INFO - 23 03 08 3c 00 0a 9d 00
INFO - 23 06 48 3c 00 0a ce 00
INFO - 23 09 88 3c 00 0a f9 00
INFO - 23 0c c8 3c 00 0a c8 00
INFO - 23 0f 08 3c 00 0a e9 00
INFO - 23 12 48 3c 00 0a bb 00
INFO - 23 15 88 3c 00 0a db 00
INFO - 23 18 c8 3c 00 0a d4 00
INFO - 23 1b 08 3c 00 0a cf 00
INFO - 23 1e 48 3c 00 0a e2 00
INFO - 23 21 88 3c 00 0a dc 00
INFO - 23 24 c8 3c 00 0a d2 00
INFO - 23 26 08 3c 00 0a ae 00
INFO - 23 29 48 3c 00 0a a7 00
INFO - 23 2c 88 3c 00 0a df 00
INFO - 23 2e c8 3c 00 0a c5 00
INFO - 23 31 08 3c 00 0a ad 00
INFO - 23 33 48 3c 00 0a a8 00
INFO - 23 35 88 3c 00 0a ab 00
INFO - 23 37 c8 3c 00 0a b8 00
INFO - 23 39 08 3c 00 0a a0 00
INFO - 23 3b 48 3c 00 0a a7 00
INFO - 23 3d 88 3c 00 0a aa 00
INFO - 23 40 c8 3c 00 0a bc 00
INFO - 23 42 08 3c 00 0a 99 00
INFO - 23 45 48 3c 00 0a ed 00
INFO - 23 48 88 3c 00 0a d3 00
INFO - 23 4a c8 3c 00 0a ae 00
INFO - 23 4c 08 3c 00 0a 99 00
INFO - 23 4f 48 3c 00 0a e3 00
INFO - 23 56 88 3c 00 0b 96 00
INFO - 23 5a c8 3c 00 0a fd 00
INFO - 23 5d 08 3c 00 0a ec 00
INFO - 23 60 48 3c 00 0a ce 00
INFO - 23 62 88 3c 00 0a 8f 00
INFO - 23 66 c8 3c 00 0a ec 00
INFO - 23 69 08 3c 00 0a d2 00
INFO - 23 6b 48 3c 00 0a ad 00
INFO - 23 6d 88 3c 00 0a aa 00
INFO - 23 70 c8 3c 00 0a c2 00
INFO - 23 72 08 3c 00 0a a9 00
INFO - 23 74 48 3c 00 0a ad 00
INFO - 23 76 88 3c 00 0a c1 00
INFO - 23 78 c8 3c 00 0a 9e 00
INFO - 23 7b 08 3c 00 0a d2 00
INFO - 23 7f 48 3c 00 0a ec 00
INFO - 23 81 88 3c 00 0a c4 00
INFO - 23 84 c8 3c 00 0a c4 00
INFO - 23 86 08 3c 00 0a aa 00
INFO - 23 88 48 3c 00 0a aa 00
INFO - 23 8b 88 3c 00 0a d0 00
INFO - 23 8e c8 3c 00 0a b7 00
INFO - 23 90 08 3c 00 0a c3 00
INFO - 23 93 48 3c 00 0a b7 00
INFO - 23 97 88 3c 00 0b 05 00
INFO - 23 9a c8 3c 00 0a de 00
INFO - 23 9c 08 3c 00 0a b6 00
INFO - 23 9e 48 3c 00 0a b7 00
INFO - 23 a1 88 3c 00 0a a9 00
INFO - 23 a4 c8 3c 00 0a df 00
INFO - 23 a6 08 3c 00 0a c0 00
INFO - 23 a8 48 3c 00 0a 8f 00
INFO - 23 ac 88 3c 00 0a f7 00
INFO - 23 af c8 3c 00 0a cf 00
INFO - 23 b1 08 3c 00 0a d0 00
INFO - 23 b4 48 3c 00 0a c5 00
