INFO - 40 00 89 00 f9 41 00 24
INFO - 40 0c c9 00 f9 41 00 24
INFO - 40 71 09 00 f9 51 00 20
INFO - 40 a8 49 00 f9 41 00 23
INFO - 41 e3 89 00 f9 41 00 23
INFO - 43 ef c9 00 f9 41 00 23
INFO - 45 e3 09 00 f9 41 00 23
INFO - 47 d7 49 00 f9 41 00 23
INFO - 49 7a 89 00 f9 41 00 23
INFO - 49 f3 c9 00 f9 41 00 23
INFO - 4b 02 09 00 f9 41 00 23
INFO - 4b f5 49 00 f9 51 00 20
INFO - 4c 45 89 00 f9 41 00 24
INFO - 4c c9 c9 00 f9 51 00 20
INFO - 4c da 09 00 f9 51 00 20
INFO - 4c e8 49 00 f9 41 00 23
INFO - 4c fe 89 00 f9 41 00 23
INFO - 4d 99 c9 00 f9 41 00 23
INFO - 4f 49 09 00 f9 41 00 23
INFO - 4f 7a 49 00 f9 51 00 20
INFO - 4f 98 89 00 f9 51 00 20
INFO - 4f b2 c9 00 f9 41 00 24
INFO - 4f e1 09 00 f9 41 00 24
INFO - 51 81 49 00 f9 41 00 24
INFO - 53 7a 89 00 f9 41 00 24
INFO - 53 fc c9 00 f9 41 00 24
INFO - 54 96 09 00 f9 51 00 20
INFO - 54 a8 49 00 f9 51 00 20
INFO - 54 b8 89 00 f9 41 00 23
INFO - 55 3a c9 00 f9 41 00 23
INFO - 55 d1 09 00 f9 51 00 20
INFO - 56 28 49 00 f9 41 00 24
INFO - 56 dd 89 00 f9 51 00 20
INFO - 56 ed c9 00 f9 51 00 20
INFO - 56 fb 09 00 f9 41 00 23
INFO - 57 73 49 00 f9 41 00 23
INFO - 57 e4 89 00 f9 41 00 23
INFO - 59 cd c9 00 f9 41 00 23
INFO - 5a 2f 09 00 f9 41 00 23
INFO - 5a 92 49 00 f9 51 00 20
INFO - 5a a2 89 00 f9 51 00 20
INFO - 5a b5 c9 00 f9 41 00 24
INFO - 5b 18 09 00 f9 51 00 20
INFO - 5b 62 49 00 f9 41 00 23
INFO - 5b cb 89 00 f9 41 00 23
INFO - 5d c0 c9 00 f9 41 00 23
INFO - 5f b4 09 00 f9 41 00 23
INFO - 41 ab 49 00 f9 41 00 23
INFO - 42 a6 89 00 f9 51 00 20
INFO - 42 e8 c9 00 f9 59 00 00
INFO - 43 19 09 00 f9 49 00 02
