INFO - 20 00 48 3c 00 0a 40 00
INFO - 20 08 88 3c 00 0b 82 00
INFO - 20 17 c8 3c 00 0a ab 00
INFO - 20 18 08 3c 00 0a 67 00
INFO - 20 18 48 3c 00 0a 67 00
INFO - 20 18 88 3c 00 0a 67 00
INFO - 20 22 c8 3c 00 0a e9 00
INFO - 20 25 08 3c 00 0a cf 00
INFO - 20 25 48 3c 00 0a cf 00
INFO - 20 25 88 3c 00 0a cf 00
INFO - 20 27 c8 3c 00 0a 6b 00
INFO - 20 2e 08 3c 00 0b 89 00
INFO - 20 30 48 3c 00 0a a6 00
INFO - 20 34 88 3c 00 0a fa 00
INFO - 20 38 c8 3c 00 0b 01 00
INFO - 20 39 08 3c 00 0a 82 00
INFO - 20 39 48 3c 00 0a 82 00
INFO - 20 39 88 3c 00 0a 82 00
INFO - 20 41 c8 3c 00 0a c4 00
INFO - 20 41 08 3c 00 0a c4 00
INFO - 20 46 48 3c 00 0a c2 00
INFO - 20 46 88 3c 00 0a c2 00
INFO - 20 49 c8 3c 00 0a 91 00
INFO - 20 4c 08 3c 00 0a c1 00
INFO - 20 4f 48 3c 00 0a e1 00
INFO - 20 4f 88 3c 00 0a e1 00
INFO - 20 53 c8 3c 00 0a a3 00
INFO - 20 53 08 3c 00 0a a3 00
INFO - 20 59 48 3c 00 0a cb 00
INFO - 20 5e 88 3c 00 0b 3a 00
INFO - 20 60 c8 3c 00 0a 99 00
INFO - 20 63 08 3c 00 0a ee 00
INFO - 20 65 48 3c 00 0a 8c 00
INFO - 20 68 88 3c 00 0a ee 00
INFO - 20 6c c8 3c 00 0b 02 00
INFO - 20 6f 08 3c 00 0a d4 00
INFO - 20 72 48 3c 00 0a ce 00
INFO - 20 76 88 3c 00 0a ee 00
INFO - 20 78 c8 3c 00 0a ce 00
INFO - 20 7b 08 3c 00 0a ac 00
INFO - 20 7d 48 3c 00 0a d0 00
INFO - 20 80 88 3c 00 0a b3 00
INFO - 20 83 c8 3c 00 0a e1 00
INFO - 20 87 08 3c 00 0b 02 00
INFO - 20 89 48 3c 00 0a b8 00
INFO - 20 8b 88 3c 00 0a a7 00
INFO - 20 8d c8 3c 00 0a a8 00
INFO - 20 91 08 3c 00 0a dd 00
INFO - 20 93 48 3c 00 0a b8 00
INFO - 20 95 88 3c 00 0a 99 00
INFO - 20 97 c8 3c 00 0a c2 00
INFO - 20 9a 08 3c 00 0a b9 00
INFO - 20 9e 48 3c 00 0a f7 00
INFO - 20 a1 88 3c 00 0a da 00
INFO - 20 a4 c8 3c 00 0a e0 00
INFO - 20 a7 08 3c 00 0a cf 00
INFO - 20 a9 48 3c 00 0a 99 00
INFO - 20 ab 88 3c 00 0a c2 00
INFO - 20 ad c8 3c 00 0a 92 00
INFO - 20 b0 08 3c 00 0a da 00
INFO - 20 b3 48 3c 00 0a c2 00
INFO - 20 b5 88 3c 00 0a c3 00
INFO - 20 b8 c8 3c 00 0a dc 00
INFO - 20 bc 08 3c 00 0a ea 00
INFO - 20 be 48 3c 00 0a b8 00
INFO - 20 c2 88 3c 00 0b 0f 00
INFO - 20 c5 c8 3c 00 0a cc 00
INFO - 20 c7 08 3c 00 0a 90 00
INFO - 20 c9 48 3c 00 0a 99 00
INFO - 20 cb 88 3c 00 0a a7 00
INFO - 20 cd c8 3c 00 0a b8 00
INFO - 20 d0 08 3c 00 0a be 00
INFO - 20 d2 48 3c 00 0a a7 00
INFO - 20 d6 88 3c 00 0b 0e 00
INFO - 20 d8 c8 3c 00 0a b5 00
INFO - 20 db 08 3c 00 0a da 00
INFO - 20 dd 48 3c 00 0a 9c 00
INFO - 20 e0 88 3c 00 0a 85 00
INFO - 20 e2 c8 3c 00 0a a6 00
INFO - 20 e5 08 3c 00 0a cc 00
INFO - 20 e7 48 3c 00 0a a6 00
INFO - 20 e9 88 3c 00 0a a8 00
INFO - 20 eb c8 3c 00 0a b0 00
INFO - 20 ed 08 3c 00 0a 9b 00
INFO - 20 f0 48 3c 00 0a bc 00
INFO - 20 f2 88 3c 00 0a ce 00
INFO - 20 f6 c8 3c 00 0a ed 00
INFO - 20 f9 08 3c 00 0a da 00
INFO - 20 fb 48 3c 00 0a a2 00
INFO - 20 fd 88 3c 00 0a b3 00
INFO - 20 ff c8 3c 00 0a 96 00
INFO - 21 01 08 3c 00 0a b1 00
INFO - 21 03 48 3c 00 0a a0 00
INFO - 21 05 88 3c 00 0a ab 00
INFO - 21 0d c8 3c 00 0b c0 00
INFO - 21 0f 08 3c 00 0a 94 00
INFO - 21 12 48 3c 00 0a e1 00
INFO - 21 15 88 3c 00 0a d5 00
INFO - 21 17 c8 3c 00 0a a5 00
INFO - 21 19 08 3c 00 0a ac 00
INFO - 21 1b 48 3c 00 0a a5 00
INFO - 21 1f 88 3c 00 0b 01 00
INFO - 21 22 c8 3c 00 0a e0 00
INFO - 21 25 08 3c 00 0a d6 00
INFO - 21 27 48 3c 00 0a 95 00
INFO - 21 29 88 3c 00 0a 9e 00
INFO - 21 2b c8 3c 00 0a ba 00
INFO - 21 2d 08 3c 00 0a a1 00
INFO - 21 2f 48 3c 00 0a a4 00
INFO - 21 32 88 3c 00 0a b6 00
INFO - 21 35 c8 3c 00 0a dd 00
INFO - 21 37 08 3c 00 0a 97 00
INFO - 21 39 48 3c 00 0a c4 00
INFO - 21 3b 88 3c 00 0a 94 00
INFO - 21 3e c8 3c 00 0a e5 00
INFO - 21 42 08 3c 00 0a ff 00
INFO - 21 44 48 3c 00 0a a0 00
INFO - 21 46 88 3c 00 0a ae 00
INFO - 21 49 c8 3c 00 0a cd 00
INFO - 21 4c 08 3c 00 0a ce 00
INFO - 21 4f 48 3c 00 0a c2 00
INFO - 21 52 88 3c 00 0a db 00
INFO - 21 54 c8 3c 00 0a c2 00
INFO - 21 57 08 3c 00 0a ae 00
INFO - 21 59 48 3c 00 0a b5 00
INFO - 21 5b 88 3c 00 0a a1 00
INFO - 21 5d c8 3c 00 0a b5 00
INFO - 21 60 08 3c 00 0a c6 00
INFO - 21 62 48 3c 00 0a a8 00
INFO - 21 64 88 3c 00 0a ac 00
INFO - 21 66 c8 3c 00 0a ae 00
INFO - 21 68 08 3c 00 0a 91 00
INFO - 21 6b 48 3c 00 0a d2 00
INFO - 21 6d 88 3c 00 0a 9e 00
INFO - 21 70 c8 3c 00 0a d2 00
INFO - 21 73 08 3c 00 0a cd 00
INFO - 21 76 48 3c 00 0a eb 00
INFO - 21 79 88 3c 00 0a b6 00
INFO - 21 7b c8 3c 00 0a a3 00
INFO - 21 7d 08 3c 00 0a c2 00
INFO - 21 7f 48 3c 00 0a 78 00
INFO - 21 82 88 3c 00 0a c3 00
INFO - 21 84 c8 3c 00 0a b9 00
INFO - 21 87 08 3c 00 0a c8 00
INFO - 21 89 48 3c 00 0a 9e 00
INFO - 21 8c 88 3c 00 0a bc 00
INFO - 21 8d c8 3c 00 0a 9e 00
INFO - 21 91 08 3c 00 0a df 00
INFO - 21 93 48 3c 00 0a b7 00
INFO - 21 96 88 3c 00 0a c7 00
INFO - 21 98 c8 3c 00 0a 9d 00
INFO - 21 9a 08 3c 00 0a c5 00
INFO - 21 9c 48 3c 00 0a 8b 00
INFO - 21 9e 88 3c 00 0a c2 00
INFO - 21 a1 c8 3c 00 0a bb 00
INFO - 21 a4 08 3c 00 0a ce 00
INFO - 21 a6 48 3c 00 0a ae 00
INFO - 21 a9 88 3c 00 0a e6 00
INFO - 21 ab c8 3c 00 0a a0 00
INFO - 21 b1 08 3c 00 0b 05 00
INFO - 21 b4 48 3c 00 0a 93 00
INFO - 21 b7 88 3c 00 0a c6 00
INFO - 21 b8 c8 3c 00 0a 92 00
INFO - 21 bb 08 3c 00 0a c3 00
INFO - 21 bd 48 3c 00 0a b9 00
INFO - 21 c0 88 3c 00 0a d1 00
INFO - 21 c2 c8 3c 00 0a 91 00
INFO - 21 c5 08 3c 00 0a c4 00
INFO - 21 c6 48 3c 00 0a 96 00
INFO - 21 c9 88 3c 00 0a cc 00
INFO - 21 cc c8 3c 00 0a d2 00
INFO - 21 ce 08 3c 00 0a 91 00
INFO - 21 d0 48 3c 00 0a c5 00
INFO - 21 d2 88 3c 00 0a a9 00
INFO - 21 d6 c8 3c 00 0a e9 00
INFO - 21 d8 08 3c 00 0a b3 00
INFO - 21 db 48 3c 00 0a b7 00
INFO - 21 dd 88 3c 00 0a b9 00
INFO - 21 df c8 3c 00 0a 9c 00
INFO - 21 e1 08 3c 00 0a 96 00
INFO - 21 e3 48 3c 00 0a ca 00
INFO - 21 e5 88 3c 00 0a 9f 00
INFO - 21 e9 c8 3c 00 0a fb 00
INFO - 21 eb 08 3c 00 0a b6 00
INFO - 21 ed 48 3c 00 0a 9c 00
INFO - 21 f1 88 3c 00 0a e6 00
INFO - 21 f2 c8 3c 00 0a 9a 00
INFO - 21 f5 08 3c 00 0a b5 00
INFO - 21 f7 48 3c 00 0a a7 00
INFO - 21 fa 88 3c 00 0a e2 00
INFO - 21 fc c8 3c 00 0a a8 00
INFO - 21 ff 08 3c 00 0a bf 00
INFO - 22 01 48 3c 00 0a a8 00
INFO - 22 03 88 3c 00 0a a8 00
INFO - 22 05 c8 3c 00 0a b3 00
INFO - 22 08 08 3c 00 0a d5 00
INFO - 22 0a 48 3c 00 0a 90 00
INFO - 22 0d 88 3c 00 0a e0 00
INFO - 22 0f c8 3c 00 0a 9c 00
INFO - 22 12 08 3c 00 0a d4 00
INFO - 22 14 48 3c 00 0a a7 00
INFO - 22 17 88 3c 00 0a c8 00
INFO - 22 1a c8 3c 00 0a f5 00
INFO - 22 1c 08 3c 00 0a a6 00
INFO - 22 1e 48 3c 00 0a 9b 00
INFO - 22 20 88 3c 00 0a a6 00
INFO - 22 22 c8 3c 00 0a b1 00
INFO - 22 24 08 3c 00 0a 9a 00
INFO - 22 26 48 3c 00 0a a5 00
INFO - 22 29 88 3c 00 0a b0 00
INFO - 22 2b c8 3c 00 0a 7e 00
INFO - 22 2d 08 3c 00 0a 98 00
INFO - 22 2f 48 3c 00 0a 97 00
INFO - 22 31 88 3c 00 0a af 00
INFO - 22 33 c8 3c 00 0a a4 00
INFO - 22 35 08 3c 00 0a 99 00
INFO - 22 37 48 3c 00 0a a4 00
INFO - 22 39 88 3c 00 0a a3 00
INFO - 22 3a c8 3c 00 0a 98 00
INFO - 22 3c 08 3c 00 0a 82 00
INFO - 22 3e 48 3c 00 0a b9 00
INFO - 22 40 88 3c 00 0a 98 00
INFO - 22 42 c8 3c 00 0a ae 00
INFO - 22 44 08 3c 00 0a 8c 00
INFO - 22 46 48 3c 00 0a ba 00
INFO - 22 4a 88 3c 00 0b 0f 00
INFO - 22 4c c8 3c 00 0a 93 00
INFO - 22 4d 08 3c 00 0a 8c 00
INFO - 22 50 48 3c 00 0a ba 00
INFO - 22 52 88 3c 00 0a aa 00
INFO - 22 55 c8 3c 00 0a da 00
INFO - 22 58 08 3c 00 0a ca 00
INFO - 22 5b 48 3c 00 0a d1 00
INFO - 22 5f 88 3c 00 0b 03 00
INFO - 22 60 c8 3c 00 0a 94 00
INFO - 22 63 08 3c 00 0a b7 00
INFO - 22 66 48 3c 00 0a c7 00
INFO - 22 6a 88 3c 00 0b 04 00
INFO - 22 6d c8 3c 00 0a d6 00
INFO - 22 6f 08 3c 00 0a a6 00
INFO - 22 70 48 3c 00 0a 94 00
INFO - 22 72 88 3c 00 0a 9b 00
INFO - 22 74 c8 3c 00 0a a0 00
INFO - 22 76 08 3c 00 0a 97 00
INFO - 22 78 48 3c 00 0a b2 00
INFO - 22 7b 88 3c 00 0a c0 00
INFO - 22 7c c8 3c 00 0a 9b 00
INFO - 22 7f 08 3c 00 0a ab 00
INFO - 22 81 48 3c 00 0a a6 00
INFO - 22 83 88 3c 00 0a 9f 00
INFO - 22 86 c8 3c 00 0a e9 00
INFO - 22 88 08 3c 00 0a b5 00
INFO - 22 8a 48 3c 00 0a a6 00
INFO - 22 8c 88 3c 00 0a 95 00
INFO - 22 8e c8 3c 00 0a a6 00
INFO - 22 91 08 3c 00 0a b6 00
INFO - 22 93 48 3c 00 0a a4 00
INFO - 22 96 88 3c 00 0a da 00
INFO - 22 97 c8 3c 00 0a 97 00
INFO - 22 99 08 3c 00 0a 9b 00
INFO - 22 9c 48 3c 00 0a db 00
INFO - 22 9e 88 3c 00 0a 96 00
INFO - 22 a1 c8 3c 00 0a ce 00
INFO - 22 a3 08 3c 00 0a 9c 00
INFO - 22 a5 48 3c 00 0a 9f 00
INFO - 22 a7 88 3c 00 0a b2 00
INFO - 22 a8 c8 3c 00 0a 8a 00
INFO - 22 aa 08 3c 00 0a 98 00
INFO - 22 ad 48 3c 00 0a c6 00
INFO - 22 b0 88 3c 00 0a d7 00
INFO - 22 b3 c8 3c 00 0a c7 00
INFO - 22 b5 08 3c 00 0a ab 00
INFO - 22 b7 48 3c 00 0a ba 00
INFO - 22 ba 88 3c 00 0a b9 00
INFO - 22 bc c8 3c 00 0a b9 00
INFO - 22 be 08 3c 00 0a a6 00
INFO - 22 c0 48 3c 00 0a 96 00
INFO - 22 c2 88 3c 00 0a b9 00
INFO - 22 c4 c8 3c 00 0a a6 00
INFO - 22 c7 08 3c 00 0a b6 00
INFO - 22 c9 48 3c 00 0a a4 00
INFO - 22 cb 88 3c 00 0a af 00
INFO - 22 cd c8 3c 00 0a 8d 00
INFO - 22 cf 08 3c 00 0a ae 00
INFO - 22 d1 48 3c 00 0a 8d 00
INFO - 22 d3 88 3c 00 0a a3 00
INFO - 22 d5 c8 3c 00 0a ba 00
INFO - 22 d7 08 3c 00 0a 98 00
INFO - 22 d9 48 3c 00 0a c5 00
INFO - 22 db 88 3c 00 0a 7f 00
INFO - 22 dd c8 3c 00 0a a7 00
INFO - 22 df 08 3c 00 0a a4 00
INFO - 22 e1 48 3c 00 0a ba 00
INFO - 22 e4 88 3c 00 0a d1 00
INFO - 22 e6 c8 3c 00 0a b0 00
INFO - 22 e9 08 3c 00 0a ba 00
INFO - 22 eb 48 3c 00 0a 8d 00
INFO - 22 ed 88 3c 00 0a d0 00
INFO - 22 f0 c8 3c 00 0a af 00
INFO - 22 f3 08 3c 00 0a d5 00
INFO - 22 f4 48 3c 00 0a 81 00
INFO - 22 f7 88 3c 00 0a be 00
INFO - 22 f9 c8 3c 00 0a d2 00
INFO - 22 fc 08 3c 00 0a ae 00
INFO - 22 fe 48 3c 00 0a bf 00
INFO - 23 01 88 3c 00 0a be 00
INFO - 23 04 c8 3c 00 0a d0 00
INFO - 23 06 08 3c 00 0a bd 00
INFO - 23 09 48 3c 00 0a c8 00
INFO - 23 0b 88 3c 00 0a a7 00
INFO - 23 0d c8 3c 00 0a b5 00
INFO - 23 0f 08 3c 00 0a 99 00
INFO - 23 11 48 3c 00 0a a7 00
INFO - 23 14 88 3c 00 0a cb 00
INFO - 23 15 c8 3c 00 0a 82 00
INFO - 23 17 08 3c 00 0a a6 00
INFO - 23 1b 48 3c 00 0a eb 00
INFO - 23 1d 88 3c 00 0a c0 00
INFO - 23 20 c8 3c 00 0a bb 00
INFO - 23 22 08 3c 00 0a b2 00
INFO - 23 25 48 3c 00 0a be 00
INFO - 23 27 88 3c 00 0a 9b 00
INFO - 23 29 c8 3c 00 0a cc 00
INFO - 23 2b 08 3c 00 0a 99 00
INFO - 23 2d 48 3c 00 0a 9b 00
INFO - 23 30 88 3c 00 0a c0 00
INFO - 23 32 c8 3c 00 0a a4 00
INFO - 23 35 08 3c 00 0a e2 00
INFO - 23 36 48 3c 00 0a 85 00
INFO - 23 39 88 3c 00 0a d2 00
INFO - 23 3c c8 3c 00 0a cc 00
INFO - 23 3e 08 3c 00 0a bc 00
INFO - 23 41 48 3c 00 0a b5 00
INFO - 23 43 88 3c 00 0a a4 00
INFO - 23 45 c8 3c 00 0a b5 00
INFO - 23 47 08 3c 00 0a 99 00
INFO - 23 49 48 3c 00 0a b6 00
INFO - 23 4b 88 3c 00 0a 99 00
INFO - 23 4d c8 3c 00 0a a8 00
INFO - 23 50 08 3c 00 0a b5 00
INFO - 23 51 48 3c 00 0a 9a 00
INFO - 23 54 88 3c 00 0a b3 00
INFO - 23 55 c8 3c 00 0a 94 00
INFO - 23 58 08 3c 00 0a c8 00
INFO - 23 5a 48 3c 00 0a 9f 00
INFO - 23 5d 88 3c 00 0a c7 00
INFO - 23 5f c8 3c 00 0a 9c 00
INFO - 23 61 08 3c 00 0a b3 00
INFO - 23 63 48 3c 00 0a 9d 00
INFO - 23 65 88 3c 00 0a b7 00
INFO - 23 67 c8 3c 00 0a b2 00
INFO - 23 6a 08 3c 00 0a aa 00
INFO - 23 6c 48 3c 00 0a a6 00
INFO - 23 6e 88 3c 00 0a 9e 00
INFO - 23 70 c8 3c 00 0a c4 00
INFO - 23 72 08 3c 00 0a 9a 00
INFO - 23 74 48 3c 00 0a ac 00
INFO - 23 7a 88 3c 00 0b 54 00
INFO - 23 7d c8 3c 00 0a cf 00
INFO - 23 7f 08 3c 00 0a be 00
INFO - 23 82 48 3c 00 0a db 00
INFO - 23 84 88 3c 00 0a 9b 00
INFO - 23 87 c8 3c 00 0a b8 00
INFO - 23 89 08 3c 00 0a b2 00
INFO - 23 8b 48 3c 00 0a ad 00
INFO - 23 8d 88 3c 00 0a b2 00
INFO - 23 91 c8 3c 00 0a f4 00
INFO - 23 93 08 3c 00 0a b3 00
INFO - 23 96 48 3c 00 0a ce 00
INFO - 23 99 88 3c 00 0a d8 00
INFO - 23 9d c8 3c 00 0a e8 00
INFO - 23 a0 08 3c 00 0a ce 00
INFO - 23 a1 48 3c 00 0a 93 00
INFO - 23 a4 88 3c 00 0a c3 00
INFO - 23 a6 c8 3c 00 0a ab 00
INFO - 23 a9 08 3c 00 0a 88 00
INFO - 23 ab 48 3c 00 0a ab 00
INFO - 23 ae 88 3c 00 0a cf 00
INFO - 23 b2 c8 3c 00 0a f3 00
INFO - 23 b4 08 3c 00 0a b7 00
INFO - 23 b6 48 3c 00 0a ad 00
INFO - 23 b8 88 3c 00 0a b5 00
INFO - 23 bb c8 3c 00 0a ac 00
INFO - 23 bd 08 3c 00 0a ae 00
INFO - 23 bf 48 3c 00 0a 9e 00
INFO - 23 c1 88 3c 00 0a ba 00
INFO - 23 c4 c8 3c 00 0a da 00
INFO - 23 c7 08 3c 00 0a af 00
INFO - 23 c9 48 3c 00 0a a9 00
INFO - 23 cb 88 3c 00 0a a4 00
INFO - 23 cc c8 3c 00 0a 91 00
INFO - 23 cf 08 3c 00 0a c5 00
INFO - 23 d1 48 3c 00 0a bb 00
INFO - 23 d3 88 3c 00 0a 9e 00
INFO - 23 d5 c8 3c 00 0a a3 00
INFO - 23 d7 08 3c 00 0a 86 00
INFO - 23 da 48 3c 00 0a d1 00
INFO - 23 dc 88 3c 00 0a a3 00
INFO - 23 de c8 3c 00 0a b9 00
INFO - 23 e0 08 3c 00 0a ab 00
INFO - 23 e3 48 3c 00 0a c5 00
INFO - 23 e5 88 3c 00 0a b0 00
INFO - 23 e8 c8 3c 00 0a b6 00
INFO - 23 ea 08 3c 00 0a bc 00
INFO - 23 ee 48 3c 00 0a f4 00
INFO - 23 f1 88 3c 00 0a f6 00
INFO - 23 f4 c8 3c 00 0a ad 00
INFO - 23 f6 08 3c 00 0a a4 00
INFO - 23 f7 48 3c 00 0a 86 00
INFO - 23 fa 88 3c 00 0a ea 00
INFO - 23 fd c8 3c 00 0a d1 00
INFO - 24 00 08 3c 00 0a ba 00
INFO - 24 01 48 3c 00 0a 94 00
INFO - 24 04 88 3c 00 0a a7 00
INFO - 24 06 c8 3c 00 0a b6 00
INFO - 24 09 08 3c 00 0a ad 00
INFO - 24 0b 48 3c 00 0a b1 00
INFO - 24 0c 88 3c 00 0a 91 00
INFO - 24 0f c8 3c 00 0a b1 00
INFO - 24 11 08 3c 00 0a a9 00
INFO - 24 13 48 3c 00 0a b9 00
INFO - 24 15 88 3c 00 0a a4 00
INFO - 24 17 c8 3c 00 0a aa 00
INFO - 24 1c 08 3c 00 0b 12 00
INFO - 24 1e 48 3c 00 0a c5 00
INFO - 24 20 88 3c 00 0a 92 00
INFO - 24 24 c8 3c 00 0a f5 00
INFO - 24 27 08 3c 00 0a d2 00
INFO - 24 2a 48 3c 00 0a de 00
INFO - 24 2d 88 3c 00 0a ea 00
INFO - 24 2f c8 3c 00 0a ad 00
INFO - 24 31 08 3c 00 0a a5 00
INFO - 24 35 48 3c 00 0a f6 00
INFO - 24 37 88 3c 00 0a 9d 00
INFO - 24 3a c8 3c 00 0a d6 00
INFO - 24 3c 08 3c 00 0a b5 00
INFO - 24 40 48 3c 00 0a e2 00
INFO - 24 42 88 3c 00 0a b6 00
INFO - 24 44 c8 3c 00 0a a4 00
INFO - 24 46 08 3c 00 0a 9f 00
INFO - 24 49 48 3c 00 0a c4 00
INFO - 24 4b 88 3c 00 0a c8 00
INFO - 24 4d c8 3c 00 0a 9e 00
INFO - 24 50 08 3c 00 0a 83 00
INFO - 24 52 48 3c 00 0a c3 00
INFO - 24 54 88 3c 00 0a a3 00
INFO - 24 57 c8 3c 00 0a c0 00
INFO - 24 59 08 3c 00 0a ac 00
INFO - 24 5b 48 3c 00 0a ac 00
INFO - 24 5f 88 3c 00 0a db 00
INFO - 24 61 c8 3c 00 0a a8 00
INFO - 24 63 08 3c 00 0a b7 00
INFO - 24 65 48 3c 00 0a af 00
INFO - 24 68 88 3c 00 0a c3 00
INFO - 24 6b c8 3c 00 0a d6 00
INFO - 24 6e 08 3c 00 0a e6 00
INFO - 24 70 48 3c 00 0a 97 00
INFO - 24 72 88 3c 00 0a b2 00
INFO - 24 75 c8 3c 00 0a c6 00
INFO - 24 78 08 3c 00 0a be 00
INFO - 24 7a 48 3c 00 0a ba 00
INFO - 24 7c 88 3c 00 0a 92 00
INFO - 24 7e c8 3c 00 0a c2 00
INFO - 24 82 08 3c 00 0a e2 00
INFO - 24 84 48 3c 00 0a aa 00
INFO - 24 86 88 3c 00 0a aa 00
INFO - 24 88 c8 3c 00 0a b5 00
INFO - 24 8b 08 3c 00 0a dd 00
INFO - 24 8d 48 3c 00 0a 8e 00
INFO - 24 8f 88 3c 00 0a a2 00
INFO - 24 91 c8 3c 00 0a a6 00
INFO - 24 93 08 3c 00 0a 92 00
INFO - 24 95 48 3c 00 0a ad 00
INFO - 24 96 88 3c 00 0a 8d 00
INFO - 24 99 c8 3c 00 0a d0 00
INFO - 24 9b 08 3c 00 0a 99 00
INFO - 24 9d 48 3c 00 0a a9 00
INFO - 24 a0 88 3c 00 0a b7 00
INFO - 24 a2 c8 3c 00 0a a5 00
INFO - 24 a4 08 3c 00 0a bf 00
INFO - 24 a6 48 3c 00 0a 9d 00
INFO - 24 a9 88 3c 00 0a c2 00
INFO - 24 aa c8 3c 00 0a 8e 00
INFO - 24 ad 08 3c 00 0a bf 00
INFO - 24 b0 48 3c 00 0a ce 00
INFO - 24 b2 88 3c 00 0a ca 00
INFO - 24 b8 c8 3c 00 0b 5e 00
INFO - 24 ba 08 3c 00 0a 98 00
INFO - 24 bd 48 3c 00 0a ca 00
INFO - 24 bf 88 3c 00 0a b5 00
INFO - 24 c0 c8 3c 00 0a 81 00
INFO - 24 c3 08 3c 00 0a 86 00
INFO - 24 c5 48 3c 00 0a a2 00
INFO - 24 c8 88 3c 00 0a d7 00
INFO - 24 cb c8 3c 00 0a ad 00
INFO - 24 cd 08 3c 00 0a bc 00
INFO - 24 d0 48 3c 00 0a be 00
INFO - 24 d3 88 3c 00 0a dc 00
INFO - 24 d6 c8 3c 00 0a ce 00
INFO - 24 d7 08 3c 00 0a 98 00
INFO - 24 d9 48 3c 00 0a 9d 00
INFO - 24 db 88 3c 00 0a 94 00
INFO - 24 de c8 3c 00 0a c5 00
INFO - 24 e0 08 3c 00 0a b9 00
INFO - 24 e2 48 3c 00 0a a6 00
INFO - 24 e4 88 3c 00 0a b5 00
INFO - 24 e7 c8 3c 00 0a c2 00
INFO - 24 e9 08 3c 00 0a 8f 00
INFO - 24 eb 48 3c 00 0a be 00
INFO - 24 ed 88 3c 00 0a 8f 00
INFO - 24 ef c8 3c 00 0a 9d 00
INFO - 24 f1 08 3c 00 0a b5 00
INFO - 24 f3 48 3c 00 0a 8d 00
INFO - 24 f4 88 3c 00 0a 92 00
INFO - 24 f6 c8 3c 00 0a 9e 00
INFO - 24 f8 08 3c 00 0a a3 00
INFO - 24 fa 48 3c 00 0a 94 00
INFO - 24 fc 88 3c 00 0a a8 00
INFO - 24 fe c8 3c 00 0a 9d 00
INFO - 25 00 08 3c 00 0a b2 00
INFO - 25 02 48 3c 00 0a 99 00
INFO - 25 05 88 3c 00 0a c9 00
INFO - 25 07 c8 3c 00 0a b7 00
INFO - 25 0b 08 3c 00 0a fc 00
INFO - 25 0e 48 3c 00 0a d8 00
INFO - 25 10 88 3c 00 0a 91 00
INFO - 25 13 c8 3c 00 0a cc 00
INFO - 25 15 08 3c 00 0a b3 00
INFO - 25 18 48 3c 00 0a d8 00
INFO - 25 1a 88 3c 00 0a ac 00
INFO - 25 1c c8 3c 00 0a 91 00
INFO - 25 1f 08 3c 00 0a d1 00
INFO - 25 22 48 3c 00 0a d4 00
INFO - 25 24 88 3c 00 0a a8 00
INFO - 25 25 c8 3c 00 0a 8e 00
INFO - 25 27 08 3c 00 0a a5 00
INFO - 25 29 48 3c 00 0a 6a 00
INFO - 25 2b 88 3c 00 0a 8e 00
INFO - 25 2c c8 3c 00 0a 9a 00
INFO - 25 31 08 3c 00 0a ee 00
INFO - 25 33 48 3c 00 0a a9 00
INFO - 25 35 88 3c 00 0a a2 00
INFO - 25 36 c8 3c 00 0a 69 00
INFO - 25 39 08 3c 00 0a dc 00
INFO - 25 3b 48 3c 00 0a 8e 00
INFO - 25 3e 88 3c 00 0a c4 00
INFO - 25 40 c8 3c 00 0a a9 00
INFO - 25 41 08 3c 00 0a 8e 00
INFO - 25 43 48 3c 00 0a 9c 00
INFO - 25 46 88 3c 00 0a b3 00
INFO - 25 49 c8 3c 00 0a e1 00
INFO - 25 4b 08 3c 00 0a 95 00
INFO - 25 4c 48 3c 00 0a 9a 00
INFO - 25 4e 88 3c 00 0a 9c 00
INFO - 25 50 c8 3c 00 0a 95 00
INFO - 25 52 08 3c 00 0a 90 00
INFO - 25 54 48 3c 00 0a aa 00
INFO - 25 55 88 3c 00 0a 9a 00
INFO - 25 58 c8 3c 00 0a a8 00
INFO - 25 59 08 3c 00 0a 92 00
INFO - 25 5b 48 3c 00 0a b1 00
INFO - 25 5d 88 3c 00 0a 93 00
INFO - 25 60 c8 3c 00 0a bc 00
INFO - 25 61 08 3c 00 0a 9d 00
INFO - 25 64 48 3c 00 0a aa 00
INFO - 25 66 88 3c 00 0a b9 00
INFO - 25 68 c8 3c 00 0a a7 00
INFO - 25 6a 08 3c 00 0a ab 00
INFO - 25 6d 48 3c 00 0a ce 00
INFO - 25 6f 88 3c 00 0a a7 00
INFO - 25 71 c8 3c 00 0a ac 00
INFO - 25 74 08 3c 00 0a b2 00
INFO - 25 76 48 3c 00 0a ae 00
INFO - 25 78 88 3c 00 0a b2 00
INFO - 25 7a c8 3c 00 0a 95 00
INFO - 25 7c 08 3c 00 0a 92 00
INFO - 25 7d 48 3c 00 0a 9d 00
INFO - 25 80 88 3c 00 0a b2 00
INFO - 25 81 c8 3c 00 0a 93 00
INFO - 25 83 08 3c 00 0a 89 00
INFO - 25 86 48 3c 00 0a d1 00
INFO - 25 88 88 3c 00 0a bc 00
INFO - 25 8a c8 3c 00 0a a8 00
INFO - 25 8c 08 3c 00 0a a8 00
INFO - 25 8e 48 3c 00 0a a8 00
INFO - 25 90 88 3c 00 0a 93 00
INFO - 25 92 c8 3c 00 0a b2 00
INFO - 25 94 08 3c 00 0a 9d 00
INFO - 25 96 48 3c 00 0a 93 00
INFO - 25 98 88 3c 00 0a b2 00
INFO - 25 9b c8 3c 00 0a c7 00
INFO - 25 9c 08 3c 00 0a 7e 00
INFO - 25 9f 48 3c 00 0a bc 00
INFO - 25 a0 88 3c 00 0a 93 00
INFO - 25 a3 c8 3c 00 0a bc 00
INFO - 25 a6 08 3c 00 0a c6 00
INFO - 25 a9 48 3c 00 0a 8c 00
INFO - 25 ab 88 3c 00 0a 93 00
INFO - 25 ac c8 3c 00 0a 93 00
INFO - 25 ae 08 3c 00 0a a8 00
INFO - 25 b0 48 3c 00 0a a8 00
INFO - 25 b2 88 3c 00 0a 9d 00
INFO - 25 b4 c8 3c 00 0a 92 00
INFO - 25 b6 08 3c 00 0a aa 00
INFO - 25 b8 48 3c 00 0a 9a 00
INFO - 25 b9 88 3c 00 0a 8b 00
INFO - 25 bb c8 3c 00 0a 9b 00
INFO - 25 bd 08 3c 00 0a b2 00
INFO - 25 c0 48 3c 00 0a a7 00
INFO - 25 c2 88 3c 00 0a c5 00
INFO - 25 c4 c8 3c 00 0a ab 00
INFO - 25 c6 08 3c 00 0a 9a 00
INFO - 25 c8 48 3c 00 0a 9d 00
INFO - 25 ca 88 3c 00 0a ab 00
INFO - 25 cc c8 3c 00 0a 90 00
INFO - 25 ce 08 3c 00 0a b2 00
INFO - 25 d1 48 3c 00 0a e6 00
INFO - 25 d3 88 3c 00 0a 9d 00
INFO - 25 d5 c8 3c 00 0a 97 00
INFO - 25 d7 08 3c 00 0a 9a 00
INFO - 25 da 48 3c 00 0a ca 00
INFO - 25 dc 88 3c 00 0a ba 00
INFO - 25 de c8 3c 00 0a 9e 00
INFO - 25 e1 08 3c 00 0a dd 00
INFO - 25 e3 48 3c 00 0a b2 00
INFO - 25 e6 88 3c 00 0a b2 00
INFO - 25 e8 c8 3c 00 0a a2 00
INFO - 25 e9 08 3c 00 0a 9b 00
INFO - 25 ec 48 3c 00 0a a9 00
INFO - 25 ef 88 3c 00 0a dd 00
INFO - 25 f1 c8 3c 00 0a ac 00
INFO - 25 f3 08 3c 00 0a bb 00
INFO - 25 f6 48 3c 00 0a ac 00
INFO - 25 f7 88 3c 00 0a 9c 00
INFO - 25 fa c8 3c 00 0a b3 00
INFO - 25 fc 08 3c 00 0a be 00
INFO - 25 fe 48 3c 00 0a 9e 00
INFO - 26 01 88 3c 00 0a cb 00
INFO - 26 03 c8 3c 00 0a a5 00
INFO - 26 05 08 3c 00 0a a2 00
INFO - 26 07 48 3c 00 0a a5 00
INFO - 26 09 88 3c 00 0a 9e 00
INFO - 26 0b c8 3c 00 0a ac 00
INFO - 26 0d 08 3c 00 0a 9a 00
INFO - 26 0f 48 3c 00 0a b3 00
INFO - 26 11 88 3c 00 0a a1 00
INFO - 26 13 c8 3c 00 0a a4 00
INFO - 26 15 08 3c 00 0a 9e 00
INFO - 26 17 48 3c 00 0a b4 00
INFO - 26 19 88 3c 00 0a 90 00
INFO - 26 1b c8 3c 00 0a aa 00
INFO - 26 1e 08 3c 00 0a b9 00
INFO - 26 20 48 3c 00 0a b1 00
INFO - 26 21 88 3c 00 0a 8c 00
INFO - 26 23 c8 3c 00 0a 99 00
INFO - 26 25 08 3c 00 0a a0 00
INFO - 26 26 48 3c 00 0a 85 00
INFO - 26 29 88 3c 00 0a c6 00
INFO - 26 2c c8 3c 00 0a d3 00
INFO - 26 2e 08 3c 00 0a b1 00
INFO - 26 32 48 3c 00 0a e1 00
INFO - 26 34 88 3c 00 0a aa 00
INFO - 26 36 c8 3c 00 0a a4 00
INFO - 26 39 08 3c 00 0a d1 00
INFO - 26 3b 48 3c 00 0a b4 00
INFO - 26 3d 88 3c 00 0a ae 00
INFO - 26 3f c8 3c 00 0a 9f 00
INFO - 26 42 08 3c 00 0a b8 00
INFO - 26 44 48 3c 00 0a c6 00
INFO - 26 47 88 3c 00 0a 78 00
INFO - 26 49 c8 3c 00 0a bf 00
INFO - 26 4b 08 3c 00 0a 85 00
INFO - 26 4c 48 3c 00 0a 92 00
INFO - 26 4e 88 3c 00 0a a9 00
INFO - 26 51 c8 3c 00 0a c1 00
INFO - 26 53 08 3c 00 0a 95 00
INFO - 26 55 48 3c 00 0a c1 00
INFO - 26 57 88 3c 00 0a 91 00
INFO - 26 59 c8 3c 00 0a b3 00
INFO - 26 5b 08 3c 00 0a 83 00
INFO - 26 5d 48 3c 00 0a a9 00
INFO - 26 5e 88 3c 00 0a 8d 00
INFO - 26 61 c8 3c 00 0a ce 00
INFO - 26 63 08 3c 00 0a 93 00
INFO - 26 64 48 3c 00 0a 8e 00
INFO - 26 66 88 3c 00 0a 9b 00
INFO - 26 68 c8 3c 00 0a 9d 00
INFO - 26 6b 08 3c 00 0a c0 00
INFO - 26 6c 48 3c 00 0a 93 00
INFO - 26 6e 88 3c 00 0a 91 00
INFO - 26 6f c8 3c 00 0a 8d 00
INFO - 26 71 08 3c 00 0a 94 00
INFO - 26 73 48 3c 00 0a 8d 00
INFO - 26 74 88 3c 00 0a 87 00
INFO - 26 76 c8 3c 00 0a a8 00
INFO - 26 78 08 3c 00 0a 87 00
INFO - 26 7a 48 3c 00 0a c3 00
INFO - 26 7d 88 3c 00 0a b6 00
INFO - 26 7f c8 3c 00 0a b0 00
INFO - 26 81 08 3c 00 0a bd 00
INFO - 26 83 48 3c 00 0a 98 00
INFO - 26 86 88 3c 00 0a b9 00
INFO - 26 88 c8 3c 00 0a bd 00
INFO - 26 8b 08 3c 00 0a cc 00
INFO - 26 8d 48 3c 00 0a b4 00
INFO - 26 8f 88 3c 00 0a 8f 00
INFO - 26 91 c8 3c 00 0a b1 00
INFO - 26 95 08 3c 00 0a e4 00
INFO - 26 96 48 3c 00 0a 9f 00
INFO - 26 98 88 3c 00 0a 87 00
INFO - 26 9a c8 3c 00 0a 9a 00
INFO - 26 9c 08 3c 00 0a 9c 00
INFO - 26 9d 48 3c 00 0a 8b 00
INFO - 26 9f 88 3c 00 0a ae 00
INFO - 26 a1 c8 3c 00 0a 94 00
INFO - 26 a3 08 3c 00 0a 9a 00
INFO - 26 a5 48 3c 00 0a 9b 00
INFO - 26 a7 88 3c 00 0a b3 00
INFO - 26 a9 c8 3c 00 0a a3 00
INFO - 26 ab 08 3c 00 0a a8 00
INFO - 26 ad 48 3c 00 0a 99 00
INFO - 26 b0 88 3c 00 0a e2 00
INFO - 26 b3 c8 3c 00 0a 7d 00
INFO - 26 b5 08 3c 00 0a ce 00
INFO - 26 b8 48 3c 00 0a c6 00
INFO - 26 bb 88 3c 00 0a b9 00
INFO - 26 bd c8 3c 00 0a ac 00
INFO - 26 be 08 3c 00 0a 86 00
INFO - 26 c0 48 3c 00 0a a4 00
INFO - 26 c2 88 3c 00 0a 9d 00
INFO - 26 c4 c8 3c 00 0a a2 00
INFO - 26 c6 08 3c 00 0a 90 00
INFO - 26 c8 48 3c 00 0a b1 00
INFO - 26 ca 88 3c 00 0a 97 00
INFO - 26 cc c8 3c 00 0a ae 00
INFO - 26 cd 08 3c 00 0a 88 00
INFO - 26 d0 48 3c 00 0a bf 00
INFO - 26 d2 88 3c 00 0a b7 00
INFO - 26 d4 c8 3c 00 0a 99 00
INFO - 26 d5 08 3c 00 0a 85 00
INFO - 26 d7 48 3c 00 0a a6 00
INFO - 26 d9 88 3c 00 0a 8c 00
INFO - 26 db c8 3c 00 0a ad 00
INFO - 26 dd 08 3c 00 0a 91 00
INFO - 26 df 48 3c 00 0a b3 00
INFO - 26 e1 88 3c 00 0a 91 00
INFO - 26 e5 c8 3c 00 0b 14 00
INFO - 26 e7 08 3c 00 0a a5 00
INFO - 26 e9 48 3c 00 0a 95 00
INFO - 26 ea 88 3c 00 0a 8f 00
INFO - 26 ed c8 3c 00 0a cc 00
INFO - 26 ef 08 3c 00 0a 8c 00
INFO - 26 f1 48 3c 00 0a 9a 00
INFO - 26 f2 88 3c 00 0a 8e 00
INFO - 26 f4 c8 3c 00 0a 8c 00
INFO - 26 f6 08 3c 00 0a a1 00
INFO - 26 f8 48 3c 00 0a b8 00
INFO - 26 f9 88 3c 00 0a 78 00
INFO - 26 fb c8 3c 00 0a ac 00
INFO - 26 fd 08 3c 00 0a 92 00
INFO - 26 ff 48 3c 00 0a a9 00
INFO - 27 01 88 3c 00 0a a6 00
INFO - 27 04 c8 3c 00 0a be 00
INFO - 27 05 08 3c 00 0a 9a 00
INFO - 27 08 48 3c 00 0a bc 00
INFO - 27 0a 88 3c 00 0a a1 00
INFO - 27 0c c8 3c 00 0a 79 00
INFO - 27 0e 08 3c 00 0a a3 00
INFO - 27 11 48 3c 00 0a b3 00
INFO - 27 13 88 3c 00 0a c0 00
INFO - 27 16 c8 3c 00 0a b2 00
INFO - 27 17 08 3c 00 0a 9a 00
INFO - 27 1a 48 3c 00 0a a7 00
INFO - 27 1c 88 3c 00 0a b6 00
INFO - 27 1e c8 3c 00 0a a5 00
INFO - 27 20 08 3c 00 0a b7 00
INFO - 27 23 48 3c 00 0a c6 00
INFO - 27 26 88 3c 00 0a d6 00
INFO - 27 28 c8 3c 00 0a 93 00
INFO - 27 2a 08 3c 00 0a c2 00
INFO - 27 2c 48 3c 00 0a a8 00
INFO - 27 2f 88 3c 00 0a ab 00
INFO - 27 31 c8 3c 00 0a af 00
INFO - 27 33 08 3c 00 0a bf 00
INFO - 27 36 48 3c 00 0a ac 00
INFO - 27 38 88 3c 00 0a cd 00
INFO - 27 3b c8 3c 00 0a b1 00
INFO - 27 3d 08 3c 00 0a 9e 00
INFO - 27 3f 48 3c 00 0a ae 00
INFO - 27 41 88 3c 00 0a bc 00
INFO - 27 43 c8 3c 00 0a a0 00
INFO - 27 45 08 3c 00 0a a3 00
INFO - 27 48 48 3c 00 0a be 00
INFO - 27 4a 88 3c 00 0a a1 00
INFO - 27 4c c8 3c 00 0a c9 00
INFO - 27 4e 08 3c 00 0a 97 00
INFO - 27 51 48 3c 00 0a ca 00
INFO - 27 53 88 3c 00 0a 8c 00
INFO - 27 55 c8 3c 00 0a b0 00
INFO - 27 57 08 3c 00 0a b5 00
INFO - 27 5a 48 3c 00 0a ba 00
INFO - 27 5b 88 3c 00 0a 9b 00
INFO - 27 5e c8 3c 00 0a b5 00
INFO - 27 60 08 3c 00 0a b0 00
INFO - 27 63 48 3c 00 0a ca 00
INFO - 27 65 88 3c 00 0a a7 00
INFO - 27 67 c8 3c 00 0a b7 00
INFO - 27 6a 08 3c 00 0a c7 00
INFO - 27 6c 48 3c 00 0a ac 00
INFO - 27 6e 88 3c 00 0a b1 00
INFO - 27 71 c8 3c 00 0a ab 00
INFO - 27 72 08 3c 00 0a 9b 00
INFO - 27 75 48 3c 00 0a a9 00
INFO - 27 77 88 3c 00 0a c5 00
INFO - 27 7a c8 3c 00 0a ca 00
INFO - 27 7c 08 3c 00 0a aa 00
INFO - 27 7f 48 3c 00 0a da 00
INFO - 27 82 88 3c 00 0a c5 00
INFO - 27 85 c8 3c 00 0a c3 00
INFO - 27 88 08 3c 00 0a dc 00
INFO - 27 8a 48 3c 00 0a c4 00
INFO - 27 8d 88 3c 00 0a d1 00
INFO - 27 8f c8 3c 00 0a a1 00
INFO - 27 92 08 3c 00 0a d1 00
INFO - 27 94 48 3c 00 0a 95 00
INFO - 27 97 88 3c 00 0a d2 00
INFO - 27 9a c8 3c 00 0a d2 00
INFO - 27 9d 08 3c 00 0a ea 00
INFO - 27 9f 48 3c 00 0a a0 00
INFO - 27 a1 88 3c 00 0a a5 00
INFO - 27 a4 c8 3c 00 0a c6 00
INFO - 27 a6 08 3c 00 0a 9e 00
INFO - 27 a8 48 3c 00 0a b9 00
INFO - 27 aa 88 3c 00 0a b1 00
INFO - 27 ad c8 3c 00 0a a9 00
INFO - 27 af 08 3c 00 0a c6 00
INFO - 27 b2 48 3c 00 0a c5 00
INFO - 27 b4 88 3c 00 0a b0 00
INFO - 27 b7 c8 3c 00 0a b2 00
INFO - 27 ba 08 3c 00 0a d5 00
INFO - 27 bc 48 3c 00 0a a9 00
INFO - 27 be 88 3c 00 0a ac 00
INFO - 27 c0 c8 3c 00 0a 98 00
INFO - 27 c3 08 3c 00 0a e5 00
INFO - 27 c6 48 3c 00 0a d0 00
INFO - 27 c8 88 3c 00 0a ad 00
INFO - 27 ca c8 3c 00 0a 97 00
INFO - 27 cc 08 3c 00 0a b5 00
INFO - 27 ce 48 3c 00 0a a3 00
INFO - 27 d1 88 3c 00 0a a9 00
INFO - 27 d3 c8 3c 00 0a ab 00
INFO - 27 d4 08 3c 00 0a 6a 00
INFO - 27 d7 48 3c 00 0a ba 00
INFO - 27 d9 88 3c 00 0a 9d 00
INFO - 27 db c8 3c 00 0a c3 00
INFO - 27 de 08 3c 00 0a aa 00
INFO - 27 e1 48 3c 00 0a df 00
INFO - 27 e4 88 3c 00 0a ee 00
INFO - 27 e7 c8 3c 00 0a c6 00
INFO - 27 e9 08 3c 00 0a a7 00
INFO - 27 eb 48 3c 00 0a 96 00
INFO - 27 ed 88 3c 00 0a bf 00
INFO - 27 f0 c8 3c 00 0a b9 00
INFO - 27 f3 08 3c 00 0a ed 00
INFO - 27 f5 48 3c 00 0a ad 00
INFO - 27 f8 88 3c 00 0a b1 00
INFO - 27 fa c8 3c 00 0a b6 00
INFO - 27 fe 08 3c 00 0a ee 00
INFO - 28 00 48 3c 00 0a a4 00
INFO - 28 02 88 3c 00 0a a5 00
INFO - 28 04 c8 3c 00 0a a8 00
INFO - 28 06 08 3c 00 0a b8 00
INFO - 28 08 48 3c 00 0a 8d 00
INFO - 28 0b 88 3c 00 0a cb 00
INFO - 28 0d c8 3c 00 0a a0 00
INFO - 28 0f 08 3c 00 0a bb 00
INFO - 28 14 48 3c 00 0b 27 00
INFO - 28 16 88 3c 00 0a a7 00
INFO - 28 18 c8 3c 00 0a aa 00
INFO - 28 1a 08 3c 00 0a bb 00
INFO - 28 1c 48 3c 00 0a 9e 00
INFO - 28 1f 88 3c 00 0a af 00
INFO - 28 22 c8 3c 00 0a d6 00
INFO - 28 23 08 3c 00 0a 90 00
INFO - 28 26 48 3c 00 0a c5 00
INFO - 28 28 88 3c 00 0a 9f 00
INFO - 28 2a c8 3c 00 0a c4 00
INFO - 28 2d 08 3c 00 0a a6 00
INFO - 28 30 48 3c 00 0a de 00
INFO - 28 32 88 3c 00 0a b3 00
INFO - 28 35 c8 3c 00 0a 8d 00
INFO - 28 37 08 3c 00 0a a4 00
INFO - 28 3a 48 3c 00 0a bc 00
INFO - 28 3c 88 3c 00 0a af 00
INFO - 28 3f c8 3c 00 0a d5 00
INFO - 28 41 08 3c 00 0a a1 00
INFO - 28 44 48 3c 00 0a c6 00
INFO - 28 46 88 3c 00 0a c7 00
INFO - 28 49 c8 3c 00 0a b3 00
INFO - 28 4b 08 3c 00 0a b8 00
INFO - 28 4e 48 3c 00 0a ca 00
INFO - 28 50 88 3c 00 0a a2 00
INFO - 28 52 c8 3c 00 0a be 00
INFO - 28 55 08 3c 00 0a c3 00
INFO - 28 57 48 3c 00 0a b0 00
INFO - 28 5a 88 3c 00 0a b0 00
INFO - 28 5c c8 3c 00 0a a5 00
INFO - 28 5e 08 3c 00 0a b4 00
INFO - 28 61 48 3c 00 0a c3 00
INFO - 28 63 88 3c 00 0a a6 00
INFO - 28 65 c8 3c 00 0a a2 00
INFO - 28 67 08 3c 00 0a b1 00
INFO - 28 69 48 3c 00 0a 9c 00
INFO - 28 6b 88 3c 00 0a b9 00
INFO - 28 6e c8 3c 00 0a ca 00
INFO - 28 70 08 3c 00 0a 97 00
INFO - 28 73 48 3c 00 0a d2 00
INFO - 28 75 88 3c 00 0a b4 00
INFO - 28 77 c8 3c 00 0a a2 00
INFO - 28 7a 08 3c 00 0a d2 00
INFO - 28 7c 48 3c 00 0a 9b 00
INFO - 28 7e 88 3c 00 0a b3 00
INFO - 28 81 c8 3c 00 0a d0 00
INFO - 28 83 08 3c 00 0a a5 00
INFO - 28 85 48 3c 00 0a 7a 00
INFO - 28 88 88 3c 00 0a bc 00
INFO - 28 8a c8 3c 00 0a a3 00
INFO - 28 8d 08 3c 00 0a d1 00
INFO - 28 8f 48 3c 00 0a b4 00
INFO - 28 91 88 3c 00 0a ad 00
INFO - 28 95 c8 3c 00 0a f6 00
INFO - 28 97 08 3c 00 0a 96 00
INFO - 28 99 48 3c 00 0a c7 00
INFO - 28 9c 88 3c 00 0a a4 00
INFO - 28 9d c8 3c 00 0a 8e 00
INFO - 28 9f 08 3c 00 0a 9c 00
INFO - 28 a2 48 3c 00 0a ce 00
INFO - 28 a4 88 3c 00 0a a7 00
INFO - 28 a5 c8 3c 00 0a 83 00
INFO - 28 a7 08 3c 00 0a ac 00
INFO - 28 ab 48 3c 00 0a df 00
INFO - 28 ac 88 3c 00 0a 8b 00
INFO - 28 af c8 3c 00 0a c8 00
INFO - 28 b0 08 3c 00 0a 8b 00
INFO - 28 b4 48 3c 00 0a f5 00
INFO - 28 b6 88 3c 00 0a a1 00
INFO - 28 b8 c8 3c 00 0a a5 00
INFO - 28 ba 08 3c 00 0a a7 00
INFO - 28 bc 48 3c 00 0a 8b 00
INFO - 28 bf 88 3c 00 0a ea 00
INFO - 28 c1 c8 3c 00 0a 97 00
INFO - 28 c4 08 3c 00 0a e0 00
INFO - 28 c6 48 3c 00 0a 8c 00
INFO - 28 c8 88 3c 00 0a bc 00
INFO - 28 ca c8 3c 00 0a 9c 00
INFO - 28 cd 08 3c 00 0a c4 00
INFO - 28 cf 48 3c 00 0a b2 00
INFO - 28 d2 88 3c 00 0a d9 00
INFO - 28 d5 c8 3c 00 0a 85 00
INFO - 28 d7 08 3c 00 0a b7 00
INFO - 28 da 48 3c 00 0a c9 00
INFO - 28 dc 88 3c 00 0a a2 00
INFO - 28 de c8 3c 00 0a 9c 00
INFO - 28 e1 08 3c 00 0a cf 00
INFO - 28 e4 48 3c 00 0a c9 00
INFO - 28 e6 88 3c 00 0a ac 00
INFO - 28 e9 c8 3c 00 0a ba 00
INFO - 28 ec 08 3c 00 0a e7 00
INFO - 28 ee 48 3c 00 0a be 00
INFO - 28 f1 88 3c 00 0a b8 00
INFO - 28 f4 c8 3c 00 0a eb 00
INFO - 28 f7 08 3c 00 0a ac 00
INFO - 28 f8 48 3c 00 0a 9a 00
INFO - 28 fb 88 3c 00 0a b2 00
INFO - 28 fd c8 3c 00 0a ac 00
INFO - 29 00 08 3c 00 0a db 00
INFO - 29 03 48 3c 00 0a c5 00
INFO - 29 05 88 3c 00 0a b3 00
INFO - 29 07 c8 3c 00 0a 96 00
INFO - 29 08 08 3c 00 0a 99 00
INFO - 29 0a 48 3c 00 0a 9b 00
INFO - 29 0c 88 3c 00 0a a1 00
INFO - 29 0f c8 3c 00 0a bd 00
INFO - 29 11 08 3c 00 0a aa 00
INFO - 29 14 48 3c 00 0a c7 00
INFO - 29 16 88 3c 00 0a aa 00
INFO - 29 18 c8 3c 00 0a a3 00
INFO - 29 1a 08 3c 00 0a b0 00
INFO - 29 1c 48 3c 00 0a a9 00
INFO - 29 1e 88 3c 00 0a 6c 00
INFO - 29 20 c8 3c 00 0a 8c 00
INFO - 29 22 08 3c 00 0a ac 00
INFO - 29 23 48 3c 00 0a 97 00
INFO - 29 25 88 3c 00 0a 97 00
INFO - 29 27 c8 3c 00 0a af 00
INFO - 29 2a 08 3c 00 0a be 00
INFO - 29 2d 48 3c 00 0a d0 00
INFO - 29 2f 88 3c 00 0a 92 00
INFO - 29 30 c8 3c 00 0a 8b 00
INFO - 29 32 08 3c 00 0a 99 00
INFO - 29 34 48 3c 00 0a 9d 00
INFO - 29 35 88 3c 00 0a 8b 00
INFO - 29 37 c8 3c 00 0a ae 00
INFO - 29 39 08 3c 00 0a 92 00
INFO - 29 3e 48 3c 00 0b 29 00
INFO - 29 3f 88 3c 00 0a 8b 00
INFO - 29 42 c8 3c 00 0a bf 00
INFO - 29 45 08 3c 00 0a cc 00
INFO - 29 47 48 3c 00 0a b0 00
INFO - 29 49 88 3c 00 0a a9 00
INFO - 29 4b c8 3c 00 0a a7 00
INFO - 29 4f 08 3c 00 0a db 00
INFO - 29 51 48 3c 00 0a c1 00
INFO - 29 53 88 3c 00 0a af 00
INFO - 29 56 c8 3c 00 0a a8 00
INFO - 29 58 08 3c 00 0a b2 00
INFO - 29 5a 48 3c 00 0a ab 00
INFO - 29 5c 88 3c 00 0a ae 00
INFO - 29 5e c8 3c 00 0a 6f 00
INFO - 29 60 08 3c 00 0a a0 00
INFO - 29 63 48 3c 00 0a b8 00
INFO - 29 65 88 3c 00 0a a9 00
INFO - 29 67 c8 3c 00 0a c3 00
INFO - 29 69 08 3c 00 0a 9c 00
INFO - 29 6b 48 3c 00 0a a9 00
INFO - 29 6e 88 3c 00 0a d6 00
INFO - 29 71 c8 3c 00 0a b3 00
INFO - 29 73 08 3c 00 0a ad 00
INFO - 29 74 48 3c 00 0a 90 00
INFO - 29 76 88 3c 00 0a 9f 00
INFO - 29 79 c8 3c 00 0a ab 00
INFO - 29 7a 08 3c 00 0a 88 00
INFO - 29 7d 48 3c 00 0a d8 00
INFO - 29 7f 88 3c 00 0a 87 00
INFO - 29 81 c8 3c 00 0a c3 00
INFO - 29 83 08 3c 00 0a af 00
INFO - 29 85 48 3c 00 0a 9a 00
INFO - 29 87 88 3c 00 0a a4 00
INFO - 29 8a c8 3c 00 0a c2 00
INFO - 29 8c 08 3c 00 0a a4 00
INFO - 29 8e 48 3c 00 0a 9a 00
INFO - 29 90 88 3c 00 0a ae 00
INFO - 29 91 c8 3c 00 0a 91 00
INFO - 29 94 08 3c 00 0a bc 00
INFO - 29 98 48 3c 00 0a 8b 00
INFO - 29 9a 88 3c 00 0a ad 00
INFO - 29 9c c8 3c 00 0a a5 00
INFO - 29 9e 08 3c 00 0a 96 00
INFO - 29 a0 48 3c 00 0a b9 00
INFO - 29 a2 88 3c 00 0a 8c 00
INFO - 29 a5 c8 3c 00 0a c0 00
INFO - 29 a7 08 3c 00 0a b7 00
INFO - 29 a9 48 3c 00 0a af 00
INFO - 29 ab 88 3c 00 0a a9 00
INFO - 29 ad c8 3c 00 0a a2 00
INFO - 29 b0 08 3c 00 0a ba 00
INFO - 29 b1 48 3c 00 0a 95 00
INFO - 29 b3 88 3c 00 0a a6 00
INFO - 29 b5 c8 3c 00 0a 8c 00
INFO - 29 b7 08 3c 00 0a bf 00
INFO - 29 b9 48 3c 00 0a 9c 00
INFO - 29 bb 88 3c 00 0a 95 00
INFO - 29 bd c8 3c 00 0a b0 00
INFO - 29 bf 08 3c 00 0a 9e 00
INFO - 29 c1 48 3c 00 0a 8f 00
INFO - 29 c3 88 3c 00 0a ba 00
INFO - 29 c5 c8 3c 00 0a 85 00
INFO - 29 c7 08 3c 00 0a a9 00
INFO - 29 c9 48 3c 00 0a a3 00
INFO - 29 cb 88 3c 00 0a a5 00
INFO - 29 cd c8 3c 00 0a a0 00
INFO - 29 ce 08 3c 00 0a 9c 00
INFO - 29 d1 48 3c 00 0a a9 00
INFO - 29 d3 88 3c 00 0a b9 00
INFO - 29 d4 c8 3c 00 0a 84 00
INFO - 29 d6 08 3c 00 0a 8b 00
INFO - 29 d8 48 3c 00 0a b6 00
INFO - 29 da 88 3c 00 0a a5 00
INFO - 29 dc c8 3c 00 0a 95 00
INFO - 29 de 08 3c 00 0a a5 00
INFO - 29 e0 48 3c 00 0a 9f 00
INFO - 29 e2 88 3c 00 0a b4 00
INFO - 29 e5 c8 3c 00 0a af 00
INFO - 29 e7 08 3c 00 0a b1 00
INFO - 29 e9 48 3c 00 0a b4 00
INFO - 29 eb 88 3c 00 0a 8e 00
INFO - 29 ed c8 3c 00 0a af 00
INFO - 29 ef 08 3c 00 0a a7 00
INFO - 29 f1 48 3c 00 0a 8e 00
INFO - 29 f3 88 3c 00 0a b9 00
INFO - 29 f5 c8 3c 00 0a a7 00
INFO - 29 f7 08 3c 00 0a 98 00
INFO - 29 f9 48 3c 00 0a 9c 00
INFO - 29 fb 88 3c 00 0a ba 00
INFO - 2a 01 c8 3c 00 0a b8 00
INFO - 2a 03 08 3c 00 0a 7f 00
INFO - 2a 04 48 3c 00 0a 8f 00
INFO - 2a 06 88 3c 00 0a aa 00
INFO - 2a 08 c8 3c 00 0a 6e 00
INFO - 2a 0a 08 3c 00 0a ab 00
INFO - 2a 0d 48 3c 00 0a c5 00
INFO - 2a 10 88 3c 00 0a c8 00
INFO - 2a 12 c8 3c 00 0a b8 00
INFO - 2a 15 08 3c 00 0a cc 00
INFO - 2a 17 48 3c 00 0a 86 00
INFO - 2a 19 88 3c 00 0a cd 00
INFO - 2a 1b c8 3c 00 0a a4 00
INFO - 2a 1e 08 3c 00 0a b1 00
INFO - 2a 1f 48 3c 00 0a 79 00
INFO - 2a 20 88 3c 00 0a 90 00
INFO - 2a 24 c8 3c 00 0a e1 00
INFO - 2a 26 08 3c 00 0a ae 00
INFO - 2a 27 48 3c 00 0a 89 00
INFO - 2a 29 88 3c 00 0a 84 00
INFO - 2a 2a c8 3c 00 0a 90 00
INFO - 2a 2c 08 3c 00 0a 93 00
INFO - 2a 2e 48 3c 00 0a 8e 00
INFO - 2a 2f 88 3c 00 0a 90 00
INFO - 2a 31 c8 3c 00 0a a8 00
INFO - 2a 33 08 3c 00 0a 85 00
INFO - 2a 34 48 3c 00 0a 85 00
INFO - 2a 36 88 3c 00 0a a6 00
INFO - 2a 37 c8 3c 00 0a 83 00
INFO - 2a 39 08 3c 00 0a a8 00
INFO - 2a 3c 48 3c 00 0a b4 00
INFO - 2a 3e 88 3c 00 0a 9d 00
INFO - 2a 3f c8 3c 00 0a 8c 00
INFO - 2a 41 08 3c 00 0a 93 00
INFO - 2a 43 48 3c 00 0a a0 00
INFO - 2a 45 88 3c 00 0a bb 00
INFO - 2a 47 c8 3c 00 0a a9 00
INFO - 2a 49 08 3c 00 0a a7 00
INFO - 2a 4c 48 3c 00 0a bd 00
INFO - 2a 51 88 3c 00 0b 23 00
INFO - 2a 52 c8 3c 00 0a 99 00
INFO - 2a 55 08 3c 00 0a ad 00
INFO - 2a 56 48 3c 00 0a 99 00
INFO - 2a 58 88 3c 00 0a 9c 00
INFO - 2a 5a c8 3c 00 0a 96 00
INFO - 2a 5c 08 3c 00 0a a6 00
INFO - 2a 5e 48 3c 00 0a 99 00
INFO - 2a 60 88 3c 00 0a b3 00
INFO - 2a 62 c8 3c 00 0a a6 00
INFO - 2a 63 08 3c 00 0a 84 00
INFO - 2a 65 48 3c 00 0a 8b 00
INFO - 2a 67 88 3c 00 0a a5 00
INFO - 2a 6a c8 3c 00 0a e7 00
INFO - 2a 6c 08 3c 00 0a 94 00
INFO - 2a 6e 48 3c 00 0a 9c 00
INFO - 2a 70 88 3c 00 0a 9f 00
INFO - 2a 72 c8 3c 00 0a 9b 00
INFO - 2a 74 08 3c 00 0a a2 00
INFO - 2a 76 48 3c 00 0a a1 00
INFO - 2a 77 88 3c 00 0a 8c 00
INFO - 2a 7a c8 3c 00 0a cc 00
INFO - 2a 7c 08 3c 00 0a 98 00
INFO - 2a 7e 48 3c 00 0a ca 00
INFO - 2a 80 88 3c 00 0a a2 00
INFO - 2a 82 c8 3c 00 0a 96 00
INFO - 2a 85 08 3c 00 0a c4 00
INFO - 2a 87 48 3c 00 0a ad 00
INFO - 2a 89 88 3c 00 0a 99 00
INFO - 2a 8b c8 3c 00 0a b5 00
INFO - 2a 8c 08 3c 00 0a 7c 00
INFO - 2a 8e 48 3c 00 0a a7 00
INFO - 2a 91 88 3c 00 0a cc 00
INFO - 2a 93 c8 3c 00 0a ad 00
INFO - 2a 95 08 3c 00 0a 93 00
INFO - 2a 97 48 3c 00 0a ab 00
INFO - 2a 99 88 3c 00 0a a0 00
INFO - 2a 9b c8 3c 00 0a 86 00
INFO - 2a 9d 08 3c 00 0a b2 00
INFO - 2a 9e 48 3c 00 0a 85 00
INFO - 2a a2 88 3c 00 0a e9 00
INFO - 2a a4 c8 3c 00 0a a4 00
INFO - 2a a6 08 3c 00 0a ac 00
INFO - 2a a8 48 3c 00 0a 92 00
INFO - 2a a9 88 3c 00 0a 8b 00
INFO - 2a ab c8 3c 00 0a 99 00
INFO - 2a ad 08 3c 00 0a 73 00
INFO - 2a af 48 3c 00 0a 98 00
INFO - 2a b1 88 3c 00 0a b7 00
INFO - 2a b3 c8 3c 00 0a a3 00
INFO - 2a b5 08 3c 00 0a a2 00
INFO - 2a b7 48 3c 00 0a 99 00
INFO - 2a b9 88 3c 00 0a ae 00
INFO - 2a bb c8 3c 00 0a a3 00
INFO - 2a bd 08 3c 00 0a 98 00
INFO - 2a bf 48 3c 00 0a b0 00
INFO - 2a c0 88 3c 00 0a 8c 00
INFO - 2a c2 c8 3c 00 0a 98 00
INFO - 2a c4 08 3c 00 0a 9e 00
INFO - 2a c6 48 3c 00 0a 9f 00
INFO - 2a c8 88 3c 00 0a 93 00
INFO - 2a ca c8 3c 00 0a be 00
INFO - 2a cc 08 3c 00 0a 93 00
INFO - 2a ce 48 3c 00 0a be 00
INFO - 2a d0 88 3c 00 0a 80 00
INFO - 2a d2 c8 3c 00 0a b4 00
INFO - 2a d5 08 3c 00 0a c6 00
INFO - 2a d6 48 3c 00 0a 96 00
INFO - 2a d8 88 3c 00 0a 94 00
INFO - 2a da c8 3c 00 0a aa 00
INFO - 2a dd 08 3c 00 0a bb 00
INFO - 2a df 48 3c 00 0a a5 00
INFO - 2a e0 88 3c 00 0a 8c 00
INFO - 2a e3 c8 3c 00 0a c6 00
INFO - 2a e5 08 3c 00 0a a4 00
INFO - 2a e7 48 3c 00 0a a1 00
INFO - 2a e9 88 3c 00 0a bc 00
INFO - 2a eb c8 3c 00 0a 9a 00
INFO - 2a ed 08 3c 00 0a a5 00
INFO - 2a f0 48 3c 00 0a ae 00
INFO - 2a f2 88 3c 00 0a af 00
INFO - 2a f3 c8 3c 00 0a 90 00
INFO - 2a f5 08 3c 00 0a 91 00
INFO - 2a f7 48 3c 00 0a 9a 00
INFO - 2a fa 88 3c 00 0a cc 00
INFO - 2a fc c8 3c 00 0a a5 00
INFO - 2a fe 08 3c 00 0a c3 00
INFO - 2b 01 48 3c 00 0a af 00
INFO - 2b 02 88 3c 00 0a 9b 00
INFO - 2b 04 c8 3c 00 0a 9b 00
INFO - 2b 06 08 3c 00 0a ae 00
INFO - 2b 08 48 3c 00 0a a5 00
INFO - 2b 0b 88 3c 00 0a b9 00
INFO - 2b 0c c8 3c 00 0a 91 00
INFO - 2b 0f 08 3c 00 0a a5 00
INFO - 2b 10 48 3c 00 0a 91 00
INFO - 2b 13 88 3c 00 0a cd 00
INFO - 2b 15 c8 3c 00 0a 9b 00
INFO - 2b 18 08 3c 00 0a c7 00
INFO - 2b 1a 48 3c 00 0a b6 00
INFO - 2b 1b 88 3c 00 0a 8a 00
INFO - 2b 1d c8 3c 00 0a a1 00
INFO - 2b 1f 08 3c 00 0a 95 00
INFO - 2b 20 48 3c 00 0a 7d 00
INFO - 2b 23 88 3c 00 0a b5 00
INFO - 2b 24 c8 3c 00 0a 95 00
INFO - 2b 28 08 3c 00 0a e8 00
INFO - 2b 2a 48 3c 00 0a 9e 00
INFO - 2b 2c 88 3c 00 0a b0 00
INFO - 2b 2f c8 3c 00 0a ce 00
INFO - 2b 30 08 3c 00 0a 91 00
INFO - 2b 32 48 3c 00 0a a1 00
INFO - 2b 34 88 3c 00 0a a8 00
INFO - 2b 36 c8 3c 00 0a 9c 00
INFO - 2b 38 08 3c 00 0a 83 00
INFO - 2b 39 48 3c 00 0a 96 00
INFO - 2b 3c 88 3c 00 0a b9 00
INFO - 2b 3d c8 3c 00 0a 90 00
INFO - 2b 40 08 3c 00 0a b3 00
INFO - 2b 41 48 3c 00 0a 97 00
INFO - 2b 43 88 3c 00 0a a5 00
INFO - 2b 45 c8 3c 00 0a 87 00
INFO - 2b 47 08 3c 00 0a a5 00
INFO - 2b 48 48 3c 00 0a 87 00
INFO - 2b 4b 88 3c 00 0a c4 00
INFO - 2b 4c c8 3c 00 0a 87 00
INFO - 2b 4f 08 3c 00 0a be 00
INFO - 2b 51 48 3c 00 0a 9b 00
INFO - 2b 53 88 3c 00 0a a1 00
INFO - 2b 54 c8 3c 00 0a 91 00
INFO - 2b 5a 08 3c 00 0b 4b 00
INFO - 2b 5b 48 3c 00 0a 97 00
INFO - 2b 5d 88 3c 00 0a 9b 00
INFO - 2b 60 c8 3c 00 0a bd 00
INFO - 2b 61 08 3c 00 0a 7d 00
INFO - 2b 63 48 3c 00 0a 91 00
INFO - 2b 64 88 3c 00 0a 98 00
INFO - 2b 66 c8 3c 00 0a 95 00
INFO - 2b 68 08 3c 00 0a 98 00
INFO - 2b 6a 48 3c 00 0a 95 00
INFO - 2b 6b 88 3c 00 0a 98 00
INFO - 2b 6e c8 3c 00 0a a9 00
INFO - 2b 70 08 3c 00 0a b0 00
INFO - 2b 71 48 3c 00 0a 8e 00
INFO - 2b 73 88 3c 00 0a a9 00
INFO - 2b 76 c8 3c 00 0a ba 00
INFO - 2b 79 08 3c 00 0a ca 00
INFO - 2b 7b 48 3c 00 0a c7 00
INFO - 2b 7d 88 3c 00 0a 91 00
INFO - 2b 7f c8 3c 00 0a 91 00
INFO - 2b 80 08 3c 00 0a 9c 00
INFO - 2b 82 48 3c 00 0a a5 00
INFO - 2b 85 88 3c 00 0a c3 00
INFO - 2b 87 c8 3c 00 0a 87 00
INFO - 2b 89 08 3c 00 0a a6 00
INFO - 2b 8a 48 3c 00 0a 98 00
INFO - 2b 8c 88 3c 00 0a 9e 00
INFO - 2b 8e c8 3c 00 0a a5 00
INFO - 2b 90 08 3c 00 0a 91 00
INFO - 2b 91 48 3c 00 0a 87 00
INFO - 2b 93 88 3c 00 0a 9b 00
INFO - 2b 95 c8 3c 00 0a af 00
INFO - 2b 97 08 3c 00 0a 9b 00
INFO - 2b 99 48 3c 00 0a 93 00
INFO - 2b 9b 88 3c 00 0a a2 00
INFO - 2b 9e c8 3c 00 0a d8 00
INFO - 2b a0 08 3c 00 0a b2 00
INFO - 2b a3 48 3c 00 0a ca 00
INFO - 2b a6 88 3c 00 0a bc 00
INFO - 2b a8 c8 3c 00 0a d4 00
INFO - 2b ab 08 3c 00 0a cd 00
INFO - 2b ad 48 3c 00 0a a8 00
INFO - 2b af 88 3c 00 0a 97 00
INFO - 2b b1 c8 3c 00 0a 9a 00
INFO - 2b b3 08 3c 00 0a a8 00
INFO - 2b b6 48 3c 00 0a de 00
INFO - 2b b8 88 3c 00 0a a7 00
INFO - 2b ba c8 3c 00 0a a4 00
INFO - 2b bd 08 3c 00 0a ab 00
INFO - 2b bf 48 3c 00 0a a8 00
INFO - 2b c0 88 3c 00 0a 64 00
INFO - 2b c2 c8 3c 00 0a ae 00
INFO - 2b c4 08 3c 00 0a ae 00
INFO - 2b c6 48 3c 00 0a 9b 00
INFO - 2b c8 88 3c 00 0a a4 00
INFO - 2b cb c8 3c 00 0a b8 00
INFO - 2b cd 08 3c 00 0a af 00
INFO - 2b cf 48 3c 00 0a a4 00
INFO - 2b d1 88 3c 00 0a 9d 00
INFO - 2b d3 c8 3c 00 0a 98 00
INFO - 2b d5 08 3c 00 0a a4 00
INFO - 2b d6 48 3c 00 0a 9b 00
INFO - 2b d9 88 3c 00 0a b8 00
INFO - 2b da c8 3c 00 0a 86 00
INFO - 2b dc 08 3c 00 0a 90 00
INFO - 2b df 48 3c 00 0a d6 00
INFO - 2b e1 88 3c 00 0a a4 00
INFO - 2b e3 c8 3c 00 0a ae 00
INFO - 2b e5 08 3c 00 0a a4 00
INFO - 2b e7 48 3c 00 0a 90 00
INFO - 2b e8 88 3c 00 0a 86 00
INFO - 2b ea c8 3c 00 0a 9a 00
INFO - 2b ec 08 3c 00 0a a4 00
INFO - 2b ee 48 3c 00 0a 9a 00
INFO - 2b f0 88 3c 00 0a 9a 00
INFO - 2b f6 c8 3c 00 0a bc 00
INFO - 2b f7 08 3c 00 0a 83 00
INFO - 2b fa 48 3c 00 0a b2 00
INFO - 2b fc 88 3c 00 0a a1 00
INFO - 2b fe c8 3c 00 0a b8 00
INFO - 2c 00 08 3c 00 0a 93 00
INFO - 2c 02 48 3c 00 0a ae 00
INFO - 2c 04 88 3c 00 0a a0 00
INFO - 2c 06 c8 3c 00 0a b2 00
INFO - 2c 08 08 3c 00 0a 8d 00
INFO - 2c 0b 48 3c 00 0a cf 00
INFO - 2c 0d 88 3c 00 0a a1 00
INFO - 2c 0e c8 3c 00 0a 90 00
INFO - 2c 10 08 3c 00 0a 9d 00
INFO - 2c 13 48 3c 00 0a c2 00
INFO - 2c 14 88 3c 00 0a 90 00
INFO - 2c 16 c8 3c 00 0a ae 00
INFO - 2c 1a 08 3c 00 0a e0 00
INFO - 2c 1c 48 3c 00 0a b8 00
INFO - 2c 1e 88 3c 00 0a a4 00
INFO - 2c 20 c8 3c 00 0a 85 00
INFO - 2c 22 08 3c 00 0a 72 00
INFO - 2c 23 48 3c 00 0a 9a 00
INFO - 2c 25 88 3c 00 0a a4 00
INFO - 2c 27 c8 3c 00 0a 99 00
INFO - 2c 29 08 3c 00 0a ae 00
INFO - 2c 2b 48 3c 00 0a 99 00
INFO - 2c 2e 88 3c 00 0a c2 00
INFO - 2c 30 c8 3c 00 0a 9d 00
INFO - 2c 32 08 3c 00 0a ab 00
INFO - 2c 33 48 3c 00 0a 90 00
INFO - 2c 36 88 3c 00 0a d6 00
INFO - 2c 38 c8 3c 00 0a 90 00
INFO - 2c 3a 08 3c 00 0a af 00
INFO - 2c 3c 48 3c 00 0a 86 00
INFO - 2c 3e 88 3c 00 0a a8 00
INFO - 2c 40 c8 3c 00 0a a1 00
INFO - 2c 43 08 3c 00 0a d7 00
INFO - 2c 44 48 3c 00 0a 94 00
INFO - 2c 46 88 3c 00 0a 9b 00
INFO - 2c 48 c8 3c 00 0a 8e 00
INFO - 2c 4a 08 3c 00 0a ba 00
INFO - 2c 4c 48 3c 00 0a 91 00
INFO - 2c 4e 88 3c 00 0a ba 00
INFO - 2c 50 c8 3c 00 0a 92 00
INFO - 2c 52 08 3c 00 0a 9f 00
INFO - 2c 54 48 3c 00 0a 9c 00
INFO - 2c 56 88 3c 00 0a 99 00
INFO - 2c 57 c8 3c 00 0a 95 00
INFO - 2c 59 08 3c 00 0a 9d 00
INFO - 2c 5b 48 3c 00 0a a4 00
INFO - 2c 5d 88 3c 00 0a ab 00
INFO - 2c 60 c8 3c 00 0a b1 00
INFO - 2c 62 08 3c 00 0a b2 00
INFO - 2c 65 48 3c 00 0a ce 00
INFO - 2c 69 88 3c 00 0b 1d 00
INFO - 2c 6c c8 3c 00 0a c7 00
INFO - 2c 6e 08 3c 00 0a a8 00
INFO - 2c 70 48 3c 00 0a a9 00
INFO - 2c 75 88 3c 00 0b 1b 00
INFO - 2c 76 c8 3c 00 0a 89 00
INFO - 2c 78 08 3c 00 0a 94 00
INFO - 2c 7a 48 3c 00 0a 9f 00
INFO - 2c 7c 88 3c 00 0a b4 00
INFO - 2c 7e c8 3c 00 0a b3 00
INFO - 2c 80 08 3c 00 0a 95 00
INFO - 2c 82 48 3c 00 0a 98 00
INFO - 2c 84 88 3c 00 0a a6 00
INFO - 2c 86 c8 3c 00 0a 95 00
INFO - 2c 87 08 3c 00 0a 98 00
INFO - 2c 89 48 3c 00 0a 87 00
INFO - 2c 8a 88 3c 00 0a 95 00
INFO - 2c 8c c8 3c 00 0a 95 00
INFO - 2c 8f 08 3c 00 0a b5 00
INFO - 2c 90 48 3c 00 0a 8a 00
INFO - 2c 92 88 3c 00 0a a0 00
INFO - 2c 94 c8 3c 00 0a a4 00
INFO - 2c 98 08 3c 00 0a fd 00
INFO - 2c 9a 48 3c 00 0a 99 00
INFO - 2c 9b 88 3c 00 0a 9d 00
INFO - 2c 9d c8 3c 00 0a 9a 00
INFO - 2c 9f 08 3c 00 0a 96 00
INFO - 2c a2 48 3c 00 0a c8 00
INFO - 2c a4 88 3c 00 0a c2 00
INFO - 2c a6 c8 3c 00 0a 8b 00
INFO - 2c a8 08 3c 00 0a ba 00
INFO - 2c ab 48 3c 00 0a cd 00
INFO - 2c ad 88 3c 00 0a ad 00
INFO - 2c b0 c8 3c 00 0a c2 00
INFO - 2c b2 08 3c 00 0a b8 00
INFO - 2c b4 48 3c 00 0a a1 00
INFO - 2c b7 88 3c 00 0a c2 00
INFO - 2c b9 c8 3c 00 0a ad 00
INFO - 2c bb 08 3c 00 0a 8c 00
INFO - 2c bd 48 3c 00 0a b7 00
INFO - 2c bf 88 3c 00 0a b7 00
INFO - 2c c2 c8 3c 00 0a ac 00
INFO - 2c c4 08 3c 00 0a ad 00
INFO - 2c c7 48 3c 00 0a d8 00
INFO - 2c c9 88 3c 00 0a c5 00
INFO - 2c cb c8 3c 00 0a 9e 00
INFO - 2c ce 08 3c 00 0a b8 00
INFO - 2c d0 48 3c 00 0a a2 00
INFO - 2c d2 88 3c 00 0a 98 00
INFO - 2c d4 c8 3c 00 0a c3 00
INFO - 2c d6 08 3c 00 0a 9c 00
INFO - 2c d8 48 3c 00 0a b4 00
INFO - 2c db 88 3c 00 0a bc 00
INFO - 2c de c8 3c 00 0a c4 00
INFO - 2c e1 08 3c 00 0a da 00
INFO - 2c e2 48 3c 00 0a 95 00
INFO - 2c e5 88 3c 00 0a b2 00
INFO - 2c e7 c8 3c 00 0a b6 00
INFO - 2c e9 08 3c 00 0a a8 00
INFO - 2c ec 48 3c 00 0a b9 00
INFO - 2c ee 88 3c 00 0a 82 00
INFO - 2c f0 c8 3c 00 0a ad 00
INFO - 2c f3 08 3c 00 0a be 00
INFO - 2c f6 48 3c 00 0a c6 00
INFO - 2c f7 88 3c 00 0a 8e 00
INFO - 2c f9 c8 3c 00 0a 9a 00
INFO - 2c fb 08 3c 00 0a a2 00
INFO - 2c fd 48 3c 00 0a b2 00
INFO - 2c ff 88 3c 00 0a a5 00
INFO - 2d 01 c8 3c 00 0a 8e 00
INFO - 2d 04 08 3c 00 0a d2 00
INFO - 2d 06 48 3c 00 0a 99 00
INFO - 2d 09 88 3c 00 0a dc 00
INFO - 2d 0c c8 3c 00 0a d4 00
INFO - 2d 0d 08 3c 00 0a 95 00
INFO - 2d 0f 48 3c 00 0a 9a 00
INFO - 2d 11 88 3c 00 0a a4 00
INFO - 2d 13 c8 3c 00 0a 9a 00
INFO - 2d 15 08 3c 00 0a 8e 00
INFO - 2d 17 48 3c 00 0a ca 00
INFO - 2d 1a 88 3c 00 0a c2 00
INFO - 2d 1c c8 3c 00 0a 99 00
INFO - 2d 1e 08 3c 00 0a ca 00
INFO - 2d 21 48 3c 00 0a c1 00
INFO - 2d 23 88 3c 00 0a a9 00
INFO - 2d 26 c8 3c 00 0a b6 00
INFO - 2d 28 08 3c 00 0a a8 00
INFO - 2d 29 48 3c 00 0a 95 00
INFO - 2d 2b 88 3c 00 0a 87 00
INFO - 2d 2d c8 3c 00 0a 99 00
INFO - 2d 2e 08 3c 00 0a 96 00
INFO - 2d 31 48 3c 00 0a b2 00
INFO - 2d 33 88 3c 00 0a a1 00
INFO - 2d 35 c8 3c 00 0a b3 00
INFO - 2d 37 08 3c 00 0a ad 00
INFO - 2d 39 48 3c 00 0a b3 00
INFO - 2d 3c 88 3c 00 0a af 00
INFO - 2d 3f c8 3c 00 0a dc 00
INFO - 2d 41 08 3c 00 0a 9a 00
INFO - 2d 43 48 3c 00 0a b0 00
INFO - 2d 45 88 3c 00 0a 96 00
INFO - 2d 48 c8 3c 00 0a f7 00
INFO - 2d 4a 08 3c 00 0a b1 00
INFO - 2d 4e 48 3c 00 0a fe 00
INFO - 2d 52 88 3c 00 0a e9 00
INFO - 2d 54 c8 3c 00 0a b0 00
INFO - 2d 56 08 3c 00 0a 9b 00
INFO - 2d 58 48 3c 00 0a a5 00
INFO - 2d 5a 88 3c 00 0a a9 00
INFO - 2d 5c c8 3c 00 0a 9b 00
INFO - 2d 5f 08 3c 00 0a db 00
INFO - 2d 61 48 3c 00 0a a5 00
INFO - 2d 63 88 3c 00 0a bd 00
INFO - 2d 65 c8 3c 00 0a 9e 00
INFO - 2d 68 08 3c 00 0a ad 00
INFO - 2d 6a 48 3c 00 0a b6 00
INFO - 2d 6c 88 3c 00 0a ad 00
INFO - 2d 6e c8 3c 00 0a 8f 00
INFO - 2d 70 08 3c 00 0a ab 00
INFO - 2d 72 48 3c 00 0a 9b 00
INFO - 2d 73 88 3c 00 0a 96 00
INFO - 2d 76 c8 3c 00 0a b7 00
INFO - 2d 78 08 3c 00 0a a7 00
INFO - 2d 79 48 3c 00 0a 8c 00
INFO - 2d 7c 88 3c 00 0a b6 00
INFO - 2d 7f c8 3c 00 0a d5 00
INFO - 2d 81 08 3c 00 0a a7 00
INFO - 2d 83 48 3c 00 0a ae 00
INFO - 2d 85 88 3c 00 0a a1 00
INFO - 2d 87 c8 3c 00 0a a7 00
INFO - 2d 8a 08 3c 00 0a be 00
INFO - 2d 8c 48 3c 00 0a c5 00
INFO - 2d 8f 88 3c 00 0a c2 00
INFO - 2d 95 c8 3c 00 0b 6b 00
INFO - 2d 97 08 3c 00 0a b3 00
INFO - 2d 99 48 3c 00 0a 9d 00
INFO - 2d 9b 88 3c 00 0a 9c 00
INFO - 2d 9d c8 3c 00 0a 91 00
INFO - 2d 9f 08 3c 00 0a ca 00
INFO - 2d a1 48 3c 00 0a 9c 00
INFO - 2d a4 88 3c 00 0a e2 00
INFO - 2d a6 c8 3c 00 0a 9c 00
INFO - 2d a9 08 3c 00 0a d6 00
INFO - 2d ac 48 3c 00 0a cb 00
INFO - 2d ae 88 3c 00 0a 91 00
INFO - 2d b1 c8 3c 00 0a e2 00
INFO - 2d b3 08 3c 00 0a a8 00
INFO - 2d b6 48 3c 00 0a c3 00
INFO - 2d b8 88 3c 00 0a bb 00
INFO - 2d ba c8 3c 00 0a a0 00
INFO - 2d bc 08 3c 00 0a a5 00
INFO - 2d c0 48 3c 00 0a ed 00
INFO - 2d c3 88 3c 00 0a d7 00
INFO - 2d c5 c8 3c 00 0a ac 00
INFO - 2d c7 08 3c 00 0a c1 00
INFO - 2d ca 48 3c 00 0a c6 00
INFO - 2d cd 88 3c 00 0a db 00
INFO - 2d cf c8 3c 00 0a 9d 00
INFO - 2d d3 08 3c 00 0b 05 00
INFO - 2d d6 48 3c 00 0a cc 00
INFO - 2d d8 88 3c 00 0a b4 00
INFO - 2d da c8 3c 00 0a a9 00
INFO - 2d dc 08 3c 00 0a 92 00
INFO - 2d de 48 3c 00 0a 9d 00
INFO - 2d e1 88 3c 00 0a e3 00
INFO - 2d e4 c8 3c 00 0a de 00
INFO - 2d e6 08 3c 00 0a 75 00
INFO - 2d e8 48 3c 00 0a 9e 00
INFO - 2d ea 88 3c 00 0a c0 00
INFO - 2d ec c8 3c 00 0a b4 00
INFO - 2d ef 08 3c 00 0a b5 00
INFO - 2d f1 48 3c 00 0a b5 00
INFO - 2d f4 88 3c 00 0a c6 00
INFO - 2d f6 c8 3c 00 0a 99 00
INFO - 2d f8 08 3c 00 0a b5 00
INFO - 2d fb 48 3c 00 0a cd 00
INFO - 2d fd 88 3c 00 0a b5 00
INFO - 2d ff c8 3c 00 0a ad 00
INFO - 2e 02 08 3c 00 0a b2 00
INFO - 2e 04 48 3c 00 0a a1 00
INFO - 2e 06 88 3c 00 0a cb 00
INFO - 2e 09 c8 3c 00 0a d0 00
INFO - 2e 0c 08 3c 00 0a ab 00
INFO - 2e 0d 48 3c 00 0a 99 00
INFO - 2e 10 88 3c 00 0a b6 00
INFO - 2e 12 c8 3c 00 0a a3 00
INFO - 2e 14 08 3c 00 0a 99 00
INFO - 2e 16 48 3c 00 0a ae 00
INFO - 2e 18 88 3c 00 0a 9c 00
INFO - 2e 1a c8 3c 00 0a ad 00
INFO - 2e 1b 08 3c 00 0a 8f 00
INFO - 2e 1e 48 3c 00 0a c7 00
INFO - 2e 20 88 3c 00 0a b6 00
INFO - 2e 22 c8 3c 00 0a 9a 00
INFO - 2e 25 08 3c 00 0a c7 00
INFO - 2e 27 48 3c 00 0a b5 00
INFO - 2e 2a 88 3c 00 0a b6 00
INFO - 2e 2d c8 3c 00 0a ce 00
INFO - 2e 2f 08 3c 00 0a cf 00
INFO - 2e 33 48 3c 00 0a e6 00
INFO - 2e 36 88 3c 00 0a 87 00
INFO - 2e 3a c8 3c 00 0b 0a 00
INFO - 2e 3c 08 3c 00 0a b7 00
INFO - 2e 3e 48 3c 00 0a ac 00
INFO - 2e 40 88 3c 00 0a 93 00
INFO - 2e 43 c8 3c 00 0a c6 00
INFO - 2e 44 08 3c 00 0a 91 00
INFO - 2e 48 48 3c 00 0a fd 00
INFO - 2e 4a 88 3c 00 0a a1 00
INFO - 2e 4d c8 3c 00 0a da 00
INFO - 2e 50 08 3c 00 0a b8 00
INFO - 2e 52 48 3c 00 0a c7 00
INFO - 2e 54 88 3c 00 0a 9c 00
INFO - 2e 56 c8 3c 00 0a a2 00
INFO - 2e 58 08 3c 00 0a a8 00
INFO - 2e 5a 48 3c 00 0a 94 00
INFO - 2e 5c 88 3c 00 0a b6 00
INFO - 2e 5e c8 3c 00 0a 93 00
INFO - 2e 61 08 3c 00 0a dd 00
INFO - 2e 64 48 3c 00 0a b6 00
INFO - 2e 67 88 3c 00 0a d5 00
INFO - 2e 6a c8 3c 00 0a e2 00
INFO - 2e 6b 08 3c 00 0a 8d 00
INFO - 2e 6f 48 3c 00 0a db 00
INFO - 2e 71 88 3c 00 0a ca 00
INFO - 2e 73 c8 3c 00 0a 99 00
INFO - 2e 76 08 3c 00 0a c3 00
INFO - 2e 79 48 3c 00 0a e1 00
INFO - 2e 7c 88 3c 00 0a c8 00
INFO - 2e 7f c8 3c 00 0a ce 00
INFO - 2e 81 08 3c 00 0a bd 00
INFO - 2e 83 48 3c 00 0a 98 00
INFO - 2e 85 88 3c 00 0a b6 00
INFO - 2e 88 c8 3c 00 0a b6 00
INFO - 2e 8a 08 3c 00 0a b5 00
INFO - 2e 8c 48 3c 00 0a b7 00
INFO - 2e 8e 88 3c 00 0a 9e 00
INFO - 2e 92 c8 3c 00 0a e4 00
INFO - 2e 94 08 3c 00 0a a8 00
INFO - 2e 96 48 3c 00 0a b6 00
INFO - 2e 99 88 3c 00 0a d7 00
INFO - 2e 9b c8 3c 00 0a 85 00
INFO - 2e 9c 08 3c 00 0a 90 00
INFO - 2e 9f 48 3c 00 0a cc 00
INFO - 2e a2 88 3c 00 0a c4 00
INFO - 2e a3 c8 3c 00 0a 8d 00
INFO - 2e a6 08 3c 00 0a b4 00
INFO - 2e a8 48 3c 00 0a be 00
INFO - 2e aa 88 3c 00 0a 90 00
INFO - 2e ac c8 3c 00 0a c0 00
INFO - 2e ae 08 3c 00 0a 69 00
INFO - 2e b1 48 3c 00 0a ca 00
INFO - 2e b3 88 3c 00 0a 9d 00
INFO - 2e b5 c8 3c 00 0a ca 00
INFO - 2e b8 08 3c 00 0a ad 00
INFO - 2e ba 48 3c 00 0a bb 00
INFO - 2e bb 88 3c 00 0a 86 00
INFO - 2e bf c8 3c 00 0a f2 00
INFO - 2e c1 08 3c 00 0a 8d 00
INFO - 2e c3 48 3c 00 0a b4 00
INFO - 2e c5 88 3c 00 0a b8 00
INFO - 2e c7 c8 3c 00 0a 98 00
INFO - 2e cb 08 3c 00 0b 10 00
INFO - 2e ce 48 3c 00 0a cf 00
INFO - 2e d1 88 3c 00 0a b4 00
INFO - 2e d4 c8 3c 00 0a dd 00
INFO - 2e d6 08 3c 00 0a be 00
INFO - 2e d8 48 3c 00 0a a0 00
INFO - 2e da 88 3c 00 0a ae 00
INFO - 2e dd c8 3c 00 0a ab 00
INFO - 2e df 08 3c 00 0a d0 00
INFO - 2e e2 48 3c 00 0a aa 00
INFO - 2e e4 88 3c 00 0a bd 00
INFO - 2e e6 c8 3c 00 0a 9b 00
INFO - 2e e9 08 3c 00 0a df 00
INFO - 2e eb 48 3c 00 0a 8f 00
INFO - 2e ee 88 3c 00 0a e9 00
INFO - 2e f0 c8 3c 00 0a a2 00
INFO - 2e f3 08 3c 00 0a d7 00
INFO - 2e f6 48 3c 00 0a ca 00
INFO - 2e f8 88 3c 00 0a a5 00
INFO - 2e fa c8 3c 00 0a b2 00
INFO - 2e fc 08 3c 00 0a a3 00
INFO - 2e fe 48 3c 00 0a 8f 00
INFO - 2f 01 88 3c 00 0a d8 00
INFO - 2f 03 c8 3c 00 0a 8c 00
INFO - 2f 06 08 3c 00 0a fa 00
INFO - 2f 09 48 3c 00 0a bb 00
INFO - 2f 0c 88 3c 00 0a d7 00
INFO - 2f 0e c8 3c 00 0a bd 00
INFO - 2f 11 08 3c 00 0a d0 00
INFO - 2f 13 48 3c 00 0a a9 00
INFO - 2f 15 88 3c 00 0a a6 00
INFO - 2f 18 c8 3c 00 0a 73 00
INFO - 2f 19 08 3c 00 0a 8f 00
INFO - 2f 1c 48 3c 00 0a ce 00
INFO - 2f 1e 88 3c 00 0a 91 00
INFO - 2f 21 c8 3c 00 0a e6 00
INFO - 2f 24 08 3c 00 0a d6 00
INFO - 2f 26 48 3c 00 0a a7 00
INFO - 2f 29 88 3c 00 0a cc 00
INFO - 2f 2b c8 3c 00 0a a8 00
INFO - 2f 2d 08 3c 00 0a b8 00
INFO - 2f 2f 48 3c 00 0a a1 00
INFO - 2f 32 88 3c 00 0a d2 00
INFO - 2f 34 c8 3c 00 0a aa 00
INFO - 2f 37 08 3c 00 0a b4 00
INFO - 2f 3a 48 3c 00 0a d1 00
INFO - 2f 3c 88 3c 00 0a a1 00
INFO - 2f 3e c8 3c 00 0a 9e 00
INFO - 2f 3f 08 3c 00 0a 94 00
INFO - 2f 42 48 3c 00 0a c7 00
INFO - 2f 44 88 3c 00 0a 91 00
INFO - 2f 45 c8 3c 00 0a 83 00
INFO - 2f 47 08 3c 00 0a 9c 00
INFO - 2f 49 48 3c 00 0a 9d 00
INFO - 2f 4b 88 3c 00 0a b2 00
INFO - 2f 4d c8 3c 00 0a 99 00
INFO - 2f 4f 08 3c 00 0a aa 00
INFO - 2f 51 48 3c 00 0a b2 00
INFO - 2f 53 88 3c 00 0a a2 00
INFO - 2f 56 c8 3c 00 0a b4 00
INFO - 2f 57 08 3c 00 0a 9c 00
INFO - 2f 5a 48 3c 00 0a b0 00
INFO - 2f 5c 88 3c 00 0a ba 00
INFO - 2f 5f c8 3c 00 0a d7 00
INFO - 2f 61 08 3c 00 0a 9e 00
INFO - 2f 64 48 3c 00 0a d8 00
INFO - 2f 66 88 3c 00 0a a2 00
INFO - 2f 69 c8 3c 00 0a 89 00
INFO - 2f 6a 08 3c 00 0a 7d 00
INFO - 2f 6c 48 3c 00 0a 9b 00
INFO - 2f 6e 88 3c 00 0a 99 00
INFO - 2f 70 c8 3c 00 0a 9c 00
INFO - 2f 71 08 3c 00 0a 8a 00
INFO - 2f 73 48 3c 00 0a 9b 00
INFO - 2f 75 88 3c 00 0a 9c 00
INFO - 2f 77 c8 3c 00 0a af 00
INFO - 2f 79 08 3c 00 0a 8e 00
INFO - 2f 7b 48 3c 00 0a 96 00
INFO - 2f 7d 88 3c 00 0a b9 00
INFO - 2f 7f c8 3c 00 0a 91 00
INFO - 2f 81 08 3c 00 0a ba 00
INFO - 2f 83 48 3c 00 0a 92 00
INFO - 2f 86 88 3c 00 0a b5 00
INFO - 2f 88 c8 3c 00 0a b6 00
INFO - 2f 8a 08 3c 00 0a bf 00
INFO - 2f 8d 48 3c 00 0a cd 00
INFO - 2f 8f 88 3c 00 0a 8e 00
INFO - 2f 91 c8 3c 00 0a 94 00
INFO - 2f 93 08 3c 00 0a af 00
INFO - 2f 95 48 3c 00 0a 9c 00
INFO - 2f 96 88 3c 00 0a 96 00
INFO - 2f 99 c8 3c 00 0a c7 00
INFO - 2f 9b 08 3c 00 0a 91 00
INFO - 2f 9d 48 3c 00 0a a5 00
INFO - 2f 9f 88 3c 00 0a bf 00
INFO - 2f a1 c8 3c 00 0a a8 00
INFO - 2f a3 08 3c 00 0a 9a 00
INFO - 2f a5 48 3c 00 0a a4 00
INFO - 2f a7 88 3c 00 0a a0 00
INFO - 2f a9 c8 3c 00 0a 95 00
INFO - 2f aa 08 3c 00 0a 7b 00
INFO - 2f ad 48 3c 00 0a d6 00
INFO - 2f ae 88 3c 00 0a 86 00
INFO - 2f b1 c8 3c 00 0a c8 00
INFO - 2f b3 08 3c 00 0a 9d 00
INFO - 2f b5 48 3c 00 0a 90 00
INFO - 2f b7 88 3c 00 0a ae 00
INFO - 2f b9 c8 3c 00 0a af 00
INFO - 2f bb 08 3c 00 0a ad 00
INFO - 2f bd 48 3c 00 0a a0 00
INFO - 2f bf 88 3c 00 0a 9d 00
INFO - 2f c1 c8 3c 00 0a 90 00
INFO - 2f c2 08 3c 00 0a 87 00
INFO - 2f c4 48 3c 00 0a 90 00
INFO - 2f c6 88 3c 00 0a 99 00
INFO - 2f c7 c8 3c 00 0a 96 00
INFO - 2f ca 08 3c 00 0a bb 00
INFO - 2f cb 48 3c 00 0a 90 00
INFO - 2f cd 88 3c 00 0a 9a 00
INFO - 2f cf c8 3c 00 0a 98 00
INFO - 2f d1 08 3c 00 0a b7 00
INFO - 2f d3 48 3c 00 0a 9a 00
INFO - 2f d6 88 3c 00 0a cb 00
INFO - 2f d8 c8 3c 00 0a 99 00
INFO - 2f d9 08 3c 00 0a 85 00
INFO - 2f db 48 3c 00 0a 8a 00
INFO - 2f e0 88 3c 00 0b 2d 00
INFO - 2f e2 c8 3c 00 0a 95 00
INFO - 2f e4 08 3c 00 0a ba 00
INFO - 2f e6 48 3c 00 0a 8f 00
INFO - 2f e7 88 3c 00 0a 99 00
INFO - 2f ea c8 3c 00 0a c7 00
INFO - 2f ed 08 3c 00 0a c4 00
INFO - 2f ee 48 3c 00 0a 8e 00
INFO - 2f f0 88 3c 00 0a a3 00
INFO - 2f f2 c8 3c 00 0a 9a 00
INFO - 2f f4 08 3c 00 0a a3 00
INFO - 2f f6 48 3c 00 0a ab 00
INFO - 2f f8 88 3c 00 0a a6 00
INFO - 2f fa c8 3c 00 0a 9a 00
INFO - 2f fd 08 3c 00 0a cc 00
INFO - 2f fe 48 3c 00 0a 83 00
INFO - 30 01 88 3c 00 0a bb 00
INFO - 30 03 c8 3c 00 0a a3 00
INFO - 30 05 08 3c 00 0a a3 00
INFO - 30 07 48 3c 00 0a a1 00
INFO - 30 09 88 3c 00 0a ba 00
INFO - 30 0b c8 3c 00 0a 87 00
INFO - 30 0d 08 3c 00 0a ac 00
INFO - 30 0e 48 3c 00 0a 8f 00
INFO - 30 11 88 3c 00 0a b4 00
INFO - 30 13 c8 3c 00 0a a7 00
INFO - 30 15 08 3c 00 0a a2 00
INFO - 30 16 48 3c 00 0a 85 00
INFO - 30 18 88 3c 00 0a 99 00
INFO - 30 1a c8 3c 00 0a 9f 00
INFO - 30 1c 08 3c 00 0a b9 00
INFO - 30 1e 48 3c 00 0a 9a 00
INFO - 30 20 88 3c 00 0a 85 00
INFO - 30 22 c8 3c 00 0a a8 00
INFO - 30 24 08 3c 00 0a a5 00
INFO - 30 26 48 3c 00 0a ac 00
INFO - 30 27 88 3c 00 0a 8e 00
INFO - 30 2a c8 3c 00 0a d0 00
INFO - 30 2c 08 3c 00 0a ad 00
INFO - 30 2f 48 3c 00 0a c0 00
INFO - 30 31 88 3c 00 0a 9f 00
INFO - 30 32 c8 3c 00 0a 87 00
INFO - 30 34 08 3c 00 0a 8e 00
INFO - 30 36 48 3c 00 0a a2 00
INFO - 30 38 88 3c 00 0a b2 00
INFO - 30 3a c8 3c 00 0a 9b 00
INFO - 30 3c 08 3c 00 0a b5 00
INFO - 30 40 48 3c 00 0a f2 00
INFO - 30 41 88 3c 00 0a 8c 00
INFO - 30 44 c8 3c 00 0a ad 00
INFO - 30 46 08 3c 00 0a a2 00
INFO - 30 48 48 3c 00 0a b6 00
INFO - 30 4a 88 3c 00 0a ad 00
INFO - 30 4c c8 3c 00 0a 92 00
INFO - 30 4d 08 3c 00 0a 85 00
INFO - 30 4f 48 3c 00 0a a6 00
INFO - 30 52 88 3c 00 0a ca 00
INFO - 30 55 c8 3c 00 0a c0 00
INFO - 30 56 08 3c 00 0a 8b 00
INFO - 30 58 48 3c 00 0a 92 00
INFO - 30 5a 88 3c 00 0a ac 00
INFO - 30 5c c8 3c 00 0a a2 00
INFO - 30 5e 08 3c 00 0a a2 00
INFO - 30 60 48 3c 00 0a 9f 00
INFO - 30 62 88 3c 00 0a ae 00
INFO - 30 64 c8 3c 00 0a 98 00
INFO - 30 66 08 3c 00 0a ab 00
INFO - 30 68 48 3c 00 0a a8 00
INFO - 30 6a 88 3c 00 0a a4 00
INFO - 30 6c c8 3c 00 0a b6 00
INFO - 30 6e 08 3c 00 0a 83 00
INFO - 30 70 48 3c 00 0a a2 00
INFO - 30 72 88 3c 00 0a a1 00
INFO - 30 74 c8 3c 00 0a bc 00
INFO - 30 76 08 3c 00 0a 9b 00
INFO - 30 78 48 3c 00 0a 8f 00
INFO - 30 79 88 3c 00 0a 85 00
INFO - 30 7b c8 3c 00 0a 90 00
INFO - 30 7c 08 3c 00 0a 8b 00
INFO - 30 7e 48 3c 00 0a 92 00
INFO - 30 7f 88 3c 00 0a 8f 00
INFO - 30 81 c8 3c 00 0a 9a 00
INFO - 30 83 08 3c 00 0a 99 00
INFO - 30 85 48 3c 00 0a 90 00
INFO - 30 87 88 3c 00 0a c0 00
INFO - 30 89 c8 3c 00 0a a6 00
INFO - 30 8b 08 3c 00 0a ae 00
INFO - 30 8d 48 3c 00 0a a4 00
INFO - 30 8f 88 3c 00 0a a1 00
INFO - 30 91 c8 3c 00 0a 9d 00
INFO - 30 93 08 3c 00 0a 9a 00
INFO - 30 95 48 3c 00 0a a3 00
INFO - 30 98 88 3c 00 0a ce 00
INFO - 30 9a c8 3c 00 0a 9a 00
INFO - 30 9c 08 3c 00 0a a4 00
INFO - 30 9d 48 3c 00 0a 8d 00
INFO - 30 9f 88 3c 00 0a a1 00
INFO - 30 a1 c8 3c 00 0a 90 00
INFO - 30 a3 08 3c 00 0a b3 00
INFO - 30 a5 48 3c 00 0a 86 00
INFO - 30 a7 88 3c 00 0a b0 00
INFO - 30 a9 c8 3c 00 0a a4 00
INFO - 30 ab 08 3c 00 0a a1 00
INFO - 30 ac 48 3c 00 0a 93 00
INFO - 30 ae 88 3c 00 0a 9a 00
INFO - 30 b1 c8 3c 00 0a d5 00
INFO - 30 b3 08 3c 00 0a b0 00
INFO - 30 b6 48 3c 00 0a b1 00
INFO - 30 b9 88 3c 00 0a f1 00
INFO - 30 bc c8 3c 00 0a b9 00
INFO - 30 be 08 3c 00 0a b6 00
INFO - 30 c0 48 3c 00 0a 9d 00
INFO - 30 c2 88 3c 00 0a 9b 00
INFO - 30 c4 c8 3c 00 0a 9a 00
INFO - 30 c5 08 3c 00 0a 87 00
INFO - 30 c7 48 3c 00 0a af 00
INFO - 30 c9 88 3c 00 0a 84 00
INFO - 30 ca c8 3c 00 0a 9d 00
INFO - 30 cc 08 3c 00 0a 9b 00
INFO - 30 ce 48 3c 00 0a 90 00
INFO - 30 d1 88 3c 00 0a c2 00
INFO - 30 d3 c8 3c 00 0a a2 00
INFO - 30 d5 08 3c 00 0a c4 00
INFO - 30 d7 48 3c 00 0a a4 00
INFO - 30 d9 88 3c 00 0a 9a 00
INFO - 30 db c8 3c 00 0a 8e 00
INFO - 30 dc 08 3c 00 0a 92 00
INFO - 30 de 48 3c 00 0a a3 00
INFO - 30 e0 88 3c 00 0a ad 00
INFO - 30 e3 c8 3c 00 0a d4 00
INFO - 30 e5 08 3c 00 0a 96 00
INFO - 30 e7 48 3c 00 0a b0 00
INFO - 30 ea 88 3c 00 0a ab 00
INFO - 30 ec c8 3c 00 0a bf 00
INFO - 30 ee 08 3c 00 0a 8e 00
INFO - 30 f0 48 3c 00 0a 9e 00
INFO - 30 f2 88 3c 00 0a a4 00
INFO - 30 f3 c8 3c 00 0a a0 00
INFO - 30 f5 08 3c 00 0a 7b 00
INFO - 30 f7 48 3c 00 0a b9 00
INFO - 30 f9 88 3c 00 0a 90 00
INFO - 30 fb c8 3c 00 0a 9f 00
INFO - 30 fd 08 3c 00 0a bc 00
INFO - 30 ff 48 3c 00 0a b1 00
INFO - 31 01 88 3c 00 0a 92 00
INFO - 31 03 c8 3c 00 0a b5 00
INFO - 31 05 08 3c 00 0a 81 00
INFO - 31 07 48 3c 00 0a a8 00
INFO - 31 08 88 3c 00 0a 82 00
INFO - 31 0a c8 3c 00 0a b0 00
INFO - 31 0c 08 3c 00 0a a4 00
INFO - 31 0e 48 3c 00 0a 97 00
INFO - 31 10 88 3c 00 0a 8b 00
INFO - 31 11 c8 3c 00 0a 8a 00
INFO - 31 13 08 3c 00 0a 78 00
INFO - 31 15 48 3c 00 0a 8b 00
INFO - 31 17 88 3c 00 0a a2 00
INFO - 31 19 c8 3c 00 0a b2 00
INFO - 31 1b 08 3c 00 0a 90 00
INFO - 31 1d 48 3c 00 0a b3 00
INFO - 31 1e 88 3c 00 0a 77 00
INFO - 31 20 c8 3c 00 0a 92 00
INFO - 31 22 08 3c 00 0a ae 00
INFO - 31 24 48 3c 00 0a 93 00
INFO - 31 26 88 3c 00 0a b4 00
INFO - 31 28 c8 3c 00 0a a0 00
INFO - 31 2a 08 3c 00 0a 9b 00
INFO - 31 2b 48 3c 00 0a 93 00
INFO - 31 2d 88 3c 00 0a 87 00
INFO - 31 2f c8 3c 00 0a b1 00
INFO - 31 31 08 3c 00 0a 8b 00
INFO - 31 33 48 3c 00 0a a4 00
INFO - 31 34 88 3c 00 0a 9b 00
INFO - 31 37 c8 3c 00 0a c1 00
INFO - 31 38 08 3c 00 0a 87 00
INFO - 31 3a 48 3c 00 0a 92 00
INFO - 31 3c 88 3c 00 0a b2 00
INFO - 31 3f c8 3c 00 0a b6 00
INFO - 31 40 08 3c 00 0a 89 00
INFO - 31 43 48 3c 00 0a c0 00
INFO - 31 44 88 3c 00 0a 92 00
INFO - 31 46 c8 3c 00 0a a1 00
INFO - 31 48 08 3c 00 0a 89 00
INFO - 31 4a 48 3c 00 0a a7 00
INFO - 31 4c 88 3c 00 0a 9c 00
INFO - 31 4e c8 3c 00 0a ac 00
INFO - 31 50 08 3c 00 0a b6 00
INFO - 31 52 48 3c 00 0a 7f 00
INFO - 31 53 88 3c 00 0a 9a 00
INFO - 31 55 c8 3c 00 0a 93 00
INFO - 31 57 08 3c 00 0a 90 00
INFO - 31 58 48 3c 00 0a 97 00
INFO - 31 5a 88 3c 00 0a 90 00
INFO - 31 5c c8 3c 00 0a af 00
INFO - 31 5e 08 3c 00 0a 87 00
INFO - 31 5f 48 3c 00 0a 85 00
INFO - 31 61 88 3c 00 0a 8f 00
INFO - 31 62 c8 3c 00 0a 94 00
INFO - 31 64 08 3c 00 0a 81 00
INFO - 31 66 48 3c 00 0a a5 00
INFO - 31 68 88 3c 00 0a 9a 00
INFO - 31 69 c8 3c 00 0a 97 00
INFO - 31 6c 08 3c 00 0a d3 00
INFO - 31 6e 48 3c 00 0a ae 00
INFO - 31 71 88 3c 00 0a ab 00
INFO - 31 73 c8 3c 00 0a b1 00
INFO - 31 74 08 3c 00 0a 8c 00
INFO - 31 77 48 3c 00 0a cb 00
INFO - 31 79 88 3c 00 0a a7 00
INFO - 31 7b c8 3c 00 0a 9c 00
INFO - 31 7c 08 3c 00 0a 7a 00
INFO - 31 7e 48 3c 00 0a 89 00
INFO - 31 80 88 3c 00 0a aa 00
INFO - 31 81 c8 3c 00 0a 8e 00
INFO - 31 83 08 3c 00 0a 89 00
INFO - 31 84 48 3c 00 0a 8c 00
INFO - 31 86 88 3c 00 0a 79 00
INFO - 31 87 c8 3c 00 0a 80 00
INFO - 31 88 08 3c 00 0a 81 00
INFO - 31 8a 48 3c 00 0a 89 00
INFO - 31 8b 88 3c 00 0a 85 00
INFO - 31 8d c8 3c 00 0a 98 00
INFO - 31 8e 08 3c 00 0a 8c 00
INFO - 31 90 48 3c 00 0a 88 00
INFO - 31 91 88 3c 00 0a 88 00
INFO - 31 93 c8 3c 00 0a 90 00
INFO - 31 95 08 3c 00 0a ad 00
INFO - 31 96 48 3c 00 0a 87 00
INFO - 31 98 88 3c 00 0a 93 00
INFO - 31 9a c8 3c 00 0a 98 00
INFO - 31 9b 08 3c 00 0a 88 00
INFO - 31 9d 48 3c 00 0a 90 00
INFO - 31 9f 88 3c 00 0a 9f 00
INFO - 31 a0 c8 3c 00 0a 78 00
INFO - 31 a1 08 3c 00 0a 84 00
INFO - 31 a2 48 3c 00 0a 78 00
INFO - 31 a4 88 3c 00 0a 94 00
INFO - 31 a5 c8 3c 00 0a 82 00
INFO - 31 a7 08 3c 00 0a 89 00
INFO - 31 a9 48 3c 00 0a 98 00
INFO - 31 aa 88 3c 00 0a 7e 00
INFO - 31 ab c8 3c 00 0a 8d 00
INFO - 31 ad 08 3c 00 0a 92 00
INFO - 31 af 48 3c 00 0a 8a 00
INFO - 31 b0 88 3c 00 0a 8b 00
INFO - 31 b2 c8 3c 00 0a 94 00
INFO - 31 b3 08 3c 00 0a 7a 00
INFO - 31 b5 48 3c 00 0a 97 00
INFO - 31 b7 88 3c 00 0a c2 00
INFO - 31 ba c8 3c 00 0a af 00
INFO - 31 bb 08 3c 00 0a 99 00
INFO - 31 be 48 3c 00 0a aa 00
INFO - 31 bf 88 3c 00 0a 96 00
INFO - 31 c1 c8 3c 00 0a 8d 00
INFO - 31 c3 08 3c 00 0a 96 00
INFO - 31 c4 48 3c 00 0a 85 00
INFO - 31 c6 88 3c 00 0a b0 00
INFO - 31 c8 c8 3c 00 0a 83 00
INFO - 31 c9 08 3c 00 0a 90 00
INFO - 31 cc 48 3c 00 0a b8 00
INFO - 31 cd 88 3c 00 0a a1 00
INFO - 31 cf c8 3c 00 0a 8d 00
INFO - 31 d1 08 3c 00 0a b9 00
INFO - 31 d3 48 3c 00 0a 9c 00
INFO - 31 d5 88 3c 00 0a 99 00
INFO - 31 d7 c8 3c 00 0a 97 00
INFO - 31 d8 08 3c 00 0a 7d 00
INFO - 31 da 48 3c 00 0a 86 00
INFO - 31 dc 88 3c 00 0a 80 00
INFO - 31 de c8 3c 00 0a 85 00
INFO - 31 e0 08 3c 00 0a ab 00
INFO - 31 e2 48 3c 00 0a ba 00
INFO - 31 e4 88 3c 00 0a 86 00
INFO - 31 e5 c8 3c 00 0a 8c 00
INFO - 31 e7 08 3c 00 0a ac 00
INFO - 31 e9 48 3c 00 0a a1 00
INFO - 31 eb 88 3c 00 0a 9d 00
INFO - 31 ed c8 3c 00 0a 93 00
INFO - 31 ef 08 3c 00 0a a9 00
INFO - 31 f1 48 3c 00 0a 98 00
INFO - 31 f2 88 3c 00 0a 84 00
INFO - 31 f5 c8 3c 00 0a c7 00
INFO - 31 f6 08 3c 00 0a 90 00
INFO - 31 f8 48 3c 00 0a a7 00
INFO - 31 fa 88 3c 00 0a 93 00
INFO - 31 fc c8 3c 00 0a 91 00
INFO - 31 fd 08 3c 00 0a 90 00
INFO - 31 ff 48 3c 00 0a a8 00
INFO - 32 01 88 3c 00 0a 95 00
INFO - 32 03 c8 3c 00 0a a2 00
INFO - 32 05 08 3c 00 0a 8e 00
INFO - 32 07 48 3c 00 0a 9e 00
INFO - 32 08 88 3c 00 0a 9b 00
INFO - 32 0a c8 3c 00 0a 8f 00
INFO - 32 0c 08 3c 00 0a b0 00
INFO - 32 0e 48 3c 00 0a 9c 00
INFO - 32 0f 88 3c 00 0a 80 00
INFO - 32 11 c8 3c 00 0a a2 00
INFO - 32 13 08 3c 00 0a 96 00
INFO - 32 15 48 3c 00 0a a1 00
INFO - 32 18 88 3c 00 0a c3 00
INFO - 32 19 c8 3c 00 0a 8f 00
INFO - 32 1c 08 3c 00 0a ba 00
INFO - 32 1d 48 3c 00 0a 8e 00
INFO - 32 20 88 3c 00 0a c9 00
INFO - 32 22 c8 3c 00 0a 91 00
INFO - 32 24 08 3c 00 0a b0 00
INFO - 32 26 48 3c 00 0a 89 00
INFO - 32 28 88 3c 00 0a a9 00
INFO - 32 29 c8 3c 00 0a 88 00
INFO - 32 2b 08 3c 00 0a af 00
INFO - 32 2d 48 3c 00 0a 97 00
INFO - 32 30 88 3c 00 0a c1 00
INFO - 32 31 c8 3c 00 0a 97 00
INFO - 32 33 08 3c 00 0a 8a 00
INFO - 32 35 48 3c 00 0a 8e 00
INFO - 32 36 88 3c 00 0a 90 00
INFO - 32 38 c8 3c 00 0a 64 00
INFO - 32 3a 08 3c 00 0a ae 00
INFO - 32 3c 48 3c 00 0a a7 00
INFO - 32 3e 88 3c 00 0a b3 00
INFO - 32 40 c8 3c 00 0a 98 00
INFO - 32 42 08 3c 00 0a 8f 00
INFO - 32 43 48 3c 00 0a 92 00
INFO - 32 44 88 3c 00 0a 7a 00
INFO - 32 47 c8 3c 00 0a b3 00
INFO - 32 49 08 3c 00 0a 98 00
INFO - 32 4a 48 3c 00 0a 97 00
INFO - 32 4c 88 3c 00 0a 97 00
INFO - 32 4f c8 3c 00 0a c3 00
INFO - 32 50 08 3c 00 0a 96 00
INFO - 32 53 48 3c 00 0a aa 00
INFO - 32 54 88 3c 00 0a 97 00
INFO - 32 56 c8 3c 00 0a 96 00
INFO - 32 58 08 3c 00 0a a3 00
INFO - 32 59 48 3c 00 0a 81 00
INFO - 32 5b 88 3c 00 0a 96 00
INFO - 32 5d c8 3c 00 0a 8e 00
INFO - 32 5f 08 3c 00 0a a6 00
INFO - 32 61 48 3c 00 0a ac 00
INFO - 32 62 88 3c 00 0a 7c 00
INFO - 32 64 c8 3c 00 0a ac 00
INFO - 32 66 08 3c 00 0a a7 00
INFO - 32 68 48 3c 00 0a 85 00
INFO - 32 6a 88 3c 00 0a a6 00
INFO - 32 6c c8 3c 00 0a 98 00
INFO - 32 6d 08 3c 00 0a 9b 00
INFO - 32 6f 48 3c 00 0a 84 00
INFO - 32 71 88 3c 00 0a b8 00
INFO - 32 73 c8 3c 00 0a 84 00
INFO - 32 75 08 3c 00 0a b8 00
INFO - 32 77 48 3c 00 0a 96 00
INFO - 32 79 88 3c 00 0a a2 00
INFO - 32 7b c8 3c 00 0a a3 00
INFO - 32 7d 08 3c 00 0a 98 00
INFO - 32 7e 48 3c 00 0a 9f 00
INFO - 32 80 88 3c 00 0a 85 00
INFO - 32 82 c8 3c 00 0a 97 00
INFO - 32 84 08 3c 00 0a b9 00
INFO - 32 86 48 3c 00 0a a1 00
INFO - 32 87 88 3c 00 0a 7d 00
INFO - 32 89 c8 3c 00 0a 6a 00
INFO - 32 8b 08 3c 00 0a ac 00
INFO - 32 8d 48 3c 00 0a 8f 00
INFO - 32 8e 88 3c 00 0a 90 00
INFO - 32 90 c8 3c 00 0a 7e 00
INFO - 32 91 08 3c 00 0a 90 00
INFO - 32 92 48 3c 00 0a 7e 00
INFO - 32 94 88 3c 00 0a 96 00
INFO - 32 96 c8 3c 00 0a 87 00
INFO - 32 97 08 3c 00 0a 82 00
INFO - 32 98 48 3c 00 0a 88 00
INFO - 32 9a 88 3c 00 0a 91 00
INFO - 32 9c c8 3c 00 0a 89 00
INFO - 32 9d 08 3c 00 0a 91 00
INFO - 32 9f 48 3c 00 0a 8a 00
INFO - 32 a0 88 3c 00 0a 80 00
INFO - 32 a2 c8 3c 00 0a 9c 00
INFO - 32 a4 08 3c 00 0a b5 00
INFO - 32 a6 48 3c 00 0a a0 00
INFO - 32 a8 88 3c 00 0a b0 00
INFO - 32 aa c8 3c 00 0a 9f 00
INFO - 32 ad 08 3c 00 0a d5 00
INFO - 32 af 48 3c 00 0a 97 00
INFO - 32 b1 88 3c 00 0a 95 00
INFO - 32 b3 c8 3c 00 0a a2 00
INFO - 32 b8 08 3c 00 0b 34 00
INFO - 32 b9 48 3c 00 0a 8d 00
INFO - 32 bb 88 3c 00 0a 9b 00
INFO - 32 bd c8 3c 00 0a 86 00
INFO - 32 be 08 3c 00 0a 99 00
INFO - 32 c0 48 3c 00 0a 9b 00
INFO - 32 c2 88 3c 00 0a 94 00
INFO - 32 c3 c8 3c 00 0a 87 00
INFO - 32 c5 08 3c 00 0a a5 00
INFO - 32 c8 48 3c 00 0a be 00
INFO - 32 ca 88 3c 00 0a be 00
INFO - 32 cd c8 3c 00 0a b3 00
INFO - 32 cf 08 3c 00 0a b3 00
INFO - 32 d1 48 3c 00 0a a1 00
INFO - 32 d4 88 3c 00 0a cb 00
INFO - 32 d6 c8 3c 00 0a c2 00
INFO - 32 d9 08 3c 00 0a 88 00
INFO - 32 db 48 3c 00 0a 96 00
INFO - 32 dd 88 3c 00 0a 99 00
INFO - 32 e0 c8 3c 00 0a d9 00
INFO - 32 e2 08 3c 00 0a ae 00
INFO - 32 e5 48 3c 00 0a d1 00
INFO - 32 e7 88 3c 00 0a b2 00
INFO - 32 ea c8 3c 00 0a ae 00
INFO - 32 eb 08 3c 00 0a 9b 00
INFO - 32 ee 48 3c 00 0a be 00
INFO - 32 f0 88 3c 00 0a b0 00
INFO - 32 f2 c8 3c 00 0a 9c 00
INFO - 32 f5 08 3c 00 0a bc 00
INFO - 32 f8 48 3c 00 0a d8 00
INFO - 32 fa 88 3c 00 0a b1 00
INFO - 32 fd c8 3c 00 0a bf 00
INFO - 32 ff 08 3c 00 0a c1 00
INFO - 33 01 48 3c 00 0a a7 00
INFO - 33 04 88 3c 00 0a b5 00
INFO - 33 06 c8 3c 00 0a b6 00
INFO - 33 08 08 3c 00 0a 91 00
INFO - 33 0a 48 3c 00 0a b4 00
INFO - 33 0c 88 3c 00 0a b5 00
INFO - 33 10 c8 3c 00 0a e3 00
INFO - 33 12 08 3c 00 0a b6 00
INFO - 33 14 48 3c 00 0a a8 00
INFO - 33 16 88 3c 00 0a b5 00
INFO - 33 19 c8 3c 00 0a c0 00
INFO - 33 1b 08 3c 00 0a 9d 00
INFO - 33 1e 48 3c 00 0a c0 00
INFO - 33 21 88 3c 00 0a e3 00
INFO - 33 23 c8 3c 00 0a b4 00
INFO - 33 26 08 3c 00 0a b4 00
INFO - 33 28 48 3c 00 0a cb 00
INFO - 33 2b 88 3c 00 0a cb 00
INFO - 33 2d c8 3c 00 0a 9c 00
INFO - 33 30 08 3c 00 0a ca 00
INFO - 33 32 48 3c 00 0a 74 00
INFO - 33 34 88 3c 00 0a a8 00
INFO - 33 36 c8 3c 00 0a a8 00
INFO - 33 3a 08 3c 00 0a ec 00
INFO - 33 3c 48 3c 00 0a b3 00
INFO - 33 3e 88 3c 00 0a a7 00
INFO - 33 41 c8 3c 00 0a c9 00
INFO - 33 43 08 3c 00 0a be 00
INFO - 33 45 48 3c 00 0a 9c 00
INFO - 33 48 88 3c 00 0a df 00
INFO - 33 4c c8 3c 00 0a df 00
INFO - 33 4d 08 3c 00 0a 90 00
INFO - 33 50 48 3c 00 0a c8 00
INFO - 33 52 88 3c 00 0a a6 00
INFO - 33 55 c8 3c 00 0a bd 00
INFO - 33 57 08 3c 00 0a c7 00
INFO - 33 5a 48 3c 00 0a b2 00
INFO - 33 5c 88 3c 00 0a c7 00
INFO - 33 5e c8 3c 00 0a 9a 00
INFO - 33 60 08 3c 00 0a 9a 00
INFO - 33 63 48 3c 00 0a c8 00
INFO - 33 65 88 3c 00 0a 99 00
INFO - 33 67 c8 3c 00 0a a5 00
INFO - 33 69 08 3c 00 0a b2 00
INFO - 33 6b 48 3c 00 0a a3 00
INFO - 33 6d 88 3c 00 0a a6 00
INFO - 33 6f c8 3c 00 0a a5 00
INFO - 33 71 08 3c 00 0a bd 00
INFO - 33 74 48 3c 00 0a bb 00
INFO - 33 77 88 3c 00 0a d4 00
INFO - 33 79 c8 3c 00 0a b0 00
INFO - 33 7b 08 3c 00 0a a6 00
INFO - 33 7e 48 3c 00 0a b2 00
INFO - 33 80 88 3c 00 0a a3 00
INFO - 33 82 c8 3c 00 0a c9 00
INFO - 33 84 08 3c 00 0a 6e 00
INFO - 33 87 48 3c 00 0a d2 00
INFO - 33 89 88 3c 00 0a 9d 00
INFO - 33 8c c8 3c 00 0a bb 00
INFO - 33 8e 08 3c 00 0a ca 00
INFO - 33 90 48 3c 00 0a a9 00
INFO - 33 93 88 3c 00 0a b0 00
INFO - 33 95 c8 3c 00 0a a9 00
INFO - 33 97 08 3c 00 0a b1 00
INFO - 33 99 48 3c 00 0a a9 00
INFO - 33 9b 88 3c 00 0a 99 00
INFO - 33 9d c8 3c 00 0a b6 00
INFO - 33 a0 08 3c 00 0a a6 00
INFO - 33 a1 48 3c 00 0a 9f 00
INFO - 33 a4 88 3c 00 0a c9 00
INFO - 33 a6 c8 3c 00 0a ab 00
INFO - 33 a9 08 3c 00 0a b2 00
INFO - 33 ac 48 3c 00 0a ce 00
INFO - 33 ae 88 3c 00 0a a6 00
INFO - 33 b1 c8 3c 00 0a f2 00
INFO - 33 b3 08 3c 00 0a b1 00
INFO - 33 b7 48 3c 00 0a ff 00
INFO - 33 ba 88 3c 00 0a ca 00
INFO - 33 bd c8 3c 00 0a dc 00
INFO - 33 c0 08 3c 00 0a cb 00
INFO - 33 c2 48 3c 00 0a aa 00
INFO - 33 c5 88 3c 00 0a ca 00
INFO - 33 c9 c8 3c 00 0a f4 00
INFO - 33 cb 08 3c 00 0a be 00
INFO - 33 ce 48 3c 00 0a c4 00
INFO - 33 d0 88 3c 00 0a 9e 00
INFO - 33 d2 c8 3c 00 0a aa 00
INFO - 33 d4 08 3c 00 0a 92 00
INFO - 33 d5 48 3c 00 0a 6f 00
INFO - 33 d7 88 3c 00 0a 9a 00
INFO - 33 d9 c8 3c 00 0a ad 00
INFO - 33 db 08 3c 00 0a 9d 00
INFO - 33 dd 48 3c 00 0a 9d 00
INFO - 33 df 88 3c 00 0a 9c 00
INFO - 33 e1 c8 3c 00 0a a9 00
INFO - 33 e3 08 3c 00 0a a8 00
INFO - 33 ea 48 3c 00 0b 9b 00
INFO - 33 ec 88 3c 00 0a 98 00
INFO - 33 ee c8 3c 00 0a ac 00
INFO - 33 f1 08 3c 00 0a ca 00
INFO - 33 f4 48 3c 00 0a d5 00
INFO - 33 f6 88 3c 00 0a 9c 00
INFO - 33 f8 c8 3c 00 0a b3 00
INFO - 33 fa 08 3c 00 0a b3 00
INFO - 33 fd 48 3c 00 0a c1 00
INFO - 34 00 88 3c 00 0a de 00
INFO - 34 02 c8 3c 00 0a a8 00
INFO - 34 05 08 3c 00 0a b3 00
INFO - 34 07 48 3c 00 0a b4 00
INFO - 34 0a 88 3c 00 0a bf 00
INFO - 34 0c c8 3c 00 0a bf 00
INFO - 34 0f 08 3c 00 0a e4 00
INFO - 34 11 48 3c 00 0a a5 00
INFO - 34 14 88 3c 00 0a a8 00
INFO - 34 16 c8 3c 00 0a b3 00
INFO - 34 19 08 3c 00 0a ca 00
INFO - 34 1b 48 3c 00 0a bf 00
INFO - 34 1e 88 3c 00 0a ca 00
INFO - 34 21 c8 3c 00 0a c1 00
INFO - 34 22 08 3c 00 0a 9b 00
INFO - 34 25 48 3c 00 0a b0 00
INFO - 34 27 88 3c 00 0a a7 00
INFO - 34 29 c8 3c 00 0a 9e 00
INFO - 34 2b 08 3c 00 0a bb 00
INFO - 34 2d 48 3c 00 0a 8f 00
INFO - 34 2f 88 3c 00 0a b4 00
INFO - 34 31 c8 3c 00 0a 98 00
INFO - 34 34 08 3c 00 0a c8 00
INFO - 34 36 48 3c 00 0a bb 00
INFO - 34 39 88 3c 00 0a d2 00
INFO - 34 3b c8 3c 00 0a 9c 00
INFO - 34 3d 08 3c 00 0a 77 00
INFO - 34 3f 48 3c 00 0a af 00
INFO - 34 42 88 3c 00 0a b1 00
INFO - 34 43 c8 3c 00 0a 8b 00
INFO - 34 46 08 3c 00 0a c7 00
INFO - 34 48 48 3c 00 0a 96 00
INFO - 34 4a 88 3c 00 0a ba 00
INFO - 34 4c c8 3c 00 0a 96 00
INFO - 34 4f 08 3c 00 0a c5 00
INFO - 34 50 48 3c 00 0a a1 00
INFO - 34 52 88 3c 00 0a a4 00
INFO - 34 54 c8 3c 00 0a a0 00
INFO - 34 57 08 3c 00 0a d9 00
INFO - 34 5a 48 3c 00 0a ae 00
INFO - 34 5c 88 3c 00 0a a0 00
INFO - 34 5e c8 3c 00 0a ae 00
INFO - 34 60 08 3c 00 0a b6 00
INFO - 34 62 48 3c 00 0a 98 00
INFO - 34 65 88 3c 00 0a ca 00
INFO - 34 66 c8 3c 00 0a 8c 00
INFO - 34 69 08 3c 00 0a ce 00
INFO - 34 6b 48 3c 00 0a ac 00
INFO - 34 6e 88 3c 00 0a ca 00
INFO - 34 71 c8 3c 00 0a b9 00
INFO - 34 73 08 3c 00 0a a1 00
INFO - 34 76 48 3c 00 0a e3 00
INFO - 34 79 88 3c 00 0a cd 00
INFO - 34 7a c8 3c 00 0a 97 00
INFO - 34 7c 08 3c 00 0a a2 00
INFO - 34 7e 48 3c 00 0a 97 00
INFO - 34 80 88 3c 00 0a a2 00
INFO - 34 82 c8 3c 00 0a ac 00
INFO - 34 85 08 3c 00 0a af 00
INFO - 34 87 48 3c 00 0a ad 00
INFO - 34 89 88 3c 00 0a a3 00
INFO - 34 8b c8 3c 00 0a a3 00
INFO - 34 8d 08 3c 00 0a a3 00
INFO - 34 8f 48 3c 00 0a ac 00
INFO - 34 91 88 3c 00 0a 78 00
INFO - 34 93 c8 3c 00 0a a3 00
INFO - 34 96 08 3c 00 0a b9 00
INFO - 34 97 48 3c 00 0a 98 00
INFO - 34 9a 88 3c 00 0a c4 00
INFO - 34 9c c8 3c 00 0a ae 00
INFO - 34 9f 08 3c 00 0a ae 00
INFO - 34 a3 48 3c 00 0b 06 00
INFO - 34 a5 88 3c 00 0a ae 00
INFO - 34 a8 c8 3c 00 0a da 00
INFO - 34 aa 08 3c 00 0a ad 00
INFO - 34 ac 48 3c 00 0a 8c 00
INFO - 34 af 88 3c 00 0a d9 00
INFO - 34 b1 c8 3c 00 0a a2 00
INFO - 34 b4 08 3c 00 0a d9 00
INFO - 34 b6 48 3c 00 0a a2 00
INFO - 34 b8 88 3c 00 0a c2 00
INFO - 34 ba c8 3c 00 0a a3 00
INFO - 34 bd 08 3c 00 0a cb 00
INFO - 34 bf 48 3c 00 0a a1 00
INFO - 34 c2 88 3c 00 0a c2 00
INFO - 34 c4 c8 3c 00 0a a2 00
INFO - 34 c6 08 3c 00 0a c1 00
INFO - 34 c8 48 3c 00 0a 8b 00
INFO - 34 cb 88 3c 00 0a cc 00
INFO - 34 cd c8 3c 00 0a c1 00
INFO - 34 cf 08 3c 00 0a 97 00
INFO - 34 d1 48 3c 00 0a b4 00
INFO - 34 d3 88 3c 00 0a a0 00
INFO - 34 d6 c8 3c 00 0a bf 00
INFO - 34 d8 08 3c 00 0a aa 00
INFO - 34 da 48 3c 00 0a 96 00
INFO - 34 dd 88 3c 00 0a c9 00
INFO - 34 df c8 3c 00 0a b5 00
INFO - 34 e1 08 3c 00 0a a8 00
INFO - 34 e3 48 3c 00 0a 70 00
INFO - 34 e5 88 3c 00 0a 94 00
INFO - 34 e7 c8 3c 00 0a a9 00
INFO - 34 e9 08 3c 00 0a 96 00
INFO - 34 eb 48 3c 00 0a b3 00
INFO - 34 ed 88 3c 00 0a 9e 00
INFO - 34 ef c8 3c 00 0a a0 00
INFO - 34 f1 08 3c 00 0a b3 00
INFO - 34 f3 48 3c 00 0a a1 00
INFO - 34 f5 88 3c 00 0a b2 00
INFO - 34 f7 c8 3c 00 0a 8a 00
INFO - 34 fa 08 3c 00 0a c9 00
INFO - 34 fb 48 3c 00 0a 96 00
INFO - 34 fd 88 3c 00 0a 93 00
INFO - 34 ff c8 3c 00 0a a0 00
INFO - 35 01 08 3c 00 0a 9f 00
INFO - 35 03 48 3c 00 0a 95 00
INFO - 35 05 88 3c 00 0a bf 00
INFO - 35 07 c8 3c 00 0a 9d 00
INFO - 35 0a 08 3c 00 0a c0 00
INFO - 35 0b 48 3c 00 0a 93 00
INFO - 35 13 88 3c 00 0b ba 00
INFO - 35 15 c8 3c 00 0a ab 00
INFO - 35 17 08 3c 00 0a 9c 00
INFO - 35 1a 48 3c 00 0a ea 00
INFO - 35 1d 88 3c 00 0a c8 00
INFO - 35 1f c8 3c 00 0a 9e 00
INFO - 35 20 08 3c 00 0a 89 00
INFO - 35 23 48 3c 00 0a b1 00
INFO - 35 25 88 3c 00 0a a0 00
INFO - 35 27 c8 3c 00 0a b1 00
INFO - 35 29 08 3c 00 0a aa 00
INFO - 35 2b 48 3c 00 0a 93 00
INFO - 35 2c 88 3c 00 0a 6a 00
INFO - 35 2f c8 3c 00 0a b3 00
INFO - 35 31 08 3c 00 0a a7 00
INFO - 35 33 48 3c 00 0a 95 00
INFO - 35 35 88 3c 00 0a a8 00
INFO - 35 36 c8 3c 00 0a 87 00
INFO - 35 38 08 3c 00 0a a0 00
INFO - 35 3a 48 3c 00 0a b3 00
INFO - 35 3d 88 3c 00 0a b0 00
INFO - 35 3f c8 3c 00 0a b4 00
INFO - 35 42 08 3c 00 0a c6 00
INFO - 35 43 48 3c 00 0a 87 00
INFO - 35 46 88 3c 00 0a be 00
INFO - 35 48 c8 3c 00 0a 9c 00
INFO - 35 4a 08 3c 00 0a a5 00
INFO - 35 4c 48 3c 00 0a c8 00
INFO - 35 4e 88 3c 00 0a 9c 00
INFO - 35 50 c8 3c 00 0a 89 00
INFO - 35 51 08 3c 00 0a 9a 00
INFO - 35 53 48 3c 00 0a 9f 00
INFO - 35 55 88 3c 00 0a 9c 00
INFO - 35 57 c8 3c 00 0a 9b 00
INFO - 35 59 08 3c 00 0a b3 00
INFO - 35 5b 48 3c 00 0a 9c 00
INFO - 35 5e 88 3c 00 0a bc 00
INFO - 35 60 c8 3c 00 0a 9d 00
INFO - 35 62 08 3c 00 0a b0 00
INFO - 35 64 48 3c 00 0a 9f 00
INFO - 35 67 88 3c 00 0a c7 00
INFO - 35 69 c8 3c 00 0a bd 00
INFO - 35 6b 08 3c 00 0a 9d 00
INFO - 35 6e 48 3c 00 0a 89 00
INFO - 35 71 88 3c 00 0a d2 00
INFO - 35 73 c8 3c 00 0a be 00
INFO - 35 76 08 3c 00 0a a7 00
INFO - 35 78 48 3c 00 0a cb 00
INFO - 35 7b 88 3c 00 0a b6 00
INFO - 35 7c c8 3c 00 0a 7e 00
INFO - 35 7f 08 3c 00 0a ca 00
INFO - 35 81 48 3c 00 0a ab 00
INFO - 35 82 88 3c 00 0a 8a 00
INFO - 35 86 c8 3c 00 0a e0 00
INFO - 35 88 08 3c 00 0a cb 00
INFO - 35 8b 48 3c 00 0a cc 00
INFO - 35 8d 88 3c 00 0a 8b 00
INFO - 35 8f c8 3c 00 0a a2 00
INFO - 35 91 08 3c 00 0a 96 00
INFO - 35 93 48 3c 00 0a a2 00
INFO - 35 94 88 3c 00 0a a1 00
INFO - 35 97 c8 3c 00 0a af 00
INFO - 35 9a 08 3c 00 0a cb 00
INFO - 35 9c 48 3c 00 0a b8 00
INFO - 35 9e 88 3c 00 0a bb 00
INFO - 35 a0 c8 3c 00 0a 95 00
INFO - 35 a2 08 3c 00 0a 98 00
INFO - 35 a4 48 3c 00 0a b0 00
INFO - 35 a6 88 3c 00 0a ac 00
INFO - 35 a8 c8 3c 00 0a a6 00
INFO - 35 ab 08 3c 00 0a b7 00
INFO - 35 ad 48 3c 00 0a 72 00
INFO - 35 b0 88 3c 00 0a e9 00
INFO - 35 b3 c8 3c 00 0a c4 00
INFO - 35 b6 08 3c 00 0a c0 00
INFO - 35 b8 48 3c 00 0a ac 00
INFO - 35 ba 88 3c 00 0a b3 00
INFO - 35 bc c8 3c 00 0a 8c 00
INFO - 35 be 08 3c 00 0a ca 00
INFO - 35 c0 48 3c 00 0a 8d 00
INFO - 35 c3 88 3c 00 0a d6 00
INFO - 35 c6 c8 3c 00 0a d4 00
INFO - 35 c8 08 3c 00 0a bb 00
INFO - 35 cc 48 3c 00 0a e2 00
INFO - 35 cf 88 3c 00 0a d2 00
INFO - 35 d1 c8 3c 00 0a 9f 00
INFO - 35 d2 08 3c 00 0a 9a 00
INFO - 35 d5 48 3c 00 0a b6 00
INFO - 35 d7 88 3c 00 0a a8 00
INFO - 35 d9 c8 3c 00 0a 9d 00
INFO - 35 db 08 3c 00 0a c0 00
INFO - 35 df 48 3c 00 0a e3 00
INFO - 35 e1 88 3c 00 0a b2 00
INFO - 35 e4 c8 3c 00 0a cf 00
INFO - 35 e6 08 3c 00 0a c1 00
INFO - 35 e8 48 3c 00 0a 9b 00
INFO - 35 eb 88 3c 00 0a b8 00
INFO - 35 ed c8 3c 00 0a c1 00
INFO - 35 f0 08 3c 00 0a cb 00
INFO - 35 f2 48 3c 00 0a a1 00
INFO - 35 f4 88 3c 00 0a 9e 00
INFO - 35 f7 c8 3c 00 0a ce 00
INFO - 35 f9 08 3c 00 0a ab 00
INFO - 35 fc 48 3c 00 0a c1 00
INFO - 35 fe 88 3c 00 0a b9 00
INFO - 36 00 c8 3c 00 0a b7 00
INFO - 36 02 08 3c 00 0a 9f 00
INFO - 36 05 48 3c 00 0a b7 00
INFO - 36 06 88 3c 00 0a 93 00
INFO - 36 09 c8 3c 00 0a c3 00
INFO - 36 0b 08 3c 00 0a 94 00
INFO - 36 0e 48 3c 00 0a da 00
INFO - 36 10 88 3c 00 0a c3 00
INFO - 36 13 c8 3c 00 0a b6 00
INFO - 36 15 08 3c 00 0a 94 00
INFO - 36 17 48 3c 00 0a 81 00
INFO - 36 19 88 3c 00 0a ab 00
INFO - 36 1b c8 3c 00 0a aa 00
INFO - 36 1e 08 3c 00 0a ac 00
INFO - 36 21 48 3c 00 0a d8 00
INFO - 36 23 88 3c 00 0a 9f 00
INFO - 36 25 c8 3c 00 0a cd 00
INFO - 36 28 08 3c 00 0a ab 00
INFO - 36 2a 48 3c 00 0a aa 00
INFO - 36 2c 88 3c 00 0a c1 00
INFO - 36 2f c8 3c 00 0a cf 00
INFO - 36 31 08 3c 00 0a 9c 00
INFO - 36 34 48 3c 00 0a cc 00
INFO - 36 36 88 3c 00 0a aa 00
INFO - 36 38 c8 3c 00 0a 9d 00
INFO - 36 3f 08 3c 00 0b 88 00
INFO - 36 40 48 3c 00 0a 9c 00
INFO - 36 43 88 3c 00 0a b4 00
INFO - 36 45 c8 3c 00 0a c0 00
INFO - 36 47 08 3c 00 0a a8 00
INFO - 36 49 48 3c 00 0a a8 00
INFO - 36 4c 88 3c 00 0a c1 00
INFO - 36 4f c8 3c 00 0a bc 00
INFO - 36 52 08 3c 00 0a d8 00
INFO - 36 54 48 3c 00 0a c7 00
INFO - 36 58 88 3c 00 0a ee 00
INFO - 36 5b c8 3c 00 0a c6 00
INFO - 36 5d 08 3c 00 0a c9 00
INFO - 36 5f 48 3c 00 0a a7 00
INFO - 36 61 88 3c 00 0a 9b 00
INFO - 36 64 c8 3c 00 0a ca 00
INFO - 36 68 08 3c 00 0a f7 00
INFO - 36 6a 48 3c 00 0a b2 00
INFO - 36 6d 88 3c 00 0a cd 00
INFO - 36 6e c8 3c 00 0a 81 00
INFO - 36 71 08 3c 00 0a b7 00
INFO - 36 73 48 3c 00 0a ae 00
INFO - 36 75 88 3c 00 0a c0 00
INFO - 36 77 c8 3c 00 0a 8f 00
INFO - 36 79 08 3c 00 0a 9c 00
INFO - 36 7b 48 3c 00 0a 7f 00
INFO - 36 7e 88 3c 00 0a ad 00
INFO - 36 80 c8 3c 00 0a b2 00
INFO - 36 83 08 3c 00 0a e7 00
INFO - 36 85 48 3c 00 0a a2 00
INFO - 36 88 88 3c 00 0a c3 00
INFO - 36 89 c8 3c 00 0a 85 00
INFO - 36 8c 08 3c 00 0a c6 00
INFO - 36 8e 48 3c 00 0a a1 00
INFO - 36 91 88 3c 00 0a dd 00
INFO - 36 93 c8 3c 00 0a 9c 00
INFO - 36 95 08 3c 00 0a 9d 00
INFO - 36 97 48 3c 00 0a 95 00
INFO - 36 99 88 3c 00 0a a4 00
INFO - 36 9b c8 3c 00 0a b3 00
INFO - 36 9d 08 3c 00 0a ab 00
INFO - 36 a0 48 3c 00 0a e0 00
INFO - 36 a3 88 3c 00 0a b3 00
INFO - 36 a4 c8 3c 00 0a 96 00
INFO - 36 a7 08 3c 00 0a b1 00
INFO - 36 a9 48 3c 00 0a b4 00
INFO - 36 ac 88 3c 00 0a c0 00
INFO - 36 ae c8 3c 00 0a ac 00
INFO - 36 b0 08 3c 00 0a b1 00
INFO - 36 b3 48 3c 00 0a c0 00
INFO - 36 b5 88 3c 00 0a c0 00
INFO - 36 b7 c8 3c 00 0a a0 00
INFO - 36 ba 08 3c 00 0a e0 00
INFO - 36 bd 48 3c 00 0a cc 00
INFO - 36 c0 88 3c 00 0a c1 00
INFO - 36 c2 c8 3c 00 0a 9c 00
INFO - 36 c4 08 3c 00 0a c1 00
INFO - 36 c6 48 3c 00 0a 92 00
INFO - 36 c8 88 3c 00 0a b5 00
INFO - 36 cc c8 3c 00 0a e4 00
INFO - 36 ce 08 3c 00 0a a9 00
INFO - 36 d0 48 3c 00 0a 7b 00
INFO - 36 d4 88 3c 00 0b 07 00
INFO - 36 d6 c8 3c 00 0a b5 00
INFO - 36 d9 08 3c 00 0a b4 00
INFO - 36 dc 48 3c 00 0a ce 00
INFO - 36 de 88 3c 00 0a c1 00
INFO - 36 e1 c8 3c 00 0a cc 00
INFO - 36 e4 08 3c 00 0a ce 00
INFO - 36 e7 48 3c 00 0a bd 00
INFO - 36 e9 88 3c 00 0a d0 00
INFO - 36 ec c8 3c 00 0a aa 00
INFO - 36 ee 08 3c 00 0a 9e 00
INFO - 36 f0 48 3c 00 0a c1 00
INFO - 36 f2 88 3c 00 0a b1 00
INFO - 36 f5 c8 3c 00 0a c4 00
INFO - 36 f8 08 3c 00 0a c9 00
INFO - 36 fa 48 3c 00 0a a2 00
INFO - 36 fc 88 3c 00 0a 9d 00
INFO - 36 ff c8 3c 00 0a cc 00
INFO - 37 02 08 3c 00 0a d6 00
INFO - 37 04 48 3c 00 0a c1 00
INFO - 37 06 88 3c 00 0a a5 00
INFO - 37 08 c8 3c 00 0a ac 00
INFO - 37 0b 08 3c 00 0a a8 00
INFO - 37 0d 48 3c 00 0a af 00
INFO - 37 0e 88 3c 00 0a 95 00
INFO - 37 12 c8 3c 00 0a e9 00
INFO - 37 14 08 3c 00 0a ac 00
INFO - 37 17 48 3c 00 0a c6 00
INFO - 37 18 88 3c 00 0a 94 00
INFO - 37 1b c8 3c 00 0a be 00
INFO - 37 1e 08 3c 00 0a bf 00
INFO - 37 20 48 3c 00 0a c4 00
INFO - 37 23 88 3c 00 0a b5 00
INFO - 37 24 c8 3c 00 0a 6d 00
INFO - 37 27 08 3c 00 0a ce 00
INFO - 37 29 48 3c 00 0a a9 00
INFO - 37 2c 88 3c 00 0a bb 00
INFO - 37 2f c8 3c 00 0a ef 00
INFO - 37 31 08 3c 00 0a 9c 00
INFO - 37 33 48 3c 00 0a 96 00
INFO - 37 35 88 3c 00 0a a7 00
INFO - 37 38 c8 3c 00 0a c1 00
INFO - 37 3a 08 3c 00 0a b1 00
INFO - 37 3d 48 3c 00 0a d6 00
INFO - 37 3f 88 3c 00 0a b1 00
INFO - 37 42 c8 3c 00 0a b8 00
INFO - 37 44 08 3c 00 0a bf 00
INFO - 37 47 48 3c 00 0a c2 00
INFO - 37 49 88 3c 00 0a 8e 00
INFO - 37 4b c8 3c 00 0a a9 00
INFO - 37 4d 08 3c 00 0a b5 00
INFO - 37 4f 48 3c 00 0a 8d 00
INFO - 37 50 88 3c 00 0a 92 00
INFO - 37 52 c8 3c 00 0a 95 00
INFO - 37 55 08 3c 00 0a bf 00
INFO - 37 56 48 3c 00 0a 97 00
INFO - 37 59 88 3c 00 0a d0 00
INFO - 37 5c c8 3c 00 0a b3 00
INFO - 37 5d 08 3c 00 0a 93 00
INFO - 37 60 48 3c 00 0a bd 00
INFO - 37 62 88 3c 00 0a 9f 00
INFO - 37 65 c8 3c 00 0a ce 00
INFO - 37 67 08 3c 00 0a a7 00
INFO - 37 68 48 3c 00 0a 9c 00
INFO - 37 6b 88 3c 00 0a 7e 00
INFO - 37 6d c8 3c 00 0a a6 00
INFO - 37 6f 08 3c 00 0a 8a 00
INFO - 37 72 48 3c 00 0a eb 00
INFO - 37 75 88 3c 00 0a ce 00
INFO - 37 77 c8 3c 00 0a 92 00
INFO - 37 79 08 3c 00 0a a5 00
INFO - 37 7a 48 3c 00 0a 9b 00
INFO - 37 7d 88 3c 00 0a b9 00
INFO - 37 7f c8 3c 00 0a a4 00
INFO - 37 81 08 3c 00 0a 9b 00
INFO - 37 84 48 3c 00 0a cd 00
INFO - 37 86 88 3c 00 0a a5 00
INFO - 37 87 c8 3c 00 0a 90 00
INFO - 37 89 08 3c 00 0a ae 00
INFO - 37 8b 48 3c 00 0a 90 00
INFO - 37 8d 88 3c 00 0a b7 00
INFO - 37 8f c8 3c 00 0a 90 00
INFO - 37 91 08 3c 00 0a ae 00
INFO - 37 93 48 3c 00 0a 99 00
INFO - 37 95 88 3c 00 0a ae 00
INFO - 37 98 c8 3c 00 0a ae 00
INFO - 37 9a 08 3c 00 0a b7 00
INFO - 37 9c 48 3c 00 0a ab 00
INFO - 37 9e 88 3c 00 0a 9b 00
INFO - 37 a0 c8 3c 00 0a ad 00
INFO - 37 a2 08 3c 00 0a ad 00
INFO - 37 a5 48 3c 00 0a ad 00
INFO - 37 a7 88 3c 00 0a ad 00
INFO - 37 aa c8 3c 00 0a d1 00
INFO - 37 aa 08 3c 00 0a d1 00
INFO - 37 aa 48 3c 00 0a d1 00
INFO - 37 aa 88 3c 00 0a d1 00
INFO - 37 aa c8 3c 00 0a d1 00
INFO - 37 aa 08 3c 00 0a d1 00
INFO - 37 aa 48 3c 00 0a d1 00
INFO - 37 aa 88 3c 00 0a d1 00
INFO - 37 aa c8 3c 00 0a d1 00
INFO - 37 aa 08 3c 00 0a d1 00
INFO - 37 aa 48 3c 00 0a d1 00
INFO - 37 aa 88 3c 00 0a d1 00
INFO - 37 aa c8 3c 00 0a d1 00
INFO - 37 aa 08 3c 00 0a d1 00
INFO - 37 aa 48 3c 00 0a d1 00
INFO - 37 aa 88 3c 00 0a d1 00
INFO - 37 aa c8 3c 00 0a d1 00
INFO - 37 aa 08 3c 00 0a d1 00
INFO - 37 aa 48 3c 00 0a d1 00
INFO - 37 aa 88 3c 00 0a d1 00
INFO - 37 aa c8 3c 00 0a d1 00
INFO - 37 aa 08 3c 00 0a d1 00
INFO - 37 aa 48 3c 00 0a d1 00
INFO - 37 aa 88 3c 00 0a d1 00
INFO - 37 aa c8 3c 00 0a d1 00
INFO - 37 aa 08 3c 00 0a d1 00
INFO - 37 aa 48 3c 00 0a d1 00
INFO - 37 aa 88 3c 00 0a d1 00
INFO - 37 aa c8 3c 00 0a d1 00
INFO - 37 aa 08 3c 00 0a d1 00
INFO - 37 aa 48 3c 00 0a d1 00
INFO - 37 aa 88 3c 00 0a d1 00
INFO - 37 aa c8 3c 00 0a d1 00
INFO - 37 aa 08 3c 00 0a d1 00
INFO - 37 aa 48 3c 00 0a d1 00
INFO - 37 aa 88 3c 00 0a d1 00
INFO - 37 aa c8 3c 00 0a d1 00
INFO - 37 aa 08 3c 00 0a d1 00
INFO - 37 aa 48 3c 00 0a d1 00
INFO - 37 aa 88 3c 00 0a d1 00
INFO - 37 aa c8 3c 00 0a d1 00
INFO - 37 aa 08 3c 00 0a d1 00
INFO - 37 aa 48 3c 00 0a d1 00
INFO - 37 aa 88 3c 00 0a d1 00
INFO - 37 aa c8 3c 00 0a d1 00
INFO - 37 aa 08 3c 00 0a d1 00
INFO - 37 aa 48 3c 00 0a d1 00
INFO - 37 aa 88 3c 00 0a d1 00
INFO - 37 aa c8 3c 00 0a d1 00
INFO - 37 aa 08 3c 00 0a d1 00
INFO - 37 aa 48 3c 00 0a d1 00
INFO - 37 aa 88 3c 00 0a d1 00
INFO - 37 aa c8 3c 00 0a d1 00
INFO - 37 aa 08 3c 00 0a d1 00
INFO - 37 aa 48 3c 00 0a d1 00
INFO - 37 aa 88 3c 00 0a d1 00
INFO - 37 aa c8 3c 00 0a d1 00
INFO - 37 aa 08 3c 00 0a d1 00
INFO - 37 aa 48 3c 00 0a d1 00
INFO - 37 aa 88 3c 00 0a d1 00
INFO - 37 aa c8 3c 00 0a d1 00
INFO - 37 aa 08 3c 00 0a d1 00
INFO - 37 aa 48 3c 00 0a d1 00
