INFO - a1 c8 48 40 57 00 00 02
INFO - a1 c8 88 40 57 00 00 02
INFO - a1 c8 c8 40 57 00 00 02
INFO - a1 c8 08 40 57 00 00 02
INFO - a6 9c c8 40 57 00 00 02
INFO - a6 9c 08 40 57 00 00 02
INFO - a6 9c 48 40 57 00 00 02
INFO - a6 9c 88 40 57 00 00 02
INFO - a6 9c c8 40 57 00 00 02
INFO - aa 67 08 40 57 00 00 02
INFO - aa 67 48 40 57 00 00 02
INFO - aa 67 88 40 57 00 00 02
INFO - aa 67 c8 40 57 00 00 02
INFO - aa 67 08 40 57 00 00 02
INFO - ab 61 08 40 57 00 00 02
INFO - ab 61 48 40 57 00 00 02
INFO - ab 61 88 40 57 00 00 02
INFO - ab 61 c8 40 57 00 00 02
INFO - ac 2d 88 40 57 00 00 02
INFO - ac 2d c8 40 57 00 00 02
INFO - ac 2d 08 40 57 00 00 02
INFO - ac 2d 48 40 57 00 00 02
INFO - b1 bd c8 40 57 00 00 02
INFO - b1 bd 08 40 57 00 00 02
INFO - b1 bd 48 40 57 00 00 02
INFO - b1 bd 88 40 57 00 00 02
INFO - b8 7c 48 40 57 00 00 02
INFO - b8 7c 88 40 57 00 00 02
INFO - b8 7c c8 40 57 00 00 02
INFO - b8 7c 08 40 57 00 00 02
