INFO - 20 00 48 3c 00 0a 40 00
INFO - 20 05 88 3c 00 0b 3e 00
INFO - 20 0e c8 3c 00 0a 8f 00
INFO - 20 0e 08 3c 00 0a 8f 00
INFO - 20 0e 48 3c 00 0a 8f 00
INFO - 20 0e 88 3c 00 0a 8f 00
INFO - 20 15 c8 3c 00 0a 9f 00
INFO - 20 1a 08 3c 00 0b 36 00
INFO - 20 1c 48 3c 00 0a a5 00
INFO - 20 1d 88 3c 00 0a 58 00
INFO - 20 1d c8 3c 00 0a 58 00
INFO - 20 22 08 3c 00 0a c6 00
INFO - 20 22 48 3c 00 0a c6 00
INFO - 20 26 88 3c 00 0a 9d 00
INFO - 20 27 c8 3c 00 0a 86 00
INFO - 20 2a 08 3c 00 0a cf 00
INFO - 20 2d 48 3c 00 0a c0 00
INFO - 20 33 88 3c 00 0b 6b 00
INFO - 20 35 c8 3c 00 0a cd 00
INFO - 20 39 08 3c 00 0a fb 00
INFO - 20 39 48 3c 00 0a fb 00
INFO - 20 3f 88 3c 00 0a cc 00
INFO - 20 3f c8 3c 00 0a cc 00
INFO - 20 41 08 3c 00 0a 71 00
INFO - 20 41 48 3c 00 0a 71 00
INFO - 20 46 88 3c 00 0a cd 00
INFO - 20 46 c8 3c 00 0a cd 00
INFO - 20 4b 08 3c 00 0a b6 00
INFO - 20 4f 48 3c 00 0a fa 00
INFO - 20 50 88 3c 00 0a 87 00
INFO - 20 58 c8 3c 00 0b a4 00
INFO - 20 5a 08 3c 00 0a c3 00
INFO - 20 5c 48 3c 00 0a ab 00
INFO - 20 5e 88 3c 00 0a 93 00
INFO - 20 60 c8 3c 00 0a 93 00
INFO - 20 63 08 3c 00 0a 99 00
INFO - 20 65 48 3c 00 0a 94 00
INFO - 20 68 88 3c 00 0a cf 00
INFO - 20 6c c8 3c 00 0a ff 00
INFO - 20 6e 08 3c 00 0a ab 00
INFO - 20 70 48 3c 00 0a c5 00
INFO - 20 73 88 3c 00 0a aa 00
INFO - 20 75 c8 3c 00 0a ac 00
INFO - 20 77 08 3c 00 0a af 00
INFO - 20 7a 48 3c 00 0a c1 00
INFO - 20 7c 88 3c 00 0a a2 00
INFO - 20 7e c8 3c 00 0a c2 00
INFO - 20 81 08 3c 00 0a c8 00
INFO - 20 83 48 3c 00 0a b5 00
INFO - 20 85 88 3c 00 0a 98 00
INFO - 20 86 c8 3c 00 0a 85 00
INFO - 20 89 08 3c 00 0a c5 00
INFO - 20 8c 48 3c 00 0a bb 00
INFO - 20 8d 88 3c 00 0a 9e 00
INFO - 20 8f c8 3c 00 0a a3 00
INFO - 20 92 08 3c 00 0a aa 00
INFO - 20 94 48 3c 00 0a b0 00
INFO - 20 96 88 3c 00 0a 9f 00
INFO - 20 98 c8 3c 00 0a bc 00
INFO - 20 9a 08 3c 00 0a ab 00
INFO - 20 9d 48 3c 00 0a d1 00
INFO - 20 a0 88 3c 00 0a b9 00
INFO - 20 a2 c8 3c 00 0a c6 00
INFO - 20 a5 08 3c 00 0a c8 00
INFO - 20 a8 48 3c 00 0a b7 00
INFO - 20 ab 88 3c 00 0a f6 00
INFO - 20 ad c8 3c 00 0a ad 00
INFO - 20 af 08 3c 00 0a a4 00
INFO - 20 b1 48 3c 00 0a 9e 00
INFO - 20 b5 88 3c 00 0a f6 00
INFO - 20 b7 c8 3c 00 0a b9 00
INFO - 20 ba 08 3c 00 0a b9 00
INFO - 20 bc 48 3c 00 0a 95 00
INFO - 20 bf 88 3c 00 0a d5 00
INFO - 20 c1 c8 3c 00 0a 9e 00
INFO - 20 c3 08 3c 00 0a ad 00
INFO - 20 c5 48 3c 00 0a c9 00
INFO - 20 c7 88 3c 00 0a 9d 00
INFO - 20 c9 c8 3c 00 0a 98 00
INFO - 20 cb 08 3c 00 0a 9d 00
INFO - 20 cd 48 3c 00 0a ad 00
INFO - 20 cf 88 3c 00 0a a4 00
INFO - 20 d2 c8 3c 00 0a c1 00
INFO - 20 d6 08 3c 00 0b 0e 00
INFO - 20 d8 48 3c 00 0a b0 00
INFO - 20 da 88 3c 00 0a aa 00
INFO - 20 dd c8 3c 00 0a dd 00
INFO - 20 e0 08 3c 00 0a d2 00
INFO - 20 e4 48 3c 00 0a de 00
INFO - 20 e7 88 3c 00 0a f6 00
INFO - 20 e9 c8 3c 00 0a ac 00
INFO - 20 ec 08 3c 00 0a ae 00
INFO - 20 ef 48 3c 00 0a e1 00
INFO - 20 f1 88 3c 00 0a 7b 00
INFO - 20 f4 c8 3c 00 0a ca 00
INFO - 20 f6 08 3c 00 0a b5 00
INFO - 20 fa 48 3c 00 0a e2 00
INFO - 20 fc 88 3c 00 0a a9 00
INFO - 20 fe c8 3c 00 0a a4 00
INFO - 21 00 08 3c 00 0a 9f 00
INFO - 21 03 48 3c 00 0a d0 00
INFO - 21 05 88 3c 00 0a b0 00
INFO - 21 07 c8 3c 00 0a b6 00
INFO - 21 0a 08 3c 00 0a b9 00
INFO - 21 0c 48 3c 00 0a c4 00
INFO - 21 0e 88 3c 00 0a a3 00
INFO - 21 11 c8 3c 00 0a cd 00
INFO - 21 13 08 3c 00 0a ad 00
INFO - 21 16 48 3c 00 0a c3 00
INFO - 21 18 88 3c 00 0a ae 00
INFO - 21 1b c8 3c 00 0a b4 00
INFO - 21 1d 08 3c 00 0a b7 00
INFO - 21 1f 48 3c 00 0a af 00
INFO - 21 22 88 3c 00 0a c3 00
INFO - 21 25 c8 3c 00 0a ee 00
INFO - 21 28 08 3c 00 0a ce 00
INFO - 21 2b 48 3c 00 0a c6 00
INFO - 21 2d 88 3c 00 0a a7 00
INFO - 21 2f c8 3c 00 0a ba 00
INFO - 21 32 08 3c 00 0a b2 00
INFO - 21 34 48 3c 00 0a ba 00
INFO - 21 36 88 3c 00 0a 9b 00
INFO - 21 38 c8 3c 00 0a b9 00
INFO - 21 3c 08 3c 00 0a e2 00
INFO - 21 3e 48 3c 00 0a 9f 00
INFO - 21 40 88 3c 00 0a aa 00
INFO - 21 43 c8 3c 00 0a cd 00
INFO - 21 45 08 3c 00 0a b9 00
INFO - 21 48 48 3c 00 0a bd 00
INFO - 21 4a 88 3c 00 0a a2 00
INFO - 21 4b c8 3c 00 0a 9a 00
INFO - 21 4d 08 3c 00 0a 9e 00
INFO - 21 4f 48 3c 00 0a a1 00
INFO - 21 51 88 3c 00 0a a5 00
INFO - 21 54 c8 3c 00 0a c0 00
INFO - 21 55 08 3c 00 0a 92 00
INFO - 21 58 48 3c 00 0a c3 00
INFO - 21 5a 88 3c 00 0a 9a 00
INFO - 21 5d c8 3c 00 0a da 00
INFO - 21 5f 08 3c 00 0a 8d 00
INFO - 21 61 48 3c 00 0a 80 00
INFO - 21 63 88 3c 00 0a a0 00
INFO - 21 65 c8 3c 00 0a a5 00
INFO - 21 68 08 3c 00 0a bf 00
INFO - 21 6a 48 3c 00 0a ca 00
INFO - 21 6c 88 3c 00 0a a0 00
INFO - 21 72 c8 3c 00 0b 45 00
INFO - 21 74 08 3c 00 0a b2 00
INFO - 21 77 48 3c 00 0a ca 00
INFO - 21 79 88 3c 00 0a b5 00
INFO - 21 7b c8 3c 00 0a 8d 00
INFO - 21 7d 08 3c 00 0a c0 00
INFO - 21 7f 48 3c 00 0a a2 00
INFO - 21 82 88 3c 00 0a e3 00
INFO - 21 84 c8 3c 00 0a a1 00
INFO - 21 86 08 3c 00 0a a6 00
INFO - 21 8a 48 3c 00 0a e8 00
INFO - 21 8d 88 3c 00 0a ea 00
INFO - 21 8f c8 3c 00 0a ad 00
INFO - 21 91 08 3c 00 0a a3 00
INFO - 21 94 48 3c 00 0a a7 00
INFO - 21 95 88 3c 00 0a 8a 00
INFO - 21 98 c8 3c 00 0a ba 00
INFO - 21 9a 08 3c 00 0a b0 00
INFO - 21 9c 48 3c 00 0a ba 00
INFO - 21 9e 88 3c 00 0a aa 00
INFO - 21 a1 c8 3c 00 0a b7 00
INFO - 21 a3 08 3c 00 0a a5 00
INFO - 21 a5 48 3c 00 0a b3 00
INFO - 21 a7 88 3c 00 0a 99 00
INFO - 21 a9 c8 3c 00 0a bd 00
INFO - 21 ab 08 3c 00 0a 95 00
INFO - 21 ad 48 3c 00 0a 8d 00
INFO - 21 af 88 3c 00 0a 9c 00
INFO - 21 b0 c8 3c 00 0a 9e 00
INFO - 21 b2 08 3c 00 0a 98 00
INFO - 21 b4 48 3c 00 0a 9a 00
INFO - 21 b7 88 3c 00 0a c1 00
INFO - 21 b8 c8 3c 00 0a 8e 00
INFO - 21 bb 08 3c 00 0a b6 00
INFO - 21 bc 48 3c 00 0a 62 00
INFO - 21 bf 88 3c 00 0a c9 00
INFO - 21 c1 c8 3c 00 0a c1 00
INFO - 21 c5 08 3c 00 0a e7 00
INFO - 21 c7 48 3c 00 0a c2 00
INFO - 21 c9 88 3c 00 0a a9 00
INFO - 21 cc c8 3c 00 0a ae 00
INFO - 21 cf 08 3c 00 0a f0 00
INFO - 21 d2 48 3c 00 0a c4 00
INFO - 21 d4 88 3c 00 0a b6 00
INFO - 21 d6 c8 3c 00 0a 92 00
INFO - 21 d9 08 3c 00 0a d1 00
INFO - 21 db 48 3c 00 0a c0 00
INFO - 21 de 88 3c 00 0a b2 00
INFO - 21 df c8 3c 00 0a 98 00
INFO - 21 e1 08 3c 00 0a 9b 00
INFO - 21 e3 48 3c 00 0a 94 00
INFO - 21 e5 88 3c 00 0a 8e 00
INFO - 21 e6 c8 3c 00 0a 91 00
INFO - 21 e8 08 3c 00 0a a9 00
INFO - 21 ea 48 3c 00 0a ac 00
INFO - 21 ed 88 3c 00 0a a9 00
INFO - 21 ef c8 3c 00 0a ac 00
INFO - 21 f1 08 3c 00 0a a5 00
INFO - 21 f3 48 3c 00 0a 9f 00
INFO - 21 f5 88 3c 00 0a ad 00
INFO - 21 f8 c8 3c 00 0a d2 00
INFO - 21 fa 08 3c 00 0a 9b 00
INFO - 21 fb 48 3c 00 0a 8e 00
INFO - 21 fd 88 3c 00 0a a6 00
INFO - 22 00 c8 3c 00 0a da 00
INFO - 22 03 08 3c 00 0a ba 00
INFO - 22 05 48 3c 00 0a a0 00
INFO - 22 06 88 3c 00 0a 90 00
INFO - 22 08 c8 3c 00 0a 9c 00
INFO - 22 0a 08 3c 00 0a 96 00
INFO - 22 0c 48 3c 00 0a 8f 00
INFO - 22 0e 88 3c 00 0a aa 00
INFO - 22 10 c8 3c 00 0a 9a 00
INFO - 22 11 08 3c 00 0a 9e 00
INFO - 22 14 48 3c 00 0a b4 00
INFO - 22 16 88 3c 00 0a af 00
INFO - 22 17 c8 3c 00 0a 7e 00
INFO - 22 1a 08 3c 00 0a d1 00
INFO - 22 1c 48 3c 00 0a 89 00
INFO - 22 1e 88 3c 00 0a ab 00
INFO - 22 20 c8 3c 00 0a c4 00
INFO - 22 22 08 3c 00 0a 9d 00
INFO - 22 25 48 3c 00 0a dc 00
INFO - 22 28 88 3c 00 0a b1 00
INFO - 22 2a c8 3c 00 0a ab 00
INFO - 22 2c 08 3c 00 0a 6d 00
INFO - 22 2e 48 3c 00 0a a1 00
INFO - 22 30 88 3c 00 0a ae 00
INFO - 22 32 c8 3c 00 0a b2 00
INFO - 22 34 08 3c 00 0a 9f 00
INFO - 22 35 48 3c 00 0a 88 00
INFO - 22 37 88 3c 00 0a 9d 00
INFO - 22 39 c8 3c 00 0a 9d 00
INFO - 22 3b 08 3c 00 0a a8 00
INFO - 22 3d 48 3c 00 0a 9d 00
INFO - 22 40 88 3c 00 0a dc 00
INFO - 22 42 c8 3c 00 0a 9d 00
INFO - 22 44 08 3c 00 0a b2 00
INFO - 22 46 48 3c 00 0a 9d 00
INFO - 22 48 88 3c 00 0a a8 00
INFO - 22 4a c8 3c 00 0a 9d 00
INFO - 22 4d 08 3c 00 0a b2 00
INFO - 22 4e 48 3c 00 0a 93 00
INFO - 22 50 88 3c 00 0a 93 00
INFO - 22 52 c8 3c 00 0a bd 00
INFO - 22 55 08 3c 00 0a bd 00
INFO - 22 56 48 3c 00 0a 88 00
INFO - 22 59 88 3c 00 0a b2 00
INFO - 22 5a c8 3c 00 0a 93 00
INFO - 22 5d 08 3c 00 0a bd 00
INFO - 22 5f 48 3c 00 0a c7 00
INFO - 22 61 88 3c 00 0a 89 00
INFO - 22 63 c8 3c 00 0a a8 00
INFO - 22 65 08 3c 00 0a a8 00
INFO - 22 67 48 3c 00 0a 88 00
INFO - 22 69 88 3c 00 0a c7 00
INFO - 22 6b c8 3c 00 0a 88 00
INFO - 22 6d 08 3c 00 0a b1 00
INFO - 22 6f 48 3c 00 0a 96 00
INFO - 22 71 88 3c 00 0a af 00
INFO - 22 73 c8 3c 00 0a 96 00
INFO - 22 74 08 3c 00 0a 91 00
INFO - 22 76 48 3c 00 0a a8 00
INFO - 22 78 88 3c 00 0a a7 00
INFO - 22 7a c8 3c 00 0a 9c 00
INFO - 22 7d 08 3c 00 0a ca 00
INFO - 22 7f 48 3c 00 0a 90 00
INFO - 22 80 88 3c 00 0a 9d 00
INFO - 22 82 c8 3c 00 0a 89 00
INFO - 22 84 08 3c 00 0a ab 00
INFO - 22 86 48 3c 00 0a 9a 00
INFO - 22 88 88 3c 00 0a a8 00
INFO - 22 8c c8 3c 00 0a f0 00
INFO - 22 8d 08 3c 00 0a 9d 00
INFO - 22 8f 48 3c 00 0a 97 00
INFO - 22 92 88 3c 00 0a ce 00
INFO - 22 94 c8 3c 00 0a ab 00
INFO - 22 97 08 3c 00 0a ba 00
INFO - 22 98 48 3c 00 0a 93 00
INFO - 22 9b 88 3c 00 0a d3 00
INFO - 22 9d c8 3c 00 0a a7 00
INFO - 22 a0 08 3c 00 0a bd 00
INFO - 22 a2 48 3c 00 0a 97 00
INFO - 22 a3 88 3c 00 0a 9b 00
INFO - 22 a6 c8 3c 00 0a b4 00
INFO - 22 a8 08 3c 00 0a c9 00
