INFO - a0 00 48 08 b2 fc 5b 4f
INFO - a0 00 88 10 47 a8 a2 9e
INFO - a0 00 c8 18 00 01 86 a0
INFO - a0 00 08 08 b2 fc 5a e9
INFO - a0 00 48 10 47 a8 a2 ab
INFO - a0 00 88 18 00 01 86 a0
INFO - a0 02 c8 08 b2 fc 5a 20
INFO - a0 02 08 10 47 a8 a2 cd
INFO - a0 02 48 18 00 01 86 a0
INFO - a0 04 88 08 b2 fc 59 50
INFO - a0 04 c8 10 47 a8 a2 e7
INFO - a0 04 08 18 00 01 86 a0
INFO - a0 06 48 08 b2 fc 58 87
INFO - a0 06 88 10 47 a8 a3 09
INFO - a0 06 c8 18 00 01 86 a0
INFO - a0 08 08 08 b2 fc 57 b7
INFO - a0 08 48 10 47 a8 a3 2a
INFO - a0 08 88 18 00 01 86 a0
INFO - a0 0a c8 08 b2 fc 56 ee
INFO - a0 0a 08 10 47 a8 a3 45
INFO - a0 0a 48 18 00 01 86 a0
INFO - a0 0c 88 08 b2 fc 56 1e
INFO - a0 0c c8 10 47 a8 a3 67
INFO - a0 0c 08 18 00 01 86 a0
INFO - a0 0e 48 08 b2 fc 55 55
INFO - a0 0e 88 10 47 a8 a3 88
INFO - a0 0e c8 18 00 01 86 a0
INFO - a0 10 08 08 b2 fc 54 85
INFO - a0 10 48 10 47 a8 a3 a3
INFO - a0 10 88 18 00 01 86 a0
INFO - a0 13 c8 08 b2 fc 53 b5
INFO - a0 13 08 10 47 a8 a3 c5
INFO - a0 13 48 18 00 01 86 a0
INFO - a0 14 88 08 b2 fc 52 ec
INFO - a0 14 c8 10 47 a8 a3 df
INFO - a0 14 08 18 00 01 86 a0
INFO - a0 17 48 08 b2 fc 52 1c
INFO - a0 17 88 10 47 a8 a4 01
INFO - a0 17 c8 18 00 01 86 a0
INFO - a0 18 08 08 b2 fc 51 53
INFO - a0 18 48 10 47 a8 a4 23
INFO - a0 18 88 18 00 01 86 a0
INFO - a0 1b c8 08 b2 fc 50 83
INFO - a0 1b 08 10 47 a8 a4 3d
INFO - a0 1b 48 18 00 01 86 a0
INFO - a0 1c 88 08 b2 fc 4f ba
INFO - a0 1c c8 10 47 a8 a4 5f
INFO - a0 1c 08 18 00 01 86 a0
INFO - a0 1f 48 08 b2 fc 4e ea
INFO - a0 1f 88 10 47 a8 a4 80
INFO - a0 1f c8 18 00 01 86 a0
INFO - a0 20 08 08 b2 fc 4e 21
INFO - a0 20 48 10 47 a8 a4 9b
INFO - a0 20 88 18 00 01 86 a0
INFO - a0 23 c8 08 b2 fc 4d 51
INFO - a0 23 08 10 47 a8 a4 bd
INFO - a0 23 48 18 00 01 86 a0
INFO - a0 24 88 08 b2 fc 4c 88
INFO - a0 24 c8 10 47 a8 a4 d8
INFO - a0 24 08 18 00 01 86 a0
INFO - a0 27 48 08 b2 fc 4b b8
INFO - a0 27 88 10 47 a8 a4 f9
INFO - a0 27 c8 18 00 01 86 a0
INFO - a0 28 08 08 b2 fc 4a ef
INFO - a0 28 48 10 47 a8 a5 1b
INFO - a0 28 88 18 00 01 86 a0
INFO - a0 2b c8 08 b2 fc 4a 1f
INFO - a0 2b 08 10 47 a8 a5 35
INFO - a0 2b 48 18 00 01 86 a0
INFO - a0 2c 88 08 b2 fc 49 56
INFO - a0 2c c8 10 47 a8 a5 57
INFO - a0 2c 08 18 00 01 86 a0
INFO - a0 2e 48 08 b2 fc 48 86
INFO - a0 2e 88 10 47 a8 a5 72
INFO - a0 2e c8 18 00 01 86 a0
INFO - a0 30 08 08 b2 fc 47 bd
INFO - a0 30 48 10 47 a8 a5 93
INFO - a0 30 88 18 00 01 86 a0
INFO - a0 32 c8 08 b2 fc 46 ed
INFO - a0 32 08 10 47 a8 a5 ae
INFO - a0 32 48 18 00 01 86 a0
INFO - a0 34 88 08 b2 fc 46 24
INFO - a0 34 c8 10 47 a8 a5 d0
INFO - a0 34 08 18 00 01 86 a0
INFO - a0 37 48 08 b2 fc 45 54
INFO - a0 37 88 10 47 a8 a5 f1
INFO - a0 37 c8 18 00 01 86 a0
INFO - a0 38 08 08 b2 fc 44 8b
INFO - a0 38 48 10 47 a8 a6 0c
INFO - a0 38 88 18 00 01 86 a0
INFO - a0 3a c8 08 b2 fc 43 bb
INFO - a0 3a 08 10 47 a8 a6 2e
INFO - a0 3a 48 18 00 01 86 a0
INFO - a0 3c 88 08 b2 fc 42 f1
INFO - a0 3c c8 10 47 a8 a6 48
INFO - a0 3c 08 18 00 01 86 a0
INFO - a0 3e 48 08 b2 fc 42 22
INFO - a0 3e 88 10 47 a8 a6 6a
INFO - a0 3e c8 18 00 01 86 a0
INFO - a0 40 08 08 b2 fc 41 58
INFO - a0 40 48 10 47 a8 a6 8b
INFO - a0 40 88 18 00 01 86 a0
INFO - a0 42 c8 08 b2 fc 40 89
INFO - a0 42 08 10 47 a8 a6 a6
INFO - a0 42 48 18 00 01 86 a0
INFO - a0 44 88 08 b2 fc 3f bf
INFO - a0 44 c8 10 47 a8 a6 c8
INFO - a0 44 08 18 00 01 86 a0
INFO - a0 46 48 08 b2 fc 3e f0
INFO - a0 46 88 10 47 a8 a6 e3
INFO - a0 46 c8 18 00 01 86 a0
INFO - a0 48 08 08 b2 fc 3e 26
INFO - a0 48 48 10 47 a8 a7 04
INFO - a0 48 88 18 00 01 86 a0
INFO - a0 4a c8 08 b2 fc 3d 5d
INFO - a0 4a 08 10 47 a8 a7 26
INFO - a0 4a 48 18 00 01 86 a0
INFO - a0 4c 88 08 b2 fc 3c 8d
INFO - a0 4c c8 10 47 a8 a7 41
INFO - a0 4c 08 18 00 01 86 a0
INFO - a0 4e 48 08 b2 fc 3b bd
INFO - a0 4e 88 10 47 a8 a7 62
INFO - a0 4e c8 18 00 01 86 a0
INFO - a0 50 08 08 b2 fc 3a f4
INFO - a0 50 48 10 47 a8 a7 84
INFO - a0 50 88 18 00 01 86 a0
INFO - a0 52 c8 08 b2 fc 3a 24
INFO - a0 52 08 10 47 a8 a7 9e
INFO - a0 52 48 18 00 01 86 a0
INFO - a0 54 88 08 b2 fc 39 b2
INFO - a0 54 c8 10 47 a8 a7 b2
INFO - a0 54 08 18 00 01 86 a0
INFO - a0 54 48 08 b2 fc 39 b2
INFO - a0 54 88 10 47 a8 a7 b2
INFO - a0 54 c8 18 00 01 86 a0
INFO - a0 70 08 08 b2 fc 2e 7c
INFO - a0 70 48 10 47 a8 a9 66
INFO - a0 70 88 18 00 01 86 a0
INFO - a0 72 c8 08 b2 fc 2d b3
INFO - a0 72 08 10 47 a8 a9 81
INFO - a0 72 48 18 00 01 86 a0
INFO - a0 74 88 08 b2 fc 2c e3
INFO - a0 74 c8 10 47 a8 a9 a3
INFO - a0 74 08 18 00 01 86 a0
INFO - a0 76 48 08 b2 fc 2c 14
INFO - a0 76 88 10 47 a8 a9 c4
INFO - a0 76 c8 18 00 01 86 a0
INFO - a0 78 08 08 b2 fc 2b 4a
INFO - a0 78 48 10 47 a8 a9 df
INFO - a0 78 88 18 00 01 86 a0
INFO - a0 7a c8 08 b2 fc 2a 7b
INFO - a0 7a 08 10 47 a8 aa 01
INFO - a0 7a 48 18 00 01 86 a0
INFO - a0 7c 88 08 b2 fc 29 b1
INFO - a0 7c c8 10 47 a8 aa 1b
INFO - a0 7c 08 18 00 01 86 a0
INFO - a0 7e 48 08 b2 fc 28 e1
INFO - a0 7e 88 10 47 a8 aa 3d
INFO - a0 7e c8 18 00 01 86 a0
INFO - a0 80 08 08 b2 fc 28 18
INFO - a0 80 48 10 47 a8 aa 5e
INFO - a0 80 88 18 00 01 86 a0
INFO - a0 82 c8 08 b2 fc 27 48
INFO - a0 82 08 10 47 a8 aa 79
INFO - a0 82 48 18 00 01 86 a0
INFO - a0 84 88 08 b2 fc 26 7f
INFO - a0 84 c8 10 47 a8 aa 9b
INFO - a0 84 08 18 00 01 86 a0
INFO - a0 86 48 08 b2 fc 25 af
INFO - a0 86 88 10 47 a8 aa b6
INFO - a0 86 c8 18 00 01 86 a0
INFO - a0 88 08 08 b2 fc 24 e6
INFO - a0 88 48 10 47 a8 aa d7
INFO - a0 88 88 18 00 01 86 a0
INFO - a0 8a c8 08 b2 fc 24 16
INFO - a0 8a 08 10 47 a8 aa f9
INFO - a0 8a 48 18 00 01 86 a0
INFO - a0 8c 88 08 b2 fc 23 4d
INFO - a0 8c c8 10 47 a8 ab 14
INFO - a0 8c 08 18 00 01 86 a0
INFO - a0 8e 48 08 b2 fc 22 7d
INFO - a0 8e 88 10 47 a8 ab 35
INFO - a0 8e c8 18 00 01 86 a0
INFO - a0 90 08 08 b2 fc 21 b4
INFO - a0 90 48 10 47 a8 ab 50
INFO - a0 90 88 18 00 01 86 a0
INFO - a0 92 c8 08 b2 fc 20 e4
INFO - a0 92 08 10 47 a8 ab 71
INFO - a0 92 48 18 00 01 86 a0
INFO - a0 94 88 08 b2 fc 20 14
INFO - a0 94 c8 10 47 a8 ab 93
INFO - a0 94 08 18 00 01 86 a0
INFO - a0 96 48 08 b2 fc 1f 4b
INFO - a0 96 88 10 47 a8 ab ae
INFO - a0 96 c8 18 00 01 86 a0
INFO - a0 98 08 08 b2 fc 1e 7b
INFO - a0 98 48 10 47 a8 ab cf
INFO - a0 98 88 18 00 01 86 a0
INFO - a0 9a c8 08 b2 fc 1d b2
INFO - a0 9a 08 10 47 a8 ab ea
INFO - a0 9a 48 18 00 01 86 a0
INFO - a0 9c 88 08 b2 fc 1c e2
INFO - a0 9c c8 10 47 a8 ac 0c
INFO - a0 9c 08 18 00 01 86 a0
INFO - a0 9e 48 08 b2 fc 1c 19
INFO - a0 9e 88 10 47 a8 ac 2d
INFO - a0 9e c8 18 00 01 86 a0
INFO - a0 a0 08 08 b2 fc 1b 49
INFO - a0 a0 48 10 47 a8 ac 48
INFO - a0 a0 88 18 00 01 86 a0
INFO - a0 a2 c8 08 b2 fc 1a 80
INFO - a0 a2 08 10 47 a8 ac 69
INFO - a0 a2 48 18 00 01 86 a0
INFO - a0 a4 88 08 b2 fc 19 b0
INFO - a0 a4 c8 10 47 a8 ac 8b
INFO - a0 a4 08 18 00 01 86 a0
INFO - a0 a6 48 08 b2 fc 18 e7
INFO - a0 a6 88 10 47 a8 ac a6
INFO - a0 a6 c8 18 00 01 86 a0
INFO - a0 a8 08 08 b2 fc 18 17
INFO - a0 a8 48 10 47 a8 ac c7
INFO - a0 a8 88 18 00 01 86 a0
INFO - a0 aa c8 08 b2 fc 17 4e
INFO - a0 aa 08 10 47 a8 ac e2
INFO - a0 aa 48 18 00 01 86 a0
INFO - a0 ac 88 08 b2 fc 16 7e
INFO - a0 ac c8 10 47 a8 ad 04
INFO - a0 ac 08 18 00 01 86 a0
INFO - a0 ae 48 08 b2 fc 15 ae
INFO - a0 ae 88 10 47 a8 ad 25
INFO - a0 ae c8 18 00 01 86 a0
INFO - a0 b0 08 08 b2 fc 14 e5
INFO - a0 b0 48 10 47 a8 ad 40
INFO - a0 b0 88 18 00 01 86 a0
INFO - a0 b2 c8 08 b2 fc 14 15
INFO - a0 b2 08 10 47 a8 ad 62
INFO - a0 b2 48 18 00 01 86 a0
INFO - a0 b4 88 08 b2 fc 13 4c
INFO - a0 b4 c8 10 47 a8 ad 7c
INFO - a0 b4 08 18 00 01 86 a0
INFO - a0 b6 48 08 b2 fc 12 7c
INFO - a0 b6 88 10 47 a8 ad 9e
INFO - a0 b6 c8 18 00 01 86 a0
INFO - a0 b8 08 08 b2 fc 11 b3
INFO - a0 b8 48 10 47 a8 ad bf
INFO - a0 b8 88 18 00 01 86 a0
INFO - a0 ba c8 08 b2 fc 10 e3
INFO - a0 ba 08 10 47 a8 ad da
INFO - a0 ba 48 18 00 01 86 a0
INFO - a0 bc 88 08 b2 fc 10 1a
INFO - a0 bc c8 10 47 a8 ad fc
INFO - a0 bc 08 18 00 01 86 a0
INFO - a0 be 48 08 b2 fc 0f 4a
INFO - a0 be 88 10 47 a8 ae 1d
INFO - a0 be c8 18 00 01 86 a0
INFO - a0 c0 08 08 b2 fc 0e 81
INFO - a0 c0 48 10 47 a8 ae 38
INFO - a0 c0 88 18 00 01 86 a0
INFO - a0 c2 c8 08 b2 fc 0d b1
INFO - a0 c2 08 10 47 a8 ae 5a
INFO - a0 c2 48 18 00 01 86 a0
INFO - a0 c4 88 08 b2 fc 0c e8
INFO - a0 c4 c8 10 47 a8 ae 7b
INFO - a0 c4 08 18 00 01 86 a0
INFO - a0 c6 48 08 b2 fc 0c 18
INFO - a0 c6 88 10 47 a8 ae 96
INFO - a0 c6 c8 18 00 01 86 a0
INFO - a0 c8 08 08 b2 fc 0b 4f
INFO - a0 c8 48 10 47 a8 ae b8
INFO - a0 c8 88 18 00 01 86 a0
INFO - a0 ca c8 08 b2 fc 0a 7f
INFO - a0 ca 08 10 47 a8 ae d2
INFO - a0 ca 48 18 00 01 86 a0
INFO - a0 cc 88 08 b2 fc 09 b6
INFO - a0 cc c8 10 47 a8 ae f4
INFO - a0 cc 08 18 00 01 86 a0
INFO - a0 ce 48 08 b2 fc 08 e6
INFO - a0 ce 88 10 47 a8 af 15
INFO - a0 ce c8 18 00 01 86 a0
INFO - a0 d0 08 08 b2 fc 08 1d
INFO - a0 d0 48 10 47 a8 af 30
INFO - a0 d0 88 18 00 01 86 a0
INFO - a0 d2 c8 08 b2 fc 07 4d
INFO - a0 d2 08 10 47 a8 af 52
INFO - a0 d2 48 18 00 01 86 a0
INFO - a0 d4 88 08 b2 fc 06 84
INFO - a0 d4 c8 10 47 a8 af 73
INFO - a0 d4 08 18 00 01 86 a0
INFO - a0 d6 48 08 b2 fc 05 b4
INFO - a0 d6 88 10 47 a8 af 8e
INFO - a0 d6 c8 18 00 01 86 a0
INFO - a0 d8 08 08 b2 fc 04 e4
INFO - a0 d8 48 10 47 a8 af b0
INFO - a0 d8 88 18 00 01 86 a0
INFO - a0 da c8 08 b2 fc 04 1b
INFO - a0 da 08 10 47 a8 af cb
INFO - a0 da 48 18 00 01 86 a0
INFO - a0 dc 88 08 b2 fc 03 4b
INFO - a0 dc c8 10 47 a8 af ec
INFO - a0 dc 08 18 00 01 86 a0
INFO - a0 de 48 08 b2 fc 02 82
INFO - a0 de 88 10 47 a8 b0 0e
INFO - a0 de c8 18 00 01 86 a0
INFO - a0 e0 08 08 b2 fc 01 b2
INFO - a0 e0 48 10 47 a8 b0 28
INFO - a0 e0 88 18 00 01 86 a0
INFO - a0 e2 c8 08 b2 fc 00 e9
INFO - a0 e2 08 10 47 a8 b0 4a
INFO - a0 e2 48 18 00 01 86 a0
INFO - a0 e4 88 08 b2 fc 00 19
INFO - a0 e4 c8 10 47 a8 b0 6b
INFO - a0 e4 08 18 00 01 86 a0
INFO - a0 e6 48 08 b2 fb ff 50
INFO - a0 e6 88 10 47 a8 b0 86
INFO - a0 e6 c8 18 00 01 86 a0
INFO - a0 e8 08 08 b2 fb fe 80
INFO - a0 e8 48 10 47 a8 b0 a8
INFO - a0 e8 88 18 00 01 86 a0
INFO - a0 ea c8 08 b2 fb fd b7
INFO - a0 ea 08 10 47 a8 b0 c9
INFO - a0 ea 48 18 00 01 86 a0
INFO - a0 ec 88 08 b2 fb fc e7
INFO - a0 ec c8 10 47 a8 b0 e4
INFO - a0 ec 08 18 00 01 86 a0
INFO - a0 ee 48 08 b2 fb fc 17
INFO - a0 ee 88 10 47 a8 b1 06
INFO - a0 ee c8 18 00 01 86 a0
INFO - a0 f0 08 08 b2 fb fb 4e
INFO - a0 f0 48 10 47 a8 b1 20
INFO - a0 f0 88 18 00 01 86 a0
INFO - a0 f2 c8 08 b2 fb fa 85
INFO - a0 f2 08 10 47 a8 b1 42
INFO - a0 f2 48 18 00 01 86 a0
INFO - a0 f4 88 08 b2 fb f9 b5
INFO - a0 f4 c8 10 47 a8 b1 64
INFO - a0 f4 08 18 00 01 86 a0
INFO - a0 f6 48 08 b2 fb f8 e5
INFO - a0 f6 88 10 47 a8 b1 7e
INFO - a0 f6 c8 18 00 01 86 a0
INFO - a0 f8 08 08 b2 fb f8 1c
INFO - a0 f8 48 10 47 a8 b1 a0
INFO - a0 f8 88 18 00 01 86 a0
INFO - a0 fa c8 08 b2 fb f7 4c
INFO - a0 fa 08 10 47 a8 b1 bb
INFO - a0 fa 48 18 00 01 86 a0
INFO - a0 fc 88 08 b2 fb f6 83
INFO - a0 fc c8 10 47 a8 b1 dc
INFO - a0 fc 08 18 00 01 86 a0
INFO - a0 fe 48 08 b2 fb f5 b3
INFO - a0 fe 88 10 47 a8 b1 fe
INFO - a0 fe c8 18 00 01 86 a0
INFO - a1 00 08 08 b2 fb f4 e3
INFO - a1 00 48 10 47 a8 b2 19
INFO - a1 00 88 18 00 01 86 a0
INFO - a1 02 c8 08 b2 fb f4 1a
INFO - a1 02 08 10 47 a8 b2 3a
INFO - a1 02 48 18 00 01 86 a0
INFO - a1 04 88 08 b2 fb f3 4a
INFO - a1 04 c8 10 47 a8 b2 5c
INFO - a1 04 08 18 00 01 86 a0
INFO - a1 06 48 08 b2 fb f2 81
INFO - a1 06 88 10 47 a8 b2 76
INFO - a1 06 c8 18 00 01 86 a0
INFO - a1 08 08 08 b2 fb f1 b1
INFO - a1 08 48 10 47 a8 b2 98
INFO - a1 08 88 18 00 01 86 a0
INFO - a1 0a c8 08 b2 fb f0 e8
INFO - a1 0a 08 10 47 a8 b2 b3
INFO - a1 0a 48 18 00 01 86 a0
INFO - a1 0c 88 08 b2 fb f0 18
INFO - a1 0c c8 10 47 a8 b2 d4
INFO - a1 0c 08 18 00 01 86 a0
INFO - a1 0e 48 08 b2 fb ef 48
INFO - a1 0e 88 10 47 a8 b2 f6
INFO - a1 0e c8 18 00 01 86 a0
INFO - a1 10 08 08 b2 fb ee 7f
INFO - a1 10 48 10 47 a8 b3 11
INFO - a1 10 88 18 00 01 86 a0
INFO - a1 12 c8 08 b2 fb ed b6
INFO - a1 12 08 10 47 a8 b3 32
INFO - a1 12 48 18 00 01 86 a0
INFO - a1 14 88 08 b2 fb ec e6
INFO - a1 14 c8 10 47 a8 b3 54
INFO - a1 14 08 18 00 01 86 a0
INFO - a1 16 48 08 b2 fb ec 1d
INFO - a1 16 88 10 47 a8 b3 6f
INFO - a1 16 c8 18 00 01 86 a0
INFO - a1 18 08 08 b2 fb eb 4d
INFO - a1 18 48 10 47 a8 b3 90
INFO - a1 18 88 18 00 01 86 a0
INFO - a1 1a c8 08 b2 fb ea 84
INFO - a1 1a 08 10 47 a8 b3 ab
INFO - a1 1a 48 18 00 01 86 a0
INFO - a1 1c 88 08 b2 fb e9 b4
INFO - a1 1c c8 10 47 a8 b3 cc
INFO - a1 1c 08 18 00 01 86 a0
INFO - a1 1e 48 08 b2 fb e8 eb
INFO - a1 1e 88 10 47 a8 b3 ee
INFO - a1 1e c8 18 00 01 86 a0
INFO - a1 20 08 08 b2 fb e8 1b
INFO - a1 20 48 10 47 a8 b4 09
INFO - a1 20 88 18 00 01 86 a0
INFO - a1 22 c8 08 b2 fb e7 52
INFO - a1 22 08 10 47 a8 b4 2a
INFO - a1 22 48 18 00 01 86 a0
INFO - a1 24 88 08 b2 fb e6 82
INFO - a1 24 c8 10 47 a8 b4 45
INFO - a1 24 08 18 00 01 86 a0
INFO - a1 26 48 08 b2 fb e5 b9
INFO - a1 26 88 10 47 a8 b4 67
INFO - a1 26 c8 18 00 01 86 a0
INFO - a1 28 08 08 b2 fb e4 e9
INFO - a1 28 48 10 47 a8 b4 88
INFO - a1 28 88 18 00 01 86 a0
INFO - a1 2a c8 08 b2 fb e4 20
INFO - a1 2a 08 10 47 a8 b4 aa
INFO - a1 2a 48 18 00 01 86 a0
INFO - a1 2c 88 08 b2 fb e3 50
INFO - a1 2c c8 10 47 a8 b4 c5
INFO - a1 2c 08 18 00 01 86 a0
INFO - a1 2e 48 08 b2 fb e2 86
INFO - a1 2e 88 10 47 a8 b4 e6
INFO - a1 2e c8 18 00 01 86 a0
INFO - a1 30 08 08 b2 fb e1 b7
INFO - a1 30 48 10 47 a8 b5 01
INFO - a1 30 88 18 00 01 86 a0
INFO - a1 32 c8 08 b2 fb e0 ed
INFO - a1 32 08 10 47 a8 b5 22
INFO - a1 32 48 18 00 01 86 a0
INFO - a1 34 88 08 b2 fb e0 1e
INFO - a1 34 c8 10 47 a8 b5 44
INFO - a1 34 08 18 00 01 86 a0
INFO - a1 36 48 08 b2 fb df 54
INFO - a1 36 88 10 47 a8 b5 5f
INFO - a1 36 c8 18 00 01 86 a0
INFO - a1 38 08 08 b2 fb de 85
INFO - a1 38 48 10 47 a8 b5 80
INFO - a1 38 88 18 00 01 86 a0
INFO - a1 3a c8 08 b2 fb dd bb
INFO - a1 3a 08 10 47 a8 b5 9b
INFO - a1 3a 48 18 00 01 86 a0
INFO - a1 3c 88 08 b2 fb dc eb
INFO - a1 3c c8 10 47 a8 b5 bd
INFO - a1 3c 08 18 00 01 86 a0
INFO - a1 3e 48 08 b2 fb dc 1c
INFO - a1 3e 88 10 47 a8 b5 de
INFO - a1 3e c8 18 00 01 86 a0
INFO - a1 40 08 08 b2 fb db 52
INFO - a1 40 48 10 47 a8 b5 f9
INFO - a1 40 88 18 00 01 86 a0
INFO - a1 42 c8 08 b2 fb da 83
INFO - a1 42 08 10 47 a8 b6 1b
INFO - a1 42 48 18 00 01 86 a0
INFO - a1 44 88 08 b2 fb d9 b9
INFO - a1 44 c8 10 47 a8 b6 3c
INFO - a1 44 08 18 00 01 86 a0
INFO - a1 46 48 08 b2 fb d8 ea
INFO - a1 46 88 10 47 a8 b6 57
INFO - a1 46 c8 18 00 01 86 a0
INFO - a1 48 08 08 b2 fb d8 20
INFO - a1 48 48 10 47 a8 b6 78
INFO - a1 48 88 18 00 01 86 a0
INFO - a1 4a c8 08 b2 fb d7 51
INFO - a1 4a 08 10 47 a8 b6 93
INFO - a1 4a 48 18 00 01 86 a0
INFO - a1 4c 88 08 b2 fb d6 87
INFO - a1 4c c8 10 47 a8 b6 b5
INFO - a1 4c 08 18 00 01 86 a0
INFO - a1 4e 48 08 b2 fb d5 b7
INFO - a1 4e 88 10 47 a8 b6 d6
INFO - a1 4e c8 18 00 01 86 a0
INFO - a1 50 08 08 b2 fb d4 e8
INFO - a1 50 48 10 47 a8 b6 f1
INFO - a1 50 88 18 00 01 86 a0
INFO - a1 52 c8 08 b2 fb d4 1e
INFO - a1 52 08 10 47 a8 b7 13
INFO - a1 52 48 18 00 01 86 a0
INFO - a1 54 88 08 b2 fb d3 4f
INFO - a1 54 c8 10 47 a8 b7 2d
INFO - a1 54 08 18 00 01 86 a0
INFO - a1 56 48 08 b2 fb d2 85
INFO - a1 56 88 10 47 a8 b7 4f
INFO - a1 56 c8 18 00 01 86 a0
INFO - a1 58 08 08 b2 fb d1 b6
INFO - a1 58 48 10 47 a8 b7 71
INFO - a1 58 88 18 00 01 86 a0
INFO - a1 5a c8 08 b2 fb d0 ec
INFO - a1 5a 08 10 47 a8 b7 8b
INFO - a1 5a 48 18 00 01 86 a0
INFO - a1 5c 88 08 b2 fb d0 1c
INFO - a1 5c c8 10 47 a8 b7 ad
INFO - a1 5c 08 18 00 01 86 a0
INFO - a1 5e 48 08 b2 fb cf 4d
INFO - a1 5e 88 10 47 a8 b7 c8
INFO - a1 5e c8 18 00 01 86 a0
INFO - a1 60 08 08 b2 fb ce 83
INFO - a1 60 48 10 47 a8 b7 e9
INFO - a1 60 88 18 00 01 86 a0
INFO - a1 62 c8 08 b2 fb cd b4
INFO - a1 62 08 10 47 a8 b8 0b
INFO - a1 62 48 18 00 01 86 a0
INFO - a1 64 88 08 b2 fb cc ea
INFO - a1 64 c8 10 47 a8 b8 26
INFO - a1 64 08 18 00 01 86 a0
INFO - a1 66 48 08 b2 fb cc 1b
INFO - a1 66 88 10 47 a8 b8 47
INFO - a1 66 c8 18 00 01 86 a0
INFO - a1 68 08 08 b2 fb cb 51
INFO - a1 68 48 10 47 a8 b8 69
INFO - a1 68 88 18 00 01 86 a0
INFO - a1 6a c8 08 b2 fb ca 81
INFO - a1 6a 08 10 47 a8 b8 83
INFO - a1 6a 48 18 00 01 86 a0
INFO - a1 6c 88 08 b2 fb c9 b8
INFO - a1 6c c8 10 47 a8 b8 a5
INFO - a1 6c 08 18 00 01 86 a0
INFO - a1 6e 48 08 b2 fb c8 e8
INFO - a1 6e 88 10 47 a8 b8 c0
INFO - a1 6e c8 18 00 01 86 a0
INFO - a1 70 08 08 b2 fb c8 1f
INFO - a1 70 48 10 47 a8 b8 e1
INFO - a1 70 88 18 00 01 86 a0
INFO - a1 72 c8 08 b2 fb c7 4f
INFO - a1 72 08 10 47 a8 b9 03
INFO - a1 72 48 18 00 01 86 a0
INFO - a1 74 88 08 b2 fb c6 80
INFO - a1 74 c8 10 47 a8 b9 1e
INFO - a1 74 08 18 00 01 86 a0
INFO - a1 76 48 08 b2 fb c5 b6
INFO - a1 76 88 10 47 a8 b9 3f
INFO - a1 76 c8 18 00 01 86 a0
INFO - a1 78 08 08 b2 fb c4 e7
INFO - a1 78 48 10 47 a8 b9 61
INFO - a1 78 88 18 00 01 86 a0
INFO - a1 7a c8 08 b2 fb c4 1d
INFO - a1 7a 08 10 47 a8 b9 7c
INFO - a1 7a 48 18 00 01 86 a0
INFO - a1 7c 88 08 b2 fb c3 4d
INFO - a1 7c c8 10 47 a8 b9 9d
INFO - a1 7c 08 18 00 01 86 a0
INFO - a1 7e 48 08 b2 fb c2 7e
INFO - a1 7e 88 10 47 a8 b9 b8
INFO - a1 7e c8 18 00 01 86 a0
INFO - a1 80 08 08 b2 fb c1 b4
INFO - a1 80 48 10 47 a8 b9 d9
INFO - a1 80 88 18 00 01 86 a0
INFO - a1 82 c8 08 b2 fb c0 eb
INFO - a1 82 08 10 47 a8 b9 fb
INFO - a1 82 48 18 00 01 86 a0
INFO - a1 84 88 08 b2 fb c0 1b
INFO - a1 84 c8 10 47 a8 ba 16
INFO - a1 84 08 18 00 01 86 a0
INFO - a1 86 48 08 b2 fb bf 52
INFO - a1 86 88 10 47 a8 ba 37
INFO - a1 86 c8 18 00 01 86 a0
INFO - a1 88 08 08 b2 fb be 82
INFO - a1 88 48 10 47 a8 ba 59
INFO - a1 88 88 18 00 01 86 a0
INFO - a1 8a c8 08 b2 fb bd b9
INFO - a1 8a 08 10 47 a8 ba 74
INFO - a1 8a 48 18 00 01 86 a0
INFO - a1 8c 88 08 b2 fb bc e9
INFO - a1 8c c8 10 47 a8 ba 95
INFO - a1 8c 08 18 00 01 86 a0
INFO - a1 8e 48 08 b2 fb bc 20
INFO - a1 8e 88 10 47 a8 ba b0
INFO - a1 8e c8 18 00 01 86 a0
INFO - a1 90 08 08 b2 fb bb 50
INFO - a1 90 48 10 47 a8 ba d2
INFO - a1 90 88 18 00 01 86 a0
INFO - a1 92 c8 08 b2 fb ba 87
INFO - a1 92 08 10 47 a8 ba f3
INFO - a1 92 48 18 00 01 86 a0
INFO - a1 94 88 08 b2 fb b9 b7
INFO - a1 94 c8 10 47 a8 bb 0e
INFO - a1 94 08 18 00 01 86 a0
INFO - a1 96 48 08 b2 fb b8 ee
INFO - a1 96 88 10 47 a8 bb 2f
INFO - a1 96 c8 18 00 01 86 a0
INFO - a1 98 08 08 b2 fb b8 1e
INFO - a1 98 48 10 47 a8 bb 51
INFO - a1 98 88 18 00 01 86 a0
INFO - a1 9a c8 08 b2 fb b7 55
INFO - a1 9a 08 10 47 a8 bb 6c
INFO - a1 9a 48 18 00 01 86 a0
INFO - a1 9c 88 08 b2 fb b6 85
INFO - a1 9c c8 10 47 a8 bb 8d
INFO - a1 9c 08 18 00 01 86 a0
INFO - a1 9e 48 08 b2 fb b5 bc
INFO - a1 9e 88 10 47 a8 bb a8
INFO - a1 9e c8 18 00 01 86 a0
INFO - a1 a0 08 08 b2 fb b4 ec
INFO - a1 a0 48 10 47 a8 bb ca
INFO - a1 a0 88 18 00 01 86 a0
INFO - a1 a2 c8 08 b2 fb b4 23
INFO - a1 a2 08 10 47 a8 bb eb
INFO - a1 a2 48 18 00 01 86 a0
INFO - a1 a4 88 08 b2 fb b3 5a
INFO - a1 a4 c8 10 47 a8 bc 06
INFO - a1 a4 08 18 00 01 86 a0
INFO - a1 a6 48 08 b2 fb b2 8a
INFO - a1 a6 88 10 47 a8 bc 28
INFO - a1 a6 c8 18 00 01 86 a0
INFO - a1 a8 08 08 b2 fb b1 c1
INFO - a1 a8 48 10 47 a8 bc 42
INFO - a1 a8 88 18 00 01 86 a0
INFO - a1 aa c8 08 b2 fb b0 f1
INFO - a1 aa 08 10 47 a8 bc 64
INFO - a1 aa 48 18 00 01 86 a0
INFO - a1 ac 88 08 b2 fb b0 21
INFO - a1 ac c8 10 47 a8 bc 85
INFO - a1 ac 08 18 00 01 86 a0
INFO - a1 ae 48 08 b2 fb af 58
INFO - a1 ae 88 10 47 a8 bc a0
INFO - a1 ae c8 18 00 01 86 a0
INFO - a1 b0 08 08 b2 fb ae 88
INFO - a1 b0 48 10 47 a8 bc c2
INFO - a1 b0 88 18 00 01 86 a0
INFO - a1 b2 c8 08 b2 fb ad bf
INFO - a1 b2 08 10 47 a8 bc e3
INFO - a1 b2 48 18 00 01 86 a0
INFO - a1 b4 88 08 b2 fb ac ef
INFO - a1 b4 c8 10 47 a8 bc fe
INFO - a1 b4 08 18 00 01 86 a0
INFO - a1 b6 48 08 b2 fb ac 26
INFO - a1 b6 88 10 47 a8 bd 20
INFO - a1 b6 c8 18 00 01 86 a0
INFO - a1 b8 08 08 b2 fb ab 56
INFO - a1 b8 48 10 47 a8 bd 3a
INFO - a1 b8 88 18 00 01 86 a0
INFO - a1 ba c8 08 b2 fb aa 8d
INFO - a1 ba 08 10 47 a8 bd 5c
INFO - a1 ba 48 18 00 01 86 a0
INFO - a1 bc 88 08 b2 fb a9 bd
INFO - a1 bc c8 10 47 a8 bd 77
INFO - a1 bc 08 18 00 01 86 a0
INFO - a1 be 48 08 b2 fb a8 f4
INFO - a1 be 88 10 47 a8 bd 98
INFO - a1 be c8 18 00 01 86 a0
INFO - a1 c0 08 08 b2 fb a8 24
INFO - a1 c0 48 10 47 a8 bd b3
INFO - a1 c0 88 18 00 01 86 a0
INFO - a1 c2 c8 08 b2 fb a7 5b
INFO - a1 c2 08 10 47 a8 bd d5
INFO - a1 c2 48 18 00 01 86 a0
INFO - a1 c4 88 08 b2 fb a6 8b
INFO - a1 c4 c8 10 47 a8 bd f6
INFO - a1 c4 08 18 00 01 86 a0
INFO - a1 c6 48 08 b2 fb a5 c2
INFO - a1 c6 88 10 47 a8 be 11
INFO - a1 c6 c8 18 00 01 86 a0
INFO - a1 c8 08 08 b2 fb a4 f2
INFO - a1 c8 48 10 47 a8 be 33
INFO - a1 c8 88 18 00 01 86 a0
INFO - a1 ca c8 08 b2 fb a4 29
INFO - a1 ca 08 10 47 a8 be 4d
INFO - a1 ca 48 18 00 01 86 a0
INFO - a1 cc 88 08 b2 fb a3 59
INFO - a1 cc c8 10 47 a8 be 6f
INFO - a1 cc 08 18 00 01 86 a0
INFO - a1 ce 48 08 b2 fb a2 90
INFO - a1 ce 88 10 47 a8 be 90
INFO - a1 ce c8 18 00 01 86 a0
INFO - a1 d0 08 08 b2 fb a1 c0
INFO - a1 d0 48 10 47 a8 be ab
INFO - a1 d0 88 18 00 01 86 a0
INFO - a1 d2 c8 08 b2 fb a0 f7
INFO - a1 d2 08 10 47 a8 be cd
INFO - a1 d2 48 18 00 01 86 a0
INFO - a1 d4 88 08 b2 fb a0 27
INFO - a1 d4 c8 10 47 a8 be e8
INFO - a1 d4 08 18 00 01 86 a0
INFO - a1 d6 48 08 b2 fb 9f 5e
INFO - a1 d6 88 10 47 a8 bf 09
INFO - a1 d6 c8 18 00 01 86 a0
INFO - a1 d8 08 08 b2 fb 9e 8e
INFO - a1 d8 48 10 47 a8 bf 2b
INFO - a1 d8 88 18 00 01 86 a0
INFO - a1 da c8 08 b2 fb 9d be
INFO - a1 da 08 10 47 a8 bf 45
INFO - a1 da 48 18 00 01 86 a0
INFO - a1 dc 88 08 b2 fb 9c f5
INFO - a1 dc c8 10 47 a8 bf 67
INFO - a1 dc 08 18 00 01 86 a0
INFO - a1 de 48 08 b2 fb 9c 2b
INFO - a1 de 88 10 47 a8 bf 82
INFO - a1 de c8 18 00 01 86 a0
INFO - a1 e0 08 08 b2 fb 9b 5c
INFO - a1 e0 48 10 47 a8 bf a3
INFO - a1 e0 88 18 00 01 86 a0
INFO - a1 e2 c8 08 b2 fb 9a 8c
INFO - a1 e2 08 10 47 a8 bf c5
INFO - a1 e2 48 18 00 01 86 a0
INFO - a1 e4 88 08 b2 fb 99 c3
INFO - a1 e4 c8 10 47 a8 bf e0
INFO - a1 e4 08 18 00 01 86 a0
INFO - a1 e6 48 08 b2 fb 98 f3
INFO - a1 e6 88 10 47 a8 c0 01
INFO - a1 e6 c8 18 00 01 86 a0
INFO - a1 e8 08 08 b2 fb 98 29
INFO - a1 e8 48 10 47 a8 c0 23
INFO - a1 e8 88 18 00 01 86 a0
INFO - a1 ea c8 08 b2 fb 97 5a
INFO - a1 ea 08 10 47 a8 c0 3e
INFO - a1 ea 48 18 00 01 86 a0
INFO - a1 ec 88 08 b2 fb 96 90
INFO - a1 ec c8 10 47 a8 c0 5f
INFO - a1 ec 08 18 00 01 86 a0
INFO - a1 ee 48 08 b2 fb 95 c1
INFO - a1 ee 88 10 47 a8 c0 7a
INFO - a1 ee c8 18 00 01 86 a0
INFO - a1 f0 08 08 b2 fb 94 f1
INFO - a1 f0 48 10 47 a8 c0 9b
INFO - a1 f0 88 18 00 01 86 a0
INFO - a1 f2 c8 08 b2 fb 94 28
INFO - a1 f2 08 10 47 a8 c0 bd
INFO - a1 f2 48 18 00 01 86 a0
INFO - a1 f4 88 08 b2 fb 93 58
INFO - a1 f4 c8 10 47 a8 c0 d8
INFO - a1 f4 08 18 00 01 86 a0
INFO - a1 f6 48 08 b2 fb 92 88
INFO - a1 f6 88 10 47 a8 c0 f9
INFO - a1 f6 c8 18 00 01 86 a0
INFO - a1 f8 08 08 b2 fb 91 bf
INFO - a1 f8 48 10 47 a8 c1 1b
INFO - a1 f8 88 18 00 01 86 a0
INFO - a1 fa c8 08 b2 fb 90 ef
INFO - a1 fa 08 10 47 a8 c1 36
INFO - a1 fa 48 18 00 01 86 a0
INFO - a1 fc 88 08 b2 fb 90 26
INFO - a1 fc c8 10 47 a8 c1 57
INFO - a1 fc 08 18 00 01 86 a0
INFO - a1 fe 48 08 b2 fb 8f 56
INFO - a1 fe 88 10 47 a8 c1 79
INFO - a1 fe c8 18 00 01 86 a0
INFO - a2 00 08 08 b2 fb 8e 8d
INFO - a2 00 48 10 47 a8 c1 94
INFO - a2 00 88 18 00 01 86 a0
INFO - a2 02 c8 08 b2 fb 8d bd
INFO - a2 02 08 10 47 a8 c1 b5
INFO - a2 02 48 18 00 01 86 a0
INFO - a2 03 88 08 b2 fb 8d 1c
INFO - a2 03 c8 10 47 a8 c1 d0
INFO - a2 03 08 18 00 01 86 a0
INFO - a2 03 48 08 b2 fb 8d 1c
INFO - a2 03 88 10 47 a8 c1 d0
INFO - a2 03 c8 18 00 01 86 a0
INFO - a2 05 08 08 b2 fb 8c 53
INFO - a2 05 48 10 47 a8 c1 eb
INFO - a2 05 88 18 00 01 86 a0
INFO - a2 07 c8 08 b2 fb 8b 83
INFO - a2 07 08 10 47 a8 c2 0c
INFO - a2 07 48 18 00 01 86 a0
INFO - a2 09 88 08 b2 fb 8a ba
INFO - a2 09 c8 10 47 a8 c2 2e
INFO - a2 09 08 18 00 01 86 a0
INFO - a2 0b 48 08 b2 fb 89 f0
INFO - a2 0b 88 10 47 a8 c2 49
INFO - a2 0b c8 18 00 01 86 a0
INFO - a2 0d 08 08 b2 fb 89 21
INFO - a2 0d 48 10 47 a8 c2 6a
INFO - a2 0d 88 18 00 01 86 a0
INFO - a2 0f c8 08 b2 fb 88 57
INFO - a2 0f 08 10 47 a8 c2 85
INFO - a2 0f 48 18 00 01 86 a0
INFO - a2 11 88 08 b2 fb 87 8e
INFO - a2 11 c8 10 47 a8 c2 a6
INFO - a2 11 08 18 00 01 86 a0
INFO - a2 13 48 08 b2 fb 86 be
INFO - a2 13 88 10 47 a8 c2 c8
INFO - a2 13 c8 18 00 01 86 a0
INFO - a2 15 08 08 b2 fb 85 f5
INFO - a2 15 48 10 47 a8 c2 e3
INFO - a2 15 88 18 00 01 86 a0
INFO - a2 17 c8 08 b2 fb 85 25
INFO - a2 17 08 10 47 a8 c3 04
INFO - a2 17 48 18 00 01 86 a0
INFO - a2 19 88 08 b2 fb 84 5c
INFO - a2 19 c8 10 47 a8 c3 1f
INFO - a2 19 08 18 00 01 86 a0
INFO - a2 1b 48 08 b2 fb 83 8c
INFO - a2 1b 88 10 47 a8 c3 41
INFO - a2 1b c8 18 00 01 86 a0
INFO - a2 1d 08 08 b2 fb 82 bc
INFO - a2 1d 48 10 47 a8 c3 62
INFO - a2 1d 88 18 00 01 86 a0
INFO - a2 1f c8 08 b2 fb 81 f3
INFO - a2 1f 08 10 47 a8 c3 7d
INFO - a2 1f 48 18 00 01 86 a0
INFO - a2 21 88 08 b2 fb 81 23
INFO - a2 21 c8 10 47 a8 c3 9f
INFO - a2 21 08 18 00 01 86 a0
INFO - a2 23 48 08 b2 fb 80 5a
INFO - a2 23 88 10 47 a8 c3 c0
INFO - a2 23 c8 18 00 01 86 a0
INFO - a2 25 08 08 b2 fb 7f 8a
INFO - a2 25 48 10 47 a8 c3 db
INFO - a2 25 88 18 00 01 86 a0
INFO - a2 27 c8 08 b2 fb 7e ba
INFO - a2 27 08 10 47 a8 c3 fc
INFO - a2 27 48 18 00 01 86 a0
INFO - a2 29 88 08 b2 fb 7d f1
INFO - a2 29 c8 10 47 a8 c4 1e
INFO - a2 29 08 18 00 01 86 a0
INFO - a2 2b 48 08 b2 fb 7d 21
INFO - a2 2b 88 10 47 a8 c4 39
INFO - a2 2b c8 18 00 01 86 a0
INFO - a2 2d 08 08 b2 fb 7c 52
INFO - a2 2d 48 10 47 a8 c4 5a
INFO - a2 2d 88 18 00 01 86 a0
INFO - a2 2f c8 08 b2 fb 7b 82
INFO - a2 2f 08 10 47 a8 c4 75
INFO - a2 2f 48 18 00 01 86 a0
INFO - a2 31 88 08 b2 fb 7a b8
INFO - a2 31 c8 10 47 a8 c4 97
INFO - a2 31 08 18 00 01 86 a0
INFO - a2 33 48 08 b2 fb 79 e9
INFO - a2 33 88 10 47 a8 c4 b8
INFO - a2 33 c8 18 00 01 86 a0
INFO - a2 34 08 08 b2 fb 79 8b
INFO - a2 34 48 10 47 a8 c4 c6
INFO - a2 34 88 18 00 01 86 a0
INFO - a2 34 c8 08 b2 fb 79 8b
INFO - a2 34 08 10 47 a8 c4 c6
INFO - a2 34 48 18 00 01 86 a0
INFO - a2 53 88 08 b2 fb 6d 42
INFO - a2 53 c8 10 47 a8 c6 a2
INFO - a2 53 08 18 00 01 86 a0
INFO - a2 53 48 08 b2 fb 6d 42
INFO - a2 53 88 10 47 a8 c6 a2
INFO - a2 53 c8 18 00 01 86 a0
INFO - a2 6c 08 08 b2 fb 63 3a
INFO - a2 6c 48 10 47 a8 c8 27
INFO - a2 6c 88 18 00 01 86 a0
INFO - a2 6c c8 08 b2 fb 63 3a
INFO - a2 6c 08 10 47 a8 c8 27
INFO - a2 6c 48 18 00 01 86 a0
INFO - a2 6e 88 08 b2 fb 62 6a
INFO - a2 6e c8 10 47 a8 c8 48
INFO - a2 6e 08 18 00 01 86 a0
INFO - a2 70 48 08 b2 fb 61 a1
INFO - a2 70 88 10 47 a8 c8 63
INFO - a2 70 c8 18 00 01 86 a0
INFO - a2 72 08 08 b2 fb 60 d1
INFO - a2 72 48 10 47 a8 c8 85
INFO - a2 72 88 18 00 01 86 a0
INFO - a2 74 c8 08 b2 fb 60 08
INFO - a2 74 08 10 47 a8 c8 9f
INFO - a2 74 48 18 00 01 86 a0
INFO - a2 7a 88 08 b2 fb 5d 9f
INFO - a2 7a c8 10 47 a8 c8 fd
INFO - a2 7a 08 18 00 01 86 a0
INFO - a2 7c 48 08 b2 fb 5c cf
INFO - a2 7c 88 10 47 a8 c9 1f
INFO - a2 7c c8 18 00 01 86 a0
INFO - a2 7e 08 08 b2 fb 5b ff
INFO - a2 7e 48 10 47 a8 c9 3a
INFO - a2 7e 88 18 00 01 86 a0
INFO - a2 82 c8 08 b2 fb 5a 66
INFO - a2 82 08 10 47 a8 c9 7d
INFO - a2 82 48 18 00 01 86 a0
INFO - a2 84 88 08 b2 fb 59 9d
INFO - a2 84 c8 10 47 a8 c9 97
INFO - a2 84 08 18 00 01 86 a0
INFO - a2 86 48 08 b2 fb 58 cd
INFO - a2 86 88 10 47 a8 c9 b9
INFO - a2 86 c8 18 00 01 86 a0
INFO - a2 88 08 08 b2 fb 57 fd
INFO - a2 88 48 10 47 a8 c9 da
INFO - a2 88 88 18 00 01 86 a0
INFO - a2 8a c8 08 b2 fb 57 34
INFO - a2 8a 08 10 47 a8 c9 f5
INFO - a2 8a 48 18 00 01 86 a0
INFO - a2 8c 88 08 b2 fb 56 64
INFO - a2 8c c8 10 47 a8 ca 17
INFO - a2 8c 08 18 00 01 86 a0
INFO - a2 8e 48 08 b2 fb 55 9b
INFO - a2 8e 88 10 47 a8 ca 38
INFO - a2 8e c8 18 00 01 86 a0
INFO - a2 90 08 08 b2 fb 54 cb
INFO - a2 90 48 10 47 a8 ca 53
INFO - a2 90 88 18 00 01 86 a0
INFO - a2 92 c8 08 b2 fb 53 fb
INFO - a2 92 08 10 47 a8 ca 75
INFO - a2 92 48 18 00 01 86 a0
INFO - a2 94 88 08 b2 fb 53 32
INFO - a2 94 c8 10 47 a8 ca 90
INFO - a2 94 08 18 00 01 86 a0
INFO - a2 96 48 08 b2 fb 52 62
INFO - a2 96 88 10 47 a8 ca b1
INFO - a2 96 c8 18 00 01 86 a0
INFO - a2 98 08 08 b2 fb 51 92
INFO - a2 98 48 10 47 a8 ca d3
INFO - a2 98 88 18 00 01 86 a0
INFO - a2 9a c8 08 b2 fb 50 c9
INFO - a2 9a 08 10 47 a8 ca ed
INFO - a2 9a 48 18 00 01 86 a0
INFO - a2 9c 88 08 b2 fb 50 1b
INFO - a2 9c c8 10 47 a8 cb 08
INFO - a2 9c 08 18 00 01 86 a0
INFO - a2 9c 48 08 b2 fb 50 1b
INFO - a2 9c 88 10 47 a8 cb 08
INFO - a2 9c c8 18 00 01 86 a0
INFO - a2 9e 08 08 b2 fb 4f 4b
INFO - a2 9e 48 10 47 a8 cb 2a
INFO - a2 9e 88 18 00 01 86 a0
INFO - a2 a0 c8 08 b2 fb 4e 82
INFO - a2 a0 08 10 47 a8 cb 4b
INFO - a2 a0 48 18 00 01 86 a0
INFO - a2 a2 88 08 b2 fb 4d b2
INFO - a2 a2 c8 10 47 a8 cb 66
INFO - a2 a2 08 18 00 01 86 a0
INFO - a2 a4 48 08 b2 fb 4c e9
INFO - a2 a4 88 10 47 a8 cb 88
INFO - a2 a4 c8 18 00 01 86 a0
INFO - a2 a6 08 08 b2 fb 4c 19
INFO - a2 a6 48 10 47 a8 cb a9
INFO - a2 a6 88 18 00 01 86 a0
INFO - a2 a8 c8 08 b2 fb 4b 4f
INFO - a2 a8 08 10 47 a8 cb c4
INFO - a2 a8 48 18 00 01 86 a0
INFO - a2 aa 88 08 b2 fb 4a 80
INFO - a2 aa c8 10 47 a8 cb e6
INFO - a2 aa 08 18 00 01 86 a0
INFO - a2 ac 48 08 b2 fb 49 b6
INFO - a2 ac 88 10 47 a8 cc 00
INFO - a2 ac c8 18 00 01 86 a0
INFO - a2 ae 08 08 b2 fb 48 e7
INFO - a2 ae 48 10 47 a8 cc 22
INFO - a2 ae 88 18 00 01 86 a0
INFO - a2 b0 c8 08 b2 fb 48 1d
INFO - a2 b0 08 10 47 a8 cc 3d
INFO - a2 b0 48 18 00 01 86 a0
INFO - a2 b2 88 08 b2 fb 47 4e
INFO - a2 b2 c8 10 47 a8 cc 5e
INFO - a2 b2 08 18 00 01 86 a0
INFO - a2 b4 48 08 b2 fb 46 84
INFO - a2 b4 88 10 47 a8 cc 80
INFO - a2 b4 c8 18 00 01 86 a0
INFO - a2 b6 08 08 b2 fb 45 b5
INFO - a2 b6 48 10 47 a8 cc 9b
INFO - a2 b6 88 18 00 01 86 a0
INFO - a2 b8 c8 08 b2 fb 44 e5
INFO - a2 b8 08 10 47 a8 cc bc
INFO - a2 b8 48 18 00 01 86 a0
INFO - a2 ba 88 08 b2 fb 44 1b
INFO - a2 ba c8 10 47 a8 cc de
INFO - a2 ba 08 18 00 01 86 a0
INFO - a2 bc 48 08 b2 fb 43 4c
INFO - a2 bc 88 10 47 a8 cc f8
INFO - a2 bc c8 18 00 01 86 a0
INFO - a2 be 08 08 b2 fb 42 82
INFO - a2 be 48 10 47 a8 cd 1a
INFO - a2 be 88 18 00 01 86 a0
INFO - a2 c0 c8 08 b2 fb 41 b3
INFO - a2 c0 08 10 47 a8 cd 35
INFO - a2 c0 48 18 00 01 86 a0
INFO - a2 c2 88 08 b2 fb 40 e3
INFO - a2 c2 c8 10 47 a8 cd 56
INFO - a2 c2 08 18 00 01 86 a0
INFO - a2 c4 48 08 b2 fb 40 1a
INFO - a2 c4 88 10 47 a8 cd 78
INFO - a2 c4 c8 18 00 01 86 a0
INFO - a2 c6 08 08 b2 fb 3f 4a
INFO - a2 c6 48 10 47 a8 cd 93
INFO - a2 c6 88 18 00 01 86 a0
INFO - a2 c8 c8 08 b2 fb 3e 80
INFO - a2 c8 08 10 47 a8 cd b4
INFO - a2 c8 48 18 00 01 86 a0
INFO - a2 ca 88 08 b2 fb 3d b1
INFO - a2 ca c8 10 47 a8 cd d6
INFO - a2 ca 08 18 00 01 86 a0
INFO - a2 cc 48 08 b2 fb 3c e1
INFO - a2 cc 88 10 47 a8 cd f1
INFO - a2 cc c8 18 00 01 86 a0
INFO - a2 ce 08 08 b2 fb 3c 18
INFO - a2 ce 48 10 47 a8 ce 12
INFO - a2 ce 88 18 00 01 86 a0
INFO - a2 d0 c8 08 b2 fb 3b 48
INFO - a2 d0 08 10 47 a8 ce 34
INFO - a2 d0 48 18 00 01 86 a0
INFO - a2 d2 88 08 b2 fb 3a 7f
INFO - a2 d2 c8 10 47 a8 ce 4e
INFO - a2 d2 08 18 00 01 86 a0
INFO - a2 d4 48 08 b2 fb 39 af
INFO - a2 d4 88 10 47 a8 ce 70
INFO - a2 d4 c8 18 00 01 86 a0
INFO - a2 d6 08 08 b2 fb 38 e6
INFO - a2 d6 48 10 47 a8 ce 8b
INFO - a2 d6 88 18 00 01 86 a0
INFO - a2 d8 c8 08 b2 fb 38 16
INFO - a2 d8 08 10 47 a8 ce ac
INFO - a2 d8 48 18 00 01 86 a0
INFO - a2 da 88 08 b2 fb 37 4c
INFO - a2 da c8 10 47 a8 ce ce
INFO - a2 da 08 18 00 01 86 a0
INFO - a2 dc 48 08 b2 fb 36 7d
INFO - a2 dc 88 10 47 a8 ce e9
INFO - a2 dc c8 18 00 01 86 a0
INFO - a2 de 08 08 b2 fb 35 b3
INFO - a2 de 48 10 47 a8 cf 0a
INFO - a2 de 88 18 00 01 86 a0
INFO - a2 e0 c8 08 b2 fb 34 e4
INFO - a2 e0 08 10 47 a8 cf 25
INFO - a2 e0 48 18 00 01 86 a0
INFO - a2 e2 88 08 b2 fb 34 1a
INFO - a2 e2 c8 10 47 a8 cf 47
INFO - a2 e2 08 18 00 01 86 a0
INFO - a2 e4 48 08 b2 fb 33 4b
INFO - a2 e4 88 10 47 a8 cf 68
INFO - a2 e4 c8 18 00 01 86 a0
INFO - a2 e6 08 08 b2 fb 32 81
INFO - a2 e6 48 10 47 a8 cf 83
INFO - a2 e6 88 18 00 01 86 a0
INFO - a2 e8 c8 08 b2 fb 31 b8
INFO - a2 e8 08 10 47 a8 cf a4
INFO - a2 e8 48 18 00 01 86 a0
INFO - a2 ea 88 08 b2 fb 30 e8
INFO - a2 ea c8 10 47 a8 cf bf
INFO - a2 ea 08 18 00 01 86 a0
INFO - a2 ec 48 08 b2 fb 30 1f
INFO - a2 ec 88 10 47 a8 cf e1
INFO - a2 ec c8 18 00 01 86 a0
INFO - a2 ee 08 08 b2 fb 2f 4f
INFO - a2 ee 48 10 47 a8 cf fc
INFO - a2 ee 88 18 00 01 86 a0
INFO - a2 f0 c8 08 b2 fb 2e 86
INFO - a2 f0 08 10 47 a8 d0 1d
INFO - a2 f0 48 18 00 01 86 a0
INFO - a2 f2 88 08 b2 fb 2d bd
INFO - a2 f2 c8 10 47 a8 d0 3f
INFO - a2 f2 08 18 00 01 86 a0
INFO - a2 f4 48 08 b2 fb 2c ed
INFO - a2 f4 88 10 47 a8 d0 60
INFO - a2 f4 c8 18 00 01 86 a0
INFO - a2 f6 08 08 b2 fb 2c 24
INFO - a2 f6 48 10 47 a8 d0 7b
INFO - a2 f6 88 18 00 01 86 a0
INFO - a2 f8 c8 08 b2 fb 2b 54
INFO - a2 f8 08 10 47 a8 d0 9d
INFO - a2 f8 48 18 00 01 86 a0
INFO - a2 fa 88 08 b2 fb 2a 8b
INFO - a2 fa c8 10 47 a8 d0 b7
INFO - a2 fa 08 18 00 01 86 a0
INFO - a2 fc 48 08 b2 fb 29 bb
INFO - a2 fc 88 10 47 a8 d0 d9
INFO - a2 fc c8 18 00 01 86 a0
INFO - a2 fe 08 08 b2 fb 28 f2
INFO - a2 fe 48 10 47 a8 d0 f4
INFO - a2 fe 88 18 00 01 86 a0
INFO - a3 00 c8 08 b2 fb 28 22
INFO - a3 00 08 10 47 a8 d1 15
INFO - a3 00 48 18 00 01 86 a0
INFO - a3 02 88 08 b2 fb 27 59
INFO - a3 02 c8 10 47 a8 d1 37
INFO - a3 02 08 18 00 01 86 a0
INFO - a3 04 48 08 b2 fb 26 89
INFO - a3 04 88 10 47 a8 d1 52
INFO - a3 04 c8 18 00 01 86 a0
INFO - a3 06 08 08 b2 fb 25 b9
INFO - a3 06 48 10 47 a8 d1 73
INFO - a3 06 88 18 00 01 86 a0
INFO - a3 08 c8 08 b2 fb 24 f0
INFO - a3 08 08 10 47 a8 d1 95
INFO - a3 08 48 18 00 01 86 a0
INFO - a3 0a 88 08 b2 fb 24 20
INFO - a3 0a c8 10 47 a8 d1 af
INFO - a3 0a 08 18 00 01 86 a0
INFO - a3 0c 48 08 b2 fb 23 57
INFO - a3 0c 88 10 47 a8 d1 d1
INFO - a3 0c c8 18 00 01 86 a0
INFO - a3 0e 08 08 b2 fb 22 87
INFO - a3 0e 48 10 47 a8 d1 ec
INFO - a3 0e 88 18 00 01 86 a0
INFO - a3 10 c8 08 b2 fb 21 b7
INFO - a3 10 08 10 47 a8 d2 0d
INFO - a3 10 48 18 00 01 86 a0
INFO - a3 12 88 08 b2 fb 20 ee
INFO - a3 12 c8 10 47 a8 d2 2f
INFO - a3 12 08 18 00 01 86 a0
INFO - a3 14 48 08 b2 fb 20 1e
INFO - a3 14 88 10 47 a8 d2 4a
INFO - a3 14 c8 18 00 01 86 a0
INFO - a3 16 08 08 b2 fb 1f 55
INFO - a3 16 48 10 47 a8 d2 6b
INFO - a3 16 88 18 00 01 86 a0
INFO - a3 18 c8 08 b2 fb 1e 85
INFO - a3 18 08 10 47 a8 d2 86
INFO - a3 18 48 18 00 01 86 a0
INFO - a3 1a 88 08 b2 fb 1d bc
INFO - a3 1a c8 10 47 a8 d2 a8
INFO - a3 1a 08 18 00 01 86 a0
INFO - a3 1c 48 08 b2 fb 1c ec
INFO - a3 1c 88 10 47 a8 d2 c9
INFO - a3 1c c8 18 00 01 86 a0
INFO - a3 1e 08 08 b2 fb 1c 23
INFO - a3 1e 48 10 47 a8 d2 e4
INFO - a3 1e 88 18 00 01 86 a0
INFO - a3 20 c8 08 b2 fb 1b 53
INFO - a3 20 08 10 47 a8 d3 05
INFO - a3 20 48 18 00 01 86 a0
INFO - a3 22 88 08 b2 fb 1a 8a
INFO - a3 22 c8 10 47 a8 d3 20
INFO - a3 22 08 18 00 01 86 a0
INFO - a3 24 48 08 b2 fb 19 c1
INFO - a3 24 88 10 47 a8 d3 42
INFO - a3 24 c8 18 00 01 86 a0
INFO - a3 26 08 08 b2 fb 18 f1
INFO - a3 26 48 10 47 a8 d3 63
INFO - a3 26 88 18 00 01 86 a0
INFO - a3 28 c8 08 b2 fb 18 28
INFO - a3 28 08 10 47 a8 d3 7e
INFO - a3 28 48 18 00 01 86 a0
INFO - a3 2a 88 08 b2 fb 17 58
INFO - a3 2a c8 10 47 a8 d3 a0
INFO - a3 2a 08 18 00 01 86 a0
INFO - a3 2c 48 08 b2 fb 16 88
INFO - a3 2c 88 10 47 a8 d3 ba
INFO - a3 2c c8 18 00 01 86 a0
INFO - a3 2e 08 08 b2 fb 15 bf
INFO - a3 2e 48 10 47 a8 d3 dc
INFO - a3 2e 88 18 00 01 86 a0
INFO - a3 30 c8 08 b2 fb 14 ef
INFO - a3 30 08 10 47 a8 d3 fe
INFO - a3 30 48 18 00 01 86 a0
INFO - a3 32 88 08 b2 fb 14 26
INFO - a3 32 c8 10 47 a8 d4 18
INFO - a3 32 08 18 00 01 86 a0
INFO - a3 34 48 08 b2 fb 13 56
INFO - a3 34 88 10 47 a8 d4 3a
INFO - a3 34 c8 18 00 01 86 a0
INFO - a3 36 08 08 b2 fb 12 86
INFO - a3 36 48 10 47 a8 d4 55
INFO - a3 36 88 18 00 01 86 a0
INFO - a3 38 c8 08 b2 fb 11 bd
INFO - a3 38 08 10 47 a8 d4 76
INFO - a3 38 48 18 00 01 86 a0
INFO - a3 3a 88 08 b2 fb 10 ed
INFO - a3 3a c8 10 47 a8 d4 98
INFO - a3 3a 08 18 00 01 86 a0
INFO - a3 3c 48 08 b2 fb 10 1d
INFO - a3 3c 88 10 47 a8 d4 b3
INFO - a3 3c c8 18 00 01 86 a0
INFO - a3 3e 08 08 b2 fb 0f 4d
INFO - a3 3e 48 10 47 a8 d4 d4
INFO - a3 3e 88 18 00 01 86 a0
INFO - a3 40 c8 08 b2 fb 0e 84
INFO - a3 40 08 10 47 a8 d4 f6
INFO - a3 40 48 18 00 01 86 a0
INFO - a3 42 88 08 b2 fb 0d b4
INFO - a3 42 c8 10 47 a8 d5 10
INFO - a3 42 08 18 00 01 86 a0
INFO - a3 44 48 08 b2 fb 0c e4
INFO - a3 44 88 10 47 a8 d5 32
INFO - a3 44 c8 18 00 01 86 a0
INFO - a3 46 08 08 b2 fb 0c 1b
INFO - a3 46 48 10 47 a8 d5 54
INFO - a3 46 88 18 00 01 86 a0
INFO - a3 48 c8 08 b2 fb 0b 4b
INFO - a3 48 08 10 47 a8 d5 6e
INFO - a3 48 48 18 00 01 86 a0
INFO - a3 4a 88 08 b2 fb 0a 82
INFO - a3 4a c8 10 47 a8 d5 90
INFO - a3 4a 08 18 00 01 86 a0
INFO - a3 4c 48 08 b2 fb 09 b2
INFO - a3 4c 88 10 47 a8 d5 b1
INFO - a3 4c c8 18 00 01 86 a0
INFO - a3 4e 08 08 b2 fb 08 e9
INFO - a3 4e 48 10 47 a8 d5 cc
INFO - a3 4e 88 18 00 01 86 a0
INFO - a3 50 c8 08 b2 fb 08 19
INFO - a3 50 08 10 47 a8 d5 ee
INFO - a3 50 48 18 00 01 86 a0
INFO - a3 52 88 08 b2 fb 07 50
INFO - a3 52 c8 10 47 a8 d6 09
INFO - a3 52 08 18 00 01 86 a0
INFO - a3 54 48 08 b2 fb 06 80
INFO - a3 54 88 10 47 a8 d6 2a
INFO - a3 54 c8 18 00 01 86 a0
INFO - a3 56 08 40 57 00 00 02
INFO - a3 56 48 40 57 00 00 02
INFO - a3 56 88 40 57 00 00 02
INFO - a3 56 c8 40 57 00 00 02
INFO - a3 56 08 40 57 00 00 02
INFO - a3 56 48 08 b2 fb 05 b7
INFO - a3 56 88 10 47 a8 d6 4c
INFO - a3 56 c8 18 00 01 86 a0
INFO - a3 58 08 08 b2 fb 04 ee
INFO - a3 58 48 10 47 a8 d6 66
INFO - a3 58 88 18 00 01 86 a0
INFO - a3 5a c8 08 b2 fb 04 1e
INFO - a3 5a 08 10 47 a8 d6 88
INFO - a3 5a 48 18 00 01 86 a0
INFO - a3 5c 88 08 b2 fb 03 55
INFO - a3 5c c8 10 47 a8 d6 a3
INFO - a3 5c 08 18 00 01 86 a0
INFO - a3 5e 48 08 b2 fb 02 85
INFO - a3 5e 88 10 47 a8 d6 c4
INFO - a3 5e c8 18 00 01 86 a0
INFO - a3 60 08 08 b2 fb 01 bc
INFO - a3 60 48 10 47 a8 d6 e6
INFO - a3 60 88 18 00 01 86 a0
INFO - a3 62 c8 08 b2 fb 00 f3
INFO - a3 62 08 10 47 a8 d7 01
INFO - a3 62 48 18 00 01 86 a0
INFO - a3 64 88 08 b2 fb 00 23
INFO - a3 64 c8 10 47 a8 d7 22
INFO - a3 64 08 18 00 01 86 a0
INFO - a3 66 48 08 b2 fa ff 59
INFO - a3 66 88 10 47 a8 d7 3d
INFO - a3 66 c8 18 00 01 86 a0
INFO - a3 68 08 08 b2 fa fe 8a
INFO - a3 68 48 10 47 a8 d7 5f
INFO - a3 68 88 18 00 01 86 a0
INFO - a3 6a c8 08 b2 fa fd c0
INFO - a3 6a 08 10 47 a8 d7 80
INFO - a3 6a 48 18 00 01 86 a0
INFO - a3 6c 88 08 b2 fa fc f1
INFO - a3 6c c8 10 47 a8 d7 9b
INFO - a3 6c 08 18 00 01 86 a0
INFO - a3 6e 48 08 b2 fa fc 27
INFO - a3 6e 88 10 47 a8 d7 bc
INFO - a3 6e c8 18 00 01 86 a0
INFO - a3 70 08 08 b2 fa fb 58
INFO - a3 70 48 10 47 a8 d7 de
INFO - a3 70 88 18 00 01 86 a0
INFO - a3 72 c8 08 b2 fa fa 8e
INFO - a3 72 08 10 47 a8 d7 f9
INFO - a3 72 48 18 00 01 86 a0
INFO - a3 74 88 08 b2 fa f9 be
INFO - a3 74 c8 10 47 a8 d8 1a
INFO - a3 74 08 18 00 01 86 a0
INFO - a3 76 48 08 b2 fa f8 f5
INFO - a3 76 88 10 47 a8 d8 35
INFO - a3 76 c8 18 00 01 86 a0
INFO - a3 78 08 08 b2 fa f8 25
INFO - a3 78 48 10 47 a8 d8 57
INFO - a3 78 88 18 00 01 86 a0
INFO - a3 7a c8 08 b2 fa f7 5c
INFO - a3 7a 08 10 47 a8 d8 78
INFO - a3 7a 48 18 00 01 86 a0
INFO - a3 7c 88 08 b2 fa f6 8c
INFO - a3 7c c8 10 47 a8 d8 93
INFO - a3 7c 08 18 00 01 86 a0
INFO - a3 7e 48 08 b2 fa f5 bd
INFO - a3 7e 88 10 47 a8 d8 b5
INFO - a3 7e c8 18 00 01 86 a0
INFO - a3 80 08 08 b2 fa f4 f3
INFO - a3 80 48 10 47 a8 d8 d6
INFO - a3 80 88 18 00 01 86 a0
INFO - a3 82 c8 08 b2 fa f4 24
INFO - a3 82 08 10 47 a8 d8 f1
INFO - a3 82 48 18 00 01 86 a0
INFO - a3 84 88 08 b2 fa f3 5a
INFO - a3 84 c8 10 47 a8 d9 12
INFO - a3 84 08 18 00 01 86 a0
INFO - a3 86 48 08 b2 fa f2 8a
INFO - a3 86 88 10 47 a8 d9 34
INFO - a3 86 c8 18 00 01 86 a0
INFO - a3 88 08 08 b2 fa f1 c1
INFO - a3 88 48 10 47 a8 d9 4f
INFO - a3 88 88 18 00 01 86 a0
INFO - a3 8a c8 08 b2 fa f0 f1
INFO - a3 8a 08 10 47 a8 d9 70
INFO - a3 8a 48 18 00 01 86 a0
INFO - a3 8c 88 08 b2 fa f0 28
INFO - a3 8c c8 10 47 a8 d9 8b
INFO - a3 8c 08 18 00 01 86 a0
INFO - a3 8e 48 08 b2 fa ef 58
INFO - a3 8e 88 10 47 a8 d9 ad
INFO - a3 8e c8 18 00 01 86 a0
INFO - a3 90 08 08 b2 fa ee 8f
INFO - a3 90 48 10 47 a8 d9 ce
INFO - a3 90 88 18 00 01 86 a0
INFO - a3 92 c8 08 b2 fa ed bf
INFO - a3 92 08 10 47 a8 d9 e9
INFO - a3 92 48 18 00 01 86 a0
INFO - a3 94 88 08 b2 fa ec f6
INFO - a3 94 c8 10 47 a8 da 0b
INFO - a3 94 08 18 00 01 86 a0
INFO - a3 96 48 08 b2 fa ec 26
INFO - a3 96 88 10 47 a8 da 2c
INFO - a3 96 c8 18 00 01 86 a0
INFO - a3 98 08 08 b2 fa eb 5d
INFO - a3 98 48 10 47 a8 da 47
INFO - a3 98 88 18 00 01 86 a0
INFO - a3 9a c8 08 b2 fa ea 8d
INFO - a3 9a 08 10 47 a8 da 68
INFO - a3 9a 48 18 00 01 86 a0
INFO - a3 9c 88 08 b2 fa e9 c4
INFO - a3 9c c8 10 47 a8 da 83
INFO - a3 9c 08 18 00 01 86 a0
INFO - a3 9e 48 08 b2 fa e8 f4
INFO - a3 9e 88 10 47 a8 da a5
INFO - a3 9e c8 18 00 01 86 a0
INFO - a3 a0 08 08 b2 fa e8 2b
INFO - a3 a0 48 10 47 a8 da c6
INFO - a3 a0 88 18 00 01 86 a0
INFO - a3 a2 c8 08 b2 fa e7 5b
INFO - a3 a2 08 10 47 a8 da e1
INFO - a3 a2 48 18 00 01 86 a0
INFO - a3 a4 88 08 b2 fa e6 92
INFO - a3 a4 c8 10 47 a8 db 03
INFO - a3 a4 08 18 00 01 86 a0
INFO - a3 a6 48 08 b2 fa e5 c2
INFO - a3 a6 88 10 47 a8 db 24
INFO - a3 a6 c8 18 00 01 86 a0
INFO - a3 a8 08 08 b2 fa e4 f9
INFO - a3 a8 48 10 47 a8 db 3f
INFO - a3 a8 88 18 00 01 86 a0
INFO - a3 aa c8 08 b2 fa e4 29
INFO - a3 aa 08 10 47 a8 db 60
INFO - a3 aa 48 18 00 01 86 a0
INFO - a3 ac 88 08 b2 fa e3 60
INFO - a3 ac c8 10 47 a8 db 7b
INFO - a3 ac 08 18 00 01 86 a0
INFO - a3 ae 48 08 b2 fa e2 90
INFO - a3 ae 88 10 47 a8 db 9d
INFO - a3 ae c8 18 00 01 86 a0
INFO - a3 b0 08 08 b2 fa e1 c7
INFO - a3 b0 48 10 47 a8 db be
INFO - a3 b0 88 18 00 01 86 a0
INFO - a3 b2 c8 08 b2 fa e0 f7
INFO - a3 b2 08 10 47 a8 db d9
INFO - a3 b2 48 18 00 01 86 a0
INFO - a3 b4 88 08 b2 fa e0 27
INFO - a3 b4 c8 10 47 a8 db fb
INFO - a3 b4 08 18 00 01 86 a0
INFO - a3 b6 48 08 b2 fa df 5e
INFO - a3 b6 88 10 47 a8 dc 1c
INFO - a3 b6 c8 18 00 01 86 a0
INFO - a3 b8 08 08 b2 fa de 8e
INFO - a3 b8 48 10 47 a8 dc 37
INFO - a3 b8 88 18 00 01 86 a0
INFO - a3 ba c8 08 b2 fa dd c5
INFO - a3 ba 08 10 47 a8 dc 59
INFO - a3 ba 48 18 00 01 86 a0
INFO - a3 bc 88 08 b2 fa dc f5
INFO - a3 bc c8 10 47 a8 dc 73
INFO - a3 bc 08 18 00 01 86 a0
INFO - a3 be 48 08 b2 fa dc 2c
INFO - a3 be 88 10 47 a8 dc 95
INFO - a3 be c8 18 00 01 86 a0
INFO - a3 c0 08 08 b2 fa db 63
INFO - a3 c0 48 10 47 a8 dc b6
INFO - a3 c0 88 18 00 01 86 a0
INFO - a3 c2 c8 08 b2 fa da 93
INFO - a3 c2 08 10 47 a8 dc d1
INFO - a3 c2 48 18 00 01 86 a0
INFO - a3 c4 88 08 b2 fa d9 ca
INFO - a3 c4 c8 10 47 a8 dc f3
INFO - a3 c4 08 18 00 01 86 a0
INFO - a3 c6 48 08 b2 fa d8 fa
INFO - a3 c6 88 10 47 a8 dd 0e
INFO - a3 c6 c8 18 00 01 86 a0
INFO - a3 c8 08 08 b2 fa d8 31
INFO - a3 c8 48 10 47 a8 dd 2f
INFO - a3 c8 88 18 00 01 86 a0
INFO - a3 ca c8 08 b2 fa d7 68
INFO - a3 ca 08 10 47 a8 dd 51
INFO - a3 ca 48 18 00 01 86 a0
INFO - a3 cc 88 08 b2 fa d6 98
INFO - a3 cc c8 10 47 a8 dd 6c
INFO - a3 cc 08 18 00 01 86 a0
INFO - a3 ce 48 08 b2 fa d5 e3
INFO - a3 ce 88 10 47 a8 dd 8d
INFO - a3 ce c8 18 00 01 86 a0
INFO - a3 ce 08 08 b2 fa d5 dc
INFO - a3 ce 48 10 47 a8 dd 8d
INFO - a3 ce 88 18 00 01 86 a0
INFO - a3 ce c8 08 b2 fa d5 cf
INFO - a3 ce 08 10 47 a8 dd 8d
INFO - a3 ce 48 18 00 01 86 a0
INFO - a3 d0 88 08 b2 fa d5 05
INFO - a3 d0 c8 10 47 a8 dd a8
INFO - a3 d0 08 18 00 01 86 a0
INFO - a3 d2 48 08 b2 fa d4 35
INFO - a3 d2 88 10 47 a8 dd c9
INFO - a3 d2 c8 18 00 01 86 a0
INFO - a3 d4 08 08 b2 fa d3 6c
INFO - a3 d4 48 10 47 a8 dd eb
INFO - a3 d4 88 18 00 01 86 a0
INFO - a3 d6 c8 08 b2 fa d2 9c
INFO - a3 d6 08 10 47 a8 de 06
INFO - a3 d6 48 18 00 01 86 a0
INFO - a3 d8 88 08 b2 fa d1 d3
INFO - a3 d8 c8 10 47 a8 de 27
INFO - a3 d8 08 18 00 01 86 a0
INFO - a3 da 48 08 b2 fa d1 0a
INFO - a3 da 88 10 47 a8 de 49
INFO - a3 da c8 18 00 01 86 a0
INFO - a3 dc 08 08 b2 fa d0 3a
INFO - a3 dc 48 10 47 a8 de 64
INFO - a3 dc 88 18 00 01 86 a0
INFO - a3 de c8 08 b2 fa cf 6a
INFO - a3 de 08 10 47 a8 de 85
INFO - a3 de 48 18 00 01 86 a0
INFO - a3 e0 88 08 b2 fa ce a1
INFO - a3 e0 c8 10 47 a8 de a0
INFO - a3 e0 08 18 00 01 86 a0
INFO - a3 e2 48 08 b2 fa cd d1
INFO - a3 e2 88 10 47 a8 de c2
INFO - a3 e2 c8 18 00 01 86 a0
INFO - a3 e4 08 08 b2 fa cd 01
INFO - a3 e4 48 10 47 a8 de e3
INFO - a3 e4 88 18 00 01 86 a0
INFO - a3 e6 c8 08 b2 fa cc 38
INFO - a3 e6 08 10 47 a8 de fe
INFO - a3 e6 48 18 00 01 86 a0
INFO - a3 e8 88 08 b2 fa cb 68
INFO - a3 e8 c8 10 47 a8 df 1f
INFO - a3 e8 08 18 00 01 86 a0
INFO - a3 ea 48 08 b2 fa ca 99
INFO - a3 ea 88 10 47 a8 df 41
INFO - a3 ea c8 18 00 01 86 a0
INFO - a3 ec 08 08 b2 fa c9 cf
INFO - a3 ec 48 10 47 a8 df 5c
INFO - a3 ec 88 18 00 01 86 a0
INFO - a3 ee c8 08 b2 fa c9 00
INFO - a3 ee 08 10 47 a8 df 7d
INFO - a3 ee 48 18 00 01 86 a0
INFO - a3 f0 88 08 b2 fa c8 36
INFO - a3 f0 c8 10 47 a8 df 9f
INFO - a3 f0 08 18 00 01 86 a0
INFO - a3 f2 48 08 b2 fa c7 66
INFO - a3 f2 88 10 47 a8 df ba
INFO - a3 f2 c8 18 00 01 86 a0
INFO - a3 f4 08 08 b2 fa c6 9d
INFO - a3 f4 48 10 47 a8 df db
INFO - a3 f4 88 18 00 01 86 a0
INFO - a3 f6 c8 08 b2 fa c5 cd
INFO - a3 f6 08 10 47 a8 df f6
INFO - a3 f6 48 18 00 01 86 a0
INFO - a3 f8 88 08 b2 fa c5 04
INFO - a3 f8 c8 10 47 a8 e0 17
INFO - a3 f8 08 18 00 01 86 a0
INFO - a3 fa 48 08 b2 fa c4 34
INFO - a3 fa 88 10 47 a8 e0 39
INFO - a3 fa c8 18 00 01 86 a0
INFO - a3 fc 08 08 b2 fa c3 6b
INFO - a3 fc 48 10 47 a8 e0 54
INFO - a3 fc 88 18 00 01 86 a0
INFO - a3 fe c8 08 b2 fa c2 9b
INFO - a3 fe 08 10 47 a8 e0 75
INFO - a3 fe 48 18 00 01 86 a0
INFO - a4 00 88 08 b2 fa c1 d2
INFO - a4 00 c8 10 47 a8 e0 97
INFO - a4 00 08 18 00 01 86 a0
INFO - a4 02 48 08 b2 fa c1 02
INFO - a4 02 88 10 47 a8 e0 b2
INFO - a4 02 c8 18 00 01 86 a0
INFO - a4 04 08 08 b2 fa c0 32
INFO - a4 04 48 10 47 a8 e0 d3
INFO - a4 04 88 18 00 01 86 a0
INFO - a4 06 c8 08 b2 fa bf 69
INFO - a4 06 08 10 47 a8 e0 f5
INFO - a4 06 48 18 00 01 86 a0
INFO - a4 08 88 08 b2 fa be 99
INFO - a4 08 c8 10 47 a8 e1 10
INFO - a4 08 08 18 00 01 86 a0
INFO - a4 0a 48 08 b2 fa bd ca
INFO - a4 0a 88 10 47 a8 e1 31
INFO - a4 0a c8 18 00 01 86 a0
INFO - a4 0c 08 08 b2 fa bd 00
INFO - a4 0c 48 10 47 a8 e1 4c
INFO - a4 0c 88 18 00 01 86 a0
INFO - a4 0e c8 08 b2 fa bc 31
INFO - a4 0e 08 10 47 a8 e1 6d
INFO - a4 0e 48 18 00 01 86 a0
INFO - a4 10 88 08 b2 fa bb 67
INFO - a4 10 c8 10 47 a8 e1 8f
INFO - a4 10 08 18 00 01 86 a0
INFO - a4 12 48 08 b2 fa ba 97
INFO - a4 12 88 10 47 a8 e1 aa
INFO - a4 12 c8 18 00 01 86 a0
INFO - a4 14 08 08 b2 fa b9 c8
INFO - a4 14 48 10 47 a8 e1 cb
INFO - a4 14 88 18 00 01 86 a0
INFO - a4 16 c8 08 b2 fa b8 fe
INFO - a4 16 08 10 47 a8 e1 ed
INFO - a4 16 48 18 00 01 86 a0
INFO - a4 18 88 08 b2 fa b8 35
INFO - a4 18 c8 10 47 a8 e2 08
INFO - a4 18 08 18 00 01 86 a0
INFO - a4 1a 48 08 b2 fa b7 65
INFO - a4 1a 88 10 47 a8 e2 29
INFO - a4 1a c8 18 00 01 86 a0
INFO - a4 1c 08 08 b2 fa b6 9c
INFO - a4 1c 48 10 47 a8 e2 44
INFO - a4 1c 88 18 00 01 86 a0
INFO - a4 1e c8 08 b2 fa b5 cc
INFO - a4 1e 08 10 47 a8 e2 66
INFO - a4 1e 48 18 00 01 86 a0
INFO - a4 20 88 08 b2 fa b5 03
INFO - a4 20 c8 10 47 a8 e2 87
INFO - a4 20 08 18 00 01 86 a0
INFO - a4 22 48 08 b2 fa b4 33
INFO - a4 22 88 10 47 a8 e2 a2
INFO - a4 22 c8 18 00 01 86 a0
INFO - a4 24 08 08 b2 fa b3 6a
INFO - a4 24 48 10 47 a8 e2 c3
INFO - a4 24 88 18 00 01 86 a0
INFO - a4 26 c8 08 b2 fa b2 9a
INFO - a4 26 08 10 47 a8 e2 de
INFO - a4 26 48 18 00 01 86 a0
INFO - a4 28 88 08 b2 fa b1 d1
INFO - a4 28 c8 10 47 a8 e3 00
INFO - a4 28 08 18 00 01 86 a0
INFO - a4 2a 48 08 b2 fa b1 01
INFO - a4 2a 88 10 47 a8 e3 21
INFO - a4 2a c8 18 00 01 86 a0
INFO - a4 2c 08 08 b2 fa b0 38
INFO - a4 2c 48 10 47 a8 e3 3c
INFO - a4 2c 88 18 00 01 86 a0
INFO - a4 2e c8 08 b2 fa af 68
INFO - a4 2e 08 10 47 a8 e3 5e
INFO - a4 2e 48 18 00 01 86 a0
INFO - a4 30 88 08 b2 fa ae 9f
INFO - a4 30 c8 10 47 a8 e3 7f
INFO - a4 30 08 18 00 01 86 a0
INFO - a4 32 48 08 b2 fa ad cf
INFO - a4 32 88 10 47 a8 e3 9a
INFO - a4 32 c8 18 00 01 86 a0
INFO - a4 34 08 08 b2 fa ac ff
INFO - a4 34 48 10 47 a8 e3 bc
INFO - a4 34 88 18 00 01 86 a0
INFO - a4 36 c8 08 b2 fa ac 36
INFO - a4 36 08 10 47 a8 e3 dd
INFO - a4 36 48 18 00 01 86 a0
INFO - a4 38 88 08 b2 fa ab 66
INFO - a4 38 c8 10 47 a8 e3 f8
INFO - a4 38 08 18 00 01 86 a0
INFO - a4 3a 48 08 b2 fa aa 9d
INFO - a4 3a 88 10 47 a8 e4 19
INFO - a4 3a c8 18 00 01 86 a0
INFO - a4 3b 08 08 b2 fa aa 24
INFO - a4 3b 48 10 47 a8 e4 27
INFO - a4 3b 88 18 00 01 86 a0
INFO - a4 3b c8 08 b2 fa aa 24
INFO - a4 3b 08 10 47 a8 e4 27
INFO - a4 3b 48 18 00 01 86 a0
INFO - a4 57 88 08 b2 fa 9e f5
INFO - a4 57 c8 10 47 a8 e5 db
INFO - a4 57 08 18 00 01 86 a0
INFO - a4 59 48 08 b2 fa 9e 2c
INFO - a4 59 88 10 47 a8 e5 fc
INFO - a4 59 c8 18 00 01 86 a0
INFO - a4 5b 08 08 b2 fa 9d 5c
INFO - a4 5b 48 10 47 a8 e6 17
INFO - a4 5b 88 18 00 01 86 a0
INFO - a4 5d c8 08 b2 fa 9c 93
INFO - a4 5d 08 10 47 a8 e6 39
INFO - a4 5d 48 18 00 01 86 a0
INFO - a4 5f 88 08 b2 fa 9b c3
INFO - a4 5f c8 10 47 a8 e6 53
INFO - a4 5f 08 18 00 01 86 a0
INFO - a4 61 48 08 b2 fa 9a f3
INFO - a4 61 88 10 47 a8 e6 75
INFO - a4 61 c8 18 00 01 86 a0
INFO - a4 63 08 08 b2 fa 9a 2a
INFO - a4 63 48 10 47 a8 e6 96
INFO - a4 63 88 18 00 01 86 a0
INFO - a4 65 c8 08 b2 fa 99 5a
INFO - a4 65 08 10 47 a8 e6 b1
INFO - a4 65 48 18 00 01 86 a0
INFO - a4 67 88 08 b2 fa 98 91
INFO - a4 67 c8 10 47 a8 e6 d3
INFO - a4 67 08 18 00 01 86 a0
INFO - a4 69 48 08 b2 fa 97 c1
INFO - a4 69 88 10 47 a8 e6 f4
INFO - a4 69 c8 18 00 01 86 a0
INFO - a4 6b 08 08 b2 fa 96 f8
INFO - a4 6b 48 10 47 a8 e7 0f
INFO - a4 6b 88 18 00 01 86 a0
INFO - a4 6d c8 08 b2 fa 96 28
INFO - a4 6d 08 10 47 a8 e7 31
INFO - a4 6d 48 18 00 01 86 a0
INFO - a4 6f 88 08 b2 fa 95 58
INFO - a4 6f c8 10 47 a8 e7 4c
INFO - a4 6f 08 18 00 01 86 a0
INFO - a4 71 48 08 b2 fa 94 8f
INFO - a4 71 88 10 47 a8 e7 6d
INFO - a4 71 c8 18 00 01 86 a0
INFO - a4 73 08 08 b2 fa 93 bf
INFO - a4 73 48 10 47 a8 e7 8f
INFO - a4 73 88 18 00 01 86 a0
INFO - a4 75 c8 08 b2 fa 92 f6
INFO - a4 75 08 10 47 a8 e7 a9
INFO - a4 75 48 18 00 01 86 a0
INFO - a4 77 88 08 b2 fa 92 26
INFO - a4 77 c8 10 47 a8 e7 cb
INFO - a4 77 08 18 00 01 86 a0
INFO - a4 79 48 08 b2 fa 91 56
INFO - a4 79 88 10 47 a8 e7 ec
INFO - a4 79 c8 18 00 01 86 a0
INFO - a4 7b 08 08 b2 fa 90 8d
INFO - a4 7b 48 10 47 a8 e8 07
INFO - a4 7b 88 18 00 01 86 a0
INFO - a4 7d c8 08 b2 fa 8f c4
INFO - a4 7d 08 10 47 a8 e8 29
INFO - a4 7d 48 18 00 01 86 a0
INFO - a4 7f 88 08 b2 fa 8e f4
INFO - a4 7f c8 10 47 a8 e8 44
INFO - a4 7f 08 18 00 01 86 a0
INFO - a4 81 48 08 b2 fa 8e 2b
INFO - a4 81 88 10 47 a8 e8 65
INFO - a4 81 c8 18 00 01 86 a0
INFO - a4 83 08 08 b2 fa 8d 5b
INFO - a4 83 48 10 47 a8 e8 87
INFO - a4 83 88 18 00 01 86 a0
INFO - a4 85 c8 08 b2 fa 8c 92
INFO - a4 85 08 10 47 a8 e8 a1
INFO - a4 85 48 18 00 01 86 a0
INFO - a4 87 88 08 b2 fa 8b c2
INFO - a4 87 c8 10 47 a8 e8 c3
INFO - a4 87 08 18 00 01 86 a0
INFO - a4 89 48 08 b2 fa 8a f9
INFO - a4 89 88 10 47 a8 e8 de
INFO - a4 89 c8 18 00 01 86 a0
INFO - a4 8b 08 08 b2 fa 8a 29
INFO - a4 8b 48 10 47 a8 e8 ff
INFO - a4 8b 88 18 00 01 86 a0
INFO - a4 8d c8 08 b2 fa 89 60
INFO - a4 8d 08 10 47 a8 e9 21
INFO - a4 8d 48 18 00 01 86 a0
INFO - a4 8f 88 08 b2 fa 88 90
INFO - a4 8f c8 10 47 a8 e9 42
INFO - a4 8f 08 18 00 01 86 a0
INFO - a4 91 48 08 b2 fa 87 c7
INFO - a4 91 88 10 47 a8 e9 5d
INFO - a4 91 c8 18 00 01 86 a0
INFO - a4 93 08 08 b2 fa 86 f7
INFO - a4 93 48 10 47 a8 e9 7f
INFO - a4 93 88 18 00 01 86 a0
INFO - a4 95 c8 08 b2 fa 86 2e
INFO - a4 95 08 10 47 a8 e9 9a
INFO - a4 95 48 18 00 01 86 a0
INFO - a4 97 88 08 b2 fa 85 5e
INFO - a4 97 c8 10 47 a8 e9 bb
INFO - a4 97 08 18 00 01 86 a0
INFO - a4 99 48 08 b2 fa 84 95
INFO - a4 99 88 10 47 a8 e9 dd
INFO - a4 99 c8 18 00 01 86 a0
INFO - a4 9b 08 08 b2 fa 83 c5
INFO - a4 9b 48 10 47 a8 e9 f7
INFO - a4 9b 88 18 00 01 86 a0
INFO - a4 9d c8 08 b2 fa 82 fc
INFO - a4 9d 08 10 47 a8 ea 19
INFO - a4 9d 48 18 00 01 86 a0
INFO - a4 9f 88 08 b2 fa 82 2c
INFO - a4 9f c8 10 47 a8 ea 3b
INFO - a4 9f 08 18 00 01 86 a0
INFO - a4 a1 48 08 b2 fa 81 63
INFO - a4 a1 88 10 47 a8 ea 55
INFO - a4 a1 c8 18 00 01 86 a0
INFO - a4 a3 08 08 b2 fa 80 93
INFO - a4 a3 48 10 47 a8 ea 77
INFO - a4 a3 88 18 00 01 86 a0
INFO - a4 a5 c8 08 b2 fa 7f ca
INFO - a4 a5 08 10 47 a8 ea 92
INFO - a4 a5 48 18 00 01 86 a0
INFO - a4 a7 88 08 b2 fa 7f 00
INFO - a4 a7 c8 10 47 a8 ea b3
INFO - a4 a7 08 18 00 01 86 a0
INFO - a4 a9 48 08 b2 fa 7e 31
INFO - a4 a9 88 10 47 a8 ea d5
INFO - a4 a9 c8 18 00 01 86 a0
INFO - a4 ab 08 08 b2 fa 7d 67
INFO - a4 ab 48 10 47 a8 ea f0
INFO - a4 ab 88 18 00 01 86 a0
INFO - a4 ad c8 08 b2 fa 7c 97
INFO - a4 ad 08 10 47 a8 eb 11
INFO - a4 ad 48 18 00 01 86 a0
INFO - a4 af 88 08 b2 fa 7b ce
INFO - a4 af c8 10 47 a8 eb 33
INFO - a4 af 08 18 00 01 86 a0
INFO - a4 b1 48 08 b2 fa 7a fe
INFO - a4 b1 88 10 47 a8 eb 4d
INFO - a4 b1 c8 18 00 01 86 a0
INFO - a4 b3 08 08 b2 fa 7a 35
INFO - a4 b3 48 10 47 a8 eb 6f
INFO - a4 b3 88 18 00 01 86 a0
INFO - a4 b5 c8 08 b2 fa 79 65
INFO - a4 b5 08 10 47 a8 eb 91
INFO - a4 b5 48 18 00 01 86 a0
INFO - a4 b7 88 08 b2 fa 78 96
INFO - a4 b7 c8 10 47 a8 eb ab
INFO - a4 b7 08 18 00 01 86 a0
INFO - a4 b9 48 08 b2 fa 77 cc
INFO - a4 b9 88 10 47 a8 eb cd
INFO - a4 b9 c8 18 00 01 86 a0
INFO - a4 bb 08 08 b2 fa 76 fd
INFO - a4 bb 48 10 47 a8 eb e8
INFO - a4 bb 88 18 00 01 86 a0
INFO - a4 bd c8 08 b2 fa 76 2d
INFO - a4 bd 08 10 47 a8 ec 09
INFO - a4 bd 48 18 00 01 86 a0
INFO - a4 bf 88 08 b2 fa 75 63
INFO - a4 bf c8 10 47 a8 ec 2b
INFO - a4 bf 08 18 00 01 86 a0
INFO - a4 c1 48 08 b2 fa 74 94
INFO - a4 c1 88 10 47 a8 ec 46
INFO - a4 c1 c8 18 00 01 86 a0
INFO - a4 c3 08 08 b2 fa 73 c4
INFO - a4 c3 48 10 47 a8 ec 67
INFO - a4 c3 88 18 00 01 86 a0
INFO - a4 c5 c8 08 b2 fa 72 fb
INFO - a4 c5 08 10 47 a8 ec 89
INFO - a4 c5 48 18 00 01 86 a0
INFO - a4 c7 88 08 b2 fa 72 2b
INFO - a4 c7 c8 10 47 a8 ec a3
INFO - a4 c7 08 18 00 01 86 a0
INFO - a4 c9 48 08 b2 fa 71 62
INFO - a4 c9 88 10 47 a8 ec c5
INFO - a4 c9 c8 18 00 01 86 a0
INFO - a4 cb 08 08 b2 fa 70 92
INFO - a4 cb 48 10 47 a8 ec e6
INFO - a4 cb 88 18 00 01 86 a0
INFO - a4 cd c8 08 b2 fa 6f c8
INFO - a4 cd 08 10 47 a8 ed 01
INFO - a4 cd 48 18 00 01 86 a0
INFO - a4 cf 88 08 b2 fa 6e f9
INFO - a4 cf c8 10 47 a8 ed 23
INFO - a4 cf 08 18 00 01 86 a0
INFO - a4 d1 48 08 b2 fa 6e 29
INFO - a4 d1 88 10 47 a8 ed 44
INFO - a4 d1 c8 18 00 01 86 a0
INFO - a4 d3 08 08 b2 fa 6d 60
INFO - a4 d3 48 10 47 a8 ed 5f
INFO - a4 d3 88 18 00 01 86 a0
INFO - a4 d5 c8 08 b2 fa 6c 90
INFO - a4 d5 08 10 47 a8 ed 81
INFO - a4 d5 48 18 00 01 86 a0
INFO - a4 d7 88 08 b2 fa 6b c7
INFO - a4 d7 c8 10 47 a8 ed 9c
INFO - a4 d7 08 18 00 01 86 a0
INFO - a4 d9 48 08 b2 fa 6a f7
INFO - a4 d9 88 10 47 a8 ed bd
INFO - a4 d9 c8 18 00 01 86 a0
INFO - a4 db 08 08 b2 fa 6a 27
INFO - a4 db 48 10 47 a8 ed df
INFO - a4 db 88 18 00 01 86 a0
INFO - a4 dd c8 08 b2 fa 69 5e
INFO - a4 dd 08 10 47 a8 ed f9
INFO - a4 dd 48 18 00 01 86 a0
INFO - a4 df 88 08 b2 fa 68 8e
INFO - a4 df c8 10 47 a8 ee 1b
INFO - a4 df 08 18 00 01 86 a0
INFO - a4 e1 48 08 b2 fa 67 c5
INFO - a4 e1 88 10 47 a8 ee 3c
INFO - a4 e1 c8 18 00 01 86 a0
INFO - a4 e3 08 08 b2 fa 66 f5
INFO - a4 e3 48 10 47 a8 ee 57
INFO - a4 e3 88 18 00 01 86 a0
INFO - a4 e5 c8 08 b2 fa 66 2c
INFO - a4 e5 08 10 47 a8 ee 79
INFO - a4 e5 48 18 00 01 86 a0
INFO - a4 e7 88 08 b2 fa 65 5c
INFO - a4 e7 c8 10 47 a8 ee 9a
INFO - a4 e7 08 18 00 01 86 a0
INFO - a4 e9 48 08 b2 fa 64 93
INFO - a4 e9 88 10 47 a8 ee b5
INFO - a4 e9 c8 18 00 01 86 a0
INFO - a4 eb 08 08 b2 fa 63 c3
INFO - a4 eb 48 10 47 a8 ee d7
INFO - a4 eb 88 18 00 01 86 a0
INFO - a4 ed c8 08 b2 fa 62 f9
INFO - a4 ed 08 10 47 a8 ee f2
INFO - a4 ed 48 18 00 01 86 a0
INFO - a4 ef 88 08 b2 fa 62 2a
INFO - a4 ef c8 10 47 a8 ef 13
INFO - a4 ef 08 18 00 01 86 a0
INFO - a4 f1 48 08 b2 fa 61 60
INFO - a4 f1 88 10 47 a8 ef 35
INFO - a4 f1 c8 18 00 01 86 a0
INFO - a4 f3 08 08 b2 fa 60 91
INFO - a4 f3 48 10 47 a8 ef 4f
INFO - a4 f3 88 18 00 01 86 a0
INFO - a4 f5 c8 08 b2 fa 5f c1
INFO - a4 f5 08 10 47 a8 ef 71
INFO - a4 f5 48 18 00 01 86 a0
INFO - a4 f7 88 08 b2 fa 5e f8
INFO - a4 f7 c8 10 47 a8 ef 92
INFO - a4 f7 08 18 00 01 86 a0
INFO - a4 f9 48 08 b2 fa 5e 28
INFO - a4 f9 88 10 47 a8 ef ad
INFO - a4 f9 c8 18 00 01 86 a0
INFO - a4 fb 08 08 b2 fa 5d 5f
INFO - a4 fb 48 10 47 a8 ef cf
INFO - a4 fb 88 18 00 01 86 a0
INFO - a4 fd c8 08 b2 fa 5c 8f
INFO - a4 fd 08 10 47 a8 ef ea
INFO - a4 fd 48 18 00 01 86 a0
INFO - a4 ff 88 08 b2 fa 5b c5
INFO - a4 ff c8 10 47 a8 f0 0b
INFO - a4 ff 08 18 00 01 86 a0
INFO - a5 01 48 08 b2 fa 5a f6
INFO - a5 01 88 10 47 a8 f0 2d
INFO - a5 01 c8 18 00 01 86 a0
INFO - a5 03 08 08 b2 fa 5a 2c
INFO - a5 03 48 10 47 a8 f0 47
INFO - a5 03 88 18 00 01 86 a0
INFO - a5 05 c8 08 b2 fa 59 5d
INFO - a5 05 08 10 47 a8 f0 69
INFO - a5 05 48 18 00 01 86 a0
INFO - a5 07 88 08 b2 fa 58 93
INFO - a5 07 c8 10 47 a8 f0 8b
INFO - a5 07 08 18 00 01 86 a0
INFO - a5 09 48 08 b2 fa 57 ca
INFO - a5 09 88 10 47 a8 f0 a5
INFO - a5 09 c8 18 00 01 86 a0
INFO - a5 0b 08 08 b2 fa 56 fa
INFO - a5 0b 48 10 47 a8 f0 c7
INFO - a5 0b 88 18 00 01 86 a0
INFO - a5 0d c8 08 b2 fa 56 31
INFO - a5 0d 08 10 47 a8 f0 e2
INFO - a5 0d 48 18 00 01 86 a0
INFO - a5 0f 88 08 b2 fa 55 61
INFO - a5 0f c8 10 47 a8 f1 03
INFO - a5 0f 08 18 00 01 86 a0
INFO - a5 11 48 08 b2 fa 54 98
INFO - a5 11 88 10 47 a8 f1 25
INFO - a5 11 c8 18 00 01 86 a0
INFO - a5 13 08 08 b2 fa 53 c8
INFO - a5 13 48 10 47 a8 f1 40
INFO - a5 13 88 18 00 01 86 a0
INFO - a5 15 c8 08 b2 fa 52 ff
INFO - a5 15 08 10 47 a8 f1 61
INFO - a5 15 48 18 00 01 86 a0
INFO - a5 17 88 08 b2 fa 52 2f
INFO - a5 17 c8 10 47 a8 f1 83
INFO - a5 17 08 18 00 01 86 a0
INFO - a5 19 48 08 b2 fa 51 5f
INFO - a5 19 88 10 47 a8 f1 9d
INFO - a5 19 c8 18 00 01 86 a0
INFO - a5 1b 08 08 b2 fa 50 96
INFO - a5 1b 48 10 47 a8 f1 bf
INFO - a5 1b 88 18 00 01 86 a0
INFO - a5 1d c8 08 b2 fa 4f c6
INFO - a5 1d 08 10 47 a8 f1 da
INFO - a5 1d 48 18 00 01 86 a0
INFO - a5 1f 88 08 b2 fa 4e fd
INFO - a5 1f c8 10 47 a8 f1 fb
INFO - a5 1f 08 18 00 01 86 a0
INFO - a5 21 48 08 b2 fa 4e 2d
INFO - a5 21 88 10 47 a8 f2 1d
INFO - a5 21 c8 18 00 01 86 a0
INFO - a5 23 08 08 b2 fa 4d 64
INFO - a5 23 48 10 47 a8 f2 38
INFO - a5 23 88 18 00 01 86 a0
INFO - a5 25 c8 08 b2 fa 4c 94
INFO - a5 25 08 10 47 a8 f2 59
INFO - a5 25 48 18 00 01 86 a0
INFO - a5 27 88 08 b2 fa 4b c4
INFO - a5 27 c8 10 47 a8 f2 7b
INFO - a5 27 08 18 00 01 86 a0
INFO - a5 29 48 08 b2 fa 4a fb
INFO - a5 29 88 10 47 a8 f2 96
INFO - a5 29 c8 18 00 01 86 a0
INFO - a5 2b 08 08 b2 fa 4a 2b
INFO - a5 2b 48 10 47 a8 f2 b7
INFO - a5 2b 88 18 00 01 86 a0
INFO - a5 2d c8 08 b2 fa 49 62
INFO - a5 2d 08 10 47 a8 f2 d9
INFO - a5 2d 48 18 00 01 86 a0
INFO - a5 2f 88 08 b2 fa 48 92
INFO - a5 2f c8 10 47 a8 f2 f3
INFO - a5 2f 08 18 00 01 86 a0
INFO - a5 31 48 08 b2 fa 47 c9
INFO - a5 31 88 10 47 a8 f3 15
INFO - a5 31 c8 18 00 01 86 a0
INFO - a5 33 08 08 b2 fa 46 f9
INFO - a5 33 48 10 47 a8 f3 30
INFO - a5 33 88 18 00 01 86 a0
INFO - a5 35 c8 08 b2 fa 46 30
INFO - a5 35 08 10 47 a8 f3 51
INFO - a5 35 48 18 00 01 86 a0
INFO - a5 37 88 08 b2 fa 45 60
INFO - a5 37 c8 10 47 a8 f3 73
INFO - a5 37 08 18 00 01 86 a0
INFO - a5 39 48 08 b2 fa 44 97
INFO - a5 39 88 10 47 a8 f3 8e
INFO - a5 39 c8 18 00 01 86 a0
INFO - a5 3b 08 08 b2 fa 43 c7
INFO - a5 3b 48 10 47 a8 f3 af
INFO - a5 3b 88 18 00 01 86 a0
INFO - a5 3d c8 08 b2 fa 42 f7
INFO - a5 3d 08 10 47 a8 f3 d1
INFO - a5 3d 48 18 00 01 86 a0
INFO - a5 3f 88 08 b2 fa 42 2e
INFO - a5 3f c8 10 47 a8 f3 ec
INFO - a5 3f 08 18 00 01 86 a0
INFO - a5 41 48 08 b2 fa 41 5e
INFO - a5 41 88 10 47 a8 f4 0d
INFO - a5 41 c8 18 00 01 86 a0
INFO - a5 43 08 08 b2 fa 40 95
INFO - a5 43 48 10 47 a8 f4 28
INFO - a5 43 88 18 00 01 86 a0
INFO - a5 45 c8 08 b2 fa 3f c5
INFO - a5 45 08 10 47 a8 f4 49
INFO - a5 45 48 18 00 01 86 a0
INFO - a5 47 88 08 b2 fa 3e fc
INFO - a5 47 c8 10 47 a8 f4 6b
INFO - a5 47 08 18 00 01 86 a0
INFO - a5 49 48 08 b2 fa 3e 2c
INFO - a5 49 88 10 47 a8 f4 86
INFO - a5 49 c8 18 00 01 86 a0
INFO - a5 4b 08 08 b2 fa 3d 5c
INFO - a5 4b 48 10 47 a8 f4 a7
INFO - a5 4b 88 18 00 01 86 a0
INFO - a5 4d c8 08 b2 fa 3c 93
INFO - a5 4d 08 10 47 a8 f4 c9
INFO - a5 4d 48 18 00 01 86 a0
INFO - a5 4f 88 08 b2 fa 3b c3
INFO - a5 4f c8 10 47 a8 f4 e4
INFO - a5 4f 08 18 00 01 86 a0
INFO - a5 51 48 08 b2 fa 3a fa
INFO - a5 51 88 10 47 a8 f5 05
INFO - a5 51 c8 18 00 01 86 a0
INFO - a5 53 08 08 b2 fa 3a 2a
INFO - a5 53 48 10 47 a8 f5 27
INFO - a5 53 88 18 00 01 86 a0
INFO - a5 55 c8 08 b2 fa 39 61
INFO - a5 55 08 10 47 a8 f5 42
INFO - a5 55 48 18 00 01 86 a0
INFO - a5 57 88 08 b2 fa 38 91
INFO - a5 57 c8 10 47 a8 f5 63
INFO - a5 57 08 18 00 01 86 a0
INFO - a5 59 48 08 b2 fa 37 c8
INFO - a5 59 88 10 47 a8 f5 7e
INFO - a5 59 c8 18 00 01 86 a0
INFO - a5 5b 08 08 b2 fa 36 f8
INFO - a5 5b 48 10 47 a8 f5 9f
INFO - a5 5b 88 18 00 01 86 a0
INFO - a5 5d c8 08 b2 fa 36 2f
INFO - a5 5d 08 10 47 a8 f5 c1
INFO - a5 5d 48 18 00 01 86 a0
INFO - a5 5f 88 08 b2 fa 35 5f
INFO - a5 5f c8 10 47 a8 f5 dc
INFO - a5 5f 08 18 00 01 86 a0
INFO - a5 61 48 08 b2 fa 34 96
INFO - a5 61 88 10 47 a8 f5 fd
INFO - a5 61 c8 18 00 01 86 a0
INFO - a5 63 08 08 b2 fa 33 c6
INFO - a5 63 48 10 47 a8 f6 1f
INFO - a5 63 88 18 00 01 86 a0
INFO - a5 65 c8 08 b2 fa 32 fd
INFO - a5 65 08 10 47 a8 f6 3a
INFO - a5 65 48 18 00 01 86 a0
INFO - a5 67 88 08 b2 fa 32 2d
INFO - a5 67 c8 10 47 a8 f6 5b
INFO - a5 67 08 18 00 01 86 a0
INFO - a5 69 48 08 b2 fa 31 64
INFO - a5 69 88 10 47 a8 f6 76
INFO - a5 69 c8 18 00 01 86 a0
INFO - a5 6b 08 08 b2 fa 30 94
INFO - a5 6b 48 10 47 a8 f6 98
INFO - a5 6b 88 18 00 01 86 a0
INFO - a5 6d c8 08 b2 fa 2f cb
INFO - a5 6d 08 10 47 a8 f6 b9
INFO - a5 6d 48 18 00 01 86 a0
INFO - a5 6f 88 08 b2 fa 2e fb
INFO - a5 6f c8 10 47 a8 f6 d4
INFO - a5 6f 08 18 00 01 86 a0
INFO - a5 71 48 08 b2 fa 2e 32
INFO - a5 71 88 10 47 a8 f6 f5
INFO - a5 71 c8 18 00 01 86 a0
INFO - a5 73 08 08 b2 fa 2d 62
INFO - a5 73 48 10 47 a8 f7 17
INFO - a5 73 88 18 00 01 86 a0
INFO - a5 75 c8 08 b2 fa 2c 99
INFO - a5 75 08 10 47 a8 f7 32
INFO - a5 75 48 18 00 01 86 a0
INFO - a5 77 88 08 b2 fa 2b c9
INFO - a5 77 c8 10 47 a8 f7 53
INFO - a5 77 08 18 00 01 86 a0
INFO - a5 79 48 08 b2 fa 2b 00
INFO - a5 79 88 10 47 a8 f7 6e
INFO - a5 79 c8 18 00 01 86 a0
INFO - a5 7b 08 08 b2 fa 2a 30
INFO - a5 7b 48 10 47 a8 f7 90
INFO - a5 7b 88 18 00 01 86 a0
INFO - a5 7d c8 08 b2 fa 29 67
INFO - a5 7d 08 10 47 a8 f7 b1
INFO - a5 7d 48 18 00 01 86 a0
INFO - a5 7f 88 08 b2 fa 28 97
INFO - a5 7f c8 10 47 a8 f7 cc
INFO - a5 7f 08 18 00 01 86 a0
INFO - a5 81 48 08 b2 fa 27 ce
INFO - a5 81 88 10 47 a8 f7 ee
INFO - a5 81 c8 18 00 01 86 a0
INFO - a5 83 08 08 b2 fa 26 fe
INFO - a5 83 48 10 47 a8 f8 0f
INFO - a5 83 88 18 00 01 86 a0
INFO - a5 85 c8 08 b2 fa 26 35
INFO - a5 85 08 10 47 a8 f8 2a
INFO - a5 85 48 18 00 01 86 a0
INFO - a5 87 88 08 b2 fa 25 65
INFO - a5 87 c8 10 47 a8 f8 4b
INFO - a5 87 08 18 00 01 86 a0
INFO - a5 89 48 08 b2 fa 24 9c
INFO - a5 89 88 10 47 a8 f8 66
INFO - a5 89 c8 18 00 01 86 a0
INFO - a5 8b 08 08 b2 fa 23 cc
INFO - a5 8b 48 10 47 a8 f8 88
INFO - a5 8b 88 18 00 01 86 a0
INFO - a5 8d c8 08 b2 fa 23 03
INFO - a5 8d 08 10 47 a8 f8 a9
INFO - a5 8d 48 18 00 01 86 a0
INFO - a5 8f 88 08 b2 fa 22 33
INFO - a5 8f c8 10 47 a8 f8 c4
INFO - a5 8f 08 18 00 01 86 a0
INFO - a5 91 48 08 b2 fa 21 6a
INFO - a5 91 88 10 47 a8 f8 e6
INFO - a5 91 c8 18 00 01 86 a0
INFO - a5 93 08 08 b2 fa 20 9a
INFO - a5 93 48 10 47 a8 f9 07
INFO - a5 93 88 18 00 01 86 a0
INFO - a5 95 c8 08 b2 fa 1f d1
INFO - a5 95 08 10 47 a8 f9 22
INFO - a5 95 48 18 00 01 86 a0
INFO - a5 97 88 08 b2 fa 1f 01
INFO - a5 97 c8 10 47 a8 f9 43
INFO - a5 97 08 18 00 01 86 a0
INFO - a5 99 48 08 b2 fa 1e 38
INFO - a5 99 88 10 47 a8 f9 5e
INFO - a5 99 c8 18 00 01 86 a0
INFO - a5 9b 08 08 b2 fa 1d 68
INFO - a5 9b 48 10 47 a8 f9 80
INFO - a5 9b 88 18 00 01 86 a0
INFO - a5 9d c8 08 b2 fa 1c 98
INFO - a5 9d 08 10 47 a8 f9 a1
INFO - a5 9d 48 18 00 01 86 a0
INFO - a5 9f 88 08 b2 fa 1b cf
INFO - a5 9f c8 10 47 a8 f9 bc
INFO - a5 9f 08 18 00 01 86 a0
INFO - a5 a1 48 08 b2 fa 1a ff
INFO - a5 a1 88 10 47 a8 f9 de
INFO - a5 a1 c8 18 00 01 86 a0
INFO - a5 a3 08 08 b2 fa 1a 36
INFO - a5 a3 48 10 47 a8 f9 ff
INFO - a5 a3 88 18 00 01 86 a0
INFO - a5 a5 c8 08 b2 fa 19 66
INFO - a5 a5 08 10 47 a8 fa 1a
INFO - a5 a5 48 18 00 01 86 a0
INFO - a5 a7 88 08 b2 fa 18 9d
INFO - a5 a7 c8 10 47 a8 fa 3c
INFO - a5 a7 08 18 00 01 86 a0
INFO - a5 a9 48 08 b2 fa 17 d3
INFO - a5 a9 88 10 47 a8 fa 56
INFO - a5 a9 c8 18 00 01 86 a0
INFO - a5 ab 08 08 b2 fa 17 03
INFO - a5 ab 48 10 47 a8 fa 78
INFO - a5 ab 88 18 00 01 86 a0
INFO - a5 ad c8 08 b2 fa 16 3a
INFO - a5 ad 08 10 47 a8 fa 99
INFO - a5 ad 48 18 00 01 86 a0
INFO - a5 af 88 08 b2 fa 15 6a
INFO - a5 af c8 10 47 a8 fa b4
INFO - a5 af 08 18 00 01 86 a0
INFO - a5 b1 48 08 b2 fa 14 a1
INFO - a5 b1 88 10 47 a8 fa d6
INFO - a5 b1 c8 18 00 01 86 a0
INFO - a5 b3 08 08 b2 fa 13 d1
INFO - a5 b3 48 10 47 a8 fa f7
INFO - a5 b3 88 18 00 01 86 a0
INFO - a5 b5 c8 08 b2 fa 13 08
INFO - a5 b5 08 10 47 a8 fb 12
INFO - a5 b5 48 18 00 01 86 a0
INFO - a5 b7 88 08 b2 fa 12 38
INFO - a5 b7 c8 10 47 a8 fb 34
INFO - a5 b7 08 18 00 01 86 a0
INFO - a5 b9 48 08 b2 fa 11 6f
INFO - a5 b9 88 10 47 a8 fb 4f
INFO - a5 b9 c8 18 00 01 86 a0
INFO - a5 bb 08 08 b2 fa 10 9f
INFO - a5 bb 48 10 47 a8 fb 70
INFO - a5 bb 88 18 00 01 86 a0
INFO - a5 bd c8 08 b2 fa 0f d6
INFO - a5 bd 08 10 47 a8 fb 92
INFO - a5 bd 48 18 00 01 86 a0
INFO - a5 bf 88 08 b2 fa 0f 06
INFO - a5 bf c8 10 47 a8 fb ac
INFO - a5 bf 08 18 00 01 86 a0
INFO - a5 c1 48 08 b2 fa 0e 3d
INFO - a5 c1 88 10 47 a8 fb ce
INFO - a5 c1 c8 18 00 01 86 a0
INFO - a5 c3 08 08 b2 fa 0d 6d
INFO - a5 c3 48 10 47 a8 fb ef
INFO - a5 c3 88 18 00 01 86 a0
INFO - a5 c5 c8 08 b2 fa 0c a4
INFO - a5 c5 08 10 47 a8 fc 0a
INFO - a5 c5 48 18 00 01 86 a0
INFO - a5 c7 88 08 b2 fa 0b d4
INFO - a5 c7 c8 10 47 a8 fc 2c
INFO - a5 c7 08 18 00 01 86 a0
INFO - a5 c9 48 08 b2 fa 0b 04
INFO - a5 c9 88 10 47 a8 fc 47
INFO - a5 c9 c8 18 00 01 86 a0
INFO - a5 cb 08 08 b2 fa 0a 3b
INFO - a5 cb 48 10 47 a8 fc 68
INFO - a5 cb 88 18 00 01 86 a0
INFO - a5 cd c8 08 b2 fa 09 6b
INFO - a5 cd 08 10 47 a8 fc 8a
INFO - a5 cd 48 18 00 01 86 a0
INFO - a5 cf 88 08 b2 fa 08 9b
INFO - a5 cf c8 10 47 a8 fc a5
INFO - a5 cf 08 18 00 01 86 a0
INFO - a5 d1 48 08 b2 fa 07 d2
INFO - a5 d1 88 10 47 a8 fc c6
INFO - a5 d1 c8 18 00 01 86 a0
INFO - a5 d3 08 08 b2 fa 07 02
INFO - a5 d3 48 10 47 a8 fc e8
INFO - a5 d3 88 18 00 01 86 a0
INFO - a5 d5 c8 08 b2 fa 06 33
INFO - a5 d5 08 10 47 a8 fd 02
INFO - a5 d5 48 18 00 01 86 a0
INFO - a5 d7 88 08 b2 fa 05 69
INFO - a5 d7 c8 10 47 a8 fd 24
INFO - a5 d7 08 18 00 01 86 a0
INFO - a5 d9 48 08 b2 fa 04 99
INFO - a5 d9 88 10 47 a8 fd 45
INFO - a5 d9 c8 18 00 01 86 a0
INFO - a5 dc 08 08 b2 fa 03 ca
INFO - a5 dc 48 10 47 a8 fd 60
INFO - a5 dc 88 18 00 01 86 a0
INFO - a5 dd c8 08 b2 fa 03 00
INFO - a5 dd 08 10 47 a8 fd 82
INFO - a5 dd 48 18 00 01 86 a0
INFO - a5 e0 88 08 b2 fa 02 31
INFO - a5 e0 c8 10 47 a8 fd a3
INFO - a5 e0 08 18 00 01 86 a0
INFO - a5 e2 48 08 b2 fa 01 61
INFO - a5 e2 88 10 47 a8 fd be
INFO - a5 e2 c8 18 00 01 86 a0
INFO - a5 e4 08 08 b2 fa 00 91
INFO - a5 e4 48 10 47 a8 fd e0
INFO - a5 e4 88 18 00 01 86 a0
INFO - a5 e6 c8 08 b2 f9 ff c8
INFO - a5 e6 08 10 47 a8 fe 01
INFO - a5 e6 48 18 00 01 86 a0
INFO - a5 e8 88 08 b2 f9 fe f8
INFO - a5 e8 c8 10 47 a8 fe 1c
INFO - a5 e8 08 18 00 01 86 a0
INFO - a5 ea 48 08 b2 f9 fe 28
INFO - a5 ea 88 10 47 a8 fe 3e
INFO - a5 ea c8 18 00 01 86 a0
INFO - a5 ec 08 08 b2 f9 fd 5f
INFO - a5 ec 48 10 47 a8 fe 5f
INFO - a5 ec 88 18 00 01 86 a0
INFO - a5 ee c8 08 b2 f9 fc 8f
INFO - a5 ee 08 10 47 a8 fe 7a
INFO - a5 ee 48 18 00 01 86 a0
INFO - a5 f0 88 08 b2 f9 fb c6
INFO - a5 f0 c8 10 47 a8 fe 9b
INFO - a5 f0 08 18 00 01 86 a0
INFO - a5 f2 48 08 b2 f9 fa fd
INFO - a5 f2 88 10 47 a8 fe b6
INFO - a5 f2 c8 18 00 01 86 a0
INFO - a5 f4 08 08 b2 f9 fa 33
INFO - a5 f4 48 10 47 a8 fe d8
INFO - a5 f4 88 18 00 01 86 a0
INFO - a5 f6 c8 08 b2 f9 f9 64
INFO - a5 f6 08 10 47 a8 fe f3
INFO - a5 f6 48 18 00 01 86 a0
INFO - a5 f8 88 08 b2 f9 f8 9a
INFO - a5 f8 c8 10 47 a8 ff 14
INFO - a5 f8 08 18 00 01 86 a0
INFO - a5 f9 48 08 b2 f9 f7 d1
INFO - a5 f9 88 10 47 a8 ff 36
INFO - a5 f9 c8 18 00 01 86 a0
INFO - a5 fb 08 08 b2 f9 f7 08
INFO - a5 fb 48 10 47 a8 ff 50
INFO - a5 fb 88 18 00 01 86 a0
INFO - a5 fd c8 08 b2 f9 f6 38
INFO - a5 fd 08 10 47 a8 ff 72
INFO - a5 fd 48 18 00 01 86 a0
INFO - a5 ff 88 08 b2 f9 f5 6f
INFO - a5 ff c8 10 47 a8 ff 8d
INFO - a5 ff 08 18 00 01 86 a0
INFO - a6 01 48 08 b2 f9 f4 a6
INFO - a6 01 88 10 47 a8 ff ae
INFO - a6 01 c8 18 00 01 86 a0
INFO - a6 03 08 08 b2 f9 f3 d6
INFO - a6 03 48 10 47 a8 ff d0
INFO - a6 03 88 18 00 01 86 a0
INFO - a6 05 c8 08 b2 f9 f3 0d
INFO - a6 05 08 10 47 a8 ff eb
INFO - a6 05 48 18 00 01 86 a0
INFO - a6 07 88 08 b2 f9 f2 3d
INFO - a6 07 c8 10 47 a9 00 0c
INFO - a6 07 08 18 00 01 86 a0
INFO - a6 09 48 08 b2 f9 f1 74
INFO - a6 09 88 10 47 a9 00 2e
INFO - a6 09 c8 18 00 01 86 a0
INFO - a6 0b 08 08 b2 f9 f0 a4
INFO - a6 0b 48 10 47 a9 00 49
INFO - a6 0b 88 18 00 01 86 a0
INFO - a6 0d c8 08 b2 f9 ef d4
INFO - a6 0d 08 10 47 a9 00 6a
INFO - a6 0d 48 18 00 01 86 a0
INFO - a6 0f 88 08 b2 f9 ef 0b
INFO - a6 0f c8 10 47 a9 00 85
INFO - a6 0f 08 18 00 01 86 a0
INFO - a6 11 48 08 b2 f9 ee 3b
INFO - a6 11 88 10 47 a9 00 a6
INFO - a6 11 c8 18 00 01 86 a0
INFO - a6 13 08 08 b2 f9 ed 72
INFO - a6 13 48 10 47 a9 00 c8
INFO - a6 13 88 18 00 01 86 a0
INFO - a6 15 c8 08 b2 f9 ec a2
INFO - a6 15 08 10 47 a9 00 e3
INFO - a6 15 48 18 00 01 86 a0
INFO - a6 17 88 08 b2 f9 eb d9
INFO - a6 17 c8 10 47 a9 01 04
INFO - a6 17 08 18 00 01 86 a0
INFO - a6 19 48 08 b2 f9 eb 09
INFO - a6 19 88 10 47 a9 01 26
INFO - a6 19 c8 18 00 01 86 a0
INFO - a6 1b 08 08 b2 f9 ea 40
INFO - a6 1b 48 10 47 a9 01 41
INFO - a6 1b 88 18 00 01 86 a0
INFO - a6 1d c8 08 b2 f9 e9 70
INFO - a6 1d 08 10 47 a9 01 62
INFO - a6 1d 48 18 00 01 86 a0
INFO - a6 1f 88 08 b2 f9 e8 a7
INFO - a6 1f c8 10 47 a9 01 7d
INFO - a6 1f 08 18 00 01 86 a0
INFO - a6 21 48 08 b2 f9 e7 d7
INFO - a6 21 88 10 47 a9 01 9f
INFO - a6 21 c8 18 00 01 86 a0
INFO - a6 23 08 08 b2 f9 e7 07
INFO - a6 23 48 10 47 a9 01 c0
INFO - a6 23 88 18 00 01 86 a0
INFO - a6 25 c8 08 b2 f9 e6 3e
INFO - a6 25 08 10 47 a9 01 db
INFO - a6 25 48 18 00 01 86 a0
INFO - a6 27 88 08 b2 f9 e5 6e
INFO - a6 27 c8 10 47 a9 01 fc
INFO - a6 27 08 18 00 01 86 a0
INFO - a6 2a 48 08 b2 f9 e4 9e
INFO - a6 2a 88 10 47 a9 02 1e
INFO - a6 2a c8 18 00 01 86 a0
INFO - a6 2b 08 08 b2 f9 e3 d5
INFO - a6 2b 48 10 47 a9 02 39
INFO - a6 2b 88 18 00 01 86 a0
INFO - a6 2e c8 08 b2 f9 e3 05
INFO - a6 2e 08 10 47 a9 02 5a
INFO - a6 2e 48 18 00 01 86 a0
INFO - a6 2f 88 08 b2 f9 e2 3c
INFO - a6 2f c8 10 47 a9 02 7c
INFO - a6 2f 08 18 00 01 86 a0
INFO - a6 32 48 08 b2 f9 e1 6c
INFO - a6 32 88 10 47 a9 02 97
INFO - a6 32 c8 18 00 01 86 a0
INFO - a6 33 08 08 b2 f9 e0 a3
INFO - a6 33 48 10 47 a9 02 b8
INFO - a6 33 88 18 00 01 86 a0
INFO - a6 35 c8 08 b2 f9 e0 1d
INFO - a6 35 08 10 47 a9 02 cc
INFO - a6 35 48 18 00 01 86 a0
INFO - a6 35 88 08 b2 f9 e0 1d
INFO - a6 35 c8 10 47 a9 02 cc
INFO - a6 35 08 18 00 01 86 a0
INFO - a6 4b 48 08 b2 f9 d7 50
INFO - a6 4b 88 10 47 a9 04 15
INFO - a6 4b c8 18 00 01 86 a0
INFO - a6 4d 08 08 b2 f9 d6 80
INFO - a6 4d 48 10 47 a9 04 30
INFO - a6 4d 88 18 00 01 86 a0
INFO - a6 4f c8 08 b2 f9 d5 b7
INFO - a6 4f 08 10 47 a9 04 51
INFO - a6 4f 48 18 00 01 86 a0
INFO - a6 51 88 08 b2 f9 d4 e7
INFO - a6 51 c8 10 47 a9 04 6c
INFO - a6 51 08 18 00 01 86 a0
INFO - a6 53 48 08 b2 f9 d4 1e
INFO - a6 53 88 10 47 a9 04 8e
INFO - a6 53 c8 18 00 01 86 a0
INFO - a6 55 08 08 b2 f9 d3 4e
INFO - a6 55 48 10 47 a9 04 af
INFO - a6 55 88 18 00 01 86 a0
INFO - a6 57 c8 08 b2 f9 d2 85
INFO - a6 57 08 10 47 a9 04 ca
INFO - a6 57 48 18 00 01 86 a0
INFO - a6 59 88 08 b2 f9 d1 bb
INFO - a6 59 c8 10 47 a9 04 eb
INFO - a6 59 08 18 00 01 86 a0
INFO - a6 5b 48 08 b2 f9 d0 f2
INFO - a6 5b 88 10 47 a9 05 06
INFO - a6 5b c8 18 00 01 86 a0
INFO - a6 5d 08 08 b2 f9 d0 22
INFO - a6 5d 48 10 47 a9 05 28
INFO - a6 5d 88 18 00 01 86 a0
INFO - a6 5f c8 08 b2 f9 cf 59
INFO - a6 5f 08 10 47 a9 05 49
INFO - a6 5f 48 18 00 01 86 a0
INFO - a6 61 88 08 b2 f9 ce 90
INFO - a6 61 c8 10 47 a9 05 64
INFO - a6 61 08 18 00 01 86 a0
INFO - a6 63 48 08 b2 f9 cd c0
INFO - a6 63 88 10 47 a9 05 86
INFO - a6 63 c8 18 00 01 86 a0
INFO - a6 65 08 08 b2 f9 cc f7
INFO - a6 65 48 10 47 a9 05 a0
INFO - a6 65 88 18 00 01 86 a0
INFO - a6 67 c8 08 b2 f9 cc 27
INFO - a6 67 08 10 47 a9 05 c2
INFO - a6 67 48 18 00 01 86 a0
INFO - a6 69 88 08 b2 f9 cb 5e
INFO - a6 69 c8 10 47 a9 05 e4
INFO - a6 69 08 18 00 01 86 a0
INFO - a6 6b 48 08 b2 f9 ca 8e
INFO - a6 6b 88 10 47 a9 05 fe
INFO - a6 6b c8 18 00 01 86 a0
INFO - a6 6d 08 08 b2 f9 c9 c5
INFO - a6 6d 48 10 47 a9 06 20
INFO - a6 6d 88 18 00 01 86 a0
INFO - a6 6f c8 08 b2 f9 c8 f5
INFO - a6 6f 08 10 47 a9 06 3b
INFO - a6 6f 48 18 00 01 86 a0
INFO - a6 71 88 08 b2 f9 c8 25
INFO - a6 71 c8 10 47 a9 06 5c
INFO - a6 71 08 18 00 01 86 a0
INFO - a6 73 48 08 b2 f9 c7 5c
INFO - a6 73 88 10 47 a9 06 7e
INFO - a6 73 c8 18 00 01 86 a0
INFO - a6 75 08 08 b2 f9 c6 8c
INFO - a6 75 48 10 47 a9 06 99
INFO - a6 75 88 18 00 01 86 a0
INFO - a6 77 c8 08 b2 f9 c5 c3
INFO - a6 77 08 10 47 a9 06 ba
INFO - a6 77 48 18 00 01 86 a0
INFO - a6 79 88 08 b2 f9 c4 f3
INFO - a6 79 c8 10 47 a9 06 d5
INFO - a6 79 08 18 00 01 86 a0
INFO - a6 7b 48 08 b2 f9 c4 2a
INFO - a6 7b 88 10 47 a9 06 f6
INFO - a6 7b c8 18 00 01 86 a0
INFO - a6 7d 08 08 b2 f9 c3 5a
INFO - a6 7d 48 10 47 a9 07 18
INFO - a6 7d 88 18 00 01 86 a0
INFO - a6 7f c8 08 b2 f9 c2 8a
INFO - a6 7f 08 10 47 a9 07 33
INFO - a6 7f 48 18 00 01 86 a0
INFO - a6 81 88 08 b2 f9 c1 c1
INFO - a6 81 c8 10 47 a9 07 54
INFO - a6 81 08 18 00 01 86 a0
INFO - a6 83 48 08 b2 f9 c0 f1
INFO - a6 83 88 10 47 a9 07 76
INFO - a6 83 c8 18 00 01 86 a0
INFO - a6 85 08 08 b2 f9 c0 28
INFO - a6 85 48 10 47 a9 07 91
INFO - a6 85 88 18 00 01 86 a0
INFO - a6 87 c8 08 b2 f9 bf 58
INFO - a6 87 08 10 47 a9 07 b2
INFO - a6 87 48 18 00 01 86 a0
INFO - a6 89 88 08 b2 f9 be 88
INFO - a6 89 c8 10 47 a9 07 cd
INFO - a6 89 08 18 00 01 86 a0
INFO - a6 8b 48 08 b2 f9 bd bf
INFO - a6 8b 88 10 47 a9 07 ef
INFO - a6 8b c8 18 00 01 86 a0
INFO - a6 8d 08 08 b2 f9 bc ef
INFO - a6 8d 48 10 47 a9 08 10
INFO - a6 8d 88 18 00 01 86 a0
INFO - a6 8f c8 08 b2 f9 bc 26
INFO - a6 8f 08 10 47 a9 08 2b
INFO - a6 8f 48 18 00 01 86 a0
INFO - a6 91 88 08 b2 f9 bb 56
INFO - a6 91 c8 10 47 a9 08 4c
INFO - a6 91 08 18 00 01 86 a0
INFO - a6 93 48 08 b2 f9 ba 86
INFO - a6 93 88 10 47 a9 08 6e
INFO - a6 93 c8 18 00 01 86 a0
INFO - a6 95 08 08 b2 f9 b9 bd
INFO - a6 95 48 10 47 a9 08 89
INFO - a6 95 88 18 00 01 86 a0
INFO - a6 97 c8 08 b2 f9 b8 ed
INFO - a6 97 08 10 47 a9 08 aa
INFO - a6 97 48 18 00 01 86 a0
INFO - a6 99 88 08 b2 f9 b8 24
INFO - a6 99 c8 10 47 a9 08 c5
INFO - a6 99 08 18 00 01 86 a0
INFO - a6 9b 48 08 b2 f9 b7 54
INFO - a6 9b 88 10 47 a9 08 e7
INFO - a6 9b c8 18 00 01 86 a0
INFO - a6 9d 08 08 b2 f9 b6 8b
INFO - a6 9d 48 10 47 a9 09 08
INFO - a6 9d 88 18 00 01 86 a0
INFO - a6 9f c8 08 b2 f9 b5 bb
INFO - a6 9f 08 10 47 a9 09 23
INFO - a6 9f 48 18 00 01 86 a0
INFO - a6 a1 88 08 b2 f9 b4 f2
INFO - a6 a1 c8 10 47 a9 09 45
INFO - a6 a1 08 18 00 01 86 a0
INFO - a6 a3 48 08 b2 f9 b4 22
INFO - a6 a3 88 10 47 a9 09 5f
INFO - a6 a3 c8 18 00 01 86 a0
INFO - a6 a5 08 08 b2 f9 b3 59
INFO - a6 a5 48 10 47 a9 09 81
INFO - a6 a5 88 18 00 01 86 a0
INFO - a6 a7 c8 08 b2 f9 b2 89
INFO - a6 a7 08 10 47 a9 09 a2
INFO - a6 a7 48 18 00 01 86 a0
INFO - a6 a9 88 08 b2 f9 b1 b9
INFO - a6 a9 c8 10 47 a9 09 bd
INFO - a6 a9 08 18 00 01 86 a0
INFO - a6 ab 48 08 b2 f9 b0 f0
INFO - a6 ab 88 10 47 a9 09 df
INFO - a6 ab c8 18 00 01 86 a0
INFO - a6 ad 08 08 b2 f9 b0 20
INFO - a6 ad 48 10 47 a9 0a 00
INFO - a6 ad 88 18 00 01 86 a0
INFO - a6 af c8 08 b2 f9 af 50
INFO - a6 af 08 10 47 a9 0a 1b
INFO - a6 af 48 18 00 01 86 a0
INFO - a6 b1 88 08 b2 f9 ae 87
INFO - a6 b1 c8 10 47 a9 0a 3d
INFO - a6 b1 08 18 00 01 86 a0
INFO - a6 b3 48 08 b2 f9 ad b7
INFO - a6 b3 88 10 47 a9 0a 57
INFO - a6 b3 c8 18 00 01 86 a0
INFO - a6 b5 08 08 b2 f9 ac ee
INFO - a6 b5 48 10 47 a9 0a 79
INFO - a6 b5 88 18 00 01 86 a0
INFO - a6 b6 c8 08 b2 f9 ac 4d
INFO - a6 b6 08 10 47 a9 0a 94
INFO - a6 b6 48 18 00 01 86 a0
INFO - a6 b6 88 08 b2 f9 ac 4d
INFO - a6 b6 c8 10 47 a9 0a 94
INFO - a6 b6 08 18 00 01 86 a0
INFO - a6 b8 48 08 b2 f9 ab 7d
INFO - a6 b8 88 10 47 a9 0a af
INFO - a6 b8 c8 18 00 01 86 a0
INFO - a6 ba 08 08 b2 f9 aa ad
INFO - a6 ba 48 10 47 a9 0a d0
INFO - a6 ba 88 18 00 01 86 a0
INFO - a6 bc c8 08 b2 f9 a9 e4
INFO - a6 bc 08 10 47 a9 0a f2
INFO - a6 bc 48 18 00 01 86 a0
INFO - a6 be 88 08 b2 f9 a9 14
INFO - a6 be c8 10 47 a9 0b 0d
INFO - a6 be 08 18 00 01 86 a0
INFO - a6 c0 48 08 b2 f9 a8 45
INFO - a6 c0 88 10 47 a9 0b 2e
INFO - a6 c0 c8 18 00 01 86 a0
INFO - a6 c2 08 08 b2 f9 a7 7b
INFO - a6 c2 48 10 47 a9 0b 49
INFO - a6 c2 88 18 00 01 86 a0
INFO - a6 c4 c8 08 b2 f9 a6 ab
INFO - a6 c4 08 10 47 a9 0b 6a
INFO - a6 c4 48 18 00 01 86 a0
INFO - a6 c6 88 08 b2 f9 a5 e2
INFO - a6 c6 c8 10 47 a9 0b 8c
INFO - a6 c6 08 18 00 01 86 a0
INFO - a6 c8 48 08 b2 f9 a5 12
INFO - a6 c8 88 10 47 a9 0b a7
INFO - a6 c8 c8 18 00 01 86 a0
INFO - a6 ca 08 08 b2 f9 a4 49
INFO - a6 ca 48 10 47 a9 0b c8
INFO - a6 ca 88 18 00 01 86 a0
INFO - a6 cc c8 08 b2 f9 a3 79
INFO - a6 cc 08 10 47 a9 0b ea
INFO - a6 cc 48 18 00 01 86 a0
INFO - a6 ce 88 08 b2 f9 a2 b0
INFO - a6 ce c8 10 47 a9 0c 05
INFO - a6 ce 08 18 00 01 86 a0
INFO - a6 d0 48 08 b2 f9 a1 e0
INFO - a6 d0 88 10 47 a9 0c 26
INFO - a6 d0 c8 18 00 01 86 a0
INFO - a6 d2 08 08 b2 f9 a1 17
INFO - a6 d2 48 10 47 a9 0c 41
INFO - a6 d2 88 18 00 01 86 a0
INFO - a6 d4 c8 08 b2 f9 a0 47
INFO - a6 d4 08 10 47 a9 0c 63
INFO - a6 d4 48 18 00 01 86 a0
INFO - a6 d6 88 08 b2 f9 9f 77
INFO - a6 d6 c8 10 47 a9 0c 84
INFO - a6 d6 08 18 00 01 86 a0
INFO - a6 d8 48 08 b2 f9 9e ae
INFO - a6 d8 88 10 47 a9 0c 9f
INFO - a6 d8 c8 18 00 01 86 a0
INFO - a6 da 08 08 b2 f9 9d de
INFO - a6 da 48 10 47 a9 0c c0
INFO - a6 da 88 18 00 01 86 a0
INFO - a6 dc c8 08 b2 f9 9d 15
INFO - a6 dc 08 10 47 a9 0c db
INFO - a6 dc 48 18 00 01 86 a0
INFO - a6 de 88 08 b2 f9 9c 45
INFO - a6 de c8 10 47 a9 0c fd
INFO - a6 de 08 18 00 01 86 a0
INFO - a6 e1 48 08 b2 f9 9b 76
INFO - a6 e1 88 10 47 a9 0d 1e
INFO - a6 e1 c8 18 00 01 86 a0
INFO - a6 e2 08 08 b2 f9 9a ac
INFO - a6 e2 48 10 47 a9 0d 39
INFO - a6 e2 88 18 00 01 86 a0
INFO - a6 e5 c8 08 b2 f9 99 dc
INFO - a6 e5 08 10 47 a9 0d 5b
INFO - a6 e5 48 18 00 01 86 a0
INFO - a6 e6 88 08 b2 f9 99 13
INFO - a6 e6 c8 10 47 a9 0d 75
INFO - a6 e6 08 18 00 01 86 a0
INFO - a6 e9 48 08 b2 f9 98 43
INFO - a6 e9 88 10 47 a9 0d 97
INFO - a6 e9 c8 18 00 01 86 a0
INFO - a6 ea 08 08 b2 f9 97 7a
INFO - a6 ea 48 10 47 a9 0d b9
INFO - a6 ea 88 18 00 01 86 a0
INFO - a6 ec c8 08 b2 f9 96 aa
INFO - a6 ec 08 10 47 a9 0d d3
INFO - a6 ec 48 18 00 01 86 a0
INFO - a6 ef 88 08 b2 f9 95 db
INFO - a6 ef c8 10 47 a9 0d f5
INFO - a6 ef 08 18 00 01 86 a0
INFO - a6 f0 48 08 b2 f9 95 11
INFO - a6 f0 88 10 47 a9 0e 10
INFO - a6 f0 c8 18 00 01 86 a0
INFO - a6 f2 08 08 b2 f9 94 48
INFO - a6 f2 48 10 47 a9 0e 31
INFO - a6 f2 88 18 00 01 86 a0
INFO - a6 f4 c8 08 b2 f9 93 78
INFO - a6 f4 08 10 47 a9 0e 4c
INFO - a6 f4 48 18 00 01 86 a0
INFO - a6 f6 88 08 b2 f9 92 af
INFO - a6 f6 c8 10 47 a9 0e 6e
INFO - a6 f6 08 18 00 01 86 a0
INFO - a6 f8 48 08 b2 f9 91 df
INFO - a6 f8 88 10 47 a9 0e 88
INFO - a6 f8 c8 18 00 01 86 a0
INFO - a6 fa 08 08 b2 f9 91 16
INFO - a6 fa 48 10 47 a9 0e aa
INFO - a6 fa 88 18 00 01 86 a0
INFO - a6 fc c8 08 b2 f9 90 46
INFO - a6 fc 08 10 47 a9 0e c5
INFO - a6 fc 48 18 00 01 86 a0
INFO - a6 fe 88 08 b2 f9 8f 7d
INFO - a6 fe c8 10 47 a9 0e e6
INFO - a6 fe 08 18 00 01 86 a0
INFO - a7 00 48 08 b2 f9 8e ad
INFO - a7 00 88 10 47 a9 0f 01
INFO - a7 00 c8 18 00 01 86 a0
INFO - a7 02 08 08 b2 f9 8d e4
INFO - a7 02 48 10 47 a9 0f 23
INFO - a7 02 88 18 00 01 86 a0
INFO - a7 04 c8 08 b2 f9 8d 14
INFO - a7 04 08 10 47 a9 0f 3d
INFO - a7 04 48 18 00 01 86 a0
INFO - a7 06 88 08 b2 f9 8c 4b
INFO - a7 06 c8 10 47 a9 0f 5f
INFO - a7 06 08 18 00 01 86 a0
INFO - a7 08 48 08 b2 f9 8b 7b
INFO - a7 08 88 10 47 a9 0f 7a
INFO - a7 08 c8 18 00 01 86 a0
INFO - a7 0a 08 08 b2 f9 8a b2
INFO - a7 0a 48 10 47 a9 0f 95
INFO - a7 0a 88 18 00 01 86 a0
INFO - a7 0c c8 08 b2 f9 89 e2
INFO - a7 0c 08 10 47 a9 0f b6
INFO - a7 0c 48 18 00 01 86 a0
INFO - a7 0e 88 08 b2 f9 89 19
INFO - a7 0e c8 10 47 a9 0f d1
INFO - a7 0e 08 18 00 01 86 a0
INFO - a7 10 48 08 b2 f9 88 49
INFO - a7 10 88 10 47 a9 0f f2
INFO - a7 10 c8 18 00 01 86 a0
INFO - a7 12 08 08 b2 f9 87 80
INFO - a7 12 48 10 47 a9 10 0d
INFO - a7 12 88 18 00 01 86 a0
INFO - a7 14 c8 08 b2 f9 86 b0
INFO - a7 14 08 10 47 a9 10 2f
INFO - a7 14 48 18 00 01 86 a0
INFO - a7 16 88 08 b2 f9 85 e7
INFO - a7 16 c8 10 47 a9 10 4a
INFO - a7 16 08 18 00 01 86 a0
INFO - a7 18 48 08 b2 f9 85 17
INFO - a7 18 88 10 47 a9 10 64
INFO - a7 18 c8 18 00 01 86 a0
INFO - a7 1a 08 08 b2 f9 84 4e
INFO - a7 1a 48 10 47 a9 10 86
INFO - a7 1a 88 18 00 01 86 a0
INFO - a7 1c c8 08 b2 f9 83 7e
INFO - a7 1c 08 10 47 a9 10 a1
INFO - a7 1c 48 18 00 01 86 a0
INFO - a7 1e 88 08 b2 f9 82 b5
INFO - a7 1e c8 10 47 a9 10 bc
INFO - a7 1e 08 18 00 01 86 a0
INFO - a7 20 48 08 b2 f9 81 e5
INFO - a7 20 88 10 47 a9 10 dd
INFO - a7 20 c8 18 00 01 86 a0
INFO - a7 21 08 40 57 00 00 02
INFO - a7 21 48 40 57 00 00 02
INFO - a7 21 88 40 57 00 00 02
INFO - a7 21 c8 40 57 00 00 02
INFO - a7 21 08 40 57 00 00 02
INFO - a7 22 48 08 b2 f9 81 1c
INFO - a7 22 88 10 47 a9 10 f8
INFO - a7 22 c8 18 00 01 86 a0
INFO - a7 24 08 08 b2 f9 80 4c
INFO - a7 24 48 10 47 a9 11 13
INFO - a7 24 88 18 00 01 86 a0
INFO - a7 26 c8 08 b2 f9 7f 83
INFO - a7 26 08 10 47 a9 11 34
INFO - a7 26 48 18 00 01 86 a0
INFO - a7 28 88 08 b2 f9 7e b3
INFO - a7 28 c8 10 47 a9 11 4f
INFO - a7 28 08 18 00 01 86 a0
INFO - a7 2a 48 08 b2 f9 7d e3
INFO - a7 2a 88 10 47 a9 11 71
INFO - a7 2a c8 18 00 01 86 a0
INFO - a7 2c 08 08 b2 f9 7d 1a
INFO - a7 2c 48 10 47 a9 11 8c
INFO - a7 2c 88 18 00 01 86 a0
INFO - a7 2e c8 08 b2 f9 7c 4a
INFO - a7 2e 08 10 47 a9 11 a6
INFO - a7 2e 48 18 00 01 86 a0
INFO - a7 30 88 08 b2 f9 7b 81
INFO - a7 30 c8 10 47 a9 11 c1
INFO - a7 30 08 18 00 01 86 a0
INFO - a7 32 48 08 b2 f9 7a b1
INFO - a7 32 88 10 47 a9 11 e3
INFO - a7 32 c8 18 00 01 86 a0
INFO - a7 34 08 08 b2 f9 79 e1
INFO - a7 34 48 10 47 a9 11 fe
INFO - a7 34 88 18 00 01 86 a0
INFO - a7 36 c8 08 b2 f9 79 18
INFO - a7 36 08 10 47 a9 12 18
INFO - a7 36 48 18 00 01 86 a0
INFO - a7 38 88 08 b2 f9 78 48
INFO - a7 38 c8 10 47 a9 12 33
INFO - a7 38 08 18 00 01 86 a0
INFO - a7 3a 48 08 b2 f9 77 7f
INFO - a7 3a 88 10 47 a9 12 4e
INFO - a7 3a c8 18 00 01 86 a0
INFO - a7 3c 08 08 b2 f9 76 af
INFO - a7 3c 48 10 47 a9 12 6f
INFO - a7 3c 88 18 00 01 86 a0
INFO - a7 3e c8 08 b2 f9 75 e6
INFO - a7 3e 08 10 47 a9 12 8a
INFO - a7 3e 48 18 00 01 86 a0
INFO - a7 40 88 08 b2 f9 75 16
INFO - a7 40 c8 10 47 a9 12 a5
INFO - a7 40 08 18 00 01 86 a0
INFO - a7 42 48 08 b2 f9 74 46
INFO - a7 42 88 10 47 a9 12 c0
INFO - a7 42 c8 18 00 01 86 a0
INFO - a7 44 08 08 b2 f9 73 7d
INFO - a7 44 48 10 47 a9 12 db
INFO - a7 44 88 18 00 01 86 a0
INFO - a7 46 c8 08 b2 f9 72 ad
INFO - a7 46 08 10 47 a9 12 fc
INFO - a7 46 48 18 00 01 86 a0
INFO - a7 48 88 08 b2 f9 71 e4
INFO - a7 48 c8 10 47 a9 13 17
INFO - a7 48 08 18 00 01 86 a0
INFO - a7 4a 48 08 b2 f9 71 14
INFO - a7 4a 88 10 47 a9 13 32
INFO - a7 4a c8 18 00 01 86 a0
INFO - a7 4c 08 08 b2 f9 70 44
INFO - a7 4c 48 10 47 a9 13 4d
INFO - a7 4c 88 18 00 01 86 a0
INFO - a7 4e c8 08 b2 f9 6f 7b
INFO - a7 4e 08 10 47 a9 13 68
INFO - a7 4e 48 18 00 01 86 a0
INFO - a7 51 88 08 b2 f9 6e 83
INFO - a7 51 c8 10 47 a9 13 82
INFO - a7 51 08 18 00 01 86 a0
INFO - a7 51 48 08 b2 f9 6e 83
INFO - a7 51 88 10 47 a9 13 82
INFO - a7 51 c8 18 00 01 86 a0
INFO - a7 53 08 08 b2 f9 6d b3
INFO - a7 53 48 10 47 a9 13 9d
INFO - a7 53 88 18 00 01 86 a0
INFO - a7 55 c8 08 b2 f9 6c ea
INFO - a7 55 08 10 47 a9 13 bf
INFO - a7 55 48 18 00 01 86 a0
INFO - a7 57 88 08 b2 f9 6c 1a
INFO - a7 57 c8 10 47 a9 13 da
INFO - a7 57 08 18 00 01 86 a0
INFO - a7 59 48 08 b2 f9 6b 51
INFO - a7 59 88 10 47 a9 13 f4
INFO - a7 59 c8 18 00 01 86 a0
INFO - a7 5b 08 08 b2 f9 6a 81
INFO - a7 5b 48 10 47 a9 14 0f
INFO - a7 5b 88 18 00 01 86 a0
INFO - a7 5d c8 08 b2 f9 69 b8
INFO - a7 5d 08 10 47 a9 14 2a
INFO - a7 5d 48 18 00 01 86 a0
INFO - a7 5f 88 08 b2 f9 68 e8
INFO - a7 5f c8 10 47 a9 14 45
INFO - a7 5f 08 18 00 01 86 a0
INFO - a7 61 48 08 b2 f9 68 1f
INFO - a7 61 88 10 47 a9 14 60
INFO - a7 61 c8 18 00 01 86 a0
INFO - a7 62 08 08 b2 f9 67 6a
INFO - a7 62 48 10 47 a9 14 74
INFO - a7 62 88 18 00 01 86 a0
INFO - a7 62 c8 08 b2 f9 67 6a
INFO - a7 62 08 10 47 a9 14 74
INFO - a7 62 48 18 00 01 86 a0
INFO - a7 65 88 08 b2 f9 66 7f
INFO - a7 65 c8 10 47 a9 14 95
INFO - a7 65 08 18 00 01 86 a0
INFO - a7 67 48 08 b2 f9 65 b6
INFO - a7 67 88 10 47 a9 14 a9
INFO - a7 67 c8 18 00 01 86 a0
INFO - a7 69 08 08 b2 f9 64 e6
INFO - a7 69 48 10 47 a9 14 c4
INFO - a7 69 88 18 00 01 86 a0
INFO - a7 6b c8 08 b2 f9 64 1d
INFO - a7 6b 08 10 47 a9 14 df
INFO - a7 6b 48 18 00 01 86 a0
INFO - a7 6d 88 08 b2 f9 63 4d
INFO - a7 6d c8 10 47 a9 14 fa
INFO - a7 6d 08 18 00 01 86 a0
INFO - a7 6f 48 08 b2 f9 62 7d
INFO - a7 6f 88 10 47 a9 15 15
INFO - a7 6f c8 18 00 01 86 a0
INFO - a7 71 08 08 b2 f9 61 b4
INFO - a7 71 48 10 47 a9 15 30
INFO - a7 71 88 18 00 01 86 a0
INFO - a7 73 c8 08 b2 f9 60 d7
INFO - a7 73 08 10 47 a9 15 4a
INFO - a7 73 48 18 00 01 86 a0
INFO - a7 73 88 08 b2 f9 60 d7
INFO - a7 73 c8 10 47 a9 15 4a
INFO - a7 73 08 18 00 01 86 a0
INFO - a7 75 48 08 b2 f9 60 0d
INFO - a7 75 88 10 47 a9 15 5f
INFO - a7 75 c8 18 00 01 86 a0
INFO - a7 77 08 08 b2 f9 5f 3e
INFO - a7 77 48 10 47 a9 15 79
INFO - a7 77 88 18 00 01 86 a0
INFO - a7 79 c8 08 b2 f9 5e 6e
INFO - a7 79 08 10 47 a9 15 8d
INFO - a7 79 48 18 00 01 86 a0
INFO - a7 7b 88 08 b2 f9 5d 9e
INFO - a7 7b c8 10 47 a9 15 a8
INFO - a7 7b 08 18 00 01 86 a0
INFO - a7 7d 48 08 b2 f9 5c d5
INFO - a7 7d 88 10 47 a9 15 c3
INFO - a7 7d c8 18 00 01 86 a0
INFO - a7 7f 08 08 b2 f9 5c 05
INFO - a7 7f 48 10 47 a9 15 d7
INFO - a7 7f 88 18 00 01 86 a0
INFO - a7 81 c8 08 b2 f9 5b 35
INFO - a7 81 08 10 47 a9 15 f2
INFO - a7 81 48 18 00 01 86 a0
INFO - a7 83 88 08 b2 f9 5a 6c
INFO - a7 83 c8 10 47 a9 16 06
INFO - a7 83 08 18 00 01 86 a0
INFO - a7 85 48 08 b2 f9 59 9c
INFO - a7 85 88 10 47 a9 16 21
INFO - a7 85 c8 18 00 01 86 a0
INFO - a7 87 08 08 b2 f9 58 cc
INFO - a7 87 48 10 47 a9 16 35
INFO - a7 87 88 18 00 01 86 a0
INFO - a7 89 c8 08 b2 f9 58 03
INFO - a7 89 08 10 47 a9 16 50
INFO - a7 89 48 18 00 01 86 a0
INFO - a7 8b 88 08 b2 f9 57 33
INFO - a7 8b c8 10 47 a9 16 64
INFO - a7 8b 08 18 00 01 86 a0
INFO - a7 8d 48 08 b2 f9 56 6a
INFO - a7 8d 88 10 47 a9 16 7f
INFO - a7 8d c8 18 00 01 86 a0
INFO - a7 8f 08 08 b2 f9 55 9a
INFO - a7 8f 48 10 47 a9 16 93
INFO - a7 8f 88 18 00 01 86 a0
INFO - a7 91 c8 08 b2 f9 54 d1
INFO - a7 91 08 10 47 a9 16 ae
INFO - a7 91 48 18 00 01 86 a0
INFO - a7 93 88 08 b2 f9 54 01
INFO - a7 93 c8 10 47 a9 16 c2
INFO - a7 93 08 18 00 01 86 a0
INFO - a7 95 48 08 b2 f9 53 31
INFO - a7 95 88 10 47 a9 16 dd
INFO - a7 95 c8 18 00 01 86 a0
INFO - a7 97 08 08 b2 f9 52 68
INFO - a7 97 48 10 47 a9 16 f1
INFO - a7 97 88 18 00 01 86 a0
INFO - a7 99 c8 08 b2 f9 51 98
INFO - a7 99 08 10 47 a9 17 05
INFO - a7 99 48 18 00 01 86 a0
INFO - a7 9b 88 08 b2 f9 50 cf
INFO - a7 9b c8 10 47 a9 17 20
INFO - a7 9b 08 18 00 01 86 a0
INFO - a7 9d 48 08 b2 f9 4f ff
INFO - a7 9d 88 10 47 a9 17 34
INFO - a7 9d c8 18 00 01 86 a0
INFO - a7 9f 08 08 b2 f9 4f 2f
INFO - a7 9f 48 10 47 a9 17 48
INFO - a7 9f 88 18 00 01 86 a0
INFO - a7 a1 c8 08 b2 f9 4e 66
INFO - a7 a1 08 10 47 a9 17 5c
INFO - a7 a1 48 18 00 01 86 a0
INFO - a7 a3 88 08 b2 f9 4d 96
INFO - a7 a3 c8 10 47 a9 17 77
INFO - a7 a3 08 18 00 01 86 a0
INFO - a7 a5 48 08 b2 f9 4c c6
INFO - a7 a5 88 10 47 a9 17 8b
INFO - a7 a5 c8 18 00 01 86 a0
INFO - a7 a7 08 08 b2 f9 4b fd
INFO - a7 a7 48 10 47 a9 17 9f
INFO - a7 a7 88 18 00 01 86 a0
INFO - a7 a9 c8 08 b2 f9 4b 2d
INFO - a7 a9 08 10 47 a9 17 b3
INFO - a7 a9 48 18 00 01 86 a0
INFO - a7 ab 88 08 b2 f9 4a 64
INFO - a7 ab c8 10 47 a9 17 c7
INFO - a7 ab 08 18 00 01 86 a0
INFO - a7 ad 48 08 b2 f9 49 94
INFO - a7 ad 88 10 47 a9 17 dc
INFO - a7 ad c8 18 00 01 86 a0
INFO - a7 af 08 08 b2 f9 48 c4
INFO - a7 af 48 10 47 a9 17 f0
INFO - a7 af 88 18 00 01 86 a0
INFO - a7 b1 c8 08 b2 f9 47 f4
INFO - a7 b1 08 10 47 a9 18 04
INFO - a7 b1 48 18 00 01 86 a0
INFO - a7 b3 88 08 b2 f9 47 2b
INFO - a7 b3 c8 10 47 a9 18 18
INFO - a7 b3 08 18 00 01 86 a0
INFO - a7 b5 48 08 b2 f9 46 5b
INFO - a7 b5 88 10 47 a9 18 2c
INFO - a7 b5 c8 18 00 01 86 a0
INFO - a7 b6 08 08 b2 f9 45 a2
INFO - a7 b6 48 10 47 a9 18 3e
INFO - a7 b6 88 18 00 01 86 a0
