INFO - a0 00 0c 08 b2 f5 14 af
INFO - a0 00 4c 10 47 a8 25 3b
INFO - a0 00 8c 18 00 01 86 a0
INFO - a0 01 cc 08 b2 f5 15 29
INFO - a0 01 0c 10 47 a8 25 4e
INFO - a0 01 4c 18 00 01 86 a0
INFO - a0 03 8c 08 b2 f5 15 f2
INFO - a0 03 cc 10 47 a8 25 69
INFO - a0 03 0c 18 00 01 86 a0
INFO - a0 05 4c 08 b2 f5 16 c2
INFO - a0 05 8c 10 47 a8 25 8b
INFO - a0 05 cc 18 00 01 86 a0
INFO - a0 07 0c 08 b2 f5 17 8b
INFO - a0 07 4c 10 47 a8 25 a6
INFO - a0 07 8c 18 00 01 86 a0
INFO - a0 09 cc 08 b2 f5 18 5b
INFO - a0 09 0c 10 47 a8 25 c7
INFO - a0 09 4c 18 00 01 86 a0
INFO - a0 0b 8c 08 b2 f5 19 24
INFO - a0 0b cc 10 47 a8 25 e2
INFO - a0 0b 0c 18 00 01 86 a0
INFO - a0 0d 4c 08 b2 f5 19 f4
INFO - a0 0d 8c 10 47 a8 26 03
INFO - a0 0d cc 18 00 01 86 a0
INFO - a0 0f 0c 08 b2 f5 1a bd
INFO - a0 0f 4c 10 47 a8 26 25
INFO - a0 0f 8c 18 00 01 86 a0
INFO - a0 11 cc 08 b2 f5 1b 8d
INFO - a0 11 0c 10 47 a8 26 40
INFO - a0 11 4c 18 00 01 86 a0
INFO - a0 13 8c 08 b2 f5 1c 56
INFO - a0 13 cc 10 47 a8 26 61
INFO - a0 13 0c 18 00 01 86 a0
INFO - a0 15 4c 08 b2 f5 1d 26
INFO - a0 15 8c 10 47 a8 26 7c
INFO - a0 15 cc 18 00 01 86 a0
INFO - a0 17 0c 08 b2 f5 1d ef
INFO - a0 17 4c 10 47 a8 26 9e
INFO - a0 17 8c 18 00 01 86 a0
INFO - a0 19 cc 08 b2 f5 1e bf
INFO - a0 19 0c 10 47 a8 26 b9
INFO - a0 19 4c 18 00 01 86 a0
INFO - a0 1b 8c 08 b2 f5 1f 88
INFO - a0 1b cc 10 47 a8 26 da
INFO - a0 1b 0c 18 00 01 86 a0
INFO - a0 1d 4c 08 b2 f5 20 58
INFO - a0 1d 8c 10 47 a8 26 fc
INFO - a0 1d cc 18 00 01 86 a0
INFO - a0 1f 0c 08 b2 f5 21 21
INFO - a0 1f 4c 10 47 a8 27 16
INFO - a0 1f 8c 18 00 01 86 a0
INFO - a0 21 cc 08 b2 f5 21 ea
INFO - a0 21 0c 10 47 a8 27 38
INFO - a0 21 4c 18 00 01 86 a0
INFO - a0 23 8c 08 b2 f5 22 ba
INFO - a0 23 cc 10 47 a8 27 53
INFO - a0 23 0c 18 00 01 86 a0
INFO - a0 25 4c 08 b2 f5 23 8a
INFO - a0 25 8c 10 47 a8 27 74
INFO - a0 25 cc 18 00 01 86 a0
INFO - a0 27 0c 08 b2 f5 24 53
INFO - a0 27 4c 10 47 a8 27 96
INFO - a0 27 8c 18 00 01 86 a0
INFO - a0 28 cc 08 b2 f5 25 01
INFO - a0 28 0c 10 47 a8 27 aa
INFO - a0 28 4c 18 00 01 86 a0
INFO - a0 28 8c 08 b2 f5 25 01
INFO - a0 28 cc 10 47 a8 27 aa
INFO - a0 28 0c 18 00 01 86 a0
INFO - a0 2a 4c 08 b2 f5 25 d1
INFO - a0 2a 8c 10 47 a8 27 cb
INFO - a0 2a cc 18 00 01 86 a0
INFO - a0 2c 0c 08 b2 f5 26 9a
INFO - a0 2c 4c 10 47 a8 27 ed
INFO - a0 2c 8c 18 00 01 86 a0
INFO - a0 2e cc 08 b2 f5 27 6a
INFO - a0 2e 0c 10 47 a8 28 0e
INFO - a0 2e 4c 18 00 01 86 a0
INFO - a0 30 8c 08 b2 f5 28 34
INFO - a0 30 cc 10 47 a8 28 30
INFO - a0 30 0c 18 00 01 86 a0
INFO - a0 32 4c 08 b2 f5 29 03
INFO - a0 32 8c 10 47 a8 28 4b
INFO - a0 32 cc 18 00 01 86 a0
INFO - a0 34 0c 08 b2 f5 29 cd
INFO - a0 34 4c 10 47 a8 28 6c
INFO - a0 34 8c 18 00 01 86 a0
INFO - a0 36 cc 08 b2 f5 2a 96
INFO - a0 36 0c 10 47 a8 28 8e
INFO - a0 36 4c 18 00 01 86 a0
INFO - a0 38 8c 08 b2 f5 2b 66
INFO - a0 38 cc 10 47 a8 28 af
INFO - a0 38 0c 18 00 01 86 a0
INFO - a0 3a 4c 08 b2 f5 2c 2f
INFO - a0 3a 8c 10 47 a8 28 d1
INFO - a0 3a cc 18 00 01 86 a0
INFO - a0 3c 0c 08 b2 f5 2c ff
INFO - a0 3c 4c 10 47 a8 28 f2
INFO - a0 3c 8c 18 00 01 86 a0
INFO - a0 3e cc 08 b2 f5 2d c8
INFO - a0 3e 0c 10 47 a8 29 0d
INFO - a0 3e 4c 18 00 01 86 a0
INFO - a0 40 8c 08 b2 f5 2e 98
INFO - a0 40 cc 10 47 a8 29 2f
INFO - a0 40 0c 18 00 01 86 a0
INFO - a0 42 4c 08 b2 f5 2f 61
INFO - a0 42 8c 10 47 a8 29 50
INFO - a0 42 cc 18 00 01 86 a0
INFO - a0 44 0c 08 b2 f5 30 31
INFO - a0 44 4c 10 47 a8 29 72
INFO - a0 44 8c 18 00 01 86 a0
INFO - a0 46 cc 08 b2 f5 30 fa
INFO - a0 46 0c 10 47 a8 29 93
INFO - a0 46 4c 18 00 01 86 a0
INFO - a0 48 8c 08 b2 f5 31 ca
INFO - a0 48 cc 10 47 a8 29 b5
INFO - a0 48 0c 18 00 01 86 a0
INFO - a0 4a 4c 08 b2 f5 32 93
INFO - a0 4a 8c 10 47 a8 29 d6
INFO - a0 4a cc 18 00 01 86 a0
INFO - a0 4c 0c 08 b2 f5 33 63
INFO - a0 4c 4c 10 47 a8 29 f1
INFO - a0 4c 8c 18 00 01 86 a0
INFO - a0 4e cc 08 b2 f5 34 2c
INFO - a0 4e 0c 10 47 a8 2a 13
INFO - a0 4e 4c 18 00 01 86 a0
INFO - a0 50 8c 08 b2 f5 34 fc
INFO - a0 50 cc 10 47 a8 2a 34
INFO - a0 50 0c 18 00 01 86 a0
INFO - a0 52 4c 08 b2 f5 35 c5
INFO - a0 52 8c 10 47 a8 2a 56
INFO - a0 52 cc 18 00 01 86 a0
INFO - a0 54 0c 08 b2 f5 36 8e
INFO - a0 54 4c 10 47 a8 2a 77
INFO - a0 54 8c 18 00 01 86 a0
INFO - a0 56 cc 08 b2 f5 37 5e
INFO - a0 56 0c 10 47 a8 2a 99
INFO - a0 56 4c 18 00 01 86 a0
INFO - a0 58 8c 08 b2 f5 38 27
INFO - a0 58 cc 10 47 a8 2a ba
INFO - a0 58 0c 18 00 01 86 a0
INFO - a0 5a 4c 08 b2 f5 38 f7
INFO - a0 5a 8c 10 47 a8 2a dc
INFO - a0 5a cc 18 00 01 86 a0
INFO - a0 5c 0c 08 b2 f5 39 c0
INFO - a0 5c 4c 10 47 a8 2a fe
INFO - a0 5c 8c 18 00 01 86 a0
INFO - a0 5e cc 08 b2 f5 3a 89
INFO - a0 5e 0c 10 47 a8 2b 1f
INFO - a0 5e 4c 18 00 01 86 a0
INFO - a0 60 8c 08 b2 f5 3b 59
INFO - a0 60 cc 10 47 a8 2b 41
INFO - a0 60 0c 18 00 01 86 a0
INFO - a0 62 4c 08 b2 f5 3c 22
INFO - a0 62 8c 10 47 a8 2b 62
INFO - a0 62 cc 18 00 01 86 a0
INFO - a0 64 0c 08 b2 f5 3c f2
INFO - a0 64 4c 10 47 a8 2b 84
INFO - a0 64 8c 18 00 01 86 a0
INFO - a0 66 cc 08 b2 f5 3d bb
INFO - a0 66 0c 10 47 a8 2b a5
INFO - a0 66 4c 18 00 01 86 a0
INFO - a0 68 8c 08 b2 f5 3e 85
INFO - a0 68 cc 10 47 a8 2b c7
INFO - a0 68 0c 18 00 01 86 a0
INFO - a0 6a 4c 08 b2 f5 3f 55
INFO - a0 6a 8c 10 47 a8 2b e8
INFO - a0 6a cc 18 00 01 86 a0
INFO - a0 6c 0c 08 b2 f5 40 1e
INFO - a0 6c 4c 10 47 a8 2c 0a
INFO - a0 6c 8c 18 00 01 86 a0
INFO - a0 6e cc 08 b2 f5 40 ee
INFO - a0 6e 0c 10 47 a8 2c 32
INFO - a0 6e 4c 18 00 01 86 a0
INFO - a0 70 8c 08 b2 f5 41 b7
INFO - a0 70 cc 10 47 a8 2c 53
INFO - a0 70 0c 18 00 01 86 a0
INFO - a0 72 4c 08 b2 f5 42 80
INFO - a0 72 8c 10 47 a8 2c 75
INFO - a0 72 cc 18 00 01 86 a0
INFO - a0 74 0c 08 b2 f5 43 50
INFO - a0 74 4c 10 47 a8 2c 97
INFO - a0 74 8c 18 00 01 86 a0
INFO - a0 76 cc 08 b2 f5 44 19
INFO - a0 76 0c 10 47 a8 2c b8
INFO - a0 76 4c 18 00 01 86 a0
INFO - a0 78 8c 08 b2 f5 44 e2
INFO - a0 78 cc 10 47 a8 2c da
INFO - a0 78 0c 18 00 01 86 a0
INFO - a0 7a 4c 08 b2 f5 45 ab
INFO - a0 7a 8c 10 47 a8 2d 02
INFO - a0 7a cc 18 00 01 86 a0
INFO - a0 7c 0c 08 b2 f5 46 7b
INFO - a0 7c 4c 10 47 a8 2d 23
INFO - a0 7c 8c 18 00 01 86 a0
INFO - a0 7e cc 08 b2 f5 47 44
INFO - a0 7e 0c 10 47 a8 2d 45
INFO - a0 7e 4c 18 00 01 86 a0
INFO - a0 80 8c 08 b2 f5 48 0d
INFO - a0 80 cc 10 47 a8 2d 66
INFO - a0 80 0c 18 00 01 86 a0
INFO - a0 82 4c 08 b2 f5 48 dd
INFO - a0 82 8c 10 47 a8 2d 88
INFO - a0 82 cc 18 00 01 86 a0
INFO - a0 84 0c 08 b2 f5 49 a6
INFO - a0 84 4c 10 47 a8 2d b0
INFO - a0 84 8c 18 00 01 86 a0
INFO - a0 86 cc 08 b2 f5 4a 76
INFO - a0 86 0c 10 47 a8 2d d2
INFO - a0 86 4c 18 00 01 86 a0
INFO - a0 88 8c 08 b2 f5 4b 40
INFO - a0 88 cc 10 47 a8 2d f3
INFO - a0 88 0c 18 00 01 86 a0
INFO - a0 8a 4c 08 b2 f5 4c 09
INFO - a0 8a 8c 10 47 a8 2e 15
INFO - a0 8a cc 18 00 01 86 a0
INFO - a0 8c 0c 08 b2 f5 4c d9
INFO - a0 8c 4c 10 47 a8 2e 36
INFO - a0 8c 8c 18 00 01 86 a0
INFO - a0 8e cc 08 b2 f5 4d a2
INFO - a0 8e 0c 10 47 a8 2e 5f
INFO - a0 8e 4c 18 00 01 86 a0
INFO - a0 90 8c 08 b2 f5 4e 6b
INFO - a0 90 cc 10 47 a8 2e 80
INFO - a0 90 0c 18 00 01 86 a0
INFO - a0 92 4c 08 b2 f5 4f 3b
INFO - a0 92 8c 10 47 a8 2e a2
INFO - a0 92 cc 18 00 01 86 a0
INFO - a0 94 0c 08 b2 f5 50 04
INFO - a0 94 4c 10 47 a8 2e c3
INFO - a0 94 8c 18 00 01 86 a0
INFO - a0 96 cc 08 b2 f5 50 cd
INFO - a0 96 0c 10 47 a8 2e e5
INFO - a0 96 4c 18 00 01 86 a0
INFO - a0 98 8c 08 b2 f5 51 9d
INFO - a0 98 cc 10 47 a8 2f 06
INFO - a0 98 0c 18 00 01 86 a0
INFO - a0 9a 4c 08 b2 f5 52 66
INFO - a0 9a 8c 10 47 a8 2f 2e
INFO - a0 9a cc 18 00 01 86 a0
INFO - a0 9c 0c 08 b2 f5 53 2f
INFO - a0 9c 4c 10 47 a8 2f 50
INFO - a0 9c 8c 18 00 01 86 a0
INFO - a0 9e cc 08 b2 f5 53 f8
INFO - a0 9e 0c 10 47 a8 2f 78
INFO - a0 9e 4c 18 00 01 86 a0
INFO - a0 a0 8c 08 b2 f5 54 c8
INFO - a0 a0 cc 10 47 a8 2f 9a
INFO - a0 a0 0c 18 00 01 86 a0
INFO - a0 a2 4c 08 b2 f5 55 92
INFO - a0 a2 8c 10 47 a8 2f c2
INFO - a0 a2 cc 18 00 01 86 a0
INFO - a0 a4 0c 08 b2 f5 56 5b
INFO - a0 a4 4c 10 47 a8 2f e3
INFO - a0 a4 8c 18 00 01 86 a0
INFO - a0 a6 cc 08 b2 f5 57 24
INFO - a0 a6 0c 10 47 a8 30 05
INFO - a0 a6 4c 18 00 01 86 a0
INFO - a0 a8 8c 08 b2 f5 57 ed
INFO - a0 a8 cc 10 47 a8 30 2d
INFO - a0 a8 0c 18 00 01 86 a0
INFO - a0 aa 4c 08 b2 f5 58 bd
INFO - a0 aa 8c 10 47 a8 30 4f
INFO - a0 aa cc 18 00 01 86 a0
INFO - a0 ac 0c 08 b2 f5 59 86
INFO - a0 ac 4c 10 47 a8 30 77
INFO - a0 ac 8c 18 00 01 86 a0
INFO - a0 ae cc 08 b2 f5 5a 4f
INFO - a0 ae 0c 10 47 a8 30 98
INFO - a0 ae 4c 18 00 01 86 a0
INFO - a0 b0 8c 08 b2 f5 5b 18
INFO - a0 b0 cc 10 47 a8 30 c1
INFO - a0 b0 0c 18 00 01 86 a0
INFO - a0 b2 4c 08 b2 f5 5b e8
INFO - a0 b2 8c 10 47 a8 30 e2
INFO - a0 b2 cc 18 00 01 86 a0
INFO - a0 b4 0c 08 b2 f5 5c b1
INFO - a0 b4 4c 10 47 a8 31 04
INFO - a0 b4 8c 18 00 01 86 a0
INFO - a0 b6 cc 08 b2 f5 5d 7b
INFO - a0 b6 0c 10 47 a8 31 2c
INFO - a0 b6 4c 18 00 01 86 a0
INFO - a0 b8 8c 08 b2 f5 5e 4a
INFO - a0 b8 cc 10 47 a8 31 4e
INFO - a0 b8 0c 18 00 01 86 a0
INFO - a0 ba 4c 08 b2 f5 5f 14
INFO - a0 ba 8c 10 47 a8 31 76
INFO - a0 ba cc 18 00 01 86 a0
INFO - a0 bc 0c 08 b2 f5 5f dd
INFO - a0 bc 4c 10 47 a8 31 97
INFO - a0 bc 8c 18 00 01 86 a0
INFO - a0 be cc 08 b2 f5 60 ad
INFO - a0 be 0c 10 47 a8 31 c0
INFO - a0 be 4c 18 00 01 86 a0
INFO - a0 c0 8c 08 b2 f5 61 76
INFO - a0 c0 cc 10 47 a8 31 e1
INFO - a0 c0 0c 18 00 01 86 a0
INFO - a0 c2 4c 08 b2 f5 62 3f
INFO - a0 c2 8c 10 47 a8 32 09
INFO - a0 c2 cc 18 00 01 86 a0
INFO - a0 c4 0c 08 b2 f5 63 0f
INFO - a0 c4 4c 10 47 a8 32 2b
INFO - a0 c4 8c 18 00 01 86 a0
INFO - a0 c6 cc 08 b2 f5 63 d8
INFO - a0 c6 0c 10 47 a8 32 53
INFO - a0 c6 4c 18 00 01 86 a0
INFO - a0 c8 8c 08 b2 f5 64 a1
INFO - a0 c8 cc 10 47 a8 32 75
INFO - a0 c8 0c 18 00 01 86 a0
INFO - a0 ca 4c 08 b2 f5 65 71
INFO - a0 ca 8c 10 47 a8 32 9d
INFO - a0 ca cc 18 00 01 86 a0
INFO - a0 cc 0c 08 b2 f5 66 3a
INFO - a0 cc 4c 10 47 a8 32 c5
INFO - a0 cc 8c 18 00 01 86 a0
INFO - a0 ce cc 08 b2 f5 67 03
INFO - a0 ce 0c 10 47 a8 32 e7
INFO - a0 ce 4c 18 00 01 86 a0
INFO - a0 d0 8c 08 b2 f5 67 cd
INFO - a0 d0 cc 10 47 a8 33 0f
INFO - a0 d0 0c 18 00 01 86 a0
INFO - a0 d2 4c 08 b2 f5 68 96
INFO - a0 d2 8c 10 47 a8 33 37
INFO - a0 d2 cc 18 00 01 86 a0
INFO - a0 d4 0c 08 b2 f5 69 66
INFO - a0 d4 4c 10 47 a8 33 59
INFO - a0 d4 8c 18 00 01 86 a0
INFO - a0 d6 cc 08 b2 f5 6a 2f
INFO - a0 d6 0c 10 47 a8 33 81
INFO - a0 d6 4c 18 00 01 86 a0
INFO - a0 d8 8c 08 b2 f5 6a f8
INFO - a0 d8 cc 10 47 a8 33 a9
INFO - a0 d8 0c 18 00 01 86 a0
INFO - a0 da 4c 08 b2 f5 6b c1
INFO - a0 da 8c 10 47 a8 33 cb
INFO - a0 da cc 18 00 01 86 a0
INFO - a0 dc 0c 08 b2 f5 6c 8a
INFO - a0 dc 4c 10 47 a8 33 f3
INFO - a0 dc 8c 18 00 01 86 a0
INFO - a0 de cc 08 b2 f5 6d 5a
INFO - a0 de 0c 10 47 a8 34 14
INFO - a0 de 4c 18 00 01 86 a0
INFO - a0 e0 8c 08 b2 f5 6e 23
INFO - a0 e0 cc 10 47 a8 34 3d
INFO - a0 e0 0c 18 00 01 86 a0
INFO - a0 e2 4c 08 b2 f5 6e ec
INFO - a0 e2 8c 10 47 a8 34 65
INFO - a0 e2 cc 18 00 01 86 a0
INFO - a0 e4 0c 08 b2 f5 6f bc
INFO - a0 e4 4c 10 47 a8 34 8d
INFO - a0 e4 8c 18 00 01 86 a0
INFO - a0 e6 cc 08 b2 f5 70 85
INFO - a0 e6 0c 10 47 a8 34 b5
INFO - a0 e6 4c 18 00 01 86 a0
INFO - a0 e8 8c 08 b2 f5 71 4f
INFO - a0 e8 cc 10 47 a8 34 d7
INFO - a0 e8 0c 18 00 01 86 a0
INFO - a0 ea 4c 08 b2 f5 72 18
INFO - a0 ea 8c 10 47 a8 34 ff
INFO - a0 ea cc 18 00 01 86 a0
INFO - a0 ec 0c 08 b2 f5 72 e8
INFO - a0 ec 4c 10 47 a8 35 27
INFO - a0 ec 8c 18 00 01 86 a0
INFO - a0 ee cc 08 b2 f5 73 b1
INFO - a0 ee 0c 10 47 a8 35 4f
INFO - a0 ee 4c 18 00 01 86 a0
INFO - a0 f0 8c 08 b2 f5 74 7a
INFO - a0 f0 cc 10 47 a8 35 78
INFO - a0 f0 0c 18 00 01 86 a0
INFO - a0 f2 4c 08 b2 f5 75 43
INFO - a0 f2 8c 10 47 a8 35 99
INFO - a0 f2 cc 18 00 01 86 a0
INFO - a0 f4 0c 08 b2 f5 76 0c
INFO - a0 f4 4c 10 47 a8 35 c1
INFO - a0 f4 8c 18 00 01 86 a0
INFO - a0 f6 cc 08 b2 f5 76 dc
INFO - a0 f6 0c 10 47 a8 35 ea
INFO - a0 f6 4c 18 00 01 86 a0
INFO - a0 f8 8c 08 b2 f5 77 a5
INFO - a0 f8 cc 10 47 a8 36 12
INFO - a0 f8 0c 18 00 01 86 a0
INFO - a0 fa 4c 08 b2 f5 78 6f
INFO - a0 fa 8c 10 47 a8 36 3a
INFO - a0 fa cc 18 00 01 86 a0
INFO - a0 fc 0c 08 b2 f5 79 38
INFO - a0 fc 4c 10 47 a8 36 5c
INFO - a0 fc 8c 18 00 01 86 a0
INFO - a0 fe cc 08 b2 f5 7a 01
INFO - a0 fe 0c 10 47 a8 36 84
INFO - a0 fe 4c 18 00 01 86 a0
INFO - a1 00 8c 08 b2 f5 7a ca
INFO - a1 00 cc 10 47 a8 36 ac
INFO - a1 00 0c 18 00 01 86 a0
INFO - a1 02 4c 08 b2 f5 7b 93
INFO - a1 02 8c 10 47 a8 36 d4
INFO - a1 02 cc 18 00 01 86 a0
INFO - a1 04 0c 08 b2 f5 7c 63
INFO - a1 04 4c 10 47 a8 36 fd
INFO - a1 04 8c 18 00 01 86 a0
INFO - a1 06 cc 08 b2 f5 7d 2c
INFO - a1 06 0c 10 47 a8 37 25
INFO - a1 06 4c 18 00 01 86 a0
INFO - a1 08 8c 08 b2 f5 7d f5
INFO - a1 08 cc 10 47 a8 37 4d
INFO - a1 08 0c 18 00 01 86 a0
INFO - a1 0a 4c 08 b2 f5 7e bf
INFO - a1 0a 8c 10 47 a8 37 75
INFO - a1 0a cc 18 00 01 86 a0
INFO - a1 0c 0c 08 b2 f5 7f 88
INFO - a1 0c 4c 10 47 a8 37 9e
INFO - a1 0c 8c 18 00 01 86 a0
INFO - a1 0e cc 08 b2 f5 80 51
INFO - a1 0e 0c 10 47 a8 37 c6
INFO - a1 0e 4c 18 00 01 86 a0
INFO - a1 10 8c 08 b2 f5 81 21
INFO - a1 10 cc 10 47 a8 37 ee
INFO - a1 10 0c 18 00 01 86 a0
INFO - a1 12 4c 08 b2 f5 81 ea
INFO - a1 12 8c 10 47 a8 38 16
INFO - a1 12 cc 18 00 01 86 a0
INFO - a1 14 0c 08 b2 f5 82 b3
INFO - a1 14 4c 10 47 a8 38 3e
INFO - a1 14 8c 18 00 01 86 a0
INFO - a1 16 cc 08 b2 f5 83 7c
INFO - a1 16 0c 10 47 a8 38 67
INFO - a1 16 4c 18 00 01 86 a0
INFO - a1 18 8c 08 b2 f5 84 45
INFO - a1 18 cc 10 47 a8 38 8f
INFO - a1 18 0c 18 00 01 86 a0
INFO - a1 1a 4c 08 b2 f5 85 0f
INFO - a1 1a 8c 10 47 a8 38 b7
INFO - a1 1a cc 18 00 01 86 a0
INFO - a1 1c 0c 08 b2 f5 85 de
INFO - a1 1c 4c 10 47 a8 38 e6
INFO - a1 1c 8c 18 00 01 86 a0
INFO - a1 1e cc 08 b2 f5 86 a8
INFO - a1 1e 0c 10 47 a8 39 0e
INFO - a1 1e 4c 18 00 01 86 a0
INFO - a1 20 8c 08 b2 f5 87 71
INFO - a1 20 cc 10 47 a8 39 37
INFO - a1 20 0c 18 00 01 86 a0
INFO - a1 22 4c 08 b2 f5 88 3a
INFO - a1 22 8c 10 47 a8 39 5f
INFO - a1 22 cc 18 00 01 86 a0
INFO - a1 24 0c 08 b2 f5 89 03
INFO - a1 24 4c 10 47 a8 39 87
INFO - a1 24 8c 18 00 01 86 a0
INFO - a1 26 cc 08 b2 f5 89 cc
INFO - a1 26 0c 10 47 a8 39 af
INFO - a1 26 4c 18 00 01 86 a0
INFO - a1 28 8c 08 b2 f5 8a 95
INFO - a1 28 cc 10 47 a8 39 d8
INFO - a1 28 0c 18 00 01 86 a0
INFO - a1 2a 4c 08 b2 f5 8b 65
INFO - a1 2a 8c 10 47 a8 3a 00
INFO - a1 2a cc 18 00 01 86 a0
INFO - a1 2c 0c 08 b2 f5 8c 2f
INFO - a1 2c 4c 10 47 a8 3a 2f
INFO - a1 2c 8c 18 00 01 86 a0
INFO - a1 2e cc 08 b2 f5 8c f8
INFO - a1 2e 0c 10 47 a8 3a 57
INFO - a1 2e 4c 18 00 01 86 a0
INFO - a1 30 8c 08 b2 f5 8d c1
INFO - a1 30 cc 10 47 a8 3a 7f
INFO - a1 30 0c 18 00 01 86 a0
INFO - a1 32 4c 08 b2 f5 8e 8a
INFO - a1 32 8c 10 47 a8 3a a7
INFO - a1 32 cc 18 00 01 86 a0
INFO - a1 34 0c 08 b2 f5 8f 53
INFO - a1 34 4c 10 47 a8 3a d0
INFO - a1 34 8c 18 00 01 86 a0
INFO - a1 36 cc 08 b2 f5 90 1c
INFO - a1 36 0c 10 47 a8 3a f8
INFO - a1 36 4c 18 00 01 86 a0
INFO - a1 38 8c 08 b2 f5 90 e6
INFO - a1 38 cc 10 47 a8 3b 20
INFO - a1 38 0c 18 00 01 86 a0
INFO - a1 3a 4c 08 b2 f5 91 af
INFO - a1 3a 8c 10 47 a8 3b 48
INFO - a1 3a cc 18 00 01 86 a0
INFO - a1 3c 0c 08 b2 f5 92 78
INFO - a1 3c 4c 10 47 a8 3b 77
INFO - a1 3c 8c 18 00 01 86 a0
INFO - a1 3e cc 08 b2 f5 93 41
INFO - a1 3e 0c 10 47 a8 3b a0
INFO - a1 3e 4c 18 00 01 86 a0
INFO - a1 40 8c 08 b2 f5 94 11
INFO - a1 40 cc 10 47 a8 3b c8
INFO - a1 40 0c 18 00 01 86 a0
INFO - a1 42 4c 08 b2 f5 94 da
INFO - a1 42 8c 10 47 a8 3b f0
INFO - a1 42 cc 18 00 01 86 a0
INFO - a1 44 0c 08 b2 f5 95 a3
INFO - a1 44 4c 10 47 a8 3c 18
INFO - a1 44 8c 18 00 01 86 a0
INFO - a1 46 cc 08 b2 f5 96 6c
INFO - a1 46 0c 10 47 a8 3c 40
INFO - a1 46 4c 18 00 01 86 a0
INFO - a1 48 8c 08 b2 f5 97 36
INFO - a1 48 cc 10 47 a8 3c 69
INFO - a1 48 0c 18 00 01 86 a0
INFO - a1 4a 4c 08 b2 f5 97 ff
INFO - a1 4a 8c 10 47 a8 3c 98
INFO - a1 4a cc 18 00 01 86 a0
INFO - a1 4c 0c 08 b2 f5 98 c8
INFO - a1 4c 4c 10 47 a8 3c c0
INFO - a1 4c 8c 18 00 01 86 a0
INFO - a1 4e cc 08 b2 f5 99 91
INFO - a1 4e 0c 10 47 a8 3c e8
INFO - a1 4e 4c 18 00 01 86 a0
INFO - a1 50 8c 08 b2 f5 9a 5a
INFO - a1 50 cc 10 47 a8 3d 17
INFO - a1 50 0c 18 00 01 86 a0
INFO - a1 52 4c 08 b2 f5 9b 23
INFO - a1 52 8c 10 47 a8 3d 3f
INFO - a1 52 cc 18 00 01 86 a0
INFO - a1 54 0c 08 b2 f5 9b ed
INFO - a1 54 4c 10 47 a8 3d 67
INFO - a1 54 8c 18 00 01 86 a0
INFO - a1 56 cc 08 b2 f5 9c b6
INFO - a1 56 0c 10 47 a8 3d 96
INFO - a1 56 4c 18 00 01 86 a0
INFO - a1 58 8c 08 b2 f5 9d 86
INFO - a1 58 cc 10 47 a8 3d bf
INFO - a1 58 0c 18 00 01 86 a0
INFO - a1 5a 4c 08 b2 f5 9e 4f
INFO - a1 5a 8c 10 47 a8 3d e7
INFO - a1 5a cc 18 00 01 86 a0
INFO - a1 5c 0c 08 b2 f5 9f 18
INFO - a1 5c 4c 10 47 a8 3e 16
INFO - a1 5c 8c 18 00 01 86 a0
INFO - a1 5e cc 08 b2 f5 9f e1
INFO - a1 5e 0c 10 47 a8 3e 3e
INFO - a1 5e 4c 18 00 01 86 a0
INFO - a1 60 8c 08 b2 f5 a0 aa
INFO - a1 60 cc 10 47 a8 3e 6d
INFO - a1 60 0c 18 00 01 86 a0
INFO - a1 62 4c 08 b2 f5 a1 73
INFO - a1 62 8c 10 47 a8 3e 95
INFO - a1 62 cc 18 00 01 86 a0
INFO - a1 64 0c 08 b2 f5 a2 3d
INFO - a1 64 4c 10 47 a8 3e bd
INFO - a1 64 8c 18 00 01 86 a0
INFO - a1 66 cc 08 b2 f5 a3 06
INFO - a1 66 0c 10 47 a8 3e ec
INFO - a1 66 4c 18 00 01 86 a0
INFO - a1 68 8c 08 b2 f5 a3 d6
INFO - a1 68 cc 10 47 a8 3f 15
INFO - a1 68 0c 18 00 01 86 a0
INFO - a1 6a 4c 08 b2 f5 a4 9f
INFO - a1 6a 8c 10 47 a8 3f 3d
INFO - a1 6a cc 18 00 01 86 a0
INFO - a1 6c 0c 08 b2 f5 a5 68
INFO - a1 6c 4c 10 47 a8 3f 6c
INFO - a1 6c 8c 18 00 01 86 a0
INFO - a1 6e cc 08 b2 f5 a6 31
INFO - a1 6e 0c 10 47 a8 3f 9b
INFO - a1 6e 4c 18 00 01 86 a0
INFO - a1 70 8c 08 b2 f5 a6 fa
INFO - a1 70 cc 10 47 a8 3f c3
INFO - a1 70 0c 18 00 01 86 a0
INFO - a1 72 4c 08 b2 f5 a7 c3
INFO - a1 72 8c 10 47 a8 3f f2
INFO - a1 72 cc 18 00 01 86 a0
INFO - a1 74 0c 08 b2 f5 a8 8d
INFO - a1 74 4c 10 47 a8 40 21
INFO - a1 74 8c 18 00 01 86 a0
INFO - a1 76 cc 08 b2 f5 a9 56
INFO - a1 76 0c 10 47 a8 40 49
INFO - a1 76 4c 18 00 01 86 a0
INFO - a1 78 8c 08 b2 f5 aa 1f
INFO - a1 78 cc 10 47 a8 40 78
INFO - a1 78 0c 18 00 01 86 a0
INFO - a1 7a 4c 08 b2 f5 aa e8
INFO - a1 7a 8c 10 47 a8 40 a0
INFO - a1 7a cc 18 00 01 86 a0
INFO - a1 7c 0c 08 b2 f5 ab b1
INFO - a1 7c 4c 10 47 a8 40 cf
INFO - a1 7c 8c 18 00 01 86 a0
INFO - a1 7e cc 08 b2 f5 ac 7a
INFO - a1 7e 0c 10 47 a8 40 fe
INFO - a1 7e 4c 18 00 01 86 a0
INFO - a1 80 8c 08 b2 f5 ad 44
INFO - a1 80 cc 10 47 a8 41 26
INFO - a1 80 0c 18 00 01 86 a0
INFO - a1 82 4c 08 b2 f5 ae 0d
INFO - a1 82 8c 10 47 a8 41 55
INFO - a1 82 cc 18 00 01 86 a0
INFO - a1 84 0c 08 b2 f5 ae d6
INFO - a1 84 4c 10 47 a8 41 7e
INFO - a1 84 8c 18 00 01 86 a0
INFO - a1 86 cc 08 b2 f5 af 9f
INFO - a1 86 0c 10 47 a8 41 ac
INFO - a1 86 4c 18 00 01 86 a0
INFO - a1 88 8c 08 b2 f5 b0 68
INFO - a1 88 cc 10 47 a8 41 db
INFO - a1 88 0c 18 00 01 86 a0
INFO - a1 8a 4c 08 b2 f5 b1 31
INFO - a1 8a 8c 10 47 a8 42 04
INFO - a1 8a cc 18 00 01 86 a0
INFO - a1 8c 0c 08 b2 f5 b1 fb
INFO - a1 8c 4c 10 47 a8 42 33
INFO - a1 8c 8c 18 00 01 86 a0
INFO - a1 8e cc 08 b2 f5 b2 c4
INFO - a1 8e 0c 10 47 a8 42 5b
INFO - a1 8e 4c 18 00 01 86 a0
INFO - a1 90 8c 08 b2 f5 b3 8d
INFO - a1 90 cc 10 47 a8 42 8a
INFO - a1 90 0c 18 00 01 86 a0
INFO - a1 92 4c 08 b2 f5 b4 56
INFO - a1 92 8c 10 47 a8 42 b9
INFO - a1 92 cc 18 00 01 86 a0
INFO - a1 94 0c 08 b2 f5 b5 1f
INFO - a1 94 4c 10 47 a8 42 e1
INFO - a1 94 8c 18 00 01 86 a0
INFO - a1 96 cc 08 b2 f5 b5 e8
INFO - a1 96 0c 10 47 a8 43 10
INFO - a1 96 4c 18 00 01 86 a0
INFO - a1 98 8c 08 b2 f5 b6 b2
INFO - a1 98 cc 10 47 a8 43 38
INFO - a1 98 0c 18 00 01 86 a0
INFO - a1 9a 4c 08 b2 f5 b7 7b
INFO - a1 9a 8c 10 47 a8 43 67
INFO - a1 9a cc 18 00 01 86 a0
INFO - a1 9c 0c 08 b2 f5 b8 44
INFO - a1 9c 4c 10 47 a8 43 96
INFO - a1 9c 8c 18 00 01 86 a0
INFO - a1 9e cc 08 b2 f5 b9 0d
INFO - a1 9e 0c 10 47 a8 43 be
INFO - a1 9e 4c 18 00 01 86 a0
INFO - a1 a0 8c 08 b2 f5 b9 d6
INFO - a1 a0 cc 10 47 a8 43 ed
INFO - a1 a0 0c 18 00 01 86 a0
INFO - a1 a2 4c 08 b2 f5 ba 9f
INFO - a1 a2 8c 10 47 a8 44 15
INFO - a1 a2 cc 18 00 01 86 a0
INFO - a1 a4 0c 08 b2 f5 bb 69
INFO - a1 a4 4c 10 47 a8 44 44
INFO - a1 a4 8c 18 00 01 86 a0
INFO - a1 a6 cc 08 b2 f5 bc 32
INFO - a1 a6 0c 10 47 a8 44 73
INFO - a1 a6 4c 18 00 01 86 a0
INFO - a1 a8 8c 08 b2 f5 bc f4
INFO - a1 a8 cc 10 47 a8 44 a2
INFO - a1 a8 0c 18 00 01 86 a0
INFO - a1 aa 4c 08 b2 f5 bd bd
INFO - a1 aa 8c 10 47 a8 44 d1
INFO - a1 aa cc 18 00 01 86 a0
INFO - a1 ac 0c 08 b2 f5 be 87
INFO - a1 ac 4c 10 47 a8 44 f9
INFO - a1 ac 8c 18 00 01 86 a0
INFO - a1 ae cc 08 b2 f5 bf 50
INFO - a1 ae 0c 10 47 a8 45 28
INFO - a1 ae 4c 18 00 01 86 a0
INFO - a1 b0 8c 08 b2 f5 c0 19
INFO - a1 b0 cc 10 47 a8 45 57
INFO - a1 b0 0c 18 00 01 86 a0
INFO - a1 b2 4c 08 b2 f5 c0 e2
INFO - a1 b2 8c 10 47 a8 45 86
INFO - a1 b2 cc 18 00 01 86 a0
INFO - a1 b4 0c 08 b2 f5 c1 ab
INFO - a1 b4 4c 10 47 a8 45 b5
INFO - a1 b4 8c 18 00 01 86 a0
INFO - a1 b6 cc 08 b2 f5 c2 74
INFO - a1 b6 0c 10 47 a8 45 e4
INFO - a1 b6 4c 18 00 01 86 a0
INFO - a1 b8 8c 08 b2 f5 c3 3e
INFO - a1 b8 cc 10 47 a8 46 13
INFO - a1 b8 0c 18 00 01 86 a0
INFO - a1 ba 4c 08 b2 f5 c4 07
INFO - a1 ba 8c 10 47 a8 46 42
INFO - a1 ba cc 18 00 01 86 a0
INFO - a1 bc 0c 08 b2 f5 c4 c9
INFO - a1 bc 4c 10 47 a8 46 71
INFO - a1 bc 8c 18 00 01 86 a0
INFO - a1 be cc 08 b2 f5 c5 92
INFO - a1 be 0c 10 47 a8 46 a0
INFO - a1 be 4c 18 00 01 86 a0
INFO - a1 c0 8c 08 b2 f5 c6 5b
INFO - a1 c0 cc 10 47 a8 46 cf
INFO - a1 c0 0c 18 00 01 86 a0
INFO - a1 c2 4c 08 b2 f5 c7 25
INFO - a1 c2 8c 10 47 a8 46 fe
INFO - a1 c2 cc 18 00 01 86 a0
INFO - a1 c4 0c 08 b2 f5 c7 ee
INFO - a1 c4 4c 10 47 a8 47 2d
INFO - a1 c4 8c 18 00 01 86 a0
INFO - a1 c6 cc 08 b2 f5 c8 b7
INFO - a1 c6 0c 10 47 a8 47 5c
INFO - a1 c6 4c 18 00 01 86 a0
INFO - a1 c8 8c 08 b2 f5 c9 80
INFO - a1 c8 cc 10 47 a8 47 8b
INFO - a1 c8 0c 18 00 01 86 a0
INFO - a1 ca 4c 08 b2 f5 ca 49
INFO - a1 ca 8c 10 47 a8 47 b9
INFO - a1 ca cc 18 00 01 86 a0
INFO - a1 cc 0c 08 b2 f5 cb 12
INFO - a1 cc 4c 10 47 a8 47 e8
INFO - a1 cc 8c 18 00 01 86 a0
INFO - a1 ce cc 08 b2 f5 cb dc
INFO - a1 ce 0c 10 47 a8 48 17
INFO - a1 ce 4c 18 00 01 86 a0
INFO - a1 d0 8c 08 b2 f5 cc a5
INFO - a1 d0 cc 10 47 a8 48 46
INFO - a1 d0 0c 18 00 01 86 a0
INFO - a1 d2 4c 08 b2 f5 cd 6e
INFO - a1 d2 8c 10 47 a8 48 75
INFO - a1 d2 cc 18 00 01 86 a0
INFO - a1 d4 0c 08 b2 f5 ce 37
INFO - a1 d4 4c 10 47 a8 48 a4
INFO - a1 d4 8c 18 00 01 86 a0
INFO - a1 d6 cc 08 b2 f5 cf 00
INFO - a1 d6 0c 10 47 a8 48 d3
INFO - a1 d6 4c 18 00 01 86 a0
INFO - a1 d8 8c 08 b2 f5 cf c9
INFO - a1 d8 cc 10 47 a8 49 02
INFO - a1 d8 0c 18 00 01 86 a0
INFO - a1 da 4c 08 b2 f5 d0 93
INFO - a1 da 8c 10 47 a8 49 31
INFO - a1 da cc 18 00 01 86 a0
INFO - a1 dc 0c 08 b2 f5 d1 5c
INFO - a1 dc 4c 10 47 a8 49 60
INFO - a1 dc 8c 18 00 01 86 a0
INFO - a1 de cc 08 b2 f5 d2 1e
INFO - a1 de 0c 10 47 a8 49 8f
INFO - a1 de 4c 18 00 01 86 a0
INFO - a1 e0 8c 08 b2 f5 d2 e7
INFO - a1 e0 cc 10 47 a8 49 be
INFO - a1 e0 0c 18 00 01 86 a0
INFO - a1 e2 4c 08 b2 f5 d3 b1
INFO - a1 e2 8c 10 47 a8 49 ed
INFO - a1 e2 cc 18 00 01 86 a0
INFO - a1 e4 0c 08 b2 f5 d4 7a
INFO - a1 e4 4c 10 47 a8 4a 1c
INFO - a1 e4 8c 18 00 01 86 a0
INFO - a1 e6 cc 08 b2 f5 d5 43
INFO - a1 e6 0c 10 47 a8 4a 4b
INFO - a1 e6 4c 18 00 01 86 a0
INFO - a1 e8 8c 08 b2 f5 d6 0c
INFO - a1 e8 cc 10 47 a8 4a 7a
INFO - a1 e8 0c 18 00 01 86 a0
INFO - a1 ea 4c 08 b2 f5 d6 d5
INFO - a1 ea 8c 10 47 a8 4a a8
INFO - a1 ea cc 18 00 01 86 a0
INFO - a1 ec 0c 08 b2 f5 d7 9e
INFO - a1 ec 4c 10 47 a8 4a de
INFO - a1 ec 8c 18 00 01 86 a0
INFO - a1 ee cc 08 b2 f5 d8 68
INFO - a1 ee 0c 10 47 a8 4b 0d
INFO - a1 ee 4c 18 00 01 86 a0
INFO - a1 f0 8c 08 b2 f5 d9 31
INFO - a1 f0 cc 10 47 a8 4b 3c
INFO - a1 f0 0c 18 00 01 86 a0
INFO - a1 f2 4c 08 b2 f5 d9 fa
INFO - a1 f2 8c 10 47 a8 4b 6b
INFO - a1 f2 cc 18 00 01 86 a0
INFO - a1 f4 0c 08 b2 f5 da c3
INFO - a1 f4 4c 10 47 a8 4b 9a
INFO - a1 f4 8c 18 00 01 86 a0
INFO - a1 f6 cc 08 b2 f5 db 86
INFO - a1 f6 0c 10 47 a8 4b c9
INFO - a1 f6 4c 18 00 01 86 a0
INFO - a1 f8 8c 08 b2 f5 dc 4f
INFO - a1 f8 cc 10 47 a8 4b fe
INFO - a1 f8 0c 18 00 01 86 a0
INFO - a1 fa 4c 08 b2 f5 dd 18
INFO - a1 fa 8c 10 47 a8 4c 2d
INFO - a1 fa cc 18 00 01 86 a0
INFO - a1 fc 0c 08 b2 f5 dd e1
INFO - a1 fc 4c 10 47 a8 4c 5c
INFO - a1 fc 8c 18 00 01 86 a0
INFO - a1 fe cc 08 b2 f5 de aa
INFO - a1 fe 0c 10 47 a8 4c 8b
INFO - a1 fe 4c 18 00 01 86 a0
INFO - a2 00 8c 08 b2 f5 df 6d
INFO - a2 00 cc 10 47 a8 4c ba
INFO - a2 00 0c 18 00 01 86 a0
INFO - a2 02 4c 08 b2 f5 e0 36
INFO - a2 02 8c 10 47 a8 4c f0
INFO - a2 02 cc 18 00 01 86 a0
INFO - a2 04 0c 08 b2 f5 e0 ff
INFO - a2 04 4c 10 47 a8 4d 1f
INFO - a2 04 8c 18 00 01 86 a0
INFO - a2 06 cc 08 b2 f5 e1 c8
INFO - a2 06 0c 10 47 a8 4d 4e
INFO - a2 06 4c 18 00 01 86 a0
INFO - a2 08 8c 08 b2 f5 e2 91
INFO - a2 08 cc 10 47 a8 4d 7d
INFO - a2 08 0c 18 00 01 86 a0
INFO - a2 0a 4c 08 b2 f5 e3 54
INFO - a2 0a 8c 10 47 a8 4d ac
INFO - a2 0a cc 18 00 01 86 a0
INFO - a2 0c 0c 08 b2 f5 e4 1d
INFO - a2 0c 4c 10 47 a8 4d e1
INFO - a2 0c 8c 18 00 01 86 a0
INFO - a2 0e cc 08 b2 f5 e4 e6
INFO - a2 0e 0c 10 47 a8 4e 10
INFO - a2 0e 4c 18 00 01 86 a0
INFO - a2 10 8c 08 b2 f5 e5 af
INFO - a2 10 cc 10 47 a8 4e 3f
INFO - a2 10 0c 18 00 01 86 a0
INFO - a2 12 4c 08 b2 f5 e6 78
INFO - a2 12 8c 10 47 a8 4e 6e
INFO - a2 12 cc 18 00 01 86 a0
INFO - a2 14 0c 08 b2 f5 e7 3b
INFO - a2 14 4c 10 47 a8 4e 9d
INFO - a2 14 8c 18 00 01 86 a0
INFO - a2 16 cc 08 b2 f5 e8 04
INFO - a2 16 0c 10 47 a8 4e d3
INFO - a2 16 4c 18 00 01 86 a0
INFO - a2 18 8c 08 b2 f5 e8 cd
INFO - a2 18 cc 10 47 a8 4f 02
INFO - a2 18 0c 18 00 01 86 a0
INFO - a2 1a 4c 08 b2 f5 e9 96
INFO - a2 1a 8c 10 47 a8 4f 31
INFO - a2 1a cc 18 00 01 86 a0
INFO - a2 1c 0c 08 b2 f5 ea 52
INFO - a2 1c 4c 10 47 a8 4f 5f
INFO - a2 1c 8c 18 00 01 86 a0
INFO - a2 1c cc 08 b2 f5 ea 52
INFO - a2 1c 0c 10 47 a8 4f 5f
INFO - a2 1c 4c 18 00 01 86 a0
INFO - a2 1e 8c 08 b2 f5 eb 1b
INFO - a2 1e cc 10 47 a8 4f 95
INFO - a2 1e 0c 18 00 01 86 a0
INFO - a2 20 4c 08 b2 f5 eb e4
INFO - a2 20 8c 10 47 a8 4f c4
INFO - a2 20 cc 18 00 01 86 a0
INFO - a2 22 0c 08 b2 f5 ec a7
INFO - a2 22 4c 10 47 a8 4f fa
INFO - a2 22 8c 18 00 01 86 a0
INFO - a2 24 cc 08 b2 f5 ed 70
INFO - a2 24 0c 10 47 a8 50 2f
INFO - a2 24 4c 18 00 01 86 a0
INFO - a2 26 8c 08 b2 f5 ee 39
INFO - a2 26 cc 10 47 a8 50 5e
INFO - a2 26 0c 18 00 01 86 a0
INFO - a2 28 4c 08 b2 f5 ee fc
INFO - a2 28 8c 10 47 a8 50 94
INFO - a2 28 cc 18 00 01 86 a0
INFO - a2 2a 0c 08 b2 f5 ef c5
INFO - a2 2a 4c 10 47 a8 50 ca
INFO - a2 2a 8c 18 00 01 86 a0
INFO - a2 2c cc 08 b2 f5 f0 87
INFO - a2 2c 0c 10 47 a8 50 f9
INFO - a2 2c 4c 18 00 01 86 a0
INFO - a2 2e 8c 08 b2 f5 f1 51
INFO - a2 2e cc 10 47 a8 51 2e
INFO - a2 2e 0c 18 00 01 86 a0
INFO - a2 30 4c 08 b2 f5 f2 1a
INFO - a2 30 8c 10 47 a8 51 5d
INFO - a2 30 cc 18 00 01 86 a0
INFO - a2 32 0c 08 b2 f5 f2 dc
INFO - a2 32 4c 10 47 a8 51 93
INFO - a2 32 8c 18 00 01 86 a0
INFO - a2 34 cc 08 b2 f5 f3 a5
INFO - a2 34 0c 10 47 a8 51 c2
INFO - a2 34 4c 18 00 01 86 a0
INFO - a2 36 8c 08 b2 f5 f4 6e
INFO - a2 36 cc 10 47 a8 51 f7
INFO - a2 36 0c 18 00 01 86 a0
INFO - a2 38 4c 08 b2 f5 f5 31
INFO - a2 38 8c 10 47 a8 52 2d
INFO - a2 38 cc 18 00 01 86 a0
INFO - a2 3a 0c 08 b2 f5 f5 fa
INFO - a2 3a 4c 10 47 a8 52 5c
INFO - a2 3a 8c 18 00 01 86 a0
INFO - a2 3c cc 08 b2 f5 f6 c3
INFO - a2 3c 0c 10 47 a8 52 92
INFO - a2 3c 4c 18 00 01 86 a0
INFO - a2 3e 8c 08 b2 f5 f7 86
INFO - a2 3e cc 10 47 a8 52 c7
INFO - a2 3e 0c 18 00 01 86 a0
INFO - a2 40 4c 08 b2 f5 f8 4f
INFO - a2 40 8c 10 47 a8 52 f6
INFO - a2 40 cc 18 00 01 86 a0
INFO - a2 42 0c 08 b2 f5 f9 18
INFO - a2 42 4c 10 47 a8 53 2c
INFO - a2 42 8c 18 00 01 86 a0
INFO - a2 44 cc 08 b2 f5 f9 db
INFO - a2 44 0c 10 47 a8 53 61
INFO - a2 44 4c 18 00 01 86 a0
INFO - a2 46 8c 08 b2 f5 fa a4
INFO - a2 46 cc 10 47 a8 53 90
INFO - a2 46 0c 18 00 01 86 a0
INFO - a2 48 4c 08 b2 f5 fb 6d
INFO - a2 48 8c 10 47 a8 53 c6
INFO - a2 48 cc 18 00 01 86 a0
INFO - a2 4a 0c 08 b2 f5 fc 2f
INFO - a2 4a 4c 10 47 a8 53 fc
INFO - a2 4a 8c 18 00 01 86 a0
INFO - a2 4c cc 08 b2 f5 fc f8
INFO - a2 4c 0c 10 47 a8 54 2b
INFO - a2 4c 4c 18 00 01 86 a0
INFO - a2 4e 8c 08 b2 f5 fd c2
INFO - a2 4e cc 10 47 a8 54 60
INFO - a2 4e 0c 18 00 01 86 a0
INFO - a2 50 4c 08 b2 f5 fe 84
INFO - a2 50 8c 10 47 a8 54 96
INFO - a2 50 cc 18 00 01 86 a0
INFO - a2 52 0c 08 b2 f5 ff 4d
INFO - a2 52 4c 10 47 a8 54 c5
INFO - a2 52 8c 18 00 01 86 a0
INFO - a2 54 cc 08 b2 f6 00 16
INFO - a2 54 0c 10 47 a8 54 fa
INFO - a2 54 4c 18 00 01 86 a0
INFO - a2 56 8c 08 b2 f6 00 d9
INFO - a2 56 cc 10 47 a8 55 30
INFO - a2 56 0c 18 00 01 86 a0
INFO - a2 58 4c 08 b2 f6 01 a2
INFO - a2 58 8c 10 47 a8 55 66
INFO - a2 58 cc 18 00 01 86 a0
INFO - a2 5a 0c 08 b2 f6 02 6b
INFO - a2 5a 4c 10 47 a8 55 95
INFO - a2 5a 8c 18 00 01 86 a0
INFO - a2 5c cc 08 b2 f6 03 34
INFO - a2 5c 0c 10 47 a8 55 ca
INFO - a2 5c 4c 18 00 01 86 a0
INFO - a2 5e 8c 08 b2 f6 03 f7
INFO - a2 5e cc 10 47 a8 56 00
INFO - a2 5e 0c 18 00 01 86 a0
INFO - a2 60 4c 08 b2 f6 04 c0
INFO - a2 60 8c 10 47 a8 56 36
INFO - a2 60 cc 18 00 01 86 a0
INFO - a2 62 0c 08 b2 f6 05 82
INFO - a2 62 4c 10 47 a8 56 6b
INFO - a2 62 8c 18 00 01 86 a0
INFO - a2 64 cc 08 b2 f6 06 4c
INFO - a2 64 0c 10 47 a8 56 a1
INFO - a2 64 4c 18 00 01 86 a0
INFO - a2 66 8c 08 b2 f6 07 0e
INFO - a2 66 cc 10 47 a8 56 d7
INFO - a2 66 0c 18 00 01 86 a0
INFO - a2 68 4c 08 b2 f6 07 d7
INFO - a2 68 8c 10 47 a8 57 0c
INFO - a2 68 cc 18 00 01 86 a0
INFO - a2 6a 0c 08 b2 f6 08 a0
INFO - a2 6a 4c 10 47 a8 57 42
INFO - a2 6a 8c 18 00 01 86 a0
INFO - a2 6c cc 08 b2 f6 09 63
INFO - a2 6c 0c 10 47 a8 57 71
INFO - a2 6c 4c 18 00 01 86 a0
INFO - a2 6e 8c 08 b2 f6 0a 2c
INFO - a2 6e cc 10 47 a8 57 a6
INFO - a2 6e 0c 18 00 01 86 a0
INFO - a2 70 4c 08 b2 f6 0a ef
INFO - a2 70 8c 10 47 a8 57 dc
INFO - a2 70 cc 18 00 01 86 a0
INFO - a2 72 0c 08 b2 f6 0b b8
INFO - a2 72 4c 10 47 a8 58 12
INFO - a2 72 8c 18 00 01 86 a0
INFO - a2 74 cc 08 b2 f6 0c 7a
INFO - a2 74 0c 10 47 a8 58 47
INFO - a2 74 4c 18 00 01 86 a0
INFO - a2 76 8c 08 b2 f6 0d 43
INFO - a2 76 cc 10 47 a8 58 7d
INFO - a2 76 0c 18 00 01 86 a0
INFO - a2 78 4c 08 b2 f6 0e 06
INFO - a2 78 8c 10 47 a8 58 b3
INFO - a2 78 cc 18 00 01 86 a0
INFO - a2 7a 0c 08 b2 f6 0e cf
INFO - a2 7a 4c 10 47 a8 58 e8
INFO - a2 7a 8c 18 00 01 86 a0
INFO - a2 7c cc 08 b2 f6 0f 98
INFO - a2 7c 0c 10 47 a8 59 1e
INFO - a2 7c 4c 18 00 01 86 a0
INFO - a2 7e 8c 08 b2 f6 10 5b
INFO - a2 7e cc 10 47 a8 59 54
INFO - a2 7e 0c 18 00 01 86 a0
INFO - a2 80 4c 08 b2 f6 11 24
INFO - a2 80 8c 10 47 a8 59 89
INFO - a2 80 cc 18 00 01 86 a0
INFO - a2 82 0c 08 b2 f6 11 e6
INFO - a2 82 4c 10 47 a8 59 b8
INFO - a2 82 8c 18 00 01 86 a0
INFO - a2 84 cc 08 b2 f6 12 af
INFO - a2 84 0c 10 47 a8 59 ee
INFO - a2 84 4c 18 00 01 86 a0
INFO - a2 86 8c 08 b2 f6 13 79
INFO - a2 86 cc 10 47 a8 5a 23
INFO - a2 86 0c 18 00 01 86 a0
INFO - a2 88 4c 08 b2 f6 14 3b
INFO - a2 88 8c 10 47 a8 5a 59
INFO - a2 88 cc 18 00 01 86 a0
INFO - a2 8a 0c 08 b2 f6 15 04
INFO - a2 8a 4c 10 47 a8 5a 8f
INFO - a2 8a 8c 18 00 01 86 a0
INFO - a2 8c cc 08 b2 f6 15 c7
INFO - a2 8c 0c 10 47 a8 5a c4
INFO - a2 8c 4c 18 00 01 86 a0
INFO - a2 8e 8c 08 b2 f6 16 90
INFO - a2 8e cc 10 47 a8 5a fa
INFO - a2 8e 0c 18 00 01 86 a0
INFO - a2 90 4c 08 b2 f6 17 52
INFO - a2 90 8c 10 47 a8 5b 30
INFO - a2 90 cc 18 00 01 86 a0
INFO - a2 92 0c 08 b2 f6 18 1b
INFO - a2 92 4c 10 47 a8 5b 65
INFO - a2 92 8c 18 00 01 86 a0
INFO - a2 94 cc 08 b2 f6 18 e5
INFO - a2 94 0c 10 47 a8 5b 9b
INFO - a2 94 4c 18 00 01 86 a0
INFO - a2 96 8c 08 b2 f6 19 a7
INFO - a2 96 cc 10 47 a8 5b d1
INFO - a2 96 0c 18 00 01 86 a0
INFO - a2 98 4c 08 b2 f6 1a 70
INFO - a2 98 8c 10 47 a8 5c 06
INFO - a2 98 cc 18 00 01 86 a0
INFO - a2 9a 0c 08 b2 f6 1b 33
INFO - a2 9a 4c 10 47 a8 5c 3c
INFO - a2 9a 8c 18 00 01 86 a0
INFO - a2 9c cc 08 b2 f6 1b fc
INFO - a2 9c 0c 10 47 a8 5c 72
INFO - a2 9c 4c 18 00 01 86 a0
INFO - a2 9e 8c 08 b2 f6 1c be
INFO - a2 9e cc 10 47 a8 5c a7
INFO - a2 9e 0c 18 00 01 86 a0
INFO - a2 a0 4c 08 b2 f6 1d 87
INFO - a2 a0 8c 10 47 a8 5c dd
INFO - a2 a0 cc 18 00 01 86 a0
INFO - a2 a2 0c 08 b2 f6 1e 4a
INFO - a2 a2 4c 10 47 a8 5d 12
INFO - a2 a2 8c 18 00 01 86 a0
INFO - a2 a4 cc 08 b2 f6 1f 0c
INFO - a2 a4 0c 10 47 a8 5d 48
INFO - a2 a4 4c 18 00 01 86 a0
INFO - a2 a6 8c 08 b2 f6 1f d6
INFO - a2 a6 cc 10 47 a8 5d 84
INFO - a2 a6 0c 18 00 01 86 a0
INFO - a2 a8 4c 08 b2 f6 20 98
INFO - a2 a8 8c 10 47 a8 5d ba
INFO - a2 a8 cc 18 00 01 86 a0
INFO - a2 aa 0c 08 b2 f6 21 61
INFO - a2 aa 4c 10 47 a8 5d f0
INFO - a2 aa 8c 18 00 01 86 a0
INFO - a2 ac cc 08 b2 f6 22 24
INFO - a2 ac 0c 10 47 a8 5e 25
INFO - a2 ac 4c 18 00 01 86 a0
INFO - a2 ae 8c 08 b2 f6 22 ed
INFO - a2 ae cc 10 47 a8 5e 5b
INFO - a2 ae 0c 18 00 01 86 a0
INFO - a2 b0 4c 08 b2 f6 23 af
INFO - a2 b0 8c 10 47 a8 5e 91
INFO - a2 b0 cc 18 00 01 86 a0
INFO - a2 b2 0c 08 b2 f6 24 72
INFO - a2 b2 4c 10 47 a8 5e c6
INFO - a2 b2 8c 18 00 01 86 a0
INFO - a2 b4 cc 08 b2 f6 25 3b
INFO - a2 b4 0c 10 47 a8 5e fc
INFO - a2 b4 4c 18 00 01 86 a0
INFO - a2 b6 8c 08 b2 f6 25 fd
INFO - a2 b6 cc 10 47 a8 5f 38
INFO - a2 b6 0c 18 00 01 86 a0
INFO - a2 b8 4c 08 b2 f6 26 c7
INFO - a2 b8 8c 10 47 a8 5f 6e
INFO - a2 b8 cc 18 00 01 86 a0
INFO - a2 ba 0c 08 b2 f6 27 89
INFO - a2 ba 4c 10 47 a8 5f a4
INFO - a2 ba 8c 18 00 01 86 a0
INFO - a2 bc cc 08 b2 f6 28 4b
INFO - a2 bc 0c 10 47 a8 5f e0
INFO - a2 bc 4c 18 00 01 86 a0
INFO - a2 be 8c 08 b2 f6 29 15
INFO - a2 be cc 10 47 a8 60 16
INFO - a2 be 0c 18 00 01 86 a0
INFO - a2 c0 4c 08 b2 f6 29 d7
INFO - a2 c0 8c 10 47 a8 60 52
INFO - a2 c0 cc 18 00 01 86 a0
INFO - a2 c2 0c 08 b2 f6 2a a0
INFO - a2 c2 4c 10 47 a8 60 88
INFO - a2 c2 8c 18 00 01 86 a0
INFO - a2 c4 cc 08 b2 f6 2b 63
INFO - a2 c4 0c 10 47 a8 60 bd
INFO - a2 c4 4c 18 00 01 86 a0
INFO - a2 c6 8c 08 b2 f6 2c 25
INFO - a2 c6 cc 10 47 a8 60 fa
INFO - a2 c6 0c 18 00 01 86 a0
INFO - a2 c8 4c 08 b2 f6 2c ee
INFO - a2 c8 8c 10 47 a8 61 2f
INFO - a2 c8 cc 18 00 01 86 a0
INFO - a2 ca 0c 08 b2 f6 2d b1
INFO - a2 ca 4c 10 47 a8 61 6c
INFO - a2 ca 8c 18 00 01 86 a0
INFO - a2 cc cc 08 b2 f6 2e 73
INFO - a2 cc 0c 10 47 a8 61 a1
INFO - a2 cc 4c 18 00 01 86 a0
INFO - a2 ce 8c 08 b2 f6 2f 3c
INFO - a2 ce cc 10 47 a8 61 d7
INFO - a2 ce 0c 18 00 01 86 a0
INFO - a2 d0 4c 08 b2 f6 2f ff
INFO - a2 d0 8c 10 47 a8 62 13
INFO - a2 d0 cc 18 00 01 86 a0
INFO - a2 d2 0c 08 b2 f6 30 c8
INFO - a2 d2 4c 10 47 a8 62 49
INFO - a2 d2 8c 18 00 01 86 a0
INFO - a2 d4 cc 08 b2 f6 31 8a
INFO - a2 d4 0c 10 47 a8 62 85
INFO - a2 d4 4c 18 00 01 86 a0
INFO - a2 d6 8c 08 b2 f6 32 4d
INFO - a2 d6 cc 10 47 a8 62 bb
INFO - a2 d6 0c 18 00 01 86 a0
INFO - a2 d8 4c 08 b2 f6 33 16
INFO - a2 d8 8c 10 47 a8 62 f0
INFO - a2 d8 cc 18 00 01 86 a0
INFO - a2 da 0c 08 b2 f6 33 d9
INFO - a2 da 4c 10 47 a8 63 2d
INFO - a2 da 8c 18 00 01 86 a0
INFO - a2 dc cc 08 b2 f6 34 a2
INFO - a2 dc 0c 10 47 a8 63 62
INFO - a2 dc 4c 18 00 01 86 a0
INFO - a2 de 8c 08 b2 f6 35 64
INFO - a2 de cc 10 47 a8 63 9f
INFO - a2 de 0c 18 00 01 86 a0
INFO - a2 e0 4c 08 b2 f6 36 2d
INFO - a2 e0 8c 10 47 a8 63 d4
INFO - a2 e0 cc 18 00 01 86 a0
INFO - a2 e2 0c 08 b2 f6 36 f0
INFO - a2 e2 4c 10 47 a8 64 0a
INFO - a2 e2 8c 18 00 01 86 a0
INFO - a2 e4 cc 08 b2 f6 37 b9
INFO - a2 e4 0c 10 47 a8 64 46
INFO - a2 e4 4c 18 00 01 86 a0
INFO - a2 e6 8c 08 b2 f6 38 7b
INFO - a2 e6 cc 10 47 a8 64 7c
INFO - a2 e6 0c 18 00 01 86 a0
INFO - a2 e7 4c 08 b2 f6 39 3e
INFO - a2 e7 8c 10 47 a8 64 b2
INFO - a2 e7 cc 18 00 01 86 a0
INFO - a2 ea 0c 08 b2 f6 3a 07
INFO - a2 ea 4c 10 47 a8 64 ee
INFO - a2 ea 8c 18 00 01 86 a0
INFO - a2 ec cc 08 b2 f6 3a ca
INFO - a2 ec 0c 10 47 a8 65 24
INFO - a2 ec 4c 18 00 01 86 a0
INFO - a2 ee 8c 08 b2 f6 3b 93
INFO - a2 ee cc 10 47 a8 65 60
INFO - a2 ee 0c 18 00 01 86 a0
INFO - a2 f0 4c 08 b2 f6 3c 55
INFO - a2 f0 8c 10 47 a8 65 96
INFO - a2 f0 cc 18 00 01 86 a0
INFO - a2 f1 0c 08 b2 f6 3d 18
INFO - a2 f1 4c 10 47 a8 65 cb
INFO - a2 f1 8c 18 00 01 86 a0
INFO - a2 f4 cc 08 b2 f6 3d e1
INFO - a2 f4 0c 10 47 a8 66 08
INFO - a2 f4 4c 18 00 01 86 a0
INFO - a2 f6 8c 08 b2 f6 3e a3
INFO - a2 f6 cc 10 47 a8 66 3d
INFO - a2 f6 0c 18 00 01 86 a0
INFO - a2 f7 4c 08 b2 f6 3f 66
INFO - a2 f7 8c 10 47 a8 66 7a
INFO - a2 f7 cc 18 00 01 86 a0
INFO - a2 fa 0c 08 b2 f6 40 2f
INFO - a2 fa 4c 10 47 a8 66 af
INFO - a2 fa 8c 18 00 01 86 a0
INFO - a2 fb cc 08 b2 f6 40 f1
INFO - a2 fb 0c 10 47 a8 66 e5
INFO - a2 fb 4c 18 00 01 86 a0
INFO - a2 fe 8c 08 b2 f6 41 ba
INFO - a2 fe cc 10 47 a8 67 21
INFO - a2 fe 0c 18 00 01 86 a0
INFO - a3 00 4c 08 b2 f6 42 7d
INFO - a3 00 8c 10 47 a8 67 5e
INFO - a3 00 cc 18 00 01 86 a0
INFO - a3 01 0c 08 b2 f6 43 3f
INFO - a3 01 4c 10 47 a8 67 93
INFO - a3 01 8c 18 00 01 86 a0
INFO - a3 03 cc 08 b2 f6 44 02
INFO - a3 03 0c 10 47 a8 67 d0
INFO - a3 03 4c 18 00 01 86 a0
INFO - a3 05 8c 08 b2 f6 44 c4
INFO - a3 05 cc 10 47 a8 68 0c
INFO - a3 05 0c 18 00 01 86 a0
INFO - a3 08 4c 08 b2 f6 45 8d
INFO - a3 08 8c 10 47 a8 68 48
INFO - a3 08 cc 18 00 01 86 a0
INFO - a3 09 0c 08 b2 f6 46 50
INFO - a3 09 4c 10 47 a8 68 85
INFO - a3 09 8c 18 00 01 86 a0
INFO - a3 0b cc 08 b2 f6 47 12
INFO - a3 0b 0c 10 47 a8 68 ba
INFO - a3 0b 4c 18 00 01 86 a0
INFO - a3 0d 8c 08 b2 f6 47 d5
INFO - a3 0d cc 10 47 a8 68 f7
INFO - a3 0d 0c 18 00 01 86 a0
INFO - a3 0f 4c 08 b2 f6 48 97
INFO - a3 0f 8c 10 47 a8 69 33
INFO - a3 0f cc 18 00 01 86 a0
INFO - a3 11 0c 08 b2 f6 49 5a
INFO - a3 11 4c 10 47 a8 69 6f
INFO - a3 11 8c 18 00 01 86 a0
INFO - a3 13 cc 08 b2 f6 4a 23
INFO - a3 13 0c 10 47 a8 69 a5
INFO - a3 13 4c 18 00 01 86 a0
INFO - a3 15 8c 08 b2 f6 4a e5
INFO - a3 15 cc 10 47 a8 69 e1
INFO - a3 15 0c 18 00 01 86 a0
INFO - a3 17 4c 08 b2 f6 4b a8
INFO - a3 17 8c 10 47 a8 6a 1e
INFO - a3 17 cc 18 00 01 86 a0
INFO - a3 19 0c 08 b2 f6 4c 6a
INFO - a3 19 4c 10 47 a8 6a 5a
INFO - a3 19 8c 18 00 01 86 a0
INFO - a3 1b cc 08 b2 f6 4d 2d
INFO - a3 1b 0c 10 47 a8 6a 97
INFO - a3 1b 4c 18 00 01 86 a0
INFO - a3 1d 8c 08 b2 f6 4d f6
INFO - a3 1d cc 10 47 a8 6a cc
INFO - a3 1d 0c 18 00 01 86 a0
INFO - a3 1f 4c 08 b2 f6 4e b8
INFO - a3 1f 8c 10 47 a8 6b 09
INFO - a3 1f cc 18 00 01 86 a0
INFO - a3 21 0c 08 b2 f6 4f 7b
INFO - a3 21 4c 10 47 a8 6b 45
INFO - a3 21 8c 18 00 01 86 a0
INFO - a3 23 cc 08 b2 f6 50 3d
INFO - a3 23 0c 10 47 a8 6b 81
INFO - a3 23 4c 18 00 01 86 a0
INFO - a3 25 8c 08 b2 f6 51 00
INFO - a3 25 cc 10 47 a8 6b be
INFO - a3 25 0c 18 00 01 86 a0
INFO - a3 27 4c 08 b2 f6 51 c9
INFO - a3 27 8c 10 47 a8 6b f3
INFO - a3 27 cc 18 00 01 86 a0
INFO - a3 29 0c 08 b2 f6 52 8b
INFO - a3 29 4c 10 47 a8 6c 30
INFO - a3 29 8c 18 00 01 86 a0
INFO - a3 2b cc 08 b2 f6 53 4e
INFO - a3 2b 0c 10 47 a8 6c 6c
INFO - a3 2b 4c 18 00 01 86 a0
INFO - a3 2d 8c 08 b2 f6 54 10
INFO - a3 2d cc 10 47 a8 6c a8
INFO - a3 2d 0c 18 00 01 86 a0
INFO - a3 2f 4c 08 b2 f6 54 d3
INFO - a3 2f 8c 10 47 a8 6c de
INFO - a3 2f cc 18 00 01 86 a0
INFO - a3 31 0c 08 b2 f6 55 9c
INFO - a3 31 4c 10 47 a8 6d 1a
INFO - a3 31 8c 18 00 01 86 a0
INFO - a3 33 cc 08 b2 f6 56 5e
INFO - a3 33 0c 10 47 a8 6d 57
INFO - a3 33 4c 18 00 01 86 a0
INFO - a3 35 8c 08 b2 f6 57 21
INFO - a3 35 cc 10 47 a8 6d 93
INFO - a3 35 0c 18 00 01 86 a0
INFO - a3 37 4c 08 b2 f6 57 e3
INFO - a3 37 8c 10 47 a8 6d cf
INFO - a3 37 cc 18 00 01 86 a0
INFO - a3 39 0c 08 b2 f6 58 ad
INFO - a3 39 4c 10 47 a8 6e 05
INFO - a3 39 8c 18 00 01 86 a0
INFO - a3 3b cc 08 b2 f6 59 6f
INFO - a3 3b 0c 10 47 a8 6e 41
INFO - a3 3b 4c 18 00 01 86 a0
INFO - a3 3d 8c 08 b2 f6 5a 31
INFO - a3 3d cc 10 47 a8 6e 7e
INFO - a3 3d 0c 18 00 01 86 a0
INFO - a3 3f 4c 08 b2 f6 5a fb
INFO - a3 3f 8c 10 47 a8 6e ba
INFO - a3 3f cc 18 00 01 86 a0
INFO - a3 41 0c 08 b2 f6 5b bd
INFO - a3 41 4c 10 47 a8 6e f6
INFO - a3 41 8c 18 00 01 86 a0
INFO - a3 43 cc 08 b2 f6 5c 80
INFO - a3 43 0c 10 47 a8 6f 33
INFO - a3 43 4c 18 00 01 86 a0
INFO - a3 45 8c 08 b2 f6 5d 49
INFO - a3 45 cc 10 47 a8 6f 68
INFO - a3 45 0c 18 00 01 86 a0
INFO - a3 47 4c 08 b2 f6 5e 0b
INFO - a3 47 8c 10 47 a8 6f ab
INFO - a3 47 cc 18 00 01 86 a0
INFO - a3 49 0c 08 b2 f6 5e ce
INFO - a3 49 4c 10 47 a8 6f e8
INFO - a3 49 8c 18 00 01 86 a0
INFO - a3 4b cc 08 b2 f6 5f 90
INFO - a3 4b 0c 10 47 a8 70 24
INFO - a3 4b 4c 18 00 01 86 a0
INFO - a3 4d 8c 08 b2 f6 60 53
INFO - a3 4d cc 10 47 a8 70 60
INFO - a3 4d 0c 18 00 01 86 a0
INFO - a3 4f 4c 08 b2 f6 61 15
INFO - a3 4f 8c 10 47 a8 70 9d
INFO - a3 4f cc 18 00 01 86 a0
INFO - a3 51 0c 08 b2 f6 61 de
INFO - a3 51 4c 10 47 a8 70 d9
INFO - a3 51 8c 18 00 01 86 a0
INFO - a3 53 cc 08 b2 f6 62 a1
INFO - a3 53 0c 10 47 a8 71 15
INFO - a3 53 4c 18 00 01 86 a0
INFO - a3 55 8c 08 b2 f6 63 63
INFO - a3 55 cc 10 47 a8 71 52
INFO - a3 55 0c 18 00 01 86 a0
INFO - a3 57 4c 08 b2 f6 64 26
INFO - a3 57 8c 10 47 a8 71 8e
INFO - a3 57 cc 18 00 01 86 a0
INFO - a3 59 0c 08 b2 f6 64 e8
INFO - a3 59 4c 10 47 a8 71 d1
INFO - a3 59 8c 18 00 01 86 a0
INFO - a3 5b cc 08 b2 f6 65 aa
INFO - a3 5b 0c 10 47 a8 72 0e
INFO - a3 5b 4c 18 00 01 86 a0
INFO - a3 5d 8c 08 b2 f6 66 6d
INFO - a3 5d cc 10 47 a8 72 4a
INFO - a3 5d 0c 18 00 01 86 a0
INFO - a3 5f 4c 08 b2 f6 67 2f
INFO - a3 5f 8c 10 47 a8 72 86
INFO - a3 5f cc 18 00 01 86 a0
INFO - a3 61 0c 08 b2 f6 67 f2
INFO - a3 61 4c 10 47 a8 72 c3
INFO - a3 61 8c 18 00 01 86 a0
INFO - a3 63 cc 08 b2 f6 68 b4
INFO - a3 63 0c 10 47 a8 73 06
INFO - a3 63 4c 18 00 01 86 a0
INFO - a3 65 8c 08 b2 f6 69 77
INFO - a3 65 cc 10 47 a8 73 42
INFO - a3 65 0c 18 00 01 86 a0
INFO - a3 67 4c 08 b2 f6 6a 39
INFO - a3 67 8c 10 47 a8 73 7e
INFO - a3 67 cc 18 00 01 86 a0
INFO - a3 69 0c 08 b2 f6 6a fc
INFO - a3 69 4c 10 47 a8 73 bb
INFO - a3 69 8c 18 00 01 86 a0
INFO - a3 6b cc 08 b2 f6 6b c5
INFO - a3 6b 0c 10 47 a8 73 fe
INFO - a3 6b 4c 18 00 01 86 a0
INFO - a3 6d 8c 08 b2 f6 6c 87
INFO - a3 6d cc 10 47 a8 74 3a
INFO - a3 6d 0c 18 00 01 86 a0
INFO - a3 6f 4c 08 b2 f6 6d 4a
INFO - a3 6f 8c 10 47 a8 74 76
INFO - a3 6f cc 18 00 01 86 a0
INFO - a3 71 0c 08 b2 f6 6e 0c
INFO - a3 71 4c 10 47 a8 74 b3
INFO - a3 71 8c 18 00 01 86 a0
INFO - a3 73 cc 08 b2 f6 6e cf
INFO - a3 73 0c 10 47 a8 74 ef
INFO - a3 73 4c 18 00 01 86 a0
INFO - a3 75 8c 08 b2 f6 6f 91
INFO - a3 75 cc 10 47 a8 75 32
INFO - a3 75 0c 18 00 01 86 a0
INFO - a3 77 4c 08 b2 f6 70 54
INFO - a3 77 8c 10 47 a8 75 6f
INFO - a3 77 cc 18 00 01 86 a0
INFO - a3 79 0c 08 b2 f6 71 16
INFO - a3 79 4c 10 47 a8 75 ab
INFO - a3 79 8c 18 00 01 86 a0
INFO - a3 7b cc 08 b2 f6 71 df
INFO - a3 7b 0c 10 47 a8 75 e7
INFO - a3 7b 4c 18 00 01 86 a0
INFO - a3 7d 8c 08 b2 f6 72 a2
INFO - a3 7d cc 10 47 a8 76 2a
INFO - a3 7d 0c 18 00 01 86 a0
INFO - a3 7f 4c 08 b2 f6 73 64
INFO - a3 7f 8c 10 47 a8 76 67
INFO - a3 7f cc 18 00 01 86 a0
INFO - a3 81 0c 08 b2 f6 74 27
INFO - a3 81 4c 10 47 a8 76 a3
INFO - a3 81 8c 18 00 01 86 a0
INFO - a3 83 cc 08 b2 f6 74 e9
INFO - a3 83 0c 10 47 a8 76 df
INFO - a3 83 4c 18 00 01 86 a0
INFO - a3 85 8c 08 b2 f6 75 ac
INFO - a3 85 cc 10 47 a8 77 22
INFO - a3 85 0c 18 00 01 86 a0
INFO - a3 87 4c 08 b2 f6 76 6e
INFO - a3 87 8c 10 47 a8 77 5f
INFO - a3 87 cc 18 00 01 86 a0
INFO - a3 89 0c 08 b2 f6 77 30
INFO - a3 89 4c 10 47 a8 77 a2
INFO - a3 89 8c 18 00 01 86 a0
INFO - a3 8b cc 08 b2 f6 77 f3
INFO - a3 8b 0c 10 47 a8 77 de
INFO - a3 8b 4c 18 00 01 86 a0
INFO - a3 8d 8c 08 b2 f6 78 b5
INFO - a3 8d cc 10 47 a8 78 1b
INFO - a3 8d 0c 18 00 01 86 a0
INFO - a3 8f 4c 08 b2 f6 79 78
INFO - a3 8f 8c 10 47 a8 78 5e
INFO - a3 8f cc 18 00 01 86 a0
INFO - a3 91 0c 08 b2 f6 7a 41
INFO - a3 91 4c 10 47 a8 78 9a
INFO - a3 91 8c 18 00 01 86 a0
INFO - a3 93 cc 08 b2 f6 7b 03
INFO - a3 93 0c 10 47 a8 78 dd
INFO - a3 93 4c 18 00 01 86 a0
INFO - a3 95 8c 08 b2 f6 7b bf
INFO - a3 95 cc 10 47 a8 79 19
INFO - a3 95 0c 18 00 01 86 a0
INFO - a3 97 4c 08 b2 f6 7c 88
INFO - a3 97 8c 10 47 a8 79 56
INFO - a3 97 cc 18 00 01 86 a0
INFO - a3 99 0c 08 b2 f6 7d 4b
INFO - a3 99 4c 10 47 a8 79 99
INFO - a3 99 8c 18 00 01 86 a0
INFO - a3 9b cc 08 b2 f6 7e 0d
INFO - a3 9b 0c 10 47 a8 79 d5
INFO - a3 9b 4c 18 00 01 86 a0
INFO - a3 9d 8c 08 b2 f6 7e c9
INFO - a3 9d cc 10 47 a8 7a 18
INFO - a3 9d 0c 18 00 01 86 a0
INFO - a3 9f 4c 08 b2 f6 7f 8c
INFO - a3 9f 8c 10 47 a8 7a 55
INFO - a3 9f cc 18 00 01 86 a0
INFO - a3 a1 0c 08 b2 f6 80 4e
INFO - a3 a1 4c 10 47 a8 7a 98
INFO - a3 a1 8c 18 00 01 86 a0
INFO - a3 a3 cc 08 b2 f6 81 10
INFO - a3 a3 0c 10 47 a8 7a d4
INFO - a3 a3 4c 18 00 01 86 a0
INFO - a3 a5 8c 08 b2 f6 81 d3
INFO - a3 a5 cc 10 47 a8 7b 17
INFO - a3 a5 0c 18 00 01 86 a0
INFO - a3 a7 4c 08 b2 f6 82 95
INFO - a3 a7 8c 10 47 a8 7b 53
INFO - a3 a7 cc 18 00 01 86 a0
INFO - a3 a9 0c 08 b2 f6 83 58
INFO - a3 a9 4c 10 47 a8 7b 96
INFO - a3 a9 8c 18 00 01 86 a0
INFO - a3 ab cc 08 b2 f6 84 1a
INFO - a3 ab 0c 10 47 a8 7b d3
INFO - a3 ab 4c 18 00 01 86 a0
INFO - a3 ad 8c 08 b2 f6 84 dd
INFO - a3 ad cc 10 47 a8 7c 16
INFO - a3 ad 0c 18 00 01 86 a0
INFO - a3 af 4c 08 b2 f6 85 99
INFO - a3 af 8c 10 47 a8 7c 52
INFO - a3 af cc 18 00 01 86 a0
INFO - a3 b1 0c 08 b2 f6 86 62
INFO - a3 b1 4c 10 47 a8 7c 95
INFO - a3 b1 8c 18 00 01 86 a0
INFO - a3 b2 cc 08 b2 f6 86 9e
INFO - a3 b2 0c 10 47 a8 7c a9
INFO - a3 b2 4c 18 00 01 86 a0
INFO - a3 b2 8c 08 b2 f6 86 9e
INFO - a3 b2 cc 10 47 a8 7c a9
INFO - a3 b2 0c 18 00 01 86 a0
INFO - a3 b3 4c 08 b2 f6 87 1d
INFO - a3 b3 8c 10 47 a8 7c d2
INFO - a3 b3 cc 18 00 01 86 a0
INFO - a3 b5 0c 08 b2 f6 87 e0
INFO - a3 b5 4c 10 47 a8 7d 15
INFO - a3 b5 8c 18 00 01 86 a0
INFO - a3 b7 cc 08 b2 f6 88 a2
INFO - a3 b7 0c 10 47 a8 7d 51
INFO - a3 b7 4c 18 00 01 86 a0
INFO - a3 b9 8c 08 b2 f6 89 65
INFO - a3 b9 cc 10 47 a8 7d 94
INFO - a3 b9 0c 18 00 01 86 a0
INFO - a3 bb 4c 08 b2 f6 8a 27
INFO - a3 bb 8c 10 47 a8 7d d0
INFO - a3 bb cc 18 00 01 86 a0
INFO - a3 bd 0c 08 b2 f6 8a ea
INFO - a3 bd 4c 10 47 a8 7e 13
INFO - a3 bd 8c 18 00 01 86 a0
INFO - a3 bf cc 08 b2 f6 8b ac
INFO - a3 bf 0c 10 47 a8 7e 56
INFO - a3 bf 4c 18 00 01 86 a0
INFO - a3 c1 8c 08 b2 f6 8c 6f
INFO - a3 c1 cc 10 47 a8 7e 93
INFO - a3 c1 0c 18 00 01 86 a0
INFO - a3 c3 4c 08 b2 f6 8d 31
INFO - a3 c3 8c 10 47 a8 7e d6
INFO - a3 c3 cc 18 00 01 86 a0
INFO - a3 c5 0c 08 b2 f6 8d ed
INFO - a3 c5 4c 10 47 a8 7f 19
INFO - a3 c5 8c 18 00 01 86 a0
INFO - a3 c7 cc 08 b2 f6 8e af
INFO - a3 c7 0c 10 47 a8 7f 55
INFO - a3 c7 4c 18 00 01 86 a0
INFO - a3 c9 8c 08 b2 f6 8f 72
INFO - a3 c9 cc 10 47 a8 7f 98
INFO - a3 c9 0c 18 00 01 86 a0
INFO - a3 cb 4c 08 b2 f6 90 34
INFO - a3 cb 8c 10 47 a8 7f db
INFO - a3 cb cc 18 00 01 86 a0
INFO - a3 cd 0c 08 b2 f6 90 f0
INFO - a3 cd 4c 10 47 a8 80 18
INFO - a3 cd 8c 18 00 01 86 a0
INFO - a3 cf cc 08 b2 f6 91 b2
INFO - a3 cf 0c 10 47 a8 80 5b
INFO - a3 cf 4c 18 00 01 86 a0
INFO - a3 d1 8c 08 b2 f6 92 75
INFO - a3 d1 cc 10 47 a8 80 9e
INFO - a3 d1 0c 18 00 01 86 a0
INFO - a3 d3 4c 08 b2 f6 93 37
INFO - a3 d3 8c 10 47 a8 80 e1
INFO - a3 d3 cc 18 00 01 86 a0
INFO - a3 d5 0c 08 b2 f6 93 fa
INFO - a3 d5 4c 10 47 a8 81 1d
INFO - a3 d5 8c 18 00 01 86 a0
INFO - a3 d7 cc 08 b2 f6 94 b6
INFO - a3 d7 0c 10 47 a8 81 60
INFO - a3 d7 4c 18 00 01 86 a0
INFO - a3 d9 8c 08 b2 f6 95 78
INFO - a3 d9 cc 10 47 a8 81 a3
INFO - a3 d9 0c 18 00 01 86 a0
INFO - a3 db 4c 08 b2 f6 96 3b
INFO - a3 db 8c 10 47 a8 81 e0
INFO - a3 db cc 18 00 01 86 a0
INFO - a3 dd 0c 08 b2 f6 96 fd
INFO - a3 dd 4c 10 47 a8 82 23
INFO - a3 dd 8c 18 00 01 86 a0
INFO - a3 df cc 08 b2 f6 97 b9
INFO - a3 df 0c 10 47 a8 82 66
INFO - a3 df 4c 18 00 01 86 a0
INFO - a3 e1 8c 08 b2 f6 98 7b
INFO - a3 e1 cc 10 47 a8 82 a9
INFO - a3 e1 0c 18 00 01 86 a0
INFO - a3 e3 4c 08 b2 f6 99 3e
INFO - a3 e3 8c 10 47 a8 82 e5
INFO - a3 e3 cc 18 00 01 86 a0
INFO - a3 e5 0c 08 b2 f6 9a 00
INFO - a3 e5 4c 10 47 a8 83 28
INFO - a3 e5 8c 18 00 01 86 a0
INFO - a3 e7 cc 08 b2 f6 9a bc
INFO - a3 e7 0c 10 47 a8 83 6b
INFO - a3 e7 4c 18 00 01 86 a0
INFO - a3 e9 8c 08 b2 f6 9b 7e
INFO - a3 e9 cc 10 47 a8 83 a8
INFO - a3 e9 0c 18 00 01 86 a0
INFO - a3 eb 4c 08 b2 f6 9c 41
INFO - a3 eb 8c 10 47 a8 83 eb
INFO - a3 eb cc 18 00 01 86 a0
INFO - a3 ed 0c 08 b2 f6 9d 03
INFO - a3 ed 4c 10 47 a8 84 2e
INFO - a3 ed 8c 18 00 01 86 a0
INFO - a3 ef cc 08 b2 f6 9d c6
INFO - a3 ef 0c 10 47 a8 84 71
INFO - a3 ef 4c 18 00 01 86 a0
INFO - a3 f1 8c 08 b2 f6 9e 88
INFO - a3 f1 cc 10 47 a8 84 b4
INFO - a3 f1 0c 18 00 01 86 a0
INFO - a3 f3 4c 08 b2 f6 9f 44
INFO - a3 f3 8c 10 47 a8 84 f0
INFO - a3 f3 cc 18 00 01 86 a0
INFO - a3 f5 0c 08 b2 f6 a0 06
INFO - a3 f5 4c 10 47 a8 85 33
INFO - a3 f5 8c 18 00 01 86 a0
INFO - a3 f7 cc 08 b2 f6 a0 c9
INFO - a3 f7 0c 10 47 a8 85 76
INFO - a3 f7 4c 18 00 01 86 a0
INFO - a3 f9 8c 08 b2 f6 a1 8b
INFO - a3 f9 cc 10 47 a8 85 b9
INFO - a3 f9 0c 18 00 01 86 a0
INFO - a3 fb 4c 08 b2 f6 a2 4e
INFO - a3 fb 8c 10 47 a8 85 fc
INFO - a3 fb cc 18 00 01 86 a0
INFO - a3 fd 0c 08 b2 f6 a3 0a
INFO - a3 fd 4c 10 47 a8 86 40
INFO - a3 fd 8c 18 00 01 86 a0
INFO - a3 ff cc 08 b2 f6 a3 cc
INFO - a3 ff 0c 10 47 a8 86 7c
INFO - a3 ff 4c 18 00 01 86 a0
INFO - a4 01 8c 08 b2 f6 a4 8e
INFO - a4 01 cc 10 47 a8 86 bf
INFO - a4 01 0c 18 00 01 86 a0
INFO - a4 03 4c 08 b2 f6 a5 51
INFO - a4 03 8c 10 47 a8 87 02
INFO - a4 03 cc 18 00 01 86 a0
INFO - a4 05 0c 08 b2 f6 a6 13
INFO - a4 05 4c 10 47 a8 87 45
INFO - a4 05 8c 18 00 01 86 a0
INFO - a4 07 cc 08 b2 f6 a6 d6
INFO - a4 07 0c 10 47 a8 87 88
INFO - a4 07 4c 18 00 01 86 a0
INFO - a4 09 8c 08 b2 f6 a7 92
INFO - a4 09 cc 10 47 a8 87 c4
INFO - a4 09 0c 18 00 01 86 a0
INFO - a4 0b 4c 08 b2 f6 a8 54
INFO - a4 0b 8c 10 47 a8 88 08
INFO - a4 0b cc 18 00 01 86 a0
INFO - a4 0d 0c 08 b2 f6 a9 16
INFO - a4 0d 4c 10 47 a8 88 4b
INFO - a4 0d 8c 18 00 01 86 a0
INFO - a4 0f cc 08 b2 f6 a9 e6
INFO - a4 0f 0c 10 47 a8 88 8e
INFO - a4 0f 4c 18 00 01 86 a0
INFO - a4 0f 8c 08 b2 f6 a9 e6
INFO - a4 0f cc 10 47 a8 88 8e
INFO - a4 0f 0c 18 00 01 86 a0
INFO - a4 11 4c 08 b2 f6 aa a9
INFO - a4 11 8c 10 47 a8 88 d1
INFO - a4 11 cc 18 00 01 86 a0
INFO - a4 13 0c 08 b2 f6 ab 6b
INFO - a4 13 4c 10 47 a8 89 14
INFO - a4 13 8c 18 00 01 86 a0
INFO - a4 15 cc 08 b2 f6 ac 2e
INFO - a4 15 0c 10 47 a8 89 57
INFO - a4 15 4c 18 00 01 86 a0
INFO - a4 17 8c 08 b2 f6 ac e9
INFO - a4 17 cc 10 47 a8 89 93
INFO - a4 17 0c 18 00 01 86 a0
INFO - a4 19 4c 08 b2 f6 ad ac
INFO - a4 19 8c 10 47 a8 89 d6
INFO - a4 19 cc 18 00 01 86 a0
INFO - a4 1b 0c 08 b2 f6 ae 6e
INFO - a4 1b 4c 10 47 a8 8a 19
INFO - a4 1b 8c 18 00 01 86 a0
INFO - a4 1d cc 08 b2 f6 af 31
INFO - a4 1d 0c 10 47 a8 8a 5c
INFO - a4 1d 4c 18 00 01 86 a0
INFO - a4 1f 8c 08 b2 f6 af f3
INFO - a4 1f cc 10 47 a8 8a 9f
INFO - a4 1f 0c 18 00 01 86 a0
INFO - a4 21 4c 08 b2 f6 b0 b6
INFO - a4 21 8c 10 47 a8 8a dc
INFO - a4 21 cc 18 00 01 86 a0
INFO - a4 23 0c 08 b2 f6 b1 78
INFO - a4 23 4c 10 47 a8 8b 1f
INFO - a4 23 8c 18 00 01 86 a0
INFO - a4 25 cc 08 b2 f6 b2 3b
INFO - a4 25 0c 10 47 a8 8b 62
INFO - a4 25 4c 18 00 01 86 a0
INFO - a4 27 8c 08 b2 f6 b2 fd
INFO - a4 27 cc 10 47 a8 8b a5
INFO - a4 27 0c 18 00 01 86 a0
INFO - a4 29 4c 08 b2 f6 b3 b9
INFO - a4 29 8c 10 47 a8 8b e8
INFO - a4 29 cc 18 00 01 86 a0
INFO - a4 2b 0c 08 b2 f6 b4 7b
INFO - a4 2b 4c 10 47 a8 8c 24
INFO - a4 2b 8c 18 00 01 86 a0
INFO - a4 2d cc 08 b2 f6 b5 3e
INFO - a4 2d 0c 10 47 a8 8c 67
INFO - a4 2d 4c 18 00 01 86 a0
INFO - a4 2f 8c 08 b2 f6 b6 00
INFO - a4 2f cc 10 47 a8 8c aa
INFO - a4 2f 0c 18 00 01 86 a0
INFO - a4 31 4c 08 b2 f6 b6 c3
INFO - a4 31 8c 10 47 a8 8c ed
INFO - a4 31 cc 18 00 01 86 a0
INFO - a4 33 0c 08 b2 f6 b7 85
INFO - a4 33 4c 10 47 a8 8d 2a
INFO - a4 33 8c 18 00 01 86 a0
INFO - a4 35 cc 08 b2 f6 b8 48
INFO - a4 35 0c 10 47 a8 8d 6d
INFO - a4 35 4c 18 00 01 86 a0
INFO - a4 37 8c 08 b2 f6 b9 0a
INFO - a4 37 cc 10 47 a8 8d b0
INFO - a4 37 0c 18 00 01 86 a0
INFO - a4 39 4c 08 b2 f6 b9 cd
INFO - a4 39 8c 10 47 a8 8d f3
INFO - a4 39 cc 18 00 01 86 a0
INFO - a4 3b 0c 08 b2 f6 ba 8f
INFO - a4 3b 4c 10 47 a8 8e 36
INFO - a4 3b 8c 18 00 01 86 a0
INFO - a4 3d cc 08 b2 f6 bb 52
INFO - a4 3d 0c 10 47 a8 8e 79
INFO - a4 3d 4c 18 00 01 86 a0
INFO - a4 3f 8c 08 b2 f6 bc 0d
INFO - a4 3f cc 10 47 a8 8e bc
INFO - a4 3f 0c 18 00 01 86 a0
INFO - a4 41 4c 08 b2 f6 bc d6
INFO - a4 41 8c 10 47 a8 8e f8
INFO - a4 41 cc 18 00 01 86 a0
INFO - a4 43 0c 08 b2 f6 bd 99
INFO - a4 43 4c 10 47 a8 8f 3c
INFO - a4 43 8c 18 00 01 86 a0
INFO - a4 45 cc 08 b2 f6 be 55
INFO - a4 45 0c 10 47 a8 8f 7f
INFO - a4 45 4c 18 00 01 86 a0
INFO - a4 47 8c 08 b2 f6 bf 17
INFO - a4 47 cc 10 47 a8 8f c2
INFO - a4 47 0c 18 00 01 86 a0
INFO - a4 49 4c 08 b2 f6 bf da
INFO - a4 49 8c 10 47 a8 90 05
INFO - a4 49 cc 18 00 01 86 a0
INFO - a4 4b 0c 08 b2 f6 c0 9c
INFO - a4 4b 4c 10 47 a8 90 48
INFO - a4 4b 8c 18 00 01 86 a0
INFO - a4 4d cc 08 b2 f6 c1 5f
INFO - a4 4d 0c 10 47 a8 90 84
INFO - a4 4d 4c 18 00 01 86 a0
INFO - a4 4f 8c 08 b2 f6 c2 21
INFO - a4 4f cc 10 47 a8 90 c7
INFO - a4 4f 0c 18 00 01 86 a0
INFO - a4 51 4c 08 b2 f6 c2 e3
INFO - a4 51 8c 10 47 a8 91 0a
INFO - a4 51 cc 18 00 01 86 a0
INFO - a4 53 0c 08 b2 f6 c3 a6
INFO - a4 53 4c 10 47 a8 91 4d
INFO - a4 53 8c 18 00 01 86 a0
INFO - a4 55 cc 08 b2 f6 c4 68
INFO - a4 55 0c 10 47 a8 91 90
INFO - a4 55 4c 18 00 01 86 a0
INFO - a4 57 8c 08 b2 f6 c5 2b
INFO - a4 57 cc 10 47 a8 91 cd
INFO - a4 57 0c 18 00 01 86 a0
INFO - a4 59 4c 08 b2 f6 c5 ed
INFO - a4 59 8c 10 47 a8 92 10
INFO - a4 59 cc 18 00 01 86 a0
INFO - a4 5b 0c 08 b2 f6 c6 b0
INFO - a4 5b 4c 10 47 a8 92 53
INFO - a4 5b 8c 18 00 01 86 a0
INFO - a4 5d cc 08 b2 f6 c7 6b
INFO - a4 5d 0c 10 47 a8 92 96
INFO - a4 5d 4c 18 00 01 86 a0
INFO - a4 5f 8c 08 b2 f6 c8 2e
INFO - a4 5f cc 10 47 a8 92 d9
INFO - a4 5f 0c 18 00 01 86 a0
INFO - a4 61 4c 08 b2 f6 c8 f0
INFO - a4 61 8c 10 47 a8 93 15
INFO - a4 61 cc 18 00 01 86 a0
INFO - a4 63 0c 08 b2 f6 c9 b3
INFO - a4 63 4c 10 47 a8 93 58
INFO - a4 63 8c 18 00 01 86 a0
INFO - a4 65 cc 08 b2 f6 ca 75
INFO - a4 65 0c 10 47 a8 93 9b
INFO - a4 65 4c 18 00 01 86 a0
INFO - a4 67 8c 08 b2 f6 cb 38
INFO - a4 67 cc 10 47 a8 93 de
INFO - a4 67 0c 18 00 01 86 a0
INFO - a4 69 4c 08 b2 f6 cb f4
INFO - a4 69 8c 10 47 a8 94 1b
INFO - a4 69 cc 18 00 01 86 a0
INFO - a4 6b 0c 08 b2 f6 cc b6
INFO - a4 6b 4c 10 47 a8 94 5e
INFO - a4 6b 8c 18 00 01 86 a0
INFO - a4 6d cc 08 b2 f6 cd 78
INFO - a4 6d 0c 10 47 a8 94 a1
INFO - a4 6d 4c 18 00 01 86 a0
INFO - a4 6f 8c 08 b2 f6 ce 3b
INFO - a4 6f cc 10 47 a8 94 dd
INFO - a4 6f 0c 18 00 01 86 a0
INFO - a4 71 4c 08 b2 f6 ce fd
INFO - a4 71 8c 10 47 a8 95 20
INFO - a4 71 cc 18 00 01 86 a0
INFO - a4 73 0c 08 b2 f6 cf b9
INFO - a4 73 4c 10 47 a8 95 63
INFO - a4 73 8c 18 00 01 86 a0
INFO - a4 75 cc 08 b2 f6 d0 7c
INFO - a4 75 0c 10 47 a8 95 a6
INFO - a4 75 4c 18 00 01 86 a0
INFO - a4 77 8c 08 b2 f6 d1 3e
INFO - a4 77 cc 10 47 a8 95 e3
INFO - a4 77 0c 18 00 01 86 a0
INFO - a4 79 4c 08 b2 f6 d2 01
INFO - a4 79 8c 10 47 a8 96 26
INFO - a4 79 cc 18 00 01 86 a0
INFO - a4 7b 0c 08 b2 f6 d2 c3
INFO - a4 7b 4c 10 47 a8 96 69
INFO - a4 7b 8c 18 00 01 86 a0
INFO - a4 7d cc 08 b2 f6 d3 85
INFO - a4 7d 0c 10 47 a8 96 ac
INFO - a4 7d 4c 18 00 01 86 a0
INFO - a4 7f 8c 08 b2 f6 d4 41
INFO - a4 7f cc 10 47 a8 96 e8
INFO - a4 7f 0c 18 00 01 86 a0
INFO - a4 81 4c 08 b2 f6 d5 04
INFO - a4 81 8c 10 47 a8 97 2b
INFO - a4 81 cc 18 00 01 86 a0
INFO - a4 83 0c 08 b2 f6 d5 c6
INFO - a4 83 4c 10 47 a8 97 6e
INFO - a4 83 8c 18 00 01 86 a0
INFO - a4 85 cc 08 b2 f6 d6 89
INFO - a4 85 0c 10 47 a8 97 b1
INFO - a4 85 4c 18 00 01 86 a0
INFO - a4 87 8c 08 b2 f6 d7 4b
INFO - a4 87 cc 10 47 a8 97 ee
INFO - a4 87 0c 18 00 01 86 a0
INFO - a4 89 4c 08 b2 f6 d8 0d
INFO - a4 89 8c 10 47 a8 98 31
INFO - a4 89 cc 18 00 01 86 a0
INFO - a4 8b 0c 08 b2 f6 d8 d0
INFO - a4 8b 4c 10 47 a8 98 74
INFO - a4 8b 8c 18 00 01 86 a0
INFO - a4 8d cc 08 b2 f6 d9 92
INFO - a4 8d 0c 10 47 a8 98 b0
INFO - a4 8d 4c 18 00 01 86 a0
INFO - a4 8f 8c 08 b2 f6 da 55
INFO - a4 8f cc 10 47 a8 98 f3
INFO - a4 8f 0c 18 00 01 86 a0
INFO - a4 91 4c 40 57 00 00 02
INFO - a4 91 8c 40 57 00 00 02
INFO - a4 91 cc 40 57 00 00 02
INFO - a4 91 0c 40 57 00 00 02
INFO - a4 91 4c 08 b2 f6 db 11
INFO - a4 91 8c 10 47 a8 99 36
INFO - a4 91 cc 18 00 01 86 a0
INFO - a4 93 0c 08 b2 f6 db d3
INFO - a4 93 4c 10 47 a8 99 73
INFO - a4 93 8c 18 00 01 86 a0
INFO - a4 95 cc 08 b2 f6 dc 96
INFO - a4 95 0c 10 47 a8 99 b6
INFO - a4 95 4c 18 00 01 86 a0
INFO - a4 97 8c 08 b2 f6 dd 58
INFO - a4 97 cc 10 47 a8 99 f9
INFO - a4 97 0c 18 00 01 86 a0
INFO - a4 99 4c 08 b2 f6 de 1a
INFO - a4 99 8c 10 47 a8 9a 3c
INFO - a4 99 cc 18 00 01 86 a0
INFO - a4 9b 0c 08 b2 f6 de dd
INFO - a4 9b 4c 10 47 a8 9a 78
INFO - a4 9b 8c 18 00 01 86 a0
INFO - a4 9c cc 08 b2 f6 df 20
INFO - a4 9c 0c 10 47 a8 9a 93
INFO - a4 9c 4c 18 00 01 86 a0
INFO - a4 9c 8c 08 b2 f6 df 20
INFO - a4 9c cc 10 47 a8 9a 93
INFO - a4 9c 0c 18 00 01 86 a0
INFO - a4 9e 4c 08 b2 f6 df e9
INFO - a4 9e 8c 10 47 a8 9a d6
INFO - a4 9e cc 18 00 01 86 a0
INFO - a4 a0 0c 08 b2 f6 e0 a5
INFO - a4 a0 4c 10 47 a8 9b 12
INFO - a4 a0 8c 18 00 01 86 a0
INFO - a4 a2 cc 08 b2 f6 e1 67
INFO - a4 a2 0c 10 47 a8 9b 55
INFO - a4 a2 4c 18 00 01 86 a0
INFO - a4 a4 8c 08 b2 f6 e2 2a
INFO - a4 a4 cc 10 47 a8 9b 99
INFO - a4 a4 0c 18 00 01 86 a0
INFO - a4 a6 4c 08 b2 f6 e2 ec
INFO - a4 a6 8c 10 47 a8 9b dc
INFO - a4 a6 cc 18 00 01 86 a0
INFO - a4 a8 0c 08 b2 f6 e3 af
INFO - a4 a8 4c 10 47 a8 9c 1f
INFO - a4 a8 8c 18 00 01 86 a0
INFO - a4 aa cc 08 b2 f6 e4 71
INFO - a4 aa 0c 10 47 a8 9c 5b
INFO - a4 aa 4c 18 00 01 86 a0
INFO - a4 ac 8c 08 b2 f6 e5 34
INFO - a4 ac cc 10 47 a8 9c 9e
INFO - a4 ac 0c 18 00 01 86 a0
INFO - a4 ae 4c 08 b2 f6 e5 f6
INFO - a4 ae 8c 10 47 a8 9c e1
INFO - a4 ae cc 18 00 01 86 a0
INFO - a4 b0 0c 08 b2 f6 e6 b9
INFO - a4 b0 4c 10 47 a8 9d 1d
INFO - a4 b0 8c 18 00 01 86 a0
INFO - a4 b2 cc 08 b2 f6 e7 7b
INFO - a4 b2 0c 10 47 a8 9d 61
INFO - a4 b2 4c 18 00 01 86 a0
INFO - a4 b4 8c 08 b2 f6 e8 37
INFO - a4 b4 cc 10 47 a8 9d a4
INFO - a4 b4 0c 18 00 01 86 a0
INFO - a4 b6 4c 08 b2 f6 e8 f9
INFO - a4 b6 8c 10 47 a8 9d e7
INFO - a4 b6 cc 18 00 01 86 a0
INFO - a4 b8 0c 08 b2 f6 e9 bc
INFO - a4 b8 4c 10 47 a8 9e 23
INFO - a4 b8 8c 18 00 01 86 a0
INFO - a4 ba cc 08 b2 f6 ea 7e
INFO - a4 ba 0c 10 47 a8 9e 66
INFO - a4 ba 4c 18 00 01 86 a0
INFO - a4 bc 8c 08 b2 f6 eb 41
INFO - a4 bc cc 10 47 a8 9e a9
INFO - a4 bc 0c 18 00 01 86 a0
INFO - a4 be 4c 08 b2 f6 ec 03
INFO - a4 be 8c 10 47 a8 9e ec
INFO - a4 be cc 18 00 01 86 a0
INFO - a4 c0 0c 08 b2 f6 ec c6
INFO - a4 c0 4c 10 47 a8 9f 2f
INFO - a4 c0 8c 18 00 01 86 a0
INFO - a4 c2 cc 08 b2 f6 ed 88
INFO - a4 c2 0c 10 47 a8 9f 6c
INFO - a4 c2 4c 18 00 01 86 a0
INFO - a4 c4 8c 08 b2 f6 ee 4a
INFO - a4 c4 cc 10 47 a8 9f af
INFO - a4 c4 0c 18 00 01 86 a0
INFO - a4 c6 4c 08 b2 f6 ef 0d
INFO - a4 c6 8c 10 47 a8 9f f2
INFO - a4 c6 cc 18 00 01 86 a0
INFO - a4 c8 0c 08 b2 f6 ef c9
INFO - a4 c8 4c 10 47 a8 a0 35
INFO - a4 c8 8c 18 00 01 86 a0
INFO - a4 ca cc 08 b2 f6 f0 8b
INFO - a4 ca 0c 10 47 a8 a0 71
INFO - a4 ca 4c 18 00 01 86 a0
INFO - a4 cc 8c 08 b2 f6 f1 4e
INFO - a4 cc cc 10 47 a8 a0 b4
INFO - a4 cc 0c 18 00 01 86 a0
INFO - a4 ce 4c 08 b2 f6 f2 10
INFO - a4 ce 8c 10 47 a8 a0 f7
INFO - a4 ce cc 18 00 01 86 a0
INFO - a4 d0 0c 08 b2 f6 f2 d3
INFO - a4 d0 4c 10 47 a8 a1 3a
INFO - a4 d0 8c 18 00 01 86 a0
INFO - a4 d2 cc 08 b2 f6 f3 95
INFO - a4 d2 0c 10 47 a8 a1 77
INFO - a4 d2 4c 18 00 01 86 a0
INFO - a4 d4 8c 08 b2 f6 f4 57
INFO - a4 d4 cc 10 47 a8 a1 ba
INFO - a4 d4 0c 18 00 01 86 a0
INFO - a4 d6 4c 08 b2 f6 f5 13
INFO - a4 d6 8c 10 47 a8 a1 fd
INFO - a4 d6 cc 18 00 01 86 a0
INFO - a4 d8 0c 08 b2 f6 f5 d6
INFO - a4 d8 4c 10 47 a8 a2 40
INFO - a4 d8 8c 18 00 01 86 a0
INFO - a4 da cc 08 b2 f6 f6 98
INFO - a4 da 0c 10 47 a8 a2 7c
INFO - a4 da 4c 18 00 01 86 a0
INFO - a4 dc 8c 08 b2 f6 f7 5b
INFO - a4 dc cc 10 47 a8 a2 bf
INFO - a4 dc 0c 18 00 01 86 a0
INFO - a4 de 4c 08 b2 f6 f8 1d
INFO - a4 de 8c 10 47 a8 a3 02
INFO - a4 de cc 18 00 01 86 a0
INFO - a4 e0 0c 08 b2 f6 f8 b7
INFO - a4 e0 4c 10 47 a8 a3 38
INFO - a4 e0 8c 18 00 01 86 a0
INFO - a4 e0 cc 08 b2 f6 f8 b7
INFO - a4 e0 0c 10 47 a8 a3 38
INFO - a4 e0 4c 18 00 01 86 a0
INFO - a5 16 8c 08 b2 f7 0e 67
INFO - a5 16 cc 10 47 a8 a6 48
INFO - a5 16 0c 18 00 01 86 a0
INFO - a5 16 4c 08 b2 f7 0e 67
INFO - a5 16 8c 10 47 a8 a6 48
INFO - a5 16 cc 18 00 01 86 a0
INFO - a5 18 0c 08 b2 f7 0f 31
INFO - a5 18 4c 10 47 a8 a6 7e
INFO - a5 18 8c 18 00 01 86 a0
INFO - a5 1a cc 08 b2 f7 0f f3
INFO - a5 1a 0c 10 47 a8 a6 ba
INFO - a5 1a 4c 18 00 01 86 a0
INFO - a5 1c 8c 08 b2 f7 10 bc
INFO - a5 1c cc 10 47 a8 a6 f0
INFO - a5 1c 0c 18 00 01 86 a0
INFO - a5 1d 4c 08 b2 f7 11 21
INFO - a5 1d 8c 10 47 a8 a7 0f
INFO - a5 1d cc 18 00 01 86 a0
