INFO - 40 00 49 00 f9 41 00 24
INFO - 40 4d 89 00 f9 41 00 24
INFO - 40 e8 c9 00 f9 51 00 20
INFO - 40 fa 09 00 f9 51 00 20
INFO - 41 0a 49 00 f9 41 00 23
INFO - 41 8c 89 00 f9 41 00 23
INFO - 42 22 c9 00 f9 51 00 20
INFO - 42 79 09 00 f9 41 00 24
INFO - 43 2e 49 00 f9 51 00 20
INFO - 43 3e 89 00 f9 51 00 20
INFO - 43 4d c9 00 f9 41 00 23
INFO - 43 c5 09 00 f9 41 00 23
INFO - 44 35 49 00 f9 41 00 23
INFO - 46 1f 89 00 f9 41 00 23
INFO - 46 80 c9 00 f9 41 00 23
INFO - 46 e4 09 00 f9 51 00 20
INFO - 46 f4 49 00 f9 51 00 20
INFO - 47 07 89 00 f9 41 00 24
INFO - 47 69 c9 00 f9 51 00 20
INFO - 47 b4 09 00 f9 41 00 23
INFO - 48 1d 49 00 f9 41 00 23
INFO - 4a 11 89 00 f9 41 00 23
INFO - 4c 06 c9 00 f9 41 00 23
INFO - 4d fb 09 00 f9 41 00 23
INFO - 4e f5 49 00 f9 51 00 20
INFO - 4f 38 89 00 f9 59 00 00
INFO - 4f 69 c9 00 f9 49 00 02
