INFO - a0 55 09 40 57 00 00 02
INFO - a0 55 49 40 57 00 00 02
INFO - a0 55 89 40 57 00 00 02
INFO - a0 55 c9 40 57 00 00 02
INFO - a8 51 09 40 57 00 00 02
INFO - a8 51 49 40 57 00 00 02
INFO - a8 51 89 40 57 00 00 02
INFO - a8 51 c9 40 57 00 00 02
INFO - ab 06 89 40 57 00 00 02
INFO - ab 06 c9 40 57 00 00 02
INFO - ab 06 09 40 57 00 00 02
INFO - ab 06 49 40 57 00 00 02
INFO - af da c9 40 57 00 00 02
INFO - af da 09 40 57 00 00 02
INFO - af da 49 40 57 00 00 02
INFO - af da 89 40 57 00 00 02
INFO - af da c9 40 57 00 00 02
INFO - b3 a5 09 40 57 00 00 02
INFO - b3 a5 49 40 57 00 00 02
INFO - b3 a5 89 40 57 00 00 02
INFO - b3 a5 c9 40 57 00 00 02
INFO - b3 a5 09 40 57 00 00 02
INFO - b4 9f 09 40 57 00 00 02
INFO - b4 9f 49 40 57 00 00 02
INFO - b4 9f 89 40 57 00 00 02
INFO - b4 9f c9 40 57 00 00 02
INFO - b5 6b 89 40 57 00 00 02
INFO - b5 6b c9 40 57 00 00 02
INFO - b5 6b 09 40 57 00 00 02
INFO - b5 6b 49 40 57 00 00 02
INFO - ba fc 89 40 57 00 00 02
INFO - ba fc c9 40 57 00 00 02
INFO - ba fc 09 40 57 00 00 02
INFO - ba fc 49 40 57 00 00 02
INFO - a1 bd 49 40 57 00 00 02
INFO - a1 bd 89 40 57 00 00 02
INFO - a1 bd c9 40 57 00 00 02
INFO - a1 bd 09 40 57 00 00 02
