INFO - 40 00 48 00 f9 41 00 23
INFO - 40 43 88 00 f9 41 00 23
INFO - 41 4a c8 00 f9 41 00 23
INFO - 43 3e 08 00 f9 41 00 23
INFO - 44 d4 48 00 f9 41 00 23
INFO - 45 31 88 00 f9 41 00 23
INFO - 45 be c8 00 f9 51 00 20
INFO - 46 02 08 00 f9 51 00 20
INFO - 46 37 48 00 f9 41 00 23
INFO - 46 b5 88 00 f9 41 00 23
INFO - 47 25 c8 00 f9 41 00 23
INFO - 49 1a 08 00 f9 41 00 23
INFO - 49 6f 48 00 f9 41 00 23
INFO - 49 db 88 00 f9 51 00 20
INFO - 49 ee c8 00 f9 51 00 20
INFO - 4a 02 08 00 f9 41 00 24
INFO - 4a b1 48 00 f9 51 00 20
INFO - 4b 11 88 00 f9 41 00 23
INFO - 4b 2a c8 00 f9 41 00 23
INFO - 4b a4 08 00 f9 41 00 23
INFO - 4c 6c 48 00 f9 41 00 23
INFO - 4c 8b 88 00 f9 51 00 20
INFO - 4c ab c8 00 f9 51 00 20
INFO - 4c d2 08 00 f9 41 00 24
INFO - 4e 8f 48 00 f9 41 00 24
INFO - 50 88 88 00 f9 41 00 24
INFO - 51 3c c8 00 f9 51 00 20
INFO - 51 49 08 00 f9 51 00 20
INFO - 51 5b 48 00 f9 41 00 23
INFO - 52 76 88 00 f9 41 00 23
INFO - 54 70 c8 00 f9 41 00 23
INFO - 54 ae 08 00 f9 51 00 20
INFO - 54 c4 48 00 f9 51 00 20
INFO - 54 cf 88 00 f9 41 00 24
INFO - 55 86 c8 00 f9 51 00 20
INFO - 55 d1 08 00 f9 41 00 23
INFO - 56 5e 48 00 f9 41 00 23
INFO - 58 57 88 00 f9 41 00 23
