INFO - 40 00 48 00 f9 41 00 23
INFO - 40 40 88 00 f9 51 00 20
INFO - 40 4c c8 00 f9 51 00 20
INFO - 40 56 08 00 f9 41 00 24
INFO - 40 96 48 00 f9 41 00 24
INFO - 40 fb 88 00 f9 51 00 20
INFO - 41 32 c8 00 f9 41 00 23
INFO - 42 6c 08 00 f9 41 00 23
INFO - 44 79 48 00 f9 41 00 23
INFO - 46 6d 88 00 f9 41 00 23
INFO - 48 61 c8 00 f9 41 00 23
INFO - 4a 03 08 00 f9 41 00 23
INFO - 4a 7d 48 00 f9 41 00 23
INFO - 4b 8c 88 00 f9 41 00 23
INFO - 4c 7e c8 00 f9 51 00 20
INFO - 4c ce 08 00 f9 41 00 24
INFO - 4d 52 48 00 f9 51 00 20
INFO - 4d 63 88 00 f9 51 00 20
INFO - 4d 71 c8 00 f9 41 00 23
INFO - 4d 87 08 00 f9 41 00 23
INFO - 4e 22 48 00 f9 41 00 23
INFO - 4f d2 88 00 f9 41 00 23
INFO - 50 03 c8 00 f9 51 00 20
INFO - 50 22 08 00 f9 51 00 20
INFO - 50 3b 48 00 f9 41 00 24
INFO - 50 6b 88 00 f9 41 00 24
INFO - 52 0a c8 00 f9 41 00 24
INFO - 54 04 08 00 f9 41 00 24
