INFO - 20 00 48 3c 00 0a 40 00
INFO - 20 0c 88 3c 00 0b c0 00
INFO - 20 15 c8 3c 00 0a 8b 00
INFO - 20 1b 08 3c 00 0b 4e 00
INFO - 20 1b 48 3c 00 0b 4e 00
INFO - 20 1b 88 3c 00 0b 4e 00
INFO - 20 20 c8 3c 00 0a 85 00
INFO - 20 20 08 3c 00 0a 85 00
INFO - 20 27 48 3c 00 0a c7 00
INFO - 20 28 88 3c 00 0a 73 00
INFO - 20 2a c8 3c 00 0a cc 00
INFO - 20 2e 08 3c 00 0a eb 00
INFO - 20 2e 48 3c 00 0a eb 00
INFO - 20 32 88 3c 00 0a 9c 00
INFO - 20 34 c8 3c 00 0a b9 00
INFO - 20 34 08 3c 00 0a b9 00
INFO - 20 38 48 3c 00 0a a6 00
INFO - 20 39 88 3c 00 0a 73 00
INFO - 20 39 c8 3c 00 0a 73 00
INFO - 20 39 08 3c 00 0a 73 00
INFO - 20 3e 48 3c 00 0a 91 00
INFO - 20 3f 88 3c 00 0a 65 00
INFO - 20 4e c8 3c 00 0a ab 00
INFO - 20 53 08 3c 00 0b 39 00
INFO - 20 56 48 3c 00 0a e9 00
INFO - 20 58 88 3c 00 0a a7 00
INFO - 20 5a c8 3c 00 0a a7 00
INFO - 20 5f 08 3c 00 0b 31 00
INFO - 20 61 48 3c 00 0a 97 00
INFO - 20 63 88 3c 00 0a ad 00
INFO - 20 65 c8 3c 00 0a a4 00
INFO - 20 67 08 3c 00 0a 83 00
INFO - 20 69 48 3c 00 0a ba 00
INFO - 20 6c 88 3c 00 0a ca 00
INFO - 20 6d c8 3c 00 0a 76 00
INFO - 20 6f 08 3c 00 0a a8 00
INFO - 20 71 48 3c 00 0a aa 00
INFO - 20 74 88 3c 00 0a b1 00
INFO - 20 76 c8 3c 00 0a c2 00
INFO - 20 79 08 3c 00 0a dd 00
INFO - 20 7b 48 3c 00 0a 97 00
INFO - 20 7d 88 3c 00 0a a8 00
INFO - 20 80 c8 3c 00 0a be 00
INFO - 20 81 08 3c 00 0a 7a 00
INFO - 20 84 48 3c 00 0a da 00
INFO - 20 88 88 3c 00 0a fd 00
INFO - 20 8a c8 3c 00 0a ab 00
INFO - 20 8b 08 3c 00 0a 8a 00
INFO - 20 8e 48 3c 00 0a b5 00
INFO - 20 90 88 3c 00 0a ab 00
INFO - 20 92 c8 3c 00 0a a0 00
INFO - 20 93 08 3c 00 0a 96 00
INFO - 20 95 48 3c 00 0a 95 00
INFO - 20 97 88 3c 00 0a 95 00
INFO - 20 99 c8 3c 00 0a a0 00
INFO - 20 9b 08 3c 00 0a a1 00
INFO - 20 9c 48 3c 00 0a 96 00
INFO - 20 9e 88 3c 00 0a a1 00
INFO - 20 a0 c8 3c 00 0a 8b 00
INFO - 20 a2 08 3c 00 0a ab 00
INFO - 20 a4 48 3c 00 0a 96 00
INFO - 20 a6 88 3c 00 0a 96 00
INFO - 20 a7 c8 3c 00 0a a1 00
INFO - 20 ab 08 3c 00 0a e2 00
INFO - 20 ad 48 3c 00 0a c2 00
INFO - 20 b0 88 3c 00 0a cc 00
INFO - 20 b2 c8 3c 00 0a 96 00
INFO - 20 b4 08 3c 00 0a b6 00
INFO - 20 b7 48 3c 00 0a b7 00
INFO - 20 b9 88 3c 00 0a ac 00
INFO - 20 bb c8 3c 00 0a 97 00
INFO - 20 bc 08 3c 00 0a 97 00
INFO - 20 be 48 3c 00 0a a0 00
INFO - 20 c0 88 3c 00 0a 99 00
INFO - 20 c2 c8 3c 00 0a a2 00
INFO - 20 c4 08 3c 00 0a 93 00
INFO - 20 c6 48 3c 00 0a b1 00
INFO - 20 c8 88 3c 00 0a 9d 00
INFO - 20 ca c8 3c 00 0a a6 00
INFO - 20 cb 08 3c 00 0a 8b 00
INFO - 20 cd 48 3c 00 0a 9f 00
INFO - 20 cf 88 3c 00 0a 9a 00
INFO - 20 d1 c8 3c 00 0a ad 00
INFO - 20 d4 08 3c 00 0a c0 00
INFO - 20 d6 48 3c 00 0a af 00
INFO - 20 d8 88 3c 00 0a a3 00
INFO - 20 dc c8 3c 00 0b 0e 00
INFO - 20 df 08 3c 00 0a b8 00
INFO - 20 e2 48 3c 00 0a d8 00
INFO - 20 e5 88 3c 00 0a e3 00
INFO - 20 e7 c8 3c 00 0a b7 00
INFO - 20 e9 08 3c 00 0a 9f 00
INFO - 20 ec 48 3c 00 0a b9 00
INFO - 20 ed 88 3c 00 0a 94 00
INFO - 20 ef c8 3c 00 0a a4 00
INFO - 20 f2 08 3c 00 0a cc 00
INFO - 20 f4 48 3c 00 0a a9 00
INFO - 20 f6 88 3c 00 0a ab 00
INFO - 20 f8 c8 3c 00 0a 9e 00
INFO - 20 fa 08 3c 00 0a a0 00
INFO - 20 fc 48 3c 00 0a 96 00
INFO - 20 fe 88 3c 00 0a 9d 00
INFO - 21 00 c8 3c 00 0a a3 00
INFO - 21 02 08 3c 00 0a ab 00
INFO - 21 04 48 3c 00 0a b6 00
INFO - 21 07 88 3c 00 0a b2 00
INFO - 21 08 c8 3c 00 0a 98 00
INFO - 21 0b 08 3c 00 0a ca 00
INFO - 21 0e 48 3c 00 0a c9 00
INFO - 21 0f 88 3c 00 0a 8d 00
INFO - 21 12 c8 3c 00 0a cb 00
INFO - 21 14 08 3c 00 0a 93 00
INFO - 21 16 48 3c 00 0a ad 00
INFO - 21 19 88 3c 00 0a be 00
INFO - 21 1c c8 3c 00 0a d9 00
INFO - 21 1e 08 3c 00 0a a1 00
INFO - 21 20 48 3c 00 0a be 00
INFO - 21 23 88 3c 00 0a d5 00
INFO - 21 25 c8 3c 00 0a a2 00
INFO - 21 27 08 3c 00 0a 96 00
INFO - 21 29 48 3c 00 0a a8 00
INFO - 21 2b 88 3c 00 0a a3 00
INFO - 21 2d c8 3c 00 0a aa 00
INFO - 21 2f 08 3c 00 0a 9d 00
INFO - 21 31 48 3c 00 0a ac 00
INFO - 21 33 88 3c 00 0a a7 00
INFO - 21 35 c8 3c 00 0a 97 00
INFO - 21 37 08 3c 00 0a a7 00
INFO - 21 39 48 3c 00 0a 97 00
INFO - 21 3a 88 3c 00 0a 8a 00
INFO - 21 3d c8 3c 00 0a d1 00
INFO - 21 3f 08 3c 00 0a a1 00
INFO - 21 41 48 3c 00 0a b3 00
INFO - 21 43 88 3c 00 0a 87 00
INFO - 21 45 c8 3c 00 0a ac 00
INFO - 21 47 08 3c 00 0a 94 00
INFO - 21 4b 48 3c 00 0b 12 00
INFO - 21 4d 88 3c 00 0a 9d 00
INFO - 21 4f c8 3c 00 0a b5 00
INFO - 21 51 08 3c 00 0a 8a 00
INFO - 21 53 48 3c 00 0a a6 00
INFO - 21 55 88 3c 00 0a a0 00
INFO - 21 56 c8 3c 00 0a 95 00
INFO - 21 58 08 3c 00 0a a7 00
INFO - 21 5a 48 3c 00 0a a1 00
INFO - 21 5c 88 3c 00 0a 9d 00
INFO - 21 5e c8 3c 00 0a 9d 00
INFO - 21 60 08 3c 00 0a a2 00
INFO - 21 62 48 3c 00 0a a9 00
INFO - 21 64 88 3c 00 0a 9d 00
INFO - 21 66 c8 3c 00 0a 8c 00
INFO - 21 67 08 3c 00 0a 9f 00
INFO - 21 69 48 3c 00 0a 64 00
INFO - 21 6a 88 3c 00 0a 8c 00
INFO - 21 6d c8 3c 00 0a b5 00
INFO - 21 6f 08 3c 00 0a 9d 00
INFO - 21 72 48 3c 00 0a d6 00
INFO - 21 74 88 3c 00 0a 9d 00
INFO - 21 76 c8 3c 00 0a ac 00
INFO - 21 78 08 3c 00 0a be 00
INFO - 21 7e 48 3c 00 0b 5e 00
INFO - 21 80 88 3c 00 0a a8 00
INFO - 21 82 c8 3c 00 0a ac 00
INFO - 21 84 08 3c 00 0a a0 00
INFO - 21 86 48 3c 00 0a 9d 00
INFO - 21 88 88 3c 00 0a ac 00
INFO - 21 8b c8 3c 00 0a b5 00
INFO - 21 8d 08 3c 00 0a b5 00
INFO - 21 8f 48 3c 00 0a 9e 00
INFO - 21 91 88 3c 00 0a a1 00
INFO - 21 93 c8 3c 00 0a ab 00
INFO - 21 95 08 3c 00 0a 93 00
INFO - 21 97 48 3c 00 0a ad 00
INFO - 21 99 88 3c 00 0a ab 00
INFO - 21 9c c8 3c 00 0a ca 00
INFO - 21 9e 08 3c 00 0a ad 00
INFO - 21 a0 48 3c 00 0a 95 00
INFO - 21 a1 88 3c 00 0a 98 00
INFO - 21 a4 c8 3c 00 0a ad 00
INFO - 21 a5 08 3c 00 0a a0 00
INFO - 21 a9 48 3c 00 0a e5 00
INFO - 21 ab 88 3c 00 0a a1 00
INFO - 21 ae c8 3c 00 0a da 00
INFO - 21 b1 08 3c 00 0a e5 00
INFO - 21 b3 48 3c 00 0a 97 00
INFO - 21 b6 88 3c 00 0a e4 00
INFO - 21 ba c8 3c 00 0a fe 00
INFO - 21 bc 08 3c 00 0a a2 00
INFO - 21 bf 48 3c 00 0a c4 00
INFO - 21 c0 88 3c 00 0a 8d 00
INFO - 21 c4 c8 3c 00 0a c4 00
INFO - 21 c7 08 3c 00 0a c7 00
INFO - 21 c9 48 3c 00 0a a6 00
INFO - 21 cb 88 3c 00 0a b9 00
INFO - 21 cc c8 3c 00 0a 7b 00
INFO - 21 ce 08 3c 00 0a 9b 00
INFO - 21 d1 48 3c 00 0a 78 00
INFO - 21 d3 88 3c 00 0a a7 00
INFO - 21 d4 c8 3c 00 0a 99 00
INFO - 21 d7 08 3c 00 0a b4 00
INFO - 21 d9 48 3c 00 0a 9c 00
INFO - 21 da 88 3c 00 0a 9a 00
INFO - 21 dc c8 3c 00 0a 91 00
INFO - 21 df 08 3c 00 0a d6 00
INFO - 21 e2 48 3c 00 0a cd 00
INFO - 21 e4 88 3c 00 0a bf 00
INFO - 21 e7 c8 3c 00 0a c2 00
INFO - 21 e9 08 3c 00 0a 9b 00
INFO - 21 ea 48 3c 00 0a 94 00
INFO - 21 ed 88 3c 00 0a cd 00
INFO - 21 ef c8 3c 00 0a 9d 00
INFO - 21 f2 08 3c 00 0a c3 00
INFO - 21 f4 48 3c 00 0a b7 00
INFO - 21 f7 88 3c 00 0a ce 00
INFO - 21 f9 c8 3c 00 0a ab 00
INFO - 21 fc 08 3c 00 0a dc 00
INFO - 21 ff 48 3c 00 0a ad 00
INFO - 22 02 88 3c 00 0a e8 00
INFO - 22 05 c8 3c 00 0a c5 00
INFO - 22 06 08 3c 00 0a 95 00
INFO - 22 09 48 3c 00 0a ae 00
INFO - 22 0b 88 3c 00 0a ae 00
INFO - 22 0f c8 3c 00 0b 03 00
INFO - 22 11 08 3c 00 0a b1 00
INFO - 22 14 48 3c 00 0a d5 00
INFO - 22 17 88 3c 00 0a c8 00
INFO - 22 1a c8 3c 00 0a e2 00
INFO - 22 1e 08 3c 00 0a ee 00
INFO - 22 20 48 3c 00 0a a3 00
INFO - 22 23 88 3c 00 0a d4 00
INFO - 22 25 c8 3c 00 0a b3 00
INFO - 22 27 08 3c 00 0a af 00
INFO - 22 29 48 3c 00 0a a7 00
INFO - 22 2b 88 3c 00 0a af 00
INFO - 22 2e c8 3c 00 0a b3 00
INFO - 22 32 08 3c 00 0b 07 00
INFO - 22 34 48 3c 00 0a a6 00
INFO - 22 36 88 3c 00 0a a3 00
INFO - 22 38 c8 3c 00 0a c0 00
INFO - 22 3b 08 3c 00 0a c9 00
INFO - 22 3f 48 3c 00 0a cf 00
INFO - 22 42 88 3c 00 0a ca 00
INFO - 22 44 c8 3c 00 0a 8e 00
INFO - 22 46 08 3c 00 0a a4 00
INFO - 22 49 48 3c 00 0a ce 00
INFO - 22 4b 88 3c 00 0a be 00
INFO - 22 4e c8 3c 00 0a b5 00
INFO - 22 50 08 3c 00 0a 86 00
INFO - 22 53 48 3c 00 0a c2 00
INFO - 22 55 88 3c 00 0a b2 00
INFO - 22 58 c8 3c 00 0a cf 00
INFO - 22 5b 08 3c 00 0a c1 00
INFO - 22 5d 48 3c 00 0a c1 00
INFO - 22 60 88 3c 00 0a db 00
INFO - 22 62 c8 3c 00 0a a5 00
INFO - 22 66 08 3c 00 0a e8 00
INFO - 22 69 48 3c 00 0a dc 00
INFO - 22 6b 88 3c 00 0a 9a 00
INFO - 22 6e c8 3c 00 0a ce 00
INFO - 22 71 08 3c 00 0a db 00
INFO - 22 74 48 3c 00 0a e7 00
INFO - 22 76 88 3c 00 0a 8c 00
INFO - 22 79 c8 3c 00 0a cf 00
INFO - 22 7b 08 3c 00 0a b2 00
INFO - 22 7d 48 3c 00 0a c2 00
INFO - 22 80 88 3c 00 0a a7 00
INFO - 22 83 c8 3c 00 0a e5 00
INFO - 22 85 08 3c 00 0a a7 00
INFO - 22 87 48 3c 00 0a 9a 00
INFO - 22 89 88 3c 00 0a b5 00
INFO - 22 8b c8 3c 00 0a 98 00
INFO - 22 8d 08 3c 00 0a c2 00
INFO - 22 8f 48 3c 00 0a a5 00
INFO - 22 93 88 3c 00 0a db 00
INFO - 22 94 c8 3c 00 0a 8d 00
INFO - 22 97 08 3c 00 0a ce 00
INFO - 22 99 48 3c 00 0a b3 00
INFO - 22 9b 88 3c 00 0a 8c 00
INFO - 22 9e c8 3c 00 0a dc 00
INFO - 22 a1 08 3c 00 0a cd 00
INFO - 22 a3 48 3c 00 0a b5 00
INFO - 22 a6 88 3c 00 0a cd 00
INFO - 22 a9 c8 3c 00 0a dd 00
INFO - 22 ad 08 3c 00 0b 02 00
INFO - 22 b0 48 3c 00 0a ce 00
INFO - 22 b5 88 3c 00 0b 43 00
INFO - 22 b7 c8 3c 00 0a 8e 00
INFO - 22 ba 08 3c 00 0a dc 00
INFO - 22 bc 48 3c 00 0a b3 00
INFO - 22 be 88 3c 00 0a 90 00
INFO - 22 c3 c8 3c 00 0b 5e 00
INFO - 22 c7 08 3c 00 0a db 00
INFO - 22 c9 48 3c 00 0a c4 00
INFO - 22 cc 88 3c 00 0a c0 00
INFO - 22 ce c8 3c 00 0a 9d 00
INFO - 22 cf 08 3c 00 0a 8c 00
INFO - 22 d2 48 3c 00 0a d1 00
INFO - 22 d5 88 3c 00 0a c2 00
INFO - 22 d8 c8 3c 00 0a e9 00
INFO - 22 da 08 3c 00 0a a6 00
INFO - 22 dd 48 3c 00 0a d1 00
INFO - 22 e0 88 3c 00 0a cd 00
INFO - 22 e2 c8 3c 00 0a a9 00
INFO - 22 e4 08 3c 00 0a b5 00
INFO - 22 e8 48 3c 00 0a dc 00
INFO - 22 ea 88 3c 00 0a a5 00
INFO - 22 ed c8 3c 00 0a f7 00
INFO - 22 f0 08 3c 00 0a b3 00
INFO - 22 f2 48 3c 00 0a b6 00
INFO - 22 f6 88 3c 00 0b 01 00
INFO - 22 f7 c8 3c 00 0a 8e 00
INFO - 22 fa 08 3c 00 0a cb 00
INFO - 22 fd 48 3c 00 0a db 00
INFO - 23 01 88 3c 00 0a e9 00
INFO - 23 03 c8 3c 00 0a a6 00
INFO - 23 05 08 3c 00 0a a7 00
INFO - 23 07 48 3c 00 0a b4 00
INFO - 23 0a 88 3c 00 0a cb 00
INFO - 23 0c c8 3c 00 0a a9 00
INFO - 23 0f 08 3c 00 0a cd 00
INFO - 23 11 48 3c 00 0a a6 00
INFO - 23 13 88 3c 00 0a 9a 00
INFO - 23 16 c8 3c 00 0a 94 00
INFO - 23 19 08 3c 00 0a e7 00
INFO - 23 1c 48 3c 00 0a c1 00
INFO - 23 20 88 3c 00 0b 1b 00
INFO - 23 23 c8 3c 00 0a b3 00
INFO - 23 25 08 3c 00 0a b4 00
INFO - 23 27 48 3c 00 0a b2 00
INFO - 23 2a 88 3c 00 0a d0 00
INFO - 23 2c c8 3c 00 0a 9a 00
INFO - 23 30 08 3c 00 0a e8 00
INFO - 23 32 48 3c 00 0a bf 00
INFO - 23 35 88 3c 00 0a db 00
INFO - 23 38 c8 3c 00 0a b7 00
INFO - 23 3a 08 3c 00 0a b4 00
INFO - 23 3d 48 3c 00 0a cd 00
INFO - 23 40 88 3c 00 0a de 00
INFO - 23 43 c8 3c 00 0a bf 00
INFO - 23 45 08 3c 00 0a cf 00
INFO - 23 49 48 3c 00 0a d9 00
INFO - 23 4a 88 3c 00 0a 96 00
INFO - 23 4d c8 3c 00 0a d0 00
INFO - 23 50 08 3c 00 0a da 00
INFO - 23 53 48 3c 00 0a b8 00
INFO - 23 57 88 3c 00 0a f5 00
INFO - 23 59 c8 3c 00 0a c5 00
INFO - 23 5b 08 3c 00 0a 9a 00
INFO - 23 5e 48 3c 00 0a c5 00
INFO - 23 62 88 3c 00 0b 2c 00
INFO - 23 65 c8 3c 00 0a b4 00
INFO - 23 68 08 3c 00 0a d3 00
INFO - 23 6a 48 3c 00 0a c0 00
INFO - 23 6c 88 3c 00 0a 91 00
INFO - 23 6f c8 3c 00 0a db 00
INFO - 23 71 08 3c 00 0a b7 00
INFO - 23 75 48 3c 00 0a ea 00
INFO - 23 77 88 3c 00 0a b6 00
INFO - 23 7a c8 3c 00 0a cd 00
INFO - 23 7d 08 3c 00 0a c5 00
INFO - 23 80 48 3c 00 0a cf 00
INFO - 23 84 88 3c 00 0b 04 00
INFO - 23 86 c8 3c 00 0a a6 00
INFO - 23 89 08 3c 00 0a df 00
INFO - 23 8c 48 3c 00 0a dd 00
INFO - 23 8e 88 3c 00 0a a8 00
INFO - 23 90 c8 3c 00 0a b4 00
INFO - 23 93 08 3c 00 0a aa 00
INFO - 23 95 48 3c 00 0a cd 00
INFO - 23 98 88 3c 00 0a c5 00
INFO - 23 9b c8 3c 00 0a c2 00
INFO - 23 9d 08 3c 00 0a a8 00
INFO - 23 9f 48 3c 00 0a 99 00
INFO - 23 a1 88 3c 00 0a c3 00
INFO - 23 a4 c8 3c 00 0a b8 00
INFO - 23 a6 08 3c 00 0a b7 00
INFO - 23 a9 48 3c 00 0a e8 00
INFO - 23 ab 88 3c 00 0a 9e 00
INFO - 23 ae c8 3c 00 0a c3 00
INFO - 23 b0 08 3c 00 0a b4 00
INFO - 23 b4 48 3c 00 0a ed 00
INFO - 23 b7 88 3c 00 0a d1 00
INFO - 23 ba c8 3c 00 0a 8f 00
INFO - 23 bc 08 3c 00 0a b7 00
INFO - 23 bf 48 3c 00 0a b4 00
INFO - 23 c2 88 3c 00 0a e0 00
INFO - 23 c4 c8 3c 00 0a a7 00
INFO - 23 c8 08 3c 00 0a fa 00
INFO - 23 ca 48 3c 00 0a a7 00
INFO - 23 cd 88 3c 00 0a d3 00
INFO - 23 cf c8 3c 00 0a c0 00
INFO - 23 d2 08 3c 00 0a b8 00
INFO - 23 d4 48 3c 00 0a c3 00
INFO - 23 d7 88 3c 00 0a cf 00
INFO - 23 d9 c8 3c 00 0a a9 00
INFO - 23 dc 08 3c 00 0a c0 00
INFO - 23 de 48 3c 00 0a ab 00
INFO - 23 e0 88 3c 00 0a a8 00
INFO - 23 e3 c8 3c 00 0a db 00
INFO - 23 e6 08 3c 00 0a cf 00
INFO - 23 e8 48 3c 00 0a 8b 00
INFO - 23 eb 88 3c 00 0a dd 00
INFO - 23 ee c8 3c 00 0a d9 00
INFO - 23 f0 08 3c 00 0a c2 00
INFO - 23 f3 48 3c 00 0a b4 00
INFO - 23 f6 88 3c 00 0a cd 00
INFO - 23 f7 c8 3c 00 0a 8b 00
INFO - 23 fa 08 3c 00 0a db 00
INFO - 23 fd 48 3c 00 0a e4 00
INFO - 24 00 88 3c 00 0a a9 00
INFO - 24 04 c8 3c 00 0b 30 00
INFO - 24 07 08 3c 00 0a b3 00
INFO - 24 09 48 3c 00 0a a9 00
INFO - 24 0c 88 3c 00 0a e4 00
INFO - 24 0e c8 3c 00 0a a9 00
INFO - 24 11 08 3c 00 0a b3 00
INFO - 24 14 48 3c 00 0a da 00
INFO - 24 16 88 3c 00 0a ce 00
INFO - 24 18 c8 3c 00 0a 8a 00
INFO - 24 1b 08 3c 00 0a d1 00
INFO - 24 20 48 3c 00 0b 28 00
INFO - 24 21 88 3c 00 0a 8d 00
INFO - 24 24 c8 3c 00 0a db 00
INFO - 24 27 08 3c 00 0a b5 00
INFO - 24 28 48 3c 00 0a 97 00
INFO - 24 2b 88 3c 00 0a df 00
INFO - 24 2e c8 3c 00 0a bf 00
INFO - 24 31 08 3c 00 0a c5 00
INFO - 24 34 48 3c 00 0a f6 00
INFO - 24 36 88 3c 00 0a a9 00
INFO - 24 39 c8 3c 00 0a be 00
INFO - 24 3b 08 3c 00 0a ac 00
INFO - 24 3e 48 3c 00 0a cf 00
INFO - 24 41 88 3c 00 0a ac 00
INFO - 24 44 c8 3c 00 0a ea 00
INFO - 24 46 08 3c 00 0a a9 00
INFO - 24 4a 48 3c 00 0a eb 00
INFO - 24 4b 88 3c 00 0a 99 00
INFO - 24 4f c8 3c 00 0a ee 00
INFO - 24 52 08 3c 00 0a d8 00
INFO - 24 54 48 3c 00 0a bb 00
INFO - 24 56 88 3c 00 0a 98 00
INFO - 24 59 c8 3c 00 0a c8 00
INFO - 24 5b 08 3c 00 0a aa 00
INFO - 24 5d 48 3c 00 0a a3 00
INFO - 24 60 88 3c 00 0a d1 00
INFO - 24 62 c8 3c 00 0a b1 00
INFO - 24 66 08 3c 00 0a f3 00
INFO - 24 68 48 3c 00 0a be 00
INFO - 24 6b 88 3c 00 0a b0 00
INFO - 24 6e c8 3c 00 0a e5 00
INFO - 24 70 08 3c 00 0a 97 00
INFO - 24 73 48 3c 00 0a d7 00
INFO - 24 76 88 3c 00 0a d2 00
INFO - 24 79 c8 3c 00 0a d2 00
INFO - 24 7b 08 3c 00 0a c0 00
INFO - 24 7e 48 3c 00 0a d2 00
INFO - 24 82 88 3c 00 0a f3 00
INFO - 24 84 c8 3c 00 0a c0 00
INFO - 24 88 08 3c 00 0a 91 00
INFO - 24 8a 48 3c 00 0a bc 00
INFO - 24 8d 88 3c 00 0a c6 00
INFO - 24 8f c8 3c 00 0a bc 00
INFO - 24 92 08 3c 00 0a b2 00
INFO - 24 95 48 3c 00 0a da 00
INFO - 24 97 88 3c 00 0a cc 00
INFO - 24 9a c8 3c 00 0a c6 00
INFO - 24 9d 08 3c 00 0a b9 00
INFO - 24 9f 48 3c 00 0a c0 00
INFO - 24 a1 88 3c 00 0a b3 00
INFO - 24 a3 c8 3c 00 0a 9d 00
INFO - 24 a5 08 3c 00 0a 98 00
INFO - 24 a8 48 3c 00 0a b9 00
INFO - 24 aa 88 3c 00 0a cc 00
INFO - 24 ad c8 3c 00 0a b9 00
INFO - 24 b0 08 3c 00 0a d4 00
INFO - 24 b2 48 3c 00 0a b2 00
INFO - 24 b6 88 3c 00 0b 10 00
INFO - 24 bb c8 3c 00 0b 17 00
INFO - 24 bc 08 3c 00 0a 9f 00
INFO - 24 c0 48 3c 00 0a fc 00
INFO - 24 c2 88 3c 00 0a 8f 00
INFO - 24 c6 c8 3c 00 0b 16 00
INFO - 24 cb 08 3c 00 0b 1b 00
INFO - 24 ce 48 3c 00 0a d4 00
INFO - 24 d1 88 3c 00 0a f4 00
INFO - 24 d4 c8 3c 00 0a ca 00
INFO - 24 d6 08 3c 00 0a b0 00
INFO - 24 d9 48 3c 00 0a d8 00
INFO - 24 dc 88 3c 00 0a be 00
INFO - 24 de c8 3c 00 0a 9a 00
INFO - 24 e0 08 3c 00 0a b9 00
INFO - 24 e2 48 3c 00 0a a3 00
INFO - 24 e4 88 3c 00 0a a3 00
INFO - 24 e7 c8 3c 00 0a c5 00
INFO - 24 e9 08 3c 00 0a c8 00
INFO - 24 eb 48 3c 00 0a a5 00
INFO - 24 ee 88 3c 00 0a bc 00
INFO - 24 f1 c8 3c 00 0a ca 00
INFO - 24 f3 08 3c 00 0a b7 00
INFO - 24 f6 48 3c 00 0a d1 00
INFO - 24 f9 88 3c 00 0a c8 00
INFO - 24 fc c8 3c 00 0a cb 00
INFO - 24 fe 08 3c 00 0a af 00
INFO - 25 01 48 3c 00 0a cd 00
INFO - 25 03 88 3c 00 0a c3 00
INFO - 25 06 c8 3c 00 0a d3 00
INFO - 25 09 08 3c 00 0a e3 00
INFO - 25 0c 48 3c 00 0a bf 00
INFO - 25 0e 88 3c 00 0a b1 00
INFO - 25 11 c8 3c 00 0a ca 00
INFO - 25 13 08 3c 00 0a 9e 00
INFO - 25 16 48 3c 00 0a df 00
INFO - 25 19 88 3c 00 0a bc 00
INFO - 25 1b c8 3c 00 0a c1 00
INFO - 25 1e 08 3c 00 0a ca 00
INFO - 25 22 48 3c 00 0a f4 00
INFO - 25 24 88 3c 00 0a ca 00
INFO - 25 27 c8 3c 00 0a b3 00
INFO - 25 29 08 3c 00 0a af 00
INFO - 25 2c 48 3c 00 0a c1 00
INFO - 25 2e 88 3c 00 0a ca 00
INFO - 25 31 c8 3c 00 0a ba 00
INFO - 25 34 08 3c 00 0a c5 00
INFO - 25 36 48 3c 00 0a b9 00
INFO - 25 3a 88 3c 00 0a ee 00
INFO - 25 3d c8 3c 00 0a d2 00
INFO - 25 40 08 3c 00 0a ef 00
INFO - 25 42 48 3c 00 0a a3 00
INFO - 25 45 88 3c 00 0a d7 00
INFO - 25 4a c8 3c 00 0a c1 00
INFO - 25 4d 08 3c 00 0a a5 00
INFO - 25 4f 48 3c 00 0a b2 00
INFO - 25 52 88 3c 00 0a c8 00
INFO - 25 55 c8 3c 00 0a 8a 00
INFO - 25 57 08 3c 00 0a b0 00
INFO - 25 5a 48 3c 00 0a f6 00
INFO - 25 5c 88 3c 00 0a 98 00
INFO - 25 5e c8 3c 00 0a b2 00
INFO - 25 61 08 3c 00 0a a6 00
INFO - 25 62 48 3c 00 0a 97 00
INFO - 25 65 88 3c 00 0a d6 00
INFO - 25 67 c8 3c 00 0a a3 00
INFO - 25 69 08 3c 00 0a a7 00
INFO - 25 6c 48 3c 00 0a b1 00
INFO - 25 70 88 3c 00 0b 05 00
INFO - 25 72 c8 3c 00 0a ac 00
INFO - 25 75 08 3c 00 0a d3 00
INFO - 25 78 48 3c 00 0a e1 00
INFO - 25 7b 88 3c 00 0a c6 00
INFO - 25 7e c8 3c 00 0a e2 00
INFO - 25 86 08 3c 00 0b d6 00
INFO - 25 88 48 3c 00 0a a4 00
INFO - 25 8b 88 3c 00 0a da 00
INFO - 25 8f c8 3c 00 0a e7 00
INFO - 25 90 08 3c 00 0a 87 00
INFO - 25 93 48 3c 00 0a d8 00
INFO - 25 97 88 3c 00 0a f2 00
INFO - 25 98 c8 3c 00 0a 8b 00
INFO - 25 9b 08 3c 00 0a d0 00
INFO - 25 9d 48 3c 00 0a b1 00
INFO - 25 a0 88 3c 00 0a d8 00
INFO - 25 a2 c8 3c 00 0a 87 00
INFO - 25 a5 08 3c 00 0a e6 00
INFO - 25 a8 48 3c 00 0a dd 00
INFO - 25 ab 88 3c 00 0a b4 00
INFO - 25 ae c8 3c 00 0a f7 00
INFO - 25 b0 08 3c 00 0a 9d 00
INFO - 25 b2 48 3c 00 0a 87 00
INFO - 25 b5 88 3c 00 0a d7 00
INFO - 25 b7 c8 3c 00 0a a7 00
INFO - 25 b8 08 3c 00 0a 88 00
INFO - 25 bc 48 3c 00 0a f6 00
INFO - 25 c0 88 3c 00 0a fe 00
INFO - 25 c2 c8 3c 00 0a ad 00
INFO - 25 c6 08 3c 00 0b 0c 00
INFO - 25 c8 48 3c 00 0a 94 00
INFO - 25 ca 88 3c 00 0a c9 00
INFO - 25 cd c8 3c 00 0a d4 00
INFO - 25 d0 08 3c 00 0a ca 00
INFO - 25 d3 48 3c 00 0a bd 00
INFO - 25 d5 88 3c 00 0a bc 00
INFO - 25 d7 c8 3c 00 0a af 00
INFO - 25 db 08 3c 00 0b 0c 00
INFO - 25 dd 48 3c 00 0a a0 00
INFO - 25 e1 88 3c 00 0a d6 00
INFO - 25 e4 c8 3c 00 0a ce 00
INFO - 25 e6 08 3c 00 0a b5 00
INFO - 25 e8 48 3c 00 0a a4 00
INFO - 25 eb 88 3c 00 0a c9 00
INFO - 25 ed c8 3c 00 0a b8 00
INFO - 25 f1 08 3c 00 0a eb 00
INFO - 25 f5 48 3c 00 0a ff 00
INFO - 25 f7 88 3c 00 0a bc 00
INFO - 25 fa c8 3c 00 0a be 00
INFO - 25 fc 08 3c 00 0a b8 00
INFO - 25 fe 48 3c 00 0a af 00
INFO - 26 01 88 3c 00 0a be 00
INFO - 26 04 c8 3c 00 0a d2 00
INFO - 26 06 08 3c 00 0a 9d 00
INFO - 26 09 48 3c 00 0a f2 00
INFO - 26 0c 88 3c 00 0a 7c 00
INFO - 26 0f c8 3c 00 0a e4 00
INFO - 26 12 08 3c 00 0a d8 00
INFO - 26 15 48 3c 00 0a d8 00
INFO - 26 18 88 3c 00 0a be 00
INFO - 26 1a c8 3c 00 0a cc 00
INFO - 26 1c 08 3c 00 0a 95 00
INFO - 26 1f 48 3c 00 0a cc 00
INFO - 26 22 88 3c 00 0a be 00
INFO - 26 24 c8 3c 00 0a af 00
INFO - 26 27 08 3c 00 0a f3 00
INFO - 26 2a 48 3c 00 0a d7 00
INFO - 26 2d 88 3c 00 0a ca 00
INFO - 26 31 c8 3c 00 0a f3 00
INFO - 26 33 08 3c 00 0a c6 00
INFO - 26 37 48 3c 00 0a fe 00
INFO - 26 39 88 3c 00 0a a8 00
INFO - 26 3d c8 3c 00 0a ec 00
INFO - 26 40 08 3c 00 0a cb 00
INFO - 26 41 48 3c 00 0a 8f 00
INFO - 26 45 88 3c 00 0b 00 00
INFO - 26 49 c8 3c 00 0a f9 00
INFO - 26 4b 08 3c 00 0a 96 00
INFO - 26 4d 48 3c 00 0a bd 00
INFO - 26 50 88 3c 00 0a da 00
INFO - 26 52 c8 3c 00 0a af 00
INFO - 26 55 08 3c 00 0a da 00
INFO - 26 59 48 3c 00 0a e5 00
INFO - 26 5b 88 3c 00 0a 96 00
INFO - 26 5e c8 3c 00 0a ff 00
INFO - 26 61 08 3c 00 0a c0 00
INFO - 26 63 48 3c 00 0a a1 00
INFO - 26 67 88 3c 00 0b 03 00
INFO - 26 6a c8 3c 00 0a d2 00
INFO - 26 6c 08 3c 00 0a a2 00
INFO - 26 6e 48 3c 00 0a c4 00
INFO - 26 70 88 3c 00 0a 99 00
INFO - 26 74 c8 3c 00 0b 07 00
INFO - 26 77 08 3c 00 0a c8 00
INFO - 26 79 48 3c 00 0a c1 00
INFO - 26 7c 88 3c 00 0a af 00
INFO - 26 7e c8 3c 00 0a 9c 00
INFO - 26 80 08 3c 00 0a c1 00
INFO - 26 82 48 3c 00 0a a0 00
INFO - 26 85 88 3c 00 0a ce 00
INFO - 26 88 c8 3c 00 0a d5 00
INFO - 26 8a 08 3c 00 0a a5 00
INFO - 26 8d 48 3c 00 0a c8 00
INFO - 26 8f 88 3c 00 0a a9 00
INFO - 26 92 c8 3c 00 0a d1 00
INFO - 26 96 08 3c 00 0b 2c 00
INFO - 26 99 48 3c 00 0a d0 00
INFO - 26 9b 88 3c 00 0a 99 00
INFO - 26 9e c8 3c 00 0a b8 00
INFO - 26 9f 08 3c 00 0a 9c 00
INFO - 26 a2 48 3c 00 0a d0 00
INFO - 26 a6 88 3c 00 0a f7 00
INFO - 26 a7 c8 3c 00 0a 81 00
INFO - 26 aa 08 3c 00 0a c1 00
INFO - 26 ac 48 3c 00 0a 9f 00
INFO - 26 ae 88 3c 00 0a b6 00
INFO - 26 b0 c8 3c 00 0a a7 00
INFO - 26 b3 08 3c 00 0a c6 00
INFO - 26 b5 48 3c 00 0a 8f 00
INFO - 26 b7 88 3c 00 0a a7 00
INFO - 26 b9 c8 3c 00 0a b9 00
INFO - 26 bb 08 3c 00 0a 9a 00
INFO - 26 bd 48 3c 00 0a 9f 00
INFO - 26 bf 88 3c 00 0a a9 00
INFO - 26 c1 c8 3c 00 0a b4 00
INFO - 26 c5 08 3c 00 0a fb 00
INFO - 26 c8 48 3c 00 0a ec 00
INFO - 26 cb 88 3c 00 0a d1 00
INFO - 26 ce c8 3c 00 0a 7c 00
INFO - 26 d2 08 3c 00 0b 07 00
INFO - 26 d6 48 3c 00 0b 2c 00
INFO - 26 d9 88 3c 00 0a c7 00
INFO - 26 db c8 3c 00 0a ab 00
INFO - 26 de 08 3c 00 0a c5 00
INFO - 26 e0 48 3c 00 0a 9b 00
INFO - 26 e6 88 3c 00 0b 64 00
INFO - 26 e8 c8 3c 00 0a ad 00
INFO - 26 eb 08 3c 00 0a c3 00
INFO - 26 ed 48 3c 00 0a ad 00
INFO - 26 ef 88 3c 00 0a c5 00
INFO - 26 f3 c8 3c 00 0a e1 00
INFO - 26 f5 08 3c 00 0a a8 00
INFO - 26 f8 48 3c 00 0a d5 00
INFO - 26 fa 88 3c 00 0a a9 00
INFO - 26 fd c8 3c 00 0a e2 00
INFO - 27 01 08 3c 00 0b 06 00
INFO - 27 03 48 3c 00 0a a0 00
INFO - 27 06 88 3c 00 0a c6 00
INFO - 27 09 c8 3c 00 0a e0 00
INFO - 27 0b 08 3c 00 0a 8f 00
INFO - 27 0d 48 3c 00 0a ad 00
INFO - 27 11 88 3c 00 0b 15 00
INFO - 27 13 c8 3c 00 0a bb 00
INFO - 27 17 08 3c 00 0a ef 00
INFO - 27 1a 48 3c 00 0a c5 00
INFO - 27 1c 88 3c 00 0a a0 00
INFO - 27 1f c8 3c 00 0a e2 00
INFO - 27 22 08 3c 00 0a f0 00
INFO - 27 25 48 3c 00 0a ac 00
INFO - 27 28 88 3c 00 0a e2 00
INFO - 27 2b c8 3c 00 0a ee 00
INFO - 27 2d 08 3c 00 0a 86 00
INFO - 27 31 48 3c 00 0a fe 00
INFO - 27 33 88 3c 00 0a ad 00
INFO - 27 35 c8 3c 00 0a c6 00
INFO - 27 3a 08 3c 00 0b 1a 00
INFO - 27 3c 48 3c 00 0a a1 00
INFO - 27 3d 88 3c 00 0a 92 00
INFO - 27 41 c8 3c 00 0a f0 00
INFO - 27 44 08 3c 00 0a e4 00
INFO - 27 47 48 3c 00 0a cb 00
INFO - 27 4b 88 3c 00 0a f1 00
INFO - 27 4e c8 3c 00 0a d9 00
INFO - 27 50 08 3c 00 0a c8 00
INFO - 27 53 48 3c 00 0a cb 00
INFO - 27 55 88 3c 00 0a a1 00
INFO - 27 57 c8 3c 00 0a a0 00
INFO - 27 5b 08 3c 00 0b 1b 00
INFO - 27 5f 48 3c 00 0a f4 00
INFO - 27 61 88 3c 00 0a ad 00
INFO - 27 65 c8 3c 00 0a e8 00
INFO - 27 67 08 3c 00 0a bb 00
INFO - 27 69 48 3c 00 0a a3 00
INFO - 27 6d 88 3c 00 0a f2 00
INFO - 27 71 c8 3c 00 0b 04 00
INFO - 27 73 08 3c 00 0a a0 00
INFO - 27 76 48 3c 00 0a e7 00
INFO - 27 78 88 3c 00 0a a3 00
INFO - 27 7b c8 3c 00 0a 8c 00
INFO - 27 7d 08 3c 00 0a a0 00
INFO - 27 80 48 3c 00 0a cd 00
INFO - 27 83 88 3c 00 0a f3 00
INFO - 27 85 c8 3c 00 0a a4 00
INFO - 27 88 08 3c 00 0a cb 00
INFO - 27 8a 48 3c 00 0a 94 00
INFO - 27 8d 88 3c 00 0a c9 00
INFO - 27 90 c8 3c 00 0a e9 00
INFO - 27 94 08 3c 00 0a fe 00
INFO - 27 96 48 3c 00 0a 94 00
INFO - 27 99 88 3c 00 0a e5 00
INFO - 27 9b c8 3c 00 0a a4 00
INFO - 27 9e 08 3c 00 0a bd 00
INFO - 27 a2 48 3c 00 0b 11 00
INFO - 27 a4 88 3c 00 0a c9 00
INFO - 27 a8 c8 3c 00 0a d9 00
INFO - 27 ab 08 3c 00 0a e9 00
INFO - 27 ae 48 3c 00 0a ca 00
INFO - 27 b1 88 3c 00 0a cd 00
INFO - 27 b3 c8 3c 00 0a bc 00
INFO - 27 b6 08 3c 00 0a bf 00
INFO - 27 b9 48 3c 00 0a f3 00
INFO - 27 bd 88 3c 00 0a e9 00
INFO - 27 c0 c8 3c 00 0a d9 00
INFO - 27 c3 08 3c 00 0a e3 00
INFO - 27 c6 48 3c 00 0a db 00
INFO - 27 c8 88 3c 00 0a 92 00
INFO - 27 cc c8 3c 00 0a f7 00
INFO - 27 ce 08 3c 00 0a be 00
INFO - 27 d1 48 3c 00 0a da 00
INFO - 27 d5 88 3c 00 0a e8 00
INFO - 27 d9 c8 3c 00 0b 10 00
INFO - 27 dc 08 3c 00 0a cc 00
INFO - 27 df 48 3c 00 0b 05 00
INFO - 27 e4 88 3c 00 0b 12 00
INFO - 27 e6 c8 3c 00 0a cb 00
INFO - 27 e9 08 3c 00 0a cd 00
INFO - 27 ec 48 3c 00 0a b0 00
INFO - 27 ee 88 3c 00 0a a2 00
INFO - 27 f1 c8 3c 00 0a e9 00
INFO - 27 f4 08 3c 00 0a cc 00
INFO - 27 f6 48 3c 00 0a be 00
INFO - 27 f9 88 3c 00 0a bf 00
INFO - 27 fd c8 3c 00 0a c2 00
INFO - 28 00 08 3c 00 0a cc 00
INFO - 28 03 48 3c 00 0a bf 00
INFO - 28 05 88 3c 00 0a a2 00
INFO - 28 07 c8 3c 00 0a a1 00
INFO - 28 0a 08 3c 00 0a 9b 00
INFO - 28 0d 48 3c 00 0a b0 00
INFO - 28 10 88 3c 00 0a d9 00
INFO - 28 14 c8 3c 00 0b 10 00
INFO - 28 15 08 3c 00 0a 94 00
INFO - 28 17 48 3c 00 0a a2 00
INFO - 28 1a 88 3c 00 0a bd 00
INFO - 28 1c c8 3c 00 0a a1 00
INFO - 28 1f 08 3c 00 0a e6 00
INFO - 28 22 48 3c 00 0a cb 00
INFO - 28 24 88 3c 00 0a b0 00
INFO - 28 26 c8 3c 00 0a 97 00
INFO - 28 2b 08 3c 00 0b 18 00
INFO - 28 2d 48 3c 00 0a a8 00
INFO - 28 30 88 3c 00 0a d9 00
INFO - 28 32 c8 3c 00 0a a0 00
INFO - 28 34 08 3c 00 0a b0 00
INFO - 28 37 48 3c 00 0a ae 00
INFO - 28 39 88 3c 00 0a a1 00
INFO - 28 3b c8 3c 00 0a be 00
INFO - 28 3d 08 3c 00 0a ad 00
INFO - 28 40 48 3c 00 0a cc 00
INFO - 28 44 88 3c 00 0b 02 00
INFO - 28 48 c8 3c 00 0b 0d 00
INFO - 28 4b 08 3c 00 0a da 00
INFO - 28 4f 48 3c 00 0a e4 00
INFO - 28 58 88 3c 00 0b fe 00
INFO - 28 5b c8 3c 00 0a bc 00
INFO - 28 5d 08 3c 00 0a b1 00
INFO - 28 5f 48 3c 00 0a ac 00
INFO - 28 62 88 3c 00 0a db 00
INFO - 28 65 c8 3c 00 0a d6 00
INFO - 28 67 08 3c 00 0a af 00
INFO - 28 6a 48 3c 00 0a ca 00
INFO - 28 6d 88 3c 00 0a b1 00
INFO - 28 6e c8 3c 00 0a 9e 00
INFO - 28 73 08 3c 00 0b 12 00
INFO - 28 75 48 3c 00 0a ba 00
INFO - 28 78 88 3c 00 0a bd 00
INFO - 28 7a c8 3c 00 0a ca 00
INFO - 28 7e 08 3c 00 0a e6 00
INFO - 28 80 48 3c 00 0a a3 00
INFO - 28 84 88 3c 00 0a ff 00
INFO - 28 87 c8 3c 00 0a da 00
INFO - 28 89 08 3c 00 0a ac 00
INFO - 28 8b 48 3c 00 0a bd 00
INFO - 28 8e 88 3c 00 0a d8 00
INFO - 28 91 c8 3c 00 0a bc 00
INFO - 28 94 08 3c 00 0a d8 00
INFO - 28 97 48 3c 00 0a 86 00
INFO - 28 9a 88 3c 00 0a d5 00
INFO - 28 9d c8 3c 00 0a e9 00
INFO - 28 a0 08 3c 00 0a d5 00
INFO - 28 a2 48 3c 00 0a a3 00
INFO - 28 a5 88 3c 00 0a d6 00
INFO - 28 a8 c8 3c 00 0a bd 00
INFO - 28 aa 08 3c 00 0a bb 00
INFO - 28 ad 48 3c 00 0a cd 00
INFO - 28 b1 88 3c 00 0a fe 00
INFO - 28 b3 c8 3c 00 0a b1 00
INFO - 28 b5 08 3c 00 0a ba 00
INFO - 28 b9 48 3c 00 0a d8 00
INFO - 28 bc 88 3c 00 0a e5 00
INFO - 28 be c8 3c 00 0a bc 00
INFO - 28 c2 08 3c 00 0a f3 00
INFO - 28 c4 48 3c 00 0a ae 00
INFO - 28 c6 88 3c 00 0a 9a 00
INFO - 28 c9 c8 3c 00 0a c8 00
INFO - 28 cc 08 3c 00 0a cc 00
INFO - 28 ce 48 3c 00 0a 9d 00
INFO - 28 d0 88 3c 00 0a be 00
INFO - 28 d3 c8 3c 00 0a c6 00
INFO - 28 d5 08 3c 00 0a a2 00
INFO - 28 d8 48 3c 00 0a ee 00
INFO - 28 da 88 3c 00 0a a3 00
INFO - 28 dd c8 3c 00 0a e1 00
INFO - 28 e1 08 3c 00 0a f1 00
INFO - 28 e3 48 3c 00 0a ae 00
INFO - 28 e5 88 3c 00 0a a2 00
INFO - 28 e9 c8 3c 00 0a fe 00
INFO - 28 ec 08 3c 00 0a c6 00
INFO - 28 ee 48 3c 00 0a bd 00
INFO - 28 f2 88 3c 00 0b 09 00
INFO - 28 f5 c8 3c 00 0a bd 00
INFO - 28 f8 08 3c 00 0a d5 00
INFO - 28 fa 48 3c 00 0a b7 00
INFO - 28 fd 88 3c 00 0a c7 00
INFO - 28 ff c8 3c 00 0a b0 00
INFO - 29 03 08 3c 00 0a fd 00
INFO - 29 05 48 3c 00 0a a9 00
INFO - 29 07 88 3c 00 0a ba 00
INFO - 29 09 c8 3c 00 0a a2 00
INFO - 29 0d 08 3c 00 0a e2 00
INFO - 29 11 48 3c 00 0b 08 00
INFO - 29 14 88 3c 00 0a e1 00
INFO - 29 17 c8 3c 00 0a ef 00
INFO - 29 1a 08 3c 00 0a ad 00
INFO - 29 1c 48 3c 00 0a ae 00
INFO - 29 1f 88 3c 00 0a d1 00
INFO - 29 22 c8 3c 00 0a e4 00
INFO - 29 25 08 3c 00 0a c4 00
INFO - 29 28 48 3c 00 0a d4 00
INFO - 29 2b 88 3c 00 0a e1 00
INFO - 29 2d c8 3c 00 0a bc 00
INFO - 29 30 08 3c 00 0a a8 00
INFO - 29 33 48 3c 00 0a d6 00
INFO - 29 34 88 3c 00 0a 8e 00
INFO - 29 38 c8 3c 00 0a f1 00
INFO - 29 3b 08 3c 00 0a d0 00
INFO - 29 3d 48 3c 00 0a ac 00
INFO - 29 3f 88 3c 00 0a c9 00
INFO - 29 43 c8 3c 00 0a ea 00
INFO - 29 45 08 3c 00 0a a1 00
INFO - 29 48 48 3c 00 0a ed 00
INFO - 29 4b 88 3c 00 0a b5 00
INFO - 29 4e c8 3c 00 0a d6 00
INFO - 29 50 08 3c 00 0a a7 00
INFO - 29 51 48 3c 00 0a 90 00
INFO - 29 55 88 3c 00 0a e3 00
INFO - 29 58 c8 3c 00 0a dc 00
INFO - 29 5b 08 3c 00 0a e2 00
INFO - 29 61 48 3c 00 0a b4 00
INFO - 29 63 88 3c 00 0a a8 00
INFO - 29 66 c8 3c 00 0a d2 00
INFO - 29 68 08 3c 00 0a 9c 00
INFO - 29 6a 48 3c 00 0a ae 00
INFO - 29 6c 88 3c 00 0a 99 00
INFO - 29 6f c8 3c 00 0a c6 00
INFO - 29 73 08 3c 00 0a f9 00
INFO - 29 75 48 3c 00 0a c8 00
INFO - 29 78 88 3c 00 0a dc 00
INFO - 29 7b c8 3c 00 0a d6 00
INFO - 29 7f 08 3c 00 0b 04 00
INFO - 29 82 48 3c 00 0a d2 00
INFO - 29 85 88 3c 00 0a c4 00
INFO - 29 88 c8 3c 00 0a d2 00
INFO - 29 8b 08 3c 00 0a c5 00
INFO - 29 8e 48 3c 00 0a e3 00
INFO - 29 90 88 3c 00 0a 9c 00
INFO - 29 92 c8 3c 00 0a aa 00
INFO - 29 95 08 3c 00 0a dc 00
INFO - 29 99 48 3c 00 0a f0 00
INFO - 29 9a 88 3c 00 0a 8d 00
INFO - 29 9c c8 3c 00 0a ae 00
INFO - 29 9e 08 3c 00 0a a8 00
INFO - 29 a1 48 3c 00 0a b8 00
INFO - 29 a3 88 3c 00 0a bb 00
INFO - 29 a5 c8 3c 00 0a a8 00
INFO - 29 a7 08 3c 00 0a 8f 00
INFO - 29 aa 48 3c 00 0a c9 00
INFO - 29 ac 88 3c 00 0a aa 00
INFO - 29 af c8 3c 00 0a cf 00
INFO - 29 b1 08 3c 00 0a b8 00
INFO - 29 b3 48 3c 00 0a ae 00
INFO - 29 b6 88 3c 00 0a dd 00
INFO - 29 bd c8 3c 00 0b 90 00
INFO - 29 bf 08 3c 00 0a a7 00
INFO - 29 c3 48 3c 00 0a fe 00
INFO - 29 c6 88 3c 00 0a ed 00
INFO - 29 ca c8 3c 00 0a f6 00
INFO - 29 cc 08 3c 00 0a 97 00
INFO - 29 cf 48 3c 00 0a cf 00
INFO - 29 d1 88 3c 00 0a 9d 00
INFO - 29 d4 c8 3c 00 0a d5 00
INFO - 29 d6 08 3c 00 0a 9a 00
INFO - 29 d8 48 3c 00 0a c5 00
INFO - 29 db 88 3c 00 0a b7 00
INFO - 29 dd c8 3c 00 0a ad 00
INFO - 29 df 08 3c 00 0a b4 00
INFO - 29 e1 48 3c 00 0a 9f 00
INFO - 29 e4 88 3c 00 0a d2 00
INFO - 29 e7 c8 3c 00 0a c4 00
INFO - 29 e9 08 3c 00 0a c5 00
INFO - 29 eb 48 3c 00 0a 9c 00
INFO - 29 ed 88 3c 00 0a aa 00
INFO - 29 f1 c8 3c 00 0a ec 00
INFO - 29 f3 08 3c 00 0a c4 00
INFO - 29 f6 48 3c 00 0a c4 00
INFO - 29 f9 88 3c 00 0a d1 00
INFO - 29 fb c8 3c 00 0a aa 00
INFO - 29 ff 08 3c 00 0b 05 00
INFO - 2a 01 48 3c 00 0a b6 00
INFO - 2a 05 88 3c 00 0a f8 00
INFO - 2a 07 c8 3c 00 0a aa 00
INFO - 2a 09 08 3c 00 0a 9c 00
INFO - 2a 0c 48 3c 00 0a c5 00
INFO - 2a 0f 88 3c 00 0a f4 00
INFO - 2a 11 c8 3c 00 0a 9c 00
INFO - 2a 14 08 3c 00 0a dd 00
INFO - 2a 16 48 3c 00 0a a8 00
INFO - 2a 1a 88 3c 00 0a de 00
INFO - 2a 1c c8 3c 00 0a c5 00
INFO - 2a 20 08 3c 00 0a e8 00
INFO - 2a 22 48 3c 00 0a ab 00
INFO - 2a 24 88 3c 00 0a c0 00
INFO - 2a 27 c8 3c 00 0a cf 00
INFO - 2a 2a 08 3c 00 0a c2 00
INFO - 2a 2c 48 3c 00 0a 9c 00
INFO - 2a 2e 88 3c 00 0a c6 00
INFO - 2a 31 c8 3c 00 0a cc 00
INFO - 2a 35 08 3c 00 0a ea 00
INFO - 2a 38 48 3c 00 0a f9 00
INFO - 2a 3a 88 3c 00 0a 99 00
INFO - 2a 3c c8 3c 00 0a a8 00
INFO - 2a 3f 08 3c 00 0a c6 00
INFO - 2a 41 48 3c 00 0a bf 00
INFO - 2a 44 88 3c 00 0a c3 00
INFO - 2a 47 c8 3c 00 0a d0 00
INFO - 2a 4a 08 3c 00 0a c3 00
INFO - 2a 4d 48 3c 00 0a de 00
INFO - 2a 4f 88 3c 00 0a b7 00
INFO - 2a 52 c8 3c 00 0a b7 00
INFO - 2a 55 08 3c 00 0a dd 00
INFO - 2a 57 48 3c 00 0a ba 00
INFO - 2a 5a 88 3c 00 0a 89 00
INFO - 2a 5c c8 3c 00 0a a6 00
INFO - 2a 5e 08 3c 00 0a ae 00
INFO - 2a 60 48 3c 00 0a a6 00
INFO - 2a 63 88 3c 00 0a b8 00
INFO - 2a 65 c8 3c 00 0a ac 00
INFO - 2a 68 08 3c 00 0a c4 00
INFO - 2a 69 48 3c 00 0a 9d 00
INFO - 2a 6d 88 3c 00 0a dc 00
INFO - 2a 6f c8 3c 00 0a ad 00
INFO - 2a 72 08 3c 00 0a d2 00
INFO - 2a 74 48 3c 00 0a c1 00
INFO - 2a 77 88 3c 00 0a d1 00
INFO - 2a 7a c8 3c 00 0a b7 00
INFO - 2a 7d 08 3c 00 0a d1 00
INFO - 2a 7f 48 3c 00 0a ad 00
INFO - 2a 82 88 3c 00 0a f6 00
INFO - 2a 85 c8 3c 00 0a c6 00
INFO - 2a 89 08 3c 00 0a f6 00
INFO - 2a 8d 48 3c 00 0b 05 00
INFO - 2a 8f 88 3c 00 0a b7 00
INFO - 2a 91 c8 3c 00 0a b9 00
INFO - 2a 94 08 3c 00 0a c0 00
INFO - 2a 96 48 3c 00 0a b7 00
INFO - 2a 9a 88 3c 00 0a de 00
INFO - 2a 9e c8 3c 00 0b 05 00
INFO - 2a 9f 08 3c 00 0a 9e 00
INFO - 2a a2 48 3c 00 0a c0 00
INFO - 2a a4 88 3c 00 0a b9 00
INFO - 2a a7 c8 3c 00 0a c1 00
INFO - 2a a9 08 3c 00 0a ab 00
INFO - 2a ac 48 3c 00 0a c1 00
INFO - 2a ae 88 3c 00 0a ac 00
INFO - 2a b1 c8 3c 00 0a da 00
INFO - 2a b4 08 3c 00 0a de 00
INFO - 2a b7 48 3c 00 0a b5 00
INFO - 2a ba 88 3c 00 0a eb 00
INFO - 2a bd c8 3c 00 0a d2 00
INFO - 2a bf 08 3c 00 0a a7 00
INFO - 2a c2 48 3c 00 0a c6 00
INFO - 2a c4 88 3c 00 0a a5 00
INFO - 2a c6 c8 3c 00 0a 9c 00
INFO - 2a c9 08 3c 00 0a ea 00
INFO - 2a cc 48 3c 00 0a e0 00
INFO - 2a ce 88 3c 00 0a a6 00
INFO - 2a d2 c8 3c 00 0b 07 00
INFO - 2a d5 08 3c 00 0a cc 00
INFO - 2a d8 48 3c 00 0a df 00
INFO - 2a db 88 3c 00 0a cd 00
INFO - 2a dd c8 3c 00 0a aa 00
INFO - 2a df 08 3c 00 0a 8c 00
INFO - 2a e1 48 3c 00 0a c2 00
INFO - 2a e4 88 3c 00 0a aa 00
INFO - 2a e6 c8 3c 00 0a bf 00
INFO - 2a e9 08 3c 00 0a c4 00
INFO - 2a ec 48 3c 00 0a d9 00
INFO - 2a ee 88 3c 00 0a a9 00
INFO - 2a f1 c8 3c 00 0a e5 00
INFO - 2a f3 08 3c 00 0a a9 00
INFO - 2a f6 48 3c 00 0a bd 00
INFO - 2a f8 88 3c 00 0a 9d 00
INFO - 2a fa c8 3c 00 0a bd 00
INFO - 2a fd 08 3c 00 0a b4 00
INFO - 2a ff 48 3c 00 0a b5 00
INFO - 2b 01 88 3c 00 0a a3 00
INFO - 2b 03 c8 3c 00 0a 9b 00
INFO - 2b 05 08 3c 00 0a bd 00
INFO - 2b 08 48 3c 00 0a ce 00
INFO - 2b 0c 88 3c 00 0b 07 00
INFO - 2b 0f c8 3c 00 0a d9 00
INFO - 2b 11 08 3c 00 0a 96 00
INFO - 2b 13 48 3c 00 0a b3 00
INFO - 2b 15 88 3c 00 0a 96 00
INFO - 2b 17 c8 3c 00 0a b1 00
INFO - 2b 19 08 3c 00 0a 98 00
INFO - 2b 1c 48 3c 00 0a bf 00
INFO - 2b 22 88 3c 00 0b 90 00
INFO - 2b 24 c8 3c 00 0a 94 00
INFO - 2b 27 08 3c 00 0a c9 00
INFO - 2b 2a 48 3c 00 0a fa 00
INFO - 2b 2c 88 3c 00 0a a5 00
INFO - 2b 2f c8 3c 00 0a ac 00
INFO - 2b 30 08 3c 00 0a 89 00
INFO - 2b 33 48 3c 00 0a c8 00
INFO - 2b 38 88 3c 00 0b 35 00
INFO - 2b 3b c8 3c 00 0a d6 00
INFO - 2b 3c 08 3c 00 0a 95 00
INFO - 2b 3e 48 3c 00 0a 9e 00
INFO - 2b 41 88 3c 00 0a ba 00
INFO - 2b 43 c8 3c 00 0a a1 00
INFO - 2b 45 08 3c 00 0a a4 00
INFO - 2b 47 48 3c 00 0a aa 00
INFO - 2b 49 88 3c 00 0a ae 00
INFO - 2b 4c c8 3c 00 0a c7 00
INFO - 2b 4e 08 3c 00 0a c2 00
INFO - 2b 50 48 3c 00 0a 97 00
INFO - 2b 53 88 3c 00 0a d9 00
INFO - 2b 56 c8 3c 00 0a e0 00
INFO - 2b 59 08 3c 00 0a c1 00
INFO - 2b 5b 48 3c 00 0a ba 00
INFO - 2b 5e 88 3c 00 0a cd 00
INFO - 2b 61 c8 3c 00 0a b7 00
INFO - 2b 64 08 3c 00 0a da 00
INFO - 2b 67 48 3c 00 0a db 00
INFO - 2b 69 88 3c 00 0a ab 00
INFO - 2b 6c c8 3c 00 0a ba 00
INFO - 2b 6e 08 3c 00 0a c1 00
INFO - 2b 70 48 3c 00 0a a2 00
INFO - 2b 72 88 3c 00 0a a9 00
INFO - 2b 74 c8 3c 00 0a ab 00
INFO - 2b 76 08 3c 00 0a a3 00
INFO - 2b 79 48 3c 00 0a c1 00
INFO - 2b 7b 88 3c 00 0a ba 00
INFO - 2b 7d c8 3c 00 0a 91 00
INFO - 2b 7f 08 3c 00 0a bb 00
INFO - 2b 81 48 3c 00 0a 9e 00
INFO - 2b 84 88 3c 00 0a b8 00
INFO - 2b 87 c8 3c 00 0a e8 00
INFO - 2b 8a 08 3c 00 0a dd 00
INFO - 2b 8c 48 3c 00 0a a3 00
INFO - 2b 8f 88 3c 00 0a d1 00
INFO - 2b 91 c8 3c 00 0a aa 00
INFO - 2b 93 08 3c 00 0a ae 00
INFO - 2b 97 48 3c 00 0a f5 00
INFO - 2b 99 88 3c 00 0a 94 00
INFO - 2b 9c c8 3c 00 0a d4 00
INFO - 2b 9d 08 3c 00 0a 69 00
INFO - 2b a0 48 3c 00 0a ad 00
INFO - 2b a2 88 3c 00 0a bb 00
INFO - 2b a4 c8 3c 00 0a 9f 00
INFO - 2b a7 08 3c 00 0a dd 00
INFO - 2b aa 48 3c 00 0a d1 00
INFO - 2b ac 88 3c 00 0a 98 00
INFO - 2b ae c8 3c 00 0a 9d 00
INFO - 2b b0 08 3c 00 0a b9 00
INFO - 2b b2 48 3c 00 0a af 00
INFO - 2b b6 88 3c 00 0a dd 00
INFO - 2b b7 c8 3c 00 0a 92 00
INFO - 2b ba 08 3c 00 0a d1 00
INFO - 2b bd 48 3c 00 0a e8 00
INFO - 2b bf 88 3c 00 0a 9f 00
INFO - 2b c2 c8 3c 00 0a c7 00
INFO - 2b c7 08 3c 00 0b 0f 00
INFO - 2b ca 48 3c 00 0a d0 00
INFO - 2b cd 88 3c 00 0a c5 00
INFO - 2b ce c8 3c 00 0a 93 00
INFO - 2b d1 08 3c 00 0a c6 00
INFO - 2b d3 48 3c 00 0a b5 00
INFO - 2b d6 88 3c 00 0a 89 00
INFO - 2b d8 c8 3c 00 0a a9 00
INFO - 2b db 08 3c 00 0a ac 00
INFO - 2b dd 48 3c 00 0a b7 00
INFO - 2b df 88 3c 00 0a b8 00
INFO - 2b e2 c8 3c 00 0a c6 00
INFO - 2b e4 08 3c 00 0a a9 00
INFO - 2b e6 48 3c 00 0a ae 00
INFO - 2b e9 88 3c 00 0a d9 00
INFO - 2b eb c8 3c 00 0a a2 00
INFO - 2b ee 08 3c 00 0a b3 00
INFO - 2b f0 48 3c 00 0a b7 00
INFO - 2b f2 88 3c 00 0a ae 00
INFO - 2b f5 c8 3c 00 0a b3 00
INFO - 2b f7 08 3c 00 0a aa 00
INFO - 2b f9 48 3c 00 0a aa 00
INFO - 2b fc 88 3c 00 0a dc 00
INFO - 2b ff c8 3c 00 0a be 00
INFO - 2c 01 08 3c 00 0a b5 00
INFO - 2c 03 48 3c 00 0a b5 00
INFO - 2c 06 88 3c 00 0a da 00
INFO - 2c 08 c8 3c 00 0a 8f 00
INFO - 2c 0b 08 3c 00 0a c1 00
INFO - 2c 0d 48 3c 00 0a a8 00
INFO - 2c 0f 88 3c 00 0a c0 00
INFO - 2c 12 c8 3c 00 0a b4 00
INFO - 2c 14 08 3c 00 0a bf 00
INFO - 2c 16 48 3c 00 0a 9d 00
INFO - 2c 18 88 3c 00 0a b3 00
INFO - 2c 1b c8 3c 00 0a b3 00
INFO - 2c 1d 08 3c 00 0a ca 00
INFO - 2c 20 48 3c 00 0a b3 00
INFO - 2c 22 88 3c 00 0a b2 00
INFO - 2c 24 c8 3c 00 0a 9c 00
INFO - 2c 27 08 3c 00 0a d5 00
INFO - 2c 29 48 3c 00 0a be 00
INFO - 2c 2b 88 3c 00 0a a6 00
INFO - 2c 2f c8 3c 00 0a f6 00
INFO - 2c 31 08 3c 00 0a bd 00
INFO - 2c 34 48 3c 00 0a a6 00
INFO - 2c 36 88 3c 00 0a a6 00
INFO - 2c 38 c8 3c 00 0a a5 00
INFO - 2c 39 08 3c 00 0a 9a 00
INFO - 2c 3b 48 3c 00 0a 9a 00
INFO - 2c 3e 88 3c 00 0a c7 00
INFO - 2c 40 c8 3c 00 0a bc 00
INFO - 2c 42 08 3c 00 0a 98 00
INFO - 2c 44 48 3c 00 0a a3 00
INFO - 2c 46 88 3c 00 0a a4 00
INFO - 2c 48 c8 3c 00 0a a4 00
INFO - 2c 4a 08 3c 00 0a 99 00
INFO - 2c 4c 48 3c 00 0a a4 00
INFO - 2c 4e 88 3c 00 0a a3 00
INFO - 2c 50 c8 3c 00 0a 98 00
INFO - 2c 51 08 3c 00 0a 8d 00
INFO - 2c 54 48 3c 00 0a ae 00
INFO - 2c 55 88 3c 00 0a 98 00
INFO - 2c 58 c8 3c 00 0a b8 00
INFO - 2c 5a 08 3c 00 0a a2 00
INFO - 2c 5c 48 3c 00 0a a5 00
INFO - 2c 60 88 3c 00 0b 1a 00
INFO - 2c 62 c8 3c 00 0a 94 00
INFO - 2c 64 08 3c 00 0a b8 00
INFO - 2c 66 48 3c 00 0a 8f 00
INFO - 2c 68 88 3c 00 0a 9f 00
INFO - 2c 6a c8 3c 00 0a ba 00
INFO - 2c 6c 08 3c 00 0a b5 00
INFO - 2c 6f 48 3c 00 0a d0 00
INFO - 2c 73 88 3c 00 0b 04 00
INFO - 2c 76 c8 3c 00 0a b5 00
INFO - 2c 78 08 3c 00 0a a2 00
INFO - 2c 7a 48 3c 00 0a c6 00
INFO - 2c 7d 88 3c 00 0a c0 00
INFO - 2c 81 c8 3c 00 0a fb 00
INFO - 2c 83 08 3c 00 0a ad 00
INFO - 2c 85 48 3c 00 0a a6 00
INFO - 2c 87 88 3c 00 0a a0 00
INFO - 2c 89 c8 3c 00 0a a5 00
INFO - 2c 8b 08 3c 00 0a a0 00
INFO - 2c 8c 48 3c 00 0a 98 00
INFO - 2c 8f 88 3c 00 0a b2 00
INFO - 2c 91 c8 3c 00 0a a0 00
INFO - 2c 93 08 3c 00 0a a6 00
INFO - 2c 95 48 3c 00 0a a0 00
INFO - 2c 97 88 3c 00 0a b9 00
INFO - 2c 9a c8 3c 00 0a cf 00
INFO - 2c 9c 08 3c 00 0a a7 00
INFO - 2c 9f 48 3c 00 0a c0 00
INFO - 2c a0 88 3c 00 0a 9b 00
INFO - 2c a3 c8 3c 00 0a ab 00
INFO - 2c a5 08 3c 00 0a a6 00
INFO - 2c a7 48 3c 00 0a b7 00
INFO - 2c a9 88 3c 00 0a b1 00
INFO - 2c ac c8 3c 00 0a cc 00
INFO - 2c ae 08 3c 00 0a 85 00
INFO - 2c b0 48 3c 00 0a c2 00
INFO - 2c b2 88 3c 00 0a b1 00
INFO - 2c b5 c8 3c 00 0a d7 00
INFO - 2c b7 08 3c 00 0a 91 00
INFO - 2c b9 48 3c 00 0a aa 00
INFO - 2c bb 88 3c 00 0a 9c 00
INFO - 2c bd c8 3c 00 0a a0 00
INFO - 2c be 08 3c 00 0a 8d 00
INFO - 2c c2 48 3c 00 0a de 00
INFO - 2c c4 88 3c 00 0a b6 00
INFO - 2c c7 c8 3c 00 0a c4 00
INFO - 2c c8 08 3c 00 0a 90 00
INFO - 2c cb 48 3c 00 0a cc 00
INFO - 2c ce 88 3c 00 0a c8 00
INFO - 2c cf c8 3c 00 0a 8a 00
INFO - 2c d3 08 3c 00 0a e5 00
INFO - 2c d4 48 3c 00 0a 90 00
INFO - 2c d6 88 3c 00 0a 96 00
INFO - 2c d8 c8 3c 00 0a b9 00
INFO - 2c da 08 3c 00 0a a6 00
INFO - 2c dd 48 3c 00 0a ab 00
INFO - 2c e0 88 3c 00 0a d0 00
INFO - 2c e1 c8 3c 00 0a 82 00
INFO - 2c e3 08 3c 00 0a a3 00
INFO - 2c e5 48 3c 00 0a a3 00
INFO - 2c e7 88 3c 00 0a 99 00
INFO - 2c e9 c8 3c 00 0a af 00
INFO - 2c eb 08 3c 00 0a ae 00
INFO - 2c ed 48 3c 00 0a a4 00
INFO - 2c ef 88 3c 00 0a 98 00
INFO - 2c f1 c8 3c 00 0a af 00
INFO - 2c f3 08 3c 00 0a a4 00
INFO - 2c f5 48 3c 00 0a 99 00
INFO - 2c f7 88 3c 00 0a af 00
INFO - 2c fa c8 3c 00 0a c6 00
INFO - 2c fc 08 3c 00 0a a5 00
INFO - 2c ff 48 3c 00 0a c4 00
INFO - 2d 01 88 3c 00 0a a7 00
INFO - 2d 03 c8 3c 00 0a a8 00
INFO - 2d 06 08 3c 00 0a bb 00
INFO - 2d 09 48 3c 00 0a d5 00
INFO - 2d 0b 88 3c 00 0a b1 00
INFO - 2d 0d c8 3c 00 0a ae 00
INFO - 2d 10 08 3c 00 0a bf 00
INFO - 2d 11 48 3c 00 0a 8d 00
INFO - 2d 14 88 3c 00 0a e0 00
INFO - 2d 17 c8 3c 00 0a d5 00
INFO - 2d 1a 08 3c 00 0a dc 00
INFO - 2d 1c 48 3c 00 0a 9e 00
INFO - 2d 1f 88 3c 00 0a dd 00
INFO - 2d 21 c8 3c 00 0a a7 00
INFO - 2d 23 08 3c 00 0a 9e 00
INFO - 2d 25 48 3c 00 0a a5 00
INFO - 2d 28 88 3c 00 0a be 00
INFO - 2d 2a c8 3c 00 0a a7 00
INFO - 2d 2c 08 3c 00 0a 9b 00
INFO - 2d 2e 48 3c 00 0a a6 00
INFO - 2d 31 88 3c 00 0a c9 00
INFO - 2d 33 c8 3c 00 0a c1 00
INFO - 2d 36 08 3c 00 0a c6 00
INFO - 2d 38 48 3c 00 0a 9c 00
INFO - 2d 3a 88 3c 00 0a be 00
INFO - 2d 3d c8 3c 00 0a be 00
INFO - 2d 3f 08 3c 00 0a b5 00
INFO - 2d 41 48 3c 00 0a 8d 00
INFO - 2d 43 88 3c 00 0a b3 00
INFO - 2d 46 c8 3c 00 0a cb 00
INFO - 2d 49 08 3c 00 0a c7 00
INFO - 2d 49 48 3c 00 0a 4b 00
INFO - 2d 49 88 3c 00 0a 4b 00
INFO - 2d 49 c8 3c 00 0a 4b 00
INFO - 2d 49 08 3c 00 0a 4b 00
INFO - 2d 49 48 3c 00 0a 4b 00
INFO - 2d 49 88 3c 00 0a 4b 00
INFO - 2d 49 c8 3c 00 0a 4b 00
INFO - 2d 49 08 3c 00 0a 4b 00
INFO - 2d 49 48 3c 00 0a 4b 00
INFO - 2d 49 88 3c 00 0a 4b 00
