INFO - 40 00 48 00 f9 41 00 24
INFO - 40 22 88 00 f9 41 00 24
INFO - 40 87 c8 00 f9 51 00 20
INFO - 40 be 08 00 f9 41 00 23
INFO - 41 f9 48 00 f9 41 00 23
INFO - 44 05 88 00 f9 41 00 23
INFO - 45 f9 c8 00 f9 41 00 23
INFO - 47 ee 08 00 f9 41 00 23
INFO - 49 90 48 00 f9 41 00 23
INFO - 4a 0a 88 00 f9 41 00 23
INFO - 4b 19 c8 00 f9 41 00 23
INFO - 4c 0b 08 00 f9 51 00 20
INFO - 4c 5b 48 00 f9 41 00 24
INFO - 4c df 88 00 f9 51 00 20
INFO - 4c f0 c8 00 f9 51 00 20
INFO - 4c fe 08 00 f9 41 00 23
INFO - 4d 14 48 00 f9 41 00 23
INFO - 4d af 88 00 f9 41 00 23
INFO - 4f 5f c8 00 f9 41 00 23
INFO - 4f 90 08 00 f9 51 00 20
INFO - 4f af 48 00 f9 51 00 20
INFO - 4f c8 88 00 f9 41 00 24
INFO - 4f f8 c8 00 f9 41 00 24
INFO - 51 97 08 00 f9 41 00 24
INFO - 53 90 48 00 f9 41 00 24
INFO - 54 12 88 00 f9 41 00 24
INFO - 54 ac c8 00 f9 51 00 20
INFO - 54 be 08 00 f9 51 00 20
INFO - 54 ce 48 00 f9 41 00 23
