INFO - a0 62 c8 40 57 00 00 02
INFO - a0 62 08 40 57 00 00 02
INFO - a0 62 48 40 57 00 00 02
INFO - a0 62 88 40 57 00 00 02
INFO - a8 5e 08 40 57 00 00 02
INFO - a8 5e 48 40 57 00 00 02
INFO - a8 5e 88 40 57 00 00 02
INFO - a8 5e c8 40 57 00 00 02
INFO - ab 13 48 40 57 00 00 02
INFO - ab 13 88 40 57 00 00 02
INFO - ab 13 c8 40 57 00 00 02
INFO - ab 13 08 40 57 00 00 02
INFO - af e8 88 40 57 00 00 02
INFO - af e8 c8 40 57 00 00 02
INFO - af e8 08 40 57 00 00 02
INFO - af e8 48 40 57 00 00 02
INFO - af e8 88 40 57 00 00 02
INFO - b3 b2 c8 40 57 00 00 02
INFO - b3 b2 08 40 57 00 00 02
INFO - b3 b2 48 40 57 00 00 02
INFO - b3 b2 88 40 57 00 00 02
INFO - b3 b2 c8 40 57 00 00 02
INFO - b4 ac c8 40 57 00 00 02
INFO - b4 ac 08 40 57 00 00 02
INFO - b4 ac 48 40 57 00 00 02
INFO - b4 ac 88 40 57 00 00 02
INFO - b5 79 48 40 57 00 00 02
INFO - b5 79 88 40 57 00 00 02
INFO - b5 79 c8 40 57 00 00 02
INFO - b5 79 08 40 57 00 00 02
INFO - bb 09 48 40 57 00 00 02
INFO - bb 09 88 40 57 00 00 02
INFO - bb 09 c8 40 57 00 00 02
INFO - bb 09 08 40 57 00 00 02
INFO - a1 ca 08 40 57 00 00 02
INFO - a1 ca 48 40 57 00 00 02
INFO - a1 ca 88 40 57 00 00 02
INFO - a1 ca c8 40 57 00 00 02
