INFO - 40 00 48 00 f9 41 00 23
INFO - 41 2f 88 00 f9 41 00 23
INFO - 43 3c c8 00 f9 41 00 23
INFO - 45 30 08 00 f9 41 00 23
INFO - 47 24 48 00 f9 41 00 23
INFO - 48 c6 88 00 f9 41 00 23
INFO - 49 40 c8 00 f9 41 00 23
INFO - 4a 4f 08 00 f9 41 00 23
INFO - 4b 41 48 00 f9 51 00 20
INFO - 4b 91 88 00 f9 41 00 24
INFO - 4c 15 c8 00 f9 51 00 20
INFO - 4c 26 08 00 f9 51 00 20
INFO - 4c 34 48 00 f9 41 00 23
INFO - 4c 4a 88 00 f9 41 00 23
INFO - 4c e5 c8 00 f9 41 00 23
INFO - 4e 95 08 00 f9 41 00 23
INFO - 4e c6 48 00 f9 51 00 20
INFO - 4e e5 88 00 f9 51 00 20
INFO - 4e fe c8 00 f9 41 00 24
INFO - 4f 2e 08 00 f9 41 00 24
INFO - 50 cd 48 00 f9 41 00 24
INFO - 52 c6 88 00 f9 41 00 24
INFO - 53 48 c8 00 f9 41 00 24
INFO - 53 e2 08 00 f9 51 00 20
INFO - 53 f4 48 00 f9 51 00 20
INFO - 54 04 88 00 f9 41 00 23
INFO - 54 86 c8 00 f9 41 00 23
INFO - 55 1d 08 00 f9 51 00 20
INFO - 55 74 48 00 f9 41 00 24
INFO - 56 29 88 00 f9 51 00 20
INFO - 56 39 c8 00 f9 51 00 20
INFO - 56 47 08 00 f9 41 00 23
INFO - 56 c0 48 00 f9 41 00 23
INFO - 57 30 88 00 f9 41 00 23
INFO - 59 19 c8 00 f9 41 00 23
INFO - 59 7b 08 00 f9 41 00 23
INFO - 59 df 48 00 f9 51 00 20
INFO - 59 ef 88 00 f9 51 00 20
INFO - 5a 01 c8 00 f9 41 00 24
INFO - 5a 64 08 00 f9 51 00 20
INFO - 5a ae 48 00 f9 41 00 23
INFO - 5b 17 88 00 f9 41 00 23
INFO - 5d 0c c8 00 f9 41 00 23
INFO - 5f 01 08 00 f9 41 00 23
INFO - 40 f7 48 00 f9 41 00 23
INFO - 41 f2 88 00 f9 51 00 20
INFO - 42 35 c8 00 f9 59 00 00
INFO - 42 65 08 00 f9 49 00 02
