INFO - 20 00 89 3c 00 0a 40 00
INFO - 20 07 c9 3c 00 0b 65 00
INFO - 20 15 09 3c 00 0a ab 00
INFO - 20 15 49 3c 00 0a ab 00
INFO - 20 1f 89 3c 00 0b 3b 00
INFO - 20 22 c9 3c 00 0a b4 00
INFO - 20 22 09 3c 00 0a b4 00
INFO - 20 26 49 3c 00 0a b9 00
INFO - 20 29 89 3c 00 0a b7 00
INFO - 20 29 c9 3c 00 0a b7 00
INFO - 20 2d 09 3c 00 0a ad 00
INFO - 20 2f 49 3c 00 0a 83 00
INFO - 20 32 89 3c 00 0a f5 00
INFO - 20 35 c9 3c 00 0a b2 00
INFO - 20 3a 09 3c 00 0b 46 00
INFO - 20 3a 49 3c 00 0b 46 00
INFO - 20 3e 89 3c 00 0a 8a 00
INFO - 20 40 c9 3c 00 0a 81 00
INFO - 20 43 09 3c 00 0a f6 00
INFO - 20 45 49 3c 00 0a 8c 00
INFO - 20 49 89 3c 00 0b 03 00
INFO - 20 4b c9 3c 00 0a a1 00
INFO - 20 4b 09 3c 00 0a a1 00
INFO - 20 52 49 3c 00 0a f8 00
INFO - 20 52 89 3c 00 0a f8 00
INFO - 20 55 c9 3c 00 0a 87 00
INFO - 20 5a 09 3c 00 0b 21 00
INFO - 20 5a 49 3c 00 0b 21 00
INFO - 20 62 89 3c 00 0b 0b 00
INFO - 20 62 c9 3c 00 0a 4b 00
INFO - 20 62 09 3c 00 0a 4b 00
INFO - 20 6a 49 3c 00 0a fe 00
INFO - 20 6c 89 3c 00 0a b8 00
INFO - 20 6e c9 3c 00 0a b4 00
INFO - 20 71 09 3c 00 0a ab 00
INFO - 20 73 49 3c 00 0a ce 00
INFO - 20 76 89 3c 00 0a b8 00
INFO - 20 79 c9 3c 00 0a e8 00
INFO - 20 7c 09 3c 00 0a dd 00
INFO - 20 7f 49 3c 00 0a c5 00
INFO - 20 82 89 3c 00 0a e9 00
INFO - 20 85 c9 3c 00 0a b3 00
INFO - 20 88 09 3c 00 0a df 00
INFO - 20 8b 49 3c 00 0a cf 00
INFO - 20 8d 89 3c 00 0a a8 00
INFO - 20 8f c9 3c 00 0a b3 00
INFO - 20 91 09 3c 00 0a 9d 00
INFO - 20 94 49 3c 00 0a da 00
INFO - 20 97 89 3c 00 0a b8 00
INFO - 20 9a c9 3c 00 0a ea 00
INFO - 20 9c 09 3c 00 0a b3 00
INFO - 20 9e 49 3c 00 0a 8e 00
INFO - 20 a0 89 3c 00 0a a8 00
INFO - 20 a3 c9 3c 00 0a d2 00
INFO - 20 a5 09 3c 00 0a a9 00
INFO - 20 a8 49 3c 00 0a db 00
INFO - 20 aa 89 3c 00 0a ab 00
INFO - 20 ad c9 3c 00 0a b6 00
INFO - 20 af 09 3c 00 0a c1 00
INFO - 20 b2 49 3c 00 0a c6 00
INFO - 20 b6 89 3c 00 0a f8 00
INFO - 20 b8 c9 3c 00 0a c4 00
INFO - 20 bc 09 3c 00 0a eb 00
INFO - 20 be 49 3c 00 0a a7 00
INFO - 20 c0 89 3c 00 0a ab 00
INFO - 20 c3 c9 3c 00 0a cf 00
INFO - 20 c6 09 3c 00 0a e0 00
INFO - 20 c8 49 3c 00 0a a7 00
INFO - 20 cb 89 3c 00 0a e0 00
INFO - 20 ce c9 3c 00 0a ce 00
INFO - 20 d0 09 3c 00 0a ab 00
INFO - 20 d3 49 3c 00 0a b6 00
INFO - 20 d5 89 3c 00 0a c1 00
INFO - 20 d8 c9 3c 00 0a b7 00
INFO - 20 db 09 3c 00 0a cd 00
INFO - 20 dd 49 3c 00 0a ab 00
INFO - 20 df 89 3c 00 0a a8 00
INFO - 20 e2 c9 3c 00 0a 9b 00
INFO - 20 e4 09 3c 00 0a 9b 00
INFO - 20 e6 49 3c 00 0a a5 00
INFO - 20 e9 89 3c 00 0a d0 00
INFO - 20 ed c9 3c 00 0a f3 00
INFO - 20 f0 09 3c 00 0a e9 00
INFO - 20 f2 49 3c 00 0a a5 00
INFO - 20 f5 89 3c 00 0a c2 00
INFO - 20 f7 c9 3c 00 0a a5 00
INFO - 20 fa 09 3c 00 0a db 00
INFO - 20 fd 49 3c 00 0a be 00
INFO - 21 01 89 3c 00 0b 0f 00
INFO - 21 03 c9 3c 00 0a be 00
INFO - 21 05 09 3c 00 0a 99 00
INFO - 21 08 49 3c 00 0a cf 00
INFO - 21 0b 89 3c 00 0a cb 00
INFO - 21 0d c9 3c 00 0a c2 00
INFO - 21 10 09 3c 00 0a cd 00
INFO - 21 12 49 3c 00 0a b1 00
INFO - 21 15 89 3c 00 0a d0 00
INFO - 21 17 c9 3c 00 0a 8a 00
INFO - 21 1a 09 3c 00 0a d1 00
INFO - 21 1e 49 3c 00 0b 28 00
INFO - 21 20 89 3c 00 0a 9a 00
INFO - 21 23 c9 3c 00 0a c1 00
INFO - 21 25 09 3c 00 0a b5 00
INFO - 21 27 49 3c 00 0a b0 00
INFO - 21 2b 89 3c 00 0a df 00
INFO - 21 2d c9 3c 00 0a a5 00
INFO - 21 31 09 3c 00 0b 06 00
INFO - 21 33 49 3c 00 0a c2 00
INFO - 21 35 89 3c 00 0a 9c 00
INFO - 21 38 c9 3c 00 0a ca 00
INFO - 21 39 09 3c 00 0a 94 00
INFO - 21 3e 49 3c 00 0b 19 00
INFO - 21 40 89 3c 00 0a ad 00
INFO - 21 43 c9 3c 00 0a c3 00
INFO - 21 46 09 3c 00 0a c4 00
INFO - 21 48 49 3c 00 0a cb 00
INFO - 21 4a 89 3c 00 0a ac 00
INFO - 21 4d c9 3c 00 0a d3 00
INFO - 21 50 09 3c 00 0a c3 00
INFO - 21 53 49 3c 00 0a c3 00
INFO - 21 55 89 3c 00 0a b2 00
INFO - 21 58 c9 3c 00 0a c8 00
INFO - 21 5a 09 3c 00 0a 9d 00
INFO - 21 5b 49 3c 00 0a 96 00
INFO - 21 5f 89 3c 00 0a eb 00
INFO - 21 61 c9 3c 00 0a b1 00
INFO - 21 64 09 3c 00 0a eb 00
INFO - 21 67 49 3c 00 0a ab 00
INFO - 21 69 89 3c 00 0a cb 00
INFO - 21 6d c9 3c 00 0a f2 00
INFO - 21 6f 09 3c 00 0a 97 00
INFO - 21 72 49 3c 00 0a d7 00
INFO - 21 74 89 3c 00 0a bf 00
INFO - 21 77 c9 3c 00 0a d8 00
INFO - 21 7a 09 3c 00 0a cd 00
INFO - 21 7d 49 3c 00 0a d2 00
INFO - 21 81 89 3c 00 0a f3 00
INFO - 21 83 c9 3c 00 0a c0 00
INFO - 21 87 09 3c 00 0a e3 00
INFO - 21 89 49 3c 00 0a bc 00
INFO - 21 8c 89 3c 00 0a d4 00
INFO - 21 8e c9 3c 00 0a af 00
INFO - 21 91 09 3c 00 0a b2 00
INFO - 21 93 49 3c 00 0a b2 00
INFO - 21 96 89 3c 00 0a e7 00
INFO - 21 99 c9 3c 00 0a c6 00
INFO - 21 9b 09 3c 00 0a b9 00
INFO - 21 9e 49 3c 00 0a cd 00
INFO - 21 a1 89 3c 00 0a b3 00
INFO - 21 a3 c9 3c 00 0a a6 00
INFO - 21 a5 09 3c 00 0a b0 00
INFO - 21 a7 49 3c 00 0a 98 00
INFO - 21 a9 89 3c 00 0a 86 00
INFO - 21 ac c9 3c 00 0a ab 00
INFO - 21 ae 09 3c 00 0a c1 00
INFO - 21 b2 49 3c 00 0a ee 00
INFO - 21 b6 89 3c 00 0b 10 00
INFO - 21 b9 c9 3c 00 0a e1 00
INFO - 21 bc 09 3c 00 0a d5 00
INFO - 21 bf 49 3c 00 0a d3 00
INFO - 21 c1 89 3c 00 0a b8 00
INFO - 21 c6 c9 3c 00 0b 16 00
INFO - 21 c9 09 3c 00 0a f3 00
INFO - 21 cd 49 3c 00 0a e1 00
INFO - 21 d0 89 3c 00 0a e6 00
INFO - 21 d2 c9 3c 00 0a a9 00
INFO - 21 d6 09 3c 00 0a f9 00
INFO - 21 d9 49 3c 00 0a df 00
INFO - 21 db 89 3c 00 0a 9d 00
INFO - 21 dd c9 3c 00 0a 9a 00
INFO - 21 df 09 3c 00 0a b9 00
INFO - 21 e1 49 3c 00 0a a3 00
INFO - 21 e3 89 3c 00 0a b0 00
INFO - 21 e5 c9 3c 00 0a ab 00
INFO - 21 e8 09 3c 00 0a ae 00
INFO - 21 eb 49 3c 00 0a d8 00
INFO - 21 ed 89 3c 00 0a 9c 00
INFO - 21 f0 c9 3c 00 0a de 00
INFO - 21 f1 09 3c 00 0a 90 00
INFO - 21 f5 49 3c 00 0a eb 00
INFO - 21 f8 89 3c 00 0a c8 00
INFO - 21 fb c9 3c 00 0a d8 00
INFO - 21 fc 09 3c 00 0a 9e 00
INFO - 21 ff 49 3c 00 0a d1 00
INFO - 22 02 89 3c 00 0a d0 00
INFO - 22 05 c9 3c 00 0a c5 00
INFO - 22 09 09 3c 00 0a f0 00
INFO - 22 0c 49 3c 00 0a d9 00
INFO - 22 0e 89 3c 00 0a b1 00
INFO - 22 11 c9 3c 00 0a cb 00
INFO - 22 13 09 3c 00 0a 9d 00
INFO - 22 15 49 3c 00 0a c5 00
INFO - 22 18 89 3c 00 0a bc 00
INFO - 22 1a c9 3c 00 0a c1 00
INFO - 22 1d 09 3c 00 0a ca 00
INFO - 22 20 49 3c 00 0a d9 00
INFO - 22 23 89 3c 00 0a bd 00
INFO - 22 26 c9 3c 00 0a ce 00
INFO - 22 28 09 3c 00 0a a2 00
INFO - 22 2a 49 3c 00 0a ce 00
INFO - 22 2d 89 3c 00 0a b0 00
INFO - 22 30 c9 3c 00 0a c6 00
INFO - 22 33 09 3c 00 0a cc 00
INFO - 22 35 49 3c 00 0a b2 00
INFO - 22 39 89 3c 00 0b 09 00
INFO - 22 3c c9 3c 00 0a ed 00
INFO - 22 3f 09 3c 00 0a d4 00
INFO - 22 42 49 3c 00 0a b0 00
INFO - 22 44 89 3c 00 0a cd 00
INFO - 22 4a c9 3c 00 0a c0 00
INFO - 22 4c 09 3c 00 0a a5 00
INFO - 22 4e 49 3c 00 0a b2 00
INFO - 22 51 89 3c 00 0a cd 00
INFO - 22 54 c9 3c 00 0a f7 00
INFO - 22 57 09 3c 00 0a b9 00
INFO - 22 5a 49 3c 00 0a e1 00
INFO - 22 5c 89 3c 00 0a 98 00
INFO - 22 5f c9 3c 00 0a cd 00
INFO - 22 60 09 3c 00 0a 8b 00
INFO - 22 63 49 3c 00 0a c1 00
INFO - 22 65 89 3c 00 0a bf 00
INFO - 22 68 c9 3c 00 0a b4 00
INFO - 22 6a 09 3c 00 0a 75 00
INFO - 22 6c 49 3c 00 0a b2 00
INFO - 22 70 89 3c 00 0a ef 00
INFO - 22 72 c9 3c 00 0a a7 00
INFO - 22 75 09 3c 00 0a d9 00
INFO - 22 77 49 3c 00 0a bf 00
INFO - 22 7a 89 3c 00 0a c6 00
INFO - 22 7d c9 3c 00 0a e3 00
INFO - 22 81 09 3c 00 0a e5 00
INFO - 22 87 49 3c 00 0b 95 00
INFO - 22 8b 89 3c 00 0a da 00
INFO - 22 8d c9 3c 00 0a cd 00
INFO - 22 90 09 3c 00 0a bc 00
INFO - 22 92 49 3c 00 0a be 00
INFO - 22 95 89 3c 00 0a ca 00
INFO - 22 97 c9 3c 00 0a b3 00
INFO - 22 9a 09 3c 00 0a d0 00
INFO - 22 9c 49 3c 00 0a a3 00
INFO - 22 9f 89 3c 00 0a d8 00
INFO - 22 a1 c9 3c 00 0a 94 00
INFO - 22 a4 09 3c 00 0a d9 00
INFO - 22 a7 49 3c 00 0a c3 00
INFO - 22 aa 89 3c 00 0a f6 00
INFO - 22 ac c9 3c 00 0a 95 00
INFO - 22 af 09 3c 00 0a ca 00
INFO - 22 b1 49 3c 00 0a ad 00
INFO - 22 b4 89 3c 00 0a bd 00
INFO - 22 b6 c9 3c 00 0a b4 00
INFO - 22 b8 09 3c 00 0a af 00
INFO - 22 bb 49 3c 00 0a b8 00
INFO - 22 be 89 3c 00 0a f9 00
INFO - 22 c1 c9 3c 00 0a af 00
INFO - 22 c5 09 3c 00 0b 18 00
INFO - 22 c7 49 3c 00 0a 94 00
INFO - 22 c9 89 3c 00 0a c9 00
INFO - 22 cc c9 3c 00 0a d4 00
INFO - 22 cf 09 3c 00 0a ca 00
INFO - 22 d2 49 3c 00 0a c9 00
INFO - 22 d5 89 3c 00 0a dd 00
INFO - 22 d7 c9 3c 00 0a a2 00
INFO - 22 db 09 3c 00 0a eb 00
INFO - 22 dd 49 3c 00 0a b5 00
INFO - 22 e0 89 3c 00 0a ce 00
INFO - 22 e3 c9 3c 00 0a db 00
INFO - 22 e5 09 3c 00 0a a8 00
INFO - 22 e7 49 3c 00 0a a4 00
INFO - 22 ea 89 3c 00 0a d6 00
INFO - 22 ee c9 3c 00 0a f8 00
INFO - 22 f0 09 3c 00 0a b8 00
INFO - 22 f4 49 3c 00 0a f2 00
INFO - 22 f7 89 3c 00 0a c9 00
INFO - 22 f9 c9 3c 00 0a b1 00
INFO - 22 fb 09 3c 00 0a c5 00
INFO - 22 fe 49 3c 00 0a 7f 00
INFO - 23 00 89 3c 00 0a a3 00
INFO - 23 03 c9 3c 00 0a d2 00
INFO - 23 05 09 3c 00 0a aa 00
INFO - 23 08 49 3c 00 0a eb 00
INFO - 23 0b 89 3c 00 0a b1 00
INFO - 23 0e c9 3c 00 0a e4 00
INFO - 23 11 09 3c 00 0a e5 00
INFO - 23 14 49 3c 00 0a d8 00
INFO - 23 17 89 3c 00 0a b1 00
INFO - 23 1a c9 3c 00 0a cb 00
INFO - 23 1b 09 3c 00 0a a2 00
INFO - 23 1e 49 3c 00 0a cc 00
INFO - 23 21 89 3c 00 0a b1 00
INFO - 23 23 c9 3c 00 0a bc 00
INFO - 23 26 09 3c 00 0a d9 00
INFO - 23 29 49 3c 00 0a d7 00
INFO - 23 2c 89 3c 00 0a d7 00
INFO - 23 30 c9 3c 00 0b 0e 00
INFO - 23 33 09 3c 00 0a b6 00
INFO - 23 37 49 3c 00 0a ff 00
INFO - 23 39 89 3c 00 0a b1 00
INFO - 23 3c c9 3c 00 0a e4 00
INFO - 23 3f 09 3c 00 0a be 00
INFO - 23 41 49 3c 00 0a a3 00
INFO - 23 44 89 3c 00 0a fa 00
INFO - 23 48 c9 3c 00 0a ec 00
INFO - 23 4a 09 3c 00 0a a3 00
INFO - 23 4d 49 3c 00 0a ca 00
INFO - 23 4f 89 3c 00 0a c0 00
INFO - 23 52 c9 3c 00 0a d6 00
INFO - 23 55 09 3c 00 0a da 00
INFO - 23 57 49 3c 00 0a a3 00
INFO - 23 5a 89 3c 00 0a d9 00
INFO - 23 5d c9 3c 00 0a b0 00
INFO - 23 5f 09 3c 00 0a c0 00
INFO - 23 63 49 3c 00 0a f1 00
INFO - 23 66 89 3c 00 0a da 00
INFO - 23 69 c9 3c 00 0a d2 00
INFO - 23 6b 09 3c 00 0a b0 00
INFO - 23 6d 49 3c 00 0a b7 00
INFO - 23 6f 89 3c 00 0a a6 00
INFO - 23 73 c9 3c 00 0a f9 00
INFO - 23 76 09 3c 00 0a c8 00
INFO - 23 79 49 3c 00 0a c1 00
INFO - 23 7b 89 3c 00 0a af 00
INFO - 23 7c c9 3c 00 0a 82 00
INFO - 23 7f 09 3c 00 0a db 00
INFO - 23 82 49 3c 00 0a c7 00
INFO - 23 84 89 3c 00 0a a6 00
INFO - 23 87 c9 3c 00 0a e2 00
INFO - 23 8a 09 3c 00 0a c0 00
INFO - 23 8d 49 3c 00 0a c7 00
INFO - 23 8f 89 3c 00 0a b4 00
INFO - 23 93 c9 3c 00 0a f8 00
INFO - 23 96 09 3c 00 0a e1 00
INFO - 23 99 49 3c 00 0a ce 00
INFO - 23 9b 89 3c 00 0a 9f 00
INFO - 23 9d c9 3c 00 0a c3 00
INFO - 23 9f 09 3c 00 0a b4 00
INFO - 23 a2 49 3c 00 0a d2 00
INFO - 23 a5 89 3c 00 0a b6 00
INFO - 23 a7 c9 3c 00 0a a9 00
INFO - 23 a9 09 3c 00 0a b4 00
INFO - 23 ab 49 3c 00 0a 9f 00
INFO - 23 ae 89 3c 00 0a b6 00
INFO - 23 b0 c9 3c 00 0a a7 00
INFO - 23 b2 09 3c 00 0a c6 00
INFO - 23 b4 49 3c 00 0a 9d 00
INFO - 23 b6 89 3c 00 0a a6 00
INFO - 23 b9 c9 3c 00 0a c4 00
INFO - 23 bb 09 3c 00 0a 9f 00
INFO - 23 bd 49 3c 00 0a a9 00
INFO - 23 be 89 3c 00 0a 8f 00
INFO - 23 c1 c9 3c 00 0a b7 00
INFO - 23 c5 09 3c 00 0a a9 00
INFO - 23 c8 49 3c 00 0a e1 00
INFO - 23 ca 89 3c 00 0a aa 00
INFO - 23 cd c9 3c 00 0a d2 00
INFO - 23 d1 09 3c 00 0a ec 00
INFO - 23 d6 49 3c 00 0b 39 00
INFO - 23 d8 89 3c 00 0a b9 00
INFO - 23 da c9 3c 00 0a ab 00
INFO - 23 dd 09 3c 00 0a c5 00
INFO - 23 e0 49 3c 00 0a c3 00
INFO - 23 e5 89 3c 00 0b 4a 00
INFO - 23 e7 c9 3c 00 0a 9f 00
INFO - 23 ea 09 3c 00 0a dd 00
INFO - 23 ec 49 3c 00 0a ae 00
INFO - 23 ee 89 3c 00 0a aa 00
INFO - 23 f2 c9 3c 00 0a e1 00
INFO - 23 f4 09 3c 00 0a a8 00
INFO - 23 f7 49 3c 00 0a c8 00
INFO - 23 f9 89 3c 00 0a d1 00
INFO - 23 fc c9 3c 00 0a c8 00
INFO - 24 00 09 3c 00 0a eb 00
INFO - 24 02 49 3c 00 0a c8 00
INFO - 24 05 89 3c 00 0a d3 00
INFO - 24 08 c9 3c 00 0a d3 00
INFO - 24 0a 09 3c 00 0a a9 00
INFO - 24 0d 49 3c 00 0a ad 00
INFO - 24 0f 89 3c 00 0a c4 00
INFO - 24 13 c9 3c 00 0a ef 00
INFO - 24 16 09 3c 00 0a e3 00
INFO - 24 19 49 3c 00 0a d2 00
INFO - 24 1b 89 3c 00 0a ad 00
INFO - 24 1f c9 3c 00 0b 09 00
INFO - 24 22 09 3c 00 0a d6 00
INFO - 24 24 49 3c 00 0a 9f 00
INFO - 24 27 89 3c 00 0a e2 00
INFO - 24 2a c9 3c 00 0a c6 00
INFO - 24 2c 09 3c 00 0a ae 00
INFO - 24 30 49 3c 00 0a f0 00
INFO - 24 33 89 3c 00 0a e2 00
INFO - 24 36 c9 3c 00 0a bc 00
INFO - 24 39 09 3c 00 0a d4 00
INFO - 24 3b 49 3c 00 0a af 00
INFO - 24 3d 89 3c 00 0a bb 00
INFO - 24 40 c9 3c 00 0a d4 00
INFO - 24 44 09 3c 00 0a e4 00
INFO - 24 47 49 3c 00 0a f4 00
INFO - 24 4a 89 3c 00 0a d6 00
INFO - 24 4d c9 3c 00 0a cb 00
INFO - 24 50 09 3c 00 0a c8 00
INFO - 24 52 49 3c 00 0a bd 00
INFO - 24 55 89 3c 00 0a bc 00
INFO - 24 57 c9 3c 00 0a c8 00
INFO - 24 5b 09 3c 00 0a e5 00
INFO - 24 5e 49 3c 00 0a e7 00
INFO - 24 61 89 3c 00 0a d8 00
INFO - 24 64 c9 3c 00 0a bc 00
INFO - 24 67 09 3c 00 0a d8 00
INFO - 24 6a 49 3c 00 0a ca 00
INFO - 24 6c 89 3c 00 0a 85 00
INFO - 24 70 c9 3c 00 0a e8 00
INFO - 24 72 09 3c 00 0a ae 00
INFO - 24 75 49 3c 00 0a d9 00
INFO - 24 78 89 3c 00 0a bf 00
INFO - 24 7a c9 3c 00 0a bd 00
INFO - 24 7c 09 3c 00 0a ae 00
INFO - 24 7f 49 3c 00 0a bf 00
INFO - 24 82 89 3c 00 0a e5 00
INFO - 24 84 c9 3c 00 0a b1 00
INFO - 24 88 09 3c 00 0a d9 00
INFO - 24 8a 49 3c 00 0a be 00
INFO - 24 8d 89 3c 00 0a bd 00
INFO - 24 8f c9 3c 00 0a a2 00
INFO - 24 92 09 3c 00 0a e1 00
INFO - 24 95 49 3c 00 0a e9 00
INFO - 24 98 89 3c 00 0a bb 00
INFO - 24 9b c9 3c 00 0a dc 00
INFO - 24 9e 09 3c 00 0a d7 00
INFO - 24 a1 49 3c 00 0a e9 00
INFO - 24 a5 89 3c 00 0a e7 00
INFO - 24 a7 c9 3c 00 0a bb 00
INFO - 24 aa 09 3c 00 0a ce 00
INFO - 24 ae 49 3c 00 0a f3 00
INFO - 24 b0 89 3c 00 0a b2 00
INFO - 24 b3 c9 3c 00 0a cb 00
INFO - 24 b6 09 3c 00 0a d9 00
INFO - 24 b9 49 3c 00 0a c9 00
INFO - 24 bc 89 3c 00 0a ea 00
INFO - 24 c0 c9 3c 00 0b 11 00
INFO - 24 c2 09 3c 00 0a ac 00
INFO - 24 c5 49 3c 00 0a ce 00
INFO - 24 c7 89 3c 00 0a a0 00
INFO - 24 cb c9 3c 00 0a e8 00
INFO - 24 ce 09 3c 00 0a e8 00
INFO - 24 d1 49 3c 00 0a d8 00
INFO - 24 d4 89 3c 00 0a c0 00
INFO - 24 d7 c9 3c 00 0b 02 00
INFO - 24 db 09 3c 00 0b 04 00
INFO - 24 e0 49 3c 00 0b 13 00
INFO - 24 e3 89 3c 00 0a e8 00
INFO - 24 e6 c9 3c 00 0a cb 00
INFO - 24 e8 09 3c 00 0a bf 00
INFO - 24 ea 49 3c 00 0a 93 00
INFO - 24 ee 89 3c 00 0a f7 00
INFO - 24 f1 c9 3c 00 0a da 00
INFO - 24 f3 09 3c 00 0a c0 00
INFO - 24 f6 49 3c 00 0a be 00
INFO - 24 f8 89 3c 00 0a b1 00
INFO - 24 fa c9 3c 00 0a 80 00
INFO - 24 fe 09 3c 00 0a da 00
INFO - 24 ff 49 3c 00 0a a1 00
INFO - 25 02 89 3c 00 0a bf 00
INFO - 25 04 c9 3c 00 0a b0 00
INFO - 25 07 09 3c 00 0a be 00
INFO - 25 09 49 3c 00 0a be 00
INFO - 25 0c 89 3c 00 0a da 00
INFO - 25 0f c9 3c 00 0a d9 00
INFO - 25 13 09 3c 00 0a e7 00
INFO - 25 15 49 3c 00 0a a2 00
INFO - 25 17 89 3c 00 0a a1 00
INFO - 25 19 c9 3c 00 0a be 00
INFO - 25 1c 09 3c 00 0a bd 00
INFO - 25 1f 49 3c 00 0a cb 00
INFO - 25 21 89 3c 00 0a bd 00
INFO - 25 24 c9 3c 00 0a be 00
INFO - 25 26 09 3c 00 0a a0 00
INFO - 25 28 49 3c 00 0a ba 00
INFO - 25 2a 89 3c 00 0a a6 00
INFO - 25 2d c9 3c 00 0a bc 00
INFO - 25 30 09 3c 00 0a cc 00
INFO - 25 32 49 3c 00 0a c9 00
INFO - 25 34 89 3c 00 0a a2 00
INFO - 25 36 c9 3c 00 0a ae 00
INFO - 25 39 09 3c 00 0a b0 00
INFO - 25 3b 49 3c 00 0a ad 00
INFO - 25 3d 89 3c 00 0a bc 00
INFO - 25 40 c9 3c 00 0a cc 00
INFO - 25 43 09 3c 00 0a d8 00
INFO - 25 48 49 3c 00 0b 1b 00
INFO - 25 4b 89 3c 00 0a f4 00
INFO - 25 4e c9 3c 00 0a d9 00
INFO - 25 58 09 3c 00 0b fe 00
INFO - 25 5b 49 3c 00 0a ca 00
INFO - 25 5d 89 3c 00 0a a3 00
INFO - 25 60 c9 3c 00 0a e4 00
INFO - 25 62 09 3c 00 0a b0 00
INFO - 25 65 49 3c 00 0a c8 00
INFO - 25 67 89 3c 00 0a bf 00
INFO - 25 6a c9 3c 00 0a ac 00
INFO - 25 6c 09 3c 00 0a cd 00
INFO - 25 6f 49 3c 00 0a ac 00
INFO - 25 72 89 3c 00 0a db 00
INFO - 25 74 c9 3c 00 0a c8 00
INFO - 25 77 09 3c 00 0a ca 00
INFO - 25 7a 49 3c 00 0a ca 00
INFO - 25 7d 89 3c 00 0a d8 00
INFO - 25 80 c9 3c 00 0a cc 00
INFO - 25 83 09 3c 00 0a e3 00
INFO - 25 86 49 3c 00 0a c0 00
INFO - 25 88 89 3c 00 0a b9 00
INFO - 25 8b c9 3c 00 0a cd 00
INFO - 25 8e 09 3c 00 0a c8 00
INFO - 25 90 49 3c 00 0a ca 00
INFO - 25 93 89 3c 00 0a bd 00
INFO - 25 96 c9 3c 00 0a e8 00
INFO - 25 99 09 3c 00 0a d5 00
INFO - 25 9c 49 3c 00 0a ce 00
INFO - 25 9f 89 3c 00 0a c7 00
INFO - 25 a1 c9 3c 00 0a bf 00
INFO - 25 a4 09 3c 00 0a d6 00
INFO - 25 a7 49 3c 00 0a bc 00
INFO - 25 a9 89 3c 00 0a bc 00
INFO - 25 ad c9 3c 00 0a e6 00
INFO - 25 b0 09 3c 00 0a d8 00
INFO - 25 b2 49 3c 00 0a b1 00
INFO - 25 b5 89 3c 00 0a ca 00
INFO - 25 b8 c9 3c 00 0a c7 00
INFO - 25 bb 09 3c 00 0a e5 00
INFO - 25 bd 49 3c 00 0a bc 00
INFO - 25 c1 89 3c 00 0a da 00
INFO - 25 c4 c9 3c 00 0a e2 00
INFO - 25 c6 09 3c 00 0a 9b 00
INFO - 25 c8 49 3c 00 0a ba 00
INFO - 25 cb 89 3c 00 0a be 00
INFO - 25 cd c9 3c 00 0a ab 00
INFO - 25 d0 09 3c 00 0a cc 00
INFO - 25 d3 49 3c 00 0a d4 00
INFO - 25 d5 89 3c 00 0a c9 00
INFO - 25 d8 c9 3c 00 0a ac 00
INFO - 25 da 09 3c 00 0a be 00
INFO - 25 dd 49 3c 00 0a c9 00
INFO - 25 e0 89 3c 00 0a e0 00
INFO - 25 e3 c9 3c 00 0a bc 00
INFO - 25 e5 09 3c 00 0a c8 00
INFO - 25 e8 49 3c 00 0a bd 00
INFO - 25 eb 89 3c 00 0a e1 00
INFO - 25 ee c9 3c 00 0a d8 00
INFO - 25 f2 09 3c 00 0a ee 00
INFO - 25 f4 49 3c 00 0a af 00
INFO - 25 f7 89 3c 00 0a f0 00
INFO - 25 fa c9 3c 00 0a b7 00
INFO - 25 fc 09 3c 00 0a ba 00
INFO - 25 ff 49 3c 00 0a bd 00
INFO - 26 02 89 3c 00 0a e3 00
INFO - 26 04 c9 3c 00 0a b7 00
INFO - 26 07 09 3c 00 0a bd 00
INFO - 26 0a 49 3c 00 0a d1 00
INFO - 26 0e 89 3c 00 0a fd 00
INFO - 26 10 c9 3c 00 0a c7 00
INFO - 26 14 09 3c 00 0a fd 00
INFO - 26 17 49 3c 00 0a ca 00
INFO - 26 19 89 3c 00 0a a8 00
INFO - 26 1c c9 3c 00 0a d8 00
INFO - 26 1e 09 3c 00 0a b6 00
INFO - 26 21 49 3c 00 0a c9 00
INFO - 26 24 89 3c 00 0a d2 00
INFO - 26 27 c9 3c 00 0a e1 00
INFO - 26 2a 09 3c 00 0a b8 00
INFO - 26 2d 49 3c 00 0a ca 00
INFO - 26 2f 89 3c 00 0a c3 00
INFO - 26 32 c9 3c 00 0a c9 00
INFO - 26 34 09 3c 00 0a 9b 00
INFO - 26 37 49 3c 00 0a e4 00
INFO - 26 3a 89 3c 00 0a c2 00
INFO - 26 3d c9 3c 00 0a e5 00
INFO - 26 3f 09 3c 00 0a b5 00
INFO - 26 42 49 3c 00 0a d3 00
INFO - 26 44 89 3c 00 0a af 00
INFO - 26 47 c9 3c 00 0a d3 00
INFO - 26 49 09 3c 00 0a 9a 00
INFO - 26 4d 49 3c 00 0a fe 00
INFO - 26 4f 89 3c 00 0a b5 00
INFO - 26 52 c9 3c 00 0a ab 00
INFO - 26 55 09 3c 00 0a d6 00
INFO - 26 57 49 3c 00 0a c2 00
INFO - 26 5a 89 3c 00 0a ba 00
INFO - 26 61 c9 3c 00 0a bf 00
INFO - 26 63 09 3c 00 0a ad 00
INFO - 26 66 49 3c 00 0a c2 00
INFO - 26 67 89 3c 00 0a 9c 00
INFO - 26 69 c9 3c 00 0a a1 00
INFO - 26 6b 09 3c 00 0a a7 00
INFO - 26 6f 49 3c 00 0a f0 00
INFO - 26 73 89 3c 00 0a f6 00
INFO - 26 75 c9 3c 00 0a aa 00
INFO - 26 78 09 3c 00 0a e0 00
INFO - 26 7b 49 3c 00 0a c8 00
INFO - 26 7e 89 3c 00 0a f7 00
INFO - 26 82 c9 3c 00 0a ed 00
INFO - 26 85 09 3c 00 0a c4 00
INFO - 26 88 49 3c 00 0a d2 00
INFO - 26 8a 89 3c 00 0a c5 00
INFO - 26 8d c9 3c 00 0a c9 00
INFO - 26 8f 09 3c 00 0a 9c 00
INFO - 26 91 49 3c 00 0a c5 00
INFO - 26 94 89 3c 00 0a c2 00
INFO - 26 97 c9 3c 00 0a e3 00
INFO - 26 99 09 3c 00 0a 9a 00
INFO - 26 9b 49 3c 00 0a a0 00
INFO - 26 9d 89 3c 00 0a b6 00
INFO - 26 a0 c9 3c 00 0a aa 00
INFO - 26 a2 09 3c 00 0a ad 00
INFO - 26 a4 49 3c 00 0a b5 00
INFO - 26 a6 89 3c 00 0a 9d 00
INFO - 26 a8 c9 3c 00 0a bc 00
INFO - 26 ab 09 3c 00 0a a7 00
INFO - 26 ad 49 3c 00 0a d3 00
INFO - 26 b0 89 3c 00 0a d3 00
INFO - 26 b3 c9 3c 00 0a b9 00
INFO - 26 b5 09 3c 00 0a c4 00
INFO - 26 bd 49 3c 00 0b aa 00
INFO - 26 bf 89 3c 00 0a c3 00
INFO - 26 c3 c9 3c 00 0a ed 00
INFO - 26 c6 09 3c 00 0a c7 00
INFO - 26 c8 49 3c 00 0a cf 00
INFO - 26 cb 89 3c 00 0a b7 00
INFO - 26 ce c9 3c 00 0a cf 00
INFO - 26 d0 09 3c 00 0a b7 00
INFO - 26 d3 49 3c 00 0a ba 00
INFO - 26 d5 89 3c 00 0a aa 00
INFO - 26 d8 c9 3c 00 0a c3 00
INFO - 26 da 09 3c 00 0a a9 00
INFO - 26 dc 49 3c 00 0a c8 00
INFO - 26 df 89 3c 00 0a b4 00
INFO - 26 e1 c9 3c 00 0a 9e 00
INFO - 26 e3 09 3c 00 0a c5 00
INFO - 26 e7 49 3c 00 0b 06 00
INFO - 26 e9 89 3c 00 0a aa 00
INFO - 26 ec c9 3c 00 0a c4 00
INFO - 26 ee 09 3c 00 0a 9d 00
INFO - 26 f1 49 3c 00 0a c4 00
INFO - 26 f4 89 3c 00 0a de 00
INFO - 26 f6 c9 3c 00 0a c4 00
INFO - 26 f8 09 3c 00 0a 9c 00
INFO - 26 fb 49 3c 00 0a c4 00
INFO - 26 ff 89 3c 00 0a f8 00
INFO - 27 02 c9 3c 00 0a de 00
INFO - 27 04 09 3c 00 0a c4 00
INFO - 27 07 49 3c 00 0a b7 00
INFO - 27 09 89 3c 00 0a 9c 00
INFO - 27 0b c9 3c 00 0a ab 00
INFO - 27 0f 09 3c 00 0b 02 00
INFO - 27 11 49 3c 00 0a b8 00
INFO - 27 14 89 3c 00 0a c1 00
INFO - 27 16 c9 3c 00 0a b5 00
INFO - 27 18 09 3c 00 0a b9 00
INFO - 27 1c 49 3c 00 0a f8 00
INFO - 27 1f 89 3c 00 0a 80 00
INFO - 27 21 c9 3c 00 0a ab 00
INFO - 27 23 09 3c 00 0a c1 00
INFO - 27 27 49 3c 00 0a e0 00
INFO - 27 29 89 3c 00 0a b2 00
INFO - 27 2b c9 3c 00 0a b6 00
INFO - 27 2e 09 3c 00 0a b9 00
INFO - 27 30 49 3c 00 0a bf 00
INFO - 27 34 89 3c 00 0b 11 00
INFO - 27 37 c9 3c 00 0a b8 00
INFO - 27 39 09 3c 00 0a b3 00
INFO - 27 3c 49 3c 00 0a cf 00
INFO - 27 3e 89 3c 00 0a 9f 00
INFO - 27 41 c9 3c 00 0a d0 00
INFO - 27 43 09 3c 00 0a b3 00
INFO - 27 46 49 3c 00 0a dd 00
INFO - 27 49 89 3c 00 0a b6 00
INFO - 27 4c c9 3c 00 0a eb 00
INFO - 27 4e 09 3c 00 0a aa 00
INFO - 27 51 49 3c 00 0a b7 00
INFO - 27 54 89 3c 00 0a d0 00
INFO - 27 56 c9 3c 00 0a c7 00
INFO - 27 58 09 3c 00 0a 99 00
INFO - 27 5b 49 3c 00 0a d1 00
INFO - 27 5d 89 3c 00 0a ad 00
INFO - 27 5f c9 3c 00 0a a7 00
INFO - 27 62 09 3c 00 0a b7 00
INFO - 27 64 49 3c 00 0a ad 00
INFO - 27 66 89 3c 00 0a b4 00
INFO - 27 68 c9 3c 00 0a 9f 00
INFO - 27 6b 09 3c 00 0a e9 00
INFO - 27 6e 49 3c 00 0a ba 00
INFO - 27 70 89 3c 00 0a c1 00
INFO - 27 73 c9 3c 00 0a c4 00
INFO - 27 76 09 3c 00 0a de 00
INFO - 27 79 49 3c 00 0a c4 00
INFO - 27 7c 89 3c 00 0a d1 00
INFO - 27 7e c9 3c 00 0a ba 00
INFO - 27 82 09 3c 00 0b 03 00
INFO - 27 85 49 3c 00 0a d1 00
INFO - 27 88 89 3c 00 0a de 00
INFO - 27 8b c9 3c 00 0a de 00
INFO - 27 8e 09 3c 00 0a b7 00
INFO - 27 91 49 3c 00 0a d4 00
INFO - 27 93 89 3c 00 0a b3 00
INFO - 27 96 c9 3c 00 0a d2 00
INFO - 27 9b 09 3c 00 0b 2c 00
INFO - 27 9d 49 3c 00 0a 9c 00
INFO - 27 9f 89 3c 00 0a a9 00
INFO - 27 a1 c9 3c 00 0a b6 00
INFO - 27 a3 09 3c 00 0a ac 00
INFO - 27 a6 49 3c 00 0a ce 00
INFO - 27 a8 89 3c 00 0a ac 00
INFO - 27 ab c9 3c 00 0a c1 00
INFO - 27 ad 09 3c 00 0a ac 00
INFO - 27 b0 49 3c 00 0a e8 00
INFO - 27 b3 89 3c 00 0a c3 00
INFO - 27 b6 c9 3c 00 0a dd 00
INFO - 27 ba 09 3c 00 0a ea 00
INFO - 27 bc 49 3c 00 0a ab 00
INFO - 27 be 89 3c 00 0a a6 00
INFO - 27 c0 c9 3c 00 0a c2 00
INFO - 27 c3 09 3c 00 0a b6 00
INFO - 27 c5 49 3c 00 0a ac 00
INFO - 27 c8 89 3c 00 0a cc 00
INFO - 27 cb c9 3c 00 0a e0 00
INFO - 27 cd 09 3c 00 0a b3 00
INFO - 27 d1 49 3c 00 0b 07 00
INFO - 27 d4 89 3c 00 0a cc 00
INFO - 27 d7 c9 3c 00 0a df 00
INFO - 27 da 09 3c 00 0a d9 00
INFO - 27 dc 49 3c 00 0a 9e 00
INFO - 27 de 89 3c 00 0a 8c 00
INFO - 27 e0 c9 3c 00 0a c1 00
INFO - 27 e3 09 3c 00 0a aa 00
INFO - 27 e5 49 3c 00 0a be 00
INFO - 27 e7 89 3c 00 0a aa 00
INFO - 27 eb c9 3c 00 0a f2 00
INFO - 27 ed 09 3c 00 0a b6 00
INFO - 27 f0 49 3c 00 0a d8 00
INFO - 27 f2 89 3c 00 0a 8f 00
INFO - 27 f5 c9 3c 00 0a cb 00
INFO - 27 f6 09 3c 00 0a 99 00
INFO - 27 f9 49 3c 00 0a cd 00
INFO - 27 fb 89 3c 00 0a a7 00
INFO - 27 fd c9 3c 00 0a a8 00
INFO - 28 00 09 3c 00 0a b1 00
INFO - 28 02 49 3c 00 0a a8 00
INFO - 28 04 89 3c 00 0a bd 00
INFO - 28 07 c9 3c 00 0a c2 00
INFO - 28 0a 09 3c 00 0a ee 00
INFO - 28 0d 49 3c 00 0a da 00
INFO - 28 10 89 3c 00 0a af 00
INFO - 28 12 c9 3c 00 0a b3 00
INFO - 28 14 09 3c 00 0a 96 00
INFO - 28 16 49 3c 00 0a b1 00
INFO - 28 18 89 3c 00 0a a5 00
INFO - 28 1a c9 3c 00 0a 9a 00
INFO - 28 22 09 3c 00 0b cc 00
INFO - 28 24 49 3c 00 0a 97 00
INFO - 28 27 89 3c 00 0a fa 00
INFO - 28 2a c9 3c 00 0a cb 00
INFO - 28 2c 09 3c 00 0a 94 00
INFO - 28 2e 49 3c 00 0a af 00
INFO - 28 30 89 3c 00 0a b2 00
INFO - 28 34 c9 3c 00 0a e9 00
INFO - 28 37 09 3c 00 0a f8 00
INFO - 28 3a 49 3c 00 0a ca 00
INFO - 28 3c 89 3c 00 0a 92 00
INFO - 28 3e c9 3c 00 0a b1 00
INFO - 28 40 09 3c 00 0a ab 00
INFO - 28 42 49 3c 00 0a a1 00
INFO - 28 44 89 3c 00 0a b0 00
INFO - 28 46 c9 3c 00 0a 9e 00
INFO - 28 49 09 3c 00 0a d2 00
INFO - 28 4b 49 3c 00 0a 97 00
INFO - 28 4d 89 3c 00 0a aa 00
INFO - 28 4f c9 3c 00 0a bb 00
INFO - 28 53 09 3c 00 0a e6 00
INFO - 28 57 49 3c 00 0a ff 00
INFO - 28 59 89 3c 00 0a a0 00
INFO - 28 5a c9 3c 00 0a 96 00
INFO - 28 5d 09 3c 00 0a d8 00
INFO - 28 60 49 3c 00 0a b7 00
INFO - 28 63 89 3c 00 0a da 00
INFO - 28 66 c9 3c 00 0a db 00
INFO - 28 69 09 3c 00 0a c3 00
INFO - 28 6b 49 3c 00 0a ba 00
INFO - 28 6d 89 3c 00 0a 9d 00
INFO - 28 6f c9 3c 00 0a 77 00
INFO - 28 71 09 3c 00 0a b5 00
INFO - 28 74 49 3c 00 0a ba 00
INFO - 28 76 89 3c 00 0a 9d 00
INFO - 28 78 c9 3c 00 0a ac 00
INFO - 28 7a 09 3c 00 0a a2 00
INFO - 28 7c 49 3c 00 0a a9 00
INFO - 28 7f 89 3c 00 0a bb 00
INFO - 28 80 c9 3c 00 0a 9e 00
INFO - 28 83 09 3c 00 0a d0 00
INFO - 28 87 49 3c 00 0a e8 00
INFO - 28 8a 89 3c 00 0a e0 00
INFO - 28 8c c9 3c 00 0a c2 00
INFO - 28 8e 09 3c 00 0a 97 00
INFO - 28 91 49 3c 00 0a c2 00
INFO - 28 93 89 3c 00 0a ae 00
INFO - 28 96 c9 3c 00 0a d1 00
INFO - 28 98 09 3c 00 0a b9 00
INFO - 28 9b 49 3c 00 0a c8 00
INFO - 28 9d 89 3c 00 0a 9e 00
INFO - 28 9f c9 3c 00 0a ad 00
INFO - 28 a1 09 3c 00 0a a3 00
INFO - 28 a3 49 3c 00 0a aa 00
INFO - 28 a6 89 3c 00 0a dd 00
INFO - 28 a9 c9 3c 00 0a b9 00
INFO - 28 ab 09 3c 00 0a af 00
INFO - 28 ad 49 3c 00 0a 9e 00
INFO - 28 b0 89 3c 00 0a d3 00
INFO - 28 b2 c9 3c 00 0a 9e 00
INFO - 28 b5 09 3c 00 0a df 00
INFO - 28 b7 49 3c 00 0a b6 00
INFO - 28 b9 89 3c 00 0a a0 00
INFO - 28 bc c9 3c 00 0a af 00
INFO - 28 be 09 3c 00 0a cd 00
INFO - 28 c2 49 3c 00 0a df 00
INFO - 28 c4 89 3c 00 0a 8e 00
INFO - 28 c7 c9 3c 00 0a e8 00
INFO - 28 ca 09 3c 00 0a d2 00
INFO - 28 cc 49 3c 00 0a aa 00
INFO - 28 ce 89 3c 00 0a b8 00
INFO - 28 d1 c9 3c 00 0a af 00
INFO - 28 d2 09 3c 00 0a 9d 00
INFO - 28 d5 49 3c 00 0a d2 00
INFO - 28 d7 89 3c 00 0a a9 00
INFO - 28 da c9 3c 00 0a ac 00
INFO - 28 dc 09 3c 00 0a b7 00
INFO - 28 de 49 3c 00 0a b8 00
INFO - 28 e1 89 3c 00 0a c6 00
INFO - 28 e3 c9 3c 00 0a a9 00
INFO - 28 e6 09 3c 00 0a b9 00
INFO - 28 e9 49 3c 00 0a cd 00
INFO - 28 eb 89 3c 00 0a ae 00
INFO - 28 ed c9 3c 00 0a a7 00
INFO - 28 ef 09 3c 00 0a b7 00
INFO - 28 f2 49 3c 00 0a b9 00
INFO - 28 f4 89 3c 00 0a b7 00
INFO - 28 f6 c9 3c 00 0a b3 00
INFO - 28 f8 09 3c 00 0a ab 00
INFO - 28 fc 49 3c 00 0a f0 00
INFO - 28 fe 89 3c 00 0a 92 00
INFO - 29 00 c9 3c 00 0a cd 00
INFO - 29 03 09 3c 00 0a aa 00
INFO - 29 05 49 3c 00 0a cf 00
INFO - 29 07 89 3c 00 0a 8f 00
INFO - 29 0a c9 3c 00 0a c1 00
INFO - 29 0c 09 3c 00 0a b3 00
INFO - 29 0f 49 3c 00 0a cb 00
INFO - 29 11 89 3c 00 0a b4 00
INFO - 29 14 c9 3c 00 0a ca 00
INFO - 29 16 09 3c 00 0a 9d 00
INFO - 29 18 49 3c 00 0a b3 00
INFO - 29 1a 89 3c 00 0a b3 00
INFO - 29 1d c9 3c 00 0a ca 00
INFO - 29 1f 09 3c 00 0a 90 00
INFO - 29 21 49 3c 00 0a c9 00
INFO - 29 23 89 3c 00 0a 9c 00
INFO - 29 26 c9 3c 00 0a d5 00
INFO - 29 29 09 3c 00 0a d4 00
INFO - 29 2b 49 3c 00 0a a6 00
INFO - 29 2e 89 3c 00 0a d4 00
INFO - 29 31 c9 3c 00 0a d4 00
INFO - 29 33 09 3c 00 0a 8f 00
INFO - 29 35 49 3c 00 0a a6 00
INFO - 29 37 89 3c 00 0a b1 00
INFO - 29 39 c9 3c 00 0a 9a 00
INFO - 29 3c 09 3c 00 0a d2 00
INFO - 29 3d 49 3c 00 0a 83 00
INFO - 29 40 89 3c 00 0a c7 00
INFO - 29 41 c9 3c 00 0a 8d 00
INFO - 29 43 09 3c 00 0a 97 00
INFO - 29 46 49 3c 00 0a bb 00
INFO - 29 47 89 3c 00 0a 8e 00
INFO - 29 4a c9 3c 00 0a ba 00
INFO - 29 4c 09 3c 00 0a 98 00
INFO - 29 4d 49 3c 00 0a 99 00
INFO - 29 4f 89 3c 00 0a 98 00
INFO - 29 51 c9 3c 00 0a 8d 00
INFO - 29 53 09 3c 00 0a ae 00
INFO - 29 55 49 3c 00 0a a3 00
INFO - 29 57 89 3c 00 0a ae 00
INFO - 29 59 c9 3c 00 0a 8d 00
INFO - 29 5b 09 3c 00 0a af 00
INFO - 29 5f 49 3c 00 0b 0f 00
INFO - 29 61 89 3c 00 0a 93 00
INFO - 29 63 c9 3c 00 0a a2 00
INFO - 29 65 09 3c 00 0a af 00
INFO - 29 67 49 3c 00 0a 9f 00
INFO - 29 69 89 3c 00 0a ba 00
INFO - 29 6c c9 3c 00 0a b5 00
INFO - 29 6e 09 3c 00 0a c6 00
INFO - 29 73 49 3c 00 0b 24 00
INFO - 29 75 89 3c 00 0a aa 00
INFO - 29 77 c9 3c 00 0a ad 00
INFO - 29 7a 09 3c 00 0a d2 00
INFO - 29 7d 49 3c 00 0a c3 00
INFO - 29 80 89 3c 00 0a f7 00
INFO - 29 82 c9 3c 00 0a 9c 00
INFO - 29 85 09 3c 00 0a b6 00
INFO - 29 86 49 3c 00 0a 9a 00
INFO - 29 88 89 3c 00 0a 98 00
INFO - 29 8a c9 3c 00 0a a1 00
INFO - 29 8c 09 3c 00 0a 98 00
INFO - 29 8e 49 3c 00 0a b9 00
INFO - 29 91 89 3c 00 0a bc 00
INFO - 29 92 c9 3c 00 0a 82 00
INFO - 29 94 09 3c 00 0a af 00
INFO - 29 96 49 3c 00 0a a0 00
INFO - 29 99 89 3c 00 0a cf 00
INFO - 29 9d c9 3c 00 0a f0 00
INFO - 29 9e 09 3c 00 0a 82 00
INFO - 29 a0 49 3c 00 0a a6 00
INFO - 29 a2 89 3c 00 0a 95 00
INFO - 29 a4 c9 3c 00 0a c4 00
INFO - 29 a7 09 3c 00 0a af 00
INFO - 29 a9 49 3c 00 0a bc 00
INFO - 29 ac 89 3c 00 0a c1 00
INFO - 29 ae c9 3c 00 0a a6 00
INFO - 29 b0 09 3c 00 0a ac 00
INFO - 29 b2 49 3c 00 0a af 00
INFO - 29 b4 89 3c 00 0a 8d 00
INFO - 29 b7 c9 3c 00 0a dd 00
INFO - 29 b8 09 3c 00 0a 94 00
INFO - 29 ba 49 3c 00 0a 9c 00
INFO - 29 bc 89 3c 00 0a a0 00
INFO - 29 be c9 3c 00 0a 99 00
INFO - 29 c1 09 3c 00 0a d2 00
INFO - 29 c4 49 3c 00 0a cc 00
INFO - 29 c6 89 3c 00 0a bc 00
INFO - 29 c9 c9 3c 00 0a 7b 00
INFO - 29 cb 09 3c 00 0a ba 00
INFO - 29 cd 49 3c 00 0a b1 00
INFO - 29 cf 89 3c 00 0a a0 00
INFO - 29 d2 c9 3c 00 0a c4 00
INFO - 29 d3 09 3c 00 0a 90 00
INFO - 29 d5 49 3c 00 0a a1 00
INFO - 29 d8 89 3c 00 0a af 00
INFO - 29 d9 c9 3c 00 0a 9b 00
INFO - 29 dc 09 3c 00 0a cd 00
INFO - 29 e0 49 3c 00 0a f4 00
INFO - 29 e3 89 3c 00 0a ae 00
INFO - 29 e4 c9 3c 00 0a 8d 00
INFO - 29 e6 09 3c 00 0a 99 00
INFO - 29 e8 49 3c 00 0a af 00
INFO - 29 ea 89 3c 00 0a 98 00
INFO - 29 ed c9 3c 00 0a db 00
INFO - 29 ee 09 3c 00 0a 8d 00
INFO - 29 f0 49 3c 00 0a a3 00
INFO - 29 f2 89 3c 00 0a a4 00
INFO - 29 f4 c9 3c 00 0a 99 00
INFO - 29 f7 09 3c 00 0a 7d 00
INFO - 29 fa 49 3c 00 0a d1 00
INFO - 29 fc 89 3c 00 0a ba 00
INFO - 29 fe c9 3c 00 0a a4 00
INFO - 2a 03 09 3c 00 0b 14 00
INFO - 2a 05 49 3c 00 0a a5 00
INFO - 2a 08 89 3c 00 0a be 00
INFO - 2a 0a c9 3c 00 0a b1 00
INFO - 2a 0d 09 3c 00 0a cf 00
INFO - 2a 0f 49 3c 00 0a b4 00
INFO - 2a 11 89 3c 00 0a af 00
INFO - 2a 14 c9 3c 00 0a ca 00
INFO - 2a 17 09 3c 00 0a ca 00
INFO - 2a 19 49 3c 00 0a c5 00
INFO - 2a 1c 89 3c 00 0a b4 00
INFO - 2a 1e c9 3c 00 0a c6 00
INFO - 2a 20 09 3c 00 0a 9c 00
INFO - 2a 22 49 3c 00 0a 9e 00
INFO - 2a 24 89 3c 00 0a b0 00
INFO - 2a 27 c9 3c 00 0a be 00
INFO - 2a 29 09 3c 00 0a a7 00
INFO - 2a 2b 49 3c 00 0a 9b 00
INFO - 2a 2d 89 3c 00 0a a6 00
INFO - 2a 30 c9 3c 00 0a e0 00
INFO - 2a 33 09 3c 00 0a b5 00
INFO - 2a 35 49 3c 00 0a af 00
INFO - 2a 37 89 3c 00 0a b5 00
INFO - 2a 3a c9 3c 00 0a c7 00
INFO - 2a 3c 09 3c 00 0a a7 00
INFO - 2a 3e 49 3c 00 0a b5 00
INFO - 2a 40 89 3c 00 0a 82 00
INFO - 2a 41 c9 3c 00 0a 9c 00
INFO - 2a 45 09 3c 00 0a ee 00
INFO - 2a 48 49 3c 00 0a c7 00
INFO - 2a 49 89 3c 00 0a 9e 00
INFO - 2a 4c c9 3c 00 0a c6 00
INFO - 2a 4e 09 3c 00 0a a8 00
INFO - 2a 51 49 3c 00 0a ca 00
INFO - 2a 53 89 3c 00 0a b2 00
INFO - 2a 55 c9 3c 00 0a aa 00
INFO - 2a 58 09 3c 00 0a bb 00
INFO - 2a 5a 49 3c 00 0a ab 00
INFO - 2a 5c 89 3c 00 0a 8d 00
INFO - 2a 5e c9 3c 00 0a aa 00
INFO - 2a 60 09 3c 00 0a a5 00
INFO - 2a 62 49 3c 00 0a b3 00
INFO - 2a 64 89 3c 00 0a b5 00
INFO - 2a 66 c9 3c 00 0a 8e 00
INFO - 2a 68 09 3c 00 0a b3 00
INFO - 2a 6a 49 3c 00 0a 9f 00
INFO - 2a 6d 89 3c 00 0a 7e 00
INFO - 2a 6f c9 3c 00 0a aa 00
INFO - 2a 72 09 3c 00 0a d3 00
INFO - 2a 74 49 3c 00 0a a0 00
INFO - 2a 76 89 3c 00 0a b1 00
INFO - 2a 78 c9 3c 00 0a 9e 00
INFO - 2a 7a 09 3c 00 0a b7 00
INFO - 2a 7c 49 3c 00 0a 9b 00
INFO - 2a 7e 89 3c 00 0a 88 00
INFO - 2a 80 c9 3c 00 0a c8 00
INFO - 2a 85 09 3c 00 0b 27 00
INFO - 2a 87 49 3c 00 0a a1 00
INFO - 2a 89 89 3c 00 0a 6f 00
INFO - 2a 8e c9 3c 00 0b 3e 00
INFO - 2a 90 09 3c 00 0a 9e 00
INFO - 2a 94 49 3c 00 0b 1e 00
INFO - 2a 97 89 3c 00 0a b8 00
INFO - 2a 99 c9 3c 00 0a 9c 00
INFO - 2a 9c 09 3c 00 0a dc 00
INFO - 2a 9e 49 3c 00 0a 9b 00
INFO - 2a a0 89 3c 00 0a a1 00
INFO - 2a a2 c9 3c 00 0a b3 00
INFO - 2a a5 09 3c 00 0a ce 00
INFO - 2a a7 49 3c 00 0a c2 00
INFO - 2a ab 89 3c 00 0a f1 00
INFO - 2a ae c9 3c 00 0a d9 00
INFO - 2a b2 09 3c 00 0a ff 00
INFO - 2a b4 49 3c 00 0a ab 00
INFO - 2a b6 89 3c 00 0a ab 00
INFO - 2a b8 c9 3c 00 0a ab 00
INFO - 2a b9 09 3c 00 0a 7b 00
INFO - 2a be 49 3c 00 0b 16 00
INFO - 2a c0 89 3c 00 0a b8 00
INFO - 2a c2 c9 3c 00 0a 94 00
INFO - 2a c5 09 3c 00 0a db 00
INFO - 2a c8 49 3c 00 0a dc 00
INFO - 2a ca 89 3c 00 0a a0 00
INFO - 2a cc c9 3c 00 0a b7 00
INFO - 2a cf 09 3c 00 0a b8 00
INFO - 2a d1 49 3c 00 0a ae 00
INFO - 2a d3 89 3c 00 0a aa 00
INFO - 2a d5 c9 3c 00 0a ae 00
INFO - 2a d8 09 3c 00 0a c3 00
INFO - 2a db 49 3c 00 0a bb 00
INFO - 2a dd 89 3c 00 0a a9 00
INFO - 2a df c9 3c 00 0a b0 00
INFO - 2a e0 09 3c 00 0a 91 00
INFO - 2a e3 49 3c 00 0a ad 00
INFO - 2a e6 89 3c 00 0a d4 00
INFO - 2a e8 c9 3c 00 0a ab 00
INFO - 2a ea 09 3c 00 0a a3 00
INFO - 2a ec 49 3c 00 0a 9e 00
INFO - 2a ed 89 3c 00 0a 95 00
INFO - 2a f0 c9 3c 00 0a c8 00
INFO - 2a f2 09 3c 00 0a ad 00
INFO - 2a f4 49 3c 00 0a 9f 00
INFO - 2a f6 89 3c 00 0a ad 00
INFO - 2a fa c9 3c 00 0a e1 00
INFO - 2a fc 09 3c 00 0a aa 00
INFO - 2a ff 49 3c 00 0a c9 00
INFO - 2b 01 89 3c 00 0a cf 00
INFO - 2b 04 c9 3c 00 0a b1 00
INFO - 2b 07 09 3c 00 0a f3 00
INFO - 2b 09 49 3c 00 0a 98 00
INFO - 2b 0b 89 3c 00 0a aa 00
INFO - 2b 0f c9 3c 00 0a ea 00
INFO - 2b 11 09 3c 00 0a c5 00
INFO - 2b 14 49 3c 00 0a c9 00
INFO - 2b 16 89 3c 00 0a 91 00
INFO - 2b 18 c9 3c 00 0a a0 00
INFO - 2b 1b 09 3c 00 0a b9 00
INFO - 2b 1c 49 3c 00 0a 89 00
INFO - 2b 1f 89 3c 00 0a c9 00
INFO - 2b 21 c9 3c 00 0a 9c 00
INFO - 2b 23 09 3c 00 0a a5 00
INFO - 2b 25 49 3c 00 0a 9d 00
INFO - 2b 27 89 3c 00 0a ad 00
INFO - 2b 29 c9 3c 00 0a a4 00
INFO - 2b 2b 09 3c 00 0a b6 00
INFO - 2b 2e 49 3c 00 0a e1 00
INFO - 2b 31 89 3c 00 0a da 00
INFO - 2b 33 c9 3c 00 0a a4 00
INFO - 2b 37 09 3c 00 0a e6 00
INFO - 2b 39 49 3c 00 0a be 00
INFO - 2b 3c 89 3c 00 0a ce 00
INFO - 2b 40 c9 3c 00 0b 06 00
INFO - 2b 42 09 3c 00 0a aa 00
INFO - 2b 45 49 3c 00 0a b2 00
INFO - 2b 47 89 3c 00 0a b6 00
INFO - 2b 4a c9 3c 00 0a d5 00
INFO - 2b 4d 09 3c 00 0a cf 00
INFO - 2b 50 49 3c 00 0a c9 00
INFO - 2b 52 89 3c 00 0a a9 00
INFO - 2b 54 c9 3c 00 0a c6 00
INFO - 2b 57 09 3c 00 0a c6 00
INFO - 2b 59 49 3c 00 0a 98 00
INFO - 2b 5b 89 3c 00 0a a9 00
INFO - 2b 5d c9 3c 00 0a ae 00
INFO - 2b 60 09 3c 00 0a d4 00
INFO - 2b 62 49 3c 00 0a ac 00
INFO - 2b 65 89 3c 00 0a b6 00
INFO - 2b 67 c9 3c 00 0a c4 00
INFO - 2b 6a 09 3c 00 0a bc 00
INFO - 2b 6c 49 3c 00 0a b5 00
INFO - 2b 6e 89 3c 00 0a 93 00
INFO - 2b 70 c9 3c 00 0a ae 00
INFO - 2b 73 09 3c 00 0a d0 00
INFO - 2b 75 49 3c 00 0a b5 00
INFO - 2b 77 89 3c 00 0a 9f 00
INFO - 2b 7a c9 3c 00 0a c7 00
INFO - 2b 7c 09 3c 00 0a b7 00
INFO - 2b 80 49 3c 00 0a e2 00
INFO - 2b 83 89 3c 00 0a db 00
INFO - 2b 85 c9 3c 00 0a c6 00
INFO - 2b 88 09 3c 00 0a a7 00
INFO - 2b 8a 49 3c 00 0a c6 00
INFO - 2b 8c 89 3c 00 0a a7 00
INFO - 2b 8e c9 3c 00 0a 93 00
INFO - 2b 91 09 3c 00 0a c2 00
INFO - 2b 93 49 3c 00 0a c5 00
INFO - 2b 96 89 3c 00 0a cb 00
INFO - 2b 99 c9 3c 00 0a c5 00
INFO - 2b 9a 09 3c 00 0a 90 00
INFO - 2b 9d 49 3c 00 0a cd 00
INFO - 2b a0 89 3c 00 0a ba 00
INFO - 2b a1 c9 3c 00 0a 9a 00
INFO - 2b a3 09 3c 00 0a 96 00
INFO - 2b a5 49 3c 00 0a a5 00
INFO - 2b a7 89 3c 00 0a 93 00
INFO - 2b a9 c9 3c 00 0a ad 00
INFO - 2b ab 09 3c 00 0a 8e 00
INFO - 2b ad 49 3c 00 0a c5 00
INFO - 2b af 89 3c 00 0a a5 00
INFO - 2b b1 c9 3c 00 0a 9e 00
INFO - 2b b4 09 3c 00 0a b7 00
INFO - 2b b6 49 3c 00 0a bd 00
INFO - 2b b8 89 3c 00 0a ac 00
INFO - 2b ba c9 3c 00 0a 99 00
INFO - 2b bd 09 3c 00 0a cf 00
INFO - 2b bf 49 3c 00 0a 99 00
INFO - 2b c1 89 3c 00 0a b3 00
INFO - 2b c3 c9 3c 00 0a ac 00
INFO - 2b c6 09 3c 00 0a d2 00
INFO - 2b cc 49 3c 00 0b 54 00
INFO - 2b ce 89 3c 00 0a b7 00
INFO - 2b d0 c9 3c 00 0a a3 00
INFO - 2b d3 09 3c 00 0a c1 00
INFO - 2b d4 49 3c 00 0a 99 00
INFO - 2b d6 89 3c 00 0a 6e 00
INFO - 2b d9 c9 3c 00 0a c8 00
INFO - 2b dc 09 3c 00 0a d4 00
INFO - 2b de 49 3c 00 0a a9 00
INFO - 2b e1 89 3c 00 0a b9 00
INFO - 2b e3 c9 3c 00 0a a8 00
INFO - 2b e6 09 3c 00 0a da 00
INFO - 2b e9 49 3c 00 0a d1 00
INFO - 2b eb 89 3c 00 0a a4 00
INFO - 2b ed c9 3c 00 0a 9d 00
INFO - 2b ef 09 3c 00 0a b6 00
INFO - 2b f1 49 3c 00 0a 99 00
INFO - 2b f3 89 3c 00 0a c8 00
INFO - 2b f5 c9 3c 00 0a a0 00
INFO - 2b f8 09 3c 00 0a bb 00
INFO - 2b fa 49 3c 00 0a b6 00
INFO - 2b fc 89 3c 00 0a b0 00
INFO - 2b fe c9 3c 00 0a 8c 00
INFO - 2c 00 09 3c 00 0a b7 00
INFO - 2c 02 49 3c 00 0a 96 00
INFO - 2c 04 89 3c 00 0a b3 00
INFO - 2c 06 c9 3c 00 0a a3 00
INFO - 2c 08 09 3c 00 0a 8a 00
INFO - 2c 0a 49 3c 00 0a a7 00
INFO - 2c 0b 89 3c 00 0a 89 00
INFO - 2c 0d c9 3c 00 0a 98 00
INFO - 2c 0f 09 3c 00 0a 90 00
INFO - 2c 11 49 3c 00 0a c1 00
INFO - 2c 13 89 3c 00 0a 84 00
INFO - 2c 15 c9 3c 00 0a c0 00
INFO - 2c 17 09 3c 00 0a 99 00
INFO - 2c 19 49 3c 00 0a a0 00
INFO - 2c 1c 89 3c 00 0a cc 00
INFO - 2c 1f c9 3c 00 0a e7 00
INFO - 2c 22 09 3c 00 0a d9 00
INFO - 2c 24 49 3c 00 0a 8c 00
INFO - 2c 27 89 3c 00 0a e0 00
INFO - 2c 2a c9 3c 00 0a c8 00
INFO - 2c 2d 09 3c 00 0a e2 00
INFO - 2c 2f 49 3c 00 0a ac 00
INFO - 2c 31 89 3c 00 0a 88 00
INFO - 2c 33 c9 3c 00 0a b3 00
INFO - 2c 36 09 3c 00 0a d4 00
INFO - 2c 38 49 3c 00 0a a9 00
INFO - 2c 3a 89 3c 00 0a 99 00
INFO - 2c 3c c9 3c 00 0a 9b 00
INFO - 2c 3d 09 3c 00 0a 8a 00
INFO - 2c 3f 49 3c 00 0a 8e 00
INFO - 2c 41 89 3c 00 0a af 00
INFO - 2c 43 c9 3c 00 0a 98 00
INFO - 2c 45 09 3c 00 0a 98 00
INFO - 2c 47 49 3c 00 0a b3 00
INFO - 2c 49 89 3c 00 0a 8e 00
INFO - 2c 4b c9 3c 00 0a 9b 00
INFO - 2c 4d 09 3c 00 0a d2 00
INFO - 2c 4f 49 3c 00 0a a3 00
INFO - 2c 52 89 3c 00 0a b0 00
INFO - 2c 54 c9 3c 00 0a aa 00
INFO - 2c 56 09 3c 00 0a 98 00
INFO - 2c 57 49 3c 00 0a 92 00
INFO - 2c 5a 89 3c 00 0a c8 00
INFO - 2c 5c c9 3c 00 0a b8 00
INFO - 2c 5f 09 3c 00 0a b5 00
INFO - 2c 60 49 3c 00 0a 90 00
INFO - 2c 62 89 3c 00 0a 88 00
INFO - 2c 64 c9 3c 00 0a b4 00
INFO - 2c 66 09 3c 00 0a 92 00
INFO - 2c 68 49 3c 00 0a a5 00
INFO - 2c 69 89 3c 00 0a 8b 00
INFO - 2c 6b c9 3c 00 0a a4 00
INFO - 2c 6d 09 3c 00 0a a8 00
INFO - 2c 6f 49 3c 00 0a a0 00
INFO - 2c 71 89 3c 00 0a 9a 00
INFO - 2c 73 c9 3c 00 0a b4 00
INFO - 2c 75 09 3c 00 0a a5 00
INFO - 2c 78 49 3c 00 0a b2 00
INFO - 2c 7a 89 3c 00 0a 96 00
INFO - 2c 7c c9 3c 00 0a a5 00
INFO - 2c 7e 09 3c 00 0a ca 00
INFO - 2c 81 49 3c 00 0a c4 00
INFO - 2c 83 89 3c 00 0a a7 00
INFO - 2c 85 c9 3c 00 0a b6 00
INFO - 2c 87 09 3c 00 0a 9a 00
INFO - 2c 8a 49 3c 00 0a b5 00
INFO - 2c 8b 89 3c 00 0a 9a 00
INFO - 2c 8d c9 3c 00 0a a8 00
INFO - 2c 8f 09 3c 00 0a 9e 00
INFO - 2c 91 49 3c 00 0a 9e 00
INFO - 2c 93 89 3c 00 0a a8 00
INFO - 2c 95 c9 3c 00 0a 9e 00
INFO - 2c 97 09 3c 00 0a 93 00
INFO - 2c 9a 49 3c 00 0a d2 00
INFO - 2c 9b 89 3c 00 0a 93 00
INFO - 2c 9d c9 3c 00 0a 93 00
INFO - 2c a0 09 3c 00 0a bd 00
INFO - 2c a1 49 3c 00 0a 9d 00
INFO - 2c a4 89 3c 00 0a c7 00
INFO - 2c a6 c9 3c 00 0a b2 00
INFO - 2c a8 09 3c 00 0a 93 00
INFO - 2c aa 49 3c 00 0a 93 00
INFO - 2c ac 89 3c 00 0a b2 00
INFO - 2c af c9 3c 00 0a bd 00
INFO - 2c b0 09 3c 00 0a 9d 00
INFO - 2c b2 49 3c 00 0a a8 00
INFO - 2c b4 89 3c 00 0a 89 00
INFO - 2c b6 c9 3c 00 0a bc 00
INFO - 2c b9 09 3c 00 0a a8 00
INFO - 2c bd 49 3c 00 0a a9 00
INFO - 2c bf 89 3c 00 0a 93 00
INFO - 2c c0 c9 3c 00 0a 9d 00
INFO - 2c c2 09 3c 00 0a 7e 00
INFO - 2c c4 49 3c 00 0a c7 00
INFO - 2c c6 89 3c 00 0a 93 00
INFO - 2c c8 c9 3c 00 0a a7 00
INFO - 2c ca 09 3c 00 0a a0 00
INFO - 2c cc 49 3c 00 0a 9b 00
INFO - 2c ce 89 3c 00 0a 96 00
INFO - 2c cf c9 3c 00 0a 9b 00
INFO - 2c d1 09 3c 00 0a 93 00
INFO - 2c d3 49 3c 00 0a b2 00
INFO - 2c d5 89 3c 00 0a a7 00
INFO - 2c d8 c9 3c 00 0a b5 00
INFO - 2c da 09 3c 00 0a af 00
INFO - 2c dc 49 3c 00 0a 93 00
INFO - 2c de 89 3c 00 0a ab 00
INFO - 2c e0 c9 3c 00 0a 9a 00
INFO - 2c e1 09 3c 00 0a 9e 00
INFO - 2c e4 49 3c 00 0a bf 00
INFO - 2c e7 89 3c 00 0a d9 00
INFO - 2c e9 c9 3c 00 0a a1 00
INFO - 2c eb 09 3c 00 0a 93 00
INFO - 2c ed 49 3c 00 0a c7 00
INFO - 2c ef 89 3c 00 0a a6 00
INFO - 2c f2 c9 3c 00 0a bd 00
INFO - 2c f4 09 3c 00 0a 96 00
INFO - 2c f7 49 3c 00 0a d0 00
INFO - 2c f9 89 3c 00 0a bc 00
INFO - 2c fb c9 3c 00 0a 89 00
INFO - 2c fd 09 3c 00 0a c8 00
INFO - 2c ff 49 3c 00 0a 8a 00
INFO - 2d 02 89 3c 00 0a d6 00
INFO - 2d 04 c9 3c 00 0a a6 00
INFO - 2d 06 09 3c 00 0a c1 00
INFO - 2d 08 49 3c 00 0a a7 00
INFO - 2d 0b 89 3c 00 0a be 00
INFO - 2d 0d c9 3c 00 0a b3 00
INFO - 2d 0f 09 3c 00 0a 98 00
INFO - 2d 12 49 3c 00 0a c6 00
INFO - 2d 14 89 3c 00 0a a8 00
INFO - 2d 17 c9 3c 00 0a cb 00
INFO - 2d 18 09 3c 00 0a 92 00
INFO - 2d 1a 49 3c 00 0a ad 00
INFO - 2d 1c 89 3c 00 0a 91 00
INFO - 2d 1e c9 3c 00 0a 93 00
INFO - 2d 20 09 3c 00 0a b6 00
INFO - 2d 22 49 3c 00 0a 8f 00
INFO - 2d 25 89 3c 00 0a e0 00
INFO - 2d 27 c9 3c 00 0a 93 00
INFO - 2d 28 09 3c 00 0a 9a 00
INFO - 2d 2b 49 3c 00 0a ad 00
INFO - 2d 2d 89 3c 00 0a a5 00
INFO - 2d 2f c9 3c 00 0a aa 00
INFO - 2d 31 09 3c 00 0a a5 00
INFO - 2d 32 49 3c 00 0a 88 00
INFO - 2d 34 89 3c 00 0a 9c 00
INFO - 2d 36 c9 3c 00 0a 97 00
INFO - 2d 38 09 3c 00 0a 99 00
INFO - 2d 3a 49 3c 00 0a a1 00
INFO - 2d 3c 89 3c 00 0a ae 00
INFO - 2d 3e c9 3c 00 0a a8 00
INFO - 2d 41 09 3c 00 0a e4 00
INFO - 2d 44 49 3c 00 0a ca 00
INFO - 2d 46 89 3c 00 0a ae 00
INFO - 2d 48 c9 3c 00 0a a0 00
INFO - 2d 4a 09 3c 00 0a 72 00
INFO - 2d 4e 49 3c 00 0a e5 00
INFO - 2d 51 89 3c 00 0a d3 00
INFO - 2d 52 c9 3c 00 0a 90 00
INFO - 2d 54 09 3c 00 0a 95 00
INFO - 2d 56 49 3c 00 0a ae 00
INFO - 2d 59 89 3c 00 0a c6 00
INFO - 2d 5b c9 3c 00 0a bb 00
INFO - 2d 5e 09 3c 00 0a bf 00
INFO - 2d 5f 49 3c 00 0a 85 00
INFO - 2d 61 89 3c 00 0a 9c 00
INFO - 2d 63 c9 3c 00 0a 96 00
INFO - 2d 65 09 3c 00 0a ad 00
INFO - 2d 67 49 3c 00 0a a0 00
INFO - 2d 69 89 3c 00 0a c2 00
INFO - 2d 6b c9 3c 00 0a 91 00
INFO - 2d 6e 09 3c 00 0a be 00
INFO - 2d 6f 49 3c 00 0a 8e 00
INFO - 2d 71 89 3c 00 0a 9f 00
INFO - 2d 73 c9 3c 00 0a 8d 00
INFO - 2d 76 09 3c 00 0a cf 00
INFO - 2d 77 49 3c 00 0a 94 00
INFO - 2d 79 89 3c 00 0a 8e 00
INFO - 2d 7b c9 3c 00 0a 9b 00
INFO - 2d 7d 09 3c 00 0a a5 00
INFO - 2d 7f 49 3c 00 0a ba 00
INFO - 2d 81 89 3c 00 0a 9e 00
INFO - 2d 83 c9 3c 00 0a 90 00
INFO - 2d 84 09 3c 00 0a 84 00
INFO - 2d 86 49 3c 00 0a 94 00
INFO - 2d 87 89 3c 00 0a 8d 00
INFO - 2d 89 c9 3c 00 0a 87 00
INFO - 2d 8b 09 3c 00 0a a8 00
INFO - 2d 8c 49 3c 00 0a 9b 00
INFO - 2d 8e 89 3c 00 0a 99 00
INFO - 2d 90 c9 3c 00 0a a8 00
INFO - 2d 93 09 3c 00 0a c2 00
INFO - 2d 95 49 3c 00 0a bd 00
INFO - 2d 97 89 3c 00 0a 99 00
INFO - 2d 9a c9 3c 00 0a ba 00
INFO - 2d 9c 09 3c 00 0a be 00
INFO - 2d 9f 49 3c 00 0a cc 00
INFO - 2d a1 89 3c 00 0a b4 00
INFO - 2d a3 c9 3c 00 0a a3 00
INFO - 2d a5 09 3c 00 0a a7 00
INFO - 2d a8 49 3c 00 0a c8 00
INFO - 2d aa 89 3c 00 0a a4 00
INFO - 2d ac c9 3c 00 0a 95 00
INFO - 2d ae 09 3c 00 0a 9a 00
INFO - 2d b0 49 3c 00 0a 9c 00
INFO - 2d b1 89 3c 00 0a 95 00
INFO - 2d b3 c9 3c 00 0a a4 00
INFO - 2d b5 09 3c 00 0a 94 00
INFO - 2d b7 49 3c 00 0a 92 00
INFO - 2d b8 89 3c 00 0a 7b 00
INFO - 2d bb c9 3c 00 0a d1 00
INFO - 2d bd 09 3c 00 0a a4 00
INFO - 2d be 49 3c 00 0a 7d 00
INFO - 2d c0 89 3c 00 0a b2 00
INFO - 2d c3 c9 3c 00 0a d6 00
INFO - 2d c6 09 3c 00 0a d1 00
INFO - 2d c9 49 3c 00 0a d6 00
INFO - 2d cb 89 3c 00 0a 93 00
INFO - 2d cd c9 3c 00 0a a3 00
INFO - 2d d0 09 3c 00 0a ee 00
INFO - 2d d2 49 3c 00 0a 84 00
INFO - 2d d4 89 3c 00 0a ae 00
INFO - 2d d5 c9 3c 00 0a 8a 00
INFO - 2d d8 09 3c 00 0a b6 00
INFO - 2d d9 49 3c 00 0a 90 00
INFO - 2d db 89 3c 00 0a 94 00
INFO - 2d dd c9 3c 00 0a ab 00
INFO - 2d df 09 3c 00 0a ae 00
INFO - 2d e1 49 3c 00 0a 92 00
INFO - 2d e3 89 3c 00 0a 97 00
INFO - 2d e5 c9 3c 00 0a c4 00
INFO - 2d e7 09 3c 00 0a a1 00
INFO - 2d e9 49 3c 00 0a 8f 00
INFO - 2d ea 89 3c 00 0a 86 00
INFO - 2d ed c9 3c 00 0a af 00
INFO - 2d ee 09 3c 00 0a 79 00
INFO - 2d f0 49 3c 00 0a ad 00
INFO - 2d f2 89 3c 00 0a 9b 00
INFO - 2d f4 c9 3c 00 0a b3 00
INFO - 2d f6 09 3c 00 0a 91 00
INFO - 2d fa 49 3c 00 0b 02 00
INFO - 2d fc 89 3c 00 0a a5 00
INFO - 2d fd c9 3c 00 0a 95 00
INFO - 2e 00 09 3c 00 0a b6 00
INFO - 2e 02 49 3c 00 0a a5 00
INFO - 2e 04 89 3c 00 0a 9f 00
INFO - 2e 05 c9 3c 00 0a 91 00
INFO - 2e 07 09 3c 00 0a 8b 00
INFO - 2e 09 49 3c 00 0a a2 00
INFO - 2e 0b 89 3c 00 0a 7d 00
INFO - 2e 0d c9 3c 00 0a 84 00
INFO - 2e 0e 09 3c 00 0a 8c 00
INFO - 2e 10 49 3c 00 0a ac 00
INFO - 2e 12 89 3c 00 0a 88 00
INFO - 2e 14 c9 3c 00 0a b3 00
INFO - 2e 16 09 3c 00 0a 93 00
INFO - 2e 18 49 3c 00 0a c8 00
INFO - 2e 1a 89 3c 00 0a 86 00
INFO - 2e 1d c9 3c 00 0a c6 00
INFO - 2e 1e 09 3c 00 0a 97 00
INFO - 2e 21 49 3c 00 0a b9 00
INFO - 2e 23 89 3c 00 0a 9c 00
INFO - 2e 25 c9 3c 00 0a b4 00
INFO - 2e 28 09 3c 00 0a d5 00
INFO - 2e 2a 49 3c 00 0a a4 00
INFO - 2e 2c 89 3c 00 0a 9a 00
INFO - 2e 2e c9 3c 00 0a a8 00
INFO - 2e 30 09 3c 00 0a ac 00
INFO - 2e 32 49 3c 00 0a a5 00
INFO - 2e 35 89 3c 00 0a c2 00
INFO - 2e 37 c9 3c 00 0a b0 00
INFO - 2e 3a 09 3c 00 0a cc 00
INFO - 2e 3c 49 3c 00 0a b3 00
INFO - 2e 3e 89 3c 00 0a a0 00
INFO - 2e 41 c9 3c 00 0a cb 00
INFO - 2e 43 09 3c 00 0a 96 00
INFO - 2e 45 49 3c 00 0a b9 00
INFO - 2e 47 89 3c 00 0a a9 00
INFO - 2e 4a c9 3c 00 0a c2 00
INFO - 2e 4c 09 3c 00 0a a5 00
INFO - 2e 4f 49 3c 00 0a ce 00
INFO - 2e 51 89 3c 00 0a 9f 00
INFO - 2e 53 c9 3c 00 0a b9 00
INFO - 2e 55 09 3c 00 0a 9b 00
INFO - 2e 58 49 3c 00 0a cd 00
INFO - 2e 5a 89 3c 00 0a a3 00
INFO - 2e 5c c9 3c 00 0a b3 00
INFO - 2e 5e 09 3c 00 0a ac 00
INFO - 2e 60 49 3c 00 0a af 00
INFO - 2e 63 89 3c 00 0a b1 00
INFO - 2e 65 c9 3c 00 0a b3 00
INFO - 2e 67 09 3c 00 0a 98 00
INFO - 2e 69 49 3c 00 0a a5 00
INFO - 2e 6b 89 3c 00 0a 9f 00
INFO - 2e 6e c9 3c 00 0a d1 00
INFO - 2e 6f 09 3c 00 0a 9a 00
INFO - 2e 72 49 3c 00 0a b6 00
INFO - 2e 74 89 3c 00 0a b0 00
INFO - 2e 77 c9 3c 00 0a ca 00
INFO - 2e 79 09 3c 00 0a b3 00
INFO - 2e 7b 49 3c 00 0a ab 00
INFO - 2e 7e 89 3c 00 0a d3 00
INFO - 2e 80 c9 3c 00 0a ac 00
INFO - 2e 82 09 3c 00 0a a5 00
INFO - 2e 85 49 3c 00 0a a9 00
INFO - 2e 87 89 3c 00 0a b5 00
INFO - 2e 89 c9 3c 00 0a 92 00
INFO - 2e 8b 09 3c 00 0a c5 00
INFO - 2e 8e 49 3c 00 0a be 00
INFO - 2e 90 89 3c 00 0a 9e 00
INFO - 2e 93 c9 3c 00 0a f2 00
INFO - 2e 96 09 3c 00 0a c1 00
INFO - 2e 99 49 3c 00 0a c8 00
INFO - 2e 9b 89 3c 00 0a b8 00
INFO - 2e 9e c9 3c 00 0a d0 00
INFO - 2e a0 09 3c 00 0a ac 00
INFO - 2e a3 49 3c 00 0a c5 00
INFO - 2e a5 89 3c 00 0a ba 00
INFO - 2e a8 c9 3c 00 0a b9 00
INFO - 2e aa 09 3c 00 0a a2 00
INFO - 2e ad 49 3c 00 0a d2 00
INFO - 2e b0 89 3c 00 0b 03 00
INFO - 2e b2 c9 3c 00 0a a0 00
INFO - 2e b5 09 3c 00 0a b2 00
INFO - 2e b7 49 3c 00 0a a9 00
INFO - 2e b9 89 3c 00 0a b2 00
INFO - 2e bb c9 3c 00 0a b6 00
INFO - 2e bd 09 3c 00 0a 95 00
INFO - 2e c0 49 3c 00 0a c6 00
INFO - 2e c2 89 3c 00 0a ad 00
INFO - 2e c6 c9 3c 00 0a ed 00
INFO - 2e c7 09 3c 00 0a 92 00
INFO - 2e ca 49 3c 00 0a b4 00
INFO - 2e cd 89 3c 00 0a db 00
INFO - 2e cf c9 3c 00 0a c8 00
INFO - 2e d1 09 3c 00 0a 92 00
INFO - 2e d3 49 3c 00 0a a1 00
INFO - 2e d5 89 3c 00 0a 98 00
INFO - 2e d8 c9 3c 00 0a f6 00
INFO - 2e db 09 3c 00 0a cd 00
INFO - 2e de 49 3c 00 0a ad 00
INFO - 2e df 89 3c 00 0a 97 00
INFO - 2e e2 c9 3c 00 0a b5 00
INFO - 2e e3 09 3c 00 0a 98 00
INFO - 2e e5 49 3c 00 0a a9 00
INFO - 2e e8 89 3c 00 0a ab 00
INFO - 2e ea c9 3c 00 0a bb 00
INFO - 2e ec 09 3c 00 0a 94 00
INFO - 2e ee 49 3c 00 0a ac 00
INFO - 2e f0 89 3c 00 0a b4 00
INFO - 2e f2 c9 3c 00 0a aa 00
INFO - 2e f6 09 3c 00 0a e8 00
INFO - 2e f9 49 3c 00 0a e5 00
INFO - 2e fc 89 3c 00 0a ba 00
INFO - 2e fe c9 3c 00 0a a8 00
INFO - 2e ff 09 3c 00 0a 8a 00
INFO - 2f 02 49 3c 00 0a bf 00
INFO - 2f 04 89 3c 00 0a b9 00
INFO - 2f 08 c9 3c 00 0a f9 00
INFO - 2f 0a 09 3c 00 0a ae 00
INFO - 2f 0c 49 3c 00 0a b1 00
INFO - 2f 0f 89 3c 00 0a aa 00
INFO - 2f 12 c9 3c 00 0a ef 00
INFO - 2f 14 09 3c 00 0a 9d 00
INFO - 2f 17 49 3c 00 0a c8 00
INFO - 2f 19 89 3c 00 0a 9d 00
INFO - 2f 1a c9 3c 00 0a 96 00
INFO - 2f 1d 09 3c 00 0a b1 00
INFO - 2f 1f 49 3c 00 0a a8 00
INFO - 2f 21 89 3c 00 0a ac 00
INFO - 2f 23 c9 3c 00 0a bb 00
INFO - 2f 25 09 3c 00 0a 69 00
INFO - 2f 2a 49 3c 00 0b 32 00
INFO - 2f 2c 89 3c 00 0a c1 00
INFO - 2f 2e c9 3c 00 0a a5 00
INFO - 2f 31 09 3c 00 0a aa 00
INFO - 2f 33 49 3c 00 0a af 00
INFO - 2f 35 89 3c 00 0a a6 00
INFO - 2f 37 c9 3c 00 0a b5 00
INFO - 2f 3a 09 3c 00 0a bb 00
INFO - 2f 3c 49 3c 00 0a a6 00
INFO - 2f 3e 89 3c 00 0a c8 00
INFO - 2f 40 c9 3c 00 0a 9c 00
INFO - 2f 44 09 3c 00 0a ec 00
INFO - 2f 46 49 3c 00 0a bc 00
INFO - 2f 49 89 3c 00 0a b9 00
INFO - 2f 4b c9 3c 00 0a 9a 00
INFO - 2f 4e 09 3c 00 0a d6 00
INFO - 2f 4f 49 3c 00 0a a2 00
INFO - 2f 51 89 3c 00 0a 9a 00
INFO - 2f 54 c9 3c 00 0a c7 00
INFO - 2f 57 09 3c 00 0a ca 00
INFO - 2f 59 49 3c 00 0a ac 00
INFO - 2f 5b 89 3c 00 0a bc 00
INFO - 2f 5e c9 3c 00 0a c7 00
INFO - 2f 61 09 3c 00 0a bb 00
INFO - 2f 63 49 3c 00 0a bf 00
INFO - 2f 65 89 3c 00 0a a2 00
INFO - 2f 68 c9 3c 00 0a d2 00
INFO - 2f 6a 09 3c 00 0a a5 00
INFO - 2f 6c 49 3c 00 0a a9 00
INFO - 2f 6f 89 3c 00 0a b8 00
INFO - 2f 72 c9 3c 00 0a d3 00
INFO - 2f 74 09 3c 00 0a 9e 00
INFO - 2f 76 49 3c 00 0a ab 00
INFO - 2f 78 89 3c 00 0a 9e 00
INFO - 2f 7a c9 3c 00 0a ad 00
INFO - 2f 7c 09 3c 00 0a 9b 00
INFO - 2f 7e 49 3c 00 0a bc 00
INFO - 2f 81 89 3c 00 0a d2 00
INFO - 2f 83 c9 3c 00 0a 9d 00
INFO - 2f 85 09 3c 00 0a ba 00
INFO - 2f 87 49 3c 00 0a a5 00
INFO - 2f 8a 89 3c 00 0a b5 00
INFO - 2f 8c c9 3c 00 0a b1 00
INFO - 2f 8e 09 3c 00 0a b9 00
INFO - 2f 90 49 3c 00 0a a6 00
INFO - 2f 92 89 3c 00 0a 9d 00
INFO - 2f 95 c9 3c 00 0a c5 00
INFO - 2f 98 09 3c 00 0a bc 00
INFO - 2f 9a 49 3c 00 0a a9 00
INFO - 2f 9c 89 3c 00 0a ae 00
INFO - 2f 9f c9 3c 00 0a c7 00
INFO - 2f a1 09 3c 00 0a a5 00
INFO - 2f a4 49 3c 00 0a d6 00
INFO - 2f a6 89 3c 00 0a ce 00
INFO - 2f a9 c9 3c 00 0a c0 00
INFO - 2f ab 09 3c 00 0a a1 00
INFO - 2f ad 49 3c 00 0a a6 00
INFO - 2f b0 89 3c 00 0a d1 00
INFO - 2f b2 c9 3c 00 0a 8e 00
INFO - 2f b3 09 3c 00 0a 9c 00
INFO - 2f b6 49 3c 00 0a ad 00
INFO - 2f b8 89 3c 00 0a a4 00
INFO - 2f b9 c9 3c 00 0a 6f 00
INFO - 2f bc 09 3c 00 0a c3 00
INFO - 2f be 49 3c 00 0a b2 00
INFO - 2f c0 89 3c 00 0a a1 00
INFO - 2f c3 c9 3c 00 0a bd 00
INFO - 2f c5 09 3c 00 0a 97 00
INFO - 2f c8 49 3c 00 0a eb 00
INFO - 2f ca 89 3c 00 0a 99 00
INFO - 2f cc c9 3c 00 0a 96 00
INFO - 2f cd 09 3c 00 0a 9a 00
INFO - 2f cf 49 3c 00 0a 9c 00
INFO - 2f d1 89 3c 00 0a a2 00
INFO - 2f d5 c9 3c 00 0a f3 00
INFO - 2f d7 09 3c 00 0a b0 00
INFO - 2f d9 49 3c 00 0a ac 00
INFO - 2f dc 89 3c 00 0a b8 00
INFO - 2f dd c9 3c 00 0a 8f 00
INFO - 2f e0 09 3c 00 0a c6 00
INFO - 2f e2 49 3c 00 0a 9a 00
INFO - 2f e6 89 3c 00 0a f4 00
INFO - 2f e9 c9 3c 00 0a d5 00
INFO - 2f eb 09 3c 00 0a c3 00
INFO - 2f ed 49 3c 00 0a 9a 00
INFO - 2f ef 89 3c 00 0a b2 00
INFO - 2f f1 c9 3c 00 0a 97 00
INFO - 2f f4 09 3c 00 0a d2 00
INFO - 2f f6 49 3c 00 0a b0 00
INFO - 2f f8 89 3c 00 0a a7 00
INFO - 2f fc c9 3c 00 0a e5 00
INFO - 2f fd 09 3c 00 0a 94 00
INFO - 30 01 49 3c 00 0a f4 00
INFO - 30 04 89 3c 00 0a dd 00
INFO - 30 06 c9 3c 00 0a af 00
INFO - 30 09 09 3c 00 0a b4 00
INFO - 30 0b 49 3c 00 0a c3 00
INFO - 30 0d 89 3c 00 0a 9a 00
INFO - 30 0f c9 3c 00 0a a7 00
INFO - 30 11 09 3c 00 0a a2 00
INFO - 30 15 49 3c 00 0a f2 00
INFO - 30 18 89 3c 00 0a c5 00
INFO - 30 1a c9 3c 00 0a a8 00
INFO - 30 1b 09 3c 00 0a 95 00
INFO - 30 1d 49 3c 00 0a 99 00
INFO - 30 1f 89 3c 00 0a a7 00
INFO - 30 21 c9 3c 00 0a 96 00
INFO - 30 23 09 3c 00 0a a7 00
INFO - 30 25 49 3c 00 0a b6 00
INFO - 30 28 89 3c 00 0a b9 00
INFO - 30 2a c9 3c 00 0a a6 00
INFO - 30 2c 09 3c 00 0a b6 00
INFO - 30 2f 49 3c 00 0a b0 00
INFO - 30 31 89 3c 00 0a aa 00
INFO - 30 32 c9 3c 00 0a 8d 00
INFO - 30 34 09 3c 00 0a 97 00
INFO - 30 36 49 3c 00 0a a5 00
INFO - 30 38 89 3c 00 0a 9f 00
INFO - 30 39 c9 3c 00 0a 8d 00
INFO - 30 3c 09 3c 00 0a af 00
INFO - 30 3e 49 3c 00 0a b4 00
INFO - 30 41 89 3c 00 0a 83 00
INFO - 30 43 c9 3c 00 0a 9e 00
INFO - 30 44 09 3c 00 0a a0 00
INFO - 30 46 49 3c 00 0a 8b 00
INFO - 30 48 89 3c 00 0a a4 00
INFO - 30 49 c9 3c 00 0a 88 00
INFO - 30 4b 09 3c 00 0a a4 00
INFO - 30 4d 49 3c 00 0a 92 00
INFO - 30 4f 89 3c 00 0a a3 00
INFO - 30 54 c9 3c 00 0b 1c 00
INFO - 30 56 09 3c 00 0a ae 00
INFO - 30 59 49 3c 00 0a d4 00
INFO - 30 5b 89 3c 00 0a a7 00
INFO - 30 5e c9 3c 00 0a c9 00
INFO - 30 60 09 3c 00 0a a4 00
INFO - 30 62 49 3c 00 0a c5 00
INFO - 30 65 89 3c 00 0a c2 00
INFO - 30 67 c9 3c 00 0a a6 00
INFO - 30 69 09 3c 00 0a a1 00
INFO - 30 6b 49 3c 00 0a 9b 00
INFO - 30 6c 89 3c 00 0a 89 00
INFO - 30 6f c9 3c 00 0a b6 00
INFO - 30 71 09 3c 00 0a 9a 00
INFO - 30 73 49 3c 00 0a c8 00
INFO - 30 75 89 3c 00 0a 95 00
INFO - 30 78 c9 3c 00 0a c4 00
INFO - 30 79 09 3c 00 0a 95 00
INFO - 30 7b 49 3c 00 0a a4 00
INFO - 30 7e 89 3c 00 0a b1 00
INFO - 30 81 c9 3c 00 0a e4 00
INFO - 30 83 09 3c 00 0a 9c 00
INFO - 30 85 49 3c 00 0a a9 00
INFO - 30 87 89 3c 00 0a ad 00
INFO - 30 89 c9 3c 00 0a 87 00
INFO - 30 8b 09 3c 00 0a b4 00
INFO - 30 8d 49 3c 00 0a 97 00
INFO - 30 8e 89 3c 00 0a 9d 00
INFO - 30 91 c9 3c 00 0a ba 00
INFO - 30 93 09 3c 00 0a 91 00
INFO - 30 95 49 3c 00 0a c3 00
INFO - 30 97 89 3c 00 0a a5 00
INFO - 30 99 c9 3c 00 0a a5 00
INFO - 30 9b 09 3c 00 0a a5 00
INFO - 30 9d 49 3c 00 0a af 00
INFO - 30 a0 89 3c 00 0a ae 00
INFO - 30 a1 c9 3c 00 0a 9b 00
INFO - 30 a4 09 3c 00 0a cc 00
INFO - 30 a6 49 3c 00 0a 87 00
INFO - 30 a8 89 3c 00 0a aa 00
INFO - 30 ac c9 3c 00 0a 9b 00
INFO - 30 ae 09 3c 00 0a 90 00
INFO - 30 b0 49 3c 00 0a af 00
INFO - 30 b2 89 3c 00 0a 96 00
INFO - 30 b4 c9 3c 00 0a b9 00
INFO - 30 b6 09 3c 00 0a 8c 00
INFO - 30 b8 49 3c 00 0a ac 00
INFO - 30 ba 89 3c 00 0a b0 00
INFO - 30 bd c9 3c 00 0a bd 00
INFO - 30 bf 09 3c 00 0a a5 00
INFO - 30 c1 49 3c 00 0a aa 00
INFO - 30 c3 89 3c 00 0a b9 00
INFO - 30 c5 c9 3c 00 0a 8f 00
INFO - 30 c7 09 3c 00 0a b6 00
INFO - 30 c9 49 3c 00 0a 85 00
INFO - 30 cb 89 3c 00 0a bc 00
INFO - 30 cd c9 3c 00 0a 99 00
INFO - 30 cf 09 3c 00 0a a6 00
INFO - 30 d1 49 3c 00 0a 95 00
INFO - 30 d3 89 3c 00 0a b0 00
INFO - 30 d5 c9 3c 00 0a 95 00
INFO - 30 d7 09 3c 00 0a a3 00
INFO - 30 d9 49 3c 00 0a 9c 00
INFO - 30 db 89 3c 00 0a 9f 00
INFO - 30 dd c9 3c 00 0a ad 00
INFO - 30 de 09 3c 00 0a 92 00
INFO - 30 e0 49 3c 00 0a 9f 00
INFO - 30 e2 89 3c 00 0a a6 00
INFO - 30 e4 c9 3c 00 0a 9f 00
INFO - 30 e6 09 3c 00 0a 99 00
INFO - 30 e8 49 3c 00 0a af 00
INFO - 30 ea 89 3c 00 0a 95 00
INFO - 30 ec c9 3c 00 0a 8e 00
INFO - 30 ee 09 3c 00 0a af 00
INFO - 30 ef 49 3c 00 0a 8c 00
INFO - 30 f2 89 3c 00 0a ae 00
INFO - 30 f4 c9 3c 00 0a a9 00
INFO - 30 f6 09 3c 00 0a a1 00
INFO - 30 f8 49 3c 00 0a af 00
INFO - 30 fa 89 3c 00 0a bb 00
INFO - 30 fc c9 3c 00 0a af 00
INFO - 30 fe 09 3c 00 0a 9d 00
INFO - 31 00 49 3c 00 0a 8f 00
INFO - 31 03 89 3c 00 0a cc 00
INFO - 31 04 c9 3c 00 0a 8a 00
INFO - 31 07 09 3c 00 0a bf 00
INFO - 31 08 49 3c 00 0a 91 00
INFO - 31 0b 89 3c 00 0a b1 00
INFO - 31 0d c9 3c 00 0a 9c 00
INFO - 31 0f 09 3c 00 0a b2 00
INFO - 31 11 49 3c 00 0a 97 00
INFO - 31 14 89 3c 00 0a 87 00
INFO - 31 16 c9 3c 00 0a b5 00
INFO - 31 18 09 3c 00 0a 93 00
INFO - 31 1a 49 3c 00 0a a0 00
INFO - 31 1c 89 3c 00 0a 88 00
INFO - 31 1e c9 3c 00 0a be 00
INFO - 31 20 09 3c 00 0a b7 00
INFO - 31 23 49 3c 00 0a b1 00
INFO - 31 25 89 3c 00 0a aa 00
INFO - 31 27 c9 3c 00 0a b2 00
INFO - 31 2a 09 3c 00 0a c0 00
INFO - 31 2c 49 3c 00 0a 9d 00
INFO - 31 2f 89 3c 00 0a d4 00
INFO - 31 30 c9 3c 00 0a 9a 00
INFO - 31 33 09 3c 00 0a b1 00
INFO - 31 34 49 3c 00 0a 7a 00
INFO - 31 36 89 3c 00 0a c6 00
INFO - 31 39 c9 3c 00 0a c0 00
INFO - 31 3b 09 3c 00 0a 9b 00
INFO - 31 3d 49 3c 00 0a 93 00
INFO - 31 3e 89 3c 00 0a 8e 00
INFO - 31 40 c9 3c 00 0a 93 00
INFO - 31 41 09 3c 00 0a 84 00
INFO - 31 43 49 3c 00 0a 9b 00
INFO - 31 44 89 3c 00 0a 7c 00
INFO - 31 46 c9 3c 00 0a 9e 00
INFO - 31 47 09 3c 00 0a 83 00
INFO - 31 49 49 3c 00 0a 9d 00
INFO - 31 4b 89 3c 00 0a a1 00
INFO - 31 4d c9 3c 00 0a 86 00
INFO - 31 4e 09 3c 00 0a 9e 00
INFO - 31 50 49 3c 00 0a 96 00
INFO - 31 52 89 3c 00 0a a7 00
INFO - 31 54 c9 3c 00 0a 8c 00
INFO - 31 56 09 3c 00 0a b1 00
INFO - 31 58 49 3c 00 0a 8c 00
INFO - 31 5a 89 3c 00 0a cf 00
INFO - 31 5d c9 3c 00 0a aa 00
INFO - 31 5f 09 3c 00 0a a6 00
INFO - 31 60 49 3c 00 0a 8c 00
INFO - 31 65 89 3c 00 0b 27 00
INFO - 31 67 c9 3c 00 0a a0 00
INFO - 31 69 09 3c 00 0a b7 00
INFO - 31 6b 49 3c 00 0a a6 00
INFO - 31 6d 89 3c 00 0a 97 00
INFO - 31 6f c9 3c 00 0a 8f 00
INFO - 31 70 09 3c 00 0a 9c 00
INFO - 31 72 49 3c 00 0a a3 00
INFO - 31 75 89 3c 00 0a b3 00
INFO - 31 77 c9 3c 00 0a a6 00
INFO - 31 78 09 3c 00 0a 98 00
INFO - 31 7a 49 3c 00 0a 8c 00
INFO - 31 7c 89 3c 00 0a a5 00
INFO - 31 7e c9 3c 00 0a b6 00
INFO - 31 81 09 3c 00 0a c0 00
INFO - 31 83 49 3c 00 0a a8 00
INFO - 31 85 89 3c 00 0a 8e 00
INFO - 31 86 c9 3c 00 0a 9b 00
INFO - 31 88 09 3c 00 0a a2 00
INFO - 31 8a 49 3c 00 0a 98 00
INFO - 31 8c 89 3c 00 0a 95 00
INFO - 31 8f c9 3c 00 0a e0 00
INFO - 31 91 09 3c 00 0a 85 00
INFO - 31 93 49 3c 00 0a b7 00
INFO - 31 95 89 3c 00 0a b3 00
INFO - 31 97 c9 3c 00 0a 9c 00
INFO - 31 99 09 3c 00 0a ad 00
INFO - 31 9b 49 3c 00 0a a3 00
INFO - 31 9d 89 3c 00 0a 99 00
INFO - 31 a0 c9 3c 00 0a bf 00
INFO - 31 a1 09 3c 00 0a 93 00
INFO - 31 a3 49 3c 00 0a a4 00
INFO - 31 a5 89 3c 00 0a ae 00
INFO - 31 a8 c9 3c 00 0a ae 00
INFO - 31 aa 09 3c 00 0a 9d 00
INFO - 31 ab 49 3c 00 0a 98 00
INFO - 31 ad 89 3c 00 0a a9 00
INFO - 31 af c9 3c 00 0a 90 00
INFO - 31 b1 09 3c 00 0a b2 00
INFO - 31 b3 49 3c 00 0a 99 00
INFO - 31 b6 89 3c 00 0a d5 00
INFO - 31 b8 c9 3c 00 0a 86 00
INFO - 31 b9 09 3c 00 0a 99 00
INFO - 31 bc 49 3c 00 0a b9 00
INFO - 31 bd 89 3c 00 0a 96 00
INFO - 31 bf c9 3c 00 0a 99 00
INFO - 31 c1 09 3c 00 0a a5 00
INFO - 31 c3 49 3c 00 0a ac 00
INFO - 31 c5 89 3c 00 0a a3 00
INFO - 31 c7 c9 3c 00 0a 85 00
INFO - 31 c9 09 3c 00 0a b6 00
INFO - 31 cb 49 3c 00 0a 84 00
INFO - 31 cc 89 3c 00 0a 9a 00
INFO - 31 cf c9 3c 00 0a cd 00
INFO - 31 d1 09 3c 00 0a 96 00
INFO - 31 d3 49 3c 00 0a 9d 00
INFO - 31 d4 89 3c 00 0a 95 00
INFO - 31 d6 c9 3c 00 0a 99 00
INFO - 31 d9 09 3c 00 0a b2 00
INFO - 31 da 49 3c 00 0a 82 00
INFO - 31 dc 89 3c 00 0a 93 00
INFO - 31 de c9 3c 00 0a b4 00
INFO - 31 e0 09 3c 00 0a 9e 00
INFO - 31 e2 49 3c 00 0a be 00
INFO - 31 e4 89 3c 00 0a 8a 00
INFO - 31 e5 c9 3c 00 0a 95 00
INFO - 31 e8 09 3c 00 0a c6 00
INFO - 31 ea 49 3c 00 0a b4 00
INFO - 31 ec 89 3c 00 0a 94 00
INFO - 31 ee c9 3c 00 0a 97 00
INFO - 31 f0 09 3c 00 0a bb 00
INFO - 31 f3 49 3c 00 0a b9 00
INFO - 31 f5 89 3c 00 0a a1 00
INFO - 31 f7 c9 3c 00 0a bc 00
INFO - 31 f9 09 3c 00 0a 91 00
INFO - 31 fb 49 3c 00 0a 9a 00
INFO - 31 fd 89 3c 00 0a c3 00
INFO - 31 ff c9 3c 00 0a 9b 00
INFO - 32 01 09 3c 00 0a a4 00
INFO - 32 03 49 3c 00 0a 9b 00
INFO - 32 05 89 3c 00 0a a4 00
INFO - 32 07 c9 3c 00 0a af 00
INFO - 32 09 09 3c 00 0a af 00
INFO - 32 0b 49 3c 00 0a 86 00
INFO - 32 0e 89 3c 00 0a d7 00
INFO - 32 10 c9 3c 00 0a 9a 00
INFO - 32 12 09 3c 00 0a af 00
INFO - 32 14 49 3c 00 0a a5 00
INFO - 32 16 89 3c 00 0a b9 00
INFO - 32 18 c9 3c 00 0a 86 00
INFO - 32 1a 09 3c 00 0a b9 00
INFO - 32 1c 49 3c 00 0a 9a 00
INFO - 32 1f 89 3c 00 0a c7 00
INFO - 32 20 c9 3c 00 0a 98 00
INFO - 32 22 09 3c 00 0a 9b 00
INFO - 32 24 49 3c 00 0a 91 00
INFO - 32 27 89 3c 00 0a db 00
INFO - 32 29 c9 3c 00 0a a2 00
INFO - 32 2b 09 3c 00 0a b3 00
INFO - 32 2d 49 3c 00 0a 98 00
INFO - 32 2f 89 3c 00 0a 90 00
INFO - 32 31 c9 3c 00 0a b9 00
INFO - 32 33 09 3c 00 0a 9b 00
INFO - 32 34 49 3c 00 0a 8b 00
INFO - 32 36 89 3c 00 0a 8d 00
INFO - 32 38 c9 3c 00 0a a9 00
INFO - 32 3a 09 3c 00 0a a5 00
INFO - 32 3d 49 3c 00 0a d8 00
INFO - 32 3f 89 3c 00 0a a5 00
INFO - 32 41 c9 3c 00 0a b0 00
INFO - 32 44 09 3c 00 0a b0 00
INFO - 32 45 49 3c 00 0a 97 00
INFO - 32 48 89 3c 00 0a a9 00
INFO - 32 4a c9 3c 00 0a ba 00
INFO - 32 4c 09 3c 00 0a 8d 00
INFO - 32 4d 49 3c 00 0a 96 00
INFO - 32 50 89 3c 00 0a af 00
INFO - 32 51 c9 3c 00 0a 91 00
INFO - 32 54 09 3c 00 0a c7 00
INFO - 32 55 49 3c 00 0a 8d 00
INFO - 32 57 89 3c 00 0a a5 00
INFO - 32 59 c9 3c 00 0a 91 00
INFO - 32 5b 09 3c 00 0a 9b 00
INFO - 32 5c 49 3c 00 0a 87 00
INFO - 32 5f 89 3c 00 0a af 00
INFO - 32 61 c9 3c 00 0a a5 00
INFO - 32 62 09 3c 00 0a 7d 00
INFO - 32 65 49 3c 00 0a d2 00
INFO - 32 66 89 3c 00 0a 83 00
INFO - 32 68 c9 3c 00 0a 9c 00
INFO - 32 6a 09 3c 00 0a a9 00
INFO - 32 6f 49 3c 00 0b 44 00
INFO - 32 71 89 3c 00 0a a5 00
INFO - 32 73 c9 3c 00 0a 91 00
INFO - 32 75 09 3c 00 0a 9f 00
INFO - 32 76 49 3c 00 0a 7d 00
INFO - 32 78 89 3c 00 0a a2 00
INFO - 32 7a c9 3c 00 0a 8b 00
INFO - 32 7b 09 3c 00 0a 98 00
INFO - 32 7d 49 3c 00 0a 87 00
INFO - 32 7f 89 3c 00 0a 9f 00
INFO - 32 80 c9 3c 00 0a 98 00
INFO - 32 82 09 3c 00 0a 95 00
INFO - 32 85 49 3c 00 0a ba 00
INFO - 32 87 89 3c 00 0a a2 00
INFO - 32 89 c9 3c 00 0a b3 00
INFO - 32 8c 09 3c 00 0a df 00
INFO - 32 8f 49 3c 00 0a c7 00
INFO - 32 91 89 3c 00 0a a5 00
INFO - 32 92 c9 3c 00 0a 87 00
INFO - 32 94 09 3c 00 0a 9b 00
INFO - 32 96 49 3c 00 0a 9b 00
INFO - 32 98 89 3c 00 0a af 00
INFO - 32 9a c9 3c 00 0a 78 00
INFO - 32 9c 09 3c 00 0a 9b 00
INFO - 32 9e 49 3c 00 0a 98 00
INFO - 32 a0 89 3c 00 0a 9e 00
INFO - 32 a2 c9 3c 00 0a a5 00
INFO - 32 a4 09 3c 00 0a 91 00
INFO - 32 a5 49 3c 00 0a 9c 00
INFO - 32 a7 89 3c 00 0a 87 00
INFO - 32 a9 c9 3c 00 0a a5 00
INFO - 32 ab 09 3c 00 0a 9b 00
INFO - 32 ac 49 3c 00 0a 9b 00
INFO - 32 ae 89 3c 00 0a 94 00
INFO - 32 b0 c9 3c 00 0a 98 00
INFO - 32 b3 09 3c 00 0a ce 00
INFO - 32 b5 49 3c 00 0a b2 00
INFO - 32 b7 89 3c 00 0a a2 00
INFO - 32 ba c9 3c 00 0a e5 00
INFO - 32 bd 09 3c 00 0a d8 00
INFO - 32 c0 49 3c 00 0a ca 00
INFO - 32 c2 89 3c 00 0a a8 00
INFO - 32 c4 c9 3c 00 0a 8d 00
INFO - 32 c6 09 3c 00 0a 9b 00
INFO - 32 c8 49 3c 00 0a 9e 00
INFO - 32 cb 89 3c 00 0a df 00
INFO - 32 cd c9 3c 00 0a b1 00
INFO - 32 cf 09 3c 00 0a af 00
INFO - 32 d1 49 3c 00 0a ac 00
INFO - 32 d3 89 3c 00 0a 94 00
INFO - 32 d5 c9 3c 00 0a 9b 00
INFO - 32 d7 09 3c 00 0a a5 00
INFO - 32 d9 49 3c 00 0a af 00
INFO - 32 db 89 3c 00 0a 91 00
INFO - 32 dd c9 3c 00 0a c9 00
INFO - 32 e0 09 3c 00 0a a8 00
INFO - 32 e1 49 3c 00 0a 91 00
INFO - 32 e4 89 3c 00 0a b9 00
INFO - 32 e6 c9 3c 00 0a a7 00
INFO - 32 e7 09 3c 00 0a 84 00
INFO - 32 e9 49 3c 00 0a a4 00
INFO - 32 eb 89 3c 00 0a 9b 00
INFO - 32 ed c9 3c 00 0a a4 00
INFO - 32 ef 09 3c 00 0a 9b 00
INFO - 32 f1 49 3c 00 0a 9a 00
INFO - 32 f3 89 3c 00 0a cd 00
INFO - 32 f5 c9 3c 00 0a a4 00
INFO - 32 f7 09 3c 00 0a 9a 00
INFO - 32 f9 49 3c 00 0a ae 00
INFO - 32 fb 89 3c 00 0a 90 00
INFO - 32 fc c9 3c 00 0a 86 00
INFO - 32 fe 09 3c 00 0a 9a 00
INFO - 33 00 49 3c 00 0a ae 00
INFO - 33 02 89 3c 00 0a 9a 00
INFO - 33 04 c9 3c 00 0a ae 00
INFO - 33 0b 09 3c 00 0a bb 00
INFO - 33 0c 49 3c 00 0a 83 00
INFO - 33 0e 89 3c 00 0a b2 00
INFO - 33 10 c9 3c 00 0a a1 00
INFO - 33 12 09 3c 00 0a 90 00
INFO - 33 14 49 3c 00 0a b1 00
INFO - 33 15 89 3c 00 0a 7c 00
INFO - 33 18 c9 3c 00 0a c9 00
INFO - 33 1a 09 3c 00 0a b1 00
INFO - 33 1c 49 3c 00 0a 8d 00
INFO - 33 1f 89 3c 00 0a d0 00
INFO - 33 20 c9 3c 00 0a 9a 00
INFO - 33 22 09 3c 00 0a a1 00
INFO - 33 24 49 3c 00 0a 9e 00
INFO - 33 27 89 3c 00 0a c2 00
INFO - 33 28 c9 3c 00 0a 90 00
INFO - 33 2b 09 3c 00 0a ae 00
INFO - 33 2d 49 3c 00 0a 72 00
INFO - 33 2f 89 3c 00 0a c2 00
INFO - 33 32 c9 3c 00 0a d6 00
INFO - 33 34 09 3c 00 0a 90 00
INFO - 33 36 49 3c 00 0a a4 00
INFO - 33 38 89 3c 00 0a 9a 00
INFO - 33 3a c9 3c 00 0a 9a 00
INFO - 33 3b 09 3c 00 0a 9a 00
INFO - 33 3e 49 3c 00 0a ae 00
INFO - 33 3f 89 3c 00 0a 86 00
INFO - 33 41 c9 3c 00 0a 9a 00
INFO - 33 43 09 3c 00 0a c5 00
INFO - 33 46 49 3c 00 0a ab 00
INFO - 33 47 89 3c 00 0a 9a 00
INFO - 33 4a c9 3c 00 0a cf 00
INFO - 33 4c 09 3c 00 0a 83 00
INFO - 33 4e 49 3c 00 0a b9 00
INFO - 33 4f 89 3c 00 0a 87 00
INFO - 33 52 c9 3c 00 0a a8 00
INFO - 33 54 09 3c 00 0a ac 00
INFO - 33 57 49 3c 00 0a d0 00
INFO - 33 58 89 3c 00 0a 8e 00
INFO - 33 5a c9 3c 00 0a a9 00
INFO - 33 5c 09 3c 00 0a 8e 00
INFO - 33 5e 49 3c 00 0a be 00
INFO - 33 60 89 3c 00 0a 99 00
INFO - 33 62 c9 3c 00 0a a9 00
INFO - 33 64 09 3c 00 0a 99 00
INFO - 33 66 49 3c 00 0a aa 00
INFO - 33 68 89 3c 00 0a 9c 00
INFO - 33 6a c9 3c 00 0a 99 00
INFO - 33 6c 09 3c 00 0a 96 00
INFO - 33 6d 49 3c 00 0a 92 00
INFO - 33 6f 89 3c 00 0a a4 00
INFO - 33 71 c9 3c 00 0a a0 00
INFO - 33 73 09 3c 00 0a 9d 00
INFO - 33 76 49 3c 00 0a c7 00
INFO - 33 78 89 3c 00 0a b2 00
INFO - 33 7b c9 3c 00 0a dc 00
INFO - 33 7f 09 3c 00 0a e6 00
INFO - 33 82 49 3c 00 0a e7 00
INFO - 33 84 89 3c 00 0a 9e 00
INFO - 33 86 c9 3c 00 0a be 00
INFO - 33 8a 09 3c 00 0a e8 00
INFO - 33 8b 49 3c 00 0a 7f 00
INFO - 33 8d 89 3c 00 0a a9 00
INFO - 33 8f c9 3c 00 0a a9 00
INFO - 33 91 09 3c 00 0a b4 00
INFO - 33 93 49 3c 00 0a 94 00
INFO - 33 95 89 3c 00 0a a3 00
INFO - 33 97 c9 3c 00 0a 91 00
INFO - 33 99 09 3c 00 0a b5 00
INFO - 33 9b 49 3c 00 0a 8d 00
INFO - 33 9c 89 3c 00 0a 8a 00
INFO - 33 9e c9 3c 00 0a 92 00
INFO - 33 9f 09 3c 00 0a 8b 00
INFO - 33 a2 49 3c 00 0a b8 00
INFO - 33 a3 89 3c 00 0a 92 00
INFO - 33 a6 c9 3c 00 0a ab 00
INFO - 33 a7 09 3c 00 0a 9a 00
INFO - 33 aa 49 3c 00 0a b2 00
INFO - 33 ad 89 3c 00 0a d9 00
INFO - 33 af c9 3c 00 0a a8 00
INFO - 33 b0 09 3c 00 0a 96 00
INFO - 33 b2 49 3c 00 0a 9a 00
INFO - 33 b5 89 3c 00 0a b3 00
INFO - 33 b7 c9 3c 00 0a c5 00
INFO - 33 b9 09 3c 00 0a 9e 00
INFO - 33 bb 49 3c 00 0a a5 00
INFO - 33 be 89 3c 00 0a b7 00
INFO - 33 c0 c9 3c 00 0a c2 00
INFO - 33 c3 09 3c 00 0a cd 00
INFO - 33 c5 49 3c 00 0a 9e 00
INFO - 33 c8 89 3c 00 0a c6 00
INFO - 33 ca c9 3c 00 0a b7 00
INFO - 33 cc 09 3c 00 0a 8c 00
INFO - 33 ce 49 3c 00 0a b7 00
INFO - 33 cf 89 3c 00 0a 8c 00
INFO - 33 d3 c9 3c 00 0a d8 00
INFO - 33 d4 09 3c 00 0a a1 00
INFO - 33 d7 49 3c 00 0a b8 00
INFO - 33 d9 89 3c 00 0a 96 00
INFO - 33 db c9 3c 00 0a cd 00
INFO - 33 de 09 3c 00 0a d1 00
INFO - 33 e0 49 3c 00 0a 9f 00
INFO - 33 e2 89 3c 00 0a a3 00
INFO - 33 e4 c9 3c 00 0a a2 00
INFO - 33 e7 09 3c 00 0a bc 00
INFO - 33 e9 49 3c 00 0a b5 00
INFO - 33 eb 89 3c 00 0a 9c 00
INFO - 33 ed c9 3c 00 0a 9f 00
INFO - 33 f0 09 3c 00 0a d3 00
INFO - 33 f2 49 3c 00 0a bd 00
INFO - 33 f5 89 3c 00 0a cc 00
INFO - 33 f7 c9 3c 00 0a a0 00
INFO - 33 f9 09 3c 00 0a b3 00
INFO - 33 fb 49 3c 00 0a ab 00
INFO - 33 fe 89 3c 00 0a be 00
INFO - 34 00 c9 3c 00 0a b8 00
INFO - 34 03 09 3c 00 0a b1 00
INFO - 34 04 49 3c 00 0a 96 00
INFO - 34 07 89 3c 00 0a ca 00
INFO - 34 0a c9 3c 00 0a dd 00
INFO - 34 0c 09 3c 00 0a 8e 00
INFO - 34 0e 49 3c 00 0a 9a 00
INFO - 34 10 89 3c 00 0a a2 00
INFO - 34 12 c9 3c 00 0a a7 00
INFO - 34 14 09 3c 00 0a b0 00
INFO - 34 15 49 3c 00 0a 83 00
INFO - 34 18 89 3c 00 0a b1 00
INFO - 34 1a c9 3c 00 0a ba 00
INFO - 34 1e 09 3c 00 0a f3 00
INFO - 34 20 49 3c 00 0a be 00
INFO - 34 22 89 3c 00 0a 8a 00
INFO - 34 24 c9 3c 00 0a b1 00
INFO - 34 26 09 3c 00 0a 99 00
INFO - 34 27 49 3c 00 0a 9a 00
INFO - 34 29 89 3c 00 0a 8e 00
INFO - 34 2b c9 3c 00 0a b4 00
INFO - 34 2d 09 3c 00 0a ab 00
INFO - 34 30 49 3c 00 0a c6 00
INFO - 34 33 89 3c 00 0a bf 00
INFO - 34 35 c9 3c 00 0a b7 00
INFO - 34 37 09 3c 00 0a b4 00
INFO - 34 3a 49 3c 00 0a b7 00
INFO - 34 3c 89 3c 00 0a b4 00
INFO - 34 3e c9 3c 00 0a 8a 00
INFO - 34 3f 09 3c 00 0a 93 00
INFO - 34 41 49 3c 00 0a 99 00
INFO - 34 43 89 3c 00 0a 96 00
INFO - 34 45 c9 3c 00 0a b3 00
INFO - 34 47 09 3c 00 0a a1 00
INFO - 34 49 49 3c 00 0a b3 00
INFO - 34 4c 89 3c 00 0a ad 00
INFO - 34 4e c9 3c 00 0a b3 00
INFO - 34 50 09 3c 00 0a a4 00
INFO - 34 53 49 3c 00 0a c6 00
INFO - 34 55 89 3c 00 0a a6 00
INFO - 34 57 c9 3c 00 0a bb 00
INFO - 34 59 09 3c 00 0a 96 00
INFO - 34 5c 49 3c 00 0a f7 00
INFO - 34 5f 89 3c 00 0a b1 00
INFO - 34 63 c9 3c 00 0b 0a 00
INFO - 34 66 09 3c 00 0a d3 00
INFO - 34 68 49 3c 00 0a b1 00
INFO - 34 6a 89 3c 00 0a a5 00
INFO - 34 6c c9 3c 00 0a a6 00
INFO - 34 6e 09 3c 00 0a 8f 00
INFO - 34 70 49 3c 00 0a a9 00
INFO - 34 73 89 3c 00 0a d0 00
INFO - 34 75 c9 3c 00 0a b0 00
INFO - 34 78 09 3c 00 0a c9 00
INFO - 34 7a 49 3c 00 0a 9f 00
INFO - 34 7c 89 3c 00 0a ad 00
INFO - 34 7e c9 3c 00 0a c2 00
INFO - 34 81 09 3c 00 0a ae 00
INFO - 34 82 49 3c 00 0a 8f 00
INFO - 34 84 89 3c 00 0a ab 00
INFO - 34 86 c9 3c 00 0a 9b 00
INFO - 34 88 09 3c 00 0a 96 00
INFO - 34 8a 49 3c 00 0a b7 00
INFO - 34 8c 89 3c 00 0a a7 00
INFO - 34 8e c9 3c 00 0a a3 00
INFO - 34 91 09 3c 00 0a b2 00
INFO - 34 93 49 3c 00 0a c2 00
INFO - 34 95 89 3c 00 0a a7 00
INFO - 34 97 c9 3c 00 0a 97 00
INFO - 34 99 09 3c 00 0a ac 00
INFO - 34 9b 49 3c 00 0a a8 00
INFO - 34 9d 89 3c 00 0a 9c 00
INFO - 34 a1 c9 3c 00 0a ec 00
INFO - 34 a3 09 3c 00 0a a3 00
INFO - 34 a9 49 3c 00 0b 87 00
INFO - 34 ab 89 3c 00 0a 9c 00
INFO - 34 ad c9 3c 00 0a b5 00
INFO - 34 af 09 3c 00 0a 9c 00
INFO - 34 b1 49 3c 00 0a 91 00
INFO - 34 b4 89 3c 00 0a cb 00
INFO - 34 b5 c9 3c 00 0a 9c 00
INFO - 34 b8 09 3c 00 0a cb 00
INFO - 34 ba 49 3c 00 0a a8 00
INFO - 34 bd 89 3c 00 0a ca 00
INFO - 34 c0 c9 3c 00 0a d7 00
INFO - 34 c2 09 3c 00 0a a8 00
INFO - 34 c5 49 3c 00 0a cb 00
INFO - 34 c7 89 3c 00 0a b4 00
INFO - 34 c9 c9 3c 00 0a ac 00
INFO - 34 cc 09 3c 00 0a bc 00
INFO - 34 cd 49 3c 00 0a 86 00
INFO - 34 d0 89 3c 00 0a ac 00
INFO - 34 d2 c9 3c 00 0a c7 00
INFO - 34 d6 09 3c 00 0a fd 00
INFO - 34 d9 49 3c 00 0a d7 00
INFO - 34 db 89 3c 00 0a b5 00
INFO - 34 de c9 3c 00 0a bf 00
INFO - 34 df 09 3c 00 0a 82 00
INFO - 34 e3 49 3c 00 0a e6 00
INFO - 34 e7 89 3c 00 0b 06 00
INFO - 34 e9 c9 3c 00 0a b4 00
INFO - 34 eb 09 3c 00 0a b1 00
INFO - 34 ee 49 3c 00 0a b8 00
INFO - 34 f0 89 3c 00 0a 9d 00
INFO - 34 f2 c9 3c 00 0a c0 00
INFO - 34 f5 09 3c 00 0a cc 00
INFO - 34 f7 49 3c 00 0a b7 00
INFO - 34 f9 89 3c 00 0a 9c 00
INFO - 34 fb c9 3c 00 0a a1 00
INFO - 34 fd 09 3c 00 0a a9 00
INFO - 34 ff 49 3c 00 0a a5 00
INFO - 35 02 89 3c 00 0a c4 00
INFO - 35 05 c9 3c 00 0a c1 00
INFO - 35 07 09 3c 00 0a ba 00
INFO - 35 09 49 3c 00 0a a5 00
INFO - 35 0c 89 3c 00 0a b5 00
INFO - 35 0d c9 3c 00 0a 87 00
INFO - 35 10 09 3c 00 0a d9 00
INFO - 35 12 49 3c 00 0a b6 00
INFO - 35 15 89 3c 00 0a ce 00
INFO - 35 17 c9 3c 00 0a 95 00
INFO - 35 19 09 3c 00 0a 9b 00
INFO - 35 1b 49 3c 00 0a c3 00
INFO - 35 1f 89 3c 00 0a dc 00
INFO - 35 20 c9 3c 00 0a 9f 00
INFO - 35 22 09 3c 00 0a a6 00
INFO - 35 24 49 3c 00 0a 9e 00
INFO - 35 27 89 3c 00 0a b6 00
INFO - 35 29 c9 3c 00 0a a2 00
INFO - 35 2b 09 3c 00 0a 9f 00
INFO - 35 2d 49 3c 00 0a aa 00
INFO - 35 2f 89 3c 00 0a 9e 00
INFO - 35 32 c9 3c 00 0a cf 00
INFO - 35 34 09 3c 00 0a aa 00
INFO - 35 36 49 3c 00 0a a0 00
INFO - 35 38 89 3c 00 0a a6 00
INFO - 35 3a c9 3c 00 0a af 00
INFO - 35 3c 09 3c 00 0a b6 00
INFO - 35 3d 49 3c 00 0a 7b 00
INFO - 35 42 89 3c 00 0b 15 00
INFO - 35 45 c9 3c 00 0a 94 00
INFO - 35 48 09 3c 00 0a c4 00
INFO - 35 4a 49 3c 00 0a c2 00
INFO - 35 4e 89 3c 00 0b 0b 00
INFO - 35 51 c9 3c 00 0a c3 00
INFO - 35 53 09 3c 00 0a a1 00
INFO - 35 55 49 3c 00 0a b6 00
INFO - 35 58 89 3c 00 0a af 00
INFO - 35 59 c9 3c 00 0a 9d 00
INFO - 35 5d 09 3c 00 0a ff 00
INFO - 35 5f 49 3c 00 0a a4 00
INFO - 35 62 89 3c 00 0a d6 00
INFO - 35 65 c9 3c 00 0a ad 00
INFO - 35 67 09 3c 00 0a bc 00
INFO - 35 69 49 3c 00 0a 90 00
INFO - 35 6b 89 3c 00 0a a3 00
INFO - 35 6c c9 3c 00 0a 94 00
INFO - 35 6e 09 3c 00 0a a9 00
INFO - 35 71 49 3c 00 0a b6 00
INFO - 35 73 89 3c 00 0a a5 00
INFO - 35 76 c9 3c 00 0a d8 00
INFO - 35 78 09 3c 00 0a b6 00
INFO - 35 7b 49 3c 00 0a d5 00
INFO - 35 7e 89 3c 00 0a d7 00
INFO - 35 80 c9 3c 00 0a 99 00
INFO - 35 83 09 3c 00 0a d0 00
INFO - 35 85 49 3c 00 0a bf 00
INFO - 35 88 89 3c 00 0a a5 00
INFO - 35 8a c9 3c 00 0a c4 00
INFO - 35 8d 09 3c 00 0a d6 00
INFO - 35 90 49 3c 00 0a bc 00
INFO - 35 92 89 3c 00 0a c3 00
INFO - 35 95 c9 3c 00 0a c9 00
INFO - 35 97 09 3c 00 0a b0 00
INFO - 35 9a 49 3c 00 0a b7 00
INFO - 35 9c 89 3c 00 0a ab 00
INFO - 35 9d c9 3c 00 0a 86 00
INFO - 35 a0 09 3c 00 0a da 00
INFO - 35 a2 49 3c 00 0a 9e 00
INFO - 35 a5 89 3c 00 0a d8 00
INFO - 35 a8 c9 3c 00 0a c0 00
INFO - 35 aa 09 3c 00 0a 93 00
INFO - 35 ac 49 3c 00 0a b5 00
INFO - 35 ae 89 3c 00 0a b4 00
INFO - 35 b0 c9 3c 00 0a a8 00
INFO - 35 b3 09 3c 00 0a b4 00
INFO - 35 b5 49 3c 00 0a b8 00
INFO - 35 b7 89 3c 00 0a 8d 00
INFO - 35 b9 c9 3c 00 0a 9d 00
INFO - 35 bb 09 3c 00 0a b4 00
INFO - 35 bd 49 3c 00 0a b2 00
INFO - 35 bf 89 3c 00 0a 9e 00
INFO - 35 c1 c9 3c 00 0a b4 00
INFO - 35 c4 09 3c 00 0a b8 00
INFO - 35 c6 49 3c 00 0a bc 00
INFO - 35 c9 89 3c 00 0a b4 00
INFO - 35 cb c9 3c 00 0a ac 00
INFO - 35 cd 09 3c 00 0a a4 00
INFO - 35 cf 49 3c 00 0a bf 00
INFO - 35 d2 89 3c 00 0a b4 00
INFO - 35 d4 c9 3c 00 0a c4 00
INFO - 35 d6 09 3c 00 0a 99 00
INFO - 35 d9 49 3c 00 0a d0 00
INFO - 35 db 89 3c 00 0a 8d 00
INFO - 35 df c9 3c 00 0b 1d 00
INFO - 35 e1 09 3c 00 0a a8 00
INFO - 35 e3 49 3c 00 0a a1 00
INFO - 35 e7 89 3c 00 0a e9 00
INFO - 35 e9 c9 3c 00 0a b8 00
INFO - 35 eb 09 3c 00 0a ba 00
INFO - 35 ee 49 3c 00 0a b7 00
INFO - 35 f0 89 3c 00 0a af 00
INFO - 35 f2 c9 3c 00 0a a0 00
INFO - 35 f5 09 3c 00 0a d5 00
INFO - 35 f6 49 3c 00 0a 8e 00
INFO - 35 f9 89 3c 00 0a cb 00
INFO - 35 fb c9 3c 00 0a ae 00
INFO - 35 fe 09 3c 00 0a b5 00
INFO - 36 00 49 3c 00 0a b2 00
INFO - 36 03 89 3c 00 0a bd 00
INFO - 36 05 c9 3c 00 0a c4 00
INFO - 36 08 09 3c 00 0a d8 00
INFO - 36 0a 49 3c 00 0a a8 00
INFO - 36 0d 89 3c 00 0a bc 00
INFO - 36 0f c9 3c 00 0a a7 00
INFO - 36 11 09 3c 00 0a af 00
INFO - 36 13 49 3c 00 0a 93 00
INFO - 36 15 89 3c 00 0a b3 00
INFO - 36 17 c9 3c 00 0a 97 00
INFO - 36 1b 09 3c 00 0a ef 00
INFO - 36 1d 49 3c 00 0a 7e 00
INFO - 36 20 89 3c 00 0a cc 00
INFO - 36 22 c9 3c 00 0a b2 00
INFO - 36 25 09 3c 00 0a d1 00
INFO - 36 28 49 3c 00 0a cc 00
INFO - 36 2a 89 3c 00 0a 9b 00
INFO - 36 2c c9 3c 00 0a 9b 00
INFO - 36 2d 09 3c 00 0a 8f 00
INFO - 36 31 49 3c 00 0a f3 00
INFO - 36 33 89 3c 00 0a 9a 00
INFO - 36 35 c9 3c 00 0a cf 00
INFO - 36 37 09 3c 00 0a 95 00
INFO - 36 3a 49 3c 00 0a dc 00
INFO - 36 3d 89 3c 00 0a c2 00
INFO - 36 3f c9 3c 00 0a 93 00
INFO - 36 41 09 3c 00 0a ce 00
INFO - 36 43 49 3c 00 0a 96 00
INFO - 36 46 89 3c 00 0a bb 00
INFO - 36 48 c9 3c 00 0a b8 00
INFO - 36 4b 09 3c 00 0a bf 00
INFO - 36 4e 49 3c 00 0a dc 00
INFO - 36 50 89 3c 00 0a a1 00
INFO - 36 52 c9 3c 00 0a a9 00
INFO - 36 53 09 3c 00 0a 94 00
INFO - 36 55 49 3c 00 0a 9f 00
INFO - 36 57 89 3c 00 0a 90 00
INFO - 36 59 c9 3c 00 0a ad 00
INFO - 36 5b 09 3c 00 0a 9d 00
INFO - 36 5d 49 3c 00 0a 89 00
INFO - 36 5f 89 3c 00 0a b2 00
INFO - 36 60 c9 3c 00 0a 88 00
INFO - 36 63 09 3c 00 0a bc 00
INFO - 36 64 49 3c 00 0a 88 00
INFO - 36 66 89 3c 00 0a 9e 00
INFO - 36 69 c9 3c 00 0a cf 00
INFO - 36 6b 09 3c 00 0a a6 00
INFO - 36 6d 49 3c 00 0a 92 00
INFO - 36 6f 89 3c 00 0a bb 00
INFO - 36 71 c9 3c 00 0a b1 00
INFO - 36 74 09 3c 00 0a c2 00
INFO - 36 76 49 3c 00 0a b3 00
INFO - 36 79 89 3c 00 0a c5 00
INFO - 36 7c c9 3c 00 0a c1 00
INFO - 36 7e 09 3c 00 0a 9f 00
INFO - 36 7f 49 3c 00 0a 92 00
INFO - 36 81 89 3c 00 0a a6 00
INFO - 36 83 c9 3c 00 0a 85 00
INFO - 36 85 09 3c 00 0a 9f 00
INFO - 36 86 49 3c 00 0a 92 00
INFO - 36 88 89 3c 00 0a 9c 00
INFO - 36 8a c9 3c 00 0a 9b 00
INFO - 36 8c 09 3c 00 0a 9c 00
INFO - 36 8d 49 3c 00 0a 8f 00
INFO - 36 90 89 3c 00 0a bf 00
INFO - 36 92 c9 3c 00 0a 9b 00
INFO - 36 94 09 3c 00 0a bb 00
INFO - 36 96 49 3c 00 0a 92 00
INFO - 36 98 89 3c 00 0a b0 00
INFO - 36 9a c9 3c 00 0a 9f 00
INFO - 36 9c 09 3c 00 0a ac 00
INFO - 36 9f 49 3c 00 0a ca 00
INFO - 36 a2 89 3c 00 0a cd 00
INFO - 36 a3 c9 3c 00 0a 8e 00
INFO - 36 a5 09 3c 00 0a 94 00
INFO - 36 a7 49 3c 00 0a a6 00
INFO - 36 a9 89 3c 00 0a b1 00
INFO - 36 ab c9 3c 00 0a 8c 00
INFO - 36 ae 09 3c 00 0a c7 00
INFO - 36 b0 49 3c 00 0a a5 00
INFO - 36 b2 89 3c 00 0a a4 00
INFO - 36 b3 c9 3c 00 0a 8d 00
INFO - 36 b6 09 3c 00 0a c6 00
INFO - 36 b8 49 3c 00 0a 9a 00
INFO - 36 ba 89 3c 00 0a a5 00
INFO - 36 bc c9 3c 00 0a 96 00
INFO - 36 bd 09 3c 00 0a 95 00
INFO - 36 bf 49 3c 00 0a 8f 00
INFO - 36 c1 89 3c 00 0a b8 00
INFO - 36 c3 c9 3c 00 0a 90 00
INFO - 36 c6 09 3c 00 0a c9 00
INFO - 36 c8 49 3c 00 0a a7 00
INFO - 36 ca 89 3c 00 0a 9a 00
INFO - 36 cc c9 3c 00 0a a4 00
INFO - 36 cd 09 3c 00 0a 9c 00
INFO - 36 d0 49 3c 00 0a b7 00
INFO - 36 d2 89 3c 00 0a a0 00
INFO - 36 d4 c9 3c 00 0a 9d 00
INFO - 36 d5 09 3c 00 0a 9a 00
INFO - 36 d7 49 3c 00 0a 87 00
INFO - 36 d9 89 3c 00 0a 99 00
INFO - 36 da c9 3c 00 0a 86 00
INFO - 36 dc 09 3c 00 0a 96 00
INFO - 36 de 49 3c 00 0a bb 00
INFO - 36 e0 89 3c 00 0a 90 00
INFO - 36 e2 c9 3c 00 0a 9b 00
INFO - 36 e3 09 3c 00 0a 98 00
INFO - 36 e6 49 3c 00 0a b7 00
INFO - 36 e8 89 3c 00 0a 9a 00
INFO - 36 ea c9 3c 00 0a c1 00
INFO - 36 ec 09 3c 00 0a 85 00
INFO - 36 ee 49 3c 00 0a a3 00
INFO - 36 f0 89 3c 00 0a a0 00
INFO - 36 f4 c9 3c 00 0b 23 00
INFO - 36 f6 09 3c 00 0a 82 00
INFO - 36 f8 49 3c 00 0a af 00
INFO - 36 fa 89 3c 00 0a a3 00
INFO - 36 fc c9 3c 00 0a 8f 00
INFO - 36 fe 09 3c 00 0a ca 00
INFO - 37 00 49 3c 00 0a 8c 00
INFO - 37 02 89 3c 00 0a bb 00
INFO - 37 05 c9 3c 00 0a c0 00
INFO - 37 06 09 3c 00 0a 86 00
INFO - 37 08 49 3c 00 0a a4 00
INFO - 37 0b 89 3c 00 0a b4 00
INFO - 37 0d c9 3c 00 0a a7 00
INFO - 37 0e 09 3c 00 0a 90 00
INFO - 37 11 49 3c 00 0a cc 00
INFO - 37 12 89 3c 00 0a 86 00
INFO - 37 14 c9 3c 00 0a 8d 00
INFO - 37 16 09 3c 00 0a a8 00
INFO - 37 18 49 3c 00 0a ad 00
INFO - 37 1a 89 3c 00 0a ad 00
INFO - 37 1d c9 3c 00 0a c2 00
INFO - 37 1f 09 3c 00 0a 90 00
INFO - 37 20 49 3c 00 0a 90 00
INFO - 37 22 89 3c 00 0a a2 00
INFO - 37 23 c9 3c 00 0a 7c 00
INFO - 37 26 09 3c 00 0a be 00
INFO - 37 28 49 3c 00 0a 94 00
INFO - 37 2a 89 3c 00 0a ca 00
INFO - 37 2c c9 3c 00 0a 8f 00
INFO - 37 2e 09 3c 00 0a 96 00
INFO - 37 2f 49 3c 00 0a 88 00
INFO - 37 32 89 3c 00 0a d4 00
INFO - 37 34 c9 3c 00 0a 90 00
INFO - 37 36 09 3c 00 0a 9e 00
INFO - 37 37 49 3c 00 0a 9c 00
INFO - 37 3a 89 3c 00 0a c0 00
INFO - 37 3c c9 3c 00 0a 98 00
INFO - 37 3e 09 3c 00 0a a1 00
INFO - 37 40 49 3c 00 0a b3 00
INFO - 37 43 89 3c 00 0a c1 00
INFO - 37 45 c9 3c 00 0a bc 00
INFO - 37 47 09 3c 00 0a 87 00
INFO - 37 48 49 3c 00 0a 8e 00
INFO - 37 4a 89 3c 00 0a 98 00
INFO - 37 4c c9 3c 00 0a a8 00
INFO - 37 4e 09 3c 00 0a af 00
INFO - 37 50 49 3c 00 0a 8e 00
INFO - 37 54 89 3c 00 0a fb 00
INFO - 37 55 c9 3c 00 0a 99 00
INFO - 37 57 09 3c 00 0a 94 00
INFO - 37 59 49 3c 00 0a b0 00
INFO - 37 5b 89 3c 00 0a 99 00
INFO - 37 5e c9 3c 00 0a d3 00
INFO - 37 60 09 3c 00 0a a6 00
INFO - 37 62 49 3c 00 0a 8f 00
INFO - 37 63 89 3c 00 0a 88 00
INFO - 37 66 c9 3c 00 0a d4 00
INFO - 37 69 09 3c 00 0a ca 00
INFO - 37 6a 49 3c 00 0a 81 00
INFO - 37 6c 89 3c 00 0a 8e 00
INFO - 37 6d c9 3c 00 0a 92 00
INFO - 37 70 09 3c 00 0a c0 00
INFO - 37 72 49 3c 00 0a 8e 00
INFO - 37 74 89 3c 00 0a a2 00
INFO - 37 76 c9 3c 00 0a bf 00
INFO - 37 78 09 3c 00 0a 98 00
INFO - 37 79 49 3c 00 0a 8e 00
INFO - 37 7c 89 3c 00 0a b5 00
INFO - 37 7e c9 3c 00 0a b5 00
INFO - 37 80 09 3c 00 0a 8e 00
INFO - 37 82 49 3c 00 0a a3 00
INFO - 37 83 89 3c 00 0a 97 00
INFO - 37 85 c9 3c 00 0a 98 00
INFO - 37 88 09 3c 00 0a bf 00
INFO - 37 89 49 3c 00 0a 95 00
INFO - 37 8b 89 3c 00 0a 9c 00
INFO - 37 8d c9 3c 00 0a 85 00
INFO - 37 8e 09 3c 00 0a 86 00
INFO - 37 90 49 3c 00 0a 99 00
INFO - 37 91 89 3c 00 0a 8b 00
INFO - 37 93 c9 3c 00 0a 92 00
INFO - 37 95 09 3c 00 0a a3 00
INFO - 37 97 49 3c 00 0a 90 00
INFO - 37 99 89 3c 00 0a a4 00
INFO - 37 9a c9 3c 00 0a 8e 00
INFO - 37 9c 09 3c 00 0a a6 00
INFO - 37 9e 49 3c 00 0a 9a 00
INFO - 37 a1 89 3c 00 0a c2 00
INFO - 37 a3 c9 3c 00 0a a1 00
INFO - 37 a5 09 3c 00 0a a7 00
INFO - 37 a6 49 3c 00 0a 92 00
INFO - 37 a9 89 3c 00 0a ac 00
INFO - 37 aa c9 3c 00 0a 8e 00
INFO - 37 ad 09 3c 00 0a cf 00
INFO - 37 af 49 3c 00 0a 90 00
INFO - 37 b1 89 3c 00 0a a4 00
INFO - 37 b2 c9 3c 00 0a 8d 00
INFO - 37 b4 09 3c 00 0a a1 00
INFO - 37 b6 49 3c 00 0a 8c 00
INFO - 37 b8 89 3c 00 0a b7 00
INFO - 37 ba c9 3c 00 0a ba 00
INFO - 37 bc 09 3c 00 0a 9b 00
INFO - 37 be 49 3c 00 0a 97 00
INFO - 37 bf 89 3c 00 0a 86 00
INFO - 37 c2 c9 3c 00 0a bb 00
INFO - 37 c4 09 3c 00 0a af 00
INFO - 37 c6 49 3c 00 0a a2 00
INFO - 37 c9 89 3c 00 0a d8 00
INFO - 37 cb c9 3c 00 0a ae 00
INFO - 37 cf 09 3c 00 0a eb 00
INFO - 37 d1 49 3c 00 0a b0 00
INFO - 37 d4 89 3c 00 0a bf 00
INFO - 37 d5 c9 3c 00 0a 89 00
INFO - 37 d7 09 3c 00 0a 91 00
INFO - 37 d8 49 3c 00 0a 9b 00
INFO - 37 da 89 3c 00 0a 90 00
INFO - 37 dc c9 3c 00 0a a5 00
INFO - 37 dd 09 3c 00 0a 79 00
INFO - 37 e0 49 3c 00 0a bc 00
INFO - 37 e1 89 3c 00 0a 90 00
INFO - 37 e3 c9 3c 00 0a 87 00
INFO - 37 e5 09 3c 00 0a b9 00
INFO - 37 e8 49 3c 00 0a ca 00
INFO - 37 ea 89 3c 00 0a a3 00
INFO - 37 ec c9 3c 00 0a b8 00
INFO - 37 ee 09 3c 00 0a 9a 00
INFO - 37 f0 49 3c 00 0a 84 00
INFO - 37 f1 89 3c 00 0a 9b 00
INFO - 37 f3 c9 3c 00 0a 90 00
INFO - 37 f5 09 3c 00 0a a3 00
INFO - 37 f8 49 3c 00 0a d5 00
INFO - 37 fa 89 3c 00 0a b7 00
INFO - 37 fc c9 3c 00 0a 99 00
INFO - 37 fe 09 3c 00 0a 98 00
INFO - 38 01 49 3c 00 0a c9 00
INFO - 38 02 89 3c 00 0a 95 00
INFO - 38 05 c9 3c 00 0a ae 00
INFO - 38 06 09 3c 00 0a 97 00
INFO - 38 08 49 3c 00 0a 8d 00
INFO - 38 09 89 3c 00 0a 85 00
INFO - 38 0c c9 3c 00 0a c2 00
INFO - 38 0e 09 3c 00 0a 99 00
INFO - 38 10 49 3c 00 0a 9f 00
INFO - 38 12 89 3c 00 0a c5 00
INFO - 38 14 c9 3c 00 0a 9f 00
INFO - 38 16 09 3c 00 0a 89 00
INFO - 38 18 49 3c 00 0a ac 00
INFO - 38 19 89 3c 00 0a 78 00
INFO - 38 1b c9 3c 00 0a b1 00
INFO - 38 1c 09 3c 00 0a 61 00
INFO - 38 1f 49 3c 00 0a b0 00
INFO - 38 21 89 3c 00 0a a4 00
INFO - 38 22 c9 3c 00 0a 97 00
INFO - 38 24 09 3c 00 0a 9d 00
INFO - 38 26 49 3c 00 0a 9d 00
INFO - 38 28 89 3c 00 0a 9e 00
INFO - 38 2a c9 3c 00 0a 8b 00
INFO - 38 2c 09 3c 00 0a b5 00
INFO - 38 2e 49 3c 00 0a 96 00
INFO - 38 2f 89 3c 00 0a 7e 00
INFO - 38 32 c9 3c 00 0a c6 00
INFO - 38 33 09 3c 00 0a 77 00
INFO - 38 35 49 3c 00 0a ae 00
INFO - 38 37 89 3c 00 0a 9c 00
INFO - 38 39 c9 3c 00 0a b5 00
INFO - 38 3b 09 3c 00 0a 97 00
INFO - 38 3d 49 3c 00 0a a4 00
INFO - 38 3e 89 3c 00 0a 80 00
INFO - 38 40 c9 3c 00 0a a6 00
INFO - 38 42 09 3c 00 0a 87 00
INFO - 38 44 49 3c 00 0a b1 00
INFO - 38 45 89 3c 00 0a 82 00
INFO - 38 48 c9 3c 00 0a b7 00
INFO - 38 49 09 3c 00 0a 93 00
INFO - 38 4c 49 3c 00 0a b8 00
INFO - 38 4d 89 3c 00 0a 87 00
INFO - 38 50 c9 3c 00 0a ba 00
INFO - 38 51 09 3c 00 0a 94 00
INFO - 38 53 49 3c 00 0a a5 00
INFO - 38 55 89 3c 00 0a ab 00
INFO - 38 57 c9 3c 00 0a 9f 00
INFO - 38 59 09 3c 00 0a 93 00
INFO - 38 5b 49 3c 00 0a 9c 00
INFO - 38 5c 89 3c 00 0a 8f 00
INFO - 38 5f c9 3c 00 0a b1 00
INFO - 38 60 09 3c 00 0a 93 00
INFO - 38 63 49 3c 00 0a b5 00
INFO - 38 65 89 3c 00 0a a1 00
INFO - 38 66 c9 3c 00 0a 82 00
INFO - 38 68 09 3c 00 0a b6 00
INFO - 38 6a 49 3c 00 0a 81 00
INFO - 38 6b 89 3c 00 0a 90 00
INFO - 38 6d c9 3c 00 0a 97 00
INFO - 38 6e 09 3c 00 0a 7f 00
INFO - 38 71 49 3c 00 0a b7 00
INFO - 38 72 89 3c 00 0a 88 00
INFO - 38 73 c9 3c 00 0a 86 00
INFO - 38 75 09 3c 00 0a 87 00
INFO - 38 76 49 3c 00 0a 8f 00
INFO - 38 78 89 3c 00 0a 8f 00
INFO - 38 7b c9 3c 00 0a c0 00
INFO - 38 7c 09 3c 00 0a 89 00
INFO - 38 7e 49 3c 00 0a 97 00
INFO - 38 80 89 3c 00 0a c2 00
INFO - 38 82 c9 3c 00 0a a5 00
INFO - 38 84 09 3c 00 0a a3 00
INFO - 38 86 49 3c 00 0a a9 00
INFO - 38 89 89 3c 00 0a ad 00
INFO - 38 8b c9 3c 00 0a c6 00
INFO - 38 8e 09 3c 00 0a ac 00
INFO - 38 8f 49 3c 00 0a 9b 00
INFO - 38 91 89 3c 00 0a 7b 00
INFO - 38 92 c9 3c 00 0a 99 00
INFO - 38 94 09 3c 00 0a a2 00
INFO - 38 96 49 3c 00 0a 8e 00
INFO - 38 97 89 3c 00 0a 81 00
INFO - 38 99 c9 3c 00 0a 8c 00
INFO - 38 9a 09 3c 00 0a 79 00
INFO - 38 9b 49 3c 00 0a 79 00
INFO - 38 9c 89 3c 00 0a 88 00
INFO - 38 9e c9 3c 00 0a 80 00
INFO - 38 9f 09 3c 00 0a 80 00
INFO - 38 a0 49 3c 00 0a 85 00
INFO - 38 a2 89 3c 00 0a 8c 00
INFO - 38 a3 c9 3c 00 0a 80 00
INFO - 38 a5 09 3c 00 0a a0 00
INFO - 38 a7 49 3c 00 0a 98 00
INFO - 38 a9 89 3c 00 0a b1 00
INFO - 38 ab c9 3c 00 0a 8b 00
INFO - 38 ac 09 3c 00 0a 93 00
INFO - 38 ae 49 3c 00 0a 88 00
INFO - 38 b0 89 3c 00 0a 98 00
INFO - 38 b1 c9 3c 00 0a 88 00
INFO - 38 b3 09 3c 00 0a a8 00
INFO - 38 b4 49 3c 00 0a 78 00
INFO - 38 b6 89 3c 00 0a 85 00
INFO - 38 b7 c9 3c 00 0a 78 00
INFO - 38 b8 09 3c 00 0a 8c 00
INFO - 38 ba 49 3c 00 0a 92 00
INFO - 38 bb 89 3c 00 0a 81 00
INFO - 38 bd c9 3c 00 0a 98 00
INFO - 38 be 09 3c 00 0a 7e 00
INFO - 38 bf 49 3c 00 0a 79 00
INFO - 38 c1 89 3c 00 0a a6 00
INFO - 38 c3 c9 3c 00 0a 8a 00
INFO - 38 c4 09 3c 00 0a 8b 00
INFO - 38 c6 49 3c 00 0a 95 00
INFO - 38 c7 89 3c 00 0a 7a 00
INFO - 38 c9 c9 3c 00 0a 8f 00
INFO - 38 cb 09 3c 00 0a b1 00
INFO - 38 cd 49 3c 00 0a ae 00
INFO - 38 cf 89 3c 00 0a ac 00
INFO - 38 d1 c9 3c 00 0a 95 00
INFO - 38 d3 09 3c 00 0a 88 00
INFO - 38 d5 49 3c 00 0a a7 00
INFO - 38 d6 89 3c 00 0a 85 00
INFO - 38 d8 c9 3c 00 0a 9f 00
INFO - 38 da 09 3c 00 0a 97 00
INFO - 38 db 49 3c 00 0a 96 00
INFO - 38 dd 89 3c 00 0a 8c 00
INFO - 38 e0 c9 3c 00 0a cc 00
INFO - 38 e1 09 3c 00 0a 90 00
INFO - 38 e3 49 3c 00 0a 8d 00
INFO - 38 e6 89 3c 00 0a c2 00
INFO - 38 e7 c9 3c 00 0a 83 00
INFO - 38 e8 09 3c 00 0a 85 00
INFO - 38 ea 49 3c 00 0a ab 00
INFO - 38 ec 89 3c 00 0a 8f 00
INFO - 38 ed c9 3c 00 0a 7d 00
INFO - 38 ef 09 3c 00 0a a0 00
INFO - 38 f1 49 3c 00 0a a7 00
INFO - 38 f3 89 3c 00 0a 91 00
INFO - 38 f5 c9 3c 00 0a bb 00
INFO - 38 f8 09 3c 00 0a b2 00
INFO - 38 f9 49 3c 00 0a 7a 00
INFO - 38 fa 89 3c 00 0a 8f 00
INFO - 38 fc c9 3c 00 0a a4 00
INFO - 38 fe 09 3c 00 0a 98 00
INFO - 39 00 49 3c 00 0a 95 00
INFO - 39 02 89 3c 00 0a ae 00
INFO - 39 04 c9 3c 00 0a 8e 00
INFO - 39 06 09 3c 00 0a aa 00
INFO - 39 08 49 3c 00 0a b0 00
INFO - 39 0a 89 3c 00 0a 9b 00
INFO - 39 0c c9 3c 00 0a ab 00
INFO - 39 0d 09 3c 00 0a 7b 00
INFO - 39 0f 49 3c 00 0a 9c 00
INFO - 39 11 89 3c 00 0a 91 00
INFO - 39 12 c9 3c 00 0a 88 00
INFO - 39 14 09 3c 00 0a a9 00
INFO - 39 16 49 3c 00 0a 9f 00
INFO - 39 18 89 3c 00 0a 9a 00
INFO - 39 1a c9 3c 00 0a 98 00
INFO - 39 1b 09 3c 00 0a 8c 00
INFO - 39 1d 49 3c 00 0a 80 00
INFO - 39 1f 89 3c 00 0a ab 00
INFO - 39 21 c9 3c 00 0a 9f 00
INFO - 39 23 09 3c 00 0a a5 00
INFO - 39 24 49 3c 00 0a 80 00
INFO - 39 26 89 3c 00 0a ab 00
INFO - 39 28 c9 3c 00 0a 8e 00
INFO - 39 2a 09 3c 00 0a a1 00
INFO - 39 2c 49 3c 00 0a c3 00
INFO - 39 2e 89 3c 00 0a 98 00
INFO - 39 30 c9 3c 00 0a b1 00
INFO - 39 32 09 3c 00 0a a1 00
INFO - 39 35 49 3c 00 0a c0 00
INFO - 39 36 89 3c 00 0a 7f 00
INFO - 39 38 c9 3c 00 0a a7 00
INFO - 39 3a 09 3c 00 0a 8a 00
INFO - 39 3c 49 3c 00 0a bc 00
INFO - 39 3e 89 3c 00 0a 91 00
INFO - 39 40 c9 3c 00 0a b0 00
INFO - 39 41 09 3c 00 0a 63 00
INFO - 39 44 49 3c 00 0a c2 00
INFO - 39 46 89 3c 00 0a a0 00
INFO - 39 47 c9 3c 00 0a 8a 00
INFO - 39 49 09 3c 00 0a 7d 00
INFO - 39 4a 49 3c 00 0a 9a 00
INFO - 39 4c 89 3c 00 0a 87 00
INFO - 39 4e c9 3c 00 0a c0 00
INFO - 39 50 09 3c 00 0a 9f 00
INFO - 39 52 49 3c 00 0a 9b 00
INFO - 39 53 89 3c 00 0a 7c 00
INFO - 39 56 c9 3c 00 0a aa 00
INFO - 39 57 09 3c 00 0a 8a 00
INFO - 39 59 49 3c 00 0a 8f 00
INFO - 39 5a 89 3c 00 0a 9e 00
INFO - 39 5c c9 3c 00 0a a2 00
INFO - 39 5e 09 3c 00 0a 86 00
INFO - 39 60 49 3c 00 0a 98 00
INFO - 39 63 89 3c 00 0a df 00
INFO - 39 64 c9 3c 00 0a 86 00
INFO - 39 66 09 3c 00 0a a7 00
INFO - 39 68 49 3c 00 0a 98 00
INFO - 39 6a 89 3c 00 0a 97 00
INFO - 39 6c c9 3c 00 0a a4 00
INFO - 39 6d 09 3c 00 0a 8a 00
INFO - 39 6f 49 3c 00 0a 85 00
INFO - 39 71 89 3c 00 0a 9f 00
INFO - 39 72 c9 3c 00 0a 7d 00
INFO - 39 75 09 3c 00 0a c9 00
INFO - 39 76 49 3c 00 0a 81 00
INFO - 39 78 89 3c 00 0a a4 00
INFO - 39 79 c9 3c 00 0a 8d 00
INFO - 39 7c 09 3c 00 0a a7 00
INFO - 39 7d 49 3c 00 0a 8d 00
INFO - 39 7f 89 3c 00 0a b2 00
INFO - 39 81 c9 3c 00 0a 82 00
INFO - 39 83 09 3c 00 0a af 00
INFO - 39 84 49 3c 00 0a 8d 00
INFO - 39 86 89 3c 00 0a 9e 00
INFO - 39 88 c9 3c 00 0a 85 00
INFO - 39 8a 09 3c 00 0a c1 00
INFO - 39 8c 49 3c 00 0a 96 00
INFO - 39 8e 89 3c 00 0a 92 00
INFO - 39 90 c9 3c 00 0a 9b 00
INFO - 39 92 09 3c 00 0a a9 00
INFO - 39 93 49 3c 00 0a 97 00
INFO - 39 95 89 3c 00 0a 86 00
INFO - 39 97 c9 3c 00 0a a8 00
INFO - 39 99 09 3c 00 0a b2 00
INFO - 39 9b 49 3c 00 0a 97 00
INFO - 39 9c 89 3c 00 0a 86 00
INFO - 39 9e c9 3c 00 0a 95 00
INFO - 39 a0 09 3c 00 0a 9b 00
INFO - 39 a2 49 3c 00 0a a1 00
INFO - 39 a3 89 3c 00 0a 7f 00
INFO - 39 a5 c9 3c 00 0a 87 00
INFO - 39 a6 09 3c 00 0a 87 00
INFO - 39 a7 49 3c 00 0a 88 00
INFO - 39 a9 89 3c 00 0a 96 00
INFO - 39 aa c9 3c 00 0a 7f 00
INFO - 39 ac 09 3c 00 0a 8c 00
INFO - 39 ad 49 3c 00 0a 7f 00
INFO - 39 af 89 3c 00 0a 92 00
INFO - 39 b0 c9 3c 00 0a 89 00
INFO - 39 b2 09 3c 00 0a 88 00
INFO - 39 b3 49 3c 00 0a 93 00
INFO - 39 b5 89 3c 00 0a 8a 00
INFO - 39 b7 c9 3c 00 0a 99 00
INFO - 39 b9 09 3c 00 0a 9d 00
INFO - 39 bb 49 3c 00 0a a1 00
INFO - 39 bd 89 3c 00 0a ba 00
INFO - 39 bf c9 3c 00 0a bb 00
INFO - 39 c1 09 3c 00 0a 89 00
INFO - 39 c3 49 3c 00 0a bd 00
INFO - 39 c5 89 3c 00 0a 8c 00
INFO - 39 c7 c9 3c 00 0a a3 00
INFO - 39 cc 09 3c 00 0b 35 00
INFO - 39 cd 49 3c 00 0a 83 00
INFO - 39 cf 89 3c 00 0a a6 00
INFO - 39 d1 c9 3c 00 0a 86 00
INFO - 39 d2 09 3c 00 0a 90 00
INFO - 39 d4 49 3c 00 0a 68 00
INFO - 39 d6 89 3c 00 0a 9e 00
INFO - 39 d7 c9 3c 00 0a 91 00
INFO - 39 d9 09 3c 00 0a 9b 00
INFO - 39 db 49 3c 00 0a 9f 00
INFO - 39 de 89 3c 00 0a d1 00
INFO - 39 e1 c9 3c 00 0a b6 00
INFO - 39 e2 09 3c 00 0a 9f 00
INFO - 39 e5 49 3c 00 0a b5 00
INFO - 39 e8 89 3c 00 0a d5 00
INFO - 39 eb c9 3c 00 0a cf 00
INFO - 39 ee 09 3c 00 0a ce 00
INFO - 39 ef 49 3c 00 0a 8c 00
INFO - 39 f1 89 3c 00 0a a4 00
INFO - 39 f3 c9 3c 00 0a a2 00
INFO - 39 f6 09 3c 00 0a db 00
INFO - 39 f9 49 3c 00 0a d1 00
INFO - 39 fb 89 3c 00 0a 8e 00
INFO - 39 fd c9 3c 00 0a 9d 00
INFO - 39 ff 09 3c 00 0a c5 00
INFO - 3a 02 49 3c 00 0a b3 00
INFO - 3a 03 89 3c 00 0a 9a 00
INFO - 3a 06 c9 3c 00 0a d6 00
INFO - 3a 08 09 3c 00 0a 9b 00
INFO - 3a 0b 49 3c 00 0a be 00
INFO - 3a 0d 89 3c 00 0a bf 00
INFO - 3a 10 c9 3c 00 0a cc 00
INFO - 3a 12 09 3c 00 0a 9c 00
INFO - 3a 15 49 3c 00 0a ce 00
INFO - 3a 17 89 3c 00 0a b4 00
INFO - 3a 19 c9 3c 00 0a b6 00
INFO - 3a 1b 09 3c 00 0a 92 00
INFO - 3a 1d 49 3c 00 0a a9 00
INFO - 3a 20 89 3c 00 0a b5 00
INFO - 3a 22 c9 3c 00 0a c1 00
INFO - 3a 24 09 3c 00 0a a9 00
INFO - 3a 28 49 3c 00 0a e5 00
INFO - 3a 29 89 3c 00 0a 9d 00
INFO - 3a 2c c9 3c 00 0a c1 00
INFO - 3a 2e 09 3c 00 0a a9 00
INFO - 3a 31 49 3c 00 0a b5 00
INFO - 3a 33 89 3c 00 0a b5 00
INFO - 3a 36 c9 3c 00 0a cc 00
INFO - 3a 38 09 3c 00 0a a9 00
INFO - 3a 3b 49 3c 00 0a d7 00
INFO - 3a 3d 89 3c 00 0a a8 00
INFO - 3a 40 c9 3c 00 0a d8 00
INFO - 3a 42 09 3c 00 0a 91 00
INFO - 3a 45 49 3c 00 0a e2 00
INFO - 3a 47 89 3c 00 0a a8 00
INFO - 3a 49 c9 3c 00 0a 9c 00
INFO - 3a 4b 09 3c 00 0a 91 00
INFO - 3a 4e 49 3c 00 0b 04 00
INFO - 3a 50 89 3c 00 0a 91 00
INFO - 3a 52 c9 3c 00 0a a7 00
INFO - 3a 55 09 3c 00 0a ca 00
INFO - 3a 58 49 3c 00 0a c9 00
INFO - 3a 5a 89 3c 00 0a 9c 00
INFO - 3a 5c c9 3c 00 0a be 00
INFO - 3a 5f 09 3c 00 0a e0 00
INFO - 3a 61 49 3c 00 0a a7 00
INFO - 3a 64 89 3c 00 0a d4 00
INFO - 3a 66 c9 3c 00 0a a7 00
INFO - 3a 69 09 3c 00 0a d4 00
INFO - 3a 6b 49 3c 00 0a 9b 00
INFO - 3a 6e 89 3c 00 0a b2 00
INFO - 3a 70 c9 3c 00 0a 79 00
INFO - 3a 72 09 3c 00 0a b1 00
INFO - 3a 74 49 3c 00 0a 9b 00
INFO - 3a 76 89 3c 00 0a bc 00
INFO - 3a 78 c9 3c 00 0a 9b 00
INFO - 3a 7b 09 3c 00 0a bb 00
INFO - 3a 7c 49 3c 00 0a 8f 00
INFO - 3a 7f 89 3c 00 0a c7 00
INFO - 3a 81 c9 3c 00 0a 9b 00
INFO - 3a 82 09 3c 00 0a 8f 00
INFO - 3a 85 49 3c 00 0a c8 00
INFO - 3a 88 89 3c 00 0a dd 00
INFO - 3a 8b c9 3c 00 0a be 00
INFO - 3a 8d 09 3c 00 0a b0 00
INFO - 3a 8f 49 3c 00 0a 84 00
INFO - 3a 92 89 3c 00 0a d5 00
INFO - 3a 93 c9 3c 00 0a 99 00
INFO - 3a 95 09 3c 00 0a 90 00
INFO - 3a 98 49 3c 00 0a d5 00
INFO - 3a 9b 89 3c 00 0a d3 00
INFO - 3a 9d c9 3c 00 0a 9c 00
INFO - 3a 9f 09 3c 00 0a 9d 00
INFO - 3a a2 49 3c 00 0a d3 00
INFO - 3a a4 89 3c 00 0a c0 00
INFO - 3a a6 c9 3c 00 0a 9c 00
INFO - 3a a9 09 3c 00 0a bc 00
INFO - 3a ab 49 3c 00 0a b4 00
INFO - 3a ad 89 3c 00 0a 9c 00
INFO - 3a af c9 3c 00 0a aa 00
INFO - 3a b1 09 3c 00 0a 9a 00
INFO - 3a b3 49 3c 00 0a b5 00
INFO - 3a b5 89 3c 00 0a aa 00
INFO - 3a b7 c9 3c 00 0a b2 00
INFO - 3a ba 09 3c 00 0a ab 00
INFO - 3a bc 49 3c 00 0a cb 00
INFO - 3a be 89 3c 00 0a 9b 00
INFO - 3a c1 c9 3c 00 0a c3 00
INFO - 3a c3 09 3c 00 0a 9b 00
INFO - 3a c6 49 3c 00 0a db 00
INFO - 3a c8 89 3c 00 0a a6 00
INFO - 3a cb c9 3c 00 0a d0 00
INFO - 3a cf 09 3c 00 0b 14 00
INFO - 3a d2 49 3c 00 0a d9 00
INFO - 3a d5 89 3c 00 0a c0 00
INFO - 3a d7 c9 3c 00 0a b6 00
INFO - 3a da 09 3c 00 0a cb 00
INFO - 3a de 49 3c 00 0a f4 00
INFO - 3a e0 89 3c 00 0a be 00
INFO - 3a e2 c9 3c 00 0a b9 00
INFO - 3a e4 09 3c 00 0a 92 00
INFO - 3a e6 49 3c 00 0a aa 00
INFO - 3a e8 89 3c 00 0a 92 00
INFO - 3a ea c9 3c 00 0a b5 00
INFO - 3a ec 09 3c 00 0a 8e 00
INFO - 3a ee 49 3c 00 0a ad 00
INFO - 3a f0 89 3c 00 0a 9d 00
INFO - 3a f2 c9 3c 00 0a 9d 00
INFO - 3a f4 09 3c 00 0a 9d 00
INFO - 3a f6 49 3c 00 0a a9 00
INFO - 3a f7 89 3c 00 0a 91 00
INFO - 3a fe c9 3c 00 0b 9c 00
INFO - 3b 00 09 3c 00 0a 98 00
INFO - 3b 02 49 3c 00 0a a1 00
INFO - 3b 04 89 3c 00 0a a8 00
INFO - 3b 08 c9 3c 00 0a f8 00
INFO - 3b 0a 09 3c 00 0a a8 00
INFO - 3b 0c 49 3c 00 0a 7a 00
INFO - 3b 0e 89 3c 00 0a 9d 00
INFO - 3b 11 c9 3c 00 0a cd 00
INFO - 3b 14 09 3c 00 0a c7 00
INFO - 3b 16 49 3c 00 0a bf 00
INFO - 3b 19 89 3c 00 0a b4 00
INFO - 3b 1b c9 3c 00 0a a8 00
INFO - 3b 1d 09 3c 00 0a 9d 00
INFO - 3b 1f 49 3c 00 0a c0 00
INFO - 3b 22 89 3c 00 0a cb 00
INFO - 3b 25 c9 3c 00 0a e2 00
INFO - 3b 28 09 3c 00 0a bf 00
INFO - 3b 2a 49 3c 00 0a 9d 00
INFO - 3b 2c 89 3c 00 0a bf 00
INFO - 3b 2e c9 3c 00 0a 9c 00
INFO - 3b 31 09 3c 00 0a ca 00
INFO - 3b 33 49 3c 00 0a be 00
INFO - 3b 36 89 3c 00 0a cd 00
INFO - 3b 38 c9 3c 00 0a a4 00
INFO - 3b 3a 09 3c 00 0a 90 00
INFO - 3b 3c 49 3c 00 0a b2 00
INFO - 3b 3e 89 3c 00 0a b5 00
INFO - 3b 40 c9 3c 00 0a 99 00
INFO - 3b 43 09 3c 00 0a b2 00
INFO - 3b 44 49 3c 00 0a 92 00
INFO - 3b 46 89 3c 00 0a af 00
INFO - 3b 49 c9 3c 00 0a b2 00
INFO - 3b 4c 09 3c 00 0a d5 00
INFO - 3b 4e 49 3c 00 0a a3 00
INFO - 3b 50 89 3c 00 0a 9c 00
INFO - 3b 52 c9 3c 00 0a c4 00
INFO - 3b 55 09 3c 00 0a bb 00
INFO - 3b 56 49 3c 00 0a 9b 00
INFO - 3b 59 89 3c 00 0a ad 00
INFO - 3b 5b c9 3c 00 0a a6 00
INFO - 3b 5d 09 3c 00 0a b9 00
INFO - 3b 5f 49 3c 00 0a a1 00
INFO - 3b 61 89 3c 00 0a a5 00
INFO - 3b 64 c9 3c 00 0a b7 00
INFO - 3b 66 09 3c 00 0a a5 00
INFO - 3b 68 49 3c 00 0a a0 00
INFO - 3b 6a 89 3c 00 0a bb 00
INFO - 3b 6c c9 3c 00 0a ab 00
INFO - 3b 6e 09 3c 00 0a 99 00
INFO - 3b 71 49 3c 00 0a c1 00
INFO - 3b 73 89 3c 00 0a ae 00
INFO - 3b 74 c9 3c 00 0a 95 00
INFO - 3b 76 09 3c 00 0a a2 00
INFO - 3b 79 49 3c 00 0a cb 00
INFO - 3b 7b 89 3c 00 0a 8c 00
INFO - 3b 7e c9 3c 00 0a ce 00
INFO - 3b 80 09 3c 00 0a a1 00
INFO - 3b 83 49 3c 00 0a e0 00
INFO - 3b 85 89 3c 00 0a b8 00
INFO - 3b 88 c9 3c 00 0a c0 00
INFO - 3b 8b 09 3c 00 0a cf 00
INFO - 3b 8d 49 3c 00 0a c2 00
INFO - 3b 8f 89 3c 00 0a a2 00
INFO - 3b 91 c9 3c 00 0a 97 00
INFO - 3b 93 09 3c 00 0a 97 00
INFO - 3b 95 49 3c 00 0a ad 00
