INFO - 40 00 49 00 f9 41 00 23
INFO - 41 04 89 00 f9 41 00 23
INFO - 42 f8 c9 00 f9 41 00 23
INFO - 44 ed 09 00 f9 41 00 23
INFO - 46 8f 49 00 f9 41 00 23
INFO - 47 09 89 00 f9 41 00 23
INFO - 48 18 c9 00 f9 41 00 23
INFO - 49 0a 09 00 f9 51 00 20
INFO - 49 5a 49 00 f9 41 00 24
INFO - 49 de 89 00 f9 51 00 20
INFO - 49 ef c9 00 f9 51 00 20
INFO - 49 fd 09 00 f9 41 00 23
INFO - 4a 13 49 00 f9 41 00 23
INFO - 4a ae 89 00 f9 41 00 23
INFO - 4c 5e c9 00 f9 41 00 23
INFO - 4c 8f 09 00 f9 51 00 20
INFO - 4c ae 49 00 f9 51 00 20
INFO - 4c c7 89 00 f9 41 00 24
INFO - 4c f7 c9 00 f9 41 00 24
INFO - 4e 96 09 00 f9 41 00 24
INFO - 50 8f 49 00 f9 41 00 24
INFO - 51 11 89 00 f9 41 00 24
INFO - 51 ab c9 00 f9 51 00 20
INFO - 51 bd 09 00 f9 51 00 20
INFO - 51 cd 49 00 f9 41 00 23
INFO - 52 4f 89 00 f9 41 00 23
INFO - 52 e6 c9 00 f9 51 00 20
INFO - 53 3d 09 00 f9 41 00 24
INFO - 53 f2 49 00 f9 51 00 20
INFO - 54 02 89 00 f9 51 00 20
INFO - 54 10 c9 00 f9 41 00 23
INFO - 54 89 09 00 f9 41 00 23
INFO - 54 f9 49 00 f9 41 00 23
INFO - 56 e2 89 00 f9 41 00 23
INFO - 57 44 c9 00 f9 41 00 23
INFO - 57 a7 09 00 f9 51 00 20
INFO - 57 b8 49 00 f9 51 00 20
INFO - 57 ca 89 00 f9 41 00 24
INFO - 58 2d c9 00 f9 51 00 20
INFO - 58 77 09 00 f9 41 00 23
INFO - 58 e0 49 00 f9 41 00 23
INFO - 5a d5 89 00 f9 41 00 23
INFO - 5c c9 c9 00 f9 41 00 23
INFO - 5e be 09 00 f9 41 00 23
INFO - 5f b9 49 00 f9 51 00 20
INFO - 5f fb 89 00 f9 59 00 00
INFO - 40 2e c9 00 f9 49 00 02
