INFO - a5 8f 48 40 57 00 00 02
INFO - a5 8f 88 40 57 00 00 02
INFO - a5 8f c8 40 57 00 00 02
INFO - a5 8f 08 40 57 00 00 02
INFO - ac cf c8 40 57 00 00 02
INFO - ac cf 08 40 57 00 00 02
INFO - ac cf 48 40 57 00 00 02
INFO - ac cf 88 40 57 00 00 02
INFO - ac cf c8 40 57 00 00 02
INFO - 8f a9 88 08 40 27 99 e6
INFO - 8f a9 c8 20 40 28 1e 07
INFO - 8f a9 08 40 40 20 00 f7
INFO - 8f ab 08 08 40 27 99 e6
INFO - 8f ab 48 20 40 28 1e 05
INFO - 8f ab 88 40 40 23 dc fd
INFO - 8f ad 88 08 40 27 99 e6
INFO - 8f ad c8 20 40 28 16 07
INFO - 8f ad 08 40 40 23 f4 01
INFO - 8f af 08 08 40 27 99 e6
INFO - 8f af 48 20 40 28 1e 07
INFO - 8f af 88 40 40 20 04 fc
INFO - 8f b1 88 08 40 27 99 e6
INFO - 8f b1 c8 20 40 28 1e 07
INFO - 8f b1 08 40 40 23 f0 fd
INFO - 8f b3 08 08 40 27 99 e6
INFO - 8f b3 48 20 40 28 1e 07
INFO - 8f b3 88 40 40 23 f4 01
INFO - 8f b5 88 08 40 27 99 e6
INFO - 8f b5 c8 20 40 28 1e 07
INFO - 8f b5 08 40 40 20 04 fc
INFO - 8f b7 08 08 40 27 99 ed
INFO - 8f b7 48 20 40 28 1e 07
INFO - 8f b7 88 40 40 23 f0 01
INFO - 8f b9 88 08 40 27 b5 f0
INFO - 8f b9 c8 20 40 28 1e 07
INFO - 8f b9 08 40 40 20 04 fc
INFO - 8f bb 08 08 40 27 c1 f0
INFO - 8f bb 48 20 40 28 1e 05
INFO - 8f bb 88 40 40 23 f0 00
INFO - 8f bd 88 08 40 27 c1 f0
INFO - 8f bd c8 20 40 28 16 03
INFO - 8f bd 08 40 40 20 00 01
INFO - 8f bf 08 08 40 27 c1 f0
INFO - 8f bf 48 20 40 28 0e 03
INFO - 8f bf 88 40 40 20 04 fc
INFO - 8f c1 88 08 40 27 c1 f0
INFO - 8f c1 c8 20 40 28 0e 03
INFO - 8f c1 08 40 40 23 f0 00
INFO - 8f c3 08 08 40 27 c1 f0
INFO - 8f c3 48 20 40 28 0e 03
INFO - 8f c3 88 40 40 20 00 01
INFO - 8f c5 88 08 40 27 c1 f0
INFO - 8f c5 c8 20 40 28 0e 03
INFO - 8f c5 08 40 40 20 04 fc
INFO - 8f c7 08 08 40 27 c1 f0
INFO - 8f c7 48 20 40 28 0e 05
INFO - 8f c7 88 40 40 23 f0 fd
INFO - 8f c9 88 08 40 27 c1 f0
INFO - 8f c9 c8 20 40 28 16 07
INFO - 8f c9 08 40 40 23 f4 01
INFO - 8f cb 08 08 40 27 c1 f0
INFO - 8f cb 48 20 40 28 1e 09
INFO - 8f cb 88 40 40 20 04 fc
INFO - 8f cd 88 08 40 27 c1 f0
INFO - 8f cd c8 20 40 28 26 09
INFO - 8f cd 08 40 40 23 f0 01
INFO - 8f cf 08 08 40 27 c1 f0
INFO - 8f cf 48 20 40 28 26 09
INFO - 8f cf 88 40 40 20 04 fc
INFO - 8f d1 88 08 40 27 c1 e5
INFO - 8f d1 c8 20 40 28 26 09
INFO - 8f d1 08 40 40 23 f0 01
INFO - 8f d3 08 08 40 27 95 e2
INFO - 8f d3 48 20 40 28 26 09
INFO - 8f d3 88 40 40 20 04 fc
INFO - 8f d5 88 08 40 27 89 e2
INFO - 8f d5 c8 20 40 28 26 07
INFO - 8f d5 08 40 40 23 f0 00
INFO - 8f d7 08 08 40 27 89 e2
INFO - 8f d7 48 20 40 28 1e 07
INFO - 8f d7 88 40 40 20 00 01
INFO - 8f d9 88 08 40 27 89 e2
INFO - 8f d9 c8 20 40 28 1e 07
INFO - 8f d9 08 40 40 20 04 fc
INFO - 8f db 08 08 40 27 89 e2
INFO - 8f db 48 20 40 28 1e 07
INFO - 8f db 88 40 40 23 f0 fd
INFO - 8f dd 88 08 40 27 89 e2
INFO - 8f dd c8 20 40 28 1e 07
INFO - 8f dd 08 40 40 23 f4 01
INFO - 8f df 08 08 40 27 89 e2
INFO - 8f df 48 20 40 28 1e 07
INFO - 8f df 88 40 40 20 04 fc
INFO - 8f e1 88 08 40 27 89 e2
INFO - 8f e1 c8 20 40 28 1e 09
INFO - 8f e1 08 40 40 23 f0 fd
INFO - 8f e3 08 08 40 27 89 e2
INFO - 8f e3 48 20 40 28 26 07
INFO - 8f e3 88 40 40 23 f4 01
INFO - 8f e5 88 08 40 27 89 e2
INFO - 8f e5 c8 20 40 28 1e 07
INFO - 8f e5 08 40 40 20 04 fc
INFO - 8f e7 08 08 40 27 89 e2
INFO - 8f e7 48 20 40 28 1e 07
INFO - 8f e7 88 40 40 23 f0 00
INFO - 8f e9 88 08 40 27 89 e2
INFO - 8f e9 c8 20 40 28 1e 07
INFO - 8f e9 08 40 40 20 00 01
INFO - 8f eb 08 08 40 27 8a 06
INFO - 8f eb 48 20 40 28 1e 07
INFO - 8f eb 88 40 40 20 04 fc
INFO - 8f ed 88 08 40 28 1a 16
INFO - 8f ed c8 20 40 28 1e 07
INFO - 8f ed 08 40 40 23 f0 01
INFO - 8f ef 08 08 40 28 5a 16
INFO - 8f ef 48 20 40 28 1e 07
INFO - 8f ef 88 40 40 20 04 fc
INFO - 8f f1 88 08 40 28 5a 16
INFO - 8f f1 c8 20 40 28 1e 07
INFO - 8f f1 08 40 40 23 f0 00
INFO - 8f f3 08 08 40 28 5a 16
INFO - 8f f3 48 20 40 28 1e 07
INFO - 8f f3 88 40 40 20 00 01
INFO - 8f f5 88 08 40 28 5a 16
INFO - 8f f5 c8 20 40 28 1e 07
INFO - 8f f5 08 40 40 20 04 fc
INFO - 8f f7 08 08 40 28 5a 16
INFO - 8f f7 48 20 40 28 1e 07
INFO - 8f f7 88 40 40 23 f0 01
INFO - 8f f9 88 08 40 28 5a 16
INFO - 8f f9 c8 20 40 28 1e 05
INFO - 8f f9 08 40 40 20 04 fc
INFO - 8f fb 08 08 40 28 5a 16
INFO - 8f fb 48 20 40 28 16 05
INFO - 8f fb 88 40 40 23 f0 fd
INFO - 8f fd 88 08 40 28 5a 16
INFO - 8f fd c8 20 40 28 16 05
INFO - 8f fd 08 40 40 23 f4 01
INFO - 8f ff 08 08 40 28 5a 16
INFO - 8f ff 48 20 40 28 16 05
INFO - 8f ff 88 40 40 20 04 fc
INFO - 90 01 88 08 40 28 5a 16
INFO - 90 01 c8 20 40 28 16 07
INFO - 90 01 08 40 40 23 f0 00
INFO - 90 03 08 08 40 28 5a 16
INFO - 90 03 48 20 40 28 1e 07
INFO - 90 03 88 40 40 20 00 01
INFO - 90 05 88 08 40 28 5a 16
INFO - 90 05 c8 20 40 28 1e 07
INFO - 90 05 08 40 40 20 04 fc
INFO - 90 07 08 08 40 28 5a 16
INFO - 90 07 48 20 40 28 1e 07
INFO - 90 07 88 40 40 23 f0 01
INFO - 90 09 88 08 40 28 59 ff
INFO - 90 09 c8 20 40 28 1e 07
INFO - 90 09 08 40 40 20 04 fc
INFO - 90 0b 08 08 40 27 fd f8
INFO - 90 0b 48 20 40 28 1e 05
INFO - 90 0b 88 40 40 23 f0 fd
INFO - 90 0d 88 08 40 27 e1 f8
INFO - 90 0d c8 20 40 28 16 05
INFO - 90 0d 08 40 40 23 f4 01
INFO - 90 0f 08 08 40 27 e1 f8
INFO - 90 0f 48 20 40 28 16 07
INFO - 90 0f 88 40 40 20 04 fc
INFO - 90 11 88 08 40 27 e1 f8
INFO - 90 11 c8 20 40 28 1e 09
INFO - 90 11 08 40 40 23 f0 01
INFO - 90 13 08 08 40 27 e1 f8
INFO - 90 13 48 20 40 28 26 09
INFO - 90 13 88 40 40 20 04 fc
INFO - 90 15 88 08 40 27 e1 f8
INFO - 90 15 c8 20 40 28 26 09
INFO - 90 15 08 40 40 23 f0 00
INFO - 90 17 08 08 40 27 e1 f8
INFO - 90 17 48 20 40 28 26 07
INFO - 90 17 88 40 40 20 00 01
INFO - 90 19 88 08 40 27 e1 f8
INFO - 90 19 c8 20 40 28 1e 07
INFO - 90 19 08 40 40 20 04 fc
INFO - 90 1b 08 08 40 27 e1 f8
INFO - 90 1b 48 20 40 28 1e 05
INFO - 90 1b 88 40 40 23 f0 01
INFO - 90 1d 88 08 40 27 e1 f8
INFO - 90 1d c8 20 40 28 16 03
INFO - 90 1d 08 40 40 20 04 fc
INFO - 90 1f 08 08 40 27 e1 f8
INFO - 90 1f 48 20 40 28 0e 01
INFO - 90 1f 88 40 40 23 f0 fd
INFO - 90 21 88 08 40 27 e1 f8
INFO - 90 21 c8 20 40 28 06 01
INFO - 90 21 08 40 40 23 f4 01
INFO - 90 23 08 08 40 27 e1 f8
INFO - 90 23 48 20 40 28 06 01
INFO - 90 23 88 40 40 20 04 fc
INFO - 90 25 88 08 40 27 e1 f8
INFO - 90 25 c8 20 40 28 06 01
INFO - 90 25 08 40 40 23 f0 00
INFO - 90 27 08 08 40 27 e2 0b
INFO - 90 27 48 20 40 28 06 03
INFO - 90 27 88 40 40 20 00 01
INFO - 90 29 88 08 40 28 2e 13
INFO - 90 29 c8 20 40 28 0e 05
INFO - 90 29 08 40 40 20 04 fc
INFO - 90 2b 08 08 40 28 4e 13
INFO - 90 2b 48 20 40 28 16 07
INFO - 90 2b 88 40 40 23 f0 01
INFO - 90 2d 88 08 40 28 4e 13
INFO - 90 2d c8 20 40 28 1e 09
INFO - 90 2d 08 40 40 20 04 fc
INFO - 90 2f 08 08 40 28 4e 13
INFO - 90 2f 48 20 40 28 26 09
INFO - 90 2f 88 40 40 23 f0 00
INFO - 90 31 88 08 40 28 4e 13
INFO - 90 31 c8 20 40 28 26 09
INFO - 90 31 08 40 40 20 00 01
INFO - 90 33 08 08 40 28 4e 13
INFO - 90 33 48 20 40 28 26 09
INFO - 90 33 88 40 40 20 04 fc
INFO - 90 35 88 08 40 28 4e 13
INFO - 90 35 c8 20 40 28 26 09
INFO - 90 35 08 40 40 23 f0 fd
INFO - 90 37 08 08 40 28 4e 13
INFO - 90 37 48 20 40 28 26 07
INFO - 90 37 88 40 40 23 f4 01
INFO - 90 39 88 08 40 28 4e 13
INFO - 90 39 c8 20 40 28 1e 07
INFO - 90 39 08 40 40 20 04 fc
INFO - 90 3b 08 08 40 28 4e 13
INFO - 90 3b 48 20 40 28 1e 05
INFO - 90 3b 88 40 40 23 f0 01
INFO - 90 3d 88 08 40 28 4e 13
INFO - 90 3d c8 20 40 28 16 05
INFO - 90 3d 08 40 40 20 04 fc
INFO - 90 3f 08 08 40 28 4e 13
INFO - 90 3f 48 20 40 28 16 05
INFO - 90 3f 88 40 40 23 f0 fd
INFO - 90 41 88 08 40 28 4e 13
INFO - 90 41 c8 20 40 28 16 05
INFO - 90 41 08 40 40 23 f4 01
INFO - 90 43 08 08 40 28 4e 13
INFO - 90 43 48 20 40 28 16 05
INFO - 90 43 88 40 40 20 04 fc
INFO - 90 45 88 08 40 28 4e 3e
INFO - 90 45 c8 20 40 28 16 05
INFO - 90 45 08 40 40 23 f0 01
INFO - 90 47 08 08 40 28 fa 46
INFO - 90 47 48 20 40 28 16 05
INFO - 90 47 88 40 40 20 04 fc
INFO - 90 49 88 08 40 29 1a 46
INFO - 90 49 c8 20 40 28 16 07
INFO - 90 49 08 40 40 23 f0 00
INFO - 90 4b 08 08 40 29 1a 46
INFO - 90 4b 48 20 40 28 1e 07
INFO - 90 4b 88 40 40 20 00 01
INFO - 90 4d 88 08 40 29 1a 46
INFO - 90 4d c8 20 40 28 1e 07
INFO - 90 4d 08 40 40 20 04 fc
INFO - 90 4f 08 08 40 29 1a 46
INFO - 90 4f 48 20 40 28 1e 07
INFO - 90 4f 88 40 40 23 f0 fd
INFO - 90 51 88 08 40 29 1a 46
INFO - 90 51 c8 20 40 28 1e 05
INFO - 90 51 08 40 40 23 f4 01
INFO - 90 53 08 08 40 29 1a 46
INFO - 90 53 48 20 40 28 16 05
INFO - 90 53 88 40 40 20 04 fc
INFO - 90 55 88 08 40 29 1a 46
INFO - 90 55 c8 20 40 28 16 05
INFO - 90 55 08 40 40 23 f0 01
INFO - 90 57 08 08 40 29 1a 46
INFO - 90 57 48 20 40 28 16 05
INFO - 90 57 88 40 40 20 04 fc
INFO - 90 59 88 08 40 09 1a 46
INFO - 90 59 c8 20 40 08 16 05
INFO - 90 59 08 40 40 03 f0 45
INFO - 90 7c 48 08 40 25 09 90
INFO - 90 7c 88 20 40 28 16 07
INFO - 90 7c c8 40 40 21 14 b9
INFO - 90 7e c8 08 40 26 41 b8
INFO - 90 7e 08 20 40 28 1e 07
INFO - 90 7e 48 40 40 22 e4 fc
INFO - 90 80 48 08 40 26 e1 d0
INFO - 90 80 88 20 40 28 1e 07
INFO - 90 80 c8 40 40 23 f0 fd
INFO - 90 82 c8 08 40 27 41 e3
INFO - 90 82 08 20 40 28 1e 07
INFO - 90 82 48 40 40 23 f4 01
INFO - 90 84 48 08 40 27 8d ee
INFO - 90 84 88 20 40 28 1e 07
INFO - 90 84 c8 40 40 20 04 fc
INFO - 90 86 c8 08 40 27 b9 f7
INFO - 90 86 08 20 40 28 1e 07
INFO - 90 86 48 40 40 23 f0 01
INFO - 90 88 48 08 40 27 dd fe
INFO - 90 88 88 20 40 28 1e 07
INFO - 90 88 c8 40 40 20 04 fc
INFO - 90 8a c8 08 40 27 fa 03
INFO - 90 8a 08 20 40 28 1e 07
INFO - 90 8a 48 40 40 23 f0 01
INFO - 90 8c 48 08 40 28 0e 09
INFO - 90 8c 88 20 40 28 1e 07
INFO - 90 8c c8 40 40 20 04 fc
INFO - 90 8e c8 08 40 28 26 11
INFO - 90 8e 08 20 40 28 1e 07
INFO - 90 8e 48 40 40 23 f0 00
INFO - 90 90 48 08 40 28 46 19
INFO - 90 90 88 20 40 28 1e 07
INFO - 90 90 c8 40 40 20 00 01
INFO - 90 92 c8 08 40 28 66 23
INFO - 90 92 08 20 40 28 1e 07
INFO - 90 92 48 40 40 20 04 fc
INFO - 90 94 48 08 40 28 8e 31
INFO - 90 94 88 20 40 28 1e 07
INFO - 90 94 c8 40 40 23 f0 01
INFO - 90 96 c8 08 40 28 c6 44
INFO - 90 96 08 20 40 28 1e 05
INFO - 90 96 48 40 40 20 04 fc
INFO - 90 98 48 08 40 29 12 4b
INFO - 90 98 88 20 40 28 16 05
INFO - 90 98 c8 40 40 23 f0 00
INFO - 90 9a c8 08 40 29 2e 66
INFO - 90 9a 08 20 40 28 16 05
INFO - 90 9a 48 40 40 20 00 01
INFO - b0 9b 88 40 57 00 00 02
INFO - b0 9b c8 40 57 00 00 02
INFO - b0 9b 08 40 57 00 00 02
INFO - b0 9b 48 40 57 00 00 02
INFO - b0 9b 88 40 57 00 00 02
INFO - 90 9c 88 08 40 29 9a 94
INFO - 90 9c c8 20 40 28 16 03
INFO - 90 9c 08 40 40 20 04 fc
INFO - 90 9e 08 08 40 2a 52 ea
INFO - 90 9e 48 20 40 28 0e 01
INFO - 90 9e 88 40 40 23 f0 01
INFO - 90 a0 88 08 40 2b ab 63
INFO - 90 a0 c8 20 40 28 06 01
INFO - 90 a0 08 40 40 20 04 fc
INFO - 90 a2 08 08 40 0d 8f 63
INFO - 90 a2 48 20 40 08 06 01
INFO - 90 a2 88 40 40 03 f0 45
INFO - 91 39 88 08 40 27 d9 f6
INFO - 91 39 c8 20 40 28 16 05
INFO - 91 39 08 40 40 21 14 b8
INFO - 91 3b 08 08 40 27 d9 f6
INFO - 91 3b 48 20 40 28 16 05
INFO - 91 3b 88 40 40 22 e0 01
INFO - 91 3d 88 08 40 27 d9 f6
INFO - 91 3d c8 20 40 28 16 07
INFO - 91 3d 08 40 40 20 04 fc
INFO - 91 3f 08 08 40 27 d9 f6
INFO - 91 3f 48 20 40 28 1e 09
INFO - 91 3f 88 40 40 23 f0 fd
INFO - 91 41 88 08 40 27 d9 f6
INFO - 91 41 c8 20 40 28 26 09
INFO - 91 41 08 40 40 23 f4 01
INFO - 91 43 08 08 40 27 d9 f6
INFO - 91 43 48 20 40 28 26 09
INFO - 91 43 88 40 40 20 04 fc
INFO - 91 45 88 08 40 27 d9 f6
INFO - 91 45 c8 20 40 28 26 09
INFO - 91 45 08 40 40 23 f0 01
INFO - 91 47 08 08 40 27 d9 f6
INFO - 91 47 48 20 40 28 26 09
INFO - 91 47 88 40 40 20 04 fc
INFO - 91 49 88 08 40 27 d9 f6
INFO - 91 49 c8 20 40 28 26 09
INFO - 91 49 08 40 40 23 f0 00
INFO - 91 4b 08 08 40 27 d9 b9
INFO - 91 4b 48 20 40 28 26 09
INFO - 91 4b 88 40 40 20 00 01
INFO - 91 4d 88 08 40 26 e5 b2
INFO - 91 4d c8 20 40 28 26 07
INFO - 91 4d 08 40 40 20 04 fc
INFO - 91 4f 08 08 40 26 c9 b2
INFO - 91 4f 48 20 40 28 1e 07
INFO - 91 4f 88 40 40 23 f0 01
INFO - 91 51 88 08 40 26 c9 b2
INFO - 91 51 c8 20 40 28 1e 07
INFO - 91 51 08 40 40 20 04 fc
INFO - 91 53 08 08 40 26 c9 b2
INFO - 91 53 48 20 40 28 1e 07
INFO - 91 53 88 40 40 23 f0 fd
INFO - 91 55 88 08 40 26 c9 b2
INFO - 91 55 c8 20 40 28 1e 07
INFO - 91 55 08 40 40 23 f4 01
INFO - 91 57 08 08 40 26 c9 b2
INFO - 91 57 48 20 40 28 1e 07
INFO - 91 57 88 40 40 20 04 fc
INFO - 91 59 88 08 40 26 c9 b2
INFO - 91 59 c8 20 40 28 1e 07
INFO - 91 59 08 40 40 23 f0 00
INFO - 91 5b 08 08 40 26 c9 b2
INFO - 91 5b 48 20 40 28 1e 07
INFO - 91 5b 88 40 40 20 00 01
INFO - 91 5d 88 08 40 26 c9 b2
INFO - 91 5d c8 20 40 28 1e 07
INFO - 91 5d 08 40 40 20 04 fc
INFO - 91 5f 08 08 40 26 c9 b2
INFO - 91 5f 48 20 40 28 1e 07
INFO - 91 5f 88 40 40 23 f0 01
INFO - 91 61 88 08 40 26 c9 b2
INFO - 91 61 c8 20 40 28 1e 07
INFO - 91 61 08 40 40 20 04 fc
INFO - 91 63 08 08 40 26 c9 b2
INFO - 91 63 48 20 40 28 1e 07
INFO - 91 63 88 40 40 23 f0 fd
INFO - 91 65 88 08 40 26 c9 b2
INFO - 91 65 c8 20 40 28 1e 07
INFO - 91 65 08 40 40 23 f4 01
INFO - 91 67 08 08 40 26 c9 b2
INFO - 91 67 48 20 40 28 1e 07
INFO - 91 67 88 40 40 20 04 fc
INFO - 91 69 88 08 40 26 c9 f6
INFO - 91 69 c8 20 40 28 1e 07
INFO - 91 69 08 40 40 23 f0 01
INFO - 91 6b 08 08 40 27 da 11
INFO - 91 6b 48 20 40 28 1e 07
INFO - 91 6b 88 40 40 20 04 fc
INFO - 91 6d 88 08 40 28 46 11
INFO - 91 6d c8 20 40 28 1e 07
INFO - 91 6d 08 40 40 23 f0 00
INFO - 91 6f 08 08 40 28 46 11
INFO - 91 6f 48 20 40 28 1e 07
INFO - 91 6f 88 40 40 20 00 01
INFO - 91 71 88 08 40 28 46 11
INFO - 91 71 c8 20 40 28 1e 07
INFO - 91 71 08 40 40 20 04 fc
INFO - 91 73 08 08 40 28 46 11
INFO - 91 73 48 20 40 28 1e 07
INFO - 91 73 88 40 40 23 f0 01
INFO - 91 75 88 08 40 28 46 11
INFO - 91 75 c8 20 40 28 1e 07
INFO - 91 75 08 40 40 20 04 fc
INFO - 91 77 08 08 40 28 46 11
INFO - 91 77 48 20 40 28 1e 07
INFO - 91 77 88 40 40 23 f0 00
INFO - 91 79 88 08 40 28 46 11
INFO - 91 79 c8 20 40 28 1e 05
INFO - 91 79 08 40 40 20 00 01
INFO - 91 7b 08 08 40 28 46 11
INFO - 91 7b 48 20 40 28 16 05
INFO - 91 7b 88 40 40 20 04 fc
INFO - 91 7d 88 08 40 28 46 11
INFO - 91 7d c8 20 40 28 16 05
INFO - 91 7d 08 40 40 23 f0 00
INFO - 91 7f 08 08 40 28 46 11
INFO - 91 7f 48 20 40 28 16 07
INFO - 91 7f 88 40 40 20 00 01
INFO - 91 81 88 08 40 28 46 11
INFO - 91 81 c8 20 40 28 1e 07
INFO - 91 81 08 40 40 20 04 fc
INFO - 91 83 08 08 40 28 46 11
INFO - 91 83 48 20 40 28 1e 05
INFO - 91 83 88 40 40 23 f0 fd
INFO - 91 85 88 08 40 28 46 11
INFO - 91 85 c8 20 40 28 16 05
INFO - 91 85 08 40 40 23 f4 01
INFO - 91 87 08 08 40 28 46 11
INFO - 91 87 48 20 40 28 16 05
INFO - 91 87 88 40 40 20 04 fc
INFO - 91 89 88 08 40 28 46 2c
INFO - 91 89 c8 20 40 28 16 05
INFO - 91 89 08 40 40 23 f0 01
INFO - 91 8b 08 08 40 28 b2 34
INFO - 91 8b 48 20 40 28 16 05
INFO - 91 8b 88 40 40 20 04 fc
INFO - 91 8d 88 08 40 28 d2 34
INFO - 91 8d c8 20 40 28 16 07
INFO - 91 8d 08 40 40 23 f0 00
INFO - 91 8f 08 08 40 28 d2 34
INFO - 91 8f 48 20 40 28 1e 07
INFO - 91 8f 88 40 40 20 00 01
INFO - 91 91 88 08 40 28 d2 34
INFO - 91 91 c8 20 40 28 1e 07
INFO - 91 91 08 40 40 20 04 fc
INFO - 91 93 08 08 40 28 d2 34
INFO - 91 93 48 20 40 28 1e 07
INFO - 91 93 88 40 40 23 f0 fd
INFO - 91 95 88 08 40 28 d2 34
INFO - 91 95 c8 20 40 28 1e 07
INFO - 91 95 08 40 40 23 f4 01
INFO - 91 97 08 08 40 28 d2 34
INFO - 91 97 48 20 40 28 1e 07
INFO - 91 97 88 40 40 20 04 fc
INFO - 91 99 88 08 40 28 d2 34
INFO - 91 99 c8 20 40 28 1e 07
INFO - 91 99 08 40 40 23 f0 01
INFO - 91 9b 08 08 40 28 d2 34
INFO - 91 9b 48 20 40 28 1e 07
INFO - 91 9b 88 40 40 20 04 fc
INFO - 91 9d 88 08 40 28 d2 34
INFO - 91 9d c8 20 40 28 1e 05
INFO - 91 9d 08 40 40 23 f0 fd
INFO - 91 9f 08 08 40 28 d2 34
INFO - 91 9f 48 20 40 28 16 05
INFO - 91 9f 88 40 40 23 f4 01
INFO - 91 a1 88 08 40 28 d2 34
INFO - 91 a1 c8 20 40 28 16 05
INFO - 91 a1 08 40 40 20 04 fc
INFO - 91 a3 08 08 40 28 d2 34
INFO - 91 a3 48 20 40 28 16 05
INFO - 91 a3 88 40 40 23 f0 00
INFO - 91 a5 88 08 40 28 d1 f4
INFO - 91 a5 c8 20 40 28 16 05
INFO - 91 a5 08 40 40 20 00 01
INFO - 91 a7 08 08 40 27 d1 e8
INFO - 91 a7 48 20 40 28 16 07
INFO - 91 a7 88 40 40 20 04 fc
INFO - 91 a9 88 08 40 27 a1 e8
INFO - 91 a9 c8 20 40 28 1e 05
INFO - 91 a9 08 40 40 23 f0 fd
INFO - 91 ab 08 08 40 27 a1 e8
INFO - 91 ab 48 20 40 28 16 03
INFO - 91 ab 88 40 40 23 f4 01
INFO - 91 ad 88 08 40 27 a1 e8
INFO - 91 ad c8 20 40 28 0e 01
INFO - 91 ad 08 40 40 20 04 fc
INFO - 91 af 08 08 40 27 a1 e8
INFO - 91 af 48 20 40 28 06 01
INFO - 91 af 88 40 40 23 f0 01
INFO - 91 b1 88 08 40 27 a1 e8
INFO - 91 b1 c8 20 40 28 06 01
INFO - 91 b1 08 40 40 20 04 fc
INFO - 91 b3 08 08 40 27 a1 e8
INFO - 91 b3 48 20 40 28 06 03
INFO - 91 b3 88 40 40 23 f0 fd
INFO - 91 b5 88 08 40 27 a1 e8
INFO - 91 b5 c8 20 40 28 0e 05
INFO - 91 b5 08 40 40 23 f4 01
INFO - 91 b7 08 08 40 27 a1 e8
INFO - 91 b7 48 20 40 28 16 05
INFO - 91 b7 88 40 40 20 04 fc
INFO - 91 b9 88 08 40 27 a1 e8
INFO - 91 b9 c8 20 40 28 16 07
INFO - 91 b9 08 40 40 23 f0 fd
INFO - 91 bb 08 08 40 27 a1 e8
INFO - 91 bb 48 20 40 28 1e 05
INFO - 91 bb 88 40 40 23 f4 01
INFO - 91 bd 88 08 40 27 a1 e8
INFO - 91 bd c8 20 40 28 16 03
INFO - 91 bd 08 40 40 20 04 fc
INFO - 91 bf 08 08 40 27 a1 e8
INFO - 91 bf 48 20 40 28 0e 01
INFO - 91 bf 88 40 40 23 f0 01
INFO - 91 c1 88 08 40 27 a1 e8
INFO - 91 c1 c8 20 40 28 06 01
INFO - 91 c1 08 40 40 20 04 fc
INFO - 91 c3 08 08 40 27 a1 ff
INFO - 91 c3 48 20 40 28 06 01
INFO - 91 c3 88 40 40 23 f0 00
INFO - 91 c5 88 08 40 27 fe 04
INFO - 91 c5 c8 20 40 28 06 03
INFO - 91 c5 08 40 40 20 00 01
INFO - 91 c7 08 08 40 28 12 04
INFO - 91 c7 48 20 40 28 0e 03
INFO - 91 c7 88 40 40 20 04 fc
INFO - 91 c9 88 08 40 28 12 04
INFO - 91 c9 c8 20 40 28 0e 05
INFO - 91 c9 08 40 40 23 f0 01
INFO - 91 cb 08 08 40 28 12 04
INFO - 91 cb 48 20 40 28 16 03
INFO - 91 cb 88 40 40 20 04 fc
INFO - 91 cd 88 08 40 28 12 04
INFO - 91 cd c8 20 40 28 0e 03
INFO - 91 cd 08 40 40 23 f0 fd
INFO - 91 cf 08 08 40 28 12 04
INFO - 91 cf 48 20 40 28 0e 03
INFO - 91 cf 88 40 40 23 f4 01
INFO - 91 d1 88 08 40 28 12 04
INFO - 91 d1 c8 20 40 28 0e 03
INFO - 91 d1 08 40 40 20 04 fc
INFO - 91 d3 08 08 40 28 12 04
INFO - 91 d3 48 20 40 28 0e 05
INFO - 91 d3 88 40 40 23 f0 01
INFO - 91 d5 88 08 40 28 12 04
INFO - 91 d5 c8 20 40 28 16 05
INFO - 91 d5 08 40 40 20 04 fc
INFO - 91 d7 08 08 40 28 12 04
INFO - 91 d7 48 20 40 28 16 05
INFO - 91 d7 88 40 40 23 f0 00
INFO - 91 d9 88 08 40 28 12 04
INFO - 91 d9 c8 20 40 28 16 03
INFO - 91 d9 08 40 40 20 00 01
INFO - 91 db 08 08 40 28 12 04
INFO - 91 db 48 20 40 28 0e 03
INFO - 91 db 88 40 40 20 04 fc
INFO - 91 dd 88 08 40 28 12 04
INFO - 91 dd c8 20 40 28 0e 05
INFO - 91 dd 08 40 40 23 f0 01
INFO - 91 df 08 08 40 28 12 04
INFO - 91 df 48 20 40 28 16 05
INFO - 91 df 88 40 40 20 04 fc
INFO - 91 e1 88 08 40 28 12 04
INFO - 91 e1 c8 20 40 28 16 03
INFO - 91 e1 08 40 40 23 f0 00
INFO - 91 e3 08 08 40 28 11 ee
INFO - 91 e3 48 20 40 28 0e 03
INFO - 91 e3 88 40 40 20 00 01
INFO - 91 e5 88 08 40 27 b9 eb
INFO - 91 e5 c8 20 40 28 0e 01
INFO - 91 e5 08 40 40 20 04 fc
INFO - 91 e7 08 08 40 27 ad eb
INFO - 91 e7 48 20 40 28 06 01
INFO - 91 e7 88 40 40 23 f0 01
INFO - 91 e9 88 08 40 27 ad eb
INFO - 91 e9 c8 20 40 28 06 01
INFO - 91 e9 08 40 40 20 04 fc
INFO - 91 eb 08 08 40 27 ad eb
INFO - 91 eb 48 20 40 28 06 01
INFO - 91 eb 88 40 40 23 f0 00
INFO - 91 ed 88 08 40 27 ad eb
INFO - 91 ed c8 20 40 28 06 01
INFO - 91 ed 08 40 40 20 00 01
INFO - 91 ef 08 08 40 27 ad eb
INFO - 91 ef 48 20 40 28 06 03
INFO - 91 ef 88 40 40 20 04 fc
INFO - 91 f1 88 08 40 27 ad eb
INFO - 91 f1 c8 20 40 28 0e 03
INFO - 91 f1 08 40 40 23 f0 01
INFO - 91 f3 08 08 40 27 ad eb
INFO - 91 f3 48 20 40 28 0e 03
INFO - 91 f3 88 40 40 20 04 fc
INFO - 91 f5 88 08 40 27 ad eb
INFO - 91 f5 c8 20 40 28 0e 05
INFO - 91 f5 08 40 40 23 f0 01
INFO - 91 f7 08 08 40 27 ad eb
INFO - 91 f7 48 20 40 28 16 05
INFO - 91 f7 88 40 40 20 04 fc
INFO - 91 f9 88 08 40 07 ad eb
INFO - 91 f9 c8 20 40 08 16 05
INFO - 91 f9 08 40 40 03 f0 46
INFO - 92 72 88 08 40 27 85 e0
INFO - 92 72 c8 20 40 27 fe 01
INFO - 92 72 08 40 40 21 18 b7
INFO - 92 74 08 08 40 27 81 e0
INFO - 92 74 48 20 40 28 06 01
INFO - 92 74 88 40 40 22 dc 01
INFO - 92 76 88 08 40 27 81 e0
INFO - 92 76 c8 20 40 28 06 01
INFO - 92 76 08 40 40 20 04 fc
INFO - 92 78 08 08 40 27 82 1a
INFO - 92 78 48 20 40 28 06 01
INFO - 92 78 88 40 40 23 f0 00
INFO - 92 7a 88 08 40 28 6a 2a
INFO - 92 7a c8 20 40 28 05 ff
INFO - 92 7a 08 40 40 20 00 01
INFO - 92 7c 08 08 40 28 aa 2a
INFO - 92 7c 48 20 40 27 fd ff
INFO - 92 7c 88 40 40 20 04 fc
INFO - 92 7e 88 08 40 28 aa 2a
INFO - 92 7e c8 20 40 27 fd ff
INFO - 92 7e 08 40 40 23 f0 00
INFO - 92 80 08 08 40 28 aa 2a
INFO - 92 80 48 20 40 27 fd ff
INFO - 92 80 88 40 40 20 00 01
INFO - 92 82 88 08 40 28 aa 2a
INFO - 92 82 c8 20 40 27 fd ff
INFO - 92 82 08 40 40 20 04 fc
INFO - 92 84 08 08 40 28 aa 2a
INFO - 92 84 48 20 40 27 fd ff
INFO - 92 84 88 40 40 23 f0 01
INFO - 92 86 88 08 40 28 aa 2a
INFO - 92 86 c8 20 40 27 fd ff
INFO - 92 86 08 40 40 20 04 fc
INFO - 92 88 08 08 40 28 aa 2a
INFO - 92 88 48 20 40 27 fe 01
INFO - 92 88 88 40 40 23 f0 fd
INFO - 92 8a 88 08 40 28 aa 2a
INFO - 92 8a c8 20 40 28 06 01
INFO - 92 8a 08 40 40 23 f4 01
INFO - 92 8c 08 08 40 28 aa 2a
INFO - 92 8c 48 20 40 28 06 03
INFO - 92 8c 88 40 40 20 04 fc
INFO - 92 8e 88 08 40 28 aa 2a
INFO - 92 8e c8 20 40 28 0e 01
INFO - 92 8e 08 40 40 23 f0 01
INFO - 92 90 08 08 40 28 aa 2a
INFO - 92 90 48 20 40 28 05 ff
INFO - 92 90 88 40 40 20 04 fc
INFO - 92 92 88 08 40 28 aa 2a
INFO - 92 92 c8 20 40 27 fd fd
INFO - 92 92 08 40 40 23 f0 fd
INFO - 92 94 08 08 40 28 aa 2a
INFO - 92 94 48 20 40 27 f5 fd
INFO - 92 94 88 40 40 23 f4 01
INFO - 92 96 88 08 40 28 aa 2a
INFO - 92 96 c8 20 40 27 f5 fd
INFO - 92 96 08 40 40 20 04 fc
INFO - 92 98 08 08 40 28 a9 fe
INFO - 92 98 48 20 40 27 f5 ff
INFO - 92 98 88 40 40 23 f0 00
INFO - 92 9a 88 08 40 27 f9 f5
INFO - 92 9a c8 20 40 27 fd ff
INFO - 92 9a 08 40 40 20 00 01
INFO - 92 9c 08 08 40 27 d5 f5
INFO - 92 9c 48 20 40 27 fd ff
INFO - 92 9c 88 40 40 20 04 fc
INFO - 92 9e 88 08 40 27 d5 f5
INFO - 92 9e c8 20 40 27 fd ff
INFO - 92 9e 08 40 40 23 f0 01
INFO - 92 a0 08 08 40 27 d5 f5
INFO - 92 a0 48 20 40 27 fd ff
INFO - 92 a0 88 40 40 20 04 fc
INFO - 92 a2 88 08 40 27 d5 f5
INFO - 92 a2 c8 20 40 27 fd ff
INFO - 92 a2 08 40 40 23 f0 00
INFO - 92 a4 08 08 40 27 d5 f5
INFO - 92 a4 48 20 40 27 fd ff
INFO - 92 a4 88 40 40 20 00 01
INFO - 92 a6 88 08 40 27 d5 f5
INFO - 92 a6 c8 20 40 27 fd ff
INFO - 92 a6 08 40 40 20 04 fc
INFO - 92 a8 08 08 40 27 d5 f5
INFO - 92 a8 48 20 40 27 fd ff
INFO - 92 a8 88 40 40 23 f0 fd
INFO - 92 aa 88 08 40 27 d5 f5
INFO - 92 aa c8 20 40 27 fd fd
INFO - 92 aa 08 40 40 23 f4 01
INFO - 92 ac 08 08 40 27 d5 f5
INFO - 92 ac 48 20 40 27 f5 fd
INFO - 92 ac 88 40 40 20 04 fc
INFO - 92 ae 88 08 40 27 d5 f5
INFO - 92 ae c8 20 40 27 f5 fd
INFO - 92 ae 08 40 40 23 f0 01
INFO - 92 b0 08 08 40 27 d5 f5
INFO - 92 b0 48 20 40 27 f5 ff
INFO - 92 b0 88 40 40 20 04 fc
INFO - 92 b2 88 08 40 27 d5 f5
INFO - 92 b2 c8 20 40 27 fd ff
INFO - 92 b2 08 40 40 23 f0 00
INFO - 92 b4 08 08 40 27 d5 f5
INFO - 92 b4 48 20 40 27 fd ff
INFO - 92 b4 88 40 40 20 00 01
INFO - 92 b6 88 08 40 27 d5 d1
INFO - 92 b6 c8 20 40 27 fd ff
INFO - 92 b6 08 40 40 20 04 fc
INFO - 92 b8 08 08 40 27 45 c8
INFO - 92 b8 48 20 40 27 fd ff
INFO - 92 b8 88 40 40 23 f0 fd
INFO - 92 ba 88 08 40 27 21 c8
INFO - 92 ba c8 20 40 27 fd ff
INFO - 92 ba 08 40 40 23 f4 01
INFO - 92 bc 08 08 40 27 21 c8
INFO - 92 bc 48 20 40 27 fd ff
INFO - 92 bc 88 40 40 20 04 fc
INFO - 92 be 88 08 40 27 21 c8
INFO - 92 be c8 20 40 27 fd ff
INFO - 92 be 08 40 40 23 f0 01
INFO - 92 c0 08 08 40 27 21 c8
INFO - 92 c0 48 20 40 27 fd ff
INFO - 92 c0 88 40 40 20 04 fc
INFO - 92 c2 88 08 40 27 21 c8
INFO - 92 c2 c8 20 40 27 fd ff
INFO - 92 c2 08 40 40 23 f0 01
INFO - 92 c4 08 08 40 27 21 c8
INFO - 92 c4 48 20 40 27 fd ff
INFO - 92 c4 88 40 40 20 04 fc
INFO - 92 c6 88 08 40 27 21 c8
INFO - 92 c6 c8 20 40 27 fe 01
INFO - 92 c6 08 40 40 23 f0 00
INFO - 92 c8 08 08 40 27 21 c8
INFO - 92 c8 48 20 40 28 05 ff
INFO - 92 c8 88 40 40 20 00 01
INFO - 92 ca 88 08 40 27 21 c8
INFO - 92 ca c8 20 40 27 fd ff
INFO - 92 ca 08 40 40 20 04 fc
INFO - 92 cc 08 08 40 27 21 c8
INFO - 92 cc 48 20 40 27 fd ff
INFO - 92 cc 88 40 40 23 f0 01
INFO - 92 ce 88 08 40 27 21 c8
INFO - 92 ce c8 20 40 27 fd ff
INFO - 92 ce 08 40 40 20 04 fc
INFO - 92 d0 08 08 40 27 21 c8
INFO - 92 d0 48 20 40 27 fd fd
INFO - 92 d0 88 40 40 23 f0 fd
INFO - 92 d2 88 08 40 27 21 c8
INFO - 92 d2 c8 20 40 27 f5 ff
INFO - 92 d2 08 40 40 23 f4 00
INFO - 92 d4 08 08 40 27 21 e6
INFO - 92 d4 48 20 40 27 fd ff
INFO - 92 d4 88 40 40 20 00 01
INFO - 92 d6 88 08 40 27 99 ed
INFO - 92 d6 c8 20 40 27 fd ff
INFO - 92 d6 08 40 40 20 04 fc
INFO - 92 d8 08 08 40 27 b5 ed
INFO - 92 d8 48 20 40 27 fd ff
INFO - 92 d8 88 40 40 23 f0 01
INFO - 92 da 88 08 40 27 b5 ed
INFO - 92 da c8 20 40 27 fd ff
INFO - 92 da 08 40 40 20 04 fc
INFO - 92 dc 08 08 40 27 b5 ed
INFO - 92 dc 48 20 40 27 fd ff
INFO - 92 dc 88 40 40 23 f0 00
INFO - 92 de 88 08 40 27 b5 ed
INFO - 92 de c8 20 40 27 fd ff
INFO - 92 de 08 40 40 20 00 01
INFO - 92 e0 08 08 40 27 b5 ed
INFO - 92 e0 48 20 40 27 fd ff
INFO - 92 e0 88 40 40 20 04 fc
INFO - 92 e2 88 08 40 27 b5 ed
INFO - 92 e2 c8 20 40 27 fd ff
INFO - 92 e2 08 40 40 23 f0 00
INFO - 92 e4 08 08 40 27 b5 ed
INFO - 92 e4 48 20 40 27 fd fd
INFO - 92 e4 88 40 40 20 00 01
INFO - 92 e6 88 08 40 27 b5 ed
INFO - 92 e6 c8 20 40 27 f5 fd
INFO - 92 e6 08 40 40 20 04 fc
INFO - 92 e8 08 08 40 27 b5 ed
INFO - 92 e8 48 20 40 27 f5 fd
INFO - 92 e8 88 40 40 23 f0 01
INFO - 92 ea 88 08 40 27 b5 ed
INFO - 92 ea c8 20 40 27 f5 fb
INFO - 92 ea 08 40 40 20 04 fc
INFO - 92 ec 08 08 40 27 b5 ed
INFO - 92 ec 48 20 40 27 ed fb
INFO - 92 ec 88 40 40 23 f0 00
INFO - 92 ee 88 08 40 27 b5 ed
INFO - 92 ee c8 20 40 27 ed fb
INFO - 92 ee 08 40 40 20 00 01
INFO - 92 f0 08 08 40 27 b5 ed
INFO - 92 f0 48 20 40 27 ed fb
INFO - 92 f0 88 40 40 20 04 fc
INFO - 92 f2 88 08 40 27 b5 ed
INFO - 92 f2 c8 20 40 27 ed fd
INFO - 92 f2 08 40 40 23 f0 00
INFO - 92 f4 08 08 40 27 b6 04
INFO - 92 f4 48 20 40 27 f5 fd
INFO - 92 f4 88 40 40 20 00 01
INFO - 92 f6 88 08 40 28 12 09
INFO - 92 f6 c8 20 40 27 f5 fd
INFO - 92 f6 08 40 40 20 04 fc
INFO - 92 f8 08 08 40 28 26 09
INFO - 92 f8 48 20 40 27 f5 fd
INFO - 92 f8 88 40 40 23 f0 fd
INFO - 92 fa 88 08 40 28 26 09
INFO - 92 fa c8 20 40 27 f5 fb
INFO - 92 fa 08 40 40 23 f4 01
INFO - 92 fc 08 08 40 28 26 09
INFO - 92 fc 48 20 40 27 ed f9
INFO - 92 fc 88 40 40 20 04 fc
INFO - 92 fe 88 08 40 28 26 09
INFO - 92 fe c8 20 40 27 e5 f9
INFO - 92 fe 08 40 40 23 f0 01
INFO - 93 00 08 08 40 28 26 09
INFO - 93 00 48 20 40 27 e5 fb
INFO - 93 00 88 40 40 20 04 fc
INFO - 93 02 88 08 40 28 26 09
INFO - 93 02 c8 20 40 27 ed fb
INFO - 93 02 08 40 40 23 f0 00
INFO - 93 04 08 08 40 28 26 09
INFO - 93 04 48 20 40 27 ed fb
INFO - 93 04 88 40 40 20 00 01
INFO - 93 06 88 08 40 28 26 09
INFO - 93 06 c8 20 40 27 ed fb
INFO - 93 06 08 40 40 20 04 fc
INFO - 93 08 08 08 40 28 26 09
INFO - 93 08 48 20 40 27 ed fb
INFO - 93 08 88 40 40 23 f0 01
INFO - 93 0a 88 08 40 28 26 09
INFO - 93 0a c8 20 40 27 ed fb
INFO - 93 0a 08 40 40 20 04 fc
INFO - 93 0c 08 08 40 28 26 09
INFO - 93 0c 48 20 40 27 ed fb
INFO - 93 0c 88 40 40 23 f0 fd
INFO - 93 0e 88 08 40 28 26 09
INFO - 93 0e c8 20 40 27 ed fb
INFO - 93 0e 08 40 40 23 f4 00
INFO - 93 10 08 08 40 28 25 e8
INFO - 93 10 48 20 40 27 ed fb
INFO - 93 10 88 40 40 20 00 01
INFO - 93 12 88 08 40 27 a1 e0
INFO - 93 12 c8 20 40 27 ed f9
INFO - 93 12 08 40 40 20 04 fc
INFO - 93 14 08 08 40 27 81 e0
INFO - 93 14 48 20 40 27 e5 fb
INFO - 93 14 88 40 40 23 f0 01
INFO - 93 16 88 08 40 27 81 e0
INFO - 93 16 c8 20 40 27 ed fb
INFO - 93 16 08 40 40 20 04 fc
INFO - 93 18 08 08 40 27 81 e0
INFO - 93 18 48 20 40 27 ed fb
INFO - 93 18 88 40 40 23 f0 fd
INFO - 93 1a 88 08 40 27 81 e0
INFO - 93 1a c8 20 40 27 ed fb
INFO - 93 1a 08 40 40 23 f4 01
INFO - 93 1c 08 08 40 27 81 e0
INFO - 93 1c 48 20 40 27 ed f9
INFO - 93 1c 88 40 40 20 04 fc
INFO - 93 1e 88 08 40 27 81 e0
INFO - 93 1e c8 20 40 27 e5 fb
INFO - 93 1e 08 40 40 23 f0 01
INFO - 93 20 08 08 40 27 81 e0
INFO - 93 20 48 20 40 27 ed fb
INFO - 93 20 88 40 40 20 04 fc
INFO - 93 22 88 08 40 27 81 e0
INFO - 93 22 c8 20 40 27 ed fb
INFO - 93 22 08 40 40 23 f0 fd
INFO - 93 24 08 08 40 27 81 e0
INFO - 93 24 48 20 40 27 ed fb
INFO - 93 24 88 40 40 23 f4 01
INFO - 93 26 88 08 40 27 81 e0
INFO - 93 26 c8 20 40 27 ed fb
INFO - 93 26 08 40 40 20 04 fc
INFO - 93 28 08 08 40 27 81 e0
INFO - 93 28 48 20 40 27 ed fb
INFO - 93 28 88 40 40 23 f0 fd
INFO - 93 2a 88 08 40 27 81 e0
INFO - 93 2a c8 20 40 27 ed fb
INFO - 93 2a 08 40 40 23 f4 01
INFO - 93 2c 08 08 40 27 81 e0
INFO - 93 2c 48 20 40 27 ed fb
INFO - 93 2c 88 40 40 20 04 fc
INFO - 93 2e 88 08 40 27 82 00
INFO - 93 2e c8 20 40 27 ed f9
INFO - 93 2e 08 40 40 23 f0 01
INFO - 93 30 08 08 40 28 02 09
INFO - 93 30 48 20 40 27 e5 f9
INFO - 93 30 88 40 40 20 04 fc
INFO - 93 32 88 08 40 28 26 09
INFO - 93 32 c8 20 40 27 e5 f7
INFO - 93 32 08 40 40 23 f0 00
INFO - 93 34 08 08 40 28 26 09
INFO - 93 34 48 20 40 27 dd f9
INFO - 93 34 88 40 40 20 00 01
INFO - 93 36 88 08 40 28 26 09
INFO - 93 36 c8 20 40 27 e5 f9
INFO - 93 36 08 40 40 20 04 fc
INFO - 93 38 08 08 40 28 26 09
INFO - 93 38 48 20 40 27 e5 f9
INFO - 93 38 88 40 40 23 f0 01
INFO - 93 3a 88 08 40 28 26 09
INFO - 93 3a c8 20 40 27 e5 f9
INFO - 93 3a 08 40 40 20 04 fc
INFO - 93 3c 08 08 40 28 26 09
INFO - 93 3c 48 20 40 27 e5 f9
INFO - 93 3c 88 40 40 23 f0 00
INFO - 93 3e 88 08 40 28 26 09
INFO - 93 3e c8 20 40 27 e5 f9
INFO - 93 3e 08 40 40 20 00 01
INFO - 93 40 08 08 40 28 26 09
INFO - 93 40 48 20 40 27 e5 f9
INFO - 93 40 88 40 40 20 04 fc
INFO - 93 42 88 08 40 28 26 09
INFO - 93 42 c8 20 40 27 e5 f9
INFO - 93 42 08 40 40 23 f0 01
INFO - 93 44 08 08 40 28 26 09
INFO - 93 44 48 20 40 27 e5 f9
INFO - 93 44 88 40 40 20 04 fc
INFO - 93 46 88 08 40 28 26 09
INFO - 93 46 c8 20 40 27 e5 f7
INFO - 93 46 08 40 40 23 f0 fd
INFO - 93 48 08 08 40 28 26 09
INFO - 93 48 48 20 40 27 dd f7
INFO - 93 48 88 40 40 23 f4 01
INFO - 93 4a 88 08 40 28 26 09
INFO - 93 4a c8 20 40 27 dd f7
INFO - 93 4a 08 40 40 20 04 fc
INFO - 93 4c 08 08 40 28 26 09
INFO - 93 4c 48 20 40 27 dd f7
INFO - 93 4c 88 40 40 23 f0 01
INFO - 93 4e 88 08 40 28 25 fa
INFO - 93 4e c8 20 40 27 dd f7
INFO - 93 4e 08 40 40 20 04 fc
INFO - 93 50 08 08 40 27 e9 f6
INFO - 93 50 48 20 40 27 dd f7
INFO - 93 50 88 40 40 23 f0 00
INFO - 93 52 88 08 40 27 d9 f6
INFO - 93 52 c8 20 40 27 dd f7
INFO - 93 52 08 40 40 20 00 01
INFO - 93 54 08 08 40 27 d9 f6
INFO - 93 54 48 20 40 27 dd f7
INFO - 93 54 88 40 40 20 04 fc
INFO - 93 56 88 08 40 27 d9 f6
INFO - 93 56 c8 20 40 27 dd f9
INFO - 93 56 08 40 40 23 f0 fd
INFO - 93 58 08 08 40 27 d9 f6
INFO - 93 58 48 20 40 27 e5 f9
INFO - 93 58 88 40 40 23 f4 01
INFO - 93 5a 88 08 40 27 d9 f6
INFO - 93 5a c8 20 40 27 e5 f9
INFO - 93 5a 08 40 40 20 04 fc
INFO - 93 5c 08 08 40 27 d9 f6
INFO - 93 5c 48 20 40 27 e5 f9
INFO - 93 5c 88 40 40 23 f0 01
INFO - 93 5e 88 08 40 27 d9 f6
INFO - 93 5e c8 20 40 27 e5 f9
INFO - 93 5e 08 40 40 20 04 fc
INFO - 93 60 08 08 40 27 d9 f6
INFO - 93 60 48 20 40 27 e5 f7
INFO - 93 60 88 40 40 23 f0 01
INFO - 93 62 88 08 40 27 d9 f6
INFO - 93 62 c8 20 40 27 dd f7
INFO - 93 62 08 40 40 20 04 fb
INFO - 93 64 08 08 40 27 d9 f6
INFO - 93 64 48 20 40 27 dd f7
INFO - 93 64 88 40 40 23 ec 02
INFO - 93 66 88 08 40 27 d9 f6
INFO - 93 66 c8 20 40 27 dd f7
INFO - 93 66 08 40 40 20 08 fc
INFO - 93 68 08 08 40 27 d9 f6
INFO - 93 68 48 20 40 27 dd f5
INFO - 93 68 88 40 40 23 f0 01
INFO - 93 6a 88 08 40 27 d9 f6
INFO - 93 6a c8 20 40 27 d5 f5
INFO - 93 6a 08 40 40 20 04 fc
INFO - 93 6c 08 08 40 27 d9 b3
INFO - 93 6c 48 20 40 27 d5 f5
INFO - 93 6c 88 40 40 23 f0 01
INFO - 93 6e 88 08 40 26 cd a9
INFO - 93 6e c8 20 40 27 d5 f5
INFO - 93 6e 08 40 40 20 04 fc
INFO - 93 70 08 08 40 26 a5 a9
INFO - 93 70 48 20 40 27 d5 f7
INFO - 93 70 88 40 40 23 f0 fd
INFO - 93 72 88 08 40 26 a5 a9
INFO - 93 72 c8 20 40 27 dd f7
INFO - 93 72 08 40 40 23 f4 01
INFO - 93 74 08 08 40 26 a5 a9
INFO - 93 74 48 20 40 27 dd f7
INFO - 93 74 88 40 40 20 04 fc
INFO - 93 76 88 08 40 26 a5 a9
INFO - 93 76 c8 20 40 27 dd f7
INFO - 93 76 08 40 40 23 f0 01
INFO - 93 78 08 08 40 26 a5 a9
INFO - 93 78 48 20 40 27 dd f7
INFO - 93 78 88 40 40 20 04 fc
INFO - 93 7a 88 08 40 26 a5 a9
INFO - 93 7a c8 20 40 27 dd f7
INFO - 93 7a 08 40 40 23 f0 fd
INFO - 93 7c 08 08 40 26 a5 a9
INFO - 93 7c 48 20 40 27 dd f7
INFO - 93 7c 88 40 40 23 f4 01
INFO - 93 7e 88 08 40 26 a5 a9
INFO - 93 7e c8 20 40 27 dd f7
INFO - 93 7e 08 40 40 20 04 fc
INFO - 93 80 08 08 40 26 a5 a9
INFO - 93 80 48 20 40 27 dd f7
INFO - 93 80 88 40 40 23 f0 00
INFO - 93 82 88 08 40 26 a5 a9
INFO - 93 82 c8 20 40 27 dd f7
INFO - 93 82 08 40 40 20 00 01
INFO - 93 84 08 08 40 26 a5 a9
INFO - 93 84 48 20 40 27 dd f7
INFO - 93 84 88 40 40 20 04 fc
INFO - 93 86 88 08 40 26 a6 06
INFO - 93 86 c8 20 40 27 dd f7
INFO - 93 86 08 40 40 23 f0 01
INFO - 93 88 08 08 40 28 1a 23
INFO - 93 88 48 20 40 27 dd f7
INFO - 93 88 88 40 40 20 04 fc
INFO - 93 8a 88 08 40 28 8e 23
INFO - 93 8a c8 20 40 27 dd f7
INFO - 93 8a 08 40 40 23 f0 00
INFO - 93 8c 08 08 40 28 8e 23
INFO - 93 8c 48 20 40 27 dd f7
INFO - 93 8c 88 40 40 20 00 01
INFO - 93 8e 88 08 40 28 8e 23
INFO - 93 8e c8 20 40 27 dd f5
INFO - 93 8e 08 40 40 20 04 fc
INFO - 93 90 08 08 40 28 8e 23
INFO - 93 90 48 20 40 27 d5 f5
INFO - 93 90 88 40 40 23 f0 01
INFO - 93 92 88 08 40 28 8e 23
INFO - 93 92 c8 20 40 27 d5 f5
INFO - 93 92 08 40 40 20 04 fc
INFO - 93 94 08 08 40 28 8e 23
INFO - 93 94 48 20 40 27 d5 f5
INFO - 93 94 88 40 40 23 f0 00
INFO - 93 96 88 08 40 28 8e 23
INFO - 93 96 c8 20 40 27 d5 f7
INFO - 93 96 08 40 40 20 00 01
INFO - 93 98 08 08 40 28 8e 23
INFO - 93 98 48 20 40 27 dd f7
INFO - 93 98 88 40 40 20 04 fc
INFO - 93 9a 88 08 40 28 8e 23
INFO - 93 9a c8 20 40 27 dd f9
INFO - 93 9a 08 40 40 23 f0 01
INFO - 93 9c 08 08 40 28 8e 23
INFO - 93 9c 48 20 40 27 e5 f9
INFO - 93 9c 88 40 40 20 04 fc
INFO - 93 9e 88 08 40 28 8e 23
INFO - 93 9e c8 20 40 27 e5 f7
INFO - 93 9e 08 40 40 23 f0 00
INFO - 93 a0 08 08 40 28 8e 23
INFO - 93 a0 48 20 40 27 dd f7
INFO - 93 a0 88 40 40 20 00 01
INFO - 93 a2 88 08 40 28 8e 68
INFO - 93 a2 c8 20 40 27 dd f7
INFO - 93 a2 08 40 40 20 04 fc
INFO - 93 a4 08 08 40 29 a2 73
INFO - 93 a4 48 20 40 27 dd f7
INFO - 93 a4 88 40 40 23 f0 fd
INFO - 93 a6 88 08 40 29 ce 73
INFO - 93 a6 c8 20 40 27 dd f7
INFO - 93 a6 08 40 40 23 f4 01
INFO - 93 a8 08 08 40 29 ce 73
INFO - 93 a8 48 20 40 27 dd f7
INFO - 93 a8 88 40 40 20 04 fc
INFO - 93 aa 88 08 40 29 ce 73
INFO - 93 aa c8 20 40 27 dd f5
INFO - 93 aa 08 40 40 23 f0 00
INFO - 93 ac 08 08 40 29 ce 73
INFO - 93 ac 48 20 40 27 d5 f5
INFO - 93 ac 88 40 40 20 00 01
INFO - 93 ae 88 08 40 29 ce 73
INFO - 93 ae c8 20 40 27 d5 f7
INFO - 93 ae 08 40 40 20 04 fc
INFO - 93 b0 08 08 40 29 ce 73
INFO - 93 b0 48 20 40 27 dd f7
INFO - 93 b0 88 40 40 23 f0 fd
INFO - 93 b2 88 08 40 29 ce 73
INFO - 93 b2 c8 20 40 27 dd f9
INFO - 93 b2 08 40 40 23 f4 01
INFO - 93 b4 08 08 40 29 ce 0d
INFO - 93 b4 48 20 40 27 e5 f9
INFO - 93 b4 88 40 40 20 04 fc
INFO - 93 b6 88 08 40 28 35 f0
INFO - 93 b6 c8 20 40 27 e5 f7
INFO - 93 b6 08 40 40 23 f0 01
INFO - 93 b8 08 08 40 27 c1 f0
INFO - 93 b8 48 20 40 27 dd f7
INFO - 93 b8 88 40 40 20 04 fc
INFO - 93 ba 88 08 40 27 c1 f0
INFO - 93 ba c8 20 40 27 dd f7
INFO - 93 ba 08 40 40 23 f0 00
INFO - 93 bc 08 08 40 27 c1 f0
INFO - 93 bc 48 20 40 27 dd f5
INFO - 93 bc 88 40 40 20 00 01
INFO - 93 be 88 08 40 27 c1 f0
INFO - 93 be c8 20 40 27 d5 f5
INFO - 93 be 08 40 40 20 04 fc
INFO - 93 c0 08 08 40 27 c1 f0
INFO - 93 c0 48 20 40 27 d5 f3
INFO - 93 c0 88 40 40 23 f0 01
INFO - 93 c2 88 08 40 27 c1 f0
INFO - 93 c2 c8 20 40 27 cd f3
INFO - 93 c2 08 40 40 20 04 fc
INFO - 93 c4 08 08 40 27 c1 f0
INFO - 93 c4 48 20 40 27 cd f5
INFO - 93 c4 88 40 40 23 f0 00
INFO - 93 c6 88 08 40 27 c1 f0
INFO - 93 c6 c8 20 40 27 d5 f5
INFO - 93 c6 08 40 40 20 00 01
INFO - 93 c8 08 08 40 27 c1 f0
INFO - 93 c8 48 20 40 27 d5 f7
INFO - 93 c8 88 40 40 20 04 fc
INFO - 93 ca 88 08 40 27 c1 f0
INFO - 93 ca c8 20 40 27 dd f7
INFO - 93 ca 08 40 40 23 f0 fd
INFO - 93 cc 08 08 40 27 c1 f0
INFO - 93 cc 48 20 40 27 dd f7
INFO - 93 cc 88 40 40 23 f4 01
INFO - 93 ce 88 08 40 27 c1 f0
INFO - 93 ce c8 20 40 27 dd f9
INFO - 93 ce 08 40 40 20 04 fc
INFO - 93 d0 08 08 40 27 c1 f0
INFO - 93 d0 48 20 40 27 e5 f9
INFO - 93 d0 88 40 40 23 f0 00
INFO - 93 d2 88 08 40 27 c1 f0
INFO - 93 d2 c8 20 40 27 e5 fb
INFO - 93 d2 08 40 40 20 00 01
INFO - 93 d4 08 08 40 27 c1 f6
INFO - 93 d4 48 20 40 27 ed fb
INFO - 93 d4 88 40 40 20 04 fc
INFO - 93 d6 88 08 40 27 d9 f8
INFO - 93 d6 c8 20 40 27 ed f9
INFO - 93 d6 08 40 40 23 f0 00
INFO - 93 d8 08 08 40 27 e1 f8
INFO - 93 d8 48 20 40 27 e5 f9
INFO - 93 d8 88 40 40 20 00 01
INFO - 93 da 88 08 40 27 e1 f8
INFO - 93 da c8 20 40 27 e5 f9
INFO - 93 da 08 40 40 20 04 fc
INFO - 93 dc 08 08 40 27 e1 f8
INFO - 93 dc 48 20 40 27 e5 f9
INFO - 93 dc 88 40 40 23 f0 01
INFO - 93 de 88 08 40 27 e1 f8
INFO - 93 de c8 20 40 27 e5 f9
INFO - 93 de 08 40 40 20 04 fc
INFO - 93 e0 08 08 40 27 e1 f8
INFO - 93 e0 48 20 40 27 e5 f9
INFO - 93 e0 88 40 40 23 f0 fd
INFO - 93 e2 88 08 40 27 e1 f8
INFO - 93 e2 c8 20 40 27 e5 f7
INFO - 93 e2 08 40 40 23 f4 01
INFO - 93 e4 08 08 40 27 e1 f8
INFO - 93 e4 48 20 40 27 dd f5
INFO - 93 e4 88 40 40 20 04 fc
INFO - 93 e6 88 08 40 27 e1 f8
INFO - 93 e6 c8 20 40 27 d5 f5
INFO - 93 e6 08 40 40 23 f0 01
INFO - 93 e8 08 08 40 27 e1 f8
INFO - 93 e8 48 20 40 27 d5 f5
INFO - 93 e8 88 40 40 20 04 fc
INFO - 93 ea 88 08 40 27 e1 f8
INFO - 93 ea c8 20 40 27 d5 f5
INFO - 93 ea 08 40 40 23 f0 00
INFO - 93 ec 08 08 40 27 e1 f8
INFO - 93 ec 48 20 40 27 d5 f5
INFO - 93 ec 88 40 40 20 00 01
INFO - 93 ee 88 08 40 27 e1 f8
INFO - 93 ee c8 20 40 27 d5 f5
INFO - 93 ee 08 40 40 20 04 fc
INFO - 93 f0 08 08 40 27 e1 f8
INFO - 93 f0 48 20 40 27 d5 f7
INFO - 93 f0 88 40 40 23 f0 fd
INFO - 93 f2 88 08 40 27 e1 e6
INFO - 93 f2 c8 20 40 27 dd f7
INFO - 93 f2 08 40 40 23 f4 01
INFO - 93 f4 08 08 40 27 99 e2
INFO - 93 f4 48 20 40 27 dd f7
INFO - 93 f4 88 40 40 20 04 fc
INFO - 93 f6 88 08 40 27 89 e2
INFO - 93 f6 c8 20 40 27 dd f7
INFO - 93 f6 08 40 40 23 f0 fd
INFO - 93 f8 08 08 40 27 89 e2
INFO - 93 f8 48 20 40 27 dd f7
INFO - 93 f8 88 40 40 23 f4 01
INFO - 93 fa 88 08 40 27 89 e2
INFO - 93 fa c8 20 40 27 dd f5
INFO - 93 fa 08 40 40 20 04 fc
INFO - 93 fc 08 08 40 27 89 e2
INFO - 93 fc 48 20 40 27 d5 f5
INFO - 93 fc 88 40 40 23 f0 00
INFO - 93 fe 88 08 40 27 89 e2
INFO - 93 fe c8 20 40 27 d5 f5
INFO - 93 fe 08 40 40 20 00 01
INFO - 94 00 08 08 40 27 89 e2
INFO - 94 00 48 20 40 27 d5 f5
INFO - 94 00 88 40 40 20 04 fc
INFO - 94 02 88 08 40 27 89 e2
INFO - 94 02 c8 20 40 27 d5 f5
INFO - 94 02 08 40 40 23 f0 fd
INFO - 94 04 08 08 40 27 89 e2
INFO - 94 04 48 20 40 27 d5 f5
INFO - 94 04 88 40 40 23 f4 01
INFO - 94 06 88 08 40 27 89 e2
INFO - 94 06 c8 20 40 27 d5 f7
INFO - 94 06 08 40 40 20 04 fc
INFO - 94 08 08 08 40 27 89 e2
INFO - 94 08 48 20 40 27 dd f9
INFO - 94 08 88 40 40 23 f0 01
INFO - 94 0a 88 08 40 27 89 e5
INFO - 94 0a c8 20 40 27 e5 f7
INFO - 94 0a 08 40 40 20 04 fc
INFO - 94 0c 08 08 40 07 95 e5
INFO - 94 0c 48 20 40 07 dd f7
INFO - 94 0c 88 40 40 03 f0 46
INFO - 94 65 48 08 40 26 c1 d0
INFO - 94 65 88 20 40 27 e5 f7
INFO - 94 65 c8 40 40 21 18 b7
INFO - 94 67 c8 08 40 27 41 e4
INFO - 94 67 08 20 40 27 dd f7
INFO - 94 67 48 40 40 22 dc 00
INFO - 94 69 48 08 40 27 91 ed
INFO - 94 69 88 20 40 27 dd f7
INFO - 94 69 c8 40 40 20 00 fd
INFO - 94 6b c8 08 40 27 b5 f3
INFO - 94 6b 08 20 40 27 dd f5
INFO - 94 6b 48 40 40 23 f4 01
INFO - 94 6d 48 08 40 27 cd f6
INFO - 94 6d 88 20 40 27 d5 f5
INFO - 94 6d c8 40 40 20 04 fc
INFO - 94 6f c8 08 40 27 d9 f9
INFO - 94 6f 08 20 40 27 d5 f5
INFO - 94 6f 48 40 40 23 f0 00
INFO - 94 71 48 08 40 27 e5 fa
INFO - 94 71 88 20 40 27 d5 f5
INFO - 94 71 c8 40 40 20 00 01
INFO - 94 73 c8 08 40 27 e9 fc
INFO - 94 73 08 20 40 27 d5 f5
INFO - 94 73 48 40 40 20 04 fc
INFO - 94 75 48 08 40 27 f1 fd
INFO - 94 75 88 20 40 27 d5 f5
INFO - 94 75 c8 40 40 23 f0 00
INFO - 94 77 c8 08 40 27 f5 ff
INFO - 94 77 08 20 40 27 d5 f5
INFO - 94 77 48 40 40 20 00 01
INFO - 94 79 48 08 40 27 fd ff
INFO - 94 79 88 20 40 27 d5 f5
INFO - 94 79 c8 40 40 20 04 fc
INFO - 94 7b c8 08 40 27 fe 00
INFO - 94 7b 08 20 40 27 d5 f5
INFO - 94 7b 48 40 40 23 f0 fd
INFO - 94 7d 48 08 40 28 02 02
INFO - 94 7d 88 20 40 27 d5 f7
INFO - 94 7d c8 40 40 23 f4 01
INFO - 94 7f c8 08 40 28 0a 04
INFO - 94 7f 08 20 40 27 dd f7
INFO - 94 7f 48 40 40 20 04 fc
INFO - 94 81 48 08 40 28 12 08
INFO - 94 81 88 20 40 27 dd f7
INFO - 94 81 c8 40 40 23 f0 00
INFO - 94 83 c8 08 40 28 22 0e
INFO - 94 83 08 20 40 27 dd f9
INFO - 94 83 48 40 40 20 00 01
INFO - 94 85 48 08 40 28 3a 1c
INFO - 94 85 88 20 40 27 e5 fb
INFO - 94 85 c8 40 40 20 04 fc
INFO - 94 87 c8 08 40 08 72 1c
INFO - 94 87 08 20 40 07 ed fb
INFO - 94 87 48 40 40 03 f0 45
INFO - 94 ac c8 08 40 27 91 f0
INFO - 94 ac 08 20 40 27 fd ff
INFO - 94 ac 48 40 40 21 14 b9
INFO - 94 ae 48 08 40 27 c1 f5
INFO - 94 ae 88 20 40 27 fd ff
INFO - 94 ae c8 40 40 22 e4 fc
INFO - 94 b0 c8 08 40 27 d5 f8
INFO - 94 b0 08 20 40 27 fd ff
INFO - 94 b0 48 40 40 23 f0 01
INFO - 94 b2 48 08 40 27 e1 fa
INFO - 94 b2 88 20 40 27 fd ff
INFO - 94 b2 c8 40 40 20 04 fc
INFO - 94 b4 c8 08 40 27 e9 fb
INFO - 94 b4 08 20 40 27 fd ff
INFO - 94 b4 48 40 40 23 f0 00
INFO - 94 b6 48 08 40 27 ed fc
INFO - 94 b6 88 20 40 27 fd ff
INFO - 94 b6 c8 40 40 20 00 01
INFO - 94 b8 c8 08 40 27 f1 fd
INFO - 94 b8 08 20 40 27 fd ff
INFO - 94 b8 48 40 40 20 04 fc
INFO - 94 ba 48 08 40 27 f5 fd
INFO - 94 ba 88 20 40 27 fd ff
INFO - 94 ba c8 40 40 23 f0 01
INFO - 94 bc c8 08 40 27 f5 fe
INFO - 94 bc 08 20 40 27 fd ff
INFO - 94 bc 48 40 40 20 04 fc
INFO - 94 be 48 08 40 27 f9 fe
INFO - 94 be 88 20 40 27 fd ff
INFO - 94 be c8 40 40 23 f0 fd
INFO - 94 c0 c8 08 40 27 f9 fe
INFO - 94 c0 08 20 40 27 fd ff
INFO - 94 c0 48 40 40 23 f4 01
INFO - 94 c2 48 08 40 27 f9 ff
INFO - 94 c2 88 20 40 27 fd fd
INFO - 94 c2 c8 40 40 20 04 fc
INFO - 94 c4 c8 08 40 27 fd ff
INFO - 94 c4 08 20 40 27 f5 fd
INFO - 94 c4 48 40 40 23 f0 01
INFO - 94 c6 48 08 40 27 fd ff
INFO - 94 c6 88 20 40 27 f5 fd
INFO - 94 c6 c8 40 40 20 04 fc
INFO - 94 c8 c8 08 40 27 fd ff
INFO - 94 c8 08 20 40 27 f5 fd
INFO - 94 c8 48 40 40 23 f0 00
INFO - 94 ca 48 08 40 27 fd ff
INFO - 94 ca 88 20 40 27 f5 fd
INFO - 94 ca c8 40 40 20 00 01
INFO - 94 cc c8 08 40 27 fd ff
INFO - 94 cc 08 20 40 27 f5 fd
INFO - 94 cc 48 40 40 20 04 fc
INFO - 94 ce 48 08 40 27 fd ff
INFO - 94 ce 88 20 40 27 f5 fd
INFO - 94 ce c8 40 40 23 f0 00
INFO - 94 d0 c8 08 40 27 fd ff
INFO - 94 d0 08 20 40 27 f5 fd
INFO - 94 d0 48 40 40 20 00 01
INFO - 94 d2 48 08 40 27 fd ff
INFO - 94 d2 88 20 40 27 f5 fd
INFO - 94 d2 c8 40 40 20 04 fc
INFO - 94 d4 c8 08 40 27 fd ff
INFO - 94 d4 08 20 40 27 f5 fd
INFO - 94 d4 48 40 40 23 f0 00
INFO - 94 d6 48 08 40 27 fd ff
INFO - 94 d6 88 20 40 27 f5 fd
INFO - 94 d6 c8 40 40 20 00 01
INFO - 94 d8 c8 08 40 27 fd ff
INFO - 94 d8 08 20 40 27 f5 fd
INFO - 94 d8 48 40 40 20 04 fc
INFO - 94 da 48 08 40 27 fe 00
INFO - 94 da 88 20 40 27 f5 fd
INFO - 94 da c8 40 40 23 f0 01
INFO - 94 dc c8 08 40 28 02 00
INFO - 94 dc 08 20 40 27 f5 fd
INFO - 94 dc 48 40 40 20 04 fc
INFO - 94 de 48 08 40 28 02 00
INFO - 94 de 88 20 40 27 f5 ff
INFO - 94 de c8 40 40 23 f0 fd
INFO - 94 e0 c8 08 40 28 02 00
INFO - 94 e0 08 20 40 27 fd ff
INFO - 94 e0 48 40 40 23 f4 01
INFO - 94 e2 48 08 40 28 02 01
INFO - 94 e2 88 20 40 27 fd ff
INFO - 94 e2 c8 40 40 20 04 fc
INFO - 94 e4 c8 08 40 28 06 01
INFO - 94 e4 08 20 40 27 fd ff
INFO - 94 e4 48 40 40 23 f0 00
INFO - 94 e6 48 08 40 28 06 02
INFO - 94 e6 88 20 40 27 fd ff
INFO - 94 e6 c8 40 40 20 00 01
INFO - 94 e8 c8 08 40 28 0a 02
INFO - 94 e8 08 20 40 27 fd ff
INFO - 94 e8 48 40 40 20 04 fc
INFO - 94 ea 48 08 40 28 0a 03
INFO - 94 ea 88 20 40 27 fd ff
INFO - 94 ea c8 40 40 23 f0 01
INFO - 94 ec c8 08 40 28 0e 03
INFO - 94 ec 08 20 40 27 fd ff
INFO - 94 ec 48 40 40 20 04 fc
INFO - 94 ee 48 08 40 28 0e 04
INFO - 94 ee 88 20 40 27 fd ff
INFO - 94 ee c8 40 40 23 f0 00
INFO - 94 f0 c8 08 40 28 12 06
INFO - 94 f0 08 20 40 27 fd ff
INFO - 94 f0 48 40 40 20 00 01
INFO - 94 f2 48 08 40 28 1a 08
INFO - 94 f2 88 20 40 27 fd ff
INFO - 94 f2 c8 40 40 20 04 fc
INFO - 94 f4 c8 08 40 28 22 0b
INFO - 94 f4 08 20 40 27 fd ff
INFO - 94 f4 48 40 40 23 f0 fd
INFO - 94 f6 48 08 40 28 2e 10
INFO - 94 f6 88 20 40 27 fd ff
INFO - 94 f6 c8 40 40 23 f4 01
INFO - 94 f8 c8 08 40 28 42 17
INFO - 94 f8 08 20 40 27 fd ff
INFO - 94 f8 48 40 40 20 04 fc
INFO - 94 fa 48 08 40 28 5e 2a
INFO - 94 fa 88 20 40 27 fd ff
INFO - 94 fa c8 40 40 23 f0 00
INFO - 94 fc c8 08 40 28 aa 3c
INFO - 94 fc 08 20 40 27 fd ff
INFO - 94 fc 48 40 40 20 00 01
INFO - 94 fe 48 08 40 08 f2 3c
INFO - 94 fe 88 20 40 07 fd ff
INFO - 94 fe c8 40 40 00 04 44
INFO - b5 2c 88 40 57 00 00 02
INFO - b5 2c c8 40 57 00 00 02
INFO - b5 2c 08 40 57 00 00 02
INFO - b5 2c 48 40 57 00 00 02
INFO - 95 af 88 08 40 27 6d e4
INFO - 95 af c8 20 40 27 f5 ff
INFO - 95 af 08 40 40 21 10 b7
INFO - 95 b1 08 08 40 27 91 e4
INFO - 95 b1 48 20 40 27 fd ff
INFO - 95 b1 88 40 40 22 dc 00
INFO - 95 b3 88 08 40 27 91 e4
INFO - 95 b3 c8 20 40 27 fd ff
INFO - 95 b3 08 40 40 20 00 01
INFO - 95 b5 08 08 40 27 91 e4
INFO - 95 b5 48 20 40 27 fe 01
INFO - 95 b5 88 40 40 20 04 fc
INFO - 95 b7 88 08 40 27 91 e4
INFO - 95 b7 c8 20 40 28 05 ff
INFO - 95 b7 08 40 40 23 f0 fd
INFO - 95 b9 08 08 40 27 91 e4
INFO - 95 b9 48 20 40 27 fd ff
INFO - 95 b9 88 40 40 23 f4 01
INFO - 95 bb 88 08 40 27 91 e4
INFO - 95 bb c8 20 40 27 fd ff
INFO - 95 bb 08 40 40 20 04 fc
INFO - 95 bd 08 08 40 27 91 e4
INFO - 95 bd 48 20 40 27 fd ff
INFO - 95 bd 88 40 40 23 f0 00
INFO - 95 bf 88 08 40 27 91 e4
INFO - 95 bf c8 20 40 27 fd ff
INFO - 95 bf 08 40 40 20 00 01
INFO - 95 c1 08 08 40 27 91 e4
INFO - 95 c1 48 20 40 27 fd ff
INFO - 95 c1 88 40 40 20 04 fc
INFO - 95 c3 88 08 40 27 91 e4
INFO - 95 c3 c8 20 40 27 fd ff
INFO - 95 c3 08 40 40 23 f0 fd
INFO - 95 c5 08 08 40 27 91 e4
INFO - 95 c5 48 20 40 27 fd ff
INFO - 95 c5 88 40 40 23 f4 01
INFO - 95 c7 88 08 40 27 91 e4
INFO - 95 c7 c8 20 40 27 fd ff
INFO - 95 c7 08 40 40 20 04 fc
INFO - 95 c9 08 08 40 27 91 e4
INFO - 95 c9 48 20 40 27 fd ff
INFO - 95 c9 88 40 40 23 f0 01
INFO - 95 cb 88 08 40 27 91 e4
INFO - 95 cb c8 20 40 27 fd ff
INFO - 95 cb 08 40 40 20 04 fc
INFO - 95 cd 08 08 40 27 91 e4
INFO - 95 cd 48 20 40 27 fd ff
INFO - 95 cd 88 40 40 23 f0 00
INFO - 95 cf 88 08 40 27 91 e4
INFO - 95 cf c8 20 40 27 fd ff
INFO - 95 cf 08 40 40 20 00 01
INFO - 95 d1 08 08 40 27 91 e4
INFO - 95 d1 48 20 40 27 fd ff
INFO - 95 d1 88 40 40 20 04 fc
INFO - 95 d3 88 08 40 27 91 e4
INFO - 95 d3 c8 20 40 27 fd ff
INFO - 95 d3 08 40 40 23 f0 fd
INFO - 95 d5 08 08 40 27 91 e4
INFO - 95 d5 48 20 40 27 fd ff
INFO - 95 d5 88 40 40 23 f4 01
INFO - 95 d7 88 08 40 27 91 e4
INFO - 95 d7 c8 20 40 27 fd ff
INFO - 95 d7 08 40 40 20 04 fc
INFO - 95 d9 08 08 40 27 91 e4
INFO - 95 d9 48 20 40 27 fd ff
INFO - 95 d9 88 40 40 23 f0 01
INFO - 95 db 88 08 40 27 91 e4
INFO - 95 db c8 20 40 27 fd ff
INFO - 95 db 08 40 40 20 04 fc
INFO - 95 dd 08 08 40 27 91 e4
INFO - 95 dd 48 20 40 27 fe 01
INFO - 95 dd 88 40 40 23 f0 00
INFO - 95 df 88 08 40 27 91 e4
INFO - 95 df c8 20 40 28 06 01
INFO - 95 df 08 40 40 20 00 01
INFO - 95 e1 08 08 40 27 91 e4
INFO - 95 e1 48 20 40 28 06 03
INFO - 95 e1 88 40 40 20 04 fc
INFO - 95 e3 88 08 40 27 91 e4
INFO - 95 e3 c8 20 40 28 0e 03
INFO - 95 e3 08 40 40 23 f0 fd
INFO - 95 e5 08 08 40 27 91 e4
INFO - 95 e5 48 20 40 28 0e 01
INFO - 95 e5 88 40 40 23 f4 01
INFO - 95 e7 88 08 40 27 92 09
INFO - 95 e7 c8 20 40 28 06 01
INFO - 95 e7 08 40 40 20 04 fc
INFO - 95 e9 08 08 40 18 26 13
INFO - 95 e9 48 20 40 18 06 01
INFO - 95 e9 88 40 40 13 f0 01
INFO - 95 ea 88 08 40 38 4e 13
INFO - 95 ea c8 20 40 38 06 01
INFO - 95 ea 08 40 40 30 04 fc
INFO - 95 ed 08 08 40 28 4e 13
INFO - 95 ed 48 20 40 28 06 01
INFO - 95 ed 88 40 40 23 f0 fd
INFO - 95 ef 88 08 40 28 4e 13
INFO - 95 ef c8 20 40 28 06 01
INFO - 95 ef 08 40 40 23 f4 01
INFO - 95 f1 08 08 40 28 4e 13
INFO - 95 f1 48 20 40 28 05 ff
INFO - 95 f1 88 40 40 20 04 fc
INFO - 95 f3 88 08 40 28 4e 13
INFO - 95 f3 c8 20 40 27 fd ff
INFO - 95 f3 08 40 40 23 f0 01
INFO - 95 f5 08 08 40 28 4e 13
INFO - 95 f5 48 20 40 27 fd ff
INFO - 95 f5 88 40 40 20 04 fc
INFO - 95 f7 88 08 40 28 4e 13
INFO - 95 f7 c8 20 40 27 fd ff
INFO - 95 f7 08 40 40 23 f0 fd
INFO - 95 f9 08 08 40 28 4e 13
INFO - 95 f9 48 20 40 27 fd ff
INFO - 95 f9 88 40 40 23 f4 01
INFO - 95 fb 88 08 40 28 4e 13
INFO - 95 fb c8 20 40 27 fd ff
INFO - 95 fb 08 40 40 20 04 fc
INFO - 95 fd 08 08 40 18 4e 13
INFO - 95 fd 48 20 40 17 fd ff
INFO - 95 fd 88 40 40 13 f0 00
INFO - 95 fe 88 08 40 38 4e 13
INFO - 95 fe c8 20 40 37 fe 01
INFO - 95 fe 08 40 40 30 00 01
INFO - 96 01 08 08 40 18 4e 13
INFO - 96 01 48 20 40 18 06 01
INFO - 96 01 88 40 40 10 04 fc
INFO - 96 02 88 08 40 38 4e 13
INFO - 96 02 c8 20 40 38 06 01
INFO - 96 02 08 40 40 33 f0 01
INFO - 96 05 08 08 40 18 4e 13
INFO - 96 05 48 20 40 18 06 01
INFO - 96 05 88 40 40 10 04 fc
INFO - 96 06 88 08 40 38 4e 4f
INFO - 96 06 c8 20 40 38 06 01
INFO - 96 06 08 40 40 33 f0 01
INFO - 96 09 08 08 40 19 3e 58
INFO - 96 09 48 20 40 18 06 01
INFO - 96 09 88 40 40 10 04 fc
INFO - 96 0a 88 08 40 39 62 58
INFO - 96 0a c8 20 40 38 06 01
INFO - 96 0a 08 40 40 33 f0 00
INFO - 96 0d 08 08 40 19 62 58
INFO - 96 0d 48 20 40 18 06 03
INFO - 96 0d 88 40 40 10 00 01
INFO - 96 0e 88 08 40 39 62 58
INFO - 96 0e c8 20 40 38 0e 03
INFO - 96 0e 08 40 40 30 04 fc
INFO - 96 11 08 08 40 19 62 58
INFO - 96 11 48 20 40 18 0e 03
INFO - 96 11 88 40 40 13 f0 fd
INFO - 96 12 88 08 40 39 62 58
INFO - 96 12 c8 20 40 38 0e 03
INFO - 96 12 08 40 40 33 f4 01
INFO - 96 15 08 08 40 19 62 58
INFO - 96 15 48 20 40 18 0e 01
INFO - 96 15 88 40 40 10 04 fc
INFO - 96 16 88 08 40 39 62 58
INFO - 96 16 c8 20 40 38 06 01
INFO - 96 16 08 40 40 33 f0 01
INFO - 96 19 08 08 40 29 62 58
INFO - 96 19 48 20 40 28 06 01
INFO - 96 19 88 40 40 20 04 fc
INFO - 96 1b 88 08 40 29 62 58
INFO - 96 1b c8 20 40 28 06 01
INFO - 96 1b 08 40 40 23 f0 fd
INFO - 96 1d 08 08 40 29 62 0f
INFO - 96 1d 48 20 40 28 06 01
INFO - 96 1d 88 40 40 23 f4 01
INFO - 96 1f 88 08 40 28 3d fa
INFO - 96 1f c8 20 40 28 06 01
INFO - 96 1f 08 40 40 20 04 fc
INFO - 96 21 08 08 40 27 e9 fa
INFO - 96 21 48 20 40 28 06 01
INFO - 96 21 88 40 40 23 f0 00
INFO - 96 23 88 08 40 27 e9 fa
INFO - 96 23 c8 20 40 28 06 01
INFO - 96 23 08 40 40 20 00 01
INFO - 96 25 08 08 40 27 e9 fa
INFO - 96 25 48 20 40 28 06 01
INFO - 96 25 88 40 40 20 04 fc
INFO - 96 27 88 08 40 27 e9 fa
INFO - 96 27 c8 20 40 28 06 01
INFO - 96 27 08 40 40 23 f0 00
INFO - 96 29 08 08 40 27 e9 fa
INFO - 96 29 48 20 40 28 06 03
INFO - 96 29 88 40 40 20 00 01
INFO - 96 2b 88 08 40 27 e9 fa
INFO - 96 2b c8 20 40 28 0e 03
INFO - 96 2b 08 40 40 20 04 fc
INFO - 96 2d 08 08 40 27 e9 fa
INFO - 96 2d 48 20 40 28 0e 05
INFO - 96 2d 88 40 40 23 f0 fd
INFO - 96 2f 88 08 40 27 e9 fa
INFO - 96 2f c8 20 40 28 16 05
INFO - 96 2f 08 40 40 23 f4 01
INFO - 96 31 08 08 40 27 e9 fa
INFO - 96 31 48 20 40 28 16 03
INFO - 96 31 88 40 40 20 04 fc
INFO - 96 33 88 08 40 27 e9 fa
INFO - 96 33 c8 20 40 28 0e 03
INFO - 96 33 08 40 40 23 f0 00
INFO - 96 35 08 08 40 27 e9 fa
INFO - 96 35 48 20 40 28 0e 01
INFO - 96 35 88 40 40 20 00 01
INFO - 96 37 88 08 40 27 e9 fa
INFO - 96 37 c8 20 40 28 06 01
INFO - 96 37 08 40 40 20 04 fc
INFO - 96 39 08 08 42 07 ea 0a
INFO - 96 39 48 20 42 08 06 03
INFO - 96 39 88 40 42 03 f0 00
INFO - 96 59 08 08 40 28 2a 0a
INFO - 96 59 48 20 40 28 0e 03
INFO - 96 59 88 40 40 20 00 fd
INFO - 96 5b 88 08 40 28 2a 0e
INFO - 96 5b c8 20 40 28 0e 05
INFO - 96 5b 08 40 40 23 f4 01
INFO - 96 5d 08 08 40 28 3a 0e
INFO - 96 5d 48 20 40 28 16 03
INFO - 96 5d 88 40 40 20 04 fc
INFO - 96 5f 88 08 40 28 3a 0e
INFO - 96 5f c8 20 40 28 0e 03
INFO - 96 5f 08 40 40 23 f0 01
INFO - 96 61 08 08 40 28 3a 0e
INFO - 96 61 48 20 40 28 0e 03
INFO - 96 61 88 40 40 20 04 fc
INFO - 96 63 88 08 40 28 3a 0e
INFO - 96 63 c8 20 40 28 0e 01
INFO - 96 63 08 40 40 23 f0 00
INFO - 96 65 08 08 40 28 3a 0e
INFO - 96 65 48 20 40 28 06 01
INFO - 96 65 88 40 40 20 00 01
INFO - 96 67 88 08 40 28 3a 0e
INFO - 96 67 c8 20 40 28 06 01
INFO - 96 67 08 40 40 20 04 fc
INFO - 96 69 08 08 40 28 3a 0e
INFO - 96 69 48 20 40 28 06 01
INFO - 96 69 88 40 40 23 f0 01
INFO - 96 6b 88 08 40 28 3a 0e
INFO - 96 6b c8 20 40 28 06 01
INFO - 96 6b 08 40 40 20 04 fc
INFO - 96 6d 08 08 40 28 3a 0e
INFO - 96 6d 48 20 40 28 06 03
INFO - 96 6d 88 40 40 23 f0 fd
INFO - 96 6f 88 08 40 28 3a 0e
INFO - 96 6f c8 20 40 28 0e 03
INFO - 96 6f 08 40 40 23 f4 01
INFO - 96 71 08 08 40 28 3a 0e
INFO - 96 71 48 20 40 28 0e 03
INFO - 96 71 88 40 40 20 04 fc
INFO - 96 73 88 08 40 28 3a 0e
INFO - 96 73 c8 20 40 28 0e 03
INFO - 96 73 08 40 40 23 f0 fd
INFO - 96 75 08 08 40 28 3a 0e
INFO - 96 75 48 20 40 28 0e 01
INFO - 96 75 88 40 40 23 f4 01
INFO - 96 77 88 08 40 28 3a 13
INFO - 96 77 c8 20 40 28 06 01
INFO - 96 77 08 40 40 20 04 fc
INFO - 96 79 08 08 40 28 4e 14
INFO - 96 79 48 20 40 28 06 03
INFO - 96 79 88 40 40 23 f0 01
INFO - 96 7b 88 08 40 28 52 14
INFO - 96 7b c8 20 40 28 0e 03
INFO - 96 7b 08 40 40 20 04 fc
INFO - 96 7d 08 08 40 28 52 14
INFO - 96 7d 48 20 40 28 0e 03
INFO - 96 7d 88 40 40 23 f0 00
INFO - 96 7f 88 08 40 28 52 14
INFO - 96 7f c8 20 40 28 0e 03
INFO - 96 7f 08 40 40 20 00 01
INFO - 96 81 08 08 40 28 52 14
INFO - 96 81 48 20 40 28 0e 03
INFO - 96 81 88 40 40 20 04 fc
INFO - 96 83 88 08 40 28 52 14
INFO - 96 83 c8 20 40 28 0e 03
INFO - 96 83 08 40 40 23 f0 fd
INFO - 96 85 08 08 40 28 52 14
INFO - 96 85 48 20 40 28 0e 03
INFO - 96 85 88 40 40 23 f4 01
INFO - 96 87 88 08 40 28 52 14
INFO - 96 87 c8 20 40 28 0e 03
INFO - 96 87 08 40 40 20 04 fc
INFO - 96 89 08 08 40 28 52 14
INFO - 96 89 48 20 40 28 0e 01
INFO - 96 89 88 40 40 23 f0 01
INFO - 96 8b 88 08 40 28 52 14
INFO - 96 8b c8 20 40 28 06 01
INFO - 96 8b 08 40 40 20 04 fc
INFO - 96 8d 08 08 40 28 52 14
INFO - 96 8d 48 20 40 28 06 01
INFO - 96 8d 88 40 40 23 f0 01
INFO - 96 8f 88 08 40 28 52 14
INFO - 96 8f c8 20 40 28 06 03
INFO - 96 8f 08 40 40 20 04 fc
INFO - 96 91 08 08 40 28 52 14
INFO - 96 91 48 20 40 28 0e 03
INFO - 96 91 88 40 40 23 f0 00
INFO - 96 93 88 08 40 28 52 14
INFO - 96 93 c8 20 40 28 0e 03
INFO - 96 93 08 40 40 20 00 01
INFO - 96 95 08 08 40 28 52 14
INFO - 96 95 48 20 40 28 0d ff
INFO - 96 95 88 40 40 20 04 fc
INFO - 96 97 88 08 40 28 52 0b
INFO - 96 97 c8 20 40 27 fd ff
INFO - 96 97 08 40 40 23 f0 fd
INFO - 96 99 08 08 40 28 2e 09
INFO - 96 99 48 20 40 27 fd ff
INFO - 96 99 88 40 40 23 f4 01
INFO - 96 9b 88 08 40 28 26 09
INFO - 96 9b c8 20 40 27 fd ff
INFO - 96 9b 08 40 40 20 04 fc
INFO - 96 9d 08 08 40 28 26 09
INFO - 96 9d 48 20 40 27 fe 01
INFO - 96 9d 88 40 40 23 f0 fd
INFO - 96 9f 88 08 40 28 26 09
INFO - 96 9f c8 20 40 28 06 01
INFO - 96 9f 08 40 40 23 f4 01
INFO - 96 a1 08 08 40 28 26 09
INFO - 96 a1 48 20 40 28 06 03
INFO - 96 a1 88 40 40 20 04 fc
INFO - 96 a3 88 08 40 28 26 09
INFO - 96 a3 c8 20 40 28 0e 03
INFO - 96 a3 08 40 40 23 f0 00
INFO - 96 a5 08 08 40 28 26 09
INFO - 96 a5 48 20 40 28 0e 03
INFO - 96 a5 88 40 40 20 00 01
INFO - 96 a7 88 08 40 28 26 09
INFO - 96 a7 c8 20 40 28 0e 01
INFO - 96 a7 08 40 40 20 04 fc
INFO - 96 a9 08 08 40 28 26 09
INFO - 96 a9 48 20 40 28 06 01
INFO - 96 a9 88 40 40 23 f0 01
INFO - 96 ab 88 08 40 28 26 09
INFO - 96 ab c8 20 40 28 06 01
INFO - 96 ab 08 40 40 20 04 fc
INFO - 96 ad 08 08 40 28 26 09
INFO - 96 ad 48 20 40 28 06 01
INFO - 96 ad 88 40 40 23 f0 00
INFO - 96 af 88 08 40 28 26 09
INFO - 96 af c8 20 40 28 06 01
INFO - 96 af 08 40 40 20 00 01
INFO - 96 b1 08 08 40 28 26 09
INFO - 96 b1 48 20 40 28 06 01
INFO - 96 b1 88 40 40 20 04 fc
INFO - 96 b3 88 08 40 28 26 09
INFO - 96 b3 c8 20 40 28 06 01
INFO - 96 b3 08 40 40 23 f0 00
INFO - 96 b5 08 08 40 28 25 dd
INFO - 96 b5 48 20 40 28 06 01
INFO - 96 b5 88 40 40 20 00 01
INFO - 96 b7 88 08 40 27 75 d6
INFO - 96 b7 c8 20 40 28 06 01
INFO - 96 b7 08 40 40 20 04 fc
INFO - 96 b9 08 08 40 27 59 d6
INFO - 96 b9 48 20 40 28 06 03
INFO - 96 b9 88 40 40 23 f0 fd
INFO - 96 bb 88 08 40 27 59 d6
INFO - 96 bb c8 20 40 28 0e 03
INFO - 96 bb 08 40 40 23 f4 01
INFO - 96 bd 08 08 40 27 59 d6
INFO - 96 bd 48 20 40 28 0e 03
INFO - 96 bd 88 40 40 20 04 fc
INFO - 96 bf 88 08 40 27 59 d6
INFO - 96 bf c8 20 40 28 0e 03
INFO - 96 bf 08 40 40 23 f0 fd
INFO - 96 c1 08 08 40 27 59 d6
INFO - 96 c1 48 20 40 28 0e 03
INFO - 96 c1 88 40 40 23 f4 01
INFO - 96 c3 88 08 40 27 59 d6
INFO - 96 c3 c8 20 40 28 0e 03
INFO - 96 c3 08 40 40 20 04 fc
INFO - 96 c5 08 08 40 27 59 d6
INFO - 96 c5 48 20 40 28 0e 03
INFO - 96 c5 88 40 40 23 f0 01
INFO - 96 c7 88 08 40 27 59 d6
INFO - 96 c7 c8 20 40 28 0e 03
INFO - 96 c7 08 40 40 20 04 fc
INFO - 96 c9 08 08 40 27 59 d6
INFO - 96 c9 48 20 40 28 0e 03
INFO - 96 c9 88 40 40 23 f0 00
INFO - 96 cb 88 08 40 27 59 d6
INFO - 96 cb c8 20 40 28 0e 03
INFO - 96 cb 08 40 40 20 00 01
INFO - 96 cd 08 08 40 27 59 d6
INFO - 96 cd 48 20 40 28 0e 03
INFO - 96 cd 88 40 40 20 04 fc
INFO - 96 cf 88 08 40 27 59 d6
INFO - 96 cf c8 20 40 28 0e 01
INFO - 96 cf 08 40 40 23 f0 fd
INFO - 96 d1 08 08 40 27 59 d6
INFO - 96 d1 48 20 40 28 06 01
INFO - 96 d1 88 40 40 23 f4 01
INFO - 96 d3 88 08 40 27 59 e6
INFO - 96 d3 c8 20 40 28 06 01
INFO - 96 d3 08 40 40 20 04 fc
INFO - 96 d5 08 08 40 27 99 ea
INFO - 96 d5 48 20 40 28 06 01
INFO - 96 d5 88 40 40 23 f0 fd
INFO - 96 d7 88 08 40 27 a9 ea
INFO - 96 d7 c8 20 40 28 06 01
INFO - 96 d7 08 40 40 23 f4 01
INFO - 96 d9 08 08 40 27 a9 ea
INFO - 96 d9 48 20 40 28 06 03
INFO - 96 d9 88 40 40 20 04 fc
INFO - 96 db 88 08 40 27 a9 ea
INFO - 96 db c8 20 40 28 0e 03
INFO - 96 db 08 40 40 23 f0 00
INFO - 96 dd 08 08 40 27 a9 ea
INFO - 96 dd 48 20 40 28 0e 03
INFO - 96 dd 88 40 40 20 00 01
INFO - 96 df 88 08 40 27 a9 ea
INFO - 96 df c8 20 40 28 0e 03
INFO - 96 df 08 40 40 20 04 fc
INFO - 96 e1 08 08 40 27 a9 ea
INFO - 96 e1 48 20 40 28 0e 03
INFO - 96 e1 88 40 40 23 f0 01
INFO - 96 e3 88 08 40 27 a9 ea
INFO - 96 e3 c8 20 40 28 0e 03
INFO - 96 e3 08 40 40 20 04 fc
INFO - 96 e5 08 08 40 27 a9 ea
INFO - 96 e5 48 20 40 28 0e 03
INFO - 96 e5 88 40 40 23 f0 01
INFO - 96 e7 88 08 40 27 a9 ea
INFO - 96 e7 c8 20 40 28 0e 03
INFO - 96 e7 08 40 40 20 04 fc
INFO - 96 e9 08 08 40 27 a9 ea
INFO - 96 e9 48 20 40 28 0e 03
INFO - 96 e9 88 40 40 23 f0 00
INFO - 96 eb 88 08 40 27 a9 ea
INFO - 96 eb c8 20 40 28 0e 01
INFO - 96 eb 08 40 40 20 00 01
INFO - 96 ed 08 08 40 27 a9 ea
INFO - 96 ed 48 20 40 28 06 01
INFO - 96 ed 88 40 40 20 04 fc
INFO - 96 ef 88 08 40 27 a9 ea
INFO - 96 ef c8 20 40 28 06 01
INFO - 96 ef 08 40 40 23 f0 fd
INFO - 96 f1 08 08 40 27 a9 ea
INFO - 96 f1 48 20 40 28 06 03
INFO - 96 f1 88 40 40 23 f4 01
INFO - 96 f3 88 08 40 27 aa 0b
INFO - 96 f3 c8 20 40 28 0e 03
INFO - 96 f3 08 40 40 20 04 fc
INFO - 96 f5 08 08 40 28 2e 13
INFO - 96 f5 48 20 40 28 0e 01
INFO - 96 f5 88 40 40 23 f0 00
INFO - 96 f7 88 08 40 28 4e 13
INFO - 96 f7 c8 20 40 28 06 01
INFO - 96 f7 08 40 40 20 00 01
INFO - 96 f9 08 08 40 28 4e 13
INFO - 96 f9 48 20 40 28 06 01
INFO - 96 f9 88 40 40 20 04 fc
INFO - 96 fb 88 08 40 28 4d f9
INFO - 96 fb c8 20 40 28 06 01
INFO - 96 fb 08 40 40 23 f0 fd
INFO - 96 fd 08 08 40 27 e5 f3
INFO - 96 fd 48 20 40 28 06 01
INFO - 96 fd 88 40 40 23 f4 01
INFO - 96 ff 88 08 40 27 cd f3
INFO - 96 ff c8 20 40 28 06 01
INFO - 96 ff 08 40 40 20 04 fc
INFO - 97 01 08 08 40 27 cd f3
INFO - 97 01 48 20 40 28 06 01
INFO - 97 01 88 40 40 23 f0 01
INFO - 97 03 88 08 40 27 cd f3
INFO - 97 03 c8 20 40 28 05 ff
INFO - 97 03 08 40 40 20 04 fc
INFO - 97 05 08 08 40 27 cd f3
INFO - 97 05 48 20 40 27 fd ff
INFO - 97 05 88 40 40 23 f0 01
INFO - 97 07 88 08 40 27 cd f3
INFO - 97 07 c8 20 40 27 fd ff
INFO - 97 07 08 40 40 20 04 fc
INFO - 97 09 08 08 40 27 cd f3
INFO - 97 09 48 20 40 27 fd ff
INFO - 97 09 88 40 40 23 f0 00
INFO - 97 0b 88 08 40 27 cd f3
INFO - 97 0b c8 20 40 27 fe 01
INFO - 97 0b 08 40 40 20 00 01
INFO - 97 0d 08 08 40 27 cd f3
INFO - 97 0d 48 20 40 28 06 01
INFO - 97 0d 88 40 40 20 04 fc
INFO - 97 0f 88 08 40 27 cd f3
INFO - 97 0f c8 20 40 28 06 01
INFO - 97 0f 08 40 40 23 f0 01
INFO - 97 11 08 08 40 27 cd f3
INFO - 97 11 48 20 40 28 06 01
INFO - 97 11 88 40 40 20 04 fc
INFO - 97 13 88 08 40 27 cd f3
INFO - 97 13 c8 20 40 28 06 01
INFO - 97 13 08 40 40 23 f0 fd
INFO - 97 15 08 08 40 27 cd f3
INFO - 97 15 48 20 40 28 06 01
INFO - 97 15 88 40 40 23 f4 01
INFO - 97 17 88 08 40 27 cd f3
INFO - 97 17 c8 20 40 28 06 01
INFO - 97 17 08 40 40 20 04 fc
INFO - 97 19 08 08 40 27 cd f3
INFO - 97 19 48 20 40 28 06 03
INFO - 97 19 88 40 40 23 f0 01
INFO - 97 1b 88 08 40 27 cd f7
INFO - 97 1b c8 20 40 28 0e 03
INFO - 97 1b 08 40 40 20 04 fc
INFO - 97 1d 08 08 40 27 dd f8
INFO - 97 1d 48 20 40 28 0e 03
INFO - 97 1d 88 40 40 23 f0 00
INFO - 97 1f 88 08 40 27 e1 f8
INFO - 97 1f c8 20 40 28 0e 03
INFO - 97 1f 08 40 40 20 00 01
INFO - 97 21 08 08 40 27 e1 f8
INFO - 97 21 48 20 40 28 0e 03
INFO - 97 21 88 40 40 20 04 fc
INFO - 97 23 88 08 40 27 e1 f8
INFO - 97 23 c8 20 40 28 0e 03
INFO - 97 23 08 40 40 23 f0 00
INFO - 97 25 08 08 40 27 e1 f8
INFO - 97 25 48 20 40 28 0e 03
INFO - 97 25 88 40 40 20 00 01
INFO - 97 27 88 08 40 27 e1 f8
INFO - 97 27 c8 20 40 28 0e 03
INFO - 97 27 08 40 40 20 04 fc
INFO - 97 29 08 08 40 27 e1 f8
INFO - 97 29 48 20 40 28 0e 03
INFO - 97 29 88 40 40 23 f0 01
INFO - 97 2b 88 08 40 27 e1 f8
INFO - 97 2b c8 20 40 28 0e 01
INFO - 97 2b 08 40 40 20 04 fc
INFO - 97 2d 08 08 40 27 e1 f8
INFO - 97 2d 48 20 40 28 06 01
INFO - 97 2d 88 40 40 23 f0 fd
INFO - 97 2f 88 08 40 27 e1 f8
INFO - 97 2f c8 20 40 28 06 01
INFO - 97 2f 08 40 40 23 f4 01
INFO - 97 31 08 08 40 27 e1 f8
INFO - 97 31 48 20 40 28 06 01
INFO - 97 31 88 40 40 20 04 fc
INFO - 97 33 88 08 40 27 e1 f8
INFO - 97 33 c8 20 40 28 05 ff
INFO - 97 33 08 40 40 23 f0 01
INFO - 97 35 08 08 40 27 e1 f8
INFO - 97 35 48 20 40 27 fd ff
INFO - 97 35 88 40 40 20 04 fc
INFO - 97 37 88 08 40 27 e1 f8
INFO - 97 37 c8 20 40 27 fd ff
INFO - 97 37 08 40 40 23 f0 fd
INFO - 97 39 08 08 40 27 e2 0e
INFO - 97 39 48 20 40 27 fd ff
INFO - 97 39 88 40 40 23 f4 01
INFO - 97 3b 88 08 40 28 3a 13
INFO - 97 3b c8 20 40 27 fd ff
INFO - 97 3b 08 40 40 20 04 fc
INFO - 97 3d 08 08 40 28 4e 13
INFO - 97 3d 48 20 40 27 fd ff
INFO - 97 3d 88 40 40 23 f0 00
INFO - 97 3f 88 08 40 28 4e 13
INFO - 97 3f c8 20 40 27 fd ff
INFO - 97 3f 08 40 40 20 00 01
INFO - 97 41 08 08 40 28 4e 13
INFO - 97 41 48 20 40 27 fd ff
INFO - 97 41 88 40 40 20 04 fc
INFO - 97 43 88 08 40 28 4e 13
INFO - 97 43 c8 20 40 27 fd ff
INFO - 97 43 08 40 40 23 f0 01
INFO - 97 45 08 08 40 28 4e 13
INFO - 97 45 48 20 40 27 fd ff
INFO - 97 45 88 40 40 20 04 fc
INFO - 97 47 88 08 40 28 4e 13
INFO - 97 47 c8 20 40 27 fd ff
INFO - 97 47 08 40 40 23 f0 01
INFO - 97 49 08 08 40 28 4e 13
INFO - 97 49 48 20 40 27 fd ff
INFO - 97 49 88 40 40 20 04 fc
INFO - 97 4b 88 08 40 28 4e 13
INFO - 97 4b c8 20 40 27 fd ff
INFO - 97 4b 08 40 40 23 f0 fd
INFO - 97 4d 08 08 40 28 4e 13
INFO - 97 4d 48 20 40 27 fd ff
INFO - 97 4d 88 40 40 23 f4 01
INFO - 97 4f 88 08 40 28 4e 13
INFO - 97 4f c8 20 40 27 fe 01
INFO - 97 4f 08 40 40 20 04 fc
INFO - 97 51 08 08 40 28 4e 13
INFO - 97 51 48 20 40 28 06 01
INFO - 97 51 88 40 40 23 f0 00
INFO - 97 53 88 08 40 28 4e 13
INFO - 97 53 c8 20 40 28 06 03
INFO - 97 53 08 40 40 20 00 01
INFO - 97 55 08 08 40 28 4e 13
INFO - 97 55 48 20 40 28 0e 01
INFO - 97 55 88 40 40 20 04 fc
INFO - 97 57 88 08 40 28 4d fa
INFO - 97 57 c8 20 40 28 06 01
INFO - 97 57 08 40 40 23 f0 fd
INFO - 97 59 08 08 40 27 e9 ed
INFO - 97 59 48 20 40 28 06 01
INFO - 97 59 88 40 40 23 f4 01
INFO - 97 5b 88 08 40 27 b5 eb
INFO - 97 5b c8 20 40 28 05 ff
INFO - 97 5b 08 40 40 20 04 fc
INFO - 97 5d 08 08 40 27 ad eb
INFO - 97 5d 48 20 40 27 fd ff
INFO - 97 5d 88 40 40 23 f0 01
INFO - 97 5f 88 08 40 27 ad eb
INFO - 97 5f c8 20 40 27 fd ff
INFO - 97 5f 08 40 40 20 04 fc
INFO - 97 61 08 08 40 27 ad eb
INFO - 97 61 48 20 40 27 fd ff
INFO - 97 61 88 40 40 23 f0 00
INFO - 97 63 88 08 40 27 ad eb
INFO - 97 63 c8 20 40 27 fd ff
INFO - 97 63 08 40 40 20 00 01
INFO - 97 65 08 08 40 27 ad eb
INFO - 97 65 48 20 40 27 fd ff
INFO - 97 65 88 40 40 20 04 fc
INFO - 97 67 88 08 40 27 ad eb
INFO - 97 67 c8 20 40 27 fd ff
INFO - 97 67 08 40 40 23 f0 00
INFO - 97 69 08 08 40 27 ad eb
INFO - 97 69 48 20 40 27 fd ff
INFO - 97 69 88 40 40 20 00 01
INFO - 97 6b 88 08 40 27 ad fc
INFO - 97 6b c8 20 40 27 fd ff
INFO - 97 6b 08 40 40 20 04 fc
INFO - 97 6d 08 08 40 27 f1 ff
INFO - 97 6d 48 20 40 27 fd ff
INFO - 97 6d 88 40 40 23 f0 fd
INFO - 97 6f 88 08 40 27 fd ff
INFO - 97 6f c8 20 40 27 fd ff
INFO - 97 6f 08 40 40 23 f4 01
INFO - 97 71 08 08 40 27 fd ff
INFO - 97 71 48 20 40 27 fd ff
INFO - 97 71 88 40 40 20 04 fc
INFO - 97 73 88 08 40 27 fd ff
INFO - 97 73 c8 20 40 27 fd ff
INFO - 97 73 08 40 40 23 f0 01
INFO - 97 75 08 08 40 27 fd f8
INFO - 97 75 48 20 40 27 fd ff
INFO - 97 75 88 40 40 20 04 fc
INFO - 97 77 88 08 40 27 e1 f6
INFO - 97 77 c8 20 40 27 fd ff
INFO - 97 77 08 40 40 23 f0 00
INFO - 97 79 08 08 40 27 d9 f6
INFO - 97 79 48 20 40 27 fd ff
INFO - 97 79 88 40 40 20 00 01
INFO - 97 7b 88 08 40 27 d9 e6
INFO - 97 7b c8 20 40 27 fd ff
INFO - 97 7b 08 40 40 20 04 fc
INFO - 97 7d 08 08 40 27 99 e2
INFO - 97 7d 48 20 40 27 fe 01
INFO - 97 7d 88 40 40 23 f0 00
INFO - 97 7f 88 08 40 27 89 e2
INFO - 97 7f c8 20 40 28 05 ff
INFO - 97 7f 08 40 40 20 00 01
INFO - 97 81 08 08 40 27 89 e2
INFO - 97 81 48 20 40 27 fd ff
INFO - 97 81 88 40 40 20 04 fc
INFO - 97 83 88 08 40 27 89 e2
INFO - 97 83 c8 20 40 27 fd ff
INFO - 97 83 08 40 40 23 f0 fd
INFO - 97 85 08 08 40 27 89 e2
INFO - 97 85 48 20 40 27 fd ff
INFO - 97 85 88 40 40 23 f4 01
INFO - 97 87 88 08 40 37 89 e2
INFO - 97 87 c8 20 40 37 fd ff
INFO - 97 87 08 40 40 30 04 fc
INFO - 97 8a 08 08 40 17 89 e2
INFO - 97 8a 48 20 40 17 fe 01
INFO - 97 8a 88 40 40 13 f0 fd
INFO - 97 8b 88 08 40 37 89 e2
INFO - 97 8b c8 20 40 38 05 ff
INFO - 97 8b 08 40 40 33 f4 01
INFO - 97 8e 08 08 40 17 89 e2
INFO - 97 8e 48 20 40 17 fd ff
INFO - 97 8e 88 40 40 10 04 fc
INFO - 97 8f 88 08 40 37 89 e2
INFO - 97 8f c8 20 40 37 fd ff
INFO - 97 8f 08 40 40 33 f0 01
INFO - 97 92 08 08 40 17 89 e2
INFO - 97 92 48 20 40 17 fd fd
INFO - 97 92 88 40 40 10 04 fc
INFO - 97 93 88 08 40 37 8a 1c
INFO - 97 93 c8 20 40 37 f5 fd
INFO - 97 93 08 40 40 33 f0 00
INFO - 97 96 08 08 40 18 72 30
INFO - 97 96 48 20 40 17 f5 fd
INFO - 97 96 88 40 40 10 00 01
INFO - 97 97 88 08 40 38 c2 16
INFO - 97 97 c8 20 40 37 f5 fd
INFO - 97 97 08 40 40 30 04 fc
INFO - 97 9a 08 08 40 18 5a 0e
INFO - 97 9a 48 20 40 17 f5 ff
INFO - 97 9a 88 40 40 13 f0 fd
INFO - 97 9b 88 08 40 38 3a 0e
INFO - 97 9b c8 20 40 37 fd ff
INFO - 97 9b 08 40 40 33 f4 01
INFO - 97 9e 08 08 40 18 3a 0e
INFO - 97 9e 48 20 40 17 fd ff
INFO - 97 9e 88 40 40 10 04 fc
INFO - 97 9f 88 08 40 38 3a 0e
INFO - 97 9f c8 20 40 37 fd ff
INFO - 97 9f 08 40 40 33 f0 01
INFO - 97 a2 08 08 40 18 3a 0e
INFO - 97 a2 48 20 40 17 fd ff
INFO - 97 a2 88 40 40 10 04 fc
INFO - 97 a3 88 08 40 28 3a 0e
INFO - 97 a3 c8 20 40 27 fd ff
INFO - 97 a3 08 40 40 23 f0 00
INFO - 97 a5 08 08 40 28 3a 0e
INFO - 97 a5 48 20 40 27 fd ff
INFO - 97 a5 88 40 40 20 00 01
INFO - 97 a7 88 08 40 38 3a 0e
INFO - 97 a7 c8 20 40 37 fd ff
INFO - 97 a7 08 40 40 30 04 fc
INFO - 97 aa 08 08 40 18 3a 0e
INFO - 97 aa 48 20 40 17 fd ff
INFO - 97 aa 88 40 40 13 f0 00
INFO - 97 ab 88 08 40 28 3a 0e
INFO - 97 ab c8 20 40 27 fd ff
INFO - 97 ab 08 40 40 20 00 00
INFO - 97 ad 08 08 40 28 3a 0e
INFO - 97 ad 48 20 40 27 fd ff
INFO - 97 ad 88 40 40 20 00 fd
INFO - 97 af 88 08 40 38 3a 0e
INFO - 97 af c8 20 40 37 fd ff
INFO - 97 af 08 40 40 33 f4 01
INFO - 97 b2 08 08 40 28 3a 0d
INFO - 97 b2 48 20 40 27 fd ff
INFO - 97 b2 88 40 40 20 04 fb
INFO - 97 b4 88 08 40 28 36 0c
INFO - 97 b4 c8 20 40 27 fd fd
INFO - 97 b4 08 40 40 23 ec 01
INFO - 97 b6 08 08 40 38 32 0c
INFO - 97 b6 48 20 40 37 f5 fd
INFO - 97 b6 88 40 40 30 04 fd
INFO - 97 b9 88 08 40 28 32 0c
INFO - 97 b9 c8 20 40 27 f5 fd
INFO - 97 b9 08 40 40 23 f4 00
INFO - 97 bb 08 08 40 38 32 0c
INFO - 97 bb 48 20 40 37 f5 ff
INFO - 97 bb 88 40 40 30 00 fd
INFO - 97 be 88 08 40 38 32 0c
INFO - 97 be c8 20 40 37 fd ff
INFO - 97 be 08 40 40 33 f4 01
INFO - 97 c1 08 08 40 38 32 0c
INFO - 97 c1 48 20 40 37 fe 01
INFO - 97 c1 88 40 40 30 04 fd
INFO - 97 c4 88 08 40 38 32 0c
INFO - 97 c4 c8 20 40 38 06 01
INFO - 97 c4 08 40 40 33 f4 00
INFO - 97 c7 08 08 40 18 32 0c
INFO - 97 c7 48 20 40 18 06 01
INFO - 97 c7 88 40 40 10 00 00
INFO - 97 c8 88 08 40 28 32 0c
INFO - 97 c8 c8 20 40 28 05 ff
INFO - 97 c8 08 40 40 20 00 fc
INFO - 97 ca 08 08 40 18 32 0c
INFO - 97 ca 48 20 40 17 fd ff
INFO - 97 ca 88 40 40 13 f0 00
INFO - 97 cb 88 08 40 28 32 0c
INFO - 97 cb c8 20 40 27 fd ff
INFO - 97 cb 08 40 40 20 00 01
INFO - 97 cd 08 08 40 28 32 0c
INFO - 97 cd 48 20 40 27 fd ff
INFO - 97 cd 88 40 40 20 04 fc
INFO - 97 cf 88 08 40 18 32 0c
INFO - 97 cf c8 20 40 17 fd fd
INFO - 97 cf 08 40 40 13 f0 00
INFO - 97 d0 08 08 40 28 32 0c
INFO - 97 d0 48 20 40 27 f5 fd
INFO - 97 d0 88 40 40 20 00 00
INFO - 97 d2 88 08 40 28 32 01
INFO - 97 d2 c8 20 40 27 f5 fd
INFO - 97 d2 08 40 40 20 00 01
INFO - 97 d4 08 08 40 18 05 f8
INFO - 97 d4 48 20 40 17 f5 fb
INFO - 97 d4 88 40 40 10 04 fc
INFO - 97 d5 88 08 40 27 e1 f8
INFO - 97 d5 c8 20 40 27 ed fb
INFO - 97 d5 08 40 40 23 f0 00
INFO - 97 d7 08 08 40 27 e1 f8
INFO - 97 d7 48 20 40 27 ed fd
INFO - 97 d7 88 40 40 20 00 fd
INFO - 97 d9 88 08 40 17 e1 f8
INFO - 97 d9 c8 20 40 17 f5 fd
INFO - 97 d9 08 40 40 13 f4 00
INFO - 97 da 08 08 40 27 e1 f8
INFO - 97 da 48 20 40 27 f5 fd
INFO - 97 da 88 40 40 20 00 00
INFO - 97 dc 88 08 40 27 e1 f8
INFO - 97 dc c8 20 40 27 f5 fd
INFO - 97 dc 08 40 40 20 00 00
INFO - 97 de 08 08 40 17 e1 f8
INFO - 97 de 48 20 40 17 f5 fd
INFO - 97 de 88 40 40 10 00 00
INFO - 97 df 88 08 40 27 e1 f8
INFO - 97 df c8 20 40 27 f5 fd
INFO - 97 df 08 40 40 20 00 00
INFO - 97 e1 08 08 40 27 e1 f8
INFO - 97 e1 48 20 40 27 f5 fd
INFO - 97 e1 88 40 40 20 00 00
INFO - 97 e3 88 08 40 27 e1 f8
INFO - 97 e3 c8 20 40 27 f5 fd
INFO - 97 e3 08 40 40 20 00 fd
INFO - 97 e5 08 08 40 17 e1 f8
INFO - 97 e5 48 20 40 17 f5 fd
INFO - 97 e5 88 40 40 13 f4 00
INFO - 97 e6 88 08 40 27 e1 f8
INFO - 97 e6 c8 20 40 27 f5 fd
INFO - 97 e6 08 40 40 20 00 00
INFO - 97 e8 08 08 40 27 e1 f8
INFO - 97 e8 48 20 40 27 f5 fd
INFO - 97 e8 88 40 40 20 00 fd
INFO - 97 ea 88 08 40 17 e1 f8
INFO - 97 ea c8 20 40 17 f5 fd
INFO - 97 ea 08 40 40 13 f4 00
INFO - 97 eb 08 08 40 27 e1 ed
INFO - 97 eb 48 20 40 27 f5 fd
INFO - 97 eb 88 40 40 20 00 00
INFO - 97 ed 88 08 40 27 b5 f2
INFO - 97 ed c8 20 40 27 f5 fd
INFO - 97 ed 08 40 40 20 00 fd
INFO - 97 ef 08 08 40 27 c9 f2
INFO - 97 ef 48 20 40 27 f5 fd
INFO - 97 ef 88 40 40 23 f4 00
INFO - 97 f1 88 08 40 17 c9 ef
INFO - 97 f1 c8 20 40 17 f5 fb
INFO - 97 f1 08 40 40 10 00 fd
INFO - 97 f2 08 08 40 27 bd ec
INFO - 97 f2 48 20 40 27 ed fd
INFO - 97 f2 88 40 40 23 f4 00
INFO - 97 f4 88 08 40 27 b1 ec
INFO - 97 f4 c8 20 40 27 f5 fd
INFO - 97 f4 08 40 40 20 00 fd
INFO - 97 f6 08 08 40 27 b1 f2
INFO - 97 f6 48 20 40 27 f5 fd
INFO - 97 f6 88 40 40 23 f4 00
INFO - 97 f8 88 08 40 17 c9 f2
INFO - 97 f8 c8 20 40 17 f5 ff
INFO - 97 f8 08 40 40 10 00 fd
INFO - 97 f9 08 08 40 27 c9 f2
INFO - 97 f9 48 20 40 27 fd ff
INFO - 97 f9 88 40 40 23 f4 00
INFO - 97 fb 88 08 40 27 c9 f2
INFO - 97 fb c8 20 40 27 fd ff
INFO - 97 fb 08 40 40 20 00 00
INFO - 97 fd 08 08 40 17 c9 ee
INFO - 97 fd 48 20 40 17 fd ff
INFO - 97 fd 88 40 40 10 00 00
INFO - 97 fe 88 08 40 27 b9 f1
INFO - 97 fe c8 20 40 27 fd ff
INFO - 97 fe 08 40 40 20 00 00
INFO - 98 00 08 08 40 27 c5 f2
INFO - 98 00 48 20 40 27 fd fd
INFO - 98 00 88 40 40 20 00 00
INFO - 98 02 88 08 40 27 c9 f2
INFO - 98 02 c8 20 40 27 f5 fd
INFO - 98 02 08 40 40 20 00 00
INFO - 98 04 08 08 40 17 c9 f2
INFO - 98 04 48 20 40 17 f5 fd
INFO - 98 04 88 40 40 10 00 01
INFO - 98 05 88 08 40 27 c9 f2
INFO - 98 05 c8 20 40 27 f5 fd
INFO - 98 05 08 40 40 20 04 fc
INFO - 98 07 08 08 40 07 c9 f2
INFO - 98 07 48 20 40 07 f5 fd
INFO - 98 07 88 40 40 03 f0 45
