INFO - 40 00 49 00 f9 41 00 23
INFO - 41 47 89 00 f9 41 00 23
INFO - 42 e9 c9 00 f9 41 00 23
INFO - 43 63 09 00 f9 41 00 23
INFO - 44 72 49 00 f9 41 00 23
INFO - 45 64 89 00 f9 51 00 20
INFO - 45 b5 c9 00 f9 41 00 24
INFO - 46 38 09 00 f9 51 00 20
INFO - 46 4a 49 00 f9 51 00 20
INFO - 46 57 89 00 f9 41 00 23
INFO - 46 6d c9 00 f9 41 00 23
INFO - 47 09 09 00 f9 41 00 23
INFO - 48 b8 49 00 f9 41 00 23
INFO - 48 e9 89 00 f9 51 00 20
INFO - 49 08 c9 00 f9 51 00 20
INFO - 49 21 09 00 f9 41 00 24
INFO - 49 51 49 00 f9 41 00 24
INFO - 4a f0 89 00 f9 41 00 24
INFO - 4c ea c9 00 f9 41 00 24
INFO - 4d 6b 09 00 f9 41 00 24
INFO - 4e 06 49 00 f9 51 00 20
INFO - 4e 17 89 00 f9 51 00 20
INFO - 4e 28 c9 00 f9 41 00 23
INFO - 4e aa 09 00 f9 41 00 23
INFO - 4f 40 49 00 f9 51 00 20
INFO - 4f 97 89 00 f9 41 00 24
INFO - 50 4c c9 00 f9 51 00 20
INFO - 50 5c 09 00 f9 51 00 20
INFO - 50 6b 49 00 f9 41 00 23
INFO - 50 e3 89 00 f9 41 00 23
INFO - 51 53 c9 00 f9 41 00 23
INFO - 53 3d 09 00 f9 41 00 23
INFO - 53 9e 49 00 f9 41 00 23
INFO - 54 02 89 00 f9 51 00 20
INFO - 54 12 c9 00 f9 51 00 20
INFO - 54 25 09 00 f9 41 00 24
INFO - 54 87 49 00 f9 51 00 20
INFO - 54 d2 89 00 f9 41 00 23
INFO - 55 3b c9 00 f9 41 00 23
