INFO - 20 00 48 3c 00 0a 40 00
INFO - 23 83 88 3c 00 0b fe 00
INFO - 23 8d c8 3c 00 0a 90 00
INFO - 23 8d 08 3c 00 0a 90 00
INFO - 23 93 48 3c 00 0a c2 00
INFO - 23 93 88 3c 00 0a c2 00
INFO - 23 95 c8 3c 00 0a 7f 00
INFO - 23 95 08 3c 00 0a 7f 00
INFO - 23 95 48 3c 00 0a 7f 00
INFO - 23 9b 88 3c 00 0a a1 00
INFO - 23 9e c8 3c 00 0a d7 00
INFO - 23 9e 08 3c 00 0a d7 00
INFO - 23 9e 48 3c 00 0a d7 00
INFO - 23 a4 88 3c 00 0a a2 00
INFO - 23 a4 c8 3c 00 0a a2 00
INFO - 23 a7 08 3c 00 0a 90 00
INFO - 23 a7 48 3c 00 0a 90 00
INFO - 23 a7 88 3c 00 0a 90 00
INFO - 23 a7 c8 3c 00 0a 90 00
INFO - 23 af 08 3c 00 0a a5 00
INFO - 23 af 48 3c 00 0a a5 00
INFO - 23 b3 88 3c 00 0a 96 00
INFO - 23 b3 c8 3c 00 0a 96 00
INFO - 23 b3 08 3c 00 0a 96 00
INFO - 23 b9 48 3c 00 0a a5 00
INFO - 23 bb 88 3c 00 0a c4 00
INFO - 23 bb c8 3c 00 0a c4 00
INFO - 23 bf 08 3c 00 0a 9c 00
INFO - 23 c2 48 3c 00 0a b6 00
INFO - 23 c4 88 3c 00 0a ba 00
INFO - 23 c5 c8 3c 00 0a 80 00
INFO - 23 c5 08 3c 00 0a 80 00
INFO - 23 c9 48 3c 00 0a 9c 00
INFO - 23 cc 88 3c 00 0a b9 00
INFO - 23 ce c8 3c 00 0a 87 00
INFO - 23 ce 08 3c 00 0a 87 00
INFO - 23 d4 48 3c 00 0a d8 00
INFO - 23 d7 88 3c 00 0a eb 00
INFO - 23 da c8 3c 00 0a c5 00
INFO - 23 dc 08 3c 00 0a b9 00
INFO - 23 de 48 3c 00 0a 9a 00
INFO - 23 e1 88 3c 00 0a b1 00
INFO - 23 e3 c8 3c 00 0a a7 00
INFO - 23 e4 08 3c 00 0a 95 00
INFO - 23 e6 48 3c 00 0a 9f 00
INFO - 23 e8 88 3c 00 0a 9a 00
INFO - 23 ea c8 3c 00 0a aa 00
INFO - 23 ec 08 3c 00 0a b1 00
INFO - 23 ef 48 3c 00 0a b0 00
INFO - 23 f0 88 3c 00 0a 95 00
INFO - 23 f2 c8 3c 00 0a a5 00
INFO - 23 f4 08 3c 00 0a 96 00
INFO - 23 f6 48 3c 00 0a 91 00
INFO - 23 f9 88 3c 00 0a d0 00
INFO - 23 fb c8 3c 00 0a b6 00
INFO - 23 fd 08 3c 00 0a 90 00
INFO - 23 ff 48 3c 00 0a a9 00
INFO - 24 01 88 3c 00 0a 9f 00
INFO - 24 02 c8 3c 00 0a 88 00
INFO - 24 05 08 3c 00 0a e5 00
INFO - 24 0a 48 3c 00 0b 1f 00
INFO - 24 0c 88 3c 00 0a ab 00
INFO - 24 0e c8 3c 00 0a 85 00
INFO - 24 1d 08 3c 00 0a b0 00
INFO - 24 1e 48 3c 00 0a 8b 00
INFO - 24 21 88 3c 00 0a d5 00
INFO - 24 23 c8 3c 00 0a a8 00
INFO - 24 25 08 3c 00 0a 81 00
INFO - 24 28 48 3c 00 0a d1 00
INFO - 24 2a 88 3c 00 0a b9 00
INFO - 24 2c c8 3c 00 0a a5 00
INFO - 24 31 08 3c 00 0b 33 00
INFO - 24 33 48 3c 00 0a 94 00
INFO - 24 34 88 3c 00 0a 95 00
INFO - 24 36 c8 3c 00 0a 95 00
INFO - 24 38 08 3c 00 0a ab 00
INFO - 24 3b 48 3c 00 0a b5 00
INFO - 24 3c 88 3c 00 0a 80 00
INFO - 24 3e c8 3c 00 0a 96 00
INFO - 24 3f 08 3c 00 0a a0 00
INFO - 24 41 48 3c 00 0a 96 00
INFO - 24 43 88 3c 00 0a a0 00
INFO - 24 45 c8 3c 00 0a 8b 00
INFO - 24 47 08 3c 00 0a a1 00
INFO - 24 49 48 3c 00 0a a0 00
INFO - 24 4a 88 3c 00 0a 8b 00
INFO - 24 4c c8 3c 00 0a a1 00
INFO - 24 4e 08 3c 00 0a ab 00
INFO - 24 50 48 3c 00 0a a1 00
INFO - 24 52 88 3c 00 0a b7 00
INFO - 24 56 c8 3c 00 0a c3 00
INFO - 24 58 08 3c 00 0a 8a 00
INFO - 24 67 48 3c 00 0a b1 00
INFO - 24 69 88 3c 00 0a ad 00
INFO - 24 6b c8 3c 00 0a a2 00
INFO - 24 6c 08 3c 00 0a 72 00
INFO - 24 6e 48 3c 00 0a 9b 00
INFO - 24 70 88 3c 00 0a 9d 00
INFO - 24 72 c8 3c 00 0a a6 00
INFO - 24 74 08 3c 00 0a 96 00
INFO - 24 76 48 3c 00 0a 97 00
INFO - 24 78 88 3c 00 0a 9e 00
INFO - 24 7a c8 3c 00 0a a5 00
INFO - 24 7c 08 3c 00 0a b5 00
INFO - 24 7e 48 3c 00 0a af 00
INFO - 24 81 88 3c 00 0a b8 00
INFO - 24 85 c8 3c 00 0b 0e 00
INFO - 24 87 08 3c 00 0a b4 00
INFO - 24 89 48 3c 00 0a b0 00
INFO - 24 8d 88 3c 00 0b 0a 00
INFO - 24 90 c8 3c 00 0a c5 00
INFO - 24 92 08 3c 00 0a 9f 00
INFO - 24 95 48 3c 00 0a c3 00
INFO - 24 97 88 3c 00 0a 9f 00
INFO - 24 98 c8 3c 00 0a 98 00
INFO - 24 9b 08 3c 00 0a d7 00
INFO - 24 9d 48 3c 00 0a 89 00
INFO - 24 9f 88 3c 00 0a c3 00
INFO - 24 a1 c8 3c 00 0a 80 00
INFO - 24 b0 08 3c 00 0a ae 00
INFO - 24 b2 48 3c 00 0a a3 00
INFO - 24 b4 88 3c 00 0a aa 00
INFO - 24 b5 c8 3c 00 0a 80 00
INFO - 24 b8 08 3c 00 0a c0 00
INFO - 24 bb 48 3c 00 0a d6 00
INFO - 24 bd 88 3c 00 0a 9d 00
INFO - 24 bf c8 3c 00 0a c2 00
INFO - 24 c2 08 3c 00 0a bd 00
INFO - 24 c5 48 3c 00 0a d9 00
INFO - 24 c7 88 3c 00 0a 96 00
INFO - 24 c9 c8 3c 00 0a bd 00
INFO - 24 cc 08 3c 00 0a c0 00
INFO - 24 cf 48 3c 00 0a cc 00
INFO - 24 d0 88 3c 00 0a 95 00
INFO - 24 d2 c8 3c 00 0a 87 00
INFO - 24 d4 08 3c 00 0a b8 00
INFO - 24 d6 48 3c 00 0a 9f 00
INFO - 24 d8 88 3c 00 0a 8a 00
INFO - 24 da c8 3c 00 0a c9 00
INFO - 24 dc 08 3c 00 0a 9d 00
INFO - 24 de 48 3c 00 0a ac 00
INFO - 24 e0 88 3c 00 0a 9d 00
INFO - 24 e2 c8 3c 00 0a ac 00
INFO - 24 e5 08 3c 00 0a a9 00
INFO - 24 e7 48 3c 00 0a a6 00
INFO - 24 e9 88 3c 00 0a a1 00
INFO - 24 eb c8 3c 00 0a a8 00
INFO - 24 ec 08 3c 00 0a 64 00
INFO - 24 ef 48 3c 00 0a c0 00
INFO - 24 f4 88 3c 00 0b 03 00
INFO - 25 00 c8 3c 00 0a 9b 00
INFO - 25 03 08 3c 00 0a a6 00
INFO - 25 04 48 3c 00 0a a1 00
INFO - 25 06 88 3c 00 0a 91 00
INFO - 25 08 c8 3c 00 0a 89 00
INFO - 25 0a 08 3c 00 0a a1 00
INFO - 25 0c 48 3c 00 0a a9 00
INFO - 25 0e 88 3c 00 0a 9c 00
INFO - 25 0f c8 3c 00 0a 8c 00
INFO - 25 11 08 3c 00 0a 94 00
INFO - 25 12 48 3c 00 0a 7c 00
INFO - 25 14 88 3c 00 0a ab 00
INFO - 25 16 c8 3c 00 0a aa 00
INFO - 25 19 08 3c 00 0a b1 00
INFO - 25 1c 48 3c 00 0a d6 00
INFO - 25 1e 88 3c 00 0a b4 00
INFO - 25 20 c8 3c 00 0a 9e 00
INFO - 25 23 08 3c 00 0a c7 00
INFO - 25 28 48 3c 00 0b 48 00
INFO - 25 2a 88 3c 00 0a b6 00
INFO - 25 2c c8 3c 00 0a aa 00
INFO - 25 2e 08 3c 00 0a 88 00
INFO - 25 30 48 3c 00 0a b6 00
INFO - 25 33 88 3c 00 0a c7 00
INFO - 25 35 c8 3c 00 0a a1 00
INFO - 25 37 08 3c 00 0a b4 00
INFO - 25 39 48 3c 00 0a 9e 00
INFO - 25 3b 88 3c 00 0a 8c 00
INFO - 25 3d c8 3c 00 0a b5 00
INFO - 25 3f 08 3c 00 0a 9e 00
INFO - 25 41 48 3c 00 0a 98 00
INFO - 25 43 88 3c 00 0a b6 00
INFO - 25 46 c8 3c 00 0a cb 00
INFO - 25 48 08 3c 00 0a a0 00
INFO - 25 4a 48 3c 00 0a ac 00
INFO - 25 4c 88 3c 00 0a b7 00
INFO - 25 4e c8 3c 00 0a 94 00
INFO - 25 51 08 3c 00 0a cf 00
INFO - 25 52 48 3c 00 0a 8c 00
INFO - 25 56 88 3c 00 0a e3 00
INFO - 25 58 c8 3c 00 0a c1 00
INFO - 25 5b 08 3c 00 0a d0 00
INFO - 25 5f 48 3c 00 0a ee 00
INFO - 25 60 88 3c 00 0a 79 00
INFO - 25 64 c8 3c 00 0b 0f 00
INFO - 25 67 08 3c 00 0a bc 00
INFO - 25 68 48 3c 00 0a 8a 00
INFO - 25 6b 88 3c 00 0a ba 00
INFO - 25 6c c8 3c 00 0a 84 00
INFO - 25 6e 08 3c 00 0a 7c 00
INFO - 25 7d 48 3c 00 0a ab 00
INFO - 25 7f 88 3c 00 0a a4 00
INFO - 25 81 c8 3c 00 0a 92 00
INFO - 25 83 08 3c 00 0a b2 00
INFO - 25 85 48 3c 00 0a 78 00
INFO - 25 87 88 3c 00 0a a9 00
INFO - 25 8a c8 3c 00 0a e2 00
INFO - 25 8d 08 3c 00 0a d6 00
INFO - 25 90 48 3c 00 0a d7 00
INFO - 25 92 88 3c 00 0a a7 00
INFO - 25 94 c8 3c 00 0a 92 00
INFO - 25 96 08 3c 00 0a b7 00
INFO - 25 98 48 3c 00 0a 9c 00
INFO - 25 9b 88 3c 00 0a e6 00
INFO - 25 9d c8 3c 00 0a ab 00
INFO - 25 a1 08 3c 00 0a da 00
INFO - 25 a3 48 3c 00 0a ab 00
INFO - 25 a5 88 3c 00 0a a0 00
INFO - 25 a8 c8 3c 00 0a cf 00
INFO - 25 ab 08 3c 00 0a e8 00
INFO - 25 ae 48 3c 00 0a d0 00
INFO - 25 b0 88 3c 00 0a a1 00
INFO - 25 b2 c8 3c 00 0a 95 00
INFO - 25 b3 08 3c 00 0a 96 00
INFO - 25 b6 48 3c 00 0a d2 00
INFO - 25 bb 88 3c 00 0b 08 00
INFO - 25 be c8 3c 00 0a b3 00
INFO - 25 d1 08 3c 00 0a d2 00
INFO - 25 d3 48 3c 00 0a a7 00
INFO - 25 d5 88 3c 00 0a af 00
INFO - 25 d7 c8 3c 00 0a b3 00
INFO - 25 db 08 3c 00 0a fb 00
INFO - 25 dd 48 3c 00 0a a6 00
INFO - 25 df 88 3c 00 0a a3 00
INFO - 25 e2 c8 3c 00 0a b3 00
INFO - 25 e5 08 3c 00 0a 8b 00
INFO - 25 e9 48 3c 00 0a de 00
INFO - 25 ec 88 3c 00 0a b1 00
INFO - 25 ee c8 3c 00 0a a7 00
INFO - 25 f0 08 3c 00 0a bf 00
INFO - 25 f2 48 3c 00 0a a6 00
INFO - 25 f5 88 3c 00 0a ca 00
INFO - 25 f7 c8 3c 00 0a a8 00
INFO - 25 fa 08 3c 00 0a d9 00
INFO - 25 fc 48 3c 00 0a a7 00
INFO - 26 00 88 3c 00 0a d8 00
INFO - 26 03 c8 3c 00 0a dc 00
INFO - 26 05 08 3c 00 0a be 00
INFO - 26 08 48 3c 00 0a b6 00
INFO - 26 0a 88 3c 00 0a cc 00
INFO - 26 0e c8 3c 00 0a dc 00
INFO - 26 10 08 3c 00 0a be 00
INFO - 26 12 48 3c 00 0a b6 00
INFO - 26 15 88 3c 00 0a a6 00
INFO - 26 18 c8 3c 00 0a db 00
INFO - 26 1c 08 3c 00 0a ff 00
INFO - 26 1e 48 3c 00 0a b5 00
INFO - 26 20 88 3c 00 0a 98 00
INFO - 26 23 c8 3c 00 0a 94 00
INFO - 26 25 08 3c 00 0a 98 00
INFO - 26 2b 48 3c 00 0b 10 00
INFO - 26 3c 88 3c 00 0a b9 00
INFO - 26 3e c8 3c 00 0a 74 00
INFO - 26 40 08 3c 00 0a a5 00
INFO - 26 41 48 3c 00 0a 9b 00
INFO - 26 44 88 3c 00 0a a7 00
INFO - 26 46 c8 3c 00 0a b3 00
INFO - 26 49 08 3c 00 0a e8 00
INFO - 26 4c 48 3c 00 0a bf 00
INFO - 26 4e 88 3c 00 0a b5 00
INFO - 26 52 c8 3c 00 0a e7 00
INFO - 26 55 08 3c 00 0a ff 00
INFO - 26 58 48 3c 00 0a b6 00
INFO - 26 5e 88 3c 00 0b 5b 00
INFO - 26 60 c8 3c 00 0a cd 00
INFO - 26 62 08 3c 00 0a 9b 00
INFO - 26 65 48 3c 00 0a ce 00
INFO - 26 67 88 3c 00 0a aa 00
INFO - 26 6c c8 3c 00 0b 35 00
INFO - 26 6f 08 3c 00 0a c2 00
INFO - 26 72 48 3c 00 0a d0 00
INFO - 26 74 88 3c 00 0a 9b 00
INFO - 26 76 c8 3c 00 0a c0 00
INFO - 26 78 08 3c 00 0a aa 00
INFO - 26 7b 48 3c 00 0a b5 00
INFO - 26 7d 88 3c 00 0a ce 00
INFO - 26 81 c8 3c 00 0a db 00
INFO - 26 83 08 3c 00 0a b3 00
INFO - 26 86 48 3c 00 0a dd 00
INFO - 26 89 88 3c 00 0a c0 00
INFO - 26 8c c8 3c 00 0a cf 00
INFO - 26 8d 08 3c 00 0a 9b 00
INFO - 26 91 48 3c 00 0a e8 00
INFO - 26 94 88 3c 00 0a cc 00
INFO - 26 96 c8 3c 00 0a d0 00
INFO - 26 99 08 3c 00 0a a5 00
INFO - 26 9b 48 3c 00 0a a4 00
INFO - 26 af 88 3c 00 0a cb 00
INFO - 26 b1 c8 3c 00 0a c1 00
INFO - 26 b4 08 3c 00 0a be 00
INFO - 26 b6 48 3c 00 0a 9c 00
INFO - 26 b7 88 3c 00 0a 71 00
INFO - 26 ba c8 3c 00 0a f5 00
INFO - 26 bc 08 3c 00 0a a6 00
INFO - 26 c0 48 3c 00 0a f3 00
INFO - 26 c3 88 3c 00 0a e7 00
INFO - 26 c5 c8 3c 00 0a a7 00
INFO - 26 ca 08 3c 00 0b 1a 00
INFO - 26 cc 48 3c 00 0a c0 00
INFO - 26 ce 88 3c 00 0a 98 00
INFO - 26 d1 c8 3c 00 0a da 00
INFO - 26 d4 08 3c 00 0a 82 00
INFO - 26 d5 48 3c 00 0a 8d 00
INFO - 26 d9 88 3c 00 0a f5 00
INFO - 26 dc c8 3c 00 0a bf 00
INFO - 26 df 08 3c 00 0a e8 00
INFO - 26 e1 48 3c 00 0a aa 00
INFO - 26 e4 88 3c 00 0a db 00
INFO - 26 e6 c8 3c 00 0a a6 00
INFO - 26 e9 08 3c 00 0a c4 00
INFO - 26 ed 48 3c 00 0b 02 00
INFO - 26 f0 88 3c 00 0a cc 00
INFO - 26 f3 c8 3c 00 0a c7 00
INFO - 26 f5 08 3c 00 0a a8 00
INFO - 26 f7 48 3c 00 0a 9e 00
INFO - 26 fe 88 3c 00 0b 3e 00
INFO - 27 10 c8 3c 00 0a c2 00
INFO - 27 12 08 3c 00 0a b3 00
INFO - 27 15 48 3c 00 0a b8 00
INFO - 27 18 88 3c 00 0a cf 00
INFO - 27 19 c8 3c 00 0a 72 00
INFO - 27 1b 08 3c 00 0a 9d 00
INFO - 27 1f 48 3c 00 0b 1e 00
INFO - 27 23 88 3c 00 0a e8 00
INFO - 27 25 c8 3c 00 0a d1 00
INFO - 27 28 08 3c 00 0a c0 00
INFO - 27 2d 48 3c 00 0b 1f 00
INFO - 27 2e 88 3c 00 0a 99 00
INFO - 27 32 c8 3c 00 0a de 00
INFO - 27 34 08 3c 00 0a c0 00
INFO - 27 36 48 3c 00 0a aa 00
INFO - 27 39 88 3c 00 0a c0 00
INFO - 27 3c c8 3c 00 0a c3 00
INFO - 27 3e 08 3c 00 0a b5 00
INFO - 27 40 48 3c 00 0a 98 00
INFO - 27 43 88 3c 00 0a de 00
INFO - 27 45 c8 3c 00 0a a8 00
INFO - 27 48 08 3c 00 0a bf 00
INFO - 27 4a 48 3c 00 0a cf 00
INFO - 27 4d 88 3c 00 0a c4 00
INFO - 27 4f c8 3c 00 0a a9 00
INFO - 27 52 08 3c 00 0a cf 00
INFO - 27 54 48 3c 00 0a a6 00
INFO - 27 57 88 3c 00 0a 83 00
INFO - 27 59 c8 3c 00 0a b4 00
INFO - 27 61 08 3c 00 0b 37 00
INFO - 27 73 48 3c 00 0a c6 00
INFO - 27 76 88 3c 00 0a 89 00
INFO - 27 79 c8 3c 00 0a c0 00
INFO - 27 7b 08 3c 00 0a b7 00
INFO - 27 7d 48 3c 00 0a a8 00
INFO - 27 80 88 3c 00 0a cd 00
INFO - 27 82 c8 3c 00 0a b7 00
INFO - 27 85 08 3c 00 0a bf 00
INFO - 27 87 48 3c 00 0a b7 00
INFO - 27 89 88 3c 00 0a a7 00
INFO - 27 8d c8 3c 00 0a e8 00
INFO - 27 8f 08 3c 00 0a b4 00
INFO - 27 91 48 3c 00 0a 98 00
INFO - 27 94 88 3c 00 0a dc 00
INFO - 27 98 c8 3c 00 0a ff 00
INFO - 27 9b 08 3c 00 0a c2 00
INFO - 27 9d 48 3c 00 0a b1 00
INFO - 27 9f 88 3c 00 0a b5 00
INFO - 27 a2 c8 3c 00 0a ca 00
INFO - 27 a5 08 3c 00 0a cf 00
INFO - 27 a7 48 3c 00 0a b0 00
INFO - 27 ac 88 3c 00 0b 33 00
INFO - 27 af c8 3c 00 0a b8 00
INFO - 27 b1 08 3c 00 0a ba 00
INFO - 27 b4 48 3c 00 0a cc 00
INFO - 27 b6 88 3c 00 0a a4 00
INFO - 27 b9 c8 3c 00 0a ce 00
INFO - 27 bc 08 3c 00 0a ca 00
INFO - 27 be 48 3c 00 0a cf 00
INFO - 27 c1 88 3c 00 0a be 00
INFO - 27 c4 c8 3c 00 0a c2 00
INFO - 27 c6 08 3c 00 0a a3 00
INFO - 27 ca 48 3c 00 0b 04 00
INFO - 27 cc 88 3c 00 0a cb 00
INFO - 27 cf c8 3c 00 0a b7 00
INFO - 27 d1 08 3c 00 0a 7f 00
INFO - 27 d4 48 3c 00 0a c5 00
INFO - 27 d6 88 3c 00 0a 9a 00
INFO - 27 d9 c8 3c 00 0a e8 00
INFO - 27 dc 08 3c 00 0a d8 00
INFO - 27 df 48 3c 00 0a b8 00
INFO - 27 e1 88 3c 00 0a cb 00
INFO - 27 e4 c8 3c 00 0a ad 00
INFO - 27 e6 08 3c 00 0a cc 00
INFO - 27 ec 48 3c 00 0a bb 00
INFO - 27 ef 88 3c 00 0a c7 00
INFO - 27 f1 c8 3c 00 0a aa 00
INFO - 27 f5 08 3c 00 0b 04 00
INFO - 27 f7 48 3c 00 0a c3 00
INFO - 27 fb 88 3c 00 0a dd 00
INFO - 27 fd c8 3c 00 0a b1 00
INFO - 27 ff 08 3c 00 0a a0 00
INFO - 28 01 48 3c 00 0a b6 00
INFO - 28 04 88 3c 00 0a c4 00
INFO - 28 06 c8 3c 00 0a 96 00
INFO - 28 08 08 3c 00 0a ca 00
INFO - 28 0b 48 3c 00 0a b0 00
INFO - 28 0f 88 3c 00 0b 19 00
INFO - 28 11 c8 3c 00 0a 97 00
INFO - 28 14 08 3c 00 0a d1 00
INFO - 28 16 48 3c 00 0a cb 00
INFO - 28 19 88 3c 00 0a cb 00
INFO - 28 1c c8 3c 00 0a d7 00
INFO - 28 1f 08 3c 00 0a bf 00
INFO - 28 22 48 3c 00 0a ca 00
INFO - 28 25 88 3c 00 0a ed 00
INFO - 28 28 c8 3c 00 0a d9 00
INFO - 28 2b 08 3c 00 0a bd 00
INFO - 28 2e 48 3c 00 0a da 00
INFO - 28 31 88 3c 00 0a cb 00
INFO - 28 34 c8 3c 00 0a d3 00
INFO - 28 36 08 3c 00 0a c6 00
INFO - 28 38 48 3c 00 0a ae 00
INFO - 28 3b 88 3c 00 0a b3 00
INFO - 28 3e c8 3c 00 0a d9 00
INFO - 28 41 08 3c 00 0a cb 00
INFO - 28 43 48 3c 00 0a a5 00
INFO - 28 46 88 3c 00 0a da 00
INFO - 28 49 c8 3c 00 0a cd 00
INFO - 28 4a 08 3c 00 0a 98 00
INFO - 28 4d 48 3c 00 0a b7 00
INFO - 28 4e 88 3c 00 0a 8b 00
INFO - 28 52 c8 3c 00 0a ed 00
INFO - 28 54 08 3c 00 0a bf 00
INFO - 28 57 48 3c 00 0a 76 00
INFO - 28 5a 88 3c 00 0a e0 00
INFO - 28 5d c8 3c 00 0a d9 00
INFO - 28 61 08 3c 00 0b 0e 00
INFO - 28 65 48 3c 00 0a ef 00
INFO - 28 67 88 3c 00 0a cc 00
INFO - 28 6a c8 3c 00 0a c1 00
INFO - 28 6e 08 3c 00 0b 01 00
INFO - 28 71 48 3c 00 0a cc 00
INFO - 28 75 88 3c 00 0b 00 00
INFO - 28 79 c8 3c 00 0b 07 00
INFO - 28 7c 08 3c 00 0a e6 00
INFO - 28 7e 48 3c 00 0a a3 00
INFO - 28 81 88 3c 00 0a cb 00
INFO - 28 84 c8 3c 00 0a df 00
INFO - 28 86 08 3c 00 0a a9 00
INFO - 28 89 48 3c 00 0a bd 00
INFO - 28 8a 88 3c 00 0a 96 00
INFO - 28 8d c8 3c 00 0a b0 00
INFO - 28 8f 08 3c 00 0a cb 00
INFO - 28 91 48 3c 00 0a a0 00
INFO - 28 94 88 3c 00 0a cc 00
INFO - 28 96 c8 3c 00 0a b5 00
INFO - 28 99 08 3c 00 0a af 00
INFO - 28 9b 48 3c 00 0a b0 00
INFO - 28 9e 88 3c 00 0a c9 00
INFO - 28 a1 c8 3c 00 0a e2 00
INFO - 28 a4 08 3c 00 0a e1 00
INFO - 28 a6 48 3c 00 0a aa 00
INFO - 28 a9 88 3c 00 0a bb 00
INFO - 28 ab c8 3c 00 0a be 00
INFO - 28 af 08 3c 00 0a f1 00
INFO - 28 b2 48 3c 00 0a de 00
INFO - 28 b5 88 3c 00 0a c0 00
INFO - 28 b8 c8 3c 00 0a d6 00
INFO - 28 ba 08 3c 00 0a af 00
INFO - 28 bc 48 3c 00 0a 76 00
INFO - 28 bf 88 3c 00 0a bc 00
INFO - 28 c1 c8 3c 00 0a b2 00
INFO - 28 c5 08 3c 00 0b 07 00
INFO - 28 c7 48 3c 00 0a b0 00
INFO - 28 ca 88 3c 00 0a d8 00
INFO - 28 cd c8 3c 00 0a ca 00
INFO - 28 d0 08 3c 00 0a c0 00
INFO - 28 d2 48 3c 00 0a af 00
INFO - 28 d5 88 3c 00 0a c0 00
INFO - 28 d7 c8 3c 00 0a ab 00
INFO - 28 da 08 3c 00 0a c7 00
INFO - 28 dd 48 3c 00 0a df 00
INFO - 28 e0 88 3c 00 0a ac 00
INFO - 28 e3 c8 3c 00 0a d7 00
INFO - 28 e7 08 3c 00 0b 0f 00
INFO - 28 ea 48 3c 00 0a d4 00
INFO - 28 ec 88 3c 00 0a b8 00
INFO - 28 f0 c8 3c 00 0a ec 00
INFO - 28 f4 08 3c 00 0a a9 00
INFO - 28 f6 48 3c 00 0a a5 00
INFO - 28 f9 88 3c 00 0a cd 00
INFO - 28 fb c8 3c 00 0a a3 00
INFO - 28 ff 08 3c 00 0a f6 00
INFO - 29 01 48 3c 00 0a 95 00
INFO - 29 04 88 3c 00 0b 03 00
INFO - 29 06 c8 3c 00 0a 98 00
INFO - 29 08 08 3c 00 0a 97 00
INFO - 29 0a 48 3c 00 0a b3 00
INFO - 29 0c 88 3c 00 0a a4 00
INFO - 29 0f c8 3c 00 0a ba 00
INFO - 29 11 08 3c 00 0a a3 00
INFO - 29 13 48 3c 00 0a c0 00
INFO - 29 16 88 3c 00 0a bf 00
INFO - 29 19 c8 3c 00 0a ef 00
INFO - 29 1d 08 3c 00 0a e9 00
INFO - 29 20 48 3c 00 0a cb 00
INFO - 29 22 88 3c 00 0a b1 00
INFO - 29 25 c8 3c 00 0a e8 00
INFO - 29 29 08 3c 00 0a e8 00
INFO - 29 30 48 3c 00 0b 91 00
INFO - 29 33 88 3c 00 0a ef 00
INFO - 29 36 c8 3c 00 0a ca 00
INFO - 29 38 08 3c 00 0a ab 00
INFO - 29 3b 48 3c 00 0a dd 00
INFO - 29 3e 88 3c 00 0a d2 00
INFO - 29 41 c8 3c 00 0a de 00
INFO - 29 45 08 3c 00 0a 8f 00
INFO - 29 46 48 3c 00 0a 89 00
INFO - 29 49 88 3c 00 0a ca 00
INFO - 29 4b c8 3c 00 0a b3 00
INFO - 29 4d 08 3c 00 0a ad 00
INFO - 29 51 48 3c 00 0a e1 00
INFO - 29 54 88 3c 00 0a d7 00
INFO - 29 56 c8 3c 00 0a c9 00
INFO - 29 59 08 3c 00 0a bb 00
INFO - 29 5b 48 3c 00 0a ae 00
INFO - 29 5d 88 3c 00 0a 9a 00
INFO - 29 60 c8 3c 00 0a c9 00
INFO - 29 62 08 3c 00 0a a1 00
INFO - 29 65 48 3c 00 0a d5 00
INFO - 29 68 88 3c 00 0a e8 00
INFO - 29 6a c8 3c 00 0a b6 00
INFO - 29 6e 08 3c 00 0a f4 00
INFO - 29 70 48 3c 00 0a b6 00
INFO - 29 74 88 3c 00 0a e8 00
INFO - 29 76 c8 3c 00 0a ba 00
INFO - 29 7a 08 3c 00 0a e3 00
INFO - 29 7c 48 3c 00 0a c9 00
INFO - 29 7f 88 3c 00 0a bc 00
INFO - 29 81 c8 3c 00 0a b5 00
INFO - 29 85 08 3c 00 0a ff 00
INFO - 29 87 48 3c 00 0a ae 00
INFO - 29 8a 88 3c 00 0a ab 00
INFO - 29 8d c8 3c 00 0a db 00
INFO - 29 90 08 3c 00 0a b5 00
INFO - 29 92 48 3c 00 0a a3 00
INFO - 29 95 88 3c 00 0a c8 00
INFO - 29 97 c8 3c 00 0a b7 00
INFO - 29 9b 08 3c 00 0a f8 00
INFO - 29 9f 48 3c 00 0b 18 00
INFO - 29 a1 88 3c 00 0a b4 00
INFO - 29 a4 c8 3c 00 0a ab 00
INFO - 29 a6 08 3c 00 0a c5 00
INFO - 29 a9 48 3c 00 0a c8 00
INFO - 29 ab 88 3c 00 0a 97 00
INFO - 29 ae c8 3c 00 0a d2 00
INFO - 29 b1 08 3c 00 0a d2 00
INFO - 29 b3 48 3c 00 0a 82 00
INFO - 29 b7 88 3c 00 0a e6 00
INFO - 29 b9 c8 3c 00 0a ca 00
INFO - 29 bd 08 3c 00 0a f1 00
INFO - 29 c0 48 3c 00 0a d2 00
INFO - 29 c2 88 3c 00 0a a9 00
INFO - 29 c5 c8 3c 00 0a ca 00
INFO - 29 c7 08 3c 00 0a af 00
INFO - 29 ca 48 3c 00 0a c5 00
INFO - 29 cd 88 3c 00 0a d2 00
INFO - 29 cf c8 3c 00 0a c4 00
INFO - 29 d1 08 3c 00 0a a8 00
INFO - 29 d6 48 3c 00 0b 12 00
INFO - 29 d9 88 3c 00 0a e9 00
INFO - 29 db c8 3c 00 0a ba 00
INFO - 29 de 08 3c 00 0a bc 00
INFO - 29 e2 48 3c 00 0b 0c 00
INFO - 29 e6 88 3c 00 0a eb 00
INFO - 29 e8 c8 3c 00 0a b8 00
INFO - 29 ea 08 3c 00 0a af 00
INFO - 29 ec 48 3c 00 0a 96 00
INFO - 29 ef 88 3c 00 0a f2 00
INFO - 29 f3 c8 3c 00 0a e6 00
INFO - 29 f5 08 3c 00 0a b6 00
INFO - 29 f7 48 3c 00 0a aa 00
INFO - 29 fa 88 3c 00 0a b2 00
INFO - 29 fc c8 3c 00 0a a1 00
INFO - 29 fe 08 3c 00 0a b8 00
INFO - 2a 01 48 3c 00 0a df 00
INFO - 2a 03 88 3c 00 0a b0 00
INFO - 2a 05 c8 3c 00 0a a3 00
INFO - 2a 09 08 3c 00 0b 01 00
INFO - 2a 0c 48 3c 00 0a ae 00
INFO - 2a 0e 88 3c 00 0a aa 00
INFO - 2a 13 c8 3c 00 0b 2e 00
INFO - 2a 15 08 3c 00 0a b3 00
INFO - 2a 17 48 3c 00 0a af 00
INFO - 2a 19 88 3c 00 0a b3 00
INFO - 2a 1c c8 3c 00 0a d5 00
INFO - 2a 1f 08 3c 00 0a d1 00
INFO - 2a 23 48 3c 00 0a ed 00
INFO - 2a 25 88 3c 00 0a a5 00
INFO - 2a 27 c8 3c 00 0a bb 00
INFO - 2a 2a 08 3c 00 0a b3 00
INFO - 2a 2c 48 3c 00 0a 70 00
INFO - 2a 2e 88 3c 00 0a b4 00
INFO - 2a 32 c8 3c 00 0a fb 00
INFO - 2a 34 08 3c 00 0a a5 00
INFO - 2a 36 48 3c 00 0a a0 00
INFO - 2a 3a 88 3c 00 0b 0e 00
INFO - 2a 3c c8 3c 00 0a 9f 00
INFO - 2a 3f 08 3c 00 0a f7 00
INFO - 2a 41 48 3c 00 0a 81 00
INFO - 2a 45 88 3c 00 0b 01 00
INFO - 2a 47 c8 3c 00 0a b8 00
INFO - 2a 49 08 3c 00 0a 9c 00
INFO - 2a 4d 48 3c 00 0b 0f 00
INFO - 2a 4f 88 3c 00 0a b8 00
INFO - 2a 51 c8 3c 00 0a 74 00
INFO - 2a 53 08 3c 00 0a ce 00
INFO - 2a 55 48 3c 00 0a 9f 00
INFO - 2a 57 88 3c 00 0a a8 00
INFO - 2a 59 c8 3c 00 0a a7 00
INFO - 2a 5c 08 3c 00 0a d3 00
INFO - 2a 5e 48 3c 00 0a 82 00
INFO - 2a 60 88 3c 00 0a b4 00
INFO - 2a 63 c8 3c 00 0a c6 00
INFO - 2a 64 08 3c 00 0a 8d 00
INFO - 2a 67 48 3c 00 0a b9 00
INFO - 2a 69 88 3c 00 0a 9c 00
INFO - 2a 6b c8 3c 00 0a a7 00
INFO - 2a 6f 08 3c 00 0b 2e 00
INFO - 2a 73 48 3c 00 0a e1 00
INFO - 2a 75 88 3c 00 0a b4 00
INFO - 2a 78 c8 3c 00 0a c7 00
INFO - 2a 7b 08 3c 00 0a eb 00
INFO - 2a 80 48 3c 00 0b 2b 00
INFO - 2a 83 88 3c 00 0a c6 00
INFO - 2a 85 c8 3c 00 0a b6 00
INFO - 2a 87 08 3c 00 0a b9 00
INFO - 2a 8a 48 3c 00 0a d0 00
INFO - 2a 8f 88 3c 00 0b 3b 00
INFO - 2a 92 c8 3c 00 0a ac 00
INFO - 2a 93 08 3c 00 0a 8d 00
INFO - 2a 96 48 3c 00 0a d5 00
INFO - 2a 99 88 3c 00 0a d0 00
INFO - 2a 9d c8 3c 00 0a fc 00
INFO - 2a 9f 08 3c 00 0a b7 00
INFO - 2a a2 48 3c 00 0a c5 00
INFO - 2a a5 88 3c 00 0a c3 00
INFO - 2a a8 c8 3c 00 0a 8b 00
INFO - 2a aa 08 3c 00 0a b5 00
INFO - 2a ae 48 3c 00 0a ed 00
INFO - 2a b1 88 3c 00 0a d5 00
INFO - 2a b3 c8 3c 00 0a c4 00
INFO - 2a b6 08 3c 00 0a ba 00
INFO - 2a b8 48 3c 00 0a c6 00
INFO - 2a bb 88 3c 00 0a c6 00
INFO - 2a be c8 3c 00 0a d1 00
INFO - 2a c2 08 3c 00 0a f0 00
INFO - 2a c4 48 3c 00 0a c5 00
INFO - 2a c6 88 3c 00 0a ad 00
INFO - 2a cb c8 3c 00 0b 16 00
INFO - 2a cd 08 3c 00 0a bb 00
INFO - 2a cf 48 3c 00 0a aa 00
INFO - 2a d3 88 3c 00 0b 0a 00
INFO - 2a d6 c8 3c 00 0a ae 00
INFO - 2a d8 08 3c 00 0a c6 00
INFO - 2a db 48 3c 00 0a c9 00
INFO - 2a df 88 3c 00 0a ee 00
INFO - 2a e1 c8 3c 00 0a bc 00
INFO - 2a e4 08 3c 00 0a b9 00
INFO - 2a e6 48 3c 00 0a bc 00
INFO - 2a e9 88 3c 00 0a c8 00
INFO - 2a ec c8 3c 00 0a f1 00
INFO - 2a f0 08 3c 00 0a ff 00
INFO - 2a f3 48 3c 00 0a c7 00
INFO - 2a f7 88 3c 00 0b 01 00
INFO - 2a f9 c8 3c 00 0a b9 00
INFO - 2a fc 08 3c 00 0a af 00
INFO - 2a ff 48 3c 00 0a e5 00
INFO - 2b 01 88 3c 00 0a a0 00
INFO - 2b 04 c8 3c 00 0a d7 00
INFO - 2b 06 08 3c 00 0a ac 00
INFO - 2b 0b 48 3c 00 0a ae 00
INFO - 2b 0d 88 3c 00 0a be 00
INFO - 2b 11 c8 3c 00 0b 0f 00
INFO - 2b 13 08 3c 00 0a a0 00
INFO - 2b 16 48 3c 00 0a c8 00
INFO - 2b 18 88 3c 00 0a be 00
INFO - 2b 1c c8 3c 00 0a e4 00
INFO - 2b 1e 08 3c 00 0a b0 00
INFO - 2b 21 48 3c 00 0a bb 00
INFO - 2b 24 88 3c 00 0b 03 00
INFO - 2b 27 c8 3c 00 0a ae 00
INFO - 2b 29 08 3c 00 0a bf 00
INFO - 2b 2d 48 3c 00 0b 03 00
INFO - 2b 2f 88 3c 00 0a a0 00
INFO - 2b 32 c8 3c 00 0a cd 00
INFO - 2b 34 08 3c 00 0a be 00
INFO - 2b 37 48 3c 00 0a bc 00
INFO - 2b 3a 88 3c 00 0a bd 00
INFO - 2b 3e c8 3c 00 0b 04 00
INFO - 2b 40 08 3c 00 0a a1 00
INFO - 2b 42 48 3c 00 0a bb 00
INFO - 2b 46 88 3c 00 0a e9 00
INFO - 2b 48 c8 3c 00 0a bb 00
INFO - 2b 4b 08 3c 00 0a be 00
INFO - 2b 4f 48 3c 00 0b 1e 00
INFO - 2b 52 88 3c 00 0a bb 00
INFO - 2b 54 c8 3c 00 0a cd 00
INFO - 2b 58 08 3c 00 0b 00 00
INFO - 2b 5b 48 3c 00 0a b1 00
INFO - 2b 5e 88 3c 00 0a e7 00
INFO - 2b 61 c8 3c 00 0a cb 00
INFO - 2b 64 08 3c 00 0a d8 00
INFO - 2b 66 48 3c 00 0a bd 00
INFO - 2b 6b 88 3c 00 0b 38 00
INFO - 2b 6e c8 3c 00 0a ba 00
INFO - 2b 71 08 3c 00 0a bd 00
INFO - 2b 74 48 3c 00 0a 94 00
INFO - 2b 76 88 3c 00 0a a0 00
INFO - 2b 78 c8 3c 00 0a be 00
INFO - 2b 7d 08 3c 00 0b 3b 00
INFO - 2b 80 48 3c 00 0a cc 00
INFO - 2b 83 88 3c 00 0a cb 00
INFO - 2b 88 c8 3c 00 0b 39 00
INFO - 2b 8c 08 3c 00 0a f4 00
INFO - 2b 8e 48 3c 00 0a bf 00
INFO - 2b 91 88 3c 00 0a ae 00
INFO - 2b 94 c8 3c 00 0a f6 00
INFO - 2b 97 08 3c 00 0a be 00
INFO - 2b 9a 48 3c 00 0a cc 00
INFO - 2b 9d 88 3c 00 0a e7 00
INFO - 2b 9f c8 3c 00 0a b1 00
INFO - 2b a2 08 3c 00 0a bf 00
INFO - 2b a7 48 3c 00 0a c0 00
INFO - 2b a9 88 3c 00 0a b1 00
INFO - 2b ac c8 3c 00 0a e7 00
INFO - 2b ae 08 3c 00 0a 94 00
INFO - 2b b0 48 3c 00 0a a1 00
INFO - 2b b3 88 3c 00 0a e7 00
INFO - 2b b5 c8 3c 00 0a b0 00
INFO - 2b b8 08 3c 00 0a af 00
INFO - 2b bc 48 3c 00 0b 02 00
INFO - 2b be 88 3c 00 0a cb 00
INFO - 2b c1 c8 3c 00 0a af 00
INFO - 2b c3 08 3c 00 0a cb 00
INFO - 2b c6 48 3c 00 0a ae 00
INFO - 2b c9 88 3c 00 0a e6 00
INFO - 2b cb c8 3c 00 0a bc 00
INFO - 2b cd 08 3c 00 0a 78 00
INFO - 2b ce 48 3c 00 0a 86 00
INFO - 2b d0 88 3c 00 0a 94 00
INFO - 2b d2 c8 3c 00 0a b6 00
INFO - 2b d5 08 3c 00 0a 95 00
INFO - 2b d7 48 3c 00 0a ad 00
INFO - 2b da 88 3c 00 0a d9 00
INFO - 2b dc c8 3c 00 0a ad 00
INFO - 2b de 08 3c 00 0a af 00
INFO - 2b e1 48 3c 00 0a c9 00
INFO - 2b e4 88 3c 00 0a be 00
INFO - 2b e5 c8 3c 00 0a 85 00
INFO - 2b ea 08 3c 00 0b 2b 00
INFO - 2b ed 48 3c 00 0a f3 00
INFO - 2b f0 88 3c 00 0a ba 00
INFO - 2b f5 c8 3c 00 0b 53 00
INFO - 2b f8 08 3c 00 0a bc 00
INFO - 2c 01 48 3c 00 0b fa 00
INFO - 2c 04 88 3c 00 0a e3 00
INFO - 2c 06 c8 3c 00 0a a3 00
INFO - 2c 08 08 3c 00 0a ac 00
INFO - 2c 0c 48 3c 00 0a e8 00
INFO - 2c 0e 88 3c 00 0a ac 00
INFO - 2c 11 c8 3c 00 0a ca 00
INFO - 2c 14 08 3c 00 0a d8 00
INFO - 2c 17 48 3c 00 0a da 00
INFO - 2c 19 88 3c 00 0a ab 00
INFO - 2c 1c c8 3c 00 0a e8 00
INFO - 2c 1f 08 3c 00 0a ac 00
INFO - 2c 21 48 3c 00 0a bc 00
INFO - 2c 23 88 3c 00 0a a0 00
INFO - 2c 27 c8 3c 00 0a f5 00
INFO - 2c 29 08 3c 00 0a 9e 00
INFO - 2c 2b 48 3c 00 0a be 00
INFO - 2c 2f 88 3c 00 0a f1 00
INFO - 2c 33 c8 3c 00 0b 01 00
INFO - 2c 35 08 3c 00 0a af 00
INFO - 2c 38 48 3c 00 0a e5 00
INFO - 2c 3b 88 3c 00 0a da 00
INFO - 2c 3d c8 3c 00 0a ab 00
INFO - 2c 40 08 3c 00 0a b0 00
INFO - 2c 44 48 3c 00 0b 0c 00
INFO - 2c 46 88 3c 00 0a c0 00
INFO - 2c 49 c8 3c 00 0a b9 00
INFO - 2c 4c 08 3c 00 0a f6 00
INFO - 2c 4f 48 3c 00 0a ba 00
INFO - 2c 51 88 3c 00 0a a3 00
INFO - 2c 54 c8 3c 00 0a d4 00
INFO - 2c 56 08 3c 00 0a bf 00
INFO - 2c 5a 48 3c 00 0a f0 00
INFO - 2c 5d 88 3c 00 0a be 00
INFO - 2c 5f c8 3c 00 0a c9 00
INFO - 2c 62 08 3c 00 0a c7 00
INFO - 2c 66 48 3c 00 0b 0e 00
INFO - 2c 69 88 3c 00 0a c9 00
INFO - 2c 6b c8 3c 00 0a a3 00
INFO - 2c 6d 08 3c 00 0a 7c 00
INFO - 2c 70 48 3c 00 0a ca 00
INFO - 2c 76 88 3c 00 0a cf 00
INFO - 2c 78 c8 3c 00 0a a0 00
INFO - 2c 7a 08 3c 00 0a b0 00
INFO - 2c 7d 48 3c 00 0a ab 00
INFO - 2c 80 88 3c 00 0a ff 00
INFO - 2c 82 c8 3c 00 0a 9f 00
INFO - 2c 85 08 3c 00 0a be 00
INFO - 2c 89 48 3c 00 0a fe 00
INFO - 2c 8c 88 3c 00 0a d3 00
INFO - 2c 8e c8 3c 00 0a a2 00
INFO - 2c 91 08 3c 00 0a e0 00
INFO - 2c 93 48 3c 00 0a af 00
INFO - 2c 96 88 3c 00 0a c5 00
INFO - 2c 99 c8 3c 00 0a e5 00
INFO - 2c 9c 08 3c 00 0a e0 00
INFO - 2c 9f 48 3c 00 0a bc 00
INFO - 2c a3 88 3c 00 0a fd 00
INFO - 2c a5 c8 3c 00 0a b7 00
INFO - 2c b3 08 3c 00 0a c8 00
INFO - 2c c1 48 3c 00 0a da 00
INFO - 2c c5 88 3c 00 0a eb 00
INFO - 2c c8 c8 3c 00 0a ef 00
INFO - 2c ca 08 3c 00 0a 91 00
INFO - 2c cc 48 3c 00 0a a0 00
INFO - 2c d0 88 3c 00 0b 23 00
INFO - 2c d3 c8 3c 00 0a b6 00
INFO - 2c d5 08 3c 00 0a bc 00
INFO - 2c d8 48 3c 00 0a dd 00
INFO - 2c db 88 3c 00 0a b8 00
INFO - 2c dd c8 3c 00 0a b8 00
INFO - 2c e0 08 3c 00 0a d3 00
INFO - 2c e3 48 3c 00 0a bc 00
INFO - 2c e5 88 3c 00 0a 9a 00
INFO - 2c e8 c8 3c 00 0a f1 00
INFO - 2c ec 08 3c 00 0a ea 00
INFO - 2c ee 48 3c 00 0a ae 00
INFO - 2c f0 88 3c 00 0a a7 00
INFO - 2c f3 c8 3c 00 0a e1 00
INFO - 2c f5 08 3c 00 0a a9 00
INFO - 2c f9 48 3c 00 0a e4 00
INFO - 2c fc 88 3c 00 0a dc 00
INFO - 2c fe c8 3c 00 0a bb 00
INFO - 2d 01 08 3c 00 0a c1 00
INFO - 2d 04 48 3c 00 0a d5 00
INFO - 2d 0b 88 3c 00 0a ba 00
INFO - 2d 0d c8 3c 00 0a a7 00
INFO - 2d 0f 08 3c 00 0a a0 00
INFO - 2d 12 48 3c 00 0a ce 00
INFO - 2d 14 88 3c 00 0a a1 00
INFO - 2d 15 c8 3c 00 0a 8f 00
INFO - 2d 19 08 3c 00 0a e9 00
INFO - 2d 1c 48 3c 00 0a eb 00
INFO - 2d 1e 88 3c 00 0a ae 00
INFO - 2d 22 c8 3c 00 0a a1 00
INFO - 2d 25 08 3c 00 0a c8 00
INFO - 2d 28 48 3c 00 0a c1 00
INFO - 2d 2a 88 3c 00 0a c7 00
INFO - 2d 2e c8 3c 00 0b 03 00
INFO - 2d 31 08 3c 00 0a ba 00
INFO - 2d 33 48 3c 00 0a c2 00
INFO - 2d 37 88 3c 00 0b 0a 00
INFO - 2d 39 c8 3c 00 0a 9c 00
INFO - 2d 3b 08 3c 00 0a 99 00
INFO - 2d 3e 48 3c 00 0a df 00
INFO - 2d 41 88 3c 00 0a d3 00
INFO - 2d 43 c8 3c 00 0a a0 00
INFO - 2d 45 08 3c 00 0a a8 00
INFO - 2d 47 48 3c 00 0a a0 00
INFO - 2d 49 88 3c 00 0a b5 00
INFO - 2d 4c c8 3c 00 0a ad 00
INFO - 2d 4e 08 3c 00 0a a7 00
INFO - 2d 50 48 3c 00 0a aa 00
INFO - 2d 53 88 3c 00 0a c9 00
INFO - 2d 54 c8 3c 00 0a 8c 00
INFO - 2d 57 08 3c 00 0a d6 00
INFO - 2d 5a 48 3c 00 0a c2 00
INFO - 2d 5d 88 3c 00 0a ee 00
INFO - 2d 60 c8 3c 00 0a c4 00
INFO - 2d 67 08 3c 00 0b a9 00
INFO - 2d 69 48 3c 00 0a a7 00
INFO - 2d 6c 88 3c 00 0a c8 00
INFO - 2d 6f c8 3c 00 0a c2 00
INFO - 2d 73 08 3c 00 0b 10 00
INFO - 2d 77 48 3c 00 0a fe 00
INFO - 2d 7b 88 3c 00 0a ec 00
INFO - 2d 7d c8 3c 00 0a 7d 00
INFO - 2d 80 08 3c 00 0a c5 00
INFO - 2d 82 48 3c 00 0a b5 00
INFO - 2d 84 88 3c 00 0a a9 00
INFO - 2d 87 c8 3c 00 0a ba 00
INFO - 2d 89 08 3c 00 0a b4 00
INFO - 2d 8b 48 3c 00 0a 9e 00
INFO - 2d 8e 88 3c 00 0a de 00
INFO - 2d 92 c8 3c 00 0a f9 00
INFO - 2d 94 08 3c 00 0a b6 00
INFO - 2d 97 48 3c 00 0a b7 00
INFO - 2d 99 88 3c 00 0a aa 00
INFO - 2d 9c c8 3c 00 0a d1 00
INFO - 2d 9e 08 3c 00 0a b7 00
INFO - 2d a0 48 3c 00 0a a9 00
INFO - 2d a3 88 3c 00 0a c3 00
INFO - 2d a5 c8 3c 00 0a b7 00
INFO - 2d a9 08 3c 00 0a f8 00
INFO - 2d ad 48 3c 00 0b 05 00
INFO - 2d af 88 3c 00 0a aa 00
INFO - 2d b1 c8 3c 00 0a b6 00
INFO - 2d b4 08 3c 00 0a a8 00
INFO - 2d b7 48 3c 00 0a d3 00
INFO - 2d b9 88 3c 00 0a b3 00
INFO - 2d bc c8 3c 00 0a e0 00
INFO - 2d be 08 3c 00 0a a7 00
INFO - 2d c0 48 3c 00 0a 9b 00
INFO - 2d c4 88 3c 00 0b 12 00
INFO - 2d c7 c8 3c 00 0a c5 00
INFO - 2d ca 08 3c 00 0a cd 00
INFO - 2d cc 48 3c 00 0a 9f 00
INFO - 2d ce 88 3c 00 0a c0 00
INFO - 2d d1 c8 3c 00 0a d2 00
INFO - 2d d3 08 3c 00 0a a5 00
INFO - 2d d6 48 3c 00 0a dd 00
INFO - 2d d9 88 3c 00 0a c5 00
INFO - 2d db c8 3c 00 0a b5 00
INFO - 2d df 08 3c 00 0a f3 00
INFO - 2d e2 48 3c 00 0a c5 00
INFO - 2d e3 88 3c 00 0a 99 00
INFO - 2d e7 c8 3c 00 0a f9 00
INFO - 2d e9 08 3c 00 0a 9b 00
INFO - 2d eb 48 3c 00 0a b6 00
INFO - 2d ee 88 3c 00 0a cd 00
INFO - 2d f1 c8 3c 00 0a c2 00
INFO - 2d f3 08 3c 00 0a b5 00
INFO - 2d f7 48 3c 00 0b 12 00
INFO - 2d f9 88 3c 00 0a 9e 00
INFO - 2d fc c8 3c 00 0a c1 00
INFO - 2d fe 08 3c 00 0a b6 00
INFO - 2e 01 48 3c 00 0a c7 00
INFO - 2e 04 88 3c 00 0a c4 00
INFO - 2e 06 c8 3c 00 0a a6 00
INFO - 2e 08 08 3c 00 0a ad 00
INFO - 2e 0a 48 3c 00 0a a6 00
INFO - 2e 0d 88 3c 00 0a c5 00
INFO - 2e 0f c8 3c 00 0a b9 00
INFO - 2e 11 08 3c 00 0a b7 00
INFO - 2e 13 48 3c 00 0a 90 00
INFO - 2e 17 88 3c 00 0a f5 00
INFO - 2e 23 c8 3c 00 0a b8 00
INFO - 2e 37 08 3c 00 0a e2 00
INFO - 2e 3a 48 3c 00 0a d3 00
INFO - 2e 3c 88 3c 00 0a b7 00
INFO - 2e 3e c8 3c 00 0a b3 00
INFO - 2e 40 08 3c 00 0a aa 00
INFO - 2e 44 48 3c 00 0a ea 00
INFO - 2e 47 88 3c 00 0a d0 00
INFO - 2e 49 c8 3c 00 0a 9e 00
INFO - 2e 4c 08 3c 00 0a cd 00
INFO - 2e 4e 48 3c 00 0a b9 00
INFO - 2e 51 88 3c 00 0a da 00
INFO - 2e 53 c8 3c 00 0a b6 00
INFO - 2e 56 08 3c 00 0a c2 00
INFO - 2e 58 48 3c 00 0a 92 00
INFO - 2e 5c 88 3c 00 0b 1e 00
INFO - 2e 5e c8 3c 00 0a 99 00
INFO - 2e 61 08 3c 00 0a cf 00
INFO - 2e 65 48 3c 00 0a f7 00
INFO - 2e 66 88 3c 00 0a 9e 00
INFO - 2e 69 c8 3c 00 0a a7 00
INFO - 2e 6c 08 3c 00 0a e0 00
INFO - 2e 6e 48 3c 00 0a a5 00
INFO - 2e 70 88 3c 00 0a c6 00
INFO - 2e 73 c8 3c 00 0a bf 00
INFO - 2e 76 08 3c 00 0a c6 00
INFO - 2e 78 48 3c 00 0a b2 00
INFO - 2e 7d 88 3c 00 0b 20 00
INFO - 2e 80 c8 3c 00 0a da 00
INFO - 2e 82 08 3c 00 0a c4 00
INFO - 2e 85 48 3c 00 0a dc 00
INFO - 2e 87 88 3c 00 0a 98 00
INFO - 2e 8a c8 3c 00 0a b4 00
INFO - 2e 8b 08 3c 00 0a 9e 00
INFO - 2e 98 48 3c 00 0a b7 00
INFO - 2e a6 88 3c 00 0a b2 00
INFO - 2e a9 c8 3c 00 0a c1 00
INFO - 2e ab 08 3c 00 0a b0 00
INFO - 2e ad 48 3c 00 0a a8 00
INFO - 2e af 88 3c 00 0a 97 00
INFO - 2e b2 c8 3c 00 0a ce 00
INFO - 2e b5 08 3c 00 0a fb 00
INFO - 2e b8 48 3c 00 0a c0 00
INFO - 2e ba 88 3c 00 0a af 00
INFO - 2e bc c8 3c 00 0a b3 00
INFO - 2e be 08 3c 00 0a 96 00
INFO - 2e c0 48 3c 00 0a a4 00
INFO - 2e c2 88 3c 00 0a a0 00
INFO - 2e c4 c8 3c 00 0a aa 00
INFO - 2e cc 08 3c 00 0b d6 00
INFO - 2e ce 48 3c 00 0a 9a 00
INFO - 2e d1 88 3c 00 0a d2 00
INFO - 2e d4 c8 3c 00 0a d6 00
INFO - 2e d7 08 3c 00 0a c5 00
INFO - 2e d9 48 3c 00 0a a2 00
INFO - 2e dc 88 3c 00 0a e2 00
INFO - 2e df c8 3c 00 0a bb 00
INFO - 2e e3 08 3c 00 0b 0c 00
INFO - 2e e5 48 3c 00 0a 99 00
INFO - 2e e6 88 3c 00 0a 9e 00
INFO - 2e e9 c8 3c 00 0a d5 00
INFO - 2e eb 08 3c 00 0a 9e 00
INFO - 2e ed 48 3c 00 0a 95 00
INFO - 2e ef 88 3c 00 0a bc 00
INFO - 2e f1 c8 3c 00 0a 91 00
INFO - 2e f4 08 3c 00 0a d1 00
INFO - 2e f6 48 3c 00 0a a3 00
INFO - 2e f8 88 3c 00 0a ac 00
INFO - 2e fb c8 3c 00 0a ce 00
INFO - 2e fd 08 3c 00 0a ab 00
INFO - 2f 01 48 3c 00 0a e7 00
INFO - 2f 04 88 3c 00 0a e8 00
INFO - 2f 06 c8 3c 00 0a b7 00
INFO - 2f 09 08 3c 00 0a b9 00
INFO - 2f 0c 48 3c 00 0a cc 00
INFO - 2f 0f 88 3c 00 0a d1 00
INFO - 2f 11 c8 3c 00 0a cb 00
INFO - 2f 15 08 3c 00 0a dd 00
INFO - 2f 17 48 3c 00 0a a8 00
INFO - 2f 18 88 3c 00 0a 96 00
INFO - 2f 1b c8 3c 00 0a c0 00
INFO - 2f 1d 08 3c 00 0a b7 00
INFO - 2f 20 48 3c 00 0a ae 00
INFO - 2f 22 88 3c 00 0a a8 00
INFO - 2f 24 c8 3c 00 0a a0 00
INFO - 2f 26 08 3c 00 0a a2 00
INFO - 2f 29 48 3c 00 0a db 00
INFO - 2f 34 88 3c 00 0a ad 00
INFO - 2f 43 c8 3c 00 0a c7 00
INFO - 2f 46 08 3c 00 0a c8 00
INFO - 2f 47 48 3c 00 0a 86 00
INFO - 2f 49 88 3c 00 0a ad 00
INFO - 2f 4b c8 3c 00 0a a3 00
INFO - 2f 4f 08 3c 00 0a f5 00
INFO - 2f 51 48 3c 00 0a aa 00
INFO - 2f 53 88 3c 00 0a b9 00
INFO - 2f 55 c8 3c 00 0a 97 00
INFO - 2f 57 08 3c 00 0a b6 00
INFO - 2f 5a 48 3c 00 0a b9 00
INFO - 2f 5c 88 3c 00 0a a2 00
INFO - 2f 5f c8 3c 00 0a e8 00
INFO - 2f 62 08 3c 00 0a c2 00
INFO - 2f 64 48 3c 00 0a a0 00
INFO - 2f 67 88 3c 00 0a f4 00
INFO - 2f 69 c8 3c 00 0a 6a 00
INFO - 2f 6c 08 3c 00 0a c7 00
INFO - 2f 71 48 3c 00 0a fe 00
INFO - 2f 74 88 3c 00 0a c4 00
INFO - 2f 77 c8 3c 00 0a d0 00
INFO - 2f 78 08 3c 00 0a 94 00
INFO - 2f 7b 48 3c 00 0a ba 00
INFO - 2f 7d 88 3c 00 0a a9 00
INFO - 2f 80 c8 3c 00 0a d2 00
INFO - 2f 82 08 3c 00 0a b5 00
INFO - 2f 85 48 3c 00 0a c6 00
INFO - 2f 87 88 3c 00 0a c0 00
INFO - 2f 8a c8 3c 00 0a b8 00
INFO - 2f 8c 08 3c 00 0a a1 00
INFO - 2f 8e 48 3c 00 0a a9 00
INFO - 2f 90 88 3c 00 0a ad 00
INFO - 2f 93 c8 3c 00 0a d8 00
INFO - 2f 96 08 3c 00 0a d1 00
INFO - 2f 98 48 3c 00 0a a8 00
INFO - 2f a2 88 3c 00 0a a0 00
INFO - 2f b1 c8 3c 00 0a ba 00
INFO - 2f b4 08 3c 00 0a cd 00
INFO - 2f b6 48 3c 00 0a a8 00
INFO - 2f b8 88 3c 00 0a b4 00
INFO - 2f ba c8 3c 00 0a a8 00
INFO - 2f bc 08 3c 00 0a a8 00
INFO - 2f bf 48 3c 00 0a e2 00
INFO - 2f c1 88 3c 00 0a 90 00
INFO - 2f c3 c8 3c 00 0a b3 00
INFO - 2f c6 08 3c 00 0a c9 00
INFO - 2f c9 48 3c 00 0a be 00
INFO - 2f cb 88 3c 00 0a be 00
INFO - 2f cd c8 3c 00 0a 85 00
INFO - 2f d0 08 3c 00 0b 02 00
INFO - 2f d2 48 3c 00 0a 9c 00
INFO - 2f d5 88 3c 00 0a b2 00
INFO - 2f d8 c8 3c 00 0b 00 00
INFO - 2f da 08 3c 00 0a 9b 00
INFO - 2f dc 48 3c 00 0a a6 00
INFO - 2f df 88 3c 00 0a c8 00
INFO - 2f e1 c8 3c 00 0a a5 00
INFO - 2f e2 08 3c 00 0a 84 00
INFO - 2f e4 48 3c 00 0a a5 00
INFO - 2f e7 88 3c 00 0a c7 00
INFO - 2f e9 c8 3c 00 0a a5 00
INFO - 2f eb 08 3c 00 0a a4 00
INFO - 2f ed 48 3c 00 0a a0 00
INFO - 2f f0 88 3c 00 0a ba 00
INFO - 2f f1 c8 3c 00 0a 99 00
INFO - 2f f3 08 3c 00 0a a4 00
INFO - 2f fb 48 3c 00 0a 8b 00
INFO - 30 09 88 3c 00 0a c1 00
INFO - 30 0b c8 3c 00 0a 93 00
INFO - 30 0d 08 3c 00 0a a2 00
INFO - 30 0f 48 3c 00 0a af 00
INFO - 30 11 88 3c 00 0a 94 00
INFO - 30 13 c8 3c 00 0a af 00
INFO - 30 15 08 3c 00 0a aa 00
INFO - 30 19 48 3c 00 0a f0 00
INFO - 30 1e 88 3c 00 0b 39 00
INFO - 30 20 c8 3c 00 0a aa 00
INFO - 30 22 08 3c 00 0a ac 00
INFO - 30 25 48 3c 00 0a c3 00
INFO - 30 27 88 3c 00 0a b1 00
INFO - 30 2a c8 3c 00 0a d7 00
INFO - 30 2d 08 3c 00 0a e7 00
INFO - 30 2f 48 3c 00 0a 94 00
INFO - 30 31 88 3c 00 0a 9b 00
INFO - 30 33 c8 3c 00 0a a0 00
INFO - 30 35 08 3c 00 0a 97 00
INFO - 30 37 48 3c 00 0a a6 00
INFO - 30 3a 88 3c 00 0a cb 00
INFO - 30 3b c8 3c 00 0a 9b 00
INFO - 30 3d 08 3c 00 0a 8a 00
INFO - 30 40 48 3c 00 0a dd 00
INFO - 30 41 88 3c 00 0a 89 00
INFO - 30 44 c8 3c 00 0a c4 00
INFO - 30 47 08 3c 00 0a e5 00
INFO - 30 49 48 3c 00 0a 9b 00
INFO - 30 53 88 3c 00 0a 99 00
INFO - 30 61 c8 3c 00 0a bc 00
INFO - 30 63 08 3c 00 0a ca 00
INFO - 30 66 48 3c 00 0a b2 00
INFO - 30 67 88 3c 00 0a 8a 00
INFO - 30 68 c8 3c 00 0a 77 00
INFO - 30 6b 08 3c 00 0a bc 00
INFO - 30 6d 48 3c 00 0a ab 00
INFO - 30 6f 88 3c 00 0a c4 00
INFO - 30 73 c8 3c 00 0a ef 00
INFO - 30 75 08 3c 00 0a a4 00
INFO - 30 76 48 3c 00 0a 82 00
INFO - 30 7a 88 3c 00 0a e5 00
INFO - 30 7c c8 3c 00 0a b9 00
INFO - 30 7e 08 3c 00 0a 8f 00
INFO - 30 80 48 3c 00 0a ac 00
INFO - 30 82 88 3c 00 0a a3 00
INFO - 30 83 c8 3c 00 0a 90 00
INFO - 30 87 08 3c 00 0a e2 00
INFO - 30 89 48 3c 00 0a b3 00
INFO - 30 8b 88 3c 00 0a 8d 00
INFO - 30 8d c8 3c 00 0a ba 00
INFO - 30 8f 08 3c 00 0a 8d 00
INFO - 30 91 48 3c 00 0a 99 00
INFO - 30 93 88 3c 00 0a ba 00
INFO - 30 95 c8 3c 00 0a 98 00
INFO - 30 97 08 3c 00 0a af 00
INFO - 30 99 48 3c 00 0a 99 00
INFO - 30 9b 88 3c 00 0a a3 00
INFO - 30 9d c8 3c 00 0a af 00
INFO - 30 a8 08 3c 00 0a c1 00
INFO - 30 b3 48 3c 00 0a a3 00
INFO - 30 b8 88 3c 00 0b 25 00
INFO - 30 b9 c8 3c 00 0a 9b 00
INFO - 30 bc 08 3c 00 0a af 00
INFO - 30 bd 48 3c 00 0a 6f 00
INFO - 30 c0 88 3c 00 0a d5 00
INFO - 30 c2 c8 3c 00 0a b9 00
INFO - 30 c5 08 3c 00 0a c9 00
INFO - 30 c8 48 3c 00 0a de 00
INFO - 30 ca 88 3c 00 0a a7 00
INFO - 30 cc c8 3c 00 0a 92 00
INFO - 30 ce 08 3c 00 0a af 00
INFO - 30 d0 48 3c 00 0a a7 00
INFO - 30 d3 88 3c 00 0a cb 00
INFO - 30 d5 c8 3c 00 0a a4 00
INFO - 30 d7 08 3c 00 0a a6 00
INFO - 30 d9 48 3c 00 0a b5 00
INFO - 30 dd 88 3c 00 0a eb 00
INFO - 30 df c8 3c 00 0a a4 00
INFO - 30 e1 08 3c 00 0a 9b 00
INFO - 30 e4 48 3c 00 0a d4 00
INFO - 30 e5 88 3c 00 0a 90 00
INFO - 30 e7 c8 3c 00 0a 9b 00
INFO - 30 ea 08 3c 00 0a e0 00
INFO - 30 ec 48 3c 00 0a b3 00
INFO - 30 ef 88 3c 00 0a a9 00
INFO - 30 f1 c8 3c 00 0a c7 00
INFO - 30 f4 08 3c 00 0a b5 00
INFO - 30 f6 48 3c 00 0a c7 00
INFO - 30 f9 88 3c 00 0a b3 00
INFO - 30 fb c8 3c 00 0a b4 00
INFO - 30 fd 08 3c 00 0a a5 00
INFO - 30 ff 48 3c 00 0a b2 00
INFO - 31 02 88 3c 00 0a b3 00
INFO - 31 03 c8 3c 00 0a 90 00
INFO - 31 05 08 3c 00 0a 9e 00
INFO - 31 07 48 3c 00 0a b0 00
INFO - 31 0a 88 3c 00 0a b3 00
INFO - 31 0b c8 3c 00 0a 90 00
INFO - 31 0e 08 3c 00 0a cd 00
INFO - 31 10 48 3c 00 0a 99 00
INFO - 31 12 88 3c 00 0a b3 00
INFO - 31 14 c8 3c 00 0a 88 00
INFO - 31 16 08 3c 00 0a b1 00
INFO - 31 18 48 3c 00 0a b5 00
INFO - 31 1c 88 3c 00 0a df 00
INFO - 31 1d c8 3c 00 0a 9c 00
INFO - 31 20 08 3c 00 0a b3 00
INFO - 31 22 48 3c 00 0a c0 00
INFO - 31 24 88 3c 00 0a 9f 00
INFO - 31 26 c8 3c 00 0a 9b 00
INFO - 31 28 08 3c 00 0a 93 00
INFO - 31 2a 48 3c 00 0a c8 00
INFO - 31 2d 88 3c 00 0a a3 00
INFO - 31 2f c8 3c 00 0a b8 00
INFO - 31 31 08 3c 00 0a b1 00
INFO - 31 33 48 3c 00 0a a1 00
INFO - 31 38 88 3c 00 0b 31 00
INFO - 31 45 c8 3c 00 0a b7 00
INFO - 31 54 08 3c 00 0a ca 00
INFO - 31 56 48 3c 00 0a a2 00
INFO - 31 59 88 3c 00 0a c6 00
INFO - 31 5c c8 3c 00 0b 03 00
INFO - 31 5f 08 3c 00 0a ab 00
INFO - 31 61 48 3c 00 0a 9f 00
INFO - 31 63 88 3c 00 0a cf 00
INFO - 31 65 c8 3c 00 0a 9f 00
INFO - 31 68 08 3c 00 0a c3 00
INFO - 31 6c 48 3c 00 0a fe 00
INFO - 31 6e 88 3c 00 0a 9f 00
INFO - 31 71 c8 3c 00 0a cf 00
INFO - 31 73 08 3c 00 0a cf 00
INFO - 31 76 48 3c 00 0a ad 00
INFO - 31 78 88 3c 00 0a 9d 00
INFO - 31 7b c8 3c 00 0a ea 00
INFO - 31 7d 08 3c 00 0a 92 00
INFO - 31 7f 48 3c 00 0a ae 00
INFO - 31 82 88 3c 00 0a da 00
INFO - 31 84 c8 3c 00 0a b8 00
INFO - 31 87 08 3c 00 0a af 00
INFO - 31 89 48 3c 00 0a b8 00
INFO - 31 8a 88 3c 00 0a 88 00
INFO - 31 8d c8 3c 00 0a b6 00
INFO - 31 90 08 3c 00 0a d3 00
INFO - 31 92 48 3c 00 0a 6f 00
INFO - 31 93 88 3c 00 0a 97 00
INFO - 31 95 c8 3c 00 0a 9e 00
INFO - 31 97 08 3c 00 0a a0 00
INFO - 31 99 48 3c 00 0a a3 00
INFO - 31 9b 88 3c 00 0a ab 00
INFO - 31 9e c8 3c 00 0a c7 00
INFO - 31 ab 08 3c 00 0a b4 00
INFO - 31 bb 48 3c 00 0a d9 00
INFO - 31 be 88 3c 00 0a ee 00
INFO - 31 c0 c8 3c 00 0a 91 00
INFO - 31 c3 08 3c 00 0a c9 00
INFO - 31 c5 48 3c 00 0a 7e 00
INFO - 31 c6 88 3c 00 0a 92 00
INFO - 31 c9 c8 3c 00 0a c9 00
INFO - 31 cb 08 3c 00 0a b4 00
INFO - 31 cd 48 3c 00 0a a4 00
INFO - 31 cf 88 3c 00 0a 9d 00
INFO - 31 d1 c8 3c 00 0a ad 00
INFO - 31 d4 08 3c 00 0a b0 00
INFO - 31 d6 48 3c 00 0a 9e 00
INFO - 31 da 88 3c 00 0b 05 00
INFO - 31 dc c8 3c 00 0a c1 00
INFO - 31 de 08 3c 00 0a a4 00
INFO - 31 e0 48 3c 00 0a aa 00
INFO - 31 e4 88 3c 00 0a ed 00
INFO - 31 e7 c8 3c 00 0a cd 00
INFO - 31 ea 08 3c 00 0a e1 00
INFO - 31 ed 48 3c 00 0a e6 00
INFO - 31 ef 88 3c 00 0a a5 00
INFO - 31 f1 c8 3c 00 0a 9d 00
INFO - 31 f4 08 3c 00 0a e1 00
INFO - 31 f7 48 3c 00 0a ce 00
INFO - 31 fa 88 3c 00 0a b1 00
INFO - 31 fc c8 3c 00 0a cd 00
INFO - 31 ff 08 3c 00 0a c5 00
INFO - 32 02 48 3c 00 0a b9 00
INFO - 32 03 88 3c 00 0a 98 00
INFO - 32 05 c8 3c 00 0a a9 00
INFO - 32 08 08 3c 00 0a ba 00
INFO - 32 0b 48 3c 00 0a d1 00
INFO - 32 0d 88 3c 00 0a af 00
INFO - 32 0f c8 3c 00 0a a9 00
INFO - 32 13 08 3c 00 0a e6 00
INFO - 32 15 48 3c 00 0a 72 00
INFO - 32 17 88 3c 00 0a b5 00
INFO - 32 19 c8 3c 00 0a ba 00
INFO - 32 1b 08 3c 00 0a a6 00
INFO - 32 1e 48 3c 00 0a ae 00
INFO - 32 21 88 3c 00 0a d7 00
INFO - 32 23 c8 3c 00 0a af 00
INFO - 32 25 08 3c 00 0a 9b 00
INFO - 32 29 48 3c 00 0b 09 00
INFO - 32 2b 88 3c 00 0a b7 00
INFO - 32 2d c8 3c 00 0a aa 00
INFO - 32 2f 08 3c 00 0a 8b 00
INFO - 32 32 48 3c 00 0a e1 00
INFO - 32 35 88 3c 00 0a c2 00
INFO - 32 37 c8 3c 00 0a ab 00
INFO - 32 3a 08 3c 00 0a d0 00
INFO - 32 3d 48 3c 00 0a cd 00
INFO - 32 3e 88 3c 00 0a 87 00
INFO - 32 41 c8 3c 00 0a e2 00
INFO - 32 43 08 3c 00 0a a1 00
INFO - 32 45 48 3c 00 0a a7 00
INFO - 32 49 88 3c 00 0a d8 00
INFO - 32 4b c8 3c 00 0a c1 00
INFO - 32 4d 08 3c 00 0a 96 00
INFO - 32 4f 48 3c 00 0a a5 00
INFO - 32 51 88 3c 00 0a 92 00
INFO - 32 52 c8 3c 00 0a 9e 00
INFO - 32 54 08 3c 00 0a a0 00
INFO - 32 56 48 3c 00 0a a5 00
INFO - 32 59 88 3c 00 0a c0 00
INFO - 32 5b c8 3c 00 0a 91 00
INFO - 32 5e 08 3c 00 0a cf 00
INFO - 32 5f 48 3c 00 0a 9a 00
INFO - 32 62 88 3c 00 0a ce 00
INFO - 32 64 c8 3c 00 0a 8d 00
INFO - 32 66 08 3c 00 0a c0 00
INFO - 32 69 48 3c 00 0a b5 00
INFO - 32 6b 88 3c 00 0a a6 00
INFO - 32 6d c8 3c 00 0a ab 00
INFO - 32 70 08 3c 00 0a e9 00
INFO - 32 72 48 3c 00 0a ab 00
INFO - 32 78 88 3c 00 0b 47 00
INFO - 32 7a c8 3c 00 0a c5 00
INFO - 32 7c 08 3c 00 0a 9c 00
INFO - 32 7e 48 3c 00 0a aa 00
INFO - 32 81 88 3c 00 0a bd 00
INFO - 32 83 c8 3c 00 0a b9 00
INFO - 32 86 08 3c 00 0a a5 00
INFO - 32 89 48 3c 00 0a d6 00
INFO - 32 8b 88 3c 00 0a 77 00
INFO - 32 8d c8 3c 00 0a b3 00
INFO - 32 8f 08 3c 00 0a b8 00
INFO - 32 93 48 3c 00 0a f2 00
INFO - 32 95 88 3c 00 0a a4 00
INFO - 32 97 c8 3c 00 0a 8e 00
INFO - 32 99 08 3c 00 0a ae 00
INFO - 32 9a 48 3c 00 0a 8d 00
INFO - 32 9d 88 3c 00 0a bc 00
INFO - 32 a0 c8 3c 00 0a d6 00
INFO - 32 a2 08 3c 00 0a 9b 00
INFO - 32 a5 48 3c 00 0a cb 00
INFO - 32 a7 88 3c 00 0a a1 00
INFO - 32 a8 c8 3c 00 0a 9a 00
INFO - 32 ab 08 3c 00 0a b6 00
INFO - 32 ad 48 3c 00 0a 96 00
INFO - 32 af 88 3c 00 0a b3 00
INFO - 32 b1 c8 3c 00 0a a2 00
INFO - 32 b2 08 3c 00 0a 8a 00
INFO - 32 b4 48 3c 00 0a a6 00
INFO - 32 b6 88 3c 00 0a 89 00
INFO - 32 b8 c8 3c 00 0a a2 00
INFO - 32 b9 08 3c 00 0a 85 00
INFO - 32 bc 48 3c 00 0a cb 00
INFO - 32 be 88 3c 00 0a 99 00
INFO - 32 c0 c8 3c 00 0a ab 00
INFO - 32 c2 08 3c 00 0a 8e 00
INFO - 32 c5 48 3c 00 0a d3 00
INFO - 32 c7 88 3c 00 0a ad 00
INFO - 32 c9 c8 3c 00 0a bd 00
INFO - 32 cd 08 3c 00 0a ec 00
INFO - 32 cf 48 3c 00 0a ad 00
INFO - 32 d1 88 3c 00 0a a1 00
INFO - 32 d3 c8 3c 00 0a 95 00
INFO - 32 d8 08 3c 00 0b 28 00
INFO - 32 d9 48 3c 00 0a 97 00
INFO - 32 db 88 3c 00 0a 7d 00
INFO - 32 df c8 3c 00 0b 0c 00
INFO - 32 e1 08 3c 00 0a bb 00
INFO - 32 e3 48 3c 00 0a 8e 00
INFO - 32 e5 88 3c 00 0a b9 00
INFO - 32 e7 c8 3c 00 0a 94 00
INFO - 32 e9 08 3c 00 0a ac 00
INFO - 32 eb 48 3c 00 0a 87 00
INFO - 32 ec 88 3c 00 0a 90 00
INFO - 32 ee c8 3c 00 0a 89 00
INFO - 32 f0 08 3c 00 0a ac 00
INFO - 32 f2 48 3c 00 0a 95 00
INFO - 32 f3 88 3c 00 0a 8e 00
INFO - 32 f6 c8 3c 00 0a cd 00
INFO - 32 f8 08 3c 00 0a 95 00
INFO - 32 fa 48 3c 00 0a a3 00
INFO - 32 fd 88 3c 00 0a f0 00
INFO - 32 ff c8 3c 00 0a 8e 00
INFO - 33 01 08 3c 00 0a 9c 00
INFO - 33 03 48 3c 00 0a bd 00
INFO - 33 06 88 3c 00 0a 86 00
INFO - 33 08 c8 3c 00 0a 91 00
INFO - 33 0a 08 3c 00 0a b4 00
INFO - 33 0c 48 3c 00 0a 8f 00
INFO - 33 0e 88 3c 00 0a 9c 00
INFO - 33 10 c8 3c 00 0a a0 00
INFO - 33 12 08 3c 00 0a a4 00
INFO - 33 13 48 3c 00 0a 8b 00
INFO - 33 15 88 3c 00 0a af 00
INFO - 33 17 c8 3c 00 0a 9d 00
INFO - 33 18 08 3c 00 0a 81 00
INFO - 33 1b 48 3c 00 0a ce 00
INFO - 33 1d 88 3c 00 0a 8b 00
INFO - 33 1f c8 3c 00 0a b9 00
INFO - 33 21 08 3c 00 0a 93 00
INFO - 33 23 48 3c 00 0a b4 00
INFO - 33 25 88 3c 00 0a 9a 00
INFO - 33 28 c8 3c 00 0a c6 00
INFO - 33 2b 08 3c 00 0a d1 00
INFO - 33 2d 48 3c 00 0a a7 00
INFO - 33 2f 88 3c 00 0a ab 00
INFO - 33 31 c8 3c 00 0a b9 00
INFO - 33 33 08 3c 00 0a a0 00
INFO - 33 35 48 3c 00 0a 8f 00
INFO - 33 38 88 3c 00 0a c7 00
INFO - 33 39 c8 3c 00 0a 94 00
INFO - 33 3b 08 3c 00 0a 89 00
INFO - 33 3e 48 3c 00 0a d1 00
INFO - 33 40 88 3c 00 0a a8 00
INFO - 33 41 c8 3c 00 0a 88 00
INFO - 33 44 08 3c 00 0a dc 00
INFO - 33 46 48 3c 00 0a 93 00
INFO - 33 48 88 3c 00 0a 93 00
INFO - 33 4a c8 3c 00 0a c7 00
INFO - 33 4c 08 3c 00 0a 88 00
INFO - 33 4e 48 3c 00 0a b2 00
INFO - 33 50 88 3c 00 0a a8 00
INFO - 33 52 c8 3c 00 0a a8 00
INFO - 33 54 08 3c 00 0a 93 00
INFO - 33 55 48 3c 00 0a 7e 00
INFO - 33 59 88 3c 00 0a f0 00
INFO - 33 5a c8 3c 00 0a 93 00
INFO - 33 5c 08 3c 00 0a 88 00
INFO - 33 5e 48 3c 00 0a b2 00
INFO - 33 61 88 3c 00 0a bc 00
INFO - 33 63 c8 3c 00 0a a8 00
INFO - 33 65 08 3c 00 0a bc 00
INFO - 33 69 48 3c 00 0a 94 00
INFO - 33 6a 88 3c 00 0a 93 00
INFO - 33 6c c8 3c 00 0a 89 00
INFO - 33 6f 08 3c 00 0a c7 00
INFO - 33 70 48 3c 00 0a 88 00
INFO - 33 72 88 3c 00 0a b1 00
INFO - 33 74 c8 3c 00 0a 8b 00
INFO - 33 76 08 3c 00 0a ae 00
INFO - 33 78 48 3c 00 0a 8b 00
INFO - 33 79 88 3c 00 0a 91 00
INFO - 33 7b c8 3c 00 0a 9d 00
INFO - 33 7d 08 3c 00 0a b2 00
INFO - 33 7f 48 3c 00 0a a6 00
INFO - 33 81 88 3c 00 0a a1 00
INFO - 33 84 c8 3c 00 0a ae 00
INFO - 33 85 08 3c 00 0a 9d 00
INFO - 33 87 48 3c 00 0a a1 00
INFO - 33 8a 88 3c 00 0a b8 00
INFO - 33 8c c8 3c 00 0a 9d 00
INFO - 33 8e 08 3c 00 0a c0 00
INFO - 33 91 48 3c 00 0a ce 00
INFO - 33 93 88 3c 00 0a b6 00
INFO - 33 95 c8 3c 00 0a 89 00
INFO - 33 98 08 3c 00 0a d1 00
INFO - 33 99 48 3c 00 0a 90 00
INFO - 33 9c 88 3c 00 0a b2 00
INFO - 33 9e c8 3c 00 0a b5 00
INFO - 33 a1 08 3c 00 0a cf 00
INFO - 33 a3 48 3c 00 0a 93 00
INFO - 33 a5 88 3c 00 0a ca 00
INFO - 33 a7 c8 3c 00 0a 90 00
INFO - 33 a9 08 3c 00 0a 9f 00
INFO - 33 aa 48 3c 00 0a 8a 00
INFO - 33 ae 88 3c 00 0a fd 00
INFO - 33 b0 c8 3c 00 0a 97 00
INFO - 33 b2 08 3c 00 0a b0 00
INFO - 33 b5 48 3c 00 0a c0 00
INFO - 33 b7 88 3c 00 0a b0 00
INFO - 33 b9 c8 3c 00 0a b7 00
INFO - 33 bc 08 3c 00 0a ba 00
INFO - 33 be 48 3c 00 0a a8 00
INFO - 33 c0 88 3c 00 0a ac 00
INFO - 33 c2 c8 3c 00 0a af 00
INFO - 33 c4 08 3c 00 0a 8d 00
INFO - 33 c6 48 3c 00 0a 9b 00
INFO - 33 c8 88 3c 00 0a a8 00
INFO - 33 ca c8 3c 00 0a ab 00
INFO - 33 cc 08 3c 00 0a 9a 00
INFO - 33 cf 48 3c 00 0a df 00
INFO - 33 d1 88 3c 00 0a 89 00
INFO - 33 d2 c8 3c 00 0a 99 00
INFO - 33 d5 08 3c 00 0a b2 00
INFO - 33 d7 48 3c 00 0a b3 00
INFO - 33 d9 88 3c 00 0a b2 00
INFO - 33 db c8 3c 00 0a a5 00
INFO - 33 dd 08 3c 00 0a 92 00
INFO - 33 df 48 3c 00 0a 9d 00
INFO - 33 e1 88 3c 00 0a aa 00
INFO - 33 e3 c8 3c 00 0a 9a 00
INFO - 33 e5 08 3c 00 0a ab 00
INFO - 33 e7 48 3c 00 0a a3 00
INFO - 33 e9 88 3c 00 0a b5 00
INFO - 33 ec c8 3c 00 0a ae 00
INFO - 33 ee 08 3c 00 0a c9 00
INFO - 33 f1 48 3c 00 0a b8 00
INFO - 33 f3 88 3c 00 0a a0 00
INFO - 33 f5 c8 3c 00 0a a4 00
INFO - 33 f8 08 3c 00 0a ef 00
INFO - 33 fa 48 3c 00 0a 95 00
INFO - 33 fc 88 3c 00 0a ae 00
INFO - 33 ff c8 3c 00 0a d9 00
INFO - 34 01 08 3c 00 0a 92 00
INFO - 34 03 48 3c 00 0a 9f 00
INFO - 34 06 88 3c 00 0a e1 00
INFO - 34 08 c8 3c 00 0a b4 00
INFO - 34 0a 08 3c 00 0a 85 00
INFO - 34 0c 48 3c 00 0a a6 00
INFO - 34 0e 88 3c 00 0a a0 00
INFO - 34 0f c8 3c 00 0a 8e 00
INFO - 34 12 08 3c 00 0a b4 00
INFO - 34 14 48 3c 00 0a ad 00
INFO - 34 15 88 3c 00 0a 91 00
INFO - 34 18 c8 3c 00 0a d2 00
INFO - 34 1a 08 3c 00 0a 83 00
INFO - 34 1c 48 3c 00 0a 9f 00
INFO - 34 1e 88 3c 00 0a b5 00
INFO - 34 20 c8 3c 00 0a a6 00
INFO - 34 22 08 3c 00 0a 6a 00
INFO - 34 24 48 3c 00 0a a2 00
INFO - 34 26 88 3c 00 0a a7 00
INFO - 34 28 c8 3c 00 0a 97 00
INFO - 34 2a 08 3c 00 0a b9 00
INFO - 34 2c 48 3c 00 0a 9d 00
INFO - 34 2d 88 3c 00 0a 84 00
INFO - 34 2f c8 3c 00 0a 91 00
INFO - 34 31 08 3c 00 0a 9d 00
INFO - 34 32 48 3c 00 0a 83 00
INFO - 34 34 88 3c 00 0a 87 00
INFO - 34 35 c8 3c 00 0a 9d 00
INFO - 34 37 08 3c 00 0a 8e 00
INFO - 34 39 48 3c 00 0a 91 00
INFO - 34 3c 88 3c 00 0a cd 00
INFO - 34 3e c8 3c 00 0a a6 00
INFO - 34 3f 08 3c 00 0a 9e 00
INFO - 34 43 48 3c 00 0a df 00
INFO - 34 45 88 3c 00 0a bd 00
INFO - 34 47 c8 3c 00 0a 9c 00
INFO - 34 4b 08 3c 00 0a ff 00
INFO - 34 4d 48 3c 00 0a bb 00
INFO - 34 4f 88 3c 00 0a 7e 00
INFO - 34 51 c8 3c 00 0a c8 00
INFO - 34 54 08 3c 00 0a c3 00
INFO - 34 56 48 3c 00 0a 94 00
INFO - 34 57 88 3c 00 0a 85 00
INFO - 34 59 c8 3c 00 0a b0 00
INFO - 34 5b 08 3c 00 0a 87 00
INFO - 34 5d 48 3c 00 0a a9 00
INFO - 34 5f 88 3c 00 0a 90 00
INFO - 34 60 c8 3c 00 0a 9e 00
INFO - 34 62 08 3c 00 0a 99 00
INFO - 34 64 48 3c 00 0a 9b 00
INFO - 34 66 88 3c 00 0a b3 00
INFO - 34 68 c8 3c 00 0a a3 00
INFO - 34 6b 08 3c 00 0a bc 00
INFO - 34 6e 48 3c 00 0a cb 00
INFO - 34 71 88 3c 00 0a d1 00
INFO - 34 73 c8 3c 00 0a a2 00
INFO - 34 74 08 3c 00 0a 91 00
INFO - 34 77 48 3c 00 0a e1 00
INFO - 34 7a 88 3c 00 0a bb 00
INFO - 34 7c c8 3c 00 0a 8e 00
INFO - 34 7e 08 3c 00 0a ae 00
INFO - 34 7f 48 3c 00 0a 94 00
INFO - 34 81 88 3c 00 0a a1 00
INFO - 34 83 c8 3c 00 0a 90 00
INFO - 34 85 08 3c 00 0a a3 00
INFO - 34 87 48 3c 00 0a b8 00
INFO - 34 89 88 3c 00 0a 7c 00
INFO - 34 8b c8 3c 00 0a b8 00
INFO - 34 8c 08 3c 00 0a 7e 00
INFO - 34 8f 48 3c 00 0a cb 00
INFO - 34 91 88 3c 00 0a 76 00
INFO - 34 93 c8 3c 00 0a 8f 00
INFO - 34 94 08 3c 00 0a 85 00
INFO - 34 97 48 3c 00 0a cc 00
INFO - 34 98 88 3c 00 0a 83 00
INFO - 34 9a c8 3c 00 0a 99 00
INFO - 34 9c 08 3c 00 0a 9a 00
INFO - 34 9e 48 3c 00 0a aa 00
INFO - 34 a0 88 3c 00 0a 91 00
INFO - 34 a4 c8 3c 00 0b 28 00
INFO - 34 a7 08 3c 00 0a b8 00
INFO - 34 a8 48 3c 00 0a 81 00
INFO - 34 ab 88 3c 00 0a b6 00
INFO - 34 ac c8 3c 00 0a 90 00
INFO - 34 ae 08 3c 00 0a 8c 00
INFO - 34 b0 48 3c 00 0a ad 00
INFO - 34 b1 88 3c 00 0a 8c 00
INFO - 34 b3 c8 3c 00 0a 97 00
INFO - 34 b5 08 3c 00 0a a5 00
INFO - 34 b7 48 3c 00 0a 98 00
INFO - 34 b9 88 3c 00 0a 8c 00
INFO - 34 bb c8 3c 00 0a ab 00
INFO - 34 bc 08 3c 00 0a 88 00
INFO - 34 be 48 3c 00 0a b3 00
INFO - 34 c1 88 3c 00 0a b0 00
INFO - 34 c3 c8 3c 00 0a b4 00
INFO - 34 c5 08 3c 00 0a 86 00
INFO - 34 c7 48 3c 00 0a cc 00
INFO - 34 c9 88 3c 00 0a 9e 00
INFO - 34 cb c8 3c 00 0a a1 00
INFO - 34 ce 08 3c 00 0a c4 00
INFO - 34 d0 48 3c 00 0a bd 00
INFO - 34 d3 88 3c 00 0a 9f 00
INFO - 34 d5 c8 3c 00 0a b6 00
INFO - 34 d7 08 3c 00 0a af 00
INFO - 34 d9 48 3c 00 0a a1 00
INFO - 34 db 88 3c 00 0a af 00
INFO - 34 de c8 3c 00 0a be 00
INFO - 34 e0 08 3c 00 0a 98 00
INFO - 34 e2 48 3c 00 0a bb 00
INFO - 34 e5 88 3c 00 0a d4 00
INFO - 34 e7 c8 3c 00 0a 9f 00
INFO - 34 e9 08 3c 00 0a ad 00
INFO - 34 ec 48 3c 00 0a bd 00
INFO - 34 ed 88 3c 00 0a 96 00
INFO - 34 ef c8 3c 00 0a 99 00
INFO - 34 f2 08 3c 00 0a df 00
INFO - 34 f5 48 3c 00 0a ac 00
INFO - 34 f7 88 3c 00 0a b0 00
INFO - 34 fa c8 3c 00 0a d9 00
INFO - 34 fc 08 3c 00 0a 94 00
INFO - 34 fe 48 3c 00 0a b9 00
INFO - 35 00 88 3c 00 0a b0 00
INFO - 35 02 c8 3c 00 0a a1 00
INFO - 35 04 08 3c 00 0a a3 00
INFO - 35 07 48 3c 00 0a c6 00
INFO - 35 09 88 3c 00 0a 99 00
INFO - 35 0b c8 3c 00 0a b3 00
INFO - 35 0e 08 3c 00 0a c3 00
INFO - 35 10 48 3c 00 0a a8 00
INFO - 35 11 88 3c 00 0a 8c 00
INFO - 35 14 c8 3c 00 0a bc 00
INFO - 35 16 08 3c 00 0a c0 00
INFO - 35 19 48 3c 00 0a b9 00
INFO - 35 1a 88 3c 00 0a 84 00
INFO - 35 1d c8 3c 00 0a d5 00
INFO - 35 1f 08 3c 00 0a 9e 00
INFO - 35 22 48 3c 00 0a d2 00
INFO - 35 24 88 3c 00 0a a7 00
INFO - 35 26 c8 3c 00 0a a0 00
INFO - 35 29 08 3c 00 0a bb 00
INFO - 35 2c 48 3c 00 0a e2 00
INFO - 35 2e 88 3c 00 0a 92 00
INFO - 35 30 c8 3c 00 0a ac 00
INFO - 35 32 08 3c 00 0a b1 00
INFO - 35 34 48 3c 00 0a a9 00
INFO - 35 39 88 3c 00 0b 2b 00
INFO - 35 3c c8 3c 00 0a d1 00
INFO - 35 3e 08 3c 00 0a be 00
INFO - 35 42 48 3c 00 0a e8 00
INFO - 35 44 88 3c 00 0a c3 00
INFO - 35 48 c8 3c 00 0a db 00
INFO - 35 4a 08 3c 00 0a c4 00
INFO - 35 4d 48 3c 00 0a c5 00
INFO - 35 4f 88 3c 00 0a 95 00
INFO - 35 52 c8 3c 00 0a d1 00
INFO - 35 53 08 3c 00 0a a1 00
INFO - 35 57 48 3c 00 0a a1 00
INFO - 35 5b 88 3c 00 0a de 00
INFO - 35 5c c8 3c 00 0a 93 00
INFO - 35 5f 08 3c 00 0a bd 00
INFO - 35 61 48 3c 00 0a a9 00
INFO - 35 63 88 3c 00 0a be 00
INFO - 35 66 c8 3c 00 0a b6 00
INFO - 35 68 08 3c 00 0a 95 00
INFO - 35 6a 48 3c 00 0a c6 00
INFO - 35 6d 88 3c 00 0a b9 00
INFO - 35 6f c8 3c 00 0a c8 00
INFO - 35 72 08 3c 00 0a c2 00
INFO - 35 74 48 3c 00 0a 98 00
INFO - 35 76 88 3c 00 0a 9a 00
INFO - 35 7a c8 3c 00 0a f9 00
INFO - 35 7c 08 3c 00 0a 9d 00
INFO - 35 7d 48 3c 00 0a a0 00
INFO - 35 7f 88 3c 00 0a 97 00
INFO - 35 83 c8 3c 00 0b 01 00
INFO - 35 86 08 3c 00 0a c0 00
INFO - 35 88 48 3c 00 0a ad 00
INFO - 35 8a 88 3c 00 0a af 00
INFO - 35 8c c8 3c 00 0a 91 00
INFO - 35 8e 08 3c 00 0a b8 00
INFO - 35 90 48 3c 00 0a aa 00
INFO - 35 92 88 3c 00 0a 94 00
INFO - 35 95 c8 3c 00 0a bb 00
INFO - 35 96 08 3c 00 0a 93 00
INFO - 35 98 48 3c 00 0a ab 00
INFO - 35 9b 88 3c 00 0a b4 00
INFO - 35 9e c8 3c 00 0a ce 00
INFO - 35 a0 08 3c 00 0a a3 00
INFO - 35 a4 48 3c 00 0b 1d 00
INFO - 35 a6 88 3c 00 0a b6 00
INFO - 35 a9 c8 3c 00 0a ad 00
INFO - 35 aa 08 3c 00 0a 87 00
INFO - 35 ac 48 3c 00 0a b3 00
INFO - 35 b0 88 3c 00 0a dc 00
INFO - 35 b2 c8 3c 00 0a be 00
INFO - 35 b4 08 3c 00 0a ad 00
INFO - 35 b7 48 3c 00 0a bd 00
INFO - 35 b9 88 3c 00 0a c1 00
INFO - 35 bc c8 3c 00 0a cc 00
INFO - 35 be 08 3c 00 0a ac 00
INFO - 35 c0 48 3c 00 0a 8a 00
INFO - 35 c2 88 3c 00 0a a5 00
INFO - 35 c4 c8 3c 00 0a 9d 00
INFO - 35 c6 08 3c 00 0a a1 00
INFO - 35 c8 48 3c 00 0a 99 00
INFO - 35 ca 88 3c 00 0a a7 00
INFO - 35 cc c8 3c 00 0a ac 00
INFO - 35 ce 08 3c 00 0a a3 00
INFO - 35 d3 48 3c 00 0b 26 00
INFO - 35 d4 88 3c 00 0a 9c 00
INFO - 35 d7 c8 3c 00 0a aa 00
INFO - 35 da 08 3c 00 0a d2 00
INFO - 35 db 48 3c 00 0a 9e 00
INFO - 35 dd 88 3c 00 0a 72 00
INFO - 35 e0 c8 3c 00 0a d6 00
INFO - 35 e2 08 3c 00 0a 8f 00
INFO - 35 e4 48 3c 00 0a ae 00
INFO - 35 e7 88 3c 00 0a b5 00
INFO - 35 e9 c8 3c 00 0a c4 00
INFO - 35 eb 08 3c 00 0a 9b 00
INFO - 35 ef 48 3c 00 0a ff 00
INFO - 35 f1 88 3c 00 0a 9d 00
INFO - 35 f3 c8 3c 00 0a ad 00
INFO - 35 f7 08 3c 00 0a ec 00
INFO - 35 f9 48 3c 00 0a a1 00
INFO - 35 fb 88 3c 00 0a af 00
INFO - 35 fe c8 3c 00 0a e0 00
INFO - 36 00 08 3c 00 0a a1 00
INFO - 36 02 48 3c 00 0a b4 00
INFO - 36 04 88 3c 00 0a a1 00
INFO - 36 08 c8 3c 00 0a e0 00
INFO - 36 09 08 3c 00 0a a2 00
INFO - 36 0c 48 3c 00 0a c6 00
INFO - 36 0f 88 3c 00 0a dd 00
INFO - 36 11 c8 3c 00 0a 9c 00
INFO - 36 13 08 3c 00 0a ad 00
INFO - 36 16 48 3c 00 0a c6 00
INFO - 36 18 88 3c 00 0a 9d 00
INFO - 36 1a c8 3c 00 0a 8a 00
INFO - 36 1d 08 3c 00 0a f7 00
INFO - 36 1f 48 3c 00 0a ac 00
INFO - 36 22 88 3c 00 0a a6 00
INFO - 36 24 c8 3c 00 0a b8 00
INFO - 36 26 08 3c 00 0a 8f 00
INFO - 36 28 48 3c 00 0a a8 00
INFO - 36 2b 88 3c 00 0a cf 00
INFO - 36 2d c8 3c 00 0a be 00
INFO - 36 2f 08 3c 00 0a a2 00
INFO - 36 32 48 3c 00 0a bb 00
INFO - 36 34 88 3c 00 0a a9 00
INFO - 36 35 c8 3c 00 0a 96 00
INFO - 36 38 08 3c 00 0a 8a 00
INFO - 36 3b 48 3c 00 0a b1 00
INFO - 36 3d 88 3c 00 0a 9d 00
INFO - 36 40 c8 3c 00 0a e6 00
INFO - 36 42 08 3c 00 0a b1 00
INFO - 36 44 48 3c 00 0a 9d 00
INFO - 36 47 88 3c 00 0a c6 00
INFO - 36 49 c8 3c 00 0a ae 00
INFO - 36 4b 08 3c 00 0a a4 00
INFO - 36 4e 48 3c 00 0a e9 00
INFO - 36 50 88 3c 00 0a 9a 00
INFO - 36 53 c8 3c 00 0a be 00
INFO - 36 56 08 3c 00 0a d9 00
INFO - 36 58 48 3c 00 0a a5 00
INFO - 36 5a 88 3c 00 0a 9c 00
INFO - 36 5c c8 3c 00 0a b8 00
INFO - 36 5e 08 3c 00 0a 9c 00
INFO - 36 60 48 3c 00 0a b7 00
INFO - 36 63 88 3c 00 0a b2 00
INFO - 36 64 c8 3c 00 0a 8e 00
INFO - 36 66 08 3c 00 0a ac 00
INFO - 36 69 48 3c 00 0a b2 00
INFO - 36 6b 88 3c 00 0a ac 00
INFO - 36 6e c8 3c 00 0a c8 00
INFO - 36 6f 08 3c 00 0a 80 00
INFO - 36 72 48 3c 00 0a ea 00
INFO - 36 75 88 3c 00 0a ac 00
INFO - 36 76 c8 3c 00 0a 83 00
INFO - 36 78 08 3c 00 0a b0 00
INFO - 36 7a 48 3c 00 0a b0 00
INFO - 36 7d 88 3c 00 0a a7 00
INFO - 36 7f c8 3c 00 0a ce 00
INFO - 36 82 08 3c 00 0a 83 00
INFO - 36 84 48 3c 00 0a a8 00
INFO - 36 89 88 3c 00 0b 1a 00
INFO - 36 8b c8 3c 00 0a ad 00
INFO - 36 8e 08 3c 00 0a 7f 00
INFO - 36 90 48 3c 00 0a b8 00
INFO - 36 93 88 3c 00 0a be 00
INFO - 36 96 c8 3c 00 0a e4 00
INFO - 36 98 08 3c 00 0a 9a 00
INFO - 36 9b 48 3c 00 0a bb 00
INFO - 36 9d 88 3c 00 0a a7 00
INFO - 36 9f c8 3c 00 0a c3 00
INFO - 36 a1 08 3c 00 0a 99 00
INFO - 36 a5 48 3c 00 0a fc 00
INFO - 36 a7 88 3c 00 0a af 00
INFO - 36 a9 c8 3c 00 0a 9e 00
INFO - 36 ad 08 3c 00 0a fd 00
INFO - 36 af 48 3c 00 0a ad 00
INFO - 36 b2 88 3c 00 0a af 00
INFO - 36 b5 c8 3c 00 0a fd 00
INFO - 36 b7 08 3c 00 0a 8f 00
INFO - 36 b9 48 3c 00 0a a7 00
INFO - 36 bc 88 3c 00 0a c3 00
INFO - 36 be c8 3c 00 0a bc 00
INFO - 36 c0 08 3c 00 0a ac 00
INFO - 36 c4 48 3c 00 0a e9 00
INFO - 36 c6 88 3c 00 0a 95 00
INFO - 36 c8 c8 3c 00 0a a4 00
INFO - 36 c9 08 3c 00 0a 90 00
INFO - 36 cb 48 3c 00 0a ac 00
INFO - 36 cd 88 3c 00 0a 90 00
INFO - 36 d0 c8 3c 00 0a cb 00
INFO - 36 d2 08 3c 00 0a 98 00
INFO - 36 d4 48 3c 00 0a a6 00
INFO - 36 d6 88 3c 00 0a cb 00
INFO - 36 d9 c8 3c 00 0a b0 00
INFO - 36 db 08 3c 00 0a 9e 00
INFO - 36 dc 48 3c 00 0a 6c 00
INFO - 36 de 88 3c 00 0a a3 00
INFO - 36 e0 c8 3c 00 0a a4 00
INFO - 36 e2 08 3c 00 0a 93 00
INFO - 36 e4 48 3c 00 0a 97 00
INFO - 36 e5 88 3c 00 0a 6e 00
INFO - 36 e7 c8 3c 00 0a b3 00
INFO - 36 ea 08 3c 00 0a cc 00
INFO - 36 ec 48 3c 00 0a a4 00
INFO - 36 ee 88 3c 00 0a a8 00
INFO - 36 ef c8 3c 00 0a 80 00
INFO - 36 f1 08 3c 00 0a 99 00
INFO - 36 f3 48 3c 00 0a 9c 00
INFO - 36 f5 88 3c 00 0a 98 00
INFO - 36 f6 c8 3c 00 0a 93 00
INFO - 36 f8 08 3c 00 0a 9f 00
INFO - 36 fd 48 3c 00 0b 29 00
INFO - 36 ff 88 3c 00 0a a3 00
INFO - 37 02 c8 3c 00 0a d1 00
INFO - 37 05 08 3c 00 0a be 00
INFO - 37 07 48 3c 00 0a a9 00
INFO - 37 09 88 3c 00 0a c0 00
INFO - 37 0c c8 3c 00 0a ac 00
INFO - 37 0e 08 3c 00 0a c1 00
INFO - 37 12 48 3c 00 0a f8 00
INFO - 37 14 88 3c 00 0a a1 00
INFO - 37 16 c8 3c 00 0a af 00
INFO - 37 19 08 3c 00 0a c0 00
INFO - 37 1a 48 3c 00 0a 8f 00
INFO - 37 1c 88 3c 00 0a 7e 00
INFO - 37 1f c8 3c 00 0a e9 00
INFO - 37 21 08 3c 00 0a ae 00
INFO - 37 23 48 3c 00 0a 66 00
INFO - 37 26 88 3c 00 0a c2 00
INFO - 37 28 c8 3c 00 0a a6 00
INFO - 37 2b 08 3c 00 0a f7 00
INFO - 37 2d 48 3c 00 0a 9b 00
INFO - 37 2f 88 3c 00 0a 95 00
INFO - 37 31 c8 3c 00 0a b7 00
INFO - 37 33 08 3c 00 0a 87 00
INFO - 37 35 48 3c 00 0a 9f 00
INFO - 37 37 88 3c 00 0a c0 00
INFO - 37 39 c8 3c 00 0a 92 00
INFO - 37 3b 08 3c 00 0a af 00
INFO - 37 3d 48 3c 00 0a af 00
INFO - 37 40 88 3c 00 0a af 00
INFO - 37 42 c8 3c 00 0a a5 00
INFO - 37 44 08 3c 00 0a a5 00
INFO - 37 45 48 3c 00 0a 9a 00
INFO - 37 47 88 3c 00 0a 9a 00
INFO - 37 4a c8 3c 00 0a e1 00
INFO - 37 4c 08 3c 00 0a 86 00
INFO - 37 4e 48 3c 00 0a a4 00
INFO - 37 50 88 3c 00 0a af 00
INFO - 37 52 c8 3c 00 0a 95 00
INFO - 37 54 08 3c 00 0a a7 00
INFO - 37 5a 48 3c 00 0a bd 00
INFO - 37 5c 88 3c 00 0a 7b 00
INFO - 37 5f c8 3c 00 0a dd 00
INFO - 37 60 08 3c 00 0a 82 00
INFO - 37 63 48 3c 00 0a bf 00
INFO - 37 65 88 3c 00 0a b9 00
INFO - 37 67 c8 3c 00 0a 96 00
INFO - 37 6a 08 3c 00 0a c9 00
INFO - 37 6b 48 3c 00 0a 67 00
INFO - 37 6d 88 3c 00 0a 8e 00
INFO - 37 6f c8 3c 00 0a a6 00
INFO - 37 72 08 3c 00 0a dd 00
INFO - 37 73 48 3c 00 0a 84 00
INFO - 37 76 88 3c 00 0a b2 00
INFO - 37 77 c8 3c 00 0a 99 00
INFO - 37 7a 08 3c 00 0a a6 00
INFO - 37 7b 48 3c 00 0a 9f 00
INFO - 37 7e 88 3c 00 0a b6 00
INFO - 37 7f c8 3c 00 0a 85 00
INFO - 37 81 08 3c 00 0a a3 00
INFO - 37 83 48 3c 00 0a a6 00
INFO - 37 85 88 3c 00 0a 95 00
INFO - 37 86 c8 3c 00 0a 86 00
INFO - 37 89 08 3c 00 0a cc 00
INFO - 37 8b 48 3c 00 0a 8c 00
INFO - 37 8c 88 3c 00 0a 88 00
INFO - 37 8f c8 3c 00 0a c6 00
INFO - 37 90 08 3c 00 0a 8f 00
INFO - 37 93 48 3c 00 0a af 00
INFO - 37 94 88 3c 00 0a 95 00
INFO - 37 96 c8 3c 00 0a 8e 00
INFO - 37 98 08 3c 00 0a b8 00
INFO - 37 9a 48 3c 00 0a 82 00
INFO - 37 9d 88 3c 00 0a d5 00
INFO - 37 9e c8 3c 00 0a 8b 00
INFO - 37 a0 08 3c 00 0a a1 00
INFO - 37 a2 48 3c 00 0a a5 00
INFO - 37 a4 88 3c 00 0a 94 00
INFO - 37 a7 c8 3c 00 0a d6 00
INFO - 37 a9 08 3c 00 0a ba 00
INFO - 37 ab 48 3c 00 0a 98 00
INFO - 37 ae 88 3c 00 0a c2 00
INFO - 37 af c8 3c 00 0a 8a 00
INFO - 37 b2 08 3c 00 0a b5 00
INFO - 37 b3 48 3c 00 0a 9b 00
INFO - 37 b5 88 3c 00 0a a7 00
INFO - 37 b7 c8 3c 00 0a 88 00
INFO - 37 ba 08 3c 00 0a d8 00
INFO - 37 bc 48 3c 00 0a 91 00
INFO - 37 bd 88 3c 00 0a 8f 00
INFO - 37 c3 c8 3c 00 0a a9 00
INFO - 37 c5 08 3c 00 0a a9 00
INFO - 37 c7 48 3c 00 0a 92 00
INFO - 37 c8 88 3c 00 0a 97 00
INFO - 37 cb c8 3c 00 0a c0 00
INFO - 37 cd 08 3c 00 0a a7 00
INFO - 37 ce 48 3c 00 0a 8c 00
INFO - 37 d2 88 3c 00 0a f7 00
INFO - 37 d4 c8 3c 00 0a ab 00
INFO - 37 d6 08 3c 00 0a 93 00
INFO - 37 d8 48 3c 00 0a b5 00
INFO - 37 db 88 3c 00 0a cc 00
INFO - 37 dd c8 3c 00 0a 93 00
INFO - 37 de 08 3c 00 0a 83 00
INFO - 37 e1 48 3c 00 0a c5 00
INFO - 37 e3 88 3c 00 0a b6 00
INFO - 37 e5 c8 3c 00 0a 90 00
INFO - 37 e7 08 3c 00 0a bb 00
INFO - 37 e9 48 3c 00 0a 8d 00
INFO - 37 eb 88 3c 00 0a 93 00
INFO - 37 ec c8 3c 00 0a 8e 00
INFO - 37 ee 08 3c 00 0a 90 00
INFO - 37 ef 48 3c 00 0a 91 00
INFO - 37 f1 88 3c 00 0a 65 00
INFO - 37 f2 c8 3c 00 0a 8d 00
INFO - 37 f4 08 3c 00 0a 93 00
INFO - 37 f6 48 3c 00 0a 96 00
INFO - 37 f7 88 3c 00 0a 94 00
INFO - 37 f9 c8 3c 00 0a 9a 00
INFO - 37 fb 08 3c 00 0a 8c 00
INFO - 37 fd 48 3c 00 0a c1 00
INFO - 37 ff 88 3c 00 0a 86 00
INFO - 38 01 c8 3c 00 0a a7 00
INFO - 38 04 08 3c 00 0a cb 00
INFO - 38 06 48 3c 00 0a a9 00
INFO - 38 08 88 3c 00 0a b1 00
INFO - 38 0a c8 3c 00 0a 95 00
INFO - 38 0e 08 3c 00 0b 26 00
INFO - 38 10 48 3c 00 0a a0 00
INFO - 38 12 88 3c 00 0a 88 00
INFO - 38 13 c8 3c 00 0a 8c 00
INFO - 38 15 08 3c 00 0a a3 00
INFO - 38 17 48 3c 00 0a 92 00
INFO - 38 19 88 3c 00 0a 96 00
INFO - 38 1a c8 3c 00 0a 92 00
INFO - 38 1d 08 3c 00 0a ad 00
INFO - 38 1f 48 3c 00 0a b2 00
INFO - 38 21 88 3c 00 0a a6 00
INFO - 38 23 c8 3c 00 0a ac 00
INFO - 38 25 08 3c 00 0a 95 00
INFO - 38 26 48 3c 00 0a 7e 00
INFO - 38 28 88 3c 00 0a ac 00
INFO - 38 2b c8 3c 00 0a dd 00
INFO - 38 2d 08 3c 00 0a 98 00
INFO - 38 2f 48 3c 00 0a 95 00
INFO - 38 31 88 3c 00 0a b8 00
INFO - 38 33 c8 3c 00 0a 8f 00
INFO - 38 35 08 3c 00 0a 98 00
INFO - 38 38 48 3c 00 0a d3 00
INFO - 38 3a 88 3c 00 0a a1 00
INFO - 38 3b c8 3c 00 0a 99 00
INFO - 38 3e 08 3c 00 0a c9 00
INFO - 38 40 48 3c 00 0a b4 00
INFO - 38 42 88 3c 00 0a 92 00
INFO - 38 45 c8 3c 00 0a cb 00
INFO - 38 47 08 3c 00 0a 99 00
INFO - 38 48 48 3c 00 0a 8f 00
INFO - 38 4a 88 3c 00 0a 97 00
INFO - 38 4c c8 3c 00 0a a6 00
INFO - 38 4e 08 3c 00 0a 9a 00
INFO - 38 50 48 3c 00 0a ae 00
INFO - 38 53 88 3c 00 0a d5 00
INFO - 38 55 c8 3c 00 0a 93 00
INFO - 38 57 08 3c 00 0a a1 00
INFO - 38 59 48 3c 00 0a aa 00
INFO - 38 5b 88 3c 00 0a 9e 00
INFO - 38 5d c8 3c 00 0a a3 00
INFO - 38 60 08 3c 00 0a df 00
INFO - 38 61 48 3c 00 0a 8f 00
INFO - 38 63 88 3c 00 0a 90 00
INFO - 38 65 c8 3c 00 0a 8e 00
INFO - 38 67 08 3c 00 0a b9 00
INFO - 38 69 48 3c 00 0a 8b 00
INFO - 38 6b 88 3c 00 0a a8 00
INFO - 38 6c c8 3c 00 0a 8c 00
INFO - 38 6e 08 3c 00 0a 85 00
INFO - 38 70 48 3c 00 0a ac 00
INFO - 38 71 88 3c 00 0a 85 00
INFO - 38 72 c8 3c 00 0a 67 00
INFO - 38 74 08 3c 00 0a 8f 00
INFO - 38 75 48 3c 00 0a 84 00
INFO - 38 77 88 3c 00 0a a4 00
INFO - 38 7a c8 3c 00 0a c3 00
INFO - 38 7d 08 3c 00 0a df 00
INFO - 38 7e 48 3c 00 0a 81 00
INFO - 38 80 88 3c 00 0a 8f 00
INFO - 38 81 c8 3c 00 0a 98 00
INFO - 38 85 08 3c 00 0a e9 00
INFO - 38 87 48 3c 00 0a a6 00
INFO - 38 89 88 3c 00 0a 96 00
INFO - 38 8b c8 3c 00 0a a7 00
INFO - 38 8d 08 3c 00 0a be 00
INFO - 38 8f 48 3c 00 0a 8a 00
INFO - 38 90 88 3c 00 0a 95 00
INFO - 38 94 c8 3c 00 0a f4 00
INFO - 38 95 08 3c 00 0a 86 00
INFO - 38 98 48 3c 00 0a a8 00
INFO - 38 99 88 3c 00 0a 8d 00
INFO - 38 9c c8 3c 00 0a bb 00
INFO - 38 9e 08 3c 00 0a b4 00
INFO - 38 a0 48 3c 00 0a 90 00
INFO - 38 a2 88 3c 00 0a a8 00
INFO - 38 a4 c8 3c 00 0a c2 00
INFO - 38 a6 08 3c 00 0a a1 00
INFO - 38 a9 48 3c 00 0a bc 00
INFO - 38 aa 88 3c 00 0a 90 00
INFO - 38 ad c8 3c 00 0a c3 00
INFO - 38 ae 08 3c 00 0a 86 00
INFO - 38 b0 48 3c 00 0a 9b 00
INFO - 38 b2 88 3c 00 0a 90 00
INFO - 38 b2 c8 3c 00 0a 90 00
INFO - 38 b2 08 3c 00 0a 90 00
INFO - 38 b2 48 3c 00 0a 90 00
INFO - 38 b2 88 3c 00 0a 90 00
INFO - 38 b2 c8 3c 00 0a 90 00
INFO - 38 b2 08 3c 00 0a 90 00
INFO - 38 b2 48 3c 00 0a 90 00
INFO - 38 b2 88 3c 00 0a 90 00
INFO - 38 b2 c8 3c 00 0a 90 00
INFO - 38 b2 08 3c 00 0a 90 00
