INFO - 40 00 48 00 f9 41 00 23
INFO - 43 76 88 00 f9 51 00 20
INFO - 43 82 c8 00 f9 51 00 20
INFO - 43 8c 08 00 f9 41 00 24
INFO - 43 cc 48 00 f9 41 00 24
INFO - 44 31 88 00 f9 51 00 20
INFO - 44 68 c8 00 f9 41 00 23
INFO - 45 a2 08 00 f9 41 00 23
INFO - 47 af 48 00 f9 41 00 23
INFO - 49 a3 88 00 f9 41 00 23
INFO - 4b 97 c8 00 f9 41 00 23
INFO - 4d 39 08 00 f9 41 00 23
INFO - 4d b3 48 00 f9 41 00 23
INFO - 4e c2 88 00 f9 41 00 23
INFO - 4f b4 c8 00 f9 51 00 20
INFO - 50 05 08 00 f9 41 00 24
INFO - 50 88 48 00 f9 51 00 20
INFO - 50 99 88 00 f9 51 00 20
INFO - 50 a7 c8 00 f9 41 00 23
INFO - 50 bd 08 00 f9 41 00 23
INFO - 51 59 48 00 f9 41 00 23
INFO - 53 08 88 00 f9 41 00 23
INFO - 53 39 c8 00 f9 51 00 20
INFO - 53 58 08 00 f9 51 00 20
INFO - 53 71 48 00 f9 41 00 24
INFO - 53 a1 88 00 f9 41 00 24
INFO - 55 40 c8 00 f9 41 00 24
INFO - 57 3a 08 00 f9 41 00 24
INFO - 57 bb 48 00 f9 41 00 24
INFO - 58 56 88 00 f9 51 00 20
INFO - 58 67 c8 00 f9 51 00 20
INFO - 58 78 08 00 f9 41 00 23
INFO - 58 fa 48 00 f9 41 00 23
INFO - 59 90 88 00 f9 51 00 20
INFO - 59 e7 c8 00 f9 41 00 24
INFO - 5a 9c 08 00 f9 51 00 20
INFO - 5a ac 48 00 f9 51 00 20
INFO - 5a bb 88 00 f9 41 00 23
INFO - 5b 33 c8 00 f9 41 00 23
INFO - 5b a3 08 00 f9 41 00 23
INFO - 5d 8d 48 00 f9 41 00 23
INFO - 5d ee 88 00 f9 41 00 23
INFO - 5e 52 c8 00 f9 51 00 20
INFO - 5e 62 08 00 f9 51 00 20
INFO - 5e 75 48 00 f9 41 00 24
INFO - 5e d7 88 00 f9 51 00 20
INFO - 5f 22 c8 00 f9 41 00 23
INFO - 5f 8b 08 00 f9 41 00 23
