INFO - 40 00 cb 00 f9 41 00 23
INFO - 40 fb 0b 00 f9 41 00 23
INFO - 43 08 4b 00 f9 41 00 23
INFO - 44 fc 8b 00 f9 41 00 23
INFO - 46 f0 cb 00 f9 41 00 23
INFO - 48 92 0b 00 f9 41 00 23
INFO - 49 0c 4b 00 f9 41 00 23
INFO - 4a 1b 8b 00 f9 41 00 23
INFO - 4b 0d cb 00 f9 51 00 20
INFO - 4b 5e 0b 00 f9 41 00 24
INFO - 4b e1 4b 00 f9 51 00 20
INFO - 4b f3 8b 00 f9 51 00 20
INFO - 4c 00 cb 00 f9 41 00 23
INFO - 4c 16 0b 00 f9 41 00 23
INFO - 4c b2 4b 00 f9 41 00 23
INFO - 4e 61 8b 00 f9 41 00 23
INFO - 4e 92 cb 00 f9 51 00 20
INFO - 4e b1 0b 00 f9 51 00 20
INFO - 4e ca 4b 00 f9 41 00 24
INFO - 4e fa 8b 00 f9 41 00 24
INFO - 50 99 cb 00 f9 41 00 24
INFO - 52 93 0b 00 f9 41 00 24
INFO - 53 14 4b 00 f9 41 00 24
INFO - 53 af 8b 00 f9 51 00 20
INFO - 53 c0 cb 00 f9 51 00 20
INFO - 53 d1 0b 00 f9 41 00 23
INFO - 54 53 4b 00 f9 41 00 23
INFO - 54 e9 8b 00 f9 51 00 20
INFO - 55 40 cb 00 f9 41 00 24
INFO - 55 f5 0b 00 f9 51 00 20
INFO - 56 05 4b 00 f9 51 00 20
INFO - 56 14 8b 00 f9 41 00 23
INFO - 56 8c cb 00 f9 41 00 23
INFO - 56 fc 0b 00 f9 41 00 23
INFO - 58 e6 4b 00 f9 41 00 23
INFO - 59 47 8b 00 f9 41 00 23
INFO - 59 ab cb 00 f9 51 00 20
INFO - 59 bb 0b 00 f9 51 00 20
INFO - 59 ce 4b 00 f9 41 00 24
INFO - 5a 30 8b 00 f9 51 00 20
INFO - 5a 7b cb 00 f9 41 00 23
INFO - 5a e4 0b 00 f9 41 00 23
