INFO - 20 00 48 3c 00 0a 40 00
INFO - 20 06 88 3c 00 0b 56 00
INFO - 20 10 c8 3c 00 0a 96 00
INFO - 20 12 08 3c 00 0a d0 00
INFO - 20 17 48 3c 00 0b 18 00
INFO - 20 17 88 3c 00 0b 18 00
INFO - 20 1d c8 3c 00 0a e2 00
INFO - 20 1d 08 3c 00 0a e2 00
INFO - 20 1d 48 3c 00 0a e2 00
INFO - 20 22 88 3c 00 0a 8c 00
INFO - 20 22 c8 3c 00 0a 8c 00
INFO - 20 22 08 3c 00 0a 8c 00
INFO - 20 2a 48 3c 00 0a c5 00
INFO - 20 2a 88 3c 00 0a c5 00
INFO - 20 31 c8 3c 00 0a ef 00
INFO - 20 31 08 3c 00 0a ef 00
INFO - 20 34 48 3c 00 0a 87 00
INFO - 20 34 88 3c 00 0a 87 00
INFO - 20 35 c8 3c 00 0a 64 00
INFO - 20 35 08 3c 00 0a 64 00
INFO - 20 40 48 3c 00 0b 51 00
INFO - 20 40 88 3c 00 0b 51 00
INFO - 20 45 c8 3c 00 0a bd 00
INFO - 20 45 08 3c 00 0a bd 00
INFO - 20 45 48 3c 00 0a bd 00
INFO - 20 46 88 3c 00 0a 51 00
INFO - 20 4e c8 3c 00 0a f4 00
INFO - 20 4f 08 3c 00 0a 88 00
INFO - 20 53 48 3c 00 0a f4 00
INFO - 20 54 88 3c 00 0a 94 00
INFO - 20 57 c8 3c 00 0a af 00
INFO - 20 5a 08 3c 00 0a cf 00
INFO - 20 5f 48 3c 00 0b 2d 00
INFO - 20 62 88 3c 00 0a ba 00
INFO - 20 62 c8 3c 00 0a ba 00
INFO - 20 62 08 3c 00 0a ba 00
INFO - 20 62 48 3c 00 0a ba 00
INFO - 20 6a 88 3c 00 0a a2 00
INFO - 20 6e c8 3c 00 0b 18 00
INFO - 20 6f 08 3c 00 0a 87 00
INFO - 20 74 48 3c 00 0b 22 00
INFO - 20 74 88 3c 00 0b 22 00
INFO - 20 75 c8 3c 00 0a 64 00
INFO - 20 79 08 3c 00 0b 0b 00
INFO - 20 7c 48 3c 00 0a 77 00
INFO - 20 81 88 3c 00 0b 46 00
INFO - 20 83 c8 3c 00 0a bf 00
INFO - 20 85 08 3c 00 0a 9f 00
INFO - 20 88 48 3c 00 0a b9 00
INFO - 20 89 88 3c 00 0a 90 00
INFO - 20 8b c8 3c 00 0a 96 00
INFO - 20 8e 08 3c 00 0a ca 00
INFO - 20 91 48 3c 00 0a e8 00
INFO - 20 93 88 3c 00 0a 9a 00
INFO - 20 96 c8 3c 00 0a ce 00
INFO - 20 98 08 3c 00 0a 9c 00
INFO - 20 9b 48 3c 00 0a cf 00
INFO - 20 9d 88 3c 00 0a b1 00
INFO - 20 9f c8 3c 00 0a b5 00
INFO - 20 a2 08 3c 00 0a b3 00
INFO - 20 a5 48 3c 00 0a d7 00
INFO - 20 a7 88 3c 00 0a b4 00
INFO - 20 a9 c8 3c 00 0a b3 00
INFO - 20 ab 08 3c 00 0a a8 00
INFO - 20 ae 48 3c 00 0a a8 00
INFO - 20 b0 88 3c 00 0a b3 00
INFO - 20 b3 c8 3c 00 0a ca 00
INFO - 20 b4 08 3c 00 0a 9b 00
INFO - 20 b7 48 3c 00 0a ca 00
INFO - 20 b9 88 3c 00 0a a7 00
INFO - 20 bc c8 3c 00 0a e0 00
INFO - 20 bf 08 3c 00 0a b2 00
INFO - 20 c1 48 3c 00 0a bd 00
INFO - 20 c5 88 3c 00 0a f5 00
INFO - 20 c7 c8 3c 00 0a a6 00
INFO - 20 c9 08 3c 00 0a a6 00
INFO - 20 cb 48 3c 00 0a a6 00
INFO - 20 cd 88 3c 00 0a a6 00
INFO - 20 cf c8 3c 00 0a 8e 00
INFO - 20 d1 08 3c 00 0a b1 00
INFO - 20 d3 48 3c 00 0a bb 00
INFO - 20 d6 88 3c 00 0a c6 00
INFO - 20 d7 c8 3c 00 0a 82 00
INFO - 20 d9 08 3c 00 0a 97 00
INFO - 20 db 48 3c 00 0a af 00
INFO - 20 dd 88 3c 00 0a a4 00
INFO - 20 df c8 3c 00 0a 99 00
INFO - 20 e1 08 3c 00 0a a4 00
INFO - 20 e3 48 3c 00 0a a3 00
INFO - 20 e5 88 3c 00 0a 98 00
INFO - 20 e7 c8 3c 00 0a 8d 00
INFO - 20 e9 08 3c 00 0a ae 00
INFO - 20 eb 48 3c 00 0a 98 00
INFO - 20 ed 88 3c 00 0a b8 00
INFO - 20 ef c8 3c 00 0a 6c 00
INFO - 20 f1 08 3c 00 0a af 00
INFO - 20 f5 48 3c 00 0b 04 00
INFO - 20 f7 88 3c 00 0a 94 00
INFO - 20 f8 c8 3c 00 0a 97 00
INFO - 20 fb 08 3c 00 0a ba 00
INFO - 20 fd 48 3c 00 0a bf 00
INFO - 21 00 88 3c 00 0a ba 00
INFO - 21 03 c8 3c 00 0a ca 00
INFO - 21 05 08 3c 00 0a d1 00
INFO - 21 0a 48 3c 00 0b 0e 00
INFO - 21 0c 88 3c 00 0a aa 00
INFO - 21 0e c8 3c 00 0a c6 00
INFO - 21 12 08 3c 00 0a e0 00
INFO - 21 15 48 3c 00 0a da 00
INFO - 21 17 88 3c 00 0a b8 00
INFO - 21 19 c8 3c 00 0a b1 00
INFO - 21 1b 08 3c 00 0a 8a 00
INFO - 21 1d 48 3c 00 0a a5 00
INFO - 21 1f 88 3c 00 0a 95 00
INFO - 21 21 c8 3c 00 0a ad 00
INFO - 21 23 08 3c 00 0a bd 00
INFO - 21 25 48 3c 00 0a aa 00
INFO - 21 27 88 3c 00 0a 9b 00
INFO - 21 29 c8 3c 00 0a 8a 00
INFO - 21 2c 08 3c 00 0a c8 00
INFO - 21 2d 48 3c 00 0a 94 00
INFO - 21 31 88 3c 00 0a e9 00
INFO - 21 33 c8 3c 00 0a c0 00
INFO - 21 35 08 3c 00 0a 9b 00
INFO - 21 37 48 3c 00 0a 95 00
INFO - 21 39 88 3c 00 0a b1 00
INFO - 21 3b c8 3c 00 0a 95 00
INFO - 21 3e 08 3c 00 0a d0 00
INFO - 21 40 48 3c 00 0a c4 00
INFO - 21 42 88 3c 00 0a a5 00
INFO - 21 44 c8 3c 00 0a ab 00
INFO - 21 47 08 3c 00 0a bc 00
INFO - 21 49 48 3c 00 0a a0 00
INFO - 21 4c 88 3c 00 0a c3 00
INFO - 21 4e c8 3c 00 0a b2 00
INFO - 21 50 08 3c 00 0a 94 00
INFO - 21 52 48 3c 00 0a a7 00
INFO - 21 53 88 3c 00 0a 95 00
INFO - 21 55 c8 3c 00 0a 99 00
INFO - 21 59 08 3c 00 0a ef 00
INFO - 21 5b 48 3c 00 0a a3 00
INFO - 21 5e 88 3c 00 0a d2 00
INFO - 21 60 c8 3c 00 0a b5 00
INFO - 21 62 08 3c 00 0a a4 00
INFO - 21 64 48 3c 00 0a b9 00
INFO - 21 67 88 3c 00 0a b9 00
INFO - 21 69 c8 3c 00 0a a6 00
INFO - 21 6a 08 3c 00 0a 96 00
INFO - 21 6d 48 3c 00 0a ae 00
INFO - 21 6f 88 3c 00 0a a6 00
INFO - 21 71 c8 3c 00 0a c0 00
INFO - 21 73 08 3c 00 0a a4 00
INFO - 21 76 48 3c 00 0a 9e 00
INFO - 21 77 88 3c 00 0a 98 00
INFO - 21 7a c8 3c 00 0a ae 00
INFO - 21 7b 08 3c 00 0a 8d 00
INFO - 21 7d 48 3c 00 0a a3 00
INFO - 21 7f 88 3c 00 0a ae 00
INFO - 21 81 c8 3c 00 0a 98 00
INFO - 21 84 08 3c 00 0a c5 00
INFO - 21 85 48 3c 00 0a 8a 00
INFO - 21 88 88 3c 00 0a bd 00
INFO - 21 8a c8 3c 00 0a 99 00
INFO - 21 8c 08 3c 00 0a af 00
INFO - 21 8f 48 3c 00 0a d1 00
INFO - 21 91 88 3c 00 0a bb 00
INFO - 21 93 c8 3c 00 0a af 00
INFO - 21 95 08 3c 00 0a a6 00
INFO - 21 98 48 3c 00 0a a7 00
INFO - 21 9a 88 3c 00 0a af 00
INFO - 21 9d c8 3c 00 0a d5 00
INFO - 21 9e 08 3c 00 0a 78 00
INFO - 21 a1 48 3c 00 0a c7 00
INFO - 21 a4 88 3c 00 0a d2 00
INFO - 21 a7 c8 3c 00 0a c5 00
INFO - 21 a9 08 3c 00 0a bf 00
INFO - 21 ac 48 3c 00 0a d5 00
INFO - 21 af 88 3c 00 0a b9 00
INFO - 21 b1 c8 3c 00 0a b2 00
INFO - 21 b4 08 3c 00 0a d3 00
INFO - 21 b6 48 3c 00 0a a7 00
INFO - 21 b8 88 3c 00 0a a9 00
INFO - 21 ba c8 3c 00 0a 99 00
INFO - 21 bc 08 3c 00 0a b2 00
INFO - 21 bf 48 3c 00 0a c0 00
INFO - 21 c1 88 3c 00 0a 99 00
INFO - 21 c3 c8 3c 00 0a a6 00
INFO - 21 c5 08 3c 00 0a c9 00
INFO - 21 c8 48 3c 00 0a c1 00
INFO - 21 cb 88 3c 00 0a c6 00
INFO - 21 cd c8 3c 00 0a 9c 00
INFO - 21 cf 08 3c 00 0a c9 00
INFO - 21 d1 48 3c 00 0a 90 00
INFO - 21 d4 88 3c 00 0a d7 00
INFO - 21 d6 c8 3c 00 0a 99 00
INFO - 21 d8 08 3c 00 0a b2 00
INFO - 21 da 48 3c 00 0a b4 00
INFO - 21 dd 88 3c 00 0a c7 00
INFO - 21 df c8 3c 00 0a a7 00
INFO - 21 e2 08 3c 00 0a d5 00
INFO - 21 e4 48 3c 00 0a 90 00
INFO - 21 e7 88 3c 00 0a d7 00
INFO - 21 e9 c8 3c 00 0a b0 00
INFO - 21 eb 08 3c 00 0a b5 00
INFO - 21 ed 48 3c 00 0a a4 00
INFO - 21 f0 88 3c 00 0a cc 00
INFO - 21 f2 c8 3c 00 0a 8d 00
INFO - 21 f4 08 3c 00 0a aa 00
INFO - 21 f6 48 3c 00 0a a4 00
INFO - 21 f8 88 3c 00 0a b3 00
INFO - 21 fb c8 3c 00 0a b5 00
INFO - 21 fc 08 3c 00 0a 99 00
INFO - 21 ff 48 3c 00 0a b3 00
INFO - 22 00 88 3c 00 0a 94 00
INFO - 22 03 c8 3c 00 0a bc 00
INFO - 22 05 08 3c 00 0a aa 00
INFO - 22 08 48 3c 00 0a d3 00
INFO - 22 09 88 3c 00 0a 89 00
INFO - 22 0c c8 3c 00 0a bc 00
INFO - 22 0e 08 3c 00 0a 9d 00
INFO - 22 10 48 3c 00 0a 9f 00
