INFO - 20 00 48 3c 00 0a 40 00
INFO - 20 0a 88 3c 00 0b f4 00
INFO - 20 16 c8 3c 00 0a ab 00
INFO - 20 19 08 3c 00 0a f5 00
INFO - 20 1c 48 3c 00 0a d7 00
INFO - 20 1f 88 3c 00 0a d6 00
INFO - 20 23 c8 3c 00 0a f6 00
INFO - 20 23 08 3c 00 0a f6 00
INFO - 20 24 48 3c 00 0a 55 00
INFO - 20 2b 88 3c 00 0b 99 00
INFO - 20 2e c8 3c 00 0a e7 00
INFO - 20 31 08 3c 00 0a bf 00
INFO - 20 31 48 3c 00 0a bf 00
INFO - 20 36 88 3c 00 0a c4 00
INFO - 20 36 c8 3c 00 0a c4 00
INFO - 20 36 08 3c 00 0a c4 00
INFO - 20 38 48 3c 00 0a 60 00
INFO - 20 40 88 3c 00 0b e4 00
INFO - 20 40 c8 3c 00 0b e4 00
INFO - 20 42 08 3c 00 0a 63 00
INFO - 20 42 48 3c 00 0a 63 00
INFO - 20 42 88 3c 00 0a 63 00
INFO - 20 4e c8 3c 00 0b 09 00
INFO - 20 52 08 3c 00 0b 22 00
INFO - 20 52 48 3c 00 0b 22 00
INFO - 20 52 88 3c 00 0b 22 00
INFO - 20 59 c8 3c 00 0a a8 00
INFO - 20 59 08 3c 00 0a a8 00
INFO - 20 60 48 3c 00 0a f8 00
INFO - 20 64 88 3c 00 0a fa 00
INFO - 20 67 c8 3c 00 0a cd 00
INFO - 20 69 08 3c 00 0a a5 00
INFO - 20 69 48 3c 00 0a a5 00
INFO - 20 6b 88 3c 00 0a 76 00
INFO - 20 74 c8 3c 00 0b ed 00
INFO - 20 75 08 3c 00 0a a2 00
INFO - 20 79 48 3c 00 0a dd 00
INFO - 20 7a 88 3c 00 0a 95 00
INFO - 20 7d c8 3c 00 0a dd 00
INFO - 20 80 08 3c 00 0a ce 00
INFO - 20 82 48 3c 00 0a a3 00
INFO - 20 85 88 3c 00 0a c0 00
INFO - 20 87 c8 3c 00 0a b1 00
INFO - 20 8b 08 3c 00 0b 07 00
INFO - 20 8e 48 3c 00 0a ce 00
INFO - 20 91 88 3c 00 0a ce 00
INFO - 20 93 c8 3c 00 0a bf 00
INFO - 20 96 08 3c 00 0a b1 00
INFO - 20 98 48 3c 00 0a be 00
INFO - 20 9c 88 3c 00 0a e9 00
INFO - 20 9e c8 3c 00 0a be 00
INFO - 20 a1 08 3c 00 0a bf 00
INFO - 20 a4 48 3c 00 0a cd 00
INFO - 20 a6 88 3c 00 0a bd 00
INFO - 20 a8 c8 3c 00 0a b0 00
INFO - 20 ac 08 3c 00 0a e7 00
INFO - 20 ae 48 3c 00 0a ae 00
INFO - 20 b2 88 3c 00 0a f7 00
INFO - 20 b5 c8 3c 00 0a d9 00
INFO - 20 b8 08 3c 00 0a e6 00
INFO - 20 ba 48 3c 00 0a 91 00
INFO - 20 bc 88 3c 00 0a bf 00
INFO - 20 bf c8 3c 00 0a ca 00
INFO - 20 c4 08 3c 00 0b 4b 00
INFO - 20 c7 48 3c 00 0a b0 00
INFO - 20 c9 88 3c 00 0a c9 00
INFO - 20 cc c8 3c 00 0a d7 00
INFO - 20 cf 08 3c 00 0a b9 00
INFO - 20 d2 48 3c 00 0a f3 00
INFO - 20 d5 88 3c 00 0a ba 00
INFO - 20 d9 c8 3c 00 0a fe 00
INFO - 20 dc 08 3c 00 0a d6 00
INFO - 20 df 48 3c 00 0a d4 00
INFO - 20 e1 88 3c 00 0a bc 00
INFO - 20 e3 c8 3c 00 0a 9d 00
INFO - 20 e6 08 3c 00 0a bb 00
INFO - 20 e8 48 3c 00 0a c6 00
INFO - 20 ed 88 3c 00 0b 18 00
INFO - 20 ef c8 3c 00 0a ba 00
INFO - 20 f1 08 3c 00 0a ba 00
INFO - 20 f4 48 3c 00 0a c6 00
INFO - 20 f7 88 3c 00 0a c5 00
INFO - 20 fa c8 3c 00 0a d3 00
INFO - 20 fd 08 3c 00 0a c7 00
INFO - 20 ff 48 3c 00 0a aa 00
INFO - 21 01 88 3c 00 0a b9 00
INFO - 21 03 c8 3c 00 0a b8 00
INFO - 21 06 08 3c 00 0a a9 00
INFO - 21 08 48 3c 00 0a 83 00
INFO - 21 0b 88 3c 00 0a b6 00
INFO - 21 0d c8 3c 00 0a c6 00
INFO - 21 10 08 3c 00 0a b6 00
INFO - 21 12 48 3c 00 0a b7 00
INFO - 21 15 88 3c 00 0a b8 00
INFO - 21 17 c8 3c 00 0a b5 00
INFO - 21 19 08 3c 00 0a b6 00
INFO - 21 1c 48 3c 00 0a c3 00
INFO - 21 1f 88 3c 00 0a c5 00
INFO - 21 22 c8 3c 00 0a e9 00
INFO - 21 25 08 3c 00 0a c3 00
INFO - 21 28 48 3c 00 0a eb 00
INFO - 21 2b 88 3c 00 0a e9 00
INFO - 21 2f c8 3c 00 0a d9 00
INFO - 21 31 08 3c 00 0a a9 00
INFO - 21 34 48 3c 00 0a dc 00
INFO - 21 37 88 3c 00 0a d0 00
INFO - 21 3a c8 3c 00 0a c2 00
INFO - 21 3d 08 3c 00 0a e9 00
INFO - 21 40 48 3c 00 0a c2 00
INFO - 21 42 88 3c 00 0a a8 00
INFO - 21 45 c8 3c 00 0a c3 00
INFO - 21 47 08 3c 00 0a a8 00
INFO - 21 4a 48 3c 00 0a e9 00
INFO - 21 4d 88 3c 00 0a db 00
INFO - 21 4f c8 3c 00 0a 9b 00
INFO - 21 52 08 3c 00 0a cc 00
INFO - 21 55 48 3c 00 0a c2 00
INFO - 21 58 88 3c 00 0a f6 00
INFO - 21 5a c8 3c 00 0a 9b 00
INFO - 21 5d 08 3c 00 0a db 00
INFO - 21 5f 48 3c 00 0a b6 00
INFO - 21 62 88 3c 00 0a b5 00
INFO - 21 64 c8 3c 00 0a c2 00
INFO - 21 67 08 3c 00 0a c2 00
INFO - 21 6a 48 3c 00 0a dc 00
INFO - 21 6e 88 3c 00 0a f6 00
INFO - 21 71 c8 3c 00 0a e9 00
INFO - 21 74 08 3c 00 0a c2 00
INFO - 21 77 48 3c 00 0a f5 00
INFO - 21 7b 88 3c 00 0a e8 00
INFO - 21 7d c8 3c 00 0a b5 00
INFO - 21 80 08 3c 00 0a b5 00
INFO - 21 82 48 3c 00 0a b4 00
INFO - 21 84 88 3c 00 0a a8 00
INFO - 21 87 c8 3c 00 0a c1 00
INFO - 21 89 08 3c 00 0a b4 00
INFO - 21 8c 48 3c 00 0a c1 00
INFO - 21 8e 88 3c 00 0a c0 00
INFO - 21 91 c8 3c 00 0a be 00
INFO - 21 93 08 3c 00 0a a9 00
INFO - 21 95 48 3c 00 0a 9a 00
INFO - 21 97 88 3c 00 0a c1 00
INFO - 21 99 c8 3c 00 0a b3 00
INFO - 21 9b 08 3c 00 0a 97 00
INFO - 21 9e 48 3c 00 0a b5 00
INFO - 21 a1 88 3c 00 0a d7 00
INFO - 21 a3 c8 3c 00 0a b5 00
INFO - 21 a7 08 3c 00 0b 0a 00
INFO - 21 aa 48 3c 00 0a ce 00
INFO - 21 ad 88 3c 00 0a c9 00
INFO - 21 b0 c8 3c 00 0b 01 00
INFO - 21 b4 08 3c 00 0a e2 00
INFO - 21 b6 48 3c 00 0a a8 00
INFO - 21 b8 88 3c 00 0a af 00
INFO - 21 ba c8 3c 00 0a a8 00
INFO - 21 bd 08 3c 00 0a bc 00
INFO - 21 bf 48 3c 00 0a ce 00
INFO - 21 c2 88 3c 00 0a c8 00
INFO - 21 c5 c8 3c 00 0a d8 00
INFO - 21 c8 08 3c 00 0a b2 00
INFO - 21 ca 48 3c 00 0a a8 00
INFO - 21 cc 88 3c 00 0a bc 00
INFO - 21 cf c8 3c 00 0a ce 00
INFO - 21 d2 08 3c 00 0a 84 00
INFO - 21 d5 48 3c 00 0a db 00
INFO - 21 d8 88 3c 00 0a cc 00
INFO - 21 da c8 3c 00 0a c8 00
INFO - 21 dd 08 3c 00 0a b2 00
INFO - 21 e0 48 3c 00 0a cc 00
INFO - 21 e2 88 3c 00 0a c2 00
INFO - 21 e4 c8 3c 00 0a 97 00
INFO - 21 e6 08 3c 00 0a b3 00
INFO - 21 e9 48 3c 00 0a bf 00
INFO - 21 eb 88 3c 00 0a 9a 00
INFO - 21 ed c8 3c 00 0a c0 00
INFO - 21 f0 08 3c 00 0a cd 00
INFO - 21 f3 48 3c 00 0a cd 00
INFO - 21 f5 88 3c 00 0a b4 00
INFO - 21 f7 c8 3c 00 0a a7 00
INFO - 21 f9 08 3c 00 0a a7 00
INFO - 21 fb 48 3c 00 0a a6 00
INFO - 21 fe 88 3c 00 0a b5 00
INFO - 22 01 c8 3c 00 0a ce 00
INFO - 22 04 08 3c 00 0a db 00
INFO - 22 06 48 3c 00 0a c2 00
INFO - 22 08 88 3c 00 0a a8 00
INFO - 22 0b c8 3c 00 0a c2 00
INFO - 22 0e 08 3c 00 0a dc 00
INFO - 22 11 48 3c 00 0a c2 00
INFO - 22 14 88 3c 00 0a cf 00
INFO - 22 16 c8 3c 00 0a a9 00
INFO - 22 18 08 3c 00 0a a9 00
INFO - 22 1b 48 3c 00 0a d0 00
INFO - 22 1e 88 3c 00 0a ea 00
INFO - 22 22 c8 3c 00 0a ec 00
INFO - 22 24 08 3c 00 0a a9 00
INFO - 22 28 48 3c 00 0b 2d 00
INFO - 22 2b 88 3c 00 0a d0 00
INFO - 22 30 c8 3c 00 0b 23 00
INFO - 22 33 08 3c 00 0a c5 00
INFO - 22 35 48 3c 00 0a c4 00
INFO - 22 38 88 3c 00 0a b6 00
INFO - 22 3a c8 3c 00 0a ad 00
INFO - 22 3e 08 3c 00 0a fa 00
INFO - 22 41 48 3c 00 0a d2 00
INFO - 22 44 88 3c 00 0a e1 00
INFO - 22 46 c8 3c 00 0a b8 00
INFO - 22 48 08 3c 00 0a ac 00
INFO - 22 4c 48 3c 00 0a df 00
INFO - 22 4e 88 3c 00 0a ae 00
INFO - 22 50 c8 3c 00 0a 84 00
INFO - 22 53 08 3c 00 0a b9 00
INFO - 22 56 48 3c 00 0a d3 00
INFO - 22 58 88 3c 00 0a bb 00
INFO - 22 5b c8 3c 00 0a b9 00
INFO - 22 5f 08 3c 00 0a fc 00
INFO - 22 61 48 3c 00 0a b9 00
INFO - 22 65 88 3c 00 0a f0 00
INFO - 22 67 c8 3c 00 0a b9 00
INFO - 22 69 08 3c 00 0a ba 00
INFO - 22 6d 48 3c 00 0a ef 00
INFO - 22 6f 88 3c 00 0a ad 00
INFO - 22 73 c8 3c 00 0a ec 00
INFO - 22 75 08 3c 00 0a b9 00
INFO - 22 79 48 3c 00 0a ee 00
INFO - 22 7b 88 3c 00 0a b8 00
INFO - 22 7d c8 3c 00 0a ab 00
INFO - 22 80 08 3c 00 0a d5 00
INFO - 22 82 48 3c 00 0a b6 00
INFO - 22 85 88 3c 00 0a aa 00
INFO - 22 87 c8 3c 00 0a c5 00
INFO - 22 89 08 3c 00 0a 9c 00
INFO - 22 8c 48 3c 00 0a d4 00
INFO - 22 8e 88 3c 00 0a a8 00
INFO - 22 91 c8 3c 00 0a e0 00
INFO - 22 93 08 3c 00 0a a8 00
INFO - 22 95 48 3c 00 0a 9c 00
INFO - 22 98 88 3c 00 0a d1 00
INFO - 22 9a c8 3c 00 0a 9e 00
INFO - 22 9d 08 3c 00 0a db 00
INFO - 22 a0 48 3c 00 0a c3 00
INFO - 22 a3 88 3c 00 0a dd 00
INFO - 22 a6 c8 3c 00 0a dc 00
INFO - 22 a8 08 3c 00 0a b5 00
INFO - 22 ab 48 3c 00 0a a8 00
INFO - 22 ad 88 3c 00 0a c2 00
INFO - 22 af c8 3c 00 0a a7 00
INFO - 22 b3 08 3c 00 0a f6 00
INFO - 22 b6 48 3c 00 0a dc 00
INFO - 22 b8 88 3c 00 0a a7 00
INFO - 22 bb c8 3c 00 0a dc 00
INFO - 22 be 08 3c 00 0a c1 00
INFO - 22 c0 48 3c 00 0a c2 00
INFO - 22 c3 88 3c 00 0a c1 00
INFO - 22 c6 c8 3c 00 0a e8 00
INFO - 22 ca 08 3c 00 0a dc 00
INFO - 22 cc 48 3c 00 0a b4 00
INFO - 22 ce 88 3c 00 0a c2 00
INFO - 22 d1 c8 3c 00 0a a7 00
INFO - 22 d3 08 3c 00 0a b5 00
INFO - 22 d6 48 3c 00 0a dc 00
INFO - 22 d8 88 3c 00 0a b5 00
INFO - 22 dc c8 3c 00 0a ea 00
INFO - 22 de 08 3c 00 0a b5 00
INFO - 22 e1 48 3c 00 0a dd 00
INFO - 22 e4 88 3c 00 0a b6 00
INFO - 22 e7 c8 3c 00 0a eb 00
INFO - 22 e9 08 3c 00 0a b7 00
INFO - 22 ec 48 3c 00 0a b6 00
INFO - 22 ee 88 3c 00 0a b7 00
INFO - 22 f1 c8 3c 00 0a c3 00
INFO - 22 f3 08 3c 00 0a b7 00
INFO - 22 f6 48 3c 00 0a b5 00
INFO - 22 f8 88 3c 00 0a ac 00
INFO - 22 fb c8 3c 00 0a ea 00
INFO - 22 fe 08 3c 00 0a d4 00
INFO - 23 02 48 3c 00 0a f9 00
INFO - 23 05 88 3c 00 0a ea 00
INFO - 23 07 c8 3c 00 0a 9f 00
INFO - 23 0a 08 3c 00 0a dd 00
INFO - 23 0d 48 3c 00 0a c8 00
INFO - 23 10 88 3c 00 0a dd 00
INFO - 23 12 c8 3c 00 0a ad 00
INFO - 23 16 08 3c 00 0a df 00
INFO - 23 18 48 3c 00 0a b8 00
INFO - 23 1a 88 3c 00 0a b5 00
INFO - 23 1c c8 3c 00 0a a0 00
INFO - 23 1f 08 3c 00 0a c5 00
INFO - 23 22 48 3c 00 0a c4 00
INFO - 23 25 88 3c 00 0a 90 00
INFO - 23 27 c8 3c 00 0a aa 00
INFO - 23 29 08 3c 00 0a b6 00
INFO - 23 2c 48 3c 00 0a b9 00
INFO - 23 2e 88 3c 00 0a a9 00
INFO - 23 31 c8 3c 00 0a d4 00
INFO - 23 33 08 3c 00 0a b6 00
INFO - 23 36 48 3c 00 0a b9 00
INFO - 23 3a 88 3c 00 0b 16 00
INFO - 23 3d c8 3c 00 0a c4 00
INFO - 23 40 08 3c 00 0a d0 00
INFO - 23 43 48 3c 00 0a df 00
INFO - 23 46 88 3c 00 0a fa 00
INFO - 23 49 c8 3c 00 0a b8 00
INFO - 23 4b 08 3c 00 0a ba 00
INFO - 23 4e 48 3c 00 0a c2 00
INFO - 23 51 88 3c 00 0a d2 00
INFO - 23 54 c8 3c 00 0a d5 00
INFO - 23 56 08 3c 00 0a b4 00
INFO - 23 58 48 3c 00 0a 9d 00
INFO - 23 5b 88 3c 00 0a d2 00
INFO - 23 5d c8 3c 00 0a ad 00
INFO - 23 60 08 3c 00 0a b4 00
INFO - 23 62 48 3c 00 0a b7 00
INFO - 23 64 88 3c 00 0a aa 00
INFO - 23 66 c8 3c 00 0a b7 00
INFO - 23 69 08 3c 00 0a b7 00
INFO - 23 6b 48 3c 00 0a b7 00
INFO - 23 6e 88 3c 00 0a b7 00
INFO - 23 70 c8 3c 00 0a b9 00
INFO - 23 72 08 3c 00 0a a8 00
INFO - 23 76 48 3c 00 0a f8 00
INFO - 23 78 88 3c 00 0a b7 00
INFO - 23 7a c8 3c 00 0a ac 00
INFO - 23 7c 08 3c 00 0a a7 00
INFO - 23 87 48 3c 00 0b fe 00
INFO - 23 8a 88 3c 00 0a e0 00
INFO - 23 8d c8 3c 00 0a c3 00
INFO - 23 8f 08 3c 00 0a c3 00
INFO - 23 92 48 3c 00 0a c4 00
INFO - 23 95 88 3c 00 0a b6 00
INFO - 23 97 c8 3c 00 0a a9 00
INFO - 23 99 08 3c 00 0a b5 00
INFO - 23 9c 48 3c 00 0a c4 00
INFO - 23 9e 88 3c 00 0a a9 00
INFO - 23 a0 c8 3c 00 0a b6 00
INFO - 23 a2 08 3c 00 0a a9 00
INFO - 23 a5 48 3c 00 0a b6 00
INFO - 23 a7 88 3c 00 0a a9 00
INFO - 23 aa c8 3c 00 0a dd 00
INFO - 23 ac 08 3c 00 0a b5 00
INFO - 23 af 48 3c 00 0a c4 00
INFO - 23 b1 88 3c 00 0a b5 00
INFO - 23 b4 c8 3c 00 0a cf 00
INFO - 23 b6 08 3c 00 0a a8 00
INFO - 23 b9 48 3c 00 0a d1 00
INFO - 23 bc 88 3c 00 0a c2 00
INFO - 23 be c8 3c 00 0a c1 00
INFO - 23 c1 08 3c 00 0a dd 00
INFO - 23 c4 48 3c 00 0a cf 00
INFO - 23 c7 88 3c 00 0a b5 00
INFO - 23 c9 c8 3c 00 0a c0 00
INFO - 23 cc 08 3c 00 0a c3 00
INFO - 23 cf 48 3c 00 0a ce 00
INFO - 23 d2 88 3c 00 0a d1 00
INFO - 23 d4 c8 3c 00 0a 7a 00
INFO - 23 d7 08 3c 00 0a c3 00
INFO - 23 da 48 3c 00 0a db 00
INFO - 23 dc 88 3c 00 0a a9 00
INFO - 23 df c8 3c 00 0a dc 00
INFO - 23 e1 08 3c 00 0a b3 00
INFO - 23 e4 48 3c 00 0a c3 00
INFO - 23 e6 88 3c 00 0a c0 00
INFO - 23 ea c8 3c 00 0a f5 00
INFO - 23 ec 08 3c 00 0a a9 00
INFO - 23 ef 48 3c 00 0a e7 00
INFO - 23 f2 88 3c 00 0a b3 00
INFO - 23 f4 c8 3c 00 0a b5 00
INFO - 23 f7 08 3c 00 0a db 00
INFO - 23 fa 48 3c 00 0a b2 00
INFO - 23 fc 88 3c 00 0a a8 00
INFO - 23 fd c8 3c 00 0a 98 00
INFO - 24 01 08 3c 00 0a da 00
INFO - 24 04 48 3c 00 0a da 00
INFO - 24 06 88 3c 00 0a a6 00
INFO - 24 08 c8 3c 00 0a a9 00
INFO - 24 0a 08 3c 00 0a b1 00
INFO - 24 0d 48 3c 00 0a ce 00
INFO - 24 0f 88 3c 00 0a b2 00
INFO - 24 12 c8 3c 00 0a d9 00
INFO - 24 15 08 3c 00 0a b5 00
INFO - 24 17 48 3c 00 0a bd 00
INFO - 24 19 88 3c 00 0a a7 00
INFO - 24 1d c8 3c 00 0a ff 00
INFO - 24 1f 08 3c 00 0a b2 00
INFO - 24 23 48 3c 00 0a e9 00
INFO - 24 24 88 3c 00 0a 97 00
INFO - 24 27 c8 3c 00 0a b0 00
INFO - 24 29 08 3c 00 0a b5 00
INFO - 24 2b 48 3c 00 0a b0 00
INFO - 24 2e 88 3c 00 0a cb 00
INFO - 24 31 c8 3c 00 0a e4 00
INFO - 24 34 08 3c 00 0a b3 00
INFO - 24 37 48 3c 00 0a d6 00
INFO - 24 3a 88 3c 00 0a e4 00
INFO - 24 3d c8 3c 00 0a ca 00
INFO - 24 40 08 3c 00 0a e6 00
INFO - 24 42 48 3c 00 0a a3 00
INFO - 24 45 88 3c 00 0a ca 00
INFO - 24 47 c8 3c 00 0a b1 00
INFO - 24 4a 08 3c 00 0a e3 00
INFO - 24 4d 48 3c 00 0a b1 00
INFO - 24 4f 88 3c 00 0a be 00
INFO - 24 51 c8 3c 00 0a b0 00
INFO - 24 55 08 3c 00 0a e3 00
INFO - 24 57 48 3c 00 0a b2 00
INFO - 24 59 88 3c 00 0a bc 00
INFO - 24 5b c8 3c 00 0a a4 00
INFO - 24 5e 08 3c 00 0a c9 00
INFO - 24 60 48 3c 00 0a b0 00
INFO - 24 63 88 3c 00 0a b0 00
INFO - 24 65 c8 3c 00 0a b0 00
INFO - 24 67 08 3c 00 0a b0 00
INFO - 24 6a 48 3c 00 0a c9 00
INFO - 24 6d 88 3c 00 0a d5 00
INFO - 24 70 c8 3c 00 0a c8 00
INFO - 24 72 08 3c 00 0a af 00
INFO - 24 74 48 3c 00 0a a5 00
INFO - 24 76 88 3c 00 0a ba 00
INFO - 24 79 c8 3c 00 0a af 00
INFO - 24 7b 08 3c 00 0a af 00
INFO - 24 7d 48 3c 00 0a c7 00
INFO - 24 80 88 3c 00 0a d3 00
INFO - 24 83 c8 3c 00 0a c7 00
INFO - 24 87 08 3c 00 0a eb 00
INFO - 24 89 48 3c 00 0a c7 00
INFO - 24 8c 88 3c 00 0a ba 00
INFO - 24 8e c8 3c 00 0a bb 00
INFO - 24 90 08 3c 00 0a 9f 00
INFO - 24 92 48 3c 00 0a 95 00
INFO - 24 94 88 3c 00 0a ad 00
INFO - 24 96 c8 3c 00 0a a1 00
INFO - 24 98 08 3c 00 0a ba 00
INFO - 24 9a 48 3c 00 0a aa 00
INFO - 24 9d 88 3c 00 0a b8 00
INFO - 24 9f c8 3c 00 0a b9 00
INFO - 24 a2 08 3c 00 0a d2 00
INFO - 24 a4 48 3c 00 0a a9 00
INFO - 24 a7 88 3c 00 0a cf 00
INFO - 24 a9 c8 3c 00 0a ad 00
INFO - 24 ac 08 3c 00 0a cd 00
INFO - 24 af 48 3c 00 0a c5 00
INFO - 24 b1 88 3c 00 0a c0 00
INFO - 24 b3 c8 3c 00 0a 92 00
INFO - 24 b6 08 3c 00 0a c2 00
INFO - 24 b8 48 3c 00 0a c3 00
INFO - 24 bb 88 3c 00 0a d7 00
INFO - 24 be c8 3c 00 0a b5 00
INFO - 24 c0 08 3c 00 0a c2 00
INFO - 24 c2 48 3c 00 0a 9c 00
INFO - 24 c4 88 3c 00 0a b5 00
INFO - 24 c6 c8 3c 00 0a 92 00
INFO - 24 c8 08 3c 00 0a b6 00
INFO - 24 ca 48 3c 00 0a 9b 00
INFO - 24 cc 88 3c 00 0a a9 00
INFO - 24 ce c8 3c 00 0a 9f 00
INFO - 24 d0 08 3c 00 0a 9b 00
INFO - 24 d2 48 3c 00 0a a9 00
INFO - 24 d4 88 3c 00 0a ab 00
INFO - 24 da c8 3c 00 0b 4b 00
INFO - 24 dd 08 3c 00 0a ce 00
INFO - 24 de 48 3c 00 0a 9d 00
INFO - 24 e1 88 3c 00 0a ab 00
INFO - 24 e3 c8 3c 00 0a a8 00
INFO - 24 e6 08 3c 00 0a e5 00
INFO - 24 ea 48 3c 00 0a ff 00
INFO - 24 ed 88 3c 00 0a d9 00
INFO - 24 ef c8 3c 00 0a aa 00
INFO - 24 f1 08 3c 00 0a ac 00
INFO - 24 f3 48 3c 00 0a 9d 00
INFO - 24 f5 88 3c 00 0a 9f 00
INFO - 24 f8 c8 3c 00 0a c6 00
INFO - 24 fa 08 3c 00 0a 9e 00
INFO - 24 fb 48 3c 00 0a 9f 00
INFO - 24 fe 88 3c 00 0a ac 00
INFO - 24 ff c8 3c 00 0a 94 00
INFO - 25 01 08 3c 00 0a ad 00
INFO - 25 03 48 3c 00 0a 9f 00
INFO - 25 06 88 3c 00 0a cf 00
INFO - 25 0b c8 3c 00 0b 1a 00
INFO - 25 0d 08 3c 00 0a ab 00
INFO - 25 0f 48 3c 00 0a b9 00
INFO - 25 12 88 3c 00 0a ba 00
INFO - 25 15 c8 3c 00 0a e8 00
INFO - 25 18 08 3c 00 0a d2 00
INFO - 25 1a 48 3c 00 0a ad 00
INFO - 25 1c 88 3c 00 0a 71 00
INFO - 25 1f c8 3c 00 0a ba 00
INFO - 25 20 08 3c 00 0a a2 00
INFO - 25 23 48 3c 00 0a ad 00
INFO - 25 25 88 3c 00 0a bb 00
INFO - 25 29 c8 3c 00 0a ec 00
INFO - 25 2b 08 3c 00 0a bb 00
INFO - 25 2d 48 3c 00 0a a3 00
INFO - 25 30 88 3c 00 0a c8 00
INFO - 25 32 c8 3c 00 0a ae 00
INFO - 25 34 08 3c 00 0a bc 00
INFO - 25 37 48 3c 00 0a d5 00
INFO - 25 39 88 3c 00 0a 97 00
INFO - 25 3c c8 3c 00 0a d5 00
INFO - 25 3e 08 3c 00 0a a3 00
INFO - 25 41 48 3c 00 0a bd 00
INFO - 25 44 88 3c 00 0a d4 00
INFO - 25 46 c8 3c 00 0a a6 00
INFO - 25 48 08 3c 00 0a bd 00
INFO - 25 4a 48 3c 00 0a b1 00
INFO - 25 4d 88 3c 00 0a be 00
INFO - 25 50 c8 3c 00 0a ca 00
INFO - 25 51 08 3c 00 0a 98 00
INFO - 25 54 48 3c 00 0a cb 00
INFO - 25 56 88 3c 00 0a 99 00
INFO - 25 5a c8 3c 00 0a f1 00
INFO - 25 5c 08 3c 00 0a bf 00
INFO - 25 5f 48 3c 00 0a bd 00
INFO - 25 62 88 3c 00 0a db 00
INFO - 25 64 c8 3c 00 0a b3 00
INFO - 25 66 08 3c 00 0a a6 00
INFO - 25 69 48 3c 00 0a d7 00
INFO - 25 6c 88 3c 00 0a c3 00
INFO - 25 6f c8 3c 00 0a ce 00
INFO - 25 71 08 3c 00 0a c2 00
INFO - 25 74 48 3c 00 0a e4 00
INFO - 25 77 88 3c 00 0a b7 00
INFO - 25 7a c8 3c 00 0a db 00
INFO - 25 7d 08 3c 00 0a cc 00
INFO - 25 80 48 3c 00 0a d3 00
INFO - 25 82 88 3c 00 0a c1 00
INFO - 25 84 c8 3c 00 0a a8 00
INFO - 25 86 08 3c 00 0a 9b 00
INFO - 25 89 48 3c 00 0a b2 00
INFO - 25 8b 88 3c 00 0a ac 00
INFO - 25 8d c8 3c 00 0a b4 00
INFO - 25 90 08 3c 00 0a c2 00
INFO - 25 91 48 3c 00 0a 9b 00
INFO - 25 94 88 3c 00 0a c2 00
INFO - 25 96 c8 3c 00 0a b6 00
INFO - 25 99 08 3c 00 0a b7 00
INFO - 25 9b 48 3c 00 0a b1 00
INFO - 25 9e 88 3c 00 0a d2 00
INFO - 25 a0 c8 3c 00 0a 9c 00
INFO - 25 a2 08 3c 00 0a c3 00
INFO - 25 a5 48 3c 00 0a c4 00
INFO - 25 a8 88 3c 00 0a cf 00
INFO - 25 aa c8 3c 00 0a b6 00
INFO - 25 af 08 3c 00 0b 12 00
INFO - 25 b3 48 3c 00 0b 1e 00
INFO - 25 b5 88 3c 00 0a b5 00
INFO - 25 b8 c8 3c 00 0a cd 00
INFO - 25 bb 08 3c 00 0a c6 00
INFO - 25 bd 48 3c 00 0a c1 00
INFO - 25 c1 88 3c 00 0a e9 00
INFO - 25 c4 c8 3c 00 0a d9 00
INFO - 25 c7 08 3c 00 0a c6 00
INFO - 25 c9 48 3c 00 0a a7 00
INFO - 25 cc 88 3c 00 0a f3 00
INFO - 25 cf c8 3c 00 0a b8 00
INFO - 25 d1 08 3c 00 0a c3 00
INFO - 25 d4 48 3c 00 0a c0 00
INFO - 25 d6 88 3c 00 0a a8 00
INFO - 25 d8 c8 3c 00 0a a8 00
INFO - 25 db 08 3c 00 0a db 00
INFO - 25 dd 48 3c 00 0a a8 00
INFO - 25 e0 88 3c 00 0a db 00
INFO - 25 e3 c8 3c 00 0a b5 00
INFO - 25 e6 08 3c 00 0a da 00
INFO - 25 e8 48 3c 00 0a 9a 00
INFO - 25 ea 88 3c 00 0a a4 00
INFO - 25 ed c8 3c 00 0a de 00
INFO - 25 ef 08 3c 00 0a 9b 00
INFO - 25 f1 48 3c 00 0a cd 00
INFO - 25 f3 88 3c 00 0a 9a 00
INFO - 25 f7 c8 3c 00 0a f4 00
INFO - 25 f9 08 3c 00 0a 9b 00
INFO - 25 fb 48 3c 00 0a c0 00
INFO - 25 fd 88 3c 00 0a a7 00
INFO - 26 00 c8 3c 00 0a bd 00
INFO - 26 02 08 3c 00 0a aa 00
INFO - 26 04 48 3c 00 0a a7 00
INFO - 26 07 88 3c 00 0a ce 00
INFO - 26 09 c8 3c 00 0a a2 00
INFO - 26 0b 08 3c 00 0a c3 00
INFO - 26 0e 48 3c 00 0a c0 00
INFO - 26 11 88 3c 00 0a cd 00
INFO - 26 13 c8 3c 00 0a c0 00
INFO - 26 16 08 3c 00 0a be 00
INFO - 26 18 48 3c 00 0a b5 00
INFO - 26 1b 88 3c 00 0a da 00
INFO - 26 1d c8 3c 00 0a a3 00
INFO - 26 1f 08 3c 00 0a aa 00
INFO - 26 22 48 3c 00 0a a7 00
INFO - 26 24 88 3c 00 0a ce 00
INFO - 26 27 c8 3c 00 0a bc 00
INFO - 26 2d 08 3c 00 0b 77 00
INFO - 26 2f 48 3c 00 0a b4 00
INFO - 26 33 88 3c 00 0a f1 00
INFO - 26 35 c8 3c 00 0a 9e 00
INFO - 26 38 08 3c 00 0a da 00
INFO - 26 3b 48 3c 00 0a ce 00
INFO - 26 3d 88 3c 00 0a a5 00
INFO - 26 40 c8 3c 00 0a d0 00
INFO - 26 44 08 3c 00 0b 10 00
INFO - 26 48 48 3c 00 0a f4 00
INFO - 26 4a 88 3c 00 0a a8 00
INFO - 26 4c c8 3c 00 0a b5 00
INFO - 26 4f 08 3c 00 0a c2 00
INFO - 26 51 48 3c 00 0a b5 00
INFO - 26 55 88 3c 00 0a f7 00
INFO - 26 56 c8 3c 00 0a 9b 00
INFO - 26 59 08 3c 00 0a b4 00
INFO - 26 5b 48 3c 00 0a 9b 00
INFO - 26 5d 88 3c 00 0a b5 00
INFO - 26 5f c8 3c 00 0a a5 00
INFO - 26 61 08 3c 00 0a ab 00
INFO - 26 64 48 3c 00 0a d0 00
INFO - 26 67 88 3c 00 0a eb 00
INFO - 26 6a c8 3c 00 0a b5 00
INFO - 26 6d 08 3c 00 0a d0 00
INFO - 26 6f 48 3c 00 0a b6 00
INFO - 26 72 88 3c 00 0a d1 00
INFO - 26 76 c8 3c 00 0a f9 00
INFO - 26 79 08 3c 00 0a ec 00
INFO - 26 7c 48 3c 00 0a c8 00
INFO - 26 7e 88 3c 00 0a 82 00
INFO - 26 85 c8 3c 00 0a ee 00
INFO - 26 88 08 3c 00 0a d0 00
INFO - 26 8a 48 3c 00 0a bb 00
INFO - 26 8d 88 3c 00 0a b8 00
INFO - 26 8f c8 3c 00 0a b6 00
INFO - 26 92 08 3c 00 0a c8 00
INFO - 26 94 48 3c 00 0a b8 00
INFO - 26 96 88 3c 00 0a 9e 00
INFO - 26 99 c8 3c 00 0a b8 00
INFO - 26 9b 08 3c 00 0a ab 00
INFO - 26 9d 48 3c 00 0a b9 00
INFO - 26 9f 88 3c 00 0a ac 00
INFO - 26 a2 c8 3c 00 0a b8 00
INFO - 26 a4 08 3c 00 0a c4 00
INFO - 26 a7 48 3c 00 0a af 00
INFO - 26 aa 88 3c 00 0a d5 00
INFO - 26 ad c8 3c 00 0a e1 00
INFO - 26 af 08 3c 00 0a b9 00
INFO - 26 b3 48 3c 00 0a e0 00
INFO - 26 b5 88 3c 00 0a bc 00
INFO - 26 b8 c8 3c 00 0a c7 00
INFO - 26 ba 08 3c 00 0a 9f 00
INFO - 26 bd 48 3c 00 0a e3 00
INFO - 26 bf 88 3c 00 0a ac 00
INFO - 26 c2 c8 3c 00 0a d5 00
INFO - 26 c5 08 3c 00 0a b8 00
INFO - 26 c8 48 3c 00 0a f2 00
INFO - 26 cb 88 3c 00 0a c8 00
INFO - 26 cd c8 3c 00 0a ba 00
INFO - 26 cf 08 3c 00 0a aa 00
INFO - 26 d2 48 3c 00 0a d8 00
INFO - 26 d5 88 3c 00 0a ba 00
INFO - 26 d7 c8 3c 00 0a aa 00
INFO - 26 da 08 3c 00 0a cb 00
INFO - 26 dc 48 3c 00 0a a0 00
INFO - 26 e0 88 3c 00 0a fe 00
INFO - 26 e3 c8 3c 00 0a e3 00
INFO - 26 e5 08 3c 00 0a bb 00
INFO - 26 e9 48 3c 00 0a f1 00
INFO - 26 ed 88 3c 00 0a f2 00
INFO - 26 f0 c8 3c 00 0a f0 00
INFO - 26 f3 08 3c 00 0a cc 00
INFO - 26 f6 48 3c 00 0a e5 00
INFO - 26 f9 88 3c 00 0a bb 00
INFO - 26 fb c8 3c 00 0a ca 00
INFO - 26 ff 08 3c 00 0a e6 00
INFO - 27 01 48 3c 00 0a af 00
INFO - 27 05 88 3c 00 0a f4 00
INFO - 27 08 c8 3c 00 0a d8 00
INFO - 27 0b 08 3c 00 0a d6 00
INFO - 27 0d 48 3c 00 0a a5 00
INFO - 27 0f 88 3c 00 0a cb 00
INFO - 27 12 c8 3c 00 0a ba 00
INFO - 27 15 08 3c 00 0a dd 00
INFO - 27 17 48 3c 00 0a b0 00
INFO - 27 19 88 3c 00 0a 90 00
INFO - 27 1d c8 3c 00 0b 04 00
INFO - 27 20 08 3c 00 0a ea 00
INFO - 27 22 48 3c 00 0a ad 00
INFO - 27 26 88 3c 00 0a eb 00
INFO - 27 28 c8 3c 00 0a bb 00
INFO - 27 2b 08 3c 00 0a cc 00
INFO - 27 2e 48 3c 00 0a b3 00
INFO - 27 30 88 3c 00 0a ad 00
INFO - 27 33 c8 3c 00 0a cf 00
INFO - 27 35 08 3c 00 0a cc 00
INFO - 27 38 48 3c 00 0a d6 00
INFO - 27 3d 88 3c 00 0b 13 00
INFO - 27 3f c8 3c 00 0a b3 00
INFO - 27 42 08 3c 00 0a c9 00
INFO - 27 45 48 3c 00 0a cc 00
INFO - 27 48 88 3c 00 0a da 00
INFO - 27 4a c8 3c 00 0a af 00
INFO - 27 4c 08 3c 00 0a c1 00
INFO - 27 4f 48 3c 00 0a d5 00
INFO - 27 53 88 3c 00 0a dd 00
INFO - 27 56 c8 3c 00 0a f1 00
INFO - 27 59 08 3c 00 0a dc 00
INFO - 27 5c 48 3c 00 0a b9 00
INFO - 27 5f 88 3c 00 0a e5 00
INFO - 27 61 c8 3c 00 0a a2 00
INFO - 27 64 08 3c 00 0a c0 00
INFO - 27 66 48 3c 00 0a c7 00
INFO - 27 69 88 3c 00 0a d6 00
INFO - 27 6c c8 3c 00 0a ca 00
INFO - 27 70 08 3c 00 0a 99 00
INFO - 27 72 48 3c 00 0a ae 00
INFO - 27 74 88 3c 00 0a ba 00
INFO - 27 77 c8 3c 00 0a b9 00
INFO - 27 79 08 3c 00 0a bd 00
INFO - 27 7b 48 3c 00 0a a1 00
INFO - 27 7d 88 3c 00 0a 9e 00
INFO - 27 80 c8 3c 00 0a d3 00
INFO - 27 82 08 3c 00 0a af 00
INFO - 27 85 48 3c 00 0a bc 00
INFO - 27 88 88 3c 00 0a de 00
INFO - 27 8c c8 3c 00 0a f5 00
INFO - 27 8e 08 3c 00 0a ab 00
INFO - 27 92 48 3c 00 0b 0b 00
INFO - 27 94 88 3c 00 0a ad 00
INFO - 27 9b c8 3c 00 0b ab 00
INFO - 27 9e 08 3c 00 0a ad 00
INFO - 27 a0 48 3c 00 0a a8 00
INFO - 27 a2 88 3c 00 0a c9 00
INFO - 27 a5 c8 3c 00 0a ba 00
INFO - 27 a7 08 3c 00 0a b4 00
INFO - 27 a9 48 3c 00 0a af 00
INFO - 27 ac 88 3c 00 0a b8 00
INFO - 27 af c8 3c 00 0a c3 00
INFO - 27 b1 08 3c 00 0a ba 00
INFO - 27 b4 48 3c 00 0a c3 00
INFO - 27 b7 88 3c 00 0a d1 00
INFO - 27 b9 c8 3c 00 0a c5 00
INFO - 27 bb 08 3c 00 0a a9 00
INFO - 27 be 48 3c 00 0a b8 00
INFO - 27 c1 88 3c 00 0a f9 00
INFO - 27 c5 c8 3c 00 0a ed 00
INFO - 27 c9 08 3c 00 0b 06 00
INFO - 27 cc 48 3c 00 0a df 00
INFO - 27 cf 88 3c 00 0a d0 00
INFO - 27 d1 c8 3c 00 0a b8 00
INFO - 27 d5 08 3c 00 0a de 00
INFO - 27 d7 48 3c 00 0a b7 00
INFO - 27 d9 88 3c 00 0a b7 00
INFO - 27 dc c8 3c 00 0a b4 00
INFO - 27 de 08 3c 00 0a ae 00
INFO - 27 e0 48 3c 00 0a b6 00
INFO - 27 e2 88 3c 00 0a 9d 00
INFO - 27 e4 c8 3c 00 0a a7 00
INFO - 27 e7 08 3c 00 0a c7 00
INFO - 27 ea 48 3c 00 0a e8 00
INFO - 27 ed 88 3c 00 0a bb 00
INFO - 27 ef c8 3c 00 0a c5 00
INFO - 27 f2 08 3c 00 0a a9 00
INFO - 27 f6 48 3c 00 0b 13 00
INFO - 27 f9 88 3c 00 0a ce 00
INFO - 27 fb c8 3c 00 0a c4 00
INFO - 27 fe 08 3c 00 0a ba 00
INFO - 28 00 48 3c 00 0a b3 00
INFO - 28 03 88 3c 00 0a c4 00
INFO - 28 06 c8 3c 00 0a ec 00
INFO - 28 09 08 3c 00 0a c5 00
INFO - 28 0b 48 3c 00 0a b7 00
INFO - 28 0e 88 3c 00 0a b7 00
INFO - 28 11 c8 3c 00 0a d1 00
INFO - 28 13 08 3c 00 0a a9 00
INFO - 28 16 48 3c 00 0a ec 00
INFO - 28 19 88 3c 00 0a d1 00
INFO - 28 1b c8 3c 00 0a aa 00
INFO - 28 1e 08 3c 00 0a d1 00
INFO - 28 21 48 3c 00 0a c4 00
INFO - 28 23 88 3c 00 0a 7b 00
INFO - 28 26 c8 3c 00 0a d1 00
INFO - 28 29 08 3c 00 0a c4 00
INFO - 28 2b 48 3c 00 0a c4 00
INFO - 28 2e 88 3c 00 0a b7 00
INFO - 28 31 c8 3c 00 0a de 00
INFO - 28 33 08 3c 00 0a b7 00
INFO - 28 36 48 3c 00 0a d1 00
INFO - 28 39 88 3c 00 0a de 00
INFO - 28 3c c8 3c 00 0a c4 00
INFO - 28 3f 08 3c 00 0a c1 00
INFO - 28 41 48 3c 00 0a a9 00
INFO - 28 44 88 3c 00 0a d1 00
INFO - 28 47 c8 3c 00 0a d4 00
INFO - 28 49 08 3c 00 0a c0 00
INFO - 28 4d 48 3c 00 0a ea 00
INFO - 28 50 88 3c 00 0a d1 00
INFO - 28 51 c8 3c 00 0a 9b 00
INFO - 28 55 08 3c 00 0b 04 00
INFO - 28 58 48 3c 00 0a d1 00
INFO - 28 5b 88 3c 00 0a c3 00
INFO - 28 5d c8 3c 00 0a ac 00
INFO - 28 60 08 3c 00 0a cd 00
INFO - 28 62 48 3c 00 0a b6 00
INFO - 28 65 88 3c 00 0a c2 00
INFO - 28 68 c8 3c 00 0a de 00
INFO - 28 6a 08 3c 00 0a b6 00
INFO - 28 6d 48 3c 00 0a b2 00
INFO - 28 6f 88 3c 00 0a ad 00
INFO - 28 71 c8 3c 00 0a b6 00
INFO - 28 74 08 3c 00 0a c2 00
INFO - 28 76 48 3c 00 0a c3 00
INFO - 28 79 88 3c 00 0a a8 00
INFO - 28 7c c8 3c 00 0a f7 00
INFO - 28 7f 08 3c 00 0a c4 00
INFO - 28 81 48 3c 00 0a c1 00
INFO - 28 84 88 3c 00 0a b6 00
INFO - 28 87 c8 3c 00 0a dd 00
INFO - 28 8a 08 3c 00 0a c2 00
INFO - 28 8c 48 3c 00 0a b5 00
INFO - 28 8e 88 3c 00 0a b3 00
INFO - 28 91 c8 3c 00 0a c3 00
INFO - 28 94 08 3c 00 0a e9 00
INFO - 28 97 48 3c 00 0a c2 00
INFO - 28 99 88 3c 00 0a c3 00
INFO - 28 9c c8 3c 00 0a b6 00
INFO - 28 9e 08 3c 00 0a bf 00
INFO - 28 a2 48 3c 00 0a df 00
INFO - 28 a4 88 3c 00 0a cf 00
INFO - 28 a6 c8 3c 00 0a 9b 00
INFO - 28 a9 08 3c 00 0a b6 00
INFO - 28 aa 48 3c 00 0a 9b 00
INFO - 28 ad 88 3c 00 0a c3 00
INFO - 28 af c8 3c 00 0a b5 00
INFO - 28 b2 08 3c 00 0a a8 00
INFO - 28 b4 48 3c 00 0a d0 00
INFO - 28 b7 88 3c 00 0a b6 00
INFO - 28 b9 c8 3c 00 0a b5 00
INFO - 28 bc 08 3c 00 0a d0 00
INFO - 28 be 48 3c 00 0a b2 00
INFO - 28 c1 88 3c 00 0a b8 00
INFO - 28 c4 c8 3c 00 0a dd 00
INFO - 28 c6 08 3c 00 0a b4 00
INFO - 28 c9 48 3c 00 0a da 00
INFO - 28 cb 88 3c 00 0a ac 00
INFO - 28 ce c8 3c 00 0a b1 00
INFO - 28 d1 08 3c 00 0a df 00
INFO - 28 d3 48 3c 00 0a bf 00
INFO - 28 d6 88 3c 00 0a b9 00
INFO - 28 d9 c8 3c 00 0a d9 00
INFO - 28 db 08 3c 00 0a b5 00
INFO - 28 de 48 3c 00 0a c6 00
INFO - 28 e0 88 3c 00 0a a5 00
INFO - 28 e3 c8 3c 00 0a dc 00
INFO - 28 e5 08 3c 00 0a b8 00
INFO - 28 e8 48 3c 00 0a a6 00
INFO - 28 ea 88 3c 00 0a c2 00
INFO - 28 ed c8 3c 00 0a c4 00
INFO - 28 ef 08 3c 00 0a b3 00
INFO - 28 f2 48 3c 00 0a c1 00
INFO - 28 f4 88 3c 00 0a b4 00
INFO - 28 f6 c8 3c 00 0a a8 00
INFO - 28 fb 08 3c 00 0b 36 00
INFO - 28 fe 48 3c 00 0a c1 00
INFO - 29 01 88 3c 00 0a db 00
INFO - 29 04 c8 3c 00 0a ca 00
INFO - 29 06 08 3c 00 0a b2 00
INFO - 29 08 48 3c 00 0a c5 00
INFO - 29 0c 88 3c 00 0a e4 00
INFO - 29 0e c8 3c 00 0a aa 00
INFO - 29 11 08 3c 00 0a ca 00
INFO - 29 13 48 3c 00 0a cd 00
INFO - 29 17 88 3c 00 0a d9 00
INFO - 29 1a c8 3c 00 0a ff 00
INFO - 29 1d 08 3c 00 0a b0 00
INFO - 29 1f 48 3c 00 0a be 00
INFO - 29 1f 88 3c 00 0a be 00
INFO - 29 1f c8 3c 00 0a be 00
INFO - 29 1f 08 3c 00 0a be 00
INFO - 29 1f 48 3c 00 0a be 00
INFO - 29 1f 88 3c 00 0a be 00
INFO - 29 1f c8 3c 00 0a be 00
INFO - 29 1f 08 3c 00 0a be 00
INFO - 29 1f 48 3c 00 0a be 00
INFO - 29 1f 88 3c 00 0a be 00
INFO - 29 1f c8 3c 00 0a be 00
INFO - 29 1f 08 3c 00 0a be 00
INFO - 29 1f 48 3c 00 0a be 00
INFO - 29 1f 88 3c 00 0a be 00
INFO - 29 1f c8 3c 00 0a be 00
INFO - 29 1f 08 3c 00 0a be 00
INFO - 29 1f 48 3c 00 0a be 00
INFO - 29 1f 88 3c 00 0a be 00
INFO - 29 1f c8 3c 00 0a be 00
INFO - 29 1f 08 3c 00 0a be 00
INFO - 29 1f 48 3c 00 0a be 00
INFO - 29 1f 88 3c 00 0a be 00
INFO - 29 1f c8 3c 00 0a be 00
INFO - 29 1f 08 3c 00 0a be 00
INFO - 29 1f 48 3c 00 0a be 00
INFO - 29 1f 88 3c 00 0a be 00
INFO - 29 1f c8 3c 00 0a be 00
INFO - 29 1f 08 3c 00 0a be 00
INFO - 29 1f 48 3c 00 0a be 00
INFO - 29 1f 88 3c 00 0a be 00
INFO - 29 1f c8 3c 00 0a be 00
INFO - 29 1f 08 3c 00 0a be 00
INFO - 29 1f 48 3c 00 0a be 00
INFO - 29 1f 88 3c 00 0a be 00
INFO - 29 1f c8 3c 00 0a be 00
INFO - 29 1f 08 3c 00 0a be 00
INFO - 29 1f 48 3c 00 0a be 00
INFO - 29 1f 88 3c 00 0a be 00
INFO - 29 1f c8 3c 00 0a be 00
INFO - 29 1f 08 3c 00 0a be 00
INFO - 29 1f 48 3c 00 0a be 00
INFO - 29 1f 88 3c 00 0a be 00
INFO - 29 1f c8 3c 00 0a be 00
INFO - 29 1f 08 3c 00 0a be 00
INFO - 29 1f 48 3c 00 0a be 00
INFO - 29 1f 88 3c 00 0a be 00
INFO - 29 1f c8 3c 00 0a be 00
INFO - 29 1f 08 3c 00 0a be 00
INFO - 29 1f 48 3c 00 0a be 00
INFO - 29 1f 88 3c 00 0a be 00
INFO - 29 1f c8 3c 00 0a be 00
INFO - 29 1f 08 3c 00 0a be 00
INFO - 29 1f 48 3c 00 0a be 00
INFO - 29 1f 88 3c 00 0a be 00
INFO - 29 1f c8 3c 00 0a be 00
INFO - 29 1f 08 3c 00 0a be 00
INFO - 29 1f 48 3c 00 0a be 00
INFO - 29 1f 88 3c 00 0a be 00
INFO - 29 1f c8 3c 00 0a be 00
INFO - 29 1f 08 3c 00 0a be 00
INFO - 29 1f 48 3c 00 0a be 00
INFO - 29 1f 88 3c 00 0a be 00
INFO - 29 1f c8 3c 00 0a be 00
INFO - 29 1f 08 3c 00 0a be 00
INFO - 29 1f 48 3c 00 0a be 00
INFO - 29 1f 88 3c 00 0a be 00
INFO - 29 1f c8 3c 00 0a be 00
INFO - 29 1f 08 3c 00 0a be 00
INFO - 29 1f 48 3c 00 0a be 00
INFO - 29 1f 88 3c 00 0a be 00
INFO - 29 1f c8 3c 00 0a be 00
INFO - 29 1f 08 3c 00 0a be 00
