INFO - 20 00 48 3c 00 0a 40 00
INFO - 20 d5 88 3c 00 0b fe 00
INFO - 20 d7 c8 3c 00 0a 76 00
INFO - 20 d7 08 3c 00 0a 6b 00
INFO - 20 d9 48 3c 00 0a 81 00
INFO - 20 d9 88 3c 00 0a 56 00
INFO - 20 da c8 3c 00 0a 56 00
INFO - 20 da 08 3c 00 0a 56 00
INFO - 20 dd 48 3c 00 0a 9c 00
INFO - 20 ec 88 3c 00 0a b0 00
INFO - 20 ec c8 3c 00 0a b0 00
INFO - 20 ec 08 3c 00 0a b0 00
INFO - 20 f4 48 3c 00 0a c6 00
INFO - 20 f4 88 3c 00 0a c6 00
INFO - 20 f4 c8 3c 00 0a c6 00
INFO - 20 fb 08 3c 00 0a ba 00
INFO - 21 00 48 3c 00 0b 39 00
INFO - 21 00 88 3c 00 0b 39 00
INFO - 21 05 c8 3c 00 0a a8 00
INFO - 21 05 08 3c 00 0a a8 00
INFO - 21 0a 48 3c 00 0a cb 00
INFO - 21 0a 88 3c 00 0a cb 00
INFO - 21 0f c8 3c 00 0a b8 00
INFO - 21 0f 08 3c 00 0a b8 00
INFO - 21 10 48 3c 00 0a 55 00
INFO - 21 10 88 3c 00 0a 55 00
INFO - 21 10 c8 3c 00 0a 55 00
INFO - 21 15 08 3c 00 0a 8f 00
INFO - 21 19 48 3c 00 0a f8 00
INFO - 21 19 88 3c 00 0a f8 00
INFO - 21 19 c8 3c 00 0a f8 00
INFO - 21 1c 08 3c 00 0a 72 00
INFO - 21 23 48 3c 00 0b bf 00
INFO - 21 25 88 3c 00 0a 8c 00
INFO - 21 27 c8 3c 00 0a b8 00
INFO - 21 29 08 3c 00 0a 95 00
INFO - 21 2b 48 3c 00 0a b3 00
INFO - 21 2e 88 3c 00 0a c3 00
INFO - 21 31 c8 3c 00 0a be 00
INFO - 21 33 08 3c 00 0a c2 00
INFO - 21 35 48 3c 00 0a ab 00
INFO - 21 37 88 3c 00 0a 92 00
INFO - 21 3a c8 3c 00 0a e3 00
INFO - 21 3d 08 3c 00 0a c8 00
INFO - 21 3f 48 3c 00 0a b7 00
INFO - 21 42 88 3c 00 0a aa 00
INFO - 21 44 c8 3c 00 0a 9f 00
INFO - 21 45 08 3c 00 0a a0 00
INFO - 21 47 48 3c 00 0a 9d 00
INFO - 21 4a 88 3c 00 0a b8 00
INFO - 21 4b c8 3c 00 0a 95 00
INFO - 21 4e 08 3c 00 0a a9 00
INFO - 21 4f 48 3c 00 0a 94 00
INFO - 21 52 88 3c 00 0a c9 00
INFO - 21 54 c8 3c 00 0a 8a 00
INFO - 21 56 08 3c 00 0a b4 00
INFO - 21 58 48 3c 00 0a 94 00
INFO - 21 5a 88 3c 00 0a b1 00
INFO - 21 5c c8 3c 00 0a a1 00
INFO - 21 5e 08 3c 00 0a 9e 00
INFO - 21 60 48 3c 00 0a a6 00
INFO - 21 62 88 3c 00 0a c1 00
INFO - 21 65 c8 3c 00 0a b3 00
INFO - 21 67 08 3c 00 0a c6 00
INFO - 21 69 48 3c 00 0a a0 00
INFO - 21 6c 88 3c 00 0a b3 00
INFO - 21 6d c8 3c 00 0a 93 00
INFO - 21 6f 08 3c 00 0a 8a 00
INFO - 21 71 48 3c 00 0a c6 00
INFO - 21 73 88 3c 00 0a 8c 00
INFO - 21 76 c8 3c 00 0a c6 00
INFO - 21 77 08 3c 00 0a 7f 00
INFO - 21 7a 48 3c 00 0a bf 00
INFO - 21 7b 88 3c 00 0a 93 00
INFO - 21 7d c8 3c 00 0a a1 00
INFO - 21 7f 08 3c 00 0a b3 00
INFO - 21 81 48 3c 00 0a 92 00
INFO - 21 83 88 3c 00 0a 96 00
INFO - 21 85 c8 3c 00 0a 94 00
INFO - 21 86 08 3c 00 0a 92 00
INFO - 21 88 48 3c 00 0a 8b 00
INFO - 21 8a 88 3c 00 0a aa 00
INFO - 21 8c c8 3c 00 0a 9d 00
INFO - 21 8f 08 3c 00 0a e1 00
INFO - 21 91 48 3c 00 0a 9d 00
INFO - 21 93 88 3c 00 0a ac 00
INFO - 21 96 c8 3c 00 0a be 00
INFO - 21 9b 08 3c 00 0b 68 00
INFO - 21 9d 48 3c 00 0a 9d 00
INFO - 21 9f 88 3c 00 0a a1 00
INFO - 21 a1 c8 3c 00 0a aa 00
INFO - 21 a3 08 3c 00 0a 9d 00
INFO - 21 a6 48 3c 00 0a bf 00
INFO - 21 a8 88 3c 00 0a a1 00
INFO - 21 aa c8 3c 00 0a 80 00
INFO - 21 ad 08 3c 00 0a a9 00
INFO - 21 ae 48 3c 00 0a 97 00
INFO - 21 b0 88 3c 00 0a ab 00
INFO - 21 b2 c8 3c 00 0a 9e 00
INFO - 21 b4 08 3c 00 0a a2 00
INFO - 21 b6 48 3c 00 0a aa 00
INFO - 21 b9 88 3c 00 0a d5 00
INFO - 21 bc c8 3c 00 0a ac 00
INFO - 21 bd 08 3c 00 0a 95 00
INFO - 21 bf 48 3c 00 0a 98 00
INFO - 21 c1 88 3c 00 0a ac 00
INFO - 21 c4 c8 3c 00 0a d8 00
INFO - 21 c6 08 3c 00 0a ac 00
INFO - 21 c9 48 3c 00 0a cc 00
INFO - 21 cc 88 3c 00 0a c3 00
INFO - 21 cf c8 3c 00 0a c6 00
INFO - 21 d2 08 3c 00 0a f9 00
INFO - 21 d5 48 3c 00 0a af 00
INFO - 21 d8 88 3c 00 0a d0 00
INFO - 21 da c8 3c 00 0a d0 00
INFO - 21 dc 08 3c 00 0a 96 00
INFO - 21 de 48 3c 00 0a 99 00
INFO - 21 e0 88 3c 00 0a 98 00
INFO - 21 e2 c8 3c 00 0a ae 00
INFO - 21 e5 08 3c 00 0a d3 00
INFO - 21 e6 48 3c 00 0a 84 00
INFO - 21 e9 88 3c 00 0a ba 00
INFO - 21 ea c8 3c 00 0a 86 00
INFO - 21 ed 08 3c 00 0a ba 00
INFO - 21 f1 48 3c 00 0a bd 00
INFO - 21 f3 88 3c 00 0a b0 00
INFO - 21 f5 c8 3c 00 0a 75 00
INFO - 21 f7 08 3c 00 0a 9b 00
INFO - 21 f8 48 3c 00 0a 8e 00
INFO - 21 fb 88 3c 00 0a cc 00
INFO - 21 fd c8 3c 00 0a a6 00
INFO - 22 00 08 3c 00 0a e4 00
INFO - 22 03 48 3c 00 0a be 00
INFO - 22 05 88 3c 00 0a b7 00
INFO - 22 07 c8 3c 00 0a 9b 00
INFO - 22 0a 08 3c 00 0a b7 00
INFO - 22 0c 48 3c 00 0a a8 00
INFO - 22 0f 88 3c 00 0a cf 00
INFO - 22 11 c8 3c 00 0a 9e 00
INFO - 22 14 08 3c 00 0a e6 00
INFO - 22 16 48 3c 00 0a b7 00
INFO - 22 19 88 3c 00 0a b7 00
INFO - 22 1b c8 3c 00 0a ac 00
INFO - 22 1e 08 3c 00 0a dc 00
INFO - 22 20 48 3c 00 0a b9 00
INFO - 22 23 88 3c 00 0a b9 00
INFO - 22 25 c8 3c 00 0a ad 00
INFO - 22 27 08 3c 00 0a a2 00
INFO - 22 29 48 3c 00 0a ba 00
INFO - 22 2e 88 3c 00 0b 0f 00
INFO - 22 31 c8 3c 00 0a d4 00
INFO - 22 34 08 3c 00 0a ec 00
INFO - 22 37 48 3c 00 0a e2 00
INFO - 22 3a 88 3c 00 0a ad 00
INFO - 22 3c c8 3c 00 0a cb 00
INFO - 22 3f 08 3c 00 0a ae 00
INFO - 22 41 48 3c 00 0a bf 00
INFO - 22 44 88 3c 00 0a ca 00
INFO - 22 46 c8 3c 00 0a a3 00
INFO - 22 49 08 3c 00 0a ca 00
INFO - 22 4b 48 3c 00 0a bf 00
INFO - 22 4f 88 3c 00 0a ee 00
INFO - 22 51 c8 3c 00 0a a6 00
INFO - 22 53 08 3c 00 0a b0 00
INFO - 22 55 48 3c 00 0a b3 00
INFO - 22 58 88 3c 00 0a c9 00
INFO - 22 5a c8 3c 00 0a 7b 00
INFO - 22 5c 08 3c 00 0a a8 00
INFO - 22 5f 48 3c 00 0a d6 00
INFO - 22 62 88 3c 00 0a c1 00
INFO - 22 63 c8 3c 00 0a 97 00
INFO - 22 66 08 3c 00 0a ce 00
INFO - 22 69 48 3c 00 0a be 00
INFO - 22 6b 88 3c 00 0a a8 00
INFO - 22 6e c8 3c 00 0a cb 00
INFO - 22 71 08 3c 00 0a cf 00
INFO - 22 73 48 3c 00 0a b2 00
INFO - 22 75 88 3c 00 0a b5 00
INFO - 22 78 c8 3c 00 0a ce 00
INFO - 22 7b 08 3c 00 0a ce 00
INFO - 22 7e 48 3c 00 0a da 00
INFO - 22 81 88 3c 00 0a ce 00
INFO - 22 84 c8 3c 00 0a cc 00
INFO - 22 86 08 3c 00 0a a9 00
INFO - 22 88 48 3c 00 0a bf 00
INFO - 22 8b 88 3c 00 0a db 00
INFO - 22 8f c8 3c 00 0a e6 00
INFO - 22 91 08 3c 00 0a c1 00
INFO - 22 93 48 3c 00 0a a5 00
INFO - 22 97 88 3c 00 0a db 00
INFO - 22 99 c8 3c 00 0a bf 00
INFO - 22 9c 08 3c 00 0a ce 00
INFO - 22 9f 48 3c 00 0a bf 00
INFO - 22 a1 88 3c 00 0a b5 00
INFO - 22 a3 c8 3c 00 0a a5 00
INFO - 22 a5 08 3c 00 0a 74 00
INFO - 22 a7 48 3c 00 0a b4 00
INFO - 22 a9 88 3c 00 0a a5 00
INFO - 22 ac c8 3c 00 0a c1 00
INFO - 22 ae 08 3c 00 0a a5 00
INFO - 22 b1 48 3c 00 0a cf 00
INFO - 22 b3 88 3c 00 0a b2 00
INFO - 22 b6 c8 3c 00 0a b5 00
INFO - 22 b7 08 3c 00 0a 9a 00
INFO - 22 ba 48 3c 00 0a ce 00
INFO - 22 bd 88 3c 00 0a ce 00
INFO - 22 bf c8 3c 00 0a b2 00
INFO - 22 c2 08 3c 00 0a b6 00
INFO - 22 c5 48 3c 00 0a e8 00
INFO - 22 c8 88 3c 00 0a c1 00
INFO - 22 cb c8 3c 00 0a e8 00
INFO - 22 d1 08 3c 00 0b 5c 00
INFO - 22 d3 48 3c 00 0a c2 00
INFO - 22 d6 88 3c 00 0a ce 00
INFO - 22 d9 c8 3c 00 0a b3 00
INFO - 22 db 08 3c 00 0a b6 00
INFO - 22 e0 48 3c 00 0b 28 00
INFO - 22 e3 88 3c 00 0a cf 00
INFO - 22 e5 c8 3c 00 0a d1 00
INFO - 22 e8 08 3c 00 0a b5 00
INFO - 22 ea 48 3c 00 0a b5 00
INFO - 22 ec 88 3c 00 0a 8e 00
INFO - 22 ef c8 3c 00 0a dc 00
INFO - 22 f1 08 3c 00 0a a8 00
INFO - 22 f4 48 3c 00 0a cd 00
INFO - 22 f7 88 3c 00 0a dc 00
INFO - 22 fa c8 3c 00 0a d1 00
INFO - 22 fc 08 3c 00 0a b3 00
INFO - 22 ff 48 3c 00 0a c3 00
INFO - 23 01 88 3c 00 0a 9b 00
INFO - 23 04 c8 3c 00 0a d9 00
INFO - 23 07 08 3c 00 0a ce 00
INFO - 23 0a 48 3c 00 0a f6 00
INFO - 23 0c 88 3c 00 0a 9a 00
INFO - 23 0e c8 3c 00 0a b4 00
INFO - 23 11 08 3c 00 0a bf 00
INFO - 23 14 48 3c 00 0a cf 00
INFO - 23 17 88 3c 00 0a f2 00
INFO - 23 1a c8 3c 00 0a 75 00
INFO - 23 1d 08 3c 00 0a e7 00
INFO - 23 20 48 3c 00 0a c0 00
INFO - 23 22 88 3c 00 0a c1 00
INFO - 23 24 c8 3c 00 0a b3 00
INFO - 23 26 08 3c 00 0a 97 00
INFO - 23 29 48 3c 00 0a b6 00
INFO - 23 2b 88 3c 00 0a ca 00
INFO - 23 2e c8 3c 00 0a c2 00
INFO - 23 31 08 3c 00 0a be 00
INFO - 23 33 48 3c 00 0a ce 00
INFO - 23 37 88 3c 00 0a e6 00
INFO - 23 3a c8 3c 00 0a ce 00
INFO - 23 3e 08 3c 00 0b 01 00
INFO - 23 40 48 3c 00 0a b3 00
INFO - 23 42 88 3c 00 0a c0 00
INFO - 23 45 c8 3c 00 0a b2 00
INFO - 23 47 08 3c 00 0a c3 00
INFO - 23 49 48 3c 00 0a a7 00
INFO - 23 4d 88 3c 00 0a e8 00
INFO - 23 4f c8 3c 00 0a bf 00
INFO - 23 52 08 3c 00 0a db 00
INFO - 23 55 48 3c 00 0a b7 00
INFO - 23 58 88 3c 00 0a db 00
INFO - 23 5b c8 3c 00 0a dc 00
INFO - 23 5e 08 3c 00 0a c3 00
INFO - 23 61 48 3c 00 0a cf 00
INFO - 23 64 88 3c 00 0a da 00
INFO - 23 66 c8 3c 00 0a b5 00
INFO - 23 68 08 3c 00 0a 9f 00
INFO - 23 6b 48 3c 00 0a df 00
INFO - 23 6e 88 3c 00 0a cf 00
INFO - 23 72 c8 3c 00 0a f6 00
INFO - 23 74 08 3c 00 0a b6 00
INFO - 23 77 48 3c 00 0a c3 00
INFO - 23 79 88 3c 00 0a 9a 00
INFO - 23 7d c8 3c 00 0a f6 00
INFO - 23 80 08 3c 00 0a ed 00
INFO - 23 82 48 3c 00 0a b6 00
INFO - 23 86 88 3c 00 0a eb 00
INFO - 23 88 c8 3c 00 0a a6 00
INFO - 23 8b 08 3c 00 0a d2 00
INFO - 23 8d 48 3c 00 0a 7a 00
INFO - 23 8f 88 3c 00 0a a9 00
INFO - 23 92 c8 3c 00 0a dd 00
INFO - 23 96 08 3c 00 0a eb 00
INFO - 23 98 48 3c 00 0a a6 00
INFO - 23 9b 88 3c 00 0a e9 00
INFO - 23 9f c8 3c 00 0a f8 00
INFO - 23 a2 08 3c 00 0a c1 00
INFO - 23 a5 48 3c 00 0a dc 00
INFO - 23 a7 88 3c 00 0a b3 00
INFO - 23 aa c8 3c 00 0a c4 00
INFO - 23 ac 08 3c 00 0a a8 00
INFO - 23 ae 48 3c 00 0a b5 00
INFO - 23 b1 88 3c 00 0a dc 00
INFO - 23 b3 c8 3c 00 0a a5 00
INFO - 23 b6 08 3c 00 0a b8 00
INFO - 23 b9 48 3c 00 0a e9 00
INFO - 23 bb 88 3c 00 0a 99 00
INFO - 23 bd c8 3c 00 0a b7 00
INFO - 23 c0 08 3c 00 0a c0 00
INFO - 23 c2 48 3c 00 0a b8 00
INFO - 23 c5 88 3c 00 0a d0 00
INFO - 23 c7 c8 3c 00 0a a6 00
INFO - 23 ca 08 3c 00 0a c5 00
INFO - 23 cc 48 3c 00 0a a7 00
INFO - 23 cf 88 3c 00 0a df 00
INFO - 23 d3 c8 3c 00 0a dd 00
INFO - 23 d6 08 3c 00 0a e9 00
INFO - 23 d8 48 3c 00 0a b8 00
INFO - 23 dc 88 3c 00 0a e8 00
INFO - 23 de c8 3c 00 0a 9e 00
INFO - 23 e1 08 3c 00 0a ce 00
INFO - 23 e3 48 3c 00 0a ab 00
INFO - 23 e6 88 3c 00 0a 95 00
INFO - 23 e9 c8 3c 00 0a de 00
INFO - 23 eb 08 3c 00 0a 9b 00
INFO - 23 ee 48 3c 00 0a dc 00
INFO - 23 f0 88 3c 00 0a a8 00
INFO - 23 f3 c8 3c 00 0a ce 00
INFO - 23 f6 08 3c 00 0a b7 00
INFO - 23 f8 48 3c 00 0a b5 00
INFO - 23 fb 88 3c 00 0a ce 00
INFO - 23 fd c8 3c 00 0a b4 00
INFO - 24 00 08 3c 00 0a db 00
INFO - 24 03 48 3c 00 0a a8 00
INFO - 24 05 88 3c 00 0a b2 00
INFO - 24 07 c8 3c 00 0a c2 00
INFO - 24 0b 08 3c 00 0a f2 00
INFO - 24 0e 48 3c 00 0a e9 00
INFO - 24 11 88 3c 00 0a b1 00
INFO - 24 13 c8 3c 00 0a b5 00
INFO - 24 15 08 3c 00 0a a4 00
INFO - 24 18 48 3c 00 0a e8 00
INFO - 24 1b 88 3c 00 0a b0 00
INFO - 24 1f c8 3c 00 0b 0e 00
INFO - 24 22 08 3c 00 0a ca 00
INFO - 24 24 48 3c 00 0a b2 00
INFO - 24 27 88 3c 00 0a c3 00
INFO - 24 2a c8 3c 00 0a d7 00
INFO - 24 2c 08 3c 00 0a a8 00
INFO - 24 2f 48 3c 00 0a d7 00
INFO - 24 31 88 3c 00 0a a9 00
INFO - 24 34 c8 3c 00 0a ce 00
INFO - 24 36 08 3c 00 0a a3 00
INFO - 24 38 48 3c 00 0a b7 00
INFO - 24 3d 88 3c 00 0b 34 00
INFO - 24 40 c8 3c 00 0a be 00
INFO - 24 41 08 3c 00 0a 9d 00
INFO - 24 44 48 3c 00 0a cf 00
INFO - 24 47 88 3c 00 0a c1 00
INFO - 24 49 c8 3c 00 0a b4 00
INFO - 24 4d 08 3c 00 0a e5 00
INFO - 24 4f 48 3c 00 0a 81 00
INFO - 24 52 88 3c 00 0a d2 00
INFO - 24 55 c8 3c 00 0a c0 00
INFO - 24 57 08 3c 00 0a ab 00
INFO - 24 5a 48 3c 00 0a ce 00
INFO - 24 5f 88 3c 00 0a ba 00
INFO - 24 62 c8 3c 00 0a d4 00
INFO - 24 64 08 3c 00 0a a9 00
INFO - 24 67 48 3c 00 0a eb 00
INFO - 24 69 88 3c 00 0a a3 00
INFO - 24 6d c8 3c 00 0a e3 00
INFO - 24 70 08 3c 00 0a d9 00
INFO - 24 72 48 3c 00 0a ae 00
INFO - 24 74 88 3c 00 0a b1 00
INFO - 24 77 c8 3c 00 0a bc 00
INFO - 24 79 08 3c 00 0a 9c 00
INFO - 24 7c 48 3c 00 0a d1 00
INFO - 24 7e 88 3c 00 0a b0 00
INFO - 24 81 c8 3c 00 0a f2 00
INFO - 24 84 08 3c 00 0a b1 00
INFO - 24 86 48 3c 00 0a b1 00
INFO - 24 89 88 3c 00 0a ec 00
INFO - 24 8c c8 3c 00 0a c3 00
INFO - 24 8e 08 3c 00 0a a4 00
INFO - 24 91 48 3c 00 0a df 00
INFO - 24 94 88 3c 00 0a d8 00
INFO - 24 97 c8 3c 00 0a cd 00
INFO - 24 99 08 3c 00 0a b0 00
INFO - 24 9d 48 3c 00 0a fa 00
INFO - 24 a0 88 3c 00 0a d2 00
INFO - 24 a3 c8 3c 00 0a d3 00
INFO - 24 a6 08 3c 00 0a da 00
INFO - 24 a8 48 3c 00 0a b1 00
