Determining if the pthread_create exist failed with the following output:
Change Dir: /home/xiaotongfeng/Desktop/ROS_HDmap_Decision_L4/ros_system/build/CMakeFiles/CMakeTmp

Run Build Command:"/usr/bin/make" "cmTC_6a9cc/fast"
/usr/bin/make -f CMakeFiles/cmTC_6a9cc.dir/build.make CMakeFiles/cmTC_6a9cc.dir/build
make[1]: Entering directory '/home/xiaotongfeng/Desktop/ROS_HDmap_Decision_L4/ros_system/build/CMakeFiles/CMakeTmp'
Building C object CMakeFiles/cmTC_6a9cc.dir/CheckSymbolExists.c.o
/usr/bin/cc     -o CMakeFiles/cmTC_6a9cc.dir/CheckSymbolExists.c.o   -c /home/xiaotongfeng/Desktop/ROS_HDmap_Decision_L4/ros_system/build/CMakeFiles/CMakeTmp/CheckSymbolExists.c
Linking C executable cmTC_6a9cc
/usr/bin/cmake -E cmake_link_script CMakeFiles/cmTC_6a9cc.dir/link.txt --verbose=1
/usr/bin/cc       CMakeFiles/cmTC_6a9cc.dir/CheckSymbolExists.c.o  -o cmTC_6a9cc -rdynamic 
CMakeFiles/cmTC_6a9cc.dir/CheckSymbolExists.c.o: In function `main':
CheckSymbolExists.c:(.text+0x16): undefined reference to `pthread_create'
collect2: error: ld returned 1 exit status
CMakeFiles/cmTC_6a9cc.dir/build.make:97: recipe for target 'cmTC_6a9cc' failed
make[1]: *** [cmTC_6a9cc] Error 1
make[1]: Leaving directory '/home/xiaotongfeng/Desktop/ROS_HDmap_Decision_L4/ros_system/build/CMakeFiles/CMakeTmp'
Makefile:126: recipe for target 'cmTC_6a9cc/fast' failed
make: *** [cmTC_6a9cc/fast] Error 2

File /home/xiaotongfeng/Desktop/ROS_HDmap_Decision_L4/ros_system/build/CMakeFiles/CMakeTmp/CheckSymbolExists.c:
/* */
#include <pthread.h>

int main(int argc, char** argv)
{
  (void)argv;
#ifndef pthread_create
  return ((int*)(&pthread_create))[argc];
#else
  (void)argc;
  return 0;
#endif
}

Determining if the function pthread_create exists in the pthreads failed with the following output:
Change Dir: /home/xiaotongfeng/Desktop/ROS_HDmap_Decision_L4/ros_system/build/CMakeFiles/CMakeTmp

Run Build Command:"/usr/bin/make" "cmTC_117bd/fast"
/usr/bin/make -f CMakeFiles/cmTC_117bd.dir/build.make CMakeFiles/cmTC_117bd.dir/build
make[1]: Entering directory '/home/xiaotongfeng/Desktop/ROS_HDmap_Decision_L4/ros_system/build/CMakeFiles/CMakeTmp'
Building C object CMakeFiles/cmTC_117bd.dir/CheckFunctionExists.c.o
/usr/bin/cc    -DCHECK_FUNCTION_EXISTS=pthread_create   -o CMakeFiles/cmTC_117bd.dir/CheckFunctionExists.c.o   -c /usr/share/cmake-3.5/Modules/CheckFunctionExists.c
Linking C executable cmTC_117bd
/usr/bin/cmake -E cmake_link_script CMakeFiles/cmTC_117bd.dir/link.txt --verbose=1
/usr/bin/cc   -DCHECK_FUNCTION_EXISTS=pthread_create    CMakeFiles/cmTC_117bd.dir/CheckFunctionExists.c.o  -o cmTC_117bd -rdynamic -lpthreads 
/usr/bin/ld: cannot find -lpthreads
collect2: error: ld returned 1 exit status
CMakeFiles/cmTC_117bd.dir/build.make:97: recipe for target 'cmTC_117bd' failed
make[1]: *** [cmTC_117bd] Error 1
make[1]: Leaving directory '/home/xiaotongfeng/Desktop/ROS_HDmap_Decision_L4/ros_system/build/CMakeFiles/CMakeTmp'
Makefile:126: recipe for target 'cmTC_117bd/fast' failed
make: *** [cmTC_117bd/fast] Error 2


