INFO - 20 00 d8 3c 00 0a 40 00
INFO - 20 03 18 3c 00 0a d5 00
INFO - 20 05 58 3c 00 0a 81 00
INFO - 20 06 98 3c 00 0a 67 00
INFO - 20 08 d8 3c 00 0a 81 00
INFO - 20 09 18 3c 00 0a 7b 00
INFO - 20 0a 58 3c 00 0a 74 00
INFO - 20 0b 98 3c 00 0a 83 00
INFO - 20 0b d8 3c 00 0a 83 00
INFO - 20 0f 18 3c 00 0a a9 00
INFO - 20 11 58 3c 00 0a 7b 00
INFO - 20 13 98 3c 00 0a a9 00
INFO - 20 13 d8 3c 00 0a a9 00
INFO - 20 17 18 3c 00 0a a0 00
INFO - 20 17 58 3c 00 0a a0 00
INFO - 20 1a 98 3c 00 0a 98 00
INFO - 20 1a d8 3c 00 0a 98 00
INFO - 20 21 18 3c 00 0a eb 00
INFO - 20 23 58 3c 00 0a c0 00
INFO - 20 26 98 3c 00 0a d0 00
INFO - 20 29 d8 3c 00 0a bf 00
INFO - 20 2c 18 3c 00 0a ce 00
INFO - 20 2e 58 3c 00 0a c4 00
INFO - 20 31 98 3c 00 0a c5 00
INFO - 20 33 d8 3c 00 0a a8 00
INFO - 20 35 18 3c 00 0a a5 00
INFO - 20 37 58 3c 00 0a 9c 00
INFO - 20 39 98 3c 00 0a 93 00
INFO - 20 3b d8 3c 00 0a a2 00
INFO - 20 3c 18 3c 00 0a 9a 00
INFO - 20 3e 58 3c 00 0a 99 00
INFO - 20 40 98 3c 00 0a 8f 00
INFO - 20 42 d8 3c 00 0a 9f 00
INFO - 20 44 18 3c 00 0a a1 00
INFO - 20 46 58 3c 00 0a 9c 00
INFO - 20 47 98 3c 00 0a 85 00
INFO - 20 49 d8 3c 00 0a 9d 00
INFO - 20 4a 18 3c 00 0a 82 00
INFO - 20 4c 58 3c 00 0a ac 00
INFO - 20 4d 98 3c 00 0a 70 00
INFO - 20 4f d8 3c 00 0a ac 00
INFO - 20 51 18 3c 00 0a 97 00
INFO - 20 52 58 3c 00 0a 51 00
INFO - 20 53 98 3c 00 0a 9a 00
INFO - 20 56 d8 3c 00 0a b7 00
INFO - 20 58 18 3c 00 0a b0 00
INFO - 20 59 58 3c 00 0a 8a 00
INFO - 20 5b 98 3c 00 0a 97 00
INFO - 20 5d d8 3c 00 0a 8a 00
INFO - 20 5e 18 3c 00 0a 91 00
INFO - 20 60 58 3c 00 0a 97 00
INFO - 20 62 98 3c 00 0a 91 00
INFO - 20 63 d8 3c 00 0a 8b 00
INFO - 20 65 18 3c 00 0a 98 00
INFO - 20 67 58 3c 00 0a 8d 00
INFO - 20 68 98 3c 00 0a 91 00
INFO - 20 6a d8 3c 00 0a 99 00
INFO - 20 6c 18 3c 00 0a a5 00
INFO - 20 6e 58 3c 00 0a 8c 00
INFO - 20 6f 98 3c 00 0a 9c 00
INFO - 20 71 d8 3c 00 0a 8f 00
INFO - 20 73 18 3c 00 0a 9c 00
INFO - 20 74 58 3c 00 0a 95 00
INFO - 20 76 98 3c 00 0a 8e 00
INFO - 20 78 d8 3c 00 0a 9f 00
INFO - 20 7a 18 3c 00 0a 8e 00
INFO - 20 7b 58 3c 00 0a 9f 00
INFO - 20 7d 98 3c 00 0a 8f 00
INFO - 20 7f d8 3c 00 0a a0 00
INFO - 20 81 18 3c 00 0a a2 00
INFO - 20 83 58 3c 00 0a a1 00
INFO - 20 85 98 3c 00 0a 69 00
INFO - 20 86 d8 3c 00 0a 99 00
INFO - 20 88 18 3c 00 0a a2 00
INFO - 20 8a 58 3c 00 0a 92 00
INFO - 20 8c 98 3c 00 0a 9b 00
INFO - 20 8e d8 3c 00 0a a1 00
INFO - 20 8f 18 3c 00 0a 95 00
INFO - 20 91 58 3c 00 0a a1 00
INFO - 20 93 98 3c 00 0a 95 00
INFO - 20 95 d8 3c 00 0a a2 00
INFO - 20 97 18 3c 00 0a a8 00
INFO - 20 99 58 3c 00 0a 9b 00
INFO - 20 9b 98 3c 00 0a a4 00
INFO - 20 9d d8 3c 00 0a 95 00
INFO - 20 9f 18 3c 00 0a 9e 00
INFO - 20 a1 58 3c 00 0a a3 00
INFO - 20 a2 98 3c 00 0a 9d 00
INFO - 20 a4 d8 3c 00 0a 85 00
INFO - 20 a6 18 3c 00 0a af 00
INFO - 20 a8 58 3c 00 0a a6 00
INFO - 20 aa 98 3c 00 0a a8 00
INFO - 20 ac d8 3c 00 0a a5 00
INFO - 20 ae 18 3c 00 0a 98 00
INFO - 20 b0 58 3c 00 0a 9e 00
INFO - 20 b2 98 3c 00 0a 9f 00
INFO - 20 b4 d8 3c 00 0a a5 00
INFO - 20 b6 18 3c 00 0a 98 00
INFO - 20 b7 58 3c 00 0a a0 00
INFO - 20 b9 98 3c 00 0a 9e 00
INFO - 20 bb d8 3c 00 0a a0 00
INFO - 20 be 18 3c 00 0a b8 00
INFO - 20 c0 58 3c 00 0a 99 00
INFO - 20 c1 98 3c 00 0a 9f 00
INFO - 20 c3 d8 3c 00 0a 9f 00
INFO - 20 c5 18 3c 00 0a a1 00
INFO - 20 c7 58 3c 00 0a a6 00
INFO - 20 c9 98 3c 00 0a 9a 00
INFO - 20 cb d8 3c 00 0a 8c 00
INFO - 20 cd 18 3c 00 0a b4 00
INFO - 20 cf 58 3c 00 0a a1 00
INFO - 20 d1 98 3c 00 0a 9b 00
INFO - 20 d3 d8 3c 00 0a b9 00
INFO - 20 d5 18 3c 00 0a a9 00
INFO - 20 d7 58 3c 00 0a 99 00
INFO - 20 d9 98 3c 00 0a a2 00
INFO - 20 db d8 3c 00 0a a0 00
INFO - 20 dd 18 3c 00 0a a2 00
INFO - 20 df 58 3c 00 0a a0 00
INFO - 20 e1 98 3c 00 0a a2 00
INFO - 20 e3 d8 3c 00 0a 9d 00
INFO - 20 e5 18 3c 00 0a a7 00
INFO - 20 e7 58 3c 00 0a ab 00
INFO - 20 e9 98 3c 00 0a a7 00
INFO - 20 eb d8 3c 00 0a a2 00
INFO - 20 ed 18 3c 00 0a a0 00
INFO - 20 ef 58 3c 00 0a a1 00
INFO - 20 f1 98 3c 00 0a a1 00
INFO - 20 f3 d8 3c 00 0a 9e 00
INFO - 20 f5 18 3c 00 0a ab 00
INFO - 20 f7 58 3c 00 0a 92 00
INFO - 20 f9 98 3c 00 0a a6 00
INFO - 20 fa d8 3c 00 0a 99 00
INFO - 20 fc 18 3c 00 0a a8 00
INFO - 20 ff 58 3c 00 0a b5 00
INFO - 21 01 98 3c 00 0a 98 00
INFO - 21 03 d8 3c 00 0a a7 00
INFO - 21 04 18 3c 00 0a 86 00
INFO - 21 07 58 3c 00 0a b9 00
INFO - 21 08 98 3c 00 0a 99 00
INFO - 21 0a d8 3c 00 0a a8 00
INFO - 21 0c 18 3c 00 0a 97 00
INFO - 21 0e 58 3c 00 0a a8 00
INFO - 21 10 98 3c 00 0a 98 00
INFO - 21 12 d8 3c 00 0a a7 00
INFO - 21 14 18 3c 00 0a 98 00
INFO - 21 16 58 3c 00 0a a6 00
INFO - 21 18 98 3c 00 0a 99 00
INFO - 21 1a d8 3c 00 0a 9e 00
INFO - 21 1c 18 3c 00 0a a7 00
INFO - 21 1d 58 3c 00 0a 84 00
INFO - 21 1f 98 3c 00 0a 8c 00
INFO - 21 21 d8 3c 00 0a c5 00
INFO - 21 23 18 3c 00 0a a5 00
INFO - 21 25 58 3c 00 0a 98 00
INFO - 21 27 98 3c 00 0a 9f 00
INFO - 21 29 d8 3c 00 0a b1 00
INFO - 21 2b 18 3c 00 0a 8c 00
INFO - 21 2d 58 3c 00 0a b1 00
INFO - 21 2f 98 3c 00 0a 9e 00
INFO - 21 31 d8 3c 00 0a 9e 00
INFO - 21 33 18 3c 00 0a 9e 00
INFO - 21 35 58 3c 00 0a 9f 00
INFO - 21 36 98 3c 00 0a 6f 00
INFO - 21 38 d8 3c 00 0a 9e 00
INFO - 21 3a 18 3c 00 0a 9f 00
INFO - 21 3c 58 3c 00 0a 9d 00
INFO - 21 3e 98 3c 00 0a 9d 00
INFO - 21 40 d8 3c 00 0a 9d 00
INFO - 21 42 18 3c 00 0a 9e 00
INFO - 21 44 58 3c 00 0a 9d 00
INFO - 21 45 98 3c 00 0a 97 00
INFO - 21 47 d8 3c 00 0a a4 00
INFO - 21 49 18 3c 00 0a 9d 00
INFO - 21 4b 58 3c 00 0a 9d 00
INFO - 21 4d 98 3c 00 0a 97 00
INFO - 21 4f d8 3c 00 0a a4 00
INFO - 21 51 18 3c 00 0a 9d 00
INFO - 21 53 58 3c 00 0a a9 00
INFO - 21 55 98 3c 00 0a a4 00
INFO - 21 57 d8 3c 00 0a 99 00
INFO - 21 58 18 3c 00 0a 9b 00
INFO - 21 5a 58 3c 00 0a a4 00
INFO - 21 5c 98 3c 00 0a 96 00
INFO - 21 5e d8 3c 00 0a a4 00
INFO - 21 60 18 3c 00 0a 95 00
INFO - 21 62 58 3c 00 0a 9d 00
INFO - 21 64 98 3c 00 0a a4 00
INFO - 21 66 d8 3c 00 0a 96 00
INFO - 21 67 18 3c 00 0a 9d 00
INFO - 21 69 58 3c 00 0a 9d 00
INFO - 21 6b 98 3c 00 0a 9d 00
INFO - 21 6d d8 3c 00 0a a4 00
INFO - 21 6f 18 3c 00 0a 97 00
INFO - 21 71 58 3c 00 0a 9c 00
INFO - 21 73 98 3c 00 0a a4 00
INFO - 21 75 d8 3c 00 0a 99 00
INFO - 21 76 18 3c 00 0a 99 00
INFO - 21 79 58 3c 00 0a b1 00
INFO - 21 7a 98 3c 00 0a 9e 00
INFO - 21 7c d8 3c 00 0a 96 00
INFO - 21 7e 18 3c 00 0a a4 00
INFO - 21 80 58 3c 00 0a 9d 00
INFO - 21 82 98 3c 00 0a 9e 00
INFO - 21 84 d8 3c 00 0a 9d 00
INFO - 21 86 18 3c 00 0a 9d 00
INFO - 21 88 58 3c 00 0a 9e 00
INFO - 21 89 98 3c 00 0a 9d 00
INFO - 21 8b d8 3c 00 0a 97 00
INFO - 21 8d 18 3c 00 0a a5 00
INFO - 21 8f 58 3c 00 0a 9e 00
INFO - 21 91 98 3c 00 0a 96 00
INFO - 21 93 d8 3c 00 0a b8 00
INFO - 21 95 18 3c 00 0a 97 00
INFO - 21 97 58 3c 00 0a a5 00
INFO - 21 99 98 3c 00 0a 9e 00
INFO - 21 9b d8 3c 00 0a 9a 00
INFO - 21 9d 18 3c 00 0a 9b 00
INFO - 21 9e 58 3c 00 0a 9e 00
INFO - 21 a0 98 3c 00 0a a5 00
INFO - 21 a2 d8 3c 00 0a 97 00
INFO - 21 a4 18 3c 00 0a a5 00
INFO - 21 a6 58 3c 00 0a 97 00
INFO - 21 a8 98 3c 00 0a a5 00
INFO - 21 aa d8 3c 00 0a aa 00
INFO - 21 ac 18 3c 00 0a 9e 00
INFO - 21 ae 58 3c 00 0a 93 00
INFO - 21 b0 98 3c 00 0a aa 00
INFO - 21 b2 d8 3c 00 0a 9e 00
INFO - 21 b4 18 3c 00 0a a6 00
INFO - 21 b6 58 3c 00 0a 97 00
INFO - 21 b7 98 3c 00 0a 9e 00
INFO - 21 b9 d8 3c 00 0a 9f 00
INFO - 21 bb 18 3c 00 0a 9f 00
INFO - 21 bd 58 3c 00 0a 9e 00
INFO - 21 bf 98 3c 00 0a b2 00
INFO - 21 c1 d8 3c 00 0a 9f 00
INFO - 21 c3 18 3c 00 0a 9f 00
INFO - 21 c5 58 3c 00 0a a6 00
INFO - 21 c7 98 3c 00 0a 98 00
INFO - 21 c9 d8 3c 00 0a 9f 00
INFO - 21 cb 18 3c 00 0a a0 00
INFO - 21 cd 58 3c 00 0a 9f 00
INFO - 21 cf 98 3c 00 0a 9f 00
INFO - 21 d1 d8 3c 00 0a 9f 00
INFO - 21 d3 18 3c 00 0a 9f 00
INFO - 21 d4 58 3c 00 0a 9f 00
INFO - 21 d7 98 3c 00 0a b2 00
INFO - 21 d9 d8 3c 00 0a a0 00
INFO - 21 db 18 3c 00 0a 9f 00
INFO - 21 dc 58 3c 00 0a 98 00
INFO - 21 de 98 3c 00 0a a7 00
INFO - 21 e0 d8 3c 00 0a 9f 00
INFO - 21 e2 18 3c 00 0a 98 00
INFO - 21 e4 58 3c 00 0a a7 00
INFO - 21 e6 98 3c 00 0a 98 00
INFO - 21 e8 d8 3c 00 0a a7 00
INFO - 21 ea 18 3c 00 0a 98 00
INFO - 21 ec 58 3c 00 0a 95 00
INFO - 21 ed 98 3c 00 0a 8d 00
INFO - 21 f0 d8 3c 00 0a be 00
INFO - 21 f2 18 3c 00 0a bb 00
INFO - 21 f4 58 3c 00 0a 98 00
INFO - 21 f6 98 3c 00 0a a0 00
INFO - 21 f8 d8 3c 00 0a a0 00
INFO - 21 fa 18 3c 00 0a a7 00
INFO - 21 fc 58 3c 00 0a 99 00
INFO - 21 fe 98 3c 00 0a 70 00
INFO - 22 00 d8 3c 00 0a b3 00
INFO - 22 02 18 3c 00 0a a0 00
INFO - 22 04 58 3c 00 0a a0 00
INFO - 22 06 98 3c 00 0a a8 00
INFO - 22 08 d8 3c 00 0a 99 00
INFO - 22 0a 18 3c 00 0a a0 00
INFO - 22 0c 58 3c 00 0a a0 00
INFO - 22 0d 98 3c 00 0a 9f 00
INFO - 22 0f d8 3c 00 0a a1 00
INFO - 22 11 18 3c 00 0a a0 00
INFO - 22 13 58 3c 00 0a a0 00
INFO - 22 16 98 3c 00 0a b4 00
INFO - 22 17 d8 3c 00 0a 9f 00
INFO - 22 19 18 3c 00 0a 8d 00
INFO - 22 1b 58 3c 00 0a b3 00
INFO - 22 1d 98 3c 00 0a a1 00
INFO - 22 1f d8 3c 00 0a a0 00
INFO - 22 21 18 3c 00 0a a0 00
INFO - 22 23 58 3c 00 0a a0 00
INFO - 22 25 98 3c 00 0a a1 00
INFO - 22 27 d8 3c 00 0a a0 00
INFO - 22 29 18 3c 00 0a a0 00
INFO - 22 2b 58 3c 00 0a b4 00
INFO - 22 2d 98 3c 00 0a a0 00
INFO - 22 2f d8 3c 00 0a a2 00
INFO - 22 31 18 3c 00 0a 98 00
INFO - 22 33 58 3c 00 0a a9 00
INFO - 22 35 98 3c 00 0a 97 00
INFO - 22 37 d8 3c 00 0a a9 00
INFO - 22 39 18 3c 00 0a a0 00
INFO - 22 3b 58 3c 00 0a 97 00
INFO - 22 3c 98 3c 00 0a a0 00
INFO - 22 3f d8 3c 00 0a bd 00
INFO - 22 41 18 3c 00 0a 97 00
INFO - 22 43 58 3c 00 0a a9 00
INFO - 22 45 98 3c 00 0a 97 00
INFO - 22 46 d8 3c 00 0a a0 00
INFO - 22 48 18 3c 00 0a 8d 00
INFO - 22 4a 58 3c 00 0a b3 00
INFO - 22 4c 98 3c 00 0a 9f 00
INFO - 22 4e d8 3c 00 0a a0 00
INFO - 22 50 18 3c 00 0a 9f 00
INFO - 22 52 58 3c 00 0a a7 00
INFO - 22 54 98 3c 00 0a 98 00
INFO - 22 56 d8 3c 00 0a b2 00
INFO - 22 58 18 3c 00 0a 9f 00
INFO - 22 5a 58 3c 00 0a 9f 00
INFO - 22 5c 98 3c 00 0a 9f 00
INFO - 22 5e d8 3c 00 0a 9f 00
INFO - 22 60 18 3c 00 0a 9f 00
INFO - 22 62 58 3c 00 0a 9e 00
INFO - 22 64 98 3c 00 0a 9f 00
INFO - 22 65 d8 3c 00 0a 9d 00
INFO - 22 67 18 3c 00 0a 9f 00
INFO - 22 69 58 3c 00 0a 9e 00
INFO - 22 6b 98 3c 00 0a 94 00
INFO - 22 6d d8 3c 00 0a a8 00
INFO - 22 6f 18 3c 00 0a b1 00
INFO - 22 71 58 3c 00 0a 92 00
INFO - 22 73 98 3c 00 0a a9 00
INFO - 22 75 d8 3c 00 0a 9d 00
INFO - 22 77 18 3c 00 0a 9d 00
INFO - 22 78 58 3c 00 0a 92 00
INFO - 22 7a 98 3c 00 0a a8 00
INFO - 22 7c d8 3c 00 0a 95 00
INFO - 22 7e 18 3c 00 0a 99 00
INFO - 22 80 58 3c 00 0a a8 00
INFO - 22 82 98 3c 00 0a 91 00
INFO - 22 84 d8 3c 00 0a a8 00
INFO - 22 86 18 3c 00 0a a3 00
INFO - 22 88 58 3c 00 0a a8 00
INFO - 22 8a 98 3c 00 0a 91 00
INFO - 22 8c d8 3c 00 0a a8 00
INFO - 22 8d 18 3c 00 0a 90 00
INFO - 22 8f 58 3c 00 0a 9b 00
INFO - 22 91 98 3c 00 0a a8 00
INFO - 22 93 d8 3c 00 0a 68 00
INFO - 22 95 18 3c 00 0a 9c 00
INFO - 22 97 58 3c 00 0a a8 00
INFO - 22 98 98 3c 00 0a 8e 00
INFO - 22 9a d8 3c 00 0a 9b 00
INFO - 22 9c 18 3c 00 0a 9c 00
INFO - 22 9e 58 3c 00 0a 9b 00
INFO - 22 a0 98 3c 00 0a ad 00
INFO - 22 a2 d8 3c 00 0a a7 00
INFO - 22 a4 18 3c 00 0a 8e 00
INFO - 22 a5 58 3c 00 0a 9a 00
INFO - 22 a7 98 3c 00 0a 9a 00
INFO - 22 a9 d8 3c 00 0a 9b 00
INFO - 22 ab 18 3c 00 0a 9a 00
INFO - 22 ad 58 3c 00 0a 9a 00
INFO - 22 ae 98 3c 00 0a 9a 00
INFO - 22 b0 d8 3c 00 0a 9a 00
INFO - 22 b2 18 3c 00 0a 9a 00
INFO - 22 b4 58 3c 00 0a 99 00
INFO - 22 b6 98 3c 00 0a 9a 00
INFO - 22 b7 d8 3c 00 0a 98 00
INFO - 22 b9 18 3c 00 0a 9b 00
INFO - 22 ba 58 3c 00 0a 52 00
INFO - 22 bc 98 3c 00 0a ab 00
INFO - 22 be d8 3c 00 0a af 00
INFO - 22 c1 18 3c 00 0a c8 00
INFO - 22 c2 58 3c 00 0a 8c 00
INFO - 22 c4 98 3c 00 0a a6 00
INFO - 22 c6 d8 3c 00 0a 98 00
INFO - 22 c8 18 3c 00 0a 98 00
INFO - 22 c9 58 3c 00 0a 8a 00
INFO - 22 cb 98 3c 00 0a a5 00
INFO - 22 cd d8 3c 00 0a 97 00
INFO - 22 cf 18 3c 00 0a 89 00
INFO - 22 d1 58 3c 00 0a b8 00
INFO - 22 d3 98 3c 00 0a 97 00
INFO - 22 d4 d8 3c 00 0a 89 00
INFO - 22 d6 18 3c 00 0a 97 00
INFO - 22 d8 58 3c 00 0a a5 00
INFO - 22 d9 98 3c 00 0a 88 00
INFO - 22 db d8 3c 00 0a 98 00
INFO - 22 dd 18 3c 00 0a a4 00
INFO - 22 df 58 3c 00 0a 89 00
INFO - 22 e1 98 3c 00 0a a3 00
INFO - 22 e2 d8 3c 00 0a 89 00
INFO - 22 e4 18 3c 00 0a a8 00
INFO - 22 e6 58 3c 00 0a 96 00
INFO - 22 e8 98 3c 00 0a 96 00
INFO - 22 e9 d8 3c 00 0a 95 00
INFO - 22 eb 18 3c 00 0a 98 00
INFO - 22 ed 58 3c 00 0a a4 00
INFO - 22 ef 98 3c 00 0a 87 00
INFO - 22 f0 d8 3c 00 0a 97 00
INFO - 22 f2 18 3c 00 0a 96 00
