INFO - a0 00 98 08 b2 f9 c3 0b
INFO - a0 00 d8 10 47 a9 07 22
INFO - a0 00 18 18 00 01 86 a0
INFO - a0 01 58 08 b2 f9 c2 8a
INFO - a0 01 98 10 47 a9 07 33
INFO - a0 01 d8 18 00 01 86 a0
INFO - a0 03 18 08 b2 f9 c1 c1
INFO - a0 03 58 10 47 a9 07 54
INFO - a0 03 98 18 00 01 86 a0
INFO - a0 05 d8 08 b2 f9 c0 f1
INFO - a0 05 18 10 47 a9 07 76
INFO - a0 05 58 18 00 01 86 a0
INFO - a0 07 98 08 b2 f9 c0 28
INFO - a0 07 d8 10 47 a9 07 91
INFO - a0 07 18 18 00 01 86 a0
INFO - a0 09 58 08 b2 f9 bf 58
INFO - a0 09 98 10 47 a9 07 b2
INFO - a0 09 d8 18 00 01 86 a0
INFO - a0 0b 18 08 b2 f9 be 88
INFO - a0 0b 58 10 47 a9 07 cd
INFO - a0 0b 98 18 00 01 86 a0
INFO - a0 0d d8 08 b2 f9 bd bf
INFO - a0 0d 18 10 47 a9 07 ef
INFO - a0 0d 58 18 00 01 86 a0
INFO - a0 0f 98 08 b2 f9 bc ef
INFO - a0 0f d8 10 47 a9 08 10
INFO - a0 0f 18 18 00 01 86 a0
INFO - a0 11 58 08 b2 f9 bc 26
INFO - a0 11 98 10 47 a9 08 2b
INFO - a0 11 d8 18 00 01 86 a0
INFO - a0 13 18 08 b2 f9 bb 56
INFO - a0 13 58 10 47 a9 08 4c
INFO - a0 13 98 18 00 01 86 a0
INFO - a0 15 d8 08 b2 f9 ba 86
INFO - a0 15 18 10 47 a9 08 6e
INFO - a0 15 58 18 00 01 86 a0
INFO - a0 17 98 08 b2 f9 b9 bd
INFO - a0 17 d8 10 47 a9 08 89
INFO - a0 17 18 18 00 01 86 a0
INFO - a0 19 58 08 b2 f9 b8 ed
INFO - a0 19 98 10 47 a9 08 aa
INFO - a0 19 d8 18 00 01 86 a0
INFO - a0 1b 18 08 b2 f9 b8 24
INFO - a0 1b 58 10 47 a9 08 c5
INFO - a0 1b 98 18 00 01 86 a0
INFO - a0 1d d8 08 b2 f9 b7 54
INFO - a0 1d 18 10 47 a9 08 e7
INFO - a0 1d 58 18 00 01 86 a0
INFO - a0 1f 98 08 b2 f9 b6 8b
INFO - a0 1f d8 10 47 a9 09 08
INFO - a0 1f 18 18 00 01 86 a0
INFO - a0 21 58 08 b2 f9 b5 bb
INFO - a0 21 98 10 47 a9 09 23
INFO - a0 21 d8 18 00 01 86 a0
INFO - a0 23 18 08 b2 f9 b4 f2
INFO - a0 23 58 10 47 a9 09 45
INFO - a0 23 98 18 00 01 86 a0
INFO - a0 25 d8 08 b2 f9 b4 22
INFO - a0 25 18 10 47 a9 09 5f
INFO - a0 25 58 18 00 01 86 a0
INFO - a0 27 98 08 b2 f9 b3 59
INFO - a0 27 d8 10 47 a9 09 81
INFO - a0 27 18 18 00 01 86 a0
INFO - a0 29 58 08 b2 f9 b2 89
INFO - a0 29 98 10 47 a9 09 a2
INFO - a0 29 d8 18 00 01 86 a0
INFO - a0 2b 18 08 b2 f9 b1 b9
INFO - a0 2b 58 10 47 a9 09 bd
INFO - a0 2b 98 18 00 01 86 a0
INFO - a0 2d d8 08 b2 f9 b0 f0
INFO - a0 2d 18 10 47 a9 09 df
INFO - a0 2d 58 18 00 01 86 a0
INFO - a0 2f 98 08 b2 f9 b0 20
INFO - a0 2f d8 10 47 a9 0a 00
INFO - a0 2f 18 18 00 01 86 a0
INFO - a0 31 58 08 b2 f9 af 50
INFO - a0 31 98 10 47 a9 0a 1b
INFO - a0 31 d8 18 00 01 86 a0
INFO - a0 33 18 08 b2 f9 ae 87
INFO - a0 33 58 10 47 a9 0a 3d
INFO - a0 33 98 18 00 01 86 a0
INFO - a0 35 d8 08 b2 f9 ad b7
INFO - a0 35 18 10 47 a9 0a 57
INFO - a0 35 58 18 00 01 86 a0
INFO - a0 37 98 08 b2 f9 ac ee
INFO - a0 37 d8 10 47 a9 0a 79
INFO - a0 37 18 18 00 01 86 a0
INFO - a0 38 58 08 b2 f9 ac 4d
INFO - a0 38 98 10 47 a9 0a 94
INFO - a0 38 d8 18 00 01 86 a0
INFO - a0 38 18 08 b2 f9 ac 4d
INFO - a0 38 58 10 47 a9 0a 94
INFO - a0 38 98 18 00 01 86 a0
INFO - a0 3a d8 08 b2 f9 ab 7d
INFO - a0 3a 18 10 47 a9 0a af
INFO - a0 3a 58 18 00 01 86 a0
INFO - a0 3c 98 08 b2 f9 aa ad
INFO - a0 3c d8 10 47 a9 0a d0
INFO - a0 3c 18 18 00 01 86 a0
INFO - a0 3e 58 08 b2 f9 a9 e4
INFO - a0 3e 98 10 47 a9 0a f2
INFO - a0 3e d8 18 00 01 86 a0
INFO - a0 40 18 08 b2 f9 a9 14
INFO - a0 40 58 10 47 a9 0b 0d
INFO - a0 40 98 18 00 01 86 a0
INFO - a0 42 d8 08 b2 f9 a8 45
INFO - a0 42 18 10 47 a9 0b 2e
INFO - a0 42 58 18 00 01 86 a0
INFO - a0 44 98 08 b2 f9 a7 7b
INFO - a0 44 d8 10 47 a9 0b 49
INFO - a0 44 18 18 00 01 86 a0
INFO - a0 46 58 08 b2 f9 a6 ab
INFO - a0 46 98 10 47 a9 0b 6a
INFO - a0 46 d8 18 00 01 86 a0
INFO - a0 48 18 08 b2 f9 a5 e2
INFO - a0 48 58 10 47 a9 0b 8c
INFO - a0 48 98 18 00 01 86 a0
INFO - a0 4a d8 08 b2 f9 a5 12
INFO - a0 4a 18 10 47 a9 0b a7
INFO - a0 4a 58 18 00 01 86 a0
INFO - a0 4c 98 08 b2 f9 a4 49
INFO - a0 4c d8 10 47 a9 0b c8
INFO - a0 4c 18 18 00 01 86 a0
INFO - a0 4e 58 08 b2 f9 a3 79
INFO - a0 4e 98 10 47 a9 0b ea
INFO - a0 4e d8 18 00 01 86 a0
INFO - a0 50 18 08 b2 f9 a2 b0
INFO - a0 50 58 10 47 a9 0c 05
INFO - a0 50 98 18 00 01 86 a0
INFO - a0 52 d8 08 b2 f9 a1 e0
INFO - a0 52 18 10 47 a9 0c 26
INFO - a0 52 58 18 00 01 86 a0
INFO - a0 54 98 08 b2 f9 a1 17
INFO - a0 54 d8 10 47 a9 0c 41
INFO - a0 54 18 18 00 01 86 a0
INFO - a0 56 58 08 b2 f9 a0 47
INFO - a0 56 98 10 47 a9 0c 63
INFO - a0 56 d8 18 00 01 86 a0
INFO - a0 59 18 08 b2 f9 9f 77
INFO - a0 59 58 10 47 a9 0c 84
INFO - a0 59 98 18 00 01 86 a0
INFO - a0 5a d8 08 b2 f9 9e ae
INFO - a0 5a 18 10 47 a9 0c 9f
INFO - a0 5a 58 18 00 01 86 a0
INFO - a0 5d 98 08 b2 f9 9d de
INFO - a0 5d d8 10 47 a9 0c c0
INFO - a0 5d 18 18 00 01 86 a0
INFO - a0 5e 58 08 b2 f9 9d 15
INFO - a0 5e 98 10 47 a9 0c db
INFO - a0 5e d8 18 00 01 86 a0
INFO - a0 61 18 08 b2 f9 9c 45
INFO - a0 61 58 10 47 a9 0c fd
INFO - a0 61 98 18 00 01 86 a0
INFO - a0 63 d8 08 b2 f9 9b 76
INFO - a0 63 18 10 47 a9 0d 1e
INFO - a0 63 58 18 00 01 86 a0
INFO - a0 64 98 08 b2 f9 9a ac
INFO - a0 64 d8 10 47 a9 0d 39
INFO - a0 64 18 18 00 01 86 a0
INFO - a0 67 58 08 b2 f9 99 dc
INFO - a0 67 98 10 47 a9 0d 5b
INFO - a0 67 d8 18 00 01 86 a0
INFO - a0 68 18 08 b2 f9 99 13
INFO - a0 68 58 10 47 a9 0d 75
INFO - a0 68 98 18 00 01 86 a0
INFO - a0 6b d8 08 b2 f9 98 43
INFO - a0 6b 18 10 47 a9 0d 97
INFO - a0 6b 58 18 00 01 86 a0
INFO - a0 6c 98 08 b2 f9 97 7a
INFO - a0 6c d8 10 47 a9 0d b9
INFO - a0 6c 18 18 00 01 86 a0
INFO - a0 6f 58 08 b2 f9 96 aa
INFO - a0 6f 98 10 47 a9 0d d3
INFO - a0 6f d8 18 00 01 86 a0
INFO - a0 71 18 08 b2 f9 95 db
INFO - a0 71 58 10 47 a9 0d f5
INFO - a0 71 98 18 00 01 86 a0
INFO - a0 73 d8 08 b2 f9 95 11
INFO - a0 73 18 10 47 a9 0e 10
INFO - a0 73 58 18 00 01 86 a0
INFO - a0 74 98 08 b2 f9 94 48
INFO - a0 74 d8 10 47 a9 0e 31
INFO - a0 74 18 18 00 01 86 a0
INFO - a0 77 58 08 b2 f9 93 78
INFO - a0 77 98 10 47 a9 0e 4c
INFO - a0 77 d8 18 00 01 86 a0
INFO - a0 78 18 08 b2 f9 92 af
INFO - a0 78 58 10 47 a9 0e 6e
INFO - a0 78 98 18 00 01 86 a0
INFO - a0 7b d8 08 b2 f9 91 df
INFO - a0 7b 18 10 47 a9 0e 88
INFO - a0 7b 58 18 00 01 86 a0
INFO - a0 7c 98 08 b2 f9 91 16
INFO - a0 7c d8 10 47 a9 0e aa
INFO - a0 7c 18 18 00 01 86 a0
INFO - a0 7f 58 08 b2 f9 90 46
INFO - a0 7f 98 10 47 a9 0e c5
INFO - a0 7f d8 18 00 01 86 a0
INFO - a0 80 18 08 b2 f9 8f 7d
INFO - a0 80 58 10 47 a9 0e e6
INFO - a0 80 98 18 00 01 86 a0
INFO - a0 82 d8 08 b2 f9 8e ad
INFO - a0 82 18 10 47 a9 0f 01
INFO - a0 82 58 18 00 01 86 a0
INFO - a0 84 98 08 b2 f9 8d e4
INFO - a0 84 d8 10 47 a9 0f 23
INFO - a0 84 18 18 00 01 86 a0
INFO - a0 86 58 08 b2 f9 8d 14
INFO - a0 86 98 10 47 a9 0f 3d
INFO - a0 86 d8 18 00 01 86 a0
INFO - a0 88 18 08 b2 f9 8c 4b
INFO - a0 88 58 10 47 a9 0f 5f
INFO - a0 88 98 18 00 01 86 a0
INFO - a0 8a d8 08 b2 f9 8b 7b
INFO - a0 8a 18 10 47 a9 0f 7a
INFO - a0 8a 58 18 00 01 86 a0
INFO - a0 8c 98 08 b2 f9 8a b2
INFO - a0 8c d8 10 47 a9 0f 95
INFO - a0 8c 18 18 00 01 86 a0
INFO - a0 8e 58 08 b2 f9 89 e2
INFO - a0 8e 98 10 47 a9 0f b6
INFO - a0 8e d8 18 00 01 86 a0
INFO - a0 90 18 08 b2 f9 89 19
INFO - a0 90 58 10 47 a9 0f d1
INFO - a0 90 98 18 00 01 86 a0
INFO - a0 92 d8 08 b2 f9 88 49
INFO - a0 92 18 10 47 a9 0f f2
INFO - a0 92 58 18 00 01 86 a0
INFO - a0 94 98 08 b2 f9 87 80
INFO - a0 94 d8 10 47 a9 10 0d
INFO - a0 94 18 18 00 01 86 a0
INFO - a0 96 58 08 b2 f9 86 b0
INFO - a0 96 98 10 47 a9 10 2f
INFO - a0 96 d8 18 00 01 86 a0
INFO - a0 98 18 08 b2 f9 85 e7
INFO - a0 98 58 10 47 a9 10 4a
INFO - a0 98 98 18 00 01 86 a0
INFO - a0 9a d8 08 b2 f9 85 17
INFO - a0 9a 18 10 47 a9 10 64
INFO - a0 9a 58 18 00 01 86 a0
INFO - a0 9c 98 08 b2 f9 84 4e
INFO - a0 9c d8 10 47 a9 10 86
INFO - a0 9c 18 18 00 01 86 a0
INFO - a0 9e 58 08 b2 f9 83 7e
INFO - a0 9e 98 10 47 a9 10 a1
INFO - a0 9e d8 18 00 01 86 a0
INFO - a0 a0 18 08 b2 f9 82 b5
INFO - a0 a0 58 10 47 a9 10 bc
INFO - a0 a0 98 18 00 01 86 a0
INFO - a0 a2 d8 08 b2 f9 81 e5
INFO - a0 a2 18 10 47 a9 10 dd
INFO - a0 a2 58 18 00 01 86 a0
INFO - a0 a3 98 40 57 00 00 02
INFO - a0 a3 d8 40 57 00 00 02
INFO - a0 a3 18 40 57 00 00 02
INFO - a0 a3 58 40 57 00 00 02
INFO - a0 a3 98 40 57 00 00 02
INFO - a0 a4 d8 08 b2 f9 81 1c
INFO - a0 a4 18 10 47 a9 10 f8
INFO - a0 a4 58 18 00 01 86 a0
INFO - a0 a6 98 08 b2 f9 80 4c
INFO - a0 a6 d8 10 47 a9 11 13
INFO - a0 a6 18 18 00 01 86 a0
INFO - a0 a8 58 08 b2 f9 7f 83
INFO - a0 a8 98 10 47 a9 11 34
INFO - a0 a8 d8 18 00 01 86 a0
INFO - a0 aa 18 08 b2 f9 7e b3
INFO - a0 aa 58 10 47 a9 11 4f
INFO - a0 aa 98 18 00 01 86 a0
INFO - a0 ac d8 08 b2 f9 7d e3
INFO - a0 ac 18 10 47 a9 11 71
INFO - a0 ac 58 18 00 01 86 a0
INFO - a0 ae 98 08 b2 f9 7d 1a
INFO - a0 ae d8 10 47 a9 11 8c
INFO - a0 ae 18 18 00 01 86 a0
INFO - a0 b0 58 08 b2 f9 7c 4a
INFO - a0 b0 98 10 47 a9 11 a6
INFO - a0 b0 d8 18 00 01 86 a0
INFO - a0 b2 18 08 b2 f9 7b 81
INFO - a0 b2 58 10 47 a9 11 c1
INFO - a0 b2 98 18 00 01 86 a0
INFO - a0 b4 d8 08 b2 f9 7a b1
INFO - a0 b4 18 10 47 a9 11 e3
INFO - a0 b4 58 18 00 01 86 a0
INFO - a0 b6 98 08 b2 f9 79 e1
INFO - a0 b6 d8 10 47 a9 11 fe
INFO - a0 b6 18 18 00 01 86 a0
INFO - a0 b8 58 08 b2 f9 79 18
INFO - a0 b8 98 10 47 a9 12 18
INFO - a0 b8 d8 18 00 01 86 a0
INFO - a0 ba 18 08 b2 f9 78 48
INFO - a0 ba 58 10 47 a9 12 33
INFO - a0 ba 98 18 00 01 86 a0
INFO - a0 bc d8 08 b2 f9 77 7f
INFO - a0 bc 18 10 47 a9 12 4e
INFO - a0 bc 58 18 00 01 86 a0
INFO - a0 be 98 08 b2 f9 76 af
INFO - a0 be d8 10 47 a9 12 6f
INFO - a0 be 18 18 00 01 86 a0
INFO - a0 c0 58 08 b2 f9 75 e6
INFO - a0 c0 98 10 47 a9 12 8a
INFO - a0 c0 d8 18 00 01 86 a0
INFO - a0 c2 18 08 b2 f9 75 16
INFO - a0 c2 58 10 47 a9 12 a5
INFO - a0 c2 98 18 00 01 86 a0
INFO - a0 c4 d8 08 b2 f9 74 46
INFO - a0 c4 18 10 47 a9 12 c0
INFO - a0 c4 58 18 00 01 86 a0
INFO - a0 c6 98 08 b2 f9 73 7d
INFO - a0 c6 d8 10 47 a9 12 db
INFO - a0 c6 18 18 00 01 86 a0
INFO - a0 c8 58 08 b2 f9 72 ad
INFO - a0 c8 98 10 47 a9 12 fc
INFO - a0 c8 d8 18 00 01 86 a0
INFO - a0 ca 18 08 b2 f9 71 e4
INFO - a0 ca 58 10 47 a9 13 17
INFO - a0 ca 98 18 00 01 86 a0
INFO - a0 cc d8 08 b2 f9 71 14
INFO - a0 cc 18 10 47 a9 13 32
INFO - a0 cc 58 18 00 01 86 a0
INFO - a0 ce 98 08 b2 f9 70 44
INFO - a0 ce d8 10 47 a9 13 4d
INFO - a0 ce 18 18 00 01 86 a0
INFO - a0 d0 58 08 b2 f9 6f 7b
INFO - a0 d0 98 10 47 a9 13 68
INFO - a0 d0 d8 18 00 01 86 a0
INFO - a0 d3 18 08 b2 f9 6e 83
INFO - a0 d3 58 10 47 a9 13 82
INFO - a0 d3 98 18 00 01 86 a0
INFO - a0 d3 d8 08 b2 f9 6e 83
INFO - a0 d3 18 10 47 a9 13 82
INFO - a0 d3 58 18 00 01 86 a0
INFO - a0 d5 98 08 b2 f9 6d b3
INFO - a0 d5 d8 10 47 a9 13 9d
INFO - a0 d5 18 18 00 01 86 a0
INFO - a0 d7 58 08 b2 f9 6c ea
INFO - a0 d7 98 10 47 a9 13 bf
INFO - a0 d7 d8 18 00 01 86 a0
INFO - a0 d9 18 08 b2 f9 6c 1a
INFO - a0 d9 58 10 47 a9 13 da
INFO - a0 d9 98 18 00 01 86 a0
INFO - a0 db d8 08 b2 f9 6b 51
INFO - a0 db 18 10 47 a9 13 f4
INFO - a0 db 58 18 00 01 86 a0
INFO - a0 dd 98 08 b2 f9 6a 81
INFO - a0 dd d8 10 47 a9 14 0f
INFO - a0 dd 18 18 00 01 86 a0
INFO - a0 df 58 08 b2 f9 69 b8
INFO - a0 df 98 10 47 a9 14 2a
INFO - a0 df d8 18 00 01 86 a0
INFO - a0 e1 18 08 b2 f9 68 e8
INFO - a0 e1 58 10 47 a9 14 45
INFO - a0 e1 98 18 00 01 86 a0
INFO - a0 e3 d8 08 b2 f9 68 1f
INFO - a0 e3 18 10 47 a9 14 60
INFO - a0 e3 58 18 00 01 86 a0
INFO - a0 e5 98 08 b2 f9 67 6a
INFO - a0 e5 d8 10 47 a9 14 74
INFO - a0 e5 18 18 00 01 86 a0
INFO - a0 e5 58 08 b2 f9 67 6a
INFO - a0 e5 98 10 47 a9 14 74
INFO - a0 e5 d8 18 00 01 86 a0
INFO - a0 e7 18 08 b2 f9 66 7f
INFO - a0 e7 58 10 47 a9 14 95
INFO - a0 e7 98 18 00 01 86 a0
INFO - a0 e9 d8 08 b2 f9 65 b6
INFO - a0 e9 18 10 47 a9 14 a9
INFO - a0 e9 58 18 00 01 86 a0
INFO - a0 eb 98 08 b2 f9 64 e6
INFO - a0 eb d8 10 47 a9 14 c4
INFO - a0 eb 18 18 00 01 86 a0
INFO - a0 ed 58 08 b2 f9 64 1d
INFO - a0 ed 98 10 47 a9 14 df
INFO - a0 ed d8 18 00 01 86 a0
INFO - a0 ef 18 08 b2 f9 63 4d
INFO - a0 ef 58 10 47 a9 14 fa
INFO - a0 ef 98 18 00 01 86 a0
INFO - a0 f1 d8 08 b2 f9 62 7d
INFO - a0 f1 18 10 47 a9 15 15
INFO - a0 f1 58 18 00 01 86 a0
INFO - a0 f3 98 08 b2 f9 61 b4
INFO - a0 f3 d8 10 47 a9 15 30
INFO - a0 f3 18 18 00 01 86 a0
INFO - a0 f5 58 08 b2 f9 60 d7
INFO - a0 f5 98 10 47 a9 15 4a
INFO - a0 f5 d8 18 00 01 86 a0
INFO - a0 f5 18 08 b2 f9 60 d7
INFO - a0 f5 58 10 47 a9 15 4a
INFO - a0 f5 98 18 00 01 86 a0
INFO - a0 f7 d8 08 b2 f9 60 0d
INFO - a0 f7 18 10 47 a9 15 5f
INFO - a0 f7 58 18 00 01 86 a0
INFO - a0 f9 98 08 b2 f9 5f 3e
INFO - a0 f9 d8 10 47 a9 15 79
INFO - a0 f9 18 18 00 01 86 a0
INFO - a0 fb 58 08 b2 f9 5e 6e
INFO - a0 fb 98 10 47 a9 15 8d
INFO - a0 fb d8 18 00 01 86 a0
INFO - a0 fd 18 08 b2 f9 5d 9e
INFO - a0 fd 58 10 47 a9 15 a8
INFO - a0 fd 98 18 00 01 86 a0
INFO - a0 ff d8 08 b2 f9 5c d5
INFO - a0 ff 18 10 47 a9 15 c3
INFO - a0 ff 58 18 00 01 86 a0
INFO - a1 01 98 08 b2 f9 5c 05
INFO - a1 01 d8 10 47 a9 15 d7
INFO - a1 01 18 18 00 01 86 a0
INFO - a1 03 58 08 b2 f9 5b 35
INFO - a1 03 98 10 47 a9 15 f2
INFO - a1 03 d8 18 00 01 86 a0
INFO - a1 05 18 08 b2 f9 5a 6c
INFO - a1 05 58 10 47 a9 16 06
INFO - a1 05 98 18 00 01 86 a0
INFO - a1 07 d8 08 b2 f9 59 9c
INFO - a1 07 18 10 47 a9 16 21
INFO - a1 07 58 18 00 01 86 a0
INFO - a1 09 98 08 b2 f9 58 cc
INFO - a1 09 d8 10 47 a9 16 35
INFO - a1 09 18 18 00 01 86 a0
INFO - a1 0b 58 08 b2 f9 58 03
INFO - a1 0b 98 10 47 a9 16 50
INFO - a1 0b d8 18 00 01 86 a0
INFO - a1 0d 18 08 b2 f9 57 33
INFO - a1 0d 58 10 47 a9 16 64
INFO - a1 0d 98 18 00 01 86 a0
INFO - a1 0f d8 08 b2 f9 56 6a
INFO - a1 0f 18 10 47 a9 16 7f
INFO - a1 0f 58 18 00 01 86 a0
INFO - a1 11 98 08 b2 f9 55 9a
INFO - a1 11 d8 10 47 a9 16 93
INFO - a1 11 18 18 00 01 86 a0
INFO - a1 13 58 08 b2 f9 54 d1
INFO - a1 13 98 10 47 a9 16 ae
INFO - a1 13 d8 18 00 01 86 a0
INFO - a1 15 18 08 b2 f9 54 01
INFO - a1 15 58 10 47 a9 16 c2
INFO - a1 15 98 18 00 01 86 a0
INFO - a1 17 d8 08 b2 f9 53 31
INFO - a1 17 18 10 47 a9 16 dd
INFO - a1 17 58 18 00 01 86 a0
INFO - a1 19 98 08 b2 f9 52 68
INFO - a1 19 d8 10 47 a9 16 f1
INFO - a1 19 18 18 00 01 86 a0
INFO - a1 1b 58 08 b2 f9 51 98
INFO - a1 1b 98 10 47 a9 17 05
INFO - a1 1b d8 18 00 01 86 a0
INFO - a1 1d 18 08 b2 f9 50 cf
INFO - a1 1d 58 10 47 a9 17 20
INFO - a1 1d 98 18 00 01 86 a0
INFO - a1 1f d8 08 b2 f9 4f ff
INFO - a1 1f 18 10 47 a9 17 34
INFO - a1 1f 58 18 00 01 86 a0
INFO - a1 21 98 08 b2 f9 4f 2f
INFO - a1 21 d8 10 47 a9 17 48
INFO - a1 21 18 18 00 01 86 a0
INFO - a1 23 58 08 b2 f9 4e 66
INFO - a1 23 98 10 47 a9 17 5c
INFO - a1 23 d8 18 00 01 86 a0
INFO - a1 25 18 08 b2 f9 4d 96
INFO - a1 25 58 10 47 a9 17 77
INFO - a1 25 98 18 00 01 86 a0
INFO - a1 27 d8 08 b2 f9 4c c6
INFO - a1 27 18 10 47 a9 17 8b
INFO - a1 27 58 18 00 01 86 a0
INFO - a1 29 98 08 b2 f9 4b fd
INFO - a1 29 d8 10 47 a9 17 9f
INFO - a1 29 18 18 00 01 86 a0
INFO - a1 2b 58 08 b2 f9 4b 2d
INFO - a1 2b 98 10 47 a9 17 b3
INFO - a1 2b d8 18 00 01 86 a0
INFO - a1 2d 18 08 b2 f9 4a 64
INFO - a1 2d 58 10 47 a9 17 c7
INFO - a1 2d 98 18 00 01 86 a0
INFO - a1 2f d8 08 b2 f9 49 94
INFO - a1 2f 18 10 47 a9 17 dc
INFO - a1 2f 58 18 00 01 86 a0
INFO - a1 31 98 08 b2 f9 48 c4
INFO - a1 31 d8 10 47 a9 17 f0
INFO - a1 31 18 18 00 01 86 a0
INFO - a1 33 58 08 b2 f9 47 f4
INFO - a1 33 98 10 47 a9 18 04
INFO - a1 33 d8 18 00 01 86 a0
INFO - a1 35 18 08 b2 f9 47 2b
INFO - a1 35 58 10 47 a9 18 18
INFO - a1 35 98 18 00 01 86 a0
INFO - a1 37 d8 08 b2 f9 46 5b
INFO - a1 37 18 10 47 a9 18 2c
INFO - a1 37 58 18 00 01 86 a0
INFO - a1 39 98 08 b2 f9 45 8b
INFO - a1 39 d8 10 47 a9 18 40
INFO - a1 39 18 18 00 01 86 a0
INFO - a1 3b 58 08 b2 f9 44 c2
INFO - a1 3b 98 10 47 a9 18 54
INFO - a1 3b d8 18 00 01 86 a0
INFO - a1 3d 18 08 b2 f9 43 f2
INFO - a1 3d 58 10 47 a9 18 68
INFO - a1 3d 98 18 00 01 86 a0
INFO - a1 3f d8 08 b2 f9 43 23
INFO - a1 3f 18 10 47 a9 18 7c
INFO - a1 3f 58 18 00 01 86 a0
INFO - a1 41 98 08 b2 f9 42 53
INFO - a1 41 d8 10 47 a9 18 91
INFO - a1 41 18 18 00 01 86 a0
INFO - a1 43 58 08 b2 f9 41 89
INFO - a1 43 98 10 47 a9 18 a5
INFO - a1 43 d8 18 00 01 86 a0
INFO - a1 45 18 08 b2 f9 40 ba
INFO - a1 45 58 10 47 a9 18 b9
INFO - a1 45 98 18 00 01 86 a0
INFO - a1 47 d8 08 b2 f9 3f ea
INFO - a1 47 18 10 47 a9 18 c6
INFO - a1 47 58 18 00 01 86 a0
INFO - a1 49 98 08 b2 f9 3f 1a
INFO - a1 49 d8 10 47 a9 18 da
INFO - a1 49 18 18 00 01 86 a0
INFO - a1 4b 58 08 b2 f9 3e 4a
INFO - a1 4b 98 10 47 a9 18 ee
INFO - a1 4b d8 18 00 01 86 a0
INFO - a1 4d 18 08 b2 f9 3d 7a
INFO - a1 4d 58 10 47 a9 19 03
INFO - a1 4d 98 18 00 01 86 a0
INFO - a1 4f d8 08 b2 f9 3c b1
INFO - a1 4f 18 10 47 a9 19 10
INFO - a1 4f 58 18 00 01 86 a0
INFO - a1 51 98 08 b2 f9 3b e1
INFO - a1 51 d8 10 47 a9 19 24
INFO - a1 51 18 18 00 01 86 a0
INFO - a1 53 58 08 b2 f9 3b 11
INFO - a1 53 98 10 47 a9 19 38
INFO - a1 53 d8 18 00 01 86 a0
INFO - a1 55 18 08 b2 f9 3a 48
INFO - a1 55 58 10 47 a9 19 46
INFO - a1 55 98 18 00 01 86 a0
INFO - a1 57 d8 08 b2 f9 39 78
INFO - a1 57 18 10 47 a9 19 5a
INFO - a1 57 58 18 00 01 86 a0
INFO - a1 59 98 08 b2 f9 38 a8
INFO - a1 59 d8 10 47 a9 19 67
INFO - a1 59 18 18 00 01 86 a0
INFO - a1 5b 58 08 b2 f9 37 d8
INFO - a1 5b 98 10 47 a9 19 7b
INFO - a1 5b d8 18 00 01 86 a0
INFO - a1 5d 18 08 b2 f9 37 09
INFO - a1 5d 58 10 47 a9 19 89
INFO - a1 5d 98 18 00 01 86 a0
INFO - a1 5f d8 08 b2 f9 36 3f
INFO - a1 5f 18 10 47 a9 19 9d
INFO - a1 5f 58 18 00 01 86 a0
INFO - a1 61 98 08 b2 f9 35 70
INFO - a1 61 d8 10 47 a9 19 aa
INFO - a1 61 18 18 00 01 86 a0
INFO - a1 63 58 08 b2 f9 34 a0
INFO - a1 63 98 10 47 a9 19 b8
INFO - a1 63 d8 18 00 01 86 a0
INFO - a1 65 18 08 b2 f9 33 d0
INFO - a1 65 58 10 47 a9 19 cc
INFO - a1 65 98 18 00 01 86 a0
INFO - a1 67 d8 08 b2 f9 33 07
INFO - a1 67 18 10 47 a9 19 d9
INFO - a1 67 58 18 00 01 86 a0
INFO - a1 69 98 08 b2 f9 32 37
INFO - a1 69 d8 10 47 a9 19 e7
INFO - a1 69 18 18 00 01 86 a0
INFO - a1 6b 58 08 b2 f9 31 67
INFO - a1 6b 98 10 47 a9 19 f4
INFO - a1 6b d8 18 00 01 86 a0
INFO - a1 6d 18 08 b2 f9 30 97
INFO - a1 6d 58 10 47 a9 1a 01
INFO - a1 6d 98 18 00 01 86 a0
INFO - a1 6f d8 08 b2 f9 2f c7
INFO - a1 6f 18 10 47 a9 1a 16
INFO - a1 6f 58 18 00 01 86 a0
INFO - a1 71 98 08 b2 f9 2e fe
INFO - a1 71 d8 10 47 a9 1a 23
INFO - a1 71 18 18 00 01 86 a0
INFO - a1 73 58 08 b2 f9 2e 2e
INFO - a1 73 98 10 47 a9 1a 30
INFO - a1 73 d8 18 00 01 86 a0
INFO - a1 75 18 08 b2 f9 2d 5e
INFO - a1 75 58 10 47 a9 1a 44
INFO - a1 75 98 18 00 01 86 a0
INFO - a1 77 d8 08 b2 f9 2c 7a
INFO - a1 77 18 10 47 a9 1a 52
INFO - a1 77 58 18 00 01 86 a0
INFO - a1 77 98 08 b2 f9 2c 7a
INFO - a1 77 d8 10 47 a9 1a 52
INFO - a1 77 18 18 00 01 86 a0
INFO - a1 79 58 08 b2 f9 2b aa
INFO - a1 79 98 10 47 a9 1a 5f
INFO - a1 79 d8 18 00 01 86 a0
INFO - a1 7b 18 08 b2 f9 2a e1
INFO - a1 7b 58 10 47 a9 1a 6d
INFO - a1 7b 98 18 00 01 86 a0
INFO - a1 7d d8 08 b2 f9 2a 11
INFO - a1 7d 18 10 47 a9 1a 73
INFO - a1 7d 58 18 00 01 86 a0
INFO - a1 7f 98 08 b2 f9 29 41
INFO - a1 7f d8 10 47 a9 1a 81
INFO - a1 7f 18 18 00 01 86 a0
INFO - a1 81 58 08 b2 f9 28 72
INFO - a1 81 98 10 47 a9 1a 8e
INFO - a1 81 d8 18 00 01 86 a0
INFO - a1 83 18 08 b2 f9 27 a2
INFO - a1 83 58 10 47 a9 1a 9c
INFO - a1 83 98 18 00 01 86 a0
INFO - a1 85 d8 08 b2 f9 26 d2
INFO - a1 85 18 10 47 a9 1a a9
INFO - a1 85 58 18 00 01 86 a0
INFO - a1 87 98 08 b2 f9 26 02
INFO - a1 87 d8 10 47 a9 1a b6
INFO - a1 87 18 18 00 01 86 a0
INFO - a1 89 58 08 b2 f9 25 39
INFO - a1 89 98 10 47 a9 1a c4
INFO - a1 89 d8 18 00 01 86 a0
INFO - a1 8b 18 08 b2 f9 24 69
INFO - a1 8b 58 10 47 a9 1a d1
INFO - a1 8b 98 18 00 01 86 a0
INFO - a1 8d d8 08 b2 f9 23 99
INFO - a1 8d 18 10 47 a9 1a d8
INFO - a1 8d 58 18 00 01 86 a0
INFO - a1 8f 98 08 b2 f9 22 c9
INFO - a1 8f d8 10 47 a9 1a e5
INFO - a1 8f 18 18 00 01 86 a0
INFO - a1 91 58 08 b2 f9 21 f9
INFO - a1 91 98 10 47 a9 1a f3
INFO - a1 91 d8 18 00 01 86 a0
INFO - a1 93 18 08 b2 f9 21 29
INFO - a1 93 58 10 47 a9 1a f9
INFO - a1 93 98 18 00 01 86 a0
INFO - a1 95 d8 08 b2 f9 20 5a
INFO - a1 95 18 10 47 a9 1b 07
INFO - a1 95 58 18 00 01 86 a0
INFO - a1 97 98 08 b2 f9 1f 8a
INFO - a1 97 d8 10 47 a9 1b 0e
INFO - a1 97 18 18 00 01 86 a0
INFO - a1 99 58 08 b2 f9 1e ba
INFO - a1 99 98 10 47 a9 1b 1b
INFO - a1 99 d8 18 00 01 86 a0
INFO - a1 9b 18 08 b2 f9 1d ea
INFO - a1 9b 58 10 47 a9 1b 28
INFO - a1 9b 98 18 00 01 86 a0
INFO - a1 9d d8 40 57 00 00 02
INFO - a1 9d 18 40 57 00 00 02
INFO - a1 9d 58 40 57 00 00 02
INFO - a1 9d 98 40 57 00 00 02
INFO - a1 9d d8 08 b2 f9 1d 21
INFO - a1 9d 18 10 47 a9 1b 2f
INFO - a1 9d 58 18 00 01 86 a0
INFO - a1 9f 98 08 b2 f9 1c 51
INFO - a1 9f d8 10 47 a9 1b 36
INFO - a1 9f 18 18 00 01 86 a0
INFO - a1 a1 58 08 b2 f9 1b 81
INFO - a1 a1 98 10 47 a9 1b 43
INFO - a1 a1 d8 18 00 01 86 a0
INFO - a1 a3 18 08 b2 f9 1a b1
INFO - a1 a3 58 10 47 a9 1b 4a
INFO - a1 a3 98 18 00 01 86 a0
INFO - a1 a5 d8 08 b2 f9 19 e1
INFO - a1 a5 18 10 47 a9 1b 57
INFO - a1 a5 58 18 00 01 86 a0
INFO - a1 a7 98 08 b2 f9 19 11
INFO - a1 a7 d8 10 47 a9 1b 5e
INFO - a1 a7 18 18 00 01 86 a0
INFO - a1 a9 58 08 b2 f9 18 42
INFO - a1 a9 98 10 47 a9 1b 6b
INFO - a1 a9 d8 18 00 01 86 a0
INFO - a1 ab 18 08 b2 f9 17 72
INFO - a1 ab 58 10 47 a9 1b 72
INFO - a1 ab 98 18 00 01 86 a0
INFO - a1 ad d8 08 b2 f9 16 a2
INFO - a1 ad 18 10 47 a9 1b 79
INFO - a1 ad 58 18 00 01 86 a0
INFO - a1 af 98 08 b2 f9 15 d2
INFO - a1 af d8 10 47 a9 1b 86
INFO - a1 af 18 18 00 01 86 a0
INFO - a1 b1 58 08 b2 f9 15 02
INFO - a1 b1 98 10 47 a9 1b 8d
INFO - a1 b1 d8 18 00 01 86 a0
INFO - a1 b3 18 08 b2 f9 14 32
INFO - a1 b3 58 10 47 a9 1b 94
INFO - a1 b3 98 18 00 01 86 a0
INFO - a1 b5 d8 08 b2 f9 13 62
INFO - a1 b5 18 10 47 a9 1b a1
INFO - a1 b5 58 18 00 01 86 a0
INFO - a1 b7 98 08 b2 f9 12 99
INFO - a1 b7 d8 10 47 a9 1b a8
INFO - a1 b7 18 18 00 01 86 a0
INFO - a1 b9 58 08 b2 f9 11 c9
INFO - a1 b9 98 10 47 a9 1b af
INFO - a1 b9 d8 18 00 01 86 a0
INFO - a1 bb 18 08 b2 f9 10 f9
INFO - a1 bb 58 10 47 a9 1b b5
INFO - a1 bb 98 18 00 01 86 a0
INFO - a1 bd d8 08 b2 f9 10 2a
INFO - a1 bd 18 10 47 a9 1b bc
INFO - a1 bd 58 18 00 01 86 a0
INFO - a1 bf 98 08 b2 f9 0f 5a
INFO - a1 bf d8 10 47 a9 1b c3
INFO - a1 bf 18 18 00 01 86 a0
INFO - a1 c1 58 08 b2 f9 0e 8a
INFO - a1 c1 98 10 47 a9 1b c9
INFO - a1 c1 d8 18 00 01 86 a0
INFO - a1 c3 18 08 b2 f9 0d ba
INFO - a1 c3 58 10 47 a9 1b d0
INFO - a1 c3 98 18 00 01 86 a0
INFO - a1 c5 d8 08 b2 f9 0c ea
INFO - a1 c5 18 10 47 a9 1b d7
INFO - a1 c5 58 18 00 01 86 a0
INFO - a1 c7 98 08 b2 f9 0c 1a
INFO - a1 c7 d8 10 47 a9 1b e4
INFO - a1 c7 18 18 00 01 86 a0
INFO - a1 c9 58 08 b2 f9 0b 4a
INFO - a1 c9 98 10 47 a9 1b eb
INFO - a1 c9 d8 18 00 01 86 a0
INFO - a1 cb 18 08 b2 f9 0a 7a
INFO - a1 cb 58 10 47 a9 1b f2
INFO - a1 cb 98 18 00 01 86 a0
INFO - a1 cd d8 08 b2 f9 09 b1
INFO - a1 cd 18 10 47 a9 1b f8
INFO - a1 cd 58 18 00 01 86 a0
INFO - a1 cf 98 08 b2 f9 08 e1
INFO - a1 cf d8 10 47 a9 1b ff
INFO - a1 cf 18 18 00 01 86 a0
INFO - a1 d1 58 08 b2 f9 08 12
INFO - a1 d1 98 10 47 a9 1c 06
INFO - a1 d1 d8 18 00 01 86 a0
INFO - a1 d3 18 08 b2 f9 07 42
INFO - a1 d3 58 10 47 a9 1c 0c
INFO - a1 d3 98 18 00 01 86 a0
INFO - a1 d5 d8 08 b2 f9 06 72
INFO - a1 d5 18 10 47 a9 1c 13
INFO - a1 d5 58 18 00 01 86 a0
INFO - a1 d7 98 08 b2 f9 05 a2
INFO - a1 d7 d8 10 47 a9 1c 13
INFO - a1 d7 18 18 00 01 86 a0
INFO - a1 d9 58 08 b2 f9 04 d2
INFO - a1 d9 98 10 47 a9 1c 1a
INFO - a1 d9 d8 18 00 01 86 a0
INFO - a1 db 18 08 b2 f9 04 02
INFO - a1 db 58 10 47 a9 1c 21
INFO - a1 db 98 18 00 01 86 a0
INFO - a1 dd d8 08 b2 f9 03 32
INFO - a1 dd 18 10 47 a9 1c 21
INFO - a1 dd 58 18 00 01 86 a0
INFO - a1 df 98 08 b2 f9 02 62
INFO - a1 df d8 10 47 a9 1c 27
INFO - a1 df 18 18 00 01 86 a0
INFO - a1 e1 58 08 b2 f9 01 93
INFO - a1 e1 98 10 47 a9 1c 2e
INFO - a1 e1 d8 18 00 01 86 a0
INFO - a1 e3 18 08 b2 f9 00 c9
INFO - a1 e3 58 10 47 a9 1c 2e
INFO - a1 e3 98 18 00 01 86 a0
INFO - a1 e5 d8 08 b2 f8 ff fa
INFO - a1 e5 18 10 47 a9 1c 35
INFO - a1 e5 58 18 00 01 86 a0
INFO - a1 e7 98 08 b2 f8 ff 2a
INFO - a1 e7 d8 10 47 a9 1c 35
INFO - a1 e7 18 18 00 01 86 a0
INFO - a1 e9 58 08 b2 f8 fe 5a
INFO - a1 e9 98 10 47 a9 1c 3b
INFO - a1 e9 d8 18 00 01 86 a0
INFO - a1 eb 18 08 b2 f8 fd 8a
INFO - a1 eb 58 10 47 a9 1c 3b
INFO - a1 eb 98 18 00 01 86 a0
INFO - a1 ed d8 08 b2 f8 fc c1
INFO - a1 ed 18 10 47 a9 1c 42
INFO - a1 ed 58 18 00 01 86 a0
INFO - a1 ef 98 08 b2 f8 fb f1
INFO - a1 ef d8 10 47 a9 1c 49
INFO - a1 ef 18 18 00 01 86 a0
INFO - a1 f1 58 08 b2 f8 fb 21
INFO - a1 f1 98 10 47 a9 1c 49
INFO - a1 f1 d8 18 00 01 86 a0
INFO - a1 f3 18 08 b2 f8 fa 51
INFO - a1 f3 58 10 47 a9 1c 4f
INFO - a1 f3 98 18 00 01 86 a0
INFO - a1 f5 d8 08 b2 f8 f9 81
INFO - a1 f5 18 10 47 a9 1c 4f
INFO - a1 f5 58 18 00 01 86 a0
INFO - a1 f7 98 08 b2 f8 f8 b1
INFO - a1 f7 d8 10 47 a9 1c 4f
INFO - a1 f7 18 18 00 01 86 a0
INFO - a1 f8 58 08 b2 f8 f7 e8
INFO - a1 f8 98 10 47 a9 1c 4f
INFO - a1 f8 d8 18 00 01 86 a0
INFO - a1 fa 18 08 b2 f8 f7 18
INFO - a1 fa 58 10 47 a9 1c 56
INFO - a1 fa 98 18 00 01 86 a0
INFO - a1 fc d8 08 b2 f8 f6 49
INFO - a1 fc 18 10 47 a9 1c 56
INFO - a1 fc 58 18 00 01 86 a0
INFO - a1 fe 98 08 b2 f8 f5 79
INFO - a1 fe d8 10 47 a9 1c 56
INFO - a1 fe 18 18 00 01 86 a0
INFO - a2 00 58 08 b2 f8 f4 a9
INFO - a2 00 98 10 47 a9 1c 56
INFO - a2 00 d8 18 00 01 86 a0
INFO - a2 02 18 08 b2 f8 f3 d9
INFO - a2 02 58 10 47 a9 1c 56
INFO - a2 02 98 18 00 01 86 a0
INFO - a2 04 d8 08 b2 f8 f3 10
INFO - a2 04 18 10 47 a9 1c 56
INFO - a2 04 58 18 00 01 86 a0
INFO - a2 06 98 08 b2 f8 f2 40
INFO - a2 06 d8 10 47 a9 1c 5d
INFO - a2 06 18 18 00 01 86 a0
INFO - a2 08 58 08 b2 f8 f1 70
INFO - a2 08 98 10 47 a9 1c 5d
INFO - a2 08 d8 18 00 01 86 a0
INFO - a2 0a 18 08 b2 f8 f0 a0
INFO - a2 0a 58 10 47 a9 1c 5d
INFO - a2 0a 98 18 00 01 86 a0
INFO - a2 0c d8 08 b2 f8 ef d0
INFO - a2 0c 18 10 47 a9 1c 5d
INFO - a2 0c 58 18 00 01 86 a0
INFO - a2 0d 98 08 b2 f8 ef 72
INFO - a2 0d d8 10 47 a9 1c 64
INFO - a2 0d 18 18 00 01 86 a0
INFO - a2 0d 58 08 b2 f8 ef 72
INFO - a2 0d 98 10 47 a9 1c 64
INFO - a2 0d d8 18 00 01 86 a0
INFO - a2 2e 18 08 b2 f8 e2 17
INFO - a2 2e 58 10 47 a9 1c 49
INFO - a2 2e 98 18 00 01 86 a0
INFO - a2 30 d8 08 b2 f8 e1 47
INFO - a2 30 18 10 47 a9 1c 49
INFO - a2 30 58 18 00 01 86 a0
INFO - a2 32 98 08 b2 f8 e0 77
INFO - a2 32 d8 10 47 a9 1c 42
INFO - a2 32 18 18 00 01 86 a0
INFO - a2 34 58 08 b2 f8 df a7
INFO - a2 34 98 10 47 a9 1c 42
INFO - a2 34 d8 18 00 01 86 a0
INFO - a2 36 18 08 b2 f8 de d7
INFO - a2 36 58 10 47 a9 1c 3b
INFO - a2 36 98 18 00 01 86 a0
INFO - a2 38 d8 08 b2 f8 de 07
INFO - a2 38 18 10 47 a9 1c 3b
INFO - a2 38 58 18 00 01 86 a0
INFO - a2 3a 98 08 b2 f8 dd 37
INFO - a2 3a d8 10 47 a9 1c 3b
INFO - a2 3a 18 18 00 01 86 a0
INFO - a2 3c 58 08 b2 f8 dc 67
INFO - a2 3c 98 10 47 a9 1c 35
INFO - a2 3c d8 18 00 01 86 a0
INFO - a2 3e 18 08 b2 f8 db 98
INFO - a2 3e 58 10 47 a9 1c 2e
INFO - a2 3e 98 18 00 01 86 a0
INFO - a2 40 d8 08 b2 f8 da c8
INFO - a2 40 18 10 47 a9 1c 2e
INFO - a2 40 58 18 00 01 86 a0
INFO - a2 42 98 08 b2 f8 d9 f8
INFO - a2 42 d8 10 47 a9 1c 27
INFO - a2 42 18 18 00 01 86 a0
INFO - a2 44 58 08 b2 f8 d9 2f
INFO - a2 44 98 10 47 a9 1c 27
INFO - a2 44 d8 18 00 01 86 a0
INFO - a2 46 18 08 b2 f8 d8 5f
INFO - a2 46 58 10 47 a9 1c 21
INFO - a2 46 98 18 00 01 86 a0
INFO - a2 48 d8 08 b2 f8 d7 8f
INFO - a2 48 18 10 47 a9 1c 1a
INFO - a2 48 58 18 00 01 86 a0
INFO - a2 4a 98 08 b2 f8 d6 bf
INFO - a2 4a d8 10 47 a9 1c 1a
INFO - a2 4a 18 18 00 01 86 a0
INFO - a2 4c 58 08 b2 f8 d5 ef
INFO - a2 4c 98 10 47 a9 1c 13
INFO - a2 4c d8 18 00 01 86 a0
INFO - a2 4e 18 08 b2 f8 d5 1f
INFO - a2 4e 58 10 47 a9 1c 0c
INFO - a2 4e 98 18 00 01 86 a0
INFO - a2 50 d8 08 b2 f8 d4 4f
INFO - a2 50 18 10 47 a9 1c 06
INFO - a2 50 58 18 00 01 86 a0
INFO - a2 52 98 08 b2 f8 d3 86
INFO - a2 52 d8 10 47 a9 1c 06
INFO - a2 52 18 18 00 01 86 a0
INFO - a2 54 58 08 b2 f8 d2 b6
INFO - a2 54 98 10 47 a9 1b ff
INFO - a2 54 d8 18 00 01 86 a0
INFO - a2 56 18 08 b2 f8 d1 e7
INFO - a2 56 58 10 47 a9 1b f8
INFO - a2 56 98 18 00 01 86 a0
INFO - a2 58 d8 08 b2 f8 d1 17
INFO - a2 58 18 10 47 a9 1b f2
INFO - a2 58 58 18 00 01 86 a0
INFO - a2 5a 98 08 b2 f8 d0 47
INFO - a2 5a d8 10 47 a9 1b eb
INFO - a2 5a 18 18 00 01 86 a0
INFO - a2 5c 58 08 b2 f8 cf 77
INFO - a2 5c 98 10 47 a9 1b e4
INFO - a2 5c d8 18 00 01 86 a0
INFO - a2 5e 18 08 b2 f8 ce a7
INFO - a2 5e 58 10 47 a9 1b dd
INFO - a2 5e 98 18 00 01 86 a0
INFO - a2 60 d8 08 b2 f8 cd d7
INFO - a2 60 18 10 47 a9 1b d7
INFO - a2 60 58 18 00 01 86 a0
INFO - a2 62 98 08 b2 f8 cd 07
INFO - a2 62 d8 10 47 a9 1b d0
INFO - a2 62 18 18 00 01 86 a0
INFO - a2 64 58 08 b2 f8 cc 2a
INFO - a2 64 98 10 47 a9 1b c9
INFO - a2 64 d8 18 00 01 86 a0
INFO - a2 64 18 08 b2 f8 cc 2a
INFO - a2 64 58 10 47 a9 1b c9
INFO - a2 64 98 18 00 01 86 a0
INFO - a2 66 d8 08 b2 f8 cb 61
INFO - a2 66 18 10 47 a9 1b c3
INFO - a2 66 58 18 00 01 86 a0
INFO - a2 68 98 08 b2 f8 ca 91
INFO - a2 68 d8 10 47 a9 1b bc
INFO - a2 68 18 18 00 01 86 a0
INFO - a2 69 58 40 57 00 00 02
INFO - a2 69 98 40 57 00 00 02
INFO - a2 69 d8 40 57 00 00 02
INFO - a2 69 18 40 57 00 00 02
INFO - a2 6a 58 08 b2 f8 c9 c1
INFO - a2 6a 98 10 47 a9 1b b5
INFO - a2 6a d8 18 00 01 86 a0
INFO - a2 6c 18 08 b2 f8 c8 f1
INFO - a2 6c 58 10 47 a9 1b a8
INFO - a2 6c 98 18 00 01 86 a0
INFO - a2 6e d8 08 b2 f8 c8 21
INFO - a2 6e 18 10 47 a9 1b a1
INFO - a2 6e 58 18 00 01 86 a0
INFO - a2 70 98 08 b2 f8 c7 52
INFO - a2 70 d8 10 47 a9 1b 9a
INFO - a2 70 18 18 00 01 86 a0
INFO - a2 72 58 08 b2 f8 c6 88
INFO - a2 72 98 10 47 a9 1b 8d
INFO - a2 72 d8 18 00 01 86 a0
INFO - a2 74 18 08 b2 f8 c5 b8
INFO - a2 74 58 10 47 a9 1b 86
INFO - a2 74 98 18 00 01 86 a0
INFO - a2 76 d8 08 b2 f8 c4 e9
INFO - a2 76 18 10 47 a9 1b 80
INFO - a2 76 58 18 00 01 86 a0
INFO - a2 78 98 08 b2 f8 c4 19
INFO - a2 78 d8 10 47 a9 1b 79
INFO - a2 78 18 18 00 01 86 a0
INFO - a2 7a 58 08 b2 f8 c3 49
INFO - a2 7a 98 10 47 a9 1b 6b
INFO - a2 7a d8 18 00 01 86 a0
INFO - a2 7c 18 08 b2 f8 c2 79
INFO - a2 7c 58 10 47 a9 1b 65
INFO - a2 7c 98 18 00 01 86 a0
INFO - a2 7e d8 08 b2 f8 c1 a9
INFO - a2 7e 18 10 47 a9 1b 57
INFO - a2 7e 58 18 00 01 86 a0
INFO - a2 80 98 08 b2 f8 c0 d9
INFO - a2 80 d8 10 47 a9 1b 51
INFO - a2 80 18 18 00 01 86 a0
INFO - a2 82 58 08 b2 f8 c0 09
INFO - a2 82 98 10 47 a9 1b 43
INFO - a2 82 d8 18 00 01 86 a0
INFO - a2 84 18 08 b2 f8 bf 39
INFO - a2 84 58 10 47 a9 1b 3d
INFO - a2 84 98 18 00 01 86 a0
INFO - a2 86 d8 08 b2 f8 be 6a
INFO - a2 86 18 10 47 a9 1b 2f
INFO - a2 86 58 18 00 01 86 a0
INFO - a2 88 98 08 b2 f8 bd a0
INFO - a2 88 d8 10 47 a9 1b 28
INFO - a2 88 18 18 00 01 86 a0
INFO - a2 8a 58 08 b2 f8 bc d1
INFO - a2 8a 98 10 47 a9 1b 1b
INFO - a2 8a d8 18 00 01 86 a0
INFO - a2 8c 18 08 b2 f8 bc 01
INFO - a2 8c 58 10 47 a9 1b 14
INFO - a2 8c 98 18 00 01 86 a0
INFO - a2 8e d8 08 b2 f8 bb 31
INFO - a2 8e 18 10 47 a9 1b 07
INFO - a2 8e 58 18 00 01 86 a0
INFO - a2 90 98 08 b2 f8 ba 61
INFO - a2 90 d8 10 47 a9 1a f9
INFO - a2 90 18 18 00 01 86 a0
INFO - a2 92 58 08 b2 f8 b9 91
INFO - a2 92 98 10 47 a9 1a f3
INFO - a2 92 d8 18 00 01 86 a0
INFO - a2 94 18 08 b2 f8 b8 c1
INFO - a2 94 58 10 47 a9 1a e5
INFO - a2 94 98 18 00 01 86 a0
INFO - a2 96 d8 08 b2 f8 b7 f1
INFO - a2 96 18 10 47 a9 1a d8
INFO - a2 96 58 18 00 01 86 a0
INFO - a2 98 98 08 b2 f8 b7 21
INFO - a2 98 d8 10 47 a9 1a d1
INFO - a2 98 18 18 00 01 86 a0
INFO - a2 9a 58 08 b2 f8 b6 58
INFO - a2 9a 98 10 47 a9 1a c4
INFO - a2 9a d8 18 00 01 86 a0
INFO - a2 9c 18 08 b2 f8 b5 88
INFO - a2 9c 58 10 47 a9 1a b6
INFO - a2 9c 98 18 00 01 86 a0
INFO - a2 9e d8 08 b2 f8 b4 b9
INFO - a2 9e 18 10 47 a9 1a a9
INFO - a2 9e 58 18 00 01 86 a0
INFO - a2 a0 98 08 b2 f8 b3 e9
INFO - a2 a0 d8 10 47 a9 1a 9c
INFO - a2 a0 18 18 00 01 86 a0
INFO - a2 a2 58 08 b2 f8 b3 19
INFO - a2 a2 98 10 47 a9 1a 95
INFO - a2 a2 d8 18 00 01 86 a0
INFO - a2 a4 18 08 b2 f8 b2 49
INFO - a2 a4 58 10 47 a9 1a 88
INFO - a2 a4 98 18 00 01 86 a0
INFO - a2 a6 d8 08 b2 f8 b1 79
INFO - a2 a6 18 10 47 a9 1a 7a
INFO - a2 a6 58 18 00 01 86 a0
INFO - a2 a8 98 08 b2 f8 b0 b0
INFO - a2 a8 d8 10 47 a9 1a 6d
INFO - a2 a8 18 18 00 01 86 a0
INFO - a2 aa 58 08 b2 f8 af e0
INFO - a2 aa 98 10 47 a9 1a 5f
INFO - a2 aa d8 18 00 01 86 a0
INFO - a2 ac 18 08 b2 f8 af 10
INFO - a2 ac 58 10 47 a9 1a 52
INFO - a2 ac 98 18 00 01 86 a0
INFO - a2 ae d8 08 b2 f8 ae 40
INFO - a2 ae 18 10 47 a9 1a 44
INFO - a2 ae 58 18 00 01 86 a0
INFO - a2 b0 98 08 b2 f8 ad 70
INFO - a2 b0 d8 10 47 a9 1a 37
INFO - a2 b0 18 18 00 01 86 a0
INFO - a2 b2 58 08 b2 f8 ac a1
INFO - a2 b2 98 10 47 a9 1a 2a
INFO - a2 b2 d8 18 00 01 86 a0
INFO - a2 b4 18 08 b2 f8 ab d1
INFO - a2 b4 58 10 47 a9 1a 1c
INFO - a2 b4 98 18 00 01 86 a0
INFO - a2 b6 d8 08 b2 f8 ab 01
INFO - a2 b6 18 10 47 a9 1a 0f
INFO - a2 b6 58 18 00 01 86 a0
INFO - a2 b8 98 08 b2 f8 aa 38
INFO - a2 b8 d8 10 47 a9 1a 01
INFO - a2 b8 18 18 00 01 86 a0
INFO - a2 ba 58 08 b2 f8 a9 68
INFO - a2 ba 98 10 47 a9 19 f4
INFO - a2 ba d8 18 00 01 86 a0
INFO - a2 bc 18 08 b2 f8 a8 98
INFO - a2 bc 58 10 47 a9 19 e7
INFO - a2 bc 98 18 00 01 86 a0
INFO - a2 be d8 08 b2 f8 a7 c8
INFO - a2 be 18 10 47 a9 19 d2
INFO - a2 be 58 18 00 01 86 a0
INFO - a2 c0 98 08 b2 f8 a6 f8
INFO - a2 c0 d8 10 47 a9 19 c5
INFO - a2 c0 18 18 00 01 86 a0
INFO - a2 c2 58 08 b2 f8 a6 2f
INFO - a2 c2 98 10 47 a9 19 b8
INFO - a2 c2 d8 18 00 01 86 a0
INFO - a2 c4 18 08 b2 f8 a5 5f
INFO - a2 c4 58 10 47 a9 19 a4
INFO - a2 c4 98 18 00 01 86 a0
INFO - a2 c6 d8 08 b2 f8 a4 8f
INFO - a2 c6 18 10 47 a9 19 96
INFO - a2 c6 58 18 00 01 86 a0
INFO - a2 c8 98 08 b2 f8 a3 bf
INFO - a2 c8 d8 10 47 a9 19 89
INFO - a2 c8 18 18 00 01 86 a0
INFO - a2 ca 58 08 b2 f8 a2 f0
INFO - a2 ca 98 10 47 a9 19 75
INFO - a2 ca d8 18 00 01 86 a0
INFO - a2 cc 18 08 b2 f8 a2 20
INFO - a2 cc 58 10 47 a9 19 67
INFO - a2 cc 98 18 00 01 86 a0
INFO - a2 ce d8 08 b2 f8 a1 50
INFO - a2 ce 18 10 47 a9 19 5a
INFO - a2 ce 58 18 00 01 86 a0
INFO - a2 d0 98 08 b2 f8 a0 87
INFO - a2 d0 d8 10 47 a9 19 46
INFO - a2 d0 18 18 00 01 86 a0
INFO - a2 d2 58 08 b2 f8 9f b7
INFO - a2 d2 98 10 47 a9 19 38
INFO - a2 d2 d8 18 00 01 86 a0
INFO - a2 d4 18 08 b2 f8 9e e7
INFO - a2 d4 58 10 47 a9 19 2b
INFO - a2 d4 98 18 00 01 86 a0
INFO - a2 d6 d8 08 b2 f8 9e 17
INFO - a2 d6 18 10 47 a9 19 17
INFO - a2 d6 58 18 00 01 86 a0
INFO - a2 d8 98 08 b2 f8 9d 47
INFO - a2 d8 d8 10 47 a9 19 09
INFO - a2 d8 18 18 00 01 86 a0
INFO - a2 da 58 08 b2 f8 9c 7e
INFO - a2 da 98 10 47 a9 18 f5
INFO - a2 da d8 18 00 01 86 a0
INFO - a2 dc 18 08 b2 f8 9b ae
INFO - a2 dc 58 10 47 a9 18 e1
INFO - a2 dc 98 18 00 01 86 a0
INFO - a2 de d8 08 b2 f8 9a de
INFO - a2 de 18 10 47 a9 18 d4
INFO - a2 de 58 18 00 01 86 a0
INFO - a2 e0 98 08 b2 f8 9a 0e
INFO - a2 e0 d8 10 47 a9 18 c0
INFO - a2 e0 18 18 00 01 86 a0
INFO - a2 e2 58 08 b2 f8 99 45
INFO - a2 e2 98 10 47 a9 18 b2
INFO - a2 e2 d8 18 00 01 86 a0
INFO - a2 e4 18 08 b2 f8 98 75
INFO - a2 e4 58 10 47 a9 18 9e
INFO - a2 e4 98 18 00 01 86 a0
INFO - a2 e6 d8 08 b2 f8 97 a5
INFO - a2 e6 18 10 47 a9 18 8a
INFO - a2 e6 58 18 00 01 86 a0
INFO - a2 e8 98 08 b2 f8 96 d6
INFO - a2 e8 d8 10 47 a9 18 76
INFO - a2 e8 18 18 00 01 86 a0
INFO - a2 ea 58 08 b2 f8 96 0c
INFO - a2 ea 98 10 47 a9 18 62
INFO - a2 ea d8 18 00 01 86 a0
INFO - a2 ec 18 08 b2 f8 95 3d
INFO - a2 ec 58 10 47 a9 18 4e
INFO - a2 ec 98 18 00 01 86 a0
INFO - a2 ee d8 08 b2 f8 94 6d
INFO - a2 ee 18 10 47 a9 18 40
INFO - a2 ee 58 18 00 01 86 a0
INFO - a2 f0 98 08 b2 f8 93 a4
INFO - a2 f0 d8 10 47 a9 18 2c
INFO - a2 f0 18 18 00 01 86 a0
INFO - a2 f2 58 08 b2 f8 92 d4
INFO - a2 f2 98 10 47 a9 18 18
INFO - a2 f2 d8 18 00 01 86 a0
INFO - a2 f4 18 08 b2 f8 92 04
INFO - a2 f4 58 10 47 a9 18 04
INFO - a2 f4 98 18 00 01 86 a0
INFO - a2 f6 d8 08 b2 f8 91 3b
INFO - a2 f6 18 10 47 a9 17 f0
INFO - a2 f6 58 18 00 01 86 a0
INFO - a2 f8 98 08 b2 f8 90 6b
INFO - a2 f8 d8 10 47 a9 17 dc
INFO - a2 f8 18 18 00 01 86 a0
INFO - a2 fa 58 08 b2 f8 8f a2
INFO - a2 fa 98 10 47 a9 17 c7
INFO - a2 fa d8 18 00 01 86 a0
INFO - a2 fc 18 08 b2 f8 8e d2
INFO - a2 fc 58 10 47 a9 17 b3
INFO - a2 fc 98 18 00 01 86 a0
INFO - a2 fe d8 08 b2 f8 8e 02
INFO - a2 fe 18 10 47 a9 17 9f
INFO - a2 fe 58 18 00 01 86 a0
INFO - a3 00 98 08 b2 f8 8d 39
INFO - a3 00 d8 10 47 a9 17 8b
INFO - a3 00 18 18 00 01 86 a0
INFO - a3 02 58 08 b2 f8 8c 69
INFO - a3 02 98 10 47 a9 17 77
INFO - a3 02 d8 18 00 01 86 a0
INFO - a3 04 18 08 b2 f8 8b a0
INFO - a3 04 58 10 47 a9 17 63
INFO - a3 04 98 18 00 01 86 a0
INFO - a3 06 d8 08 b2 f8 8a d0
INFO - a3 06 18 10 47 a9 17 48
INFO - a3 06 58 18 00 01 86 a0
INFO - a3 08 98 08 b2 f8 8a 00
INFO - a3 08 d8 10 47 a9 17 34
INFO - a3 08 18 18 00 01 86 a0
INFO - a3 0a 58 08 b2 f8 89 37
INFO - a3 0a 98 10 47 a9 17 20
INFO - a3 0a d8 18 00 01 86 a0
INFO - a3 0c 18 08 b2 f8 88 67
INFO - a3 0c 58 10 47 a9 17 0c
INFO - a3 0c 98 18 00 01 86 a0
INFO - a3 0e d8 08 b2 f8 87 9e
INFO - a3 0e 18 10 47 a9 16 f8
INFO - a3 0e 58 18 00 01 86 a0
INFO - a3 10 98 08 b2 f8 86 ce
INFO - a3 10 d8 10 47 a9 16 dd
INFO - a3 10 18 18 00 01 86 a0
INFO - a3 12 58 08 b2 f8 85 fe
INFO - a3 12 98 10 47 a9 16 c9
INFO - a3 12 d8 18 00 01 86 a0
INFO - a3 14 18 08 b2 f8 85 35
INFO - a3 14 58 10 47 a9 16 ae
INFO - a3 14 98 18 00 01 86 a0
INFO - a3 16 d8 08 b2 f8 84 65
INFO - a3 16 18 10 47 a9 16 9a
INFO - a3 16 58 18 00 01 86 a0
INFO - a3 18 98 08 b2 f8 83 95
INFO - a3 18 d8 10 47 a9 16 7f
INFO - a3 18 18 18 00 01 86 a0
INFO - a3 19 58 08 b2 f8 82 f4
INFO - a3 19 98 10 47 a9 16 6b
INFO - a3 19 d8 18 00 01 86 a0
INFO - a3 19 18 08 b2 f8 82 f4
INFO - a3 19 58 10 47 a9 16 6b
INFO - a3 19 98 18 00 01 86 a0
INFO - a3 1b d8 08 b2 f8 82 24
INFO - a3 1b 18 10 47 a9 16 5d
INFO - a3 1b 58 18 00 01 86 a0
INFO - a3 1d 98 08 b2 f8 81 54
INFO - a3 1d d8 10 47 a9 16 43
INFO - a3 1d 18 18 00 01 86 a0
INFO - a3 1f 58 08 b2 f8 80 8b
INFO - a3 1f 98 10 47 a9 16 2e
INFO - a3 1f d8 18 00 01 86 a0
INFO - a3 21 18 08 b2 f8 7f bb
INFO - a3 21 58 10 47 a9 16 14
INFO - a3 21 98 18 00 01 86 a0
INFO - a3 23 d8 08 b2 f8 7e eb
INFO - a3 23 18 10 47 a9 15 ff
INFO - a3 23 58 18 00 01 86 a0
INFO - a3 25 98 08 b2 f8 7e 22
INFO - a3 25 d8 10 47 a9 15 e5
INFO - a3 25 18 18 00 01 86 a0
INFO - a3 27 58 08 b2 f8 7d 52
INFO - a3 27 98 10 47 a9 15 ca
INFO - a3 27 d8 18 00 01 86 a0
INFO - a3 29 18 08 b2 f8 7c 97
INFO - a3 29 58 10 47 a9 15 b6
INFO - a3 29 98 18 00 01 86 a0
INFO - a3 29 d8 08 b2 f8 7c 97
INFO - a3 29 18 10 47 a9 15 b6
INFO - a3 29 58 18 00 01 86 a0
INFO - a3 3c 98 08 b2 f8 76 0a
INFO - a3 3c d8 10 47 a9 18 f5
INFO - a3 3c 18 18 00 01 86 a0
INFO - a3 3c 58 08 b2 f8 76 0a
INFO - a3 3c 98 10 47 a9 18 f5
INFO - a3 3c d8 18 00 01 86 a0
INFO - a3 3e 18 08 b2 f8 75 3a
INFO - a3 3e 58 10 47 a9 18 e1
INFO - a3 3e 98 18 00 01 86 a0
INFO - a3 40 d8 08 b2 f8 74 6b
INFO - a3 40 18 10 47 a9 18 cd
INFO - a3 40 58 18 00 01 86 a0
INFO - a3 41 98 08 b2 f8 73 f0
INFO - a3 41 d8 10 47 a9 18 c5
INFO - a3 41 18 18 00 01 86 a0
