INFO - 20 00 62 3c 00 0a 40 00
INFO - 20 00 a2 3c 00 0a 40 00
INFO - 20 00 e2 3c 00 0a 40 00
INFO - 20 00 22 3c 00 0a 40 00
INFO - 20 00 62 3c 00 0a 40 00
INFO - 20 00 a2 3c 00 0a 40 00
INFO - 20 00 e2 3c 00 0a 40 00
INFO - 20 00 22 3c 00 0a 40 00
INFO - 20 00 62 3c 00 0a 40 00
INFO - 20 00 a2 3c 00 0a 40 00
INFO - 20 00 e2 3c 00 0a 40 00
INFO - 20 00 22 3c 00 0a 40 00
INFO - 20 00 62 3c 00 0a 40 00
INFO - 20 00 a2 3c 00 0a 40 00
INFO - 20 00 e2 3c 00 0a 40 00
INFO - 20 00 22 3c 00 0a 40 00
INFO - 20 00 62 3c 00 0a 40 00
INFO - 20 00 a2 3c 00 0a 40 00
INFO - 20 00 e2 3c 00 0a 40 00
INFO - 20 00 22 3c 00 0a 40 00
INFO - 20 00 62 3c 00 0a 40 00
INFO - 20 00 a2 3c 00 0a 40 00
INFO - 20 00 e2 3c 00 0a 40 00
INFO - 20 00 22 3c 00 0a 40 00
INFO - 20 00 62 3c 00 0a 40 00
INFO - 20 00 a2 3c 00 0a 40 00
INFO - 20 00 e2 3c 00 0a 40 00
INFO - 20 00 22 3c 00 0a 40 00
INFO - 20 00 62 3c 00 0a 40 00
