INFO - 20 00 89 3c 00 0a 40 00
INFO - 20 05 c9 3c 00 0b 15 00
INFO - 20 0c 09 3c 00 0a 75 00
INFO - 20 0c 49 3c 00 0a 75 00
INFO - 20 11 89 3c 00 0a b6 00
INFO - 20 19 c9 3c 00 0b bf 00
INFO - 20 1a 09 3c 00 0a 89 00
INFO - 20 1c 49 3c 00 0a 9a 00
INFO - 20 1c 89 3c 00 0a 9a 00
INFO - 20 23 c9 3c 00 0a ed 00
INFO - 20 24 09 3c 00 0a 81 00
INFO - 20 24 49 3c 00 0a 81 00
INFO - 20 2a 89 3c 00 0a db 00
INFO - 20 2a c9 3c 00 0a db 00
INFO - 20 2c 09 3c 00 0a 6c 00
INFO - 20 2c 49 3c 00 0a 6c 00
INFO - 20 31 89 3c 00 0a c5 00
INFO - 20 33 c9 3c 00 0a 82 00
INFO - 20 33 09 3c 00 0a 82 00
INFO - 20 33 49 3c 00 0a 82 00
INFO - 20 3b 89 3c 00 0a bf 00
INFO - 20 3b c9 3c 00 0a bf 00
INFO - 20 3f 09 3c 00 0a a7 00
INFO - 20 3f 49 3c 00 0a a7 00
INFO - 20 44 89 3c 00 0a b9 00
INFO - 20 45 c9 3c 00 0a 75 00
INFO - 20 45 09 3c 00 0a 75 00
INFO - 20 48 49 3c 00 0a 8c 00
INFO - 20 48 89 3c 00 0a 8c 00
INFO - 20 4d c9 3c 00 0a bb 00
INFO - 20 4d 09 3c 00 0a bb 00
INFO - 20 55 49 3c 00 0b 00 00
INFO - 20 56 89 3c 00 0a 92 00
INFO - 20 59 c9 3c 00 0a ce 00
INFO - 20 5b 09 3c 00 0a 7b 00
INFO - 20 5e 49 3c 00 0a b6 00
INFO - 20 60 89 3c 00 0a a8 00
INFO - 20 62 c9 3c 00 0a c2 00
INFO - 20 64 09 3c 00 0a 8b 00
INFO - 20 66 49 3c 00 0a 9d 00
INFO - 20 68 89 3c 00 0a ad 00
INFO - 20 6a c9 3c 00 0a 9f 00
INFO - 20 6c 09 3c 00 0a a8 00
INFO - 20 6e 49 3c 00 0a ac 00
INFO - 20 70 89 3c 00 0a 9d 00
INFO - 20 72 c9 3c 00 0a b6 00
INFO - 20 75 09 3c 00 0a b2 00
INFO - 20 76 49 3c 00 0a 96 00
INFO - 20 78 89 3c 00 0a 9f 00
INFO - 20 7b c9 3c 00 0a b1 00
INFO - 20 7d 09 3c 00 0a a2 00
INFO - 20 7f 49 3c 00 0a a8 00
INFO - 20 80 89 3c 00 0a 91 00
INFO - 20 82 c9 3c 00 0a a1 00
INFO - 20 85 09 3c 00 0a dd 00
INFO - 20 88 49 3c 00 0a d3 00
INFO - 20 8a 89 3c 00 0a 9c 00
INFO - 20 8c c9 3c 00 0a ab 00
INFO - 20 8e 09 3c 00 0a 8a 00
INFO - 20 90 49 3c 00 0a bb 00
INFO - 20 92 89 3c 00 0a 85 00
INFO - 20 a0 c9 3c 00 0a ab 00
INFO - 20 a2 09 3c 00 0a 96 00
INFO - 20 a4 49 3c 00 0a 94 00
INFO - 20 a5 89 3c 00 0a 8a 00
INFO - 20 a7 c9 3c 00 0a 87 00
INFO - 20 a9 09 3c 00 0a 96 00
INFO - 20 aa 49 3c 00 0a 9f 00
INFO - 20 ac 89 3c 00 0a 9c 00
INFO - 20 af c9 3c 00 0a cb 00
INFO - 20 b2 09 3c 00 0a be 00
INFO - 20 b4 49 3c 00 0a 9e 00
INFO - 20 b6 89 3c 00 0a b3 00
INFO - 20 bc c9 3c 00 0b 7d 00
INFO - 20 be 09 3c 00 0a a1 00
INFO - 20 c0 49 3c 00 0a 80 00
INFO - 20 c2 89 3c 00 0a a8 00
INFO - 20 c4 c9 3c 00 0a c1 00
INFO - 20 c7 09 3c 00 0a bc 00
INFO - 20 c9 49 3c 00 0a a1 00
INFO - 20 cb 89 3c 00 0a 9f 00
INFO - 20 cd c9 3c 00 0a a9 00
INFO - 20 ce 09 3c 00 0a 97 00
INFO - 20 d1 49 3c 00 0a ab 00
INFO - 20 d3 89 3c 00 0a a8 00
INFO - 20 d5 c9 3c 00 0a a2 00
INFO - 20 d7 09 3c 00 0a b6 00
INFO - 20 da 49 3c 00 0a d6 00
INFO - 20 dc 89 3c 00 0a 94 00
INFO - 20 de c9 3c 00 0a 6b 00
INFO - 20 df 09 3c 00 0a 98 00
INFO - 20 e2 49 3c 00 0a c0 00
INFO - 20 e5 89 3c 00 0a e5 00
INFO - 20 e7 c9 3c 00 0a a2 00
INFO - 20 ea 09 3c 00 0a b8 00
INFO - 20 ec 49 3c 00 0a cc 00
INFO - 20 f0 89 3c 00 0a db 00
INFO - 20 f3 c9 3c 00 0a e2 00
INFO - 20 f5 09 3c 00 0a b0 00
INFO - 20 f8 49 3c 00 0a d9 00
INFO - 20 fb 89 3c 00 0a d2 00
INFO - 20 fd c9 3c 00 0a 8b 00
INFO - 20 fe 09 3c 00 0a 99 00
INFO - 21 02 49 3c 00 0a c0 00
INFO - 21 05 89 3c 00 0a d3 00
INFO - 21 07 c9 3c 00 0a 8f 00
INFO - 21 09 09 3c 00 0a ae 00
INFO - 21 0b 49 3c 00 0a 86 00
INFO - 21 0d 89 3c 00 0a b9 00
INFO - 21 0e c9 3c 00 0a 86 00
INFO - 21 11 09 3c 00 0a c8 00
INFO - 21 13 49 3c 00 0a b0 00
INFO - 21 15 89 3c 00 0a 92 00
INFO - 21 17 c9 3c 00 0a a7 00
INFO - 21 19 09 3c 00 0a 83 00
INFO - 21 1b 49 3c 00 0a c0 00
INFO - 21 1e 89 3c 00 0a ca 00
INFO - 21 21 c9 3c 00 0a e2 00
INFO - 21 24 09 3c 00 0a 80 00
INFO - 21 26 49 3c 00 0a a7 00
INFO - 21 28 89 3c 00 0a a0 00
INFO - 21 2a c9 3c 00 0a c1 00
INFO - 21 2d 09 3c 00 0a bf 00
INFO - 21 2f 49 3c 00 0a b8 00
INFO - 21 31 89 3c 00 0a 9f 00
INFO - 21 35 c9 3c 00 0a e6 00
INFO - 21 36 09 3c 00 0a 93 00
INFO - 21 39 49 3c 00 0a c4 00
INFO - 21 3c 89 3c 00 0a d0 00
INFO - 21 3f c9 3c 00 0a c4 00
INFO - 21 41 09 3c 00 0a b8 00
INFO - 21 43 49 3c 00 0a ad 00
INFO - 21 45 89 3c 00 0a ad 00
INFO - 21 48 c9 3c 00 0a ba 00
INFO - 21 4a 09 3c 00 0a c6 00
INFO - 21 4e 49 3c 00 0a f7 00
INFO - 21 51 89 3c 00 0a c8 00
INFO - 21 54 c9 3c 00 0a e0 00
INFO - 21 58 09 3c 00 0a ee 00
INFO - 21 5b 49 3c 00 0a d5 00
INFO - 21 5d 89 3c 00 0a b0 00
INFO - 21 5f c9 3c 00 0a a2 00
INFO - 21 61 09 3c 00 0a b2 00
INFO - 21 64 49 3c 00 0a d4 00
INFO - 21 67 89 3c 00 0a c0 00
INFO - 21 69 c9 3c 00 0a af 00
INFO - 21 6c 09 3c 00 0a cc 00
INFO - 21 6f 49 3c 00 0a e2 00
INFO - 21 71 89 3c 00 0a a6 00
INFO - 21 74 c9 3c 00 0a c9 00
INFO - 21 76 09 3c 00 0a 9a 00
INFO - 21 78 49 3c 00 0a c9 00
INFO - 21 7a 89 3c 00 0a 7e 00
INFO - 21 7d c9 3c 00 0a be 00
INFO - 21 80 09 3c 00 0a ca 00
INFO - 21 82 49 3c 00 0a a7 00
INFO - 21 84 89 3c 00 0a bf 00
INFO - 21 86 c9 3c 00 0a a6 00
INFO - 21 89 09 3c 00 0a ca 00
INFO - 21 8c 49 3c 00 0a c2 00
INFO - 21 8e 89 3c 00 0a bf 00
INFO - 21 91 c9 3c 00 0a b4 00
INFO - 21 93 09 3c 00 0a be 00
INFO - 21 96 49 3c 00 0a cf 00
INFO - 21 99 89 3c 00 0a d8 00
INFO - 21 9c c9 3c 00 0a c3 00
INFO - 21 9e 09 3c 00 0a cc 00
INFO - 21 a1 49 3c 00 0a b6 00
INFO - 21 a4 89 3c 00 0a d8 00
INFO - 21 a7 c9 3c 00 0a c3 00
INFO - 21 a9 09 3c 00 0a a5 00
INFO - 21 ac 49 3c 00 0a f6 00
INFO - 21 af 89 3c 00 0a d9 00
INFO - 21 b2 c9 3c 00 0a c1 00
INFO - 21 b4 09 3c 00 0a b3 00
INFO - 21 b7 49 3c 00 0a db 00
INFO - 21 ba 89 3c 00 0a b2 00
INFO - 21 bc c9 3c 00 0a c2 00
INFO - 21 bf 09 3c 00 0a b1 00
INFO - 21 c1 49 3c 00 0a ce 00
INFO - 21 c3 89 3c 00 0a 98 00
INFO - 21 c5 c9 3c 00 0a a8 00
INFO - 21 c8 09 3c 00 0a b3 00
INFO - 21 ca 49 3c 00 0a 79 00
INFO - 21 cc 89 3c 00 0a c0 00
INFO - 21 cf c9 3c 00 0a b4 00
INFO - 21 d1 09 3c 00 0a b4 00
INFO - 21 d3 49 3c 00 0a b2 00
INFO - 21 d6 89 3c 00 0a cf 00
INFO - 21 d8 c9 3c 00 0a 8e 00
INFO - 21 db 09 3c 00 0a da 00
INFO - 21 dd 49 3c 00 0a b4 00
INFO - 21 df 89 3c 00 0a a5 00
INFO - 21 e3 c9 3c 00 0a f4 00
INFO - 21 e6 09 3c 00 0a c3 00
INFO - 21 e9 49 3c 00 0a f3 00
INFO - 21 ec 89 3c 00 0a dd 00
INFO - 21 f2 c9 3c 00 0b 42 00
INFO - 21 f4 09 3c 00 0a cd 00
INFO - 21 f7 49 3c 00 0a b7 00
INFO - 21 f9 89 3c 00 0a b2 00
INFO - 21 fc c9 3c 00 0a b7 00
INFO - 22 01 09 3c 00 0b 4f 00
INFO - 22 04 49 3c 00 0a ce 00
INFO - 22 06 89 3c 00 0a a9 00
INFO - 22 09 c9 3c 00 0a c0 00
INFO - 22 0b 09 3c 00 0a aa 00
INFO - 22 0c 49 3c 00 0a 8c 00
INFO - 22 0f 89 3c 00 0a de 00
INFO - 22 12 c9 3c 00 0a a7 00
INFO - 22 15 09 3c 00 0a dc 00
INFO - 22 17 49 3c 00 0a cc 00
INFO - 22 1a 89 3c 00 0a d0 00
INFO - 22 1d c9 3c 00 0a b3 00
INFO - 22 20 09 3c 00 0a d0 00
INFO - 22 22 49 3c 00 0a b5 00
INFO - 22 25 89 3c 00 0a db 00
INFO - 22 27 c9 3c 00 0a b2 00
INFO - 22 2b 09 3c 00 0a ea 00
INFO - 22 2d 49 3c 00 0a a6 00
INFO - 22 2f 89 3c 00 0a a8 00
INFO - 22 32 c9 3c 00 0a d9 00
INFO - 22 35 09 3c 00 0a 8f 00
INFO - 22 39 49 3c 00 0a e7 00
INFO - 22 3b 89 3c 00 0a cb 00
INFO - 22 3f c9 3c 00 0a e9 00
INFO - 22 41 09 3c 00 0a a5 00
INFO - 22 42 49 3c 00 0a 8e 00
INFO - 22 45 89 3c 00 0a c0 00
INFO - 22 48 c9 3c 00 0a bd 00
INFO - 22 4a 09 3c 00 0a a8 00
INFO - 22 4d 49 3c 00 0a da 00
INFO - 22 4f 89 3c 00 0a 99 00
INFO - 22 52 c9 3c 00 0a e4 00
INFO - 22 54 09 3c 00 0a c0 00
INFO - 22 58 49 3c 00 0a e8 00
INFO - 22 5b 89 3c 00 0a d8 00
INFO - 22 5f c9 3c 00 0a f5 00
INFO - 22 62 09 3c 00 0a d8 00
INFO - 22 64 49 3c 00 0a a9 00
INFO - 22 67 89 3c 00 0a db 00
INFO - 22 69 c9 3c 00 0a 9a 00
INFO - 22 6a 09 3c 00 0a 99 00
INFO - 22 6e 49 3c 00 0a f7 00
INFO - 22 72 89 3c 00 0a f5 00
INFO - 22 73 c9 3c 00 0a 8b 00
INFO - 22 76 09 3c 00 0a c4 00
INFO - 22 79 49 3c 00 0a d9 00
INFO - 22 7c 89 3c 00 0a d0 00
INFO - 22 7f c9 3c 00 0a e6 00
INFO - 22 82 09 3c 00 0a dc 00
INFO - 22 85 49 3c 00 0a ab 00
INFO - 22 87 89 3c 00 0a ca 00
INFO - 22 8a c9 3c 00 0a 9c 00
INFO - 22 8c 09 3c 00 0a b8 00
INFO - 22 90 49 3c 00 0b 03 00
INFO - 22 93 89 3c 00 0a db 00
INFO - 22 96 c9 3c 00 0a c5 00
INFO - 22 98 09 3c 00 0a b6 00
INFO - 22 9a 49 3c 00 0a b6 00
INFO - 22 9e 89 3c 00 0a 8d 00
INFO - 22 a2 c9 3c 00 0b 1f 00
INFO - 22 a5 09 3c 00 0a d3 00
INFO - 22 a7 49 3c 00 0a b3 00
INFO - 22 aa 89 3c 00 0a b8 00
INFO - 22 ac c9 3c 00 0a b5 00
INFO - 22 ae 09 3c 00 0a b5 00
INFO - 22 b1 49 3c 00 0a b4 00
INFO - 22 b5 89 3c 00 0a f9 00
INFO - 22 b7 c9 3c 00 0a c0 00
INFO - 22 b9 09 3c 00 0a ab 00
INFO - 22 bd 49 3c 00 0a f6 00
INFO - 22 c1 89 3c 00 0b 03 00
INFO - 22 c3 c9 3c 00 0a c0 00
INFO - 22 c6 09 3c 00 0a c4 00
INFO - 22 c9 49 3c 00 0a b5 00
INFO - 22 cb 89 3c 00 0a c2 00
INFO - 22 cd c9 3c 00 0a b3 00
INFO - 22 d0 09 3c 00 0a b7 00
INFO - 22 d2 49 3c 00 0a b2 00
INFO - 22 d5 89 3c 00 0a c5 00
INFO - 22 d8 c9 3c 00 0a dc 00
INFO - 22 db 09 3c 00 0a c0 00
INFO - 22 dd 49 3c 00 0a ab 00
INFO - 22 df 89 3c 00 0a c0 00
INFO - 22 e1 c9 3c 00 0a aa 00
INFO - 22 e5 09 3c 00 0a dd 00
INFO - 22 e7 49 3c 00 0a b3 00
INFO - 22 e9 89 3c 00 0a ab 00
INFO - 22 eb c9 3c 00 0a b5 00
INFO - 22 ee 09 3c 00 0a b4 00
INFO - 22 f2 49 3c 00 0a 9e 00
INFO - 22 f5 89 3c 00 0a db 00
INFO - 22 f8 c9 3c 00 0a d2 00
INFO - 22 fb 09 3c 00 0a db 00
INFO - 22 fd 49 3c 00 0a 9f 00
INFO - 23 00 89 3c 00 0a d0 00
INFO - 23 02 c9 3c 00 0a c3 00
INFO - 23 05 09 3c 00 0a dd 00
INFO - 23 08 49 3c 00 0a c0 00
INFO - 23 0b 89 3c 00 0a c5 00
INFO - 23 0d c9 3c 00 0a c0 00
INFO - 23 0f 09 3c 00 0a aa 00
INFO - 23 12 49 3c 00 0a c2 00
INFO - 23 15 89 3c 00 0a cf 00
INFO - 23 17 c9 3c 00 0a a9 00
INFO - 23 1a 09 3c 00 0a d9 00
INFO - 23 1c 49 3c 00 0a aa 00
INFO - 23 1f 89 3c 00 0a da 00
INFO - 23 22 c9 3c 00 0a c3 00
INFO - 23 24 09 3c 00 0a a8 00
INFO - 23 27 49 3c 00 0a cd 00
INFO - 23 2a 89 3c 00 0a ce 00
INFO - 23 2d c9 3c 00 0a e6 00
INFO - 23 2f 09 3c 00 0a b3 00
INFO - 23 31 49 3c 00 0a a5 00
INFO - 23 34 89 3c 00 0a c1 00
INFO - 23 37 c9 3c 00 0a bf 00
INFO - 23 3a 09 3c 00 0a f1 00
INFO - 23 3c 49 3c 00 0a 99 00
INFO - 23 41 89 3c 00 0a b9 00
INFO - 23 43 c9 3c 00 0a b2 00
INFO - 23 46 09 3c 00 0a cf 00
INFO - 23 49 49 3c 00 0a ca 00
INFO - 23 4b 89 3c 00 0a a8 00
INFO - 23 4e c9 3c 00 0a e6 00
INFO - 23 51 09 3c 00 0a b1 00
INFO - 23 53 49 3c 00 0a b6 00
INFO - 23 55 89 3c 00 0a a3 00
INFO - 23 57 c9 3c 00 0a b7 00
INFO - 23 5d 09 3c 00 0b 41 00
INFO - 23 5f 49 3c 00 0a a7 00
INFO - 23 61 89 3c 00 0a b3 00
INFO - 23 63 c9 3c 00 0a b5 00
INFO - 23 66 09 3c 00 0a b0 00
INFO - 23 69 49 3c 00 0a eb 00
INFO - 23 6b 89 3c 00 0a b1 00
INFO - 23 6f c9 3c 00 0a f5 00
INFO - 23 72 09 3c 00 0a d2 00
INFO - 23 73 49 3c 00 0a 81 00
INFO - 23 76 89 3c 00 0a d7 00
INFO - 23 79 c9 3c 00 0a ba 00
INFO - 23 7c 09 3c 00 0a c8 00
INFO - 23 7f 49 3c 00 0a c6 00
INFO - 23 81 89 3c 00 0a c2 00
INFO - 23 84 c9 3c 00 0a b6 00
INFO - 23 87 09 3c 00 0a de 00
INFO - 23 89 49 3c 00 0a 99 00
INFO - 23 8c 89 3c 00 0a ed 00
INFO - 23 8f c9 3c 00 0a cb 00
INFO - 23 92 09 3c 00 0a c7 00
INFO - 23 94 49 3c 00 0a 97 00
INFO - 23 96 89 3c 00 0a c8 00
INFO - 23 98 c9 3c 00 0a 9d 00
INFO - 23 9a 09 3c 00 0a a3 00
INFO - 23 9d 49 3c 00 0a de 00
INFO - 23 a1 89 3c 00 0a f1 00
INFO - 23 a3 c9 3c 00 0a bf 00
INFO - 23 a6 09 3c 00 0a b0 00
INFO - 23 a9 49 3c 00 0a de 00
INFO - 23 ac 89 3c 00 0a de 00
INFO - 23 ae c9 3c 00 0a a4 00
INFO - 23 b1 09 3c 00 0a df 00
INFO - 23 b3 49 3c 00 0a af 00
INFO - 23 b7 89 3c 00 0b 01 00
INFO - 23 ba c9 3c 00 0a bd 00
INFO - 23 bd 09 3c 00 0a ed 00
INFO - 23 c0 49 3c 00 0a c5 00
INFO - 23 c3 89 3c 00 0a d3 00
INFO - 23 c6 c9 3c 00 0a e7 00
INFO - 23 c9 09 3c 00 0a 79 00
INFO - 23 cb 49 3c 00 0a c9 00
INFO - 23 ce 89 3c 00 0a b3 00
INFO - 23 d0 c9 3c 00 0a aa 00
INFO - 23 d3 09 3c 00 0a ed 00
INFO - 23 d6 49 3c 00 0a cd 00
INFO - 23 d8 89 3c 00 0a a4 00
INFO - 23 db c9 3c 00 0a db 00
INFO - 23 de 09 3c 00 0a b3 00
INFO - 23 e0 49 3c 00 0a aa 00
INFO - 23 e2 89 3c 00 0a 98 00
INFO - 23 e4 c9 3c 00 0a bf 00
INFO - 23 e7 09 3c 00 0a c6 00
INFO - 23 e9 49 3c 00 0a ab 00
INFO - 23 ec 89 3c 00 0a cd 00
INFO - 23 ef c9 3c 00 0a e0 00
INFO - 23 f3 09 3c 00 0b 03 00
INFO - 23 f6 49 3c 00 0a e7 00
INFO - 23 fa 89 3c 00 0a f6 00
INFO - 23 fd c9 3c 00 0a bd 00
INFO - 23 ff 09 3c 00 0a c0 00
INFO - 24 03 49 3c 00 0b 16 00
INFO - 24 07 89 3c 00 0b 00 00
INFO - 24 0a c9 3c 00 0a db 00
INFO - 24 0e 09 3c 00 0a e0 00
INFO - 24 10 49 3c 00 0a b6 00
INFO - 24 13 89 3c 00 0a df 00
INFO - 24 16 c9 3c 00 0a bd 00
INFO - 24 19 09 3c 00 0a e5 00
INFO - 24 1b 49 3c 00 0a 9a 00
INFO - 24 1d 89 3c 00 0a ab 00
INFO - 24 1f c9 3c 00 0a b0 00
INFO - 24 22 09 3c 00 0a b0 00
INFO - 24 24 49 3c 00 0a c5 00
INFO - 24 26 89 3c 00 0a a1 00
INFO - 24 29 c9 3c 00 0a cb 00
INFO - 24 2b 09 3c 00 0a b0 00
INFO - 24 2e 49 3c 00 0a 7f 00
INFO - 24 31 89 3c 00 0a d9 00
INFO - 24 33 c9 3c 00 0a bb 00
INFO - 24 36 09 3c 00 0a bb 00
INFO - 24 39 49 3c 00 0a e6 00
INFO - 24 3b 89 3c 00 0a a1 00
INFO - 24 3e c9 3c 00 0a e7 00
INFO - 24 41 09 3c 00 0a bb 00
INFO - 24 44 49 3c 00 0a bf 00
INFO - 24 48 89 3c 00 0b 13 00
INFO - 24 4a c9 3c 00 0a a8 00
INFO - 24 4c 09 3c 00 0a b0 00
INFO - 24 4f 49 3c 00 0a ca 00
INFO - 24 51 89 3c 00 0a 9d 00
INFO - 24 53 c9 3c 00 0a c4 00
INFO - 24 57 09 3c 00 0a d6 00
INFO - 24 59 49 3c 00 0a cc 00
INFO - 24 5c 89 3c 00 0a cb 00
INFO - 24 60 c9 3c 00 0a e6 00
INFO - 24 62 09 3c 00 0a c9 00
INFO - 24 65 49 3c 00 0a b3 00
INFO - 24 67 89 3c 00 0a a2 00
INFO - 24 69 c9 3c 00 0a c0 00
INFO - 24 6c 09 3c 00 0a d7 00
INFO - 24 6f 49 3c 00 0a b5 00
INFO - 24 72 89 3c 00 0a d9 00
INFO - 24 75 c9 3c 00 0a b9 00
INFO - 24 79 09 3c 00 0b 21 00
INFO - 24 7c 49 3c 00 0a cb 00
INFO - 24 7f 89 3c 00 0a cd 00
INFO - 24 82 c9 3c 00 0a ed 00
INFO - 24 87 09 3c 00 0a a5 00
INFO - 24 89 49 3c 00 0a aa 00
INFO - 24 8c 89 3c 00 0a c6 00
INFO - 24 8f c9 3c 00 0a d4 00
INFO - 24 92 09 3c 00 0a e1 00
INFO - 24 94 49 3c 00 0a b0 00
INFO - 24 97 89 3c 00 0a db 00
INFO - 24 99 c9 3c 00 0a a5 00
INFO - 24 9c 09 3c 00 0a bf 00
INFO - 24 9e 49 3c 00 0a 98 00
INFO - 24 a0 89 3c 00 0a b1 00
INFO - 24 a3 c9 3c 00 0a d5 00
INFO - 24 a5 09 3c 00 0a ab 00
INFO - 24 a7 49 3c 00 0a aa 00
INFO - 24 a9 89 3c 00 0a b2 00
INFO - 24 ad c9 3c 00 0a 95 00
INFO - 24 af 09 3c 00 0a ab 00
INFO - 24 b2 49 3c 00 0a d2 00
INFO - 24 b4 89 3c 00 0a b2 00
INFO - 24 b7 c9 3c 00 0a da 00
INFO - 24 ba 09 3c 00 0a c0 00
INFO - 24 bf 49 3c 00 0b 2e 00
INFO - 24 c6 89 3c 00 0b a1 00
INFO - 24 c8 c9 3c 00 0a bf 00
INFO - 24 cb 09 3c 00 0a cc 00
INFO - 24 ce 49 3c 00 0a c9 00
INFO - 24 d0 89 3c 00 0a b1 00
INFO - 24 d3 c9 3c 00 0a d7 00
INFO - 24 d5 09 3c 00 0a a5 00
INFO - 24 d8 49 3c 00 0a cf 00
INFO - 24 da 89 3c 00 0a a3 00
INFO - 24 dd c9 3c 00 0a d8 00
INFO - 24 df 09 3c 00 0a a1 00
INFO - 24 e3 49 3c 00 0a f7 00
INFO - 24 e5 89 3c 00 0a b1 00
INFO - 24 e9 c9 3c 00 0a e8 00
INFO - 24 eb 09 3c 00 0a b5 00
INFO - 24 ee 49 3c 00 0a c3 00
INFO - 24 f0 89 3c 00 0a a0 00
INFO - 24 f3 c9 3c 00 0a d8 00
INFO - 24 f5 09 3c 00 0a 9a 00
INFO - 24 f7 49 3c 00 0a c2 00
INFO - 24 fa 89 3c 00 0a bb 00
INFO - 24 fe c9 3c 00 0b 0a 00
INFO - 25 00 09 3c 00 0a ad 00
INFO - 25 03 49 3c 00 0a 99 00
INFO - 25 06 89 3c 00 0a b9 00
INFO - 25 08 c9 3c 00 0a bd 00
INFO - 25 0c 09 3c 00 0a f6 00
INFO - 25 0f 49 3c 00 0a c1 00
INFO - 25 12 89 3c 00 0a cf 00
INFO - 25 14 c9 3c 00 0a bc 00
INFO - 25 17 09 3c 00 0a d7 00
INFO - 25 1a 49 3c 00 0a ba 00
INFO - 25 1c 89 3c 00 0a be 00
INFO - 25 1f c9 3c 00 0a d6 00
INFO - 25 22 09 3c 00 0a d1 00
INFO - 25 24 49 3c 00 0a 9a 00
INFO - 25 27 89 3c 00 0a dd 00
INFO - 25 29 c9 3c 00 0a aa 00
INFO - 25 2e 09 3c 00 0b 12 00
INFO - 25 31 49 3c 00 0a dc 00
INFO - 25 33 89 3c 00 0a c4 00
INFO - 25 37 c9 3c 00 0a e1 00
INFO - 25 39 09 3c 00 0a ae 00
INFO - 25 3b 49 3c 00 0a bd 00
INFO - 25 3d 89 3c 00 0a a3 00
INFO - 25 40 c9 3c 00 0a b1 00
INFO - 25 43 09 3c 00 0a e5 00
INFO - 25 46 49 3c 00 0a ca 00
INFO - 25 48 89 3c 00 0a b0 00
INFO - 25 4c c9 3c 00 0b 06 00
INFO - 25 4f 09 3c 00 0a d8 00
INFO - 25 52 49 3c 00 0a d7 00
INFO - 25 55 89 3c 00 0a bf 00
INFO - 25 57 c9 3c 00 0a ca 00
INFO - 25 59 09 3c 00 0a a2 00
INFO - 25 5c 49 3c 00 0a be 00
INFO - 25 5f 89 3c 00 0a d8 00
INFO - 25 61 c9 3c 00 0a 71 00
INFO - 25 64 09 3c 00 0a e6 00
INFO - 25 68 49 3c 00 0a ff 00
INFO - 25 6c 89 3c 00 0a e4 00
INFO - 25 6e c9 3c 00 0a cb 00
INFO - 25 71 09 3c 00 0a c3 00
INFO - 25 75 49 3c 00 0a ff 00
INFO - 25 77 89 3c 00 0a b1 00
INFO - 25 7a c9 3c 00 0a d6 00
INFO - 25 7d 09 3c 00 0a c2 00
INFO - 25 7f 49 3c 00 0a c6 00
INFO - 25 83 89 3c 00 0a e6 00
INFO - 25 86 c9 3c 00 0a e5 00
INFO - 25 88 09 3c 00 0a 96 00
INFO - 25 8a 49 3c 00 0a bc 00
INFO - 25 8d 89 3c 00 0a d9 00
INFO - 25 91 c9 3c 00 0a e4 00
INFO - 25 94 09 3c 00 0a cc 00
INFO - 25 97 49 3c 00 0a d8 00
INFO - 25 99 89 3c 00 0a a4 00
INFO - 25 9c c9 3c 00 0a f2 00
INFO - 25 9f 09 3c 00 0a b3 00
INFO - 25 a1 49 3c 00 0a bc 00
INFO - 25 a5 89 3c 00 0b 06 00
INFO - 25 a8 c9 3c 00 0a c0 00
INFO - 25 aa 09 3c 00 0a a2 00
INFO - 25 ac 49 3c 00 0a b7 00
INFO - 25 ae 89 3c 00 0a a6 00
INFO - 25 b3 c9 3c 00 0b 32 00
INFO - 25 b5 09 3c 00 0a ab 00
INFO - 25 b7 49 3c 00 0a b2 00
INFO - 25 b9 89 3c 00 0a a1 00
INFO - 25 bc c9 3c 00 0a b6 00
INFO - 25 be 09 3c 00 0a c1 00
INFO - 25 c1 49 3c 00 0a d1 00
INFO - 25 c3 89 3c 00 0a ac 00
INFO - 25 c6 c9 3c 00 0a c4 00
INFO - 25 c9 09 3c 00 0a de 00
INFO - 25 cb 49 3c 00 0a a8 00
INFO - 25 ce 89 3c 00 0a cd 00
INFO - 25 d2 c9 3c 00 0b 04 00
INFO - 25 d5 09 3c 00 0a e1 00
INFO - 25 d8 49 3c 00 0a 7a 00
INFO - 25 d9 89 3c 00 0a 91 00
INFO - 25 dc c9 3c 00 0a c2 00
INFO - 25 df 09 3c 00 0a c0 00
INFO - 25 e2 49 3c 00 0a f7 00
INFO - 25 e4 89 3c 00 0a 9e 00
INFO - 25 e6 c9 3c 00 0a 9c 00
INFO - 25 e9 09 3c 00 0a c0 00
INFO - 25 ea 49 3c 00 0a 9f 00
INFO - 25 ed 89 3c 00 0a b3 00
INFO - 25 ef c9 3c 00 0a ab 00
INFO - 25 f1 09 3c 00 0a a9 00
INFO - 25 f3 49 3c 00 0a 99 00
INFO - 25 f6 89 3c 00 0a c6 00
INFO - 25 f8 c9 3c 00 0a a6 00
INFO - 25 fa 09 3c 00 0a 9f 00
INFO - 25 fc 49 3c 00 0a a9 00
INFO - 25 fe 89 3c 00 0a a7 00
INFO - 26 01 c9 3c 00 0a ed 00
INFO - 26 05 09 3c 00 0a f9 00
INFO - 26 08 49 3c 00 0a d1 00
INFO - 26 0b 89 3c 00 0a cf 00
INFO - 26 0e c9 3c 00 0a d1 00
INFO - 26 13 09 3c 00 0b 48 00
INFO - 26 16 49 3c 00 0a e1 00
INFO - 26 18 89 3c 00 0a 9d 00
INFO - 26 1b c9 3c 00 0a df 00
INFO - 26 1d 09 3c 00 0a 9b 00
INFO - 26 21 49 3c 00 0a fb 00
INFO - 26 25 89 3c 00 0b 14 00
INFO - 26 28 c9 3c 00 0a b5 00
INFO - 26 2a 09 3c 00 0a ad 00
INFO - 26 2d 49 3c 00 0a de 00
INFO - 26 30 89 3c 00 0a d4 00
INFO - 26 33 c9 3c 00 0a c2 00
INFO - 26 36 09 3c 00 0a d5 00
INFO - 26 38 49 3c 00 0a 82 00
INFO - 26 3a 89 3c 00 0a ad 00
INFO - 26 3e c9 3c 00 0a dd 00
INFO - 26 40 09 3c 00 0a c8 00
INFO - 26 43 49 3c 00 0a c6 00
INFO - 26 46 89 3c 00 0a ed 00
INFO - 26 49 c9 3c 00 0a a9 00
INFO - 26 4b 09 3c 00 0a bb 00
INFO - 26 4f 49 3c 00 0a ec 00
INFO - 26 52 89 3c 00 0a d3 00
INFO - 26 54 c9 3c 00 0a c8 00
INFO - 26 57 09 3c 00 0a c5 00
INFO - 26 59 49 3c 00 0a ba 00
INFO - 26 5d 89 3c 00 0a e2 00
INFO - 26 60 c9 3c 00 0a fc 00
INFO - 26 63 09 3c 00 0a c5 00
INFO - 26 66 49 3c 00 0a bb 00
INFO - 26 69 89 3c 00 0a d3 00
INFO - 26 6c c9 3c 00 0a e3 00
INFO - 26 6e 09 3c 00 0a bb 00
INFO - 26 72 49 3c 00 0a ef 00
INFO - 26 74 89 3c 00 0a bc 00
INFO - 26 77 c9 3c 00 0a d4 00
INFO - 26 7a 09 3c 00 0a bc 00
INFO - 26 7c 49 3c 00 0a ad 00
INFO - 26 80 89 3c 00 0a ff 00
INFO - 26 83 c9 3c 00 0a d5 00
INFO - 26 87 09 3c 00 0a fe 00
INFO - 26 89 49 3c 00 0a a1 00
INFO - 26 8c 89 3c 00 0a f2 00
INFO - 26 8f c9 3c 00 0a c9 00
INFO - 26 92 09 3c 00 0a ca 00
INFO - 26 94 49 3c 00 0a a0 00
INFO - 26 97 89 3c 00 0a 93 00
INFO - 26 9a c9 3c 00 0a c8 00
INFO - 26 9e 09 3c 00 0b 00 00
INFO - 26 a1 49 3c 00 0a cc 00
INFO - 26 a4 89 3c 00 0a e3 00
INFO - 26 a6 c9 3c 00 0a b0 00
INFO - 26 aa 09 3c 00 0a f2 00
INFO - 26 ac 49 3c 00 0a a3 00
INFO - 26 b0 89 3c 00 0b 00 00
INFO - 26 b2 c9 3c 00 0a be 00
INFO - 26 b4 09 3c 00 0a ad 00
INFO - 26 b6 49 3c 00 0a a3 00
INFO - 26 ba 89 3c 00 0a e5 00
INFO - 26 bc c9 3c 00 0a cc 00
INFO - 26 c0 09 3c 00 0a d7 00
INFO - 26 c2 49 3c 00 0a bf 00
INFO - 26 c5 89 3c 00 0a cb 00
INFO - 26 c7 c9 3c 00 0a a2 00
INFO - 26 ca 09 3c 00 0a d7 00
INFO - 26 cd 49 3c 00 0a cd 00
INFO - 26 d0 89 3c 00 0a d1 00
INFO - 26 d3 c9 3c 00 0a cd 00
INFO - 26 d6 09 3c 00 0a e4 00
INFO - 26 d8 49 3c 00 0a b1 00
INFO - 26 dc 89 3c 00 0b 0e 00
INFO - 26 df c9 3c 00 0a bf 00
INFO - 26 e2 09 3c 00 0a d6 00
INFO - 26 e6 49 3c 00 0a f4 00
INFO - 26 e8 89 3c 00 0a bf 00
INFO - 26 ec c9 3c 00 0a f3 00
INFO - 26 ee 09 3c 00 0a b1 00
INFO - 26 f1 49 3c 00 0a cb 00
INFO - 26 f3 89 3c 00 0a bd 00
INFO - 26 f7 c9 3c 00 0a 8b 00
INFO - 26 fa 09 3c 00 0a f7 00
INFO - 26 fd 49 3c 00 0a d9 00
INFO - 27 01 89 3c 00 0a ee 00
INFO - 27 03 c9 3c 00 0a bd 00
INFO - 27 07 09 3c 00 0a d7 00
INFO - 27 09 49 3c 00 0a bd 00
INFO - 27 0c 89 3c 00 0a cd 00
INFO - 27 0f c9 3c 00 0a d7 00
INFO - 27 13 09 3c 00 0b 13 00
INFO - 27 17 49 3c 00 0b 02 00
INFO - 27 1b 89 3c 00 0b 03 00
INFO - 27 1f c9 3c 00 0b 0f 00
INFO - 27 22 09 3c 00 0a cd 00
INFO - 27 25 49 3c 00 0a cc 00
INFO - 27 27 89 3c 00 0a bc 00
INFO - 27 29 c9 3c 00 0a a2 00
INFO - 27 2d 09 3c 00 0b 04 00
INFO - 27 30 49 3c 00 0a af 00
INFO - 27 32 89 3c 00 0a b1 00
INFO - 27 35 c9 3c 00 0a cb 00
INFO - 27 3a 09 3c 00 0a c7 00
INFO - 27 3c 49 3c 00 0a bf 00
INFO - 27 3f 89 3c 00 0a af 00
INFO - 27 41 c9 3c 00 0a be 00
INFO - 27 43 09 3c 00 0a 94 00
INFO - 27 46 49 3c 00 0a e8 00
INFO - 27 49 89 3c 00 0a cb 00
INFO - 27 4b c9 3c 00 0a bd 00
INFO - 27 4f 09 3c 00 0a d9 00
INFO - 27 52 49 3c 00 0a e6 00
INFO - 27 54 89 3c 00 0a a2 00
INFO - 27 57 c9 3c 00 0a cb 00
INFO - 27 59 09 3c 00 0a a1 00
INFO - 27 5b 49 3c 00 0a ca 00
INFO - 27 5e 89 3c 00 0a d9 00
INFO - 27 60 c9 3c 00 0a a0 00
INFO - 27 63 09 3c 00 0a bc 00
INFO - 27 65 49 3c 00 0a 9b 00
INFO - 27 67 89 3c 00 0a b2 00
INFO - 27 69 c9 3c 00 0a a0 00
INFO - 27 6c 09 3c 00 0a cb 00
INFO - 27 6f 49 3c 00 0a d8 00
INFO - 27 71 89 3c 00 0a b0 00
INFO - 27 73 c9 3c 00 0a a0 00
INFO - 27 76 09 3c 00 0a ae 00
INFO - 27 78 49 3c 00 0a be 00
INFO - 27 7a 89 3c 00 0a ad 00
INFO - 27 7c c9 3c 00 0a a1 00
INFO - 27 80 09 3c 00 0a f4 00
INFO - 27 84 49 3c 00 0b 1d 00
INFO - 27 88 89 3c 00 0a f5 00
INFO - 27 8b c9 3c 00 0a d6 00
INFO - 27 95 09 3c 00 0b fe 00
INFO - 27 97 49 3c 00 0a 7e 00
INFO - 27 9a 89 3c 00 0a bf 00
INFO - 27 9c c9 3c 00 0a ac 00
INFO - 27 a0 09 3c 00 0a e8 00
INFO - 27 a2 49 3c 00 0a ac 00
INFO - 27 a5 89 3c 00 0a e8 00
INFO - 27 a7 c9 3c 00 0a 9e 00
INFO - 27 a9 09 3c 00 0a b1 00
INFO - 27 ac 49 3c 00 0a c7 00
INFO - 27 af 89 3c 00 0a da 00
INFO - 27 b2 c9 3c 00 0a e3 00
INFO - 27 b5 09 3c 00 0a bd 00
INFO - 27 b7 49 3c 00 0a ae 00
INFO - 27 bb 89 3c 00 0a f5 00
INFO - 27 be c9 3c 00 0a ca 00
INFO - 27 c1 09 3c 00 0a d5 00
INFO - 27 c3 49 3c 00 0a ae 00
INFO - 27 c6 89 3c 00 0a e6 00
INFO - 27 c9 c9 3c 00 0a bd 00
INFO - 27 cc 09 3c 00 0a e5 00
INFO - 27 ce 49 3c 00 0a a0 00
INFO - 27 d1 89 3c 00 0a d9 00
INFO - 27 d3 c9 3c 00 0a b0 00
INFO - 27 d7 09 3c 00 0a fe 00
INFO - 27 da 49 3c 00 0a db 00
INFO - 27 dd 89 3c 00 0a d5 00
INFO - 27 e0 c9 3c 00 0a bf 00
INFO - 27 e2 09 3c 00 0a c7 00
INFO - 27 e5 49 3c 00 0a ca 00
INFO - 27 e7 89 3c 00 0a ae 00
INFO - 27 eb c9 3c 00 0a f3 00
INFO - 27 ee 09 3c 00 0a d8 00
INFO - 27 f0 49 3c 00 0a a3 00
INFO - 27 f3 89 3c 00 0a c7 00
INFO - 27 f6 c9 3c 00 0a ca 00
INFO - 27 f9 09 3c 00 0a f3 00
INFO - 27 fc 49 3c 00 0a bb 00
INFO - 27 ff 89 3c 00 0a f2 00
INFO - 28 01 c9 3c 00 0a ae 00
INFO - 28 04 09 3c 00 0a a3 00
INFO - 28 06 49 3c 00 0a c8 00
INFO - 28 09 89 3c 00 0a c8 00
INFO - 28 0b c9 3c 00 0a a0 00
INFO - 28 0d 09 3c 00 0a b0 00
INFO - 28 10 49 3c 00 0a d4 00
INFO - 28 14 89 3c 00 0a e4 00
INFO - 28 16 c9 3c 00 0a 9f 00
INFO - 28 19 09 3c 00 0a d9 00
INFO - 28 1b 49 3c 00 0a c8 00
INFO - 28 1f 89 3c 00 0a e0 00
INFO - 28 21 c9 3c 00 0a bd 00
INFO - 28 24 09 3c 00 0a c5 00
INFO - 28 27 49 3c 00 0a ca 00
INFO - 28 2a 89 3c 00 0a e1 00
INFO - 28 2c c9 3c 00 0a a2 00
INFO - 28 30 09 3c 00 0b 16 00
INFO - 28 33 49 3c 00 0a ca 00
INFO - 28 36 89 3c 00 0a d5 00
INFO - 28 38 c9 3c 00 0a b7 00
INFO - 28 3a 09 3c 00 0a ac 00
INFO - 28 3d 49 3c 00 0a b0 00
INFO - 28 41 89 3c 00 0a fd 00
INFO - 28 43 c9 3c 00 0a b6 00
INFO - 28 46 09 3c 00 0a e5 00
INFO - 28 48 49 3c 00 0a a9 00
INFO - 28 4c 89 3c 00 0a ef 00
INFO - 28 50 c9 3c 00 0a ff 00
INFO - 28 53 09 3c 00 0a d1 00
INFO - 28 55 49 3c 00 0a c9 00
INFO - 28 58 89 3c 00 0a b6 00
INFO - 28 5b c9 3c 00 0a d7 00
INFO - 28 5d 09 3c 00 0a c4 00
INFO - 28 60 49 3c 00 0a ae 00
INFO - 28 62 89 3c 00 0a c4 00
INFO - 28 66 c9 3c 00 0a fc 00
INFO - 28 68 09 3c 00 0a ab 00
INFO - 28 6b 49 3c 00 0a c7 00
INFO - 28 6e 89 3c 00 0a c6 00
INFO - 28 70 c9 3c 00 0a c8 00
INFO - 28 73 09 3c 00 0a a8 00
INFO - 28 76 49 3c 00 0a e4 00
INFO - 28 79 89 3c 00 0a eb 00
INFO - 28 7c c9 3c 00 0a bb 00
INFO - 28 7f 09 3c 00 0a cf 00
INFO - 28 81 49 3c 00 0a bb 00
INFO - 28 83 89 3c 00 0a a7 00
INFO - 28 86 c9 3c 00 0a d6 00
INFO - 28 89 09 3c 00 0a ce 00
INFO - 28 8c 49 3c 00 0a c9 00
INFO - 28 8e 89 3c 00 0a 9a 00
INFO - 28 91 c9 3c 00 0a f1 00
INFO - 28 93 09 3c 00 0a a7 00
INFO - 28 96 49 3c 00 0a c6 00
INFO - 28 99 89 3c 00 0a df 00
INFO - 28 9e c9 3c 00 0a 93 00
INFO - 28 a0 09 3c 00 0a a8 00
INFO - 28 a2 49 3c 00 0a ad 00
INFO - 28 a5 89 3c 00 0a c2 00
INFO - 28 a6 c9 3c 00 0a 8f 00
INFO - 28 a8 09 3c 00 0a a1 00
INFO - 28 ab 49 3c 00 0a dc 00
INFO - 28 af 89 3c 00 0a ef 00
INFO - 28 b2 c9 3c 00 0a c4 00
INFO - 28 b4 09 3c 00 0a a6 00
INFO - 28 b8 49 3c 00 0b 0a 00
INFO - 28 ba 89 3c 00 0a c1 00
INFO - 28 be c9 3c 00 0a e2 00
INFO - 28 c1 09 3c 00 0a dc 00
INFO - 28 c3 49 3c 00 0a aa 00
INFO - 28 c7 89 3c 00 0a f9 00
INFO - 28 ca c9 3c 00 0a ec 00
INFO - 28 cc 09 3c 00 0a ae 00
INFO - 28 ce 49 3c 00 0a 99 00
INFO - 28 d1 89 3c 00 0a c9 00
INFO - 28 d3 c9 3c 00 0a c2 00
INFO - 28 d6 09 3c 00 0a c8 00
INFO - 28 d8 49 3c 00 0a 8d 00
INFO - 28 da 89 3c 00 0a bb 00
INFO - 28 dc c9 3c 00 0a 8d 00
INFO - 28 de 09 3c 00 0a b8 00
INFO - 28 e0 49 3c 00 0a a0 00
INFO - 28 e2 89 3c 00 0a b5 00
INFO - 28 e4 c9 3c 00 0a 9c 00
INFO - 28 e7 09 3c 00 0a d2 00
INFO - 28 e9 49 3c 00 0a ae 00
INFO - 28 ec 89 3c 00 0a c2 00
INFO - 28 f0 c9 3c 00 0a fe 00
INFO - 28 f2 09 3c 00 0a a6 00
INFO - 28 f5 49 3c 00 0a d3 00
INFO - 28 fc 89 3c 00 0b a5 00
INFO - 28 ff c9 3c 00 0a c5 00
INFO - 29 02 09 3c 00 0a fa 00
INFO - 29 05 49 3c 00 0a a7 00
INFO - 29 08 89 3c 00 0a c5 00
INFO - 29 0b c9 3c 00 0a c8 00
INFO - 29 0d 09 3c 00 0a c2 00
INFO - 29 10 49 3c 00 0a d5 00
INFO - 29 12 89 3c 00 0a a8 00
INFO - 29 15 c9 3c 00 0a d2 00
INFO - 29 17 09 3c 00 0a 9c 00
INFO - 29 19 49 3c 00 0a ae 00
INFO - 29 1b 89 3c 00 0a a6 00
INFO - 29 1e c9 3c 00 0a b8 00
INFO - 29 21 09 3c 00 0a d1 00
INFO - 29 24 49 3c 00 0a df 00
INFO - 29 27 89 3c 00 0a c4 00
INFO - 29 29 c9 3c 00 0a c3 00
INFO - 29 2c 09 3c 00 0a b7 00
INFO - 29 2e 49 3c 00 0a b7 00
INFO - 29 31 89 3c 00 0a d1 00
INFO - 29 33 c9 3c 00 0a b7 00
INFO - 29 36 09 3c 00 0a c3 00
INFO - 29 38 49 3c 00 0a a9 00
INFO - 29 3c 89 3c 00 0a f8 00
INFO - 29 3f c9 3c 00 0a d0 00
INFO - 29 42 09 3c 00 0a de 00
INFO - 29 44 49 3c 00 0a 9c 00
INFO - 29 46 89 3c 00 0a b6 00
INFO - 29 48 c9 3c 00 0a a8 00
INFO - 29 4c 09 3c 00 0a ea 00
INFO - 29 4e 49 3c 00 0a b7 00
INFO - 29 50 89 3c 00 0a b8 00
INFO - 29 53 c9 3c 00 0a c0 00
INFO - 29 56 09 3c 00 0a ec 00
INFO - 29 5a 49 3c 00 0a dd 00
INFO - 29 5d 89 3c 00 0a da 00
INFO - 29 5e c9 3c 00 0a 8e 00
INFO - 29 61 09 3c 00 0a b8 00
INFO - 29 64 49 3c 00 0a e7 00
INFO - 29 66 89 3c 00 0a 9f 00
INFO - 29 69 c9 3c 00 0a cc 00
INFO - 29 6b 09 3c 00 0a ac 00
INFO - 29 6d 49 3c 00 0a b2 00
INFO - 29 71 89 3c 00 0b 11 00
INFO - 29 74 c9 3c 00 0a d0 00
INFO - 29 77 09 3c 00 0a c2 00
INFO - 29 79 49 3c 00 0a b5 00
INFO - 29 7c 89 3c 00 0a c6 00
INFO - 29 7e c9 3c 00 0a b2 00
INFO - 29 81 09 3c 00 0a c3 00
INFO - 29 83 49 3c 00 0a a8 00
INFO - 29 87 89 3c 00 0a fa 00
INFO - 29 8a c9 3c 00 0a e7 00
INFO - 29 8c 09 3c 00 0a a9 00
INFO - 29 8f 49 3c 00 0a b9 00
INFO - 29 91 89 3c 00 0a b3 00
INFO - 29 94 c9 3c 00 0a c7 00
INFO - 29 96 09 3c 00 0a a5 00
INFO - 29 98 49 3c 00 0a c7 00
INFO - 29 9b 89 3c 00 0a c4 00
INFO - 29 9d c9 3c 00 0a 8f 00
INFO - 29 9f 09 3c 00 0a c1 00
INFO - 29 a1 49 3c 00 0a 9f 00
INFO - 29 a5 89 3c 00 0a e9 00
INFO - 29 a6 c9 3c 00 0a 92 00
INFO - 29 a9 09 3c 00 0a db 00
INFO - 29 ac 49 3c 00 0a ad 00
INFO - 29 af 89 3c 00 0a db 00
INFO - 29 b2 c9 3c 00 0a d2 00
INFO - 29 b4 09 3c 00 0a b6 00
INFO - 29 b7 49 3c 00 0a c7 00
INFO - 29 ba 89 3c 00 0a db 00
INFO - 29 bd c9 3c 00 0a d4 00
INFO - 29 c0 09 3c 00 0a db 00
INFO - 29 c4 49 3c 00 0a f8 00
INFO - 29 c7 89 3c 00 0a d0 00
INFO - 29 ca c9 3c 00 0a dd 00
INFO - 29 cc 09 3c 00 0a b7 00
INFO - 29 cf 49 3c 00 0a d3 00
INFO - 29 d1 89 3c 00 0a b3 00
INFO - 29 d4 c9 3c 00 0a d1 00
INFO - 29 d8 09 3c 00 0b 04 00
INFO - 29 db 49 3c 00 0a c3 00
INFO - 29 dd 89 3c 00 0a b6 00
INFO - 29 df c9 3c 00 0a a8 00
INFO - 29 e2 09 3c 00 0a ac 00
INFO - 29 e4 49 3c 00 0a c0 00
INFO - 29 e7 89 3c 00 0a c5 00
INFO - 29 ea c9 3c 00 0a cd 00
INFO - 29 ec 09 3c 00 0a ac 00
INFO - 29 f0 49 3c 00 0b 04 00
INFO - 29 f2 89 3c 00 0a 99 00
INFO - 29 f6 c9 3c 00 0a a4 00
INFO - 29 f8 09 3c 00 0a b3 00
INFO - 29 fb 49 3c 00 0a c5 00
INFO - 29 fd 89 3c 00 0a a7 00
INFO - 29 ff c9 3c 00 0a c5 00
INFO - 2a 01 09 3c 00 0a 8f 00
INFO - 2a 04 49 3c 00 0a cf 00
INFO - 2a 06 89 3c 00 0a b2 00
INFO - 2a 0a c9 3c 00 0b 07 00
INFO - 2a 0c 09 3c 00 0a 98 00
INFO - 2a 10 49 3c 00 0b 13 00
INFO - 2a 13 89 3c 00 0a d9 00
INFO - 2a 16 c9 3c 00 0a b7 00
INFO - 2a 19 09 3c 00 0a e6 00
INFO - 2a 1b 49 3c 00 0a 90 00
INFO - 2a 1d 89 3c 00 0a a5 00
INFO - 2a 1f c9 3c 00 0a a8 00
INFO - 2a 21 09 3c 00 0a 9d 00
INFO - 2a 23 49 3c 00 0a be 00
INFO - 2a 25 89 3c 00 0a b7 00
INFO - 2a 29 c9 3c 00 0a fe 00
INFO - 2a 2c 09 3c 00 0a dd 00
INFO - 2a 2f 49 3c 00 0a c0 00
INFO - 2a 31 89 3c 00 0a 99 00
INFO - 2a 33 c9 3c 00 0a b0 00
INFO - 2a 35 09 3c 00 0a 9c 00
INFO - 2a 38 49 3c 00 0a c9 00
INFO - 2a 3a 89 3c 00 0a 9a 00
INFO - 2a 3c c9 3c 00 0a a8 00
INFO - 2a 3e 09 3c 00 0a b0 00
INFO - 2a 40 49 3c 00 0a 8e 00
INFO - 2a 42 89 3c 00 0a c9 00
INFO - 2a 45 c9 3c 00 0a b2 00
INFO - 2a 48 09 3c 00 0a f1 00
INFO - 2a 4b 49 3c 00 0a be 00
INFO - 2a 4d 89 3c 00 0a be 00
INFO - 2a 4f c9 3c 00 0a 8b 00
INFO - 2a 52 09 3c 00 0a d7 00
INFO - 2a 54 49 3c 00 0a bd 00
INFO - 2a 58 89 3c 00 0a e2 00
INFO - 2a 5e c9 3c 00 0b 91 00
INFO - 2a 61 09 3c 00 0a b9 00
INFO - 2a 63 49 3c 00 0a b3 00
INFO - 2a 66 89 3c 00 0a ea 00
INFO - 2a 69 c9 3c 00 0a b1 00
INFO - 2a 6b 09 3c 00 0a b9 00
INFO - 2a 6d 49 3c 00 0a a2 00
INFO - 2a 70 89 3c 00 0a d4 00
INFO - 2a 74 c9 3c 00 0a fb 00
INFO - 2a 77 09 3c 00 0a e8 00
INFO - 2a 79 49 3c 00 0a 99 00
INFO - 2a 7b 89 3c 00 0a 9e 00
INFO - 2a 7d c9 3c 00 0a bd 00
INFO - 2a 7f 09 3c 00 0a 92 00
INFO - 2a 81 49 3c 00 0a a1 00
INFO - 2a 84 89 3c 00 0a d2 00
INFO - 2a 86 c9 3c 00 0a b8 00
INFO - 2a 89 09 3c 00 0a bb 00
INFO - 2a 8b 49 3c 00 0a 9e 00
INFO - 2a 8d 89 3c 00 0a af 00
INFO - 2a 90 c9 3c 00 0a d9 00
INFO - 2a 94 09 3c 00 0a eb 00
INFO - 2a 96 49 3c 00 0a b4 00
INFO - 2a 98 89 3c 00 0a ba 00
INFO - 2a 9b c9 3c 00 0a b5 00
INFO - 2a 9d 09 3c 00 0a a2 00
INFO - 2a a0 49 3c 00 0a 98 00
INFO - 2a a3 89 3c 00 0a d1 00
INFO - 2a a5 c9 3c 00 0a b4 00
INFO - 2a a9 09 3c 00 0a dd 00
INFO - 2a ab 49 3c 00 0a b4 00
INFO - 2a ad 89 3c 00 0a a2 00
INFO - 2a af c9 3c 00 0a 9d 00
INFO - 2a b1 09 3c 00 0a 9f 00
INFO - 2a b4 49 3c 00 0a e7 00
INFO - 2a b6 89 3c 00 0a 9f 00
INFO - 2a b9 c9 3c 00 0a c6 00
INFO - 2a ba 09 3c 00 0a 86 00
INFO - 2a bc 49 3c 00 0a ba 00
INFO - 2a be 89 3c 00 0a 9d 00
INFO - 2a c1 c9 3c 00 0a c4 00
INFO - 2a c4 09 3c 00 0a e8 00
INFO - 2a c8 49 3c 00 0a f8 00
INFO - 2a ca 89 3c 00 0a a9 00
INFO - 2a cd c9 3c 00 0a bb 00
INFO - 2a cf 09 3c 00 0a b6 00
INFO - 2a d1 49 3c 00 0a ad 00
INFO - 2a d4 89 3c 00 0a bb 00
INFO - 2a d6 c9 3c 00 0a aa 00
INFO - 2a d9 09 3c 00 0a df 00
INFO - 2a da 49 3c 00 0a 85 00
INFO - 2a dc 89 3c 00 0a a2 00
INFO - 2a df c9 3c 00 0a bb 00
INFO - 2a e1 09 3c 00 0a 9e 00
INFO - 2a e4 49 3c 00 0a e9 00
INFO - 2a e7 89 3c 00 0a dc 00
INFO - 2a ea c9 3c 00 0a b0 00
INFO - 2a ec 09 3c 00 0a aa 00
INFO - 2a ee 49 3c 00 0a a1 00
INFO - 2a f0 89 3c 00 0a ae 00
INFO - 2a f3 c9 3c 00 0a dd 00
INFO - 2a f5 09 3c 00 0a 9d 00
INFO - 2a f8 49 3c 00 0a c5 00
INFO - 2a fb 89 3c 00 0a dc 00
INFO - 2a fd c9 3c 00 0a 9d 00
INFO - 2b 00 09 3c 00 0a d3 00
INFO - 2b 02 49 3c 00 0a a2 00
INFO - 2b 05 89 3c 00 0a c1 00
INFO - 2b 08 c9 3c 00 0a ea 00
INFO - 2b 0a 09 3c 00 0a aa 00
INFO - 2b 0d 49 3c 00 0a ab 00
INFO - 2b 0f 89 3c 00 0a bb 00
INFO - 2b 11 c9 3c 00 0a 91 00
INFO - 2b 14 09 3c 00 0a d2 00
INFO - 2b 16 49 3c 00 0a a9 00
INFO - 2b 18 89 3c 00 0a c6 00
INFO - 2b 1b c9 3c 00 0a c0 00
INFO - 2b 1e 09 3c 00 0a cf 00
INFO - 2b 20 49 3c 00 0a 96 00
INFO - 2b 22 89 3c 00 0a a9 00
INFO - 2b 24 c9 3c 00 0a c3 00
INFO - 2b 27 09 3c 00 0a c2 00
INFO - 2b 2a 49 3c 00 0a c5 00
INFO - 2b 2d 89 3c 00 0a cc 00
INFO - 2b 2e c9 3c 00 0a a1 00
INFO - 2b 31 09 3c 00 0a b3 00
INFO - 2b 33 49 3c 00 0a 96 00
INFO - 2b 36 89 3c 00 0a d6 00
INFO - 2b 37 c9 3c 00 0a 9e 00
INFO - 2b 3a 09 3c 00 0a d8 00
INFO - 2b 3e 49 3c 00 0a db 00
INFO - 2b 3f 89 3c 00 0a 78 00
INFO - 2b 42 c9 3c 00 0a cc 00
INFO - 2b 44 09 3c 00 0a c0 00
INFO - 2b 46 49 3c 00 0a 9d 00
INFO - 2b 49 89 3c 00 0a cc 00
INFO - 2b 4b c9 3c 00 0a 9d 00
INFO - 2b 4e 09 3c 00 0a f9 00
INFO - 2b 50 49 3c 00 0a a8 00
INFO - 2b 53 89 3c 00 0a bf 00
INFO - 2b 55 c9 3c 00 0a 90 00
INFO - 2b 57 09 3c 00 0a b3 00
INFO - 2b 59 49 3c 00 0a be 00
INFO - 2b 5c 89 3c 00 0a 7f 00
INFO - 2b 5f c9 3c 00 0a d5 00
INFO - 2b 61 09 3c 00 0a 9b 00
INFO - 2b 64 49 3c 00 0a c9 00
INFO - 2b 66 89 3c 00 0a b2 00
INFO - 2b 68 c9 3c 00 0a bd 00
INFO - 2b 6b 09 3c 00 0a b1 00
INFO - 2b 6e 49 3c 00 0a f5 00
INFO - 2b 70 89 3c 00 0a 8f 00
INFO - 2b 72 c9 3c 00 0a b1 00
INFO - 2b 74 09 3c 00 0a b1 00
INFO - 2b 76 49 3c 00 0a 8f 00
INFO - 2b 78 89 3c 00 0a 8f 00
INFO - 2b 7b c9 3c 00 0a d2 00
INFO - 2b 7c 09 3c 00 0a 99 00
INFO - 2b 7f 49 3c 00 0a b9 00
INFO - 2b 80 89 3c 00 0a 82 00
INFO - 2b 82 c9 3c 00 0a ad 00
INFO - 2b 84 09 3c 00 0a 99 00
INFO - 2b 86 49 3c 00 0a 99 00
INFO - 2b 88 89 3c 00 0a af 00
INFO - 2b 8a c9 3c 00 0a 8d 00
INFO - 2b 8c 09 3c 00 0a a3 00
INFO - 2b 8d 49 3c 00 0a 82 00
INFO - 2b 8f 89 3c 00 0a 8d 00
INFO - 2b 91 c9 3c 00 0a ae 00
INFO - 2b 93 09 3c 00 0a 98 00
INFO - 2b 95 49 3c 00 0a b8 00
INFO - 2b 97 89 3c 00 0a 98 00
INFO - 2b 99 c9 3c 00 0a af 00
INFO - 2b 9d 09 3c 00 0b 0f 00
INFO - 2b 9f 49 3c 00 0a a9 00
INFO - 2b a2 89 3c 00 0a cd 00
INFO - 2b a4 c9 3c 00 0a 9a 00
INFO - 2b a7 09 3c 00 0a cd 00
INFO - 2b a9 49 3c 00 0a b5 00
INFO - 2b ac 89 3c 00 0a c2 00
INFO - 2b b0 c9 3c 00 0b 0f 00
INFO - 2b b2 09 3c 00 0a af 00
INFO - 2b b5 49 3c 00 0a ca 00
INFO - 2b b7 89 3c 00 0a b0 00
INFO - 2b bb c9 3c 00 0a ef 00
INFO - 2b be 09 3c 00 0a e2 00
INFO - 2b c0 49 3c 00 0a bc 00
INFO - 2b c2 89 3c 00 0a 97 00
INFO - 2b c4 c9 3c 00 0a aa 00
INFO - 2b c6 09 3c 00 0a 9b 00
INFO - 2b c8 49 3c 00 0a 95 00
INFO - 2b ca 89 3c 00 0a 98 00
INFO - 2b cc c9 3c 00 0a c7 00
INFO - 2b ce 09 3c 00 0a 94 00
INFO - 2b d0 49 3c 00 0a 9b 00
INFO - 2b d3 89 3c 00 0a d0 00
INFO - 2b d4 c9 3c 00 0a 94 00
INFO - 2b d7 09 3c 00 0a ae 00
INFO - 2b da 49 3c 00 0a fb 00
INFO - 2b dc 89 3c 00 0a 98 00
INFO - 2b de c9 3c 00 0a 9b 00
INFO - 2b e0 09 3c 00 0a a0 00
INFO - 2b e2 49 3c 00 0a a6 00
INFO - 2b e4 89 3c 00 0a b6 00
INFO - 2b e7 c9 3c 00 0a bc 00
INFO - 2b e9 09 3c 00 0a b6 00
INFO - 2b eb 49 3c 00 0a b1 00
INFO - 2b ee 89 3c 00 0a b7 00
INFO - 2b f0 c9 3c 00 0a b1 00
INFO - 2b f3 09 3c 00 0a c1 00
INFO - 2b f5 49 3c 00 0a bc 00
INFO - 2b f7 89 3c 00 0a 94 00
INFO - 2b f9 c9 3c 00 0a 9c 00
INFO - 2b fb 09 3c 00 0a a0 00
INFO - 2b fc 49 3c 00 0a 8d 00
INFO - 2b ff 89 3c 00 0a d2 00
INFO - 2c 02 c9 3c 00 0a cc 00
INFO - 2c 04 09 3c 00 0a ae 00
INFO - 2c 07 49 3c 00 0a c4 00
INFO - 2c 09 89 3c 00 0a a4 00
INFO - 2c 0b c9 3c 00 0a bc 00
INFO - 2c 0d 09 3c 00 0a a0 00
INFO - 2c 10 49 3c 00 0a cf 00
INFO - 2c 12 89 3c 00 0a 90 00
INFO - 2c 14 c9 3c 00 0a a0 00
INFO - 2c 16 09 3c 00 0a a3 00
INFO - 2c 18 49 3c 00 0a a6 00
INFO - 2c 1b 89 3c 00 0a cc 00
INFO - 2c 1c c9 3c 00 0a 86 00
INFO - 2c 1f 09 3c 00 0a b6 00
INFO - 2c 21 49 3c 00 0a ae 00
INFO - 2c 22 89 3c 00 0a 8d 00
INFO - 2c 24 c9 3c 00 0a a3 00
INFO - 2c 27 09 3c 00 0a ae 00
INFO - 2c 29 49 3c 00 0a af 00
INFO - 2c 2b 89 3c 00 0a ba 00
INFO - 2c 2d c9 3c 00 0a 98 00
INFO - 2c 2f 09 3c 00 0a 98 00
INFO - 2c 31 49 3c 00 0a a4 00
INFO - 2c 33 89 3c 00 0a af 00
INFO - 2c 35 c9 3c 00 0a a4 00
INFO - 2c 38 09 3c 00 0a c5 00
INFO - 2c 3b 49 3c 00 0a d6 00
INFO - 2c 3d 89 3c 00 0a a3 00
INFO - 2c 3e c9 3c 00 0a 84 00
INFO - 2c 41 09 3c 00 0a da 00
INFO - 2c 44 49 3c 00 0a a5 00
INFO - 2c 46 89 3c 00 0a be 00
INFO - 2c 49 c9 3c 00 0a bc 00
INFO - 2c 4b 09 3c 00 0a d1 00
INFO - 2c 4e 49 3c 00 0a a6 00
INFO - 2c 50 89 3c 00 0a d3 00
INFO - 2c 53 c9 3c 00 0a af 00
INFO - 2c 56 09 3c 00 0a df 00
INFO - 2c 58 49 3c 00 0a b2 00
INFO - 2c 5a 89 3c 00 0a a9 00
INFO - 2c 5d c9 3c 00 0a dd 00
INFO - 2c 5f 09 3c 00 0a 9d 00
INFO - 2c 61 49 3c 00 0a a4 00
INFO - 2c 64 89 3c 00 0a b2 00
INFO - 2c 66 c9 3c 00 0a b4 00
INFO - 2c 68 09 3c 00 0a 99 00
INFO - 2c 6a 49 3c 00 0a 9b 00
INFO - 2c 6c 89 3c 00 0a aa 00
INFO - 2c 70 c9 3c 00 0b 02 00
INFO - 2c 71 09 3c 00 0a 99 00
INFO - 2c 74 49 3c 00 0a bd 00
INFO - 2c 76 89 3c 00 0a b4 00
INFO - 2c 78 c9 3c 00 0a 99 00
INFO - 2c 7b 09 3c 00 0a c9 00
INFO - 2c 7d 49 3c 00 0a aa 00
INFO - 2c 7f 89 3c 00 0a 98 00
INFO - 2c 81 c9 3c 00 0a be 00
INFO - 2c 84 09 3c 00 0a b2 00
INFO - 2c 86 49 3c 00 0a c9 00
INFO - 2c 88 89 3c 00 0a 9e 00
INFO - 2c 8b c9 3c 00 0a d2 00
INFO - 2c 8d 09 3c 00 0a a8 00
INFO - 2c 90 49 3c 00 0a be 00
INFO - 2c 92 89 3c 00 0a b2 00
INFO - 2c 95 c9 3c 00 0a cc 00
INFO - 2c 97 09 3c 00 0a 98 00
INFO - 2c 98 49 3c 00 0a 9f 00
INFO - 2c 9a 89 3c 00 0a 99 00
INFO - 2c 9d c9 3c 00 0a c1 00
INFO - 2c 9f 09 3c 00 0a 99 00
INFO - 2c a1 49 3c 00 0a b3 00
INFO - 2c a4 89 3c 00 0a be 00
INFO - 2c a5 c9 3c 00 0a 9c 00
INFO - 2c a7 09 3c 00 0a a0 00
INFO - 2c a9 49 3c 00 0a 90 00
INFO - 2c ac 89 3c 00 0a ca 00
INFO - 2c ad c9 3c 00 0a 9a 00
INFO - 2c b0 09 3c 00 0a be 00
INFO - 2c b2 49 3c 00 0a b7 00
INFO - 2c b5 89 3c 00 0a b0 00
INFO - 2c b7 c9 3c 00 0a a9 00
INFO - 2c b9 09 3c 00 0a ab 00
INFO - 2c bb 49 3c 00 0a a6 00
INFO - 2c bd 89 3c 00 0a 9c 00
INFO - 2c bf c9 3c 00 0a bc 00
INFO - 2c c2 09 3c 00 0a c5 00
INFO - 2c c4 49 3c 00 0a 8e 00
INFO - 2c c6 89 3c 00 0a ac 00
INFO - 2c cb c9 3c 00 0b 40 00
INFO - 2c ce 09 3c 00 0a be 00
INFO - 2c d1 49 3c 00 0a e6 00
INFO - 2c d3 89 3c 00 0a b5 00
INFO - 2c d6 c9 3c 00 0a be 00
INFO - 2c d8 09 3c 00 0a b5 00
INFO - 2c da 49 3c 00 0a a1 00
INFO - 2c dc 89 3c 00 0a a6 00
INFO - 2c df c9 3c 00 0a ad 00
INFO - 2c e2 09 3c 00 0b 04 00
INFO - 2c e5 49 3c 00 0a 7d 00
INFO - 2c e8 89 3c 00 0a cb 00
INFO - 2c eb c9 3c 00 0a f1 00
INFO - 2c ed 09 3c 00 0a a0 00
INFO - 2c f1 49 3c 00 0a e6 00
INFO - 2c f3 89 3c 00 0a b6 00
INFO - 2c f5 c9 3c 00 0a b6 00
INFO - 2c f8 09 3c 00 0a b6 00
INFO - 2c fb 49 3c 00 0a cf 00
INFO - 2c fd 89 3c 00 0a b7 00
INFO - 2d 00 c9 3c 00 0a cf 00
INFO - 2d 01 09 3c 00 0a 88 00
INFO - 2d 05 49 3c 00 0b 0a 00
INFO - 2d 07 89 3c 00 0a a0 00
INFO - 2d 0a c9 3c 00 0a d1 00
INFO - 2d 0c 09 3c 00 0a 86 00
INFO - 2d 0f 49 3c 00 0a de 00
INFO - 2d 11 89 3c 00 0a b6 00
INFO - 2d 13 c9 3c 00 0a a2 00
INFO - 2d 15 09 3c 00 0a a9 00
INFO - 2d 18 49 3c 00 0a df 00
INFO - 2d 1b 89 3c 00 0a b5 00
INFO - 2d 1d c9 3c 00 0a 97 00
INFO - 2d 1e 09 3c 00 0a 88 00
INFO - 2d 20 49 3c 00 0a 9e 00
INFO - 2d 23 89 3c 00 0a d3 00
INFO - 2d 25 c9 3c 00 0a b6 00
INFO - 2d 27 09 3c 00 0a 8b 00
INFO - 2d 29 49 3c 00 0a ab 00
INFO - 2d 2b 89 3c 00 0a a1 00
INFO - 2d 2d c9 3c 00 0a bc 00
INFO - 2d 30 09 3c 00 0a ab 00
INFO - 2d 32 49 3c 00 0a c8 00
INFO - 2d 34 89 3c 00 0a ab 00
INFO - 2d 37 c9 3c 00 0a b0 00
INFO - 2d 3a 09 3c 00 0a ce 00
INFO - 2d 3c 49 3c 00 0a c6 00
INFO - 2d 3f 89 3c 00 0a ba 00
INFO - 2d 42 c9 3c 00 0a f9 00
INFO - 2d 45 09 3c 00 0a cf 00
INFO - 2d 47 49 3c 00 0a 8c 00
INFO - 2d 49 89 3c 00 0a b6 00
INFO - 2d 4c c9 3c 00 0a c8 00
INFO - 2d 4f 09 3c 00 0a ce 00
INFO - 2d 52 49 3c 00 0a c9 00
INFO - 2d 53 89 3c 00 0a 91 00
INFO - 2d 55 c9 3c 00 0a a1 00
INFO - 2d 58 09 3c 00 0a c3 00
INFO - 2d 5a 49 3c 00 0a 92 00
INFO - 2d 5d 89 3c 00 0a e1 00
INFO - 2d 5f c9 3c 00 0a 91 00
INFO - 2d 61 09 3c 00 0a b1 00
INFO - 2d 63 49 3c 00 0a 9d 00
INFO - 2d 65 89 3c 00 0a 95 00
INFO - 2d 67 c9 3c 00 0a a4 00
INFO - 2d 69 09 3c 00 0a b6 00
INFO - 2d 6c 49 3c 00 0a d1 00
INFO - 2d 70 89 3c 00 0b 02 00
INFO - 2d 72 c9 3c 00 0a 98 00
INFO - 2d 74 09 3c 00 0a c2 00
INFO - 2d 77 49 3c 00 0a c9 00
INFO - 2d 7a 89 3c 00 0a e6 00
INFO - 2d 7e c9 3c 00 0b 06 00
INFO - 2d 81 09 3c 00 0a c2 00
INFO - 2d 83 49 3c 00 0a b1 00
INFO - 2d 86 89 3c 00 0a b6 00
INFO - 2d 89 c9 3c 00 0a dd 00
INFO - 2d 8b 09 3c 00 0a ae 00
INFO - 2d 8e 49 3c 00 0a e1 00
INFO - 2d 91 89 3c 00 0a c6 00
INFO - 2d 93 c9 3c 00 0a a9 00
INFO - 2d 96 09 3c 00 0a ba 00
INFO - 2d 97 49 3c 00 0a 98 00
INFO - 2d 9a 89 3c 00 0a b5 00
INFO - 2d 9c c9 3c 00 0a c6 00
INFO - 2d 9f 09 3c 00 0a 7d 00
INFO - 2d a1 49 3c 00 0a bb 00
INFO - 2d a3 89 3c 00 0a a9 00
INFO - 2d a6 c9 3c 00 0a c4 00
INFO - 2d a8 09 3c 00 0a af 00
INFO - 2d ab 49 3c 00 0a be 00
INFO - 2d ad 89 3c 00 0a a2 00
INFO - 2d b0 c9 3c 00 0a bd 00
INFO - 2d b2 09 3c 00 0a ba 00
INFO - 2d b4 49 3c 00 0a a8 00
INFO - 2d b7 89 3c 00 0a c6 00
INFO - 2d b9 c9 3c 00 0a b2 00
INFO - 2d bb 09 3c 00 0a 97 00
INFO - 2d bf 49 3c 00 0b 1d 00
INFO - 2d c2 89 3c 00 0a c2 00
INFO - 2d c4 c9 3c 00 0a ae 00
INFO - 2d c7 09 3c 00 0a c2 00
INFO - 2d c9 49 3c 00 0a be 00
INFO - 2d cb 89 3c 00 0a 93 00
INFO - 2d cd c9 3c 00 0a a2 00
INFO - 2d d0 09 3c 00 0a cb 00
INFO - 2d d2 49 3c 00 0a b9 00
INFO - 2d d5 89 3c 00 0a e2 00
INFO - 2d d8 c9 3c 00 0a ad 00
INFO - 2d da 09 3c 00 0a 9b 00
INFO - 2d dc 49 3c 00 0a cc 00
INFO - 2d df 89 3c 00 0a c1 00
INFO - 2d e1 c9 3c 00 0a 96 00
INFO - 2d e3 09 3c 00 0a a5 00
INFO - 2d e4 49 3c 00 0a 86 00
INFO - 2d e6 89 3c 00 0a 9e 00
INFO - 2d e8 c9 3c 00 0a a1 00
INFO - 2d ea 09 3c 00 0a a5 00
INFO - 2d ed 49 3c 00 0a c0 00
INFO - 2d ee 89 3c 00 0a 92 00
INFO - 2d f1 c9 3c 00 0a c3 00
INFO - 2d f3 09 3c 00 0a 9a 00
INFO - 2d f6 49 3c 00 0a e6 00
INFO - 2d f8 89 3c 00 0a 8d 00
INFO - 2d fa c9 3c 00 0a c0 00
INFO - 2d fc 09 3c 00 0a 9f 00
INFO - 2d fe 49 3c 00 0a 99 00
INFO - 2e 00 89 3c 00 0a bf 00
INFO - 2e 04 c9 3c 00 0a f8 00
INFO - 2e 06 09 3c 00 0a ab 00
INFO - 2e 0c 49 3c 00 0b 47 00
INFO - 2e 0e 89 3c 00 0a af 00
INFO - 2e 10 c9 3c 00 0a b3 00
INFO - 2e 13 09 3c 00 0a b5 00
INFO - 2e 14 49 3c 00 0a 98 00
INFO - 2e 17 89 3c 00 0a 8a 00
INFO - 2e 19 c9 3c 00 0a a6 00
INFO - 2e 1c 09 3c 00 0a c0 00
INFO - 2e 1f 49 3c 00 0a c4 00
INFO - 2e 21 89 3c 00 0a b3 00
INFO - 2e 24 c9 3c 00 0a ce 00
INFO - 2e 27 09 3c 00 0a dc 00
INFO - 2e 29 49 3c 00 0a ba 00
INFO - 2e 2b 89 3c 00 0a 9d 00
INFO - 2e 2d c9 3c 00 0a a0 00
INFO - 2e 2f 09 3c 00 0a 99 00
INFO - 2e 32 49 3c 00 0a c7 00
INFO - 2e 34 89 3c 00 0a ab 00
INFO - 2e 36 c9 3c 00 0a 9b 00
INFO - 2e 38 09 3c 00 0a b5 00
INFO - 2e 3a 49 3c 00 0a b7 00
INFO - 2e 3d 89 3c 00 0a ad 00
INFO - 2e 3f c9 3c 00 0a a4 00
INFO - 2e 40 09 3c 00 0a 96 00
INFO - 2e 43 49 3c 00 0a b3 00
INFO - 2e 44 89 3c 00 0a 8a 00
INFO - 2e 46 c9 3c 00 0a a2 00
INFO - 2e 48 09 3c 00 0a a6 00
INFO - 2e 49 49 3c 00 0a 7e 00
INFO - 2e 4b 89 3c 00 0a a2 00
INFO - 2e 4d c9 3c 00 0a 99 00
INFO - 2e 50 09 3c 00 0a b6 00
INFO - 2e 51 49 3c 00 0a 84 00
INFO - 2e 54 89 3c 00 0a c0 00
INFO - 2e 56 c9 3c 00 0a ad 00
INFO - 2e 58 09 3c 00 0a b5 00
INFO - 2e 5b 49 3c 00 0a b7 00
INFO - 2e 5e 89 3c 00 0a f0 00
INFO - 2e 61 c9 3c 00 0a d8 00
INFO - 2e 63 09 3c 00 0a 9b 00
INFO - 2e 66 49 3c 00 0a e2 00
INFO - 2e 69 89 3c 00 0a ce 00
INFO - 2e 6c c9 3c 00 0a d1 00
INFO - 2e 6e 09 3c 00 0a 97 00
INFO - 2e 6f 49 3c 00 0a 87 00
INFO - 2e 72 89 3c 00 0a bd 00
INFO - 2e 75 c9 3c 00 0a e1 00
INFO - 2e 77 09 3c 00 0a a2 00
INFO - 2e 79 49 3c 00 0a 9b 00
INFO - 2e 7b 89 3c 00 0a 94 00
INFO - 2e 7d c9 3c 00 0a 70 00
INFO - 2e 7e 09 3c 00 0a 87 00
INFO - 2e 80 49 3c 00 0a 9a 00
INFO - 2e 84 89 3c 00 0a ee 00
INFO - 2e 86 c9 3c 00 0a 9f 00
INFO - 2e 88 09 3c 00 0a b6 00
INFO - 2e 8a 49 3c 00 0a 9b 00
INFO - 2e 8c 89 3c 00 0a 70 00
INFO - 2e 8f c9 3c 00 0a d5 00
INFO - 2e 91 09 3c 00 0a aa 00
INFO - 2e 93 49 3c 00 0a a2 00
INFO - 2e 95 89 3c 00 0a 92 00
INFO - 2e 97 c9 3c 00 0a b3 00
INFO - 2e 9a 09 3c 00 0a cc 00
INFO - 2e 9c 49 3c 00 0a a6 00
INFO - 2e 9e 89 3c 00 0a 95 00
INFO - 2e 9f c9 3c 00 0a 90 00
INFO - 2e a1 09 3c 00 0a 9c 00
INFO - 2e a3 49 3c 00 0a 95 00
INFO - 2e a5 89 3c 00 0a af 00
INFO - 2e a7 c9 3c 00 0a 95 00
INFO - 2e a9 09 3c 00 0a 8f 00
INFO - 2e ab 49 3c 00 0a b2 00
INFO - 2e ad 89 3c 00 0a b4 00
INFO - 2e af c9 3c 00 0a 9a 00
INFO - 2e b1 09 3c 00 0a 95 00
INFO - 2e b3 49 3c 00 0a b9 00
INFO - 2e b5 89 3c 00 0a 9d 00
INFO - 2e b7 c9 3c 00 0a aa 00
INFO - 2e b9 09 3c 00 0a 9a 00
INFO - 2e bb 49 3c 00 0a bc 00
INFO - 2e bf 89 3c 00 0a dc 00
INFO - 2e c1 c9 3c 00 0a b1 00
INFO - 2e c3 09 3c 00 0a b5 00
INFO - 2e c5 49 3c 00 0a 90 00
INFO - 2e c7 89 3c 00 0a bf 00
INFO - 2e c9 c9 3c 00 0a 9a 00
INFO - 2e cb 09 3c 00 0a 9e 00
INFO - 2e cd 49 3c 00 0a 94 00
INFO - 2e cf 89 3c 00 0a a7 00
INFO - 2e d1 c9 3c 00 0a b2 00
INFO - 2e d3 09 3c 00 0a b2 00
INFO - 2e d5 49 3c 00 0a 88 00
INFO - 2e d8 89 3c 00 0a dc 00
INFO - 2e da c9 3c 00 0a 9d 00
INFO - 2e dc 09 3c 00 0a 9d 00
INFO - 2e de 49 3c 00 0a a8 00
INFO - 2e df 89 3c 00 0a 93 00
INFO - 2e e2 c9 3c 00 0a b2 00
INFO - 2e e4 09 3c 00 0a a8 00
INFO - 2e e5 49 3c 00 0a 93 00
INFO - 2e e8 89 3c 00 0a a8 00
INFO - 2e e9 c9 3c 00 0a 88 00
INFO - 2e ec 09 3c 00 0a e6 00
INFO - 2e ee 49 3c 00 0a 9d 00
INFO - 2e f0 89 3c 00 0a 88 00
INFO - 2e f2 c9 3c 00 0a a8 00
INFO - 2e f3 09 3c 00 0a 93 00
INFO - 2e f7 49 3c 00 0a e1 00
INFO - 2e f9 89 3c 00 0a a7 00
INFO - 2e fd c9 3c 00 0a 93 00
INFO - 2e fe 09 3c 00 0a 93 00
INFO - 2f 00 49 3c 00 0a 7e 00
INFO - 2f 02 89 3c 00 0a c7 00
INFO - 2f 03 c9 3c 00 0a 7e 00
INFO - 2f 06 09 3c 00 0a bb 00
INFO - 2f 07 49 3c 00 0a 8b 00
INFO - 2f 09 89 3c 00 0a a5 00
INFO - 2f 0b c9 3c 00 0a 96 00
INFO - 2f 0d 09 3c 00 0a 9b 00
INFO - 2f 0f 49 3c 00 0a 9d 00
INFO - 2f 11 89 3c 00 0a b2 00
INFO - 2f 12 c9 3c 00 0a 7e 00
INFO - 2f 16 09 3c 00 0a f2 00
INFO - 2f 18 49 3c 00 0a 99 00
INFO - 2f 1a 89 3c 00 0a 9d 00
INFO - 2f 1c c9 3c 00 0a a0 00
INFO - 2f 1d 09 3c 00 0a 87 00
INFO - 2f 1f 49 3c 00 0a 92 00
INFO - 2f 22 89 3c 00 0a e8 00
INFO - 2f 25 c9 3c 00 0a c4 00
INFO - 2f 27 09 3c 00 0a a8 00
INFO - 2f 29 49 3c 00 0a 97 00
INFO - 2f 2b 89 3c 00 0a b9 00
INFO - 2f 2d c9 3c 00 0a a9 00
INFO - 2f 30 09 3c 00 0a bc 00
INFO - 2f 32 49 3c 00 0a b5 00
INFO - 2f 35 89 3c 00 0a d0 00
INFO - 2f 37 c9 3c 00 0a b1 00
INFO - 2f 39 09 3c 00 0a a2 00
INFO - 2f 3b 49 3c 00 0a 89 00
INFO - 2f 3d 89 3c 00 0a b0 00
INFO - 2f 40 c9 3c 00 0a d5 00
INFO - 2f 42 09 3c 00 0a b1 00
INFO - 2f 45 49 3c 00 0a c8 00
INFO - 2f 47 89 3c 00 0a 9e 00
INFO - 2f 49 c9 3c 00 0a b3 00
INFO - 2f 4c 09 3c 00 0a bd 00
INFO - 2f 4d 49 3c 00 0a 8d 00
INFO - 2f 4f 89 3c 00 0a b0 00
INFO - 2f 52 c9 3c 00 0a d2 00
INFO - 2f 55 09 3c 00 0a c8 00
INFO - 2f 56 49 3c 00 0a 89 00
INFO - 2f 59 89 3c 00 0a b5 00
INFO - 2f 5a c9 3c 00 0a 92 00
INFO - 2f 5c 09 3c 00 0a 89 00
INFO - 2f 5e 49 3c 00 0a b6 00
INFO - 2f 60 89 3c 00 0a 8f 00
INFO - 2f 63 c9 3c 00 0a e0 00
INFO - 2f 65 09 3c 00 0a 84 00
INFO - 2f 66 49 3c 00 0a 85 00
INFO - 2f 69 89 3c 00 0a ca 00
INFO - 2f 6b c9 3c 00 0a 91 00
INFO - 2f 6d 09 3c 00 0a 9b 00
INFO - 2f 6f 49 3c 00 0a b1 00
INFO - 2f 71 89 3c 00 0a 93 00
INFO - 2f 73 c9 3c 00 0a c9 00
INFO - 2f 75 09 3c 00 0a 88 00
INFO - 2f 77 49 3c 00 0a 99 00
INFO - 2f 79 89 3c 00 0a a0 00
INFO - 2f 7a c9 3c 00 0a 99 00
INFO - 2f 7d 09 3c 00 0a c9 00
INFO - 2f 80 49 3c 00 0a c2 00
INFO - 2f 82 89 3c 00 0a bf 00
INFO - 2f 85 c9 3c 00 0a b8 00
INFO - 2f 87 09 3c 00 0a bb 00
INFO - 2f 89 49 3c 00 0a 9d 00
INFO - 2f 8c 89 3c 00 0a d1 00
INFO - 2f 8f c9 3c 00 0a c8 00
INFO - 2f 91 09 3c 00 0a b1 00
INFO - 2f 93 49 3c 00 0a 9a 00
INFO - 2f 95 89 3c 00 0a b4 00
INFO - 2f 98 c9 3c 00 0a b8 00
INFO - 2f 9a 09 3c 00 0a bb 00
INFO - 2f 9d 49 3c 00 0a be 00
INFO - 2f 9e 89 3c 00 0a 7a 00
INFO - 2f 9f c9 3c 00 0a 91 00
INFO - 2f a2 09 3c 00 0a be 00
INFO - 2f a4 49 3c 00 0a a2 00
INFO - 2f a7 89 3c 00 0a be 00
INFO - 2f a8 c9 3c 00 0a 98 00
INFO - 2f aa 09 3c 00 0a 9b 00
INFO - 2f ac 49 3c 00 0a b3 00
INFO - 2f ae 89 3c 00 0a 8d 00
INFO - 2f b0 c9 3c 00 0a 9f 00
INFO - 2f b2 09 3c 00 0a ab 00
INFO - 2f b4 49 3c 00 0a a5 00
INFO - 2f b6 89 3c 00 0a 9d 00
INFO - 2f b8 c9 3c 00 0a 8e 00
INFO - 2f ba 09 3c 00 0a a7 00
INFO - 2f bb 49 3c 00 0a 83 00
INFO - 2f be 89 3c 00 0a c4 00
INFO - 2f c0 c9 3c 00 0a 9d 00
INFO - 2f c1 09 3c 00 0a 7c 00
INFO - 2f c2 49 3c 00 0a 84 00
INFO - 2f c4 89 3c 00 0a 94 00
INFO - 2f c5 c9 3c 00 0a 8d 00
INFO - 2f c7 09 3c 00 0a 91 00
INFO - 2f c9 49 3c 00 0a b2 00
INFO - 2f cc 89 3c 00 0a b6 00
INFO - 2f ce c9 3c 00 0a b2 00
INFO - 2f d0 09 3c 00 0a 71 00
INFO - 2f d3 49 3c 00 0a c5 00
INFO - 2f d5 89 3c 00 0a a8 00
INFO - 2f d7 c9 3c 00 0a b6 00
INFO - 2f da 09 3c 00 0a bd 00
INFO - 2f dc 49 3c 00 0a b7 00
INFO - 2f df 89 3c 00 0a ba 00
INFO - 2f e0 c9 3c 00 0a 9f 00
INFO - 2f e2 09 3c 00 0a 99 00
INFO - 2f e5 49 3c 00 0a bb 00
INFO - 2f e7 89 3c 00 0a c5 00
INFO - 2f e9 c9 3c 00 0a 95 00
INFO - 2f eb 09 3c 00 0a 87 00
INFO - 2f ed 49 3c 00 0a b8 00
INFO - 2f ef 89 3c 00 0a 9c 00
INFO - 2f f1 c9 3c 00 0a b1 00
INFO - 2f f3 09 3c 00 0a 92 00
INFO - 2f f4 49 3c 00 0a 8a 00
INFO - 2f f6 89 3c 00 0a 8f 00
INFO - 2f f8 c9 3c 00 0a 9b 00
INFO - 2f fa 09 3c 00 0a c8 00
INFO - 2f fc 49 3c 00 0a a3 00
INFO - 2f ff 89 3c 00 0a a8 00
INFO - 30 01 c9 3c 00 0a c1 00
INFO - 30 04 09 3c 00 0a d1 00
INFO - 30 06 49 3c 00 0a a2 00
INFO - 30 08 89 3c 00 0a ba 00
INFO - 30 0b c9 3c 00 0a c3 00
INFO - 30 0e 09 3c 00 0a cf 00
INFO - 30 10 49 3c 00 0a 98 00
INFO - 30 12 89 3c 00 0a 9a 00
INFO - 30 13 c9 3c 00 0a 8a 00
INFO - 30 15 09 3c 00 0a 9a 00
INFO - 30 17 49 3c 00 0a 98 00
INFO - 30 18 89 3c 00 0a 99 00
INFO - 30 1b c9 3c 00 0a ba 00
INFO - 30 1c 09 3c 00 0a 79 00
INFO - 30 1e 49 3c 00 0a b8 00
INFO - 30 20 89 3c 00 0a 88 00
INFO - 30 23 c9 3c 00 0a e9 00
INFO - 30 25 09 3c 00 0a a0 00
INFO - 30 27 49 3c 00 0a 8f 00
INFO - 30 28 89 3c 00 0a 8f 00
INFO - 30 2b c9 3c 00 0a b8 00
INFO - 30 2c 09 3c 00 0a 83 00
INFO - 30 2e 49 3c 00 0a a3 00
INFO - 30 31 89 3c 00 0a b8 00
INFO - 30 33 c9 3c 00 0a aa 00
INFO - 30 37 09 3c 00 0b 04 00
INFO - 30 38 49 3c 00 0a 97 00
INFO - 30 3a 89 3c 00 0a 6e 00
INFO - 30 3c c9 3c 00 0a 8b 00
INFO - 30 3e 09 3c 00 0a c0 00
INFO - 30 41 49 3c 00 0a b7 00
INFO - 30 42 89 3c 00 0a 8c 00
INFO - 30 44 c9 3c 00 0a 87 00
INFO - 30 45 09 3c 00 0a 8c 00
INFO - 30 47 49 3c 00 0a 97 00
INFO - 30 4a 89 3c 00 0a d6 00
INFO - 30 4b c9 3c 00 0a 78 00
INFO - 30 4d 09 3c 00 0a 98 00
INFO - 30 4f 49 3c 00 0a 98 00
INFO - 30 50 89 3c 00 0a 92 00
INFO - 30 53 c9 3c 00 0a a9 00
INFO - 30 54 09 3c 00 0a 9c 00
INFO - 30 57 49 3c 00 0a be 00
INFO - 30 59 89 3c 00 0a 90 00
INFO - 30 5b c9 3c 00 0a b1 00
INFO - 30 5d 09 3c 00 0a c3 00
INFO - 30 5f 49 3c 00 0a a1 00
INFO - 30 62 89 3c 00 0a ba 00
INFO - 30 64 c9 3c 00 0a bd 00
INFO - 30 67 09 3c 00 0a ba 00
INFO - 30 69 49 3c 00 0a 88 00
INFO - 30 6b 89 3c 00 0a c3 00
INFO - 30 6d c9 3c 00 0a 97 00
INFO - 30 6f 09 3c 00 0a af 00
INFO - 30 72 49 3c 00 0a d2 00
INFO - 30 74 89 3c 00 0a 98 00
INFO - 30 76 c9 3c 00 0a a6 00
INFO - 30 79 09 3c 00 0a de 00
INFO - 30 7b 49 3c 00 0a a0 00
INFO - 30 7e 89 3c 00 0a c2 00
INFO - 30 80 c9 3c 00 0a b3 00
INFO - 30 82 09 3c 00 0a 96 00
INFO - 30 84 49 3c 00 0a af 00
INFO - 30 86 89 3c 00 0a b4 00
INFO - 30 88 c9 3c 00 0a ac 00
INFO - 30 8b 09 3c 00 0a c2 00
INFO - 30 8e 49 3c 00 0a c7 00
INFO - 30 90 89 3c 00 0a bf 00
INFO - 30 92 c9 3c 00 0a 8e 00
INFO - 30 95 09 3c 00 0a cf 00
INFO - 30 97 49 3c 00 0a 98 00
INFO - 30 99 89 3c 00 0a b2 00
INFO - 30 9b c9 3c 00 0a b7 00
INFO - 30 9e 09 3c 00 0a af 00
INFO - 30 a0 49 3c 00 0a b3 00
INFO - 30 a2 89 3c 00 0a ad 00
INFO - 30 a4 c9 3c 00 0a a8 00
INFO - 30 a6 09 3c 00 0a ae 00
INFO - 30 a8 49 3c 00 0a 8f 00
INFO - 30 aa 89 3c 00 0a b5 00
INFO - 30 ad c9 3c 00 0a d0 00
INFO - 30 af 09 3c 00 0a 90 00
INFO - 30 b2 49 3c 00 0a d5 00
INFO - 30 b3 89 3c 00 0a 88 00
INFO - 30 b6 c9 3c 00 0a d3 00
INFO - 30 b8 09 3c 00 0a a7 00
INFO - 30 bb 49 3c 00 0a b7 00
INFO - 30 bd 89 3c 00 0a cb 00
INFO - 30 c0 c9 3c 00 0a bc 00
INFO - 30 c2 09 3c 00 0a 92 00
INFO - 30 c4 49 3c 00 0a b7 00
INFO - 30 c6 89 3c 00 0a 8f 00
INFO - 30 c8 c9 3c 00 0a b5 00
INFO - 30 ca 09 3c 00 0a a1 00
INFO - 30 cd 49 3c 00 0a ed 00
INFO - 30 cf 89 3c 00 0a a2 00
INFO - 30 d2 c9 3c 00 0a ca 00
INFO - 30 d6 09 3c 00 0a f4 00
INFO - 30 d8 49 3c 00 0a ac 00
INFO - 30 db 89 3c 00 0a e7 00
INFO - 30 de c9 3c 00 0a ad 00
INFO - 30 e0 09 3c 00 0a b8 00
INFO - 30 e3 49 3c 00 0a d1 00
INFO - 30 e5 89 3c 00 0a b9 00
INFO - 30 e7 c9 3c 00 0a a1 00
INFO - 30 ea 09 3c 00 0a de 00
INFO - 30 ee 49 3c 00 0b 02 00
INFO - 30 f0 89 3c 00 0a 9f 00
INFO - 30 f3 c9 3c 00 0a b1 00
INFO - 30 f5 09 3c 00 0a aa 00
INFO - 30 f7 49 3c 00 0a 73 00
INFO - 30 f9 89 3c 00 0a aa 00
INFO - 30 fc c9 3c 00 0a c5 00
INFO - 30 fe 09 3c 00 0a ba 00
INFO - 31 00 49 3c 00 0a ad 00
INFO - 31 03 89 3c 00 0a e0 00
INFO - 31 06 c9 3c 00 0a b6 00
INFO - 31 08 09 3c 00 0a a4 00
INFO - 31 0a 49 3c 00 0a b7 00
INFO - 31 0e 89 3c 00 0a e0 00
INFO - 31 0f c9 3c 00 0a 91 00
INFO - 31 11 09 3c 00 0a a0 00
INFO - 31 13 49 3c 00 0a a4 00
INFO - 31 17 89 3c 00 0a f5 00
INFO - 31 1a c9 3c 00 0a c0 00
INFO - 31 1c 09 3c 00 0a b9 00
INFO - 31 1e 49 3c 00 0a b8 00
INFO - 31 20 89 3c 00 0a 88 00
INFO - 31 22 c9 3c 00 0a ad 00
INFO - 31 24 09 3c 00 0a ab 00
INFO - 31 27 49 3c 00 0a b9 00
INFO - 31 29 89 3c 00 0a a3 00
INFO - 31 2a c9 3c 00 0a 90 00
INFO - 31 2d 09 3c 00 0a bb 00
INFO - 31 2f 49 3c 00 0a bf 00
INFO - 31 32 89 3c 00 0a b6 00
INFO - 31 35 c9 3c 00 0a cf 00
INFO - 31 39 09 3c 00 0b 0d 00
INFO - 31 3a 49 3c 00 0a 84 00
INFO - 31 3d 89 3c 00 0a c5 00
INFO - 31 3e c9 3c 00 0a 8f 00
INFO - 31 41 09 3c 00 0a c2 00
INFO - 31 43 49 3c 00 0a b9 00
INFO - 31 47 89 3c 00 0a f8 00
INFO - 31 49 c9 3c 00 0a 97 00
INFO - 31 4b 09 3c 00 0a b1 00
INFO - 31 4f 49 3c 00 0a f4 00
INFO - 31 51 89 3c 00 0a b0 00
INFO - 31 53 c9 3c 00 0a b9 00
INFO - 31 55 09 3c 00 0a 9e 00
INFO - 31 58 49 3c 00 0a a8 00
INFO - 31 5a 89 3c 00 0a ad 00
INFO - 31 5c c9 3c 00 0a 99 00
INFO - 31 5e 09 3c 00 0a c3 00
INFO - 31 60 49 3c 00 0a 9c 00
INFO - 31 62 89 3c 00 0a 78 00
INFO - 31 67 c9 3c 00 0b 26 00
INFO - 31 6a 09 3c 00 0a d5 00
INFO - 31 6c 49 3c 00 0a aa 00
INFO - 31 6e 89 3c 00 0a 99 00
INFO - 31 70 c9 3c 00 0a a9 00
INFO - 31 72 09 3c 00 0a b0 00
INFO - 31 75 49 3c 00 0a bf 00
INFO - 31 77 89 3c 00 0a 98 00
INFO - 31 79 c9 3c 00 0a b1 00
INFO - 31 7b 09 3c 00 0a 9f 00
INFO - 31 7e 49 3c 00 0a db 00
INFO - 31 81 89 3c 00 0a ed 00
INFO - 31 84 c9 3c 00 0a b9 00
INFO - 31 86 09 3c 00 0a b3 00
INFO - 31 89 49 3c 00 0a b8 00
INFO - 31 8b 89 3c 00 0a bf 00
INFO - 31 8d c9 3c 00 0a ad 00
INFO - 31 8f 09 3c 00 0a 99 00
INFO - 31 92 49 3c 00 0a dd 00
INFO - 31 95 89 3c 00 0a d5 00
INFO - 31 97 c9 3c 00 0a a1 00
INFO - 31 9a 09 3c 00 0a bc 00
INFO - 31 9c 49 3c 00 0a bb 00
INFO - 31 9f 89 3c 00 0a c6 00
INFO - 31 a1 c9 3c 00 0a bf 00
INFO - 31 a3 09 3c 00 0a a2 00
INFO - 31 a6 49 3c 00 0a d2 00
INFO - 31 a8 89 3c 00 0a a4 00
INFO - 31 aa c9 3c 00 0a a9 00
INFO - 31 ad 09 3c 00 0a ad 00
INFO - 31 af 49 3c 00 0a b1 00
INFO - 31 b1 89 3c 00 0a b3 00
INFO - 31 b4 c9 3c 00 0a c3 00
INFO - 31 b6 09 3c 00 0a a6 00
INFO - 31 b8 49 3c 00 0a ad 00
INFO - 31 ba 89 3c 00 0a 74 00
INFO - 31 bd c9 3c 00 0a b9 00
INFO - 31 be 09 3c 00 0a 8f 00
INFO - 31 c1 49 3c 00 0a be 00
INFO - 31 c3 89 3c 00 0a b9 00
INFO - 31 c7 c9 3c 00 0a e1 00
INFO - 31 c9 09 3c 00 0a a1 00
INFO - 31 cb 49 3c 00 0a a9 00
INFO - 31 cd 89 3c 00 0a b8 00
INFO - 31 cf c9 3c 00 0a a6 00
INFO - 31 d2 09 3c 00 0a be 00
INFO - 31 d4 49 3c 00 0a c5 00
INFO - 31 d7 89 3c 00 0a bf 00
INFO - 31 d9 c9 3c 00 0a b9 00
INFO - 31 dc 09 3c 00 0a b3 00
INFO - 31 de 49 3c 00 0a a3 00
INFO - 31 e1 89 3c 00 0a e0 00
INFO - 31 e2 c9 3c 00 0a 8b 00
INFO - 31 e6 09 3c 00 0b 02 00
INFO - 31 e8 49 3c 00 0a a1 00
INFO - 31 ea 89 3c 00 0a a5 00
INFO - 31 ec c9 3c 00 0a 99 00
INFO - 31 ef 09 3c 00 0a bb 00
INFO - 31 f0 49 3c 00 0a 9c 00
INFO - 31 f3 89 3c 00 0a ce 00
INFO - 31 f5 c9 3c 00 0a 82 00
INFO - 31 f7 09 3c 00 0a a7 00
INFO - 31 f9 49 3c 00 0a ac 00
INFO - 31 fc 89 3c 00 0a d1 00
INFO - 31 fe c9 3c 00 0a a6 00
INFO - 32 00 09 3c 00 0a 71 00
INFO - 32 02 49 3c 00 0a ba 00
INFO - 32 04 89 3c 00 0a a4 00
INFO - 32 08 c9 3c 00 0a df 00
INFO - 32 09 09 3c 00 0a 96 00
INFO - 32 0b 49 3c 00 0a 8f 00
INFO - 32 0d 89 3c 00 0a be 00
INFO - 32 0f c9 3c 00 0a 96 00
INFO - 32 12 09 3c 00 0a c9 00
INFO - 32 15 49 3c 00 0a c3 00
INFO - 32 17 89 3c 00 0a be 00
INFO - 32 19 c9 3c 00 0a 96 00
INFO - 32 1b 09 3c 00 0a b1 00
INFO - 32 1e 49 3c 00 0a c9 00
INFO - 32 20 89 3c 00 0a a2 00
INFO - 32 24 c9 3c 00 0a f3 00
INFO - 32 26 09 3c 00 0a be 00
INFO - 32 28 49 3c 00 0a 99 00
INFO - 32 2b 89 3c 00 0a da 00
INFO - 32 2e c9 3c 00 0a b2 00
INFO - 32 2f 09 3c 00 0a 8c 00
INFO - 32 32 49 3c 00 0a dd 00
INFO - 32 35 89 3c 00 0a bb 00
INFO - 32 38 c9 3c 00 0a d4 00
INFO - 32 3a 09 3c 00 0a ad 00
INFO - 32 3c 49 3c 00 0a 9b 00
INFO - 32 40 89 3c 00 0a fe 00
INFO - 32 43 c9 3c 00 0a dc 00
INFO - 32 44 09 3c 00 0a 8d 00
INFO - 32 48 49 3c 00 0a e0 00
INFO - 32 4a 89 3c 00 0a b7 00
INFO - 32 4c c9 3c 00 0a 8f 00
INFO - 32 4e 09 3c 00 0a ba 00
INFO - 32 50 49 3c 00 0a a7 00
INFO - 32 54 89 3c 00 0a ef 00
INFO - 32 56 c9 3c 00 0a bd 00
INFO - 32 58 09 3c 00 0a 76 00
INFO - 32 5a 49 3c 00 0a 99 00
INFO - 32 5c 89 3c 00 0a 8e 00
INFO - 32 5e c9 3c 00 0a b1 00
INFO - 32 60 09 3c 00 0a a1 00
INFO - 32 63 49 3c 00 0a c4 00
INFO - 32 65 89 3c 00 0a a3 00
INFO - 32 66 c9 3c 00 0a 90 00
INFO - 32 69 09 3c 00 0a d6 00
INFO - 32 6b 49 3c 00 0a 8d 00
INFO - 32 6d 89 3c 00 0a b0 00
INFO - 32 6f c9 3c 00 0a a9 00
INFO - 32 71 09 3c 00 0a 98 00
INFO - 32 73 49 3c 00 0a a5 00
INFO - 32 75 89 3c 00 0a 9e 00
INFO - 32 77 c9 3c 00 0a 8d 00
INFO - 32 79 09 3c 00 0a a4 00
INFO - 32 7b 49 3c 00 0a a9 00
INFO - 32 7d 89 3c 00 0a b6 00
INFO - 32 80 c9 3c 00 0a ba 00
INFO - 32 81 09 3c 00 0a 92 00
INFO - 32 83 49 3c 00 0a a0 00
INFO - 32 85 89 3c 00 0a 84 00
INFO - 32 86 c9 3c 00 0a 9d 00
INFO - 32 89 09 3c 00 0a ae 00
INFO - 32 8a 49 3c 00 0a 8b 00
INFO - 32 8c 89 3c 00 0a 92 00
INFO - 32 91 c9 3c 00 0a ba 00
INFO - 32 92 09 3c 00 0a 99 00
INFO - 32 95 49 3c 00 0a a7 00
INFO - 32 98 89 3c 00 0a e1 00
INFO - 32 9a c9 3c 00 0a 9c 00
INFO - 32 9c 09 3c 00 0a c1 00
INFO - 32 9e 49 3c 00 0a 91 00
INFO - 32 a2 89 3c 00 0a f0 00
INFO - 32 a5 c9 3c 00 0a dd 00
INFO - 32 a7 09 3c 00 0a 96 00
INFO - 32 a9 49 3c 00 0a ba 00
INFO - 32 ab 89 3c 00 0a b2 00
INFO - 32 ae c9 3c 00 0a ab 00
INFO - 32 b0 09 3c 00 0a a4 00
INFO - 32 b2 49 3c 00 0a a8 00
INFO - 32 b3 89 3c 00 0a 96 00
INFO - 32 b6 c9 3c 00 0a c3 00
INFO - 32 b8 09 3c 00 0a 8a 00
INFO - 32 ba 49 3c 00 0a c3 00
INFO - 32 bc 89 3c 00 0a 9c 00
INFO - 32 c0 c9 3c 00 0a ee 00
INFO - 32 c2 09 3c 00 0a b0 00
INFO - 32 c4 49 3c 00 0a 9f 00
INFO - 32 c6 89 3c 00 0a 99 00
INFO - 32 c7 c9 3c 00 0a 9b 00
INFO - 32 ca 09 3c 00 0a b3 00
INFO - 32 cb 49 3c 00 0a 97 00
INFO - 32 ce 89 3c 00 0a a7 00
INFO - 32 d0 c9 3c 00 0a c3 00
INFO - 32 d2 09 3c 00 0a a5 00
INFO - 32 d4 49 3c 00 0a af 00
INFO - 32 d7 89 3c 00 0a b9 00
INFO - 32 d8 c9 3c 00 0a 68 00
INFO - 32 da 09 3c 00 0a a4 00
INFO - 32 dd 49 3c 00 0a cd 00
INFO - 32 df 89 3c 00 0a 90 00
INFO - 32 e1 c9 3c 00 0a ae 00
INFO - 32 e3 09 3c 00 0a ae 00
INFO - 32 e5 49 3c 00 0a 87 00
INFO - 32 e7 89 3c 00 0a 9f 00
INFO - 32 ee c9 3c 00 0a c4 00
INFO - 32 ef 09 3c 00 0a 85 00
INFO - 32 f1 49 3c 00 0a 8c 00
INFO - 32 f3 89 3c 00 0a c3 00
INFO - 32 f5 c9 3c 00 0a 96 00
INFO - 32 f8 09 3c 00 0a c3 00
INFO - 32 fa 49 3c 00 0a a0 00
INFO - 32 fc 89 3c 00 0a b8 00
INFO - 32 fe c9 3c 00 0a a9 00
INFO - 33 00 09 3c 00 0a 98 00
INFO - 33 02 49 3c 00 0a c3 00
INFO - 33 04 89 3c 00 0a 9e 00
INFO - 33 06 c9 3c 00 0a 9c 00
INFO - 33 08 09 3c 00 0a 9f 00
INFO - 33 0a 49 3c 00 0a ab 00
INFO - 33 0c 89 3c 00 0a a6 00
INFO - 33 0e c9 3c 00 0a 95 00
INFO - 33 10 09 3c 00 0a a6 00
INFO - 33 12 49 3c 00 0a 9f 00
INFO - 33 14 89 3c 00 0a 99 00
INFO - 33 16 c9 3c 00 0a b0 00
INFO - 33 18 09 3c 00 0a a8 00
INFO - 33 1a 49 3c 00 0a 8f 00
INFO - 33 1c 89 3c 00 0a af 00
INFO - 33 1e c9 3c 00 0a a0 00
INFO - 33 20 09 3c 00 0a 9c 00
INFO - 33 22 49 3c 00 0a a8 00
INFO - 33 23 89 3c 00 0a 85 00
INFO - 33 26 c9 3c 00 0a b9 00
INFO - 33 27 09 3c 00 0a 84 00
INFO - 33 29 49 3c 00 0a 96 00
INFO - 33 2b 89 3c 00 0a bf 00
INFO - 33 2d c9 3c 00 0a 91 00
INFO - 33 2f 09 3c 00 0a 9f 00
INFO - 33 31 49 3c 00 0a b8 00
INFO - 33 33 89 3c 00 0a a8 00
INFO - 33 35 c9 3c 00 0a a1 00
INFO - 33 38 09 3c 00 0a b5 00
INFO - 33 3a 49 3c 00 0a a5 00
INFO - 33 3c 89 3c 00 0a c4 00
INFO - 33 3e c9 3c 00 0a 8e 00
INFO - 33 40 09 3c 00 0a ae 00
INFO - 33 42 49 3c 00 0a 9e 00
INFO - 33 44 89 3c 00 0a b5 00
INFO - 33 46 c9 3c 00 0a 9b 00
INFO - 33 48 09 3c 00 0a 8a 00
INFO - 33 4a 49 3c 00 0a af 00
INFO - 33 4c 89 3c 00 0a a7 00
INFO - 33 4e c9 3c 00 0a ab 00
INFO - 33 51 09 3c 00 0a c2 00
INFO - 33 55 49 3c 00 0a 8a 00
INFO - 33 56 89 3c 00 0a 7f 00
INFO - 33 58 c9 3c 00 0a 9f 00
INFO - 33 5a 09 3c 00 0a 9c 00
INFO - 33 5c 49 3c 00 0a b4 00
INFO - 33 5e 89 3c 00 0a ad 00
INFO - 33 61 c9 3c 00 0a bc 00
INFO - 33 63 09 3c 00 0a b4 00
INFO - 33 65 49 3c 00 0a a4 00
INFO - 33 67 89 3c 00 0a b9 00
INFO - 33 6a c9 3c 00 0a b1 00
INFO - 33 6c 09 3c 00 0a ab 00
INFO - 33 6e 49 3c 00 0a ae 00
INFO - 33 70 89 3c 00 0a bb 00
INFO - 33 72 c9 3c 00 0a 83 00
INFO - 33 74 09 3c 00 0a c6 00
INFO - 33 76 49 3c 00 0a a2 00
INFO - 33 79 89 3c 00 0a c2 00
INFO - 33 7b c9 3c 00 0a 89 00
INFO - 33 7c 09 3c 00 0a 8d 00
INFO - 33 7e 49 3c 00 0a 93 00
INFO - 33 7f 89 3c 00 0a 86 00
INFO - 33 81 c9 3c 00 0a 98 00
INFO - 33 82 09 3c 00 0a 7c 00
INFO - 33 84 49 3c 00 0a 9e 00
INFO - 33 85 89 3c 00 0a 83 00
INFO - 33 87 c9 3c 00 0a 90 00
INFO - 33 89 09 3c 00 0a a7 00
INFO - 33 8a 49 3c 00 0a 82 00
INFO - 33 8c 89 3c 00 0a a8 00
INFO - 33 8e c9 3c 00 0a a0 00
INFO - 33 91 09 3c 00 0a a7 00
INFO - 33 92 49 3c 00 0a 82 00
INFO - 33 94 89 3c 00 0a a7 00
INFO - 33 96 c9 3c 00 0a bd 00
INFO - 33 99 09 3c 00 0a a7 00
INFO - 33 9b 49 3c 00 0a bd 00
INFO - 33 9d 89 3c 00 0a a7 00
INFO - 33 9f c9 3c 00 0a 95 00
INFO - 33 a4 09 3c 00 0b 38 00
INFO - 33 a5 49 3c 00 0a 92 00
INFO - 33 a7 89 3c 00 0a a0 00
INFO - 33 aa c9 3c 00 0a b0 00
INFO - 33 ab 09 3c 00 0a 8c 00
INFO - 33 ad 49 3c 00 0a 8e 00
INFO - 33 af 89 3c 00 0a b0 00
INFO - 33 b1 c9 3c 00 0a a3 00
INFO - 33 b3 09 3c 00 0a a9 00
INFO - 33 b5 49 3c 00 0a a6 00
INFO - 33 b6 89 3c 00 0a 84 00
INFO - 33 b8 c9 3c 00 0a 9f 00
INFO - 33 ba 09 3c 00 0a 9b 00
INFO - 33 bd 49 3c 00 0a b6 00
INFO - 33 bf 89 3c 00 0a 80 00
INFO - 33 c1 c9 3c 00 0a 98 00
INFO - 33 c2 09 3c 00 0a 8b 00
INFO - 33 c5 49 3c 00 0a af 00
INFO - 33 c6 89 3c 00 0a 99 00
INFO - 33 c8 c9 3c 00 0a a1 00
INFO - 33 cb 09 3c 00 0a a9 00
INFO - 33 cd 49 3c 00 0a c3 00
INFO - 33 cf 89 3c 00 0a 98 00
INFO - 33 d1 c9 3c 00 0a b6 00
INFO - 33 d4 09 3c 00 0a b4 00
INFO - 33 d5 49 3c 00 0a 9c 00
INFO - 33 d8 89 3c 00 0a b7 00
INFO - 33 da c9 3c 00 0a a3 00
INFO - 33 dc 09 3c 00 0a ad 00
INFO - 33 de 49 3c 00 0a a0 00
INFO - 33 e0 89 3c 00 0a 93 00
INFO - 33 e2 c9 3c 00 0a b8 00
INFO - 33 e4 09 3c 00 0a ae 00
INFO - 33 e6 49 3c 00 0a 9a 00
INFO - 33 e8 89 3c 00 0a 9c 00
INFO - 33 ea c9 3c 00 0a ab 00
INFO - 33 ec 09 3c 00 0a a0 00
INFO - 33 ee 49 3c 00 0a 94 00
INFO - 33 f0 89 3c 00 0a ad 00
INFO - 33 f2 c9 3c 00 0a 90 00
INFO - 33 f5 09 3c 00 0a df 00
INFO - 33 f7 49 3c 00 0a a3 00
INFO - 33 f9 89 3c 00 0a a3 00
INFO - 33 fa c9 3c 00 0a 91 00
INFO - 33 fc 09 3c 00 0a 95 00
INFO - 33 fe 49 3c 00 0a 9e 00
INFO - 34 00 89 3c 00 0a aa 00
INFO - 34 02 c9 3c 00 0a 8e 00
INFO - 34 04 09 3c 00 0a b7 00
INFO - 34 06 49 3c 00 0a 8f 00
INFO - 34 08 89 3c 00 0a a2 00
INFO - 34 09 c9 3c 00 0a 8f 00
INFO - 34 0b 09 3c 00 0a ae 00
INFO - 34 0e 49 3c 00 0a c0 00
INFO - 34 0f 89 3c 00 0a 8f 00
INFO - 34 12 c9 3c 00 0a b7 00
INFO - 34 13 09 3c 00 0a 8f 00
INFO - 34 15 49 3c 00 0a 8f 00
INFO - 34 18 89 3c 00 0a bb 00
INFO - 34 19 c9 3c 00 0a 82 00
INFO - 34 1b 09 3c 00 0a b0 00
INFO - 34 1d 49 3c 00 0a 96 00
INFO - 34 1f 89 3c 00 0a a8 00
INFO - 34 21 c9 3c 00 0a aa 00
INFO - 34 23 09 3c 00 0a 94 00
INFO - 34 25 49 3c 00 0a b4 00
INFO - 34 27 89 3c 00 0a b2 00
INFO - 34 2a c9 3c 00 0a b8 00
INFO - 34 2c 09 3c 00 0a 96 00
INFO - 34 2d 49 3c 00 0a 86 00
INFO - 34 30 89 3c 00 0a c5 00
INFO - 34 32 c9 3c 00 0a aa 00
INFO - 34 34 09 3c 00 0a 9e 00
INFO - 34 36 49 3c 00 0a b9 00
INFO - 34 38 89 3c 00 0a a4 00
INFO - 34 3a c9 3c 00 0a a1 00
INFO - 34 3d 09 3c 00 0a bc 00
INFO - 34 3e 49 3c 00 0a 9a 00
INFO - 34 41 89 3c 00 0a b9 00
INFO - 34 43 c9 3c 00 0a 9a 00
INFO - 34 45 09 3c 00 0a a5 00
INFO - 34 46 49 3c 00 0a 90 00
INFO - 34 48 89 3c 00 0a 9b 00
INFO - 34 4a c9 3c 00 0a 9a 00
INFO - 34 4d 09 3c 00 0a d7 00
INFO - 34 4f 49 3c 00 0a 9b 00
INFO - 34 51 89 3c 00 0a c3 00
INFO - 34 53 c9 3c 00 0a 9b 00
INFO - 34 55 09 3c 00 0a af 00
INFO - 34 57 49 3c 00 0a a4 00
INFO - 34 59 89 3c 00 0a 9b 00
INFO - 34 5b c9 3c 00 0a 87 00
INFO - 34 5e 09 3c 00 0a d7 00
INFO - 34 5f 49 3c 00 0a 87 00
INFO - 34 62 89 3c 00 0a b9 00
INFO - 34 63 c9 3c 00 0a 87 00
INFO - 34 65 09 3c 00 0a b9 00
INFO - 34 68 49 3c 00 0a b9 00
INFO - 34 6a 89 3c 00 0a b3 00
INFO - 34 6c c9 3c 00 0a ac 00
INFO - 34 6e 09 3c 00 0a a9 00
INFO - 34 70 49 3c 00 0a 8d 00
INFO - 34 72 89 3c 00 0a 95 00
INFO - 34 73 c9 3c 00 0a 87 00
INFO - 34 75 09 3c 00 0a a1 00
INFO - 34 78 49 3c 00 0a bd 00
INFO - 34 7b 89 3c 00 0a d4 00
INFO - 34 7c c9 3c 00 0a 9e 00
INFO - 34 7e 09 3c 00 0a a6 00
INFO - 34 81 49 3c 00 0a ce 00
INFO - 34 83 89 3c 00 0a a2 00
INFO - 34 86 c9 3c 00 0a b2 00
INFO - 34 87 09 3c 00 0a 9b 00
INFO - 34 89 49 3c 00 0a 91 00
INFO - 34 8a 89 3c 00 0a 79 00
INFO - 34 8c c9 3c 00 0a a0 00
INFO - 34 8e 09 3c 00 0a af 00
INFO - 34 90 49 3c 00 0a 90 00
INFO - 34 92 89 3c 00 0a be 00
INFO - 34 94 c9 3c 00 0a 8d 00
INFO - 34 96 09 3c 00 0a a5 00
INFO - 34 97 49 3c 00 0a 87 00
INFO - 34 9a 89 3c 00 0a a5 00
INFO - 34 9b c9 3c 00 0a 87 00
INFO - 34 9d 09 3c 00 0a af 00
INFO - 34 a0 49 3c 00 0a c4 00
INFO - 34 a2 89 3c 00 0a a9 00
INFO - 34 a4 c9 3c 00 0a 8d 00
INFO - 34 a6 09 3c 00 0a af 00
INFO - 34 a7 49 3c 00 0a 95 00
INFO - 34 ad 89 3c 00 0b 47 00
INFO - 34 af c9 3c 00 0a 97 00
INFO - 34 b0 09 3c 00 0a 92 00
INFO - 34 b2 49 3c 00 0a a9 00
INFO - 34 b4 89 3c 00 0a 91 00
INFO - 34 b6 c9 3c 00 0a 98 00
INFO - 34 b7 09 3c 00 0a 92 00
INFO - 34 b9 49 3c 00 0a 65 00
INFO - 34 bb 89 3c 00 0a ac 00
INFO - 34 bd c9 3c 00 0a 9f 00
INFO - 34 be 09 3c 00 0a 8e 00
INFO - 34 c1 49 3c 00 0a a9 00
INFO - 34 c3 89 3c 00 0a a6 00
INFO - 34 c4 c9 3c 00 0a 98 00
INFO - 34 c7 09 3c 00 0a b3 00
INFO - 34 c9 49 3c 00 0a b0 00
INFO - 34 cc 89 3c 00 0a ce 00
INFO - 34 ce c9 3c 00 0a b9 00
INFO - 34 d0 09 3c 00 0a 87 00
INFO - 34 d1 49 3c 00 0a 91 00
INFO - 34 d3 89 3c 00 0a a6 00
INFO - 34 d6 c9 3c 00 0a af 00
INFO - 34 d8 09 3c 00 0a af 00
INFO - 34 da 49 3c 00 0a 9b 00
INFO - 34 db 89 3c 00 0a 98 00
INFO - 34 dd c9 3c 00 0a 9b 00
INFO - 34 df 09 3c 00 0a 9e 00
INFO - 34 e1 49 3c 00 0a a5 00
INFO - 34 e3 89 3c 00 0a 9b 00
INFO - 34 e4 c9 3c 00 0a 87 00
INFO - 34 e6 09 3c 00 0a 9b 00
INFO - 34 e8 49 3c 00 0a a5 00
INFO - 34 ea 89 3c 00 0a a5 00
INFO - 34 ec c9 3c 00 0a 7f 00
INFO - 34 ee 09 3c 00 0a b6 00
INFO - 34 f0 49 3c 00 0a 9b 00
INFO - 34 f3 89 3c 00 0a db 00
INFO - 34 f5 c9 3c 00 0a b6 00
INFO - 34 f9 09 3c 00 0a e5 00
INFO - 34 fc 49 3c 00 0a d7 00
INFO - 34 fe 89 3c 00 0a ca 00
INFO - 35 00 c9 3c 00 0a 9e 00
INFO - 35 02 09 3c 00 0a 97 00
INFO - 35 04 49 3c 00 0a a5 00
INFO - 35 06 89 3c 00 0a a8 00
INFO - 35 0a c9 3c 00 0a eb 00
INFO - 35 0b 09 3c 00 0a 90 00
INFO - 35 0d 49 3c 00 0a 9b 00
INFO - 35 10 89 3c 00 0a bf 00
INFO - 35 11 c9 3c 00 0a 94 00
INFO - 35 13 09 3c 00 0a 9a 00
INFO - 35 15 49 3c 00 0a af 00
INFO - 35 17 89 3c 00 0a 9a 00
INFO - 35 1a c9 3c 00 0a b9 00
INFO - 35 1c 09 3c 00 0a ab 00
INFO - 35 1e 49 3c 00 0a a8 00
INFO - 35 20 89 3c 00 0a a5 00
INFO - 35 22 c9 3c 00 0a a4 00
INFO - 35 24 09 3c 00 0a a7 00
INFO - 35 25 49 3c 00 0a 8e 00
INFO - 35 27 89 3c 00 0a 9a 00
INFO - 35 2a c9 3c 00 0a af 00
INFO - 35 2c 09 3c 00 0a ae 00
INFO - 35 2d 49 3c 00 0a 90 00
INFO - 35 30 89 3c 00 0a b8 00
INFO - 35 31 c9 3c 00 0a 90 00
INFO - 35 34 09 3c 00 0a cc 00
INFO - 35 36 49 3c 00 0a a4 00
INFO - 35 38 89 3c 00 0a 90 00
INFO - 35 39 c9 3c 00 0a 90 00
INFO - 35 3b 09 3c 00 0a a4 00
INFO - 35 3d 49 3c 00 0a 9a 00
INFO - 35 3f 89 3c 00 0a 90 00
INFO - 35 41 c9 3c 00 0a a4 00
INFO - 35 43 09 3c 00 0a be 00
INFO - 35 48 49 3c 00 0a 93 00
INFO - 35 49 89 3c 00 0a 83 00
INFO - 35 4a c9 3c 00 0a 86 00
INFO - 35 4d 09 3c 00 0a a7 00
INFO - 35 4f 49 3c 00 0a a1 00
INFO - 35 51 89 3c 00 0a cf 00
INFO - 35 53 c9 3c 00 0a 86 00
INFO - 35 55 09 3c 00 0a 9a 00
INFO - 35 57 49 3c 00 0a a0 00
INFO - 35 59 89 3c 00 0a b9 00
INFO - 35 5b c9 3c 00 0a 9a 00
INFO - 35 5d 09 3c 00 0a c5 00
INFO - 35 60 49 3c 00 0a ab 00
INFO - 35 61 89 3c 00 0a 9e 00
INFO - 35 64 c9 3c 00 0a ae 00
INFO - 35 65 09 3c 00 0a 9a 00
INFO - 35 67 49 3c 00 0a 86 00
INFO - 35 6a 89 3c 00 0a c2 00
INFO - 35 6d c9 3c 00 0a ea 00
INFO - 35 6f 09 3c 00 0a 9a 00
INFO - 35 71 49 3c 00 0a a4 00
INFO - 35 73 89 3c 00 0a 9a 00
INFO - 35 75 c9 3c 00 0a a4 00
INFO - 35 76 09 3c 00 0a 9a 00
INFO - 35 79 49 3c 00 0a ae 00
INFO - 35 7a 89 3c 00 0a 86 00
INFO - 35 7c c9 3c 00 0a b8 00
INFO - 35 7e 09 3c 00 0a 86 00
INFO - 35 81 49 3c 00 0a cc 00
INFO - 35 83 89 3c 00 0a a7 00
INFO - 35 85 c9 3c 00 0a ab 00
INFO - 35 86 09 3c 00 0a 90 00
INFO - 35 8a 49 3c 00 0a e0 00
INFO - 35 8b 89 3c 00 0a 86 00
INFO - 35 8d c9 3c 00 0a 9b 00
INFO - 35 8f 09 3c 00 0a a8 00
INFO - 35 91 49 3c 00 0a 9b 00
INFO - 35 93 89 3c 00 0a a1 00
INFO - 35 95 c9 3c 00 0a b9 00
INFO - 35 97 09 3c 00 0a a8 00
INFO - 35 99 49 3c 00 0a 92 00
INFO - 35 9b 89 3c 00 0a a6 00
INFO - 35 9d c9 3c 00 0a ad 00
INFO - 35 9f 09 3c 00 0a 91 00
INFO - 35 a1 49 3c 00 0a b0 00
INFO - 35 a3 89 3c 00 0a 92 00
INFO - 35 a5 c9 3c 00 0a a9 00
INFO - 35 a7 09 3c 00 0a 9d 00
INFO - 35 a8 49 3c 00 0a 8f 00
INFO - 35 aa 89 3c 00 0a 95 00
INFO - 35 ac c9 3c 00 0a 9d 00
INFO - 35 ae 09 3c 00 0a a4 00
INFO - 35 b0 49 3c 00 0a ab 00
INFO - 35 b2 89 3c 00 0a a7 00
INFO - 35 b6 c9 3c 00 0a f0 00
INFO - 35 b7 09 3c 00 0a 9a 00
INFO - 35 bc 49 3c 00 0b 32 00
INFO - 35 bf 89 3c 00 0a d2 00
INFO - 35 c1 c9 3c 00 0a 93 00
INFO - 35 c4 09 3c 00 0a dc 00
INFO - 35 c7 49 3c 00 0a dd 00
INFO - 35 c9 89 3c 00 0a 89 00
INFO - 35 cb c9 3c 00 0a 9f 00
INFO - 35 cd 09 3c 00 0a a9 00
INFO - 35 cf 49 3c 00 0a b4 00
INFO - 35 d1 89 3c 00 0a a9 00
INFO - 35 d3 c9 3c 00 0a a2 00
INFO - 35 d5 09 3c 00 0a 89 00
INFO - 35 d7 49 3c 00 0a a6 00
INFO - 35 d8 89 3c 00 0a 8b 00
INFO - 35 da c9 3c 00 0a 8d 00
INFO - 35 db 09 3c 00 0a 92 00
INFO - 35 dd 49 3c 00 0a 9f 00
INFO - 35 e0 89 3c 00 0a b8 00
INFO - 35 e1 c9 3c 00 0a 92 00
INFO - 35 e3 09 3c 00 0a a0 00
INFO - 35 e5 49 3c 00 0a a4 00
INFO - 35 e7 89 3c 00 0a 80 00
INFO - 35 eb c9 3c 00 0b 07 00
INFO - 35 ed 09 3c 00 0a af 00
INFO - 35 ee 49 3c 00 0a 87 00
INFO - 35 f0 89 3c 00 0a 6d 00
INFO - 35 f2 c9 3c 00 0a a1 00
INFO - 35 f4 09 3c 00 0a b3 00
INFO - 35 f7 49 3c 00 0a ba 00
INFO - 35 f8 89 3c 00 0a 88 00
INFO - 35 fb c9 3c 00 0a bb 00
INFO - 35 fe 09 3c 00 0a ed 00
INFO - 36 00 49 3c 00 0a a2 00
INFO - 36 03 89 3c 00 0a b7 00
INFO - 36 06 c9 3c 00 0a d8 00
INFO - 36 08 09 3c 00 0a ac 00
INFO - 36 0a 49 3c 00 0a a2 00
INFO - 36 0c 89 3c 00 0a b7 00
INFO - 36 0d c9 3c 00 0a 81 00
INFO - 36 10 09 3c 00 0a c2 00
INFO - 36 12 49 3c 00 0a 96 00
INFO - 36 14 89 3c 00 0a ac 00
INFO - 36 17 c9 3c 00 0a cd 00
INFO - 36 1b 09 3c 00 0a f8 00
INFO - 36 1d 49 3c 00 0a a5 00
INFO - 36 1e 89 3c 00 0a 9e 00
INFO - 36 20 c9 3c 00 0a a3 00
INFO - 36 23 09 3c 00 0a ad 00
INFO - 36 24 49 3c 00 0a 97 00
INFO - 36 26 89 3c 00 0a a6 00
INFO - 36 28 c9 3c 00 0a 94 00
INFO - 36 2b 09 3c 00 0a b9 00
INFO - 36 2d 49 3c 00 0a bc 00
INFO - 36 30 89 3c 00 0a e9 00
INFO - 36 33 c9 3c 00 0a cc 00
INFO - 36 35 09 3c 00 0a 95 00
INFO - 36 38 49 3c 00 0a d3 00
INFO - 36 3a 89 3c 00 0a ab 00
INFO - 36 3c c9 3c 00 0a 9d 00
INFO - 36 3e 09 3c 00 0a ae 00
INFO - 36 40 49 3c 00 0a af 00
INFO - 36 42 89 3c 00 0a 97 00
INFO - 36 45 c9 3c 00 0a df 00
INFO - 36 48 09 3c 00 0a d1 00
INFO - 36 4a 49 3c 00 0a 8e 00
INFO - 36 4b 89 3c 00 0a 8f 00
INFO - 36 4e c9 3c 00 0a ad 00
INFO - 36 50 09 3c 00 0a b2 00
INFO - 36 52 49 3c 00 0a b0 00
INFO - 36 54 89 3c 00 0a 8e 00
INFO - 36 55 c9 3c 00 0a 83 00
INFO - 36 58 09 3c 00 0a dc 00
INFO - 36 5b 49 3c 00 0a dc 00
INFO - 36 5e 89 3c 00 0a c9 00
INFO - 36 60 c9 3c 00 0a a1 00
INFO - 36 62 09 3c 00 0a 9a 00
INFO - 36 64 49 3c 00 0a af 00
INFO - 36 66 89 3c 00 0a 9a 00
INFO - 36 67 c9 3c 00 0a 82 00
INFO - 36 6a 09 3c 00 0a ca 00
INFO - 36 6d 49 3c 00 0a c2 00
INFO - 36 6f 89 3c 00 0a a3 00
INFO - 36 72 c9 3c 00 0a d5 00
INFO - 36 74 09 3c 00 0a b6 00
INFO - 36 76 49 3c 00 0a 9e 00
INFO - 36 78 89 3c 00 0a b6 00
INFO - 36 7b c9 3c 00 0a b2 00
INFO - 36 7c 09 3c 00 0a 8c 00
INFO - 36 7e 49 3c 00 0a 93 00
INFO - 36 7f 89 3c 00 0a 8e 00
INFO - 36 81 c9 3c 00 0a 96 00
INFO - 36 83 09 3c 00 0a b2 00
INFO - 36 85 49 3c 00 0a a1 00
INFO - 36 88 89 3c 00 0a d4 00
INFO - 36 8a c9 3c 00 0a 96 00
INFO - 36 8d 09 3c 00 0a c9 00
INFO - 36 8e 49 3c 00 0a 8e 00
INFO - 36 91 89 3c 00 0a dc 00
INFO - 36 93 c9 3c 00 0a 9a 00
INFO - 36 95 09 3c 00 0a b0 00
INFO - 36 98 49 3c 00 0a b7 00
INFO - 36 9b 89 3c 00 0a d5 00
INFO - 36 9d c9 3c 00 0a b1 00
INFO - 36 a1 09 3c 00 0b 15 00
INFO - 36 a4 49 3c 00 0a d3 00
INFO - 36 a7 89 3c 00 0a bb 00
INFO - 36 a8 c9 3c 00 0a 84 00
INFO - 36 ab 09 3c 00 0a bc 00
INFO - 36 ad 49 3c 00 0a 9d 00
INFO - 36 ae 89 3c 00 0a 9b 00
INFO - 36 b2 c9 3c 00 0a db 00
INFO - 36 b4 09 3c 00 0a a5 00
INFO - 36 b6 49 3c 00 0a c8 00
INFO - 36 b8 89 3c 00 0a 9e 00
INFO - 36 ba c9 3c 00 0a a1 00
INFO - 36 bd 09 3c 00 0a cd 00
INFO - 36 bf 49 3c 00 0a a2 00
INFO - 36 c0 89 3c 00 0a 84 00
INFO - 36 c3 c9 3c 00 0a b6 00
INFO - 36 c4 09 3c 00 0a 96 00
INFO - 36 c7 49 3c 00 0a a6 00
INFO - 36 c9 89 3c 00 0a ac 00
INFO - 36 cb c9 3c 00 0a a7 00
INFO - 36 cc 09 3c 00 0a 97 00
INFO - 36 cf 49 3c 00 0a b2 00
INFO - 36 d2 89 3c 00 0a ce 00
INFO - 36 d4 c9 3c 00 0a a7 00
INFO - 36 d6 09 3c 00 0a a2 00
INFO - 36 d8 49 3c 00 0a ac 00
INFO - 36 da 89 3c 00 0a a7 00
INFO - 36 dc c9 3c 00 0a b3 00
INFO - 36 df 09 3c 00 0a c5 00
INFO - 36 e2 49 3c 00 0a e5 00
INFO - 36 e8 89 3c 00 0b 54 00
INFO - 36 ea c9 3c 00 0a 9b 00
INFO - 36 ec 09 3c 00 0a a9 00
INFO - 36 ee 49 3c 00 0a 9c 00
INFO - 36 ef 89 3c 00 0a 91 00
INFO - 36 f2 c9 3c 00 0a ca 00
INFO - 36 f4 09 3c 00 0a 9c 00
INFO - 36 f7 49 3c 00 0a d6 00
INFO - 36 fa 89 3c 00 0a d6 00
INFO - 36 fc c9 3c 00 0a a7 00
INFO - 36 ff 09 3c 00 0a cb 00
INFO - 37 01 49 3c 00 0a 9d 00
INFO - 37 03 89 3c 00 0a bf 00
INFO - 37 06 c9 3c 00 0a d7 00
INFO - 37 08 09 3c 00 0a ac 00
INFO - 37 0b 49 3c 00 0a c7 00
INFO - 37 0d 89 3c 00 0a ac 00
INFO - 37 0f c9 3c 00 0a 8d 00
INFO - 37 13 09 3c 00 0b 14 00
INFO - 37 15 49 3c 00 0a b0 00
INFO - 37 18 89 3c 00 0a cf 00
INFO - 37 1b c9 3c 00 0a c0 00
INFO - 37 1d 09 3c 00 0a a5 00
INFO - 37 20 49 3c 00 0a e6 00
INFO - 37 22 89 3c 00 0a b4 00
INFO - 37 26 c9 3c 00 0b 06 00
INFO - 37 29 09 3c 00 0a a9 00
INFO - 37 2b 49 3c 00 0a c0 00
INFO - 37 2d 89 3c 00 0a a9 00
INFO - 37 2f c9 3c 00 0a a9 00
INFO - 37 31 09 3c 00 0a 9a 00
INFO - 37 35 49 3c 00 0a e6 00
INFO - 37 37 89 3c 00 0a bc 00
INFO - 37 38 c9 3c 00 0a 75 00
INFO - 37 3a 09 3c 00 0a 93 00
INFO - 37 3d 49 3c 00 0a d6 00
INFO - 37 3f 89 3c 00 0a aa 00
INFO - 37 42 c9 3c 00 0a cd 00
INFO - 37 44 09 3c 00 0a b5 00
INFO - 37 46 49 3c 00 0a ae 00
INFO - 37 49 89 3c 00 0a a5 00
INFO - 37 4a c9 3c 00 0a 9e 00
INFO - 37 4e 09 3c 00 0a e4 00
INFO - 37 50 49 3c 00 0a aa 00
INFO - 37 53 89 3c 00 0a c5 00
INFO - 37 55 c9 3c 00 0a a7 00
INFO - 37 56 09 3c 00 0a 6b 00
INFO - 37 59 49 3c 00 0a b2 00
INFO - 37 5c 89 3c 00 0a e9 00
INFO - 37 5e c9 3c 00 0a b7 00
INFO - 37 60 09 3c 00 0a 9a 00
INFO - 37 62 49 3c 00 0a aa 00
INFO - 37 64 89 3c 00 0a a3 00
INFO - 37 66 c9 3c 00 0a 99 00
INFO - 37 68 09 3c 00 0a a2 00
INFO - 37 6a 49 3c 00 0a 8f 00
INFO - 37 6c 89 3c 00 0a c5 00
INFO - 37 6e c9 3c 00 0a 9a 00
INFO - 37 71 09 3c 00 0a c6 00
INFO - 37 73 49 3c 00 0a 9e 00
INFO - 37 75 89 3c 00 0a a7 00
INFO - 37 77 c9 3c 00 0a af 00
INFO - 37 7a 09 3c 00 0a c1 00
INFO - 37 7c 49 3c 00 0a ab 00
INFO - 37 7f 89 3c 00 0a f1 00
INFO - 37 82 c9 3c 00 0a c3 00
INFO - 37 86 09 3c 00 0a fe 00
INFO - 37 88 49 3c 00 0a aa 00
INFO - 37 8b 89 3c 00 0a da 00
INFO - 37 8f c9 3c 00 0a f2 00
INFO - 37 91 09 3c 00 0a 9f 00
INFO - 37 93 49 3c 00 0a b7 00
INFO - 37 95 89 3c 00 0a af 00
INFO - 37 97 c9 3c 00 0a 91 00
INFO - 37 9b 09 3c 00 0a fd 00
INFO - 37 9d 49 3c 00 0a b0 00
INFO - 37 a1 89 3c 00 0a fa 00
INFO - 37 a3 c9 3c 00 0a ab 00
INFO - 37 a5 09 3c 00 0a a5 00
INFO - 37 a7 49 3c 00 0a 9b 00
INFO - 37 a9 89 3c 00 0a af 00
INFO - 37 ab c9 3c 00 0a 9c 00
INFO - 37 ad 09 3c 00 0a a4 00
INFO - 37 af 49 3c 00 0a a6 00
INFO - 37 b1 89 3c 00 0a b1 00
INFO - 37 b4 c9 3c 00 0a cb 00
INFO - 37 b7 09 3c 00 0a d3 00
INFO - 37 b9 49 3c 00 0a b8 00
INFO - 37 bc 89 3c 00 0a d6 00
INFO - 37 bf c9 3c 00 0a b1 00
INFO - 37 c2 09 3c 00 0a d0 00
INFO - 37 c4 49 3c 00 0a be 00
INFO - 37 c6 89 3c 00 0a 99 00
INFO - 37 c8 c9 3c 00 0a b7 00
INFO - 37 cc 09 3c 00 0a e1 00
INFO - 37 ce 49 3c 00 0a c8 00
INFO - 37 d1 89 3c 00 0a ce 00
INFO - 37 d4 c9 3c 00 0a bd 00
INFO - 37 d6 09 3c 00 0a a4 00
INFO - 37 d8 49 3c 00 0a aa 00
INFO - 37 da 89 3c 00 0a b6 00
INFO - 37 dd c9 3c 00 0a c2 00
INFO - 37 df 09 3c 00 0a aa 00
INFO - 37 e2 49 3c 00 0a 80 00
INFO - 37 e4 89 3c 00 0a cd 00
INFO - 37 e6 c9 3c 00 0a 9c 00
INFO - 37 e9 09 3c 00 0a c1 00
INFO - 37 eb 49 3c 00 0a b4 00
INFO - 37 ed 89 3c 00 0a 91 00
INFO - 37 ef c9 3c 00 0a b3 00
INFO - 37 f2 09 3c 00 0a c0 00
INFO - 37 f4 49 3c 00 0a ac 00
INFO - 37 f6 89 3c 00 0a 99 00
INFO - 37 f8 c9 3c 00 0a b4 00
INFO - 37 fb 09 3c 00 0a be 00
INFO - 37 fc 49 3c 00 0a 90 00
INFO - 37 ff 89 3c 00 0a c0 00
INFO - 38 00 c9 3c 00 0a 85 00
INFO - 38 03 09 3c 00 0a c0 00
INFO - 38 05 49 3c 00 0a b4 00
INFO - 38 08 89 3c 00 0a bf 00
INFO - 38 0a c9 3c 00 0a ac 00
INFO - 38 0d 09 3c 00 0a c7 00
INFO - 38 0f 49 3c 00 0a 9d 00
INFO - 38 12 89 3c 00 0a db 00
INFO - 38 13 c9 3c 00 0a 82 00
INFO - 38 15 09 3c 00 0a a8 00
INFO - 38 18 49 3c 00 0a c4 00
INFO - 38 1a 89 3c 00 0a c7 00
INFO - 38 1e c9 3c 00 0a f9 00
INFO - 38 21 09 3c 00 0a c3 00
INFO - 38 23 49 3c 00 0a a8 00
INFO - 38 26 89 3c 00 0a e9 00
INFO - 38 29 c9 3c 00 0a b4 00
INFO - 38 2b 09 3c 00 0a 9a 00
INFO - 38 2d 49 3c 00 0a be 00
INFO - 38 2f 89 3c 00 0a ab 00
INFO - 38 32 c9 3c 00 0a d0 00
INFO - 38 34 09 3c 00 0a 94 00
INFO - 38 37 49 3c 00 0a d4 00
INFO - 38 39 89 3c 00 0a a2 00
INFO - 38 3c c9 3c 00 0a d7 00
INFO - 38 3e 09 3c 00 0a a6 00
INFO - 38 41 49 3c 00 0a c4 00
INFO - 38 43 89 3c 00 0a b1 00
INFO - 38 46 c9 3c 00 0a cc 00
INFO - 38 48 09 3c 00 0a be 00
INFO - 38 4b 49 3c 00 0a c7 00
INFO - 38 4d 89 3c 00 0a b2 00
INFO - 38 4f c9 3c 00 0a a3 00
INFO - 38 51 09 3c 00 0a 6a 00
INFO - 38 53 49 3c 00 0a a6 00
INFO - 38 55 89 3c 00 0a a3 00
INFO - 38 58 c9 3c 00 0a ef 00
INFO - 38 5b 09 3c 00 0a bb 00
INFO - 38 5e 49 3c 00 0a e2 00
INFO - 38 61 89 3c 00 0a c9 00
INFO - 38 63 c9 3c 00 0a a3 00
INFO - 38 66 09 3c 00 0a d7 00
INFO - 38 68 49 3c 00 0a 9b 00
INFO - 38 6a 89 3c 00 0a a6 00
INFO - 38 6c c9 3c 00 0a b1 00
INFO - 38 6f 09 3c 00 0a c6 00
INFO - 38 71 49 3c 00 0a 9a 00
INFO - 38 73 89 3c 00 0a c4 00
INFO - 38 75 c9 3c 00 0a 9f 00
INFO - 38 79 09 3c 00 0a f2 00
INFO - 38 7c 49 3c 00 0a c1 00
INFO - 38 7d 89 3c 00 0a 9d 00
INFO - 38 80 c9 3c 00 0a ae 00
INFO - 38 82 09 3c 00 0a a1 00
INFO - 38 85 49 3c 00 0a dd 00
INFO - 38 87 89 3c 00 0a 9f 00
INFO - 38 8a c9 3c 00 0a d3 00
INFO - 38 8c 09 3c 00 0a bc 00
INFO - 38 8e 49 3c 00 0a a0 00
INFO - 38 90 89 3c 00 0a 89 00
INFO - 38 91 c9 3c 00 0a 9e 00
INFO - 38 94 09 3c 00 0a a8 00
INFO - 38 95 49 3c 00 0a 9a 00
INFO - 38 98 89 3c 00 0a ac 00
INFO - 38 99 c9 3c 00 0a 9c 00
INFO - 38 9b 09 3c 00 0a 7e 00
INFO - 38 9d 49 3c 00 0a c7 00
INFO - 38 9f 89 3c 00 0a 8f 00
INFO - 38 a2 c9 3c 00 0a bf 00
INFO - 38 a3 09 3c 00 0a 89 00
INFO - 38 a5 49 3c 00 0a ac 00
INFO - 38 a7 89 3c 00 0a 95 00
INFO - 38 aa c9 3c 00 0a 83 00
INFO - 38 ac 09 3c 00 0a bb 00
INFO - 38 af 49 3c 00 0a c4 00
INFO - 38 b2 89 3c 00 0a cd 00
INFO - 38 b3 c9 3c 00 0a 93 00
INFO - 38 b6 09 3c 00 0a b0 00
INFO - 38 b9 49 3c 00 0a df 00
INFO - 38 bb 89 3c 00 0a bd 00
INFO - 38 bd c9 3c 00 0a 87 00
INFO - 38 bf 09 3c 00 0a 9c 00
INFO - 38 c0 49 3c 00 0a 91 00
INFO - 38 c2 89 3c 00 0a 85 00
INFO - 38 c4 c9 3c 00 0a a8 00
INFO - 38 c6 09 3c 00 0a a6 00
INFO - 38 c7 49 3c 00 0a 87 00
INFO - 38 c9 89 3c 00 0a 9c 00
INFO - 38 cb c9 3c 00 0a a2 00
INFO - 38 cd 09 3c 00 0a aa 00
INFO - 38 d0 49 3c 00 0a af 00
INFO - 38 d1 89 3c 00 0a 91 00
INFO - 38 d4 c9 3c 00 0a ba 00
INFO - 38 d5 09 3c 00 0a 91 00
INFO - 38 d8 49 3c 00 0a b6 00
INFO - 38 db 89 3c 00 0a c1 00
INFO - 38 dd c9 3c 00 0a b4 00
INFO - 38 df 09 3c 00 0a 9a 00
INFO - 38 e1 49 3c 00 0a ad 00
INFO - 38 e3 89 3c 00 0a 9e 00
INFO - 38 e5 c9 3c 00 0a af 00
INFO - 38 e7 09 3c 00 0a b1 00
INFO - 38 e9 49 3c 00 0a 96 00
INFO - 38 ec 89 3c 00 0a bc 00
INFO - 38 ed c9 3c 00 0a 91 00
INFO - 38 ef 09 3c 00 0a af 00
INFO - 38 f2 49 3c 00 0a ab 00
INFO - 38 f4 89 3c 00 0a a7 00
INFO - 38 f6 c9 3c 00 0a a4 00
INFO - 38 f8 09 3c 00 0a a4 00
INFO - 38 fa 49 3c 00 0a a1 00
INFO - 38 fb 89 3c 00 0a 95 00
INFO - 38 fd c9 3c 00 0a 85 00
INFO - 39 00 09 3c 00 0a cc 00
INFO - 39 01 49 3c 00 0a 9a 00
INFO - 39 04 89 3c 00 0a be 00
INFO - 39 06 c9 3c 00 0a 93 00
INFO - 39 07 09 3c 00 0a 9a 00
INFO - 39 09 49 3c 00 0a a3 00
INFO - 39 0c 89 3c 00 0a af 00
INFO - 39 0e c9 3c 00 0a b7 00
INFO - 39 10 09 3c 00 0a a0 00
INFO - 39 12 49 3c 00 0a 9d 00
INFO - 39 13 89 3c 00 0a 90 00
INFO - 39 15 c9 3c 00 0a 87 00
INFO - 39 16 09 3c 00 0a 90 00
INFO - 39 18 49 3c 00 0a 85 00
INFO - 39 1a 89 3c 00 0a a0 00
INFO - 39 1c c9 3c 00 0a ba 00
INFO - 39 1e 09 3c 00 0a 90 00
INFO - 39 20 49 3c 00 0a 9b 00
INFO - 39 21 89 3c 00 0a 8d 00
INFO - 39 23 c9 3c 00 0a ad 00
INFO - 39 26 09 3c 00 0a ae 00
INFO - 39 28 49 3c 00 0a c1 00
INFO - 39 2a 89 3c 00 0a ac 00
INFO - 39 2c c9 3c 00 0a 76 00
INFO - 39 2e 09 3c 00 0a 98 00
INFO - 39 33 49 3c 00 0b 37 00
INFO - 39 34 89 3c 00 0a 8c 00
INFO - 39 36 c9 3c 00 0a af 00
INFO - 39 38 09 3c 00 0a a3 00
INFO - 39 3a 49 3c 00 0a 8f 00
INFO - 39 3c 89 3c 00 0a b6 00
INFO - 39 3e c9 3c 00 0a 96 00
INFO - 39 40 09 3c 00 0a bb 00
INFO - 39 43 49 3c 00 0a b6 00
INFO - 39 44 89 3c 00 0a 8f 00
INFO - 39 46 c9 3c 00 0a 86 00
INFO - 39 48 09 3c 00 0a b7 00
INFO - 39 4b 49 3c 00 0a cb 00
INFO - 39 4d 89 3c 00 0a 90 00
INFO - 39 4f c9 3c 00 0a c2 00
INFO - 39 51 09 3c 00 0a 8d 00
INFO - 39 53 49 3c 00 0a b1 00
INFO - 39 54 89 3c 00 0a 7c 00
INFO - 39 57 c9 3c 00 0a ca 00
INFO - 39 59 09 3c 00 0a 97 00
INFO - 39 5b 49 3c 00 0a c4 00
INFO - 39 5d 89 3c 00 0a 91 00
INFO - 39 5f c9 3c 00 0a 98 00
INFO - 39 61 09 3c 00 0a 9a 00
INFO - 39 62 49 3c 00 0a 8f 00
INFO - 39 65 89 3c 00 0a cb 00
INFO - 39 67 c9 3c 00 0a a2 00
INFO - 39 69 09 3c 00 0a 8f 00
INFO - 39 6b 49 3c 00 0a a2 00
INFO - 39 6c 89 3c 00 0a 82 00
INFO - 39 6e c9 3c 00 0a 9c 00
INFO - 39 70 09 3c 00 0a bf 00
INFO - 39 72 49 3c 00 0a 86 00
INFO - 39 74 89 3c 00 0a a7 00
INFO - 39 76 c9 3c 00 0a 9b 00
INFO - 39 79 09 3c 00 0a d3 00
INFO - 39 7a 49 3c 00 0a 7b 00
INFO - 39 7c 89 3c 00 0a bf 00
INFO - 39 7f c9 3c 00 0a b5 00
INFO - 39 81 09 3c 00 0a a2 00
INFO - 39 83 49 3c 00 0a c6 00
INFO - 39 85 89 3c 00 0a 7d 00
INFO - 39 86 c9 3c 00 0a 98 00
INFO - 39 89 09 3c 00 0a ab 00
INFO - 39 8b 49 3c 00 0a a8 00
INFO - 39 8c 89 3c 00 0a 9b 00
INFO - 39 8f c9 3c 00 0a bf 00
INFO - 39 91 09 3c 00 0a ac 00
INFO - 39 94 49 3c 00 0a b7 00
INFO - 39 96 89 3c 00 0a bb 00
INFO - 39 98 c9 3c 00 0a 9c 00
INFO - 39 9a 09 3c 00 0a ac 00
INFO - 39 9c 49 3c 00 0a b6 00
INFO - 39 9e 89 3c 00 0a 9a 00
INFO - 39 a0 c9 3c 00 0a 9c 00
INFO - 39 a2 09 3c 00 0a 8f 00
INFO - 39 a4 49 3c 00 0a c0 00
INFO - 39 a6 89 3c 00 0a a2 00
INFO - 39 a9 c9 3c 00 0a b2 00
INFO - 39 aa 09 3c 00 0a 92 00
INFO - 39 ac 49 3c 00 0a 8f 00
INFO - 39 ae 89 3c 00 0a bf 00
INFO - 39 b0 c9 3c 00 0a 8e 00
INFO - 39 b2 09 3c 00 0a bd 00
INFO - 39 b4 49 3c 00 0a 84 00
INFO - 39 b6 89 3c 00 0a ae 00
INFO - 39 b8 c9 3c 00 0a a2 00
INFO - 39 ba 09 3c 00 0a bb 00
INFO - 39 bd 49 3c 00 0a a4 00
INFO - 39 bf 89 3c 00 0a b6 00
INFO - 39 c0 c9 3c 00 0a 83 00
INFO - 39 c2 09 3c 00 0a 8e 00
INFO - 39 c4 49 3c 00 0a b5 00
INFO - 39 c7 89 3c 00 0a bc 00
INFO - 39 c8 c9 3c 00 0a 85 00
INFO - 39 ca 09 3c 00 0a 92 00
INFO - 39 cb 49 3c 00 0a 85 00
INFO - 39 cc 89 3c 00 0a 86 00
INFO - 39 ce c9 3c 00 0a 94 00
INFO - 39 d0 09 3c 00 0a 86 00
INFO - 39 d2 49 3c 00 0a a6 00
INFO - 39 d3 89 3c 00 0a 8f 00
INFO - 39 d5 c9 3c 00 0a a3 00
INFO - 39 d7 09 3c 00 0a ae 00
INFO - 39 d9 49 3c 00 0a 8e 00
INFO - 39 db 89 3c 00 0a a6 00
INFO - 39 dd c9 3c 00 0a b8 00
INFO - 39 df 09 3c 00 0a 86 00
INFO - 39 e1 49 3c 00 0a bf 00
INFO - 39 e3 89 3c 00 0a 9d 00
INFO - 39 e5 c9 3c 00 0a 92 00
INFO - 39 e7 09 3c 00 0a a2 00
INFO - 39 e9 49 3c 00 0a ab 00
INFO - 39 ec 89 3c 00 0a bb 00
INFO - 39 ed c9 3c 00 0a 90 00
INFO - 39 ef 09 3c 00 0a 99 00
INFO - 39 f1 49 3c 00 0a 97 00
INFO - 39 f3 89 3c 00 0a b5 00
INFO - 39 f5 c9 3c 00 0a b4 00
INFO - 39 f7 09 3c 00 0a 8f 00
INFO - 39 f9 49 3c 00 0a 92 00
INFO - 39 fb 89 3c 00 0a b8 00
INFO - 39 fd c9 3c 00 0a 8d 00
INFO - 39 fe 09 3c 00 0a 9d 00
INFO - 3a 00 49 3c 00 0a 9a 00
INFO - 3a 03 89 3c 00 0a e1 00
INFO - 3a 06 c9 3c 00 0a ac 00
INFO - 3a 08 09 3c 00 0a ac 00
INFO - 3a 0a 49 3c 00 0a a8 00
INFO - 3a 0e 89 3c 00 0b 09 00
INFO - 3a 10 c9 3c 00 0a a5 00
INFO - 3a 12 09 3c 00 0a a0 00
INFO - 3a 14 49 3c 00 0a 9d 00
INFO - 3a 16 89 3c 00 0a a4 00
INFO - 3a 17 c9 3c 00 0a 87 00
INFO - 3a 19 09 3c 00 0a 91 00
INFO - 3a 1b 49 3c 00 0a 97 00
INFO - 3a 1c 89 3c 00 0a 91 00
INFO - 3a 1e c9 3c 00 0a a7 00
INFO - 3a 20 09 3c 00 0a 7c 00
INFO - 3a 23 49 3c 00 0a eb 00
INFO - 3a 25 89 3c 00 0a a1 00
INFO - 3a 28 c9 3c 00 0a cf 00
INFO - 3a 2a 09 3c 00 0a 9a 00
INFO - 3a 2b 49 3c 00 0a 90 00
INFO - 3a 2d 89 3c 00 0a 8e 00
INFO - 3a 2f c9 3c 00 0a 9b 00
INFO - 3a 30 09 3c 00 0a 90 00
INFO - 3a 32 49 3c 00 0a a3 00
INFO - 3a 35 89 3c 00 0a d4 00
INFO - 3a 37 c9 3c 00 0a 96 00
INFO - 3a 39 09 3c 00 0a a7 00
INFO - 3a 3c 49 3c 00 0a c8 00
INFO - 3a 3e 89 3c 00 0a ab 00
INFO - 3a 3f c9 3c 00 0a 84 00
INFO - 3a 42 09 3c 00 0a b1 00
INFO - 3a 44 49 3c 00 0a ad 00
INFO - 3a 46 89 3c 00 0a 97 00
INFO - 3a 47 c9 3c 00 0a 8e 00
INFO - 3a 49 09 3c 00 0a a5 00
INFO - 3a 4b 49 3c 00 0a 90 00
INFO - 3a 4d 89 3c 00 0a 95 00
INFO - 3a 4f c9 3c 00 0a a9 00
INFO - 3a 51 09 3c 00 0a bb 00
INFO - 3a 53 49 3c 00 0a 92 00
INFO - 3a 55 89 3c 00 0a b5 00
INFO - 3a 57 c9 3c 00 0a 94 00
INFO - 3a 59 09 3c 00 0a 94 00
INFO - 3a 5a 49 3c 00 0a 8b 00
INFO - 3a 5c 89 3c 00 0a 94 00
INFO - 3a 5e c9 3c 00 0a 9e 00
INFO - 3a 5f 09 3c 00 0a 64 00
INFO - 3a 60 49 3c 00 0a 82 00
INFO - 3a 63 89 3c 00 0a bc 00
INFO - 3a 65 c9 3c 00 0a b0 00
INFO - 3a 67 09 3c 00 0a 95 00
INFO - 3a 69 49 3c 00 0a a2 00
INFO - 3a 6b 89 3c 00 0a bb 00
INFO - 3a 6d c9 3c 00 0a 8a 00
INFO - 3a 6f 09 3c 00 0a 99 00
INFO - 3a 70 49 3c 00 0a 97 00
INFO - 3a 72 89 3c 00 0a 7f 00
INFO - 3a 73 c9 3c 00 0a 8a 00
INFO - 3a 73 09 3c 00 0a 8a 00
INFO - 3a 73 49 3c 00 0a 8a 00
INFO - 3a 73 89 3c 00 0a 8a 00
INFO - 3a 73 c9 3c 00 0a 8a 00
INFO - 3a 73 09 3c 00 0a 8a 00
INFO - 3a 73 49 3c 00 0a 8a 00
INFO - 3a 73 89 3c 00 0a 8a 00
INFO - 3a 73 c9 3c 00 0a 8a 00
INFO - 3a 73 09 3c 00 0a 8a 00
INFO - 3a 73 49 3c 00 0a 8a 00
