INFO - 40 00 c9 00 f9 41 00 23
INFO - 40 44 09 00 f9 41 00 23
INFO - 41 4b 49 00 f9 41 00 23
INFO - 43 3e 89 00 f9 41 00 23
INFO - 44 d5 c9 00 f9 41 00 23
INFO - 45 32 09 00 f9 41 00 23
INFO - 45 bf 49 00 f9 51 00 20
INFO - 46 03 89 00 f9 51 00 20
INFO - 46 37 c9 00 f9 41 00 23
INFO - 46 b6 09 00 f9 41 00 23
INFO - 47 26 49 00 f9 41 00 23
INFO - 49 1b 89 00 f9 41 00 23
INFO - 49 6f c9 00 f9 41 00 23
INFO - 49 dc 09 00 f9 51 00 20
INFO - 49 ee 49 00 f9 51 00 20
INFO - 4a 02 89 00 f9 41 00 24
INFO - 4a b1 c9 00 f9 51 00 20
INFO - 4b 12 09 00 f9 41 00 23
INFO - 4b 2a 49 00 f9 41 00 23
INFO - 4b a5 89 00 f9 41 00 23
INFO - 4c 6d c9 00 f9 41 00 23
INFO - 4c 8c 09 00 f9 51 00 20
INFO - 4c ac 49 00 f9 51 00 20
INFO - 4c d3 89 00 f9 41 00 24
INFO - 4e 8f c9 00 f9 41 00 24
INFO - 50 89 09 00 f9 41 00 24
INFO - 51 3d 49 00 f9 51 00 20
INFO - 51 4a 89 00 f9 51 00 20
INFO - 51 5c c9 00 f9 41 00 23
INFO - 52 77 09 00 f9 41 00 23
INFO - 54 70 49 00 f9 41 00 23
INFO - 54 af 89 00 f9 51 00 20
INFO - 54 c5 c9 00 f9 51 00 20
INFO - 54 cf 09 00 f9 41 00 24
INFO - 55 87 49 00 f9 51 00 20
INFO - 55 d2 89 00 f9 41 00 23
INFO - 56 5f c9 00 f9 41 00 23
INFO - 58 58 09 00 f9 41 00 23
INFO - 5a 46 49 00 f9 41 00 23
INFO - 5c 40 89 00 f9 41 00 23
INFO - 5e 4e c9 00 f9 41 00 23
INFO - 40 44 09 00 f9 41 00 23
INFO - 40 96 49 00 f9 51 00 20
INFO - 40 be 89 00 f9 51 00 20
INFO - 41 00 c9 00 f9 41 00 23
INFO - 42 17 09 00 f9 41 00 23
INFO - 44 11 49 00 f9 41 00 23
INFO - 46 20 89 00 f9 41 00 23
INFO - 48 14 c9 00 f9 41 00 23
INFO - 4a 08 09 00 f9 41 00 23
INFO - 4a 2f 49 00 f9 51 00 20
INFO - 4a 63 89 00 f9 51 00 20
INFO - 4a 9b c9 00 f9 41 00 23
