INFO - 20 00 8b 3c 00 0a 40 00
INFO - 20 06 cb 3c 00 0b 3f 00
INFO - 20 13 0b 3c 00 0a 9f 00
INFO - 20 18 4b 3c 00 0b 5e 00
INFO - 20 18 8b 3c 00 0b 5e 00
INFO - 20 1d cb 3c 00 0a a8 00
INFO - 20 1f 0b 3c 00 0a cf 00
INFO - 20 23 4b 3c 00 0a dc 00
INFO - 20 23 8b 3c 00 0a dc 00
INFO - 20 23 cb 3c 00 0a dc 00
INFO - 20 23 0b 3c 00 0a dc 00
INFO - 20 2e 4b 3c 00 0a d4 00
INFO - 20 31 8b 3c 00 0a b5 00
INFO - 20 31 cb 3c 00 0a b5 00
INFO - 20 31 0b 3c 00 0a b5 00
INFO - 20 31 4b 3c 00 0a b5 00
INFO - 20 3c 8b 3c 00 0a c7 00
INFO - 20 3f cb 3c 00 0a cc 00
INFO - 20 3f 0b 3c 00 0a cc 00
INFO - 20 3f 4b 3c 00 0a cc 00
INFO - 20 3f 8b 3c 00 0a cc 00
INFO - 20 46 cb 3c 00 0a 9d 00
INFO - 20 46 0b 3c 00 0a 9d 00
INFO - 20 46 4b 3c 00 0a 9d 00
INFO - 20 51 8b 3c 00 0a f8 00
INFO - 20 51 cb 3c 00 0a f8 00
INFO - 20 56 0b 3c 00 0a ba 00
INFO - 20 58 4b 3c 00 0a a5 00
INFO - 20 58 8b 3c 00 0a a5 00
INFO - 20 5f cb 3c 00 0a e8 00
INFO - 20 62 0b 3c 00 0a db 00
INFO - 20 65 4b 3c 00 0a ea 00
INFO - 20 67 8b 3c 00 0a 9a 00
INFO - 20 69 cb 3c 00 0a b2 00
INFO - 20 6c 0b 3c 00 0a ce 00
INFO - 20 70 4b 3c 00 0a f5 00
INFO - 20 72 8b 3c 00 0a 9b 00
INFO - 20 75 cb 3c 00 0a de 00
INFO - 20 78 0b 3c 00 0a c0 00
INFO - 20 7a 4b 3c 00 0a aa 00
INFO - 20 7c 8b 3c 00 0a c0 00
INFO - 20 7f cb 3c 00 0a c5 00
INFO - 20 82 0b 3c 00 0a dd 00
INFO - 20 85 4b 3c 00 0a cd 00
INFO - 20 87 8b 3c 00 0a ad 00
INFO - 20 8a cb 3c 00 0a b9 00
INFO - 20 8d 0b 3c 00 0a f7 00
INFO - 20 91 4b 3c 00 0a e8 00
INFO - 20 94 8b 3c 00 0a d2 00
INFO - 20 96 cb 3c 00 0a a9 00
INFO - 20 98 0b 3c 00 0a b6 00
INFO - 20 9a 4b 3c 00 0a b3 00
INFO - 20 9f 8b 3c 00 0b 20 00
INFO - 20 a2 cb 3c 00 0a d4 00
INFO - 20 a5 0b 3c 00 0a cd 00
INFO - 20 a7 4b 3c 00 0a 9e 00
INFO - 20 a9 8b 3c 00 0a c3 00
INFO - 20 ac cb 3c 00 0a c3 00
INFO - 20 ae 0b 3c 00 0a b4 00
INFO - 20 b2 4b 3c 00 0a fa 00
INFO - 20 b4 8b 3c 00 0a b4 00
INFO - 20 b7 cb 3c 00 0a b8 00
INFO - 20 ba 0b 3c 00 0a ce 00
INFO - 20 be 4b 3c 00 0b 06 00
INFO - 20 c1 8b 3c 00 0a da 00
INFO - 20 c4 cb 3c 00 0a d2 00
INFO - 20 c6 0b 3c 00 0a a6 00
INFO - 20 c8 4b 3c 00 0a c4 00
INFO - 20 ca 8b 3c 00 0a 8e 00
INFO - 20 cd cb 3c 00 0a dc 00
INFO - 20 cf 0b 3c 00 0a b5 00
INFO - 20 d1 4b 3c 00 0a 99 00
INFO - 20 d4 8b 3c 00 0a d2 00
INFO - 20 d7 cb 3c 00 0a d0 00
INFO - 20 d9 0b 3c 00 0a 73 00
INFO - 20 db 4b 3c 00 0a ab 00
INFO - 20 de 8b 3c 00 0a dd 00
INFO - 20 e0 cb 3c 00 0a a9 00
INFO - 20 e3 0b 3c 00 0a d0 00
INFO - 20 e5 4b 3c 00 0a a6 00
INFO - 20 e8 8b 3c 00 0a b9 00
INFO - 20 ea cb 3c 00 0a c1 00
INFO - 20 ed 0b 3c 00 0a d3 00
INFO - 20 f0 4b 3c 00 0a d1 00
INFO - 20 f4 8b 3c 00 0a e9 00
INFO - 20 f6 cb 3c 00 0a b8 00
INFO - 20 f9 0b 3c 00 0a db 00
INFO - 20 fc 4b 3c 00 0a c5 00
INFO - 20 fe 8b 3c 00 0a a8 00
INFO - 21 00 cb 3c 00 0a b8 00
INFO - 21 03 0b 3c 00 0a d1 00
INFO - 21 06 4b 3c 00 0a d0 00
INFO - 21 09 8b 3c 00 0a c3 00
INFO - 21 0c cb 3c 00 0a ce 00
INFO - 21 0e 0b 3c 00 0a 9d 00
INFO - 21 10 4b 3c 00 0a ce 00
INFO - 21 13 8b 3c 00 0a c5 00
INFO - 21 15 cb 3c 00 0a a8 00
INFO - 21 18 0b 3c 00 0a cf 00
INFO - 21 1a 4b 3c 00 0a 9b 00
INFO - 21 1d 8b 3c 00 0a da 00
INFO - 21 20 cb 3c 00 0a d1 00
INFO - 21 22 0b 3c 00 0a 9a 00
INFO - 21 24 4b 3c 00 0a b4 00
INFO - 21 28 8b 3c 00 0a f5 00
INFO - 21 2b cb 3c 00 0a da 00
INFO - 21 2d 0b 3c 00 0a c1 00
INFO - 21 30 4b 3c 00 0a b1 00
INFO - 21 32 8b 3c 00 0a a8 00
INFO - 21 34 cb 3c 00 0a c0 00
INFO - 21 37 0b 3c 00 0a da 00
INFO - 21 3a 4b 3c 00 0a c0 00
INFO - 21 3e 8b 3c 00 0a ff 00
INFO - 21 41 cb 3c 00 0a cb 00
INFO - 21 43 0b 3c 00 0a c3 00
INFO - 21 45 4b 3c 00 0a a6 00
INFO - 21 48 8b 3c 00 0a b1 00
INFO - 21 4a cb 3c 00 0a b5 00
INFO - 21 4e 0b 3c 00 0a f2 00
INFO - 21 51 4b 3c 00 0a dd 00
INFO - 21 52 8b 3c 00 0a 97 00
INFO - 21 55 cb 3c 00 0a b6 00
INFO - 21 5a 0b 3c 00 0b 42 00
INFO - 21 5c 4b 3c 00 0a 9a 00
INFO - 21 5e 8b 3c 00 0a a4 00
INFO - 21 60 cb 3c 00 0a b7 00
INFO - 21 63 0b 3c 00 0a be 00
INFO - 21 65 4b 3c 00 0a c5 00
INFO - 21 68 8b 3c 00 0a c1 00
INFO - 21 6b cb 3c 00 0a c2 00
INFO - 21 6e 0b 3c 00 0a f3 00
INFO - 21 70 4b 3c 00 0a ac 00
INFO - 21 73 8b 3c 00 0a be 00
INFO - 21 75 cb 3c 00 0a ad 00
INFO - 21 79 0b 3c 00 0b 0c 00
INFO - 21 7b 4b 3c 00 0a a1 00
INFO - 21 7e 8b 3c 00 0a cc 00
INFO - 21 80 cb 3c 00 0a ad 00
INFO - 21 82 0b 3c 00 0a 9d 00
INFO - 21 85 4b 3c 00 0a dd 00
INFO - 21 88 8b 3c 00 0a b0 00
INFO - 21 8b cb 3c 00 0a fd 00
INFO - 21 8e 0b 3c 00 0a bf 00
INFO - 21 90 4b 3c 00 0a ae 00
INFO - 21 93 8b 3c 00 0a b6 00
INFO - 21 95 cb 3c 00 0a b8 00
INFO - 21 97 0b 3c 00 0a 96 00
INFO - 21 9a 4b 3c 00 0a 85 00
INFO - 21 9c 8b 3c 00 0a b0 00
INFO - 21 9f cb 3c 00 0a f2 00
INFO - 21 a2 0b 3c 00 0a b1 00
INFO - 21 a4 4b 3c 00 0a cb 00
INFO - 21 a7 8b 3c 00 0a d2 00
INFO - 21 aa cb 3c 00 0a d0 00
