INFO - 40 00 8a 00 f9 41 00 23
INFO - 41 db ca 00 f9 41 00 23
INFO - 43 cf 0a 00 f9 41 00 23
INFO - 45 c3 4a 00 f9 41 00 23
INFO - 47 66 8a 00 f9 41 00 23
INFO - 47 df ca 00 f9 41 00 23
INFO - 48 ee 0a 00 f9 41 00 23
INFO - 49 e1 4a 00 f9 51 00 20
INFO - 4a 31 8a 00 f9 41 00 24
INFO - 4a b5 ca 00 f9 51 00 20
INFO - 4a c6 0a 00 f9 51 00 20
INFO - 4a d4 4a 00 f9 41 00 23
INFO - 4a ea 8a 00 f9 41 00 23
INFO - 4b 85 ca 00 f9 41 00 23
INFO - 4d 35 0a 00 f9 41 00 23
INFO - 4d 66 4a 00 f9 51 00 20
INFO - 4d 84 8a 00 f9 51 00 20
INFO - 4d 9e ca 00 f9 41 00 24
INFO - 4d cd 0a 00 f9 41 00 24
INFO - 4f 6d 4a 00 f9 41 00 24
INFO - 51 66 8a 00 f9 41 00 24
INFO - 51 e8 ca 00 f9 41 00 24
INFO - 52 82 0a 00 f9 51 00 20
INFO - 52 94 4a 00 f9 51 00 20
INFO - 52 a4 8a 00 f9 41 00 23
INFO - 53 26 ca 00 f9 41 00 23
INFO - 53 bd 0a 00 f9 51 00 20
INFO - 54 14 4a 00 f9 41 00 24
INFO - 54 c9 8a 00 f9 51 00 20
INFO - 54 d9 ca 00 f9 51 00 20
INFO - 54 e7 0a 00 f9 41 00 23
INFO - 55 5f 4a 00 f9 41 00 23
INFO - 55 d0 8a 00 f9 41 00 23
INFO - 57 b9 ca 00 f9 41 00 23
INFO - 58 1b 0a 00 f9 41 00 23
INFO - 58 7e 4a 00 f9 51 00 20
INFO - 58 8e 8a 00 f9 51 00 20
INFO - 58 a1 ca 00 f9 41 00 24
INFO - 59 04 0a 00 f9 51 00 20
INFO - 59 4e 4a 00 f9 41 00 23
INFO - 59 b7 8a 00 f9 41 00 23
INFO - 5b ac ca 00 f9 41 00 23
INFO - 5d a0 0a 00 f9 41 00 23
INFO - 5f 95 4a 00 f9 41 00 23
INFO - 40 92 8a 00 f9 51 00 20
INFO - 40 d4 ca 00 f9 59 00 00
INFO - 41 05 0a 00 f9 49 00 02
