INFO - 80 57 88 08 40 27 89 e2
INFO - 80 57 c8 20 40 28 0e 03
INFO - 80 57 08 40 40 20 00 79
INFO - 80 59 08 08 40 27 89 e2
INFO - 80 59 48 20 40 28 0e 01
INFO - 80 59 88 40 40 21 e4 fc
INFO - 80 5b 88 08 40 27 89 e2
INFO - 80 5b c8 20 40 28 05 ff
INFO - 80 5b 08 40 40 23 f0 fd
INFO - 80 5d 08 08 40 27 8a 0f
INFO - 80 5d 48 20 40 27 fd ff
INFO - 80 5d 88 40 40 23 f4 01
INFO - 80 5f 88 08 40 28 3e 1e
INFO - 80 5f c8 20 40 27 fe 01
INFO - 80 5f 08 40 40 20 04 fc
INFO - 80 61 08 08 40 28 7a 03
INFO - 80 61 48 20 40 28 06 03
INFO - 80 61 88 40 40 23 f0 00
INFO - 80 63 88 08 40 28 0d fa
INFO - 80 63 c8 20 40 28 0e 05
INFO - 80 63 08 40 40 20 00 01
INFO - 80 65 08 08 40 27 e9 fa
INFO - 80 65 48 20 40 28 16 05
INFO - 80 65 88 40 40 20 04 fc
INFO - 80 67 88 08 40 27 e9 fa
INFO - 80 67 c8 20 40 28 16 03
INFO - 80 67 08 40 40 23 f0 01
INFO - 80 69 08 08 40 27 e9 fa
INFO - 80 69 48 20 40 28 0e 01
INFO - 80 69 88 40 40 20 04 fc
INFO - 80 6b 88 08 40 27 e9 fa
INFO - 80 6b c8 20 40 28 06 01
INFO - 80 6b 08 40 40 23 f0 fd
INFO - 80 6d 08 08 40 27 e9 fa
INFO - 80 6d 48 20 40 28 06 01
INFO - 80 6d 88 40 40 23 f4 01
INFO - 80 6f 88 08 40 27 e9 fa
INFO - 80 6f c8 20 40 28 06 03
INFO - 80 6f 08 40 40 20 04 fc
INFO - 80 71 08 08 40 27 ea 0c
INFO - 80 71 48 20 40 28 0e 05
INFO - 80 71 88 40 40 23 f0 00
INFO - 80 73 88 08 40 28 32 12
INFO - 80 73 c8 20 40 28 16 07
INFO - 80 73 08 40 40 20 00 01
INFO - 80 75 08 08 40 28 4a 12
INFO - 80 75 48 20 40 28 1e 07
INFO - 80 75 88 40 40 20 04 fc
INFO - 80 77 88 08 40 28 4a 12
INFO - 80 77 c8 20 40 28 1e 05
INFO - 80 77 08 40 40 23 f0 fd
INFO - 80 79 08 08 40 28 4a 12
INFO - 80 79 48 20 40 28 16 05
INFO - 80 79 88 40 40 23 f4 01
INFO - 80 7b 88 08 40 28 4a 12
INFO - 80 7b c8 20 40 28 16 05
INFO - 80 7b 08 40 40 20 04 fc
INFO - 80 7d 08 08 40 28 4a 12
INFO - 80 7d 48 20 40 28 16 05
INFO - 80 7d 88 40 40 23 f0 01
INFO - 80 7f 88 08 40 28 4a 12
INFO - 80 7f c8 20 40 28 16 05
INFO - 80 7f 08 40 40 20 04 fc
INFO - 80 81 08 08 40 28 4a 12
INFO - 80 81 48 20 40 28 16 05
INFO - 80 81 88 40 40 23 f0 00
INFO - 80 83 88 08 40 28 4a 12
INFO - 80 83 c8 20 40 28 16 05
INFO - 80 83 08 40 40 20 00 01
INFO - 80 85 08 08 40 28 4a 12
INFO - 80 85 48 20 40 28 16 03
INFO - 80 85 88 40 40 20 04 fc
INFO - 80 87 88 08 40 28 4a 12
INFO - 80 87 c8 20 40 28 0e 03
INFO - 80 87 08 40 40 23 f0 fd
INFO - 80 89 08 08 41 18 4a 4e
INFO - 80 89 48 20 41 18 0e 05
INFO - 80 89 88 40 41 13 f4 00
INFO - 80 9a 08 08 40 49 3a 4e
INFO - 80 9a 48 20 40 48 16 01
INFO - 80 9a 88 40 40 40 00 00
INFO - 80 9e 88 08 40 29 3a 4e
INFO - 80 9e c8 20 40 28 06 01
INFO - 80 9e 08 40 40 20 00 00
INFO - 80 a0 08 08 40 29 3a 4e
INFO - 80 a0 48 20 40 28 06 01
INFO - 80 a0 88 40 40 20 00 fc
INFO - 80 a2 88 08 40 29 3a 4e
INFO - 80 a2 c8 20 40 28 06 03
INFO - 80 a2 08 40 40 23 f0 01
INFO - 80 a4 08 08 40 29 3a 4e
INFO - 80 a4 48 20 40 28 0e 05
INFO - 80 a4 88 40 40 20 04 fc
INFO - 80 a6 88 08 40 69 3a 4e
INFO - 80 a6 c8 20 40 68 16 05
INFO - 80 a6 08 40 40 63 f0 00
INFO - 80 ac 08 08 40 29 3a 4e
INFO - 80 ac 48 20 40 28 16 03
INFO - 80 ac 88 40 40 20 00 fd
INFO - 80 ae 88 08 40 29 3a 6b
INFO - 80 ae c8 20 40 28 0e 03
INFO - 80 ae 08 40 40 23 f4 01
INFO - 80 b0 08 08 40 29 ae 72
INFO - 80 b0 48 20 40 28 0e 03
INFO - 80 b0 88 40 40 20 04 fc
INFO - 80 b2 88 08 40 29 ca 72
INFO - 80 b2 c8 20 40 28 0e 03
INFO - 80 b2 08 40 40 23 f0 01
INFO - 80 b4 08 08 40 29 ca 72
INFO - 80 b4 48 20 40 28 0e 03
INFO - 80 b4 88 40 40 20 04 fc
INFO - 80 b6 88 08 40 29 ca 72
INFO - 80 b6 c8 20 40 28 0e 03
INFO - 80 b6 08 40 40 23 f0 00
INFO - 80 b8 08 08 40 29 ca 72
INFO - 80 b8 48 20 40 28 0e 03
INFO - 80 b8 88 40 40 20 00 01
INFO - 80 ba 88 08 40 29 ca 72
INFO - 80 ba c8 20 40 28 0e 03
INFO - 80 ba 08 40 40 20 04 fc
INFO - 80 bc 08 08 40 29 ca 72
INFO - 80 bc 48 20 40 28 0e 03
INFO - 80 bc 88 40 40 23 f0 01
INFO - 80 be 88 08 40 29 ca 72
INFO - 80 be c8 20 40 28 0e 03
INFO - 80 be 08 40 40 20 04 fc
INFO - 80 c0 08 08 40 29 ca 72
INFO - 80 c0 48 20 40 28 0e 03
INFO - 80 c0 88 40 40 23 f0 00
INFO - 80 c2 88 08 40 29 ca 1d
INFO - 80 c2 c8 20 40 28 0e 03
INFO - 80 c2 08 40 40 20 00 01
INFO - 80 c4 08 08 40 28 76 06
INFO - 80 c4 48 20 40 28 0e 01
INFO - 80 c4 88 40 40 20 04 fc
INFO - 80 c6 88 08 40 28 1a 06
INFO - 80 c6 c8 20 40 28 06 01
INFO - 80 c6 08 40 40 23 f0 fd
INFO - 80 c8 08 08 40 28 1a 06
INFO - 80 c8 48 20 40 28 06 03
INFO - 80 c8 88 40 40 23 f4 01
INFO - 80 ca 88 08 40 28 1a 06
INFO - 80 ca c8 20 40 28 0e 05
INFO - 80 ca 08 40 40 20 04 fc
INFO - 80 cc 08 08 40 28 1a 06
INFO - 80 cc 48 20 40 28 16 05
INFO - 80 cc 88 40 40 23 f0 00
INFO - 80 ce 88 08 40 28 1a 06
INFO - 80 ce c8 20 40 28 16 05
INFO - 80 ce 08 40 40 20 00 01
INFO - 80 d0 08 08 40 28 1a 06
INFO - 80 d0 48 20 40 28 16 05
INFO - 80 d0 88 40 40 20 04 fc
INFO - 80 d2 88 08 40 28 1a 06
INFO - 80 d2 c8 20 40 28 16 05
INFO - 80 d2 08 40 40 23 f0 01
INFO - 80 d4 08 08 40 08 1a 06
INFO - 80 d4 48 20 40 08 16 05
INFO - 80 d4 88 40 40 00 04 c3
INFO - a1 9e 48 40 57 00 00 02
INFO - a1 9e 88 40 57 00 00 02
INFO - a1 9e c8 40 57 00 00 02
INFO - a1 9e 08 40 57 00 00 02
INFO - a9 9a 88 40 57 00 00 02
INFO - a9 9a c8 40 57 00 00 02
INFO - a9 9a 08 40 57 00 00 02
INFO - a9 9a 48 40 57 00 00 02
INFO - ac 50 88 40 57 00 00 02
INFO - ac 50 c8 40 57 00 00 02
INFO - ac 50 08 40 57 00 00 02
INFO - ac 50 48 40 57 00 00 02
INFO - b1 24 08 40 57 00 00 02
INFO - b1 24 48 40 57 00 00 02
INFO - b1 24 88 40 57 00 00 02
INFO - b1 24 c8 40 57 00 00 02
INFO - b1 24 08 40 57 00 00 02
INFO - b4 ee 48 40 57 00 00 02
INFO - b4 ee 88 40 57 00 00 02
INFO - b4 ee c8 40 57 00 00 02
INFO - b4 ee 08 40 57 00 00 02
INFO - b4 ee 48 40 57 00 00 02
INFO - b5 e8 48 40 57 00 00 02
INFO - b5 e8 88 40 57 00 00 02
INFO - b5 e8 c8 40 57 00 00 02
INFO - b5 e8 08 40 57 00 00 02
INFO - b6 b5 c8 40 57 00 00 02
INFO - b6 b5 08 40 57 00 00 02
INFO - b6 b5 48 40 57 00 00 02
INFO - b6 b5 88 40 57 00 00 02
