INFO - 40 00 c8 00 f9 41 00 23
INFO - 40 3f 08 00 f9 51 00 20
INFO - 40 4a 48 00 f9 51 00 20
INFO - 40 55 88 00 f9 41 00 24
INFO - 40 94 c8 00 f9 41 00 24
INFO - 40 fa 08 00 f9 51 00 20
INFO - 41 30 48 00 f9 41 00 23
INFO - 42 6b 88 00 f9 41 00 23
INFO - 44 78 c8 00 f9 41 00 23
INFO - 46 6c 08 00 f9 41 00 23
INFO - 48 60 48 00 f9 41 00 23
INFO - 4a 02 88 00 f9 41 00 23
INFO - 4a 7c c8 00 f9 41 00 23
INFO - 4b 8b 08 00 f9 41 00 23
INFO - 4c 7d 48 00 f9 51 00 20
INFO - 4c cd 88 00 f9 41 00 24
INFO - 4d 51 c8 00 f9 51 00 20
INFO - 4d 62 08 00 f9 51 00 20
INFO - 4d 70 48 00 f9 41 00 23
INFO - 4d 86 88 00 f9 41 00 23
INFO - 4e 21 c8 00 f9 41 00 23
INFO - 4f d1 08 00 f9 41 00 23
INFO - 50 02 48 00 f9 51 00 20
INFO - 50 21 88 00 f9 51 00 20
INFO - 50 3a c8 00 f9 41 00 24
INFO - 50 6a 08 00 f9 41 00 24
INFO - 52 09 48 00 f9 41 00 24
INFO - 54 02 88 00 f9 41 00 24
INFO - 54 84 c8 00 f9 41 00 24
INFO - 55 1e 08 00 f9 51 00 20
INFO - 55 30 48 00 f9 51 00 20
INFO - 55 40 88 00 f9 41 00 23
INFO - 55 c2 c8 00 f9 41 00 23
INFO - 56 59 08 00 f9 51 00 20
INFO - 56 b0 48 00 f9 41 00 24
INFO - 57 65 88 00 f9 51 00 20
INFO - 57 75 c8 00 fb 59 00 00
INFO - 57 87 08 00 fb 49 00 02
