INFO - 20 00 48 3c 00 0a 40 00
INFO - 20 08 88 3c 00 0b 9d 00
INFO - 20 13 c8 3c 00 0a 93 00
INFO - 20 1c 08 3c 00 0b b4 00
INFO - 20 1c 48 3c 00 0b b4 00
INFO - 20 1f 88 3c 00 0a 92 00
INFO - 20 22 c8 3c 00 0a 76 00
INFO - 20 24 08 3c 00 0a b3 00
INFO - 20 24 48 3c 00 0a b3 00
INFO - 20 27 88 3c 00 0a 81 00
INFO - 20 2a c8 3c 00 0a fc 00
INFO - 20 2a 08 3c 00 0a fc 00
INFO - 20 2f 48 3c 00 0a b0 00
INFO - 20 2f 88 3c 00 0a b0 00
INFO - 20 34 c8 3c 00 0a bc 00
INFO - 20 37 08 3c 00 0a f3 00
INFO - 20 37 48 3c 00 0a f3 00
INFO - 20 3c 88 3c 00 0a ba 00
INFO - 20 3c c8 3c 00 0a ba 00
INFO - 20 3f 08 3c 00 0a 8f 00
INFO - 20 3f 48 3c 00 0a 8f 00
INFO - 20 3f 88 3c 00 0a 8f 00
INFO - 20 44 c8 3c 00 0a 83 00
INFO - 20 48 08 3c 00 0b 28 00
INFO - 20 48 48 3c 00 0b 28 00
INFO - 20 48 88 3c 00 0b 28 00
INFO - 20 4c c8 3c 00 0a 7c 00
INFO - 20 4c 08 3c 00 0a 7c 00
INFO - 20 52 48 3c 00 0a d4 00
INFO - 20 52 88 3c 00 0a d4 00
INFO - 20 58 c8 3c 00 0a e4 00
INFO - 20 5d 08 3c 00 0b 19 00
INFO - 20 60 48 3c 00 0a ce 00
INFO - 20 62 88 3c 00 0a c2 00
INFO - 20 64 c8 3c 00 0a 88 00
INFO - 20 68 08 3c 00 0b 21 00
INFO - 20 6b 48 3c 00 0a ce 00
INFO - 20 6d 88 3c 00 0a 94 00
INFO - 20 6f c8 3c 00 0a b6 00
INFO - 20 71 08 3c 00 0a af 00
INFO - 20 74 48 3c 00 0a bf 00
INFO - 20 77 88 3c 00 0a d0 00
INFO - 20 7a c8 3c 00 0a ce 00
INFO - 20 7d 08 3c 00 0a d0 00
INFO - 20 7f 48 3c 00 0a b7 00
INFO - 20 81 88 3c 00 0a 99 00
INFO - 20 83 c8 3c 00 0a b3 00
INFO - 20 85 08 3c 00 0a 97 00
INFO - 20 87 48 3c 00 0a a9 00
INFO - 20 89 88 3c 00 0a b7 00
INFO - 20 8c c8 3c 00 0a b0 00
INFO - 20 8e 08 3c 00 0a bf 00
INFO - 20 91 48 3c 00 0a c3 00
INFO - 20 94 88 3c 00 0a c9 00
INFO - 20 97 c8 3c 00 0a e2 00
INFO - 20 99 08 3c 00 0a 99 00
INFO - 20 9b 48 3c 00 0a ab 00
INFO - 20 9e 88 3c 00 0a e3 00
INFO - 20 a0 c8 3c 00 0a b1 00
INFO - 20 a4 08 3c 00 0a db 00
INFO - 20 a6 48 3c 00 0a 79 00
INFO - 20 a8 88 3c 00 0a bc 00
INFO - 20 ab c8 3c 00 0a c3 00
INFO - 20 ae 08 3c 00 0a d5 00
INFO - 20 b0 48 3c 00 0a b0 00
INFO - 20 b2 88 3c 00 0a ab 00
INFO - 20 b5 c8 3c 00 0a b6 00
INFO - 20 b7 08 3c 00 0a b5 00
INFO - 20 b9 48 3c 00 0a b7 00
INFO - 20 bc 88 3c 00 0a aa 00
INFO - 20 be c8 3c 00 0a cc 00
INFO - 20 c1 08 3c 00 0a b4 00
INFO - 20 c3 48 3c 00 0a aa 00
INFO - 20 c6 88 3c 00 0a c0 00
INFO - 20 c7 c8 3c 00 0a 9d 00
INFO - 20 c9 08 3c 00 0a 9d 00
INFO - 20 cc 48 3c 00 0a b4 00
INFO - 20 ce 88 3c 00 0a c4 00
INFO - 20 d0 c8 3c 00 0a 99 00
INFO - 20 d2 08 3c 00 0a a8 00
INFO - 20 d5 48 3c 00 0a cb 00
INFO - 20 d7 88 3c 00 0a 90 00
INFO - 20 d9 c8 3c 00 0a b5 00
INFO - 20 db 08 3c 00 0a 9c 00
INFO - 20 dd 48 3c 00 0a b8 00
INFO - 20 df 88 3c 00 0a b0 00
INFO - 20 e1 c8 3c 00 0a 91 00
INFO - 20 e4 08 3c 00 0a cf 00
INFO - 20 e6 48 3c 00 0a b0 00
INFO - 20 e9 88 3c 00 0a bf 00
INFO - 20 eb c8 3c 00 0a a8 00
INFO - 20 ee 08 3c 00 0a cc 00
INFO - 20 f0 48 3c 00 0a 9d 00
INFO - 20 f2 88 3c 00 0a c4 00
INFO - 20 f4 c8 3c 00 0a 99 00
INFO - 20 f8 08 3c 00 0b 1c 00
INFO - 20 fb 48 3c 00 0a b3 00
INFO - 20 fd 88 3c 00 0a c3 00
INFO - 21 00 c8 3c 00 0a d2 00
INFO - 21 02 08 3c 00 0a a0 00
INFO - 21 05 48 3c 00 0a c6 00
INFO - 21 07 88 3c 00 0a ab 00
INFO - 21 0a c8 3c 00 0a c9 00
INFO - 21 0c 08 3c 00 0a 97 00
INFO - 21 0e 48 3c 00 0a 81 00
INFO - 21 10 88 3c 00 0a a2 00
INFO - 21 13 c8 3c 00 0a b6 00
INFO - 21 16 08 3c 00 0a df 00
INFO - 21 18 48 3c 00 0a a6 00
INFO - 21 1b 88 3c 00 0a c4 00
INFO - 21 1d c8 3c 00 0a b5 00
INFO - 21 1f 08 3c 00 0a bd 00
INFO - 21 23 48 3c 00 0a e0 00
INFO - 21 25 88 3c 00 0a ac 00
INFO - 21 27 c8 3c 00 0a 9e 00
INFO - 21 29 08 3c 00 0a a7 00
INFO - 21 2b 48 3c 00 0a 97 00
INFO - 21 2d 88 3c 00 0a aa 00
INFO - 21 2f c8 3c 00 0a a7 00
INFO - 21 32 08 3c 00 0a df 00
INFO - 21 35 48 3c 00 0a c9 00
INFO - 21 38 88 3c 00 0a c9 00
INFO - 21 3b c8 3c 00 0a d5 00
INFO - 21 3e 08 3c 00 0a dc 00
INFO - 21 40 48 3c 00 0a c0 00
INFO - 21 42 88 3c 00 0a a6 00
INFO - 21 44 c8 3c 00 0a 9b 00
INFO - 21 46 08 3c 00 0a 8f 00
INFO - 21 49 48 3c 00 0a da 00
INFO - 21 4b 88 3c 00 0a a7 00
INFO - 21 4e c8 3c 00 0a c5 00
INFO - 21 50 08 3c 00 0a b5 00
INFO - 21 53 48 3c 00 0a d1 00
INFO - 21 56 88 3c 00 0a cd 00
INFO - 21 58 c8 3c 00 0a 9d 00
INFO - 21 5a 08 3c 00 0a a3 00
INFO - 21 5c 48 3c 00 0a b6 00
INFO - 21 5e 88 3c 00 0a a6 00
INFO - 21 60 c8 3c 00 0a a2 00
INFO - 21 63 08 3c 00 0a d4 00
INFO - 21 65 48 3c 00 0a a9 00
INFO - 21 67 88 3c 00 0a a9 00
INFO - 21 69 c8 3c 00 0a 9e 00
INFO - 21 6c 08 3c 00 0a 8a 00
INFO - 21 6e 48 3c 00 0a a9 00
INFO - 21 70 88 3c 00 0a 86 00
INFO - 21 72 c8 3c 00 0a a2 00
INFO - 21 74 08 3c 00 0a 9d 00
INFO - 21 75 48 3c 00 0a 88 00
INFO - 21 76 88 3c 00 0a 88 00
INFO - 21 79 c8 3c 00 0a a8 00
INFO - 21 7b 08 3c 00 0a c2 00
INFO - 21 7d 48 3c 00 0a a0 00
INFO - 21 7f 88 3c 00 0a 94 00
INFO - 21 82 c8 3c 00 0a d9 00
INFO - 21 84 08 3c 00 0a 9c 00
INFO - 21 86 48 3c 00 0a a6 00
INFO - 21 88 88 3c 00 0a b0 00
INFO - 21 8b c8 3c 00 0a ce 00
INFO - 21 8d 08 3c 00 0a ae 00
INFO - 21 8f 48 3c 00 0a b2 00
INFO - 21 92 88 3c 00 0a b0 00
INFO - 21 94 c8 3c 00 0a b6 00
INFO - 21 97 08 3c 00 0a bd 00
INFO - 21 99 48 3c 00 0a 9c 00
INFO - 21 9a 88 3c 00 0a 9b 00
INFO - 21 9c c8 3c 00 0a 7b 00
INFO - 21 9e 08 3c 00 0a a8 00
INFO - 21 9f 48 3c 00 0a 88 00
INFO - 21 a1 88 3c 00 0a a5 00
INFO - 21 a3 c8 3c 00 0a a6 00
INFO - 21 a5 08 3c 00 0a 9c 00
INFO - 21 a7 48 3c 00 0a 98 00
INFO - 21 a9 88 3c 00 0a be 00
INFO - 21 ab c8 3c 00 0a a6 00
INFO - 21 ae 08 3c 00 0a b0 00
INFO - 21 af 48 3c 00 0a 87 00
INFO - 21 b1 88 3c 00 0a b0 00
INFO - 21 b3 c8 3c 00 0a 98 00
INFO - 21 b6 08 3c 00 0a d2 00
INFO - 21 b8 48 3c 00 0a a7 00
INFO - 21 bb 88 3c 00 0a c3 00
INFO - 21 bd c8 3c 00 0a 8d 00
INFO - 21 c0 08 3c 00 0a d1 00
INFO - 21 c2 48 3c 00 0a a7 00
INFO - 21 c3 88 3c 00 0a 96 00
INFO - 21 c5 c8 3c 00 0a 87 00
INFO - 21 c7 08 3c 00 0a bc 00
INFO - 21 ca 48 3c 00 0a c3 00
INFO - 21 cc 88 3c 00 0a a1 00
INFO - 21 ce c8 3c 00 0a b2 00
INFO - 21 d0 08 3c 00 0a 86 00
INFO - 21 d2 48 3c 00 0a c2 00
INFO - 21 d4 88 3c 00 0a 8c 00
INFO - 21 d6 c8 3c 00 0a 9f 00
INFO - 21 d7 08 3c 00 0a 86 00
INFO - 21 da 48 3c 00 0a c0 00
INFO - 21 db 88 3c 00 0a 90 00
INFO - 21 de c8 3c 00 0a c8 00
INFO - 21 e0 08 3c 00 0a a7 00
INFO - 21 e2 48 3c 00 0a 90 00
INFO - 21 e4 88 3c 00 0a ae 00
INFO - 21 e6 c8 3c 00 0a 9b 00
INFO - 21 e8 08 3c 00 0a ad 00
INFO - 21 ea 48 3c 00 0a b4 00
INFO - 21 ec 88 3c 00 0a 9d 00
INFO - 21 ee c8 3c 00 0a 90 00
INFO - 21 ef 08 3c 00 0a 86 00
INFO - 21 f1 48 3c 00 0a 91 00
INFO - 21 f2 88 3c 00 0a 8e 00
INFO - 21 f4 c8 3c 00 0a a0 00
INFO - 21 f7 08 3c 00 0a bb 00
INFO - 21 f8 48 3c 00 0a 90 00
INFO - 21 fa 88 3c 00 0a 9b 00
INFO - 21 fc c8 3c 00 0a 98 00
INFO - 21 fd 08 3c 00 0a 7b 00
INFO - 22 00 48 3c 00 0a cc 00
INFO - 22 02 88 3c 00 0a ad 00
INFO - 22 04 c8 3c 00 0a a3 00
INFO - 22 06 08 3c 00 0a 9f 00
INFO - 22 08 48 3c 00 0a 87 00
INFO - 22 0a 88 3c 00 0a a3 00
INFO - 22 0e c8 3c 00 0b 16 00
INFO - 22 10 08 3c 00 0a a5 00
INFO - 22 13 48 3c 00 0a b6 00
INFO - 22 14 88 3c 00 0a 99 00
INFO - 22 17 c8 3c 00 0a c0 00
INFO - 22 19 08 3c 00 0a 96 00
INFO - 22 1b 48 3c 00 0a b1 00
INFO - 22 1d 88 3c 00 0a a2 00
INFO - 22 1f c8 3c 00 0a 9a 00
INFO - 22 20 08 3c 00 0a 8f 00
INFO - 22 23 48 3c 00 0a c1 00
INFO - 22 24 88 3c 00 0a 8d 00
INFO - 22 27 c8 3c 00 0a c4 00
INFO - 22 2a 08 3c 00 0a c1 00
INFO - 22 2b 48 3c 00 0a 86 00
INFO - 22 2d 88 3c 00 0a 8d 00
INFO - 22 2f c8 3c 00 0a b2 00
INFO - 22 31 08 3c 00 0a a3 00
INFO - 22 33 48 3c 00 0a 99 00
INFO - 22 35 88 3c 00 0a ab 00
INFO - 22 37 c8 3c 00 0a bb 00
INFO - 22 39 08 3c 00 0a 9a 00
INFO - 22 3b 48 3c 00 0a a2 00
INFO - 22 3c 88 3c 00 0a 7c 00
INFO - 22 3f c8 3c 00 0a be 00
INFO - 22 41 08 3c 00 0a ba 00
INFO - 22 43 48 3c 00 0a 85 00
INFO - 22 45 88 3c 00 0a a3 00
INFO - 22 46 c8 3c 00 0a 96 00
INFO - 22 48 08 3c 00 0a 91 00
INFO - 22 4b 48 3c 00 0a ca 00
INFO - 22 4c 88 3c 00 0a 86 00
INFO - 22 4e c8 3c 00 0a 9e 00
INFO - 22 50 08 3c 00 0a af 00
INFO - 22 53 48 3c 00 0a bf 00
INFO - 22 54 88 3c 00 0a 85 00
INFO - 22 57 c8 3c 00 0a b5 00
INFO - 22 59 08 3c 00 0a b3 00
INFO - 22 5b 48 3c 00 0a b7 00
INFO - 22 5d 88 3c 00 0a a9 00
INFO - 22 5f c8 3c 00 0a 90 00
INFO - 22 61 08 3c 00 0a 98 00
INFO - 22 62 48 3c 00 0a 8e 00
INFO - 22 64 88 3c 00 0a 98 00
INFO - 22 67 c8 3c 00 0a c9 00
INFO - 22 69 08 3c 00 0a ac 00
INFO - 22 6c 48 3c 00 0a ca 00
INFO - 22 6e 88 3c 00 0a ad 00
INFO - 22 70 c8 3c 00 0a 94 00
INFO - 22 72 08 3c 00 0a c3 00
INFO - 22 74 48 3c 00 0a 99 00
INFO - 22 77 88 3c 00 0a ca 00
INFO - 22 79 c8 3c 00 0a a3 00
INFO - 22 7a 08 3c 00 0a 85 00
INFO - 22 7c 48 3c 00 0a 92 00
INFO - 22 7e 88 3c 00 0a b7 00
INFO - 22 81 c8 3c 00 0a bf 00
INFO - 22 83 08 3c 00 0a 9f 00
INFO - 22 84 48 3c 00 0a 8e 00
INFO - 22 86 88 3c 00 0a 88 00
INFO - 22 88 c8 3c 00 0a c0 00
INFO - 22 8a 08 3c 00 0a 98 00
INFO - 22 8c 48 3c 00 0a a2 00
INFO - 22 8e 88 3c 00 0a a9 00
INFO - 22 91 c8 3c 00 0a ae 00
INFO - 22 92 08 3c 00 0a 98 00
INFO - 22 94 48 3c 00 0a 98 00
INFO - 22 96 88 3c 00 0a 79 00
INFO - 22 99 c8 3c 00 0a af 00
INFO - 22 9a 08 3c 00 0a 99 00
INFO - 22 9c 48 3c 00 0a 97 00
INFO - 22 9e 88 3c 00 0a ab 00
INFO - 22 a1 c8 3c 00 0a b6 00
INFO - 22 a3 08 3c 00 0a 9e 00
INFO - 22 a4 48 3c 00 0a 92 00
INFO - 22 a5 88 3c 00 0a 7b 00
INFO - 22 a7 c8 3c 00 0a 7b 00
INFO - 22 a9 08 3c 00 0a a4 00
INFO - 22 a9 48 3c 00 0a 6d 00
INFO - 22 ac 88 3c 00 0a a6 00
INFO - 22 ae c8 3c 00 0a b7 00
INFO - 22 af 08 3c 00 0a 7c 00
INFO - 22 b1 48 3c 00 0a a3 00
INFO - 22 b3 88 3c 00 0a 98 00
INFO - 22 b5 c8 3c 00 0a b0 00
INFO - 22 b8 08 3c 00 0a b8 00
INFO - 22 ba 48 3c 00 0a b8 00
INFO - 22 bc 88 3c 00 0a 8d 00
INFO - 22 bd c8 3c 00 0a 9d 00
INFO - 22 bf 08 3c 00 0a 92 00
INFO - 22 c1 48 3c 00 0a a3 00
INFO - 22 c3 88 3c 00 0a 97 00
INFO - 22 c5 c8 3c 00 0a c5 00
INFO - 22 c7 08 3c 00 0a 9a 00
INFO - 22 c9 48 3c 00 0a 9a 00
INFO - 22 cb 88 3c 00 0a 98 00
INFO - 22 cd c8 3c 00 0a a0 00
INFO - 22 cf 08 3c 00 0a b4 00
INFO - 22 d1 48 3c 00 0a ad 00
INFO - 22 d3 88 3c 00 0a 92 00
INFO - 22 d5 c8 3c 00 0a ae 00
INFO - 22 d7 08 3c 00 0a a1 00
INFO - 22 d9 48 3c 00 0a 9d 00
INFO - 22 db 88 3c 00 0a a4 00
INFO - 22 de c8 3c 00 0a c2 00
INFO - 22 e0 08 3c 00 0a ac 00
INFO - 22 e2 48 3c 00 0a ba 00
INFO - 22 e5 88 3c 00 0a b8 00
INFO - 22 e7 c8 3c 00 0a cd 00
INFO - 22 ea 08 3c 00 0a d8 00
INFO - 22 ec 48 3c 00 0a a1 00
INFO - 22 ee 88 3c 00 0a 93 00
INFO - 22 f0 c8 3c 00 0a 90 00
INFO - 22 f2 08 3c 00 0a 9b 00
INFO - 22 f3 48 3c 00 0a 87 00
INFO - 22 f5 88 3c 00 0a a4 00
INFO - 22 f7 c8 3c 00 0a 8e 00
INFO - 22 f9 08 3c 00 0a a8 00
INFO - 22 fa 48 3c 00 0a 90 00
INFO - 22 fd 88 3c 00 0a c3 00
INFO - 22 ff c8 3c 00 0a ae 00
INFO - 23 01 08 3c 00 0a ae 00
INFO - 23 03 48 3c 00 0a a5 00
INFO - 23 06 88 3c 00 0a ae 00
INFO - 23 07 c8 3c 00 0a 98 00
INFO - 23 09 08 3c 00 0a 9b 00
INFO - 23 0b 48 3c 00 0a 7c 00
INFO - 23 0d 88 3c 00 0a ad 00
INFO - 23 10 c8 3c 00 0a df 00
INFO - 23 12 08 3c 00 0a 96 00
INFO - 23 14 48 3c 00 0a a6 00
INFO - 23 16 88 3c 00 0a a1 00
INFO - 23 18 c8 3c 00 0a a2 00
INFO - 23 1a 08 3c 00 0a b5 00
INFO - 23 1c 48 3c 00 0a b1 00
INFO - 23 1e 88 3c 00 0a 9a 00
INFO - 23 20 c8 3c 00 0a 97 00
INFO - 23 21 08 3c 00 0a 8e 00
INFO - 23 24 48 3c 00 0a af 00
INFO - 23 25 88 3c 00 0a 99 00
INFO - 23 27 c8 3c 00 0a 8c 00
INFO - 23 29 08 3c 00 0a b2 00
INFO - 23 2c 48 3c 00 0a c5 00
INFO - 23 2d 88 3c 00 0a 89 00
INFO - 23 2f c8 3c 00 0a a2 00
INFO - 23 31 08 3c 00 0a 9d 00
INFO - 23 33 48 3c 00 0a 95 00
INFO - 23 35 88 3c 00 0a 94 00
INFO - 23 36 c8 3c 00 0a 9e 00
INFO - 23 39 08 3c 00 0a a7 00
INFO - 23 3a 48 3c 00 0a 91 00
INFO - 23 3c 88 3c 00 0a a0 00
INFO - 23 3e c8 3c 00 0a 8b 00
INFO - 23 40 08 3c 00 0a a7 00
INFO - 23 41 48 3c 00 0a 95 00
INFO - 23 44 88 3c 00 0a ab 00
INFO - 23 46 c8 3c 00 0a b2 00
INFO - 23 47 08 3c 00 0a 8a 00
INFO - 23 49 48 3c 00 0a 90 00
INFO - 23 4b 88 3c 00 0a a1 00
INFO - 23 4c c8 3c 00 0a 7f 00
INFO - 23 4e 08 3c 00 0a a5 00
INFO - 23 50 48 3c 00 0a 9c 00
INFO - 23 52 88 3c 00 0a ac 00
INFO - 23 54 c8 3c 00 0a a0 00
INFO - 23 56 08 3c 00 0a a4 00
INFO - 23 58 48 3c 00 0a 8a 00
INFO - 23 5a 88 3c 00 0a a5 00
INFO - 23 5b c8 3c 00 0a 99 00
INFO - 23 5d 08 3c 00 0a 9f 00
INFO - 23 5f 48 3c 00 0a 8b 00
INFO - 23 61 88 3c 00 0a b7 00
INFO - 23 63 c8 3c 00 0a 80 00
INFO - 23 65 08 3c 00 0a af 00
INFO - 23 67 48 3c 00 0a a2 00
INFO - 23 69 88 3c 00 0a a8 00
INFO - 23 6b c8 3c 00 0a b0 00
INFO - 23 6d 08 3c 00 0a 91 00
INFO - 23 6f 48 3c 00 0a bd 00
INFO - 23 71 88 3c 00 0a a8 00
INFO - 23 73 c8 3c 00 0a 80 00
INFO - 23 75 08 3c 00 0a ab 00
INFO - 23 77 48 3c 00 0a 9e 00
INFO - 23 78 88 3c 00 0a 94 00
INFO - 23 7b c8 3c 00 0a b5 00
INFO - 23 7d 08 3c 00 0a aa 00
INFO - 23 7e 48 3c 00 0a 8c 00
INFO - 23 80 88 3c 00 0a 88 00
INFO - 23 82 c8 3c 00 0a 9b 00
INFO - 23 83 08 3c 00 0a 92 00
INFO - 23 85 48 3c 00 0a a2 00
INFO - 23 87 88 3c 00 0a 8d 00
INFO - 23 89 c8 3c 00 0a ae 00
INFO - 23 8b 08 3c 00 0a 91 00
INFO - 23 8c 48 3c 00 0a 86 00
INFO - 23 8d 88 3c 00 0a 7e 00
INFO - 23 8f c8 3c 00 0a 8f 00
INFO - 23 90 08 3c 00 0a 8f 00
INFO - 23 92 48 3c 00 0a 8f 00
INFO - 23 94 88 3c 00 0a b9 00
INFO - 23 96 c8 3c 00 0a 86 00
INFO - 23 98 08 3c 00 0a 74 00
INFO - 23 9b 48 3c 00 0a c9 00
INFO - 23 9d 88 3c 00 0a ac 00
INFO - 23 9f c8 3c 00 0a a9 00
INFO - 23 a1 08 3c 00 0a ae 00
INFO - 23 a3 48 3c 00 0a 94 00
INFO - 23 a6 88 3c 00 0a db 00
INFO - 23 a8 c8 3c 00 0a a7 00
INFO - 23 a9 08 3c 00 0a 7b 00
INFO - 23 aa 48 3c 00 0a 80 00
INFO - 23 ad 88 3c 00 0a ab 00
INFO - 23 ae c8 3c 00 0a 96 00
INFO - 23 b0 08 3c 00 0a 81 00
INFO - 23 b1 48 3c 00 0a 84 00
INFO - 23 b2 88 3c 00 0a 81 00
INFO - 23 b4 c8 3c 00 0a 80 00
INFO - 23 b5 08 3c 00 0a 81 00
INFO - 23 b6 48 3c 00 0a 88 00
INFO - 23 b8 88 3c 00 0a 90 00
INFO - 23 b9 c8 3c 00 0a 7d 00
INFO - 23 bb 08 3c 00 0a a4 00
INFO - 23 bc 48 3c 00 0a 78 00
INFO - 23 be 88 3c 00 0a 80 00
INFO - 23 c0 c8 3c 00 0a a0 00
INFO - 23 c1 08 3c 00 0a 99 00
INFO - 23 c3 48 3c 00 0a 9b 00
INFO - 23 c5 88 3c 00 0a 9b 00
INFO - 23 c6 c8 3c 00 0a 80 00
INFO - 23 c8 08 3c 00 0a 9f 00
INFO - 23 ca 48 3c 00 0a 90 00
INFO - 23 cc 88 3c 00 0a a8 00
INFO - 23 cd c8 3c 00 0a 78 00
INFO - 23 ce 08 3c 00 0a 87 00
INFO - 23 cf 48 3c 00 0a 75 00
INFO - 23 d1 88 3c 00 0a 84 00
INFO - 23 d2 c8 3c 00 0a 92 00
INFO - 23 d4 08 3c 00 0a 80 00
INFO - 23 d6 48 3c 00 0a 98 00
INFO - 23 d7 88 3c 00 0a 7e 00
INFO - 23 d8 c8 3c 00 0a 81 00
INFO - 23 da 08 3c 00 0a 9e 00
INFO - 23 db 48 3c 00 0a 82 00
INFO - 23 dd 88 3c 00 0a 93 00
INFO - 23 de c8 3c 00 0a 8c 00
INFO - 23 e0 08 3c 00 0a 83 00
INFO - 23 e1 48 3c 00 0a 86 00
INFO - 23 e4 88 3c 00 0a b1 00
INFO - 23 e6 c8 3c 00 0a d1 00
INFO - 23 e8 08 3c 00 0a 8d 00
INFO - 23 ea 48 3c 00 0a 99 00
INFO - 23 eb 88 3c 00 0a 90 00
INFO - 23 ed c8 3c 00 0a a7 00
INFO - 23 ef 08 3c 00 0a 7d 00
INFO - 23 f1 48 3c 00 0a a7 00
INFO - 23 f2 88 3c 00 0a 8e 00
INFO - 23 f4 c8 3c 00 0a a8 00
INFO - 23 f6 08 3c 00 0a 8c 00
INFO - 23 f9 48 3c 00 0a cc 00
INFO - 23 fa 88 3c 00 0a 90 00
INFO - 23 fc c8 3c 00 0a 84 00
INFO - 23 fe 08 3c 00 0a cb 00
INFO - 24 00 48 3c 00 0a 83 00
INFO - 24 01 88 3c 00 0a 91 00
INFO - 24 03 c8 3c 00 0a a0 00
INFO - 24 05 08 3c 00 0a 8e 00
INFO - 24 06 48 3c 00 0a 7d 00
INFO - 24 08 88 3c 00 0a a0 00
INFO - 24 0a c8 3c 00 0a a7 00
INFO - 24 0c 08 3c 00 0a a2 00
INFO - 24 0e 48 3c 00 0a a9 00
INFO - 24 11 88 3c 00 0a b2 00
INFO - 24 12 c8 3c 00 0a 7a 00
INFO - 24 13 08 3c 00 0a 8f 00
INFO - 24 16 48 3c 00 0a b5 00
INFO - 24 17 88 3c 00 0a 8f 00
INFO - 24 1a c8 3c 00 0a bc 00
INFO - 24 1b 08 3c 00 0a 86 00
INFO - 24 1d 48 3c 00 0a b1 00
INFO - 24 1f 88 3c 00 0a 8f 00
INFO - 24 21 c8 3c 00 0a b0 00
INFO - 24 23 08 3c 00 0a 9b 00
INFO - 24 25 48 3c 00 0a b0 00
INFO - 24 27 88 3c 00 0a 90 00
INFO - 24 29 c8 3c 00 0a 94 00
INFO - 24 2a 08 3c 00 0a 7f 00
INFO - 24 2c 48 3c 00 0a 97 00
INFO - 24 2d 88 3c 00 0a 95 00
INFO - 24 2f c8 3c 00 0a a2 00
INFO - 24 31 08 3c 00 0a 6d 00
INFO - 24 33 48 3c 00 0a a1 00
INFO - 24 35 88 3c 00 0a 83 00
INFO - 24 37 c8 3c 00 0a a5 00
INFO - 24 39 08 3c 00 0a ab 00
INFO - 24 3b 48 3c 00 0a 9f 00
INFO - 24 3c 88 3c 00 0a 89 00
INFO - 24 3e c8 3c 00 0a ab 00
INFO - 24 40 08 3c 00 0a 97 00
INFO - 24 42 48 3c 00 0a 8f 00
INFO - 24 43 88 3c 00 0a 9e 00
INFO - 24 46 c8 3c 00 0a bd 00
INFO - 24 48 08 3c 00 0a a8 00
INFO - 24 4a 48 3c 00 0a 98 00
INFO - 24 4c 88 3c 00 0a a7 00
INFO - 24 4e c8 3c 00 0a b4 00
INFO - 24 50 08 3c 00 0a a6 00
INFO - 24 52 48 3c 00 0a 93 00
INFO - 24 54 88 3c 00 0a 98 00
INFO - 24 56 c8 3c 00 0a ac 00
INFO - 24 58 08 3c 00 0a 9e 00
INFO - 24 5a 48 3c 00 0a 97 00
INFO - 24 5c 88 3c 00 0a af 00
INFO - 24 5e c8 3c 00 0a a0 00
INFO - 24 60 08 3c 00 0a 9c 00
INFO - 24 61 48 3c 00 0a 88 00
INFO - 24 63 88 3c 00 0a a0 00
INFO - 24 64 c8 3c 00 0a 87 00
INFO - 24 66 08 3c 00 0a a5 00
INFO - 24 68 48 3c 00 0a 8d 00
INFO - 24 6a 88 3c 00 0a b5 00
INFO - 24 6c c8 3c 00 0a 97 00
INFO - 24 6e 08 3c 00 0a a1 00
INFO - 24 70 48 3c 00 0a 93 00
INFO - 24 71 88 3c 00 0a 97 00
INFO - 24 73 c8 3c 00 0a 95 00
INFO - 24 75 08 3c 00 0a a2 00
INFO - 24 77 48 3c 00 0a 8f 00
INFO - 24 78 88 3c 00 0a 86 00
INFO - 24 7a c8 3c 00 0a ac 00
INFO - 24 7c 08 3c 00 0a 9d 00
INFO - 24 7f 48 3c 00 0a c2 00
INFO - 24 81 88 3c 00 0a 98 00
INFO - 24 83 c8 3c 00 0a a8 00
INFO - 24 84 08 3c 00 0a 89 00
INFO - 24 86 48 3c 00 0a 72 00
INFO - 24 88 88 3c 00 0a 85 00
INFO - 24 89 c8 3c 00 0a 96 00
INFO - 24 8b 08 3c 00 0a 8d 00
INFO - 24 8d 48 3c 00 0a c0 00
INFO - 24 8f 88 3c 00 0a 89 00
INFO - 24 91 c8 3c 00 0a 9b 00
INFO - 24 93 08 3c 00 0a 9e 00
INFO - 24 95 48 3c 00 0a 9f 00
INFO - 24 96 88 3c 00 0a 7b 00
INFO - 24 98 c8 3c 00 0a a9 00
INFO - 24 9a 08 3c 00 0a 9c 00
INFO - 24 9b 48 3c 00 0a 95 00
INFO - 24 9d 88 3c 00 0a 8d 00
INFO - 24 9f c8 3c 00 0a af 00
INFO - 24 a1 08 3c 00 0a 85 00
INFO - 24 a3 48 3c 00 0a a7 00
INFO - 24 a4 88 3c 00 0a 8d 00
INFO - 24 a7 c8 3c 00 0a bc 00
INFO - 24 a9 08 3c 00 0a ac 00
INFO - 24 ab 48 3c 00 0a 97 00
INFO - 24 ad 88 3c 00 0a a0 00
INFO - 24 ae c8 3c 00 0a 97 00
INFO - 24 b0 08 3c 00 0a 96 00
INFO - 24 b2 48 3c 00 0a 98 00
INFO - 24 b4 88 3c 00 0a a8 00
INFO - 24 b6 c8 3c 00 0a 8c 00
INFO - 24 b7 08 3c 00 0a 8e 00
INFO - 24 b9 48 3c 00 0a 9b 00
INFO - 24 bb 88 3c 00 0a a0 00
INFO - 24 bc c8 3c 00 0a 88 00
INFO - 24 be 08 3c 00 0a 87 00
INFO - 24 bf 48 3c 00 0a 88 00
INFO - 24 c1 88 3c 00 0a 7f 00
INFO - 24 c2 c8 3c 00 0a 9f 00
INFO - 24 c4 08 3c 00 0a 82 00
INFO - 24 c5 48 3c 00 0a 88 00
INFO - 24 c7 88 3c 00 0a 88 00
INFO - 24 c8 c8 3c 00 0a 92 00
INFO - 24 ca 08 3c 00 0a 88 00
INFO - 24 cb 48 3c 00 0a 89 00
INFO - 24 cd 88 3c 00 0a 65 00
INFO - 24 ce c8 3c 00 0a 8a 00
INFO - 24 d1 08 3c 00 0a b5 00
INFO - 24 d2 48 3c 00 0a 84 00
INFO - 24 d5 88 3c 00 0a c3 00
INFO - 24 d6 c8 3c 00 0a 94 00
INFO - 24 d9 08 3c 00 0a d8 00
INFO - 24 db 48 3c 00 0a a6 00
INFO - 24 dd 88 3c 00 0a a1 00
INFO - 24 df c8 3c 00 0a 8b 00
INFO - 24 e4 08 3c 00 0b 40 00
INFO - 24 e5 48 3c 00 0a 85 00
INFO - 24 e7 88 3c 00 0a a1 00
INFO - 24 e9 c8 3c 00 0a 92 00
INFO - 24 eb 08 3c 00 0a 8f 00
INFO - 24 ec 48 3c 00 0a 8f 00
INFO - 24 ee 88 3c 00 0a 9e 00
INFO - 24 f0 c8 3c 00 0a 9b 00
INFO - 24 f2 08 3c 00 0a 9b 00
INFO - 24 f4 48 3c 00 0a b3 00
INFO - 24 f6 88 3c 00 0a 9c 00
INFO - 24 f9 c8 3c 00 0a c0 00
INFO - 24 fb 08 3c 00 0a c9 00
INFO - 24 fd 48 3c 00 0a a9 00
INFO - 25 00 88 3c 00 0a d6 00
INFO - 25 03 c8 3c 00 0a c4 00
INFO - 25 06 08 3c 00 0a b6 00
INFO - 25 08 48 3c 00 0a a4 00
INFO - 25 0a 88 3c 00 0a ae 00
INFO - 25 0c c8 3c 00 0a a2 00
INFO - 25 0e 08 3c 00 0a b9 00
INFO - 25 11 48 3c 00 0a c8 00
INFO - 25 14 88 3c 00 0a c3 00
INFO - 25 15 c8 3c 00 0a 9d 00
INFO - 25 18 08 3c 00 0a ba 00
INFO - 25 1a 48 3c 00 0a be 00
INFO - 25 1c 88 3c 00 0a 6d 00
INFO - 25 1f c8 3c 00 0a b3 00
INFO - 25 21 08 3c 00 0a a6 00
INFO - 25 24 48 3c 00 0a e2 00
INFO - 25 26 88 3c 00 0a a6 00
INFO - 25 29 c8 3c 00 0a c0 00
INFO - 25 2b 08 3c 00 0a a8 00
INFO - 25 2d 48 3c 00 0a ce 00
INFO - 25 30 88 3c 00 0a b3 00
INFO - 25 32 c8 3c 00 0a b6 00
INFO - 25 34 08 3c 00 0a 9d 00
INFO - 25 36 48 3c 00 0a a9 00
INFO - 25 38 88 3c 00 0a a9 00
INFO - 25 3c c8 3c 00 0a ef 00
INFO - 25 3f 08 3c 00 0a d9 00
INFO - 25 41 48 3c 00 0a a9 00
INFO - 25 43 88 3c 00 0a 9d 00
INFO - 25 45 c8 3c 00 0a a9 00
INFO - 25 47 08 3c 00 0a a9 00
INFO - 25 4a 48 3c 00 0a cc 00
INFO - 25 4d 88 3c 00 0a c0 00
INFO - 25 4f c8 3c 00 0a cc 00
INFO - 25 51 08 3c 00 0a 9d 00
INFO - 25 54 48 3c 00 0a cb 00
INFO - 25 57 88 3c 00 0a cb 00
INFO - 25 5a c8 3c 00 0a cb 00
INFO - 25 5c 08 3c 00 0a 9d 00
INFO - 25 5e 48 3c 00 0a bf 00
INFO - 25 60 88 3c 00 0a a8 00
INFO - 25 62 c8 3c 00 0a 9c 00
INFO - 25 65 08 3c 00 0a d6 00
INFO - 25 68 48 3c 00 0a e1 00
INFO - 25 6a 88 3c 00 0a a7 00
INFO - 25 6d c8 3c 00 0a b3 00
INFO - 25 6f 08 3c 00 0a ca 00
INFO - 25 72 48 3c 00 0a 7a 00
INFO - 25 74 88 3c 00 0a b2 00
INFO - 25 77 c8 3c 00 0a d5 00
INFO - 25 7a 08 3c 00 0a bd 00
INFO - 25 7c 48 3c 00 0a a7 00
INFO - 25 7e 88 3c 00 0a bd 00
INFO - 25 81 c8 3c 00 0a d5 00
INFO - 25 83 08 3c 00 0a 99 00
INFO - 25 86 48 3c 00 0a d4 00
INFO - 25 88 88 3c 00 0a a6 00
INFO - 25 8b c8 3c 00 0a bc 00
INFO - 25 8c 08 3c 00 0a 9b 00
INFO - 25 8f 48 3c 00 0a c7 00
INFO - 25 91 88 3c 00 0a 90 00
INFO - 25 93 c8 3c 00 0a bb 00
INFO - 25 95 08 3c 00 0a 8f 00
INFO - 25 97 48 3c 00 0a bd 00
INFO - 25 99 88 3c 00 0a a3 00
INFO - 25 9b c8 3c 00 0a 9a 00
INFO - 25 9e 08 3c 00 0a d3 00
INFO - 25 a0 48 3c 00 0a 99 00
INFO - 25 a3 88 3c 00 0a d3 00
INFO - 25 a6 c8 3c 00 0a c9 00
INFO - 25 a7 08 3c 00 0a 99 00
INFO - 25 aa 48 3c 00 0a be 00
INFO - 25 ac 88 3c 00 0a a4 00
INFO - 25 ae c8 3c 00 0a 90 00
INFO - 25 b1 08 3c 00 0a d5 00
INFO - 25 b3 48 3c 00 0a a4 00
INFO - 25 b6 88 3c 00 0a d5 00
INFO - 25 b8 c8 3c 00 0a 9d 00
INFO - 25 bb 08 3c 00 0a 8a 00
INFO - 25 bd 48 3c 00 0a c0 00
INFO - 25 bf 88 3c 00 0a 9c 00
INFO - 25 c1 c8 3c 00 0a bc 00
INFO - 25 c4 08 3c 00 0a b3 00
INFO - 25 c6 48 3c 00 0a 9c 00
INFO - 25 c8 88 3c 00 0a b2 00
INFO - 25 ca c8 3c 00 0a 9f 00
INFO - 25 cc 08 3c 00 0a bd 00
INFO - 25 cf 48 3c 00 0a aa 00
INFO - 25 d1 88 3c 00 0a b2 00
INFO - 25 d3 c8 3c 00 0a 9f 00
INFO - 25 d6 08 3c 00 0a d6 00
INFO - 25 d8 48 3c 00 0a 9b 00
INFO - 25 da 88 3c 00 0a c1 00
INFO - 25 de c8 3c 00 0a e6 00
INFO - 25 e0 08 3c 00 0a b2 00
INFO - 25 e3 48 3c 00 0a e7 00
INFO - 25 e6 88 3c 00 0a ca 00
INFO - 25 e9 c8 3c 00 0a d0 00
INFO - 25 ec 08 3c 00 0a d7 00
INFO - 25 ef 48 3c 00 0a c3 00
INFO - 25 f1 88 3c 00 0a aa 00
INFO - 25 f4 c8 3c 00 0a d9 00
INFO - 25 f7 08 3c 00 0a f2 00
INFO - 25 fa 48 3c 00 0a cd 00
INFO - 25 fc 88 3c 00 0a 9e 00
INFO - 25 fe c8 3c 00 0a 92 00
INFO - 26 00 08 3c 00 0a aa 00
INFO - 26 02 48 3c 00 0a 92 00
INFO - 26 04 88 3c 00 0a a9 00
INFO - 26 05 c8 3c 00 0a 9a 00
INFO - 26 08 08 3c 00 0a ad 00
INFO - 26 09 48 3c 00 0a 91 00
INFO - 26 0b 88 3c 00 0a 9d 00
INFO - 26 0e c8 3c 00 0a b5 00
INFO - 26 10 08 3c 00 0a a8 00
INFO - 26 17 48 3c 00 0a ee 00
INFO - 26 19 88 3c 00 0a a4 00
INFO - 26 1b c8 3c 00 0a a1 00
INFO - 26 1d 08 3c 00 0a a8 00
INFO - 26 20 48 3c 00 0a e1 00
INFO - 26 22 88 3c 00 0a b3 00
INFO - 26 24 c8 3c 00 0a a8 00
INFO - 26 27 08 3c 00 0a bf 00
INFO - 26 29 48 3c 00 0a bd 00
INFO - 26 2c 88 3c 00 0a ac 00
INFO - 26 2f c8 3c 00 0a d3 00
INFO - 26 30 08 3c 00 0a 9c 00
INFO - 26 33 48 3c 00 0a b4 00
INFO - 26 35 88 3c 00 0a b4 00
INFO - 26 37 c8 3c 00 0a b4 00
INFO - 26 3a 08 3c 00 0a c0 00
INFO - 26 3d 48 3c 00 0a f0 00
INFO - 26 40 88 3c 00 0a bd 00
INFO - 26 42 c8 3c 00 0a a8 00
INFO - 26 44 08 3c 00 0a a8 00
INFO - 26 46 48 3c 00 0a a8 00
INFO - 26 4a 88 3c 00 0b 04 00
INFO - 26 4c c8 3c 00 0a 91 00
INFO - 26 4f 08 3c 00 0a cc 00
INFO - 26 51 48 3c 00 0a a4 00
INFO - 26 53 88 3c 00 0a a7 00
INFO - 26 55 c8 3c 00 0a a7 00
INFO - 26 57 08 3c 00 0a 9e 00
INFO - 26 59 48 3c 00 0a a4 00
INFO - 26 5b 88 3c 00 0a 9b 00
INFO - 26 5d c8 3c 00 0a b4 00
INFO - 26 5f 08 3c 00 0a ba 00
INFO - 26 61 48 3c 00 0a a7 00
INFO - 26 65 88 3c 00 0a e0 00
INFO - 26 67 c8 3c 00 0a ae 00
INFO - 26 68 08 3c 00 0a 90 00
INFO - 26 6b 48 3c 00 0a b9 00
