INFO - a3 eb c8 40 57 00 00 02
INFO - a3 eb 08 40 57 00 00 02
INFO - a3 eb 48 40 57 00 00 02
INFO - a3 eb 88 40 57 00 00 02
INFO - 8a 49 88 08 40 29 1e 40
INFO - 8a 49 c8 20 40 28 0e 05
INFO - 8a 49 08 40 40 20 00 80
INFO - 8a 4b 08 08 40 29 02 35
INFO - 8a 4b 48 20 40 28 16 05
INFO - 8a 4b 88 40 40 22 00 01
INFO - 8a 4d 88 08 40 28 d6 2c
INFO - 8a 4d c8 20 40 28 16 07
INFO - 8a 4d 08 40 40 20 04 fc
INFO - 8a 4f 08 08 40 28 b2 26
INFO - 8a 4f 48 20 40 28 1e 07
INFO - 8a 4f 88 40 40 23 f0 00
INFO - 8a 51 88 08 40 28 9a 20
INFO - 8a 51 c8 20 40 28 1e 09
INFO - 8a 51 08 40 40 20 00 00
INFO - 8a 53 08 08 40 28 82 1c
INFO - 8a 53 48 20 40 28 26 09
INFO - 8a 53 88 40 40 20 00 00
INFO - 8a 55 88 08 40 28 72 19
INFO - 8a 55 c8 20 40 28 26 0b
INFO - 8a 55 08 40 40 20 00 00
INFO - 8a 57 08 08 40 28 66 16
INFO - 8a 57 48 20 40 28 2e 0b
INFO - 8a 57 88 40 40 20 00 01
INFO - 8a 59 88 08 40 28 5a 14
INFO - 8a 59 c8 20 40 28 2e 0b
INFO - 8a 59 08 40 40 20 04 fc
INFO - 8a 5b 08 08 40 28 52 12
INFO - 8a 5b 48 20 40 28 2e 0b
INFO - 8a 5b 88 40 40 23 f0 00
INFO - 8a 5d 88 08 40 28 4a 11
INFO - 8a 5d c8 20 40 28 2e 0d
INFO - 8a 5d 08 40 40 20 00 00
INFO - 8a 5f 08 08 40 28 46 10
INFO - 8a 5f 48 20 40 28 36 0d
INFO - 8a 5f 88 40 40 20 00 00
INFO - 8a 61 88 08 40 28 42 0f
INFO - 8a 61 c8 20 40 28 36 0d
INFO - 8a 61 08 40 40 20 00 00
INFO - 8a 63 08 08 40 28 3e 0e
INFO - 8a 63 48 20 40 28 36 0d
INFO - 8a 63 88 40 40 20 00 00
INFO - 8a 65 88 08 40 28 3a 0d
INFO - 8a 65 c8 20 40 28 36 0d
INFO - 8a 65 08 40 40 20 00 00
INFO - 8a 67 08 08 40 28 36 0c
INFO - 8a 67 48 20 40 28 36 0d
INFO - 8a 67 88 40 40 20 00 fe
INFO - 8a 69 88 08 40 28 32 0c
INFO - 8a 69 c8 20 40 28 36 0d
INFO - 8a 69 08 40 40 23 f8 00
INFO - 8a 6b 08 08 40 28 32 0b
INFO - 8a 6b 48 20 40 28 36 0d
INFO - 8a 6b 88 40 40 20 00 00
INFO - 8a 6d 88 08 40 28 2e 0b
INFO - 8a 6d c8 20 40 28 36 0f
INFO - 8a 6d 08 40 40 20 00 00
INFO - 8a 6f 08 08 40 28 2e 0b
INFO - 8a 6f 48 20 40 28 3e 0f
INFO - 8a 6f 88 40 40 20 00 00
INFO - 8a 71 88 08 40 28 2e 0b
INFO - 8a 71 c8 20 40 28 3e 0f
INFO - 8a 71 08 40 40 20 00 00
INFO - 8a 73 08 08 40 28 2e 0b
INFO - 8a 73 48 20 40 28 3e 0f
INFO - 8a 73 88 40 40 20 00 00
INFO - 8a 75 88 08 40 28 2e 0b
INFO - 8a 75 c8 20 40 28 3e 0f
INFO - 8a 75 08 40 40 20 00 00
INFO - 8a 77 08 08 40 28 2e 0b
INFO - 8a 77 48 20 40 28 3e 0f
INFO - 8a 77 88 40 40 20 00 00
INFO - 8a 79 88 08 40 28 2e 0b
INFO - 8a 79 c8 20 40 28 3e 0f
INFO - 8a 79 08 40 40 20 00 fc
INFO - 8a 7b 08 08 40 28 2e 0b
INFO - 8a 7b 48 20 40 28 3e 0f
INFO - 8a 7b 88 40 40 23 f0 01
INFO - 8a 7d 88 08 40 28 2e 0b
INFO - 8a 7d c8 20 40 28 3e 0f
INFO - 8a 7d 08 40 40 20 04 00
INFO - 8a 7f 08 08 40 28 2e 0c
INFO - 8a 7f 48 20 40 28 3e 0f
INFO - 8a 7f 88 40 40 20 00 00
INFO - 8a 81 88 08 40 28 32 0c
INFO - 8a 81 c8 20 40 28 3e 0d
INFO - 8a 81 08 40 40 20 00 00
INFO - 8a 83 08 08 40 28 32 0d
INFO - 8a 83 48 20 40 28 36 0d
INFO - 8a 83 88 40 40 20 00 00
INFO - 8a 85 88 08 40 28 36 0e
INFO - 8a 85 c8 20 40 28 36 0d
INFO - 8a 85 08 40 40 20 00 00
INFO - 8a 87 08 08 40 28 3a 0e
INFO - 8a 87 48 20 40 28 36 0d
INFO - 8a 87 88 40 40 20 00 00
INFO - 8a 89 88 08 40 28 3a 0f
INFO - 8a 89 c8 20 40 28 36 0d
INFO - 8a 89 08 40 40 20 00 fc
INFO - 8a 8b 08 08 40 28 3e 10
INFO - 8a 8b 48 20 40 28 36 0d
INFO - 8a 8b 88 40 40 23 f0 01
INFO - 8a 8d 88 08 40 28 42 11
INFO - 8a 8d c8 20 40 28 36 0d
INFO - 8a 8d 08 40 40 20 04 00
INFO - 8a 8f 08 08 40 28 46 13
INFO - 8a 8f 48 20 40 28 36 0d
INFO - 8a 8f 88 40 40 20 00 00
INFO - 8a 91 88 08 40 28 4e 15
INFO - 8a 91 c8 20 40 28 36 0b
INFO - 8a 91 08 40 40 20 00 00
INFO - 8a 93 08 08 40 28 56 17
INFO - 8a 93 48 20 40 28 2e 0b
INFO - 8a 93 88 40 40 20 00 fc
INFO - 8a 95 88 08 40 28 5e 1a
INFO - 8a 95 c8 20 40 28 2e 0b
INFO - 8a 95 08 40 40 23 f0 01
INFO - 8a 97 08 08 40 28 6a 1d
INFO - 8a 97 48 20 40 28 2e 0b
INFO - 8a 97 88 40 40 20 04 00
INFO - 8a 99 88 08 40 28 76 20
INFO - 8a 99 c8 20 40 28 2e 09
INFO - 8a 99 08 40 40 20 00 fc
INFO - 8a 9b 08 08 40 28 82 25
INFO - 8a 9b 48 20 40 28 26 09
INFO - 8a 9b 88 40 40 23 f0 01
INFO - 8a 9d 88 08 40 28 96 2a
INFO - 8a 9d c8 20 40 28 26 09
INFO - 8a 9d 08 40 40 20 04 00
INFO - 8a 9f 08 08 40 28 aa 31
INFO - 8a 9f 48 20 40 28 26 07
INFO - 8a 9f 88 40 40 20 00 00
INFO - 8a a1 88 08 40 28 c6 35
INFO - 8a a1 c8 20 40 28 1e 07
INFO - 8a a1 08 40 40 20 00 fc
INFO - 8a a3 08 08 40 28 d6 3f
INFO - 8a a3 48 20 40 28 1e 05
INFO - 8a a3 88 40 40 23 f0 01
INFO - 8a a5 88 08 40 28 fe 45
INFO - 8a a5 c8 20 40 28 16 05
INFO - 8a a5 08 40 40 20 04 fc
INFO - 8a a7 08 08 40 29 16 4e
INFO - 8a a7 48 20 40 28 16 03
INFO - 8a a7 88 40 40 23 f0 01
INFO - 8a a9 88 08 40 29 3a 59
INFO - 8a a9 c8 20 40 28 0e 01
INFO - 8a a9 08 40 40 20 04 00
INFO - aa aa 48 40 57 00 00 02
INFO - aa aa 88 40 57 00 00 02
INFO - aa aa c8 40 57 00 00 02
INFO - aa aa 08 40 57 00 00 02
INFO - 8a ab 08 08 40 29 66 69
INFO - 8a ab 48 20 40 28 05 ff
INFO - 8a ab 88 40 40 20 00 fc
INFO - 8a ad 88 08 40 29 a6 73
INFO - 8a ad c8 20 40 27 fd ff
INFO - 8a ad 08 40 40 23 f0 01
INFO - 8a af 08 08 40 09 ce 73
INFO - 8a af 48 20 40 07 fd ff
INFO - 8a af 88 40 40 00 04 bd
INFO - 8b 47 88 08 40 27 9d ee
INFO - 8b 47 c8 20 40 2c b7 2d
INFO - 8b 47 08 40 40 22 f4 3e
INFO - 8b 49 08 08 40 27 b9 f3
INFO - 8b 49 48 20 40 2c b7 2d
INFO - 8b 49 88 40 40 20 f8 00
INFO - 8b 4b 88 08 40 27 cd f7
INFO - 8b 4b c8 20 40 2c b7 2d
INFO - 8b 4b 08 40 40 20 00 fc
INFO - 8b 4d 08 08 40 07 dd f7
INFO - 8b 4d 48 20 40 0c b7 2d
INFO - 8b 4d 88 40 40 03 f0 c1
