INFO - a2 ce 88 40 57 00 00 02
INFO - a2 ce c8 40 57 00 00 02
INFO - a2 ce 08 40 57 00 00 02
INFO - a2 ce 48 40 57 00 00 02
INFO - 89 2c 48 08 40 29 1e 40
INFO - 89 2c 88 20 40 28 0e 05
INFO - 89 2c c8 40 40 20 00 80
INFO - 89 2e c8 08 40 29 02 35
INFO - 89 2e 08 20 40 28 16 05
INFO - 89 2e 48 40 40 22 00 01
INFO - 89 30 48 08 40 28 d6 2c
INFO - 89 30 88 20 40 28 16 07
INFO - 89 30 c8 40 40 20 04 fc
INFO - 89 32 c8 08 40 28 b2 26
INFO - 89 32 08 20 40 28 1e 07
INFO - 89 32 48 40 40 23 f0 00
INFO - 89 34 48 08 40 28 9a 20
INFO - 89 34 88 20 40 28 1e 09
INFO - 89 34 c8 40 40 20 00 00
INFO - 89 36 c8 08 40 28 82 1c
INFO - 89 36 08 20 40 28 26 09
INFO - 89 36 48 40 40 20 00 00
INFO - 89 38 48 08 40 28 72 19
INFO - 89 38 88 20 40 28 26 0b
INFO - 89 38 c8 40 40 20 00 00
INFO - 89 3a c8 08 40 28 66 16
INFO - 89 3a 08 20 40 28 2e 0b
INFO - 89 3a 48 40 40 20 00 01
INFO - 89 3c 48 08 40 28 5a 14
INFO - 89 3c 88 20 40 28 2e 0b
INFO - 89 3c c8 40 40 20 04 fc
INFO - 89 3e c8 08 40 28 52 12
INFO - 89 3e 08 20 40 28 2e 0b
INFO - 89 3e 48 40 40 23 f0 00
INFO - 89 40 48 08 40 28 4a 11
INFO - 89 40 88 20 40 28 2e 0d
INFO - 89 40 c8 40 40 20 00 00
INFO - 89 42 c8 08 40 28 46 10
INFO - 89 42 08 20 40 28 36 0d
INFO - 89 42 48 40 40 20 00 00
INFO - 89 44 48 08 40 28 42 0f
INFO - 89 44 88 20 40 28 36 0d
INFO - 89 44 c8 40 40 20 00 00
INFO - 89 46 c8 08 40 28 3e 0e
INFO - 89 46 08 20 40 28 36 0d
INFO - 89 46 48 40 40 20 00 00
INFO - 89 48 48 08 40 28 3a 0d
INFO - 89 48 88 20 40 28 36 0d
INFO - 89 48 c8 40 40 20 00 00
INFO - 89 4a c8 08 40 28 36 0c
INFO - 89 4a 08 20 40 28 36 0d
INFO - 89 4a 48 40 40 20 00 fe
INFO - 89 4c 48 08 40 28 32 0c
INFO - 89 4c 88 20 40 28 36 0d
INFO - 89 4c c8 40 40 23 f8 00
INFO - 89 4e c8 08 40 28 32 0b
INFO - 89 4e 08 20 40 28 36 0d
INFO - 89 4e 48 40 40 20 00 00
INFO - 89 50 48 08 40 28 2e 0b
INFO - 89 50 88 20 40 28 36 0f
INFO - 89 50 c8 40 40 20 00 00
INFO - 89 52 c8 08 40 28 2e 0b
INFO - 89 52 08 20 40 28 3e 0f
INFO - 89 52 48 40 40 20 00 00
INFO - 89 54 48 08 40 28 2e 0b
INFO - 89 54 88 20 40 28 3e 0f
INFO - 89 54 c8 40 40 20 00 00
INFO - 89 56 c8 08 40 28 2e 0b
INFO - 89 56 08 20 40 28 3e 0f
INFO - 89 56 48 40 40 20 00 00
INFO - 89 58 48 08 40 28 2e 0b
INFO - 89 58 88 20 40 28 3e 0f
INFO - 89 58 c8 40 40 20 00 00
INFO - 89 5a c8 08 40 28 2e 0b
INFO - 89 5a 08 20 40 28 3e 0f
INFO - 89 5a 48 40 40 20 00 00
INFO - 89 5c 48 08 40 28 2e 0b
INFO - 89 5c 88 20 40 28 3e 0f
INFO - 89 5c c8 40 40 20 00 fc
INFO - 89 5e c8 08 40 28 2e 0b
INFO - 89 5e 08 20 40 28 3e 0f
INFO - 89 5e 48 40 40 23 f0 01
INFO - 89 60 48 08 40 28 2e 0b
INFO - 89 60 88 20 40 28 3e 0f
INFO - 89 60 c8 40 40 20 04 00
INFO - 89 62 c8 08 40 28 2e 0c
INFO - 89 62 08 20 40 28 3e 0f
INFO - 89 62 48 40 40 20 00 00
INFO - 89 64 48 08 40 28 32 0c
INFO - 89 64 88 20 40 28 3e 0d
INFO - 89 64 c8 40 40 20 00 00
INFO - 89 66 c8 08 40 28 32 0d
INFO - 89 66 08 20 40 28 36 0d
INFO - 89 66 48 40 40 20 00 00
INFO - 89 68 48 08 40 28 36 0e
INFO - 89 68 88 20 40 28 36 0d
INFO - 89 68 c8 40 40 20 00 00
INFO - 89 6a c8 08 40 28 3a 0e
INFO - 89 6a 08 20 40 28 36 0d
INFO - 89 6a 48 40 40 20 00 00
INFO - 89 6c 48 08 40 28 3a 0f
INFO - 89 6c 88 20 40 28 36 0d
INFO - 89 6c c8 40 40 20 00 fc
INFO - 89 6e c8 08 40 28 3e 10
INFO - 89 6e 08 20 40 28 36 0d
INFO - 89 6e 48 40 40 23 f0 01
INFO - 89 70 48 08 40 28 42 11
INFO - 89 70 88 20 40 28 36 0d
INFO - 89 70 c8 40 40 20 04 00
INFO - 89 72 c8 08 40 28 46 13
INFO - 89 72 08 20 40 28 36 0d
INFO - 89 72 48 40 40 20 00 00
INFO - 89 74 48 08 40 28 4e 15
INFO - 89 74 88 20 40 28 36 0b
INFO - 89 74 c8 40 40 20 00 00
INFO - 89 76 c8 08 40 28 56 17
INFO - 89 76 08 20 40 28 2e 0b
INFO - 89 76 48 40 40 20 00 fc
INFO - 89 78 48 08 40 28 5e 1a
INFO - 89 78 88 20 40 28 2e 0b
INFO - 89 78 c8 40 40 23 f0 01
INFO - 89 7a c8 08 40 28 6a 1d
INFO - 89 7a 08 20 40 28 2e 0b
INFO - 89 7a 48 40 40 20 04 00
INFO - 89 7c 48 08 40 28 76 20
INFO - 89 7c 88 20 40 28 2e 09
INFO - 89 7c c8 40 40 20 00 fc
INFO - 89 7e c8 08 40 28 82 25
INFO - 89 7e 08 20 40 28 26 09
INFO - 89 7e 48 40 40 23 f0 01
INFO - 89 80 48 08 40 28 96 2a
INFO - 89 80 88 20 40 28 26 09
INFO - 89 80 c8 40 40 20 04 00
INFO - 89 82 c8 08 40 28 aa 31
INFO - 89 82 08 20 40 28 26 07
INFO - 89 82 48 40 40 20 00 00
INFO - 89 84 48 08 40 28 c6 35
INFO - 89 84 88 20 40 28 1e 07
INFO - 89 84 c8 40 40 20 00 fc
INFO - 89 86 c8 08 40 28 d6 3f
INFO - 89 86 08 20 40 28 1e 05
INFO - 89 86 48 40 40 23 f0 01
INFO - 89 88 48 08 40 28 fe 45
INFO - 89 88 88 20 40 28 16 05
INFO - 89 88 c8 40 40 20 04 fc
INFO - 89 8a c8 08 40 29 16 4e
INFO - 89 8a 08 20 40 28 16 03
INFO - 89 8a 48 40 40 23 f0 01
INFO - 89 8c 48 08 40 29 3a 59
INFO - 89 8c 88 20 40 28 0e 01
INFO - 89 8c c8 40 40 20 04 00
INFO - a9 8d 08 40 57 00 00 02
INFO - a9 8d 48 40 57 00 00 02
INFO - a9 8d 88 40 57 00 00 02
INFO - a9 8d c8 40 57 00 00 02
INFO - 89 8e c8 08 40 29 66 69
INFO - 89 8e 08 20 40 28 05 ff
INFO - 89 8e 48 40 40 20 00 fc
INFO - 89 90 48 08 40 29 a6 73
INFO - 89 90 88 20 40 27 fd ff
INFO - 89 90 c8 40 40 23 f0 01
INFO - 89 92 c8 08 40 09 ce 73
INFO - 89 92 08 20 40 07 fd ff
INFO - 89 92 48 40 40 00 04 bd
INFO - 8a 2a 48 08 40 27 9d ee
INFO - 8a 2a 88 20 40 2c b7 2d
INFO - 8a 2a c8 40 40 22 f4 3e
INFO - 8a 2c c8 08 40 27 b9 f3
INFO - 8a 2c 08 20 40 2c b7 2d
INFO - 8a 2c 48 40 40 20 f8 00
INFO - 8a 2e 48 08 40 27 cd f7
INFO - 8a 2e 88 20 40 2c b7 2d
INFO - 8a 2e c8 40 40 20 00 fc
INFO - 8a 30 c8 08 40 27 dd fa
INFO - 8a 30 08 20 40 2c b7 2d
INFO - 8a 30 48 40 40 23 f0 01
INFO - 8a 32 48 08 40 07 e9 fa
INFO - 8a 32 88 20 40 0c b7 2d
INFO - 8a 32 c8 40 40 00 04 bf
