INFO - 20 00 4d 3c 00 0a 40 00
INFO - 20 07 8d 3c 00 0b 11 00
INFO - 20 0d cd 3c 00 0a 7c 00
INFO - 20 11 0d 3c 00 0b 16 00
INFO - 20 12 4d 3c 00 0a 82 00
INFO - 20 15 8d 3c 00 0a ac 00
INFO - 20 15 cd 3c 00 0a ac 00
INFO - 20 1d 0d 3c 00 0b 0f 00
INFO - 20 1e 4d 3c 00 0a 8a 00
INFO - 20 1e 8d 3c 00 0a 8a 00
INFO - 20 1e cd 3c 00 0a 8a 00
INFO - 20 24 0d 3c 00 0a a4 00
INFO - 20 26 4d 3c 00 0a 79 00
INFO - 20 29 8d 3c 00 0a d8 00
INFO - 20 29 cd 3c 00 0a d8 00
INFO - 20 2d 0d 3c 00 0a 9f 00
INFO - 20 2e 4d 3c 00 0a 96 00
INFO - 20 30 8d 3c 00 0a 96 00
INFO - 20 31 cd 3c 00 0a 83 00
INFO - 20 31 0d 3c 00 0a 83 00
INFO - 20 35 4d 3c 00 0a 97 00
INFO - 20 35 8d 3c 00 0a 97 00
INFO - 20 38 cd 3c 00 0a 84 00
INFO - 20 3b 0d 3c 00 0b 02 00
INFO - 20 3e 4d 3c 00 0a c8 00
INFO - 20 3e 8d 3c 00 0a c8 00
INFO - 20 41 cd 3c 00 0a 8f 00
INFO - 20 45 0d 3c 00 0a e7 00
INFO - 20 47 4d 3c 00 0a b7 00
INFO - 20 47 8d 3c 00 0a b7 00
INFO - 20 47 cd 3c 00 0a b7 00
INFO - 20 4c 0d 3c 00 0a 8d 00
INFO - 20 4f 4d 3c 00 0a d5 00
INFO - 20 50 8d 3c 00 0a 90 00
INFO - 20 54 cd 3c 00 0a ff 00
INFO - 20 56 0d 3c 00 0a 93 00
INFO - 20 58 4d 3c 00 0a b7 00
INFO - 20 5a 8d 3c 00 0a 92 00
INFO - 20 5c cd 3c 00 0a 9a 00
INFO - 20 5d 0d 3c 00 0a a0 00
INFO - 20 5f 4d 3c 00 0a 99 00
INFO - 20 61 8d 3c 00 0a 9f 00
INFO - 20 63 cd 3c 00 0a 99 00
INFO - 20 65 0d 3c 00 0a a7 00
INFO - 20 66 4d 3c 00 0a 82 00
INFO - 20 69 8d 3c 00 0a d7 00
INFO - 20 6b cd 3c 00 0a a2 00
INFO - 20 6d 0d 3c 00 0a a8 00
INFO - 20 70 4d 3c 00 0a ac 00
INFO - 20 72 8d 3c 00 0a ba 00
INFO - 20 74 cd 3c 00 0a b3 00
INFO - 20 77 0d 3c 00 0a b9 00
INFO - 20 79 4d 3c 00 0a ba 00
INFO - 20 7b 8d 3c 00 0a aa 00
INFO - 20 7d cd 3c 00 0a a3 00
INFO - 20 7f 0d 3c 00 0a 90 00
INFO - 20 81 4d 3c 00 0a ab 00
INFO - 20 83 8d 3c 00 0a a0 00
INFO - 20 86 cd 3c 00 0a d5 00
INFO - 20 88 0d 3c 00 0a ab 00
INFO - 20 8b 4d 3c 00 0a d9 00
INFO - 20 8e 8d 3c 00 0a c7 00
INFO - 20 90 cd 3c 00 0a a0 00
INFO - 20 92 0d 3c 00 0a ae 00
INFO - 20 95 4d 3c 00 0a b2 00
INFO - 20 96 8d 3c 00 0a a0 00
INFO - 20 98 cd 3c 00 0a a3 00
INFO - 20 9a 0d 3c 00 0a 9d 00
INFO - 20 9c 4d 3c 00 0a ab 00
INFO - 20 9f 8d 3c 00 0a b5 00
INFO - 20 a1 cd 3c 00 0a a2 00
INFO - 20 a3 0d 3c 00 0a b3 00
INFO - 20 a5 4d 3c 00 0a 95 00
INFO - 20 a7 8d 3c 00 0a b5 00
INFO - 20 a9 cd 3c 00 0a 89 00
INFO - 20 aa 0d 3c 00 0a 96 00
INFO - 20 ac 4d 3c 00 0a 95 00
INFO - 20 ae 8d 3c 00 0a 95 00
INFO - 20 b0 cd 3c 00 0a a9 00
INFO - 20 b2 0d 3c 00 0a 95 00
INFO - 20 b4 4d 3c 00 0a aa 00
INFO - 20 b6 8d 3c 00 0a 9f 00
INFO - 20 b9 cd 3c 00 0a d4 00
INFO - 20 ba 0d 3c 00 0a 9f 00
INFO - 20 bd 4d 3c 00 0a d4 00
INFO - 20 bf 8d 3c 00 0a 9d 00
INFO - 20 c2 cd 3c 00 0a d5 00
INFO - 20 c4 0d 3c 00 0a 8a 00
INFO - 20 c6 4d 3c 00 0a b4 00
INFO - 20 c7 8d 3c 00 0a 7f 00
INFO - 20 ca cd 3c 00 0a b3 00
INFO - 20 cc 0d 3c 00 0a b3 00
INFO - 20 ce 4d 3c 00 0a be 00
INFO - 20 d0 8d 3c 00 0a 89 00
INFO - 20 d2 cd 3c 00 0a 9e 00
INFO - 20 d4 0d 3c 00 0a b3 00
INFO - 20 d6 4d 3c 00 0a b3 00
INFO - 20 d8 8d 3c 00 0a a6 00
INFO - 20 db cd 3c 00 0a c2 00
INFO - 20 dd 0d 3c 00 0a 95 00
INFO - 20 df 4d 3c 00 0a a9 00
INFO - 20 e1 8d 3c 00 0a a9 00
INFO - 20 e3 cd 3c 00 0a 9c 00
INFO - 20 e6 0d 3c 00 0a c1 00
INFO - 20 e8 4d 3c 00 0a a9 00
INFO - 20 ea 8d 3c 00 0a bc 00
INFO - 20 ec cd 3c 00 0a 8d 00
INFO - 20 ee 0d 3c 00 0a a9 00
INFO - 20 f0 4d 3c 00 0a c8 00
INFO - 20 f2 8d 3c 00 0a a2 00
INFO - 20 f5 cd 3c 00 0a b2 00
INFO - 20 f6 0d 3c 00 0a 8d 00
INFO - 20 f9 4d 3c 00 0a b2 00
INFO - 20 fa 8d 3c 00 0a 98 00
INFO - 20 fc cd 3c 00 0a 95 00
INFO - 20 fe 0d 3c 00 0a 93 00
INFO - 21 00 4d 3c 00 0a a1 00
INFO - 21 01 8d 3c 00 0a 88 00
INFO - 21 03 cd 3c 00 0a 83 00
INFO - 21 05 0d 3c 00 0a be 00
INFO - 21 07 4d 3c 00 0a a4 00
INFO - 21 09 8d 3c 00 0a 9e 00
INFO - 21 0c cd 3c 00 0a d0 00
INFO - 21 0f 0d 3c 00 0a cd 00
INFO - 21 10 4d 3c 00 0a 89 00
INFO - 21 13 8d 3c 00 0a d1 00
INFO - 21 15 cd 3c 00 0a b5 00
INFO - 21 18 0d 3c 00 0a b1 00
INFO - 21 1a 4d 3c 00 0a cf 00
INFO - 21 20 8d 3c 00 0b 3d 00
INFO - 21 22 cd 3c 00 0a a0 00
INFO - 21 24 0d 3c 00 0a a7 00
INFO - 21 25 4d 3c 00 0a 95 00
INFO - 21 28 8d 3c 00 0a b2 00
INFO - 21 2a cd 3c 00 0a b8 00
INFO - 21 2c 0d 3c 00 0a ae 00
INFO - 21 2e 4d 3c 00 0a a7 00
INFO - 21 30 8d 3c 00 0a a4 00
INFO - 21 33 cd 3c 00 0a cd 00
INFO - 21 35 0d 3c 00 0a a7 00
INFO - 21 38 4d 3c 00 0a c2 00
INFO - 21 3a 8d 3c 00 0a a7 00
INFO - 21 3c cd 3c 00 0a ac 00
INFO - 21 3e 0d 3c 00 0a b1 00
INFO - 21 40 4d 3c 00 0a a0 00
INFO - 21 42 8d 3c 00 0a 98 00
INFO - 21 44 cd 3c 00 0a a6 00
INFO - 21 46 0d 3c 00 0a b6 00
INFO - 21 48 4d 3c 00 0a 98 00
INFO - 21 4a 8d 3c 00 0a 98 00
INFO - 21 4d cd 3c 00 0a c3 00
INFO - 21 4f 0d 3c 00 0a d1 00
INFO - 21 51 4d 3c 00 0a 95 00
INFO - 21 53 8d 3c 00 0a 8c 00
INFO - 21 56 cd 3c 00 0a cd 00
INFO - 21 58 0d 3c 00 0a ad 00
INFO - 21 5a 4d 3c 00 0a a1 00
INFO - 21 5b 8d 3c 00 0a 97 00
INFO - 21 5e cd 3c 00 0a d7 00
INFO - 21 60 0d 3c 00 0a 97 00
INFO - 21 62 4d 3c 00 0a ac 00
INFO - 21 66 8d 3c 00 0a e2 00
INFO - 21 68 cd 3c 00 0a ac 00
INFO - 21 6b 0d 3c 00 0a b3 00
INFO - 21 6e 4d 3c 00 0a e1 00
INFO - 21 73 8d 3c 00 0a a9 00
INFO - 21 75 cd 3c 00 0a a9 00
INFO - 21 76 0d 3c 00 0a 99 00
INFO - 21 78 4d 3c 00 0a 96 00
INFO - 21 7a 8d 3c 00 0a a1 00
INFO - 21 7c cd 3c 00 0a 8c 00
INFO - 21 7e 0d 3c 00 0a b4 00
INFO - 21 80 4d 3c 00 0a 8c 00
INFO - 21 82 8d 3c 00 0a ba 00
INFO - 21 84 cd 3c 00 0a ad 00
INFO - 21 87 0d 3c 00 0a d9 00
INFO - 21 89 4d 3c 00 0a 8c 00
INFO - 21 8b 8d 3c 00 0a b5 00
INFO - 21 8d cd 3c 00 0a 90 00
INFO - 21 8f 0d 3c 00 0a b9 00
INFO - 21 91 4d 3c 00 0a 98 00
INFO - 21 94 8d 3c 00 0a cf 00
INFO - 21 96 cd 3c 00 0a ae 00
INFO - 21 9a 0d 3c 00 0b 06 00
INFO - 21 9c 4d 3c 00 0a 98 00
INFO - 21 9e 8d 3c 00 0a af 00
INFO - 21 9f cd 3c 00 0a 77 00
INFO - 21 a2 0d 3c 00 0a e6 00
INFO - 21 a4 4d 3c 00 0a 9c 00
INFO - 21 a7 8d 3c 00 0a bb 00
INFO - 21 a9 cd 3c 00 0a a4 00
INFO - 21 ab 0d 3c 00 0a ae 00
INFO - 21 ad 4d 3c 00 0a 90 00
INFO - 21 af 8d 3c 00 0a a5 00
INFO - 21 b1 cd 3c 00 0a b0 00
INFO - 21 b3 0d 3c 00 0a b0 00
INFO - 21 b5 4d 3c 00 0a 99 00
INFO - 21 b8 8d 3c 00 0a ea 00
INFO - 21 ba cd 3c 00 0a 8f 00
INFO - 21 bd 0d 3c 00 0a bc 00
INFO - 21 bf 4d 3c 00 0a bc 00
INFO - 21 c2 8d 3c 00 0a c8 00
INFO - 21 c4 cd 3c 00 0a 9b 00
INFO - 21 c6 0d 3c 00 0a bd 00
INFO - 21 c8 4d 3c 00 0a 90 00
INFO - 21 cb 8d 3c 00 0a d5 00
INFO - 21 cd cd 3c 00 0a b1 00
INFO - 21 d0 0d 3c 00 0a c9 00
INFO - 21 d2 4d 3c 00 0a a8 00
INFO - 21 d4 8d 3c 00 0a 9b 00
INFO - 21 d6 cd 3c 00 0a bf 00
INFO - 21 d9 0d 3c 00 0a be 00
INFO - 21 db 4d 3c 00 0a 9d 00
INFO - 21 dc 8d 3c 00 0a 91 00
INFO - 21 de cd 3c 00 0a a8 00
INFO - 21 e0 0d 3c 00 0a 8f 00
INFO - 21 e2 4d 3c 00 0a b5 00
INFO - 21 e4 8d 3c 00 0a a8 00
INFO - 21 e7 cd 3c 00 0a cb 00
INFO - 21 ea 0d 3c 00 0a be 00
INFO - 21 ed 4d 3c 00 0a d9 00
INFO - 21 ee 8d 3c 00 0a 92 00
INFO - 21 f0 cd 3c 00 0a a7 00
INFO - 21 f3 0d 3c 00 0a b6 00
INFO - 21 f5 4d 3c 00 0a b5 00
INFO - 21 f7 8d 3c 00 0a a9 00
INFO - 21 fa cd 3c 00 0a b3 00
INFO - 21 fc 0d 3c 00 0a a0 00
INFO - 21 ff 4d 3c 00 0a d9 00
INFO - 22 01 8d 3c 00 0a a8 00
INFO - 22 04 cd 3c 00 0a dc 00
INFO - 22 06 0d 3c 00 0a a9 00
INFO - 22 08 4d 3c 00 0a a1 00
INFO - 22 0b 8d 3c 00 0a c3 00
INFO - 22 0d cd 3c 00 0a b7 00
INFO - 22 10 0d 3c 00 0a db 00
INFO - 22 12 4d 3c 00 0a b8 00
INFO - 22 14 8d 3c 00 0a 93 00
INFO - 22 16 cd 3c 00 0a b6 00
INFO - 22 19 0d 3c 00 0a ba 00
INFO - 22 1c 4d 3c 00 0a dc 00
INFO - 22 1e 8d 3c 00 0a b6 00
INFO - 22 21 cd 3c 00 0a bb 00
INFO - 22 23 0d 3c 00 0a 94 00
INFO - 22 25 4d 3c 00 0a b6 00
INFO - 22 27 8d 3c 00 0a a4 00
INFO - 22 29 cd 3c 00 0a b9 00
INFO - 22 2b 0d 3c 00 0a a1 00
INFO - 22 2f 4d 3c 00 0a ea 00
INFO - 22 31 8d 3c 00 0a ae 00
INFO - 22 33 cd 3c 00 0a ba 00
INFO - 22 36 0d 3c 00 0a b0 00
INFO - 22 38 4d 3c 00 0a b8 00
INFO - 22 3b 8d 3c 00 0a c6 00
INFO - 22 3d cd 3c 00 0a c6 00
INFO - 22 3f 0d 3c 00 0a 89 00
INFO - 22 42 4d 3c 00 0a df 00
INFO - 22 44 8d 3c 00 0a 96 00
INFO - 22 48 cd 3c 00 0b 20 00
INFO - 22 4a 0d 3c 00 0a 93 00
INFO - 22 4e 4d 3c 00 0b 1d 00
INFO - 22 51 8d 3c 00 0a ae 00
INFO - 22 53 cd 3c 00 0a cb 00
INFO - 22 56 0d 3c 00 0a ac 00
INFO - 22 58 4d 3c 00 0a a3 00
INFO - 22 58 8d 3c 00 0a a3 00
INFO - 22 58 cd 3c 00 0a a3 00
INFO - 22 58 0d 3c 00 0a a3 00
INFO - 22 58 4d 3c 00 0a a3 00
INFO - 22 58 8d 3c 00 0a a3 00
INFO - 22 58 cd 3c 00 0a a3 00
INFO - 22 58 0d 3c 00 0a a3 00
INFO - 22 58 4d 3c 00 0a a3 00
INFO - 22 58 8d 3c 00 0a a3 00
INFO - 22 58 cd 3c 00 0a a3 00
