INFO - 40 00 48 00 f9 41 00 23
INFO - 41 9a 88 00 f9 41 00 23
INFO - 43 8e c8 00 f9 41 00 23
INFO - 45 82 08 00 f9 41 00 23
INFO - 47 24 48 00 f9 41 00 23
INFO - 47 9e 88 00 f9 41 00 23
INFO - 48 ad c8 00 f9 41 00 23
INFO - 49 9f 08 00 f9 51 00 20
INFO - 49 f0 48 00 f9 41 00 24
INFO - 4a 73 88 00 f9 51 00 20
INFO - 4a 84 c8 00 f9 51 00 20
INFO - 4a 92 08 00 f9 41 00 23
INFO - 4a a8 48 00 f9 41 00 23
INFO - 4b 44 88 00 f9 41 00 23
INFO - 4c f3 c8 00 f9 41 00 23
INFO - 4d 24 08 00 f9 51 00 20
INFO - 4d 43 48 00 f9 51 00 20
INFO - 4d 5c 88 00 f9 41 00 24
INFO - 4d 8c c8 00 f9 41 00 24
INFO - 4f 2b 08 00 f9 41 00 24
INFO - 51 25 48 00 f9 41 00 24
INFO - 51 a6 88 00 f9 41 00 24
INFO - 52 41 c8 00 f9 51 00 20
INFO - 52 52 08 00 f9 51 00 20
INFO - 52 63 48 00 f9 41 00 23
INFO - 52 e5 88 00 f9 41 00 23
INFO - 53 7b c8 00 f9 51 00 20
INFO - 53 d2 08 00 f9 41 00 24
INFO - 54 87 48 00 f9 51 00 20
INFO - 54 97 88 00 f9 51 00 20
INFO - 54 a6 c8 00 f9 41 00 23
INFO - 55 1e 08 00 f9 41 00 23
INFO - 55 8e 48 00 f9 41 00 23
INFO - 57 78 88 00 f9 41 00 23
INFO - 57 d9 c8 00 f9 41 00 23
INFO - 58 3d 08 00 f9 51 00 20
INFO - 58 4d 48 00 f9 51 00 20
INFO - 58 60 88 00 f9 41 00 24
INFO - 58 c2 c8 00 f9 51 00 20
INFO - 59 0d 08 00 f9 41 00 23
INFO - 59 76 48 00 f9 41 00 23
INFO - 5b 6a 88 00 f9 41 00 23
INFO - 5d 5f c8 00 f9 41 00 23
INFO - 40 50 08 00 f9 41 00 23
