INFO - a0 4c 88 40 57 00 00 02
INFO - a0 4c c8 40 57 00 00 02
INFO - a0 4c 08 40 57 00 00 02
INFO - a0 4c 48 40 57 00 00 02
INFO - a8 48 88 40 57 00 00 02
INFO - a8 48 c8 40 57 00 00 02
INFO - a8 48 08 40 57 00 00 02
INFO - a8 48 48 40 57 00 00 02
INFO - aa fd c8 40 57 00 00 02
INFO - aa fd 08 40 57 00 00 02
INFO - aa fd 48 40 57 00 00 02
INFO - aa fd 88 40 57 00 00 02
INFO - af d1 48 40 57 00 00 02
INFO - af d1 88 40 57 00 00 02
INFO - af d1 c8 40 57 00 00 02
INFO - af d1 08 40 57 00 00 02
INFO - af d1 48 40 57 00 00 02
INFO - 90 49 c8 08 40 27 41 d0
INFO - 90 49 08 20 40 27 e5 f9
INFO - 90 49 48 40 40 20 00 79
INFO - 90 4b 48 08 40 27 41 d0
INFO - 90 4b 88 20 40 27 e5 f9
INFO - 90 4b c8 40 40 21 e4 fc
INFO - 90 4d c8 08 40 27 41 d0
INFO - 90 4d 08 20 40 27 e5 f9
INFO - 90 4d 48 40 40 23 f0 fd
INFO - 90 4f 48 08 40 27 41 d0
INFO - 90 4f 88 20 40 27 e5 f7
INFO - 90 4f c8 40 40 23 f4 01
INFO - 90 51 c8 08 40 27 41 d0
INFO - 90 51 08 20 40 27 dd f7
INFO - 90 51 48 40 40 20 04 fc
INFO - 90 53 48 08 40 27 41 d0
INFO - 90 53 88 20 40 27 dd f7
INFO - 90 53 c8 40 40 23 f0 00
INFO - 90 55 c8 08 40 27 41 d0
INFO - 90 55 08 20 40 27 dd f7
INFO - 90 55 48 40 40 20 00 01
INFO - 90 57 48 08 40 27 41 d0
INFO - 90 57 88 20 40 27 dd f9
INFO - 90 57 c8 40 40 20 04 fc
INFO - 90 59 c8 08 40 27 41 d0
INFO - 90 59 08 20 40 27 e5 f9
INFO - 90 59 48 40 40 23 f0 01
INFO - 90 5b 48 08 40 27 41 d0
INFO - 90 5b 88 20 40 27 e5 fb
INFO - 90 5b c8 40 40 20 04 fc
INFO - 90 5d c8 08 40 27 41 d0
INFO - 90 5d 08 20 40 27 ed fb
INFO - 90 5d 48 40 40 23 f0 00
INFO - 90 5f 48 08 40 27 41 d0
INFO - 90 5f 88 20 40 27 ed fb
INFO - 90 5f c8 40 40 20 00 01
INFO - 90 61 c8 08 40 27 41 d0
INFO - 90 61 08 20 40 27 ed fb
INFO - 90 61 48 40 40 20 04 fc
INFO - 90 63 48 08 40 27 41 ff
INFO - 90 63 88 20 40 27 ed f9
INFO - 90 63 c8 40 40 23 f0 00
INFO - 90 65 c8 08 40 27 fe 10
INFO - 90 65 08 20 40 27 e5 f9
INFO - 90 65 48 40 40 20 00 01
INFO - 90 67 48 08 40 28 42 10
INFO - 90 67 88 20 40 27 e5 f9
INFO - 90 67 c8 40 40 20 04 fc
INFO - 90 69 c8 08 40 28 42 10
INFO - 90 69 08 20 40 27 e5 f9
INFO - 90 69 48 40 40 23 f0 fd
INFO - 90 6b 48 08 40 28 42 10
INFO - 90 6b 88 20 40 27 e5 f9
INFO - 90 6b c8 40 40 23 f4 01
INFO - 90 6d c8 08 40 28 42 10
INFO - 90 6d 08 20 40 27 e5 f9
INFO - 90 6d 48 40 40 20 04 fc
INFO - 90 6f 48 08 40 28 42 10
INFO - 90 6f 88 20 40 27 e5 f9
INFO - 90 6f c8 40 40 23 f0 01
INFO - 90 71 c8 08 40 28 42 10
INFO - 90 71 08 20 40 27 e5 f9
INFO - 90 71 48 40 40 20 04 fc
INFO - 90 73 48 08 40 28 42 10
INFO - 90 73 88 20 40 27 e5 f9
INFO - 90 73 c8 40 40 23 f0 00
INFO - 90 75 c8 08 40 28 42 10
INFO - 90 75 08 20 40 27 e5 f9
INFO - 90 75 48 40 40 20 00 01
INFO - 90 77 48 08 40 28 42 10
INFO - 90 77 88 20 40 27 e5 f9
INFO - 90 77 c8 40 40 20 04 fc
INFO - 90 79 c8 08 40 28 42 10
INFO - 90 79 08 20 40 27 e5 f7
INFO - 90 79 48 40 40 23 f0 fd
INFO - 90 7b 48 08 40 28 42 10
INFO - 90 7b 88 20 40 27 dd f7
INFO - 90 7b c8 40 40 23 f4 01
INFO - 90 7d c8 08 40 28 42 10
INFO - 90 7d 08 20 40 27 dd f7
INFO - 90 7d 48 40 40 20 04 fc
INFO - 90 7f 48 08 40 28 42 10
INFO - 90 7f 88 20 40 27 dd f7
INFO - 90 7f c8 40 40 23 f0 fd
INFO - 90 81 c8 08 40 28 42 17
INFO - 90 81 08 20 40 27 dd f9
INFO - 90 81 48 40 40 23 f4 01
INFO - 90 83 48 08 40 28 5e 1a
INFO - 90 83 88 20 40 27 e5 f9
INFO - 90 83 c8 40 40 20 04 fc
INFO - 90 85 c8 08 40 28 6a 1a
INFO - 90 85 08 20 40 27 e5 fb
INFO - 90 85 48 40 40 23 f0 01
INFO - 90 87 48 08 40 28 6a 1a
INFO - 90 87 88 20 40 27 ed fb
INFO - 90 87 c8 40 40 20 04 fc
INFO - 90 89 c8 08 40 28 6a 1a
INFO - 90 89 08 20 40 27 ed fb
INFO - 90 89 48 40 40 23 f0 fd
INFO - 90 8b 48 08 40 28 6a 1a
INFO - 90 8b 88 20 40 27 ed fb
INFO - 90 8b c8 40 40 23 f4 01
INFO - 90 8d c8 08 40 28 6a 1a
INFO - 90 8d 08 20 40 27 ed fb
INFO - 90 8d 48 40 40 20 04 fc
INFO - 90 8f 48 08 40 28 6a 1a
INFO - 90 8f 88 20 40 27 ed fb
INFO - 90 8f c8 40 40 23 f0 fd
INFO - 90 91 c8 08 40 28 6a 1a
INFO - 90 91 08 20 40 27 ed fb
INFO - 90 91 48 40 40 23 f4 01
INFO - 90 93 48 08 40 28 6a 1a
INFO - 90 93 88 20 40 27 ed fb
INFO - 90 93 c8 40 40 20 04 fc
INFO - 90 95 c8 08 40 28 6a 1a
INFO - 90 95 08 20 40 27 ed fb
INFO - 90 95 48 40 40 23 f0 01
INFO - 90 97 48 08 40 28 6a 1a
INFO - 90 97 88 20 40 27 ed fb
INFO - 90 97 c8 40 40 20 04 fc
INFO - 90 99 c8 08 40 28 6a 1a
INFO - 90 99 08 20 40 27 ed fb
INFO - 90 99 48 40 40 23 f0 fd
INFO - 90 9b 48 08 40 28 6a 1a
INFO - 90 9b 88 20 40 27 ed fb
INFO - 90 9b c8 40 40 23 f4 01
INFO - 90 9d c8 08 40 28 6a 1a
INFO - 90 9d 08 20 40 27 ed fb
INFO - 90 9d 48 40 40 20 04 fc
INFO - 90 9f 48 08 40 28 69 f8
INFO - 90 9f 88 20 40 27 ed fb
INFO - 90 9f c8 40 40 23 f0 01
INFO - 90 a1 c8 08 40 27 e1 eb
INFO - 90 a1 08 20 40 27 ed fb
INFO - 90 a1 48 40 40 20 04 fc
INFO - 90 a3 48 08 40 27 ad eb
INFO - 90 a3 88 20 40 27 ed fb
INFO - 90 a3 c8 40 40 23 f0 00
INFO - 90 a5 c8 08 40 27 ad eb
INFO - 90 a5 08 20 40 27 ed fd
INFO - 90 a5 48 40 40 20 00 01
INFO - 90 a7 48 08 40 27 ad eb
INFO - 90 a7 88 20 40 27 f5 fd
INFO - 90 a7 c8 40 40 20 04 fc
INFO - 90 a9 c8 08 40 27 ad eb
INFO - 90 a9 08 20 40 27 f5 fd
INFO - 90 a9 48 40 40 23 f0 fd
INFO - 90 ab 48 08 40 27 ad eb
INFO - 90 ab 88 20 40 27 f5 fd
INFO - 90 ab c8 40 40 23 f4 01
INFO - 90 ad c8 08 40 27 ad eb
INFO - 90 ad 08 20 40 27 f5 fd
INFO - 90 ad 48 40 40 20 04 fc
INFO - 90 af 48 08 40 27 ad eb
INFO - 90 af 88 20 40 27 f5 fb
INFO - 90 af c8 40 40 23 f0 fd
INFO - 90 b1 c8 08 40 27 ad eb
INFO - 90 b1 08 20 40 27 ed fb
INFO - 90 b1 48 40 40 23 f4 01
INFO - 90 b3 48 08 40 27 ad eb
INFO - 90 b3 88 20 40 27 ed fd
INFO - 90 b3 c8 40 40 20 04 fc
INFO - 90 b5 c8 08 41 d7 ae 14
INFO - 90 b5 08 20 41 d7 f5 ff
INFO - 90 b5 48 40 41 d3 f0 00
INFO - 90 d2 c8 08 40 28 52 14
INFO - 90 d2 08 20 40 27 fd ff
INFO - 90 d2 48 40 40 20 00 fd
INFO - 90 d4 48 08 40 28 52 14
INFO - 90 d4 88 20 40 27 fd ff
INFO - 90 d4 c8 40 40 23 f4 01
INFO - 90 d6 c8 08 40 28 52 14
INFO - 90 d6 08 20 40 27 fd ff
INFO - 90 d6 48 40 40 20 04 fc
INFO - 90 d8 48 08 40 28 52 14
INFO - 90 d8 88 20 40 27 fd ff
INFO - 90 d8 c8 40 40 23 f0 01
INFO - 90 da c8 08 40 28 52 14
INFO - 90 da 08 20 40 27 fd ff
INFO - 90 da 48 40 40 20 04 fc
INFO - 90 dc 48 08 40 28 52 14
INFO - 90 dc 88 20 40 27 fd ff
INFO - 90 dc c8 40 40 23 f0 fd
INFO - 90 de c8 08 40 28 51 eb
INFO - 90 de 08 20 40 27 fd ff
INFO - 90 de 48 40 40 23 f4 01
INFO - 90 e0 48 08 40 27 ad dd
INFO - 90 e0 88 20 40 27 fd ff
INFO - 90 e0 c8 40 40 20 04 fc
INFO - 90 e2 c8 08 40 27 75 dd
INFO - 90 e2 08 20 40 27 fd ff
INFO - 90 e2 48 40 40 23 f0 00
INFO - 90 e4 48 08 40 27 75 dd
INFO - 90 e4 88 20 40 27 fd ff
INFO - 90 e4 c8 40 40 20 00 01
INFO - 90 e6 c8 08 40 27 75 dd
INFO - 90 e6 08 20 40 27 fd ff
INFO - 90 e6 48 40 40 20 04 fc
INFO - 90 e8 48 08 40 27 75 dd
INFO - 90 e8 88 20 40 27 fd ff
INFO - 90 e8 c8 40 40 23 f0 01
INFO - 90 ea c8 08 40 27 75 dd
INFO - 90 ea 08 20 40 27 fd ff
INFO - 90 ea 48 40 40 20 04 fc
INFO - 90 ec 48 08 40 27 75 dd
INFO - 90 ec 88 20 40 27 fd ff
INFO - 90 ec c8 40 40 23 f0 00
INFO - 90 ee c8 08 40 27 75 dd
INFO - 90 ee 08 20 40 27 fd ff
INFO - 90 ee 48 40 40 20 00 01
INFO - 90 f0 48 08 40 27 75 dd
INFO - 90 f0 88 20 40 27 fd ff
INFO - 90 f0 c8 40 40 20 04 fc
INFO - 90 f2 c8 08 40 27 75 dd
INFO - 90 f2 08 20 40 27 fd ff
INFO - 90 f2 48 40 40 23 f0 00
INFO - 90 f4 48 08 40 27 75 dd
INFO - 90 f4 88 20 40 27 fd ff
INFO - 90 f4 c8 40 40 20 00 01
INFO - 90 f6 c8 08 40 27 75 dd
INFO - 90 f6 08 20 40 27 fd ff
INFO - 90 f6 48 40 40 20 04 fc
INFO - 90 f8 48 08 40 27 75 dd
INFO - 90 f8 88 20 40 27 fd ff
INFO - 90 f8 c8 40 40 23 f0 01
INFO - 90 fa c8 08 40 27 75 dd
INFO - 90 fa 08 20 40 27 fd ff
INFO - 90 fa 48 40 40 20 04 fc
INFO - 90 fc 48 08 40 27 75 ff
INFO - 90 fc 88 20 40 27 fd ff
INFO - 90 fc c8 40 40 23 f0 00
INFO - 90 fe c8 08 40 27 fe 0a
INFO - 90 fe 08 20 40 27 fd fd
INFO - 90 fe 48 40 40 20 00 01
INFO - 91 00 48 08 40 28 2a 0a
INFO - 91 00 88 20 40 27 f5 fd
INFO - 91 00 c8 40 40 20 04 fc
INFO - 91 02 c8 08 40 28 2a 0a
INFO - 91 02 08 20 40 27 f5 ff
INFO - 91 02 48 40 40 23 f0 01
INFO - 91 04 48 08 40 28 2a 0a
INFO - 91 04 88 20 40 27 fd ff
INFO - 91 04 c8 40 40 20 04 fc
INFO - 91 06 c8 08 40 28 2a 0a
INFO - 91 06 08 20 40 27 fd ff
INFO - 91 06 48 40 40 23 f0 fd
INFO - 91 08 48 08 40 28 2a 0a
INFO - 91 08 88 20 40 27 fd ff
INFO - 91 08 c8 40 40 23 f4 00
INFO - 91 0a c8 08 40 28 2a 0a
INFO - 91 0a 08 20 40 27 fd ff
INFO - 91 0a 48 40 40 20 00 01
INFO - 91 0c 48 08 40 28 2a 0a
INFO - 91 0c 88 20 40 27 fd ff
INFO - 91 0c c8 40 40 20 04 fc
INFO - 91 0e c8 08 40 28 2a 0a
INFO - 91 0e 08 20 40 27 fd ff
INFO - 91 0e 48 40 40 23 f0 01
INFO - 91 10 48 08 40 28 2a 0a
INFO - 91 10 88 20 40 27 fd ff
INFO - 91 10 c8 40 40 20 04 fc
INFO - 91 12 c8 08 40 28 2a 0a
INFO - 91 12 08 20 40 27 fd ff
INFO - 91 12 48 40 40 23 f0 fd
INFO - 91 14 48 08 40 28 2a 0a
INFO - 91 14 88 20 40 27 fd ff
INFO - 91 14 c8 40 40 23 f4 01
INFO - 91 16 c8 08 40 28 2a 0a
INFO - 91 16 08 20 40 27 fe 01
INFO - 91 16 48 40 40 20 04 fc
INFO - 91 18 48 08 40 28 2a 0d
INFO - 91 18 88 20 40 28 06 01
INFO - 91 18 c8 40 40 23 f0 00
INFO - 91 1a c8 08 40 28 36 0d
INFO - 91 1a 08 20 40 28 06 01
INFO - 91 1a 48 40 40 20 00 01
INFO - 91 1c 48 08 40 28 36 0d
INFO - 91 1c 88 20 40 28 05 ff
INFO - 91 1c c8 40 40 20 04 fc
INFO - 91 1e c8 08 40 28 36 0d
INFO - 91 1e 08 20 40 27 fd ff
INFO - 91 1e 48 40 40 23 f0 01
INFO - 91 20 48 08 40 28 36 0d
INFO - 91 20 88 20 40 27 fd ff
INFO - 91 20 c8 40 40 20 04 fc
INFO - 91 22 c8 08 40 28 36 0d
INFO - 91 22 08 20 40 27 fd ff
INFO - 91 22 48 40 40 23 f0 00
INFO - 91 24 48 08 40 28 36 0d
INFO - 91 24 88 20 40 27 fd ff
INFO - 91 24 c8 40 40 20 00 01
INFO - 91 26 c8 08 40 28 36 0d
INFO - 91 26 08 20 40 27 fd ff
INFO - 91 26 48 40 40 20 04 fc
INFO - 91 28 48 08 40 28 36 0d
INFO - 91 28 88 20 40 27 fd ff
INFO - 91 28 c8 40 40 23 f0 fd
INFO - 91 2a c8 08 40 28 36 0d
INFO - 91 2a 08 20 40 27 fd ff
INFO - 91 2a 48 40 40 23 f4 01
INFO - 91 2c 48 08 40 28 36 0d
INFO - 91 2c 88 20 40 27 fd ff
INFO - 91 2c c8 40 40 20 04 fc
INFO - 91 2e c8 08 40 28 36 0d
INFO - 91 2e 08 20 40 27 fd ff
INFO - 91 2e 48 40 40 23 f0 00
INFO - 91 30 48 08 40 28 36 0d
INFO - 91 30 88 20 40 27 fd ff
INFO - 91 30 c8 40 40 20 00 01
INFO - 91 32 c8 08 40 28 36 0d
INFO - 91 32 08 20 40 27 fd ff
INFO - 91 32 48 40 40 20 04 fc
INFO - 91 34 48 08 40 28 36 0d
INFO - 91 34 88 20 40 27 fd ff
INFO - 91 34 c8 40 40 23 f0 01
INFO - 91 36 c8 08 40 28 36 0d
INFO - 91 36 08 20 40 27 fd ff
INFO - 91 36 48 40 40 20 04 fc
INFO - 91 38 48 08 40 28 35 fa
INFO - 91 38 88 20 40 27 fd ff
INFO - 91 38 c8 40 40 23 f0 fd
INFO - 91 3a c8 08 40 27 e9 f4
INFO - 91 3a 08 20 40 27 fd ff
INFO - 91 3a 48 40 40 23 f4 01
INFO - 91 3c 48 08 40 27 d1 f4
INFO - 91 3c 88 20 40 27 fe 01
INFO - 91 3c c8 40 40 20 04 fc
INFO - 91 3e c8 08 40 27 d1 f4
INFO - 91 3e 08 20 40 28 06 01
INFO - 91 3e 48 40 40 23 f0 fd
INFO - 91 40 48 08 40 27 d1 f4
INFO - 91 40 88 20 40 28 06 01
INFO - 91 40 c8 40 40 23 f4 01
INFO - 91 42 c8 08 40 27 d1 f4
INFO - 91 42 08 20 40 28 06 01
INFO - 91 42 48 40 40 20 04 fc
INFO - 91 44 48 08 40 27 d1 f4
INFO - 91 44 88 20 40 28 06 01
INFO - 91 44 c8 40 40 23 f0 00
INFO - 91 46 c8 08 40 27 d1 f4
INFO - 91 46 08 20 40 28 06 01
INFO - 91 46 48 40 40 20 00 01
INFO - 91 48 48 08 40 27 d1 f4
INFO - 91 48 88 20 40 28 06 03
INFO - 91 48 c8 40 40 20 04 fc
INFO - 91 4a c8 08 40 27 d1 f4
INFO - 91 4a 08 20 40 28 0e 03
INFO - 91 4a 48 40 40 23 f0 00
INFO - 91 4c 48 08 40 27 d1 f4
INFO - 91 4c 88 20 40 28 0e 03
INFO - 91 4c c8 40 40 20 00 01
INFO - 91 4e c8 08 40 27 d1 f4
INFO - 91 4e 08 20 40 28 0e 03
INFO - 91 4e 48 40 40 20 04 fc
INFO - 91 50 48 08 40 27 d1 f4
INFO - 91 50 88 20 40 28 0e 03
INFO - 91 50 c8 40 40 23 f0 01
INFO - 91 52 c8 08 40 27 d1 f4
INFO - 91 52 08 20 40 28 0e 03
INFO - 91 52 48 40 40 20 04 fc
INFO - 91 54 48 08 40 37 d1 f4
INFO - 91 54 88 20 40 38 0e 01
INFO - 91 54 c8 40 40 33 f0 00
INFO - 91 57 c8 08 40 17 d2 3a
INFO - 91 57 08 20 40 18 06 01
INFO - 91 57 48 40 40 10 00 01
INFO - 91 58 48 08 40 38 ea 4b
INFO - 91 58 88 20 40 38 05 ff
INFO - 91 58 c8 40 40 30 04 fc
INFO - 91 5b c8 08 40 19 2e 4b
INFO - 91 5b 08 20 40 17 fd ff
INFO - 91 5b 48 40 40 13 f0 fd
INFO - 91 5c 48 08 40 39 2e 4b
INFO - 91 5c 88 20 40 37 fd ff
INFO - 91 5c c8 40 40 33 f4 01
INFO - 91 5f c8 08 40 19 2e 4b
INFO - 91 5f 08 20 40 17 fe 01
INFO - 91 5f 48 40 40 10 04 fc
INFO - 91 60 48 08 40 39 2e 4b
INFO - 91 60 88 20 40 38 06 01
INFO - 91 60 c8 40 40 33 f0 00
INFO - 91 63 c8 08 40 19 2e 4b
INFO - 91 63 08 20 40 18 06 01
INFO - 91 63 48 40 40 10 00 01
INFO - 91 64 48 08 40 39 2e 4b
INFO - 91 64 88 20 40 38 06 01
INFO - 91 64 c8 40 40 30 04 fc
INFO - 91 67 c8 08 40 19 2e 4b
INFO - 91 67 08 20 40 18 06 01
INFO - 91 67 48 40 40 13 f0 01
INFO - 91 68 48 08 40 39 2e 4b
INFO - 91 68 88 20 40 38 06 01
INFO - 91 68 c8 40 40 30 04 fc
INFO - 91 6b c8 08 40 19 2e 4b
INFO - 91 6b 08 20 40 18 06 03
INFO - 91 6b 48 40 40 13 f0 fd
INFO - 91 6c 48 08 40 29 2e 4b
INFO - 91 6c 88 20 40 28 0e 03
INFO - 91 6c c8 40 40 23 f4 01
INFO - 91 6e c8 08 40 39 2e 4b
INFO - 91 6e 08 20 40 38 0e 03
INFO - 91 6e 48 40 40 30 04 fc
INFO - 91 71 48 08 40 29 2e 4b
INFO - 91 71 88 20 40 28 0e 01
INFO - 91 71 c8 40 40 23 f0 fd
INFO - 91 73 c8 08 40 29 2e 4b
INFO - 91 73 08 20 40 28 06 01
INFO - 91 73 48 40 40 23 f4 01
INFO - 91 75 48 08 40 29 2e 2a
INFO - 91 75 88 20 40 28 06 01
INFO - 91 75 c8 40 40 20 04 fc
INFO - 91 77 c8 08 40 28 aa 18
INFO - 91 77 08 20 40 28 06 01
INFO - 91 77 48 40 40 23 f0 01
INFO - 91 79 48 08 40 18 62 18
INFO - 91 79 88 20 40 18 06 01
INFO - 91 79 c8 40 40 10 04 fc
INFO - 91 7a c8 08 40 38 62 18
INFO - 91 7a 08 20 40 38 06 01
INFO - 91 7a 48 40 40 33 f0 00
INFO - 91 7d 48 08 40 18 62 18
INFO - 91 7d 88 20 40 18 06 01
INFO - 91 7d c8 40 40 10 00 01
INFO - 91 7e c8 08 40 38 62 18
INFO - 91 7e 08 20 40 38 06 01
INFO - 91 7e 48 40 40 30 04 fc
INFO - 91 81 48 08 40 18 62 18
INFO - 91 81 88 20 40 18 06 03
INFO - 91 81 c8 40 40 13 f0 fd
INFO - 91 82 c8 08 40 28 62 18
INFO - 91 82 08 20 40 28 0e 03
INFO - 91 82 48 40 40 23 f4 01
INFO - 91 84 48 08 40 28 62 18
INFO - 91 84 88 20 40 28 0e 03
INFO - 91 84 c8 40 40 20 04 fc
INFO - 91 86 c8 08 40 28 62 18
INFO - 91 86 08 20 40 28 0e 03
INFO - 91 86 48 40 40 23 f0 01
INFO - 91 88 48 08 40 28 62 18
INFO - 91 88 88 20 40 28 0e 01
INFO - 91 88 c8 40 40 20 04 fc
INFO - 91 8a c8 08 40 28 62 18
INFO - 91 8a 08 20 40 28 06 01
INFO - 91 8a 48 40 40 23 f0 fd
INFO - 91 8c 48 08 40 28 62 18
INFO - 91 8c 88 20 40 28 05 ff
INFO - 91 8c c8 40 40 23 f4 01
INFO - 91 8e c8 08 40 28 62 18
INFO - 91 8e 08 20 40 27 fd ff
INFO - 91 8e 48 40 40 20 04 fc
INFO - 91 90 48 08 40 28 62 18
INFO - 91 90 88 20 40 27 fd ff
INFO - 91 90 c8 40 40 23 f0 00
INFO - 91 92 c8 08 40 38 62 01
INFO - 91 92 08 20 40 37 fe 01
INFO - 91 92 48 40 40 30 00 01
INFO - 91 95 48 08 40 18 05 fa
INFO - 91 95 88 20 40 18 06 01
INFO - 91 95 c8 40 40 10 04 fc
INFO - 91 96 c8 08 40 37 e9 fa
INFO - 91 96 08 20 40 38 06 01
INFO - 91 96 48 40 40 33 f0 01
INFO - 91 99 48 08 40 17 e9 fa
INFO - 91 99 88 20 40 18 06 01
INFO - 91 99 c8 40 40 10 04 fc
INFO - 91 9a c8 08 40 37 e9 fa
INFO - 91 9a 08 20 40 38 06 01
INFO - 91 9a 48 40 40 33 f0 00
INFO - 91 9d 48 08 40 17 e9 fa
INFO - 91 9d 88 20 40 18 06 01
INFO - 91 9d c8 40 40 10 00 01
INFO - 91 9e c8 08 40 37 e9 fa
INFO - 91 9e 08 20 40 38 06 01
INFO - 91 9e 48 40 40 30 04 fc
INFO - 91 a1 48 08 40 27 e9 fa
INFO - 91 a1 88 20 40 28 06 01
INFO - 91 a1 c8 40 40 23 f0 00
INFO - 91 a3 c8 08 40 27 e9 fa
INFO - 91 a3 08 20 40 28 06 01
INFO - 91 a3 48 40 40 20 00 01
INFO - 91 a5 48 08 40 27 e9 fa
INFO - 91 a5 88 20 40 28 06 01
INFO - 91 a5 c8 40 40 20 04 fc
INFO - 91 a7 c8 08 40 27 e9 fa
INFO - 91 a7 08 20 40 28 06 01
INFO - 91 a7 48 40 40 23 f0 fd
INFO - 91 a9 48 08 40 27 e9 fa
INFO - 91 a9 88 20 40 28 06 03
INFO - 91 a9 c8 40 40 23 f4 01
INFO - 91 ab c8 08 40 27 e9 fa
INFO - 91 ab 08 20 40 28 0e 01
INFO - 91 ab 48 40 40 20 04 fc
INFO - 91 ad 48 08 40 27 e9 fa
INFO - 91 ad 88 20 40 28 06 01
INFO - 91 ad c8 40 40 23 f0 01
INFO - 91 af c8 08 40 17 e9 fa
INFO - 91 af 08 20 40 18 06 01
INFO - 91 af 48 40 40 10 04 fc
INFO - 91 b0 48 08 40 37 e9 ea
INFO - 91 b0 88 20 40 38 06 01
INFO - 91 b0 c8 40 40 33 f0 00
INFO - 91 b3 c8 08 40 17 a9 e4
INFO - 91 b3 08 20 40 18 06 01
INFO - 91 b3 48 40 40 10 00 01
INFO - 91 b4 48 08 40 37 91 e4
INFO - 91 b4 88 20 40 38 06 01
INFO - 91 b4 c8 40 40 30 04 fc
INFO - 91 b7 c8 08 40 27 91 e4
INFO - 91 b7 08 20 40 28 06 01
INFO - 91 b7 48 40 40 23 f0 00
INFO - 91 b9 48 08 40 27 91 e4
INFO - 91 b9 88 20 40 28 06 01
INFO - 91 b9 c8 40 40 20 00 01
INFO - 91 bb c8 08 40 27 91 e4
INFO - 91 bb 08 20 40 28 06 01
INFO - 91 bb 48 40 40 20 04 fc
INFO - 91 bd 48 08 40 27 91 e4
INFO - 91 bd 88 20 40 28 06 01
INFO - 91 bd c8 40 40 23 f0 01
INFO - 91 bf c8 08 40 27 91 e4
INFO - 91 bf 08 20 40 28 06 01
INFO - 91 bf 48 40 40 20 04 fc
INFO - 91 c1 48 08 40 27 91 e4
INFO - 91 c1 88 20 40 28 06 03
INFO - 91 c1 c8 40 40 23 f0 fd
INFO - 91 c3 c8 08 40 27 91 e4
INFO - 91 c3 08 20 40 28 0e 03
INFO - 91 c3 48 40 40 23 f4 01
INFO - 91 c5 48 08 40 27 91 e4
INFO - 91 c5 88 20 40 28 0e 03
INFO - 91 c5 c8 40 40 20 04 fc
INFO - 91 c7 c8 08 40 27 91 e4
INFO - 91 c7 08 20 40 28 0e 01
INFO - 91 c7 48 40 40 23 f0 fd
INFO - 91 c9 48 08 40 27 91 e4
INFO - 91 c9 88 20 40 28 06 01
INFO - 91 c9 c8 40 40 23 f4 01
INFO - 91 cb c8 08 40 27 91 e4
INFO - 91 cb 08 20 40 28 06 01
INFO - 91 cb 48 40 40 20 04 fc
INFO - 91 cd 48 08 40 27 91 e4
INFO - 91 cd 88 20 40 28 06 01
INFO - 91 cd c8 40 40 23 f0 00
INFO - 91 cf c8 08 40 27 91 ff
INFO - 91 cf 08 20 40 28 06 01
INFO - 91 cf 48 40 40 20 00 01
INFO - 91 d1 48 08 40 27 fe 0a
INFO - 91 d1 88 20 40 28 06 01
INFO - 91 d1 c8 40 40 20 04 fc
INFO - 91 d3 c8 08 40 28 2a 0a
INFO - 91 d3 08 20 40 28 06 01
INFO - 91 d3 48 40 40 23 f0 01
INFO - 91 d5 48 08 40 28 2a 0a
INFO - 91 d5 88 20 40 28 06 01
INFO - 91 d5 c8 40 40 20 04 fc
INFO - 91 d7 c8 08 40 28 2a 0a
INFO - 91 d7 08 20 40 28 06 03
INFO - 91 d7 48 40 40 23 f0 fd
INFO - 91 d9 48 08 40 28 2a 0a
INFO - 91 d9 88 20 40 28 0e 03
INFO - 91 d9 c8 40 40 23 f4 01
INFO - 91 db c8 08 40 28 2a 0a
INFO - 91 db 08 20 40 28 0e 01
INFO - 91 db 48 40 40 20 04 fc
INFO - 91 dd 48 08 40 28 2a 0a
INFO - 91 dd 88 20 40 28 06 01
INFO - 91 dd c8 40 40 23 f0 00
INFO - 91 df c8 08 40 28 2a 0a
INFO - 91 df 08 20 40 28 06 01
INFO - 91 df 48 40 40 20 00 01
INFO - 91 e1 48 08 40 28 2a 0a
INFO - 91 e1 88 20 40 28 06 01
INFO - 91 e1 c8 40 40 20 04 fc
INFO - 91 e3 c8 08 40 28 2a 0a
INFO - 91 e3 08 20 40 28 06 01
INFO - 91 e3 48 40 40 23 f0 01
INFO - 91 e5 48 08 40 28 2a 0a
INFO - 91 e5 88 20 40 28 06 01
INFO - 91 e5 c8 40 40 20 04 fc
INFO - 91 e7 c8 08 40 28 2a 0a
INFO - 91 e7 08 20 40 28 06 01
INFO - 91 e7 48 40 40 23 f0 fd
INFO - 91 e9 48 08 40 28 2a 0a
INFO - 91 e9 88 20 40 28 06 01
INFO - 91 e9 c8 40 40 23 f4 01
INFO - 91 eb c8 08 40 28 2a 0a
INFO - 91 eb 08 20 40 28 06 01
INFO - 91 eb 48 40 40 20 04 fc
INFO - 91 ed 48 08 40 28 2a 0a
INFO - 91 ed 88 20 40 28 06 01
INFO - 91 ed c8 40 40 23 f0 00
INFO - 91 ef c8 08 40 28 2a 12
INFO - 91 ef 08 20 40 28 06 01
INFO - 91 ef 48 40 40 20 00 01
INFO - 91 f1 48 08 40 28 4a 14
INFO - 91 f1 88 20 40 28 06 01
INFO - 91 f1 c8 40 40 20 04 fc
INFO - 91 f3 c8 08 40 28 52 14
INFO - 91 f3 08 20 40 28 06 01
INFO - 91 f3 48 40 40 23 f0 01
INFO - 91 f5 48 08 40 28 52 14
INFO - 91 f5 88 20 40 28 06 01
INFO - 91 f5 c8 40 40 20 04 fc
INFO - 91 f7 c8 08 40 28 52 14
INFO - 91 f7 08 20 40 28 06 01
INFO - 91 f7 48 40 40 23 f0 fd
INFO - 91 f9 48 08 40 28 52 14
INFO - 91 f9 88 20 40 28 06 01
INFO - 91 f9 c8 40 40 23 f4 01
INFO - 91 fb c8 08 40 28 52 14
INFO - 91 fb 08 20 40 28 06 01
INFO - 91 fb 48 40 40 20 04 fc
INFO - 91 fd 48 08 40 28 52 14
INFO - 91 fd 88 20 40 28 06 01
INFO - 91 fd c8 40 40 23 f0 00
INFO - 91 ff c8 08 40 28 52 14
INFO - 91 ff 08 20 40 28 06 01
INFO - 91 ff 48 40 40 20 00 01
INFO - 92 01 48 08 40 28 52 14
INFO - 92 01 88 20 40 28 06 03
INFO - 92 01 c8 40 40 20 04 fc
INFO - 92 03 c8 08 40 28 52 14
INFO - 92 03 08 20 40 28 0e 03
INFO - 92 03 48 40 40 23 f0 01
INFO - 92 05 48 08 40 28 52 14
INFO - 92 05 88 20 40 28 0e 03
INFO - 92 05 c8 40 40 20 04 fc
INFO - 92 07 c8 08 40 28 52 14
INFO - 92 07 08 20 40 28 0e 01
INFO - 92 07 48 40 40 23 f0 fd
INFO - 92 09 48 08 40 28 52 14
INFO - 92 09 88 20 40 28 06 01
INFO - 92 09 c8 40 40 23 f4 01
INFO - 92 0b c8 08 40 28 52 14
INFO - 92 0b 08 20 40 28 06 01
INFO - 92 0b 48 40 40 20 04 fc
INFO - 92 0d 48 08 40 28 52 0c
INFO - 92 0d 88 20 40 28 06 01
INFO - 92 0d c8 40 40 23 f0 00
INFO - 92 0f c8 08 40 28 32 09
INFO - 92 0f 08 20 40 28 06 01
INFO - 92 0f 48 40 40 20 00 01
INFO - 92 11 48 08 40 28 26 09
INFO - 92 11 88 20 40 28 06 03
INFO - 92 11 c8 40 40 20 04 fc
INFO - 92 13 c8 08 40 18 26 09
INFO - 92 13 08 20 40 18 0e 03
INFO - 92 13 48 40 40 13 f0 01
INFO - 92 14 48 08 40 38 26 09
INFO - 92 14 88 20 40 38 0e 03
INFO - 92 14 c8 40 40 30 04 fc
INFO - 92 17 c8 08 40 28 26 09
INFO - 92 17 08 20 40 28 0e 01
INFO - 92 17 48 40 40 23 f0 00
INFO - 92 19 48 08 40 28 26 09
INFO - 92 19 88 20 40 28 06 01
INFO - 92 19 c8 40 40 20 00 01
INFO - 92 1b c8 08 40 28 26 09
INFO - 92 1b 08 20 40 28 06 01
INFO - 92 1b 48 40 40 20 04 fc
INFO - 92 1d 48 08 40 28 26 09
INFO - 92 1d 88 20 40 28 06 01
INFO - 92 1d c8 40 40 23 f0 fd
INFO - 92 1f c8 08 40 28 26 09
INFO - 92 1f 08 20 40 28 06 01
INFO - 92 1f 48 40 40 23 f4 01
INFO - 92 21 48 08 40 28 26 09
INFO - 92 21 88 20 40 28 06 01
INFO - 92 21 c8 40 40 20 04 fc
INFO - 92 23 c8 08 40 18 26 09
INFO - 92 23 08 20 40 18 06 01
INFO - 92 23 48 40 40 13 f0 01
INFO - 92 24 48 08 40 38 26 09
INFO - 92 24 88 20 40 38 06 01
INFO - 92 24 c8 40 40 30 04 fc
INFO - 92 27 c8 08 40 18 26 09
INFO - 92 27 08 20 40 18 06 01
INFO - 92 27 48 40 40 13 f0 fd
INFO - 92 28 48 08 40 38 26 09
INFO - 92 28 88 20 40 38 06 01
INFO - 92 28 c8 40 40 33 f4 01
INFO - 92 2b c8 08 40 18 25 ec
INFO - 92 2b 08 20 40 18 06 01
INFO - 92 2b 48 40 40 10 04 fc
INFO - 92 2c 48 08 40 37 b1 e2
INFO - 92 2c 88 20 40 38 06 01
INFO - 92 2c c8 40 40 33 f0 00
INFO - 92 2f c8 08 40 17 89 e2
INFO - 92 2f 08 20 40 18 06 01
INFO - 92 2f 48 40 40 10 00 01
INFO - 92 30 48 08 40 37 89 e2
INFO - 92 30 88 20 40 38 06 01
INFO - 92 30 c8 40 40 30 04 fc
INFO - 92 33 c8 08 40 17 89 e2
INFO - 92 33 08 20 40 18 06 01
INFO - 92 33 48 40 40 13 f0 01
INFO - 92 34 48 08 40 37 89 e2
INFO - 92 34 88 20 40 38 06 01
INFO - 92 34 c8 40 40 30 04 fc
INFO - 92 37 c8 08 40 17 89 e2
INFO - 92 37 08 20 40 18 06 01
INFO - 92 37 48 40 40 13 f0 fd
INFO - 92 38 48 08 40 37 89 e2
INFO - 92 38 88 20 40 38 06 01
INFO - 92 38 c8 40 40 33 f4 01
INFO - 92 3b c8 08 40 17 89 e2
INFO - 92 3b 08 20 40 18 06 01
INFO - 92 3b 48 40 40 10 04 fc
INFO - 92 3c 48 08 40 37 89 e2
INFO - 92 3c 88 20 40 38 06 01
INFO - 92 3c c8 40 40 33 f0 00
INFO - 92 3f c8 08 40 17 89 e2
INFO - 92 3f 08 20 40 18 06 01
INFO - 92 3f 48 40 40 10 00 01
INFO - 92 40 48 08 40 37 89 e2
INFO - 92 40 88 20 40 38 06 01
INFO - 92 40 c8 40 40 30 04 fc
INFO - 92 43 c8 08 40 27 89 e2
INFO - 92 43 08 20 40 28 06 01
INFO - 92 43 48 40 40 23 f0 01
INFO - 92 45 48 08 40 27 89 e2
INFO - 92 45 88 20 40 28 06 01
INFO - 92 45 c8 40 40 20 04 fc
INFO - 92 47 c8 08 40 27 89 e2
INFO - 92 47 08 20 40 28 05 ff
INFO - 92 47 48 40 40 23 f0 00
INFO - 92 49 48 08 40 27 89 c0
INFO - 92 49 88 20 40 27 fd ff
INFO - 92 49 c8 40 40 20 00 01
INFO - 92 4b c8 08 40 27 01 b9
INFO - 92 4b 08 20 40 27 fd ff
INFO - 92 4b 48 40 40 20 04 fc
INFO - 92 4d 48 08 40 26 e5 b9
INFO - 92 4d 88 20 40 27 fd ff
INFO - 92 4d c8 40 40 23 f0 00
INFO - 92 4f c8 08 40 26 e5 b9
INFO - 92 4f 08 20 40 27 fd ff
INFO - 92 4f 48 40 40 20 00 01
INFO - 92 51 48 08 40 26 e5 b9
INFO - 92 51 88 20 40 27 fd ff
INFO - 92 51 c8 40 40 20 04 fc
INFO - 92 53 c8 08 40 26 e5 b9
INFO - 92 53 08 20 40 27 fd ff
INFO - 92 53 48 40 40 23 f0 00
INFO - 92 55 48 08 40 26 e5 b9
INFO - 92 55 88 20 40 27 fd ff
INFO - 92 55 c8 40 40 20 00 01
INFO - 92 57 c8 08 40 26 e5 b9
INFO - 92 57 08 20 40 27 fe 01
INFO - 92 57 48 40 40 20 04 fc
INFO - 92 59 48 08 40 26 e5 b9
INFO - 92 59 88 20 40 28 05 ff
INFO - 92 59 c8 40 40 23 f0 00
INFO - 92 5b c8 08 40 26 e5 b9
INFO - 92 5b 08 20 40 27 fd ff
INFO - 92 5b 48 40 40 20 00 01
INFO - 92 5d 48 08 40 26 e5 b9
INFO - 92 5d 88 20 40 27 fd ff
INFO - 92 5d c8 40 40 20 04 fc
INFO - 92 5f c8 08 40 26 e5 b9
INFO - 92 5f 08 20 40 27 fd ff
INFO - 92 5f 48 40 40 23 f0 fd
INFO - 92 61 48 08 40 26 e5 b9
INFO - 92 61 88 20 40 27 fd ff
INFO - 92 61 c8 40 40 23 f4 01
INFO - 92 63 c8 08 40 26 e5 b9
INFO - 92 63 08 20 40 27 fd ff
INFO - 92 63 48 40 40 20 04 fc
INFO - 92 65 48 08 40 26 e5 b9
INFO - 92 65 88 20 40 27 fd ff
INFO - 92 65 c8 40 40 23 f0 fd
INFO - 92 67 c8 08 40 26 e6 14
INFO - 92 67 08 20 40 27 fd ff
INFO - 92 67 48 40 40 23 f4 01
INFO - 92 69 48 08 40 28 52 47
INFO - 92 69 88 20 40 27 fd ff
INFO - 92 69 c8 40 40 20 04 fc
INFO - 92 6b c8 08 40 29 1e 47
INFO - 92 6b 08 20 40 27 fd ff
INFO - 92 6b 48 40 40 23 f0 01
INFO - 92 6d 48 08 40 29 1e 47
INFO - 92 6d 88 20 40 27 fd ff
INFO - 92 6d c8 40 40 20 04 fc
INFO - 92 6f c8 08 40 29 1e 47
INFO - 92 6f 08 20 40 27 fd ff
INFO - 92 6f 48 40 40 23 f0 01
INFO - 92 71 48 08 40 29 1e 47
INFO - 92 71 88 20 40 27 fe 01
INFO - 92 71 c8 40 40 20 04 fc
INFO - 92 73 c8 08 40 29 1e 47
INFO - 92 73 08 20 40 28 06 01
INFO - 92 73 48 40 40 23 f0 00
INFO - 92 75 48 08 40 29 1e 47
INFO - 92 75 88 20 40 28 06 01
INFO - 92 75 c8 40 40 20 00 01
INFO - 92 77 c8 08 40 29 1e 47
INFO - 92 77 08 20 40 28 05 ff
INFO - 92 77 48 40 40 20 04 fc
INFO - 92 79 48 08 40 29 1e 47
INFO - 92 79 88 20 40 27 fd ff
INFO - 92 79 c8 40 40 23 f0 01
INFO - 92 7b c8 08 40 29 1e 47
INFO - 92 7b 08 20 40 27 fd ff
INFO - 92 7b 48 40 40 20 04 fc
INFO - 92 7d 48 08 40 29 1e 47
INFO - 92 7d 88 20 40 27 fd ff
INFO - 92 7d c8 40 40 23 f0 00
INFO - 92 7f c8 08 40 29 1e 47
INFO - 92 7f 08 20 40 27 fd fd
INFO - 92 7f 48 40 40 20 00 01
INFO - 92 81 48 08 40 29 1e 47
INFO - 92 81 88 20 40 27 f5 fd
INFO - 92 81 c8 40 40 20 04 fc
INFO - 92 83 c8 08 40 29 1e 47
INFO - 92 83 08 20 40 27 f5 ff
INFO - 92 83 48 40 40 23 f0 fd
INFO - 92 85 48 08 40 29 1e 00
INFO - 92 85 88 20 40 27 fd ff
INFO - 92 85 c8 40 40 23 f4 01
INFO - 92 87 c8 08 40 28 01 e6
INFO - 92 87 08 20 40 27 fd ff
INFO - 92 87 48 40 40 20 04 fc
INFO - 92 89 48 08 40 27 99 e6
INFO - 92 89 88 20 40 27 fe 01
INFO - 92 89 c8 40 40 23 f0 01
INFO - 92 8b c8 08 40 27 99 e6
INFO - 92 8b 08 20 40 28 05 ff
INFO - 92 8b 48 40 40 20 04 fc
INFO - 92 8d 48 08 40 27 99 e6
INFO - 92 8d 88 20 40 27 fd ff
INFO - 92 8d c8 40 40 23 f0 fd
INFO - 92 8f c8 08 40 27 99 e6
INFO - 92 8f 08 20 40 27 fd ff
INFO - 92 8f 48 40 40 23 f4 01
INFO - 92 91 48 08 40 27 99 e6
INFO - 92 91 88 20 40 27 fd ff
INFO - 92 91 c8 40 40 20 04 fc
INFO - 92 93 c8 08 40 27 99 e6
INFO - 92 93 08 20 40 27 fd ff
INFO - 92 93 48 40 40 23 f0 00
INFO - 92 95 48 08 40 27 99 e6
INFO - 92 95 88 20 40 27 fd ff
INFO - 92 95 c8 40 40 20 00 01
INFO - 92 97 c8 08 40 27 99 e6
INFO - 92 97 08 20 40 27 fd ff
INFO - 92 97 48 40 40 20 04 fc
INFO - 92 99 48 08 40 27 99 e6
INFO - 92 99 88 20 40 27 fe 01
INFO - 92 99 c8 40 40 23 f0 01
INFO - 92 9b c8 08 40 27 99 e6
INFO - 92 9b 08 20 40 28 06 01
INFO - 92 9b 48 40 40 20 04 fc
INFO - 92 9d 48 08 40 27 99 e6
INFO - 92 9d 88 20 40 28 05 ff
INFO - 92 9d c8 40 40 23 f0 00
INFO - 92 9f c8 08 40 27 99 e6
INFO - 92 9f 08 20 40 27 fd ff
INFO - 92 9f 48 40 40 20 00 01
INFO - 92 a1 48 08 40 27 99 e6
INFO - 92 a1 88 20 40 27 fd ff
INFO - 92 a1 c8 40 40 20 04 fc
INFO - 92 a3 c8 08 40 27 99 e6
INFO - 92 a3 08 20 40 27 fd ff
INFO - 92 a3 48 40 40 23 f0 00
INFO - 92 a5 48 08 40 27 9a 08
INFO - 92 a5 88 20 40 27 fd ff
INFO - 92 a5 c8 40 40 20 00 01
INFO - 92 a7 c8 08 40 28 22 18
INFO - 92 a7 08 20 40 27 fd ff
INFO - 92 a7 48 40 40 20 04 fc
INFO - 92 a9 48 08 40 28 62 18
INFO - 92 a9 88 20 40 27 fd ff
INFO - 92 a9 c8 40 40 23 f0 fd
INFO - 92 ab c8 08 40 28 62 18
INFO - 92 ab 08 20 40 27 fd ff
INFO - 92 ab 48 40 40 23 f4 01
INFO - 92 ad 48 08 40 28 62 18
INFO - 92 ad 88 20 40 27 fd ff
INFO - 92 ad c8 40 40 20 04 fc
INFO - 92 af c8 08 41 78 62 2f
INFO - 92 af 08 20 41 77 fd ff
INFO - 92 af 48 40 41 73 f0 00
INFO - 92 c6 c8 08 40 28 be 30
INFO - 92 c6 08 20 40 27 fd ff
INFO - 92 c6 48 40 40 20 00 00
INFO - 92 c8 48 08 40 28 c2 30
INFO - 92 c8 88 20 40 27 fd ff
INFO - 92 c8 c8 40 40 20 00 fc
INFO - 92 ca c8 08 40 28 c2 30
INFO - 92 ca 08 20 40 27 fd ff
INFO - 92 ca 48 40 40 23 f0 01
INFO - 92 cc 48 08 40 28 c2 30
INFO - 92 cc 88 20 40 27 fd fd
INFO - 92 cc c8 40 40 20 04 fc
INFO - 92 ce c8 08 40 28 c2 30
INFO - 92 ce 08 20 40 27 f5 fd
INFO - 92 ce 48 40 40 23 f0 00
INFO - 92 d0 48 08 40 28 c2 30
INFO - 92 d0 88 20 40 27 f5 fd
INFO - 92 d0 c8 40 40 20 00 01
INFO - 92 d2 c8 08 40 28 c2 30
INFO - 92 d2 08 20 40 27 f5 ff
INFO - 92 d2 48 40 40 20 04 fc
INFO - 92 d4 48 08 40 28 c2 30
INFO - 92 d4 88 20 40 27 fd ff
INFO - 92 d4 c8 40 40 23 f0 01
INFO - 92 d6 c8 08 40 28 c2 30
INFO - 92 d6 08 20 40 27 fd ff
INFO - 92 d6 48 40 40 20 04 fc
INFO - 92 d8 48 08 40 28 c2 30
INFO - 92 d8 88 20 40 27 fd ff
INFO - 92 d8 c8 40 40 23 f0 fd
INFO - 92 da c8 08 40 28 c2 30
INFO - 92 da 08 20 40 27 fd ff
INFO - 92 da 48 40 40 23 f4 01
INFO - 92 dc 48 08 40 28 c2 30
INFO - 92 dc 88 20 40 27 fd ff
INFO - 92 dc c8 40 40 20 04 fc
INFO - 92 de c8 08 40 28 c2 30
INFO - 92 de 08 20 40 27 fd fd
INFO - 92 de 48 40 40 23 f0 01
INFO - 92 e0 48 08 40 28 c2 01
INFO - 92 e0 88 20 40 27 f5 fd
INFO - 92 e0 c8 40 40 20 04 fc
INFO - 92 e2 c8 08 40 28 05 f4
INFO - 92 e2 08 20 40 27 f5 fd
INFO - 92 e2 48 40 40 23 f0 fd
INFO - 92 e4 48 08 40 27 d1 f4
INFO - 92 e4 88 20 40 27 f5 fd
INFO - 92 e4 c8 40 40 23 f4 01
INFO - 92 e6 c8 08 40 27 d1 f4
INFO - 92 e6 08 20 40 27 f5 fd
INFO - 92 e6 48 40 40 20 04 fc
INFO - 92 e8 48 08 40 27 d1 f4
INFO - 92 e8 88 20 40 27 f5 fd
INFO - 92 e8 c8 40 40 23 f0 01
INFO - 92 ea c8 08 40 27 d1 f4
INFO - 92 ea 08 20 40 27 f5 fd
INFO - 92 ea 48 40 40 20 04 fc
INFO - 92 ec 48 08 40 27 d1 f4
INFO - 92 ec 88 20 40 27 f5 fd
INFO - 92 ec c8 40 40 23 f0 fd
INFO - 92 ee c8 08 40 27 d1 f4
INFO - 92 ee 08 20 40 27 f5 fd
INFO - 92 ee 48 40 40 23 f4 01
INFO - 92 f0 48 08 40 27 d1 f4
INFO - 92 f0 88 20 40 27 f5 fd
INFO - 92 f0 c8 40 40 20 04 fc
INFO - 92 f2 c8 08 40 27 d1 f4
INFO - 92 f2 08 20 40 27 f5 fd
INFO - 92 f2 48 40 40 23 f0 01
INFO - 92 f4 48 08 40 27 d1 f4
INFO - 92 f4 88 20 40 27 f5 fd
INFO - 92 f4 c8 40 40 20 04 fc
INFO - 92 f6 c8 08 40 27 d1 f4
INFO - 92 f6 08 20 40 27 f5 ff
INFO - 92 f6 48 40 40 23 f0 00
INFO - 92 f8 48 08 40 27 d1 f4
INFO - 92 f8 88 20 40 27 fd ff
INFO - 92 f8 c8 40 40 20 00 01
INFO - 92 fa c8 08 40 27 d1 f4
INFO - 92 fa 08 20 40 27 fd ff
INFO - 92 fa 48 40 40 20 04 fc
INFO - 92 fc 48 08 40 27 d1 f4
INFO - 92 fc 88 20 40 27 fd ff
INFO - 92 fc c8 40 40 23 f0 00
INFO - 92 fe c8 08 40 27 d1 f4
INFO - 92 fe 08 20 40 27 fd ff
INFO - 92 fe 48 40 40 20 00 01
INFO - 93 00 48 08 40 27 d2 06
INFO - 93 00 88 20 40 27 fd fd
INFO - 93 00 c8 40 40 20 04 fc
INFO - 93 02 c8 08 40 28 1a 0c
INFO - 93 02 08 20 40 27 f5 fd
INFO - 93 02 48 40 40 23 f0 01
INFO - 93 04 48 08 40 28 32 0c
INFO - 93 04 88 20 40 27 f5 fb
INFO - 93 04 c8 40 40 20 04 fc
INFO - 93 06 c8 08 40 28 32 0c
INFO - 93 06 08 20 40 27 ed fd
INFO - 93 06 48 40 40 23 f0 00
INFO - 93 08 48 08 40 28 32 0c
INFO - 93 08 88 20 40 27 f5 fd
INFO - 93 08 c8 40 40 20 00 01
INFO - 93 0a c8 08 40 28 32 0c
INFO - 93 0a 08 20 40 27 f5 fd
INFO - 93 0a 48 40 40 20 04 fc
INFO - 93 0c 48 08 40 28 32 0c
INFO - 93 0c 88 20 40 27 f5 fd
INFO - 93 0c c8 40 40 23 f0 00
INFO - 93 0e c8 08 40 28 32 0c
INFO - 93 0e 08 20 40 27 f5 fd
INFO - 93 0e 48 40 40 20 00 01
INFO - 93 10 48 08 40 28 32 0c
INFO - 93 10 88 20 40 27 f5 fd
INFO - 93 10 c8 40 40 20 04 fc
INFO - 93 12 c8 08 40 28 32 0c
INFO - 93 12 08 20 40 27 f5 fd
INFO - 93 12 48 40 40 23 f0 01
INFO - 93 14 48 08 40 28 32 0c
INFO - 93 14 88 20 40 27 f5 fd
INFO - 93 14 c8 40 40 20 04 fc
INFO - 93 16 c8 08 40 28 32 0c
INFO - 93 16 08 20 40 27 f5 fd
INFO - 93 16 48 40 40 23 f0 fd
INFO - 93 18 48 08 40 28 32 0c
INFO - 93 18 88 20 40 27 f5 fd
INFO - 93 18 c8 40 40 23 f4 01
INFO - 93 1a c8 08 40 28 32 0c
INFO - 93 1a 08 20 40 27 f5 fd
INFO - 93 1a 48 40 40 20 04 fc
INFO - 93 1c 48 08 40 28 32 02
INFO - 93 1c 88 20 40 27 f5 fd
INFO - 93 1c c8 40 40 23 f0 01
INFO - 93 1e c8 08 40 28 09 ff
INFO - 93 1e 08 20 40 27 f5 ff
INFO - 93 1e 48 40 40 20 04 fc
INFO - 93 20 48 08 40 27 fd ff
INFO - 93 20 88 20 40 27 fd ff
INFO - 93 20 c8 40 40 23 f0 00
INFO - 93 22 c8 08 40 27 fd ff
INFO - 93 22 08 20 40 27 fd ff
INFO - 93 22 48 40 40 20 00 01
INFO - 93 24 48 08 40 27 fd ff
INFO - 93 24 88 20 40 27 fd ff
INFO - 93 24 c8 40 40 20 04 fc
INFO - 93 26 c8 08 40 27 fd ed
INFO - 93 26 08 20 40 27 fd fd
INFO - 93 26 48 40 40 23 f0 00
INFO - 93 28 48 08 40 27 b5 e6
INFO - 93 28 88 20 40 27 f5 fd
INFO - 93 28 c8 40 40 20 00 01
INFO - 93 2a c8 08 40 27 99 e6
INFO - 93 2a 08 20 40 27 f5 ff
INFO - 93 2a 48 40 40 20 04 fc
INFO - 93 2c 48 08 40 27 99 e6
INFO - 93 2c 88 20 40 27 fd ff
INFO - 93 2c c8 40 40 23 f0 01
INFO - 93 2e c8 08 40 27 99 e6
INFO - 93 2e 08 20 40 27 fd ff
INFO - 93 2e 48 40 40 20 04 fc
INFO - 93 30 48 08 40 47 9a 8a
INFO - 93 30 88 20 40 47 fd ff
INFO - 93 30 c8 40 40 43 f0 00
INFO - 93 34 48 08 40 2a 2a 66
INFO - 93 34 88 20 40 27 fd ff
INFO - 93 34 c8 40 40 20 00 fd
INFO - 93 36 c8 08 40 29 9a 51
INFO - 93 36 08 20 40 27 fd ff
INFO - 93 36 48 40 40 23 f4 fd
INFO - 93 38 48 08 40 29 46 49
INFO - 93 38 88 20 40 27 fd ff
INFO - 93 38 c8 40 40 23 f4 01
INFO - 93 3a c8 08 40 29 26 3f
INFO - 93 3a 08 20 40 27 fd ff
INFO - 93 3a 48 40 40 20 04 fc
INFO - 93 3c 48 08 40 28 fe 33
INFO - 93 3c 88 20 40 27 fd ff
INFO - 93 3c c8 40 40 23 f0 01
INFO - 93 3e c8 08 40 28 ce 2c
INFO - 93 3e 08 20 40 27 fd ff
INFO - 93 3e 48 40 40 20 04 fc
INFO - 93 40 48 08 40 28 b2 27
INFO - 93 40 88 20 40 27 fd ff
INFO - 93 40 c8 40 40 23 f0 fd
INFO - 93 42 c8 08 40 28 9e 23
INFO - 93 42 08 20 40 27 fe 01
INFO - 93 42 48 40 40 23 f4 01
INFO - 93 44 48 08 40 28 8e 22
INFO - 93 44 88 20 40 28 06 01
INFO - 93 44 c8 40 40 20 04 fc
INFO - 93 46 c8 08 40 28 8a 20
INFO - 93 46 08 20 40 28 06 01
INFO - 93 46 48 40 40 23 f0 00
INFO - 93 48 48 08 40 28 82 1e
INFO - 93 48 88 20 40 28 06 01
INFO - 93 48 c8 40 40 20 00 01
INFO - 93 4a c8 08 40 28 7a 1d
INFO - 93 4a 08 20 40 28 05 ff
INFO - 93 4a 48 40 40 20 04 fc
INFO - 93 4c 48 08 40 28 76 1d
INFO - 93 4c 88 20 40 27 fd ff
INFO - 93 4c c8 40 40 23 f0 01
INFO - 93 4e c8 08 40 28 76 1e
INFO - 93 4e 08 20 40 27 fd ff
INFO - 93 4e 48 40 40 20 04 fc
INFO - 93 50 48 08 40 28 7a 1f
INFO - 93 50 88 20 40 27 fd ff
INFO - 93 50 c8 40 40 23 f0 00
INFO - 93 52 c8 08 40 28 7e 22
INFO - 93 52 08 20 40 27 fd ff
INFO - 93 52 48 40 40 20 00 01
INFO - 93 54 48 08 40 28 8a 28
INFO - 93 54 88 20 40 27 fd ff
INFO - 93 54 c8 40 40 20 04 fc
INFO - 93 56 c8 08 40 28 a2 31
INFO - 93 56 08 20 40 27 fd ff
INFO - 93 56 48 40 40 23 f0 01
INFO - 93 58 48 08 40 28 c6 40
INFO - 93 58 88 20 40 27 fd ff
INFO - 93 58 c8 40 40 20 04 fc
INFO - 93 5a c8 08 40 29 02 52
INFO - 93 5a 08 20 40 27 fd ff
INFO - 93 5a 48 40 40 23 f0 00
INFO - 93 5c 48 08 40 29 4a 83
INFO - 93 5c 88 20 40 27 fd ff
INFO - 93 5c c8 40 40 20 00 01
INFO - 93 5e c8 08 40 0a 0e 83
INFO - 93 5e 08 20 40 07 fd ff
INFO - 93 5e 48 40 40 00 04 c3
INFO - b3 9c 08 40 57 00 00 02
INFO - b3 9c 48 40 57 00 00 02
INFO - b3 9c 88 40 57 00 00 02
INFO - b3 9c c8 40 57 00 00 02
INFO - b3 9c 08 40 57 00 00 02
INFO - 93 f0 c8 08 40 28 4e 13
INFO - 93 f0 08 20 40 28 06 01
INFO - 93 f0 48 40 40 23 0c 3a
INFO - 93 f2 48 08 40 28 4e 13
INFO - 93 f2 88 20 40 28 06 01
INFO - 93 f2 c8 40 40 20 e8 01
INFO - 93 f4 c8 08 40 28 4e 13
INFO - 93 f4 08 20 40 28 06 01
INFO - 93 f4 48 40 40 20 04 fc
INFO - 93 f6 48 08 40 28 4e 13
INFO - 93 f6 88 20 40 28 05 ff
INFO - 93 f6 c8 40 40 23 f0 fd
INFO - 93 f8 c8 08 40 28 4e 13
INFO - 93 f8 08 20 40 27 fd ff
INFO - 93 f8 48 40 40 23 f4 01
INFO - 93 fa 48 08 40 28 4e 13
INFO - 93 fa 88 20 40 27 fd ff
INFO - 93 fa c8 40 40 20 04 fc
INFO - 93 fc c8 08 40 28 4e 13
INFO - 93 fc 08 20 40 27 fd ff
INFO - 93 fc 48 40 40 23 f0 01
INFO - 93 fe 48 08 40 28 4e 13
INFO - 93 fe 88 20 40 27 fd ff
INFO - 93 fe c8 40 40 20 04 fc
INFO - 94 00 c8 08 40 28 4e 13
INFO - 94 00 08 20 40 27 fd ff
INFO - 94 00 48 40 40 23 f0 01
INFO - 94 02 48 08 40 28 4e 45
INFO - 94 02 88 20 40 27 fe 01
INFO - 94 02 c8 40 40 20 04 fc
INFO - 94 04 c8 08 40 29 16 48
INFO - 94 04 08 20 40 28 05 ff
INFO - 94 04 48 40 40 23 f0 01
INFO - 94 06 48 08 40 29 22 48
INFO - 94 06 88 20 40 27 fd ff
INFO - 94 06 c8 40 40 20 04 fc
INFO - 94 08 c8 08 40 29 22 48
INFO - 94 08 08 20 40 27 fe 01
INFO - 94 08 48 40 40 23 f0 01
INFO - 94 0a 48 08 40 29 22 48
INFO - 94 0a 88 20 40 28 06 01
INFO - 94 0a c8 40 40 20 04 fc
INFO - 94 0c c8 08 40 29 22 48
INFO - 94 0c 08 20 40 28 05 ff
INFO - 94 0c 48 40 40 23 f0 01
INFO - 94 0e 48 08 40 29 22 48
INFO - 94 0e 88 20 40 27 fd ff
INFO - 94 0e c8 40 40 20 04 fc
INFO - 94 10 c8 08 40 29 22 48
INFO - 94 10 08 20 40 27 fd ff
INFO - 94 10 48 40 40 23 f0 01
INFO - 94 12 48 08 40 29 22 48
INFO - 94 12 88 20 40 27 fd ff
INFO - 94 12 c8 40 40 20 04 00
INFO - 94 14 c8 08 40 29 22 48
INFO - 94 14 08 20 40 27 fe 01
INFO - 94 14 48 40 40 20 00 fc
INFO - 94 16 48 08 40 29 22 48
INFO - 94 16 88 20 40 28 06 01
INFO - 94 16 c8 40 40 23 f0 01
INFO - 94 18 c8 08 40 29 22 48
INFO - 94 18 08 20 40 28 06 01
INFO - 94 18 48 40 40 20 04 00
INFO - 94 1a 48 08 40 29 22 48
INFO - 94 1a 88 20 40 28 06 01
INFO - 94 1a c8 40 40 20 00 fd
INFO - 94 1c c8 08 40 29 22 48
INFO - 94 1c 08 20 40 28 06 03
INFO - 94 1c 48 40 40 23 f4 fc
INFO - 94 1e 48 08 40 29 22 48
INFO - 94 1e 88 20 40 28 0e 03
INFO - 94 1e c8 40 40 23 f0 01
INFO - 94 20 c8 08 40 29 22 3b
INFO - 94 20 08 20 40 28 0e 01
INFO - 94 20 48 40 40 20 04 fd
INFO - 94 22 48 08 40 28 ee 39
INFO - 94 22 88 20 40 28 05 ff
INFO - 94 22 c8 40 40 23 f4 00
INFO - 94 24 c8 08 40 28 e6 39
INFO - 94 24 08 20 40 27 fd ff
INFO - 94 24 48 40 40 20 00 fd
INFO - 94 26 48 08 40 28 e6 39
INFO - 94 26 88 20 40 27 fd ff
INFO - 94 26 c8 40 40 23 f4 00
INFO - 94 28 c8 08 40 28 e6 39
INFO - 94 28 08 20 40 27 fe 01
INFO - 94 28 48 40 40 20 00 00
INFO - 94 2a 48 08 40 28 e6 39
INFO - 94 2a 88 20 40 28 06 01
INFO - 94 2a c8 40 40 20 00 00
INFO - 94 2c c8 08 40 28 e6 39
INFO - 94 2c 08 20 40 28 06 01
INFO - 94 2c 48 40 40 20 00 fd
INFO - 94 2e 48 08 40 28 e6 39
INFO - 94 2e 88 20 40 28 06 01
INFO - 94 2e c8 40 40 23 f4 00
INFO - 94 30 c8 08 40 28 e6 39
INFO - 94 30 08 20 40 28 06 01
INFO - 94 30 48 40 40 20 00 00
INFO - 94 32 48 08 40 28 e6 39
INFO - 94 32 88 20 40 28 06 01
INFO - 94 32 c8 40 40 20 00 fd
INFO - 94 34 c8 08 40 28 e6 39
INFO - 94 34 08 20 40 28 06 01
INFO - 94 34 48 40 40 23 f4 00
INFO - 94 36 48 08 40 28 e6 39
INFO - 94 36 88 20 40 28 05 ff
INFO - 94 36 c8 40 40 20 00 00
INFO - 94 38 c8 08 40 28 e6 39
INFO - 94 38 08 20 40 27 fd ff
INFO - 94 38 48 40 40 20 00 00
INFO - 94 3a 48 08 40 28 e6 39
INFO - 94 3a 88 20 40 27 fd ff
INFO - 94 3a c8 40 40 20 00 fd
INFO - 94 3c c8 08 40 28 e6 39
INFO - 94 3c 08 20 40 27 fe 01
INFO - 94 3c 48 40 40 23 f4 00
INFO - 94 3e 48 08 40 28 e6 20
INFO - 94 3e 88 20 40 28 06 03
INFO - 94 3e c8 40 40 20 00 01
INFO - 94 40 c8 08 40 28 82 1e
INFO - 94 40 08 20 40 28 0e 05
INFO - 94 40 48 40 40 20 04 fc
INFO - 94 42 48 08 40 28 7a 1e
INFO - 94 42 88 20 40 28 16 03
INFO - 94 42 c8 40 40 23 f0 00
INFO - 94 44 c8 08 40 28 7a 1e
INFO - 94 44 08 20 40 28 0e 03
INFO - 94 44 48 40 40 20 00 00
INFO - 94 46 48 08 40 28 7a 1e
INFO - 94 46 88 20 40 28 0e 01
INFO - 94 46 c8 40 40 20 00 01
INFO - 94 48 c8 08 40 28 7a 1e
INFO - 94 48 08 20 40 28 06 01
INFO - 94 48 48 40 40 20 04 fc
INFO - 94 4a 48 08 40 28 7a 1e
INFO - 94 4a 88 20 40 28 06 01
INFO - 94 4a c8 40 40 23 f0 00
INFO - 94 4c c8 08 40 28 7a 1e
INFO - 94 4c 08 20 40 28 06 01
INFO - 94 4c 48 40 40 20 00 01
INFO - 94 4e 48 08 40 28 7a 1e
INFO - 94 4e 88 20 40 28 05 ff
INFO - 94 4e c8 40 40 20 04 fc
INFO - 94 50 c8 08 40 28 7a 1e
INFO - 94 50 08 20 40 27 fd ff
INFO - 94 50 48 40 40 23 f0 01
INFO - 94 52 48 08 40 28 7a 1e
INFO - 94 52 88 20 40 27 fd ff
INFO - 94 52 c8 40 40 20 04 fc
INFO - 94 54 c8 08 40 28 7a 1e
INFO - 94 54 08 20 40 27 fd ff
INFO - 94 54 48 40 40 23 f0 01
INFO - 94 56 48 08 40 28 7a 1e
INFO - 94 56 88 20 40 27 fe 03
INFO - 94 56 c8 40 40 20 04 fc
INFO - 94 58 c8 08 40 28 7a 1e
INFO - 94 58 08 20 40 28 0e 05
INFO - 94 58 48 40 40 23 f0 01
INFO - 94 5a 48 08 40 28 7a 1e
INFO - 94 5a 88 20 40 28 16 05
INFO - 94 5a c8 40 40 20 04 00
INFO - 94 5c c8 08 40 28 7a 25
INFO - 94 5c 08 20 40 28 16 03
INFO - 94 5c 48 40 40 20 00 fc
INFO - 94 5e 48 08 40 28 96 26
INFO - 94 5e 88 20 40 28 0e 01
INFO - 94 5e c8 40 40 23 f0 01
INFO - 94 60 c8 08 40 28 9a 26
INFO - 94 60 08 20 40 28 06 01
INFO - 94 60 48 40 40 20 04 00
INFO - 94 62 48 08 40 28 9a 26
INFO - 94 62 88 20 40 28 06 01
INFO - 94 62 c8 40 40 20 00 00
INFO - 94 64 c8 08 40 28 9a 26
INFO - 94 64 08 20 40 28 06 01
INFO - 94 64 48 40 40 20 00 00
INFO - 94 66 48 08 40 28 9a 26
INFO - 94 66 88 20 40 28 06 01
INFO - 94 66 c8 40 40 20 00 fc
INFO - 94 68 c8 08 40 28 9a 26
INFO - 94 68 08 20 40 28 06 01
INFO - 94 68 48 40 40 23 f0 01
INFO - 94 6a 48 08 40 28 9a 26
INFO - 94 6a 88 20 40 28 06 03
INFO - 94 6a c8 40 40 20 04 00
INFO - 94 6c c8 08 40 28 9a 26
INFO - 94 6c 08 20 40 28 0e 03
INFO - 94 6c 48 40 40 20 00 fc
INFO - 94 6e 48 08 40 48 9a 8c
INFO - 94 6e 88 20 40 48 0d ff
INFO - 94 6e c8 40 40 43 f0 01
INFO - 94 72 48 08 40 2a 32 78
INFO - 94 72 88 20 40 27 fe 01
INFO - 94 72 c8 40 40 20 04 fd
INFO - 94 74 c8 08 40 29 e2 62
INFO - 94 74 08 20 40 28 06 01
INFO - 94 74 48 40 40 23 f4 01
INFO - 94 76 48 08 40 29 8a 53
INFO - 94 76 88 20 40 28 06 01
INFO - 94 76 c8 40 40 20 04 fc
INFO - 94 78 c8 08 40 29 4e 4c
INFO - 94 78 08 20 40 28 06 01
INFO - 94 78 48 40 40 23 f0 00
INFO - 94 7a 48 08 40 29 32 46
INFO - 94 7a 88 20 40 28 06 01
INFO - 94 7a c8 40 40 20 00 00
INFO - 94 7c c8 08 40 29 1a 41
INFO - 94 7c 08 20 40 28 06 01
INFO - 94 7c 48 40 40 20 00 00
INFO - 94 7e 48 08 40 29 06 3f
INFO - 94 7e 88 20 40 28 06 03
INFO - 94 7e c8 40 40 20 00 00
INFO - 94 80 c8 08 40 28 fe 37
INFO - 94 80 08 20 40 28 0e 03
INFO - 94 80 48 40 40 20 00 fd
INFO - 94 82 48 08 40 28 de 31
INFO - 94 82 88 20 40 28 0e 03
INFO - 94 82 c8 40 40 23 f4 00
INFO - 94 84 c8 08 40 28 c6 2c
INFO - 94 84 08 20 40 28 0e 03
INFO - 94 84 48 40 40 20 00 01
INFO - 94 86 48 08 40 28 b2 28
INFO - 94 86 88 20 40 28 0e 03
INFO - 94 86 c8 40 40 20 04 fc
INFO - 94 88 c8 08 40 28 a2 24
INFO - 94 88 08 20 40 28 0e 03
INFO - 94 88 48 40 40 23 f0 00
INFO - 94 8a 48 08 40 28 92 22
INFO - 94 8a 88 20 40 28 0e 03
INFO - 94 8a c8 40 40 20 00 01
INFO - 94 8c c8 08 40 28 8a 1f
INFO - 94 8c 08 20 40 28 0e 03
INFO - 94 8c 48 40 40 20 04 fc
INFO - 94 8e 48 08 40 28 7e 1d
INFO - 94 8e 88 20 40 28 0e 03
INFO - 94 8e c8 40 40 23 f0 01
INFO - 94 90 c8 08 40 28 76 1b
INFO - 94 90 08 20 40 28 0e 03
INFO - 94 90 48 40 40 20 04 fc
INFO - 94 92 48 08 40 28 6e 19
INFO - 94 92 88 20 40 28 0e 03
INFO - 94 92 c8 40 40 23 f0 00
INFO - 94 94 c8 08 40 28 66 17
INFO - 94 94 08 20 40 28 0e 03
INFO - 94 94 48 40 40 20 00 01
INFO - b4 96 88 40 57 00 00 02
INFO - b4 96 c8 40 57 00 00 02
INFO - b4 96 08 40 57 00 00 02
INFO - b4 96 48 40 57 00 00 02
INFO - 94 96 48 08 40 28 5e 16
INFO - 94 96 88 20 40 28 0e 03
INFO - 94 96 c8 40 40 20 04 00
INFO - 94 98 c8 08 40 28 5a 15
INFO - 94 98 08 20 40 28 0e 03
INFO - 94 98 48 40 40 20 00 fc
INFO - 94 9a 48 08 40 28 56 14
INFO - 94 9a 88 20 40 28 0e 03
INFO - 94 9a c8 40 40 23 f0 01
INFO - 94 9c c8 08 40 28 52 13
INFO - 94 9c 08 20 40 28 0e 03
INFO - 94 9c 48 40 40 20 04 fc
INFO - 94 9e 48 08 40 28 4e 12
INFO - 94 9e 88 20 40 28 0e 03
INFO - 94 9e c8 40 40 23 f0 01
INFO - 94 a0 c8 08 40 28 4a 11
INFO - 94 a0 08 20 40 28 0e 03
INFO - 94 a0 48 40 40 20 04 fc
INFO - 94 a2 48 08 40 28 46 11
INFO - 94 a2 88 20 40 28 0e 03
INFO - 94 a2 c8 40 40 23 f0 01
INFO - 94 a4 c8 08 40 28 46 10
INFO - 94 a4 08 20 40 28 0e 03
INFO - 94 a4 48 40 40 20 04 00
INFO - 94 a6 48 08 40 28 42 10
INFO - 94 a6 88 20 40 28 0e 03
INFO - 94 a6 c8 40 40 20 00 fc
INFO - 94 a8 c8 08 40 28 42 10
INFO - 94 a8 08 20 40 28 0e 03
INFO - 94 a8 48 40 40 23 f0 01
INFO - 94 aa 48 08 40 28 42 0f
INFO - 94 aa 88 20 40 28 0e 03
INFO - 94 aa c8 40 40 20 04 00
INFO - 94 ac c8 08 40 28 3e 0f
INFO - 94 ac 08 20 40 28 0e 03
INFO - 94 ac 48 40 40 20 00 fc
INFO - 94 ae 48 08 40 28 3e 0f
INFO - 94 ae 88 20 40 28 0e 03
INFO - 94 ae c8 40 40 23 f0 01
INFO - 94 b0 c8 08 40 28 3e 0f
INFO - 94 b0 08 20 40 28 0e 03
INFO - 94 b0 48 40 40 20 04 00
INFO - 94 b2 48 08 40 28 3e 0f
INFO - 94 b2 88 20 40 28 0e 03
INFO - 94 b2 c8 40 40 20 00 00
INFO - 94 b4 c8 08 40 28 3e 10
INFO - 94 b4 08 20 40 28 0e 03
INFO - 94 b4 48 40 40 20 00 00
INFO - 94 b6 48 08 40 28 42 10
INFO - 94 b6 88 20 40 28 0e 03
INFO - 94 b6 c8 40 40 20 00 00
INFO - 94 b8 c8 08 40 28 42 11
INFO - 94 b8 08 20 40 28 0e 03
INFO - 94 b8 48 40 40 20 00 00
INFO - 94 ba 48 08 40 28 46 11
INFO - 94 ba 88 20 40 28 0e 03
INFO - 94 ba c8 40 40 20 00 00
INFO - 94 bc c8 08 40 28 46 12
INFO - 94 bc 08 20 40 28 0e 03
INFO - 94 bc 48 40 40 20 00 00
INFO - 94 be 48 08 40 28 4a 13
INFO - 94 be 88 20 40 28 0e 03
INFO - 94 be c8 40 40 20 00 fc
INFO - 94 c0 c8 08 40 28 4e 15
INFO - 94 c0 08 20 40 28 0e 01
INFO - 94 c0 48 40 40 23 f0 01
INFO - 94 c2 48 08 40 28 56 17
INFO - 94 c2 88 20 40 28 06 01
INFO - 94 c2 c8 40 40 20 04 00
INFO - 94 c4 c8 08 40 28 5e 19
INFO - 94 c4 08 20 40 28 06 01
INFO - 94 c4 48 40 40 20 00 fe
INFO - 94 c6 48 08 40 28 66 1c
INFO - 94 c6 88 20 40 28 06 01
INFO - 94 c6 c8 40 40 23 f8 00
INFO - 94 c8 c8 08 40 28 72 22
INFO - 94 c8 08 20 40 28 06 01
INFO - 94 c8 48 40 40 20 00 00
INFO - 94 ca 48 08 40 28 8a 2b
INFO - 94 ca 88 20 40 28 05 ff
INFO - 94 ca c8 40 40 20 00 00
INFO - 94 cc c8 08 40 28 ae 39
INFO - 94 cc 08 20 40 27 fd ff
INFO - 94 cc 48 40 40 20 00 00
INFO - 94 ce 48 08 40 28 e6 47
INFO - 94 ce 88 20 40 27 fd ff
INFO - 94 ce c8 40 40 20 00 01
INFO - 94 d0 c8 08 40 09 1e 47
INFO - 94 d0 08 20 40 07 fd ff
INFO - 94 d0 48 40 40 00 04 be
INFO - 95 5f c8 08 40 2a f6 90
INFO - 95 5f 08 20 40 27 fd ff
INFO - 95 5f 48 40 40 22 f8 40
INFO - 95 61 48 08 40 2a 42 8b
INFO - 95 61 88 20 40 27 fd ff
INFO - 95 61 c8 40 40 21 00 00
INFO - b5 62 08 40 57 00 00 02
INFO - b5 62 48 40 57 00 00 02
INFO - b5 62 88 40 57 00 00 02
INFO - b5 62 c8 40 57 00 00 02
INFO - 95 63 c8 08 40 2a 2e 6d
INFO - 95 63 08 20 40 27 fd ff
INFO - 95 63 48 40 40 20 00 01
INFO - 95 65 48 08 40 29 b6 58
INFO - 95 65 88 20 40 27 fd fd
INFO - 95 65 c8 40 40 20 04 fc
INFO - 95 67 c8 08 40 29 62 4a
INFO - 95 67 08 20 40 27 f5 fd
INFO - 95 67 48 40 40 23 f0 00
INFO - 95 69 48 08 40 29 2a 46
INFO - 95 69 88 20 40 27 f5 fd
INFO - 95 69 c8 40 40 20 00 01
INFO - 95 6b c8 08 40 29 1a 3c
INFO - 95 6b 08 20 40 27 f5 fd
INFO - 95 6b 48 40 40 20 04 fc
INFO - 95 6d 48 08 40 28 f2 2f
INFO - 95 6d 88 20 40 27 f5 fd
INFO - 95 6d c8 40 40 23 f0 00
INFO - 95 6f c8 08 40 28 be 25
INFO - 95 6f 08 20 40 27 f5 fd
INFO - 95 6f 48 40 40 20 00 00
INFO - 95 71 48 08 40 28 96 1c
INFO - 95 71 88 20 40 27 f5 fd
INFO - 95 71 c8 40 40 20 00 01
INFO - 95 73 c8 08 40 28 72 14
INFO - 95 73 08 20 40 27 f5 fd
INFO - 95 73 48 40 40 20 04 fc
INFO - 95 75 48 08 40 28 52 0d
INFO - 95 75 88 20 40 27 f5 fd
INFO - 95 75 c8 40 40 23 f0 01
INFO - 95 77 c8 08 40 28 36 05
INFO - 95 77 08 20 40 27 f5 fd
INFO - 95 77 48 40 40 20 04 fc
INFO - 95 79 48 08 40 28 15 fd
INFO - 95 79 88 20 40 27 f5 ff
INFO - 95 79 c8 40 40 23 f0 01
INFO - 95 7b c8 08 40 27 f5 f2
INFO - 95 7b 08 20 40 27 fd ff
INFO - 95 7b 48 40 40 20 04 fc
INFO - 95 7d 48 08 40 27 c9 dc
INFO - 95 7d 88 20 40 27 fd ff
INFO - 95 7d c8 40 40 23 f0 01
INFO - 95 7f c8 08 40 27 71 ba
INFO - 95 7f 08 20 40 27 fd ff
INFO - 95 7f 48 40 40 20 04 fc
INFO - 95 81 48 08 40 26 e9 85
INFO - 95 81 88 20 40 27 fd ff
INFO - 95 81 c8 40 40 23 f0 01
INFO - 95 83 c8 08 40 26 15 6a
INFO - 95 83 08 20 40 27 fd ff
INFO - 95 83 48 40 40 20 04 fc
INFO - 95 85 48 08 40 05 a9 6a
INFO - 95 85 88 20 40 07 fd ff
INFO - 95 85 c8 40 40 03 f0 bd
INFO - 96 33 88 08 40 28 5a 16
INFO - 96 33 c8 20 40 27 f5 fd
INFO - 96 33 08 40 40 22 f4 44
INFO - 96 35 08 08 40 28 5a 16
INFO - 96 35 48 20 40 27 f5 fd
INFO - 96 35 88 40 40 21 10 fd
INFO - 96 37 88 08 40 28 5a 16
INFO - 96 37 c8 20 40 27 f5 fd
INFO - 96 37 08 40 40 23 f4 00
INFO - 96 39 08 08 40 28 5a 16
INFO - 96 39 48 20 40 27 f5 fb
INFO - 96 39 88 40 40 20 00 fd
INFO - 96 3b 88 08 40 28 5a 16
INFO - 96 3b c8 20 40 27 ed fd
INFO - 96 3b 08 40 40 23 f4 00
INFO - 96 3d 08 08 40 28 5a 18
INFO - 96 3d 48 20 40 27 f5 fd
INFO - 96 3d 88 40 40 20 00 00
INFO - 96 3f 88 08 40 28 62 22
INFO - 96 3f c8 20 40 27 f5 ff
INFO - 96 3f 08 40 40 20 00 01
INFO - 96 41 08 08 40 28 8a 22
INFO - 96 41 48 20 40 27 fd ff
INFO - 96 41 88 40 40 20 04 fc
INFO - 96 43 88 08 40 28 8a 22
INFO - 96 43 c8 20 40 27 fd ff
INFO - 96 43 08 40 40 23 f0 00
INFO - 96 45 08 08 40 28 8a 22
INFO - 96 45 48 20 40 27 fd ff
INFO - 96 45 88 40 40 20 00 fd
INFO - 96 47 88 08 40 28 8a 22
INFO - 96 47 c8 20 40 27 fd ff
INFO - 96 47 08 40 40 23 f4 00
INFO - 96 49 08 08 40 28 8a 22
INFO - 96 49 48 20 40 27 fd ff
INFO - 96 49 88 40 40 20 00 fd
INFO - 96 4b 88 08 40 28 8a 22
INFO - 96 4b c8 20 40 27 fd fd
INFO - 96 4b 08 40 40 23 f4 01
INFO - 96 4d 08 08 40 28 8a 22
INFO - 96 4d 48 20 40 27 f5 fd
INFO - 96 4d 88 40 40 20 04 fc
INFO - 96 4f 88 08 40 28 8a 22
INFO - 96 4f c8 20 40 27 f5 fd
INFO - 96 4f 08 40 40 23 f0 00
INFO - 96 51 08 08 40 28 8a 22
INFO - 96 51 48 20 40 27 f5 fd
INFO - 96 51 88 40 40 20 00 fd
INFO - 96 53 88 08 40 28 8a 22
INFO - 96 53 c8 20 40 27 f5 fd
INFO - 96 53 08 40 40 23 f4 01
INFO - 96 55 08 08 40 28 8a 22
INFO - 96 55 48 20 40 27 f5 fb
INFO - 96 55 88 40 40 20 04 fc
INFO - 96 57 88 08 40 28 8a 22
INFO - 96 57 c8 20 40 27 ed f9
INFO - 96 57 08 40 40 23 f0 01
INFO - 96 59 08 08 40 28 8a 22
INFO - 96 59 48 20 40 27 e5 f7
INFO - 96 59 88 40 40 20 04 fc
INFO - 96 5b 88 08 40 28 8a 24
INFO - 96 5b c8 20 40 27 dd f7
INFO - 96 5b 08 40 40 23 f0 01
INFO - 96 5d 08 08 40 28 92 39
INFO - 96 5d 48 20 40 27 dd f9
INFO - 96 5d 88 40 40 20 04 fc
INFO - 96 5f 88 08 40 28 e6 39
INFO - 96 5f c8 20 40 27 e5 ff
INFO - 96 5f 08 40 40 23 f0 01
INFO - 96 61 08 08 40 28 e6 39
INFO - 96 61 48 20 40 27 fd ff
INFO - 96 61 88 40 40 20 04 fd
INFO - 96 63 88 08 40 28 e6 39
INFO - 96 63 c8 20 40 27 fd ff
INFO - 96 63 08 40 40 23 f4 fc
INFO - 96 65 08 08 40 28 e6 39
INFO - 96 65 48 20 40 27 fd ff
INFO - 96 65 88 40 40 23 f0 01
INFO - 96 67 88 08 40 28 e6 39
INFO - 96 67 c8 20 40 27 fd ff
INFO - 96 67 08 40 40 20 04 fc
INFO - 96 69 08 08 40 28 e6 39
INFO - 96 69 48 20 40 27 fd ff
INFO - 96 69 88 40 40 23 f0 01
INFO - 96 6b 88 08 40 28 e6 39
INFO - 96 6b c8 20 40 27 fd ff
INFO - 96 6b 08 40 40 20 04 fc
INFO - 96 6d 08 08 40 28 e6 39
INFO - 96 6d 48 20 40 27 fd ff
INFO - 96 6d 88 40 40 23 f0 01
INFO - 96 6f 88 08 40 28 e6 39
INFO - 96 6f c8 20 40 27 fd fd
INFO - 96 6f 08 40 40 20 04 fd
INFO - 96 71 08 08 40 28 e6 39
INFO - 96 71 48 20 40 27 f5 fd
INFO - 96 71 88 40 40 23 f4 fc
INFO - 96 73 88 08 40 28 e6 39
INFO - 96 73 c8 20 40 27 f5 fb
INFO - 96 73 08 40 40 23 f0 01
INFO - 96 75 08 08 40 28 e6 39
INFO - 96 75 48 20 40 27 ed f9
INFO - 96 75 88 40 40 20 04 00
INFO - 96 77 88 08 40 28 e6 39
INFO - 96 77 c8 20 40 27 e5 f9
INFO - 96 77 08 40 40 20 00 00
INFO - 96 79 08 08 40 28 e6 3b
INFO - 96 79 48 20 40 27 e5 f7
INFO - 96 79 88 40 40 20 00 fc
INFO - 96 7b 88 08 40 28 ee 42
INFO - 96 7b c8 20 40 27 dd f7
INFO - 96 7b 08 40 40 23 f0 01
INFO - 96 7d 08 08 40 29 0a 42
INFO - 96 7d 48 20 40 27 dd f9
INFO - 96 7d 88 40 40 20 04 fd
INFO - 96 7f 88 08 40 29 0a 42
INFO - 96 7f c8 20 40 27 e5 fb
INFO - 96 7f 08 40 40 23 f4 00
INFO - 96 81 08 08 40 29 0a 42
INFO - 96 81 48 20 40 27 ed fd
INFO - 96 81 88 40 40 20 00 00
INFO - 96 83 88 08 40 29 0a 42
INFO - 96 83 c8 20 40 27 f5 fd
INFO - 96 83 08 40 40 20 00 fd
INFO - 96 85 08 08 40 29 0a 42
INFO - 96 85 48 20 40 27 f5 ff
INFO - 96 85 88 40 40 23 f4 00
INFO - 96 87 88 08 40 29 0a 42
INFO - 96 87 c8 20 40 27 fd ff
INFO - 96 87 08 40 40 20 00 00
INFO - 96 89 08 08 40 29 0a 42
INFO - 96 89 48 20 40 27 fd ff
INFO - 96 89 88 40 40 20 00 fd
INFO - 96 8b 88 08 40 29 0a 42
INFO - 96 8b c8 20 40 27 fd fd
INFO - 96 8b 08 40 40 23 f4 00
INFO - 96 8d 08 08 40 29 0a 42
INFO - 96 8d 48 20 40 27 f5 fb
INFO - 96 8d 88 40 40 20 00 00
INFO - 96 8f 88 08 40 29 0a 42
INFO - 96 8f c8 20 40 27 ed f9
INFO - 96 8f 08 40 40 20 00 01
INFO - 96 91 08 08 40 29 0a 42
INFO - 96 91 48 20 40 27 e5 fb
INFO - 96 91 88 40 40 20 04 fd
INFO - 96 93 88 08 40 29 0a 42
INFO - 96 93 c8 20 40 27 ed fb
INFO - 96 93 08 40 40 23 f4 00
INFO - 96 95 08 08 40 29 0a 42
INFO - 96 95 48 20 40 27 ed fb
INFO - 96 95 88 40 40 20 00 fd
INFO - 96 97 88 08 40 29 0a 42
INFO - 96 97 c8 20 40 27 ed f9
INFO - 96 97 08 40 40 23 f4 00
INFO - 96 99 08 08 40 29 0a 41
INFO - 96 99 48 20 40 27 e5 f9
INFO - 96 99 88 40 40 20 00 01
INFO - 96 9b 88 08 40 29 06 31
INFO - 96 9b c8 20 40 27 e5 f9
INFO - 96 9b 08 40 40 20 04 fc
INFO - 96 9d 08 08 40 28 c6 31
INFO - 96 9d 48 20 40 27 e5 f9
INFO - 96 9d 88 40 40 23 f0 00
INFO - 96 9f 88 08 40 28 c6 31
INFO - 96 9f c8 20 40 27 e5 fb
INFO - 96 9f 08 40 40 20 00 01
INFO - 96 a1 08 08 40 28 c6 31
INFO - 96 a1 48 20 40 27 ed fd
INFO - 96 a1 88 40 40 20 04 fc
INFO - 96 a3 88 08 40 28 c6 31
INFO - 96 a3 c8 20 40 27 f5 fd
INFO - 96 a3 08 40 40 23 f0 00
INFO - 96 a5 08 08 40 28 c6 31
INFO - 96 a5 48 20 40 27 f5 fd
INFO - 96 a5 88 40 40 20 00 01
INFO - 96 a7 88 08 40 48 c6 31
INFO - 96 a7 c8 20 40 47 f5 fd
INFO - 96 a7 08 40 40 40 04 fd
INFO - 96 ab 88 08 40 28 c6 31
INFO - 96 ab c8 20 40 27 f5 fb
INFO - 96 ab 08 40 40 23 f4 00
INFO - 96 ad 08 08 40 28 c6 31
INFO - 96 ad 48 20 40 27 ed fb
INFO - 96 ad 88 40 40 20 00 fc
INFO - 96 af 88 08 40 28 c6 31
INFO - 96 af c8 20 40 27 ed fb
INFO - 96 af 08 40 40 23 f0 01
INFO - 96 b1 08 08 40 28 c6 31
INFO - 96 b1 48 20 40 27 ed fb
INFO - 96 b1 88 40 40 20 04 fc
INFO - 96 b3 88 08 40 28 c6 31
INFO - 96 b3 c8 20 40 27 ed fb
INFO - 96 b3 08 40 40 23 f0 01
INFO - 96 b5 08 08 40 28 c6 2e
INFO - 96 b5 48 20 40 27 ed fb
INFO - 96 b5 88 40 40 20 04 00
INFO - 96 b7 88 08 40 28 ba 26
INFO - 96 b7 c8 20 40 27 ed f9
INFO - 96 b7 08 40 40 20 00 fc
INFO - 96 b9 08 08 40 28 9a 26
INFO - 96 b9 48 20 40 27 e5 fb
INFO - 96 b9 88 40 40 23 f0 01
INFO - 96 bb 88 08 40 28 9a 26
INFO - 96 bb c8 20 40 27 ed fb
INFO - 96 bb 08 40 40 20 04 00
INFO - 96 bd 08 08 40 28 9a 26
INFO - 96 bd 48 20 40 27 ed fd
INFO - 96 bd 88 40 40 20 00 00
INFO - 96 bf 88 08 40 28 9a 26
INFO - 96 bf c8 20 40 27 f5 ff
INFO - 96 bf 08 40 40 20 00 00
INFO - 96 c1 08 08 40 28 9a 26
INFO - 96 c1 48 20 40 27 fd ff
INFO - 96 c1 88 40 40 20 00 fc
INFO - 96 c3 88 08 40 28 9a 26
INFO - 96 c3 c8 20 40 27 fd ff
INFO - 96 c3 08 40 40 23 f0 01
INFO - 96 c5 08 08 40 28 9a 26
INFO - 96 c5 48 20 40 27 fd ff
INFO - 96 c5 88 40 40 20 04 00
INFO - 96 c7 88 08 40 28 9a 26
INFO - 96 c7 c8 20 40 27 fd ff
INFO - 96 c7 08 40 40 20 00 00
INFO - 96 c9 08 08 40 28 9a 26
INFO - 96 c9 48 20 40 27 fd ff
INFO - 96 c9 88 40 40 20 00 00
INFO - 96 cb 88 08 40 28 9a 26
INFO - 96 cb c8 20 40 27 fd ff
INFO - 96 cb 08 40 40 20 00 fd
INFO - 96 cd 08 08 40 28 9a 26
INFO - 96 cd 48 20 40 27 fd fd
INFO - 96 cd 88 40 40 23 f4 00
INFO - 96 cf 88 08 40 28 9a 26
INFO - 96 cf c8 20 40 27 f5 fb
INFO - 96 cf 08 40 40 20 00 00
INFO - 96 d1 08 08 40 28 9a 26
INFO - 96 d1 48 20 40 27 ed fb
INFO - 96 d1 88 40 40 20 00 00
INFO - 96 d3 88 08 40 28 9a 26
INFO - 96 d3 c8 20 40 27 ed fd
INFO - 96 d3 08 40 40 20 00 00
INFO - 96 d5 08 08 40 28 9a 24
INFO - 96 d5 48 20 40 27 f5 ff
INFO - 96 d5 88 40 40 20 00 00
INFO - 96 d7 88 08 40 28 92 20
INFO - 96 d7 c8 20 40 27 fd ff
INFO - 96 d7 08 40 40 20 00 00
INFO - 96 d9 08 08 40 28 82 20
INFO - 96 d9 48 20 40 27 fd ff
INFO - 96 d9 88 40 40 20 00 00
INFO - 96 db 88 08 40 28 82 20
INFO - 96 db c8 20 40 27 fd fd
INFO - 96 db 08 40 40 20 00 00
INFO - 96 dd 08 08 40 28 82 20
INFO - 96 dd 48 20 40 27 f5 fb
INFO - 96 dd 88 40 40 20 00 fd
INFO - 96 df 88 08 40 28 82 20
INFO - 96 df c8 20 40 27 ed fb
INFO - 96 df 08 40 40 23 f4 00
INFO - 96 e1 08 08 40 28 82 20
INFO - 96 e1 48 20 40 27 ed fd
INFO - 96 e1 88 40 40 20 00 00
INFO - 96 e3 88 08 40 28 82 20
INFO - 96 e3 c8 20 40 27 f5 ff
INFO - 96 e3 08 40 40 20 00 01
INFO - 96 e5 08 08 40 28 82 20
INFO - 96 e5 48 20 40 27 fd ff
INFO - 96 e5 88 40 40 20 04 fc
INFO - 96 e7 88 08 40 28 82 20
INFO - 96 e7 c8 20 40 27 fd fd
INFO - 96 e7 08 40 40 23 f0 00
INFO - 96 e9 08 08 40 28 82 20
INFO - 96 e9 48 20 40 27 f5 fb
INFO - 96 e9 88 40 40 20 00 01
INFO - 96 eb 88 08 40 28 82 20
INFO - 96 eb c8 20 40 27 ed fd
INFO - 96 eb 08 40 40 20 04 fc
INFO - 96 ed 08 08 40 28 82 20
INFO - 96 ed 48 20 40 27 f5 fd
INFO - 96 ed 88 40 40 23 f0 00
INFO - 96 ef 88 08 40 28 82 20
INFO - 96 ef c8 20 40 27 f5 ff
INFO - 96 ef 08 40 40 20 00 01
INFO - 96 f1 08 08 40 28 82 22
INFO - 96 f1 48 20 40 27 fd ff
INFO - 96 f1 88 40 40 20 04 fc
INFO - 96 f3 88 08 40 28 8a 28
INFO - 96 f3 c8 20 40 27 fd ff
INFO - 96 f3 08 40 40 23 f0 00
INFO - 96 f5 08 08 40 28 a2 28
INFO - 96 f5 48 20 40 27 fd ff
INFO - 96 f5 88 40 40 20 00 01
INFO - 96 f7 88 08 40 28 a2 28
INFO - 96 f7 c8 20 40 27 fd ff
INFO - 96 f7 08 40 40 20 04 fc
INFO - 96 f9 08 08 40 28 a2 28
INFO - 96 f9 48 20 40 27 fd ff
INFO - 96 f9 88 40 40 23 f0 01
INFO - 96 fb 88 08 40 28 a2 28
INFO - 96 fb c8 20 40 27 fd ff
INFO - 96 fb 08 40 40 20 04 00
INFO - 96 fd 08 08 40 28 a2 28
INFO - 96 fd 48 20 40 27 fd ff
INFO - 96 fd 88 40 40 20 00 fd
INFO - 96 ff 88 08 40 28 a2 28
INFO - 96 ff c8 20 40 27 fd ff
INFO - 96 ff 08 40 40 23 f4 fc
INFO - 97 01 08 08 40 28 a2 28
INFO - 97 01 48 20 40 27 fd ff
INFO - 97 01 88 40 40 23 f0 01
INFO - 97 03 88 08 40 28 a2 28
INFO - 97 03 c8 20 40 27 fd ff
INFO - 97 03 08 40 40 20 04 00
INFO - 97 05 08 08 40 28 a2 28
INFO - 97 05 48 20 40 27 fd ff
INFO - 97 05 88 40 40 20 00 fc
INFO - 97 07 88 08 40 28 a2 28
INFO - 97 07 c8 20 40 27 fd ff
INFO - 97 07 08 40 40 23 f0 01
INFO - 97 09 08 08 40 28 a2 28
INFO - 97 09 48 20 40 27 fd ff
INFO - 97 09 88 40 40 20 04 00
INFO - 97 0b 88 08 40 28 a2 28
INFO - 97 0b c8 20 40 27 fd ff
INFO - 97 0b 08 40 40 20 00 fc
INFO - 97 0d 08 08 40 28 a2 28
INFO - 97 0d 48 20 40 27 fd ff
INFO - 97 0d 88 40 40 23 f0 01
INFO - 97 0f 88 08 40 28 a2 28
INFO - 97 0f c8 20 40 27 fd ff
INFO - 97 0f 08 40 40 20 04 00
INFO - 97 11 08 08 40 28 a2 2c
INFO - 97 11 48 20 40 27 fd ff
INFO - 97 11 88 40 40 20 00 00
INFO - 97 13 88 08 40 28 b2 35
INFO - 97 13 c8 20 40 27 fd ff
INFO - 97 13 08 40 40 20 00 fc
INFO - 97 15 08 08 40 28 d6 35
INFO - 97 15 48 20 40 27 fd ff
INFO - 97 15 88 40 40 23 f0 01
INFO - 97 17 88 08 40 48 d6 35
INFO - 97 17 c8 20 40 47 fd ff
INFO - 97 17 08 40 40 40 04 00
INFO - 97 1b 88 08 40 28 d6 35
INFO - 97 1b c8 20 40 27 fd ff
INFO - 97 1b 08 40 40 20 00 fe
INFO - 97 1d 08 08 40 28 d6 35
INFO - 97 1d 48 20 40 27 fd ff
INFO - 97 1d 88 40 40 23 f8 fd
INFO - 97 1f 88 08 40 28 d6 35
INFO - 97 1f c8 20 40 27 fd ff
INFO - 97 1f 08 40 40 23 f4 fc
INFO - 97 21 08 08 40 28 d6 35
INFO - 97 21 48 20 40 27 fd ff
INFO - 97 21 88 40 40 23 f0 01
INFO - 97 23 88 08 40 28 d6 35
INFO - 97 23 c8 20 40 27 fd ff
INFO - 97 23 08 40 40 20 04 00
INFO - 97 25 08 08 40 28 d6 35
INFO - 97 25 48 20 40 27 fe 01
INFO - 97 25 88 40 40 20 00 00
INFO - 97 27 88 08 40 28 d6 35
INFO - 97 27 c8 20 40 28 06 01
INFO - 97 27 08 40 40 20 00 01
INFO - 97 29 08 08 40 28 d6 35
INFO - 97 29 48 20 40 28 06 01
INFO - 97 29 88 40 40 20 04 fc
INFO - 97 2b 88 08 40 28 d6 35
INFO - 97 2b c8 20 40 28 06 01
INFO - 97 2b 08 40 40 23 f0 00
INFO - 97 2d 08 08 40 28 d6 35
INFO - 97 2d 48 20 40 28 06 01
INFO - 97 2d 88 40 40 20 00 00
INFO - 97 2f 88 08 40 28 d6 3c
INFO - 97 2f c8 20 40 28 05 ff
INFO - 97 2f 08 40 40 20 00 00
INFO - 97 31 08 08 40 28 f2 45
INFO - 97 31 48 20 40 27 fd ff
INFO - 97 31 88 40 40 20 00 00
INFO - 97 33 88 08 40 29 16 45
INFO - 97 33 c8 20 40 27 fd ff
INFO - 97 33 08 40 40 20 00 01
INFO - 97 35 08 08 40 29 16 45
INFO - 97 35 48 20 40 27 fd ff
INFO - 97 35 88 40 40 20 04 fd
INFO - 97 37 88 08 40 29 16 45
INFO - 97 37 c8 20 40 27 fd ff
INFO - 97 37 08 40 40 23 f4 00
INFO - 97 39 08 08 40 29 16 45
INFO - 97 39 48 20 40 27 fd ff
INFO - 97 39 88 40 40 20 00 fc
INFO - 97 3b 88 08 40 29 16 45
INFO - 97 3b c8 20 40 27 fd ff
INFO - 97 3b 08 40 40 23 f0 00
INFO - 97 3d 08 08 40 29 16 45
INFO - 97 3d 48 20 40 27 fe 01
INFO - 97 3d 88 40 40 20 00 00
INFO - 97 3f 88 08 40 29 16 45
INFO - 97 3f c8 20 40 28 06 01
INFO - 97 3f 08 40 40 20 00 00
INFO - 97 41 08 08 40 29 16 45
INFO - 97 41 48 20 40 28 06 01
INFO - 97 41 88 40 40 20 00 fc
INFO - 97 43 88 08 40 29 16 45
INFO - 97 43 c8 20 40 28 05 ff
INFO - 97 43 08 40 40 23 f0 00
INFO - 97 45 08 08 40 29 16 45
INFO - 97 45 48 20 40 27 fd ff
INFO - 97 45 88 40 40 20 00 01
INFO - 97 47 88 08 40 29 16 45
INFO - 97 47 c8 20 40 27 fe 01
INFO - 97 47 08 40 40 20 04 fc
INFO - 97 49 08 08 40 29 16 45
INFO - 97 49 48 20 40 28 06 01
INFO - 97 49 88 40 40 23 f0 01
INFO - 97 4b 88 08 40 29 16 45
INFO - 97 4b c8 20 40 28 06 01
INFO - 97 4b 08 40 40 20 04 fd
INFO - 97 4d 08 08 40 29 16 43
INFO - 97 4d 48 20 40 28 06 01
INFO - 97 4d 88 40 40 23 f4 00
INFO - 97 4f 88 08 40 29 0e 3d
INFO - 97 4f c8 20 40 28 06 01
INFO - 97 4f 08 40 40 20 00 fc
INFO - 97 51 08 08 40 28 f6 3d
INFO - 97 51 48 20 40 28 06 01
INFO - 97 51 88 40 40 23 f0 01
INFO - 97 53 88 08 40 28 f6 3d
INFO - 97 53 c8 20 40 28 06 01
INFO - 97 53 08 40 40 20 04 fd
INFO - 97 55 08 08 40 28 f6 3d
INFO - 97 55 48 20 40 28 06 03
INFO - 97 55 88 40 40 23 f4 00
INFO - 97 57 88 08 40 28 f6 3d
INFO - 97 57 c8 20 40 28 0e 03
INFO - 97 57 08 40 40 20 00 fc
INFO - 97 59 08 08 40 28 f6 3d
INFO - 97 59 48 20 40 28 0e 05
INFO - 97 59 88 40 40 23 f0 01
INFO - 97 5b 88 08 40 28 f6 3d
INFO - 97 5b c8 20 40 28 16 03
INFO - 97 5b 08 40 40 20 04 fd
INFO - 97 5d 08 08 40 28 f6 3d
INFO - 97 5d 48 20 40 28 0e 03
INFO - 97 5d 88 40 40 23 f4 00
INFO - 97 5f 88 08 40 28 f6 3d
INFO - 97 5f c8 20 40 28 0e 03
INFO - 97 5f 08 40 40 20 00 fd
INFO - 97 61 08 08 40 28 f6 3d
INFO - 97 61 48 20 40 28 0e 03
INFO - 97 61 88 40 40 23 f4 00
INFO - 97 63 88 08 40 28 f6 3d
INFO - 97 63 c8 20 40 28 0e 03
INFO - 97 63 08 40 40 20 00 00
INFO - 97 65 08 08 40 28 f6 3d
INFO - 97 65 48 20 40 28 0e 03
INFO - 97 65 88 40 40 20 00 fd
INFO - 97 67 88 08 40 28 f6 3d
INFO - 97 67 c8 20 40 28 0e 03
INFO - 97 67 08 40 40 23 f4 00
INFO - 97 69 08 08 40 28 f6 3d
INFO - 97 69 48 20 40 28 0e 03
INFO - 97 69 88 40 40 20 00 fd
INFO - 97 6b 88 08 40 28 f6 36
INFO - 97 6b c8 20 40 28 0e 03
INFO - 97 6b 08 40 40 23 f4 00
INFO - 97 6d 08 08 40 28 da 2a
INFO - 97 6d 48 20 40 28 0e 03
INFO - 97 6d 88 40 40 20 00 fd
INFO - 97 6f 88 08 40 28 aa 2a
INFO - 97 6f c8 20 40 28 0e 03
INFO - 97 6f 08 40 40 23 f4 00
INFO - 97 71 08 08 40 28 aa 2a
INFO - 97 71 48 20 40 28 0e 03
INFO - 97 71 88 40 40 20 00 fd
INFO - 97 73 88 08 40 28 aa 2a
INFO - 97 73 c8 20 40 28 0e 03
INFO - 97 73 08 40 40 23 f4 00
INFO - 97 75 08 08 40 28 aa 2a
INFO - 97 75 48 20 40 28 0e 03
INFO - 97 75 88 40 40 20 00 fd
INFO - 97 77 88 08 40 28 aa 2a
INFO - 97 77 c8 20 40 28 0e 03
INFO - 97 77 08 40 40 23 f4 01
INFO - 97 79 08 08 40 28 aa 2a
INFO - 97 79 48 20 40 28 0e 05
INFO - 97 79 88 40 40 20 04 fd
INFO - 97 7b 88 08 40 28 aa 2a
INFO - 97 7b c8 20 40 28 16 05
INFO - 97 7b 08 40 40 23 f4 fd
INFO - 97 7d 08 08 40 28 aa 2a
INFO - 97 7d 48 20 40 28 16 05
INFO - 97 7d 88 40 40 23 f4 00
INFO - 97 7f 88 08 40 28 aa 2a
INFO - 97 7f c8 20 40 28 16 03
INFO - 97 7f 08 40 40 20 00 01
INFO - 97 81 08 08 40 28 aa 2a
INFO - 97 81 48 20 40 28 0e 03
INFO - 97 81 88 40 40 20 04 fc
INFO - 97 83 88 08 40 28 aa 2a
INFO - 97 83 c8 20 40 28 0e 03
INFO - 97 83 08 40 40 23 f0 00
INFO - 97 85 08 08 40 28 aa 2a
INFO - 97 85 48 20 40 28 0e 03
INFO - 97 85 88 40 40 20 00 fd
INFO - 97 87 88 08 40 28 aa 2a
INFO - 97 87 c8 20 40 28 0e 03
INFO - 97 87 08 40 40 23 f4 01
INFO - 97 89 08 08 40 28 aa 2a
INFO - 97 89 48 20 40 28 0e 03
INFO - 97 89 88 40 40 20 04 fc
INFO - 97 8b 88 08 40 28 aa 26
INFO - 97 8b c8 20 40 28 0e 03
INFO - 97 8b 08 40 40 23 f0 00
INFO - 97 8d 08 08 40 28 9a 1e
INFO - 97 8d 48 20 40 28 0e 03
INFO - 97 8d 88 40 40 20 00 fd
INFO - 97 8f 88 08 40 28 7a 1e
INFO - 97 8f c8 20 40 28 0e 03
INFO - 97 8f 08 40 40 23 f4 01
INFO - 97 91 08 08 40 28 7a 1e
INFO - 97 91 48 20 40 28 0e 05
INFO - 97 91 88 40 40 20 04 fc
INFO - 97 93 88 08 40 28 7a 1e
INFO - 97 93 c8 20 40 28 16 05
INFO - 97 93 08 40 40 23 f0 01
INFO - 97 95 08 08 40 28 7a 1e
INFO - 97 95 48 20 40 28 16 05
INFO - 97 95 88 40 40 20 04 fc
INFO - 97 97 88 08 40 28 7a 1e
INFO - 97 97 c8 20 40 28 16 03
INFO - 97 97 08 40 40 23 f0 fd
INFO - 97 99 08 08 40 28 7a 1e
INFO - 97 99 48 20 40 28 0e 03
INFO - 97 99 88 40 40 23 f4 01
INFO - 97 9b 88 08 40 28 7a 1e
INFO - 97 9b c8 20 40 28 0e 03
INFO - 97 9b 08 40 40 20 04 00
INFO - 97 9d 08 08 40 28 7a 1e
INFO - 97 9d 48 20 40 28 0e 03
INFO - 97 9d 88 40 40 20 00 fc
INFO - 97 9f 88 08 40 28 7a 1e
INFO - 97 9f c8 20 40 28 0e 05
INFO - 97 9f 08 40 40 23 f0 01
INFO - 97 a1 08 08 40 28 7a 1e
INFO - 97 a1 48 20 40 28 16 05
INFO - 97 a1 88 40 40 20 04 00
INFO - 97 a3 88 08 40 28 7a 1e
INFO - 97 a3 c8 20 40 28 16 05
INFO - 97 a3 08 40 40 20 00 00
INFO - 97 a5 08 08 40 28 7a 1e
INFO - 97 a5 48 20 40 28 16 05
INFO - 97 a5 88 40 40 20 00 fc
INFO - 97 a7 88 08 40 28 7a 18
INFO - 97 a7 c8 20 40 28 16 05
INFO - 97 a7 08 40 40 23 f0 01
INFO - 97 a9 08 08 40 28 62 0c
INFO - 97 a9 48 20 40 28 16 05
INFO - 97 a9 88 40 40 20 04 00
INFO - 97 ab 88 08 40 28 32 0c
INFO - 97 ab c8 20 40 28 16 05
INFO - 97 ab 08 40 40 20 00 00
INFO - 97 ad 08 08 40 28 32 0c
INFO - 97 ad 48 20 40 28 16 07
INFO - 97 ad 88 40 40 20 00 fc
INFO - 97 af 88 08 40 28 32 0c
INFO - 97 af c8 20 40 28 1e 07
INFO - 97 af 08 40 40 23 f0 01
INFO - 97 b1 08 08 40 28 32 0c
INFO - 97 b1 48 20 40 28 1e 07
INFO - 97 b1 88 40 40 20 04 00
INFO - 97 b3 88 08 40 28 32 0c
INFO - 97 b3 c8 20 40 28 1e 07
INFO - 97 b3 08 40 40 20 00 00
INFO - 97 b5 08 08 40 28 32 0c
INFO - 97 b5 48 20 40 28 1e 07
INFO - 97 b5 88 40 40 20 00 fc
INFO - 97 b7 88 08 40 28 32 0c
INFO - 97 b7 c8 20 40 28 1e 07
INFO - 97 b7 08 40 40 23 f0 01
INFO - 97 b9 08 08 40 28 32 0c
INFO - 97 b9 48 20 40 28 1e 07
INFO - 97 b9 88 40 40 20 04 00
INFO - 97 bb 88 08 40 28 32 0c
INFO - 97 bb c8 20 40 28 1e 05
INFO - 97 bb 08 40 40 20 00 00
INFO - 97 bd 08 08 40 28 32 0c
INFO - 97 bd 48 20 40 28 16 05
INFO - 97 bd 88 40 40 20 00 fd
INFO - 97 bf 88 08 40 28 32 0c
INFO - 97 bf c8 20 40 28 16 05
INFO - 97 bf 08 40 40 23 f4 00
INFO - 97 c1 08 08 40 28 32 0c
INFO - 97 c1 48 20 40 28 16 05
INFO - 97 c1 88 40 40 20 00 00
INFO - 97 c3 88 08 40 28 32 0c
INFO - 97 c3 c8 20 40 28 16 07
INFO - 97 c3 08 40 40 20 00 00
INFO - 97 c5 08 08 40 28 32 0c
INFO - 97 c5 48 20 40 28 1e 07
INFO - 97 c5 88 40 40 20 00 00
INFO - 97 c7 88 08 40 28 32 0d
INFO - 97 c7 c8 20 40 28 1e 07
INFO - 97 c7 08 40 40 20 00 fd
INFO - 97 c9 08 08 40 28 36 10
INFO - 97 c9 48 20 40 28 1e 07
INFO - 97 c9 88 40 40 23 f4 00
INFO - 97 cb 88 08 40 28 42 10
INFO - 97 cb c8 20 40 28 1e 07
INFO - 97 cb 08 40 40 20 00 00
INFO - 97 cd 08 08 40 28 42 10
INFO - 97 cd 48 20 40 28 1e 07
INFO - 97 cd 88 40 40 20 00 00
INFO - 97 cf 88 08 40 28 42 10
INFO - 97 cf c8 20 40 28 1e 07
INFO - 97 cf 08 40 40 20 00 00
INFO - 97 d1 08 08 40 28 42 10
INFO - 97 d1 48 20 40 28 1e 07
INFO - 97 d1 88 40 40 20 00 fd
INFO - 97 d3 88 08 40 28 42 10
INFO - 97 d3 c8 20 40 28 1e 07
INFO - 97 d3 08 40 40 23 f4 00
INFO - 97 d5 08 08 40 28 42 10
INFO - 97 d5 48 20 40 28 1e 07
INFO - 97 d5 88 40 40 20 00 01
INFO - 97 d7 88 08 40 28 42 10
INFO - 97 d7 c8 20 40 28 1e 07
INFO - 97 d7 08 40 40 20 04 fc
INFO - 97 d9 08 08 40 28 42 10
INFO - 97 d9 48 20 40 28 1e 07
INFO - 97 d9 88 40 40 23 f0 00
INFO - 97 db 88 08 40 28 42 10
INFO - 97 db c8 20 40 28 1e 07
INFO - 97 db 08 40 40 20 00 00
INFO - 97 dd 08 08 40 28 42 10
INFO - 97 dd 48 20 40 28 1e 05
INFO - 97 dd 88 40 40 20 00 fd
INFO - 97 df 88 08 40 28 42 10
INFO - 97 df c8 20 40 28 16 05
INFO - 97 df 08 40 40 23 f4 00
INFO - 97 e1 08 08 40 28 42 10
INFO - 97 e1 48 20 40 28 16 05
INFO - 97 e1 88 40 40 20 00 00
INFO - 97 e3 88 08 40 28 42 10
INFO - 97 e3 c8 20 40 28 16 03
INFO - 97 e3 08 40 40 20 00 01
INFO - 97 e5 08 08 40 28 42 17
INFO - 97 e5 48 20 40 28 0e 03
INFO - 97 e5 88 40 40 20 04 fc
INFO - 97 e7 88 08 40 28 5e 27
INFO - 97 e7 c8 20 40 28 0e 03
INFO - 97 e7 08 40 40 23 f0 00
INFO - 97 e9 08 08 40 28 9e 27
INFO - 97 e9 48 20 40 28 0e 03
INFO - 97 e9 88 40 40 20 00 00
INFO - 97 eb 88 08 40 28 9e 27
INFO - 97 eb c8 20 40 28 0e 03
INFO - 97 eb 08 40 40 20 00 01
INFO - 97 ed 08 08 40 28 9e 27
INFO - 97 ed 48 20 40 28 0e 03
INFO - 97 ed 88 40 40 20 04 fc
INFO - 97 ef 88 08 40 28 9e 27
INFO - 97 ef c8 20 40 28 0e 03
INFO - 97 ef 08 40 40 23 f0 00
INFO - 97 f1 08 08 40 28 9e 27
INFO - 97 f1 48 20 40 28 0e 03
INFO - 97 f1 88 40 40 20 00 00
INFO - 97 f3 88 08 40 28 9e 27
INFO - 97 f3 c8 20 40 28 0e 03
INFO - 97 f3 08 40 40 20 00 01
INFO - 97 f5 08 08 40 28 9e 27
INFO - 97 f5 48 20 40 28 0e 03
INFO - 97 f5 88 40 40 20 04 fc
INFO - 97 f7 88 08 40 28 9e 27
INFO - 97 f7 c8 20 40 28 0e 03
INFO - 97 f7 08 40 40 23 f0 00
INFO - 97 f9 08 08 40 28 9e 27
INFO - 97 f9 48 20 40 28 0e 03
INFO - 97 f9 88 40 40 20 00 01
INFO - 97 fb 88 08 40 28 9e 27
INFO - 97 fb c8 20 40 28 0e 03
INFO - 97 fb 08 40 40 20 04 fc
INFO - 97 fd 08 08 40 28 9e 27
INFO - 97 fd 48 20 40 28 0e 03
INFO - 97 fd 88 40 40 23 f0 01
INFO - 97 ff 88 08 40 28 9e 27
INFO - 97 ff c8 20 40 28 0e 03
INFO - 97 ff 08 40 40 20 04 fc
INFO - 98 01 08 08 40 28 9e 27
INFO - 98 01 48 20 40 28 0e 03
INFO - 98 01 88 40 40 23 f0 00
INFO - 98 03 88 08 40 28 9e 18
INFO - 98 03 c8 20 40 28 0e 01
INFO - 98 03 08 40 40 20 00 01
INFO - 98 05 08 08 40 28 61 fc
INFO - 98 05 48 20 40 28 06 01
INFO - 98 05 88 40 40 20 04 00
INFO - 98 07 88 08 40 27 f1 fc
INFO - 98 07 c8 20 40 28 06 01
INFO - 98 07 08 40 40 20 00 fc
INFO - 98 09 08 08 40 27 f1 fc
INFO - 98 09 48 20 40 28 06 01
INFO - 98 09 88 40 40 23 f0 01
INFO - 98 0b 88 08 40 27 f1 fc
INFO - 98 0b c8 20 40 28 06 03
INFO - 98 0b 08 40 40 20 04 fc
INFO - 98 0d 08 08 40 27 f1 fc
INFO - 98 0d 48 20 40 28 0e 03
INFO - 98 0d 88 40 40 23 f0 01
INFO - 98 0f 88 08 40 27 f1 fc
INFO - 98 0f c8 20 40 28 0e 01
INFO - 98 0f 08 40 40 20 04 fc
INFO - 98 11 08 08 40 27 f1 fc
INFO - 98 11 48 20 40 28 06 01
INFO - 98 11 88 40 40 23 f0 01
INFO - 98 13 88 08 40 27 f1 fc
INFO - 98 13 c8 20 40 28 06 01
INFO - 98 13 08 40 40 20 04 fc
INFO - 98 15 08 08 40 27 f1 fc
INFO - 98 15 48 20 40 28 06 01
INFO - 98 15 88 40 40 23 f0 01
INFO - 98 17 88 08 40 27 f1 fc
INFO - 98 17 c8 20 40 28 06 01
INFO - 98 17 08 40 40 20 04 fc
INFO - 98 19 08 08 40 27 f1 fc
INFO - 98 19 48 20 40 28 06 03
INFO - 98 19 88 40 40 23 f0 01
INFO - 98 1b 88 08 40 27 f1 fc
INFO - 98 1b c8 20 40 28 0e 03
INFO - 98 1b 08 40 40 20 04 fc
INFO - 98 1d 08 08 40 27 f1 fc
INFO - 98 1d 48 20 40 28 0e 03
INFO - 98 1d 88 40 40 23 f0 01
INFO - 98 1f 88 08 40 27 f1 fc
INFO - 98 1f c8 20 40 28 0e 03
INFO - 98 1f 08 40 40 20 04 00
INFO - 98 21 08 08 40 27 f2 02
INFO - 98 21 48 20 40 28 0e 05
INFO - 98 21 88 40 40 20 00 fc
INFO - 98 23 88 08 40 28 0a 11
INFO - 98 23 c8 20 40 28 16 05
INFO - 98 23 08 40 40 23 f0 01
INFO - 98 25 08 08 40 28 46 11
INFO - 98 25 48 20 40 28 16 05
INFO - 98 25 88 40 40 20 04 fc
INFO - 98 27 88 08 40 28 46 11
INFO - 98 27 c8 20 40 28 16 05
INFO - 98 27 08 40 40 23 f0 01
INFO - 98 29 08 08 40 28 46 11
INFO - 98 29 48 20 40 28 16 05
INFO - 98 29 88 40 40 20 04 00
INFO - 98 2b 88 08 40 28 46 11
INFO - 98 2b c8 20 40 28 16 03
INFO - 98 2b 08 40 40 20 00 fc
INFO - 98 2d 08 08 40 28 46 11
INFO - 98 2d 48 20 40 28 0e 03
INFO - 98 2d 88 40 40 23 f0 01
INFO - 98 2f 88 08 40 28 46 11
INFO - 98 2f c8 20 40 28 0e 03
INFO - 98 2f 08 40 40 20 04 00
INFO - 98 31 08 08 40 28 46 11
INFO - 98 31 48 20 40 28 0e 03
INFO - 98 31 88 40 40 20 00 fc
INFO - 98 33 88 08 40 28 46 11
INFO - 98 33 c8 20 40 28 0e 05
INFO - 98 33 08 40 40 23 f0 01
INFO - 98 35 08 08 40 28 46 11
INFO - 98 35 48 20 40 28 16 05
INFO - 98 35 88 40 40 20 04 00
INFO - 98 37 88 08 40 28 46 11
INFO - 98 37 c8 20 40 28 16 03
INFO - 98 37 08 40 40 20 00 fc
INFO - 98 39 08 08 40 28 46 11
INFO - 98 39 48 20 40 28 0e 03
INFO - 98 39 88 40 40 23 f0 01
INFO - 98 3b 88 08 40 28 46 11
INFO - 98 3b c8 20 40 28 0e 03
INFO - 98 3b 08 40 40 20 04 00
INFO - 98 3d 08 08 40 28 46 11
INFO - 98 3d 48 20 40 28 0e 03
INFO - 98 3d 88 40 40 20 00 fd
INFO - 98 3f 88 08 40 28 46 0e
INFO - 98 3f c8 20 40 28 0e 03
INFO - 98 3f 08 40 40 23 f4 00
INFO - 98 41 08 08 40 28 3a 09
INFO - 98 41 48 20 40 28 0e 03
INFO - 98 41 88 40 40 20 00 00
INFO - 98 43 88 08 40 28 26 09
INFO - 98 43 c8 20 40 28 0e 03
INFO - 98 43 08 40 40 20 00 00
INFO - 98 45 08 08 40 28 26 09
INFO - 98 45 48 20 40 28 0e 03
INFO - 98 45 88 40 40 20 00 fc
INFO - 98 47 88 08 40 28 26 09
INFO - 98 47 c8 20 40 28 0e 03
INFO - 98 47 08 40 40 23 f0 01
INFO - 98 49 08 08 40 28 26 09
INFO - 98 49 48 20 40 28 0e 03
INFO - 98 49 88 40 40 20 04 00
INFO - 98 4b 88 08 40 28 26 09
INFO - 98 4b c8 20 40 28 0e 03
INFO - 98 4b 08 40 40 20 00 00
INFO - 98 4d 08 08 40 28 26 09
INFO - 98 4d 48 20 40 28 0e 03
INFO - 98 4d 88 40 40 20 00 00
INFO - 98 4f 88 08 40 28 26 09
INFO - 98 4f c8 20 40 28 0e 03
INFO - 98 4f 08 40 40 20 00 fc
INFO - 98 51 08 08 40 28 26 09
INFO - 98 51 48 20 40 28 0e 05
INFO - 98 51 88 40 40 23 f0 01
INFO - 98 53 88 08 40 28 26 09
INFO - 98 53 c8 20 40 28 16 05
INFO - 98 53 08 40 40 20 04 00
INFO - 98 55 08 08 40 28 26 09
INFO - 98 55 48 20 40 28 16 05
INFO - 98 55 88 40 40 20 00 fd
INFO - 98 57 88 08 40 28 26 09
INFO - 98 57 c8 20 40 28 16 05
INFO - 98 57 08 40 40 23 f4 fc
INFO - 98 59 08 08 40 28 26 09
INFO - 98 59 48 20 40 28 16 07
INFO - 98 59 88 40 40 23 f0 01
INFO - 98 5b 88 08 40 28 26 09
INFO - 98 5b c8 20 40 28 1e 07
INFO - 98 5b 08 40 40 20 04 00
INFO - 98 5d 08 08 40 28 26 14
INFO - 98 5d 48 20 40 28 1e 05
INFO - 98 5d 88 40 40 20 00 fd
INFO - 98 5f 88 08 40 28 52 28
INFO - 98 5f c8 20 40 28 16 05
INFO - 98 5f 08 40 40 23 f4 fc
INFO - 98 61 08 08 40 28 a2 28
INFO - 98 61 48 20 40 28 16 05
INFO - 98 61 88 40 40 23 f0 01
INFO - 98 63 88 08 40 28 a2 28
INFO - 98 63 c8 20 40 28 16 07
INFO - 98 63 08 40 40 20 04 00
INFO - 98 65 08 08 40 28 a2 28
INFO - 98 65 48 20 40 28 1e 07
INFO - 98 65 88 40 40 20 00 fc
INFO - 98 67 88 08 40 28 a2 28
INFO - 98 67 c8 20 40 28 1e 07
INFO - 98 67 08 40 40 23 f0 01
INFO - 98 69 08 08 40 28 a2 28
INFO - 98 69 48 20 40 28 1e 07
INFO - 98 69 88 40 40 20 04 00
INFO - 98 6b 88 08 40 28 a2 28
INFO - 98 6b c8 20 40 28 1e 07
INFO - 98 6b 08 40 40 20 00 00
INFO - 98 6d 08 08 40 28 a2 28
INFO - 98 6d 48 20 40 28 1e 07
INFO - 98 6d 88 40 40 20 00 fd
INFO - 98 6f 88 08 40 28 a2 28
INFO - 98 6f c8 20 40 28 1e 07
INFO - 98 6f 08 40 40 23 f4 00
INFO - 98 71 08 08 40 28 a2 28
INFO - 98 71 48 20 40 28 1e 07
INFO - 98 71 88 40 40 20 00 00
INFO - 98 73 88 08 40 28 a2 28
INFO - 98 73 c8 20 40 28 1e 05
INFO - 98 73 08 40 40 20 00 00
INFO - 98 75 08 08 40 28 a2 28
INFO - 98 75 48 20 40 28 16 05
INFO - 98 75 88 40 40 20 00 00
INFO - 98 77 88 08 40 28 a2 28
INFO - 98 77 c8 20 40 28 16 07
INFO - 98 77 08 40 40 20 00 fc
INFO - 98 79 08 08 40 28 a2 28
INFO - 98 79 48 20 40 28 1e 07
INFO - 98 79 88 40 40 23 f0 01
INFO - 98 7b 88 08 40 28 a2 1d
INFO - 98 7b c8 20 40 28 1e 07
INFO - 98 7b 08 40 40 20 04 fd
INFO - 98 7d 08 08 40 28 76 09
INFO - 98 7d 48 20 40 28 1e 07
INFO - 98 7d 88 40 40 23 f4 00
INFO - 98 7f 88 08 40 28 26 09
INFO - 98 7f c8 20 40 28 1e 07
INFO - 98 7f 08 40 40 20 00 00
INFO - 98 81 08 08 40 28 26 09
INFO - 98 81 48 20 40 28 1e 07
INFO - 98 81 88 40 40 20 00 fc
INFO - 98 83 88 08 40 28 26 09
INFO - 98 83 c8 20 40 28 1e 07
INFO - 98 83 08 40 40 23 f0 01
INFO - 98 85 08 08 40 28 26 09
INFO - 98 85 48 20 40 28 1e 07
INFO - 98 85 88 40 40 20 04 00
INFO - 98 87 88 08 40 28 26 09
INFO - 98 87 c8 20 40 28 1e 07
INFO - 98 87 08 40 40 20 00 fc
INFO - 98 89 08 08 40 28 26 09
INFO - 98 89 48 20 40 28 1e 07
INFO - 98 89 88 40 40 23 f0 01
INFO - 98 8b 88 08 40 28 26 09
INFO - 98 8b c8 20 40 28 1e 07
INFO - 98 8b 08 40 40 20 04 00
INFO - 98 8d 08 08 40 28 26 09
INFO - 98 8d 48 20 40 28 1e 07
INFO - 98 8d 88 40 40 20 00 00
INFO - 98 8f 88 08 40 28 26 09
INFO - 98 8f c8 20 40 28 1e 07
INFO - 98 8f 08 40 40 20 00 00
INFO - 98 91 08 08 40 28 26 09
INFO - 98 91 48 20 40 28 1e 05
INFO - 98 91 88 40 40 20 00 00
INFO - 98 93 88 08 40 28 26 09
INFO - 98 93 c8 20 40 28 16 05
INFO - 98 93 08 40 40 20 00 fd
INFO - 98 95 08 08 40 28 26 09
INFO - 98 95 48 20 40 28 16 05
INFO - 98 95 88 40 40 23 f4 00
INFO - 98 97 88 08 40 28 26 09
INFO - 98 97 c8 20 40 28 16 05
INFO - 98 97 08 40 40 20 00 00
INFO - 98 99 08 08 40 28 26 09
INFO - 98 99 48 20 40 28 16 05
INFO - 98 99 88 40 40 20 00 00
INFO - 98 9b 88 08 40 28 26 09
INFO - 98 9b c8 20 40 28 16 07
INFO - 98 9b 08 40 40 20 00 fc
INFO - 98 9d 08 08 40 28 26 09
INFO - 98 9d 48 20 40 28 1e 07
INFO - 98 9d 88 40 40 23 f0 01
INFO - 98 9f 88 08 40 28 26 09
INFO - 98 9f c8 20 40 28 1e 07
INFO - 98 9f 08 40 40 20 04 00
INFO - 98 a1 08 08 40 28 26 09
INFO - 98 a1 48 20 40 28 1e 05
INFO - 98 a1 88 40 40 20 00 00
INFO - 98 a3 88 08 40 28 26 09
INFO - 98 a3 c8 20 40 28 16 05
INFO - 98 a3 08 40 40 20 00 fd
INFO - 98 a5 08 08 40 28 26 09
INFO - 98 a5 48 20 40 28 16 05
INFO - 98 a5 88 40 40 23 f4 00
INFO - 98 a7 88 08 40 28 26 09
INFO - 98 a7 c8 20 40 28 16 05
INFO - 98 a7 08 40 40 20 00 00
INFO - 98 a9 08 08 40 28 26 09
INFO - 98 a9 48 20 40 28 16 05
INFO - 98 a9 88 40 40 20 00 00
INFO - 98 ab 88 08 40 28 26 09
INFO - 98 ab c8 20 40 28 16 05
INFO - 98 ab 08 40 40 20 00 00
INFO - 98 ad 08 08 40 28 26 09
INFO - 98 ad 48 20 40 28 16 05
INFO - 98 ad 88 40 40 20 00 fc
INFO - 98 af 88 08 40 28 26 09
INFO - 98 af c8 20 40 28 16 05
INFO - 98 af 08 40 40 23 f0 01
INFO - 98 b1 08 08 40 28 26 09
INFO - 98 b1 48 20 40 28 16 03
INFO - 98 b1 88 40 40 20 04 fd
INFO - 98 b3 88 08 40 28 26 09
INFO - 98 b3 c8 20 40 28 0e 03
INFO - 98 b3 08 40 40 23 f4 00
INFO - 98 b5 08 08 40 28 26 09
INFO - 98 b5 48 20 40 28 0e 03
INFO - 98 b5 88 40 40 20 00 00
INFO - 98 b7 88 08 40 08 26 09
INFO - 98 b7 c8 20 40 08 0e 03
INFO - 98 b7 08 40 40 00 00 b1
INFO - ba f2 88 40 57 00 00 02
INFO - ba f2 c8 40 57 00 00 02
INFO - ba f2 08 40 57 00 00 02
INFO - ba f2 48 40 57 00 00 02
INFO - a1 b4 08 40 57 00 00 02
INFO - a1 b4 48 40 57 00 00 02
INFO - a1 b4 88 40 57 00 00 02
INFO - a1 b4 c8 40 57 00 00 02
