INFO - 40 00 48 00 f9 41 00 23
INFO - 41 18 88 00 f9 41 00 23
INFO - 43 25 c8 00 f9 41 00 23
INFO - 45 19 08 00 f9 41 00 23
INFO - 47 0d 48 00 f9 41 00 23
INFO - 48 af 88 00 f9 41 00 23
INFO - 49 29 c8 00 f9 41 00 23
INFO - 4a 38 08 00 f9 41 00 23
INFO - 4b 2b 48 00 f9 51 00 20
INFO - 4b 7b 88 00 f9 41 00 24
INFO - 4b ff c8 00 f9 51 00 20
INFO - 4c 10 08 00 f9 51 00 20
INFO - 4c 1d 48 00 f9 41 00 23
INFO - 4c 33 88 00 f9 41 00 23
INFO - 4c cf c8 00 f9 41 00 23
INFO - 4e 7f 08 00 f9 41 00 23
INFO - 4e b0 48 00 f9 51 00 20
INFO - 4e ce 88 00 f9 51 00 20
INFO - 4e e7 c8 00 f9 41 00 24
INFO - 4f 17 08 00 f9 41 00 24
INFO - 50 b6 48 00 f9 41 00 24
INFO - 52 b0 88 00 f9 41 00 24
INFO - 53 31 c8 00 f9 41 00 24
INFO - 53 cc 08 00 f9 51 00 20
INFO - 53 de 48 00 f9 51 00 20
INFO - 53 ee 88 00 f9 41 00 23
INFO - 54 70 c8 00 f9 41 00 23
INFO - 55 06 08 00 f9 51 00 20
INFO - 55 5d 48 00 f9 41 00 24
INFO - 56 13 88 00 f9 51 00 20
INFO - 56 22 c8 00 f9 51 00 20
INFO - 56 31 08 00 f9 41 00 23
INFO - 56 a9 48 00 f9 41 00 23
INFO - 57 19 88 00 f9 41 00 23
INFO - 59 03 c8 00 f9 41 00 23
INFO - 59 65 08 00 f9 41 00 23
INFO - 59 c8 48 00 f9 51 00 20
INFO - 59 d8 88 00 f9 51 00 20
INFO - 59 eb c8 00 f9 41 00 24
INFO - 5a 4d 08 00 f9 51 00 20
INFO - 5a 98 48 00 f9 41 00 23
INFO - 5b 01 88 00 f9 41 00 23
INFO - 5c f5 c8 00 f9 41 00 23
INFO - 5e ea 08 00 f9 41 00 23
INFO - 40 e1 48 00 f9 41 00 23
INFO - 41 db 88 00 f9 51 00 20
INFO - 42 1e c8 00 f9 59 00 00
INFO - 42 4f 08 00 f9 49 00 02
