INFO - a6 48 08 40 57 00 00 02
INFO - a6 48 48 40 57 00 00 02
INFO - a6 48 88 40 57 00 00 02
INFO - a6 48 c8 40 57 00 00 02
INFO - a8 fe 08 40 57 00 00 02
INFO - a8 fe 48 40 57 00 00 02
INFO - a8 fe 88 40 57 00 00 02
INFO - a8 fe c8 40 57 00 00 02
INFO - ad d2 88 40 57 00 00 02
INFO - ad d2 c8 40 57 00 00 02
INFO - ad d2 08 40 57 00 00 02
INFO - ad d2 48 40 57 00 00 02
INFO - ad d2 88 40 57 00 00 02
INFO - b1 9c c8 40 57 00 00 02
INFO - b1 9c 08 40 57 00 00 02
INFO - b1 9c 48 40 57 00 00 02
INFO - b1 9c 88 40 57 00 00 02
INFO - b1 9c c8 40 57 00 00 02
INFO - b2 96 c8 40 57 00 00 02
INFO - b2 96 08 40 57 00 00 02
INFO - b2 96 48 40 57 00 00 02
INFO - b2 96 88 40 57 00 00 02
INFO - b3 63 48 40 57 00 00 02
INFO - b3 63 88 40 57 00 00 02
INFO - b3 63 c8 40 57 00 00 02
INFO - b3 63 08 40 57 00 00 02
INFO - b8 f3 88 40 57 00 00 02
INFO - b8 f3 c8 40 57 00 00 02
INFO - b8 f3 08 40 57 00 00 02
INFO - b8 f3 48 40 57 00 00 02
