INFO - 40 00 49 00 f9 41 00 23
INFO - 40 4e 89 00 f9 41 00 23
INFO - 42 5a c9 00 f9 41 00 23
INFO - 44 4e 09 00 f9 41 00 23
INFO - 46 42 49 00 f9 41 00 23
INFO - 47 e5 89 00 f9 41 00 23
INFO - 48 5e c9 00 f9 41 00 23
INFO - 49 6d 09 00 f9 41 00 23
INFO - 4a 60 49 00 f9 51 00 20
INFO - 4a b0 89 00 f9 41 00 24
INFO - 4b 34 c9 00 f9 51 00 20
INFO - 4b 45 09 00 f9 51 00 20
INFO - 4b 53 49 00 f9 41 00 23
INFO - 4b 69 89 00 f9 41 00 23
INFO - 4c 04 c9 00 f9 41 00 23
INFO - 4d b4 09 00 f9 41 00 23
INFO - 4d e5 49 00 f9 51 00 20
INFO - 4e 03 89 00 f9 51 00 20
INFO - 4e 1c c9 00 f9 41 00 24
INFO - 4e 4c 09 00 f9 41 00 24
INFO - 4f ec 49 00 f9 41 00 24
INFO - 51 e5 89 00 f9 41 00 24
INFO - 52 67 c9 00 f9 41 00 24
INFO - 53 01 09 00 f9 51 00 20
INFO - 53 13 49 00 f9 51 00 20
INFO - 53 23 89 00 f9 41 00 23
INFO - 53 a5 c9 00 f9 41 00 23
INFO - 54 3c 09 00 f9 51 00 20
INFO - 54 93 49 00 f9 41 00 24
INFO - 55 48 89 00 f9 51 00 20
INFO - 55 57 c9 00 f9 51 00 20
INFO - 55 66 09 00 f9 41 00 23
INFO - 55 de 49 00 f9 41 00 23
INFO - 56 4f 89 00 f9 41 00 23
INFO - 58 38 c9 00 f9 41 00 23
INFO - 58 9a 09 00 f9 41 00 23
INFO - 58 fd 49 00 f9 51 00 20
INFO - 59 0d 89 00 f9 51 00 20
INFO - 59 20 c9 00 f9 41 00 24
INFO - 59 83 09 00 f9 51 00 20
INFO - 59 cd 49 00 f9 41 00 23
INFO - 5a 36 89 00 f9 41 00 23
INFO - 5c 2b c9 00 f9 41 00 23
INFO - 5e 1f 09 00 f9 41 00 23
INFO - 40 16 49 00 f9 41 00 23
