INFO - 20 00 4b 3c 00 0a 40 00
INFO - 20 07 8b 3c 00 0b 6a 00
INFO - 20 18 cb 3c 00 0a bf 00
INFO - 20 1b 0b 3c 00 0a ce 00
INFO - 20 1e 4b 3c 00 0a b4 00
INFO - 20 20 8b 3c 00 0a b3 00
INFO - 20 22 cb 3c 00 0a be 00
INFO - 20 22 0b 3c 00 0a be 00
INFO - 20 29 4b 3c 00 0a da 00
INFO - 20 29 8b 3c 00 0a da 00
INFO - 20 29 cb 3c 00 0a 4d 00
INFO - 20 2d 0b 3c 00 0a f4 00
INFO - 20 31 4b 3c 00 0b 10 00
INFO - 20 31 8b 3c 00 0b 10 00
INFO - 20 31 cb 3c 00 0b 10 00
INFO - 20 3b 0b 3c 00 0a c1 00
INFO - 20 3e 4b 3c 00 0a db 00
INFO - 20 3e 8b 3c 00 0a db 00
INFO - 20 42 cb 3c 00 0a 93 00
INFO - 20 43 0b 3c 00 0a 8d 00
INFO - 20 48 4b 3c 00 0b 2b 00
INFO - 20 4b 8b 3c 00 0a d9 00
INFO - 20 4e cb 3c 00 0a c4 00
INFO - 20 4e 0b 3c 00 0a c4 00
INFO - 20 4e 4b 3c 00 0a c4 00
INFO - 20 4e 8b 3c 00 0a c4 00
INFO - 20 59 cb 3c 00 0a c9 00
INFO - 20 59 0b 3c 00 0a c9 00
INFO - 20 5e 4b 3c 00 0a b5 00
INFO - 20 5f 8b 3c 00 0a 70 00
INFO - 20 63 cb 3c 00 0b 2c 00
INFO - 20 69 0b 3c 00 0b 45 00
INFO - 20 6c 4b 3c 00 0a f8 00
INFO - 20 6e 8b 3c 00 0a a9 00
INFO - 20 70 cb 3c 00 0a a7 00
INFO - 20 73 0b 3c 00 0a c5 00
INFO - 20 76 4b 3c 00 0a c0 00
INFO - 20 79 8b 3c 00 0a f9 00
INFO - 20 7d cb 3c 00 0a ee 00
INFO - 20 7f 0b 3c 00 0a c0 00
INFO - 20 81 4b 3c 00 0a 9e 00
INFO - 20 84 8b 3c 00 0a b6 00
INFO - 20 86 cb 3c 00 0a b6 00
INFO - 20 89 0b 3c 00 0a db 00
INFO - 20 8c 4b 3c 00 0a d3 00
INFO - 20 8f 8b 3c 00 0a cd 00
INFO - 20 92 cb 3c 00 0a c5 00
INFO - 20 95 0b 3c 00 0a cf 00
INFO - 20 99 4b 3c 00 0b 04 00
INFO - 20 9b 8b 3c 00 0a b3 00
INFO - 20 9e cb 3c 00 0a d2 00
INFO - 20 a1 0b 3c 00 0a d0 00
INFO - 20 a3 4b 3c 00 0a a8 00
INFO - 20 a5 8b 3c 00 0a b3 00
INFO - 20 a7 cb 3c 00 0a aa 00
INFO - 20 aa 0b 3c 00 0a c0 00
INFO - 20 ac 4b 3c 00 0a b8 00
INFO - 20 af 8b 3c 00 0a c2 00
INFO - 20 b2 cb 3c 00 0a d0 00
INFO - 20 b3 0b 3c 00 0a 8c 00
INFO - 20 b7 4b 3c 00 0a ea 00
INFO - 20 b8 8b 3c 00 0a 9d 00
INFO - 20 bb cb 3c 00 0a a9 00
INFO - 20 bd 0b 3c 00 0a a9 00
INFO - 20 bf 4b 3c 00 0a c0 00
INFO - 20 c3 8b 3c 00 0a e0 00
INFO - 20 c5 cb 3c 00 0a c1 00
INFO - 20 c8 0b 3c 00 0a c6 00
INFO - 20 cc 4b 3c 00 0a f8 00
INFO - 20 ce 8b 3c 00 0a c4 00
INFO - 20 d1 cb 3c 00 0a d1 00
INFO - 20 d3 0b 3c 00 0a b4 00
INFO - 20 d6 4b 3c 00 0a d3 00
INFO - 20 d9 8b 3c 00 0a b5 00
INFO - 20 dc cb 3c 00 0a e0 00
INFO - 20 df 0b 3c 00 0a c1 00
INFO - 20 e1 4b 3c 00 0a c6 00
INFO - 20 e3 8b 3c 00 0a a9 00
INFO - 20 e6 cb 3c 00 0a 81 00
INFO - 20 e9 0b 3c 00 0a c3 00
INFO - 20 eb 4b 3c 00 0a c1 00
INFO - 20 ee 8b 3c 00 0a b7 00
INFO - 20 ef cb 3c 00 0a 9c 00
INFO - 20 f2 0b 3c 00 0a c2 00
INFO - 20 f4 4b 3c 00 0a a8 00
INFO - 20 f7 8b 3c 00 0a da 00
INFO - 20 fb cb 3c 00 0a eb 00
INFO - 20 fc 0b 3c 00 0a 98 00
INFO - 20 ff 4b 3c 00 0a b6 00
INFO - 21 02 8b 3c 00 0a e5 00
INFO - 21 06 cb 3c 00 0a f6 00
INFO - 21 08 0b 3c 00 0a 9a 00
INFO - 21 0a 4b 3c 00 0a cd 00
INFO - 21 0c 8b 3c 00 0a a5 00
INFO - 21 0f cb 3c 00 0a a8 00
INFO - 21 11 0b 3c 00 0a cd 00
INFO - 21 14 4b 3c 00 0a d9 00
INFO - 21 19 8b 3c 00 0b 0a 00
INFO - 21 1b cb 3c 00 0a b3 00
INFO - 21 1e 0b 3c 00 0a d0 00
INFO - 21 20 4b 3c 00 0a a6 00
INFO - 21 22 8b 3c 00 0a be 00
INFO - 21 25 cb 3c 00 0a dc 00
INFO - 21 28 0b 3c 00 0a be 00
INFO - 21 2b 4b 3c 00 0a d0 00
INFO - 21 2d 8b 3c 00 0a 97 00
INFO - 21 2f cb 3c 00 0a d1 00
INFO - 21 34 0b 3c 00 0b 1b 00
INFO - 21 36 4b 3c 00 0a b4 00
INFO - 21 39 8b 3c 00 0a c1 00
INFO - 21 3b cb 3c 00 0a a8 00
INFO - 21 3d 0b 3c 00 0a a4 00
INFO - 21 40 4b 3c 00 0a df 00
INFO - 21 42 8b 3c 00 0a a7 00
INFO - 21 46 cb 3c 00 0a e9 00
INFO - 21 49 0b 3c 00 0a e9 00
INFO - 21 4b 4b 3c 00 0a 8e 00
INFO - 21 4e 8b 3c 00 0a d8 00
INFO - 21 50 cb 3c 00 0a ad 00
INFO - 21 53 0b 3c 00 0a d3 00
INFO - 21 56 4b 3c 00 0a d4 00
INFO - 21 59 8b 3c 00 0a c3 00
INFO - 21 5b cb 3c 00 0a aa 00
INFO - 21 5e 0b 3c 00 0a d8 00
INFO - 21 60 4b 3c 00 0a a1 00
INFO - 21 63 8b 3c 00 0a d1 00
INFO - 21 66 cb 3c 00 0a dd 00
INFO - 21 68 0b 3c 00 0a b2 00
INFO - 21 6b 4b 3c 00 0a b7 00
INFO - 21 6e 8b 3c 00 0a d5 00
INFO - 21 6f cb 3c 00 0a 9d 00
INFO - 21 71 0b 3c 00 0a 96 00
INFO - 21 75 4b 3c 00 0a eb 00
INFO - 21 77 8b 3c 00 0a b1 00
INFO - 21 7a cb 3c 00 0a de 00
INFO - 21 7c 0b 3c 00 0a a4 00
INFO - 21 7f 4b 3c 00 0a df 00
INFO - 21 82 8b 3c 00 0a cb 00
INFO - 21 85 cb 3c 00 0a be 00
INFO - 21 88 0b 3c 00 0a d7 00
INFO - 21 8a 4b 3c 00 0a bf 00
INFO - 21 8d 8b 3c 00 0a cb 00
INFO - 21 90 cb 3c 00 0a cd 00
INFO - 21 92 0b 3c 00 0a be 00
INFO - 21 96 4b 3c 00 0a fa 00
INFO - 21 99 8b 3c 00 0a db 00
INFO - 21 9c cb 3c 00 0a cb 00
INFO - 21 9f 0b 3c 00 0a c5 00
INFO - 21 a2 4b 3c 00 0a d4 00
INFO - 21 a4 8b 3c 00 0a af 00
INFO - 21 a6 cb 3c 00 0a b3 00
INFO - 21 a9 0b 3c 00 0a bf 00
INFO - 21 ac 4b 3c 00 0a cc 00
INFO - 21 af 8b 3c 00 0a e1 00
INFO - 21 b1 cb 3c 00 0a 7d 00
INFO - 21 b4 0b 3c 00 0a b3 00
INFO - 21 b6 4b 3c 00 0a b3 00
INFO - 21 b8 8b 3c 00 0a c1 00
INFO - 21 bb cb 3c 00 0a b0 00
INFO - 21 bd 0b 3c 00 0a a5 00
INFO - 21 c0 4b 3c 00 0a cc 00
INFO - 21 c1 8b 3c 00 0a 91 00
INFO - 21 c3 cb 3c 00 0a b3 00
INFO - 21 c7 0b 3c 00 0a ee 00
INFO - 21 cb 4b 3c 00 0b 03 00
INFO - 21 ce 8b 3c 00 0a e8 00
INFO - 21 d2 cb 3c 00 0a e9 00
INFO - 21 d5 0b 3c 00 0a d3 00
INFO - 21 d7 4b 3c 00 0a b7 00
INFO - 21 db 8b 3c 00 0b 09 00
INFO - 21 de cb 3c 00 0a e1 00
INFO - 21 e2 0b 3c 00 0a ed 00
INFO - 21 e6 4b 3c 00 0b 07 00
INFO - 21 e8 8b 3c 00 0a a9 00
INFO - 21 eb cb 3c 00 0a df 00
INFO - 21 ed 0b 3c 00 0a b1 00
INFO - 21 f0 4b 3c 00 0a cb 00
INFO - 21 f2 8b 3c 00 0a aa 00
INFO - 21 f5 cb 3c 00 0a b7 00
INFO - 21 f7 0b 3c 00 0a a3 00
INFO - 21 f9 4b 3c 00 0a bd 00
INFO - 21 fb 8b 3c 00 0a 9e 00
INFO - 21 fd cb 3c 00 0a bb 00
INFO - 22 00 0b 3c 00 0a cd 00
INFO - 22 02 4b 3c 00 0a 9b 00
INFO - 22 05 8b 3c 00 0a d0 00
INFO - 22 07 cb 3c 00 0a ab 00
INFO - 22 0b 0b 3c 00 0a ec 00
INFO - 22 0d 4b 3c 00 0a ae 00
INFO - 22 10 8b 3c 00 0a d8 00
INFO - 22 12 cb 3c 00 0a b8 00
INFO - 22 15 0b 3c 00 0a d1 00
INFO - 22 18 4b 3c 00 0a b5 00
INFO - 22 1a 8b 3c 00 0a ca 00
INFO - 22 1e cb 3c 00 0a df 00
INFO - 22 21 0b 3c 00 0a f4 00
INFO - 22 23 4b 3c 00 0a a3 00
INFO - 22 26 8b 3c 00 0a d7 00
INFO - 22 28 cb 3c 00 0a ab 00
INFO - 22 2b 0b 3c 00 0a b7 00
INFO - 22 2d 4b 3c 00 0a af 00
INFO - 22 30 8b 3c 00 0a cd 00
INFO - 22 33 cb 3c 00 0a d8 00
INFO - 22 36 0b 3c 00 0a cb 00
INFO - 22 38 4b 3c 00 0a b8 00
INFO - 22 3b 8b 3c 00 0a d3 00
INFO - 22 3d cb 3c 00 0a 87 00
INFO - 22 40 0b 3c 00 0a e8 00
INFO - 22 42 4b 3c 00 0a ab 00
INFO - 22 46 8b 3c 00 0a ec 00
INFO - 22 48 cb 3c 00 0a ba 00
INFO - 22 4b 0b 3c 00 0a cd 00
INFO - 22 4f 4b 3c 00 0a ee 00
INFO - 22 52 8b 3c 00 0a ed 00
INFO - 22 55 cb 3c 00 0a d4 00
INFO - 22 57 0b 3c 00 0a b0 00
INFO - 22 5a 4b 3c 00 0a d8 00
INFO - 22 5f 8b 3c 00 0a b3 00
INFO - 22 61 cb 3c 00 0a a5 00
INFO - 22 65 0b 3c 00 0a db 00
INFO - 22 67 4b 3c 00 0a a4 00
INFO - 22 6a 8b 3c 00 0a f7 00
INFO - 22 6d cb 3c 00 0a b9 00
INFO - 22 6f 0b 3c 00 0a c5 00
INFO - 22 72 4b 3c 00 0a b3 00
INFO - 22 74 8b 3c 00 0a c0 00
INFO - 22 76 cb 3c 00 0a 98 00
INFO - 22 79 0b 3c 00 0a c1 00
INFO - 22 7b 4b 3c 00 0a b1 00
INFO - 22 7d 8b 3c 00 0a a7 00
INFO - 22 7f cb 3c 00 0a b8 00
INFO - 22 82 0b 3c 00 0a bf 00
INFO - 22 85 4b 3c 00 0a 91 00
INFO - 22 87 8b 3c 00 0a a7 00
INFO - 22 8a cb 3c 00 0a e0 00
INFO - 22 8d 0b 3c 00 0a b9 00
INFO - 22 90 4b 3c 00 0a c7 00
INFO - 22 92 8b 3c 00 0a a5 00
INFO - 22 9b cb 3c 00 0b fe 00
INFO - 22 9d 0b 3c 00 0a b1 00
INFO - 22 a0 4b 3c 00 0a cd 00
INFO - 22 a3 8b 3c 00 0a cc 00
INFO - 22 a5 cb 3c 00 0a bc 00
INFO - 22 a8 0b 3c 00 0a bf 00
INFO - 22 ab 4b 3c 00 0a ca 00
INFO - 22 ad 8b 3c 00 0a b2 00
INFO - 22 b0 cb 3c 00 0a d0 00
INFO - 22 b2 0b 3c 00 0a a3 00
INFO - 22 b5 4b 3c 00 0a d8 00
INFO - 22 b7 8b 3c 00 0a 94 00
INFO - 22 ba cb 3c 00 0a e6 00
INFO - 22 bd 0b 3c 00 0a d0 00
INFO - 22 c0 4b 3c 00 0a c2 00
INFO - 22 c2 8b 3c 00 0a bd 00
INFO - 22 c5 cb 3c 00 0a bd 00
INFO - 22 c6 0b 3c 00 0a a1 00
INFO - 22 c9 4b 3c 00 0a ca 00
INFO - 22 cc 8b 3c 00 0a c1 00
INFO - 22 ce cb 3c 00 0a 95 00
INFO - 22 d1 0b 3c 00 0a d2 00
INFO - 22 d3 4b 3c 00 0a d2 00
INFO - 22 d6 8b 3c 00 0a c4 00
INFO - 22 da cb 3c 00 0b 0f 00
INFO - 22 dc 0b 3c 00 0a a9 00
INFO - 22 df 4b 3c 00 0a c2 00
INFO - 22 e2 8b 3c 00 0a c8 00
INFO - 22 e5 cb 3c 00 0a d7 00
INFO - 22 e7 0b 3c 00 0a bd 00
INFO - 22 ea 4b 3c 00 0a d6 00
INFO - 22 ed 8b 3c 00 0a b5 00
INFO - 22 f0 cb 3c 00 0a de 00
INFO - 22 f2 0b 3c 00 0a 93 00
INFO - 22 f5 4b 3c 00 0a f0 00
INFO - 22 f8 8b 3c 00 0a da 00
INFO - 22 fb cb 3c 00 0a d1 00
INFO - 22 fd 0b 3c 00 0a 97 00
INFO - 22 ff 4b 3c 00 0a af 00
INFO - 23 02 8b 3c 00 0a b8 00
INFO - 23 06 cb 3c 00 0b 05 00
INFO - 23 09 0b 3c 00 0a ff 00
INFO - 23 0c 4b 3c 00 0a c9 00
INFO - 23 0e 8b 3c 00 0a b1 00
INFO - 23 11 cb 3c 00 0a b7 00
INFO - 23 13 0b 3c 00 0a bd 00
INFO - 23 15 4b 3c 00 0a a4 00
INFO - 23 18 8b 3c 00 0a b2 00
INFO - 23 1a cb 3c 00 0a cb 00
INFO - 23 1e 0b 3c 00 0a f2 00
INFO - 23 21 4b 3c 00 0a 83 00
INFO - 23 24 8b 3c 00 0a f1 00
INFO - 23 27 cb 3c 00 0a cb 00
INFO - 23 2a 0b 3c 00 0a e5 00
INFO - 23 2d 4b 3c 00 0a b1 00
INFO - 23 2f 8b 3c 00 0a be 00
INFO - 23 31 cb 3c 00 0a 95 00
INFO - 23 34 0b 3c 00 0a d9 00
INFO - 23 36 4b 3c 00 0a be 00
INFO - 23 39 8b 3c 00 0a bc 00
INFO - 23 3c cb 3c 00 0a d9 00
INFO - 23 3f 0b 3c 00 0a e5 00
INFO - 23 42 4b 3c 00 0a ca 00
INFO - 23 46 8b 3c 00 0b 0e 00
INFO - 23 49 cb 3c 00 0a c3 00
INFO - 23 4c 0b 3c 00 0a d9 00
INFO - 23 4f 4b 3c 00 0a ca 00
INFO - 23 52 8b 3c 00 0a f1 00
INFO - 23 55 cb 3c 00 0a be 00
INFO - 23 57 0b 3c 00 0a a3 00
INFO - 23 5a 4b 3c 00 0a e0 00
INFO - 23 5d 8b 3c 00 0a ec 00
INFO - 23 5f cb 3c 00 0a a4 00
INFO - 23 62 0b 3c 00 0a bd 00
INFO - 23 64 4b 3c 00 0a b7 00
INFO - 23 67 8b 3c 00 0a d2 00
INFO - 23 6a cb 3c 00 0a d3 00
INFO - 23 6e 0b 3c 00 0a ec 00
INFO - 23 6f 4b 3c 00 0a 96 00
INFO - 23 72 8b 3c 00 0a d8 00
INFO - 23 75 cb 3c 00 0a c0 00
INFO - 23 78 0b 3c 00 0a e4 00
INFO - 23 7c 4b 3c 00 0a e8 00
INFO - 23 7e 8b 3c 00 0a c7 00
INFO - 23 81 cb 3c 00 0a ae 00
INFO - 23 83 0b 3c 00 0a b7 00
INFO - 23 85 4b 3c 00 0a a6 00
INFO - 23 88 8b 3c 00 0a c8 00
INFO - 23 8c cb 3c 00 0a fa 00
INFO - 23 8e 0b 3c 00 0a c5 00
INFO - 23 90 4b 3c 00 0a a5 00
INFO - 23 93 8b 3c 00 0a c8 00
INFO - 23 95 cb 3c 00 0a a7 00
INFO - 23 97 0b 3c 00 0a ad 00
INFO - 23 9a 4b 3c 00 0a ce 00
INFO - 23 9d 8b 3c 00 0a ba 00
INFO - 23 9f cb 3c 00 0a a5 00
INFO - 23 a1 0b 3c 00 0a c8 00
INFO - 23 a4 4b 3c 00 0a c3 00
INFO - 23 a8 8b 3c 00 0a f9 00
INFO - 23 ac cb 3c 00 0b 05 00
INFO - 23 ae 0b 3c 00 0a c3 00
INFO - 23 b0 4b 3c 00 0a 8c 00
INFO - 23 b2 8b 3c 00 0a b9 00
INFO - 23 b5 cb 3c 00 0a b3 00
INFO - 23 b7 0b 3c 00 0a c5 00
INFO - 23 ba 4b 3c 00 0a ce 00
INFO - 23 bc 8b 3c 00 0a 9e 00
INFO - 23 be cb 3c 00 0a b5 00
INFO - 23 c0 0b 3c 00 0a ab 00
INFO - 23 c3 4b 3c 00 0a b6 00
INFO - 23 c5 8b 3c 00 0a a7 00
INFO - 23 c7 cb 3c 00 0a b9 00
INFO - 23 c9 0b 3c 00 0a a9 00
INFO - 23 cb 4b 3c 00 0a 9a 00
INFO - 23 ce 8b 3c 00 0a c6 00
INFO - 23 d0 cb 3c 00 0a 9a 00
INFO - 23 d2 0b 3c 00 0a b9 00
INFO - 23 d4 4b 3c 00 0a 9c 00
INFO - 23 d6 8b 3c 00 0a b7 00
INFO - 23 da cb 3c 00 0a eb 00
INFO - 23 dd 0b 3c 00 0a ec 00
INFO - 23 e0 4b 3c 00 0a 89 00
INFO - 23 e3 8b 3c 00 0a b7 00
INFO - 23 e6 cb 3c 00 0a dc 00
INFO - 23 eb 0b 3c 00 0b 2f 00
INFO - 23 ee 4b 3c 00 0a ee 00
INFO - 23 f0 8b 3c 00 0a 9e 00
INFO - 23 f3 cb 3c 00 0a c5 00
INFO - 23 f5 0b 3c 00 0a b6 00
INFO - 23 f8 4b 3c 00 0a d4 00
INFO - 23 fd 8b 3c 00 0b 2f 00
INFO - 23 ff cb 3c 00 0a b6 00
INFO - 24 02 0b 3c 00 0a bb 00
INFO - 24 04 4b 3c 00 0a c5 00
INFO - 24 07 8b 3c 00 0a b8 00
INFO - 24 0a cb 3c 00 0a d0 00
INFO - 24 0c 0b 3c 00 0a c8 00
INFO - 24 0f 4b 3c 00 0a b6 00
INFO - 24 11 8b 3c 00 0a c8 00
INFO - 24 15 cb 3c 00 0a f9 00
INFO - 24 18 0b 3c 00 0a c8 00
INFO - 24 1a 4b 3c 00 0a b6 00
INFO - 24 1e 8b 3c 00 0a e3 00
INFO - 24 1f cb 3c 00 0a 9c 00
INFO - 24 22 0b 3c 00 0a ad 00
INFO - 24 24 4b 3c 00 0a c6 00
INFO - 24 29 8b 3c 00 0b 15 00
INFO - 24 2b cb 3c 00 0a bb 00
INFO - 24 2f 0b 3c 00 0a ee 00
INFO - 24 31 4b 3c 00 0a ad 00
INFO - 24 34 8b 3c 00 0a e2 00
INFO - 24 37 cb 3c 00 0a d4 00
INFO - 24 39 0b 3c 00 0a ba 00
INFO - 24 3c 4b 3c 00 0a d3 00
INFO - 24 3f 8b 3c 00 0a d5 00
INFO - 24 42 cb 3c 00 0a ca 00
INFO - 24 45 0b 3c 00 0a e3 00
INFO - 24 48 4b 3c 00 0a ad 00
INFO - 24 4b 8b 3c 00 0a f0 00
INFO - 24 4e cb 3c 00 0a c8 00
INFO - 24 51 0b 3c 00 0a c9 00
INFO - 24 53 4b 3c 00 0a bb 00
INFO - 24 56 8b 3c 00 0a c7 00
INFO - 24 59 cb 3c 00 0a f2 00
INFO - 24 5d 0b 3c 00 0a e6 00
INFO - 24 5f 4b 3c 00 0a ba 00
INFO - 24 62 8b 3c 00 0a ca 00
INFO - 24 65 cb 3c 00 0a d6 00
INFO - 24 68 0b 3c 00 0a cb 00
INFO - 24 6a 4b 3c 00 0a bc 00
INFO - 24 6d 8b 3c 00 0a ba 00
INFO - 24 70 cb 3c 00 0a cb 00
INFO - 24 73 0b 3c 00 0a d8 00
INFO - 24 76 4b 3c 00 0a f2 00
INFO - 24 79 8b 3c 00 0a da 00
INFO - 24 7c cb 3c 00 0a d6 00
INFO - 24 7f 0b 3c 00 0a b1 00
INFO - 24 82 4b 3c 00 0a e4 00
INFO - 24 84 8b 3c 00 0a bf 00
INFO - 24 87 cb 3c 00 0a bb 00
INFO - 24 8a 0b 3c 00 0a 8d 00
INFO - 24 8d 4b 3c 00 0a d9 00
INFO - 24 8f 8b 3c 00 0a a2 00
INFO - 24 92 cb 3c 00 0a ca 00
INFO - 24 94 0b 3c 00 0a bf 00
INFO - 24 97 4b 3c 00 0a d7 00
INFO - 24 99 8b 3c 00 0a a4 00
INFO - 24 9d cb 3c 00 0a f5 00
INFO - 24 9f 0b 3c 00 0a b0 00
INFO - 24 a2 4b 3c 00 0a bc 00
INFO - 24 a5 8b 3c 00 0a ce 00
INFO - 24 a8 cb 3c 00 0a d4 00
INFO - 24 ab 0b 3c 00 0a cd 00
INFO - 24 ad 4b 3c 00 0a ca 00
INFO - 24 b0 8b 3c 00 0a c0 00
INFO - 24 b3 cb 3c 00 0a f3 00
INFO - 24 b6 0b 3c 00 0a cd 00
INFO - 24 ba 4b 3c 00 0a e5 00
INFO - 24 bc 8b 3c 00 0a b2 00
INFO - 24 bf cb 3c 00 0a cb 00
INFO - 24 c3 0b 3c 00 0b 02 00
INFO - 24 c5 4b 3c 00 0a b1 00
INFO - 24 c9 8b 3c 00 0a f6 00
INFO - 24 cb cb 3c 00 0a be 00
INFO - 24 ce 0b 3c 00 0a d7 00
INFO - 24 d1 4b 3c 00 0a cd 00
INFO - 24 d4 8b 3c 00 0a ca 00
INFO - 24 d7 cb 3c 00 0a f5 00
INFO - 24 da 0b 3c 00 0a ca 00
INFO - 24 dd 4b 3c 00 0a ca 00
INFO - 24 e0 8b 3c 00 0a db 00
INFO - 24 e2 cb 3c 00 0a 92 00
INFO - 24 e6 0b 3c 00 0b 22 00
INFO - 24 e9 4b 3c 00 0a cc 00
INFO - 24 ed 8b 3c 00 0b 02 00
INFO - 24 f1 cb 3c 00 0b 12 00
INFO - 24 f4 0b 3c 00 0a bf 00
INFO - 24 f8 4b 3c 00 0b 11 00
INFO - 24 fb 8b 3c 00 0a e9 00
INFO - 24 fe cb 3c 00 0a bf 00
INFO - 25 00 0b 3c 00 0a a1 00
INFO - 25 03 4b 3c 00 0a cd 00
INFO - 25 05 8b 3c 00 0a bf 00
INFO - 25 08 cb 3c 00 0a d9 00
INFO - 25 0b 0b 3c 00 0a b1 00
INFO - 25 0d 4b 3c 00 0a bf 00
INFO - 25 10 8b 3c 00 0a 8a 00
INFO - 25 12 cb 3c 00 0a af 00
INFO - 25 15 0b 3c 00 0a da 00
INFO - 25 17 4b 3c 00 0a b1 00
INFO - 25 19 8b 3c 00 0a 94 00
INFO - 25 1b cb 3c 00 0a b0 00
INFO - 25 1e 0b 3c 00 0a cd 00
INFO - 25 21 4b 3c 00 0a e8 00
INFO - 25 24 8b 3c 00 0a d9 00
INFO - 25 28 cb 3c 00 0a f5 00
INFO - 25 2a 0b 3c 00 0a b0 00
INFO - 25 2c 4b 3c 00 0a a2 00
INFO - 25 2f 8b 3c 00 0a bd 00
INFO - 25 31 cb 3c 00 0a ae 00
INFO - 25 34 0b 3c 00 0a d9 00
INFO - 25 36 4b 3c 00 0a b0 00
INFO - 25 39 8b 3c 00 0a cb 00
INFO - 25 3b cb 3c 00 0a a0 00
INFO - 25 3e 0b 3c 00 0a b9 00
INFO - 25 40 4b 3c 00 0a a6 00
INFO - 25 42 8b 3c 00 0a bb 00
INFO - 25 45 cb 3c 00 0a cc 00
INFO - 25 47 0b 3c 00 0a ae 00
INFO - 25 4a 4b 3c 00 0a bd 00
INFO - 25 4c 8b 3c 00 0a ae 00
INFO - 25 4e cb 3c 00 0a af 00
INFO - 25 51 0b 3c 00 0a b0 00
INFO - 25 53 4b 3c 00 0a ad 00
INFO - 25 56 8b 3c 00 0a da 00
INFO - 25 59 cb 3c 00 0a d9 00
INFO - 25 5d 0b 3c 00 0b 00 00
INFO - 25 60 4b 3c 00 0a f6 00
INFO - 25 64 8b 3c 00 0a f2 00
INFO - 25 6e cb 3c 00 0b fe 00
INFO - 25 70 0b 3c 00 0a bc 00
INFO - 25 72 4b 3c 00 0a a3 00
INFO - 25 75 8b 3c 00 0a d6 00
INFO - 25 77 cb 3c 00 0a a3 00
INFO - 25 7a 0b 3c 00 0a ba 00
INFO - 25 7d 4b 3c 00 0a e8 00
INFO - 25 7f 8b 3c 00 0a ac 00
INFO - 25 82 cb 3c 00 0a cd 00
INFO - 25 84 0b 3c 00 0a b9 00
INFO - 25 87 4b 3c 00 0a cd 00
INFO - 25 8a 8b 3c 00 0a c8 00
INFO - 25 8d cb 3c 00 0a cb 00
INFO - 25 8e 0b 3c 00 0a 93 00
INFO - 25 93 4b 3c 00 0b 1d 00
INFO - 25 95 8b 3c 00 0a a3 00
INFO - 25 98 cb 3c 00 0a f2 00
INFO - 25 9b 0b 3c 00 0a b1 00
INFO - 25 9d 4b 3c 00 0a b9 00
INFO - 25 9f 8b 3c 00 0a af 00
INFO - 25 a4 cb 3c 00 0b 0f 00
INFO - 25 a6 0b 3c 00 0a ae 00
INFO - 25 a9 4b 3c 00 0a cc 00
INFO - 25 ac 8b 3c 00 0a d9 00
INFO - 25 af cb 3c 00 0a e3 00
INFO - 25 b2 0b 3c 00 0a e9 00
INFO - 25 b4 4b 3c 00 0a ab 00
INFO - 25 b7 8b 3c 00 0a c0 00
INFO - 25 ba cb 3c 00 0a c8 00
INFO - 25 bc 0b 3c 00 0a bf 00
INFO - 25 bf 4b 3c 00 0a b9 00
INFO - 25 c1 8b 3c 00 0a b2 00
INFO - 25 c5 cb 3c 00 0b 1a 00
INFO - 25 c8 0b 3c 00 0a b1 00
INFO - 25 ca 4b 3c 00 0a c7 00
INFO - 25 cd 8b 3c 00 0a bc 00
INFO - 25 d1 cb 3c 00 0a f5 00
INFO - 25 d3 0b 3c 00 0a b9 00
INFO - 25 d6 4b 3c 00 0a db 00
INFO - 25 d9 8b 3c 00 0a c7 00
INFO - 25 db cb 3c 00 0a a7 00
INFO - 25 dd 0b 3c 00 0a ad 00
INFO - 25 e0 4b 3c 00 0a be 00
INFO - 25 e2 8b 3c 00 0a b8 00
INFO - 25 e5 cb 3c 00 0a be 00
INFO - 25 e8 0b 3c 00 0a e2 00
INFO - 25 eb 4b 3c 00 0a d6 00
INFO - 25 ed 8b 3c 00 0a ad 00
INFO - 25 f0 cb 3c 00 0a cc 00
INFO - 25 f3 0b 3c 00 0a d6 00
INFO - 25 f6 4b 3c 00 0a d3 00
INFO - 25 f8 8b 3c 00 0a ae 00
INFO - 25 fb cb 3c 00 0a ba 00
INFO - 25 fe 0b 3c 00 0a d8 00
INFO - 26 01 4b 3c 00 0a d3 00
INFO - 26 02 8b 3c 00 0a 92 00
INFO - 26 06 cb 3c 00 0a fe 00
INFO - 26 0a 0b 3c 00 0a f3 00
INFO - 26 0c 4b 3c 00 0a c5 00
INFO - 26 0f 8b 3c 00 0a c8 00
INFO - 26 11 cb 3c 00 0a ba 00
INFO - 26 14 0b 3c 00 0a b0 00
INFO - 26 17 4b 3c 00 0a e3 00
INFO - 26 19 8b 3c 00 0a b7 00
INFO - 26 1c cb 3c 00 0a c7 00
INFO - 26 1f 0b 3c 00 0a c7 00
INFO - 26 22 4b 3c 00 0a f3 00
INFO - 26 26 8b 3c 00 0a df 00
INFO - 26 28 cb 3c 00 0a c9 00
INFO - 26 2c 0b 3c 00 0a fa 00
INFO - 26 2e 4b 3c 00 0a af 00
INFO - 26 32 8b 3c 00 0a ef 00
INFO - 26 34 cb 3c 00 0a a8 00
INFO - 26 36 0b 3c 00 0a ba 00
INFO - 26 39 4b 3c 00 0a ac 00
INFO - 26 3c 8b 3c 00 0a ff 00
INFO - 26 3f cb 3c 00 0a d1 00
INFO - 26 42 0b 3c 00 0a bc 00
INFO - 26 44 4b 3c 00 0a b6 00
INFO - 26 47 8b 3c 00 0a c9 00
INFO - 26 49 cb 3c 00 0a 9b 00
INFO - 26 4d 0b 3c 00 0b 0d 00
INFO - 26 50 4b 3c 00 0a d0 00
INFO - 26 52 8b 3c 00 0a b9 00
INFO - 26 54 cb 3c 00 0a a0 00
INFO - 26 58 0b 3c 00 0a eb 00
INFO - 26 5a 4b 3c 00 0a af 00
INFO - 26 5d 8b 3c 00 0a d3 00
INFO - 26 5f cb 3c 00 0a a8 00
INFO - 26 63 0b 3c 00 0a fe 00
INFO - 26 65 4b 3c 00 0a b5 00
INFO - 26 67 8b 3c 00 0a b9 00
INFO - 26 6a cb 3c 00 0a bb 00
INFO - 26 6d 0b 3c 00 0a cf 00
INFO - 26 6f 4b 3c 00 0a c8 00
INFO - 26 76 8b 3c 00 0a bb 00
INFO - 26 79 cb 3c 00 0a b5 00
INFO - 26 7b 0b 3c 00 0a b8 00
INFO - 26 7d 4b 3c 00 0a aa 00
INFO - 26 7f 8b 3c 00 0a 93 00
INFO - 26 81 cb 3c 00 0a 9d 00
INFO - 26 84 0b 3c 00 0a ea 00
INFO - 26 87 4b 3c 00 0a ec 00
INFO - 26 8a 8b 3c 00 0a c8 00
INFO - 26 8d cb 3c 00 0a dc 00
INFO - 26 90 0b 3c 00 0a 84 00
INFO - 26 93 4b 3c 00 0a dc 00
INFO - 26 96 8b 3c 00 0a d5 00
INFO - 26 99 cb 3c 00 0a cf 00
INFO - 26 9d 0b 3c 00 0a fa 00
INFO - 26 a0 4b 3c 00 0a e0 00
INFO - 26 a3 8b 3c 00 0a c9 00
INFO - 26 a5 cb 3c 00 0a 9c 00
INFO - 26 a7 0b 3c 00 0a c5 00
INFO - 26 aa 4b 3c 00 0a c2 00
INFO - 26 ad 8b 3c 00 0a e3 00
INFO - 26 af cb 3c 00 0a 8d 00
INFO - 26 b1 0b 3c 00 0a ad 00
INFO - 26 b3 4b 3c 00 0a a8 00
INFO - 26 b5 8b 3c 00 0a b8 00
INFO - 26 b8 cb 3c 00 0a ad 00
INFO - 26 ba 0b 3c 00 0a b5 00
INFO - 26 bc 4b 3c 00 0a 9d 00
INFO - 26 be 8b 3c 00 0a ae 00
INFO - 26 c0 cb 3c 00 0a a7 00
INFO - 26 c3 0b 3c 00 0a d3 00
INFO - 26 c5 4b 3c 00 0a ab 00
INFO - 26 c8 8b 3c 00 0a d6 00
INFO - 26 ca cb 3c 00 0a b4 00
INFO - 26 d2 0b 3c 00 0b b8 00
INFO - 26 d5 4b 3c 00 0a c1 00
INFO - 26 d8 8b 3c 00 0a f0 00
INFO - 26 db cb 3c 00 0a c5 00
INFO - 26 de 0b 3c 00 0a e9 00
INFO - 26 e4 4b 3c 00 0b 3e 00
INFO - 26 e6 8b 3c 00 0a 75 00
INFO - 26 e8 cb 3c 00 0a ad 00
INFO - 26 ea 0b 3c 00 0a a8 00
INFO - 26 ed 4b 3c 00 0a c5 00
INFO - 26 ef 8b 3c 00 0a aa 00
INFO - 26 f2 cb 3c 00 0a c8 00
INFO - 26 f4 0b 3c 00 0a c1 00
INFO - 26 f6 4b 3c 00 0a 9e 00
INFO - 26 f9 8b 3c 00 0a d2 00
INFO - 26 fc cb 3c 00 0a d1 00
INFO - 26 ff 0b 3c 00 0a df 00
INFO - 27 01 4b 3c 00 0a aa 00
INFO - 27 04 8b 3c 00 0a c4 00
INFO - 27 06 cb 3c 00 0a b7 00
INFO - 27 09 0b 3c 00 0a d1 00
INFO - 27 0c 4b 3c 00 0a b6 00
INFO - 27 0e 8b 3c 00 0a b6 00
INFO - 27 10 cb 3c 00 0a b7 00
INFO - 27 14 0b 3c 00 0a f8 00
INFO - 27 18 4b 3c 00 0a eb 00
INFO - 27 1a 8b 3c 00 0a b6 00
INFO - 27 1d cb 3c 00 0a c4 00
INFO - 27 1f 0b 3c 00 0a a8 00
INFO - 27 22 4b 3c 00 0a e0 00
INFO - 27 25 8b 3c 00 0a ce 00
INFO - 27 27 cb 3c 00 0a 9e 00
INFO - 27 29 0b 3c 00 0a b4 00
INFO - 27 2c 4b 3c 00 0a d0 00
INFO - 27 30 8b 3c 00 0a f8 00
INFO - 27 32 cb 3c 00 0a c5 00
INFO - 27 36 0b 3c 00 0a e7 00
INFO - 27 37 4b 3c 00 0a 9e 00
INFO - 27 3a 8b 3c 00 0a b3 00
INFO - 27 3d cb 3c 00 0a e0 00
INFO - 27 3f 0b 3c 00 0a a5 00
INFO - 27 41 4b 3c 00 0a b6 00
INFO - 27 43 8b 3c 00 0a 9e 00
INFO - 27 48 cb 3c 00 0b 11 00
INFO - 27 4a 0b 3c 00 0a cc 00
INFO - 27 4e 4b 3c 00 0a e0 00
INFO - 27 4f 8b 3c 00 0a 99 00
INFO - 27 52 cb 3c 00 0a e0 00
INFO - 27 54 0b 3c 00 0a 8e 00
INFO - 27 57 4b 3c 00 0a c3 00
INFO - 27 59 8b 3c 00 0a b3 00
INFO - 27 5c cb 3c 00 0a cf 00
INFO - 27 5e 0b 3c 00 0a b9 00
INFO - 27 62 4b 3c 00 0a f5 00
INFO - 27 65 8b 3c 00 0a d4 00
INFO - 27 67 cb 3c 00 0a b4 00
INFO - 27 6a 0b 3c 00 0a b6 00
INFO - 27 6c 4b 3c 00 0a ba 00
INFO - 27 6f 8b 3c 00 0a d1 00
INFO - 27 71 cb 3c 00 0a a6 00
INFO - 27 73 0b 3c 00 0a ae 00
INFO - 27 75 4b 3c 00 0a a6 00
INFO - 27 78 8b 3c 00 0a b8 00
INFO - 27 7a cb 3c 00 0a ac 00
INFO - 27 7c 0b 3c 00 0a b4 00
INFO - 27 7e 4b 3c 00 0a ad 00
INFO - 27 81 8b 3c 00 0a dc 00
INFO - 27 84 cb 3c 00 0a ad 00
INFO - 27 87 0b 3c 00 0a df 00
INFO - 27 89 4b 3c 00 0a 9a 00
INFO - 27 8c 8b 3c 00 0a eb 00
INFO - 27 8f cb 3c 00 0a b7 00
INFO - 27 92 0b 3c 00 0a de 00
INFO - 27 95 4b 3c 00 0a d2 00
INFO - 27 98 8b 3c 00 0a d2 00
INFO - 27 9b cb 3c 00 0a f9 00
INFO - 27 9e 0b 3c 00 0a d1 00
INFO - 27 a2 4b 3c 00 0a eb 00
INFO - 27 a4 8b 3c 00 0a b7 00
INFO - 27 a7 cb 3c 00 0a c6 00
INFO - 27 aa 0b 3c 00 0a da 00
INFO - 27 ad 4b 3c 00 0a e1 00
INFO - 27 b1 8b 3c 00 0a f5 00
INFO - 27 b3 cb 3c 00 0a ac 00
INFO - 27 b5 0b 3c 00 0a 99 00
INFO - 27 b7 4b 3c 00 0a c3 00
INFO - 27 b9 8b 3c 00 0a ac 00
INFO - 27 bd cb 3c 00 0a db 00
INFO - 27 be 0b 3c 00 0a 9e 00
INFO - 27 c1 4b 3c 00 0a b3 00
INFO - 27 c3 8b 3c 00 0a b9 00
INFO - 27 c7 cb 3c 00 0a f7 00
INFO - 27 c9 0b 3c 00 0a c1 00
INFO - 27 cc 4b 3c 00 0a d0 00
INFO - 27 d0 8b 3c 00 0a f7 00
INFO - 27 d2 cb 3c 00 0a 9e 00
INFO - 27 d4 0b 3c 00 0a b4 00
INFO - 27 d7 4b 3c 00 0a b9 00
INFO - 27 d9 8b 3c 00 0a a5 00
INFO - 27 db cb 3c 00 0a c6 00
INFO - 27 de 0b 3c 00 0a c0 00
INFO - 27 e2 4b 3c 00 0a fa 00
INFO - 27 e4 8b 3c 00 0a a6 00
INFO - 27 e7 cb 3c 00 0a fa 00
INFO - 27 ea 0b 3c 00 0a bf 00
INFO - 27 ee 4b 3c 00 0a f9 00
INFO - 27 f0 8b 3c 00 0a c0 00
INFO - 27 f2 cb 3c 00 0a 9e 00
INFO - 27 f4 0b 3c 00 0a 8c 00
INFO - 27 f6 4b 3c 00 0a c2 00
INFO - 27 f8 8b 3c 00 0a aa 00
INFO - 27 fb cb 3c 00 0a bf 00
INFO - 27 fd 0b 3c 00 0a aa 00
INFO - 28 01 4b 3c 00 0a ff 00
INFO - 28 04 8b 3c 00 0a dd 00
INFO - 28 06 cb 3c 00 0a a4 00
INFO - 28 08 0b 3c 00 0a a9 00
INFO - 28 0b 4b 3c 00 0a bd 00
INFO - 28 0d 8b 3c 00 0a 9d 00
INFO - 28 0f cb 3c 00 0a 85 00
INFO - 28 11 0b 3c 00 0a a7 00
INFO - 28 14 4b 3c 00 0a c2 00
INFO - 28 16 8b 3c 00 0a a3 00
INFO - 28 18 cb 3c 00 0a 9b 00
INFO - 28 1b 0b 3c 00 0a e2 00
INFO - 28 1e 4b 3c 00 0a cf 00
INFO - 28 21 8b 3c 00 0a d5 00
INFO - 28 24 cb 3c 00 0a e6 00
INFO - 28 26 0b 3c 00 0a 95 00
INFO - 28 28 4b 3c 00 0a b3 00
INFO - 28 2a 8b 3c 00 0a 89 00
INFO - 28 2c cb 3c 00 0a b1 00
INFO - 28 2e 0b 3c 00 0a a4 00
INFO - 28 30 4b 3c 00 0a b3 00
INFO - 28 37 8b 3c 00 0b 9d 00
INFO - 28 3a cb 3c 00 0a b0 00
INFO - 28 3c 0b 3c 00 0a c6 00
INFO - 28 40 4b 3c 00 0a f0 00
INFO - 28 42 8b 3c 00 0a a0 00
INFO - 28 44 cb 3c 00 0a af 00
INFO - 28 46 0b 3c 00 0a b2 00
INFO - 28 49 4b 3c 00 0a c4 00
INFO - 28 4d 8b 3c 00 0b 11 00
INFO - 28 50 cb 3c 00 0a ca 00
INFO - 28 51 0b 3c 00 0a 89 00
INFO - 28 54 4b 3c 00 0a ba 00
INFO - 28 56 8b 3c 00 0a ab 00
INFO - 28 58 cb 3c 00 0a a1 00
INFO - 28 5a 0b 3c 00 0a b0 00
INFO - 28 5c 4b 3c 00 0a 9e 00
INFO - 28 5f 8b 3c 00 0a c6 00
INFO - 28 61 cb 3c 00 0a a3 00
INFO - 28 64 0b 3c 00 0a dd 00
INFO - 28 66 4b 3c 00 0a 94 00
INFO - 28 69 8b 3c 00 0a f2 00
INFO - 28 6c cb 3c 00 0a e7 00
INFO - 28 6f 0b 3c 00 0a ac 00
INFO - 28 70 4b 3c 00 0a 96 00
INFO - 28 73 8b 3c 00 0a b5 00
INFO - 28 75 cb 3c 00 0a c5 00
INFO - 28 78 0b 3c 00 0a c0 00
INFO - 28 7c 4b 3c 00 0a ff 00
INFO - 28 7e 8b 3c 00 0a c3 00
INFO - 28 81 cb 3c 00 0a ba 00
INFO - 28 83 0b 3c 00 0a b5 00
INFO - 28 85 4b 3c 00 0a a2 00
INFO - 28 87 8b 3c 00 0a 9d 00
INFO - 28 89 cb 3c 00 0a ab 00
INFO - 28 8b 0b 3c 00 0a af 00
INFO - 28 8e 4b 3c 00 0a b5 00
INFO - 28 90 8b 3c 00 0a ba 00
INFO - 28 92 cb 3c 00 0a 91 00
INFO - 28 95 0b 3c 00 0a c6 00
INFO - 28 96 4b 3c 00 0a 9e 00
INFO - 28 99 8b 3c 00 0a d0 00
INFO - 28 9d cb 3c 00 0a f5 00
INFO - 28 9f 0b 3c 00 0a ad 00
INFO - 28 a2 4b 3c 00 0a dd 00
INFO - 28 a5 8b 3c 00 0a af 00
INFO - 28 a7 cb 3c 00 0a b6 00
INFO - 28 a9 0b 3c 00 0a ae 00
INFO - 28 ac 4b 3c 00 0a d1 00
INFO - 28 ae 8b 3c 00 0a 94 00
INFO - 28 b1 cb 3c 00 0a d4 00
INFO - 28 b2 0b 3c 00 0a 92 00
INFO - 28 b5 4b 3c 00 0a ae 00
INFO - 28 b7 8b 3c 00 0a bc 00
INFO - 28 b9 cb 3c 00 0a aa 00
INFO - 28 bd 0b 3c 00 0a e9 00
INFO - 28 bf 4b 3c 00 0a d1 00
INFO - 28 c1 8b 3c 00 0a a3 00
INFO - 28 c4 cb 3c 00 0a aa 00
INFO - 28 c6 0b 3c 00 0a af 00
INFO - 28 c8 4b 3c 00 0a 9e 00
INFO - 28 cb 8b 3c 00 0a d3 00
INFO - 28 cc cb 3c 00 0a 86 00
INFO - 28 cf 0b 3c 00 0a d1 00
INFO - 28 d2 4b 3c 00 0a e8 00
INFO - 28 d4 8b 3c 00 0a 9f 00
INFO - 28 d7 cb 3c 00 0a c7 00
INFO - 28 da 0b 3c 00 0a b7 00
INFO - 28 dd 4b 3c 00 0a cd 00
INFO - 28 e0 8b 3c 00 0a eb 00
INFO - 28 e2 cb 3c 00 0a aa 00
INFO - 28 e4 0b 3c 00 0a a0 00
INFO - 28 e7 4b 3c 00 0a bb 00
INFO - 28 e9 8b 3c 00 0a a9 00
INFO - 28 eb cb 3c 00 0a c7 00
INFO - 28 ee 0b 3c 00 0a a9 00
INFO - 28 f0 4b 3c 00 0a ba 00
INFO - 28 f3 8b 3c 00 0a c0 00
INFO - 28 f5 cb 3c 00 0a b8 00
INFO - 28 f7 0b 3c 00 0a a2 00
INFO - 28 f9 4b 3c 00 0a b5 00
INFO - 28 fc 8b 3c 00 0a ad 00
INFO - 28 fe cb 3c 00 0a c1 00
INFO - 29 01 0b 3c 00 0a d2 00
INFO - 29 03 4b 3c 00 0a b4 00
INFO - 29 05 8b 3c 00 0a 9f 00
INFO - 29 07 cb 3c 00 0a ad 00
INFO - 29 0a 0b 3c 00 0a a7 00
INFO - 29 0c 4b 3c 00 0a aa 00
INFO - 29 0e 8b 3c 00 0a b7 00
INFO - 29 11 cb 3c 00 0a d0 00
INFO - 29 14 0b 3c 00 0a be 00
INFO - 29 16 4b 3c 00 0a b5 00
INFO - 29 18 8b 3c 00 0a b5 00
INFO - 29 1b cb 3c 00 0a da 00
INFO - 29 1d 0b 3c 00 0a 9a 00
INFO - 29 20 4b 3c 00 0a c9 00
INFO - 29 21 8b 3c 00 0a 88 00
INFO - 29 24 cb 3c 00 0a d7 00
INFO - 29 27 0b 3c 00 0a c0 00
INFO - 29 29 4b 3c 00 0a b3 00
INFO - 29 2b 8b 3c 00 0a a8 00
INFO - 29 2e cb 3c 00 0a b3 00
INFO - 29 30 0b 3c 00 0a a8 00
INFO - 29 33 4b 3c 00 0a e1 00
INFO - 29 35 8b 3c 00 0a 9c 00
INFO - 29 37 cb 3c 00 0a be 00
INFO - 29 39 0b 3c 00 0a 9c 00
INFO - 29 3c 4b 3c 00 0a c9 00
INFO - 29 3e 8b 3c 00 0a be 00
INFO - 29 41 cb 3c 00 0a b2 00
INFO - 29 45 0b 3c 00 0b 01 00
INFO - 29 47 4b 3c 00 0a a6 00
INFO - 29 49 8b 3c 00 0a a6 00
INFO - 29 4b cb 3c 00 0a a6 00
INFO - 29 4d 0b 3c 00 0a a6 00
INFO - 29 4f 4b 3c 00 0a 6d 00
INFO - 29 51 8b 3c 00 0a a5 00
INFO - 29 53 cb 3c 00 0a bb 00
INFO - 29 56 0b 3c 00 0a c7 00
INFO - 29 57 4b 3c 00 0a 8d 00
INFO - 29 59 8b 3c 00 0a 98 00
INFO - 29 5c cb 3c 00 0a bb 00
INFO - 29 5d 0b 3c 00 0a 8e 00
INFO - 29 5f 4b 3c 00 0a af 00
INFO - 29 61 8b 3c 00 0a 99 00
INFO - 29 63 cb 3c 00 0a a3 00
INFO - 29 65 0b 3c 00 0a 98 00
INFO - 29 66 4b 3c 00 0a 8d 00
INFO - 29 69 8b 3c 00 0a ae 00
INFO - 29 6b cb 3c 00 0a a3 00
INFO - 29 6d 0b 3c 00 0a ae 00
INFO - 29 6f 4b 3c 00 0a 97 00
INFO - 29 71 8b 3c 00 0a b0 00
INFO - 29 75 cb 3c 00 0b 04 00
INFO - 29 76 0b 3c 00 0a 93 00
INFO - 29 79 4b 3c 00 0a c3 00
INFO - 29 7b 8b 3c 00 0a 8f 00
INFO - 29 7d cb 3c 00 0a 9f 00
INFO - 29 7f 0b 3c 00 0a ba 00
INFO - 29 80 4b 3c 00 0a 89 00
INFO - 29 84 8b 3c 00 0a d8 00
INFO - 29 89 cb 3c 00 0b 3e 00
INFO - 29 8b 0b 3c 00 0a aa 00
INFO - 29 8d 4b 3c 00 0a b7 00
INFO - 29 90 8b 3c 00 0a bc 00
INFO - 29 92 cb 3c 00 0a aa 00
INFO - 29 96 0b 3c 00 0a fb 00
INFO - 29 98 4b 3c 00 0a bc 00
INFO - 29 9a 8b 3c 00 0a b6 00
INFO - 29 9c cb 3c 00 0a 9a 00
INFO - 29 9e 0b 3c 00 0a 98 00
INFO - 29 a0 4b 3c 00 0a 96 00
INFO - 29 a2 8b 3c 00 0a a3 00
INFO - 29 a4 cb 3c 00 0a b9 00
INFO - 29 a6 0b 3c 00 0a a6 00
INFO - 29 a8 4b 3c 00 0a 99 00
INFO - 29 aa 8b 3c 00 0a ae 00
INFO - 29 ac cb 3c 00 0a b5 00
INFO - 29 af 0b 3c 00 0a c4 00
INFO - 29 b2 4b 3c 00 0a da 00
INFO - 29 b4 8b 3c 00 0a 9b 00
INFO - 29 b6 cb 3c 00 0a 98 00
INFO - 29 b8 0b 3c 00 0a 95 00
INFO - 29 ba 4b 3c 00 0a b9 00
INFO - 29 bc 8b 3c 00 0a ba 00
INFO - 29 be cb 3c 00 0a 9b 00
INFO - 29 c1 0b 3c 00 0a cc 00
INFO - 29 c3 4b 3c 00 0a a6 00
INFO - 29 c5 8b 3c 00 0a b7 00
INFO - 29 c7 cb 3c 00 0a 9b 00
INFO - 29 c9 0b 3c 00 0a ac 00
INFO - 29 cd 4b 3c 00 0a dd 00
INFO - 29 ce 8b 3c 00 0a 94 00
INFO - 29 d0 cb 3c 00 0a 9c 00
INFO - 29 d2 0b 3c 00 0a ab 00
INFO - 29 d4 4b 3c 00 0a a4 00
INFO - 29 d7 8b 3c 00 0a c7 00
INFO - 29 da cb 3c 00 0a d7 00
INFO - 29 dc 0b 3c 00 0a 98 00
INFO - 29 de 4b 3c 00 0a 9b 00
INFO - 29 e0 8b 3c 00 0a c2 00
INFO - 29 e3 cb 3c 00 0a bc 00
INFO - 29 e5 0b 3c 00 0a b5 00
INFO - 29 e8 4b 3c 00 0a b9 00
INFO - 29 e9 8b 3c 00 0a 90 00
INFO - 29 eb cb 3c 00 0a 8b 00
INFO - 29 ed 0b 3c 00 0a c4 00
INFO - 29 f0 4b 3c 00 0a d0 00
INFO - 29 f2 8b 3c 00 0a 98 00
INFO - 29 f5 cb 3c 00 0a bb 00
INFO - 29 f6 0b 3c 00 0a 8d 00
INFO - 29 f8 4b 3c 00 0a 98 00
INFO - 29 fa 8b 3c 00 0a a3 00
INFO - 29 fc cb 3c 00 0a a3 00
INFO - 29 fe 0b 3c 00 0a af 00
INFO - 2a 00 4b 3c 00 0a 8e 00
INFO - 2a 02 8b 3c 00 0a ba 00
INFO - 2a 04 cb 3c 00 0a af 00
INFO - 2a 06 0b 3c 00 0a 98 00
INFO - 2a 08 4b 3c 00 0a a4 00
INFO - 2a 0a 8b 3c 00 0a a4 00
INFO - 2a 0d cb 3c 00 0a db 00
INFO - 2a 0f 0b 3c 00 0a a4 00
INFO - 2a 12 4b 3c 00 0a d1 00
INFO - 2a 14 8b 3c 00 0a 8d 00
INFO - 2a 16 cb 3c 00 0a 99 00
INFO - 2a 19 0b 3c 00 0a cf 00
INFO - 2a 1a 4b 3c 00 0a 9a 00
INFO - 2a 1d 8b 3c 00 0a d5 00
INFO - 2a 20 cb 3c 00 0a b1 00
INFO - 2a 23 0b 3c 00 0a cf 00
INFO - 2a 25 4b 3c 00 0a b4 00
INFO - 2a 27 8b 3c 00 0a af 00
INFO - 2a 29 cb 3c 00 0a b4 00
INFO - 2a 2c 0b 3c 00 0a c9 00
INFO - 2a 2f 4b 3c 00 0a dc 00
INFO - 2a 32 8b 3c 00 0a c0 00
INFO - 2a 34 cb 3c 00 0a ba 00
INFO - 2a 36 0b 3c 00 0a a7 00
INFO - 2a 38 4b 3c 00 0a 92 00
INFO - 2a 3a 8b 3c 00 0a b0 00
INFO - 2a 3d cb 3c 00 0a be 00
INFO - 2a 3f 0b 3c 00 0a a7 00
INFO - 2a 41 4b 3c 00 0a 9b 00
INFO - 2a 43 8b 3c 00 0a c0 00
INFO - 2a 46 cb 3c 00 0a dd 00
INFO - 2a 48 0b 3c 00 0a 9f 00
INFO - 2a 4a 4b 3c 00 0a a3 00
INFO - 2a 4d 8b 3c 00 0a cc 00
INFO - 2a 4f cb 3c 00 0a b0 00
INFO - 2a 51 0b 3c 00 0a 90 00
INFO - 2a 54 4b 3c 00 0a d8 00
INFO - 2a 56 8b 3c 00 0a 8d 00
INFO - 2a 58 cb 3c 00 0a b3 00
INFO - 2a 5b 0b 3c 00 0a d5 00
INFO - 2a 5d 4b 3c 00 0a be 00
INFO - 2a 5f 8b 3c 00 0a 9e 00
INFO - 2a 62 cb 3c 00 0a c6 00
INFO - 2a 64 0b 3c 00 0a b3 00
INFO - 2a 67 4b 3c 00 0a be 00
INFO - 2a 69 8b 3c 00 0a bd 00
INFO - 2a 6c cb 3c 00 0a b6 00
INFO - 2a 6e 0b 3c 00 0a 99 00
INFO - 2a 70 4b 3c 00 0a aa 00
INFO - 2a 72 8b 3c 00 0a a4 00
INFO - 2a 74 cb 3c 00 0a b6 00
INFO - 2a 76 0b 3c 00 0a a5 00
INFO - 2a 79 4b 3c 00 0a bf 00
INFO - 2a 7b 8b 3c 00 0a b3 00
INFO - 2a 7d cb 3c 00 0a a7 00
INFO - 2a 7f 0b 3c 00 0a a0 00
INFO - 2a 81 4b 3c 00 0a a5 00
INFO - 2a 84 8b 3c 00 0a c1 00
INFO - 2a 86 cb 3c 00 0a a6 00
INFO - 2a 88 0b 3c 00 0a bf 00
INFO - 2a 8a 4b 3c 00 0a a0 00
INFO - 2a 8c 8b 3c 00 0a a5 00
INFO - 2a 8e cb 3c 00 0a 9d 00
INFO - 2a 90 0b 3c 00 0a ac 00
INFO - 2a 92 4b 3c 00 0a a6 00
INFO - 2a 94 8b 3c 00 0a 9f 00
INFO - 2a 96 cb 3c 00 0a a6 00
INFO - 2a 99 0b 3c 00 0a c7 00
INFO - 2a 9b 4b 3c 00 0a 9e 00
INFO - 2a 9d 8b 3c 00 0a 9a 00
INFO - 2a 9f cb 3c 00 0a ad 00
INFO - 2a a5 0b 3c 00 0b 61 00
INFO - 2a a8 4b 3c 00 0a d0 00
INFO - 2a aa 8b 3c 00 0a a7 00
INFO - 2a ad cb 3c 00 0a db 00
INFO - 2a ae 0b 3c 00 0a 90 00
INFO - 2a b1 4b 3c 00 0a b5 00
INFO - 2a b3 8b 3c 00 0a c2 00
INFO - 2a b5 cb 3c 00 0a ad 00
INFO - 2a b7 0b 3c 00 0a 8f 00
INFO - 2a bb 4b 3c 00 0b 00 00
INFO - 2a bd 8b 3c 00 0a b3 00
INFO - 2a c1 cb 3c 00 0a e6 00
INFO - 2a c4 0b 3c 00 0a e5 00
INFO - 2a c7 4b 3c 00 0a dc 00
INFO - 2a ca 8b 3c 00 0a cf 00
INFO - 2a cc cb 3c 00 0a ab 00
INFO - 2a ce 0b 3c 00 0a ab 00
INFO - 2a d0 4b 3c 00 0a 9f 00
INFO - 2a d2 8b 3c 00 0a b7 00
INFO - 2a d5 cb 3c 00 0a ab 00
INFO - 2a d8 0b 3c 00 0a e7 00
INFO - 2a db 4b 3c 00 0a d0 00
INFO - 2a dd 8b 3c 00 0a c3 00
INFO - 2a e0 cb 3c 00 0a b8 00
INFO - 2a e2 0b 3c 00 0a a1 00
INFO - 2a e4 4b 3c 00 0a aa 00
INFO - 2a e7 8b 3c 00 0a c7 00
INFO - 2a e9 cb 3c 00 0a 9e 00
INFO - 2a eb 0b 3c 00 0a ba 00
INFO - 2a ee 4b 3c 00 0a cf 00
INFO - 2a f0 8b 3c 00 0a af 00
INFO - 2a f3 cb 3c 00 0a c1 00
INFO - 2a f5 0b 3c 00 0a a4 00
INFO - 2a f6 4b 3c 00 0a 92 00
INFO - 2a f9 8b 3c 00 0a ad 00
INFO - 2a fb cb 3c 00 0a d4 00
INFO - 2a fd 0b 3c 00 0a 9e 00
INFO - 2a ff 4b 3c 00 0a 8b 00
INFO - 2b 01 8b 3c 00 0a 9f 00
INFO - 2b 03 cb 3c 00 0a b9 00
INFO - 2b 05 0b 3c 00 0a b0 00
INFO - 2b 08 4b 3c 00 0a b7 00
INFO - 2b 0a 8b 3c 00 0a ad 00
INFO - 2b 0d cb 3c 00 0a d2 00
INFO - 2b 0f 0b 3c 00 0a b1 00
INFO - 2b 11 4b 3c 00 0a 9e 00
INFO - 2b 14 8b 3c 00 0a c6 00
INFO - 2b 16 cb 3c 00 0a ae 00
INFO - 2b 1a 0b 3c 00 0b 06 00
INFO - 2b 1d 4b 3c 00 0a cf 00
INFO - 2b 1f 8b 3c 00 0a a4 00
INFO - 2b 21 cb 3c 00 0a aa 00
INFO - 2b 24 0b 3c 00 0a d5 00
INFO - 2b 26 4b 3c 00 0a b6 00
INFO - 2b 29 8b 3c 00 0a d6 00
INFO - 2b 2b cb 3c 00 0a 91 00
INFO - 2b 2d 0b 3c 00 0a a2 00
INFO - 2b 30 4b 3c 00 0a bb 00
INFO - 2b 32 8b 3c 00 0a 92 00
INFO - 2b 34 cb 3c 00 0a c9 00
INFO - 2b 36 0b 3c 00 0a 9c 00
INFO - 2b 38 4b 3c 00 0a b1 00
INFO - 2b 3a 8b 3c 00 0a 89 00
INFO - 2b 3d cb 3c 00 0a c2 00
INFO - 2b 3f 0b 3c 00 0a a4 00
INFO - 2b 41 4b 3c 00 0a aa 00
INFO - 2b 44 8b 3c 00 0a ee 00
INFO - 2b 47 cb 3c 00 0a b5 00
INFO - 2b 49 0b 3c 00 0a bd 00
INFO - 2b 4c 4b 3c 00 0a da 00
INFO - 2b 4f 8b 3c 00 0a ca 00
INFO - 2b 52 cb 3c 00 0a ce 00
INFO - 2b 56 0b 3c 00 0b 12 00
INFO - 2b 59 4b 3c 00 0a c2 00
INFO - 2b 5b 8b 3c 00 0a a6 00
INFO - 2b 5d cb 3c 00 0a aa 00
INFO - 2b 60 0b 3c 00 0a c9 00
INFO - 2b 62 4b 3c 00 0a b6 00
INFO - 2b 65 8b 3c 00 0a ca 00
INFO - 2b 68 cb 3c 00 0a ce 00
INFO - 2b 6a 0b 3c 00 0a c6 00
INFO - 2b 6d 4b 3c 00 0a c6 00
INFO - 2b 6f 8b 3c 00 0a 98 00
INFO - 2b 71 cb 3c 00 0a a9 00
INFO - 2b 73 0b 3c 00 0a ba 00
INFO - 2b 76 4b 3c 00 0a b0 00
INFO - 2b 78 8b 3c 00 0a c5 00
INFO - 2b 7a cb 3c 00 0a a9 00
INFO - 2b 7d 0b 3c 00 0a d0 00
INFO - 2b 7f 4b 3c 00 0a af 00
INFO - 2b 82 8b 3c 00 0a b5 00
INFO - 2b 84 cb 3c 00 0a a1 00
INFO - 2b 86 0b 3c 00 0a c2 00
INFO - 2b 89 4b 3c 00 0a ae 00
INFO - 2b 8b 8b 3c 00 0a b5 00
INFO - 2b 8d cb 3c 00 0a b7 00
INFO - 2b 90 0b 3c 00 0a af 00
INFO - 2b 92 4b 3c 00 0a b3 00
INFO - 2b 95 8b 3c 00 0a 99 00
INFO - 2b 98 cb 3c 00 0a c3 00
INFO - 2b 9b 0b 3c 00 0a c7 00
INFO - 2b 9d 4b 3c 00 0a a6 00
INFO - 2b a0 8b 3c 00 0a d3 00
INFO - 2b a2 cb 3c 00 0a b3 00
INFO - 2b a4 0b 3c 00 0a ae 00
INFO - 2b a6 4b 3c 00 0a 93 00
INFO - 2b a9 8b 3c 00 0a c2 00
INFO - 2b ac cb 3c 00 0a e2 00
INFO - 2b ae 0b 3c 00 0a 9e 00
INFO - 2b b0 4b 3c 00 0a ad 00
INFO - 2b b3 8b 3c 00 0a d6 00
INFO - 2b b5 cb 3c 00 0a ba 00
INFO - 2b b7 0b 3c 00 0a 9a 00
INFO - 2b b9 4b 3c 00 0a 96 00
INFO - 2b bb 8b 3c 00 0a a6 00
INFO - 2b bd cb 3c 00 0a 93 00
INFO - 2b bf 0b 3c 00 0a ad 00
INFO - 2b c0 4b 3c 00 0a 8e 00
INFO - 2b c3 8b 3c 00 0a c5 00
INFO - 2b c5 cb 3c 00 0a a5 00
INFO - 2b c7 0b 3c 00 0a 9e 00
INFO - 2b ca 4b 3c 00 0a c3 00
INFO - 2b cc 8b 3c 00 0a b1 00
INFO - 2b ce cb 3c 00 0a ac 00
INFO - 2b cf 0b 3c 00 0a 82 00
INFO - 2b d2 4b 3c 00 0a c0 00
INFO - 2b d4 8b 3c 00 0a aa 00
INFO - 2b d7 cb 3c 00 0a bd 00
INFO - 2b d9 0b 3c 00 0a ac 00
INFO - 2b dc 4b 3c 00 0a c7 00
INFO - 2b de 8b 3c 00 0a b7 00
INFO - 2b e3 cb 3c 00 0b 48 00
INFO - 2b e6 0b 3c 00 0a c6 00
INFO - 2b e8 4b 3c 00 0a 9c 00
INFO - 2b ea 8b 3c 00 0a be 00
INFO - 2b ec cb 3c 00 0a 9b 00
INFO - 2b ef 0b 3c 00 0a c8 00
INFO - 2b f2 4b 3c 00 0a d4 00
INFO - 2b f4 8b 3c 00 0a a9 00
INFO - 2b f6 cb 3c 00 0a b9 00
INFO - 2b f8 0b 3c 00 0a a9 00
INFO - 2b fc 4b 3c 00 0a da 00
INFO - 2b fe 8b 3c 00 0a be 00
INFO - 2c 01 cb 3c 00 0a c2 00
INFO - 2c 03 0b 3c 00 0a 9d 00
INFO - 2c 05 4b 3c 00 0a a0 00
INFO - 2c 06 8b 3c 00 0a 99 00
INFO - 2c 09 cb 3c 00 0a c8 00
INFO - 2c 0b 0b 3c 00 0a ab 00
INFO - 2c 0d 4b 3c 00 0a a5 00
INFO - 2c 0f 8b 3c 00 0a a0 00
INFO - 2c 12 cb 3c 00 0a c2 00
INFO - 2c 14 0b 3c 00 0a 9a 00
INFO - 2c 16 4b 3c 00 0a c2 00
INFO - 2c 18 8b 3c 00 0a 8b 00
INFO - 2c 1a cb 3c 00 0a b3 00
INFO - 2c 1c 0b 3c 00 0a 95 00
INFO - 2c 1e 4b 3c 00 0a 98 00
INFO - 2c 20 8b 3c 00 0a a6 00
INFO - 2c 21 cb 3c 00 0a 89 00
INFO - 2c 23 0b 3c 00 0a a3 00
INFO - 2c 25 4b 3c 00 0a 90 00
INFO - 2c 27 8b 3c 00 0a c1 00
INFO - 2c 29 cb 3c 00 0a 84 00
INFO - 2c 2b 0b 3c 00 0a b6 00
INFO - 2c 2c 4b 3c 00 0a 84 00
INFO - 2c 2f 8b 3c 00 0a b5 00
INFO - 2c 32 cb 3c 00 0a cb 00
INFO - 2c 35 0b 3c 00 0a e8 00
INFO - 2c 38 4b 3c 00 0a ed 00
INFO - 2c 3a 8b 3c 00 0a 9d 00
INFO - 2c 3c cb 3c 00 0a a6 00
INFO - 2c 3f 0b 3c 00 0a c8 00
INFO - 2c 42 4b 3c 00 0a e2 00
INFO - 2c 45 8b 3c 00 0a ac 00
INFO - 2c 46 cb 3c 00 0a 9c 00
INFO - 2c 49 0b 3c 00 0a c7 00
INFO - 2c 4c 4b 3c 00 0a ca 00
INFO - 2c 4e 8b 3c 00 0a b0 00
INFO - 2c 50 cb 3c 00 0a 87 00
INFO - 2c 51 0b 3c 00 0a 9b 00
INFO - 2c 53 4b 3c 00 0a 8a 00
INFO - 2c 55 8b 3c 00 0a 72 00
INFO - 2c 57 cb 3c 00 0a 90 00
INFO - 2c 5b 0b 3c 00 0a f8 00
INFO - 2c 5d 4b 3c 00 0a 70 00
INFO - 2c 5f 8b 3c 00 0a 98 00
INFO - 2c 61 cb 3c 00 0a a6 00
INFO - 2c 63 0b 3c 00 0a be 00
INFO - 2c 66 4b 3c 00 0a c2 00
INFO - 2c 68 8b 3c 00 0a 9b 00
INFO - 2c 6a cb 3c 00 0a aa 00
INFO - 2c 6b 0b 3c 00 0a 98 00
INFO - 2c 6e 4b 3c 00 0a a7 00
INFO - 2c 71 8b 3c 00 0a da 00
INFO - 2c 72 cb 3c 00 0a 9c 00
INFO - 2c 75 0b 3c 00 0a aa 00
INFO - 2c 76 4b 3c 00 0a 85 00
INFO - 2c 78 8b 3c 00 0a a7 00
INFO - 2c 7a cb 3c 00 0a 92 00
INFO - 2c 7c 0b 3c 00 0a a7 00
INFO - 2c 7e 4b 3c 00 0a aa 00
INFO - 2c 80 8b 3c 00 0a a4 00
INFO - 2c 82 cb 3c 00 0a 9e 00
INFO - 2c 83 0b 3c 00 0a 88 00
INFO - 2c 86 4b 3c 00 0a bc 00
INFO - 2c 87 8b 3c 00 0a 93 00
INFO - 2c 8a cb 3c 00 0a db 00
INFO - 2c 8c 0b 3c 00 0a 89 00
INFO - 2c 8e 4b 3c 00 0a b5 00
INFO - 2c 90 8b 3c 00 0a 9b 00
INFO - 2c 92 cb 3c 00 0a a7 00
INFO - 2c 95 0b 3c 00 0a c0 00
INFO - 2c 97 4b 3c 00 0a c4 00
INFO - 2c 99 8b 3c 00 0a 88 00
INFO - 2c 9c cb 3c 00 0a dc 00
INFO - 2c 9e 0b 3c 00 0a a1 00
INFO - 2c a0 4b 3c 00 0a 9d 00
INFO - 2c a2 8b 3c 00 0a c3 00
INFO - 2c a4 cb 3c 00 0a 9f 00
INFO - 2c a6 0b 3c 00 0a 88 00
INFO - 2c a8 4b 3c 00 0a 9d 00
INFO - 2c aa 8b 3c 00 0a 9d 00
INFO - 2c ac cb 3c 00 0a a8 00
INFO - 2c ae 0b 3c 00 0a b2 00
INFO - 2c b0 4b 3c 00 0a bd 00
INFO - 2c b2 8b 3c 00 0a 89 00
INFO - 2c b4 cb 3c 00 0a a8 00
INFO - 2c b7 0b 3c 00 0a c6 00
INFO - 2c b8 4b 3c 00 0a 89 00
INFO - 2c bb 8b 3c 00 0a bc 00
INFO - 2c bd cb 3c 00 0a a8 00
INFO - 2c be 0b 3c 00 0a 93 00
INFO - 2c c0 4b 3c 00 0a 89 00
INFO - 2c c3 8b 3c 00 0a c7 00
INFO - 2c c5 cb 3c 00 0a c7 00
INFO - 2c c6 0b 3c 00 0a 7e 00
INFO - 2c c9 4b 3c 00 0a bc 00
INFO - 2c cb 8b 3c 00 0a 93 00
INFO - 2c cd cb 3c 00 0a b2 00
INFO - 2c cf 0b 3c 00 0a bd 00
INFO - 2c d3 4b 3c 00 0a 96 00
INFO - 2c d5 8b 3c 00 0a 9d 00
INFO - 2c d6 cb 3c 00 0a 89 00
INFO - 2c d8 0b 3c 00 0a 93 00
INFO - 2c da 4b 3c 00 0a bd 00
INFO - 2c dd 8b 3c 00 0a a8 00
INFO - 2c de cb 3c 00 0a 92 00
INFO - 2c e0 0b 3c 00 0a 96 00
INFO - 2c e2 4b 3c 00 0a a5 00
INFO - 2c e3 8b 3c 00 0a 8b 00
INFO - 2c e5 cb 3c 00 0a a5 00
INFO - 2c e7 0b 3c 00 0a 9d 00
INFO - 2c ea 4b 3c 00 0a b2 00
INFO - 2c eb 8b 3c 00 0a 9c 00
INFO - 2c ee cb 3c 00 0a ca 00
INFO - 2c f0 0b 3c 00 0a a4 00
INFO - 2c f2 4b 3c 00 0a 9e 00
INFO - 2c f4 8b 3c 00 0a aa 00
INFO - 2c f6 cb 3c 00 0a 9b 00
INFO - 2c f8 0b 3c 00 0a b2 00
INFO - 2c fc 4b 3c 00 0a f0 00
INFO - 2c fe 8b 3c 00 0a 9d 00
INFO - 2c ff cb 3c 00 0a 97 00
INFO - 2d 01 0b 3c 00 0a 90 00
INFO - 2d 04 4b 3c 00 0a c0 00
INFO - 2d 06 8b 3c 00 0a b0 00
INFO - 2d 08 cb 3c 00 0a a8 00
INFO - 2d 0b 0b 3c 00 0a c8 00
INFO - 2d 0d 4b 3c 00 0a c7 00
INFO - 2d 10 8b 3c 00 0a b2 00
INFO - 2d 11 cb 3c 00 0a 97 00
INFO - 2d 13 0b 3c 00 0a 9b 00
INFO - 2d 16 4b 3c 00 0a be 00
INFO - 2d 18 8b 3c 00 0a bf 00
INFO - 2d 1b cb 3c 00 0a c0 00
INFO - 2d 1d 0b 3c 00 0a 9c 00
INFO - 2d 1f 4b 3c 00 0a b6 00
INFO - 2d 21 8b 3c 00 0a 9c 00
INFO - 2d 24 cb 3c 00 0a c8 00
INFO - 2d 26 0b 3c 00 0a b7 00
INFO - 2d 28 4b 3c 00 0a 9b 00
INFO - 2d 2b 8b 3c 00 0a c1 00
INFO - 2d 2d cb 3c 00 0a c5 00
INFO - 2d 2f 0b 3c 00 0a 97 00
INFO - 2d 31 4b 3c 00 0a 9b 00
INFO - 2d 33 8b 3c 00 0a 93 00
INFO - 2d 35 cb 3c 00 0a ac 00
INFO - 2d 37 0b 3c 00 0a a4 00
INFO - 2d 39 4b 3c 00 0a a9 00
INFO - 2d 3b 8b 3c 00 0a b5 00
INFO - 2d 3d cb 3c 00 0a 9a 00
INFO - 2d 3f 0b 3c 00 0a 9e 00
INFO - 2d 41 4b 3c 00 0a b6 00
INFO - 2d 43 8b 3c 00 0a 86 00
INFO - 2d 45 cb 3c 00 0a bf 00
INFO - 2d 47 0b 3c 00 0a 90 00
INFO - 2d 49 4b 3c 00 0a bc 00
INFO - 2d 4b 8b 3c 00 0a 97 00
INFO - 2d 4d cb 3c 00 0a 8f 00
INFO - 2d 4f 0b 3c 00 0a 96 00
INFO - 2d 50 4b 3c 00 0a 9d 00
INFO - 2d 52 8b 3c 00 0a 99 00
INFO - 2d 55 cb 3c 00 0a de 00
INFO - 2d 57 0b 3c 00 0a a4 00
INFO - 2d 5b 4b 3c 00 0a e5 00
INFO - 2d 5d 8b 3c 00 0a a0 00
INFO - 2d 5f cb 3c 00 0a c3 00
INFO - 2d 61 0b 3c 00 0a a7 00
INFO - 2d 64 4b 3c 00 0a bd 00
INFO - 2d 67 8b 3c 00 0a db 00
INFO - 2d 69 cb 3c 00 0a 95 00
INFO - 2d 6a 0b 3c 00 0a 9a 00
INFO - 2d 6d 4b 3c 00 0a b4 00
INFO - 2d 6f 8b 3c 00 0a b9 00
INFO - 2d 72 cb 3c 00 0a cf 00
INFO - 2d 74 0b 3c 00 0a aa 00
INFO - 2d 76 4b 3c 00 0a 8f 00
INFO - 2d 77 8b 3c 00 0a 92 00
INFO - 2d 7a cb 3c 00 0a aa 00
INFO - 2d 7b 0b 3c 00 0a 98 00
INFO - 2d 7e 4b 3c 00 0a b4 00
INFO - 2d 7f 8b 3c 00 0a 8f 00
INFO - 2d 81 cb 3c 00 0a a6 00
INFO - 2d 84 0b 3c 00 0a be 00
INFO - 2d 86 4b 3c 00 0a 98 00
INFO - 2d 88 8b 3c 00 0a b4 00
INFO - 2d 8a cb 3c 00 0a 97 00
INFO - 2d 8c 0b 3c 00 0a a6 00
INFO - 2d 8e 4b 3c 00 0a 9e 00
INFO - 2d 8f 8b 3c 00 0a 6c 00
INFO - 2d 91 cb 3c 00 0a 9e 00
INFO - 2d 93 0b 3c 00 0a 98 00
INFO - 2d 96 4b 3c 00 0a ce 00
INFO - 2d 97 8b 3c 00 0a 89 00
INFO - 2d 99 cb 3c 00 0a 84 00
INFO - 2d 9a 0b 3c 00 0a 91 00
INFO - 2d 9c 4b 3c 00 0a 9e 00
INFO - 2d 9e 8b 3c 00 0a 84 00
INFO - 2d a0 cb 3c 00 0a a5 00
INFO - 2d a1 0b 3c 00 0a 93 00
INFO - 2d a3 4b 3c 00 0a 84 00
INFO - 2d a5 8b 3c 00 0a 9e 00
INFO - 2d a7 cb 3c 00 0a ac 00
INFO - 2d a9 0b 3c 00 0a b0 00
INFO - 2d ac 4b 3c 00 0a c7 00
INFO - 2d ae 8b 3c 00 0a ad 00
INFO - 2d b1 cb 3c 00 0a c7 00
INFO - 2d b3 0b 3c 00 0a ad 00
INFO - 2d b6 4b 3c 00 0a cf 00
INFO - 2d b8 8b 3c 00 0a b4 00
INFO - 2d ba cb 3c 00 0a 99 00
INFO - 2d bc 0b 3c 00 0a bc 00
INFO - 2d bf 4b 3c 00 0a c5 00
INFO - 2d c1 8b 3c 00 0a 9f 00
INFO - 2d c2 cb 3c 00 0a 87 00
INFO - 2d c4 0b 3c 00 0a a4 00
INFO - 2d c6 4b 3c 00 0a 88 00
INFO - 2d c8 8b 3c 00 0a a9 00
INFO - 2d ca cb 3c 00 0a 90 00
INFO - 2d cb 0b 3c 00 0a 9f 00
INFO - 2d cd 4b 3c 00 0a 8f 00
INFO - 2d cf 8b 3c 00 0a 9b 00
INFO - 2d d1 cb 3c 00 0a 9f 00
INFO - 2d d3 0b 3c 00 0a a4 00
INFO - 2d d5 4b 3c 00 0a 9e 00
INFO - 2d d7 8b 3c 00 0a ad 00
INFO - 2d da cb 3c 00 0a d8 00
INFO - 2d dc 0b 3c 00 0a bd 00
INFO - 2d df 4b 3c 00 0a c2 00
INFO - 2d e2 8b 3c 00 0a c6 00
INFO - 2d e4 cb 3c 00 0a ad 00
INFO - 2d e6 0b 3c 00 0a b1 00
INFO - 2d e8 4b 3c 00 0a 8e 00
INFO - 2d ea 8b 3c 00 0a af 00
INFO - 2d ec cb 3c 00 0a 93 00
INFO - 2d ee 0b 3c 00 0a ac 00
INFO - 2d ef 4b 3c 00 0a 86 00
INFO - 2d f2 8b 3c 00 0a c6 00
INFO - 2d f3 cb 3c 00 0a 8d 00
INFO - 2d f5 0b 3c 00 0a a4 00
INFO - 2d f7 4b 3c 00 0a 92 00
INFO - 2d f9 8b 3c 00 0a a1 00
INFO - 2d fb cb 3c 00 0a b0 00
INFO - 2d fd 0b 3c 00 0a ab 00
INFO - 2d ff 4b 3c 00 0a 99 00
INFO - 2e 01 8b 3c 00 0a 93 00
INFO - 2e 03 cb 3c 00 0a 9f 00
INFO - 2e 05 0b 3c 00 0a 99 00
INFO - 2e 06 4b 3c 00 0a 8f 00
INFO - 2e 08 8b 3c 00 0a a4 00
INFO - 2e 0b cb 3c 00 0a b6 00
INFO - 2e 0e 0b 3c 00 0a f8 00
INFO - 2e 10 4b 3c 00 0a 98 00
INFO - 2e 12 8b 3c 00 0a b7 00
INFO - 2e 14 cb 3c 00 0a 83 00
INFO - 2e 17 0b 3c 00 0a cc 00
INFO - 2e 19 4b 3c 00 0a a0 00
INFO - 2e 1a 8b 3c 00 0a 8e 00
INFO - 2e 1c cb 3c 00 0a 91 00
INFO - 2e 1d 0b 3c 00 0a 8c 00
INFO - 2e 1f 4b 3c 00 0a a1 00
INFO - 2e 22 8b 3c 00 0a b9 00
INFO - 2e 23 cb 3c 00 0a 82 00
INFO - 2e 25 0b 3c 00 0a ac 00
INFO - 2e 27 4b 3c 00 0a 92 00
INFO - 2e 29 8b 3c 00 0a 9f 00
INFO - 2e 2b cb 3c 00 0a 9d 00
INFO - 2e 2d 0b 3c 00 0a aa 00
INFO - 2e 2f 4b 3c 00 0a a4 00
INFO - 2e 31 8b 3c 00 0a 9e 00
INFO - 2e 33 cb 3c 00 0a b5 00
INFO - 2e 36 0b 3c 00 0a c7 00
INFO - 2e 37 4b 3c 00 0a 8e 00
INFO - 2e 39 8b 3c 00 0a a6 00
INFO - 2e 3c cb 3c 00 0a be 00
INFO - 2e 3e 0b 3c 00 0a 74 00
INFO - 2e 43 4b 3c 00 0a b3 00
INFO - 2e 44 8b 3c 00 0a 93 00
INFO - 2e 47 cb 3c 00 0a bd 00
INFO - 2e 49 0b 3c 00 0a be 00
INFO - 2e 4b 4b 3c 00 0a 98 00
INFO - 2e 4d 8b 3c 00 0a b1 00
INFO - 2e 51 cb 3c 00 0a df 00
INFO - 2e 53 0b 3c 00 0a b5 00
INFO - 2e 55 4b 3c 00 0a ae 00
INFO - 2e 57 8b 3c 00 0a 9e 00
INFO - 2e 59 cb 3c 00 0a a1 00
INFO - 2e 5b 0b 3c 00 0a b9 00
INFO - 2e 5e 4b 3c 00 0a b4 00
INFO - 2e 60 8b 3c 00 0a ac 00
INFO - 2e 62 cb 3c 00 0a bb 00
INFO - 2e 65 0b 3c 00 0a c3 00
INFO - 2e 67 4b 3c 00 0a aa 00
INFO - 2e 6a 8b 3c 00 0a ba 00
INFO - 2e 6c cb 3c 00 0a b1 00
INFO - 2e 6e 0b 3c 00 0a 96 00
INFO - 2e 70 4b 3c 00 0a a3 00
INFO - 2e 72 8b 3c 00 0a c9 00
INFO - 2e 74 cb 3c 00 0a ac 00
INFO - 2e 77 0b 3c 00 0a ca 00
INFO - 2e 79 4b 3c 00 0a 8c 00
INFO - 2e 7c 8b 3c 00 0a d5 00
INFO - 2e 7d cb 3c 00 0a 98 00
INFO - 2e 7f 0b 3c 00 0a 8f 00
INFO - 2e 81 4b 3c 00 0a b5 00
INFO - 2e 84 8b 3c 00 0a d1 00
INFO - 2e 86 cb 3c 00 0a 8f 00
INFO - 2e 88 0b 3c 00 0a be 00
INFO - 2e 8a 4b 3c 00 0a 9c 00
INFO - 2e 8d 8b 3c 00 0a d6 00
INFO - 2e 8f cb 3c 00 0a 90 00
INFO - 2e 92 0b 3c 00 0a c3 00
INFO - 2e 95 4b 3c 00 0a d7 00
INFO - 2e 97 8b 3c 00 0a b0 00
INFO - 2e 99 cb 3c 00 0a aa 00
INFO - 2e 9c 0b 3c 00 0a c3 00
INFO - 2e 9d 4b 3c 00 0a 8f 00
INFO - 2e 9f 8b 3c 00 0a a9 00
INFO - 2e a1 cb 3c 00 0a a2 00
INFO - 2e a4 0b 3c 00 0a d6 00
INFO - 2e a6 4b 3c 00 0a aa 00
INFO - 2e a9 8b 3c 00 0a c3 00
INFO - 2e ab cb 3c 00 0a b1 00
INFO - 2e af 0b 3c 00 0a e3 00
INFO - 2e b2 4b 3c 00 0a dc 00
INFO - 2e b5 8b 3c 00 0a dc 00
INFO - 2e b7 cb 3c 00 0a b9 00
INFO - 2e ba 0b 3c 00 0a ad 00
INFO - 2e bc 4b 3c 00 0a ba 00
INFO - 2e be 8b 3c 00 0a a1 00
INFO - 2e c0 cb 3c 00 0a ba 00
INFO - 2e c4 0b 3c 00 0a f7 00
INFO - 2e c7 4b 3c 00 0a d2 00
INFO - 2e c9 8b 3c 00 0a ac 00
INFO - 2e cb cb 3c 00 0a 9a 00
INFO - 2e cd 0b 3c 00 0a a9 00
INFO - 2e cf 4b 3c 00 0a b2 00
INFO - 2e d2 8b 3c 00 0a b6 00
INFO - 2e d5 cb 3c 00 0a d6 00
INFO - 2e d7 0b 3c 00 0a 9d 00
INFO - 2e da 4b 3c 00 0a e2 00
INFO - 2e dc 8b 3c 00 0a aa 00
INFO - 2e de cb 3c 00 0a a5 00
INFO - 2e e0 0b 3c 00 0a 97 00
INFO - 2e e3 4b 3c 00 0a c6 00
INFO - 2e e6 8b 3c 00 0a d4 00
INFO - 2e e8 cb 3c 00 0a aa 00
INFO - 2e e9 0b 3c 00 0a 88 00
INFO - 2e ec 4b 3c 00 0a c5 00
INFO - 2e ef 8b 3c 00 0a d5 00
INFO - 2e f2 cb 3c 00 0a cd 00
INFO - 2e f4 0b 3c 00 0a b0 00
INFO - 2e f6 4b 3c 00 0a b5 00
INFO - 2e f8 8b 3c 00 0a a3 00
INFO - 2e fa cb 3c 00 0a 9d 00
INFO - 2e fd 0b 3c 00 0a b7 00
INFO - 2e fe 4b 3c 00 0a 95 00
INFO - 2f 00 8b 3c 00 0a af 00
INFO - 2f 02 cb 3c 00 0a 91 00
INFO - 2f 05 0b 3c 00 0a c7 00
INFO - 2f 07 4b 3c 00 0a a8 00
INFO - 2f 09 8b 3c 00 0a 9f 00
INFO - 2f 0c cb 3c 00 0a e7 00
INFO - 2f 10 0b 3c 00 0b 0e 00
INFO - 2f 12 4b 3c 00 0a 90 00
INFO - 2f 14 8b 3c 00 0a ba 00
INFO - 2f 16 cb 3c 00 0a 8f 00
INFO - 2f 19 0b 3c 00 0a c3 00
INFO - 2f 1b 4b 3c 00 0a c5 00
INFO - 2f 1f 8b 3c 00 0a ed 00
INFO - 2f 20 cb 3c 00 0a 97 00
INFO - 2f 23 0b 3c 00 0a b1 00
INFO - 2f 26 4b 3c 00 0a dd 00
INFO - 2f 28 8b 3c 00 0a bc 00
INFO - 2f 2a cb 3c 00 0a 9d 00
INFO - 2f 2d 0b 3c 00 0a c8 00
INFO - 2f 2f 4b 3c 00 0a 9d 00
INFO - 2f 31 8b 3c 00 0a 95 00
INFO - 2f 33 cb 3c 00 0a a5 00
INFO - 2f 35 0b 3c 00 0a a8 00
INFO - 2f 37 4b 3c 00 0a ac 00
INFO - 2f 3a 8b 3c 00 0a d3 00
INFO - 2f 3f cb 3c 00 0b 26 00
INFO - 2f 40 0b 3c 00 0a 90 00
INFO - 2f 42 4b 3c 00 0a aa 00
INFO - 2f 45 8b 3c 00 0a bb 00
INFO - 2f 47 cb 3c 00 0a aa 00
INFO - 2f 49 0b 3c 00 0a 98 00
INFO - 2f 4b 4b 3c 00 0a c9 00
INFO - 2f 4e 8b 3c 00 0a a9 00
INFO - 2f 50 cb 3c 00 0a c5 00
INFO - 2f 52 0b 3c 00 0a 9f 00
INFO - 2f 55 4b 3c 00 0a c4 00
INFO - 2f 57 8b 3c 00 0a a6 00
INFO - 2f 5a cb 3c 00 0a 8f 00
INFO - 2f 5c 0b 3c 00 0a 9d 00
INFO - 2f 5f 4b 3c 00 0a db 00
INFO - 2f 61 8b 3c 00 0a a5 00
INFO - 2f 64 cb 3c 00 0a d3 00
INFO - 2f 66 0b 3c 00 0a a5 00
INFO - 2f 68 4b 3c 00 0a b4 00
INFO - 2f 6b 8b 3c 00 0a ce 00
INFO - 2f 6e cb 3c 00 0a bf 00
INFO - 2f 70 0b 3c 00 0a b8 00
INFO - 2f 72 4b 3c 00 0a b3 00
INFO - 2f 75 8b 3c 00 0a b9 00
INFO - 2f 78 cb 3c 00 0a c6 00
INFO - 2f 7a 0b 3c 00 0a bc 00
INFO - 2f 7c 4b 3c 00 0a 9d 00
INFO - 2f 7e 8b 3c 00 0a ad 00
INFO - 2f 80 cb 3c 00 0a b0 00
INFO - 2f 82 0b 3c 00 0a 9e 00
INFO - 2f 84 4b 3c 00 0a a1 00
INFO - 2f 88 8b 3c 00 0a ea 00
INFO - 2f 8a cb 3c 00 0a a7 00
INFO - 2f 8d 0b 3c 00 0a c6 00
INFO - 2f 8e 4b 3c 00 0a 8b 00
INFO - 2f 91 8b 3c 00 0a bd 00
INFO - 2f 92 cb 3c 00 0a 91 00
INFO - 2f 95 0b 3c 00 0a ba 00
INFO - 2f 97 4b 3c 00 0a bc 00
INFO - 2f 99 8b 3c 00 0a 92 00
INFO - 2f 9b cb 3c 00 0a ba 00
INFO - 2f 9d 0b 3c 00 0a b1 00
INFO - 2f a0 4b 3c 00 0a c7 00
INFO - 2f a2 8b 3c 00 0a 93 00
INFO - 2f a4 cb 3c 00 0a b9 00
INFO - 2f a7 0b 3c 00 0a b2 00
INFO - 2f a9 4b 3c 00 0a ca 00
INFO - 2f ac 8b 3c 00 0a c5 00
INFO - 2f af cb 3c 00 0a bf 00
INFO - 2f b0 0b 3c 00 0a 81 00
INFO - 2f b3 4b 3c 00 0a e1 00
INFO - 2f b5 8b 3c 00 0a 8c 00
INFO - 2f b8 cb 3c 00 0a f7 00
INFO - 2f ba 0b 3c 00 0a 97 00
INFO - 2f bd 4b 3c 00 0a e8 00
INFO - 2f bf 8b 3c 00 0a 9e 00
INFO - 2f c1 cb 3c 00 0a 96 00
INFO - 2f c4 0b 3c 00 0a c7 00
INFO - 2f c6 4b 3c 00 0a bb 00
INFO - 2f c8 8b 3c 00 0a 83 00
INFO - 2f c9 cb 3c 00 0a 9c 00
INFO - 2f cc 0b 3c 00 0a c3 00
INFO - 2f ce 4b 3c 00 0a b3 00
INFO - 2f d0 8b 3c 00 0a 8b 00
INFO - 2f d3 cb 3c 00 0a e8 00
INFO - 2f d5 0b 3c 00 0a a7 00
INFO - 2f d7 4b 3c 00 0a 80 00
INFO - 2f da 8b 3c 00 0a d3 00
INFO - 2f db cb 3c 00 0a 97 00
INFO - 2f de 0b 3c 00 0a d4 00
INFO - 2f e0 4b 3c 00 0a a1 00
INFO - 2f e2 8b 3c 00 0a 8f 00
INFO - 2f e4 cb 3c 00 0a 74 00
INFO - 2f e6 0b 3c 00 0a a2 00
INFO - 2f e9 4b 3c 00 0a c9 00
INFO - 2f eb 8b 3c 00 0a ad 00
INFO - 2f ee cb 3c 00 0a c6 00
INFO - 2f f0 0b 3c 00 0a a9 00
INFO - 2f f2 4b 3c 00 0a bc 00
INFO - 2f f4 8b 3c 00 0a a8 00
INFO - 2f f7 cb 3c 00 0a b9 00
INFO - 2f f9 0b 3c 00 0a be 00
INFO - 2f fc 4b 3c 00 0a b8 00
INFO - 2f fe 8b 3c 00 0a bf 00
INFO - 30 01 cb 3c 00 0a c3 00
INFO - 30 03 0b 3c 00 0a bc 00
INFO - 30 06 4b 3c 00 0a bb 00
INFO - 30 08 8b 3c 00 0a 8e 00
INFO - 30 0b cb 3c 00 0a dd 00
INFO - 30 0d 0b 3c 00 0a b0 00
INFO - 30 0f 4b 3c 00 0a b3 00
INFO - 30 11 8b 3c 00 0a 9c 00
INFO - 30 14 cb 3c 00 0a bb 00
INFO - 30 17 0b 3c 00 0a f3 00
INFO - 30 1a 4b 3c 00 0a c7 00
INFO - 30 1c 8b 3c 00 0a af 00
INFO - 30 1f cb 3c 00 0a d5 00
INFO - 30 22 0b 3c 00 0a b8 00
INFO - 30 23 4b 3c 00 0a 84 00
INFO - 30 25 8b 3c 00 0a a7 00
INFO - 30 28 cb 3c 00 0a b8 00
INFO - 30 2a 0b 3c 00 0a d1 00
INFO - 30 2e 4b 3c 00 0a ea 00
INFO - 30 30 8b 3c 00 0a a0 00
INFO - 30 31 cb 3c 00 0a 8e 00
INFO - 30 33 0b 3c 00 0a 9a 00
INFO - 30 35 4b 3c 00 0a 9c 00
INFO - 30 37 8b 3c 00 0a ac 00
INFO - 30 3a cb 3c 00 0a cf 00
INFO - 30 3c 0b 3c 00 0a 99 00
INFO - 30 3e 4b 3c 00 0a b1 00
INFO - 30 41 8b 3c 00 0a c0 00
INFO - 30 42 cb 3c 00 0a 83 00
INFO - 30 45 0b 3c 00 0a bc 00
INFO - 30 46 4b 3c 00 0a 9e 00
INFO - 30 48 8b 3c 00 0a 98 00
INFO - 30 4a cb 3c 00 0a a5 00
INFO - 30 4c 0b 3c 00 0a 9e 00
INFO - 30 4e 4b 3c 00 0a 97 00
INFO - 30 4f 8b 3c 00 0a 8c 00
INFO - 30 52 cb 3c 00 0a cd 00
INFO - 30 55 0b 3c 00 0a b7 00
INFO - 30 57 4b 3c 00 0a a5 00
INFO - 30 59 8b 3c 00 0a a9 00
INFO - 30 5b cb 3c 00 0a 6b 00
INFO - 30 5c 0b 3c 00 0a 8f 00
INFO - 30 5e 4b 3c 00 0a 9d 00
INFO - 30 60 8b 3c 00 0a 95 00
INFO - 30 62 cb 3c 00 0a ad 00
INFO - 30 64 0b 3c 00 0a 94 00
INFO - 30 68 4b 3c 00 0b 2a 00
INFO - 30 6a 8b 3c 00 0a 99 00
INFO - 30 6d cb 3c 00 0a bc 00
INFO - 30 6f 0b 3c 00 0a cc 00
INFO - 30 71 4b 3c 00 0a 9c 00
INFO - 30 74 8b 3c 00 0a b4 00
INFO - 30 76 cb 3c 00 0a a3 00
INFO - 30 79 0b 3c 00 0a dc 00
INFO - 30 7c 4b 3c 00 0a cc 00
INFO - 30 7e 8b 3c 00 0a 9b 00
INFO - 30 7f cb 3c 00 0a a1 00
INFO - 30 81 0b 3c 00 0a 86 00
INFO - 30 83 4b 3c 00 0a b2 00
INFO - 30 86 8b 3c 00 0a c1 00
INFO - 30 87 cb 3c 00 0a 85 00
INFO - 30 8a 0b 3c 00 0a bd 00
INFO - 30 8b 4b 3c 00 0a 95 00
INFO - 30 8e 8b 3c 00 0a af 00
INFO - 30 90 cb 3c 00 0a a0 00
INFO - 30 92 0b 3c 00 0a c3 00
INFO - 30 95 4b 3c 00 0a c8 00
INFO - 30 98 8b 3c 00 0a c2 00
INFO - 30 9a cb 3c 00 0a a6 00
INFO - 30 9c 0b 3c 00 0a a9 00
INFO - 30 9e 4b 3c 00 0a 99 00
INFO - 30 9f 8b 3c 00 0a 86 00
INFO - 30 a1 cb 3c 00 0a b3 00
INFO - 30 a3 0b 3c 00 0a 97 00
INFO - 30 a5 4b 3c 00 0a a7 00
INFO - 30 a7 8b 3c 00 0a b0 00
INFO - 30 a9 cb 3c 00 0a 9b 00
INFO - 30 ac 0b 3c 00 0a b9 00
INFO - 30 ae 4b 3c 00 0a a5 00
INFO - 30 b0 8b 3c 00 0a b9 00
INFO - 30 b2 cb 3c 00 0a 9b 00
INFO - 30 b4 0b 3c 00 0a b8 00
INFO - 30 b6 4b 3c 00 0a a4 00
INFO - 30 b8 8b 3c 00 0a a4 00
INFO - 30 ba cb 3c 00 0a 9a 00
INFO - 30 bc 0b 3c 00 0a 9b 00
INFO - 30 be 4b 3c 00 0a b4 00
INFO - 30 c2 8b 3c 00 0a 8c 00
INFO - 30 c4 cb 3c 00 0a ae 00
INFO - 30 c7 0b 3c 00 0a af 00
INFO - 30 c9 4b 3c 00 0a a0 00
INFO - 30 cb 8b 3c 00 0a b0 00
INFO - 30 cd cb 3c 00 0a 96 00
INFO - 30 cf 0b 3c 00 0a b6 00
INFO - 30 d1 4b 3c 00 0a ad 00
INFO - 30 d3 8b 3c 00 0a af 00
INFO - 30 d5 cb 3c 00 0a a9 00
INFO - 30 d7 0b 3c 00 0a 8e 00
INFO - 30 da 4b 3c 00 0a c4 00
INFO - 30 db 8b 3c 00 0a 95 00
INFO - 30 dd cb 3c 00 0a 9c 00
INFO - 30 df 0b 3c 00 0a 8e 00
INFO - 30 e1 4b 3c 00 0a b3 00
INFO - 30 e3 8b 3c 00 0a 99 00
INFO - 30 e5 cb 3c 00 0a ac 00
INFO - 30 e7 0b 3c 00 0a 8f 00
INFO - 30 e9 4b 3c 00 0a c0 00
INFO - 30 eb 8b 3c 00 0a 8f 00
INFO - 30 ed cb 3c 00 0a bb 00
INFO - 30 ef 0b 3c 00 0a 9f 00
INFO - 30 f1 4b 3c 00 0a 99 00
INFO - 30 f3 8b 3c 00 0a b0 00
INFO - 30 f5 cb 3c 00 0a 8f 00
INFO - 30 f7 0b 3c 00 0a 96 00
INFO - 30 f8 4b 3c 00 0a 92 00
INFO - 30 fb 8b 3c 00 0a bc 00
INFO - 30 fd cb 3c 00 0a a3 00
INFO - 30 fe 0b 3c 00 0a 9b 00
INFO - 31 00 4b 3c 00 0a 9f 00
INFO - 31 03 8b 3c 00 0a ac 00
INFO - 31 05 cb 3c 00 0a a5 00
INFO - 31 06 0b 3c 00 0a 8b 00
INFO - 31 08 4b 3c 00 0a af 00
INFO - 31 0a 8b 3c 00 0a 95 00
INFO - 31 0d cb 3c 00 0a be 00
INFO - 31 0f 0b 3c 00 0a a6 00
INFO - 31 11 4b 3c 00 0a b1 00
INFO - 31 13 8b 3c 00 0a af 00
INFO - 31 15 cb 3c 00 0a 94 00
INFO - 31 17 0b 3c 00 0a ac 00
INFO - 31 19 4b 3c 00 0a a5 00
INFO - 31 1b 8b 3c 00 0a 9d 00
INFO - 31 1d cb 3c 00 0a b9 00
INFO - 31 1f 0b 3c 00 0a 98 00
INFO - 31 21 4b 3c 00 0a a8 00
INFO - 31 23 8b 3c 00 0a 9c 00
INFO - 31 25 cb 3c 00 0a bb 00
INFO - 31 2b 0b 3c 00 0a b2 00
INFO - 31 2d 4b 3c 00 0a 8f 00
INFO - 31 2e 8b 3c 00 0a 93 00
INFO - 31 30 cb 3c 00 0a 96 00
INFO - 31 32 0b 3c 00 0a 9c 00
INFO - 31 34 4b 3c 00 0a b5 00
INFO - 31 37 8b 3c 00 0a b7 00
INFO - 31 39 cb 3c 00 0a a8 00
INFO - 31 3b 0b 3c 00 0a bf 00
INFO - 31 3e 4b 3c 00 0a b1 00
INFO - 31 40 8b 3c 00 0a ca 00
INFO - 31 43 cb 3c 00 0a cc 00
INFO - 31 45 0b 3c 00 0a a4 00
INFO - 31 47 4b 3c 00 0a 9d 00
INFO - 31 49 8b 3c 00 0a 90 00
INFO - 31 4a cb 3c 00 0a 8e 00
INFO - 31 4d 0b 3c 00 0a d7 00
INFO - 31 50 4b 3c 00 0a b9 00
INFO - 31 52 8b 3c 00 0a 9d 00
INFO - 31 53 cb 3c 00 0a 62 00
INFO - 31 55 0b 3c 00 0a 90 00
INFO - 31 56 4b 3c 00 0a 93 00
INFO - 31 58 8b 3c 00 0a 8e 00
INFO - 31 59 cb 3c 00 0a 90 00
INFO - 31 5b 0b 3c 00 0a 94 00
INFO - 31 5d 4b 3c 00 0a 91 00
INFO - 31 5e 8b 3c 00 0a 8d 00
INFO - 31 60 cb 3c 00 0a a6 00
INFO - 31 61 0b 3c 00 0a 79 00
INFO - 31 63 4b 3c 00 0a 94 00
INFO - 31 65 8b 3c 00 0a 96 00
INFO - 31 67 cb 3c 00 0a b2 00
INFO - 31 69 0b 3c 00 0a a0 00
INFO - 31 6b 4b 3c 00 0a 90 00
INFO - 31 6d 8b 3c 00 0a a7 00
INFO - 31 6f cb 3c 00 0a a0 00
INFO - 31 71 0b 3c 00 0a c1 00
INFO - 31 74 4b 3c 00 0a b1 00
INFO - 31 75 8b 3c 00 0a 9f 00
INFO - 31 7a cb 3c 00 0b 13 00
INFO - 31 7c 0b 3c 00 0a b4 00
INFO - 31 7e 4b 3c 00 0a 92 00
INFO - 31 80 8b 3c 00 0a b4 00
INFO - 31 82 cb 3c 00 0a a5 00
INFO - 31 84 0b 3c 00 0a 8c 00
INFO - 31 85 4b 3c 00 0a 92 00
INFO - 31 87 8b 3c 00 0a 99 00
INFO - 31 89 cb 3c 00 0a b3 00
INFO - 31 8b 0b 3c 00 0a a7 00
INFO - 31 8d 4b 3c 00 0a 98 00
INFO - 31 8f 8b 3c 00 0a 96 00
INFO - 31 90 cb 3c 00 0a 8f 00
INFO - 31 93 0b 3c 00 0a af 00
INFO - 31 95 4b 3c 00 0a a3 00
INFO - 31 97 8b 3c 00 0a bf 00
INFO - 31 99 cb 3c 00 0a 95 00
INFO - 31 9a 0b 3c 00 0a 8e 00
INFO - 31 9d 4b 3c 00 0a b9 00
INFO - 31 9e 8b 3c 00 0a 8f 00
INFO - 31 a0 cb 3c 00 0a 98 00
INFO - 31 a2 0b 3c 00 0a a9 00
INFO - 31 a5 4b 3c 00 0a c3 00
INFO - 31 a7 8b 3c 00 0a 8f 00
INFO - 31 a9 cb 3c 00 0a b6 00
INFO - 31 ab 0b 3c 00 0a b4 00
INFO - 31 ad 4b 3c 00 0a a6 00
INFO - 31 b0 8b 3c 00 0a c1 00
INFO - 31 b2 cb 3c 00 0a 99 00
INFO - 31 b3 0b 3c 00 0a 8f 00
INFO - 31 b5 4b 3c 00 0a ab 00
INFO - 31 b8 8b 3c 00 0a c5 00
INFO - 31 ba cb 3c 00 0a 9b 00
INFO - 31 bc 0b 3c 00 0a b8 00
INFO - 31 be 4b 3c 00 0a 90 00
INFO - 31 c0 8b 3c 00 0a 9c 00
INFO - 31 c2 cb 3c 00 0a bf 00
INFO - 31 c4 0b 3c 00 0a 96 00
INFO - 31 c6 4b 3c 00 0a 8a 00
INFO - 31 c8 8b 3c 00 0a ae 00
INFO - 31 ca cb 3c 00 0a 9a 00
INFO - 31 cc 0b 3c 00 0a cb 00
INFO - 31 cf 4b 3c 00 0a ae 00
INFO - 31 d0 8b 3c 00 0a 99 00
INFO - 31 d2 cb 3c 00 0a 9c 00
INFO - 31 d4 0b 3c 00 0a 95 00
INFO - 31 d6 4b 3c 00 0a a8 00
INFO - 31 d8 8b 3c 00 0a 9f 00
INFO - 31 d9 cb 3c 00 0a 7c 00
INFO - 31 db 0b 3c 00 0a b6 00
INFO - 31 dd 4b 3c 00 0a a3 00
INFO - 31 df 8b 3c 00 0a 98 00
INFO - 31 e1 cb 3c 00 0a 8f 00
INFO - 31 e3 0b 3c 00 0a b8 00
INFO - 31 e6 4b 3c 00 0a b6 00
INFO - 31 e7 8b 3c 00 0a 8f 00
INFO - 31 e9 cb 3c 00 0a ad 00
INFO - 31 eb 0b 3c 00 0a 99 00
INFO - 31 ed 4b 3c 00 0a 8f 00
INFO - 31 ef 8b 3c 00 0a bb 00
INFO - 31 f0 cb 3c 00 0a 78 00
INFO - 31 f2 0b 3c 00 0a a7 00
INFO - 31 f4 4b 3c 00 0a 96 00
INFO - 31 f6 8b 3c 00 0a 9e 00
INFO - 31 f9 cb 3c 00 0a c8 00
INFO - 31 fa 0b 3c 00 0a 8a 00
INFO - 31 fc 4b 3c 00 0a 95 00
INFO - 31 ff 8b 3c 00 0a c6 00
INFO - 32 01 cb 3c 00 0a a0 00
INFO - 32 02 0b 3c 00 0a 94 00
INFO - 32 05 4b 3c 00 0a b5 00
INFO - 32 07 8b 3c 00 0a a7 00
INFO - 32 09 cb 3c 00 0a c8 00
INFO - 32 0b 0b 3c 00 0a a9 00
INFO - 32 0d 4b 3c 00 0a a4 00
INFO - 32 0f 8b 3c 00 0a 9a 00
INFO - 32 11 cb 3c 00 0a a1 00
INFO - 32 14 0b 3c 00 0a c7 00
INFO - 32 15 4b 3c 00 0a 86 00
INFO - 32 18 8b 3c 00 0a d7 00
INFO - 32 1a cb 3c 00 0a 90 00
INFO - 32 1c 0b 3c 00 0a af 00
INFO - 32 1e 4b 3c 00 0a 91 00
INFO - 32 20 8b 3c 00 0a 9b 00
INFO - 32 22 cb 3c 00 0a ae 00
INFO - 32 24 0b 3c 00 0a a5 00
INFO - 32 26 4b 3c 00 0a af 00
INFO - 32 29 8b 3c 00 0a b9 00
INFO - 32 2a cb 3c 00 0a 91 00
INFO - 32 2c 0b 3c 00 0a a5 00
INFO - 32 2e 4b 3c 00 0a a5 00
INFO - 32 31 8b 3c 00 0a b8 00
INFO - 32 32 cb 3c 00 0a 91 00
INFO - 32 35 0b 3c 00 0a bd 00
INFO - 32 37 4b 3c 00 0a ac 00
INFO - 32 39 8b 3c 00 0a 9b 00
INFO - 32 3a cb 3c 00 0a 7d 00
INFO - 32 3d 0b 3c 00 0a d0 00
INFO - 32 3e 4b 3c 00 0a 8e 00
INFO - 32 41 8b 3c 00 0a d1 00
INFO - 32 44 cb 3c 00 0a b6 00
INFO - 32 45 0b 3c 00 0a 81 00
INFO - 32 47 4b 3c 00 0a a1 00
INFO - 32 49 8b 3c 00 0a 9b 00
INFO - 32 4b cb 3c 00 0a 9f 00
INFO - 32 4d 0b 3c 00 0a a1 00
INFO - 32 4e 4b 3c 00 0a 95 00
INFO - 32 52 8b 3c 00 0a f3 00
INFO - 32 54 cb 3c 00 0a a9 00
INFO - 32 56 0b 3c 00 0a 9c 00
INFO - 32 58 4b 3c 00 0a af 00
INFO - 32 5b 8b 3c 00 0a ba 00
INFO - 32 5d cb 3c 00 0a b9 00
INFO - 32 5f 0b 3c 00 0a 91 00
INFO - 32 60 4b 3c 00 0a 87 00
INFO - 32 62 8b 3c 00 0a 8d 00
INFO - 32 64 cb 3c 00 0a a0 00
INFO - 32 65 0b 3c 00 0a 9b 00
INFO - 32 67 4b 3c 00 0a a5 00
INFO - 32 6a 8b 3c 00 0a be 00
INFO - 32 6b cb 3c 00 0a 83 00
INFO - 32 6d 0b 3c 00 0a a6 00
INFO - 32 6f 4b 3c 00 0a 91 00
INFO - 32 71 8b 3c 00 0a 9b 00
INFO - 32 72 cb 3c 00 0a 91 00
INFO - 32 75 0b 3c 00 0a c4 00
INFO - 32 77 4b 3c 00 0a 91 00
INFO - 32 78 8b 3c 00 0a 9b 00
INFO - 32 7b cb 3c 00 0a be 00
INFO - 32 7d 0b 3c 00 0a 98 00
INFO - 32 7e 4b 3c 00 0a 91 00
INFO - 32 80 8b 3c 00 0a 9f 00
INFO - 32 85 cb 3c 00 0b 3a 00
INFO - 32 88 0b 3c 00 0a b0 00
INFO - 32 89 4b 3c 00 0a 95 00
INFO - 32 8b 8b 3c 00 0a 9b 00
INFO - 32 8c cb 3c 00 0a 7d 00
INFO - 32 8e 0b 3c 00 0a a2 00
INFO - 32 90 4b 3c 00 0a 8b 00
INFO - 32 92 8b 3c 00 0a a2 00
INFO - 32 93 cb 3c 00 0a 8b 00
INFO - 32 95 0b 3c 00 0a a2 00
INFO - 32 97 4b 3c 00 0a 87 00
INFO - 32 9a 8b 3c 00 0a d2 00
INFO - 32 9b cb 3c 00 0a 8e 00
INFO - 32 9d 0b 3c 00 0a a9 00
INFO - 32 9f 4b 3c 00 0a a5 00
INFO - 32 a2 8b 3c 00 0a c1 00
INFO - 32 a5 cb 3c 00 0a d1 00
INFO - 32 a7 0b 3c 00 0a a5 00
INFO - 32 a9 4b 3c 00 0a 9b 00
INFO - 32 ab 8b 3c 00 0a 9b 00
INFO - 32 ac cb 3c 00 0a 91 00
INFO - 32 af 0b 3c 00 0a ba 00
INFO - 32 b1 4b 3c 00 0a a5 00
INFO - 32 b3 8b 3c 00 0a a6 00
INFO - 32 b4 cb 3c 00 0a 98 00
INFO - 32 b6 0b 3c 00 0a 9e 00
INFO - 32 b8 4b 3c 00 0a 91 00
INFO - 32 ba 8b 3c 00 0a 9b 00
INFO - 32 bb cb 3c 00 0a 91 00
INFO - 32 bd 0b 3c 00 0a 9b 00
INFO - 32 bf 4b 3c 00 0a a5 00
INFO - 32 c1 8b 3c 00 0a 91 00
INFO - 32 c3 cb 3c 00 0a 9b 00
INFO - 32 c4 0b 3c 00 0a 94 00
INFO - 32 c7 4b 3c 00 0a ac 00
INFO - 32 c9 8b 3c 00 0a a5 00
INFO - 32 cb cb 3c 00 0a cd 00
INFO - 32 ce 0b 3c 00 0a af 00
INFO - 32 d0 4b 3c 00 0a c6 00
INFO - 32 d4 8b 3c 00 0a e2 00
INFO - 32 d7 cb 3c 00 0a d4 00
INFO - 32 d8 0b 3c 00 0a 94 00
INFO - 32 da 4b 3c 00 0a ac 00
INFO - 32 dc 8b 3c 00 0a 9b 00
INFO - 32 de cb 3c 00 0a 94 00
INFO - 32 e1 0b 3c 00 0a e2 00
INFO - 32 e3 4b 3c 00 0a 9a 00
INFO - 32 e5 8b 3c 00 0a a5 00
INFO - 32 e7 cb 3c 00 0a ac 00
INFO - 32 e9 0b 3c 00 0a 6a 00
INFO - 32 eb 4b 3c 00 0a 9b 00
INFO - 32 ec 8b 3c 00 0a 91 00
INFO - 32 ef cb 3c 00 0a d7 00
INFO - 32 f1 0b 3c 00 0a a5 00
INFO - 32 f4 4b 3c 00 0a b5 00
INFO - 32 f6 8b 3c 00 0a b2 00
INFO - 32 f8 cb 3c 00 0a 91 00
INFO - 32 fa 0b 3c 00 0a a5 00
INFO - 32 fc 4b 3c 00 0a af 00
INFO - 32 fe 8b 3c 00 0a 90 00
INFO - 33 00 cb 3c 00 0a b8 00
INFO - 33 01 0b 3c 00 0a 87 00
INFO - 33 04 4b 3c 00 0a ae 00
INFO - 33 05 8b 3c 00 0a 87 00
INFO - 33 07 cb 3c 00 0a b8 00
INFO - 33 09 0b 3c 00 0a 90 00
INFO - 33 0c 4b 3c 00 0a cd 00
INFO - 33 0e 8b 3c 00 0a 9a 00
INFO - 33 10 cb 3c 00 0a a4 00
INFO - 33 11 0b 3c 00 0a 9a 00
INFO - 33 13 4b 3c 00 0a 9a 00
INFO - 33 15 8b 3c 00 0a 9a 00
INFO - 33 17 cb 3c 00 0a ae 00
INFO - 33 19 0b 3c 00 0a 90 00
INFO - 33 1b 4b 3c 00 0a a2 00
INFO - 33 21 8b 3c 00 0a b2 00
INFO - 33 22 cb 3c 00 0a 8d 00
INFO - 33 24 0b 3c 00 0a a8 00
INFO - 33 26 4b 3c 00 0a 97 00
INFO - 33 28 8b 3c 00 0a b8 00
INFO - 33 2a cb 3c 00 0a 94 00
INFO - 33 2d 0b 3c 00 0a c0 00
INFO - 33 2e 4b 3c 00 0a 8f 00
INFO - 33 30 8b 3c 00 0a b2 00
INFO - 33 34 cb 3c 00 0a ea 00
INFO - 33 35 0b 3c 00 0a 86 00
INFO - 33 37 4b 3c 00 0a a0 00
INFO - 33 39 8b 3c 00 0a 9e 00
INFO - 33 3c cb 3c 00 0a c3 00
INFO - 33 3e 0b 3c 00 0a 9a 00
INFO - 33 40 4b 3c 00 0a b5 00
INFO - 33 41 8b 3c 00 0a 89 00
INFO - 33 44 cb 3c 00 0a c3 00
INFO - 33 46 0b 3c 00 0a ae 00
INFO - 33 49 4b 3c 00 0a b7 00
INFO - 33 4a 8b 3c 00 0a 86 00
INFO - 33 4d cb 3c 00 0a c2 00
INFO - 33 4e 0b 3c 00 0a 90 00
INFO - 33 50 4b 3c 00 0a a4 00
INFO - 33 52 8b 3c 00 0a 90 00
INFO - 33 54 cb 3c 00 0a b8 00
INFO - 33 56 0b 3c 00 0a 90 00
INFO - 33 58 4b 3c 00 0a b8 00
INFO - 33 5b 8b 3c 00 0a b1 00
INFO - 33 5c cb 3c 00 0a 8d 00
INFO - 33 5e 0b 3c 00 0a 90 00
INFO - 33 61 4b 3c 00 0a cf 00
INFO - 33 62 8b 3c 00 0a 98 00
INFO - 33 65 cb 3c 00 0a af 00
INFO - 33 66 0b 3c 00 0a 91 00
INFO - 33 68 4b 3c 00 0a 94 00
INFO - 33 69 8b 3c 00 0a 8d 00
INFO - 33 6c cb 3c 00 0a da 00
INFO - 33 6f 0b 3c 00 0a af 00
INFO - 33 71 4b 3c 00 0a 9c 00
INFO - 33 72 8b 3c 00 0a 8e 00
INFO - 33 75 cb 3c 00 0a c4 00
INFO - 33 76 0b 3c 00 0a 92 00
INFO - 33 79 4b 3c 00 0a ba 00
INFO - 33 7b 8b 3c 00 0a 95 00
INFO - 33 7c cb 3c 00 0a 9c 00
INFO - 33 7e 0b 3c 00 0a 9d 00
INFO - 33 80 4b 3c 00 0a a4 00
INFO - 33 82 8b 3c 00 0a 8b 00
INFO - 33 84 cb 3c 00 0a 9d 00
INFO - 33 86 0b 3c 00 0a a4 00
INFO - 33 87 4b 3c 00 0a 96 00
INFO - 33 8a 8b 3c 00 0a d1 00
INFO - 33 8c cb 3c 00 0a 9e 00
INFO - 33 8e 0b 3c 00 0a b2 00
INFO - 33 91 4b 3c 00 0a bd 00
INFO - 33 96 8b 3c 00 0a b8 00
INFO - 33 98 cb 3c 00 0a b3 00
INFO - 33 9a 0b 3c 00 0a a9 00
INFO - 33 9d 4b 3c 00 0a d3 00
INFO - 33 a0 8b 3c 00 0a be 00
INFO - 33 a1 cb 3c 00 0a 94 00
INFO - 33 a3 0b 3c 00 0a 9f 00
INFO - 33 a6 4b 3c 00 0a bf 00
INFO - 33 a8 8b 3c 00 0a b4 00
INFO - 33 aa cb 3c 00 0a a9 00
INFO - 33 ac 0b 3c 00 0a 98 00
INFO - 33 ae 4b 3c 00 0a 91 00
INFO - 33 af 8b 3c 00 0a 95 00
INFO - 33 b1 cb 3c 00 0a 8d 00
INFO - 33 b3 0b 3c 00 0a 92 00
INFO - 33 b4 4b 3c 00 0a 9f 00
INFO - 33 b6 8b 3c 00 0a a0 00
INFO - 33 b9 cb 3c 00 0a b6 00
INFO - 33 ba 0b 3c 00 0a 8b 00
INFO - 33 bc 4b 3c 00 0a 96 00
INFO - 33 be 8b 3c 00 0a 8e 00
INFO - 33 c1 cb 3c 00 0a f3 00
INFO - 33 c3 0b 3c 00 0a a4 00
INFO - 33 c5 4b 3c 00 0a a8 00
INFO - 33 c7 8b 3c 00 0a 90 00
INFO - 33 c9 cb 3c 00 0a ab 00
INFO - 33 cb 0b 3c 00 0a a8 00
INFO - 33 ce 4b 3c 00 0a c5 00
INFO - 33 cf 8b 3c 00 0a 93 00
INFO - 33 d1 cb 3c 00 0a 9a 00
INFO - 33 d4 0b 3c 00 0a b8 00
INFO - 33 d7 4b 3c 00 0a e3 00
INFO - 33 d9 8b 3c 00 0a b7 00
INFO - 33 db cb 3c 00 0a a9 00
INFO - 33 de 0b 3c 00 0a d1 00
INFO - 33 e0 4b 3c 00 0a ac 00
INFO - 33 e3 8b 3c 00 0a ad 00
INFO - 33 e4 cb 3c 00 0a 96 00
INFO - 33 e6 0b 3c 00 0a 8c 00
INFO - 33 e9 4b 3c 00 0a d8 00
INFO - 33 eb 8b 3c 00 0a ad 00
INFO - 33 ed cb 3c 00 0a a2 00
INFO - 33 ef 0b 3c 00 0a ac 00
INFO - 33 f3 4b 3c 00 0a e6 00
INFO - 33 f5 8b 3c 00 0a ca 00
INFO - 33 f7 cb 3c 00 0a 8d 00
INFO - 33 f9 0b 3c 00 0a ad 00
INFO - 33 fb 4b 3c 00 0a a2 00
INFO - 33 fd 8b 3c 00 0a 9b 00
INFO - 34 00 cb 3c 00 0a c0 00
INFO - 34 01 0b 3c 00 0a 9c 00
INFO - 34 03 4b 3c 00 0a 9f 00
INFO - 34 06 8b 3c 00 0a d2 00
INFO - 34 09 cb 3c 00 0a c9 00
INFO - 34 0c 0b 3c 00 0a c1 00
INFO - 34 0d 4b 3c 00 0a a0 00
INFO - 34 10 8b 3c 00 0a c5 00
INFO - 34 12 cb 3c 00 0a 8e 00
INFO - 34 15 0b 3c 00 0a d4 00
INFO - 34 16 4b 3c 00 0a 96 00
INFO - 34 19 8b 3c 00 0a b1 00
INFO - 34 1b cb 3c 00 0a ad 00
INFO - 34 1e 0b 3c 00 0a ca 00
INFO - 34 20 4b 3c 00 0a c6 00
INFO - 34 22 8b 3c 00 0a 9a 00
INFO - 34 24 cb 3c 00 0a a2 00
INFO - 34 26 0b 3c 00 0a aa 00
INFO - 34 28 4b 3c 00 0a 96 00
INFO - 34 2a 8b 3c 00 0a b0 00
INFO - 34 2c cb 3c 00 0a 8e 00
INFO - 34 2e 0b 3c 00 0a c6 00
INFO - 34 30 4b 3c 00 0a 99 00
INFO - 34 35 8b 3c 00 0b 2e 00
INFO - 34 37 cb 3c 00 0a 96 00
INFO - 34 38 0b 3c 00 0a 83 00
INFO - 34 3a 4b 3c 00 0a a5 00
INFO - 34 3c 8b 3c 00 0a a4 00
INFO - 34 3e cb 3c 00 0a 8f 00
INFO - 34 40 0b 3c 00 0a af 00
INFO - 34 42 4b 3c 00 0a a9 00
INFO - 34 45 8b 3c 00 0a c2 00
INFO - 34 47 cb 3c 00 0a a4 00
INFO - 34 49 0b 3c 00 0a bf 00
INFO - 34 4b 4b 3c 00 0a ab 00
INFO - 34 4e 8b 3c 00 0a bf 00
INFO - 34 50 cb 3c 00 0a a0 00
INFO - 34 52 0b 3c 00 0a b2 00
INFO - 34 54 4b 3c 00 0a 97 00
INFO - 34 55 8b 3c 00 0a 88 00
INFO - 34 57 cb 3c 00 0a 99 00
INFO - 34 59 0b 3c 00 0a a1 00
INFO - 34 5b 4b 3c 00 0a b3 00
INFO - 34 5d 8b 3c 00 0a 96 00
INFO - 34 60 cb 3c 00 0a ca 00
INFO - 34 62 0b 3c 00 0a 96 00
INFO - 34 64 4b 3c 00 0a ca 00
INFO - 34 66 8b 3c 00 0a a1 00
INFO - 34 69 cb 3c 00 0a d4 00
INFO - 34 6c 0b 3c 00 0a b1 00
INFO - 34 6e 4b 3c 00 0a a5 00
INFO - 34 6f 8b 3c 00 0a a1 00
INFO - 34 72 cb 3c 00 0a d5 00
INFO - 34 75 0b 3c 00 0a b1 00
INFO - 34 7a 4b 3c 00 0b 36 00
INFO - 34 7d 8b 3c 00 0a de 00
INFO - 34 7e cb 3c 00 0a 8e 00
INFO - 34 81 0b 3c 00 0a b1 00
INFO - 34 82 4b 3c 00 0a 8f 00
INFO - 34 84 8b 3c 00 0a a9 00
INFO - 34 86 cb 3c 00 0a 98 00
INFO - 34 89 0b 3c 00 0a de 00
INFO - 34 8d 4b 3c 00 0a df 00
INFO - 34 8e 8b 3c 00 0a 93 00
INFO - 34 90 cb 3c 00 0a ad 00
INFO - 34 92 0b 3c 00 0a 9c 00
INFO - 34 95 4b 3c 00 0a b5 00
INFO - 34 97 8b 3c 00 0a a2 00
INFO - 34 98 cb 3c 00 0a 9c 00
INFO - 34 9b 0b 3c 00 0a aa 00
INFO - 34 9c 4b 3c 00 0a 8b 00
INFO - 34 9e 8b 3c 00 0a a6 00
INFO - 34 a0 cb 3c 00 0a ac 00
INFO - 34 a2 0b 3c 00 0a a7 00
INFO - 34 a4 4b 3c 00 0a a3 00
INFO - 34 a7 8b 3c 00 0a b2 00
INFO - 34 a9 cb 3c 00 0a c2 00
INFO - 34 ab 0b 3c 00 0a a7 00
INFO - 34 ae 4b 3c 00 0a ae 00
INFO - 34 b0 8b 3c 00 0a ad 00
INFO - 34 b2 cb 3c 00 0a 9c 00
INFO - 34 b4 0b 3c 00 0a be 00
INFO - 34 b6 4b 3c 00 0a a8 00
INFO - 34 b8 8b 3c 00 0a ae 00
INFO - 34 bf cb 3c 00 0b 92 00
INFO - 34 c1 0b 3c 00 0a 90 00
INFO - 34 c3 4b 3c 00 0a b5 00
INFO - 34 c5 8b 3c 00 0a 9c 00
INFO - 34 c7 cb 3c 00 0a 91 00
INFO - 34 c9 0b 3c 00 0a b4 00
INFO - 34 cb 4b 3c 00 0a b3 00
INFO - 34 cf 8b 3c 00 0b 05 00
INFO - 34 d2 cb 3c 00 0a bf 00
INFO - 34 d4 0b 3c 00 0a 9c 00
INFO - 34 d6 4b 3c 00 0a cb 00
INFO - 34 d8 8b 3c 00 0a 9d 00
INFO - 34 db cb 3c 00 0a d7 00
INFO - 34 dd 0b 3c 00 0a a8 00
INFO - 34 e0 4b 3c 00 0a ac 00
INFO - 34 e2 8b 3c 00 0a bc 00
INFO - 34 e4 cb 3c 00 0a 9d 00
INFO - 34 e6 0b 3c 00 0a ac 00
INFO - 34 ea 4b 3c 00 0b 01 00
INFO - 34 ec 8b 3c 00 0a ac 00
INFO - 34 ef cb 3c 00 0a d7 00
INFO - 34 f1 0b 3c 00 0a aa 00
INFO - 34 f4 4b 3c 00 0a ca 00
INFO - 34 f6 8b 3c 00 0a 99 00
INFO - 34 f9 cb 3c 00 0a cf 00
INFO - 34 fd 0b 3c 00 0b 11 00
INFO - 35 00 4b 3c 00 0a cc 00
INFO - 35 02 8b 3c 00 0a b1 00
INFO - 35 04 cb 3c 00 0a 95 00
INFO - 35 06 0b 3c 00 0a a9 00
INFO - 35 08 4b 3c 00 0a a9 00
INFO - 35 0c 8b 3c 00 0a fb 00
INFO - 35 0e cb 3c 00 0a ab 00
INFO - 35 10 0b 3c 00 0a 94 00
INFO - 35 12 4b 3c 00 0a 9f 00
INFO - 35 14 8b 3c 00 0a a8 00
INFO - 35 16 cb 3c 00 0a c8 00
INFO - 35 18 0b 3c 00 0a a2 00
INFO - 35 1b 4b 3c 00 0a cd 00
INFO - 35 1d 8b 3c 00 0a 97 00
INFO - 35 20 cb 3c 00 0a e0 00
INFO - 35 22 0b 3c 00 0a 92 00
INFO - 35 24 4b 3c 00 0a b5 00
INFO - 35 27 8b 3c 00 0a c1 00
INFO - 35 29 cb 3c 00 0a b9 00
INFO - 35 2c 0b 3c 00 0a bf 00
INFO - 35 2d 4b 3c 00 0a 96 00
INFO - 35 2f 8b 3c 00 0a 9b 00
INFO - 35 33 cb 3c 00 0a e9 00
INFO - 35 35 0b 3c 00 0a b7 00
INFO - 35 37 4b 3c 00 0a 8e 00
INFO - 35 39 8b 3c 00 0a b6 00
INFO - 35 3a cb 3c 00 0a 87 00
INFO - 35 3d 0b 3c 00 0a ce 00
INFO - 35 3f 4b 3c 00 0a a2 00
INFO - 35 41 8b 3c 00 0a 90 00
INFO - 35 43 cb 3c 00 0a b9 00
INFO - 35 45 0b 3c 00 0a 9b 00
INFO - 35 48 4b 3c 00 0a bb 00
INFO - 35 49 8b 3c 00 0a 9e 00
INFO - 35 4c cb 3c 00 0a c4 00
INFO - 35 4e 0b 3c 00 0a 9a 00
INFO - 35 51 4b 3c 00 0a c6 00
INFO - 35 53 8b 3c 00 0a b7 00
INFO - 35 55 cb 3c 00 0a b3 00
INFO - 35 58 0b 3c 00 0a ae 00
INFO - 35 5b 4b 3c 00 0a db 00
INFO - 35 5e 8b 3c 00 0a d0 00
INFO - 35 60 cb 3c 00 0a ce 00
INFO - 35 65 0b 3c 00 0b 17 00
INFO - 35 67 4b 3c 00 0a aa 00
INFO - 35 6a 8b 3c 00 0a c4 00
INFO - 35 6c cb 3c 00 0a aa 00
INFO - 35 6e 0b 3c 00 0a b0 00
INFO - 35 70 4b 3c 00 0a bf 00
INFO - 35 74 8b 3c 00 0a dc 00
INFO - 35 76 cb 3c 00 0a b0 00
INFO - 35 78 0b 3c 00 0a b2 00
INFO - 35 7b 4b 3c 00 0a d0 00
INFO - 35 7d 8b 3c 00 0a a5 00
INFO - 35 7f cb 3c 00 0a 90 00
INFO - 35 81 0b 3c 00 0a a3 00
INFO - 35 83 4b 3c 00 0a b5 00
INFO - 35 85 8b 3c 00 0a b0 00
INFO - 35 87 cb 3c 00 0a 9b 00
INFO - 35 8a 0b 3c 00 0a 8b 00
INFO - 35 8c 4b 3c 00 0a a7 00
INFO - 35 8f 8b 3c 00 0a bc 00
INFO - 35 92 cb 3c 00 0a fb 00
INFO - 35 95 0b 3c 00 0a bd 00
INFO - 35 97 4b 3c 00 0a 94 00
INFO - 35 9a 8b 3c 00 0a d0 00
INFO - 35 9c cb 3c 00 0a b3 00
INFO - 35 9e 0b 3c 00 0a bd 00
INFO - 35 a1 4b 3c 00 0a c4 00
INFO - 35 a4 8b 3c 00 0a c9 00
INFO - 35 a6 cb 3c 00 0a 99 00
INFO - 35 a8 0b 3c 00 0a cf 00
INFO - 35 ab 4b 3c 00 0a bd 00
INFO - 35 ad 8b 3c 00 0a bc 00
INFO - 35 b1 cb 3c 00 0a e6 00
INFO - 35 b3 0b 3c 00 0a 9d 00
INFO - 35 b5 4b 3c 00 0a b7 00
INFO - 35 b7 8b 3c 00 0a 9e 00
INFO - 35 b9 cb 3c 00 0a b5 00
INFO - 35 bc 0b 3c 00 0a cd 00
INFO - 35 bf 4b 3c 00 0a c1 00
INFO - 35 c0 8b 3c 00 0a 92 00
INFO - 35 c3 cb 3c 00 0a c0 00
INFO - 35 c5 0b 3c 00 0a 9d 00
INFO - 35 c7 4b 3c 00 0a a8 00
INFO - 35 c9 8b 3c 00 0a b5 00
INFO - 35 cc cb 3c 00 0a b8 00
INFO - 35 cd 0b 3c 00 0a 99 00
INFO - 35 cf 4b 3c 00 0a 9d 00
INFO - 35 d2 8b 3c 00 0a d6 00
INFO - 35 d4 cb 3c 00 0a 91 00
INFO - 35 d6 0b 3c 00 0a b5 00
INFO - 35 d8 4b 3c 00 0a 91 00
INFO - 35 da 8b 3c 00 0a ac 00
INFO - 35 dd cb 3c 00 0a c7 00
INFO - 35 df 0b 3c 00 0a 9d 00
INFO - 35 e1 4b 3c 00 0a b8 00
INFO - 35 e3 8b 3c 00 0a 8d 00
INFO - 35 e5 cb 3c 00 0a cb 00
INFO - 35 e8 0b 3c 00 0a a9 00
INFO - 35 ea 4b 3c 00 0a cc 00
INFO - 35 ec 8b 3c 00 0a 9d 00
INFO - 35 ef cb 3c 00 0a c4 00
INFO - 35 f0 0b 3c 00 0a 86 00
INFO - 35 f5 4b 3c 00 0b 3b 00
INFO - 35 f7 8b 3c 00 0a 9c 00
INFO - 35 fa cb 3c 00 0a c3 00
INFO - 35 fd 0b 3c 00 0a e9 00
INFO - 35 ff 4b 3c 00 0a a1 00
INFO - 36 02 8b 3c 00 0a c6 00
INFO - 36 04 cb 3c 00 0a be 00
INFO - 36 07 0b 3c 00 0a b7 00
INFO - 36 09 4b 3c 00 0a 97 00
INFO - 36 0b 8b 3c 00 0a b7 00
INFO - 36 0c cb 3c 00 0a 8c 00
INFO - 36 10 0b 3c 00 0a ef 00
INFO - 36 12 4b 3c 00 0a ae 00
INFO - 36 15 8b 3c 00 0a b6 00
INFO - 36 17 cb 3c 00 0a b9 00
INFO - 36 19 0b 3c 00 0a b5 00
INFO - 36 1d 4b 3c 00 0a df 00
INFO - 36 1f 8b 3c 00 0a ca 00
INFO - 36 21 cb 3c 00 0a 96 00
INFO - 36 23 0b 3c 00 0a aa 00
INFO - 36 26 4b 3c 00 0a b2 00
INFO - 36 27 8b 3c 00 0a 98 00
INFO - 36 29 cb 3c 00 0a 9f 00
INFO - 36 2c 0b 3c 00 0a be 00
INFO - 36 2f 4b 3c 00 0a e0 00
INFO - 36 32 8b 3c 00 0a c9 00
INFO - 36 33 cb 3c 00 0a 8e 00
INFO - 36 36 0b 3c 00 0a cc 00
INFO - 36 39 4b 3c 00 0a ca 00
INFO - 36 3c 8b 3c 00 0a c5 00
INFO - 36 3e cb 3c 00 0a aa 00
INFO - 36 40 0b 3c 00 0a bd 00
INFO - 36 42 4b 3c 00 0a 8f 00
INFO - 36 44 8b 3c 00 0a b1 00
INFO - 36 47 cb 3c 00 0a dd 00
INFO - 36 49 0b 3c 00 0a 8f 00
INFO - 36 4b 4b 3c 00 0a 82 00
INFO - 36 4e 8b 3c 00 0a c0 00
INFO - 36 51 cb 3c 00 0a d2 00
INFO - 36 53 0b 3c 00 0a b6 00
INFO - 36 55 4b 3c 00 0a 92 00
INFO - 36 58 8b 3c 00 0a ce 00
INFO - 36 5a cb 3c 00 0a b5 00
INFO - 36 5c 0b 3c 00 0a aa 00
INFO - 36 5f 4b 3c 00 0a d4 00
INFO - 36 61 8b 3c 00 0a 9f 00
INFO - 36 64 cb 3c 00 0a b2 00
INFO - 36 66 0b 3c 00 0a b6 00
INFO - 36 68 4b 3c 00 0a 9e 00
INFO - 36 6a 8b 3c 00 0a 94 00
INFO - 36 6c cb 3c 00 0a c7 00
INFO - 36 6e 0b 3c 00 0a 91 00
INFO - 36 6f 4b 3c 00 0a 8d 00
INFO - 36 71 8b 3c 00 0a 9d 00
INFO - 36 73 cb 3c 00 0a 88 00
INFO - 36 75 0b 3c 00 0a a8 00
INFO - 36 77 4b 3c 00 0a 9a 00
INFO - 36 79 8b 3c 00 0a a0 00
INFO - 36 7b cb 3c 00 0a 9e 00
INFO - 36 7d 0b 3c 00 0a ad 00
INFO - 36 7f 4b 3c 00 0a c9 00
INFO - 36 81 8b 3c 00 0a 93 00
INFO - 36 83 cb 3c 00 0a 92 00
INFO - 36 86 0b 3c 00 0a d0 00
INFO - 36 89 4b 3c 00 0a e1 00
INFO - 36 8b 8b 3c 00 0a 9e 00
INFO - 36 8d cb 3c 00 0a c5 00
INFO - 36 90 0b 3c 00 0a b0 00
INFO - 36 93 4b 3c 00 0a cf 00
INFO - 36 94 8b 3c 00 0a 87 00
INFO - 36 96 cb 3c 00 0a 9c 00
INFO - 36 98 0b 3c 00 0a 92 00
INFO - 36 99 4b 3c 00 0a 8f 00
INFO - 36 9b 8b 3c 00 0a a8 00
INFO - 36 9d cb 3c 00 0a 92 00
INFO - 36 9f 0b 3c 00 0a 9c 00
INFO - 36 a0 4b 3c 00 0a 7d 00
INFO - 36 a3 8b 3c 00 0a c1 00
INFO - 36 a4 cb 3c 00 0a 87 00
INFO - 36 a6 0b 3c 00 0a a1 00
INFO - 36 a8 4b 3c 00 0a af 00
INFO - 36 aa 8b 3c 00 0a b0 00
INFO - 36 ac cb 3c 00 0a 9c 00
INFO - 36 ae 0b 3c 00 0a a6 00
INFO - 36 b0 4b 3c 00 0a 8c 00
INFO - 36 b3 8b 3c 00 0a d9 00
INFO - 36 b6 cb 3c 00 0a c6 00
INFO - 36 b8 0b 3c 00 0a c0 00
INFO - 36 ba 4b 3c 00 0a 87 00
INFO - 36 bc 8b 3c 00 0a 9f 00
INFO - 36 bd cb 3c 00 0a 9b 00
INFO - 36 bf 0b 3c 00 0a 9d 00
INFO - 36 c1 4b 3c 00 0a aa 00
INFO - 36 c4 8b 3c 00 0a c6 00
INFO - 36 c6 cb 3c 00 0a 91 00
INFO - 36 c8 0b 3c 00 0a a5 00
INFO - 36 ca 4b 3c 00 0a 97 00
INFO - 36 cc 8b 3c 00 0a c6 00
INFO - 36 ce cb 3c 00 0a a4 00
INFO - 36 d0 0b 3c 00 0a 9a 00
INFO - 36 d2 4b 3c 00 0a 96 00
INFO - 36 d4 8b 3c 00 0a 95 00
INFO - 36 d6 cb 3c 00 0a ad 00
INFO - 36 d8 0b 3c 00 0a ae 00
INFO - 36 da 4b 3c 00 0a 90 00
INFO - 36 dc 8b 3c 00 0a be 00
INFO - 36 de cb 3c 00 0a 9d 00
INFO - 36 e0 0b 3c 00 0a a4 00
INFO - 36 e2 4b 3c 00 0a 9a 00
INFO - 36 e4 8b 3c 00 0a b9 00
INFO - 36 e7 cb 3c 00 0a b3 00
INFO - 36 e8 0b 3c 00 0a 9d 00
INFO - 36 ea 4b 3c 00 0a 86 00
INFO - 36 ec 8b 3c 00 0a 9a 00
INFO - 36 ed cb 3c 00 0a 87 00
INFO - 36 ef 0b 3c 00 0a 8f 00
INFO - 36 f0 4b 3c 00 0a 8f 00
INFO - 36 f2 8b 3c 00 0a ae 00
INFO - 36 f5 cb 3c 00 0a ae 00
INFO - 36 f6 0b 3c 00 0a 7c 00
INFO - 36 f8 4b 3c 00 0a b4 00
INFO - 36 fa 8b 3c 00 0a 88 00
INFO - 36 fc cb 3c 00 0a ae 00
INFO - 36 fe 0b 3c 00 0a a4 00
INFO - 37 00 4b 3c 00 0a b7 00
INFO - 37 02 8b 3c 00 0a 99 00
INFO - 37 04 cb 3c 00 0a 96 00
INFO - 37 06 0b 3c 00 0a 90 00
INFO - 37 0a 4b 3c 00 0b 2a 00
INFO - 37 0c 8b 3c 00 0a a5 00
INFO - 37 0f cb 3c 00 0a b6 00
INFO - 37 11 0b 3c 00 0a a3 00
INFO - 37 13 4b 3c 00 0a ad 00
INFO - 37 15 8b 3c 00 0a 96 00
INFO - 37 17 cb 3c 00 0a c4 00
INFO - 37 19 0b 3c 00 0a 98 00
INFO - 37 1b 4b 3c 00 0a 99 00
INFO - 37 1d 8b 3c 00 0a 99 00
INFO - 37 1f cb 3c 00 0a b8 00
INFO - 37 21 0b 3c 00 0a 97 00
INFO - 37 23 4b 3c 00 0a 9c 00
INFO - 37 25 8b 3c 00 0a b8 00
INFO - 37 27 cb 3c 00 0a b8 00
INFO - 37 29 0b 3c 00 0a 83 00
INFO - 37 2b 4b 3c 00 0a a8 00
INFO - 37 2d 8b 3c 00 0a ad 00
INFO - 37 2f cb 3c 00 0a 9a 00
INFO - 37 30 0b 3c 00 0a 8d 00
INFO - 37 33 4b 3c 00 0a ba 00
INFO - 37 35 8b 3c 00 0a a5 00
INFO - 37 37 cb 3c 00 0a ad 00
INFO - 37 39 0b 3c 00 0a 9a 00
INFO - 37 3b 4b 3c 00 0a b4 00
INFO - 37 3d 8b 3c 00 0a a7 00
INFO - 37 3f cb 3c 00 0a a2 00
INFO - 37 41 0b 3c 00 0a 85 00
INFO - 37 42 4b 3c 00 0a 8f 00
INFO - 37 44 8b 3c 00 0a 96 00
INFO - 37 47 cb 3c 00 0a d7 00
INFO - 37 49 0b 3c 00 0a 90 00
INFO - 37 4a 4b 3c 00 0a 94 00
INFO - 37 4c 8b 3c 00 0a af 00
INFO - 37 4f cb 3c 00 0a b6 00
INFO - 37 50 0b 3c 00 0a 8f 00
INFO - 37 52 4b 3c 00 0a a2 00
INFO - 37 54 8b 3c 00 0a 98 00
INFO - 37 57 cb 3c 00 0a b5 00
INFO - 37 59 0b 3c 00 0a c0 00
INFO - 37 5b 4b 3c 00 0a 9f 00
INFO - 37 5d 8b 3c 00 0a 91 00
INFO - 37 5e cb 3c 00 0a 8e 00
INFO - 37 60 0b 3c 00 0a a2 00
INFO - 37 62 4b 3c 00 0a b2 00
INFO - 37 64 8b 3c 00 0a 9b 00
INFO - 37 67 cb 3c 00 0a d3 00
INFO - 37 69 0b 3c 00 0a 8f 00
INFO - 37 6c 4b 3c 00 0a cb 00
INFO - 37 6d 8b 3c 00 0a 93 00
INFO - 37 70 cb 3c 00 0a c3 00
INFO - 37 72 0b 3c 00 0a c0 00
INFO - 37 74 4b 3c 00 0a 96 00
INFO - 37 76 8b 3c 00 0a 9f 00
INFO - 37 78 cb 3c 00 0a 92 00
INFO - 37 79 0b 3c 00 0a 7b 00
INFO - 37 7d 4b 3c 00 0a f1 00
INFO - 37 7e 8b 3c 00 0a 99 00
INFO - 37 80 cb 3c 00 0a 9f 00
INFO - 37 82 0b 3c 00 0a 92 00
INFO - 37 84 4b 3c 00 0a a2 00
INFO - 37 86 8b 3c 00 0a a2 00
INFO - 37 87 cb 3c 00 0a 85 00
INFO - 37 8a 0b 3c 00 0a bf 00
INFO - 37 8c 4b 3c 00 0a b5 00
INFO - 37 8e 8b 3c 00 0a 98 00
INFO - 37 90 cb 3c 00 0a 98 00
INFO - 37 92 0b 3c 00 0a bc 00
INFO - 37 94 4b 3c 00 0a ae 00
INFO - 37 97 8b 3c 00 0a b6 00
INFO - 37 98 cb 3c 00 0a 83 00
INFO - 37 9a 0b 3c 00 0a 98 00
INFO - 37 9c 4b 3c 00 0a a2 00
INFO - 37 9e 8b 3c 00 0a c6 00
INFO - 37 a0 cb 3c 00 0a 92 00
INFO - 37 a2 0b 3c 00 0a 8f 00
INFO - 37 a3 4b 3c 00 0a 85 00
INFO - 37 a4 8b 3c 00 0a 7d 00
INFO - 37 a6 cb 3c 00 0a 95 00
INFO - 37 a8 0b 3c 00 0a 8f 00
INFO - 37 a9 4b 3c 00 0a 93 00
INFO - 37 ab 8b 3c 00 0a 9a 00
INFO - 37 ac cb 3c 00 0a 85 00
INFO - 37 ae 0b 3c 00 0a 9a 00
INFO - 37 b0 4b 3c 00 0a 98 00
INFO - 37 b3 8b 3c 00 0a ce 00
INFO - 37 b5 cb 3c 00 0a b8 00
INFO - 37 b7 0b 3c 00 0a ae 00
INFO - 37 b9 4b 3c 00 0a a1 00
INFO - 37 bb 8b 3c 00 0a 9d 00
INFO - 37 bd cb 3c 00 0a 87 00
INFO - 37 bf 0b 3c 00 0a ad 00
INFO - 37 c1 4b 3c 00 0a b8 00
INFO - 37 c4 8b 3c 00 0a af 00
INFO - 37 c5 cb 3c 00 0a 90 00
INFO - 37 c7 0b 3c 00 0a a4 00
INFO - 37 c8 4b 3c 00 0a 79 00
INFO - 37 cb 8b 3c 00 0a b5 00
INFO - 37 cc cb 3c 00 0a 8c 00
INFO - 37 ce 0b 3c 00 0a a3 00
INFO - 37 d0 4b 3c 00 0a 92 00
INFO - 37 d2 8b 3c 00 0a ae 00
INFO - 37 d4 cb 3c 00 0a 97 00
INFO - 37 d6 0b 3c 00 0a a7 00
INFO - 37 d8 4b 3c 00 0a a4 00
INFO - 37 da 8b 3c 00 0a a5 00
INFO - 37 dc cb 3c 00 0a c0 00
INFO - 37 df 0b 3c 00 0a ba 00
INFO - 37 e2 4b 3c 00 0a c2 00
INFO - 37 e4 8b 3c 00 0a af 00
INFO - 37 e7 cb 3c 00 0a ec 00
INFO - 37 ea 0b 3c 00 0a b5 00
INFO - 37 eb 4b 3c 00 0a 93 00
INFO - 37 ed 8b 3c 00 0a 9b 00
INFO - 37 ee cb 3c 00 0a 86 00
INFO - 37 f0 0b 3c 00 0a a5 00
INFO - 37 f2 4b 3c 00 0a 8e 00
INFO - 37 f4 8b 3c 00 0a b1 00
INFO - 37 f6 cb 3c 00 0a 9a 00
INFO - 37 f8 0b 3c 00 0a 9b 00
INFO - 37 fa 4b 3c 00 0a a5 00
INFO - 37 fc 8b 3c 00 0a b6 00
INFO - 37 ff cb 3c 00 0a ac 00
INFO - 38 01 0b 3c 00 0a ae 00
INFO - 38 03 4b 3c 00 0a 9a 00
INFO - 38 04 8b 3c 00 0a 98 00
INFO - 38 06 cb 3c 00 0a 9b 00
INFO - 38 08 0b 3c 00 0a 8f 00
INFO - 38 0a 4b 3c 00 0a a4 00
INFO - 38 0d 8b 3c 00 0a cb 00
INFO - 38 0f cb 3c 00 0a aa 00
INFO - 38 11 0b 3c 00 0a ba 00
INFO - 38 13 4b 3c 00 0a 8d 00
INFO - 38 16 8b 3c 00 0a d3 00
INFO - 38 18 cb 3c 00 0a a1 00
INFO - 38 1a 0b 3c 00 0a 9e 00
INFO - 38 1b 4b 3c 00 0a 91 00
INFO - 38 1d 8b 3c 00 0a 97 00
INFO - 38 1f cb 3c 00 0a a1 00
INFO - 38 21 0b 3c 00 0a a6 00
INFO - 38 23 4b 3c 00 0a 99 00
INFO - 38 24 8b 3c 00 0a 96 00
INFO - 38 26 cb 3c 00 0a 9f 00
INFO - 38 29 0b 3c 00 0a ce 00
INFO - 38 2a 4b 3c 00 0a 7f 00
INFO - 38 2d 8b 3c 00 0a bf 00
INFO - 38 2e cb 3c 00 0a 81 00
INFO - 38 30 0b 3c 00 0a 9e 00
INFO - 38 32 4b 3c 00 0a 95 00
INFO - 38 34 8b 3c 00 0a 94 00
INFO - 38 36 cb 3c 00 0a b1 00
INFO - 38 38 0b 3c 00 0a a3 00
INFO - 38 39 4b 3c 00 0a 67 00
INFO - 38 3b 8b 3c 00 0a 78 00
INFO - 38 3d cb 3c 00 0a b0 00
INFO - 38 3f 0b 3c 00 0a 9e 00
INFO - 38 41 4b 3c 00 0a ac 00
INFO - 38 43 8b 3c 00 0a a9 00
INFO - 38 44 cb 3c 00 0a 81 00
INFO - 38 46 0b 3c 00 0a 90 00
INFO - 38 48 4b 3c 00 0a a1 00
INFO - 38 49 8b 3c 00 0a 89 00
INFO - 38 4b cb 3c 00 0a 9c 00
INFO - 38 4d 0b 3c 00 0a 9c 00
INFO - 38 4f 4b 3c 00 0a be 00
INFO - 38 51 8b 3c 00 0a 8d 00
INFO - 38 53 cb 3c 00 0a 9b 00
INFO - 38 55 0b 3c 00 0a 9c 00
INFO - 38 57 4b 3c 00 0a a2 00
INFO - 38 59 8b 3c 00 0a a8 00
INFO - 38 5a cb 3c 00 0a 89 00
INFO - 38 5c 0b 3c 00 0a 8b 00
INFO - 38 5e 4b 3c 00 0a b7 00
INFO - 38 5f 8b 3c 00 0a 80 00
INFO - 38 62 cb 3c 00 0a af 00
INFO - 38 64 0b 3c 00 0a a2 00
INFO - 38 66 4b 3c 00 0a 9f 00
INFO - 38 67 8b 3c 00 0a 94 00
INFO - 38 6a cb 3c 00 0a b7 00
INFO - 38 6c 0b 3c 00 0a ab 00
INFO - 38 6d 4b 3c 00 0a 83 00
INFO - 38 6f 8b 3c 00 0a ae 00
INFO - 38 71 cb 3c 00 0a ab 00
INFO - 38 73 0b 3c 00 0a 9f 00
INFO - 38 75 4b 3c 00 0a 93 00
INFO - 38 77 8b 3c 00 0a b5 00
INFO - 38 79 cb 3c 00 0a 8f 00
INFO - 38 7b 0b 3c 00 0a 9e 00
INFO - 38 7d 4b 3c 00 0a 9b 00
INFO - 38 7e 8b 3c 00 0a 91 00
INFO - 38 80 cb 3c 00 0a 93 00
INFO - 38 82 0b 3c 00 0a 90 00
INFO - 38 83 4b 3c 00 0a 8d 00
INFO - 38 85 8b 3c 00 0a ae 00
INFO - 38 87 cb 3c 00 0a 9a 00
INFO - 38 89 0b 3c 00 0a 86 00
INFO - 38 8a 4b 3c 00 0a 7e 00
INFO - 38 8c 8b 3c 00 0a a1 00
INFO - 38 8d cb 3c 00 0a 8f 00
INFO - 38 8f 0b 3c 00 0a 7d 00
INFO - 38 91 4b 3c 00 0a cb 00
INFO - 38 93 8b 3c 00 0a 97 00
INFO - 38 94 cb 3c 00 0a 74 00
INFO - 38 97 0b 3c 00 0a db 00
INFO - 38 99 4b 3c 00 0a 84 00
INFO - 38 9b 8b 3c 00 0a bd 00
INFO - 38 9e cb 3c 00 0a c2 00
INFO - 38 9f 0b 3c 00 0a 8b 00
INFO - 38 a2 4b 3c 00 0a c3 00
INFO - 38 a3 8b 3c 00 0a 8e 00
INFO - 38 a6 cb 3c 00 0a ad 00
INFO - 38 a7 0b 3c 00 0a 7a 00
INFO - 38 a9 4b 3c 00 0a a1 00
INFO - 38 ab 8b 3c 00 0a a3 00
INFO - 38 ac cb 3c 00 0a 7e 00
INFO - 38 ad 0b 3c 00 0a 8c 00
INFO - 38 af 4b 3c 00 0a 91 00
INFO - 38 b0 8b 3c 00 0a 79 00
INFO - 38 b1 cb 3c 00 0a 80 00
INFO - 38 b3 0b 3c 00 0a 79 00
INFO - 38 b4 4b 3c 00 0a 81 00
INFO - 38 b5 8b 3c 00 0a 85 00
INFO - 38 b7 cb 3c 00 0a a0 00
INFO - 38 b9 0b 3c 00 0a 8c 00
INFO - 38 ba 4b 3c 00 0a 80 00
INFO - 38 bb 8b 3c 00 0a 88 00
INFO - 38 bd cb 3c 00 0a a1 00
INFO - 38 c0 0b 3c 00 0a ab 00
INFO - 38 c1 4b 3c 00 0a 90 00
INFO - 38 c3 8b 3c 00 0a 8b 00
INFO - 38 c4 cb 3c 00 0a 88 00
INFO - 38 c5 0b 3c 00 0a 80 00
INFO - 38 c7 4b 3c 00 0a 98 00
INFO - 38 c9 8b 3c 00 0a 9f 00
INFO - 38 ca cb 3c 00 0a 78 00
INFO - 38 cc 0b 3c 00 0a 84 00
INFO - 38 cd 4b 3c 00 0a 88 00
INFO - 38 cf 8b 3c 00 0a 8c 00
INFO - 38 d0 cb 3c 00 0a 8a 00
INFO - 38 d2 0b 3c 00 0a a1 00
INFO - 38 d3 4b 3c 00 0a 85 00
INFO - 38 d5 8b 3c 00 0a 81 00
INFO - 38 d6 cb 3c 00 0a 8d 00
INFO - 38 d8 0b 3c 00 0a 82 00
INFO - 38 d9 4b 3c 00 0a 8a 00
INFO - 38 db 8b 3c 00 0a 8b 00
INFO - 38 dc cb 3c 00 0a 95 00
INFO - 38 de 0b 3c 00 0a 7e 00
INFO - 38 df 4b 3c 00 0a 94 00
INFO - 38 e2 8b 3c 00 0a c2 00
INFO - 38 e4 cb 3c 00 0a b8 00
INFO - 38 e6 0b 3c 00 0a 99 00
INFO - 38 e8 4b 3c 00 0a a2 00
INFO - 38 ea 8b 3c 00 0a 9f 00
INFO - 38 eb cb 3c 00 0a 85 00
INFO - 38 ed 0b 3c 00 0a 96 00
INFO - 38 ef 4b 3c 00 0a 8d 00
INFO - 38 f1 8b 3c 00 0a a8 00
INFO - 38 f2 cb 3c 00 0a 7a 00
INFO - 38 f4 0b 3c 00 0a 98 00
INFO - 38 f6 4b 3c 00 0a c8 00
INFO - 38 f8 8b 3c 00 0a 92 00
INFO - 38 fa cb 3c 00 0a 96 00
INFO - 38 fc 0b 3c 00 0a a8 00
INFO - 38 fd 4b 3c 00 0a 83 00
INFO - 38 ff 8b 3c 00 0a 90 00
INFO - 39 00 cb 3c 00 0a 8f 00
INFO - 39 02 0b 3c 00 0a 8f 00
INFO - 39 03 4b 3c 00 0a 7d 00
INFO - 39 05 8b 3c 00 0a a9 00
INFO - 39 07 cb 3c 00 0a af 00
INFO - 39 09 0b 3c 00 0a 88 00
INFO - 39 0c 4b 3c 00 0a cc 00
INFO - 39 0e 8b 3c 00 0a a0 00
INFO - 39 0f cb 3c 00 0a 95 00
INFO - 39 11 0b 3c 00 0a 92 00
INFO - 39 13 4b 3c 00 0a b2 00
INFO - 39 15 8b 3c 00 0a 9e 00
INFO - 39 17 cb 3c 00 0a 93 00
INFO - 39 19 0b 3c 00 0a 97 00
INFO - 39 1a 4b 3c 00 0a 8f 00
INFO - 39 1c 8b 3c 00 0a a1 00
INFO - 39 1f cb 3c 00 0a cd 00
INFO - 39 21 0b 3c 00 0a 90 00
INFO - 39 22 4b 3c 00 0a 96 00
INFO - 39 24 8b 3c 00 0a 87 00
INFO - 39 26 cb 3c 00 0a 9c 00
INFO - 39 27 0b 3c 00 0a 91 00
INFO - 39 29 4b 3c 00 0a a0 00
INFO - 39 2b 8b 3c 00 0a 95 00
INFO - 39 2d cb 3c 00 0a ac 00
INFO - 39 2e 0b 3c 00 0a 85 00
INFO - 39 31 4b 3c 00 0a a7 00
INFO - 39 32 8b 3c 00 0a 80 00
INFO - 39 34 cb 3c 00 0a a5 00
INFO - 39 35 0b 3c 00 0a 8f 00
INFO - 39 38 4b 3c 00 0a a8 00
INFO - 39 39 8b 3c 00 0a 93 00
INFO - 39 3b cb 3c 00 0a 90 00
INFO - 39 3d 0b 3c 00 0a a9 00
INFO - 39 3e 4b 3c 00 0a 86 00
INFO - 39 40 8b 3c 00 0a a7 00
INFO - 39 43 cb 3c 00 0a bd 00
INFO - 39 45 0b 3c 00 0a a8 00
INFO - 39 47 4b 3c 00 0a 98 00
INFO - 39 4a 8b 3c 00 0a e8 00
INFO - 39 4b cb 3c 00 0a 7d 00
INFO - 39 4d 0b 3c 00 0a 8b 00
INFO - 39 4f 4b 3c 00 0a a5 00
INFO - 39 51 8b 3c 00 0a aa 00
INFO - 39 52 cb 3c 00 0a 7f 00
INFO - 39 54 0b 3c 00 0a 89 00
INFO - 39 56 4b 3c 00 0a bf 00
INFO - 39 59 8b 3c 00 0a b8 00
INFO - 39 5a cb 3c 00 0a 8f 00
INFO - 39 5c 0b 3c 00 0a 68 00
INFO - 39 5e 4b 3c 00 0a 93 00
INFO - 39 60 8b 3c 00 0a a9 00
INFO - 39 61 cb 3c 00 0a 87 00
INFO - 39 63 0b 3c 00 0a a6 00
INFO - 39 64 4b 3c 00 0a 7b 00
INFO - 39 66 8b 3c 00 0a a4 00
INFO - 39 68 cb 3c 00 0a a2 00
INFO - 39 6a 0b 3c 00 0a a8 00
INFO - 39 6c 4b 3c 00 0a 98 00
INFO - 39 6e 8b 3c 00 0a 9c 00
INFO - 39 70 cb 3c 00 0a 8b 00
INFO - 39 71 0b 3c 00 0a 99 00
INFO - 39 73 4b 3c 00 0a aa 00
INFO - 39 75 8b 3c 00 0a 8f 00
INFO - 39 76 cb 3c 00 0a 7d 00
INFO - 39 79 0b 3c 00 0a c4 00
INFO - 39 7b 4b 3c 00 0a 96 00
INFO - 39 7d 8b 3c 00 0a b3 00
INFO - 39 7e cb 3c 00 0a 86 00
INFO - 39 81 0b 3c 00 0a ac 00
INFO - 39 82 4b 3c 00 0a 86 00
INFO - 39 84 8b 3c 00 0a 93 00
INFO - 39 85 cb 3c 00 0a 8e 00
INFO - 39 87 0b 3c 00 0a 97 00
INFO - 39 88 4b 3c 00 0a 8c 00
INFO - 39 8b 8b 3c 00 0a ac 00
INFO - 39 8c cb 3c 00 0a 8e 00
INFO - 39 8e 0b 3c 00 0a a3 00
INFO - 39 90 4b 3c 00 0a 96 00
INFO - 39 92 8b 3c 00 0a a7 00
INFO - 39 94 cb 3c 00 0a af 00
INFO - 39 96 0b 3c 00 0a 90 00
INFO - 39 98 4b 3c 00 0a 93 00
INFO - 39 99 8b 3c 00 0a 8d 00
INFO - 39 9b cb 3c 00 0a 8d 00
INFO - 39 9c 0b 3c 00 0a 8d 00
INFO - 39 9e 4b 3c 00 0a 8e 00
INFO - 39 a1 8b 3c 00 0a d3 00
INFO - 39 a3 cb 3c 00 0a 9a 00
INFO - 39 a4 0b 3c 00 0a 97 00
INFO - 39 a7 4b 3c 00 0a b6 00
INFO - 39 a9 8b 3c 00 0a a9 00
INFO - 39 aa cb 3c 00 0a 7d 00
INFO - 39 ab 0b 3c 00 0a 86 00
INFO - 39 ad 4b 3c 00 0a 9f 00
INFO - 39 af 8b 3c 00 0a a1 00
INFO - 39 b1 cb 3c 00 0a 97 00
INFO - 39 b2 0b 3c 00 0a 7e 00
INFO - 39 b4 4b 3c 00 0a 9d 00
INFO - 39 b6 8b 3c 00 0a 92 00
INFO - 39 b8 cb 3c 00 0a a9 00
INFO - 39 b9 0b 3c 00 0a 7f 00
INFO - 39 bb 4b 3c 00 0a 87 00
INFO - 39 bc 8b 3c 00 0a 87 00
INFO - 39 bd cb 3c 00 0a 7f 00
INFO - 39 c0 0b 3c 00 0a b1 00
INFO - 39 c1 4b 3c 00 0a 83 00
INFO - 39 c2 8b 3c 00 0a 89 00
INFO - 39 c4 cb 3c 00 0a 88 00
INFO - 39 c6 0b 3c 00 0a 9b 00
INFO - 39 c7 4b 3c 00 0a 7f 00
INFO - 39 c8 8b 3c 00 0a 8a 00
INFO - 39 ca cb 3c 00 0a 8a 00
INFO - 39 cc 0b 3c 00 0a 93 00
INFO - 39 ce 4b 3c 00 0a a3 00
INFO - 39 cf 8b 3c 00 0a 84 00
INFO - 39 d2 cb 3c 00 0a cd 00
INFO - 39 d4 0b 3c 00 0a 9e 00
INFO - 39 d6 4b 3c 00 0a bb 00
INFO - 39 d9 8b 3c 00 0a bb 00
INFO - 39 da cb 3c 00 0a 96 00
INFO - 39 dc 0b 3c 00 0a 8c 00
INFO - 39 e1 4b 3c 00 0b 40 00
INFO - 39 e2 8b 3c 00 0a 85 00
INFO - 39 e4 cb 3c 00 0a a1 00
INFO - 39 e6 0b 3c 00 0a 88 00
INFO - 39 e7 4b 3c 00 0a 86 00
INFO - 39 e9 8b 3c 00 0a a3 00
INFO - 39 eb cb 3c 00 0a 94 00
INFO - 39 ec 0b 3c 00 0a 69 00
INFO - 39 ee 4b 3c 00 0a 88 00
INFO - 39 f0 8b 3c 00 0a ba 00
INFO - 39 f3 cb 3c 00 0a aa 00
INFO - 39 f5 0b 3c 00 0a c9 00
INFO - 39 f7 4b 3c 00 0a a9 00
INFO - 39 f9 8b 3c 00 0a 9e 00
INFO - 39 fb cb 3c 00 0a 97 00
INFO - 39 ff 0b 3c 00 0b 02 00
INFO - 3a 01 4b 3c 00 0a b6 00
INFO - 3a 04 8b 3c 00 0a ba 00
INFO - 3a 06 cb 3c 00 0a 96 00
INFO - 3a 08 0b 3c 00 0a a5 00
INFO - 3a 0a 4b 3c 00 0a b8 00
INFO - 3a 0c 8b 3c 00 0a af 00
INFO - 3a 0f cb 3c 00 0a d1 00
INFO - 3a 11 0b 3c 00 0a b3 00
INFO - 3a 13 4b 3c 00 0a a3 00
INFO - 3a 15 8b 3c 00 0a a6 00
INFO - 3a 18 cb 3c 00 0a ca 00
INFO - 3a 1a 0b 3c 00 0a a5 00
INFO - 3a 1d 4b 3c 00 0a be 00
INFO - 3a 1f 8b 3c 00 0a a7 00
INFO - 3a 21 cb 3c 00 0a b5 00
INFO - 3a 24 0b 3c 00 0a c9 00
INFO - 3a 26 4b 3c 00 0a b4 00
INFO - 3a 29 8b 3c 00 0a b6 00
INFO - 3a 2b cb 3c 00 0a bf 00
INFO - 3a 2e 0b 3c 00 0a b5 00
INFO - 3a 30 4b 3c 00 0a aa 00
INFO - 3a 31 8b 3c 00 0a 92 00
INFO - 3a 34 cb 3c 00 0a cc 00
INFO - 3a 36 0b 3c 00 0a a9 00
INFO - 3a 39 4b 3c 00 0a c1 00
INFO - 3a 3b 8b 3c 00 0a b6 00
INFO - 3a 3e cb 3c 00 0a cc 00
INFO - 3a 40 0b 3c 00 0a 9e 00
INFO - 3a 43 4b 3c 00 0a cc 00
INFO - 3a 45 8b 3c 00 0a 9e 00
INFO - 3a 47 cb 3c 00 0a 9d 00
INFO - 3a 49 0b 3c 00 0a a9 00
INFO - 3a 4c 4b 3c 00 0a cc 00
INFO - 3a 4e 8b 3c 00 0a b5 00
INFO - 3a 50 cb 3c 00 0a c0 00
INFO - 3a 53 0b 3c 00 0a b4 00
INFO - 3a 56 4b 3c 00 0a e3 00
INFO - 3a 58 8b 3c 00 0a 91 00
INFO - 3a 5b cb 3c 00 0a d7 00
INFO - 3a 5d 0b 3c 00 0a 9d 00
INFO - 3a 5e 4b 3c 00 0a 9c 00
INFO - 3a 61 8b 3c 00 0a bf 00
INFO - 3a 64 cb 3c 00 0a ca 00
INFO - 3a 66 0b 3c 00 0a 9d 00
INFO - 3a 68 4b 3c 00 0a bf 00
INFO - 3a 6b 8b 3c 00 0a e1 00
INFO - 3a 6d cb 3c 00 0a 9c 00
INFO - 3a 6f 0b 3c 00 0a a8 00
INFO - 3a 73 4b 3c 00 0a ec 00
INFO - 3a 75 8b 3c 00 0a be 00
INFO - 3a 77 cb 3c 00 0a a7 00
INFO - 3a 7a 0b 3c 00 0a bd 00
INFO - 3a 7c 4b 3c 00 0a b2 00
INFO - 3a 7f 8b 3c 00 0a d4 00
INFO - 3a 81 cb 3c 00 0a a6 00
INFO - 3a 83 0b 3c 00 0a a6 00
INFO - 3a 86 4b 3c 00 0a 7f 00
INFO - 3a 88 8b 3c 00 0a b1 00
INFO - 3a 8a cb 3c 00 0a a6 00
INFO - 3a 8d 0b 3c 00 0a bd 00
INFO - 3a 8e 4b 3c 00 0a 8f 00
INFO - 3a 91 8b 3c 00 0a bb 00
INFO - 3a 93 cb 3c 00 0a 9a 00
INFO - 3a 95 0b 3c 00 0a b0 00
INFO - 3a 97 4b 3c 00 0a 9b 00
INFO - 3a 99 8b 3c 00 0a 9a 00
INFO - 3a 9c cb 3c 00 0a d4 00
INFO - 3a 9f 0b 3c 00 0a dd 00
INFO - 3a a1 4b 3c 00 0a a7 00
INFO - 3a a3 8b 3c 00 0a b0 00
INFO - 3a a5 cb 3c 00 0a b2 00
INFO - 3a a7 0b 3c 00 0a a8 00
INFO - 3a a9 4b 3c 00 0a a4 00
INFO - 3a ab 8b 3c 00 0a 9c 00
INFO - 3a ae cb 3c 00 0a bf 00
INFO - 3a b0 0b 3c 00 0a 99 00
INFO - 3a b3 4b 3c 00 0a e3 00
INFO - 3a b5 8b 3c 00 0a b0 00
INFO - 3a b7 cb 3c 00 0a b3 00
INFO - 3a ba 0b 3c 00 0a cc 00
INFO - 3a bc 4b 3c 00 0a a7 00
INFO - 3a be 8b 3c 00 0a a5 00
INFO - 3a c1 cb 3c 00 0a b4 00
INFO - 3a c3 0b 3c 00 0a 9c 00
INFO - 3a c5 4b 3c 00 0a aa 00
INFO - 3a c6 8b 3c 00 0a 9a 00
INFO - 3a c9 cb 3c 00 0a cc 00
INFO - 3a cb 0b 3c 00 0a 9f 00
INFO - 3a cd 4b 3c 00 0a a6 00
INFO - 3a cf 8b 3c 00 0a ab 00
INFO - 3a d2 cb 3c 00 0a d7 00
INFO - 3a d4 0b 3c 00 0a 9b 00
INFO - 3a d7 4b 3c 00 0a cc 00
INFO - 3a d9 8b 3c 00 0a ac 00
INFO - 3a dc cb 3c 00 0a c1 00
INFO - 3a de 0b 3c 00 0a b2 00
INFO - 3a e2 4b 3c 00 0b 0b 00
INFO - 3a e5 8b 3c 00 0a c2 00
INFO - 3a e8 cb 3c 00 0a d9 00
INFO - 3a eb 0b 3c 00 0a c0 00
INFO - 3a ed 4b 3c 00 0a ab 00
INFO - 3a ef 8b 3c 00 0a be 00
INFO - 3a f3 cb 3c 00 0a f4 00
INFO - 3a f6 0b 3c 00 0a d6 00
INFO - 3a f8 4b 3c 00 0a b9 00
INFO - 3a fa 8b 3c 00 0a 92 00
INFO - 3a fc cb 3c 00 0a b6 00
INFO - 3a fe 0b 3c 00 0a 92 00
INFO - 3b 00 4b 3c 00 0a aa 00
INFO - 3b 02 8b 3c 00 0a 8e 00
INFO - 3b 04 cb 3c 00 0a a2 00
INFO - 3b 06 0b 3c 00 0a 9d 00
INFO - 3b 07 4b 3c 00 0a 9d 00
INFO - 3b 09 8b 3c 00 0a 9d 00
INFO - 3b 0b cb 3c 00 0a a9 00
INFO - 3b 0d 0b 3c 00 0a 9d 00
INFO - 3b 14 4b 3c 00 0b a8 00
INFO - 3b 16 8b 3c 00 0a 98 00
INFO - 3b 18 cb 3c 00 0a ad 00
INFO - 3b 1a 0b 3c 00 0a 68 00
INFO - 3b 1e 4b 3c 00 0b 04 00
INFO - 3b 20 8b 3c 00 0a 91 00
INFO - 3b 22 cb 3c 00 0a ca 00
INFO - 3b 24 0b 3c 00 0a a8 00
INFO - 3b 27 4b 3c 00 0a b6 00
INFO - 3b 29 8b 3c 00 0a bc 00
INFO - 3b 2b cb 3c 00 0a a8 00
INFO - 3b 2e 0b 3c 00 0a b4 00
INFO - 3b 31 4b 3c 00 0a e2 00
INFO - 3b 33 8b 3c 00 0a 91 00
INFO - 3b 35 cb 3c 00 0a c0 00
INFO - 3b 38 0b 3c 00 0a d6 00
INFO - 3b 3b 4b 3c 00 0a ca 00
INFO - 3b 3e 8b 3c 00 0a bf 00
INFO - 3b 3f cb 3c 00 0a 9d 00
INFO - 3b 41 0b 3c 00 0a 9c 00
INFO - 3b 44 4b 3c 00 0a bf 00
INFO - 3b 48 8b 3c 00 0b 04 00
INFO - 3b 4a cb 3c 00 0a b3 00
INFO - 3b 4c 0b 3c 00 0a aa 00
INFO - 3b 4e 4b 3c 00 0a a4 00
INFO - 3b 50 8b 3c 00 0a 90 00
INFO - 3b 52 cb 3c 00 0a a7 00
INFO - 3b 54 0b 3c 00 0a b5 00
INFO - 3b 56 4b 3c 00 0a 99 00
INFO - 3b 58 8b 3c 00 0a 90 00
INFO - 3b 5a cb 3c 00 0a bf 00
INFO - 3b 5d 0b 3c 00 0a ba 00
INFO - 3b 5e 4b 3c 00 0a 90 00
INFO - 3b 63 8b 3c 00 0b 23 00
INFO - 3b 65 cb 3c 00 0a a6 00
INFO - 3b 67 0b 3c 00 0a a2 00
INFO - 3b 69 4b 3c 00 0a a5 00
INFO - 3b 6b 8b 3c 00 0a b2 00
INFO - 3b 6d cb 3c 00 0a a2 00
INFO - 3b 70 0b 3c 00 0a bc 00
INFO - 3b 72 4b 3c 00 0a a2 00
INFO - 3b 74 8b 3c 00 0a bb 00
INFO - 3b 76 cb 3c 00 0a 96 00
INFO - 3b 78 0b 3c 00 0a b0 00
INFO - 3b 7a 4b 3c 00 0a ac 00
INFO - 3b 7c 8b 3c 00 0a a5 00
INFO - 3b 7e cb 3c 00 0a ab 00
INFO - 3b 81 0b 3c 00 0a af 00
INFO - 3b 83 4b 3c 00 0a a0 00
INFO - 3b 85 8b 3c 00 0a a4 00
INFO - 3b 87 cb 3c 00 0a b8 00
INFO - 3b 89 0b 3c 00 0a ab 00
INFO - 3b 8b 4b 3c 00 0a 98 00
INFO - 3b 8d 8b 3c 00 0a ac 00
INFO - 3b 90 cb 3c 00 0a b5 00
INFO - 3b 91 0b 3c 00 0a 99 00
INFO - 3b 94 4b 3c 00 0a d7 00
INFO - 3b 98 8b 3c 00 0a e1 00
INFO - 3b 9a cb 3c 00 0a a4 00
INFO - 3b 9c 0b 3c 00 0a b7 00
INFO - 3b 9e 4b 3c 00 0a ab 00
INFO - 3b a1 8b 3c 00 0a cd 00
INFO - 3b a4 cb 3c 00 0a c4 00
INFO - 3b a5 0b 3c 00 0a 8c 00
INFO - 3b a7 4b 3c 00 0a 98 00
INFO - 3b a9 8b 3c 00 0a a3 00
INFO - 3b ab cb 3c 00 0a ac 00
INFO - 3b ad 0b 3c 00 0a af 00
INFO - 3b af 4b 3c 00 0a 98 00
INFO - 3b b1 8b 3c 00 0a ae 00
INFO - 3b b3 cb 3c 00 0a a3 00
INFO - 3b b5 0b 3c 00 0a ae 00
INFO - 3b b7 4b 3c 00 0a a3 00
INFO - 3b ba 8b 3c 00 0a b8 00
INFO - 3b bc cb 3c 00 0a 9b 00
INFO - 3b be 0b 3c 00 0a ae 00
INFO - 3b c0 4b 3c 00 0a 77 00
INFO - 3b c2 8b 3c 00 0a 98 00
INFO - 3b c4 cb 3c 00 0a ba 00
INFO - 3b c6 0b 3c 00 0a 98 00
INFO - 3b c9 4b 3c 00 0a ba 00
INFO - 3b cd 8b 3c 00 0b 32 00
INFO - 3b cf cb 3c 00 0a 98 00
INFO - 3b d1 0b 3c 00 0a ae 00
INFO - 3b d3 4b 3c 00 0a a3 00
INFO - 3b d6 8b 3c 00 0a ae 00
INFO - 3b d8 cb 3c 00 0a ae 00
INFO - 3b da 0b 3c 00 0a b9 00
INFO - 3b dd 4b 3c 00 0a c3 00
INFO - 3b df 8b 3c 00 0a b9 00
INFO - 3b e2 cb 3c 00 0a c3 00
INFO - 3b e4 0b 3c 00 0a 99 00
INFO - 3b e7 4b 3c 00 0a e2 00
INFO - 3b e9 8b 3c 00 0a 8c 00
INFO - 3b eb cb 3c 00 0a ac 00
INFO - 3b ed 0b 3c 00 0a ad 00
INFO - 3b ef 4b 3c 00 0a b7 00
INFO - 3b f2 8b 3c 00 0a b7 00
INFO - 3b f4 cb 3c 00 0a b7 00
INFO - 3b f6 0b 3c 00 0a 96 00
INFO - 3b f8 4b 3c 00 0a c1 00
INFO - 3b fa 8b 3c 00 0a a2 00
INFO - 3b fd cb 3c 00 0a b4 00
INFO - 3b ff 0b 3c 00 0a a0 00
INFO - 3c 01 4b 3c 00 0a aa 00
INFO - 3c 03 8b 3c 00 0a ab 00
INFO - 3c 06 cb 3c 00 0a cb 00
INFO - 3c 07 0b 3c 00 0a 95 00
INFO - 3c 0a 4b 3c 00 0a b6 00
INFO - 3c 0c 8b 3c 00 0a b3 00
INFO - 3c 0e cb 3c 00 0a 95 00
INFO - 3c 10 0b 3c 00 0a 9f 00
INFO - 3c 12 4b 3c 00 0a a1 00
INFO - 3c 14 8b 3c 00 0a 9e 00
INFO - 3c 16 cb 3c 00 0a aa 00
INFO - 3c 17 0b 3c 00 0a 96 00
INFO - 3c 1a 4b 3c 00 0a bd 00
INFO - 3c 1c 8b 3c 00 0a 95 00
INFO - 3c 1e cb 3c 00 0a cb 00
INFO - 3c 20 0b 3c 00 0a 93 00
INFO - 3c 22 4b 3c 00 0a 97 00
INFO - 3c 24 8b 3c 00 0a b3 00
INFO - 3c 26 cb 3c 00 0a 96 00
INFO - 3c 28 0b 3c 00 0a a9 00
INFO - 3c 2a 4b 3c 00 0a 8a 00
INFO - 3c 2c 8b 3c 00 0a a0 00
INFO - 3c 2d cb 3c 00 0a 9e 00
INFO - 3c 30 0b 3c 00 0a cb 00
INFO - 3c 32 4b 3c 00 0a 9d 00
INFO - 3c 34 8b 3c 00 0a b6 00
INFO - 3c 37 cb 3c 00 0a b3 00
INFO - 3c 3d 0b 3c 00 0b 7c 00
INFO - 3c 40 4b 3c 00 0a cb 00
INFO - 3c 42 8b 3c 00 0a 9d 00
INFO - 3c 44 cb 3c 00 0a ab 00
INFO - 3c 47 0b 3c 00 0a e8 00
INFO - 3c 49 4b 3c 00 0a 9f 00
INFO - 3c 4b 8b 3c 00 0a 8a 00
INFO - 3c 4d cb 3c 00 0a 79 00
INFO - 3c 50 0b 3c 00 0a e0 00
INFO - 3c 52 4b 3c 00 0a 92 00
INFO - 3c 54 8b 3c 00 0a 96 00
