INFO - a6 3d 0b 40 57 00 00 02
INFO - a6 3d 4b 40 57 00 00 02
INFO - a6 3d 8b 40 57 00 00 02
INFO - a6 3d cb 40 57 00 00 02
INFO - a8 f2 4b 40 57 00 00 02
INFO - a8 f2 8b 40 57 00 00 02
INFO - a8 f2 cb 40 57 00 00 02
INFO - a8 f2 0b 40 57 00 00 02
INFO - ad c6 8b 40 57 00 00 02
INFO - ad c6 cb 40 57 00 00 02
INFO - ad c6 0b 40 57 00 00 02
INFO - ad c6 4b 40 57 00 00 02
INFO - ad c6 8b 40 57 00 00 02
INFO - b1 91 cb 40 57 00 00 02
INFO - b1 91 0b 40 57 00 00 02
INFO - b1 91 4b 40 57 00 00 02
INFO - b1 91 8b 40 57 00 00 02
INFO - b1 91 cb 40 57 00 00 02
INFO - b2 8b cb 40 57 00 00 02
INFO - b2 8b 0b 40 57 00 00 02
INFO - b2 8b 4b 40 57 00 00 02
INFO - b2 8b 8b 40 57 00 00 02
INFO - b3 57 8b 40 57 00 00 02
INFO - b3 57 cb 40 57 00 00 02
INFO - b3 57 0b 40 57 00 00 02
INFO - b3 57 4b 40 57 00 00 02
INFO - b8 e8 4b 40 57 00 00 02
INFO - b8 e8 8b 40 57 00 00 02
INFO - b8 e8 cb 40 57 00 00 02
INFO - b8 e8 0b 40 57 00 00 02
INFO - bf a7 0b 40 57 00 00 02
INFO - bf a7 4b 40 57 00 00 02
INFO - bf a7 8b 40 57 00 00 02
INFO - bf a7 cb 40 57 00 00 02
