INFO - 20 00 48 3c 00 0a 40 00
INFO - 20 09 88 3c 00 0b 9f 00
INFO - 20 17 c8 3c 00 0a b4 00
INFO - 20 1c 08 3c 00 0b 57 00
INFO - 20 1c 48 3c 00 0b 57 00
INFO - 20 1c 88 3c 00 0b 57 00
INFO - 20 1f c8 3c 00 0a 68 00
INFO - 20 23 08 3c 00 0b 0a 00
INFO - 20 25 48 3c 00 0a a7 00
INFO - 20 2a 88 3c 00 0b 4a 00
INFO - 20 2a c8 3c 00 0b 4a 00
INFO - 20 2b 08 3c 00 0a 4d 00
INFO - 20 2b 48 3c 00 0a 4d 00
INFO - 20 2b 88 3c 00 0a 4d 00
INFO - 20 30 c8 3c 00 0a 91 00
INFO - 20 30 08 3c 00 0a 91 00
INFO - 20 39 48 3c 00 0b 2e 00
INFO - 20 39 88 3c 00 0b 2e 00
INFO - 20 3f c8 3c 00 0a db 00
INFO - 20 43 08 3c 00 0a f7 00
INFO - 20 44 48 3c 00 0a 68 00
INFO - 20 44 88 3c 00 0a 68 00
INFO - 20 46 c8 3c 00 0a 77 00
INFO - 20 53 08 3c 00 0b fe 00
INFO - 20 53 48 3c 00 0a 68 00
INFO - 20 53 88 3c 00 0a 68 00
INFO - 20 53 c8 3c 00 0a 68 00
INFO - 20 5a 08 3c 00 0a b0 00
INFO - 20 62 48 3c 00 0b 87 00
INFO - 20 62 88 3c 00 0b 87 00
INFO - 20 67 c8 3c 00 0a c6 00
INFO - 20 69 08 3c 00 0a 9b 00
INFO - 20 6b 48 3c 00 0a c5 00
INFO - 20 6d 88 3c 00 0a 9c 00
INFO - 20 6f c8 3c 00 0a ae 00
INFO - 20 73 08 3c 00 0a db 00
INFO - 20 74 48 3c 00 0a 9f 00
INFO - 20 77 88 3c 00 0a d2 00
INFO - 20 7a c8 3c 00 0a d1 00
INFO - 20 7d 08 3c 00 0a df 00
INFO - 20 80 48 3c 00 0a aa 00
INFO - 20 82 88 3c 00 0a b7 00
INFO - 20 85 c8 3c 00 0a c4 00
INFO - 20 88 08 3c 00 0a de 00
INFO - 20 8a 48 3c 00 0a b6 00
INFO - 20 8c 88 3c 00 0a 9c 00
INFO - 20 8f c8 3c 00 0a d1 00
INFO - 20 93 08 3c 00 0a f8 00
INFO - 20 95 48 3c 00 0a a9 00
INFO - 20 98 88 3c 00 0a f8 00
INFO - 20 9b c8 3c 00 0a b7 00
INFO - 20 9d 08 3c 00 0a a9 00
INFO - 20 9f 48 3c 00 0a ab 00
INFO - 20 a2 88 3c 00 0a e7 00
INFO - 20 a5 c8 3c 00 0a c6 00
INFO - 20 a8 08 3c 00 0a c1 00
INFO - 20 aa 48 3c 00 0a c3 00
INFO - 20 ad 88 3c 00 0a b9 00
INFO - 20 b0 c8 3c 00 0a ea 00
INFO - 20 b3 08 3c 00 0a c1 00
INFO - 20 b5 48 3c 00 0a a8 00
INFO - 20 b7 88 3c 00 0a b6 00
INFO - 20 bb c8 3c 00 0a fa 00
INFO - 20 bd 08 3c 00 0a a5 00
INFO - 20 bf 48 3c 00 0a a9 00
INFO - 20 c1 88 3c 00 0a ab 00
INFO - 20 c4 c8 3c 00 0a cd 00
INFO - 20 c8 08 3c 00 0b 03 00
INFO - 20 cb 48 3c 00 0a df 00
INFO - 20 cd 88 3c 00 0a 99 00
INFO - 20 cf c8 3c 00 0a b5 00
INFO - 20 d2 08 3c 00 0a c6 00
INFO - 20 d4 48 3c 00 0a b2 00
INFO - 20 d7 88 3c 00 0a b9 00
INFO - 20 da c8 3c 00 0a cd 00
INFO - 20 dc 08 3c 00 0a c7 00
INFO - 20 e0 48 3c 00 0b 01 00
INFO - 20 e3 88 3c 00 0a b7 00
INFO - 20 e5 c8 3c 00 0a ac 00
INFO - 20 e7 08 3c 00 0a b3 00
INFO - 20 ea 48 3c 00 0a d5 00
INFO - 20 ec 88 3c 00 0a 98 00
INFO - 20 ef c8 3c 00 0a df 00
INFO - 20 f1 08 3c 00 0a 9d 00
INFO - 20 f3 48 3c 00 0a a0 00
INFO - 20 f5 88 3c 00 0a a7 00
INFO - 20 f8 c8 3c 00 0a c7 00
INFO - 20 fa 08 3c 00 0a a7 00
INFO - 20 fc 48 3c 00 0a ba 00
INFO - 20 fe 88 3c 00 0a a7 00
INFO - 21 01 c8 3c 00 0a d5 00
INFO - 21 04 08 3c 00 0a e8 00
INFO - 21 07 48 3c 00 0a c4 00
INFO - 21 0a 88 3c 00 0a c4 00
INFO - 21 0c c8 3c 00 0a ba 00
INFO - 21 10 08 3c 00 0a f6 00
INFO - 21 13 48 3c 00 0a c7 00
INFO - 21 16 88 3c 00 0a e9 00
INFO - 21 19 c8 3c 00 0a eb 00
INFO - 21 1c 08 3c 00 0a a9 00
INFO - 21 20 48 3c 00 0b 13 00
INFO - 21 22 88 3c 00 0a b7 00
INFO - 21 25 c8 3c 00 0a b9 00
INFO - 21 27 08 3c 00 0a ce 00
INFO - 21 2a 48 3c 00 0a d2 00
INFO - 21 2d 88 3c 00 0a b9 00
INFO - 21 30 c8 3c 00 0a f6 00
INFO - 21 33 08 3c 00 0a ac 00
INFO - 21 35 48 3c 00 0a b4 00
INFO - 21 37 88 3c 00 0a 9b 00
INFO - 21 3a c8 3c 00 0a d1 00
INFO - 21 3c 08 3c 00 0a b9 00
INFO - 21 3f 48 3c 00 0a c1 00
INFO - 21 41 88 3c 00 0a a8 00
INFO - 21 45 c8 3c 00 0b 05 00
INFO - 21 47 08 3c 00 0a b6 00
INFO - 21 49 48 3c 00 0a b5 00
INFO - 21 4d 88 3c 00 0a f8 00
INFO - 21 50 c8 3c 00 0a c5 00
INFO - 21 51 08 3c 00 0a 8c 00
INFO - 21 54 48 3c 00 0a c3 00
INFO - 21 56 88 3c 00 0a b9 00
INFO - 21 59 c8 3c 00 0a b3 00
INFO - 21 5c 08 3c 00 0a d0 00
INFO - 21 5f 48 3c 00 0a dd 00
INFO - 21 62 88 3c 00 0a d0 00
INFO - 21 65 c8 3c 00 0a fa 00
INFO - 21 67 08 3c 00 0a a5 00
INFO - 21 6b 48 3c 00 0a f9 00
INFO - 21 6d 88 3c 00 0a a6 00
INFO - 21 70 c8 3c 00 0a c4 00
INFO - 21 72 08 3c 00 0a 99 00
INFO - 21 74 48 3c 00 0a b5 00
INFO - 21 76 88 3c 00 0a 9e 00
INFO - 21 79 c8 3c 00 0a cb 00
INFO - 21 7a 08 3c 00 0a 9b 00
INFO - 21 7e 48 3c 00 0b 02 00
INFO - 21 81 88 3c 00 0a c2 00
INFO - 21 84 c8 3c 00 0a da 00
INFO - 21 86 08 3c 00 0a 9c 00
INFO - 21 89 48 3c 00 0a ca 00
INFO - 21 8a 88 3c 00 0a 9a 00
INFO - 21 8d c8 3c 00 0a cd 00
INFO - 21 8f 08 3c 00 0a 9a 00
INFO - 21 92 48 3c 00 0a c2 00
INFO - 21 94 88 3c 00 0a b1 00
INFO - 21 96 c8 3c 00 0a 9b 00
INFO - 21 98 08 3c 00 0a bd 00
INFO - 21 9b 48 3c 00 0a ce 00
INFO - 21 9e 88 3c 00 0a 91 00
INFO - 21 a2 c8 3c 00 0a da 00
INFO - 21 a4 08 3c 00 0a af 00
INFO - 21 a6 48 3c 00 0a b3 00
INFO - 21 a8 88 3c 00 0a 96 00
INFO - 21 aa c8 3c 00 0a b1 00
INFO - 21 ac 08 3c 00 0a a0 00
INFO - 21 ae 48 3c 00 0a ab 00
INFO - 21 b5 88 3c 00 0b 84 00
INFO - 21 b7 c8 3c 00 0a b9 00
INFO - 21 b9 08 3c 00 0a b3 00
INFO - 21 bd 48 3c 00 0a de 00
INFO - 21 c0 88 3c 00 0a e3 00
INFO - 21 c2 c8 3c 00 0a a0 00
INFO - 21 c3 08 3c 00 0a 96 00
INFO - 21 c7 48 3c 00 0b 05 00
INFO - 21 cb 88 3c 00 0a f8 00
INFO - 21 ce c8 3c 00 0a d6 00
INFO - 21 d0 08 3c 00 0a 95 00
INFO - 21 d2 48 3c 00 0a ba 00
INFO - 21 d4 88 3c 00 0a 9f 00
INFO - 21 d6 c8 3c 00 0a a1 00
INFO - 21 d8 08 3c 00 0a a4 00
INFO - 21 da 48 3c 00 0a aa 00
INFO - 21 dc 88 3c 00 0a ae 00
INFO - 21 de c8 3c 00 0a 97 00
INFO - 21 e1 08 3c 00 0a ce 00
INFO - 21 e4 48 3c 00 0a bb 00
INFO - 21 e7 88 3c 00 0a d9 00
INFO - 21 ea c8 3c 00 0a df 00
INFO - 21 ec 08 3c 00 0a c1 00
INFO - 21 ef 48 3c 00 0a ae 00
INFO - 21 f1 88 3c 00 0a c1 00
INFO - 21 f4 c8 3c 00 0a cf 00
INFO - 21 f7 08 3c 00 0a da 00
INFO - 21 fa 48 3c 00 0a db 00
INFO - 21 fc 88 3c 00 0a 9f 00
INFO - 21 ff c8 3c 00 0a ba 00
INFO - 22 01 08 3c 00 0a b4 00
INFO - 22 03 48 3c 00 0a a2 00
INFO - 22 05 88 3c 00 0a 9d 00
INFO - 22 07 c8 3c 00 0a ab 00
INFO - 22 0a 08 3c 00 0a d2 00
INFO - 22 0c 48 3c 00 0a a9 00
INFO - 22 0e 88 3c 00 0a af 00
INFO - 22 10 c8 3c 00 0a 9e 00
INFO - 22 13 08 3c 00 0a ba 00
INFO - 22 14 48 3c 00 0a 9e 00
INFO - 22 18 88 3c 00 0a dc 00
INFO - 22 1a c8 3c 00 0a d0 00
INFO - 22 1d 08 3c 00 0a d1 00
INFO - 22 20 48 3c 00 0a d0 00
INFO - 22 23 88 3c 00 0a b0 00
INFO - 22 24 c8 3c 00 0a 91 00
INFO - 22 27 08 3c 00 0a d2 00
INFO - 22 2a 48 3c 00 0a c8 00
INFO - 22 2c 88 3c 00 0a aa 00
INFO - 22 2f c8 3c 00 0a c8 00
INFO - 22 31 08 3c 00 0a 9d 00
INFO - 22 33 48 3c 00 0a a2 00
INFO - 22 35 88 3c 00 0a bb 00
INFO - 22 37 c8 3c 00 0a 93 00
INFO - 22 3a 08 3c 00 0a f5 00
INFO - 22 3d 48 3c 00 0a d1 00
INFO - 22 3f 88 3c 00 0a 97 00
INFO - 22 41 c8 3c 00 0a 92 00
INFO - 22 44 08 3c 00 0a dd 00
INFO - 22 46 48 3c 00 0a ae 00
INFO - 22 49 88 3c 00 0a d1 00
INFO - 22 4a c8 3c 00 0a 86 00
INFO - 22 4d 08 3c 00 0a dd 00
INFO - 22 50 48 3c 00 0a ba 00
INFO - 22 52 88 3c 00 0a c2 00
INFO - 22 55 c8 3c 00 0a af 00
INFO - 22 57 08 3c 00 0a a1 00
INFO - 22 5b 48 3c 00 0a f4 00
INFO - 22 5d 88 3c 00 0a a0 00
INFO - 22 60 c8 3c 00 0a de 00
INFO - 22 62 08 3c 00 0a aa 00
INFO - 22 64 48 3c 00 0a bb 00
INFO - 22 66 88 3c 00 0a 9d 00
INFO - 22 69 c8 3c 00 0a d2 00
INFO - 22 6b 08 3c 00 0a 91 00
INFO - 22 6d 48 3c 00 0a c4 00
INFO - 22 70 88 3c 00 0a ba 00
INFO - 22 73 c8 3c 00 0a cd 00
INFO - 22 75 08 3c 00 0a ae 00
INFO - 22 77 48 3c 00 0a a9 00
INFO - 22 7a 88 3c 00 0a d1 00
INFO - 22 7d c8 3c 00 0a c1 00
INFO - 22 7f 08 3c 00 0a a3 00
INFO - 22 81 48 3c 00 0a bf 00
INFO - 22 83 88 3c 00 0a ac 00
INFO - 22 86 c8 3c 00 0a b9 00
INFO - 22 88 08 3c 00 0a a7 00
INFO - 22 8a 48 3c 00 0a 96 00
INFO - 22 8c 88 3c 00 0a cb 00
INFO - 22 8f c8 3c 00 0a dc 00
INFO - 22 92 08 3c 00 0a b3 00
INFO - 22 94 48 3c 00 0a c1 00
INFO - 22 97 88 3c 00 0a b5 00
INFO - 22 99 c8 3c 00 0a c3 00
INFO - 22 9b 08 3c 00 0a 9a 00
INFO - 22 9d 48 3c 00 0a b5 00
INFO - 22 a0 88 3c 00 0a a8 00
INFO - 22 a3 c8 3c 00 0a d7 00
INFO - 22 a5 08 3c 00 0a b4 00
INFO - 22 a7 48 3c 00 0a bf 00
INFO - 22 aa 88 3c 00 0a a8 00
INFO - 22 ac c8 3c 00 0a a8 00
INFO - 22 ae 08 3c 00 0a b3 00
INFO - 22 b1 48 3c 00 0a ca 00
INFO - 22 b3 88 3c 00 0a b3 00
INFO - 22 b5 c8 3c 00 0a a7 00
INFO - 22 b7 08 3c 00 0a b2 00
INFO - 22 ba 48 3c 00 0a d4 00
INFO - 22 bd 88 3c 00 0a b2 00
INFO - 22 bf c8 3c 00 0a b1 00
INFO - 22 c1 08 3c 00 0a b2 00
INFO - 22 c4 48 3c 00 0a df 00
INFO - 22 c7 88 3c 00 0a b1 00
INFO - 22 c8 c8 3c 00 0a 9b 00
INFO - 22 cb 08 3c 00 0a 7e 00
INFO - 22 cc 48 3c 00 0a 84 00
INFO - 22 ce 88 3c 00 0a a5 00
INFO - 22 d1 c8 3c 00 0a c7 00
INFO - 22 d3 08 3c 00 0a a5 00
INFO - 22 d5 48 3c 00 0a ae 00
INFO - 22 d7 88 3c 00 0a 98 00
INFO - 22 d9 c8 3c 00 0a af 00
INFO - 22 db 08 3c 00 0a a4 00
INFO - 22 dd 48 3c 00 0a 99 00
INFO - 22 df 88 3c 00 0a af 00
INFO - 22 e1 c8 3c 00 0a 82 00
INFO - 22 e3 08 3c 00 0a af 00
INFO - 22 e4 48 3c 00 0a 8d 00
INFO - 22 e7 88 3c 00 0a ae 00
INFO - 22 e8 c8 3c 00 0a 98 00
INFO - 22 eb 08 3c 00 0a b9 00
INFO - 22 ec 48 3c 00 0a 8c 00
INFO - 22 ef 88 3c 00 0a bb 00
INFO - 22 f3 c8 3c 00 0b 0f 00
INFO - 22 f4 08 3c 00 0a 89 00
INFO - 22 f6 48 3c 00 0a a2 00
INFO - 22 f9 88 3c 00 0a ba 00
INFO - 22 fa c8 3c 00 0a 8c 00
INFO - 22 fd 08 3c 00 0a b7 00
INFO - 22 ff 48 3c 00 0a aa 00
INFO - 23 02 88 3c 00 0a d8 00
INFO - 23 07 c8 3c 00 0b 28 00
INFO - 23 09 08 3c 00 0a aa 00
INFO - 23 0b 48 3c 00 0a ad 00
INFO - 23 0d 88 3c 00 0a b1 00
INFO - 23 10 c8 3c 00 0a d6 00
INFO - 23 14 08 3c 00 0a fb 00
INFO - 23 16 48 3c 00 0a ad 00
INFO - 23 18 88 3c 00 0a a6 00
INFO - 23 1a c8 3c 00 0a ab 00
INFO - 23 1c 08 3c 00 0a 9b 00
INFO - 23 1e 48 3c 00 0a a0 00
INFO - 23 20 88 3c 00 0a a3 00
INFO - 23 22 c8 3c 00 0a a6 00
INFO - 23 24 08 3c 00 0a a0 00
INFO - 23 26 48 3c 00 0a 9b 00
INFO - 23 29 88 3c 00 0a c5 00
INFO - 23 2a c8 3c 00 0a a0 00
INFO - 23 2d 08 3c 00 0a ae 00
INFO - 23 30 48 3c 00 0a de 00
INFO - 23 32 88 3c 00 0a b6 00
INFO - 23 34 c8 3c 00 0a 9b 00
INFO - 23 36 08 3c 00 0a a0 00
INFO - 23 38 48 3c 00 0a a6 00
INFO - 23 3a 88 3c 00 0a ab 00
INFO - 23 3c c8 3c 00 0a b2 00
INFO - 23 3f 08 3c 00 0a c1 00
INFO - 23 41 48 3c 00 0a 90 00
INFO - 23 43 88 3c 00 0a c1 00
INFO - 23 46 c8 3c 00 0a bc 00
INFO - 23 48 08 3c 00 0a a1 00
INFO - 23 4a 48 3c 00 0a c7 00
INFO - 23 4d 88 3c 00 0a aa 00
INFO - 23 4e c8 3c 00 0a 9c 00
INFO - 23 50 08 3c 00 0a a0 00
INFO - 23 52 48 3c 00 0a 99 00
INFO - 23 55 88 3c 00 0a d2 00
INFO - 23 57 c8 3c 00 0a 95 00
INFO - 23 59 08 3c 00 0a c4 00
INFO - 23 5c 48 3c 00 0a bc 00
INFO - 23 5e 88 3c 00 0a b6 00
INFO - 23 61 c8 3c 00 0a b2 00
INFO - 23 63 08 3c 00 0a c1 00
INFO - 23 65 48 3c 00 0a ae 00
INFO - 23 67 88 3c 00 0a 9b 00
INFO - 23 69 c8 3c 00 0a a1 00
INFO - 23 6b 08 3c 00 0a af 00
INFO - 23 6d 48 3c 00 0a 9b 00
INFO - 23 70 88 3c 00 0a e2 00
INFO - 23 72 c8 3c 00 0a 95 00
INFO - 23 74 08 3c 00 0a ab 00
INFO - 23 76 48 3c 00 0a 98 00
INFO - 23 78 88 3c 00 0a a3 00
INFO - 23 7a c8 3c 00 0a a4 00
INFO - 23 7c 08 3c 00 0a 98 00
INFO - 23 7e 48 3c 00 0a af 00
INFO - 23 80 88 3c 00 0a 98 00
INFO - 23 82 c8 3c 00 0a ba 00
INFO - 23 84 08 3c 00 0a 8d 00
INFO - 23 86 48 3c 00 0a af 00
INFO - 23 88 88 3c 00 0a af 00
INFO - 23 8a c8 3c 00 0a a4 00
INFO - 23 8d 08 3c 00 0a c6 00
INFO - 23 8f 48 3c 00 0a bb 00
INFO - 23 92 88 3c 00 0a c4 00
INFO - 23 94 c8 3c 00 0a 98 00
INFO - 23 97 08 3c 00 0a cf 00
INFO - 23 98 48 3c 00 0a 83 00
INFO - 23 9b 88 3c 00 0a d5 00
INFO - 23 9d c8 3c 00 0a 8b 00
INFO - 23 a0 08 3c 00 0a d4 00
INFO - 23 a3 48 3c 00 0a ca 00
INFO - 23 a5 88 3c 00 0a af 00
INFO - 23 a7 c8 3c 00 0a bf 00
INFO - 23 aa 08 3c 00 0a d5 00
INFO - 23 ae 48 3c 00 0a dc 00
INFO - 23 af 88 3c 00 0a 84 00
INFO - 23 b2 c8 3c 00 0a df 00
INFO - 23 b5 08 3c 00 0a be 00
INFO - 23 b7 48 3c 00 0a 9d 00
INFO - 23 b9 88 3c 00 0a a5 00
INFO - 23 ba c8 3c 00 0a 9c 00
INFO - 23 bd 08 3c 00 0a c0 00
INFO - 23 bf 48 3c 00 0a 99 00
INFO - 23 c1 88 3c 00 0a a7 00
INFO - 23 c3 c8 3c 00 0a b5 00
INFO - 23 c8 08 3c 00 0b 2d 00
INFO - 23 cb 48 3c 00 0a ca 00
INFO - 23 cc 88 3c 00 0a 7b 00
INFO - 23 cf c8 3c 00 0a d2 00
INFO - 23 d1 08 3c 00 0a c0 00
INFO - 23 d3 48 3c 00 0a a4 00
INFO - 23 d5 88 3c 00 0a a7 00
INFO - 23 d8 c8 3c 00 0a c0 00
INFO - 23 da 08 3c 00 0a 8e 00
INFO - 23 dd 48 3c 00 0a eb 00
INFO - 23 df 88 3c 00 0a 93 00
INFO - 23 e2 c8 3c 00 0a d2 00
INFO - 23 e4 08 3c 00 0a b5 00
INFO - 23 e7 48 3c 00 0a c7 00
INFO - 23 e9 88 3c 00 0a a7 00
INFO - 23 eb c8 3c 00 0a aa 00
INFO - 23 ed 08 3c 00 0a be 00
INFO - 23 ef 48 3c 00 0a 72 00
INFO - 23 f1 88 3c 00 0a 90 00
INFO - 23 f3 c8 3c 00 0a b3 00
INFO - 23 f5 08 3c 00 0a 9c 00
INFO - 23 f8 48 3c 00 0a cd 00
INFO - 23 fa 88 3c 00 0a 9a 00
INFO - 23 fc c8 3c 00 0a b3 00
INFO - 23 fe 08 3c 00 0a 88 00
INFO - 24 00 48 3c 00 0a b1 00
INFO - 24 02 88 3c 00 0a b6 00
INFO - 24 05 c8 3c 00 0a c8 00
INFO - 24 07 08 3c 00 0a a8 00
INFO - 24 09 48 3c 00 0a ab 00
INFO - 24 0b 88 3c 00 0a 9a 00
INFO - 24 0d c8 3c 00 0a 9d 00
INFO - 24 0f 08 3c 00 0a ac 00
INFO - 24 11 48 3c 00 0a a6 00
INFO - 24 13 88 3c 00 0a b4 00
INFO - 24 15 c8 3c 00 0a a8 00
INFO - 24 18 08 3c 00 0a c7 00
INFO - 24 1a 48 3c 00 0a 8e 00
INFO - 24 1c 88 3c 00 0a ad 00
INFO - 24 21 c8 3c 00 0b 40 00
INFO - 24 24 08 3c 00 0a b2 00
INFO - 24 27 48 3c 00 0a f2 00
INFO - 24 29 88 3c 00 0a b5 00
INFO - 24 2c c8 3c 00 0a b2 00
INFO - 24 2e 08 3c 00 0a a9 00
INFO - 24 30 48 3c 00 0a ae 00
INFO - 24 32 88 3c 00 0a b2 00
INFO - 24 35 c8 3c 00 0a c5 00
INFO - 24 37 08 3c 00 0a b3 00
INFO - 24 3b 48 3c 00 0a f4 00
INFO - 24 3e 88 3c 00 0a cb 00
INFO - 24 40 c8 3c 00 0a a2 00
INFO - 24 43 08 3c 00 0a e4 00
INFO - 24 47 48 3c 00 0a f2 00
INFO - 24 49 88 3c 00 0a b7 00
INFO - 24 4c c8 3c 00 0a c2 00
INFO - 24 4e 08 3c 00 0a 9f 00
INFO - 24 50 48 3c 00 0a ab 00
INFO - 24 53 88 3c 00 0a d0 00
INFO - 24 55 c8 3c 00 0a b7 00
INFO - 24 57 08 3c 00 0a b8 00
INFO - 24 5b 48 3c 00 0a ff 00
INFO - 24 5d 88 3c 00 0a a0 00
INFO - 24 60 c8 3c 00 0a c5 00
INFO - 24 62 08 3c 00 0a 9e 00
INFO - 24 64 48 3c 00 0a ac 00
INFO - 24 66 88 3c 00 0a ae 00
INFO - 24 69 c8 3c 00 0a c4 00
INFO - 24 6b 08 3c 00 0a b6 00
INFO - 24 6e 48 3c 00 0a d0 00
INFO - 24 70 88 3c 00 0a a4 00
INFO - 24 72 c8 3c 00 0a b5 00
INFO - 24 74 08 3c 00 0a 98 00
INFO - 24 76 48 3c 00 0a 92 00
INFO - 24 79 88 3c 00 0a d4 00
INFO - 24 7a c8 3c 00 0a 95 00
INFO - 24 7c 08 3c 00 0a 9e 00
INFO - 24 7e 48 3c 00 0a a4 00
INFO - 24 80 88 3c 00 0a 92 00
INFO - 24 82 c8 3c 00 0a b9 00
INFO - 24 85 08 3c 00 0a d2 00
INFO - 24 87 48 3c 00 0a a4 00
INFO - 24 8a 88 3c 00 0a b7 00
INFO - 24 8c c8 3c 00 0a b9 00
INFO - 24 8e 08 3c 00 0a a5 00
INFO - 24 91 48 3c 00 0a c3 00
INFO - 24 94 88 3c 00 0a d5 00
INFO - 24 97 c8 3c 00 0a de 00
INFO - 24 9b 08 3c 00 0a f4 00
INFO - 24 9d 48 3c 00 0a a4 00
INFO - 24 9f 88 3c 00 0a ab 00
INFO - 24 a1 c8 3c 00 0a b0 00
INFO - 24 a4 08 3c 00 0a cf 00
INFO - 24 a6 48 3c 00 0a b9 00
INFO - 24 a9 88 3c 00 0a b9 00
INFO - 24 aa c8 3c 00 0a 95 00
INFO - 24 ad 08 3c 00 0a bc 00
INFO - 24 af 48 3c 00 0a 9e 00
INFO - 24 b2 88 3c 00 0a c5 00
INFO - 24 b4 c8 3c 00 0a 8d 00
INFO - 24 b6 08 3c 00 0a a9 00
INFO - 24 b8 48 3c 00 0a a5 00
INFO - 24 ba 88 3c 00 0a 9d 00
INFO - 24 bc c8 3c 00 0a ba 00
INFO - 24 be 08 3c 00 0a a4 00
INFO - 24 c0 48 3c 00 0a b6 00
INFO - 24 c4 88 3c 00 0b 06 00
INFO - 24 c7 c8 3c 00 0a c5 00
INFO - 24 c9 08 3c 00 0a b6 00
INFO - 24 cc 48 3c 00 0a b9 00
INFO - 24 cf 88 3c 00 0a de 00
INFO - 24 d2 c8 3c 00 0a d3 00
INFO - 24 d6 08 3c 00 0a f6 00
INFO - 24 d8 48 3c 00 0a a1 00
INFO - 24 da 88 3c 00 0a ca 00
INFO - 24 dd c8 3c 00 0a c6 00
INFO - 24 e0 08 3c 00 0a c2 00
INFO - 24 e2 48 3c 00 0a c6 00
INFO - 24 e5 88 3c 00 0a ad 00
INFO - 24 e8 c8 3c 00 0a ee 00
INFO - 24 ea 08 3c 00 0a 9d 00
INFO - 24 ec 48 3c 00 0a ae 00
INFO - 24 ee 88 3c 00 0a 98 00
INFO - 24 f1 c8 3c 00 0a ce 00
INFO - 24 f3 08 3c 00 0a b0 00
INFO - 24 f6 48 3c 00 0a c2 00
INFO - 24 f8 88 3c 00 0a af 00
INFO - 24 fa c8 3c 00 0a a9 00
INFO - 24 fc 08 3c 00 0a b8 00
INFO - 24 ff 48 3c 00 0a d0 00
INFO - 25 01 88 3c 00 0a 89 00
INFO - 25 04 c8 3c 00 0a d3 00
INFO - 25 06 08 3c 00 0a 9c 00
INFO - 25 08 48 3c 00 0a c6 00
INFO - 25 0b 88 3c 00 0a b4 00
INFO - 25 0c c8 3c 00 0a 94 00
INFO - 25 0f 08 3c 00 0a cf 00
INFO - 25 12 48 3c 00 0a df 00
INFO - 25 16 88 3c 00 0a e3 00
INFO - 25 18 c8 3c 00 0a c2 00
INFO - 25 1a 08 3c 00 0a af 00
INFO - 25 1c 48 3c 00 0a 9b 00
INFO - 25 1f 88 3c 00 0a ce 00
INFO - 25 21 c8 3c 00 0a a0 00
INFO - 25 24 08 3c 00 0a ba 00
INFO - 25 26 48 3c 00 0a cb 00
INFO - 25 28 88 3c 00 0a a1 00
INFO - 25 2b c8 3c 00 0a d7 00
INFO - 25 2e 08 3c 00 0a b9 00
INFO - 25 30 48 3c 00 0a b3 00
INFO - 25 32 88 3c 00 0a b5 00
INFO - 25 35 c8 3c 00 0a c2 00
INFO - 25 37 08 3c 00 0a a2 00
INFO - 25 39 48 3c 00 0a 9a 00
INFO - 25 3b 88 3c 00 0a 9f 00
INFO - 25 3c c8 3c 00 0a 92 00
INFO - 25 3e 08 3c 00 0a a1 00
INFO - 25 41 48 3c 00 0a c1 00
INFO - 25 43 88 3c 00 0a b1 00
INFO - 25 45 c8 3c 00 0a 9e 00
INFO - 25 47 08 3c 00 0a b7 00
INFO - 25 49 48 3c 00 0a a6 00
INFO - 25 4c 88 3c 00 0a b8 00
INFO - 25 4d c8 3c 00 0a 8d 00
INFO - 25 50 08 3c 00 0a 80 00
INFO - 25 52 48 3c 00 0a a0 00
INFO - 25 54 88 3c 00 0a a5 00
INFO - 25 56 c8 3c 00 0a b3 00
INFO - 25 59 08 3c 00 0a d6 00
INFO - 25 5c 48 3c 00 0a ce 00
INFO - 25 61 88 3c 00 0b 48 00
INFO - 25 63 c8 3c 00 0a a4 00
INFO - 25 66 08 3c 00 0a a8 00
INFO - 25 68 48 3c 00 0a c1 00
INFO - 25 69 88 3c 00 0a 82 00
INFO - 25 6d c8 3c 00 0a e1 00
INFO - 25 6e 08 3c 00 0a 8f 00
INFO - 25 71 48 3c 00 0a d7 00
INFO - 25 73 88 3c 00 0a ad 00
INFO - 25 76 c8 3c 00 0a c8 00
INFO - 25 79 08 3c 00 0a bc 00
INFO - 25 7c 48 3c 00 0a d4 00
INFO - 25 7e 88 3c 00 0a ad 00
INFO - 25 80 c8 3c 00 0a af 00
INFO - 25 82 08 3c 00 0a 9d 00
INFO - 25 84 48 3c 00 0a ab 00
INFO - 25 87 88 3c 00 0a c8 00
INFO - 25 88 c8 3c 00 0a 8d 00
INFO - 25 8a 08 3c 00 0a a0 00
INFO - 25 8d 48 3c 00 0a ce 00
INFO - 25 90 88 3c 00 0a b8 00
INFO - 25 91 c8 3c 00 0a 9a 00
INFO - 25 93 08 3c 00 0a 94 00
INFO - 25 96 48 3c 00 0a ba 00
INFO - 25 97 88 3c 00 0a 9d 00
INFO - 25 99 c8 3c 00 0a a0 00
INFO - 25 9b 08 3c 00 0a a3 00
INFO - 25 9d 48 3c 00 0a 92 00
INFO - 25 9f 88 3c 00 0a 9e 00
INFO - 25 a0 c8 3c 00 0a 8a 00
INFO - 25 a3 08 3c 00 0a ad 00
INFO - 25 a5 48 3c 00 0a a8 00
INFO - 25 a7 88 3c 00 0a 9d 00
INFO - 25 a9 c8 3c 00 0a b2 00
INFO - 25 aa 08 3c 00 0a 93 00
INFO - 25 ac 48 3c 00 0a a3 00
INFO - 25 af 88 3c 00 0a bb 00
INFO - 25 b2 c8 3c 00 0a ef 00
INFO - 25 b5 08 3c 00 0a bb 00
INFO - 25 b8 48 3c 00 0a c8 00
INFO - 25 ba 88 3c 00 0a 9d 00
INFO - 25 bd c8 3c 00 0a ce 00
INFO - 25 c0 08 3c 00 0a d9 00
INFO - 25 c2 48 3c 00 0a bd 00
INFO - 25 c4 88 3c 00 0a ac 00
INFO - 25 c6 c8 3c 00 0a a6 00
INFO - 25 c9 08 3c 00 0a b1 00
INFO - 25 cc 48 3c 00 0a cf 00
INFO - 25 cd 88 3c 00 0a 98 00
INFO - 25 d0 c8 3c 00 0a b0 00
INFO - 25 d1 08 3c 00 0a 7f 00
INFO - 25 d2 48 3c 00 0a 91 00
INFO - 25 d4 88 3c 00 0a 8f 00
INFO - 25 d6 c8 3c 00 0a 9b 00
INFO - 25 d8 08 3c 00 0a a1 00
INFO - 25 da 48 3c 00 0a ac 00
INFO - 25 dc 88 3c 00 0a aa 00
INFO - 25 de c8 3c 00 0a a3 00
INFO - 25 e0 08 3c 00 0a 9b 00
INFO - 25 e2 48 3c 00 0a b4 00
INFO - 25 e5 88 3c 00 0a c1 00
INFO - 25 e7 c8 3c 00 0a b4 00
INFO - 25 e9 08 3c 00 0a 8e 00
INFO - 25 eb 48 3c 00 0a a7 00
INFO - 25 ed 88 3c 00 0a a9 00
INFO - 25 f0 c8 3c 00 0a c2 00
INFO - 25 f2 08 3c 00 0a b0 00
INFO - 25 f4 48 3c 00 0a a0 00
INFO - 25 f5 88 3c 00 0a 85 00
INFO - 25 f7 c8 3c 00 0a 9c 00
INFO - 25 f9 08 3c 00 0a 96 00
INFO - 25 fb 48 3c 00 0a a5 00
INFO - 25 fd 88 3c 00 0a aa 00
INFO - 25 ff c8 3c 00 0a 9a 00
INFO - 26 01 08 3c 00 0a a8 00
INFO - 26 03 48 3c 00 0a 96 00
INFO - 26 05 88 3c 00 0a af 00
INFO - 26 06 c8 3c 00 0a 8b 00
INFO - 26 09 08 3c 00 0a ce 00
INFO - 26 0b 48 3c 00 0a 93 00
INFO - 26 0d 88 3c 00 0a a0 00
INFO - 26 0f c8 3c 00 0a c4 00
INFO - 26 11 08 3c 00 0a a7 00
INFO - 26 14 48 3c 00 0a 84 00
INFO - 26 16 88 3c 00 0a b2 00
INFO - 26 19 c8 3c 00 0a b6 00
INFO - 26 1b 08 3c 00 0a 9a 00
INFO - 26 1d 48 3c 00 0a c0 00
INFO - 26 1f 88 3c 00 0a 8f 00
INFO - 26 21 c8 3c 00 0a b3 00
INFO - 26 23 08 3c 00 0a 9f 00
INFO - 26 25 48 3c 00 0a 92 00
INFO - 26 26 88 3c 00 0a 93 00
INFO - 26 29 c8 3c 00 0a d1 00
INFO - 26 2a 08 3c 00 0a 7e 00
INFO - 26 2d 48 3c 00 0a c7 00
INFO - 26 30 88 3c 00 0a bd 00
INFO - 26 31 c8 3c 00 0a 93 00
INFO - 26 33 08 3c 00 0a 93 00
INFO - 26 36 48 3c 00 0a bd 00
INFO - 26 38 88 3c 00 0a a8 00
INFO - 26 3a c8 3c 00 0a a8 00
INFO - 26 3b 08 3c 00 0a 93 00
INFO - 26 3d 48 3c 00 0a a7 00
INFO - 26 3f 88 3c 00 0a 93 00
INFO - 26 42 c8 3c 00 0a c7 00
INFO - 26 44 08 3c 00 0a 9e 00
INFO - 26 45 48 3c 00 0a 93 00
INFO - 26 48 88 3c 00 0a b2 00
INFO - 26 49 c8 3c 00 0a 9d 00
INFO - 26 4c 08 3c 00 0a c7 00
INFO - 26 4e 48 3c 00 0a a8 00
INFO - 26 52 88 3c 00 0a 9b 00
INFO - 26 53 c8 3c 00 0a 89 00
INFO - 26 55 08 3c 00 0a 93 00
INFO - 26 58 48 3c 00 0a bc 00
INFO - 26 59 88 3c 00 0a 93 00
INFO - 26 5b c8 3c 00 0a a7 00
INFO - 26 5d 08 3c 00 0a 93 00
INFO - 26 5f 48 3c 00 0a a7 00
INFO - 26 61 88 3c 00 0a 93 00
INFO - 26 62 c8 3c 00 0a 95 00
INFO - 26 65 08 3c 00 0a a6 00
INFO - 26 67 48 3c 00 0a a7 00
INFO - 26 69 88 3c 00 0a b2 00
INFO - 26 6b c8 3c 00 0a a6 00
INFO - 26 6d 08 3c 00 0a ab 00
INFO - 26 6f 48 3c 00 0a 9a 00
INFO - 26 71 88 3c 00 0a 9d 00
INFO - 26 73 c8 3c 00 0a a0 00
INFO - 26 75 08 3c 00 0a 9b 00
INFO - 26 77 48 3c 00 0a a8 00
INFO - 26 7a 88 3c 00 0a fb 00
INFO - 26 7c c8 3c 00 0a 9d 00
INFO - 26 7e 08 3c 00 0a a2 00
INFO - 26 80 48 3c 00 0a af 00
INFO - 26 83 88 3c 00 0a b5 00
INFO - 26 85 c8 3c 00 0a bb 00
INFO - 26 87 08 3c 00 0a 9e 00
INFO - 26 8a 48 3c 00 0a c8 00
INFO - 26 8c 88 3c 00 0a a8 00
INFO - 26 8f c8 3c 00 0a c7 00
INFO - 26 90 08 3c 00 0a 97 00
INFO - 26 92 48 3c 00 0a 9b 00
INFO - 26 94 88 3c 00 0a 94 00
INFO - 26 97 c8 3c 00 0a e8 00
INFO - 26 99 08 3c 00 0a ac 00
INFO - 26 9c 48 3c 00 0a bb 00
INFO - 26 9e 88 3c 00 0a a1 00
INFO - 26 a0 c8 3c 00 0a b1 00
INFO - 26 a2 08 3c 00 0a b3 00
INFO - 26 a5 48 3c 00 0a b7 00
INFO - 26 a7 88 3c 00 0a a6 00
INFO - 26 a9 c8 3c 00 0a b6 00
INFO - 26 ab 08 3c 00 0a b0 00
INFO - 26 ad 48 3c 00 0a a2 00
INFO - 26 b0 88 3c 00 0a a6 00
INFO - 26 b1 c8 3c 00 0a 9d 00
INFO - 26 b4 08 3c 00 0a ac 00
INFO - 26 b5 48 3c 00 0a 9a 00
INFO - 26 b7 88 3c 00 0a a9 00
INFO - 26 ba c8 3c 00 0a c0 00
INFO - 26 bc 08 3c 00 0a 9a 00
INFO - 26 be 48 3c 00 0a 9e 00
INFO - 26 c0 88 3c 00 0a bf 00
INFO - 26 c2 c8 3c 00 0a 86 00
INFO - 26 c4 08 3c 00 0a aa 00
INFO - 26 c6 48 3c 00 0a af 00
INFO - 26 c8 88 3c 00 0a 9c 00
INFO - 26 ca c8 3c 00 0a a1 00
INFO - 26 cb 08 3c 00 0a 8f 00
INFO - 26 ce 48 3c 00 0a ab 00
INFO - 26 cf 88 3c 00 0a 8f 00
INFO - 26 d1 c8 3c 00 0a a8 00
INFO - 26 d5 08 3c 00 0a e8 00
INFO - 26 d6 48 3c 00 0a 7b 00
INFO - 26 d9 88 3c 00 0a db 00
INFO - 26 db c8 3c 00 0a b6 00
INFO - 26 de 08 3c 00 0a b8 00
INFO - 26 e1 48 3c 00 0a d0 00
INFO - 26 e3 88 3c 00 0a bf 00
INFO - 26 e6 c8 3c 00 0a c3 00
INFO - 26 e8 08 3c 00 0a 95 00
INFO - 26 ea 48 3c 00 0a a4 00
INFO - 26 eb 88 3c 00 0a 9f 00
INFO - 26 ef c8 3c 00 0a d8 00
INFO - 26 f1 08 3c 00 0a a6 00
INFO - 26 f2 48 3c 00 0a a0 00
INFO - 26 f4 88 3c 00 0a 99 00
INFO - 26 f6 c8 3c 00 0a 92 00
INFO - 26 f8 08 3c 00 0a a0 00
INFO - 26 fa 48 3c 00 0a ad 00
INFO - 26 fc 88 3c 00 0a aa 00
INFO - 26 fe c8 3c 00 0a a3 00
INFO - 27 00 08 3c 00 0a 87 00
INFO - 27 02 48 3c 00 0a c8 00
INFO - 27 04 88 3c 00 0a 98 00
INFO - 27 06 c8 3c 00 0a b4 00
INFO - 27 08 08 3c 00 0a a2 00
INFO - 27 0b 48 3c 00 0a ba 00
INFO - 27 0d 88 3c 00 0a 9e 00
INFO - 27 0e c8 3c 00 0a 98 00
INFO - 27 10 08 3c 00 0a 9d 00
INFO - 27 12 48 3c 00 0a a2 00
INFO - 27 15 88 3c 00 0a af 00
INFO - 27 16 c8 3c 00 0a 93 00
INFO - 27 18 08 3c 00 0a 8e 00
INFO - 27 19 48 3c 00 0a 8a 00
INFO - 27 1b 88 3c 00 0a 91 00
INFO - 27 1c c8 3c 00 0a 83 00
INFO - 27 1e 08 3c 00 0a 9c 00
INFO - 27 20 48 3c 00 0a 93 00
INFO - 27 21 88 3c 00 0a 8f 00
INFO - 27 24 c8 3c 00 0a b2 00
INFO - 27 25 08 3c 00 0a 98 00
INFO - 27 28 48 3c 00 0a ba 00
INFO - 27 2a 88 3c 00 0a bd 00
INFO - 27 2d c8 3c 00 0a cb 00
INFO - 27 30 08 3c 00 0a be 00
INFO - 27 32 48 3c 00 0a b8 00
INFO - 27 35 88 3c 00 0a bb 00
INFO - 27 37 c8 3c 00 0a aa 00
INFO - 27 39 08 3c 00 0a 99 00
INFO - 27 3b 48 3c 00 0a c8 00
INFO - 27 3e 88 3c 00 0a b9 00
INFO - 27 40 c8 3c 00 0a 9f 00
INFO - 27 41 08 3c 00 0a 86 00
INFO - 27 43 48 3c 00 0a a6 00
INFO - 27 45 88 3c 00 0a 92 00
INFO - 27 46 c8 3c 00 0a 95 00
INFO - 27 48 08 3c 00 0a 9a 00
INFO - 27 4a 48 3c 00 0a 95 00
INFO - 27 4c 88 3c 00 0a 99 00
INFO - 27 4d c8 3c 00 0a 91 00
INFO - 27 50 08 3c 00 0a be 00
INFO - 27 52 48 3c 00 0a 9a 00
INFO - 27 54 88 3c 00 0a b2 00
INFO - 27 56 c8 3c 00 0a a4 00
INFO - 27 5a 08 3c 00 0b 04 00
INFO - 27 5c 48 3c 00 0a 98 00
INFO - 27 5e 88 3c 00 0a ba 00
INFO - 27 61 c8 3c 00 0a bc 00
INFO - 27 63 08 3c 00 0a ac 00
INFO - 27 65 48 3c 00 0a c3 00
INFO - 27 67 88 3c 00 0a 9a 00
INFO - 27 69 c8 3c 00 0a 6f 00
INFO - 27 6b 08 3c 00 0a 90 00
INFO - 27 6d 48 3c 00 0a a2 00
INFO - 27 6e 88 3c 00 0a 9a 00
INFO - 27 71 c8 3c 00 0a ba 00
INFO - 27 72 08 3c 00 0a 84 00
INFO - 27 75 48 3c 00 0a ae 00
INFO - 27 76 88 3c 00 0a 92 00
INFO - 27 79 c8 3c 00 0a bf 00
INFO - 27 7b 08 3c 00 0a 9c 00
INFO - 27 7c 48 3c 00 0a 83 00
INFO - 27 7e 88 3c 00 0a a3 00
INFO - 27 80 c8 3c 00 0a 9d 00
INFO - 27 81 08 3c 00 0a 96 00
INFO - 27 83 48 3c 00 0a a3 00
INFO - 27 85 88 3c 00 0a 9b 00
INFO - 27 87 c8 3c 00 0a 97 00
INFO - 27 89 08 3c 00 0a a5 00
INFO - 27 8d 48 3c 00 0b 0b 00
INFO - 27 8f 88 3c 00 0a 9b 00
INFO - 27 91 c8 3c 00 0a b2 00
INFO - 27 93 08 3c 00 0a 85 00
INFO - 27 95 48 3c 00 0a b8 00
INFO - 27 97 88 3c 00 0a a9 00
INFO - 27 99 c8 3c 00 0a 84 00
INFO - 27 9a 08 3c 00 0a 9a 00
INFO - 27 9c 48 3c 00 0a 8c 00
INFO - 27 9e 88 3c 00 0a 98 00
INFO - 27 a0 c8 3c 00 0a b9 00
INFO - 27 a1 08 3c 00 0a 82 00
INFO - 27 a4 48 3c 00 0a b6 00
INFO - 27 a5 88 3c 00 0a 88 00
INFO - 27 a7 c8 3c 00 0a 9f 00
INFO - 27 a9 08 3c 00 0a 9d 00
INFO - 27 ab 48 3c 00 0a aa 00
INFO - 27 ad 88 3c 00 0a ae 00
INFO - 27 af c8 3c 00 0a 9d 00
INFO - 27 b1 08 3c 00 0a ab 00
INFO - 27 b4 48 3c 00 0a bc 00
INFO - 27 b6 88 3c 00 0a a2 00
INFO - 27 b8 c8 3c 00 0a a6 00
INFO - 27 ba 08 3c 00 0a be 00
INFO - 27 bd 48 3c 00 0a c6 00
INFO - 27 bf 88 3c 00 0a 88 00
INFO - 27 c1 c8 3c 00 0a af 00
INFO - 27 c3 08 3c 00 0a 93 00
INFO - 27 c5 48 3c 00 0a bd 00
INFO - 27 c8 88 3c 00 0a de 00
INFO - 27 ca c8 3c 00 0a 98 00
INFO - 27 cc 08 3c 00 0a b1 00
INFO - 27 cf 48 3c 00 0a b7 00
INFO - 27 d1 88 3c 00 0a be 00
INFO - 27 d4 c8 3c 00 0a c3 00
INFO - 27 d6 08 3c 00 0a b4 00
INFO - 27 d8 48 3c 00 0a 80 00
INFO - 27 da 88 3c 00 0a af 00
INFO - 27 dd c8 3c 00 0a ca 00
INFO - 27 df 08 3c 00 0a a1 00
INFO - 27 e2 48 3c 00 0a ef 00
INFO - 27 e4 88 3c 00 0a 9b 00
INFO - 27 e6 c8 3c 00 0a 94 00
INFO - 27 e8 08 3c 00 0a ba 00
INFO - 27 ea 48 3c 00 0a b1 00
INFO - 27 ec 88 3c 00 0a ac 00
INFO - 27 ee c8 3c 00 0a a3 00
INFO - 27 f1 08 3c 00 0a a8 00
INFO - 27 f3 48 3c 00 0a b7 00
INFO - 27 f6 88 3c 00 0a c9 00
INFO - 27 f8 c8 3c 00 0a b8 00
INFO - 27 fa 08 3c 00 0a a8 00
INFO - 27 fc 48 3c 00 0a 98 00
INFO - 27 fe 88 3c 00 0a 9a 00
INFO - 28 00 c8 3c 00 0a aa 00
INFO - 28 03 08 3c 00 0a dc 00
INFO - 28 05 48 3c 00 0a 90 00
INFO - 28 07 88 3c 00 0a be 00
INFO - 28 09 c8 3c 00 0a 9f 00
INFO - 28 0c 08 3c 00 0a de 00
INFO - 28 0e 48 3c 00 0a 9c 00
INFO - 28 10 88 3c 00 0a b7 00
INFO - 28 14 c8 3c 00 0a d7 00
INFO - 28 16 08 3c 00 0a b0 00
INFO - 28 18 48 3c 00 0a 9e 00
INFO - 28 1a 88 3c 00 0a a0 00
INFO - 28 1c c8 3c 00 0a a7 00
INFO - 28 1e 08 3c 00 0a a9 00
INFO - 28 20 48 3c 00 0a a2 00
INFO - 28 23 88 3c 00 0a ca 00
INFO - 28 25 c8 3c 00 0a b5 00
INFO - 28 27 08 3c 00 0a b7 00
INFO - 28 2b 48 3c 00 0a e8 00
INFO - 28 2f 88 3c 00 0b 0b 00
INFO - 28 31 c8 3c 00 0a c4 00
INFO - 28 33 08 3c 00 0a a1 00
INFO - 28 36 48 3c 00 0a c5 00
INFO - 28 38 88 3c 00 0a ad 00
INFO - 28 3b c8 3c 00 0a b9 00
INFO - 28 3d 08 3c 00 0a a1 00
INFO - 28 3f 48 3c 00 0a ba 00
INFO - 28 43 88 3c 00 0b 03 00
INFO - 28 46 c8 3c 00 0a c6 00
INFO - 28 48 08 3c 00 0a a0 00
INFO - 28 4a 48 3c 00 0a a6 00
INFO - 28 4c 88 3c 00 0a a9 00
INFO - 28 4e c8 3c 00 0a bb 00
INFO - 28 51 08 3c 00 0a ba 00
INFO - 28 53 48 3c 00 0a bd 00
INFO - 28 56 88 3c 00 0a b6 00
INFO - 28 58 c8 3c 00 0a ba 00
INFO - 28 5a 08 3c 00 0a ad 00
INFO - 28 5d 48 3c 00 0a bd 00
INFO - 28 5f 88 3c 00 0a c1 00
INFO - 28 62 c8 3c 00 0a cb 00
INFO - 28 64 08 3c 00 0a aa 00
INFO - 28 67 48 3c 00 0a ad 00
INFO - 28 68 88 3c 00 0a 98 00
INFO - 28 6b c8 3c 00 0a b5 00
INFO - 28 6e 08 3c 00 0a e9 00
INFO - 28 71 48 3c 00 0a b9 00
INFO - 28 72 88 3c 00 0a 97 00
INFO - 28 75 c8 3c 00 0a b6 00
INFO - 28 77 08 3c 00 0a a3 00
INFO - 28 79 48 3c 00 0a 9d 00
INFO - 28 7b 88 3c 00 0a 7c 00
INFO - 28 7d c8 3c 00 0a a0 00
INFO - 28 7f 08 3c 00 0a af 00
INFO - 28 81 48 3c 00 0a 9d 00
INFO - 28 83 88 3c 00 0a bb 00
INFO - 28 86 c8 3c 00 0a a8 00
INFO - 28 89 08 3c 00 0a d3 00
INFO - 28 8b 48 3c 00 0a bf 00
INFO - 28 8f 88 3c 00 0a f6 00
INFO - 28 91 c8 3c 00 0a 9c 00
INFO - 28 93 08 3c 00 0a ae 00
INFO - 28 95 48 3c 00 0a 9b 00
INFO - 28 97 88 3c 00 0a c1 00
INFO - 28 9a c8 3c 00 0a ce 00
INFO - 28 9d 08 3c 00 0a e5 00
INFO - 28 9f 48 3c 00 0a a2 00
INFO - 28 a2 88 3c 00 0a b1 00
INFO - 28 a5 c8 3c 00 0a dc 00
INFO - 28 a7 08 3c 00 0a b0 00
INFO - 28 a9 48 3c 00 0a ad 00
INFO - 28 ac 88 3c 00 0a b7 00
INFO - 28 ae c8 3c 00 0a 9d 00
INFO - 28 b0 08 3c 00 0a a1 00
INFO - 28 b2 48 3c 00 0a a5 00
INFO - 28 b3 88 3c 00 0a 9c 00
INFO - 28 b6 c8 3c 00 0a cb 00
INFO - 28 b8 08 3c 00 0a a9 00
INFO - 28 bd 48 3c 00 0b 27 00
INFO - 28 c0 88 3c 00 0a d5 00
INFO - 28 c2 c8 3c 00 0a aa 00
INFO - 28 c4 08 3c 00 0a 99 00
INFO - 28 c6 48 3c 00 0a 9e 00
INFO - 28 c8 88 3c 00 0a a4 00
INFO - 28 cb c8 3c 00 0a cc 00
INFO - 28 cc 08 3c 00 0a 84 00
INFO - 28 cf 48 3c 00 0a c5 00
INFO - 28 d1 88 3c 00 0a 9f 00
INFO - 28 d3 c8 3c 00 0a cf 00
INFO - 28 d5 08 3c 00 0a 90 00
INFO - 28 d8 48 3c 00 0a ea 00
INFO - 28 db 88 3c 00 0a bf 00
INFO - 28 de c8 3c 00 0a d0 00
INFO - 28 df 08 3c 00 0a 8e 00
INFO - 28 e2 48 3c 00 0a d3 00
INFO - 28 e4 88 3c 00 0a a5 00
INFO - 28 e7 c8 3c 00 0a bf 00
INFO - 28 ea 08 3c 00 0a ce 00
INFO - 28 ec 48 3c 00 0a bc 00
INFO - 28 ef 88 3c 00 0a bc 00
INFO - 28 f1 c8 3c 00 0a a8 00
INFO - 28 f3 08 3c 00 0a ad 00
INFO - 28 f6 48 3c 00 0a bb 00
INFO - 28 f8 88 3c 00 0a b4 00
INFO - 28 fa c8 3c 00 0a bc 00
INFO - 28 fd 08 3c 00 0a c4 00
INFO - 28 ff 48 3c 00 0a b0 00
INFO - 29 01 88 3c 00 0a 93 00
INFO - 29 04 c8 3c 00 0a e6 00
INFO - 29 07 08 3c 00 0a b4 00
INFO - 29 09 48 3c 00 0a a1 00
INFO - 29 0b 88 3c 00 0a b5 00
INFO - 29 0d c8 3c 00 0a 95 00
INFO - 29 0f 08 3c 00 0a b1 00
INFO - 29 11 48 3c 00 0a 9d 00
INFO - 29 13 88 3c 00 0a b9 00
INFO - 29 16 c8 3c 00 0a b0 00
INFO - 29 17 08 3c 00 0a 9d 00
INFO - 29 1a 48 3c 00 0a ba 00
INFO - 29 1d 88 3c 00 0a cb 00
INFO - 29 20 c8 3c 00 0a d0 00
INFO - 29 22 08 3c 00 0a a9 00
INFO - 29 23 48 3c 00 0a 97 00
INFO - 29 26 88 3c 00 0a 79 00
INFO - 29 28 c8 3c 00 0a a8 00
INFO - 29 2a 08 3c 00 0a c5 00
INFO - 29 2d 48 3c 00 0a d6 00
INFO - 29 2f 88 3c 00 0a a3 00
INFO - 29 32 c8 3c 00 0a b3 00
INFO - 29 33 08 3c 00 0a 8c 00
INFO - 29 37 48 3c 00 0a f8 00
INFO - 29 39 88 3c 00 0a 8b 00
INFO - 29 3c c8 3c 00 0a dd 00
INFO - 29 3e 08 3c 00 0a c7 00
INFO - 29 40 48 3c 00 0a 9a 00
INFO - 29 43 88 3c 00 0a be 00
INFO - 29 45 c8 3c 00 0a ad 00
INFO - 29 47 08 3c 00 0a 91 00
INFO - 29 49 48 3c 00 0a b8 00
INFO - 29 4b 88 3c 00 0a 99 00
INFO - 29 4d c8 3c 00 0a b3 00
INFO - 29 4f 08 3c 00 0a 96 00
INFO - 29 52 48 3c 00 0a dd 00
INFO - 29 54 88 3c 00 0a 9c 00
INFO - 29 56 c8 3c 00 0a 96 00
INFO - 29 58 08 3c 00 0a c6 00
INFO - 29 5b 48 3c 00 0a ba 00
INFO - 29 5d 88 3c 00 0a b3 00
INFO - 29 5f c8 3c 00 0a 96 00
INFO - 29 61 08 3c 00 0a 9a 00
INFO - 29 63 48 3c 00 0a b3 00
INFO - 29 65 88 3c 00 0a ad 00
INFO - 29 68 c8 3c 00 0a c9 00
INFO - 29 6a 08 3c 00 0a ae 00
INFO - 29 6d 48 3c 00 0a be 00
INFO - 29 6e 88 3c 00 0a 96 00
INFO - 29 71 c8 3c 00 0a b4 00
INFO - 29 74 08 3c 00 0a d5 00
INFO - 29 76 48 3c 00 0a a2 00
INFO - 29 78 88 3c 00 0a b3 00
INFO - 29 7a c8 3c 00 0a ad 00
INFO - 29 7d 08 3c 00 0a ca 00
INFO - 29 80 48 3c 00 0a ce 00
INFO - 29 82 88 3c 00 0a b1 00
INFO - 29 85 c8 3c 00 0a bb 00
INFO - 29 86 08 3c 00 0a 91 00
INFO - 29 89 48 3c 00 0a b9 00
INFO - 29 8c 88 3c 00 0a dd 00
INFO - 29 8e c8 3c 00 0a bb 00
INFO - 29 91 08 3c 00 0a c6 00
INFO - 29 94 48 3c 00 0a cb 00
INFO - 29 96 88 3c 00 0a b0 00
INFO - 29 9a c8 3c 00 0a e5 00
INFO - 29 9b 08 3c 00 0a 99 00
INFO - 29 9f 48 3c 00 0a e8 00
INFO - 29 a0 88 3c 00 0a 8f 00
INFO - 29 a2 c8 3c 00 0a a7 00
INFO - 29 a4 08 3c 00 0a 97 00
INFO - 29 a7 48 3c 00 0a be 00
INFO - 29 aa 88 3c 00 0a e4 00
INFO - 29 ad c8 3c 00 0a bd 00
INFO - 29 af 08 3c 00 0a ab 00
INFO - 29 b1 48 3c 00 0a a5 00
INFO - 29 b2 88 3c 00 0a 83 00
INFO - 29 b4 c8 3c 00 0a 68 00
INFO - 29 b6 08 3c 00 0a b7 00
INFO - 29 b9 48 3c 00 0a b9 00
INFO - 29 bb 88 3c 00 0a af 00
INFO - 29 bd c8 3c 00 0a a6 00
INFO - 29 bf 08 3c 00 0a 94 00
INFO - 29 c1 48 3c 00 0a b9 00
INFO - 29 c3 88 3c 00 0a b1 00
INFO - 29 c5 c8 3c 00 0a aa 00
INFO - 29 c7 08 3c 00 0a 98 00
INFO - 29 c9 48 3c 00 0a a5 00
INFO - 29 cb 88 3c 00 0a 9e 00
INFO - 29 cc c8 3c 00 0a 82 00
INFO - 29 cf 08 3c 00 0a b0 00
INFO - 29 d1 48 3c 00 0a b4 00
INFO - 29 d4 88 3c 00 0a c2 00
INFO - 29 d6 c8 3c 00 0a a5 00
INFO - 29 d7 08 3c 00 0a 93 00
INFO - 29 d9 48 3c 00 0a 96 00
INFO - 29 db 88 3c 00 0a a5 00
INFO - 29 dd c8 3c 00 0a 92 00
INFO - 29 df 08 3c 00 0a a4 00
INFO - 29 e0 48 3c 00 0a 94 00
INFO - 29 e2 88 3c 00 0a 94 00
INFO - 29 e7 c8 3c 00 0b 2a 00
INFO - 29 e9 08 3c 00 0a 99 00
INFO - 29 eb 48 3c 00 0a bc 00
INFO - 29 ee 88 3c 00 0a cc 00
INFO - 29 f0 c8 3c 00 0a a7 00
INFO - 29 f2 08 3c 00 0a aa 00
INFO - 29 f5 48 3c 00 0a b5 00
INFO - 29 f8 88 3c 00 0a dd 00
INFO - 29 fa c8 3c 00 0a ad 00
INFO - 29 fc 08 3c 00 0a a5 00
INFO - 29 fe 48 3c 00 0a a1 00
INFO - 2a 00 88 3c 00 0a a5 00
INFO - 2a 03 c8 3c 00 0a c0 00
INFO - 2a 04 08 3c 00 0a 9a 00
INFO - 2a 06 48 3c 00 0a 93 00
INFO - 2a 08 88 3c 00 0a b5 00
INFO - 2a 0b c8 3c 00 0a af 00
INFO - 2a 0d 08 3c 00 0a aa 00
INFO - 2a 0f 48 3c 00 0a a4 00
INFO - 2a 11 88 3c 00 0a 9c 00
INFO - 2a 13 c8 3c 00 0a b4 00
INFO - 2a 16 08 3c 00 0a d7 00
INFO - 2a 18 48 3c 00 0a 9c 00
INFO - 2a 1a 88 3c 00 0a a9 00
INFO - 2a 1c c8 3c 00 0a a3 00
INFO - 2a 1d 08 3c 00 0a 86 00
INFO - 2a 20 48 3c 00 0a d2 00
INFO - 2a 22 88 3c 00 0a 84 00
INFO - 2a 24 c8 3c 00 0a 70 00
INFO - 2a 26 08 3c 00 0a b8 00
INFO - 2a 28 48 3c 00 0a b0 00
INFO - 2a 2a 88 3c 00 0a 9a 00
INFO - 2a 2d c8 3c 00 0a c3 00
INFO - 2a 2e 08 3c 00 0a 86 00
INFO - 2a 31 48 3c 00 0a b9 00
INFO - 2a 33 88 3c 00 0a cd 00
INFO - 2a 35 c8 3c 00 0a 7c 00
INFO - 2a 37 08 3c 00 0a ae 00
INFO - 2a 39 48 3c 00 0a ae 00
INFO - 2a 3b 88 3c 00 0a 91 00
INFO - 2a 3d c8 3c 00 0a c7 00
INFO - 2a 43 08 3c 00 0a b4 00
INFO - 2a 45 48 3c 00 0a a6 00
INFO - 2a 47 88 3c 00 0a 96 00
INFO - 2a 4a c8 3c 00 0a b9 00
INFO - 2a 4b 08 3c 00 0a a0 00
INFO - 2a 4d 48 3c 00 0a 98 00
INFO - 2a 50 88 3c 00 0a b7 00
INFO - 2a 52 c8 3c 00 0a af 00
INFO - 2a 54 08 3c 00 0a a0 00
INFO - 2a 56 48 3c 00 0a b5 00
INFO - 2a 58 88 3c 00 0a b0 00
INFO - 2a 5a c8 3c 00 0a 7a 00
INFO - 2a 5c 08 3c 00 0a c1 00
INFO - 2a 5e 48 3c 00 0a 8c 00
INFO - 2a 60 88 3c 00 0a ac 00
INFO - 2a 62 c8 3c 00 0a ba 00
INFO - 2a 64 08 3c 00 0a 95 00
INFO - 2a 66 48 3c 00 0a b0 00
INFO - 2a 68 88 3c 00 0a 95 00
INFO - 2a 6a c8 3c 00 0a 9a 00
INFO - 2a 6c 08 3c 00 0a a6 00
INFO - 2a 6e 48 3c 00 0a 9f 00
INFO - 2a 6f 88 3c 00 0a 7b 00
INFO - 2a 71 c8 3c 00 0a b7 00
INFO - 2a 73 08 3c 00 0a 9b 00
INFO - 2a 75 48 3c 00 0a aa 00
INFO - 2a 77 88 3c 00 0a 9c 00
INFO - 2a 79 c8 3c 00 0a 9e 00
INFO - 2a 7b 08 3c 00 0a ad 00
INFO - 2a 7d 48 3c 00 0a a5 00
INFO - 2a 7f 88 3c 00 0a 8b 00
INFO - 2a 80 c8 3c 00 0a 99 00
INFO - 2a 83 08 3c 00 0a b9 00
INFO - 2a 84 48 3c 00 0a 82 00
INFO - 2a 87 88 3c 00 0a b8 00
INFO - 2a 88 c8 3c 00 0a 9f 00
INFO - 2a 8b 08 3c 00 0a be 00
INFO - 2a 8d 48 3c 00 0a 92 00
INFO - 2a 8f 88 3c 00 0a bb 00
INFO - 2a 92 c8 3c 00 0a b9 00
INFO - 2a 94 08 3c 00 0a b1 00
INFO - 2a 96 48 3c 00 0a 9b 00
INFO - 2a 98 88 3c 00 0a a2 00
INFO - 2a 99 c8 3c 00 0a 94 00
INFO - 2a 9c 08 3c 00 0a b9 00
INFO - 2a 9d 48 3c 00 0a 98 00
INFO - 2a a0 88 3c 00 0a b5 00
INFO - 2a a1 c8 3c 00 0a 8e 00
INFO - 2a a4 08 3c 00 0a bb 00
INFO - 2a a6 48 3c 00 0a 92 00
INFO - 2a a8 88 3c 00 0a a9 00
INFO - 2a ab c8 3c 00 0a 8d 00
INFO - 2a ad 08 3c 00 0a 85 00
INFO - 2a af 48 3c 00 0a 96 00
INFO - 2a b1 88 3c 00 0a b0 00
INFO - 2a b2 c8 3c 00 0a 8d 00
INFO - 2a b5 08 3c 00 0a c1 00
INFO - 2a b7 48 3c 00 0a b8 00
INFO - 2a bb 88 3c 00 0a e1 00
INFO - 2a bc c8 3c 00 0a 93 00
INFO - 2a bf 08 3c 00 0a ca 00
INFO - 2a c2 48 3c 00 0a c2 00
INFO - 2a c3 88 3c 00 0a 9b 00
INFO - 2a c6 c8 3c 00 0a a7 00
INFO - 2a c7 08 3c 00 0a 90 00
INFO - 2a c9 48 3c 00 0a 8e 00
INFO - 2a cb 88 3c 00 0a bc 00
INFO - 2a cd c8 3c 00 0a ac 00
INFO - 2a d0 08 3c 00 0a b1 00
INFO - 2a d1 48 3c 00 0a 98 00
INFO - 2a d3 88 3c 00 0a 90 00
INFO - 2a d5 c8 3c 00 0a 93 00
INFO - 2a d6 08 3c 00 0a 84 00
INFO - 2a d8 48 3c 00 0a 90 00
INFO - 2a d9 88 3c 00 0a 91 00
INFO - 2a db c8 3c 00 0a 94 00
INFO - 2a dd 08 3c 00 0a 8d 00
INFO - 2a de 48 3c 00 0a 9d 00
INFO - 2a e0 88 3c 00 0a 8d 00
INFO - 2a e2 c8 3c 00 0a 94 00
INFO - 2a e4 08 3c 00 0a a0 00
INFO - 2a e6 48 3c 00 0a a7 00
INFO - 2a e8 88 3c 00 0a a0 00
INFO - 2a e9 c8 3c 00 0a 86 00
INFO - 2a eb 08 3c 00 0a 9d 00
INFO - 2a ed 48 3c 00 0a a0 00
INFO - 2a ef 88 3c 00 0a c1 00
INFO - 2a f2 c8 3c 00 0a b1 00
INFO - 2a f4 08 3c 00 0a a9 00
INFO - 2a f5 48 3c 00 0a 85 00
INFO - 2a fa 88 3c 00 0b 42 00
INFO - 2a fc c8 3c 00 0a 93 00
INFO - 2a fe 08 3c 00 0a be 00
INFO - 2b 01 48 3c 00 0a a5 00
INFO - 2b 02 88 3c 00 0a 8c 00
INFO - 2b 04 c8 3c 00 0a 92 00
INFO - 2b 06 08 3c 00 0a a4 00
INFO - 2b 08 48 3c 00 0a a9 00
INFO - 2b 0a 88 3c 00 0a a7 00
INFO - 2b 0c c8 3c 00 0a 98 00
INFO - 2b 0d 08 3c 00 0a 85 00
INFO - 2b 0f 48 3c 00 0a 8b 00
INFO - 2b 11 88 3c 00 0a c3 00
INFO - 2b 14 c8 3c 00 0a d0 00
INFO - 2b 16 08 3c 00 0a a6 00
INFO - 2b 18 48 3c 00 0a 95 00
INFO - 2b 1a 88 3c 00 0a 9b 00
INFO - 2b 1c c8 3c 00 0a ac 00
INFO - 2b 1d 08 3c 00 0a 84 00
INFO - 2b 1f 48 3c 00 0a a2 00
INFO - 2b 21 88 3c 00 0a 8c 00
INFO - 2b 23 c8 3c 00 0a cc 00
INFO - 2b 25 08 3c 00 0a 99 00
INFO - 2b 28 48 3c 00 0a c0 00
INFO - 2b 2a 88 3c 00 0a b3 00
INFO - 2b 2c c8 3c 00 0a 88 00
INFO - 2b 2e 08 3c 00 0a c1 00
INFO - 2b 30 48 3c 00 0a a3 00
INFO - 2b 32 88 3c 00 0a a3 00
INFO - 2b 34 c8 3c 00 0a 97 00
INFO - 2b 36 08 3c 00 0a a6 00
INFO - 2b 38 48 3c 00 0a ae 00
INFO - 2b 3a 88 3c 00 0a ae 00
INFO - 2b 3c c8 3c 00 0a 90 00
INFO - 2b 3e 08 3c 00 0a b1 00
INFO - 2b 41 48 3c 00 0a b6 00
INFO - 2b 42 88 3c 00 0a 96 00
INFO - 2b 44 c8 3c 00 0a a8 00
INFO - 2b 47 08 3c 00 0a ae 00
INFO - 2b 48 48 3c 00 0a 90 00
INFO - 2b 4b 88 3c 00 0a c1 00
INFO - 2b 4c c8 3c 00 0a 90 00
INFO - 2b 4f 08 3c 00 0a ac 00
INFO - 2b 50 48 3c 00 0a 9c 00
INFO - 2b 52 88 3c 00 0a 8b 00
INFO - 2b 54 c8 3c 00 0a a8 00
INFO - 2b 56 08 3c 00 0a aa 00
INFO - 2b 58 48 3c 00 0a a2 00
INFO - 2b 5a 88 3c 00 0a ad 00
INFO - 2b 5c c8 3c 00 0a 8f 00
INFO - 2b 5e 08 3c 00 0a a2 00
INFO - 2b 60 48 3c 00 0a a4 00
INFO - 2b 62 88 3c 00 0a 99 00
INFO - 2b 64 c8 3c 00 0a a4 00
INFO - 2b 65 08 3c 00 0a 98 00
INFO - 2b 68 48 3c 00 0a b1 00
INFO - 2b 69 88 3c 00 0a 8c 00
INFO - 2b 6b c8 3c 00 0a ad 00
INFO - 2b 6e 08 3c 00 0a b8 00
INFO - 2b 6f 48 3c 00 0a 86 00
INFO - 2b 71 88 3c 00 0a a7 00
INFO - 2b 73 c8 3c 00 0a a1 00
INFO - 2b 75 08 3c 00 0a b1 00
INFO - 2b 77 48 3c 00 0a 96 00
INFO - 2b 79 88 3c 00 0a 94 00
INFO - 2b 7b c8 3c 00 0a a0 00
INFO - 2b 7d 08 3c 00 0a b2 00
INFO - 2b 7f 48 3c 00 0a b4 00
INFO - 2b 81 88 3c 00 0a 8a 00
INFO - 2b 83 c8 3c 00 0a 96 00
INFO - 2b 86 08 3c 00 0a d0 00
INFO - 2b 88 48 3c 00 0a b5 00
INFO - 2b 8a 88 3c 00 0a a9 00
INFO - 2b 8c c8 3c 00 0a af 00
INFO - 2b 8e 08 3c 00 0a 9a 00
INFO - 2b 90 48 3c 00 0a 97 00
INFO - 2b 92 88 3c 00 0a c7 00
INFO - 2b 94 c8 3c 00 0a 90 00
INFO - 2b 97 08 3c 00 0a cd 00
INFO - 2b 99 48 3c 00 0a 9a 00
INFO - 2b 9b 88 3c 00 0a af 00
INFO - 2b 9d c8 3c 00 0a 91 00
INFO - 2b 9e 08 3c 00 0a 9b 00
INFO - 2b a0 48 3c 00 0a a4 00
INFO - 2b a2 88 3c 00 0a a5 00
INFO - 2b a4 c8 3c 00 0a 72 00
INFO - 2b a7 08 3c 00 0a af 00
INFO - 2b a9 48 3c 00 0a af 00
INFO - 2b ab 88 3c 00 0a af 00
INFO - 2b ad c8 3c 00 0a 9b 00
INFO - 2b af 08 3c 00 0a a4 00
INFO - 2b b1 48 3c 00 0a 91 00
INFO - 2b b4 88 3c 00 0a d7 00
INFO - 2b b5 c8 3c 00 0a 91 00
INFO - 2b b7 08 3c 00 0a af 00
INFO - 2b b9 48 3c 00 0a 87 00
INFO - 2b bc 88 3c 00 0a c3 00
INFO - 2b be c8 3c 00 0a a5 00
INFO - 2b c0 08 3c 00 0a bd 00
INFO - 2b c2 48 3c 00 0a b6 00
INFO - 2b c4 88 3c 00 0a 95 00
INFO - 2b c6 c8 3c 00 0a 8d 00
INFO - 2b c8 08 3c 00 0a a9 00
INFO - 2b c9 48 3c 00 0a 87 00
INFO - 2b cb 88 3c 00 0a a1 00
INFO - 2b cd c8 3c 00 0a 9f 00
INFO - 2b d0 08 3c 00 0a de 00
INFO - 2b d2 48 3c 00 0a a9 00
INFO - 2b d4 88 3c 00 0a 92 00
INFO - 2b d7 c8 3c 00 0a c3 00
INFO - 2b d9 08 3c 00 0a ba 00
INFO - 2b db 48 3c 00 0a a1 00
INFO - 2b dd 88 3c 00 0a a9 00
INFO - 2b df c8 3c 00 0a 87 00
INFO - 2b e0 08 3c 00 0a 8d 00
INFO - 2b e2 48 3c 00 0a a0 00
INFO - 2b e4 88 3c 00 0a a5 00
INFO - 2b e6 c8 3c 00 0a 9b 00
INFO - 2b e8 08 3c 00 0a be 00
INFO - 2b ea 48 3c 00 0a 97 00
INFO - 2b ec 88 3c 00 0a a6 00
INFO - 2b ee c8 3c 00 0a 87 00
INFO - 2b ef 08 3c 00 0a 91 00
INFO - 2b f1 48 3c 00 0a 87 00
INFO - 2b f3 88 3c 00 0a af 00
INFO - 2b f5 c8 3c 00 0a a5 00
INFO - 2b f7 08 3c 00 0a a6 00
INFO - 2b f9 48 3c 00 0a be 00
INFO - 2b fb 88 3c 00 0a 98 00
INFO - 2b fd c8 3c 00 0a 91 00
INFO - 2b ff 08 3c 00 0a 9f 00
INFO - 2c 04 48 3c 00 0b 44 00
INFO - 2c 06 88 3c 00 0a a5 00
INFO - 2c 08 c8 3c 00 0a 95 00
INFO - 2c 09 08 3c 00 0a 91 00
INFO - 2c 0b 48 3c 00 0a 7d 00
INFO - 2c 0d 88 3c 00 0a a2 00
INFO - 2c 0e c8 3c 00 0a 8b 00
INFO - 2c 10 08 3c 00 0a ac 00
INFO - 2c 12 48 3c 00 0a 9f 00
INFO - 2c 14 88 3c 00 0a a2 00
INFO - 2c 16 c8 3c 00 0a 95 00
INFO - 2c 18 08 3c 00 0a a5 00
INFO - 2c 1a 48 3c 00 0a 98 00
INFO - 2c 1c 88 3c 00 0a a9 00
INFO - 2c 1e c8 3c 00 0a a5 00
INFO - 2c 20 08 3c 00 0a ad 00
INFO - 2c 23 48 3c 00 0a f0 00
INFO - 2c 26 88 3c 00 0a a5 00
INFO - 2c 27 c8 3c 00 0a 91 00
INFO - 2c 29 08 3c 00 0a 9b 00
INFO - 2c 2b 48 3c 00 0a 9b 00
INFO - 2c 2d 88 3c 00 0a c4 00
INFO - 2c 2f c8 3c 00 0a 91 00
INFO - 2c 31 08 3c 00 0a a6 00
INFO - 2c 33 48 3c 00 0a 98 00
INFO - 2c 35 88 3c 00 0a 9e 00
INFO - 2c 37 c8 3c 00 0a 9b 00
INFO - 2c 38 08 3c 00 0a 9b 00
INFO - 2c 3a 48 3c 00 0a 87 00
INFO - 2c 3c 88 3c 00 0a a5 00
INFO - 2c 3e c8 3c 00 0a 9b 00
INFO - 2c 3f 08 3c 00 0a 91 00
INFO - 2c 41 48 3c 00 0a 9b 00
INFO - 2c 43 88 3c 00 0a 94 00
INFO - 2c 45 c8 3c 00 0a ac 00
INFO - 2c 48 08 3c 00 0a c6 00
INFO - 2c 4a 48 3c 00 0a c0 00
INFO - 2c 4e 88 3c 00 0a e5 00
INFO - 2c 4f c8 3c 00 0a 98 00
INFO - 2c 53 08 3c 00 0a e5 00
INFO - 2c 55 48 3c 00 0a c0 00
INFO - 2c 57 88 3c 00 0a 94 00
INFO - 2c 59 c8 3c 00 0a a2 00
INFO - 2c 5a 08 3c 00 0a 87 00
INFO - 2c 5d 48 3c 00 0a d0 00
INFO - 2c 60 88 3c 00 0a d7 00
INFO - 2c 62 c8 3c 00 0a 86 00
INFO - 2c 64 08 3c 00 0a b9 00
INFO - 2c 66 48 3c 00 0a a2 00
INFO - 2c 68 88 3c 00 0a 94 00
INFO - 2c 6a c8 3c 00 0a a4 00
INFO - 2c 6c 08 3c 00 0a af 00
INFO - 2c 6e 48 3c 00 0a a5 00
INFO - 2c 70 88 3c 00 0a 9b 00
INFO - 2c 72 c8 3c 00 0a b5 00
INFO - 2c 74 08 3c 00 0a a8 00
INFO - 2c 76 48 3c 00 0a 9b 00
INFO - 2c 78 88 3c 00 0a af 00
INFO - 2c 7a c8 3c 00 0a a5 00
INFO - 2c 7c 08 3c 00 0a 9a 00
INFO - 2c 7e 48 3c 00 0a a4 00
INFO - 2c 80 88 3c 00 0a 91 00
INFO - 2c 82 c8 3c 00 0a b8 00
INFO - 2c 83 08 3c 00 0a 7c 00
INFO - 2c 86 48 3c 00 0a b8 00
INFO - 2c 88 88 3c 00 0a ae 00
INFO - 2c 8a c8 3c 00 0a b8 00
INFO - 2c 8c 08 3c 00 0a 9a 00
INFO - 2c 8e 48 3c 00 0a 9a 00
INFO - 2c 90 88 3c 00 0a 9a 00
INFO - 2c 92 c8 3c 00 0a 90 00
INFO - 2c 93 08 3c 00 0a 9a 00
INFO - 2c 96 48 3c 00 0a ae 00
INFO - 2c 97 88 3c 00 0a 86 00
INFO - 2c 99 c8 3c 00 0a b6 00
INFO - 2c 9d 08 3c 00 0a 8c 00
INFO - 2c 9f 48 3c 00 0a 86 00
INFO - 2c a0 88 3c 00 0a 8d 00
INFO - 2c a3 c8 3c 00 0a bc 00
INFO - 2c a5 08 3c 00 0a b5 00
INFO - 2c a7 48 3c 00 0a b1 00
INFO - 2c a9 88 3c 00 0a 9a 00
INFO - 2c ab c8 3c 00 0a 90 00
INFO - 2c ac 08 3c 00 0a 96 00
INFO - 2c af 48 3c 00 0a c3 00
INFO - 2c b2 88 3c 00 0a e3 00
INFO - 2c b4 c8 3c 00 0a 86 00
INFO - 2c b6 08 3c 00 0a ab 00
INFO - 2c b8 48 3c 00 0a 9e 00
INFO - 2c ba 88 3c 00 0a a4 00
INFO - 2c bc c8 3c 00 0a a4 00
INFO - 2c bd 08 3c 00 0a 8d 00
INFO - 2c c0 48 3c 00 0a b2 00
INFO - 2c c2 88 3c 00 0a c2 00
INFO - 2c c5 c8 3c 00 0a b8 00
INFO - 2c c6 08 3c 00 0a 90 00
INFO - 2c c8 48 3c 00 0a ae 00
INFO - 2c cb 88 3c 00 0a ae 00
INFO - 2c cc c8 3c 00 0a 90 00
INFO - 2c ce 08 3c 00 0a ae 00
INFO - 2c d0 48 3c 00 0a 8f 00
INFO - 2c d2 88 3c 00 0a b8 00
INFO - 2c d4 c8 3c 00 0a 9a 00
INFO - 2c d7 08 3c 00 0a b8 00
INFO - 2c d9 48 3c 00 0a a8 00
INFO - 2c db 88 3c 00 0a 97 00
INFO - 2c dd c8 3c 00 0a ae 00
INFO - 2c e0 08 3c 00 0a cc 00
INFO - 2c e1 48 3c 00 0a 7d 00
INFO - 2c e3 88 3c 00 0a af 00
INFO - 2c e5 c8 3c 00 0a 91 00
INFO - 2c e6 08 3c 00 0a 94 00
INFO - 2c e8 48 3c 00 0a ac 00
INFO - 2c eb 88 3c 00 0a ce 00
INFO - 2c ed c8 3c 00 0a 9e 00
INFO - 2c ef 08 3c 00 0a 92 00
INFO - 2c f0 48 3c 00 0a 8e 00
INFO - 2c f3 88 3c 00 0a c5 00
INFO - 2c f5 c8 3c 00 0a 92 00
INFO - 2c f7 08 3c 00 0a ba 00
INFO - 2c f9 48 3c 00 0a 92 00
INFO - 2c fb 88 3c 00 0a 9f 00
INFO - 2c fd c8 3c 00 0a a7 00
INFO - 2c ff 08 3c 00 0a a4 00
INFO - 2d 00 48 3c 00 0a 81 00
INFO - 2d 02 88 3c 00 0a 9d 00
INFO - 2d 04 c8 3c 00 0a a4 00
INFO - 2d 06 08 3c 00 0a a0 00
INFO - 2d 08 48 3c 00 0a a8 00
INFO - 2d 0b 88 3c 00 0a dc 00
INFO - 2d 0d c8 3c 00 0a af 00
INFO - 2d 0f 08 3c 00 0a ab 00
INFO - 2d 14 48 3c 00 0b 1b 00
INFO - 2d 17 88 3c 00 0a d2 00
INFO - 2d 19 c8 3c 00 0a 9e 00
INFO - 2d 1d 08 3c 00 0b 12 00
INFO - 2d 1e 48 3c 00 0a 8a 00
INFO - 2d 20 88 3c 00 0a 9e 00
INFO - 2d 22 c8 3c 00 0a 9f 00
INFO - 2d 25 08 3c 00 0a bf 00
INFO - 2d 27 48 3c 00 0a a9 00
INFO - 2d 29 88 3c 00 0a 9f 00
INFO - 2d 2a c8 3c 00 0a 8e 00
INFO - 2d 2c 08 3c 00 0a 91 00
INFO - 2d 2e 48 3c 00 0a ab 00
INFO - 2d 30 88 3c 00 0a 8d 00
INFO - 2d 31 c8 3c 00 0a 92 00
INFO - 2d 33 08 3c 00 0a 95 00
INFO - 2d 35 48 3c 00 0a a0 00
INFO - 2d 37 88 3c 00 0a ab 00
INFO - 2d 39 c8 3c 00 0a 8b 00
INFO - 2d 3a 08 3c 00 0a a0 00
INFO - 2d 3c 48 3c 00 0a 8e 00
INFO - 2d 40 88 3c 00 0a f3 00
INFO - 2d 42 c8 3c 00 0a a4 00
INFO - 2d 44 08 3c 00 0a b3 00
INFO - 2d 46 48 3c 00 0a 8f 00
INFO - 2d 47 88 3c 00 0a 96 00
INFO - 2d 4a c8 3c 00 0a b4 00
INFO - 2d 4c 08 3c 00 0a c5 00
INFO - 2d 4e 48 3c 00 0a 93 00
INFO - 2d 50 88 3c 00 0a ba 00
INFO - 2d 53 c8 3c 00 0a ac 00
INFO - 2d 55 08 3c 00 0a c2 00
INFO - 2d 58 48 3c 00 0a c2 00
INFO - 2d 5a 88 3c 00 0a a9 00
INFO - 2d 5d c8 3c 00 0a d1 00
INFO - 2d 5f 08 3c 00 0a 96 00
INFO - 2d 61 48 3c 00 0a ad 00
INFO - 2d 63 88 3c 00 0a a2 00
INFO - 2d 64 c8 3c 00 0a 96 00
INFO - 2d 67 08 3c 00 0a c2 00
INFO - 2d 6a 48 3c 00 0a c2 00
INFO - 2d 6c 88 3c 00 0a a2 00
INFO - 2d 6e c8 3c 00 0a cc 00
INFO - 2d 70 08 3c 00 0a a2 00
INFO - 2d 73 48 3c 00 0a c2 00
INFO - 2d 75 88 3c 00 0a ad 00
INFO - 2d 78 c8 3c 00 0a b8 00
INFO - 2d 79 08 3c 00 0a 98 00
INFO - 2d 7c 48 3c 00 0a bb 00
INFO - 2d 7e 88 3c 00 0a 94 00
INFO - 2d 80 c8 3c 00 0a c8 00
INFO - 2d 82 08 3c 00 0a 9f 00
INFO - 2d 85 48 3c 00 0a d2 00
INFO - 2d 87 88 3c 00 0a 9c 00
INFO - 2d 8a c8 3c 00 0a cb 00
INFO - 2d 8c 08 3c 00 0a ac 00
INFO - 2d 8f 48 3c 00 0a c5 00
INFO - 2d 91 88 3c 00 0a b3 00
INFO - 2d 92 c8 3c 00 0a 82 00
INFO - 2d 95 08 3c 00 0a c3 00
INFO - 2d 98 48 3c 00 0a c7 00
INFO - 2d 9b 88 3c 00 0a d2 00
INFO - 2d 9c c8 3c 00 0a 8e 00
INFO - 2d 9f 08 3c 00 0a bb 00
INFO - 2d a0 48 3c 00 0a 99 00
INFO - 2d a2 88 3c 00 0a 9a 00
INFO - 2d a5 c8 3c 00 0a be 00
INFO - 2d a6 08 3c 00 0a 96 00
INFO - 2d a8 48 3c 00 0a a5 00
INFO - 2d aa 88 3c 00 0a 8e 00
INFO - 2d ad c8 3c 00 0a d2 00
INFO - 2d b0 08 3c 00 0a e7 00
INFO - 2d b3 48 3c 00 0a b0 00
INFO - 2d b5 88 3c 00 0a ba 00
INFO - 2d b6 c8 3c 00 0a 83 00
INFO - 2d b8 08 3c 00 0a 9a 00
INFO - 2d ba 48 3c 00 0a a4 00
INFO - 2d bc 88 3c 00 0a 9a 00
INFO - 2d be c8 3c 00 0a 99 00
INFO - 2d c0 08 3c 00 0a bf 00
INFO - 2d c4 48 3c 00 0a e3 00
INFO - 2d c6 88 3c 00 0a af 00
INFO - 2d c8 c8 3c 00 0a a9 00
INFO - 2d cb 08 3c 00 0a c2 00
INFO - 2d cd 48 3c 00 0a a9 00
INFO - 2d cf 88 3c 00 0a bb 00
INFO - 2d d1 c8 3c 00 0a a0 00
INFO - 2d d3 08 3c 00 0a 9e 00
INFO - 2d d4 48 3c 00 0a 8e 00
INFO - 2d d6 88 3c 00 0a 8e 00
INFO - 2d d8 c8 3c 00 0a 96 00
INFO - 2d da 08 3c 00 0a be 00
INFO - 2d dc 48 3c 00 0a a1 00
INFO - 2d df 88 3c 00 0a c6 00
INFO - 2d e0 c8 3c 00 0a 8e 00
INFO - 2d e3 08 3c 00 0a c9 00
INFO - 2d e5 48 3c 00 0a 8b 00
INFO - 2d e8 88 3c 00 0a c9 00
INFO - 2d ea c8 3c 00 0a bc 00
INFO - 2d ec 08 3c 00 0a b1 00
INFO - 2d ee 48 3c 00 0a ac 00
INFO - 2d f2 88 3c 00 0a ec 00
INFO - 2d f4 c8 3c 00 0a 9a 00
INFO - 2d f8 08 3c 00 0b 0a 00
INFO - 2d fa 48 3c 00 0a c8 00
INFO - 2d fd 88 3c 00 0a c6 00
INFO - 2d ff c8 3c 00 0a 9b 00
INFO - 2e 01 08 3c 00 0a 9a 00
INFO - 2e 03 48 3c 00 0a b5 00
INFO - 2e 05 88 3c 00 0a a3 00
INFO - 2e 08 c8 3c 00 0a d3 00
INFO - 2e 0b 08 3c 00 0a d4 00
INFO - 2e 0d 48 3c 00 0a 93 00
INFO - 2e 0f 88 3c 00 0a ad 00
INFO - 2e 11 c8 3c 00 0a b2 00
INFO - 2e 13 08 3c 00 0a 9f 00
INFO - 2e 15 48 3c 00 0a a2 00
INFO - 2e 17 88 3c 00 0a 9c 00
INFO - 2e 19 c8 3c 00 0a aa 00
INFO - 2e 1b 08 3c 00 0a 96 00
INFO - 2e 1d 48 3c 00 0a ac 00
INFO - 2e 1f 88 3c 00 0a a7 00
INFO - 2e 21 c8 3c 00 0a ae 00
INFO - 2e 24 08 3c 00 0a b6 00
INFO - 2e 25 48 3c 00 0a 97 00
INFO - 2e 28 88 3c 00 0a c3 00
INFO - 2e 2a c8 3c 00 0a 9c 00
INFO - 2e 2c 08 3c 00 0a ba 00
INFO - 2e 2e 48 3c 00 0a a1 00
INFO - 2e 30 88 3c 00 0a a7 00
INFO - 2e 33 c8 3c 00 0a b3 00
INFO - 2e 35 08 3c 00 0a c6 00
INFO - 2e 38 48 3c 00 0a da 00
INFO - 2e 3e 88 3c 00 0b 54 00
INFO - 2e 40 c8 3c 00 0a a7 00
INFO - 2e 42 08 3c 00 0a 9d 00
INFO - 2e 44 48 3c 00 0a 9c 00
INFO - 2e 46 88 3c 00 0a a8 00
INFO - 2e 48 c8 3c 00 0a b4 00
INFO - 2e 4b 08 3c 00 0a cb 00
INFO - 2e 4d 48 3c 00 0a b4 00
INFO - 2e 4f 88 3c 00 0a 9c 00
INFO - 2e 53 c8 3c 00 0a ed 00
INFO - 2e 55 08 3c 00 0a c0 00
INFO - 2e 57 48 3c 00 0a ac 00
INFO - 2e 5a 88 3c 00 0a c7 00
INFO - 2e 5c c8 3c 00 0a b4 00
INFO - 2e 5f 08 3c 00 0a b8 00
INFO - 2e 61 48 3c 00 0a b0 00
INFO - 2e 63 88 3c 00 0a ac 00
INFO - 2e 65 c8 3c 00 0a 99 00
INFO - 2e 68 08 3c 00 0a ee 00
INFO - 2e 6b 48 3c 00 0a d7 00
INFO - 2e 6e 88 3c 00 0a c3 00
INFO - 2e 70 c8 3c 00 0a 93 00
INFO - 2e 73 08 3c 00 0a ca 00
INFO - 2e 76 48 3c 00 0a e3 00
INFO - 2e 78 88 3c 00 0a 80 00
INFO - 2e 7c c8 3c 00 0b 06 00
INFO - 2e 7f 08 3c 00 0a b5 00
INFO - 2e 81 48 3c 00 0a c0 00
INFO - 2e 83 88 3c 00 0a a9 00
INFO - 2e 85 c8 3c 00 0a 9e 00
INFO - 2e 88 08 3c 00 0a bd 00
INFO - 2e 8b 48 3c 00 0a d0 00
INFO - 2e 8d 88 3c 00 0a 9f 00
INFO - 2e 90 c8 3c 00 0a e0 00
INFO - 2e 93 08 3c 00 0a cc 00
INFO - 2e 95 48 3c 00 0a a5 00
INFO - 2e 98 88 3c 00 0a c4 00
INFO - 2e 9a c8 3c 00 0a aa 00
INFO - 2e 9c 08 3c 00 0a 83 00
INFO - 2e 9e 48 3c 00 0a 99 00
INFO - 2e a0 88 3c 00 0a 9e 00
INFO - 2e a4 c8 3c 00 0a f0 00
INFO - 2e a6 08 3c 00 0a b5 00
INFO - 2e a8 48 3c 00 0a a2 00
INFO - 2e aa 88 3c 00 0a b3 00
INFO - 2e ac c8 3c 00 0a a1 00
INFO - 2e af 08 3c 00 0a be 00
INFO - 2e b1 48 3c 00 0a c6 00
INFO - 2e b4 88 3c 00 0a b7 00
INFO - 2e b6 c8 3c 00 0a 9a 00
INFO - 2e b8 08 3c 00 0a aa 00
INFO - 2e ba 48 3c 00 0a a3 00
INFO - 2e bc 88 3c 00 0a a6 00
INFO - 2e be c8 3c 00 0a a2 00
INFO - 2e bf 08 3c 00 0a 90 00
INFO - 2e c2 48 3c 00 0a c5 00
INFO - 2e c4 88 3c 00 0a 9b 00
INFO - 2e c7 c8 3c 00 0a c7 00
INFO - 2e c9 08 3c 00 0a aa 00
INFO - 2e cb 48 3c 00 0a a0 00
INFO - 2e cd 88 3c 00 0a b6 00
INFO - 2e cf c8 3c 00 0a aa 00
INFO - 2e d2 08 3c 00 0a b7 00
INFO - 2e d4 48 3c 00 0a a8 00
INFO - 2e d6 88 3c 00 0a c5 00
INFO - 2e da c8 3c 00 0b 0a 00
INFO - 2e dd 08 3c 00 0a cf 00
INFO - 2e e0 48 3c 00 0a b8 00
INFO - 2e e3 88 3c 00 0a f2 00
INFO - 2e e6 c8 3c 00 0a c2 00
INFO - 2e e8 08 3c 00 0a a0 00
INFO - 2e ea 48 3c 00 0a b6 00
INFO - 2e ec 88 3c 00 0a b0 00
INFO - 2e ef c8 3c 00 0a b4 00
INFO - 2e f2 08 3c 00 0a e7 00
INFO - 2e f6 48 3c 00 0a f2 00
INFO - 2e f8 88 3c 00 0a ad 00
INFO - 2e fa c8 3c 00 0a 92 00
INFO - 2e fc 08 3c 00 0a b1 00
INFO - 2e fe 48 3c 00 0a 9c 00
INFO - 2f 00 88 3c 00 0a af 00
INFO - 2f 01 c8 3c 00 0a 91 00
INFO - 2f 04 08 3c 00 0a bc 00
INFO - 2f 06 48 3c 00 0a b3 00
INFO - 2f 09 88 3c 00 0a c5 00
INFO - 2f 0b c8 3c 00 0a b7 00
INFO - 2f 0d 08 3c 00 0a a5 00
INFO - 2f 11 48 3c 00 0a dc 00
INFO - 2f 13 88 3c 00 0a c4 00
INFO - 2f 15 c8 3c 00 0a ac 00
INFO - 2f 18 08 3c 00 0a dc 00
INFO - 2f 1a 48 3c 00 0a 82 00
INFO - 2f 1d 88 3c 00 0a d5 00
INFO - 2f 1f c8 3c 00 0a c4 00
INFO - 2f 22 08 3c 00 0a c9 00
INFO - 2f 25 48 3c 00 0a e1 00
INFO - 2f 28 88 3c 00 0a ab 00
INFO - 2f 2b c8 3c 00 0a d5 00
INFO - 2f 2d 08 3c 00 0a a4 00
INFO - 2f 2f 48 3c 00 0a c2 00
INFO - 2f 31 88 3c 00 0a 9d 00
INFO - 2f 33 c8 3c 00 0a b7 00
INFO - 2f 36 08 3c 00 0a b6 00
INFO - 2f 38 48 3c 00 0a b6 00
INFO - 2f 3b 88 3c 00 0a b5 00
INFO - 2f 3c c8 3c 00 0a 9c 00
INFO - 2f 3e 08 3c 00 0a 93 00
INFO - 2f 42 48 3c 00 0a fb 00
INFO - 2f 44 88 3c 00 0a 9d 00
INFO - 2f 46 c8 3c 00 0a 9c 00
INFO - 2f 48 08 3c 00 0a cd 00
INFO - 2f 4a 48 3c 00 0a 95 00
INFO - 2f 4c 88 3c 00 0a 99 00
INFO - 2f 4e c8 3c 00 0a b4 00
INFO - 2f 51 08 3c 00 0a b3 00
INFO - 2f 52 48 3c 00 0a 90 00
INFO - 2f 55 88 3c 00 0a c1 00
INFO - 2f 56 c8 3c 00 0a 91 00
INFO - 2f 59 08 3c 00 0a c0 00
INFO - 2f 5b 48 3c 00 0a a8 00
INFO - 2f 5e 88 3c 00 0a cb 00
INFO - 2f 60 c8 3c 00 0a 95 00
INFO - 2f 62 08 3c 00 0a b0 00
INFO - 2f 64 48 3c 00 0a b4 00
INFO - 2f 67 88 3c 00 0a db 00
INFO - 2f 69 c8 3c 00 0a 8d 00
INFO - 2f 6b 08 3c 00 0a 9d 00
INFO - 2f 6e 48 3c 00 0a d0 00
INFO - 2f 6f 88 3c 00 0a 99 00
INFO - 2f 74 c8 3c 00 0b 11 00
INFO - 2f 75 08 3c 00 0a 91 00
INFO - 2f 78 48 3c 00 0a db 00
INFO - 2f 7b 88 3c 00 0a c7 00
INFO - 2f 7e c8 3c 00 0a e5 00
INFO - 2f 80 08 3c 00 0a 98 00
INFO - 2f 82 48 3c 00 0a a0 00
INFO - 2f 84 88 3c 00 0a af 00
INFO - 2f 87 c8 3c 00 0a 85 00
INFO - 2f 8a 08 3c 00 0a c2 00
INFO - 2f 8b 48 3c 00 0a 80 00
INFO - 2f 8e 88 3c 00 0a ef 00
INFO - 2f 91 c8 3c 00 0a c8 00
INFO - 2f 93 08 3c 00 0a a6 00
INFO - 2f 96 48 3c 00 0a c4 00
INFO - 2f 98 88 3c 00 0a 94 00
INFO - 2f 9b c8 3c 00 0a d0 00
INFO - 2f 9d 08 3c 00 0a c3 00
INFO - 2f 9f 48 3c 00 0a a1 00
INFO - 2f a1 88 3c 00 0a 9f 00
INFO - 2f a4 c8 3c 00 0a be 00
INFO - 2f a6 08 3c 00 0a a3 00
INFO - 2f a7 48 3c 00 0a 94 00
INFO - 2f ab 88 3c 00 0a eb 00
INFO - 2f ad c8 3c 00 0a be 00
INFO - 2f b0 08 3c 00 0a be 00
INFO - 2f b2 48 3c 00 0a b0 00
INFO - 2f b5 88 3c 00 0a e3 00
INFO - 2f b8 c8 3c 00 0a be 00
INFO - 2f bb 08 3c 00 0a eb 00
INFO - 2f bd 48 3c 00 0a 9b 00
INFO - 2f bf 88 3c 00 0a 9b 00
INFO - 2f c1 c8 3c 00 0a 8f 00
INFO - 2f c3 08 3c 00 0a b1 00
INFO - 2f c6 48 3c 00 0a d2 00
INFO - 2f c8 88 3c 00 0a c6 00
INFO - 2f ca c8 3c 00 0a 8c 00
INFO - 2f cd 08 3c 00 0a cb 00
INFO - 2f cf 48 3c 00 0a bd 00
INFO - 2f d1 88 3c 00 0a a0 00
INFO - 2f d4 c8 3c 00 0a b3 00
INFO - 2f d6 08 3c 00 0a b9 00
INFO - 2f d8 48 3c 00 0a b6 00
INFO - 2f db 88 3c 00 0a c8 00
INFO - 2f dd c8 3c 00 0a aa 00
INFO - 2f df 08 3c 00 0a aa 00
INFO - 2f e2 48 3c 00 0a c7 00
INFO - 2f e4 88 3c 00 0a b6 00
INFO - 2f e6 c8 3c 00 0a 9e 00
INFO - 2f e8 08 3c 00 0a 94 00
INFO - 2f eb 48 3c 00 0a bd 00
INFO - 2f ec 88 3c 00 0a 9b 00
INFO - 2f ee c8 3c 00 0a 8d 00
INFO - 2f f0 08 3c 00 0a 9d 00
INFO - 2f f1 48 3c 00 0a 89 00
INFO - 2f f4 88 3c 00 0a b2 00
INFO - 2f f5 c8 3c 00 0a 7b 00
INFO - 2f f7 08 3c 00 0a b5 00
INFO - 2f f9 48 3c 00 0a a8 00
INFO - 2f fb 88 3c 00 0a ad 00
INFO - 2f fe c8 3c 00 0a b4 00
INFO - 30 00 08 3c 00 0a a7 00
INFO - 30 02 48 3c 00 0a bb 00
INFO - 30 05 88 3c 00 0a b1 00
INFO - 30 07 c8 3c 00 0a a6 00
INFO - 30 09 08 3c 00 0a c5 00
INFO - 30 0c 48 3c 00 0a bb 00
INFO - 30 0e 88 3c 00 0a c5 00
INFO - 30 10 c8 3c 00 0a 98 00
INFO - 30 13 08 3c 00 0a be 00
INFO - 30 15 48 3c 00 0a 9c 00
INFO - 30 16 88 3c 00 0a 87 00
INFO - 30 18 c8 3c 00 0a 8f 00
INFO - 30 19 08 3c 00 0a 9e 00
INFO - 30 1b 48 3c 00 0a 9c 00
INFO - 30 1d 88 3c 00 0a 9c 00
INFO - 30 1f c8 3c 00 0a 92 00
INFO - 30 20 08 3c 00 0a 92 00
INFO - 30 23 48 3c 00 0a ad 00
INFO - 30 25 88 3c 00 0a aa 00
INFO - 30 27 c8 3c 00 0a 73 00
INFO - 30 29 08 3c 00 0a 9c 00
INFO - 30 2b 48 3c 00 0a b1 00
INFO - 30 2d 88 3c 00 0a a6 00
INFO - 30 2e c8 3c 00 0a 83 00
INFO - 30 34 08 3c 00 0a d0 00
INFO - 30 37 48 3c 00 0a b9 00
INFO - 30 38 88 3c 00 0a 98 00
INFO - 30 3a c8 3c 00 0a 95 00
INFO - 30 3c 08 3c 00 0a a5 00
INFO - 30 3e 48 3c 00 0a b1 00
INFO - 30 40 88 3c 00 0a 8c 00
INFO - 30 43 c8 3c 00 0a c7 00
INFO - 30 44 08 3c 00 0a 91 00
INFO - 30 47 48 3c 00 0a af 00
INFO - 30 48 88 3c 00 0a 96 00
INFO - 30 4a c8 3c 00 0a a8 00
INFO - 30 4d 08 3c 00 0a ae 00
INFO - 30 4e 48 3c 00 0a 91 00
INFO - 30 50 88 3c 00 0a aa 00
INFO - 30 52 c8 3c 00 0a 95 00
INFO - 30 54 08 3c 00 0a ad 00
INFO - 30 57 48 3c 00 0a b8 00
INFO - 30 58 88 3c 00 0a 86 00
INFO - 30 5a c8 3c 00 0a b4 00
INFO - 30 5c 08 3c 00 0a a7 00
INFO - 30 5e 48 3c 00 0a a4 00
INFO - 30 60 88 3c 00 0a 90 00
INFO - 30 62 c8 3c 00 0a 9b 00
INFO - 30 64 08 3c 00 0a b7 00
INFO - 30 66 48 3c 00 0a a0 00
INFO - 30 68 88 3c 00 0a a7 00
INFO - 30 6a c8 3c 00 0a 9a 00
INFO - 30 6c 08 3c 00 0a 91 00
INFO - 30 6d 48 3c 00 0a 8f 00
INFO - 30 6f 88 3c 00 0a 85 00
INFO - 30 71 c8 3c 00 0a ae 00
INFO - 30 73 08 3c 00 0a ae 00
INFO - 30 75 48 3c 00 0a 86 00
INFO - 30 77 88 3c 00 0a aa 00
INFO - 30 78 c8 3c 00 0a 88 00
INFO - 30 7a 08 3c 00 0a ae 00
INFO - 30 7d 48 3c 00 0a c1 00
INFO - 30 7f 88 3c 00 0a 99 00
INFO - 30 81 c8 3c 00 0a ad 00
INFO - 30 84 08 3c 00 0a c1 00
INFO - 30 89 48 3c 00 0b 1a 00
INFO - 30 8b 88 3c 00 0a a0 00
INFO - 30 8d c8 3c 00 0a af 00
INFO - 30 8f 08 3c 00 0a a3 00
INFO - 30 90 48 3c 00 0a 85 00
INFO - 30 93 88 3c 00 0a c8 00
INFO - 30 96 c8 3c 00 0a ce 00
INFO - 30 98 08 3c 00 0a 98 00
INFO - 30 99 48 3c 00 0a 99 00
INFO - 30 9b 88 3c 00 0a 8f 00
INFO - 30 9d c8 3c 00 0a a3 00
INFO - 30 9f 08 3c 00 0a be 00
INFO - 30 a2 48 3c 00 0a b0 00
INFO - 30 a4 88 3c 00 0a c2 00
INFO - 30 a6 c8 3c 00 0a 9a 00
INFO - 30 a7 08 3c 00 0a 83 00
INFO - 30 aa 48 3c 00 0a b2 00
INFO - 30 ac 88 3c 00 0a a3 00
INFO - 30 ae c8 3c 00 0a 9a 00
INFO - 30 b0 08 3c 00 0a a1 00
INFO - 30 b2 48 3c 00 0a ba 00
INFO - 30 b4 88 3c 00 0a 91 00
INFO - 30 b5 c8 3c 00 0a 99 00
INFO - 30 b7 08 3c 00 0a 99 00
INFO - 30 ba 48 3c 00 0a bf 00
INFO - 30 bb 88 3c 00 0a 93 00
INFO - 30 be c8 3c 00 0a b6 00
INFO - 30 bf 08 3c 00 0a 85 00
INFO - 30 c1 48 3c 00 0a 96 00
INFO - 30 c2 88 3c 00 0a 8f 00
INFO - 30 c5 c8 3c 00 0a c3 00
INFO - 30 c7 08 3c 00 0a 9a 00
INFO - 30 c8 48 3c 00 0a 85 00
INFO - 30 cb 88 3c 00 0a be 00
INFO - 30 cd c8 3c 00 0a b6 00
INFO - 30 cf 08 3c 00 0a a2 00
INFO - 30 d1 48 3c 00 0a 85 00
INFO - 30 d3 88 3c 00 0a ab 00
INFO - 30 d5 c8 3c 00 0a bf 00
INFO - 30 d8 08 3c 00 0a c0 00
INFO - 30 da 48 3c 00 0a 9f 00
INFO - 30 db 88 3c 00 0a 91 00
INFO - 30 dd c8 3c 00 0a 98 00
INFO - 30 df 08 3c 00 0a a2 00
INFO - 30 e1 48 3c 00 0a 95 00
INFO - 30 e3 88 3c 00 0a c3 00
INFO - 30 e5 c8 3c 00 0a 7b 00
INFO - 30 e8 08 3c 00 0a e7 00
INFO - 30 ea 48 3c 00 0a b5 00
INFO - 30 ed 88 3c 00 0a b7 00
INFO - 30 ef c8 3c 00 0a a3 00
INFO - 30 f1 08 3c 00 0a c0 00
INFO - 30 f3 48 3c 00 0a 8c 00
INFO - 30 f5 88 3c 00 0a a9 00
INFO - 30 f6 c8 3c 00 0a 88 00
INFO - 30 f9 08 3c 00 0a b7 00
INFO - 30 fa 48 3c 00 0a 98 00
INFO - 30 fd 88 3c 00 0a ca 00
INFO - 30 ff c8 3c 00 0a 9f 00
INFO - 31 01 08 3c 00 0a 92 00
INFO - 31 03 48 3c 00 0a 99 00
INFO - 31 04 88 3c 00 0a 8e 00
INFO - 31 06 c8 3c 00 0a ab 00
INFO - 31 09 08 3c 00 0a c7 00
INFO - 31 0b 48 3c 00 0a 9a 00
INFO - 31 0d 88 3c 00 0a ac 00
INFO - 31 0f c8 3c 00 0a 98 00
INFO - 31 10 08 3c 00 0a 95 00
INFO - 31 13 48 3c 00 0a cb 00
INFO - 31 15 88 3c 00 0a 99 00
INFO - 31 17 c8 3c 00 0a 8d 00
INFO - 31 19 08 3c 00 0a a2 00
INFO - 31 1a 48 3c 00 0a 98 00
INFO - 31 1d 88 3c 00 0a c6 00
INFO - 31 1e c8 3c 00 0a 88 00
INFO - 31 20 08 3c 00 0a 8f 00
INFO - 31 21 48 3c 00 0a 85 00
INFO - 31 23 88 3c 00 0a 86 00
INFO - 31 24 c8 3c 00 0a 95 00
INFO - 31 26 08 3c 00 0a 85 00
INFO - 31 28 48 3c 00 0a 9c 00
INFO - 31 2a 88 3c 00 0a 9a 00
INFO - 31 2b c8 3c 00 0a 99 00
INFO - 31 2d 08 3c 00 0a 9a 00
INFO - 31 2f 48 3c 00 0a 8e 00
INFO - 31 31 88 3c 00 0a c4 00
INFO - 31 33 c8 3c 00 0a 90 00
INFO - 31 36 08 3c 00 0a c2 00
INFO - 31 38 48 3c 00 0a b5 00
INFO - 31 3a 88 3c 00 0a 9d 00
INFO - 31 3b c8 3c 00 0a 87 00
INFO - 31 3e 08 3c 00 0a b7 00
INFO - 31 40 48 3c 00 0a c2 00
INFO - 31 42 88 3c 00 0a a4 00
INFO - 31 44 c8 3c 00 0a a4 00
INFO - 31 46 08 3c 00 0a 86 00
INFO - 31 47 48 3c 00 0a 67 00
INFO - 31 49 88 3c 00 0a a1 00
INFO - 31 4b c8 3c 00 0a 8c 00
INFO - 31 4d 08 3c 00 0a ad 00
INFO - 31 4f 48 3c 00 0a 9c 00
INFO - 31 51 88 3c 00 0a a4 00
INFO - 31 53 c8 3c 00 0a b5 00
INFO - 31 55 08 3c 00 0a 89 00
INFO - 31 56 48 3c 00 0a 9a 00
INFO - 31 59 88 3c 00 0a d7 00
INFO - 31 5c c8 3c 00 0a b6 00
INFO - 31 5e 08 3c 00 0a b7 00
INFO - 31 60 48 3c 00 0a b2 00
INFO - 31 63 88 3c 00 0a d7 00
INFO - 31 66 c8 3c 00 0a b0 00
INFO - 31 68 08 3c 00 0a b5 00
INFO - 31 6a 48 3c 00 0a 93 00
INFO - 31 6b 88 3c 00 0a 87 00
INFO - 31 6d c8 3c 00 0a 9b 00
INFO - 31 6f 08 3c 00 0a 91 00
INFO - 31 71 48 3c 00 0a a2 00
INFO - 31 72 88 3c 00 0a 90 00
INFO - 31 75 c8 3c 00 0a bb 00
INFO - 31 76 08 3c 00 0a 87 00
INFO - 31 78 48 3c 00 0a b9 00
INFO - 31 7b 88 3c 00 0a b6 00
INFO - 31 7d c8 3c 00 0a b7 00
INFO - 31 80 08 3c 00 0a b8 00
INFO - 31 81 48 3c 00 0a 90 00
INFO - 31 83 88 3c 00 0a 84 00
INFO - 31 85 c8 3c 00 0a a6 00
INFO - 31 86 08 3c 00 0a 8f 00
INFO - 31 88 48 3c 00 0a a4 00
INFO - 31 8c 88 3c 00 0a df 00
INFO - 31 8d c8 3c 00 0a 96 00
INFO - 31 8f 08 3c 00 0a a7 00
INFO - 31 91 48 3c 00 0a a1 00
INFO - 31 93 88 3c 00 0a 99 00
INFO - 31 95 c8 3c 00 0a ab 00
INFO - 31 98 08 3c 00 0a c5 00
INFO - 31 9a 48 3c 00 0a 9a 00
INFO - 31 9b 88 3c 00 0a 97 00
INFO - 31 9d c8 3c 00 0a 8e 00
INFO - 31 9f 08 3c 00 0a 9c 00
INFO - 31 a1 48 3c 00 0a a3 00
INFO - 31 a3 88 3c 00 0a 9f 00
INFO - 31 a5 c8 3c 00 0a a9 00
INFO - 31 a7 08 3c 00 0a b1 00
INFO - 31 a9 48 3c 00 0a 8a 00
INFO - 31 ab 88 3c 00 0a ab 00
INFO - 31 ad c8 3c 00 0a 9d 00
INFO - 31 af 08 3c 00 0a a7 00
INFO - 31 b0 48 3c 00 0a 8c 00
INFO - 31 b2 88 3c 00 0a 82 00
INFO - 31 b4 c8 3c 00 0a b0 00
INFO - 31 b6 08 3c 00 0a ad 00
INFO - 31 b8 48 3c 00 0a 8e 00
INFO - 31 b9 88 3c 00 0a 8b 00
INFO - 31 bb c8 3c 00 0a 9e 00
INFO - 31 bd 08 3c 00 0a 94 00
INFO - 31 bf 48 3c 00 0a b6 00
INFO - 31 c1 88 3c 00 0a b2 00
INFO - 31 c3 c8 3c 00 0a 8a 00
INFO - 31 c4 08 3c 00 0a 7e 00
INFO - 31 c6 48 3c 00 0a b3 00
INFO - 31 c8 88 3c 00 0a 7f 00
INFO - 31 ca c8 3c 00 0a a5 00
INFO - 31 cb 08 3c 00 0a 9c 00
INFO - 31 ce 48 3c 00 0a ac 00
INFO - 31 cf 88 3c 00 0a 97 00
INFO - 31 d1 c8 3c 00 0a a4 00
INFO - 31 d3 08 3c 00 0a 9c 00
INFO - 31 d5 48 3c 00 0a 92 00
INFO - 31 d6 88 3c 00 0a 87 00
INFO - 31 d9 c8 3c 00 0a b2 00
INFO - 31 da 08 3c 00 0a 94 00
INFO - 31 dc 48 3c 00 0a a5 00
INFO - 31 de 88 3c 00 0a 80 00
INFO - 31 e0 c8 3c 00 0a c1 00
INFO - 31 e2 08 3c 00 0a 99 00
INFO - 31 e4 48 3c 00 0a b1 00
INFO - 31 e6 88 3c 00 0a 94 00
INFO - 31 e8 c8 3c 00 0a a4 00
INFO - 31 ea 08 3c 00 0a ab 00
INFO - 31 ec 48 3c 00 0a 95 00
INFO - 31 ee 88 3c 00 0a ae 00
INFO - 31 f0 c8 3c 00 0a a2 00
INFO - 31 f2 08 3c 00 0a 9f 00
INFO - 31 f3 48 3c 00 0a 93 00
INFO - 31 f6 88 3c 00 0a ac 00
INFO - 31 f7 c8 3c 00 0a 98 00
INFO - 31 f9 08 3c 00 0a 9e 00
INFO - 31 fb 48 3c 00 0a 7f 00
INFO - 31 fd 88 3c 00 0a ad 00
INFO - 31 fe c8 3c 00 0a 93 00
INFO - 32 00 08 3c 00 0a 99 00
INFO - 32 02 48 3c 00 0a 8d 00
INFO - 32 03 88 3c 00 0a 8b 00
INFO - 32 05 c8 3c 00 0a ac 00
INFO - 32 07 08 3c 00 0a 8f 00
INFO - 32 08 48 3c 00 0a 7e 00
INFO - 32 0a 88 3c 00 0a 86 00
INFO - 32 0c c8 3c 00 0a a6 00
INFO - 32 0d 08 3c 00 0a 78 00
INFO - 32 0f 48 3c 00 0a c0 00
INFO - 32 11 88 3c 00 0a 88 00
INFO - 32 12 c8 3c 00 0a 8e 00
INFO - 32 15 08 3c 00 0a b1 00
INFO - 32 18 48 3c 00 0a d0 00
INFO - 32 1a 88 3c 00 0a ae 00
INFO - 32 1c c8 3c 00 0a b7 00
INFO - 32 1e 08 3c 00 0a 83 00
INFO - 32 20 48 3c 00 0a ba 00
INFO - 32 22 88 3c 00 0a b0 00
INFO - 32 24 c8 3c 00 0a 94 00
INFO - 32 25 08 3c 00 0a 7a 00
INFO - 32 27 48 3c 00 0a a2 00
INFO - 32 29 88 3c 00 0a 9a 00
INFO - 32 2b c8 3c 00 0a 96 00
INFO - 32 2c 08 3c 00 0a 8c 00
INFO - 32 2d 48 3c 00 0a 81 00
INFO - 32 2e 88 3c 00 0a 78 00
INFO - 32 30 c8 3c 00 0a 81 00
INFO - 32 31 08 3c 00 0a 81 00
INFO - 32 33 48 3c 00 0a 98 00
INFO - 32 34 88 3c 00 0a 85 00
INFO - 32 36 c8 3c 00 0a 80 00
INFO - 32 37 08 3c 00 0a 94 00
INFO - 32 39 48 3c 00 0a 90 00
INFO - 32 3a 88 3c 00 0a 90 00
INFO - 32 3c c8 3c 00 0a 78 00
INFO - 32 3e 08 3c 00 0a bc 00
INFO - 32 3f 48 3c 00 0a 80 00
INFO - 32 41 88 3c 00 0a 93 00
INFO - 32 43 c8 3c 00 0a 98 00
INFO - 32 44 08 3c 00 0a 88 00
INFO - 32 46 48 3c 00 0a 88 00
INFO - 32 48 88 3c 00 0a a0 00
INFO - 32 49 c8 3c 00 0a 78 00
INFO - 32 4a 08 3c 00 0a 8c 00
INFO - 32 4c 48 3c 00 0a 80 00
INFO - 32 4d 88 3c 00 0a 8c 00
INFO - 32 4e c8 3c 00 0a 82 00
INFO - 32 50 08 3c 00 0a 90 00
INFO - 32 52 48 3c 00 0a 9e 00
INFO - 32 53 88 3c 00 0a 81 00
INFO - 32 55 c8 3c 00 0a 8d 00
INFO - 32 56 08 3c 00 0a 82 00
INFO - 32 58 48 3c 00 0a 8b 00
INFO - 32 59 88 3c 00 0a 8b 00
INFO - 32 5b c8 3c 00 0a 95 00
INFO - 32 5c 08 3c 00 0a 7e 00
INFO - 32 5e 48 3c 00 0a a8 00
INFO - 32 60 88 3c 00 0a a5 00
INFO - 32 62 c8 3c 00 0a af 00
INFO - 32 64 08 3c 00 0a 89 00
INFO - 32 66 48 3c 00 0a bb 00
INFO - 32 68 88 3c 00 0a 96 00
INFO - 32 6a c8 3c 00 0a 8d 00
INFO - 32 6b 08 3c 00 0a 8e 00
INFO - 32 6c 48 3c 00 0a 85 00
INFO - 32 6e 88 3c 00 0a 9f 00
INFO - 32 70 c8 3c 00 0a 95 00
INFO - 32 72 08 3c 00 0a 8e 00
INFO - 32 75 48 3c 00 0a db 00
INFO - 32 76 88 3c 00 0a 89 00
INFO - 32 78 c8 3c 00 0a 8d 00
INFO - 32 7a 08 3c 00 0a c3 00
INFO - 32 7c 48 3c 00 0a 7a 00
INFO - 32 7d 88 3c 00 0a 99 00
INFO - 32 80 c8 3c 00 0a b1 00
INFO - 32 81 08 3c 00 0a 7d 00
INFO - 32 82 48 3c 00 0a 86 00
INFO - 32 85 88 3c 00 0a b2 00
INFO - 32 86 c8 3c 00 0a 84 00
INFO - 32 88 08 3c 00 0a 9a 00
INFO - 32 8b 48 3c 00 0a d5 00
INFO - 32 8c 88 3c 00 0a 8f 00
INFO - 32 8e c8 3c 00 0a 83 00
INFO - 32 8f 08 3c 00 0a 92 00
INFO - 32 92 48 3c 00 0a bb 00
INFO - 32 93 88 3c 00 0a 8c 00
INFO - 32 95 c8 3c 00 0a 9c 00
INFO - 32 97 08 3c 00 0a 86 00
INFO - 32 99 48 3c 00 0a a9 00
INFO - 32 9a 88 3c 00 0a 98 00
INFO - 32 9d c8 3c 00 0a c4 00
INFO - 32 9f 08 3c 00 0a 87 00
INFO - 32 a0 48 3c 00 0a 99 00
INFO - 32 a2 88 3c 00 0a 9f 00
INFO - 32 a4 c8 3c 00 0a 93 00
INFO - 32 a5 08 3c 00 0a 88 00
INFO - 32 a7 48 3c 00 0a 97 00
INFO - 32 a9 88 3c 00 0a 9e 00
INFO - 32 ab c8 3c 00 0a ac 00
INFO - 32 ad 08 3c 00 0a 88 00
INFO - 32 af 48 3c 00 0a ad 00
INFO - 32 b1 88 3c 00 0a 9b 00
INFO - 32 b2 c8 3c 00 0a 93 00
INFO - 32 b4 08 3c 00 0a 86 00
INFO - 32 b6 48 3c 00 0a a8 00
INFO - 32 b8 88 3c 00 0a 9c 00
INFO - 32 b9 c8 3c 00 0a 90 00
INFO - 32 bb 08 3c 00 0a 74 00
INFO - 32 bd 48 3c 00 0a 86 00
INFO - 32 be 88 3c 00 0a 89 00
INFO - 32 c1 c8 3c 00 0a c0 00
INFO - 32 c2 08 3c 00 0a 80 00
INFO - 32 c5 48 3c 00 0a c9 00
INFO - 32 c7 88 3c 00 0a ba 00
INFO - 32 c9 c8 3c 00 0a ab 00
INFO - 32 cb 08 3c 00 0a 82 00
INFO - 32 cd 48 3c 00 0a a5 00
INFO - 32 cf 88 3c 00 0a aa 00
INFO - 32 d1 c8 3c 00 0a 9a 00
INFO - 32 d2 08 3c 00 0a 7f 00
INFO - 32 d4 48 3c 00 0a b9 00
INFO - 32 d6 88 3c 00 0a 97 00
INFO - 32 d9 c8 3c 00 0a b9 00
INFO - 32 db 08 3c 00 0a b4 00
INFO - 32 dc 48 3c 00 0a 7f 00
INFO - 32 de 88 3c 00 0a 8f 00
INFO - 32 e0 c8 3c 00 0a 99 00
INFO - 32 e1 08 3c 00 0a 9d 00
INFO - 32 e3 48 3c 00 0a 84 00
INFO - 32 e5 88 3c 00 0a b6 00
INFO - 32 e7 c8 3c 00 0a 97 00
INFO - 32 e9 08 3c 00 0a 99 00
INFO - 32 ea 48 3c 00 0a 86 00
INFO - 32 ec 88 3c 00 0a 9c 00
INFO - 32 ee c8 3c 00 0a 8c 00
INFO - 32 f0 08 3c 00 0a b3 00
INFO - 32 f1 48 3c 00 0a 8f 00
INFO - 32 f3 88 3c 00 0a 7e 00
INFO - 32 f4 c8 3c 00 0a 8f 00
INFO - 32 f7 08 3c 00 0a cd 00
INFO - 32 f9 48 3c 00 0a 9f 00
INFO - 32 fb 88 3c 00 0a b3 00
INFO - 32 fd c8 3c 00 0a 8f 00
INFO - 32 ff 08 3c 00 0a 9f 00
INFO - 33 00 48 3c 00 0a 8a 00
INFO - 33 02 88 3c 00 0a 9c 00
INFO - 33 04 c8 3c 00 0a 9f 00
INFO - 33 06 08 3c 00 0a 97 00
INFO - 33 08 48 3c 00 0a af 00
INFO - 33 0a 88 3c 00 0a 92 00
INFO - 33 0b c8 3c 00 0a 7c 00
INFO - 33 0d 08 3c 00 0a 9b 00
INFO - 33 0f 48 3c 00 0a b8 00
INFO - 33 11 88 3c 00 0a 85 00
INFO - 33 12 c8 3c 00 0a 7c 00
INFO - 33 14 08 3c 00 0a bb 00
INFO - 33 16 48 3c 00 0a 8b 00
INFO - 33 18 88 3c 00 0a 9e 00
INFO - 33 19 c8 3c 00 0a 9f 00
INFO - 33 1b 08 3c 00 0a 8d 00
INFO - 33 1d 48 3c 00 0a 8e 00
INFO - 33 1f 88 3c 00 0a c1 00
INFO - 33 21 c8 3c 00 0a 9a 00
INFO - 33 22 08 3c 00 0a 85 00
INFO - 33 24 48 3c 00 0a a4 00
INFO - 33 26 88 3c 00 0a a1 00
INFO - 33 28 c8 3c 00 0a a8 00
INFO - 33 2a 08 3c 00 0a 8e 00
INFO - 33 2c 48 3c 00 0a 9f 00
INFO - 33 2e 88 3c 00 0a 8f 00
INFO - 33 2f c8 3c 00 0a a0 00
INFO - 33 31 08 3c 00 0a 8c 00
INFO - 33 33 48 3c 00 0a ac 00
INFO - 33 34 88 3c 00 0a 7e 00
INFO - 33 37 c8 3c 00 0a a9 00
INFO - 33 38 08 3c 00 0a 7f 00
INFO - 33 39 48 3c 00 0a 87 00
INFO - 33 3b 88 3c 00 0a 90 00
INFO - 33 3c c8 3c 00 0a 7f 00
INFO - 33 3e 08 3c 00 0a 96 00
INFO - 33 3f 48 3c 00 0a 82 00
INFO - 33 41 88 3c 00 0a 89 00
INFO - 33 42 c8 3c 00 0a 88 00
INFO - 33 44 08 3c 00 0a 6e 00
INFO - 33 45 48 3c 00 0a 7f 00
INFO - 33 47 88 3c 00 0a 89 00
INFO - 33 48 c8 3c 00 0a 8a 00
INFO - 33 4a 08 3c 00 0a 9c 00
INFO - 33 4c 48 3c 00 0a a3 00
INFO - 33 4d 88 3c 00 0a 84 00
INFO - 33 50 c8 3c 00 0a c4 00
INFO - 33 52 08 3c 00 0a 94 00
INFO - 33 54 48 3c 00 0a bb 00
INFO - 33 57 88 3c 00 0a c3 00
INFO - 33 59 c8 3c 00 0a 97 00
INFO - 33 5a 08 3c 00 0a 8c 00
INFO - 33 5f 48 3c 00 0b 4a 00
INFO - 33 61 88 3c 00 0a 85 00
INFO - 33 63 c8 3c 00 0a a1 00
INFO - 33 64 08 3c 00 0a 92 00
INFO - 33 66 48 3c 00 0a 90 00
INFO - 33 68 88 3c 00 0a 8f 00
INFO - 33 69 c8 3c 00 0a 94 00
INFO - 33 6b 08 3c 00 0a 91 00
INFO - 33 6d 48 3c 00 0a 92 00
INFO - 33 6f 88 3c 00 0a a6 00
INFO - 33 71 c8 3c 00 0a 9f 00
INFO - 33 72 08 3c 00 0a 88 00
INFO - 33 75 48 3c 00 0a ea 00
INFO - 33 78 88 3c 00 0a bf 00
INFO - 33 7a c8 3c 00 0a 97 00
INFO - 33 7d 08 3c 00 0a e2 00
INFO - 33 80 48 3c 00 0a cc 00
INFO - 33 82 88 3c 00 0a ba 00
INFO - 33 84 c8 3c 00 0a 96 00
INFO - 33 86 08 3c 00 0a b0 00
INFO - 33 89 48 3c 00 0a b8 00
INFO - 33 8b 88 3c 00 0a a3 00
INFO - 33 8e c8 3c 00 0a dd 00
INFO - 33 90 08 3c 00 0a 9c 00
INFO - 33 92 48 3c 00 0a a3 00
INFO - 33 94 88 3c 00 0a a6 00
INFO - 33 96 c8 3c 00 0a b3 00
INFO - 33 99 08 3c 00 0a c7 00
INFO - 33 9c 48 3c 00 0a c9 00
INFO - 33 9d 88 3c 00 0a 90 00
INFO - 33 a0 c8 3c 00 0a c1 00
INFO - 33 a3 08 3c 00 0a d5 00
INFO - 33 a5 48 3c 00 0a b4 00
INFO - 33 a8 88 3c 00 0a cd 00
INFO - 33 aa c8 3c 00 0a a7 00
INFO - 33 ac 08 3c 00 0a b5 00
INFO - 33 ae 48 3c 00 0a ab 00
INFO - 33 b0 88 3c 00 0a 91 00
INFO - 33 b3 c8 3c 00 0a cc 00
INFO - 33 b5 08 3c 00 0a 9e 00
INFO - 33 b7 48 3c 00 0a c1 00
INFO - 33 ba 88 3c 00 0a c2 00
INFO - 33 bd c8 3c 00 0a c0 00
INFO - 33 be 08 3c 00 0a 92 00
INFO - 33 c1 48 3c 00 0a b5 00
INFO - 33 c3 88 3c 00 0a a9 00
INFO - 33 c5 c8 3c 00 0a a9 00
INFO - 33 c8 08 3c 00 0a d8 00
INFO - 33 cb 48 3c 00 0a cc 00
INFO - 33 cd 88 3c 00 0a a9 00
INFO - 33 cf c8 3c 00 0a c0 00
INFO - 33 d2 08 3c 00 0a c0 00
INFO - 33 d5 48 3c 00 0a cc 00
INFO - 33 d7 88 3c 00 0a 9d 00
INFO - 33 d9 c8 3c 00 0a c0 00
INFO - 33 db 08 3c 00 0a 9d 00
INFO - 33 dd 48 3c 00 0a 74 00
INFO - 33 df 88 3c 00 0a a9 00
INFO - 33 e3 c8 3c 00 0a f9 00
INFO - 33 e5 08 3c 00 0a a8 00
INFO - 33 e8 48 3c 00 0a d6 00
INFO - 33 eb 88 3c 00 0a bf 00
INFO - 33 ed c8 3c 00 0a b3 00
INFO - 33 ef 08 3c 00 0a a8 00
INFO - 33 f2 48 3c 00 0a c9 00
INFO - 33 f5 88 3c 00 0a d5 00
INFO - 33 f7 c8 3c 00 0a 9c 00
INFO - 33 f9 08 3c 00 0a b2 00
INFO - 33 fb 48 3c 00 0a b3 00
INFO - 33 fe 88 3c 00 0a bc 00
INFO - 34 00 c8 3c 00 0a bd 00
INFO - 34 02 08 3c 00 0a a7 00
INFO - 34 05 48 3c 00 0a c8 00
INFO - 34 07 88 3c 00 0a 9b 00
INFO - 34 09 c8 3c 00 0a b2 00
INFO - 34 0b 08 3c 00 0a b2 00
INFO - 34 0d 48 3c 00 0a 99 00
INFO - 34 0f 88 3c 00 0a a6 00
INFO - 34 12 c8 3c 00 0a b2 00
INFO - 34 14 08 3c 00 0a ba 00
INFO - 34 16 48 3c 00 0a 9b 00
INFO - 34 18 88 3c 00 0a bc 00
INFO - 34 1a c8 3c 00 0a 9b 00
INFO - 34 1d 08 3c 00 0a d2 00
INFO - 34 1f 48 3c 00 0a b3 00
INFO - 34 22 88 3c 00 0a b0 00
INFO - 34 23 c8 3c 00 0a 8f 00
INFO - 34 26 08 3c 00 0a ca 00
INFO - 34 28 48 3c 00 0a a4 00
INFO - 34 2b 88 3c 00 0a c9 00
INFO - 34 2d c8 3c 00 0a 9d 00
INFO - 34 2f 08 3c 00 0a bc 00
INFO - 34 32 48 3c 00 0a c0 00
INFO - 34 34 88 3c 00 0a b0 00
INFO - 34 37 c8 3c 00 0a bf 00
INFO - 34 39 08 3c 00 0a b5 00
INFO - 34 3b 48 3c 00 0a a7 00
INFO - 34 3d 88 3c 00 0a b3 00
INFO - 34 3f c8 3c 00 0a a6 00
INFO - 34 42 08 3c 00 0a b5 00
INFO - 34 44 48 3c 00 0a 9a 00
INFO - 34 46 88 3c 00 0a ab 00
INFO - 34 48 c8 3c 00 0a b2 00
INFO - 34 4a 08 3c 00 0a ab 00
INFO - 34 4d 48 3c 00 0a bd 00
INFO - 34 4f 88 3c 00 0a a0 00
INFO - 34 51 c8 3c 00 0a c9 00
INFO - 34 54 08 3c 00 0a b7 00
INFO - 34 56 48 3c 00 0a a7 00
INFO - 34 58 88 3c 00 0a ac 00
INFO - 34 5b c8 3c 00 0a c1 00
INFO - 34 5c 08 3c 00 0a 9a 00
INFO - 34 61 48 3c 00 0b 17 00
INFO - 34 64 88 3c 00 0a d9 00
INFO - 34 66 c8 3c 00 0a c1 00
INFO - 34 69 08 3c 00 0a c0 00
INFO - 34 6b 48 3c 00 0a ab 00
INFO - 34 6e 88 3c 00 0a 7f 00
INFO - 34 71 c8 3c 00 0a f5 00
INFO - 34 74 08 3c 00 0a d6 00
INFO - 34 77 48 3c 00 0a b9 00
INFO - 34 78 88 3c 00 0a 92 00
INFO - 34 7b c8 3c 00 0a b6 00
INFO - 34 7c 08 3c 00 0a 92 00
INFO - 34 7f 48 3c 00 0a aa 00
INFO - 34 80 88 3c 00 0a 8e 00
INFO - 34 82 c8 3c 00 0a a1 00
INFO - 34 84 08 3c 00 0a 9d 00
INFO - 34 86 48 3c 00 0a 9d 00
INFO - 34 88 88 3c 00 0a a9 00
INFO - 34 8b c8 3c 00 0a c0 00
INFO - 34 92 08 3c 00 0b 9c 00
INFO - 34 93 48 3c 00 0a 91 00
INFO - 34 95 88 3c 00 0a 98 00
INFO - 34 97 c8 3c 00 0a ac 00
INFO - 34 9a 08 3c 00 0a bf 00
INFO - 34 9d 48 3c 00 0a d6 00
INFO - 34 9f 88 3c 00 0a b3 00
INFO - 34 a2 c8 3c 00 0a c0 00
INFO - 34 a4 08 3c 00 0a a6 00
INFO - 34 a6 48 3c 00 0a ac 00
INFO - 34 a8 88 3c 00 0a bb 00
INFO - 34 ab c8 3c 00 0a c0 00
INFO - 34 ad 08 3c 00 0a bf 00
INFO - 34 b0 48 3c 00 0a b4 00
INFO - 34 b2 88 3c 00 0a a8 00
INFO - 34 b4 c8 3c 00 0a b4 00
INFO - 34 b7 08 3c 00 0a e5 00
INFO - 34 ba 48 3c 00 0a d3 00
INFO - 34 bd 88 3c 00 0a a8 00
INFO - 34 bf c8 3c 00 0a a8 00
INFO - 34 c1 08 3c 00 0a bf 00
INFO - 34 c4 48 3c 00 0a b3 00
INFO - 34 c6 88 3c 00 0a ca 00
INFO - 34 c8 c8 3c 00 0a 9c 00
INFO - 34 cb 08 3c 00 0a cd 00
INFO - 34 cd 48 3c 00 0a a5 00
INFO - 34 cf 88 3c 00 0a 9c 00
INFO - 34 d1 c8 3c 00 0a a7 00
INFO - 34 d3 08 3c 00 0a be 00
INFO - 34 d5 48 3c 00 0a 90 00
INFO - 34 d8 88 3c 00 0a cb 00
INFO - 34 da c8 3c 00 0a 99 00
INFO - 34 dc 08 3c 00 0a bd 00
INFO - 34 dd 48 3c 00 0a 83 00
INFO - 34 e0 88 3c 00 0a ca 00
INFO - 34 e3 c8 3c 00 0a c5 00
INFO - 34 e5 08 3c 00 0a a7 00
INFO - 34 e7 48 3c 00 0a b9 00
INFO - 34 ea 88 3c 00 0a b2 00
INFO - 34 ec c8 3c 00 0a a2 00
INFO - 34 ee 08 3c 00 0a bc 00
INFO - 34 f0 48 3c 00 0a 97 00
INFO - 34 f2 88 3c 00 0a b0 00
INFO - 34 f4 c8 3c 00 0a 96 00
INFO - 34 f7 08 3c 00 0a c6 00
INFO - 34 f9 48 3c 00 0a ac 00
INFO - 34 fb 88 3c 00 0a a5 00
INFO - 34 fc c8 3c 00 0a 96 00
INFO - 34 ff 08 3c 00 0a ba 00
INFO - 35 01 48 3c 00 0a b6 00
INFO - 35 04 88 3c 00 0a c3 00
INFO - 35 06 c8 3c 00 0a 99 00
INFO - 35 08 08 3c 00 0a a0 00
INFO - 35 0a 48 3c 00 0a a3 00
INFO - 35 0b 88 3c 00 0a 97 00
INFO - 35 0e c8 3c 00 0a cb 00
INFO - 35 10 08 3c 00 0a ae 00
INFO - 35 13 48 3c 00 0a c2 00
INFO - 35 16 88 3c 00 0a cb 00
INFO - 35 18 c8 3c 00 0a a4 00
INFO - 35 1a 08 3c 00 0a b7 00
INFO - 35 1c 48 3c 00 0a a0 00
INFO - 35 1f 88 3c 00 0a da 00
INFO - 35 22 c8 3c 00 0a 87 00
INFO - 35 24 08 3c 00 0a 97 00
INFO - 35 26 48 3c 00 0a 98 00
INFO - 35 28 88 3c 00 0a a2 00
INFO - 35 2a c8 3c 00 0a ac 00
INFO - 35 2c 08 3c 00 0a b0 00
INFO - 35 2e 48 3c 00 0a 98 00
INFO - 35 30 88 3c 00 0a b9 00
INFO - 35 32 c8 3c 00 0a 98 00
INFO - 35 34 08 3c 00 0a ae 00
INFO - 35 36 48 3c 00 0a ae 00
INFO - 35 39 88 3c 00 0a b8 00
INFO - 35 3a c8 3c 00 0a 8f 00
INFO - 35 3c 08 3c 00 0a a3 00
INFO - 35 3e 48 3c 00 0a a3 00
INFO - 35 40 88 3c 00 0a 98 00
INFO - 35 43 c8 3c 00 0a d0 00
INFO - 35 45 08 3c 00 0a a4 00
INFO - 35 47 48 3c 00 0a 99 00
INFO - 35 4b 88 3c 00 0b 1d 00
INFO - 35 4e c8 3c 00 0a ae 00
INFO - 35 50 08 3c 00 0a d0 00
INFO - 35 52 48 3c 00 0a 98 00
INFO - 35 54 88 3c 00 0a a3 00
INFO - 35 56 c8 3c 00 0a ae 00
INFO - 35 59 08 3c 00 0a da 00
INFO - 35 5c 48 3c 00 0a c3 00
INFO - 35 5f 88 3c 00 0a b9 00
INFO - 35 61 c8 3c 00 0a b8 00
INFO - 35 63 08 3c 00 0a a4 00
INFO - 35 66 48 3c 00 0a c1 00
INFO - 35 67 88 3c 00 0a 97 00
INFO - 35 69 c8 3c 00 0a ad 00
INFO - 35 6c 08 3c 00 0a c2 00
INFO - 35 6e 48 3c 00 0a ac 00
INFO - 35 70 88 3c 00 0a a1 00
INFO - 35 73 c8 3c 00 0a b7 00
INFO - 35 74 08 3c 00 0a 96 00
INFO - 35 77 48 3c 00 0a c1 00
INFO - 35 79 88 3c 00 0a a2 00
INFO - 35 7b c8 3c 00 0a b4 00
INFO - 35 7d 08 3c 00 0a a0 00
INFO - 35 7f 48 3c 00 0a b5 00
INFO - 35 82 88 3c 00 0a b7 00
INFO - 35 84 c8 3c 00 0a be 00
INFO - 35 86 08 3c 00 0a 95 00
INFO - 35 89 48 3c 00 0a b6 00
INFO - 35 8b 88 3c 00 0a a9 00
INFO - 35 8c c8 3c 00 0a 95 00
INFO - 35 8e 08 3c 00 0a 9f 00
INFO - 35 90 48 3c 00 0a a0 00
INFO - 35 92 88 3c 00 0a 9e 00
INFO - 35 94 c8 3c 00 0a aa 00
INFO - 35 96 08 3c 00 0a 96 00
INFO - 35 99 48 3c 00 0a d3 00
INFO - 35 9a 88 3c 00 0a 8a 00
INFO - 35 9d c8 3c 00 0a b6 00
INFO - 35 9f 08 3c 00 0a 9e 00
INFO - 35 a0 48 3c 00 0a 97 00
INFO - 35 a3 88 3c 00 0a bd 00
INFO - 35 a5 c8 3c 00 0a a1 00
INFO - 35 a7 08 3c 00 0a 93 00
INFO - 35 a8 48 3c 00 0a 8b 00
INFO - 35 aa 88 3c 00 0a a1 00
INFO - 35 ac c8 3c 00 0a 93 00
INFO - 35 af 08 3c 00 0a 8b 00
INFO - 35 b1 48 3c 00 0a 9d 00
INFO - 35 b3 88 3c 00 0a b6 00
INFO - 35 b5 c8 3c 00 0a b3 00
INFO - 35 bb 08 3c 00 0b 73 00
INFO - 35 bd 48 3c 00 0a 93 00
INFO - 35 c0 88 3c 00 0a be 00
INFO - 35 c3 c8 3c 00 0b 00 00
INFO - 35 c6 08 3c 00 0a a7 00
INFO - 35 c8 48 3c 00 0a ab 00
INFO - 35 c9 88 3c 00 0a 8a 00
INFO - 35 cb c8 3c 00 0a a7 00
INFO - 35 ce 08 3c 00 0a c0 00
INFO - 35 d0 48 3c 00 0a a7 00
INFO - 35 d2 88 3c 00 0a a1 00
INFO - 35 d4 c8 3c 00 0a 9e 00
INFO - 35 d5 08 3c 00 0a 94 00
INFO - 35 d7 48 3c 00 0a 93 00
INFO - 35 d9 88 3c 00 0a a7 00
INFO - 35 db c8 3c 00 0a 8b 00
INFO - 35 dd 08 3c 00 0a c8 00
INFO - 35 df 48 3c 00 0a 87 00
INFO - 35 e1 88 3c 00 0a a0 00
INFO - 35 e2 c8 3c 00 0a 89 00
INFO - 35 e4 08 3c 00 0a a6 00
INFO - 35 e6 48 3c 00 0a aa 00
INFO - 35 ea 88 3c 00 0a dc 00
INFO - 35 eb c8 3c 00 0a 93 00
INFO - 35 ee 08 3c 00 0a b0 00
INFO - 35 ef 48 3c 00 0a 95 00
INFO - 35 f1 88 3c 00 0a a7 00
INFO - 35 f4 c8 3c 00 0a d1 00
INFO - 35 f6 08 3c 00 0a 9d 00
INFO - 35 f8 48 3c 00 0a 93 00
INFO - 35 fa 88 3c 00 0a a5 00
INFO - 35 fb c8 3c 00 0a 92 00
INFO - 35 fe 08 3c 00 0a aa 00
INFO - 35 ff 48 3c 00 0a 92 00
INFO - 36 01 88 3c 00 0a a6 00
INFO - 36 04 c8 3c 00 0a b4 00
INFO - 36 05 08 3c 00 0a 93 00
INFO - 36 07 48 3c 00 0a a8 00
INFO - 36 09 88 3c 00 0a 9d 00
INFO - 36 0b c8 3c 00 0a 9c 00
INFO - 36 0d 08 3c 00 0a b4 00
INFO - 36 10 48 3c 00 0a bd 00
INFO - 36 12 88 3c 00 0a b3 00
INFO - 36 15 c8 3c 00 0a bd 00
INFO - 36 18 08 3c 00 0a dd 00
INFO - 36 1a 48 3c 00 0a 9f 00
INFO - 36 1d 88 3c 00 0a c8 00
INFO - 36 1f c8 3c 00 0a bd 00
INFO - 36 22 08 3c 00 0a b7 00
INFO - 36 24 48 3c 00 0a ab 00
INFO - 36 25 88 3c 00 0a 8a 00
INFO - 36 28 c8 3c 00 0a b5 00
INFO - 36 2a 08 3c 00 0a ab 00
INFO - 36 2c 48 3c 00 0a cb 00
INFO - 36 2f 88 3c 00 0a 80 00
INFO - 36 31 c8 3c 00 0a b6 00
INFO - 36 34 08 3c 00 0a c2 00
INFO - 36 36 48 3c 00 0a 8b 00
INFO - 36 38 88 3c 00 0a a2 00
INFO - 36 39 c8 3c 00 0a 97 00
INFO - 36 3b 08 3c 00 0a ad 00
INFO - 36 3d 48 3c 00 0a 97 00
INFO - 36 3f 88 3c 00 0a 9a 00
INFO - 36 42 c8 3c 00 0a e2 00
INFO - 36 44 08 3c 00 0a ad 00
INFO - 36 47 48 3c 00 0a bc 00
INFO - 36 49 88 3c 00 0a a0 00
INFO - 36 4b c8 3c 00 0a 99 00
INFO - 36 4d 08 3c 00 0a b0 00
INFO - 36 4f 48 3c 00 0a a1 00
INFO - 36 51 88 3c 00 0a a7 00
INFO - 36 53 c8 3c 00 0a 96 00
INFO - 36 55 08 3c 00 0a b0 00
INFO - 36 57 48 3c 00 0a af 00
INFO - 36 5b 88 3c 00 0a f3 00
INFO - 36 5d c8 3c 00 0a a6 00
INFO - 36 60 08 3c 00 0a cc 00
INFO - 36 62 48 3c 00 0a ba 00
INFO - 36 64 88 3c 00 0a 8f 00
INFO - 36 66 c8 3c 00 0a c9 00
INFO - 36 68 08 3c 00 0a 98 00
INFO - 36 6b 48 3c 00 0a cc 00
INFO - 36 6d 88 3c 00 0a bb 00
INFO - 36 70 c8 3c 00 0a be 00
INFO - 36 73 08 3c 00 0a d7 00
INFO - 36 76 48 3c 00 0a be 00
INFO - 36 78 88 3c 00 0a cb 00
INFO - 36 7a c8 3c 00 0a 8e 00
INFO - 36 7c 08 3c 00 0a 9c 00
INFO - 36 7e 48 3c 00 0a b7 00
INFO - 36 80 88 3c 00 0a a8 00
INFO - 36 83 c8 3c 00 0a b2 00
INFO - 36 85 08 3c 00 0a c3 00
INFO - 36 88 48 3c 00 0a ca 00
INFO - 36 8b 88 3c 00 0a d0 00
INFO - 36 8d c8 3c 00 0a c1 00
INFO - 36 90 08 3c 00 0a b6 00
INFO - 36 92 48 3c 00 0a 9c 00
INFO - 36 94 88 3c 00 0a b8 00
INFO - 36 96 c8 3c 00 0a b6 00
INFO - 36 99 08 3c 00 0a cc 00
INFO - 36 9b 48 3c 00 0a a1 00
INFO - 36 9d 88 3c 00 0a 93 00
INFO - 36 a0 c8 3c 00 0a e7 00
INFO - 36 a2 08 3c 00 0a ab 00
INFO - 36 a5 48 3c 00 0a a9 00
INFO - 36 a7 88 3c 00 0a c5 00
INFO - 36 a9 c8 3c 00 0a ab 00
INFO - 36 ac 08 3c 00 0a b7 00
INFO - 36 ae 48 3c 00 0a ac 00
INFO - 36 b0 88 3c 00 0a ab 00
INFO - 36 b2 c8 3c 00 0a ac 00
INFO - 36 b4 08 3c 00 0a 9f 00
INFO - 36 b7 48 3c 00 0a db 00
INFO - 36 ba 88 3c 00 0a c3 00
INFO - 36 bc c8 3c 00 0a ac 00
INFO - 36 be 08 3c 00 0a ab 00
INFO - 36 c0 48 3c 00 0a ab 00
INFO - 36 c3 88 3c 00 0a 7c 00
INFO - 36 c5 c8 3c 00 0a b7 00
INFO - 36 c7 08 3c 00 0a ad 00
INFO - 36 ca 48 3c 00 0a c1 00
INFO - 36 cc 88 3c 00 0a b6 00
INFO - 36 cf c8 3c 00 0a da 00
INFO - 36 d1 08 3c 00 0a 93 00
INFO - 36 d4 48 3c 00 0a ce 00
INFO - 36 d6 88 3c 00 0a ac 00
INFO - 36 d9 c8 3c 00 0a cc 00
INFO - 36 db 08 3c 00 0a aa 00
INFO - 36 de 48 3c 00 0a cc 00
INFO - 36 e0 88 3c 00 0a 9e 00
INFO - 36 e6 c8 3c 00 0b 89 00
INFO - 36 e8 08 3c 00 0a 9b 00
INFO - 36 ea 48 3c 00 0a a8 00
INFO - 36 ec 88 3c 00 0a a9 00
INFO - 36 ef c8 3c 00 0a cb 00
INFO - 36 f1 08 3c 00 0a a9 00
INFO - 36 f4 48 3c 00 0a bf 00
INFO - 36 f6 88 3c 00 0a ab 00
INFO - 36 f9 c8 3c 00 0a d3 00
INFO - 36 fb 08 3c 00 0a 94 00
INFO - 36 fd 48 3c 00 0a bc 00
INFO - 37 00 88 3c 00 0a bf 00
INFO - 37 02 c8 3c 00 0a a9 00
INFO - 37 05 08 3c 00 0a ed 00
INFO - 37 08 48 3c 00 0a c7 00
INFO - 37 0a 88 3c 00 0a a6 00
INFO - 37 0d c8 3c 00 0a bf 00
INFO - 37 10 08 3c 00 0a f0 00
INFO - 37 13 48 3c 00 0a ba 00
INFO - 37 15 88 3c 00 0a ac 00
INFO - 37 16 c8 3c 00 0a 97 00
INFO - 37 19 08 3c 00 0a ac 00
INFO - 37 1b 48 3c 00 0a ae 00
INFO - 37 1e 88 3c 00 0a c4 00
INFO - 37 1f c8 3c 00 0a 8c 00
INFO - 37 21 08 3c 00 0a 9c 00
INFO - 37 23 48 3c 00 0a ac 00
INFO - 37 25 88 3c 00 0a ae 00
INFO - 37 28 c8 3c 00 0a b9 00
INFO - 37 2a 08 3c 00 0a 9c 00
INFO - 37 2d 48 3c 00 0a ee 00
INFO - 37 2f 88 3c 00 0a ad 00
INFO - 37 32 c8 3c 00 0a b3 00
INFO - 37 33 08 3c 00 0a 98 00
INFO - 37 35 48 3c 00 0a a8 00
INFO - 37 38 88 3c 00 0a d7 00
INFO - 37 3b c8 3c 00 0a a8 00
INFO - 37 3c 08 3c 00 0a 9d 00
INFO - 37 3e 48 3c 00 0a 95 00
INFO - 37 40 88 3c 00 0a 9d 00
INFO - 37 42 c8 3c 00 0a a4 00
INFO - 37 44 08 3c 00 0a ac 00
INFO - 37 47 48 3c 00 0a d4 00
INFO - 37 4a 88 3c 00 0a b4 00
INFO - 37 4c c8 3c 00 0a b4 00
INFO - 37 4e 08 3c 00 0a ad 00
INFO - 37 50 48 3c 00 0a a5 00
INFO - 37 52 88 3c 00 0a a9 00
INFO - 37 55 c8 3c 00 0a c1 00
INFO - 37 57 08 3c 00 0a a1 00
INFO - 37 59 48 3c 00 0a bd 00
INFO - 37 5c 88 3c 00 0a c0 00
INFO - 37 5e c8 3c 00 0a c4 00
INFO - 37 61 08 3c 00 0a bd 00
INFO - 37 64 48 3c 00 0a c1 00
INFO - 37 66 88 3c 00 0a c1 00
INFO - 37 68 c8 3c 00 0a a9 00
INFO - 37 6a 08 3c 00 0a a9 00
INFO - 37 6d 48 3c 00 0a 81 00
INFO - 37 6f 88 3c 00 0a 92 00
INFO - 37 72 c8 3c 00 0a e4 00
INFO - 37 74 08 3c 00 0a b5 00
INFO - 37 77 48 3c 00 0a b5 00
INFO - 37 79 88 3c 00 0a c2 00
INFO - 37 7d c8 3c 00 0a f0 00
INFO - 37 7f 08 3c 00 0a b6 00
INFO - 37 81 48 3c 00 0a a9 00
INFO - 37 84 88 3c 00 0a da 00
INFO - 37 87 c8 3c 00 0a c2 00
INFO - 37 89 08 3c 00 0a 9d 00
INFO - 37 8c 48 3c 00 0a c2 00
INFO - 37 8f 88 3c 00 0a f9 00
INFO - 37 91 c8 3c 00 0a ad 00
INFO - 37 94 08 3c 00 0a c3 00
INFO - 37 96 48 3c 00 0a 9e 00
INFO - 37 99 88 3c 00 0a c2 00
INFO - 37 9b c8 3c 00 0a b2 00
INFO - 37 9d 08 3c 00 0a a1 00
INFO - 37 9f 48 3c 00 0a b7 00
INFO - 37 a2 88 3c 00 0a c9 00
INFO - 37 a4 c8 3c 00 0a 96 00
INFO - 37 a7 08 3c 00 0a cd 00
INFO - 37 a9 48 3c 00 0a b1 00
INFO - 37 ab 88 3c 00 0a b9 00
INFO - 37 ae c8 3c 00 0a c1 00
INFO - 37 b0 08 3c 00 0a c0 00
INFO - 37 b2 48 3c 00 0a 9d 00
INFO - 37 b5 88 3c 00 0a bc 00
INFO - 37 b6 c8 3c 00 0a 8a 00
INFO - 37 b9 08 3c 00 0a d6 00
INFO - 37 bc 48 3c 00 0a bb 00
INFO - 37 be 88 3c 00 0a a1 00
INFO - 37 c0 c8 3c 00 0a bb 00
INFO - 37 c2 08 3c 00 0a a0 00
INFO - 37 c5 48 3c 00 0a ba 00
INFO - 37 c7 88 3c 00 0a cd 00
INFO - 37 ca c8 3c 00 0a ae 00
INFO - 37 cc 08 3c 00 0a aa 00
INFO - 37 ce 48 3c 00 0a b1 00
INFO - 37 d1 88 3c 00 0a bc 00
INFO - 37 d3 c8 3c 00 0a b8 00
INFO - 37 d5 08 3c 00 0a 93 00
INFO - 37 d8 48 3c 00 0a f7 00
INFO - 37 db 88 3c 00 0a b4 00
INFO - 37 dd c8 3c 00 0a b3 00
INFO - 37 df 08 3c 00 0a a1 00
INFO - 37 e1 48 3c 00 0a b9 00
INFO - 37 e4 88 3c 00 0a b2 00
INFO - 37 e7 c8 3c 00 0a da 00
INFO - 37 e8 08 3c 00 0a 95 00
INFO - 37 eb 48 3c 00 0a bb 00
INFO - 37 ed 88 3c 00 0a 9f 00
INFO - 37 f0 c8 3c 00 0a d8 00
INFO - 37 f1 08 3c 00 0a 8e 00
INFO - 37 f4 48 3c 00 0a aa 00
INFO - 37 f6 88 3c 00 0a b6 00
INFO - 37 f8 c8 3c 00 0a 67 00
INFO - 37 f9 08 3c 00 0a 92 00
INFO - 37 fb 48 3c 00 0a 8b 00
INFO - 37 fd 88 3c 00 0a bf 00
INFO - 38 00 c8 3c 00 0a b7 00
INFO - 38 02 08 3c 00 0a a6 00
INFO - 38 04 48 3c 00 0a 9f 00
INFO - 38 06 88 3c 00 0a a9 00
INFO - 38 08 c8 3c 00 0a c7 00
INFO - 38 0a 08 3c 00 0a 93 00
INFO - 38 0d 48 3c 00 0a bc 00
INFO - 38 0f 88 3c 00 0a b2 00
INFO - 38 12 c8 3c 00 0a d0 00
INFO - 38 14 08 3c 00 0a 9d 00
INFO - 38 15 48 3c 00 0a 92 00
INFO - 38 17 88 3c 00 0a 8b 00
INFO - 38 1b c8 3c 00 0a f6 00
INFO - 38 1d 08 3c 00 0a c5 00
INFO - 38 1f 48 3c 00 0a 9c 00
INFO - 38 21 88 3c 00 0a 9c 00
INFO - 38 22 c8 3c 00 0a 87 00
INFO - 38 24 08 3c 00 0a a6 00
INFO - 38 27 48 3c 00 0a c3 00
INFO - 38 29 88 3c 00 0a a6 00
INFO - 38 2b c8 3c 00 0a b9 00
INFO - 38 2d 08 3c 00 0a 9b 00
INFO - 38 2f 48 3c 00 0a 9b 00
INFO - 38 31 88 3c 00 0a a4 00
INFO - 38 33 c8 3c 00 0a a5 00
INFO - 38 35 08 3c 00 0a af 00
INFO - 38 37 48 3c 00 0a 9a 00
INFO - 38 39 88 3c 00 0a ae 00
INFO - 38 3b c8 3c 00 0a 9a 00
INFO - 38 3d 08 3c 00 0a 91 00
INFO - 38 3f 48 3c 00 0a ae 00
INFO - 38 42 88 3c 00 0a cc 00
INFO - 38 43 c8 3c 00 0a 86 00
INFO - 38 46 08 3c 00 0a b5 00
INFO - 38 47 48 3c 00 0a 92 00
INFO - 38 4a 88 3c 00 0a b7 00
INFO - 38 4c c8 3c 00 0a b7 00
INFO - 38 4e 08 3c 00 0a a3 00
INFO - 38 50 48 3c 00 0a ad 00
INFO - 38 53 88 3c 00 0a cd 00
INFO - 38 56 c8 3c 00 0a b5 00
INFO - 38 57 08 3c 00 0a 92 00
INFO - 38 59 48 3c 00 0a 97 00
INFO - 38 5c 88 3c 00 0a cd 00
INFO - 38 5f c8 3c 00 0a d4 00
INFO - 38 60 08 3c 00 0a 99 00
INFO - 38 63 48 3c 00 0a c0 00
INFO - 38 66 88 3c 00 0a db 00
INFO - 38 68 c8 3c 00 0a 9b 00
INFO - 38 6a 08 3c 00 0a 98 00
INFO - 38 6c 48 3c 00 0a 96 00
INFO - 38 6d 88 3c 00 0a 87 00
INFO - 38 6f c8 3c 00 0a aa 00
INFO - 38 71 08 3c 00 0a a4 00
INFO - 38 72 48 3c 00 0a 85 00
INFO - 38 74 88 3c 00 0a 8e 00
INFO - 38 76 c8 3c 00 0a a0 00
INFO - 38 77 08 3c 00 0a 87 00
INFO - 38 79 48 3c 00 0a 9f 00
INFO - 38 7b 88 3c 00 0a 87 00
INFO - 38 7c c8 3c 00 0a 98 00
INFO - 38 7e 08 3c 00 0a 97 00
INFO - 38 80 48 3c 00 0a ac 00
INFO - 38 83 88 3c 00 0a a9 00
INFO - 38 85 c8 3c 00 0a b7 00
INFO - 38 86 08 3c 00 0a 84 00
INFO - 38 89 48 3c 00 0a be 00
INFO - 38 8b 88 3c 00 0a b2 00
INFO - 38 8d c8 3c 00 0a 9a 00
INFO - 38 8f 08 3c 00 0a bc 00
INFO - 38 91 48 3c 00 0a a3 00
INFO - 38 93 88 3c 00 0a 9e 00
INFO - 38 95 c8 3c 00 0a 90 00
INFO - 38 97 08 3c 00 0a a8 00
INFO - 38 99 48 3c 00 0a 97 00
INFO - 38 9a 88 3c 00 0a 95 00
INFO - 38 9c c8 3c 00 0a 88 00
INFO - 38 9e 08 3c 00 0a b1 00
INFO - 38 a0 48 3c 00 0a a3 00
INFO - 38 a2 88 3c 00 0a 9e 00
INFO - 38 a4 c8 3c 00 0a 96 00
INFO - 38 a6 08 3c 00 0a a0 00
INFO - 38 a7 48 3c 00 0a 8f 00
INFO - 38 a9 88 3c 00 0a 9d 00
INFO - 38 ab c8 3c 00 0a 96 00
INFO - 38 ac 08 3c 00 0a 93 00
INFO - 38 ae 48 3c 00 0a 89 00
INFO - 38 b1 88 3c 00 0a c3 00
INFO - 38 b3 c8 3c 00 0a ac 00
INFO - 38 b6 08 3c 00 0a e0 00
INFO - 38 b8 48 3c 00 0a 74 00
INFO - 38 ba 88 3c 00 0a 96 00
INFO - 38 bb c8 3c 00 0a 8c 00
INFO - 38 bd 08 3c 00 0a 8f 00
INFO - 38 bf 48 3c 00 0a b9 00
INFO - 38 c1 88 3c 00 0a 95 00
INFO - 38 c3 c8 3c 00 0a a2 00
INFO - 38 c6 08 3c 00 0a 94 00
INFO - 38 c9 48 3c 00 0a ab 00
INFO - 38 cb 88 3c 00 0a 9e 00
INFO - 38 cc c8 3c 00 0a 94 00
INFO - 38 ce 08 3c 00 0a a7 00
INFO - 38 d0 48 3c 00 0a 94 00
INFO - 38 d2 88 3c 00 0a 94 00
INFO - 38 d3 c8 3c 00 0a 7a 00
INFO - 38 d5 08 3c 00 0a c0 00
INFO - 38 d7 48 3c 00 0a 9d 00
INFO - 38 d9 88 3c 00 0a a6 00
INFO - 38 db c8 3c 00 0a a6 00
INFO - 38 dd 08 3c 00 0a 93 00
INFO - 38 df 48 3c 00 0a 93 00
INFO - 38 e1 88 3c 00 0a a4 00
INFO - 38 e2 c8 3c 00 0a 89 00
INFO - 38 e4 08 3c 00 0a ae 00
INFO - 38 e6 48 3c 00 0a a5 00
INFO - 38 e8 88 3c 00 0a 89 00
INFO - 38 ea c8 3c 00 0a 92 00
INFO - 38 ec 08 3c 00 0a c0 00
INFO - 38 ee 48 3c 00 0a b7 00
INFO - 38 f0 88 3c 00 0a 92 00
INFO - 38 f2 c8 3c 00 0a 92 00
INFO - 38 f3 08 3c 00 0a 93 00
INFO - 38 f5 48 3c 00 0a 90 00
INFO - 38 f7 88 3c 00 0a 8b 00
INFO - 38 f8 c8 3c 00 0a 92 00
INFO - 38 fa 08 3c 00 0a 89 00
INFO - 38 fc 48 3c 00 0a ae 00
INFO - 38 fe 88 3c 00 0a 9c 00
INFO - 39 00 c8 3c 00 0a a5 00
INFO - 39 01 08 3c 00 0a 93 00
INFO - 39 03 48 3c 00 0a 80 00
INFO - 39 04 88 3c 00 0a 8a 00
INFO - 39 06 c8 3c 00 0a a4 00
INFO - 39 07 08 3c 00 0a 79 00
INFO - 39 09 48 3c 00 0a 8a 00
INFO - 39 0b 88 3c 00 0a 93 00
INFO - 39 0c c8 3c 00 0a 93 00
INFO - 39 0f 08 3c 00 0a ca 00
INFO - 39 10 48 3c 00 0a 8a 00
INFO - 39 13 88 3c 00 0a c4 00
INFO - 39 16 c8 3c 00 0a c1 00
INFO - 39 17 08 3c 00 0a 83 00
INFO - 39 19 48 3c 00 0a b0 00
INFO - 39 1e 88 3c 00 0b 1f 00
INFO - 39 1f c8 3c 00 0a 8d 00
INFO - 39 21 08 3c 00 0a 9c 00
INFO - 39 23 48 3c 00 0a 8d 00
INFO - 39 24 88 3c 00 0a 95 00
INFO - 39 26 c8 3c 00 0a 95 00
INFO - 39 28 08 3c 00 0a 9d 00
INFO - 39 2a 48 3c 00 0a 8d 00
INFO - 39 2c 88 3c 00 0a af 00
INFO - 39 2d c8 3c 00 0a 84 00
INFO - 39 2f 08 3c 00 0a 95 00
INFO - 39 31 48 3c 00 0a a6 00
INFO - 39 33 88 3c 00 0a bd 00
INFO - 39 36 c8 3c 00 0a af 00
INFO - 39 37 08 3c 00 0a 8d 00
INFO - 39 39 48 3c 00 0a 9d 00
INFO - 39 3b 88 3c 00 0a a9 00
INFO - 39 3d c8 3c 00 0a 93 00
INFO - 39 3e 08 3c 00 0a 8b 00
INFO - 39 40 48 3c 00 0a 9f 00
INFO - 39 43 88 3c 00 0a b9 00
INFO - 39 44 c8 3c 00 0a 94 00
INFO - 39 46 08 3c 00 0a a5 00
INFO - 39 48 48 3c 00 0a 93 00
INFO - 39 4a 88 3c 00 0a a7 00
INFO - 39 4c c8 3c 00 0a 9b 00
INFO - 39 4e 08 3c 00 0a 9c 00
INFO - 39 4f 48 3c 00 0a 8b 00
INFO - 39 51 88 3c 00 0a a4 00
INFO - 39 53 c8 3c 00 0a 80 00
INFO - 39 54 08 3c 00 0a 89 00
INFO - 39 56 48 3c 00 0a 8a 00
INFO - 39 57 88 3c 00 0a 9a 00
INFO - 39 59 c8 3c 00 0a 9b 00
INFO - 39 5b 08 3c 00 0a ad 00
INFO - 39 5d 48 3c 00 0a 91 00
INFO - 39 5f 88 3c 00 0a 91 00
INFO - 39 61 c8 3c 00 0a b5 00
INFO - 39 63 08 3c 00 0a ad 00
INFO - 39 65 48 3c 00 0a b2 00
INFO - 39 68 88 3c 00 0a aa 00
INFO - 39 6a c8 3c 00 0a a1 00
INFO - 39 6b 08 3c 00 0a 91 00
INFO - 39 6d 48 3c 00 0a 84 00
INFO - 39 6f 88 3c 00 0a b3 00
INFO - 39 71 c8 3c 00 0a bb 00
INFO - 39 73 08 3c 00 0a 9d 00
INFO - 39 75 48 3c 00 0a 87 00
INFO - 39 76 88 3c 00 0a 99 00
INFO - 39 78 c8 3c 00 0a 96 00
INFO - 39 7a 08 3c 00 0a 9f 00
INFO - 39 7c 48 3c 00 0a b0 00
INFO - 39 7d 88 3c 00 0a 7c 00
INFO - 39 80 c8 3c 00 0a a7 00
INFO - 39 81 08 3c 00 0a 8d 00
INFO - 39 83 48 3c 00 0a 95 00
INFO - 39 84 88 3c 00 0a 81 00
INFO - 39 86 c8 3c 00 0a 98 00
INFO - 39 88 08 3c 00 0a ae 00
INFO - 39 8a 48 3c 00 0a 94 00
INFO - 39 8b 88 3c 00 0a 7b 00
INFO - 39 8d c8 3c 00 0a a4 00
INFO - 39 8e 08 3c 00 0a 8b 00
INFO - 39 92 48 3c 00 0a e4 00
INFO - 39 93 88 3c 00 0a 93 00
INFO - 39 95 c8 3c 00 0a 93 00
INFO - 39 96 08 3c 00 0a 82 00
INFO - 39 98 48 3c 00 0a 5d 00
INFO - 39 99 88 3c 00 0a 8a 00
INFO - 39 9b c8 3c 00 0a 92 00
INFO - 39 9d 08 3c 00 0a b3 00
INFO - 39 9f 48 3c 00 0a a2 00
INFO - 39 a0 88 3c 00 0a 8a 00
INFO - 39 a2 c8 3c 00 0a 8a 00
INFO - 39 a4 08 3c 00 0a 92 00
INFO - 39 a7 48 3c 00 0a ec 00
INFO - 39 a8 88 3c 00 0a 81 00
INFO - 39 aa c8 3c 00 0a 82 00
INFO - 39 ab 08 3c 00 0a 99 00
INFO - 39 ad 48 3c 00 0a 91 00
INFO - 39 af 88 3c 00 0a aa 00
INFO - 39 b1 c8 3c 00 0a 99 00
INFO - 39 b2 08 3c 00 0a 81 00
INFO - 39 b4 48 3c 00 0a 91 00
INFO - 39 b5 88 3c 00 0a 79 00
INFO - 39 b6 c8 3c 00 0a 89 00
INFO - 39 b8 08 3c 00 0a 81 00
INFO - 39 b9 48 3c 00 0a 81 00
INFO - 39 ba 88 3c 00 0a 80 00
INFO - 39 bc c8 3c 00 0a 88 00
INFO - 39 bd 08 3c 00 0a 90 00
INFO - 39 bf 48 3c 00 0a 80 00
INFO - 39 c1 88 3c 00 0a 9d 00
INFO - 39 c2 c8 3c 00 0a 7e 00
INFO - 39 c4 08 3c 00 0a a8 00
INFO - 39 c6 48 3c 00 0a b8 00
INFO - 39 c8 88 3c 00 0a a1 00
INFO - 39 c9 c8 3c 00 0a 7e 00
