INFO - a4 d3 89 40 57 00 00 02
INFO - a4 d3 c9 40 57 00 00 02
INFO - a4 d3 09 40 57 00 00 02
INFO - a4 d3 49 40 57 00 00 02
INFO - a4 d3 89 40 57 00 00 02
INFO - a8 9d c9 40 57 00 00 02
INFO - a8 9d 09 40 57 00 00 02
INFO - a8 9d 49 40 57 00 00 02
INFO - a8 9d 89 40 57 00 00 02
INFO - a8 9d c9 40 57 00 00 02
INFO - a9 97 c9 40 57 00 00 02
INFO - a9 97 09 40 57 00 00 02
INFO - a9 97 49 40 57 00 00 02
INFO - a9 97 89 40 57 00 00 02
INFO - aa 64 49 40 57 00 00 02
INFO - aa 64 89 40 57 00 00 02
INFO - aa 64 c9 40 57 00 00 02
INFO - aa 64 09 40 57 00 00 02
INFO - af f4 49 40 57 00 00 02
INFO - af f4 89 40 57 00 00 02
INFO - af f4 c9 40 57 00 00 02
INFO - af f4 09 40 57 00 00 02
