INFO - 40 00 89 00 f9 41 00 23
INFO - 40 2c c9 00 f9 51 00 20
INFO - 40 7c 09 00 f9 41 00 24
INFO - 41 00 49 00 f9 51 00 20
INFO - 41 11 89 00 f9 51 00 20
INFO - 41 1f c9 00 f9 41 00 23
INFO - 41 35 09 00 f9 41 00 23
INFO - 41 d0 49 00 f9 41 00 23
INFO - 43 80 89 00 f9 41 00 23
INFO - 43 b1 c9 00 f9 51 00 20
INFO - 43 d0 09 00 f9 51 00 20
INFO - 43 e9 49 00 f9 41 00 24
INFO - 44 19 89 00 f9 41 00 24
INFO - 45 b8 c9 00 f9 41 00 24
INFO - 47 b1 09 00 f9 41 00 24
INFO - 48 33 49 00 f9 41 00 24
INFO - 48 cd 89 00 f9 51 00 20
INFO - 48 df c9 00 f9 51 00 20
INFO - 48 ef 09 00 f9 41 00 23
INFO - 49 71 49 00 f9 41 00 23
INFO - 4a 08 89 00 f9 51 00 20
INFO - 4a 5f c9 00 f9 41 00 24
INFO - 4b 14 09 00 f9 51 00 20
INFO - 4b 24 49 00 f9 51 00 20
INFO - 4b 32 89 00 f9 41 00 23
INFO - 4b ab c9 00 f9 41 00 23
INFO - 4c 1b 09 00 f9 41 00 23
INFO - 4e 04 49 00 f9 41 00 23
INFO - 4e 66 89 00 f9 41 00 23
INFO - 4e c9 c9 00 f9 51 00 20
INFO - 4e da 09 00 f9 51 00 20
INFO - 4e ec 49 00 f9 41 00 24
INFO - 4f 4f 89 00 f9 51 00 20
INFO - 4f 99 c9 00 f9 41 00 23
INFO - 50 02 09 00 f9 41 00 23
INFO - 51 f7 49 00 f9 41 00 23
