INFO - 20 00 48 3c 00 0a 40 00
INFO - 20 07 88 3c 00 0b 61 00
INFO - 20 0f c8 3c 00 0a 8b 00
INFO - 20 15 08 3c 00 0b 53 00
INFO - 20 16 48 3c 00 0a 8b 00
INFO - 20 18 88 3c 00 0a b6 00
INFO - 20 1c c8 3c 00 0b 03 00
INFO - 20 1c 08 3c 00 0b 03 00
INFO - 20 1c 48 3c 00 0b 03 00
INFO - 20 20 88 3c 00 0a 74 00
INFO - 20 24 c8 3c 00 0b 22 00
INFO - 20 24 08 3c 00 0b 22 00
INFO - 20 29 48 3c 00 0a be 00
INFO - 20 29 88 3c 00 0a be 00
INFO - 20 2e c8 3c 00 0a ac 00
INFO - 20 33 08 3c 00 0b 22 00
INFO - 20 35 48 3c 00 0a 96 00
INFO - 20 35 88 3c 00 0a 96 00
INFO - 20 39 c8 3c 00 0a a5 00
INFO - 20 3d 08 3c 00 0b 0c 00
INFO - 20 3d 48 3c 00 0b 0c 00
INFO - 20 41 88 3c 00 0a a0 00
INFO - 20 43 c8 3c 00 0a c4 00
INFO - 20 45 08 3c 00 0a 7c 00
INFO - 20 49 48 3c 00 0b 23 00
INFO - 20 49 88 3c 00 0b 23 00
INFO - 20 49 c8 3c 00 0b 23 00
INFO - 20 4f 08 3c 00 0a 9b 00
INFO - 20 4f 48 3c 00 0a 9b 00
INFO - 20 55 88 3c 00 0a e8 00
INFO - 20 59 c8 3c 00 0a ef 00
INFO - 20 5b 08 3c 00 0a a2 00
INFO - 20 5d 48 3c 00 0a a7 00
INFO - 20 5f 88 3c 00 0a a2 00
INFO - 20 61 c8 3c 00 0a b3 00
INFO - 20 63 08 3c 00 0a 9f 00
INFO - 20 67 48 3c 00 0a fb 00
INFO - 20 69 88 3c 00 0a b8 00
INFO - 20 6b c8 3c 00 0a a6 00
INFO - 20 6d 08 3c 00 0a 6f 00
INFO - 20 70 48 3c 00 0a da 00
INFO - 20 72 88 3c 00 0a 99 00
INFO - 20 75 c8 3c 00 0a c9 00
INFO - 20 77 08 3c 00 0a a0 00
INFO - 20 7a 48 3c 00 0a d6 00
INFO - 20 7c 88 3c 00 0a a9 00
INFO - 20 7f c8 3c 00 0a e1 00
INFO - 20 81 08 3c 00 0a 85 00
INFO - 20 83 48 3c 00 0a b3 00
INFO - 20 85 88 3c 00 0a b3 00
INFO - 20 88 c8 3c 00 0a ca 00
INFO - 20 8a 08 3c 00 0a 9b 00
INFO - 20 8d 48 3c 00 0a c9 00
INFO - 20 8f 88 3c 00 0a a7 00
INFO - 20 91 c8 3c 00 0a c9 00
INFO - 20 94 08 3c 00 0a c9 00
INFO - 20 97 48 3c 00 0a d4 00
INFO - 20 9a 88 3c 00 0a bc 00
INFO - 20 9c c8 3c 00 0a bd 00
INFO - 20 9e 08 3c 00 0a 9b 00
INFO - 20 a1 48 3c 00 0a bc 00
INFO - 20 a2 88 3c 00 0a 9a 00
INFO - 20 a4 c8 3c 00 0a 9a 00
INFO - 20 a7 08 3c 00 0a d2 00
INFO - 20 a8 48 3c 00 0a 83 00
INFO - 20 ab 88 3c 00 0a d1 00
INFO - 20 ad c8 3c 00 0a 8d 00
INFO - 20 ae 08 3c 00 0a 8c 00
INFO - 20 b1 48 3c 00 0a ba 00
INFO - 20 b2 88 3c 00 0a 8e 00
INFO - 20 b4 c8 3c 00 0a a4 00
INFO - 20 b6 08 3c 00 0a 99 00
INFO - 20 b8 48 3c 00 0a ae 00
INFO - 20 ba 88 3c 00 0a 8d 00
INFO - 20 bc c8 3c 00 0a 8d 00
INFO - 20 be 08 3c 00 0a ae 00
INFO - 20 c0 48 3c 00 0a a3 00
INFO - 20 c2 88 3c 00 0a a2 00
INFO - 20 c4 c8 3c 00 0a a2 00
INFO - 20 c6 08 3c 00 0a a5 00
INFO - 20 ca 48 3c 00 0b 0f 00
INFO - 20 cc 88 3c 00 0a 93 00
INFO - 20 ce c8 3c 00 0a a2 00
INFO - 20 d0 08 3c 00 0a af 00
INFO - 20 d3 48 3c 00 0a d5 00
INFO - 20 d5 88 3c 00 0a c2 00
INFO - 20 d8 c8 3c 00 0a cd 00
INFO - 20 db 08 3c 00 0a d8 00
INFO - 20 df 48 3c 00 0a e6 00
INFO - 20 e1 88 3c 00 0a b6 00
INFO - 20 e4 c8 3c 00 0a c6 00
INFO - 20 e6 08 3c 00 0a ca 00
INFO - 20 ea 48 3c 00 0a f0 00
INFO - 20 ed 88 3c 00 0a c3 00
INFO - 20 ef c8 3c 00 0a a6 00
INFO - 20 f0 08 3c 00 0a 8a 00
INFO - 20 f2 48 3c 00 0a a5 00
INFO - 20 f4 88 3c 00 0a 8a 00
INFO - 20 f6 c8 3c 00 0a b8 00
INFO - 20 f8 08 3c 00 0a b1 00
INFO - 20 fb 48 3c 00 0a b5 00
INFO - 20 fd 88 3c 00 0a 9b 00
INFO - 20 ff c8 3c 00 0a ab 00
INFO - 21 01 08 3c 00 0a a6 00
INFO - 21 03 48 3c 00 0a b5 00
INFO - 21 06 88 3c 00 0a c8 00
INFO - 21 08 c8 3c 00 0a b5 00
INFO - 21 0a 08 3c 00 0a 6e 00
INFO - 21 0c 48 3c 00 0a 95 00
INFO - 21 0e 88 3c 00 0a c6 00
INFO - 21 10 c8 3c 00 0a a0 00
INFO - 21 13 08 3c 00 0a af 00
INFO - 21 16 48 3c 00 0a da 00
INFO - 21 18 88 3c 00 0a 9b 00
INFO - 21 1a c8 3c 00 0a b6 00
INFO - 21 1c 08 3c 00 0a a6 00
INFO - 21 1e 48 3c 00 0a a0 00
INFO - 21 21 88 3c 00 0a dd 00
INFO - 21 23 c8 3c 00 0a 9f 00
INFO - 21 25 08 3c 00 0a a7 00
INFO - 21 27 48 3c 00 0a a0 00
INFO - 21 29 88 3c 00 0a 99 00
INFO - 21 2b c8 3c 00 0a bc 00
INFO - 21 2e 08 3c 00 0a cc 00
INFO - 21 30 48 3c 00 0a b8 00
INFO - 21 33 88 3c 00 0a a6 00
INFO - 21 35 c8 3c 00 0a c1 00
INFO - 21 37 08 3c 00 0a 8d 00
INFO - 21 39 48 3c 00 0a c4 00
INFO - 21 3c 88 3c 00 0a da 00
INFO - 21 3e c8 3c 00 0a 90 00
INFO - 21 40 08 3c 00 0a 95 00
INFO - 21 42 48 3c 00 0a ae 00
INFO - 21 44 88 3c 00 0a b1 00
INFO - 21 47 c8 3c 00 0a b5 00
INFO - 21 49 08 3c 00 0a 9a 00
INFO - 21 4b 48 3c 00 0a ae 00
INFO - 21 4d 88 3c 00 0a ae 00
INFO - 21 4f c8 3c 00 0a ae 00
INFO - 21 51 08 3c 00 0a 8d 00
INFO - 21 53 48 3c 00 0a af 00
INFO - 21 55 88 3c 00 0a 98 00
INFO - 21 57 c8 3c 00 0a 98 00
INFO - 21 59 08 3c 00 0a af 00
INFO - 21 5a 48 3c 00 0a 8d 00
INFO - 21 5d 88 3c 00 0a af 00
INFO - 21 5f c8 3c 00 0a af 00
INFO - 21 61 08 3c 00 0a af 00
INFO - 21 63 48 3c 00 0a a4 00
INFO - 21 66 88 3c 00 0a dc 00
INFO - 21 69 c8 3c 00 0a b8 00
INFO - 21 6e 08 3c 00 0b 04 00
INFO - 21 70 48 3c 00 0a 9a 00
INFO - 21 72 88 3c 00 0a c9 00
INFO - 21 74 c8 3c 00 0a 96 00
INFO - 21 78 08 3c 00 0a f6 00
INFO - 21 7a 48 3c 00 0a 9d 00
INFO - 21 7c 88 3c 00 0a af 00
INFO - 21 7f c8 3c 00 0a ca 00
INFO - 21 81 08 3c 00 0a be 00
INFO - 21 84 48 3c 00 0a dc 00
INFO - 21 86 88 3c 00 0a a9 00
INFO - 21 89 c8 3c 00 0a dc 00
INFO - 21 8c 08 3c 00 0a a7 00
INFO - 21 8d 48 3c 00 0a 9e 00
INFO - 21 8f 88 3c 00 0a a4 00
INFO - 21 92 c8 3c 00 0a d7 00
INFO - 21 94 08 3c 00 0a 99 00
INFO - 21 96 48 3c 00 0a 73 00
INFO - 21 98 88 3c 00 0a aa 00
INFO - 21 9b c8 3c 00 0a c6 00
INFO - 21 9d 08 3c 00 0a b5 00
INFO - 21 a0 48 3c 00 0a af 00
INFO - 21 a2 88 3c 00 0a c0 00
INFO - 21 a5 c8 3c 00 0a bb 00
INFO - 21 a7 08 3c 00 0a a7 00
INFO - 21 a9 48 3c 00 0a b5 00
INFO - 21 ab 88 3c 00 0a a4 00
INFO - 21 ad c8 3c 00 0a 9c 00
INFO - 21 b0 08 3c 00 0a cb 00
INFO - 21 b2 48 3c 00 0a a5 00
INFO - 21 b4 88 3c 00 0a b5 00
INFO - 21 b7 c8 3c 00 0a c7 00
INFO - 21 b9 08 3c 00 0a b3 00
INFO - 21 bb 48 3c 00 0a 9e 00
INFO - 21 be 88 3c 00 0a de 00
INFO - 21 c0 c8 3c 00 0a aa 00
INFO - 21 c3 08 3c 00 0a b0 00
INFO - 21 c5 48 3c 00 0a b6 00
INFO - 21 c7 88 3c 00 0a 98 00
INFO - 21 c9 c8 3c 00 0a 9f 00
INFO - 21 cb 08 3c 00 0a b0 00
INFO - 21 cd 48 3c 00 0a 91 00
INFO - 21 cf 88 3c 00 0a cc 00
INFO - 21 d1 c8 3c 00 0a 9a 00
INFO - 21 d3 08 3c 00 0a b3 00
INFO - 21 d5 48 3c 00 0a 9f 00
INFO - 21 d8 88 3c 00 0a bc 00
INFO - 21 da c8 3c 00 0a 9f 00
INFO - 21 dd 08 3c 00 0a d3 00
INFO - 21 df 48 3c 00 0a a0 00
INFO - 21 e1 88 3c 00 0a a5 00
INFO - 21 e3 c8 3c 00 0a 9d 00
INFO - 21 e5 08 3c 00 0a c2 00
INFO - 21 e7 48 3c 00 0a 9b 00
INFO - 21 e9 88 3c 00 0a 9f 00
INFO - 21 eb c8 3c 00 0a b1 00
INFO - 21 ee 08 3c 00 0a c4 00
INFO - 21 f0 48 3c 00 0a a6 00
INFO - 21 f2 88 3c 00 0a a1 00
INFO - 21 f7 c8 3c 00 0b 40 00
INFO - 21 fa 08 3c 00 0a b2 00
INFO - 21 fc 48 3c 00 0a c4 00
INFO - 21 ff 88 3c 00 0a e1 00
INFO - 22 02 c8 3c 00 0a cd 00
INFO - 22 04 08 3c 00 0a a9 00
INFO - 22 07 48 3c 00 0a b9 00
INFO - 22 09 88 3c 00 0a 9b 00
INFO - 22 0b c8 3c 00 0a b9 00
INFO - 22 0d 08 3c 00 0a b2 00
INFO - 22 11 48 3c 00 0a e8 00
INFO - 22 14 88 3c 00 0a cb 00
INFO - 22 16 c8 3c 00 0a c5 00
INFO - 22 19 08 3c 00 0a e3 00
INFO - 22 1c 48 3c 00 0a ce 00
INFO - 22 1f 88 3c 00 0a ce 00
INFO - 22 21 c8 3c 00 0a 9f 00
INFO - 22 23 08 3c 00 0a b7 00
INFO - 22 26 48 3c 00 0a ab 00
INFO - 22 29 88 3c 00 0a da 00
INFO - 22 2b c8 3c 00 0a a0 00
INFO - 22 2e 08 3c 00 0a f3 00
INFO - 22 32 48 3c 00 0a e7 00
INFO - 22 34 88 3c 00 0a 86 00
INFO - 22 3f c8 3c 00 0a b1 00
INFO - 22 42 08 3c 00 0a b8 00
INFO - 22 44 48 3c 00 0a c4 00
INFO - 22 46 88 3c 00 0a af 00
INFO - 22 49 c8 3c 00 0a b5 00
INFO - 22 4a 08 3c 00 0a 8b 00
INFO - 22 4c 48 3c 00 0a 85 00
INFO - 22 4f 88 3c 00 0a dd 00
INFO - 22 51 c8 3c 00 0a af 00
INFO - 22 53 08 3c 00 0a 9e 00
INFO - 22 55 48 3c 00 0a a3 00
INFO - 22 57 88 3c 00 0a aa 00
INFO - 22 5a c8 3c 00 0a bc 00
INFO - 22 5c 08 3c 00 0a ab 00
INFO - 22 5e 48 3c 00 0a af 00
INFO - 22 60 88 3c 00 0a 9e 00
INFO - 22 63 c8 3c 00 0a c5 00
INFO - 22 66 08 3c 00 0a d1 00
INFO - 22 68 48 3c 00 0a c6 00
INFO - 22 6b 88 3c 00 0a c8 00
INFO - 22 6e c8 3c 00 0a c6 00
INFO - 22 71 08 3c 00 0a f3 00
INFO - 22 73 48 3c 00 0a 95 00
INFO - 22 75 88 3c 00 0a a4 00
INFO - 22 77 c8 3c 00 0a 9e 00
INFO - 22 7b 08 3c 00 0a f5 00
INFO - 22 7d 48 3c 00 0a b9 00
INFO - 22 7f 88 3c 00 0a b9 00
INFO - 22 81 c8 3c 00 0a 89 00
INFO - 22 84 08 3c 00 0a b7 00
INFO - 22 86 48 3c 00 0a 91 00
INFO - 22 89 88 3c 00 0a d1 00
INFO - 22 8a c8 3c 00 0a 98 00
INFO - 22 8d 08 3c 00 0a b5 00
INFO - 22 8f 48 3c 00 0a 98 00
INFO - 22 91 88 3c 00 0a a9 00
INFO - 22 93 c8 3c 00 0a a1 00
INFO - 22 95 08 3c 00 0a a4 00
INFO - 22 97 48 3c 00 0a c1 00
INFO - 22 9c 88 3c 00 0b 1a 00
INFO - 22 9e c8 3c 00 0a b0 00
INFO - 22 a1 08 3c 00 0a ce 00
INFO - 22 a3 48 3c 00 0a ac 00
INFO - 22 a6 88 3c 00 0a dd 00
INFO - 22 aa c8 3c 00 0b 12 00
INFO - 22 ad 08 3c 00 0a c2 00
INFO - 22 af 48 3c 00 0a b1 00
INFO - 22 b1 88 3c 00 0a 9e 00
INFO - 22 b4 c8 3c 00 0a e1 00
INFO - 22 b8 08 3c 00 0a db 00
INFO - 22 ba 48 3c 00 0a bd 00
INFO - 22 bc 88 3c 00 0a a9 00
INFO - 22 bf c8 3c 00 0a c9 00
INFO - 22 c2 08 3c 00 0a c2 00
INFO - 22 c4 48 3c 00 0a a4 00
INFO - 22 c5 88 3c 00 0a 9d 00
INFO - 22 c9 c8 3c 00 0a de 00
INFO - 22 cb 08 3c 00 0a a4 00
INFO - 22 cd 48 3c 00 0a aa 00
INFO - 22 cf 88 3c 00 0a c4 00
INFO - 22 d2 c8 3c 00 0a c4 00
INFO - 22 d5 08 3c 00 0a bb 00
INFO - 22 d7 48 3c 00 0a b5 00
INFO - 22 d9 88 3c 00 0a ac 00
INFO - 22 dc c8 3c 00 0a b5 00
INFO - 22 de 08 3c 00 0a ba 00
INFO - 22 e1 48 3c 00 0a c0 00
INFO - 22 e3 88 3c 00 0a ab 00
INFO - 22 e5 c8 3c 00 0a a3 00
INFO - 22 e8 08 3c 00 0a cf 00
INFO - 22 eb 48 3c 00 0a ee 00
INFO - 22 ee 88 3c 00 0a ce 00
INFO - 22 f0 c8 3c 00 0a 7d 00
INFO - 22 f2 08 3c 00 0a 8f 00
INFO - 22 f5 48 3c 00 0a de 00
INFO - 22 f7 88 3c 00 0a a7 00
INFO - 22 fa c8 3c 00 0a b9 00
INFO - 22 fb 08 3c 00 0a 87 00
INFO - 22 fe 48 3c 00 0a d9 00
INFO - 23 02 88 3c 00 0a ee 00
INFO - 23 04 c8 3c 00 0a a1 00
INFO - 23 06 08 3c 00 0a a7 00
INFO - 23 08 48 3c 00 0a c1 00
INFO - 23 0b 88 3c 00 0a d0 00
INFO - 23 0d c8 3c 00 0a 9b 00
INFO - 23 0f 08 3c 00 0a ab 00
INFO - 23 11 48 3c 00 0a 90 00
INFO - 23 13 88 3c 00 0a 9e 00
INFO - 23 15 c8 3c 00 0a a1 00
INFO - 23 17 08 3c 00 0a a5 00
INFO - 23 19 48 3c 00 0a c0 00
INFO - 23 1b 88 3c 00 0a 92 00
INFO - 23 1e c8 3c 00 0a c3 00
INFO - 23 1f 08 3c 00 0a 9a 00
INFO - 23 22 48 3c 00 0a cf 00
INFO - 23 24 88 3c 00 0a 8d 00
INFO - 23 27 c8 3c 00 0a cb 00
INFO - 23 28 08 3c 00 0a 94 00
INFO - 23 2a 48 3c 00 0a 9a 00
INFO - 23 2c 88 3c 00 0a b3 00
INFO - 23 30 c8 3c 00 0a f9 00
INFO - 23 32 08 3c 00 0a 94 00
INFO - 23 38 48 3c 00 0b 75 00
INFO - 23 3a 88 3c 00 0a a3 00
INFO - 23 3c c8 3c 00 0a b3 00
INFO - 23 3f 08 3c 00 0a c0 00
INFO - 23 40 48 3c 00 0a 81 00
INFO - 23 43 88 3c 00 0a d4 00
INFO - 23 45 c8 3c 00 0a a5 00
INFO - 23 49 08 3c 00 0a e1 00
INFO - 23 4a 48 3c 00 0a 8b 00
INFO - 23 4e 88 3c 00 0a ec 00
INFO - 23 4f c8 3c 00 0a 97 00
INFO - 23 52 08 3c 00 0a d4 00
INFO - 23 55 48 3c 00 0a d9 00
INFO - 23 57 88 3c 00 0a 99 00
INFO - 23 59 c8 3c 00 0a 74 00
INFO - 23 5b 08 3c 00 0a 95 00
INFO - 23 5e 48 3c 00 0a d2 00
INFO - 23 60 88 3c 00 0a ab 00
INFO - 23 62 c8 3c 00 0a 9b 00
INFO - 23 64 08 3c 00 0a aa 00
INFO - 23 66 48 3c 00 0a b7 00
INFO - 23 69 88 3c 00 0a a5 00
INFO - 23 6b c8 3c 00 0a b3 00
INFO - 23 6d 08 3c 00 0a 99 00
INFO - 23 6f 48 3c 00 0a b3 00
INFO - 23 71 88 3c 00 0a 95 00
INFO - 23 72 c8 3c 00 0a 98 00
INFO - 23 74 08 3c 00 0a 9c 00
INFO - 23 76 48 3c 00 0a 93 00
INFO - 23 78 88 3c 00 0a 98 00
INFO - 23 7a c8 3c 00 0a 9a 00
INFO - 23 7c 08 3c 00 0a c0 00
INFO - 23 7d 48 3c 00 0a 7a 00
INFO - 23 80 88 3c 00 0a c0 00
INFO - 23 82 c8 3c 00 0a a3 00
INFO - 23 84 08 3c 00 0a bf 00
INFO - 23 87 48 3c 00 0a cc 00
INFO - 23 8b 88 3c 00 0a e6 00
INFO - 23 8d c8 3c 00 0a c4 00
INFO - 23 8f 08 3c 00 0a 91 00
INFO - 23 92 48 3c 00 0a cc 00
INFO - 23 95 88 3c 00 0a e3 00
INFO - 23 98 c8 3c 00 0a d1 00
INFO - 23 9a 08 3c 00 0a 97 00
INFO - 23 9c 48 3c 00 0a 9b 00
INFO - 23 9f 88 3c 00 0a d1 00
INFO - 23 a2 c8 3c 00 0a d7 00
INFO - 23 a3 08 3c 00 0a 8e 00
INFO - 23 a5 48 3c 00 0a 91 00
INFO - 23 a7 88 3c 00 0a a5 00
INFO - 23 a8 c8 3c 00 0a 8a 00
INFO - 23 aa 08 3c 00 0a a2 00
INFO - 23 ac 48 3c 00 0a 7c 00
INFO - 23 ae 88 3c 00 0a a9 00
INFO - 23 b1 c8 3c 00 0a c0 00
INFO - 23 b3 08 3c 00 0a 9f 00
INFO - 23 b4 48 3c 00 0a 8e 00
INFO - 23 b6 88 3c 00 0a 9b 00
INFO - 23 b9 c8 3c 00 0a d2 00
INFO - 23 bb 08 3c 00 0a ad 00
INFO - 23 be 48 3c 00 0a c8 00
INFO - 23 bf 88 3c 00 0a 8e 00
INFO - 23 c1 c8 3c 00 0a 91 00
INFO - 23 c3 08 3c 00 0a b0 00
INFO - 23 c6 48 3c 00 0a c5 00
INFO - 23 c8 88 3c 00 0a 7d 00
INFO - 23 ca c8 3c 00 0a 9f 00
INFO - 23 cc 08 3c 00 0a 90 00
INFO - 23 ce 48 3c 00 0a 9c 00
INFO - 23 d0 88 3c 00 0a 96 00
INFO - 23 d2 c8 3c 00 0a a4 00
INFO - 23 d3 08 3c 00 0a 95 00
INFO - 23 d5 48 3c 00 0a 9a 00
INFO - 23 d7 88 3c 00 0a a8 00
INFO - 23 d9 c8 3c 00 0a 9f 00
INFO - 23 db 08 3c 00 0a af 00
INFO - 23 dd 48 3c 00 0a 88 00
INFO - 23 e0 88 3c 00 0a db 00
INFO - 23 e2 c8 3c 00 0a 93 00
INFO - 23 e3 08 3c 00 0a 96 00
INFO - 23 e6 48 3c 00 0a c4 00
INFO - 23 e8 88 3c 00 0a bc 00
INFO - 23 eb c8 3c 00 0a d1 00
INFO - 23 ed 08 3c 00 0a a7 00
INFO - 23 f0 48 3c 00 0a ab 00
INFO - 23 f1 88 3c 00 0a 9a 00
INFO - 23 f4 c8 3c 00 0a b5 00
INFO - 23 f5 08 3c 00 0a 99 00
INFO - 23 f8 48 3c 00 0a b3 00
INFO - 23 fa 88 3c 00 0a 9f 00
INFO - 23 fb c8 3c 00 0a 88 00
INFO - 23 fe 08 3c 00 0a bc 00
INFO - 24 00 48 3c 00 0a b2 00
INFO - 24 01 88 3c 00 0a 89 00
INFO - 24 04 c8 3c 00 0a d1 00
INFO - 24 06 08 3c 00 0a 9d 00
INFO - 24 08 48 3c 00 0a 9d 00
INFO - 24 0a 88 3c 00 0a a8 00
INFO - 24 0c c8 3c 00 0a a8 00
INFO - 24 0e 08 3c 00 0a b2 00
INFO - 24 10 48 3c 00 0a 9d 00
INFO - 24 12 88 3c 00 0a 9d 00
INFO - 24 14 c8 3c 00 0a 9d 00
INFO - 24 16 08 3c 00 0a 89 00
INFO - 24 18 48 3c 00 0a d1 00
INFO - 24 1b 88 3c 00 0a a8 00
INFO - 24 1c c8 3c 00 0a 7e 00
INFO - 24 1f 08 3c 00 0a c7 00
INFO - 24 21 48 3c 00 0a a8 00
INFO - 24 23 88 3c 00 0a c7 00
INFO - 24 27 c8 3c 00 0a 95 00
INFO - 24 29 08 3c 00 0a 93 00
INFO - 24 2b 48 3c 00 0a a8 00
INFO - 24 2c 88 3c 00 0a 88 00
INFO - 24 2f c8 3c 00 0a bc 00
INFO - 24 30 08 3c 00 0a 7e 00
INFO - 24 32 48 3c 00 0a b1 00
INFO - 24 34 88 3c 00 0a 96 00
INFO - 24 36 c8 3c 00 0a 9a 00
INFO - 24 37 08 3c 00 0a 93 00
INFO - 24 39 48 3c 00 0a 95 00
INFO - 24 3b 88 3c 00 0a a6 00
INFO - 24 3d c8 3c 00 0a 9d 00
INFO - 24 40 08 3c 00 0a bc 00
INFO - 24 42 48 3c 00 0a b4 00
INFO - 24 44 88 3c 00 0a ae 00
INFO - 24 46 c8 3c 00 0a 9d 00
INFO - 24 48 08 3c 00 0a a1 00
INFO - 24 4a 48 3c 00 0a 9b 00
INFO - 24 4c 88 3c 00 0a 9c 00
INFO - 24 4e c8 3c 00 0a b5 00
INFO - 24 51 08 3c 00 0a e3 00
INFO - 24 53 48 3c 00 0a a7 00
INFO - 24 55 88 3c 00 0a 8d 00
INFO - 24 57 c8 3c 00 0a c4 00
INFO - 24 5a 08 3c 00 0a ab 00
INFO - 24 5c 48 3c 00 0a ba 00
INFO - 24 5e 88 3c 00 0a 93 00
INFO - 24 61 c8 3c 00 0a dd 00
INFO - 24 63 08 3c 00 0a b2 00
INFO - 24 65 48 3c 00 0a b2 00
INFO - 24 67 88 3c 00 0a 97 00
INFO - 24 69 c8 3c 00 0a a5 00
INFO - 24 6b 08 3c 00 0a 9f 00
INFO - 24 6e 48 3c 00 0a d2 00
INFO - 24 71 88 3c 00 0a cb 00
INFO - 24 73 c8 3c 00 0a a6 00
INFO - 24 75 08 3c 00 0a ac 00
INFO - 24 78 48 3c 00 0a bb 00
INFO - 24 7a 88 3c 00 0a a2 00
INFO - 24 7c c8 3c 00 0a a6 00
INFO - 24 7e 08 3c 00 0a 9e 00
INFO - 24 81 48 3c 00 0a ff 00
INFO - 24 83 88 3c 00 0a 91 00
INFO - 24 85 c8 3c 00 0a b6 00
INFO - 24 87 08 3c 00 0a 90 00
INFO - 24 89 48 3c 00 0a 93 00
INFO - 24 8b 88 3c 00 0a b6 00
INFO - 24 8c c8 3c 00 0a 85 00
INFO - 24 8f 08 3c 00 0a d2 00
INFO - 24 91 48 3c 00 0a 8c 00
INFO - 24 93 88 3c 00 0a a4 00
INFO - 24 95 c8 3c 00 0a 9c 00
INFO - 24 97 08 3c 00 0a bf 00
INFO - 24 99 48 3c 00 0a a5 00
INFO - 24 9c 88 3c 00 0a aa 00
INFO - 24 9d c8 3c 00 0a 9a 00
INFO - 24 9f 08 3c 00 0a a7 00
INFO - 24 a1 48 3c 00 0a a0 00
INFO - 24 a3 88 3c 00 0a 99 00
INFO - 24 a5 c8 3c 00 0a 97 00
INFO - 24 a7 08 3c 00 0a a3 00
INFO - 24 a9 48 3c 00 0a bc 00
INFO - 24 ac 88 3c 00 0a bb 00
INFO - 24 ae c8 3c 00 0a bf 00
INFO - 24 b1 08 3c 00 0a cd 00
INFO - 24 b3 48 3c 00 0a a0 00
INFO - 24 b6 88 3c 00 0a b8 00
INFO - 24 b9 c8 3c 00 0a d1 00
INFO - 24 bc 08 3c 00 0a d3 00
INFO - 24 bd 48 3c 00 0a 8f 00
INFO - 24 bf 88 3c 00 0a a9 00
INFO - 24 c1 c8 3c 00 0a ae 00
INFO - 24 c4 08 3c 00 0a bb 00
INFO - 24 c7 48 3c 00 0a c5 00
INFO - 24 c9 88 3c 00 0a b4 00
INFO - 24 ca c8 3c 00 0a 85 00
INFO - 24 cc 08 3c 00 0a 91 00
INFO - 24 cf 48 3c 00 0a bf 00
INFO - 24 d0 88 3c 00 0a 98 00
INFO - 24 d2 c8 3c 00 0a 9f 00
INFO - 24 d5 08 3c 00 0a c1 00
INFO - 24 d7 48 3c 00 0a 9b 00
INFO - 24 d9 88 3c 00 0a b3 00
INFO - 24 da c8 3c 00 0a 83 00
INFO - 24 dc 08 3c 00 0a 75 00
INFO - 24 df 48 3c 00 0a ab 00
INFO - 24 e1 88 3c 00 0a b0 00
INFO - 24 e3 c8 3c 00 0a 94 00
INFO - 24 e4 08 3c 00 0a 98 00
INFO - 24 e6 48 3c 00 0a a7 00
INFO - 24 e8 88 3c 00 0a 98 00
INFO - 24 eb c8 3c 00 0a b9 00
INFO - 24 ed 08 3c 00 0a 9d 00
INFO - 24 ee 48 3c 00 0a 84 00
INFO - 24 ef 88 3c 00 0a 87 00
INFO - 24 f1 c8 3c 00 0a a7 00
INFO - 24 f3 08 3c 00 0a 83 00
INFO - 24 f5 48 3c 00 0a 9b 00
INFO - 24 f6 88 3c 00 0a 94 00
INFO - 24 f8 c8 3c 00 0a 8e 00
INFO - 24 fa 08 3c 00 0a 9e 00
INFO - 24 fc 48 3c 00 0a b6 00
INFO - 24 ff 88 3c 00 0a ce 00
INFO - 25 01 c8 3c 00 0a a8 00
INFO - 25 03 08 3c 00 0a a3 00
INFO - 25 06 48 3c 00 0a d1 00
INFO - 25 08 88 3c 00 0a ad 00
INFO - 25 0b c8 3c 00 0a e4 00
INFO - 25 0d 08 3c 00 0a a0 00
INFO - 25 0f 48 3c 00 0a 99 00
INFO - 25 12 88 3c 00 0a c8 00
INFO - 25 14 c8 3c 00 0a b9 00
INFO - 25 16 08 3c 00 0a 94 00
INFO - 25 18 48 3c 00 0a 90 00
INFO - 25 1a 88 3c 00 0a 9c 00
INFO - 25 1b c8 3c 00 0a 9c 00
INFO - 25 1d 08 3c 00 0a 9f 00
INFO - 25 1f 48 3c 00 0a 90 00
INFO - 25 21 88 3c 00 0a 9e 00
INFO - 25 22 c8 3c 00 0a 8f 00
INFO - 25 24 08 3c 00 0a a5 00
INFO - 25 27 48 3c 00 0a a9 00
INFO - 25 29 88 3c 00 0a a3 00
INFO - 25 2b c8 3c 00 0a b2 00
INFO - 25 2e 08 3c 00 0a d5 00
INFO - 25 31 48 3c 00 0a d1 00
INFO - 25 33 88 3c 00 0a b6 00
INFO - 25 35 c8 3c 00 0a 91 00
INFO - 25 37 08 3c 00 0a c6 00
INFO - 25 3b 48 3c 00 0a d7 00
INFO - 25 3c 88 3c 00 0a 98 00
INFO - 25 3e c8 3c 00 0a a4 00
INFO - 25 40 08 3c 00 0a 8a 00
INFO - 25 42 48 3c 00 0a 9a 00
INFO - 25 44 88 3c 00 0a a1 00
INFO - 25 45 c8 3c 00 0a 9a 00
INFO - 25 48 08 3c 00 0a 7c 00
INFO - 25 49 48 3c 00 0a 85 00
INFO - 25 4b 88 3c 00 0a ae 00
INFO - 25 4d c8 3c 00 0a 92 00
INFO - 25 50 08 3c 00 0a c1 00
INFO - 25 52 48 3c 00 0a ab 00
INFO - 25 54 88 3c 00 0a 99 00
INFO - 25 55 c8 3c 00 0a 85 00
INFO - 25 57 08 3c 00 0a b9 00
INFO - 25 59 48 3c 00 0a 82 00
INFO - 25 5b 88 3c 00 0a a3 00
INFO - 25 5d c8 3c 00 0a 9b 00
INFO - 25 5f 08 3c 00 0a c7 00
INFO - 25 63 48 3c 00 0a fa 00
INFO - 25 65 88 3c 00 0a 8e 00
INFO - 25 67 c8 3c 00 0a a5 00
INFO - 25 69 08 3c 00 0a 9e 00
INFO - 25 6b 48 3c 00 0a ac 00
INFO - 25 6d 88 3c 00 0a ae 00
INFO - 25 6e c8 3c 00 0a 82 00
INFO - 25 70 08 3c 00 0a 90 00
INFO - 25 72 48 3c 00 0a 9f 00
INFO - 25 73 88 3c 00 0a 84 00
INFO - 25 75 c8 3c 00 0a a1 00
INFO - 25 78 08 3c 00 0a c0 00
INFO - 25 79 48 3c 00 0a 8e 00
INFO - 25 7b 88 3c 00 0a ac 00
INFO - 25 7d c8 3c 00 0a 92 00
INFO - 25 7f 08 3c 00 0a a9 00
INFO - 25 81 48 3c 00 0a 9c 00
INFO - 25 83 88 3c 00 0a a0 00
INFO - 25 85 c8 3c 00 0a a4 00
INFO - 25 88 08 3c 00 0a bb 00
INFO - 25 8a 48 3c 00 0a c3 00
INFO - 25 8c 88 3c 00 0a a1 00
INFO - 25 8e c8 3c 00 0a b0 00
INFO - 25 91 08 3c 00 0a bd 00
INFO - 25 93 48 3c 00 0a 9f 00
INFO - 25 95 88 3c 00 0a b6 00
INFO - 25 98 c8 3c 00 0a af 00
INFO - 25 99 08 3c 00 0a 93 00
INFO - 25 9c 48 3c 00 0a bd 00
INFO - 25 9f 88 3c 00 0a d3 00
INFO - 25 a0 c8 3c 00 0a 83 00
INFO - 25 a3 08 3c 00 0a d0 00
INFO - 25 a6 48 3c 00 0a bf 00
INFO - 25 a8 88 3c 00 0a aa 00
INFO - 25 aa c8 3c 00 0a ad 00
INFO - 25 ac 08 3c 00 0a b3 00
INFO - 25 ae 48 3c 00 0a ac 00
INFO - 25 b1 88 3c 00 0a c4 00
INFO - 25 b3 c8 3c 00 0a aa 00
INFO - 25 b5 08 3c 00 0a a1 00
INFO - 25 b8 48 3c 00 0a cd 00
INFO - 25 bb 88 3c 00 0a bc 00
INFO - 25 bd c8 3c 00 0a bf 00
INFO - 25 bf 08 3c 00 0a 8e 00
INFO - 25 c1 48 3c 00 0a b0 00
INFO - 25 c3 88 3c 00 0a a1 00
INFO - 25 c5 c8 3c 00 0a ae 00
INFO - 25 c7 08 3c 00 0a b3 00
INFO - 25 ca 48 3c 00 0a c2 00
INFO - 25 cc 88 3c 00 0a a8 00
INFO - 25 ce c8 3c 00 0a ad 00
INFO - 25 d0 08 3c 00 0a a8 00
INFO - 25 d3 48 3c 00 0a ae 00
INFO - 25 d4 88 3c 00 0a 9a 00
INFO - 25 d7 c8 3c 00 0a c0 00
INFO - 25 d9 08 3c 00 0a a3 00
INFO - 25 db 48 3c 00 0a b1 00
INFO - 25 de 88 3c 00 0a be 00
INFO - 25 e0 c8 3c 00 0a 9e 00
INFO - 25 e3 08 3c 00 0a de 00
INFO - 25 e5 48 3c 00 0a 9c 00
INFO - 25 e7 88 3c 00 0a 7c 00
INFO - 25 ea c8 3c 00 0a bf 00
INFO - 25 ec 08 3c 00 0a a4 00
INFO - 25 ef 48 3c 00 0a cc 00
INFO - 25 f1 88 3c 00 0a ac 00
INFO - 25 f3 c8 3c 00 0a 9b 00
INFO - 25 f5 08 3c 00 0a a9 00
INFO - 25 f7 48 3c 00 0a a1 00
INFO - 25 fa 88 3c 00 0a e1 00
INFO - 25 fc c8 3c 00 0a ae 00
INFO - 25 ff 08 3c 00 0a e2 00
INFO - 26 02 48 3c 00 0a ad 00
INFO - 26 05 88 3c 00 0a db 00
INFO - 26 08 c8 3c 00 0a f4 00
INFO - 26 0a 08 3c 00 0a a1 00
INFO - 26 0d 48 3c 00 0a d0 00
INFO - 26 0f 88 3c 00 0a a1 00
INFO - 26 12 c8 3c 00 0a c5 00
INFO - 26 14 08 3c 00 0a a1 00
INFO - 26 17 48 3c 00 0a d2 00
INFO - 26 1b 88 3c 00 0b 1b 00
INFO - 26 1d c8 3c 00 0a a0 00
INFO - 26 1f 08 3c 00 0a 99 00
INFO - 26 21 48 3c 00 0a a9 00
INFO - 26 24 88 3c 00 0a be 00
INFO - 26 26 c8 3c 00 0a aa 00
INFO - 26 28 08 3c 00 0a ad 00
INFO - 26 2a 48 3c 00 0a bd 00
INFO - 26 2d 88 3c 00 0a b5 00
INFO - 26 30 c8 3c 00 0a e1 00
INFO - 26 32 08 3c 00 0a 9e 00
INFO - 26 34 48 3c 00 0a a4 00
INFO - 26 37 88 3c 00 0a bd 00
INFO - 26 3a c8 3c 00 0a d4 00
INFO - 26 3c 08 3c 00 0a 9d 00
INFO - 26 3e 48 3c 00 0a ad 00
INFO - 26 40 88 3c 00 0a 98 00
INFO - 26 43 c8 3c 00 0b 01 00
INFO - 26 46 08 3c 00 0a b4 00
INFO - 26 48 48 3c 00 0a b8 00
INFO - 26 4a 88 3c 00 0a 97 00
INFO - 26 4c c8 3c 00 0a b5 00
INFO - 26 4e 08 3c 00 0a a3 00
INFO - 26 50 48 3c 00 0a a8 00
INFO - 26 52 88 3c 00 0a 9f 00
INFO - 26 55 c8 3c 00 0a c7 00
INFO - 26 57 08 3c 00 0a 93 00
INFO - 26 59 48 3c 00 0a ab 00
INFO - 26 5c 88 3c 00 0a c0 00
INFO - 26 5e c8 3c 00 0a ce 00
INFO - 26 61 08 3c 00 0a ce 00
INFO - 26 64 48 3c 00 0a cf 00
INFO - 26 67 88 3c 00 0a c3 00
INFO - 26 69 c8 3c 00 0a ad 00
INFO - 26 6b 08 3c 00 0a 73 00
INFO - 26 6d 48 3c 00 0a ab 00
INFO - 26 70 88 3c 00 0a d0 00
INFO - 26 74 c8 3c 00 0a f8 00
INFO - 26 76 08 3c 00 0a 97 00
INFO - 26 78 48 3c 00 0a b1 00
INFO - 26 7a 88 3c 00 0a c2 00
INFO - 26 7e c8 3c 00 0a df 00
INFO - 26 80 08 3c 00 0a ad 00
INFO - 26 82 48 3c 00 0a a5 00
INFO - 26 84 88 3c 00 0a 9d 00
INFO - 26 86 c8 3c 00 0a ac 00
INFO - 26 88 08 3c 00 0a 8d 00
INFO - 26 8a 48 3c 00 0a be 00
INFO - 26 8d 88 3c 00 0a b7 00
INFO - 26 8f c8 3c 00 0a a4 00
INFO - 26 93 08 3c 00 0b 26 00
INFO - 26 96 48 3c 00 0a be 00
INFO - 26 98 88 3c 00 0a aa 00
INFO - 26 9a c8 3c 00 0a a4 00
INFO - 26 9c 08 3c 00 0a 9e 00
INFO - 26 9e 48 3c 00 0a a4 00
INFO - 26 a1 88 3c 00 0a bd 00
INFO - 26 a3 c8 3c 00 0a bd 00
INFO - 26 a6 08 3c 00 0a bc 00
INFO - 26 a7 48 3c 00 0a 94 00
INFO - 26 aa 88 3c 00 0a c4 00
INFO - 26 ac c8 3c 00 0a bd 00
INFO - 26 b0 08 3c 00 0a dd 00
INFO - 26 b3 48 3c 00 0a d5 00
INFO - 26 b5 88 3c 00 0a b8 00
INFO - 26 b7 c8 3c 00 0a a9 00
INFO - 26 b9 08 3c 00 0a a1 00
INFO - 26 bb 48 3c 00 0a af 00
INFO - 26 bf 88 3c 00 0a eb 00
INFO - 26 c2 c8 3c 00 0a d1 00
INFO - 26 c3 08 3c 00 0a 96 00
INFO - 26 c6 48 3c 00 0a c7 00
INFO - 26 c8 88 3c 00 0a a8 00
INFO - 26 cb c8 3c 00 0a c3 00
INFO - 26 cd 08 3c 00 0a bf 00
INFO - 26 d0 48 3c 00 0a cf 00
INFO - 26 d2 88 3c 00 0a 6e 00
INFO - 26 d5 c8 3c 00 0a b9 00
INFO - 26 d7 08 3c 00 0a b3 00
INFO - 26 d9 48 3c 00 0a ac 00
INFO - 26 dc 88 3c 00 0a c7 00
INFO - 26 de c8 3c 00 0a 9c 00
INFO - 26 e0 08 3c 00 0a b5 00
INFO - 26 e3 48 3c 00 0a b4 00
INFO - 26 e5 88 3c 00 0a ad 00
INFO - 26 e7 c8 3c 00 0a 9b 00
INFO - 26 e9 08 3c 00 0a c6 00
INFO - 26 ec 48 3c 00 0a b0 00
INFO - 26 ed 88 3c 00 0a 9d 00
INFO - 26 f0 c8 3c 00 0a c4 00
INFO - 26 f2 08 3c 00 0a b0 00
INFO - 26 f5 48 3c 00 0a be 00
INFO - 26 f7 88 3c 00 0a bd 00
INFO - 26 fa c8 3c 00 0a ad 00
INFO - 26 fb 08 3c 00 0a 9b 00
INFO - 26 fd 48 3c 00 0a 9d 00
INFO - 27 00 88 3c 00 0a db 00
INFO - 27 03 c8 3c 00 0a b1 00
INFO - 27 05 08 3c 00 0a a8 00
INFO - 27 08 48 3c 00 0a e8 00
INFO - 27 0a 88 3c 00 0a ae 00
INFO - 27 0d c8 3c 00 0a d4 00
INFO - 27 0f 08 3c 00 0a 83 00
INFO - 27 12 48 3c 00 0a f0 00
INFO - 27 15 88 3c 00 0a bf 00
INFO - 27 17 c8 3c 00 0a ad 00
INFO - 27 19 08 3c 00 0a a7 00
INFO - 27 1b 48 3c 00 0a 97 00
INFO - 27 1d 88 3c 00 0a b2 00
INFO - 27 20 c8 3c 00 0a 7c 00
INFO - 27 21 08 3c 00 0a 99 00
INFO - 27 24 48 3c 00 0a a7 00
INFO - 27 25 88 3c 00 0a 8a 00
INFO - 27 28 c8 3c 00 0a e7 00
INFO - 27 2a 08 3c 00 0a a7 00
INFO - 27 2c 48 3c 00 0a 96 00
INFO - 27 2f 88 3c 00 0a bc 00
INFO - 27 31 c8 3c 00 0a b7 00
INFO - 27 34 08 3c 00 0a be 00
INFO - 27 36 48 3c 00 0a a1 00
INFO - 27 38 88 3c 00 0a a5 00
INFO - 27 3a c8 3c 00 0a 9c 00
INFO - 27 3c 08 3c 00 0a ad 00
INFO - 27 3e 48 3c 00 0a c9 00
INFO - 27 41 88 3c 00 0a c3 00
INFO - 27 43 c8 3c 00 0a b3 00
INFO - 27 45 08 3c 00 0a 96 00
INFO - 27 48 48 3c 00 0a bc 00
INFO - 27 4a 88 3c 00 0a be 00
INFO - 27 4d c8 3c 00 0a c6 00
INFO - 27 4f 08 3c 00 0a a2 00
INFO - 27 52 48 3c 00 0a dc 00
INFO - 27 55 88 3c 00 0a d1 00
INFO - 27 57 c8 3c 00 0a b0 00
INFO - 27 5a 08 3c 00 0a c9 00
INFO - 27 5c 48 3c 00 0a 8c 00
INFO - 27 5e 88 3c 00 0a a7 00
INFO - 27 61 c8 3c 00 0a e5 00
INFO - 27 64 08 3c 00 0a d4 00
INFO - 27 66 48 3c 00 0a 96 00
INFO - 27 69 88 3c 00 0a ba 00
INFO - 27 6c c8 3c 00 0a d1 00
INFO - 27 6f 08 3c 00 0a df 00
INFO - 27 71 48 3c 00 0a c3 00
INFO - 27 74 88 3c 00 0a bf 00
INFO - 27 76 c8 3c 00 0a b7 00
INFO - 27 78 08 3c 00 0a 8e 00
INFO - 27 7a 48 3c 00 0a 79 00
INFO - 27 7d 88 3c 00 0a b8 00
INFO - 27 80 c8 3c 00 0a db 00
INFO - 27 83 08 3c 00 0a df 00
INFO - 27 85 48 3c 00 0a a0 00
INFO - 27 87 88 3c 00 0a 8d 00
INFO - 27 88 c8 3c 00 0a 99 00
INFO - 27 8a 08 3c 00 0a 9b 00
INFO - 27 8c 48 3c 00 0a ac 00
INFO - 27 8f 88 3c 00 0a b1 00
INFO - 27 91 c8 3c 00 0a aa 00
INFO - 27 93 08 3c 00 0a b2 00
INFO - 27 96 48 3c 00 0a ca 00
INFO - 27 97 88 3c 00 0a 8d 00
INFO - 27 9a c8 3c 00 0a b0 00
INFO - 27 9c 08 3c 00 0a a9 00
INFO - 27 9d 48 3c 00 0a 8d 00
INFO - 27 9f 88 3c 00 0a 9a 00
INFO - 27 a1 c8 3c 00 0a 9e 00
INFO - 27 a3 08 3c 00 0a 97 00
INFO - 27 a4 48 3c 00 0a 8c 00
INFO - 27 a7 88 3c 00 0a ba 00
INFO - 27 a9 c8 3c 00 0a a9 00
INFO - 27 ac 08 3c 00 0a c4 00
INFO - 27 ae 48 3c 00 0a 9d 00
INFO - 27 af 88 3c 00 0a a0 00
INFO - 27 b1 c8 3c 00 0a 80 00
INFO - 27 b3 08 3c 00 0a 72 00
INFO - 27 b4 48 3c 00 0a 92 00
INFO - 27 b6 88 3c 00 0a 99 00
INFO - 27 b8 c8 3c 00 0a 9c 00
INFO - 27 ba 08 3c 00 0a 8e 00
INFO - 27 be 48 3c 00 0b 26 00
INFO - 27 c1 88 3c 00 0a ad 00
INFO - 27 c3 c8 3c 00 0a bf 00
INFO - 27 c6 08 3c 00 0a c5 00
INFO - 27 c7 48 3c 00 0a 95 00
INFO - 27 ca 88 3c 00 0a ba 00
INFO - 27 cd c8 3c 00 0a da 00
INFO - 27 d1 08 3c 00 0a eb 00
INFO - 27 d3 48 3c 00 0a bd 00
INFO - 27 d6 88 3c 00 0a af 00
INFO - 27 d8 c8 3c 00 0a a7 00
INFO - 27 da 08 3c 00 0a a1 00
INFO - 27 dc 48 3c 00 0a a4 00
INFO - 27 de 88 3c 00 0a b2 00
INFO - 27 e0 c8 3c 00 0a a0 00
INFO - 27 e3 08 3c 00 0a cd 00
INFO - 27 e5 48 3c 00 0a 9f 00
INFO - 27 e7 88 3c 00 0a ae 00
INFO - 27 e9 c8 3c 00 0a 9c 00
INFO - 27 ec 08 3c 00 0a e3 00
INFO - 27 ee 48 3c 00 0a b0 00
INFO - 27 f0 88 3c 00 0a a9 00
INFO - 27 f2 c8 3c 00 0a 8e 00
INFO - 27 f4 08 3c 00 0a a5 00
INFO - 27 f6 48 3c 00 0a 7a 00
INFO - 27 f8 88 3c 00 0a 8d 00
INFO - 27 fa c8 3c 00 0a b1 00
INFO - 27 fd 08 3c 00 0a ba 00
INFO - 27 fe 48 3c 00 0a 91 00
INFO - 28 01 88 3c 00 0a c3 00
INFO - 28 03 c8 3c 00 0a af 00
INFO - 28 05 08 3c 00 0a 86 00
INFO - 28 07 48 3c 00 0a a4 00
INFO - 28 09 88 3c 00 0a cc 00
INFO - 28 0c c8 3c 00 0a ae 00
INFO - 28 0d 08 3c 00 0a 9a 00
INFO - 28 10 48 3c 00 0a ae 00
INFO - 28 11 88 3c 00 0a 87 00
INFO - 28 14 c8 3c 00 0a ba 00
INFO - 28 1a 08 3c 00 0a b8 00
INFO - 28 1c 48 3c 00 0a 9c 00
INFO - 28 1d 88 3c 00 0a 8c 00
INFO - 28 20 c8 3c 00 0a b9 00
INFO - 28 21 08 3c 00 0a 8c 00
INFO - 28 24 48 3c 00 0a c9 00
INFO - 28 26 88 3c 00 0a b6 00
INFO - 28 29 c8 3c 00 0a c2 00
INFO - 28 2b 08 3c 00 0a 8c 00
INFO - 28 2d 48 3c 00 0a ab 00
INFO - 28 2f 88 3c 00 0a b0 00
INFO - 28 32 c8 3c 00 0a c6 00
INFO - 28 33 08 3c 00 0a 7e 00
INFO - 28 34 48 3c 00 0a 8b 00
INFO - 28 37 88 3c 00 0a bf 00
INFO - 28 39 c8 3c 00 0a 9d 00
INFO - 28 3a 08 3c 00 0a 8b 00
INFO - 28 3d 48 3c 00 0a ba 00
INFO - 28 3f 88 3c 00 0a a8 00
INFO - 28 40 c8 3c 00 0a 86 00
INFO - 28 43 08 3c 00 0a af 00
INFO - 28 45 48 3c 00 0a 9f 00
INFO - 28 46 88 3c 00 0a 9a 00
INFO - 28 48 c8 3c 00 0a a5 00
INFO - 28 4b 08 3c 00 0a b3 00
INFO - 28 4c 48 3c 00 0a 92 00
INFO - 28 4e 88 3c 00 0a a0 00
INFO - 28 50 c8 3c 00 0a 8c 00
INFO - 28 52 08 3c 00 0a b7 00
INFO - 28 54 48 3c 00 0a 91 00
INFO - 28 56 88 3c 00 0a 95 00
INFO - 28 58 c8 3c 00 0a bf 00
INFO - 28 5a 08 3c 00 0a 91 00
INFO - 28 5c 48 3c 00 0a 9f 00
INFO - 28 5d 88 3c 00 0a 9a 00
INFO - 28 60 c8 3c 00 0a bc 00
INFO - 28 62 08 3c 00 0a b8 00
INFO - 28 65 48 3c 00 0a bb 00
INFO - 28 67 88 3c 00 0a a5 00
INFO - 28 69 c8 3c 00 0a a7 00
INFO - 28 6b 08 3c 00 0a 98 00
INFO - 28 6d 48 3c 00 0a ae 00
INFO - 28 6e 88 3c 00 0a 84 00
INFO - 28 70 c8 3c 00 0a a7 00
INFO - 28 73 08 3c 00 0a 7c 00
INFO - 28 74 48 3c 00 0a 93 00
INFO - 28 77 88 3c 00 0a c3 00
INFO - 28 78 c8 3c 00 0a 80 00
INFO - 28 7b 08 3c 00 0a a1 00
INFO - 28 81 48 3c 00 0a b7 00
INFO - 28 83 88 3c 00 0a 89 00
INFO - 28 84 c8 3c 00 0a 8b 00
INFO - 28 86 08 3c 00 0a a6 00
INFO - 28 88 48 3c 00 0a 99 00
INFO - 28 8b 88 3c 00 0a d2 00
INFO - 28 8d c8 3c 00 0a bb 00
INFO - 28 8f 08 3c 00 0a a0 00
INFO - 28 92 48 3c 00 0a b8 00
INFO - 28 94 88 3c 00 0a b9 00
INFO - 28 96 c8 3c 00 0a 9a 00
INFO - 28 99 08 3c 00 0a cc 00
INFO - 28 9b 48 3c 00 0a a4 00
INFO - 28 9d 88 3c 00 0a bb 00
INFO - 28 9e c8 3c 00 0a 7a 00
INFO - 28 a0 08 3c 00 0a a7 00
INFO - 28 a3 48 3c 00 0a cb 00
INFO - 28 a6 88 3c 00 0a b8 00
INFO - 28 a7 c8 3c 00 0a 89 00
INFO - 28 a9 08 3c 00 0a 8d 00
INFO - 28 aa 48 3c 00 0a 93 00
INFO - 28 ac 88 3c 00 0a 7c 00
INFO - 28 ad c8 3c 00 0a 8e 00
INFO - 28 af 08 3c 00 0a 90 00
INFO - 28 b1 48 3c 00 0a 9e 00
INFO - 28 b2 88 3c 00 0a 7c 00
INFO - 28 b3 c8 3c 00 0a 8d 00
INFO - 28 b5 08 3c 00 0a a6 00
INFO - 28 b7 48 3c 00 0a 83 00
INFO - 28 b9 88 3c 00 0a a8 00
INFO - 28 bb c8 3c 00 0a be 00
INFO - 28 bd 08 3c 00 0a 9d 00
INFO - 28 bf 48 3c 00 0a 8c 00
INFO - 28 c1 88 3c 00 0a b1 00
INFO - 28 c2 c8 3c 00 0a 82 00
INFO - 28 c5 08 3c 00 0a c4 00
INFO - 28 c8 48 3c 00 0a bd 00
INFO - 28 ca 88 3c 00 0a a6 00
INFO - 28 cb c8 3c 00 0a 8b 00
INFO - 28 d0 08 3c 00 0b 37 00
INFO - 28 d2 48 3c 00 0a 9c 00
INFO - 28 d5 88 3c 00 0a d2 00
INFO - 28 d7 c8 3c 00 0a 9c 00
INFO - 28 d8 08 3c 00 0a 79 00
INFO - 28 da 48 3c 00 0a 99 00
INFO - 28 dc 88 3c 00 0a a6 00
INFO - 28 dd c8 3c 00 0a 8f 00
INFO - 28 e0 08 3c 00 0a b2 00
INFO - 28 e2 48 3c 00 0a a6 00
INFO - 28 e3 88 3c 00 0a 8e 00
INFO - 28 e5 c8 3c 00 0a 95 00
INFO - 28 e7 08 3c 00 0a 91 00
INFO - 28 ea 48 3c 00 0a dd 00
INFO - 28 ec 88 3c 00 0a ac 00
INFO - 28 ed c8 3c 00 0a 84 00
INFO - 28 ef 08 3c 00 0a a8 00
INFO - 28 f1 48 3c 00 0a a5 00
INFO - 28 f3 88 3c 00 0a 98 00
INFO - 28 f5 c8 3c 00 0a ab 00
INFO - 28 f7 08 3c 00 0a 9f 00
INFO - 28 fa 48 3c 00 0a c3 00
INFO - 28 fc 88 3c 00 0a 8e 00
INFO - 28 fe c8 3c 00 0a c0 00
INFO - 29 00 08 3c 00 0a a9 00
INFO - 29 02 48 3c 00 0a 9c 00
INFO - 29 05 88 3c 00 0a cb 00
INFO - 29 07 c8 3c 00 0a ad 00
INFO - 29 09 08 3c 00 0a 8f 00
INFO - 29 0b 48 3c 00 0a aa 00
INFO - 29 0c 88 3c 00 0a 93 00
INFO - 29 0f c8 3c 00 0a b8 00
INFO - 29 11 08 3c 00 0a 9a 00
INFO - 29 13 48 3c 00 0a 7c 00
INFO - 29 15 88 3c 00 0a 9c 00
INFO - 29 17 c8 3c 00 0a a2 00
INFO - 29 19 08 3c 00 0a 96 00
INFO - 29 1a 48 3c 00 0a 9e 00
INFO - 29 1c 88 3c 00 0a a3 00
INFO - 29 1f c8 3c 00 0a ae 00
INFO - 29 21 08 3c 00 0a b7 00
INFO - 29 23 48 3c 00 0a b7 00
INFO - 29 25 88 3c 00 0a a3 00
INFO - 29 27 c8 3c 00 0a 91 00
INFO - 29 28 08 3c 00 0a 82 00
INFO - 29 2b 48 3c 00 0a a8 00
INFO - 29 2d 88 3c 00 0a a9 00
INFO - 29 2e c8 3c 00 0a 99 00
INFO - 29 31 08 3c 00 0a ad 00
INFO - 29 32 48 3c 00 0a 99 00
INFO - 29 34 88 3c 00 0a a2 00
INFO - 29 36 c8 3c 00 0a 99 00
INFO - 29 39 08 3c 00 0a ba 00
INFO - 29 3b 48 3c 00 0a a9 00
INFO - 29 3c 88 3c 00 0a 85 00
INFO - 29 3e c8 3c 00 0a b7 00
INFO - 29 40 08 3c 00 0a 85 00
INFO - 29 42 48 3c 00 0a a3 00
INFO - 29 44 88 3c 00 0a a7 00
INFO - 29 45 c8 3c 00 0a 8c 00
INFO - 29 47 08 3c 00 0a 92 00
INFO - 29 49 48 3c 00 0a aa 00
INFO - 29 4b 88 3c 00 0a a7 00
INFO - 29 4e c8 3c 00 0a c8 00
INFO - 29 50 08 3c 00 0a 8a 00
INFO - 29 51 48 3c 00 0a a0 00
INFO - 29 54 88 3c 00 0a c6 00
INFO - 29 56 c8 3c 00 0a 96 00
INFO - 29 58 08 3c 00 0a b2 00
INFO - 29 5a 48 3c 00 0a 96 00
INFO - 29 5c 88 3c 00 0a b1 00
INFO - 29 5f c8 3c 00 0a b4 00
INFO - 29 60 08 3c 00 0a 90 00
INFO - 29 63 48 3c 00 0a c7 00
INFO - 29 65 88 3c 00 0a 9a 00
INFO - 29 67 c8 3c 00 0a ab 00
INFO - 29 69 08 3c 00 0a bc 00
INFO - 29 6b 48 3c 00 0a 9a 00
INFO - 29 6e 88 3c 00 0a b9 00
INFO - 29 6f c8 3c 00 0a 86 00
INFO - 29 71 08 3c 00 0a af 00
INFO - 29 73 48 3c 00 0a 9b 00
INFO - 29 75 88 3c 00 0a 9b 00
INFO - 29 77 c8 3c 00 0a ae 00
INFO - 29 79 08 3c 00 0a af 00
INFO - 29 7b 48 3c 00 0a a5 00
INFO - 29 7e 88 3c 00 0a c3 00
INFO - 29 80 c8 3c 00 0a a5 00
INFO - 29 82 08 3c 00 0a a5 00
INFO - 29 84 48 3c 00 0a a5 00
INFO - 29 86 88 3c 00 0a 9a 00
INFO - 29 87 c8 3c 00 0a 87 00
INFO - 29 8a 08 3c 00 0a d7 00
INFO - 29 8c 48 3c 00 0a 9b 00
INFO - 29 8e 88 3c 00 0a a5 00
INFO - 29 90 c8 3c 00 0a 91 00
INFO - 29 92 08 3c 00 0a c3 00
INFO - 29 95 48 3c 00 0a af 00
INFO - 29 97 88 3c 00 0a a8 00
INFO - 29 99 c8 3c 00 0a c0 00
INFO - 29 9b 08 3c 00 0a 94 00
INFO - 29 9d 48 3c 00 0a 97 00
INFO - 29 9e 88 3c 00 0a 95 00
INFO - 29 a0 c8 3c 00 0a 87 00
INFO - 29 a2 08 3c 00 0a ab 00
INFO - 29 a4 48 3c 00 0a b3 00
INFO - 29 a7 88 3c 00 0a d4 00
INFO - 29 a9 c8 3c 00 0a 9e 00
INFO - 29 ac 08 3c 00 0a ba 00
INFO - 29 ae 48 3c 00 0a b9 00
INFO - 29 b0 88 3c 00 0a a2 00
INFO - 29 b2 c8 3c 00 0a a7 00
INFO - 29 b4 08 3c 00 0a 91 00
INFO - 29 b6 48 3c 00 0a a5 00
INFO - 29 b7 88 3c 00 0a 79 00
INFO - 29 b9 c8 3c 00 0a a0 00
INFO - 29 bb 08 3c 00 0a 9a 00
INFO - 29 bd 48 3c 00 0a a5 00
INFO - 29 bf 88 3c 00 0a bd 00
INFO - 29 c1 c8 3c 00 0a 8d 00
INFO - 29 c3 08 3c 00 0a a5 00
INFO - 29 c4 48 3c 00 0a 87 00
INFO - 29 c6 88 3c 00 0a af 00
INFO - 29 c8 c8 3c 00 0a 9c 00
INFO - 29 ca 08 3c 00 0a 9b 00
INFO - 29 cc 48 3c 00 0a a5 00
INFO - 29 cf 88 3c 00 0a bd 00
INFO - 29 d1 c8 3c 00 0a a1 00
INFO - 29 d3 08 3c 00 0a 9b 00
INFO - 29 d4 48 3c 00 0a 95 00
INFO - 29 d9 88 3c 00 0b 3d 00
INFO - 29 db c8 3c 00 0a a1 00
INFO - 29 dd 08 3c 00 0a a6 00
INFO - 29 df 48 3c 00 0a 9f 00
INFO - 29 e0 88 3c 00 0a 7d 00
INFO - 29 e2 c8 3c 00 0a 91 00
INFO - 29 e4 08 3c 00 0a 98 00
INFO - 29 e6 48 3c 00 0a 9f 00
INFO - 29 e7 88 3c 00 0a 8d 00
INFO - 29 e9 c8 3c 00 0a 9f 00
INFO - 29 eb 08 3c 00 0a a2 00
INFO - 29 ed 48 3c 00 0a 95 00
INFO - 29 ef 88 3c 00 0a a5 00
INFO - 29 f1 c8 3c 00 0a a2 00
INFO - 29 f3 08 3c 00 0a bd 00
INFO - 29 f6 48 3c 00 0a c4 00
INFO - 29 f9 88 3c 00 0a ce 00
INFO - 29 fb c8 3c 00 0a a5 00
INFO - 29 fd 08 3c 00 0a 91 00
INFO - 29 fe 48 3c 00 0a 91 00
INFO - 2a 00 88 3c 00 0a 9b 00
INFO - 2a 02 c8 3c 00 0a 9b 00
INFO - 2a 05 08 3c 00 0a c3 00
INFO - 2a 06 48 3c 00 0a 87 00
INFO - 2a 08 88 3c 00 0a a5 00
INFO - 2a 0a c8 3c 00 0a 8e 00
INFO - 2a 0b 08 3c 00 0a 9e 00
INFO - 2a 0d 48 3c 00 0a 9b 00
INFO - 2a 0f 88 3c 00 0a a5 00
INFO - 2a 11 c8 3c 00 0a 9b 00
INFO - 2a 13 08 3c 00 0a 9b 00
INFO - 2a 15 48 3c 00 0a 9b 00
INFO - 2a 17 88 3c 00 0a 9b 00
INFO - 2a 18 c8 3c 00 0a 86 00
INFO - 2a 1a 08 3c 00 0a af 00
INFO - 2a 1d 48 3c 00 0a d8 00
INFO - 2a 20 88 3c 00 0a c6 00
INFO - 2a 22 c8 3c 00 0a 98 00
INFO - 2a 25 08 3c 00 0a da 00
INFO - 2a 28 48 3c 00 0a 8a 00
INFO - 2a 2b 88 3c 00 0a e1 00
INFO - 2a 2d c8 3c 00 0a 9e 00
INFO - 2a 2f 08 3c 00 0a 97 00
INFO - 2a 31 48 3c 00 0a a5 00
INFO - 2a 33 88 3c 00 0a a8 00
INFO - 2a 36 c8 3c 00 0a e1 00
INFO - 2a 38 08 3c 00 0a 90 00
INFO - 2a 3a 48 3c 00 0a b8 00
INFO - 2a 3c 88 3c 00 0a 97 00
INFO - 2a 3e c8 3c 00 0a 9b 00
INFO - 2a 3f 08 3c 00 0a 94 00
INFO - 2a 42 48 3c 00 0a b8 00
INFO - 2a 44 88 3c 00 0a ae 00
INFO - 2a 46 c8 3c 00 0a ae 00
INFO - 2a 48 08 3c 00 0a ab 00
INFO - 2a 4b 48 3c 00 0a a8 00
INFO - 2a 4d 88 3c 00 0a a5 00
INFO - 2a 4f c8 3c 00 0a a4 00
INFO - 2a 50 08 3c 00 0a 93 00
INFO - 2a 52 48 3c 00 0a 8e 00
INFO - 2a 54 88 3c 00 0a ae 00
INFO - 2a 56 c8 3c 00 0a af 00
INFO - 2a 58 08 3c 00 0a a4 00
INFO - 2a 5a 48 3c 00 0a 9b 00
INFO - 2a 5d 88 3c 00 0a b8 00
INFO - 2a 5e c8 3c 00 0a 9a 00
INFO - 2a 61 08 3c 00 0a c2 00
INFO - 2a 63 48 3c 00 0a 9a 00
INFO - 2a 64 88 3c 00 0a 90 00
INFO - 2a 66 c8 3c 00 0a 9a 00
INFO - 2a 68 08 3c 00 0a 90 00
INFO - 2a 69 48 3c 00 0a 90 00
INFO - 2a 6b 88 3c 00 0a a4 00
INFO - 2a 6d c8 3c 00 0a a4 00
INFO - 2a 70 08 3c 00 0a 9a 00
INFO - 2a 76 48 3c 00 0a b4 00
INFO - 2a 77 88 3c 00 0a 8d 00
INFO - 2a 79 c8 3c 00 0a 9d 00
INFO - 2a 7b 08 3c 00 0a ab 00
INFO - 2a 7d 48 3c 00 0a ae 00
INFO - 2a 7f 88 3c 00 0a 93 00
INFO - 2a 81 c8 3c 00 0a ae 00
INFO - 2a 83 08 3c 00 0a a0 00
INFO - 2a 86 48 3c 00 0a b2 00
INFO - 2a 88 88 3c 00 0a a1 00
INFO - 2a 8a c8 3c 00 0a c5 00
INFO - 2a 8c 08 3c 00 0a 97 00
INFO - 2a 8e 48 3c 00 0a 9d 00
INFO - 2a 90 88 3c 00 0a c2 00
INFO - 2a 92 c8 3c 00 0a a4 00
INFO - 2a 94 08 3c 00 0a 7c 00
INFO - 2a 96 48 3c 00 0a cc 00
INFO - 2a 99 88 3c 00 0a b8 00
INFO - 2a 9c c8 3c 00 0a c2 00
INFO - 2a 9e 08 3c 00 0a a4 00
INFO - 2a 9f 48 3c 00 0a 9a 00
INFO - 2a a2 88 3c 00 0a b8 00
INFO - 2a a3 c8 3c 00 0a 86 00
INFO - 2a a5 08 3c 00 0a a4 00
INFO - 2a a7 48 3c 00 0a 8f 00
INFO - 2a a9 88 3c 00 0a b8 00
INFO - 2a ab c8 3c 00 0a 86 00
INFO - 2a ad 08 3c 00 0a c2 00
INFO - 2a af 48 3c 00 0a 9d 00
INFO - 2a b1 88 3c 00 0a ab 00
INFO - 2a b3 c8 3c 00 0a a4 00
INFO - 2a b6 08 3c 00 0a c2 00
INFO - 2a b8 48 3c 00 0a a5 00
INFO - 2a ba 88 3c 00 0a a5 00
INFO - 2a bb c8 3c 00 0a 90 00
INFO - 2a be 08 3c 00 0a af 00
INFO - 2a c0 48 3c 00 0a 9a 00
INFO - 2a c2 88 3c 00 0a 82 00
INFO - 2a c4 c8 3c 00 0a 9e 00
INFO - 2a c6 08 3c 00 0a 98 00
INFO - 2a c8 48 3c 00 0a 9f 00
INFO - 2a ca 88 3c 00 0a ad 00
INFO - 2a cb c8 3c 00 0a 87 00
INFO - 2a ce 08 3c 00 0a ba 00
INFO - 2a cf 48 3c 00 0a 92 00
INFO - 2a d1 88 3c 00 0a 9f 00
INFO - 2a d3 c8 3c 00 0a 9c 00
INFO - 2a d5 08 3c 00 0a 99 00
INFO - 2a d7 48 3c 00 0a 8b 00
INFO - 2a d8 88 3c 00 0a 92 00
INFO - 2a db c8 3c 00 0a c2 00
INFO - 2a dd 08 3c 00 0a b5 00
INFO - 2a e0 48 3c 00 0a bc 00
INFO - 2a e2 88 3c 00 0a a8 00
INFO - 2a e4 c8 3c 00 0a b9 00
INFO - 2a e9 08 3c 00 0b 31 00
INFO - 2a ec 48 3c 00 0a bd 00
INFO - 2a ee 88 3c 00 0a a8 00
INFO - 2a f0 c8 3c 00 0a c8 00
INFO - 2a f4 08 3c 00 0a f1 00
INFO - 2a f5 48 3c 00 0a 7f 00
INFO - 2a f7 88 3c 00 0a 9e 00
INFO - 2a f9 c8 3c 00 0a 9f 00
INFO - 2a fb 08 3c 00 0a b4 00
INFO - 2a fe 48 3c 00 0a be 00
INFO - 2b 00 88 3c 00 0a 98 00
INFO - 2b 01 c8 3c 00 0a 94 00
INFO - 2b 03 08 3c 00 0a 87 00
INFO - 2b 05 48 3c 00 0a aa 00
INFO - 2b 07 88 3c 00 0a 98 00
INFO - 2b 08 c8 3c 00 0a 92 00
INFO - 2b 0a 08 3c 00 0a 8a 00
INFO - 2b 0c 48 3c 00 0a b8 00
INFO - 2b 0e 88 3c 00 0a 9c 00
INFO - 2b 10 c8 3c 00 0a 8b 00
INFO - 2b 12 08 3c 00 0a b9 00
INFO - 2b 14 48 3c 00 0a 92 00
INFO - 2b 17 88 3c 00 0a eb 00
INFO - 2b 19 c8 3c 00 0a af 00
INFO - 2b 1b 08 3c 00 0a 92 00
INFO - 2b 1d 48 3c 00 0a 8f 00
INFO - 2b 1e 88 3c 00 0a 8b 00
INFO - 2b 21 c8 3c 00 0a bd 00
INFO - 2b 24 08 3c 00 0a d7 00
INFO - 2b 26 48 3c 00 0a a4 00
INFO - 2b 28 88 3c 00 0a b7 00
INFO - 2b 2b c8 3c 00 0a d8 00
INFO - 2b 2d 08 3c 00 0a a2 00
INFO - 2b 30 48 3c 00 0a be 00
INFO - 2b 32 88 3c 00 0a a5 00
INFO - 2b 34 c8 3c 00 0a c1 00
INFO - 2b 36 08 3c 00 0a a1 00
INFO - 2b 38 48 3c 00 0a ad 00
INFO - 2b 3a 88 3c 00 0a 96 00
INFO - 2b 3c c8 3c 00 0a a2 00
INFO - 2b 3f 08 3c 00 0a c2 00
INFO - 2b 41 48 3c 00 0a a1 00
INFO - 2b 44 88 3c 00 0a cd 00
INFO - 2b 47 c8 3c 00 0a e2 00
INFO - 2b 49 08 3c 00 0a b0 00
INFO - 2b 4b 48 3c 00 0a b4 00
INFO - 2b 4d 88 3c 00 0a 97 00
INFO - 2b 4f c8 3c 00 0a a1 00
INFO - 2b 51 08 3c 00 0a a2 00
INFO - 2b 54 48 3c 00 0a ce 00
INFO - 2b 55 88 3c 00 0a 86 00
INFO - 2b 58 c8 3c 00 0a bf 00
INFO - 2b 5b 08 3c 00 0a dd 00
INFO - 2b 5d 48 3c 00 0a b2 00
INFO - 2b 60 88 3c 00 0a c1 00
INFO - 2b 62 c8 3c 00 0a 95 00
INFO - 2b 64 08 3c 00 0a bd 00
INFO - 2b 66 48 3c 00 0a a0 00
INFO - 2b 69 88 3c 00 0a be 00
INFO - 2b 6b c8 3c 00 0a c2 00
INFO - 2b 6e 08 3c 00 0a c7 00
INFO - 2b 71 48 3c 00 0a c3 00
INFO - 2b 73 88 3c 00 0a a8 00
INFO - 2b 75 c8 3c 00 0a b0 00
INFO - 2b 77 08 3c 00 0a 8e 00
INFO - 2b 78 48 3c 00 0a 9a 00
INFO - 2b 7b 88 3c 00 0a c3 00
INFO - 2b 7d c8 3c 00 0a 90 00
INFO - 2b 7f 08 3c 00 0a b0 00
INFO - 2b 80 48 3c 00 0a 83 00
INFO - 2b 83 88 3c 00 0a dc 00
INFO - 2b 85 c8 3c 00 0a 8e 00
INFO - 2b 89 08 3c 00 0a fe 00
INFO - 2b 8b 48 3c 00 0a b3 00
INFO - 2b 8d 88 3c 00 0a 95 00
INFO - 2b 8f c8 3c 00 0a 9a 00
INFO - 2b 91 08 3c 00 0a a4 00
INFO - 2b 93 48 3c 00 0a a5 00
INFO - 2b 94 88 3c 00 0a 99 00
INFO - 2b 97 c8 3c 00 0a bf 00
INFO - 2b 9a 08 3c 00 0a c2 00
INFO - 2b 9c 48 3c 00 0a ae 00
INFO - 2b 9e 88 3c 00 0a bf 00
INFO - 2b a0 c8 3c 00 0a ab 00
INFO - 2b a2 08 3c 00 0a 9e 00
INFO - 2b a4 48 3c 00 0a a0 00
INFO - 2b a7 88 3c 00 0a bf 00
INFO - 2b a8 c8 3c 00 0a 7e 00
INFO - 2b aa 08 3c 00 0a 9e 00
INFO - 2b ac 48 3c 00 0a 99 00
INFO - 2b ad 88 3c 00 0a 8b 00
INFO - 2b b0 c8 3c 00 0a b2 00
INFO - 2b b2 08 3c 00 0a c2 00
INFO - 2b b5 48 3c 00 0a c9 00
INFO - 2b b7 88 3c 00 0a 96 00
INFO - 2b b9 c8 3c 00 0a c9 00
INFO - 2b bb 08 3c 00 0a 99 00
INFO - 2b be 48 3c 00 0a dc 00
INFO - 2b c0 88 3c 00 0a a5 00
INFO - 2b c3 c8 3c 00 0a b0 00
INFO - 2b c4 08 3c 00 0a 96 00
INFO - 2b c8 48 3c 00 0a ec 00
INFO - 2b cb 88 3c 00 0a e9 00
INFO - 2b ce c8 3c 00 0a d1 00
INFO - 2b d1 08 3c 00 0a d3 00
INFO - 2b d4 48 3c 00 0a bb 00
INFO - 2b d5 88 3c 00 0a 90 00
INFO - 2b d7 c8 3c 00 0a b1 00
INFO - 2b da 08 3c 00 0a a9 00
INFO - 2b db 48 3c 00 0a 98 00
INFO - 2b df 88 3c 00 0a 8f 00
INFO - 2b e1 c8 3c 00 0a c7 00
INFO - 2b e3 08 3c 00 0a 9b 00
INFO - 2b e5 48 3c 00 0a a6 00
INFO - 2b e7 88 3c 00 0a b2 00
INFO - 2b e9 c8 3c 00 0a 9f 00
INFO - 2b ec 08 3c 00 0a ad 00
INFO - 2b ed 48 3c 00 0a 84 00
INFO - 2b ef 88 3c 00 0a b6 00
INFO - 2b f1 c8 3c 00 0a 84 00
INFO - 2b f2 08 3c 00 0a 96 00
INFO - 2b f5 48 3c 00 0a c3 00
INFO - 2b f7 88 3c 00 0a b2 00
INFO - 2b f9 c8 3c 00 0a a3 00
INFO - 2b fb 08 3c 00 0a ab 00
INFO - 2b fe 48 3c 00 0a c9 00
INFO - 2c 00 88 3c 00 0a b2 00
INFO - 2c 03 c8 3c 00 0a ae 00
INFO - 2c 04 08 3c 00 0a 95 00
INFO - 2c 07 48 3c 00 0a b3 00
INFO - 2c 09 88 3c 00 0a b3 00
INFO - 2c 0c c8 3c 00 0a c5 00
INFO - 2c 0e 08 3c 00 0a ab 00
INFO - 2c 15 48 3c 00 0b 8c 00
INFO - 2c 17 88 3c 00 0a a7 00
INFO - 2c 18 c8 3c 00 0a 9d 00
INFO - 2c 1a 08 3c 00 0a 91 00
INFO - 2c 1c 48 3c 00 0a 9c 00
INFO - 2c 1f 88 3c 00 0a ca 00
INFO - 2c 21 c8 3c 00 0a a7 00
INFO - 2c 24 08 3c 00 0a ed 00
INFO - 2c 27 48 3c 00 0a be 00
INFO - 2c 29 88 3c 00 0a b3 00
INFO - 2c 2c c8 3c 00 0a c0 00
INFO - 2c 2e 08 3c 00 0a ac 00
INFO - 2c 30 48 3c 00 0a bb 00
INFO - 2c 33 88 3c 00 0a cb 00
INFO - 2c 35 c8 3c 00 0a ac 00
INFO - 2c 38 08 3c 00 0a bc 00
INFO - 2c 3a 48 3c 00 0a a0 00
INFO - 2c 3c 88 3c 00 0a 99 00
INFO - 2c 40 c8 3c 00 0b 13 00
INFO - 2c 43 08 3c 00 0a d3 00
INFO - 2c 45 48 3c 00 0a 95 00
INFO - 2c 48 88 3c 00 0a d7 00
INFO - 2c 4a c8 3c 00 0a b0 00
INFO - 2c 4d 08 3c 00 0a cf 00
INFO - 2c 4e 48 3c 00 0a 91 00
INFO - 2c 53 88 3c 00 0b 28 00
INFO - 2c 56 c8 3c 00 0a c8 00
INFO - 2c 58 08 3c 00 0a b8 00
INFO - 2c 5a 48 3c 00 0a 9d 00
INFO - 2c 5c 88 3c 00 0a 9e 00
INFO - 2c 5e c8 3c 00 0a a5 00
INFO - 2c 61 08 3c 00 0a db 00
INFO - 2c 64 48 3c 00 0a a0 00
INFO - 2c 67 88 3c 00 0a d9 00
INFO - 2c 6a c8 3c 00 0a be 00
INFO - 2c 6c 08 3c 00 0a c1 00
INFO - 2c 6f 48 3c 00 0a b5 00
INFO - 2c 71 88 3c 00 0a c0 00
INFO - 2c 73 c8 3c 00 0a 97 00
INFO - 2c 75 08 3c 00 0a b0 00
INFO - 2c 78 48 3c 00 0a b5 00
INFO - 2c 7a 88 3c 00 0a cc 00
INFO - 2c 7d c8 3c 00 0a b5 00
INFO - 2c 7f 08 3c 00 0a a2 00
INFO - 2c 81 48 3c 00 0a be 00
INFO - 2c 84 88 3c 00 0a ad 00
INFO - 2c 86 c8 3c 00 0a be 00
INFO - 2c 88 08 3c 00 0a 76 00
INFO - 2c 8b 48 3c 00 0a c3 00
INFO - 2c 8d 88 3c 00 0a 99 00
INFO - 2c 8f c8 3c 00 0a b6 00
INFO - 2c 91 08 3c 00 0a ae 00
INFO - 2c 93 48 3c 00 0a 8e 00
INFO - 2c 95 88 3c 00 0a a2 00
INFO - 2c 97 c8 3c 00 0a a7 00
INFO - 2c 99 08 3c 00 0a ad 00
INFO - 2c 9b 48 3c 00 0a 8f 00
INFO - 2c 9e 88 3c 00 0a d1 00
INFO - 2c a0 c8 3c 00 0a ab 00
INFO - 2c a2 08 3c 00 0a a6 00
INFO - 2c a4 48 3c 00 0a ba 00
INFO - 2c a7 88 3c 00 0a a9 00
INFO - 2c aa c8 3c 00 0a da 00
INFO - 2c ac 08 3c 00 0a b6 00
INFO - 2c b0 48 3c 00 0a fd 00
INFO - 2c b3 88 3c 00 0a db 00
INFO - 2c b5 c8 3c 00 0a 9d 00
INFO - 2c b9 08 3c 00 0a fe 00
INFO - 2c bb 48 3c 00 0a c3 00
INFO - 2c bd 88 3c 00 0a aa 00
INFO - 2c bf c8 3c 00 0a a0 00
INFO - 2c c2 08 3c 00 0a c6 00
INFO - 2c c4 48 3c 00 0a 9c 00
INFO - 2c c8 88 3c 00 0a f1 00
INFO - 2c ca c8 3c 00 0a b0 00
INFO - 2c cd 08 3c 00 0a ca 00
INFO - 2c cf 48 3c 00 0a d0 00
INFO - 2c d2 88 3c 00 0a af 00
INFO - 2c d4 c8 3c 00 0a a7 00
INFO - 2c d6 08 3c 00 0a a3 00
INFO - 2c d8 48 3c 00 0a a8 00
INFO - 2c d9 88 3c 00 0a 88 00
INFO - 2c dc c8 3c 00 0a ce 00
INFO - 2c de 08 3c 00 0a b1 00
INFO - 2c e1 48 3c 00 0a cb 00
INFO - 2c e3 88 3c 00 0a 9e 00
INFO - 2c e6 c8 3c 00 0a d5 00
INFO - 2c e9 08 3c 00 0a d6 00
INFO - 2c ec 48 3c 00 0a b1 00
INFO - 2c ef 88 3c 00 0a e7 00
INFO - 2c f1 c8 3c 00 0a 9a 00
INFO - 2c f3 08 3c 00 0a b0 00
INFO - 2c f6 48 3c 00 0a cf 00
INFO - 2c f9 88 3c 00 0a d5 00
INFO - 2c fb c8 3c 00 0a b1 00
INFO - 2c fe 08 3c 00 0a c3 00
INFO - 2d 01 48 3c 00 0a c8 00
INFO - 2d 03 88 3c 00 0a a4 00
INFO - 2d 06 c8 3c 00 0a e5 00
INFO - 2d 08 08 3c 00 0a 91 00
INFO - 2d 0a 48 3c 00 0a c2 00
INFO - 2d 0c 88 3c 00 0a 9e 00
INFO - 2d 0f c8 3c 00 0a cc 00
INFO - 2d 12 08 3c 00 0a 86 00
INFO - 2d 14 48 3c 00 0a 9e 00
INFO - 2d 15 88 3c 00 0a 9d 00
INFO - 2d 19 c8 3c 00 0a d7 00
INFO - 2d 1a 08 3c 00 0a 91 00
INFO - 2d 1c 48 3c 00 0a 9c 00
INFO - 2d 1f 88 3c 00 0a c0 00
INFO - 2d 21 c8 3c 00 0a b8 00
INFO - 2d 23 08 3c 00 0a 8d 00
INFO - 2d 25 48 3c 00 0a bf 00
INFO - 2d 27 88 3c 00 0a b2 00
INFO - 2d 29 c8 3c 00 0a 85 00
INFO - 2d 2b 08 3c 00 0a c0 00
INFO - 2d 2d 48 3c 00 0a 91 00
INFO - 2d 30 88 3c 00 0a d6 00
INFO - 2d 32 c8 3c 00 0a b4 00
INFO - 2d 35 08 3c 00 0a b3 00
INFO - 2d 37 48 3c 00 0a a1 00
INFO - 2d 39 88 3c 00 0a b0 00
INFO - 2d 3b c8 3c 00 0a a8 00
INFO - 2d 3e 08 3c 00 0a cf 00
INFO - 2d 40 48 3c 00 0a a4 00
INFO - 2d 42 88 3c 00 0a b4 00
INFO - 2d 45 c8 3c 00 0a b8 00
INFO - 2d 47 08 3c 00 0a bb 00
INFO - 2d 4b 48 3c 00 0a f9 00
INFO - 2d 4e 88 3c 00 0a c3 00
INFO - 2d 50 c8 3c 00 0a a8 00
INFO - 2d 52 08 3c 00 0a c6 00
INFO - 2d 56 48 3c 00 0a e1 00
INFO - 2d 58 88 3c 00 0a ab 00
INFO - 2d 5a c8 3c 00 0a a3 00
INFO - 2d 5c 08 3c 00 0a c2 00
INFO - 2d 5f 48 3c 00 0a b9 00
INFO - 2d 61 88 3c 00 0a aa 00
INFO - 2d 63 c8 3c 00 0a ae 00
INFO - 2d 66 08 3c 00 0a c8 00
INFO - 2d 69 48 3c 00 0a c1 00
INFO - 2d 6a 88 3c 00 0a 8f 00
INFO - 2d 6d c8 3c 00 0a da 00
INFO - 2d 6f 08 3c 00 0a aa 00
INFO - 2d 73 48 3c 00 0a de 00
INFO - 2d 76 88 3c 00 0a d0 00
INFO - 2d 77 c8 3c 00 0a 9e 00
INFO - 2d 7a 08 3c 00 0a bd 00
INFO - 2d 7c 48 3c 00 0a ae 00
INFO - 2d 7d 88 3c 00 0a 79 00
INFO - 2d 80 c8 3c 00 0a 87 00
INFO - 2d 82 08 3c 00 0a a3 00
INFO - 2d 86 48 3c 00 0b 11 00
INFO - 2d 88 88 3c 00 0a a4 00
INFO - 2d 8b c8 3c 00 0a c0 00
INFO - 2d 8e 08 3c 00 0a c9 00
INFO - 2d 91 48 3c 00 0a d0 00
INFO - 2d 93 88 3c 00 0a a9 00
INFO - 2d 95 c8 3c 00 0a 9b 00
INFO - 2d 97 08 3c 00 0a a6 00
INFO - 2d 99 48 3c 00 0a b1 00
INFO - 2d 9c 88 3c 00 0a c6 00
INFO - 2d 9d c8 3c 00 0a 8e 00
INFO - 2d a0 08 3c 00 0a d0 00
INFO - 2d a4 48 3c 00 0a fa 00
INFO - 2d a6 88 3c 00 0a 98 00
INFO - 2d a9 c8 3c 00 0a d6 00
INFO - 2d aa 08 3c 00 0a 7d 00
INFO - 2d ac 48 3c 00 0a b9 00
INFO - 2d af 88 3c 00 0a b6 00
INFO - 2d b2 c8 3c 00 0a c8 00
INFO - 2d b4 08 3c 00 0a c9 00
INFO - 2d b7 48 3c 00 0a b4 00
INFO - 2d b9 88 3c 00 0a b1 00
INFO - 2d bb c8 3c 00 0a a0 00
INFO - 2d bb 08 3c 00 0a a0 00
INFO - 2d bb 48 3c 00 0a a0 00
INFO - 2d bb 88 3c 00 0a a0 00
INFO - 2d bb c8 3c 00 0a a0 00
INFO - 2d bb 08 3c 00 0a a0 00
INFO - 2d bb 48 3c 00 0a a0 00
INFO - 2d bb 88 3c 00 0a a0 00
INFO - 2d bb c8 3c 00 0a a0 00
INFO - 2d bb 08 3c 00 0a a0 00
INFO - 2d bb 48 3c 00 0a a0 00
