INFO - a0 47 48 40 57 00 00 02
INFO - a0 47 88 40 57 00 00 02
INFO - a0 47 c8 40 57 00 00 02
INFO - a0 47 08 40 57 00 00 02
INFO - a5 1c 88 40 57 00 00 02
INFO - a5 1c c8 40 57 00 00 02
INFO - a5 1c 08 40 57 00 00 02
INFO - a5 1c 48 40 57 00 00 02
INFO - a5 1c 88 40 57 00 00 02
INFO - a8 e6 c8 40 57 00 00 02
INFO - a8 e6 08 40 57 00 00 02
INFO - a8 e6 48 40 57 00 00 02
INFO - a8 e6 88 40 57 00 00 02
INFO - a8 e6 c8 40 57 00 00 02
INFO - a9 e0 c8 40 57 00 00 02
INFO - a9 e0 08 40 57 00 00 02
INFO - a9 e0 48 40 57 00 00 02
INFO - a9 e0 88 40 57 00 00 02
INFO - aa ad 48 40 57 00 00 02
INFO - aa ad 88 40 57 00 00 02
INFO - aa ad c8 40 57 00 00 02
INFO - aa ad 08 40 57 00 00 02
INFO - 8e 59 c8 08 40 27 5d d7
INFO - 8e 59 08 20 40 27 fe 01
INFO - 8e 59 48 40 40 20 00 8c
INFO - 8e 5b 48 08 40 27 5d d9
INFO - 8e 5b 88 20 40 28 06 01
INFO - 8e 5b c8 40 40 22 30 00
INFO - 8e 5d c8 08 40 27 65 da
INFO - 8e 5d 08 20 40 28 06 01
INFO - 8e 5d 48 40 40 20 00 00
INFO - 8e 5f 48 08 40 27 69 da
INFO - 8e 5f 88 20 40 28 06 01
INFO - 8e 5f c8 40 40 20 00 fc
INFO - 8e 61 c8 08 40 27 69 da
INFO - 8e 61 08 20 40 28 06 01
INFO - 8e 61 48 40 40 23 f0 01
INFO - 8e 63 48 08 40 27 69 da
INFO - 8e 63 88 20 40 28 06 01
INFO - 8e 63 c8 40 40 20 04 00
INFO - 8e 65 c8 08 40 27 69 da
INFO - 8e 65 08 20 40 28 06 01
INFO - 8e 65 48 40 40 20 00 00
INFO - 8e 67 48 08 40 27 69 da
INFO - 8e 67 88 20 40 28 06 01
INFO - 8e 67 c8 40 40 20 00 00
INFO - 8e 69 c8 08 40 27 69 da
INFO - 8e 69 08 20 40 28 06 03
INFO - 8e 69 48 40 40 20 00 fc
INFO - 8e 6b 48 08 40 27 69 da
INFO - 8e 6b 88 20 40 28 0e 03
INFO - 8e 6b c8 40 40 23 f0 01
INFO - 8e 6d c8 08 40 27 69 da
INFO - 8e 6d 08 20 40 28 0e 03
INFO - 8e 6d 48 40 40 20 04 fd
INFO - 8e 6f 48 08 40 27 69 da
INFO - 8e 6f 88 20 40 28 0e 03
INFO - 8e 6f c8 40 40 23 f4 00
INFO - 8e 71 c8 08 40 27 69 da
INFO - 8e 71 08 20 40 28 0e 01
INFO - 8e 71 48 40 40 20 00 00
INFO - 8e 73 48 08 40 27 69 da
INFO - 8e 73 88 20 40 28 06 01
INFO - 8e 73 c8 40 40 20 00 00
INFO - 8e 75 c8 08 40 27 69 da
INFO - 8e 75 08 20 40 28 05 ff
INFO - 8e 75 48 40 40 20 00 fc
INFO - 8e 77 48 08 40 27 69 da
INFO - 8e 77 88 20 40 27 fd ff
INFO - 8e 77 c8 40 40 23 f0 01
INFO - 8e 79 c8 08 40 27 69 da
INFO - 8e 79 08 20 40 27 fd ff
INFO - 8e 79 48 40 40 20 04 00
INFO - 8e 7b 48 08 40 27 69 f4
INFO - 8e 7b 88 20 40 27 fd ff
INFO - 8e 7b c8 40 40 20 00 00
INFO - 8e 7d c8 08 40 27 d2 23
INFO - 8e 7d 08 20 40 27 fd ff
INFO - 8e 7d 48 40 40 20 00 fc
INFO - 8e 7f 48 08 40 28 8e 23
INFO - 8e 7f 88 20 40 27 fd ff
INFO - 8e 7f c8 40 40 23 f0 01
INFO - 8e 81 c8 08 40 28 8e 23
INFO - 8e 81 08 20 40 27 fd ff
INFO - 8e 81 48 40 40 20 04 fd
INFO - 8e 83 48 08 40 28 8e 23
INFO - 8e 83 88 20 40 27 fe 01
INFO - 8e 83 c8 40 40 23 f4 00
INFO - 8e 85 c8 08 40 28 8e 23
INFO - 8e 85 08 20 40 28 06 01
INFO - 8e 85 48 40 40 20 00 fc
INFO - 8e 87 48 08 40 28 8e 23
INFO - 8e 87 88 20 40 28 05 ff
INFO - 8e 87 c8 40 40 23 f0 01
INFO - 8e 89 c8 08 40 28 8e 23
INFO - 8e 89 08 20 40 27 fd ff
INFO - 8e 89 48 40 40 20 04 00
INFO - 8e 8b 48 08 40 28 8e 23
INFO - 8e 8b 88 20 40 27 fd ff
INFO - 8e 8b c8 40 40 20 00 fd
INFO - 8e 8d c8 08 40 28 8e 23
INFO - 8e 8d 08 20 40 27 fd ff
INFO - 8e 8d 48 40 40 23 f4 00
INFO - 8e 8f 48 08 40 28 8e 23
INFO - 8e 8f 88 20 40 27 fd ff
INFO - 8e 8f c8 40 40 20 00 fc
INFO - 8e 91 c8 08 40 28 8e 23
INFO - 8e 91 08 20 40 27 fd ff
INFO - 8e 91 48 40 40 23 f0 01
INFO - 8e 93 48 08 40 28 8e 23
INFO - 8e 93 88 20 40 27 fd ff
INFO - 8e 93 c8 40 40 20 04 fd
INFO - 8e 95 c8 08 40 28 8e 23
INFO - 8e 95 08 20 40 27 fd ff
INFO - 8e 95 48 40 40 23 f4 00
INFO - 8e 97 48 08 40 28 8e 23
INFO - 8e 97 88 20 40 27 fd ff
INFO - 8e 97 c8 40 40 20 00 fc
INFO - 8e 99 c8 08 40 28 8e 11
INFO - 8e 99 08 20 40 27 fd ff
INFO - 8e 99 48 40 40 23 f0 01
INFO - 8e 9b 48 08 40 28 45 f5
INFO - 8e 9b 88 20 40 27 fd ff
INFO - 8e 9b c8 40 40 20 04 00
INFO - 8e 9d c8 08 40 27 d5 f5
INFO - 8e 9d 08 20 40 27 fd ff
INFO - 8e 9d 48 40 40 20 00 00
INFO - 8e 9f 48 08 40 27 d5 f5
INFO - 8e 9f 88 20 40 27 fd ff
INFO - 8e 9f c8 40 40 20 00 fc
INFO - 8e a1 c8 08 40 27 d5 f5
INFO - 8e a1 08 20 40 27 fd ff
INFO - 8e a1 48 40 40 23 f0 01
INFO - 8e a3 48 08 40 27 d5 f5
INFO - 8e a3 88 20 40 27 fd ff
INFO - 8e a3 c8 40 40 20 04 00
INFO - 8e a5 c8 08 40 27 d5 f5
INFO - 8e a5 08 20 40 27 fd ff
INFO - 8e a5 48 40 40 20 00 00
INFO - 8e a7 48 08 40 27 d5 f5
INFO - 8e a7 88 20 40 27 fd ff
INFO - 8e a7 c8 40 40 20 00 00
INFO - 8e a9 c8 08 40 27 d5 f5
INFO - 8e a9 08 20 40 27 fd ff
INFO - 8e a9 48 40 40 20 00 fd
INFO - 8e ab 48 08 40 27 d5 f5
INFO - 8e ab 88 20 40 27 fd ff
INFO - 8e ab c8 40 40 23 f4 00
INFO - 8e ad c8 08 40 47 d5 cc
INFO - 8e ad 08 20 40 47 fd fb
INFO - 8e ad 48 40 40 40 00 fd
INFO - 8e b1 c8 08 40 27 31 e3
INFO - 8e b1 08 20 40 27 ed fb
INFO - 8e b1 48 40 40 23 f4 00
INFO - 8e b3 48 08 40 27 8d ed
INFO - 8e b3 88 20 40 27 ed fb
INFO - 8e b3 c8 40 40 20 00 00
INFO - 8e b5 c8 08 40 27 b5 f3
INFO - 8e b5 08 20 40 27 ed f9
INFO - 8e b5 48 40 40 20 00 00
INFO - 8e b7 48 08 40 27 cd f7
INFO - 8e b7 88 20 40 27 e5 f9
INFO - 8e b7 c8 40 40 20 00 fc
INFO - 8e b9 c8 08 40 27 dd fa
INFO - 8e b9 08 20 40 27 e5 f9
INFO - 8e b9 48 40 40 23 f0 01
INFO - 8e bb 48 08 40 27 e9 fc
INFO - 8e bb 88 20 40 27 e5 f9
INFO - 8e bb c8 40 40 20 04 00
INFO - 8e bd c8 08 40 27 f1 fd
INFO - 8e bd 08 20 40 27 e5 f9
INFO - 8e bd 48 40 40 20 00 00
INFO - 8e bf 48 08 40 27 f5 ff
INFO - 8e bf 88 20 40 27 e5 f9
INFO - 8e bf c8 40 40 20 00 00
INFO - 8e c1 c8 08 40 27 fd ff
INFO - 8e c1 08 20 40 27 e5 f9
INFO - 8e c1 48 40 40 20 00 fc
INFO - 8e c3 48 08 40 27 fe 00
INFO - 8e c3 88 20 40 27 e5 f9
INFO - 8e c3 c8 40 40 23 f0 01
INFO - 8e c5 c8 08 40 28 02 02
INFO - 8e c5 08 20 40 27 e5 f9
INFO - 8e c5 48 40 40 20 04 00
INFO - 8e c7 48 08 40 28 0a 03
INFO - 8e c7 88 20 40 27 e5 f9
INFO - 8e c7 c8 40 40 20 00 00
INFO - 8e c9 c8 08 40 28 0e 05
INFO - 8e c9 08 20 40 27 e5 f9
INFO - 8e c9 48 40 40 20 00 00
INFO - 8e cb 48 08 40 28 16 08
INFO - 8e cb 88 20 40 27 e5 f9
INFO - 8e cb c8 40 40 20 00 fc
INFO - 8e cd c8 08 40 28 22 0a
INFO - 8e cd 08 20 40 27 e5 f9
INFO - 8e cd 48 40 40 23 f0 01
INFO - 8e cf 48 08 40 28 2a 0f
INFO - 8e cf 88 20 40 27 e5 fb
INFO - 8e cf c8 40 40 20 04 00
INFO - 8e d1 c8 08 40 28 3e 17
INFO - 8e d1 08 20 40 27 ed fb
INFO - 8e d1 48 40 40 20 00 fd
INFO - 8e d3 48 08 40 28 5e 23
INFO - 8e d3 88 20 40 27 ed fb
INFO - 8e d3 c8 40 40 23 f4 00
INFO - 8e d5 c8 08 40 28 8e 3e
INFO - 8e d5 08 20 40 27 ed ff
INFO - 8e d5 48 40 40 20 00 fc
INFO - 8e d7 48 08 40 28 fa 67
INFO - 8e d7 88 20 40 27 fd ff
INFO - 8e d7 c8 40 40 23 f0 01
INFO - 8e d9 c8 08 40 09 9e 67
INFO - 8e d9 08 20 40 07 fd ff
INFO - 8e d9 48 40 40 00 04 b1
INFO - 8f 37 c8 08 40 26 ed ca
INFO - 8f 37 08 20 40 27 f5 fd
INFO - 8f 37 48 40 40 22 c4 4c
INFO - 8f 39 48 08 40 27 29 d6
INFO - 8f 39 88 20 40 27 f5 fd
INFO - 8f 39 c8 40 40 21 30 00
INFO - 8f 3b c8 08 40 27 59 de
INFO - 8f 3b 08 20 40 27 f5 fb
INFO - 8f 3b 48 40 40 20 00 00
INFO - 8f 3d 48 08 40 27 79 e4
INFO - 8f 3d 88 20 40 27 ed fb
INFO - 8f 3d c8 40 40 20 00 fc
INFO - 8f 3f c8 08 40 27 91 e8
INFO - 8f 3f 08 20 40 27 ed fb
INFO - 8f 3f 48 40 40 23 f0 01
INFO - 8f 41 48 08 40 27 a1 eb
INFO - 8f 41 88 20 40 27 ed fb
INFO - 8f 41 c8 40 40 20 04 00
INFO - 8f 43 c8 08 40 27 ad ed
INFO - 8f 43 08 20 40 27 ed fb
INFO - 8f 43 48 40 40 20 00 00
INFO - 8f 45 48 08 40 27 b5 ee
INFO - 8f 45 88 20 40 27 ed fb
INFO - 8f 45 c8 40 40 20 00 00
INFO - 8f 47 c8 08 40 27 b9 f0
INFO - 8f 47 08 20 40 27 ed fb
INFO - 8f 47 48 40 40 20 00 fc
INFO - 8f 49 48 08 40 27 c1 f1
INFO - 8f 49 88 20 40 27 ed fb
INFO - 8f 49 c8 40 40 23 f0 01
INFO - 8f 4b c8 08 40 27 c5 f1
INFO - 8f 4b 08 20 40 27 ed fb
INFO - 8f 4b 48 40 40 20 04 00
INFO - 8f 4d 48 08 40 27 c5 f2
INFO - 8f 4d 88 20 40 27 ed fb
INFO - 8f 4d c8 40 40 20 00 00
INFO - 8f 4f c8 08 40 27 c9 f2
INFO - 8f 4f 08 20 40 27 ed fb
INFO - 8f 4f 48 40 40 20 00 00
INFO - 8f 51 48 08 40 27 c9 f3
INFO - 8f 51 88 20 40 27 ed f9
INFO - 8f 51 c8 40 40 20 00 fc
INFO - 8f 53 c8 08 40 27 cd f3
INFO - 8f 53 08 20 40 27 e5 f9
INFO - 8f 53 48 40 40 23 f0 01
INFO - 8f 55 48 08 40 27 cd f3
INFO - 8f 55 88 20 40 27 e5 f9
INFO - 8f 55 c8 40 40 20 04 00
INFO - 8f 57 c8 08 40 27 cd f3
INFO - 8f 57 08 20 40 27 e5 f9
INFO - 8f 57 48 40 40 20 00 00
INFO - 8f 59 48 08 40 27 cd f4
INFO - 8f 59 88 20 40 27 e5 f9
INFO - 8f 59 c8 40 40 20 00 fd
INFO - 8f 5b c8 08 40 27 d1 f4
INFO - 8f 5b 08 20 40 27 e5 f9
INFO - 8f 5b 48 40 40 23 f4 00
INFO - 8f 5d 48 08 40 27 d1 f3
INFO - 8f 5d 88 20 40 27 e5 f9
INFO - 8f 5d c8 40 40 20 00 00
INFO - 8f 5f c8 08 40 27 cd f3
INFO - 8f 5f 08 20 40 27 e5 f9
INFO - 8f 5f 48 40 40 20 00 00
INFO - 8f 61 48 08 40 27 cd f3
INFO - 8f 61 88 20 40 27 e5 f9
INFO - 8f 61 c8 40 40 20 00 00
INFO - 8f 63 c8 08 40 27 cd f3
INFO - 8f 63 08 20 40 27 e5 f9
INFO - 8f 63 48 40 40 20 00 fc
INFO - 8f 65 48 08 40 27 cd f2
INFO - 8f 65 88 20 40 27 e5 f9
INFO - 8f 65 c8 40 40 23 f0 01
INFO - 8f 67 c8 08 40 27 c9 f2
INFO - 8f 67 08 20 40 27 e5 f9
INFO - 8f 67 48 40 40 20 04 fd
INFO - 8f 69 48 08 40 27 c9 f1
INFO - 8f 69 88 20 40 27 e5 fb
INFO - 8f 69 c8 40 40 23 f4 00
INFO - 8f 6b c8 08 40 27 c5 f1
INFO - 8f 6b 08 20 40 27 ed fb
INFO - 8f 6b 48 40 40 20 00 00
INFO - 8f 6d 48 08 40 27 c5 f0
INFO - 8f 6d 88 20 40 27 ed fb
INFO - 8f 6d c8 40 40 20 00 fc
INFO - 8f 6f c8 08 40 27 c1 ef
INFO - 8f 6f 08 20 40 27 ed fb
INFO - 8f 6f 48 40 40 23 f0 01
INFO - 8f 71 48 08 40 27 bd ee
INFO - 8f 71 88 20 40 27 ed fb
INFO - 8f 71 c8 40 40 20 04 00
INFO - 8f 73 c8 08 40 27 b9 ec
INFO - 8f 73 08 20 40 27 ed fb
INFO - 8f 73 48 40 40 20 00 00
INFO - 8f 75 48 08 40 27 b1 eb
INFO - 8f 75 88 20 40 27 ed fb
INFO - 8f 75 c8 40 40 20 00 fc
INFO - 8f 77 c8 08 40 27 ad e9
INFO - 8f 77 08 20 40 27 ed fb
INFO - 8f 77 48 40 40 23 f0 01
INFO - 8f 79 48 08 40 27 a5 e7
INFO - 8f 79 88 20 40 27 ed fb
INFO - 8f 79 c8 40 40 20 04 00
INFO - 8f 7b c8 08 40 27 9d e5
INFO - 8f 7b 08 20 40 27 ed fb
INFO - 8f 7b 48 40 40 20 00 00
INFO - 8f 7d 48 08 40 27 95 e1
INFO - 8f 7d 88 20 40 27 ed fb
INFO - 8f 7d c8 40 40 20 00 00
INFO - 8f 7f c8 08 40 27 85 da
INFO - 8f 7f 08 20 40 27 ed fb
INFO - 8f 7f 48 40 40 20 00 fc
INFO - 8f 81 48 08 40 27 69 d2
INFO - 8f 81 88 20 40 27 ed fd
INFO - 8f 81 c8 40 40 23 f0 01
INFO - 8f 83 c8 08 40 27 49 c6
INFO - 8f 83 08 20 40 27 f5 fd
INFO - 8f 83 48 40 40 20 04 fd
INFO - 8f 85 48 08 40 27 19 ba
INFO - 8f 85 88 20 40 27 f5 fd
INFO - 8f 85 c8 40 40 23 f4 00
INFO - 8f 87 c8 08 40 26 e9 ad
INFO - 8f 87 08 20 40 27 f5 ff
INFO - 8f 87 48 40 40 20 00 00
INFO - 8f 89 48 08 40 26 b5 8e
INFO - 8f 89 88 20 40 27 fd ff
INFO - 8f 89 c8 40 40 20 00 00
INFO - 8f 8b c8 08 40 06 39 8e
INFO - 8f 8b 08 20 40 07 fd ff
INFO - 8f 8b 48 40 40 00 00 b1
INFO - 8f e4 88 08 40 28 46 11
INFO - 8f e4 c8 20 40 27 f5 fd
INFO - 8f e4 08 40 40 22 c4 4b
INFO - 8f e6 08 08 40 28 46 11
INFO - 8f e6 48 20 40 27 f5 ff
INFO - 8f e6 88 40 40 21 2c 01
INFO - 8f e8 88 08 40 28 46 11
INFO - 8f e8 c8 20 40 27 fd ff
INFO - 8f e8 08 40 40 20 04 00
INFO - 8f ea 08 08 40 28 46 11
INFO - 8f ea 48 20 40 27 fd ff
INFO - 8f ea 88 40 40 20 00 00
INFO - 8f ec 88 08 40 28 46 11
INFO - 8f ec c8 20 40 27 fd ff
INFO - 8f ec 08 40 40 20 00 fd
INFO - 8f ee 08 08 40 28 46 11
INFO - 8f ee 48 20 40 27 fd fd
INFO - 8f ee 88 40 40 23 f4 fc
INFO - 8f f0 88 08 40 28 46 11
INFO - 8f f0 c8 20 40 27 f5 fd
INFO - 8f f0 08 40 40 23 f0 01
INFO - 8f f2 08 08 40 28 46 11
INFO - 8f f2 48 20 40 27 f5 fd
INFO - 8f f2 88 40 40 20 04 00
INFO - 8f f4 88 08 40 28 46 11
INFO - 8f f4 c8 20 40 27 f5 fd
INFO - 8f f4 08 40 40 20 00 00
INFO - 8f f6 08 08 40 28 46 11
INFO - 8f f6 48 20 40 27 f5 fd
INFO - 8f f6 88 40 40 20 00 fc
INFO - 8f f8 88 08 40 28 46 11
INFO - 8f f8 c8 20 40 27 f5 fd
INFO - 8f f8 08 40 40 23 f0 01
INFO - 8f fa 08 08 40 28 46 11
INFO - 8f fa 48 20 40 27 f5 fd
INFO - 8f fa 88 40 40 20 04 00
INFO - 8f fc 88 08 40 28 45 f8
INFO - 8f fc c8 20 40 27 f5 fd
INFO - 8f fc 08 40 40 20 00 fd
INFO - 8f fe 08 08 40 27 e1 d2
INFO - 8f fe 48 20 40 27 f5 fd
INFO - 8f fe 88 40 40 23 f4 00
INFO - 90 00 88 08 40 27 49 d2
INFO - 90 00 c8 20 40 27 f5 fb
INFO - 90 00 08 40 40 20 00 fc
INFO - 90 02 08 08 40 27 49 d2
INFO - 90 02 48 20 40 27 ed fd
INFO - 90 02 88 40 40 23 f0 01
INFO - 90 04 88 08 40 27 49 d2
INFO - 90 04 c8 20 40 27 f5 fd
INFO - 90 04 08 40 40 20 04 00
INFO - 90 06 08 08 40 27 49 d2
INFO - 90 06 48 20 40 27 f5 fd
INFO - 90 06 88 40 40 20 00 00
INFO - 90 08 88 08 40 27 49 d2
INFO - 90 08 c8 20 40 27 f5 fd
INFO - 90 08 08 40 40 20 00 00
INFO - 90 0a 08 08 40 27 49 d2
INFO - 90 0a 48 20 40 27 f5 fd
INFO - 90 0a 88 40 40 20 00 fc
INFO - 90 0c 88 08 40 27 49 d2
INFO - 90 0c c8 20 40 27 f5 fd
INFO - 90 0c 08 40 40 23 f0 01
INFO - 90 0e 08 08 40 27 49 d2
INFO - 90 0e 48 20 40 27 f5 fb
INFO - 90 0e 88 40 40 20 04 00
INFO - 90 10 88 08 40 27 49 d2
INFO - 90 10 c8 20 40 27 ed fb
INFO - 90 10 08 40 40 20 00 00
INFO - 90 12 08 08 40 27 49 d2
INFO - 90 12 48 20 40 27 ed fd
INFO - 90 12 88 40 40 20 00 00
INFO - 90 14 88 08 40 27 49 d2
INFO - 90 14 c8 20 40 27 f5 fd
INFO - 90 14 08 40 40 20 00 fc
INFO - 90 16 08 08 40 27 49 d2
INFO - 90 16 48 20 40 27 f5 fd
INFO - 90 16 88 40 40 23 f0 01
INFO - 90 18 88 08 40 27 49 d2
INFO - 90 18 c8 20 40 27 f5 fd
INFO - 90 18 08 40 40 20 04 00
INFO - 90 1a 08 08 40 27 49 d2
INFO - 90 1a 48 20 40 27 f5 fd
INFO - 90 1a 88 40 40 20 00 00
INFO - 90 1c 88 08 40 27 49 ed
INFO - 90 1c c8 20 40 27 f5 fd
INFO - 90 1c 08 40 40 20 00 00
INFO - 90 1e 08 08 40 27 b6 1a
INFO - 90 1e 48 20 40 27 f5 fd
INFO - 90 1e 88 40 40 20 00 00
INFO - 90 20 88 08 40 28 6a 1a
INFO - 90 20 c8 20 40 27 f5 fd
INFO - 90 20 08 40 40 20 00 fc
INFO - 90 22 08 08 40 28 6a 1a
INFO - 90 22 48 20 40 27 f5 fd
INFO - 90 22 88 40 40 23 f0 01
INFO - 90 24 88 08 40 28 6a 1a
INFO - 90 24 c8 20 40 27 f5 fd
INFO - 90 24 08 40 40 20 04 00
INFO - 90 26 08 08 40 28 6a 1a
INFO - 90 26 48 20 40 27 f5 fd
INFO - 90 26 88 40 40 20 00 fd
INFO - 90 28 88 08 40 28 6a 1a
INFO - 90 28 c8 20 40 27 f5 fb
INFO - 90 28 08 40 40 23 f4 fc
INFO - 90 2a 08 08 40 28 6a 1a
INFO - 90 2a 48 20 40 27 ed fb
INFO - 90 2a 88 40 40 23 f0 01
INFO - 90 2c 88 08 40 28 6a 1a
INFO - 90 2c c8 20 40 27 ed fb
INFO - 90 2c 08 40 40 20 04 00
INFO - 90 2e 08 08 40 28 6a 1a
INFO - 90 2e 48 20 40 27 ed fb
INFO - 90 2e 88 40 40 20 00 00
INFO - 90 30 88 08 40 28 6a 1a
INFO - 90 30 c8 20 40 27 ed fd
INFO - 90 30 08 40 40 20 00 00
INFO - 90 32 08 08 40 28 6a 1a
INFO - 90 32 48 20 40 27 f5 fd
INFO - 90 32 88 40 40 20 00 fc
INFO - 90 34 88 08 40 28 6a 1a
INFO - 90 34 c8 20 40 27 f5 fd
INFO - 90 34 08 40 40 23 f0 01
INFO - 90 36 08 08 40 28 6a 1a
INFO - 90 36 48 20 40 27 f5 fb
INFO - 90 36 88 40 40 20 04 00
INFO - 90 38 88 08 40 28 6a 1a
INFO - 90 38 c8 20 40 27 ed fb
INFO - 90 38 08 40 40 20 00 00
INFO - 90 3a 08 08 40 28 6a 0b
INFO - 90 3a 48 20 40 27 ed fd
INFO - 90 3a 88 40 40 20 00 fc
INFO - 90 3c 88 08 40 28 2d f3
INFO - 90 3c c8 20 40 27 f5 fd
INFO - 90 3c 08 40 40 23 f0 01
INFO - b0 3d 48 40 57 00 00 02
INFO - b0 3d 88 40 57 00 00 02
INFO - b0 3d c8 40 57 00 00 02
INFO - b0 3d 08 40 57 00 00 02
INFO - 90 3e 08 08 40 27 cd f3
INFO - 90 3e 48 20 40 27 f5 fd
INFO - 90 3e 88 40 40 20 04 00
INFO - 90 40 88 08 40 27 cd f3
INFO - 90 40 c8 20 40 27 f5 fb
INFO - 90 40 08 40 40 20 00 00
INFO - 90 42 08 08 40 27 cd f3
INFO - 90 42 48 20 40 27 ed fb
INFO - 90 42 88 40 40 20 00 00
INFO - 90 44 88 08 40 27 cd f3
INFO - 90 44 c8 20 40 27 ed fb
INFO - 90 44 08 40 40 20 00 00
INFO - 90 46 08 08 40 27 cd f3
INFO - 90 46 48 20 40 27 ed fd
INFO - 90 46 88 40 40 20 00 fd
INFO - 90 48 88 08 40 27 cd f3
INFO - 90 48 c8 20 40 27 f5 fd
INFO - 90 48 08 40 40 23 f4 00
INFO - 90 4a 08 08 40 37 cd f3
INFO - 90 4a 48 20 40 37 f5 fd
INFO - 90 4a 88 40 40 30 00 00
INFO - 90 4d 08 08 40 27 cd f3
INFO - 90 4d 48 20 40 27 f5 fd
INFO - 90 4d 88 40 40 20 00 fd
INFO - 90 4f 88 08 40 27 cd f3
INFO - 90 4f c8 20 40 27 f5 fd
INFO - 90 4f 08 40 40 23 f4 00
INFO - 90 51 08 08 40 27 cd f3
INFO - 90 51 48 20 40 27 f5 fd
INFO - 90 51 88 40 40 20 00 fc
INFO - 90 53 88 08 40 27 cd f3
INFO - 90 53 c8 20 40 27 f5 fd
INFO - 90 53 08 40 40 23 f0 01
INFO - 90 55 08 08 40 27 cd f3
INFO - 90 55 48 20 40 27 f5 fd
INFO - 90 55 88 40 40 20 04 00
INFO - 90 57 88 08 40 27 cd ff
INFO - 90 57 c8 20 40 27 f5 fb
INFO - 90 57 08 40 40 20 00 00
INFO - 90 59 08 08 40 27 fe 13
INFO - 90 59 48 20 40 27 ed fb
INFO - 90 59 88 40 40 20 00 00
INFO - 90 5b 88 08 40 28 4e 13
INFO - 90 5b c8 20 40 27 ed fb
INFO - 90 5b 08 40 40 20 00 fd
INFO - 90 5d 08 08 40 28 4e 13
INFO - 90 5d 48 20 40 27 ed fb
INFO - 90 5d 88 40 40 23 f4 00
INFO - 90 5f 88 08 40 28 4e 13
INFO - 90 5f c8 20 40 27 ed fb
INFO - 90 5f 08 40 40 20 00 00
INFO - 90 61 08 08 40 28 4e 13
INFO - 90 61 48 20 40 27 ed fb
INFO - 90 61 88 40 40 20 00 00
INFO - 90 63 88 08 40 28 4e 13
INFO - 90 63 c8 20 40 27 ed fb
INFO - 90 63 08 40 40 20 00 fc
INFO - 90 65 08 08 40 28 4e 13
INFO - 90 65 48 20 40 27 ed fb
INFO - 90 65 88 40 40 23 f0 01
INFO - 90 67 88 08 40 28 4e 13
INFO - 90 67 c8 20 40 27 ed fb
INFO - 90 67 08 40 40 20 04 00
INFO - 90 69 08 08 40 28 4e 13
INFO - 90 69 48 20 40 27 ed fb
INFO - 90 69 88 40 40 20 00 fc
INFO - 90 6b 88 08 40 28 4e 13
INFO - 90 6b c8 20 40 27 ed fb
INFO - 90 6b 08 40 40 23 f0 01
INFO - 90 6d 08 08 40 28 4e 13
INFO - 90 6d 48 20 40 27 ed fb
INFO - 90 6d 88 40 40 20 04 fd
INFO - 90 6f 88 08 40 28 4e 13
INFO - 90 6f c8 20 40 27 ed fb
INFO - 90 6f 08 40 40 23 f4 00
INFO - 90 71 08 08 40 28 4e 13
INFO - 90 71 48 20 40 27 ed fd
INFO - 90 71 88 40 40 20 00 fc
INFO - 90 73 88 08 40 28 4e 13
INFO - 90 73 c8 20 40 27 f5 fd
INFO - 90 73 08 40 40 23 f0 01
INFO - 90 75 08 08 40 28 4e 13
INFO - 90 75 48 20 40 27 f5 fd
INFO - 90 75 88 40 40 20 04 00
INFO - 90 77 88 08 40 28 4e 0d
INFO - 90 77 c8 20 40 27 f5 fd
INFO - 90 77 08 40 40 20 00 fc
INFO - 90 79 08 08 40 28 36 04
INFO - 90 79 48 20 40 27 f5 fb
INFO - 90 79 88 40 40 23 f0 01
INFO - 90 7b 88 08 40 28 12 04
INFO - 90 7b c8 20 40 27 ed fd
INFO - 90 7b 08 40 40 20 04 00
INFO - 90 7d 08 08 40 28 12 04
INFO - 90 7d 48 20 40 27 f5 fd
INFO - 90 7d 88 40 40 20 00 fc
INFO - 90 7f 88 08 40 28 12 04
INFO - 90 7f c8 20 40 27 f5 ff
INFO - 90 7f 08 40 40 23 f0 01
INFO - 90 81 08 08 40 28 12 04
INFO - 90 81 48 20 40 27 fd ff
INFO - 90 81 88 40 40 20 04 fd
INFO - 90 83 88 08 40 28 12 04
INFO - 90 83 c8 20 40 27 fd fd
INFO - 90 83 08 40 40 23 f4 fc
INFO - 90 85 08 08 40 28 12 04
INFO - 90 85 48 20 40 27 f5 fd
INFO - 90 85 88 40 40 23 f0 01
INFO - 90 87 88 08 40 28 12 04
INFO - 90 87 c8 20 40 27 f5 fb
INFO - 90 87 08 40 40 20 04 00
INFO - 90 89 08 08 40 28 12 04
INFO - 90 89 48 20 40 27 ed fb
INFO - 90 89 88 40 40 20 00 fc
INFO - 90 8b 88 08 40 28 12 04
INFO - 90 8b c8 20 40 27 ed fd
INFO - 90 8b 08 40 40 23 f0 01
INFO - 90 8d 08 08 40 28 12 04
INFO - 90 8d 48 20 40 27 f5 fd
INFO - 90 8d 88 40 40 20 04 00
INFO - 90 8f 88 08 40 28 12 04
INFO - 90 8f c8 20 40 27 f5 ff
INFO - 90 8f 08 40 40 20 00 fc
INFO - 90 91 08 08 40 28 12 04
INFO - 90 91 48 20 40 27 fd ff
INFO - 90 91 88 40 40 23 f0 01
INFO - 90 93 88 08 40 28 12 04
INFO - 90 93 c8 20 40 27 fd ff
INFO - 90 93 08 40 40 20 04 fc
INFO - 90 95 08 08 40 28 11 f2
INFO - 90 95 48 20 40 27 fd ff
INFO - 90 95 88 40 40 23 f0 01
INFO - 90 97 88 08 40 27 c9 d9
INFO - 90 97 c8 20 40 27 fd ff
INFO - 90 97 08 40 40 20 04 fc
INFO - 90 99 08 08 40 27 65 d9
INFO - 90 99 48 20 40 27 fd ff
INFO - 90 99 88 40 40 23 f0 01
INFO - 90 9b 88 08 40 27 65 d9
INFO - 90 9b c8 20 40 27 fd ff
INFO - 90 9b 08 40 40 20 04 fc
INFO - 90 9d 08 08 40 27 65 d9
INFO - 90 9d 48 20 40 27 fd ff
INFO - 90 9d 88 40 40 23 f0 01
INFO - 90 9f 88 08 40 27 65 d9
INFO - 90 9f c8 20 40 27 fd fd
INFO - 90 9f 08 40 40 20 04 fc
INFO - 90 a1 08 08 40 27 65 d9
INFO - 90 a1 48 20 40 27 f5 fd
INFO - 90 a1 88 40 40 23 f0 00
INFO - 90 a3 88 08 40 27 65 d9
INFO - 90 a3 c8 20 40 27 f5 fd
INFO - 90 a3 08 40 40 20 00 00
INFO - 90 a5 08 08 40 27 65 d9
INFO - 90 a5 48 20 40 27 f5 fd
INFO - 90 a5 88 40 40 20 00 fc
INFO - 90 a7 88 08 40 27 65 d9
INFO - 90 a7 c8 20 40 27 f5 fd
INFO - 90 a7 08 40 40 23 f0 00
INFO - 90 a9 08 08 40 27 65 d9
INFO - 90 a9 48 20 40 27 f5 fd
INFO - 90 a9 88 40 40 20 00 01
INFO - 90 ab 88 08 40 27 65 d9
INFO - 90 ab c8 20 40 27 f5 fb
INFO - 90 ab 08 40 40 20 04 fc
INFO - 90 ad 08 08 40 27 65 d9
INFO - 90 ad 48 20 40 27 ed fb
INFO - 90 ad 88 40 40 23 f0 01
INFO - 90 af 88 08 40 27 65 d9
INFO - 90 af c8 20 40 27 ed fb
INFO - 90 af 08 40 40 20 04 fc
INFO - 90 b1 08 08 40 37 65 ce
INFO - 90 b1 48 20 40 37 ed fb
INFO - 90 b1 88 40 40 33 f0 00
INFO - 90 b4 88 08 40 27 39 bd
INFO - 90 b4 c8 20 40 27 ed fb
INFO - 90 b4 08 40 40 20 00 fd
INFO - 90 b6 08 08 40 16 f5 bd
INFO - 90 b6 48 20 40 17 ed fb
INFO - 90 b6 88 40 40 13 f4 00
INFO - 90 b7 88 08 40 36 f5 bd
INFO - 90 b7 c8 20 40 37 ed fb
INFO - 90 b7 08 40 40 30 00 01
INFO - 90 ba 08 08 40 16 f5 bd
INFO - 90 ba 48 20 40 17 ed fb
INFO - 90 ba 88 40 40 10 04 fc
INFO - 90 bb 88 08 40 36 f5 bd
INFO - 90 bb c8 20 40 37 ed fd
INFO - 90 bb 08 40 40 33 f0 00
INFO - 90 be 08 08 40 26 f5 bd
INFO - 90 be 48 20 40 27 f5 fd
INFO - 90 be 88 40 40 20 00 fd
INFO - 90 c0 88 08 40 26 f5 bd
INFO - 90 c0 c8 20 40 27 f5 fd
INFO - 90 c0 08 40 40 23 f4 00
INFO - 90 c2 08 08 40 26 f5 bd
INFO - 90 c2 48 20 40 27 f5 fd
INFO - 90 c2 88 40 40 20 00 01
INFO - 90 c4 88 08 40 26 f5 bd
INFO - 90 c4 c8 20 40 27 f5 fd
INFO - 90 c4 08 40 40 20 04 fc
INFO - 90 c6 08 08 40 26 f5 bd
INFO - 90 c6 48 20 40 27 f5 fd
INFO - 90 c6 88 40 40 23 f0 00
INFO - 90 c8 88 08 40 26 f5 bd
INFO - 90 c8 c8 20 40 27 f5 fd
INFO - 90 c8 08 40 40 20 00 00
INFO - 90 ca 08 08 40 26 f5 bd
INFO - 90 ca 48 20 40 27 f5 fd
INFO - 90 ca 88 40 40 20 00 00
INFO - 90 cc 88 08 40 26 f5 bd
INFO - 90 cc c8 20 40 27 f5 fb
INFO - 90 cc 08 40 40 20 00 01
INFO - 90 ce 08 08 40 26 f5 bd
INFO - 90 ce 48 20 40 27 ed fb
INFO - 90 ce 88 40 40 20 04 fc
INFO - 90 d0 88 08 40 26 f5 bd
INFO - 90 d0 c8 20 40 27 ed fb
INFO - 90 d0 08 40 40 23 f0 fd
INFO - 90 d2 08 08 40 26 f5 cb
INFO - 90 d2 48 20 40 27 ed fb
INFO - 90 d2 88 40 40 23 f4 00
INFO - 90 d4 88 08 40 27 2d ec
INFO - 90 d4 c8 20 40 27 ed fb
INFO - 90 d4 08 40 40 20 00 00
INFO - 90 d6 08 08 40 27 b1 ec
INFO - 90 d6 48 20 40 27 ed fb
INFO - 90 d6 88 40 40 20 00 01
INFO - 90 d8 88 08 40 27 b1 ec
INFO - 90 d8 c8 20 40 27 ed fb
INFO - 90 d8 08 40 40 20 04 fc
INFO - 90 da 08 08 40 27 b1 ec
INFO - 90 da 48 20 40 27 ed fd
INFO - 90 da 88 40 40 23 f0 00
INFO - 90 dc 88 08 40 27 b1 ec
INFO - 90 dc c8 20 40 27 f5 fd
INFO - 90 dc 08 40 40 20 00 00
INFO - 90 de 08 08 40 27 b1 ec
INFO - 90 de 48 20 40 27 f5 ff
INFO - 90 de 88 40 40 20 00 fd
INFO - 90 e0 88 08 40 27 b1 ec
INFO - 90 e0 c8 20 40 27 fd ff
INFO - 90 e0 08 40 40 23 f4 01
INFO - 90 e2 08 08 40 27 b1 ec
INFO - 90 e2 48 20 40 27 fd ff
INFO - 90 e2 88 40 40 20 04 fc
INFO - 90 e4 88 08 40 27 b1 ec
INFO - 90 e4 c8 20 40 27 fd ff
INFO - 90 e4 08 40 40 23 f0 00
INFO - 90 e6 08 08 40 27 b1 ec
INFO - 90 e6 48 20 40 27 fd fd
INFO - 90 e6 88 40 40 20 00 00
INFO - 90 e8 88 08 40 27 b1 ec
INFO - 90 e8 c8 20 40 27 f5 fb
INFO - 90 e8 08 40 40 20 00 00
INFO - 90 ea 08 08 40 27 b1 ec
INFO - 90 ea 48 20 40 27 ed fb
INFO - 90 ea 88 40 40 20 00 00
INFO - 90 ec 88 08 40 27 b1 ec
INFO - 90 ec c8 20 40 27 ed fb
INFO - 90 ec 08 40 40 20 00 fd
INFO - 90 ee 08 08 40 27 b1 ec
INFO - 90 ee 48 20 40 27 ed fb
INFO - 90 ee 88 40 40 23 f4 00
INFO - 90 f0 88 08 40 27 b1 e7
INFO - 90 f0 c8 20 40 27 ed fb
INFO - 90 f0 08 40 40 20 00 00
INFO - 90 f2 08 08 40 27 9d d9
INFO - 90 f2 48 20 40 27 ed f9
INFO - 90 f2 88 40 40 20 00 00
INFO - 90 f4 88 08 40 27 65 d9
INFO - 90 f4 c8 20 40 27 e5 fb
INFO - 90 f4 08 40 40 20 00 00
INFO - 90 f6 08 08 40 27 65 d9
INFO - 90 f6 48 20 40 27 ed fb
INFO - 90 f6 88 40 40 20 00 00
INFO - 90 f8 88 08 40 27 65 d9
INFO - 90 f8 c8 20 40 27 ed fb
INFO - 90 f8 08 40 40 20 00 01
INFO - 90 fa 08 08 40 27 65 d9
INFO - 90 fa 48 20 40 27 ed fb
INFO - 90 fa 88 40 40 20 04 fc
INFO - 90 fc 88 08 40 27 65 d9
INFO - 90 fc c8 20 40 27 ed fd
INFO - 90 fc 08 40 40 23 f0 00
INFO - 90 fe 08 08 40 27 65 d9
INFO - 90 fe 48 20 40 27 f5 fd
INFO - 90 fe 88 40 40 20 00 00
INFO - 91 00 88 08 40 27 65 d9
INFO - 91 00 c8 20 40 27 f5 fd
INFO - 91 00 08 40 40 20 00 00
INFO - 91 02 08 08 40 27 65 d9
INFO - 91 02 48 20 40 27 f5 fd
INFO - 91 02 88 40 40 20 00 fd
INFO - 91 04 88 08 40 27 65 d9
INFO - 91 04 c8 20 40 27 f5 fd
INFO - 91 04 08 40 40 23 f4 00
INFO - 91 06 08 08 40 27 65 d9
INFO - 91 06 48 20 40 27 f5 fd
INFO - 91 06 88 40 40 20 00 00
INFO - 91 08 88 08 40 27 65 d9
INFO - 91 08 c8 20 40 27 f5 fd
INFO - 91 08 08 40 40 20 00 fc
INFO - 91 0a 08 08 40 27 65 d9
INFO - 91 0a 48 20 40 27 f5 fd
INFO - 91 0a 88 40 40 23 f0 01
INFO - 91 0c 88 08 40 27 65 ec
INFO - 91 0c c8 20 40 27 f5 fd
INFO - 91 0c 08 40 40 20 04 fd
INFO - 91 0e 08 08 40 27 b2 0b
INFO - 91 0e 48 20 40 27 f5 fb
INFO - 91 0e 88 40 40 23 f4 00
INFO - 91 10 88 08 40 28 2e 0b
INFO - 91 10 c8 20 40 27 ed fb
INFO - 91 10 08 40 40 20 00 00
INFO - 91 12 08 08 40 28 2e 0b
INFO - 91 12 48 20 40 27 ed fb
INFO - 91 12 88 40 40 20 00 00
INFO - 91 14 88 08 40 28 2e 0b
INFO - 91 14 c8 20 40 27 ed fb
INFO - 91 14 08 40 40 20 00 fc
INFO - 91 16 08 08 40 28 2e 0b
INFO - 91 16 48 20 40 27 ed fb
INFO - 91 16 88 40 40 23 f0 01
INFO - 91 18 88 08 40 28 2e 0b
INFO - 91 18 c8 20 40 27 ed fd
INFO - 91 18 08 40 40 20 04 00
INFO - 91 1a 08 08 40 28 2e 0b
INFO - 91 1a 48 20 40 27 f5 fd
INFO - 91 1a 88 40 40 20 00 00
INFO - 91 1c 88 08 40 28 2e 0b
INFO - 91 1c c8 20 40 27 f5 ff
INFO - 91 1c 08 40 40 20 00 fd
INFO - 91 1e 08 08 40 28 2e 0b
INFO - 91 1e 48 20 40 27 fd ff
INFO - 91 1e 88 40 40 23 f4 00
INFO - 91 20 88 08 40 28 2e 0b
INFO - 91 20 c8 20 40 27 fd ff
INFO - 91 20 08 40 40 20 00 00
INFO - 91 22 08 08 40 28 2e 0b
INFO - 91 22 48 20 40 27 fd fd
INFO - 91 22 88 40 40 20 00 fc
INFO - 91 24 88 08 40 28 2e 0b
INFO - 91 24 c8 20 40 27 f5 fd
INFO - 91 24 08 40 40 23 f0 01
INFO - 91 26 08 08 40 28 2e 0b
INFO - 91 26 48 20 40 27 f5 fd
INFO - 91 26 88 40 40 20 04 00
INFO - 91 28 88 08 40 28 2e 0b
INFO - 91 28 c8 20 40 27 f5 fd
INFO - 91 28 08 40 40 20 00 fd
INFO - 91 2a 08 08 40 28 2e 0b
INFO - 91 2a 48 20 40 27 f5 fd
INFO - 91 2a 88 40 40 23 f4 00
INFO - 91 2c 88 08 40 28 2d f8
INFO - 91 2c c8 20 40 27 f5 fd
INFO - 91 2c 08 40 40 20 00 fc
INFO - 91 2e 08 08 40 27 e1 d9
INFO - 91 2e 48 20 40 27 f5 fd
INFO - 91 2e 88 40 40 23 f0 00
INFO - 91 30 88 08 40 27 65 d9
INFO - 91 30 c8 20 40 27 f5 fd
INFO - 91 30 08 40 40 20 00 fd
INFO - 91 32 08 08 40 27 65 d9
INFO - 91 32 48 20 40 27 f5 fd
INFO - 91 32 88 40 40 23 f4 01
INFO - 91 34 88 08 40 27 65 d9
INFO - 91 34 c8 20 40 27 f5 fd
INFO - 91 34 08 40 40 20 04 fd
INFO - 91 36 08 08 40 27 65 d9
INFO - 91 36 48 20 40 27 f5 fd
INFO - 91 36 88 40 40 23 f4 00
INFO - 91 38 88 08 40 27 65 d9
INFO - 91 38 c8 20 40 27 f5 fd
INFO - 91 38 08 40 40 20 00 fc
INFO - 91 3a 08 08 40 27 65 d9
INFO - 91 3a 48 20 40 27 f5 fd
INFO - 91 3a 88 40 40 23 f0 01
INFO - 91 3c 88 08 40 27 65 d9
INFO - 91 3c c8 20 40 27 f5 fd
INFO - 91 3c 08 40 40 20 04 fd
INFO - 91 3e 08 08 40 27 65 d9
INFO - 91 3e 48 20 40 27 f5 fd
INFO - 91 3e 88 40 40 23 f4 fd
INFO - 91 40 88 08 40 27 65 d9
INFO - 91 40 c8 20 40 27 f5 fd
INFO - 91 40 08 40 40 23 f4 01
INFO - 91 42 08 08 40 27 65 d9
INFO - 91 42 48 20 40 27 f5 fd
INFO - 91 42 88 40 40 20 04 fd
INFO - 91 44 88 08 40 27 65 d9
INFO - 91 44 c8 20 40 27 f5 fd
INFO - 91 44 08 40 40 23 f4 fd
INFO - 91 46 08 08 40 27 65 d9
INFO - 91 46 48 20 40 27 f5 fd
INFO - 91 46 88 40 40 23 f4 00
INFO - 91 48 88 08 40 27 65 d9
INFO - 91 48 c8 20 40 27 f5 fd
INFO - 91 48 08 40 40 20 00 fd
INFO - 91 4a 08 08 40 27 65 d7
INFO - 91 4a 48 20 40 27 f5 fd
INFO - 91 4a 88 40 40 23 f4 01
INFO - 91 4c 88 08 40 27 5d d2
INFO - 91 4c c8 20 40 27 f5 fd
INFO - 91 4c 08 40 40 20 04 fd
INFO - 91 4e 08 08 40 27 49 d2
INFO - 91 4e 48 20 40 27 f5 fd
INFO - 91 4e 88 40 40 23 f4 fd
INFO - 91 50 88 08 40 27 49 d2
INFO - 91 50 c8 20 40 27 f5 fd
INFO - 91 50 08 40 40 23 f4 00
INFO - 91 52 08 08 40 27 49 d2
INFO - 91 52 48 20 40 27 f5 fb
INFO - 91 52 88 40 40 20 00 fd
INFO - 91 54 88 08 40 27 49 d2
INFO - 91 54 c8 20 40 27 ed fb
INFO - 91 54 08 40 40 23 f4 00
INFO - 91 56 08 08 40 27 49 d2
INFO - 91 56 48 20 40 27 ed fd
INFO - 91 56 88 40 40 20 00 fd
INFO - 91 58 88 08 40 27 49 d2
INFO - 91 58 c8 20 40 27 f5 fd
INFO - 91 58 08 40 40 23 f4 00
INFO - 91 5a 08 08 40 27 49 d2
INFO - 91 5a 48 20 40 27 f5 fd
INFO - 91 5a 88 40 40 20 00 fd
INFO - 91 5c 88 08 40 27 49 d2
INFO - 91 5c c8 20 40 27 f5 fd
INFO - 91 5c 08 40 40 23 f4 00
INFO - 91 5e 08 08 40 27 49 d2
INFO - 91 5e 48 20 40 27 f5 fd
INFO - 91 5e 88 40 40 20 00 fd
INFO - 91 60 88 08 40 27 49 d2
INFO - 91 60 c8 20 40 27 f5 fd
INFO - 91 60 08 40 40 23 f4 fd
INFO - 91 62 08 08 40 27 49 d2
INFO - 91 62 48 20 40 27 f5 fd
INFO - 91 62 88 40 40 23 f4 01
INFO - 91 64 88 08 40 27 49 d2
INFO - 91 64 c8 20 40 27 f5 fd
INFO - 91 64 08 40 40 20 04 fc
INFO - 91 66 08 08 40 27 49 d2
INFO - 91 66 48 20 40 27 f5 ff
INFO - 91 66 88 40 40 23 f0 01
INFO - 91 68 88 08 40 27 49 d6
INFO - 91 68 c8 20 40 27 fd ff
INFO - 91 68 08 40 40 20 04 fc
INFO - 91 6a 08 08 40 27 59 dd
INFO - 91 6a 48 20 40 27 fd ff
INFO - 91 6a 88 40 40 23 f0 00
INFO - 91 6c 88 08 40 27 75 dd
INFO - 91 6c c8 20 40 27 fd ff
INFO - 91 6c 08 40 40 20 00 00
INFO - 91 6e 08 08 40 27 75 dd
INFO - 91 6e 48 20 40 27 fd ff
INFO - 91 6e 88 40 40 20 00 fd
INFO - 91 70 88 08 40 27 75 dd
INFO - 91 70 c8 20 40 27 fd ff
INFO - 91 70 08 40 40 23 f4 00
INFO - 91 72 08 08 40 27 75 dd
INFO - 91 72 48 20 40 27 fe 01
INFO - 91 72 88 40 40 20 00 fd
INFO - 91 74 88 08 40 27 75 dd
INFO - 91 74 c8 20 40 28 06 01
INFO - 91 74 08 40 40 23 f4 fd
INFO - 91 76 08 08 40 27 75 dd
INFO - 91 76 48 20 40 28 05 ff
INFO - 91 76 88 40 40 23 f4 01
INFO - 91 78 88 08 40 27 75 dd
INFO - 91 78 c8 20 40 27 fd ff
INFO - 91 78 08 40 40 20 04 fc
INFO - 91 7a 08 08 40 27 75 dd
INFO - 91 7a 48 20 40 27 fd ff
INFO - 91 7a 88 40 40 23 f0 00
INFO - 91 7c 88 08 40 27 75 dd
INFO - 91 7c c8 20 40 27 fd ff
INFO - 91 7c 08 40 40 20 00 fd
INFO - 91 7e 08 08 40 27 75 dd
INFO - 91 7e 48 20 40 27 fd ff
INFO - 91 7e 88 40 40 23 f4 01
INFO - 91 80 88 08 40 27 75 dd
INFO - 91 80 c8 20 40 27 fd ff
INFO - 91 80 08 40 40 20 04 fc
INFO - 91 82 08 08 40 27 75 dd
INFO - 91 82 48 20 40 27 fd ff
INFO - 91 82 88 40 40 23 f0 00
INFO - 91 84 88 08 40 27 75 dd
INFO - 91 84 c8 20 40 27 fd ff
INFO - 91 84 08 40 40 20 00 00
INFO - 91 86 08 08 40 27 75 e0
INFO - 91 86 48 20 40 27 fd ff
INFO - 91 86 88 40 40 20 00 fd
INFO - 91 88 88 08 40 27 81 e4
INFO - 91 88 c8 20 40 27 fd ff
INFO - 91 88 08 40 40 23 f4 fd
INFO - 91 8a 08 08 40 27 91 e4
INFO - 91 8a 48 20 40 27 fd ff
INFO - 91 8a 88 40 40 23 f4 00
INFO - 91 8c 88 08 40 27 91 e4
INFO - 91 8c c8 20 40 27 fd ff
INFO - 91 8c 08 40 40 20 00 00
INFO - 91 8e 08 08 40 27 91 e4
INFO - 91 8e 48 20 40 27 fd ff
INFO - 91 8e 88 40 40 20 00 fd
INFO - 91 90 88 08 40 27 91 e4
INFO - 91 90 c8 20 40 27 fd fd
INFO - 91 90 08 40 40 23 f4 01
INFO - 91 92 08 08 40 27 91 e4
INFO - 91 92 48 20 40 27 f5 fd
INFO - 91 92 88 40 40 20 04 fc
INFO - 91 94 88 08 40 27 91 e4
INFO - 91 94 c8 20 40 27 f5 ff
INFO - 91 94 08 40 40 23 f0 00
INFO - 91 96 08 08 40 27 91 e4
INFO - 91 96 48 20 40 27 fd ff
INFO - 91 96 88 40 40 20 00 00
INFO - 91 98 88 08 40 27 91 e4
INFO - 91 98 c8 20 40 27 fd ff
INFO - 91 98 08 40 40 20 00 fd
INFO - 91 9a 08 08 40 27 91 e4
INFO - 91 9a 48 20 40 27 fd ff
INFO - 91 9a 88 40 40 23 f4 00
INFO - 91 9c 88 08 40 27 91 e4
INFO - 91 9c c8 20 40 27 fd ff
INFO - 91 9c 08 40 40 20 00 00
INFO - 91 9e 08 08 40 27 91 e4
INFO - 91 9e 48 20 40 27 fd ff
INFO - 91 9e 88 40 40 20 00 fd
INFO - 91 a0 88 08 40 27 91 e4
INFO - 91 a0 c8 20 40 27 fd ff
INFO - 91 a0 08 40 40 23 f4 fd
INFO - 91 a2 08 08 40 27 91 e4
INFO - 91 a2 48 20 40 27 fd ff
INFO - 91 a2 88 40 40 23 f4 00
INFO - 91 a4 88 08 40 27 91 e7
INFO - 91 a4 c8 20 40 27 fd ff
INFO - 91 a4 08 40 40 20 00 fd
INFO - 91 a6 08 08 40 27 9d ee
INFO - 91 a6 48 20 40 27 fd ff
INFO - 91 a6 88 40 40 23 f4 00
INFO - 91 a8 88 08 40 27 b9 ee
INFO - 91 a8 c8 20 40 27 fd ff
INFO - 91 a8 08 40 40 20 00 00
INFO - 91 aa 08 08 40 27 b9 ee
INFO - 91 aa 48 20 40 27 fd ff
INFO - 91 aa 88 40 40 20 00 fd
INFO - 91 ac 88 08 40 27 b9 ee
INFO - 91 ac c8 20 40 27 fd ff
INFO - 91 ac 08 40 40 23 f4 fd
INFO - 91 ae 08 08 40 27 b9 ee
INFO - 91 ae 48 20 40 27 fd ff
INFO - 91 ae 88 40 40 23 f4 00
INFO - 91 b0 88 08 40 27 b9 ee
INFO - 91 b0 c8 20 40 27 fd ff
INFO - 91 b0 08 40 40 20 00 fd
INFO - 91 b2 08 08 40 27 b9 ee
INFO - 91 b2 48 20 40 27 fd ff
INFO - 91 b2 88 40 40 23 f4 00
INFO - 91 b4 88 08 40 27 b9 ee
INFO - 91 b4 c8 20 40 27 fd ff
INFO - 91 b4 08 40 40 20 00 00
INFO - 91 b6 08 08 40 27 b9 ee
INFO - 91 b6 48 20 40 27 fd ff
INFO - 91 b6 88 40 40 20 00 fd
INFO - 91 b8 88 08 40 27 b9 ee
INFO - 91 b8 c8 20 40 27 fd ff
INFO - 91 b8 08 40 40 23 f4 00
INFO - 91 ba 08 08 40 27 b9 ee
INFO - 91 ba 48 20 40 27 fd ff
INFO - 91 ba 88 40 40 20 00 fd
INFO - 91 bc 88 08 40 27 b9 ee
INFO - 91 bc c8 20 40 27 fd ff
INFO - 91 bc 08 40 40 23 f4 00
INFO - 91 be 08 08 40 27 b9 ee
INFO - 91 be 48 20 40 27 fd ff
INFO - 91 be 88 40 40 20 00 00
INFO - 91 c0 88 08 40 27 b9 ee
INFO - 91 c0 c8 20 40 27 fd ff
INFO - 91 c0 08 40 40 20 00 fd
INFO - 91 c2 08 08 40 27 b9 f0
INFO - 91 c2 48 20 40 27 fd ff
INFO - 91 c2 88 40 40 23 f4 00
INFO - 91 c4 88 08 40 27 c1 f3
INFO - 91 c4 c8 20 40 27 fd ff
INFO - 91 c4 08 40 40 20 00 fd
INFO - 91 c6 08 08 40 27 cd f3
INFO - 91 c6 48 20 40 27 fd ff
INFO - 91 c6 88 40 40 23 f4 00
INFO - 91 c8 88 08 40 27 cd f3
INFO - 91 c8 c8 20 40 27 fd ff
INFO - 91 c8 08 40 40 20 00 fd
INFO - 91 ca 08 08 40 27 cd f3
INFO - 91 ca 48 20 40 27 fd ff
INFO - 91 ca 88 40 40 23 f4 00
INFO - 91 cc 88 08 40 27 cd f3
INFO - 91 cc c8 20 40 27 fd ff
INFO - 91 cc 08 40 40 20 00 fd
INFO - 91 ce 08 08 40 27 cd f3
INFO - 91 ce 48 20 40 27 fd ff
INFO - 91 ce 88 40 40 23 f4 00
INFO - 91 d0 88 08 40 27 cd f3
INFO - 91 d0 c8 20 40 27 fd ff
INFO - 91 d0 08 40 40 20 00 00
INFO - 91 d2 08 08 40 27 cd f3
INFO - 91 d2 48 20 40 27 fd ff
INFO - 91 d2 88 40 40 20 00 fc
INFO - 91 d4 88 08 40 27 cd f3
INFO - 91 d4 c8 20 40 27 fd ff
INFO - 91 d4 08 40 40 23 f0 01
INFO - 91 d6 08 08 40 27 cd f3
INFO - 91 d6 48 20 40 27 fd ff
INFO - 91 d6 88 40 40 20 04 00
INFO - 91 d8 88 08 40 27 cd f3
INFO - 91 d8 c8 20 40 27 fd ff
INFO - 91 d8 08 40 40 20 00 fd
INFO - 91 da 08 08 40 27 cd f3
INFO - 91 da 48 20 40 27 fd ff
INFO - 91 da 88 40 40 23 f4 00
INFO - 91 dc 88 08 40 27 cd f3
INFO - 91 dc c8 20 40 27 fd ff
INFO - 91 dc 08 40 40 20 00 00
INFO - 91 de 08 08 40 27 cd f3
INFO - 91 de 48 20 40 27 fd ff
INFO - 91 de 88 40 40 20 00 fd
INFO - 91 e0 88 08 40 27 cd f3
INFO - 91 e0 c8 20 40 27 fd ff
INFO - 91 e0 08 40 40 23 f4 00
INFO - 91 e2 08 08 40 27 cd f3
INFO - 91 e2 48 20 40 27 fd ff
INFO - 91 e2 88 40 40 20 00 fd
INFO - 91 e4 88 08 40 27 cd f5
INFO - 91 e4 c8 20 40 27 fd ff
INFO - 91 e4 08 40 40 23 f4 00
INFO - 91 e6 08 08 40 27 d5 f5
INFO - 91 e6 48 20 40 27 fd ff
INFO - 91 e6 88 40 40 20 00 00
INFO - 91 e8 88 08 40 27 d5 f5
INFO - 91 e8 c8 20 40 27 fd ff
INFO - 91 e8 08 40 40 20 00 fc
INFO - 91 ea 08 08 40 27 d5 f5
INFO - 91 ea 48 20 40 27 fd ff
INFO - 91 ea 88 40 40 23 f0 01
INFO - 91 ec 88 08 40 27 d5 f5
INFO - 91 ec c8 20 40 27 fd ff
INFO - 91 ec 08 40 40 20 04 fd
INFO - 91 ee 08 08 40 27 d5 f5
INFO - 91 ee 48 20 40 27 fd ff
INFO - 91 ee 88 40 40 23 f4 00
INFO - 91 f0 88 08 40 27 d5 f5
INFO - 91 f0 c8 20 40 27 fd ff
INFO - 91 f0 08 40 40 20 00 fd
INFO - 91 f2 08 08 40 27 d5 f5
INFO - 91 f2 48 20 40 27 fd ff
INFO - 91 f2 88 40 40 23 f4 00
INFO - 91 f4 88 08 40 27 d5 f5
INFO - 91 f4 c8 20 40 27 fd ff
INFO - 91 f4 08 40 40 20 00 00
INFO - 91 f6 08 08 40 27 d5 f5
INFO - 91 f6 48 20 40 27 fd ff
INFO - 91 f6 88 40 40 20 00 fd
INFO - 91 f8 88 08 40 27 d5 f5
INFO - 91 f8 c8 20 40 27 fd ff
INFO - 91 f8 08 40 40 23 f4 00
INFO - 91 fa 08 08 40 27 d5 f5
INFO - 91 fa 48 20 40 27 fe 01
INFO - 91 fa 88 40 40 20 00 00
INFO - 91 fc 88 08 40 27 d5 f5
INFO - 91 fc c8 20 40 28 06 01
INFO - 91 fc 08 40 40 20 00 fc
INFO - 91 fe 08 08 40 27 d5 ef
INFO - 91 fe 48 20 40 28 06 01
INFO - 91 fe 88 40 40 23 f0 01
INFO - 92 00 88 08 40 27 bd e4
INFO - 92 00 c8 20 40 28 06 01
INFO - 92 00 08 40 40 20 04 fd
INFO - 92 02 08 08 40 27 91 e4
INFO - 92 02 48 20 40 28 06 01
INFO - 92 02 88 40 40 23 f4 fc
INFO - 92 04 88 08 40 27 91 e4
INFO - 92 04 c8 20 40 28 06 01
INFO - 92 04 08 40 40 23 f0 01
INFO - 92 06 08 08 40 27 91 e4
INFO - 92 06 48 20 40 28 06 01
INFO - 92 06 88 40 40 20 04 fd
INFO - 92 08 88 08 40 27 91 e4
INFO - 92 08 c8 20 40 28 06 01
INFO - 92 08 08 40 40 23 f4 fc
INFO - 92 0a 08 08 40 27 91 e4
INFO - 92 0a 48 20 40 28 06 01
INFO - 92 0a 88 40 40 23 f0 01
INFO - 92 0c 88 08 40 27 91 e4
INFO - 92 0c c8 20 40 28 06 01
INFO - 92 0c 08 40 40 20 04 fd
INFO - 92 0e 08 08 40 27 91 e4
INFO - 92 0e 48 20 40 28 06 01
INFO - 92 0e 88 40 40 23 f4 fc
INFO - 92 10 88 08 40 27 91 e4
INFO - 92 10 c8 20 40 28 06 01
INFO - 92 10 08 40 40 23 f0 00
INFO - 92 12 08 08 40 27 91 e4
INFO - 92 12 48 20 40 28 06 01
INFO - 92 12 88 40 40 20 00 01
INFO - 92 14 88 08 40 27 91 e4
INFO - 92 14 c8 20 40 28 06 01
INFO - 92 14 08 40 40 20 04 fc
INFO - 92 16 08 08 40 27 91 e4
INFO - 92 16 48 20 40 28 06 01
INFO - 92 16 88 40 40 23 f0 01
INFO - 92 18 88 08 40 27 91 e4
INFO - 92 18 c8 20 40 28 06 03
INFO - 92 18 08 40 40 20 04 fc
INFO - 92 1a 08 08 40 27 91 e4
INFO - 92 1a 48 20 40 28 0e 01
INFO - 92 1a 88 40 40 23 f0 01
INFO - 92 1c 88 08 40 27 91 e4
INFO - 92 1c c8 20 40 28 06 01
INFO - 92 1c 08 40 40 20 04 fc
INFO - 92 1e 08 08 40 27 91 e4
INFO - 92 1e 48 20 40 28 05 ff
INFO - 92 1e 88 40 40 23 f0 01
INFO - 92 20 88 08 40 27 91 e4
INFO - 92 20 c8 20 40 27 fd ff
INFO - 92 20 08 40 40 20 04 fc
INFO - 92 22 08 08 40 27 91 e4
INFO - 92 22 48 20 40 27 fd ff
INFO - 92 22 88 40 40 23 f0 01
INFO - 92 24 88 08 40 27 91 e4
INFO - 92 24 c8 20 40 27 fe 01
INFO - 92 24 08 40 40 20 04 fc
INFO - 92 26 08 08 40 27 91 e4
INFO - 92 26 48 20 40 28 06 01
INFO - 92 26 88 40 40 23 f0 00
INFO - 92 28 88 08 40 27 91 e4
INFO - 92 28 c8 20 40 28 06 03
INFO - 92 28 08 40 40 20 00 00
INFO - 92 2a 08 08 40 27 91 e4
INFO - 92 2a 48 20 40 28 0e 03
INFO - 92 2a 88 40 40 20 00 fc
INFO - 92 2c 88 08 40 27 91 e4
INFO - 92 2c c8 20 40 28 0e 03
INFO - 92 2c 08 40 40 23 f0 01
INFO - 92 2e 08 08 40 27 91 e4
INFO - 92 2e 48 20 40 28 0e 03
INFO - 92 2e 88 40 40 20 04 fc
INFO - 92 30 88 08 40 27 91 e4
INFO - 92 30 c8 20 40 28 0e 03
INFO - 92 30 08 40 40 23 f0 00
INFO - 92 32 08 08 40 27 91 e4
INFO - 92 32 48 20 40 28 0e 01
INFO - 92 32 88 40 40 20 00 01
INFO - 92 34 88 08 40 27 91 e4
INFO - 92 34 c8 20 40 28 06 01
INFO - 92 34 08 40 40 20 04 fc
INFO - 92 36 08 08 40 27 91 e4
INFO - 92 36 48 20 40 28 06 01
INFO - 92 36 88 40 40 23 f0 00
INFO - 92 38 88 08 40 27 91 e4
INFO - 92 38 c8 20 40 28 05 ff
INFO - 92 38 08 40 40 20 00 01
INFO - 92 3a 08 08 40 27 91 e4
INFO - 92 3a 48 20 40 27 fd ff
INFO - 92 3a 88 40 40 20 04 fc
INFO - 92 3c 88 08 40 27 91 e6
INFO - 92 3c c8 20 40 27 fd ff
INFO - 92 3c 08 40 40 23 f0 00
INFO - 92 3e 08 08 40 47 99 e9
INFO - 92 3e 48 20 40 47 fe 01
INFO - 92 3e 88 40 40 40 00 00
INFO - 92 42 08 08 40 27 a5 e9
INFO - 92 42 48 20 40 28 06 01
INFO - 92 42 88 40 40 20 00 fd
INFO - 92 44 88 08 40 27 a5 e9
INFO - 92 44 c8 20 40 28 06 03
INFO - 92 44 08 40 40 23 f4 01
INFO - 92 46 08 08 40 27 a5 e9
INFO - 92 46 48 20 40 28 0e 03
INFO - 92 46 88 40 40 20 04 fd
INFO - 92 48 88 08 40 27 a5 e9
INFO - 92 48 c8 20 40 28 0e 03
INFO - 92 48 08 40 40 23 f4 fd
INFO - 92 4a 08 08 40 27 a5 e9
INFO - 92 4a 48 20 40 28 0e 03
INFO - 92 4a 88 40 40 23 f4 01
INFO - 92 4c 88 08 40 27 a5 e9
INFO - 92 4c c8 20 40 28 0e 03
INFO - 92 4c 08 40 40 20 04 fc
INFO - 92 4e 08 08 40 27 a5 e9
INFO - 92 4e 48 20 40 28 0e 01
INFO - 92 4e 88 40 40 23 f0 00
INFO - 92 50 88 08 40 27 a5 e9
INFO - 92 50 c8 20 40 28 06 01
INFO - 92 50 08 40 40 20 00 00
INFO - 92 52 08 08 40 27 a5 e9
INFO - 92 52 48 20 40 28 06 01
INFO - 92 52 88 40 40 20 00 00
INFO - 92 54 88 08 40 27 a5 e9
INFO - 92 54 c8 20 40 28 06 01
INFO - 92 54 08 40 40 20 00 00
INFO - 92 56 08 08 40 27 a5 e9
INFO - 92 56 48 20 40 28 06 01
INFO - 92 56 88 40 40 20 00 01
INFO - 92 58 88 08 40 27 a5 e9
INFO - 92 58 c8 20 40 28 06 03
INFO - 92 58 08 40 40 20 04 fc
INFO - 92 5a 08 08 40 27 a5 e7
INFO - 92 5a 48 20 40 28 0e 03
INFO - 92 5a 88 40 40 23 f0 00
INFO - 92 5c 88 08 40 27 9d e4
INFO - 92 5c c8 20 40 28 0e 03
INFO - 92 5c 08 40 40 20 00 00
INFO - 92 5e 08 08 40 27 91 e4
INFO - 92 5e 48 20 40 28 0e 03
INFO - 92 5e 88 40 40 20 00 00
INFO - 92 60 88 08 40 27 91 e4
INFO - 92 60 c8 20 40 28 0e 03
INFO - 92 60 08 40 40 20 00 00
INFO - 92 62 08 08 40 27 91 e4
INFO - 92 62 48 20 40 28 0e 03
INFO - 92 62 88 40 40 20 00 00
INFO - 92 64 88 08 40 27 91 e4
INFO - 92 64 c8 20 40 28 0e 03
INFO - 92 64 08 40 40 20 00 00
INFO - 92 66 08 08 40 27 91 e4
INFO - 92 66 48 20 40 28 0e 01
INFO - 92 66 88 40 40 20 00 00
INFO - 92 68 88 08 40 27 91 e4
INFO - 92 68 c8 20 40 28 06 01
INFO - 92 68 08 40 40 20 00 00
INFO - 92 6a 08 08 40 27 91 e4
INFO - 92 6a 48 20 40 28 06 01
INFO - 92 6a 88 40 40 20 00 01
INFO - 92 6c 88 08 40 27 91 e4
INFO - 92 6c c8 20 40 28 06 03
INFO - 92 6c 08 40 40 20 04 fc
INFO - 92 6e 08 08 40 27 91 e4
INFO - 92 6e 48 20 40 28 0e 03
INFO - 92 6e 88 40 40 23 f0 00
INFO - 92 70 88 08 40 27 91 e4
INFO - 92 70 c8 20 40 28 0e 03
INFO - 92 70 08 40 40 20 00 00
INFO - 92 72 08 08 40 27 91 e4
INFO - 92 72 48 20 40 28 0e 03
INFO - 92 72 88 40 40 20 00 00
INFO - 92 74 88 08 40 27 91 e4
INFO - 92 74 c8 20 40 28 0e 03
INFO - 92 74 08 40 40 20 00 00
INFO - 92 76 08 08 40 27 92 01
INFO - 92 76 48 20 40 28 0e 03
INFO - 92 76 88 40 40 20 00 00
INFO - 92 78 88 08 40 28 06 47
INFO - 92 78 c8 20 40 28 0e 03
INFO - 92 78 08 40 40 20 00 fd
INFO - 92 7a 08 08 40 29 1e 47
INFO - 92 7a 48 20 40 28 0e 03
INFO - 92 7a 88 40 40 23 f4 00
INFO - 92 7c 88 08 40 29 1e 47
INFO - 92 7c c8 20 40 28 0e 03
INFO - 92 7c 08 40 40 20 00 fc
INFO - 92 7e 08 08 40 29 1e 47
INFO - 92 7e 48 20 40 28 0e 03
INFO - 92 7e 88 40 40 23 f0 01
INFO - 92 80 88 08 40 29 1e 47
INFO - 92 80 c8 20 40 28 0e 01
INFO - 92 80 08 40 40 20 04 00
INFO - 92 82 08 08 40 29 1e 47
INFO - 92 82 48 20 40 28 06 01
INFO - 92 82 88 40 40 20 00 00
INFO - 92 84 88 08 40 29 1e 47
INFO - 92 84 c8 20 40 28 06 01
INFO - 92 84 08 40 40 20 00 00
INFO - 92 86 08 08 40 29 1e 47
INFO - 92 86 48 20 40 28 06 01
INFO - 92 86 88 40 40 20 00 00
INFO - 92 88 88 08 40 29 1e 47
INFO - 92 88 c8 20 40 28 06 01
INFO - 92 88 08 40 40 20 00 00
INFO - 92 8a 08 08 40 29 1e 47
INFO - 92 8a 48 20 40 28 06 03
INFO - 92 8a 88 40 40 20 00 00
INFO - 92 8c 88 08 40 29 1e 47
INFO - 92 8c c8 20 40 28 0e 03
INFO - 92 8c 08 40 40 20 00 00
INFO - 92 8e 08 08 40 29 1e 47
INFO - 92 8e 48 20 40 28 0e 01
INFO - 92 8e 88 40 40 20 00 fc
INFO - 92 90 88 08 40 29 1e 47
INFO - 92 90 c8 20 40 28 06 01
INFO - 92 90 08 40 40 23 f0 01
INFO - 92 92 08 08 40 29 1e 47
INFO - 92 92 48 20 40 28 06 01
INFO - 92 92 88 40 40 20 04 00
INFO - 92 94 88 08 40 29 1e 47
INFO - 92 94 c8 20 40 28 06 01
INFO - 92 94 08 40 40 20 00 00
INFO - 92 96 08 08 40 29 1e 34
INFO - 92 96 48 20 40 28 06 01
INFO - 92 96 88 40 40 20 00 00
INFO - 92 98 88 08 40 28 d1 eb
INFO - 92 98 c8 20 40 28 06 01
INFO - 92 98 08 40 40 20 00 00
INFO - 92 9a 08 08 40 27 ad eb
INFO - 92 9a 48 20 40 28 06 03
INFO - 92 9a 88 40 40 20 00 00
INFO - 92 9c 88 08 40 27 ad eb
INFO - 92 9c c8 20 40 28 0e 03
INFO - 92 9c 08 40 40 20 00 00
INFO - 92 9e 08 08 40 27 ad eb
INFO - 92 9e 48 20 40 28 0e 03
INFO - 92 9e 88 40 40 20 00 00
INFO - 92 a0 88 08 40 27 ad eb
INFO - 92 a0 c8 20 40 28 0e 03
INFO - 92 a0 08 40 40 20 00 fc
INFO - 92 a2 08 08 40 27 ad eb
INFO - 92 a2 48 20 40 28 0e 03
INFO - 92 a2 88 40 40 23 f0 01
INFO - 92 a4 88 08 40 27 ad eb
INFO - 92 a4 c8 20 40 28 0e 03
INFO - 92 a4 08 40 40 20 04 00
INFO - 92 a6 08 08 40 27 ad eb
INFO - 92 a6 48 20 40 28 0e 03
INFO - 92 a6 88 40 40 20 00 00
INFO - 92 a8 88 08 40 27 ad eb
INFO - 92 a8 c8 20 40 28 0e 03
INFO - 92 a8 08 40 40 20 00 fc
INFO - 92 aa 08 08 40 27 ad eb
INFO - 92 aa 48 20 40 28 0e 03
INFO - 92 aa 88 40 40 23 f0 01
INFO - 92 ac 88 08 40 27 ad eb
INFO - 92 ac c8 20 40 28 0e 03
INFO - 92 ac 08 40 40 20 04 00
INFO - 92 ae 08 08 40 27 ad eb
INFO - 92 ae 48 20 40 28 0e 03
INFO - 92 ae 88 40 40 20 00 fc
INFO - 92 b0 88 08 40 27 ad eb
INFO - 92 b0 c8 20 40 28 0e 03
INFO - 92 b0 08 40 40 23 f0 01
INFO - 92 b2 08 08 40 27 ad eb
INFO - 92 b2 48 20 40 28 0e 03
INFO - 92 b2 88 40 40 20 04 fd
INFO - 92 b4 88 08 40 27 ad ea
INFO - 92 b4 c8 20 40 28 0e 05
INFO - 92 b4 08 40 40 23 f4 00
INFO - 92 b6 08 08 40 27 a9 e9
INFO - 92 b6 48 20 40 28 16 05
INFO - 92 b6 88 40 40 20 00 fc
INFO - 92 b8 88 08 40 27 a5 e9
INFO - 92 b8 c8 20 40 28 16 05
INFO - 92 b8 08 40 40 23 f0 01
INFO - 92 ba 08 08 40 27 a5 e9
INFO - 92 ba 48 20 40 28 16 05
INFO - 92 ba 88 40 40 20 04 fc
INFO - 92 bc 88 08 40 27 a5 e9
INFO - 92 bc c8 20 40 28 16 05
INFO - 92 bc 08 40 40 23 f0 01
INFO - 92 be 08 08 40 27 a5 e9
INFO - 92 be 48 20 40 28 16 03
INFO - 92 be 88 40 40 20 04 00
INFO - 92 c0 88 08 40 27 a5 e9
INFO - 92 c0 c8 20 40 28 0e 01
INFO - 92 c0 08 40 40 20 00 fc
INFO - 92 c2 08 08 40 27 a5 e9
INFO - 92 c2 48 20 40 28 06 01
INFO - 92 c2 88 40 40 23 f0 01
INFO - 92 c4 88 08 40 27 a5 e9
INFO - 92 c4 c8 20 40 28 06 01
INFO - 92 c4 08 40 40 20 04 fc
INFO - 92 c6 08 08 40 27 a5 e9
INFO - 92 c6 48 20 40 28 06 03
INFO - 92 c6 88 40 40 23 f0 00
INFO - 92 c8 88 08 40 27 a5 e9
INFO - 92 c8 c8 20 40 28 0e 03
INFO - 92 c8 08 40 40 20 00 fd
INFO - 92 ca 08 08 40 27 a5 e9
INFO - 92 ca 48 20 40 28 0e 03
INFO - 92 ca 88 40 40 23 f4 01
INFO - 92 cc 88 08 40 27 a5 e9
INFO - 92 cc c8 20 40 28 0e 01
INFO - 92 cc 08 40 40 20 04 fc
INFO - 92 ce 08 08 40 27 a5 e9
INFO - 92 ce 48 20 40 28 06 01
INFO - 92 ce 88 40 40 23 f0 01
INFO - 92 d0 88 08 40 27 a5 e9
INFO - 92 d0 c8 20 40 28 06 01
INFO - 92 d0 08 40 40 20 04 fc
INFO - 92 d2 08 08 40 27 a5 ec
INFO - 92 d2 48 20 40 28 06 01
INFO - 92 d2 88 40 40 23 f0 01
INFO - 92 d4 88 08 40 27 b1 f6
INFO - 92 d4 c8 20 40 28 06 03
INFO - 92 d4 08 40 40 20 04 fc
INFO - 92 d6 08 08 40 27 d9 f6
INFO - 92 d6 48 20 40 28 0e 03
INFO - 92 d6 88 40 40 23 f0 01
INFO - 92 d8 88 08 40 27 d9 f6
INFO - 92 d8 c8 20 40 28 0e 03
INFO - 92 d8 08 40 40 20 04 fc
INFO - 92 da 08 08 40 27 d9 f6
INFO - 92 da 48 20 40 28 0e 03
INFO - 92 da 88 40 40 23 f0 01
INFO - 92 dc 88 08 40 27 d9 f6
INFO - 92 dc c8 20 40 28 0e 03
INFO - 92 dc 08 40 40 20 04 fc
INFO - 92 de 08 08 40 27 d9 f6
INFO - 92 de 48 20 40 28 0e 03
INFO - 92 de 88 40 40 23 f0 00
INFO - 92 e0 88 08 40 27 d9 f6
INFO - 92 e0 c8 20 40 28 0e 03
INFO - 92 e0 08 40 40 20 00 fd
INFO - 92 e2 08 08 40 27 d9 f6
INFO - 92 e2 48 20 40 28 0e 03
INFO - 92 e2 88 40 40 23 f4 00
INFO - 92 e4 88 08 40 27 d9 f6
INFO - 92 e4 c8 20 40 28 0e 03
INFO - 92 e4 08 40 40 20 00 01
INFO - 92 e6 08 08 40 27 d9 f6
INFO - 92 e6 48 20 40 28 0e 01
INFO - 92 e6 88 40 40 20 04 fc
INFO - 92 e8 88 08 40 27 d9 f6
INFO - 92 e8 c8 20 40 28 06 01
INFO - 92 e8 08 40 40 23 f0 00
INFO - 92 ea 08 08 40 27 d9 f6
INFO - 92 ea 48 20 40 28 06 01
INFO - 92 ea 88 40 40 20 00 00
INFO - 92 ec 88 08 40 27 d9 f6
INFO - 92 ec c8 20 40 28 06 01
INFO - 92 ec 08 40 40 20 00 01
INFO - 92 ee 08 08 40 27 d9 f6
INFO - 92 ee 48 20 40 28 06 01
INFO - 92 ee 88 40 40 20 04 fc
INFO - 92 f0 88 08 40 27 d9 f2
INFO - 92 f0 c8 20 40 28 06 01
INFO - 92 f0 08 40 40 23 f0 00
INFO - 92 f2 08 08 40 27 c9 e6
INFO - 92 f2 48 20 40 28 06 03
INFO - 92 f2 88 40 40 20 00 01
INFO - 92 f4 88 08 40 27 99 e6
INFO - 92 f4 c8 20 40 28 0e 03
INFO - 92 f4 08 40 40 20 04 fc
INFO - 92 f6 08 08 40 27 99 e6
INFO - 92 f6 48 20 40 28 0e 05
INFO - 92 f6 88 40 40 23 f0 01
INFO - 92 f8 88 08 40 27 99 e6
INFO - 92 f8 c8 20 40 28 16 05
INFO - 92 f8 08 40 40 20 04 fc
INFO - 92 fa 08 08 40 27 99 e6
INFO - 92 fa 48 20 40 28 16 07
INFO - 92 fa 88 40 40 23 f0 00
INFO - 92 fc 88 08 40 27 99 e6
INFO - 92 fc c8 20 40 28 1e 05
INFO - 92 fc 08 40 40 20 00 fd
INFO - 92 fe 08 08 40 27 99 e6
INFO - 92 fe 48 20 40 28 16 05
INFO - 92 fe 88 40 40 23 f4 00
INFO - 93 00 88 08 40 27 99 e6
INFO - 93 00 c8 20 40 28 16 01
INFO - 93 00 08 40 40 20 00 01
INFO - 93 02 08 08 40 27 99 e6
INFO - 93 02 48 20 40 28 06 01
INFO - 93 02 88 40 40 20 04 fc
INFO - 93 04 88 08 40 27 99 e6
INFO - 93 04 c8 20 40 28 06 01
INFO - 93 04 08 40 40 23 f0 00
INFO - 93 06 08 08 40 27 99 e6
INFO - 93 06 48 20 40 28 06 03
INFO - 93 06 88 40 40 20 00 00
INFO - 93 08 88 08 40 27 99 e6
INFO - 93 08 c8 20 40 28 0e 03
INFO - 93 08 08 40 40 20 00 fd
INFO - 93 0a 08 08 40 27 99 e6
INFO - 93 0a 48 20 40 28 0e 03
INFO - 93 0a 88 40 40 23 f4 00
INFO - 93 0c 88 08 40 27 99 e6
INFO - 93 0c c8 20 40 28 0e 03
INFO - 93 0c 08 40 40 20 00 00
INFO - 93 0e 08 08 40 27 99 ea
INFO - 93 0e 48 20 40 28 0e 03
INFO - 93 0e 88 40 40 20 00 01
INFO - 93 10 88 08 40 27 a9 f6
INFO - 93 10 c8 20 40 28 0e 03
INFO - 93 10 08 40 40 20 04 fc
INFO - 93 12 08 08 40 27 d9 f6
INFO - 93 12 48 20 40 28 0e 03
INFO - 93 12 88 40 40 23 f0 00
INFO - 93 14 88 08 40 27 d9 f6
INFO - 93 14 c8 20 40 28 0e 03
INFO - 93 14 08 40 40 20 00 00
INFO - 93 16 08 08 40 27 d9 f6
INFO - 93 16 48 20 40 28 0e 03
INFO - 93 16 88 40 40 20 00 00
INFO - 93 18 88 08 40 27 d9 f6
INFO - 93 18 c8 20 40 28 0e 03
INFO - 93 18 08 40 40 20 00 00
INFO - 93 1a 08 08 40 27 d9 f6
INFO - 93 1a 48 20 40 28 0e 03
INFO - 93 1a 88 40 40 20 00 00
INFO - 93 1c 88 08 40 27 d9 f6
INFO - 93 1c c8 20 40 28 0e 03
INFO - 93 1c 08 40 40 20 00 fd
INFO - 93 1e 08 08 40 27 d9 f6
INFO - 93 1e 48 20 40 28 0e 03
INFO - 93 1e 88 40 40 23 f4 00
INFO - 93 20 88 08 40 27 d9 f6
INFO - 93 20 c8 20 40 28 0e 03
INFO - 93 20 08 40 40 20 00 00
INFO - 93 22 08 08 40 27 d9 f6
INFO - 93 22 48 20 40 28 0e 03
INFO - 93 22 88 40 40 20 00 00
INFO - 93 24 88 08 40 27 d9 f6
INFO - 93 24 c8 20 40 28 0e 03
INFO - 93 24 08 40 40 20 00 00
INFO - 93 26 08 08 40 27 d9 f6
INFO - 93 26 48 20 40 28 0e 03
INFO - 93 26 88 40 40 20 00 fd
INFO - 93 28 88 08 40 27 d9 f6
INFO - 93 28 c8 20 40 28 0e 03
INFO - 93 28 08 40 40 23 f4 00
INFO - 93 2a 08 08 40 27 d9 f6
INFO - 93 2a 48 20 40 28 0e 03
INFO - 93 2a 88 40 40 20 00 00
INFO - 93 2c 88 08 40 27 d9 e5
INFO - 93 2c c8 20 40 28 0e 03
INFO - 93 2c 08 40 40 20 00 00
INFO - 93 2e 08 08 40 27 95 bb
INFO - 93 2e 48 20 40 28 0e 03
INFO - 93 2e 88 40 40 20 00 fd
INFO - 93 30 88 08 40 26 ed bb
INFO - 93 30 c8 20 40 28 0e 03
INFO - 93 30 08 40 40 23 f4 00
INFO - 93 32 08 08 40 26 ed bb
INFO - 93 32 48 20 40 28 0e 01
INFO - 93 32 88 40 40 20 00 00
INFO - 93 34 88 08 40 26 ed bb
INFO - 93 34 c8 20 40 28 06 01
INFO - 93 34 08 40 40 20 00 fd
INFO - 93 36 08 08 40 26 ed bb
INFO - 93 36 48 20 40 28 06 01
INFO - 93 36 88 40 40 23 f4 00
INFO - 93 38 88 08 40 26 ed bb
INFO - 93 38 c8 20 40 28 06 03
INFO - 93 38 08 40 40 20 00 fc
INFO - 93 3a 08 08 40 26 ed bb
INFO - 93 3a 48 20 40 28 0e 03
INFO - 93 3a 88 40 40 23 f0 01
INFO - 93 3c 88 08 40 26 ed bb
INFO - 93 3c c8 20 40 28 0e 03
INFO - 93 3c 08 40 40 20 04 00
INFO - 93 3e 08 08 40 26 ed bb
INFO - 93 3e 48 20 40 28 0e 03
INFO - 93 3e 88 40 40 20 00 00
INFO - 93 40 88 08 40 26 ed bb
INFO - 93 40 c8 20 40 28 0e 01
INFO - 93 40 08 40 40 20 00 00
INFO - 93 42 08 08 40 26 ed bb
INFO - 93 42 48 20 40 28 06 01
INFO - 93 42 88 40 40 20 00 fd
INFO - 93 44 88 08 40 26 ed bb
INFO - 93 44 c8 20 40 28 06 01
INFO - 93 44 08 40 40 23 f4 00
INFO - 93 46 08 08 40 26 ed bb
INFO - 93 46 48 20 40 28 06 03
INFO - 93 46 88 40 40 20 00 00
INFO - 93 48 88 08 40 26 ed bb
INFO - 93 48 c8 20 40 28 0e 03
INFO - 93 48 08 40 40 20 00 fd
INFO - 93 4a 08 08 40 26 ed bb
INFO - 93 4a 48 20 40 28 0e 03
INFO - 93 4a 88 40 40 23 f4 00
INFO - 93 4c 88 08 40 26 ed c4
INFO - 93 4c c8 20 40 28 0e 03
INFO - 93 4c 08 40 40 20 00 fd
INFO - 93 4e 08 08 40 27 11 f8
INFO - 93 4e 48 20 40 28 0e 03
INFO - 93 4e 88 40 40 23 f4 fd
INFO - 93 50 88 08 40 27 e1 f8
INFO - 93 50 c8 20 40 28 0e 03
INFO - 93 50 08 40 40 23 f4 01
INFO - 93 52 08 08 40 27 e1 f8
INFO - 93 52 48 20 40 28 0e 03
INFO - 93 52 88 40 40 20 04 fd
INFO - 93 54 88 08 40 27 e1 f8
INFO - 93 54 c8 20 40 28 0e 03
INFO - 93 54 08 40 40 23 f4 00
INFO - 93 56 08 08 40 27 e1 f8
INFO - 93 56 48 20 40 28 0e 03
INFO - 93 56 88 40 40 20 00 00
INFO - 93 58 88 08 40 27 e1 f8
INFO - 93 58 c8 20 40 28 0e 03
INFO - 93 58 08 40 40 20 00 fc
INFO - 93 5a 08 08 40 27 e1 f8
INFO - 93 5a 48 20 40 28 0e 03
INFO - 93 5a 88 40 40 23 f0 01
INFO - 93 5c 88 08 40 27 e1 f8
INFO - 93 5c c8 20 40 28 0e 03
INFO - 93 5c 08 40 40 20 04 00
INFO - 93 5e 08 08 40 27 e1 f8
INFO - 93 5e 48 20 40 28 0e 01
INFO - 93 5e 88 40 40 20 00 fc
INFO - 93 60 88 08 40 27 e1 f8
INFO - 93 60 c8 20 40 28 06 01
INFO - 93 60 08 40 40 23 f0 01
INFO - 93 62 08 08 40 27 e1 f8
INFO - 93 62 48 20 40 28 06 01
INFO - 93 62 88 40 40 20 04 fd
INFO - 93 64 88 08 40 27 e1 f8
INFO - 93 64 c8 20 40 28 06 01
INFO - 93 64 08 40 40 23 f4 00
INFO - 93 66 08 08 40 27 e1 f8
INFO - 93 66 48 20 40 28 06 01
INFO - 93 66 88 40 40 20 00 fc
INFO - 93 68 88 08 40 27 e1 f8
INFO - 93 68 c8 20 40 28 06 01
INFO - 93 68 08 40 40 23 f0 01
INFO - 93 6a 08 08 40 27 e1 f9
INFO - 93 6a 48 20 40 28 06 03
INFO - 93 6a 88 40 40 20 04 00
INFO - 93 6c 88 08 40 27 e5 f9
INFO - 93 6c c8 20 40 28 0e 03
INFO - 93 6c 08 40 40 20 00 fc
INFO - 93 6e 08 08 40 27 e5 f9
INFO - 93 6e 48 20 40 28 0e 03
INFO - 93 6e 88 40 40 23 f0 01
INFO - 93 70 88 08 40 27 e5 f9
INFO - 93 70 c8 20 40 28 0e 03
INFO - 93 70 08 40 40 20 04 fd
INFO - 93 72 08 08 40 27 e5 f9
INFO - 93 72 48 20 40 28 0e 03
INFO - 93 72 88 40 40 23 f4 fd
INFO - 93 74 88 08 40 27 e5 f9
INFO - 93 74 c8 20 40 28 0e 03
INFO - 93 74 08 40 40 23 f4 01
INFO - 93 76 08 08 40 27 e5 f9
INFO - 93 76 48 20 40 28 0e 03
INFO - 93 76 88 40 40 20 04 fc
INFO - 93 78 88 08 40 27 e5 f9
INFO - 93 78 c8 20 40 28 0e 03
INFO - 93 78 08 40 40 23 f0 01
INFO - 93 7a 08 08 40 27 e5 f9
INFO - 93 7a 48 20 40 28 0e 03
INFO - 93 7a 88 40 40 20 04 fc
INFO - 93 7c 88 08 40 27 e5 f9
INFO - 93 7c c8 20 40 28 0e 03
INFO - 93 7c 08 40 40 23 f0 01
INFO - 93 7e 08 08 40 27 e5 f9
INFO - 93 7e 48 20 40 28 0e 03
INFO - 93 7e 88 40 40 20 04 fd
INFO - 93 80 88 08 40 27 e5 f9
INFO - 93 80 c8 20 40 28 0e 03
INFO - 93 80 08 40 40 23 f4 fd
INFO - 93 82 08 08 40 27 e5 f9
INFO - 93 82 48 20 40 28 0e 03
INFO - 93 82 88 40 40 23 f4 01
INFO - 93 84 88 08 40 27 e5 f9
INFO - 93 84 c8 20 40 28 0e 03
INFO - 93 84 08 40 40 20 04 fc
INFO - 93 86 08 08 40 27 e5 f9
INFO - 93 86 48 20 40 28 0e 01
INFO - 93 86 88 40 40 23 f0 01
INFO - 93 88 88 08 40 27 e5 f9
INFO - 93 88 c8 20 40 28 06 01
INFO - 93 88 08 40 40 20 04 fc
INFO - 93 8a 08 08 40 27 e5 f9
INFO - 93 8a 48 20 40 28 06 01
INFO - 93 8a 88 40 40 23 f0 01
INFO - 93 8c 88 08 40 27 e5 f9
INFO - 93 8c c8 20 40 28 06 01
INFO - 93 8c 08 40 40 20 04 fd
INFO - 93 8e 08 08 40 27 e5 f9
INFO - 93 8e 48 20 40 28 06 03
INFO - 93 8e 88 40 40 23 f4 01
INFO - 93 90 88 08 40 27 e5 f9
INFO - 93 90 c8 20 40 28 0e 03
INFO - 93 90 08 40 40 20 04 fd
INFO - 93 92 08 08 40 27 e5 f9
INFO - 93 92 48 20 40 28 0e 03
INFO - 93 92 88 40 40 23 f4 01
INFO - 93 94 88 08 40 27 e5 f9
INFO - 93 94 c8 20 40 28 0e 03
INFO - 93 94 08 40 40 20 04 fc
INFO - 93 96 08 08 40 27 e5 f9
INFO - 93 96 48 20 40 28 0e 03
INFO - 93 96 88 40 40 23 f0 01
INFO - 93 98 88 08 40 27 e5 f9
INFO - 93 98 c8 20 40 28 0e 03
INFO - 93 98 08 40 40 20 04 fc
INFO - 93 9a 08 08 40 27 e5 f9
INFO - 93 9a 48 20 40 28 0e 03
INFO - 93 9a 88 40 40 23 f0 01
INFO - 93 9c 88 08 40 27 e5 f9
INFO - 93 9c c8 20 40 28 0e 03
INFO - 93 9c 08 40 40 20 04 fc
INFO - 93 9e 08 08 40 27 e5 f9
INFO - 93 9e 48 20 40 28 0e 03
INFO - 93 9e 88 40 40 23 f0 fd
INFO - 93 a0 88 08 40 27 e5 f9
INFO - 93 a0 c8 20 40 28 0e 03
INFO - 93 a0 08 40 40 23 f4 01
INFO - 93 a2 08 08 40 27 e5 f9
INFO - 93 a2 48 20 40 28 0e 05
INFO - 93 a2 88 40 40 20 04 fc
INFO - 93 a4 88 08 40 27 e5 f9
INFO - 93 a4 c8 20 40 28 16 05
INFO - 93 a4 08 40 40 23 f0 fd
INFO - 93 a6 08 08 40 27 e5 fd
INFO - 93 a6 48 20 40 28 16 03
INFO - 93 a6 88 40 40 23 f4 01
INFO - 93 a8 88 08 40 27 f6 09
INFO - 93 a8 c8 20 40 28 0e 03
INFO - 93 a8 08 40 40 20 04 fc
INFO - 93 aa 08 08 40 28 26 09
INFO - 93 aa 48 20 40 28 0e 03
INFO - 93 aa 88 40 40 23 f0 00
INFO - 93 ac 88 08 40 28 26 09
INFO - 93 ac c8 20 40 28 0e 03
INFO - 93 ac 08 40 40 20 00 00
INFO - 93 ae 08 08 40 28 26 09
INFO - 93 ae 48 20 40 28 0e 01
INFO - 93 ae 88 40 40 20 00 01
INFO - 93 b0 88 08 40 28 26 09
INFO - 93 b0 c8 20 40 28 06 01
INFO - 93 b0 08 40 40 20 04 fd
INFO - 93 b2 08 08 40 28 26 09
INFO - 93 b2 48 20 40 28 06 01
INFO - 93 b2 88 40 40 23 f4 fd
INFO - 93 b4 88 08 40 28 26 09
INFO - 93 b4 c8 20 40 28 06 01
INFO - 93 b4 08 40 40 23 f4 01
INFO - 93 b6 08 08 40 28 26 09
INFO - 93 b6 48 20 40 28 06 01
INFO - 93 b6 88 40 40 20 04 fc
INFO - 93 b8 88 08 40 28 26 09
INFO - 93 b8 c8 20 40 28 06 01
INFO - 93 b8 08 40 40 23 f0 fd
INFO - 93 ba 08 08 40 28 26 09
INFO - 93 ba 48 20 40 28 06 01
INFO - 93 ba 88 40 40 23 f4 01
INFO - 93 bc 88 08 40 28 26 09
INFO - 93 bc c8 20 40 28 06 01
INFO - 93 bc 08 40 40 20 04 fc
INFO - 93 be 08 08 40 28 26 09
INFO - 93 be 48 20 40 28 06 01
INFO - 93 be 88 40 40 23 f0 fd
INFO - 93 c0 88 08 40 28 26 09
INFO - 93 c0 c8 20 40 28 06 01
INFO - 93 c0 08 40 40 23 f4 00
INFO - 93 c2 08 08 40 28 26 09
INFO - 93 c2 48 20 40 28 06 01
INFO - 93 c2 88 40 40 20 00 01
INFO - 93 c4 88 08 40 28 25 ff
INFO - 93 c4 c8 20 40 28 06 01
INFO - 93 c4 08 40 40 20 04 fc
INFO - 93 c6 08 08 40 27 fd d8
INFO - 93 c6 48 20 40 28 06 01
INFO - 93 c6 88 40 40 23 f0 00
INFO - 93 c8 88 08 40 27 61 d8
INFO - 93 c8 c8 20 40 28 06 01
INFO - 93 c8 08 40 40 20 00 01
INFO - 93 ca 08 08 40 27 61 d8
INFO - 93 ca 48 20 40 28 06 01
INFO - 93 ca 88 40 40 20 04 fc
INFO - 93 cc 88 08 40 27 61 d8
INFO - 93 cc c8 20 40 28 06 01
INFO - 93 cc 08 40 40 23 f0 00
INFO - 93 ce 08 08 40 27 61 d8
INFO - 93 ce 48 20 40 28 06 01
INFO - 93 ce 88 40 40 20 00 fd
INFO - 93 d0 88 08 40 27 61 d8
INFO - 93 d0 c8 20 40 28 06 01
INFO - 93 d0 08 40 40 23 f4 01
INFO - 93 d2 08 08 40 27 61 d8
INFO - 93 d2 48 20 40 28 06 01
INFO - 93 d2 88 40 40 20 04 fc
INFO - 93 d4 88 08 40 27 61 d8
INFO - 93 d4 c8 20 40 28 06 01
INFO - 93 d4 08 40 40 23 f0 00
INFO - 93 d6 08 08 40 27 61 d8
INFO - 93 d6 48 20 40 28 06 01
INFO - 93 d6 88 40 40 20 00 01
INFO - 93 d8 88 08 40 27 61 d8
INFO - 93 d8 c8 20 40 28 06 01
INFO - 93 d8 08 40 40 20 04 fc
INFO - 93 da 08 08 40 27 61 d8
INFO - 93 da 48 20 40 28 06 01
INFO - 93 da 88 40 40 23 f0 00
INFO - 93 dc 88 08 40 27 61 d8
INFO - 93 dc c8 20 40 28 06 01
INFO - 93 dc 08 40 40 20 00 fd
INFO - 93 de 08 08 40 27 61 d8
INFO - 93 de 48 20 40 28 06 01
INFO - 93 de 88 40 40 23 f4 00
INFO - 93 e0 88 08 40 27 61 d8
INFO - 93 e0 c8 20 40 28 06 01
INFO - 93 e0 08 40 40 20 00 01
INFO - 93 e2 08 08 40 27 61 d6
INFO - 93 e2 48 20 40 28 06 01
INFO - 93 e2 88 40 40 20 04 fd
INFO - 93 e4 88 08 40 27 59 d6
INFO - 93 e4 c8 20 40 28 06 01
INFO - 93 e4 08 40 40 23 f4 fd
INFO - 93 e6 08 08 40 27 59 d6
INFO - 93 e6 48 20 40 28 06 01
INFO - 93 e6 88 40 40 23 f4 00
INFO - 93 e8 88 08 40 27 59 d6
INFO - 93 e8 c8 20 40 28 06 03
INFO - 93 e8 08 40 40 20 00 fd
INFO - 93 ea 08 08 40 27 59 d6
INFO - 93 ea 48 20 40 28 0e 03
INFO - 93 ea 88 40 40 23 f4 00
INFO - 93 ec 88 08 40 27 59 d6
INFO - 93 ec c8 20 40 28 0e 01
INFO - 93 ec 08 40 40 20 00 fd
INFO - 93 ee 08 08 40 27 59 d6
INFO - 93 ee 48 20 40 28 06 01
INFO - 93 ee 88 40 40 23 f4 00
INFO - 93 f0 88 08 40 27 59 d6
INFO - 93 f0 c8 20 40 28 06 01
INFO - 93 f0 08 40 40 20 00 fd
INFO - 93 f2 08 08 40 27 59 d6
INFO - 93 f2 48 20 40 28 06 01
INFO - 93 f2 88 40 40 23 f4 00
INFO - 93 f4 88 08 40 27 59 d6
INFO - 93 f4 c8 20 40 28 06 01
INFO - 93 f4 08 40 40 20 00 01
INFO - 93 f6 08 08 40 27 59 d6
INFO - 93 f6 48 20 40 28 06 01
INFO - 93 f6 88 40 40 20 04 fc
INFO - 93 f8 88 08 40 27 59 d6
INFO - 93 f8 c8 20 40 28 06 01
INFO - 93 f8 08 40 40 23 f0 fc
INFO - 93 fa 08 08 40 27 59 d6
INFO - 93 fa 48 20 40 28 06 01
INFO - 93 fa 88 40 40 23 f0 01
INFO - 93 fc 88 08 40 27 59 d6
INFO - 93 fc c8 20 40 28 05 ff
INFO - 93 fc 08 40 40 20 04 00
INFO - 93 fe 08 08 40 27 59 d6
INFO - 93 fe 48 20 40 27 fd ff
INFO - 93 fe 88 40 40 20 00 fd
INFO - 94 00 88 08 40 27 59 dc
INFO - 94 00 c8 20 40 27 fd ff
INFO - 94 00 08 40 40 23 f4 00
INFO - 94 02 08 08 40 27 71 fa
INFO - 94 02 48 20 40 27 fd ff
INFO - 94 02 88 40 40 20 00 fd
INFO - 94 04 88 08 40 27 e9 fa
INFO - 94 04 c8 20 40 27 fd ff
INFO - 94 04 08 40 40 23 f4 00
INFO - 94 06 08 08 40 27 e9 fa
INFO - 94 06 48 20 40 27 fe 01
INFO - 94 06 88 40 40 20 00 00
INFO - 94 08 88 08 40 27 e9 fa
INFO - 94 08 c8 20 40 28 06 01
INFO - 94 08 08 40 40 20 00 fc
INFO - 94 0a 08 08 40 27 e9 fa
INFO - 94 0a 48 20 40 28 06 01
INFO - 94 0a 88 40 40 23 f0 01
INFO - 94 0c 88 08 40 27 e9 fa
INFO - 94 0c c8 20 40 28 06 01
INFO - 94 0c 08 40 40 20 04 fd
INFO - 94 0e 08 08 40 27 e9 fa
INFO - 94 0e 48 20 40 28 05 ff
INFO - 94 0e 88 40 40 23 f4 00
INFO - 94 10 88 08 40 27 e9 fa
INFO - 94 10 c8 20 40 27 fd ff
INFO - 94 10 08 40 40 20 00 fd
INFO - 94 12 08 08 40 27 e9 fa
INFO - 94 12 48 20 40 27 fd ff
INFO - 94 12 88 40 40 23 f4 00
INFO - 94 14 88 08 40 27 e9 fa
INFO - 94 14 c8 20 40 27 fe 01
INFO - 94 14 08 40 40 20 00 fc
INFO - 94 16 08 08 40 27 e9 fa
INFO - 94 16 48 20 40 28 06 01
INFO - 94 16 88 40 40 23 f0 01
INFO - 94 18 88 08 40 27 e9 fa
INFO - 94 18 c8 20 40 28 06 01
INFO - 94 18 08 40 40 20 04 fd
INFO - 94 1a 08 08 40 27 e9 fa
INFO - 94 1a 48 20 40 28 06 01
INFO - 94 1a 88 40 40 23 f4 00
INFO - 94 1c 88 08 40 27 e9 fa
INFO - 94 1c c8 20 40 28 06 01
INFO - 94 1c 08 40 40 20 00 fc
INFO - 94 1e 08 08 40 27 e9 f8
INFO - 94 1e 48 20 40 28 06 01
INFO - 94 1e 88 40 40 23 f0 01
INFO - 94 20 88 08 40 27 e1 f4
INFO - 94 20 c8 20 40 28 05 ff
INFO - 94 20 08 40 40 20 04 fd
INFO - 94 22 08 08 40 27 d1 f4
INFO - 94 22 48 20 40 27 fd ff
INFO - 94 22 88 40 40 23 f4 fc
INFO - 94 24 88 08 40 27 d1 f4
INFO - 94 24 c8 20 40 27 fd ff
INFO - 94 24 08 40 40 23 f0 01
INFO - 94 26 08 08 40 27 d1 f4
INFO - 94 26 48 20 40 27 fd ff
INFO - 94 26 88 40 40 20 04 fc
INFO - 94 28 88 08 40 27 d1 f4
INFO - 94 28 c8 20 40 27 fe 01
INFO - 94 28 08 40 40 23 f0 01
INFO - 94 2a 08 08 40 27 d1 f4
INFO - 94 2a 48 20 40 28 06 01
INFO - 94 2a 88 40 40 20 04 fd
INFO - 94 2c 88 08 40 27 d1 f4
INFO - 94 2c c8 20 40 28 06 01
INFO - 94 2c 08 40 40 23 f4 00
INFO - 94 2e 08 08 40 27 d1 f4
INFO - 94 2e 48 20 40 28 05 ff
INFO - 94 2e 88 40 40 20 00 fc
INFO - 94 30 88 08 40 27 d1 f4
INFO - 94 30 c8 20 40 27 fd ff
INFO - 94 30 08 40 40 23 f0 01
INFO - 94 32 08 08 40 47 d1 f4
INFO - 94 32 48 20 40 47 fd ff
INFO - 94 32 88 40 40 40 04 fc
INFO - 94 36 08 08 40 27 d1 f4
INFO - 94 36 48 20 40 27 fd ff
INFO - 94 36 88 40 40 23 f0 01
INFO - 94 38 88 08 40 27 d1 f4
INFO - 94 38 c8 20 40 27 fe 01
INFO - 94 38 08 40 40 20 04 fc
INFO - 94 3a 08 08 40 27 d1 f4
INFO - 94 3a 48 20 40 28 06 01
INFO - 94 3a 88 40 40 23 f0 01
INFO - 94 3c 88 08 40 27 d1 f1
INFO - 94 3c c8 20 40 28 05 ff
INFO - 94 3c 08 40 40 20 04 fc
INFO - 94 3e 08 08 40 27 c5 e6
INFO - 94 3e 48 20 40 27 fd ff
INFO - 94 3e 88 40 40 23 f0 01
INFO - 94 40 88 08 40 27 99 e6
INFO - 94 40 c8 20 40 27 fd ff
INFO - 94 40 08 40 40 20 04 fc
INFO - 94 42 08 08 40 27 99 e6
INFO - 94 42 48 20 40 27 fd ff
INFO - 94 42 88 40 40 23 f0 01
INFO - 94 44 88 08 40 27 99 e6
INFO - 94 44 c8 20 40 27 fd ff
INFO - 94 44 08 40 40 20 04 fc
INFO - 94 46 08 08 40 37 99 e6
INFO - 94 46 48 20 40 37 fd ff
INFO - 94 46 88 40 40 33 f0 01
INFO - 94 49 88 08 40 17 99 e6
INFO - 94 49 c8 20 40 17 fd ff
INFO - 94 49 08 40 40 10 04 fc
INFO - 94 4a 08 08 40 27 99 e6
INFO - 94 4a 48 20 40 27 fd ff
INFO - 94 4a 88 40 40 23 f0 fd
INFO - 94 4c 88 08 40 27 99 e6
INFO - 94 4c c8 20 40 27 fd ff
INFO - 94 4c 08 40 40 23 f4 01
INFO - 94 4e 08 08 40 27 99 e6
INFO - 94 4e 48 20 40 27 fd ff
INFO - 94 4e 88 40 40 20 04 fc
INFO - 94 50 88 08 40 37 99 e6
INFO - 94 50 c8 20 40 37 fd ff
INFO - 94 50 08 40 40 33 f0 01
INFO - 94 53 08 08 40 17 99 e6
INFO - 94 53 48 20 40 17 fd ff
INFO - 94 53 88 40 40 10 04 fc
INFO - 94 54 88 08 40 37 99 e6
INFO - 94 54 c8 20 40 37 fd ff
INFO - 94 54 08 40 40 33 f0 fd
INFO - 94 57 08 08 40 27 99 e6
INFO - 94 57 48 20 40 27 fd ff
INFO - 94 57 88 40 40 23 f4 00
INFO - 94 59 88 08 40 27 99 e6
INFO - 94 59 c8 20 40 27 fd ff
INFO - 94 59 08 40 40 20 00 01
INFO - 94 5b 08 08 40 27 99 e6
INFO - 94 5b 48 20 40 27 fd ff
INFO - 94 5b 88 40 40 20 04 fc
INFO - 94 5d 88 08 40 27 99 e6
INFO - 94 5d c8 20 40 27 fd ff
INFO - 94 5d 08 40 40 23 f0 00
INFO - 94 5f 08 08 40 27 99 e6
INFO - 94 5f 48 20 40 27 fd ff
INFO - 94 5f 88 40 40 20 00 01
INFO - 94 61 88 08 40 27 99 e6
INFO - 94 61 c8 20 40 27 fd ff
INFO - 94 61 08 40 40 20 04 fc
INFO - 94 63 08 08 40 27 99 e6
INFO - 94 63 48 20 40 27 fd ff
INFO - 94 63 88 40 40 23 f0 00
INFO - 94 65 88 08 40 27 99 e6
INFO - 94 65 c8 20 40 27 fd ff
INFO - 94 65 08 40 40 20 00 00
INFO - 94 67 08 08 40 27 99 e6
INFO - 94 67 48 20 40 27 fd ff
INFO - 94 67 88 40 40 20 00 01
INFO - 94 69 88 08 40 27 99 e6
INFO - 94 69 c8 20 40 27 fd ff
INFO - 94 69 08 40 40 20 04 fc
INFO - 94 6b 08 08 40 27 99 e6
INFO - 94 6b 48 20 40 27 fd ff
INFO - 94 6b 88 40 40 23 f0 00
INFO - 94 6d 88 08 40 27 99 e6
INFO - 94 6d c8 20 40 27 fd ff
INFO - 94 6d 08 40 40 20 00 00
INFO - 94 6f 08 08 40 27 99 e6
INFO - 94 6f 48 20 40 27 fd ff
INFO - 94 6f 88 40 40 20 00 01
INFO - 94 71 88 08 40 27 99 e6
INFO - 94 71 c8 20 40 27 fd ff
INFO - 94 71 08 40 40 20 04 fc
INFO - 94 73 08 08 40 27 99 e6
INFO - 94 73 48 20 40 27 fd ff
INFO - 94 73 88 40 40 23 f0 00
INFO - 94 75 88 08 40 27 99 e6
INFO - 94 75 c8 20 40 27 fd ff
INFO - 94 75 08 40 40 20 00 fd
INFO - 94 77 08 08 40 27 99 e6
INFO - 94 77 48 20 40 27 fd ff
INFO - 94 77 88 40 40 23 f4 00
INFO - 94 79 88 08 40 27 99 e8
INFO - 94 79 c8 20 40 27 fd ff
INFO - 94 79 08 40 40 20 00 00
INFO - 94 7b 08 08 40 27 a1 f4
INFO - 94 7b 48 20 40 27 fd ff
INFO - 94 7b 88 40 40 20 00 01
INFO - 94 7d 88 08 40 27 d1 f4
INFO - 94 7d c8 20 40 27 fd ff
INFO - 94 7d 08 40 40 20 04 fc
INFO - 94 7f 08 08 40 27 d1 f4
INFO - 94 7f 48 20 40 27 fd fd
INFO - 94 7f 88 40 40 23 f0 fd
INFO - 94 81 88 08 40 27 d1 f4
INFO - 94 81 c8 20 40 27 f5 fd
INFO - 94 81 08 40 40 23 f4 00
INFO - 94 83 08 08 40 27 d1 f4
INFO - 94 83 48 20 40 27 f5 fd
INFO - 94 83 88 40 40 20 00 00
INFO - 94 85 88 08 40 27 d1 f4
INFO - 94 85 c8 20 40 27 f5 ff
INFO - 94 85 08 40 40 20 00 00
INFO - 94 87 08 08 40 27 d1 f4
INFO - 94 87 48 20 40 27 fd ff
INFO - 94 87 88 40 40 20 00 fd
INFO - 94 89 88 08 40 27 d1 f4
INFO - 94 89 c8 20 40 27 fd ff
INFO - 94 89 08 40 40 23 f4 00
INFO - 94 8b 08 08 40 27 d1 f4
INFO - 94 8b 48 20 40 27 fd ff
INFO - 94 8b 88 40 40 20 00 00
INFO - 94 8d 88 08 40 27 d1 f4
INFO - 94 8d c8 20 40 27 fd ff
INFO - 94 8d 08 40 40 20 00 fd
INFO - 94 8f 08 08 40 27 d1 f4
INFO - 94 8f 48 20 40 27 fd ff
INFO - 94 8f 88 40 40 23 f4 00
INFO - 94 91 88 08 40 27 d1 f4
INFO - 94 91 c8 20 40 27 fd ff
INFO - 94 91 08 40 40 20 00 00
INFO - 94 93 08 08 40 27 d1 f4
INFO - 94 93 48 20 40 27 fd ff
INFO - 94 93 88 40 40 20 00 fd
INFO - 94 95 88 08 40 27 d1 f4
INFO - 94 95 c8 20 40 27 fd ff
INFO - 94 95 08 40 40 23 f4 00
INFO - 94 97 08 08 40 27 d1 ed
INFO - 94 97 48 20 40 27 fd ff
INFO - 94 97 88 40 40 20 00 00
INFO - 94 99 88 08 40 27 b5 d4
INFO - 94 99 c8 20 40 27 fd ff
INFO - 94 99 08 40 40 20 00 fd
INFO - 94 9b 08 08 40 27 51 d4
INFO - 94 9b 48 20 40 27 fd ff
INFO - 94 9b 88 40 40 23 f4 00
INFO - 94 9d 88 08 40 27 51 d4
INFO - 94 9d c8 20 40 27 fd ff
INFO - 94 9d 08 40 40 20 00 fc
INFO - 94 9f 08 08 40 27 51 d4
INFO - 94 9f 48 20 40 27 fd ff
INFO - 94 9f 88 40 40 23 f0 01
INFO - 94 a1 88 08 40 27 51 d4
INFO - 94 a1 c8 20 40 27 fd ff
INFO - 94 a1 08 40 40 20 04 00
INFO - 94 a3 08 08 40 27 51 d4
INFO - 94 a3 48 20 40 27 fd ff
INFO - 94 a3 88 40 40 20 00 00
INFO - 94 a5 88 08 40 27 51 d4
INFO - 94 a5 c8 20 40 27 fd ff
INFO - 94 a5 08 40 40 20 00 00
INFO - 94 a7 08 08 40 27 51 d4
INFO - 94 a7 48 20 40 27 fd ff
INFO - 94 a7 88 40 40 20 00 fd
INFO - 94 a9 88 08 40 27 51 d4
INFO - 94 a9 c8 20 40 27 fd ff
INFO - 94 a9 08 40 40 23 f4 00
INFO - 94 ab 08 08 40 27 51 d4
INFO - 94 ab 48 20 40 27 fd ff
INFO - 94 ab 88 40 40 20 00 00
INFO - 94 ad 88 08 40 27 51 d4
INFO - 94 ad c8 20 40 27 fd ff
INFO - 94 ad 08 40 40 20 00 fc
INFO - 94 af 08 08 40 27 51 d4
INFO - 94 af 48 20 40 27 fd ff
INFO - 94 af 88 40 40 23 f0 01
INFO - 94 b1 88 08 40 27 51 d4
INFO - 94 b1 c8 20 40 27 fd ff
INFO - 94 b1 08 40 40 20 04 00
INFO - 94 b3 08 08 40 27 51 d4
INFO - 94 b3 48 20 40 27 fd ff
INFO - 94 b3 88 40 40 20 00 00
INFO - 94 b5 88 08 40 27 51 d6
INFO - 94 b5 c8 20 40 27 fd ff
INFO - 94 b5 08 40 40 20 00 fd
INFO - 94 b7 08 08 40 27 59 e2
INFO - 94 b7 48 20 40 27 fd ff
INFO - 94 b7 88 40 40 23 f4 00
INFO - 94 b9 88 08 40 27 89 e2
INFO - 94 b9 c8 20 40 27 fd ff
INFO - 94 b9 08 40 40 20 00 00
INFO - 94 bb 08 08 40 27 89 e2
INFO - 94 bb 48 20 40 27 fd ff
INFO - 94 bb 88 40 40 20 00 00
INFO - 94 bd 88 08 40 27 89 e2
INFO - 94 bd c8 20 40 27 fd ff
INFO - 94 bd 08 40 40 20 00 fc
INFO - 94 bf 08 08 40 27 89 e2
INFO - 94 bf 48 20 40 27 fd ff
INFO - 94 bf 88 40 40 23 f0 01
INFO - 94 c1 88 08 40 27 89 e2
INFO - 94 c1 c8 20 40 27 fd fd
INFO - 94 c1 08 40 40 20 04 00
INFO - 94 c3 08 08 40 27 89 e2
INFO - 94 c3 48 20 40 27 f5 fd
INFO - 94 c3 88 40 40 20 00 fd
INFO - 94 c5 88 08 40 27 89 e2
INFO - 94 c5 c8 20 40 27 f5 fb
INFO - 94 c5 08 40 40 23 f4 00
INFO - 94 c7 08 08 40 27 89 e2
INFO - 94 c7 48 20 40 27 ed fd
INFO - 94 c7 88 40 40 20 00 00
INFO - 94 c9 88 08 40 27 89 e2
INFO - 94 c9 c8 20 40 27 f5 fd
INFO - 94 c9 08 40 40 20 00 00
INFO - 94 cb 08 08 40 27 89 e2
INFO - 94 cb 48 20 40 27 f5 fd
INFO - 94 cb 88 40 40 20 00 fc
INFO - 94 cd 88 08 40 27 89 e2
INFO - 94 cd c8 20 40 27 f5 fd
INFO - 94 cd 08 40 40 23 f0 01
INFO - 94 cf 08 08 40 27 89 e2
INFO - 94 cf 48 20 40 27 f5 fb
INFO - 94 cf 88 40 40 20 04 00
INFO - 94 d1 88 08 40 27 89 e2
INFO - 94 d1 c8 20 40 27 ed fd
INFO - 94 d1 08 40 40 20 00 fc
INFO - 94 d3 08 08 40 27 89 e2
INFO - 94 d3 48 20 40 27 f5 fd
INFO - 94 d3 88 40 40 23 f0 01
INFO - 94 d5 88 08 40 27 89 e8
INFO - 94 d5 c8 20 40 27 f5 fd
INFO - 94 d5 08 40 40 20 04 00
INFO - 94 d7 08 08 40 27 a1 e8
INFO - 94 d7 48 20 40 27 f5 ff
INFO - 94 d7 88 40 40 20 00 fc
INFO - 94 d9 88 08 40 27 a1 e8
INFO - 94 d9 c8 20 40 27 fd ff
INFO - 94 d9 08 40 40 23 f0 01
INFO - 94 db 08 08 40 27 a1 e8
INFO - 94 db 48 20 40 27 fd ff
INFO - 94 db 88 40 40 20 04 fc
INFO - 94 dd 88 08 40 27 a1 e8
INFO - 94 dd c8 20 40 27 fd ff
INFO - 94 dd 08 40 40 23 f0 01
INFO - 94 df 08 08 40 27 a1 e8
INFO - 94 df 48 20 40 27 fd ff
INFO - 94 df 88 40 40 20 04 00
INFO - 94 e1 88 08 40 27 a1 e8
INFO - 94 e1 c8 20 40 27 fd fd
INFO - 94 e1 08 40 40 20 00 fc
INFO - 94 e3 08 08 40 27 a1 e8
INFO - 94 e3 48 20 40 27 f5 fd
INFO - 94 e3 88 40 40 23 f0 01
INFO - 94 e5 88 08 40 27 a1 e8
INFO - 94 e5 c8 20 40 27 f5 fd
INFO - 94 e5 08 40 40 20 04 fc
INFO - 94 e7 08 08 40 27 a1 e8
INFO - 94 e7 48 20 40 27 f5 fd
INFO - 94 e7 88 40 40 23 f0 01
INFO - 94 e9 88 08 40 27 a1 e8
INFO - 94 e9 c8 20 40 27 f5 fd
INFO - 94 e9 08 40 40 20 04 00
INFO - 94 eb 08 08 40 27 a1 e8
INFO - 94 eb 48 20 40 27 f5 ff
INFO - 94 eb 88 40 40 20 00 fc
INFO - 94 ed 88 08 40 27 a1 e8
INFO - 94 ed c8 20 40 27 fd ff
INFO - 94 ed 08 40 40 23 f0 01
INFO - 94 ef 08 08 40 27 a1 e8
INFO - 94 ef 48 20 40 27 fd ff
INFO - 94 ef 88 40 40 20 04 fc
INFO - 94 f1 88 08 40 27 a1 e9
INFO - 94 f1 c8 20 40 27 fd ff
INFO - 94 f1 08 40 40 23 f0 01
INFO - 94 f3 08 08 40 27 a5 f6
INFO - 94 f3 48 20 40 27 fd ff
INFO - 94 f3 88 40 40 20 04 fc
INFO - 94 f5 88 08 40 27 d9 f6
INFO - 94 f5 c8 20 40 27 fd ff
INFO - 94 f5 08 40 40 23 f0 01
INFO - 94 f7 08 08 40 27 d9 f6
INFO - 94 f7 48 20 40 27 fd ff
INFO - 94 f7 88 40 40 20 04 00
INFO - 94 f9 88 08 40 27 d9 f6
INFO - 94 f9 c8 20 40 27 fd ff
INFO - 94 f9 08 40 40 20 00 fc
INFO - 94 fb 08 08 40 27 d9 f6
INFO - 94 fb 48 20 40 27 fd ff
INFO - 94 fb 88 40 40 23 f0 01
INFO - 94 fd 88 08 40 27 d9 f6
INFO - 94 fd c8 20 40 27 fd ff
INFO - 94 fd 08 40 40 20 04 fc
INFO - 94 ff 08 08 40 27 d9 f6
INFO - 94 ff 48 20 40 27 fd ff
INFO - 94 ff 88 40 40 23 f0 00
INFO - 95 01 88 08 40 27 d9 f6
INFO - 95 01 c8 20 40 27 fd ff
INFO - 95 01 08 40 40 20 00 01
INFO - 95 03 08 08 40 27 d9 f6
INFO - 95 03 48 20 40 27 fd ff
INFO - 95 03 88 40 40 20 04 fc
INFO - 95 05 88 08 40 27 d9 f6
INFO - 95 05 c8 20 40 27 fd ff
INFO - 95 05 08 40 40 23 f0 01
INFO - 95 07 08 08 40 27 d9 f6
INFO - 95 07 48 20 40 27 fd ff
INFO - 95 07 88 40 40 20 04 00
INFO - 95 09 88 08 40 27 d9 f6
INFO - 95 09 c8 20 40 27 fd ff
INFO - 95 09 08 40 40 20 00 fc
INFO - 95 0b 08 08 40 27 d9 f6
INFO - 95 0b 48 20 40 27 fd ff
INFO - 95 0b 88 40 40 23 f0 00
INFO - 95 0d 88 08 40 27 d9 f6
INFO - 95 0d c8 20 40 27 fd ff
INFO - 95 0d 08 40 40 20 00 01
INFO - 95 0f 08 08 40 27 d9 f7
INFO - 95 0f 48 20 40 27 fd ff
INFO - 95 0f 88 40 40 20 04 fc
INFO - 95 11 88 08 40 27 dd fa
INFO - 95 11 c8 20 40 27 fd fd
INFO - 95 11 08 40 40 23 f0 00
INFO - 95 13 08 08 40 27 e9 fa
INFO - 95 13 48 20 40 27 f5 ff
INFO - 95 13 88 40 40 20 00 fd
INFO - 95 15 88 08 40 27 e9 fa
INFO - 95 15 c8 20 40 27 fd ff
INFO - 95 15 08 40 40 23 f4 01
INFO - 95 17 08 08 40 27 e9 fa
INFO - 95 17 48 20 40 27 fd ff
INFO - 95 17 88 40 40 20 04 fc
INFO - 95 19 88 08 40 27 e9 fa
INFO - 95 19 c8 20 40 27 fd ff
INFO - 95 19 08 40 40 23 f0 00
INFO - 95 1b 08 08 40 27 e9 fa
INFO - 95 1b 48 20 40 27 fd ff
INFO - 95 1b 88 40 40 20 00 01
INFO - 95 1d 88 08 40 27 e9 fa
INFO - 95 1d c8 20 40 27 fd ff
INFO - 95 1d 08 40 40 20 04 fc
INFO - 95 1f 08 08 40 27 e9 fa
INFO - 95 1f 48 20 40 27 fd ff
INFO - 95 1f 88 40 40 23 f0 00
INFO - 95 21 88 08 40 27 e9 fa
INFO - 95 21 c8 20 40 27 fd ff
INFO - 95 21 08 40 40 20 00 00
INFO - 95 23 08 08 40 27 e9 fa
INFO - 95 23 48 20 40 27 fd ff
INFO - 95 23 88 40 40 20 00 01
INFO - 95 25 88 08 40 27 e9 fa
INFO - 95 25 c8 20 40 27 fd ff
INFO - 95 25 08 40 40 20 04 fc
INFO - 95 27 08 08 40 27 e9 fa
INFO - 95 27 48 20 40 27 fd ff
INFO - 95 27 88 40 40 23 f0 00
INFO - 95 29 88 08 40 27 e9 fa
INFO - 95 29 c8 20 40 27 fd ff
INFO - 95 29 08 40 40 20 00 00
INFO - 95 2b 08 08 40 27 e9 fa
INFO - 95 2b 48 20 40 27 fd ff
INFO - 95 2b 88 40 40 20 00 fd
INFO - 95 2d 88 08 40 27 e9 fa
INFO - 95 2d c8 20 40 27 fd ff
INFO - 95 2d 08 40 40 23 f4 01
INFO - 95 2f 08 08 40 27 e9 f7
INFO - 95 2f 48 20 40 27 fd ff
INFO - 95 2f 88 40 40 20 04 fc
INFO - 95 31 88 08 40 27 dd e6
INFO - 95 31 c8 20 40 27 fd ff
INFO - 95 31 08 40 40 23 f0 00
INFO - 95 33 08 08 40 27 99 e6
INFO - 95 33 48 20 40 27 fd ff
INFO - 95 33 88 40 40 20 00 00
INFO - 95 35 88 08 40 27 99 e6
INFO - 95 35 c8 20 40 27 fd ff
INFO - 95 35 08 40 40 20 00 01
INFO - 95 37 08 08 40 27 99 e6
INFO - 95 37 48 20 40 27 fd ff
INFO - 95 37 88 40 40 20 04 fc
INFO - 95 39 88 08 40 27 99 e6
INFO - 95 39 c8 20 40 27 fd ff
INFO - 95 39 08 40 40 23 f0 fd
INFO - 95 3b 08 08 40 27 99 e6
INFO - 95 3b 48 20 40 27 fd ff
INFO - 95 3b 88 40 40 23 f4 00
INFO - 95 3d 88 08 40 27 99 e6
INFO - 95 3d c8 20 40 27 fd ff
INFO - 95 3d 08 40 40 20 00 00
INFO - 95 3f 08 08 40 27 99 e6
INFO - 95 3f 48 20 40 27 fd ff
INFO - 95 3f 88 40 40 20 00 00
INFO - 95 41 88 08 40 27 99 e6
INFO - 95 41 c8 20 40 27 fd ff
INFO - 95 41 08 40 40 20 00 00
INFO - 95 43 08 08 40 27 99 e6
INFO - 95 43 48 20 40 27 fd ff
INFO - 95 43 88 40 40 20 00 fd
INFO - 95 45 88 08 40 27 99 e6
INFO - 95 45 c8 20 40 27 fd ff
INFO - 95 45 08 40 40 23 f4 00
INFO - 95 47 08 08 40 27 99 e6
INFO - 95 47 48 20 40 27 fd ff
INFO - 95 47 88 40 40 20 00 00
INFO - 95 49 88 08 40 27 99 e6
INFO - 95 49 c8 20 40 27 fd ff
INFO - 95 49 08 40 40 20 00 00
INFO - 95 4b 08 08 40 27 99 e8
INFO - 95 4b 48 20 40 27 fd ff
INFO - 95 4b 88 40 40 20 00 00
INFO - 95 4d 88 08 40 27 a1 f5
INFO - 95 4d c8 20 40 27 fd ff
INFO - 95 4d 08 40 40 20 00 00
INFO - 95 4f 08 08 40 27 d5 f5
INFO - 95 4f 48 20 40 27 fd ff
INFO - 95 4f 88 40 40 20 00 fd
INFO - 95 51 88 08 40 27 d5 f5
INFO - 95 51 c8 20 40 27 fd ff
INFO - 95 51 08 40 40 23 f4 00
INFO - 95 53 08 08 40 27 d5 f5
INFO - 95 53 48 20 40 27 fd fd
INFO - 95 53 88 40 40 20 00 00
INFO - 95 55 88 08 40 27 d5 f5
INFO - 95 55 c8 20 40 27 f5 fd
INFO - 95 55 08 40 40 20 00 00
INFO - 95 57 08 08 40 27 d5 f5
INFO - 95 57 48 20 40 27 f5 fd
INFO - 95 57 88 40 40 20 00 00
INFO - 95 59 88 08 40 27 d5 f5
INFO - 95 59 c8 20 40 27 f5 ff
INFO - 95 59 08 40 40 20 00 fd
INFO - 95 5b 08 08 40 27 d5 f5
INFO - 95 5b 48 20 40 27 fd ff
INFO - 95 5b 88 40 40 23 f4 00
INFO - 95 5d 88 08 40 27 d5 f5
INFO - 95 5d c8 20 40 27 fd ff
INFO - 95 5d 08 40 40 20 00 00
INFO - 95 5f 08 08 40 27 d5 f5
INFO - 95 5f 48 20 40 27 fd ff
INFO - 95 5f 88 40 40 20 00 00
INFO - 95 61 88 08 40 27 d5 f5
INFO - 95 61 c8 20 40 27 fd ff
INFO - 95 61 08 40 40 20 00 fd
INFO - 95 63 08 08 40 27 d5 f5
INFO - 95 63 48 20 40 27 fd ff
INFO - 95 63 88 40 40 23 f4 00
INFO - 95 65 88 08 40 27 d5 f5
INFO - 95 65 c8 20 40 27 fd ff
INFO - 95 65 08 40 40 20 00 fc
INFO - 95 67 08 08 40 27 d5 f5
INFO - 95 67 48 20 40 27 fd ff
INFO - 95 67 88 40 40 23 f0 01
INFO - 95 69 88 08 40 27 d5 f4
INFO - 95 69 c8 20 40 27 fd ff
INFO - 95 69 08 40 40 20 04 fd
INFO - 95 6b 08 08 40 27 d1 ed
INFO - 95 6b 48 20 40 27 fd ff
INFO - 95 6b 88 40 40 23 f4 00
INFO - 95 6d 88 08 40 27 b5 ed
INFO - 95 6d c8 20 40 27 fd ff
INFO - 95 6d 08 40 40 20 00 00
INFO - 95 6f 08 08 40 27 b5 ed
INFO - 95 6f 48 20 40 27 fd ff
INFO - 95 6f 88 40 40 20 00 00
INFO - 95 71 88 08 40 27 b5 ed
INFO - 95 71 c8 20 40 27 fd ff
INFO - 95 71 08 40 40 20 00 fc
INFO - 95 73 08 08 40 27 b5 ed
INFO - 95 73 48 20 40 27 fd ff
INFO - 95 73 88 40 40 23 f0 01
INFO - 95 75 88 08 40 27 b5 ed
INFO - 95 75 c8 20 40 27 fd fd
INFO - 95 75 08 40 40 20 04 fd
INFO - 95 77 08 08 40 27 b5 ed
INFO - 95 77 48 20 40 27 f5 fd
INFO - 95 77 88 40 40 23 f4 fc
INFO - 95 79 88 08 40 27 b5 ed
INFO - 95 79 c8 20 40 27 f5 fd
INFO - 95 79 08 40 40 23 f0 01
INFO - 95 7b 08 08 40 27 b5 ed
INFO - 95 7b 48 20 40 27 f5 ff
INFO - 95 7b 88 40 40 20 04 00
INFO - 95 7d 88 08 40 27 b5 ed
INFO - 95 7d c8 20 40 27 fd ff
INFO - 95 7d 08 40 40 20 00 00
INFO - 95 7f 08 08 40 27 b5 ed
INFO - 95 7f 48 20 40 27 fd ff
INFO - 95 7f 88 40 40 20 00 fc
INFO - 95 81 88 08 40 27 b5 ed
INFO - 95 81 c8 20 40 27 fd ff
INFO - 95 81 08 40 40 23 f0 01
INFO - 95 83 08 08 40 27 b5 ed
INFO - 95 83 48 20 40 27 fd ff
INFO - 95 83 88 40 40 20 04 fd
INFO - 95 85 88 08 40 27 b5 ed
INFO - 95 85 c8 20 40 27 fd ff
INFO - 95 85 08 40 40 23 f4 fc
INFO - 95 87 08 08 40 27 b5 ed
INFO - 95 87 48 20 40 27 fd ff
INFO - 95 87 88 40 40 23 f0 01
INFO - 95 89 88 08 40 27 b5 ed
INFO - 95 89 c8 20 40 27 fd ff
INFO - 95 89 08 40 40 20 04 00
