INFO - a7 1e 48 40 57 00 00 02
INFO - a7 1e 88 40 57 00 00 02
INFO - a7 1e c8 40 57 00 00 02
INFO - a7 1e 08 40 57 00 00 02
INFO - a9 d4 48 40 57 00 00 02
INFO - a9 d4 88 40 57 00 00 02
INFO - a9 d4 c8 40 57 00 00 02
INFO - a9 d4 08 40 57 00 00 02
INFO - ae a8 c8 40 57 00 00 02
INFO - ae a8 08 40 57 00 00 02
INFO - ae a8 48 40 57 00 00 02
INFO - ae a8 88 40 57 00 00 02
INFO - ae a8 c8 40 57 00 00 02
INFO - b2 72 08 40 57 00 00 02
INFO - b2 72 48 40 57 00 00 02
INFO - b2 72 88 40 57 00 00 02
INFO - b2 72 c8 40 57 00 00 02
INFO - b2 72 08 40 57 00 00 02
INFO - b3 6c 08 40 57 00 00 02
INFO - b3 6c 48 40 57 00 00 02
INFO - b3 6c 88 40 57 00 00 02
INFO - b3 6c c8 40 57 00 00 02
INFO - b4 39 88 40 57 00 00 02
INFO - b4 39 c8 40 57 00 00 02
INFO - b4 39 08 40 57 00 00 02
INFO - b4 39 48 40 57 00 00 02
INFO - b9 c9 c8 40 57 00 00 02
INFO - b9 c9 08 40 57 00 00 02
INFO - b9 c9 48 40 57 00 00 02
INFO - b9 c9 88 40 57 00 00 02
INFO - a0 8a 48 40 57 00 00 02
INFO - a0 8a 88 40 57 00 00 02
INFO - a0 8a c8 40 57 00 00 02
INFO - a0 8a 08 40 57 00 00 02
