INFO - 20 00 89 3c 00 0a 40 00
INFO - 20 07 c9 3c 00 0b 77 00
INFO - 20 0f 09 3c 00 0a 75 00
INFO - 20 0f 49 3c 00 0a 75 00
INFO - 20 1a 89 3c 00 0b 58 00
INFO - 20 1c c9 3c 00 0a ab 00
INFO - 20 1e 09 3c 00 0a 9c 00
INFO - 20 23 49 3c 00 0b 2b 00
INFO - 20 23 89 3c 00 0a 69 00
INFO - 20 28 c9 3c 00 0b 1d 00
INFO - 20 2b 09 3c 00 0a ed 00
INFO - 20 2b 49 3c 00 0a ed 00
INFO - 20 2b 89 3c 00 0a ed 00
INFO - 20 30 c9 3c 00 0a 86 00
INFO - 20 30 09 3c 00 0a 86 00
INFO - 20 36 49 3c 00 0a d7 00
INFO - 20 36 89 3c 00 0a d7 00
INFO - 20 36 c9 3c 00 0a d7 00
INFO - 20 36 09 3c 00 0a d7 00
INFO - 20 43 49 3c 00 0a c0 00
INFO - 20 45 89 3c 00 0a b5 00
INFO - 20 47 c9 3c 00 0a 98 00
INFO - 20 49 09 3c 00 0a aa 00
INFO - 20 4b 49 3c 00 0a b5 00
INFO - 20 4d 89 3c 00 0a b4 00
INFO - 20 53 c9 3c 00 0b 4d 00
INFO - 20 55 09 3c 00 0a b6 00
INFO - 20 55 49 3c 00 0a b6 00
INFO - 20 55 89 3c 00 0a b6 00
INFO - 20 5d c9 3c 00 0a c0 00
INFO - 20 5e 09 3c 00 0a 64 00
INFO - 20 63 49 3c 00 0b 5b 00
INFO - 20 67 89 3c 00 0a fe 00
INFO - 20 69 c9 3c 00 0a 99 00
INFO - 20 6d 09 3c 00 0b 01 00
INFO - 20 70 49 3c 00 0a ca 00
INFO - 20 72 89 3c 00 0a b5 00
INFO - 20 75 c9 3c 00 0a d9 00
INFO - 20 78 09 3c 00 0a b1 00
INFO - 20 7a 49 3c 00 0a c2 00
INFO - 20 7d 89 3c 00 0a e4 00
INFO - 20 80 c9 3c 00 0a c3 00
INFO - 20 82 09 3c 00 0a 97 00
INFO - 20 84 49 3c 00 0a b6 00
INFO - 20 89 89 3c 00 0b 34 00
INFO - 20 8b c9 3c 00 0a 9a 00
INFO - 20 8e 09 3c 00 0a e7 00
INFO - 20 90 49 3c 00 0a a8 00
INFO - 20 93 89 3c 00 0a b0 00
INFO - 20 95 c9 3c 00 0a c5 00
INFO - 20 98 09 3c 00 0a b4 00
INFO - 20 9a 49 3c 00 0a c2 00
INFO - 20 9e 89 3c 00 0a a1 00
INFO - 20 a0 c9 3c 00 0a a9 00
INFO - 20 a3 09 3c 00 0a ca 00
INFO - 20 a5 49 3c 00 0a ad 00
INFO - 20 ac 89 3c 00 0b 56 00
INFO - 20 ae c9 3c 00 0a 82 00
INFO - 20 b0 09 3c 00 0a aa 00
INFO - 20 b3 49 3c 00 0a d7 00
INFO - 20 b6 89 3c 00 0a b9 00
INFO - 20 b8 c9 3c 00 0a b8 00
INFO - 20 bb 09 3c 00 0a dd 00
INFO - 20 be 49 3c 00 0a b1 00
INFO - 20 c3 89 3c 00 0b 02 00
INFO - 20 d0 c9 3c 00 0a b6 00
INFO - 20 d3 09 3c 00 0a be 00
INFO - 20 d6 49 3c 00 0a ca 00
INFO - 20 d9 89 3c 00 0a d8 00
INFO - 20 da c9 3c 00 0a 97 00
INFO - 20 de 09 3c 00 0a ef 00
INFO - 20 e1 49 3c 00 0a c7 00
INFO - 20 e4 89 3c 00 0a d2 00
INFO - 20 e6 c9 3c 00 0a c5 00
INFO - 20 e9 09 3c 00 0a cd 00
INFO - 20 ec 49 3c 00 0a d8 00
INFO - 20 ef 89 3c 00 0a cd 00
INFO - 20 f3 c9 3c 00 0a fb 00
INFO - 20 f5 09 3c 00 0a a3 00
INFO - 20 f7 49 3c 00 0a c7 00
INFO - 20 fa 89 3c 00 0a c4 00
INFO - 20 fc c9 3c 00 0a aa 00
INFO - 20 ff 09 3c 00 0a cd 00
INFO - 21 02 49 3c 00 0a bf 00
INFO - 21 04 89 3c 00 0a c6 00
INFO - 21 07 c9 3c 00 0a c6 00
INFO - 21 0a 09 3c 00 0a ce 00
INFO - 21 0c 49 3c 00 0a a5 00
INFO - 21 0e 89 3c 00 0a a6 00
INFO - 21 10 c9 3c 00 0a bd 00
INFO - 21 12 09 3c 00 0a 98 00
INFO - 21 15 49 3c 00 0a da 00
INFO - 21 17 89 3c 00 0a 9e 00
INFO - 21 1a c9 3c 00 0a e2 00
INFO - 21 1f 09 3c 00 0b 18 00
INFO - 21 21 49 3c 00 0a b8 00
INFO - 21 24 89 3c 00 0a d4 00
INFO - 21 27 c9 3c 00 0a e2 00
INFO - 21 2b 09 3c 00 0a fc 00
INFO - 21 2d 49 3c 00 0a 9c 00
INFO - 21 32 89 3c 00 0b 31 00
INFO - 21 35 c9 3c 00 0a d9 00
INFO - 21 38 09 3c 00 0a d4 00
INFO - 21 3c 49 3c 00 0a f4 00
INFO - 21 3e 89 3c 00 0a b6 00
INFO - 21 41 c9 3c 00 0a d2 00
INFO - 21 45 09 3c 00 0a 9d 00
INFO - 21 47 49 3c 00 0a aa 00
INFO - 21 48 89 3c 00 0a 96 00
INFO - 21 4b c9 3c 00 0a b0 00
INFO - 21 4d 09 3c 00 0a a3 00
INFO - 21 4f 49 3c 00 0a b0 00
INFO - 21 51 89 3c 00 0a ab 00
INFO - 21 54 c9 3c 00 0a c8 00
INFO - 21 56 09 3c 00 0a be 00
INFO - 21 58 49 3c 00 0a a3 00
INFO - 21 5b 89 3c 00 0a ca 00
INFO - 21 5d c9 3c 00 0a b7 00
INFO - 21 60 09 3c 00 0a d1 00
INFO - 21 63 49 3c 00 0a c8 00
INFO - 21 66 89 3c 00 0a da 00
INFO - 21 68 c9 3c 00 0a a1 00
INFO - 21 6c 09 3c 00 0a e7 00
INFO - 21 6e 49 3c 00 0a bc 00
INFO - 21 71 89 3c 00 0a c0 00
INFO - 21 75 c9 3c 00 0b 14 00
INFO - 21 77 09 3c 00 0a a9 00
INFO - 21 79 49 3c 00 0a b0 00
INFO - 21 7c 89 3c 00 0a bc 00
INFO - 21 7e c9 3c 00 0a ab 00
INFO - 21 81 09 3c 00 0a d2 00
INFO - 21 84 49 3c 00 0a ca 00
INFO - 21 86 89 3c 00 0a bf 00
INFO - 21 89 c9 3c 00 0a cc 00
INFO - 21 8b 09 3c 00 0a be 00
INFO - 21 8f 49 3c 00 0a d8 00
INFO - 21 91 89 3c 00 0a b3 00
INFO - 21 93 c9 3c 00 0a bd 00
INFO - 21 96 09 3c 00 0a c1 00
INFO - 21 99 49 3c 00 0a ca 00
INFO - 21 9c 89 3c 00 0a bb 00
INFO - 21 9f c9 3c 00 0a d3 00
INFO - 21 a1 09 3c 00 0a ac 00
INFO - 21 a5 49 3c 00 0b 09 00
INFO - 21 a9 89 3c 00 0b 0e 00
INFO - 21 ab c9 3c 00 0a a6 00
INFO - 21 ae 09 3c 00 0a e0 00
INFO - 21 b2 49 3c 00 0a ab 00
INFO - 21 b5 89 3c 00 0a b8 00
INFO - 21 b7 c9 3c 00 0a b3 00
INFO - 21 ba 09 3c 00 0a ce 00
INFO - 21 bc 49 3c 00 0a a4 00
INFO - 21 c0 89 3c 00 0a f7 00
INFO - 21 c2 c9 3c 00 0a b9 00
INFO - 21 c5 09 3c 00 0a e0 00
INFO - 21 c7 49 3c 00 0a 98 00
INFO - 21 ca 89 3c 00 0a c0 00
INFO - 21 cb c9 3c 00 0a 98 00
INFO - 21 ce 09 3c 00 0a c1 00
INFO - 21 d1 49 3c 00 0a bf 00
INFO - 21 d3 89 3c 00 0a b5 00
INFO - 21 d5 c9 3c 00 0a 9d 00
INFO - 21 d7 09 3c 00 0a b2 00
INFO - 21 db 49 3c 00 0a fd 00
INFO - 21 dd 89 3c 00 0a 99 00
INFO - 21 e0 c9 3c 00 0a e7 00
INFO - 21 e3 09 3c 00 0a bf 00
INFO - 21 e6 49 3c 00 0a d4 00
INFO - 21 e9 89 3c 00 0a e2 00
INFO - 21 f1 c9 3c 00 0b c9 00
INFO - 21 f4 09 3c 00 0a cc 00
INFO - 21 f6 49 3c 00 0a b1 00
INFO - 21 f8 89 3c 00 0a bf 00
INFO - 21 fb c9 3c 00 0a c9 00
INFO - 21 fe 09 3c 00 0a cc 00
INFO - 22 01 49 3c 00 0a 8c 00
INFO - 22 03 89 3c 00 0a a5 00
INFO - 22 06 c9 3c 00 0a d0 00
INFO - 22 09 09 3c 00 0a d1 00
INFO - 22 0b 49 3c 00 0a b8 00
INFO - 22 0d 89 3c 00 0a 94 00
INFO - 22 10 c9 3c 00 0a d6 00
INFO - 22 13 09 3c 00 0a c6 00
INFO - 22 16 49 3c 00 0a cf 00
INFO - 22 18 89 3c 00 0a c3 00
INFO - 22 1a c9 3c 00 0a aa 00
INFO - 22 1d 09 3c 00 0a ba 00
INFO - 22 1f 49 3c 00 0a be 00
INFO - 22 22 89 3c 00 0a b4 00
INFO - 22 24 c9 3c 00 0a af 00
INFO - 22 26 09 3c 00 0a ab 00
INFO - 22 2b 49 3c 00 0b 21 00
INFO - 22 2c 89 3c 00 0a 93 00
INFO - 22 30 c9 3c 00 0b 0c 00
INFO - 22 32 09 3c 00 0a a0 00
INFO - 22 35 49 3c 00 0a bd 00
INFO - 22 39 89 3c 00 0b 04 00
INFO - 22 3b c9 3c 00 0a a7 00
INFO - 22 3d 09 3c 00 0a bc 00
INFO - 22 40 49 3c 00 0a dd 00
INFO - 22 42 89 3c 00 0a a2 00
INFO - 22 46 c9 3c 00 0a f2 00
INFO - 22 49 09 3c 00 0a c9 00
INFO - 22 4b 49 3c 00 0a c2 00
INFO - 22 4f 89 3c 00 0a db 00
INFO - 22 51 c9 3c 00 0a b5 00
INFO - 22 53 09 3c 00 0a 96 00
INFO - 22 55 49 3c 00 0a c9 00
INFO - 22 59 89 3c 00 0a f8 00
INFO - 22 5c c9 3c 00 0a b8 00
INFO - 22 5f 09 3c 00 0a ff 00
INFO - 22 62 49 3c 00 0a bc 00
INFO - 22 64 89 3c 00 0a b1 00
INFO - 22 67 c9 3c 00 0a b8 00
INFO - 22 69 09 3c 00 0a ca 00
INFO - 22 6b 49 3c 00 0a a3 00
INFO - 22 6e 89 3c 00 0a df 00
INFO - 22 71 c9 3c 00 0a ab 00
INFO - 22 74 09 3c 00 0a dd 00
INFO - 22 76 49 3c 00 0a b1 00
INFO - 22 7a 89 3c 00 0b 0c 00
INFO - 22 7d c9 3c 00 0a d7 00
INFO - 22 80 09 3c 00 0a d2 00
INFO - 22 82 49 3c 00 0a a8 00
INFO - 22 85 89 3c 00 0a be 00
INFO - 22 87 c9 3c 00 0a 71 00
INFO - 22 8a 09 3c 00 0a cb 00
INFO - 22 8d 49 3c 00 0a e5 00
INFO - 22 8f 89 3c 00 0a a1 00
INFO - 22 92 c9 3c 00 0a e5 00
INFO - 22 96 09 3c 00 0b 05 00
INFO - 22 9a 49 3c 00 0a ec 00
INFO - 22 9c 89 3c 00 0a a4 00
INFO - 22 9f c9 3c 00 0a d0 00
INFO - 22 a2 09 3c 00 0a e4 00
INFO - 22 a5 49 3c 00 0a f3 00
INFO - 22 a8 89 3c 00 0a cb 00
INFO - 22 ab c9 3c 00 0a af 00
INFO - 22 ad 09 3c 00 0a b0 00
INFO - 22 b0 49 3c 00 0a d8 00
INFO - 22 b3 89 3c 00 0a f3 00
INFO - 22 b5 c9 3c 00 0a a3 00
INFO - 22 b8 09 3c 00 0a d7 00
INFO - 22 bc 49 3c 00 0a ec 00
INFO - 22 bf 89 3c 00 0a c5 00
INFO - 22 c1 c9 3c 00 0a b0 00
INFO - 22 c4 09 3c 00 0a ec 00
INFO - 22 c7 49 3c 00 0a b1 00
INFO - 22 ca 89 3c 00 0a de 00
INFO - 22 cc c9 3c 00 0a c4 00
INFO - 22 cf 09 3c 00 0a b7 00
INFO - 22 d2 49 3c 00 0a df 00
INFO - 22 d5 89 3c 00 0a db 00
INFO - 22 d7 c9 3c 00 0a a2 00
INFO - 22 da 09 3c 00 0a b7 00
INFO - 22 dd 49 3c 00 0a f9 00
INFO - 22 e0 89 3c 00 0a d2 00
INFO - 22 e3 c9 3c 00 0a b8 00
INFO - 22 e5 09 3c 00 0a c0 00
INFO - 22 e7 49 3c 00 0a a2 00
INFO - 22 ea 89 3c 00 0a c4 00
INFO - 22 ec c9 3c 00 0a b7 00
INFO - 22 ef 09 3c 00 0a ce 00
INFO - 22 f1 49 3c 00 0a ad 00
INFO - 22 f4 89 3c 00 0a b7 00
INFO - 22 f7 c9 3c 00 0a de 00
INFO - 22 f9 09 3c 00 0a a9 00
INFO - 22 fc 49 3c 00 0a de 00
INFO - 23 00 89 3c 00 0b 05 00
INFO - 23 03 c9 3c 00 0a ea 00
INFO - 23 05 09 3c 00 0a 8c 00
INFO - 23 07 49 3c 00 0a ac 00
INFO - 23 0a 89 3c 00 0a c2 00
INFO - 23 0d c9 3c 00 0a 88 00
INFO - 23 10 09 3c 00 0a ce 00
INFO - 23 11 49 3c 00 0a 9e 00
INFO - 23 14 89 3c 00 0a b5 00
INFO - 23 16 c9 3c 00 0a ab 00
INFO - 23 18 09 3c 00 0a b5 00
INFO - 23 1a 49 3c 00 0a a7 00
INFO - 23 1d 89 3c 00 0a b8 00
INFO - 23 1f c9 3c 00 0a 9c 00
INFO - 23 21 09 3c 00 0a b3 00
INFO - 23 23 49 3c 00 0a b9 00
INFO - 23 25 89 3c 00 0a 99 00
INFO - 23 27 c9 3c 00 0a 9f 00
INFO - 23 29 09 3c 00 0a a9 00
INFO - 23 2c 49 3c 00 0a b4 00
INFO - 23 2f 89 3c 00 0a fb 00
INFO - 23 32 c9 3c 00 0a c4 00
INFO - 23 35 09 3c 00 0a de 00
INFO - 23 38 49 3c 00 0a c2 00
INFO - 23 3b 89 3c 00 0a d2 00
INFO - 23 40 c9 3c 00 0b 30 00
INFO - 23 43 09 3c 00 0a ec 00
INFO - 23 45 49 3c 00 0a ab 00
INFO - 23 48 89 3c 00 0a c2 00
INFO - 23 4a c9 3c 00 0a aa 00
INFO - 23 4e 09 3c 00 0b 09 00
INFO - 23 52 49 3c 00 0a f7 00
INFO - 23 54 89 3c 00 0a c5 00
INFO - 23 57 c9 3c 00 0a ba 00
INFO - 23 5a 09 3c 00 0a d2 00
INFO - 23 5c 49 3c 00 0a b8 00
INFO - 23 5f 89 3c 00 0a dd 00
INFO - 23 62 c9 3c 00 0a c7 00
INFO - 23 65 09 3c 00 0a de 00
INFO - 23 68 49 3c 00 0a ba 00
INFO - 23 6b 89 3c 00 0a d0 00
INFO - 23 6d c9 3c 00 0a ad 00
INFO - 23 70 09 3c 00 0a e0 00
INFO - 23 73 49 3c 00 0a e0 00
INFO - 23 76 89 3c 00 0a b6 00
INFO - 23 78 c9 3c 00 0a 77 00
INFO - 23 7c 09 3c 00 0a f9 00
INFO - 23 7f 49 3c 00 0a d3 00
INFO - 23 81 89 3c 00 0a ae 00
INFO - 23 84 c9 3c 00 0a ec 00
INFO - 23 86 09 3c 00 0a ad 00
INFO - 23 8a 49 3c 00 0a e2 00
INFO - 23 8e 89 3c 00 0b 0a 00
INFO - 23 90 c9 3c 00 0a aa 00
INFO - 23 93 09 3c 00 0a c9 00
INFO - 23 96 49 3c 00 0a e2 00
INFO - 23 99 89 3c 00 0a d4 00
INFO - 23 9b c9 3c 00 0a bb 00
INFO - 23 9f 09 3c 00 0a e1 00
INFO - 23 a1 49 3c 00 0a ca 00
INFO - 23 a4 89 3c 00 0a c6 00
INFO - 23 a7 c9 3c 00 0a bc 00
INFO - 23 a9 09 3c 00 0a bb 00
INFO - 23 ac 49 3c 00 0a c8 00
INFO - 23 b1 89 3c 00 0b 28 00
INFO - 23 b4 c9 3c 00 0a e3 00
INFO - 23 b6 09 3c 00 0a af 00
INFO - 23 b9 49 3c 00 0a d7 00
INFO - 23 bc 89 3c 00 0a e4 00
INFO - 23 be c9 3c 00 0a 93 00
INFO - 23 c1 09 3c 00 0a d7 00
INFO - 23 c4 49 3c 00 0a d7 00
INFO - 23 c8 89 3c 00 0b 00 00
INFO - 23 cb c9 3c 00 0a c8 00
INFO - 23 ce 09 3c 00 0a d9 00
INFO - 23 d1 49 3c 00 0a e4 00
INFO - 23 d3 89 3c 00 0a 94 00
INFO - 23 d7 c9 3c 00 0a ff 00
INFO - 23 d9 09 3c 00 0a bf 00
INFO - 23 dc 49 3c 00 0a 8c 00
INFO - 23 df 89 3c 00 0a b0 00
INFO - 23 e2 c9 3c 00 0a d7 00
INFO - 23 e4 09 3c 00 0a b0 00
INFO - 23 e7 49 3c 00 0a ca 00
INFO - 23 e9 89 3c 00 0a b1 00
INFO - 23 ed c9 3c 00 0b 00 00
INFO - 23 ef 09 3c 00 0a b1 00
INFO - 23 f2 49 3c 00 0a cb 00
INFO - 23 f4 89 3c 00 0a b0 00
INFO - 23 f6 c9 3c 00 0a 9f 00
INFO - 23 f9 09 3c 00 0a db 00
INFO - 23 fd 49 3c 00 0a e1 00
INFO - 23 ff 89 3c 00 0a cd 00
INFO - 24 03 c9 3c 00 0a d7 00
INFO - 24 05 09 3c 00 0a bf 00
INFO - 24 08 49 3c 00 0a e5 00
INFO - 24 0c 89 3c 00 0a e8 00
INFO - 24 0f c9 3c 00 0a f2 00
INFO - 24 12 09 3c 00 0a bd 00
INFO - 24 14 49 3c 00 0a b1 00
INFO - 24 18 89 3c 00 0b 01 00
INFO - 24 1a c9 3c 00 0a b1 00
INFO - 24 1e 09 3c 00 0a f4 00
INFO - 24 21 49 3c 00 0a d9 00
INFO - 24 24 89 3c 00 0a c8 00
INFO - 24 27 c9 3c 00 0a db 00
INFO - 24 2a 09 3c 00 0a d9 00
INFO - 24 2d 49 3c 00 0a df 00
INFO - 24 31 89 3c 00 0a db 00
INFO - 24 33 c9 3c 00 0a c9 00
INFO - 24 36 09 3c 00 0a cb 00
INFO - 24 38 49 3c 00 0a b1 00
INFO - 24 3c 89 3c 00 0a f4 00
INFO - 24 3f c9 3c 00 0a ce 00
INFO - 24 44 09 3c 00 0a b6 00
INFO - 24 48 49 3c 00 0b 03 00
INFO - 24 4b 89 3c 00 0a f7 00
INFO - 24 4e c9 3c 00 0a cc 00
INFO - 24 51 09 3c 00 0a d9 00
INFO - 24 54 49 3c 00 0a da 00
INFO - 24 56 89 3c 00 0a a3 00
INFO - 24 59 c9 3c 00 0a da 00
INFO - 24 5c 09 3c 00 0a d9 00
INFO - 24 5f 49 3c 00 0a b1 00
INFO - 24 61 89 3c 00 0a bd 00
INFO - 24 63 c9 3c 00 0a b1 00
INFO - 24 69 09 3c 00 0a db 00
INFO - 24 6b 49 3c 00 0a af 00
INFO - 24 6e 89 3c 00 0a bf 00
INFO - 24 70 c9 3c 00 0a af 00
INFO - 24 72 09 3c 00 0a be 00
INFO - 24 75 49 3c 00 0a bd 00
INFO - 24 78 89 3c 00 0a e8 00
INFO - 24 7c c9 3c 00 0b 02 00
INFO - 24 7f 09 3c 00 0a bd 00
INFO - 24 81 49 3c 00 0a a2 00
INFO - 24 83 89 3c 00 0a bc 00
INFO - 24 85 c9 3c 00 0a 94 00
INFO - 24 87 09 3c 00 0a bc 00
INFO - 24 8b 49 3c 00 0a f5 00
INFO - 24 8d 89 3c 00 0a ae 00
INFO - 24 8f c9 3c 00 0a af 00
INFO - 24 92 09 3c 00 0a aa 00
INFO - 24 94 49 3c 00 0a 9a 00
INFO - 24 96 89 3c 00 0a af 00
INFO - 24 99 c9 3c 00 0a bd 00
INFO - 24 9c 09 3c 00 0a d9 00
INFO - 24 9e 49 3c 00 0a a0 00
INFO - 24 a0 89 3c 00 0a b0 00
INFO - 24 a2 c9 3c 00 0a bb 00
INFO - 24 a5 09 3c 00 0a b0 00
INFO - 24 a7 49 3c 00 0a ad 00
INFO - 24 a9 89 3c 00 0a af 00
INFO - 24 ac c9 3c 00 0a d8 00
INFO - 24 b1 09 3c 00 0b 2a 00
INFO - 24 b4 49 3c 00 0a e8 00
INFO - 24 b7 89 3c 00 0a e3 00
INFO - 24 c2 c9 3c 00 0b fe 00
INFO - 24 c4 09 3c 00 0a ad 00
INFO - 24 c7 49 3c 00 0a bf 00
INFO - 24 c9 89 3c 00 0a ac 00
INFO - 24 cb c9 3c 00 0a ca 00
INFO - 24 ce 09 3c 00 0a ca 00
INFO - 24 d2 49 3c 00 0a e5 00
INFO - 24 d4 89 3c 00 0a b1 00
INFO - 24 d6 c9 3c 00 0a bc 00
INFO - 24 d9 09 3c 00 0a b9 00
INFO - 24 dc 49 3c 00 0a d8 00
INFO - 24 de 89 3c 00 0a bc 00
INFO - 24 e2 c9 3c 00 0a f3 00
INFO - 24 e4 09 3c 00 0a ae 00
INFO - 24 e8 49 3c 00 0a e8 00
INFO - 24 ea 89 3c 00 0a bc 00
INFO - 24 ed c9 3c 00 0a c7 00
INFO - 24 f0 09 3c 00 0a c9 00
INFO - 24 f3 49 3c 00 0a e5 00
INFO - 24 f5 89 3c 00 0a af 00
INFO - 24 f8 c9 3c 00 0a d8 00
INFO - 24 fb 09 3c 00 0a bb 00
INFO - 24 fe 49 3c 00 0a db 00
INFO - 25 00 89 3c 00 0a ab 00
INFO - 25 03 c9 3c 00 0a 93 00
INFO - 25 08 09 3c 00 0b 12 00
INFO - 25 0a 49 3c 00 0a c7 00
INFO - 25 0c 89 3c 00 0a a3 00
INFO - 25 0f c9 3c 00 0a c7 00
INFO - 25 11 09 3c 00 0a bf 00
INFO - 25 14 49 3c 00 0a ac 00
INFO - 25 17 89 3c 00 0a cd 00
INFO - 25 1b c9 3c 00 0b 1a 00
INFO - 25 1d 09 3c 00 0a a3 00
INFO - 25 20 49 3c 00 0a c8 00
INFO - 25 22 89 3c 00 0a b1 00
INFO - 25 26 c9 3c 00 0b 00 00
INFO - 25 28 09 3c 00 0a b8 00
INFO - 25 2b 49 3c 00 0a da 00
INFO - 25 2e 89 3c 00 0a b9 00
INFO - 25 30 c9 3c 00 0a b3 00
INFO - 25 32 09 3c 00 0a 9e 00
INFO - 25 35 49 3c 00 0a d9 00
INFO - 25 38 89 3c 00 0a b8 00
INFO - 25 3a c9 3c 00 0a be 00
INFO - 25 3d 09 3c 00 0a e2 00
INFO - 25 41 49 3c 00 0a e4 00
INFO - 25 43 89 3c 00 0a 9f 00
INFO - 25 44 c9 3c 00 0a 95 00
INFO - 25 47 09 3c 00 0a d3 00
INFO - 25 4b 49 3c 00 0a f1 00
INFO - 25 4d 89 3c 00 0a bb 00
INFO - 25 50 c9 3c 00 0a af 00
INFO - 25 53 09 3c 00 0a e3 00
INFO - 25 56 49 3c 00 0a c5 00
INFO - 25 58 89 3c 00 0a cb 00
INFO - 25 5c c9 3c 00 0a fb 00
INFO - 25 5f 09 3c 00 0a d8 00
INFO - 25 62 49 3c 00 0a d5 00
INFO - 25 64 89 3c 00 0a aa 00
INFO - 25 67 c9 3c 00 0a d4 00
INFO - 25 6a 09 3c 00 0a bd 00
INFO - 25 6d 49 3c 00 0a d5 00
INFO - 25 6f 89 3c 00 0a c4 00
INFO - 25 72 c9 3c 00 0a b9 00
INFO - 25 75 09 3c 00 0a e2 00
INFO - 25 78 49 3c 00 0a d4 00
INFO - 25 7c 89 3c 00 0b 0d 00
INFO - 25 7f c9 3c 00 0a df 00
INFO - 25 82 09 3c 00 0a b9 00
INFO - 25 84 49 3c 00 0a a2 00
INFO - 25 87 89 3c 00 0a e1 00
INFO - 25 89 c9 3c 00 0a b5 00
INFO - 25 8c 09 3c 00 0a b9 00
INFO - 25 8f 49 3c 00 0a c6 00
INFO - 25 92 89 3c 00 0a ee 00
INFO - 25 95 c9 3c 00 0a e1 00
INFO - 25 98 09 3c 00 0a c7 00
INFO - 25 9a 49 3c 00 0a b8 00
INFO - 25 9d 89 3c 00 0a c8 00
INFO - 25 9f c9 3c 00 0a 80 00
INFO - 25 a2 09 3c 00 0a fe 00
INFO - 25 a5 49 3c 00 0a cf 00
INFO - 25 a8 89 3c 00 0a c6 00
INFO - 25 aa c9 3c 00 0a b8 00
INFO - 25 ae 09 3c 00 0a ed 00
INFO - 25 b0 49 3c 00 0a ae 00
INFO - 25 b3 89 3c 00 0a d4 00
INFO - 25 b5 c9 3c 00 0a a7 00
INFO - 25 b8 09 3c 00 0a e3 00
INFO - 25 ba 49 3c 00 0a 9a 00
INFO - 25 bd 89 3c 00 0a e0 00
INFO - 25 bf c9 3c 00 0a a0 00
INFO - 25 c2 09 3c 00 0a dc 00
INFO - 25 c6 49 3c 00 0a e1 00
INFO - 25 cd 89 3c 00 0a bb 00
INFO - 25 cf c9 3c 00 0a 9f 00
INFO - 25 d1 09 3c 00 0a b5 00
INFO - 25 d3 49 3c 00 0a a9 00
INFO - 25 d5 89 3c 00 0a a0 00
INFO - 25 d8 c9 3c 00 0a ce 00
INFO - 25 db 09 3c 00 0a c8 00
INFO - 25 de 49 3c 00 0a fa 00
INFO - 25 e0 89 3c 00 0a 99 00
INFO - 25 e4 c9 3c 00 0b 0a 00
INFO - 25 e6 09 3c 00 0a 9d 00
INFO - 25 e9 49 3c 00 0a cf 00
INFO - 25 ed 89 3c 00 0a 9d 00
INFO - 25 ef c9 3c 00 0a 9c 00
INFO - 25 f3 09 3c 00 0b 2e 00
INFO - 25 f6 49 3c 00 0a d2 00
INFO - 25 f9 89 3c 00 0a bb 00
INFO - 25 fa c9 3c 00 0a 82 00
INFO - 25 fd 09 3c 00 0a c5 00
INFO - 25 ff 49 3c 00 0a c2 00
INFO - 26 03 89 3c 00 0a e3 00
INFO - 26 04 c9 3c 00 0a 8d 00
INFO - 26 06 09 3c 00 0a ad 00
INFO - 26 08 49 3c 00 0a 9b 00
INFO - 26 0a 89 3c 00 0a ab 00
INFO - 26 0d c9 3c 00 0a ad 00
INFO - 26 0f 09 3c 00 0a c2 00
INFO - 26 11 49 3c 00 0a 9c 00
INFO - 26 14 89 3c 00 0a c8 00
INFO - 26 17 c9 3c 00 0a df 00
INFO - 26 1a 09 3c 00 0a c1 00
INFO - 26 1c 49 3c 00 0a b8 00
INFO - 26 1f 89 3c 00 0a c5 00
INFO - 26 21 c9 3c 00 0a ab 00
INFO - 26 29 09 3c 00 0b cd 00
INFO - 26 2b 49 3c 00 0a c6 00
INFO - 26 2f 89 3c 00 0a ed 00
INFO - 26 31 c9 3c 00 0a a0 00
INFO - 26 38 09 3c 00 0b 56 00
INFO - 26 3a 49 3c 00 0a cf 00
INFO - 26 3d 89 3c 00 0a ba 00
INFO - 26 3f c9 3c 00 0a 9a 00
INFO - 26 41 09 3c 00 0a ba 00
INFO - 26 43 49 3c 00 0a b5 00
INFO - 26 46 89 3c 00 0a b7 00
INFO - 26 48 c9 3c 00 0a ad 00
INFO - 26 4b 09 3c 00 0a c2 00
INFO - 26 4d 49 3c 00 0a b7 00
INFO - 26 51 89 3c 00 0a f9 00
INFO - 26 53 c9 3c 00 0a c4 00
INFO - 26 56 09 3c 00 0a aa 00
INFO - 26 58 49 3c 00 0a b7 00
INFO - 26 5a 89 3c 00 0a b7 00
INFO - 26 5d c9 3c 00 0a de 00
INFO - 26 60 09 3c 00 0a aa 00
INFO - 26 62 49 3c 00 0a b6 00
INFO - 26 64 89 3c 00 0a a9 00
INFO - 26 66 c9 3c 00 0a a9 00
INFO - 26 6b 09 3c 00 0b 1f 00
INFO - 26 6e 49 3c 00 0a f8 00
INFO - 26 71 89 3c 00 0a b7 00
INFO - 26 73 c9 3c 00 0a a9 00
INFO - 26 75 09 3c 00 0a 9b 00
INFO - 26 78 49 3c 00 0a e0 00
INFO - 26 7b 89 3c 00 0a db 00
INFO - 26 7d c9 3c 00 0a b8 00
INFO - 26 80 09 3c 00 0a b4 00
INFO - 26 83 49 3c 00 0a df 00
INFO - 26 86 89 3c 00 0a c0 00
INFO - 26 88 c9 3c 00 0a b6 00
INFO - 26 8b 09 3c 00 0a 88 00
INFO - 26 8d 49 3c 00 0a ab 00
INFO - 26 90 89 3c 00 0a da 00
INFO - 26 93 c9 3c 00 0a d2 00
INFO - 26 95 09 3c 00 0a a5 00
INFO - 26 98 49 3c 00 0a c3 00
INFO - 26 9a 89 3c 00 0a ab 00
INFO - 26 9e c9 3c 00 0b 26 00
INFO - 26 a1 09 3c 00 0a d0 00
INFO - 26 a4 49 3c 00 0a aa 00
INFO - 26 a6 89 3c 00 0a cc 00
INFO - 26 a9 c9 3c 00 0a b9 00
INFO - 26 aa 09 3c 00 0a 7e 00
INFO - 26 ad 49 3c 00 0a e0 00
INFO - 26 b0 89 3c 00 0a b2 00
INFO - 26 b3 c9 3c 00 0a fa 00
INFO - 26 b5 09 3c 00 0a 98 00
INFO - 26 b9 49 3c 00 0a f8 00
INFO - 26 bb 89 3c 00 0a 9e 00
INFO - 26 be c9 3c 00 0a db 00
INFO - 26 c1 09 3c 00 0a d4 00
INFO - 26 c2 49 3c 00 0a 8b 00
INFO - 26 c5 89 3c 00 0a d4 00
INFO - 26 c7 c9 3c 00 0a a6 00
INFO - 26 c9 09 3c 00 0a 93 00
INFO - 26 cb 49 3c 00 0a a6 00
INFO - 26 cd 89 3c 00 0a 9d 00
INFO - 26 d1 c9 3c 00 0a f8 00
INFO - 26 d3 09 3c 00 0a ac 00
INFO - 26 d5 49 3c 00 0a b4 00
INFO - 26 d8 89 3c 00 0a d5 00
INFO - 26 db c9 3c 00 0a db 00
INFO - 26 de 09 3c 00 0a c5 00
INFO - 26 e1 49 3c 00 0a cf 00
INFO - 26 e3 89 3c 00 0a ba 00
INFO - 26 e6 c9 3c 00 0a ce 00
INFO - 26 e9 09 3c 00 0a c7 00
INFO - 26 ec 49 3c 00 0a f5 00
INFO - 26 ef 89 3c 00 0a b9 00
INFO - 26 f3 c9 3c 00 0a f5 00
INFO - 26 f6 09 3c 00 0a f8 00
INFO - 26 f9 49 3c 00 0a d1 00
INFO - 26 fc 89 3c 00 0a c5 00
INFO - 26 fe c9 3c 00 0a c0 00
INFO - 27 01 09 3c 00 0a b6 00
INFO - 27 04 49 3c 00 0a eb 00
INFO - 27 07 89 3c 00 0a c3 00
INFO - 27 0a c9 3c 00 0a d2 00
INFO - 27 0c 09 3c 00 0a b3 00
INFO - 27 0f 49 3c 00 0a b9 00
INFO - 27 11 89 3c 00 0a cd 00
INFO - 27 13 c9 3c 00 0a 9e 00
INFO - 27 16 09 3c 00 0a c1 00
INFO - 27 18 49 3c 00 0a ab 00
INFO - 27 1b 89 3c 00 0a e7 00
INFO - 27 1e c9 3c 00 0a d0 00
INFO - 27 21 09 3c 00 0a c2 00
INFO - 27 24 49 3c 00 0a ea 00
INFO - 27 27 89 3c 00 0a c5 00
INFO - 27 29 c9 3c 00 0a a6 00
INFO - 27 2c 09 3c 00 0a d2 00
INFO - 27 2e 49 3c 00 0a a5 00
INFO - 27 31 89 3c 00 0a c6 00
INFO - 27 33 c9 3c 00 0a bf 00
INFO - 27 36 09 3c 00 0a b5 00
INFO - 27 39 49 3c 00 0a d0 00
INFO - 27 3d 89 3c 00 0b 07 00
INFO - 27 3f c9 3c 00 0a cc 00
INFO - 27 43 09 3c 00 0a eb 00
INFO - 27 46 49 3c 00 0a c0 00
INFO - 27 47 89 3c 00 0a 9d 00
INFO - 27 49 c9 3c 00 0a 99 00
INFO - 27 4c 09 3c 00 0a b4 00
INFO - 27 4d 49 3c 00 0a 9d 00
INFO - 27 50 89 3c 00 0a be 00
INFO - 27 52 c9 3c 00 0a b7 00
INFO - 27 56 09 3c 00 0a fe 00
INFO - 27 5a 49 3c 00 0a ea 00
INFO - 27 5c 89 3c 00 0a 72 00
INFO - 27 5e c9 3c 00 0a a9 00
INFO - 27 60 09 3c 00 0a b1 00
INFO - 27 62 49 3c 00 0a 99 00
INFO - 27 65 89 3c 00 0a cc 00
INFO - 27 66 c9 3c 00 0a 9a 00
INFO - 27 69 09 3c 00 0a ce 00
INFO - 27 6b 49 3c 00 0a 97 00
INFO - 27 6d 89 3c 00 0a 9b 00
INFO - 27 6f c9 3c 00 0a bc 00
INFO - 27 72 09 3c 00 0a ce 00
INFO - 27 75 49 3c 00 0a e1 00
INFO - 27 79 89 3c 00 0a da 00
INFO - 27 7b c9 3c 00 0a a2 00
INFO - 27 7c 09 3c 00 0a 9a 00
INFO - 27 7e 49 3c 00 0a 95 00
INFO - 27 81 89 3c 00 0a d6 00
INFO - 27 83 c9 3c 00 0a a0 00
INFO - 27 86 09 3c 00 0a d0 00
INFO - 27 8d 49 3c 00 0b 9c 00
INFO - 27 8f 89 3c 00 0a a0 00
INFO - 27 93 c9 3c 00 0b 06 00
INFO - 27 96 09 3c 00 0a ca 00
INFO - 27 97 49 3c 00 0a 94 00
INFO - 27 9a 89 3c 00 0a ae 00
INFO - 27 9c c9 3c 00 0a ca 00
INFO - 27 9f 09 3c 00 0a d4 00
INFO - 27 a4 49 3c 00 0b 31 00
INFO - 27 a6 89 3c 00 0a 99 00
INFO - 27 a7 c9 3c 00 0a 86 00
INFO - 27 aa 09 3c 00 0a bd 00
INFO - 27 ab 49 3c 00 0a 92 00
INFO - 27 ad 89 3c 00 0a a1 00
INFO - 27 b0 c9 3c 00 0a bc 00
INFO - 27 b3 09 3c 00 0a ce 00
INFO - 27 b5 49 3c 00 0a bb 00
INFO - 27 b7 89 3c 00 0a 9e 00
INFO - 27 ba c9 3c 00 0a bb 00
INFO - 27 bb 09 3c 00 0a 9d 00
INFO - 27 c1 49 3c 00 0b 3e 00
INFO - 27 c3 89 3c 00 0a b4 00
INFO - 27 c5 c9 3c 00 0a a0 00
INFO - 27 c7 09 3c 00 0a b7 00
INFO - 27 ca 49 3c 00 0a c5 00
INFO - 27 cd 89 3c 00 0a cc 00
INFO - 27 cf c9 3c 00 0a c5 00
INFO - 27 d2 09 3c 00 0a cb 00
INFO - 27 d5 49 3c 00 0a dd 00
INFO - 27 d8 89 3c 00 0a b5 00
INFO - 27 d9 c9 3c 00 0a 8a 00
INFO - 27 dc 09 3c 00 0a c0 00
INFO - 27 de 49 3c 00 0a 9f 00
INFO - 27 e0 89 3c 00 0a af 00
INFO - 27 e3 c9 3c 00 0a c0 00
INFO - 27 e4 09 3c 00 0a a0 00
INFO - 27 e7 49 3c 00 0a ba 00
INFO - 27 ea 89 3c 00 0a c3 00
INFO - 27 eb c9 3c 00 0a 9d 00
INFO - 27 ee 09 3c 00 0a c4 00
INFO - 27 f0 49 3c 00 0a af 00
INFO - 27 f4 89 3c 00 0a e5 00
INFO - 27 f6 c9 3c 00 0a c6 00
INFO - 27 f9 09 3c 00 0a d1 00
INFO - 27 fb 49 3c 00 0a 6f 00
INFO - 27 fe 89 3c 00 0a b9 00
INFO - 28 00 c9 3c 00 0a a3 00
INFO - 28 02 09 3c 00 0a cf 00
INFO - 28 05 49 3c 00 0a d3 00
INFO - 28 07 89 3c 00 0a 9e 00
INFO - 28 09 c9 3c 00 0a 95 00
INFO - 28 0b 09 3c 00 0a af 00
INFO - 28 0e 49 3c 00 0a da 00
INFO - 28 11 89 3c 00 0a bb 00
INFO - 28 14 c9 3c 00 0a da 00
INFO - 28 16 09 3c 00 0a 97 00
INFO - 28 17 49 3c 00 0a 92 00
INFO - 28 1b 89 3c 00 0a e9 00
INFO - 28 1d c9 3c 00 0a a2 00
INFO - 28 1f 09 3c 00 0a c4 00
INFO - 28 22 49 3c 00 0a a9 00
INFO - 28 24 89 3c 00 0a d1 00
INFO - 28 27 c9 3c 00 0a ba 00
INFO - 28 29 09 3c 00 0a b5 00
INFO - 28 2c 49 3c 00 0a b7 00
INFO - 28 32 89 3c 00 0b 24 00
INFO - 28 35 c9 3c 00 0a 82 00
INFO - 28 37 09 3c 00 0a b9 00
INFO - 28 39 49 3c 00 0a b7 00
INFO - 28 3c 89 3c 00 0a ba 00
INFO - 28 3e c9 3c 00 0a 9d 00
INFO - 28 41 09 3c 00 0a d2 00
INFO - 28 43 49 3c 00 0a a9 00
INFO - 28 45 89 3c 00 0a ac 00
INFO - 28 47 c9 3c 00 0a ab 00
INFO - 28 4a 09 3c 00 0a c3 00
INFO - 28 4c 49 3c 00 0a c6 00
INFO - 28 4f 89 3c 00 0a a9 00
INFO - 28 51 c9 3c 00 0a b9 00
INFO - 28 54 09 3c 00 0a d8 00
INFO - 28 56 49 3c 00 0a 96 00
INFO - 28 58 89 3c 00 0a b3 00
INFO - 28 5b c9 3c 00 0a c3 00
INFO - 28 5d 09 3c 00 0a ad 00
INFO - 28 5f 49 3c 00 0a b6 00
INFO - 28 62 89 3c 00 0a b3 00
INFO - 28 63 c9 3c 00 0a 92 00
INFO - 28 68 09 3c 00 0b 13 00
INFO - 28 6a 49 3c 00 0a b8 00
INFO - 28 6c 89 3c 00 0a 8f 00
INFO - 28 6e c9 3c 00 0a a9 00
INFO - 28 71 09 3c 00 0a ce 00
INFO - 28 73 49 3c 00 0a a5 00
INFO - 28 75 89 3c 00 0a c9 00
INFO - 28 77 c9 3c 00 0a 94 00
INFO - 28 7a 09 3c 00 0a d7 00
INFO - 28 7c 49 3c 00 0a b4 00
INFO - 28 80 89 3c 00 0a e1 00
INFO - 28 81 c9 3c 00 0a 90 00
INFO - 28 84 09 3c 00 0a be 00
INFO - 28 86 49 3c 00 0a 9c 00
INFO - 28 88 89 3c 00 0a ca 00
INFO - 28 8b c9 3c 00 0a c9 00
INFO - 28 8d 09 3c 00 0a 9b 00
INFO - 28 8f 49 3c 00 0a a7 00
INFO - 28 92 89 3c 00 0a e0 00
INFO - 28 95 c9 3c 00 0a b2 00
INFO - 28 98 09 3c 00 0a d4 00
INFO - 28 9a 49 3c 00 0a c8 00
INFO - 28 9d 89 3c 00 0a bc 00
INFO - 28 9e c9 3c 00 0a 8f 00
INFO - 28 a0 09 3c 00 0a a5 00
INFO - 28 a2 49 3c 00 0a a6 00
INFO - 28 a4 89 3c 00 0a 9a 00
INFO - 28 a7 c9 3c 00 0a d2 00
INFO - 28 a9 09 3c 00 0a 8e 00
INFO - 28 ab 49 3c 00 0a c4 00
INFO - 28 ad 89 3c 00 0a 8d 00
INFO - 28 af c9 3c 00 0a 8c 00
INFO - 28 b1 09 3c 00 0a bb 00
INFO - 28 b3 49 3c 00 0a 99 00
INFO - 28 b5 89 3c 00 0a a4 00
INFO - 28 b7 c9 3c 00 0a 99 00
INFO - 28 b8 09 3c 00 0a 98 00
INFO - 28 ba 49 3c 00 0a 98 00
INFO - 28 bb 89 3c 00 0a 82 00
INFO - 28 be c9 3c 00 0a 77 00
INFO - 28 c0 09 3c 00 0a a3 00
INFO - 28 c2 49 3c 00 0a b8 00
INFO - 28 c4 89 3c 00 0a 98 00
INFO - 28 c6 c9 3c 00 0a a5 00
INFO - 28 ca 09 3c 00 0b 0f 00
INFO - 28 cc 49 3c 00 0a 94 00
INFO - 28 cd 89 3c 00 0a 97 00
INFO - 28 d0 c9 3c 00 0a d0 00
INFO - 28 d2 09 3c 00 0a aa 00
INFO - 28 d5 49 3c 00 0a ba 00
INFO - 28 d9 89 3c 00 0b 01 00
INFO - 28 dc c9 3c 00 0a ce 00
INFO - 28 df 09 3c 00 0a e6 00
INFO - 28 e1 49 3c 00 0a b6 00
INFO - 28 e4 89 3c 00 0a b0 00
INFO - 28 e7 c9 3c 00 0a eb 00
INFO - 28 ea 09 3c 00 0a d0 00
INFO - 28 ed 49 3c 00 0a c3 00
INFO - 28 ef 89 3c 00 0a b1 00
INFO - 28 f0 c9 3c 00 0a 95 00
INFO - 28 f2 09 3c 00 0a 90 00
INFO - 28 f4 49 3c 00 0a 95 00
INFO - 28 f6 89 3c 00 0a b8 00
INFO - 28 f9 c9 3c 00 0a b2 00
INFO - 28 fb 09 3c 00 0a aa 00
INFO - 28 fc 49 3c 00 0a 9b 00
INFO - 28 fe 89 3c 00 0a a0 00
INFO - 29 01 c9 3c 00 0a bd 00
INFO - 29 02 09 3c 00 0a 89 00
INFO - 29 06 49 3c 00 0a de 00
INFO - 29 08 89 3c 00 0a c1 00
INFO - 29 0a c9 3c 00 0a b1 00
INFO - 29 0c 09 3c 00 0a 95 00
INFO - 29 0e 49 3c 00 0a a6 00
INFO - 29 10 89 3c 00 0a ab 00
INFO - 29 13 c9 3c 00 0a c5 00
INFO - 29 16 09 3c 00 0a cf 00
INFO - 29 17 49 3c 00 0a 90 00
INFO - 29 1a 89 3c 00 0a ab 00
INFO - 29 1c c9 3c 00 0a bc 00
INFO - 29 1e 09 3c 00 0a 96 00
INFO - 29 20 49 3c 00 0a c3 00
INFO - 29 23 89 3c 00 0a bc 00
INFO - 29 25 c9 3c 00 0a 94 00
INFO - 29 27 09 3c 00 0a b2 00
INFO - 29 28 49 3c 00 0a 8a 00
INFO - 29 2b 89 3c 00 0a c4 00
INFO - 29 2e c9 3c 00 0a c4 00
INFO - 29 30 09 3c 00 0a ae 00
INFO - 29 32 49 3c 00 0a bc 00
INFO - 29 35 89 3c 00 0a ab 00
INFO - 29 37 c9 3c 00 0a ba 00
INFO - 29 39 09 3c 00 0a b9 00
INFO - 29 3c 49 3c 00 0a ae 00
INFO - 29 3e 89 3c 00 0a bc 00
INFO - 29 40 c9 3c 00 0a 95 00
INFO - 29 42 09 3c 00 0a ae 00
INFO - 29 44 49 3c 00 0a a6 00
INFO - 29 47 89 3c 00 0a c1 00
INFO - 29 49 c9 3c 00 0a 95 00
INFO - 29 4b 09 3c 00 0a af 00
INFO - 29 4d 49 3c 00 0a 98 00
INFO - 29 4f 89 3c 00 0a a3 00
INFO - 29 50 c9 3c 00 0a 8d 00
INFO - 29 55 09 3c 00 0a e2 00
INFO - 29 5f 49 3c 00 0a a3 00
INFO - 29 61 89 3c 00 0a af 00
INFO - 29 64 c9 3c 00 0a c6 00
INFO - 29 66 09 3c 00 0a b0 00
INFO - 29 68 49 3c 00 0a 81 00
INFO - 29 6a 89 3c 00 0a b9 00
INFO - 29 6d c9 3c 00 0a b5 00
INFO - 29 70 09 3c 00 0a dc 00
INFO - 29 73 49 3c 00 0a c9 00
INFO - 29 74 89 3c 00 0a 7f 00
INFO - 29 77 c9 3c 00 0a c8 00
INFO - 29 79 09 3c 00 0a bf 00
INFO - 29 7b 49 3c 00 0a af 00
INFO - 29 7e 89 3c 00 0a d5 00
INFO - 29 81 c9 3c 00 0a be 00
INFO - 29 83 09 3c 00 0a ba 00
INFO - 29 86 49 3c 00 0a c9 00
INFO - 29 88 89 3c 00 0a 9d 00
INFO - 29 8b c9 3c 00 0a dd 00
INFO - 29 8d 09 3c 00 0a a9 00
INFO - 29 8f 49 3c 00 0a 8e 00
INFO - 29 92 89 3c 00 0a e0 00
INFO - 29 94 c9 3c 00 0a 9e 00
INFO - 29 96 09 3c 00 0a 8e 00
INFO - 29 98 49 3c 00 0a b2 00
INFO - 29 9a 89 3c 00 0a b6 00
INFO - 29 9d c9 3c 00 0a e0 00
INFO - 29 a0 09 3c 00 0a ba 00
INFO - 29 a2 49 3c 00 0a a7 00
INFO - 29 a4 89 3c 00 0a be 00
INFO - 29 a6 c9 3c 00 0a 85 00
INFO - 29 a9 09 3c 00 0a d7 00
INFO - 29 ab 49 3c 00 0a 99 00
INFO - 29 ad 89 3c 00 0a be 00
INFO - 29 af c9 3c 00 0a b5 00
INFO - 29 b1 09 3c 00 0a 8e 00
INFO - 29 b5 49 3c 00 0a ee 00
INFO - 29 b6 89 3c 00 0a 85 00
INFO - 29 b9 c9 3c 00 0a d2 00
INFO - 29 bb 09 3c 00 0a c0 00
INFO - 29 be 49 3c 00 0a b1 00
INFO - 29 c0 89 3c 00 0a be 00
INFO - 29 c2 c9 3c 00 0a aa 00
INFO - 29 c5 09 3c 00 0a ca 00
INFO - 29 c7 49 3c 00 0a 8d 00
INFO - 29 c8 89 3c 00 0a 85 00
INFO - 29 cb c9 3c 00 0a ca 00
INFO - 29 cd 09 3c 00 0a 9c 00
INFO - 29 d0 49 3c 00 0a cc 00
INFO - 29 d1 89 3c 00 0a 9a 00
INFO - 29 d3 c9 3c 00 0a a8 00
INFO - 29 d5 09 3c 00 0a 94 00
INFO - 29 d8 49 3c 00 0a c8 00
INFO - 29 da 89 3c 00 0a 9f 00
INFO - 29 dc c9 3c 00 0a c8 00
INFO - 29 de 09 3c 00 0a 9c 00
INFO - 29 e1 49 3c 00 0a b4 00
INFO - 29 e2 89 3c 00 0a 91 00
INFO - 29 e4 c9 3c 00 0a 92 00
INFO - 29 e7 09 3c 00 0a d8 00
INFO - 29 e9 49 3c 00 0a 92 00
INFO - 29 eb 89 3c 00 0a a6 00
INFO - 29 ed c9 3c 00 0a 97 00
INFO - 29 ef 09 3c 00 0a cf 00
INFO - 29 f1 49 3c 00 0a a6 00
INFO - 29 f4 89 3c 00 0a c4 00
INFO - 29 f9 c9 3c 00 0b 49 00
INFO - 29 fb 09 3c 00 0a 7b 00
INFO - 29 ff 49 3c 00 0b 2a 00
INFO - 2a 02 89 3c 00 0a b8 00
INFO - 2a 04 c9 3c 00 0a a7 00
INFO - 2a 06 09 3c 00 0a 9e 00
INFO - 2a 08 49 3c 00 0a cd 00
INFO - 2a 0a 89 3c 00 0a a1 00
INFO - 2a 0c c9 3c 00 0a a6 00
INFO - 2a 10 09 3c 00 0a d9 00
INFO - 2a 12 49 3c 00 0a b9 00
INFO - 2a 15 89 3c 00 0a e3 00
INFO - 2a 18 c9 3c 00 0a d9 00
INFO - 2a 1c 09 3c 00 0a e7 00
INFO - 2a 1f 49 3c 00 0a ce 00
INFO - 2a 20 89 3c 00 0a 9f 00
INFO - 2a 23 c9 3c 00 0a aa 00
INFO - 2a 25 09 3c 00 0a 9f 00
INFO - 2a 29 49 3c 00 0b 0a 00
INFO - 2a 2b 89 3c 00 0a ab 00
INFO - 2a 2d c9 3c 00 0a a0 00
INFO - 2a 2f 09 3c 00 0a b7 00
INFO - 2a 32 49 3c 00 0a dc 00
INFO - 2a 35 89 3c 00 0a cf 00
INFO - 2a 37 c9 3c 00 0a ad 00
INFO - 2a 3a 09 3c 00 0a ce 00
INFO - 2a 3c 49 3c 00 0a 96 00
INFO - 2a 3e 89 3c 00 0a 92 00
INFO - 2a 40 c9 3c 00 0a ba 00
INFO - 2a 43 09 3c 00 0a ce 00
INFO - 2a 45 49 3c 00 0a b8 00
INFO - 2a 48 89 3c 00 0a af 00
INFO - 2a 4a c9 3c 00 0a ad 00
INFO - 2a 4b 09 3c 00 0a 88 00
INFO - 2a 4c 49 3c 00 0a 79 00
INFO - 2a 50 89 3c 00 0b 04 00
INFO - 2a 52 c9 3c 00 0a aa 00
INFO - 2a 54 09 3c 00 0a 97 00
INFO - 2a 56 49 3c 00 0a 93 00
INFO - 2a 58 89 3c 00 0a ad 00
INFO - 2a 5a c9 3c 00 0a b0 00
INFO - 2a 5c 09 3c 00 0a ab 00
INFO - 2a 5e 49 3c 00 0a a4 00
INFO - 2a 61 89 3c 00 0a db 00
INFO - 2a 64 c9 3c 00 0a b1 00
INFO - 2a 67 09 3c 00 0a ce 00
INFO - 2a 69 49 3c 00 0a a2 00
INFO - 2a 6c 89 3c 00 0a ea 00
INFO - 2a 6f c9 3c 00 0a d5 00
INFO - 2a 72 09 3c 00 0a e7 00
INFO - 2a 74 49 3c 00 0a 66 00
INFO - 2a 76 89 3c 00 0a aa 00
INFO - 2a 78 c9 3c 00 0a a4 00
INFO - 2a 7c 09 3c 00 0a ff 00
INFO - 2a 7f 49 3c 00 0a c9 00
INFO - 2a 80 89 3c 00 0a 91 00
INFO - 2a 82 c9 3c 00 0a a2 00
INFO - 2a 87 09 3c 00 0a f5 00
INFO - 2a 89 49 3c 00 0a c5 00
INFO - 2a 8b 89 3c 00 0a 8d 00
INFO - 2a 8d c9 3c 00 0a c2 00
INFO - 2a 8f 09 3c 00 0a 99 00
INFO - 2a 92 49 3c 00 0a b6 00
INFO - 2a 94 89 3c 00 0a a4 00
INFO - 2a 95 c9 3c 00 0a 95 00
INFO - 2a 98 09 3c 00 0a b5 00
INFO - 2a 9d 49 3c 00 0b 33 00
INFO - 2a 9f 89 3c 00 0a a4 00
INFO - 2a a0 c9 3c 00 0a 9e 00
INFO - 2a a3 09 3c 00 0a d1 00
INFO - 2a a7 49 3c 00 0a 8f 00
INFO - 2a a9 89 3c 00 0a d3 00
INFO - 2a ad c9 3c 00 0a ea 00
INFO - 2a af 09 3c 00 0a ad 00
INFO - 2a b1 49 3c 00 0a a6 00
INFO - 2a b5 89 3c 00 0a ea 00
INFO - 2a b7 c9 3c 00 0a c2 00
INFO - 2a ba 09 3c 00 0a ca 00
INFO - 2a bc 49 3c 00 0a b5 00
INFO - 2a c0 89 3c 00 0a e2 00
INFO - 2a c2 c9 3c 00 0a aa 00
INFO - 2a c4 09 3c 00 0a a4 00
INFO - 2a c5 49 3c 00 0a 89 00
INFO - 2a c8 89 3c 00 0a da 00
INFO - 2a cb c9 3c 00 0a bc 00
INFO - 2a cd 09 3c 00 0a aa 00
INFO - 2a cf 49 3c 00 0a bc 00
INFO - 2a d1 89 3c 00 0a a9 00
INFO - 2a d4 c9 3c 00 0a bb 00
INFO - 2a d7 09 3c 00 0a c0 00
INFO - 2a d9 49 3c 00 0a c4 00
INFO - 2a db 89 3c 00 0a a2 00
INFO - 2a dd c9 3c 00 0a a8 00
INFO - 2a e0 09 3c 00 0a c4 00
INFO - 2a e2 49 3c 00 0a ab 00
INFO - 2a e5 89 3c 00 0a c7 00
INFO - 2a e6 c9 3c 00 0a 83 00
INFO - 2a ea 09 3c 00 0b 16 00
INFO - 2a ed 49 3c 00 0a c3 00
INFO - 2a f0 89 3c 00 0a b6 00
INFO - 2a f2 c9 3c 00 0a ab 00
INFO - 2a f4 09 3c 00 0a bb 00
INFO - 2a f7 49 3c 00 0a be 00
INFO - 2a f9 89 3c 00 0a b7 00
INFO - 2a fb c9 3c 00 0a a1 00
INFO - 2a fe 09 3c 00 0a c2 00
INFO - 2b 00 49 3c 00 0a bf 00
INFO - 2b 03 89 3c 00 0a d9 00
INFO - 2b 05 c9 3c 00 0a a1 00
INFO - 2b 08 09 3c 00 0a be 00
INFO - 2b 0b 49 3c 00 0a d1 00
INFO - 2b 0d 89 3c 00 0a a6 00
INFO - 2b 0e c9 3c 00 0a 96 00
INFO - 2b 11 09 3c 00 0a a6 00
INFO - 2b 12 49 3c 00 0a 9e 00
INFO - 2b 14 89 3c 00 0a a1 00
INFO - 2b 16 c9 3c 00 0a 8e 00
INFO - 2b 19 09 3c 00 0a dc 00
INFO - 2b 1b 49 3c 00 0a 8e 00
INFO - 2b 1d 89 3c 00 0a 9e 00
INFO - 2b 1f c9 3c 00 0a cf 00
INFO - 2b 21 09 3c 00 0a a6 00
INFO - 2b 24 49 3c 00 0a ac 00
INFO - 2b 25 89 3c 00 0a 8e 00
INFO - 2b 28 c9 3c 00 0a ce 00
INFO - 2b 2a 09 3c 00 0a 99 00
INFO - 2b 2c 49 3c 00 0a b3 00
INFO - 2b 2f 89 3c 00 0a b8 00
INFO - 2b 32 c9 3c 00 0a ed 00
INFO - 2b 37 09 3c 00 0b 2e 00
INFO - 2b 39 49 3c 00 0a c2 00
INFO - 2b 3b 89 3c 00 0a a3 00
INFO - 2b 3e c9 3c 00 0a c1 00
INFO - 2b 40 09 3c 00 0a 99 00
INFO - 2b 42 49 3c 00 0a 9b 00
INFO - 2b 45 89 3c 00 0a d4 00
INFO - 2b 47 c9 3c 00 0a 84 00
INFO - 2b 49 09 3c 00 0a a9 00
INFO - 2b 4b 49 3c 00 0a 8b 00
INFO - 2b 4f 89 3c 00 0a f8 00
INFO - 2b 51 c9 3c 00 0a b9 00
INFO - 2b 54 09 3c 00 0a d1 00
INFO - 2b 56 49 3c 00 0a a4 00
INFO - 2b 58 89 3c 00 0a 9d 00
INFO - 2b 5a c9 3c 00 0a ab 00
INFO - 2b 5c 09 3c 00 0a a4 00
INFO - 2b 5f 49 3c 00 0a bc 00
INFO - 2b 61 89 3c 00 0a ab 00
INFO - 2b 63 c9 3c 00 0a bb 00
INFO - 2b 66 09 3c 00 0a b6 00
INFO - 2b 68 49 3c 00 0a a1 00
INFO - 2b 69 89 3c 00 0a 8f 00
INFO - 2b 6b c9 3c 00 0a b4 00
INFO - 2b 6d 09 3c 00 0a 99 00
INFO - 2b 70 49 3c 00 0a b3 00
INFO - 2b 71 89 3c 00 0a 95 00
INFO - 2b 73 c9 3c 00 0a 98 00
INFO - 2b 75 09 3c 00 0a a7 00
INFO - 2b 77 49 3c 00 0a 89 00
INFO - 2b 79 89 3c 00 0a a3 00
INFO - 2b 7a c9 3c 00 0a 90 00
INFO - 2b 7d 09 3c 00 0a c1 00
INFO - 2b 7e 49 3c 00 0a 7a 00
INFO - 2b 80 89 3c 00 0a b6 00
INFO - 2b 82 c9 3c 00 0a 84 00
INFO - 2b 84 09 3c 00 0a ca 00
INFO - 2b 88 49 3c 00 0b 0a 00
INFO - 2b 8b 89 3c 00 0a b4 00
INFO - 2b 8e c9 3c 00 0a d9 00
INFO - 2b 90 09 3c 00 0a 8c 00
INFO - 2b 92 49 3c 00 0a c2 00
INFO - 2b 95 89 3c 00 0a dd 00
INFO - 2b 98 c9 3c 00 0a ba 00
INFO - 2b 9a 09 3c 00 0a c0 00
INFO - 2b 9c 49 3c 00 0a 92 00
INFO - 2b 9e 89 3c 00 0a bd 00
INFO - 2b a2 c9 3c 00 0a ec 00
INFO - 2b a3 09 3c 00 0a 87 00
INFO - 2b a5 49 3c 00 0a a3 00
INFO - 2b a7 89 3c 00 0a 9b 00
INFO - 2b a8 c9 3c 00 0a 80 00
INFO - 2b aa 09 3c 00 0a a1 00
INFO - 2b ac 49 3c 00 0a 90 00
INFO - 2b ae 89 3c 00 0a 9f 00
INFO - 2b b0 c9 3c 00 0a ad 00
INFO - 2b b2 09 3c 00 0a a0 00
INFO - 2b b4 49 3c 00 0a 98 00
INFO - 2b b6 89 3c 00 0a 9b 00
INFO - 2b b8 c9 3c 00 0a be 00
INFO - 2b bb 09 3c 00 0a ad 00
INFO - 2b bd 49 3c 00 0a a6 00
INFO - 2b bf 89 3c 00 0a aa 00
INFO - 2b c1 c9 3c 00 0a a2 00
INFO - 2b c3 09 3c 00 0a 9c 00
INFO - 2b c5 49 3c 00 0a b3 00
INFO - 2b c8 89 3c 00 0a cc 00
INFO - 2b ca c9 3c 00 0a aa 00
INFO - 2b cb 09 3c 00 0a 90 00
INFO - 2b cd 49 3c 00 0a 88 00
INFO - 2b cf 89 3c 00 0a 92 00
INFO - 2b d1 c9 3c 00 0a a0 00
INFO - 2b d3 09 3c 00 0a a4 00
INFO - 2b d4 49 3c 00 0a a0 00
INFO - 2b d6 89 3c 00 0a a4 00
INFO - 2b d9 c9 3c 00 0a a8 00
INFO - 2b da 09 3c 00 0a 9f 00
INFO - 2b dd 49 3c 00 0a af 00
INFO - 2b df 89 3c 00 0a aa 00
INFO - 2b e1 c9 3c 00 0a af 00
INFO - 2b e3 09 3c 00 0a a7 00
INFO - 2b e5 49 3c 00 0a b2 00
INFO - 2b e7 89 3c 00 0a a7 00
INFO - 2b e9 c9 3c 00 0a a1 00
INFO - 2b ec 09 3c 00 0a c3 00
INFO - 2b ee 49 3c 00 0a a7 00
INFO - 2b f1 89 3c 00 0a c0 00
INFO - 2b f3 c9 3c 00 0a 9a 00
INFO - 2b f5 09 3c 00 0a ab 00
INFO - 2b f7 49 3c 00 0a af 00
INFO - 2b f9 89 3c 00 0a a8 00
INFO - 2b fb c9 3c 00 0a 94 00
INFO - 2b fc 09 3c 00 0a 93 00
INFO - 2b ff 49 3c 00 0a bd 00
INFO - 2c 01 89 3c 00 0a 9e 00
INFO - 2c 02 c9 3c 00 0a 7e 00
INFO - 2c 05 09 3c 00 0a e6 00
INFO - 2c 07 49 3c 00 0a 93 00
INFO - 2c 09 89 3c 00 0a a8 00
INFO - 2c 0b c9 3c 00 0a a8 00
INFO - 2c 0d 09 3c 00 0a 93 00
INFO - 2c 0f 49 3c 00 0a a8 00
INFO - 2c 11 89 3c 00 0a a8 00
INFO - 2c 13 c9 3c 00 0a bc 00
INFO - 2c 15 09 3c 00 0a 93 00
INFO - 2c 17 49 3c 00 0a 9d 00
INFO - 2c 1a 89 3c 00 0a c7 00
INFO - 2c 1c c9 3c 00 0a 9d 00
INFO - 2c 1d 09 3c 00 0a 93 00
INFO - 2c 1f 49 3c 00 0a 9d 00
INFO - 2c 22 89 3c 00 0a bb 00
INFO - 2c 24 c9 3c 00 0a bd 00
INFO - 2c 26 09 3c 00 0a a8 00
INFO - 2c 2a 49 3c 00 0a 96 00
INFO - 2c 2b 89 3c 00 0a 93 00
INFO - 2c 2d c9 3c 00 0a 89 00
INFO - 2c 2f 09 3c 00 0a bc 00
INFO - 2c 31 49 3c 00 0a 93 00
INFO - 2c 33 89 3c 00 0a a7 00
INFO - 2c 35 c9 3c 00 0a 96 00
INFO - 2c 37 09 3c 00 0a a4 00
INFO - 2c 38 49 3c 00 0a 96 00
INFO - 2c 3a 89 3c 00 0a 91 00
INFO - 2c 3c c9 3c 00 0a 9d 00
INFO - 2c 3e 09 3c 00 0a b2 00
INFO - 2c 40 49 3c 00 0a 93 00
INFO - 2c 43 89 3c 00 0a e8 00
INFO - 2c 45 c9 3c 00 0a 85 00
INFO - 2c 47 09 3c 00 0a 9d 00
INFO - 2c 49 49 3c 00 0a ab 00
INFO - 2c 4b 89 3c 00 0a a5 00
INFO - 2c 4d c9 3c 00 0a 9d 00
INFO - 2c 4f 09 3c 00 0a c0 00
INFO - 2c 52 49 3c 00 0a ce 00
INFO - 2c 54 89 3c 00 0a a8 00
INFO - 2c 56 c9 3c 00 0a 8c 00
INFO - 2c 59 09 3c 00 0a d1 00
INFO - 2c 5a 49 3c 00 0a 92 00
INFO - 2c 5d 89 3c 00 0a d1 00
INFO - 2c 5f c9 3c 00 0a 96 00
INFO - 2c 62 09 3c 00 0a db 00
INFO - 2c 65 49 3c 00 0a c6 00
INFO - 2c 66 89 3c 00 0a 97 00
INFO - 2c 68 c9 3c 00 0a 90 00
INFO - 2c 6a 09 3c 00 0a 9f 00
INFO - 2c 6c 49 3c 00 0a c1 00
INFO - 2c 6f 89 3c 00 0a c6 00
INFO - 2c 72 c9 3c 00 0a c9 00
INFO - 2c 74 09 3c 00 0a ac 00
INFO - 2c 76 49 3c 00 0a 94 00
INFO - 2c 79 89 3c 00 0a d0 00
INFO - 2c 7a c9 3c 00 0a 98 00
INFO - 2c 7c 09 3c 00 0a a6 00
INFO - 2c 7e 49 3c 00 0a 9e 00
INFO - 2c 80 89 3c 00 0a a2 00
INFO - 2c 84 c9 3c 00 0a ef 00
INFO - 2c 85 09 3c 00 0a 8d 00
INFO - 2c 88 49 3c 00 0a b0 00
INFO - 2c 89 89 3c 00 0a 9d 00
INFO - 2c 8c c9 3c 00 0a ac 00
INFO - 2c 8d 09 3c 00 0a 9a 00
INFO - 2c 90 49 3c 00 0a c1 00
INFO - 2c 91 89 3c 00 0a 89 00
INFO - 2c 94 c9 3c 00 0a 9d 00
INFO - 2c 96 09 3c 00 0a 9e 00
INFO - 2c 98 49 3c 00 0a ab 00
INFO - 2c 9a 89 3c 00 0a 9b 00
INFO - 2c 9c c9 3c 00 0a bc 00
INFO - 2c 9e 09 3c 00 0a 89 00
INFO - 2c a0 49 3c 00 0a a7 00
INFO - 2c a2 89 3c 00 0a a0 00
INFO - 2c a3 c9 3c 00 0a 7b 00
INFO - 2c a5 09 3c 00 0a b5 00
INFO - 2c a7 49 3c 00 0a a4 00
INFO - 2c a9 89 3c 00 0a 9e 00
INFO - 2c ad c9 3c 00 0a ef 00
INFO - 2c af 09 3c 00 0a ca 00
INFO - 2c b1 49 3c 00 0a a4 00
INFO - 2c b3 89 3c 00 0a a0 00
INFO - 2c b5 c9 3c 00 0a a3 00
INFO - 2c b8 09 3c 00 0a bc 00
INFO - 2c bb 49 3c 00 0a d4 00
INFO - 2c bd 89 3c 00 0a b9 00
INFO - 2c c0 c9 3c 00 0a b4 00
INFO - 2c c1 09 3c 00 0a 9a 00
INFO - 2c c4 49 3c 00 0a b4 00
INFO - 2c c6 89 3c 00 0a b8 00
INFO - 2c c9 c9 3c 00 0a d4 00
INFO - 2c ca 09 3c 00 0a 85 00
INFO - 2c cc 49 3c 00 0a 92 00
INFO - 2c ce 89 3c 00 0a aa 00
INFO - 2c d0 c9 3c 00 0a a2 00
INFO - 2c d2 09 3c 00 0a a0 00
INFO - 2c d4 49 3c 00 0a a3 00
INFO - 2c d7 89 3c 00 0a ba 00
INFO - 2c d9 c9 3c 00 0a b4 00
INFO - 2c db 09 3c 00 0a 98 00
INFO - 2c dd 49 3c 00 0a 9f 00
INFO - 2c de 89 3c 00 0a 98 00
INFO - 2c e0 c9 3c 00 0a 91 00
INFO - 2c e2 09 3c 00 0a b2 00
INFO - 2c e4 49 3c 00 0a 90 00
INFO - 2c e6 89 3c 00 0a 99 00
INFO - 2c e7 c9 3c 00 0a 93 00
INFO - 2c ea 09 3c 00 0a b6 00
INFO - 2c ec 49 3c 00 0a a5 00
INFO - 2c ed 89 3c 00 0a 89 00
INFO - 2c ef c9 3c 00 0a 8e 00
INFO - 2c f0 09 3c 00 0a 8a 00
INFO - 2c f2 49 3c 00 0a 91 00
INFO - 2c f3 89 3c 00 0a 8e 00
INFO - 2c f5 c9 3c 00 0a 69 00
INFO - 2c f7 09 3c 00 0a 8a 00
INFO - 2c f9 49 3c 00 0a ca 00
INFO - 2c fc 89 3c 00 0a b2 00
INFO - 2c fe c9 3c 00 0a c2 00
INFO - 2d 00 09 3c 00 0a 9e 00
INFO - 2d 02 49 3c 00 0a a3 00
INFO - 2d 04 89 3c 00 0a af 00
INFO - 2d 07 c9 3c 00 0a bd 00
INFO - 2d 0a 09 3c 00 0a e1 00
INFO - 2d 0c 49 3c 00 0a a0 00
INFO - 2d 0e 89 3c 00 0a ad 00
INFO - 2d 10 c9 3c 00 0a 9d 00
INFO - 2d 13 09 3c 00 0a be 00
INFO - 2d 15 49 3c 00 0a a5 00
INFO - 2d 17 89 3c 00 0a a9 00
INFO - 2d 18 c9 3c 00 0a 86 00
INFO - 2d 1a 09 3c 00 0a a6 00
INFO - 2d 1c 49 3c 00 0a 92 00
INFO - 2d 1e 89 3c 00 0a b1 00
INFO - 2d 20 c9 3c 00 0a 92 00
INFO - 2d 21 09 3c 00 0a 8a 00
INFO - 2d 23 49 3c 00 0a a4 00
INFO - 2d 25 89 3c 00 0a 91 00
INFO - 2d 27 c9 3c 00 0a b4 00
INFO - 2d 29 09 3c 00 0a 99 00
INFO - 2d 2c 49 3c 00 0a bc 00
INFO - 2d 2e 89 3c 00 0a c1 00
INFO - 2d 31 c9 3c 00 0a dc 00
INFO - 2d 34 09 3c 00 0a cb 00
INFO - 2d 36 49 3c 00 0a 87 00
INFO - 2d 38 89 3c 00 0a cd 00
INFO - 2d 3b c9 3c 00 0a da 00
INFO - 2d 3d 09 3c 00 0a 84 00
INFO - 2d 3f 49 3c 00 0a ae 00
INFO - 2d 40 89 3c 00 0a 80 00
INFO - 2d 42 c9 3c 00 0a a1 00
INFO - 2d 44 09 3c 00 0a a4 00
INFO - 2d 46 49 3c 00 0a 86 00
INFO - 2d 48 89 3c 00 0a b8 00
INFO - 2d 4a c9 3c 00 0a 86 00
INFO - 2d 4c 09 3c 00 0a ae 00
INFO - 2d 4d 49 3c 00 0a 88 00
INFO - 2d 50 89 3c 00 0a d5 00
INFO - 2d 52 c9 3c 00 0a ab 00
INFO - 2d 54 09 3c 00 0a a3 00
INFO - 2d 56 49 3c 00 0a 7c 00
INFO - 2d 58 89 3c 00 0a a6 00
INFO - 2d 59 c9 3c 00 0a 8c 00
INFO - 2d 5b 09 3c 00 0a ad 00
INFO - 2d 5d 49 3c 00 0a 9b 00
INFO - 2d 60 89 3c 00 0a bd 00
INFO - 2d 61 c9 3c 00 0a 87 00
INFO - 2d 65 09 3c 00 0a f7 00
INFO - 2d 67 49 3c 00 0a a5 00
INFO - 2d 69 89 3c 00 0a 9e 00
INFO - 2d 6b c9 3c 00 0a b6 00
INFO - 2d 6d 09 3c 00 0a ae 00
INFO - 2d 6f 49 3c 00 0a 82 00
INFO - 2d 70 89 3c 00 0a 86 00
INFO - 2d 72 c9 3c 00 0a 8e 00
INFO - 2d 73 09 3c 00 0a 96 00
INFO - 2d 75 49 3c 00 0a a2 00
INFO - 2d 78 89 3c 00 0a af 00
INFO - 2d 79 c9 3c 00 0a 96 00
INFO - 2d 7b 09 3c 00 0a ac 00
INFO - 2d 7d 49 3c 00 0a 88 00
INFO - 2d 7f 89 3c 00 0a 9f 00
INFO - 2d 81 c9 3c 00 0a 9d 00
INFO - 2d 83 09 3c 00 0a b4 00
INFO - 2d 85 49 3c 00 0a 9a 00
INFO - 2d 86 89 3c 00 0a 89 00
INFO - 2d 89 c9 3c 00 0a d4 00
INFO - 2d 8c 09 3c 00 0a bd 00
INFO - 2d 8e 49 3c 00 0a ac 00
INFO - 2d 90 89 3c 00 0a b4 00
INFO - 2d 93 c9 3c 00 0a b6 00
INFO - 2d 95 09 3c 00 0a ae 00
INFO - 2d 97 49 3c 00 0a 90 00
INFO - 2d 99 89 3c 00 0a a8 00
INFO - 2d 9b c9 3c 00 0a cb 00
INFO - 2d 9e 09 3c 00 0a a5 00
INFO - 2d a0 49 3c 00 0a b7 00
INFO - 2d a2 89 3c 00 0a 9f 00
INFO - 2d a5 c9 3c 00 0a f3 00
INFO - 2d a7 09 3c 00 0a 9d 00
INFO - 2d a9 49 3c 00 0a 8a 00
INFO - 2d ab 89 3c 00 0a b8 00
INFO - 2d ae c9 3c 00 0a b3 00
INFO - 2d af 09 3c 00 0a a1 00
INFO - 2d b2 49 3c 00 0a c2 00
INFO - 2d b5 89 3c 00 0a cc 00
INFO - 2d b7 c9 3c 00 0a a6 00
INFO - 2d ba 09 3c 00 0a d9 00
INFO - 2d bc 49 3c 00 0a 8c 00
INFO - 2d be 89 3c 00 0a c1 00
INFO - 2d c0 c9 3c 00 0a 9b 00
INFO - 2d c2 09 3c 00 0a b7 00
INFO - 2d c4 49 3c 00 0a 98 00
INFO - 2d c7 89 3c 00 0a be 00
INFO - 2d c9 c9 3c 00 0a b7 00
INFO - 2d cc 09 3c 00 0a bb 00
INFO - 2d ce 49 3c 00 0a b4 00
INFO - 2d d0 89 3c 00 0a a2 00
INFO - 2d d2 c9 3c 00 0a a8 00
INFO - 2d d4 09 3c 00 0a a3 00
INFO - 2d d6 49 3c 00 0a 9a 00
INFO - 2d d8 89 3c 00 0a c8 00
INFO - 2d db c9 3c 00 0a a6 00
INFO - 2d dc 09 3c 00 0a 94 00
INFO - 2d df 49 3c 00 0a c6 00
INFO - 2d e0 89 3c 00 0a 88 00
INFO - 2d e4 c9 3c 00 0a f5 00
INFO - 2d e6 09 3c 00 0a ab 00
INFO - 2d e9 49 3c 00 0a d2 00
INFO - 2d eb 89 3c 00 0a ac 00
INFO - 2d ed c9 3c 00 0a a5 00
INFO - 2d f0 09 3c 00 0a b5 00
INFO - 2d f2 49 3c 00 0a a0 00
INFO - 2d f3 89 3c 00 0a 9b 00
INFO - 2d f6 c9 3c 00 0a a9 00
INFO - 2d f8 09 3c 00 0a c2 00
INFO - 2d fb 49 3c 00 0a c1 00
INFO - 2d fe 89 3c 00 0a de 00
INFO - 2e 00 c9 3c 00 0a 8f 00
INFO - 2e 03 09 3c 00 0a e9 00
INFO - 2e 06 49 3c 00 0a e8 00
INFO - 2e 09 89 3c 00 0a d0 00
INFO - 2e 0b c9 3c 00 0a ac 00
INFO - 2e 0e 09 3c 00 0a 77 00
INFO - 2e 10 49 3c 00 0a d2 00
INFO - 2e 13 89 3c 00 0a b9 00
INFO - 2e 15 c9 3c 00 0a a2 00
INFO - 2e 17 09 3c 00 0a ad 00
INFO - 2e 1b 49 3c 00 0b 1c 00
INFO - 2e 1d 89 3c 00 0a 94 00
INFO - 2e 1f c9 3c 00 0a a5 00
INFO - 2e 21 09 3c 00 0a aa 00
INFO - 2e 24 49 3c 00 0a b2 00
INFO - 2e 26 89 3c 00 0a b6 00
INFO - 2e 28 c9 3c 00 0a ad 00
INFO - 2e 2b 09 3c 00 0a d2 00
INFO - 2e 2d 49 3c 00 0a a1 00
INFO - 2e 30 89 3c 00 0a e1 00
INFO - 2e 32 c9 3c 00 0a aa 00
INFO - 2e 34 09 3c 00 0a a4 00
INFO - 2e 37 49 3c 00 0a ae 00
INFO - 2e 3a 89 3c 00 0a c9 00
INFO - 2e 3c c9 3c 00 0a b6 00
INFO - 2e 3e 09 3c 00 0a ad 00
INFO - 2e 40 49 3c 00 0a a4 00
INFO - 2e 43 89 3c 00 0a de 00
INFO - 2e 46 c9 3c 00 0a c0 00
INFO - 2e 48 09 3c 00 0a ad 00
INFO - 2e 4a 49 3c 00 0a af 00
INFO - 2e 4c 89 3c 00 0a a9 00
INFO - 2e 4e c9 3c 00 0a a3 00
INFO - 2e 50 09 3c 00 0a 9d 00
INFO - 2e 52 49 3c 00 0a ab 00
INFO - 2e 55 89 3c 00 0a ad 00
INFO - 2e 57 c9 3c 00 0a af 00
INFO - 2e 59 09 3c 00 0a a9 00
INFO - 2e 5b 49 3c 00 0a ab 00
INFO - 2e 5e 89 3c 00 0a b7 00
INFO - 2e 60 c9 3c 00 0a c7 00
INFO - 2e 64 09 3c 00 0a fb 00
INFO - 2e 67 49 3c 00 0a c6 00
INFO - 2e 69 89 3c 00 0a 9c 00
INFO - 2e 6b c9 3c 00 0a a2 00
INFO - 2e 6d 09 3c 00 0a bf 00
INFO - 2e 6f 49 3c 00 0a 9f 00
INFO - 2e 73 89 3c 00 0b 08 00
INFO - 2e 75 c9 3c 00 0a 9e 00
INFO - 2e 77 09 3c 00 0a ae 00
INFO - 2e 79 49 3c 00 0a b2 00
INFO - 2e 7d 89 3c 00 0a dc 00
INFO - 2e 7f c9 3c 00 0a cc 00
INFO - 2e 81 09 3c 00 0a a0 00
INFO - 2e 83 49 3c 00 0a a9 00
INFO - 2e 86 89 3c 00 0a ad 00
INFO - 2e 87 c9 3c 00 0a 99 00
INFO - 2e 89 09 3c 00 0a 92 00
INFO - 2e 8c 49 3c 00 0a ce 00
INFO - 2e 8f 89 3c 00 0a c6 00
INFO - 2e 90 c9 3c 00 0a 92 00
INFO - 2e 95 09 3c 00 0b 32 00
INFO - 2e 98 49 3c 00 0a b6 00
INFO - 2e 99 89 3c 00 0a 99 00
INFO - 2e 9c c9 3c 00 0a c1 00
INFO - 2e 9d 09 3c 00 0a 8d 00
INFO - 2e a0 49 3c 00 0a b2 00
INFO - 2e a2 89 3c 00 0a aa 00
INFO - 2e a5 c9 3c 00 0a c6 00
INFO - 2e a7 09 3c 00 0a a6 00
INFO - 2e a9 49 3c 00 0a c9 00
INFO - 2e ab 89 3c 00 0a a6 00
INFO - 2e ae c9 3c 00 0a d6 00
INFO - 2e b1 09 3c 00 0a b9 00
INFO - 2e b3 49 3c 00 0a b4 00
INFO - 2e b5 89 3c 00 0a ad 00
INFO - 2e b9 c9 3c 00 0a ed 00
INFO - 2e bb 09 3c 00 0a a2 00
INFO - 2e bd 49 3c 00 0a a5 00
INFO - 2e c0 89 3c 00 0a c7 00
INFO - 2e c3 c9 3c 00 0a d6 00
INFO - 2e c4 09 3c 00 0a 96 00
INFO - 2e c7 49 3c 00 0a bc 00
INFO - 2e c9 89 3c 00 0a a8 00
INFO - 2e cc c9 3c 00 0a da 00
INFO - 2e ce 09 3c 00 0a 7a 00
INFO - 2e d0 49 3c 00 0a a2 00
INFO - 2e d3 89 3c 00 0a d2 00
INFO - 2e d5 c9 3c 00 0a b0 00
INFO - 2e d8 09 3c 00 0a a9 00
INFO - 2e da 49 3c 00 0a b8 00
INFO - 2e dc 89 3c 00 0a bd 00
INFO - 2e de c9 3c 00 0a 9d 00
INFO - 2e e1 09 3c 00 0a c3 00
INFO - 2e e3 49 3c 00 0a 91 00
INFO - 2e e5 89 3c 00 0a c4 00
INFO - 2e e7 c9 3c 00 0a 84 00
INFO - 2e e9 09 3c 00 0a c7 00
INFO - 2e eb 49 3c 00 0a 9a 00
INFO - 2e ee 89 3c 00 0a b4 00
INFO - 2e f0 c9 3c 00 0a ba 00
INFO - 2e f2 09 3c 00 0a bc 00
INFO - 2e f5 49 3c 00 0a b4 00
INFO - 2e f7 89 3c 00 0a a2 00
INFO - 2e f9 c9 3c 00 0a bc 00
INFO - 2e fc 09 3c 00 0a b1 00
INFO - 2e fe 49 3c 00 0a a8 00
INFO - 2f 00 89 3c 00 0a c5 00
INFO - 2f 03 c9 3c 00 0a b1 00
INFO - 2f 05 09 3c 00 0a a8 00
INFO - 2f 07 49 3c 00 0a c8 00
INFO - 2f 0a 89 3c 00 0a ae 00
INFO - 2f 0c c9 3c 00 0a a5 00
INFO - 2f 0e 09 3c 00 0a cb 00
INFO - 2f 11 49 3c 00 0a ad 00
INFO - 2f 14 89 3c 00 0a e0 00
INFO - 2f 16 c9 3c 00 0a b8 00
INFO - 2f 18 09 3c 00 0a 9a 00
INFO - 2f 1b 49 3c 00 0a be 00
INFO - 2f 1c 89 3c 00 0a 97 00
INFO - 2f 1e c9 3c 00 0a 9c 00
INFO - 2f 21 09 3c 00 0a c4 00
INFO - 2f 22 49 3c 00 0a 8d 00
INFO - 2f 25 89 3c 00 0a a8 00
INFO - 2f 27 c9 3c 00 0a c2 00
INFO - 2f 2a 09 3c 00 0a be 00
INFO - 2f 2b 49 3c 00 0a 96 00
INFO - 2f 2e 89 3c 00 0a b2 00
INFO - 2f 30 c9 3c 00 0a ad 00
INFO - 2f 33 09 3c 00 0a d1 00
INFO - 2f 35 49 3c 00 0a 9d 00
INFO - 2f 37 89 3c 00 0a a1 00
INFO - 2f 38 c9 3c 00 0a 9a 00
INFO - 2f 3b 09 3c 00 0a a8 00
INFO - 2f 3c 49 3c 00 0a 97 00
INFO - 2f 40 89 3c 00 0a e8 00
INFO - 2f 42 c9 3c 00 0a a5 00
INFO - 2f 44 09 3c 00 0a bf 00
INFO - 2f 46 49 3c 00 0a 9a 00
INFO - 2f 49 89 3c 00 0a b1 00
INFO - 2f 4b c9 3c 00 0a be 00
INFO - 2f 4e 09 3c 00 0a c7 00
INFO - 2f 50 49 3c 00 0a b9 00
INFO - 2f 53 89 3c 00 0a d2 00
INFO - 2f 55 c9 3c 00 0a 92 00
INFO - 2f 58 09 3c 00 0a cf 00
INFO - 2f 5a 49 3c 00 0a be 00
INFO - 2f 5c 89 3c 00 0a a2 00
INFO - 2f 5f c9 3c 00 0a be 00
INFO - 2f 61 09 3c 00 0a b9 00
INFO - 2f 64 49 3c 00 0a 7f 00
INFO - 2f 67 89 3c 00 0a cf 00
INFO - 2f 6c c9 3c 00 0a ce 00
INFO - 2f 6f 09 3c 00 0a c9 00
INFO - 2f 71 49 3c 00 0a ad 00
INFO - 2f 74 89 3c 00 0a ca 00
INFO - 2f 77 c9 3c 00 0a b8 00
INFO - 2f 78 09 3c 00 0a 8f 00
INFO - 2f 7a 49 3c 00 0a a7 00
INFO - 2f 7d 89 3c 00 0a b8 00
INFO - 2f 80 c9 3c 00 0a dc 00
INFO - 2f 82 09 3c 00 0a af 00
INFO - 2f 85 49 3c 00 0a be 00
INFO - 2f 86 89 3c 00 0a 95 00
INFO - 2f 88 c9 3c 00 0a 99 00
INFO - 2f 8a 09 3c 00 0a 9b 00
INFO - 2f 8c 49 3c 00 0a a1 00
INFO - 2f 8e 89 3c 00 0a b1 00
INFO - 2f 90 c9 3c 00 0a aa 00
INFO - 2f 92 09 3c 00 0a af 00
INFO - 2f 95 49 3c 00 0a bc 00
INFO - 2f 97 89 3c 00 0a aa 00
INFO - 2f 99 c9 3c 00 0a a3 00
INFO - 2f 9b 09 3c 00 0a 9b 00
INFO - 2f 9d 49 3c 00 0a aa 00
INFO - 2f 9f 89 3c 00 0a 8d 00
INFO - 2f a1 c9 3c 00 0a b0 00
INFO - 2f a3 09 3c 00 0a 93 00
INFO - 2f a4 49 3c 00 0a 97 00
INFO - 2f a6 89 3c 00 0a 9a 00
INFO - 2f a9 c9 3c 00 0a bf 00
INFO - 2f ab 09 3c 00 0a c1 00
INFO - 2f ad 49 3c 00 0a a5 00
INFO - 2f af 89 3c 00 0a 9e 00
INFO - 2f b1 c9 3c 00 0a 8b 00
INFO - 2f b3 09 3c 00 0a a4 00
INFO - 2f b4 49 3c 00 0a 87 00
INFO - 2f b6 89 3c 00 0a a4 00
INFO - 2f b8 c9 3c 00 0a 93 00
INFO - 2f ba 09 3c 00 0a 99 00
INFO - 2f be 49 3c 00 0b 27 00
INFO - 2f c0 89 3c 00 0a ae 00
INFO - 2f c3 c9 3c 00 0a a8 00
INFO - 2f c5 09 3c 00 0a d3 00
INFO - 2f c8 49 3c 00 0a aa 00
INFO - 2f ca 89 3c 00 0a c1 00
INFO - 2f cd c9 3c 00 0a b2 00
INFO - 2f cf 09 3c 00 0a c1 00
INFO - 2f d2 49 3c 00 0a ba 00
INFO - 2f d4 89 3c 00 0a a1 00
INFO - 2f d6 c9 3c 00 0a a5 00
INFO - 2f d8 09 3c 00 0a a7 00
INFO - 2f da 49 3c 00 0a a2 00
INFO - 2f dc 89 3c 00 0a a4 00
INFO - 2f de c9 3c 00 0a a9 00
INFO - 2f e0 09 3c 00 0a a0 00
INFO - 2f e2 49 3c 00 0a a4 00
INFO - 2f e4 89 3c 00 0a 70 00
INFO - 2f e6 c9 3c 00 0a c3 00
INFO - 2f e9 09 3c 00 0a a7 00
INFO - 2f eb 49 3c 00 0a be 00
INFO - 2f ee 89 3c 00 0a c2 00
INFO - 2f f0 c9 3c 00 0a 9f 00
INFO - 2f f2 09 3c 00 0a c2 00
INFO - 2f f4 49 3c 00 0a 87 00
INFO - 2f f6 89 3c 00 0a 9f 00
INFO - 2f f8 c9 3c 00 0a ac 00
INFO - 2f f9 09 3c 00 0a 87 00
INFO - 2f fc 49 3c 00 0a d1 00
INFO - 2f fe 89 3c 00 0a 91 00
INFO - 30 01 c9 3c 00 0a ce 00
INFO - 30 03 09 3c 00 0a a5 00
INFO - 30 04 49 3c 00 0a 9b 00
INFO - 30 06 89 3c 00 0a 90 00
INFO - 30 08 c9 3c 00 0a ae 00
INFO - 30 0b 09 3c 00 0a c2 00
INFO - 30 0d 49 3c 00 0a a4 00
INFO - 30 0f 89 3c 00 0a a4 00
INFO - 30 11 c9 3c 00 0a 9a 00
INFO - 30 12 09 3c 00 0a 91 00
INFO - 30 15 49 3c 00 0a c1 00
INFO - 30 1b 89 3c 00 0a ba 00
INFO - 30 1d c9 3c 00 0a 96 00
INFO - 30 20 09 3c 00 0a cd 00
INFO - 30 21 49 3c 00 0a 8c 00
INFO - 30 23 89 3c 00 0a a2 00
INFO - 30 25 c9 3c 00 0a a6 00
INFO - 30 28 09 3c 00 0a c7 00
INFO - 30 2a 49 3c 00 0a 9b 00
INFO - 30 2c 89 3c 00 0a a9 00
INFO - 30 2d c9 3c 00 0a 84 00
INFO - 30 30 09 3c 00 0a cd 00
INFO - 30 32 49 3c 00 0a b3 00
INFO - 30 34 89 3c 00 0a 89 00
INFO - 30 35 c9 3c 00 0a 95 00
INFO - 30 38 09 3c 00 0a bf 00
INFO - 30 3a 49 3c 00 0a b0 00
INFO - 30 3c 89 3c 00 0a 95 00
INFO - 30 3e c9 3c 00 0a 9c 00
INFO - 30 40 09 3c 00 0a 9f 00
INFO - 30 42 49 3c 00 0a 9a 00
INFO - 30 44 89 3c 00 0a a6 00
INFO - 30 45 c9 3c 00 0a 95 00
INFO - 30 47 09 3c 00 0a a3 00
INFO - 30 49 49 3c 00 0a 9c 00
INFO - 30 4c 89 3c 00 0a bd 00
INFO - 30 4d c9 3c 00 0a 88 00
INFO - 30 4f 09 3c 00 0a a9 00
INFO - 30 51 49 3c 00 0a 85 00
INFO - 30 53 89 3c 00 0a b9 00
INFO - 30 54 c9 3c 00 0a 85 00
INFO - 30 56 09 3c 00 0a 96 00
INFO - 30 59 49 3c 00 0a c3 00
INFO - 30 5a 89 3c 00 0a 98 00
INFO - 30 5c c9 3c 00 0a 9f 00
INFO - 30 5e 09 3c 00 0a 9b 00
INFO - 30 61 49 3c 00 0a b2 00
INFO - 30 62 89 3c 00 0a a1 00
INFO - 30 65 c9 3c 00 0a c9 00
INFO - 30 67 09 3c 00 0a 92 00
INFO - 30 69 49 3c 00 0a 7d 00
INFO - 30 6b 89 3c 00 0a 8f 00
INFO - 30 6d c9 3c 00 0a b8 00
INFO - 30 6f 09 3c 00 0a 94 00
INFO - 30 72 49 3c 00 0a bf 00
INFO - 30 73 89 3c 00 0a 88 00
INFO - 30 75 c9 3c 00 0a b1 00
INFO - 30 78 09 3c 00 0a b9 00
INFO - 30 79 49 3c 00 0a 94 00
INFO - 30 7b 89 3c 00 0a a2 00
INFO - 30 7e c9 3c 00 0a b9 00
INFO - 30 83 09 3c 00 0a a0 00
INFO - 30 84 49 3c 00 0a 96 00
INFO - 30 86 89 3c 00 0a a6 00
INFO - 30 89 c9 3c 00 0a c8 00
INFO - 30 8b 09 3c 00 0a ad 00
INFO - 30 8e 49 3c 00 0a bc 00
INFO - 30 90 89 3c 00 0a aa 00
INFO - 30 92 c9 3c 00 0a af 00
INFO - 30 94 09 3c 00 0a a6 00
INFO - 30 97 49 3c 00 0a c3 00
INFO - 30 99 89 3c 00 0a ac 00
INFO - 30 9b c9 3c 00 0a a4 00
INFO - 30 9d 09 3c 00 0a b1 00
INFO - 30 9f 49 3c 00 0a 8e 00
INFO - 30 a1 89 3c 00 0a 9d 00
INFO - 30 a3 c9 3c 00 0a c1 00
INFO - 30 a5 09 3c 00 0a a5 00
INFO - 30 a7 49 3c 00 0a 93 00
INFO - 30 a9 89 3c 00 0a 98 00
INFO - 30 ab c9 3c 00 0a 9d 00
INFO - 30 ac 09 3c 00 0a 87 00
INFO - 30 ae 49 3c 00 0a 8e 00
INFO - 30 af 89 3c 00 0a 90 00
INFO - 30 b1 c9 3c 00 0a 9e 00
INFO - 30 b3 09 3c 00 0a 83 00
INFO - 30 b4 49 3c 00 0a 90 00
INFO - 30 b6 89 3c 00 0a a7 00
INFO - 30 b8 c9 3c 00 0a 8d 00
INFO - 30 b9 09 3c 00 0a 94 00
INFO - 30 bc 49 3c 00 0a aa 00
INFO - 30 be 89 3c 00 0a a7 00
INFO - 30 bf c9 3c 00 0a 8c 00
INFO - 30 c1 09 3c 00 0a 89 00
INFO - 30 c3 49 3c 00 0a a0 00
INFO - 30 c5 89 3c 00 0a cf 00
INFO - 30 c8 c9 3c 00 0a aa 00
INFO - 30 ca 09 3c 00 0a b1 00
INFO - 30 cb 49 3c 00 0a 8c 00
INFO - 30 d0 89 3c 00 0b 31 00
INFO - 30 d2 c9 3c 00 0a 97 00
INFO - 30 d4 09 3c 00 0a b7 00
INFO - 30 d6 49 3c 00 0a a3 00
INFO - 30 d8 89 3c 00 0a 92 00
INFO - 30 d9 c9 3c 00 0a 8c 00
INFO - 30 dc 09 3c 00 0a b0 00
INFO - 30 dd 49 3c 00 0a 8f 00
INFO - 30 df 89 3c 00 0a a9 00
INFO - 30 e2 c9 3c 00 0a b0 00
INFO - 30 e3 09 3c 00 0a 84 00
INFO - 30 e5 49 3c 00 0a 8c 00
INFO - 30 e7 89 3c 00 0a a5 00
INFO - 30 e9 c9 3c 00 0a ad 00
INFO - 30 eb 09 3c 00 0a bc 00
INFO - 30 ed 49 3c 00 0a b0 00
INFO - 30 ef 89 3c 00 0a 95 00
INFO - 30 f1 c9 3c 00 0a 9b 00
INFO - 30 f3 09 3c 00 0a 99 00
INFO - 30 f5 49 3c 00 0a ab 00
INFO - 30 f6 89 3c 00 0a 82 00
INFO - 30 f9 c9 3c 00 0a cc 00
INFO - 30 fb 09 3c 00 0a a2 00
INFO - 30 fe 49 3c 00 0a ca 00
INFO - 31 00 89 3c 00 0a b6 00
INFO - 31 02 c9 3c 00 0a 96 00
INFO - 31 04 09 3c 00 0a 9c 00
INFO - 31 06 49 3c 00 0a ad 00
INFO - 31 08 89 3c 00 0a 9a 00
INFO - 31 0a c9 3c 00 0a 99 00
INFO - 31 0c 09 3c 00 0a bf 00
INFO - 31 0e 49 3c 00 0a b2 00
INFO - 31 11 89 3c 00 0a b8 00
INFO - 31 13 c9 3c 00 0a 9a 00
INFO - 31 14 09 3c 00 0a 93 00
INFO - 31 16 49 3c 00 0a ae 00
INFO - 31 18 89 3c 00 0a a1 00
INFO - 31 1a c9 3c 00 0a 6b 00
INFO - 31 1c 09 3c 00 0a 94 00
INFO - 31 1e 49 3c 00 0a a3 00
INFO - 31 20 89 3c 00 0a a4 00
INFO - 31 22 c9 3c 00 0a c0 00
INFO - 31 24 09 3c 00 0a 9a 00
INFO - 31 26 49 3c 00 0a ad 00
INFO - 31 28 89 3c 00 0a 92 00
INFO - 31 2a c9 3c 00 0a 8b 00
INFO - 31 2c 09 3c 00 0a a8 00
INFO - 31 2e 49 3c 00 0a a9 00
INFO - 31 30 89 3c 00 0a ac 00
INFO - 31 32 c9 3c 00 0a a3 00
INFO - 31 34 09 3c 00 0a 99 00
INFO - 31 35 49 3c 00 0a 98 00
INFO - 31 37 89 3c 00 0a a4 00
INFO - 31 3a c9 3c 00 0a af 00
INFO - 31 3c 09 3c 00 0a a0 00
INFO - 31 3e 49 3c 00 0a a7 00
INFO - 31 3f 89 3c 00 0a 95 00
INFO - 31 41 c9 3c 00 0a a3 00
INFO - 31 43 09 3c 00 0a 9d 00
INFO - 31 45 49 3c 00 0a 96 00
INFO - 31 47 89 3c 00 0a 8f 00
INFO - 31 48 c9 3c 00 0a 9d 00
INFO - 31 4a 09 3c 00 0a 96 00
INFO - 31 4d 49 3c 00 0a bc 00
INFO - 31 4f 89 3c 00 0a a0 00
INFO - 31 50 c9 3c 00 0a 94 00
INFO - 31 53 09 3c 00 0a b8 00
INFO - 31 55 49 3c 00 0a c8 00
INFO - 31 57 89 3c 00 0a 8a 00
INFO - 31 59 c9 3c 00 0a 96 00
INFO - 31 5b 09 3c 00 0a a8 00
INFO - 31 5e 49 3c 00 0a e0 00
INFO - 31 5f 89 3c 00 0a 8d 00
INFO - 31 62 c9 3c 00 0a a8 00
INFO - 31 64 09 3c 00 0a b9 00
INFO - 31 66 49 3c 00 0a 90 00
INFO - 31 69 89 3c 00 0a d7 00
INFO - 31 6a c9 3c 00 0a 9b 00
INFO - 31 6c 09 3c 00 0a 86 00
INFO - 31 6e 49 3c 00 0a c3 00
INFO - 31 70 89 3c 00 0a 86 00
INFO - 31 72 c9 3c 00 0a af 00
INFO - 31 74 09 3c 00 0a 9b 00
INFO - 31 76 49 3c 00 0a 91 00
INFO - 31 78 89 3c 00 0a ae 00
INFO - 31 7b c9 3c 00 0a d7 00
INFO - 31 7c 09 3c 00 0a 91 00
INFO - 31 7f 49 3c 00 0a b9 00
INFO - 31 81 89 3c 00 0a a5 00
INFO - 31 83 c9 3c 00 0a 91 00
INFO - 31 84 09 3c 00 0a 9b 00
INFO - 31 86 49 3c 00 0a a4 00
INFO - 31 88 89 3c 00 0a 87 00
INFO - 31 8b c9 3c 00 0a f6 00
INFO - 31 8d 09 3c 00 0a 9b 00
INFO - 31 8f 49 3c 00 0a 9b 00
INFO - 31 91 89 3c 00 0a 8a 00
INFO - 31 93 c9 3c 00 0a ca 00
INFO - 31 95 09 3c 00 0a a5 00
INFO - 31 98 49 3c 00 0a bc 00
INFO - 31 9a 89 3c 00 0a ac 00
INFO - 31 9c c9 3c 00 0a 95 00
INFO - 31 9d 09 3c 00 0a 97 00
INFO - 31 9f 49 3c 00 0a 8b 00
INFO - 31 a1 89 3c 00 0a 8d 00
INFO - 31 a3 c9 3c 00 0a c8 00
INFO - 31 a5 09 3c 00 0a 91 00
INFO - 31 a8 49 3c 00 0a d4 00
INFO - 31 aa 89 3c 00 0a b3 00
INFO - 31 ad c9 3c 00 0a c4 00
INFO - 31 af 09 3c 00 0a b0 00
INFO - 31 b1 49 3c 00 0a 97 00
INFO - 31 b3 89 3c 00 0a 9f 00
INFO - 31 b4 c9 3c 00 0a 91 00
INFO - 31 b6 09 3c 00 0a a6 00
INFO - 31 b8 49 3c 00 0a 83 00
INFO - 31 ba 89 3c 00 0a aa 00
INFO - 31 bc c9 3c 00 0a a5 00
INFO - 31 be 09 3c 00 0a b9 00
INFO - 31 c0 49 3c 00 0a 95 00
INFO - 31 c2 89 3c 00 0a ac 00
INFO - 31 c4 c9 3c 00 0a 91 00
INFO - 31 c5 09 3c 00 0a 91 00
INFO - 31 c7 49 3c 00 0a 9b 00
INFO - 31 c9 89 3c 00 0a 87 00
INFO - 31 cb c9 3c 00 0a b9 00
INFO - 31 cd 09 3c 00 0a a6 00
INFO - 31 cf 49 3c 00 0a b3 00
INFO - 31 d1 89 3c 00 0a 97 00
INFO - 31 d3 c9 3c 00 0a 9b 00
INFO - 31 d5 09 3c 00 0a 8b 00
INFO - 31 da 49 3c 00 0b 48 00
INFO - 31 dc 89 3c 00 0a a2 00
INFO - 31 de c9 3c 00 0a 9c 00
INFO - 31 e0 09 3c 00 0a 9f 00
INFO - 31 e1 49 3c 00 0a 91 00
INFO - 31 e3 89 3c 00 0a 8e 00
INFO - 31 e4 c9 3c 00 0a 92 00
INFO - 31 e6 09 3c 00 0a 95 00
INFO - 31 e8 49 3c 00 0a 98 00
INFO - 31 ea 89 3c 00 0a a9 00
INFO - 31 ec c9 3c 00 0a 8e 00
INFO - 31 ed 09 3c 00 0a 9f 00
INFO - 31 f0 49 3c 00 0a b0 00
INFO - 31 f1 89 3c 00 0a 8e 00
INFO - 31 f3 c9 3c 00 0a 9f 00
INFO - 31 f6 09 3c 00 0a ce 00
INFO - 31 f9 49 3c 00 0a ce 00
INFO - 31 fb 89 3c 00 0a ba 00
INFO - 31 fd c9 3c 00 0a 92 00
INFO - 31 ff 09 3c 00 0a 91 00
INFO - 32 00 49 3c 00 0a 9b 00
INFO - 32 03 89 3c 00 0a af 00
INFO - 32 05 c9 3c 00 0a b9 00
INFO - 32 07 09 3c 00 0a a6 00
INFO - 32 09 49 3c 00 0a 98 00
INFO - 32 0a 89 3c 00 0a 87 00
INFO - 32 0c c9 3c 00 0a a8 00
INFO - 32 0e 09 3c 00 0a 9b 00
INFO - 32 10 49 3c 00 0a 9b 00
INFO - 32 12 89 3c 00 0a 91 00
INFO - 32 14 c9 3c 00 0a a5 00
INFO - 32 15 09 3c 00 0a 91 00
INFO - 32 17 49 3c 00 0a a5 00
INFO - 32 19 89 3c 00 0a 8a 00
INFO - 32 1b c9 3c 00 0a 98 00
INFO - 32 1d 09 3c 00 0a af 00
INFO - 32 1f 49 3c 00 0a b2 00
INFO - 32 22 89 3c 00 0a d5 00
INFO - 32 25 c9 3c 00 0a d0 00
INFO - 32 28 09 3c 00 0a c0 00
INFO - 32 2b 49 3c 00 0a ec 00
INFO - 32 2d 89 3c 00 0a a8 00
INFO - 32 2f c9 3c 00 0a a2 00
INFO - 32 31 09 3c 00 0a 9b 00
INFO - 32 33 49 3c 00 0a 94 00
INFO - 32 36 89 3c 00 0a d4 00
INFO - 32 38 c9 3c 00 0a bb 00
INFO - 32 3a 09 3c 00 0a 86 00
INFO - 32 3c 49 3c 00 0a ca 00
INFO - 32 3e 89 3c 00 0a 9b 00
INFO - 32 40 c9 3c 00 0a 94 00
INFO - 32 42 09 3c 00 0a ae 00
INFO - 32 44 49 3c 00 0a a5 00
INFO - 32 46 89 3c 00 0a a5 00
INFO - 32 48 c9 3c 00 0a b5 00
INFO - 32 4b 09 3c 00 0a bc 00
INFO - 32 4c 49 3c 00 0a 86 00
INFO - 32 4e 89 3c 00 0a 9b 00
INFO - 32 50 c9 3c 00 0a b1 00
INFO - 32 52 09 3c 00 0a 98 00
INFO - 32 54 49 3c 00 0a 90 00
INFO - 32 56 89 3c 00 0a b9 00
INFO - 32 58 c9 3c 00 0a 91 00
INFO - 32 5a 09 3c 00 0a a4 00
INFO - 32 5b 49 3c 00 0a 90 00
INFO - 32 5e 89 3c 00 0a b8 00
INFO - 32 61 c9 3c 00 0a cd 00
INFO - 32 63 09 3c 00 0a 9a 00
INFO - 32 64 49 3c 00 0a 86 00
INFO - 32 66 89 3c 00 0a 9a 00
INFO - 32 67 c9 3c 00 0a 90 00
INFO - 32 69 09 3c 00 0a a4 00
INFO - 32 6b 49 3c 00 0a a5 00
INFO - 32 6d 89 3c 00 0a 9a 00
INFO - 32 6f c9 3c 00 0a 86 00
INFO - 32 71 09 3c 00 0a c0 00
INFO - 32 75 49 3c 00 0a 8c 00
INFO - 32 77 89 3c 00 0a 8d 00
INFO - 32 79 c9 3c 00 0a b2 00
INFO - 32 7a 09 3c 00 0a 83 00
INFO - 32 7d 49 3c 00 0a cd 00
INFO - 32 7f 89 3c 00 0a a7 00
INFO - 32 81 c9 3c 00 0a 9a 00
INFO - 32 82 09 3c 00 0a 8d 00
INFO - 32 85 49 3c 00 0a c5 00
INFO - 32 87 89 3c 00 0a 97 00
INFO - 32 8a c9 3c 00 0a da 00
INFO - 32 8c 09 3c 00 0a 9a 00
INFO - 32 8e 49 3c 00 0a a1 00
INFO - 32 8f 89 3c 00 0a 94 00
INFO - 32 92 c9 3c 00 0a b8 00
INFO - 32 93 09 3c 00 0a 90 00
INFO - 32 96 49 3c 00 0a ab 00
INFO - 32 97 89 3c 00 0a 9e 00
INFO - 32 9a c9 3c 00 0a d6 00
INFO - 32 9d 09 3c 00 0a c2 00
INFO - 32 9f 49 3c 00 0a 90 00
INFO - 32 a0 89 3c 00 0a 90 00
INFO - 32 a2 c9 3c 00 0a a4 00
INFO - 32 a4 09 3c 00 0a ae 00
INFO - 32 a6 49 3c 00 0a 9a 00
INFO - 32 a8 89 3c 00 0a a4 00
INFO - 32 aa c9 3c 00 0a a4 00
INFO - 32 ac 09 3c 00 0a 9a 00
INFO - 32 ae 49 3c 00 0a a8 00
INFO - 32 b0 89 3c 00 0a a1 00
INFO - 32 b3 c9 3c 00 0a b8 00
INFO - 32 b4 09 3c 00 0a 9d 00
INFO - 32 b7 49 3c 00 0a c9 00
INFO - 32 b9 89 3c 00 0a 9b 00
INFO - 32 ba c9 3c 00 0a 87 00
INFO - 32 bc 09 3c 00 0a 9e 00
INFO - 32 bf 49 3c 00 0a b6 00
INFO - 32 c2 89 3c 00 0a d0 00
INFO - 32 c3 c9 3c 00 0a 98 00
INFO - 32 c5 09 3c 00 0a a9 00
INFO - 32 c7 49 3c 00 0a 84 00
INFO - 32 ca 89 3c 00 0a c8 00
INFO - 32 cb c9 3c 00 0a 98 00
INFO - 32 cd 09 3c 00 0a 9f 00
INFO - 32 cf 49 3c 00 0a a3 00
INFO - 32 d1 89 3c 00 0a 95 00
INFO - 32 d3 c9 3c 00 0a b1 00
INFO - 32 d5 09 3c 00 0a 99 00
INFO - 32 d7 49 3c 00 0a 95 00
INFO - 32 d8 89 3c 00 0a 88 00
INFO - 32 da c9 3c 00 0a ae 00
INFO - 32 dc 09 3c 00 0a 89 00
INFO - 32 de 49 3c 00 0a ab 00
INFO - 32 e0 89 3c 00 0a a8 00
INFO - 32 e2 c9 3c 00 0a b2 00
INFO - 32 e6 09 3c 00 0a e3 00
INFO - 32 ea 49 3c 00 0b 33 00
INFO - 32 ed 89 3c 00 0a b2 00
INFO - 32 ef c9 3c 00 0a a9 00
INFO - 32 f2 09 3c 00 0a c8 00
INFO - 32 f5 49 3c 00 0a dd 00
INFO - 32 f6 89 3c 00 0a 8a 00
INFO - 32 f8 c9 3c 00 0a a9 00
INFO - 32 fa 09 3c 00 0a aa 00
INFO - 32 fc 49 3c 00 0a 9f 00
INFO - 32 fe 89 3c 00 0a 9f 00
INFO - 33 00 c9 3c 00 0a 98 00
INFO - 33 02 09 3c 00 0a 94 00
INFO - 33 04 49 3c 00 0a b1 00
INFO - 33 06 89 3c 00 0a 8b 00
INFO - 33 07 c9 3c 00 0a 98 00
INFO - 33 09 09 3c 00 0a 92 00
INFO - 33 0a 49 3c 00 0a 8b 00
INFO - 33 0d 89 3c 00 0a ae 00
INFO - 33 0e c9 3c 00 0a 9c 00
INFO - 33 10 09 3c 00 0a a0 00
INFO - 33 12 49 3c 00 0a a4 00
INFO - 33 14 89 3c 00 0a a7 00
INFO - 33 18 c9 3c 00 0a d6 00
INFO - 33 1a 09 3c 00 0a ba 00
INFO - 33 1c 49 3c 00 0a 93 00
INFO - 33 1d 89 3c 00 0a 8f 00
INFO - 33 1f c9 3c 00 0a a1 00
INFO - 33 22 09 3c 00 0a d7 00
INFO - 33 24 49 3c 00 0a 9e 00
INFO - 33 26 89 3c 00 0a 8c 00
INFO - 33 28 c9 3c 00 0a ba 00
INFO - 33 2b 09 3c 00 0a cd 00
INFO - 33 2d 49 3c 00 0a c3 00
INFO - 33 30 89 3c 00 0a bf 00
INFO - 33 33 c9 3c 00 0a c6 00
INFO - 33 35 09 3c 00 0a ac 00
INFO - 33 37 49 3c 00 0a a2 00
INFO - 33 39 89 3c 00 0a ad 00
INFO - 33 3a c9 3c 00 0a 81 00
INFO - 33 3d 09 3c 00 0a cd 00
INFO - 33 3f 49 3c 00 0a 96 00
INFO - 33 41 89 3c 00 0a b8 00
INFO - 33 44 c9 3c 00 0a ad 00
INFO - 33 46 09 3c 00 0a c2 00
INFO - 33 49 49 3c 00 0a db 00
INFO - 33 4b 89 3c 00 0a aa 00
INFO - 33 4e c9 3c 00 0a b8 00
INFO - 33 50 09 3c 00 0a 97 00
INFO - 33 51 49 3c 00 0a 98 00
INFO - 33 54 89 3c 00 0a b1 00
INFO - 33 55 c9 3c 00 0a 9f 00
INFO - 33 58 09 3c 00 0a ae 00
INFO - 33 5b 49 3c 00 0a d2 00
INFO - 33 5d 89 3c 00 0a c5 00
INFO - 33 60 c9 3c 00 0a db 00
INFO - 33 62 09 3c 00 0a 95 00
INFO - 33 65 49 3c 00 0a bd 00
INFO - 33 67 89 3c 00 0a ab 00
INFO - 33 69 c9 3c 00 0a 9d 00
INFO - 33 6b 09 3c 00 0a a3 00
INFO - 33 6e 49 3c 00 0a e6 00
INFO - 33 70 89 3c 00 0a 96 00
INFO - 33 72 c9 3c 00 0a bf 00
INFO - 33 75 09 3c 00 0a c7 00
INFO - 33 76 49 3c 00 0a 8e 00
INFO - 33 78 89 3c 00 0a 6d 00
INFO - 33 7a c9 3c 00 0a a2 00
INFO - 33 7d 09 3c 00 0a b2 00
INFO - 33 7f 49 3c 00 0a b0 00
INFO - 33 80 89 3c 00 0a 8e 00
INFO - 33 82 c9 3c 00 0a 9a 00
INFO - 33 85 09 3c 00 0a bb 00
INFO - 33 88 49 3c 00 0a e8 00
INFO - 33 8b 89 3c 00 0a e0 00
INFO - 33 8d c9 3c 00 0a 8a 00
INFO - 33 8f 09 3c 00 0a a5 00
INFO - 33 91 49 3c 00 0a 99 00
INFO - 33 93 89 3c 00 0a a5 00
INFO - 33 94 c9 3c 00 0a 8e 00
INFO - 33 97 09 3c 00 0a bf 00
INFO - 33 99 49 3c 00 0a ab 00
INFO - 33 9b 89 3c 00 0a b0 00
INFO - 33 9e c9 3c 00 0a ba 00
INFO - 33 a0 09 3c 00 0a c6 00
INFO - 33 a2 49 3c 00 0a a9 00
INFO - 33 a5 89 3c 00 0a b7 00
INFO - 33 a7 c9 3c 00 0a bf 00
INFO - 33 a9 09 3c 00 0a 95 00
INFO - 33 ab 49 3c 00 0a 93 00
INFO - 33 ac 89 3c 00 0a 8e 00
INFO - 33 ae c9 3c 00 0a 8b 00
INFO - 33 b0 09 3c 00 0a b3 00
INFO - 33 b2 49 3c 00 0a ac 00
INFO - 33 b4 89 3c 00 0a a7 00
INFO - 33 b7 c9 3c 00 0a b8 00
INFO - 33 b9 09 3c 00 0a bf 00
INFO - 33 bb 49 3c 00 0a 99 00
INFO - 33 be 89 3c 00 0a c6 00
INFO - 33 c0 c9 3c 00 0a a6 00
INFO - 33 c2 09 3c 00 0a b0 00
INFO - 33 c4 49 3c 00 0a a1 00
INFO - 33 c5 89 3c 00 0a 8e 00
INFO - 33 ca c9 3c 00 0b 1a 00
INFO - 33 cd 09 3c 00 0a f4 00
INFO - 33 d0 49 3c 00 0a d2 00
INFO - 33 d3 89 3c 00 0a bc 00
INFO - 33 d5 c9 3c 00 0a a5 00
INFO - 33 d7 09 3c 00 0a a6 00
INFO - 33 d9 49 3c 00 0a a6 00
INFO - 33 db 89 3c 00 0a 92 00
INFO - 33 dd c9 3c 00 0a c5 00
INFO - 33 e0 09 3c 00 0a c7 00
INFO - 33 e3 49 3c 00 0a c9 00
INFO - 33 e5 89 3c 00 0a aa 00
INFO - 33 e7 c9 3c 00 0a a2 00
INFO - 33 e9 09 3c 00 0a b2 00
INFO - 33 eb 49 3c 00 0a a0 00
INFO - 33 ed 89 3c 00 0a 97 00
INFO - 33 ef c9 3c 00 0a 9b 00
INFO - 33 f1 09 3c 00 0a aa 00
INFO - 33 f2 49 3c 00 0a 8b 00
INFO - 33 f5 89 3c 00 0a b7 00
INFO - 33 f7 c9 3c 00 0a b2 00
INFO - 33 f9 09 3c 00 0a a3 00
INFO - 33 fc 49 3c 00 0a c1 00
INFO - 33 fe 89 3c 00 0a a3 00
INFO - 34 00 c9 3c 00 0a b7 00
INFO - 34 02 09 3c 00 0a ae 00
INFO - 34 04 49 3c 00 0a ac 00
INFO - 34 06 89 3c 00 0a 9c 00
INFO - 34 08 c9 3c 00 0a 9c 00
INFO - 34 0b 09 3c 00 0a ec 00
INFO - 34 0d 49 3c 00 0a 8c 00
INFO - 34 14 89 3c 00 0b 87 00
INFO - 34 16 c9 3c 00 0a b3 00
INFO - 34 18 09 3c 00 0a a7 00
INFO - 34 1a 49 3c 00 0a a9 00
INFO - 34 1b 89 3c 00 0a 85 00
INFO - 34 1e c9 3c 00 0a bf 00
INFO - 34 20 09 3c 00 0a b3 00
INFO - 34 23 49 3c 00 0a bf 00
INFO - 34 25 89 3c 00 0a bf 00
INFO - 34 27 c9 3c 00 0a a8 00
INFO - 34 2a 09 3c 00 0a cb 00
INFO - 34 2d 49 3c 00 0a b4 00
INFO - 34 2f 89 3c 00 0a c3 00
INFO - 34 31 c9 3c 00 0a a4 00
INFO - 34 34 09 3c 00 0a c3 00
INFO - 34 36 49 3c 00 0a bc 00
INFO - 34 39 89 3c 00 0a b4 00
INFO - 34 3b c9 3c 00 0a ac 00
INFO - 34 3d 09 3c 00 0a b0 00
INFO - 34 40 49 3c 00 0a e6 00
INFO - 34 44 89 3c 00 0a ee 00
INFO - 34 46 c9 3c 00 0a a9 00
INFO - 34 49 09 3c 00 0a bf 00
INFO - 34 4b 49 3c 00 0a a5 00
INFO - 34 4d 89 3c 00 0a c3 00
INFO - 34 50 c9 3c 00 0a b4 00
INFO - 34 53 09 3c 00 0a e3 00
INFO - 34 56 49 3c 00 0a e0 00
INFO - 34 59 89 3c 00 0a c4 00
INFO - 34 5b c9 3c 00 0a b4 00
INFO - 34 5d 09 3c 00 0a 9d 00
INFO - 34 5f 49 3c 00 0a bd 00
INFO - 34 62 89 3c 00 0a bb 00
INFO - 34 64 c9 3c 00 0a b3 00
INFO - 34 66 09 3c 00 0a 8b 00
INFO - 34 69 49 3c 00 0a d8 00
INFO - 34 6b 89 3c 00 0a 9a 00
INFO - 34 6d c9 3c 00 0a b9 00
INFO - 34 70 09 3c 00 0a b5 00
INFO - 34 72 49 3c 00 0a b5 00
INFO - 34 74 89 3c 00 0a b6 00
INFO - 34 76 c9 3c 00 0a 92 00
INFO - 34 78 09 3c 00 0a aa 00
INFO - 34 7b 49 3c 00 0a e4 00
INFO - 34 7e 89 3c 00 0a b6 00
INFO - 34 80 c9 3c 00 0a c2 00
INFO - 34 82 09 3c 00 0a 92 00
INFO - 34 84 49 3c 00 0a a9 00
INFO - 34 86 89 3c 00 0a b7 00
INFO - 34 8a c9 3c 00 0a dc 00
INFO - 34 8b 09 3c 00 0a 94 00
INFO - 34 8d 49 3c 00 0a 9a 00
INFO - 34 8f 89 3c 00 0a aa 00
INFO - 34 92 c9 3c 00 0a c7 00
INFO - 34 94 09 3c 00 0a 9a 00
INFO - 34 95 49 3c 00 0a 96 00
INFO - 34 97 89 3c 00 0a 9c 00
INFO - 34 9a c9 3c 00 0a ad 00
INFO - 34 9b 09 3c 00 0a 9b 00
INFO - 34 9e 49 3c 00 0a bb 00
INFO - 34 a0 89 3c 00 0a b7 00
INFO - 34 a2 c9 3c 00 0a a6 00
INFO - 34 a5 09 3c 00 0a c7 00
INFO - 34 a7 49 3c 00 0a aa 00
INFO - 34 a9 89 3c 00 0a 9f 00
INFO - 34 ac c9 3c 00 0a da 00
INFO - 34 af 09 3c 00 0a db 00
INFO - 34 b2 49 3c 00 0a db 00
INFO - 34 b5 89 3c 00 0a cd 00
INFO - 34 b9 c9 3c 00 0b 16 00
INFO - 34 bc 09 3c 00 0a b7 00
INFO - 34 be 49 3c 00 0a 9f 00
INFO - 34 c0 89 3c 00 0a 95 00
INFO - 34 c2 c9 3c 00 0a aa 00
INFO - 34 c4 09 3c 00 0a af 00
INFO - 34 c7 49 3c 00 0a cb 00
INFO - 34 ca 89 3c 00 0a dd 00
INFO - 34 cc c9 3c 00 0a b7 00
INFO - 34 cf 09 3c 00 0a c5 00
INFO - 34 d2 49 3c 00 0a ce 00
INFO - 34 d3 89 3c 00 0a 8d 00
INFO - 34 d5 c9 3c 00 0a 9c 00
INFO - 34 d8 09 3c 00 0a c7 00
INFO - 34 d9 49 3c 00 0a 85 00
INFO - 34 dc 89 3c 00 0a c3 00
INFO - 34 de c9 3c 00 0a b1 00
INFO - 34 e1 09 3c 00 0a d8 00
INFO - 34 e3 49 3c 00 0a 93 00
INFO - 34 e6 89 3c 00 0a ee 00
INFO - 34 e9 c9 3c 00 0a be 00
INFO - 34 eb 09 3c 00 0a a5 00
INFO - 34 ee 49 3c 00 0a d0 00
INFO - 34 f1 89 3c 00 0a cb 00
INFO - 34 f3 c9 3c 00 0a b1 00
INFO - 34 f6 09 3c 00 0a db 00
INFO - 34 f8 49 3c 00 0a a6 00
INFO - 34 fb 89 3c 00 0a bc 00
INFO - 34 fe c9 3c 00 0a e7 00
INFO - 35 00 09 3c 00 0a b2 00
INFO - 35 02 49 3c 00 0a b0 00
INFO - 35 04 89 3c 00 0a 9f 00
INFO - 35 07 c9 3c 00 0a c2 00
INFO - 35 0a 09 3c 00 0a c1 00
INFO - 35 0c 49 3c 00 0a ab 00
INFO - 35 0e 89 3c 00 0a 9e 00
INFO - 35 11 c9 3c 00 0a e4 00
INFO - 35 13 09 3c 00 0a a8 00
INFO - 35 15 49 3c 00 0a aa 00
INFO - 35 17 89 3c 00 0a a9 00
INFO - 35 1a c9 3c 00 0a b4 00
INFO - 35 1b 09 3c 00 0a 9d 00
INFO - 35 1e 49 3c 00 0a a7 00
INFO - 35 20 89 3c 00 0a b9 00
INFO - 35 21 c9 3c 00 0a 86 00
INFO - 35 23 09 3c 00 0a a5 00
INFO - 35 26 49 3c 00 0a a8 00
INFO - 35 28 89 3c 00 0a ca 00
INFO - 35 2a c9 3c 00 0a 9d 00
INFO - 35 2c 09 3c 00 0a a8 00
INFO - 35 2e 49 3c 00 0a 95 00
INFO - 35 31 89 3c 00 0a 8f 00
INFO - 35 33 c9 3c 00 0a a8 00
INFO - 35 36 09 3c 00 0a b4 00
INFO - 35 38 49 3c 00 0a a1 00
INFO - 35 3a 89 3c 00 0a d3 00
INFO - 35 3c c9 3c 00 0a 9d 00
INFO - 35 3f 09 3c 00 0a d0 00
INFO - 35 41 49 3c 00 0a 99 00
INFO - 35 43 89 3c 00 0a b4 00
INFO - 35 45 c9 3c 00 0a a1 00
INFO - 35 4a 09 3c 00 0b 24 00
INFO - 35 4b 49 3c 00 0a 85 00
INFO - 35 4e 89 3c 00 0a cf 00
INFO - 35 51 c9 3c 00 0a bf 00
INFO - 35 54 09 3c 00 0a d2 00
INFO - 35 56 49 3c 00 0a b3 00
INFO - 35 58 89 3c 00 0a b7 00
INFO - 35 5a c9 3c 00 0a 98 00
INFO - 35 5d 09 3c 00 0a c2 00
INFO - 35 5f 49 3c 00 0a ba 00
INFO - 35 62 89 3c 00 0a b7 00
INFO - 35 64 c9 3c 00 0a b2 00
INFO - 35 66 09 3c 00 0a b9 00
INFO - 35 69 49 3c 00 0a c1 00
INFO - 35 6b 89 3c 00 0a a6 00
INFO - 35 6e c9 3c 00 0a c4 00
INFO - 35 70 09 3c 00 0a b2 00
INFO - 35 73 49 3c 00 0a d7 00
INFO - 35 75 89 3c 00 0a a8 00
INFO - 35 78 c9 3c 00 0a b8 00
INFO - 35 7a 09 3c 00 0a c2 00
INFO - 35 7c 49 3c 00 0a a3 00
INFO - 35 7d 89 3c 00 0a 84 00
INFO - 35 80 c9 3c 00 0a b6 00
INFO - 35 82 09 3c 00 0a a4 00
INFO - 35 85 49 3c 00 0a e4 00
INFO - 35 88 89 3c 00 0a c7 00
INFO - 35 8b c9 3c 00 0a e3 00
INFO - 35 8e 09 3c 00 0a be 00
INFO - 35 90 49 3c 00 0a ba 00
INFO - 35 93 89 3c 00 0a c1 00
INFO - 35 95 c9 3c 00 0a b2 00
INFO - 35 97 09 3c 00 0a 9b 00
INFO - 35 98 49 3c 00 0a 8f 00
INFO - 35 9a 89 3c 00 0a a2 00
INFO - 35 9d c9 3c 00 0a d5 00
INFO - 35 a1 09 3c 00 0a db 00
INFO - 35 a2 49 3c 00 0a a0 00
INFO - 35 a5 89 3c 00 0a c6 00
INFO - 35 a8 c9 3c 00 0a d8 00
INFO - 35 aa 09 3c 00 0a 93 00
INFO - 35 ac 49 3c 00 0a ae 00
INFO - 35 ae 89 3c 00 0a ac 00
INFO - 35 b0 c9 3c 00 0a 89 00
INFO - 35 b3 09 3c 00 0a d4 00
INFO - 35 b5 49 3c 00 0a bf 00
INFO - 35 b8 89 3c 00 0a c8 00
INFO - 35 ba c9 3c 00 0a ab 00
INFO - 35 bd 09 3c 00 0a b4 00
INFO - 35 be 49 3c 00 0a 8a 00
INFO - 35 c1 89 3c 00 0a bd 00
INFO - 35 c2 c9 3c 00 0a 9b 00
INFO - 35 c4 09 3c 00 0a 8d 00
INFO - 35 c6 49 3c 00 0a a7 00
INFO - 35 c8 89 3c 00 0a 93 00
INFO - 35 c9 c9 3c 00 0a 89 00
INFO - 35 cc 09 3c 00 0a bc 00
INFO - 35 cd 49 3c 00 0a 90 00
INFO - 35 cf 89 3c 00 0a ab 00
INFO - 35 d1 c9 3c 00 0a 9e 00
INFO - 35 d3 09 3c 00 0a ad 00
INFO - 35 d5 49 3c 00 0a a0 00
INFO - 35 d7 89 3c 00 0a 9d 00
INFO - 35 da c9 3c 00 0a bb 00
INFO - 35 dd 09 3c 00 0a cf 00
INFO - 35 df 49 3c 00 0a ae 00
INFO - 35 e1 89 3c 00 0a 9e 00
INFO - 35 e3 c9 3c 00 0a 78 00
INFO - 35 e5 09 3c 00 0a ba 00
INFO - 35 e9 49 3c 00 0a e3 00
INFO - 35 eb 89 3c 00 0a b0 00
INFO - 35 ed c9 3c 00 0a 92 00
INFO - 35 ee 09 3c 00 0a 7b 00
INFO - 35 f0 49 3c 00 0a 9c 00
INFO - 35 f1 89 3c 00 0a 8a 00
INFO - 35 f3 c9 3c 00 0a a6 00
INFO - 35 f5 09 3c 00 0a 87 00
INFO - 35 f6 49 3c 00 0a 92 00
INFO - 35 f8 89 3c 00 0a ad 00
INFO - 35 fb c9 3c 00 0a ab 00
INFO - 35 fd 09 3c 00 0a af 00
INFO - 35 fe 49 3c 00 0a 92 00
INFO - 36 01 89 3c 00 0a bb 00
INFO - 36 03 c9 3c 00 0a 92 00
INFO - 36 05 09 3c 00 0a 9d 00
INFO - 36 07 49 3c 00 0a ad 00
INFO - 36 0a 89 3c 00 0a e7 00
INFO - 36 0d c9 3c 00 0a cd 00
INFO - 36 0f 09 3c 00 0a 8e 00
INFO - 36 10 49 3c 00 0a 95 00
INFO - 36 12 89 3c 00 0a 9b 00
INFO - 36 14 c9 3c 00 0a a7 00
INFO - 36 16 09 3c 00 0a a1 00
INFO - 36 18 49 3c 00 0a b3 00
INFO - 36 1a 89 3c 00 0a 9b 00
INFO - 36 1c c9 3c 00 0a 9b 00
INFO - 36 1e 09 3c 00 0a a1 00
INFO - 36 21 49 3c 00 0a c6 00
INFO - 36 23 89 3c 00 0a a4 00
INFO - 36 25 c9 3c 00 0a a5 00
INFO - 36 27 09 3c 00 0a a1 00
INFO - 36 28 49 3c 00 0a 95 00
INFO - 36 2a 89 3c 00 0a 7c 00
INFO - 36 2c c9 3c 00 0a b6 00
INFO - 36 2e 09 3c 00 0a a4 00
INFO - 36 31 49 3c 00 0a be 00
INFO - 36 32 89 3c 00 0a 9d 00
INFO - 36 34 c9 3c 00 0a 9a 00
INFO - 36 36 09 3c 00 0a a4 00
INFO - 36 38 49 3c 00 0a 9b 00
INFO - 36 3a 89 3c 00 0a a3 00
INFO - 36 3c c9 3c 00 0a b5 00
INFO - 36 3e 09 3c 00 0a 9d 00
INFO - 36 40 49 3c 00 0a 90 00
INFO - 36 42 89 3c 00 0a 90 00
INFO - 36 43 c9 3c 00 0a 91 00
INFO - 36 45 09 3c 00 0a 8f 00
INFO - 36 47 49 3c 00 0a a1 00
INFO - 36 49 89 3c 00 0a 9d 00
INFO - 36 4b c9 3c 00 0a a4 00
INFO - 36 4c 09 3c 00 0a 91 00
INFO - 36 4e 49 3c 00 0a a1 00
INFO - 36 50 89 3c 00 0a 90 00
INFO - 36 52 c9 3c 00 0a a3 00
INFO - 36 53 09 3c 00 0a 90 00
INFO - 36 56 49 3c 00 0a b7 00
INFO - 36 58 89 3c 00 0a b7 00
INFO - 36 5a c9 3c 00 0a 8e 00
INFO - 36 5c 09 3c 00 0a a3 00
INFO - 36 61 49 3c 00 0b 3e 00
INFO - 36 63 89 3c 00 0a af 00
INFO - 36 65 c9 3c 00 0a a3 00
INFO - 36 67 09 3c 00 0a 99 00
INFO - 36 69 49 3c 00 0a ad 00
INFO - 36 6c 89 3c 00 0a b3 00
INFO - 36 6d c9 3c 00 0a 9e 00
INFO - 36 6f 09 3c 00 0a a2 00
INFO - 36 71 49 3c 00 0a 9a 00
INFO - 36 73 89 3c 00 0a 8f 00
INFO - 36 75 c9 3c 00 0a 9a 00
INFO - 36 77 09 3c 00 0a c9 00
INFO - 36 79 49 3c 00 0a 9c 00
INFO - 36 7b 89 3c 00 0a ae 00
INFO - 36 7d c9 3c 00 0a a4 00
INFO - 36 7f 09 3c 00 0a 97 00
INFO - 36 81 49 3c 00 0a a8 00
INFO - 36 83 89 3c 00 0a 8f 00
INFO - 36 85 c9 3c 00 0a b8 00
INFO - 36 87 09 3c 00 0a ab 00
INFO - 36 89 49 3c 00 0a a6 00
INFO - 36 8b 89 3c 00 0a 91 00
INFO - 36 8d c9 3c 00 0a a3 00
INFO - 36 8f 09 3c 00 0a 90 00
INFO - 36 91 49 3c 00 0a b4 00
INFO - 36 93 89 3c 00 0a 9d 00
INFO - 36 95 c9 3c 00 0a 98 00
INFO - 36 97 09 3c 00 0a b7 00
INFO - 36 99 49 3c 00 0a 96 00
INFO - 36 9a 89 3c 00 0a 9b 00
INFO - 36 9d c9 3c 00 0a ac 00
INFO - 36 9e 09 3c 00 0a 9a 00
INFO - 36 a0 49 3c 00 0a 94 00
INFO - 36 a2 89 3c 00 0a a5 00
INFO - 36 a5 c9 3c 00 0a d3 00
INFO - 36 a7 09 3c 00 0a 8e 00
INFO - 36 a8 49 3c 00 0a 98 00
INFO - 36 aa 89 3c 00 0a 96 00
INFO - 36 ae c9 3c 00 0a e8 00
INFO - 36 b0 09 3c 00 0a b3 00
INFO - 36 b1 49 3c 00 0a 7a 00
INFO - 36 b3 89 3c 00 0a 9a 00
INFO - 36 b5 c9 3c 00 0a 98 00
INFO - 36 b7 09 3c 00 0a ac 00
INFO - 36 b9 49 3c 00 0a a8 00
INFO - 36 bb 89 3c 00 0a 9b 00
INFO - 36 bd c9 3c 00 0a c0 00
INFO - 36 c0 09 3c 00 0a d4 00
INFO - 36 c2 49 3c 00 0a 81 00
INFO - 36 c4 89 3c 00 0a cd 00
INFO - 36 c6 c9 3c 00 0a a3 00
INFO - 36 c9 09 3c 00 0a ca 00
INFO - 36 cb 49 3c 00 0a 8d 00
INFO - 36 cc 89 3c 00 0a 95 00
INFO - 36 ce c9 3c 00 0a 9c 00
INFO - 36 d1 09 3c 00 0a cb 00
INFO - 36 d3 49 3c 00 0a b5 00
INFO - 36 d5 89 3c 00 0a 99 00
INFO - 36 d7 c9 3c 00 0a 8b 00
INFO - 36 d9 09 3c 00 0a a5 00
INFO - 36 db 49 3c 00 0a a2 00
INFO - 36 dc 89 3c 00 0a 98 00
INFO - 36 de c9 3c 00 0a 98 00
INFO - 36 e1 09 3c 00 0a bd 00
INFO - 36 e2 49 3c 00 0a 87 00
INFO - 36 e4 89 3c 00 0a ac 00
INFO - 36 e6 c9 3c 00 0a 98 00
INFO - 36 e8 09 3c 00 0a b1 00
INFO - 36 eb 49 3c 00 0a af 00
INFO - 36 ec 89 3c 00 0a 99 00
INFO - 36 ee c9 3c 00 0a 8d 00
INFO - 36 f0 09 3c 00 0a 98 00
INFO - 36 f3 49 3c 00 0a e6 00
INFO - 36 f5 89 3c 00 0a 8b 00
INFO - 36 f6 c9 3c 00 0a 92 00
INFO - 36 f8 09 3c 00 0a 85 00
INFO - 36 f9 49 3c 00 0a 85 00
INFO - 36 fb 89 3c 00 0a 90 00
INFO - 36 fc c9 3c 00 0a 95 00
INFO - 36 fe 09 3c 00 0a 88 00
INFO - 37 00 49 3c 00 0a 9a 00
INFO - 37 02 89 3c 00 0a a3 00
INFO - 37 03 c9 3c 00 0a 9a 00
INFO - 37 05 09 3c 00 0a a2 00
INFO - 37 07 49 3c 00 0a a6 00
INFO - 37 09 89 3c 00 0a 90 00
INFO - 37 0b c9 3c 00 0a b9 00
INFO - 37 0d 09 3c 00 0a 86 00
INFO - 37 0f 49 3c 00 0a b5 00
INFO - 37 11 89 3c 00 0a 9d 00
INFO - 37 13 c9 3c 00 0a 9a 00
INFO - 37 15 09 3c 00 0a a3 00
INFO - 37 18 49 3c 00 0a ce 00
INFO - 37 19 89 3c 00 0a 9a 00
INFO - 37 1b c9 3c 00 0a a4 00
INFO - 37 1d 09 3c 00 0a 84 00
INFO - 37 1f 49 3c 00 0a ab 00
INFO - 37 21 89 3c 00 0a 9a 00
INFO - 37 23 c9 3c 00 0a bd 00
INFO - 37 25 09 3c 00 0a 86 00
INFO - 37 27 49 3c 00 0a ba 00
INFO - 37 29 89 3c 00 0a 97 00
INFO - 37 2b c9 3c 00 0a 9a 00
INFO - 37 2d 09 3c 00 0a 9d 00
INFO - 37 2f 49 3c 00 0a ae 00
INFO - 37 31 89 3c 00 0a ad 00
INFO - 37 33 c9 3c 00 0a b0 00
INFO - 37 36 09 3c 00 0a c2 00
INFO - 37 39 49 3c 00 0a f5 00
INFO - 37 3b 89 3c 00 0a a5 00
INFO - 37 3e c9 3c 00 0a b6 00
INFO - 37 40 09 3c 00 0a 9d 00
INFO - 37 42 49 3c 00 0a a5 00
INFO - 37 44 89 3c 00 0a 9b 00
INFO - 37 45 c9 3c 00 0a 7c 00
INFO - 37 47 09 3c 00 0a af 00
INFO - 37 48 49 3c 00 0a 84 00
INFO - 37 4b 89 3c 00 0a b1 00
INFO - 37 4c c9 3c 00 0a 91 00
INFO - 37 4e 09 3c 00 0a 9b 00
INFO - 37 51 49 3c 00 0a c3 00
INFO - 37 52 89 3c 00 0a 8e 00
INFO - 37 55 c9 3c 00 0a c0 00
INFO - 37 57 09 3c 00 0a b8 00
INFO - 37 59 49 3c 00 0a 90 00
INFO - 37 5b 89 3c 00 0a 98 00
INFO - 37 5c c9 3c 00 0a 92 00
INFO - 37 5e 09 3c 00 0a 7c 00
INFO - 37 60 49 3c 00 0a b7 00
INFO - 37 63 89 3c 00 0a d5 00
INFO - 37 64 c9 3c 00 0a 8c 00
INFO - 37 67 09 3c 00 0a ba 00
INFO - 37 69 49 3c 00 0a b5 00
INFO - 37 6b 89 3c 00 0a ab 00
INFO - 37 6d c9 3c 00 0a 8e 00
INFO - 37 6f 09 3c 00 0a b1 00
INFO - 37 71 49 3c 00 0a 9a 00
INFO - 37 72 89 3c 00 0a 84 00
INFO - 37 75 c9 3c 00 0a be 00
INFO - 37 77 09 3c 00 0a 9c 00
INFO - 37 78 49 3c 00 0a 90 00
INFO - 37 7a 89 3c 00 0a 9f 00
INFO - 37 7d c9 3c 00 0a ce 00
INFO - 37 7f 09 3c 00 0a a8 00
INFO - 37 81 49 3c 00 0a 89 00
INFO - 37 83 89 3c 00 0a b5 00
INFO - 37 84 c9 3c 00 0a 81 00
INFO - 37 86 09 3c 00 0a 9e 00
INFO - 37 88 49 3c 00 0a 82 00
INFO - 37 89 89 3c 00 0a 9e 00
INFO - 37 8c c9 3c 00 0a b7 00
INFO - 37 8e 09 3c 00 0a 94 00
INFO - 37 8f 49 3c 00 0a a0 00
INFO - 37 91 89 3c 00 0a 9d 00
INFO - 37 93 c9 3c 00 0a 8b 00
INFO - 37 94 09 3c 00 0a 83 00
INFO - 37 97 49 3c 00 0a c7 00
INFO - 37 99 89 3c 00 0a a0 00
INFO - 37 9a c9 3c 00 0a 81 00
INFO - 37 9c 09 3c 00 0a a7 00
INFO - 37 9d 49 3c 00 0a 81 00
INFO - 37 9f 89 3c 00 0a 92 00
INFO - 37 a2 c9 3c 00 0a c1 00
INFO - 37 a3 09 3c 00 0a 93 00
INFO - 37 a5 49 3c 00 0a 99 00
INFO - 37 a7 89 3c 00 0a a0 00
INFO - 37 a9 c9 3c 00 0a a4 00
INFO - 37 ab 09 3c 00 0a 93 00
INFO - 37 ac 49 3c 00 0a 90 00
INFO - 37 af 89 3c 00 0a b1 00
INFO - 37 b0 c9 3c 00 0a 8b 00
INFO - 37 b2 09 3c 00 0a 93 00
INFO - 37 b4 49 3c 00 0a a5 00
INFO - 37 b6 89 3c 00 0a 9c 00
INFO - 37 b8 c9 3c 00 0a ae 00
INFO - 37 ba 09 3c 00 0a a2 00
INFO - 37 bc 49 3c 00 0a 9f 00
INFO - 37 be 89 3c 00 0a 9d 00
INFO - 37 bf c9 3c 00 0a 92 00
INFO - 37 c1 09 3c 00 0a ab 00
INFO - 37 c3 49 3c 00 0a 95 00
INFO - 37 c6 89 3c 00 0a b7 00
INFO - 37 c7 c9 3c 00 0a a2 00
INFO - 37 ca 09 3c 00 0a b1 00
INFO - 37 cb 49 3c 00 0a 93 00
INFO - 37 cd 89 3c 00 0a 9a 00
INFO - 37 cf c9 3c 00 0a a1 00
INFO - 37 d1 09 3c 00 0a 95 00
INFO - 37 d3 49 3c 00 0a 9b 00
INFO - 37 d5 89 3c 00 0a a5 00
INFO - 37 d6 c9 3c 00 0a 90 00
INFO - 37 d8 09 3c 00 0a 97 00
INFO - 37 d9 49 3c 00 0a 88 00
INFO - 37 dc 89 3c 00 0a b7 00
INFO - 37 dd c9 3c 00 0a 88 00
INFO - 37 df 09 3c 00 0a 86 00
INFO - 37 e0 49 3c 00 0a 87 00
INFO - 37 e2 89 3c 00 0a 8f 00
INFO - 37 e3 c9 3c 00 0a 86 00
INFO - 37 e5 09 3c 00 0a 86 00
INFO - 37 e7 49 3c 00 0a c2 00
INFO - 37 e9 89 3c 00 0a 8e 00
INFO - 37 eb c9 3c 00 0a b1 00
INFO - 37 ed 09 3c 00 0a 9d 00
INFO - 37 f0 49 3c 00 0a cd 00
INFO - 37 f1 89 3c 00 0a 8f 00
INFO - 37 f4 c9 3c 00 0a ae 00
INFO - 37 f6 09 3c 00 0a a5 00
INFO - 37 f8 49 3c 00 0a ca 00
INFO - 37 fa 89 3c 00 0a 97 00
INFO - 37 fc c9 3c 00 0a 94 00
INFO - 37 fd 09 3c 00 0a 89 00
INFO - 37 ff 49 3c 00 0a 9a 00
INFO - 38 01 89 3c 00 0a 92 00
INFO - 38 02 c9 3c 00 0a 86 00
INFO - 38 03 09 3c 00 0a 84 00
INFO - 38 05 49 3c 00 0a 89 00
INFO - 38 06 89 3c 00 0a 78 00
INFO - 38 07 c9 3c 00 0a 89 00
INFO - 38 09 09 3c 00 0a 79 00
INFO - 38 0a 49 3c 00 0a 88 00
INFO - 38 0b 89 3c 00 0a 7d 00
INFO - 38 0d c9 3c 00 0a 9c 00
INFO - 38 0e 09 3c 00 0a 80 00
INFO - 38 10 49 3c 00 0a 88 00
INFO - 38 12 89 3c 00 0a 98 00
INFO - 38 13 c9 3c 00 0a 91 00
INFO - 38 15 09 3c 00 0a 9b 00
INFO - 38 17 49 3c 00 0a 90 00
INFO - 38 18 89 3c 00 0a 8b 00
INFO - 38 1a c9 3c 00 0a a8 00
INFO - 38 1c 09 3c 00 0a 88 00
INFO - 38 1e 49 3c 00 0a a8 00
INFO - 38 1f 89 3c 00 0a 80 00
INFO - 38 20 c9 3c 00 0a 80 00
INFO - 38 22 09 3c 00 0a 7c 00
INFO - 38 23 49 3c 00 0a 84 00
INFO - 38 25 89 3c 00 0a 91 00
INFO - 38 26 c9 3c 00 0a 7a 00
INFO - 38 27 09 3c 00 0a 98 00
INFO - 38 29 49 3c 00 0a 85 00
INFO - 38 2a 89 3c 00 0a 81 00
INFO - 38 2c c9 3c 00 0a a6 00
INFO - 38 2e 09 3c 00 0a 82 00
INFO - 38 2f 49 3c 00 0a 8a 00
INFO - 38 31 89 3c 00 0a 9d 00
INFO - 38 32 c9 3c 00 0a 83 00
INFO - 38 34 09 3c 00 0a 86 00
INFO - 38 36 49 3c 00 0a a0 00
INFO - 38 38 89 3c 00 0a be 00
INFO - 38 3a c9 3c 00 0a 9f 00
INFO - 38 3c 09 3c 00 0a a2 00
INFO - 38 3e 49 3c 00 0a 99 00
INFO - 38 40 89 3c 00 0a a7 00
INFO - 38 41 c9 3c 00 0a 7d 00
INFO - 38 43 09 3c 00 0a 9e 00
INFO - 38 44 49 3c 00 0a 85 00
INFO - 38 46 89 3c 00 0a a8 00
INFO - 38 48 c9 3c 00 0a 8c 00
INFO - 38 4b 09 3c 00 0a cc 00
INFO - 38 4c 49 3c 00 0a 87 00
INFO - 38 4e 89 3c 00 0a 96 00
INFO - 38 50 c9 3c 00 0a b1 00
INFO - 38 52 09 3c 00 0a 94 00
INFO - 38 54 49 3c 00 0a 97 00
INFO - 38 55 89 3c 00 0a 91 00
INFO - 38 57 c9 3c 00 0a a0 00
INFO - 38 59 09 3c 00 0a 86 00
INFO - 38 5b 49 3c 00 0a a0 00
INFO - 38 5c 89 3c 00 0a 9e 00
INFO - 38 5e c9 3c 00 0a 90 00
INFO - 38 60 09 3c 00 0a a1 00
INFO - 38 63 49 3c 00 0a c4 00
INFO - 38 64 89 3c 00 0a 5d 00
INFO - 38 65 c9 3c 00 0a 86 00
INFO - 38 67 09 3c 00 0a a3 00
INFO - 38 69 49 3c 00 0a aa 00
INFO - 38 6b 89 3c 00 0a 8c 00
INFO - 38 6d c9 3c 00 0a 9c 00
INFO - 38 6f 09 3c 00 0a a9 00
INFO - 38 71 49 3c 00 0a a1 00
INFO - 38 72 89 3c 00 0a 8c 00
INFO - 38 75 c9 3c 00 0a bf 00
INFO - 38 77 09 3c 00 0a b3 00
INFO - 38 79 49 3c 00 0a 84 00
INFO - 38 7a 89 3c 00 0a 9c 00
INFO - 38 7c c9 3c 00 0a 7f 00
INFO - 38 7d 09 3c 00 0a 88 00
INFO - 38 7f 49 3c 00 0a a9 00
INFO - 38 81 89 3c 00 0a 95 00
INFO - 38 83 c9 3c 00 0a a3 00
INFO - 38 84 09 3c 00 0a 8f 00
INFO - 38 86 49 3c 00 0a 95 00
INFO - 38 88 89 3c 00 0a 9b 00
INFO - 38 8a c9 3c 00 0a a2 00
INFO - 38 8c 09 3c 00 0a a8 00
INFO - 38 8e 49 3c 00 0a 9c 00
INFO - 38 8f 89 3c 00 0a 80 00
INFO - 38 91 c9 3c 00 0a a2 00
INFO - 38 93 09 3c 00 0a 97 00
INFO - 38 95 49 3c 00 0a 8f 00
INFO - 38 97 89 3c 00 0a ba 00
INFO - 38 99 c9 3c 00 0a a2 00
INFO - 38 9b 09 3c 00 0a 95 00
INFO - 38 9e 49 3c 00 0a cf 00
INFO - 38 a0 89 3c 00 0a b7 00
INFO - 38 a1 c9 3c 00 0a 7f 00
INFO - 38 a3 09 3c 00 0a 9d 00
INFO - 38 a5 49 3c 00 0a 9c 00
INFO - 38 a7 89 3c 00 0a 98 00
INFO - 38 a9 c9 3c 00 0a a4 00
INFO - 38 ab 09 3c 00 0a b0 00
INFO - 38 ac 49 3c 00 0a 85 00
INFO - 38 ae 89 3c 00 0a a7 00
INFO - 38 b1 c9 3c 00 0a c4 00
INFO - 38 b3 09 3c 00 0a 93 00
INFO - 38 b4 49 3c 00 0a 7d 00
INFO - 38 b6 89 3c 00 0a 9a 00
INFO - 38 b7 c9 3c 00 0a 87 00
INFO - 38 b9 09 3c 00 0a a5 00
INFO - 38 bb 49 3c 00 0a 8d 00
INFO - 38 bd 89 3c 00 0a a4 00
INFO - 38 bf c9 3c 00 0a a0 00
INFO - 38 c1 09 3c 00 0a aa 00
INFO - 38 c2 49 3c 00 0a 8a 00
INFO - 38 c4 89 3c 00 0a 8f 00
INFO - 38 c6 c9 3c 00 0a 95 00
INFO - 38 c8 09 3c 00 0a a2 00
INFO - 38 ca 49 3c 00 0a a1 00
INFO - 38 cb 89 3c 00 0a 86 00
INFO - 38 cd c9 3c 00 0a 93 00
INFO - 38 cf 09 3c 00 0a c0 00
INFO - 38 d1 49 3c 00 0a a7 00
INFO - 38 d3 89 3c 00 0a 98 00
INFO - 38 d4 c9 3c 00 0a 86 00
INFO - 38 d7 09 3c 00 0a ac 00
INFO - 38 d8 49 3c 00 0a 93 00
INFO - 38 da 89 3c 00 0a 96 00
INFO - 38 dc c9 3c 00 0a 97 00
INFO - 38 dd 09 3c 00 0a 8e 00
INFO - 38 e0 49 3c 00 0a c0 00
INFO - 38 e1 89 3c 00 0a 81 00
INFO - 38 e3 c9 3c 00 0a a4 00
INFO - 38 e4 09 3c 00 0a 7c 00
INFO - 38 e7 49 3c 00 0a b8 00
INFO - 38 e8 89 3c 00 0a 7c 00
INFO - 38 ea c9 3c 00 0a b2 00
INFO - 38 ec 09 3c 00 0a 93 00
INFO - 38 ee 49 3c 00 0a 9e 00
INFO - 38 ef 89 3c 00 0a 85 00
INFO - 38 f1 c9 3c 00 0a a7 00
INFO - 38 f3 09 3c 00 0a 85 00
INFO - 38 f5 49 3c 00 0a b9 00
INFO - 38 f7 89 3c 00 0a a7 00
INFO - 38 f9 c9 3c 00 0a 92 00
INFO - 38 fb 09 3c 00 0a ac 00
INFO - 38 fd 49 3c 00 0a 8f 00
INFO - 38 ff 89 3c 00 0a a8 00
INFO - 39 00 c9 3c 00 0a 86 00
INFO - 39 02 09 3c 00 0a b0 00
INFO - 39 04 49 3c 00 0a 8e 00
INFO - 39 06 89 3c 00 0a 75 00
INFO - 39 07 c9 3c 00 0a 7d 00
INFO - 39 09 09 3c 00 0a 95 00
INFO - 39 0b 49 3c 00 0a 92 00
INFO - 39 0c 89 3c 00 0a 8e 00
INFO - 39 0e c9 3c 00 0a 90 00
INFO - 39 0f 09 3c 00 0a 88 00
INFO - 39 11 49 3c 00 0a 90 00
INFO - 39 12 89 3c 00 0a 7f 00
INFO - 39 14 c9 3c 00 0a 97 00
INFO - 39 15 09 3c 00 0a 7e 00
INFO - 39 17 49 3c 00 0a 83 00
INFO - 39 18 89 3c 00 0a 91 00
INFO - 39 1a c9 3c 00 0a 92 00
INFO - 39 1b 09 3c 00 0a 89 00
INFO - 39 1d 49 3c 00 0a 92 00
INFO - 39 1e 89 3c 00 0a 8a 00
INFO - 39 20 c9 3c 00 0a 81 00
INFO - 39 22 09 3c 00 0a 9c 00
INFO - 39 23 49 3c 00 0a 9a 00
INFO - 39 25 89 3c 00 0a a1 00
INFO - 39 28 c9 3c 00 0a cc 00
INFO - 39 2a 09 3c 00 0a 9f 00
INFO - 39 2c 49 3c 00 0a a6 00
INFO - 39 2f 89 3c 00 0a bd 00
INFO - 39 30 c9 3c 00 0a 95 00
INFO - 39 32 09 3c 00 0a a3 00
INFO - 39 37 49 3c 00 0b 2b 00
INFO - 39 38 89 3c 00 0a 83 00
INFO - 39 3b c9 3c 00 0a b0 00
INFO - 39 3c 09 3c 00 0a 86 00
INFO - 39 3e 49 3c 00 0a 90 00
INFO - 39 3f 89 3c 00 0a 90 00
INFO - 39 41 c9 3c 00 0a 9e 00
INFO - 39 43 09 3c 00 0a 87 00
INFO - 39 45 49 3c 00 0a a6 00
INFO - 39 47 89 3c 00 0a 9f 00
INFO - 39 49 c9 3c 00 0a b1 00
INFO - 39 4b 09 3c 00 0a c0 00
INFO - 39 4e 49 3c 00 0a b4 00
INFO - 39 50 89 3c 00 0a a9 00
INFO - 39 52 c9 3c 00 0a c1 00
INFO - 39 56 09 3c 00 0a da 00
INFO - 39 58 49 3c 00 0a b6 00
INFO - 39 5a 89 3c 00 0a a4 00
INFO - 39 5c c9 3c 00 0a ae 00
INFO - 39 5e 09 3c 00 0a a2 00
INFO - 39 61 49 3c 00 0a b9 00
INFO - 39 63 89 3c 00 0a bd 00
INFO - 39 66 c9 3c 00 0a cf 00
INFO - 39 68 09 3c 00 0a 92 00
INFO - 39 6a 49 3c 00 0a ba 00
INFO - 39 6c 89 3c 00 0a a8 00
INFO - 39 6f c9 3c 00 0a bc 00
INFO - 39 71 09 3c 00 0a b3 00
INFO - 39 73 49 3c 00 0a b2 00
INFO - 39 76 89 3c 00 0a b2 00
INFO - 39 78 c9 3c 00 0a aa 00
INFO - 39 7a 09 3c 00 0a be 00
INFO - 39 7c 49 3c 00 0a a8 00
INFO - 39 7f 89 3c 00 0a c2 00
INFO - 39 81 c9 3c 00 0a b3 00
INFO - 39 84 09 3c 00 0a b5 00
INFO - 39 86 49 3c 00 0a b6 00
INFO - 39 88 89 3c 00 0a 9d 00
INFO - 39 8a c9 3c 00 0a b5 00
INFO - 39 8c 09 3c 00 0a a9 00
INFO - 39 90 49 3c 00 0a e4 00
INFO - 39 92 89 3c 00 0a c1 00
INFO - 39 94 c9 3c 00 0a 75 00
INFO - 39 96 09 3c 00 0a 92 00
INFO - 39 99 49 3c 00 0a e4 00
INFO - 39 9b 89 3c 00 0a 92 00
INFO - 39 9e c9 3c 00 0a c1 00
INFO - 39 a0 09 3c 00 0a c0 00
INFO - 39 a3 49 3c 00 0a cc 00
INFO - 39 a5 89 3c 00 0a b4 00
INFO - 39 a8 c9 3c 00 0a b5 00
INFO - 39 ab 09 3c 00 0a d7 00
INFO - 39 ad 49 3c 00 0a a8 00
INFO - 39 b0 89 3c 00 0a cb 00
INFO - 39 b2 c9 3c 00 0a a8 00
INFO - 39 b4 09 3c 00 0a 9d 00
INFO - 39 b6 49 3c 00 0a bf 00
INFO - 39 b9 89 3c 00 0a d6 00
INFO - 39 bb c9 3c 00 0a 9d 00
INFO - 39 bd 09 3c 00 0a b3 00
INFO - 39 c0 49 3c 00 0a bf 00
INFO - 39 c2 89 3c 00 0a a8 00
INFO - 39 c4 c9 3c 00 0a b3 00
INFO - 39 c7 09 3c 00 0a ca 00
INFO - 39 cb 49 3c 00 0a f7 00
INFO - 39 cd 89 3c 00 0a 9c 00
INFO - 39 cf c9 3c 00 0a be 00
INFO - 39 d2 09 3c 00 0a bd 00
INFO - 39 d4 49 3c 00 0a b3 00
INFO - 39 d6 89 3c 00 0a bb 00
INFO - 39 d9 c9 3c 00 0a bd 00
INFO - 39 db 09 3c 00 0a b2 00
INFO - 39 de 49 3c 00 0a bc 00
INFO - 39 df 89 3c 00 0a 90 00
INFO - 39 e2 c9 3c 00 0a bc 00
INFO - 39 e3 09 3c 00 0a 90 00
INFO - 39 e6 49 3c 00 0a b0 00
INFO - 39 e7 89 3c 00 0a 8f 00
INFO - 39 ea c9 3c 00 0a bd 00
INFO - 39 ec 09 3c 00 0a a3 00
INFO - 39 ee 49 3c 00 0a 9b 00
INFO - 39 f0 89 3c 00 0a c9 00
INFO - 39 f2 c9 3c 00 0a a4 00
INFO - 39 f5 09 3c 00 0a d3 00
INFO - 39 f8 49 3c 00 0a c9 00
INFO - 39 fa 89 3c 00 0a 99 00
INFO - 39 fc c9 3c 00 0a a6 00
INFO - 39 fe 09 3c 00 0a 91 00
INFO - 3a 00 49 3c 00 0a bb 00
INFO - 3a 03 89 3c 00 0a d6 00
INFO - 3a 05 c9 3c 00 0a 99 00
INFO - 3a 08 09 3c 00 0a ca 00
INFO - 3a 0a 49 3c 00 0a a9 00
INFO - 3a 0c 89 3c 00 0a bc 00
INFO - 3a 0f c9 3c 00 0a cc 00
INFO - 3a 11 09 3c 00 0a 9c 00
INFO - 3a 13 49 3c 00 0a a5 00
INFO - 3a 15 89 3c 00 0a b6 00
INFO - 3a 17 c9 3c 00 0a a6 00
INFO - 3a 19 09 3c 00 0a aa 00
INFO - 3a 1b 49 3c 00 0a 9a 00
INFO - 3a 1e 89 3c 00 0a cd 00
INFO - 3a 20 c9 3c 00 0a a9 00
INFO - 3a 22 09 3c 00 0a a6 00
INFO - 3a 24 49 3c 00 0a 76 00
INFO - 3a 28 89 3c 00 0a d6 00
INFO - 3a 29 c9 3c 00 0a 9b 00
INFO - 3a 2c 09 3c 00 0a c3 00
INFO - 3a 2e 49 3c 00 0a 8f 00
INFO - 3a 31 89 3c 00 0a e7 00
INFO - 3a 33 c9 3c 00 0a a6 00
INFO - 3a 37 09 3c 00 0a f4 00
INFO - 3a 3a 49 3c 00 0a ee 00
INFO - 3a 3d 89 3c 00 0a d1 00
INFO - 3a 40 c9 3c 00 0a cc 00
INFO - 3a 42 09 3c 00 0a ab 00
INFO - 3a 44 49 3c 00 0a b2 00
INFO - 3a 48 89 3c 00 0a f4 00
INFO - 3a 4b c9 3c 00 0a d7 00
INFO - 3a 4e 09 3c 00 0a c5 00
INFO - 3a 4f 49 3c 00 0a 9e 00
INFO - 3a 52 89 3c 00 0a aa 00
INFO - 3a 53 c9 3c 00 0a 92 00
INFO - 3a 55 09 3c 00 0a 9e 00
INFO - 3a 57 49 3c 00 0a 9a 00
INFO - 3a 59 89 3c 00 0a a1 00
INFO - 3a 5b c9 3c 00 0a 9d 00
INFO - 3a 5d 09 3c 00 0a 9d 00
INFO - 3a 5e 49 3c 00 0a 91 00
INFO - 3a 61 89 3c 00 0a c0 00
INFO - 3a 63 c9 3c 00 0a 91 00
INFO - 3a 69 09 3c 00 0b 9c 00
INFO - 3a 6b 49 3c 00 0a 98 00
INFO - 3a 6d 89 3c 00 0a a1 00
INFO - 3a 70 c9 3c 00 0a b3 00
INFO - 3a 73 09 3c 00 0a ed 00
INFO - 3a 75 49 3c 00 0a 91 00
INFO - 3a 77 89 3c 00 0a b3 00
INFO - 3a 79 c9 3c 00 0a a8 00
INFO - 3a 7c 09 3c 00 0a c9 00
INFO - 3a 7e 49 3c 00 0a ac 00
INFO - 3a 80 89 3c 00 0a bc 00
INFO - 3a 83 c9 3c 00 0a bf 00
INFO - 3a 86 09 3c 00 0a cb 00
INFO - 3a 88 49 3c 00 0a a8 00
INFO - 3a 8a 89 3c 00 0a a9 00
INFO - 3a 8d c9 3c 00 0a e2 00
INFO - 3a 90 09 3c 00 0a d6 00
INFO - 3a 93 49 3c 00 0a bf 00
INFO - 3a 95 89 3c 00 0a 9d 00
INFO - 3a 97 c9 3c 00 0a a8 00
INFO - 3a 99 09 3c 00 0a b4 00
INFO - 3a 9d 49 3c 00 0a ed 00
INFO - 3a 9e 89 3c 00 0a 91 00
INFO - 3a a0 c9 3c 00 0a aa 00
INFO - 3a a3 09 3c 00 0a c7 00
INFO - 3a a5 49 3c 00 0a 9c 00
INFO - 3a a7 89 3c 00 0a a7 00
INFO - 3a a9 c9 3c 00 0a b5 00
INFO - 3a ac 09 3c 00 0a b0 00
INFO - 3a ad 49 3c 00 0a 90 00
INFO - 3a b0 89 3c 00 0a bf 00
INFO - 3a b2 c9 3c 00 0a a4 00
INFO - 3a b4 09 3c 00 0a a7 00
INFO - 3a b6 49 3c 00 0a bc 00
INFO - 3a b9 89 3c 00 0a c7 00
INFO - 3a bb c9 3c 00 0a b2 00
INFO - 3a be 09 3c 00 0a b9 00
INFO - 3a bf 49 3c 00 0a 8e 00
INFO - 3a c2 89 3c 00 0a b2 00
INFO - 3a c4 c9 3c 00 0a ad 00
INFO - 3a c6 09 3c 00 0a a5 00
INFO - 3a c8 49 3c 00 0a a2 00
INFO - 3a ca 89 3c 00 0a b0 00
INFO - 3a cc c9 3c 00 0a 96 00
INFO - 3a ce 09 3c 00 0a bb 00
INFO - 3a d0 49 3c 00 0a 77 00
INFO - 3a d2 89 3c 00 0a a1 00
INFO - 3a d5 c9 3c 00 0a af 00
INFO - 3a d7 09 3c 00 0a c1 00
INFO - 3a d9 49 3c 00 0a af 00
INFO - 3a db 89 3c 00 0a 95 00
INFO - 3a dd c9 3c 00 0a af 00
INFO - 3a e0 09 3c 00 0a ab 00
INFO - 3a e2 49 3c 00 0a a3 00
INFO - 3a e4 89 3c 00 0a cd 00
INFO - 3a e6 c9 3c 00 0a 8a 00
INFO - 3a e9 09 3c 00 0a c4 00
INFO - 3a ea 49 3c 00 0a 97 00
INFO - 3a ed 89 3c 00 0a e1 00
INFO - 3a ef c9 3c 00 0a a4 00
INFO - 3a f2 09 3c 00 0a b7 00
INFO - 3a f5 49 3c 00 0a ee 00
INFO - 3a f8 89 3c 00 0a ab 00
INFO - 3a fa c9 3c 00 0a af 00
INFO - 3a fc 09 3c 00 0a a2 00
INFO - 3a fe 49 3c 00 0a 98 00
INFO - 3a ff 89 3c 00 0a 97 00
INFO - 3b 01 c9 3c 00 0a a1 00
INFO - 3b 03 09 3c 00 0a af 00
INFO - 3b 06 49 3c 00 0a ae 00
INFO - 3b 08 89 3c 00 0a b9 00
INFO - 3b 0a c9 3c 00 0a 98 00
INFO - 3b 0c 09 3c 00 0a b9 00
INFO - 3b 0e 49 3c 00 0a a3 00
INFO - 3b 11 89 3c 00 0a af 00
INFO - 3b 12 c9 3c 00 0a 8d 00
INFO - 3b 15 09 3c 00 0a b9 00
INFO - 3b 16 49 3c 00 0a 98 00
INFO - 3b 19 89 3c 00 0a af 00
INFO - 3b 1b c9 3c 00 0a a3 00
INFO - 3b 1d 09 3c 00 0a d0 00
INFO - 3b 20 49 3c 00 0a c4 00
INFO - 3b 24 89 3c 00 0a fc 00
INFO - 3b 26 c9 3c 00 0a ae 00
INFO - 3b 28 09 3c 00 0a af 00
INFO - 3b 2a 49 3c 00 0a a3 00
INFO - 3b 2c 89 3c 00 0a a3 00
INFO - 3b 2f c9 3c 00 0a da 00
INFO - 3b 32 09 3c 00 0a b8 00
INFO - 3b 34 49 3c 00 0a c4 00
INFO - 3b 36 89 3c 00 0a a2 00
INFO - 3b 39 c9 3c 00 0a af 00
INFO - 3b 3b 09 3c 00 0a cc 00
INFO - 3b 3e 49 3c 00 0a ac 00
INFO - 3b 40 89 3c 00 0a b8 00
INFO - 3b 42 c9 3c 00 0a ad 00
INFO - 3b 45 09 3c 00 0a c2 00
INFO - 3b 47 49 3c 00 0a a1 00
INFO - 3b 49 89 3c 00 0a ac 00
INFO - 3b 4b c9 3c 00 0a 96 00
INFO - 3b 4d 09 3c 00 0a b7 00
INFO - 3b 4f 49 3c 00 0a a1 00
INFO - 3b 51 89 3c 00 0a b4 00
INFO - 3b 53 c9 3c 00 0a a1 00
INFO - 3b 56 09 3c 00 0a c0 00
INFO - 3b 58 49 3c 00 0a ab 00
INFO - 3b 5b 89 3c 00 0a ca 00
INFO - 3b 5d c9 3c 00 0a 9f 00
INFO - 3b 5f 09 3c 00 0a b6 00
INFO - 3b 61 49 3c 00 0a a9 00
INFO - 3b 63 89 3c 00 0a 95 00
INFO - 3b 64 c9 3c 00 0a 8a 00
INFO - 3b 67 09 3c 00 0a 75 00
INFO - 3b 68 49 3c 00 0a 96 00
INFO - 3b 6b 89 3c 00 0a b3 00
INFO - 3b 6d c9 3c 00 0a 9f 00
INFO - 3b 6e 09 3c 00 0a a1 00
INFO - 3b 71 49 3c 00 0a b4 00
INFO - 3b 73 89 3c 00 0a a1 00
INFO - 3b 75 c9 3c 00 0a b3 00
INFO - 3b 77 09 3c 00 0a 97 00
INFO - 3b 79 49 3c 00 0a bd 00
INFO - 3b 7b 89 3c 00 0a 96 00
INFO - 3b 7d c9 3c 00 0a 9e 00
INFO - 3b 7f 09 3c 00 0a 95 00
INFO - 3b 81 49 3c 00 0a 9f 00
INFO - 3b 82 89 3c 00 0a 96 00
INFO - 3b 85 c9 3c 00 0a bf 00
INFO - 3b 87 09 3c 00 0a 9d 00
INFO - 3b 89 49 3c 00 0a c0 00
INFO - 3b 8b 89 3c 00 0a a8 00
INFO - 3b 8e c9 3c 00 0a d5 00
INFO - 3b 94 09 3c 00 0b 46 00
INFO - 3b 96 49 3c 00 0a b6 00
INFO - 3b 98 89 3c 00 0a 9d 00
INFO - 3b 9c c9 3c 00 0a f3 00
INFO - 3b 9d 09 3c 00 0a 96 00
INFO - 3b 9f 49 3c 00 0a aa 00
INFO - 3b a1 89 3c 00 0a 92 00
INFO - 3b a3 c9 3c 00 0a ab 00
INFO - 3b a6 09 3c 00 0a be 00
INFO - 3b a8 49 3c 00 0a 9d 00
INFO - 3b aa 89 3c 00 0a ab 00
INFO - 3b ac c9 3c 00 0a 9e 00
INFO - 3b ad 09 3c 00 0a 89 00
INFO - 3b b0 49 3c 00 0a c7 00
INFO - 3b b1 89 3c 00 0a 81 00
INFO - 3b b3 c9 3c 00 0a a9 00
INFO - 3b b5 09 3c 00 0a 9c 00
INFO - 3b b7 49 3c 00 0a a0 00
INFO - 3b b9 89 3c 00 0a a9 00
INFO - 3b bb c9 3c 00 0a 9b 00
INFO - 3b bd 09 3c 00 0a aa 00
INFO - 3b bf 49 3c 00 0a b2 00
INFO - 3b c2 89 3c 00 0a bc 00
INFO - 3b c4 c9 3c 00 0a b0 00
INFO - 3b c6 09 3c 00 0a 9f 00
INFO - 3b c8 49 3c 00 0a a7 00
INFO - 3b ca 89 3c 00 0a af 00
INFO - 3b cc c9 3c 00 0a a9 00
INFO - 3b ce 09 3c 00 0a 92 00
INFO - 3b d0 49 3c 00 0a 9d 00
INFO - 3b d2 89 3c 00 0a 90 00
INFO - 3b d3 c9 3c 00 0a 6a 00
INFO - 3b d5 09 3c 00 0a a6 00
INFO - 3b d7 49 3c 00 0a 9b 00
INFO - 3b da 89 3c 00 0a be 00
INFO - 3b db c9 3c 00 0a 92 00
INFO - 3b de 09 3c 00 0a a7 00
INFO - 3b df 49 3c 00 0a 9d 00
INFO - 3b e2 89 3c 00 0a b0 00
INFO - 3b e4 c9 3c 00 0a 9f 00
INFO - 3b e7 09 3c 00 0a dc 00
INFO - 3b e9 49 3c 00 0a c7 00
INFO - 3b eb 89 3c 00 0a 9d 00
INFO - 3b ee c9 3c 00 0a b3 00
INFO - 3b f1 09 3c 00 0a d2 00
INFO - 3b f4 49 3c 00 0a d3 00
