INFO - 40 00 89 00 f9 41 00 23
INFO - 41 06 c9 00 f9 41 00 23
INFO - 43 12 09 00 f9 41 00 23
INFO - 45 06 49 00 f9 41 00 23
INFO - 46 fa 89 00 f9 41 00 23
INFO - 48 9d c9 00 f9 41 00 23
INFO - 49 16 09 00 f9 41 00 23
INFO - 4a 25 49 00 f9 41 00 23
INFO - 4b 18 89 00 f9 51 00 20
INFO - 4b 68 c9 00 f9 41 00 24
INFO - 4b ec 09 00 f9 51 00 20
INFO - 4b fd 49 00 f9 51 00 20
INFO - 4c 0b 89 00 f9 41 00 23
INFO - 4c 21 c9 00 f9 41 00 23
INFO - 4c bc 09 00 f9 41 00 23
INFO - 4e 6c 49 00 f9 41 00 23
INFO - 4e 9d 89 00 f9 51 00 20
INFO - 4e bb c9 00 f9 51 00 20
INFO - 4e d5 09 00 f9 41 00 24
INFO - 4f 04 49 00 f9 41 00 24
INFO - 50 a4 89 00 f9 41 00 24
INFO - 52 9d c9 00 f9 41 00 24
INFO - 53 1f 09 00 f9 41 00 24
