INFO - 40 00 48 00 f9 41 00 23
INFO - 41 ed 88 00 f9 41 00 23
INFO - 43 e1 c8 00 f9 41 00 23
INFO - 45 d5 08 00 f9 41 00 23
INFO - 47 77 48 00 f9 41 00 23
INFO - 47 f1 88 00 f9 41 00 23
INFO - 49 00 c8 00 f9 41 00 23
INFO - 49 f2 08 00 f9 51 00 20
INFO - 4a 43 48 00 f9 41 00 24
INFO - 4a c6 88 00 f9 51 00 20
INFO - 4a d7 c8 00 f9 51 00 20
INFO - 4a e5 08 00 f9 41 00 23
INFO - 4a fb 48 00 f9 41 00 23
INFO - 4b 97 88 00 f9 41 00 23
INFO - 4d 46 c8 00 f9 41 00 23
INFO - 4d 77 08 00 f9 51 00 20
INFO - 4d 96 48 00 f9 51 00 20
INFO - 4d af 88 00 f9 41 00 24
INFO - 4d df c8 00 f9 41 00 24
INFO - 4f 7e 08 00 f9 41 00 24
INFO - 51 78 48 00 f9 41 00 24
INFO - 51 f9 88 00 f9 41 00 24
INFO - 52 94 c8 00 f9 51 00 20
INFO - 52 a5 08 00 f9 51 00 20
INFO - 52 b6 48 00 f9 41 00 23
INFO - 53 38 88 00 f9 41 00 23
INFO - 53 ce c8 00 f9 51 00 20
INFO - 54 25 08 00 f9 41 00 24
INFO - 54 da 48 00 f9 51 00 20
INFO - 54 ea 88 00 f9 51 00 20
INFO - 54 f9 c8 00 f9 41 00 23
INFO - 55 71 08 00 f9 41 00 23
INFO - 55 e1 48 00 f9 41 00 23
INFO - 57 cb 88 00 f9 41 00 23
INFO - 58 2c c8 00 f9 41 00 23
INFO - 58 90 08 00 f9 51 00 20
INFO - 58 a0 48 00 f9 51 00 20
INFO - 58 b3 88 00 f9 41 00 24
INFO - 59 15 c8 00 f9 51 00 20
INFO - 59 60 08 00 f9 41 00 23
INFO - 59 c9 48 00 f9 41 00 23
INFO - 5b bd 88 00 f9 41 00 23
INFO - 5d b2 c8 00 f9 41 00 23
