INFO - 20 00 48 3c 00 0a 40 00
INFO - 20 03 88 3c 00 0a d9 00
INFO - 20 08 c8 3c 00 0a 7f 00
INFO - 20 0b 08 3c 00 0a ea 00
INFO - 20 0c 48 3c 00 0a 6a 00
INFO - 20 0c 88 3c 00 0a 6a 00
INFO - 20 0f c8 3c 00 0a 8e 00
INFO - 20 17 08 3c 00 0a ce 00
INFO - 20 18 48 3c 00 0a 6e 00
INFO - 20 1a 88 3c 00 0a c4 00
INFO - 20 1a c8 3c 00 0a c4 00
INFO - 20 1f 08 3c 00 0a ba 00
INFO - 20 1f 48 3c 00 0a ba 00
INFO - 20 22 88 3c 00 0a 8f 00
INFO - 20 24 c8 3c 00 0a 88 00
INFO - 20 26 08 3c 00 0a bd 00
INFO - 20 28 48 3c 00 0a a2 00
INFO - 20 2a 88 3c 00 0a 9c 00
INFO - 20 2d c8 3c 00 0a e3 00
INFO - 20 2e 08 3c 00 0a 75 00
INFO - 20 30 48 3c 00 0a 95 00
INFO - 20 32 88 3c 00 0a a2 00
INFO - 20 32 c8 3c 00 0a a2 00
INFO - 20 32 08 3c 00 0a a2 00
INFO - 20 39 48 3c 00 0a ae 00
INFO - 20 3a 88 3c 00 0a 8b 00
INFO - 20 3b c8 3c 00 0a 67 00
INFO - 20 3f 08 3c 00 0a eb 00
INFO - 20 40 48 3c 00 0a 77 00
INFO - 20 40 88 3c 00 0a 77 00
INFO - 20 40 c8 3c 00 0a 77 00
INFO - 20 46 08 3c 00 0a a6 00
INFO - 20 46 48 3c 00 0a a6 00
INFO - 20 4b 88 3c 00 0a b6 00
INFO - 20 4d c8 3c 00 0a d4 00
INFO - 20 4f 08 3c 00 0a 7e 00
INFO - 20 50 48 3c 00 0a 8b 00
INFO - 20 52 88 3c 00 0a a2 00
INFO - 20 55 c8 3c 00 0a b8 00
INFO - 20 56 08 3c 00 0a 8b 00
INFO - 20 58 48 3c 00 0a 9b 00
INFO - 20 5a 88 3c 00 0a a8 00
INFO - 20 5c c8 3c 00 0a b4 00
INFO - 20 5f 08 3c 00 0a af 00
INFO - 20 61 48 3c 00 0a a8 00
INFO - 20 63 88 3c 00 0a a5 00
INFO - 20 65 c8 3c 00 0a a7 00
INFO - 20 66 08 3c 00 0a 8e 00
INFO - 20 69 48 3c 00 0a c2 00
INFO - 20 6b 88 3c 00 0a 8a 00
INFO - 20 6d c8 3c 00 0a c9 00
INFO - 20 6f 08 3c 00 0a 91 00
INFO - 20 71 48 3c 00 0a bb 00
INFO - 20 73 88 3c 00 0a 92 00
INFO - 20 75 c8 3c 00 0a a8 00
INFO - 20 77 08 3c 00 0a 97 00
INFO - 20 7d 48 3c 00 0a b4 00
INFO - 20 7f 88 3c 00 0a 93 00
INFO - 20 81 c8 3c 00 0a 9f 00
INFO - 20 83 08 3c 00 0a a6 00
INFO - 20 85 48 3c 00 0a a1 00
INFO - 20 87 88 3c 00 0a b7 00
INFO - 20 89 c8 3c 00 0a b2 00
INFO - 20 8c 08 3c 00 0a d3 00
INFO - 20 8e 48 3c 00 0a 93 00
INFO - 20 90 88 3c 00 0a c0 00
INFO - 20 93 c8 3c 00 0a c5 00
INFO - 20 95 08 3c 00 0a a1 00
INFO - 20 98 48 3c 00 0a bb 00
INFO - 20 99 88 3c 00 0a 90 00
INFO - 20 9a c8 3c 00 0a 62 00
INFO - 20 9d 08 3c 00 0a c6 00
INFO - 20 9f 48 3c 00 0a ac 00
INFO - 20 a1 88 3c 00 0a a8 00
INFO - 20 a3 c8 3c 00 0a 90 00
INFO - 20 a5 08 3c 00 0a 98 00
INFO - 20 a6 48 3c 00 0a 93 00
INFO - 20 a8 88 3c 00 0a 84 00
INFO - 20 a9 c8 3c 00 0a 90 00
INFO - 20 ab 08 3c 00 0a 90 00
INFO - 20 ad 48 3c 00 0a 94 00
INFO - 20 ae 88 3c 00 0a 8d 00
INFO - 20 b0 c8 3c 00 0a 93 00
INFO - 20 b2 08 3c 00 0a 97 00
INFO - 20 b3 48 3c 00 0a 86 00
INFO - 20 b5 88 3c 00 0a a8 00
INFO - 20 b7 c8 3c 00 0a ae 00
INFO - 20 b9 08 3c 00 0a a0 00
INFO - 20 bb 48 3c 00 0a 86 00
INFO - 20 bd 88 3c 00 0a b1 00
INFO - 20 bf c8 3c 00 0a 96 00
INFO - 20 c1 08 3c 00 0a bb 00
INFO - 20 c3 48 3c 00 0a ad 00
INFO - 20 c5 88 3c 00 0a 9f 00
INFO - 20 ca c8 3c 00 0b 31 00
INFO - 20 cc 08 3c 00 0a aa 00
INFO - 20 ce 48 3c 00 0a 9c 00
INFO - 20 d0 88 3c 00 0a b4 00
INFO - 20 d2 c8 3c 00 0a 9c 00
INFO - 20 d4 08 3c 00 0a 96 00
INFO - 20 d6 48 3c 00 0a 9c 00
INFO - 20 d8 88 3c 00 0a 9a 00
INFO - 20 da c8 3c 00 0a a9 00
INFO - 20 db 08 3c 00 0a 92 00
INFO - 20 de 48 3c 00 0a ac 00
INFO - 20 df 88 3c 00 0a 7b 00
INFO - 20 e1 c8 3c 00 0a 9f 00
INFO - 20 e3 08 3c 00 0a af 00
INFO - 20 e6 48 3c 00 0a cf 00
INFO - 20 e8 88 3c 00 0a a6 00
INFO - 20 e9 c8 3c 00 0a 8b 00
INFO - 20 eb 08 3c 00 0a 98 00
INFO - 20 ed 48 3c 00 0a a5 00
INFO - 20 ef 88 3c 00 0a 99 00
INFO - 20 f1 c8 3c 00 0a ab 00
INFO - 20 f3 08 3c 00 0a ad 00
INFO - 20 f6 48 3c 00 0a b5 00
INFO - 20 f8 88 3c 00 0a a3 00
INFO - 20 fa c8 3c 00 0a ac 00
INFO - 20 fc 08 3c 00 0a b3 00
INFO - 20 fe 48 3c 00 0a 9c 00
INFO - 21 01 88 3c 00 0a bb 00
INFO - 21 03 c8 3c 00 0a 8b 00
INFO - 21 11 08 3c 00 0a ae 00
INFO - 21 13 48 3c 00 0a ab 00
INFO - 21 15 88 3c 00 0a 96 00
INFO - 21 17 c8 3c 00 0a 9e 00
INFO - 21 19 08 3c 00 0a a3 00
INFO - 21 1b 48 3c 00 0a ae 00
INFO - 21 1d 88 3c 00 0a b7 00
INFO - 21 1f c8 3c 00 0a a4 00
INFO - 21 21 08 3c 00 0a 71 00
INFO - 21 23 48 3c 00 0a 88 00
INFO - 21 24 88 3c 00 0a 95 00
INFO - 21 26 c8 3c 00 0a a8 00
INFO - 21 28 08 3c 00 0a 9f 00
INFO - 21 2a 48 3c 00 0a a2 00
INFO - 21 2c 88 3c 00 0a ae 00
INFO - 21 2e c8 3c 00 0a 99 00
INFO - 21 30 08 3c 00 0a a2 00
INFO - 21 32 48 3c 00 0a ae 00
INFO - 21 34 88 3c 00 0a a5 00
INFO - 21 36 c8 3c 00 0a a0 00
INFO - 21 38 08 3c 00 0a a6 00
INFO - 21 3a 48 3c 00 0a 96 00
INFO - 21 3c 88 3c 00 0a 99 00
INFO - 21 3e c8 3c 00 0a 8f 00
INFO - 21 40 08 3c 00 0a ad 00
INFO - 21 41 48 3c 00 0a 86 00
INFO - 21 43 88 3c 00 0a a6 00
INFO - 21 45 c8 3c 00 0a a0 00
INFO - 21 48 08 3c 00 0a bc 00
INFO - 21 4a 48 3c 00 0a a0 00
INFO - 21 4b 88 3c 00 0a 94 00
INFO - 21 4d c8 3c 00 0a a0 00
INFO - 21 50 08 3c 00 0a d6 00
INFO - 21 52 48 3c 00 0a 9f 00
INFO - 21 54 88 3c 00 0a 96 00
INFO - 21 56 c8 3c 00 0a 9e 00
INFO - 21 59 08 3c 00 0a d7 00
INFO - 21 5a 48 3c 00 0a 82 00
INFO - 21 5c 88 3c 00 0a 94 00
INFO - 21 5f c8 3c 00 0a d7 00
INFO - 21 60 08 3c 00 0a 90 00
INFO - 21 62 48 3c 00 0a a1 00
INFO - 21 65 88 3c 00 0a bc 00
INFO - 21 67 c8 3c 00 0a 9a 00
INFO - 21 69 08 3c 00 0a af 00
INFO - 21 6b 48 3c 00 0a 9a 00
INFO - 21 6d 88 3c 00 0a af 00
INFO - 21 6e c8 3c 00 0a 86 00
INFO - 21 70 08 3c 00 0a a5 00
INFO - 21 73 48 3c 00 0a b8 00
INFO - 21 75 88 3c 00 0a af 00
INFO - 21 77 c8 3c 00 0a 9b 00
INFO - 21 7a 08 3c 00 0a d7 00
INFO - 21 7b 48 3c 00 0a 87 00
INFO - 21 7d 88 3c 00 0a 9b 00
INFO - 21 7f c8 3c 00 0a af 00
INFO - 21 81 08 3c 00 0a a4 00
INFO - 21 83 48 3c 00 0a 9b 00
INFO - 21 86 88 3c 00 0a c3 00
INFO - 21 88 c8 3c 00 0a a5 00
INFO - 21 89 08 3c 00 0a 91 00
INFO - 21 8b 48 3c 00 0a 91 00
INFO - 21 8e 88 3c 00 0a c3 00
INFO - 21 90 c8 3c 00 0a af 00
INFO - 21 92 08 3c 00 0a b3 00
INFO - 21 95 48 3c 00 0a c0 00
INFO - 21 96 88 3c 00 0a 95 00
INFO - 21 98 c8 3c 00 0a 97 00
INFO - 21 9a 08 3c 00 0a 95 00
INFO - 21 9b 48 3c 00 0a 87 00
INFO - 21 9e 88 3c 00 0a af 00
INFO - 21 a0 c8 3c 00 0a a5 00
INFO - 21 a3 08 3c 00 0a d4 00
INFO - 21 a5 48 3c 00 0a a9 00
INFO - 21 a7 88 3c 00 0a c4 00
INFO - 21 a9 c8 3c 00 0a a5 00
INFO - 21 ab 08 3c 00 0a a2 00
INFO - 21 ae 48 3c 00 0a b2 00
INFO - 21 af 88 3c 00 0a 9c 00
INFO - 21 b1 c8 3c 00 0a 9b 00
INFO - 21 b3 08 3c 00 0a 83 00
INFO - 21 b5 48 3c 00 0a a0 00
INFO - 21 b7 88 3c 00 0a a5 00
INFO - 21 b8 c8 3c 00 0a 9b 00
INFO - 21 bb 08 3c 00 0a b4 00
INFO - 21 bd 48 3c 00 0a ac 00
INFO - 21 bf 88 3c 00 0a 91 00
INFO - 21 c0 c8 3c 00 0a 91 00
INFO - 21 c2 08 3c 00 0a a5 00
INFO - 21 c4 48 3c 00 0a 9b 00
INFO - 21 c6 88 3c 00 0a 9b 00
INFO - 21 c8 c8 3c 00 0a a6 00
INFO - 21 ca 08 3c 00 0a b3 00
INFO - 21 cc 48 3c 00 0a a1 00
INFO - 21 ce 88 3c 00 0a 91 00
INFO - 21 d0 c8 3c 00 0a 95 00
INFO - 21 d5 08 3c 00 0b 48 00
INFO - 21 d7 48 3c 00 0a a2 00
INFO - 21 d9 88 3c 00 0a 9c 00
INFO - 21 db c8 3c 00 0a a9 00
INFO - 21 dc 08 3c 00 0a 87 00
INFO - 21 de 48 3c 00 0a a2 00
INFO - 21 df 88 3c 00 0a 7d 00
INFO - 21 e1 c8 3c 00 0a 95 00
INFO - 21 e3 08 3c 00 0a 98 00
INFO - 21 e5 48 3c 00 0a a9 00
INFO - 21 e7 88 3c 00 0a 8e 00
INFO - 21 e8 c8 3c 00 0a 9f 00
INFO - 21 eb 08 3c 00 0a b0 00
INFO - 21 ec 48 3c 00 0a 98 00
INFO - 21 ef 88 3c 00 0a b3 00
INFO - 21 f1 c8 3c 00 0a c4 00
INFO - 21 f4 08 3c 00 0a ce 00
INFO - 21 f6 48 3c 00 0a b0 00
INFO - 21 f8 88 3c 00 0a 91 00
INFO - 21 fa c8 3c 00 0a 87 00
INFO - 21 fb 08 3c 00 0a 9b 00
INFO - 21 fe 48 3c 00 0a af 00
INFO - 22 00 88 3c 00 0a ba 00
INFO - 22 02 c8 3c 00 0a a6 00
INFO - 22 04 08 3c 00 0a 98 00
INFO - 22 06 48 3c 00 0a 94 00
INFO - 22 07 88 3c 00 0a 9b 00
INFO - 22 09 c8 3c 00 0a a5 00
INFO - 22 0b 08 3c 00 0a 91 00
INFO - 22 0d 48 3c 00 0a 91 00
INFO - 22 0f 88 3c 00 0a a5 00
INFO - 22 10 c8 3c 00 0a 91 00
INFO - 22 12 08 3c 00 0a a5 00
INFO - 22 14 48 3c 00 0a 8a 00
INFO - 22 15 88 3c 00 0a 8e 00
INFO - 22 18 c8 3c 00 0a b9 00
INFO - 22 1b 08 3c 00 0a c7 00
INFO - 22 1d 48 3c 00 0a c0 00
INFO - 22 20 88 3c 00 0a da 00
INFO - 22 23 c8 3c 00 0a d5 00
INFO - 22 26 08 3c 00 0a e2 00
INFO - 22 29 48 3c 00 0a a8 00
INFO - 22 2a 88 3c 00 0a 83 00
INFO - 22 2b c8 3c 00 0a 87 00
INFO - 22 2e 08 3c 00 0a b2 00
INFO - 22 31 48 3c 00 0b 00 00
INFO - 22 33 88 3c 00 0a 9a 00
INFO - 22 35 c8 3c 00 0a 9b 00
INFO - 22 37 08 3c 00 0a ab 00
INFO - 22 39 48 3c 00 0a 9b 00
INFO - 22 3b 88 3c 00 0a a8 00
INFO - 22 3d c8 3c 00 0a 9b 00
INFO - 22 3f 08 3c 00 0a af 00
INFO - 22 41 48 3c 00 0a a5 00
INFO - 22 43 88 3c 00 0a ab 00
INFO - 22 46 c8 3c 00 0a bc 00
INFO - 22 47 08 3c 00 0a 91 00
INFO - 22 4a 48 3c 00 0a a5 00
INFO - 22 4c 88 3c 00 0a a7 00
INFO - 22 4d c8 3c 00 0a 98 00
INFO - 22 4f 08 3c 00 0a a4 00
INFO - 22 51 48 3c 00 0a 91 00
INFO - 22 54 88 3c 00 0a c3 00
INFO - 22 55 c8 3c 00 0a 87 00
INFO - 22 57 08 3c 00 0a 90 00
INFO - 22 59 48 3c 00 0a ae 00
INFO - 22 5c 88 3c 00 0a cd 00
INFO - 22 5d c8 3c 00 0a 86 00
INFO - 22 5f 08 3c 00 0a 9a 00
INFO - 22 61 48 3c 00 0a ae 00
INFO - 22 62 88 3c 00 0a 5e 00
INFO - 22 65 c8 3c 00 0a ae 00
INFO - 22 66 08 3c 00 0a 9b 00
INFO - 22 68 48 3c 00 0a a4 00
INFO - 22 6a 88 3c 00 0a 9a 00
INFO - 22 71 c8 3c 00 0a be 00
INFO - 22 72 08 3c 00 0a 79 00
INFO - 22 74 48 3c 00 0a bc 00
INFO - 22 76 88 3c 00 0a ab 00
INFO - 22 78 c8 3c 00 0a 9a 00
INFO - 22 7a 08 3c 00 0a 9d 00
INFO - 22 7c 48 3c 00 0a a4 00
INFO - 22 7e 88 3c 00 0a 97 00
INFO - 22 81 c8 3c 00 0a c5 00
INFO - 22 82 08 3c 00 0a 8d 00
INFO - 22 85 48 3c 00 0a da 00
INFO - 22 87 88 3c 00 0a a1 00
INFO - 22 89 c8 3c 00 0a 9a 00
INFO - 22 8b 08 3c 00 0a 9e 00
INFO - 22 8d 48 3c 00 0a c2 00
INFO - 22 8f 88 3c 00 0a 86 00
INFO - 22 91 c8 3c 00 0a b8 00
INFO - 22 93 08 3c 00 0a 9a 00
INFO - 22 97 48 3c 00 0a f4 00
INFO - 22 99 88 3c 00 0a a4 00
INFO - 22 9a c8 3c 00 0a 90 00
INFO - 22 9c 08 3c 00 0a a4 00
INFO - 22 9e 48 3c 00 0a 9a 00
INFO - 22 a0 88 3c 00 0a a4 00
INFO - 22 a2 c8 3c 00 0a 90 00
INFO - 22 a4 08 3c 00 0a ae 00
INFO - 22 a5 48 3c 00 0a 90 00
INFO - 22 a7 88 3c 00 0a 9a 00
INFO - 22 aa c8 3c 00 0a bc 00
INFO - 22 ab 08 3c 00 0a 8d 00
INFO - 22 ae 48 3c 00 0a b8 00
INFO - 22 b1 88 3c 00 0a d9 00
INFO - 22 b3 c8 3c 00 0a 97 00
INFO - 22 b5 08 3c 00 0a a5 00
INFO - 22 b6 48 3c 00 0a 87 00
INFO - 22 b8 88 3c 00 0a a8 00
INFO - 22 ba c8 3c 00 0a ac 00
INFO - 22 bd 08 3c 00 0a cd 00
INFO - 22 bf 48 3c 00 0a 9b 00
INFO - 22 c1 88 3c 00 0a 9f 00
INFO - 22 c2 c8 3c 00 0a 8e 00
INFO - 22 c5 08 3c 00 0a c5 00
INFO - 22 c7 48 3c 00 0a 92 00
INFO - 22 c9 88 3c 00 0a ba 00
INFO - 22 cb c8 3c 00 0a 88 00
INFO - 22 cd 08 3c 00 0a aa 00
INFO - 22 cf 48 3c 00 0a 6e 00
INFO - 22 d0 88 3c 00 0a 99 00
INFO - 22 d2 c8 3c 00 0a 95 00
INFO - 22 d4 08 3c 00 0a 9d 00
INFO - 22 d6 48 3c 00 0a a4 00
INFO - 22 d8 88 3c 00 0a 96 00
INFO - 22 da c8 3c 00 0a a7 00
INFO - 22 dc 08 3c 00 0a b2 00
INFO - 22 df 48 3c 00 0a c7 00
INFO - 22 e4 88 3c 00 0b 2f 00
INFO - 22 e6 c8 3c 00 0a b3 00
INFO - 22 e8 08 3c 00 0a a8 00
INFO - 22 eb 48 3c 00 0a c8 00
INFO - 22 ee 88 3c 00 0a f2 00
INFO - 22 f0 c8 3c 00 0a 9f 00
INFO - 22 f2 08 3c 00 0a 94 00
INFO - 22 f4 48 3c 00 0a 9f 00
INFO - 22 f6 88 3c 00 0a bf 00
INFO - 22 f8 c8 3c 00 0a aa 00
INFO - 22 fb 08 3c 00 0a cd 00
INFO - 22 fd 48 3c 00 0a 94 00
INFO - 22 ff 88 3c 00 0a 9c 00
INFO - 23 00 c8 3c 00 0a 8b 00
INFO - 23 02 08 3c 00 0a 98 00
INFO - 23 04 48 3c 00 0a 92 00
INFO - 23 05 88 3c 00 0a 95 00
INFO - 23 08 c8 3c 00 0a b8 00
INFO - 23 0a 08 3c 00 0a 9c 00
INFO - 23 0b 48 3c 00 0a 96 00
INFO - 23 0d 88 3c 00 0a 8a 00
INFO - 23 10 c8 3c 00 0a 8b 00
INFO - 23 13 08 3c 00 0a e4 00
INFO - 23 15 48 3c 00 0a a8 00
INFO - 23 17 88 3c 00 0a 99 00
INFO - 23 19 c8 3c 00 0a a1 00
INFO - 23 1b 08 3c 00 0a b3 00
INFO - 23 1e 48 3c 00 0a c5 00
INFO - 23 1f 88 3c 00 0a 88 00
INFO - 23 22 c8 3c 00 0a af 00
INFO - 23 24 08 3c 00 0a b8 00
INFO - 23 27 48 3c 00 0a ce 00
INFO - 23 29 88 3c 00 0a b7 00
INFO - 23 2b c8 3c 00 0a 9e 00
INFO - 23 2e 08 3c 00 0a c6 00
INFO - 23 30 48 3c 00 0a ac 00
INFO - 23 32 88 3c 00 0a ac 00
INFO - 23 34 c8 3c 00 0a ad 00
INFO - 23 36 08 3c 00 0a 81 00
INFO - 23 39 48 3c 00 0a d8 00
INFO - 23 3b 88 3c 00 0a a1 00
INFO - 23 3d c8 3c 00 0a b8 00
INFO - 23 40 08 3c 00 0a c2 00
INFO - 23 43 48 3c 00 0a cd 00
INFO - 23 45 88 3c 00 0a a5 00
INFO - 23 47 c8 3c 00 0a b5 00
INFO - 23 49 08 3c 00 0a 97 00
INFO - 23 4b 48 3c 00 0a a3 00
INFO - 23 4d 88 3c 00 0a bb 00
INFO - 23 4f c8 3c 00 0a aa 00
INFO - 23 51 08 3c 00 0a 9b 00
INFO - 23 54 48 3c 00 0a bf 00
INFO - 23 57 88 3c 00 0a d2 00
INFO - 23 59 c8 3c 00 0a 9c 00
INFO - 23 5c 08 3c 00 0a d7 00
INFO - 23 5d 48 3c 00 0a a0 00
INFO - 23 60 88 3c 00 0a c9 00
INFO - 23 62 c8 3c 00 0a a0 00
INFO - 23 64 08 3c 00 0a b3 00
INFO - 23 67 48 3c 00 0a ac 00
INFO - 23 69 88 3c 00 0a bc 00
INFO - 23 6b c8 3c 00 0a ad 00
INFO - 23 6e 08 3c 00 0a ca 00
INFO - 23 71 48 3c 00 0a bb 00
INFO - 23 72 88 3c 00 0a 8e 00
INFO - 23 74 c8 3c 00 0a 9a 00
INFO - 23 76 08 3c 00 0a b8 00
INFO - 23 78 48 3c 00 0a 9c 00
INFO - 23 7a 88 3c 00 0a b0 00
INFO - 23 7c c8 3c 00 0a 83 00
INFO - 23 7f 08 3c 00 0a d2 00
INFO - 23 81 48 3c 00 0a b0 00
INFO - 23 84 88 3c 00 0a dd 00
INFO - 23 87 c8 3c 00 0a c6 00
INFO - 23 88 08 3c 00 0a 83 00
INFO - 23 8a 48 3c 00 0a a5 00
INFO - 23 8c 88 3c 00 0a a4 00
INFO - 23 8e c8 3c 00 0a 9a 00
INFO - 23 90 08 3c 00 0a 99 00
INFO - 23 92 48 3c 00 0a bf 00
INFO - 23 95 88 3c 00 0a c2 00
INFO - 23 97 c8 3c 00 0a af 00
INFO - 23 9a 08 3c 00 0a bf 00
INFO - 23 9c 48 3c 00 0a b7 00
INFO - 23 9e 88 3c 00 0a b4 00
INFO - 23 a1 c8 3c 00 0a bb 00
INFO - 23 a3 08 3c 00 0a 97 00
INFO - 23 a4 48 3c 00 0a 97 00
INFO - 23 a6 88 3c 00 0a 9e 00
INFO - 23 a8 c8 3c 00 0a 8e 00
INFO - 23 aa 08 3c 00 0a 96 00
INFO - 23 ac 48 3c 00 0a be 00
INFO - 23 ae 88 3c 00 0a 96 00
INFO - 23 b1 c8 3c 00 0a d2 00
INFO - 23 b2 08 3c 00 0a 8e 00
INFO - 23 b5 48 3c 00 0a bf 00
INFO - 23 b7 88 3c 00 0a a1 00
INFO - 23 ba c8 3c 00 0a d4 00
INFO - 23 bc 08 3c 00 0a a6 00
INFO - 23 be 48 3c 00 0a a5 00
INFO - 23 c0 88 3c 00 0a ac 00
INFO - 23 c3 c8 3c 00 0a e1 00
INFO - 23 c7 08 3c 00 0a e9 00
INFO - 23 c9 48 3c 00 0a d2 00
INFO - 23 cc 88 3c 00 0a d3 00
INFO - 23 cf c8 3c 00 0a bb 00
INFO - 23 d1 08 3c 00 0a 90 00
INFO - 23 d3 48 3c 00 0a b1 00
INFO - 23 d5 88 3c 00 0a a9 00
INFO - 23 d7 c8 3c 00 0a 98 00
INFO - 23 da 08 3c 00 0a de 00
INFO - 23 dd 48 3c 00 0a c8 00
INFO - 23 de 88 3c 00 0a 9b 00
INFO - 23 e0 c8 3c 00 0a a6 00
INFO - 23 e3 08 3c 00 0a c8 00
INFO - 23 e5 48 3c 00 0a ab 00
INFO - 23 e7 88 3c 00 0a a2 00
INFO - 23 e9 c8 3c 00 0a 90 00
INFO - 23 eb 08 3c 00 0a aa 00
INFO - 23 ed 48 3c 00 0a 96 00
INFO - 23 ef 88 3c 00 0a ac 00
INFO - 23 f1 c8 3c 00 0a a7 00
INFO - 23 f3 08 3c 00 0a ae 00
INFO - 23 f6 48 3c 00 0a b6 00
INFO - 23 f7 88 3c 00 0a 8b 00
INFO - 23 fa c8 3c 00 0a c3 00
INFO - 23 fc 08 3c 00 0a a7 00
INFO - 23 fe 48 3c 00 0a ae 00
INFO - 24 00 88 3c 00 0a a1 00
INFO - 24 02 c8 3c 00 0a a8 00
INFO - 24 05 08 3c 00 0a be 00
INFO - 24 07 48 3c 00 0a c5 00
INFO - 24 0a 88 3c 00 0a da 00
INFO - 24 10 c8 3c 00 0b 54 00
INFO - 24 12 08 3c 00 0a a7 00
INFO - 24 14 48 3c 00 0a b4 00
INFO - 24 16 88 3c 00 0a 91 00
INFO - 24 18 c8 3c 00 0a 91 00
INFO - 24 1a 08 3c 00 0a b3 00
INFO - 24 1c 48 3c 00 0a b3 00
INFO - 24 1f 88 3c 00 0a cb 00
INFO - 24 22 c8 3c 00 0a d6 00
INFO - 24 24 08 3c 00 0a 9c 00
INFO - 24 27 48 3c 00 0a d7 00
INFO - 24 29 88 3c 00 0a 9d 00
INFO - 24 2b c8 3c 00 0a bf 00
INFO - 24 2e 08 3c 00 0a b4 00
INFO - 24 30 48 3c 00 0a d0 00
INFO - 24 33 88 3c 00 0a b0 00
INFO - 24 35 c8 3c 00 0a b8 00
INFO - 24 37 08 3c 00 0a 99 00
INFO - 24 3a 48 3c 00 0a ee 00
INFO - 24 3d 88 3c 00 0a c0 00
INFO - 24 40 c8 3c 00 0a cf 00
INFO - 24 42 08 3c 00 0a b5 00
INFO - 24 44 48 3c 00 0a b3 00
INFO - 24 48 88 3c 00 0a d7 00
INFO - 24 4a c8 3c 00 0a a9 00
INFO - 24 4d 08 3c 00 0a fa 00
INFO - 24 50 48 3c 00 0a cc 00
INFO - 24 53 88 3c 00 0a d7 00
INFO - 24 55 c8 3c 00 0a 9e 00
INFO - 24 57 08 3c 00 0a a9 00
INFO - 24 59 48 3c 00 0a a6 00
INFO - 24 5c 88 3c 00 0a db 00
INFO - 24 5f c8 3c 00 0a ab 00
INFO - 24 60 08 3c 00 0a 88 00
INFO - 24 62 48 3c 00 0a 9f 00
INFO - 24 65 88 3c 00 0a c0 00
INFO - 24 67 c8 3c 00 0a c0 00
INFO - 24 69 08 3c 00 0a aa 00
INFO - 24 6c 48 3c 00 0a b5 00
INFO - 24 6e 88 3c 00 0a ba 00
INFO - 24 70 c8 3c 00 0a 99 00
INFO - 24 72 08 3c 00 0a c1 00
INFO - 24 75 48 3c 00 0a b6 00
INFO - 24 77 88 3c 00 0a b5 00
INFO - 24 7a c8 3c 00 0a c5 00
INFO - 24 7c 08 3c 00 0a b3 00
INFO - 24 7e 48 3c 00 0a a1 00
INFO - 24 80 88 3c 00 0a b2 00
INFO - 24 84 c8 3c 00 0a dd 00
INFO - 24 86 08 3c 00 0a b7 00
INFO - 24 88 48 3c 00 0a 9a 00
INFO - 24 8a 88 3c 00 0a aa 00
INFO - 24 8c c8 3c 00 0a af 00
INFO - 24 8e 08 3c 00 0a 8e 00
INFO - 24 90 48 3c 00 0a a2 00
INFO - 24 91 88 3c 00 0a 90 00
INFO - 24 94 c8 3c 00 0a b9 00
INFO - 24 96 08 3c 00 0a a7 00
INFO - 24 98 48 3c 00 0a bb 00
INFO - 24 9a 88 3c 00 0a 9e 00
INFO - 24 9d c8 3c 00 0a 7c 00
INFO - 24 9f 08 3c 00 0a b6 00
INFO - 24 a1 48 3c 00 0a b6 00
INFO - 24 a4 88 3c 00 0a c2 00
INFO - 24 a6 c8 3c 00 0a b4 00
INFO - 24 a9 08 3c 00 0a c7 00
INFO - 24 ad 48 3c 00 0a fd 00
INFO - 24 af 88 3c 00 0a ab 00
INFO - 24 b2 c8 3c 00 0a c4 00
INFO - 24 b6 08 3c 00 0b 0a 00
INFO - 24 b7 48 3c 00 0a 92 00
INFO - 24 ba 88 3c 00 0a d0 00
INFO - 24 bd c8 3c 00 0a b6 00
INFO - 24 be 08 3c 00 0a 98 00
INFO - 24 c1 48 3c 00 0a bf 00
INFO - 24 c4 88 3c 00 0a e8 00
INFO - 24 c7 c8 3c 00 0a cf 00
INFO - 24 ca 08 3c 00 0a c5 00
INFO - 24 cc 48 3c 00 0a aa 00
INFO - 24 ce 88 3c 00 0a 99 00
INFO - 24 d0 c8 3c 00 0a b4 00
INFO - 24 d2 08 3c 00 0a 97 00
INFO - 24 d4 48 3c 00 0a a9 00
INFO - 24 d6 88 3c 00 0a bc 00
INFO - 24 d8 c8 3c 00 0a 9a 00
INFO - 24 db 08 3c 00 0a c5 00
INFO - 24 dd 48 3c 00 0a b7 00
INFO - 24 e0 88 3c 00 0a c9 00
INFO - 24 e3 c8 3c 00 0a cb 00
INFO - 24 e5 08 3c 00 0a bd 00
INFO - 24 e7 48 3c 00 0a a0 00
INFO - 24 ea 88 3c 00 0a dc 00
INFO - 24 ed c8 3c 00 0a b2 00
INFO - 24 f0 08 3c 00 0a c9 00
INFO - 24 f2 48 3c 00 0a b7 00
INFO - 24 f4 88 3c 00 0a bd 00
INFO - 24 f8 c8 3c 00 0a ec 00
INFO - 24 fa 08 3c 00 0a 93 00
INFO - 24 fd 48 3c 00 0a e5 00
INFO - 24 ff 88 3c 00 0a 9f 00
INFO - 25 01 c8 3c 00 0a c3 00
INFO - 25 03 08 3c 00 0a 9e 00
INFO - 25 06 48 3c 00 0a b7 00
INFO - 25 08 88 3c 00 0a 9e 00
INFO - 25 0b c8 3c 00 0a fb 00
INFO - 25 0d 08 3c 00 0a a8 00
INFO - 25 10 48 3c 00 0a aa 00
INFO - 25 12 88 3c 00 0a 9d 00
INFO - 25 14 c8 3c 00 0a cc 00
INFO - 25 16 08 3c 00 0a 86 00
INFO - 25 18 48 3c 00 0a be 00
INFO - 25 1b 88 3c 00 0a b5 00
INFO - 25 1d c8 3c 00 0a a1 00
INFO - 25 1f 08 3c 00 0a a4 00
INFO - 25 21 48 3c 00 0a a8 00
INFO - 25 23 88 3c 00 0a be 00
INFO - 25 25 c8 3c 00 0a 9e 00
INFO - 25 27 08 3c 00 0a b4 00
INFO - 25 29 48 3c 00 0a a1 00
INFO - 25 2c 88 3c 00 0a c7 00
INFO - 25 2e c8 3c 00 0a 9d 00
INFO - 25 30 08 3c 00 0a b4 00
INFO - 25 32 48 3c 00 0a ad 00
INFO - 25 35 88 3c 00 0a b0 00
INFO - 25 37 c8 3c 00 0a 9d 00
INFO - 25 3a 08 3c 00 0a e7 00
INFO - 25 3c 48 3c 00 0a 99 00
INFO - 25 3f 88 3c 00 0a cb 00
INFO - 25 41 c8 3c 00 0a a1 00
INFO - 25 45 08 3c 00 0a ac 00
INFO - 25 46 48 3c 00 0a 91 00
INFO - 25 49 88 3c 00 0a c3 00
INFO - 25 4c c8 3c 00 0a d6 00
INFO - 25 4f 08 3c 00 0a d6 00
INFO - 25 51 48 3c 00 0a a3 00
INFO - 25 53 88 3c 00 0a a0 00
INFO - 25 56 c8 3c 00 0a ba 00
INFO - 25 58 08 3c 00 0a b6 00
INFO - 25 5a 48 3c 00 0a ae 00
INFO - 25 5c 88 3c 00 0a ab 00
INFO - 25 5f c8 3c 00 0a bd 00
INFO - 25 61 08 3c 00 0a b9 00
INFO - 25 64 48 3c 00 0a b6 00
INFO - 25 66 88 3c 00 0a 9b 00
INFO - 25 69 c8 3c 00 0a db 00
INFO - 25 6b 08 3c 00 0a b2 00
INFO - 25 6f 48 3c 00 0a fa 00
INFO - 25 71 88 3c 00 0a ae 00
INFO - 25 73 c8 3c 00 0a 9f 00
INFO - 25 75 08 3c 00 0a bd 00
INFO - 25 77 48 3c 00 0a 98 00
INFO - 25 79 88 3c 00 0a 9f 00
INFO - 25 7c c8 3c 00 0a be 00
INFO - 25 7d 08 3c 00 0a 97 00
INFO - 25 81 48 3c 00 0a e4 00
INFO - 25 83 88 3c 00 0a b0 00
INFO - 25 86 c8 3c 00 0a ee 00
INFO - 25 89 08 3c 00 0a b2 00
INFO - 25 8c 48 3c 00 0a d1 00
INFO - 25 8e 88 3c 00 0a c0 00
INFO - 25 90 c8 3c 00 0a 85 00
INFO - 25 92 08 3c 00 0a b1 00
INFO - 25 94 48 3c 00 0a a6 00
INFO - 25 97 88 3c 00 0a cf 00
INFO - 25 99 c8 3c 00 0a 9d 00
INFO - 25 9b 08 3c 00 0a c5 00
INFO - 25 9e 48 3c 00 0a cc 00
INFO - 25 a1 88 3c 00 0a bc 00
INFO - 25 a4 c8 3c 00 0a d8 00
INFO - 25 a5 08 3c 00 0a 88 00
INFO - 25 a8 48 3c 00 0a ce 00
INFO - 25 aa 88 3c 00 0a a1 00
INFO - 25 ac c8 3c 00 0a bb 00
INFO - 25 af 08 3c 00 0a b8 00
INFO - 25 b2 48 3c 00 0a ca 00
INFO - 25 b4 88 3c 00 0a c7 00
INFO - 25 b6 c8 3c 00 0a a1 00
INFO - 25 b8 08 3c 00 0a 9e 00
INFO - 25 ba 48 3c 00 0a 93 00
INFO - 25 bc 88 3c 00 0a a9 00
INFO - 25 be c8 3c 00 0a a5 00
INFO - 25 bf 08 3c 00 0a 67 00
INFO - 25 c1 48 3c 00 0a 92 00
INFO - 25 c3 88 3c 00 0a 93 00
INFO - 25 c5 c8 3c 00 0a b2 00
INFO - 25 c7 08 3c 00 0a a5 00
INFO - 25 c9 48 3c 00 0a aa 00
INFO - 25 cb 88 3c 00 0a 9e 00
INFO - 25 cd c8 3c 00 0a a2 00
INFO - 25 cf 08 3c 00 0a b4 00
INFO - 25 d2 48 3c 00 0a a6 00
INFO - 25 d4 88 3c 00 0a b0 00
INFO - 25 d6 c8 3c 00 0a b1 00
INFO - 25 d9 08 3c 00 0a ba 00
INFO - 25 db 48 3c 00 0a a4 00
INFO - 25 de 88 3c 00 0a e5 00
INFO - 25 e0 c8 3c 00 0a b0 00
INFO - 25 e2 08 3c 00 0a a2 00
INFO - 25 e4 48 3c 00 0a b3 00
INFO - 25 e6 88 3c 00 0a 9c 00
INFO - 25 e8 c8 3c 00 0a 92 00
INFO - 25 ea 08 3c 00 0a 8f 00
INFO - 25 eb 48 3c 00 0a 94 00
INFO - 25 ed 88 3c 00 0a 91 00
INFO - 25 ef c8 3c 00 0a b0 00
INFO - 25 f1 08 3c 00 0a 87 00
INFO - 25 f3 48 3c 00 0a b7 00
INFO - 25 f4 88 3c 00 0a 7d 00
INFO - 25 f7 c8 3c 00 0a be 00
INFO - 25 f9 08 3c 00 0a a6 00
INFO - 25 fb 48 3c 00 0a 9c 00
INFO - 25 fd 88 3c 00 0a a6 00
INFO - 25 ff c8 3c 00 0a b1 00
INFO - 26 01 08 3c 00 0a 93 00
INFO - 26 04 48 3c 00 0a d2 00
INFO - 26 06 88 3c 00 0a a7 00
INFO - 26 08 c8 3c 00 0a c3 00
INFO - 26 0a 08 3c 00 0a 97 00
INFO - 26 0c 48 3c 00 0a 9f 00
INFO - 26 0e 88 3c 00 0a a5 00
INFO - 26 10 c8 3c 00 0a 92 00
INFO - 26 12 08 3c 00 0a a0 00
INFO - 26 14 48 3c 00 0a c7 00
INFO - 26 16 88 3c 00 0a 9b 00
INFO - 26 18 c8 3c 00 0a a5 00
INFO - 26 1b 08 3c 00 0a b4 00
INFO - 26 1c 48 3c 00 0a 94 00
INFO - 26 1f 88 3c 00 0a ae 00
INFO - 26 21 c8 3c 00 0a b5 00
INFO - 26 22 08 3c 00 0a 86 00
INFO - 26 24 48 3c 00 0a 95 00
INFO - 26 26 88 3c 00 0a ad 00
INFO - 26 28 c8 3c 00 0a ae 00
INFO - 26 2a 08 3c 00 0a 90 00
INFO - 26 2d 48 3c 00 0a be 00
INFO - 26 2e 88 3c 00 0a 9d 00
INFO - 26 30 c8 3c 00 0a a4 00
INFO - 26 32 08 3c 00 0a 9a 00
INFO - 26 35 48 3c 00 0a b9 00
INFO - 26 37 88 3c 00 0a b4 00
INFO - 26 39 c8 3c 00 0a 9d 00
INFO - 26 3a 08 3c 00 0a 86 00
INFO - 26 3c 48 3c 00 0a 9a 00
INFO - 26 3e 88 3c 00 0a 91 00
INFO - 26 3f c8 3c 00 0a 8f 00
INFO - 26 41 08 3c 00 0a 97 00
INFO - 26 43 48 3c 00 0a b0 00
INFO - 26 45 88 3c 00 0a 9a 00
INFO - 26 47 c8 3c 00 0a 86 00
INFO - 26 49 08 3c 00 0a aa 00
INFO - 26 4a 48 3c 00 0a 88 00
INFO - 26 4c 88 3c 00 0a ae 00
INFO - 26 4e c8 3c 00 0a 99 00
INFO - 26 51 08 3c 00 0a c1 00
INFO - 26 53 48 3c 00 0a a3 00
INFO - 26 54 88 3c 00 0a 89 00
INFO - 26 57 c8 3c 00 0a b8 00
INFO - 26 5b 08 3c 00 0b 16 00
INFO - 26 5d 48 3c 00 0a a5 00
INFO - 26 5f 88 3c 00 0a a3 00
INFO - 26 61 c8 3c 00 0a 8f 00
INFO - 26 63 08 3c 00 0a c0 00
INFO - 26 65 48 3c 00 0a 8c 00
INFO - 26 68 88 3c 00 0a ce 00
INFO - 26 6a c8 3c 00 0a 98 00
INFO - 26 6c 08 3c 00 0a a3 00
INFO - 26 6d 48 3c 00 0a 8f 00
INFO - 26 6f 88 3c 00 0a ae 00
INFO - 26 72 c8 3c 00 0a b5 00
INFO - 26 74 08 3c 00 0a 9c 00
INFO - 26 76 48 3c 00 0a a4 00
INFO - 26 78 88 3c 00 0a b8 00
INFO - 26 7a c8 3c 00 0a a1 00
INFO - 26 7c 08 3c 00 0a a8 00
INFO - 26 7e 48 3c 00 0a ad 00
INFO - 26 80 88 3c 00 0a 90 00
INFO - 26 81 c8 3c 00 0a 97 00
INFO - 26 84 08 3c 00 0a ba 00
INFO - 26 86 48 3c 00 0a 9b 00
INFO - 26 88 88 3c 00 0a a2 00
INFO - 26 89 c8 3c 00 0a 90 00
INFO - 26 8c 08 3c 00 0a b4 00
INFO - 26 8e 48 3c 00 0a b1 00
INFO - 26 90 88 3c 00 0a 98 00
INFO - 26 91 c8 3c 00 0a 85 00
INFO - 26 93 08 3c 00 0a a0 00
INFO - 26 95 48 3c 00 0a 9c 00
INFO - 26 97 88 3c 00 0a ac 00
INFO - 26 99 c8 3c 00 0a a4 00
INFO - 26 9b 08 3c 00 0a 94 00
INFO - 26 9d 48 3c 00 0a a5 00
INFO - 26 9f 88 3c 00 0a bf 00
INFO - 26 a1 c8 3c 00 0a 98 00
INFO - 26 a3 08 3c 00 0a b5 00
INFO - 26 a5 48 3c 00 0a 96 00
INFO - 26 a7 88 3c 00 0a ad 00
INFO - 26 aa c8 3c 00 0a b6 00
INFO - 26 ac 08 3c 00 0a a9 00
INFO - 26 ad 48 3c 00 0a 87 00
INFO - 26 af 88 3c 00 0a 98 00
INFO - 26 b1 c8 3c 00 0a a2 00
INFO - 26 b4 08 3c 00 0a c5 00
INFO - 26 b5 48 3c 00 0a 88 00
INFO - 26 b8 88 3c 00 0a bf 00
INFO - 26 bb c8 3c 00 0a de 00
INFO - 26 bc 08 3c 00 0a 8a 00
INFO - 26 be 48 3c 00 0a a5 00
INFO - 26 c1 88 3c 00 0a ac 00
INFO - 26 c4 c8 3c 00 0a de 00
INFO - 26 c5 08 3c 00 0a 94 00
INFO - 26 c7 48 3c 00 0a 96 00
INFO - 26 c8 88 3c 00 0a 7e 00
INFO - 26 cb c8 3c 00 0a b7 00
INFO - 26 cd 08 3c 00 0a bf 00
INFO - 26 d0 48 3c 00 0a c0 00
INFO - 26 d1 88 3c 00 0a 81 00
INFO - 26 d3 c8 3c 00 0a 9c 00
INFO - 26 d5 08 3c 00 0a a2 00
INFO - 26 d7 48 3c 00 0a ac 00
INFO - 26 d9 88 3c 00 0a 98 00
INFO - 26 db c8 3c 00 0a a9 00
INFO - 26 dd 08 3c 00 0a a4 00
INFO - 26 df 48 3c 00 0a a2 00
INFO - 26 e1 88 3c 00 0a 98 00
INFO - 26 e3 c8 3c 00 0a b1 00
INFO - 26 e6 08 3c 00 0a b8 00
INFO - 26 e7 48 3c 00 0a 99 00
INFO - 26 e9 88 3c 00 0a 83 00
INFO - 26 eb c8 3c 00 0a b5 00
INFO - 26 ed 08 3c 00 0a 8e 00
INFO - 26 ef 48 3c 00 0a bc 00
INFO - 26 f1 88 3c 00 0a 88 00
INFO - 26 f2 c8 3c 00 0a 8f 00
INFO - 26 f4 08 3c 00 0a 85 00
INFO - 26 f5 48 3c 00 0a 90 00
INFO - 26 f7 88 3c 00 0a 8b 00
INFO - 26 f9 c8 3c 00 0a 9c 00
INFO - 26 fb 08 3c 00 0a a3 00
INFO - 26 fc 48 3c 00 0a 86 00
INFO - 26 fe 88 3c 00 0a 99 00
INFO - 27 00 c8 3c 00 0a a4 00
INFO - 27 02 08 3c 00 0a b6 00
INFO - 27 04 48 3c 00 0a 9c 00
INFO - 27 06 88 3c 00 0a b8 00
INFO - 27 08 c8 3c 00 0a a1 00
INFO - 27 0a 08 3c 00 0a 9a 00
INFO - 27 0c 48 3c 00 0a 9d 00
INFO - 27 0e 88 3c 00 0a 9b 00
INFO - 27 10 c8 3c 00 0a a3 00
INFO - 27 12 08 3c 00 0a ba 00
INFO - 27 14 48 3c 00 0a a4 00
INFO - 27 16 88 3c 00 0a a4 00
INFO - 27 18 c8 3c 00 0a 8e 00
INFO - 27 19 08 3c 00 0a 90 00
INFO - 27 1c 48 3c 00 0a ab 00
INFO - 27 1e 88 3c 00 0a b2 00
INFO - 27 1f c8 3c 00 0a 91 00
INFO - 27 21 08 3c 00 0a 92 00
INFO - 27 24 48 3c 00 0a c2 00
INFO - 27 26 88 3c 00 0a a1 00
INFO - 27 28 c8 3c 00 0a 9d 00
INFO - 27 29 08 3c 00 0a 9a 00
INFO - 27 2c 48 3c 00 0a cb 00
INFO - 27 2f 88 3c 00 0a c4 00
INFO - 27 30 c8 3c 00 0a 93 00
INFO - 27 34 08 3c 00 0a f1 00
INFO - 27 36 48 3c 00 0a b9 00
INFO - 27 39 88 3c 00 0a b6 00
INFO - 27 3b c8 3c 00 0a 9d 00
INFO - 27 3d 08 3c 00 0a 9b 00
INFO - 27 3e 48 3c 00 0a 90 00
INFO - 27 40 88 3c 00 0a 87 00
INFO - 27 42 c8 3c 00 0a a4 00
INFO - 27 43 08 3c 00 0a 98 00
INFO - 27 45 48 3c 00 0a 93 00
INFO - 27 47 88 3c 00 0a 9b 00
INFO - 27 48 c8 3c 00 0a 7c 00
INFO - 27 4b 08 3c 00 0a eb 00
INFO - 27 4d 48 3c 00 0a 97 00
INFO - 27 4f 88 3c 00 0a ab 00
INFO - 27 52 c8 3c 00 0a cc 00
INFO - 27 54 08 3c 00 0a 7c 00
INFO - 27 55 48 3c 00 0a 98 00
INFO - 27 58 88 3c 00 0a b0 00
INFO - 27 59 c8 3c 00 0a 90 00
INFO - 27 5b 08 3c 00 0a a3 00
INFO - 27 5e 48 3c 00 0a d4 00
INFO - 27 60 88 3c 00 0a a0 00
INFO - 27 62 c8 3c 00 0a 9d 00
INFO - 27 64 08 3c 00 0a bf 00
INFO - 27 67 48 3c 00 0a ab 00
INFO - 27 68 88 3c 00 0a 97 00
INFO - 27 6a c8 3c 00 0a a8 00
INFO - 27 6c 08 3c 00 0a 72 00
INFO - 27 6e 48 3c 00 0a 97 00
INFO - 27 70 88 3c 00 0a 98 00
INFO - 27 72 c8 3c 00 0a 9c 00
INFO - 27 73 08 3c 00 0a 90 00
INFO - 27 75 48 3c 00 0a 8c 00
INFO - 27 78 88 3c 00 0a cf 00
INFO - 27 7a c8 3c 00 0a a8 00
INFO - 27 7b 08 3c 00 0a 92 00
INFO - 27 7e 48 3c 00 0a ab 00
INFO - 27 7f 88 3c 00 0a 81 00
INFO - 27 81 c8 3c 00 0a b0 00
INFO - 27 83 08 3c 00 0a 8c 00
INFO - 27 85 48 3c 00 0a b0 00
INFO - 27 87 88 3c 00 0a a4 00
INFO - 27 89 c8 3c 00 0a 97 00
INFO - 27 8a 08 3c 00 0a 94 00
INFO - 27 8c 48 3c 00 0a 9d 00
INFO - 27 8e 88 3c 00 0a 9d 00
INFO - 27 90 c8 3c 00 0a 95 00
INFO - 27 92 08 3c 00 0a a2 00
INFO - 27 94 48 3c 00 0a a9 00
INFO - 27 95 88 3c 00 0a 7e 00
INFO - 27 98 c8 3c 00 0a b3 00
INFO - 27 99 08 3c 00 0a 77 00
INFO - 27 9a 48 3c 00 0a 89 00
INFO - 27 9d 88 3c 00 0a c1 00
INFO - 27 9e c8 3c 00 0a 93 00
INFO - 27 a1 08 3c 00 0a b4 00
INFO - 27 a3 48 3c 00 0a b3 00
INFO - 27 a4 88 3c 00 0a 76 00
INFO - 27 a6 c8 3c 00 0a 9c 00
INFO - 27 a7 08 3c 00 0a 87 00
INFO - 27 aa 48 3c 00 0a ba 00
INFO - 27 ab 88 3c 00 0a 8b 00
INFO - 27 ad c8 3c 00 0a a5 00
INFO - 27 af 08 3c 00 0a 9c 00
INFO - 27 b2 48 3c 00 0a c1 00
INFO - 27 b3 88 3c 00 0a 87 00
INFO - 27 b5 c8 3c 00 0a 9b 00
INFO - 27 b7 08 3c 00 0a bb 00
INFO - 27 ba 48 3c 00 0a a5 00
INFO - 27 bb 88 3c 00 0a 99 00
INFO - 27 bd c8 3c 00 0a a7 00
INFO - 27 bf 08 3c 00 0a 9c 00
INFO - 27 c1 48 3c 00 0a 93 00
INFO - 27 c3 88 3c 00 0a a1 00
INFO - 27 c5 c8 3c 00 0a a7 00
INFO - 27 c7 08 3c 00 0a ad 00
INFO - 27 c9 48 3c 00 0a 92 00
INFO - 27 cb 88 3c 00 0a a9 00
INFO - 27 cc c8 3c 00 0a 82 00
INFO - 27 ce 08 3c 00 0a 9b 00
INFO - 27 d0 48 3c 00 0a 93 00
INFO - 27 d1 88 3c 00 0a 90 00
INFO - 27 d3 c8 3c 00 0a 97 00
INFO - 27 d4 08 3c 00 0a 7e 00
INFO - 27 d6 48 3c 00 0a ae 00
INFO - 27 d8 88 3c 00 0a 91 00
INFO - 27 da c8 3c 00 0a 8e 00
INFO - 27 db 08 3c 00 0a 98 00
INFO - 27 dd 48 3c 00 0a 94 00
INFO - 27 de 88 3c 00 0a 81 00
INFO - 27 e0 c8 3c 00 0a a5 00
INFO - 27 e2 08 3c 00 0a a3 00
INFO - 27 e4 48 3c 00 0a 8e 00
INFO - 27 e6 88 3c 00 0a a8 00
INFO - 27 e9 c8 3c 00 0a c8 00
INFO - 27 eb 08 3c 00 0a ab 00
INFO - 27 ed 48 3c 00 0a a1 00
INFO - 27 ef 88 3c 00 0a a5 00
INFO - 27 f2 c8 3c 00 0a c6 00
INFO - 27 f4 08 3c 00 0a ac 00
INFO - 27 f6 48 3c 00 0a 9b 00
INFO - 27 f7 88 3c 00 0a 7b 00
INFO - 27 f8 c8 3c 00 0a 91 00
INFO - 27 fa 08 3c 00 0a 9a 00
INFO - 27 fc 48 3c 00 0a 9f 00
INFO - 27 fd 88 3c 00 0a 81 00
INFO - 27 ff c8 3c 00 0a 8c 00
INFO - 28 00 08 3c 00 0a 79 00
INFO - 28 01 48 3c 00 0a 79 00
INFO - 28 03 88 3c 00 0a 88 00
INFO - 28 04 c8 3c 00 0a 89 00
INFO - 28 06 08 3c 00 0a 88 00
INFO - 28 07 48 3c 00 0a 7d 00
INFO - 28 09 88 3c 00 0a 9c 00
INFO - 28 0a c8 3c 00 0a 80 00
INFO - 28 0c 08 3c 00 0a 90 00
INFO - 28 0d 48 3c 00 0a 90 00
INFO - 28 0f 88 3c 00 0a a9 00
INFO - 28 11 c8 3c 00 0a 83 00
INFO - 28 13 08 3c 00 0a a3 00
INFO - 28 14 48 3c 00 0a 88 00
INFO - 28 16 88 3c 00 0a 90 00
INFO - 28 17 c8 3c 00 0a 90 00
INFO - 28 19 08 3c 00 0a a8 00
INFO - 28 1b 48 3c 00 0a 78 00
INFO - 28 1c 88 3c 00 0a 85 00
INFO - 28 1d c8 3c 00 0a 78 00
INFO - 28 1f 08 3c 00 0a 8c 00
INFO - 28 20 48 3c 00 0a 8a 00
INFO - 28 21 88 3c 00 0a 89 00
INFO - 28 23 c8 3c 00 0a 98 00
INFO - 28 25 08 3c 00 0a 7e 00
INFO - 28 26 48 3c 00 0a 8d 00
INFO - 28 28 88 3c 00 0a 92 00
INFO - 28 29 c8 3c 00 0a 8a 00
INFO - 28 2b 08 3c 00 0a 8b 00
INFO - 28 2c 48 3c 00 0a 95 00
INFO - 28 2e 88 3c 00 0a 7a 00
INFO - 28 2f c8 3c 00 0a 8f 00
INFO - 28 31 08 3c 00 0a a8 00
INFO - 28 34 48 3c 00 0a d1 00
INFO - 28 36 88 3c 00 0a 84 00
INFO - 28 37 c8 3c 00 0a a2 00
INFO - 28 39 08 3c 00 0a 88 00
INFO - 28 3b 48 3c 00 0a a7 00
INFO - 28 3c 88 3c 00 0a 74 00
INFO - 28 3e c8 3c 00 0a b0 00
INFO - 28 40 08 3c 00 0a 97 00
INFO - 28 42 48 3c 00 0a 96 00
INFO - 28 43 88 3c 00 0a 8b 00
INFO - 28 46 c8 3c 00 0a cc 00
INFO - 28 48 08 3c 00 0a 90 00
INFO - 28 49 48 3c 00 0a 96 00
INFO - 28 4c 88 3c 00 0a c2 00
INFO - 28 4e c8 3c 00 0a 8b 00
INFO - 28 4f 08 3c 00 0a 90 00
INFO - 28 51 48 3c 00 0a a0 00
INFO - 28 53 88 3c 00 0a 86 00
INFO - 28 54 c8 3c 00 0a 86 00
INFO - 28 56 08 3c 00 0a 97 00
INFO - 28 58 48 3c 00 0a a7 00
INFO - 28 5a 88 3c 00 0a a3 00
INFO - 28 5c c8 3c 00 0a bb 00
INFO - 28 5e 08 3c 00 0a 98 00
INFO - 28 5f 48 3c 00 0a 62 00
INFO - 28 61 88 3c 00 0a 92 00
INFO - 28 63 c8 3c 00 0a a9 00
INFO - 28 65 08 3c 00 0a a7 00
INFO - 28 67 48 3c 00 0a 9c 00
INFO - 28 69 88 3c 00 0a 97 00
INFO - 28 6b c8 3c 00 0a b2 00
INFO - 28 6d 08 3c 00 0a 96 00
INFO - 28 6f 48 3c 00 0a a1 00
INFO - 28 71 88 3c 00 0a 9b 00
INFO - 28 72 c8 3c 00 0a a2 00
INFO - 28 74 08 3c 00 0a 96 00
INFO - 28 76 48 3c 00 0a 93 00
INFO - 28 78 88 3c 00 0a 91 00
INFO - 28 79 c8 3c 00 0a 97 00
INFO - 28 7b 08 3c 00 0a 95 00
INFO - 28 7d 48 3c 00 0a ac 00
INFO - 28 7f 88 3c 00 0a 88 00
INFO - 28 80 c8 3c 00 0a 8f 00
INFO - 28 82 08 3c 00 0a 9e 00
INFO - 28 84 48 3c 00 0a 9b 00
INFO - 28 86 88 3c 00 0a 98 00
INFO - 28 88 c8 3c 00 0a b1 00
INFO - 28 8a 08 3c 00 0a 93 00
INFO - 28 8b 48 3c 00 0a 90 00
INFO - 28 8d 88 3c 00 0a a0 00
INFO - 28 8f c8 3c 00 0a 89 00
INFO - 28 91 08 3c 00 0a a1 00
INFO - 28 93 48 3c 00 0a c0 00
INFO - 28 95 88 3c 00 0a 9f 00
INFO - 28 97 c8 3c 00 0a 98 00
INFO - 28 9a 08 3c 00 0a df 00
INFO - 28 9c 48 3c 00 0a 8f 00
INFO - 28 9e 88 3c 00 0a a7 00
INFO - 28 9f c8 3c 00 0a 8a 00
INFO - 28 a1 08 3c 00 0a a1 00
INFO - 28 a3 48 3c 00 0a a4 00
INFO - 28 a4 88 3c 00 0a 76 00
INFO - 28 a6 c8 3c 00 0a b0 00
INFO - 28 a9 08 3c 00 0a b5 00
INFO - 28 ab 48 3c 00 0a a9 00
INFO - 28 ad 88 3c 00 0a a5 00
INFO - 28 ae c8 3c 00 0a 88 00
INFO - 28 b0 08 3c 00 0a 97 00
INFO - 28 b2 48 3c 00 0a 87 00
INFO - 28 b4 88 3c 00 0a a6 00
INFO - 28 b5 c8 3c 00 0a 8d 00
INFO - 28 b8 08 3c 00 0a bf 00
INFO - 28 b9 48 3c 00 0a 8e 00
INFO - 28 bb 88 3c 00 0a a2 00
INFO - 28 bd c8 3c 00 0a 93 00
INFO - 28 bf 08 3c 00 0a 8f 00
INFO - 28 c0 48 3c 00 0a 8b 00
INFO - 28 c2 88 3c 00 0a 99 00
INFO - 28 c4 c8 3c 00 0a 98 00
INFO - 28 c6 08 3c 00 0a a9 00
INFO - 28 c8 48 3c 00 0a 9b 00
INFO - 28 ca 88 3c 00 0a ae 00
INFO - 28 cc c8 3c 00 0a 97 00
INFO - 28 ce 08 3c 00 0a 75 00
INFO - 28 d0 48 3c 00 0a a8 00
INFO - 28 d1 88 3c 00 0a 89 00
INFO - 28 d3 c8 3c 00 0a 9d 00
INFO - 28 d4 08 3c 00 0a 85 00
INFO - 28 d6 48 3c 00 0a 8e 00
INFO - 28 d8 88 3c 00 0a 97 00
INFO - 28 da c8 3c 00 0a c0 00
INFO - 28 dc 08 3c 00 0a 8a 00
INFO - 28 de 48 3c 00 0a ac 00
INFO - 28 df 88 3c 00 0a 85 00
INFO - 28 e2 c8 3c 00 0a af 00
INFO - 28 e3 08 3c 00 0a 7c 00
INFO - 28 e5 48 3c 00 0a 9e 00
INFO - 28 e7 88 3c 00 0a a9 00
INFO - 28 e9 c8 3c 00 0a 93 00
INFO - 28 ea 08 3c 00 0a 8d 00
INFO - 28 ec 48 3c 00 0a a6 00
INFO - 28 ee 88 3c 00 0a 85 00
INFO - 28 f0 c8 3c 00 0a b9 00
INFO - 28 f2 08 3c 00 0a 96 00
INFO - 28 f4 48 3c 00 0a 9a 00
INFO - 28 f6 88 3c 00 0a a4 00
INFO - 28 f7 c8 3c 00 0a 98 00
INFO - 28 fa 08 3c 00 0a b1 00
INFO - 28 fb 48 3c 00 0a 86 00
INFO - 28 fd 88 3c 00 0a b0 00
INFO - 28 ff c8 3c 00 0a 8e 00
INFO - 29 01 08 3c 00 0a a1 00
INFO - 29 02 48 3c 00 0a 7d 00
INFO - 29 04 88 3c 00 0a 95 00
INFO - 29 06 c8 3c 00 0a a4 00
INFO - 29 07 08 3c 00 0a 8e 00
INFO - 29 09 48 3c 00 0a 90 00
INFO - 29 0a 88 3c 00 0a 7f 00
INFO - 29 0c c8 3c 00 0a 88 00
INFO - 29 0d 08 3c 00 0a 87 00
INFO - 29 0e 48 3c 00 0a 88 00
INFO - 29 10 88 3c 00 0a 96 00
INFO - 29 12 c8 3c 00 0a 82 00
INFO - 29 13 08 3c 00 0a 88 00
INFO - 29 15 48 3c 00 0a 9b 00
INFO - 29 16 88 3c 00 0a 89 00
INFO - 29 18 c8 3c 00 0a 7f 00
INFO - 29 19 08 3c 00 0a 8a 00
INFO - 29 1b 48 3c 00 0a 8a 00
INFO - 29 1d 88 3c 00 0a a5 00
INFO - 29 1f c8 3c 00 0a ac 00
INFO - 29 20 08 3c 00 0a 8e 00
INFO - 29 23 48 3c 00 0a ba 00
INFO - 29 25 88 3c 00 0a b1 00
INFO - 29 27 c8 3c 00 0a a5 00
INFO - 29 2a 08 3c 00 0a bd 00
INFO - 29 2b 48 3c 00 0a 95 00
INFO - 29 2d 88 3c 00 0a 71 00
INFO - 29 32 c8 3c 00 0b 2b 00
INFO - 29 34 08 3c 00 0a 8d 00
INFO - 29 36 48 3c 00 0a a6 00
INFO - 29 37 88 3c 00 0a 85 00
INFO - 29 39 c8 3c 00 0a a3 00
INFO - 29 3a 08 3c 00 0a 87 00
INFO - 29 3c 48 3c 00 0a 9e 00
INFO - 29 3e 88 3c 00 0a 87 00
INFO - 29 40 c8 3c 00 0a a6 00
INFO - 29 42 08 3c 00 0a b4 00
INFO - 29 44 48 3c 00 0a 9d 00
INFO - 29 47 88 3c 00 0a cb 00
INFO - 29 49 c8 3c 00 0a aa 00
INFO - 29 4b 08 3c 00 0a b5 00
INFO - 29 4e 48 3c 00 0a bf 00
INFO - 29 51 88 3c 00 0a da 00
INFO - 29 54 c8 3c 00 0a c3 00
INFO - 29 55 08 3c 00 0a 8b 00
INFO - 29 57 48 3c 00 0a a4 00
INFO - 29 59 88 3c 00 0a a2 00
INFO - 29 5c c8 3c 00 0a db 00
INFO - 29 5f 08 3c 00 0a dd 00
INFO - 29 61 48 3c 00 0a a7 00
INFO - 29 63 88 3c 00 0a 84 00
INFO - 29 65 c8 3c 00 0a ba 00
INFO - 29 67 08 3c 00 0a a8 00
INFO - 29 6a 48 3c 00 0a bc 00
INFO - 29 6d 88 3c 00 0a cb 00
INFO - 29 6f c8 3c 00 0a a5 00
INFO - 29 71 08 3c 00 0a c0 00
INFO - 29 73 48 3c 00 0a a6 00
INFO - 29 76 88 3c 00 0a d7 00
INFO - 29 78 c8 3c 00 0a 9c 00
INFO - 29 7b 08 3c 00 0a c2 00
INFO - 29 7d 48 3c 00 0a bf 00
INFO - 29 80 88 3c 00 0a b5 00
INFO - 29 81 c8 3c 00 0a 91 00
INFO - 29 84 08 3c 00 0a a9 00
INFO - 29 86 48 3c 00 0a b5 00
INFO - 29 89 88 3c 00 0a f0 00
INFO - 29 8c c8 3c 00 0a cd 00
INFO - 29 8e 08 3c 00 0a a9 00
INFO - 29 90 48 3c 00 0a 92 00
INFO - 29 93 88 3c 00 0a c1 00
INFO - 29 95 c8 3c 00 0a a9 00
INFO - 29 97 08 3c 00 0a a9 00
INFO - 29 9a 48 3c 00 0a 98 00
INFO - 29 9d 88 3c 00 0a cc 00
INFO - 29 9f c8 3c 00 0a 91 00
INFO - 29 a1 08 3c 00 0a c0 00
INFO - 29 a4 48 3c 00 0a c0 00
INFO - 29 a7 88 3c 00 0a cb 00
INFO - 29 a9 c8 3c 00 0a 9d 00
INFO - 29 ab 08 3c 00 0a cb 00
INFO - 29 ad 48 3c 00 0a 9d 00
INFO - 29 b0 88 3c 00 0a ca 00
INFO - 29 b2 c8 3c 00 0a b4 00
INFO - 29 b5 08 3c 00 0a ca 00
INFO - 29 b8 48 3c 00 0a b3 00
INFO - 29 ba 88 3c 00 0a bf 00
INFO - 29 bd c8 3c 00 0a bf 00
INFO - 29 bf 08 3c 00 0a b2 00
INFO - 29 c1 48 3c 00 0a a7 00
INFO - 29 c4 88 3c 00 0a d4 00
INFO - 29 c7 c8 3c 00 0a c9 00
INFO - 29 c9 08 3c 00 0a 9b 00
INFO - 29 cb 48 3c 00 0a bd 00
INFO - 29 ce 88 3c 00 0a be 00
INFO - 29 d0 c8 3c 00 0a bb 00
INFO - 29 d2 08 3c 00 0a b1 00
INFO - 29 d5 48 3c 00 0a bd 00
INFO - 29 d8 88 3c 00 0a bc 00
INFO - 29 d9 c8 3c 00 0a 9a 00
INFO - 29 dc 08 3c 00 0a b1 00
INFO - 29 de 48 3c 00 0a a6 00
INFO - 29 e0 88 3c 00 0a bb 00
INFO - 29 e2 c8 3c 00 0a a5 00
INFO - 29 e5 08 3c 00 0a b2 00
INFO - 29 e7 48 3c 00 0a af 00
INFO - 29 e8 88 3c 00 0a 84 00
INFO - 29 eb c8 3c 00 0a c7 00
INFO - 29 ed 08 3c 00 0a a7 00
INFO - 29 f0 48 3c 00 0a d2 00
INFO - 29 f3 88 3c 00 0a c8 00
INFO - 29 f5 c8 3c 00 0a 73 00
INFO - 29 f7 08 3c 00 0a c9 00
INFO - 29 f9 48 3c 00 0a 8f 00
INFO - 29 fb 88 3c 00 0a a4 00
INFO - 29 fe c8 3c 00 0a cb 00
INFO - 2a 00 08 3c 00 0a a4 00
INFO - 2a 03 48 3c 00 0a d5 00
INFO - 2a 05 88 3c 00 0a 9d 00
INFO - 2a 07 c8 3c 00 0a a5 00
INFO - 2a 0a 08 3c 00 0a ee 00
INFO - 2a 0c 48 3c 00 0a 9c 00
INFO - 2a 0e 88 3c 00 0a a5 00
INFO - 2a 11 c8 3c 00 0a b6 00
INFO - 2a 12 08 3c 00 0a 9a 00
INFO - 2a 15 48 3c 00 0a b5 00
INFO - 2a 17 88 3c 00 0a 9a 00
INFO - 2a 19 c8 3c 00 0a c1 00
INFO - 2a 1b 08 3c 00 0a b4 00
INFO - 2a 1e 48 3c 00 0a a6 00
INFO - 2a 20 88 3c 00 0a ab 00
INFO - 2a 22 c8 3c 00 0a cb 00
INFO - 2a 25 08 3c 00 0a a7 00
INFO - 2a 27 48 3c 00 0a c3 00
INFO - 2a 29 88 3c 00 0a 84 00
INFO - 2a 2c c8 3c 00 0a fe 00
INFO - 2a 2f 08 3c 00 0a b2 00
INFO - 2a 33 48 3c 00 0b 0b 00
INFO - 2a 36 88 3c 00 0a ce 00
INFO - 2a 38 c8 3c 00 0a cd 00
INFO - 2a 3b 08 3c 00 0a c0 00
INFO - 2a 3d 48 3c 00 0a ac 00
INFO - 2a 40 88 3c 00 0a bf 00
INFO - 2a 43 c8 3c 00 0a f5 00
INFO - 2a 46 08 3c 00 0a d6 00
INFO - 2a 49 48 3c 00 0a b9 00
INFO - 2a 4a 88 3c 00 0a 92 00
INFO - 2a 4d c8 3c 00 0a aa 00
INFO - 2a 4e 08 3c 00 0a 92 00
INFO - 2a 50 48 3c 00 0a 9e 00
INFO - 2a 52 88 3c 00 0a a6 00
INFO - 2a 54 c8 3c 00 0a a2 00
INFO - 2a 56 08 3c 00 0a 9d 00
INFO - 2a 58 48 3c 00 0a 9d 00
INFO - 2a 5a 88 3c 00 0a 9d 00
INFO - 2a 5c c8 3c 00 0a b4 00
INFO - 2a 5e 08 3c 00 0a 91 00
INFO - 2a 65 48 3c 00 0b 9c 00
INFO - 2a 66 88 3c 00 0a 98 00
INFO - 2a 69 c8 3c 00 0a 7c 00
INFO - 2a 6b 08 3c 00 0a a7 00
INFO - 2a 6e 48 3c 00 0a ed 00
INFO - 2a 70 88 3c 00 0a 91 00
INFO - 2a 72 c8 3c 00 0a a7 00
INFO - 2a 75 08 3c 00 0a d6 00
INFO - 2a 77 48 3c 00 0a aa 00
INFO - 2a 7a 88 3c 00 0a d3 00
INFO - 2a 7d c8 3c 00 0a b4 00
INFO - 2a 7f 08 3c 00 0a b4 00
INFO - 2a 81 48 3c 00 0a b4 00
INFO - 2a 84 88 3c 00 0a bf 00
INFO - 2a 86 c8 3c 00 0a b4 00
INFO - 2a 89 08 3c 00 0a cb 00
INFO - 2a 8c 48 3c 00 0a d6 00
INFO - 2a 8e 88 3c 00 0a b4 00
INFO - 2a 90 c8 3c 00 0a 9c 00
INFO - 2a 93 08 3c 00 0a cb 00
INFO - 2a 95 48 3c 00 0a b3 00
INFO - 2a 98 88 3c 00 0a d6 00
INFO - 2a 9a c8 3c 00 0a a7 00
INFO - 2a 9d 08 3c 00 0a b5 00
INFO - 2a 9f 48 3c 00 0a a4 00
INFO - 2a a1 88 3c 00 0a a7 00
INFO - 2a a3 c8 3c 00 0a a7 00
INFO - 2a a5 08 3c 00 0a be 00
INFO - 2a a7 48 3c 00 0a 90 00
INFO - 2a a9 88 3c 00 0a b4 00
INFO - 2a ab c8 3c 00 0a 9a 00
INFO - 2a ae 08 3c 00 0a bb 00
INFO - 2a b0 48 3c 00 0a bc 00
INFO - 2a b3 88 3c 00 0a c9 00
INFO - 2a b5 c8 3c 00 0a a3 00
INFO - 2a b7 08 3c 00 0a a7 00
INFO - 2a b9 48 3c 00 0a b9 00
INFO - 2a bc 88 3c 00 0a b2 00
INFO - 2a bd c8 3c 00 0a 97 00
INFO - 2a c0 08 3c 00 0a c7 00
INFO - 2a c2 48 3c 00 0a 97 00
INFO - 2a c4 88 3c 00 0a b0 00
INFO - 2a c6 c8 3c 00 0a 96 00
INFO - 2a c8 08 3c 00 0a b0 00
INFO - 2a cb 48 3c 00 0a b7 00
INFO - 2a cd 88 3c 00 0a b0 00
INFO - 2a cf c8 3c 00 0a 96 00
INFO - 2a d1 08 3c 00 0a ba 00
INFO - 2a d3 48 3c 00 0a b6 00
INFO - 2a d6 88 3c 00 0a ad 00
INFO - 2a d8 c8 3c 00 0a a4 00
INFO - 2a da 08 3c 00 0a ab 00
INFO - 2a dc 48 3c 00 0a a3 00
INFO - 2a de 88 3c 00 0a a2 00
INFO - 2a e0 c8 3c 00 0a 80 00
INFO - 2a e2 08 3c 00 0a 8e 00
INFO - 2a e5 48 3c 00 0a d7 00
INFO - 2a e7 88 3c 00 0a c0 00
INFO - 2a ea c8 3c 00 0a c4 00
INFO - 2a ec 08 3c 00 0a 96 00
INFO - 2a ef 48 3c 00 0a d6 00
INFO - 2a f2 88 3c 00 0a cd 00
INFO - 2a f4 c8 3c 00 0a c4 00
INFO - 2a f6 08 3c 00 0a 97 00
INFO - 2a f8 48 3c 00 0a 97 00
INFO - 2a fa 88 3c 00 0a a2 00
INFO - 2a fc c8 3c 00 0a ac 00
INFO - 2a fe 08 3c 00 0a b0 00
INFO - 2b 00 48 3c 00 0a 98 00
INFO - 2b 03 88 3c 00 0a c4 00
INFO - 2b 04 c8 3c 00 0a 98 00
INFO - 2b 07 08 3c 00 0a b9 00
INFO - 2b 09 48 3c 00 0a 98 00
INFO - 2b 0b 88 3c 00 0a b8 00
INFO - 2b 0d c8 3c 00 0a 8f 00
INFO - 2b 0f 08 3c 00 0a c4 00
INFO - 2b 11 48 3c 00 0a 98 00
INFO - 2b 13 88 3c 00 0a 98 00
INFO - 2b 16 c8 3c 00 0a c5 00
INFO - 2b 18 08 3c 00 0a ba 00
INFO - 2b 1a 48 3c 00 0a b9 00
INFO - 2b 1f 88 3c 00 0b 1d 00
INFO - 2b 21 c8 3c 00 0a 98 00
INFO - 2b 23 08 3c 00 0a c4 00
INFO - 2b 25 48 3c 00 0a a3 00
INFO - 2b 27 88 3c 00 0a a3 00
INFO - 2b 2a c8 3c 00 0a ce 00
INFO - 2b 2c 08 3c 00 0a ad 00
INFO - 2b 2f 48 3c 00 0a c3 00
INFO - 2b 31 88 3c 00 0a b8 00
INFO - 2b 34 c8 3c 00 0a af 00
INFO - 2b 35 08 3c 00 0a 97 00
INFO - 2b 38 48 3c 00 0a d7 00
INFO - 2b 3a 88 3c 00 0a a2 00
INFO - 2b 3d c8 3c 00 0a b8 00
INFO - 2b 3f 08 3c 00 0a b7 00
INFO - 2b 41 48 3c 00 0a a1 00
INFO - 2b 43 88 3c 00 0a a1 00
INFO - 2b 46 c8 3c 00 0a c1 00
INFO - 2b 48 08 3c 00 0a b6 00
INFO - 2b 4a 48 3c 00 0a 6c 00
INFO - 2b 4c 88 3c 00 0a be 00
INFO - 2b 4e c8 3c 00 0a a0 00
INFO - 2b 51 08 3c 00 0a b5 00
INFO - 2b 53 48 3c 00 0a aa 00
INFO - 2b 55 88 3c 00 0a b6 00
INFO - 2b 57 c8 3c 00 0a b3 00
INFO - 2b 5a 08 3c 00 0a ab 00
INFO - 2b 5c 48 3c 00 0a a8 00
INFO - 2b 5e 88 3c 00 0a a0 00
INFO - 2b 5f c8 3c 00 0a 8a 00
INFO - 2b 61 08 3c 00 0a 9f 00
INFO - 2b 63 48 3c 00 0a 96 00
INFO - 2b 65 88 3c 00 0a b3 00
INFO - 2b 67 c8 3c 00 0a aa 00
INFO - 2b 69 08 3c 00 0a a0 00
INFO - 2b 6c 48 3c 00 0a b3 00
INFO - 2b 6d 88 3c 00 0a a0 00
INFO - 2b 70 c8 3c 00 0a be 00
INFO - 2b 72 08 3c 00 0a 8a 00
INFO - 2b 74 48 3c 00 0a aa 00
INFO - 2b 76 88 3c 00 0a b6 00
INFO - 2b 78 c8 3c 00 0a 93 00
INFO - 2b 79 08 3c 00 0a 95 00
INFO - 2b 7b 48 3c 00 0a 9f 00
INFO - 2b 7d 88 3c 00 0a a0 00
INFO - 2b 80 c8 3c 00 0a bf 00
INFO - 2b 82 08 3c 00 0a 9d 00
INFO - 2b 84 48 3c 00 0a c1 00
INFO - 2b 86 88 3c 00 0a 93 00
INFO - 2b 8d c8 3c 00 0b b2 00
INFO - 2b 90 08 3c 00 0a a8 00
INFO - 2b 92 48 3c 00 0a a9 00
INFO - 2b 94 88 3c 00 0a ac 00
INFO - 2b 97 c8 3c 00 0a db 00
INFO - 2b 99 08 3c 00 0a ab 00
INFO - 2b 9b 48 3c 00 0a 95 00
INFO - 2b 9d 88 3c 00 0a a7 00
INFO - 2b 9f c8 3c 00 0a b5 00
INFO - 2b a2 08 3c 00 0a bc 00
INFO - 2b a3 48 3c 00 0a 93 00
INFO - 2b a5 88 3c 00 0a a1 00
INFO - 2b a7 c8 3c 00 0a 6a 00
INFO - 2b a8 08 3c 00 0a 89 00
INFO - 2b ab 48 3c 00 0a c7 00
INFO - 2b ad 88 3c 00 0a 95 00
INFO - 2b af c8 3c 00 0a a9 00
INFO - 2b b0 08 3c 00 0a 87 00
INFO - 2b b2 48 3c 00 0a a0 00
INFO - 2b b5 88 3c 00 0a b3 00
INFO - 2b b6 c8 3c 00 0a 91 00
INFO - 2b b9 08 3c 00 0a bf 00
INFO - 2b bb 48 3c 00 0a bd 00
INFO - 2b bd 88 3c 00 0a 9d 00
INFO - 2b c0 c8 3c 00 0a b0 00
INFO - 2b c1 08 3c 00 0a 95 00
INFO - 2b c4 48 3c 00 0a b2 00
INFO - 2b c7 88 3c 00 0a e5 00
INFO - 2b c8 c8 3c 00 0a 88 00
INFO - 2b ca 08 3c 00 0a 93 00
INFO - 2b cc 48 3c 00 0a 9b 00
INFO - 2b cd 88 3c 00 0a 92 00
INFO - 2b d0 c8 3c 00 0a b3 00
INFO - 2b d1 08 3c 00 0a 92 00
INFO - 2b d3 48 3c 00 0a a5 00
INFO - 2b d6 88 3c 00 0a aa 00
INFO - 2b d7 c8 3c 00 0a 9d 00
INFO - 2b da 08 3c 00 0a a8 00
INFO - 2b db 48 3c 00 0a 93 00
INFO - 2b dd 88 3c 00 0a 9c 00
INFO - 2b e0 c8 3c 00 0a d4 00
INFO - 2b e2 08 3c 00 0a a8 00
INFO - 2b e5 48 3c 00 0a bd 00
INFO - 2b e7 88 3c 00 0a a8 00
INFO - 2b ea c8 3c 00 0a c8 00
INFO - 2b ec 08 3c 00 0a c8 00
INFO - 2b ef 48 3c 00 0a c8 00
INFO - 2b f2 88 3c 00 0a ca 00
INFO - 2b f4 c8 3c 00 0a a1 00
INFO - 2b f6 08 3c 00 0a 79 00
INFO - 2b f8 48 3c 00 0a aa 00
INFO - 2b fa 88 3c 00 0a 96 00
INFO - 2b fc c8 3c 00 0a ab 00
INFO - 2c 00 08 3c 00 0a ec 00
INFO - 2c 01 48 3c 00 0a 96 00
INFO - 2c 04 88 3c 00 0a cf 00
INFO - 2c 06 c8 3c 00 0a b4 00
INFO - 2c 08 08 3c 00 0a 8c 00
INFO - 2c 0a 48 3c 00 0a ac 00
INFO - 2c 0c 88 3c 00 0a a2 00
INFO - 2c 0e c8 3c 00 0a 96 00
INFO - 2c 10 08 3c 00 0a 9a 00
INFO - 2c 12 48 3c 00 0a a2 00
INFO - 2c 15 88 3c 00 0a ec 00
INFO - 2c 18 c8 3c 00 0a b8 00
INFO - 2c 1a 08 3c 00 0a ae 00
INFO - 2c 1c 48 3c 00 0a 98 00
INFO - 2c 1e 88 3c 00 0a a4 00
INFO - 2c 20 c8 3c 00 0a b9 00
INFO - 2c 22 08 3c 00 0a a6 00
INFO - 2c 24 48 3c 00 0a 96 00
INFO - 2c 26 88 3c 00 0a bb 00
INFO - 2c 28 c8 3c 00 0a 99 00
INFO - 2c 2c 08 3c 00 0a ea 00
INFO - 2c 2e 48 3c 00 0a ba 00
INFO - 2c 31 88 3c 00 0a d6 00
INFO - 2c 33 c8 3c 00 0a b8 00
INFO - 2c 35 08 3c 00 0a 9c 00
INFO - 2c 37 48 3c 00 0a 8c 00
INFO - 2c 3a 88 3c 00 0a cb 00
INFO - 2c 3c c8 3c 00 0a bd 00
INFO - 2c 3e 08 3c 00 0a af 00
INFO - 2c 42 48 3c 00 0a e3 00
INFO - 2c 44 88 3c 00 0a a5 00
INFO - 2c 47 c8 3c 00 0a ee 00
INFO - 2c 4a 08 3c 00 0a ca 00
INFO - 2c 4c 48 3c 00 0a 91 00
INFO - 2c 4e 88 3c 00 0a a6 00
INFO - 2c 50 c8 3c 00 0a 75 00
INFO - 2c 52 08 3c 00 0a 9d 00
INFO - 2c 53 48 3c 00 0a 9d 00
INFO - 2c 57 88 3c 00 0a d7 00
INFO - 2c 5a c8 3c 00 0a e3 00
INFO - 2c 5c 08 3c 00 0a b5 00
INFO - 2c 5f 48 3c 00 0a b6 00
INFO - 2c 61 88 3c 00 0a cd 00
INFO - 2c 63 c8 3c 00 0a 8f 00
INFO - 2c 65 08 3c 00 0a b8 00
INFO - 2c 68 48 3c 00 0a d9 00
INFO - 2c 6b 88 3c 00 0a c0 00
INFO - 2c 6d c8 3c 00 0a 95 00
INFO - 2c 6f 08 3c 00 0a 9e 00
INFO - 2c 72 48 3c 00 0a cf 00
INFO - 2c 74 88 3c 00 0a ab 00
INFO - 2c 76 c8 3c 00 0a c1 00
INFO - 2c 79 08 3c 00 0a b9 00
INFO - 2c 7b 48 3c 00 0a b8 00
INFO - 2c 7d 88 3c 00 0a 94 00
INFO - 2c 7f c8 3c 00 0a b7 00
INFO - 2c 81 08 3c 00 0a 93 00
INFO - 2c 84 48 3c 00 0a cf 00
INFO - 2c 85 88 3c 00 0a 94 00
INFO - 2c 89 c8 3c 00 0a e7 00
INFO - 2c 8b 08 3c 00 0a b7 00
INFO - 2c 8e 48 3c 00 0a b6 00
INFO - 2c 90 88 3c 00 0a ac 00
INFO - 2c 92 c8 3c 00 0a ab 00
INFO - 2c 94 08 3c 00 0a ab 00
INFO - 2c 96 48 3c 00 0a aa 00
INFO - 2c 98 88 3c 00 0a ac 00
INFO - 2c 9b c8 3c 00 0a cc 00
INFO - 2c 9d 08 3c 00 0a 93 00
INFO - 2c a0 48 3c 00 0a e5 00
INFO - 2c a2 88 3c 00 0a ab 00
INFO - 2c a4 c8 3c 00 0a aa 00
INFO - 2c a7 08 3c 00 0a b5 00
INFO - 2c a9 48 3c 00 0a c3 00
INFO - 2c ac 88 3c 00 0a a8 00
INFO - 2c af c8 3c 00 0a d9 00
INFO - 2c b1 08 3c 00 0a aa 00
INFO - 2c b3 48 3c 00 0a 9d 00
INFO - 2c b9 88 3c 00 0b 94 00
INFO - 2c bb c8 3c 00 0a 9c 00
INFO - 2c bd 08 3c 00 0a a8 00
INFO - 2c c0 48 3c 00 0a c0 00
INFO - 2c c2 88 3c 00 0a a8 00
INFO - 2c c4 c8 3c 00 0a a8 00
INFO - 2c c7 08 3c 00 0a d9 00
INFO - 2c c9 48 3c 00 0a a6 00
INFO - 2c cc 88 3c 00 0a cc 00
INFO - 2c cf c8 3c 00 0a 8a 00
INFO - 2c d2 08 3c 00 0a c9 00
INFO - 2c d5 48 3c 00 0a d5 00
INFO - 2c d8 88 3c 00 0a cc 00
INFO - 2c da c8 3c 00 0a b0 00
INFO - 2c dc 08 3c 00 0a 90 00
INFO - 2c de 48 3c 00 0a be 00
INFO - 2c e1 88 3c 00 0a e4 00
INFO - 2c e4 c8 3c 00 0a ba 00
INFO - 2c e7 08 3c 00 0a ce 00
INFO - 2c e8 48 3c 00 0a 97 00
INFO - 2c eb 88 3c 00 0a b7 00
INFO - 2c ed c8 3c 00 0a b9 00
INFO - 2c f0 08 3c 00 0a b8 00
INFO - 2c f1 48 3c 00 0a 97 00
INFO - 2c f3 88 3c 00 0a 9c 00
INFO - 2c f5 c8 3c 00 0a 95 00
INFO - 2c f7 08 3c 00 0a ae 00
INFO - 2c fa 48 3c 00 0a c4 00
INFO - 2c fc 88 3c 00 0a a7 00
INFO - 2d 00 c8 3c 00 0a ee 00
INFO - 2d 01 08 3c 00 0a a2 00
INFO - 2d 04 48 3c 00 0a b3 00
INFO - 2d 06 88 3c 00 0a af 00
INFO - 2d 08 c8 3c 00 0a 9d 00
INFO - 2d 0a 08 3c 00 0a bf 00
INFO - 2d 0d 48 3c 00 0a b3 00
INFO - 2d 0f 88 3c 00 0a 9d 00
INFO - 2d 10 c8 3c 00 0a 95 00
INFO - 2d 12 08 3c 00 0a a4 00
INFO - 2d 15 48 3c 00 0a c0 00
INFO - 2d 17 88 3c 00 0a b7 00
INFO - 2d 1b c8 3c 00 0a e0 00
INFO - 2d 1d 08 3c 00 0a a8 00
INFO - 2d 1f 48 3c 00 0a ad 00
INFO - 2d 21 88 3c 00 0a a5 00
INFO - 2d 23 c8 3c 00 0a 9d 00
INFO - 2d 26 08 3c 00 0a cb 00
INFO - 2d 28 48 3c 00 0a bf 00
INFO - 2d 2a 88 3c 00 0a 8b 00
INFO - 2d 2c c8 3c 00 0a c9 00
INFO - 2d 2f 08 3c 00 0a 7a 00
INFO - 2d 31 48 3c 00 0a b8 00
INFO - 2d 34 88 3c 00 0a c8 00
INFO - 2d 37 c8 3c 00 0a e4 00
INFO - 2d 3a 08 3c 00 0a b5 00
INFO - 2d 3c 48 3c 00 0a b5 00
INFO - 2d 3e 88 3c 00 0a 91 00
INFO - 2d 40 c8 3c 00 0a c2 00
INFO - 2d 42 08 3c 00 0a 9e 00
INFO - 2d 45 48 3c 00 0a d8 00
INFO - 2d 48 88 3c 00 0a b5 00
INFO - 2d 4a c8 3c 00 0a c0 00
INFO - 2d 4d 08 3c 00 0a e5 00
INFO - 2d 50 48 3c 00 0a cd 00
INFO - 2d 53 88 3c 00 0a c0 00
INFO - 2d 55 c8 3c 00 0a c2 00
INFO - 2d 58 08 3c 00 0a c1 00
INFO - 2d 5b 48 3c 00 0a cc 00
INFO - 2d 5e 88 3c 00 0a da 00
INFO - 2d 61 c8 3c 00 0a be 00
INFO - 2d 63 08 3c 00 0a a1 00
INFO - 2d 66 48 3c 00 0a da 00
INFO - 2d 68 88 3c 00 0a 9e 00
INFO - 2d 6a c8 3c 00 0a c2 00
INFO - 2d 6c 08 3c 00 0a 9e 00
INFO - 2d 6f 48 3c 00 0a c0 00
INFO - 2d 71 88 3c 00 0a b6 00
INFO - 2d 74 c8 3c 00 0a d4 00
INFO - 2d 76 08 3c 00 0a 96 00
INFO - 2d 78 48 3c 00 0a c0 00
INFO - 2d 7b 88 3c 00 0a d4 00
INFO - 2d 7e c8 3c 00 0a b8 00
INFO - 2d 80 08 3c 00 0a aa 00
INFO - 2d 82 48 3c 00 0a b7 00
INFO - 2d 84 88 3c 00 0a a5 00
INFO - 2d 87 c8 3c 00 0a b0 00
INFO - 2d 88 08 3c 00 0a 6b 00
INFO - 2d 8c 48 3c 00 0a ed 00
INFO - 2d 8e 88 3c 00 0a a4 00
INFO - 2d 90 c8 3c 00 0a bf 00
INFO - 2d 92 08 3c 00 0a 9c 00
INFO - 2d 94 48 3c 00 0a ab 00
INFO - 2d 97 88 3c 00 0a ba 00
INFO - 2d 99 c8 3c 00 0a c2 00
INFO - 2d 9c 08 3c 00 0a b9 00
INFO - 2d 9e 48 3c 00 0a 9f 00
INFO - 2d a1 88 3c 00 0a da 00
INFO - 2d a3 c8 3c 00 0a 93 00
INFO - 2d a6 08 3c 00 0a e5 00
INFO - 2d a8 48 3c 00 0a a9 00
INFO - 2d ab 88 3c 00 0a dd 00
INFO - 2d ad c8 3c 00 0a ac 00
INFO - 2d af 08 3c 00 0a a7 00
INFO - 2d b2 48 3c 00 0a b6 00
INFO - 2d b4 88 3c 00 0a ae 00
INFO - 2d b6 c8 3c 00 0a 9b 00
INFO - 2d b9 08 3c 00 0a e5 00
INFO - 2d bb 48 3c 00 0a 9f 00
INFO - 2d be 88 3c 00 0a bb 00
INFO - 2d c0 c8 3c 00 0a ca 00
INFO - 2d c2 08 3c 00 0a 97 00
INFO - 2d c5 48 3c 00 0a b7 00
INFO - 2d c7 88 3c 00 0a c1 00
INFO - 2d c9 c8 3c 00 0a 98 00
INFO - 2d cb 08 3c 00 0a 93 00
INFO - 2d cc 48 3c 00 0a 8a 00
INFO - 2d cf 88 3c 00 0a bf 00
INFO - 2d d0 c8 3c 00 0a 97 00
INFO - 2d d3 08 3c 00 0a 79 00
INFO - 2d d4 48 3c 00 0a 94 00
INFO - 2d d7 88 3c 00 0a bd 00
INFO - 2d d9 c8 3c 00 0a a8 00
INFO - 2d db 08 3c 00 0a a8 00
INFO - 2d de 48 3c 00 0a bf 00
INFO - 2d e0 88 3c 00 0a c3 00
INFO - 2d e2 c8 3c 00 0a 9d 00
INFO - 2d e4 08 3c 00 0a b1 00
INFO - 2d e7 48 3c 00 0a b0 00
INFO - 2d e8 88 3c 00 0a 88 00
INFO - 2d ec c8 3c 00 0a ee 00
INFO - 2d ee 08 3c 00 0a c4 00
INFO - 2d f0 48 3c 00 0a a6 00
INFO - 2d f2 88 3c 00 0a 9c 00
INFO - 2d f4 c8 3c 00 0a 87 00
INFO - 2d f6 08 3c 00 0a ba 00
INFO - 2d f9 48 3c 00 0a b9 00
INFO - 2d fa 88 3c 00 0a 9b 00
INFO - 2d fd c8 3c 00 0a c3 00
INFO - 2d ff 08 3c 00 0a a4 00
INFO - 2e 01 48 3c 00 0a 91 00
INFO - 2e 03 88 3c 00 0a a4 00
INFO - 2e 05 c8 3c 00 0a a4 00
INFO - 2e 06 08 3c 00 0a 90 00
INFO - 2e 09 48 3c 00 0a c2 00
INFO - 2e 0b 88 3c 00 0a a4 00
INFO - 2e 0d c8 3c 00 0a a4 00
INFO - 2e 0f 08 3c 00 0a 91 00
INFO - 2e 11 48 3c 00 0a b8 00
INFO - 2e 14 88 3c 00 0a cc 00
INFO - 2e 16 c8 3c 00 0a 6d 00
INFO - 2e 18 08 3c 00 0a ab 00
INFO - 2e 19 48 3c 00 0a 87 00
INFO - 2e 1c 88 3c 00 0a ad 00
INFO - 2e 1e c8 3c 00 0a a3 00
INFO - 2e 20 08 3c 00 0a cb 00
INFO - 2e 22 48 3c 00 0a 99 00
INFO - 2e 25 88 3c 00 0a d5 00
INFO - 2e 28 c8 3c 00 0a d3 00
INFO - 2e 2a 08 3c 00 0a 92 00
INFO - 2e 2d 48 3c 00 0a d4 00
INFO - 2e 2f 88 3c 00 0a a1 00
INFO - 2e 31 c8 3c 00 0a b9 00
INFO - 2e 33 08 3c 00 0a a3 00
INFO - 2e 35 48 3c 00 0a ac 00
INFO - 2e 38 88 3c 00 0a c8 00
INFO - 2e 3a c8 3c 00 0a 9b 00
INFO - 2e 3c 08 3c 00 0a 98 00
INFO - 2e 3d 48 3c 00 0a a0 00
INFO - 2e 3f 88 3c 00 0a 91 00
INFO - 2e 41 c8 3c 00 0a a9 00
INFO - 2e 43 08 3c 00 0a 9b 00
INFO - 2e 45 48 3c 00 0a 8f 00
INFO - 2e 46 88 3c 00 0a 8e 00
INFO - 2e 48 c8 3c 00 0a a9 00
INFO - 2e 4a 08 3c 00 0a 87 00
INFO - 2e 4b 48 3c 00 0a 95 00
INFO - 2e 4d 88 3c 00 0a 9a 00
INFO - 2e 4f c8 3c 00 0a a2 00
INFO - 2e 51 08 3c 00 0a 9f 00
INFO - 2e 53 48 3c 00 0a ad 00
INFO - 2e 55 88 3c 00 0a 8b 00
INFO - 2e 57 c8 3c 00 0a ad 00
INFO - 2e 5a 08 3c 00 0a bc 00
INFO - 2e 5c 48 3c 00 0a a4 00
INFO - 2e 5d 88 3c 00 0a 9e 00
INFO - 2e 60 c8 3c 00 0a ad 00
INFO - 2e 62 08 3c 00 0a 9e 00
INFO - 2e 64 48 3c 00 0a b7 00
INFO - 2e 66 88 3c 00 0a 9e 00
INFO - 2e 68 c8 3c 00 0a 9a 00
INFO - 2e 69 08 3c 00 0a 9e 00
INFO - 2e 6b 48 3c 00 0a 97 00
INFO - 2e 6d 88 3c 00 0a 86 00
INFO - 2e 6f c8 3c 00 0a ba 00
INFO - 2e 71 08 3c 00 0a 8f 00
INFO - 2e 73 48 3c 00 0a 9e 00
INFO - 2e 74 88 3c 00 0a 8d 00
INFO - 2e 76 c8 3c 00 0a a0 00
INFO - 2e 78 08 3c 00 0a 8d 00
INFO - 2e 7a 48 3c 00 0a ab 00
INFO - 2e 7c 88 3c 00 0a a7 00
INFO - 2e 7d c8 3c 00 0a 79 00
INFO - 2e 7f 08 3c 00 0a a2 00
INFO - 2e 82 48 3c 00 0a c3 00
INFO - 2e 84 88 3c 00 0a b2 00
INFO - 2e 87 c8 3c 00 0a cf 00
INFO - 2e 89 08 3c 00 0a 9f 00
INFO - 2e 8b 48 3c 00 0a a9 00
INFO - 2e 8c 88 3c 00 0a 83 00
INFO - 2e 8e c8 3c 00 0a 96 00
INFO - 2e 90 08 3c 00 0a ab 00
INFO - 2e 92 48 3c 00 0a af 00
INFO - 2e 94 88 3c 00 0a 8c 00
INFO - 2e 95 c8 3c 00 0a 8a 00
INFO - 2e 97 08 3c 00 0a 97 00
INFO - 2e 99 48 3c 00 0a aa 00
INFO - 2e 9c 88 3c 00 0a af 00
INFO - 2e 9e c8 3c 00 0a b1 00
INFO - 2e 9f 08 3c 00 0a 78 00
INFO - 2e a1 48 3c 00 0a b0 00
INFO - 2e a3 88 3c 00 0a 94 00
INFO - 2e a4 c8 3c 00 0a 8a 00
INFO - 2e a6 08 3c 00 0a 8d 00
INFO - 2e a8 48 3c 00 0a c0 00
INFO - 2e ab 88 3c 00 0a af 00
INFO - 2e ad c8 3c 00 0a 9c 00
INFO - 2e ae 08 3c 00 0a 8a 00
INFO - 2e b0 48 3c 00 0a 9c 00
INFO - 2e b2 88 3c 00 0a ae 00
INFO - 2e b4 c8 3c 00 0a 89 00
INFO - 2e b6 08 3c 00 0a a5 00
INFO - 2e b8 48 3c 00 0a a5 00
INFO - 2e b9 88 3c 00 0a 89 00
INFO - 2e bb c8 3c 00 0a a4 00
INFO - 2e bd 08 3c 00 0a ad 00
INFO - 2e bf 48 3c 00 0a 92 00
INFO - 2e c1 88 3c 00 0a b6 00
INFO - 2e c3 c8 3c 00 0a 80 00
INFO - 2e c5 08 3c 00 0a a5 00
INFO - 2e c6 48 3c 00 0a 89 00
INFO - 2e c8 88 3c 00 0a 87 00
INFO - 2e c9 c8 3c 00 0a 9d 00
INFO - 2e cb 08 3c 00 0a 89 00
INFO - 2e cd 48 3c 00 0a b7 00
INFO - 2e cf 88 3c 00 0a 81 00
INFO - 2e d0 c8 3c 00 0a 9b 00
INFO - 2e d2 08 3c 00 0a a6 00
INFO - 2e d4 48 3c 00 0a 89 00
INFO - 2e d5 88 3c 00 0a 8a 00
INFO - 2e d7 c8 3c 00 0a 91 00
INFO - 2e d9 08 3c 00 0a 66 00
INFO - 2e da 48 3c 00 0a 81 00
INFO - 2e dc 88 3c 00 0a 93 00
INFO - 2e dd c8 3c 00 0a 94 00
INFO - 2e df 08 3c 00 0a af 00
INFO - 2e e1 48 3c 00 0a 9b 00
INFO - 2e e4 88 3c 00 0a ba 00
INFO - 2e e6 c8 3c 00 0a a6 00
INFO - 2e e8 08 3c 00 0a b8 00
INFO - 2e ea 48 3c 00 0a 83 00
INFO - 2e ec 88 3c 00 0a a7 00
INFO - 2e f0 c8 3c 00 0b 30 00
INFO - 2e f2 08 3c 00 0a 97 00
INFO - 2e f4 48 3c 00 0a 9c 00
INFO - 2e f6 88 3c 00 0a 8d 00
INFO - 2e f7 c8 3c 00 0a 95 00
INFO - 2e f9 08 3c 00 0a 93 00
INFO - 2e fb 48 3c 00 0a 97 00
INFO - 2e fd 88 3c 00 0a b9 00
INFO - 2e ff c8 3c 00 0a 85 00
INFO - 2f 00 08 3c 00 0a 8a 00
INFO - 2f 02 48 3c 00 0a b1 00
INFO - 2f 05 88 3c 00 0a bb 00
INFO - 2f 07 c8 3c 00 0a c2 00
INFO - 2f 09 08 3c 00 0a 8d 00
INFO - 2f 0b 48 3c 00 0a a6 00
INFO - 2f 0d 88 3c 00 0a 8d 00
INFO - 2f 0e c8 3c 00 0a 94 00
INFO - 2f 10 08 3c 00 0a 92 00
INFO - 2f 12 48 3c 00 0a a8 00
INFO - 2f 14 88 3c 00 0a b8 00
INFO - 2f 16 c8 3c 00 0a 7a 00
INFO - 2f 18 08 3c 00 0a b7 00
INFO - 2f 1a 48 3c 00 0a 94 00
INFO - 2f 1c 88 3c 00 0a a7 00
INFO - 2f 1e c8 3c 00 0a 9b 00
INFO - 2f 20 08 3c 00 0a a6 00
INFO - 2f 21 48 3c 00 0a 8b 00
INFO - 2f 23 88 3c 00 0a 92 00
INFO - 2f 24 c8 3c 00 0a 91 00
INFO - 2f 26 08 3c 00 0a 92 00
INFO - 2f 28 48 3c 00 0a 8a 00
INFO - 2f 29 88 3c 00 0a 89 00
INFO - 2f 2b c8 3c 00 0a a3 00
INFO - 2f 2d 08 3c 00 0a ab 00
INFO - 2f 2f 48 3c 00 0a 93 00
INFO - 2f 30 88 3c 00 0a 90 00
INFO - 2f 33 c8 3c 00 0a c6 00
INFO - 2f 35 08 3c 00 0a a2 00
INFO - 2f 37 48 3c 00 0a ab 00
INFO - 2f 39 88 3c 00 0a 99 00
INFO - 2f 3b c8 3c 00 0a aa 00
INFO - 2f 3d 08 3c 00 0a a1 00
INFO - 2f 3e 48 3c 00 0a 7c 00
INFO - 2f 40 88 3c 00 0a a1 00
INFO - 2f 43 c8 3c 00 0a c3 00
INFO - 2f 45 08 3c 00 0a a9 00
INFO - 2f 46 48 3c 00 0a 84 00
INFO - 2f 48 88 3c 00 0a 90 00
INFO - 2f 4a c8 3c 00 0a 9f 00
INFO - 2f 4c 08 3c 00 0a 9f 00
INFO - 2f 4d 48 3c 00 0a 8e 00
INFO - 2f 50 88 3c 00 0a b8 00
INFO - 2f 51 c8 3c 00 0a 8d 00
INFO - 2f 53 08 3c 00 0a 7c 00
INFO - 2f 54 48 3c 00 0a 9d 00
INFO - 2f 56 88 3c 00 0a 81 00
INFO - 2f 58 c8 3c 00 0a b1 00
INFO - 2f 5a 08 3c 00 0a 9d 00
INFO - 2f 5b 48 3c 00 0a 8c 00
INFO - 2f 5d 88 3c 00 0a 83 00
INFO - 2f 5f c8 3c 00 0a 9c 00
INFO - 2f 61 08 3c 00 0a a5 00
INFO - 2f 64 48 3c 00 0a ec 00
INFO - 2f 66 88 3c 00 0a 8a 00
INFO - 2f 67 c8 3c 00 0a 8a 00
INFO - 2f 68 08 3c 00 0a 82 00
INFO - 2f 6a 48 3c 00 0a 79 00
INFO - 2f 6b 88 3c 00 0a 92 00
INFO - 2f 6c c8 3c 00 0a 61 00
INFO - 2f 6e 08 3c 00 0a 9a 00
INFO - 2f 71 48 3c 00 0a c3 00
INFO - 2f 73 88 3c 00 0a 92 00
INFO - 2f 74 c8 3c 00 0a 92 00
INFO - 2f 76 08 3c 00 0a a2 00
INFO - 2f 78 48 3c 00 0a aa 00
INFO - 2f 7a 88 3c 00 0a 91 00
INFO - 2f 7b c8 3c 00 0a 8a 00
INFO - 2f 7d 08 3c 00 0a 91 00
INFO - 2f 7f 48 3c 00 0a 99 00
INFO - 2f 80 88 3c 00 0a 92 00
INFO - 2f 82 c8 3c 00 0a a1 00
INFO - 2f 84 08 3c 00 0a 91 00
INFO - 2f 86 48 3c 00 0a 89 00
INFO - 2f 87 88 3c 00 0a 79 00
INFO - 2f 88 c8 3c 00 0a 89 00
INFO - 2f 89 08 3c 00 0a 78 00
INFO - 2f 8b 48 3c 00 0a 89 00
INFO - 2f 8c 88 3c 00 0a 90 00
INFO - 2f 8e c8 3c 00 0a 88 00
INFO - 2f 8f 08 3c 00 0a 90 00
INFO - 2f 91 48 3c 00 0a 78 00
INFO - 2f 93 88 3c 00 0a b4 00
INFO - 2f 94 c8 3c 00 0a 80 00
INFO - 2f 96 08 3c 00 0a a0 00
INFO - 2f 99 48 3c 00 0a c0 00
