INFO - a0 e1 08 40 57 00 00 02
INFO - a0 e1 48 40 57 00 00 02
INFO - a0 e1 88 40 57 00 00 02
INFO - a0 e1 c8 40 57 00 00 02
INFO - a0 e1 08 40 57 00 00 02
INFO - a1 db 08 40 57 00 00 02
INFO - a1 db 48 40 57 00 00 02
INFO - a1 db 88 40 57 00 00 02
INFO - a1 db c8 40 57 00 00 02
INFO - a2 a8 88 40 57 00 00 02
INFO - a2 a8 c8 40 57 00 00 02
INFO - a2 a8 08 40 57 00 00 02
INFO - a2 a8 48 40 57 00 00 02
INFO - a8 38 c8 40 57 00 00 02
INFO - a8 38 08 40 57 00 00 02
INFO - a8 38 48 40 57 00 00 02
INFO - a8 38 88 40 57 00 00 02
INFO - ae f7 88 40 57 00 00 02
INFO - ae f7 c8 40 57 00 00 02
INFO - ae f7 08 40 57 00 00 02
INFO - ae f7 48 40 57 00 00 02
