INFO - 40 00 48 00 f9 41 00 24
INFO - 40 77 88 00 f9 41 00 24
INFO - 41 12 c8 00 f9 51 00 20
INFO - 41 23 08 00 f9 51 00 20
INFO - 41 34 48 00 f9 41 00 23
INFO - 41 b6 88 00 f9 41 00 23
INFO - 42 4c c8 00 f9 51 00 20
INFO - 42 a3 08 00 f9 41 00 24
INFO - 43 58 48 00 f9 51 00 20
INFO - 43 68 88 00 f9 51 00 20
INFO - 43 77 c8 00 f9 41 00 23
INFO - 43 ef 08 00 f9 41 00 23
INFO - 44 5f 48 00 f9 41 00 23
INFO - 46 49 88 00 f9 41 00 23
INFO - 46 aa c8 00 f9 41 00 23
INFO - 47 0e 08 00 f9 51 00 20
INFO - 47 1e 48 00 f9 51 00 20
INFO - 47 30 88 00 f9 41 00 24
INFO - 47 93 c8 00 f9 51 00 20
INFO - 47 de 08 00 f9 41 00 23
INFO - 48 47 48 00 f9 41 00 23
INFO - 4a 3b 88 00 f9 41 00 23
INFO - 4c 30 c8 00 f9 41 00 23
INFO - 4e 24 08 00 f9 41 00 23
INFO - 4f 1f 48 00 f9 51 00 20
INFO - 4f 62 88 00 f9 59 00 00
INFO - 4f 93 c8 00 f9 49 00 02
