INFO - 40 00 d5 00 f9 41 00 23
INFO - 40 32 15 00 f9 41 00 23
INFO - 40 90 55 00 f9 41 00 23
INFO - 41 1d 95 00 f9 51 00 20
INFO - 41 60 d5 00 f9 51 00 20
INFO - 41 95 15 00 f9 41 00 23
INFO - 42 14 55 00 f9 41 00 23
INFO - 42 84 95 00 f9 41 00 23
INFO - 44 79 d5 00 f9 41 00 23
INFO - 44 cd 15 00 f9 41 00 23
INFO - 45 3a 55 00 f9 51 00 20
INFO - 45 4c 95 00 f9 51 00 20
INFO - 45 60 d5 00 f9 41 00 24
INFO - 46 0f 15 00 f9 51 00 20
INFO - 46 70 55 00 f9 41 00 23
INFO - 46 88 95 00 f9 41 00 23
INFO - 47 03 d5 00 f9 41 00 23
INFO - 47 ca 15 00 f9 41 00 23
INFO - 47 e9 55 00 f9 51 00 20
INFO - 48 0a 95 00 f9 51 00 20
