INFO - 40 00 95 00 f9 41 00 24
INFO - 41 0d d5 00 f9 41 00 24
INFO - 43 06 15 00 f9 41 00 24
INFO - 43 88 55 00 f9 41 00 24
INFO - 44 22 95 00 f9 51 00 20
INFO - 44 34 d5 00 f9 51 00 20
INFO - 44 44 15 00 f9 41 00 23
INFO - 44 c6 55 00 f9 41 00 23
INFO - 45 5d 95 00 f9 51 00 20
INFO - 45 b4 d5 00 f9 41 00 24
INFO - 46 69 15 00 f9 51 00 20
INFO - 46 79 55 00 f9 51 00 20
INFO - 46 87 95 00 f9 41 00 23
INFO - 47 00 d5 00 f9 41 00 23
INFO - 47 70 15 00 f9 41 00 23
INFO - 49 59 55 00 f9 41 00 23
INFO - 49 bb 95 00 f9 41 00 23
INFO - 4a 1e d5 00 f9 51 00 20
INFO - 4a 2e 15 00 f9 51 00 20
INFO - 4a 41 55 00 f9 41 00 24
INFO - 4a a4 95 00 f9 51 00 20
INFO - 4a ee d5 00 f9 41 00 23
INFO - 4b 57 15 00 f9 41 00 23
INFO - 4d 4c 55 00 f9 41 00 23
INFO - 4f 40 95 00 f9 41 00 23
INFO - 51 35 d5 00 f9 41 00 23
INFO - 52 30 15 00 f9 51 00 20
INFO - 52 72 55 00 f9 59 00 00
INFO - 52 a3 95 00 f9 49 00 02
