INFO - 20 00 09 3c 00 0a 40 00
INFO - 20 05 49 3c 00 0b 31 00
INFO - 20 0f 89 3c 00 0a 9f 00
INFO - 20 0f c9 3c 00 0a 9f 00
INFO - 20 11 09 3c 00 0a 6f 00
INFO - 20 14 49 3c 00 0a eb 00
INFO - 20 17 89 3c 00 0a db 00
INFO - 20 17 c9 3c 00 0a db 00
INFO - 20 17 09 3c 00 0a db 00
INFO - 20 1e 49 3c 00 0a b2 00
INFO - 20 1e 89 3c 00 0a b2 00
INFO - 20 22 c9 3c 00 0a a6 00
INFO - 20 27 09 3c 00 0b 26 00
INFO - 20 28 49 3c 00 0a 64 00
INFO - 20 2a 89 3c 00 0a bc 00
INFO - 20 2a c9 3c 00 0a bc 00
INFO - 20 2a 09 3c 00 0a bc 00
INFO - 20 32 49 3c 00 0a c5 00
INFO - 20 35 89 3c 00 0a c6 00
INFO - 20 36 c9 3c 00 0a 7d 00
INFO - 20 38 09 3c 00 0a a4 00
INFO - 20 3b 49 3c 00 0a e6 00
INFO - 20 3b 89 3c 00 0a e6 00
INFO - 20 3b c9 3c 00 0a e6 00
INFO - 20 3b 09 3c 00 0a e6 00
INFO - 20 46 49 3c 00 0a bf 00
INFO - 20 48 89 3c 00 0a 9b 00
INFO - 20 4a c9 3c 00 0a 8c 00
INFO - 20 4a 09 3c 00 0a 8c 00
INFO - 20 4a 49 3c 00 0a 8c 00
INFO - 20 4e 89 3c 00 0a 8d 00
INFO - 20 53 c9 3c 00 0b 26 00
INFO - 20 55 09 3c 00 0a aa 00
INFO - 20 5a 49 3c 00 0b 36 00
INFO - 20 5d 89 3c 00 0a d1 00
INFO - 20 5e c9 3c 00 0a 89 00
INFO - 20 61 09 3c 00 0a cd 00
INFO - 20 64 49 3c 00 0a e2 00
INFO - 20 67 89 3c 00 0a a9 00
INFO - 20 6b c9 3c 00 0b 1b 00
INFO - 20 6d 09 3c 00 0a b9 00
INFO - 20 70 49 3c 00 0a b1 00
INFO - 20 72 89 3c 00 0a c2 00
INFO - 20 75 c9 3c 00 0a b9 00
INFO - 20 78 09 3c 00 0a de 00
INFO - 20 7a 49 3c 00 0a bd 00
INFO - 20 7d 89 3c 00 0a c5 00
INFO - 20 80 c9 3c 00 0a cd 00
INFO - 20 82 09 3c 00 0a a2 00
INFO - 20 84 49 3c 00 0a 98 00
INFO - 20 86 89 3c 00 0a a9 00
INFO - 20 89 c9 3c 00 0a c6 00
INFO - 20 8b 09 3c 00 0a ad 00
INFO - 20 8e 49 3c 00 0a d4 00
INFO - 20 91 89 3c 00 0a cd 00
INFO - 20 93 c9 3c 00 0a af 00
INFO - 20 95 09 3c 00 0a c0 00
INFO - 20 97 49 3c 00 0a 95 00
INFO - 20 9a 89 3c 00 0a c3 00
INFO - 20 9c c9 3c 00 0a 9c 00
INFO - 20 9f 09 3c 00 0a db 00
INFO - 20 a1 49 3c 00 0a ab 00
INFO - 20 a3 89 3c 00 0a a3 00
INFO - 20 a5 c9 3c 00 0a a7 00
INFO - 20 a9 09 3c 00 0a fe 00
INFO - 20 ab 49 3c 00 0a c3 00
INFO - 20 ae 89 3c 00 0a ce 00
INFO - 20 b1 c9 3c 00 0a ae 00
INFO - 20 b3 09 3c 00 0a b6 00
INFO - 20 b6 49 3c 00 0a ca 00
INFO - 20 b8 89 3c 00 0a ab 00
INFO - 20 ba c9 3c 00 0a a2 00
INFO - 20 bc 09 3c 00 0a bf 00
INFO - 20 bf 49 3c 00 0a b6 00
INFO - 20 c2 89 3c 00 0a ce 00
INFO - 20 c4 c9 3c 00 0a ad 00
INFO - 20 c6 09 3c 00 0a b2 00
INFO - 20 c8 49 3c 00 0a a9 00
INFO - 20 cb 89 3c 00 0a 81 00
INFO - 20 cd c9 3c 00 0a ae 00
INFO - 20 cf 09 3c 00 0a b1 00
INFO - 20 d1 49 3c 00 0a 93 00
INFO - 20 d3 89 3c 00 0a ad 00
INFO - 20 d5 c9 3c 00 0a 86 00
INFO - 20 d7 09 3c 00 0a c0 00
INFO - 20 d9 49 3c 00 0a b0 00
INFO - 20 db 89 3c 00 0a 9e 00
INFO - 20 de c9 3c 00 0a b7 00
INFO - 20 e0 09 3c 00 0a 9a 00
INFO - 20 e2 49 3c 00 0a c3 00
INFO - 20 e4 89 3c 00 0a 99 00
INFO - 20 e7 c9 3c 00 0a da 00
INFO - 20 e9 09 3c 00 0a 99 00
INFO - 20 eb 49 3c 00 0a 9c 00
INFO - 20 ed 89 3c 00 0a c2 00
INFO - 20 f0 c9 3c 00 0a dd 00
INFO - 20 f6 09 3c 00 0b 53 00
INFO - 20 f8 49 3c 00 0a b6 00
INFO - 20 fa 89 3c 00 0a 97 00
INFO - 20 fd c9 3c 00 0a cd 00
INFO - 20 ff 09 3c 00 0a 99 00
INFO - 21 01 49 3c 00 0a 9b 00
INFO - 21 03 89 3c 00 0a c8 00
INFO - 21 06 c9 3c 00 0a d3 00
INFO - 21 08 09 3c 00 0a a9 00
INFO - 21 0b 49 3c 00 0a ad 00
INFO - 21 0d 89 3c 00 0a ca 00
INFO - 21 10 c9 3c 00 0a c3 00
INFO - 21 13 09 3c 00 0a d1 00
INFO - 21 15 49 3c 00 0a ba 00
INFO - 21 17 89 3c 00 0a 9d 00
INFO - 21 19 c9 3c 00 0a a0 00
INFO - 21 1c 09 3c 00 0a ba 00
INFO - 21 1e 49 3c 00 0a c7 00
INFO - 21 20 89 3c 00 0a 95 00
INFO - 21 22 c9 3c 00 0a a5 00
INFO - 21 25 09 3c 00 0a b5 00
INFO - 21 27 49 3c 00 0a ba 00
INFO - 21 29 89 3c 00 0a 93 00
INFO - 21 2b c9 3c 00 0a af 00
INFO - 21 2c 09 3c 00 0a 8b 00
INFO - 21 2f 49 3c 00 0a b3 00
INFO - 21 31 89 3c 00 0a 71 00
INFO - 21 32 c9 3c 00 0a 8a 00
INFO - 21 34 09 3c 00 0a a6 00
INFO - 21 36 49 3c 00 0a 89 00
INFO - 21 38 89 3c 00 0a ad 00
INFO - 21 3a c9 3c 00 0a 9a 00
INFO - 21 3c 09 3c 00 0a b6 00
INFO - 21 3e 49 3c 00 0a 8e 00
INFO - 21 40 89 3c 00 0a c0 00
INFO - 21 43 c9 3c 00 0a ad 00
INFO - 21 45 09 3c 00 0a c5 00
INFO - 21 49 49 3c 00 0a e4 00
INFO - 21 4a 89 3c 00 0a 9f 00
INFO - 21 4e c9 3c 00 0a d8 00
INFO - 21 51 09 3c 00 0a c5 00
INFO - 21 53 49 3c 00 0a a5 00
INFO - 21 56 89 3c 00 0a d8 00
INFO - 21 58 c9 3c 00 0a bd 00
INFO - 21 5a 09 3c 00 0a a2 00
INFO - 21 5c 49 3c 00 0a b0 00
INFO - 21 5f 89 3c 00 0a c3 00
INFO - 21 62 c9 3c 00 0a d1 00
INFO - 21 64 09 3c 00 0a 98 00
INFO - 21 65 49 3c 00 0a 87 00
INFO - 21 67 89 3c 00 0a 94 00
INFO - 21 69 c9 3c 00 0a a2 00
INFO - 21 6a 09 3c 00 0a 92 00
INFO - 21 6d 49 3c 00 0a 97 00
INFO - 21 6e 89 3c 00 0a 95 00
INFO - 21 71 c9 3c 00 0a c4 00
INFO - 21 73 09 3c 00 0a 98 00
INFO - 21 75 49 3c 00 0a a5 00
INFO - 21 76 89 3c 00 0a 91 00
INFO - 21 79 c9 3c 00 0a c5 00
INFO - 21 7b 09 3c 00 0a ba 00
INFO - 21 7e 49 3c 00 0a aa 00
INFO - 21 7f 89 3c 00 0a 8e 00
INFO - 21 81 c9 3c 00 0a a6 00
INFO - 21 83 09 3c 00 0a a9 00
INFO - 21 87 49 3c 00 0a e0 00
INFO - 21 88 89 3c 00 0a 9f 00
INFO - 21 8a c9 3c 00 0a 9a 00
INFO - 21 8c 09 3c 00 0a 92 00
INFO - 21 8e 49 3c 00 0a a7 00
INFO - 21 90 89 3c 00 0a 8b 00
INFO - 21 92 c9 3c 00 0a ae 00
INFO - 21 94 09 3c 00 0a a0 00
INFO - 21 95 49 3c 00 0a 90 00
INFO - 21 97 89 3c 00 0a a8 00
INFO - 21 9a c9 3c 00 0a b4 00
INFO - 21 9b 09 3c 00 0a 9a 00
INFO - 21 9d 49 3c 00 0a 95 00
INFO - 21 a0 89 3c 00 0a b9 00
INFO - 21 a1 c9 3c 00 0a 9d 00
INFO - 21 a4 09 3c 00 0a b5 00
INFO - 21 a6 49 3c 00 0a b9 00
INFO - 21 a8 89 3c 00 0a ab 00
INFO - 21 ab c9 3c 00 0a ce 00
INFO - 21 ad 09 3c 00 0a 9d 00
INFO - 21 af 49 3c 00 0a ab 00
INFO - 21 b1 89 3c 00 0a a5 00
INFO - 21 b3 c9 3c 00 0a 96 00
INFO - 21 b6 09 3c 00 0a c3 00
INFO - 21 b8 49 3c 00 0a b2 00
INFO - 21 ba 89 3c 00 0a 94 00
INFO - 21 bb c9 3c 00 0a 93 00
INFO - 21 be 09 3c 00 0a b2 00
INFO - 21 bf 49 3c 00 0a 9d 00
INFO - 21 c1 89 3c 00 0a 89 00
INFO - 21 c4 c9 3c 00 0a d1 00
INFO - 21 c6 09 3c 00 0a a8 00
INFO - 21 c8 49 3c 00 0a 9d 00
INFO - 21 ca 89 3c 00 0a bc 00
INFO - 21 cc c9 3c 00 0a 9d 00
INFO - 21 ce 09 3c 00 0a b2 00
INFO - 21 d0 49 3c 00 0a 93 00
INFO - 21 d2 89 3c 00 0a b2 00
INFO - 21 d4 c9 3c 00 0a 93 00
INFO - 21 d6 09 3c 00 0a b2 00
INFO - 21 d9 49 3c 00 0a bd 00
INFO - 21 db 89 3c 00 0a 93 00
INFO - 21 dd c9 3c 00 0a b2 00
INFO - 21 de 09 3c 00 0a 89 00
INFO - 21 e1 49 3c 00 0a d1 00
INFO - 21 e4 89 3c 00 0a b2 00
INFO - 21 e7 c9 3c 00 0a 96 00
INFO - 21 e9 09 3c 00 0a 9d 00
INFO - 21 eb 49 3c 00 0a 89 00
INFO - 21 ec 89 3c 00 0a 88 00
INFO - 21 ef c9 3c 00 0a c7 00
INFO - 21 f0 09 3c 00 0a 93 00
INFO - 21 f2 49 3c 00 0a a7 00
INFO - 21 f4 89 3c 00 0a 8b 00
INFO - 21 f6 c9 3c 00 0a a4 00
INFO - 21 f8 09 3c 00 0a 96 00
INFO - 21 f9 49 3c 00 0a 91 00
INFO - 21 fb 89 3c 00 0a a8 00
INFO - 21 fd c9 3c 00 0a a7 00
INFO - 22 00 09 3c 00 0a b1 00
INFO - 22 02 49 3c 00 0a bf 00
INFO - 22 04 89 3c 00 0a 9a 00
INFO - 22 06 c9 3c 00 0a 93 00
INFO - 22 08 09 3c 00 0a b5 00
INFO - 22 0a 49 3c 00 0a 90 00
INFO - 22 0c 89 3c 00 0a 9d 00
INFO - 22 0e c9 3c 00 0a bf 00
INFO - 22 11 09 3c 00 0a ce 00
INFO - 22 13 49 3c 00 0a a8 00
INFO - 22 15 89 3c 00 0a a1 00
INFO - 22 18 c9 3c 00 0a c6 00
INFO - 22 1a 09 3c 00 0a a5 00
INFO - 22 1c 49 3c 00 0a bd 00
INFO - 22 1f 89 3c 00 0a b5 00
INFO - 22 21 c9 3c 00 0a c4 00
INFO - 22 24 09 3c 00 0a b2 00
INFO - 22 25 49 3c 00 0a 97 00
INFO - 22 27 89 3c 00 0a 90 00
INFO - 22 2a c9 3c 00 0a be 00
INFO - 22 2c 09 3c 00 0a b6 00
INFO - 22 2f 49 3c 00 0a d0 00
INFO - 22 32 89 3c 00 0a c8 00
INFO - 22 34 c9 3c 00 0a ab 00
INFO - 22 36 09 3c 00 0a 9c 00
INFO - 22 38 49 3c 00 0a 7f 00
INFO - 22 39 89 3c 00 0a 83 00
INFO - 22 3c c9 3c 00 0a d0 00
INFO - 22 3e 09 3c 00 0a a8 00
INFO - 22 41 49 3c 00 0a d3 00
INFO - 22 43 89 3c 00 0a 7f 00
INFO - 22 45 c9 3c 00 0a c8 00
INFO - 22 47 09 3c 00 0a 89 00
INFO - 22 49 49 3c 00 0a a7 00
INFO - 22 4b 89 3c 00 0a a1 00
INFO - 22 4d c9 3c 00 0a a4 00
INFO - 22 4f 09 3c 00 0a ac 00
INFO - 22 51 49 3c 00 0a a4 00
INFO - 22 53 89 3c 00 0a 94 00
INFO - 22 56 c9 3c 00 0a de 00
INFO - 22 57 09 3c 00 0a 86 00
INFO - 22 5a 49 3c 00 0a b4 00
INFO - 22 5b 89 3c 00 0a 86 00
INFO - 22 5d c9 3c 00 0a b2 00
INFO - 22 5f 09 3c 00 0a a0 00
INFO - 22 61 49 3c 00 0a 9a 00
INFO - 22 63 89 3c 00 0a a0 00
INFO - 22 65 c9 3c 00 0a 9d 00
INFO - 22 67 09 3c 00 0a 99 00
INFO - 22 6b 49 3c 00 0a fd 00
INFO - 22 6c 89 3c 00 0a 85 00
INFO - 22 6f c9 3c 00 0a da 00
INFO - 22 71 09 3c 00 0a 9d 00
INFO - 22 74 49 3c 00 0a c5 00
INFO - 22 75 89 3c 00 0a 93 00
INFO - 22 79 c9 3c 00 0a f0 00
INFO - 22 7c 09 3c 00 0a d1 00
INFO - 22 7e 49 3c 00 0a 9f 00
INFO - 22 7f 89 3c 00 0a 8f 00
INFO - 22 82 c9 3c 00 0a b4 00
INFO - 22 84 09 3c 00 0a ae 00
INFO - 22 87 49 3c 00 0a cf 00
INFO - 22 89 89 3c 00 0a b3 00
INFO - 22 8b c9 3c 00 0a 91 00
INFO - 22 8c 09 3c 00 0a 92 00
INFO - 22 8e 49 3c 00 0a a0 00
INFO - 22 90 89 3c 00 0a 98 00
INFO - 22 92 c9 3c 00 0a a0 00
INFO - 22 95 09 3c 00 0a d6 00
INFO - 22 96 49 3c 00 0a 91 00
INFO - 22 99 89 3c 00 0a b4 00
INFO - 22 9b c9 3c 00 0a 98 00
INFO - 22 9d 09 3c 00 0a a9 00
INFO - 22 9e 49 3c 00 0a 98 00
INFO - 22 a1 89 3c 00 0a ba 00
INFO - 22 a3 c9 3c 00 0a 9d 00
INFO - 22 a5 09 3c 00 0a 98 00
INFO - 22 a6 49 3c 00 0a 9d 00
INFO - 22 a8 89 3c 00 0a a2 00
INFO - 22 ab c9 3c 00 0a af 00
INFO - 22 ac 09 3c 00 0a 93 00
INFO - 22 ae 49 3c 00 0a 8e 00
INFO - 22 af 89 3c 00 0a 89 00
INFO - 22 b1 c9 3c 00 0a 97 00
INFO - 22 b3 09 3c 00 0a 63 00
INFO - 22 b4 49 3c 00 0a 91 00
INFO - 22 b6 89 3c 00 0a a8 00
INFO - 22 b8 c9 3c 00 0a 8e 00
INFO - 22 ba 09 3c 00 0a c6 00
INFO - 22 bd 49 3c 00 0a b7 00
INFO - 22 bf 89 3c 00 0a a6 00
INFO - 22 c1 c9 3c 00 0a a7 00
INFO - 22 c3 09 3c 00 0a b8 00
INFO - 22 c6 49 3c 00 0a d2 00
INFO - 22 c9 89 3c 00 0a ad 00
INFO - 22 cb c9 3c 00 0a be 00
INFO - 22 cd 09 3c 00 0a ad 00
INFO - 22 cf 49 3c 00 0a 9d 00
INFO - 22 d2 89 3c 00 0a d2 00
INFO - 22 d4 c9 3c 00 0a 9a 00
INFO - 22 d6 09 3c 00 0a 9f 00
INFO - 22 d7 49 3c 00 0a 85 00
INFO - 22 da 89 3c 00 0a ba 00
INFO - 22 db c9 3c 00 0a 8b 00
INFO - 22 dd 09 3c 00 0a ae 00
INFO - 22 df 49 3c 00 0a 9e 00
INFO - 22 e1 89 3c 00 0a 7e 00
INFO - 22 e2 c9 3c 00 0a 8f 00
INFO - 22 e5 09 3c 00 0a ba 00
INFO - 22 e7 49 3c 00 0a bb 00
INFO - 22 e9 89 3c 00 0a 92 00
INFO - 22 eb c9 3c 00 0a af 00
INFO - 22 ee 09 3c 00 0a d8 00
INFO - 22 f1 49 3c 00 0a c7 00
INFO - 22 f3 89 3c 00 0a c1 00
INFO - 22 f6 c9 3c 00 0a b2 00
INFO - 22 f8 09 3c 00 0a b6 00
INFO - 22 fb 49 3c 00 0a c5 00
INFO - 22 fc 89 3c 00 0a 84 00
INFO - 22 fe c9 3c 00 0a b8 00
INFO - 23 00 09 3c 00 0a 93 00
INFO - 23 02 49 3c 00 0a ac 00
INFO - 23 04 89 3c 00 0a 85 00
INFO - 23 06 c9 3c 00 0a b1 00
INFO - 23 08 09 3c 00 0a a1 00
INFO - 23 0a 49 3c 00 0a a4 00
INFO - 23 0b 89 3c 00 0a 88 00
INFO - 23 0e c9 3c 00 0a ab 00
INFO - 23 10 09 3c 00 0a b9 00
INFO - 23 12 49 3c 00 0a ab 00
INFO - 23 14 89 3c 00 0a 85 00
INFO - 23 15 c9 3c 00 0a 6e 00
INFO - 23 17 09 3c 00 0a 9f 00
INFO - 23 19 49 3c 00 0a 85 00
INFO - 23 1b 89 3c 00 0a 99 00
INFO - 23 1d c9 3c 00 0a c0 00
INFO - 23 1f 09 3c 00 0a 98 00
INFO - 23 23 49 3c 00 0b 04 00
INFO - 23 25 89 3c 00 0a 97 00
INFO - 23 27 c9 3c 00 0a b7 00
INFO - 23 29 09 3c 00 0a 8d 00
INFO - 23 2b 49 3c 00 0a c2 00
INFO - 23 2d 89 3c 00 0a 9f 00
INFO - 23 2f c9 3c 00 0a 8e 00
INFO - 23 30 09 3c 00 0a 90 00
INFO - 23 32 49 3c 00 0a 95 00
INFO - 23 34 89 3c 00 0a 97 00
INFO - 23 36 c9 3c 00 0a a5 00
INFO - 23 38 09 3c 00 0a 95 00
INFO - 23 3a 49 3c 00 0a ac 00
INFO - 23 3b 89 3c 00 0a 88 00
INFO - 23 3d c9 3c 00 0a a9 00
INFO - 23 3f 09 3c 00 0a 8f 00
INFO - 23 41 49 3c 00 0a b7 00
INFO - 23 44 89 3c 00 0a b7 00
INFO - 23 46 c9 3c 00 0a a8 00
INFO - 23 48 09 3c 00 0a b5 00
INFO - 23 4a 49 3c 00 0a b2 00
INFO - 23 4c 89 3c 00 0a 98 00
INFO - 23 4f c9 3c 00 0a ba 00
INFO - 23 51 09 3c 00 0a b3 00
INFO - 23 54 49 3c 00 0a 91 00
INFO - 23 55 89 3c 00 0a 9a 00
INFO - 23 58 c9 3c 00 0a bc 00
INFO - 23 5a 09 3c 00 0a a1 00
INFO - 23 5c 49 3c 00 0a af 00
INFO - 23 5f 89 3c 00 0a be 00
INFO - 23 61 c9 3c 00 0a ac 00
INFO - 23 63 09 3c 00 0a be 00
INFO - 23 65 49 3c 00 0a a7 00
INFO - 23 68 89 3c 00 0a b5 00
INFO - 23 6a c9 3c 00 0a b8 00
INFO - 23 6d 09 3c 00 0a be 00
INFO - 23 6f 49 3c 00 0a ab 00
INFO - 23 71 89 3c 00 0a a3 00
INFO - 23 73 c9 3c 00 0a aa 00
INFO - 23 75 09 3c 00 0a 97 00
INFO - 23 78 49 3c 00 0a ee 00
INFO - 23 7a 89 3c 00 0a 9b 00
INFO - 23 7d c9 3c 00 0a c0 00
INFO - 23 7e 09 3c 00 0a 8d 00
INFO - 23 81 49 3c 00 0a cf 00
INFO - 23 83 89 3c 00 0a a3 00
INFO - 23 85 c9 3c 00 0a b2 00
INFO - 23 88 09 3c 00 0a c2 00
INFO - 23 8b 49 3c 00 0a ba 00
INFO - 23 8d 89 3c 00 0a a9 00
INFO - 23 8e c9 3c 00 0a 97 00
INFO - 23 91 09 3c 00 0a be 00
INFO - 23 93 49 3c 00 0a a3 00
INFO - 23 94 89 3c 00 0a 83 00
INFO - 23 97 c9 3c 00 0a df 00
INFO - 23 99 09 3c 00 0a 9a 00
INFO - 23 9b 49 3c 00 0a 9f 00
INFO - 23 9e 89 3c 00 0a d2 00
INFO - 23 a0 c9 3c 00 0a 93 00
INFO - 23 a3 09 3c 00 0a c7 00
INFO - 23 a5 49 3c 00 0a c2 00
INFO - 23 a8 89 3c 00 0a c7 00
INFO - 23 aa c9 3c 00 0a b7 00
INFO - 23 ac 09 3c 00 0a a5 00
INFO - 23 ae 49 3c 00 0a a9 00
INFO - 23 b1 89 3c 00 0a ac 00
INFO - 23 b2 c9 3c 00 0a 9b 00
INFO - 23 b5 09 3c 00 0a a9 00
INFO - 23 b8 49 3c 00 0a d9 00
INFO - 23 ba 89 3c 00 0a b6 00
INFO - 23 bd c9 3c 00 0a d2 00
INFO - 23 bf 09 3c 00 0a b9 00
INFO - 23 c3 49 3c 00 0a e3 00
INFO - 23 c6 89 3c 00 0a dc 00
INFO - 23 c8 c9 3c 00 0a c4 00
INFO - 23 cb 09 3c 00 0a b8 00
INFO - 23 cd 49 3c 00 0a b9 00
INFO - 23 d0 89 3c 00 0a c5 00
INFO - 23 d2 c9 3c 00 0a ad 00
INFO - 23 d4 09 3c 00 0a ae 00
INFO - 23 d7 49 3c 00 0a d2 00
INFO - 23 db 89 3c 00 0b 03 00
INFO - 23 dd c9 3c 00 0a 93 00
INFO - 23 df 09 3c 00 0a b2 00
INFO - 23 e1 49 3c 00 0a 9d 00
INFO - 23 e3 89 3c 00 0a b2 00
INFO - 23 e6 c9 3c 00 0a c2 00
INFO - 23 e9 09 3c 00 0a bd 00
INFO - 23 eb 49 3c 00 0a a9 00
INFO - 23 ed 89 3c 00 0a c6 00
INFO - 23 f0 c9 3c 00 0a bc 00
INFO - 23 f3 09 3c 00 0a c6 00
INFO - 23 f4 49 3c 00 0a 9c 00
INFO - 23 f8 89 3c 00 0a de 00
INFO - 23 fa c9 3c 00 0a bc 00
INFO - 23 fc 09 3c 00 0a aa 00
INFO - 23 fe 49 3c 00 0a a1 00
INFO - 24 00 89 3c 00 0a 97 00
INFO - 24 03 c9 3c 00 0a 95 00
INFO - 24 06 09 3c 00 0a cc 00
INFO - 24 08 49 3c 00 0a af 00
INFO - 24 0b 89 3c 00 0a b5 00
INFO - 24 0d c9 3c 00 0a a3 00
INFO - 24 0f 09 3c 00 0a 9c 00
INFO - 24 11 49 3c 00 0a c3 00
INFO - 24 13 89 3c 00 0a a0 00
INFO - 24 15 c9 3c 00 0a af 00
INFO - 24 17 09 3c 00 0a 9c 00
INFO - 24 1a 49 3c 00 0a ba 00
INFO - 24 1c 89 3c 00 0a b4 00
INFO - 24 1f c9 3c 00 0a ba 00
INFO - 24 21 09 3c 00 0a be 00
INFO - 24 25 49 3c 00 0b 01 00
INFO - 24 27 89 3c 00 0a a7 00
INFO - 24 29 c9 3c 00 0a a2 00
INFO - 24 2b 09 3c 00 0a a6 00
INFO - 24 2d 49 3c 00 0a b7 00
INFO - 24 31 89 3c 00 0a f1 00
INFO - 24 34 c9 3c 00 0a cd 00
INFO - 24 36 09 3c 00 0a ae 00
INFO - 24 38 49 3c 00 0a b1 00
INFO - 24 3c 89 3c 00 0a fb 00
INFO - 24 3e c9 3c 00 0a 9d 00
INFO - 24 40 09 3c 00 0a a1 00
INFO - 24 42 49 3c 00 0a b0 00
INFO - 24 44 89 3c 00 0a a2 00
INFO - 24 46 c9 3c 00 0a a5 00
INFO - 24 48 09 3c 00 0a 9d 00
INFO - 24 4b 49 3c 00 0a c3 00
INFO - 24 4d 89 3c 00 0a 98 00
INFO - 24 4f c9 3c 00 0a bf 00
INFO - 24 53 09 3c 00 0b 1a 00
INFO - 24 56 49 3c 00 0a cd 00
INFO - 24 59 89 3c 00 0a b0 00
INFO - 24 5b c9 3c 00 0a aa 00
INFO - 24 5c 09 3c 00 0a 6c 00
INFO - 24 5f 49 3c 00 0a b2 00
INFO - 24 61 89 3c 00 0a c0 00
INFO - 24 64 c9 3c 00 0a af 00
INFO - 24 66 09 3c 00 0a a5 00
INFO - 24 68 49 3c 00 0a c8 00
INFO - 24 6b 89 3c 00 0a b2 00
INFO - 24 6d c9 3c 00 0a b4 00
INFO - 24 70 09 3c 00 0a d0 00
INFO - 24 72 49 3c 00 0a bc 00
INFO - 24 75 89 3c 00 0a bb 00
