INFO - 40 00 09 00 f9 41 00 23
INFO - 41 88 49 00 f9 41 00 23
INFO - 41 b9 89 00 f9 51 00 20
INFO - 41 d8 c9 00 f9 51 00 20
INFO - 41 f1 09 00 f9 41 00 24
INFO - 42 21 49 00 f9 41 00 24
INFO - 43 c0 89 00 f9 41 00 24
INFO - 45 ba c9 00 f9 41 00 24
INFO - 46 3b 09 00 f9 41 00 24
INFO - 46 d6 49 00 f9 51 00 20
INFO - 46 e7 89 00 f9 51 00 20
INFO - 46 f8 c9 00 f9 41 00 23
INFO - 47 7a 09 00 f9 41 00 23
INFO - 48 10 49 00 f9 51 00 20
INFO - 48 67 89 00 f9 41 00 24
INFO - 49 1c c9 00 f9 51 00 20
INFO - 49 2c 09 00 f9 51 00 20
INFO - 49 3b 49 00 f9 41 00 23
INFO - 49 b3 89 00 f9 41 00 23
INFO - 4a 23 c9 00 f9 41 00 23
