INFO - 20 00 48 3c 00 0a 40 00
INFO - 20 0b 88 3c 00 0b fe 00
INFO - 20 16 c8 3c 00 0a 93 00
INFO - 20 16 08 3c 00 0a 93 00
INFO - 20 19 48 3c 00 0a 94 00
INFO - 20 19 88 3c 00 0a 94 00
INFO - 20 1d c8 3c 00 0a 9b 00
INFO - 20 21 08 3c 00 0b 00 00
INFO - 20 22 48 3c 00 0a 60 00
INFO - 20 24 88 3c 00 0a ab 00
INFO - 20 27 c8 3c 00 0a d6 00
INFO - 20 28 08 3c 00 0a 75 00
INFO - 20 28 48 3c 00 0a 75 00
INFO - 20 28 88 3c 00 0a 75 00
INFO - 20 2e c8 3c 00 0a a9 00
INFO - 20 2e 08 3c 00 0a a9 00
INFO - 20 2e 48 3c 00 0a a9 00
INFO - 20 37 88 3c 00 0a d1 00
INFO - 20 37 c8 3c 00 0a d1 00
INFO - 20 3c 08 3c 00 0a be 00
INFO - 20 40 48 3c 00 0a f9 00
INFO - 20 44 88 3c 00 0b 1e 00
INFO - 20 44 c8 3c 00 0b 1e 00
INFO - 20 44 08 3c 00 0b 1e 00
INFO - 20 44 48 3c 00 0b 1e 00
INFO - 20 4c 88 3c 00 0a a3 00
INFO - 20 4c c8 3c 00 0a a3 00
INFO - 20 50 08 3c 00 0a 85 00
INFO - 20 50 48 3c 00 0a 85 00
INFO - 20 53 88 3c 00 0a 95 00
INFO - 20 56 c8 3c 00 0a ba 00
INFO - 20 59 08 3c 00 0a f4 00
INFO - 20 5c 48 3c 00 0a b3 00
INFO - 20 5e 88 3c 00 0a 9c 00
INFO - 20 60 c8 3c 00 0a bb 00
INFO - 20 61 08 3c 00 0a 87 00
INFO - 20 63 48 3c 00 0a a7 00
INFO - 20 65 88 3c 00 0a 9a 00
INFO - 20 68 c8 3c 00 0a c0 00
INFO - 20 6a 08 3c 00 0a bf 00
INFO - 20 6d 48 3c 00 0a a8 00
INFO - 20 70 88 3c 00 0a e1 00
INFO - 20 72 c8 3c 00 0a c1 00
INFO - 20 74 08 3c 00 0a 9e 00
INFO - 20 77 48 3c 00 0a b8 00
INFO - 20 79 88 3c 00 0a a8 00
INFO - 20 7b c8 3c 00 0a c4 00
INFO - 20 7e 08 3c 00 0a ab 00
INFO - 20 81 48 3c 00 0a da 00
INFO - 20 83 88 3c 00 0a b7 00
INFO - 20 85 c8 3c 00 0a ab 00
INFO - 20 89 08 3c 00 0a e8 00
INFO - 20 8b 48 3c 00 0a b8 00
INFO - 20 8d 88 3c 00 0a ac 00
INFO - 20 90 c8 3c 00 0a b9 00
INFO - 20 92 08 3c 00 0a ad 00
INFO - 20 94 48 3c 00 0a ba 00
INFO - 20 97 88 3c 00 0a ba 00
INFO - 20 9a c8 3c 00 0a 9c 00
INFO - 20 9d 08 3c 00 0a c8 00
INFO - 20 a1 48 3c 00 0a ed 00
INFO - 20 a4 88 3c 00 0a d5 00
INFO - 20 a6 c8 3c 00 0a c6 00
INFO - 20 aa 08 3c 00 0a e4 00
INFO - 20 ac 48 3c 00 0a a2 00
INFO - 20 af 88 3c 00 0a d8 00
INFO - 20 b1 c8 3c 00 0a af 00
INFO - 20 b3 08 3c 00 0a b4 00
INFO - 20 b5 48 3c 00 0a af 00
INFO - 20 b8 88 3c 00 0a b3 00
INFO - 20 bb c8 3c 00 0a e1 00
INFO - 20 be 08 3c 00 0a cc 00
INFO - 20 c0 48 3c 00 0a b0 00
INFO - 20 c2 88 3c 00 0a b3 00
INFO - 20 c5 c8 3c 00 0a c9 00
INFO - 20 ca 08 3c 00 0a d6 00
INFO - 20 cc 48 3c 00 0a bd 00
INFO - 20 ce 88 3c 00 0a 9a 00
INFO - 20 d0 c8 3c 00 0a b0 00
INFO - 20 d3 08 3c 00 0a 87 00
INFO - 20 d6 48 3c 00 0a ca 00
INFO - 20 d8 88 3c 00 0a a8 00
INFO - 20 db c8 3c 00 0a cb 00
INFO - 20 dd 08 3c 00 0a c2 00
INFO - 20 e0 48 3c 00 0a b1 00
INFO - 20 e2 88 3c 00 0a c2 00
INFO - 20 e6 c8 3c 00 0a e5 00
INFO - 20 e8 08 3c 00 0a c2 00
INFO - 20 eb 48 3c 00 0a c0 00
INFO - 20 ed 88 3c 00 0a b5 00
INFO - 20 f0 c8 3c 00 0a e5 00
INFO - 20 f3 08 3c 00 0a b5 00
INFO - 20 f5 48 3c 00 0a bf 00
INFO - 20 f8 88 3c 00 0a dc 00
INFO - 20 fc c8 3c 00 0a d9 00
INFO - 20 fe 08 3c 00 0a ce 00
INFO - 21 00 48 3c 00 0a a5 00
INFO - 21 03 88 3c 00 0a cf 00
INFO - 21 06 c8 3c 00 0a bf 00
INFO - 21 08 08 3c 00 0a c1 00
INFO - 21 0b 48 3c 00 0a cb 00
INFO - 21 0e 88 3c 00 0a b5 00
INFO - 21 10 c8 3c 00 0a a5 00
INFO - 21 12 08 3c 00 0a a8 00
INFO - 21 14 48 3c 00 0a b4 00
INFO - 21 16 88 3c 00 0a a5 00
INFO - 21 19 c8 3c 00 0a c1 00
INFO - 21 1b 08 3c 00 0a b3 00
INFO - 21 1e 48 3c 00 0a c1 00
INFO - 21 20 88 3c 00 0a b2 00
INFO - 21 22 c8 3c 00 0a b5 00
INFO - 21 24 08 3c 00 0a a6 00
INFO - 21 27 48 3c 00 0a c0 00
INFO - 21 2a 88 3c 00 0a da 00
INFO - 21 2c c8 3c 00 0a b2 00
INFO - 21 2f 08 3c 00 0a ce 00
INFO - 21 32 48 3c 00 0a dc 00
INFO - 21 35 88 3c 00 0a d9 00
INFO - 21 39 c8 3c 00 0a f6 00
INFO - 21 3e 08 3c 00 0b 1b 00
INFO - 21 40 48 3c 00 0a c2 00
INFO - 21 43 88 3c 00 0a 87 00
INFO - 21 46 c8 3c 00 0a c0 00
INFO - 21 48 08 3c 00 0a c4 00
INFO - 21 4d 48 3c 00 0b 36 00
INFO - 21 4f 88 3c 00 0a a7 00
INFO - 21 52 c8 3c 00 0a d0 00
INFO - 21 55 08 3c 00 0a b5 00
INFO - 21 57 48 3c 00 0a b5 00
INFO - 21 59 88 3c 00 0a a6 00
INFO - 21 5c c8 3c 00 0a c3 00
INFO - 21 5e 08 3c 00 0a a8 00
INFO - 21 61 48 3c 00 0a da 00
INFO - 21 64 88 3c 00 0a db 00
INFO - 21 67 c8 3c 00 0a d0 00
INFO - 21 69 08 3c 00 0a b3 00
INFO - 21 6c 48 3c 00 0a cf 00
INFO - 21 6e 88 3c 00 0a 9b 00
INFO - 21 71 c8 3c 00 0a e8 00
INFO - 21 74 08 3c 00 0a cc 00
INFO - 21 77 48 3c 00 0a dd 00
INFO - 21 7a 88 3c 00 0a b3 00
INFO - 21 7c c8 3c 00 0a b5 00
INFO - 21 7f 08 3c 00 0a cc 00
INFO - 21 81 48 3c 00 0a c3 00
INFO - 21 84 88 3c 00 0a d7 00
INFO - 21 87 c8 3c 00 0a ce 00
INFO - 21 8b 08 3c 00 0a e9 00
INFO - 21 8d 48 3c 00 0a be 00
INFO - 21 8f 88 3c 00 0a 9b 00
INFO - 21 92 c8 3c 00 0a c0 00
INFO - 21 94 08 3c 00 0a bd 00
INFO - 21 96 48 3c 00 0a a8 00
INFO - 21 99 88 3c 00 0a da 00
INFO - 21 9b c8 3c 00 0a 9a 00
INFO - 21 9e 08 3c 00 0a cb 00
INFO - 21 a1 48 3c 00 0a cd 00
INFO - 21 a5 88 3c 00 0a f5 00
INFO - 21 a7 c8 3c 00 0a 79 00
INFO - 21 aa 08 3c 00 0a f6 00
INFO - 21 ae 48 3c 00 0a d8 00
INFO - 21 b0 88 3c 00 0a b6 00
INFO - 21 b3 c8 3c 00 0a cc 00
INFO - 21 b5 08 3c 00 0a a9 00
INFO - 21 b7 48 3c 00 0a a6 00
INFO - 21 ba 88 3c 00 0a ea 00
INFO - 21 be c8 3c 00 0a e8 00
INFO - 21 c0 08 3c 00 0a b2 00
INFO - 21 c2 48 3c 00 0a b7 00
INFO - 21 c5 88 3c 00 0a d9 00
INFO - 21 c8 c8 3c 00 0a c4 00
INFO - 21 cb 08 3c 00 0a b5 00
INFO - 21 ce 48 3c 00 0a f6 00
INFO - 21 d1 88 3c 00 0a bf 00
INFO - 21 d3 c8 3c 00 0a c1 00
INFO - 21 d5 08 3c 00 0a 9d 00
INFO - 21 d8 48 3c 00 0a d2 00
INFO - 21 dc 88 3c 00 0a e9 00
INFO - 21 de c8 3c 00 0a b5 00
INFO - 21 e2 08 3c 00 0a f7 00
INFO - 21 e5 48 3c 00 0a c3 00
INFO - 21 e7 88 3c 00 0a b3 00
INFO - 21 ea c8 3c 00 0a c3 00
INFO - 21 ee 08 3c 00 0b 12 00
INFO - 21 f1 48 3c 00 0a e0 00
INFO - 21 f3 88 3c 00 0a a6 00
INFO - 21 f6 c8 3c 00 0a d2 00
INFO - 21 f9 08 3c 00 0a d0 00
INFO - 21 fb 48 3c 00 0a 99 00
INFO - 21 fd 88 3c 00 0a c3 00
INFO - 22 00 c8 3c 00 0a c5 00
INFO - 22 04 08 3c 00 0a f5 00
INFO - 22 06 48 3c 00 0a b7 00
INFO - 22 08 88 3c 00 0a b3 00
INFO - 22 0d c8 3c 00 0b 2c 00
INFO - 22 0f 08 3c 00 0a a6 00
INFO - 22 12 48 3c 00 0a de 00
INFO - 22 15 88 3c 00 0a 7a 00
INFO - 22 18 c8 3c 00 0a d1 00
INFO - 22 1a 08 3c 00 0a a6 00
INFO - 22 1c 48 3c 00 0a b7 00
INFO - 22 1e 88 3c 00 0a b5 00
INFO - 22 21 c8 3c 00 0a cf 00
INFO - 22 23 08 3c 00 0a 9b 00
INFO - 22 27 48 3c 00 0a e9 00
INFO - 22 29 88 3c 00 0a a6 00
INFO - 22 2b c8 3c 00 0a c2 00
INFO - 22 2e 08 3c 00 0a b7 00
INFO - 22 30 48 3c 00 0a b6 00
INFO - 22 33 88 3c 00 0a c2 00
INFO - 22 35 c8 3c 00 0a a6 00
INFO - 22 38 08 3c 00 0a d2 00
INFO - 22 3a 48 3c 00 0a b4 00
INFO - 22 3e 88 3c 00 0a fa 00
INFO - 22 41 c8 3c 00 0a d0 00
INFO - 22 43 08 3c 00 0a c3 00
INFO - 22 46 48 3c 00 0a d0 00
INFO - 22 49 88 3c 00 0a c1 00
INFO - 22 4b c8 3c 00 0a c5 00
INFO - 22 4e 08 3c 00 0a c1 00
INFO - 22 51 48 3c 00 0a df 00
INFO - 22 53 88 3c 00 0a 99 00
INFO - 22 56 c8 3c 00 0a df 00
INFO - 22 5a 08 3c 00 0a e7 00
INFO - 22 5c 48 3c 00 0a 9d 00
INFO - 22 5e 88 3c 00 0a cf 00
INFO - 22 61 c8 3c 00 0a c2 00
INFO - 22 63 08 3c 00 0a 74 00
INFO - 22 66 48 3c 00 0a bf 00
INFO - 22 68 88 3c 00 0a aa 00
INFO - 22 6b c8 3c 00 0a c1 00
INFO - 22 6e 08 3c 00 0a db 00
INFO - 22 70 48 3c 00 0a b4 00
INFO - 22 73 88 3c 00 0a cb 00
INFO - 22 76 c8 3c 00 0a d0 00
INFO - 22 79 08 3c 00 0a e7 00
INFO - 22 7c 48 3c 00 0a da 00
INFO - 22 7e 88 3c 00 0a a5 00
INFO - 22 81 c8 3c 00 0a b5 00
INFO - 22 83 08 3c 00 0a c0 00
INFO - 22 86 48 3c 00 0a c0 00
INFO - 22 89 88 3c 00 0a c9 00
INFO - 22 8d c8 3c 00 0b 0e 00
INFO - 22 8f 08 3c 00 0a ca 00
INFO - 22 92 48 3c 00 0a cf 00
INFO - 22 94 88 3c 00 0a a6 00
INFO - 22 97 c8 3c 00 0a b1 00
INFO - 22 99 08 3c 00 0a c2 00
INFO - 22 9d 48 3c 00 0a e4 00
INFO - 22 9f 88 3c 00 0a c2 00
INFO - 22 a1 c8 3c 00 0a b1 00
INFO - 22 a4 08 3c 00 0a cf 00
INFO - 22 a9 48 3c 00 0b 28 00
INFO - 22 ab 88 3c 00 0a 9a 00
INFO - 22 ad c8 3c 00 0a b1 00
INFO - 22 b0 08 3c 00 0a b7 00
INFO - 22 b2 48 3c 00 0a b0 00
INFO - 22 b5 88 3c 00 0a d2 00
INFO - 22 b7 c8 3c 00 0a c1 00
INFO - 22 bb 08 3c 00 0a e8 00
INFO - 22 be 48 3c 00 0a db 00
INFO - 22 c0 88 3c 00 0a 9b 00
INFO - 22 c3 c8 3c 00 0a d7 00
INFO - 22 c5 08 3c 00 0a ad 00
INFO - 22 c8 48 3c 00 0a be 00
INFO - 22 cb 88 3c 00 0a c6 00
INFO - 22 ce c8 3c 00 0a cf 00
INFO - 22 cf 08 3c 00 0a 9c 00
INFO - 22 d2 48 3c 00 0a b1 00
INFO - 22 d5 88 3c 00 0a e3 00
INFO - 22 d8 c8 3c 00 0a d1 00
INFO - 22 db 08 3c 00 0a c3 00
INFO - 22 de 48 3c 00 0a de 00
INFO - 22 e0 88 3c 00 0a a5 00
INFO - 22 e2 c8 3c 00 0a c8 00
INFO - 22 e5 08 3c 00 0a 75 00
INFO - 22 e6 48 3c 00 0a 96 00
INFO - 22 e9 88 3c 00 0a d7 00
INFO - 22 eb c8 3c 00 0a a3 00
INFO - 22 ef 08 3c 00 0b 0b 00
INFO - 22 f1 48 3c 00 0a 97 00
INFO - 22 f5 88 3c 00 0a ec 00
INFO - 22 f8 c8 3c 00 0a e5 00
INFO - 22 fa 08 3c 00 0a 97 00
INFO - 22 fd 48 3c 00 0a f1 00
INFO - 22 ff 88 3c 00 0a a5 00
INFO - 23 03 c8 3c 00 0a e5 00
INFO - 23 06 08 3c 00 0a d2 00
INFO - 23 09 48 3c 00 0a d9 00
INFO - 23 0b 88 3c 00 0a bd 00
INFO - 23 0f c8 3c 00 0a e7 00
INFO - 23 12 08 3c 00 0a d5 00
INFO - 23 14 48 3c 00 0a bb 00
INFO - 23 17 88 3c 00 0a c6 00
INFO - 23 19 c8 3c 00 0a ae 00
INFO - 23 1c 08 3c 00 0a bf 00
INFO - 23 1e 48 3c 00 0a b2 00
INFO - 23 21 88 3c 00 0a cc 00
INFO - 23 24 c8 3c 00 0a e1 00
INFO - 23 26 08 3c 00 0a b9 00
INFO - 23 29 48 3c 00 0a cd 00
INFO - 23 2b 88 3c 00 0a b3 00
INFO - 23 2d c8 3c 00 0a 9d 00
INFO - 23 30 08 3c 00 0a b9 00
INFO - 23 32 48 3c 00 0a 98 00
INFO - 23 35 88 3c 00 0a e7 00
INFO - 23 37 c8 3c 00 0a 9e 00
INFO - 23 3a 08 3c 00 0a e1 00
INFO - 23 3e 48 3c 00 0b 17 00
INFO - 23 41 88 3c 00 0a d2 00
INFO - 23 45 c8 3c 00 0a e1 00
INFO - 23 47 08 3c 00 0a ba 00
INFO - 23 4a 48 3c 00 0a e0 00
INFO - 23 4e 88 3c 00 0b 0e 00
INFO - 23 51 c8 3c 00 0a d9 00
INFO - 23 55 08 3c 00 0a f3 00
INFO - 23 58 48 3c 00 0a d2 00
INFO - 23 5c 88 3c 00 0a f3 00
INFO - 23 5e c8 3c 00 0a be 00
INFO - 23 61 08 3c 00 0a bd 00
INFO - 23 64 48 3c 00 0a ec 00
INFO - 23 66 88 3c 00 0a a9 00
INFO - 23 68 c8 3c 00 0a 96 00
INFO - 23 6b 08 3c 00 0a 7f 00
INFO - 23 6d 48 3c 00 0a a3 00
INFO - 23 6f 88 3c 00 0a bc 00
INFO - 23 72 c8 3c 00 0a bc 00
INFO - 23 74 08 3c 00 0a cc 00
INFO - 23 76 48 3c 00 0a 9b 00
INFO - 23 79 88 3c 00 0a ca 00
INFO - 23 7b c8 3c 00 0a b0 00
INFO - 23 7e 08 3c 00 0a bc 00
INFO - 23 81 48 3c 00 0a cc 00
INFO - 23 83 88 3c 00 0a ae 00
INFO - 23 87 c8 3c 00 0b 01 00
INFO - 23 89 08 3c 00 0a a1 00
INFO - 23 8b 48 3c 00 0a cc 00
INFO - 23 8f 88 3c 00 0a e3 00
INFO - 23 91 c8 3c 00 0a bf 00
INFO - 23 95 08 3c 00 0b 06 00
INFO - 23 97 48 3c 00 0a a8 00
INFO - 23 9a 88 3c 00 0a c4 00
INFO - 23 9c c8 3c 00 0a 9c 00
INFO - 23 9e 08 3c 00 0a bc 00
INFO - 23 a1 48 3c 00 0a b3 00
INFO - 23 a4 88 3c 00 0a c9 00
INFO - 23 a7 c8 3c 00 0a d9 00
INFO - 23 aa 08 3c 00 0a ec 00
INFO - 23 ad 48 3c 00 0a c6 00
INFO - 23 af 88 3c 00 0a bc 00
INFO - 23 b2 c8 3c 00 0a b4 00
INFO - 23 b4 08 3c 00 0a b8 00
INFO - 23 b7 48 3c 00 0a c5 00
INFO - 23 b9 88 3c 00 0a bc 00
INFO - 23 bc c8 3c 00 0a ad 00
INFO - 23 bf 08 3c 00 0a d9 00
INFO - 23 c2 48 3c 00 0a d8 00
INFO - 23 c5 88 3c 00 0a e9 00
INFO - 23 c9 c8 3c 00 0a e5 00
INFO - 23 cc 08 3c 00 0a cd 00
INFO - 23 cf 48 3c 00 0a df 00
INFO - 23 d3 88 3c 00 0a ae 00
INFO - 23 d6 c8 3c 00 0a b1 00
INFO - 23 d8 08 3c 00 0a bf 00
INFO - 23 dc 48 3c 00 0a e2 00
INFO - 23 dd 88 3c 00 0a 88 00
INFO - 23 e1 c8 3c 00 0a fb 00
INFO - 23 e4 08 3c 00 0a e8 00
INFO - 23 e6 48 3c 00 0a a5 00
INFO - 23 e9 88 3c 00 0a b2 00
INFO - 23 eb c8 3c 00 0a a5 00
INFO - 23 ed 08 3c 00 0a a4 00
INFO - 23 ef 48 3c 00 0a c8 00
INFO - 23 f2 88 3c 00 0a b9 00
INFO - 23 f4 c8 3c 00 0a b8 00
INFO - 23 f6 08 3c 00 0a 79 00
INFO - 23 fa 48 3c 00 0a dd 00
INFO - 23 fc 88 3c 00 0a b9 00
INFO - 23 ff c8 3c 00 0a e0 00
INFO - 24 02 08 3c 00 0a c6 00
INFO - 24 05 48 3c 00 0a d3 00
INFO - 24 07 88 3c 00 0a b2 00
INFO - 24 0b c8 3c 00 0a ed 00
INFO - 24 12 08 3c 00 0b af 00
INFO - 24 15 48 3c 00 0a cc 00
INFO - 24 18 88 3c 00 0a cd 00
INFO - 24 1b c8 3c 00 0a c9 00
INFO - 24 1d 08 3c 00 0a be 00
INFO - 24 20 48 3c 00 0a ca 00
INFO - 24 22 88 3c 00 0a b2 00
INFO - 24 25 c8 3c 00 0a d0 00
INFO - 24 27 08 3c 00 0a a3 00
INFO - 24 2a 48 3c 00 0a d8 00
INFO - 24 2c 88 3c 00 0a 94 00
INFO - 24 2f c8 3c 00 0a e5 00
INFO - 24 33 08 3c 00 0a f7 00
INFO - 24 36 48 3c 00 0a d5 00
INFO - 24 38 88 3c 00 0a bc 00
INFO - 24 3a c8 3c 00 0a a9 00
INFO - 24 3d 08 3c 00 0a ad 00
INFO - 24 3f 48 3c 00 0a cb 00
INFO - 24 41 88 3c 00 0a 9a 00
INFO - 24 44 c8 3c 00 0a af 00
INFO - 24 47 08 3c 00 0a dc 00
INFO - 24 4a 48 3c 00 0a fd 00
INFO - 24 4c 88 3c 00 0a 93 00
INFO - 24 50 c8 3c 00 0a fe 00
INFO - 24 52 08 3c 00 0a a0 00
INFO - 24 55 48 3c 00 0a e4 00
INFO - 24 59 88 3c 00 0a 95 00
INFO - 24 5b c8 3c 00 0a c1 00
INFO - 24 5d 08 3c 00 0a af 00
INFO - 24 60 48 3c 00 0a cf 00
INFO - 24 62 88 3c 00 0a a2 00
INFO - 24 66 c8 3c 00 0a e5 00
INFO - 24 69 08 3c 00 0a e2 00
INFO - 24 6c 48 3c 00 0a bd 00
INFO - 24 6e 88 3c 00 0a d1 00
INFO - 24 71 c8 3c 00 0a b5 00
INFO - 24 74 08 3c 00 0a d1 00
INFO - 24 76 48 3c 00 0a aa 00
INFO - 24 79 88 3c 00 0a ea 00
INFO - 24 7c c8 3c 00 0a c4 00
INFO - 24 80 08 3c 00 0b 05 00
INFO - 24 83 48 3c 00 0a c8 00
INFO - 24 85 88 3c 00 0a b9 00
INFO - 24 88 c8 3c 00 0a be 00
INFO - 24 8a 08 3c 00 0a b0 00
INFO - 24 8c 48 3c 00 0a b0 00
INFO - 24 8f 88 3c 00 0a e5 00
INFO - 24 92 c8 3c 00 0a bd 00
INFO - 24 94 08 3c 00 0a b0 00
INFO - 24 98 48 3c 00 0a f9 00
INFO - 24 9a 88 3c 00 0a b8 00
INFO - 24 9e c8 3c 00 0a f7 00
INFO - 24 a1 08 3c 00 0a cc 00
INFO - 24 a4 48 3c 00 0a c1 00
INFO - 24 a6 88 3c 00 0a ab 00
INFO - 24 a8 c8 3c 00 0a be 00
INFO - 24 ab 08 3c 00 0a ca 00
INFO - 24 ad 48 3c 00 0a bd 00
INFO - 24 b0 88 3c 00 0a bf 00
INFO - 24 b4 c8 3c 00 0b 18 00
INFO - 24 b7 08 3c 00 0a ca 00
INFO - 24 ba 48 3c 00 0a be 00
INFO - 24 bd 88 3c 00 0a cb 00
INFO - 24 c1 c8 3c 00 0b 12 00
INFO - 24 c4 08 3c 00 0a ca 00
INFO - 24 c6 48 3c 00 0a 7e 00
INFO - 24 c9 88 3c 00 0a ea 00
INFO - 24 cc c8 3c 00 0a ab 00
INFO - 24 cf 08 3c 00 0a d2 00
INFO - 24 d2 48 3c 00 0a de 00
INFO - 24 d4 88 3c 00 0a b1 00
INFO - 24 d7 c8 3c 00 0a c9 00
INFO - 24 da 08 3c 00 0a d9 00
INFO - 24 dc 48 3c 00 0a bc 00
INFO - 24 df 88 3c 00 0a c6 00
INFO - 24 e1 c8 3c 00 0a b0 00
INFO - 24 e5 08 3c 00 0a df 00
INFO - 24 e8 48 3c 00 0a f2 00
INFO - 24 eb 88 3c 00 0a da 00
INFO - 24 ee c8 3c 00 0a bc 00
INFO - 24 f1 08 3c 00 0a cd 00
INFO - 24 f4 48 3c 00 0a df 00
INFO - 24 f6 88 3c 00 0a a2 00
INFO - 24 f8 c8 3c 00 0a b7 00
INFO - 24 fa 08 3c 00 0a 8b 00
INFO - 24 fe 48 3c 00 0b 06 00
INFO - 25 01 88 3c 00 0a e3 00
INFO - 25 04 c8 3c 00 0a c0 00
INFO - 25 05 08 3c 00 0a 9d 00
INFO - 25 08 48 3c 00 0a bb 00
INFO - 25 0b 88 3c 00 0a db 00
INFO - 25 0d c8 3c 00 0a ba 00
INFO - 25 10 08 3c 00 0a a9 00
INFO - 25 12 48 3c 00 0a c4 00
INFO - 25 15 88 3c 00 0a cc 00
INFO - 25 18 c8 3c 00 0a c7 00
INFO - 25 1a 08 3c 00 0a a6 00
INFO - 25 1e 48 3c 00 0b 04 00
INFO - 25 21 88 3c 00 0a ee 00
INFO - 25 24 c8 3c 00 0a c0 00
INFO - 25 26 08 3c 00 0a 9e 00
INFO - 25 28 48 3c 00 0a b5 00
INFO - 25 2a 88 3c 00 0a b3 00
INFO - 25 2e c8 3c 00 0a f7 00
INFO - 25 30 08 3c 00 0a 76 00
INFO - 25 32 48 3c 00 0a aa 00
INFO - 25 35 88 3c 00 0a b3 00
INFO - 25 37 c8 3c 00 0a 9f 00
INFO - 25 39 08 3c 00 0a c2 00
INFO - 25 3b 48 3c 00 0a a7 00
INFO - 25 3e 88 3c 00 0a b8 00
INFO - 25 40 c8 3c 00 0a 99 00
INFO - 25 42 08 3c 00 0a c6 00
INFO - 25 44 48 3c 00 0a a6 00
INFO - 25 46 88 3c 00 0a 9f 00
INFO - 25 48 c8 3c 00 0a a9 00
INFO - 25 4a 08 3c 00 0a a7 00
INFO - 25 4e 48 3c 00 0a ed 00
INFO - 25 51 88 3c 00 0a c2 00
INFO - 25 54 c8 3c 00 0a ed 00
INFO - 25 57 08 3c 00 0a dd 00
INFO - 25 5a 48 3c 00 0a de 00
INFO - 25 5f 88 3c 00 0b 30 00
INFO - 25 62 c8 3c 00 0a df 00
INFO - 25 64 08 3c 00 0a 90 00
INFO - 25 67 48 3c 00 0a d0 00
INFO - 25 69 88 3c 00 0a b9 00
INFO - 25 6d c8 3c 00 0a fa 00
INFO - 25 71 08 3c 00 0a f7 00
INFO - 25 74 48 3c 00 0a df 00
INFO - 25 76 88 3c 00 0a 9f 00
INFO - 25 78 c8 3c 00 0a aa 00
INFO - 25 7b 08 3c 00 0a d1 00
INFO - 25 7e 48 3c 00 0a df 00
INFO - 25 80 88 3c 00 0a ad 00
INFO - 25 84 c8 3c 00 0a eb 00
INFO - 25 87 08 3c 00 0a c7 00
INFO - 25 8a 48 3c 00 0a d0 00
INFO - 25 8d 88 3c 00 0a d5 00
INFO - 25 8f c8 3c 00 0a d0 00
INFO - 25 93 08 3c 00 0a e2 00
INFO - 25 95 48 3c 00 0a a9 00
INFO - 25 97 88 3c 00 0a 7d 00
INFO - 25 9a c8 3c 00 0a df 00
INFO - 25 9e 08 3c 00 0a e1 00
INFO - 25 a0 48 3c 00 0a c8 00
INFO - 25 a4 88 3c 00 0a df 00
INFO - 25 a6 c8 3c 00 0a ad 00
INFO - 25 a9 08 3c 00 0a ef 00
INFO - 25 ac 48 3c 00 0a c7 00
INFO - 25 af 88 3c 00 0a d5 00
INFO - 25 b2 c8 3c 00 0a c6 00
INFO - 25 b5 08 3c 00 0a d3 00
INFO - 25 b7 48 3c 00 0a ae 00
INFO - 25 bb 88 3c 00 0a fe 00
INFO - 25 bd c8 3c 00 0a 9f 00
INFO - 25 c0 08 3c 00 0a f0 00
INFO - 25 c4 48 3c 00 0a e2 00
INFO - 25 c6 88 3c 00 0a ae 00
INFO - 25 c8 c8 3c 00 0a bb 00
INFO - 25 cb 08 3c 00 0a d4 00
INFO - 25 cf 48 3c 00 0a ff 00
INFO - 25 d3 88 3c 00 0a f4 00
INFO - 25 d5 c8 3c 00 0a ba 00
INFO - 25 d8 08 3c 00 0a d8 00
INFO - 25 dc 48 3c 00 0a e4 00
INFO - 25 dd 88 3c 00 0a a0 00
INFO - 25 e0 c8 3c 00 0a ca 00
INFO - 25 e3 08 3c 00 0a c8 00
INFO - 25 e6 48 3c 00 0a d7 00
INFO - 25 ea 88 3c 00 0a f3 00
INFO - 25 ec c8 3c 00 0a be 00
INFO - 25 ef 08 3c 00 0a d8 00
INFO - 25 f2 48 3c 00 0a ca 00
INFO - 25 f6 88 3c 00 0a f1 00
INFO - 25 f8 c8 3c 00 0a cd 00
INFO - 25 fb 08 3c 00 0a ca 00
INFO - 25 fe 48 3c 00 0a d9 00
INFO - 26 01 88 3c 00 0a 7e 00
INFO - 26 03 c8 3c 00 0a b1 00
INFO - 26 06 08 3c 00 0a c9 00
INFO - 26 08 48 3c 00 0a b1 00
INFO - 26 0b 88 3c 00 0a d9 00
INFO - 26 0e c8 3c 00 0a cb 00
INFO - 26 10 08 3c 00 0a bb 00
INFO - 26 13 48 3c 00 0a bf 00
INFO - 26 16 88 3c 00 0a bc 00
INFO - 26 18 c8 3c 00 0a cd 00
INFO - 26 1b 08 3c 00 0a d9 00
INFO - 26 1f 48 3c 00 0a e0 00
INFO - 26 21 88 3c 00 0a a0 00
INFO - 26 25 c8 3c 00 0b 03 00
INFO - 26 27 08 3c 00 0a a1 00
INFO - 26 2b 48 3c 00 0b 02 00
INFO - 26 2e 88 3c 00 0a f3 00
INFO - 26 31 c8 3c 00 0a bf 00
INFO - 26 34 08 3c 00 0a c8 00
INFO - 26 37 48 3c 00 0a f7 00
INFO - 26 3a 88 3c 00 0a bd 00
INFO - 26 3d c8 3c 00 0a ca 00
INFO - 26 40 08 3c 00 0a e9 00
INFO - 26 42 48 3c 00 0a ad 00
INFO - 26 46 88 3c 00 0b 04 00
INFO - 26 49 c8 3c 00 0a e5 00
INFO - 26 4c 08 3c 00 0a be 00
INFO - 26 50 48 3c 00 0a f1 00
INFO - 26 52 88 3c 00 0a bc 00
INFO - 26 55 c8 3c 00 0a cc 00
INFO - 26 57 08 3c 00 0a ae 00
INFO - 26 5b 48 3c 00 0b 13 00
INFO - 26 5e 88 3c 00 0a be 00
INFO - 26 62 c8 3c 00 0b 02 00
INFO - 26 66 08 3c 00 0a b0 00
INFO - 26 6a 48 3c 00 0a db 00
INFO - 26 6d 88 3c 00 0b 02 00
INFO - 26 71 c8 3c 00 0a da 00
INFO - 26 73 08 3c 00 0a bf 00
INFO - 26 76 48 3c 00 0a bd 00
INFO - 26 78 88 3c 00 0a b0 00
INFO - 26 7b c8 3c 00 0a cc 00
INFO - 26 7e 08 3c 00 0a da 00
INFO - 26 80 48 3c 00 0a bd 00
INFO - 26 83 88 3c 00 0a bf 00
INFO - 26 88 c8 3c 00 0a d7 00
INFO - 26 8a 08 3c 00 0a a1 00
INFO - 26 8d 48 3c 00 0a bf 00
INFO - 26 8f 88 3c 00 0a af 00
INFO - 26 91 c8 3c 00 0a a1 00
INFO - 26 94 08 3c 00 0a cc 00
INFO - 26 97 48 3c 00 0a be 00
INFO - 26 9a 88 3c 00 0a f4 00
INFO - 26 9e c8 3c 00 0a f4 00
INFO - 26 a0 08 3c 00 0a a1 00
INFO - 26 a2 48 3c 00 0a a1 00
INFO - 26 a4 88 3c 00 0a be 00
INFO - 26 a6 c8 3c 00 0a a0 00
INFO - 26 aa 08 3c 00 0a e7 00
INFO - 26 ac 48 3c 00 0a bc 00
INFO - 26 af 88 3c 00 0a bd 00
INFO - 26 b0 c8 3c 00 0a a0 00
INFO - 26 b3 08 3c 00 0a b7 00
INFO - 26 b5 48 3c 00 0a 92 00
INFO - 26 b7 88 3c 00 0a bb 00
INFO - 26 bb c8 3c 00 0a da 00
INFO - 26 bd 08 3c 00 0a ad 00
INFO - 26 bf 48 3c 00 0a be 00
INFO - 26 c1 88 3c 00 0a ae 00
INFO - 26 c4 c8 3c 00 0a b0 00
INFO - 26 c6 08 3c 00 0a ad 00
INFO - 26 c8 48 3c 00 0a bc 00
INFO - 26 cb 88 3c 00 0a cc 00
INFO - 26 cf c8 3c 00 0b 01 00
INFO - 26 d3 08 3c 00 0a f1 00
INFO - 26 d7 48 3c 00 0b 1d 00
INFO - 26 e1 88 3c 00 0b fe 00
INFO - 26 e3 c8 3c 00 0a 9f 00
INFO - 26 e6 08 3c 00 0a cc 00
INFO - 26 e9 48 3c 00 0a c7 00
INFO - 26 eb 88 3c 00 0a af 00
INFO - 26 ed c8 3c 00 0a b0 00
INFO - 26 f0 08 3c 00 0a c7 00
INFO - 26 f3 48 3c 00 0a db 00
INFO - 26 f5 88 3c 00 0a ac 00
INFO - 26 f8 c8 3c 00 0a ca 00
INFO - 26 fa 08 3c 00 0a bd 00
INFO - 26 fd 48 3c 00 0a cc 00
INFO - 27 01 88 3c 00 0a f3 00
INFO - 27 03 c8 3c 00 0a ac 00
INFO - 27 06 08 3c 00 0a da 00
INFO - 27 09 48 3c 00 0a ba 00
INFO - 27 0b 88 3c 00 0a cc 00
INFO - 27 0e c8 3c 00 0a c7 00
INFO - 27 12 08 3c 00 0b 0f 00
INFO - 27 15 48 3c 00 0a af 00
INFO - 27 17 88 3c 00 0a cd 00
INFO - 27 1a c8 3c 00 0a c7 00
INFO - 27 1d 08 3c 00 0a cd 00
INFO - 27 1f 48 3c 00 0a b9 00
INFO - 27 22 88 3c 00 0a bc 00
INFO - 27 26 c8 3c 00 0b 04 00
INFO - 27 29 08 3c 00 0a e2 00
INFO - 27 2b 48 3c 00 0a af 00
INFO - 27 2e 88 3c 00 0a ca 00
INFO - 27 30 c8 3c 00 0a b1 00
INFO - 27 32 08 3c 00 0a 76 00
INFO - 27 35 48 3c 00 0a bc 00
INFO - 27 3a 88 3c 00 0b 2b 00
INFO - 27 3c c8 3c 00 0a b0 00
INFO - 27 3e 08 3c 00 0a ba 00
INFO - 27 41 48 3c 00 0a cc 00
INFO - 27 45 88 3c 00 0b 00 00
INFO - 27 47 c8 3c 00 0a 90 00
INFO - 27 4b 08 3c 00 0b 03 00
INFO - 27 4d 48 3c 00 0a c6 00
INFO - 27 50 88 3c 00 0a ae 00
INFO - 27 52 c8 3c 00 0a 9f 00
INFO - 27 54 08 3c 00 0a be 00
INFO - 27 57 48 3c 00 0a c5 00
INFO - 27 5a 88 3c 00 0a cc 00
INFO - 27 5c c8 3c 00 0a ab 00
INFO - 27 5f 08 3c 00 0a cb 00
INFO - 27 61 48 3c 00 0a c6 00
INFO - 27 64 88 3c 00 0a bd 00
INFO - 27 67 c8 3c 00 0a d2 00
INFO - 27 69 08 3c 00 0a bd 00
INFO - 27 6d 48 3c 00 0a e0 00
INFO - 27 6f 88 3c 00 0a af 00
INFO - 27 72 c8 3c 00 0a e3 00
INFO - 27 75 08 3c 00 0a b7 00
INFO - 27 78 48 3c 00 0a d9 00
INFO - 27 7a 88 3c 00 0a 9f 00
INFO - 27 7f c8 3c 00 0b 34 00
INFO - 27 81 08 3c 00 0a d2 00
INFO - 27 84 48 3c 00 0a ba 00
INFO - 27 87 88 3c 00 0a c7 00
INFO - 27 89 c8 3c 00 0a b0 00
INFO - 27 8c 08 3c 00 0a d5 00
INFO - 27 8f 48 3c 00 0a c4 00
INFO - 27 92 88 3c 00 0a d4 00
INFO - 27 94 c8 3c 00 0a d4 00
INFO - 27 97 08 3c 00 0a ca 00
INFO - 27 9a 48 3c 00 0a df 00
INFO - 27 9e 88 3c 00 0a fc 00
INFO - 27 a1 c8 3c 00 0a b9 00
INFO - 27 a3 08 3c 00 0a af 00
INFO - 27 a6 48 3c 00 0a ef 00
INFO - 27 a9 88 3c 00 0a b5 00
INFO - 27 ac c8 3c 00 0a c6 00
INFO - 27 ae 08 3c 00 0a c6 00
INFO - 27 b2 48 3c 00 0a ee 00
INFO - 27 b5 88 3c 00 0a d3 00
INFO - 27 b7 c8 3c 00 0a bc 00
INFO - 27 ba 08 3c 00 0a b5 00
INFO - 27 bd 48 3c 00 0a d6 00
INFO - 27 be 88 3c 00 0a 8e 00
INFO - 27 c2 c8 3c 00 0a f1 00
INFO - 27 c4 08 3c 00 0a b5 00
INFO - 27 c7 48 3c 00 0a c6 00
INFO - 27 c9 88 3c 00 0a bb 00
INFO - 27 cd c8 3c 00 0a f7 00
INFO - 27 cf 08 3c 00 0a af 00
INFO - 27 d2 48 3c 00 0a c5 00
INFO - 27 d4 88 3c 00 0a a8 00
INFO - 27 d8 c8 3c 00 0b 0b 00
INFO - 27 da 08 3c 00 0a a7 00
INFO - 27 dd 48 3c 00 0a b8 00
INFO - 27 e0 88 3c 00 0a d5 00
INFO - 27 e2 c8 3c 00 0a b4 00
INFO - 27 e5 08 3c 00 0a c8 00
INFO - 27 ec 48 3c 00 0a bf 00
INFO - 27 ee 88 3c 00 0a ad 00
INFO - 27 f1 c8 3c 00 0a c2 00
INFO - 27 f3 08 3c 00 0a a9 00
INFO - 27 f4 48 3c 00 0a 93 00
INFO - 27 f7 88 3c 00 0a c1 00
INFO - 27 fa c8 3c 00 0a d6 00
INFO - 27 fd 08 3c 00 0a ce 00
INFO - 28 00 48 3c 00 0a c8 00
INFO - 28 03 88 3c 00 0a f6 00
INFO - 28 06 c8 3c 00 0a ba 00
INFO - 28 09 08 3c 00 0a f7 00
INFO - 28 0c 48 3c 00 0a d1 00
INFO - 28 0f 88 3c 00 0a d1 00
INFO - 28 12 c8 3c 00 0a c5 00
INFO - 28 15 08 3c 00 0a c5 00
INFO - 28 18 48 3c 00 0a e2 00
INFO - 28 1a 88 3c 00 0a 9c 00
INFO - 28 1c c8 3c 00 0a c5 00
INFO - 28 1f 08 3c 00 0a c2 00
INFO - 28 22 48 3c 00 0a e3 00
INFO - 28 24 88 3c 00 0a 9a 00
INFO - 28 26 c8 3c 00 0a ad 00
INFO - 28 28 08 3c 00 0a a8 00
INFO - 28 2b 48 3c 00 0a b8 00
INFO - 28 2d 88 3c 00 0a a0 00
INFO - 28 2f c8 3c 00 0a b5 00
INFO - 28 31 08 3c 00 0a 9c 00
INFO - 28 33 48 3c 00 0a bb 00
INFO - 28 36 88 3c 00 0a b8 00
INFO - 28 39 c8 3c 00 0a dc 00
INFO - 28 3c 08 3c 00 0a c5 00
INFO - 28 3e 48 3c 00 0a c5 00
INFO - 28 41 88 3c 00 0a 7c 00
INFO - 28 48 c8 3c 00 0b 9c 00
INFO - 28 4b 08 3c 00 0a cf 00
INFO - 28 4e 48 3c 00 0a ed 00
INFO - 28 51 88 3c 00 0a d2 00
INFO - 28 56 c8 3c 00 0b 1f 00
INFO - 28 59 08 3c 00 0a c2 00
INFO - 28 5d 48 3c 00 0a ef 00
INFO - 28 5e 88 3c 00 0a 9a 00
INFO - 28 61 c8 3c 00 0a ba 00
INFO - 28 63 08 3c 00 0a b5 00
INFO - 28 65 48 3c 00 0a a9 00
INFO - 28 68 88 3c 00 0a bb 00
INFO - 28 6a c8 3c 00 0a c2 00
INFO - 28 6d 08 3c 00 0a b7 00
INFO - 28 6f 48 3c 00 0a c4 00
INFO - 28 72 88 3c 00 0a d1 00
INFO - 28 74 c8 3c 00 0a aa 00
INFO - 28 77 08 3c 00 0a d1 00
INFO - 28 7a 48 3c 00 0a c4 00
INFO - 28 7d 88 3c 00 0a d1 00
INFO - 28 7f c8 3c 00 0a aa 00
INFO - 28 82 08 3c 00 0a d0 00
INFO - 28 84 48 3c 00 0a 9c 00
INFO - 28 88 88 3c 00 0b 13 00
INFO - 28 8a c8 3c 00 0a b6 00
INFO - 28 8e 08 3c 00 0a eb 00
INFO - 28 90 48 3c 00 0a aa 00
INFO - 28 92 88 3c 00 0a 7b 00
INFO - 28 94 c8 3c 00 0a a8 00
INFO - 28 98 08 3c 00 0a e0 00
INFO - 28 9a 48 3c 00 0a c1 00
INFO - 28 9d 88 3c 00 0a b8 00
INFO - 28 9f c8 3c 00 0a c1 00
INFO - 28 a3 08 3c 00 0a ec 00
INFO - 28 a5 48 3c 00 0a b3 00
INFO - 28 a8 88 3c 00 0a c3 00
INFO - 28 ab c8 3c 00 0a e9 00
INFO - 28 ad 08 3c 00 0a ab 00
INFO - 28 af 48 3c 00 0a b3 00
INFO - 28 b3 88 3c 00 0a df 00
INFO - 28 b4 c8 3c 00 0a 98 00
INFO - 28 b7 08 3c 00 0a c3 00
INFO - 28 ba 48 3c 00 0a c1 00
INFO - 28 bd 88 3c 00 0a ed 00
INFO - 28 c0 c8 3c 00 0a bf 00
INFO - 28 c2 08 3c 00 0a c5 00
INFO - 28 c5 48 3c 00 0a cd 00
INFO - 28 c8 88 3c 00 0a d2 00
INFO - 28 ca c8 3c 00 0a a5 00
INFO - 28 cd 08 3c 00 0a c6 00
INFO - 28 cf 48 3c 00 0a a5 00
INFO - 28 d3 88 3c 00 0a fa 00
INFO - 28 d5 c8 3c 00 0a a5 00
INFO - 28 d8 08 3c 00 0a eb 00
INFO - 28 da 48 3c 00 0a 9e 00
INFO - 28 dd 88 3c 00 0a ce 00
INFO - 28 e0 c8 3c 00 0a c7 00
INFO - 28 e2 08 3c 00 0a b2 00
INFO - 28 e5 48 3c 00 0a d4 00
INFO - 28 e7 88 3c 00 0a b3 00
INFO - 28 e9 c8 3c 00 0a 93 00
INFO - 28 eb 08 3c 00 0a b3 00
INFO - 28 ed 48 3c 00 0a aa 00
INFO - 28 f0 88 3c 00 0a b6 00
INFO - 28 f2 c8 3c 00 0a c7 00
INFO - 28 f5 08 3c 00 0a b4 00
INFO - 28 f8 48 3c 00 0a d5 00
INFO - 28 fb 88 3c 00 0a db 00
INFO - 28 fd c8 3c 00 0a ba 00
INFO - 29 01 08 3c 00 0a e8 00
INFO - 29 03 48 3c 00 0a ba 00
INFO - 29 06 88 3c 00 0a c1 00
INFO - 29 08 c8 3c 00 0a c7 00
INFO - 29 0c 08 3c 00 0a f5 00
INFO - 29 0f 48 3c 00 0a d3 00
INFO - 29 12 88 3c 00 0a db 00
INFO - 29 16 c8 3c 00 0a f8 00
INFO - 29 19 08 3c 00 0a c4 00
INFO - 29 1c 48 3c 00 0a d3 00
INFO - 29 1e 88 3c 00 0a b3 00
INFO - 29 20 c8 3c 00 0a c4 00
INFO - 29 23 08 3c 00 0a d3 00
INFO - 29 27 48 3c 00 0b 02 00
INFO - 29 29 88 3c 00 0a 9e 00
INFO - 29 2c c8 3c 00 0a c0 00
INFO - 29 2f 08 3c 00 0a c6 00
INFO - 29 31 48 3c 00 0a c0 00
INFO - 29 33 88 3c 00 0a ab 00
INFO - 29 36 c8 3c 00 0a c0 00
INFO - 29 38 08 3c 00 0a ac 00
INFO - 29 3a 48 3c 00 0a b3 00
INFO - 29 3e 88 3c 00 0a f7 00
INFO - 29 41 c8 3c 00 0a dc 00
INFO - 29 44 08 3c 00 0a d0 00
INFO - 29 46 48 3c 00 0a b8 00
INFO - 29 48 88 3c 00 0a 99 00
INFO - 29 4b c8 3c 00 0a cf 00
INFO - 29 4d 08 3c 00 0a ac 00
INFO - 29 50 48 3c 00 0a c3 00
INFO - 29 53 88 3c 00 0a cc 00
INFO - 29 56 c8 3c 00 0a ec 00
INFO - 29 59 08 3c 00 0a b2 00
INFO - 29 5d 48 3c 00 0a a4 00
INFO - 29 5f 88 3c 00 0a bf 00
INFO - 29 62 c8 3c 00 0a de 00
INFO - 29 65 08 3c 00 0a bf 00
INFO - 29 67 48 3c 00 0a b7 00
INFO - 29 69 88 3c 00 0a 8c 00
INFO - 29 6b c8 3c 00 0a c1 00
INFO - 29 6e 08 3c 00 0a aa 00
INFO - 29 70 48 3c 00 0a be 00
INFO - 29 72 88 3c 00 0a aa 00
INFO - 29 76 c8 3c 00 0a ff 00
INFO - 29 79 08 3c 00 0a c3 00
INFO - 29 7c 48 3c 00 0a ca 00
INFO - 29 7e 88 3c 00 0a a9 00
INFO - 29 80 c8 3c 00 0a b0 00
INFO - 29 82 08 3c 00 0a 9c 00
INFO - 29 84 48 3c 00 0a c9 00
INFO - 29 87 88 3c 00 0a a7 00
INFO - 29 89 c8 3c 00 0a c1 00
INFO - 29 8b 08 3c 00 0a a3 00
INFO - 29 8d 48 3c 00 0a 9b 00
INFO - 29 90 88 3c 00 0a c9 00
INFO - 29 92 c8 3c 00 0a b5 00
INFO - 29 96 08 3c 00 0a fb 00
INFO - 29 99 48 3c 00 0a f2 00
INFO - 29 9b 88 3c 00 0a 89 00
INFO - 29 9d c8 3c 00 0a b3 00
INFO - 29 9f 08 3c 00 0a 95 00
INFO - 29 a1 48 3c 00 0a b1 00
INFO - 29 a3 88 3c 00 0a a4 00
INFO - 29 a6 c8 3c 00 0a cc 00
INFO - 29 ad 08 3c 00 0b 99 00
INFO - 29 b0 48 3c 00 0a bf 00
INFO - 29 b2 88 3c 00 0a ac 00
INFO - 29 b5 c8 3c 00 0a ef 00
INFO - 29 b7 08 3c 00 0a 93 00
INFO - 29 b9 48 3c 00 0a ae 00
INFO - 29 bc 88 3c 00 0a e3 00
INFO - 29 bf c8 3c 00 0a c7 00
INFO - 29 c3 08 3c 00 0b 0c 00
INFO - 29 c6 48 3c 00 0a b1 00
INFO - 29 c7 88 3c 00 0a 86 00
INFO - 29 ca c8 3c 00 0a d5 00
INFO - 29 cc 08 3c 00 0a 92 00
INFO - 29 ce 48 3c 00 0a a1 00
INFO - 29 d0 88 3c 00 0a a4 00
INFO - 29 d2 c8 3c 00 0a ce 00
INFO - 29 d5 08 3c 00 0a bb 00
INFO - 29 d7 48 3c 00 0a b6 00
INFO - 29 d9 88 3c 00 0a ae 00
INFO - 29 dc c8 3c 00 0a b6 00
INFO - 29 df 08 3c 00 0a d3 00
INFO - 29 e2 48 3c 00 0a f0 00
INFO - 29 e4 88 3c 00 0a a0 00
INFO - 29 e6 c8 3c 00 0a ae 00
INFO - 29 ea 08 3c 00 0a f2 00
INFO - 29 ed 48 3c 00 0a cc 00
INFO - 29 f0 88 3c 00 0a d1 00
INFO - 29 f3 c8 3c 00 0a cc 00
INFO - 29 f5 08 3c 00 0a b9 00
INFO - 29 f7 48 3c 00 0a a8 00
INFO - 29 f9 88 3c 00 0a a2 00
INFO - 29 fb c8 3c 00 0a b5 00
INFO - 29 fd 08 3c 00 0a 70 00
INFO - 2a 00 48 3c 00 0a bb 00
INFO - 2a 02 88 3c 00 0a 9c 00
INFO - 2a 04 c8 3c 00 0a c4 00
INFO - 2a 07 08 3c 00 0a ae 00
INFO - 2a 09 48 3c 00 0a b8 00
INFO - 2a 0b 88 3c 00 0a a9 00
INFO - 2a 0e c8 3c 00 0a d0 00
INFO - 2a 10 08 3c 00 0a af 00
INFO - 2a 14 48 3c 00 0a f2 00
INFO - 2a 16 88 3c 00 0a ae 00
INFO - 2a 19 c8 3c 00 0a d1 00
INFO - 2a 1b 08 3c 00 0a 9d 00
INFO - 2a 1e 48 3c 00 0a c6 00
INFO - 2a 20 88 3c 00 0a d3 00
INFO - 2a 22 c8 3c 00 0a 9e 00
INFO - 2a 25 08 3c 00 0a c8 00
INFO - 2a 27 48 3c 00 0a 9e 00
INFO - 2a 29 88 3c 00 0a a1 00
INFO - 2a 2c c8 3c 00 0a c7 00
INFO - 2a 2d 08 3c 00 0a 92 00
INFO - 2a 31 48 3c 00 0a e9 00
INFO - 2a 34 88 3c 00 0a e8 00
INFO - 2a 36 c8 3c 00 0a 97 00
INFO - 2a 38 08 3c 00 0a 9d 00
INFO - 2a 3a 48 3c 00 0a b9 00
INFO - 2a 3d 88 3c 00 0a ba 00
INFO - 2a 40 c8 3c 00 0a d0 00
INFO - 2a 41 08 3c 00 0a 85 00
INFO - 2a 44 48 3c 00 0a dd 00
INFO - 2a 47 88 3c 00 0a e8 00
INFO - 2a 49 c8 3c 00 0a 9f 00
INFO - 2a 4c 08 3c 00 0a c7 00
INFO - 2a 4e 48 3c 00 0a 7c 00
INFO - 2a 52 88 3c 00 0b 00 00
INFO - 2a 54 c8 3c 00 0a a0 00
INFO - 2a 56 08 3c 00 0a d2 00
INFO - 2a 59 48 3c 00 0a aa 00
INFO - 2a 5b 88 3c 00 0a ba 00
INFO - 2a 5d c8 3c 00 0a b4 00
INFO - 2a 60 08 3c 00 0a d2 00
INFO - 2a 62 48 3c 00 0a a9 00
INFO - 2a 65 88 3c 00 0a ac 00
INFO - 2a 67 c8 3c 00 0a b7 00
INFO - 2a 69 08 3c 00 0a b7 00
INFO - 2a 6c 48 3c 00 0a ba 00
INFO - 2a 6e 88 3c 00 0a b5 00
INFO - 2a 70 c8 3c 00 0a ad 00
INFO - 2a 73 08 3c 00 0a cc 00
INFO - 2a 76 48 3c 00 0a ba 00
INFO - 2a 78 88 3c 00 0a a7 00
INFO - 2a 7a c8 3c 00 0a c3 00
INFO - 2a 7d 08 3c 00 0a c1 00
INFO - 2a 7f 48 3c 00 0a a2 00
INFO - 2a 81 88 3c 00 0a b3 00
INFO - 2a 83 c8 3c 00 0a aa 00
INFO - 2a 87 08 3c 00 0a f0 00
INFO - 2a 89 48 3c 00 0a b8 00
INFO - 2a 8b 88 3c 00 0a 9a 00
INFO - 2a 8e c8 3c 00 0a b5 00
INFO - 2a 90 08 3c 00 0a ce 00
INFO - 2a 93 48 3c 00 0a b1 00
INFO - 2a 95 88 3c 00 0a c0 00
INFO - 2a 97 c8 3c 00 0a 91 00
INFO - 2a 9a 08 3c 00 0a d6 00
INFO - 2a 9c 48 3c 00 0a b4 00
INFO - 2a a0 88 3c 00 0a e2 00
INFO - 2a a1 c8 3c 00 0a 9c 00
INFO - 2a a4 08 3c 00 0a b3 00
INFO - 2a a6 48 3c 00 0a be 00
INFO - 2a a8 88 3c 00 0a 74 00
INFO - 2a ab c8 3c 00 0a be 00
INFO - 2a ad 08 3c 00 0a b2 00
INFO - 2a af 48 3c 00 0a a7 00
INFO - 2a b2 88 3c 00 0a d4 00
INFO - 2a b5 c8 3c 00 0a c8 00
INFO - 2a b7 08 3c 00 0a bd 00
INFO - 2a bb 48 3c 00 0a ea 00
INFO - 2a bd 88 3c 00 0a 9a 00
INFO - 2a be c8 3c 00 0a 8f 00
INFO - 2a c1 08 3c 00 0a bc 00
INFO - 2a c3 48 3c 00 0a a5 00
INFO - 2a c4 88 3c 00 0a 8f 00
INFO - 2a c8 c8 3c 00 0a dd 00
INFO - 2a c9 08 3c 00 0a 9a 00
INFO - 2a cc 48 3c 00 0a af 00
INFO - 2a cd 88 3c 00 0a 8d 00
INFO - 2a cf c8 3c 00 0a ad 00
INFO - 2a d1 08 3c 00 0a a4 00
INFO - 2a d3 48 3c 00 0a a4 00
INFO - 2a d5 88 3c 00 0a a4 00
INFO - 2a d7 c8 3c 00 0a 8d 00
INFO - 2a d9 08 3c 00 0a ae 00
INFO - 2a db 48 3c 00 0a 8d 00
INFO - 2a dd 88 3c 00 0a a3 00
INFO - 2a de c8 3c 00 0a 98 00
INFO - 2a e1 08 3c 00 0a c3 00
INFO - 2a e3 48 3c 00 0a 8c 00
INFO - 2a e4 88 3c 00 0a 8c 00
INFO - 2a e7 c8 3c 00 0a ba 00
INFO - 2a eb 08 3c 00 0b 0e 00
INFO - 2a ec 48 3c 00 0a 88 00
INFO - 2a ef 88 3c 00 0a c2 00
INFO - 2a f1 c8 3c 00 0a 9a 00
INFO - 2a f3 08 3c 00 0a cd 00
INFO - 2a f6 48 3c 00 0a b5 00
INFO - 2a f9 88 3c 00 0a cd 00
INFO - 2a fe c8 3c 00 0b 48 00
INFO - 2b 00 08 3c 00 0a a0 00
INFO - 2b 02 48 3c 00 0a ac 00
INFO - 2b 05 88 3c 00 0a c6 00
INFO - 2b 08 c8 3c 00 0a ef 00
INFO - 2b 0b 08 3c 00 0a c1 00
INFO - 2b 0d 48 3c 00 0a b1 00
INFO - 2b 0f 88 3c 00 0a a2 00
INFO - 2b 11 c8 3c 00 0a 94 00
INFO - 2b 12 08 3c 00 0a 8f 00
INFO - 2b 14 48 3c 00 0a 95 00
INFO - 2b 17 88 3c 00 0a b8 00
INFO - 2b 19 c8 3c 00 0a b1 00
INFO - 2b 1b 08 3c 00 0a a0 00
INFO - 2b 1c 48 3c 00 0a 90 00
INFO - 2b 1f 88 3c 00 0a b6 00
INFO - 2b 21 c8 3c 00 0a b9 00
INFO - 2b 24 08 3c 00 0a cf 00
INFO - 2b 27 48 3c 00 0a bd 00
INFO - 2b 29 88 3c 00 0a aa 00
INFO - 2b 2a c8 3c 00 0a 9b 00
INFO - 2b 2c 08 3c 00 0a 8a 00
INFO - 2b 2e 48 3c 00 0a bc 00
INFO - 2b 31 88 3c 00 0a b6 00
INFO - 2b 34 c8 3c 00 0a c7 00
INFO - 2b 36 08 3c 00 0a c1 00
INFO - 2b 38 48 3c 00 0a 84 00
INFO - 2b 3a 88 3c 00 0a cc 00
INFO - 2b 3c c8 3c 00 0a a6 00
INFO - 2b 3f 08 3c 00 0a c1 00
INFO - 2b 42 48 3c 00 0a c7 00
INFO - 2b 43 88 3c 00 0a 94 00
INFO - 2b 45 c8 3c 00 0a 9c 00
INFO - 2b 48 08 3c 00 0a b5 00
INFO - 2b 49 48 3c 00 0a 99 00
INFO - 2b 4c 88 3c 00 0a bb 00
INFO - 2b 4e c8 3c 00 0a b6 00
INFO - 2b 51 08 3c 00 0a d2 00
INFO - 2b 53 48 3c 00 0a 9f 00
INFO - 2b 56 88 3c 00 0a ba 00
INFO - 2b 58 c8 3c 00 0a b2 00
INFO - 2b 5a 08 3c 00 0a 9f 00
INFO - 2b 5c 48 3c 00 0a c4 00
INFO - 2b 5e 88 3c 00 0a 9b 00
INFO - 2b 60 c8 3c 00 0a ac 00
INFO - 2b 62 08 3c 00 0a 98 00
INFO - 2b 65 48 3c 00 0a da 00
INFO - 2b 68 88 3c 00 0a 77 00
INFO - 2b 6b c8 3c 00 0a eb 00
INFO - 2b 6e 08 3c 00 0a ba 00
INFO - 2b 70 48 3c 00 0a 98 00
INFO - 2b 71 88 3c 00 0a 8d 00
INFO - 2b 73 c8 3c 00 0a a3 00
INFO - 2b 75 08 3c 00 0a af 00
INFO - 2b 78 48 3c 00 0a ae 00
INFO - 2b 79 88 3c 00 0a 8d 00
INFO - 2b 7b c8 3c 00 0a a3 00
INFO - 2b 7d 08 3c 00 0a a4 00
INFO - 2b 7f 48 3c 00 0a a4 00
INFO - 2b 82 88 3c 00 0a db 00
INFO - 2b 85 c8 3c 00 0a 78 00
INFO - 2b 87 08 3c 00 0a ba 00
INFO - 2b 8a 48 3c 00 0a b9 00
INFO - 2b 8e 88 3c 00 0a f5 00
INFO - 2b 90 c8 3c 00 0a 9a 00
INFO - 2b 93 08 3c 00 0a be 00
INFO - 2b 95 48 3c 00 0a b0 00
INFO - 2b 98 88 3c 00 0a cf 00
INFO - 2b 9a c8 3c 00 0a b3 00
INFO - 2b 9d 08 3c 00 0a bc 00
INFO - 2b 9f 48 3c 00 0a a6 00
INFO - 2b a2 88 3c 00 0a e0 00
INFO - 2b a5 c8 3c 00 0a dc 00
INFO - 2b a7 08 3c 00 0a b4 00
INFO - 2b aa 48 3c 00 0a d2 00
INFO - 2b ac 88 3c 00 0a 9d 00
INFO - 2b ae c8 3c 00 0a 9b 00
INFO - 2b b0 08 3c 00 0a 99 00
INFO - 2b b2 48 3c 00 0a cc 00
INFO - 2b b4 88 3c 00 0a a4 00
INFO - 2b b7 c8 3c 00 0a a6 00
INFO - 2b b9 08 3c 00 0a b5 00
INFO - 2b bc 48 3c 00 0a c6 00
INFO - 2b be 88 3c 00 0a aa 00
INFO - 2b c0 c8 3c 00 0a af 00
INFO - 2b c3 08 3c 00 0a d7 00
INFO - 2b c5 48 3c 00 0a a4 00
INFO - 2b c7 88 3c 00 0a b2 00
INFO - 2b ca c8 3c 00 0a c0 00
INFO - 2b cc 08 3c 00 0a 99 00
INFO - 2b ce 48 3c 00 0a 9c 00
INFO - 2b d0 88 3c 00 0a c9 00
INFO - 2b d3 c8 3c 00 0a c9 00
INFO - 2b d5 08 3c 00 0a 9e 00
INFO - 2b d8 48 3c 00 0a d2 00
INFO - 2b da 88 3c 00 0a a8 00
INFO - 2b dd c8 3c 00 0a c9 00
INFO - 2b df 08 3c 00 0a c9 00
INFO - 2b e2 48 3c 00 0a aa 00
INFO - 2b e3 88 3c 00 0a 8d 00
INFO - 2b e6 c8 3c 00 0a c1 00
INFO - 2b e7 08 3c 00 0a 8e 00
INFO - 2b ea 48 3c 00 0a c1 00
INFO - 2b ec 88 3c 00 0a 99 00
INFO - 2b ee c8 3c 00 0a a8 00
INFO - 2b f0 08 3c 00 0a b3 00
INFO - 2b f2 48 3c 00 0a a7 00
INFO - 2b f4 88 3c 00 0a a0 00
INFO - 2b f6 c8 3c 00 0a 90 00
INFO - 2b f9 08 3c 00 0a d5 00
INFO - 2b fb 48 3c 00 0a c8 00
INFO - 2b fd 88 3c 00 0a a7 00
INFO - 2b ff c8 3c 00 0a 94 00
INFO - 2c 01 08 3c 00 0a 72 00
INFO - 2c 03 48 3c 00 0a 9d 00
INFO - 2c 06 88 3c 00 0a ce 00
INFO - 2c 08 c8 3c 00 0a 9a 00
INFO - 2c 0a 08 3c 00 0a 9f 00
INFO - 2c 0c 48 3c 00 0a bc 00
INFO - 2c 11 88 3c 00 0b 07 00
INFO - 2c 13 c8 3c 00 0a a1 00
INFO - 2c 18 08 3c 00 0b 4b 00
INFO - 2c 1a 48 3c 00 0a b2 00
INFO - 2c 1d 88 3c 00 0a cf 00
INFO - 2c 20 c8 3c 00 0a d8 00
INFO - 2c 23 08 3c 00 0a 8b 00
INFO - 2c 25 48 3c 00 0a aa 00
INFO - 2c 27 88 3c 00 0a ad 00
INFO - 2c 29 c8 3c 00 0a 9b 00
INFO - 2c 2c 08 3c 00 0a c4 00
INFO - 2c 2e 48 3c 00 0a 8f 00
INFO - 2c 32 88 3c 00 0b 0b 00
INFO - 2c 35 c8 3c 00 0a d6 00
INFO - 2c 37 08 3c 00 0a c5 00
INFO - 2c 3a 48 3c 00 0a b4 00
INFO - 2c 3d 88 3c 00 0a e5 00
INFO - 2c 40 c8 3c 00 0a da 00
INFO - 2c 43 08 3c 00 0a b7 00
INFO - 2c 44 48 3c 00 0a 93 00
INFO - 2c 47 88 3c 00 0a b7 00
INFO - 2c 49 c8 3c 00 0a cf 00
INFO - 2c 4c 08 3c 00 0a c3 00
INFO - 2c 4f 48 3c 00 0a c3 00
INFO - 2c 52 88 3c 00 0a db 00
INFO - 2c 54 c8 3c 00 0a ab 00
INFO - 2c 57 08 3c 00 0a da 00
INFO - 2c 59 48 3c 00 0a a0 00
INFO - 2c 5c 88 3c 00 0a ba 00
INFO - 2c 5e c8 3c 00 0a a9 00
INFO - 2c 60 08 3c 00 0a ae 00
INFO - 2c 62 48 3c 00 0a 9e 00
INFO - 2c 65 88 3c 00 0a eb 00
INFO - 2c 68 c8 3c 00 0a b5 00
INFO - 2c 6a 08 3c 00 0a af 00
INFO - 2c 6b 48 3c 00 0a 85 00
INFO - 2c 6d 88 3c 00 0a ad 00
INFO - 2c 70 c8 3c 00 0a d3 00
INFO - 2c 72 08 3c 00 0a 9e 00
INFO - 2c 74 48 3c 00 0a 97 00
INFO - 2c 76 88 3c 00 0a 9e 00
INFO - 2c 78 c8 3c 00 0a a0 00
INFO - 2c 7b 08 3c 00 0a c8 00
INFO - 2c 7d 48 3c 00 0a ab 00
INFO - 2c 7f 88 3c 00 0a a3 00
INFO - 2c 81 c8 3c 00 0a c3 00
INFO - 2c 83 08 3c 00 0a a4 00
INFO - 2c 87 48 3c 00 0a e6 00
INFO - 2c 89 88 3c 00 0a bc 00
INFO - 2c 8c c8 3c 00 0a b7 00
INFO - 2c 8f 08 3c 00 0a d5 00
INFO - 2c 92 48 3c 00 0a e7 00
INFO - 2c 94 88 3c 00 0a 98 00
INFO - 2c 96 c8 3c 00 0a 9e 00
INFO - 2c 99 08 3c 00 0a ec 00
INFO - 2c 9c 48 3c 00 0a da 00
INFO - 2c 9f 88 3c 00 0a c9 00
INFO - 2c a1 c8 3c 00 0a 91 00
INFO - 2c a3 08 3c 00 0a b9 00
INFO - 2c a5 48 3c 00 0a 90 00
INFO - 2c a7 88 3c 00 0a ad 00
INFO - 2c aa c8 3c 00 0a b1 00
INFO - 2c ac 08 3c 00 0a 9c 00
INFO - 2c ae 48 3c 00 0a a5 00
INFO - 2c b0 88 3c 00 0a a9 00
INFO - 2c b2 c8 3c 00 0a b9 00
INFO - 2c b4 08 3c 00 0a a4 00
INFO - 2c b6 48 3c 00 0a 9e 00
INFO - 2c b9 88 3c 00 0a e1 00
INFO - 2c bd c8 3c 00 0a e6 00
INFO - 2c bf 08 3c 00 0a b0 00
INFO - 2c c2 48 3c 00 0a cd 00
INFO - 2c c5 88 3c 00 0a e2 00
INFO - 2c c7 c8 3c 00 0a a9 00
INFO - 2c cc 08 3c 00 0b 1b 00
INFO - 2c ce 48 3c 00 0a c5 00
INFO - 2c d1 88 3c 00 0a b1 00
INFO - 2c d3 c8 3c 00 0a b6 00
INFO - 2c d6 08 3c 00 0a c5 00
INFO - 2c d8 48 3c 00 0a c6 00
INFO - 2c db 88 3c 00 0a d2 00
INFO - 2c de c8 3c 00 0a e1 00
INFO - 2c e1 08 3c 00 0a a9 00
INFO - 2c e3 48 3c 00 0a a2 00
INFO - 2c e4 88 3c 00 0a 8c 00
INFO - 2c e7 c8 3c 00 0a cd 00
INFO - 2c e9 08 3c 00 0a 7f 00
INFO - 2c ec 48 3c 00 0a aa 00
INFO - 2c ee 88 3c 00 0a c7 00
INFO - 2c f0 c8 3c 00 0a 9d 00
INFO - 2c f3 08 3c 00 0a c4 00
INFO - 2c f6 48 3c 00 0a e7 00
INFO - 2c f8 88 3c 00 0a 88 00
INFO - 2c fa c8 3c 00 0a ae 00
INFO - 2c fc 08 3c 00 0a b2 00
INFO - 2c ff 48 3c 00 0a ba 00
INFO - 2d 01 88 3c 00 0a bf 00
INFO - 2d 04 c8 3c 00 0a af 00
INFO - 2d 06 08 3c 00 0a a6 00
INFO - 2d 08 48 3c 00 0a c6 00
INFO - 2d 0c 88 3c 00 0a ee 00
INFO - 2d 0e c8 3c 00 0a b6 00
INFO - 2d 11 08 3c 00 0a d2 00
INFO - 2d 14 48 3c 00 0a b6 00
INFO - 2d 16 88 3c 00 0a be 00
INFO - 2d 18 c8 3c 00 0a ab 00
INFO - 2d 1a 08 3c 00 0a ad 00
INFO - 2d 1d 48 3c 00 0a cd 00
INFO - 2d 20 88 3c 00 0a bf 00
INFO - 2d 22 c8 3c 00 0a c1 00
INFO - 2d 24 08 3c 00 0a a1 00
INFO - 2d 27 48 3c 00 0a b2 00
INFO - 2d 29 88 3c 00 0a b5 00
INFO - 2d 2c c8 3c 00 0a c1 00
INFO - 2d 2e 08 3c 00 0a ad 00
INFO - 2d 30 48 3c 00 0a 99 00
INFO - 2d 32 88 3c 00 0a 9e 00
INFO - 2d 34 c8 3c 00 0a ad 00
INFO - 2d 35 08 3c 00 0a 8d 00
INFO - 2d 38 48 3c 00 0a ad 00
INFO - 2d 3a 88 3c 00 0a bc 00
INFO - 2d 3c c8 3c 00 0a 9e 00
INFO - 2d 3f 08 3c 00 0a c2 00
INFO - 2d 40 48 3c 00 0a 9a 00
INFO - 2d 43 88 3c 00 0a c3 00
INFO - 2d 45 c8 3c 00 0a 8e 00
INFO - 2d 47 08 3c 00 0a c0 00
INFO - 2d 49 48 3c 00 0a a9 00
INFO - 2d 4b 88 3c 00 0a a6 00
INFO - 2d 4e c8 3c 00 0a c2 00
INFO - 2d 51 08 3c 00 0a ed 00
INFO - 2d 53 48 3c 00 0a 90 00
INFO - 2d 59 88 3c 00 0b 51 00
INFO - 2d 5b c8 3c 00 0a ae 00
INFO - 2d 5d 08 3c 00 0a a8 00
INFO - 2d 5f 48 3c 00 0a 7b 00
INFO - 2d 61 88 3c 00 0a 81 00
INFO - 2d 64 c8 3c 00 0a f5 00
INFO - 2d 67 08 3c 00 0a c8 00
INFO - 2d 69 48 3c 00 0a a9 00
INFO - 2d 6c 88 3c 00 0a b8 00
INFO - 2d 6e c8 3c 00 0a a8 00
INFO - 2d 71 08 3c 00 0a d9 00
INFO - 2d 73 48 3c 00 0a b2 00
INFO - 2d 76 88 3c 00 0a c2 00
INFO - 2d 78 c8 3c 00 0a a7 00
INFO - 2d 79 08 3c 00 0a 95 00
INFO - 2d 7c 48 3c 00 0a af 00
INFO - 2d 7e 88 3c 00 0a c7 00
INFO - 2d 80 c8 3c 00 0a a0 00
INFO - 2d 82 08 3c 00 0a 9a 00
INFO - 2d 85 48 3c 00 0a d5 00
INFO - 2d 88 88 3c 00 0a ba 00
INFO - 2d 8a c8 3c 00 0a 9e 00
INFO - 2d 8c 08 3c 00 0a ae 00
INFO - 2d 8d 48 3c 00 0a 88 00
INFO - 2d 90 88 3c 00 0a b6 00
INFO - 2d 92 c8 3c 00 0a a2 00
INFO - 2d 93 08 3c 00 0a 92 00
INFO - 2d 95 48 3c 00 0a 9e 00
INFO - 2d 97 88 3c 00 0a 89 00
INFO - 2d 99 c8 3c 00 0a a2 00
INFO - 2d 9a 08 3c 00 0a 99 00
INFO - 2d 9d 48 3c 00 0a b6 00
INFO - 2d 9e 88 3c 00 0a 8e 00
INFO - 2d a1 c8 3c 00 0a c0 00
INFO - 2d a3 08 3c 00 0a ad 00
INFO - 2d a6 48 3c 00 0a ba 00
INFO - 2d a9 88 3c 00 0a ee 00
INFO - 2d ab c8 3c 00 0a 95 00
INFO - 2d ae 08 3c 00 0a ed 00
INFO - 2d b1 48 3c 00 0a a1 00
INFO - 2d b4 88 3c 00 0a e6 00
INFO - 2d b6 c8 3c 00 0a b6 00
INFO - 2d b9 08 3c 00 0a bd 00
INFO - 2d bb 48 3c 00 0a ac 00
INFO - 2d be 88 3c 00 0a bd 00
INFO - 2d c0 c8 3c 00 0a ab 00
INFO - 2d c2 08 3c 00 0a bd 00
INFO - 2d c4 48 3c 00 0a ac 00
INFO - 2d c6 88 3c 00 0a 9b 00
INFO - 2d c8 c8 3c 00 0a 65 00
INFO - 2d c9 08 3c 00 0a 87 00
INFO - 2d cb 48 3c 00 0a 8e 00
INFO - 2d cd 88 3c 00 0a b8 00
INFO - 2d d1 c8 3c 00 0a f1 00
INFO - 2d d4 08 3c 00 0a b6 00
INFO - 2d d6 48 3c 00 0a 6e 00
INFO - 2d d8 88 3c 00 0a b3 00
INFO - 2d d9 c8 3c 00 0a 8e 00
INFO - 2d dc 08 3c 00 0a ce 00
INFO - 2d de 48 3c 00 0a aa 00
INFO - 2d e0 88 3c 00 0a 8e 00
INFO - 2d e2 c8 3c 00 0a 9c 00
INFO - 2d e4 08 3c 00 0a a9 00
INFO - 2d e8 48 3c 00 0a f4 00
INFO - 2d e9 88 3c 00 0a 8b 00
INFO - 2d eb c8 3c 00 0a 9a 00
INFO - 2d ed 08 3c 00 0a 92 00
INFO - 2d ef 48 3c 00 0a a7 00
INFO - 2d f0 88 3c 00 0a 95 00
INFO - 2d f2 c8 3c 00 0a a4 00
INFO - 2d f4 08 3c 00 0a aa 00
INFO - 2d f6 48 3c 00 0a 9a 00
INFO - 2d f8 88 3c 00 0a 9d 00
INFO - 2d fb c8 3c 00 0a b4 00
INFO - 2d fc 08 3c 00 0a 90 00
INFO - 2d fe 48 3c 00 0a b4 00
INFO - 2e 01 88 3c 00 0a af 00
INFO - 2e 03 c8 3c 00 0a a7 00
INFO - 2e 05 08 3c 00 0a b2 00
INFO - 2e 07 48 3c 00 0a 9d 00
INFO - 2e 09 88 3c 00 0a b6 00
INFO - 2e 0c c8 3c 00 0a d8 00
INFO - 2e 0e 08 3c 00 0a 93 00
INFO - 2e 11 48 3c 00 0a c0 00
INFO - 2e 12 88 3c 00 0a 90 00
INFO - 2e 15 c8 3c 00 0a b5 00
INFO - 2e 17 08 3c 00 0a a4 00
INFO - 2e 19 48 3c 00 0a a8 00
INFO - 2e 1a 88 3c 00 0a 9e 00
INFO - 2e 1c c8 3c 00 0a 93 00
INFO - 2e 1e 08 3c 00 0a b2 00
INFO - 2e 21 48 3c 00 0a a8 00
INFO - 2e 22 88 3c 00 0a 93 00
INFO - 2e 25 c8 3c 00 0a c7 00
INFO - 2e 27 08 3c 00 0a a8 00
INFO - 2e 29 48 3c 00 0a 9d 00
INFO - 2e 2b 88 3c 00 0a 9d 00
INFO - 2e 2c c8 3c 00 0a 93 00
INFO - 2e 2f 08 3c 00 0a c7 00
INFO - 2e 31 48 3c 00 0a a8 00
INFO - 2e 33 88 3c 00 0a a8 00
INFO - 2e 35 c8 3c 00 0a 93 00
INFO - 2e 37 08 3c 00 0a a7 00
INFO - 2e 3a 48 3c 00 0a d1 00
INFO - 2e 3b 88 3c 00 0a 88 00
INFO - 2e 3e c8 3c 00 0a b2 00
INFO - 2e 3f 08 3c 00 0a 88 00
INFO - 2e 41 48 3c 00 0a b2 00
INFO - 2e 44 88 3c 00 0a b2 00
INFO - 2e 46 c8 3c 00 0a a7 00
INFO - 2e 4a 08 3c 00 0a 99 00
INFO - 2e 4b 48 3c 00 0a 88 00
INFO - 2e 4d 88 3c 00 0a 88 00
INFO - 2e 4f c8 3c 00 0a c7 00
INFO - 2e 51 08 3c 00 0a 93 00
INFO - 2e 53 48 3c 00 0a a7 00
INFO - 2e 55 88 3c 00 0a 8b 00
INFO - 2e 57 c8 3c 00 0a af 00
INFO - 2e 59 08 3c 00 0a 95 00
INFO - 2e 5a 48 3c 00 0a 86 00
INFO - 2e 5c 88 3c 00 0a a8 00
INFO - 2e 5e c8 3c 00 0a b1 00
INFO - 2e 60 08 3c 00 0a 92 00
INFO - 2e 63 48 3c 00 0a d4 00
INFO - 2e 65 88 3c 00 0a 99 00
INFO - 2e 67 c8 3c 00 0a a8 00
INFO - 2e 69 08 3c 00 0a a0 00
INFO - 2e 6b 48 3c 00 0a 9a 00
INFO - 2e 6c 88 3c 00 0a 9d 00
INFO - 2e 71 c8 3c 00 0b 0f 00
INFO - 2e 72 08 3c 00 0a 92 00
INFO - 2e 74 48 3c 00 0a a2 00
INFO - 2e 76 88 3c 00 0a 8f 00
INFO - 2e 79 c8 3c 00 0a ca 00
INFO - 2e 7a 08 3c 00 0a 9b 00
INFO - 2e 7d 48 3c 00 0a bd 00
INFO - 2e 7f 88 3c 00 0a 96 00
INFO - 2e 82 c8 3c 00 0a ee 00
INFO - 2e 84 08 3c 00 0a a7 00
INFO - 2e 87 48 3c 00 0a b7 00
INFO - 2e 88 88 3c 00 0a 9a 00
INFO - 2e 8a c8 3c 00 0a 9f 00
INFO - 2e 8d 08 3c 00 0a cb 00
INFO - 2e 8f 48 3c 00 0a b1 00
INFO - 2e 92 88 3c 00 0a c8 00
INFO - 2e 95 c8 3c 00 0a b6 00
INFO - 2e 96 08 3c 00 0a 91 00
INFO - 2e 99 48 3c 00 0a bd 00
INFO - 2e 9b 88 3c 00 0a a2 00
INFO - 2e 9d c8 3c 00 0a b0 00
INFO - 2e a0 08 3c 00 0a cb 00
INFO - 2e a2 48 3c 00 0a af 00
INFO - 2e a4 88 3c 00 0a a2 00
INFO - 2e a6 c8 3c 00 0a a5 00
INFO - 2e a7 08 3c 00 0a 89 00
INFO - 2e aa 48 3c 00 0a b6 00
INFO - 2e ab 88 3c 00 0a 93 00
INFO - 2e ae c8 3c 00 0a ba 00
INFO - 2e b0 08 3c 00 0a b5 00
INFO - 2e b2 48 3c 00 0a 85 00
INFO - 2e b4 88 3c 00 0a bd 00
INFO - 2e b7 c8 3c 00 0a b5 00
INFO - 2e b8 08 3c 00 0a 85 00
INFO - 2e bb 48 3c 00 0a b5 00
INFO - 2e bd 88 3c 00 0a a5 00
INFO - 2e be c8 3c 00 0a 92 00
INFO - 2e c0 08 3c 00 0a ab 00
INFO - 2e c2 48 3c 00 0a 99 00
INFO - 2e c4 88 3c 00 0a a1 00
INFO - 2e c6 c8 3c 00 0a 99 00
INFO - 2e c8 08 3c 00 0a a7 00
INFO - 2e cc 48 3c 00 0a f1 00
INFO - 2e ce 88 3c 00 0a a7 00
INFO - 2e d0 c8 3c 00 0a ae 00
INFO - 2e d2 08 3c 00 0a b5 00
INFO - 2e d5 48 3c 00 0a b8 00
INFO - 2e d7 88 3c 00 0a c6 00
INFO - 2e da c8 3c 00 0a d3 00
INFO - 2e dd 08 3c 00 0a af 00
INFO - 2e de 48 3c 00 0a 9f 00
INFO - 2e e0 88 3c 00 0a 9a 00
INFO - 2e e2 c8 3c 00 0a a9 00
INFO - 2e e5 08 3c 00 0a d7 00
INFO - 2e e8 48 3c 00 0a c9 00
INFO - 2e ea 88 3c 00 0a 8f 00
INFO - 2e eb c8 3c 00 0a 87 00
INFO - 2e ed 08 3c 00 0a 91 00
INFO - 2e ef 48 3c 00 0a be 00
INFO - 2e f1 88 3c 00 0a a2 00
INFO - 2e f3 c8 3c 00 0a aa 00
INFO - 2e f6 08 3c 00 0a ac 00
INFO - 2e f8 48 3c 00 0a 7a 00
INFO - 2e fa 88 3c 00 0a 91 00
INFO - 2e fc c8 3c 00 0a a6 00
INFO - 2e fd 08 3c 00 0a 9b 00
INFO - 2f 00 48 3c 00 0a ac 00
INFO - 2f 01 88 3c 00 0a 9b 00
INFO - 2f 03 c8 3c 00 0a 9d 00
INFO - 2f 05 08 3c 00 0a 98 00
INFO - 2f 07 48 3c 00 0a 9d 00
INFO - 2f 09 88 3c 00 0a b6 00
INFO - 2f 0b c8 3c 00 0a 9b 00
INFO - 2f 0d 08 3c 00 0a 9d 00
INFO - 2f 0f 48 3c 00 0a 8e 00
INFO - 2f 10 88 3c 00 0a 7f 00
INFO - 2f 12 c8 3c 00 0a 97 00
INFO - 2f 13 08 3c 00 0a 87 00
INFO - 2f 15 48 3c 00 0a a5 00
INFO - 2f 17 88 3c 00 0a 93 00
INFO - 2f 19 c8 3c 00 0a a2 00
INFO - 2f 1b 08 3c 00 0a 9e 00
INFO - 2f 1e 48 3c 00 0a ca 00
INFO - 2f 20 88 3c 00 0a a6 00
INFO - 2f 22 c8 3c 00 0a b0 00
INFO - 2f 25 08 3c 00 0a cd 00
INFO - 2f 27 48 3c 00 0a b3 00
INFO - 2f 2a 88 3c 00 0a cc 00
INFO - 2f 2c c8 3c 00 0a b4 00
INFO - 2f 2e 08 3c 00 0a a3 00
INFO - 2f 30 48 3c 00 0a 92 00
INFO - 2f 33 88 3c 00 0a e6 00
INFO - 2f 35 c8 3c 00 0a 9a 00
INFO - 2f 37 08 3c 00 0a 94 00
INFO - 2f 38 48 3c 00 0a 9a 00
INFO - 2f 3b 88 3c 00 0a b0 00
INFO - 2f 3c c8 3c 00 0a 95 00
INFO - 2f 3e 08 3c 00 0a a4 00
INFO - 2f 40 48 3c 00 0a 94 00
INFO - 2f 42 88 3c 00 0a 9a 00
INFO - 2f 44 c8 3c 00 0a 9b 00
INFO - 2f 46 08 3c 00 0a 9f 00
INFO - 2f 47 48 3c 00 0a 92 00
INFO - 2f 4a 88 3c 00 0a ba 00
INFO - 2f 4c c8 3c 00 0a 99 00
INFO - 2f 4f 08 3c 00 0a d8 00
INFO - 2f 52 48 3c 00 0a e2 00
INFO - 2f 54 88 3c 00 0a b0 00
INFO - 2f 56 c8 3c 00 0a a7 00
INFO - 2f 59 08 3c 00 0a cb 00
INFO - 2f 5c 48 3c 00 0a c2 00
INFO - 2f 5d 88 3c 00 0a 91 00
INFO - 2f 5f c8 3c 00 0a a4 00
INFO - 2f 61 08 3c 00 0a 6a 00
INFO - 2f 63 48 3c 00 0a b5 00
INFO - 2f 65 88 3c 00 0a 99 00
INFO - 2f 68 c8 3c 00 0a ba 00
INFO - 2f 69 08 3c 00 0a 79 00
INFO - 2f 6b 48 3c 00 0a ae 00
INFO - 2f 6d 88 3c 00 0a 92 00
INFO - 2f 6f c8 3c 00 0a be 00
INFO - 2f 71 08 3c 00 0a 9b 00
INFO - 2f 73 48 3c 00 0a 97 00
INFO - 2f 75 88 3c 00 0a 98 00
INFO - 2f 76 c8 3c 00 0a 9c 00
INFO - 2f 78 08 3c 00 0a 95 00
INFO - 2f 7a 48 3c 00 0a 8f 00
INFO - 2f 7c 88 3c 00 0a a5 00
INFO - 2f 7e c8 3c 00 0a a0 00
INFO - 2f 80 08 3c 00 0a b8 00
INFO - 2f 84 48 3c 00 0a f7 00
INFO - 2f 86 88 3c 00 0a 9b 00
INFO - 2f 88 c8 3c 00 0a b2 00
INFO - 2f 8a 08 3c 00 0a 98 00
INFO - 2f 8d 48 3c 00 0a cc 00
INFO - 2f 8e 88 3c 00 0a 82 00
INFO - 2f 8f c8 3c 00 0a 8e 00
INFO - 2f 91 08 3c 00 0a 90 00
INFO - 2f 93 48 3c 00 0a 95 00
INFO - 2f 95 88 3c 00 0a a1 00
INFO - 2f 97 c8 3c 00 0a af 00
INFO - 2f 98 08 3c 00 0a 81 00
INFO - 2f 9b 48 3c 00 0a b5 00
INFO - 2f 9c 88 3c 00 0a 88 00
INFO - 2f 9e c8 3c 00 0a a9 00
INFO - 2f a0 08 3c 00 0a 92 00
INFO - 2f a3 48 3c 00 0a c8 00
INFO - 2f a4 88 3c 00 0a 8f 00
INFO - 2f a7 c8 3c 00 0a bb 00
INFO - 2f a9 08 3c 00 0a a1 00
INFO - 2f ac 48 3c 00 0a d7 00
INFO - 2f ad 88 3c 00 0a 91 00
INFO - 2f af c8 3c 00 0a a6 00
INFO - 2f b2 08 3c 00 0a ae 00
INFO - 2f b5 48 3c 00 0a cb 00
INFO - 2f b6 88 3c 00 0a 90 00
INFO - 2f b9 c8 3c 00 0a b2 00
INFO - 2f bb 08 3c 00 0a 97 00
INFO - 2f bd 48 3c 00 0a ce 00
INFO - 2f c0 88 3c 00 0a b7 00
INFO - 2f c2 c8 3c 00 0a c6 00
INFO - 2f c4 08 3c 00 0a a2 00
INFO - 2f c7 48 3c 00 0a a7 00
INFO - 2f ca 88 3c 00 0a e2 00
INFO - 2f cc c8 3c 00 0a 9d 00
INFO - 2f ce 08 3c 00 0a a1 00
INFO - 2f d0 48 3c 00 0a ae 00
INFO - 2f d2 88 3c 00 0a b4 00
INFO - 2f d5 c8 3c 00 0a b6 00
INFO - 2f d7 08 3c 00 0a b0 00
INFO - 2f d9 48 3c 00 0a bf 00
INFO - 2f db 88 3c 00 0a a6 00
INFO - 2f de c8 3c 00 0a c0 00
INFO - 2f e0 08 3c 00 0a 9b 00
INFO - 2f e2 48 3c 00 0a b6 00
INFO - 2f e4 88 3c 00 0a a3 00
INFO - 2f e7 c8 3c 00 0a b2 00
INFO - 2f e9 08 3c 00 0a c2 00
INFO - 2f ec 48 3c 00 0a be 00
INFO - 2f ed 88 3c 00 0a 8f 00
INFO - 2f f0 c8 3c 00 0a c6 00
INFO - 2f f2 08 3c 00 0a a3 00
INFO - 2f f4 48 3c 00 0a 9a 00
INFO - 2f f5 88 3c 00 0a 84 00
INFO - 2f f9 c8 3c 00 0a 96 00
INFO - 2f fa 08 3c 00 0a 9a 00
INFO - 2f fd 48 3c 00 0a cc 00
INFO - 2f ff 88 3c 00 0a a4 00
INFO - 30 02 c8 3c 00 0a d5 00
INFO - 30 04 08 3c 00 0a 85 00
INFO - 30 06 48 3c 00 0a c2 00
INFO - 30 09 88 3c 00 0a c7 00
INFO - 30 0b c8 3c 00 0a ac 00
INFO - 30 0e 08 3c 00 0a bd 00
INFO - 30 10 48 3c 00 0a 9d 00
INFO - 30 12 88 3c 00 0a b5 00
INFO - 30 14 c8 3c 00 0a a9 00
INFO - 30 16 08 3c 00 0a a2 00
INFO - 30 18 48 3c 00 0a b2 00
INFO - 30 1b 88 3c 00 0a b6 00
INFO - 30 1e c8 3c 00 0a e6 00
INFO - 30 21 08 3c 00 0a cc 00
INFO - 30 24 48 3c 00 0a c7 00
INFO - 30 27 88 3c 00 0a e8 00
INFO - 30 29 c8 3c 00 0a b8 00
INFO - 30 2c 08 3c 00 0a c5 00
INFO - 30 2e 48 3c 00 0a a0 00
INFO - 30 31 88 3c 00 0a c5 00
INFO - 30 33 c8 3c 00 0a b9 00
INFO - 30 36 08 3c 00 0a ba 00
INFO - 30 38 48 3c 00 0a ba 00
INFO - 30 3c 88 3c 00 0b 0e 00
INFO - 30 3e c8 3c 00 0a 87 00
INFO - 30 40 08 3c 00 0a be 00
INFO - 30 42 48 3c 00 0a a9 00
INFO - 30 45 88 3c 00 0a be 00
INFO - 30 47 c8 3c 00 0a a9 00
INFO - 30 4a 08 3c 00 0a ca 00
INFO - 30 4c 48 3c 00 0a a9 00
INFO - 30 4f 88 3c 00 0a d2 00
INFO - 30 51 c8 3c 00 0a a4 00
INFO - 30 53 08 3c 00 0a ba 00
INFO - 30 56 48 3c 00 0a b4 00
INFO - 30 59 88 3c 00 0a d8 00
INFO - 30 5b c8 3c 00 0a 9d 00
INFO - 30 5d 08 3c 00 0a ad 00
INFO - 30 5f 48 3c 00 0a a3 00
INFO - 30 61 88 3c 00 0a b5 00
INFO - 30 65 c8 3c 00 0a f4 00
INFO - 30 68 08 3c 00 0a b9 00
INFO - 30 6a 48 3c 00 0a a3 00
INFO - 30 6c 88 3c 00 0a b5 00
INFO - 30 6e c8 3c 00 0a 97 00
INFO - 30 6f 08 3c 00 0a 9d 00
INFO - 30 72 48 3c 00 0a b7 00
INFO - 30 74 88 3c 00 0a a0 00
INFO - 30 76 c8 3c 00 0a af 00
INFO - 30 78 08 3c 00 0a 9c 00
INFO - 30 7a 48 3c 00 0a ba 00
INFO - 30 7c 88 3c 00 0a a7 00
INFO - 30 7f c8 3c 00 0a d2 00
INFO - 30 83 08 3c 00 0a e2 00
INFO - 30 86 48 3c 00 0a de 00
INFO - 30 88 88 3c 00 0a bf 00
INFO - 30 8a c8 3c 00 0a 6b 00
INFO - 30 8d 08 3c 00 0a be 00
INFO - 30 8f 48 3c 00 0a b9 00
INFO - 30 93 88 3c 00 0a ed 00
INFO - 30 95 c8 3c 00 0a ad 00
INFO - 30 97 08 3c 00 0a b1 00
INFO - 30 99 48 3c 00 0a b5 00
INFO - 30 9d 88 3c 00 0a e3 00
INFO - 30 9f c8 3c 00 0a 9d 00
INFO - 30 a1 08 3c 00 0a b1 00
INFO - 30 a3 48 3c 00 0a 9d 00
INFO - 30 a5 88 3c 00 0a a1 00
INFO - 30 a7 c8 3c 00 0a 99 00
INFO - 30 a9 08 3c 00 0a b3 00
INFO - 30 ac 48 3c 00 0a c3 00
INFO - 30 ae 88 3c 00 0a ba 00
INFO - 30 b0 c8 3c 00 0a 92 00
INFO - 30 b5 08 3c 00 0b 31 00
INFO - 30 b7 48 3c 00 0a c1 00
INFO - 30 b9 88 3c 00 0a a4 00
INFO - 30 bc c8 3c 00 0a aa 00
INFO - 30 bd 08 3c 00 0a 98 00
INFO - 30 c0 48 3c 00 0a d4 00
INFO - 30 c2 88 3c 00 0a 9e 00
INFO - 30 c5 c8 3c 00 0a ba 00
INFO - 30 c7 08 3c 00 0a b5 00
INFO - 30 ca 48 3c 00 0a c4 00
INFO - 30 cc 88 3c 00 0a a6 00
INFO - 30 cf c8 3c 00 0a dd 00
INFO - 30 d1 08 3c 00 0a bf 00
INFO - 30 d4 48 3c 00 0a c4 00
INFO - 30 d6 88 3c 00 0a 99 00
INFO - 30 d9 c8 3c 00 0a d2 00
INFO - 30 db 08 3c 00 0a af 00
INFO - 30 de 48 3c 00 0a bf 00
INFO - 30 e0 88 3c 00 0a ac 00
INFO - 30 e3 c8 3c 00 0a dc 00
INFO - 30 e6 08 3c 00 0a bc 00
INFO - 30 e7 48 3c 00 0a 9c 00
INFO - 30 ea 88 3c 00 0a b8 00
INFO - 30 ec c8 3c 00 0a 7e 00
INFO - 30 ef 08 3c 00 0a be 00
INFO - 30 f1 48 3c 00 0a bc 00
INFO - 30 f4 88 3c 00 0a b8 00
INFO - 30 f6 c8 3c 00 0a b0 00
INFO - 30 f8 08 3c 00 0a b4 00
INFO - 30 fb 48 3c 00 0a ad 00
INFO - 30 fd 88 3c 00 0a ca 00
INFO - 30 ff c8 3c 00 0a 8d 00
INFO - 31 02 08 3c 00 0a d3 00
INFO - 31 03 48 3c 00 0a 89 00
INFO - 31 06 88 3c 00 0a b1 00
INFO - 31 08 c8 3c 00 0a b3 00
INFO - 31 0b 08 3c 00 0a c4 00
INFO - 31 0c 48 3c 00 0a 9a 00
INFO - 31 0f 88 3c 00 0a a8 00
INFO - 31 12 c8 3c 00 0a db 00
INFO - 31 14 08 3c 00 0a bf 00
INFO - 31 16 48 3c 00 0a a2 00
INFO - 31 19 88 3c 00 0a bf 00
INFO - 31 1b c8 3c 00 0a a2 00
INFO - 31 1d 08 3c 00 0a b4 00
INFO - 31 20 48 3c 00 0a cf 00
INFO - 31 22 88 3c 00 0a b0 00
INFO - 31 24 c8 3c 00 0a a8 00
INFO - 31 27 08 3c 00 0a d2 00
INFO - 31 2a 48 3c 00 0a ae 00
INFO - 31 2c 88 3c 00 0a a4 00
INFO - 31 2e c8 3c 00 0a ca 00
INFO - 31 31 08 3c 00 0a b8 00
INFO - 31 34 48 3c 00 0a e0 00
INFO - 31 36 88 3c 00 0a ac 00
INFO - 31 38 c8 3c 00 0a 9a 00
INFO - 31 3a 08 3c 00 0a 6e 00
INFO - 31 3c 48 3c 00 0a b8 00
INFO - 31 3e 88 3c 00 0a a7 00
INFO - 31 41 c8 3c 00 0a b8 00
INFO - 31 43 08 3c 00 0a 98 00
INFO - 31 45 48 3c 00 0a a8 00
INFO - 31 47 88 3c 00 0a b7 00
INFO - 31 4a c8 3c 00 0a d3 00
INFO - 31 4b 08 3c 00 0a 80 00
INFO - 31 4e 48 3c 00 0a d3 00
INFO - 31 50 88 3c 00 0a 8b 00
INFO - 31 53 c8 3c 00 0a df 00
INFO - 31 55 08 3c 00 0a ac 00
INFO - 31 57 48 3c 00 0a 9a 00
INFO - 31 59 88 3c 00 0a 99 00
INFO - 31 5b c8 3c 00 0a 9c 00
INFO - 31 5d 08 3c 00 0a ba 00
INFO - 31 60 48 3c 00 0a cf 00
INFO - 31 63 88 3c 00 0a e0 00
INFO - 31 65 c8 3c 00 0a 96 00
INFO - 31 67 08 3c 00 0a ad 00
INFO - 31 6a 48 3c 00 0a a8 00
INFO - 31 6c 88 3c 00 0a c4 00
INFO - 31 6f c8 3c 00 0a bd 00
INFO - 31 72 08 3c 00 0a ce 00
INFO - 31 74 48 3c 00 0a bf 00
INFO - 31 77 88 3c 00 0a ce 00
INFO - 31 79 c8 3c 00 0a 99 00
INFO - 31 7b 08 3c 00 0a bb 00
INFO - 31 7d 48 3c 00 0a 91 00
INFO - 31 80 88 3c 00 0a e5 00
INFO - 31 83 c8 3c 00 0a bb 00
INFO - 31 85 08 3c 00 0a ba 00
INFO - 31 88 48 3c 00 0a 78 00
INFO - 31 8e 88 3c 00 0b 54 00
INFO - 31 91 c8 3c 00 0a 8d 00
INFO - 31 93 08 3c 00 0a b3 00
INFO - 31 95 48 3c 00 0a b7 00
INFO - 31 98 88 3c 00 0a b0 00
INFO - 31 9a c8 3c 00 0a b2 00
INFO - 31 9c 08 3c 00 0a ad 00
INFO - 31 9f 48 3c 00 0a bd 00
INFO - 31 a2 88 3c 00 0a cd 00
INFO - 31 a4 c8 3c 00 0a c8 00
INFO - 31 a6 08 3c 00 0a a0 00
INFO - 31 a8 48 3c 00 0a 99 00
INFO - 31 aa 88 3c 00 0a 90 00
INFO - 31 ac c8 3c 00 0a a0 00
INFO - 31 ae 08 3c 00 0a bd 00
INFO - 31 b0 48 3c 00 0a 9f 00
INFO - 31 b2 88 3c 00 0a ae 00
INFO - 31 b5 c8 3c 00 0a bb 00
INFO - 31 b7 08 3c 00 0a b5 00
INFO - 31 b9 48 3c 00 0a b0 00
INFO - 31 bc 88 3c 00 0a a9 00
INFO - 31 bd c8 3c 00 0a 98 00
INFO - 31 bf 08 3c 00 0a 9a 00
INFO - 31 c1 48 3c 00 0a 97 00
INFO - 31 c3 88 3c 00 0a 9e 00
INFO - 31 c5 c8 3c 00 0a 97 00
INFO - 31 c7 08 3c 00 0a af 00
INFO - 31 c9 48 3c 00 0a be 00
INFO - 31 cc 88 3c 00 0a 7d 00
INFO - 31 ce c8 3c 00 0a 93 00
INFO - 31 cf 08 3c 00 0a a0 00
INFO - 31 d1 48 3c 00 0a 8b 00
INFO - 31 d3 88 3c 00 0a a4 00
INFO - 31 d5 c8 3c 00 0a 92 00
INFO - 31 d7 08 3c 00 0a ae 00
INFO - 31 d9 48 3c 00 0a 92 00
INFO - 31 dd 88 3c 00 0b 29 00
INFO - 31 df c8 3c 00 0a 8b 00
INFO - 31 e1 08 3c 00 0a bf 00
INFO - 31 e4 48 3c 00 0a cc 00
INFO - 31 e6 88 3c 00 0a b0 00
INFO - 31 e9 c8 3c 00 0a b4 00
INFO - 31 eb 08 3c 00 0a 9d 00
INFO - 31 ee 48 3c 00 0a db 00
INFO - 31 f1 88 3c 00 0a cb 00
INFO - 31 f3 c8 3c 00 0a 9b 00
INFO - 31 f5 08 3c 00 0a b3 00
INFO - 31 f6 48 3c 00 0a 7e 00
INFO - 31 f9 88 3c 00 0a d4 00
INFO - 31 fb c8 3c 00 0a a4 00
INFO - 31 fd 08 3c 00 0a 9e 00
INFO - 32 00 48 3c 00 0a b4 00
INFO - 32 01 88 3c 00 0a 9a 00
INFO - 32 04 c8 3c 00 0a c8 00
INFO - 32 06 08 3c 00 0a ae 00
INFO - 32 08 48 3c 00 0a 9c 00
INFO - 32 0b 88 3c 00 0a d9 00
INFO - 32 0d c8 3c 00 0a 69 00
INFO - 32 0f 08 3c 00 0a bd 00
INFO - 32 12 48 3c 00 0a b7 00
INFO - 32 13 88 3c 00 0a 87 00
INFO - 32 15 c8 3c 00 0a a9 00
INFO - 32 17 08 3c 00 0a a1 00
INFO - 32 19 48 3c 00 0a 9d 00
INFO - 32 1c 88 3c 00 0a c2 00
INFO - 32 1d c8 3c 00 0a 91 00
INFO - 32 20 08 3c 00 0a c3 00
INFO - 32 23 48 3c 00 0a b9 00
INFO - 32 24 88 3c 00 0a 90 00
INFO - 32 26 c8 3c 00 0a a4 00
INFO - 32 28 08 3c 00 0a 9a 00
INFO - 32 2b 48 3c 00 0a d6 00
INFO - 32 2d 88 3c 00 0a 90 00
INFO - 32 2f c8 3c 00 0a b8 00
INFO - 32 30 08 3c 00 0a 88 00
INFO - 32 33 48 3c 00 0a b2 00
INFO - 32 35 88 3c 00 0a 9d 00
INFO - 32 3b c8 3c 00 0a bc 00
INFO - 32 3d 08 3c 00 0a 8c 00
INFO - 32 40 48 3c 00 0a cd 00
INFO - 32 41 88 3c 00 0a 8c 00
INFO - 32 43 c8 3c 00 0a ac 00
INFO - 32 45 08 3c 00 0a a6 00
INFO - 32 47 48 3c 00 0a 9f 00
INFO - 32 4a 88 3c 00 0a c2 00
INFO - 32 4c c8 3c 00 0a aa 00
INFO - 32 4e 08 3c 00 0a af 00
INFO - 32 50 48 3c 00 0a a1 00
INFO - 32 52 88 3c 00 0a ad 00
INFO - 32 54 c8 3c 00 0a 84 00
INFO - 32 57 08 3c 00 0a d0 00
INFO - 32 58 48 3c 00 0a 9c 00
INFO - 32 5a 88 3c 00 0a 95 00
INFO - 32 5c c8 3c 00 0a a6 00
INFO - 32 5e 08 3c 00 0a a8 00
INFO - 32 60 48 3c 00 0a 85 00
INFO - 32 62 88 3c 00 0a ad 00
INFO - 32 64 c8 3c 00 0a a6 00
INFO - 32 65 08 3c 00 0a 8b 00
INFO - 32 68 48 3c 00 0a ad 00
INFO - 32 69 88 3c 00 0a 92 00
INFO - 32 6b c8 3c 00 0a a9 00
INFO - 32 6d 08 3c 00 0a 88 00
INFO - 32 6f 48 3c 00 0a 79 00
INFO - 32 71 88 3c 00 0a 99 00
INFO - 32 73 c8 3c 00 0a b9 00
INFO - 32 75 08 3c 00 0a 9f 00
INFO - 32 77 48 3c 00 0a 98 00
INFO - 32 79 88 3c 00 0a af 00
INFO - 32 7b c8 3c 00 0a 8b 00
INFO - 32 7d 08 3c 00 0a b8 00
INFO - 32 7f 48 3c 00 0a 8b 00
INFO - 32 81 88 3c 00 0a a1 00
INFO - 32 84 c8 3c 00 0a d6 00
INFO - 32 86 08 3c 00 0a b1 00
INFO - 32 88 48 3c 00 0a b4 00
INFO - 32 8a 88 3c 00 0a 97 00
INFO - 32 8c c8 3c 00 0a a2 00
INFO - 32 8e 08 3c 00 0a a5 00
INFO - 32 8f 48 3c 00 0a 80 00
INFO - 32 92 88 3c 00 0a c9 00
INFO - 32 94 c8 3c 00 0a 9b 00
INFO - 32 96 08 3c 00 0a a7 00
INFO - 32 98 48 3c 00 0a 9c 00
INFO - 32 9a 88 3c 00 0a bb 00
INFO - 32 9c c8 3c 00 0a 9a 00
INFO - 32 9e 08 3c 00 0a 9f 00
INFO - 32 a4 48 3c 00 0a a5 00
INFO - 32 a5 88 3c 00 0a 96 00
INFO - 32 a8 c8 3c 00 0a b9 00
INFO - 32 aa 08 3c 00 0a c8 00
INFO - 32 ac 48 3c 00 0a 7c 00
INFO - 32 af 88 3c 00 0a e0 00
INFO - 32 b1 c8 3c 00 0a b8 00
INFO - 32 b4 08 3c 00 0a bb 00
INFO - 32 b6 48 3c 00 0a a1 00
INFO - 32 b8 88 3c 00 0a a7 00
INFO - 32 ba c8 3c 00 0a bf 00
INFO - 32 bc 08 3c 00 0a a7 00
INFO - 32 be 48 3c 00 0a 8d 00
INFO - 32 bf 88 3c 00 0a 87 00
INFO - 32 c2 c8 3c 00 0a d7 00
INFO - 32 c5 08 3c 00 0a ae 00
INFO - 32 c6 48 3c 00 0a 9d 00
INFO - 32 c8 88 3c 00 0a 8d 00
INFO - 32 c9 c8 3c 00 0a 86 00
INFO - 32 cb 08 3c 00 0a 93 00
INFO - 32 cd 48 3c 00 0a 98 00
INFO - 32 ce 88 3c 00 0a 90 00
INFO - 32 d0 c8 3c 00 0a 94 00
INFO - 32 d2 08 3c 00 0a 90 00
INFO - 32 d3 48 3c 00 0a 83 00
INFO - 32 d5 88 3c 00 0a 9d 00
INFO - 32 d7 c8 3c 00 0a 8d 00
INFO - 32 d8 08 3c 00 0a 8a 00
INFO - 32 da 48 3c 00 0a 9a 00
INFO - 32 dd 88 3c 00 0a d6 00
INFO - 32 de c8 3c 00 0a 82 00
INFO - 32 e0 08 3c 00 0a 90 00
INFO - 32 e2 48 3c 00 0a b7 00
INFO - 32 e5 88 3c 00 0a bb 00
INFO - 32 e7 c8 3c 00 0a a9 00
INFO - 32 e9 08 3c 00 0a 9d 00
INFO - 32 eb 48 3c 00 0a bc 00
INFO - 32 f0 88 3c 00 0b 1d 00
INFO - 32 f2 c8 3c 00 0a aa 00
INFO - 32 f3 08 3c 00 0a 88 00
INFO - 32 f5 48 3c 00 0a 7a 00
INFO - 32 f7 88 3c 00 0a 9c 00
INFO - 32 f9 c8 3c 00 0a 96 00
INFO - 32 fb 08 3c 00 0a 9c 00
INFO - 32 fd 48 3c 00 0a ad 00
INFO - 32 ff 88 3c 00 0a 9f 00
INFO - 33 01 c8 3c 00 0a b0 00
INFO - 33 03 08 3c 00 0a 84 00
INFO - 33 04 48 3c 00 0a 8c 00
INFO - 33 06 88 3c 00 0a a5 00
INFO - 33 08 c8 3c 00 0a 8e 00
INFO - 33 0b 08 3c 00 0a e3 00
INFO - 33 0d 48 3c 00 0a a6 00
INFO - 33 0f 88 3c 00 0a 8b 00
INFO - 33 11 c8 3c 00 0a b8 00
INFO - 33 13 08 3c 00 0a 8f 00
INFO - 33 15 48 3c 00 0a b5 00
INFO - 33 16 88 3c 00 0a 8c 00
INFO - 33 19 c8 3c 00 0a c3 00
INFO - 33 1b 08 3c 00 0a 8e 00
INFO - 33 1c 48 3c 00 0a 99 00
INFO - 33 1f 88 3c 00 0a b6 00
INFO - 33 21 c8 3c 00 0a b3 00
INFO - 33 23 08 3c 00 0a b0 00
INFO - 33 26 48 3c 00 0a b7 00
INFO - 33 28 88 3c 00 0a 99 00
INFO - 33 2a c8 3c 00 0a ad 00
INFO - 33 2c 08 3c 00 0a a1 00
INFO - 33 2e 48 3c 00 0a a7 00
INFO - 33 30 88 3c 00 0a a4 00
INFO - 33 32 c8 3c 00 0a ad 00
INFO - 33 34 08 3c 00 0a b0 00
INFO - 33 36 48 3c 00 0a a2 00
INFO - 33 38 88 3c 00 0a a9 00
INFO - 33 3a c8 3c 00 0a 8f 00
INFO - 33 3c 08 3c 00 0a 9e 00
INFO - 33 3e 48 3c 00 0a a3 00
INFO - 33 40 88 3c 00 0a c1 00
INFO - 33 42 c8 3c 00 0a a4 00
INFO - 33 44 08 3c 00 0a a3 00
INFO - 33 46 48 3c 00 0a 9b 00
INFO - 33 48 88 3c 00 0a 9f 00
INFO - 33 4a c8 3c 00 0a a3 00
INFO - 33 4c 08 3c 00 0a 9e 00
INFO - 33 4e 48 3c 00 0a 8c 00
INFO - 33 50 88 3c 00 0a ca 00
INFO - 33 52 c8 3c 00 0a 85 00
INFO - 33 54 08 3c 00 0a a2 00
INFO - 33 55 48 3c 00 0a 8e 00
INFO - 33 57 88 3c 00 0a a4 00
INFO - 33 5a c8 3c 00 0a d5 00
INFO - 33 5c 08 3c 00 0a 98 00
INFO - 33 5e 48 3c 00 0a a7 00
INFO - 33 5f 88 3c 00 0a 6e 00
INFO - 33 61 c8 3c 00 0a a3 00
INFO - 33 63 08 3c 00 0a 9d 00
INFO - 33 65 48 3c 00 0a 9f 00
INFO - 33 66 88 3c 00 0a 93 00
INFO - 33 69 c8 3c 00 0a aa 00
INFO - 33 6a 08 3c 00 0a 9d 00
INFO - 33 6d 48 3c 00 0a a9 00
INFO - 33 6f 88 3c 00 0a b2 00
INFO - 33 71 c8 3c 00 0a a0 00
INFO - 33 73 08 3c 00 0a 9e 00
INFO - 33 75 48 3c 00 0a be 00
INFO - 33 77 88 3c 00 0a 9e 00
INFO - 33 79 c8 3c 00 0a a0 00
INFO - 33 7b 08 3c 00 0a b1 00
INFO - 33 7e 48 3c 00 0a d2 00
INFO - 33 80 88 3c 00 0a 86 00
INFO - 33 82 c8 3c 00 0a bc 00
INFO - 33 84 08 3c 00 0a a4 00
INFO - 33 86 48 3c 00 0a 9a 00
INFO - 33 89 88 3c 00 0a cd 00
INFO - 33 8a c8 3c 00 0a 90 00
INFO - 33 8c 08 3c 00 0a a5 00
INFO - 33 8f 48 3c 00 0a a4 00
INFO - 33 91 88 3c 00 0a af 00
INFO - 33 93 c8 3c 00 0a a4 00
INFO - 33 94 08 3c 00 0a 90 00
INFO - 33 96 48 3c 00 0a 90 00
INFO - 33 99 88 3c 00 0a c2 00
INFO - 33 9b c8 3c 00 0a a4 00
INFO - 33 9d 08 3c 00 0a cd 00
INFO - 33 9f 48 3c 00 0a a5 00
INFO - 33 a1 88 3c 00 0a 91 00
INFO - 33 a3 c8 3c 00 0a 90 00
INFO - 33 a5 08 3c 00 0a a4 00
INFO - 33 a7 48 3c 00 0a b9 00
INFO - 33 aa 88 3c 00 0a bd 00
INFO - 33 ac c8 3c 00 0a a2 00
INFO - 33 ae 08 3c 00 0a af 00
INFO - 33 af 48 3c 00 0a 87 00
INFO - 33 b2 88 3c 00 0a c6 00
INFO - 33 b4 c8 3c 00 0a a2 00
INFO - 33 b6 08 3c 00 0a a5 00
INFO - 33 b9 48 3c 00 0a cd 00
INFO - 33 ba 88 3c 00 0a 80 00
INFO - 33 bc c8 3c 00 0a a1 00
INFO - 33 be 08 3c 00 0a 9b 00
INFO - 33 bf 48 3c 00 0a 8a 00
INFO - 33 c1 88 3c 00 0a a1 00
INFO - 33 c3 c8 3c 00 0a 9f 00
INFO - 33 c6 08 3c 00 0a d3 00
INFO - 33 c8 48 3c 00 0a 9f 00
INFO - 33 ca 88 3c 00 0a 9b 00
INFO - 33 cd c8 3c 00 0a c4 00
INFO - 33 cf 08 3c 00 0a ce 00
INFO - 33 d1 48 3c 00 0a a1 00
INFO - 33 d3 88 3c 00 0a 9e 00
INFO - 33 d6 c8 3c 00 0a b0 00
INFO - 33 d7 08 3c 00 0a 83 00
INFO - 33 d9 48 3c 00 0a a0 00
INFO - 33 db 88 3c 00 0a 9b 00
INFO - 33 dd c8 3c 00 0a a5 00
INFO - 33 df 08 3c 00 0a b3 00
INFO - 33 e1 48 3c 00 0a 97 00
INFO - 33 e3 88 3c 00 0a a5 00
INFO - 33 e4 c8 3c 00 0a 87 00
INFO - 33 e6 08 3c 00 0a 9b 00
INFO - 33 e8 48 3c 00 0a 91 00
INFO - 33 ea 88 3c 00 0a 7d 00
INFO - 33 ec c8 3c 00 0a 91 00
INFO - 33 ee 08 3c 00 0a af 00
INFO - 33 f0 48 3c 00 0a a9 00
INFO - 33 f2 88 3c 00 0a a1 00
INFO - 33 f4 c8 3c 00 0a 91 00
INFO - 33 f9 08 3c 00 0b 4b 00
INFO - 33 fb 48 3c 00 0a 8d 00
INFO - 33 fd 88 3c 00 0a b0 00
INFO - 33 ff c8 3c 00 0a 95 00
INFO - 34 00 08 3c 00 0a 91 00
INFO - 34 02 48 3c 00 0a 91 00
INFO - 34 03 88 3c 00 0a 8e 00
INFO - 34 05 c8 3c 00 0a 8a 00
INFO - 34 07 08 3c 00 0a a2 00
INFO - 34 08 48 3c 00 0a 8b 00
INFO - 34 0b 88 3c 00 0a ac 00
INFO - 34 0d c8 3c 00 0a a9 00
INFO - 34 0f 08 3c 00 0a af 00
INFO - 34 11 48 3c 00 0a 98 00
INFO - 34 12 88 3c 00 0a 94 00
INFO - 34 15 c8 3c 00 0a b9 00
INFO - 34 17 08 3c 00 0a c0 00
INFO - 34 1b 48 3c 00 0a e5 00
INFO - 34 1c 88 3c 00 0a 91 00
INFO - 34 1e c8 3c 00 0a 91 00
INFO - 34 20 08 3c 00 0a 91 00
INFO - 34 21 48 3c 00 0a 9b 00
INFO - 34 24 88 3c 00 0a c4 00
INFO - 34 26 c8 3c 00 0a 91 00
INFO - 34 28 08 3c 00 0a a5 00
INFO - 34 2a 48 3c 00 0a a2 00
INFO - 34 2c 88 3c 00 0a 9e 00
INFO - 34 2e c8 3c 00 0a a5 00
INFO - 34 2f 08 3c 00 0a 87 00
INFO - 34 31 48 3c 00 0a 91 00
INFO - 34 33 88 3c 00 0a 9b 00
INFO - 34 35 c8 3c 00 0a a5 00
INFO - 34 36 08 3c 00 0a 90 00
INFO - 34 38 48 3c 00 0a 9b 00
INFO - 34 3a 88 3c 00 0a 9e 00
INFO - 34 3c c8 3c 00 0a 98 00
INFO - 34 3e 08 3c 00 0a bc 00
INFO - 34 42 48 3c 00 0a e8 00
INFO - 34 44 88 3c 00 0a c6 00
INFO - 34 47 c8 3c 00 0a b6 00
INFO - 34 4a 08 3c 00 0a da 00
INFO - 34 4d 48 3c 00 0a cd 00
INFO - 34 4e 88 3c 00 0a 8e 00
INFO - 34 50 c8 3c 00 0a 9b 00
INFO - 34 52 08 3c 00 0a a8 00
INFO - 34 55 48 3c 00 0a c0 00
INFO - 34 57 88 3c 00 0a bb 00
INFO - 34 59 c8 3c 00 0a 9a 00
INFO - 34 5c 08 3c 00 0a cd 00
INFO - 34 5e 48 3c 00 0a 97 00
INFO - 34 5f 88 3c 00 0a 8a 00
INFO - 34 61 c8 3c 00 0a a4 00
INFO - 34 63 08 3c 00 0a 90 00
INFO - 34 65 48 3c 00 0a a4 00
INFO - 34 67 88 3c 00 0a a4 00
INFO - 34 69 c8 3c 00 0a ab 00
INFO - 34 6b 08 3c 00 0a a8 00
INFO - 34 6d 48 3c 00 0a a5 00
INFO - 34 6f 88 3c 00 0a a4 00
INFO - 34 71 c8 3c 00 0a af 00
INFO - 34 73 08 3c 00 0a 90 00
INFO - 34 75 48 3c 00 0a a4 00
INFO - 34 76 88 3c 00 0a 7c 00
INFO - 34 79 c8 3c 00 0a c2 00
INFO - 34 7a 08 3c 00 0a 90 00
INFO - 34 7d 48 3c 00 0a d6 00
INFO - 34 7f 88 3c 00 0a 86 00
INFO - 34 81 c8 3c 00 0a ae 00
INFO - 34 83 08 3c 00 0a b8 00
INFO - 34 85 48 3c 00 0a 9a 00
INFO - 34 87 88 3c 00 0a 86 00
INFO - 34 88 c8 3c 00 0a 9a 00
INFO - 34 8a 08 3c 00 0a 9a 00
INFO - 34 8c 48 3c 00 0a ae 00
INFO - 34 8e 88 3c 00 0a 9a 00
INFO - 34 91 c8 3c 00 0a b5 00
INFO - 34 95 08 3c 00 0a 96 00
INFO - 34 96 48 3c 00 0a 79 00
INFO - 34 99 88 3c 00 0a b2 00
INFO - 34 9a c8 3c 00 0a 83 00
INFO - 34 9c 08 3c 00 0a c2 00
INFO - 34 9f 48 3c 00 0a b1 00
INFO - 34 a1 88 3c 00 0a a4 00
INFO - 34 a2 c8 3c 00 0a 8d 00
INFO - 34 a5 08 3c 00 0a cf 00
INFO - 34 a7 48 3c 00 0a 8d 00
INFO - 34 a9 88 3c 00 0a c5 00
INFO - 34 ab c8 3c 00 0a 90 00
INFO - 34 ad 08 3c 00 0a a1 00
INFO - 34 af 48 3c 00 0a a7 00
INFO - 34 b2 88 3c 00 0a e0 00
INFO - 34 b4 c8 3c 00 0a 86 00
INFO - 34 b6 08 3c 00 0a a4 00
INFO - 34 b8 48 3c 00 0a a4 00
INFO - 34 bb 88 3c 00 0a d5 00
INFO - 34 bd c8 3c 00 0a c2 00
INFO - 34 bf 08 3c 00 0a 8f 00
INFO - 34 c1 48 3c 00 0a a4 00
INFO - 34 c3 88 3c 00 0a 9a 00
INFO - 34 c5 c8 3c 00 0a ae 00
INFO - 34 c7 08 3c 00 0a 99 00
INFO - 34 c9 48 3c 00 0a a4 00
INFO - 34 ca 88 3c 00 0a 8f 00
INFO - 34 cd c8 3c 00 0a ae 00
INFO - 34 cf 08 3c 00 0a a7 00
INFO - 34 d1 48 3c 00 0a a0 00
INFO - 34 d2 88 3c 00 0a 9a 00
INFO - 34 d5 c8 3c 00 0a cf 00
INFO - 34 d7 08 3c 00 0a 97 00
INFO - 34 d9 48 3c 00 0a b9 00
INFO - 34 db 88 3c 00 0a 7c 00
INFO - 34 dd c8 3c 00 0a a8 00
INFO - 34 df 08 3c 00 0a ab 00
INFO - 34 e2 48 3c 00 0a c6 00
INFO - 34 e3 88 3c 00 0a 8e 00
INFO - 34 e5 c8 3c 00 0a b3 00
INFO - 34 e7 08 3c 00 0a 8e 00
INFO - 34 ea 48 3c 00 0a c4 00
INFO - 34 eb 88 3c 00 0a 87 00
INFO - 34 ed c8 3c 00 0a b3 00
INFO - 34 ef 08 3c 00 0a 99 00
INFO - 34 f1 48 3c 00 0a aa 00
INFO - 34 f3 88 3c 00 0a 9c 00
INFO - 34 f5 c8 3c 00 0a 99 00
INFO - 34 f7 08 3c 00 0a 8b 00
INFO - 34 f8 48 3c 00 0a 92 00
INFO - 34 fa 88 3c 00 0a a4 00
INFO - 34 fc c8 3c 00 0a a0 00
INFO - 34 fe 08 3c 00 0a b1 00
INFO - 35 01 48 3c 00 0a d1 00
INFO - 35 03 88 3c 00 0a a8 00
INFO - 35 08 c8 3c 00 0b 2e 00
INFO - 35 0b 08 3c 00 0a c7 00
INFO - 35 0d 48 3c 00 0a b2 00
INFO - 35 0f 88 3c 00 0a 9e 00
INFO - 35 12 c8 3c 00 0a c8 00
INFO - 35 15 08 3c 00 0a e7 00
INFO - 35 17 48 3c 00 0a 9e 00
INFO - 35 19 88 3c 00 0a 9e 00
INFO - 35 1c c8 3c 00 0a be 00
INFO - 35 1d 08 3c 00 0a 94 00
INFO - 35 1f 48 3c 00 0a 94 00
INFO - 35 21 88 3c 00 0a a3 00
INFO - 35 23 c8 3c 00 0a 6e 00
INFO - 35 24 08 3c 00 0a 95 00
INFO - 35 26 48 3c 00 0a 98 00
INFO - 35 28 88 3c 00 0a 92 00
INFO - 35 29 c8 3c 00 0a 8a 00
INFO - 35 2b 08 3c 00 0a 95 00
INFO - 35 2e 48 3c 00 0a b9 00
INFO - 35 2f 88 3c 00 0a 92 00
INFO - 35 31 c8 3c 00 0a a0 00
INFO - 35 33 08 3c 00 0a ae 00
INFO - 35 36 48 3c 00 0a d2 00
INFO - 35 38 88 3c 00 0a ae 00
INFO - 35 3b c8 3c 00 0a b3 00
INFO - 35 3d 08 3c 00 0a 9a 00
INFO - 35 3e 48 3c 00 0a 8b 00
INFO - 35 41 88 3c 00 0a d3 00
INFO - 35 44 c8 3c 00 0a ba 00
INFO - 35 45 08 3c 00 0a 88 00
INFO - 35 48 48 3c 00 0a c5 00
INFO - 35 4a 88 3c 00 0a a2 00
INFO - 35 4d c8 3c 00 0a e3 00
INFO - 35 4f 08 3c 00 0a b7 00
INFO - 35 51 48 3c 00 0a a9 00
INFO - 35 54 88 3c 00 0a c5 00
INFO - 35 56 c8 3c 00 0a 97 00
INFO - 35 58 08 3c 00 0a a2 00
INFO - 35 5a 48 3c 00 0a ac 00
INFO - 35 5c 88 3c 00 0a ad 00
INFO - 35 5e c8 3c 00 0a ac 00
INFO - 35 61 08 3c 00 0a ac 00
INFO - 35 63 48 3c 00 0a ad 00
INFO - 35 66 88 3c 00 0a ed 00
INFO - 35 68 c8 3c 00 0a 9a 00
INFO - 35 6b 08 3c 00 0a bf 00
INFO - 35 6d 48 3c 00 0a c3 00
INFO - 35 6f 88 3c 00 0a a1 00
INFO - 35 71 c8 3c 00 0a 98 00
INFO - 35 73 08 3c 00 0a b1 00
INFO - 35 75 48 3c 00 0a ae 00
INFO - 35 78 88 3c 00 0a b4 00
INFO - 35 7a c8 3c 00 0a 9b 00
INFO - 35 7c 08 3c 00 0a c3 00
INFO - 35 7f 48 3c 00 0a d0 00
INFO - 35 81 88 3c 00 0a ab 00
INFO - 35 84 c8 3c 00 0a c8 00
INFO - 35 86 08 3c 00 0a b6 00
INFO - 35 88 48 3c 00 0a 9d 00
INFO - 35 8a 88 3c 00 0a a3 00
INFO - 35 8d c8 3c 00 0a db 00
INFO - 35 8f 08 3c 00 0a a1 00
INFO - 35 92 48 3c 00 0a bf 00
INFO - 35 95 88 3c 00 0a c7 00
INFO - 35 96 c8 3c 00 0a 8d 00
INFO - 35 98 08 3c 00 0a 9a 00
INFO - 35 9b 48 3c 00 0a c3 00
INFO - 35 9c 88 3c 00 0a 9b 00
INFO - 35 9e c8 3c 00 0a a5 00
INFO - 35 a0 08 3c 00 0a 8e 00
INFO - 35 a2 48 3c 00 0a 9a 00
INFO - 35 a5 88 3c 00 0a d0 00
INFO - 35 a8 c8 3c 00 0a e7 00
INFO - 35 ab 08 3c 00 0a be 00
INFO - 35 ac 48 3c 00 0a 95 00
INFO - 35 ae 88 3c 00 0a a5 00
INFO - 35 b0 c8 3c 00 0a 99 00
INFO - 35 b2 08 3c 00 0a a5 00
INFO - 35 b4 48 3c 00 0a 8e 00
INFO - 35 b6 88 3c 00 0a bf 00
INFO - 35 ba c8 3c 00 0a e3 00
INFO - 35 bb 08 3c 00 0a 8d 00
INFO - 35 be 48 3c 00 0a ca 00
INFO - 35 c0 88 3c 00 0a a0 00
INFO - 35 c2 c8 3c 00 0a b4 00
INFO - 35 c4 08 3c 00 0a ab 00
INFO - 35 c7 48 3c 00 0a bf 00
INFO - 35 c8 88 3c 00 0a 7e 00
INFO - 35 ca c8 3c 00 0a 9e 00
INFO - 35 cc 08 3c 00 0a 99 00
INFO - 35 cd 48 3c 00 0a 8b 00
INFO - 35 d0 88 3c 00 0a b2 00
INFO - 35 d2 c8 3c 00 0a ac 00
INFO - 35 d4 08 3c 00 0a a7 00
INFO - 35 d6 48 3c 00 0a b7 00
INFO - 35 d8 88 3c 00 0a 92 00
INFO - 35 da c8 3c 00 0a ba 00
INFO - 35 dd 08 3c 00 0a dc 00
INFO - 35 df 48 3c 00 0a 9a 00
INFO - 35 e2 88 3c 00 0a d1 00
INFO - 35 e4 c8 3c 00 0a 8a 00
INFO - 35 e7 08 3c 00 0a d6 00
INFO - 35 e9 48 3c 00 0a bb 00
INFO - 35 ed 88 3c 00 0a ff 00
INFO - 35 f0 c8 3c 00 0a dd 00
INFO - 35 f3 08 3c 00 0a bc 00
INFO - 35 f5 48 3c 00 0a b0 00
INFO - 35 f7 88 3c 00 0a a6 00
INFO - 35 f9 c8 3c 00 0a 9a 00
INFO - 35 fb 08 3c 00 0a b4 00
INFO - 35 fe 48 3c 00 0a b9 00
INFO - 36 01 88 3c 00 0a dd 00
INFO - 36 03 c8 3c 00 0a b2 00
INFO - 36 05 08 3c 00 0a 93 00
INFO - 36 07 48 3c 00 0a c4 00
INFO - 36 09 88 3c 00 0a 9f 00
INFO - 36 0b c8 3c 00 0a ad 00
INFO - 36 0d 08 3c 00 0a 8f 00
INFO - 36 0f 48 3c 00 0a ab 00
INFO - 36 11 88 3c 00 0a 9b 00
INFO - 36 13 c8 3c 00 0a 96 00
INFO - 36 15 08 3c 00 0a b7 00
INFO - 36 17 48 3c 00 0a 9b 00
INFO - 36 19 88 3c 00 0a 97 00
INFO - 36 1b c8 3c 00 0a c2 00
INFO - 36 1e 08 3c 00 0a b2 00
INFO - 36 20 48 3c 00 0a c9 00
INFO - 36 23 88 3c 00 0a ad 00
INFO - 36 24 c8 3c 00 0a 95 00
INFO - 36 26 08 3c 00 0a a7 00
INFO - 36 29 48 3c 00 0a a7 00
INFO - 36 2c 88 3c 00 0a d5 00
INFO - 36 2d c8 3c 00 0a a3 00
INFO - 36 34 08 3c 00 0b 6f 00
INFO - 36 36 48 3c 00 0a a7 00
INFO - 36 38 88 3c 00 0a c0 00
INFO - 36 3a c8 3c 00 0a 9c 00
INFO - 36 3c 08 3c 00 0a 90 00
INFO - 36 3e 48 3c 00 0a bf 00
INFO - 36 41 88 3c 00 0a b3 00
INFO - 36 44 c8 3c 00 0a e1 00
INFO - 36 46 08 3c 00 0a 9c 00
INFO - 36 48 48 3c 00 0a ca 00
INFO - 36 4b 88 3c 00 0a c0 00
INFO - 36 4d c8 3c 00 0a a8 00
INFO - 36 50 08 3c 00 0a bf 00
INFO - 36 52 48 3c 00 0a a8 00
INFO - 36 54 88 3c 00 0a ac 00
INFO - 36 56 c8 3c 00 0a a5 00
INFO - 36 59 08 3c 00 0a cb 00
INFO - 36 5b 48 3c 00 0a ac 00
INFO - 36 5d 88 3c 00 0a b0 00
INFO - 36 61 c8 3c 00 0b 11 00
INFO - 36 64 08 3c 00 0a 87 00
INFO - 36 66 48 3c 00 0a a9 00
INFO - 36 69 88 3c 00 0a be 00
INFO - 36 6c c8 3c 00 0a ee 00
INFO - 36 6f 08 3c 00 0a a9 00
INFO - 36 72 48 3c 00 0a ee 00
INFO - 36 75 88 3c 00 0a cc 00
INFO - 36 78 c8 3c 00 0a d7 00
INFO - 36 7a 08 3c 00 0a a9 00
INFO - 36 7c 48 3c 00 0a 92 00
INFO - 36 7d 88 3c 00 0a 86 00
INFO - 36 81 c8 3c 00 0b 06 00
INFO - 36 83 08 3c 00 0a 9f 00
INFO - 36 85 48 3c 00 0a 8f 00
INFO - 36 89 88 3c 00 0a eb 00
INFO - 36 8c c8 3c 00 0a e3 00
INFO - 36 8e 08 3c 00 0a a9 00
INFO - 36 91 48 3c 00 0a 80 00
INFO - 36 93 88 3c 00 0a ba 00
INFO - 36 95 c8 3c 00 0a a5 00
INFO - 36 97 08 3c 00 0a b5 00
INFO - 36 99 48 3c 00 0a 9d 00
INFO - 36 9c 88 3c 00 0a c1 00
INFO - 36 9f c8 3c 00 0a c5 00
INFO - 36 a1 08 3c 00 0a be 00
INFO - 36 a3 48 3c 00 0a 95 00
INFO - 36 a5 88 3c 00 0a b1 00
INFO - 36 a8 c8 3c 00 0a dd 00
INFO - 36 aa 08 3c 00 0a ab 00
INFO - 36 ac 48 3c 00 0a a5 00
INFO - 36 af 88 3c 00 0a a9 00
INFO - 36 b1 c8 3c 00 0a af 00
INFO - 36 b3 08 3c 00 0a 9a 00
INFO - 36 b5 48 3c 00 0a a2 00
INFO - 36 b6 88 3c 00 0a 90 00
INFO - 36 b9 c8 3c 00 0a b8 00
INFO - 36 bb 08 3c 00 0a a7 00
INFO - 36 bd 48 3c 00 0a ba 00
INFO - 36 bf 88 3c 00 0a a9 00
INFO - 36 c1 c8 3c 00 0a ab 00
