INFO - 20 00 23 3c 00 0a 40 00
INFO - 20 0a 63 3c 00 0b bd 00
INFO - 20 1a a3 3c 00 0a ba 00
INFO - 20 1a e3 3c 00 0a ba 00
INFO - 20 20 23 3c 00 0a d5 00
INFO - 20 24 63 3c 00 0a e8 00
INFO - 20 25 a3 3c 00 0a 67 00
INFO - 20 26 e3 3c 00 0a 7f 00
INFO - 20 2b 23 3c 00 0b 2a 00
INFO - 20 2e 63 3c 00 0a e7 00
INFO - 20 31 a3 3c 00 0a 8e 00
INFO - 20 31 e3 3c 00 0a 8e 00
INFO - 20 31 23 3c 00 0a 8e 00
INFO - 20 31 63 3c 00 0a 8e 00
INFO - 20 39 a3 3c 00 0a a4 00
INFO - 20 39 e3 3c 00 0a a4 00
INFO - 20 39 23 3c 00 0a a4 00
INFO - 20 3d 63 3c 00 0a 89 00
INFO - 20 45 a3 3c 00 0b cc 00
INFO - 20 47 e3 3c 00 0a 9b 00
INFO - 20 49 23 3c 00 0a 98 00
INFO - 20 4d 63 3c 00 0b 1d 00
INFO - 20 4f a3 3c 00 0a 8b 00
INFO - 20 55 e3 3c 00 0b 82 00
INFO - 20 57 23 3c 00 0a 80 00
INFO - 20 57 63 3c 00 0a 80 00
INFO - 20 5a a3 3c 00 0a 94 00
INFO - 20 5d e3 3c 00 0a d0 00
INFO - 20 5f 23 3c 00 0a b3 00
INFO - 20 63 63 3c 00 0a f7 00
INFO - 20 67 a3 3c 00 0b 0d 00
INFO - 20 6a e3 3c 00 0a c4 00
INFO - 20 6d 23 3c 00 0a ce 00
INFO - 20 6f 63 3c 00 0a b3 00
INFO - 20 71 a3 3c 00 0a 9d 00
INFO - 20 75 e3 3c 00 0b 01 00
INFO - 20 77 23 3c 00 0a c2 00
INFO - 20 7a 63 3c 00 0a df 00
INFO - 20 7d a3 3c 00 0a a1 00
INFO - 20 7f e3 3c 00 0a c3 00
INFO - 20 82 23 3c 00 0a cd 00
INFO - 20 85 63 3c 00 0a c6 00
INFO - 20 88 a3 3c 00 0a e8 00
INFO - 20 8a e3 3c 00 0a b8 00
INFO - 20 8d 23 3c 00 0a b6 00
INFO - 20 8f 63 3c 00 0a b6 00
INFO - 20 93 a3 3c 00 0b 12 00
INFO - 20 96 e3 3c 00 0a cf 00
INFO - 20 99 23 3c 00 0a d3 00
INFO - 20 9c 63 3c 00 0a b3 00
INFO - 20 9e a3 3c 00 0a ab 00
INFO - 20 a1 e3 3c 00 0a dd 00
INFO - 20 a3 23 3c 00 0a a8 00
INFO - 20 a6 63 3c 00 0a e8 00
INFO - 20 a9 a3 3c 00 0a c6 00
INFO - 20 ac e3 3c 00 0a c1 00
INFO - 20 af 23 3c 00 0a d2 00
INFO - 20 b1 63 3c 00 0a c2 00
INFO - 20 b5 a3 3c 00 0a ea 00
INFO - 20 b7 e3 3c 00 0a c0 00
INFO - 20 ba 23 3c 00 0a df 00
INFO - 20 bd 63 3c 00 0a c3 00
INFO - 20 bf a3 3c 00 0a b5 00
INFO - 20 c1 e3 3c 00 0a a6 00
INFO - 20 c4 23 3c 00 0a b7 00
INFO - 20 c6 63 3c 00 0a c3 00
INFO - 20 c9 a3 3c 00 0a b3 00
INFO - 20 cb e3 3c 00 0a c5 00
INFO - 20 cf 23 3c 00 0a dc 00
INFO - 20 d1 63 3c 00 0a a6 00
INFO - 20 d3 a3 3c 00 0a b6 00
INFO - 20 d5 e3 3c 00 0a b8 00
INFO - 20 d8 23 3c 00 0a a9 00
INFO - 20 da 63 3c 00 0a c3 00
INFO - 20 dc a3 3c 00 0a b4 00
INFO - 20 df e3 3c 00 0a d3 00
INFO - 20 e2 23 3c 00 0a b4 00
INFO - 20 e4 63 3c 00 0a b8 00
INFO - 20 e7 a3 3c 00 0a 8f 00
INFO - 20 eb e3 3c 00 0a f8 00
INFO - 20 ed 23 3c 00 0a 9c 00
INFO - 20 f0 63 3c 00 0a e9 00
INFO - 20 f3 a3 3c 00 0a c5 00
INFO - 20 f5 e3 3c 00 0a b5 00
INFO - 20 f8 23 3c 00 0a b8 00
INFO - 20 fa 63 3c 00 0a c4 00
INFO - 20 fd a3 3c 00 0a d0 00
INFO - 21 00 e3 3c 00 0a b6 00
INFO - 21 03 23 3c 00 0a ce 00
INFO - 21 05 63 3c 00 0a c5 00
INFO - 21 08 a3 3c 00 0a ce 00
INFO - 21 0a e3 3c 00 0a b8 00
INFO - 21 0c 23 3c 00 0a 9b 00
INFO - 21 0f 63 3c 00 0a c0 00
INFO - 21 11 a3 3c 00 0a aa 00
INFO - 21 14 e3 3c 00 0a da 00
INFO - 21 17 23 3c 00 0a dd 00
INFO - 21 19 63 3c 00 0a 99 00
INFO - 21 1c a3 3c 00 0a c3 00
INFO - 21 1f e3 3c 00 0a ce 00
INFO - 21 21 23 3c 00 0a cd 00
INFO - 21 25 63 3c 00 0a db 00
INFO - 21 27 a3 3c 00 0a b1 00
INFO - 21 29 e3 3c 00 0a a9 00
INFO - 21 2b 23 3c 00 0a c0 00
INFO - 21 2f 63 3c 00 0a f1 00
INFO - 21 31 a3 3c 00 0a a9 00
INFO - 21 35 e3 3c 00 0a ff 00
INFO - 21 38 23 3c 00 0a be 00
INFO - 21 3a 63 3c 00 0a b5 00
INFO - 21 3c a3 3c 00 0a c0 00
INFO - 21 3f e3 3c 00 0a cb 00
INFO - 21 41 23 3c 00 0a a9 00
INFO - 21 45 63 3c 00 0a e5 00
INFO - 21 47 a3 3c 00 0a c2 00
INFO - 21 49 e3 3c 00 0a 9a 00
INFO - 21 4c 23 3c 00 0a da 00
INFO - 21 51 63 3c 00 0b 34 00
INFO - 21 53 a3 3c 00 0a 9a 00
INFO - 21 55 e3 3c 00 0a a4 00
INFO - 21 57 23 3c 00 0a b7 00
INFO - 21 5a 63 3c 00 0a cb 00
INFO - 21 5d a3 3c 00 0a d2 00
INFO - 21 5f e3 3c 00 0a a7 00
INFO - 21 62 23 3c 00 0a ce 00
INFO - 21 66 63 3c 00 0b 02 00
INFO - 21 68 a3 3c 00 0a a9 00
INFO - 21 6b e3 3c 00 0a ca 00
INFO - 21 6d 23 3c 00 0a ad 00
INFO - 21 70 63 3c 00 0a c7 00
INFO - 21 73 a3 3c 00 0a b9 00
INFO - 21 76 e3 3c 00 0a dc 00
INFO - 21 78 23 3c 00 0a b6 00
INFO - 21 7b 63 3c 00 0a d8 00
INFO - 21 7d a3 3c 00 0a a2 00
INFO - 21 81 e3 3c 00 0a eb 00
INFO - 21 84 23 3c 00 0a cc 00
INFO - 21 86 63 3c 00 0a ad 00
INFO - 21 88 a3 3c 00 0a a5 00
INFO - 21 8b e3 3c 00 0a d5 00
INFO - 21 8d 23 3c 00 0a 75 00
INFO - 21 8f 63 3c 00 0a a3 00
INFO - 21 92 a3 3c 00 0a de 00
INFO - 21 94 e3 3c 00 0a b0 00
INFO - 21 98 23 3c 00 0a e5 00
INFO - 21 9a 63 3c 00 0a be 00
INFO - 21 9d a3 3c 00 0a bd 00
INFO - 21 9f e3 3c 00 0a be 00
INFO - 21 a2 23 3c 00 0a be 00
INFO - 21 a5 63 3c 00 0a d7 00
INFO - 21 a8 a3 3c 00 0a d1 00
INFO - 21 ab e3 3c 00 0a e0 00
INFO - 21 ae 23 3c 00 0a c5 00
INFO - 21 b1 63 3c 00 0a e7 00
INFO - 21 b4 a3 3c 00 0a d8 00
INFO - 21 b7 e3 3c 00 0a cd 00
INFO - 21 ba 23 3c 00 0a ed 00
INFO - 21 bc 63 3c 00 0a a3 00
INFO - 21 bf a3 3c 00 0a c6 00
INFO - 21 c1 e3 3c 00 0a ae 00
INFO - 21 c4 23 3c 00 0a bf 00
INFO - 21 c7 63 3c 00 0a cd 00
INFO - 21 ca a3 3c 00 0a cc 00
INFO - 21 cd e3 3c 00 0a d4 00
INFO - 21 cf 23 3c 00 0a ab 00
INFO - 21 d2 63 3c 00 0a cd 00
INFO - 21 d4 a3 3c 00 0a b1 00
INFO - 21 d6 e3 3c 00 0a 9a 00
INFO - 21 d8 23 3c 00 0a bd 00
INFO - 21 da 63 3c 00 0a 98 00
INFO - 21 dd a3 3c 00 0a e7 00
INFO - 21 df e3 3c 00 0a ab 00
INFO - 21 e3 23 3c 00 0a fc 00
INFO - 21 e7 63 3c 00 0a fc 00
INFO - 21 ea a3 3c 00 0a e7 00
INFO - 21 ee e3 3c 00 0a e8 00
INFO - 21 f1 23 3c 00 0a e6 00
INFO - 21 f3 63 3c 00 0a b3 00
INFO - 21 f6 a3 3c 00 0a be 00
INFO - 21 fb e3 3c 00 0a c9 00
INFO - 21 fe 23 3c 00 0a d2 00
INFO - 22 01 63 3c 00 0a d7 00
INFO - 22 05 a3 3c 00 0a d9 00
INFO - 22 08 e3 3c 00 0a ed 00
INFO - 22 0a 23 3c 00 0a 8f 00
INFO - 22 0d 63 3c 00 0a ec 00
INFO - 22 0f a3 3c 00 0a 9d 00
INFO - 22 11 e3 3c 00 0a bd 00
INFO - 22 13 23 3c 00 0a 96 00
INFO - 22 15 63 3c 00 0a b0 00
INFO - 22 18 a3 3c 00 0a cb 00
INFO - 22 1b e3 3c 00 0a bb 00
INFO - 22 1d 23 3c 00 0a b2 00
INFO - 22 1f 63 3c 00 0a a8 00
INFO - 22 22 a3 3c 00 0a dd 00
INFO - 22 24 e3 3c 00 0a ab 00
INFO - 22 28 23 3c 00 0a eb 00
INFO - 22 2a 63 3c 00 0a ae 00
INFO - 22 2d a3 3c 00 0a d8 00
INFO - 22 30 e3 3c 00 0a b8 00
INFO - 22 32 23 3c 00 0a b6 00
INFO - 22 35 63 3c 00 0a c3 00
INFO - 22 38 a3 3c 00 0a d7 00
INFO - 22 3b e3 3c 00 0a de 00
INFO - 22 3f 23 3c 00 0b 00 00
INFO - 22 40 63 3c 00 0a 96 00
INFO - 22 43 a3 3c 00 0a c9 00
INFO - 22 46 e3 3c 00 0a b8 00
INFO - 22 48 23 3c 00 0a b7 00
INFO - 22 4b 63 3c 00 0a c9 00
INFO - 22 4e a3 3c 00 0a d9 00
INFO - 22 51 e3 3c 00 0a d9 00
INFO - 22 53 23 3c 00 0a a3 00
INFO - 22 55 63 3c 00 0a b8 00
INFO - 22 59 a3 3c 00 0a ec 00
INFO - 22 5b e3 3c 00 0a 6a 00
INFO - 22 5d 23 3c 00 0a ce 00
INFO - 22 60 63 3c 00 0a d7 00
INFO - 22 66 a3 3c 00 0b 36 00
INFO - 22 69 e3 3c 00 0a b9 00
INFO - 22 6c 23 3c 00 0a 9e 00
INFO - 22 70 63 3c 00 0a f3 00
INFO - 22 72 a3 3c 00 0a b3 00
INFO - 22 76 e3 3c 00 0a ee 00
INFO - 22 7a 23 3c 00 0a af 00
INFO - 22 7d 63 3c 00 0a c5 00
INFO - 22 7f a3 3c 00 0a a5 00
INFO - 22 83 e3 3c 00 0a e9 00
INFO - 22 84 23 3c 00 0a 96 00
INFO - 22 88 63 3c 00 0a fc 00
INFO - 22 8b a3 3c 00 0a c1 00
INFO - 22 8e e3 3c 00 0a d3 00
INFO - 22 8f 23 3c 00 0a 8b 00
INFO - 22 92 63 3c 00 0a c6 00
INFO - 22 93 a3 3c 00 0a 90 00
INFO - 22 97 e3 3c 00 0a e9 00
INFO - 22 99 23 3c 00 0a 95 00
INFO - 22 9b 63 3c 00 0a b4 00
INFO - 22 9e a3 3c 00 0a c5 00
INFO - 22 9f e3 3c 00 0a 97 00
INFO - 22 a3 23 3c 00 0a ee 00
INFO - 22 a5 63 3c 00 0a a6 00
INFO - 22 a8 a3 3c 00 0a d9 00
INFO - 22 ab e3 3c 00 0a da 00
INFO - 22 ae 23 3c 00 0a c2 00
INFO - 22 b2 63 3c 00 0b 00 00
INFO - 22 b9 a3 3c 00 0b b9 00
INFO - 22 bc e3 3c 00 0a e0 00
INFO - 22 bf 23 3c 00 0a b1 00
INFO - 22 c2 63 3c 00 0a d7 00
INFO - 22 c4 a3 3c 00 0a a4 00
INFO - 22 c7 e3 3c 00 0a ed 00
INFO - 22 ca 23 3c 00 0a af 00
INFO - 22 cc 63 3c 00 0a be 00
INFO - 22 cf a3 3c 00 0a bd 00
INFO - 22 d1 e3 3c 00 0a ca 00
INFO - 22 d4 23 3c 00 0a aa 00
INFO - 22 d6 63 3c 00 0a 88 00
INFO - 22 d9 a3 3c 00 0a c7 00
INFO - 22 dc e3 3c 00 0a e4 00
INFO - 22 df 23 3c 00 0a bc 00
INFO - 22 e1 63 3c 00 0a bb 00
INFO - 22 e4 a3 3c 00 0a ae 00
INFO - 22 e6 e3 3c 00 0a 9a 00
INFO - 22 e8 23 3c 00 0a c9 00
INFO - 22 ea 63 3c 00 0a a1 00
INFO - 22 ed a3 3c 00 0a c8 00
INFO - 22 f1 e3 3c 00 0a f6 00
INFO - 22 f4 23 3c 00 0a d7 00
INFO - 22 f7 63 3c 00 0a fc 00
INFO - 22 fa a3 3c 00 0a af 00
INFO - 22 fc e3 3c 00 0a bb 00
INFO - 22 ff 23 3c 00 0a e1 00
INFO - 23 02 63 3c 00 0a bc 00
INFO - 23 04 a3 3c 00 0a b0 00
INFO - 23 07 e3 3c 00 0a e3 00
INFO - 23 09 23 3c 00 0a a2 00
INFO - 23 0d 63 3c 00 0a f1 00
INFO - 23 0f a3 3c 00 0a 93 00
INFO - 23 13 e3 3c 00 0b 0a 00
INFO - 23 16 23 3c 00 0a db 00
INFO - 23 18 63 3c 00 0a b5 00
INFO - 23 1a a3 3c 00 0a a3 00
INFO - 23 1d e3 3c 00 0a bc 00
INFO - 23 20 23 3c 00 0a c5 00
INFO - 23 23 63 3c 00 0a eb 00
INFO - 23 26 a3 3c 00 0a d8 00
INFO - 23 2a e3 3c 00 0a f1 00
INFO - 23 2c 23 3c 00 0a a4 00
INFO - 23 2e 63 3c 00 0a b7 00
INFO - 23 31 a3 3c 00 0a ca 00
INFO - 23 33 e3 3c 00 0a b1 00
INFO - 23 36 23 3c 00 0a d2 00
INFO - 23 38 63 3c 00 0a 9d 00
INFO - 23 3b a3 3c 00 0a f2 00
INFO - 23 3d e3 3c 00 0a 96 00
INFO - 23 41 23 3c 00 0b 07 00
INFO - 23 44 63 3c 00 0a cb 00
INFO - 23 47 a3 3c 00 0a d8 00
INFO - 23 4a e3 3c 00 0a d8 00
INFO - 23 4c 23 3c 00 0a b1 00
INFO - 23 4f 63 3c 00 0a b0 00
INFO - 23 51 a3 3c 00 0a cc 00
INFO - 23 54 e3 3c 00 0a cc 00
INFO - 23 56 23 3c 00 0a a1 00
INFO - 23 59 63 3c 00 0a 8d 00
INFO - 23 5d a3 3c 00 0a ff 00
INFO - 23 60 e3 3c 00 0a bd 00
INFO - 23 63 23 3c 00 0a f3 00
INFO - 23 66 63 3c 00 0a c4 00
INFO - 23 69 a3 3c 00 0a f3 00
INFO - 23 6c e3 3c 00 0a bd 00
INFO - 23 6e 23 3c 00 0a bc 00
INFO - 23 72 63 3c 00 0a f3 00
INFO - 23 74 a3 3c 00 0a a3 00
INFO - 23 77 e3 3c 00 0a e0 00
INFO - 23 7b 23 3c 00 0a ec 00
INFO - 23 7c 63 3c 00 0a 89 00
INFO - 23 7f a3 3c 00 0a d7 00
INFO - 23 82 e3 3c 00 0a da 00
INFO - 23 84 23 3c 00 0a af 00
INFO - 23 88 63 3c 00 0a e7 00
INFO - 23 8b a3 3c 00 0a e6 00
INFO - 23 8d e3 3c 00 0a 96 00
INFO - 23 90 23 3c 00 0a e4 00
INFO - 23 93 63 3c 00 0a da 00
INFO - 23 96 a3 3c 00 0a ae 00
INFO - 23 99 e3 3c 00 0a db 00
INFO - 23 9c 23 3c 00 0a d3 00
INFO - 23 9e 63 3c 00 0a ae 00
INFO - 23 a0 a3 3c 00 0a b7 00
INFO - 23 a2 e3 3c 00 0a 8b 00
INFO - 23 a6 23 3c 00 0b 21 00
INFO - 23 a9 63 3c 00 0a d5 00
INFO - 23 ab a3 3c 00 0a aa 00
INFO - 23 ad e3 3c 00 0a a5 00
INFO - 23 b0 23 3c 00 0a bb 00
INFO - 23 b2 63 3c 00 0a b3 00
INFO - 23 b5 a3 3c 00 0a c7 00
INFO - 23 b8 e3 3c 00 0a c3 00
INFO - 23 ba 23 3c 00 0a b7 00
INFO - 23 bd 63 3c 00 0a cd 00
INFO - 23 c0 a3 3c 00 0a c7 00
INFO - 23 c2 e3 3c 00 0a b3 00
INFO - 23 c6 23 3c 00 0b 1e 00
INFO - 23 c9 63 3c 00 0a d4 00
INFO - 23 cb a3 3c 00 0a a9 00
INFO - 23 cd e3 3c 00 0a 99 00
INFO - 23 d0 23 3c 00 0a b8 00
INFO - 23 d2 63 3c 00 0a b3 00
INFO - 23 d6 a3 3c 00 0a f7 00
INFO - 23 d8 e3 3c 00 0a b8 00
INFO - 23 da 23 3c 00 0a a9 00
INFO - 23 dd 63 3c 00 0a b3 00
INFO - 23 de a3 3c 00 0a 9e 00
INFO - 23 e1 e3 3c 00 0a 7b 00
INFO - 23 e3 23 3c 00 0a a6 00
INFO - 23 e6 63 3c 00 0a c6 00
INFO - 23 e7 a3 3c 00 0a 9c 00
INFO - 23 ea e3 3c 00 0a b6 00
INFO - 23 ec 23 3c 00 0a a6 00
INFO - 23 ee 63 3c 00 0a ac 00
INFO - 23 f0 a3 3c 00 0a 9b 00
INFO - 23 f2 e3 3c 00 0a 9a 00
INFO - 23 f4 23 3c 00 0a c6 00
INFO - 23 f8 63 3c 00 0a f6 00
INFO - 23 fc a3 3c 00 0b 07 00
INFO - 23 ff e3 3c 00 0a dd 00
INFO - 24 02 23 3c 00 0a c4 00
INFO - 24 06 63 3c 00 0b 23 00
INFO - 24 0a a3 3c 00 0a f9 00
INFO - 24 0c e3 3c 00 0a 9d 00
INFO - 24 0f 23 3c 00 0a c2 00
INFO - 24 12 63 3c 00 0a d2 00
INFO - 24 15 a3 3c 00 0a ee 00
INFO - 24 19 e3 3c 00 0a ea 00
INFO - 24 1c 23 3c 00 0a df 00
INFO - 24 1e 63 3c 00 0a ad 00
INFO - 24 21 a3 3c 00 0a c5 00
INFO - 24 23 e3 3c 00 0a c3 00
INFO - 24 26 23 3c 00 0a d2 00
INFO - 24 28 63 3c 00 0a ad 00
INFO - 24 2b a3 3c 00 0a c5 00
INFO - 24 2e e3 3c 00 0a e0 00
INFO - 24 31 23 3c 00 0a c6 00
INFO - 24 35 63 3c 00 0a ed 00
INFO - 24 37 a3 3c 00 0a b6 00
INFO - 24 3b e3 3c 00 0a fd 00
INFO - 24 3c 23 3c 00 0a 8e 00
INFO - 24 3f 63 3c 00 0a ba 00
INFO - 24 42 a3 3c 00 0a df 00
INFO - 24 46 e3 3c 00 0a 9e 00
INFO - 24 48 23 3c 00 0a bb 00
INFO - 24 4b 63 3c 00 0a e1 00
INFO - 24 4e a3 3c 00 0a ab 00
INFO - 24 50 e3 3c 00 0a c6 00
INFO - 24 54 23 3c 00 0b 0a 00
INFO - 24 57 63 3c 00 0a b9 00
INFO - 24 5a a3 3c 00 0a d4 00
INFO - 24 5d e3 3c 00 0a e0 00
INFO - 24 5f 23 3c 00 0a a0 00
INFO - 24 62 63 3c 00 0a e2 00
INFO - 24 64 a3 3c 00 0a 9f 00
INFO - 24 68 e3 3c 00 0b 0b 00
INFO - 24 6c 23 3c 00 0a e1 00
INFO - 24 6e 63 3c 00 0a ae 00
INFO - 24 70 a3 3c 00 0a bb 00
INFO - 24 73 e3 3c 00 0a c6 00
INFO - 24 76 23 3c 00 0a e4 00
INFO - 24 7a 63 3c 00 0b 01 00
INFO - 24 7d a3 3c 00 0a c8 00
INFO - 24 7f e3 3c 00 0a bc 00
INFO - 24 83 23 3c 00 0a fe 00
INFO - 24 85 63 3c 00 0a a2 00
INFO - 24 88 a3 3c 00 0a c9 00
INFO - 24 8b e3 3c 00 0a d6 00
INFO - 24 8e 23 3c 00 0a c9 00
INFO - 24 92 63 3c 00 0b 0e 00
INFO - 24 95 a3 3c 00 0a be 00
INFO - 24 98 e3 3c 00 0a e3 00
INFO - 24 9a 23 3c 00 0a b0 00
INFO - 24 9e 63 3c 00 0b 00 00
INFO - 24 a0 a3 3c 00 0a b1 00
INFO - 24 a3 e3 3c 00 0a d8 00
INFO - 24 a6 23 3c 00 0a 7f 00
INFO - 24 a9 63 3c 00 0a d7 00
INFO - 24 ab a3 3c 00 0a 95 00
INFO - 24 ae e3 3c 00 0a f3 00
INFO - 24 b0 23 3c 00 0a b0 00
INFO - 24 b3 63 3c 00 0a cb 00
INFO - 24 b6 a3 3c 00 0a bd 00
INFO - 24 b8 e3 3c 00 0a bb 00
INFO - 24 bb 23 3c 00 0a cd 00
INFO - 24 be 63 3c 00 0a bb 00
INFO - 24 c1 a3 3c 00 0a db 00
INFO - 24 c3 e3 3c 00 0a ab 00
INFO - 24 c7 23 3c 00 0a f5 00
INFO - 24 c9 63 3c 00 0a a1 00
INFO - 24 cd a3 3c 00 0b 11 00
INFO - 24 cf e3 3c 00 0a a1 00
INFO - 24 d3 23 3c 00 0b 02 00
INFO - 24 d6 63 3c 00 0a f3 00
INFO - 24 d9 a3 3c 00 0a cd 00
INFO - 24 dc e3 3c 00 0a ba 00
INFO - 24 df 23 3c 00 0a f7 00
INFO - 24 e1 63 3c 00 0a ae 00
INFO - 24 e4 a3 3c 00 0a cb 00
INFO - 24 e7 e3 3c 00 0a cd 00
INFO - 24 ea 23 3c 00 0a d7 00
INFO - 24 ee 63 3c 00 0b 04 00
INFO - 24 f1 a3 3c 00 0a e5 00
INFO - 24 f5 e3 3c 00 0a e7 00
INFO - 24 f8 23 3c 00 0a c7 00
INFO - 24 fa 63 3c 00 0a ca 00
INFO - 24 fd a3 3c 00 0a be 00
INFO - 25 00 e3 3c 00 0a cb 00
INFO - 25 03 23 3c 00 0a f6 00
INFO - 25 06 63 3c 00 0a cb 00
INFO - 25 0a a3 3c 00 0a a8 00
INFO - 25 0e e3 3c 00 0a f5 00
INFO - 25 12 23 3c 00 0a e9 00
INFO - 25 15 63 3c 00 0a f4 00
INFO - 25 19 a3 3c 00 0b 04 00
INFO - 25 1b e3 3c 00 0a b1 00
INFO - 25 1d 23 3c 00 0a 93 00
INFO - 25 20 63 3c 00 0a cd 00
INFO - 25 23 a3 3c 00 0a cc 00
INFO - 25 26 e3 3c 00 0a da 00
INFO - 25 28 23 3c 00 0a af 00
INFO - 25 2b 63 3c 00 0a bf 00
INFO - 25 30 a3 3c 00 0a d2 00
INFO - 25 32 e3 3c 00 0a b0 00
INFO - 25 35 23 3c 00 0a db 00
INFO - 25 37 63 3c 00 0a 94 00
INFO - 25 39 a3 3c 00 0a bd 00
INFO - 25 3c e3 3c 00 0a cc 00
INFO - 25 3f 23 3c 00 0a e8 00
INFO - 25 42 63 3c 00 0a cb 00
INFO - 25 46 a3 3c 00 0a f4 00
INFO - 25 48 e3 3c 00 0a a2 00
INFO - 25 4a 23 3c 00 0a a1 00
INFO - 25 4c 63 3c 00 0a be 00
INFO - 25 4e a3 3c 00 0a a0 00
INFO - 25 52 e3 3c 00 0a e7 00
INFO - 25 54 23 3c 00 0a bc 00
INFO - 25 57 63 3c 00 0a be 00
INFO - 25 59 a3 3c 00 0a a0 00
INFO - 25 5b e3 3c 00 0a a9 00
INFO - 25 5d 23 3c 00 0a a9 00
INFO - 25 60 63 3c 00 0a bb 00
INFO - 25 63 a3 3c 00 0a cc 00
INFO - 25 65 e3 3c 00 0a ad 00
INFO - 25 67 23 3c 00 0a b0 00
INFO - 25 6a 63 3c 00 0a bc 00
INFO - 25 6b a3 3c 00 0a a1 00
INFO - 25 6e e3 3c 00 0a b0 00
INFO - 25 71 23 3c 00 0a d7 00
INFO - 25 74 63 3c 00 0a d8 00
INFO - 25 78 a3 3c 00 0b 01 00
INFO - 25 7c e3 3c 00 0b 01 00
INFO - 25 7f 23 3c 00 0a f4 00
INFO - 25 82 63 3c 00 0a da 00
INFO - 25 8b a3 3c 00 0b ea 00
INFO - 25 8e e3 3c 00 0a da 00
INFO - 25 90 23 3c 00 0a 93 00
INFO - 25 94 63 3c 00 0b 0e 00
INFO - 25 96 a3 3c 00 0a 9f 00
INFO - 25 98 e3 3c 00 0a ae 00
INFO - 25 9a 23 3c 00 0a bf 00
INFO - 25 9d 63 3c 00 0a ac 00
INFO - 25 a0 a3 3c 00 0a f3 00
INFO - 25 a2 e3 3c 00 0a af 00
INFO - 25 a6 23 3c 00 0a e5 00
INFO - 25 a9 63 3c 00 0a cc 00
INFO - 25 ab a3 3c 00 0a c8 00
INFO - 25 ae e3 3c 00 0a cc 00
INFO - 25 b1 23 3c 00 0a c7 00
INFO - 25 b3 63 3c 00 0a be 00
INFO - 25 b6 a3 3c 00 0a d5 00
INFO - 25 ba e3 3c 00 0b 01 00
INFO - 25 bc 23 3c 00 0a a1 00
INFO - 25 bf 63 3c 00 0a bf 00
INFO - 25 c2 a3 3c 00 0a 8b 00
INFO - 25 c5 e3 3c 00 0a db 00
INFO - 25 c7 23 3c 00 0a b9 00
INFO - 25 ca 63 3c 00 0a d7 00
INFO - 25 ce a3 3c 00 0a f6 00
INFO - 25 d1 e3 3c 00 0a e2 00
INFO - 25 d4 23 3c 00 0a bf 00
INFO - 25 d7 63 3c 00 0a d5 00
INFO - 25 d9 a3 3c 00 0a b1 00
INFO - 25 dc e3 3c 00 0a ba 00
INFO - 25 de 23 3c 00 0a bf 00
INFO - 25 e2 63 3c 00 0a fe 00
INFO - 25 e5 a3 3c 00 0a be 00
INFO - 25 e7 e3 3c 00 0a c7 00
INFO - 25 ea 23 3c 00 0a ca 00
INFO - 25 ed 63 3c 00 0a d9 00
INFO - 25 ef a3 3c 00 0a ac 00
INFO - 25 f3 e3 3c 00 0a e7 00
INFO - 25 f5 23 3c 00 0a b8 00
INFO - 25 f8 63 3c 00 0a c0 00
INFO - 25 fa a3 3c 00 0a ac 00
INFO - 25 fd e3 3c 00 0a cc 00
INFO - 25 ff 23 3c 00 0a aa 00
INFO - 26 01 63 3c 00 0a 93 00
INFO - 26 05 a3 3c 00 0a ff 00
INFO - 26 08 e3 3c 00 0a e3 00
INFO - 26 0a 23 3c 00 0a ad 00
INFO - 26 0c 63 3c 00 0a a3 00
INFO - 26 0f a3 3c 00 0a c5 00
INFO - 26 12 e3 3c 00 0a cb 00
INFO - 26 15 23 3c 00 0a e1 00
INFO - 26 17 63 3c 00 0a af 00
INFO - 26 1a a3 3c 00 0a d5 00
INFO - 26 1c e3 3c 00 0a b7 00
INFO - 26 1f 23 3c 00 0a d6 00
INFO - 26 23 63 3c 00 0a fe 00
INFO - 26 27 a3 3c 00 0a f3 00
INFO - 26 2a e3 3c 00 0a d5 00
INFO - 26 2c 23 3c 00 0a aa 00
INFO - 26 2f 63 3c 00 0a c7 00
INFO - 26 31 a3 3c 00 0a b0 00
INFO - 26 34 e3 3c 00 0a e3 00
INFO - 26 36 23 3c 00 0a a9 00
INFO - 26 39 63 3c 00 0a d4 00
INFO - 26 3c a3 3c 00 0a c7 00
INFO - 26 3e e3 3c 00 0a af 00
INFO - 26 43 23 3c 00 0b 14 00
INFO - 26 46 63 3c 00 0a ef 00
INFO - 26 49 a3 3c 00 0a e1 00
INFO - 26 4b e3 3c 00 0a a2 00
INFO - 26 4f 23 3c 00 0a e2 00
INFO - 26 51 63 3c 00 0a b5 00
INFO - 26 54 a3 3c 00 0a c6 00
INFO - 26 56 e3 3c 00 0a ab 00
INFO - 26 5a 23 3c 00 0a ff 00
INFO - 26 5d 63 3c 00 0a de 00
INFO - 26 60 a3 3c 00 0a ca 00
INFO - 26 62 e3 3c 00 0a a7 00
INFO - 26 65 23 3c 00 0a d6 00
INFO - 26 66 63 3c 00 0a 9c 00
INFO - 26 6a a3 3c 00 0a e3 00
INFO - 26 6c e3 3c 00 0a a8 00
INFO - 26 6f 23 3c 00 0a e1 00
INFO - 26 72 63 3c 00 0a bb 00
INFO - 26 75 a3 3c 00 0a ea 00
INFO - 26 77 e3 3c 00 0a a1 00
INFO - 26 7a 23 3c 00 0a c2 00
INFO - 26 7c 63 3c 00 0a c5 00
INFO - 26 80 a3 3c 00 0a f0 00
INFO - 26 82 e3 3c 00 0a a7 00
INFO - 26 85 23 3c 00 0a c6 00
INFO - 26 87 63 3c 00 0a bb 00
INFO - 26 8a a3 3c 00 0a cf 00
INFO - 26 8d e3 3c 00 0a c8 00
INFO - 26 92 23 3c 00 0a 9f 00
INFO - 26 94 63 3c 00 0a a0 00
INFO - 26 96 a3 3c 00 0a c4 00
INFO - 26 99 e3 3c 00 0a b5 00
INFO - 26 9b 23 3c 00 0a 9c 00
INFO - 26 9c 63 3c 00 0a a0 00
INFO - 26 9f a3 3c 00 0a c1 00
INFO - 26 a2 e3 3c 00 0a d6 00
INFO - 26 a6 23 3c 00 0a f5 00
INFO - 26 a8 63 3c 00 0a a1 00
INFO - 26 ac a3 3c 00 0b 14 00
INFO - 26 ae e3 3c 00 0a 9d 00
INFO - 26 b1 23 3c 00 0a e9 00
INFO - 26 b4 63 3c 00 0a c4 00
INFO - 26 b7 a3 3c 00 0a df 00
INFO - 26 ba e3 3c 00 0a d2 00
INFO - 26 be 23 3c 00 0b 06 00
INFO - 26 c0 63 3c 00 0a bb 00
INFO - 26 c2 a3 3c 00 0a 99 00
INFO - 26 c4 e3 3c 00 0a ae 00
INFO - 26 c8 23 3c 00 0a dc 00
INFO - 26 cb 63 3c 00 0a d6 00
INFO - 26 cc a3 3c 00 0a 9a 00
INFO - 26 ce e3 3c 00 0a a0 00
INFO - 26 d0 23 3c 00 0a a8 00
INFO - 26 d3 63 3c 00 0a b8 00
INFO - 26 d5 a3 3c 00 0a a0 00
INFO - 26 d7 e3 3c 00 0a b5 00
INFO - 26 d9 23 3c 00 0a 9c 00
INFO - 26 db 63 3c 00 0a bb 00
INFO - 26 de a3 3c 00 0a b8 00
INFO - 26 e0 e3 3c 00 0a c2 00
INFO - 26 e3 23 3c 00 0a c5 00
INFO - 26 e6 63 3c 00 0a bb 00
INFO - 26 e9 a3 3c 00 0a cf 00
INFO - 26 f0 e3 3c 00 0b c0 00
INFO - 26 f2 23 3c 00 0a ab 00
INFO - 26 f5 63 3c 00 0a d5 00
INFO - 26 f9 a3 3c 00 0a ec 00
INFO - 26 fc e3 3c 00 0a ca 00
INFO - 26 fe 23 3c 00 0a ad 00
INFO - 27 02 63 3c 00 0a ea 00
INFO - 27 05 a3 3c 00 0a d4 00
INFO - 27 06 e3 3c 00 0a 8d 00
INFO - 27 09 23 3c 00 0a ba 00
INFO - 27 0b 63 3c 00 0a b5 00
INFO - 27 0d a3 3c 00 0a a9 00
INFO - 27 0f e3 3c 00 0a ba 00
INFO - 27 12 23 3c 00 0a c3 00
INFO - 27 14 63 3c 00 0a aa 00
INFO - 27 18 a3 3c 00 0b 06 00
INFO - 27 1b e3 3c 00 0a c4 00
INFO - 27 1d 23 3c 00 0a b7 00
INFO - 27 20 63 3c 00 0a b7 00
INFO - 27 22 a3 3c 00 0a c4 00
INFO - 27 25 e3 3c 00 0a c4 00
INFO - 27 27 23 3c 00 0a b7 00
INFO - 27 2a 63 3c 00 0a b6 00
INFO - 27 2c a3 3c 00 0a a9 00
INFO - 27 2e e3 3c 00 0a b7 00
INFO - 27 32 23 3c 00 0a f8 00
INFO - 27 36 63 3c 00 0b 05 00
INFO - 27 38 a3 3c 00 0a aa 00
INFO - 27 3a e3 3c 00 0a b6 00
INFO - 27 3c 23 3c 00 0a a8 00
INFO - 27 40 63 3c 00 0a e0 00
INFO - 27 42 a3 3c 00 0a c1 00
INFO - 27 45 e3 3c 00 0a c5 00
INFO - 27 47 23 3c 00 0a b4 00
INFO - 27 4a 63 3c 00 0a df 00
INFO - 27 4d a3 3c 00 0a c0 00
INFO - 27 4f e3 3c 00 0a b8 00
INFO - 27 53 23 3c 00 0a e7 00
INFO - 27 55 63 3c 00 0a 9e 00
INFO - 27 57 a3 3c 00 0a b3 00
INFO - 27 5a e3 3c 00 0a ec 00
INFO - 27 5c 23 3c 00 0a a5 00
INFO - 27 5f 63 3c 00 0a c3 00
INFO - 27 62 a3 3c 00 0a b8 00
INFO - 27 65 e3 3c 00 0a f6 00
INFO - 27 68 23 3c 00 0a da 00
INFO - 27 6b 63 3c 00 0a d1 00
INFO - 27 6d a3 3c 00 0a a6 00
INFO - 27 70 e3 3c 00 0a d2 00
INFO - 27 72 23 3c 00 0a a5 00
INFO - 27 75 63 3c 00 0a c6 00
INFO - 27 77 a3 3c 00 0a a5 00
INFO - 27 7a e3 3c 00 0a e0 00
INFO - 27 7d 23 3c 00 0a bf 00
INFO - 27 80 63 3c 00 0a f8 00
INFO - 27 82 a3 3c 00 0a 9e 00
INFO - 27 85 e3 3c 00 0a db 00
INFO - 27 88 23 3c 00 0a ad 00
INFO - 27 8a 63 3c 00 0a bf 00
INFO - 27 8d a3 3c 00 0a c7 00
INFO - 27 8f e3 3c 00 0a b4 00
INFO - 27 91 23 3c 00 0a a0 00
INFO - 27 94 63 3c 00 0a b3 00
INFO - 27 95 a3 3c 00 0a 9d 00
INFO - 27 98 e3 3c 00 0a b7 00
INFO - 27 9a 23 3c 00 0a ba 00
INFO - 27 9d 63 3c 00 0a c1 00
INFO - 27 9f a3 3c 00 0a b7 00
INFO - 27 a2 e3 3c 00 0a de 00
INFO - 27 a5 23 3c 00 0a c8 00
INFO - 27 a8 63 3c 00 0a e8 00
INFO - 27 ab a3 3c 00 0a ba 00
INFO - 27 ae e3 3c 00 0a ce 00
INFO - 27 b0 23 3c 00 0a ba 00
INFO - 27 b4 63 3c 00 0b 03 00
INFO - 27 b7 a3 3c 00 0a c6 00
INFO - 27 ba e3 3c 00 0a e8 00
INFO - 27 be 23 3c 00 0a f8 00
INFO - 27 c0 63 3c 00 0a b7 00
INFO - 27 c3 a3 3c 00 0a 83 00
INFO - 27 c6 e3 3c 00 0a cd 00
INFO - 27 c8 23 3c 00 0a b7 00
INFO - 27 cc 63 3c 00 0a f8 00
INFO - 27 cf a3 3c 00 0a dd 00
INFO - 27 d2 e3 3c 00 0a b8 00
INFO - 27 d4 23 3c 00 0a a6 00
INFO - 27 d6 63 3c 00 0a ab 00
INFO - 27 d9 a3 3c 00 0a db 00
INFO - 27 db e3 3c 00 0a ab 00
INFO - 27 de 23 3c 00 0a c1 00
INFO - 27 e0 63 3c 00 0a ab 00
INFO - 27 e2 a3 3c 00 0a 9c 00
INFO - 27 e6 e3 3c 00 0b 0e 00
INFO - 27 e8 23 3c 00 0a b5 00
INFO - 27 ec 63 3c 00 0b 05 00
INFO - 27 ef a3 3c 00 0a c5 00
INFO - 27 f1 e3 3c 00 0a a6 00
INFO - 27 f3 23 3c 00 0a c2 00
INFO - 27 f6 63 3c 00 0a ac 00
INFO - 27 f8 a3 3c 00 0a b6 00
INFO - 27 fb e3 3c 00 0a cc 00
INFO - 27 fd 23 3c 00 0a c2 00
INFO - 28 00 63 3c 00 0a d0 00
INFO - 28 04 a3 3c 00 0b 07 00
INFO - 28 06 e3 3c 00 0a a5 00
INFO - 28 0a 23 3c 00 0b 06 00
INFO - 28 0d 63 3c 00 0a b2 00
INFO - 28 0f a3 3c 00 0a aa 00
INFO - 28 11 e3 3c 00 0a 99 00
INFO - 28 13 23 3c 00 0a c1 00
INFO - 28 15 63 3c 00 0a 9d 00
INFO - 28 18 a3 3c 00 0a be 00
INFO - 28 1a e3 3c 00 0a aa 00
INFO - 28 1d 23 3c 00 0a e4 00
INFO - 28 20 63 3c 00 0a de 00
INFO - 28 23 a3 3c 00 0a d8 00
INFO - 28 25 e3 3c 00 0a 8f 00
INFO - 28 28 23 3c 00 0a ca 00
INFO - 28 29 63 3c 00 0a 99 00
INFO - 28 2c a3 3c 00 0a cc 00
INFO - 28 2e e3 3c 00 0a 9a 00
INFO - 28 30 23 3c 00 0a b5 00
INFO - 28 33 63 3c 00 0a b0 00
INFO - 28 35 a3 3c 00 0a 9b 00
INFO - 28 37 e3 3c 00 0a bc 00
INFO - 28 39 23 3c 00 0a b2 00
INFO - 28 3d 63 3c 00 0a fd 00
INFO - 28 3f a3 3c 00 0a b2 00
INFO - 28 42 e3 3c 00 0a d7 00
INFO - 28 45 23 3c 00 0a b3 00
INFO - 28 47 63 3c 00 0a 96 00
INFO - 28 49 a3 3c 00 0a b1 00
INFO - 28 4b e3 3c 00 0a b1 00
INFO - 28 4e 23 3c 00 0a cc 00
INFO - 28 55 63 3c 00 0b 99 00
INFO - 28 57 a3 3c 00 0a a6 00
INFO - 28 5a e3 3c 00 0a d2 00
INFO - 28 5d 23 3c 00 0a e3 00
INFO - 28 5f 63 3c 00 0a 94 00
INFO - 28 61 a3 3c 00 0a ae 00
INFO - 28 63 e3 3c 00 0a b2 00
INFO - 28 67 23 3c 00 0b 04 00
INFO - 28 6c 63 3c 00 0b 25 00
INFO - 28 6e a3 3c 00 0a 6c 00
INFO - 28 6f e3 3c 00 0a 86 00
INFO - 28 72 23 3c 00 0a d5 00
INFO - 28 74 63 3c 00 0a 9e 00
INFO - 28 76 a3 3c 00 0a 95 00
INFO - 28 78 e3 3c 00 0a c8 00
INFO - 28 7a 23 3c 00 0a 9d 00
INFO - 28 7c 63 3c 00 0a ad 00
INFO - 28 7f a3 3c 00 0a b9 00
INFO - 28 81 e3 3c 00 0a af 00
INFO - 28 84 23 3c 00 0a c2 00
INFO - 28 86 63 3c 00 0a c3 00
INFO - 28 8a a3 3c 00 0b 0b 00
INFO - 28 8d e3 3c 00 0a ac 00
INFO - 28 8f 23 3c 00 0a a2 00
INFO - 28 92 63 3c 00 0a f2 00
INFO - 28 94 a3 3c 00 0a b5 00
INFO - 28 97 e3 3c 00 0a d1 00
INFO - 28 9a 23 3c 00 0a cc 00
INFO - 28 9c 63 3c 00 0a aa 00
INFO - 28 9f a3 3c 00 0a b7 00
INFO - 28 a1 e3 3c 00 0a ae 00
INFO - 28 a3 23 3c 00 0a a9 00
INFO - 28 a5 63 3c 00 0a b7 00
INFO - 28 a8 a3 3c 00 0a af 00
INFO - 28 aa e3 3c 00 0a b5 00
INFO - 28 ac 23 3c 00 0a a0 00
INFO - 28 ae 63 3c 00 0a ba 00
INFO - 28 b1 a3 3c 00 0a b8 00
INFO - 28 b3 e3 3c 00 0a aa 00
INFO - 28 b6 23 3c 00 0a c3 00
INFO - 28 b8 63 3c 00 0a c7 00
INFO - 28 bc a3 3c 00 0a e6 00
INFO - 28 be e3 3c 00 0a ba 00
INFO - 28 c0 23 3c 00 0a b6 00
INFO - 28 c2 63 3c 00 0a a3 00
INFO - 28 c5 a3 3c 00 0a c2 00
INFO - 28 c7 e3 3c 00 0a a3 00
INFO - 28 ca 23 3c 00 0a cf 00
INFO - 28 cd 63 3c 00 0a c4 00
INFO - 28 cf a3 3c 00 0a ad 00
INFO - 28 d1 e3 3c 00 0a a1 00
INFO - 28 d3 23 3c 00 0a af 00
INFO - 28 d5 63 3c 00 0a 9e 00
INFO - 28 d9 a3 3c 00 0a f7 00
INFO - 28 dc e3 3c 00 0a da 00
INFO - 28 dd 23 3c 00 0a 97 00
INFO - 28 df 63 3c 00 0a 92 00
INFO - 28 e2 a3 3c 00 0a c5 00
INFO - 28 e4 e3 3c 00 0a a2 00
INFO - 28 e7 23 3c 00 0a e9 00
INFO - 28 e9 63 3c 00 0a 9d 00
INFO - 28 ec a3 3c 00 0a d0 00
INFO - 28 ee e3 3c 00 0a ba 00
INFO - 28 f1 23 3c 00 0a c2 00
INFO - 28 f3 63 3c 00 0a a2 00
INFO - 28 f6 a3 3c 00 0a a7 00
INFO - 28 f9 e3 3c 00 0a f4 00
INFO - 28 fc 23 3c 00 0a d0 00
INFO - 28 ff 63 3c 00 0a c4 00
INFO - 29 00 a3 3c 00 0a 88 00
INFO - 29 03 e3 3c 00 0a ba 00
INFO - 29 05 23 3c 00 0a b4 00
INFO - 29 08 63 3c 00 0a c6 00
INFO - 29 0a a3 3c 00 0a 91 00
INFO - 29 0c e3 3c 00 0a d0 00
INFO - 29 0f 23 3c 00 0a ae 00
INFO - 29 11 63 3c 00 0a c1 00
INFO - 29 13 a3 3c 00 0a ae 00
INFO - 29 15 e3 3c 00 0a 91 00
INFO - 29 18 23 3c 00 0a e9 00
INFO - 29 1c 63 3c 00 0a d8 00
INFO - 29 1e a3 3c 00 0a ae 00
INFO - 29 20 e3 3c 00 0a bf 00
INFO - 29 22 23 3c 00 0a 9f 00
INFO - 29 25 63 3c 00 0a b9 00
INFO - 29 27 a3 3c 00 0a a7 00
INFO - 29 28 e3 3c 00 0a 8a 00
INFO - 29 2b 23 3c 00 0a d7 00
INFO - 29 2f 63 3c 00 0a e7 00
INFO - 29 31 a3 3c 00 0a cd 00
INFO - 29 33 e3 3c 00 0a 8f 00
INFO - 29 35 23 3c 00 0a 6f 00
INFO - 29 38 63 3c 00 0a e6 00
INFO - 29 3a a3 3c 00 0a 9a 00
INFO - 29 3c e3 3c 00 0a b5 00
INFO - 29 3f 23 3c 00 0a bf 00
INFO - 29 42 63 3c 00 0a bf 00
INFO - 29 44 a3 3c 00 0a cb 00
INFO - 29 46 e3 3c 00 0a 9c 00
INFO - 29 49 23 3c 00 0a bf 00
INFO - 29 4b 63 3c 00 0a b3 00
INFO - 29 4d a3 3c 00 0a 9c 00
INFO - 29 50 e3 3c 00 0a d5 00
INFO - 29 52 23 3c 00 0a b3 00
INFO - 29 54 63 3c 00 0a b2 00
INFO - 29 57 a3 3c 00 0a b2 00
INFO - 29 5a e3 3c 00 0a c9 00
INFO - 29 5c 23 3c 00 0a c9 00
INFO - 29 5f 63 3c 00 0a bd 00
INFO - 29 62 a3 3c 00 0a df 00
INFO - 29 64 e3 3c 00 0a b1 00
INFO - 29 66 23 3c 00 0a 8f 00
INFO - 29 69 63 3c 00 0a c8 00
INFO - 29 6a a3 3c 00 0a 9a 00
INFO - 29 6c e3 3c 00 0a 9a 00
INFO - 29 6f 23 3c 00 0a c7 00
INFO - 29 70 63 3c 00 0a 8e 00
INFO - 29 73 a3 3c 00 0a c7 00
INFO - 29 75 e3 3c 00 0a 98 00
INFO - 29 77 23 3c 00 0a 8c 00
INFO - 29 79 63 3c 00 0a ba 00
INFO - 29 7b a3 3c 00 0a 99 00
INFO - 29 7d e3 3c 00 0a ae 00
INFO - 29 7f 23 3c 00 0a 8d 00
INFO - 29 81 63 3c 00 0a a3 00
INFO - 29 82 a3 3c 00 0a 98 00
INFO - 29 84 e3 3c 00 0a 82 00
INFO - 29 86 23 3c 00 0a ae 00
INFO - 29 88 63 3c 00 0a a3 00
INFO - 29 8a a3 3c 00 0a ae 00
INFO - 29 8c e3 3c 00 0a a2 00
INFO - 29 8e 23 3c 00 0a a4 00
INFO - 29 92 63 3c 00 0b 0f 00
INFO - 29 94 a3 3c 00 0a 94 00
INFO - 29 96 e3 3c 00 0a b8 00
INFO - 29 98 23 3c 00 0a a4 00
INFO - 29 9b 63 3c 00 0a bf 00
INFO - 29 9e a3 3c 00 0a cd 00
INFO - 29 a0 e3 3c 00 0a ac 00
INFO - 29 a3 23 3c 00 0a db 00
INFO - 29 a7 63 3c 00 0a f8 00
INFO - 29 a9 a3 3c 00 0a b6 00
INFO - 29 ab e3 3c 00 0a b0 00
INFO - 29 ae 23 3c 00 0a ca 00
INFO - 29 b2 63 3c 00 0b 06 00
INFO - 29 b4 a3 3c 00 0a ad 00
INFO - 29 b7 e3 3c 00 0a bc 00
INFO - 29 b8 23 3c 00 0a 8a 00
INFO - 29 ba 63 3c 00 0a b1 00
INFO - 29 bd a3 3c 00 0a ab 00
INFO - 29 be e3 3c 00 0a 8c 00
INFO - 29 c0 23 3c 00 0a b2 00
INFO - 29 c3 63 3c 00 0a aa 00
INFO - 29 c4 a3 3c 00 0a 9c 00
INFO - 29 c7 e3 3c 00 0a ab 00
INFO - 29 c9 23 3c 00 0a bd 00
INFO - 29 cb 63 3c 00 0a aa 00
INFO - 29 ce a3 3c 00 0a c8 00
INFO - 29 d0 e3 3c 00 0a b5 00
INFO - 29 d2 23 3c 00 0a 9b 00
INFO - 29 d4 63 3c 00 0a a0 00
INFO - 29 d6 a3 3c 00 0a 9b 00
INFO - 29 d8 e3 3c 00 0a c1 00
INFO - 29 da 23 3c 00 0a a4 00
INFO - 29 de 63 3c 00 0a e5 00
INFO - 29 df a3 3c 00 0a 90 00
INFO - 29 e2 e3 3c 00 0a b6 00
INFO - 29 e4 23 3c 00 0a a6 00
INFO - 29 e6 63 3c 00 0a a1 00
INFO - 29 e9 a3 3c 00 0a da 00
INFO - 29 eb e3 3c 00 0a a6 00
INFO - 29 ed 23 3c 00 0a 6a 00
INFO - 29 ef 63 3c 00 0a b3 00
INFO - 29 f1 a3 3c 00 0a 95 00
INFO - 29 f3 e3 3c 00 0a c7 00
INFO - 29 f6 23 3c 00 0a b6 00
INFO - 29 f8 63 3c 00 0a a3 00
INFO - 29 fa a3 3c 00 0a c7 00
INFO - 29 fd e3 3c 00 0a b6 00
INFO - 29 ff 23 3c 00 0a 99 00
INFO - 2a 01 63 3c 00 0a c4 00
INFO - 2a 04 a3 3c 00 0a b9 00
INFO - 2a 06 e3 3c 00 0a b1 00
INFO - 2a 08 23 3c 00 0a 95 00
INFO - 2a 0a 63 3c 00 0a ba 00
INFO - 2a 0c a3 3c 00 0a a7 00
INFO - 2a 0e e3 3c 00 0a ab 00
INFO - 2a 13 23 3c 00 0b 0d 00
INFO - 2a 14 63 3c 00 0a 98 00
INFO - 2a 17 a3 3c 00 0a 7d 00
INFO - 2a 19 e3 3c 00 0a 99 00
INFO - 2a 1a 23 3c 00 0a 98 00
INFO - 2a 1d 63 3c 00 0a af 00
INFO - 2a 1f a3 3c 00 0a a3 00
INFO - 2a 21 e3 3c 00 0a af 00
INFO - 2a 22 23 3c 00 0a 8d 00
INFO - 2a 25 63 3c 00 0a af 00
INFO - 2a 26 a3 3c 00 0a 8e 00
INFO - 2a 29 e3 3c 00 0a d0 00
INFO - 2a 2c 23 3c 00 0a ba 00
INFO - 2a 2e 63 3c 00 0a b0 00
INFO - 2a 30 a3 3c 00 0a a5 00
INFO - 2a 32 e3 3c 00 0a b0 00
INFO - 2a 37 23 3c 00 0b 12 00
INFO - 2a 3a 63 3c 00 0a d5 00
INFO - 2a 3b a3 3c 00 0a 84 00
INFO - 2a 3e e3 3c 00 0a da 00
INFO - 2a 41 23 3c 00 0a b4 00
INFO - 2a 43 63 3c 00 0a a3 00
INFO - 2a 46 a3 3c 00 0a ec 00
INFO - 2a 48 e3 3c 00 0a a8 00
INFO - 2a 4c 23 3c 00 0a e7 00
INFO - 2a 4d 63 3c 00 0a 9c 00
INFO - 2a 51 a3 3c 00 0a df 00
INFO - 2a 53 e3 3c 00 0a b2 00
INFO - 2a 55 23 3c 00 0a a9 00
INFO - 2a 57 63 3c 00 0a 99 00
INFO - 2a 59 a3 3c 00 0a b3 00
INFO - 2a 5c e3 3c 00 0a c0 00
INFO - 2a 5d 23 3c 00 0a 8e 00
INFO - 2a 5f 63 3c 00 0a 9b 00
INFO - 2a 62 a3 3c 00 0a cc 00
INFO - 2a 65 e3 3c 00 0a c9 00
INFO - 2a 67 23 3c 00 0a af 00
INFO - 2a 69 63 3c 00 0a b3 00
INFO - 2a 6b a3 3c 00 0a b4 00
INFO - 2a 6e e3 3c 00 0a bc 00
INFO - 2a 71 23 3c 00 0a c0 00
INFO - 2a 72 63 3c 00 0a 99 00
INFO - 2a 74 a3 3c 00 0a a7 00
INFO - 2a 77 e3 3c 00 0a b5 00
INFO - 2a 79 23 3c 00 0a a5 00
INFO - 2a 7c 63 3c 00 0a d4 00
INFO - 2a 7d a3 3c 00 0a 93 00
INFO - 2a 80 e3 3c 00 0a d2 00
INFO - 2a 82 23 3c 00 0a 6f 00
INFO - 2a 85 63 3c 00 0a de 00
INFO - 2a 88 a3 3c 00 0a b2 00
INFO - 2a 8a e3 3c 00 0a aa 00
INFO - 2a 8c 23 3c 00 0a b3 00
INFO - 2a 8e 63 3c 00 0a a5 00
INFO - 2a 90 a3 3c 00 0a 90 00
INFO - 2a 92 e3 3c 00 0a be 00
INFO - 2a 94 23 3c 00 0a 90 00
INFO - 2a 97 63 3c 00 0a cd 00
INFO - 2a 99 a3 3c 00 0a 9a 00
INFO - 2a 9b e3 3c 00 0a b3 00
INFO - 2a 9d 23 3c 00 0a 94 00
INFO - 2a 9f 63 3c 00 0a b1 00
INFO - 2a a1 a3 3c 00 0a c2 00
INFO - 2a a4 e3 3c 00 0a b1 00
INFO - 2a a6 23 3c 00 0a a8 00
INFO - 2a a8 63 3c 00 0a ab 00
INFO - 2a aa a3 3c 00 0a a5 00
INFO - 2a ac e3 3c 00 0a 9d 00
INFO - 2a ae 23 3c 00 0a c0 00
INFO - 2a b0 63 3c 00 0a 9f 00
INFO - 2a b2 a3 3c 00 0a a6 00
INFO - 2a b5 e3 3c 00 0a ad 00
INFO - 2a b7 23 3c 00 0a c4 00
INFO - 2a b9 63 3c 00 0a 9a 00
INFO - 2a bb a3 3c 00 0a ad 00
INFO - 2a c0 e3 3c 00 0b 3d 00
INFO - 2a c3 23 3c 00 0a c2 00
INFO - 2a c6 63 3c 00 0a e4 00
INFO - 2a c9 a3 3c 00 0a cf 00
INFO - 2a cb e3 3c 00 0a a7 00
INFO - 2a cd 23 3c 00 0a aa 00
INFO - 2a d0 63 3c 00 0a ad 00
INFO - 2a d1 a3 3c 00 0a 8f 00
INFO - 2a d4 e3 3c 00 0a d0 00
INFO - 2a d7 23 3c 00 0a cb 00
INFO - 2a da 63 3c 00 0a dd 00
INFO - 2a dd a3 3c 00 0a cb 00
INFO - 2a e0 e3 3c 00 0a e5 00
INFO - 2a e2 23 3c 00 0a ac 00
INFO - 2a e5 63 3c 00 0a da 00
INFO - 2a e8 a3 3c 00 0a cf 00
INFO - 2a ea e3 3c 00 0a ab 00
INFO - 2a ec 23 3c 00 0a 9f 00
INFO - 2a ef 63 3c 00 0a db 00
INFO - 2a f1 a3 3c 00 0a a0 00
INFO - 2a f4 e3 3c 00 0a db 00
INFO - 2a f6 23 3c 00 0a 9f 00
INFO - 2a fa 63 3c 00 0a ff 00
INFO - 2a fc a3 3c 00 0a a0 00
INFO - 2a ff e3 3c 00 0a b9 00
INFO - 2b 01 23 3c 00 0a aa 00
INFO - 2b 03 63 3c 00 0a c7 00
INFO - 2b 05 a3 3c 00 0a 94 00
INFO - 2b 07 e3 3c 00 0a b8 00
INFO - 2b 0a 23 3c 00 0a c2 00
INFO - 2b 0d 63 3c 00 0a c4 00
INFO - 2b 0f a3 3c 00 0a c5 00
INFO - 2b 11 e3 3c 00 0a a3 00
INFO - 2b 13 23 3c 00 0a 95 00
INFO - 2b 15 63 3c 00 0a 92 00
INFO - 2b 17 a3 3c 00 0a c7 00
INFO - 2b 1a e3 3c 00 0a b7 00
INFO - 2b 1c 23 3c 00 0a 97 00
INFO - 2b 1d 63 3c 00 0a 93 00
INFO - 2b 1f a3 3c 00 0a ad 00
INFO - 2b 22 e3 3c 00 0a b0 00
INFO - 2b 24 23 3c 00 0a ab 00
INFO - 2b 26 63 3c 00 0a bb 00
INFO - 2b 29 a3 3c 00 0a c3 00
INFO - 2b 2b e3 3c 00 0a ad 00
INFO - 2b 2d 23 3c 00 0a ad 00
INFO - 2b 30 63 3c 00 0a ae 00
INFO - 2b 33 a3 3c 00 0a f6 00
INFO - 2b 36 e3 3c 00 0a c8 00
INFO - 2b 3a 23 3c 00 0a f3 00
INFO - 2b 3c 63 3c 00 0a a4 00
INFO - 2b 3e a3 3c 00 0a b6 00
INFO - 2b 41 e3 3c 00 0a e0 00
INFO - 2b 43 23 3c 00 0a aa 00
INFO - 2b 46 63 3c 00 0a c9 00
INFO - 2b 48 a3 3c 00 0a 9d 00
INFO - 2b 49 e3 3c 00 0a 89 00
INFO - 2b 4d 23 3c 00 0a cd 00
INFO - 2b 4e 63 3c 00 0a 85 00
INFO - 2b 51 a3 3c 00 0a d5 00
INFO - 2b 53 e3 3c 00 0a 94 00
INFO - 2b 55 23 3c 00 0a a9 00
INFO - 2b 57 63 3c 00 0a 99 00
INFO - 2b 59 a3 3c 00 0a b5 00
INFO - 2b 5b e3 3c 00 0a a4 00
INFO - 2b 5d 23 3c 00 0a 95 00
INFO - 2b 60 63 3c 00 0a e6 00
INFO - 2b 64 a3 3c 00 0a ea 00
INFO - 2b 66 e3 3c 00 0a bc 00
INFO - 2b 69 23 3c 00 0a c2 00
INFO - 2b 6c 63 3c 00 0a d5 00
INFO - 2b 6e a3 3c 00 0a c1 00
INFO - 2b 72 e3 3c 00 0b 06 00
INFO - 2b 75 23 3c 00 0a a6 00
INFO - 2b 85 63 3c 00 0a cd 00
INFO - 2b 88 a3 3c 00 0a d2 00
INFO - 2b 8a e3 3c 00 0a ba 00
INFO - 2b 8c 23 3c 00 0a 8c 00
INFO - 2b 8e 63 3c 00 0a 9d 00
INFO - 2b 90 a3 3c 00 0a c6 00
INFO - 2b 92 e3 3c 00 0a 72 00
INFO - 2b 95 23 3c 00 0a dd 00
INFO - 2b 97 63 3c 00 0a 9e 00
INFO - 2b 9a a3 3c 00 0a cf 00
INFO - 2b 9c e3 3c 00 0a a4 00
INFO - 2b 9f 23 3c 00 0a c1 00
INFO - 2b a1 63 3c 00 0a ad 00
INFO - 2b a3 a3 3c 00 0a ad 00
INFO - 2b a5 e3 3c 00 0a 9d 00
INFO - 2b a8 23 3c 00 0a db 00
INFO - 2b ab 63 3c 00 0a b7 00
INFO - 2b ad a3 3c 00 0a af 00
INFO - 2b af e3 3c 00 0a 9b 00
INFO - 2b b2 23 3c 00 0a f2 00
INFO - 2b b4 63 3c 00 0a ac 00
INFO - 2b b8 a3 3c 00 0a f6 00
INFO - 2b ba e3 3c 00 0a a6 00
INFO - 2b bc 23 3c 00 0a af 00
INFO - 2b bf 63 3c 00 0a ca 00
INFO - 2b c1 a3 3c 00 0a 9f 00
INFO - 2b c3 e3 3c 00 0a a2 00
INFO - 2b c6 23 3c 00 0a da 00
INFO - 2b c9 63 3c 00 0a d7 00
INFO - 2b cb a3 3c 00 0a ab 00
INFO - 2b cd e3 3c 00 0a 95 00
INFO - 2b cf 23 3c 00 0a be 00
INFO - 2b d2 63 3c 00 0a d1 00
INFO - 2b d4 a3 3c 00 0a 9a 00
INFO - 2b d6 e3 3c 00 0a a2 00
INFO - 2b d8 23 3c 00 0a a6 00
INFO - 2b da 63 3c 00 0a 93 00
INFO - 2b dc a3 3c 00 0a ad 00
INFO - 2b de e3 3c 00 0a 8e 00
INFO - 2b e0 23 3c 00 0a c5 00
INFO - 2b e2 63 3c 00 0a a5 00
INFO - 2b e4 a3 3c 00 0a 9e 00
INFO - 2b e7 e3 3c 00 0a c3 00
INFO - 2b e9 23 3c 00 0a b1 00
INFO - 2b eb 63 3c 00 0a ac 00
INFO - 2b ed a3 3c 00 0a 8e 00
INFO - 2b ef e3 3c 00 0a b4 00
INFO - 2b f1 23 3c 00 0a aa 00
INFO - 2b f3 63 3c 00 0a a6 00
INFO - 2b f6 a3 3c 00 0a ac 00
INFO - 2b f9 e3 3c 00 0a f5 00
INFO - 2b ff 23 3c 00 0b 49 00
INFO - 2c 01 63 3c 00 0a c2 00
INFO - 2c 03 a3 3c 00 0a 98 00
INFO - 2c 06 e3 3c 00 0a cd 00
INFO - 2c 07 23 3c 00 0a 90 00
INFO - 2c 09 63 3c 00 0a a4 00
INFO - 2c 0c a3 3c 00 0a d4 00
INFO - 2c 0e e3 3c 00 0a 9a 00
INFO - 2c 11 23 3c 00 0a cc 00
INFO - 2c 13 63 3c 00 0a 96 00
INFO - 2c 16 a3 3c 00 0a d6 00
INFO - 2c 19 e3 3c 00 0a cf 00
INFO - 2c 1c 23 3c 00 0a dc 00
INFO - 2c 1e 63 3c 00 0a a4 00
INFO - 2c 20 a3 3c 00 0a 9d 00
INFO - 2c 22 e3 3c 00 0a a0 00
INFO - 2c 24 23 3c 00 0a a4 00
INFO - 2c 26 63 3c 00 0a c8 00
INFO - 2c 28 a3 3c 00 0a ab 00
INFO - 2c 2a e3 3c 00 0a a6 00
INFO - 2c 2d 23 3c 00 0a b6 00
INFO - 2c 2f 63 3c 00 0a ac 00
INFO - 2c 31 a3 3c 00 0a 9a 00
INFO - 2c 33 e3 3c 00 0a b4 00
INFO - 2c 35 23 3c 00 0a 99 00
INFO - 2c 37 63 3c 00 0a b3 00
INFO - 2c 39 a3 3c 00 0a 95 00
INFO - 2c 3b e3 3c 00 0a 8d 00
INFO - 2c 3c 23 3c 00 0a 9c 00
INFO - 2c 3e 63 3c 00 0a 94 00
INFO - 2c 40 a3 3c 00 0a 99 00
INFO - 2c 42 e3 3c 00 0a 9a 00
INFO - 2c 44 23 3c 00 0a c1 00
INFO - 2c 46 63 3c 00 0a 84 00
INFO - 2c 48 a3 3c 00 0a c1 00
INFO - 2c 4a e3 3c 00 0a 99 00
INFO - 2c 4c 23 3c 00 0a b5 00
INFO - 2c 4f 63 3c 00 0a b7 00
INFO - 2c 52 a3 3c 00 0a f2 00
INFO - 2c 55 e3 3c 00 0a c2 00
INFO - 2c 57 23 3c 00 0a ab 00
INFO - 2c 5a 63 3c 00 0a b8 00
INFO - 2c 5d a3 3c 00 0a e7 00
INFO - 2c 60 e3 3c 00 0a c4 00
INFO - 2c 62 23 3c 00 0a b6 00
INFO - 2c 63 63 3c 00 0a 88 00
INFO - 2c 66 a3 3c 00 0a d1 00
INFO - 2c 69 e3 3c 00 0a 85 00
INFO - 2c 6b 23 3c 00 0a 8a 00
INFO - 2c 6d 63 3c 00 0a ad 00
INFO - 2c 6f a3 3c 00 0a 9b 00
INFO - 2c 70 e3 3c 00 0a 8a 00
INFO - 2c 72 23 3c 00 0a 8e 00
INFO - 2c 74 63 3c 00 0a a5 00
INFO - 2c 75 a3 3c 00 0a 8e 00
INFO - 2c 77 e3 3c 00 0a a2 00
INFO - 2c 7a 23 3c 00 0a a9 00
INFO - 2c 7b 63 3c 00 0a 87 00
INFO - 2c 7e a3 3c 00 0a cb 00
INFO - 2c 7f e3 3c 00 0a 87 00
INFO - 2c 82 23 3c 00 0a cf 00
INFO - 2c 85 63 3c 00 0a c4 00
INFO - 2c 87 a3 3c 00 0a aa 00
INFO - 2c 88 e3 3c 00 0a 8e 00
INFO - 2c 8b 23 3c 00 0a b1 00
INFO - 2c 8d 63 3c 00 0a b3 00
INFO - 2c 90 a3 3c 00 0a c2 00
INFO - 2c 92 e3 3c 00 0a a0 00
INFO - 2c 93 23 3c 00 0a 90 00
INFO - 2c 95 63 3c 00 0a 88 00
INFO - 2c 97 a3 3c 00 0a a7 00
INFO - 2c 98 e3 3c 00 0a 81 00
INFO - 2c 9a 23 3c 00 0a b9 00
INFO - 2c 9c 63 3c 00 0a a0 00
INFO - 2c 9e a3 3c 00 0a 90 00
INFO - 2c a0 e3 3c 00 0a bc 00
INFO - 2c a2 23 3c 00 0a 95 00
INFO - 2c a4 63 3c 00 0a 9a 00
INFO - 2c a6 a3 3c 00 0a 96 00
INFO - 2c a9 e3 3c 00 0a ce 00
INFO - 2c ab 23 3c 00 0a a8 00
INFO - 2c ad 63 3c 00 0a b2 00
INFO - 2c af a3 3c 00 0a a7 00
INFO - 2c b1 e3 3c 00 0a ab 00
INFO - 2c b4 23 3c 00 0a c3 00
INFO - 2c b6 63 3c 00 0a 9d 00
INFO - 2c b8 a3 3c 00 0a c0 00
INFO - 2c ba e3 3c 00 0a 9a 00
INFO - 2c bc 23 3c 00 0a b5 00
INFO - 2c be 63 3c 00 0a 9a 00
INFO - 2c c0 a3 3c 00 0a b3 00
INFO - 2c c2 e3 3c 00 0a 9e 00
INFO - 2c c4 23 3c 00 0a 9e 00
INFO - 2c c6 63 3c 00 0a a8 00
INFO - 2c c8 a3 3c 00 0a 9e 00
INFO - 2c c9 e3 3c 00 0a 7e 00
INFO - 2c cd 23 3c 00 0a e6 00
INFO - 2c ce 63 3c 00 0a 93 00
INFO - 2c d0 a3 3c 00 0a 9d 00
INFO - 2c d3 e3 3c 00 0a c7 00
INFO - 2c d4 23 3c 00 0a 89 00
INFO - 2c d7 63 3c 00 0a b3 00
INFO - 2c d9 a3 3c 00 0a 9d 00
INFO - 2c db e3 3c 00 0a b2 00
INFO - 2c dd 23 3c 00 0a 93 00
INFO - 2c de 63 3c 00 0a 93 00
INFO - 2c e1 a3 3c 00 0a dc 00
INFO - 2c e3 e3 3c 00 0a 89 00
INFO - 2c e5 23 3c 00 0a a8 00
INFO - 2c e7 63 3c 00 0a 9d 00
INFO - 2c e9 a3 3c 00 0a 9e 00
INFO - 2c ec e3 3c 00 0a dc 00
INFO - 2c ef 23 3c 00 0a 97 00
INFO - 2c f1 63 3c 00 0a a8 00
INFO - 2c f3 a3 3c 00 0a 89 00
INFO - 2c f4 e3 3c 00 0a 89 00
INFO - 2c f7 23 3c 00 0a c7 00
INFO - 2c f8 63 3c 00 0a 89 00
INFO - 2c fb a3 3c 00 0a b1 00
INFO - 2c fc e3 3c 00 0a 96 00
INFO - 2c fe 23 3c 00 0a a4 00
INFO - 2d 00 63 3c 00 0a 96 00
INFO - 2d 02 a3 3c 00 0a 91 00
INFO - 2d 04 e3 3c 00 0a a8 00
INFO - 2d 06 23 3c 00 0a b2 00
INFO - 2d 08 63 3c 00 0a b1 00
INFO - 2d 0b a3 3c 00 0a bf 00
INFO - 2d 0d e3 3c 00 0a 8f 00
INFO - 2d 0e 23 3c 00 0a 9e 00
INFO - 2d 10 63 3c 00 0a a0 00
INFO - 2d 12 a3 3c 00 0a 9b 00
INFO - 2d 14 e3 3c 00 0a 9d 00
INFO - 2d 16 23 3c 00 0a b5 00
INFO - 2d 1a 63 3c 00 0a e3 00
INFO - 2d 1c a3 3c 00 0a 9e 00
INFO - 2d 1d e3 3c 00 0a 8c 00
INFO - 2d 20 23 3c 00 0a c4 00
INFO - 2d 22 63 3c 00 0a a9 00
INFO - 2d 24 a3 3c 00 0a bc 00
INFO - 2d 26 e3 3c 00 0a 97 00
INFO - 2d 2a 23 3c 00 0a ef 00
INFO - 2d 2c 63 3c 00 0a b1 00
INFO - 2d 2e a3 3c 00 0a a2 00
INFO - 2d 30 e3 3c 00 0a 9a 00
INFO - 2d 32 23 3c 00 0a aa 00
INFO - 2d 35 63 3c 00 0a cb 00
INFO - 2d 37 a3 3c 00 0a a6 00
INFO - 2d 39 e3 3c 00 0a cb 00
INFO - 2d 3b 23 3c 00 0a a6 00
INFO - 2d 3d 63 3c 00 0a a1 00
INFO - 2d 40 a3 3c 00 0a c6 00
INFO - 2d 42 e3 3c 00 0a 97 00
INFO - 2d 44 23 3c 00 0a a6 00
INFO - 2d 46 63 3c 00 0a a9 00
INFO - 2d 49 a3 3c 00 0a cc 00
INFO - 2d 4b e3 3c 00 0a b0 00
INFO - 2d 4d 23 3c 00 0a a2 00
INFO - 2d 4f 63 3c 00 0a a5 00
INFO - 2d 51 a3 3c 00 0a 93 00
INFO - 2d 53 e3 3c 00 0a b6 00
INFO - 2d 55 23 3c 00 0a 90 00
INFO - 2d 57 63 3c 00 0a c8 00
INFO - 2d 59 a3 3c 00 0a 8c 00
INFO - 2d 5b e3 3c 00 0a 8f 00
INFO - 2d 5d 23 3c 00 0a a8 00
INFO - 2d 5f 63 3c 00 0a c0 00
INFO - 2d 61 a3 3c 00 0a 9b 00
INFO - 2d 63 e3 3c 00 0a a0 00
INFO - 2d 65 23 3c 00 0a 9a 00
INFO - 2d 67 63 3c 00 0a a7 00
INFO - 2d 69 a3 3c 00 0a a1 00
INFO - 2d 6b e3 3c 00 0a 99 00
INFO - 2d 6d 23 3c 00 0a a1 00
INFO - 2d 6f 63 3c 00 0a 99 00
INFO - 2d 71 a3 3c 00 0a bd 00
INFO - 2d 74 e3 3c 00 0a d0 00
INFO - 2d 77 23 3c 00 0a bf 00
INFO - 2d 79 63 3c 00 0a b8 00
INFO - 2d 7b a3 3c 00 0a ab 00
INFO - 2d 7d e3 3c 00 0a ae 00
INFO - 2d 80 23 3c 00 0a c7 00
INFO - 2d 83 63 3c 00 0a bf 00
INFO - 2d 85 a3 3c 00 0a b9 00
INFO - 2d 87 e3 3c 00 0a a0 00
INFO - 2d 89 23 3c 00 0a 9a 00
INFO - 2d 8b 63 3c 00 0a c8 00
INFO - 2d 8e a3 3c 00 0a b8 00
INFO - 2d 90 e3 3c 00 0a b5 00
INFO - 2d 92 23 3c 00 0a 8f 00
INFO - 2d 94 63 3c 00 0a 9c 00
INFO - 2d 95 a3 3c 00 0a 9c 00
INFO - 2d 97 e3 3c 00 0a a0 00
INFO - 2d 9a 23 3c 00 0a bb 00
INFO - 2d 9c 63 3c 00 0a ad 00
INFO - 2d 9e a3 3c 00 0a 91 00
INFO - 2d a0 e3 3c 00 0a b4 00
INFO - 2d a2 23 3c 00 0a 91 00
INFO - 2d a4 63 3c 00 0a ba 00
INFO - 2d a6 a3 3c 00 0a 87 00
INFO - 2d a8 e3 3c 00 0a ac 00
INFO - 2d aa 23 3c 00 0a b2 00
INFO - 2d ac 63 3c 00 0a 90 00
INFO - 2d ad a3 3c 00 0a 99 00
INFO - 2d af e3 3c 00 0a 93 00
INFO - 2d b1 23 3c 00 0a b7 00
INFO - 2d b3 63 3c 00 0a a5 00
INFO - 2d b5 a3 3c 00 0a 93 00
INFO - 2d b7 e3 3c 00 0a 8e 00
INFO - 2d b8 23 3c 00 0a 94 00
INFO - 2d ba 63 3c 00 0a 8d 00
INFO - 2d bb a3 3c 00 0a 86 00
INFO - 2d bd e3 3c 00 0a a6 00
INFO - 2d bf 23 3c 00 0a 93 00
INFO - 2d c0 63 3c 00 0a 84 00
INFO - 2d c3 a3 3c 00 0a 83 00
INFO - 2d c6 e3 3c 00 0a e0 00
INFO - 2d c8 23 3c 00 0a 95 00
INFO - 2d ca 63 3c 00 0a ac 00
INFO - 2d cd a3 3c 00 0a ce 00
INFO - 2d d0 e3 3c 00 0a be 00
INFO - 2d d2 23 3c 00 0a cc 00
INFO - 2d d5 63 3c 00 0a b4 00
INFO - 2d d7 a3 3c 00 0a a3 00
INFO - 2d d8 e3 3c 00 0a 93 00
INFO - 2d dc 23 3c 00 0a dd 00
INFO - 2d de 63 3c 00 0a a4 00
INFO - 2d df a3 3c 00 0a 8a 00
INFO - 2d e1 e3 3c 00 0a 90 00
INFO - 2d e3 23 3c 00 0a a6 00
INFO - 2d e4 63 3c 00 0a 8b 00
INFO - 2d e6 a3 3c 00 0a a4 00
INFO - 2d e8 e3 3c 00 0a 94 00
INFO - 2d ea 23 3c 00 0a 9a 00
INFO - 2d ec 63 3c 00 0a 9c 00
INFO - 2d ed a3 3c 00 0a 91 00
INFO - 2d ef e3 3c 00 0a a9 00
INFO - 2d f1 23 3c 00 0a a4 00
INFO - 2d f4 63 3c 00 0a b0 00
INFO - 2d f7 a3 3c 00 0a d8 00
INFO - 2d f9 e3 3c 00 0a c7 00
INFO - 2d fc 23 3c 00 0a cc 00
INFO - 2d fe 63 3c 00 0a 93 00
INFO - 2e 01 a3 3c 00 0a cb 00
INFO - 2e 04 e3 3c 00 0a cf 00
INFO - 2e 05 23 3c 00 0a 84 00
INFO - 2e 07 63 3c 00 0a a4 00
INFO - 2e 08 a3 3c 00 0a 8a 00
INFO - 2e 0b e3 3c 00 0a b6 00
INFO - 2e 0c 23 3c 00 0a 90 00
INFO - 2e 0f 63 3c 00 0a b1 00
INFO - 2e 10 a3 3c 00 0a 97 00
INFO - 2e 12 e3 3c 00 0a a4 00
INFO - 2e 14 23 3c 00 0a 92 00
INFO - 2e 16 63 3c 00 0a 86 00
INFO - 2e 19 a3 3c 00 0a d5 00
INFO - 2e 1a e3 3c 00 0a a1 00
INFO - 2e 1c 23 3c 00 0a 8f 00
INFO - 2e 1e 63 3c 00 0a 9d 00
INFO - 2e 20 a3 3c 00 0a 98 00
INFO - 2e 21 e3 3c 00 0a 8d 00
INFO - 2e 23 23 3c 00 0a 99 00
INFO - 2e 25 63 3c 00 0a af 00
INFO - 2e 27 a3 3c 00 0a aa 00
INFO - 2e 2b e3 3c 00 0a fa 00
INFO - 2e 2d 23 3c 00 0a a2 00
INFO - 2e 2f 63 3c 00 0a a5 00
INFO - 2e 31 a3 3c 00 0a 8b 00
INFO - 2e 33 e3 3c 00 0a c0 00
INFO - 2e 35 23 3c 00 0a 9a 00
INFO - 2e 37 63 3c 00 0a 95 00
INFO - 2e 38 a3 3c 00 0a 91 00
INFO - 2e 3a e3 3c 00 0a 8b 00
INFO - 2e 3c 23 3c 00 0a 98 00
INFO - 2e 3e 63 3c 00 0a af 00
INFO - 2e 3f a3 3c 00 0a 8e 00
INFO - 2e 41 e3 3c 00 0a 8c 00
INFO - 2e 43 23 3c 00 0a ac 00
INFO - 2e 45 63 3c 00 0a 92 00
INFO - 2e 47 a3 3c 00 0a b3 00
INFO - 2e 49 e3 3c 00 0a 93 00
INFO - 2e 4b 23 3c 00 0a b4 00
INFO - 2e 4d 63 3c 00 0a 90 00
INFO - 2e 4f a3 3c 00 0a c6 00
INFO - 2e 51 e3 3c 00 0a a1 00
INFO - 2e 54 23 3c 00 0a b2 00
INFO - 2e 56 63 3c 00 0a a4 00
INFO - 2e 58 a3 3c 00 0a b4 00
INFO - 2e 5b e3 3c 00 0a c0 00
INFO - 2e 5d 23 3c 00 0a ae 00
INFO - 2e 5f 63 3c 00 0a ba 00
INFO - 2e 61 a3 3c 00 0a 9d 00
INFO - 2e 64 e3 3c 00 0a b5 00
INFO - 2e 66 23 3c 00 0a b1 00
INFO - 2e 68 63 3c 00 0a ad 00
INFO - 2e 6b a3 3c 00 0a bc 00
INFO - 2e 6d e3 3c 00 0a b7 00
INFO - 2e 6f 23 3c 00 0a a8 00
INFO - 2e 72 63 3c 00 0a cd 00
INFO - 2e 74 a3 3c 00 0a a8 00
INFO - 2e 76 e3 3c 00 0a 96 00
INFO - 2e 78 23 3c 00 0a b8 00
INFO - 2e 7b 63 3c 00 0a bf 00
INFO - 2e 7d a3 3c 00 0a ac 00
INFO - 2e 80 e3 3c 00 0a c6 00
INFO - 2e 82 23 3c 00 0a b8 00
INFO - 2e 84 63 3c 00 0a 94 00
INFO - 2e 86 a3 3c 00 0a b9 00
INFO - 2e 88 e3 3c 00 0a b1 00
INFO - 2e 8b 23 3c 00 0a b7 00
INFO - 2e 8d 63 3c 00 0a a3 00
INFO - 2e 8f a3 3c 00 0a 9d 00
INFO - 2e 91 e3 3c 00 0a c3 00
INFO - 2e 94 23 3c 00 0a be 00
INFO - 2e 95 63 3c 00 0a 8f 00
INFO - 2e 98 a3 3c 00 0a d1 00
INFO - 2e 9a e3 3c 00 0a 8d 00
INFO - 2e 9c 23 3c 00 0a a5 00
INFO - 2e 9d 63 3c 00 0a 8f 00
INFO - 2e a1 a3 3c 00 0a e0 00
INFO - 2e a2 e3 3c 00 0a 9a 00
INFO - 2e a5 23 3c 00 0a cc 00
INFO - 2e a7 63 3c 00 0a 99 00
INFO - 2e aa a3 3c 00 0a ca 00
INFO - 2e ac e3 3c 00 0a a7 00
INFO - 2e af 23 3c 00 0a c3 00
INFO - 2e b1 63 3c 00 0a bc 00
INFO - 2e b3 a3 3c 00 0a b8 00
INFO - 2e b6 e3 3c 00 0a b1 00
INFO - 2e b8 23 3c 00 0a 6f 00
INFO - 2e ba 63 3c 00 0a b5 00
INFO - 2e bc a3 3c 00 0a a9 00
INFO - 2e be e3 3c 00 0a a2 00
INFO - 2e c1 23 3c 00 0a e2 00
INFO - 2e c3 63 3c 00 0a 9e 00
INFO - 2e c6 a3 3c 00 0a da 00
INFO - 2e c9 e3 3c 00 0a c1 00
INFO - 2e cc 23 3c 00 0a c8 00
INFO - 2e cf 63 3c 00 0a e8 00
INFO - 2e d1 a3 3c 00 0a ac 00
INFO - 2e d3 e3 3c 00 0a a0 00
INFO - 2e d6 23 3c 00 0a d1 00
INFO - 2e d8 63 3c 00 0a ad 00
INFO - 2e db a3 3c 00 0a ba 00
INFO - 2e dd e3 3c 00 0a ba 00
INFO - 2e e0 23 3c 00 0a d2 00
INFO - 2e e3 63 3c 00 0a eb 00
INFO - 2e e6 a3 3c 00 0a ac 00
INFO - 2e e8 e3 3c 00 0a b2 00
INFO - 2e ea 23 3c 00 0a 9d 00
INFO - 2e ec 63 3c 00 0a be 00
INFO - 2e ef a3 3c 00 0a b6 00
INFO - 2e f1 e3 3c 00 0a b1 00
INFO - 2e f3 23 3c 00 0a 9e 00
INFO - 2e f5 63 3c 00 0a b9 00
INFO - 2e f8 a3 3c 00 0a c9 00
INFO - 2e fb e3 3c 00 0a c3 00
INFO - 2e fc 23 3c 00 0a 92 00
INFO - 2f 00 63 3c 00 0a e6 00
INFO - 2f 03 a3 3c 00 0a c8 00
INFO - 2f 04 e3 3c 00 0a 9e 00
INFO - 2f 06 23 3c 00 0a a1 00
INFO - 2f 08 63 3c 00 0a 98 00
INFO - 2f 0c a3 3c 00 0a f6 00
INFO - 2f 0e e3 3c 00 0a c1 00
INFO - 2f 11 23 3c 00 0a ad 00
INFO - 2f 13 63 3c 00 0a af 00
INFO - 2f 14 a3 3c 00 0a 91 00
INFO - 2f 16 e3 3c 00 0a a3 00
INFO - 2f 19 23 3c 00 0a a9 00
INFO - 2f 1b 63 3c 00 0a ab 00
INFO - 2f 1d a3 3c 00 0a bb 00
INFO - 2f 1f e3 3c 00 0a 94 00
INFO - 2f 21 23 3c 00 0a ac 00
INFO - 2f 24 63 3c 00 0a c0 00
INFO - 2f 26 a3 3c 00 0a b7 00
INFO - 2f 29 e3 3c 00 0a d0 00
INFO - 2f 2c 23 3c 00 0a e5 00
INFO - 2f 2e 63 3c 00 0a af 00
INFO - 2f 31 a3 3c 00 0a c2 00
INFO - 2f 33 e3 3c 00 0a 9b 00
INFO - 2f 35 23 3c 00 0a b7 00
INFO - 2f 38 63 3c 00 0a d1 00
INFO - 2f 3c a3 3c 00 0a ed 00
INFO - 2f 3d e3 3c 00 0a 97 00
INFO - 2f 3f 23 3c 00 0a a5 00
INFO - 2f 42 63 3c 00 0a c2 00
INFO - 2f 45 a3 3c 00 0a e3 00
INFO - 2f 47 e3 3c 00 0a 9d 00
INFO - 2f 49 23 3c 00 0a a5 00
INFO - 2f 4b 63 3c 00 0a a9 00
INFO - 2f 4e a3 3c 00 0a ad 00
INFO - 2f 4f e3 3c 00 0a 8e 00
INFO - 2f 52 23 3c 00 0a cb 00
INFO - 2f 54 63 3c 00 0a a1 00
INFO - 2f 56 a3 3c 00 0a bb 00
INFO - 2f 58 e3 3c 00 0a 92 00
INFO - 2f 5c 23 3c 00 0b 1b 00
INFO - 2f 5f 63 3c 00 0a cd 00
INFO - 2f 61 a3 3c 00 0a b0 00
INFO - 2f 64 e3 3c 00 0a aa 00
INFO - 2f 66 23 3c 00 0a af 00
INFO - 2f 68 63 3c 00 0a be 00
INFO - 2f 6a a3 3c 00 0a 93 00
INFO - 2f 6c e3 3c 00 0a af 00
INFO - 2f 6e 23 3c 00 0a a6 00
INFO - 2f 71 63 3c 00 0a c9 00
INFO - 2f 73 a3 3c 00 0a b2 00
INFO - 2f 76 e3 3c 00 0a cb 00
INFO - 2f 79 23 3c 00 0a d2 00
INFO - 2f 7c 63 3c 00 0a b9 00
INFO - 2f 7e a3 3c 00 0a bc 00
INFO - 2f 81 e3 3c 00 0a bf 00
INFO - 2f 83 23 3c 00 0a a2 00
INFO - 2f 85 63 3c 00 0a a5 00
INFO - 2f 87 a3 3c 00 0a c7 00
INFO - 2f 8a e3 3c 00 0a d6 00
INFO - 2f 8d 23 3c 00 0a b8 00
INFO - 2f 8f 63 3c 00 0a a6 00
INFO - 2f 91 a3 3c 00 0a bb 00
INFO - 2f 94 e3 3c 00 0a 7e 00
INFO - 2f 96 23 3c 00 0a bf 00
INFO - 2f 99 63 3c 00 0a b9 00
INFO - 2f 9b a3 3c 00 0a bb 00
INFO - 2f 9d e3 3c 00 0a a5 00
INFO - 2f 9f 23 3c 00 0a 9e 00
INFO - 2f a2 63 3c 00 0a c3 00
INFO - 2f a4 a3 3c 00 0a bd 00
INFO - 2f a6 e3 3c 00 0a 9d 00
INFO - 2f a9 23 3c 00 0a c1 00
INFO - 2f ab 63 3c 00 0a 9e 00
INFO - 2f ad a3 3c 00 0a b9 00
INFO - 2f af e3 3c 00 0a a8 00
INFO - 2f b2 23 3c 00 0a b9 00
INFO - 2f b4 63 3c 00 0a a6 00
INFO - 2f b6 a3 3c 00 0a a8 00
INFO - 2f b8 e3 3c 00 0a a3 00
INFO - 2f ba 23 3c 00 0a b1 00
INFO - 2f bd 63 3c 00 0a d5 00
INFO - 2f bf a3 3c 00 0a 98 00
INFO - 2f c2 e3 3c 00 0a d3 00
INFO - 2f c4 23 3c 00 0a 9b 00
INFO - 2f c5 63 3c 00 0a 9d 00
INFO - 2f c9 a3 3c 00 0a db 00
INFO - 2f cb e3 3c 00 0a b1 00
INFO - 2f cd 23 3c 00 0a a8 00
INFO - 2f cf 63 3c 00 0a bc 00
INFO - 2f d2 a3 3c 00 0a b9 00
INFO - 2f d4 e3 3c 00 0a bc 00
INFO - 2f d7 23 3c 00 0a b4 00
INFO - 2f d9 63 3c 00 0a ad 00
INFO - 2f dc a3 3c 00 0a ca 00
INFO - 2f de e3 3c 00 0a b8 00
INFO - 2f e0 23 3c 00 0a b1 00
INFO - 2f e3 63 3c 00 0a b2 00
INFO - 2f e4 a3 3c 00 0a 97 00
INFO - 2f e6 e3 3c 00 0a 86 00
INFO - 2f e9 23 3c 00 0a da 00
INFO - 2f eb 63 3c 00 0a 99 00
INFO - 2f ec a3 3c 00 0a 9d 00
INFO - 2f ee e3 3c 00 0a a1 00
INFO - 2f f2 23 3c 00 0a ea 00
INFO - 2f f3 63 3c 00 0a 8b 00
INFO - 2f f6 a3 3c 00 0a bd 00
INFO - 2f f8 e3 3c 00 0a 97 00
INFO - 2f fa 23 3c 00 0a c6 00
INFO - 2f fd 63 3c 00 0a b3 00
INFO - 2f ff a3 3c 00 0a ac 00
INFO - 30 01 e3 3c 00 0a a5 00
INFO - 30 03 23 3c 00 0a 9c 00
INFO - 30 05 63 3c 00 0a a2 00
INFO - 30 07 a3 3c 00 0a c7 00
INFO - 30 0a e3 3c 00 0a c6 00
INFO - 30 0c 23 3c 00 0a 97 00
INFO - 30 0e 63 3c 00 0a a2 00
INFO - 30 10 a3 3c 00 0a b1 00
INFO - 30 13 e3 3c 00 0a d2 00
INFO - 30 15 23 3c 00 0a b3 00
INFO - 30 18 63 3c 00 0a b9 00
INFO - 30 1b a3 3c 00 0a e0 00
INFO - 30 1e e3 3c 00 0a c3 00
INFO - 30 20 23 3c 00 0a b1 00
INFO - 30 22 63 3c 00 0a b2 00
INFO - 30 24 a3 3c 00 0a 97 00
INFO - 30 26 e3 3c 00 0a b3 00
INFO - 30 29 23 3c 00 0a 77 00
INFO - 30 2c 63 3c 00 0a f6 00
INFO - 30 31 a3 3c 00 0a b1 00
INFO - 30 34 e3 3c 00 0a c6 00
INFO - 30 37 23 3c 00 0a e0 00
INFO - 30 39 63 3c 00 0a c3 00
INFO - 30 3c a3 3c 00 0a b4 00
INFO - 30 3e e3 3c 00 0a b8 00
INFO - 30 40 23 3c 00 0a 9a 00
INFO - 30 42 63 3c 00 0a a7 00
INFO - 30 44 a3 3c 00 0a ad 00
INFO - 30 47 e3 3c 00 0a dc 00
INFO - 30 4a 23 3c 00 0a c5 00
INFO - 30 4d 63 3c 00 0a be 00
INFO - 30 4e a3 3c 00 0a 95 00
INFO - 30 50 e3 3c 00 0a 8e 00
INFO - 30 52 23 3c 00 0a 9c 00
INFO - 30 54 63 3c 00 0a a1 00
INFO - 30 56 a3 3c 00 0a b2 00
INFO - 30 58 e3 3c 00 0a b6 00
INFO - 30 5b 23 3c 00 0a af 00
INFO - 30 5c 63 3c 00 0a 9b 00
INFO - 30 5e a3 3c 00 0a 9f 00
INFO - 30 61 e3 3c 00 0a b9 00
INFO - 30 63 23 3c 00 0a 9b 00
INFO - 30 65 63 3c 00 0a aa 00
INFO - 30 66 a3 3c 00 0a 8d 00
INFO - 30 68 e3 3c 00 0a a5 00
INFO - 30 6a 23 3c 00 0a 9e 00
INFO - 30 6c 63 3c 00 0a 97 00
INFO - 30 6e a3 3c 00 0a 8f 00
INFO - 30 70 e3 3c 00 0a ca 00
INFO - 30 73 23 3c 00 0a c1 00
INFO - 30 75 63 3c 00 0a 9a 00
INFO - 30 77 a3 3c 00 0a a9 00
INFO - 30 78 e3 3c 00 0a 80 00
INFO - 30 7a 23 3c 00 0a 9a 00
INFO - 30 7c 63 3c 00 0a 9d 00
INFO - 30 7e a3 3c 00 0a a3 00
INFO - 30 7f e3 3c 00 0a 88 00
INFO - 30 81 23 3c 00 0a 96 00
INFO - 30 86 63 3c 00 0b 2a 00
INFO - 30 88 a3 3c 00 0a a3 00
INFO - 30 8a e3 3c 00 0a bd 00
INFO - 30 8d 23 3c 00 0a c1 00
INFO - 30 8f 63 3c 00 0a b1 00
INFO - 30 91 a3 3c 00 0a a4 00
INFO - 30 94 e3 3c 00 0a bc 00
INFO - 30 97 23 3c 00 0a d3 00
INFO - 30 99 63 3c 00 0a be 00
INFO - 30 9b a3 3c 00 0a ab 00
INFO - 30 9d e3 3c 00 0a a5 00
INFO - 30 a0 23 3c 00 0a a7 00
INFO - 30 a2 63 3c 00 0a b6 00
INFO - 30 a4 a3 3c 00 0a 99 00
INFO - 30 a6 e3 3c 00 0a b3 00
INFO - 30 a8 23 3c 00 0a 96 00
INFO - 30 aa 63 3c 00 0a 77 00
INFO - 30 ac a3 3c 00 0a aa 00
INFO - 30 af e3 3c 00 0a c3 00
INFO - 30 b1 23 3c 00 0a 9c 00
INFO - 30 b4 63 3c 00 0a da 00
INFO - 30 b5 a3 3c 00 0a 92 00
INFO - 30 b8 e3 3c 00 0a c8 00
INFO - 30 ba 23 3c 00 0a 99 00
INFO - 30 bc 63 3c 00 0a 91 00
INFO - 30 bd a3 3c 00 0a 9f 00
INFO - 30 bf e3 3c 00 0a a2 00
INFO - 30 c1 23 3c 00 0a 9d 00
INFO - 30 c4 63 3c 00 0a c4 00
INFO - 30 c6 a3 3c 00 0a 91 00
INFO - 30 c8 e3 3c 00 0a a5 00
INFO - 30 ca 23 3c 00 0a c3 00
INFO - 30 cc 63 3c 00 0a 9b 00
INFO - 30 ce a3 3c 00 0a 90 00
INFO - 30 d0 e3 3c 00 0a cc 00
INFO - 30 d2 23 3c 00 0a a4 00
INFO - 30 d5 63 3c 00 0a ae 00
INFO - 30 d7 a3 3c 00 0a b8 00
INFO - 30 d9 e3 3c 00 0a 91 00
INFO - 30 da 23 3c 00 0a 90 00
INFO - 30 e1 63 3c 00 0a b6 00
INFO - 30 e3 a3 3c 00 0a b9 00
INFO - 30 e5 e3 3c 00 0a 96 00
INFO - 30 e7 23 3c 00 0a b0 00
INFO - 30 e9 63 3c 00 0a 96 00
INFO - 30 eb a3 3c 00 0a a2 00
INFO - 30 ed e3 3c 00 0a b9 00
INFO - 30 ef 23 3c 00 0a aa 00
INFO - 30 f2 63 3c 00 0a c2 00
INFO - 30 f4 a3 3c 00 0a 96 00
INFO - 30 f6 e3 3c 00 0a b6 00
INFO - 30 f8 23 3c 00 0a 9c 00
INFO - 30 fa 63 3c 00 0a b2 00
INFO - 30 fc a3 3c 00 0a 89 00
INFO - 30 fe e3 3c 00 0a bd 00
INFO - 31 00 23 3c 00 0a 8e 00
INFO - 31 02 63 3c 00 0a b0 00
INFO - 31 04 a3 3c 00 0a a9 00
INFO - 31 06 e3 3c 00 0a a6 00
INFO - 31 08 23 3c 00 0a 8b 00
INFO - 31 0a 63 3c 00 0a ad 00
INFO - 31 0b a3 3c 00 0a 92 00
INFO - 31 0e e3 3c 00 0a a9 00
INFO - 31 0f 23 3c 00 0a 8f 00
INFO - 31 11 63 3c 00 0a af 00
INFO - 31 13 a3 3c 00 0a 8c 00
INFO - 31 15 e3 3c 00 0a a6 00
INFO - 31 17 23 3c 00 0a a8 00
INFO - 31 18 63 3c 00 0a 86 00
INFO - 31 1b a3 3c 00 0a c2 00
INFO - 31 1d e3 3c 00 0a 8c 00
INFO - 31 1f 23 3c 00 0a a2 00
INFO - 31 21 63 3c 00 0a b8 00
INFO - 31 23 a3 3c 00 0a 95 00
INFO - 31 25 e3 3c 00 0a a5 00
INFO - 31 27 23 3c 00 0a a8 00
INFO - 31 29 63 3c 00 0a 7a 00
INFO - 31 2b a3 3c 00 0a 92 00
INFO - 31 2e e3 3c 00 0a ce 00
INFO - 31 30 23 3c 00 0a 9b 00
INFO - 31 32 63 3c 00 0a b1 00
INFO - 31 33 a3 3c 00 0a 8e 00
INFO - 31 36 e3 3c 00 0a b8 00
INFO - 31 37 23 3c 00 0a 8a 00
INFO - 31 3a 63 3c 00 0a bf 00
INFO - 31 3c a3 3c 00 0a 9b 00
INFO - 31 3e e3 3c 00 0a b1 00
INFO - 31 40 23 3c 00 0a 9c 00
INFO - 31 42 63 3c 00 0a a7 00
INFO - 31 44 a3 3c 00 0a a0 00
INFO - 31 4a e3 3c 00 0a b0 00
INFO - 31 4b 23 3c 00 0a 93 00
INFO - 31 4d 63 3c 00 0a 9f 00
INFO - 31 4f a3 3c 00 0a a6 00
INFO - 31 51 e3 3c 00 0a 97 00
INFO - 31 55 23 3c 00 0a ed 00
INFO - 31 56 63 3c 00 0a 8c 00
INFO - 31 59 a3 3c 00 0a d7 00
INFO - 31 5b e3 3c 00 0a 89 00
INFO - 31 5d 23 3c 00 0a bf 00
INFO - 31 5f 63 3c 00 0a a7 00
INFO - 31 62 a3 3c 00 0a b5 00
INFO - 31 64 e3 3c 00 0a c5 00
INFO - 31 66 23 3c 00 0a 90 00
INFO - 31 67 63 3c 00 0a 83 00
INFO - 31 6a a3 3c 00 0a c6 00
INFO - 31 6d e3 3c 00 0a ca 00
INFO - 31 6e 23 3c 00 0a 93 00
INFO - 31 70 63 3c 00 0a 90 00
INFO - 31 72 a3 3c 00 0a 8d 00
INFO - 31 73 e3 3c 00 0a 93 00
INFO - 31 75 23 3c 00 0a 84 00
INFO - 31 76 63 3c 00 0a 90 00
INFO - 31 78 a3 3c 00 0a 90 00
INFO - 31 79 e3 3c 00 0a 94 00
INFO - 31 7b 23 3c 00 0a 8d 00
INFO - 31 7d 63 3c 00 0a 93 00
INFO - 31 7e a3 3c 00 0a 97 00
INFO - 31 80 e3 3c 00 0a 9e 00
INFO - 31 82 23 3c 00 0a 96 00
INFO - 31 84 63 3c 00 0a a8 00
INFO - 31 86 a3 3c 00 0a a0 00
INFO - 31 87 e3 3c 00 0a 86 00
INFO - 31 8a 23 3c 00 0a a7 00
INFO - 31 8c 63 3c 00 0a b4 00
INFO - 31 8e a3 3c 00 0a c1 00
INFO - 31 91 e3 3c 00 0a b1 00
INFO - 31 92 23 3c 00 0a 95 00
INFO - 31 97 63 3c 00 0b 1c 00
INFO - 31 99 a3 3c 00 0a b4 00
INFO - 31 9b e3 3c 00 0a 88 00
INFO - 31 9d 23 3c 00 0a c8 00
INFO - 31 9f 63 3c 00 0a 9c 00
INFO - 31 a1 a3 3c 00 0a 8c 00
INFO - 31 a2 e3 3c 00 0a 92 00
INFO - 31 a4 23 3c 00 0a 99 00
INFO - 31 a6 63 3c 00 0a 9f 00
INFO - 31 a8 a3 3c 00 0a a6 00
INFO - 31 aa e3 3c 00 0a 76 00
INFO - 31 ac 23 3c 00 0a 85 00
INFO - 31 ae 63 3c 00 0a 9f 00
INFO - 31 b0 a3 3c 00 0a ae 00
INFO - 31 b3 e3 3c 00 0a da 00
INFO - 31 b5 23 3c 00 0a 9c 00
INFO - 31 b7 63 3c 00 0a 9e 00
INFO - 31 b8 a3 3c 00 0a 7b 00
INFO - 31 ba e3 3c 00 0a 9b 00
INFO - 31 bc 23 3c 00 0a ac 00
INFO - 31 be 63 3c 00 0a a1 00
INFO - 31 c0 a3 3c 00 0a b6 00
INFO - 31 c2 e3 3c 00 0a ab 00
INFO - 31 c4 23 3c 00 0a a3 00
INFO - 31 c7 63 3c 00 0a b6 00
INFO - 31 c9 a3 3c 00 0a b4 00
INFO - 31 cb e3 3c 00 0a 9c 00
INFO - 31 ce 23 3c 00 0a cb 00
INFO - 31 cf 63 3c 00 0a 9a 00
INFO - 31 d1 a3 3c 00 0a 8f 00
INFO - 31 d3 e3 3c 00 0a b5 00
INFO - 31 d5 23 3c 00 0a 93 00
INFO - 31 d8 63 3c 00 0a c2 00
INFO - 31 da a3 3c 00 0a b7 00
INFO - 31 dc e3 3c 00 0a 9d 00
INFO - 31 de 23 3c 00 0a a4 00
INFO - 31 e0 63 3c 00 0a 97 00
INFO - 31 e1 a3 3c 00 0a 96 00
INFO - 31 e3 e3 3c 00 0a 9e 00
INFO - 31 e5 23 3c 00 0a a3 00
INFO - 31 e8 63 3c 00 0a c2 00
INFO - 31 ea a3 3c 00 0a a3 00
INFO - 31 ec e3 3c 00 0a 9a 00
INFO - 31 ee 23 3c 00 0a 99 00
INFO - 31 ef 63 3c 00 0a 9c 00
INFO - 31 f2 a3 3c 00 0a b3 00
INFO - 31 f4 e3 3c 00 0a 9e 00
INFO - 31 f5 23 3c 00 0a 96 00
INFO - 31 f7 63 3c 00 0a ac 00
INFO - 31 f9 a3 3c 00 0a 9a 00
INFO - 31 fb e3 3c 00 0a 99 00
INFO - 31 fd 23 3c 00 0a a2 00
INFO - 31 ff 63 3c 00 0a 9a 00
INFO - 32 01 a3 3c 00 0a b9 00
INFO - 32 03 e3 3c 00 0a a9 00
INFO - 32 05 23 3c 00 0a 9d 00
INFO - 32 07 63 3c 00 0a 96 00
INFO - 32 09 a3 3c 00 0a a2 00
INFO - 32 0a e3 3c 00 0a 86 00
INFO - 32 0d 23 3c 00 0a b7 00
INFO - 32 0e 63 3c 00 0a 7c 00
INFO - 32 10 a3 3c 00 0a b1 00
INFO - 32 12 e3 3c 00 0a 96 00
INFO - 32 15 23 3c 00 0a cb 00
INFO - 32 17 63 3c 00 0a 9e 00
INFO - 32 18 a3 3c 00 0a 9a 00
INFO - 32 1a e3 3c 00 0a a4 00
INFO - 32 1d 23 3c 00 0a c8 00
INFO - 32 1f 63 3c 00 0a 94 00
INFO - 32 20 a3 3c 00 0a 8c 00
INFO - 32 23 e3 3c 00 0a bb 00
INFO - 32 26 23 3c 00 0a cc 00
INFO - 32 27 63 3c 00 0a 96 00
INFO - 32 2a a3 3c 00 0a bd 00
INFO - 32 2c e3 3c 00 0a 9a 00
INFO - 32 2d 23 3c 00 0a 90 00
INFO - 32 2f 63 3c 00 0a a1 00
INFO - 32 32 a3 3c 00 0a d0 00
INFO - 32 34 e3 3c 00 0a 86 00
INFO - 32 36 23 3c 00 0a af 00
INFO - 32 38 63 3c 00 0a ae 00
INFO - 32 3a a3 3c 00 0a af 00
INFO - 32 3c e3 3c 00 0a 90 00
INFO - 32 3e 23 3c 00 0a 9b 00
INFO - 32 40 63 3c 00 0a cc 00
INFO - 32 42 a3 3c 00 0a a4 00
INFO - 32 44 e3 3c 00 0a 7d 00
INFO - 32 47 23 3c 00 0a e1 00
INFO - 32 49 63 3c 00 0a 9b 00
INFO - 32 4b a3 3c 00 0a 9a 00
INFO - 32 4d e3 3c 00 0a a4 00
INFO - 32 4e 23 3c 00 0a 9b 00
INFO - 32 51 63 3c 00 0a bc 00
INFO - 32 53 a3 3c 00 0a ab 00
INFO - 32 55 e3 3c 00 0a 9b 00
INFO - 32 57 23 3c 00 0a 9b 00
INFO - 32 58 63 3c 00 0a 7d 00
INFO - 32 5b a3 3c 00 0a d7 00
INFO - 32 5d e3 3c 00 0a a5 00
INFO - 32 60 23 3c 00 0a d8 00
INFO - 32 62 63 3c 00 0a 86 00
INFO - 32 63 a3 3c 00 0a 9f 00
INFO - 32 65 e3 3c 00 0a 97 00
INFO - 32 67 23 3c 00 0a 95 00
INFO - 32 68 63 3c 00 0a 83 00
INFO - 32 6b a3 3c 00 0a d2 00
INFO - 32 6e e3 3c 00 0a c3 00
INFO - 32 70 23 3c 00 0a ac 00
INFO - 32 72 63 3c 00 0a 9f 00
INFO - 32 74 a3 3c 00 0a ba 00
INFO - 32 77 e3 3c 00 0a c4 00
INFO - 32 79 23 3c 00 0a 97 00
INFO - 32 7b 63 3c 00 0a b3 00
INFO - 32 7d a3 3c 00 0a 9c 00
INFO - 32 7e e3 3c 00 0a 8d 00
INFO - 32 80 23 3c 00 0a 7d 00
INFO - 32 82 63 3c 00 0a b4 00
INFO - 32 84 a3 3c 00 0a 9b 00
INFO - 32 86 e3 3c 00 0a bd 00
INFO - 32 88 23 3c 00 0a 91 00
INFO - 32 8a 63 3c 00 0a ac 00
INFO - 32 8c a3 3c 00 0a 91 00
INFO - 32 8e e3 3c 00 0a 9b 00
INFO - 32 8f 23 3c 00 0a 91 00
INFO - 32 91 63 3c 00 0a 9b 00
INFO - 32 93 a3 3c 00 0a a5 00
INFO - 32 95 e3 3c 00 0a a6 00
INFO - 32 97 23 3c 00 0a a9 00
INFO - 32 99 63 3c 00 0a a2 00
INFO - 32 9b a3 3c 00 0a 9c 00
INFO - 32 9c e3 3c 00 0a 8b 00
INFO - 32 a2 23 3c 00 0b 52 00
INFO - 32 a4 63 3c 00 0a a2 00
INFO - 32 a6 a3 3c 00 0a 91 00
INFO - 32 a8 e3 3c 00 0a a9 00
INFO - 32 a9 23 3c 00 0a 87 00
INFO - 32 ab 63 3c 00 0a a2 00
INFO - 32 ad a3 3c 00 0a 8b 00
INFO - 32 ae e3 3c 00 0a 98 00
INFO - 32 b0 23 3c 00 0a 91 00
INFO - 32 b2 63 3c 00 0a 9f 00
INFO - 32 b4 a3 3c 00 0a 98 00
INFO - 32 b6 e3 3c 00 0a 9f 00
INFO - 32 b8 23 3c 00 0a a6 00
INFO - 32 b9 63 3c 00 0a 98 00
INFO - 32 bb a3 3c 00 0a a9 00
INFO - 32 be e3 3c 00 0a b0 00
INFO - 32 c1 23 3c 00 0a f6 00
INFO - 32 c3 63 3c 00 0a a6 00
INFO - 32 c5 a3 3c 00 0a 87 00
INFO - 32 c7 e3 3c 00 0a 9b 00
INFO - 32 c9 23 3c 00 0a 9b 00
INFO - 32 cb 63 3c 00 0a af 00
INFO - 32 cd a3 3c 00 0a a5 00
INFO - 32 cf e3 3c 00 0a a6 00
INFO - 32 d1 23 3c 00 0a 98 00
INFO - 32 d2 63 3c 00 0a 94 00
INFO - 32 d4 a3 3c 00 0a 9b 00
INFO - 32 d6 e3 3c 00 0a a5 00
INFO - 32 d8 23 3c 00 0a 9b 00
INFO - 32 da 63 3c 00 0a 91 00
INFO - 32 dc a3 3c 00 0a a5 00
INFO - 32 dd e3 3c 00 0a 91 00
INFO - 32 df 23 3c 00 0a a5 00
INFO - 32 e1 63 3c 00 0a 8a 00
INFO - 32 e3 a3 3c 00 0a a2 00
INFO - 32 e6 e3 3c 00 0a ce 00
INFO - 32 e8 23 3c 00 0a a8 00
INFO - 32 ea 63 3c 00 0a 7b 00
INFO - 32 ed a3 3c 00 0a d0 00
INFO - 32 f0 e3 3c 00 0a d4 00
INFO - 32 f4 23 3c 00 0a f6 00
INFO - 32 f5 63 3c 00 0a 94 00
INFO - 32 f7 a3 3c 00 0a 8e 00
INFO - 32 f9 e3 3c 00 0a a5 00
INFO - 32 fb 23 3c 00 0a a8 00
INFO - 32 fe 63 3c 00 0a d4 00
INFO - 33 00 a3 3c 00 0a a7 00
INFO - 33 02 e3 3c 00 0a 9b 00
INFO - 33 04 23 3c 00 0a ab 00
INFO - 33 06 63 3c 00 0a 9b 00
INFO - 33 08 a3 3c 00 0a a8 00
INFO - 33 0a e3 3c 00 0a a5 00
INFO - 33 0c 23 3c 00 0a af 00
INFO - 33 0e 63 3c 00 0a a5 00
INFO - 33 11 a3 3c 00 0a b5 00
INFO - 33 13 e3 3c 00 0a a8 00
INFO - 33 14 23 3c 00 0a 91 00
INFO - 33 16 63 3c 00 0a a5 00
INFO - 33 18 a3 3c 00 0a 9d 00
INFO - 33 1a e3 3c 00 0a 98 00
INFO - 33 1c 23 3c 00 0a ae 00
INFO - 33 1e 63 3c 00 0a 9b 00
INFO - 33 20 a3 3c 00 0a a4 00
INFO - 33 22 e3 3c 00 0a 9b 00
INFO - 33 23 23 3c 00 0a 90 00
INFO - 33 26 63 3c 00 0a c2 00
INFO - 33 28 a3 3c 00 0a 90 00
INFO - 33 2a e3 3c 00 0a cd 00
INFO - 33 2c 23 3c 00 0a 7c 00
INFO - 33 2d 63 3c 00 0a 9a 00
INFO - 33 30 a3 3c 00 0a ae 00
INFO - 33 31 e3 3c 00 0a 90 00
INFO - 33 33 23 3c 00 0a a5 00
INFO - 33 35 63 3c 00 0a 9a 00
INFO - 33 37 a3 3c 00 0a 9a 00
INFO - 33 39 e3 3c 00 0a a3 00
INFO - 33 3e 23 3c 00 0a b3 00
INFO - 33 41 63 3c 00 0a b2 00
INFO - 33 42 a3 3c 00 0a 79 00
INFO - 33 45 e3 3c 00 0a cd 00
INFO - 33 46 23 3c 00 0a 94 00
INFO - 33 48 63 3c 00 0a 9a 00
INFO - 33 4a a3 3c 00 0a ab 00
INFO - 33 4d e3 3c 00 0a bb 00
INFO - 33 4f 23 3c 00 0a a1 00
INFO - 33 51 63 3c 00 0a c5 00
INFO - 33 53 a3 3c 00 0a a4 00
INFO - 33 55 e3 3c 00 0a 8d 00
INFO - 33 57 23 3c 00 0a a8 00
INFO - 33 59 63 3c 00 0a b8 00
INFO - 33 5b a3 3c 00 0a 9a 00
INFO - 33 5d e3 3c 00 0a a1 00
INFO - 33 60 23 3c 00 0a bc 00
INFO - 33 62 63 3c 00 0a b8 00
INFO - 33 65 a3 3c 00 0a cc 00
INFO - 33 67 e3 3c 00 0a 9a 00
INFO - 33 68 23 3c 00 0a 90 00
INFO - 33 6b 63 3c 00 0a ae 00
INFO - 33 6c a3 3c 00 0a 86 00
INFO - 33 6e e3 3c 00 0a a4 00
INFO - 33 70 23 3c 00 0a a4 00
INFO - 33 72 63 3c 00 0a a4 00
INFO - 33 74 a3 3c 00 0a 9a 00
INFO - 33 76 e3 3c 00 0a c5 00
INFO - 33 78 23 3c 00 0a 8d 00
INFO - 33 7a 63 3c 00 0a b8 00
INFO - 33 7d a3 3c 00 0a 7e 00
INFO - 33 7f e3 3c 00 0a ab 00
INFO - 33 81 23 3c 00 0a 91 00
INFO - 33 83 63 3c 00 0a 9b 00
INFO - 33 84 a3 3c 00 0a 94 00
INFO - 33 87 e3 3c 00 0a b6 00
INFO - 33 89 23 3c 00 0a d0 00
INFO - 33 8b 63 3c 00 0a 8e 00
INFO - 33 8d a3 3c 00 0a a9 00
INFO - 33 8e e3 3c 00 0a 84 00
INFO - 33 91 23 3c 00 0a c8 00
INFO - 33 93 63 3c 00 0a 98 00
INFO - 33 95 a3 3c 00 0a 9f 00
INFO - 33 97 e3 3c 00 0a a3 00
INFO - 33 99 23 3c 00 0a 95 00
INFO - 33 9b 63 3c 00 0a b1 00
INFO - 33 9d a3 3c 00 0a 99 00
INFO - 33 9e e3 3c 00 0a 8b 00
INFO - 33 a0 23 3c 00 0a 88 00
INFO - 33 a2 63 3c 00 0a ae 00
INFO - 33 a3 a3 3c 00 0a 93 00
INFO - 33 a6 e3 3c 00 0a bf 00
INFO - 33 a8 23 3c 00 0a b2 00
INFO - 33 ab 63 3c 00 0a bc 00
INFO - 33 ad a3 3c 00 0a af 00
INFO - 33 b2 e3 3c 00 0b 1d 00
INFO - 33 b4 23 3c 00 0a d2 00
INFO - 33 b7 63 3c 00 0a a9 00
INFO - 33 b9 a3 3c 00 0a c8 00
INFO - 33 bc e3 3c 00 0a d2 00
INFO - 33 be 23 3c 00 0a 89 00
INFO - 33 bf 63 3c 00 0a 94 00
INFO - 33 c2 a3 3c 00 0a b3 00
INFO - 33 c4 e3 3c 00 0a c9 00
INFO - 33 c6 23 3c 00 0a 9e 00
INFO - 33 c8 63 3c 00 0a 98 00
INFO - 33 ca a3 3c 00 0a 91 00
INFO - 33 cc e3 3c 00 0a aa 00
INFO - 33 cd 23 3c 00 0a 8a 00
INFO - 33 cf 63 3c 00 0a 98 00
INFO - 33 d1 a3 3c 00 0a 92 00
INFO - 33 d3 e3 3c 00 0a a0 00
INFO - 33 d5 23 3c 00 0a c3 00
INFO - 33 d7 63 3c 00 0a 7c 00
INFO - 33 d8 a3 3c 00 0a 95 00
INFO - 33 da e3 3c 00 0a a4 00
INFO - 33 dd 23 3c 00 0a d2 00
INFO - 33 df 63 3c 00 0a ab 00
INFO - 33 e2 a3 3c 00 0a af 00
INFO - 33 e4 e3 3c 00 0a 9d 00
INFO - 33 e5 23 3c 00 0a 9a 00
INFO - 33 e8 63 3c 00 0a b3 00
INFO - 33 ea a3 3c 00 0a af 00
INFO - 33 ec e3 3c 00 0a a8 00
INFO - 33 ee 23 3c 00 0a ba 00
INFO - 33 f1 63 3c 00 0a ad 00
INFO - 33 f4 a3 3c 00 0a e2 00
INFO - 33 f6 e3 3c 00 0a 96 00
INFO - 33 f9 23 3c 00 0a d4 00
INFO - 33 fb 63 3c 00 0a a5 00
INFO - 33 fd a3 3c 00 0a b7 00
INFO - 33 ff e3 3c 00 0a b7 00
INFO - 34 01 23 3c 00 0a 97 00
INFO - 34 02 63 3c 00 0a 81 00
INFO - 34 06 a3 3c 00 0a d8 00
INFO - 34 07 e3 3c 00 0a 97 00
INFO - 34 0a 23 3c 00 0a b8 00
INFO - 34 0d 63 3c 00 0a cc 00
INFO - 34 0f a3 3c 00 0a cd 00
INFO - 34 11 e3 3c 00 0a 9a 00
INFO - 34 14 23 3c 00 0a bf 00
INFO - 34 16 63 3c 00 0a a2 00
INFO - 34 18 a3 3c 00 0a a2 00
INFO - 34 1a e3 3c 00 0a b1 00
INFO - 34 1c 23 3c 00 0a b4 00
INFO - 34 1e 63 3c 00 0a 91 00
INFO - 34 20 a3 3c 00 0a bf 00
INFO - 34 23 e3 3c 00 0a b2 00
INFO - 34 26 23 3c 00 0a d3 00
INFO - 34 29 63 3c 00 0a d6 00
INFO - 34 2b a3 3c 00 0a a0 00
INFO - 34 2d e3 3c 00 0a b2 00
INFO - 34 30 23 3c 00 0a c5 00
INFO - 34 32 63 3c 00 0a ae 00
INFO - 34 34 a3 3c 00 0a 96 00
INFO - 34 36 e3 3c 00 0a bc 00
INFO - 34 39 23 3c 00 0a c3 00
INFO - 34 3b 63 3c 00 0a a8 00
INFO - 34 3d a3 3c 00 0a bb 00
INFO - 34 3f e3 3c 00 0a 8e 00
INFO - 34 41 23 3c 00 0a 9a 00
INFO - 34 44 63 3c 00 0a dc 00
INFO - 34 45 a3 3c 00 0a 8e 00
INFO - 34 47 e3 3c 00 0a 9a 00
INFO - 34 49 23 3c 00 0a 8e 00
INFO - 34 4b 63 3c 00 0a c6 00
INFO - 34 4e a3 3c 00 0a af 00
INFO - 34 51 e3 3c 00 0a f3 00
INFO - 34 54 23 3c 00 0a ba 00
INFO - 34 55 63 3c 00 0a 8e 00
INFO - 34 58 a3 3c 00 0a b0 00
INFO - 34 59 e3 3c 00 0a 99 00
INFO - 34 5b 23 3c 00 0a 9a 00
INFO - 34 5d 63 3c 00 0a a4 00
INFO - 34 5f a3 3c 00 0a a9 00
INFO - 34 62 e3 3c 00 0a c1 00
INFO - 34 64 23 3c 00 0a a4 00
INFO - 34 67 63 3c 00 0a d5 00
INFO - 34 69 a3 3c 00 0a b6 00
INFO - 34 6b e3 3c 00 0a a9 00
INFO - 34 6e 23 3c 00 0a b0 00
INFO - 34 70 63 3c 00 0a a0 00
INFO - 34 71 a3 3c 00 0a 8e 00
INFO - 34 73 e3 3c 00 0a 9e 00
INFO - 34 75 23 3c 00 0a 8e 00
INFO - 34 76 63 3c 00 0a 96 00
INFO - 34 79 a3 3c 00 0a b2 00
INFO - 34 7a e3 3c 00 0a a1 00
INFO - 34 7e 23 3c 00 0a dc 00
INFO - 34 7f 63 3c 00 0a 8e 00
INFO - 34 82 a3 3c 00 0a be 00
INFO - 34 83 e3 3c 00 0a 83 00
INFO - 34 87 23 3c 00 0a f2 00
INFO - 34 89 63 3c 00 0a a5 00
INFO - 34 8b a3 3c 00 0a b0 00
INFO - 34 8d e3 3c 00 0a 95 00
INFO - 34 91 23 3c 00 0b 02 00
INFO - 34 94 63 3c 00 0a de 00
INFO - 34 96 a3 3c 00 0a c6 00
INFO - 34 9a e3 3c 00 0b 00 00
INFO - 34 9c 23 3c 00 0a 9a 00
INFO - 34 9e 63 3c 00 0a 9a 00
INFO - 34 a0 a3 3c 00 0a a5 00
INFO - 34 a2 e3 3c 00 0a 9d 00
INFO - 34 a4 23 3c 00 0a a2 00
INFO - 34 a7 63 3c 00 0a e9 00
INFO - 34 aa a3 3c 00 0a bd 00
INFO - 34 ac e3 3c 00 0a b5 00
INFO - 34 ae 23 3c 00 0a 8b 00
INFO - 34 b0 63 3c 00 0a bd 00
INFO - 34 b2 a3 3c 00 0a 9f 00
INFO - 34 b4 e3 3c 00 0a a2 00
INFO - 34 b6 23 3c 00 0a 9b 00
INFO - 34 b8 63 3c 00 0a aa 00
INFO - 34 b9 a3 3c 00 0a 8b 00
INFO - 34 bc e3 3c 00 0a ab 00
INFO - 34 be 23 3c 00 0a a7 00
INFO - 34 c0 63 3c 00 0a ae 00
INFO - 34 c2 a3 3c 00 0a 7b 00
INFO - 34 c4 e3 3c 00 0a 97 00
INFO - 34 c7 23 3c 00 0a c2 00
INFO - 34 c9 63 3c 00 0a c9 00
INFO - 34 cb a3 3c 00 0a 97 00
INFO - 34 cd e3 3c 00 0a ac 00
INFO - 34 cf 23 3c 00 0a 9c 00
INFO - 34 d2 63 3c 00 0a be 00
INFO - 34 d4 a3 3c 00 0a ae 00
INFO - 34 d8 e3 3c 00 0a fc 00
INFO - 34 dd 23 3c 00 0b 48 00
INFO - 34 df 63 3c 00 0a a7 00
