INFO - 40 00 23 00 f9 41 00 23
INFO - 41 38 63 00 f9 41 00 23
INFO - 43 2b a3 00 f9 41 00 23
INFO - 45 20 e3 00 f9 41 00 23
INFO - 46 c2 23 00 f9 41 00 23
INFO - 47 3c 63 00 f9 41 00 23
INFO - 48 4b a3 00 f9 41 00 23
INFO - 49 3d e3 00 f9 51 00 20
INFO - 49 8d 23 00 f9 41 00 24
INFO - 4a 11 63 00 f9 51 00 20
INFO - 4a 22 a3 00 f9 51 00 20
INFO - 4a 30 e3 00 f9 41 00 23
INFO - 4a 46 23 00 f9 41 00 23
INFO - 4a e1 63 00 f9 41 00 23
INFO - 4c 91 a3 00 f9 41 00 23
INFO - 4c c2 e3 00 f9 51 00 20
INFO - 4c e1 23 00 f9 51 00 20
INFO - 4c fa 63 00 f9 41 00 24
INFO - 4d 2a a3 00 f9 41 00 24
INFO - 4e c9 e3 00 f9 41 00 24
INFO - 50 c2 23 00 f9 41 00 24
INFO - 51 44 63 00 f9 41 00 24
INFO - 51 de a3 00 f9 51 00 20
INFO - 51 f0 e3 00 f9 51 00 20
INFO - 52 00 23 00 f9 41 00 23
INFO - 52 82 63 00 f9 41 00 23
INFO - 53 19 a3 00 f9 51 00 20
INFO - 53 70 e3 00 f9 41 00 24
INFO - 54 25 23 00 f9 51 00 20
INFO - 54 35 63 00 f9 51 00 20
INFO - 54 43 a3 00 f9 41 00 23
INFO - 54 bc e3 00 f9 41 00 23
INFO - 55 2c 23 00 f9 41 00 23
INFO - 57 15 63 00 f9 41 00 23
INFO - 57 77 a3 00 f9 41 00 23
INFO - 57 da e3 00 f9 51 00 20
INFO - 57 eb 23 00 f9 51 00 20
INFO - 57 fd 63 00 f9 41 00 24
INFO - 58 60 a3 00 f9 51 00 20
INFO - 58 aa e3 00 f9 41 00 23
INFO - 59 13 23 00 f9 41 00 23
INFO - 5b 08 63 00 f9 41 00 23
